C:\gh\azure-sdk-for-net\sdk\core\Azure.Core\src\Shared\DiagnosticScope.cs(157,50): error CS0246: The type or namespace name 'Activity' could not be found (are you missing a using directive or an assembly reference?)
C:\gh\azure-sdk-for-net\sdk\eventgrid\Microsoft.Azure.Messaging.EventGrid.CloudNativeCloudEvents\tests\CloudEventTests.cs(110,60): error CS0246: The type or namespace name 'Request' could not be found (are you missing a using directive or an assembly reference?)
C:\gh\azure-sdk-for-net\sdk\eventgrid\Microsoft.Azure.Messaging.EventGrid.CloudNativeCloudEvents\tests\CloudNativeLiveTests.cs(21,10): error CS0246: The type or namespace name 'TestAttribute' could not be found (are you missing a using directive or an assembly reference?)
C:\gh\azure-sdk-for-net\sdk\eventgrid\Microsoft.Azure.Messaging.EventGrid.CloudNativeCloudEvents\tests\CloudNativeLiveTests.cs(21,10): error CS0246: The type or namespace name 'Test' could not be found (are you missing a using directive or an assembly reference?)
C:\gh\azure-sdk-for-net\sdk\core\Azure.Core\src\Shared\DiagnosticScope.cs(148,45): error CS0246: The type or namespace name 'Activity' could not be found (are you missing a using directive or an assembly reference?)
C:\gh\azure-sdk-for-net\sdk\eventgrid\Microsoft.Azure.Messaging.EventGrid.CloudNativeCloudEvents\tests\CloudEventTests.cs(27,33): error CS0246: The type or namespace name 'JsonEventFormatter' could not be found (are you missing a using directive or an assembly reference?)
C:\gh\azure-sdk-for-net\sdk\core\Azure.Core\src\Shared\DiagnosticScope.cs(139,46): error CS0246: The type or namespace name 'Activity' could not be found (are you missing a using directive or an assembly reference?)
C:\gh\azure-sdk-for-net\sdk\eventgrid\Microsoft.Azure.Messaging.EventGrid.CloudNativeCloudEvents\tests\CloudEventTests.cs(29,10): error CS0246: The type or namespace name 'TestAttribute' could not be found (are you missing a using directive or an assembly reference?)
C:\gh\azure-sdk-for-net\sdk\eventgrid\Microsoft.Azure.Messaging.EventGrid.CloudNativeCloudEvents\tests\CloudEventTests.cs(29,10): error CS0246: The type or namespace name 'Test' could not be found (are you missing a using directive or an assembly reference?)
C:\gh\azure-sdk-for-net\sdk\eventgrid\Microsoft.Azure.Messaging.EventGrid.CloudNativeCloudEvents\tests\CloudEventTests.cs(30,10): error CS0246: The type or namespace name 'TestCaseAttribute' could not be found (are you missing a using directive or an assembly reference?)
C:\gh\azure-sdk-for-net\sdk\eventgrid\Microsoft.Azure.Messaging.EventGrid.CloudNativeCloudEvents\tests\CloudEventTests.cs(30,10): error CS0246: The type or namespace name 'TestCase' could not be found (are you missing a using directive or an assembly reference?)
C:\gh\azure-sdk-for-net\sdk\eventgrid\Microsoft.Azure.Messaging.EventGrid.CloudNativeCloudEvents\tests\CloudEventTests.cs(31,10): error CS0246: The type or namespace name 'TestCaseAttribute' could not be found (are you missing a using directive or an assembly reference?)
C:\gh\azure-sdk-for-net\sdk\eventgrid\Microsoft.Azure.Messaging.EventGrid.CloudNativeCloudEvents\tests\CloudEventTests.cs(31,10): error CS0246: The type or namespace name 'TestCase' could not be found (are you missing a using directive or an assembly reference?)
C:\gh\azure-sdk-for-net\sdk\eventgrid\Microsoft.Azure.Messaging.EventGrid.CloudNativeCloudEvents\tests\CloudEventTests.cs(32,10): error CS0246: The type or namespace name 'TestCaseAttribute' could not be found (are you missing a using directive or an assembly reference?)
C:\gh\azure-sdk-for-net\sdk\eventgrid\Microsoft.Azure.Messaging.EventGrid.CloudNativeCloudEvents\tests\CloudEventTests.cs(32,10): error CS0246: The type or namespace name 'TestCase' could not be found (are you missing a using directive or an assembly reference?)
C:\gh\azure-sdk-for-net\sdk\eventgrid\Microsoft.Azure.Messaging.EventGrid.CloudNativeCloudEvents\tests\CloudEventTests.cs(33,10): error CS0246: The type or namespace name 'TestCaseAttribute' could not be found (are you missing a using directive or an assembly reference?)
C:\gh\azure-sdk-for-net\sdk\eventgrid\Microsoft.Azure.Messaging.EventGrid.CloudNativeCloudEvents\tests\CloudEventTests.cs(33,10): error CS0246: The type or namespace name 'TestCase' could not be found (are you missing a using directive or an assembly reference?)
C:\gh\azure-sdk-for-net\sdk\core\Azure.Core\src\Shared\DiagnosticScope.cs(109,44): error CS0246: The type or namespace name 'Activity' could not be found (are you missing a using directive or an assembly reference?)
C:\gh\azure-sdk-for-net\sdk\core\Azure.Core\src\Shared\DiagnosticScope.cs(121,33): error CS0246: The type or namespace name 'Activity' could not be found (are you missing a using directive or an assembly reference?)
C:\gh\azure-sdk-for-net\sdk\core\Azure.Core\src\Shared\DiagnosticScope.cs(111,26): error CS0246: The type or namespace name 'Activity' could not be found (are you missing a using directive or an assembly reference?)
C:\gh\azure-sdk-for-net\sdk\core\Azure.Core\src\Shared\DiagnosticScope.cs(19,26): error CS0246: The type or namespace name 'DiagnosticListener' could not be found (are you missing a using directive or an assembly reference?)
C:\gh\azure-sdk-for-net\sdk\core\Azure.Core\src\Shared\DiagnosticScope.cs(21,47): error CS0246: The type or namespace name 'DiagnosticListener' could not be found (are you missing a using directive or an assembly reference?)
C:\gh\azure-sdk-for-net\sdk\eventgrid\Microsoft.Azure.Messaging.EventGrid.CloudNativeCloudEvents\tests\CloudEventTests.cs(18,20): error CS0246: The type or namespace name 'CloudNative' could not be found (are you missing a using directive or an assembly reference?)
C:\gh\azure-sdk-for-net\sdk\eventgrid\Microsoft.Azure.Messaging.EventGrid.CloudNativeCloudEvents\tests\CloudEventTests.cs(8,19): error CS0234: The type or namespace name 'Json' does not exist in the namespace 'System.Text' (are you missing an assembly reference?)
C:\gh\azure-sdk-for-net\sdk\eventgrid\Microsoft.Azure.Messaging.EventGrid.CloudNativeCloudEvents\tests\CloudEventTests.cs(16,7): error CS0246: The type or namespace name 'CloudNative' could not be found (are you missing a using directive or an assembly reference?)
C:\gh\azure-sdk-for-net\sdk\eventgrid\Microsoft.Azure.Messaging.EventGrid.CloudNativeCloudEvents\tests\CloudEventTests.cs(17,7): error CS0246: The type or namespace name 'NUnit' could not be found (are you missing a using directive or an assembly reference?)
C:\gh\azure-sdk-for-net\sdk\eventgrid\Microsoft.Azure.Messaging.EventGrid.CloudNativeCloudEvents\tests\CloudNativeLiveTests.cs(11,20): error CS0246: The type or namespace name 'CloudNative' could not be found (are you missing a using directive or an assembly reference?)
C:\gh\azure-sdk-for-net\sdk\eventgrid\Microsoft.Azure.Messaging.EventGrid.CloudNativeCloudEvents\tests\CloudNativeLiveTests.cs(7,7): error CS0246: The type or namespace name 'NUnit' could not be found (are you missing a using directive or an assembly reference?)
C:\gh\azure-sdk-for-net\sdk\core\Azure.Core\src\Shared\DiagnosticScope.cs(114,36): error CS0246: The type or namespace name 'Activity' could not be found (are you missing a using directive or an assembly reference?)
C:\gh\azure-sdk-for-net\sdk\eventgrid\Microsoft.Azure.Messaging.EventGrid.CloudNativeCloudEvents\tests\CloudEventTests.cs(27,75): error CS0246: The type or namespace name 'JsonEventFormatter' could not be found (are you missing a using directive or an assembly reference?)
C:\gh\azure-sdk-for-net\sdk\core\Azure.Core\src\Shared\DiagnosticScope.cs(26,13): error CS1929: 'DiagnosticScope.DiagnosticActivity' does not contain a definition for 'SetW3CFormat' and the best extension method overload 'ActivityExtensions.SetW3CFormat(Activity)' requires a receiver of type 'Activity'
C:\gh\azure-sdk-for-net\sdk\core\Azure.Core\src\Shared\DiagnosticScope.cs(135,74): error CS0246: The type or namespace name 'Activity' could not be found (are you missing a using directive or an assembly reference?)
C:\gh\azure-sdk-for-net\sdk\core\Azure.Core\src\Shared\DiagnosticScope.cs(136,74): error CS0246: The type or namespace name 'Activity' could not be found (are you missing a using directive or an assembly reference?)
C:\gh\azure-sdk-for-net\sdk\core\Azure.Core\src\Shared\DiagnosticScope.cs(137,82): error CS0246: The type or namespace name 'Activity' could not be found (are you missing a using directive or an assembly reference?)
C:\gh\azure-sdk-for-net\sdk\core\Azure.Core\src\Shared\DiagnosticScope.cs(33,23): error CS1061: 'DiagnosticScope.DiagnosticActivity' does not contain a definition for 'AddTag' and no accessible extension method 'AddTag' accepting a first argument of type 'DiagnosticScope.DiagnosticActivity' could be found (are you missing a using directive or an assembly reference?)
C:\gh\azure-sdk-for-net\sdk\eventgrid\Microsoft.Azure.Messaging.EventGrid.CloudNativeCloudEvents\tests\CloudNativeLiveTests.cs(24,13): error CS0246: The type or namespace name 'EventGridPublisherClientOptions' could not be found (are you missing a using directive or an assembly reference?)
C:\gh\azure-sdk-for-net\sdk\eventgrid\Microsoft.Azure.Messaging.EventGrid.CloudNativeCloudEvents\tests\CloudNativeLiveTests.cs(24,83): error CS0246: The type or namespace name 'EventGridPublisherClientOptions' could not be found (are you missing a using directive or an assembly reference?)
C:\gh\azure-sdk-for-net\sdk\eventgrid\Microsoft.Azure.Messaging.EventGrid.CloudNativeCloudEvents\tests\CloudNativeLiveTests.cs(25,13): error CS0246: The type or namespace name 'EventGridPublisherClient' could not be found (are you missing a using directive or an assembly reference?)
C:\gh\azure-sdk-for-net\sdk\eventgrid\Microsoft.Azure.Messaging.EventGrid.CloudNativeCloudEvents\tests\CloudNativeLiveTests.cs(26,21): error CS0246: The type or namespace name 'EventGridPublisherClient' could not be found (are you missing a using directive or an assembly reference?)
C:\gh\azure-sdk-for-net\sdk\eventgrid\Microsoft.Azure.Messaging.EventGrid.CloudNativeCloudEvents\tests\CloudNativeLiveTests.cs(28,25): error CS0246: The type or namespace name 'AzureKeyCredential' could not be found (are you missing a using directive or an assembly reference?)
C:\gh\azure-sdk-for-net\sdk\eventgrid\Microsoft.Azure.Messaging.EventGrid.CloudNativeCloudEvents\tests\CloudNativeLiveTests.cs(25,47): error CS0012: The type 'IInterceptor' is defined in an assembly that is not referenced. You must add a reference to assembly 'Castle.Core, Version=4.0.0.0, Culture=neutral, PublicKeyToken=407dd0808d44fbdc'.
C:\gh\azure-sdk-for-net\sdk\eventgrid\Microsoft.Azure.Messaging.EventGrid.CloudNativeCloudEvents\tests\CloudNativeLiveTests.cs(47,19): error CS0246: The type or namespace name 'Task<>' could not be found (are you missing a using directive or an assembly reference?)
C:\gh\azure-sdk-for-net\sdk\core\Azure.Core\src\Shared\DiagnosticScope.cs(56,42): error CS0246: The type or namespace name 'Activity' could not be found (are you missing a using directive or an assembly reference?)
C:\gh\azure-sdk-for-net\sdk\core\Azure.Core\src\Shared\DiagnosticScope.cs(80,66): error CS1061: 'DiagnosticScope.DiagnosticActivity' does not contain a definition for 'SetStartTime' and no accessible extension method 'SetStartTime' accepting a first argument of type 'DiagnosticScope.DiagnosticActivity' could be found (are you missing a using directive or an assembly reference?)
C:\gh\azure-sdk-for-net\sdk\core\Azure.Core\src\Shared\DiagnosticScope.cs(95,27): error CS1061: 'DiagnosticScope.DiagnosticActivity' does not contain a definition for 'Stop' and no accessible extension method 'Stop' accepting a first argument of type 'DiagnosticScope.DiagnosticActivity' could be found (are you missing a using directive or an assembly reference?)
C:\gh\azure-sdk-for-net\sdk\core\Azure.Core\src\Shared\DiagnosticScope.cs(106,38): error CS1061: 'DiagnosticScope.DiagnosticActivity' does not contain a definition for 'OperationName' and no accessible extension method 'OperationName' accepting a first argument of type 'DiagnosticScope.DiagnosticActivity' could be found (are you missing a using directive or an assembly reference?)
C:\gh\azure-sdk-for-net\sdk\core\Azure.Core\src\Shared\DiagnosticScope.cs(114,68): error CS0246: The type or namespace name 'Activity' could not be found (are you missing a using directive or an assembly reference?)
C:\gh\azure-sdk-for-net\sdk\core\Azure.Core\src\Shared\DiagnosticScope.cs(114,101): error CS0246: The type or namespace name 'Activity' could not be found (are you missing a using directive or an assembly reference?)
C:\gh\azure-sdk-for-net\sdk\core\Azure.Core\src\Shared\DiagnosticScope.cs(117,63): error CS1729: 'Activity' does not contain a constructor that takes 1 arguments
C:\gh\azure-sdk-for-net\sdk\core\Azure.Core\src\Shared\DiagnosticScope.cs(123,37): error CS0246: The type or namespace name 'Activity' could not be found (are you missing a using directive or an assembly reference?)
C:\gh\azure-sdk-for-net\sdk\eventgrid\Microsoft.Azure.Messaging.EventGrid.CloudNativeCloudEvents\tests\CloudEventTests.cs(36,37): error CS0012: The type 'Response' is defined in an assembly that is not referenced. You must add a reference to assembly 'Azure.Core, Version=1.4.1.0, Culture=neutral, PublicKeyToken=92742159e12e44c8'.
C:\gh\azure-sdk-for-net\sdk\eventgrid\Microsoft.Azure.Messaging.EventGrid.CloudNativeCloudEvents\tests\CloudEventTests.cs(37,31): error CS0246: The type or namespace name 'EventGridPublisherClientOptions' could not be found (are you missing a using directive or an assembly reference?)
C:\gh\azure-sdk-for-net\sdk\eventgrid\Microsoft.Azure.Messaging.EventGrid.CloudNativeCloudEvents\tests\CloudEventTests.cs(41,13): error CS0246: The type or namespace name 'EventGridPublisherClient' could not be found (are you missing a using directive or an assembly reference?)
C:\gh\azure-sdk-for-net\sdk\eventgrid\Microsoft.Azure.Messaging.EventGrid.CloudNativeCloudEvents\tests\CloudEventTests.cs(42,20): error CS0246: The type or namespace name 'EventGridPublisherClient' could not be found (are you missing a using directive or an assembly reference?)
C:\gh\azure-sdk-for-net\sdk\eventgrid\Microsoft.Azure.Messaging.EventGrid.CloudNativeCloudEvents\tests\CloudEventTests.cs(44,24): error CS0246: The type or namespace name 'AzureKeyCredential' could not be found (are you missing a using directive or an assembly reference?)
C:\gh\azure-sdk-for-net\sdk\eventgrid\Microsoft.Azure.Messaging.EventGrid.CloudNativeCloudEvents\tests\CloudEventTests.cs(46,32): error CS0246: The type or namespace name 'Activity' could not be found (are you missing a using directive or an assembly reference?)
C:\gh\azure-sdk-for-net\sdk\eventgrid\Microsoft.Azure.Messaging.EventGrid.CloudNativeCloudEvents\tests\CloudEventTests.cs(46,51): error CS0103: The name 'EventGridPublisherClient' does not exist in the current context
C:\gh\azure-sdk-for-net\sdk\eventgrid\Microsoft.Azure.Messaging.EventGrid.CloudNativeCloudEvents\tests\CloudEventTests.cs(46,86): error CS0103: The name 'EventGridPublisherClient' does not exist in the current context
C:\gh\azure-sdk-for-net\sdk\eventgrid\Microsoft.Azure.Messaging.EventGrid.CloudNativeCloudEvents\tests\CloudEventTests.cs(69,19): error CS0246: The type or namespace name 'Task<>' could not be found (are you missing a using directive or an assembly reference?)
C:\gh\azure-sdk-for-net\sdk\eventgrid\Microsoft.Azure.Messaging.EventGrid.CloudNativeCloudEvents\tests\CloudEventTests.cs(72,44): error CS0012: The type 'Request' is defined in an assembly that is not referenced. You must add a reference to assembly 'Azure.Core, Version=1.4.1.0, Culture=neutral, PublicKeyToken=92742159e12e44c8'.
C:\gh\azure-sdk-for-net\sdk\eventgrid\Microsoft.Azure.Messaging.EventGrid.CloudNativeCloudEvents\tests\CloudEventTests.cs(72,63): error CS1503: Argument 1: cannot convert from 'Azure.Core.TestFramework.MockRequest' to 'Request'
C:\gh\azure-sdk-for-net\sdk\eventgrid\Microsoft.Azure.Messaging.EventGrid.CloudNativeCloudEvents\tests\CloudEventTests.cs(81,21): error CS0122: 'Assert' is inaccessible due to its protection level
C:\gh\azure-sdk-for-net\sdk\eventgrid\Microsoft.Azure.Messaging.EventGrid.CloudNativeCloudEvents\tests\CloudEventTests.cs(85,21): error CS0122: 'Assert' is inaccessible due to its protection level
C:\gh\azure-sdk-for-net\sdk\eventgrid\Microsoft.Azure.Messaging.EventGrid.CloudNativeCloudEvents\tests\CloudEventTests.cs(91,21): error CS0122: 'Assert' is inaccessible due to its protection level
C:\gh\azure-sdk-for-net\sdk\eventgrid\Microsoft.Azure.Messaging.EventGrid.CloudNativeCloudEvents\tests\CloudEventTests.cs(97,21): error CS0122: 'Assert' is inaccessible due to its protection level
C:\gh\azure-sdk-for-net\sdk\eventgrid\Microsoft.Azure.Messaging.EventGrid.CloudNativeCloudEvents\tests\CloudEventTests.cs(103,21): error CS0122: 'Assert' is inaccessible due to its protection level
C:\gh\azure-sdk-for-net\sdk\eventgrid\Microsoft.Azure.Messaging.EventGrid.CloudNativeCloudEvents\tests\CloudEventTests.cs(116,13): error CS0246: The type or namespace name 'JsonDocument' could not be found (are you missing a using directive or an assembly reference?)
C:\gh\azure-sdk-for-net\sdk\eventgrid\Microsoft.Azure.Messaging.EventGrid.CloudNativeCloudEvents\tests\CloudEventTests.cs(116,44): error CS0103: The name 'JsonDocument' does not exist in the current context
C:\gh\azure-sdk-for-net\sdk\eventgrid\Microsoft.Azure.Messaging.EventGrid.CloudNativeCloudEvents\tests\CloudEventTests.cs(119,22): error CS0246: The type or namespace name 'JsonElement' could not be found (are you missing a using directive or an assembly reference?)
C:\gh\azure-sdk-for-net\sdk\eventgrid\Microsoft.Azure.Messaging.EventGrid.CloudNativeCloudEvents\tests\CloudEventTests.cs(121,29): error CS0103: The name 'JsonSerializer' does not exist in the current context
C:\gh\azure-sdk-for-net\sdk\eventgrid\Microsoft.Azure.Messaging.EventGrid.CloudNativeCloudEvents\tests\CloudEventTests.cs(121,82): error CS0246: The type or namespace name 'JsonElement' could not be found (are you missing a using directive or an assembly reference?)
C:\gh\azure-sdk-for-net\sdk\eventgrid\Microsoft.Azure.Messaging.EventGrid.CloudNativeCloudEvents\tests\CloudEventTests.cs(15,1): hidden CS8019: Unnecessary using directive.
C:\gh\azure-sdk-for-net\sdk\eventgrid\Microsoft.Azure.Messaging.EventGrid.CloudNativeCloudEvents\tests\CloudEventTests.cs(8,1): hidden CS8019: Unnecessary using directive.
C:\gh\azure-sdk-for-net\artifacts\obj\Microsoft.Azure.Messaging.EventGrid.CloudNativeCloudEvents.Tests\Debug\net461\.NETFramework,Version=v4.6.1.AssemblyAttributes.cs(2,1): hidden CS8019: Unnecessary using directive.
C:\gh\azure-sdk-for-net\artifacts\obj\Microsoft.Azure.Messaging.EventGrid.CloudNativeCloudEvents.Tests\Debug\net461\.NETFramework,Version=v4.6.1.AssemblyAttributes.cs(3,1): hidden CS8019: Unnecessary using directive.
C:\gh\azure-sdk-for-net\sdk\eventgrid\Microsoft.Azure.Messaging.EventGrid.CloudNativeCloudEvents\tests\CloudEventTests.cs(17,1): hidden CS8019: Unnecessary using directive.
C:\gh\azure-sdk-for-net\sdk\eventgrid\Microsoft.Azure.Messaging.EventGrid.CloudNativeCloudEvents\tests\CloudNativeLiveTests.cs(4,1): hidden CS8019: Unnecessary using directive.
C:\gh\azure-sdk-for-net\sdk\eventgrid\Microsoft.Azure.Messaging.EventGrid.CloudNativeCloudEvents\tests\CloudEventTests.cs(11,1): hidden CS8019: Unnecessary using directive.
C:\gh\azure-sdk-for-net\artifacts\obj\Microsoft.Azure.Messaging.EventGrid.CloudNativeCloudEvents.Tests\Debug\net461\Microsoft.Azure.Messaging.EventGrid.CloudNativeCloudEvents.Tests.AssemblyInfo.cs(11,1): hidden CS8019: Unnecessary using directive.
C:\gh\azure-sdk-for-net\sdk\eventgrid\Microsoft.Azure.Messaging.EventGrid.CloudNativeCloudEvents\tests\CloudEventTests.cs(6,1): hidden CS8019: Unnecessary using directive.
C:\gh\azure-sdk-for-net\sdk\eventgrid\Microsoft.Azure.Messaging.EventGrid.CloudNativeCloudEvents\tests\CloudNativeLiveTests.cs(7,1): hidden CS8019: Unnecessary using directive.
C:\gh\azure-sdk-for-net\sdk\eventgrid\Microsoft.Azure.Messaging.EventGrid.CloudNativeCloudEvents\tests\CloudNativeLiveTests.cs(5,1): hidden CS8019: Unnecessary using directive.
C:\gh\azure-sdk-for-net\sdk\eventgrid\Microsoft.Azure.Messaging.EventGrid.CloudNativeCloudEvents\tests\CloudEventTests.cs(12,1): hidden CS8019: Unnecessary using directive.
C:\gh\azure-sdk-for-net\sdk\core\Azure.Core\src\Shared\DiagnosticScope.cs(8,1): hidden CS8019: Unnecessary using directive.
C:\gh\azure-sdk-for-net\artifacts\obj\Microsoft.Azure.Messaging.EventGrid.CloudNativeCloudEvents.Tests\Debug\net461\Microsoft.Azure.Messaging.EventGrid.CloudNativeCloudEvents.Tests.AssemblyInfo.cs(12,1): hidden CS8019: Unnecessary using directive.
C:\gh\azure-sdk-for-net\sdk\eventgrid\Microsoft.Azure.Messaging.EventGrid.CloudNativeCloudEvents\tests\CloudEventTests.cs(16,1): hidden CS8019: Unnecessary using directive.
