C:\gh\azure-sdk-for-net\sdk\datadog\Microsoft.Azure.Management.Datadog\tests\Tests\DatadogTest.cs(91,67): error CS0518: Predefined type 'System.Object' is not defined or imported
C:\gh\azure-sdk-for-net\sdk\datadog\Microsoft.Azure.Management.Datadog\tests\Tests\DatadogTest.cs(91,67): error CS0246: The type or namespace name 'MockContext' could not be found (are you missing a using directive or an assembly reference?)
C:\gh\azure-sdk-for-net\sdk\datadog\Microsoft.Azure.Management.Datadog\tests\Tests\DatadogTest.cs(91,17): error CS0518: Predefined type 'System.Object' is not defined or imported
C:\gh\azure-sdk-for-net\sdk\datadog\Microsoft.Azure.Management.Datadog\tests\Tests\DatadogTest.cs(86,70): error CS0518: Predefined type 'System.Object' is not defined or imported
C:\gh\azure-sdk-for-net\sdk\datadog\Microsoft.Azure.Management.Datadog\tests\Tests\DatadogTest.cs(86,70): error CS0246: The type or namespace name 'MockContext' could not be found (are you missing a using directive or an assembly reference?)
C:\gh\azure-sdk-for-net\sdk\datadog\Microsoft.Azure.Management.Datadog\tests\Tests\DatadogTest.cs(86,17): error CS0518: Predefined type 'System.Object' is not defined or imported
C:\gh\azure-sdk-for-net\sdk\datadog\Microsoft.Azure.Management.Datadog\tests\Tests\DatadogTest.cs(86,17): error CS0246: The type or namespace name 'ResourceManagementClient' could not be found (are you missing a using directive or an assembly reference?)
C:\gh\azure-sdk-for-net\sdk\datadog\Microsoft.Azure.Management.Datadog\tests\Tests\DatadogTest.cs(84,35): error CS0518: Predefined type 'System.String' is not defined or imported
C:\gh\azure-sdk-for-net\sdk\datadog\Microsoft.Azure.Management.Datadog\tests\Tests\DatadogTest.cs(84,17): error CS0518: Predefined type 'System.String' is not defined or imported
C:\gh\azure-sdk-for-net\sdk\datadog\Microsoft.Azure.Management.Datadog\tests\Tests\DatadogTest.cs(78,61): error CS0518: Predefined type 'System.Object' is not defined or imported
C:\gh\azure-sdk-for-net\sdk\datadog\Microsoft.Azure.Management.Datadog\tests\Tests\DatadogTest.cs(78,61): error CS0246: The type or namespace name 'MockContext' could not be found (are you missing a using directive or an assembly reference?)
C:\gh\azure-sdk-for-net\sdk\datadog\Microsoft.Azure.Management.Datadog\tests\Tests\DatadogTest.cs(78,82): error CS0518: Predefined type 'System.String' is not defined or imported
C:\gh\azure-sdk-for-net\sdk\datadog\Microsoft.Azure.Management.Datadog\tests\Tests\DatadogTest.cs(78,17): error CS0518: Predefined type 'System.Object' is not defined or imported
C:\gh\azure-sdk-for-net\sdk\datadog\Microsoft.Azure.Management.Datadog\tests\Tests\DatadogTest.cs(78,17): error CS0246: The type or namespace name 'IPage<>' could not be found (are you missing a using directive or an assembly reference?)
C:\gh\azure-sdk-for-net\sdk\datadog\Microsoft.Azure.Management.Datadog\tests\Tests\DatadogTest.cs(78,23): error CS0518: Predefined type 'System.Object' is not defined or imported
C:\gh\azure-sdk-for-net\sdk\datadog\Microsoft.Azure.Management.Datadog\tests\Tests\DatadogTest.cs(72,39): error CS0518: Predefined type 'System.Object' is not defined or imported
C:\gh\azure-sdk-for-net\sdk\datadog\Microsoft.Azure.Management.Datadog\tests\Tests\DatadogTest.cs(72,39): error CS0246: The type or namespace name 'MockContext' could not be found (are you missing a using directive or an assembly reference?)
C:\gh\azure-sdk-for-net\sdk\datadog\Microsoft.Azure.Management.Datadog\tests\Tests\DatadogTest.cs(72,60): error CS0518: Predefined type 'System.String' is not defined or imported
C:\gh\azure-sdk-for-net\sdk\datadog\Microsoft.Azure.Management.Datadog\tests\Tests\DatadogTest.cs(72,17): error CS0518: Predefined type 'System.Void' is not defined or imported
C:\gh\azure-sdk-for-net\sdk\datadog\Microsoft.Azure.Management.Datadog\tests\Tests\DatadogTest.cs(66,37): error CS0518: Predefined type 'System.Object' is not defined or imported
C:\gh\azure-sdk-for-net\sdk\datadog\Microsoft.Azure.Management.Datadog\tests\Tests\DatadogTest.cs(66,37): error CS0246: The type or namespace name 'MockContext' could not be found (are you missing a using directive or an assembly reference?)
C:\gh\azure-sdk-for-net\sdk\datadog\Microsoft.Azure.Management.Datadog\tests\Tests\DatadogTest.cs(66,58): error CS0518: Predefined type 'System.String' is not defined or imported
C:\gh\azure-sdk-for-net\sdk\datadog\Microsoft.Azure.Management.Datadog\tests\Tests\DatadogTest.cs(66,73): error CS0518: Predefined type 'System.String' is not defined or imported
C:\gh\azure-sdk-for-net\sdk\datadog\Microsoft.Azure.Management.Datadog\tests\Tests\DatadogTest.cs(66,17): error CS0518: Predefined type 'System.Void' is not defined or imported
C:\gh\azure-sdk-for-net\sdk\datadog\Microsoft.Azure.Management.Datadog\tests\Tests\DatadogTest.cs(50,55): error CS0518: Predefined type 'System.Object' is not defined or imported
C:\gh\azure-sdk-for-net\sdk\datadog\Microsoft.Azure.Management.Datadog\tests\Tests\DatadogTest.cs(50,55): error CS0246: The type or namespace name 'MockContext' could not be found (are you missing a using directive or an assembly reference?)
C:\gh\azure-sdk-for-net\sdk\datadog\Microsoft.Azure.Management.Datadog\tests\Tests\DatadogTest.cs(50,76): error CS0518: Predefined type 'System.String' is not defined or imported
C:\gh\azure-sdk-for-net\sdk\datadog\Microsoft.Azure.Management.Datadog\tests\Tests\DatadogTest.cs(50,91): error CS0518: Predefined type 'System.String' is not defined or imported
C:\gh\azure-sdk-for-net\sdk\datadog\Microsoft.Azure.Management.Datadog\tests\Tests\DatadogTest.cs(50,17): error CS0518: Predefined type 'System.Object' is not defined or imported
C:\gh\azure-sdk-for-net\sdk\datadog\Microsoft.Azure.Management.Datadog\tests\Tests\DatadogTest.cs(44,42): error CS0518: Predefined type 'System.Object' is not defined or imported
C:\gh\azure-sdk-for-net\sdk\datadog\Microsoft.Azure.Management.Datadog\tests\Tests\DatadogTest.cs(44,42): error CS0246: The type or namespace name 'MockContext' could not be found (are you missing a using directive or an assembly reference?)
C:\gh\azure-sdk-for-net\sdk\datadog\Microsoft.Azure.Management.Datadog\tests\Tests\DatadogTest.cs(44,63): error CS0518: Predefined type 'System.String' is not defined or imported
C:\gh\azure-sdk-for-net\sdk\datadog\Microsoft.Azure.Management.Datadog\tests\Tests\DatadogTest.cs(44,17): error CS0518: Predefined type 'System.Void' is not defined or imported
C:\gh\azure-sdk-for-net\sdk\datadog\Microsoft.Azure.Management.Datadog\tests\Tests\DatadogTest.cs(33,51): error CS0518: Predefined type 'System.Object' is not defined or imported
C:\gh\azure-sdk-for-net\sdk\datadog\Microsoft.Azure.Management.Datadog\tests\Tests\DatadogTest.cs(33,51): error CS0246: The type or namespace name 'MockContext' could not be found (are you missing a using directive or an assembly reference?)
C:\gh\azure-sdk-for-net\sdk\datadog\Microsoft.Azure.Management.Datadog\tests\Tests\DatadogTest.cs(33,72): error CS0518: Predefined type 'System.String' is not defined or imported
C:\gh\azure-sdk-for-net\sdk\datadog\Microsoft.Azure.Management.Datadog\tests\Tests\DatadogTest.cs(33,17): error CS0518: Predefined type 'System.Object' is not defined or imported
C:\gh\azure-sdk-for-net\sdk\datadog\Microsoft.Azure.Management.Datadog\tests\Tests\DatadogTest.cs(33,17): error CS0246: The type or namespace name 'ResourceGroup' could not be found (are you missing a using directive or an assembly reference?)
C:\gh\azure-sdk-for-net\sdk\datadog\Microsoft.Azure.Management.Datadog\tests\Tests\DatadogTest.cs(15,16): error CS0518: Predefined type 'System.Void' is not defined or imported
C:\gh\azure-sdk-for-net\sdk\datadog\Microsoft.Azure.Management.Datadog\tests\Tests\DatadogTest.cs(12,18): error CS0518: Predefined type 'System.Object' is not defined or imported
C:\gh\azure-sdk-for-net\eng\mgmt\DisableTestRunParallel.cs(7,12): error CS0246: The type or namespace name 'CollectionBehaviorAttribute' could not be found (are you missing a using directive or an assembly reference?)
C:\gh\azure-sdk-for-net\eng\mgmt\DisableTestRunParallel.cs(7,12): error CS0246: The type or namespace name 'CollectionBehavior' could not be found (are you missing a using directive or an assembly reference?)
C:\gh\azure-sdk-for-net\artifacts\obj\Microsoft.Azure.Management.Datadog.Tests\Debug\netcoreapp2.0\.NETCoreApp,Version=v2.0.AssemblyAttributes.cs(4,20): error CS0400: The type or namespace name 'System' could not be found in the global namespace (are you missing an assembly reference?)
C:\gh\azure-sdk-for-net\artifacts\obj\Microsoft.Azure.Management.Datadog.Tests\Debug\netcoreapp2.0\Microsoft.Azure.Management.Datadog.Tests.AssemblyInfo.cs(14,12): error CS0246: The type or namespace name 'System' could not be found (are you missing a using directive or an assembly reference?)
C:\gh\azure-sdk-for-net\artifacts\obj\Microsoft.Azure.Management.Datadog.Tests\Debug\netcoreapp2.0\Microsoft.Azure.Management.Datadog.Tests.AssemblyInfo.cs(15,12): error CS0246: The type or namespace name 'System' could not be found (are you missing a using directive or an assembly reference?)
C:\gh\azure-sdk-for-net\artifacts\obj\Microsoft.Azure.Management.Datadog.Tests\Debug\netcoreapp2.0\Microsoft.Azure.Management.Datadog.Tests.AssemblyInfo.cs(16,12): error CS0246: The type or namespace name 'System' could not be found (are you missing a using directive or an assembly reference?)
C:\gh\azure-sdk-for-net\eng\mgmt\DisableTestRunParallel.cs(7,31): error CS0246: The type or namespace name 'DisableTestParallelization' could not be found (are you missing a using directive or an assembly reference?)
C:\gh\azure-sdk-for-net\eng\mgmt\DisableTestRunParallel.cs(7,60): error CS0518: Predefined type 'System.Boolean' is not defined or imported
C:\gh\azure-sdk-for-net\eng\mgmt\DisableTestRunParallel.cs(7,66): error CS0246: The type or namespace name 'MaxParallelThreads' could not be found (are you missing a using directive or an assembly reference?)
C:\gh\azure-sdk-for-net\eng\mgmt\DisableTestRunParallel.cs(7,87): error CS0518: Predefined type 'System.Int32' is not defined or imported
C:\gh\azure-sdk-for-net\artifacts\obj\Microsoft.Azure.Management.Datadog.Tests\Debug\netcoreapp2.0\.NETCoreApp,Version=v2.0.AssemblyAttributes.cs(4,71): error CS0518: Predefined type 'System.String' is not defined or imported
C:\gh\azure-sdk-for-net\artifacts\obj\Microsoft.Azure.Management.Datadog.Tests\Debug\netcoreapp2.0\.NETCoreApp,Version=v2.0.AssemblyAttributes.cs(4,99): error CS0246: The type or namespace name 'FrameworkDisplayName' could not be found (are you missing a using directive or an assembly reference?)
C:\gh\azure-sdk-for-net\artifacts\obj\Microsoft.Azure.Management.Datadog.Tests\Debug\netcoreapp2.0\.NETCoreApp,Version=v2.0.AssemblyAttributes.cs(4,122): error CS0518: Predefined type 'System.String' is not defined or imported
C:\gh\azure-sdk-for-net\artifacts\obj\Microsoft.Azure.Management.Datadog.Tests\Debug\netcoreapp2.0\Microsoft.Azure.Management.Datadog.Tests.AssemblyInfo.cs(14,56): error CS0518: Predefined type 'System.String' is not defined or imported
C:\gh\azure-sdk-for-net\artifacts\obj\Microsoft.Azure.Management.Datadog.Tests\Debug\netcoreapp2.0\Microsoft.Azure.Management.Datadog.Tests.AssemblyInfo.cs(14,70): error CS0518: Predefined type 'System.String' is not defined or imported
C:\gh\azure-sdk-for-net\artifacts\obj\Microsoft.Azure.Management.Datadog.Tests\Debug\netcoreapp2.0\Microsoft.Azure.Management.Datadog.Tests.AssemblyInfo.cs(15,68): error CS0518: Predefined type 'System.String' is not defined or imported
C:\gh\azure-sdk-for-net\artifacts\obj\Microsoft.Azure.Management.Datadog.Tests\Debug\netcoreapp2.0\Microsoft.Azure.Management.Datadog.Tests.AssemblyInfo.cs(16,56): error CS0518: Predefined type 'System.String' is not defined or imported
C:\gh\azure-sdk-for-net\artifacts\obj\Microsoft.Azure.Management.Datadog.Tests\Debug\netcoreapp2.0\Microsoft.Azure.Management.Datadog.Tests.AssemblyInfo.cs(16,73): error CS0518: Predefined type 'System.String' is not defined or imported
C:\gh\azure-sdk-for-net\sdk\datadog\Microsoft.Azure.Management.Datadog\tests\Tests\DatadogTest.cs(3,34): error CS0234: The type or namespace name 'Resources' does not exist in the namespace 'Microsoft.Azure.Management' (are you missing an assembly reference?)
C:\gh\azure-sdk-for-net\sdk\datadog\Microsoft.Azure.Management.Datadog\tests\Tests\DatadogTest.cs(4,34): error CS0234: The type or namespace name 'Resources' does not exist in the namespace 'Microsoft.Azure.Management' (are you missing an assembly reference?)
C:\gh\azure-sdk-for-net\sdk\datadog\Microsoft.Azure.Management.Datadog\tests\Tests\DatadogTest.cs(5,17): error CS0234: The type or namespace name 'Rest' does not exist in the namespace 'Microsoft' (are you missing an assembly reference?)
C:\gh\azure-sdk-for-net\sdk\datadog\Microsoft.Azure.Management.Datadog\tests\Tests\DatadogTest.cs(6,17): error CS0234: The type or namespace name 'Rest' does not exist in the namespace 'Microsoft' (are you missing an assembly reference?)
C:\gh\azure-sdk-for-net\sdk\datadog\Microsoft.Azure.Management.Datadog\tests\Tests\DatadogTest.cs(7,7): error CS0246: The type or namespace name 'System' could not be found (are you missing a using directive or an assembly reference?)
C:\gh\azure-sdk-for-net\sdk\datadog\Microsoft.Azure.Management.Datadog\tests\Tests\DatadogTest.cs(8,7): error CS0246: The type or namespace name 'Xunit' could not be found (are you missing a using directive or an assembly reference?)
C:\gh\azure-sdk-for-net\eng\mgmt\DisableTestRunParallel.cs(4,7): error CS0246: The type or namespace name 'System' could not be found (are you missing a using directive or an assembly reference?)
C:\gh\azure-sdk-for-net\eng\mgmt\DisableTestRunParallel.cs(5,7): error CS0246: The type or namespace name 'Xunit' could not be found (are you missing a using directive or an assembly reference?)
C:\gh\azure-sdk-for-net\artifacts\obj\Microsoft.Azure.Management.Datadog.Tests\Debug\netcoreapp2.0\.NETCoreApp,Version=v2.0.AssemblyAttributes.cs(2,7): error CS0246: The type or namespace name 'System' could not be found (are you missing a using directive or an assembly reference?)
C:\gh\azure-sdk-for-net\artifacts\obj\Microsoft.Azure.Management.Datadog.Tests\Debug\netcoreapp2.0\.NETCoreApp,Version=v2.0.AssemblyAttributes.cs(3,7): error CS0246: The type or namespace name 'System' could not be found (are you missing a using directive or an assembly reference?)
C:\gh\azure-sdk-for-net\artifacts\obj\Microsoft.Azure.Management.Datadog.Tests\Debug\netcoreapp2.0\Microsoft.Azure.Management.Datadog.Tests.AssemblyInfo.cs(11,7): error CS0246: The type or namespace name 'System' could not be found (are you missing a using directive or an assembly reference?)
C:\gh\azure-sdk-for-net\artifacts\obj\Microsoft.Azure.Management.Datadog.Tests\Debug\netcoreapp2.0\Microsoft.Azure.Management.Datadog.Tests.AssemblyInfo.cs(12,7): error CS0246: The type or namespace name 'System' could not be found (are you missing a using directive or an assembly reference?)
C:\gh\azure-sdk-for-net\sdk\datadog\Microsoft.Azure.Management.Datadog\tests\Tests\DatadogTest.cs(14,10): error CS0518: Predefined type 'System.Object' is not defined or imported
C:\gh\azure-sdk-for-net\sdk\datadog\Microsoft.Azure.Management.Datadog\tests\Tests\DatadogTest.cs(14,10): error CS0246: The type or namespace name 'FactAttribute' could not be found (are you missing a using directive or an assembly reference?)
C:\gh\azure-sdk-for-net\sdk\datadog\Microsoft.Azure.Management.Datadog\tests\Tests\DatadogTest.cs(14,10): error CS0246: The type or namespace name 'Fact' could not be found (are you missing a using directive or an assembly reference?)
C:\gh\azure-sdk-for-net\sdk\datadog\Microsoft.Azure.Management.Datadog\tests\Tests\DatadogTest.cs(17,13): error CS0518: Predefined type 'System.IDisposable' is not defined or imported
C:\gh\azure-sdk-for-net\sdk\datadog\Microsoft.Azure.Management.Datadog\tests\Tests\DatadogTest.cs(17,34): error CS0518: Predefined type 'System.Object' is not defined or imported
C:\gh\azure-sdk-for-net\sdk\datadog\Microsoft.Azure.Management.Datadog\tests\Tests\DatadogTest.cs(17,34): error CS0103: The name 'MockContext' does not exist in the current context
C:\gh\azure-sdk-for-net\sdk\datadog\Microsoft.Azure.Management.Datadog\tests\Tests\DatadogTest.cs(17,52): error CS0518: Predefined type 'System.Object' is not defined or imported
C:\gh\azure-sdk-for-net\sdk\datadog\Microsoft.Azure.Management.Datadog\tests\Tests\DatadogTest.cs(17,52): error CS0103: The name 'GetType' does not exist in the current context
C:\gh\azure-sdk-for-net\sdk\datadog\Microsoft.Azure.Management.Datadog\tests\Tests\DatadogTest.cs(19,17): error CS0518: Predefined type 'System.String' is not defined or imported
C:\gh\azure-sdk-for-net\sdk\datadog\Microsoft.Azure.Management.Datadog\tests\Tests\DatadogTest.cs(19,33): error CS0518: Predefined type 'System.Object' is not defined or imported
C:\gh\azure-sdk-for-net\sdk\datadog\Microsoft.Azure.Management.Datadog\tests\Tests\DatadogTest.cs(19,44): error CS0518: Predefined type 'System.String' is not defined or imported
C:\gh\azure-sdk-for-net\sdk\datadog\Microsoft.Azure.Management.Datadog\tests\Tests\DatadogTest.cs(20,17): error CS0518: Predefined type 'System.String' is not defined or imported
C:\gh\azure-sdk-for-net\sdk\datadog\Microsoft.Azure.Management.Datadog\tests\Tests\DatadogTest.cs(20,39): error CS0518: Predefined type 'System.Object' is not defined or imported
C:\gh\azure-sdk-for-net\sdk\datadog\Microsoft.Azure.Management.Datadog\tests\Tests\DatadogTest.cs(20,50): error CS0518: Predefined type 'System.String' is not defined or imported
C:\gh\azure-sdk-for-net\sdk\datadog\Microsoft.Azure.Management.Datadog\tests\Tests\DatadogTest.cs(22,17): error CS0518: Predefined type 'System.Object' is not defined or imported
C:\gh\azure-sdk-for-net\sdk\datadog\Microsoft.Azure.Management.Datadog\tests\Tests\DatadogTest.cs(23,17): error CS0518: Predefined type 'System.Object' is not defined or imported
C:\gh\azure-sdk-for-net\sdk\datadog\Microsoft.Azure.Management.Datadog\tests\Tests\DatadogTest.cs(23,45): error CS0518: Predefined type 'System.Object' is not defined or imported
C:\gh\azure-sdk-for-net\sdk\datadog\Microsoft.Azure.Management.Datadog\tests\Tests\DatadogTest.cs(24,17): error CS0518: Predefined type 'System.Object' is not defined or imported
C:\gh\azure-sdk-for-net\sdk\datadog\Microsoft.Azure.Management.Datadog\tests\Tests\DatadogTest.cs(24,17): error CS0103: The name 'Assert' does not exist in the current context
C:\gh\azure-sdk-for-net\sdk\datadog\Microsoft.Azure.Management.Datadog\tests\Tests\DatadogTest.cs(26,17): error CS0518: Predefined type 'System.Object' is not defined or imported
C:\gh\azure-sdk-for-net\sdk\datadog\Microsoft.Azure.Management.Datadog\tests\Tests\DatadogTest.cs(27,17): error CS0518: Predefined type 'System.Object' is not defined or imported
C:\gh\azure-sdk-for-net\sdk\datadog\Microsoft.Azure.Management.Datadog\tests\Tests\DatadogTest.cs(29,17): error CS0518: Predefined type 'System.Object' is not defined or imported
C:\gh\azure-sdk-for-net\sdk\datadog\Microsoft.Azure.Management.Datadog\tests\Tests\DatadogTest.cs(35,13): error CS0518: Predefined type 'System.Object' is not defined or imported
C:\gh\azure-sdk-for-net\sdk\datadog\Microsoft.Azure.Management.Datadog\tests\Tests\DatadogTest.cs(35,13): error CS0246: The type or namespace name 'ResourceManagementClient' could not be found (are you missing a using directive or an assembly reference?)
C:\gh\azure-sdk-for-net\sdk\datadog\Microsoft.Azure.Management.Datadog\tests\Tests\DatadogTest.cs(35,47): error CS0518: Predefined type 'System.Object' is not defined or imported
C:\gh\azure-sdk-for-net\sdk\datadog\Microsoft.Azure.Management.Datadog\tests\Tests\DatadogTest.cs(38,21): error CS0518: Predefined type 'System.Object' is not defined or imported
C:\gh\azure-sdk-for-net\sdk\datadog\Microsoft.Azure.Management.Datadog\tests\Tests\DatadogTest.cs(38,21): error CS0246: The type or namespace name 'ResourceGroup' could not be found (are you missing a using directive or an assembly reference?)
C:\gh\azure-sdk-for-net\sdk\datadog\Microsoft.Azure.Management.Datadog\tests\Tests\DatadogTest.cs(40,32): error CS0518: Predefined type 'System.String' is not defined or imported
C:\gh\azure-sdk-for-net\sdk\datadog\Microsoft.Azure.Management.Datadog\tests\Tests\DatadogTest.cs(46,13): error CS0518: Predefined type 'System.Object' is not defined or imported
C:\gh\azure-sdk-for-net\sdk\datadog\Microsoft.Azure.Management.Datadog\tests\Tests\DatadogTest.cs(46,13): error CS0246: The type or namespace name 'ResourceManagementClient' could not be found (are you missing a using directive or an assembly reference?)
C:\gh\azure-sdk-for-net\sdk\datadog\Microsoft.Azure.Management.Datadog\tests\Tests\DatadogTest.cs(46,47): error CS0518: Predefined type 'System.Object' is not defined or imported
C:\gh\azure-sdk-for-net\sdk\datadog\Microsoft.Azure.Management.Datadog\tests\Tests\DatadogTest.cs(52,13): error CS0518: Predefined type 'System.Object' is not defined or imported
C:\gh\azure-sdk-for-net\sdk\datadog\Microsoft.Azure.Management.Datadog\tests\Tests\DatadogTest.cs(52,45): error CS0518: Predefined type 'System.Object' is not defined or imported
C:\gh\azure-sdk-for-net\sdk\datadog\Microsoft.Azure.Management.Datadog\tests\Tests\DatadogTest.cs(56,21): error CS0518: Predefined type 'System.Object' is not defined or imported
C:\gh\azure-sdk-for-net\sdk\datadog\Microsoft.Azure.Management.Datadog\tests\Tests\DatadogTest.cs(57,27): error CS0518: Predefined type 'System.String' is not defined or imported
C:\gh\azure-sdk-for-net\sdk\datadog\Microsoft.Azure.Management.Datadog\tests\Tests\DatadogTest.cs(58,31): error CS0518: Predefined type 'System.String' is not defined or imported
C:\gh\azure-sdk-for-net\sdk\datadog\Microsoft.Azure.Management.Datadog\tests\Tests\DatadogTest.cs(59,30): error CS0518: Predefined type 'System.Object' is not defined or imported
C:\gh\azure-sdk-for-net\sdk\datadog\Microsoft.Azure.Management.Datadog\tests\Tests\DatadogTest.cs(59,42): error CS0518: Predefined type 'System.String' is not defined or imported
C:\gh\azure-sdk-for-net\sdk\datadog\Microsoft.Azure.Management.Datadog\tests\Tests\DatadogTest.cs(59,30): error CS0518: Predefined type 'System.Void' is not defined or imported
C:\gh\azure-sdk-for-net\sdk\datadog\Microsoft.Azure.Management.Datadog\tests\Tests\DatadogTest.cs(60,35): error CS0518: Predefined type 'System.Object' is not defined or imported
C:\gh\azure-sdk-for-net\sdk\datadog\Microsoft.Azure.Management.Datadog\tests\Tests\DatadogTest.cs(60,60): error CS0518: Predefined type 'System.String' is not defined or imported
C:\gh\azure-sdk-for-net\sdk\datadog\Microsoft.Azure.Management.Datadog\tests\Tests\DatadogTest.cs(60,35): error CS0518: Predefined type 'System.Void' is not defined or imported
C:\gh\azure-sdk-for-net\sdk\datadog\Microsoft.Azure.Management.Datadog\tests\Tests\DatadogTest.cs(61,37): error CS0518: Predefined type 'System.Object' is not defined or imported
C:\gh\azure-sdk-for-net\sdk\datadog\Microsoft.Azure.Management.Datadog\tests\Tests\DatadogTest.cs(61,69): error CS0518: Predefined type 'System.Object' is not defined or imported
C:\gh\azure-sdk-for-net\sdk\datadog\Microsoft.Azure.Management.Datadog\tests\Tests\DatadogTest.cs(61,84): error CS0518: Predefined type 'System.String' is not defined or imported
C:\gh\azure-sdk-for-net\sdk\datadog\Microsoft.Azure.Management.Datadog\tests\Tests\DatadogTest.cs(61,111): error CS0518: Predefined type 'System.String' is not defined or imported
C:\gh\azure-sdk-for-net\sdk\datadog\Microsoft.Azure.Management.Datadog\tests\Tests\DatadogTest.cs(61,157): error CS0518: Predefined type 'System.String' is not defined or imported
C:\gh\azure-sdk-for-net\sdk\datadog\Microsoft.Azure.Management.Datadog\tests\Tests\DatadogTest.cs(61,69): error CS0518: Predefined type 'System.Void' is not defined or imported
C:\gh\azure-sdk-for-net\sdk\datadog\Microsoft.Azure.Management.Datadog\tests\Tests\DatadogTest.cs(61,37): error CS0518: Predefined type 'System.Void' is not defined or imported
C:\gh\azure-sdk-for-net\sdk\datadog\Microsoft.Azure.Management.Datadog\tests\Tests\DatadogTest.cs(56,21): error CS0518: Predefined type 'System.Void' is not defined or imported
C:\gh\azure-sdk-for-net\sdk\datadog\Microsoft.Azure.Management.Datadog\tests\Tests\DatadogTest.cs(53,20): error CS0518: Predefined type 'System.String' is not defined or imported
C:\gh\azure-sdk-for-net\sdk\datadog\Microsoft.Azure.Management.Datadog\tests\Tests\DatadogTest.cs(68,13): error CS0518: Predefined type 'System.Object' is not defined or imported
C:\gh\azure-sdk-for-net\sdk\datadog\Microsoft.Azure.Management.Datadog\tests\Tests\DatadogTest.cs(68,45): error CS0518: Predefined type 'System.Object' is not defined or imported
C:\gh\azure-sdk-for-net\sdk\datadog\Microsoft.Azure.Management.Datadog\tests\Tests\DatadogTest.cs(69,13): error CS0518: Predefined type 'System.Void' is not defined or imported
C:\gh\azure-sdk-for-net\sdk\datadog\Microsoft.Azure.Management.Datadog\tests\Tests\DatadogTest.cs(74,13): error CS0518: Predefined type 'System.Object' is not defined or imported
C:\gh\azure-sdk-for-net\sdk\datadog\Microsoft.Azure.Management.Datadog\tests\Tests\DatadogTest.cs(74,13): error CS0246: The type or namespace name 'IPage<>' could not be found (are you missing a using directive or an assembly reference?)
C:\gh\azure-sdk-for-net\sdk\datadog\Microsoft.Azure.Management.Datadog\tests\Tests\DatadogTest.cs(74,19): error CS0518: Predefined type 'System.Object' is not defined or imported
C:\gh\azure-sdk-for-net\sdk\datadog\Microsoft.Azure.Management.Datadog\tests\Tests\DatadogTest.cs(74,55): error CS0518: Predefined type 'System.Object' is not defined or imported
C:\gh\azure-sdk-for-net\sdk\datadog\Microsoft.Azure.Management.Datadog\tests\Tests\DatadogTest.cs(75,13): error CS0518: Predefined type 'System.Object' is not defined or imported
C:\gh\azure-sdk-for-net\sdk\datadog\Microsoft.Azure.Management.Datadog\tests\Tests\DatadogTest.cs(75,13): error CS0103: The name 'Assert' does not exist in the current context
C:\gh\azure-sdk-for-net\sdk\datadog\Microsoft.Azure.Management.Datadog\tests\Tests\DatadogTest.cs(80,13): error CS0518: Predefined type 'System.Object' is not defined or imported
C:\gh\azure-sdk-for-net\sdk\datadog\Microsoft.Azure.Management.Datadog\tests\Tests\DatadogTest.cs(80,45): error CS0518: Predefined type 'System.Object' is not defined or imported
C:\gh\azure-sdk-for-net\sdk\datadog\Microsoft.Azure.Management.Datadog\tests\Tests\DatadogTest.cs(81,20): error CS0246: The type or namespace name 'IPage<>' could not be found (are you missing a using directive or an assembly reference?)
C:\gh\azure-sdk-for-net\sdk\datadog\Microsoft.Azure.Management.Datadog\tests\Tests\DatadogTest.cs(84,53): error CS0518: Predefined type 'System.Object' is not defined or imported
C:\gh\azure-sdk-for-net\sdk\datadog\Microsoft.Azure.Management.Datadog\tests\Tests\DatadogTest.cs(84,53): error CS0103: The name 'TestUtilities' does not exist in the current context
C:\gh\azure-sdk-for-net\sdk\datadog\Microsoft.Azure.Management.Datadog\tests\Tests\DatadogTest.cs(88,45): error CS0518: Predefined type 'System.Object' is not defined or imported
C:\gh\azure-sdk-for-net\sdk\datadog\Microsoft.Azure.Management.Datadog\tests\Tests\DatadogTest.cs(88,45): error CS0246: The type or namespace name 'ResourceManagementClient' could not be found (are you missing a using directive or an assembly reference?)
C:\gh\azure-sdk-for-net\sdk\datadog\Microsoft.Azure.Management.Datadog\tests\Tests\DatadogTest.cs(93,45): error CS0518: Predefined type 'System.Object' is not defined or imported
C:\gh\azure-sdk-for-net\sdk\datadog\Microsoft.Azure.Management.Datadog\tests\Tests\DatadogTest.cs(12,18): error CS1729: 'object' does not contain a constructor that takes 0 arguments
C:\gh\azure-sdk-for-net\artifacts\obj\Microsoft.Azure.Management.Datadog.Tests\Debug\netcoreapp2.0\Microsoft.Azure.Management.Datadog.Tests.AssemblyInfo.cs(12,1): hidden CS8019: Unnecessary using directive.
C:\gh\azure-sdk-for-net\eng\mgmt\DisableTestRunParallel.cs(5,1): hidden CS8019: Unnecessary using directive.
C:\gh\azure-sdk-for-net\sdk\datadog\Microsoft.Azure.Management.Datadog\tests\Tests\DatadogTest.cs(6,1): hidden CS8019: Unnecessary using directive.
C:\gh\azure-sdk-for-net\sdk\datadog\Microsoft.Azure.Management.Datadog\tests\Tests\DatadogTest.cs(8,1): hidden CS8019: Unnecessary using directive.
C:\gh\azure-sdk-for-net\artifacts\obj\Microsoft.Azure.Management.Datadog.Tests\Debug\netcoreapp2.0\.NETCoreApp,Version=v2.0.AssemblyAttributes.cs(2,1): hidden CS8019: Unnecessary using directive.
C:\gh\azure-sdk-for-net\sdk\datadog\Microsoft.Azure.Management.Datadog\tests\Tests\DatadogTest.cs(5,1): hidden CS8019: Unnecessary using directive.
C:\gh\azure-sdk-for-net\artifacts\obj\Microsoft.Azure.Management.Datadog.Tests\Debug\netcoreapp2.0\.NETCoreApp,Version=v2.0.AssemblyAttributes.cs(3,1): hidden CS8019: Unnecessary using directive.
C:\gh\azure-sdk-for-net\sdk\datadog\Microsoft.Azure.Management.Datadog\tests\Tests\DatadogTest.cs(4,1): hidden CS8019: Unnecessary using directive.
C:\gh\azure-sdk-for-net\artifacts\obj\Microsoft.Azure.Management.Datadog.Tests\Debug\netcoreapp2.0\Microsoft.Azure.Management.Datadog.Tests.AssemblyInfo.cs(11,1): hidden CS8019: Unnecessary using directive.
C:\gh\azure-sdk-for-net\sdk\datadog\Microsoft.Azure.Management.Datadog\tests\Tests\DatadogTest.cs(3,1): hidden CS8019: Unnecessary using directive.
C:\gh\azure-sdk-for-net\eng\mgmt\DisableTestRunParallel.cs(4,1): hidden CS8019: Unnecessary using directive.
C:\gh\azure-sdk-for-net\sdk\datadog\Microsoft.Azure.Management.Datadog\tests\Tests\DatadogTest.cs(7,1): hidden CS8019: Unnecessary using directive.
