C:\gh\azure-sdk-for-net\sdk\iothub\Microsoft.Azure.Management.IotHub\tests\ScenarioTests\IotHubTestBase.cs(243,20): error CS1929: 'ICertificatesOperations' does not contain a definition for 'CreateOrUpdateAsync' and the best extension method overload 'ConsumerGroupsOperationsExtensions.CreateOrUpdateAsync(IConsumerGroupsOperations, string, string, string, string, ConsumerGroupCreateOrUpdateParameters, CancellationToken)' requires a receiver of type 'IConsumerGroupsOperations'
C:\gh\azure-sdk-for-net\sdk\iothub\Microsoft.Azure.Management.IotHub\tests\ScenarioTests\IotHubClientTests.cs(203,29): error CS0246: The type or namespace name 'EventHubConsumerGroupName' could not be found (are you missing a using directive or an assembly reference?)
C:\gh\azure-sdk-for-net\eng\mgmt\DisableTestRunParallel.cs(4,1): hidden CS8019: Unnecessary using directive.
C:\gh\azure-sdk-for-net\sdk\iothub\Microsoft.Azure.Management.IotHub\tests\Properties\AssemblyInfo.cs(5,1): hidden CS8019: Unnecessary using directive.
C:\gh\azure-sdk-for-net\artifacts\obj\Microsoft.Azure.Management.IotHub.Tests\Debug\netcoreapp2.0\Microsoft.Azure.Management.IotHub.Tests.AssemblyInfo.cs(10,1): hidden CS8019: Unnecessary using directive.
C:\gh\azure-sdk-for-net\artifacts\obj\Microsoft.Azure.Management.IotHub.Tests\Debug\netcoreapp2.0\Microsoft.Azure.Management.IotHub.Tests.AssemblyInfo.cs(11,1): hidden CS8019: Unnecessary using directive.
C:\gh\azure-sdk-for-net\artifacts\obj\Microsoft.Azure.Management.IotHub.Tests\Debug\netcoreapp2.0\.NETCoreApp,Version=v2.0.AssemblyAttributes.cs(2,1): hidden CS8019: Unnecessary using directive.
C:\gh\azure-sdk-for-net\artifacts\obj\Microsoft.Azure.Management.IotHub.Tests\Debug\netcoreapp2.0\Microsoft.Azure.Management.IotHub.Tests.Program.cs(2,1): hidden CS8019: Unnecessary using directive.
C:\gh\azure-sdk-for-net\artifacts\obj\Microsoft.Azure.Management.IotHub.Tests\Debug\netcoreapp2.0\.NETCoreApp,Version=v2.0.AssemblyAttributes.cs(3,1): hidden CS8019: Unnecessary using directive.
