C:\gh\azure-sdk-for-net\sdk\core\Microsoft.Azure.Core.NewtonsoftJson\tests\NewtonsoftJsonObjectSerializerTest.cs(259,55): error CS0246: The type or namespace name 'DefaultContractResolver' could not be found (are you missing a using directive or an assembly reference?)
C:\gh\azure-sdk-for-net\sdk\core\Microsoft.Azure.Core.NewtonsoftJson\tests\NewtonsoftJsonObjectSerializerTest.cs(262,80): error CS0246: The type or namespace name 'MemberSerialization' could not be found (are you missing a using directive or an assembly reference?)
C:\gh\azure-sdk-for-net\sdk\core\Microsoft.Azure.Core.NewtonsoftJson\tests\NewtonsoftJsonObjectSerializerTest.cs(262,38): error CS0246: The type or namespace name 'JsonProperty' could not be found (are you missing a using directive or an assembly reference?)
C:\gh\azure-sdk-for-net\sdk\core\Microsoft.Azure.Core.NewtonsoftJson\tests\NewtonsoftJsonObjectSerializerTest.cs(250,70): error CS0246: The type or namespace name 'CamelCasePropertyNamesContractResolver' could not be found (are you missing a using directive or an assembly reference?)
C:\gh\azure-sdk-for-net\sdk\core\Microsoft.Azure.Core.NewtonsoftJson\tests\NewtonsoftJsonObjectSerializerTest.cs(253,80): error CS0246: The type or namespace name 'MemberSerialization' could not be found (are you missing a using directive or an assembly reference?)
C:\gh\azure-sdk-for-net\sdk\core\Microsoft.Azure.Core.NewtonsoftJson\tests\NewtonsoftJsonObjectSerializerTest.cs(253,38): error CS0246: The type or namespace name 'JsonProperty' could not be found (are you missing a using directive or an assembly reference?)
C:\gh\azure-sdk-for-net\sdk\core\Microsoft.Azure.Core.NewtonsoftJson\tests\NewtonsoftJsonObjectSerializerTest.cs(19,6): error CS0246: The type or namespace name 'TestFixtureAttribute' could not be found (are you missing a using directive or an assembly reference?)
C:\gh\azure-sdk-for-net\sdk\core\Microsoft.Azure.Core.NewtonsoftJson\tests\NewtonsoftJsonObjectSerializerTest.cs(19,6): error CS0246: The type or namespace name 'TestFixture' could not be found (are you missing a using directive or an assembly reference?)
C:\gh\azure-sdk-for-net\sdk\core\Microsoft.Azure.Core.NewtonsoftJson\tests\NewtonsoftJsonObjectSerializerTest.cs(20,6): error CS0246: The type or namespace name 'TestFixtureAttribute' could not be found (are you missing a using directive or an assembly reference?)
C:\gh\azure-sdk-for-net\sdk\core\Microsoft.Azure.Core.NewtonsoftJson\tests\NewtonsoftJsonObjectSerializerTest.cs(20,6): error CS0246: The type or namespace name 'TestFixture' could not be found (are you missing a using directive or an assembly reference?)
C:\gh\azure-sdk-for-net\sdk\core\Microsoft.Azure.Core.NewtonsoftJson\tests\NewtonsoftJsonObjectSerializerTest.cs(123,10): error CS0246: The type or namespace name 'TestAttribute' could not be found (are you missing a using directive or an assembly reference?)
C:\gh\azure-sdk-for-net\sdk\core\Microsoft.Azure.Core.NewtonsoftJson\tests\NewtonsoftJsonObjectSerializerTest.cs(123,10): error CS0246: The type or namespace name 'Test' could not be found (are you missing a using directive or an assembly reference?)
C:\gh\azure-sdk-for-net\sdk\core\Microsoft.Azure.Core.NewtonsoftJson\tests\NewtonsoftJsonObjectSerializerTest.cs(74,10): error CS0246: The type or namespace name 'TestAttribute' could not be found (are you missing a using directive or an assembly reference?)
C:\gh\azure-sdk-for-net\sdk\core\Microsoft.Azure.Core.NewtonsoftJson\tests\NewtonsoftJsonObjectSerializerTest.cs(74,10): error CS0246: The type or namespace name 'Test' could not be found (are you missing a using directive or an assembly reference?)
C:\gh\azure-sdk-for-net\sdk\core\Microsoft.Azure.Core.NewtonsoftJson\tests\NewtonsoftJsonObjectSerializerTest.cs(24,26): error CS0246: The type or namespace name 'DefaultContractResolver' could not be found (are you missing a using directive or an assembly reference?)
C:\gh\azure-sdk-for-net\sdk\core\Microsoft.Azure.Core.NewtonsoftJson\tests\NewtonsoftJsonObjectSerializerTest.cs(12,7): error CS0246: The type or namespace name 'Newtonsoft' could not be found (are you missing a using directive or an assembly reference?)
C:\gh\azure-sdk-for-net\sdk\core\Microsoft.Azure.Core.NewtonsoftJson\tests\NewtonsoftJsonObjectSerializerTest.cs(13,7): error CS0246: The type or namespace name 'Newtonsoft' could not be found (are you missing a using directive or an assembly reference?)
C:\gh\azure-sdk-for-net\sdk\core\Microsoft.Azure.Core.NewtonsoftJson\tests\NewtonsoftJsonObjectSerializerTest.cs(14,7): error CS0246: The type or namespace name 'Newtonsoft' could not be found (are you missing a using directive or an assembly reference?)
C:\gh\azure-sdk-for-net\sdk\core\Microsoft.Azure.Core.NewtonsoftJson\tests\NewtonsoftJsonObjectSerializerTest.cs(15,7): error CS0246: The type or namespace name 'NUnit' could not be found (are you missing a using directive or an assembly reference?)
C:\gh\azure-sdk-for-net\sdk\core\Microsoft.Azure.Core.NewtonsoftJson\tests\Samples\Readme.cs(9,13): error CS0234: The type or namespace name 'Search' does not exist in the namespace 'Azure' (are you missing an assembly reference?)
C:\gh\azure-sdk-for-net\sdk\core\Microsoft.Azure.Core.NewtonsoftJson\tests\Samples\Readme.cs(10,13): error CS0234: The type or namespace name 'Search' does not exist in the namespace 'Azure' (are you missing an assembly reference?)
C:\gh\azure-sdk-for-net\sdk\core\Microsoft.Azure.Core.NewtonsoftJson\tests\Samples\Readme.cs(11,7): error CS0246: The type or namespace name 'Newtonsoft' could not be found (are you missing a using directive or an assembly reference?)
C:\gh\azure-sdk-for-net\sdk\core\Microsoft.Azure.Core.NewtonsoftJson\tests\Samples\Readme.cs(12,7): error CS0246: The type or namespace name 'Newtonsoft' could not be found (are you missing a using directive or an assembly reference?)
C:\gh\azure-sdk-for-net\sdk\core\Microsoft.Azure.Core.NewtonsoftJson\tests\Samples\Readme.cs(13,7): error CS0246: The type or namespace name 'Newtonsoft' could not be found (are you missing a using directive or an assembly reference?)
C:\gh\azure-sdk-for-net\sdk\core\Microsoft.Azure.Core.NewtonsoftJson\tests\Samples\Readme.cs(14,7): error CS0246: The type or namespace name 'NUnit' could not be found (are you missing a using directive or an assembly reference?)
C:\gh\azure-sdk-for-net\sdk\core\Microsoft.Azure.Core.NewtonsoftJson\tests\Samples\Readme.cs(20,10): error CS0246: The type or namespace name 'TestAttribute' could not be found (are you missing a using directive or an assembly reference?)
C:\gh\azure-sdk-for-net\sdk\core\Microsoft.Azure.Core.NewtonsoftJson\tests\Samples\Readme.cs(20,10): error CS0246: The type or namespace name 'Test' could not be found (are you missing a using directive or an assembly reference?)
C:\gh\azure-sdk-for-net\sdk\core\Microsoft.Azure.Core.NewtonsoftJson\tests\NewtonsoftJsonObjectSerializerTest.cs(47,10): error CS0246: The type or namespace name 'TestAttribute' could not be found (are you missing a using directive or an assembly reference?)
C:\gh\azure-sdk-for-net\sdk\core\Microsoft.Azure.Core.NewtonsoftJson\tests\NewtonsoftJsonObjectSerializerTest.cs(47,10): error CS0246: The type or namespace name 'Test' could not be found (are you missing a using directive or an assembly reference?)
C:\gh\azure-sdk-for-net\sdk\core\Microsoft.Azure.Core.NewtonsoftJson\tests\Samples\Readme.cs(76,10): error CS0246: The type or namespace name 'TestAttribute' could not be found (are you missing a using directive or an assembly reference?)
C:\gh\azure-sdk-for-net\sdk\core\Microsoft.Azure.Core.NewtonsoftJson\tests\Samples\Readme.cs(76,10): error CS0246: The type or namespace name 'Test' could not be found (are you missing a using directive or an assembly reference?)
C:\gh\azure-sdk-for-net\sdk\core\Microsoft.Azure.Core.NewtonsoftJson\tests\NewtonsoftJsonObjectSerializerTest.cs(54,10): error CS0246: The type or namespace name 'TestAttribute' could not be found (are you missing a using directive or an assembly reference?)
C:\gh\azure-sdk-for-net\sdk\core\Microsoft.Azure.Core.NewtonsoftJson\tests\NewtonsoftJsonObjectSerializerTest.cs(54,10): error CS0246: The type or namespace name 'Test' could not be found (are you missing a using directive or an assembly reference?)
C:\gh\azure-sdk-for-net\sdk\core\Microsoft.Azure.Core.NewtonsoftJson\tests\Samples\Readme.cs(102,14): error CS0246: The type or namespace name 'JsonPropertyAttribute' could not be found (are you missing a using directive or an assembly reference?)
C:\gh\azure-sdk-for-net\sdk\core\Microsoft.Azure.Core.NewtonsoftJson\tests\Samples\Readme.cs(102,14): error CS0246: The type or namespace name 'JsonProperty' could not be found (are you missing a using directive or an assembly reference?)
C:\gh\azure-sdk-for-net\sdk\core\Microsoft.Azure.Core.NewtonsoftJson\tests\NewtonsoftJsonObjectSerializerTest.cs(94,10): error CS0246: The type or namespace name 'TestAttribute' could not be found (are you missing a using directive or an assembly reference?)
C:\gh\azure-sdk-for-net\sdk\core\Microsoft.Azure.Core.NewtonsoftJson\tests\NewtonsoftJsonObjectSerializerTest.cs(94,10): error CS0246: The type or namespace name 'Test' could not be found (are you missing a using directive or an assembly reference?)
C:\gh\azure-sdk-for-net\sdk\core\Microsoft.Azure.Core.NewtonsoftJson\tests\NewtonsoftJsonObjectSerializerTest.cs(152,10): error CS0246: The type or namespace name 'TestAttribute' could not be found (are you missing a using directive or an assembly reference?)
C:\gh\azure-sdk-for-net\sdk\core\Microsoft.Azure.Core.NewtonsoftJson\tests\NewtonsoftJsonObjectSerializerTest.cs(152,10): error CS0246: The type or namespace name 'Test' could not be found (are you missing a using directive or an assembly reference?)
C:\gh\azure-sdk-for-net\sdk\core\Microsoft.Azure.Core.NewtonsoftJson\tests\NewtonsoftJsonObjectSerializerTest.cs(203,14): error CS0246: The type or namespace name 'JsonPropertyAttribute' could not be found (are you missing a using directive or an assembly reference?)
C:\gh\azure-sdk-for-net\sdk\core\Microsoft.Azure.Core.NewtonsoftJson\tests\NewtonsoftJsonObjectSerializerTest.cs(203,14): error CS0246: The type or namespace name 'JsonProperty' could not be found (are you missing a using directive or an assembly reference?)
C:\gh\azure-sdk-for-net\sdk\core\Microsoft.Azure.Core.NewtonsoftJson\tests\NewtonsoftJsonObjectSerializerTest.cs(206,14): error CS0246: The type or namespace name 'JsonIgnoreAttribute' could not be found (are you missing a using directive or an assembly reference?)
C:\gh\azure-sdk-for-net\sdk\core\Microsoft.Azure.Core.NewtonsoftJson\tests\NewtonsoftJsonObjectSerializerTest.cs(206,14): error CS0246: The type or namespace name 'JsonIgnore' could not be found (are you missing a using directive or an assembly reference?)
C:\gh\azure-sdk-for-net\sdk\core\Microsoft.Azure.Core.NewtonsoftJson\tests\NewtonsoftJsonObjectSerializerTest.cs(224,14): error CS0246: The type or namespace name 'JsonPropertyAttribute' could not be found (are you missing a using directive or an assembly reference?)
C:\gh\azure-sdk-for-net\sdk\core\Microsoft.Azure.Core.NewtonsoftJson\tests\NewtonsoftJsonObjectSerializerTest.cs(224,14): error CS0246: The type or namespace name 'JsonProperty' could not be found (are you missing a using directive or an assembly reference?)
C:\gh\azure-sdk-for-net\sdk\core\Microsoft.Azure.Core.NewtonsoftJson\tests\NewtonsoftJsonObjectSerializerTest.cs(236,14): error CS0246: The type or namespace name 'JsonPropertyAttribute' could not be found (are you missing a using directive or an assembly reference?)
C:\gh\azure-sdk-for-net\sdk\core\Microsoft.Azure.Core.NewtonsoftJson\tests\NewtonsoftJsonObjectSerializerTest.cs(236,14): error CS0246: The type or namespace name 'JsonProperty' could not be found (are you missing a using directive or an assembly reference?)
C:\gh\azure-sdk-for-net\sdk\core\Microsoft.Azure.Core.NewtonsoftJson\tests\NewtonsoftJsonObjectSerializerTest.cs(29,38): error CS0246: The type or namespace name 'DefaultContractResolver' could not be found (are you missing a using directive or an assembly reference?)
C:\gh\azure-sdk-for-net\sdk\core\Microsoft.Azure.Core.NewtonsoftJson\tests\NewtonsoftJsonObjectSerializerTest.cs(31,76): error CS0246: The type or namespace name 'JsonSerializerSettings' could not be found (are you missing a using directive or an assembly reference?)
C:\gh\azure-sdk-for-net\sdk\core\Microsoft.Azure.Core.NewtonsoftJson\tests\NewtonsoftJsonObjectSerializerTest.cs(36,25): error CS0246: The type or namespace name 'StringEnumConverter' could not be found (are you missing a using directive or an assembly reference?)
C:\gh\azure-sdk-for-net\sdk\core\Microsoft.Azure.Core.NewtonsoftJson\tests\NewtonsoftJsonObjectSerializerTest.cs(31,41): error CS0012: The type 'JsonSerializerSettings' is defined in an assembly that is not referenced. You must add a reference to assembly 'Newtonsoft.Json, Version=10.0.0.0, Culture=neutral, PublicKeyToken=30ad4fe6b2a6aeed'.
C:\gh\azure-sdk-for-net\sdk\core\Microsoft.Azure.Core.NewtonsoftJson\tests\NewtonsoftJsonObjectSerializerTest.cs(50,40): error CS0103: The name 'Assert' does not exist in the current context
C:\gh\azure-sdk-for-net\sdk\core\Microsoft.Azure.Core.NewtonsoftJson\tests\NewtonsoftJsonObjectSerializerTest.cs(51,13): error CS0103: The name 'Assert' does not exist in the current context
C:\gh\azure-sdk-for-net\sdk\core\Microsoft.Azure.Core.NewtonsoftJson\tests\NewtonsoftJsonObjectSerializerTest.cs(69,35): error CS0246: The type or namespace name 'ObjectSerializer' could not be found (are you missing a using directive or an assembly reference?)
C:\gh\azure-sdk-for-net\sdk\core\Microsoft.Azure.Core.NewtonsoftJson\tests\NewtonsoftJsonObjectSerializerTest.cs(71,13): error CS0103: The name 'Assert' does not exist in the current context
C:\gh\azure-sdk-for-net\sdk\core\Microsoft.Azure.Core.NewtonsoftJson\tests\NewtonsoftJsonObjectSerializerTest.cs(89,41): error CS0246: The type or namespace name 'ObjectSerializer' could not be found (are you missing a using directive or an assembly reference?)
C:\gh\azure-sdk-for-net\sdk\core\Microsoft.Azure.Core.NewtonsoftJson\tests\NewtonsoftJsonObjectSerializerTest.cs(89,19): error CS0012: The type 'ValueTask' is defined in an assembly that is not referenced. You must add a reference to assembly 'System.Threading.Tasks.Extensions, Version=4.2.0.0, Culture=neutral, PublicKeyToken=cc7b13ffcd2ddd51'.
C:\gh\azure-sdk-for-net\sdk\core\Microsoft.Azure.Core.NewtonsoftJson\tests\NewtonsoftJsonObjectSerializerTest.cs(91,13): error CS0103: The name 'Assert' does not exist in the current context
C:\gh\azure-sdk-for-net\sdk\core\Microsoft.Azure.Core.NewtonsoftJson\tests\Samples\Readme.cs(24,22): error CS0012: The type 'Response' is defined in an assembly that is not referenced. You must add a reference to assembly 'Azure.Core, Version=1.4.1.0, Culture=neutral, PublicKeyToken=92742159e12e44c8'.
C:\gh\azure-sdk-for-net\sdk\core\Microsoft.Azure.Core.NewtonsoftJson\tests\Samples\Readme.cs(42,13): error CS0246: The type or namespace name 'AzureKeyCredential' could not be found (are you missing a using directive or an assembly reference?)
C:\gh\azure-sdk-for-net\sdk\core\Microsoft.Azure.Core.NewtonsoftJson\tests\Samples\Readme.cs(42,49): error CS0246: The type or namespace name 'AzureKeyCredential' could not be found (are you missing a using directive or an assembly reference?)
C:\gh\azure-sdk-for-net\sdk\core\Microsoft.Azure.Core.NewtonsoftJson\tests\Samples\Readme.cs(45,13): error CS0246: The type or namespace name 'JsonSerializerSettings' could not be found (are you missing a using directive or an assembly reference?)
C:\gh\azure-sdk-for-net\sdk\core\Microsoft.Azure.Core.NewtonsoftJson\tests\Samples\Readme.cs(45,88): error CS0246: The type or namespace name 'ObjectSerializer' could not be found (are you missing a using directive or an assembly reference?)
C:\gh\azure-sdk-for-net\sdk\core\Microsoft.Azure.Core.NewtonsoftJson\tests\Samples\Readme.cs(45,57): error CS0012: The type 'JsonSerializerSettings' is defined in an assembly that is not referenced. You must add a reference to assembly 'Newtonsoft.Json, Version=10.0.0.0, Culture=neutral, PublicKeyToken=30ad4fe6b2a6aeed'.
C:\gh\azure-sdk-for-net\sdk\core\Microsoft.Azure.Core.NewtonsoftJson\tests\Samples\Readme.cs(48,55): error CS0246: The type or namespace name 'CamelCasePropertyNamesContractResolver' could not be found (are you missing a using directive or an assembly reference?)
C:\gh\azure-sdk-for-net\sdk\core\Microsoft.Azure.Core.NewtonsoftJson\tests\Samples\Readme.cs(50,13): error CS0246: The type or namespace name 'SearchClientOptions' could not be found (are you missing a using directive or an assembly reference?)
C:\gh\azure-sdk-for-net\sdk\core\Microsoft.Azure.Core.NewtonsoftJson\tests\Samples\Readme.cs(50,53): error CS0246: The type or namespace name 'SearchClientOptions' could not be found (are you missing a using directive or an assembly reference?)
C:\gh\azure-sdk-for-net\sdk\core\Microsoft.Azure.Core.NewtonsoftJson\tests\Samples\Readme.cs(52,40): error CS0012: The type 'Response' is defined in an assembly that is not referenced. You must add a reference to assembly 'Azure.Core, Version=1.4.1.0, Culture=neutral, PublicKeyToken=92742159e12e44c8'.
C:\gh\azure-sdk-for-net\sdk\core\Microsoft.Azure.Core.NewtonsoftJson\tests\Samples\Readme.cs(53,34): error CS0012: The type 'JsonSerializerSettings' is defined in an assembly that is not referenced. You must add a reference to assembly 'Newtonsoft.Json, Version=10.0.0.0, Culture=neutral, PublicKeyToken=30ad4fe6b2a6aeed'.
C:\gh\azure-sdk-for-net\sdk\core\Microsoft.Azure.Core.NewtonsoftJson\tests\Samples\Readme.cs(56,13): error CS0246: The type or namespace name 'SearchClient' could not be found (are you missing a using directive or an assembly reference?)
C:\gh\azure-sdk-for-net\sdk\core\Microsoft.Azure.Core.NewtonsoftJson\tests\Samples\Readme.cs(56,39): error CS0246: The type or namespace name 'SearchClient' could not be found (are you missing a using directive or an assembly reference?)
C:\gh\azure-sdk-for-net\sdk\core\Microsoft.Azure.Core.NewtonsoftJson\tests\Samples\Readme.cs(57,13): error CS0246: The type or namespace name 'Response<>' could not be found (are you missing a using directive or an assembly reference?)
C:\gh\azure-sdk-for-net\sdk\core\Microsoft.Azure.Core.NewtonsoftJson\tests\Samples\Readme.cs(57,22): error CS0246: The type or namespace name 'SearchResults<>' could not be found (are you missing a using directive or an assembly reference?)
C:\gh\azure-sdk-for-net\sdk\core\Microsoft.Azure.Core.NewtonsoftJson\tests\Samples\Readme.cs(59,22): error CS0246: The type or namespace name 'SearchResult<>' could not be found (are you missing a using directive or an assembly reference?)
C:\gh\azure-sdk-for-net\sdk\core\Microsoft.Azure.Core.NewtonsoftJson\tests\Samples\Readme.cs(70,13): error CS0103: The name 'Assert' does not exist in the current context
C:\gh\azure-sdk-for-net\sdk\core\Microsoft.Azure.Core.NewtonsoftJson\tests\Samples\Readme.cs(71,13): error CS0103: The name 'Assert' does not exist in the current context
C:\gh\azure-sdk-for-net\sdk\core\Microsoft.Azure.Core.NewtonsoftJson\tests\Samples\Readme.cs(72,13): error CS0103: The name 'Assert' does not exist in the current context
C:\gh\azure-sdk-for-net\sdk\core\Microsoft.Azure.Core.NewtonsoftJson\tests\Samples\Readme.cs(73,13): error CS0103: The name 'Assert' does not exist in the current context
C:\gh\azure-sdk-for-net\sdk\core\Microsoft.Azure.Core.NewtonsoftJson\tests\NewtonsoftJsonObjectSerializerTest.cs(110,62): error CS0246: The type or namespace name 'ObjectSerializer' could not be found (are you missing a using directive or an assembly reference?)
C:\gh\azure-sdk-for-net\sdk\core\Microsoft.Azure.Core.NewtonsoftJson\tests\NewtonsoftJsonObjectSerializerTest.cs(112,13): error CS0103: The name 'Assert' does not exist in the current context
C:\gh\azure-sdk-for-net\sdk\core\Microsoft.Azure.Core.NewtonsoftJson\tests\NewtonsoftJsonObjectSerializerTest.cs(113,13): error CS0103: The name 'Assert' does not exist in the current context
C:\gh\azure-sdk-for-net\sdk\core\Microsoft.Azure.Core.NewtonsoftJson\tests\NewtonsoftJsonObjectSerializerTest.cs(114,13): error CS0103: The name 'Assert' does not exist in the current context
C:\gh\azure-sdk-for-net\sdk\core\Microsoft.Azure.Core.NewtonsoftJson\tests\NewtonsoftJsonObjectSerializerTest.cs(115,13): error CS0103: The name 'Assert' does not exist in the current context
C:\gh\azure-sdk-for-net\sdk\core\Microsoft.Azure.Core.NewtonsoftJson\tests\NewtonsoftJsonObjectSerializerTest.cs(116,13): error CS0103: The name 'Assert' does not exist in the current context
C:\gh\azure-sdk-for-net\sdk\core\Microsoft.Azure.Core.NewtonsoftJson\tests\NewtonsoftJsonObjectSerializerTest.cs(117,13): error CS0103: The name 'Assert' does not exist in the current context
C:\gh\azure-sdk-for-net\sdk\core\Microsoft.Azure.Core.NewtonsoftJson\tests\NewtonsoftJsonObjectSerializerTest.cs(118,13): error CS0103: The name 'Assert' does not exist in the current context
C:\gh\azure-sdk-for-net\sdk\core\Microsoft.Azure.Core.NewtonsoftJson\tests\NewtonsoftJsonObjectSerializerTest.cs(119,13): error CS0103: The name 'Assert' does not exist in the current context
C:\gh\azure-sdk-for-net\sdk\core\Microsoft.Azure.Core.NewtonsoftJson\tests\NewtonsoftJsonObjectSerializerTest.cs(120,13): error CS0103: The name 'Assert' does not exist in the current context
C:\gh\azure-sdk-for-net\sdk\core\Microsoft.Azure.Core.NewtonsoftJson\tests\NewtonsoftJsonObjectSerializerTest.cs(139,68): error CS0246: The type or namespace name 'ObjectSerializer' could not be found (are you missing a using directive or an assembly reference?)
C:\gh\azure-sdk-for-net\sdk\core\Microsoft.Azure.Core.NewtonsoftJson\tests\NewtonsoftJsonObjectSerializerTest.cs(139,46): error CS0012: The type 'ValueTask<>' is defined in an assembly that is not referenced. You must add a reference to assembly 'System.Threading.Tasks.Extensions, Version=4.2.0.0, Culture=neutral, PublicKeyToken=cc7b13ffcd2ddd51'.
C:\gh\azure-sdk-for-net\sdk\core\Microsoft.Azure.Core.NewtonsoftJson\tests\NewtonsoftJsonObjectSerializerTest.cs(141,13): error CS0103: The name 'Assert' does not exist in the current context
C:\gh\azure-sdk-for-net\sdk\core\Microsoft.Azure.Core.NewtonsoftJson\tests\NewtonsoftJsonObjectSerializerTest.cs(142,13): error CS0103: The name 'Assert' does not exist in the current context
C:\gh\azure-sdk-for-net\sdk\core\Microsoft.Azure.Core.NewtonsoftJson\tests\NewtonsoftJsonObjectSerializerTest.cs(143,13): error CS0103: The name 'Assert' does not exist in the current context
C:\gh\azure-sdk-for-net\sdk\core\Microsoft.Azure.Core.NewtonsoftJson\tests\NewtonsoftJsonObjectSerializerTest.cs(144,13): error CS0103: The name 'Assert' does not exist in the current context
C:\gh\azure-sdk-for-net\sdk\core\Microsoft.Azure.Core.NewtonsoftJson\tests\NewtonsoftJsonObjectSerializerTest.cs(145,13): error CS0103: The name 'Assert' does not exist in the current context
C:\gh\azure-sdk-for-net\sdk\core\Microsoft.Azure.Core.NewtonsoftJson\tests\NewtonsoftJsonObjectSerializerTest.cs(146,13): error CS0103: The name 'Assert' does not exist in the current context
C:\gh\azure-sdk-for-net\sdk\core\Microsoft.Azure.Core.NewtonsoftJson\tests\NewtonsoftJsonObjectSerializerTest.cs(147,13): error CS0103: The name 'Assert' does not exist in the current context
C:\gh\azure-sdk-for-net\sdk\core\Microsoft.Azure.Core.NewtonsoftJson\tests\NewtonsoftJsonObjectSerializerTest.cs(148,13): error CS0103: The name 'Assert' does not exist in the current context
C:\gh\azure-sdk-for-net\sdk\core\Microsoft.Azure.Core.NewtonsoftJson\tests\NewtonsoftJsonObjectSerializerTest.cs(149,13): error CS0103: The name 'Assert' does not exist in the current context
C:\gh\azure-sdk-for-net\sdk\core\Microsoft.Azure.Core.NewtonsoftJson\tests\Samples\Readme.cs(80,13): error CS0246: The type or namespace name 'JsonSerializerSettings' could not be found (are you missing a using directive or an assembly reference?)
C:\gh\azure-sdk-for-net\sdk\core\Microsoft.Azure.Core.NewtonsoftJson\tests\Samples\Readme.cs(80,88): error CS0246: The type or namespace name 'ObjectSerializer' could not be found (are you missing a using directive or an assembly reference?)
C:\gh\azure-sdk-for-net\sdk\core\Microsoft.Azure.Core.NewtonsoftJson\tests\Samples\Readme.cs(80,57): error CS0012: The type 'JsonSerializerSettings' is defined in an assembly that is not referenced. You must add a reference to assembly 'Newtonsoft.Json, Version=10.0.0.0, Culture=neutral, PublicKeyToken=30ad4fe6b2a6aeed'.
C:\gh\azure-sdk-for-net\sdk\core\Microsoft.Azure.Core.NewtonsoftJson\tests\Samples\Readme.cs(83,55): error CS0246: The type or namespace name 'CamelCasePropertyNamesContractResolver' could not be found (are you missing a using directive or an assembly reference?)
C:\gh\azure-sdk-for-net\sdk\core\Microsoft.Azure.Core.NewtonsoftJson\tests\Samples\Readme.cs(86,51): error CS0246: The type or namespace name 'StringEnumConverter' could not be found (are you missing a using directive or an assembly reference?)
C:\gh\azure-sdk-for-net\sdk\core\Microsoft.Azure.Core.NewtonsoftJson\tests\Samples\Readme.cs(88,13): error CS0246: The type or namespace name 'SearchClientOptions' could not be found (are you missing a using directive or an assembly reference?)
C:\gh\azure-sdk-for-net\sdk\core\Microsoft.Azure.Core.NewtonsoftJson\tests\Samples\Readme.cs(88,53): error CS0246: The type or namespace name 'SearchClientOptions' could not be found (are you missing a using directive or an assembly reference?)
C:\gh\azure-sdk-for-net\sdk\core\Microsoft.Azure.Core.NewtonsoftJson\tests\Samples\Readme.cs(90,34): error CS0012: The type 'JsonSerializerSettings' is defined in an assembly that is not referenced. You must add a reference to assembly 'Newtonsoft.Json, Version=10.0.0.0, Culture=neutral, PublicKeyToken=30ad4fe6b2a6aeed'.
C:\gh\azure-sdk-for-net\sdk\core\Microsoft.Azure.Core.NewtonsoftJson\tests\Samples\Readme.cs(94,13): error CS0103: The name 'Assert' does not exist in the current context
C:\gh\azure-sdk-for-net\sdk\core\Microsoft.Azure.Core.NewtonsoftJson\tests\Samples\Readme.cs(95,13): error CS0103: The name 'Assert' does not exist in the current context
C:\gh\azure-sdk-for-net\sdk\core\Microsoft.Azure.Core.NewtonsoftJson\tests\Samples\Readme.cs(95,56): error CS0103: The name 'Has' does not exist in the current context
C:\gh\azure-sdk-for-net\sdk\core\Microsoft.Azure.Core.NewtonsoftJson\tests\Samples\Readme.cs(96,13): error CS0103: The name 'Assert' does not exist in the current context
C:\gh\azure-sdk-for-net\sdk\core\Microsoft.Azure.Core.NewtonsoftJson\tests\Samples\Readme.cs(96,56): error CS0103: The name 'Has' does not exist in the current context
C:\gh\azure-sdk-for-net\sdk\core\Microsoft.Azure.Core.NewtonsoftJson\tests\Samples\Readme.cs(96,79): error CS0246: The type or namespace name 'StringEnumConverter' could not be found (are you missing a using directive or an assembly reference?)
C:\gh\azure-sdk-for-net\sdk\core\Microsoft.Azure.Core.NewtonsoftJson\tests\NewtonsoftJsonObjectSerializerTest.cs(159,13): error CS0246: The type or namespace name 'IMemberNameConverter' could not be found (are you missing a using directive or an assembly reference?)
C:\gh\azure-sdk-for-net\sdk\core\Microsoft.Azure.Core.NewtonsoftJson\tests\NewtonsoftJsonObjectSerializerTest.cs(159,46): error CS0246: The type or namespace name 'ObjectSerializer' could not be found (are you missing a using directive or an assembly reference?)
C:\gh\azure-sdk-for-net\sdk\core\Microsoft.Azure.Core.NewtonsoftJson\tests\NewtonsoftJsonObjectSerializerTest.cs(169,25): error CS0103: The name 'Assert' does not exist in the current context
C:\gh\azure-sdk-for-net\sdk\core\Microsoft.Azure.Core.NewtonsoftJson\tests\NewtonsoftJsonObjectSerializerTest.cs(173,25): error CS0103: The name 'Assert' does not exist in the current context
C:\gh\azure-sdk-for-net\sdk\core\Microsoft.Azure.Core.NewtonsoftJson\tests\NewtonsoftJsonObjectSerializerTest.cs(177,25): error CS0103: The name 'Assert' does not exist in the current context
C:\gh\azure-sdk-for-net\sdk\core\Microsoft.Azure.Core.NewtonsoftJson\tests\NewtonsoftJsonObjectSerializerTest.cs(181,25): error CS0103: The name 'Assert' does not exist in the current context
C:\gh\azure-sdk-for-net\sdk\core\Microsoft.Azure.Core.NewtonsoftJson\tests\NewtonsoftJsonObjectSerializerTest.cs(185,25): error CS0103: The name 'Assert' does not exist in the current context
C:\gh\azure-sdk-for-net\sdk\core\Microsoft.Azure.Core.NewtonsoftJson\tests\NewtonsoftJsonObjectSerializerTest.cs(189,25): error CS0103: The name 'Assert' does not exist in the current context
C:\gh\azure-sdk-for-net\sdk\core\Microsoft.Azure.Core.NewtonsoftJson\tests\NewtonsoftJsonObjectSerializerTest.cs(193,25): error CS0103: The name 'Assert' does not exist in the current context
C:\gh\azure-sdk-for-net\artifacts\obj\Microsoft.Azure.Core.NewtonsoftJson.Tests\Debug\net461\Microsoft.Azure.Core.NewtonsoftJson.Tests.AssemblyInfo.cs(12,1): hidden CS8019: Unnecessary using directive.
C:\gh\azure-sdk-for-net\sdk\core\Microsoft.Azure.Core.NewtonsoftJson\tests\Samples\Readme.cs(6,1): hidden CS8019: Unnecessary using directive.
C:\gh\azure-sdk-for-net\sdk\core\Microsoft.Azure.Core.NewtonsoftJson\tests\Samples\Readme.cs(10,1): hidden CS8019: Unnecessary using directive.
C:\gh\azure-sdk-for-net\sdk\core\Microsoft.Azure.Core.NewtonsoftJson\tests\NewtonsoftJsonObjectSerializerTest.cs(15,1): hidden CS8019: Unnecessary using directive.
C:\gh\azure-sdk-for-net\sdk\core\Microsoft.Azure.Core.NewtonsoftJson\tests\Samples\Readme.cs(11,1): hidden CS8019: Unnecessary using directive.
C:\gh\azure-sdk-for-net\sdk\core\Microsoft.Azure.Core.NewtonsoftJson\tests\NewtonsoftJsonObjectSerializerTest.cs(13,1): hidden CS8019: Unnecessary using directive.
C:\gh\azure-sdk-for-net\artifacts\obj\Microsoft.Azure.Core.NewtonsoftJson.Tests\Debug\net461\.NETFramework,Version=v4.6.1.AssemblyAttributes.cs(2,1): hidden CS8019: Unnecessary using directive.
C:\gh\azure-sdk-for-net\sdk\core\Microsoft.Azure.Core.NewtonsoftJson\tests\Samples\Readme.cs(13,1): hidden CS8019: Unnecessary using directive.
C:\gh\azure-sdk-for-net\sdk\core\Microsoft.Azure.Core.NewtonsoftJson\tests\NewtonsoftJsonObjectSerializerTest.cs(12,1): hidden CS8019: Unnecessary using directive.
C:\gh\azure-sdk-for-net\sdk\core\Microsoft.Azure.Core.NewtonsoftJson\tests\Samples\Readme.cs(9,1): hidden CS8019: Unnecessary using directive.
C:\gh\azure-sdk-for-net\sdk\core\Microsoft.Azure.Core.NewtonsoftJson\tests\Samples\Readme.cs(14,1): hidden CS8019: Unnecessary using directive.
C:\gh\azure-sdk-for-net\artifacts\obj\Microsoft.Azure.Core.NewtonsoftJson.Tests\Debug\net461\Microsoft.Azure.Core.NewtonsoftJson.Tests.AssemblyInfo.cs(11,1): hidden CS8019: Unnecessary using directive.
C:\gh\azure-sdk-for-net\artifacts\obj\Microsoft.Azure.Core.NewtonsoftJson.Tests\Debug\net461\.NETFramework,Version=v4.6.1.AssemblyAttributes.cs(3,1): hidden CS8019: Unnecessary using directive.
C:\gh\azure-sdk-for-net\sdk\core\Microsoft.Azure.Core.NewtonsoftJson\tests\Samples\Readme.cs(12,1): hidden CS8019: Unnecessary using directive.
C:\gh\azure-sdk-for-net\sdk\core\Microsoft.Azure.Core.NewtonsoftJson\tests\NewtonsoftJsonObjectSerializerTest.cs(14,1): hidden CS8019: Unnecessary using directive.
