C:\gh\azure-sdk-for-net\sdk\attestation\Azure.Security.Attestation\tests\AttestationClientTestEnvironment.cs(37,16): error CS0246: The type or namespace name 'TokenCredential' could not be found (are you missing a using directive or an assembly reference?)
C:\gh\azure-sdk-for-net\sdk\attestation\Azure.Security.Attestation\tests\Samples\AttestationServiceAttestationSamples.cs(143,10): error CS0246: The type or namespace name 'TestAttribute' could not be found (are you missing a using directive or an assembly reference?)
C:\gh\azure-sdk-for-net\sdk\attestation\Azure.Security.Attestation\tests\Samples\AttestationServiceAttestationSamples.cs(143,10): error CS0246: The type or namespace name 'Test' could not be found (are you missing a using directive or an assembly reference?)
C:\gh\azure-sdk-for-net\sdk\attestation\Azure.Security.Attestation\tests\TokenCertTests.cs(22,10): error CS0012: The type 'TestAttribute' is defined in an assembly that is not referenced. You must add a reference to assembly 'nunit.framework, Version=3.12.0.0, Culture=neutral, PublicKeyToken=2638cd05610744eb'.
C:\gh\azure-sdk-for-net\sdk\attestation\Azure.Security.Attestation\tests\PolicyGetSetTests.cs(313,10): error CS0012: The type 'TestAttribute' is defined in an assembly that is not referenced. You must add a reference to assembly 'nunit.framework, Version=3.12.0.0, Culture=neutral, PublicKeyToken=2638cd05610744eb'.
C:\gh\azure-sdk-for-net\sdk\attestation\Azure.Security.Attestation\tests\AttestationTests.cs(108,10): error CS0012: The type 'TestAttribute' is defined in an assembly that is not referenced. You must add a reference to assembly 'nunit.framework, Version=3.12.0.0, Culture=neutral, PublicKeyToken=2638cd05610744eb'.
C:\gh\azure-sdk-for-net\sdk\attestation\Azure.Security.Attestation\tests\PolicyGetSetTests.cs(303,10): error CS0012: The type 'TestAttribute' is defined in an assembly that is not referenced. You must add a reference to assembly 'nunit.framework, Version=3.12.0.0, Culture=neutral, PublicKeyToken=2638cd05610744eb'.
C:\gh\azure-sdk-for-net\sdk\attestation\Azure.Security.Attestation\tests\PolicyGetSetTests.cs(282,10): error CS0012: The type 'TestAttribute' is defined in an assembly that is not referenced. You must add a reference to assembly 'nunit.framework, Version=3.12.0.0, Culture=neutral, PublicKeyToken=2638cd05610744eb'.
C:\gh\azure-sdk-for-net\sdk\attestation\Azure.Security.Attestation\tests\Samples\AttestationServiceAttestationSamples.cs(108,10): error CS0246: The type or namespace name 'TestAttribute' could not be found (are you missing a using directive or an assembly reference?)
C:\gh\azure-sdk-for-net\sdk\attestation\Azure.Security.Attestation\tests\Samples\AttestationServiceAttestationSamples.cs(108,10): error CS0246: The type or namespace name 'Test' could not be found (are you missing a using directive or an assembly reference?)
C:\gh\azure-sdk-for-net\sdk\attestation\Azure.Security.Attestation\tests\PolicyGetSetTests.cs(274,10): error CS0012: The type 'TestAttribute' is defined in an assembly that is not referenced. You must add a reference to assembly 'nunit.framework, Version=3.12.0.0, Culture=neutral, PublicKeyToken=2638cd05610744eb'.
C:\gh\azure-sdk-for-net\sdk\attestation\Azure.Security.Attestation\tests\PolicyGetSetTests.cs(266,10): error CS0012: The type 'TestAttribute' is defined in an assembly that is not referenced. You must add a reference to assembly 'nunit.framework, Version=3.12.0.0, Culture=neutral, PublicKeyToken=2638cd05610744eb'.
C:\gh\azure-sdk-for-net\sdk\attestation\Azure.Security.Attestation\tests\PolicyGetSetTests.cs(174,10): error CS0012: The type 'TestAttribute' is defined in an assembly that is not referenced. You must add a reference to assembly 'nunit.framework, Version=3.12.0.0, Culture=neutral, PublicKeyToken=2638cd05610744eb'.
C:\gh\azure-sdk-for-net\sdk\attestation\Azure.Security.Attestation\tests\PolicyGetSetTests.cs(114,10): error CS0012: The type 'TestAttribute' is defined in an assembly that is not referenced. You must add a reference to assembly 'nunit.framework, Version=3.12.0.0, Culture=neutral, PublicKeyToken=2638cd05610744eb'.
C:\gh\azure-sdk-for-net\sdk\attestation\Azure.Security.Attestation\tests\PolicyGetSetTests.cs(51,10): error CS0012: The type 'TestAttribute' is defined in an assembly that is not referenced. You must add a reference to assembly 'nunit.framework, Version=3.12.0.0, Culture=neutral, PublicKeyToken=2638cd05610744eb'.
C:\gh\azure-sdk-for-net\sdk\attestation\Azure.Security.Attestation\tests\PolicyGetSetTests.cs(38,10): error CS0012: The type 'TestAttribute' is defined in an assembly that is not referenced. You must add a reference to assembly 'nunit.framework, Version=3.12.0.0, Culture=neutral, PublicKeyToken=2638cd05610744eb'.
C:\gh\azure-sdk-for-net\sdk\attestation\Azure.Security.Attestation\tests\PolicyGetSetTests.cs(25,10): error CS0012: The type 'TestAttribute' is defined in an assembly that is not referenced. You must add a reference to assembly 'nunit.framework, Version=3.12.0.0, Culture=neutral, PublicKeyToken=2638cd05610744eb'.
C:\gh\azure-sdk-for-net\sdk\attestation\Azure.Security.Attestation\tests\AttestationClientLiveTests.cs(7,7): error CS0246: The type or namespace name 'NUnit' could not be found (are you missing a using directive or an assembly reference?)
C:\gh\azure-sdk-for-net\sdk\attestation\Azure.Security.Attestation\tests\AttestationClientTestEnvironment.cs(11,13): error CS0234: The type or namespace name 'Identity' does not exist in the namespace 'Azure' (are you missing an assembly reference?)
C:\gh\azure-sdk-for-net\sdk\attestation\Azure.Security.Attestation\tests\AttestationTests.cs(9,7): error CS0246: The type or namespace name 'NUnit' could not be found (are you missing a using directive or an assembly reference?)
C:\gh\azure-sdk-for-net\sdk\attestation\Azure.Security.Attestation\tests\AttestationTests.cs(11,13): error CS0234: The type or namespace name 'Identity' does not exist in the namespace 'Azure' (are you missing an assembly reference?)
C:\gh\azure-sdk-for-net\sdk\attestation\Azure.Security.Attestation\tests\PolicyGetSetTests.cs(9,7): error CS0246: The type or namespace name 'NUnit' could not be found (are you missing a using directive or an assembly reference?)
C:\gh\azure-sdk-for-net\sdk\attestation\Azure.Security.Attestation\tests\PolicyGetSetTests.cs(11,13): error CS0234: The type or namespace name 'Identity' does not exist in the namespace 'Azure' (are you missing an assembly reference?)
C:\gh\azure-sdk-for-net\sdk\attestation\Azure.Security.Attestation\tests\Samples\AttestationServiceAttestationSamples.cs(13,13): error CS0234: The type or namespace name 'Identity' does not exist in the namespace 'Azure' (are you missing an assembly reference?)
C:\gh\azure-sdk-for-net\sdk\attestation\Azure.Security.Attestation\tests\Samples\AttestationServiceAttestationSamples.cs(15,7): error CS0246: The type or namespace name 'NUnit' could not be found (are you missing a using directive or an assembly reference?)
C:\gh\azure-sdk-for-net\sdk\attestation\Azure.Security.Attestation\tests\TokenCertTests.cs(9,7): error CS0246: The type or namespace name 'NUnit' could not be found (are you missing a using directive or an assembly reference?)
C:\gh\azure-sdk-for-net\sdk\attestation\Azure.Security.Attestation\tests\TokenCertTests.cs(11,13): error CS0234: The type or namespace name 'Identity' does not exist in the namespace 'Azure' (are you missing an assembly reference?)
C:\gh\azure-sdk-for-net\sdk\attestation\Azure.Security.Attestation\tests\TokenCertTests.cs(27,61): error CS0246: The type or namespace name 'Task<>' could not be found (are you missing a using directive or an assembly reference?)
C:\gh\azure-sdk-for-net\sdk\attestation\Azure.Security.Attestation\tests\TokenCertTests.cs(29,13): error CS0103: The name 'Assert' does not exist in the current context
C:\gh\azure-sdk-for-net\sdk\attestation\Azure.Security.Attestation\tests\PolicyGetSetTests.cs(30,58): error CS0246: The type or namespace name 'Task<>' could not be found (are you missing a using directive or an assembly reference?)
C:\gh\azure-sdk-for-net\sdk\attestation\Azure.Security.Attestation\tests\PolicyGetSetTests.cs(31,39): error CS0518: Predefined type 'System.String' is not defined or imported
C:\gh\azure-sdk-for-net\sdk\attestation\Azure.Security.Attestation\tests\PolicyGetSetTests.cs(35,13): error CS0103: The name 'Assert' does not exist in the current context
C:\gh\azure-sdk-for-net\sdk\attestation\Azure.Security.Attestation\tests\Samples\AttestationServiceAttestationSamples.cs(118,75): error CS0246: The type or namespace name 'Task<>' could not be found (are you missing a using directive or an assembly reference?)
C:\gh\azure-sdk-for-net\sdk\attestation\Azure.Security.Attestation\tests\Samples\AttestationServiceAttestationSamples.cs(122,91): error CS0103: The name 'BinaryData' does not exist in the current context
C:\gh\azure-sdk-for-net\sdk\attestation\Azure.Security.Attestation\tests\Samples\AttestationServiceAttestationSamples.cs(122,41): error CS0246: The type or namespace name 'ReadOnlyMemory<>' could not be found (are you missing a using directive or an assembly reference?)
C:\gh\azure-sdk-for-net\sdk\attestation\Azure.Security.Attestation\tests\Samples\AttestationServiceAttestationSamples.cs(123,17): error CS0103: The name 'Assert' does not exist in the current context
C:\gh\azure-sdk-for-net\sdk\attestation\Azure.Security.Attestation\tests\Samples\AttestationServiceAttestationSamples.cs(123,70): error CS0518: Predefined type 'System.Byte' is not defined or imported
C:\gh\azure-sdk-for-net\sdk\attestation\Azure.Security.Attestation\tests\AttestationTests.cs(116,75): error CS0246: The type or namespace name 'Task<>' could not be found (are you missing a using directive or an assembly reference?)
C:\gh\azure-sdk-for-net\sdk\attestation\Azure.Security.Attestation\tests\AttestationTests.cs(120,102): error CS0103: The name 'BinaryData' does not exist in the current context
C:\gh\azure-sdk-for-net\sdk\attestation\Azure.Security.Attestation\tests\AttestationTests.cs(120,47): error CS0246: The type or namespace name 'Task<>' could not be found (are you missing a using directive or an assembly reference?)
C:\gh\azure-sdk-for-net\sdk\attestation\Azure.Security.Attestation\tests\AttestationTests.cs(123,16): error CS0103: The name 'CollectionAssert' does not exist in the current context
C:\gh\azure-sdk-for-net\sdk\attestation\Azure.Security.Attestation\tests\AttestationClientTestEnvironment.cs(37,63): error CS0012: The type 'TokenCredential' is defined in an assembly that is not referenced. You must add a reference to assembly 'Azure.Core, Version=1.4.1.0, Culture=neutral, PublicKeyToken=92742159e12e44c8'.
C:\gh\azure-sdk-for-net\sdk\attestation\Azure.Security.Attestation\tests\PolicyGetSetTests.cs(43,58): error CS0246: The type or namespace name 'Task<>' could not be found (are you missing a using directive or an assembly reference?)
C:\gh\azure-sdk-for-net\sdk\attestation\Azure.Security.Attestation\tests\PolicyGetSetTests.cs(44,39): error CS0518: Predefined type 'System.String' is not defined or imported
C:\gh\azure-sdk-for-net\sdk\attestation\Azure.Security.Attestation\tests\PolicyGetSetTests.cs(48,13): error CS0103: The name 'Assert' does not exist in the current context
C:\gh\azure-sdk-for-net\sdk\attestation\Azure.Security.Attestation\tests\TokenCertTests.cs(38,55): error CS0518: Predefined type 'System.Void' is not defined or imported
C:\gh\azure-sdk-for-net\sdk\attestation\Azure.Security.Attestation\tests\TokenCertTests.cs(39,41): error CS0518: Predefined type 'System.Void' is not defined or imported
C:\gh\azure-sdk-for-net\sdk\attestation\Azure.Security.Attestation\tests\AttestationTests.cs(133,55): error CS0518: Predefined type 'System.Void' is not defined or imported
C:\gh\azure-sdk-for-net\sdk\attestation\Azure.Security.Attestation\tests\AttestationTests.cs(134,41): error CS0518: Predefined type 'System.Void' is not defined or imported
C:\gh\azure-sdk-for-net\sdk\attestation\Azure.Security.Attestation\tests\PolicyGetSetTests.cs(56,58): error CS0246: The type or namespace name 'Task<>' could not be found (are you missing a using directive or an assembly reference?)
C:\gh\azure-sdk-for-net\sdk\attestation\Azure.Security.Attestation\tests\PolicyGetSetTests.cs(57,39): error CS0518: Predefined type 'System.String' is not defined or imported
C:\gh\azure-sdk-for-net\sdk\attestation\Azure.Security.Attestation\tests\PolicyGetSetTests.cs(62,13): error CS0103: The name 'Assert' does not exist in the current context
C:\gh\azure-sdk-for-net\sdk\attestation\Azure.Security.Attestation\tests\AttestationTests.cs(141,55): error CS0518: Predefined type 'System.Void' is not defined or imported
C:\gh\azure-sdk-for-net\sdk\attestation\Azure.Security.Attestation\tests\AttestationTests.cs(142,41): error CS0518: Predefined type 'System.Void' is not defined or imported
C:\gh\azure-sdk-for-net\sdk\attestation\Azure.Security.Attestation\tests\Samples\AttestationServiceAttestationSamples.cs(133,110): error CS0246: The type or namespace name 'DefaultAzureCredential' could not be found (are you missing a using directive or an assembly reference?)
C:\gh\azure-sdk-for-net\sdk\attestation\Azure.Security.Attestation\tests\Samples\AttestationServiceAttestationSamples.cs(133,30): error CS0518: Predefined type 'System.Void' is not defined or imported
C:\gh\azure-sdk-for-net\sdk\attestation\Azure.Security.Attestation\tests\Samples\AttestationServiceAttestationSamples.cs(134,102): error CS0246: The type or namespace name 'DefaultAzureCredential' could not be found (are you missing a using directive or an assembly reference?)
C:\gh\azure-sdk-for-net\sdk\attestation\Azure.Security.Attestation\tests\Samples\AttestationServiceAttestationSamples.cs(135,21): error CS0518: Predefined type 'System.Void' is not defined or imported
C:\gh\azure-sdk-for-net\sdk\attestation\Azure.Security.Attestation\tests\Samples\AttestationServiceAttestationSamples.cs(134,36): error CS0518: Predefined type 'System.Void' is not defined or imported
C:\gh\azure-sdk-for-net\sdk\attestation\Azure.Security.Attestation\tests\Samples\AttestationServiceAttestationSamples.cs(137,68): error CS0246: The type or namespace name 'Response<>' could not be found (are you missing a using directive or an assembly reference?)
C:\gh\azure-sdk-for-net\sdk\attestation\Azure.Security.Attestation\tests\Samples\AttestationServiceAttestationSamples.cs(139,38): error CS0246: The type or namespace name 'Task<>' could not be found (are you missing a using directive or an assembly reference?)
C:\gh\azure-sdk-for-net\sdk\attestation\Azure.Security.Attestation\tests\AttestationTests.cs(149,55): error CS0518: Predefined type 'System.Void' is not defined or imported
C:\gh\azure-sdk-for-net\sdk\attestation\Azure.Security.Attestation\tests\AttestationTests.cs(150,41): error CS0518: Predefined type 'System.Void' is not defined or imported
C:\gh\azure-sdk-for-net\sdk\attestation\Azure.Security.Attestation\tests\PolicyGetSetTests.cs(102,40): error CS0518: Predefined type 'System.Void' is not defined or imported
C:\gh\azure-sdk-for-net\sdk\attestation\Azure.Security.Attestation\tests\PolicyGetSetTests.cs(106,40): error CS0518: Predefined type 'System.Void' is not defined or imported
C:\gh\azure-sdk-for-net\sdk\attestation\Azure.Security.Attestation\tests\PolicyGetSetTests.cs(109,41): error CS0246: The type or namespace name 'Task<>' could not be found (are you missing a using directive or an assembly reference?)
C:\gh\azure-sdk-for-net\sdk\attestation\Azure.Security.Attestation\tests\PolicyGetSetTests.cs(110,13): error CS0103: The name 'Assert' does not exist in the current context
C:\gh\azure-sdk-for-net\sdk\attestation\Azure.Security.Attestation\tests\PolicyGetSetTests.cs(111,13): error CS0103: The name 'Assert' does not exist in the current context
C:\gh\azure-sdk-for-net\sdk\attestation\Azure.Security.Attestation\tests\AttestationTests.cs(157,55): error CS0518: Predefined type 'System.Void' is not defined or imported
C:\gh\azure-sdk-for-net\sdk\attestation\Azure.Security.Attestation\tests\AttestationTests.cs(158,41): error CS0518: Predefined type 'System.Void' is not defined or imported
C:\gh\azure-sdk-for-net\sdk\attestation\Azure.Security.Attestation\tests\Samples\AttestationServiceAttestationSamples.cs(148,85): error CS0246: The type or namespace name 'DefaultAzureCredential' could not be found (are you missing a using directive or an assembly reference?)
C:\gh\azure-sdk-for-net\sdk\attestation\Azure.Security.Attestation\tests\Samples\AttestationServiceAttestationSamples.cs(148,30): error CS0518: Predefined type 'System.Void' is not defined or imported
C:\gh\azure-sdk-for-net\sdk\attestation\Azure.Security.Attestation\tests\Samples\AttestationServiceAttestationSamples.cs(149,77): error CS0246: The type or namespace name 'DefaultAzureCredential' could not be found (are you missing a using directive or an assembly reference?)
C:\gh\azure-sdk-for-net\sdk\attestation\Azure.Security.Attestation\tests\Samples\AttestationServiceAttestationSamples.cs(150,21): error CS0518: Predefined type 'System.Void' is not defined or imported
C:\gh\azure-sdk-for-net\sdk\attestation\Azure.Security.Attestation\tests\Samples\AttestationServiceAttestationSamples.cs(149,36): error CS0518: Predefined type 'System.Void' is not defined or imported
C:\gh\azure-sdk-for-net\sdk\attestation\Azure.Security.Attestation\tests\Samples\AttestationServiceAttestationSamples.cs(151,38): error CS0246: The type or namespace name 'Task<>' could not be found (are you missing a using directive or an assembly reference?)
C:\gh\azure-sdk-for-net\sdk\attestation\Azure.Security.Attestation\tests\Samples\AttestationServiceAttestationSamples.cs(161,21): error CS0518: Predefined type 'System.Void' is not defined or imported
C:\gh\azure-sdk-for-net\sdk\attestation\Azure.Security.Attestation\tests\Samples\AttestationServiceAttestationSamples.cs(161,47): error CS0518: Predefined type 'System.String' is not defined or imported
C:\gh\azure-sdk-for-net\sdk\attestation\Azure.Security.Attestation\tests\Samples\AttestationServiceAttestationSamples.cs(160,51): error CS0518: Predefined type 'System.Void' is not defined or imported
C:\gh\azure-sdk-for-net\sdk\attestation\Azure.Security.Attestation\tests\Samples\AttestationServiceAttestationSamples.cs(165,29): error CS0246: The type or namespace name 'CancellationToken' could not be found (are you missing a using directive or an assembly reference?)
C:\gh\azure-sdk-for-net\sdk\attestation\Azure.Security.Attestation\tests\Samples\AttestationServiceAttestationSamples.cs(167,31): error CS0246: The type or namespace name 'CancellationToken' could not be found (are you missing a using directive or an assembly reference?)
C:\gh\azure-sdk-for-net\sdk\attestation\Azure.Security.Attestation\tests\Samples\AttestationServiceAttestationSamples.cs(172,21): error CS0518: Predefined type 'System.Void' is not defined or imported
C:\gh\azure-sdk-for-net\sdk\attestation\Azure.Security.Attestation\tests\Samples\AttestationServiceAttestationSamples.cs(170,32): error CS0246: The type or namespace name 'CancellationToken' could not be found (are you missing a using directive or an assembly reference?)
C:\gh\azure-sdk-for-net\sdk\attestation\Azure.Security.Attestation\tests\Samples\AttestationServiceAttestationSamples.cs(181,31): error CS0518: Predefined type 'System.Void' is not defined or imported
C:\gh\azure-sdk-for-net\sdk\attestation\Azure.Security.Attestation\tests\Samples\AttestationServiceAttestationSamples.cs(183,65): error CS0246: The type or namespace name 'DefaultAzureCredential' could not be found (are you missing a using directive or an assembly reference?)
C:\gh\azure-sdk-for-net\sdk\attestation\Azure.Security.Attestation\tests\Samples\AttestationServiceAttestationSamples.cs(183,24): error CS0518: Predefined type 'System.Void' is not defined or imported
C:\gh\azure-sdk-for-net\sdk\attestation\Azure.Security.Attestation\tests\PolicyGetSetTests.cs(124,42): error CS0246: The type or namespace name 'Task<>' could not be found (are you missing a using directive or an assembly reference?)
C:\gh\azure-sdk-for-net\sdk\attestation\Azure.Security.Attestation\tests\PolicyGetSetTests.cs(133,72): error CS0518: Predefined type 'System.Void' is not defined or imported
C:\gh\azure-sdk-for-net\sdk\attestation\Azure.Security.Attestation\tests\PolicyGetSetTests.cs(133,98): error CS0518: Predefined type 'System.String' is not defined or imported
C:\gh\azure-sdk-for-net\sdk\attestation\Azure.Security.Attestation\tests\PolicyGetSetTests.cs(133,42): error CS0518: Predefined type 'System.Void' is not defined or imported
C:\gh\azure-sdk-for-net\sdk\attestation\Azure.Security.Attestation\tests\PolicyGetSetTests.cs(135,45): error CS0246: The type or namespace name 'Task<>' could not be found (are you missing a using directive or an assembly reference?)
C:\gh\azure-sdk-for-net\sdk\attestation\Azure.Security.Attestation\tests\PolicyGetSetTests.cs(138,86): error CS0518: Predefined type 'System.Object' is not defined or imported
C:\gh\azure-sdk-for-net\sdk\attestation\Azure.Security.Attestation\tests\PolicyGetSetTests.cs(138,86): error CS0518: Predefined type 'System.String' is not defined or imported
C:\gh\azure-sdk-for-net\sdk\attestation\Azure.Security.Attestation\tests\PolicyGetSetTests.cs(140,17): error CS0103: The name 'Assert' does not exist in the current context
C:\gh\azure-sdk-for-net\sdk\attestation\Azure.Security.Attestation\tests\PolicyGetSetTests.cs(141,17): error CS0103: The name 'Assert' does not exist in the current context
C:\gh\azure-sdk-for-net\sdk\attestation\Azure.Security.Attestation\tests\PolicyGetSetTests.cs(142,17): error CS0103: The name 'CollectionAssert' does not exist in the current context
C:\gh\azure-sdk-for-net\sdk\attestation\Azure.Security.Attestation\tests\PolicyGetSetTests.cs(146,42): error CS0246: The type or namespace name 'Task<>' could not be found (are you missing a using directive or an assembly reference?)
C:\gh\azure-sdk-for-net\sdk\attestation\Azure.Security.Attestation\tests\PolicyGetSetTests.cs(152,17): error CS0103: The name 'Assert' does not exist in the current context
C:\gh\azure-sdk-for-net\sdk\attestation\Azure.Security.Attestation\tests\PolicyGetSetTests.cs(155,44): error CS0518: Predefined type 'System.Void' is not defined or imported
C:\gh\azure-sdk-for-net\sdk\attestation\Azure.Security.Attestation\tests\PolicyGetSetTests.cs(157,45): error CS0246: The type or namespace name 'Task<>' could not be found (are you missing a using directive or an assembly reference?)
C:\gh\azure-sdk-for-net\sdk\attestation\Azure.Security.Attestation\tests\PolicyGetSetTests.cs(158,17): error CS0103: The name 'Assert' does not exist in the current context
C:\gh\azure-sdk-for-net\sdk\attestation\Azure.Security.Attestation\tests\PolicyGetSetTests.cs(159,17): error CS0103: The name 'Assert' does not exist in the current context
C:\gh\azure-sdk-for-net\sdk\attestation\Azure.Security.Attestation\tests\PolicyGetSetTests.cs(163,42): error CS0246: The type or namespace name 'Task<>' could not be found (are you missing a using directive or an assembly reference?)
C:\gh\azure-sdk-for-net\sdk\attestation\Azure.Security.Attestation\tests\PolicyGetSetTests.cs(170,17): error CS0103: The name 'Assert' does not exist in the current context
C:\gh\azure-sdk-for-net\sdk\attestation\Azure.Security.Attestation\tests\PolicyGetSetTests.cs(181,72): error CS0518: Predefined type 'System.Void' is not defined or imported
C:\gh\azure-sdk-for-net\sdk\attestation\Azure.Security.Attestation\tests\PolicyGetSetTests.cs(181,98): error CS0518: Predefined type 'System.String' is not defined or imported
C:\gh\azure-sdk-for-net\sdk\attestation\Azure.Security.Attestation\tests\PolicyGetSetTests.cs(181,42): error CS0518: Predefined type 'System.Void' is not defined or imported
C:\gh\azure-sdk-for-net\sdk\attestation\Azure.Security.Attestation\tests\PolicyGetSetTests.cs(184,86): error CS0518: Predefined type 'System.Object' is not defined or imported
C:\gh\azure-sdk-for-net\sdk\attestation\Azure.Security.Attestation\tests\PolicyGetSetTests.cs(184,86): error CS0518: Predefined type 'System.String' is not defined or imported
C:\gh\azure-sdk-for-net\sdk\attestation\Azure.Security.Attestation\tests\PolicyGetSetTests.cs(186,29): error CS0103: The name 'Assert' does not exist in the current context
C:\gh\azure-sdk-for-net\sdk\attestation\Azure.Security.Attestation\tests\PolicyGetSetTests.cs(186,54): error CS0234: The type or namespace name 'RequestFailedException' does not exist in the namespace 'Azure' (are you missing an assembly reference?)
C:\gh\azure-sdk-for-net\sdk\attestation\Azure.Security.Attestation\tests\PolicyGetSetTests.cs(187,17): error CS0103: The name 'Assert' does not exist in the current context
C:\gh\azure-sdk-for-net\sdk\attestation\Azure.Security.Attestation\tests\PolicyGetSetTests.cs(199,42): error CS0246: The type or namespace name 'Task<>' could not be found (are you missing a using directive or an assembly reference?)
C:\gh\azure-sdk-for-net\sdk\attestation\Azure.Security.Attestation\tests\PolicyGetSetTests.cs(224,70): error CS0518: Predefined type 'System.Void' is not defined or imported
C:\gh\azure-sdk-for-net\sdk\attestation\Azure.Security.Attestation\tests\PolicyGetSetTests.cs(224,96): error CS0518: Predefined type 'System.String' is not defined or imported
C:\gh\azure-sdk-for-net\sdk\attestation\Azure.Security.Attestation\tests\PolicyGetSetTests.cs(224,42): error CS0518: Predefined type 'System.Void' is not defined or imported
C:\gh\azure-sdk-for-net\sdk\attestation\Azure.Security.Attestation\tests\PolicyGetSetTests.cs(226,45): error CS0246: The type or namespace name 'Task<>' could not be found (are you missing a using directive or an assembly reference?)
C:\gh\azure-sdk-for-net\sdk\attestation\Azure.Security.Attestation\tests\PolicyGetSetTests.cs(229,86): error CS0518: Predefined type 'System.Object' is not defined or imported
C:\gh\azure-sdk-for-net\sdk\attestation\Azure.Security.Attestation\tests\PolicyGetSetTests.cs(229,86): error CS0518: Predefined type 'System.String' is not defined or imported
C:\gh\azure-sdk-for-net\sdk\attestation\Azure.Security.Attestation\tests\PolicyGetSetTests.cs(231,17): error CS0103: The name 'Assert' does not exist in the current context
C:\gh\azure-sdk-for-net\sdk\attestation\Azure.Security.Attestation\tests\PolicyGetSetTests.cs(232,17): error CS0103: The name 'Assert' does not exist in the current context
C:\gh\azure-sdk-for-net\sdk\attestation\Azure.Security.Attestation\tests\PolicyGetSetTests.cs(233,17): error CS0103: The name 'CollectionAssert' does not exist in the current context
C:\gh\azure-sdk-for-net\sdk\attestation\Azure.Security.Attestation\tests\PolicyGetSetTests.cs(234,17): error CS0103: The name 'Assert' does not exist in the current context
C:\gh\azure-sdk-for-net\sdk\attestation\Azure.Security.Attestation\tests\PolicyGetSetTests.cs(238,42): error CS0246: The type or namespace name 'Task<>' could not be found (are you missing a using directive or an assembly reference?)
C:\gh\azure-sdk-for-net\sdk\attestation\Azure.Security.Attestation\tests\PolicyGetSetTests.cs(244,17): error CS0103: The name 'Assert' does not exist in the current context
C:\gh\azure-sdk-for-net\sdk\attestation\Azure.Security.Attestation\tests\PolicyGetSetTests.cs(247,44): error CS0518: Predefined type 'System.Void' is not defined or imported
C:\gh\azure-sdk-for-net\sdk\attestation\Azure.Security.Attestation\tests\PolicyGetSetTests.cs(249,45): error CS0246: The type or namespace name 'Task<>' could not be found (are you missing a using directive or an assembly reference?)
C:\gh\azure-sdk-for-net\sdk\attestation\Azure.Security.Attestation\tests\PolicyGetSetTests.cs(250,17): error CS0103: The name 'Assert' does not exist in the current context
C:\gh\azure-sdk-for-net\sdk\attestation\Azure.Security.Attestation\tests\PolicyGetSetTests.cs(251,17): error CS0103: The name 'Assert' does not exist in the current context
C:\gh\azure-sdk-for-net\sdk\attestation\Azure.Security.Attestation\tests\PolicyGetSetTests.cs(255,42): error CS0246: The type or namespace name 'Task<>' could not be found (are you missing a using directive or an assembly reference?)
C:\gh\azure-sdk-for-net\sdk\attestation\Azure.Security.Attestation\tests\PolicyGetSetTests.cs(262,17): error CS0103: The name 'Assert' does not exist in the current context
C:\gh\azure-sdk-for-net\sdk\attestation\Azure.Security.Attestation\tests\PolicyGetSetTests.cs(287,47): error CS0246: The type or namespace name 'Task<>' could not be found (are you missing a using directive or an assembly reference?)
C:\gh\azure-sdk-for-net\sdk\attestation\Azure.Security.Attestation\tests\PolicyGetSetTests.cs(288,17): error CS0103: The name 'Assert' does not exist in the current context
C:\gh\azure-sdk-for-net\sdk\attestation\Azure.Security.Attestation\tests\PolicyGetSetTests.cs(299,17): error CS0103: The name 'Assert' does not exist in the current context
C:\gh\azure-sdk-for-net\sdk\attestation\Azure.Security.Attestation\tests\PolicyGetSetTests.cs(308,47): error CS0246: The type or namespace name 'Task<>' could not be found (are you missing a using directive or an assembly reference?)
C:\gh\azure-sdk-for-net\sdk\attestation\Azure.Security.Attestation\tests\PolicyGetSetTests.cs(309,17): error CS0103: The name 'Assert' does not exist in the current context
C:\gh\azure-sdk-for-net\sdk\attestation\Azure.Security.Attestation\tests\PolicyGetSetTests.cs(321,66): error CS0518: Predefined type 'System.Void' is not defined or imported
C:\gh\azure-sdk-for-net\sdk\attestation\Azure.Security.Attestation\tests\PolicyGetSetTests.cs(322,42): error CS0518: Predefined type 'System.Void' is not defined or imported
C:\gh\azure-sdk-for-net\sdk\attestation\Azure.Security.Attestation\tests\PolicyGetSetTests.cs(324,48): error CS0246: The type or namespace name 'Task<>' could not be found (are you missing a using directive or an assembly reference?)
C:\gh\azure-sdk-for-net\sdk\attestation\Azure.Security.Attestation\tests\PolicyGetSetTests.cs(325,17): error CS0103: The name 'Assert' does not exist in the current context
C:\gh\azure-sdk-for-net\sdk\attestation\Azure.Security.Attestation\tests\PolicyGetSetTests.cs(326,17): error CS0103: The name 'Assert' does not exist in the current context
C:\gh\azure-sdk-for-net\sdk\attestation\Azure.Security.Attestation\tests\PolicyGetSetTests.cs(329,47): error CS0246: The type or namespace name 'Task<>' could not be found (are you missing a using directive or an assembly reference?)
C:\gh\azure-sdk-for-net\sdk\attestation\Azure.Security.Attestation\tests\PolicyGetSetTests.cs(339,17): error CS0103: The name 'Assert' does not exist in the current context
C:\gh\azure-sdk-for-net\sdk\attestation\Azure.Security.Attestation\tests\PolicyGetSetTests.cs(344,66): error CS0518: Predefined type 'System.Void' is not defined or imported
C:\gh\azure-sdk-for-net\sdk\attestation\Azure.Security.Attestation\tests\PolicyGetSetTests.cs(345,42): error CS0518: Predefined type 'System.Void' is not defined or imported
C:\gh\azure-sdk-for-net\sdk\attestation\Azure.Security.Attestation\tests\PolicyGetSetTests.cs(347,48): error CS0246: The type or namespace name 'Task<>' could not be found (are you missing a using directive or an assembly reference?)
C:\gh\azure-sdk-for-net\sdk\attestation\Azure.Security.Attestation\tests\PolicyGetSetTests.cs(348,17): error CS0103: The name 'Assert' does not exist in the current context
C:\gh\azure-sdk-for-net\sdk\attestation\Azure.Security.Attestation\tests\PolicyGetSetTests.cs(349,17): error CS0103: The name 'Assert' does not exist in the current context
C:\gh\azure-sdk-for-net\sdk\attestation\Azure.Security.Attestation\tests\PolicyGetSetTests.cs(352,47): error CS0246: The type or namespace name 'Task<>' could not be found (are you missing a using directive or an assembly reference?)
C:\gh\azure-sdk-for-net\sdk\attestation\Azure.Security.Attestation\tests\PolicyGetSetTests.cs(362,17): error CS0103: The name 'Assert' does not exist in the current context
C:\gh\azure-sdk-for-net\sdk\attestation\Azure.Security.Attestation\tests\PolicyGetSetTests.cs(366,66): error CS0518: Predefined type 'System.Void' is not defined or imported
C:\gh\azure-sdk-for-net\sdk\attestation\Azure.Security.Attestation\tests\PolicyGetSetTests.cs(367,42): error CS0518: Predefined type 'System.Void' is not defined or imported
C:\gh\azure-sdk-for-net\sdk\attestation\Azure.Security.Attestation\tests\PolicyGetSetTests.cs(369,48): error CS0246: The type or namespace name 'Task<>' could not be found (are you missing a using directive or an assembly reference?)
C:\gh\azure-sdk-for-net\sdk\attestation\Azure.Security.Attestation\tests\PolicyGetSetTests.cs(370,17): error CS0103: The name 'Assert' does not exist in the current context
C:\gh\azure-sdk-for-net\sdk\attestation\Azure.Security.Attestation\tests\PolicyGetSetTests.cs(371,17): error CS0103: The name 'Assert' does not exist in the current context
C:\gh\azure-sdk-for-net\sdk\attestation\Azure.Security.Attestation\tests\PolicyGetSetTests.cs(374,47): error CS0246: The type or namespace name 'Task<>' could not be found (are you missing a using directive or an assembly reference?)
C:\gh\azure-sdk-for-net\sdk\attestation\Azure.Security.Attestation\tests\PolicyGetSetTests.cs(384,17): error CS0103: The name 'Assert' does not exist in the current context
C:\gh\azure-sdk-for-net\sdk\attestation\Azure.Security.Attestation\tests\PolicyGetSetTests.cs(391,55): error CS0518: Predefined type 'System.Void' is not defined or imported
C:\gh\azure-sdk-for-net\sdk\attestation\Azure.Security.Attestation\tests\PolicyGetSetTests.cs(392,41): error CS0518: Predefined type 'System.Void' is not defined or imported
C:\gh\azure-sdk-for-net\sdk\attestation\Azure.Security.Attestation\tests\PolicyGetSetTests.cs(399,55): error CS0518: Predefined type 'System.Void' is not defined or imported
C:\gh\azure-sdk-for-net\sdk\attestation\Azure.Security.Attestation\tests\PolicyGetSetTests.cs(400,41): error CS0518: Predefined type 'System.Void' is not defined or imported
C:\gh\azure-sdk-for-net\sdk\attestation\Azure.Security.Attestation\tests\PolicyGetSetTests.cs(407,55): error CS0518: Predefined type 'System.Void' is not defined or imported
C:\gh\azure-sdk-for-net\sdk\attestation\Azure.Security.Attestation\tests\PolicyGetSetTests.cs(408,41): error CS0518: Predefined type 'System.Void' is not defined or imported
C:\gh\azure-sdk-for-net\sdk\attestation\Azure.Security.Attestation\tests\TokenCertTests.cs(12,1): hidden CS8019: Unnecessary using directive.
C:\gh\azure-sdk-for-net\artifacts\obj\Azure.Security.Attestation.Tests\Debug\net461\Azure.Security.Attestation.Tests.AssemblyInfo.cs(11,1): hidden CS8019: Unnecessary using directive.
C:\gh\azure-sdk-for-net\sdk\attestation\Azure.Security.Attestation\tests\AttestationClientTestEnvironment.cs(11,1): hidden CS8019: Unnecessary using directive.
C:\gh\azure-sdk-for-net\sdk\attestation\Azure.Security.Attestation\tests\AttestationClientLiveTests.cs(7,1): hidden CS8019: Unnecessary using directive.
C:\gh\azure-sdk-for-net\sdk\attestation\Azure.Security.Attestation\tests\PolicyGetSetTests.cs(9,1): hidden CS8019: Unnecessary using directive.
C:\gh\azure-sdk-for-net\sdk\attestation\Azure.Security.Attestation\tests\Samples\AttestationServiceAttestationSamples.cs(6,1): hidden CS8019: Unnecessary using directive.
C:\gh\azure-sdk-for-net\sdk\attestation\Azure.Security.Attestation\tests\Samples\AttestationServiceAttestationSamples.cs(10,1): hidden CS8019: Unnecessary using directive.
C:\gh\azure-sdk-for-net\sdk\attestation\Azure.Security.Attestation\tests\AttestationClientTestEnvironment.cs(9,1): hidden CS8019: Unnecessary using directive.
C:\gh\azure-sdk-for-net\artifacts\obj\Azure.Security.Attestation.Tests\Debug\net461\Azure.Security.Attestation.Tests.AssemblyInfo.cs(12,1): hidden CS8019: Unnecessary using directive.
C:\gh\azure-sdk-for-net\sdk\attestation\Azure.Security.Attestation\tests\Samples\AttestationServiceAttestationSamples.cs(8,1): hidden CS8019: Unnecessary using directive.
C:\gh\azure-sdk-for-net\artifacts\obj\Azure.Security.Attestation.Tests\Debug\net461\.NETFramework,Version=v4.6.1.AssemblyAttributes.cs(2,1): hidden CS8019: Unnecessary using directive.
C:\gh\azure-sdk-for-net\sdk\attestation\Azure.Security.Attestation\tests\AttestationTests.cs(9,1): hidden CS8019: Unnecessary using directive.
C:\gh\azure-sdk-for-net\sdk\attestation\Azure.Security.Attestation\tests\PolicyGetSetTests.cs(11,1): hidden CS8019: Unnecessary using directive.
C:\gh\azure-sdk-for-net\sdk\attestation\Azure.Security.Attestation\tests\PolicyGetSetTests.cs(5,1): hidden CS8019: Unnecessary using directive.
C:\gh\azure-sdk-for-net\artifacts\obj\Azure.Security.Attestation.Tests\Debug\net461\.NETFramework,Version=v4.6.1.AssemblyAttributes.cs(3,1): hidden CS8019: Unnecessary using directive.
C:\gh\azure-sdk-for-net\sdk\attestation\Azure.Security.Attestation\tests\PolicyGetSetTests.cs(12,1): hidden CS8019: Unnecessary using directive.
C:\gh\azure-sdk-for-net\sdk\attestation\Azure.Security.Attestation\tests\TokenCertTests.cs(9,1): hidden CS8019: Unnecessary using directive.
C:\gh\azure-sdk-for-net\sdk\attestation\Azure.Security.Attestation\tests\AttestationClientLiveTests.cs(4,1): hidden CS8019: Unnecessary using directive.
C:\gh\azure-sdk-for-net\sdk\attestation\Azure.Security.Attestation\tests\Samples\AttestationServiceAttestationSamples.cs(13,1): hidden CS8019: Unnecessary using directive.
C:\gh\azure-sdk-for-net\sdk\attestation\Azure.Security.Attestation\tests\AttestationClientLiveTests.cs(5,1): hidden CS8019: Unnecessary using directive.
C:\gh\azure-sdk-for-net\sdk\attestation\Azure.Security.Attestation\tests\AttestationClientTestEnvironment.cs(8,1): hidden CS8019: Unnecessary using directive.
C:\gh\azure-sdk-for-net\sdk\attestation\Azure.Security.Attestation\tests\AttestationTests.cs(11,1): hidden CS8019: Unnecessary using directive.
C:\gh\azure-sdk-for-net\sdk\attestation\Azure.Security.Attestation\tests\TokenCertTests.cs(11,1): hidden CS8019: Unnecessary using directive.
C:\gh\azure-sdk-for-net\sdk\attestation\Azure.Security.Attestation\tests\TokenCertTests.cs(7,1): hidden CS8019: Unnecessary using directive.
C:\gh\azure-sdk-for-net\sdk\attestation\Azure.Security.Attestation\tests\Samples\AttestationServiceAttestationSamples.cs(7,1): hidden CS8019: Unnecessary using directive.
C:\gh\azure-sdk-for-net\sdk\attestation\Azure.Security.Attestation\tests\Samples\AttestationServiceAttestationSamples.cs(15,1): hidden CS8019: Unnecessary using directive.
