C:\gh\azure-sdk-for-net\sdk\synapse\Azure.Analytics.Synapse.Shared\tests\SynapseTestEventListener.cs(15,17): error CS0246: The type or namespace name 'AzureEventSourceListener' could not be found (are you missing a using directive or an assembly reference?)
C:\gh\azure-sdk-for-net\sdk\synapse\Azure.Analytics.Synapse.ManagedPrivateEndpoints\tests\ManagedPrivateEndpointsClientTestBase.cs(12,6): error CS0246: The type or namespace name 'NonParallelizableAttribute' could not be found (are you missing a using directive or an assembly reference?)
C:\gh\azure-sdk-for-net\sdk\synapse\Azure.Analytics.Synapse.ManagedPrivateEndpoints\tests\ManagedPrivateEndpointsClientTestBase.cs(12,6): error CS0246: The type or namespace name 'NonParallelizable' could not be found (are you missing a using directive or an assembly reference?)
C:\gh\azure-sdk-for-net\sdk\synapse\Azure.Analytics.Synapse.ManagedPrivateEndpoints\tests\ManagedPrivateEndpointsClientLiveTests.cs(30,10): error CS0246: The type or namespace name 'IgnoreAttribute' could not be found (are you missing a using directive or an assembly reference?)
C:\gh\azure-sdk-for-net\sdk\synapse\Azure.Analytics.Synapse.ManagedPrivateEndpoints\tests\ManagedPrivateEndpointsClientLiveTests.cs(30,10): error CS0246: The type or namespace name 'Ignore' could not be found (are you missing a using directive or an assembly reference?)
C:\gh\azure-sdk-for-net\sdk\synapse\Azure.Analytics.Synapse.ManagedPrivateEndpoints\tests\ManagedPrivateEndpointsClientLiveTests.cs(31,10): error CS0246: The type or namespace name 'TestAttribute' could not be found (are you missing a using directive or an assembly reference?)
C:\gh\azure-sdk-for-net\sdk\synapse\Azure.Analytics.Synapse.ManagedPrivateEndpoints\tests\ManagedPrivateEndpointsClientLiveTests.cs(31,10): error CS0246: The type or namespace name 'Test' could not be found (are you missing a using directive or an assembly reference?)
C:\gh\azure-sdk-for-net\sdk\synapse\Azure.Analytics.Synapse.ManagedPrivateEndpoints\tests\ManagedPrivateEndpointsClientLiveTests.cs(9,7): error CS0246: The type or namespace name 'NUnit' could not be found (are you missing a using directive or an assembly reference?)
C:\gh\azure-sdk-for-net\sdk\synapse\Azure.Analytics.Synapse.ManagedPrivateEndpoints\tests\ManagedPrivateEndpointsClientTestBase.cs(6,7): error CS0246: The type or namespace name 'NUnit' could not be found (are you missing a using directive or an assembly reference?)
C:\gh\azure-sdk-for-net\sdk\synapse\Azure.Analytics.Synapse.ManagedPrivateEndpoints\tests\samples\Sample1_HelloManangedPrivateEndpoint.cs(9,13): error CS0234: The type or namespace name 'Identity' does not exist in the namespace 'Azure' (are you missing an assembly reference?)
C:\gh\azure-sdk-for-net\sdk\synapse\Azure.Analytics.Synapse.ManagedPrivateEndpoints\tests\samples\Sample1_HelloManangedPrivateEndpoint.cs(10,7): error CS0246: The type or namespace name 'NUnit' could not be found (are you missing a using directive or an assembly reference?)
C:\gh\azure-sdk-for-net\sdk\synapse\Azure.Analytics.Synapse.Shared\tests\SampleFixture.cs(6,7): error CS0246: The type or namespace name 'NUnit' could not be found (are you missing a using directive or an assembly reference?)
C:\gh\azure-sdk-for-net\sdk\synapse\Azure.Analytics.Synapse.Shared\tests\SynapseTestEventListener.cs(6,18): error CS0234: The type or namespace name 'Diagnostics' does not exist in the namespace 'Azure.Core' (are you missing an assembly reference?)
C:\gh\azure-sdk-for-net\sdk\synapse\Azure.Analytics.Synapse.Shared\tests\SampleFixture.cs(10,6): error CS0012: The type 'NUnitAttribute' is defined in an assembly that is not referenced. You must add a reference to assembly 'nunit.framework, Version=3.12.0.0, Culture=neutral, PublicKeyToken=2638cd05610744eb'.
C:\gh\azure-sdk-for-net\sdk\synapse\Azure.Analytics.Synapse.Shared\tests\SampleFixture.cs(11,6): error CS0246: The type or namespace name 'NonParallelizableAttribute' could not be found (are you missing a using directive or an assembly reference?)
C:\gh\azure-sdk-for-net\sdk\synapse\Azure.Analytics.Synapse.Shared\tests\SampleFixture.cs(11,6): error CS0246: The type or namespace name 'NonParallelizable' could not be found (are you missing a using directive or an assembly reference?)
C:\gh\azure-sdk-for-net\sdk\synapse\Azure.Analytics.Synapse.Shared\tests\SampleFixture.cs(16,10): error CS0246: The type or namespace name 'SetUpAttribute' could not be found (are you missing a using directive or an assembly reference?)
C:\gh\azure-sdk-for-net\sdk\synapse\Azure.Analytics.Synapse.Shared\tests\SampleFixture.cs(16,10): error CS0246: The type or namespace name 'SetUp' could not be found (are you missing a using directive or an assembly reference?)
C:\gh\azure-sdk-for-net\sdk\synapse\Azure.Analytics.Synapse.ManagedPrivateEndpoints\tests\samples\Sample1_HelloManangedPrivateEndpoint.cs(16,10): error CS0246: The type or namespace name 'IgnoreAttribute' could not be found (are you missing a using directive or an assembly reference?)
C:\gh\azure-sdk-for-net\sdk\synapse\Azure.Analytics.Synapse.ManagedPrivateEndpoints\tests\samples\Sample1_HelloManangedPrivateEndpoint.cs(16,10): error CS0246: The type or namespace name 'Ignore' could not be found (are you missing a using directive or an assembly reference?)
C:\gh\azure-sdk-for-net\sdk\synapse\Azure.Analytics.Synapse.ManagedPrivateEndpoints\tests\samples\Sample1_HelloManangedPrivateEndpoint.cs(17,10): error CS0246: The type or namespace name 'TestAttribute' could not be found (are you missing a using directive or an assembly reference?)
C:\gh\azure-sdk-for-net\sdk\synapse\Azure.Analytics.Synapse.ManagedPrivateEndpoints\tests\samples\Sample1_HelloManangedPrivateEndpoint.cs(17,10): error CS0246: The type or namespace name 'Test' could not be found (are you missing a using directive or an assembly reference?)
C:\gh\azure-sdk-for-net\sdk\synapse\Azure.Analytics.Synapse.Shared\tests\SampleFixture.cs(19,10): error CS0246: The type or namespace name 'TearDownAttribute' could not be found (are you missing a using directive or an assembly reference?)
C:\gh\azure-sdk-for-net\sdk\synapse\Azure.Analytics.Synapse.Shared\tests\SampleFixture.cs(19,10): error CS0246: The type or namespace name 'TearDown' could not be found (are you missing a using directive or an assembly reference?)
C:\gh\azure-sdk-for-net\sdk\synapse\Azure.Analytics.Synapse.Shared\tests\SynapseTestEventListener.cs(25,29): error CS0103: The name 'AzureEventSourceListener' does not exist in the current context
C:\gh\azure-sdk-for-net\sdk\synapse\Azure.Analytics.Synapse.ManagedPrivateEndpoints\tests\ManagedPrivateEndpointsClientTestBase.cs(37,13): error CS0246: The type or namespace name 'TestContext' could not be found (are you missing a using directive or an assembly reference?)
C:\gh\azure-sdk-for-net\sdk\synapse\Azure.Analytics.Synapse.ManagedPrivateEndpoints\tests\ManagedPrivateEndpointsClientTestBase.cs(37,51): error CS0103: The name 'TestContext' does not exist in the current context
C:\gh\azure-sdk-for-net\sdk\synapse\Azure.Analytics.Synapse.ManagedPrivateEndpoints\tests\ManagedPrivateEndpointsClientTestBase.cs(43,33): error CS0103: The name 'TestContext' does not exist in the current context
C:\gh\azure-sdk-for-net\sdk\synapse\Azure.Analytics.Synapse.ManagedPrivateEndpoints\tests\samples\Sample1_HelloManangedPrivateEndpoint.cs(24,131): error CS0246: The type or namespace name 'DefaultAzureCredential' could not be found (are you missing a using directive or an assembly reference?)
C:\gh\azure-sdk-for-net\sdk\synapse\Azure.Analytics.Synapse.ManagedPrivateEndpoints\tests\samples\Sample1_HelloManangedPrivateEndpoint.cs(24,56): error CS0518: Predefined type 'System.Void' is not defined or imported
C:\gh\azure-sdk-for-net\sdk\synapse\Azure.Analytics.Synapse.ManagedPrivateEndpoints\tests\samples\Sample1_HelloManangedPrivateEndpoint.cs(33,76): error CS0518: Predefined type 'System.Void' is not defined or imported
C:\gh\azure-sdk-for-net\sdk\synapse\Azure.Analytics.Synapse.ManagedPrivateEndpoints\tests\samples\Sample1_HelloManangedPrivateEndpoint.cs(35,17): error CS0518: Predefined type 'System.Void' is not defined or imported
C:\gh\azure-sdk-for-net\sdk\synapse\Azure.Analytics.Synapse.ManagedPrivateEndpoints\tests\samples\Sample1_HelloManangedPrivateEndpoint.cs(35,34): error CS0518: Predefined type 'System.Void' is not defined or imported
C:\gh\azure-sdk-for-net\sdk\synapse\Azure.Analytics.Synapse.ManagedPrivateEndpoints\tests\samples\Sample1_HelloManangedPrivateEndpoint.cs(37,21): error CS0518: Predefined type 'System.String' is not defined or imported
C:\gh\azure-sdk-for-net\sdk\synapse\Azure.Analytics.Synapse.ManagedPrivateEndpoints\tests\samples\Sample1_HelloManangedPrivateEndpoint.cs(38,21): error CS0518: Predefined type 'System.String' is not defined or imported
C:\gh\azure-sdk-for-net\sdk\synapse\Azure.Analytics.Synapse.ManagedPrivateEndpoints\tests\samples\Sample1_HelloManangedPrivateEndpoint.cs(33,13): error CS0246: The type or namespace name 'Response<>' could not be found (are you missing a using directive or an assembly reference?)
C:\gh\azure-sdk-for-net\sdk\synapse\Azure.Analytics.Synapse.ManagedPrivateEndpoints\tests\samples\Sample1_HelloManangedPrivateEndpoint.cs(44,61): error CS0246: The type or namespace name 'Pageable<>' could not be found (are you missing a using directive or an assembly reference?)
C:\gh\azure-sdk-for-net\sdk\synapse\Azure.Analytics.Synapse.ManagedPrivateEndpoints\tests\samples\Sample1_HelloManangedPrivateEndpoint.cs(47,51): error CS0518: Predefined type 'System.String' is not defined or imported
C:\gh\azure-sdk-for-net\sdk\synapse\Azure.Analytics.Synapse.ManagedPrivateEndpoints\tests\samples\Sample1_HelloManangedPrivateEndpoint.cs(52,63): error CS0246: The type or namespace name 'Response<>' could not be found (are you missing a using directive or an assembly reference?)
C:\gh\azure-sdk-for-net\sdk\synapse\Azure.Analytics.Synapse.ManagedPrivateEndpoints\tests\samples\Sample1_HelloManangedPrivateEndpoint.cs(53,56): error CS0518: Predefined type 'System.String' is not defined or imported
C:\gh\azure-sdk-for-net\sdk\synapse\Azure.Analytics.Synapse.ManagedPrivateEndpoints\tests\samples\Sample1_HelloManangedPrivateEndpoint.cs(57,13): error CS0246: The type or namespace name 'Response' could not be found (are you missing a using directive or an assembly reference?)
C:\gh\azure-sdk-for-net\sdk\synapse\Azure.Analytics.Synapse.ManagedPrivateEndpoints\tests\ManagedPrivateEndpointsClientTestBase.cs(51,33): error CS0012: The type 'TokenCredential' is defined in an assembly that is not referenced. You must add a reference to assembly 'Azure.Core, Version=1.4.1.0, Culture=neutral, PublicKeyToken=92742159e12e44c8'.
C:\gh\azure-sdk-for-net\sdk\synapse\Azure.Analytics.Synapse.ManagedPrivateEndpoints\tests\ManagedPrivateEndpointsClientTestBase.cs(52,45): error CS0518: Predefined type 'System.Void' is not defined or imported
C:\gh\azure-sdk-for-net\sdk\synapse\Azure.Analytics.Synapse.ManagedPrivateEndpoints\tests\ManagedPrivateEndpointsClientTestBase.cs(49,41): error CS0518: Predefined type 'System.Void' is not defined or imported
C:\gh\azure-sdk-for-net\sdk\synapse\Azure.Analytics.Synapse.ManagedPrivateEndpoints\tests\ManagedPrivateEndpointsClientLiveTests.cs(40,158): error CS0518: Predefined type 'System.Void' is not defined or imported
C:\gh\azure-sdk-for-net\sdk\synapse\Azure.Analytics.Synapse.ManagedPrivateEndpoints\tests\ManagedPrivateEndpointsClientLiveTests.cs(42,17): error CS0518: Predefined type 'System.Void' is not defined or imported
C:\gh\azure-sdk-for-net\sdk\synapse\Azure.Analytics.Synapse.ManagedPrivateEndpoints\tests\ManagedPrivateEndpointsClientLiveTests.cs(42,34): error CS0518: Predefined type 'System.Void' is not defined or imported
C:\gh\azure-sdk-for-net\sdk\synapse\Azure.Analytics.Synapse.ManagedPrivateEndpoints\tests\ManagedPrivateEndpointsClientLiveTests.cs(44,21): error CS0518: Predefined type 'System.String' is not defined or imported
C:\gh\azure-sdk-for-net\sdk\synapse\Azure.Analytics.Synapse.ManagedPrivateEndpoints\tests\ManagedPrivateEndpointsClientLiveTests.cs(45,21): error CS0518: Predefined type 'System.String' is not defined or imported
C:\gh\azure-sdk-for-net\sdk\synapse\Azure.Analytics.Synapse.ManagedPrivateEndpoints\tests\ManagedPrivateEndpointsClientLiveTests.cs(40,67): error CS0246: The type or namespace name 'Task<>' could not be found (are you missing a using directive or an assembly reference?)
C:\gh\azure-sdk-for-net\sdk\synapse\Azure.Analytics.Synapse.ManagedPrivateEndpoints\tests\ManagedPrivateEndpointsClientLiveTests.cs(48,13): error CS0103: The name 'Assert' does not exist in the current context
C:\gh\azure-sdk-for-net\sdk\synapse\Azure.Analytics.Synapse.ManagedPrivateEndpoints\tests\ManagedPrivateEndpointsClientLiveTests.cs(49,13): error CS0103: The name 'Assert' does not exist in the current context
C:\gh\azure-sdk-for-net\sdk\synapse\Azure.Analytics.Synapse.ManagedPrivateEndpoints\tests\ManagedPrivateEndpointsClientLiveTests.cs(49,80): error CS0518: Predefined type 'System.String' is not defined or imported
C:\gh\azure-sdk-for-net\sdk\synapse\Azure.Analytics.Synapse.ManagedPrivateEndpoints\tests\ManagedPrivateEndpointsClientLiveTests.cs(50,13): error CS0103: The name 'Assert' does not exist in the current context
C:\gh\azure-sdk-for-net\sdk\synapse\Azure.Analytics.Synapse.ManagedPrivateEndpoints\tests\ManagedPrivateEndpointsClientLiveTests.cs(50,86): error CS0518: Predefined type 'System.String' is not defined or imported
C:\gh\azure-sdk-for-net\sdk\synapse\Azure.Analytics.Synapse.ManagedPrivateEndpoints\tests\ManagedPrivateEndpointsClientLiveTests.cs(51,13): error CS0103: The name 'Assert' does not exist in the current context
C:\gh\azure-sdk-for-net\sdk\synapse\Azure.Analytics.Synapse.ManagedPrivateEndpoints\tests\ManagedPrivateEndpointsClientLiveTests.cs(51,72): error CS0518: Predefined type 'System.String' is not defined or imported
C:\gh\azure-sdk-for-net\sdk\synapse\Azure.Analytics.Synapse.ManagedPrivateEndpoints\tests\ManagedPrivateEndpointsClientLiveTests.cs(54,67): error CS0246: The type or namespace name 'AsyncPageable<>' could not be found (are you missing a using directive or an assembly reference?)
C:\gh\azure-sdk-for-net\sdk\synapse\Azure.Analytics.Synapse.ManagedPrivateEndpoints\tests\ManagedPrivateEndpointsClientLiveTests.cs(55,13): error CS0103: The name 'Assert' does not exist in the current context
C:\gh\azure-sdk-for-net\sdk\synapse\Azure.Analytics.Synapse.ManagedPrivateEndpoints\tests\ManagedPrivateEndpointsClientLiveTests.cs(56,13): error CS0103: The name 'CollectionAssert' does not exist in the current context
C:\gh\azure-sdk-for-net\sdk\synapse\Azure.Analytics.Synapse.ManagedPrivateEndpoints\tests\ManagedPrivateEndpointsClientLiveTests.cs(57,13): error CS0103: The name 'Assert' does not exist in the current context
C:\gh\azure-sdk-for-net\sdk\synapse\Azure.Analytics.Synapse.ManagedPrivateEndpoints\tests\ManagedPrivateEndpointsClientLiveTests.cs(57,57): error CS0518: Predefined type 'System.String' is not defined or imported
C:\gh\azure-sdk-for-net\sdk\synapse\Azure.Analytics.Synapse.ManagedPrivateEndpoints\tests\ManagedPrivateEndpointsClientLiveTests.cs(60,60): error CS0246: The type or namespace name 'Task<>' could not be found (are you missing a using directive or an assembly reference?)
C:\gh\azure-sdk-for-net\sdk\synapse\Azure.Analytics.Synapse.ManagedPrivateEndpoints\tests\ManagedPrivateEndpointsClientLiveTests.cs(61,13): error CS0103: The name 'Assert' does not exist in the current context
C:\gh\azure-sdk-for-net\sdk\synapse\Azure.Analytics.Synapse.ManagedPrivateEndpoints\tests\ManagedPrivateEndpointsClientLiveTests.cs(61,73): error CS0518: Predefined type 'System.String' is not defined or imported
C:\gh\azure-sdk-for-net\sdk\synapse\Azure.Analytics.Synapse.ManagedPrivateEndpoints\tests\ManagedPrivateEndpointsClientLiveTests.cs(64,19): error CS0246: The type or namespace name 'Task<>' could not be found (are you missing a using directive or an assembly reference?)
C:\gh\azure-sdk-for-net\sdk\synapse\Azure.Analytics.Synapse.ManagedPrivateEndpoints\tests\ManagedPrivateEndpointsClientLiveTests.cs(65,38): error CS0246: The type or namespace name 'AsyncPageable<>' could not be found (are you missing a using directive or an assembly reference?)
C:\gh\azure-sdk-for-net\sdk\synapse\Azure.Analytics.Synapse.ManagedPrivateEndpoints\tests\ManagedPrivateEndpointsClientLiveTests.cs(66,13): error CS0103: The name 'Assert' does not exist in the current context
C:\gh\azure-sdk-for-net\sdk\synapse\Azure.Analytics.Synapse.ManagedPrivateEndpoints\tests\ManagedPrivateEndpointsClientLiveTests.cs(66,58): error CS0518: Predefined type 'System.String' is not defined or imported
C:\gh\azure-sdk-for-net\sdk\synapse\Azure.Analytics.Synapse.ManagedPrivateEndpoints\tests\ManagedPrivateEndpointsClientTestBase.cs(6,1): hidden CS8019: Unnecessary using directive.
C:\gh\azure-sdk-for-net\sdk\synapse\Azure.Analytics.Synapse.Shared\tests\SampleFixture.cs(6,1): hidden CS8019: Unnecessary using directive.
C:\gh\azure-sdk-for-net\sdk\synapse\Azure.Analytics.Synapse.ManagedPrivateEndpoints\tests\samples\Sample1_HelloManangedPrivateEndpoint.cs(10,1): hidden CS8019: Unnecessary using directive.
C:\gh\azure-sdk-for-net\artifacts\obj\Azure.Analytics.Synapse.ManagedPrivateEndpoints.Tests\Debug\net461\.NETFramework,Version=v4.6.1.AssemblyAttributes.cs(2,1): hidden CS8019: Unnecessary using directive.
C:\gh\azure-sdk-for-net\artifacts\obj\Azure.Analytics.Synapse.ManagedPrivateEndpoints.Tests\Debug\net461\Azure.Analytics.Synapse.ManagedPrivateEndpoints.Tests.AssemblyInfo.cs(11,1): hidden CS8019: Unnecessary using directive.
C:\gh\azure-sdk-for-net\artifacts\obj\Azure.Analytics.Synapse.ManagedPrivateEndpoints.Tests\Debug\net461\.NETFramework,Version=v4.6.1.AssemblyAttributes.cs(3,1): hidden CS8019: Unnecessary using directive.
C:\gh\azure-sdk-for-net\sdk\synapse\Azure.Analytics.Synapse.ManagedPrivateEndpoints\tests\ManagedPrivateEndpointsClientLiveTests.cs(9,1): hidden CS8019: Unnecessary using directive.
C:\gh\azure-sdk-for-net\sdk\synapse\Azure.Analytics.Synapse.Shared\tests\SynapseTestEventListener.cs(6,1): hidden CS8019: Unnecessary using directive.
C:\gh\azure-sdk-for-net\artifacts\obj\Azure.Analytics.Synapse.ManagedPrivateEndpoints.Tests\Debug\net461\Azure.Analytics.Synapse.ManagedPrivateEndpoints.Tests.AssemblyInfo.cs(12,1): hidden CS8019: Unnecessary using directive.
C:\gh\azure-sdk-for-net\sdk\synapse\Azure.Analytics.Synapse.ManagedPrivateEndpoints\tests\samples\Sample1_HelloManangedPrivateEndpoint.cs(9,1): hidden CS8019: Unnecessary using directive.
