C:\gh\azure-sdk-for-net\sdk\containerregistry\Microsoft.Azure.ContainerRegistry\tests\Tests\AuthTests.cs(64,44): error CS0246: The type or namespace name 'JwtSecurityToken' could not be found (are you missing a using directive or an assembly reference?)
C:\gh\azure-sdk-for-net\sdk\containerregistry\Microsoft.Azure.ContainerRegistry\tests\Helpers\RecordedDelegatingHandler.cs(12,46): error CS0246: The type or namespace name 'DelegatingHandler' could not be found (are you missing a using directive or an assembly reference?)
C:\gh\azure-sdk-for-net\sdk\containerregistry\Microsoft.Azure.ContainerRegistry\tests\Helpers\RecordedDelegatingHandler.cs(47,70): error CS0246: The type or namespace name 'HttpRequestMessage' could not be found (are you missing a using directive or an assembly reference?)
C:\gh\azure-sdk-for-net\sdk\containerregistry\Microsoft.Azure.ContainerRegistry\tests\Helpers\RecordedDelegatingHandler.cs(47,39): error CS0246: The type or namespace name 'HttpResponseMessage' could not be found (are you missing a using directive or an assembly reference?)
C:\gh\azure-sdk-for-net\sdk\containerregistry\Microsoft.Azure.ContainerRegistry\tests\Helpers\RecordedDelegatingHandler.cs(22,42): error CS0246: The type or namespace name 'HttpResponseMessage' could not be found (are you missing a using directive or an assembly reference?)
C:\gh\azure-sdk-for-net\sdk\containerregistry\Microsoft.Azure.ContainerRegistry\tests\Helpers\ACRTestUtil.cs(59,82): error CS0246: The type or namespace name 'MockContext' could not be found (are you missing a using directive or an assembly reference?)
C:\gh\azure-sdk-for-net\sdk\containerregistry\Microsoft.Azure.ContainerRegistry\tests\Helpers\RecordedDelegatingHandler.cs(14,17): error CS0246: The type or namespace name 'HttpResponseMessage' could not be found (are you missing a using directive or an assembly reference?)
C:\gh\azure-sdk-for-net\sdk\containerregistry\Microsoft.Azure.ContainerRegistry\tests\Tests\AuthTests.cs(35,10): error CS0246: The type or namespace name 'FactAttribute' could not be found (are you missing a using directive or an assembly reference?)
C:\gh\azure-sdk-for-net\sdk\containerregistry\Microsoft.Azure.ContainerRegistry\tests\Tests\AuthTests.cs(35,10): error CS0246: The type or namespace name 'Fact' could not be found (are you missing a using directive or an assembly reference?)
C:\gh\azure-sdk-for-net\sdk\containerregistry\Microsoft.Azure.ContainerRegistry\tests\Tests\TagTests.cs(121,10): error CS0246: The type or namespace name 'FactAttribute' could not be found (are you missing a using directive or an assembly reference?)
C:\gh\azure-sdk-for-net\sdk\containerregistry\Microsoft.Azure.ContainerRegistry\tests\Tests\TagTests.cs(121,10): error CS0246: The type or namespace name 'Fact' could not be found (are you missing a using directive or an assembly reference?)
C:\gh\azure-sdk-for-net\sdk\containerregistry\Microsoft.Azure.ContainerRegistry\tests\Tests\RepositoryTests.cs(84,10): error CS0246: The type or namespace name 'FactAttribute' could not be found (are you missing a using directive or an assembly reference?)
C:\gh\azure-sdk-for-net\sdk\containerregistry\Microsoft.Azure.ContainerRegistry\tests\Tests\RepositoryTests.cs(84,10): error CS0246: The type or namespace name 'Fact' could not be found (are you missing a using directive or an assembly reference?)
C:\gh\azure-sdk-for-net\sdk\containerregistry\Microsoft.Azure.ContainerRegistry\tests\Helpers\ACRTestUtil.cs(95,84): error CS0246: The type or namespace name 'MockContext' could not be found (are you missing a using directive or an assembly reference?)
C:\gh\azure-sdk-for-net\sdk\containerregistry\Microsoft.Azure.ContainerRegistry\tests\Tests\TagTests.cs(100,10): error CS0246: The type or namespace name 'FactAttribute' could not be found (are you missing a using directive or an assembly reference?)
C:\gh\azure-sdk-for-net\sdk\containerregistry\Microsoft.Azure.ContainerRegistry\tests\Tests\TagTests.cs(100,10): error CS0246: The type or namespace name 'Fact' could not be found (are you missing a using directive or an assembly reference?)
C:\gh\azure-sdk-for-net\sdk\containerregistry\Microsoft.Azure.ContainerRegistry\tests\Tests\AuthTests.cs(23,10): error CS0246: The type or namespace name 'FactAttribute' could not be found (are you missing a using directive or an assembly reference?)
C:\gh\azure-sdk-for-net\sdk\containerregistry\Microsoft.Azure.ContainerRegistry\tests\Tests\AuthTests.cs(23,10): error CS0246: The type or namespace name 'Fact' could not be found (are you missing a using directive or an assembly reference?)
C:\gh\azure-sdk-for-net\sdk\containerregistry\Microsoft.Azure.ContainerRegistry\tests\Tests\RepositoryTests.cs(57,10): error CS0246: The type or namespace name 'FactAttribute' could not be found (are you missing a using directive or an assembly reference?)
C:\gh\azure-sdk-for-net\sdk\containerregistry\Microsoft.Azure.ContainerRegistry\tests\Tests\RepositoryTests.cs(57,10): error CS0246: The type or namespace name 'Fact' could not be found (are you missing a using directive or an assembly reference?)
C:\gh\azure-sdk-for-net\sdk\containerregistry\Microsoft.Azure.ContainerRegistry\tests\Tests\TagTests.cs(86,10): error CS0246: The type or namespace name 'FactAttribute' could not be found (are you missing a using directive or an assembly reference?)
C:\gh\azure-sdk-for-net\sdk\containerregistry\Microsoft.Azure.ContainerRegistry\tests\Tests\TagTests.cs(86,10): error CS0246: The type or namespace name 'Fact' could not be found (are you missing a using directive or an assembly reference?)
C:\gh\azure-sdk-for-net\sdk\containerregistry\Microsoft.Azure.ContainerRegistry\tests\Tests\AuthTests.cs(12,10): error CS0246: The type or namespace name 'FactAttribute' could not be found (are you missing a using directive or an assembly reference?)
C:\gh\azure-sdk-for-net\sdk\containerregistry\Microsoft.Azure.ContainerRegistry\tests\Tests\AuthTests.cs(12,10): error CS0246: The type or namespace name 'Fact' could not be found (are you missing a using directive or an assembly reference?)
C:\gh\azure-sdk-for-net\sdk\containerregistry\Microsoft.Azure.ContainerRegistry\tests\Tests\ScopeTests.cs(31,10): error CS0246: The type or namespace name 'TheoryAttribute' could not be found (are you missing a using directive or an assembly reference?)
C:\gh\azure-sdk-for-net\sdk\containerregistry\Microsoft.Azure.ContainerRegistry\tests\Tests\ScopeTests.cs(31,10): error CS0246: The type or namespace name 'Theory' could not be found (are you missing a using directive or an assembly reference?)
C:\gh\azure-sdk-for-net\sdk\containerregistry\Microsoft.Azure.ContainerRegistry\tests\Tests\ScopeTests.cs(32,10): error CS0246: The type or namespace name 'MemberDataAttribute' could not be found (are you missing a using directive or an assembly reference?)
C:\gh\azure-sdk-for-net\sdk\containerregistry\Microsoft.Azure.ContainerRegistry\tests\Tests\ScopeTests.cs(32,10): error CS0246: The type or namespace name 'MemberData' could not be found (are you missing a using directive or an assembly reference?)
C:\gh\azure-sdk-for-net\sdk\containerregistry\Microsoft.Azure.ContainerRegistry\tests\Tests\TagTests.cs(73,10): error CS0246: The type or namespace name 'FactAttribute' could not be found (are you missing a using directive or an assembly reference?)
C:\gh\azure-sdk-for-net\sdk\containerregistry\Microsoft.Azure.ContainerRegistry\tests\Tests\TagTests.cs(73,10): error CS0246: The type or namespace name 'Fact' could not be found (are you missing a using directive or an assembly reference?)
C:\gh\azure-sdk-for-net\sdk\containerregistry\Microsoft.Azure.ContainerRegistry\tests\Tests\RepositoryTests.cs(36,10): error CS0246: The type or namespace name 'FactAttribute' could not be found (are you missing a using directive or an assembly reference?)
C:\gh\azure-sdk-for-net\sdk\containerregistry\Microsoft.Azure.ContainerRegistry\tests\Tests\RepositoryTests.cs(36,10): error CS0246: The type or namespace name 'Fact' could not be found (are you missing a using directive or an assembly reference?)
C:\gh\azure-sdk-for-net\sdk\containerregistry\Microsoft.Azure.ContainerRegistry\tests\Tests\TagTests.cs(56,10): error CS0246: The type or namespace name 'FactAttribute' could not be found (are you missing a using directive or an assembly reference?)
C:\gh\azure-sdk-for-net\sdk\containerregistry\Microsoft.Azure.ContainerRegistry\tests\Tests\TagTests.cs(56,10): error CS0246: The type or namespace name 'Fact' could not be found (are you missing a using directive or an assembly reference?)
C:\gh\azure-sdk-for-net\sdk\containerregistry\Microsoft.Azure.ContainerRegistry\tests\Tests\ScopeTests.cs(14,10): error CS0246: The type or namespace name 'FactAttribute' could not be found (are you missing a using directive or an assembly reference?)
C:\gh\azure-sdk-for-net\sdk\containerregistry\Microsoft.Azure.ContainerRegistry\tests\Tests\ScopeTests.cs(14,10): error CS0246: The type or namespace name 'Fact' could not be found (are you missing a using directive or an assembly reference?)
C:\gh\azure-sdk-for-net\sdk\containerregistry\Microsoft.Azure.ContainerRegistry\tests\Tests\BlobTests.cs(161,10): error CS0246: The type or namespace name 'FactAttribute' could not be found (are you missing a using directive or an assembly reference?)
C:\gh\azure-sdk-for-net\sdk\containerregistry\Microsoft.Azure.ContainerRegistry\tests\Tests\BlobTests.cs(161,10): error CS0246: The type or namespace name 'Fact' could not be found (are you missing a using directive or an assembly reference?)
C:\gh\azure-sdk-for-net\sdk\containerregistry\Microsoft.Azure.ContainerRegistry\tests\Tests\BlobTests.cs(161,15): error CS0246: The type or namespace name 'Skip' could not be found (are you missing a using directive or an assembly reference?)
C:\gh\azure-sdk-for-net\sdk\containerregistry\Microsoft.Azure.ContainerRegistry\tests\Tests\RepositoryTests.cs(16,10): error CS0246: The type or namespace name 'FactAttribute' could not be found (are you missing a using directive or an assembly reference?)
C:\gh\azure-sdk-for-net\sdk\containerregistry\Microsoft.Azure.ContainerRegistry\tests\Tests\RepositoryTests.cs(16,10): error CS0246: The type or namespace name 'Fact' could not be found (are you missing a using directive or an assembly reference?)
C:\gh\azure-sdk-for-net\sdk\containerregistry\Microsoft.Azure.ContainerRegistry\tests\Tests\BlobTests.cs(140,10): error CS0246: The type or namespace name 'FactAttribute' could not be found (are you missing a using directive or an assembly reference?)
C:\gh\azure-sdk-for-net\sdk\containerregistry\Microsoft.Azure.ContainerRegistry\tests\Tests\BlobTests.cs(140,10): error CS0246: The type or namespace name 'Fact' could not be found (are you missing a using directive or an assembly reference?)
C:\gh\azure-sdk-for-net\sdk\containerregistry\Microsoft.Azure.ContainerRegistry\tests\Tests\BlobTests.cs(140,15): error CS0246: The type or namespace name 'Skip' could not be found (are you missing a using directive or an assembly reference?)
C:\gh\azure-sdk-for-net\sdk\containerregistry\Microsoft.Azure.ContainerRegistry\tests\Tests\ManifestTests.cs(525,10): error CS0246: The type or namespace name 'FactAttribute' could not be found (are you missing a using directive or an assembly reference?)
C:\gh\azure-sdk-for-net\sdk\containerregistry\Microsoft.Azure.ContainerRegistry\tests\Tests\ManifestTests.cs(525,10): error CS0246: The type or namespace name 'Fact' could not be found (are you missing a using directive or an assembly reference?)
C:\gh\azure-sdk-for-net\sdk\containerregistry\Microsoft.Azure.ContainerRegistry\tests\Tests\BlobTests.cs(121,10): error CS0246: The type or namespace name 'FactAttribute' could not be found (are you missing a using directive or an assembly reference?)
C:\gh\azure-sdk-for-net\sdk\containerregistry\Microsoft.Azure.ContainerRegistry\tests\Tests\BlobTests.cs(121,10): error CS0246: The type or namespace name 'Fact' could not be found (are you missing a using directive or an assembly reference?)
C:\gh\azure-sdk-for-net\sdk\containerregistry\Microsoft.Azure.ContainerRegistry\tests\Tests\BlobTests.cs(107,10): error CS0246: The type or namespace name 'FactAttribute' could not be found (are you missing a using directive or an assembly reference?)
C:\gh\azure-sdk-for-net\sdk\containerregistry\Microsoft.Azure.ContainerRegistry\tests\Tests\BlobTests.cs(107,10): error CS0246: The type or namespace name 'Fact' could not be found (are you missing a using directive or an assembly reference?)
C:\gh\azure-sdk-for-net\sdk\containerregistry\Microsoft.Azure.ContainerRegistry\tests\Tests\ManifestTests.cs(498,10): error CS0246: The type or namespace name 'FactAttribute' could not be found (are you missing a using directive or an assembly reference?)
C:\gh\azure-sdk-for-net\sdk\containerregistry\Microsoft.Azure.ContainerRegistry\tests\Tests\ManifestTests.cs(498,10): error CS0246: The type or namespace name 'Fact' could not be found (are you missing a using directive or an assembly reference?)
C:\gh\azure-sdk-for-net\sdk\containerregistry\Microsoft.Azure.ContainerRegistry\tests\Tests\ManifestTests.cs(485,10): error CS0246: The type or namespace name 'FactAttribute' could not be found (are you missing a using directive or an assembly reference?)
C:\gh\azure-sdk-for-net\sdk\containerregistry\Microsoft.Azure.ContainerRegistry\tests\Tests\ManifestTests.cs(485,10): error CS0246: The type or namespace name 'Fact' could not be found (are you missing a using directive or an assembly reference?)
C:\gh\azure-sdk-for-net\sdk\containerregistry\Microsoft.Azure.ContainerRegistry\tests\Tests\BlobTests.cs(94,10): error CS0246: The type or namespace name 'FactAttribute' could not be found (are you missing a using directive or an assembly reference?)
C:\gh\azure-sdk-for-net\sdk\containerregistry\Microsoft.Azure.ContainerRegistry\tests\Tests\BlobTests.cs(94,10): error CS0246: The type or namespace name 'Fact' could not be found (are you missing a using directive or an assembly reference?)
C:\gh\azure-sdk-for-net\sdk\containerregistry\Microsoft.Azure.ContainerRegistry\tests\Tests\ManifestTests.cs(473,10): error CS0246: The type or namespace name 'FactAttribute' could not be found (are you missing a using directive or an assembly reference?)
C:\gh\azure-sdk-for-net\sdk\containerregistry\Microsoft.Azure.ContainerRegistry\tests\Tests\ManifestTests.cs(473,10): error CS0246: The type or namespace name 'Fact' could not be found (are you missing a using directive or an assembly reference?)
C:\gh\azure-sdk-for-net\sdk\containerregistry\Microsoft.Azure.ContainerRegistry\tests\Tests\ManifestTests.cs(460,10): error CS0246: The type or namespace name 'FactAttribute' could not be found (are you missing a using directive or an assembly reference?)
C:\gh\azure-sdk-for-net\sdk\containerregistry\Microsoft.Azure.ContainerRegistry\tests\Tests\ManifestTests.cs(460,10): error CS0246: The type or namespace name 'Fact' could not be found (are you missing a using directive or an assembly reference?)
C:\gh\azure-sdk-for-net\sdk\containerregistry\Microsoft.Azure.ContainerRegistry\tests\Tests\BlobTests.cs(80,10): error CS0246: The type or namespace name 'FactAttribute' could not be found (are you missing a using directive or an assembly reference?)
C:\gh\azure-sdk-for-net\sdk\containerregistry\Microsoft.Azure.ContainerRegistry\tests\Tests\BlobTests.cs(80,10): error CS0246: The type or namespace name 'Fact' could not be found (are you missing a using directive or an assembly reference?)
C:\gh\azure-sdk-for-net\sdk\containerregistry\Microsoft.Azure.ContainerRegistry\tests\Tests\ManifestTests.cs(447,10): error CS0246: The type or namespace name 'FactAttribute' could not be found (are you missing a using directive or an assembly reference?)
C:\gh\azure-sdk-for-net\sdk\containerregistry\Microsoft.Azure.ContainerRegistry\tests\Tests\ManifestTests.cs(447,10): error CS0246: The type or namespace name 'Fact' could not be found (are you missing a using directive or an assembly reference?)
C:\gh\azure-sdk-for-net\sdk\containerregistry\Microsoft.Azure.ContainerRegistry\tests\Tests\BlobTests.cs(69,10): error CS0246: The type or namespace name 'FactAttribute' could not be found (are you missing a using directive or an assembly reference?)
C:\gh\azure-sdk-for-net\sdk\containerregistry\Microsoft.Azure.ContainerRegistry\tests\Tests\BlobTests.cs(69,10): error CS0246: The type or namespace name 'Fact' could not be found (are you missing a using directive or an assembly reference?)
C:\gh\azure-sdk-for-net\sdk\containerregistry\Microsoft.Azure.ContainerRegistry\tests\Tests\ManifestTests.cs(434,10): error CS0246: The type or namespace name 'FactAttribute' could not be found (are you missing a using directive or an assembly reference?)
C:\gh\azure-sdk-for-net\sdk\containerregistry\Microsoft.Azure.ContainerRegistry\tests\Tests\ManifestTests.cs(434,10): error CS0246: The type or namespace name 'Fact' could not be found (are you missing a using directive or an assembly reference?)
C:\gh\azure-sdk-for-net\sdk\containerregistry\Microsoft.Azure.ContainerRegistry\tests\Tests\BlobTests.cs(56,10): error CS0246: The type or namespace name 'FactAttribute' could not be found (are you missing a using directive or an assembly reference?)
C:\gh\azure-sdk-for-net\sdk\containerregistry\Microsoft.Azure.ContainerRegistry\tests\Tests\BlobTests.cs(56,10): error CS0246: The type or namespace name 'Fact' could not be found (are you missing a using directive or an assembly reference?)
C:\gh\azure-sdk-for-net\sdk\containerregistry\Microsoft.Azure.ContainerRegistry\tests\Tests\ManifestTests.cs(422,10): error CS0246: The type or namespace name 'FactAttribute' could not be found (are you missing a using directive or an assembly reference?)
C:\gh\azure-sdk-for-net\sdk\containerregistry\Microsoft.Azure.ContainerRegistry\tests\Tests\ManifestTests.cs(422,10): error CS0246: The type or namespace name 'Fact' could not be found (are you missing a using directive or an assembly reference?)
C:\gh\azure-sdk-for-net\sdk\containerregistry\Microsoft.Azure.ContainerRegistry\tests\Tests\ManifestTests.cs(410,10): error CS0246: The type or namespace name 'FactAttribute' could not be found (are you missing a using directive or an assembly reference?)
C:\gh\azure-sdk-for-net\sdk\containerregistry\Microsoft.Azure.ContainerRegistry\tests\Tests\ManifestTests.cs(410,10): error CS0246: The type or namespace name 'Fact' could not be found (are you missing a using directive or an assembly reference?)
C:\gh\azure-sdk-for-net\sdk\containerregistry\Microsoft.Azure.ContainerRegistry\tests\Tests\BlobTests.cs(43,10): error CS0246: The type or namespace name 'FactAttribute' could not be found (are you missing a using directive or an assembly reference?)
C:\gh\azure-sdk-for-net\sdk\containerregistry\Microsoft.Azure.ContainerRegistry\tests\Tests\BlobTests.cs(43,10): error CS0246: The type or namespace name 'Fact' could not be found (are you missing a using directive or an assembly reference?)
C:\gh\azure-sdk-for-net\sdk\containerregistry\Microsoft.Azure.ContainerRegistry\tests\Tests\ManifestTests.cs(398,10): error CS0246: The type or namespace name 'FactAttribute' could not be found (are you missing a using directive or an assembly reference?)
C:\gh\azure-sdk-for-net\sdk\containerregistry\Microsoft.Azure.ContainerRegistry\tests\Tests\ManifestTests.cs(398,10): error CS0246: The type or namespace name 'Fact' could not be found (are you missing a using directive or an assembly reference?)
C:\gh\azure-sdk-for-net\sdk\containerregistry\Microsoft.Azure.ContainerRegistry\tests\Tests\BlobTests.cs(31,10): error CS0246: The type or namespace name 'FactAttribute' could not be found (are you missing a using directive or an assembly reference?)
C:\gh\azure-sdk-for-net\sdk\containerregistry\Microsoft.Azure.ContainerRegistry\tests\Tests\BlobTests.cs(31,10): error CS0246: The type or namespace name 'Fact' could not be found (are you missing a using directive or an assembly reference?)
C:\gh\azure-sdk-for-net\sdk\containerregistry\Microsoft.Azure.ContainerRegistry\tests\Tests\ManifestTests.cs(383,10): error CS0246: The type or namespace name 'FactAttribute' could not be found (are you missing a using directive or an assembly reference?)
C:\gh\azure-sdk-for-net\sdk\containerregistry\Microsoft.Azure.ContainerRegistry\tests\Tests\ManifestTests.cs(383,10): error CS0246: The type or namespace name 'Fact' could not be found (are you missing a using directive or an assembly reference?)
C:\gh\azure-sdk-for-net\sdk\containerregistry\Microsoft.Azure.ContainerRegistry\tests\Tests\BlobTests.cs(18,10): error CS0246: The type or namespace name 'FactAttribute' could not be found (are you missing a using directive or an assembly reference?)
C:\gh\azure-sdk-for-net\sdk\containerregistry\Microsoft.Azure.ContainerRegistry\tests\Tests\BlobTests.cs(18,10): error CS0246: The type or namespace name 'Fact' could not be found (are you missing a using directive or an assembly reference?)
C:\gh\azure-sdk-for-net\sdk\containerregistry\Microsoft.Azure.ContainerRegistry\tests\Tests\ManifestTests.cs(366,10): error CS0246: The type or namespace name 'FactAttribute' could not be found (are you missing a using directive or an assembly reference?)
C:\gh\azure-sdk-for-net\sdk\containerregistry\Microsoft.Azure.ContainerRegistry\tests\Tests\ManifestTests.cs(366,10): error CS0246: The type or namespace name 'Fact' could not be found (are you missing a using directive or an assembly reference?)
C:\gh\azure-sdk-for-net\eng\mgmt\DisableTestRunParallel.cs(7,12): error CS0246: The type or namespace name 'CollectionBehaviorAttribute' could not be found (are you missing a using directive or an assembly reference?)
C:\gh\azure-sdk-for-net\eng\mgmt\DisableTestRunParallel.cs(7,12): error CS0246: The type or namespace name 'CollectionBehavior' could not be found (are you missing a using directive or an assembly reference?)
C:\gh\azure-sdk-for-net\eng\mgmt\DisableTestRunParallel.cs(7,31): error CS0246: The type or namespace name 'DisableTestParallelization' could not be found (are you missing a using directive or an assembly reference?)
C:\gh\azure-sdk-for-net\eng\mgmt\DisableTestRunParallel.cs(7,66): error CS0246: The type or namespace name 'MaxParallelThreads' could not be found (are you missing a using directive or an assembly reference?)
C:\gh\azure-sdk-for-net\sdk\containerregistry\Microsoft.Azure.ContainerRegistry\tests\Helpers\RecordedDelegatingHandler.cs(6,18): error CS0234: The type or namespace name 'Http' does not exist in the namespace 'System.Net' (are you missing an assembly reference?)
C:\gh\azure-sdk-for-net\sdk\containerregistry\Microsoft.Azure.ContainerRegistry\tests\Helpers\RecordedDelegatingHandler.cs(7,18): error CS0234: The type or namespace name 'Http' does not exist in the namespace 'System.Net' (are you missing an assembly reference?)
C:\gh\azure-sdk-for-net\eng\mgmt\DisableTestRunParallel.cs(5,7): error CS0246: The type or namespace name 'Xunit' could not be found (are you missing a using directive or an assembly reference?)
C:\gh\azure-sdk-for-net\sdk\containerregistry\Microsoft.Azure.ContainerRegistry\tests\Helpers\ACRTestUtil.cs(10,18): error CS0234: The type or namespace name 'IdentityModel' does not exist in the namespace 'System' (are you missing an assembly reference?)
C:\gh\azure-sdk-for-net\sdk\containerregistry\Microsoft.Azure.ContainerRegistry\tests\Helpers\ACRTestUtil.cs(12,27): error CS0234: The type or namespace name 'Management' does not exist in the namespace 'Microsoft.Azure' (are you missing an assembly reference?)
C:\gh\azure-sdk-for-net\sdk\containerregistry\Microsoft.Azure.ContainerRegistry\tests\Helpers\ACRTestUtil.cs(13,21): error CS0234: The type or namespace name 'IdentityModel' does not exist in the namespace 'Microsoft' (are you missing an assembly reference?)
C:\gh\azure-sdk-for-net\sdk\containerregistry\Microsoft.Azure.ContainerRegistry\tests\Helpers\ACRTestUtil.cs(14,21): error CS0234: The type or namespace name 'Rest' does not exist in the namespace 'Microsoft' (are you missing an assembly reference?)
C:\gh\azure-sdk-for-net\sdk\containerregistry\Microsoft.Azure.ContainerRegistry\tests\Tests\AuthTests.cs(4,21): error CS0234: The type or namespace name 'Rest' does not exist in the namespace 'Microsoft' (are you missing an assembly reference?)
C:\gh\azure-sdk-for-net\sdk\containerregistry\Microsoft.Azure.ContainerRegistry\tests\Tests\AuthTests.cs(5,18): error CS0234: The type or namespace name 'IdentityModel' does not exist in the namespace 'System' (are you missing an assembly reference?)
C:\gh\azure-sdk-for-net\sdk\containerregistry\Microsoft.Azure.ContainerRegistry\tests\Tests\AuthTests.cs(8,11): error CS0246: The type or namespace name 'Xunit' could not be found (are you missing a using directive or an assembly reference?)
C:\gh\azure-sdk-for-net\sdk\containerregistry\Microsoft.Azure.ContainerRegistry\tests\Tests\BlobTests.cs(5,21): error CS0234: The type or namespace name 'Rest' does not exist in the namespace 'Microsoft' (are you missing an assembly reference?)
C:\gh\azure-sdk-for-net\sdk\containerregistry\Microsoft.Azure.ContainerRegistry\tests\Tests\BlobTests.cs(10,11): error CS0246: The type or namespace name 'Xunit' could not be found (are you missing a using directive or an assembly reference?)
C:\gh\azure-sdk-for-net\sdk\containerregistry\Microsoft.Azure.ContainerRegistry\tests\Tests\ManifestTests.cs(9,21): error CS0234: The type or namespace name 'Rest' does not exist in the namespace 'Microsoft' (are you missing an assembly reference?)
C:\gh\azure-sdk-for-net\sdk\containerregistry\Microsoft.Azure.ContainerRegistry\tests\Tests\ManifestTests.cs(13,11): error CS0246: The type or namespace name 'Xunit' could not be found (are you missing a using directive or an assembly reference?)
C:\gh\azure-sdk-for-net\sdk\containerregistry\Microsoft.Azure.ContainerRegistry\tests\Tests\RepositoryTests.cs(9,21): error CS0234: The type or namespace name 'Rest' does not exist in the namespace 'Microsoft' (are you missing an assembly reference?)
C:\gh\azure-sdk-for-net\sdk\containerregistry\Microsoft.Azure.ContainerRegistry\tests\Tests\RepositoryTests.cs(11,11): error CS0246: The type or namespace name 'Xunit' could not be found (are you missing a using directive or an assembly reference?)
C:\gh\azure-sdk-for-net\sdk\containerregistry\Microsoft.Azure.ContainerRegistry\tests\Tests\ScopeTests.cs(5,27): error CS0234: The type or namespace name 'Management' does not exist in the namespace 'Microsoft.Azure' (are you missing an assembly reference?)
C:\gh\azure-sdk-for-net\sdk\containerregistry\Microsoft.Azure.ContainerRegistry\tests\Tests\ScopeTests.cs(6,21): error CS0234: The type or namespace name 'Rest' does not exist in the namespace 'Microsoft' (are you missing an assembly reference?)
C:\gh\azure-sdk-for-net\sdk\containerregistry\Microsoft.Azure.ContainerRegistry\tests\Tests\ScopeTests.cs(8,22): error CS0234: The type or namespace name 'Http' does not exist in the namespace 'System.Net' (are you missing an assembly reference?)
C:\gh\azure-sdk-for-net\sdk\containerregistry\Microsoft.Azure.ContainerRegistry\tests\Tests\ScopeTests.cs(10,11): error CS0246: The type or namespace name 'Xunit' could not be found (are you missing a using directive or an assembly reference?)
C:\gh\azure-sdk-for-net\sdk\containerregistry\Microsoft.Azure.ContainerRegistry\tests\Tests\TagTests.cs(9,21): error CS0234: The type or namespace name 'Rest' does not exist in the namespace 'Microsoft' (are you missing an assembly reference?)
C:\gh\azure-sdk-for-net\sdk\containerregistry\Microsoft.Azure.ContainerRegistry\tests\Tests\TagTests.cs(12,11): error CS0246: The type or namespace name 'Xunit' could not be found (are you missing a using directive or an assembly reference?)
C:\gh\azure-sdk-for-net\sdk\containerregistry\Microsoft.Azure.ContainerRegistry\tests\Helpers\RecordedDelegatingHandler.cs(35,16): error CS0246: The type or namespace name 'HttpRequestHeaders' could not be found (are you missing a using directive or an assembly reference?)
C:\gh\azure-sdk-for-net\sdk\containerregistry\Microsoft.Azure.ContainerRegistry\tests\Helpers\RecordedDelegatingHandler.cs(37,16): error CS0246: The type or namespace name 'HttpContentHeaders' could not be found (are you missing a using directive or an assembly reference?)
C:\gh\azure-sdk-for-net\sdk\containerregistry\Microsoft.Azure.ContainerRegistry\tests\Helpers\RecordedDelegatingHandler.cs(39,16): error CS0246: The type or namespace name 'HttpMethod' could not be found (are you missing a using directive or an assembly reference?)
C:\gh\azure-sdk-for-net\sdk\containerregistry\Microsoft.Azure.ContainerRegistry\tests\Tests\BlobTests.cs(21,34): error CS0103: The name 'MockContext' does not exist in the current context
C:\gh\azure-sdk-for-net\sdk\containerregistry\Microsoft.Azure.ContainerRegistry\tests\Tests\BlobTests.cs(27,17): error CS0103: The name 'Assert' does not exist in the current context
C:\gh\azure-sdk-for-net\sdk\containerregistry\Microsoft.Azure.ContainerRegistry\tests\Tests\AuthTests.cs(15,34): error CS0103: The name 'MockContext' does not exist in the current context
C:\gh\azure-sdk-for-net\sdk\containerregistry\Microsoft.Azure.ContainerRegistry\tests\Tests\BlobTests.cs(34,34): error CS0103: The name 'MockContext' does not exist in the current context
C:\gh\azure-sdk-for-net\sdk\containerregistry\Microsoft.Azure.ContainerRegistry\tests\Tests\BlobTests.cs(38,17): error CS0103: The name 'Assert' does not exist in the current context
C:\gh\azure-sdk-for-net\sdk\containerregistry\Microsoft.Azure.ContainerRegistry\tests\Tests\BlobTests.cs(39,17): error CS0103: The name 'Assert' does not exist in the current context
C:\gh\azure-sdk-for-net\sdk\containerregistry\Microsoft.Azure.ContainerRegistry\tests\Tests\RepositoryTests.cs(19,34): error CS0103: The name 'MockContext' does not exist in the current context
C:\gh\azure-sdk-for-net\sdk\containerregistry\Microsoft.Azure.ContainerRegistry\tests\Tests\RepositoryTests.cs(24,17): error CS0103: The name 'Assert' does not exist in the current context
C:\gh\azure-sdk-for-net\sdk\containerregistry\Microsoft.Azure.ContainerRegistry\tests\Tests\RepositoryTests.cs(25,17): error CS0103: The name 'Assert' does not exist in the current context
C:\gh\azure-sdk-for-net\sdk\containerregistry\Microsoft.Azure.ContainerRegistry\tests\Tests\RepositoryTests.cs(28,17): error CS0103: The name 'Assert' does not exist in the current context
C:\gh\azure-sdk-for-net\sdk\containerregistry\Microsoft.Azure.ContainerRegistry\tests\Tests\RepositoryTests.cs(29,17): error CS0103: The name 'Assert' does not exist in the current context
C:\gh\azure-sdk-for-net\sdk\containerregistry\Microsoft.Azure.ContainerRegistry\tests\Helpers\RecordedDelegatingHandler.cs(83,21): error CS0246: The type or namespace name 'HttpResponseMessage' could not be found (are you missing a using directive or an assembly reference?)
C:\gh\azure-sdk-for-net\sdk\containerregistry\Microsoft.Azure.ContainerRegistry\tests\Helpers\RecordedDelegatingHandler.cs(83,56): error CS0246: The type or namespace name 'HttpResponseMessage' could not be found (are you missing a using directive or an assembly reference?)
C:\gh\azure-sdk-for-net\sdk\containerregistry\Microsoft.Azure.ContainerRegistry\tests\Helpers\RecordedDelegatingHandler.cs(84,44): error CS0246: The type or namespace name 'StringContent' could not be found (are you missing a using directive or an assembly reference?)
C:\gh\azure-sdk-for-net\sdk\containerregistry\Microsoft.Azure.ContainerRegistry\tests\Tests\AuthTests.cs(26,34): error CS0103: The name 'MockContext' does not exist in the current context
C:\gh\azure-sdk-for-net\sdk\containerregistry\Microsoft.Azure.ContainerRegistry\tests\Helpers\ACRTestUtil.cs(61,69): error CS0246: The type or namespace name 'ContainerRegistryManagementClient' could not be found (are you missing a using directive or an assembly reference?)
C:\gh\azure-sdk-for-net\sdk\containerregistry\Microsoft.Azure.ContainerRegistry\tests\Tests\TagTests.cs(59,34): error CS0103: The name 'MockContext' does not exist in the current context
C:\gh\azure-sdk-for-net\sdk\containerregistry\Microsoft.Azure.ContainerRegistry\tests\Tests\TagTests.cs(64,17): error CS0103: The name 'Assert' does not exist in the current context
C:\gh\azure-sdk-for-net\sdk\containerregistry\Microsoft.Azure.ContainerRegistry\tests\Tests\TagTests.cs(65,17): error CS0103: The name 'Assert' does not exist in the current context
C:\gh\azure-sdk-for-net\sdk\containerregistry\Microsoft.Azure.ContainerRegistry\tests\Tests\TagTests.cs(66,17): error CS0103: The name 'Assert' does not exist in the current context
C:\gh\azure-sdk-for-net\sdk\containerregistry\Microsoft.Azure.ContainerRegistry\tests\Tests\ScopeTests.cs(17,34): error CS0103: The name 'MockContext' does not exist in the current context
C:\gh\azure-sdk-for-net\sdk\containerregistry\Microsoft.Azure.ContainerRegistry\tests\Tests\BlobTests.cs(46,34): error CS0103: The name 'MockContext' does not exist in the current context
C:\gh\azure-sdk-for-net\sdk\containerregistry\Microsoft.Azure.ContainerRegistry\tests\Tests\BlobTests.cs(52,17): error CS0103: The name 'Assert' does not exist in the current context
C:\gh\azure-sdk-for-net\sdk\containerregistry\Microsoft.Azure.ContainerRegistry\tests\Tests\AuthTests.cs(38,34): error CS0103: The name 'MockContext' does not exist in the current context
C:\gh\azure-sdk-for-net\sdk\containerregistry\Microsoft.Azure.ContainerRegistry\tests\Tests\RepositoryTests.cs(39,34): error CS0103: The name 'MockContext' does not exist in the current context
C:\gh\azure-sdk-for-net\sdk\containerregistry\Microsoft.Azure.ContainerRegistry\tests\Tests\RepositoryTests.cs(44,17): error CS0103: The name 'Assert' does not exist in the current context
C:\gh\azure-sdk-for-net\sdk\containerregistry\Microsoft.Azure.ContainerRegistry\tests\Tests\RepositoryTests.cs(45,17): error CS0103: The name 'Assert' does not exist in the current context
C:\gh\azure-sdk-for-net\sdk\containerregistry\Microsoft.Azure.ContainerRegistry\tests\Tests\RepositoryTests.cs(46,17): error CS0103: The name 'Assert' does not exist in the current context
C:\gh\azure-sdk-for-net\sdk\containerregistry\Microsoft.Azure.ContainerRegistry\tests\Tests\RepositoryTests.cs(47,17): error CS0103: The name 'Assert' does not exist in the current context
C:\gh\azure-sdk-for-net\sdk\containerregistry\Microsoft.Azure.ContainerRegistry\tests\Tests\RepositoryTests.cs(48,17): error CS0103: The name 'Assert' does not exist in the current context
C:\gh\azure-sdk-for-net\sdk\containerregistry\Microsoft.Azure.ContainerRegistry\tests\Tests\RepositoryTests.cs(49,17): error CS0103: The name 'Assert' does not exist in the current context
C:\gh\azure-sdk-for-net\sdk\containerregistry\Microsoft.Azure.ContainerRegistry\tests\Tests\RepositoryTests.cs(50,17): error CS0103: The name 'Assert' does not exist in the current context
C:\gh\azure-sdk-for-net\sdk\containerregistry\Microsoft.Azure.ContainerRegistry\tests\Tests\RepositoryTests.cs(51,17): error CS0103: The name 'Assert' does not exist in the current context
C:\gh\azure-sdk-for-net\sdk\containerregistry\Microsoft.Azure.ContainerRegistry\tests\Tests\RepositoryTests.cs(52,17): error CS0103: The name 'Assert' does not exist in the current context
C:\gh\azure-sdk-for-net\sdk\containerregistry\Microsoft.Azure.ContainerRegistry\tests\Tests\AuthTests.cs(50,13): error CS0246: The type or namespace name 'JwtSecurityTokenHandler' could not be found (are you missing a using directive or an assembly reference?)
C:\gh\azure-sdk-for-net\sdk\containerregistry\Microsoft.Azure.ContainerRegistry\tests\Tests\AuthTests.cs(50,61): error CS0246: The type or namespace name 'JwtSecurityTokenHandler' could not be found (are you missing a using directive or an assembly reference?)
C:\gh\azure-sdk-for-net\sdk\containerregistry\Microsoft.Azure.ContainerRegistry\tests\Tests\AuthTests.cs(51,13): error CS0246: The type or namespace name 'JwtSecurityToken' could not be found (are you missing a using directive or an assembly reference?)
C:\gh\azure-sdk-for-net\sdk\containerregistry\Microsoft.Azure.ContainerRegistry\tests\Tests\AuthTests.cs(51,83): error CS0246: The type or namespace name 'JwtSecurityToken' could not be found (are you missing a using directive or an assembly reference?)
C:\gh\azure-sdk-for-net\sdk\containerregistry\Microsoft.Azure.ContainerRegistry\tests\Tests\AuthTests.cs(53,13): error CS0103: The name 'Assert' does not exist in the current context
C:\gh\azure-sdk-for-net\sdk\containerregistry\Microsoft.Azure.ContainerRegistry\tests\Tests\ScopeTests.cs(35,34): error CS0103: The name 'MockContext' does not exist in the current context
C:\gh\azure-sdk-for-net\sdk\containerregistry\Microsoft.Azure.ContainerRegistry\tests\Tests\ScopeTests.cs(37,40): error CS0246: The type or namespace name 'HttpRequestMessage' could not be found (are you missing a using directive or an assembly reference?)
C:\gh\azure-sdk-for-net\sdk\containerregistry\Microsoft.Azure.ContainerRegistry\tests\Tests\ScopeTests.cs(42,17): error CS0103: The name 'Assert' does not exist in the current context
C:\gh\azure-sdk-for-net\sdk\containerregistry\Microsoft.Azure.ContainerRegistry\tests\Tests\TagTests.cs(76,34): error CS0103: The name 'MockContext' does not exist in the current context
C:\gh\azure-sdk-for-net\sdk\containerregistry\Microsoft.Azure.ContainerRegistry\tests\Tests\TagTests.cs(80,17): error CS0103: The name 'Assert' does not exist in the current context
C:\gh\azure-sdk-for-net\sdk\containerregistry\Microsoft.Azure.ContainerRegistry\tests\Tests\TagTests.cs(81,17): error CS0103: The name 'Assert' does not exist in the current context
C:\gh\azure-sdk-for-net\sdk\containerregistry\Microsoft.Azure.ContainerRegistry\tests\Tests\TagTests.cs(82,17): error CS0103: The name 'Assert' does not exist in the current context
C:\gh\azure-sdk-for-net\sdk\containerregistry\Microsoft.Azure.ContainerRegistry\tests\Tests\AuthTests.cs(58,13): error CS0246: The type or namespace name 'JwtSecurityTokenHandler' could not be found (are you missing a using directive or an assembly reference?)
C:\gh\azure-sdk-for-net\sdk\containerregistry\Microsoft.Azure.ContainerRegistry\tests\Tests\AuthTests.cs(58,61): error CS0246: The type or namespace name 'JwtSecurityTokenHandler' could not be found (are you missing a using directive or an assembly reference?)
C:\gh\azure-sdk-for-net\sdk\containerregistry\Microsoft.Azure.ContainerRegistry\tests\Tests\AuthTests.cs(59,13): error CS0246: The type or namespace name 'JwtSecurityToken' could not be found (are you missing a using directive or an assembly reference?)
C:\gh\azure-sdk-for-net\sdk\containerregistry\Microsoft.Azure.ContainerRegistry\tests\Tests\AuthTests.cs(59,84): error CS0246: The type or namespace name 'JwtSecurityToken' could not be found (are you missing a using directive or an assembly reference?)
C:\gh\azure-sdk-for-net\sdk\containerregistry\Microsoft.Azure.ContainerRegistry\tests\Tests\AuthTests.cs(61,13): error CS0103: The name 'Assert' does not exist in the current context
C:\gh\azure-sdk-for-net\sdk\containerregistry\Microsoft.Azure.ContainerRegistry\tests\Tests\BlobTests.cs(59,34): error CS0103: The name 'MockContext' does not exist in the current context
C:\gh\azure-sdk-for-net\sdk\containerregistry\Microsoft.Azure.ContainerRegistry\tests\Tests\BlobTests.cs(65,17): error CS0103: The name 'Assert' does not exist in the current context
C:\gh\azure-sdk-for-net\sdk\containerregistry\Microsoft.Azure.ContainerRegistry\tests\Tests\RepositoryTests.cs(60,34): error CS0103: The name 'MockContext' does not exist in the current context
C:\gh\azure-sdk-for-net\sdk\containerregistry\Microsoft.Azure.ContainerRegistry\tests\Tests\RepositoryTests.cs(77,17): error CS0103: The name 'Assert' does not exist in the current context
C:\gh\azure-sdk-for-net\sdk\containerregistry\Microsoft.Azure.ContainerRegistry\tests\Tests\RepositoryTests.cs(78,17): error CS0103: The name 'Assert' does not exist in the current context
C:\gh\azure-sdk-for-net\sdk\containerregistry\Microsoft.Azure.ContainerRegistry\tests\Tests\RepositoryTests.cs(79,17): error CS0103: The name 'Assert' does not exist in the current context
C:\gh\azure-sdk-for-net\sdk\containerregistry\Microsoft.Azure.ContainerRegistry\tests\Tests\RepositoryTests.cs(80,17): error CS0103: The name 'Assert' does not exist in the current context
C:\gh\azure-sdk-for-net\sdk\containerregistry\Microsoft.Azure.ContainerRegistry\tests\Tests\AuthTests.cs(66,13): error CS0103: The name 'Assert' does not exist in the current context
C:\gh\azure-sdk-for-net\sdk\containerregistry\Microsoft.Azure.ContainerRegistry\tests\Tests\AuthTests.cs(67,13): error CS0103: The name 'Assert' does not exist in the current context
C:\gh\azure-sdk-for-net\sdk\containerregistry\Microsoft.Azure.ContainerRegistry\tests\Tests\AuthTests.cs(68,13): error CS0103: The name 'Assert' does not exist in the current context
C:\gh\azure-sdk-for-net\sdk\containerregistry\Microsoft.Azure.ContainerRegistry\tests\Tests\AuthTests.cs(69,13): error CS0103: The name 'Assert' does not exist in the current context
C:\gh\azure-sdk-for-net\sdk\containerregistry\Microsoft.Azure.ContainerRegistry\tests\Tests\AuthTests.cs(72,13): error CS0103: The name 'Assert' does not exist in the current context
C:\gh\azure-sdk-for-net\sdk\containerregistry\Microsoft.Azure.ContainerRegistry\tests\Helpers\ACRTestUtil.cs(97,69): error CS0246: The type or namespace name 'ContainerRegistryManagementClient' could not be found (are you missing a using directive or an assembly reference?)
C:\gh\azure-sdk-for-net\sdk\containerregistry\Microsoft.Azure.ContainerRegistry\tests\Tests\BlobTests.cs(72,34): error CS0103: The name 'MockContext' does not exist in the current context
C:\gh\azure-sdk-for-net\sdk\containerregistry\Microsoft.Azure.ContainerRegistry\tests\Tests\TagTests.cs(89,34): error CS0103: The name 'MockContext' does not exist in the current context
C:\gh\azure-sdk-for-net\sdk\containerregistry\Microsoft.Azure.ContainerRegistry\tests\Tests\TagTests.cs(96,17): error CS0103: The name 'Assert' does not exist in the current context
C:\gh\azure-sdk-for-net\sdk\containerregistry\Microsoft.Azure.ContainerRegistry\tests\Tests\RepositoryTests.cs(87,34): error CS0103: The name 'MockContext' does not exist in the current context
C:\gh\azure-sdk-for-net\sdk\containerregistry\Microsoft.Azure.ContainerRegistry\tests\Tests\RepositoryTests.cs(103,17): error CS0103: The name 'Assert' does not exist in the current context
C:\gh\azure-sdk-for-net\sdk\containerregistry\Microsoft.Azure.ContainerRegistry\tests\Tests\RepositoryTests.cs(104,17): error CS0103: The name 'Assert' does not exist in the current context
C:\gh\azure-sdk-for-net\sdk\containerregistry\Microsoft.Azure.ContainerRegistry\tests\Tests\RepositoryTests.cs(105,17): error CS0103: The name 'Assert' does not exist in the current context
C:\gh\azure-sdk-for-net\sdk\containerregistry\Microsoft.Azure.ContainerRegistry\tests\Tests\RepositoryTests.cs(106,17): error CS0103: The name 'Assert' does not exist in the current context
C:\gh\azure-sdk-for-net\sdk\containerregistry\Microsoft.Azure.ContainerRegistry\tests\Tests\RepositoryTests.cs(107,17): error CS0103: The name 'Assert' does not exist in the current context
C:\gh\azure-sdk-for-net\sdk\containerregistry\Microsoft.Azure.ContainerRegistry\tests\Tests\RepositoryTests.cs(108,17): error CS0103: The name 'Assert' does not exist in the current context
C:\gh\azure-sdk-for-net\sdk\containerregistry\Microsoft.Azure.ContainerRegistry\tests\Tests\RepositoryTests.cs(109,17): error CS0103: The name 'Assert' does not exist in the current context
C:\gh\azure-sdk-for-net\sdk\containerregistry\Microsoft.Azure.ContainerRegistry\tests\Helpers\ACRTestUtil.cs(139,13): error CS0246: The type or namespace name 'TestEnvironment' could not be found (are you missing a using directive or an assembly reference?)
C:\gh\azure-sdk-for-net\sdk\containerregistry\Microsoft.Azure.ContainerRegistry\tests\Helpers\ACRTestUtil.cs(139,47): error CS0103: The name 'TestEnvironmentFactory' does not exist in the current context
C:\gh\azure-sdk-for-net\sdk\containerregistry\Microsoft.Azure.ContainerRegistry\tests\Helpers\ACRTestUtil.cs(140,78): error CS0103: The name 'ConnectionStringKeys' does not exist in the current context
C:\gh\azure-sdk-for-net\sdk\containerregistry\Microsoft.Azure.ContainerRegistry\tests\Helpers\ACRTestUtil.cs(141,82): error CS0103: The name 'ConnectionStringKeys' does not exist in the current context
C:\gh\azure-sdk-for-net\sdk\containerregistry\Microsoft.Azure.ContainerRegistry\tests\Helpers\ACRTestUtil.cs(142,80): error CS0103: The name 'ConnectionStringKeys' does not exist in the current context
C:\gh\azure-sdk-for-net\sdk\containerregistry\Microsoft.Azure.ContainerRegistry\tests\Helpers\ACRTestUtil.cs(147,40): error CS0246: The type or namespace name 'JwtSecurityTokenHandler' could not be found (are you missing a using directive or an assembly reference?)
C:\gh\azure-sdk-for-net\sdk\containerregistry\Microsoft.Azure.ContainerRegistry\tests\Helpers\ACRTestUtil.cs(153,31): error CS0246: The type or namespace name 'AuthenticationContext' could not be found (are you missing a using directive or an assembly reference?)
C:\gh\azure-sdk-for-net\sdk\containerregistry\Microsoft.Azure.ContainerRegistry\tests\Helpers\ACRTestUtil.cs(154,40): error CS0246: The type or namespace name 'ClientCredential' could not be found (are you missing a using directive or an assembly reference?)
C:\gh\azure-sdk-for-net\sdk\containerregistry\Microsoft.Azure.ContainerRegistry\tests\Tests\BlobTests.cs(83,34): error CS0103: The name 'MockContext' does not exist in the current context
C:\gh\azure-sdk-for-net\sdk\containerregistry\Microsoft.Azure.ContainerRegistry\tests\Tests\BlobTests.cs(88,17): error CS0103: The name 'Assert' does not exist in the current context
C:\gh\azure-sdk-for-net\sdk\containerregistry\Microsoft.Azure.ContainerRegistry\tests\Tests\BlobTests.cs(89,17): error CS0103: The name 'Assert' does not exist in the current context
C:\gh\azure-sdk-for-net\sdk\containerregistry\Microsoft.Azure.ContainerRegistry\tests\Tests\ScopeTests.cs(89,13): error CS0103: The name 'Assert' does not exist in the current context
C:\gh\azure-sdk-for-net\sdk\containerregistry\Microsoft.Azure.ContainerRegistry\tests\Tests\ScopeTests.cs(90,13): error CS0103: The name 'Assert' does not exist in the current context
C:\gh\azure-sdk-for-net\sdk\containerregistry\Microsoft.Azure.ContainerRegistry\tests\Tests\ScopeTests.cs(96,17): error CS0103: The name 'Assert' does not exist in the current context
C:\gh\azure-sdk-for-net\sdk\containerregistry\Microsoft.Azure.ContainerRegistry\tests\Tests\ScopeTests.cs(99,21): error CS0103: The name 'Assert' does not exist in the current context
C:\gh\azure-sdk-for-net\sdk\containerregistry\Microsoft.Azure.ContainerRegistry\tests\Tests\ScopeTests.cs(100,21): error CS0103: The name 'Assert' does not exist in the current context
C:\gh\azure-sdk-for-net\sdk\containerregistry\Microsoft.Azure.ContainerRegistry\tests\Tests\ScopeTests.cs(101,21): error CS0103: The name 'Assert' does not exist in the current context
C:\gh\azure-sdk-for-net\sdk\containerregistry\Microsoft.Azure.ContainerRegistry\tests\Tests\ScopeTests.cs(103,17): error CS0103: The name 'Assert' does not exist in the current context
C:\gh\azure-sdk-for-net\sdk\containerregistry\Microsoft.Azure.ContainerRegistry\tests\Tests\ScopeTests.cs(104,17): error CS0103: The name 'Assert' does not exist in the current context
C:\gh\azure-sdk-for-net\sdk\containerregistry\Microsoft.Azure.ContainerRegistry\tests\Tests\ScopeTests.cs(105,17): error CS0103: The name 'Assert' does not exist in the current context
C:\gh\azure-sdk-for-net\sdk\containerregistry\Microsoft.Azure.ContainerRegistry\tests\Tests\BlobTests.cs(97,34): error CS0103: The name 'MockContext' does not exist in the current context
C:\gh\azure-sdk-for-net\sdk\containerregistry\Microsoft.Azure.ContainerRegistry\tests\Tests\BlobTests.cs(103,17): error CS0103: The name 'Assert' does not exist in the current context
C:\gh\azure-sdk-for-net\sdk\containerregistry\Microsoft.Azure.ContainerRegistry\tests\Tests\TagTests.cs(103,34): error CS0103: The name 'MockContext' does not exist in the current context
C:\gh\azure-sdk-for-net\sdk\containerregistry\Microsoft.Azure.ContainerRegistry\tests\Tests\TagTests.cs(111,17): error CS0103: The name 'Assert' does not exist in the current context
C:\gh\azure-sdk-for-net\sdk\containerregistry\Microsoft.Azure.ContainerRegistry\tests\Tests\TagTests.cs(117,17): error CS0103: The name 'Assert' does not exist in the current context
C:\gh\azure-sdk-for-net\sdk\containerregistry\Microsoft.Azure.ContainerRegistry\tests\Tests\BlobTests.cs(110,34): error CS0103: The name 'MockContext' does not exist in the current context
C:\gh\azure-sdk-for-net\sdk\containerregistry\Microsoft.Azure.ContainerRegistry\tests\Tests\BlobTests.cs(117,17): error CS0103: The name 'Assert' does not exist in the current context
C:\gh\azure-sdk-for-net\sdk\containerregistry\Microsoft.Azure.ContainerRegistry\tests\Tests\TagTests.cs(124,34): error CS0103: The name 'MockContext' does not exist in the current context
C:\gh\azure-sdk-for-net\sdk\containerregistry\Microsoft.Azure.ContainerRegistry\tests\Tests\TagTests.cs(129,17): error CS0103: The name 'Assert' does not exist in the current context
C:\gh\azure-sdk-for-net\sdk\containerregistry\Microsoft.Azure.ContainerRegistry\tests\Tests\TagTests.cs(130,17): error CS0103: The name 'Assert' does not exist in the current context
C:\gh\azure-sdk-for-net\sdk\containerregistry\Microsoft.Azure.ContainerRegistry\tests\Tests\BlobTests.cs(124,34): error CS0103: The name 'MockContext' does not exist in the current context
C:\gh\azure-sdk-for-net\sdk\containerregistry\Microsoft.Azure.ContainerRegistry\tests\Tests\BlobTests.cs(129,17): error CS0103: The name 'Assert' does not exist in the current context
C:\gh\azure-sdk-for-net\sdk\containerregistry\Microsoft.Azure.ContainerRegistry\tests\Tests\TagTests.cs(137,13): error CS0103: The name 'Assert' does not exist in the current context
C:\gh\azure-sdk-for-net\sdk\containerregistry\Microsoft.Azure.ContainerRegistry\tests\Tests\TagTests.cs(138,13): error CS0103: The name 'Assert' does not exist in the current context
C:\gh\azure-sdk-for-net\sdk\containerregistry\Microsoft.Azure.ContainerRegistry\tests\Tests\TagTests.cs(139,13): error CS0103: The name 'Assert' does not exist in the current context
C:\gh\azure-sdk-for-net\sdk\containerregistry\Microsoft.Azure.ContainerRegistry\tests\Tests\TagTests.cs(140,13): error CS0103: The name 'Assert' does not exist in the current context
C:\gh\azure-sdk-for-net\sdk\containerregistry\Microsoft.Azure.ContainerRegistry\tests\Tests\TagTests.cs(141,13): error CS0103: The name 'Assert' does not exist in the current context
C:\gh\azure-sdk-for-net\sdk\containerregistry\Microsoft.Azure.ContainerRegistry\tests\Tests\TagTests.cs(142,13): error CS0103: The name 'Assert' does not exist in the current context
C:\gh\azure-sdk-for-net\sdk\containerregistry\Microsoft.Azure.ContainerRegistry\tests\Tests\TagTests.cs(143,13): error CS0103: The name 'Assert' does not exist in the current context
C:\gh\azure-sdk-for-net\sdk\containerregistry\Microsoft.Azure.ContainerRegistry\tests\Tests\TagTests.cs(144,13): error CS0103: The name 'Assert' does not exist in the current context
C:\gh\azure-sdk-for-net\sdk\containerregistry\Microsoft.Azure.ContainerRegistry\tests\Tests\TagTests.cs(145,13): error CS0103: The name 'Assert' does not exist in the current context
C:\gh\azure-sdk-for-net\sdk\containerregistry\Microsoft.Azure.ContainerRegistry\tests\Tests\BlobTests.cs(143,34): error CS0103: The name 'MockContext' does not exist in the current context
C:\gh\azure-sdk-for-net\sdk\containerregistry\Microsoft.Azure.ContainerRegistry\tests\Tests\BlobTests.cs(150,17): error CS0103: The name 'Assert' does not exist in the current context
C:\gh\azure-sdk-for-net\sdk\containerregistry\Microsoft.Azure.ContainerRegistry\tests\Tests\BlobTests.cs(164,34): error CS0103: The name 'MockContext' does not exist in the current context
C:\gh\azure-sdk-for-net\sdk\containerregistry\Microsoft.Azure.ContainerRegistry\tests\Tests\BlobTests.cs(171,17): error CS0103: The name 'Assert' does not exist in the current context
C:\gh\azure-sdk-for-net\sdk\containerregistry\Microsoft.Azure.ContainerRegistry\tests\Tests\ManifestTests.cs(369,34): error CS0103: The name 'MockContext' does not exist in the current context
C:\gh\azure-sdk-for-net\sdk\containerregistry\Microsoft.Azure.ContainerRegistry\tests\Tests\ManifestTests.cs(375,17): error CS0103: The name 'Assert' does not exist in the current context
C:\gh\azure-sdk-for-net\sdk\containerregistry\Microsoft.Azure.ContainerRegistry\tests\Tests\ManifestTests.cs(376,17): error CS0103: The name 'Assert' does not exist in the current context
C:\gh\azure-sdk-for-net\sdk\containerregistry\Microsoft.Azure.ContainerRegistry\tests\Tests\ManifestTests.cs(386,34): error CS0103: The name 'MockContext' does not exist in the current context
C:\gh\azure-sdk-for-net\sdk\containerregistry\Microsoft.Azure.ContainerRegistry\tests\Tests\ManifestTests.cs(391,17): error CS0103: The name 'Assert' does not exist in the current context
C:\gh\azure-sdk-for-net\sdk\containerregistry\Microsoft.Azure.ContainerRegistry\tests\Tests\ManifestTests.cs(392,17): error CS0103: The name 'Assert' does not exist in the current context
C:\gh\azure-sdk-for-net\sdk\containerregistry\Microsoft.Azure.ContainerRegistry\tests\Tests\ManifestTests.cs(393,17): error CS0103: The name 'Assert' does not exist in the current context
C:\gh\azure-sdk-for-net\sdk\containerregistry\Microsoft.Azure.ContainerRegistry\tests\Tests\ManifestTests.cs(401,34): error CS0103: The name 'MockContext' does not exist in the current context
C:\gh\azure-sdk-for-net\sdk\containerregistry\Microsoft.Azure.ContainerRegistry\tests\Tests\ManifestTests.cs(413,34): error CS0103: The name 'MockContext' does not exist in the current context
C:\gh\azure-sdk-for-net\sdk\containerregistry\Microsoft.Azure.ContainerRegistry\tests\Tests\ManifestTests.cs(425,34): error CS0103: The name 'MockContext' does not exist in the current context
C:\gh\azure-sdk-for-net\sdk\containerregistry\Microsoft.Azure.ContainerRegistry\tests\Tests\ManifestTests.cs(437,34): error CS0103: The name 'MockContext' does not exist in the current context
C:\gh\azure-sdk-for-net\sdk\containerregistry\Microsoft.Azure.ContainerRegistry\tests\Tests\ManifestTests.cs(450,34): error CS0103: The name 'MockContext' does not exist in the current context
C:\gh\azure-sdk-for-net\sdk\containerregistry\Microsoft.Azure.ContainerRegistry\tests\Tests\ManifestTests.cs(463,34): error CS0103: The name 'MockContext' does not exist in the current context
C:\gh\azure-sdk-for-net\sdk\containerregistry\Microsoft.Azure.ContainerRegistry\tests\Tests\ManifestTests.cs(476,34): error CS0103: The name 'MockContext' does not exist in the current context
C:\gh\azure-sdk-for-net\sdk\containerregistry\Microsoft.Azure.ContainerRegistry\tests\Tests\ManifestTests.cs(488,34): error CS0103: The name 'MockContext' does not exist in the current context
C:\gh\azure-sdk-for-net\sdk\containerregistry\Microsoft.Azure.ContainerRegistry\tests\Tests\ManifestTests.cs(501,34): error CS0103: The name 'MockContext' does not exist in the current context
C:\gh\azure-sdk-for-net\sdk\containerregistry\Microsoft.Azure.ContainerRegistry\tests\Tests\ManifestTests.cs(513,17): error CS0103: The name 'Assert' does not exist in the current context
C:\gh\azure-sdk-for-net\sdk\containerregistry\Microsoft.Azure.ContainerRegistry\tests\Tests\ManifestTests.cs(519,17): error CS0103: The name 'Assert' does not exist in the current context
C:\gh\azure-sdk-for-net\sdk\containerregistry\Microsoft.Azure.ContainerRegistry\tests\Tests\ManifestTests.cs(520,17): error CS0103: The name 'Assert' does not exist in the current context
C:\gh\azure-sdk-for-net\sdk\containerregistry\Microsoft.Azure.ContainerRegistry\tests\Tests\ManifestTests.cs(528,34): error CS0103: The name 'MockContext' does not exist in the current context
C:\gh\azure-sdk-for-net\sdk\containerregistry\Microsoft.Azure.ContainerRegistry\tests\Tests\ManifestTests.cs(544,13): error CS0103: The name 'Assert' does not exist in the current context
C:\gh\azure-sdk-for-net\sdk\containerregistry\Microsoft.Azure.ContainerRegistry\tests\Tests\ManifestTests.cs(545,13): error CS0103: The name 'Assert' does not exist in the current context
C:\gh\azure-sdk-for-net\sdk\containerregistry\Microsoft.Azure.ContainerRegistry\tests\Tests\ManifestTests.cs(546,13): error CS0103: The name 'Assert' does not exist in the current context
C:\gh\azure-sdk-for-net\sdk\containerregistry\Microsoft.Azure.ContainerRegistry\tests\Tests\ManifestTests.cs(547,13): error CS0103: The name 'Assert' does not exist in the current context
C:\gh\azure-sdk-for-net\sdk\containerregistry\Microsoft.Azure.ContainerRegistry\tests\Tests\ManifestTests.cs(548,13): error CS0103: The name 'Assert' does not exist in the current context
C:\gh\azure-sdk-for-net\sdk\containerregistry\Microsoft.Azure.ContainerRegistry\tests\Tests\ManifestTests.cs(549,13): error CS0103: The name 'Assert' does not exist in the current context
C:\gh\azure-sdk-for-net\sdk\containerregistry\Microsoft.Azure.ContainerRegistry\tests\Tests\ManifestTests.cs(550,13): error CS0103: The name 'Assert' does not exist in the current context
C:\gh\azure-sdk-for-net\sdk\containerregistry\Microsoft.Azure.ContainerRegistry\tests\Tests\ManifestTests.cs(551,13): error CS0103: The name 'Assert' does not exist in the current context
C:\gh\azure-sdk-for-net\sdk\containerregistry\Microsoft.Azure.ContainerRegistry\tests\Tests\ManifestTests.cs(552,13): error CS0103: The name 'Assert' does not exist in the current context
C:\gh\azure-sdk-for-net\sdk\containerregistry\Microsoft.Azure.ContainerRegistry\tests\Tests\ManifestTests.cs(553,13): error CS0103: The name 'Assert' does not exist in the current context
C:\gh\azure-sdk-for-net\sdk\containerregistry\Microsoft.Azure.ContainerRegistry\tests\Tests\ManifestTests.cs(558,13): error CS0103: The name 'Assert' does not exist in the current context
C:\gh\azure-sdk-for-net\sdk\containerregistry\Microsoft.Azure.ContainerRegistry\tests\Tests\ManifestTests.cs(559,13): error CS0103: The name 'Assert' does not exist in the current context
C:\gh\azure-sdk-for-net\sdk\containerregistry\Microsoft.Azure.ContainerRegistry\tests\Tests\ManifestTests.cs(564,17): error CS0103: The name 'Assert' does not exist in the current context
C:\gh\azure-sdk-for-net\sdk\containerregistry\Microsoft.Azure.ContainerRegistry\tests\Tests\ManifestTests.cs(567,21): error CS0103: The name 'Assert' does not exist in the current context
C:\gh\azure-sdk-for-net\sdk\containerregistry\Microsoft.Azure.ContainerRegistry\tests\Tests\ManifestTests.cs(568,21): error CS0103: The name 'Assert' does not exist in the current context
C:\gh\azure-sdk-for-net\sdk\containerregistry\Microsoft.Azure.ContainerRegistry\tests\Tests\ManifestTests.cs(569,21): error CS0103: The name 'Assert' does not exist in the current context
C:\gh\azure-sdk-for-net\sdk\containerregistry\Microsoft.Azure.ContainerRegistry\tests\Tests\ManifestTests.cs(571,17): error CS0103: The name 'Assert' does not exist in the current context
C:\gh\azure-sdk-for-net\sdk\containerregistry\Microsoft.Azure.ContainerRegistry\tests\Tests\ManifestTests.cs(572,17): error CS0103: The name 'Assert' does not exist in the current context
C:\gh\azure-sdk-for-net\sdk\containerregistry\Microsoft.Azure.ContainerRegistry\tests\Tests\ManifestTests.cs(573,17): error CS0103: The name 'Assert' does not exist in the current context
C:\gh\azure-sdk-for-net\sdk\containerregistry\Microsoft.Azure.ContainerRegistry\tests\Tests\ManifestTests.cs(579,17): error CS0103: The name 'Assert' does not exist in the current context
C:\gh\azure-sdk-for-net\sdk\containerregistry\Microsoft.Azure.ContainerRegistry\tests\Tests\ManifestTests.cs(580,17): error CS0103: The name 'Assert' does not exist in the current context
C:\gh\azure-sdk-for-net\sdk\containerregistry\Microsoft.Azure.ContainerRegistry\tests\Tests\ManifestTests.cs(581,17): error CS0103: The name 'Assert' does not exist in the current context
C:\gh\azure-sdk-for-net\sdk\containerregistry\Microsoft.Azure.ContainerRegistry\tests\Tests\ManifestTests.cs(582,17): error CS0103: The name 'Assert' does not exist in the current context
C:\gh\azure-sdk-for-net\sdk\containerregistry\Microsoft.Azure.ContainerRegistry\tests\Tests\ManifestTests.cs(586,21): error CS0103: The name 'Assert' does not exist in the current context
C:\gh\azure-sdk-for-net\sdk\containerregistry\Microsoft.Azure.ContainerRegistry\tests\Tests\ManifestTests.cs(589,17): error CS0103: The name 'Assert' does not exist in the current context
C:\gh\azure-sdk-for-net\sdk\containerregistry\Microsoft.Azure.ContainerRegistry\tests\Tests\ManifestTests.cs(592,21): error CS0103: The name 'Assert' does not exist in the current context
C:\gh\azure-sdk-for-net\sdk\containerregistry\Microsoft.Azure.ContainerRegistry\tests\Tests\ManifestTests.cs(599,17): error CS0103: The name 'Assert' does not exist in the current context
C:\gh\azure-sdk-for-net\sdk\containerregistry\Microsoft.Azure.ContainerRegistry\tests\Tests\ManifestTests.cs(602,21): error CS0103: The name 'Assert' does not exist in the current context
C:\gh\azure-sdk-for-net\sdk\containerregistry\Microsoft.Azure.ContainerRegistry\tests\Tests\ManifestTests.cs(603,21): error CS0103: The name 'Assert' does not exist in the current context
C:\gh\azure-sdk-for-net\sdk\containerregistry\Microsoft.Azure.ContainerRegistry\tests\Tests\ManifestTests.cs(604,21): error CS0103: The name 'Assert' does not exist in the current context
C:\gh\azure-sdk-for-net\sdk\containerregistry\Microsoft.Azure.ContainerRegistry\tests\Tests\ManifestTests.cs(605,21): error CS0103: The name 'Assert' does not exist in the current context
C:\gh\azure-sdk-for-net\sdk\containerregistry\Microsoft.Azure.ContainerRegistry\tests\Tests\ManifestTests.cs(608,17): error CS0103: The name 'Assert' does not exist in the current context
C:\gh\azure-sdk-for-net\sdk\containerregistry\Microsoft.Azure.ContainerRegistry\tests\Tests\ManifestTests.cs(609,17): error CS0103: The name 'Assert' does not exist in the current context
C:\gh\azure-sdk-for-net\sdk\containerregistry\Microsoft.Azure.ContainerRegistry\tests\Tests\ManifestTests.cs(610,17): error CS0103: The name 'Assert' does not exist in the current context
C:\gh\azure-sdk-for-net\sdk\containerregistry\Microsoft.Azure.ContainerRegistry\tests\Tests\ManifestTests.cs(618,13): error CS0103: The name 'Assert' does not exist in the current context
C:\gh\azure-sdk-for-net\sdk\containerregistry\Microsoft.Azure.ContainerRegistry\tests\Tests\ManifestTests.cs(619,13): error CS0103: The name 'Assert' does not exist in the current context
C:\gh\azure-sdk-for-net\sdk\containerregistry\Microsoft.Azure.ContainerRegistry\tests\Tests\ManifestTests.cs(620,13): error CS0103: The name 'Assert' does not exist in the current context
C:\gh\azure-sdk-for-net\sdk\containerregistry\Microsoft.Azure.ContainerRegistry\tests\Tests\ManifestTests.cs(621,13): error CS0103: The name 'Assert' does not exist in the current context
C:\gh\azure-sdk-for-net\sdk\containerregistry\Microsoft.Azure.ContainerRegistry\tests\Tests\ManifestTests.cs(622,13): error CS0103: The name 'Assert' does not exist in the current context
C:\gh\azure-sdk-for-net\sdk\containerregistry\Microsoft.Azure.ContainerRegistry\tests\Tests\ManifestTests.cs(623,13): error CS0103: The name 'Assert' does not exist in the current context
C:\gh\azure-sdk-for-net\sdk\containerregistry\Microsoft.Azure.ContainerRegistry\tests\Tests\ManifestTests.cs(624,13): error CS0103: The name 'Assert' does not exist in the current context
C:\gh\azure-sdk-for-net\sdk\containerregistry\Microsoft.Azure.ContainerRegistry\tests\Tests\ManifestTests.cs(625,13): error CS0103: The name 'Assert' does not exist in the current context
C:\gh\azure-sdk-for-net\sdk\containerregistry\Microsoft.Azure.ContainerRegistry\tests\Tests\ManifestTests.cs(626,13): error CS0103: The name 'Assert' does not exist in the current context
C:\gh\azure-sdk-for-net\sdk\containerregistry\Microsoft.Azure.ContainerRegistry\tests\Tests\ManifestTests.cs(627,13): error CS0103: The name 'Assert' does not exist in the current context
C:\gh\azure-sdk-for-net\sdk\containerregistry\Microsoft.Azure.ContainerRegistry\tests\Tests\ManifestTests.cs(628,13): error CS0103: The name 'Assert' does not exist in the current context
C:\gh\azure-sdk-for-net\sdk\containerregistry\Microsoft.Azure.ContainerRegistry\tests\Tests\ManifestTests.cs(629,13): error CS0103: The name 'Assert' does not exist in the current context
C:\gh\azure-sdk-for-net\sdk\containerregistry\Microsoft.Azure.ContainerRegistry\tests\Tests\ManifestTests.cs(630,13): error CS0103: The name 'Assert' does not exist in the current context
C:\gh\azure-sdk-for-net\sdk\containerregistry\Microsoft.Azure.ContainerRegistry\tests\Tests\ManifestTests.cs(633,17): error CS0103: The name 'Assert' does not exist in the current context
C:\gh\azure-sdk-for-net\sdk\containerregistry\Microsoft.Azure.ContainerRegistry\tests\Tests\ManifestTests.cs(638,21): error CS0103: The name 'Assert' does not exist in the current context
C:\gh\azure-sdk-for-net\sdk\containerregistry\Microsoft.Azure.ContainerRegistry\tests\Tests\AuthTests.cs(5,5): hidden CS8019: Unnecessary using directive.
C:\gh\azure-sdk-for-net\sdk\containerregistry\Microsoft.Azure.ContainerRegistry\tests\Tests\BlobTests.cs(5,5): hidden CS8019: Unnecessary using directive.
C:\gh\azure-sdk-for-net\sdk\containerregistry\Microsoft.Azure.ContainerRegistry\tests\Tests\ScopeTests.cs(8,5): hidden CS8019: Unnecessary using directive.
C:\gh\azure-sdk-for-net\sdk\containerregistry\Microsoft.Azure.ContainerRegistry\tests\Tests\RepositoryTests.cs(11,5): hidden CS8019: Unnecessary using directive.
C:\gh\azure-sdk-for-net\artifacts\obj\Microsoft.Azure.ContainerRegistry.Tests\Debug\net461\.NETFramework,Version=v4.6.1.AssemblyAttributes.cs(3,1): hidden CS8019: Unnecessary using directive.
C:\gh\azure-sdk-for-net\sdk\containerregistry\Microsoft.Azure.ContainerRegistry\tests\Helpers\ACRTestUtil.cs(10,5): hidden CS8019: Unnecessary using directive.
C:\gh\azure-sdk-for-net\sdk\containerregistry\Microsoft.Azure.ContainerRegistry\tests\Tests\RepositoryTests.cs(9,5): hidden CS8019: Unnecessary using directive.
C:\gh\azure-sdk-for-net\eng\mgmt\DisableTestRunParallel.cs(4,1): hidden CS8019: Unnecessary using directive.
C:\gh\azure-sdk-for-net\sdk\containerregistry\Microsoft.Azure.ContainerRegistry\tests\Tests\TagTests.cs(12,5): hidden CS8019: Unnecessary using directive.
C:\gh\azure-sdk-for-net\sdk\containerregistry\Microsoft.Azure.ContainerRegistry\tests\Tests\TagTests.cs(9,5): hidden CS8019: Unnecessary using directive.
C:\gh\azure-sdk-for-net\sdk\containerregistry\Microsoft.Azure.ContainerRegistry\tests\Tests\ScopeTests.cs(10,5): hidden CS8019: Unnecessary using directive.
C:\gh\azure-sdk-for-net\sdk\containerregistry\Microsoft.Azure.ContainerRegistry\tests\Tests\AuthTests.cs(8,5): hidden CS8019: Unnecessary using directive.
C:\gh\azure-sdk-for-net\artifacts\obj\Microsoft.Azure.ContainerRegistry.Tests\Debug\net461\.NETFramework,Version=v4.6.1.AssemblyAttributes.cs(2,1): hidden CS8019: Unnecessary using directive.
C:\gh\azure-sdk-for-net\artifacts\obj\Microsoft.Azure.ContainerRegistry.Tests\Debug\net461\Microsoft.Azure.ContainerRegistry.Tests.AssemblyInfo.cs(12,1): hidden CS8019: Unnecessary using directive.
C:\gh\azure-sdk-for-net\sdk\containerregistry\Microsoft.Azure.ContainerRegistry\tests\Tests\BlobTests.cs(10,5): hidden CS8019: Unnecessary using directive.
C:\gh\azure-sdk-for-net\eng\mgmt\DisableTestRunParallel.cs(5,1): hidden CS8019: Unnecessary using directive.
C:\gh\azure-sdk-for-net\sdk\containerregistry\Microsoft.Azure.ContainerRegistry\tests\Tests\ManifestTests.cs(9,5): hidden CS8019: Unnecessary using directive.
C:\gh\azure-sdk-for-net\sdk\containerregistry\Microsoft.Azure.ContainerRegistry\tests\Helpers\RecordedDelegatingHandler.cs(6,1): hidden CS8019: Unnecessary using directive.
C:\gh\azure-sdk-for-net\sdk\containerregistry\Microsoft.Azure.ContainerRegistry\tests\Properties\Resources.Designer.cs(12,5): hidden CS8019: Unnecessary using directive.
C:\gh\azure-sdk-for-net\sdk\containerregistry\Microsoft.Azure.ContainerRegistry\tests\Helpers\ACRTestUtil.cs(12,5): hidden CS8019: Unnecessary using directive.
C:\gh\azure-sdk-for-net\sdk\containerregistry\Microsoft.Azure.ContainerRegistry\tests\Helpers\ACRTestUtil.cs(13,5): hidden CS8019: Unnecessary using directive.
C:\gh\azure-sdk-for-net\artifacts\obj\Microsoft.Azure.ContainerRegistry.Tests\Debug\net461\Microsoft.Azure.ContainerRegistry.Tests.AssemblyInfo.cs(11,1): hidden CS8019: Unnecessary using directive.
C:\gh\azure-sdk-for-net\sdk\containerregistry\Microsoft.Azure.ContainerRegistry\tests\Helpers\ACRTestUtil.cs(14,5): hidden CS8019: Unnecessary using directive.
C:\gh\azure-sdk-for-net\sdk\containerregistry\Microsoft.Azure.ContainerRegistry\tests\Tests\ManifestTests.cs(13,5): hidden CS8019: Unnecessary using directive.
C:\gh\azure-sdk-for-net\sdk\containerregistry\Microsoft.Azure.ContainerRegistry\tests\Tests\AuthTests.cs(4,5): hidden CS8019: Unnecessary using directive.
C:\gh\azure-sdk-for-net\sdk\containerregistry\Microsoft.Azure.ContainerRegistry\tests\Helpers\RecordedDelegatingHandler.cs(7,1): hidden CS8019: Unnecessary using directive.
C:\gh\azure-sdk-for-net\sdk\containerregistry\Microsoft.Azure.ContainerRegistry\tests\Tests\ScopeTests.cs(5,5): hidden CS8019: Unnecessary using directive.
C:\gh\azure-sdk-for-net\sdk\containerregistry\Microsoft.Azure.ContainerRegistry\tests\Tests\ScopeTests.cs(6,5): hidden CS8019: Unnecessary using directive.
