C:\gh\azure-sdk-for-net\sdk\mgmtcommon\ClientRuntime.Azure\Tests\CR.Azure.FullDesktop.Tests\Fakes\FakeServiceClientWithCredentials.cs(12,53): error CS0246: The type or namespace name 'ServiceClient<>' could not be found (are you missing a using directive or an assembly reference?)
C:\gh\azure-sdk-for-net\sdk\mgmtcommon\ClientRuntime.Azure\Tests\CR.Azure.FullDesktop.Tests\Fakes\FakeServiceClientWithCredentials.cs(128,27): error CS0246: The type or namespace name 'HttpResponseMessage' could not be found (are you missing a using directive or an assembly reference?)
C:\gh\azure-sdk-for-net\sdk\mgmtcommon\ClientRuntime.Azure\Tests\CR.Azure.FullDesktop.Tests\Fakes\RecordedDelegatingHandler.cs(12,46): error CS0246: The type or namespace name 'DelegatingHandler' could not be found (are you missing a using directive or an assembly reference?)
C:\gh\azure-sdk-for-net\sdk\mgmtcommon\ClientRuntime.Azure\Tests\CR.Azure.FullDesktop.Tests\Fakes\RecordedDelegatingHandler.cs(41,70): error CS0246: The type or namespace name 'HttpRequestMessage' could not be found (are you missing a using directive or an assembly reference?)
C:\gh\azure-sdk-for-net\sdk\mgmtcommon\ClientRuntime.Azure\Tests\CR.Azure.FullDesktop.Tests\Fakes\RecordedDelegatingHandler.cs(41,39): error CS0246: The type or namespace name 'HttpResponseMessage' could not be found (are you missing a using directive or an assembly reference?)
C:\gh\azure-sdk-for-net\sdk\mgmtcommon\ClientRuntime.Azure\Tests\CR.Azure.FullDesktop.Tests\Fakes\FakeServiceClient.cs(12,38): error CS0246: The type or namespace name 'ServiceClient<>' could not be found (are you missing a using directive or an assembly reference?)
C:\gh\azure-sdk-for-net\sdk\mgmtcommon\ClientRuntime.Azure\Tests\CR.Azure.FullDesktop.Tests\Fakes\PlaybackTestHandler.cs(14,40): error CS0246: The type or namespace name 'DelegatingHandler' could not be found (are you missing a using directive or an assembly reference?)
C:\gh\azure-sdk-for-net\sdk\mgmtcommon\ClientRuntime.Azure\Tests\CR.Azure.FullDesktop.Tests\Fakes\PlaybackTestHandler.cs(39,70): error CS0246: The type or namespace name 'HttpRequestMessage' could not be found (are you missing a using directive or an assembly reference?)
C:\gh\azure-sdk-for-net\sdk\mgmtcommon\ClientRuntime.Azure\Tests\CR.Azure.FullDesktop.Tests\Fakes\PlaybackTestHandler.cs(39,39): error CS0246: The type or namespace name 'HttpResponseMessage' could not be found (are you missing a using directive or an assembly reference?)
C:\gh\azure-sdk-for-net\sdk\mgmtcommon\ClientRuntime.Azure\Tests\CR.Azure.FullDesktop.Tests\Fakes\CloudExceptionFakeServiceClient.cs(348,14): error CS0246: The type or namespace name 'HttpOperationResponse<>' could not be found (are you missing a using directive or an assembly reference?)
C:\gh\azure-sdk-for-net\sdk\mgmtcommon\ClientRuntime.Azure\Tests\CR.Azure.FullDesktop.Tests\Fakes\FakeServiceClient.cs(24,27): error CS0246: The type or namespace name 'HttpResponseMessage' could not be found (are you missing a using directive or an assembly reference?)
C:\gh\azure-sdk-for-net\sdk\mgmtcommon\ClientRuntime.Azure\Tests\CR.Azure.FullDesktop.Tests\Fakes\PlaybackTestHandler.cs(16,33): error CS0246: The type or namespace name 'HttpResponseMessage' could not be found (are you missing a using directive or an assembly reference?)
C:\gh\azure-sdk-for-net\sdk\mgmtcommon\ClientRuntime.Azure\Tests\CR.Azure.FullDesktop.Tests\Fakes\RecordedDelegatingHandler.cs(14,26): error CS0246: The type or namespace name 'HttpResponseMessage' could not be found (are you missing a using directive or an assembly reference?)
C:\gh\azure-sdk-for-net\sdk\mgmtcommon\ClientRuntime.Azure\Tests\CR.Azure.FullDesktop.Tests\SerializationTests.cs(14,36): error CS0246: The type or namespace name 'HttpResponseMessage' could not be found (are you missing a using directive or an assembly reference?)
C:\gh\azure-sdk-for-net\sdk\mgmtcommon\ClientRuntime.Azure\Tests\CR.Azure.FullDesktop.Tests\Fakes\PlaybackTestHandler.cs(33,48): error CS0246: The type or namespace name 'HttpResponseMessage' could not be found (are you missing a using directive or an assembly reference?)
C:\gh\azure-sdk-for-net\sdk\mgmtcommon\ClientRuntime.Azure\Tests\CR.Azure.FullDesktop.Tests\Fakes\CloudExceptionFakeServiceClient.cs(18,60): error CS0246: The type or namespace name 'ServiceClient<>' could not be found (are you missing a using directive or an assembly reference?)
C:\gh\azure-sdk-for-net\sdk\mgmtcommon\ClientRuntime.Azure\Tests\CR.Azure.FullDesktop.Tests\Fakes\CloudExceptionFakeServiceClient.cs(55,55): error CS0246: The type or namespace name 'DelegatingHandler' could not be found (are you missing a using directive or an assembly reference?)
C:\gh\azure-sdk-for-net\sdk\mgmtcommon\ClientRuntime.Azure\Tests\CR.Azure.FullDesktop.Tests\Fakes\FakeServiceClientWithCredentials.cs(15,17): error CS0246: The type or namespace name 'ServiceClientCredentials' could not be found (are you missing a using directive or an assembly reference?)
C:\gh\azure-sdk-for-net\sdk\mgmtcommon\ClientRuntime.Azure\Tests\CR.Azure.FullDesktop.Tests\Fakes\CloudExceptionFakeServiceClient.cs(69,48): error CS0246: The type or namespace name 'HttpClientHandler' could not be found (are you missing a using directive or an assembly reference?)
C:\gh\azure-sdk-for-net\sdk\mgmtcommon\ClientRuntime.Azure\Tests\CR.Azure.FullDesktop.Tests\Fakes\CloudExceptionFakeServiceClient.cs(69,86): error CS0246: The type or namespace name 'DelegatingHandler' could not be found (are you missing a using directive or an assembly reference?)
C:\gh\azure-sdk-for-net\sdk\mgmtcommon\ClientRuntime.Azure\Tests\CR.Azure.FullDesktop.Tests\Fakes\CloudExceptionFakeServiceClient.cs(86,68): error CS0246: The type or namespace name 'DelegatingHandler' could not be found (are you missing a using directive or an assembly reference?)
C:\gh\azure-sdk-for-net\sdk\mgmtcommon\ClientRuntime.Azure\Tests\CR.Azure.FullDesktop.Tests\Fakes\FakeServiceClient.cs(19,34): error CS0246: The type or namespace name 'HttpClientHandler' could not be found (are you missing a using directive or an assembly reference?)
C:\gh\azure-sdk-for-net\sdk\mgmtcommon\ClientRuntime.Azure\Tests\CR.Azure.FullDesktop.Tests\Fakes\CloudExceptionFakeServiceClient.cs(95,48): error CS0246: The type or namespace name 'ServiceClientCredentials' could not be found (are you missing a using directive or an assembly reference?)
C:\gh\azure-sdk-for-net\sdk\mgmtcommon\ClientRuntime.Azure\Tests\CR.Azure.FullDesktop.Tests\Fakes\CloudExceptionFakeServiceClient.cs(95,93): error CS0246: The type or namespace name 'DelegatingHandler' could not be found (are you missing a using directive or an assembly reference?)
C:\gh\azure-sdk-for-net\sdk\mgmtcommon\ClientRuntime.Azure\Tests\CR.Azure.FullDesktop.Tests\Fakes\CloudExceptionFakeServiceClient.cs(125,61): error CS0246: The type or namespace name 'HttpClientHandler' could not be found (are you missing a using directive or an assembly reference?)
C:\gh\azure-sdk-for-net\sdk\mgmtcommon\ClientRuntime.Azure\Tests\CR.Azure.FullDesktop.Tests\Fakes\CloudExceptionFakeServiceClient.cs(125,99): error CS0246: The type or namespace name 'DelegatingHandler' could not be found (are you missing a using directive or an assembly reference?)
C:\gh\azure-sdk-for-net\sdk\mgmtcommon\ClientRuntime.Azure\Tests\CR.Azure.FullDesktop.Tests\Fakes\FakeServiceClientWithCredentials.cs(104,49): error CS0246: The type or namespace name 'ServiceClientCredentials' could not be found (are you missing a using directive or an assembly reference?)
C:\gh\azure-sdk-for-net\sdk\mgmtcommon\ClientRuntime.Azure\Tests\CR.Azure.FullDesktop.Tests\Fakes\FakeServiceClientWithCredentials.cs(104,87): error CS0246: The type or namespace name 'HttpClientHandler' could not be found (are you missing a using directive or an assembly reference?)
C:\gh\azure-sdk-for-net\sdk\mgmtcommon\ClientRuntime.Azure\Tests\CR.Azure.FullDesktop.Tests\Fakes\FakeServiceClientWithCredentials.cs(104,125): error CS0246: The type or namespace name 'DelegatingHandler' could not be found (are you missing a using directive or an assembly reference?)
C:\gh\azure-sdk-for-net\sdk\mgmtcommon\ClientRuntime.Azure\Tests\CR.Azure.FullDesktop.Tests\Fakes\RecordedDelegatingHandler.cs(21,42): error CS0246: The type or namespace name 'HttpResponseMessage' could not be found (are you missing a using directive or an assembly reference?)
C:\gh\azure-sdk-for-net\sdk\mgmtcommon\ClientRuntime.Azure\Tests\CR.Azure.FullDesktop.Tests\Fakes\FakeServiceClientWithCredentials.cs(88,49): error CS0246: The type or namespace name 'ServiceClientCredentials' could not be found (are you missing a using directive or an assembly reference?)
C:\gh\azure-sdk-for-net\sdk\mgmtcommon\ClientRuntime.Azure\Tests\CR.Azure.FullDesktop.Tests\Fakes\FakeServiceClientWithCredentials.cs(88,94): error CS0246: The type or namespace name 'DelegatingHandler' could not be found (are you missing a using directive or an assembly reference?)
C:\gh\azure-sdk-for-net\sdk\mgmtcommon\ClientRuntime.Azure\Tests\CR.Azure.FullDesktop.Tests\Fakes\CloudExceptionFakeServiceClient.cs(210,57): error CS0246: The type or namespace name 'IServiceOperations<>' could not be found (are you missing a using directive or an assembly reference?)
C:\gh\azure-sdk-for-net\sdk\mgmtcommon\ClientRuntime.Azure\Tests\CR.Azure.FullDesktop.Tests\Fakes\CloudExceptionFakeServiceClient.cs(256,27): error CS0246: The type or namespace name 'HttpOperationResponse<>' could not be found (are you missing a using directive or an assembly reference?)
C:\gh\azure-sdk-for-net\sdk\mgmtcommon\ClientRuntime.Azure\Tests\CR.Azure.FullDesktop.Tests\Fakes\FakeServiceClientWithCredentials.cs(68,49): error CS0246: The type or namespace name 'ServiceClientCredentials' could not be found (are you missing a using directive or an assembly reference?)
C:\gh\azure-sdk-for-net\sdk\mgmtcommon\ClientRuntime.Azure\Tests\CR.Azure.FullDesktop.Tests\Fakes\FakeServiceClientWithCredentials.cs(68,107): error CS0246: The type or namespace name 'DelegatingHandler' could not be found (are you missing a using directive or an assembly reference?)
C:\gh\azure-sdk-for-net\sdk\mgmtcommon\ClientRuntime.Azure\Tests\CR.Azure.FullDesktop.Tests\Fakes\FakeServiceClientWithCredentials.cs(48,50): error CS0246: The type or namespace name 'ServiceClientCredentials' could not be found (are you missing a using directive or an assembly reference?)
C:\gh\azure-sdk-for-net\sdk\mgmtcommon\ClientRuntime.Azure\Tests\CR.Azure.FullDesktop.Tests\Fakes\FakeServiceClientWithCredentials.cs(48,101): error CS0246: The type or namespace name 'HttpClientHandler' could not be found (are you missing a using directive or an assembly reference?)
C:\gh\azure-sdk-for-net\sdk\mgmtcommon\ClientRuntime.Azure\Tests\CR.Azure.FullDesktop.Tests\Fakes\FakeServiceClientWithCredentials.cs(48,139): error CS0246: The type or namespace name 'DelegatingHandler' could not be found (are you missing a using directive or an assembly reference?)
C:\gh\azure-sdk-for-net\sdk\mgmtcommon\ClientRuntime.Azure\Tests\CR.Azure.FullDesktop.Tests\Fakes\FakeServiceClientWithCredentials.cs(28,49): error CS0246: The type or namespace name 'ServiceClientCredentials' could not be found (are you missing a using directive or an assembly reference?)
C:\gh\azure-sdk-for-net\sdk\mgmtcommon\ClientRuntime.Azure\Tests\CR.Azure.FullDesktop.Tests\Fakes\CloudExceptionFakeServiceClient.cs(41,17): error CS0246: The type or namespace name 'ServiceClientCredentials' could not be found (are you missing a using directive or an assembly reference?)
C:\gh\azure-sdk-for-net\sdk\mgmtcommon\ClientRuntime.Azure\Tests\CR.Azure.FullDesktop.Tests\Fakes\CloudExceptionFakeServiceClient.cs(3,18): error CS0234: The type or namespace name 'Http' does not exist in the namespace 'System.Net' (are you missing an assembly reference?)
C:\gh\azure-sdk-for-net\sdk\mgmtcommon\ClientRuntime.Azure\Tests\CR.Azure.FullDesktop.Tests\Fakes\CloudExceptionFakeServiceClient.cs(4,18): error CS0234: The type or namespace name 'Http' does not exist in the namespace 'System.Net' (are you missing an assembly reference?)
C:\gh\azure-sdk-for-net\sdk\mgmtcommon\ClientRuntime.Azure\Tests\CR.Azure.FullDesktop.Tests\Fakes\CloudExceptionFakeServiceClient.cs(7,7): error CS0246: The type or namespace name 'Newtonsoft' could not be found (are you missing a using directive or an assembly reference?)
C:\gh\azure-sdk-for-net\sdk\mgmtcommon\ClientRuntime.Azure\Tests\CR.Azure.FullDesktop.Tests\Fakes\CloudExceptionFakeServiceClient.cs(9,22): error CS0234: The type or namespace name 'Serialization' does not exist in the namespace 'Microsoft.Rest' (are you missing an assembly reference?)
C:\gh\azure-sdk-for-net\sdk\mgmtcommon\ClientRuntime.Azure\Tests\CR.Azure.FullDesktop.Tests\Fakes\FakeServiceClient.cs(5,18): error CS0234: The type or namespace name 'Http' does not exist in the namespace 'System.Net' (are you missing an assembly reference?)
C:\gh\azure-sdk-for-net\sdk\mgmtcommon\ClientRuntime.Azure\Tests\CR.Azure.FullDesktop.Tests\Fakes\FakeServiceClientWithCredentials.cs(5,18): error CS0234: The type or namespace name 'Http' does not exist in the namespace 'System.Net' (are you missing an assembly reference?)
C:\gh\azure-sdk-for-net\sdk\mgmtcommon\ClientRuntime.Azure\Tests\CR.Azure.FullDesktop.Tests\Fakes\PlaybackTestHandler.cs(6,18): error CS0234: The type or namespace name 'Http' does not exist in the namespace 'System.Net' (are you missing an assembly reference?)
C:\gh\azure-sdk-for-net\sdk\mgmtcommon\ClientRuntime.Azure\Tests\CR.Azure.FullDesktop.Tests\Fakes\RecordedDelegatingHandler.cs(6,18): error CS0234: The type or namespace name 'Http' does not exist in the namespace 'System.Net' (are you missing an assembly reference?)
C:\gh\azure-sdk-for-net\sdk\mgmtcommon\ClientRuntime.Azure\Tests\CR.Azure.FullDesktop.Tests\Fakes\RecordedDelegatingHandler.cs(7,18): error CS0234: The type or namespace name 'Http' does not exist in the namespace 'System.Net' (are you missing an assembly reference?)
C:\gh\azure-sdk-for-net\sdk\mgmtcommon\ClientRuntime.Azure\Tests\CR.Azure.FullDesktop.Tests\SerializationTests.cs(1,7): error CS0246: The type or namespace name 'Newtonsoft' could not be found (are you missing a using directive or an assembly reference?)
C:\gh\azure-sdk-for-net\sdk\mgmtcommon\ClientRuntime.Azure\Tests\CR.Azure.FullDesktop.Tests\SerializationTests.cs(2,7): error CS0246: The type or namespace name 'Xunit' could not be found (are you missing a using directive or an assembly reference?)
C:\gh\azure-sdk-for-net\sdk\mgmtcommon\ClientRuntime.Azure\Tests\CR.Azure.FullDesktop.Tests\SerializationTests.cs(4,18): error CS0234: The type or namespace name 'Http' does not exist in the namespace 'System.Net' (are you missing an assembly reference?)
C:\gh\azure-sdk-for-net\sdk\mgmtcommon\ClientRuntime.Azure\Tests\CR.Azure.FullDesktop.Tests\Fakes\CloudExceptionFakeServiceClient.cs(184,9): error CS0246: The type or namespace name 'JsonSerializerSettings' could not be found (are you missing a using directive or an assembly reference?)
C:\gh\azure-sdk-for-net\sdk\mgmtcommon\ClientRuntime.Azure\Tests\CR.Azure.FullDesktop.Tests\Fakes\CloudExceptionFakeServiceClient.cs(189,9): error CS0246: The type or namespace name 'JsonSerializerSettings' could not be found (are you missing a using directive or an assembly reference?)
C:\gh\azure-sdk-for-net\sdk\mgmtcommon\ClientRuntime.Azure\Tests\CR.Azure.FullDesktop.Tests\Fakes\FakeServiceClientWithCredentials.cs(122,16): error CS0246: The type or namespace name 'ServiceClientCredentials' could not be found (are you missing a using directive or an assembly reference?)
C:\gh\azure-sdk-for-net\sdk\mgmtcommon\ClientRuntime.Azure\Tests\CR.Azure.FullDesktop.Tests\SerializationTests.cs(32,10): error CS0246: The type or namespace name 'FactAttribute' could not be found (are you missing a using directive or an assembly reference?)
C:\gh\azure-sdk-for-net\sdk\mgmtcommon\ClientRuntime.Azure\Tests\CR.Azure.FullDesktop.Tests\SerializationTests.cs(32,10): error CS0246: The type or namespace name 'Fact' could not be found (are you missing a using directive or an assembly reference?)
C:\gh\azure-sdk-for-net\sdk\mgmtcommon\ClientRuntime.Azure\Tests\CR.Azure.FullDesktop.Tests\Fakes\CloudExceptionFakeServiceClient.cs(18,108): error CS0535: 'CloudExceptionFakeServiceClient' does not implement interface member 'IDisposable.Dispose()'
C:\gh\azure-sdk-for-net\sdk\mgmtcommon\ClientRuntime.Azure\Tests\CR.Azure.FullDesktop.Tests\Fakes\PlaybackTestHandler.cs(20,21): error CS0246: The type or namespace name 'HttpRequestMessage' could not be found (are you missing a using directive or an assembly reference?)
C:\gh\azure-sdk-for-net\sdk\mgmtcommon\ClientRuntime.Azure\Tests\CR.Azure.FullDesktop.Tests\Fakes\CloudExceptionFakeServiceClient.cs(28,16): error CS0246: The type or namespace name 'JsonSerializerSettings' could not be found (are you missing a using directive or an assembly reference?)
C:\gh\azure-sdk-for-net\sdk\mgmtcommon\ClientRuntime.Azure\Tests\CR.Azure.FullDesktop.Tests\Fakes\CloudExceptionFakeServiceClient.cs(33,16): error CS0246: The type or namespace name 'JsonSerializerSettings' could not be found (are you missing a using directive or an assembly reference?)
C:\gh\azure-sdk-for-net\sdk\mgmtcommon\ClientRuntime.Azure\Tests\CR.Azure.FullDesktop.Tests\Fakes\CloudExceptionFakeServiceClient.cs(43,16): error CS0246: The type or namespace name 'ServiceClientCredentials' could not be found (are you missing a using directive or an assembly reference?)
C:\gh\azure-sdk-for-net\sdk\mgmtcommon\ClientRuntime.Azure\Tests\CR.Azure.FullDesktop.Tests\Fakes\RecordedDelegatingHandler.cs(27,16): error CS0246: The type or namespace name 'HttpContentHeaders' could not be found (are you missing a using directive or an assembly reference?)
C:\gh\azure-sdk-for-net\sdk\mgmtcommon\ClientRuntime.Azure\Tests\CR.Azure.FullDesktop.Tests\Fakes\RecordedDelegatingHandler.cs(31,16): error CS0246: The type or namespace name 'HttpMethod' could not be found (are you missing a using directive or an assembly reference?)
C:\gh\azure-sdk-for-net\sdk\mgmtcommon\ClientRuntime.Azure\Tests\CR.Azure.FullDesktop.Tests\Fakes\RecordedDelegatingHandler.cs(35,16): error CS0246: The type or namespace name 'HttpRequestHeaders' could not be found (are you missing a using directive or an assembly reference?)
C:\gh\azure-sdk-for-net\sdk\mgmtcommon\ClientRuntime.Azure\Tests\CR.Azure.FullDesktop.Tests\Fakes\FakeServiceClient.cs(14,39): error CS1729: 'ServiceClient<FakeServiceClient>' does not contain a constructor that takes 0 arguments
C:\gh\azure-sdk-for-net\sdk\mgmtcommon\ClientRuntime.Azure\Tests\CR.Azure.FullDesktop.Tests\Fakes\FakeServiceClientWithCredentials.cs(21,15): error CS1729: 'ServiceClient<FakeServiceClientWithCredentials>' does not contain a constructor that takes 0 arguments
C:\gh\azure-sdk-for-net\sdk\mgmtcommon\ClientRuntime.Azure\Tests\CR.Azure.FullDesktop.Tests\Fakes\FakeServiceClient.cs(20,15): error CS1729: 'ServiceClient<FakeServiceClient>' does not contain a constructor that takes 1 arguments
C:\gh\azure-sdk-for-net\sdk\mgmtcommon\ClientRuntime.Azure\Tests\CR.Azure.FullDesktop.Tests\Fakes\CloudExceptionFakeServiceClient.cs(55,87): error CS1729: 'ServiceClient<CloudExceptionFakeServiceClient>' does not contain a constructor that takes 1 arguments
C:\gh\azure-sdk-for-net\sdk\mgmtcommon\ClientRuntime.Azure\Tests\CR.Azure.FullDesktop.Tests\Fakes\FakeServiceClientWithCredentials.cs(29,15): error CS1729: 'ServiceClient<FakeServiceClientWithCredentials>' does not contain a constructor that takes 0 arguments
C:\gh\azure-sdk-for-net\sdk\mgmtcommon\ClientRuntime.Azure\Tests\CR.Azure.FullDesktop.Tests\Fakes\PlaybackTestHandler.cs(24,35): error CS0246: The type or namespace name 'HttpResponseMessage' could not be found (are you missing a using directive or an assembly reference?)
C:\gh\azure-sdk-for-net\sdk\mgmtcommon\ClientRuntime.Azure\Tests\CR.Azure.FullDesktop.Tests\Fakes\PlaybackTestHandler.cs(25,33): error CS0246: The type or namespace name 'HttpRequestMessage' could not be found (are you missing a using directive or an assembly reference?)
C:\gh\azure-sdk-for-net\sdk\mgmtcommon\ClientRuntime.Azure\Tests\CR.Azure.FullDesktop.Tests\Fakes\CloudExceptionFakeServiceClient.cs(69,118): error CS1729: 'ServiceClient<CloudExceptionFakeServiceClient>' does not contain a constructor that takes 2 arguments
C:\gh\azure-sdk-for-net\sdk\mgmtcommon\ClientRuntime.Azure\Tests\CR.Azure.FullDesktop.Tests\SerializationTests.cs(23,33): error CS0246: The type or namespace name 'HttpResponseMessage' could not be found (are you missing a using directive or an assembly reference?)
C:\gh\azure-sdk-for-net\sdk\mgmtcommon\ClientRuntime.Azure\Tests\CR.Azure.FullDesktop.Tests\SerializationTests.cs(25,31): error CS0246: The type or namespace name 'StringContent' could not be found (are you missing a using directive or an assembly reference?)
C:\gh\azure-sdk-for-net\sdk\mgmtcommon\ClientRuntime.Azure\Tests\CR.Azure.FullDesktop.Tests\SerializationTests.cs(25,45): error CS0103: The name 'JsonConvert' does not exist in the current context
C:\gh\azure-sdk-for-net\sdk\mgmtcommon\ClientRuntime.Azure\Tests\CR.Azure.FullDesktop.Tests\Fakes\FakeServiceClientWithCredentials.cs(49,15): error CS1729: 'ServiceClient<FakeServiceClientWithCredentials>' does not contain a constructor that takes 2 arguments
C:\gh\azure-sdk-for-net\sdk\mgmtcommon\ClientRuntime.Azure\Tests\CR.Azure.FullDesktop.Tests\Fakes\FakeServiceClient.cs(30,13): error CS0246: The type or namespace name 'HttpRequestMessage' could not be found (are you missing a using directive or an assembly reference?)
C:\gh\azure-sdk-for-net\sdk\mgmtcommon\ClientRuntime.Azure\Tests\CR.Azure.FullDesktop.Tests\Fakes\FakeServiceClient.cs(32,31): error CS0246: The type or namespace name 'HttpRequestMessage' could not be found (are you missing a using directive or an assembly reference?)
C:\gh\azure-sdk-for-net\sdk\mgmtcommon\ClientRuntime.Azure\Tests\CR.Azure.FullDesktop.Tests\Fakes\FakeServiceClient.cs(33,34): error CS0103: The name 'HttpMethod' does not exist in the current context
C:\gh\azure-sdk-for-net\sdk\mgmtcommon\ClientRuntime.Azure\Tests\CR.Azure.FullDesktop.Tests\Fakes\FakeServiceClient.cs(42,31): error CS1061: 'FakeServiceClient' does not contain a definition for 'HttpClient' and no accessible extension method 'HttpClient' accepting a first argument of type 'FakeServiceClient' could be found (are you missing a using directive or an assembly reference?)
C:\gh\azure-sdk-for-net\sdk\mgmtcommon\ClientRuntime.Azure\Tests\CR.Azure.FullDesktop.Tests\Fakes\FakeServiceClientWithCredentials.cs(69,15): error CS1729: 'ServiceClient<FakeServiceClientWithCredentials>' does not contain a constructor that takes 1 arguments
C:\gh\azure-sdk-for-net\sdk\mgmtcommon\ClientRuntime.Azure\Tests\CR.Azure.FullDesktop.Tests\Fakes\RecordedDelegatingHandler.cs(73,21): error CS0246: The type or namespace name 'HttpResponseMessage' could not be found (are you missing a using directive or an assembly reference?)
C:\gh\azure-sdk-for-net\sdk\mgmtcommon\ClientRuntime.Azure\Tests\CR.Azure.FullDesktop.Tests\Fakes\RecordedDelegatingHandler.cs(73,56): error CS0246: The type or namespace name 'HttpResponseMessage' could not be found (are you missing a using directive or an assembly reference?)
C:\gh\azure-sdk-for-net\sdk\mgmtcommon\ClientRuntime.Azure\Tests\CR.Azure.FullDesktop.Tests\Fakes\RecordedDelegatingHandler.cs(74,44): error CS0246: The type or namespace name 'StringContent' could not be found (are you missing a using directive or an assembly reference?)
C:\gh\azure-sdk-for-net\sdk\mgmtcommon\ClientRuntime.Azure\Tests\CR.Azure.FullDesktop.Tests\Fakes\FakeServiceClientWithCredentials.cs(89,15): error CS1729: 'ServiceClient<FakeServiceClientWithCredentials>' does not contain a constructor that takes 1 arguments
C:\gh\azure-sdk-for-net\sdk\mgmtcommon\ClientRuntime.Azure\Tests\CR.Azure.FullDesktop.Tests\Fakes\FakeServiceClientWithCredentials.cs(105,15): error CS1729: 'ServiceClient<FakeServiceClientWithCredentials>' does not contain a constructor that takes 2 arguments
C:\gh\azure-sdk-for-net\sdk\mgmtcommon\ClientRuntime.Azure\Tests\CR.Azure.FullDesktop.Tests\Fakes\PlaybackTestHandler.cs(43,35): error CS0246: The type or namespace name 'HttpResponseMessage' could not be found (are you missing a using directive or an assembly reference?)
C:\gh\azure-sdk-for-net\sdk\mgmtcommon\ClientRuntime.Azure\Tests\CR.Azure.FullDesktop.Tests\SerializationTests.cs(35,40): error CS0246: The type or namespace name 'TokenCredentials' could not be found (are you missing a using directive or an assembly reference?)
C:\gh\azure-sdk-for-net\sdk\mgmtcommon\ClientRuntime.Azure\Tests\CR.Azure.FullDesktop.Tests\SerializationTests.cs(37,84): error CS1503: Argument 2: cannot convert from 'CR.Azure.FullDesktop.Tests.Fakes.PlaybackTestHandler' to 'DelegatingHandler'
C:\gh\azure-sdk-for-net\sdk\mgmtcommon\ClientRuntime.Azure\Tests\CR.Azure.FullDesktop.Tests\SerializationTests.cs(38,22): error CS0103: The name 'Assert' does not exist in the current context
C:\gh\azure-sdk-for-net\sdk\mgmtcommon\ClientRuntime.Azure\Tests\CR.Azure.FullDesktop.Tests\SerializationTests.cs(39,13): error CS0103: The name 'Assert' does not exist in the current context
C:\gh\azure-sdk-for-net\sdk\mgmtcommon\ClientRuntime.Azure\Tests\CR.Azure.FullDesktop.Tests\SerializationTests.cs(40,27): error CS0246: The type or namespace name 'RestException' could not be found (are you missing a using directive or an assembly reference?)
C:\gh\azure-sdk-for-net\sdk\mgmtcommon\ClientRuntime.Azure\Tests\CR.Azure.FullDesktop.Tests\SerializationTests.cs(41,13): error CS0103: The name 'Assert' does not exist in the current context
C:\gh\azure-sdk-for-net\sdk\mgmtcommon\ClientRuntime.Azure\Tests\CR.Azure.FullDesktop.Tests\Fakes\FakeServiceClientWithCredentials.cs(134,13): error CS0246: The type or namespace name 'HttpRequestMessage' could not be found (are you missing a using directive or an assembly reference?)
C:\gh\azure-sdk-for-net\sdk\mgmtcommon\ClientRuntime.Azure\Tests\CR.Azure.FullDesktop.Tests\Fakes\FakeServiceClientWithCredentials.cs(136,31): error CS0246: The type or namespace name 'HttpRequestMessage' could not be found (are you missing a using directive or an assembly reference?)
C:\gh\azure-sdk-for-net\sdk\mgmtcommon\ClientRuntime.Azure\Tests\CR.Azure.FullDesktop.Tests\Fakes\FakeServiceClientWithCredentials.cs(137,34): error CS0103: The name 'HttpMethod' does not exist in the current context
C:\gh\azure-sdk-for-net\sdk\mgmtcommon\ClientRuntime.Azure\Tests\CR.Azure.FullDesktop.Tests\Fakes\FakeServiceClientWithCredentials.cs(148,26): error CS0103: The name 'HttpClient' does not exist in the current context
C:\gh\azure-sdk-for-net\sdk\mgmtcommon\ClientRuntime.Azure\Tests\CR.Azure.FullDesktop.Tests\Fakes\CloudExceptionFakeServiceClient.cs(145,41): error CS0246: The type or namespace name 'JsonSerializerSettings' could not be found (are you missing a using directive or an assembly reference?)
C:\gh\azure-sdk-for-net\sdk\mgmtcommon\ClientRuntime.Azure\Tests\CR.Azure.FullDesktop.Tests\Fakes\CloudExceptionFakeServiceClient.cs(147,30): error CS0103: The name 'Formatting' does not exist in the current context
C:\gh\azure-sdk-for-net\sdk\mgmtcommon\ClientRuntime.Azure\Tests\CR.Azure.FullDesktop.Tests\Fakes\CloudExceptionFakeServiceClient.cs(148,38): error CS0103: The name 'DateFormatHandling' does not exist in the current context
C:\gh\azure-sdk-for-net\sdk\mgmtcommon\ClientRuntime.Azure\Tests\CR.Azure.FullDesktop.Tests\Fakes\CloudExceptionFakeServiceClient.cs(149,40): error CS0103: The name 'DateTimeZoneHandling' does not exist in the current context
C:\gh\azure-sdk-for-net\sdk\mgmtcommon\ClientRuntime.Azure\Tests\CR.Azure.FullDesktop.Tests\Fakes\CloudExceptionFakeServiceClient.cs(150,37): error CS0103: The name 'NullValueHandling' does not exist in the current context
C:\gh\azure-sdk-for-net\sdk\mgmtcommon\ClientRuntime.Azure\Tests\CR.Azure.FullDesktop.Tests\Fakes\CloudExceptionFakeServiceClient.cs(151,41): error CS0103: The name 'ReferenceLoopHandling' does not exist in the current context
C:\gh\azure-sdk-for-net\sdk\mgmtcommon\ClientRuntime.Azure\Tests\CR.Azure.FullDesktop.Tests\Fakes\CloudExceptionFakeServiceClient.cs(152,40): error CS0246: The type or namespace name 'ReadOnlyJsonContractResolver' could not be found (are you missing a using directive or an assembly reference?)
C:\gh\azure-sdk-for-net\sdk\mgmtcommon\ClientRuntime.Azure\Tests\CR.Azure.FullDesktop.Tests\Fakes\CloudExceptionFakeServiceClient.cs(153,39): error CS0246: The type or namespace name 'JsonConverter' could not be found (are you missing a using directive or an assembly reference?)
C:\gh\azure-sdk-for-net\sdk\mgmtcommon\ClientRuntime.Azure\Tests\CR.Azure.FullDesktop.Tests\Fakes\CloudExceptionFakeServiceClient.cs(155,29): error CS0246: The type or namespace name 'Iso8601TimeSpanConverter' could not be found (are you missing a using directive or an assembly reference?)
C:\gh\azure-sdk-for-net\sdk\mgmtcommon\ClientRuntime.Azure\Tests\CR.Azure.FullDesktop.Tests\Fakes\CloudExceptionFakeServiceClient.cs(158,43): error CS0246: The type or namespace name 'JsonSerializerSettings' could not be found (are you missing a using directive or an assembly reference?)
C:\gh\azure-sdk-for-net\sdk\mgmtcommon\ClientRuntime.Azure\Tests\CR.Azure.FullDesktop.Tests\Fakes\CloudExceptionFakeServiceClient.cs(160,38): error CS0103: The name 'DateFormatHandling' does not exist in the current context
C:\gh\azure-sdk-for-net\sdk\mgmtcommon\ClientRuntime.Azure\Tests\CR.Azure.FullDesktop.Tests\Fakes\CloudExceptionFakeServiceClient.cs(161,40): error CS0103: The name 'DateTimeZoneHandling' does not exist in the current context
C:\gh\azure-sdk-for-net\sdk\mgmtcommon\ClientRuntime.Azure\Tests\CR.Azure.FullDesktop.Tests\Fakes\CloudExceptionFakeServiceClient.cs(162,37): error CS0103: The name 'NullValueHandling' does not exist in the current context
C:\gh\azure-sdk-for-net\sdk\mgmtcommon\ClientRuntime.Azure\Tests\CR.Azure.FullDesktop.Tests\Fakes\CloudExceptionFakeServiceClient.cs(163,41): error CS0103: The name 'ReferenceLoopHandling' does not exist in the current context
C:\gh\azure-sdk-for-net\sdk\mgmtcommon\ClientRuntime.Azure\Tests\CR.Azure.FullDesktop.Tests\Fakes\CloudExceptionFakeServiceClient.cs(164,40): error CS0246: The type or namespace name 'ReadOnlyJsonContractResolver' could not be found (are you missing a using directive or an assembly reference?)
C:\gh\azure-sdk-for-net\sdk\mgmtcommon\ClientRuntime.Azure\Tests\CR.Azure.FullDesktop.Tests\Fakes\CloudExceptionFakeServiceClient.cs(165,39): error CS0246: The type or namespace name 'JsonConverter' could not be found (are you missing a using directive or an assembly reference?)
C:\gh\azure-sdk-for-net\sdk\mgmtcommon\ClientRuntime.Azure\Tests\CR.Azure.FullDesktop.Tests\Fakes\CloudExceptionFakeServiceClient.cs(167,29): error CS0246: The type or namespace name 'Iso8601TimeSpanConverter' could not be found (are you missing a using directive or an assembly reference?)
C:\gh\azure-sdk-for-net\sdk\mgmtcommon\ClientRuntime.Azure\Tests\CR.Azure.FullDesktop.Tests\Fakes\CloudExceptionFakeServiceClient.cs(262,13): error CS0246: The type or namespace name 'HttpRequestMessage' could not be found (are you missing a using directive or an assembly reference?)
C:\gh\azure-sdk-for-net\sdk\mgmtcommon\ClientRuntime.Azure\Tests\CR.Azure.FullDesktop.Tests\Fakes\CloudExceptionFakeServiceClient.cs(262,50): error CS0246: The type or namespace name 'HttpRequestMessage' could not be found (are you missing a using directive or an assembly reference?)
C:\gh\azure-sdk-for-net\sdk\mgmtcommon\ClientRuntime.Azure\Tests\CR.Azure.FullDesktop.Tests\Fakes\CloudExceptionFakeServiceClient.cs(263,34): error CS0103: The name 'HttpMethod' does not exist in the current context
C:\gh\azure-sdk-for-net\sdk\mgmtcommon\ClientRuntime.Azure\Tests\CR.Azure.FullDesktop.Tests\Fakes\CloudExceptionFakeServiceClient.cs(268,39): error CS0246: The type or namespace name 'StringContent' could not be found (are you missing a using directive or an assembly reference?)
C:\gh\azure-sdk-for-net\sdk\mgmtcommon\ClientRuntime.Azure\Tests\CR.Azure.FullDesktop.Tests\Fakes\CloudExceptionFakeServiceClient.cs(269,55): error CS0103: The name 'MediaTypeHeaderValue' does not exist in the current context
C:\gh\azure-sdk-for-net\sdk\mgmtcommon\ClientRuntime.Azure\Tests\CR.Azure.FullDesktop.Tests\Fakes\CloudExceptionFakeServiceClient.cs(272,13): error CS0246: The type or namespace name 'HttpResponseMessage' could not be found (are you missing a using directive or an assembly reference?)
C:\gh\azure-sdk-for-net\sdk\mgmtcommon\ClientRuntime.Azure\Tests\CR.Azure.FullDesktop.Tests\Fakes\CloudExceptionFakeServiceClient.cs(272,66): error CS1061: 'CloudExceptionFakeServiceClient' does not contain a definition for 'HttpClient' and no accessible extension method 'HttpClient' accepting a first argument of type 'CloudExceptionFakeServiceClient' could be found (are you missing a using directive or an assembly reference?)
C:\gh\azure-sdk-for-net\sdk\mgmtcommon\ClientRuntime.Azure\Tests\CR.Azure.FullDesktop.Tests\Fakes\CloudExceptionFakeServiceClient.cs(278,37): error CS0103: The name 'JsonConvert' does not exist in the current context
C:\gh\azure-sdk-for-net\sdk\mgmtcommon\ClientRuntime.Azure\Tests\CR.Azure.FullDesktop.Tests\Fakes\CloudExceptionFakeServiceClient.cs(279,20): error CS0246: The type or namespace name 'HttpRequestMessageWrapper' could not be found (are you missing a using directive or an assembly reference?)
C:\gh\azure-sdk-for-net\sdk\mgmtcommon\ClientRuntime.Azure\Tests\CR.Azure.FullDesktop.Tests\Fakes\CloudExceptionFakeServiceClient.cs(279,34): error CS0246: The type or namespace name 'HttpRequestMessageWrapper' could not be found (are you missing a using directive or an assembly reference?)
C:\gh\azure-sdk-for-net\sdk\mgmtcommon\ClientRuntime.Azure\Tests\CR.Azure.FullDesktop.Tests\Fakes\CloudExceptionFakeServiceClient.cs(280,20): error CS0246: The type or namespace name 'HttpResponseMessageWrapper' could not be found (are you missing a using directive or an assembly reference?)
C:\gh\azure-sdk-for-net\sdk\mgmtcommon\ClientRuntime.Azure\Tests\CR.Azure.FullDesktop.Tests\Fakes\CloudExceptionFakeServiceClient.cs(280,35): error CS0246: The type or namespace name 'HttpResponseMessageWrapper' could not be found (are you missing a using directive or an assembly reference?)
C:\gh\azure-sdk-for-net\sdk\mgmtcommon\ClientRuntime.Azure\Tests\CR.Azure.FullDesktop.Tests\Fakes\CloudExceptionFakeServiceClient.cs(281,23): error CS0155: The type caught or thrown must be derived from System.Exception
C:\gh\azure-sdk-for-net\sdk\mgmtcommon\ClientRuntime.Azure\Tests\CR.Azure.FullDesktop.Tests\Fakes\CloudExceptionFakeServiceClient.cs(281,23): error CS0246: The type or namespace name 'RestException' could not be found (are you missing a using directive or an assembly reference?)
C:\gh\azure-sdk-for-net\sdk\mgmtcommon\ClientRuntime.Azure\Tests\CR.Azure.FullDesktop.Tests\Fakes\CloudExceptionFakeServiceClient.cs(286,20): error CS0246: The type or namespace name 'HttpOperationResponse<>' could not be found (are you missing a using directive or an assembly reference?)
C:\gh\azure-sdk-for-net\sdk\mgmtcommon\ClientRuntime.Azure\Tests\CR.Azure.FullDesktop.Tests\Fakes\CloudExceptionFakeServiceClient.cs(286,20): error CS1061: 'AzureOperationResponse<string>' does not contain a definition for 'Request' and no accessible extension method 'Request' accepting a first argument of type 'AzureOperationResponse<string>' could be found (are you missing a using directive or an assembly reference?)
C:\gh\azure-sdk-for-net\sdk\mgmtcommon\ClientRuntime.Azure\Tests\CR.Azure.FullDesktop.Tests\Fakes\CloudExceptionFakeServiceClient.cs(287,20): error CS0246: The type or namespace name 'HttpOperationResponse<>' could not be found (are you missing a using directive or an assembly reference?)
C:\gh\azure-sdk-for-net\sdk\mgmtcommon\ClientRuntime.Azure\Tests\CR.Azure.FullDesktop.Tests\Fakes\CloudExceptionFakeServiceClient.cs(287,20): error CS1061: 'AzureOperationResponse<string>' does not contain a definition for 'Response' and no accessible extension method 'Response' accepting a first argument of type 'AzureOperationResponse<string>' could be found (are you missing a using directive or an assembly reference?)
C:\gh\azure-sdk-for-net\sdk\mgmtcommon\ClientRuntime.Azure\Tests\CR.Azure.FullDesktop.Tests\Fakes\CloudExceptionFakeServiceClient.cs(292,38): error CS0103: The name 'JsonConvert' does not exist in the current context
C:\gh\azure-sdk-for-net\sdk\mgmtcommon\ClientRuntime.Azure\Tests\CR.Azure.FullDesktop.Tests\Fakes\CloudExceptionFakeServiceClient.cs(293,24): error CS0246: The type or namespace name 'HttpOperationResponse<>' could not be found (are you missing a using directive or an assembly reference?)
C:\gh\azure-sdk-for-net\sdk\mgmtcommon\ClientRuntime.Azure\Tests\CR.Azure.FullDesktop.Tests\Fakes\CloudExceptionFakeServiceClient.cs(293,24): error CS1061: 'AzureOperationResponse<string>' does not contain a definition for 'Body' and no accessible extension method 'Body' accepting a first argument of type 'AzureOperationResponse<string>' could be found (are you missing a using directive or an assembly reference?)
C:\gh\azure-sdk-for-net\sdk\mgmtcommon\ClientRuntime.Azure\Tests\CR.Azure.FullDesktop.Tests\Fakes\CloudExceptionFakeServiceClient.cs(296,13): error CS0246: The type or namespace name 'HttpOperationResponse<>' could not be found (are you missing a using directive or an assembly reference?)
C:\gh\azure-sdk-for-net\sdk\mgmtcommon\ClientRuntime.Azure\Tests\CR.Azure.FullDesktop.Tests\SerializationTests.cs(1,1): hidden CS8019: Unnecessary using directive.
C:\gh\azure-sdk-for-net\sdk\mgmtcommon\ClientRuntime.Azure\Tests\CR.Azure.FullDesktop.Tests\Fakes\FakeServiceClient.cs(5,1): hidden CS8019: Unnecessary using directive.
C:\gh\azure-sdk-for-net\sdk\mgmtcommon\ClientRuntime.Azure\Tests\CR.Azure.FullDesktop.Tests\SerializationTests.cs(2,1): hidden CS8019: Unnecessary using directive.
C:\gh\azure-sdk-for-net\sdk\mgmtcommon\ClientRuntime.Azure\Tests\CR.Azure.FullDesktop.Tests\Fakes\RecordedDelegatingHandler.cs(6,1): hidden CS8019: Unnecessary using directive.
C:\gh\azure-sdk-for-net\sdk\mgmtcommon\ClientRuntime.Azure\Tests\CR.Azure.FullDesktop.Tests\Fakes\FakeServiceClient.cs(8,1): hidden CS8019: Unnecessary using directive.
C:\gh\azure-sdk-for-net\sdk\mgmtcommon\ClientRuntime.Azure\Tests\CR.Azure.FullDesktop.Tests\Fakes\RecordedDelegatingHandler.cs(7,1): hidden CS8019: Unnecessary using directive.
C:\gh\azure-sdk-for-net\artifacts\obj\CR.Azure.FullDesktop.Tests\Debug\net452\CR.Azure.FullDesktop.Tests.AssemblyInfo.cs(11,1): hidden CS8019: Unnecessary using directive.
C:\gh\azure-sdk-for-net\sdk\mgmtcommon\ClientRuntime.Azure\Tests\CR.Azure.FullDesktop.Tests\Fakes\FakeServiceClientWithCredentials.cs(5,1): hidden CS8019: Unnecessary using directive.
C:\gh\azure-sdk-for-net\sdk\mgmtcommon\ClientRuntime.Azure\Tests\CR.Azure.FullDesktop.Tests\Fakes\CloudExceptionFakeServiceClient.cs(9,1): hidden CS8019: Unnecessary using directive.
C:\gh\azure-sdk-for-net\sdk\mgmtcommon\ClientRuntime.Azure\Tests\CR.Azure.FullDesktop.Tests\SerializationTests.cs(8,1): hidden CS8019: Unnecessary using directive.
C:\gh\azure-sdk-for-net\sdk\mgmtcommon\ClientRuntime.Azure\Tests\CR.Azure.FullDesktop.Tests\Fakes\CloudExceptionFakeServiceClient.cs(3,1): hidden CS8019: Unnecessary using directive.
C:\gh\azure-sdk-for-net\artifacts\obj\CR.Azure.FullDesktop.Tests\Debug\net452\.NETFramework,Version=v4.5.2.AssemblyAttributes.cs(2,1): hidden CS8019: Unnecessary using directive.
C:\gh\azure-sdk-for-net\sdk\mgmtcommon\ClientRuntime.Azure\Tests\CR.Azure.FullDesktop.Tests\Fakes\PlaybackTestHandler.cs(6,1): hidden CS8019: Unnecessary using directive.
C:\gh\azure-sdk-for-net\sdk\mgmtcommon\ClientRuntime.Azure\Tests\CR.Azure.FullDesktop.Tests\Fakes\CloudExceptionFakeServiceClient.cs(6,1): hidden CS8019: Unnecessary using directive.
C:\gh\azure-sdk-for-net\sdk\mgmtcommon\ClientRuntime.Azure\Tests\CR.Azure.FullDesktop.Tests\Fakes\CloudExceptionFakeServiceClient.cs(4,1): hidden CS8019: Unnecessary using directive.
C:\gh\azure-sdk-for-net\artifacts\obj\CR.Azure.FullDesktop.Tests\Debug\net452\.NETFramework,Version=v4.5.2.AssemblyAttributes.cs(3,1): hidden CS8019: Unnecessary using directive.
C:\gh\azure-sdk-for-net\sdk\mgmtcommon\ClientRuntime.Azure\Tests\CR.Azure.FullDesktop.Tests\Fakes\CloudExceptionFakeServiceClient.cs(7,1): hidden CS8019: Unnecessary using directive.
C:\gh\azure-sdk-for-net\sdk\mgmtcommon\ClientRuntime.Azure\Tests\CR.Azure.FullDesktop.Tests\SerializationTests.cs(4,1): hidden CS8019: Unnecessary using directive.
C:\gh\azure-sdk-for-net\sdk\mgmtcommon\ClientRuntime.Azure\Tests\CR.Azure.FullDesktop.Tests\Fakes\FakeServiceClientWithCredentials.cs(8,1): hidden CS8019: Unnecessary using directive.
C:\gh\azure-sdk-for-net\artifacts\obj\CR.Azure.FullDesktop.Tests\Debug\net452\CR.Azure.FullDesktop.Tests.AssemblyInfo.cs(12,1): hidden CS8019: Unnecessary using directive.
