C:\gh\azure-sdk-for-net\sdk\template\Azure.Template\perf\MiniSecretClientTest.cs(7,13): error CS0234: The type or namespace name 'Identity' does not exist in the namespace 'Azure' (are you missing an assembly reference?)
C:\gh\azure-sdk-for-net\sdk\template\Azure.Template\perf\MiniSecretClientTest.cs(9,7): error CS0246: The type or namespace name 'CommandLine' could not be found (are you missing a using directive or an assembly reference?)
C:\gh\azure-sdk-for-net\sdk\template\Azure.Template\perf\MiniSecretClientTest.cs(41,14): error CS0246: The type or namespace name 'OptionAttribute' could not be found (are you missing a using directive or an assembly reference?)
C:\gh\azure-sdk-for-net\sdk\template\Azure.Template\perf\MiniSecretClientTest.cs(41,14): error CS0246: The type or namespace name 'Option' could not be found (are you missing a using directive or an assembly reference?)
C:\gh\azure-sdk-for-net\sdk\template\Azure.Template\perf\MiniSecretClientTest.cs(41,36): error CS0246: The type or namespace name 'Default' could not be found (are you missing a using directive or an assembly reference?)
C:\gh\azure-sdk-for-net\sdk\template\Azure.Template\perf\MiniSecretClientTest.cs(41,60): error CS0246: The type or namespace name 'HelpText' could not be found (are you missing a using directive or an assembly reference?)
C:\gh\azure-sdk-for-net\sdk\template\Azure.Template\perf\MiniSecretClientTest.cs(44,14): error CS0246: The type or namespace name 'OptionAttribute' could not be found (are you missing a using directive or an assembly reference?)
C:\gh\azure-sdk-for-net\sdk\template\Azure.Template\perf\MiniSecretClientTest.cs(44,14): error CS0246: The type or namespace name 'Option' could not be found (are you missing a using directive or an assembly reference?)
C:\gh\azure-sdk-for-net\sdk\template\Azure.Template\perf\MiniSecretClientTest.cs(44,30): error CS0246: The type or namespace name 'Default' could not be found (are you missing a using directive or an assembly reference?)
C:\gh\azure-sdk-for-net\sdk\template\Azure.Template\perf\MiniSecretClientTest.cs(44,45): error CS0246: The type or namespace name 'HelpText' could not be found (are you missing a using directive or an assembly reference?)
C:\gh\azure-sdk-for-net\sdk\template\Azure.Template\perf\MiniSecretClientTest.cs(20,80): error CS0246: The type or namespace name 'DefaultAzureCredential' could not be found (are you missing a using directive or an assembly reference?)
C:\gh\azure-sdk-for-net\sdk\template\Azure.Template\perf\MiniSecretClientTest.cs(20,37): error CS0518: Predefined type 'System.Void' is not defined or imported
C:\gh\azure-sdk-for-net\sdk\template\Azure.Template\perf\MiniSecretClientTest.cs(28,13): error CS0246: The type or namespace name 'Response<>' could not be found (are you missing a using directive or an assembly reference?)
C:\gh\azure-sdk-for-net\sdk\template\Azure.Template\perf\MiniSecretClientTest.cs(36,19): error CS0246: The type or namespace name 'Task<>' could not be found (are you missing a using directive or an assembly reference?)
C:\gh\azure-sdk-for-net\artifacts\obj\Azure.Template.Perf\Debug\net461\Azure.Template.Perf.AssemblyInfo.cs(11,1): hidden CS8019: Unnecessary using directive.
C:\gh\azure-sdk-for-net\artifacts\obj\Azure.Template.Perf\Debug\net461\.NETFramework,Version=v4.6.1.AssemblyAttributes.cs(3,1): hidden CS8019: Unnecessary using directive.
C:\gh\azure-sdk-for-net\artifacts\obj\Azure.Template.Perf\Debug\net461\Azure.Template.Perf.AssemblyInfo.cs(12,1): hidden CS8019: Unnecessary using directive.
C:\gh\azure-sdk-for-net\sdk\template\Azure.Template\perf\MiniSecretClientTest.cs(7,1): hidden CS8019: Unnecessary using directive.
C:\gh\azure-sdk-for-net\artifacts\obj\Azure.Template.Perf\Debug\net461\.NETFramework,Version=v4.6.1.AssemblyAttributes.cs(2,1): hidden CS8019: Unnecessary using directive.
C:\gh\azure-sdk-for-net\sdk\template\Azure.Template\perf\MiniSecretClientTest.cs(9,1): hidden CS8019: Unnecessary using directive.
