C:\gh\azure-sdk-for-net\sdk\iot\Azure.Iot.Hub.Service\tests\JobsClientTests.cs(20,6): error CS0246: The type or namespace name 'ParallelizableAttribute' could not be found (are you missing a using directive or an assembly reference?)
C:\gh\azure-sdk-for-net\sdk\iot\Azure.Iot.Hub.Service\tests\JobsClientTests.cs(20,6): error CS0246: The type or namespace name 'Parallelizable' could not be found (are you missing a using directive or an assembly reference?)
C:\gh\azure-sdk-for-net\sdk\iot\Azure.Iot.Hub.Service\tests\JobsClientTests.cs(20,21): error CS0103: The name 'ParallelScope' does not exist in the current context
C:\gh\azure-sdk-for-net\sdk\iot\Azure.Iot.Hub.Service\tests\JobsClientTests.cs(94,28): error CS0246: The type or namespace name 'Response<>' could not be found (are you missing a using directive or an assembly reference?)
C:\gh\azure-sdk-for-net\sdk\iot\Azure.Iot.Hub.Service\tests\E2eTestBase.cs(14,6): error CS0246: The type or namespace name 'ParallelizableAttribute' could not be found (are you missing a using directive or an assembly reference?)
C:\gh\azure-sdk-for-net\sdk\iot\Azure.Iot.Hub.Service\tests\E2eTestBase.cs(14,6): error CS0246: The type or namespace name 'Parallelizable' could not be found (are you missing a using directive or an assembly reference?)
C:\gh\azure-sdk-for-net\sdk\iot\Azure.Iot.Hub.Service\tests\E2eTestBase.cs(14,21): error CS0103: The name 'ParallelScope' does not exist in the current context
C:\gh\azure-sdk-for-net\sdk\iot\Azure.Iot.Hub.Service\tests\StatisticsClientTests.cs(37,10): error CS0246: The type or namespace name 'TestAttribute' could not be found (are you missing a using directive or an assembly reference?)
C:\gh\azure-sdk-for-net\sdk\iot\Azure.Iot.Hub.Service\tests\StatisticsClientTests.cs(37,10): error CS0246: The type or namespace name 'Test' could not be found (are you missing a using directive or an assembly reference?)
C:\gh\azure-sdk-for-net\sdk\iot\Azure.Iot.Hub.Service\tests\IotHubSasCredentialTests.cs(14,6): error CS0246: The type or namespace name 'CategoryAttribute' could not be found (are you missing a using directive or an assembly reference?)
C:\gh\azure-sdk-for-net\sdk\iot\Azure.Iot.Hub.Service\tests\IotHubSasCredentialTests.cs(14,6): error CS0246: The type or namespace name 'Category' could not be found (are you missing a using directive or an assembly reference?)
C:\gh\azure-sdk-for-net\sdk\iot\Azure.Iot.Hub.Service\tests\IotHubSasCredentialTests.cs(15,6): error CS0246: The type or namespace name 'ParallelizableAttribute' could not be found (are you missing a using directive or an assembly reference?)
C:\gh\azure-sdk-for-net\sdk\iot\Azure.Iot.Hub.Service\tests\IotHubSasCredentialTests.cs(15,6): error CS0246: The type or namespace name 'Parallelizable' could not be found (are you missing a using directive or an assembly reference?)
C:\gh\azure-sdk-for-net\sdk\iot\Azure.Iot.Hub.Service\tests\IotHubSasCredentialTests.cs(15,21): error CS0103: The name 'ParallelScope' does not exist in the current context
C:\gh\azure-sdk-for-net\sdk\iot\Azure.Iot.Hub.Service\tests\ConfigurationsClientTests.cs(72,10): error CS0246: The type or namespace name 'TestAttribute' could not be found (are you missing a using directive or an assembly reference?)
C:\gh\azure-sdk-for-net\sdk\iot\Azure.Iot.Hub.Service\tests\ConfigurationsClientTests.cs(72,10): error CS0246: The type or namespace name 'Test' could not be found (are you missing a using directive or an assembly reference?)
C:\gh\azure-sdk-for-net\sdk\iot\Azure.Iot.Hub.Service\tests\IotHubSasCredentialTests.cs(91,10): error CS0246: The type or namespace name 'TestAttribute' could not be found (are you missing a using directive or an assembly reference?)
C:\gh\azure-sdk-for-net\sdk\iot\Azure.Iot.Hub.Service\tests\IotHubSasCredentialTests.cs(91,10): error CS0246: The type or namespace name 'Test' could not be found (are you missing a using directive or an assembly reference?)
C:\gh\azure-sdk-for-net\sdk\iot\Azure.Iot.Hub.Service\tests\QueryTests.cs(85,10): error CS0246: The type or namespace name 'TestAttribute' could not be found (are you missing a using directive or an assembly reference?)
C:\gh\azure-sdk-for-net\sdk\iot\Azure.Iot.Hub.Service\tests\QueryTests.cs(85,10): error CS0246: The type or namespace name 'Test' could not be found (are you missing a using directive or an assembly reference?)
C:\gh\azure-sdk-for-net\sdk\iot\Azure.Iot.Hub.Service\tests\StatisticsClientTests.cs(24,10): error CS0246: The type or namespace name 'TestAttribute' could not be found (are you missing a using directive or an assembly reference?)
C:\gh\azure-sdk-for-net\sdk\iot\Azure.Iot.Hub.Service\tests\StatisticsClientTests.cs(24,10): error CS0246: The type or namespace name 'Test' could not be found (are you missing a using directive or an assembly reference?)
C:\gh\azure-sdk-for-net\sdk\iot\Azure.Iot.Hub.Service\tests\IotHubSasCredentialTests.cs(69,10): error CS0246: The type or namespace name 'TestAttribute' could not be found (are you missing a using directive or an assembly reference?)
C:\gh\azure-sdk-for-net\sdk\iot\Azure.Iot.Hub.Service\tests\IotHubSasCredentialTests.cs(69,10): error CS0246: The type or namespace name 'Test' could not be found (are you missing a using directive or an assembly reference?)
C:\gh\azure-sdk-for-net\sdk\iot\Azure.Iot.Hub.Service\tests\DevicesClientTests.cs(396,10): error CS0246: The type or namespace name 'TestAttribute' could not be found (are you missing a using directive or an assembly reference?)
C:\gh\azure-sdk-for-net\sdk\iot\Azure.Iot.Hub.Service\tests\DevicesClientTests.cs(396,10): error CS0246: The type or namespace name 'Test' could not be found (are you missing a using directive or an assembly reference?)
C:\gh\azure-sdk-for-net\sdk\iot\Azure.Iot.Hub.Service\tests\DevicesClientTests.cs(397,10): error CS0246: The type or namespace name 'IgnoreAttribute' could not be found (are you missing a using directive or an assembly reference?)
C:\gh\azure-sdk-for-net\sdk\iot\Azure.Iot.Hub.Service\tests\DevicesClientTests.cs(397,10): error CS0246: The type or namespace name 'Ignore' could not be found (are you missing a using directive or an assembly reference?)
C:\gh\azure-sdk-for-net\sdk\iot\Azure.Iot.Hub.Service\tests\JobsClientTests.cs(30,10): error CS0246: The type or namespace name 'TestAttribute' could not be found (are you missing a using directive or an assembly reference?)
C:\gh\azure-sdk-for-net\sdk\iot\Azure.Iot.Hub.Service\tests\JobsClientTests.cs(30,10): error CS0246: The type or namespace name 'Test' could not be found (are you missing a using directive or an assembly reference?)
C:\gh\azure-sdk-for-net\sdk\iot\Azure.Iot.Hub.Service\tests\ModulesClientTests.cs(675,10): error CS0246: The type or namespace name 'TestAttribute' could not be found (are you missing a using directive or an assembly reference?)
C:\gh\azure-sdk-for-net\sdk\iot\Azure.Iot.Hub.Service\tests\ModulesClientTests.cs(675,10): error CS0246: The type or namespace name 'Test' could not be found (are you missing a using directive or an assembly reference?)
C:\gh\azure-sdk-for-net\sdk\iot\Azure.Iot.Hub.Service\tests\ConfigurationsClientTests.cs(35,10): error CS0246: The type or namespace name 'TestAttribute' could not be found (are you missing a using directive or an assembly reference?)
C:\gh\azure-sdk-for-net\sdk\iot\Azure.Iot.Hub.Service\tests\ConfigurationsClientTests.cs(35,10): error CS0246: The type or namespace name 'Test' could not be found (are you missing a using directive or an assembly reference?)
C:\gh\azure-sdk-for-net\sdk\iot\Azure.Iot.Hub.Service\tests\QueryTests.cs(32,10): error CS0246: The type or namespace name 'TestAttribute' could not be found (are you missing a using directive or an assembly reference?)
C:\gh\azure-sdk-for-net\sdk\iot\Azure.Iot.Hub.Service\tests\QueryTests.cs(32,10): error CS0246: The type or namespace name 'Test' could not be found (are you missing a using directive or an assembly reference?)
C:\gh\azure-sdk-for-net\sdk\iot\Azure.Iot.Hub.Service\tests\DevicesClientTests.cs(345,10): error CS0246: The type or namespace name 'TestAttribute' could not be found (are you missing a using directive or an assembly reference?)
C:\gh\azure-sdk-for-net\sdk\iot\Azure.Iot.Hub.Service\tests\DevicesClientTests.cs(345,10): error CS0246: The type or namespace name 'Test' could not be found (are you missing a using directive or an assembly reference?)
C:\gh\azure-sdk-for-net\sdk\iot\Azure.Iot.Hub.Service\tests\ModulesClientTests.cs(624,10): error CS0246: The type or namespace name 'TestAttribute' could not be found (are you missing a using directive or an assembly reference?)
C:\gh\azure-sdk-for-net\sdk\iot\Azure.Iot.Hub.Service\tests\ModulesClientTests.cs(624,10): error CS0246: The type or namespace name 'Test' could not be found (are you missing a using directive or an assembly reference?)
C:\gh\azure-sdk-for-net\sdk\iot\Azure.Iot.Hub.Service\tests\DevicesClientTests.cs(303,10): error CS0246: The type or namespace name 'TestAttribute' could not be found (are you missing a using directive or an assembly reference?)
C:\gh\azure-sdk-for-net\sdk\iot\Azure.Iot.Hub.Service\tests\DevicesClientTests.cs(303,10): error CS0246: The type or namespace name 'Test' could not be found (are you missing a using directive or an assembly reference?)
C:\gh\azure-sdk-for-net\sdk\iot\Azure.Iot.Hub.Service\tests\DevicesClientTests.cs(270,10): error CS0246: The type or namespace name 'TestAttribute' could not be found (are you missing a using directive or an assembly reference?)
C:\gh\azure-sdk-for-net\sdk\iot\Azure.Iot.Hub.Service\tests\DevicesClientTests.cs(270,10): error CS0246: The type or namespace name 'Test' could not be found (are you missing a using directive or an assembly reference?)
C:\gh\azure-sdk-for-net\sdk\iot\Azure.Iot.Hub.Service\tests\DevicesClientTests.cs(271,10): error CS0246: The type or namespace name 'IgnoreAttribute' could not be found (are you missing a using directive or an assembly reference?)
C:\gh\azure-sdk-for-net\sdk\iot\Azure.Iot.Hub.Service\tests\DevicesClientTests.cs(271,10): error CS0246: The type or namespace name 'Ignore' could not be found (are you missing a using directive or an assembly reference?)
C:\gh\azure-sdk-for-net\sdk\iot\Azure.Iot.Hub.Service\tests\ModulesClientTests.cs(577,10): error CS0246: The type or namespace name 'TestAttribute' could not be found (are you missing a using directive or an assembly reference?)
C:\gh\azure-sdk-for-net\sdk\iot\Azure.Iot.Hub.Service\tests\ModulesClientTests.cs(577,10): error CS0246: The type or namespace name 'Test' could not be found (are you missing a using directive or an assembly reference?)
C:\gh\azure-sdk-for-net\sdk\iot\Azure.Iot.Hub.Service\tests\ModulesClientTests.cs(578,10): error CS0246: The type or namespace name 'IgnoreAttribute' could not be found (are you missing a using directive or an assembly reference?)
C:\gh\azure-sdk-for-net\sdk\iot\Azure.Iot.Hub.Service\tests\ModulesClientTests.cs(578,10): error CS0246: The type or namespace name 'Ignore' could not be found (are you missing a using directive or an assembly reference?)
C:\gh\azure-sdk-for-net\sdk\iot\Azure.Iot.Hub.Service\tests\DevicesClientTests.cs(211,10): error CS0246: The type or namespace name 'TestAttribute' could not be found (are you missing a using directive or an assembly reference?)
C:\gh\azure-sdk-for-net\sdk\iot\Azure.Iot.Hub.Service\tests\DevicesClientTests.cs(211,10): error CS0246: The type or namespace name 'Test' could not be found (are you missing a using directive or an assembly reference?)
C:\gh\azure-sdk-for-net\sdk\iot\Azure.Iot.Hub.Service\tests\ModulesClientTests.cs(505,10): error CS0246: The type or namespace name 'TestAttribute' could not be found (are you missing a using directive or an assembly reference?)
C:\gh\azure-sdk-for-net\sdk\iot\Azure.Iot.Hub.Service\tests\ModulesClientTests.cs(505,10): error CS0246: The type or namespace name 'Test' could not be found (are you missing a using directive or an assembly reference?)
C:\gh\azure-sdk-for-net\sdk\iot\Azure.Iot.Hub.Service\tests\DevicesClientTests.cs(185,10): error CS0246: The type or namespace name 'TestAttribute' could not be found (are you missing a using directive or an assembly reference?)
C:\gh\azure-sdk-for-net\sdk\iot\Azure.Iot.Hub.Service\tests\DevicesClientTests.cs(185,10): error CS0246: The type or namespace name 'Test' could not be found (are you missing a using directive or an assembly reference?)
C:\gh\azure-sdk-for-net\sdk\iot\Azure.Iot.Hub.Service\tests\ModulesClientTests.cs(460,10): error CS0246: The type or namespace name 'TestAttribute' could not be found (are you missing a using directive or an assembly reference?)
C:\gh\azure-sdk-for-net\sdk\iot\Azure.Iot.Hub.Service\tests\ModulesClientTests.cs(460,10): error CS0246: The type or namespace name 'Test' could not be found (are you missing a using directive or an assembly reference?)
C:\gh\azure-sdk-for-net\sdk\iot\Azure.Iot.Hub.Service\tests\DevicesClientTests.cs(135,10): error CS0246: The type or namespace name 'TestAttribute' could not be found (are you missing a using directive or an assembly reference?)
C:\gh\azure-sdk-for-net\sdk\iot\Azure.Iot.Hub.Service\tests\DevicesClientTests.cs(135,10): error CS0246: The type or namespace name 'Test' could not be found (are you missing a using directive or an assembly reference?)
C:\gh\azure-sdk-for-net\sdk\iot\Azure.Iot.Hub.Service\tests\ModulesClientTests.cs(425,10): error CS0246: The type or namespace name 'TestAttribute' could not be found (are you missing a using directive or an assembly reference?)
C:\gh\azure-sdk-for-net\sdk\iot\Azure.Iot.Hub.Service\tests\ModulesClientTests.cs(425,10): error CS0246: The type or namespace name 'Test' could not be found (are you missing a using directive or an assembly reference?)
C:\gh\azure-sdk-for-net\sdk\iot\Azure.Iot.Hub.Service\tests\DevicesClientTests.cs(83,10): error CS0246: The type or namespace name 'TestAttribute' could not be found (are you missing a using directive or an assembly reference?)
C:\gh\azure-sdk-for-net\sdk\iot\Azure.Iot.Hub.Service\tests\DevicesClientTests.cs(83,10): error CS0246: The type or namespace name 'Test' could not be found (are you missing a using directive or an assembly reference?)
C:\gh\azure-sdk-for-net\sdk\iot\Azure.Iot.Hub.Service\tests\ModulesClientTests.cs(338,10): error CS0246: The type or namespace name 'TestAttribute' could not be found (are you missing a using directive or an assembly reference?)
C:\gh\azure-sdk-for-net\sdk\iot\Azure.Iot.Hub.Service\tests\ModulesClientTests.cs(338,10): error CS0246: The type or namespace name 'Test' could not be found (are you missing a using directive or an assembly reference?)
C:\gh\azure-sdk-for-net\sdk\iot\Azure.Iot.Hub.Service\tests\ModulesClientTests.cs(339,10): error CS0246: The type or namespace name 'IgnoreAttribute' could not be found (are you missing a using directive or an assembly reference?)
C:\gh\azure-sdk-for-net\sdk\iot\Azure.Iot.Hub.Service\tests\ModulesClientTests.cs(339,10): error CS0246: The type or namespace name 'Ignore' could not be found (are you missing a using directive or an assembly reference?)
C:\gh\azure-sdk-for-net\sdk\iot\Azure.Iot.Hub.Service\tests\DevicesClientTests.cs(36,10): error CS0246: The type or namespace name 'TestAttribute' could not be found (are you missing a using directive or an assembly reference?)
C:\gh\azure-sdk-for-net\sdk\iot\Azure.Iot.Hub.Service\tests\DevicesClientTests.cs(36,10): error CS0246: The type or namespace name 'Test' could not be found (are you missing a using directive or an assembly reference?)
C:\gh\azure-sdk-for-net\sdk\iot\Azure.Iot.Hub.Service\tests\ModulesClientTests.cs(282,10): error CS0246: The type or namespace name 'TestAttribute' could not be found (are you missing a using directive or an assembly reference?)
C:\gh\azure-sdk-for-net\sdk\iot\Azure.Iot.Hub.Service\tests\ModulesClientTests.cs(282,10): error CS0246: The type or namespace name 'Test' could not be found (are you missing a using directive or an assembly reference?)
C:\gh\azure-sdk-for-net\sdk\iot\Azure.Iot.Hub.Service\tests\ModulesClientTests.cs(217,10): error CS0246: The type or namespace name 'TestAttribute' could not be found (are you missing a using directive or an assembly reference?)
C:\gh\azure-sdk-for-net\sdk\iot\Azure.Iot.Hub.Service\tests\ModulesClientTests.cs(217,10): error CS0246: The type or namespace name 'Test' could not be found (are you missing a using directive or an assembly reference?)
C:\gh\azure-sdk-for-net\sdk\iot\Azure.Iot.Hub.Service\tests\ModulesClientTests.cs(162,10): error CS0246: The type or namespace name 'TestAttribute' could not be found (are you missing a using directive or an assembly reference?)
C:\gh\azure-sdk-for-net\sdk\iot\Azure.Iot.Hub.Service\tests\ModulesClientTests.cs(162,10): error CS0246: The type or namespace name 'Test' could not be found (are you missing a using directive or an assembly reference?)
C:\gh\azure-sdk-for-net\sdk\iot\Azure.Iot.Hub.Service\tests\ModulesClientTests.cs(100,10): error CS0246: The type or namespace name 'TestAttribute' could not be found (are you missing a using directive or an assembly reference?)
C:\gh\azure-sdk-for-net\sdk\iot\Azure.Iot.Hub.Service\tests\ModulesClientTests.cs(100,10): error CS0246: The type or namespace name 'Test' could not be found (are you missing a using directive or an assembly reference?)
C:\gh\azure-sdk-for-net\sdk\iot\Azure.Iot.Hub.Service\tests\ModulesClientTests.cs(36,10): error CS0246: The type or namespace name 'TestAttribute' could not be found (are you missing a using directive or an assembly reference?)
C:\gh\azure-sdk-for-net\sdk\iot\Azure.Iot.Hub.Service\tests\ModulesClientTests.cs(36,10): error CS0246: The type or namespace name 'Test' could not be found (are you missing a using directive or an assembly reference?)
C:\gh\azure-sdk-for-net\sdk\iot\Azure.Iot.Hub.Service\tests\ConfigurationsClientTests.cs(12,7): error CS0246: The type or namespace name 'FluentAssertions' could not be found (are you missing a using directive or an assembly reference?)
C:\gh\azure-sdk-for-net\sdk\iot\Azure.Iot.Hub.Service\tests\ConfigurationsClientTests.cs(13,7): error CS0246: The type or namespace name 'NUnit' could not be found (are you missing a using directive or an assembly reference?)
C:\gh\azure-sdk-for-net\sdk\iot\Azure.Iot.Hub.Service\tests\DevicesClientTests.cs(9,7): error CS0246: The type or namespace name 'FluentAssertions' could not be found (are you missing a using directive or an assembly reference?)
C:\gh\azure-sdk-for-net\sdk\iot\Azure.Iot.Hub.Service\tests\DevicesClientTests.cs(10,17): error CS0234: The type or namespace name 'Azure' does not exist in the namespace 'Microsoft' (are you missing an assembly reference?)
C:\gh\azure-sdk-for-net\sdk\iot\Azure.Iot.Hub.Service\tests\DevicesClientTests.cs(11,7): error CS0246: The type or namespace name 'NUnit' could not be found (are you missing a using directive or an assembly reference?)
C:\gh\azure-sdk-for-net\sdk\iot\Azure.Iot.Hub.Service\tests\E2eTestBase.cs(7,7): error CS0246: The type or namespace name 'NUnit' could not be found (are you missing a using directive or an assembly reference?)
C:\gh\azure-sdk-for-net\sdk\iot\Azure.Iot.Hub.Service\tests\IotHubSasCredentialTests.cs(9,7): error CS0246: The type or namespace name 'FluentAssertions' could not be found (are you missing a using directive or an assembly reference?)
C:\gh\azure-sdk-for-net\sdk\iot\Azure.Iot.Hub.Service\tests\IotHubSasCredentialTests.cs(10,7): error CS0246: The type or namespace name 'NUnit' could not be found (are you missing a using directive or an assembly reference?)
C:\gh\azure-sdk-for-net\sdk\iot\Azure.Iot.Hub.Service\tests\JobsClientTests.cs(8,7): error CS0246: The type or namespace name 'FluentAssertions' could not be found (are you missing a using directive or an assembly reference?)
C:\gh\azure-sdk-for-net\sdk\iot\Azure.Iot.Hub.Service\tests\JobsClientTests.cs(9,7): error CS0246: The type or namespace name 'NUnit' could not be found (are you missing a using directive or an assembly reference?)
C:\gh\azure-sdk-for-net\sdk\iot\Azure.Iot.Hub.Service\tests\ModulesClientTests.cs(9,7): error CS0246: The type or namespace name 'FluentAssertions' could not be found (are you missing a using directive or an assembly reference?)
C:\gh\azure-sdk-for-net\sdk\iot\Azure.Iot.Hub.Service\tests\ModulesClientTests.cs(10,17): error CS0234: The type or namespace name 'Azure' does not exist in the namespace 'Microsoft' (are you missing an assembly reference?)
C:\gh\azure-sdk-for-net\sdk\iot\Azure.Iot.Hub.Service\tests\ModulesClientTests.cs(11,7): error CS0246: The type or namespace name 'NUnit' could not be found (are you missing a using directive or an assembly reference?)
C:\gh\azure-sdk-for-net\sdk\iot\Azure.Iot.Hub.Service\tests\QueryTests.cs(9,7): error CS0246: The type or namespace name 'FluentAssertions' could not be found (are you missing a using directive or an assembly reference?)
C:\gh\azure-sdk-for-net\sdk\iot\Azure.Iot.Hub.Service\tests\QueryTests.cs(10,7): error CS0246: The type or namespace name 'NUnit' could not be found (are you missing a using directive or an assembly reference?)
C:\gh\azure-sdk-for-net\sdk\iot\Azure.Iot.Hub.Service\tests\StatisticsClientTests.cs(6,7): error CS0246: The type or namespace name 'NUnit' could not be found (are you missing a using directive or an assembly reference?)
C:\gh\azure-sdk-for-net\sdk\iot\Azure.Iot.Hub.Service\tests\TestSettings.cs(8,17): error CS0234: The type or namespace name 'Extensions' does not exist in the namespace 'Microsoft' (are you missing an assembly reference?)
C:\gh\azure-sdk-for-net\sdk\iot\Azure.Iot.Hub.Service\tests\E2eTestBase.cs(28,10): error CS0246: The type or namespace name 'SetUpAttribute' could not be found (are you missing a using directive or an assembly reference?)
C:\gh\azure-sdk-for-net\sdk\iot\Azure.Iot.Hub.Service\tests\E2eTestBase.cs(28,10): error CS0246: The type or namespace name 'SetUp' could not be found (are you missing a using directive or an assembly reference?)
C:\gh\azure-sdk-for-net\sdk\iot\Azure.Iot.Hub.Service\tests\IotHubSasCredentialTests.cs(31,10): error CS0246: The type or namespace name 'TestAttribute' could not be found (are you missing a using directive or an assembly reference?)
C:\gh\azure-sdk-for-net\sdk\iot\Azure.Iot.Hub.Service\tests\IotHubSasCredentialTests.cs(31,10): error CS0246: The type or namespace name 'Test' could not be found (are you missing a using directive or an assembly reference?)
C:\gh\azure-sdk-for-net\sdk\iot\Azure.Iot.Hub.Service\tests\IotHubSasCredentialTests.cs(43,10): error CS0246: The type or namespace name 'TestAttribute' could not be found (are you missing a using directive or an assembly reference?)
C:\gh\azure-sdk-for-net\sdk\iot\Azure.Iot.Hub.Service\tests\IotHubSasCredentialTests.cs(43,10): error CS0246: The type or namespace name 'Test' could not be found (are you missing a using directive or an assembly reference?)
C:\gh\azure-sdk-for-net\sdk\iot\Azure.Iot.Hub.Service\tests\IotHubSasCredentialTests.cs(55,10): error CS0246: The type or namespace name 'TestAttribute' could not be found (are you missing a using directive or an assembly reference?)
C:\gh\azure-sdk-for-net\sdk\iot\Azure.Iot.Hub.Service\tests\IotHubSasCredentialTests.cs(55,10): error CS0246: The type or namespace name 'Test' could not be found (are you missing a using directive or an assembly reference?)
C:\gh\azure-sdk-for-net\sdk\iot\Azure.Iot.Hub.Service\tests\StatisticsClientTests.cs(29,13): error CS0246: The type or namespace name 'Response<>' could not be found (are you missing a using directive or an assembly reference?)
C:\gh\azure-sdk-for-net\sdk\iot\Azure.Iot.Hub.Service\tests\StatisticsClientTests.cs(29,54): error CS0246: The type or namespace name 'Task<>' could not be found (are you missing a using directive or an assembly reference?)
C:\gh\azure-sdk-for-net\sdk\iot\Azure.Iot.Hub.Service\tests\StatisticsClientTests.cs(31,13): error CS0103: The name 'Assert' does not exist in the current context
C:\gh\azure-sdk-for-net\sdk\iot\Azure.Iot.Hub.Service\tests\StatisticsClientTests.cs(32,13): error CS0103: The name 'Assert' does not exist in the current context
C:\gh\azure-sdk-for-net\sdk\iot\Azure.Iot.Hub.Service\tests\StatisticsClientTests.cs(33,13): error CS0103: The name 'Assert' does not exist in the current context
C:\gh\azure-sdk-for-net\sdk\iot\Azure.Iot.Hub.Service\tests\StatisticsClientTests.cs(34,13): error CS0103: The name 'Assert' does not exist in the current context
C:\gh\azure-sdk-for-net\sdk\iot\Azure.Iot.Hub.Service\tests\E2eTestBase.cs(42,49): error CS0518: Predefined type 'System.Void' is not defined or imported
C:\gh\azure-sdk-for-net\sdk\iot\Azure.Iot.Hub.Service\tests\E2eTestBase.cs(40,21): error CS0518: Predefined type 'System.Void' is not defined or imported
C:\gh\azure-sdk-for-net\sdk\iot\Azure.Iot.Hub.Service\tests\E2eTestBase.cs(53,42): error CS0122: 'ConnectionString' is inaccessible due to its protection level
C:\gh\azure-sdk-for-net\sdk\iot\Azure.Iot.Hub.Service\tests\StatisticsClientTests.cs(42,13): error CS0246: The type or namespace name 'Response<>' could not be found (are you missing a using directive or an assembly reference?)
C:\gh\azure-sdk-for-net\sdk\iot\Azure.Iot.Hub.Service\tests\StatisticsClientTests.cs(42,54): error CS0246: The type or namespace name 'Task<>' could not be found (are you missing a using directive or an assembly reference?)
C:\gh\azure-sdk-for-net\sdk\iot\Azure.Iot.Hub.Service\tests\StatisticsClientTests.cs(44,13): error CS0103: The name 'Assert' does not exist in the current context
C:\gh\azure-sdk-for-net\sdk\iot\Azure.Iot.Hub.Service\tests\StatisticsClientTests.cs(45,13): error CS0103: The name 'Assert' does not exist in the current context
C:\gh\azure-sdk-for-net\sdk\iot\Azure.Iot.Hub.Service\tests\IotHubSasCredentialTests.cs(39,13): error CS0103: The name 'Assert' does not exist in the current context
C:\gh\azure-sdk-for-net\sdk\iot\Azure.Iot.Hub.Service\tests\IotHubSasCredentialTests.cs(40,13): error CS0103: The name 'Assert' does not exist in the current context
C:\gh\azure-sdk-for-net\sdk\iot\Azure.Iot.Hub.Service\tests\DevicesClientTests.cs(47,17): error CS0246: The type or namespace name 'Response<>' could not be found (are you missing a using directive or an assembly reference?)
C:\gh\azure-sdk-for-net\sdk\iot\Azure.Iot.Hub.Service\tests\DevicesClientTests.cs(48,25): error CS0518: Predefined type 'System.Void' is not defined or imported
C:\gh\azure-sdk-for-net\sdk\iot\Azure.Iot.Hub.Service\tests\DevicesClientTests.cs(50,25): error CS0518: Predefined type 'System.String' is not defined or imported
C:\gh\azure-sdk-for-net\sdk\iot\Azure.Iot.Hub.Service\tests\DevicesClientTests.cs(47,65): error CS0246: The type or namespace name 'Task<>' could not be found (are you missing a using directive or an assembly reference?)
C:\gh\azure-sdk-for-net\sdk\iot\Azure.Iot.Hub.Service\tests\DevicesClientTests.cs(57,17): error CS0246: The type or namespace name 'Response<>' could not be found (are you missing a using directive or an assembly reference?)
C:\gh\azure-sdk-for-net\sdk\iot\Azure.Iot.Hub.Service\tests\DevicesClientTests.cs(57,62): error CS0246: The type or namespace name 'Task<>' could not be found (are you missing a using directive or an assembly reference?)
C:\gh\azure-sdk-for-net\sdk\iot\Azure.Iot.Hub.Service\tests\DevicesClientTests.cs(59,71): error CS0518: Predefined type 'System.String' is not defined or imported
C:\gh\azure-sdk-for-net\sdk\iot\Azure.Iot.Hub.Service\tests\DevicesClientTests.cs(64,24): error CS0518: Predefined type 'System.Nullable`1' is not defined or imported
C:\gh\azure-sdk-for-net\sdk\iot\Azure.Iot.Hub.Service\tests\DevicesClientTests.cs(67,17): error CS0246: The type or namespace name 'Response<>' could not be found (are you missing a using directive or an assembly reference?)
C:\gh\azure-sdk-for-net\sdk\iot\Azure.Iot.Hub.Service\tests\DevicesClientTests.cs(67,65): error CS0246: The type or namespace name 'Task<>' could not be found (are you missing a using directive or an assembly reference?)
C:\gh\azure-sdk-for-net\sdk\iot\Azure.Iot.Hub.Service\tests\DevicesClientTests.cs(76,23): error CS0246: The type or namespace name 'IUtf8JsonSerializable' could not be found (are you missing a using directive or an assembly reference?)
C:\gh\azure-sdk-for-net\sdk\iot\Azure.Iot.Hub.Service\tests\ConfigurationsClientTests.cs(48,17): error CS0246: The type or namespace name 'Response<>' could not be found (are you missing a using directive or an assembly reference?)
C:\gh\azure-sdk-for-net\sdk\iot\Azure.Iot.Hub.Service\tests\ConfigurationsClientTests.cs(49,27): error CS0246: The type or namespace name 'Task<>' could not be found (are you missing a using directive or an assembly reference?)
C:\gh\azure-sdk-for-net\sdk\iot\Azure.Iot.Hub.Service\tests\ConfigurationsClientTests.cs(53,17): error CS0246: The type or namespace name 'Response<>' could not be found (are you missing a using directive or an assembly reference?)
C:\gh\azure-sdk-for-net\sdk\iot\Azure.Iot.Hub.Service\tests\ConfigurationsClientTests.cs(53,65): error CS0246: The type or namespace name 'Task<>' could not be found (are you missing a using directive or an assembly reference?)
C:\gh\azure-sdk-for-net\sdk\iot\Azure.Iot.Hub.Service\tests\ConfigurationsClientTests.cs(55,78): error CS0518: Predefined type 'System.String' is not defined or imported
C:\gh\azure-sdk-for-net\sdk\iot\Azure.Iot.Hub.Service\tests\ConfigurationsClientTests.cs(58,31): error CS0518: Predefined type 'System.Nullable`1' is not defined or imported
C:\gh\azure-sdk-for-net\sdk\iot\Azure.Iot.Hub.Service\tests\ConfigurationsClientTests.cs(59,17): error CS0246: The type or namespace name 'Response<>' could not be found (are you missing a using directive or an assembly reference?)
C:\gh\azure-sdk-for-net\sdk\iot\Azure.Iot.Hub.Service\tests\ConfigurationsClientTests.cs(59,67): error CS0246: The type or namespace name 'Task<>' could not be found (are you missing a using directive or an assembly reference?)
C:\gh\azure-sdk-for-net\sdk\iot\Azure.Iot.Hub.Service\tests\JobsClientTests.cs(43,23): error CS0246: The type or namespace name 'Task<>' could not be found (are you missing a using directive or an assembly reference?)
C:\gh\azure-sdk-for-net\sdk\iot\Azure.Iot.Hub.Service\tests\JobsClientTests.cs(46,17): error CS0246: The type or namespace name 'Response<>' could not be found (are you missing a using directive or an assembly reference?)
C:\gh\azure-sdk-for-net\sdk\iot\Azure.Iot.Hub.Service\tests\JobsClientTests.cs(46,58): error CS0246: The type or namespace name 'Task<>' could not be found (are you missing a using directive or an assembly reference?)
C:\gh\azure-sdk-for-net\sdk\iot\Azure.Iot.Hub.Service\tests\JobsClientTests.cs(57,34): error CS0246: The type or namespace name 'Task<>' could not be found (are you missing a using directive or an assembly reference?)
C:\gh\azure-sdk-for-net\sdk\iot\Azure.Iot.Hub.Service\tests\ModulesClientTests.cs(51,29): error CS0518: Predefined type 'System.Void' is not defined or imported
C:\gh\azure-sdk-for-net\sdk\iot\Azure.Iot.Hub.Service\tests\ModulesClientTests.cs(53,29): error CS0518: Predefined type 'System.String' is not defined or imported
C:\gh\azure-sdk-for-net\sdk\iot\Azure.Iot.Hub.Service\tests\ModulesClientTests.cs(49,33): error CS0246: The type or namespace name 'Task<>' could not be found (are you missing a using directive or an assembly reference?)
C:\gh\azure-sdk-for-net\sdk\iot\Azure.Iot.Hub.Service\tests\ModulesClientTests.cs(59,17): error CS0246: The type or namespace name 'Response<>' could not be found (are you missing a using directive or an assembly reference?)
C:\gh\azure-sdk-for-net\sdk\iot\Azure.Iot.Hub.Service\tests\ModulesClientTests.cs(60,25): error CS0518: Predefined type 'System.Void' is not defined or imported
C:\gh\azure-sdk-for-net\sdk\iot\Azure.Iot.Hub.Service\tests\ModulesClientTests.cs(62,25): error CS0518: Predefined type 'System.String' is not defined or imported
C:\gh\azure-sdk-for-net\sdk\iot\Azure.Iot.Hub.Service\tests\ModulesClientTests.cs(63,25): error CS0518: Predefined type 'System.String' is not defined or imported
C:\gh\azure-sdk-for-net\sdk\iot\Azure.Iot.Hub.Service\tests\ModulesClientTests.cs(59,65): error CS0246: The type or namespace name 'Task<>' could not be found (are you missing a using directive or an assembly reference?)
C:\gh\azure-sdk-for-net\sdk\iot\Azure.Iot.Hub.Service\tests\ModulesClientTests.cs(68,24): error CS0518: Predefined type 'System.String' is not defined or imported
C:\gh\azure-sdk-for-net\sdk\iot\Azure.Iot.Hub.Service\tests\ModulesClientTests.cs(69,24): error CS0518: Predefined type 'System.String' is not defined or imported
C:\gh\azure-sdk-for-net\sdk\iot\Azure.Iot.Hub.Service\tests\ModulesClientTests.cs(73,17): error CS0246: The type or namespace name 'Response<>' could not be found (are you missing a using directive or an assembly reference?)
C:\gh\azure-sdk-for-net\sdk\iot\Azure.Iot.Hub.Service\tests\ModulesClientTests.cs(73,62): error CS0246: The type or namespace name 'Task<>' could not be found (are you missing a using directive or an assembly reference?)
C:\gh\azure-sdk-for-net\sdk\iot\Azure.Iot.Hub.Service\tests\ModulesClientTests.cs(75,71): error CS0518: Predefined type 'System.String' is not defined or imported
C:\gh\azure-sdk-for-net\sdk\iot\Azure.Iot.Hub.Service\tests\ModulesClientTests.cs(81,24): error CS0518: Predefined type 'System.String' is not defined or imported
C:\gh\azure-sdk-for-net\sdk\iot\Azure.Iot.Hub.Service\tests\ModulesClientTests.cs(84,17): error CS0246: The type or namespace name 'Response<>' could not be found (are you missing a using directive or an assembly reference?)
C:\gh\azure-sdk-for-net\sdk\iot\Azure.Iot.Hub.Service\tests\ModulesClientTests.cs(84,65): error CS0246: The type or namespace name 'Task<>' could not be found (are you missing a using directive or an assembly reference?)
C:\gh\azure-sdk-for-net\sdk\iot\Azure.Iot.Hub.Service\tests\ModulesClientTests.cs(93,23): error CS0246: The type or namespace name 'IUtf8JsonSerializable' could not be found (are you missing a using directive or an assembly reference?)
C:\gh\azure-sdk-for-net\sdk\iot\Azure.Iot.Hub.Service\tests\QueryTests.cs(45,29): error CS0518: Predefined type 'System.Void' is not defined or imported
C:\gh\azure-sdk-for-net\sdk\iot\Azure.Iot.Hub.Service\tests\QueryTests.cs(47,29): error CS0518: Predefined type 'System.String' is not defined or imported
C:\gh\azure-sdk-for-net\sdk\iot\Azure.Iot.Hub.Service\tests\QueryTests.cs(43,33): error CS0246: The type or namespace name 'Task<>' could not be found (are you missing a using directive or an assembly reference?)
C:\gh\azure-sdk-for-net\sdk\iot\Azure.Iot.Hub.Service\tests\QueryTests.cs(58,21): error CS0246: The type or namespace name 'AsyncPageable<>' could not be found (are you missing a using directive or an assembly reference?)
C:\gh\azure-sdk-for-net\sdk\iot\Azure.Iot.Hub.Service\tests\QueryTests.cs(58,61): error CS0246: The type or namespace name 'AsyncPageable<>' could not be found (are you missing a using directive or an assembly reference?)
C:\gh\azure-sdk-for-net\sdk\iot\Azure.Iot.Hub.Service\tests\QueryTests.cs(70,34): error CS1061: 'int' does not contain a definition for 'Should' and no accessible extension method 'Should' accepting a first argument of type 'int' could be found (are you missing a using directive or an assembly reference?)
C:\gh\azure-sdk-for-net\sdk\iot\Azure.Iot.Hub.Service\tests\QueryTests.cs(71,36): error CS0518: Predefined type 'System.String' is not defined or imported
C:\gh\azure-sdk-for-net\sdk\iot\Azure.Iot.Hub.Service\tests\IotHubSasCredentialTests.cs(52,13): error CS0103: The name 'Assert' does not exist in the current context
C:\gh\azure-sdk-for-net\sdk\iot\Azure.Iot.Hub.Service\tests\IotHubSasCredentialTests.cs(63,35): error CS0518: Predefined type 'System.Void' is not defined or imported
C:\gh\azure-sdk-for-net\sdk\iot\Azure.Iot.Hub.Service\tests\IotHubSasCredentialTests.cs(66,25): error CS0246: The type or namespace name 'TimeSpan' could not be found (are you missing a using directive or an assembly reference?)
C:\gh\azure-sdk-for-net\sdk\iot\Azure.Iot.Hub.Service\tests\JobsClientTests.cs(79,36): error CS0518: Predefined type 'System.Void' is not defined or imported
C:\gh\azure-sdk-for-net\sdk\iot\Azure.Iot.Hub.Service\tests\JobsClientTests.cs(79,53): error CS0518: Predefined type 'System.String' is not defined or imported
C:\gh\azure-sdk-for-net\sdk\iot\Azure.Iot.Hub.Service\tests\JobsClientTests.cs(90,23): error CS0246: The type or namespace name 'Task<>' could not be found (are you missing a using directive or an assembly reference?)
C:\gh\azure-sdk-for-net\sdk\iot\Azure.Iot.Hub.Service\tests\TestSettings.cs(45,49): error CS0246: The type or namespace name 'ConfigurationBuilder' could not be found (are you missing a using directive or an assembly reference?)
C:\gh\azure-sdk-for-net\sdk\iot\Azure.Iot.Hub.Service\tests\TestSettings.cs(56,13): error CS0246: The type or namespace name 'IConfiguration' could not be found (are you missing a using directive or an assembly reference?)
C:\gh\azure-sdk-for-net\sdk\iot\Azure.Iot.Hub.Service\tests\IotHubSasCredentialTests.cs(74,27): error CS0246: The type or namespace name 'TokenRequestContext' could not be found (are you missing a using directive or an assembly reference?)
C:\gh\azure-sdk-for-net\sdk\iot\Azure.Iot.Hub.Service\tests\IotHubSasCredentialTests.cs(78,34): error CS0518: Predefined type 'System.Void' is not defined or imported
C:\gh\azure-sdk-for-net\sdk\iot\Azure.Iot.Hub.Service\tests\IotHubSasCredentialTests.cs(80,17): error CS0246: The type or namespace name 'Uri' could not be found (are you missing a using directive or an assembly reference?)
C:\gh\azure-sdk-for-net\sdk\iot\Azure.Iot.Hub.Service\tests\IotHubSasCredentialTests.cs(83,46): error CS0246: The type or namespace name 'TokenCredential' could not be found (are you missing a using directive or an assembly reference?)
C:\gh\azure-sdk-for-net\sdk\iot\Azure.Iot.Hub.Service\tests\IotHubSasCredentialTests.cs(83,35): error CS0246: The type or namespace name 'AccessToken' could not be found (are you missing a using directive or an assembly reference?)
C:\gh\azure-sdk-for-net\sdk\iot\Azure.Iot.Hub.Service\tests\IotHubSasCredentialTests.cs(85,42): error CS0246: The type or namespace name 'TokenCredential' could not be found (are you missing a using directive or an assembly reference?)
C:\gh\azure-sdk-for-net\sdk\iot\Azure.Iot.Hub.Service\tests\IotHubSasCredentialTests.cs(85,31): error CS0246: The type or namespace name 'AccessToken' could not be found (are you missing a using directive or an assembly reference?)
C:\gh\azure-sdk-for-net\sdk\iot\Azure.Iot.Hub.Service\tests\IotHubSasCredentialTests.cs(88,22): error CS1061: 'string' does not contain a definition for 'Should' and no accessible extension method 'Should' accepting a first argument of type 'string' could be found (are you missing a using directive or an assembly reference?)
C:\gh\azure-sdk-for-net\sdk\iot\Azure.Iot.Hub.Service\tests\JobsClientTests.cs(96,13): error CS0246: The type or namespace name 'Response<>' could not be found (are you missing a using directive or an assembly reference?)
C:\gh\azure-sdk-for-net\sdk\iot\Azure.Iot.Hub.Service\tests\JobsClientTests.cs(101,34): error CS0246: The type or namespace name 'Task<>' could not be found (are you missing a using directive or an assembly reference?)
C:\gh\azure-sdk-for-net\sdk\iot\Azure.Iot.Hub.Service\tests\DevicesClientTests.cs(94,17): error CS0246: The type or namespace name 'Response<>' could not be found (are you missing a using directive or an assembly reference?)
C:\gh\azure-sdk-for-net\sdk\iot\Azure.Iot.Hub.Service\tests\DevicesClientTests.cs(95,25): error CS0518: Predefined type 'System.Void' is not defined or imported
C:\gh\azure-sdk-for-net\sdk\iot\Azure.Iot.Hub.Service\tests\DevicesClientTests.cs(97,25): error CS0518: Predefined type 'System.String' is not defined or imported
C:\gh\azure-sdk-for-net\sdk\iot\Azure.Iot.Hub.Service\tests\DevicesClientTests.cs(94,65): error CS0246: The type or namespace name 'Task<>' could not be found (are you missing a using directive or an assembly reference?)
C:\gh\azure-sdk-for-net\sdk\iot\Azure.Iot.Hub.Service\tests\DevicesClientTests.cs(104,24): error CS0518: Predefined type 'System.Nullable`1' is not defined or imported
C:\gh\azure-sdk-for-net\sdk\iot\Azure.Iot.Hub.Service\tests\DevicesClientTests.cs(105,17): error CS0246: The type or namespace name 'Response<>' could not be found (are you missing a using directive or an assembly reference?)
C:\gh\azure-sdk-for-net\sdk\iot\Azure.Iot.Hub.Service\tests\DevicesClientTests.cs(105,62): error CS0246: The type or namespace name 'Task<>' could not be found (are you missing a using directive or an assembly reference?)
C:\gh\azure-sdk-for-net\sdk\iot\Azure.Iot.Hub.Service\tests\DevicesClientTests.cs(108,17): error CS0103: The name 'Assert' does not exist in the current context
C:\gh\azure-sdk-for-net\sdk\iot\Azure.Iot.Hub.Service\tests\DevicesClientTests.cs(108,50): error CS0518: Predefined type 'System.String' is not defined or imported
C:\gh\azure-sdk-for-net\sdk\iot\Azure.Iot.Hub.Service\tests\DevicesClientTests.cs(108,63): error CS0518: Predefined type 'System.String' is not defined or imported
C:\gh\azure-sdk-for-net\sdk\iot\Azure.Iot.Hub.Service\tests\DevicesClientTests.cs(111,24): error CS0518: Predefined type 'System.Nullable`1' is not defined or imported
C:\gh\azure-sdk-for-net\sdk\iot\Azure.Iot.Hub.Service\tests\DevicesClientTests.cs(114,21): error CS0246: The type or namespace name 'Response<>' could not be found (are you missing a using directive or an assembly reference?)
C:\gh\azure-sdk-for-net\sdk\iot\Azure.Iot.Hub.Service\tests\DevicesClientTests.cs(114,69): error CS0246: The type or namespace name 'Task<>' could not be found (are you missing a using directive or an assembly reference?)
C:\gh\azure-sdk-for-net\sdk\iot\Azure.Iot.Hub.Service\tests\DevicesClientTests.cs(115,21): error CS0103: The name 'Assert' does not exist in the current context
C:\gh\azure-sdk-for-net\sdk\iot\Azure.Iot.Hub.Service\tests\DevicesClientTests.cs(118,24): error CS0246: The type or namespace name 'RequestFailedException' could not be found (are you missing a using directive or an assembly reference?)
C:\gh\azure-sdk-for-net\sdk\iot\Azure.Iot.Hub.Service\tests\DevicesClientTests.cs(120,21): error CS0103: The name 'Assert' does not exist in the current context
C:\gh\azure-sdk-for-net\sdk\iot\Azure.Iot.Hub.Service\tests\DevicesClientTests.cs(124,23): error CS0246: The type or namespace name 'Task<>' could not be found (are you missing a using directive or an assembly reference?)
C:\gh\azure-sdk-for-net\sdk\iot\Azure.Iot.Hub.Service\tests\DevicesClientTests.cs(128,23): error CS0246: The type or namespace name 'IUtf8JsonSerializable' could not be found (are you missing a using directive or an assembly reference?)
C:\gh\azure-sdk-for-net\sdk\iot\Azure.Iot.Hub.Service\tests\JobsClientTests.cs(116,20): error CS0518: Predefined type 'System.ValueType' is not defined or imported
C:\gh\azure-sdk-for-net\sdk\iot\Azure.Iot.Hub.Service\tests\JobsClientTests.cs(116,20): error CS0518: Predefined type 'System.Boolean' is not defined or imported
C:\gh\azure-sdk-for-net\sdk\iot\Azure.Iot.Hub.Service\tests\JobsClientTests.cs(117,20): error CS0518: Predefined type 'System.ValueType' is not defined or imported
C:\gh\azure-sdk-for-net\sdk\iot\Azure.Iot.Hub.Service\tests\JobsClientTests.cs(117,20): error CS0518: Predefined type 'System.Boolean' is not defined or imported
C:\gh\azure-sdk-for-net\sdk\iot\Azure.Iot.Hub.Service\tests\JobsClientTests.cs(118,20): error CS0518: Predefined type 'System.ValueType' is not defined or imported
C:\gh\azure-sdk-for-net\sdk\iot\Azure.Iot.Hub.Service\tests\JobsClientTests.cs(118,20): error CS0518: Predefined type 'System.Boolean' is not defined or imported
C:\gh\azure-sdk-for-net\sdk\iot\Azure.Iot.Hub.Service\tests\ConfigurationsClientTests.cs(87,21): error CS0246: The type or namespace name 'Response<>' could not be found (are you missing a using directive or an assembly reference?)
C:\gh\azure-sdk-for-net\sdk\iot\Azure.Iot.Hub.Service\tests\ConfigurationsClientTests.cs(88,31): error CS0246: The type or namespace name 'Task<>' could not be found (are you missing a using directive or an assembly reference?)
C:\gh\azure-sdk-for-net\sdk\iot\Azure.Iot.Hub.Service\tests\ConfigurationsClientTests.cs(93,45): error CS0246: The type or namespace name 'Task<>' could not be found (are you missing a using directive or an assembly reference?)
C:\gh\azure-sdk-for-net\sdk\iot\Azure.Iot.Hub.Service\tests\ConfigurationsClientTests.cs(95,127): error CS0518: Predefined type 'System.String' is not defined or imported
C:\gh\azure-sdk-for-net\sdk\iot\Azure.Iot.Hub.Service\tests\ConfigurationsClientTests.cs(100,43): error CS1061: 'IEnumerable<string>' does not contain a definition for 'Should' and no accessible extension method 'Should' accepting a first argument of type 'IEnumerable<string>' could be found (are you missing a using directive or an assembly reference?)
C:\gh\azure-sdk-for-net\sdk\iot\Azure.Iot.Hub.Service\tests\ConfigurationsClientTests.cs(100,82): error CS0518: Predefined type 'System.String' is not defined or imported
C:\gh\azure-sdk-for-net\sdk\iot\Azure.Iot.Hub.Service\tests\IotHubSasCredentialTests.cs(96,27): error CS0246: The type or namespace name 'TokenRequestContext' could not be found (are you missing a using directive or an assembly reference?)
C:\gh\azure-sdk-for-net\sdk\iot\Azure.Iot.Hub.Service\tests\IotHubSasCredentialTests.cs(100,34): error CS0518: Predefined type 'System.Void' is not defined or imported
C:\gh\azure-sdk-for-net\sdk\iot\Azure.Iot.Hub.Service\tests\IotHubSasCredentialTests.cs(102,17): error CS0246: The type or namespace name 'Uri' could not be found (are you missing a using directive or an assembly reference?)
C:\gh\azure-sdk-for-net\sdk\iot\Azure.Iot.Hub.Service\tests\IotHubSasCredentialTests.cs(105,46): error CS0246: The type or namespace name 'TokenCredential' could not be found (are you missing a using directive or an assembly reference?)
C:\gh\azure-sdk-for-net\sdk\iot\Azure.Iot.Hub.Service\tests\IotHubSasCredentialTests.cs(105,35): error CS0246: The type or namespace name 'AccessToken' could not be found (are you missing a using directive or an assembly reference?)
C:\gh\azure-sdk-for-net\sdk\iot\Azure.Iot.Hub.Service\tests\IotHubSasCredentialTests.cs(107,42): error CS0246: The type or namespace name 'TokenCredential' could not be found (are you missing a using directive or an assembly reference?)
C:\gh\azure-sdk-for-net\sdk\iot\Azure.Iot.Hub.Service\tests\IotHubSasCredentialTests.cs(107,31): error CS0246: The type or namespace name 'AccessToken' could not be found (are you missing a using directive or an assembly reference?)
C:\gh\azure-sdk-for-net\sdk\iot\Azure.Iot.Hub.Service\tests\IotHubSasCredentialTests.cs(110,22): error CS1061: 'string' does not contain a definition for 'Should' and no accessible extension method 'Should' accepting a first argument of type 'string' could be found (are you missing a using directive or an assembly reference?)
C:\gh\azure-sdk-for-net\sdk\iot\Azure.Iot.Hub.Service\tests\QueryTests.cs(99,29): error CS0518: Predefined type 'System.Void' is not defined or imported
C:\gh\azure-sdk-for-net\sdk\iot\Azure.Iot.Hub.Service\tests\QueryTests.cs(101,29): error CS0518: Predefined type 'System.String' is not defined or imported
C:\gh\azure-sdk-for-net\sdk\iot\Azure.Iot.Hub.Service\tests\QueryTests.cs(97,33): error CS0246: The type or namespace name 'Task<>' could not be found (are you missing a using directive or an assembly reference?)
C:\gh\azure-sdk-for-net\sdk\iot\Azure.Iot.Hub.Service\tests\QueryTests.cs(107,17): error CS0246: The type or namespace name 'Response<>' could not be found (are you missing a using directive or an assembly reference?)
C:\gh\azure-sdk-for-net\sdk\iot\Azure.Iot.Hub.Service\tests\QueryTests.cs(109,29): error CS0518: Predefined type 'System.Void' is not defined or imported
C:\gh\azure-sdk-for-net\sdk\iot\Azure.Iot.Hub.Service\tests\QueryTests.cs(111,29): error CS0518: Predefined type 'System.String' is not defined or imported
C:\gh\azure-sdk-for-net\sdk\iot\Azure.Iot.Hub.Service\tests\QueryTests.cs(112,29): error CS0518: Predefined type 'System.String' is not defined or imported
C:\gh\azure-sdk-for-net\sdk\iot\Azure.Iot.Hub.Service\tests\QueryTests.cs(107,65): error CS0246: The type or namespace name 'Task<>' could not be found (are you missing a using directive or an assembly reference?)
C:\gh\azure-sdk-for-net\sdk\iot\Azure.Iot.Hub.Service\tests\QueryTests.cs(122,21): error CS0246: The type or namespace name 'AsyncPageable<>' could not be found (are you missing a using directive or an assembly reference?)
C:\gh\azure-sdk-for-net\sdk\iot\Azure.Iot.Hub.Service\tests\QueryTests.cs(122,61): error CS0246: The type or namespace name 'AsyncPageable<>' could not be found (are you missing a using directive or an assembly reference?)
C:\gh\azure-sdk-for-net\sdk\iot\Azure.Iot.Hub.Service\tests\QueryTests.cs(134,34): error CS1061: 'int' does not contain a definition for 'Should' and no accessible extension method 'Should' accepting a first argument of type 'int' could be found (are you missing a using directive or an assembly reference?)
C:\gh\azure-sdk-for-net\sdk\iot\Azure.Iot.Hub.Service\tests\QueryTests.cs(135,36): error CS0518: Predefined type 'System.String' is not defined or imported
C:\gh\azure-sdk-for-net\sdk\iot\Azure.Iot.Hub.Service\tests\ModulesClientTests.cs(114,25): error CS0518: Predefined type 'System.Void' is not defined or imported
C:\gh\azure-sdk-for-net\sdk\iot\Azure.Iot.Hub.Service\tests\ModulesClientTests.cs(116,25): error CS0518: Predefined type 'System.String' is not defined or imported
C:\gh\azure-sdk-for-net\sdk\iot\Azure.Iot.Hub.Service\tests\ModulesClientTests.cs(113,33): error CS0246: The type or namespace name 'Task<>' could not be found (are you missing a using directive or an assembly reference?)
C:\gh\azure-sdk-for-net\sdk\iot\Azure.Iot.Hub.Service\tests\ModulesClientTests.cs(121,25): error CS0518: Predefined type 'System.Void' is not defined or imported
C:\gh\azure-sdk-for-net\sdk\iot\Azure.Iot.Hub.Service\tests\ModulesClientTests.cs(123,25): error CS0518: Predefined type 'System.String' is not defined or imported
C:\gh\azure-sdk-for-net\sdk\iot\Azure.Iot.Hub.Service\tests\ModulesClientTests.cs(124,25): error CS0518: Predefined type 'System.String' is not defined or imported
C:\gh\azure-sdk-for-net\sdk\iot\Azure.Iot.Hub.Service\tests\ModulesClientTests.cs(120,33): error CS0246: The type or namespace name 'Task<>' could not be found (are you missing a using directive or an assembly reference?)
C:\gh\azure-sdk-for-net\sdk\iot\Azure.Iot.Hub.Service\tests\ModulesClientTests.cs(129,24): error CS0518: Predefined type 'System.String' is not defined or imported
C:\gh\azure-sdk-for-net\sdk\iot\Azure.Iot.Hub.Service\tests\ModulesClientTests.cs(131,55): error CS0246: The type or namespace name 'Task<>' could not be found (are you missing a using directive or an assembly reference?)
C:\gh\azure-sdk-for-net\sdk\iot\Azure.Iot.Hub.Service\tests\ModulesClientTests.cs(133,17): error CS0103: The name 'Assert' does not exist in the current context
C:\gh\azure-sdk-for-net\sdk\iot\Azure.Iot.Hub.Service\tests\ModulesClientTests.cs(133,50): error CS0518: Predefined type 'System.String' is not defined or imported
C:\gh\azure-sdk-for-net\sdk\iot\Azure.Iot.Hub.Service\tests\ModulesClientTests.cs(133,63): error CS0518: Predefined type 'System.String' is not defined or imported
C:\gh\azure-sdk-for-net\sdk\iot\Azure.Iot.Hub.Service\tests\ModulesClientTests.cs(137,24): error CS0518: Predefined type 'System.String' is not defined or imported
C:\gh\azure-sdk-for-net\sdk\iot\Azure.Iot.Hub.Service\tests\ModulesClientTests.cs(140,27): error CS0246: The type or namespace name 'Task<>' could not be found (are you missing a using directive or an assembly reference?)
C:\gh\azure-sdk-for-net\sdk\iot\Azure.Iot.Hub.Service\tests\ModulesClientTests.cs(141,21): error CS0103: The name 'Assert' does not exist in the current context
C:\gh\azure-sdk-for-net\sdk\iot\Azure.Iot.Hub.Service\tests\ModulesClientTests.cs(144,24): error CS0246: The type or namespace name 'RequestFailedException' could not be found (are you missing a using directive or an assembly reference?)
C:\gh\azure-sdk-for-net\sdk\iot\Azure.Iot.Hub.Service\tests\ModulesClientTests.cs(146,21): error CS0103: The name 'Assert' does not exist in the current context
C:\gh\azure-sdk-for-net\sdk\iot\Azure.Iot.Hub.Service\tests\ModulesClientTests.cs(150,65): error CS0246: The type or namespace name 'Task<>' could not be found (are you missing a using directive or an assembly reference?)
C:\gh\azure-sdk-for-net\sdk\iot\Azure.Iot.Hub.Service\tests\ModulesClientTests.cs(151,41): error CS0518: Predefined type 'System.String' is not defined or imported
C:\gh\azure-sdk-for-net\sdk\iot\Azure.Iot.Hub.Service\tests\ModulesClientTests.cs(155,23): error CS0246: The type or namespace name 'IUtf8JsonSerializable' could not be found (are you missing a using directive or an assembly reference?)
C:\gh\azure-sdk-for-net\sdk\iot\Azure.Iot.Hub.Service\tests\ConfigurationsClientTests.cs(115,21): error CS0246: The type or namespace name 'IUtf8JsonSerializable' could not be found (are you missing a using directive or an assembly reference?)
C:\gh\azure-sdk-for-net\sdk\iot\Azure.Iot.Hub.Service\tests\ConfigurationsClientTests.cs(117,27): error CS0246: The type or namespace name 'Task<>' could not be found (are you missing a using directive or an assembly reference?)
C:\gh\azure-sdk-for-net\sdk\iot\Azure.Iot.Hub.Service\tests\ConfigurationsClientTests.cs(122,17): error CS0103: The name 'Assert' does not exist in the current context
C:\gh\azure-sdk-for-net\sdk\iot\Azure.Iot.Hub.Service\tests\QueryTests.cs(151,21): error CS0246: The type or namespace name 'IUtf8JsonSerializable' could not be found (are you missing a using directive or an assembly reference?)
C:\gh\azure-sdk-for-net\sdk\iot\Azure.Iot.Hub.Service\tests\QueryTests.cs(153,27): error CS0246: The type or namespace name 'Task<>' could not be found (are you missing a using directive or an assembly reference?)
C:\gh\azure-sdk-for-net\sdk\iot\Azure.Iot.Hub.Service\tests\QueryTests.cs(158,17): error CS0103: The name 'Assert' does not exist in the current context
C:\gh\azure-sdk-for-net\sdk\iot\Azure.Iot.Hub.Service\tests\ConfigurationsClientTests.cs(129,21): error CS0518: Predefined type 'System.Void' is not defined or imported
C:\gh\azure-sdk-for-net\sdk\iot\Azure.Iot.Hub.Service\tests\ConfigurationsClientTests.cs(131,21): error CS0518: Predefined type 'System.String' is not defined or imported
C:\gh\azure-sdk-for-net\sdk\iot\Azure.Iot.Hub.Service\tests\ConfigurationsClientTests.cs(136,31): error CS0246: The type or namespace name 'IDictionary<,>' could not be found (are you missing a using directive or an assembly reference?)
C:\gh\azure-sdk-for-net\sdk\iot\Azure.Iot.Hub.Service\tests\ConfigurationsClientTests.cs(137,31): error CS0518: Predefined type 'System.Void' is not defined or imported
C:\gh\azure-sdk-for-net\sdk\iot\Azure.Iot.Hub.Service\tests\ConfigurationsClientTests.cs(137,45): error CS0518: Predefined type 'System.Void' is not defined or imported
C:\gh\azure-sdk-for-net\sdk\iot\Azure.Iot.Hub.Service\tests\ConfigurationsClientTests.cs(138,39): error CS0246: The type or namespace name 'IDictionary<,>' could not be found (are you missing a using directive or an assembly reference?)
C:\gh\azure-sdk-for-net\sdk\iot\Azure.Iot.Hub.Service\tests\ConfigurationsClientTests.cs(138,138): error CS0518: Predefined type 'System.String' is not defined or imported
C:\gh\azure-sdk-for-net\sdk\iot\Azure.Iot.Hub.Service\tests\ConfigurationsClientTests.cs(141,31): error CS0518: Predefined type 'System.String' is not defined or imported
C:\gh\azure-sdk-for-net\sdk\iot\Azure.Iot.Hub.Service\tests\ConfigurationsClientTests.cs(143,31): error CS0518: Predefined type 'System.Nullable`1' is not defined or imported
C:\gh\azure-sdk-for-net\sdk\iot\Azure.Iot.Hub.Service\tests\DevicesClientTests.cs(148,17): error CS0246: The type or namespace name 'Response<>' could not be found (are you missing a using directive or an assembly reference?)
C:\gh\azure-sdk-for-net\sdk\iot\Azure.Iot.Hub.Service\tests\DevicesClientTests.cs(149,25): error CS0518: Predefined type 'System.Void' is not defined or imported
C:\gh\azure-sdk-for-net\sdk\iot\Azure.Iot.Hub.Service\tests\DevicesClientTests.cs(151,25): error CS0518: Predefined type 'System.String' is not defined or imported
C:\gh\azure-sdk-for-net\sdk\iot\Azure.Iot.Hub.Service\tests\DevicesClientTests.cs(148,65): error CS0246: The type or namespace name 'Task<>' could not be found (are you missing a using directive or an assembly reference?)
C:\gh\azure-sdk-for-net\sdk\iot\Azure.Iot.Hub.Service\tests\DevicesClientTests.cs(157,17): error CS0246: The type or namespace name 'Response<>' could not be found (are you missing a using directive or an assembly reference?)
C:\gh\azure-sdk-for-net\sdk\iot\Azure.Iot.Hub.Service\tests\DevicesClientTests.cs(157,56): error CS0246: The type or namespace name 'Task<>' could not be found (are you missing a using directive or an assembly reference?)
C:\gh\azure-sdk-for-net\sdk\iot\Azure.Iot.Hub.Service\tests\DevicesClientTests.cs(160,28): error CS0518: Predefined type 'System.String' is not defined or imported
C:\gh\azure-sdk-for-net\sdk\iot\Azure.Iot.Hub.Service\tests\DevicesClientTests.cs(165,39): error CS0246: The type or namespace name 'IDictionary<,>' could not be found (are you missing a using directive or an assembly reference?)
C:\gh\azure-sdk-for-net\sdk\iot\Azure.Iot.Hub.Service\tests\DevicesClientTests.cs(168,17): error CS0246: The type or namespace name 'Response<>' could not be found (are you missing a using directive or an assembly reference?)
C:\gh\azure-sdk-for-net\sdk\iot\Azure.Iot.Hub.Service\tests\DevicesClientTests.cs(168,59): error CS0246: The type or namespace name 'Task<>' could not be found (are you missing a using directive or an assembly reference?)
C:\gh\azure-sdk-for-net\sdk\iot\Azure.Iot.Hub.Service\tests\DevicesClientTests.cs(177,23): error CS0246: The type or namespace name 'IUtf8JsonSerializable' could not be found (are you missing a using directive or an assembly reference?)
C:\gh\azure-sdk-for-net\sdk\iot\Azure.Iot.Hub.Service\tests\ModulesClientTests.cs(177,25): error CS0518: Predefined type 'System.Void' is not defined or imported
C:\gh\azure-sdk-for-net\sdk\iot\Azure.Iot.Hub.Service\tests\ModulesClientTests.cs(179,25): error CS0518: Predefined type 'System.String' is not defined or imported
C:\gh\azure-sdk-for-net\sdk\iot\Azure.Iot.Hub.Service\tests\ModulesClientTests.cs(176,33): error CS0246: The type or namespace name 'Task<>' could not be found (are you missing a using directive or an assembly reference?)
C:\gh\azure-sdk-for-net\sdk\iot\Azure.Iot.Hub.Service\tests\ModulesClientTests.cs(184,25): error CS0518: Predefined type 'System.Void' is not defined or imported
C:\gh\azure-sdk-for-net\sdk\iot\Azure.Iot.Hub.Service\tests\ModulesClientTests.cs(186,25): error CS0518: Predefined type 'System.String' is not defined or imported
C:\gh\azure-sdk-for-net\sdk\iot\Azure.Iot.Hub.Service\tests\ModulesClientTests.cs(187,25): error CS0518: Predefined type 'System.String' is not defined or imported
C:\gh\azure-sdk-for-net\sdk\iot\Azure.Iot.Hub.Service\tests\ModulesClientTests.cs(183,33): error CS0246: The type or namespace name 'Task<>' could not be found (are you missing a using directive or an assembly reference?)
C:\gh\azure-sdk-for-net\sdk\iot\Azure.Iot.Hub.Service\tests\ModulesClientTests.cs(191,46): error CS0246: The type or namespace name 'Task<>' could not be found (are you missing a using directive or an assembly reference?)
C:\gh\azure-sdk-for-net\sdk\iot\Azure.Iot.Hub.Service\tests\ModulesClientTests.cs(193,28): error CS0518: Predefined type 'System.String' is not defined or imported
C:\gh\azure-sdk-for-net\sdk\iot\Azure.Iot.Hub.Service\tests\ModulesClientTests.cs(198,39): error CS0246: The type or namespace name 'IDictionary<,>' could not be found (are you missing a using directive or an assembly reference?)
C:\gh\azure-sdk-for-net\sdk\iot\Azure.Iot.Hub.Service\tests\ModulesClientTests.cs(201,17): error CS0246: The type or namespace name 'Response<>' could not be found (are you missing a using directive or an assembly reference?)
C:\gh\azure-sdk-for-net\sdk\iot\Azure.Iot.Hub.Service\tests\ModulesClientTests.cs(201,59): error CS0246: The type or namespace name 'Task<>' could not be found (are you missing a using directive or an assembly reference?)
C:\gh\azure-sdk-for-net\sdk\iot\Azure.Iot.Hub.Service\tests\ModulesClientTests.cs(210,23): error CS0246: The type or namespace name 'IUtf8JsonSerializable' could not be found (are you missing a using directive or an assembly reference?)
C:\gh\azure-sdk-for-net\sdk\iot\Azure.Iot.Hub.Service\tests\DevicesClientTests.cs(197,17): error CS0246: The type or namespace name 'Response<>' could not be found (are you missing a using directive or an assembly reference?)
C:\gh\azure-sdk-for-net\sdk\iot\Azure.Iot.Hub.Service\tests\DevicesClientTests.cs(197,80): error CS0246: The type or namespace name 'Task<>' could not be found (are you missing a using directive or an assembly reference?)
C:\gh\azure-sdk-for-net\sdk\iot\Azure.Iot.Hub.Service\tests\DevicesClientTests.cs(199,17): error CS0103: The name 'Assert' does not exist in the current context
C:\gh\azure-sdk-for-net\sdk\iot\Azure.Iot.Hub.Service\tests\DevicesClientTests.cs(222,17): error CS0246: The type or namespace name 'Response<>' could not be found (are you missing a using directive or an assembly reference?)
C:\gh\azure-sdk-for-net\sdk\iot\Azure.Iot.Hub.Service\tests\DevicesClientTests.cs(223,25): error CS0518: Predefined type 'System.Void' is not defined or imported
C:\gh\azure-sdk-for-net\sdk\iot\Azure.Iot.Hub.Service\tests\DevicesClientTests.cs(225,25): error CS0518: Predefined type 'System.String' is not defined or imported
C:\gh\azure-sdk-for-net\sdk\iot\Azure.Iot.Hub.Service\tests\DevicesClientTests.cs(226,25): error CS0518: Predefined type 'System.Nullable`1' is not defined or imported
C:\gh\azure-sdk-for-net\sdk\iot\Azure.Iot.Hub.Service\tests\DevicesClientTests.cs(222,74): error CS0246: The type or namespace name 'Task<>' could not be found (are you missing a using directive or an assembly reference?)
C:\gh\azure-sdk-for-net\sdk\iot\Azure.Iot.Hub.Service\tests\DevicesClientTests.cs(229,17): error CS0246: The type or namespace name 'Response<>' could not be found (are you missing a using directive or an assembly reference?)
C:\gh\azure-sdk-for-net\sdk\iot\Azure.Iot.Hub.Service\tests\DevicesClientTests.cs(230,25): error CS0518: Predefined type 'System.Void' is not defined or imported
C:\gh\azure-sdk-for-net\sdk\iot\Azure.Iot.Hub.Service\tests\DevicesClientTests.cs(232,25): error CS0518: Predefined type 'System.String' is not defined or imported
C:\gh\azure-sdk-for-net\sdk\iot\Azure.Iot.Hub.Service\tests\DevicesClientTests.cs(233,25): error CS0518: Predefined type 'System.Nullable`1' is not defined or imported
C:\gh\azure-sdk-for-net\sdk\iot\Azure.Iot.Hub.Service\tests\DevicesClientTests.cs(229,74): error CS0246: The type or namespace name 'Task<>' could not be found (are you missing a using directive or an assembly reference?)
C:\gh\azure-sdk-for-net\sdk\iot\Azure.Iot.Hub.Service\tests\DevicesClientTests.cs(242,27): error CS0518: Predefined type 'System.Nullable`1' is not defined or imported
C:\gh\azure-sdk-for-net\sdk\iot\Azure.Iot.Hub.Service\tests\DevicesClientTests.cs(243,27): error CS0518: Predefined type 'System.Nullable`1' is not defined or imported
C:\gh\azure-sdk-for-net\sdk\iot\Azure.Iot.Hub.Service\tests\DevicesClientTests.cs(246,17): error CS0246: The type or namespace name 'Response<>' could not be found (are you missing a using directive or an assembly reference?)
C:\gh\azure-sdk-for-net\sdk\iot\Azure.Iot.Hub.Service\tests\DevicesClientTests.cs(247,27): error CS0246: The type or namespace name 'Task<>' could not be found (are you missing a using directive or an assembly reference?)
C:\gh\azure-sdk-for-net\sdk\iot\Azure.Iot.Hub.Service\tests\DevicesClientTests.cs(251,17): error CS0103: The name 'Assert' does not exist in the current context
C:\gh\azure-sdk-for-net\sdk\iot\Azure.Iot.Hub.Service\tests\DevicesClientTests.cs(254,78): error CS0518: Predefined type 'System.String' is not defined or imported
C:\gh\azure-sdk-for-net\sdk\iot\Azure.Iot.Hub.Service\tests\DevicesClientTests.cs(254,36): error CS0246: The type or namespace name 'Task<>' could not be found (are you missing a using directive or an assembly reference?)
C:\gh\azure-sdk-for-net\sdk\iot\Azure.Iot.Hub.Service\tests\DevicesClientTests.cs(255,78): error CS0518: Predefined type 'System.String' is not defined or imported
C:\gh\azure-sdk-for-net\sdk\iot\Azure.Iot.Hub.Service\tests\DevicesClientTests.cs(255,36): error CS0246: The type or namespace name 'Task<>' could not be found (are you missing a using directive or an assembly reference?)
C:\gh\azure-sdk-for-net\sdk\iot\Azure.Iot.Hub.Service\tests\DevicesClientTests.cs(257,27): error CS0518: Predefined type 'System.Nullable`1' is not defined or imported
C:\gh\azure-sdk-for-net\sdk\iot\Azure.Iot.Hub.Service\tests\DevicesClientTests.cs(258,27): error CS0518: Predefined type 'System.Nullable`1' is not defined or imported
C:\gh\azure-sdk-for-net\sdk\iot\Azure.Iot.Hub.Service\tests\ModulesClientTests.cs(232,25): error CS0518: Predefined type 'System.Void' is not defined or imported
C:\gh\azure-sdk-for-net\sdk\iot\Azure.Iot.Hub.Service\tests\ModulesClientTests.cs(234,25): error CS0518: Predefined type 'System.String' is not defined or imported
C:\gh\azure-sdk-for-net\sdk\iot\Azure.Iot.Hub.Service\tests\ModulesClientTests.cs(231,33): error CS0246: The type or namespace name 'Task<>' could not be found (are you missing a using directive or an assembly reference?)
C:\gh\azure-sdk-for-net\sdk\iot\Azure.Iot.Hub.Service\tests\ModulesClientTests.cs(239,25): error CS0518: Predefined type 'System.Void' is not defined or imported
C:\gh\azure-sdk-for-net\sdk\iot\Azure.Iot.Hub.Service\tests\ModulesClientTests.cs(241,25): error CS0518: Predefined type 'System.String' is not defined or imported
C:\gh\azure-sdk-for-net\sdk\iot\Azure.Iot.Hub.Service\tests\ModulesClientTests.cs(242,25): error CS0518: Predefined type 'System.String' is not defined or imported
C:\gh\azure-sdk-for-net\sdk\iot\Azure.Iot.Hub.Service\tests\ModulesClientTests.cs(238,33): error CS0246: The type or namespace name 'Task<>' could not be found (are you missing a using directive or an assembly reference?)
C:\gh\azure-sdk-for-net\sdk\iot\Azure.Iot.Hub.Service\tests\ModulesClientTests.cs(246,46): error CS0246: The type or namespace name 'Task<>' could not be found (are you missing a using directive or an assembly reference?)
C:\gh\azure-sdk-for-net\sdk\iot\Azure.Iot.Hub.Service\tests\ModulesClientTests.cs(248,28): error CS0518: Predefined type 'System.String' is not defined or imported
C:\gh\azure-sdk-for-net\sdk\iot\Azure.Iot.Hub.Service\tests\ModulesClientTests.cs(253,39): error CS0246: The type or namespace name 'IDictionary<,>' could not be found (are you missing a using directive or an assembly reference?)
C:\gh\azure-sdk-for-net\sdk\iot\Azure.Iot.Hub.Service\tests\ModulesClientTests.cs(256,17): error CS0246: The type or namespace name 'Response<>' could not be found (are you missing a using directive or an assembly reference?)
C:\gh\azure-sdk-for-net\sdk\iot\Azure.Iot.Hub.Service\tests\ModulesClientTests.cs(256,59): error CS0246: The type or namespace name 'Task<>' could not be found (are you missing a using directive or an assembly reference?)
C:\gh\azure-sdk-for-net\sdk\iot\Azure.Iot.Hub.Service\tests\ModulesClientTests.cs(264,27): error CS0246: The type or namespace name 'Task<>' could not be found (are you missing a using directive or an assembly reference?)
C:\gh\azure-sdk-for-net\sdk\iot\Azure.Iot.Hub.Service\tests\ModulesClientTests.cs(265,21): error CS0103: The name 'Assert' does not exist in the current context
C:\gh\azure-sdk-for-net\sdk\iot\Azure.Iot.Hub.Service\tests\ModulesClientTests.cs(268,24): error CS0246: The type or namespace name 'RequestFailedException' could not be found (are you missing a using directive or an assembly reference?)
C:\gh\azure-sdk-for-net\sdk\iot\Azure.Iot.Hub.Service\tests\ModulesClientTests.cs(270,21): error CS0103: The name 'Assert' does not exist in the current context
C:\gh\azure-sdk-for-net\sdk\iot\Azure.Iot.Hub.Service\tests\ModulesClientTests.cs(278,23): error CS0246: The type or namespace name 'IUtf8JsonSerializable' could not be found (are you missing a using directive or an assembly reference?)
C:\gh\azure-sdk-for-net\sdk\iot\Azure.Iot.Hub.Service\tests\DevicesClientTests.cs(283,17): error CS0246: The type or namespace name 'Response<>' could not be found (are you missing a using directive or an assembly reference?)
C:\gh\azure-sdk-for-net\sdk\iot\Azure.Iot.Hub.Service\tests\DevicesClientTests.cs(283,106): error CS0518: Predefined type 'System.Void' is not defined or imported
C:\gh\azure-sdk-for-net\sdk\iot\Azure.Iot.Hub.Service\tests\DevicesClientTests.cs(283,123): error CS0518: Predefined type 'System.String' is not defined or imported
C:\gh\azure-sdk-for-net\sdk\iot\Azure.Iot.Hub.Service\tests\DevicesClientTests.cs(283,59): error CS0246: The type or namespace name 'Task<>' could not be found (are you missing a using directive or an assembly reference?)
C:\gh\azure-sdk-for-net\sdk\iot\Azure.Iot.Hub.Service\tests\DevicesClientTests.cs(289,17): error CS0246: The type or namespace name 'Response<>' could not be found (are you missing a using directive or an assembly reference?)
C:\gh\azure-sdk-for-net\sdk\iot\Azure.Iot.Hub.Service\tests\DevicesClientTests.cs(289,80): error CS0246: The type or namespace name 'Task<>' could not be found (are you missing a using directive or an assembly reference?)
C:\gh\azure-sdk-for-net\sdk\iot\Azure.Iot.Hub.Service\tests\DevicesClientTests.cs(292,17): error CS0103: The name 'Assert' does not exist in the current context
C:\gh\azure-sdk-for-net\sdk\iot\Azure.Iot.Hub.Service\tests\ModulesClientTests.cs(301,29): error CS0518: Predefined type 'System.Void' is not defined or imported
C:\gh\azure-sdk-for-net\sdk\iot\Azure.Iot.Hub.Service\tests\ModulesClientTests.cs(303,29): error CS0518: Predefined type 'System.String' is not defined or imported
C:\gh\azure-sdk-for-net\sdk\iot\Azure.Iot.Hub.Service\tests\ModulesClientTests.cs(299,33): error CS0246: The type or namespace name 'Task<>' could not be found (are you missing a using directive or an assembly reference?)
C:\gh\azure-sdk-for-net\sdk\iot\Azure.Iot.Hub.Service\tests\ModulesClientTests.cs(311,21): error CS0246: The type or namespace name 'Response<>' could not be found (are you missing a using directive or an assembly reference?)
C:\gh\azure-sdk-for-net\sdk\iot\Azure.Iot.Hub.Service\tests\ModulesClientTests.cs(312,25): error CS0518: Predefined type 'System.Void' is not defined or imported
C:\gh\azure-sdk-for-net\sdk\iot\Azure.Iot.Hub.Service\tests\ModulesClientTests.cs(314,25): error CS0518: Predefined type 'System.String' is not defined or imported
C:\gh\azure-sdk-for-net\sdk\iot\Azure.Iot.Hub.Service\tests\ModulesClientTests.cs(315,25): error CS0518: Predefined type 'System.String' is not defined or imported
C:\gh\azure-sdk-for-net\sdk\iot\Azure.Iot.Hub.Service\tests\ModulesClientTests.cs(311,69): error CS0246: The type or namespace name 'Task<>' could not be found (are you missing a using directive or an assembly reference?)
C:\gh\azure-sdk-for-net\sdk\iot\Azure.Iot.Hub.Service\tests\ModulesClientTests.cs(320,72): error CS0246: The type or namespace name 'Task<>' could not be found (are you missing a using directive or an assembly reference?)
C:\gh\azure-sdk-for-net\sdk\iot\Azure.Iot.Hub.Service\tests\ModulesClientTests.cs(324,46): error CS0518: Predefined type 'System.String' is not defined or imported
C:\gh\azure-sdk-for-net\sdk\iot\Azure.Iot.Hub.Service\tests\ModulesClientTests.cs(326,17): error CS0103: The name 'Assert' does not exist in the current context
C:\gh\azure-sdk-for-net\sdk\iot\Azure.Iot.Hub.Service\tests\ModulesClientTests.cs(329,21): error CS0103: The name 'Assert' does not exist in the current context
C:\gh\azure-sdk-for-net\sdk\iot\Azure.Iot.Hub.Service\tests\ModulesClientTests.cs(334,23): error CS0246: The type or namespace name 'IUtf8JsonSerializable' could not be found (are you missing a using directive or an assembly reference?)
C:\gh\azure-sdk-for-net\sdk\iot\Azure.Iot.Hub.Service\tests\DevicesClientTests.cs(323,17): error CS0246: The type or namespace name 'Response<>' could not be found (are you missing a using directive or an assembly reference?)
C:\gh\azure-sdk-for-net\sdk\iot\Azure.Iot.Hub.Service\tests\DevicesClientTests.cs(323,80): error CS0246: The type or namespace name 'Task<>' could not be found (are you missing a using directive or an assembly reference?)
C:\gh\azure-sdk-for-net\sdk\iot\Azure.Iot.Hub.Service\tests\DevicesClientTests.cs(326,17): error CS0103: The name 'Assert' does not exist in the current context
C:\gh\azure-sdk-for-net\sdk\iot\Azure.Iot.Hub.Service\tests\DevicesClientTests.cs(330,17): error CS0246: The type or namespace name 'Response<>' could not be found (are you missing a using directive or an assembly reference?)
C:\gh\azure-sdk-for-net\sdk\iot\Azure.Iot.Hub.Service\tests\DevicesClientTests.cs(330,113): error CS0518: Predefined type 'System.String' is not defined or imported
C:\gh\azure-sdk-for-net\sdk\iot\Azure.Iot.Hub.Service\tests\DevicesClientTests.cs(330,56): error CS0246: The type or namespace name 'Task<>' could not be found (are you missing a using directive or an assembly reference?)
C:\gh\azure-sdk-for-net\sdk\iot\Azure.Iot.Hub.Service\tests\ModulesClientTests.cs(355,13): error CS0246: The type or namespace name 'ModuleClient' could not be found (are you missing a using directive or an assembly reference?)
C:\gh\azure-sdk-for-net\sdk\iot\Azure.Iot.Hub.Service\tests\ModulesClientTests.cs(363,29): error CS0518: Predefined type 'System.Void' is not defined or imported
C:\gh\azure-sdk-for-net\sdk\iot\Azure.Iot.Hub.Service\tests\ModulesClientTests.cs(365,29): error CS0518: Predefined type 'System.String' is not defined or imported
C:\gh\azure-sdk-for-net\sdk\iot\Azure.Iot.Hub.Service\tests\ModulesClientTests.cs(361,33): error CS0246: The type or namespace name 'Task<>' could not be found (are you missing a using directive or an assembly reference?)
C:\gh\azure-sdk-for-net\sdk\iot\Azure.Iot.Hub.Service\tests\ModulesClientTests.cs(372,25): error CS0518: Predefined type 'System.Void' is not defined or imported
C:\gh\azure-sdk-for-net\sdk\iot\Azure.Iot.Hub.Service\tests\ModulesClientTests.cs(374,25): error CS0518: Predefined type 'System.String' is not defined or imported
C:\gh\azure-sdk-for-net\sdk\iot\Azure.Iot.Hub.Service\tests\ModulesClientTests.cs(375,25): error CS0518: Predefined type 'System.String' is not defined or imported
C:\gh\azure-sdk-for-net\sdk\iot\Azure.Iot.Hub.Service\tests\ModulesClientTests.cs(371,33): error CS0246: The type or namespace name 'Task<>' could not be found (are you missing a using directive or an assembly reference?)
C:\gh\azure-sdk-for-net\sdk\iot\Azure.Iot.Hub.Service\tests\ModulesClientTests.cs(384,182): error CS0518: Predefined type 'System.String' is not defined or imported
C:\gh\azure-sdk-for-net\sdk\iot\Azure.Iot.Hub.Service\tests\ModulesClientTests.cs(385,32): error CS0103: The name 'ModuleClient' does not exist in the current context
C:\gh\azure-sdk-for-net\sdk\iot\Azure.Iot.Hub.Service\tests\ModulesClientTests.cs(385,102): error CS0103: The name 'TransportType' does not exist in the current context
C:\gh\azure-sdk-for-net\sdk\iot\Azure.Iot.Hub.Service\tests\ModulesClientTests.cs(399,64): error CS0518: Predefined type 'System.Void' is not defined or imported
C:\gh\azure-sdk-for-net\sdk\iot\Azure.Iot.Hub.Service\tests\ModulesClientTests.cs(401,21): error CS0518: Predefined type 'System.String' is not defined or imported
C:\gh\azure-sdk-for-net\sdk\iot\Azure.Iot.Hub.Service\tests\ModulesClientTests.cs(402,21): error CS0518: Predefined type 'System.Object' is not defined or imported
C:\gh\azure-sdk-for-net\sdk\iot\Azure.Iot.Hub.Service\tests\ModulesClientTests.cs(403,21): error CS0518: Predefined type 'System.Nullable`1' is not defined or imported
C:\gh\azure-sdk-for-net\sdk\iot\Azure.Iot.Hub.Service\tests\ModulesClientTests.cs(404,21): error CS0518: Predefined type 'System.Nullable`1' is not defined or imported
C:\gh\azure-sdk-for-net\sdk\iot\Azure.Iot.Hub.Service\tests\ModulesClientTests.cs(407,45): error CS0246: The type or namespace name 'Task<>' could not be found (are you missing a using directive or an assembly reference?)
C:\gh\azure-sdk-for-net\sdk\iot\Azure.Iot.Hub.Service\tests\ModulesClientTests.cs(409,17): error CS0103: The name 'Assert' does not exist in the current context
C:\gh\azure-sdk-for-net\sdk\iot\Azure.Iot.Hub.Service\tests\ModulesClientTests.cs(418,23): error CS0246: The type or namespace name 'IUtf8JsonSerializable' could not be found (are you missing a using directive or an assembly reference?)
C:\gh\azure-sdk-for-net\sdk\iot\Azure.Iot.Hub.Service\tests\DevicesClientTests.cs(357,17): error CS0246: The type or namespace name 'Response<>' could not be found (are you missing a using directive or an assembly reference?)
C:\gh\azure-sdk-for-net\sdk\iot\Azure.Iot.Hub.Service\tests\DevicesClientTests.cs(357,80): error CS0246: The type or namespace name 'Task<>' could not be found (are you missing a using directive or an assembly reference?)
C:\gh\azure-sdk-for-net\sdk\iot\Azure.Iot.Hub.Service\tests\DevicesClientTests.cs(359,17): error CS0103: The name 'Assert' does not exist in the current context
C:\gh\azure-sdk-for-net\sdk\iot\Azure.Iot.Hub.Service\tests\DevicesClientTests.cs(368,21): error CS0246: The type or namespace name 'AsyncPageable<>' could not be found (are you missing a using directive or an assembly reference?)
C:\gh\azure-sdk-for-net\sdk\iot\Azure.Iot.Hub.Service\tests\DevicesClientTests.cs(368,53): error CS0246: The type or namespace name 'AsyncPageable<>' could not be found (are you missing a using directive or an assembly reference?)
C:\gh\azure-sdk-for-net\sdk\iot\Azure.Iot.Hub.Service\tests\DevicesClientTests.cs(373,48): error CS0518: Predefined type 'System.String' is not defined or imported
C:\gh\azure-sdk-for-net\sdk\iot\Azure.Iot.Hub.Service\tests\DevicesClientTests.cs(373,69): error CS0518: Predefined type 'System.String' is not defined or imported
C:\gh\azure-sdk-for-net\sdk\iot\Azure.Iot.Hub.Service\tests\DevicesClientTests.cs(387,30): error CS1061: 'int' does not contain a definition for 'Should' and no accessible extension method 'Should' accepting a first argument of type 'int' could be found (are you missing a using directive or an assembly reference?)
C:\gh\azure-sdk-for-net\sdk\iot\Azure.Iot.Hub.Service\tests\ModulesClientTests.cs(432,38): error CS0518: Predefined type 'System.Void' is not defined or imported
C:\gh\azure-sdk-for-net\sdk\iot\Azure.Iot.Hub.Service\tests\ModulesClientTests.cs(434,17): error CS0518: Predefined type 'System.String' is not defined or imported
C:\gh\azure-sdk-for-net\sdk\iot\Azure.Iot.Hub.Service\tests\ModulesClientTests.cs(444,23): error CS0246: The type or namespace name 'Task<>' could not be found (are you missing a using directive or an assembly reference?)
C:\gh\azure-sdk-for-net\sdk\iot\Azure.Iot.Hub.Service\tests\ModulesClientTests.cs(447,17): error CS0246: The type or namespace name 'Response<>' could not be found (are you missing a using directive or an assembly reference?)
C:\gh\azure-sdk-for-net\sdk\iot\Azure.Iot.Hub.Service\tests\ModulesClientTests.cs(447,80): error CS0246: The type or namespace name 'Task<>' could not be found (are you missing a using directive or an assembly reference?)
C:\gh\azure-sdk-for-net\sdk\iot\Azure.Iot.Hub.Service\tests\ModulesClientTests.cs(449,17): error CS0103: The name 'Assert' does not exist in the current context
C:\gh\azure-sdk-for-net\sdk\iot\Azure.Iot.Hub.Service\tests\ModulesClientTests.cs(453,23): error CS0246: The type or namespace name 'IUtf8JsonSerializable' could not be found (are you missing a using directive or an assembly reference?)
C:\gh\azure-sdk-for-net\sdk\iot\Azure.Iot.Hub.Service\tests\DevicesClientTests.cs(411,13): error CS0246: The type or namespace name 'DeviceClient' could not be found (are you missing a using directive or an assembly reference?)
C:\gh\azure-sdk-for-net\sdk\iot\Azure.Iot.Hub.Service\tests\DevicesClientTests.cs(419,29): error CS0518: Predefined type 'System.Void' is not defined or imported
C:\gh\azure-sdk-for-net\sdk\iot\Azure.Iot.Hub.Service\tests\DevicesClientTests.cs(421,29): error CS0518: Predefined type 'System.String' is not defined or imported
C:\gh\azure-sdk-for-net\sdk\iot\Azure.Iot.Hub.Service\tests\DevicesClientTests.cs(417,33): error CS0246: The type or namespace name 'Task<>' could not be found (are you missing a using directive or an assembly reference?)
C:\gh\azure-sdk-for-net\sdk\iot\Azure.Iot.Hub.Service\tests\DevicesClientTests.cs(432,158): error CS0518: Predefined type 'System.String' is not defined or imported
C:\gh\azure-sdk-for-net\sdk\iot\Azure.Iot.Hub.Service\tests\DevicesClientTests.cs(433,32): error CS0103: The name 'DeviceClient' does not exist in the current context
C:\gh\azure-sdk-for-net\sdk\iot\Azure.Iot.Hub.Service\tests\DevicesClientTests.cs(433,102): error CS0103: The name 'TransportType' does not exist in the current context
C:\gh\azure-sdk-for-net\sdk\iot\Azure.Iot.Hub.Service\tests\DevicesClientTests.cs(447,64): error CS0518: Predefined type 'System.Void' is not defined or imported
C:\gh\azure-sdk-for-net\sdk\iot\Azure.Iot.Hub.Service\tests\DevicesClientTests.cs(449,21): error CS0518: Predefined type 'System.String' is not defined or imported
C:\gh\azure-sdk-for-net\sdk\iot\Azure.Iot.Hub.Service\tests\DevicesClientTests.cs(450,21): error CS0518: Predefined type 'System.Object' is not defined or imported
C:\gh\azure-sdk-for-net\sdk\iot\Azure.Iot.Hub.Service\tests\DevicesClientTests.cs(451,21): error CS0518: Predefined type 'System.Nullable`1' is not defined or imported
C:\gh\azure-sdk-for-net\sdk\iot\Azure.Iot.Hub.Service\tests\DevicesClientTests.cs(452,21): error CS0518: Predefined type 'System.Nullable`1' is not defined or imported
C:\gh\azure-sdk-for-net\sdk\iot\Azure.Iot.Hub.Service\tests\DevicesClientTests.cs(455,45): error CS0246: The type or namespace name 'Task<>' could not be found (are you missing a using directive or an assembly reference?)
C:\gh\azure-sdk-for-net\sdk\iot\Azure.Iot.Hub.Service\tests\DevicesClientTests.cs(457,17): error CS0103: The name 'Assert' does not exist in the current context
C:\gh\azure-sdk-for-net\sdk\iot\Azure.Iot.Hub.Service\tests\DevicesClientTests.cs(466,23): error CS0246: The type or namespace name 'IUtf8JsonSerializable' could not be found (are you missing a using directive or an assembly reference?)
C:\gh\azure-sdk-for-net\sdk\iot\Azure.Iot.Hub.Service\tests\ModulesClientTests.cs(471,42): error CS0518: Predefined type 'System.Void' is not defined or imported
C:\gh\azure-sdk-for-net\sdk\iot\Azure.Iot.Hub.Service\tests\ModulesClientTests.cs(473,21): error CS0518: Predefined type 'System.String' is not defined or imported
C:\gh\azure-sdk-for-net\sdk\iot\Azure.Iot.Hub.Service\tests\ModulesClientTests.cs(476,42): error CS0518: Predefined type 'System.Void' is not defined or imported
C:\gh\azure-sdk-for-net\sdk\iot\Azure.Iot.Hub.Service\tests\ModulesClientTests.cs(478,21): error CS0518: Predefined type 'System.String' is not defined or imported
C:\gh\azure-sdk-for-net\sdk\iot\Azure.Iot.Hub.Service\tests\ModulesClientTests.cs(479,21): error CS0518: Predefined type 'System.String' is not defined or imported
C:\gh\azure-sdk-for-net\sdk\iot\Azure.Iot.Hub.Service\tests\ModulesClientTests.cs(488,23): error CS0246: The type or namespace name 'Task<>' could not be found (are you missing a using directive or an assembly reference?)
C:\gh\azure-sdk-for-net\sdk\iot\Azure.Iot.Hub.Service\tests\ModulesClientTests.cs(491,17): error CS0246: The type or namespace name 'Response<>' could not be found (are you missing a using directive or an assembly reference?)
C:\gh\azure-sdk-for-net\sdk\iot\Azure.Iot.Hub.Service\tests\ModulesClientTests.cs(491,80): error CS0246: The type or namespace name 'Task<>' could not be found (are you missing a using directive or an assembly reference?)
C:\gh\azure-sdk-for-net\sdk\iot\Azure.Iot.Hub.Service\tests\ModulesClientTests.cs(493,17): error CS0103: The name 'Assert' does not exist in the current context
C:\gh\azure-sdk-for-net\sdk\iot\Azure.Iot.Hub.Service\tests\DevicesClientTests.cs(477,42): error CS0518: Predefined type 'System.Void' is not defined or imported
C:\gh\azure-sdk-for-net\sdk\iot\Azure.Iot.Hub.Service\tests\DevicesClientTests.cs(481,36): error CS0246: The type or namespace name 'IDictionary<,>' could not be found (are you missing a using directive or an assembly reference?)
C:\gh\azure-sdk-for-net\sdk\iot\Azure.Iot.Hub.Service\tests\DevicesClientTests.cs(484,49): error CS0518: Predefined type 'System.Void' is not defined or imported
C:\gh\azure-sdk-for-net\sdk\iot\Azure.Iot.Hub.Service\tests\DevicesClientTests.cs(484,60): error CS0518: Predefined type 'System.Void' is not defined or imported
C:\gh\azure-sdk-for-net\sdk\iot\Azure.Iot.Hub.Service\tests\DevicesClientTests.cs(496,36): error CS0518: Predefined type 'System.Void' is not defined or imported
C:\gh\azure-sdk-for-net\sdk\iot\Azure.Iot.Hub.Service\tests\DevicesClientTests.cs(496,53): error CS0518: Predefined type 'System.String' is not defined or imported
C:\gh\azure-sdk-for-net\sdk\iot\Azure.Iot.Hub.Service\tests\DevicesClientTests.cs(508,27): error CS0246: The type or namespace name 'Task<>' could not be found (are you missing a using directive or an assembly reference?)
C:\gh\azure-sdk-for-net\sdk\iot\Azure.Iot.Hub.Service\tests\DevicesClientTests.cs(513,17): error CS0103: The name 'Assert' does not exist in the current context
C:\gh\azure-sdk-for-net\sdk\iot\Azure.Iot.Hub.Service\tests\DevicesClientTests.cs(522,21): error CS0246: The type or namespace name 'IUtf8JsonSerializable' could not be found (are you missing a using directive or an assembly reference?)
C:\gh\azure-sdk-for-net\sdk\iot\Azure.Iot.Hub.Service\tests\DevicesClientTests.cs(524,27): error CS0246: The type or namespace name 'Task<>' could not be found (are you missing a using directive or an assembly reference?)
C:\gh\azure-sdk-for-net\sdk\iot\Azure.Iot.Hub.Service\tests\DevicesClientTests.cs(529,17): error CS0103: The name 'Assert' does not exist in the current context
C:\gh\azure-sdk-for-net\sdk\iot\Azure.Iot.Hub.Service\tests\ModulesClientTests.cs(514,38): error CS0518: Predefined type 'System.Void' is not defined or imported
C:\gh\azure-sdk-for-net\sdk\iot\Azure.Iot.Hub.Service\tests\ModulesClientTests.cs(516,17): error CS0518: Predefined type 'System.String' is not defined or imported
C:\gh\azure-sdk-for-net\sdk\iot\Azure.Iot.Hub.Service\tests\ModulesClientTests.cs(524,23): error CS0246: The type or namespace name 'Task<>' could not be found (are you missing a using directive or an assembly reference?)
C:\gh\azure-sdk-for-net\sdk\iot\Azure.Iot.Hub.Service\tests\ModulesClientTests.cs(533,29): error CS0518: Predefined type 'System.Void' is not defined or imported
C:\gh\azure-sdk-for-net\sdk\iot\Azure.Iot.Hub.Service\tests\ModulesClientTests.cs(535,29): error CS0518: Predefined type 'System.String' is not defined or imported
C:\gh\azure-sdk-for-net\sdk\iot\Azure.Iot.Hub.Service\tests\ModulesClientTests.cs(536,29): error CS0518: Predefined type 'System.String' is not defined or imported
C:\gh\azure-sdk-for-net\sdk\iot\Azure.Iot.Hub.Service\tests\ModulesClientTests.cs(537,29): error CS0518: Predefined type 'System.Void' is not defined or imported
C:\gh\azure-sdk-for-net\sdk\iot\Azure.Iot.Hub.Service\tests\ModulesClientTests.cs(537,50): error CS0518: Predefined type 'System.Void' is not defined or imported
C:\gh\azure-sdk-for-net\sdk\iot\Azure.Iot.Hub.Service\tests\ModulesClientTests.cs(539,33): error CS0518: Predefined type 'System.Nullable`1' is not defined or imported
C:\gh\azure-sdk-for-net\sdk\iot\Azure.Iot.Hub.Service\tests\ModulesClientTests.cs(532,59): error CS0246: The type or namespace name 'Task<>' could not be found (are you missing a using directive or an assembly reference?)
C:\gh\azure-sdk-for-net\sdk\iot\Azure.Iot.Hub.Service\tests\ModulesClientTests.cs(544,35): error CS0518: Predefined type 'System.Void' is not defined or imported
C:\gh\azure-sdk-for-net\sdk\iot\Azure.Iot.Hub.Service\tests\ModulesClientTests.cs(544,56): error CS0518: Predefined type 'System.Void' is not defined or imported
C:\gh\azure-sdk-for-net\sdk\iot\Azure.Iot.Hub.Service\tests\ModulesClientTests.cs(546,25): error CS0518: Predefined type 'System.Nullable`1' is not defined or imported
C:\gh\azure-sdk-for-net\sdk\iot\Azure.Iot.Hub.Service\tests\ModulesClientTests.cs(553,17): error CS0246: The type or namespace name 'Response<>' could not be found (are you missing a using directive or an assembly reference?)
C:\gh\azure-sdk-for-net\sdk\iot\Azure.Iot.Hub.Service\tests\ModulesClientTests.cs(554,27): error CS0246: The type or namespace name 'Task<>' could not be found (are you missing a using directive or an assembly reference?)
C:\gh\azure-sdk-for-net\sdk\iot\Azure.Iot.Hub.Service\tests\ModulesClientTests.cs(558,17): error CS0103: The name 'Assert' does not exist in the current context
C:\gh\azure-sdk-for-net\sdk\iot\Azure.Iot.Hub.Service\tests\ModulesClientTests.cs(563,87): error CS0518: Predefined type 'System.String' is not defined or imported
C:\gh\azure-sdk-for-net\sdk\iot\Azure.Iot.Hub.Service\tests\ModulesClientTests.cs(563,104): error CS0518: Predefined type 'System.String' is not defined or imported
C:\gh\azure-sdk-for-net\sdk\iot\Azure.Iot.Hub.Service\tests\ModulesClientTests.cs(563,48): error CS0246: The type or namespace name 'Task<>' could not be found (are you missing a using directive or an assembly reference?)
C:\gh\azure-sdk-for-net\sdk\iot\Azure.Iot.Hub.Service\tests\ModulesClientTests.cs(569,23): error CS0246: The type or namespace name 'IUtf8JsonSerializable' could not be found (are you missing a using directive or an assembly reference?)
C:\gh\azure-sdk-for-net\sdk\iot\Azure.Iot.Hub.Service\tests\ModulesClientTests.cs(587,38): error CS0518: Predefined type 'System.Void' is not defined or imported
C:\gh\azure-sdk-for-net\sdk\iot\Azure.Iot.Hub.Service\tests\ModulesClientTests.cs(589,17): error CS0518: Predefined type 'System.String' is not defined or imported
C:\gh\azure-sdk-for-net\sdk\iot\Azure.Iot.Hub.Service\tests\ModulesClientTests.cs(597,23): error CS0246: The type or namespace name 'Task<>' could not be found (are you missing a using directive or an assembly reference?)
C:\gh\azure-sdk-for-net\sdk\iot\Azure.Iot.Hub.Service\tests\ModulesClientTests.cs(601,25): error CS0518: Predefined type 'System.Void' is not defined or imported
C:\gh\azure-sdk-for-net\sdk\iot\Azure.Iot.Hub.Service\tests\ModulesClientTests.cs(603,25): error CS0518: Predefined type 'System.String' is not defined or imported
C:\gh\azure-sdk-for-net\sdk\iot\Azure.Iot.Hub.Service\tests\ModulesClientTests.cs(604,25): error CS0518: Predefined type 'System.String' is not defined or imported
C:\gh\azure-sdk-for-net\sdk\iot\Azure.Iot.Hub.Service\tests\ModulesClientTests.cs(604,57): error CS0518: Predefined type 'System.String' is not defined or imported
C:\gh\azure-sdk-for-net\sdk\iot\Azure.Iot.Hub.Service\tests\ModulesClientTests.cs(600,23): error CS0246: The type or namespace name 'Task<>' could not be found (are you missing a using directive or an assembly reference?)
C:\gh\azure-sdk-for-net\sdk\iot\Azure.Iot.Hub.Service\tests\ModulesClientTests.cs(608,17): error CS0246: The type or namespace name 'Response<>' could not be found (are you missing a using directive or an assembly reference?)
C:\gh\azure-sdk-for-net\sdk\iot\Azure.Iot.Hub.Service\tests\ModulesClientTests.cs(608,80): error CS0246: The type or namespace name 'Task<>' could not be found (are you missing a using directive or an assembly reference?)
C:\gh\azure-sdk-for-net\sdk\iot\Azure.Iot.Hub.Service\tests\ModulesClientTests.cs(611,17): error CS0103: The name 'Assert' does not exist in the current context
C:\gh\azure-sdk-for-net\sdk\iot\Azure.Iot.Hub.Service\tests\ModulesClientTests.cs(616,65): error CS0518: Predefined type 'System.String' is not defined or imported
C:\gh\azure-sdk-for-net\sdk\iot\Azure.Iot.Hub.Service\tests\ModulesClientTests.cs(620,23): error CS0246: The type or namespace name 'IUtf8JsonSerializable' could not be found (are you missing a using directive or an assembly reference?)
C:\gh\azure-sdk-for-net\sdk\iot\Azure.Iot.Hub.Service\tests\ModulesClientTests.cs(635,49): error CS0518: Predefined type 'System.Void' is not defined or imported
C:\gh\azure-sdk-for-net\sdk\iot\Azure.Iot.Hub.Service\tests\ModulesClientTests.cs(637,17): error CS0518: Predefined type 'System.String' is not defined or imported
C:\gh\azure-sdk-for-net\sdk\iot\Azure.Iot.Hub.Service\tests\ModulesClientTests.cs(651,23): error CS0246: The type or namespace name 'Task<>' could not be found (are you missing a using directive or an assembly reference?)
C:\gh\azure-sdk-for-net\sdk\iot\Azure.Iot.Hub.Service\tests\ModulesClientTests.cs(654,17): error CS0246: The type or namespace name 'Response<>' could not be found (are you missing a using directive or an assembly reference?)
C:\gh\azure-sdk-for-net\sdk\iot\Azure.Iot.Hub.Service\tests\ModulesClientTests.cs(654,80): error CS0246: The type or namespace name 'Task<>' could not be found (are you missing a using directive or an assembly reference?)
C:\gh\azure-sdk-for-net\sdk\iot\Azure.Iot.Hub.Service\tests\ModulesClientTests.cs(657,17): error CS0103: The name 'Assert' does not exist in the current context
C:\gh\azure-sdk-for-net\sdk\iot\Azure.Iot.Hub.Service\tests\ModulesClientTests.cs(661,17): error CS0246: The type or namespace name 'Response<>' could not be found (are you missing a using directive or an assembly reference?)
C:\gh\azure-sdk-for-net\sdk\iot\Azure.Iot.Hub.Service\tests\ModulesClientTests.cs(661,113): error CS0518: Predefined type 'System.String' is not defined or imported
C:\gh\azure-sdk-for-net\sdk\iot\Azure.Iot.Hub.Service\tests\ModulesClientTests.cs(661,152): error CS0518: Predefined type 'System.String' is not defined or imported
C:\gh\azure-sdk-for-net\sdk\iot\Azure.Iot.Hub.Service\tests\ModulesClientTests.cs(661,56): error CS0246: The type or namespace name 'Task<>' could not be found (are you missing a using directive or an assembly reference?)
C:\gh\azure-sdk-for-net\sdk\iot\Azure.Iot.Hub.Service\tests\ModulesClientTests.cs(666,23): error CS0246: The type or namespace name 'IUtf8JsonSerializable' could not be found (are you missing a using directive or an assembly reference?)
C:\gh\azure-sdk-for-net\sdk\iot\Azure.Iot.Hub.Service\tests\ModulesClientTests.cs(684,49): error CS0518: Predefined type 'System.Void' is not defined or imported
C:\gh\azure-sdk-for-net\sdk\iot\Azure.Iot.Hub.Service\tests\ModulesClientTests.cs(686,17): error CS0518: Predefined type 'System.String' is not defined or imported
C:\gh\azure-sdk-for-net\sdk\iot\Azure.Iot.Hub.Service\tests\ModulesClientTests.cs(694,23): error CS0246: The type or namespace name 'Task<>' could not be found (are you missing a using directive or an assembly reference?)
C:\gh\azure-sdk-for-net\sdk\iot\Azure.Iot.Hub.Service\tests\ModulesClientTests.cs(697,17): error CS0246: The type or namespace name 'Response<>' could not be found (are you missing a using directive or an assembly reference?)
C:\gh\azure-sdk-for-net\sdk\iot\Azure.Iot.Hub.Service\tests\ModulesClientTests.cs(697,80): error CS0246: The type or namespace name 'Task<>' could not be found (are you missing a using directive or an assembly reference?)
C:\gh\azure-sdk-for-net\sdk\iot\Azure.Iot.Hub.Service\tests\ModulesClientTests.cs(699,17): error CS0103: The name 'Assert' does not exist in the current context
C:\gh\azure-sdk-for-net\sdk\iot\Azure.Iot.Hub.Service\tests\ModulesClientTests.cs(708,21): error CS0246: The type or namespace name 'AsyncPageable<>' could not be found (are you missing a using directive or an assembly reference?)
C:\gh\azure-sdk-for-net\sdk\iot\Azure.Iot.Hub.Service\tests\ModulesClientTests.cs(708,53): error CS0246: The type or namespace name 'AsyncPageable<>' could not be found (are you missing a using directive or an assembly reference?)
C:\gh\azure-sdk-for-net\sdk\iot\Azure.Iot.Hub.Service\tests\ModulesClientTests.cs(713,57): error CS0518: Predefined type 'System.String' is not defined or imported
C:\gh\azure-sdk-for-net\sdk\iot\Azure.Iot.Hub.Service\tests\ModulesClientTests.cs(713,78): error CS0518: Predefined type 'System.String' is not defined or imported
C:\gh\azure-sdk-for-net\sdk\iot\Azure.Iot.Hub.Service\tests\ModulesClientTests.cs(727,30): error CS1061: 'int' does not contain a definition for 'Should' and no accessible extension method 'Should' accepting a first argument of type 'int' could be found (are you missing a using directive or an assembly reference?)
C:\gh\azure-sdk-for-net\sdk\iot\Azure.Iot.Hub.Service\tests\ModulesClientTests.cs(732,23): error CS0246: The type or namespace name 'IUtf8JsonSerializable' could not be found (are you missing a using directive or an assembly reference?)
C:\gh\azure-sdk-for-net\sdk\iot\Azure.Iot.Hub.Service\tests\ModulesClientTests.cs(743,42): error CS0518: Predefined type 'System.Void' is not defined or imported
C:\gh\azure-sdk-for-net\sdk\iot\Azure.Iot.Hub.Service\tests\ModulesClientTests.cs(747,36): error CS0246: The type or namespace name 'IDictionary<,>' could not be found (are you missing a using directive or an assembly reference?)
C:\gh\azure-sdk-for-net\sdk\iot\Azure.Iot.Hub.Service\tests\ModulesClientTests.cs(750,49): error CS0518: Predefined type 'System.Void' is not defined or imported
C:\gh\azure-sdk-for-net\sdk\iot\Azure.Iot.Hub.Service\tests\ModulesClientTests.cs(750,60): error CS0518: Predefined type 'System.Void' is not defined or imported
C:\gh\azure-sdk-for-net\sdk\iot\Azure.Iot.Hub.Service\tests\ModulesClientTests.cs(765,36): error CS0518: Predefined type 'System.Void' is not defined or imported
C:\gh\azure-sdk-for-net\sdk\iot\Azure.Iot.Hub.Service\tests\ModulesClientTests.cs(767,21): error CS0518: Predefined type 'System.String' is not defined or imported
C:\gh\azure-sdk-for-net\sdk\iot\Azure.Iot.Hub.Service\tests\ModulesClientTests.cs(768,21): error CS0518: Predefined type 'System.String' is not defined or imported
C:\gh\azure-sdk-for-net\sdk\iot\Azure.Iot.Hub.Service\tests\ModulesClientTests.cs(781,27): error CS0246: The type or namespace name 'Task<>' could not be found (are you missing a using directive or an assembly reference?)
C:\gh\azure-sdk-for-net\sdk\iot\Azure.Iot.Hub.Service\tests\ModulesClientTests.cs(786,17): error CS0103: The name 'Assert' does not exist in the current context
C:\gh\azure-sdk-for-net\sdk\iot\Azure.Iot.Hub.Service\tests\ModulesClientTests.cs(795,21): error CS0246: The type or namespace name 'IUtf8JsonSerializable' could not be found (are you missing a using directive or an assembly reference?)
C:\gh\azure-sdk-for-net\sdk\iot\Azure.Iot.Hub.Service\tests\ModulesClientTests.cs(797,27): error CS0246: The type or namespace name 'Task<>' could not be found (are you missing a using directive or an assembly reference?)
C:\gh\azure-sdk-for-net\sdk\iot\Azure.Iot.Hub.Service\tests\ModulesClientTests.cs(802,17): error CS0103: The name 'Assert' does not exist in the current context
C:\gh\azure-sdk-for-net\sdk\iot\Azure.Iot.Hub.Service\tests\ModulesClientTests.cs(9,1): hidden CS8019: Unnecessary using directive.
C:\gh\azure-sdk-for-net\sdk\iot\Azure.Iot.Hub.Service\tests\DevicesClientTests.cs(11,1): hidden CS8019: Unnecessary using directive.
C:\gh\azure-sdk-for-net\sdk\iot\Azure.Iot.Hub.Service\tests\IotHubSasCredentialTests.cs(9,1): hidden CS8019: Unnecessary using directive.
C:\gh\azure-sdk-for-net\sdk\iot\Azure.Iot.Hub.Service\tests\DevicesClientTests.cs(10,1): hidden CS8019: Unnecessary using directive.
C:\gh\azure-sdk-for-net\sdk\iot\Azure.Iot.Hub.Service\tests\ConfigurationsClientTests.cs(10,1): hidden CS8019: Unnecessary using directive.
C:\gh\azure-sdk-for-net\artifacts\obj\Azure.Iot.Hub.Service.Tests\Debug\net461\.NETFramework,Version=v4.6.1.AssemblyAttributes.cs(3,1): hidden CS8019: Unnecessary using directive.
C:\gh\azure-sdk-for-net\sdk\iot\Azure.Iot.Hub.Service\tests\QueryTests.cs(10,1): hidden CS8019: Unnecessary using directive.
C:\gh\azure-sdk-for-net\sdk\iot\Azure.Iot.Hub.Service\tests\ConfigurationsClientTests.cs(7,1): hidden CS8019: Unnecessary using directive.
C:\gh\azure-sdk-for-net\sdk\iot\Azure.Iot.Hub.Service\tests\ConfigurationsClientTests.cs(8,1): hidden CS8019: Unnecessary using directive.
C:\gh\azure-sdk-for-net\sdk\iot\Azure.Iot.Hub.Service\tests\E2eTestBase.cs(5,1): hidden CS8019: Unnecessary using directive.
C:\gh\azure-sdk-for-net\sdk\iot\Azure.Iot.Hub.Service\tests\ModulesClientTests.cs(11,1): hidden CS8019: Unnecessary using directive.
C:\gh\azure-sdk-for-net\sdk\iot\Azure.Iot.Hub.Service\tests\ConfigurationsClientTests.cs(13,1): hidden CS8019: Unnecessary using directive.
C:\gh\azure-sdk-for-net\sdk\iot\Azure.Iot.Hub.Service\tests\JobsClientTests.cs(8,1): hidden CS8019: Unnecessary using directive.
C:\gh\azure-sdk-for-net\sdk\iot\Azure.Iot.Hub.Service\tests\ModulesClientTests.cs(10,1): hidden CS8019: Unnecessary using directive.
C:\gh\azure-sdk-for-net\artifacts\obj\Azure.Iot.Hub.Service.Tests\Debug\net461\.NETFramework,Version=v4.6.1.AssemblyAttributes.cs(2,1): hidden CS8019: Unnecessary using directive.
C:\gh\azure-sdk-for-net\artifacts\obj\Azure.Iot.Hub.Service.Tests\Debug\net461\Azure.Iot.Hub.Service.Tests.AssemblyInfo.cs(12,1): hidden CS8019: Unnecessary using directive.
C:\gh\azure-sdk-for-net\sdk\iot\Azure.Iot.Hub.Service\tests\IotHubSasCredentialTests.cs(10,1): hidden CS8019: Unnecessary using directive.
C:\gh\azure-sdk-for-net\sdk\iot\Azure.Iot.Hub.Service\tests\JobsClientTests.cs(9,1): hidden CS8019: Unnecessary using directive.
C:\gh\azure-sdk-for-net\sdk\iot\Azure.Iot.Hub.Service\tests\StatisticsClientTests.cs(6,1): hidden CS8019: Unnecessary using directive.
C:\gh\azure-sdk-for-net\artifacts\obj\Azure.Iot.Hub.Service.Tests\Debug\net461\Azure.Iot.Hub.Service.Tests.AssemblyInfo.cs(11,1): hidden CS8019: Unnecessary using directive.
C:\gh\azure-sdk-for-net\sdk\iot\Azure.Iot.Hub.Service\tests\DevicesClientTests.cs(9,1): hidden CS8019: Unnecessary using directive.
C:\gh\azure-sdk-for-net\sdk\iot\Azure.Iot.Hub.Service\tests\IotHubSasCredentialTests.cs(7,1): hidden CS8019: Unnecessary using directive.
C:\gh\azure-sdk-for-net\sdk\iot\Azure.Iot.Hub.Service\tests\TestSettings.cs(8,1): hidden CS8019: Unnecessary using directive.
C:\gh\azure-sdk-for-net\sdk\iot\Azure.Iot.Hub.Service\tests\QueryTests.cs(9,1): hidden CS8019: Unnecessary using directive.
C:\gh\azure-sdk-for-net\sdk\iot\Azure.Iot.Hub.Service\tests\E2eTestBase.cs(7,1): hidden CS8019: Unnecessary using directive.
C:\gh\azure-sdk-for-net\sdk\iot\Azure.Iot.Hub.Service\tests\ConfigurationsClientTests.cs(12,1): hidden CS8019: Unnecessary using directive.
