C:\gh\azure-sdk-for-net\sdk\communication\Azure.Communication.Identity\tests\samples\Sample1_CommunicationIdentityClient.cs(116,10): error CS0246: The type or namespace name 'TestAttribute' could not be found (are you missing a using directive or an assembly reference?)
C:\gh\azure-sdk-for-net\sdk\communication\Azure.Communication.Identity\tests\samples\Sample1_CommunicationIdentityClient.cs(116,10): error CS0246: The type or namespace name 'Test' could not be found (are you missing a using directive or an assembly reference?)
C:\gh\azure-sdk-for-net\sdk\communication\Azure.Communication.Identity\tests\CommunicationIdentityClient\CommunicationIdentityClientLiveTests.cs(31,10): error CS0246: The type or namespace name 'TestAttribute' could not be found (are you missing a using directive or an assembly reference?)
C:\gh\azure-sdk-for-net\sdk\communication\Azure.Communication.Identity\tests\CommunicationIdentityClient\CommunicationIdentityClientLiveTests.cs(31,10): error CS0246: The type or namespace name 'Test' could not be found (are you missing a using directive or an assembly reference?)
C:\gh\azure-sdk-for-net\sdk\communication\Azure.Communication.Identity\tests\CommunicationIdentityClient\CommunicationIdentityClientLiveTests.cs(32,10): error CS0246: The type or namespace name 'TestCaseAttribute' could not be found (are you missing a using directive or an assembly reference?)
C:\gh\azure-sdk-for-net\sdk\communication\Azure.Communication.Identity\tests\CommunicationIdentityClient\CommunicationIdentityClientLiveTests.cs(32,10): error CS0246: The type or namespace name 'TestCase' could not be found (are you missing a using directive or an assembly reference?)
C:\gh\azure-sdk-for-net\sdk\communication\Azure.Communication.Identity\tests\CommunicationIdentityClient\CommunicationIdentityClientLiveTests.cs(33,10): error CS0246: The type or namespace name 'TestCaseAttribute' could not be found (are you missing a using directive or an assembly reference?)
C:\gh\azure-sdk-for-net\sdk\communication\Azure.Communication.Identity\tests\CommunicationIdentityClient\CommunicationIdentityClientLiveTests.cs(33,10): error CS0246: The type or namespace name 'TestCase' could not be found (are you missing a using directive or an assembly reference?)
C:\gh\azure-sdk-for-net\sdk\communication\Azure.Communication.Identity\tests\CommunicationIdentityClient\CommunicationIdentityClientLiveTests.cs(34,10): error CS0246: The type or namespace name 'TestCaseAttribute' could not be found (are you missing a using directive or an assembly reference?)
C:\gh\azure-sdk-for-net\sdk\communication\Azure.Communication.Identity\tests\CommunicationIdentityClient\CommunicationIdentityClientLiveTests.cs(34,10): error CS0246: The type or namespace name 'TestCase' could not be found (are you missing a using directive or an assembly reference?)
C:\gh\azure-sdk-for-net\sdk\communication\Azure.Communication.Identity\tests\CommunicationIdentityClient\CommunicationIdentityClientLiveTests.cs(35,10): error CS0246: The type or namespace name 'TestCaseAttribute' could not be found (are you missing a using directive or an assembly reference?)
C:\gh\azure-sdk-for-net\sdk\communication\Azure.Communication.Identity\tests\CommunicationIdentityClient\CommunicationIdentityClientLiveTests.cs(35,10): error CS0246: The type or namespace name 'TestCase' could not be found (are you missing a using directive or an assembly reference?)
C:\gh\azure-sdk-for-net\sdk\communication\Azure.Communication.Identity\tests\CommunicationIdentityClient\CommunicationIdentityClientLiveTests.cs(36,10): error CS0246: The type or namespace name 'TestCaseAttribute' could not be found (are you missing a using directive or an assembly reference?)
C:\gh\azure-sdk-for-net\sdk\communication\Azure.Communication.Identity\tests\CommunicationIdentityClient\CommunicationIdentityClientLiveTests.cs(36,10): error CS0246: The type or namespace name 'TestCase' could not be found (are you missing a using directive or an assembly reference?)
C:\gh\azure-sdk-for-net\sdk\communication\Azure.Communication.Identity\tests\CommunicationIdentityClient\CommunicationIdentityClientLiveTests.cs(37,10): error CS0246: The type or namespace name 'TestCaseAttribute' could not be found (are you missing a using directive or an assembly reference?)
C:\gh\azure-sdk-for-net\sdk\communication\Azure.Communication.Identity\tests\CommunicationIdentityClient\CommunicationIdentityClientLiveTests.cs(37,10): error CS0246: The type or namespace name 'TestCase' could not be found (are you missing a using directive or an assembly reference?)
C:\gh\azure-sdk-for-net\sdk\communication\Azure.Communication.Identity\tests\CommunicationIdentityClient\CommunicationIdentityClientLiveTests.cs(32,56): error CS0246: The type or namespace name 'TestName' could not be found (are you missing a using directive or an assembly reference?)
C:\gh\azure-sdk-for-net\sdk\communication\Azure.Communication.Identity\tests\CommunicationIdentityClient\CommunicationIdentityClientLiveTests.cs(33,53): error CS0246: The type or namespace name 'TestName' could not be found (are you missing a using directive or an assembly reference?)
C:\gh\azure-sdk-for-net\sdk\communication\Azure.Communication.Identity\tests\CommunicationIdentityClient\CommunicationIdentityClientLiveTests.cs(34,55): error CS0246: The type or namespace name 'TestName' could not be found (are you missing a using directive or an assembly reference?)
C:\gh\azure-sdk-for-net\sdk\communication\Azure.Communication.Identity\tests\CommunicationIdentityClient\CommunicationIdentityClientLiveTests.cs(35,64): error CS0246: The type or namespace name 'TestName' could not be found (are you missing a using directive or an assembly reference?)
C:\gh\azure-sdk-for-net\sdk\communication\Azure.Communication.Identity\tests\CommunicationIdentityClient\CommunicationIdentityClientLiveTests.cs(36,61): error CS0246: The type or namespace name 'TestName' could not be found (are you missing a using directive or an assembly reference?)
C:\gh\azure-sdk-for-net\sdk\communication\Azure.Communication.Identity\tests\CommunicationIdentityClient\CommunicationIdentityClientLiveTests.cs(37,63): error CS0246: The type or namespace name 'TestName' could not be found (are you missing a using directive or an assembly reference?)
C:\gh\azure-sdk-for-net\sdk\communication\Azure.Communication.Identity\tests\samples\Sample1_CommunicationIdentityClient.cs(95,10): error CS0246: The type or namespace name 'TestAttribute' could not be found (are you missing a using directive or an assembly reference?)
C:\gh\azure-sdk-for-net\sdk\communication\Azure.Communication.Identity\tests\samples\Sample1_CommunicationIdentityClient.cs(95,10): error CS0246: The type or namespace name 'Test' could not be found (are you missing a using directive or an assembly reference?)
C:\gh\azure-sdk-for-net\sdk\communication\Azure.Communication.Identity\tests\samples\Sample1_CommunicationIdentityClient.cs(60,10): error CS0246: The type or namespace name 'TestAttribute' could not be found (are you missing a using directive or an assembly reference?)
C:\gh\azure-sdk-for-net\sdk\communication\Azure.Communication.Identity\tests\samples\Sample1_CommunicationIdentityClient.cs(60,10): error CS0246: The type or namespace name 'Test' could not be found (are you missing a using directive or an assembly reference?)
C:\gh\azure-sdk-for-net\sdk\communication\Azure.Communication.Identity\tests\samples\Sample1_CommunicationIdentityClient.cs(61,10): error CS0012: The type 'NUnitAttribute' is defined in an assembly that is not referenced. You must add a reference to assembly 'nunit.framework, Version=3.12.0.0, Culture=neutral, PublicKeyToken=2638cd05610744eb'.
C:\gh\azure-sdk-for-net\sdk\communication\Azure.Communication.Identity\tests\samples\Sample1_CommunicationIdentityClient.cs(24,10): error CS0246: The type or namespace name 'TestAttribute' could not be found (are you missing a using directive or an assembly reference?)
C:\gh\azure-sdk-for-net\sdk\communication\Azure.Communication.Identity\tests\samples\Sample1_CommunicationIdentityClient.cs(24,10): error CS0246: The type or namespace name 'Test' could not be found (are you missing a using directive or an assembly reference?)
C:\gh\azure-sdk-for-net\sdk\communication\Azure.Communication.Identity\tests\samples\Sample1_CommunicationIdentityClient.cs(25,10): error CS0012: The type 'NUnitAttribute' is defined in an assembly that is not referenced. You must add a reference to assembly 'nunit.framework, Version=3.12.0.0, Culture=neutral, PublicKeyToken=2638cd05610744eb'.
C:\gh\azure-sdk-for-net\sdk\communication\Azure.Communication.Identity\tests\CommunicationIdentityClient\CommunicationIdentityClientLiveTests.cs(9,13): error CS0234: The type or namespace name 'Identity' does not exist in the namespace 'Azure' (are you missing an assembly reference?)
C:\gh\azure-sdk-for-net\sdk\communication\Azure.Communication.Identity\tests\CommunicationIdentityClient\CommunicationIdentityClientLiveTests.cs(10,7): error CS0246: The type or namespace name 'NUnit' could not be found (are you missing a using directive or an assembly reference?)
C:\gh\azure-sdk-for-net\sdk\communication\Azure.Communication.Identity\tests\Infrastructure\CommunicationIdentityClientLiveTestBase.cs(8,13): error CS0234: The type or namespace name 'Identity' does not exist in the namespace 'Azure' (are you missing an assembly reference?)
C:\gh\azure-sdk-for-net\sdk\communication\Azure.Communication.Identity\tests\samples\Sample1_CommunicationIdentityClient.cs(9,13): error CS0234: The type or namespace name 'Identity' does not exist in the namespace 'Azure' (are you missing an assembly reference?)
C:\gh\azure-sdk-for-net\sdk\communication\Azure.Communication.Identity\tests\samples\Sample1_CommunicationIdentityClient.cs(10,7): error CS0246: The type or namespace name 'NUnit' could not be found (are you missing a using directive or an assembly reference?)
C:\gh\azure-sdk-for-net\sdk\communication\Azure.Communication.Identity\tests\samples\Sample1_CommunicationIdentityClient.cs(22,24): error CS1061: 'RecordMatcher' does not contain a definition for 'IgnoredHeaders' and no accessible extension method 'IgnoredHeaders' accepting a first argument of type 'RecordMatcher' could be found (are you missing a using directive or an assembly reference?)
C:\gh\azure-sdk-for-net\sdk\communication\Azure.Communication.Identity\tests\Infrastructure\CommunicationIdentityClientTestEnvironment.cs(10,18): error CS7036: There is no argument given that corresponds to the required formal parameter 'serviceName' of 'TestEnvironment.TestEnvironment(string)'
C:\gh\azure-sdk-for-net\sdk\communication\Azure.Communication.Identity\tests\Infrastructure\CommunicationIdentityClientLiveTestBase.cs(26,49): error CS0518: Predefined type 'System.Void' is not defined or imported
C:\gh\azure-sdk-for-net\sdk\communication\Azure.Communication.Identity\tests\Infrastructure\CommunicationIdentityClientLiveTestBase.cs(24,21): error CS0518: Predefined type 'System.Void' is not defined or imported
C:\gh\azure-sdk-for-net\sdk\communication\Azure.Communication.Common\tests\CommunicationRecordedTestSanitizer.cs(35,37): error CS0103: The name 'HttpHeader' does not exist in the current context
C:\gh\azure-sdk-for-net\sdk\communication\Azure.Communication.Common\tests\CommunicationRecordedTestSanitizer.cs(37,25): error CS0103: The name 'HttpHeader' does not exist in the current context
C:\gh\azure-sdk-for-net\sdk\communication\Azure.Communication.Identity\tests\Infrastructure\CommunicationIdentityClientLiveTestBase.cs(32,25): error CS0246: The type or namespace name 'AzureKeyCredential' could not be found (are you missing a using directive or an assembly reference?)
C:\gh\azure-sdk-for-net\sdk\communication\Azure.Communication.Identity\tests\Infrastructure\CommunicationIdentityClientLiveTestBase.cs(33,49): error CS0518: Predefined type 'System.Void' is not defined or imported
C:\gh\azure-sdk-for-net\sdk\communication\Azure.Communication.Identity\tests\Infrastructure\CommunicationIdentityClientLiveTestBase.cs(30,21): error CS0518: Predefined type 'System.Void' is not defined or imported
C:\gh\azure-sdk-for-net\sdk\communication\Azure.Communication.Identity\tests\Infrastructure\CommunicationIdentityClientLiveTestBase.cs(39,86): error CS0246: The type or namespace name 'DefaultAzureCredential' could not be found (are you missing a using directive or an assembly reference?)
C:\gh\azure-sdk-for-net\sdk\communication\Azure.Communication.Identity\tests\Infrastructure\CommunicationIdentityClientLiveTestBase.cs(40,49): error CS0518: Predefined type 'System.Void' is not defined or imported
C:\gh\azure-sdk-for-net\sdk\communication\Azure.Communication.Identity\tests\Infrastructure\CommunicationIdentityClientLiveTestBase.cs(37,21): error CS0518: Predefined type 'System.Void' is not defined or imported
C:\gh\azure-sdk-for-net\sdk\communication\Azure.Communication.Identity\tests\samples\Sample1_CommunicationIdentityClient.cs(32,30): error CS0518: Predefined type 'System.Void' is not defined or imported
C:\gh\azure-sdk-for-net\sdk\communication\Azure.Communication.Identity\tests\samples\Sample1_CommunicationIdentityClient.cs(38,13): error CS0246: The type or namespace name 'Response<>' could not be found (are you missing a using directive or an assembly reference?)
C:\gh\azure-sdk-for-net\sdk\communication\Azure.Communication.Identity\tests\samples\Sample1_CommunicationIdentityClient.cs(38,72): error CS0246: The type or namespace name 'Task<>' could not be found (are you missing a using directive or an assembly reference?)
C:\gh\azure-sdk-for-net\sdk\communication\Azure.Communication.Identity\tests\samples\Sample1_CommunicationIdentityClient.cs(40,48): error CS0518: Predefined type 'System.String' is not defined or imported
C:\gh\azure-sdk-for-net\sdk\communication\Azure.Communication.Identity\tests\samples\Sample1_CommunicationIdentityClient.cs(44,13): error CS0246: The type or namespace name 'Response<>' could not be found (are you missing a using directive or an assembly reference?)
C:\gh\azure-sdk-for-net\sdk\communication\Azure.Communication.Identity\tests\samples\Sample1_CommunicationIdentityClient.cs(44,68): error CS0246: The type or namespace name 'Task<>' could not be found (are you missing a using directive or an assembly reference?)
C:\gh\azure-sdk-for-net\sdk\communication\Azure.Communication.Identity\tests\samples\Sample1_CommunicationIdentityClient.cs(52,13): error CS0246: The type or namespace name 'Response' could not be found (are you missing a using directive or an assembly reference?)
C:\gh\azure-sdk-for-net\sdk\communication\Azure.Communication.Identity\tests\samples\Sample1_CommunicationIdentityClient.cs(52,45): error CS0246: The type or namespace name 'Task<>' could not be found (are you missing a using directive or an assembly reference?)
C:\gh\azure-sdk-for-net\sdk\communication\Azure.Communication.Identity\tests\samples\Sample1_CommunicationIdentityClient.cs(56,13): error CS0246: The type or namespace name 'Response' could not be found (are you missing a using directive or an assembly reference?)
C:\gh\azure-sdk-for-net\sdk\communication\Azure.Communication.Identity\tests\samples\Sample1_CommunicationIdentityClient.cs(56,45): error CS0246: The type or namespace name 'Task<>' could not be found (are you missing a using directive or an assembly reference?)
C:\gh\azure-sdk-for-net\sdk\communication\Azure.Communication.Identity\tests\CommunicationIdentityClient\CommunicationIdentityClientLiveTests.cs(48,13): error CS0246: The type or namespace name 'Response<>' could not be found (are you missing a using directive or an assembly reference?)
C:\gh\azure-sdk-for-net\sdk\communication\Azure.Communication.Identity\tests\CommunicationIdentityClient\CommunicationIdentityClientLiveTests.cs(48,72): error CS0246: The type or namespace name 'Task<>' could not be found (are you missing a using directive or an assembly reference?)
C:\gh\azure-sdk-for-net\sdk\communication\Azure.Communication.Identity\tests\CommunicationIdentityClient\CommunicationIdentityClientLiveTests.cs(49,13): error CS0246: The type or namespace name 'Response<>' could not be found (are you missing a using directive or an assembly reference?)
C:\gh\azure-sdk-for-net\sdk\communication\Azure.Communication.Identity\tests\CommunicationIdentityClient\CommunicationIdentityClientLiveTests.cs(49,142): error CS0518: Predefined type 'System.Void' is not defined or imported
C:\gh\azure-sdk-for-net\sdk\communication\Azure.Communication.Identity\tests\CommunicationIdentityClient\CommunicationIdentityClientLiveTests.cs(49,68): error CS0246: The type or namespace name 'Task<>' could not be found (are you missing a using directive or an assembly reference?)
C:\gh\azure-sdk-for-net\sdk\communication\Azure.Communication.Identity\tests\CommunicationIdentityClient\CommunicationIdentityClientLiveTests.cs(50,13): error CS0103: The name 'Assert' does not exist in the current context
C:\gh\azure-sdk-for-net\sdk\communication\Azure.Communication.Identity\tests\CommunicationIdentityClient\CommunicationIdentityClientLiveTests.cs(51,13): error CS0103: The name 'Assert' does not exist in the current context
C:\gh\azure-sdk-for-net\sdk\communication\Azure.Communication.Identity\tests\CommunicationIdentityClient\CommunicationIdentityClientLiveTests.cs(58,21): error CS0122: 'JwtTokenParser' is inaccessible due to its protection level
C:\gh\azure-sdk-for-net\sdk\communication\Azure.Communication.Identity\tests\CommunicationIdentityClient\CommunicationIdentityClientLiveTests.cs(58,57): error CS0122: 'JwtTokenParser' is inaccessible due to its protection level
C:\gh\azure-sdk-for-net\sdk\communication\Azure.Communication.Identity\tests\CommunicationIdentityClient\CommunicationIdentityClientLiveTests.cs(59,21): error CS0103: The name 'CollectionAssert' does not exist in the current context
C:\gh\azure-sdk-for-net\sdk\communication\Azure.Communication.Identity\tests\CommunicationIdentityClient\CommunicationIdentityClientLiveTests.cs(59,68): error CS0122: 'JwtTokenParser.JwtPayload.Scopes' is inaccessible due to its protection level
C:\gh\azure-sdk-for-net\sdk\communication\Azure.Communication.Identity\tests\samples\Sample1_CommunicationIdentityClient.cs(68,30): error CS0518: Predefined type 'System.Void' is not defined or imported
C:\gh\azure-sdk-for-net\sdk\communication\Azure.Communication.Identity\tests\samples\Sample1_CommunicationIdentityClient.cs(73,13): error CS0246: The type or namespace name 'Response<>' could not be found (are you missing a using directive or an assembly reference?)
C:\gh\azure-sdk-for-net\sdk\communication\Azure.Communication.Identity\tests\samples\Sample1_CommunicationIdentityClient.cs(73,66): error CS0246: The type or namespace name 'Response<>' could not be found (are you missing a using directive or an assembly reference?)
C:\gh\azure-sdk-for-net\sdk\communication\Azure.Communication.Identity\tests\samples\Sample1_CommunicationIdentityClient.cs(75,48): error CS0518: Predefined type 'System.String' is not defined or imported
C:\gh\azure-sdk-for-net\sdk\communication\Azure.Communication.Identity\tests\samples\Sample1_CommunicationIdentityClient.cs(79,13): error CS0246: The type or namespace name 'Response<>' could not be found (are you missing a using directive or an assembly reference?)
C:\gh\azure-sdk-for-net\sdk\communication\Azure.Communication.Identity\tests\samples\Sample1_CommunicationIdentityClient.cs(79,62): error CS0246: The type or namespace name 'Response<>' could not be found (are you missing a using directive or an assembly reference?)
C:\gh\azure-sdk-for-net\sdk\communication\Azure.Communication.Identity\tests\samples\Sample1_CommunicationIdentityClient.cs(87,13): error CS0246: The type or namespace name 'Response' could not be found (are you missing a using directive or an assembly reference?)
C:\gh\azure-sdk-for-net\sdk\communication\Azure.Communication.Identity\tests\samples\Sample1_CommunicationIdentityClient.cs(87,39): error CS0246: The type or namespace name 'Response' could not be found (are you missing a using directive or an assembly reference?)
C:\gh\azure-sdk-for-net\sdk\communication\Azure.Communication.Identity\tests\samples\Sample1_CommunicationIdentityClient.cs(91,13): error CS0246: The type or namespace name 'Response' could not be found (are you missing a using directive or an assembly reference?)
C:\gh\azure-sdk-for-net\sdk\communication\Azure.Communication.Identity\tests\samples\Sample1_CommunicationIdentityClient.cs(91,39): error CS0246: The type or namespace name 'Response' could not be found (are you missing a using directive or an assembly reference?)
C:\gh\azure-sdk-for-net\sdk\communication\Azure.Communication.Identity\tests\samples\Sample1_CommunicationIdentityClient.cs(101,13): error CS0246: The type or namespace name 'TokenCredential' could not be found (are you missing a using directive or an assembly reference?)
C:\gh\azure-sdk-for-net\sdk\communication\Azure.Communication.Identity\tests\samples\Sample1_CommunicationIdentityClient.cs(101,51): error CS0246: The type or namespace name 'DefaultAzureCredential' could not be found (are you missing a using directive or an assembly reference?)
C:\gh\azure-sdk-for-net\sdk\communication\Azure.Communication.Identity\tests\samples\Sample1_CommunicationIdentityClient.cs(102,30): error CS0518: Predefined type 'System.Void' is not defined or imported
C:\gh\azure-sdk-for-net\sdk\communication\Azure.Communication.Identity\tests\samples\Sample1_CommunicationIdentityClient.cs(108,17): error CS0246: The type or namespace name 'Response<>' could not be found (are you missing a using directive or an assembly reference?)
C:\gh\azure-sdk-for-net\sdk\communication\Azure.Communication.Identity\tests\samples\Sample1_CommunicationIdentityClient.cs(108,76): error CS0246: The type or namespace name 'Task<>' could not be found (are you missing a using directive or an assembly reference?)
C:\gh\azure-sdk-for-net\sdk\communication\Azure.Communication.Identity\tests\samples\Sample1_CommunicationIdentityClient.cs(112,17): error CS0103: The name 'Assert' does not exist in the current context
C:\gh\azure-sdk-for-net\sdk\communication\Azure.Communication.Identity\tests\samples\Sample1_CommunicationIdentityClient.cs(123,30): error CS0518: Predefined type 'System.Void' is not defined or imported
C:\gh\azure-sdk-for-net\sdk\communication\Azure.Communication.Identity\tests\samples\Sample1_CommunicationIdentityClient.cs(128,17): error CS0246: The type or namespace name 'Response<>' could not be found (are you missing a using directive or an assembly reference?)
C:\gh\azure-sdk-for-net\sdk\communication\Azure.Communication.Identity\tests\samples\Sample1_CommunicationIdentityClient.cs(128,72): error CS0246: The type or namespace name 'Task<>' could not be found (are you missing a using directive or an assembly reference?)
C:\gh\azure-sdk-for-net\sdk\communication\Azure.Communication.Identity\tests\samples\Sample1_CommunicationIdentityClient.cs(130,20): error CS0246: The type or namespace name 'RequestFailedException' could not be found (are you missing a using directive or an assembly reference?)
C:\gh\azure-sdk-for-net\sdk\communication\Azure.Communication.Identity\tests\samples\Sample1_CommunicationIdentityClient.cs(137,17): error CS0103: The name 'Assert' does not exist in the current context
C:\gh\azure-sdk-for-net\artifacts\obj\Azure.Communication.Identity.Tests\Debug\net461\.NETFramework,Version=v4.6.1.AssemblyAttributes.cs(2,1): hidden CS8019: Unnecessary using directive.
C:\gh\azure-sdk-for-net\sdk\communication\Azure.Communication.Identity\tests\Infrastructure\CommunicationIdentityClientLiveTestBase.cs(8,1): hidden CS8019: Unnecessary using directive.
C:\gh\azure-sdk-for-net\sdk\communication\Azure.Communication.Identity\tests\CommunicationIdentityClient\CommunicationIdentityClientLiveTests.cs(9,1): hidden CS8019: Unnecessary using directive.
C:\gh\azure-sdk-for-net\artifacts\obj\Azure.Communication.Identity.Tests\Debug\net461\.NETFramework,Version=v4.6.1.AssemblyAttributes.cs(3,1): hidden CS8019: Unnecessary using directive.
C:\gh\azure-sdk-for-net\sdk\communication\Azure.Communication.Identity\tests\Infrastructure\CommunicationIdentityClientLiveTestBase.cs(6,1): hidden CS8019: Unnecessary using directive.
C:\gh\azure-sdk-for-net\sdk\communication\Azure.Communication.Identity\tests\CommunicationIdentityClient\CommunicationIdentityClientLiveTests.cs(7,1): hidden CS8019: Unnecessary using directive.
C:\gh\azure-sdk-for-net\sdk\communication\Azure.Communication.Identity\tests\CommunicationIdentityClient\CommunicationIdentityClientLiveTests.cs(10,1): hidden CS8019: Unnecessary using directive.
C:\gh\azure-sdk-for-net\artifacts\obj\Azure.Communication.Identity.Tests\Debug\net461\Azure.Communication.Identity.Tests.AssemblyInfo.cs(11,1): hidden CS8019: Unnecessary using directive.
C:\gh\azure-sdk-for-net\sdk\communication\Azure.Communication.Identity\tests\samples\Sample1_CommunicationIdentityClient.cs(9,1): hidden CS8019: Unnecessary using directive.
C:\gh\azure-sdk-for-net\sdk\communication\Azure.Communication.Identity\tests\Infrastructure\CommunicationIdentityClientLiveTestBase.cs(4,1): hidden CS8019: Unnecessary using directive.
C:\gh\azure-sdk-for-net\sdk\communication\Azure.Communication.Identity\tests\samples\Sample1_CommunicationIdentityClient.cs(7,1): hidden CS8019: Unnecessary using directive.
C:\gh\azure-sdk-for-net\sdk\communication\Azure.Communication.Identity\tests\samples\Sample1_CommunicationIdentityClient.cs(10,1): hidden CS8019: Unnecessary using directive.
C:\gh\azure-sdk-for-net\artifacts\obj\Azure.Communication.Identity.Tests\Debug\net461\Azure.Communication.Identity.Tests.AssemblyInfo.cs(12,1): hidden CS8019: Unnecessary using directive.
