C:\gh\azure-sdk-for-net\sdk\datashare\Microsoft.Azure.Management.DataShare\tests\ScenarioTests\TriggerScenarioTests.cs(65,44): error CS0518: Predefined type 'System.String' is not defined or imported
C:\gh\azure-sdk-for-net\sdk\datashare\Microsoft.Azure.Management.DataShare\tests\ScenarioTests\TriggerScenarioTests.cs(65,71): error CS0518: Predefined type 'System.Object' is not defined or imported
C:\gh\azure-sdk-for-net\sdk\datashare\Microsoft.Azure.Management.DataShare\tests\ScenarioTests\TriggerScenarioTests.cs(65,71): error CS0246: The type or namespace name 'DateTime' could not be found (are you missing a using directive or an assembly reference?)
C:\gh\azure-sdk-for-net\sdk\datashare\Microsoft.Azure.Management.DataShare\tests\ScenarioTests\TriggerScenarioTests.cs(65,25): error CS0518: Predefined type 'System.Object' is not defined or imported
C:\gh\azure-sdk-for-net\sdk\datashare\Microsoft.Azure.Management.DataShare\tests\ScenarioTests\ShareSubscriptionScenarioTests.cs(71,64): error CS0518: Predefined type 'System.String' is not defined or imported
C:\gh\azure-sdk-for-net\sdk\datashare\Microsoft.Azure.Management.DataShare\tests\ScenarioTests\ShareSubscriptionScenarioTests.cs(71,85): error CS0518: Predefined type 'System.String' is not defined or imported
C:\gh\azure-sdk-for-net\sdk\datashare\Microsoft.Azure.Management.DataShare\tests\ScenarioTests\ShareSubscriptionScenarioTests.cs(71,25): error CS0518: Predefined type 'System.Object' is not defined or imported
C:\gh\azure-sdk-for-net\sdk\datashare\Microsoft.Azure.Management.DataShare\tests\Utils\TestType.cs(10,22): error CS0518: Predefined type 'System.String' is not defined or imported
C:\gh\azure-sdk-for-net\sdk\datashare\Microsoft.Azure.Management.DataShare\tests\Utils\TestType.cs(11,22): error CS0518: Predefined type 'System.String' is not defined or imported
C:\gh\azure-sdk-for-net\sdk\datashare\Microsoft.Azure.Management.DataShare\tests\Utils\TraitName.cs(9,22): error CS0518: Predefined type 'System.String' is not defined or imported
C:\gh\azure-sdk-for-net\sdk\datashare\Microsoft.Azure.Management.DataShare\tests\Utils\TraitName.cs(10,22): error CS0518: Predefined type 'System.String' is not defined or imported
C:\gh\azure-sdk-for-net\sdk\datashare\Microsoft.Azure.Management.DataShare\tests\ScenarioTests\ScenarioTestBase.cs(14,23): error CS0518: Predefined type 'System.String' is not defined or imported
C:\gh\azure-sdk-for-net\sdk\datashare\Microsoft.Azure.Management.DataShare\tests\ScenarioTests\ScenarioTestBase.cs(15,25): error CS0518: Predefined type 'System.String' is not defined or imported
C:\gh\azure-sdk-for-net\sdk\datashare\Microsoft.Azure.Management.DataShare\tests\ScenarioTests\ScenarioTestBase.cs(16,25): error CS0518: Predefined type 'System.String' is not defined or imported
C:\gh\azure-sdk-for-net\sdk\datashare\Microsoft.Azure.Management.DataShare\tests\ScenarioTests\AccountScenarioTests.cs(50,43): error CS0518: Predefined type 'System.Object' is not defined or imported
C:\gh\azure-sdk-for-net\sdk\datashare\Microsoft.Azure.Management.DataShare\tests\ScenarioTests\AccountScenarioTests.cs(50,77): error CS0518: Predefined type 'System.String' is not defined or imported
C:\gh\azure-sdk-for-net\sdk\datashare\Microsoft.Azure.Management.DataShare\tests\ScenarioTests\AccountScenarioTests.cs(50,103): error CS0518: Predefined type 'System.String' is not defined or imported
C:\gh\azure-sdk-for-net\sdk\datashare\Microsoft.Azure.Management.DataShare\tests\ScenarioTests\AccountScenarioTests.cs(50,31): error CS0518: Predefined type 'System.Object' is not defined or imported
C:\gh\azure-sdk-for-net\sdk\datashare\Microsoft.Azure.Management.DataShare\tests\ScenarioTests\AccountScenarioTests.cs(50,31): error CS0246: The type or namespace name 'Task' could not be found (are you missing a using directive or an assembly reference?)
C:\gh\azure-sdk-for-net\sdk\datashare\Microsoft.Azure.Management.DataShare\tests\ScenarioTests\DataShareE2EScenarioTests.cs(12,23): error CS0518: Predefined type 'System.String' is not defined or imported
C:\gh\azure-sdk-for-net\sdk\datashare\Microsoft.Azure.Management.DataShare\tests\ScenarioTests\DataShareE2EScenarioTests.cs(13,23): error CS0518: Predefined type 'System.String' is not defined or imported
C:\gh\azure-sdk-for-net\sdk\datashare\Microsoft.Azure.Management.DataShare\tests\ScenarioTests\DataShareE2EScenarioTests.cs(14,23): error CS0518: Predefined type 'System.String' is not defined or imported
C:\gh\azure-sdk-for-net\sdk\datashare\Microsoft.Azure.Management.DataShare\tests\ScenarioTests\DataShareE2EScenarioTests.cs(15,23): error CS0518: Predefined type 'System.String' is not defined or imported
C:\gh\azure-sdk-for-net\sdk\datashare\Microsoft.Azure.Management.DataShare\tests\ScenarioTests\DataShareE2EScenarioTests.cs(16,23): error CS0518: Predefined type 'System.String' is not defined or imported
C:\gh\azure-sdk-for-net\sdk\datashare\Microsoft.Azure.Management.DataShare\tests\ScenarioTests\DataShareE2EScenarioTests.cs(17,23): error CS0518: Predefined type 'System.String' is not defined or imported
C:\gh\azure-sdk-for-net\sdk\datashare\Microsoft.Azure.Management.DataShare\tests\ScenarioTests\DataShareE2EScenarioTests.cs(18,23): error CS0518: Predefined type 'System.String' is not defined or imported
C:\gh\azure-sdk-for-net\sdk\datashare\Microsoft.Azure.Management.DataShare\tests\ScenarioTests\DataShareE2EScenarioTests.cs(19,23): error CS0518: Predefined type 'System.String' is not defined or imported
C:\gh\azure-sdk-for-net\sdk\datashare\Microsoft.Azure.Management.DataShare\tests\ScenarioTests\ShareScenarioTests.cs(51,25): error CS0518: Predefined type 'System.Object' is not defined or imported
C:\gh\azure-sdk-for-net\sdk\datashare\Microsoft.Azure.Management.DataShare\tests\ScenarioTests\DataSetScenarioTests.cs(67,25): error CS0518: Predefined type 'System.Object' is not defined or imported
C:\gh\azure-sdk-for-net\sdk\datashare\Microsoft.Azure.Management.DataShare\tests\ScenarioTests\InvitationScenarioTests.cs(63,25): error CS0518: Predefined type 'System.Object' is not defined or imported
C:\gh\azure-sdk-for-net\sdk\datashare\Microsoft.Azure.Management.DataShare\tests\ScenarioTests\ScenarioTestBase.cs(14,23): error CS0518: Predefined type 'System.String' is not defined or imported
C:\gh\azure-sdk-for-net\sdk\datashare\Microsoft.Azure.Management.DataShare\tests\ScenarioTests\ScenarioTestBase.cs(15,25): error CS0518: Predefined type 'System.String' is not defined or imported
C:\gh\azure-sdk-for-net\sdk\datashare\Microsoft.Azure.Management.DataShare\tests\ScenarioTests\ScenarioTestBase.cs(16,25): error CS0518: Predefined type 'System.String' is not defined or imported
C:\gh\azure-sdk-for-net\sdk\datashare\Microsoft.Azure.Management.DataShare\tests\ScenarioTests\DataSetScenarioTests.cs(45,13): error CS0518: Predefined type 'System.Object' is not defined or imported
C:\gh\azure-sdk-for-net\sdk\datashare\Microsoft.Azure.Management.DataShare\tests\ScenarioTests\InvitationScenarioTests.cs(41,13): error CS0518: Predefined type 'System.Object' is not defined or imported
C:\gh\azure-sdk-for-net\sdk\datashare\Microsoft.Azure.Management.DataShare\tests\ScenarioTests\DataSetScenarioTests.cs(46,13): error CS0518: Predefined type 'System.String' is not defined or imported
C:\gh\azure-sdk-for-net\sdk\datashare\Microsoft.Azure.Management.DataShare\tests\ScenarioTests\InvitationScenarioTests.cs(42,13): error CS0518: Predefined type 'System.String' is not defined or imported
C:\gh\azure-sdk-for-net\sdk\datashare\Microsoft.Azure.Management.DataShare\tests\ScenarioTests\DataSetScenarioTests.cs(47,13): error CS0518: Predefined type 'System.String' is not defined or imported
C:\gh\azure-sdk-for-net\sdk\datashare\Microsoft.Azure.Management.DataShare\tests\ScenarioTests\InvitationScenarioTests.cs(43,13): error CS0518: Predefined type 'System.String' is not defined or imported
C:\gh\azure-sdk-for-net\sdk\datashare\Microsoft.Azure.Management.DataShare\tests\ScenarioTests\DataSetScenarioTests.cs(48,13): error CS0518: Predefined type 'System.String' is not defined or imported
C:\gh\azure-sdk-for-net\sdk\datashare\Microsoft.Azure.Management.DataShare\tests\ScenarioTests\InvitationScenarioTests.cs(44,13): error CS0518: Predefined type 'System.String' is not defined or imported
C:\gh\azure-sdk-for-net\sdk\datashare\Microsoft.Azure.Management.DataShare\tests\ScenarioTests\DataSetScenarioTests.cs(49,13): error CS0518: Predefined type 'System.String' is not defined or imported
C:\gh\azure-sdk-for-net\sdk\datashare\Microsoft.Azure.Management.DataShare\tests\ScenarioTests\InvitationScenarioTests.cs(45,13): error CS0518: Predefined type 'System.String' is not defined or imported
C:\gh\azure-sdk-for-net\sdk\datashare\Microsoft.Azure.Management.DataShare\tests\ScenarioTests\DataSetScenarioTests.cs(44,31): error CS0518: Predefined type 'System.Object' is not defined or imported
C:\gh\azure-sdk-for-net\sdk\datashare\Microsoft.Azure.Management.DataShare\tests\ScenarioTests\InvitationScenarioTests.cs(40,31): error CS0518: Predefined type 'System.Object' is not defined or imported
C:\gh\azure-sdk-for-net\sdk\datashare\Microsoft.Azure.Management.DataShare\tests\ScenarioTests\DataSetScenarioTests.cs(44,31): error CS0246: The type or namespace name 'Task' could not be found (are you missing a using directive or an assembly reference?)
C:\gh\azure-sdk-for-net\sdk\datashare\Microsoft.Azure.Management.DataShare\tests\ScenarioTests\InvitationScenarioTests.cs(40,31): error CS0246: The type or namespace name 'Task' could not be found (are you missing a using directive or an assembly reference?)
C:\gh\azure-sdk-for-net\sdk\datashare\Microsoft.Azure.Management.DataShare\tests\ScenarioTests\ShareScenarioTests.cs(38,13): error CS0518: Predefined type 'System.Object' is not defined or imported
C:\gh\azure-sdk-for-net\sdk\datashare\Microsoft.Azure.Management.DataShare\tests\ScenarioTests\ShareScenarioTests.cs(39,13): error CS0518: Predefined type 'System.String' is not defined or imported
C:\gh\azure-sdk-for-net\sdk\datashare\Microsoft.Azure.Management.DataShare\tests\ScenarioTests\ShareScenarioTests.cs(40,13): error CS0518: Predefined type 'System.String' is not defined or imported
C:\gh\azure-sdk-for-net\sdk\datashare\Microsoft.Azure.Management.DataShare\tests\ScenarioTests\ShareScenarioTests.cs(41,13): error CS0518: Predefined type 'System.String' is not defined or imported
C:\gh\azure-sdk-for-net\sdk\datashare\Microsoft.Azure.Management.DataShare\tests\ScenarioTests\ShareScenarioTests.cs(37,31): error CS0518: Predefined type 'System.Object' is not defined or imported
C:\gh\azure-sdk-for-net\sdk\datashare\Microsoft.Azure.Management.DataShare\tests\ScenarioTests\ShareScenarioTests.cs(37,31): error CS0246: The type or namespace name 'Task' could not be found (are you missing a using directive or an assembly reference?)
C:\gh\azure-sdk-for-net\sdk\datashare\Microsoft.Azure.Management.DataShare\tests\ScenarioTests\SynchronizationSettingScenarioTests.cs(67,25): error CS0518: Predefined type 'System.Object' is not defined or imported
C:\gh\azure-sdk-for-net\sdk\datashare\Microsoft.Azure.Management.DataShare\tests\ScenarioTests\ShareSubscriptionScenarioTests.cs(52,13): error CS0518: Predefined type 'System.Object' is not defined or imported
C:\gh\azure-sdk-for-net\sdk\datashare\Microsoft.Azure.Management.DataShare\tests\ScenarioTests\ShareSubscriptionScenarioTests.cs(53,13): error CS0518: Predefined type 'System.String' is not defined or imported
C:\gh\azure-sdk-for-net\sdk\datashare\Microsoft.Azure.Management.DataShare\tests\ScenarioTests\ShareSubscriptionScenarioTests.cs(54,13): error CS0518: Predefined type 'System.String' is not defined or imported
C:\gh\azure-sdk-for-net\sdk\datashare\Microsoft.Azure.Management.DataShare\tests\ScenarioTests\ShareSubscriptionScenarioTests.cs(55,13): error CS0518: Predefined type 'System.String' is not defined or imported
C:\gh\azure-sdk-for-net\sdk\datashare\Microsoft.Azure.Management.DataShare\tests\ScenarioTests\ShareSubscriptionScenarioTests.cs(51,31): error CS0518: Predefined type 'System.Object' is not defined or imported
C:\gh\azure-sdk-for-net\sdk\datashare\Microsoft.Azure.Management.DataShare\tests\ScenarioTests\ShareSubscriptionScenarioTests.cs(51,31): error CS0246: The type or namespace name 'Task' could not be found (are you missing a using directive or an assembly reference?)
C:\gh\azure-sdk-for-net\sdk\datashare\Microsoft.Azure.Management.DataShare\tests\ScenarioTests\ScenarioTestBase.cs(24,13): error CS0518: Predefined type 'System.Object' is not defined or imported
C:\gh\azure-sdk-for-net\sdk\datashare\Microsoft.Azure.Management.DataShare\tests\ScenarioTests\ScenarioTestBase.cs(24,13): error CS0246: The type or namespace name 'Func<,>' could not be found (are you missing a using directive or an assembly reference?)
C:\gh\azure-sdk-for-net\sdk\datashare\Microsoft.Azure.Management.DataShare\tests\ScenarioTests\ScenarioTestBase.cs(24,18): error CS0518: Predefined type 'System.Object' is not defined or imported
C:\gh\azure-sdk-for-net\sdk\datashare\Microsoft.Azure.Management.DataShare\tests\ScenarioTests\ScenarioTestBase.cs(24,45): error CS0518: Predefined type 'System.Object' is not defined or imported
C:\gh\azure-sdk-for-net\sdk\datashare\Microsoft.Azure.Management.DataShare\tests\ScenarioTests\ScenarioTestBase.cs(24,45): error CS0246: The type or namespace name 'Task' could not be found (are you missing a using directive or an assembly reference?)
C:\gh\azure-sdk-for-net\sdk\datashare\Microsoft.Azure.Management.DataShare\tests\ScenarioTests\ScenarioTestBase.cs(25,13): error CS0518: Predefined type 'System.Object' is not defined or imported
C:\gh\azure-sdk-for-net\sdk\datashare\Microsoft.Azure.Management.DataShare\tests\ScenarioTests\ScenarioTestBase.cs(25,13): error CS0246: The type or namespace name 'Func<,>' could not be found (are you missing a using directive or an assembly reference?)
C:\gh\azure-sdk-for-net\sdk\datashare\Microsoft.Azure.Management.DataShare\tests\ScenarioTests\ScenarioTestBase.cs(25,18): error CS0518: Predefined type 'System.Object' is not defined or imported
C:\gh\azure-sdk-for-net\sdk\datashare\Microsoft.Azure.Management.DataShare\tests\ScenarioTests\ScenarioTestBase.cs(25,45): error CS0518: Predefined type 'System.Object' is not defined or imported
C:\gh\azure-sdk-for-net\sdk\datashare\Microsoft.Azure.Management.DataShare\tests\ScenarioTests\ScenarioTestBase.cs(25,45): error CS0246: The type or namespace name 'Task' could not be found (are you missing a using directive or an assembly reference?)
C:\gh\azure-sdk-for-net\sdk\datashare\Microsoft.Azure.Management.DataShare\tests\ScenarioTests\ScenarioTestBase.cs(26,32): error CS0518: Predefined type 'System.String' is not defined or imported
C:\gh\azure-sdk-for-net\sdk\datashare\Microsoft.Azure.Management.DataShare\tests\ScenarioTests\ScenarioTestBase.cs(23,25): error CS0518: Predefined type 'System.Object' is not defined or imported
C:\gh\azure-sdk-for-net\sdk\datashare\Microsoft.Azure.Management.DataShare\tests\ScenarioTests\ScenarioTestBase.cs(23,25): error CS0246: The type or namespace name 'Task' could not be found (are you missing a using directive or an assembly reference?)
C:\gh\azure-sdk-for-net\sdk\datashare\Microsoft.Azure.Management.DataShare\tests\ScenarioTests\TriggerScenarioTests.cs(43,13): error CS0518: Predefined type 'System.Object' is not defined or imported
C:\gh\azure-sdk-for-net\sdk\datashare\Microsoft.Azure.Management.DataShare\tests\ScenarioTests\TriggerScenarioTests.cs(44,13): error CS0518: Predefined type 'System.String' is not defined or imported
C:\gh\azure-sdk-for-net\sdk\datashare\Microsoft.Azure.Management.DataShare\tests\ScenarioTests\TriggerScenarioTests.cs(45,13): error CS0518: Predefined type 'System.String' is not defined or imported
C:\gh\azure-sdk-for-net\sdk\datashare\Microsoft.Azure.Management.DataShare\tests\ScenarioTests\TriggerScenarioTests.cs(46,13): error CS0518: Predefined type 'System.String' is not defined or imported
C:\gh\azure-sdk-for-net\sdk\datashare\Microsoft.Azure.Management.DataShare\tests\ScenarioTests\TriggerScenarioTests.cs(47,13): error CS0518: Predefined type 'System.String' is not defined or imported
C:\gh\azure-sdk-for-net\sdk\datashare\Microsoft.Azure.Management.DataShare\tests\ScenarioTests\TriggerScenarioTests.cs(42,31): error CS0518: Predefined type 'System.Object' is not defined or imported
C:\gh\azure-sdk-for-net\sdk\datashare\Microsoft.Azure.Management.DataShare\tests\ScenarioTests\TriggerScenarioTests.cs(42,31): error CS0246: The type or namespace name 'Task' could not be found (are you missing a using directive or an assembly reference?)
C:\gh\azure-sdk-for-net\sdk\datashare\Microsoft.Azure.Management.DataShare\tests\ScenarioTests\SynchronizationSettingScenarioTests.cs(45,13): error CS0518: Predefined type 'System.Object' is not defined or imported
C:\gh\azure-sdk-for-net\sdk\datashare\Microsoft.Azure.Management.DataShare\tests\ScenarioTests\SynchronizationSettingScenarioTests.cs(46,13): error CS0518: Predefined type 'System.String' is not defined or imported
C:\gh\azure-sdk-for-net\sdk\datashare\Microsoft.Azure.Management.DataShare\tests\ScenarioTests\SynchronizationSettingScenarioTests.cs(47,13): error CS0518: Predefined type 'System.String' is not defined or imported
C:\gh\azure-sdk-for-net\sdk\datashare\Microsoft.Azure.Management.DataShare\tests\ScenarioTests\SynchronizationSettingScenarioTests.cs(48,13): error CS0518: Predefined type 'System.String' is not defined or imported
C:\gh\azure-sdk-for-net\sdk\datashare\Microsoft.Azure.Management.DataShare\tests\ScenarioTests\SynchronizationSettingScenarioTests.cs(49,13): error CS0518: Predefined type 'System.String' is not defined or imported
C:\gh\azure-sdk-for-net\sdk\datashare\Microsoft.Azure.Management.DataShare\tests\ScenarioTests\SynchronizationSettingScenarioTests.cs(44,31): error CS0518: Predefined type 'System.Object' is not defined or imported
C:\gh\azure-sdk-for-net\sdk\datashare\Microsoft.Azure.Management.DataShare\tests\ScenarioTests\SynchronizationSettingScenarioTests.cs(44,31): error CS0246: The type or namespace name 'Task' could not be found (are you missing a using directive or an assembly reference?)
C:\gh\azure-sdk-for-net\sdk\datashare\Microsoft.Azure.Management.DataShare\tests\ScenarioTests\DataSetMappingScenarioTests.cs(65,25): error CS0518: Predefined type 'System.Object' is not defined or imported
C:\gh\azure-sdk-for-net\sdk\datashare\Microsoft.Azure.Management.DataShare\tests\ScenarioTests\DataSetMappingScenarioTests.cs(43,13): error CS0518: Predefined type 'System.Object' is not defined or imported
C:\gh\azure-sdk-for-net\sdk\datashare\Microsoft.Azure.Management.DataShare\tests\ScenarioTests\DataSetMappingScenarioTests.cs(44,13): error CS0518: Predefined type 'System.String' is not defined or imported
C:\gh\azure-sdk-for-net\sdk\datashare\Microsoft.Azure.Management.DataShare\tests\ScenarioTests\DataSetMappingScenarioTests.cs(45,13): error CS0518: Predefined type 'System.String' is not defined or imported
C:\gh\azure-sdk-for-net\sdk\datashare\Microsoft.Azure.Management.DataShare\tests\ScenarioTests\DataSetMappingScenarioTests.cs(46,13): error CS0518: Predefined type 'System.String' is not defined or imported
C:\gh\azure-sdk-for-net\sdk\datashare\Microsoft.Azure.Management.DataShare\tests\ScenarioTests\DataSetMappingScenarioTests.cs(47,13): error CS0518: Predefined type 'System.String' is not defined or imported
C:\gh\azure-sdk-for-net\sdk\datashare\Microsoft.Azure.Management.DataShare\tests\ScenarioTests\DataSetMappingScenarioTests.cs(42,31): error CS0518: Predefined type 'System.Object' is not defined or imported
C:\gh\azure-sdk-for-net\sdk\datashare\Microsoft.Azure.Management.DataShare\tests\ScenarioTests\DataSetMappingScenarioTests.cs(42,31): error CS0246: The type or namespace name 'Task' could not be found (are you missing a using directive or an assembly reference?)
C:\gh\azure-sdk-for-net\sdk\datashare\Microsoft.Azure.Management.DataShare\tests\ScenarioTests\InvitationScenarioTests.cs(35,48): error CS0518: Predefined type 'System.Object' is not defined or imported
C:\gh\azure-sdk-for-net\sdk\datashare\Microsoft.Azure.Management.DataShare\tests\ScenarioTests\InvitationScenarioTests.cs(35,77): error CS0518: Predefined type 'System.String' is not defined or imported
C:\gh\azure-sdk-for-net\sdk\datashare\Microsoft.Azure.Management.DataShare\tests\ScenarioTests\InvitationScenarioTests.cs(35,24): error CS0518: Predefined type 'System.Void' is not defined or imported
C:\gh\azure-sdk-for-net\sdk\datashare\Microsoft.Azure.Management.DataShare\tests\ScenarioTests\SynchronizationSettingScenarioTests.cs(38,13): error CS0518: Predefined type 'System.Object' is not defined or imported
C:\gh\azure-sdk-for-net\sdk\datashare\Microsoft.Azure.Management.DataShare\tests\ScenarioTests\ShareScenarioTests.cs(31,43): error CS0518: Predefined type 'System.Object' is not defined or imported
C:\gh\azure-sdk-for-net\sdk\datashare\Microsoft.Azure.Management.DataShare\tests\ScenarioTests\ShareScenarioTests.cs(31,62): error CS0518: Predefined type 'System.String' is not defined or imported
C:\gh\azure-sdk-for-net\sdk\datashare\Microsoft.Azure.Management.DataShare\tests\ScenarioTests\SynchronizationSettingScenarioTests.cs(39,13): error CS0518: Predefined type 'System.String' is not defined or imported
C:\gh\azure-sdk-for-net\sdk\datashare\Microsoft.Azure.Management.DataShare\tests\ScenarioTests\SynchronizationSettingScenarioTests.cs(37,24): error CS0518: Predefined type 'System.Void' is not defined or imported
C:\gh\azure-sdk-for-net\sdk\datashare\Microsoft.Azure.Management.DataShare\tests\ScenarioTests\ShareScenarioTests.cs(31,24): error CS0518: Predefined type 'System.Void' is not defined or imported
C:\gh\azure-sdk-for-net\sdk\datashare\Microsoft.Azure.Management.DataShare\tests\ScenarioTests\ShareSubscriptionScenarioTests.cs(45,13): error CS0518: Predefined type 'System.Object' is not defined or imported
C:\gh\azure-sdk-for-net\sdk\datashare\Microsoft.Azure.Management.DataShare\tests\ScenarioTests\ShareSubscriptionScenarioTests.cs(46,13): error CS0518: Predefined type 'System.String' is not defined or imported
C:\gh\azure-sdk-for-net\sdk\datashare\Microsoft.Azure.Management.DataShare\tests\ScenarioTests\ShareSubscriptionScenarioTests.cs(44,24): error CS0518: Predefined type 'System.Void' is not defined or imported
C:\gh\azure-sdk-for-net\sdk\datashare\Microsoft.Azure.Management.DataShare\tests\ScenarioTests\DataSetScenarioTests.cs(38,13): error CS0518: Predefined type 'System.Object' is not defined or imported
C:\gh\azure-sdk-for-net\sdk\datashare\Microsoft.Azure.Management.DataShare\tests\ScenarioTests\DataSetScenarioTests.cs(39,13): error CS0518: Predefined type 'System.String' is not defined or imported
C:\gh\azure-sdk-for-net\sdk\datashare\Microsoft.Azure.Management.DataShare\tests\ScenarioTests\DataSetScenarioTests.cs(37,24): error CS0518: Predefined type 'System.Void' is not defined or imported
C:\gh\azure-sdk-for-net\sdk\datashare\Microsoft.Azure.Management.DataShare\tests\ScenarioTests\AccountScenarioTests.cs(43,45): error CS0518: Predefined type 'System.Object' is not defined or imported
C:\gh\azure-sdk-for-net\sdk\datashare\Microsoft.Azure.Management.DataShare\tests\ScenarioTests\AccountScenarioTests.cs(43,68): error CS0518: Predefined type 'System.String' is not defined or imported
C:\gh\azure-sdk-for-net\sdk\datashare\Microsoft.Azure.Management.DataShare\tests\ScenarioTests\AccountScenarioTests.cs(43,24): error CS0518: Predefined type 'System.Void' is not defined or imported
C:\gh\azure-sdk-for-net\sdk\datashare\Microsoft.Azure.Management.DataShare\tests\ScenarioTests\ShareSubscriptionScenarioTests.cs(28,13): error CS0518: Predefined type 'System.Object' is not defined or imported
C:\gh\azure-sdk-for-net\sdk\datashare\Microsoft.Azure.Management.DataShare\tests\ScenarioTests\ShareSubscriptionScenarioTests.cs(29,13): error CS0518: Predefined type 'System.String' is not defined or imported
C:\gh\azure-sdk-for-net\sdk\datashare\Microsoft.Azure.Management.DataShare\tests\ScenarioTests\ShareSubscriptionScenarioTests.cs(30,13): error CS0518: Predefined type 'System.String' is not defined or imported
C:\gh\azure-sdk-for-net\sdk\datashare\Microsoft.Azure.Management.DataShare\tests\ScenarioTests\ShareSubscriptionScenarioTests.cs(31,13): error CS0518: Predefined type 'System.String' is not defined or imported
C:\gh\azure-sdk-for-net\sdk\datashare\Microsoft.Azure.Management.DataShare\tests\ScenarioTests\ShareSubscriptionScenarioTests.cs(32,13): error CS0518: Predefined type 'System.Object' is not defined or imported
C:\gh\azure-sdk-for-net\sdk\datashare\Microsoft.Azure.Management.DataShare\tests\ScenarioTests\ShareSubscriptionScenarioTests.cs(27,31): error CS0518: Predefined type 'System.Object' is not defined or imported
C:\gh\azure-sdk-for-net\sdk\datashare\Microsoft.Azure.Management.DataShare\tests\ScenarioTests\ShareSubscriptionScenarioTests.cs(27,31): error CS0246: The type or namespace name 'Task' could not be found (are you missing a using directive or an assembly reference?)
C:\gh\azure-sdk-for-net\sdk\datashare\Microsoft.Azure.Management.DataShare\tests\ScenarioTests\InvitationScenarioTests.cs(15,13): error CS0518: Predefined type 'System.Object' is not defined or imported
C:\gh\azure-sdk-for-net\sdk\datashare\Microsoft.Azure.Management.DataShare\tests\ScenarioTests\InvitationScenarioTests.cs(16,13): error CS0518: Predefined type 'System.String' is not defined or imported
C:\gh\azure-sdk-for-net\sdk\datashare\Microsoft.Azure.Management.DataShare\tests\ScenarioTests\InvitationScenarioTests.cs(17,13): error CS0518: Predefined type 'System.String' is not defined or imported
C:\gh\azure-sdk-for-net\sdk\datashare\Microsoft.Azure.Management.DataShare\tests\ScenarioTests\InvitationScenarioTests.cs(18,13): error CS0518: Predefined type 'System.String' is not defined or imported
C:\gh\azure-sdk-for-net\sdk\datashare\Microsoft.Azure.Management.DataShare\tests\ScenarioTests\InvitationScenarioTests.cs(19,13): error CS0518: Predefined type 'System.String' is not defined or imported
C:\gh\azure-sdk-for-net\sdk\datashare\Microsoft.Azure.Management.DataShare\tests\ScenarioTests\InvitationScenarioTests.cs(20,13): error CS0518: Predefined type 'System.Object' is not defined or imported
C:\gh\azure-sdk-for-net\sdk\datashare\Microsoft.Azure.Management.DataShare\tests\ScenarioTests\InvitationScenarioTests.cs(14,31): error CS0518: Predefined type 'System.Object' is not defined or imported
C:\gh\azure-sdk-for-net\sdk\datashare\Microsoft.Azure.Management.DataShare\tests\ScenarioTests\InvitationScenarioTests.cs(14,31): error CS0246: The type or namespace name 'Task<>' could not be found (are you missing a using directive or an assembly reference?)
C:\gh\azure-sdk-for-net\sdk\datashare\Microsoft.Azure.Management.DataShare\tests\ScenarioTests\InvitationScenarioTests.cs(14,36): error CS0518: Predefined type 'System.Object' is not defined or imported
C:\gh\azure-sdk-for-net\sdk\datashare\Microsoft.Azure.Management.DataShare\tests\ScenarioTests\SynchronizationSettingScenarioTests.cs(15,13): error CS0518: Predefined type 'System.Object' is not defined or imported
C:\gh\azure-sdk-for-net\sdk\datashare\Microsoft.Azure.Management.DataShare\tests\ScenarioTests\SynchronizationSettingScenarioTests.cs(16,13): error CS0518: Predefined type 'System.String' is not defined or imported
C:\gh\azure-sdk-for-net\sdk\datashare\Microsoft.Azure.Management.DataShare\tests\ScenarioTests\SynchronizationSettingScenarioTests.cs(17,13): error CS0518: Predefined type 'System.String' is not defined or imported
C:\gh\azure-sdk-for-net\sdk\datashare\Microsoft.Azure.Management.DataShare\tests\ScenarioTests\SynchronizationSettingScenarioTests.cs(18,13): error CS0518: Predefined type 'System.String' is not defined or imported
C:\gh\azure-sdk-for-net\sdk\datashare\Microsoft.Azure.Management.DataShare\tests\ScenarioTests\SynchronizationSettingScenarioTests.cs(19,13): error CS0518: Predefined type 'System.String' is not defined or imported
C:\gh\azure-sdk-for-net\sdk\datashare\Microsoft.Azure.Management.DataShare\tests\ScenarioTests\SynchronizationSettingScenarioTests.cs(20,13): error CS0518: Predefined type 'System.Object' is not defined or imported
C:\gh\azure-sdk-for-net\sdk\datashare\Microsoft.Azure.Management.DataShare\tests\ScenarioTests\SynchronizationSettingScenarioTests.cs(14,31): error CS0518: Predefined type 'System.Object' is not defined or imported
C:\gh\azure-sdk-for-net\sdk\datashare\Microsoft.Azure.Management.DataShare\tests\ScenarioTests\SynchronizationSettingScenarioTests.cs(14,31): error CS0246: The type or namespace name 'Task<>' could not be found (are you missing a using directive or an assembly reference?)
C:\gh\azure-sdk-for-net\sdk\datashare\Microsoft.Azure.Management.DataShare\tests\ScenarioTests\SynchronizationSettingScenarioTests.cs(14,36): error CS0518: Predefined type 'System.Object' is not defined or imported
C:\gh\azure-sdk-for-net\sdk\datashare\Microsoft.Azure.Management.DataShare\tests\ScenarioTests\DataSetScenarioTests.cs(15,13): error CS0518: Predefined type 'System.Object' is not defined or imported
C:\gh\azure-sdk-for-net\sdk\datashare\Microsoft.Azure.Management.DataShare\tests\ScenarioTests\DataSetScenarioTests.cs(16,13): error CS0518: Predefined type 'System.String' is not defined or imported
C:\gh\azure-sdk-for-net\sdk\datashare\Microsoft.Azure.Management.DataShare\tests\ScenarioTests\DataSetScenarioTests.cs(17,13): error CS0518: Predefined type 'System.String' is not defined or imported
C:\gh\azure-sdk-for-net\sdk\datashare\Microsoft.Azure.Management.DataShare\tests\ScenarioTests\DataSetScenarioTests.cs(18,13): error CS0518: Predefined type 'System.String' is not defined or imported
C:\gh\azure-sdk-for-net\sdk\datashare\Microsoft.Azure.Management.DataShare\tests\ScenarioTests\DataSetScenarioTests.cs(19,13): error CS0518: Predefined type 'System.String' is not defined or imported
C:\gh\azure-sdk-for-net\sdk\datashare\Microsoft.Azure.Management.DataShare\tests\ScenarioTests\DataSetScenarioTests.cs(20,13): error CS0518: Predefined type 'System.Object' is not defined or imported
C:\gh\azure-sdk-for-net\sdk\datashare\Microsoft.Azure.Management.DataShare\tests\ScenarioTests\DataSetScenarioTests.cs(14,31): error CS0518: Predefined type 'System.Object' is not defined or imported
C:\gh\azure-sdk-for-net\sdk\datashare\Microsoft.Azure.Management.DataShare\tests\ScenarioTests\DataSetScenarioTests.cs(14,31): error CS0246: The type or namespace name 'Task<>' could not be found (are you missing a using directive or an assembly reference?)
C:\gh\azure-sdk-for-net\sdk\datashare\Microsoft.Azure.Management.DataShare\tests\ScenarioTests\DataSetScenarioTests.cs(14,36): error CS0518: Predefined type 'System.Object' is not defined or imported
C:\gh\azure-sdk-for-net\sdk\datashare\Microsoft.Azure.Management.DataShare\tests\ScenarioTests\ShareScenarioTests.cs(15,13): error CS0518: Predefined type 'System.Object' is not defined or imported
C:\gh\azure-sdk-for-net\sdk\datashare\Microsoft.Azure.Management.DataShare\tests\ScenarioTests\ShareScenarioTests.cs(16,13): error CS0518: Predefined type 'System.String' is not defined or imported
C:\gh\azure-sdk-for-net\sdk\datashare\Microsoft.Azure.Management.DataShare\tests\ScenarioTests\ShareScenarioTests.cs(17,13): error CS0518: Predefined type 'System.String' is not defined or imported
C:\gh\azure-sdk-for-net\sdk\datashare\Microsoft.Azure.Management.DataShare\tests\ScenarioTests\ShareScenarioTests.cs(18,13): error CS0518: Predefined type 'System.String' is not defined or imported
C:\gh\azure-sdk-for-net\sdk\datashare\Microsoft.Azure.Management.DataShare\tests\ScenarioTests\ShareScenarioTests.cs(19,13): error CS0518: Predefined type 'System.Object' is not defined or imported
C:\gh\azure-sdk-for-net\sdk\datashare\Microsoft.Azure.Management.DataShare\tests\ScenarioTests\ShareScenarioTests.cs(14,31): error CS0518: Predefined type 'System.Object' is not defined or imported
C:\gh\azure-sdk-for-net\sdk\datashare\Microsoft.Azure.Management.DataShare\tests\ScenarioTests\ShareScenarioTests.cs(14,31): error CS0246: The type or namespace name 'Task' could not be found (are you missing a using directive or an assembly reference?)
C:\gh\azure-sdk-for-net\sdk\datashare\Microsoft.Azure.Management.DataShare\tests\ScenarioTests\TriggerScenarioTests.cs(36,13): error CS0518: Predefined type 'System.Object' is not defined or imported
C:\gh\azure-sdk-for-net\sdk\datashare\Microsoft.Azure.Management.DataShare\tests\ScenarioTests\TriggerScenarioTests.cs(37,13): error CS0518: Predefined type 'System.String' is not defined or imported
C:\gh\azure-sdk-for-net\sdk\datashare\Microsoft.Azure.Management.DataShare\tests\ScenarioTests\TriggerScenarioTests.cs(35,24): error CS0518: Predefined type 'System.Void' is not defined or imported
C:\gh\azure-sdk-for-net\sdk\datashare\Microsoft.Azure.Management.DataShare\tests\ScenarioTests\DataSetMappingScenarioTests.cs(36,13): error CS0518: Predefined type 'System.Object' is not defined or imported
C:\gh\azure-sdk-for-net\sdk\datashare\Microsoft.Azure.Management.DataShare\tests\ScenarioTests\DataSetMappingScenarioTests.cs(37,13): error CS0518: Predefined type 'System.String' is not defined or imported
C:\gh\azure-sdk-for-net\sdk\datashare\Microsoft.Azure.Management.DataShare\tests\ScenarioTests\DataSetMappingScenarioTests.cs(35,24): error CS0518: Predefined type 'System.Void' is not defined or imported
C:\gh\azure-sdk-for-net\sdk\datashare\Microsoft.Azure.Management.DataShare\tests\ScenarioTests\ScenarioTestBase.cs(16,50): error CS0518: Predefined type 'System.String' is not defined or imported
C:\gh\azure-sdk-for-net\sdk\datashare\Microsoft.Azure.Management.DataShare\tests\ScenarioTests\TriggerScenarioTests.cs(15,13): error CS0518: Predefined type 'System.Object' is not defined or imported
C:\gh\azure-sdk-for-net\sdk\datashare\Microsoft.Azure.Management.DataShare\tests\ScenarioTests\TriggerScenarioTests.cs(16,13): error CS0518: Predefined type 'System.String' is not defined or imported
C:\gh\azure-sdk-for-net\sdk\datashare\Microsoft.Azure.Management.DataShare\tests\ScenarioTests\TriggerScenarioTests.cs(17,13): error CS0518: Predefined type 'System.String' is not defined or imported
C:\gh\azure-sdk-for-net\sdk\datashare\Microsoft.Azure.Management.DataShare\tests\ScenarioTests\TriggerScenarioTests.cs(18,13): error CS0518: Predefined type 'System.String' is not defined or imported
C:\gh\azure-sdk-for-net\sdk\datashare\Microsoft.Azure.Management.DataShare\tests\ScenarioTests\TriggerScenarioTests.cs(19,13): error CS0518: Predefined type 'System.String' is not defined or imported
C:\gh\azure-sdk-for-net\sdk\datashare\Microsoft.Azure.Management.DataShare\tests\ScenarioTests\TriggerScenarioTests.cs(20,13): error CS0518: Predefined type 'System.Object' is not defined or imported
C:\gh\azure-sdk-for-net\sdk\datashare\Microsoft.Azure.Management.DataShare\tests\ScenarioTests\TriggerScenarioTests.cs(14,31): error CS0518: Predefined type 'System.Object' is not defined or imported
C:\gh\azure-sdk-for-net\sdk\datashare\Microsoft.Azure.Management.DataShare\tests\ScenarioTests\TriggerScenarioTests.cs(14,31): error CS0246: The type or namespace name 'Task' could not be found (are you missing a using directive or an assembly reference?)
C:\gh\azure-sdk-for-net\sdk\datashare\Microsoft.Azure.Management.DataShare\tests\ScenarioTests\DataSetMappingScenarioTests.cs(15,13): error CS0518: Predefined type 'System.Object' is not defined or imported
C:\gh\azure-sdk-for-net\sdk\datashare\Microsoft.Azure.Management.DataShare\tests\ScenarioTests\DataSetMappingScenarioTests.cs(16,13): error CS0518: Predefined type 'System.String' is not defined or imported
C:\gh\azure-sdk-for-net\sdk\datashare\Microsoft.Azure.Management.DataShare\tests\ScenarioTests\DataSetMappingScenarioTests.cs(17,13): error CS0518: Predefined type 'System.String' is not defined or imported
C:\gh\azure-sdk-for-net\sdk\datashare\Microsoft.Azure.Management.DataShare\tests\ScenarioTests\DataSetMappingScenarioTests.cs(18,13): error CS0518: Predefined type 'System.String' is not defined or imported
C:\gh\azure-sdk-for-net\sdk\datashare\Microsoft.Azure.Management.DataShare\tests\ScenarioTests\DataSetMappingScenarioTests.cs(19,13): error CS0518: Predefined type 'System.String' is not defined or imported
C:\gh\azure-sdk-for-net\sdk\datashare\Microsoft.Azure.Management.DataShare\tests\ScenarioTests\DataSetMappingScenarioTests.cs(20,13): error CS0518: Predefined type 'System.Object' is not defined or imported
C:\gh\azure-sdk-for-net\sdk\datashare\Microsoft.Azure.Management.DataShare\tests\ScenarioTests\DataSetMappingScenarioTests.cs(14,31): error CS0518: Predefined type 'System.Object' is not defined or imported
C:\gh\azure-sdk-for-net\sdk\datashare\Microsoft.Azure.Management.DataShare\tests\ScenarioTests\DataSetMappingScenarioTests.cs(14,31): error CS0246: The type or namespace name 'Task' could not be found (are you missing a using directive or an assembly reference?)
C:\gh\azure-sdk-for-net\sdk\datashare\Microsoft.Azure.Management.DataShare\tests\ScenarioTests\AccountScenarioTests.cs(32,13): error CS0518: Predefined type 'System.Object' is not defined or imported
C:\gh\azure-sdk-for-net\sdk\datashare\Microsoft.Azure.Management.DataShare\tests\ScenarioTests\AccountScenarioTests.cs(33,13): error CS0518: Predefined type 'System.String' is not defined or imported
C:\gh\azure-sdk-for-net\sdk\datashare\Microsoft.Azure.Management.DataShare\tests\ScenarioTests\AccountScenarioTests.cs(34,13): error CS0518: Predefined type 'System.String' is not defined or imported
C:\gh\azure-sdk-for-net\sdk\datashare\Microsoft.Azure.Management.DataShare\tests\ScenarioTests\AccountScenarioTests.cs(35,13): error CS0518: Predefined type 'System.Object' is not defined or imported
C:\gh\azure-sdk-for-net\sdk\datashare\Microsoft.Azure.Management.DataShare\tests\ScenarioTests\AccountScenarioTests.cs(31,31): error CS0518: Predefined type 'System.Object' is not defined or imported
C:\gh\azure-sdk-for-net\sdk\datashare\Microsoft.Azure.Management.DataShare\tests\ScenarioTests\AccountScenarioTests.cs(31,31): error CS0246: The type or namespace name 'Task' could not be found (are you missing a using directive or an assembly reference?)
C:\gh\azure-sdk-for-net\sdk\datashare\Microsoft.Azure.Management.DataShare\tests\ScenarioTests\ShareSubscriptionScenarioTests.cs(15,13): error CS0518: Predefined type 'System.Object' is not defined or imported
C:\gh\azure-sdk-for-net\sdk\datashare\Microsoft.Azure.Management.DataShare\tests\ScenarioTests\ShareSubscriptionScenarioTests.cs(16,13): error CS0518: Predefined type 'System.String' is not defined or imported
C:\gh\azure-sdk-for-net\sdk\datashare\Microsoft.Azure.Management.DataShare\tests\ScenarioTests\ShareSubscriptionScenarioTests.cs(17,13): error CS0518: Predefined type 'System.String' is not defined or imported
C:\gh\azure-sdk-for-net\sdk\datashare\Microsoft.Azure.Management.DataShare\tests\ScenarioTests\ShareSubscriptionScenarioTests.cs(18,13): error CS0518: Predefined type 'System.String' is not defined or imported
C:\gh\azure-sdk-for-net\sdk\datashare\Microsoft.Azure.Management.DataShare\tests\ScenarioTests\ShareSubscriptionScenarioTests.cs(14,25): error CS0518: Predefined type 'System.Void' is not defined or imported
C:\gh\azure-sdk-for-net\sdk\datashare\Microsoft.Azure.Management.DataShare\tests\ScenarioTests\ScenarioTestBase.cs(26,14): error CS0518: Predefined type 'System.Object' is not defined or imported
C:\gh\azure-sdk-for-net\sdk\datashare\Microsoft.Azure.Management.DataShare\tests\ScenarioTests\ScenarioTestBase.cs(26,14): error CS0246: The type or namespace name 'CallerMemberNameAttribute' could not be found (are you missing a using directive or an assembly reference?)
C:\gh\azure-sdk-for-net\sdk\datashare\Microsoft.Azure.Management.DataShare\tests\ScenarioTests\ScenarioTestBase.cs(26,14): error CS0246: The type or namespace name 'CallerMemberName' could not be found (are you missing a using directive or an assembly reference?)
C:\gh\azure-sdk-for-net\sdk\datashare\Microsoft.Azure.Management.DataShare\tests\ScenarioTests\ScenarioTestBase.cs(26,52): error CS0518: Predefined type 'System.String' is not defined or imported
C:\gh\azure-sdk-for-net\sdk\datashare\Microsoft.Azure.Management.DataShare\tests\ScenarioTests\AccountScenarioTests.cs(15,10): error CS0518: Predefined type 'System.Object' is not defined or imported
C:\gh\azure-sdk-for-net\sdk\datashare\Microsoft.Azure.Management.DataShare\tests\ScenarioTests\AccountScenarioTests.cs(15,10): error CS0246: The type or namespace name 'FactAttribute' could not be found (are you missing a using directive or an assembly reference?)
C:\gh\azure-sdk-for-net\sdk\datashare\Microsoft.Azure.Management.DataShare\tests\ScenarioTests\AccountScenarioTests.cs(15,10): error CS0246: The type or namespace name 'Fact' could not be found (are you missing a using directive or an assembly reference?)
C:\gh\azure-sdk-for-net\sdk\datashare\Microsoft.Azure.Management.DataShare\tests\Utils\TraitName.cs(9,40): error CS0518: Predefined type 'System.String' is not defined or imported
C:\gh\azure-sdk-for-net\sdk\datashare\Microsoft.Azure.Management.DataShare\tests\Utils\TestType.cs(11,40): error CS0518: Predefined type 'System.String' is not defined or imported
C:\gh\azure-sdk-for-net\sdk\datashare\Microsoft.Azure.Management.DataShare\tests\ScenarioTests\DataShareE2EScenarioTests.cs(21,10): error CS0518: Predefined type 'System.Object' is not defined or imported
C:\gh\azure-sdk-for-net\sdk\datashare\Microsoft.Azure.Management.DataShare\tests\ScenarioTests\DataShareE2EScenarioTests.cs(21,10): error CS0246: The type or namespace name 'FactAttribute' could not be found (are you missing a using directive or an assembly reference?)
C:\gh\azure-sdk-for-net\sdk\datashare\Microsoft.Azure.Management.DataShare\tests\ScenarioTests\DataShareE2EScenarioTests.cs(21,10): error CS0246: The type or namespace name 'Fact' could not be found (are you missing a using directive or an assembly reference?)
C:\gh\azure-sdk-for-net\sdk\datashare\Microsoft.Azure.Management.DataShare\tests\ScenarioTests\DataShareE2EScenarioTests.cs(22,10): error CS0518: Predefined type 'System.Object' is not defined or imported
C:\gh\azure-sdk-for-net\sdk\datashare\Microsoft.Azure.Management.DataShare\tests\ScenarioTests\DataShareE2EScenarioTests.cs(22,10): error CS0246: The type or namespace name 'TraitAttribute' could not be found (are you missing a using directive or an assembly reference?)
C:\gh\azure-sdk-for-net\sdk\datashare\Microsoft.Azure.Management.DataShare\tests\ScenarioTests\DataShareE2EScenarioTests.cs(22,10): error CS0246: The type or namespace name 'Trait' could not be found (are you missing a using directive or an assembly reference?)
C:\gh\azure-sdk-for-net\sdk\datashare\Microsoft.Azure.Management.DataShare\tests\ScenarioTests\DataShareE2EScenarioTests.cs(22,16): error CS0518: Predefined type 'System.Object' is not defined or imported
C:\gh\azure-sdk-for-net\sdk\datashare\Microsoft.Azure.Management.DataShare\tests\ScenarioTests\DataShareE2EScenarioTests.cs(22,36): error CS0518: Predefined type 'System.Object' is not defined or imported
C:\gh\azure-sdk-for-net\sdk\datashare\Microsoft.Azure.Management.DataShare\tests\ScenarioTests\DataShareE2EScenarioTests.cs(23,22): error CS0518: Predefined type 'System.Object' is not defined or imported
C:\gh\azure-sdk-for-net\sdk\datashare\Microsoft.Azure.Management.DataShare\tests\ScenarioTests\DataShareE2EScenarioTests.cs(23,22): error CS0246: The type or namespace name 'Task' could not be found (are you missing a using directive or an assembly reference?)
C:\gh\azure-sdk-for-net\sdk\datashare\Microsoft.Azure.Management.DataShare\tests\ScenarioTests\ScenarioTestBase.cs(15,52): error CS0518: Predefined type 'System.String' is not defined or imported
C:\gh\azure-sdk-for-net\sdk\datashare\Microsoft.Azure.Management.DataShare\tests\ScenarioTests\AccountScenarioTests.cs(16,22): error CS0518: Predefined type 'System.Object' is not defined or imported
C:\gh\azure-sdk-for-net\sdk\datashare\Microsoft.Azure.Management.DataShare\tests\ScenarioTests\AccountScenarioTests.cs(16,22): error CS0246: The type or namespace name 'Task' could not be found (are you missing a using directive or an assembly reference?)
C:\gh\azure-sdk-for-net\sdk\datashare\Microsoft.Azure.Management.DataShare\tests\ScenarioTests\ScenarioTestBase.cs(14,56): error CS0518: Predefined type 'System.String' is not defined or imported
C:\gh\azure-sdk-for-net\sdk\datashare\Microsoft.Azure.Management.DataShare\tests\ScenarioTests\DataShareE2EScenarioTests.cs(12,42): error CS0518: Predefined type 'System.String' is not defined or imported
C:\gh\azure-sdk-for-net\sdk\datashare\Microsoft.Azure.Management.DataShare\tests\ScenarioTests\DataShareE2EScenarioTests.cs(15,59): error CS0518: Predefined type 'System.String' is not defined or imported
C:\gh\azure-sdk-for-net\sdk\datashare\Microsoft.Azure.Management.DataShare\tests\ScenarioTests\ScenarioTestBase.cs(17,26): error CS0518: Predefined type 'System.Object' is not defined or imported
C:\gh\azure-sdk-for-net\sdk\datashare\Microsoft.Azure.Management.DataShare\tests\ScenarioTests\ScenarioTestBase.cs(17,26): error CS0246: The type or namespace name 'Type' could not be found (are you missing a using directive or an assembly reference?)
C:\gh\azure-sdk-for-net\sdk\datashare\Microsoft.Azure.Management.DataShare\tests\ScenarioTests\AccountScenarioTests.cs(13,16): error CS0518: Predefined type 'System.Object' is not defined or imported
C:\gh\azure-sdk-for-net\sdk\datashare\Microsoft.Azure.Management.DataShare\tests\ScenarioTests\DataShareE2EScenarioTests.cs(16,44): error CS0518: Predefined type 'System.String' is not defined or imported
C:\gh\azure-sdk-for-net\sdk\datashare\Microsoft.Azure.Management.DataShare\tests\ScenarioTests\DataShareE2EScenarioTests.cs(13,47): error CS0518: Predefined type 'System.String' is not defined or imported
C:\gh\azure-sdk-for-net\sdk\datashare\Microsoft.Azure.Management.DataShare\tests\ScenarioTests\DataShareE2EScenarioTests.cs(14,54): error CS0518: Predefined type 'System.String' is not defined or imported
C:\gh\azure-sdk-for-net\sdk\datashare\Microsoft.Azure.Management.DataShare\tests\ScenarioTests\DataShareE2EScenarioTests.cs(19,56): error CS0518: Predefined type 'System.String' is not defined or imported
C:\gh\azure-sdk-for-net\sdk\datashare\Microsoft.Azure.Management.DataShare\tests\ScenarioTests\DataShareE2EScenarioTests.cs(17,44): error CS0518: Predefined type 'System.String' is not defined or imported
C:\gh\azure-sdk-for-net\sdk\datashare\Microsoft.Azure.Management.DataShare\tests\ScenarioTests\DataShareE2EScenarioTests.cs(18,51): error CS0518: Predefined type 'System.String' is not defined or imported
C:\gh\azure-sdk-for-net\sdk\datashare\Microsoft.Azure.Management.DataShare\tests\ScenarioTests\ScenarioTestBase.cs(12,27): error CS0518: Predefined type 'System.Object' is not defined or imported
C:\gh\azure-sdk-for-net\eng\mgmt\DisableTestRunParallel.cs(7,12): error CS0246: The type or namespace name 'CollectionBehaviorAttribute' could not be found (are you missing a using directive or an assembly reference?)
C:\gh\azure-sdk-for-net\eng\mgmt\DisableTestRunParallel.cs(7,12): error CS0246: The type or namespace name 'CollectionBehavior' could not be found (are you missing a using directive or an assembly reference?)
C:\gh\azure-sdk-for-net\artifacts\obj\Microsoft.Azure.Management.DataShare.Tests\Debug\netcoreapp2.0\.NETCoreApp,Version=v2.0.AssemblyAttributes.cs(4,20): error CS0400: The type or namespace name 'System' could not be found in the global namespace (are you missing an assembly reference?)
C:\gh\azure-sdk-for-net\artifacts\obj\Microsoft.Azure.Management.DataShare.Tests\Debug\netcoreapp2.0\Microsoft.Azure.Management.DataShare.Tests.AssemblyInfo.cs(14,12): error CS0246: The type or namespace name 'System' could not be found (are you missing a using directive or an assembly reference?)
C:\gh\azure-sdk-for-net\artifacts\obj\Microsoft.Azure.Management.DataShare.Tests\Debug\netcoreapp2.0\Microsoft.Azure.Management.DataShare.Tests.AssemblyInfo.cs(15,12): error CS0246: The type or namespace name 'System' could not be found (are you missing a using directive or an assembly reference?)
C:\gh\azure-sdk-for-net\artifacts\obj\Microsoft.Azure.Management.DataShare.Tests\Debug\netcoreapp2.0\Microsoft.Azure.Management.DataShare.Tests.AssemblyInfo.cs(16,12): error CS0246: The type or namespace name 'System' could not be found (are you missing a using directive or an assembly reference?)
C:\gh\azure-sdk-for-net\eng\mgmt\DisableTestRunParallel.cs(7,31): error CS0246: The type or namespace name 'DisableTestParallelization' could not be found (are you missing a using directive or an assembly reference?)
C:\gh\azure-sdk-for-net\eng\mgmt\DisableTestRunParallel.cs(7,60): error CS0518: Predefined type 'System.Boolean' is not defined or imported
C:\gh\azure-sdk-for-net\eng\mgmt\DisableTestRunParallel.cs(7,66): error CS0246: The type or namespace name 'MaxParallelThreads' could not be found (are you missing a using directive or an assembly reference?)
C:\gh\azure-sdk-for-net\eng\mgmt\DisableTestRunParallel.cs(7,87): error CS0518: Predefined type 'System.Int32' is not defined or imported
C:\gh\azure-sdk-for-net\artifacts\obj\Microsoft.Azure.Management.DataShare.Tests\Debug\netcoreapp2.0\.NETCoreApp,Version=v2.0.AssemblyAttributes.cs(4,71): error CS0518: Predefined type 'System.String' is not defined or imported
C:\gh\azure-sdk-for-net\artifacts\obj\Microsoft.Azure.Management.DataShare.Tests\Debug\netcoreapp2.0\.NETCoreApp,Version=v2.0.AssemblyAttributes.cs(4,99): error CS0246: The type or namespace name 'FrameworkDisplayName' could not be found (are you missing a using directive or an assembly reference?)
C:\gh\azure-sdk-for-net\artifacts\obj\Microsoft.Azure.Management.DataShare.Tests\Debug\netcoreapp2.0\.NETCoreApp,Version=v2.0.AssemblyAttributes.cs(4,122): error CS0518: Predefined type 'System.String' is not defined or imported
C:\gh\azure-sdk-for-net\artifacts\obj\Microsoft.Azure.Management.DataShare.Tests\Debug\netcoreapp2.0\Microsoft.Azure.Management.DataShare.Tests.AssemblyInfo.cs(14,56): error CS0518: Predefined type 'System.String' is not defined or imported
C:\gh\azure-sdk-for-net\artifacts\obj\Microsoft.Azure.Management.DataShare.Tests\Debug\netcoreapp2.0\Microsoft.Azure.Management.DataShare.Tests.AssemblyInfo.cs(14,70): error CS0518: Predefined type 'System.String' is not defined or imported
C:\gh\azure-sdk-for-net\artifacts\obj\Microsoft.Azure.Management.DataShare.Tests\Debug\netcoreapp2.0\Microsoft.Azure.Management.DataShare.Tests.AssemblyInfo.cs(15,68): error CS0518: Predefined type 'System.String' is not defined or imported
C:\gh\azure-sdk-for-net\artifacts\obj\Microsoft.Azure.Management.DataShare.Tests\Debug\netcoreapp2.0\Microsoft.Azure.Management.DataShare.Tests.AssemblyInfo.cs(16,56): error CS0518: Predefined type 'System.String' is not defined or imported
C:\gh\azure-sdk-for-net\artifacts\obj\Microsoft.Azure.Management.DataShare.Tests\Debug\netcoreapp2.0\Microsoft.Azure.Management.DataShare.Tests.AssemblyInfo.cs(16,73): error CS0518: Predefined type 'System.String' is not defined or imported
C:\gh\azure-sdk-for-net\eng\mgmt\DisableTestRunParallel.cs(4,7): error CS0246: The type or namespace name 'System' could not be found (are you missing a using directive or an assembly reference?)
C:\gh\azure-sdk-for-net\eng\mgmt\DisableTestRunParallel.cs(5,7): error CS0246: The type or namespace name 'Xunit' could not be found (are you missing a using directive or an assembly reference?)
C:\gh\azure-sdk-for-net\artifacts\obj\Microsoft.Azure.Management.DataShare.Tests\Debug\netcoreapp2.0\.NETCoreApp,Version=v2.0.AssemblyAttributes.cs(2,7): error CS0246: The type or namespace name 'System' could not be found (are you missing a using directive or an assembly reference?)
C:\gh\azure-sdk-for-net\artifacts\obj\Microsoft.Azure.Management.DataShare.Tests\Debug\netcoreapp2.0\.NETCoreApp,Version=v2.0.AssemblyAttributes.cs(3,7): error CS0246: The type or namespace name 'System' could not be found (are you missing a using directive or an assembly reference?)
C:\gh\azure-sdk-for-net\artifacts\obj\Microsoft.Azure.Management.DataShare.Tests\Debug\netcoreapp2.0\Microsoft.Azure.Management.DataShare.Tests.AssemblyInfo.cs(11,7): error CS0246: The type or namespace name 'System' could not be found (are you missing a using directive or an assembly reference?)
C:\gh\azure-sdk-for-net\artifacts\obj\Microsoft.Azure.Management.DataShare.Tests\Debug\netcoreapp2.0\Microsoft.Azure.Management.DataShare.Tests.AssemblyInfo.cs(12,7): error CS0246: The type or namespace name 'System' could not be found (are you missing a using directive or an assembly reference?)
C:\gh\azure-sdk-for-net\sdk\datashare\Microsoft.Azure.Management.DataShare\tests\ScenarioTests\AccountScenarioTests.cs(3,11): error CS0246: The type or namespace name 'System' could not be found (are you missing a using directive or an assembly reference?)
C:\gh\azure-sdk-for-net\sdk\datashare\Microsoft.Azure.Management.DataShare\tests\ScenarioTests\AccountScenarioTests.cs(4,11): error CS0246: The type or namespace name 'System' could not be found (are you missing a using directive or an assembly reference?)
C:\gh\azure-sdk-for-net\sdk\datashare\Microsoft.Azure.Management.DataShare\tests\ScenarioTests\AccountScenarioTests.cs(5,11): error CS0246: The type or namespace name 'System' could not be found (are you missing a using directive or an assembly reference?)
C:\gh\azure-sdk-for-net\sdk\datashare\Microsoft.Azure.Management.DataShare\tests\ScenarioTests\AccountScenarioTests.cs(8,21): error CS0234: The type or namespace name 'Rest' does not exist in the namespace 'Microsoft' (are you missing an assembly reference?)
C:\gh\azure-sdk-for-net\sdk\datashare\Microsoft.Azure.Management.DataShare\tests\ScenarioTests\AccountScenarioTests.cs(9,11): error CS0246: The type or namespace name 'Xunit' could not be found (are you missing a using directive or an assembly reference?)
C:\gh\azure-sdk-for-net\sdk\datashare\Microsoft.Azure.Management.DataShare\tests\ScenarioTests\DataSetMappingScenarioTests.cs(3,11): error CS0246: The type or namespace name 'System' could not be found (are you missing a using directive or an assembly reference?)
C:\gh\azure-sdk-for-net\sdk\datashare\Microsoft.Azure.Management.DataShare\tests\ScenarioTests\DataSetMappingScenarioTests.cs(4,11): error CS0246: The type or namespace name 'System' could not be found (are you missing a using directive or an assembly reference?)
C:\gh\azure-sdk-for-net\sdk\datashare\Microsoft.Azure.Management.DataShare\tests\ScenarioTests\DataSetMappingScenarioTests.cs(5,11): error CS0246: The type or namespace name 'System' could not be found (are you missing a using directive or an assembly reference?)
C:\gh\azure-sdk-for-net\sdk\datashare\Microsoft.Azure.Management.DataShare\tests\ScenarioTests\DataSetMappingScenarioTests.cs(8,21): error CS0234: The type or namespace name 'Rest' does not exist in the namespace 'Microsoft' (are you missing an assembly reference?)
C:\gh\azure-sdk-for-net\sdk\datashare\Microsoft.Azure.Management.DataShare\tests\ScenarioTests\DataSetMappingScenarioTests.cs(9,21): error CS0234: The type or namespace name 'Rest' does not exist in the namespace 'Microsoft' (are you missing an assembly reference?)
C:\gh\azure-sdk-for-net\sdk\datashare\Microsoft.Azure.Management.DataShare\tests\ScenarioTests\DataSetMappingScenarioTests.cs(10,11): error CS0246: The type or namespace name 'Xunit' could not be found (are you missing a using directive or an assembly reference?)
C:\gh\azure-sdk-for-net\sdk\datashare\Microsoft.Azure.Management.DataShare\tests\ScenarioTests\DataSetScenarioTests.cs(3,11): error CS0246: The type or namespace name 'System' could not be found (are you missing a using directive or an assembly reference?)
C:\gh\azure-sdk-for-net\sdk\datashare\Microsoft.Azure.Management.DataShare\tests\ScenarioTests\DataSetScenarioTests.cs(4,11): error CS0246: The type or namespace name 'System' could not be found (are you missing a using directive or an assembly reference?)
C:\gh\azure-sdk-for-net\sdk\datashare\Microsoft.Azure.Management.DataShare\tests\ScenarioTests\DataSetScenarioTests.cs(5,11): error CS0246: The type or namespace name 'System' could not be found (are you missing a using directive or an assembly reference?)
C:\gh\azure-sdk-for-net\sdk\datashare\Microsoft.Azure.Management.DataShare\tests\ScenarioTests\DataSetScenarioTests.cs(8,21): error CS0234: The type or namespace name 'Rest' does not exist in the namespace 'Microsoft' (are you missing an assembly reference?)
C:\gh\azure-sdk-for-net\sdk\datashare\Microsoft.Azure.Management.DataShare\tests\ScenarioTests\DataSetScenarioTests.cs(9,21): error CS0234: The type or namespace name 'Rest' does not exist in the namespace 'Microsoft' (are you missing an assembly reference?)
C:\gh\azure-sdk-for-net\sdk\datashare\Microsoft.Azure.Management.DataShare\tests\ScenarioTests\DataSetScenarioTests.cs(10,11): error CS0246: The type or namespace name 'Xunit' could not be found (are you missing a using directive or an assembly reference?)
C:\gh\azure-sdk-for-net\sdk\datashare\Microsoft.Azure.Management.DataShare\tests\ScenarioTests\DataShareE2EScenarioTests.cs(3,11): error CS0246: The type or namespace name 'System' could not be found (are you missing a using directive or an assembly reference?)
C:\gh\azure-sdk-for-net\sdk\datashare\Microsoft.Azure.Management.DataShare\tests\ScenarioTests\DataShareE2EScenarioTests.cs(4,11): error CS0246: The type or namespace name 'System' could not be found (are you missing a using directive or an assembly reference?)
C:\gh\azure-sdk-for-net\sdk\datashare\Microsoft.Azure.Management.DataShare\tests\ScenarioTests\DataShareE2EScenarioTests.cs(8,11): error CS0246: The type or namespace name 'Xunit' could not be found (are you missing a using directive or an assembly reference?)
C:\gh\azure-sdk-for-net\sdk\datashare\Microsoft.Azure.Management.DataShare\tests\Utils\TraitName.cs(7,25): error CS0518: Predefined type 'System.Object' is not defined or imported
C:\gh\azure-sdk-for-net\sdk\datashare\Microsoft.Azure.Management.DataShare\tests\Utils\TestType.cs(7,25): error CS0518: Predefined type 'System.Object' is not defined or imported
C:\gh\azure-sdk-for-net\sdk\datashare\Microsoft.Azure.Management.DataShare\tests\Utils\TestType.cs(10,36): error CS0518: Predefined type 'System.String' is not defined or imported
C:\gh\azure-sdk-for-net\sdk\datashare\Microsoft.Azure.Management.DataShare\tests\Utils\TraitName.cs(10,40): error CS0518: Predefined type 'System.String' is not defined or imported
C:\gh\azure-sdk-for-net\sdk\datashare\Microsoft.Azure.Management.DataShare\tests\ScenarioTests\InvitationScenarioTests.cs(3,11): error CS0246: The type or namespace name 'System' could not be found (are you missing a using directive or an assembly reference?)
C:\gh\azure-sdk-for-net\sdk\datashare\Microsoft.Azure.Management.DataShare\tests\ScenarioTests\InvitationScenarioTests.cs(4,11): error CS0246: The type or namespace name 'System' could not be found (are you missing a using directive or an assembly reference?)
C:\gh\azure-sdk-for-net\sdk\datashare\Microsoft.Azure.Management.DataShare\tests\ScenarioTests\InvitationScenarioTests.cs(5,11): error CS0246: The type or namespace name 'System' could not be found (are you missing a using directive or an assembly reference?)
C:\gh\azure-sdk-for-net\sdk\datashare\Microsoft.Azure.Management.DataShare\tests\ScenarioTests\InvitationScenarioTests.cs(8,21): error CS0234: The type or namespace name 'Rest' does not exist in the namespace 'Microsoft' (are you missing an assembly reference?)
C:\gh\azure-sdk-for-net\sdk\datashare\Microsoft.Azure.Management.DataShare\tests\ScenarioTests\InvitationScenarioTests.cs(9,21): error CS0234: The type or namespace name 'Rest' does not exist in the namespace 'Microsoft' (are you missing an assembly reference?)
C:\gh\azure-sdk-for-net\sdk\datashare\Microsoft.Azure.Management.DataShare\tests\ScenarioTests\InvitationScenarioTests.cs(10,11): error CS0246: The type or namespace name 'Xunit' could not be found (are you missing a using directive or an assembly reference?)
C:\gh\azure-sdk-for-net\sdk\datashare\Microsoft.Azure.Management.DataShare\tests\ScenarioTests\ScenarioTestBase.cs(3,11): error CS0246: The type or namespace name 'System' could not be found (are you missing a using directive or an assembly reference?)
C:\gh\azure-sdk-for-net\sdk\datashare\Microsoft.Azure.Management.DataShare\tests\ScenarioTests\ScenarioTestBase.cs(4,11): error CS0246: The type or namespace name 'System' could not be found (are you missing a using directive or an assembly reference?)
C:\gh\azure-sdk-for-net\sdk\datashare\Microsoft.Azure.Management.DataShare\tests\ScenarioTests\ScenarioTestBase.cs(5,11): error CS0246: The type or namespace name 'System' could not be found (are you missing a using directive or an assembly reference?)
C:\gh\azure-sdk-for-net\sdk\datashare\Microsoft.Azure.Management.DataShare\tests\ScenarioTests\ScenarioTestBase.cs(7,38): error CS0234: The type or namespace name 'ResourceManager' does not exist in the namespace 'Microsoft.Azure.Management' (are you missing an assembly reference?)
C:\gh\azure-sdk-for-net\sdk\datashare\Microsoft.Azure.Management.DataShare\tests\ScenarioTests\ScenarioTestBase.cs(8,38): error CS0234: The type or namespace name 'ResourceManager' does not exist in the namespace 'Microsoft.Azure.Management' (are you missing an assembly reference?)
C:\gh\azure-sdk-for-net\sdk\datashare\Microsoft.Azure.Management.DataShare\tests\ScenarioTests\ScenarioTestBase.cs(9,27): error CS0234: The type or namespace name 'Test' does not exist in the namespace 'Microsoft.Azure' (are you missing an assembly reference?)
C:\gh\azure-sdk-for-net\sdk\datashare\Microsoft.Azure.Management.DataShare\tests\ScenarioTests\ScenarioTestBase.cs(10,21): error CS0234: The type or namespace name 'Rest' does not exist in the namespace 'Microsoft' (are you missing an assembly reference?)
C:\gh\azure-sdk-for-net\sdk\datashare\Microsoft.Azure.Management.DataShare\tests\ScenarioTests\ShareScenarioTests.cs(3,11): error CS0246: The type or namespace name 'System' could not be found (are you missing a using directive or an assembly reference?)
C:\gh\azure-sdk-for-net\sdk\datashare\Microsoft.Azure.Management.DataShare\tests\ScenarioTests\ShareScenarioTests.cs(4,11): error CS0246: The type or namespace name 'System' could not be found (are you missing a using directive or an assembly reference?)
C:\gh\azure-sdk-for-net\sdk\datashare\Microsoft.Azure.Management.DataShare\tests\ScenarioTests\ShareScenarioTests.cs(5,11): error CS0246: The type or namespace name 'System' could not be found (are you missing a using directive or an assembly reference?)
C:\gh\azure-sdk-for-net\sdk\datashare\Microsoft.Azure.Management.DataShare\tests\ScenarioTests\ShareScenarioTests.cs(8,21): error CS0234: The type or namespace name 'Rest' does not exist in the namespace 'Microsoft' (are you missing an assembly reference?)
C:\gh\azure-sdk-for-net\sdk\datashare\Microsoft.Azure.Management.DataShare\tests\ScenarioTests\ShareScenarioTests.cs(9,21): error CS0234: The type or namespace name 'Rest' does not exist in the namespace 'Microsoft' (are you missing an assembly reference?)
C:\gh\azure-sdk-for-net\sdk\datashare\Microsoft.Azure.Management.DataShare\tests\ScenarioTests\ShareScenarioTests.cs(10,11): error CS0246: The type or namespace name 'Xunit' could not be found (are you missing a using directive or an assembly reference?)
C:\gh\azure-sdk-for-net\sdk\datashare\Microsoft.Azure.Management.DataShare\tests\ScenarioTests\ShareSubscriptionScenarioTests.cs(3,11): error CS0246: The type or namespace name 'System' could not be found (are you missing a using directive or an assembly reference?)
C:\gh\azure-sdk-for-net\sdk\datashare\Microsoft.Azure.Management.DataShare\tests\ScenarioTests\ShareSubscriptionScenarioTests.cs(4,11): error CS0246: The type or namespace name 'System' could not be found (are you missing a using directive or an assembly reference?)
C:\gh\azure-sdk-for-net\sdk\datashare\Microsoft.Azure.Management.DataShare\tests\ScenarioTests\ShareSubscriptionScenarioTests.cs(5,11): error CS0246: The type or namespace name 'System' could not be found (are you missing a using directive or an assembly reference?)
C:\gh\azure-sdk-for-net\sdk\datashare\Microsoft.Azure.Management.DataShare\tests\ScenarioTests\ShareSubscriptionScenarioTests.cs(8,21): error CS0234: The type or namespace name 'Rest' does not exist in the namespace 'Microsoft' (are you missing an assembly reference?)
C:\gh\azure-sdk-for-net\sdk\datashare\Microsoft.Azure.Management.DataShare\tests\ScenarioTests\ShareSubscriptionScenarioTests.cs(9,21): error CS0234: The type or namespace name 'Rest' does not exist in the namespace 'Microsoft' (are you missing an assembly reference?)
C:\gh\azure-sdk-for-net\sdk\datashare\Microsoft.Azure.Management.DataShare\tests\ScenarioTests\ShareSubscriptionScenarioTests.cs(10,11): error CS0246: The type or namespace name 'Xunit' could not be found (are you missing a using directive or an assembly reference?)
C:\gh\azure-sdk-for-net\sdk\datashare\Microsoft.Azure.Management.DataShare\tests\ScenarioTests\SynchronizationSettingScenarioTests.cs(3,11): error CS0246: The type or namespace name 'System' could not be found (are you missing a using directive or an assembly reference?)
C:\gh\azure-sdk-for-net\sdk\datashare\Microsoft.Azure.Management.DataShare\tests\ScenarioTests\SynchronizationSettingScenarioTests.cs(4,11): error CS0246: The type or namespace name 'System' could not be found (are you missing a using directive or an assembly reference?)
C:\gh\azure-sdk-for-net\sdk\datashare\Microsoft.Azure.Management.DataShare\tests\ScenarioTests\SynchronizationSettingScenarioTests.cs(5,11): error CS0246: The type or namespace name 'System' could not be found (are you missing a using directive or an assembly reference?)
C:\gh\azure-sdk-for-net\sdk\datashare\Microsoft.Azure.Management.DataShare\tests\ScenarioTests\SynchronizationSettingScenarioTests.cs(8,21): error CS0234: The type or namespace name 'Rest' does not exist in the namespace 'Microsoft' (are you missing an assembly reference?)
C:\gh\azure-sdk-for-net\sdk\datashare\Microsoft.Azure.Management.DataShare\tests\ScenarioTests\SynchronizationSettingScenarioTests.cs(9,21): error CS0234: The type or namespace name 'Rest' does not exist in the namespace 'Microsoft' (are you missing an assembly reference?)
C:\gh\azure-sdk-for-net\sdk\datashare\Microsoft.Azure.Management.DataShare\tests\ScenarioTests\SynchronizationSettingScenarioTests.cs(10,11): error CS0246: The type or namespace name 'Xunit' could not be found (are you missing a using directive or an assembly reference?)
C:\gh\azure-sdk-for-net\sdk\datashare\Microsoft.Azure.Management.DataShare\tests\ScenarioTests\TriggerScenarioTests.cs(3,11): error CS0246: The type or namespace name 'System' could not be found (are you missing a using directive or an assembly reference?)
C:\gh\azure-sdk-for-net\sdk\datashare\Microsoft.Azure.Management.DataShare\tests\ScenarioTests\TriggerScenarioTests.cs(4,11): error CS0246: The type or namespace name 'System' could not be found (are you missing a using directive or an assembly reference?)
C:\gh\azure-sdk-for-net\sdk\datashare\Microsoft.Azure.Management.DataShare\tests\ScenarioTests\TriggerScenarioTests.cs(5,11): error CS0246: The type or namespace name 'System' could not be found (are you missing a using directive or an assembly reference?)
C:\gh\azure-sdk-for-net\sdk\datashare\Microsoft.Azure.Management.DataShare\tests\ScenarioTests\TriggerScenarioTests.cs(8,21): error CS0234: The type or namespace name 'Rest' does not exist in the namespace 'Microsoft' (are you missing an assembly reference?)
C:\gh\azure-sdk-for-net\sdk\datashare\Microsoft.Azure.Management.DataShare\tests\ScenarioTests\TriggerScenarioTests.cs(9,21): error CS0234: The type or namespace name 'Rest' does not exist in the namespace 'Microsoft' (are you missing an assembly reference?)
C:\gh\azure-sdk-for-net\sdk\datashare\Microsoft.Azure.Management.DataShare\tests\ScenarioTests\TriggerScenarioTests.cs(10,11): error CS0246: The type or namespace name 'Xunit' could not be found (are you missing a using directive or an assembly reference?)
C:\gh\azure-sdk-for-net\sdk\datashare\Microsoft.Azure.Management.DataShare\tests\ScenarioTests\ScenarioTestBase.cs(19,51): error CS0518: Predefined type 'System.Void' is not defined or imported
C:\gh\azure-sdk-for-net\sdk\datashare\Microsoft.Azure.Management.DataShare\tests\ScenarioTests\ScenarioTestBase.cs(20,45): error CS0518: Predefined type 'System.Void' is not defined or imported
C:\gh\azure-sdk-for-net\sdk\datashare\Microsoft.Azure.Management.DataShare\tests\ScenarioTests\ScenarioTestBase.cs(21,59): error CS0518: Predefined type 'System.Void' is not defined or imported
C:\gh\azure-sdk-for-net\sdk\datashare\Microsoft.Azure.Management.DataShare\tests\ScenarioTests\ScenarioTestBase.cs(19,19): error CS0518: Predefined type 'System.String' is not defined or imported
C:\gh\azure-sdk-for-net\sdk\datashare\Microsoft.Azure.Management.DataShare\tests\ScenarioTests\ScenarioTestBase.cs(20,19): error CS0518: Predefined type 'System.String' is not defined or imported
C:\gh\azure-sdk-for-net\sdk\datashare\Microsoft.Azure.Management.DataShare\tests\ScenarioTests\ScenarioTestBase.cs(21,19): error CS0518: Predefined type 'System.Object' is not defined or imported
C:\gh\azure-sdk-for-net\sdk\datashare\Microsoft.Azure.Management.DataShare\tests\ScenarioTests\ScenarioTestBase.cs(17,38): error CS0518: Predefined type 'System.Type' is not defined or imported
C:\gh\azure-sdk-for-net\sdk\datashare\Microsoft.Azure.Management.DataShare\tests\ScenarioTests\AccountScenarioTests.cs(13,46): error CS0518: Predefined type 'System.Object' is not defined or imported
C:\gh\azure-sdk-for-net\sdk\datashare\Microsoft.Azure.Management.DataShare\tests\ScenarioTests\AccountScenarioTests.cs(13,58): error CS0518: Predefined type 'System.Object' is not defined or imported
C:\gh\azure-sdk-for-net\sdk\datashare\Microsoft.Azure.Management.DataShare\tests\ScenarioTests\AccountScenarioTests.cs(13,58): error CS0518: Predefined type 'System.Void' is not defined or imported
C:\gh\azure-sdk-for-net\sdk\datashare\Microsoft.Azure.Management.DataShare\tests\ScenarioTests\AccountScenarioTests.cs(13,97): error CS0518: Predefined type 'System.Object' is not defined or imported
C:\gh\azure-sdk-for-net\sdk\datashare\Microsoft.Azure.Management.DataShare\tests\ScenarioTests\AccountScenarioTests.cs(13,80): error CS0518: Predefined type 'System.Object' is not defined or imported
C:\gh\azure-sdk-for-net\sdk\datashare\Microsoft.Azure.Management.DataShare\tests\ScenarioTests\AccountScenarioTests.cs(13,46): error CS0518: Predefined type 'System.Void' is not defined or imported
C:\gh\azure-sdk-for-net\sdk\datashare\Microsoft.Azure.Management.DataShare\tests\ScenarioTests\ShareSubscriptionScenarioTests.cs(24,25): error CS0518: Predefined type 'System.Object' is not defined or imported
C:\gh\azure-sdk-for-net\sdk\datashare\Microsoft.Azure.Management.DataShare\tests\ScenarioTests\ShareSubscriptionScenarioTests.cs(24,25): error CS0518: Predefined type 'System.Void' is not defined or imported
C:\gh\azure-sdk-for-net\sdk\datashare\Microsoft.Azure.Management.DataShare\tests\ScenarioTests\ShareSubscriptionScenarioTests.cs(20,13): error CS0518: Predefined type 'System.String' is not defined or imported
C:\gh\azure-sdk-for-net\sdk\datashare\Microsoft.Azure.Management.DataShare\tests\ScenarioTests\ShareScenarioTests.cs(21,13): error CS0518: Predefined type 'System.Object' is not defined or imported
C:\gh\azure-sdk-for-net\sdk\datashare\Microsoft.Azure.Management.DataShare\tests\ScenarioTests\ShareScenarioTests.cs(21,13): error CS0246: The type or namespace name 'AzureOperationResponse<>' could not be found (are you missing a using directive or an assembly reference?)
C:\gh\azure-sdk-for-net\sdk\datashare\Microsoft.Azure.Management.DataShare\tests\ScenarioTests\ShareScenarioTests.cs(21,36): error CS0518: Predefined type 'System.Object' is not defined or imported
C:\gh\azure-sdk-for-net\sdk\datashare\Microsoft.Azure.Management.DataShare\tests\ScenarioTests\ShareScenarioTests.cs(22,23): error CS0246: The type or namespace name 'Task<>' could not be found (are you missing a using directive or an assembly reference?)
C:\gh\azure-sdk-for-net\sdk\datashare\Microsoft.Azure.Management.DataShare\tests\ScenarioTests\ShareScenarioTests.cs(27,13): error CS0518: Predefined type 'System.Object' is not defined or imported
C:\gh\azure-sdk-for-net\sdk\datashare\Microsoft.Azure.Management.DataShare\tests\ScenarioTests\ShareScenarioTests.cs(27,32): error CS0518: Predefined type 'System.Object' is not defined or imported
C:\gh\azure-sdk-for-net\sdk\datashare\Microsoft.Azure.Management.DataShare\tests\ScenarioTests\ShareScenarioTests.cs(28,13): error CS0518: Predefined type 'System.Object' is not defined or imported
C:\gh\azure-sdk-for-net\sdk\datashare\Microsoft.Azure.Management.DataShare\tests\ScenarioTests\ShareScenarioTests.cs(28,13): error CS0103: The name 'Assert' does not exist in the current context
C:\gh\azure-sdk-for-net\sdk\datashare\Microsoft.Azure.Management.DataShare\tests\ScenarioTests\ShareScenarioTests.cs(28,26): error CS0518: Predefined type 'System.Object' is not defined or imported
C:\gh\azure-sdk-for-net\sdk\datashare\Microsoft.Azure.Management.DataShare\tests\ScenarioTests\ShareScenarioTests.cs(28,26): error CS0103: The name 'HttpStatusCode' does not exist in the current context
C:\gh\azure-sdk-for-net\sdk\datashare\Microsoft.Azure.Management.DataShare\tests\ScenarioTests\ShareScenarioTests.cs(14,36): error CS0161: 'ShareScenarioTests.CreateAsync(DataShareManagementClient, string, string, string, Share)': not all code paths return a value
C:\gh\azure-sdk-for-net\sdk\datashare\Microsoft.Azure.Management.DataShare\tests\ScenarioTests\DataSetMappingScenarioTests.cs(23,23): error CS0246: The type or namespace name 'Task<>' could not be found (are you missing a using directive or an assembly reference?)
C:\gh\azure-sdk-for-net\sdk\datashare\Microsoft.Azure.Management.DataShare\tests\ScenarioTests\DataSetMappingScenarioTests.cs(29,13): error CS0518: Predefined type 'System.Object' is not defined or imported
C:\gh\azure-sdk-for-net\sdk\datashare\Microsoft.Azure.Management.DataShare\tests\ScenarioTests\DataSetMappingScenarioTests.cs(29,41): error CS0518: Predefined type 'System.Object' is not defined or imported
C:\gh\azure-sdk-for-net\sdk\datashare\Microsoft.Azure.Management.DataShare\tests\ScenarioTests\DataSetMappingScenarioTests.cs(32,13): error CS0518: Predefined type 'System.Object' is not defined or imported
C:\gh\azure-sdk-for-net\sdk\datashare\Microsoft.Azure.Management.DataShare\tests\ScenarioTests\DataSetMappingScenarioTests.cs(32,13): error CS0103: The name 'Assert' does not exist in the current context
C:\gh\azure-sdk-for-net\sdk\datashare\Microsoft.Azure.Management.DataShare\tests\ScenarioTests\DataSetMappingScenarioTests.cs(32,26): error CS0518: Predefined type 'System.Object' is not defined or imported
C:\gh\azure-sdk-for-net\sdk\datashare\Microsoft.Azure.Management.DataShare\tests\ScenarioTests\DataSetMappingScenarioTests.cs(32,26): error CS0103: The name 'HttpStatusCode' does not exist in the current context
C:\gh\azure-sdk-for-net\sdk\datashare\Microsoft.Azure.Management.DataShare\tests\ScenarioTests\DataSetMappingScenarioTests.cs(14,36): error CS0161: 'DataSetMappingScenarioTests.CreateAsync(DataShareManagementClient, string, string, string, string, DataSetMapping)': not all code paths return a value
C:\gh\azure-sdk-for-net\sdk\datashare\Microsoft.Azure.Management.DataShare\tests\ScenarioTests\TriggerScenarioTests.cs(22,13): error CS0518: Predefined type 'System.Object' is not defined or imported
C:\gh\azure-sdk-for-net\sdk\datashare\Microsoft.Azure.Management.DataShare\tests\ScenarioTests\TriggerScenarioTests.cs(22,13): error CS0246: The type or namespace name 'AzureOperationResponse<>' could not be found (are you missing a using directive or an assembly reference?)
C:\gh\azure-sdk-for-net\sdk\datashare\Microsoft.Azure.Management.DataShare\tests\ScenarioTests\TriggerScenarioTests.cs(22,36): error CS0518: Predefined type 'System.Object' is not defined or imported
C:\gh\azure-sdk-for-net\sdk\datashare\Microsoft.Azure.Management.DataShare\tests\ScenarioTests\TriggerScenarioTests.cs(23,23): error CS0246: The type or namespace name 'Task<>' could not be found (are you missing a using directive or an assembly reference?)
C:\gh\azure-sdk-for-net\sdk\datashare\Microsoft.Azure.Management.DataShare\tests\ScenarioTests\TriggerScenarioTests.cs(29,13): error CS0518: Predefined type 'System.Object' is not defined or imported
C:\gh\azure-sdk-for-net\sdk\datashare\Microsoft.Azure.Management.DataShare\tests\ScenarioTests\TriggerScenarioTests.cs(29,34): error CS0518: Predefined type 'System.Object' is not defined or imported
C:\gh\azure-sdk-for-net\sdk\datashare\Microsoft.Azure.Management.DataShare\tests\ScenarioTests\TriggerScenarioTests.cs(32,13): error CS0518: Predefined type 'System.Object' is not defined or imported
C:\gh\azure-sdk-for-net\sdk\datashare\Microsoft.Azure.Management.DataShare\tests\ScenarioTests\TriggerScenarioTests.cs(32,13): error CS0103: The name 'Assert' does not exist in the current context
C:\gh\azure-sdk-for-net\sdk\datashare\Microsoft.Azure.Management.DataShare\tests\ScenarioTests\TriggerScenarioTests.cs(32,26): error CS0518: Predefined type 'System.Object' is not defined or imported
C:\gh\azure-sdk-for-net\sdk\datashare\Microsoft.Azure.Management.DataShare\tests\ScenarioTests\TriggerScenarioTests.cs(32,26): error CS0103: The name 'HttpStatusCode' does not exist in the current context
C:\gh\azure-sdk-for-net\sdk\datashare\Microsoft.Azure.Management.DataShare\tests\ScenarioTests\TriggerScenarioTests.cs(14,36): error CS0161: 'TriggerScenarioTests.CreateAsync(DataShareManagementClient, string, string, string, string, Trigger)': not all code paths return a value
C:\gh\azure-sdk-for-net\sdk\datashare\Microsoft.Azure.Management.DataShare\tests\ScenarioTests\InvitationScenarioTests.cs(22,13): error CS0518: Predefined type 'System.Object' is not defined or imported
C:\gh\azure-sdk-for-net\sdk\datashare\Microsoft.Azure.Management.DataShare\tests\ScenarioTests\InvitationScenarioTests.cs(22,13): error CS0246: The type or namespace name 'AzureOperationResponse<>' could not be found (are you missing a using directive or an assembly reference?)
C:\gh\azure-sdk-for-net\sdk\datashare\Microsoft.Azure.Management.DataShare\tests\ScenarioTests\InvitationScenarioTests.cs(22,36): error CS0518: Predefined type 'System.Object' is not defined or imported
C:\gh\azure-sdk-for-net\sdk\datashare\Microsoft.Azure.Management.DataShare\tests\ScenarioTests\InvitationScenarioTests.cs(23,23): error CS0246: The type or namespace name 'Task<>' could not be found (are you missing a using directive or an assembly reference?)
C:\gh\azure-sdk-for-net\sdk\datashare\Microsoft.Azure.Management.DataShare\tests\ScenarioTests\InvitationScenarioTests.cs(29,13): error CS0518: Predefined type 'System.Object' is not defined or imported
C:\gh\azure-sdk-for-net\sdk\datashare\Microsoft.Azure.Management.DataShare\tests\ScenarioTests\InvitationScenarioTests.cs(29,37): error CS0518: Predefined type 'System.Object' is not defined or imported
C:\gh\azure-sdk-for-net\sdk\datashare\Microsoft.Azure.Management.DataShare\tests\ScenarioTests\InvitationScenarioTests.cs(30,13): error CS0518: Predefined type 'System.Object' is not defined or imported
C:\gh\azure-sdk-for-net\sdk\datashare\Microsoft.Azure.Management.DataShare\tests\ScenarioTests\InvitationScenarioTests.cs(30,13): error CS0103: The name 'Assert' does not exist in the current context
C:\gh\azure-sdk-for-net\sdk\datashare\Microsoft.Azure.Management.DataShare\tests\ScenarioTests\InvitationScenarioTests.cs(30,26): error CS0518: Predefined type 'System.Object' is not defined or imported
C:\gh\azure-sdk-for-net\sdk\datashare\Microsoft.Azure.Management.DataShare\tests\ScenarioTests\InvitationScenarioTests.cs(30,26): error CS0103: The name 'HttpStatusCode' does not exist in the current context
C:\gh\azure-sdk-for-net\sdk\datashare\Microsoft.Azure.Management.DataShare\tests\ScenarioTests\ShareSubscriptionScenarioTests.cs(34,13): error CS0518: Predefined type 'System.Object' is not defined or imported
C:\gh\azure-sdk-for-net\sdk\datashare\Microsoft.Azure.Management.DataShare\tests\ScenarioTests\ShareSubscriptionScenarioTests.cs(34,13): error CS0246: The type or namespace name 'AzureOperationResponse<>' could not be found (are you missing a using directive or an assembly reference?)
C:\gh\azure-sdk-for-net\sdk\datashare\Microsoft.Azure.Management.DataShare\tests\ScenarioTests\ShareSubscriptionScenarioTests.cs(34,36): error CS0518: Predefined type 'System.Object' is not defined or imported
C:\gh\azure-sdk-for-net\sdk\datashare\Microsoft.Azure.Management.DataShare\tests\ScenarioTests\ShareSubscriptionScenarioTests.cs(35,23): error CS0246: The type or namespace name 'Task<>' could not be found (are you missing a using directive or an assembly reference?)
C:\gh\azure-sdk-for-net\sdk\datashare\Microsoft.Azure.Management.DataShare\tests\ScenarioTests\ShareSubscriptionScenarioTests.cs(40,13): error CS0518: Predefined type 'System.Object' is not defined or imported
C:\gh\azure-sdk-for-net\sdk\datashare\Microsoft.Azure.Management.DataShare\tests\ScenarioTests\ShareSubscriptionScenarioTests.cs(40,44): error CS0518: Predefined type 'System.Object' is not defined or imported
C:\gh\azure-sdk-for-net\sdk\datashare\Microsoft.Azure.Management.DataShare\tests\ScenarioTests\ShareSubscriptionScenarioTests.cs(41,13): error CS0518: Predefined type 'System.Object' is not defined or imported
C:\gh\azure-sdk-for-net\sdk\datashare\Microsoft.Azure.Management.DataShare\tests\ScenarioTests\ShareSubscriptionScenarioTests.cs(41,13): error CS0103: The name 'Assert' does not exist in the current context
C:\gh\azure-sdk-for-net\sdk\datashare\Microsoft.Azure.Management.DataShare\tests\ScenarioTests\ShareSubscriptionScenarioTests.cs(41,26): error CS0518: Predefined type 'System.Object' is not defined or imported
C:\gh\azure-sdk-for-net\sdk\datashare\Microsoft.Azure.Management.DataShare\tests\ScenarioTests\ShareSubscriptionScenarioTests.cs(41,26): error CS0103: The name 'HttpStatusCode' does not exist in the current context
C:\gh\azure-sdk-for-net\sdk\datashare\Microsoft.Azure.Management.DataShare\tests\ScenarioTests\ShareSubscriptionScenarioTests.cs(27,36): error CS0161: 'ShareSubscriptionScenarioTests.CreateAsync(DataShareManagementClient, string, string, string, ShareSubscription)': not all code paths return a value
C:\gh\azure-sdk-for-net\sdk\datashare\Microsoft.Azure.Management.DataShare\tests\ScenarioTests\DataSetScenarioTests.cs(22,13): error CS0518: Predefined type 'System.Object' is not defined or imported
C:\gh\azure-sdk-for-net\sdk\datashare\Microsoft.Azure.Management.DataShare\tests\ScenarioTests\DataSetScenarioTests.cs(22,13): error CS0246: The type or namespace name 'AzureOperationResponse<>' could not be found (are you missing a using directive or an assembly reference?)
C:\gh\azure-sdk-for-net\sdk\datashare\Microsoft.Azure.Management.DataShare\tests\ScenarioTests\DataSetScenarioTests.cs(22,36): error CS0518: Predefined type 'System.Object' is not defined or imported
C:\gh\azure-sdk-for-net\sdk\datashare\Microsoft.Azure.Management.DataShare\tests\ScenarioTests\DataSetScenarioTests.cs(23,23): error CS0246: The type or namespace name 'Task<>' could not be found (are you missing a using directive or an assembly reference?)
C:\gh\azure-sdk-for-net\sdk\datashare\Microsoft.Azure.Management.DataShare\tests\ScenarioTests\DataSetScenarioTests.cs(29,13): error CS0518: Predefined type 'System.Object' is not defined or imported
C:\gh\azure-sdk-for-net\sdk\datashare\Microsoft.Azure.Management.DataShare\tests\ScenarioTests\DataSetScenarioTests.cs(29,34): error CS0518: Predefined type 'System.Object' is not defined or imported
C:\gh\azure-sdk-for-net\sdk\datashare\Microsoft.Azure.Management.DataShare\tests\ScenarioTests\DataSetScenarioTests.cs(32,13): error CS0518: Predefined type 'System.Object' is not defined or imported
C:\gh\azure-sdk-for-net\sdk\datashare\Microsoft.Azure.Management.DataShare\tests\ScenarioTests\DataSetScenarioTests.cs(32,13): error CS0103: The name 'Assert' does not exist in the current context
C:\gh\azure-sdk-for-net\sdk\datashare\Microsoft.Azure.Management.DataShare\tests\ScenarioTests\DataSetScenarioTests.cs(32,26): error CS0518: Predefined type 'System.Object' is not defined or imported
C:\gh\azure-sdk-for-net\sdk\datashare\Microsoft.Azure.Management.DataShare\tests\ScenarioTests\DataSetScenarioTests.cs(32,26): error CS0103: The name 'HttpStatusCode' does not exist in the current context
C:\gh\azure-sdk-for-net\sdk\datashare\Microsoft.Azure.Management.DataShare\tests\ScenarioTests\InvitationScenarioTests.cs(37,13): error CS0518: Predefined type 'System.Object' is not defined or imported
C:\gh\azure-sdk-for-net\sdk\datashare\Microsoft.Azure.Management.DataShare\tests\ScenarioTests\InvitationScenarioTests.cs(37,13): error CS0103: The name 'Assert' does not exist in the current context
C:\gh\azure-sdk-for-net\sdk\datashare\Microsoft.Azure.Management.DataShare\tests\ScenarioTests\InvitationScenarioTests.cs(37,67): error CS0518: Predefined type 'System.String' is not defined or imported
C:\gh\azure-sdk-for-net\sdk\datashare\Microsoft.Azure.Management.DataShare\tests\ScenarioTests\DataSetMappingScenarioTests.cs(39,13): error CS0518: Predefined type 'System.Object' is not defined or imported
C:\gh\azure-sdk-for-net\sdk\datashare\Microsoft.Azure.Management.DataShare\tests\ScenarioTests\DataSetMappingScenarioTests.cs(39,13): error CS0103: The name 'Assert' does not exist in the current context
C:\gh\azure-sdk-for-net\sdk\datashare\Microsoft.Azure.Management.DataShare\tests\ScenarioTests\DataSetMappingScenarioTests.cs(39,75): error CS0518: Predefined type 'System.String' is not defined or imported
C:\gh\azure-sdk-for-net\sdk\datashare\Microsoft.Azure.Management.DataShare\tests\ScenarioTests\ShareSubscriptionScenarioTests.cs(48,13): error CS0518: Predefined type 'System.Object' is not defined or imported
C:\gh\azure-sdk-for-net\sdk\datashare\Microsoft.Azure.Management.DataShare\tests\ScenarioTests\ShareSubscriptionScenarioTests.cs(48,13): error CS0103: The name 'Assert' does not exist in the current context
C:\gh\azure-sdk-for-net\sdk\datashare\Microsoft.Azure.Management.DataShare\tests\ScenarioTests\ShareSubscriptionScenarioTests.cs(48,81): error CS0518: Predefined type 'System.String' is not defined or imported
C:\gh\azure-sdk-for-net\sdk\datashare\Microsoft.Azure.Management.DataShare\tests\ScenarioTests\AccountScenarioTests.cs(20,24): error CS0518: Predefined type 'System.Object' is not defined or imported
C:\gh\azure-sdk-for-net\sdk\datashare\Microsoft.Azure.Management.DataShare\tests\ScenarioTests\AccountScenarioTests.cs(20,45): error CS0518: Predefined type 'System.Object' is not defined or imported
C:\gh\azure-sdk-for-net\sdk\datashare\Microsoft.Azure.Management.DataShare\tests\ScenarioTests\AccountScenarioTests.cs(18,24): error CS0161: 'Action(DataShareManagementClient)': not all code paths return a value
C:\gh\azure-sdk-for-net\sdk\datashare\Microsoft.Azure.Management.DataShare\tests\ScenarioTests\AccountScenarioTests.cs(18,31): error CS0518: Predefined type 'System.Object' is not defined or imported
C:\gh\azure-sdk-for-net\sdk\datashare\Microsoft.Azure.Management.DataShare\tests\ScenarioTests\AccountScenarioTests.cs(18,19): error CS0518: Predefined type 'System.Object' is not defined or imported
C:\gh\azure-sdk-for-net\sdk\datashare\Microsoft.Azure.Management.DataShare\tests\ScenarioTests\AccountScenarioTests.cs(18,19): error CS0246: The type or namespace name 'Task' could not be found (are you missing a using directive or an assembly reference?)
C:\gh\azure-sdk-for-net\sdk\datashare\Microsoft.Azure.Management.DataShare\tests\ScenarioTests\AccountScenarioTests.cs(25,23): error CS0518: Predefined type 'System.Object' is not defined or imported
C:\gh\azure-sdk-for-net\sdk\datashare\Microsoft.Azure.Management.DataShare\tests\ScenarioTests\AccountScenarioTests.cs(25,44): error CS0518: Predefined type 'System.Object' is not defined or imported
C:\gh\azure-sdk-for-net\sdk\datashare\Microsoft.Azure.Management.DataShare\tests\ScenarioTests\AccountScenarioTests.cs(23,24): error CS0161: 'FinallyAction(DataShareManagementClient)': not all code paths return a value
C:\gh\azure-sdk-for-net\sdk\datashare\Microsoft.Azure.Management.DataShare\tests\ScenarioTests\AccountScenarioTests.cs(23,38): error CS0518: Predefined type 'System.Object' is not defined or imported
C:\gh\azure-sdk-for-net\sdk\datashare\Microsoft.Azure.Management.DataShare\tests\ScenarioTests\AccountScenarioTests.cs(23,19): error CS0518: Predefined type 'System.Object' is not defined or imported
C:\gh\azure-sdk-for-net\sdk\datashare\Microsoft.Azure.Management.DataShare\tests\ScenarioTests\AccountScenarioTests.cs(23,19): error CS0246: The type or namespace name 'Task' could not be found (are you missing a using directive or an assembly reference?)
C:\gh\azure-sdk-for-net\sdk\datashare\Microsoft.Azure.Management.DataShare\tests\ScenarioTests\AccountScenarioTests.cs(28,24): error CS0518: Predefined type 'System.Object' is not defined or imported
C:\gh\azure-sdk-for-net\sdk\datashare\Microsoft.Azure.Management.DataShare\tests\ScenarioTests\AccountScenarioTests.cs(28,32): error CS1503: Argument 1: cannot convert from 'method group' to 'Func<DataShareManagementClient, Task>'
C:\gh\azure-sdk-for-net\sdk\datashare\Microsoft.Azure.Management.DataShare\tests\ScenarioTests\AccountScenarioTests.cs(28,40): error CS1503: Argument 2: cannot convert from 'method group' to 'Func<DataShareManagementClient, Task>'
C:\gh\azure-sdk-for-net\sdk\datashare\Microsoft.Azure.Management.DataShare\tests\ScenarioTests\AccountScenarioTests.cs(16,27): error CS0161: 'AccountScenarioTests.AccountCrud()': not all code paths return a value
C:\gh\azure-sdk-for-net\sdk\datashare\Microsoft.Azure.Management.DataShare\tests\ScenarioTests\ShareScenarioTests.cs(33,13): error CS0518: Predefined type 'System.Object' is not defined or imported
C:\gh\azure-sdk-for-net\sdk\datashare\Microsoft.Azure.Management.DataShare\tests\ScenarioTests\ShareScenarioTests.cs(33,13): error CS0103: The name 'Assert' does not exist in the current context
C:\gh\azure-sdk-for-net\sdk\datashare\Microsoft.Azure.Management.DataShare\tests\ScenarioTests\ShareScenarioTests.cs(33,57): error CS0518: Predefined type 'System.String' is not defined or imported
C:\gh\azure-sdk-for-net\sdk\datashare\Microsoft.Azure.Management.DataShare\tests\ScenarioTests\ShareScenarioTests.cs(34,13): error CS0518: Predefined type 'System.Object' is not defined or imported
C:\gh\azure-sdk-for-net\sdk\datashare\Microsoft.Azure.Management.DataShare\tests\ScenarioTests\ShareScenarioTests.cs(34,13): error CS0103: The name 'Assert' does not exist in the current context
C:\gh\azure-sdk-for-net\sdk\datashare\Microsoft.Azure.Management.DataShare\tests\ScenarioTests\ShareScenarioTests.cs(34,26): error CS0518: Predefined type 'System.String' is not defined or imported
C:\gh\azure-sdk-for-net\sdk\datashare\Microsoft.Azure.Management.DataShare\tests\ScenarioTests\ShareScenarioTests.cs(34,51): error CS0518: Predefined type 'System.String' is not defined or imported
C:\gh\azure-sdk-for-net\sdk\datashare\Microsoft.Azure.Management.DataShare\tests\ScenarioTests\DataSetScenarioTests.cs(41,13): error CS0518: Predefined type 'System.Object' is not defined or imported
C:\gh\azure-sdk-for-net\sdk\datashare\Microsoft.Azure.Management.DataShare\tests\ScenarioTests\DataSetScenarioTests.cs(41,13): error CS0103: The name 'Assert' does not exist in the current context
C:\gh\azure-sdk-for-net\sdk\datashare\Microsoft.Azure.Management.DataShare\tests\ScenarioTests\DataSetScenarioTests.cs(41,61): error CS0518: Predefined type 'System.String' is not defined or imported
C:\gh\azure-sdk-for-net\sdk\datashare\Microsoft.Azure.Management.DataShare\tests\ScenarioTests\SynchronizationSettingScenarioTests.cs(22,13): error CS0518: Predefined type 'System.Object' is not defined or imported
C:\gh\azure-sdk-for-net\sdk\datashare\Microsoft.Azure.Management.DataShare\tests\ScenarioTests\SynchronizationSettingScenarioTests.cs(22,13): error CS0246: The type or namespace name 'AzureOperationResponse<>' could not be found (are you missing a using directive or an assembly reference?)
C:\gh\azure-sdk-for-net\sdk\datashare\Microsoft.Azure.Management.DataShare\tests\ScenarioTests\SynchronizationSettingScenarioTests.cs(22,36): error CS0518: Predefined type 'System.Object' is not defined or imported
C:\gh\azure-sdk-for-net\sdk\datashare\Microsoft.Azure.Management.DataShare\tests\ScenarioTests\SynchronizationSettingScenarioTests.cs(23,23): error CS0246: The type or namespace name 'Task<>' could not be found (are you missing a using directive or an assembly reference?)
C:\gh\azure-sdk-for-net\sdk\datashare\Microsoft.Azure.Management.DataShare\tests\ScenarioTests\SynchronizationSettingScenarioTests.cs(29,13): error CS0518: Predefined type 'System.Object' is not defined or imported
C:\gh\azure-sdk-for-net\sdk\datashare\Microsoft.Azure.Management.DataShare\tests\ScenarioTests\SynchronizationSettingScenarioTests.cs(29,49): error CS0518: Predefined type 'System.Object' is not defined or imported
C:\gh\azure-sdk-for-net\sdk\datashare\Microsoft.Azure.Management.DataShare\tests\ScenarioTests\SynchronizationSettingScenarioTests.cs(32,13): error CS0518: Predefined type 'System.Object' is not defined or imported
C:\gh\azure-sdk-for-net\sdk\datashare\Microsoft.Azure.Management.DataShare\tests\ScenarioTests\SynchronizationSettingScenarioTests.cs(32,13): error CS0103: The name 'Assert' does not exist in the current context
C:\gh\azure-sdk-for-net\sdk\datashare\Microsoft.Azure.Management.DataShare\tests\ScenarioTests\SynchronizationSettingScenarioTests.cs(32,26): error CS0518: Predefined type 'System.Object' is not defined or imported
C:\gh\azure-sdk-for-net\sdk\datashare\Microsoft.Azure.Management.DataShare\tests\ScenarioTests\SynchronizationSettingScenarioTests.cs(32,26): error CS0103: The name 'HttpStatusCode' does not exist in the current context
C:\gh\azure-sdk-for-net\sdk\datashare\Microsoft.Azure.Management.DataShare\tests\ScenarioTests\SynchronizationSettingScenarioTests.cs(41,13): error CS0518: Predefined type 'System.Object' is not defined or imported
C:\gh\azure-sdk-for-net\sdk\datashare\Microsoft.Azure.Management.DataShare\tests\ScenarioTests\SynchronizationSettingScenarioTests.cs(41,13): error CS0103: The name 'Assert' does not exist in the current context
C:\gh\azure-sdk-for-net\sdk\datashare\Microsoft.Azure.Management.DataShare\tests\ScenarioTests\SynchronizationSettingScenarioTests.cs(41,91): error CS0518: Predefined type 'System.String' is not defined or imported
C:\gh\azure-sdk-for-net\sdk\datashare\Microsoft.Azure.Management.DataShare\tests\ScenarioTests\AccountScenarioTests.cs(37,13): error CS0518: Predefined type 'System.Object' is not defined or imported
C:\gh\azure-sdk-for-net\sdk\datashare\Microsoft.Azure.Management.DataShare\tests\ScenarioTests\AccountScenarioTests.cs(37,13): error CS0246: The type or namespace name 'AzureOperationResponse<>' could not be found (are you missing a using directive or an assembly reference?)
C:\gh\azure-sdk-for-net\sdk\datashare\Microsoft.Azure.Management.DataShare\tests\ScenarioTests\AccountScenarioTests.cs(37,36): error CS0518: Predefined type 'System.Object' is not defined or imported
C:\gh\azure-sdk-for-net\sdk\datashare\Microsoft.Azure.Management.DataShare\tests\ScenarioTests\AccountScenarioTests.cs(38,23): error CS0246: The type or namespace name 'Task<>' could not be found (are you missing a using directive or an assembly reference?)
C:\gh\azure-sdk-for-net\sdk\datashare\Microsoft.Azure.Management.DataShare\tests\ScenarioTests\AccountScenarioTests.cs(39,13): error CS0518: Predefined type 'System.Object' is not defined or imported
C:\gh\azure-sdk-for-net\sdk\datashare\Microsoft.Azure.Management.DataShare\tests\ScenarioTests\AccountScenarioTests.cs(39,34): error CS0518: Predefined type 'System.Object' is not defined or imported
C:\gh\azure-sdk-for-net\sdk\datashare\Microsoft.Azure.Management.DataShare\tests\ScenarioTests\AccountScenarioTests.cs(40,13): error CS0518: Predefined type 'System.Object' is not defined or imported
C:\gh\azure-sdk-for-net\sdk\datashare\Microsoft.Azure.Management.DataShare\tests\ScenarioTests\AccountScenarioTests.cs(40,13): error CS0103: The name 'Assert' does not exist in the current context
C:\gh\azure-sdk-for-net\sdk\datashare\Microsoft.Azure.Management.DataShare\tests\ScenarioTests\AccountScenarioTests.cs(40,26): error CS0518: Predefined type 'System.Object' is not defined or imported
C:\gh\azure-sdk-for-net\sdk\datashare\Microsoft.Azure.Management.DataShare\tests\ScenarioTests\AccountScenarioTests.cs(40,26): error CS0103: The name 'HttpStatusCode' does not exist in the current context
C:\gh\azure-sdk-for-net\sdk\datashare\Microsoft.Azure.Management.DataShare\tests\ScenarioTests\AccountScenarioTests.cs(31,36): error CS0161: 'AccountScenarioTests.CreateAsync(DataShareManagementClient, string, string, Account)': not all code paths return a value
C:\gh\azure-sdk-for-net\sdk\datashare\Microsoft.Azure.Management.DataShare\tests\ScenarioTests\InvitationScenarioTests.cs(47,13): error CS0518: Predefined type 'System.Object' is not defined or imported
C:\gh\azure-sdk-for-net\sdk\datashare\Microsoft.Azure.Management.DataShare\tests\ScenarioTests\InvitationScenarioTests.cs(47,13): error CS0246: The type or namespace name 'AzureOperationResponse' could not be found (are you missing a using directive or an assembly reference?)
C:\gh\azure-sdk-for-net\sdk\datashare\Microsoft.Azure.Management.DataShare\tests\ScenarioTests\InvitationScenarioTests.cs(48,23): error CS0246: The type or namespace name 'Task<>' could not be found (are you missing a using directive or an assembly reference?)
C:\gh\azure-sdk-for-net\sdk\datashare\Microsoft.Azure.Management.DataShare\tests\ScenarioTests\InvitationScenarioTests.cs(53,13): error CS0518: Predefined type 'System.Object' is not defined or imported
C:\gh\azure-sdk-for-net\sdk\datashare\Microsoft.Azure.Management.DataShare\tests\ScenarioTests\InvitationScenarioTests.cs(53,13): error CS0103: The name 'Assert' does not exist in the current context
C:\gh\azure-sdk-for-net\sdk\datashare\Microsoft.Azure.Management.DataShare\tests\ScenarioTests\InvitationScenarioTests.cs(53,26): error CS0518: Predefined type 'System.Object' is not defined or imported
C:\gh\azure-sdk-for-net\sdk\datashare\Microsoft.Azure.Management.DataShare\tests\ScenarioTests\InvitationScenarioTests.cs(53,26): error CS0103: The name 'HttpStatusCode' does not exist in the current context
C:\gh\azure-sdk-for-net\sdk\datashare\Microsoft.Azure.Management.DataShare\tests\ScenarioTests\InvitationScenarioTests.cs(55,36): error CS0246: The type or namespace name 'Task<>' could not be found (are you missing a using directive or an assembly reference?)
C:\gh\azure-sdk-for-net\sdk\datashare\Microsoft.Azure.Management.DataShare\tests\ScenarioTests\InvitationScenarioTests.cs(60,13): error CS0518: Predefined type 'System.Object' is not defined or imported
C:\gh\azure-sdk-for-net\sdk\datashare\Microsoft.Azure.Management.DataShare\tests\ScenarioTests\InvitationScenarioTests.cs(60,13): error CS0103: The name 'Assert' does not exist in the current context
C:\gh\azure-sdk-for-net\sdk\datashare\Microsoft.Azure.Management.DataShare\tests\ScenarioTests\InvitationScenarioTests.cs(60,26): error CS0518: Predefined type 'System.Object' is not defined or imported
C:\gh\azure-sdk-for-net\sdk\datashare\Microsoft.Azure.Management.DataShare\tests\ScenarioTests\InvitationScenarioTests.cs(60,26): error CS0103: The name 'HttpStatusCode' does not exist in the current context
C:\gh\azure-sdk-for-net\sdk\datashare\Microsoft.Azure.Management.DataShare\tests\ScenarioTests\InvitationScenarioTests.cs(40,36): error CS0161: 'InvitationScenarioTests.Delete(DataShareManagementClient, string, string, string, string)': not all code paths return a value
C:\gh\azure-sdk-for-net\sdk\datashare\Microsoft.Azure.Management.DataShare\tests\ScenarioTests\DataSetMappingScenarioTests.cs(49,13): error CS0518: Predefined type 'System.Object' is not defined or imported
C:\gh\azure-sdk-for-net\sdk\datashare\Microsoft.Azure.Management.DataShare\tests\ScenarioTests\DataSetMappingScenarioTests.cs(49,13): error CS0246: The type or namespace name 'AzureOperationResponse<>' could not be found (are you missing a using directive or an assembly reference?)
C:\gh\azure-sdk-for-net\sdk\datashare\Microsoft.Azure.Management.DataShare\tests\ScenarioTests\DataSetMappingScenarioTests.cs(49,36): error CS0518: Predefined type 'System.Object' is not defined or imported
C:\gh\azure-sdk-for-net\sdk\datashare\Microsoft.Azure.Management.DataShare\tests\ScenarioTests\DataSetMappingScenarioTests.cs(50,23): error CS0246: The type or namespace name 'Task<>' could not be found (are you missing a using directive or an assembly reference?)
C:\gh\azure-sdk-for-net\sdk\datashare\Microsoft.Azure.Management.DataShare\tests\ScenarioTests\DataSetMappingScenarioTests.cs(55,13): error CS0518: Predefined type 'System.Object' is not defined or imported
C:\gh\azure-sdk-for-net\sdk\datashare\Microsoft.Azure.Management.DataShare\tests\ScenarioTests\DataSetMappingScenarioTests.cs(55,13): error CS0103: The name 'Assert' does not exist in the current context
C:\gh\azure-sdk-for-net\sdk\datashare\Microsoft.Azure.Management.DataShare\tests\ScenarioTests\DataSetMappingScenarioTests.cs(55,26): error CS0518: Predefined type 'System.Object' is not defined or imported
C:\gh\azure-sdk-for-net\sdk\datashare\Microsoft.Azure.Management.DataShare\tests\ScenarioTests\DataSetMappingScenarioTests.cs(55,26): error CS0103: The name 'HttpStatusCode' does not exist in the current context
C:\gh\azure-sdk-for-net\sdk\datashare\Microsoft.Azure.Management.DataShare\tests\ScenarioTests\DataSetMappingScenarioTests.cs(57,36): error CS0246: The type or namespace name 'Task<>' could not be found (are you missing a using directive or an assembly reference?)
C:\gh\azure-sdk-for-net\sdk\datashare\Microsoft.Azure.Management.DataShare\tests\ScenarioTests\DataSetMappingScenarioTests.cs(62,13): error CS0518: Predefined type 'System.Object' is not defined or imported
C:\gh\azure-sdk-for-net\sdk\datashare\Microsoft.Azure.Management.DataShare\tests\ScenarioTests\DataSetMappingScenarioTests.cs(62,13): error CS0103: The name 'Assert' does not exist in the current context
C:\gh\azure-sdk-for-net\sdk\datashare\Microsoft.Azure.Management.DataShare\tests\ScenarioTests\DataSetMappingScenarioTests.cs(62,26): error CS0518: Predefined type 'System.Object' is not defined or imported
C:\gh\azure-sdk-for-net\sdk\datashare\Microsoft.Azure.Management.DataShare\tests\ScenarioTests\DataSetMappingScenarioTests.cs(62,26): error CS0103: The name 'HttpStatusCode' does not exist in the current context
C:\gh\azure-sdk-for-net\sdk\datashare\Microsoft.Azure.Management.DataShare\tests\ScenarioTests\DataSetMappingScenarioTests.cs(42,36): error CS0161: 'DataSetMappingScenarioTests.Delete(DataShareManagementClient, string, string, string, string)': not all code paths return a value
C:\gh\azure-sdk-for-net\sdk\datashare\Microsoft.Azure.Management.DataShare\tests\ScenarioTests\ShareSubscriptionScenarioTests.cs(57,13): error CS0518: Predefined type 'System.Object' is not defined or imported
C:\gh\azure-sdk-for-net\sdk\datashare\Microsoft.Azure.Management.DataShare\tests\ScenarioTests\ShareSubscriptionScenarioTests.cs(57,13): error CS0246: The type or namespace name 'AzureOperationResponse<>' could not be found (are you missing a using directive or an assembly reference?)
C:\gh\azure-sdk-for-net\sdk\datashare\Microsoft.Azure.Management.DataShare\tests\ScenarioTests\ShareSubscriptionScenarioTests.cs(57,36): error CS0518: Predefined type 'System.Object' is not defined or imported
C:\gh\azure-sdk-for-net\sdk\datashare\Microsoft.Azure.Management.DataShare\tests\ScenarioTests\ShareSubscriptionScenarioTests.cs(58,23): error CS0246: The type or namespace name 'Task<>' could not be found (are you missing a using directive or an assembly reference?)
C:\gh\azure-sdk-for-net\sdk\datashare\Microsoft.Azure.Management.DataShare\tests\ScenarioTests\ShareSubscriptionScenarioTests.cs(62,13): error CS0518: Predefined type 'System.Object' is not defined or imported
C:\gh\azure-sdk-for-net\sdk\datashare\Microsoft.Azure.Management.DataShare\tests\ScenarioTests\ShareSubscriptionScenarioTests.cs(62,13): error CS0103: The name 'Assert' does not exist in the current context
C:\gh\azure-sdk-for-net\sdk\datashare\Microsoft.Azure.Management.DataShare\tests\ScenarioTests\ShareSubscriptionScenarioTests.cs(62,26): error CS0518: Predefined type 'System.Object' is not defined or imported
C:\gh\azure-sdk-for-net\sdk\datashare\Microsoft.Azure.Management.DataShare\tests\ScenarioTests\ShareSubscriptionScenarioTests.cs(62,26): error CS0103: The name 'HttpStatusCode' does not exist in the current context
C:\gh\azure-sdk-for-net\sdk\datashare\Microsoft.Azure.Management.DataShare\tests\ScenarioTests\ShareSubscriptionScenarioTests.cs(64,36): error CS0246: The type or namespace name 'Task<>' could not be found (are you missing a using directive or an assembly reference?)
C:\gh\azure-sdk-for-net\sdk\datashare\Microsoft.Azure.Management.DataShare\tests\ScenarioTests\ShareSubscriptionScenarioTests.cs(68,13): error CS0518: Predefined type 'System.Object' is not defined or imported
C:\gh\azure-sdk-for-net\sdk\datashare\Microsoft.Azure.Management.DataShare\tests\ScenarioTests\ShareSubscriptionScenarioTests.cs(68,13): error CS0103: The name 'Assert' does not exist in the current context
C:\gh\azure-sdk-for-net\sdk\datashare\Microsoft.Azure.Management.DataShare\tests\ScenarioTests\ShareSubscriptionScenarioTests.cs(68,26): error CS0518: Predefined type 'System.Object' is not defined or imported
C:\gh\azure-sdk-for-net\sdk\datashare\Microsoft.Azure.Management.DataShare\tests\ScenarioTests\ShareSubscriptionScenarioTests.cs(68,26): error CS0103: The name 'HttpStatusCode' does not exist in the current context
C:\gh\azure-sdk-for-net\sdk\datashare\Microsoft.Azure.Management.DataShare\tests\ScenarioTests\ShareSubscriptionScenarioTests.cs(51,36): error CS0161: 'ShareSubscriptionScenarioTests.Delete(DataShareManagementClient, string, string, string)': not all code paths return a value
C:\gh\azure-sdk-for-net\sdk\datashare\Microsoft.Azure.Management.DataShare\tests\ScenarioTests\InvitationScenarioTests.cs(65,24): error CS0518: Predefined type 'System.Object' is not defined or imported
C:\gh\azure-sdk-for-net\sdk\datashare\Microsoft.Azure.Management.DataShare\tests\ScenarioTests\InvitationScenarioTests.cs(65,24): error CS0518: Predefined type 'System.Void' is not defined or imported
C:\gh\azure-sdk-for-net\sdk\datashare\Microsoft.Azure.Management.DataShare\tests\ScenarioTests\DataSetMappingScenarioTests.cs(67,24): error CS0518: Predefined type 'System.Object' is not defined or imported
C:\gh\azure-sdk-for-net\sdk\datashare\Microsoft.Azure.Management.DataShare\tests\ScenarioTests\DataSetMappingScenarioTests.cs(67,24): error CS0518: Predefined type 'System.Void' is not defined or imported
C:\gh\azure-sdk-for-net\sdk\datashare\Microsoft.Azure.Management.DataShare\tests\ScenarioTests\InvitationScenarioTests.cs(12,18): error CS0518: Predefined type 'System.Void' is not defined or imported
C:\gh\azure-sdk-for-net\sdk\datashare\Microsoft.Azure.Management.DataShare\tests\ScenarioTests\ShareScenarioTests.cs(43,13): error CS0518: Predefined type 'System.Object' is not defined or imported
C:\gh\azure-sdk-for-net\sdk\datashare\Microsoft.Azure.Management.DataShare\tests\ScenarioTests\ShareScenarioTests.cs(43,13): error CS0246: The type or namespace name 'AzureOperationResponse<>' could not be found (are you missing a using directive or an assembly reference?)
C:\gh\azure-sdk-for-net\sdk\datashare\Microsoft.Azure.Management.DataShare\tests\ScenarioTests\ShareScenarioTests.cs(43,36): error CS0518: Predefined type 'System.Object' is not defined or imported
C:\gh\azure-sdk-for-net\sdk\datashare\Microsoft.Azure.Management.DataShare\tests\ScenarioTests\ShareScenarioTests.cs(44,23): error CS0246: The type or namespace name 'Task<>' could not be found (are you missing a using directive or an assembly reference?)
C:\gh\azure-sdk-for-net\sdk\datashare\Microsoft.Azure.Management.DataShare\tests\ScenarioTests\ShareScenarioTests.cs(45,13): error CS0518: Predefined type 'System.Object' is not defined or imported
C:\gh\azure-sdk-for-net\sdk\datashare\Microsoft.Azure.Management.DataShare\tests\ScenarioTests\ShareScenarioTests.cs(45,13): error CS0103: The name 'Assert' does not exist in the current context
C:\gh\azure-sdk-for-net\sdk\datashare\Microsoft.Azure.Management.DataShare\tests\ScenarioTests\ShareScenarioTests.cs(45,26): error CS0518: Predefined type 'System.Object' is not defined or imported
C:\gh\azure-sdk-for-net\sdk\datashare\Microsoft.Azure.Management.DataShare\tests\ScenarioTests\ShareScenarioTests.cs(45,26): error CS0103: The name 'HttpStatusCode' does not exist in the current context
C:\gh\azure-sdk-for-net\sdk\datashare\Microsoft.Azure.Management.DataShare\tests\ScenarioTests\ShareScenarioTests.cs(47,36): error CS0246: The type or namespace name 'Task<>' could not be found (are you missing a using directive or an assembly reference?)
C:\gh\azure-sdk-for-net\sdk\datashare\Microsoft.Azure.Management.DataShare\tests\ScenarioTests\ShareScenarioTests.cs(48,13): error CS0518: Predefined type 'System.Object' is not defined or imported
C:\gh\azure-sdk-for-net\sdk\datashare\Microsoft.Azure.Management.DataShare\tests\ScenarioTests\ShareScenarioTests.cs(48,13): error CS0103: The name 'Assert' does not exist in the current context
C:\gh\azure-sdk-for-net\sdk\datashare\Microsoft.Azure.Management.DataShare\tests\ScenarioTests\ShareScenarioTests.cs(48,26): error CS0518: Predefined type 'System.Object' is not defined or imported
C:\gh\azure-sdk-for-net\sdk\datashare\Microsoft.Azure.Management.DataShare\tests\ScenarioTests\ShareScenarioTests.cs(48,26): error CS0103: The name 'HttpStatusCode' does not exist in the current context
C:\gh\azure-sdk-for-net\sdk\datashare\Microsoft.Azure.Management.DataShare\tests\ScenarioTests\ShareScenarioTests.cs(37,36): error CS0161: 'ShareScenarioTests.Delete(DataShareManagementClient, string, string, string)': not all code paths return a value
C:\gh\azure-sdk-for-net\sdk\datashare\Microsoft.Azure.Management.DataShare\tests\ScenarioTests\ScenarioTestBase.cs(28,19): error CS0518: Predefined type 'System.String' is not defined or imported
C:\gh\azure-sdk-for-net\sdk\datashare\Microsoft.Azure.Management.DataShare\tests\ScenarioTests\ScenarioTestBase.cs(28,56): error CS0518: Predefined type 'System.String' is not defined or imported
C:\gh\azure-sdk-for-net\sdk\datashare\Microsoft.Azure.Management.DataShare\tests\ScenarioTests\ScenarioTestBase.cs(29,19): error CS0518: Predefined type 'System.String' is not defined or imported
C:\gh\azure-sdk-for-net\sdk\datashare\Microsoft.Azure.Management.DataShare\tests\ScenarioTests\ScenarioTestBase.cs(29,37): error CS0518: Predefined type 'System.String' is not defined or imported
C:\gh\azure-sdk-for-net\sdk\datashare\Microsoft.Azure.Management.DataShare\tests\ScenarioTests\ScenarioTestBase.cs(31,13): error CS0518: Predefined type 'System.IDisposable' is not defined or imported
C:\gh\azure-sdk-for-net\sdk\datashare\Microsoft.Azure.Management.DataShare\tests\ScenarioTests\ScenarioTestBase.cs(31,20): error CS0518: Predefined type 'System.Object' is not defined or imported
C:\gh\azure-sdk-for-net\sdk\datashare\Microsoft.Azure.Management.DataShare\tests\ScenarioTests\ScenarioTestBase.cs(31,20): error CS0246: The type or namespace name 'MockContext' could not be found (are you missing a using directive or an assembly reference?)
C:\gh\azure-sdk-for-net\sdk\datashare\Microsoft.Azure.Management.DataShare\tests\ScenarioTests\ScenarioTestBase.cs(31,46): error CS0518: Predefined type 'System.Object' is not defined or imported
C:\gh\azure-sdk-for-net\sdk\datashare\Microsoft.Azure.Management.DataShare\tests\ScenarioTests\ScenarioTestBase.cs(31,46): error CS0103: The name 'MockContext' does not exist in the current context
C:\gh\azure-sdk-for-net\sdk\datashare\Microsoft.Azure.Management.DataShare\tests\ScenarioTests\ScenarioTestBase.cs(33,17): error CS0518: Predefined type 'System.String' is not defined or imported
C:\gh\azure-sdk-for-net\sdk\datashare\Microsoft.Azure.Management.DataShare\tests\ScenarioTests\ScenarioTestBase.cs(33,31): error CS0518: Predefined type 'System.Object' is not defined or imported
C:\gh\azure-sdk-for-net\sdk\datashare\Microsoft.Azure.Management.DataShare\tests\ScenarioTests\ScenarioTestBase.cs(33,31): error CS0103: The name 'Environment' does not exist in the current context
C:\gh\azure-sdk-for-net\sdk\datashare\Microsoft.Azure.Management.DataShare\tests\ScenarioTests\ScenarioTestBase.cs(35,21): error CS0518: Predefined type 'System.Boolean' is not defined or imported
C:\gh\azure-sdk-for-net\sdk\datashare\Microsoft.Azure.Management.DataShare\tests\ScenarioTests\ScenarioTestBase.cs(35,59): error CS0518: Predefined type 'System.Object' is not defined or imported
C:\gh\azure-sdk-for-net\sdk\datashare\Microsoft.Azure.Management.DataShare\tests\ScenarioTests\ScenarioTestBase.cs(35,59): error CS0103: The name 'StringComparison' does not exist in the current context
C:\gh\azure-sdk-for-net\sdk\datashare\Microsoft.Azure.Management.DataShare\tests\ScenarioTests\ScenarioTestBase.cs(35,21): error CS0518: Predefined type 'System.Boolean' is not defined or imported
C:\gh\azure-sdk-for-net\sdk\datashare\Microsoft.Azure.Management.DataShare\tests\ScenarioTests\ScenarioTestBase.cs(37,21): error CS0518: Predefined type 'System.Object' is not defined or imported
C:\gh\azure-sdk-for-net\sdk\datashare\Microsoft.Azure.Management.DataShare\tests\ScenarioTests\ScenarioTestBase.cs(37,21): error CS0103: The name 'HttpMockServer' does not exist in the current context
C:\gh\azure-sdk-for-net\sdk\datashare\Microsoft.Azure.Management.DataShare\tests\ScenarioTests\ScenarioTestBase.cs(37,43): error CS0518: Predefined type 'System.Object' is not defined or imported
C:\gh\azure-sdk-for-net\sdk\datashare\Microsoft.Azure.Management.DataShare\tests\ScenarioTests\ScenarioTestBase.cs(37,43): error CS0103: The name 'HttpRecorderMode' does not exist in the current context
C:\gh\azure-sdk-for-net\sdk\datashare\Microsoft.Azure.Management.DataShare\tests\ScenarioTests\ScenarioTestBase.cs(41,21): error CS0518: Predefined type 'System.Object' is not defined or imported
C:\gh\azure-sdk-for-net\sdk\datashare\Microsoft.Azure.Management.DataShare\tests\ScenarioTests\DataSetMappingScenarioTests.cs(12,18): error CS0518: Predefined type 'System.Void' is not defined or imported
C:\gh\azure-sdk-for-net\sdk\datashare\Microsoft.Azure.Management.DataShare\tests\ScenarioTests\ScenarioTestBase.cs(41,21): error CS0103: The name 'TestUtilities' does not exist in the current context
C:\gh\azure-sdk-for-net\sdk\datashare\Microsoft.Azure.Management.DataShare\tests\ScenarioTests\ScenarioTestBase.cs(41,48): error CS0518: Predefined type 'System.Object' is not defined or imported
C:\gh\azure-sdk-for-net\sdk\datashare\Microsoft.Azure.Management.DataShare\tests\ScenarioTests\ScenarioTestBase.cs(42,36): error CS0518: Predefined type 'System.Object' is not defined or imported
C:\gh\azure-sdk-for-net\sdk\datashare\Microsoft.Azure.Management.DataShare\tests\ScenarioTests\ScenarioTestBase.cs(42,36): error CS0103: The name 'TestUtilities' does not exist in the current context
C:\gh\azure-sdk-for-net\sdk\datashare\Microsoft.Azure.Management.DataShare\tests\ScenarioTests\ScenarioTestBase.cs(42,63): error CS0518: Predefined type 'System.Object' is not defined or imported
C:\gh\azure-sdk-for-net\sdk\datashare\Microsoft.Azure.Management.DataShare\tests\ScenarioTests\ScenarioTestBase.cs(45,50): error CS0518: Predefined type 'System.Object' is not defined or imported
C:\gh\azure-sdk-for-net\sdk\datashare\Microsoft.Azure.Management.DataShare\tests\ScenarioTests\ScenarioTestBase.cs(46,25): error CS0518: Predefined type 'System.Object' is not defined or imported
C:\gh\azure-sdk-for-net\sdk\datashare\Microsoft.Azure.Management.DataShare\tests\ScenarioTests\ScenarioTestBase.cs(46,25): error CS0103: The name 'TestEnvironmentFactory' does not exist in the current context
C:\gh\azure-sdk-for-net\sdk\datashare\Microsoft.Azure.Management.DataShare\tests\ScenarioTests\ScenarioTestBase.cs(48,17): error CS0518: Predefined type 'System.Object' is not defined or imported
C:\gh\azure-sdk-for-net\sdk\datashare\Microsoft.Azure.Management.DataShare\tests\ScenarioTests\ScenarioTestBase.cs(48,17): error CS0246: The type or namespace name 'ResourceManagementClient' could not be found (are you missing a using directive or an assembly reference?)
C:\gh\azure-sdk-for-net\sdk\datashare\Microsoft.Azure.Management.DataShare\tests\ScenarioTests\ScenarioTestBase.cs(49,50): error CS0518: Predefined type 'System.Object' is not defined or imported
C:\gh\azure-sdk-for-net\sdk\datashare\Microsoft.Azure.Management.DataShare\tests\ScenarioTests\ScenarioTestBase.cs(49,50): error CS0246: The type or namespace name 'ResourceManagementClient' could not be found (are you missing a using directive or an assembly reference?)
C:\gh\azure-sdk-for-net\sdk\datashare\Microsoft.Azure.Management.DataShare\tests\ScenarioTests\ScenarioTestBase.cs(49,76): error CS0518: Predefined type 'System.Object' is not defined or imported
C:\gh\azure-sdk-for-net\sdk\datashare\Microsoft.Azure.Management.DataShare\tests\ScenarioTests\ScenarioTestBase.cs(49,76): error CS0103: The name 'TestEnvironmentFactory' does not exist in the current context
C:\gh\azure-sdk-for-net\sdk\datashare\Microsoft.Azure.Management.DataShare\tests\ScenarioTests\ScenarioTestBase.cs(53,25): error CS0518: Predefined type 'System.Object' is not defined or imported
C:\gh\azure-sdk-for-net\sdk\datashare\Microsoft.Azure.Management.DataShare\tests\ScenarioTests\ScenarioTestBase.cs(53,25): error CS0246: The type or namespace name 'ResourceGroup' could not be found (are you missing a using directive or an assembly reference?)
C:\gh\azure-sdk-for-net\sdk\datashare\Microsoft.Azure.Management.DataShare\tests\ScenarioTests\ScenarioTestBase.cs(53,54): error CS0518: Predefined type 'System.Object' is not defined or imported
C:\gh\azure-sdk-for-net\sdk\datashare\Microsoft.Azure.Management.DataShare\tests\ScenarioTests\ScenarioTestBase.cs(57,21): error CS0518: Predefined type 'System.Boolean' is not defined or imported
C:\gh\azure-sdk-for-net\sdk\datashare\Microsoft.Azure.Management.DataShare\tests\ScenarioTests\ScenarioTestBase.cs(57,21): error CS0518: Predefined type 'System.Boolean' is not defined or imported
C:\gh\azure-sdk-for-net\sdk\datashare\Microsoft.Azure.Management.DataShare\tests\ScenarioTests\ScenarioTestBase.cs(23,30): error CS0161: 'ScenarioTestBase<T>.RunTest(Func<DataShareManagementClient, Task>, Func<DataShareManagementClient, Task>, string)': not all code paths return a value
C:\gh\azure-sdk-for-net\sdk\datashare\Microsoft.Azure.Management.DataShare\tests\ScenarioTests\ShareSubscriptionScenarioTests.cs(73,24): error CS0518: Predefined type 'System.Object' is not defined or imported
C:\gh\azure-sdk-for-net\sdk\datashare\Microsoft.Azure.Management.DataShare\tests\ScenarioTests\ShareSubscriptionScenarioTests.cs(73,24): error CS0518: Predefined type 'System.Void' is not defined or imported
C:\gh\azure-sdk-for-net\sdk\datashare\Microsoft.Azure.Management.DataShare\tests\ScenarioTests\ScenarioTestBase.cs(12,27): error CS1729: 'object' does not contain a constructor that takes 0 arguments
C:\gh\azure-sdk-for-net\sdk\datashare\Microsoft.Azure.Management.DataShare\tests\ScenarioTests\ShareSubscriptionScenarioTests.cs(12,18): error CS0518: Predefined type 'System.Void' is not defined or imported
C:\gh\azure-sdk-for-net\sdk\datashare\Microsoft.Azure.Management.DataShare\tests\ScenarioTests\ShareScenarioTests.cs(53,24): error CS0518: Predefined type 'System.Object' is not defined or imported
C:\gh\azure-sdk-for-net\sdk\datashare\Microsoft.Azure.Management.DataShare\tests\ScenarioTests\ShareScenarioTests.cs(53,24): error CS0518: Predefined type 'System.Void' is not defined or imported
C:\gh\azure-sdk-for-net\sdk\datashare\Microsoft.Azure.Management.DataShare\tests\ScenarioTests\ShareScenarioTests.cs(12,18): error CS0518: Predefined type 'System.Void' is not defined or imported
C:\gh\azure-sdk-for-net\sdk\datashare\Microsoft.Azure.Management.DataShare\tests\ScenarioTests\TriggerScenarioTests.cs(39,13): error CS0518: Predefined type 'System.Object' is not defined or imported
C:\gh\azure-sdk-for-net\sdk\datashare\Microsoft.Azure.Management.DataShare\tests\ScenarioTests\TriggerScenarioTests.cs(39,13): error CS0103: The name 'Assert' does not exist in the current context
C:\gh\azure-sdk-for-net\sdk\datashare\Microsoft.Azure.Management.DataShare\tests\ScenarioTests\TriggerScenarioTests.cs(39,61): error CS0518: Predefined type 'System.String' is not defined or imported
C:\gh\azure-sdk-for-net\sdk\datashare\Microsoft.Azure.Management.DataShare\tests\ScenarioTests\DataSetScenarioTests.cs(52,23): error CS0246: The type or namespace name 'Task<>' could not be found (are you missing a using directive or an assembly reference?)
C:\gh\azure-sdk-for-net\sdk\datashare\Microsoft.Azure.Management.DataShare\tests\ScenarioTests\DataSetScenarioTests.cs(57,13): error CS0518: Predefined type 'System.Object' is not defined or imported
C:\gh\azure-sdk-for-net\sdk\datashare\Microsoft.Azure.Management.DataShare\tests\ScenarioTests\DataSetScenarioTests.cs(57,13): error CS0103: The name 'Assert' does not exist in the current context
C:\gh\azure-sdk-for-net\sdk\datashare\Microsoft.Azure.Management.DataShare\tests\ScenarioTests\DataSetScenarioTests.cs(57,26): error CS0518: Predefined type 'System.Object' is not defined or imported
C:\gh\azure-sdk-for-net\sdk\datashare\Microsoft.Azure.Management.DataShare\tests\ScenarioTests\DataSetScenarioTests.cs(57,26): error CS0103: The name 'HttpStatusCode' does not exist in the current context
C:\gh\azure-sdk-for-net\sdk\datashare\Microsoft.Azure.Management.DataShare\tests\ScenarioTests\DataSetScenarioTests.cs(59,36): error CS0246: The type or namespace name 'Task<>' could not be found (are you missing a using directive or an assembly reference?)
C:\gh\azure-sdk-for-net\sdk\datashare\Microsoft.Azure.Management.DataShare\tests\ScenarioTests\DataSetScenarioTests.cs(64,13): error CS0518: Predefined type 'System.Object' is not defined or imported
C:\gh\azure-sdk-for-net\sdk\datashare\Microsoft.Azure.Management.DataShare\tests\ScenarioTests\DataSetScenarioTests.cs(64,13): error CS0103: The name 'Assert' does not exist in the current context
C:\gh\azure-sdk-for-net\sdk\datashare\Microsoft.Azure.Management.DataShare\tests\ScenarioTests\DataSetScenarioTests.cs(64,26): error CS0518: Predefined type 'System.Object' is not defined or imported
C:\gh\azure-sdk-for-net\sdk\datashare\Microsoft.Azure.Management.DataShare\tests\ScenarioTests\DataSetScenarioTests.cs(64,26): error CS0103: The name 'HttpStatusCode' does not exist in the current context
C:\gh\azure-sdk-for-net\sdk\datashare\Microsoft.Azure.Management.DataShare\tests\ScenarioTests\DataSetScenarioTests.cs(44,36): error CS0161: 'DataSetScenarioTests.Delete(DataShareManagementClient, string, string, string, string)': not all code paths return a value
C:\gh\azure-sdk-for-net\sdk\datashare\Microsoft.Azure.Management.DataShare\tests\ScenarioTests\DataSetScenarioTests.cs(69,24): error CS0518: Predefined type 'System.Object' is not defined or imported
C:\gh\azure-sdk-for-net\sdk\datashare\Microsoft.Azure.Management.DataShare\tests\ScenarioTests\DataSetScenarioTests.cs(69,24): error CS0518: Predefined type 'System.Void' is not defined or imported
C:\gh\azure-sdk-for-net\sdk\datashare\Microsoft.Azure.Management.DataShare\tests\ScenarioTests\SynchronizationSettingScenarioTests.cs(51,13): error CS0518: Predefined type 'System.Object' is not defined or imported
C:\gh\azure-sdk-for-net\sdk\datashare\Microsoft.Azure.Management.DataShare\tests\ScenarioTests\SynchronizationSettingScenarioTests.cs(51,13): error CS0246: The type or namespace name 'AzureOperationResponse<>' could not be found (are you missing a using directive or an assembly reference?)
C:\gh\azure-sdk-for-net\sdk\datashare\Microsoft.Azure.Management.DataShare\tests\ScenarioTests\SynchronizationSettingScenarioTests.cs(51,36): error CS0518: Predefined type 'System.Object' is not defined or imported
C:\gh\azure-sdk-for-net\sdk\datashare\Microsoft.Azure.Management.DataShare\tests\ScenarioTests\SynchronizationSettingScenarioTests.cs(52,23): error CS0246: The type or namespace name 'Task<>' could not be found (are you missing a using directive or an assembly reference?)
C:\gh\azure-sdk-for-net\sdk\datashare\Microsoft.Azure.Management.DataShare\tests\ScenarioTests\SynchronizationSettingScenarioTests.cs(57,13): error CS0518: Predefined type 'System.Object' is not defined or imported
C:\gh\azure-sdk-for-net\sdk\datashare\Microsoft.Azure.Management.DataShare\tests\ScenarioTests\SynchronizationSettingScenarioTests.cs(57,13): error CS0103: The name 'Assert' does not exist in the current context
C:\gh\azure-sdk-for-net\sdk\datashare\Microsoft.Azure.Management.DataShare\tests\ScenarioTests\SynchronizationSettingScenarioTests.cs(57,26): error CS0518: Predefined type 'System.Object' is not defined or imported
C:\gh\azure-sdk-for-net\sdk\datashare\Microsoft.Azure.Management.DataShare\tests\ScenarioTests\SynchronizationSettingScenarioTests.cs(57,26): error CS0103: The name 'HttpStatusCode' does not exist in the current context
C:\gh\azure-sdk-for-net\sdk\datashare\Microsoft.Azure.Management.DataShare\tests\ScenarioTests\SynchronizationSettingScenarioTests.cs(59,36): error CS0246: The type or namespace name 'Task<>' could not be found (are you missing a using directive or an assembly reference?)
C:\gh\azure-sdk-for-net\sdk\datashare\Microsoft.Azure.Management.DataShare\tests\ScenarioTests\SynchronizationSettingScenarioTests.cs(64,13): error CS0518: Predefined type 'System.Object' is not defined or imported
C:\gh\azure-sdk-for-net\sdk\datashare\Microsoft.Azure.Management.DataShare\tests\ScenarioTests\SynchronizationSettingScenarioTests.cs(64,13): error CS0103: The name 'Assert' does not exist in the current context
C:\gh\azure-sdk-for-net\sdk\datashare\Microsoft.Azure.Management.DataShare\tests\ScenarioTests\SynchronizationSettingScenarioTests.cs(64,26): error CS0518: Predefined type 'System.Object' is not defined or imported
C:\gh\azure-sdk-for-net\sdk\datashare\Microsoft.Azure.Management.DataShare\tests\ScenarioTests\SynchronizationSettingScenarioTests.cs(64,26): error CS0103: The name 'HttpStatusCode' does not exist in the current context
C:\gh\azure-sdk-for-net\sdk\datashare\Microsoft.Azure.Management.DataShare\tests\ScenarioTests\SynchronizationSettingScenarioTests.cs(44,36): error CS0161: 'SynchronizationSettingScenarioTests.Delete(DataShareManagementClient, string, string, string, string)': not all code paths return a value
C:\gh\azure-sdk-for-net\sdk\datashare\Microsoft.Azure.Management.DataShare\tests\ScenarioTests\DataSetScenarioTests.cs(12,18): error CS0518: Predefined type 'System.Void' is not defined or imported
C:\gh\azure-sdk-for-net\sdk\datashare\Microsoft.Azure.Management.DataShare\tests\ScenarioTests\SynchronizationSettingScenarioTests.cs(69,24): error CS0518: Predefined type 'System.Object' is not defined or imported
C:\gh\azure-sdk-for-net\sdk\datashare\Microsoft.Azure.Management.DataShare\tests\ScenarioTests\SynchronizationSettingScenarioTests.cs(69,56): error CS0518: Predefined type 'System.Object' is not defined or imported
C:\gh\azure-sdk-for-net\sdk\datashare\Microsoft.Azure.Management.DataShare\tests\ScenarioTests\SynchronizationSettingScenarioTests.cs(69,75): error CS0518: Predefined type 'System.String' is not defined or imported
C:\gh\azure-sdk-for-net\sdk\datashare\Microsoft.Azure.Management.DataShare\tests\ScenarioTests\SynchronizationSettingScenarioTests.cs(69,80): error CS0518: Predefined type 'System.Object' is not defined or imported
C:\gh\azure-sdk-for-net\sdk\datashare\Microsoft.Azure.Management.DataShare\tests\ScenarioTests\SynchronizationSettingScenarioTests.cs(69,80): error CS0103: The name 'DateTime' does not exist in the current context
C:\gh\azure-sdk-for-net\sdk\datashare\Microsoft.Azure.Management.DataShare\tests\ScenarioTests\SynchronizationSettingScenarioTests.cs(69,24): error CS0518: Predefined type 'System.Void' is not defined or imported
C:\gh\azure-sdk-for-net\sdk\datashare\Microsoft.Azure.Management.DataShare\tests\ScenarioTests\AccountScenarioTests.cs(45,13): error CS0518: Predefined type 'System.Object' is not defined or imported
C:\gh\azure-sdk-for-net\sdk\datashare\Microsoft.Azure.Management.DataShare\tests\ScenarioTests\AccountScenarioTests.cs(45,13): error CS0103: The name 'Assert' does not exist in the current context
C:\gh\azure-sdk-for-net\sdk\datashare\Microsoft.Azure.Management.DataShare\tests\ScenarioTests\AccountScenarioTests.cs(45,61): error CS0518: Predefined type 'System.String' is not defined or imported
C:\gh\azure-sdk-for-net\sdk\datashare\Microsoft.Azure.Management.DataShare\tests\ScenarioTests\AccountScenarioTests.cs(46,13): error CS0518: Predefined type 'System.Object' is not defined or imported
C:\gh\azure-sdk-for-net\sdk\datashare\Microsoft.Azure.Management.DataShare\tests\ScenarioTests\AccountScenarioTests.cs(46,13): error CS0103: The name 'Assert' does not exist in the current context
C:\gh\azure-sdk-for-net\sdk\datashare\Microsoft.Azure.Management.DataShare\tests\ScenarioTests\AccountScenarioTests.cs(46,43): error CS0518: Predefined type 'System.Object' is not defined or imported
C:\gh\azure-sdk-for-net\sdk\datashare\Microsoft.Azure.Management.DataShare\tests\ScenarioTests\AccountScenarioTests.cs(46,26): error CS0518: Predefined type 'System.Object' is not defined or imported
C:\gh\azure-sdk-for-net\sdk\datashare\Microsoft.Azure.Management.DataShare\tests\ScenarioTests\AccountScenarioTests.cs(46,96): error CS0518: Predefined type 'System.String' is not defined or imported
C:\gh\azure-sdk-for-net\sdk\datashare\Microsoft.Azure.Management.DataShare\tests\ScenarioTests\AccountScenarioTests.cs(47,13): error CS0518: Predefined type 'System.Object' is not defined or imported
C:\gh\azure-sdk-for-net\sdk\datashare\Microsoft.Azure.Management.DataShare\tests\ScenarioTests\AccountScenarioTests.cs(47,13): error CS0103: The name 'Assert' does not exist in the current context
C:\gh\azure-sdk-for-net\sdk\datashare\Microsoft.Azure.Management.DataShare\tests\ScenarioTests\AccountScenarioTests.cs(47,26): error CS0518: Predefined type 'System.String' is not defined or imported
C:\gh\azure-sdk-for-net\sdk\datashare\Microsoft.Azure.Management.DataShare\tests\ScenarioTests\AccountScenarioTests.cs(47,53): error CS0518: Predefined type 'System.String' is not defined or imported
C:\gh\azure-sdk-for-net\sdk\datashare\Microsoft.Azure.Management.DataShare\tests\ScenarioTests\SynchronizationSettingScenarioTests.cs(12,18): error CS0518: Predefined type 'System.Void' is not defined or imported
C:\gh\azure-sdk-for-net\sdk\datashare\Microsoft.Azure.Management.DataShare\tests\ScenarioTests\TriggerScenarioTests.cs(49,13): error CS0518: Predefined type 'System.Object' is not defined or imported
C:\gh\azure-sdk-for-net\sdk\datashare\Microsoft.Azure.Management.DataShare\tests\ScenarioTests\TriggerScenarioTests.cs(49,13): error CS0246: The type or namespace name 'AzureOperationResponse<>' could not be found (are you missing a using directive or an assembly reference?)
C:\gh\azure-sdk-for-net\sdk\datashare\Microsoft.Azure.Management.DataShare\tests\ScenarioTests\TriggerScenarioTests.cs(49,36): error CS0518: Predefined type 'System.Object' is not defined or imported
C:\gh\azure-sdk-for-net\sdk\datashare\Microsoft.Azure.Management.DataShare\tests\ScenarioTests\TriggerScenarioTests.cs(50,23): error CS0246: The type or namespace name 'Task<>' could not be found (are you missing a using directive or an assembly reference?)
C:\gh\azure-sdk-for-net\sdk\datashare\Microsoft.Azure.Management.DataShare\tests\ScenarioTests\TriggerScenarioTests.cs(55,13): error CS0518: Predefined type 'System.Object' is not defined or imported
C:\gh\azure-sdk-for-net\sdk\datashare\Microsoft.Azure.Management.DataShare\tests\ScenarioTests\TriggerScenarioTests.cs(55,13): error CS0103: The name 'Assert' does not exist in the current context
C:\gh\azure-sdk-for-net\sdk\datashare\Microsoft.Azure.Management.DataShare\tests\ScenarioTests\TriggerScenarioTests.cs(55,26): error CS0518: Predefined type 'System.Object' is not defined or imported
C:\gh\azure-sdk-for-net\sdk\datashare\Microsoft.Azure.Management.DataShare\tests\ScenarioTests\TriggerScenarioTests.cs(55,26): error CS0103: The name 'HttpStatusCode' does not exist in the current context
C:\gh\azure-sdk-for-net\sdk\datashare\Microsoft.Azure.Management.DataShare\tests\ScenarioTests\TriggerScenarioTests.cs(57,36): error CS0246: The type or namespace name 'Task<>' could not be found (are you missing a using directive or an assembly reference?)
C:\gh\azure-sdk-for-net\sdk\datashare\Microsoft.Azure.Management.DataShare\tests\ScenarioTests\TriggerScenarioTests.cs(62,13): error CS0518: Predefined type 'System.Object' is not defined or imported
C:\gh\azure-sdk-for-net\sdk\datashare\Microsoft.Azure.Management.DataShare\tests\ScenarioTests\TriggerScenarioTests.cs(62,13): error CS0103: The name 'Assert' does not exist in the current context
C:\gh\azure-sdk-for-net\sdk\datashare\Microsoft.Azure.Management.DataShare\tests\ScenarioTests\TriggerScenarioTests.cs(62,26): error CS0518: Predefined type 'System.Object' is not defined or imported
C:\gh\azure-sdk-for-net\sdk\datashare\Microsoft.Azure.Management.DataShare\tests\ScenarioTests\TriggerScenarioTests.cs(62,26): error CS0103: The name 'HttpStatusCode' does not exist in the current context
C:\gh\azure-sdk-for-net\sdk\datashare\Microsoft.Azure.Management.DataShare\tests\ScenarioTests\TriggerScenarioTests.cs(42,36): error CS0161: 'TriggerScenarioTests.Delete(DataShareManagementClient, string, string, string, string)': not all code paths return a value
C:\gh\azure-sdk-for-net\sdk\datashare\Microsoft.Azure.Management.DataShare\tests\ScenarioTests\TriggerScenarioTests.cs(67,24): error CS0518: Predefined type 'System.Object' is not defined or imported
C:\gh\azure-sdk-for-net\sdk\datashare\Microsoft.Azure.Management.DataShare\tests\ScenarioTests\TriggerScenarioTests.cs(67,24): error CS0518: Predefined type 'System.Void' is not defined or imported
C:\gh\azure-sdk-for-net\sdk\datashare\Microsoft.Azure.Management.DataShare\tests\ScenarioTests\TriggerScenarioTests.cs(12,18): error CS0518: Predefined type 'System.Void' is not defined or imported
C:\gh\azure-sdk-for-net\sdk\datashare\Microsoft.Azure.Management.DataShare\tests\ScenarioTests\AccountScenarioTests.cs(52,13): error CS0518: Predefined type 'System.Object' is not defined or imported
C:\gh\azure-sdk-for-net\sdk\datashare\Microsoft.Azure.Management.DataShare\tests\ScenarioTests\AccountScenarioTests.cs(52,13): error CS0246: The type or namespace name 'AzureOperationResponse<>' could not be found (are you missing a using directive or an assembly reference?)
C:\gh\azure-sdk-for-net\sdk\datashare\Microsoft.Azure.Management.DataShare\tests\ScenarioTests\AccountScenarioTests.cs(52,36): error CS0518: Predefined type 'System.Object' is not defined or imported
C:\gh\azure-sdk-for-net\sdk\datashare\Microsoft.Azure.Management.DataShare\tests\ScenarioTests\AccountScenarioTests.cs(52,78): error CS0246: The type or namespace name 'Task<>' could not be found (are you missing a using directive or an assembly reference?)
C:\gh\azure-sdk-for-net\sdk\datashare\Microsoft.Azure.Management.DataShare\tests\ScenarioTests\AccountScenarioTests.cs(53,13): error CS0518: Predefined type 'System.Object' is not defined or imported
C:\gh\azure-sdk-for-net\sdk\datashare\Microsoft.Azure.Management.DataShare\tests\ScenarioTests\AccountScenarioTests.cs(53,13): error CS0103: The name 'Assert' does not exist in the current context
C:\gh\azure-sdk-for-net\sdk\datashare\Microsoft.Azure.Management.DataShare\tests\ScenarioTests\AccountScenarioTests.cs(53,26): error CS0518: Predefined type 'System.Object' is not defined or imported
C:\gh\azure-sdk-for-net\sdk\datashare\Microsoft.Azure.Management.DataShare\tests\ScenarioTests\AccountScenarioTests.cs(53,26): error CS0103: The name 'HttpStatusCode' does not exist in the current context
C:\gh\azure-sdk-for-net\sdk\datashare\Microsoft.Azure.Management.DataShare\tests\ScenarioTests\AccountScenarioTests.cs(55,36): error CS0246: The type or namespace name 'Task<>' could not be found (are you missing a using directive or an assembly reference?)
C:\gh\azure-sdk-for-net\sdk\datashare\Microsoft.Azure.Management.DataShare\tests\ScenarioTests\AccountScenarioTests.cs(56,13): error CS0518: Predefined type 'System.Object' is not defined or imported
C:\gh\azure-sdk-for-net\sdk\datashare\Microsoft.Azure.Management.DataShare\tests\ScenarioTests\AccountScenarioTests.cs(56,13): error CS0103: The name 'Assert' does not exist in the current context
C:\gh\azure-sdk-for-net\sdk\datashare\Microsoft.Azure.Management.DataShare\tests\ScenarioTests\AccountScenarioTests.cs(56,26): error CS0518: Predefined type 'System.Object' is not defined or imported
C:\gh\azure-sdk-for-net\sdk\datashare\Microsoft.Azure.Management.DataShare\tests\ScenarioTests\AccountScenarioTests.cs(56,26): error CS0103: The name 'HttpStatusCode' does not exist in the current context
C:\gh\azure-sdk-for-net\sdk\datashare\Microsoft.Azure.Management.DataShare\tests\ScenarioTests\AccountScenarioTests.cs(50,36): error CS0161: 'AccountScenarioTests.Delete(DataShareManagementClient, string, string)': not all code paths return a value
C:\gh\azure-sdk-for-net\sdk\datashare\Microsoft.Azure.Management.DataShare\tests\ScenarioTests\AccountScenarioTests.cs(11,18): error CS0518: Predefined type 'System.Void' is not defined or imported
C:\gh\azure-sdk-for-net\sdk\datashare\Microsoft.Azure.Management.DataShare\tests\ScenarioTests\DataShareE2EScenarioTests.cs(25,13): error CS0518: Predefined type 'System.Object' is not defined or imported
C:\gh\azure-sdk-for-net\sdk\datashare\Microsoft.Azure.Management.DataShare\tests\ScenarioTests\DataShareE2EScenarioTests.cs(25,43): error CS0518: Predefined type 'System.Object' is not defined or imported
C:\gh\azure-sdk-for-net\sdk\datashare\Microsoft.Azure.Management.DataShare\tests\ScenarioTests\DataShareE2EScenarioTests.cs(25,55): error CS0518: Predefined type 'System.Object' is not defined or imported
C:\gh\azure-sdk-for-net\sdk\datashare\Microsoft.Azure.Management.DataShare\tests\ScenarioTests\DataShareE2EScenarioTests.cs(25,55): error CS0518: Predefined type 'System.Void' is not defined or imported
C:\gh\azure-sdk-for-net\sdk\datashare\Microsoft.Azure.Management.DataShare\tests\ScenarioTests\DataShareE2EScenarioTests.cs(25,84): error CS0518: Predefined type 'System.Object' is not defined or imported
C:\gh\azure-sdk-for-net\sdk\datashare\Microsoft.Azure.Management.DataShare\tests\ScenarioTests\DataShareE2EScenarioTests.cs(25,67): error CS0518: Predefined type 'System.Object' is not defined or imported
C:\gh\azure-sdk-for-net\sdk\datashare\Microsoft.Azure.Management.DataShare\tests\ScenarioTests\DataShareE2EScenarioTests.cs(25,43): error CS0518: Predefined type 'System.Void' is not defined or imported
C:\gh\azure-sdk-for-net\sdk\datashare\Microsoft.Azure.Management.DataShare\tests\ScenarioTests\DataShareE2EScenarioTests.cs(27,13): error CS0518: Predefined type 'System.Object' is not defined or imported
C:\gh\azure-sdk-for-net\sdk\datashare\Microsoft.Azure.Management.DataShare\tests\ScenarioTests\DataShareE2EScenarioTests.cs(27,13): error CS0246: The type or namespace name 'Func<,>' could not be found (are you missing a using directive or an assembly reference?)
C:\gh\azure-sdk-for-net\sdk\datashare\Microsoft.Azure.Management.DataShare\tests\ScenarioTests\DataShareE2EScenarioTests.cs(27,18): error CS0518: Predefined type 'System.Object' is not defined or imported
C:\gh\azure-sdk-for-net\sdk\datashare\Microsoft.Azure.Management.DataShare\tests\ScenarioTests\DataShareE2EScenarioTests.cs(27,45): error CS0518: Predefined type 'System.Object' is not defined or imported
C:\gh\azure-sdk-for-net\sdk\datashare\Microsoft.Azure.Management.DataShare\tests\ScenarioTests\DataShareE2EScenarioTests.cs(27,45): error CS0246: The type or namespace name 'Task' could not be found (are you missing a using directive or an assembly reference?)
C:\gh\azure-sdk-for-net\sdk\datashare\Microsoft.Azure.Management.DataShare\tests\ScenarioTests\DataShareE2EScenarioTests.cs(98,13): error CS0518: Predefined type 'System.Object' is not defined or imported
C:\gh\azure-sdk-for-net\sdk\datashare\Microsoft.Azure.Management.DataShare\tests\ScenarioTests\DataShareE2EScenarioTests.cs(98,13): error CS0246: The type or namespace name 'Func<,>' could not be found (are you missing a using directive or an assembly reference?)
C:\gh\azure-sdk-for-net\sdk\datashare\Microsoft.Azure.Management.DataShare\tests\ScenarioTests\DataShareE2EScenarioTests.cs(98,18): error CS0518: Predefined type 'System.Object' is not defined or imported
C:\gh\azure-sdk-for-net\sdk\datashare\Microsoft.Azure.Management.DataShare\tests\ScenarioTests\DataShareE2EScenarioTests.cs(98,45): error CS0518: Predefined type 'System.Object' is not defined or imported
C:\gh\azure-sdk-for-net\sdk\datashare\Microsoft.Azure.Management.DataShare\tests\ScenarioTests\DataShareE2EScenarioTests.cs(98,45): error CS0246: The type or namespace name 'Task' could not be found (are you missing a using directive or an assembly reference?)
C:\gh\azure-sdk-for-net\sdk\datashare\Microsoft.Azure.Management.DataShare\tests\ScenarioTests\DataShareE2EScenarioTests.cs(106,24): error CS0518: Predefined type 'System.Object' is not defined or imported
C:\gh\azure-sdk-for-net\sdk\datashare\Microsoft.Azure.Management.DataShare\tests\ScenarioTests\DataShareE2EScenarioTests.cs(23,27): error CS0161: 'DataShareE2EScenarioTests.DataShareE2E()': not all code paths return a value
C:\gh\azure-sdk-for-net\sdk\datashare\Microsoft.Azure.Management.DataShare\tests\ScenarioTests\DataShareE2EScenarioTests.cs(10,18): error CS0518: Predefined type 'System.Void' is not defined or imported
C:\gh\azure-sdk-for-net\sdk\datashare\Microsoft.Azure.Management.DataShare\tests\ScenarioTests\ShareScenarioTests.cs(10,5): hidden CS8019: Unnecessary using directive.
C:\gh\azure-sdk-for-net\artifacts\obj\Microsoft.Azure.Management.DataShare.Tests\Debug\netcoreapp2.0\Microsoft.Azure.Management.DataShare.Tests.AssemblyInfo.cs(11,1): hidden CS8019: Unnecessary using directive.
C:\gh\azure-sdk-for-net\sdk\datashare\Microsoft.Azure.Management.DataShare\tests\ScenarioTests\DataSetMappingScenarioTests.cs(8,5): hidden CS8019: Unnecessary using directive.
C:\gh\azure-sdk-for-net\sdk\datashare\Microsoft.Azure.Management.DataShare\tests\ScenarioTests\DataShareE2EScenarioTests.cs(8,5): hidden CS8019: Unnecessary using directive.
C:\gh\azure-sdk-for-net\sdk\datashare\Microsoft.Azure.Management.DataShare\tests\ScenarioTests\DataShareE2EScenarioTests.cs(3,5): hidden CS8019: Unnecessary using directive.
C:\gh\azure-sdk-for-net\sdk\datashare\Microsoft.Azure.Management.DataShare\tests\ScenarioTests\ShareScenarioTests.cs(8,5): hidden CS8019: Unnecessary using directive.
C:\gh\azure-sdk-for-net\sdk\datashare\Microsoft.Azure.Management.DataShare\tests\ScenarioTests\DataShareE2EScenarioTests.cs(4,5): hidden CS8019: Unnecessary using directive.
C:\gh\azure-sdk-for-net\sdk\datashare\Microsoft.Azure.Management.DataShare\tests\ScenarioTests\ScenarioTestBase.cs(8,5): hidden CS8019: Unnecessary using directive.
C:\gh\azure-sdk-for-net\sdk\datashare\Microsoft.Azure.Management.DataShare\tests\ScenarioTests\AccountScenarioTests.cs(3,5): hidden CS8019: Unnecessary using directive.
C:\gh\azure-sdk-for-net\sdk\datashare\Microsoft.Azure.Management.DataShare\tests\ScenarioTests\ScenarioTestBase.cs(9,5): hidden CS8019: Unnecessary using directive.
C:\gh\azure-sdk-for-net\sdk\datashare\Microsoft.Azure.Management.DataShare\tests\ScenarioTests\InvitationScenarioTests.cs(3,5): hidden CS8019: Unnecessary using directive.
C:\gh\azure-sdk-for-net\sdk\datashare\Microsoft.Azure.Management.DataShare\tests\ScenarioTests\AccountScenarioTests.cs(4,5): hidden CS8019: Unnecessary using directive.
C:\gh\azure-sdk-for-net\artifacts\obj\Microsoft.Azure.Management.DataShare.Tests\Debug\netcoreapp2.0\.NETCoreApp,Version=v2.0.AssemblyAttributes.cs(3,1): hidden CS8019: Unnecessary using directive.
C:\gh\azure-sdk-for-net\sdk\datashare\Microsoft.Azure.Management.DataShare\tests\ScenarioTests\InvitationScenarioTests.cs(4,5): hidden CS8019: Unnecessary using directive.
C:\gh\azure-sdk-for-net\sdk\datashare\Microsoft.Azure.Management.DataShare\tests\ScenarioTests\ScenarioTestBase.cs(7,5): hidden CS8019: Unnecessary using directive.
C:\gh\azure-sdk-for-net\sdk\datashare\Microsoft.Azure.Management.DataShare\tests\ScenarioTests\SynchronizationSettingScenarioTests.cs(3,5): hidden CS8019: Unnecessary using directive.
C:\gh\azure-sdk-for-net\sdk\datashare\Microsoft.Azure.Management.DataShare\tests\ScenarioTests\AccountScenarioTests.cs(9,5): hidden CS8019: Unnecessary using directive.
C:\gh\azure-sdk-for-net\sdk\datashare\Microsoft.Azure.Management.DataShare\tests\ScenarioTests\SynchronizationSettingScenarioTests.cs(4,5): hidden CS8019: Unnecessary using directive.
C:\gh\azure-sdk-for-net\sdk\datashare\Microsoft.Azure.Management.DataShare\tests\ScenarioTests\InvitationScenarioTests.cs(9,5): hidden CS8019: Unnecessary using directive.
C:\gh\azure-sdk-for-net\sdk\datashare\Microsoft.Azure.Management.DataShare\tests\ScenarioTests\TriggerScenarioTests.cs(3,5): hidden CS8019: Unnecessary using directive.
C:\gh\azure-sdk-for-net\sdk\datashare\Microsoft.Azure.Management.DataShare\tests\ScenarioTests\AccountScenarioTests.cs(5,5): hidden CS8019: Unnecessary using directive.
C:\gh\azure-sdk-for-net\sdk\datashare\Microsoft.Azure.Management.DataShare\tests\ScenarioTests\DataSetScenarioTests.cs(3,5): hidden CS8019: Unnecessary using directive.
C:\gh\azure-sdk-for-net\sdk\datashare\Microsoft.Azure.Management.DataShare\tests\ScenarioTests\ShareSubscriptionScenarioTests.cs(3,5): hidden CS8019: Unnecessary using directive.
C:\gh\azure-sdk-for-net\sdk\datashare\Microsoft.Azure.Management.DataShare\tests\ScenarioTests\InvitationScenarioTests.cs(5,5): hidden CS8019: Unnecessary using directive.
C:\gh\azure-sdk-for-net\sdk\datashare\Microsoft.Azure.Management.DataShare\tests\ScenarioTests\TriggerScenarioTests.cs(4,5): hidden CS8019: Unnecessary using directive.
C:\gh\azure-sdk-for-net\artifacts\obj\Microsoft.Azure.Management.DataShare.Tests\Debug\netcoreapp2.0\.NETCoreApp,Version=v2.0.AssemblyAttributes.cs(2,1): hidden CS8019: Unnecessary using directive.
C:\gh\azure-sdk-for-net\sdk\datashare\Microsoft.Azure.Management.DataShare\tests\ScenarioTests\DataSetScenarioTests.cs(4,5): hidden CS8019: Unnecessary using directive.
C:\gh\azure-sdk-for-net\sdk\datashare\Microsoft.Azure.Management.DataShare\tests\ScenarioTests\SynchronizationSettingScenarioTests.cs(9,5): hidden CS8019: Unnecessary using directive.
C:\gh\azure-sdk-for-net\sdk\datashare\Microsoft.Azure.Management.DataShare\tests\ScenarioTests\ShareSubscriptionScenarioTests.cs(4,5): hidden CS8019: Unnecessary using directive.
C:\gh\azure-sdk-for-net\sdk\datashare\Microsoft.Azure.Management.DataShare\tests\ScenarioTests\InvitationScenarioTests.cs(10,5): hidden CS8019: Unnecessary using directive.
C:\gh\azure-sdk-for-net\sdk\datashare\Microsoft.Azure.Management.DataShare\tests\ScenarioTests\SynchronizationSettingScenarioTests.cs(5,5): hidden CS8019: Unnecessary using directive.
C:\gh\azure-sdk-for-net\eng\mgmt\DisableTestRunParallel.cs(4,1): hidden CS8019: Unnecessary using directive.
C:\gh\azure-sdk-for-net\sdk\datashare\Microsoft.Azure.Management.DataShare\tests\ScenarioTests\TriggerScenarioTests.cs(9,5): hidden CS8019: Unnecessary using directive.
C:\gh\azure-sdk-for-net\sdk\datashare\Microsoft.Azure.Management.DataShare\tests\ScenarioTests\DataSetScenarioTests.cs(9,5): hidden CS8019: Unnecessary using directive.
C:\gh\azure-sdk-for-net\sdk\datashare\Microsoft.Azure.Management.DataShare\tests\ScenarioTests\ShareSubscriptionScenarioTests.cs(9,5): hidden CS8019: Unnecessary using directive.
C:\gh\azure-sdk-for-net\sdk\datashare\Microsoft.Azure.Management.DataShare\tests\ScenarioTests\AccountScenarioTests.cs(8,5): hidden CS8019: Unnecessary using directive.
C:\gh\azure-sdk-for-net\sdk\datashare\Microsoft.Azure.Management.DataShare\tests\ScenarioTests\SynchronizationSettingScenarioTests.cs(10,5): hidden CS8019: Unnecessary using directive.
C:\gh\azure-sdk-for-net\sdk\datashare\Microsoft.Azure.Management.DataShare\tests\ScenarioTests\TriggerScenarioTests.cs(5,5): hidden CS8019: Unnecessary using directive.
C:\gh\azure-sdk-for-net\sdk\datashare\Microsoft.Azure.Management.DataShare\tests\ScenarioTests\InvitationScenarioTests.cs(8,5): hidden CS8019: Unnecessary using directive.
C:\gh\azure-sdk-for-net\sdk\datashare\Microsoft.Azure.Management.DataShare\tests\ScenarioTests\DataSetScenarioTests.cs(5,5): hidden CS8019: Unnecessary using directive.
C:\gh\azure-sdk-for-net\sdk\datashare\Microsoft.Azure.Management.DataShare\tests\ScenarioTests\ShareSubscriptionScenarioTests.cs(5,5): hidden CS8019: Unnecessary using directive.
C:\gh\azure-sdk-for-net\sdk\datashare\Microsoft.Azure.Management.DataShare\tests\ScenarioTests\TriggerScenarioTests.cs(10,5): hidden CS8019: Unnecessary using directive.
C:\gh\azure-sdk-for-net\sdk\datashare\Microsoft.Azure.Management.DataShare\tests\ScenarioTests\ScenarioTestBase.cs(10,5): hidden CS8019: Unnecessary using directive.
C:\gh\azure-sdk-for-net\sdk\datashare\Microsoft.Azure.Management.DataShare\tests\ScenarioTests\ScenarioTestBase.cs(3,5): hidden CS8019: Unnecessary using directive.
C:\gh\azure-sdk-for-net\sdk\datashare\Microsoft.Azure.Management.DataShare\tests\ScenarioTests\DataSetScenarioTests.cs(10,5): hidden CS8019: Unnecessary using directive.
C:\gh\azure-sdk-for-net\sdk\datashare\Microsoft.Azure.Management.DataShare\tests\ScenarioTests\ShareSubscriptionScenarioTests.cs(10,5): hidden CS8019: Unnecessary using directive.
C:\gh\azure-sdk-for-net\sdk\datashare\Microsoft.Azure.Management.DataShare\tests\ScenarioTests\SynchronizationSettingScenarioTests.cs(8,5): hidden CS8019: Unnecessary using directive.
C:\gh\azure-sdk-for-net\sdk\datashare\Microsoft.Azure.Management.DataShare\tests\ScenarioTests\DataSetMappingScenarioTests.cs(3,5): hidden CS8019: Unnecessary using directive.
C:\gh\azure-sdk-for-net\sdk\datashare\Microsoft.Azure.Management.DataShare\tests\ScenarioTests\ScenarioTestBase.cs(4,5): hidden CS8019: Unnecessary using directive.
C:\gh\azure-sdk-for-net\sdk\datashare\Microsoft.Azure.Management.DataShare\tests\ScenarioTests\DataSetMappingScenarioTests.cs(4,5): hidden CS8019: Unnecessary using directive.
C:\gh\azure-sdk-for-net\artifacts\obj\Microsoft.Azure.Management.DataShare.Tests\Debug\netcoreapp2.0\Microsoft.Azure.Management.DataShare.Tests.AssemblyInfo.cs(12,1): hidden CS8019: Unnecessary using directive.
C:\gh\azure-sdk-for-net\sdk\datashare\Microsoft.Azure.Management.DataShare\tests\ScenarioTests\TriggerScenarioTests.cs(8,5): hidden CS8019: Unnecessary using directive.
C:\gh\azure-sdk-for-net\sdk\datashare\Microsoft.Azure.Management.DataShare\tests\ScenarioTests\ShareScenarioTests.cs(3,5): hidden CS8019: Unnecessary using directive.
C:\gh\azure-sdk-for-net\sdk\datashare\Microsoft.Azure.Management.DataShare\tests\ScenarioTests\DataSetScenarioTests.cs(8,5): hidden CS8019: Unnecessary using directive.
C:\gh\azure-sdk-for-net\sdk\datashare\Microsoft.Azure.Management.DataShare\tests\ScenarioTests\ShareSubscriptionScenarioTests.cs(8,5): hidden CS8019: Unnecessary using directive.
C:\gh\azure-sdk-for-net\sdk\datashare\Microsoft.Azure.Management.DataShare\tests\ScenarioTests\ShareScenarioTests.cs(4,5): hidden CS8019: Unnecessary using directive.
C:\gh\azure-sdk-for-net\eng\mgmt\DisableTestRunParallel.cs(5,1): hidden CS8019: Unnecessary using directive.
C:\gh\azure-sdk-for-net\sdk\datashare\Microsoft.Azure.Management.DataShare\tests\ScenarioTests\DataSetMappingScenarioTests.cs(9,5): hidden CS8019: Unnecessary using directive.
C:\gh\azure-sdk-for-net\sdk\datashare\Microsoft.Azure.Management.DataShare\tests\ScenarioTests\DataSetMappingScenarioTests.cs(5,5): hidden CS8019: Unnecessary using directive.
C:\gh\azure-sdk-for-net\sdk\datashare\Microsoft.Azure.Management.DataShare\tests\ScenarioTests\ShareScenarioTests.cs(9,5): hidden CS8019: Unnecessary using directive.
C:\gh\azure-sdk-for-net\sdk\datashare\Microsoft.Azure.Management.DataShare\tests\ScenarioTests\DataSetMappingScenarioTests.cs(10,5): hidden CS8019: Unnecessary using directive.
C:\gh\azure-sdk-for-net\sdk\datashare\Microsoft.Azure.Management.DataShare\tests\ScenarioTests\ScenarioTestBase.cs(5,5): hidden CS8019: Unnecessary using directive.
C:\gh\azure-sdk-for-net\sdk\datashare\Microsoft.Azure.Management.DataShare\tests\ScenarioTests\ShareScenarioTests.cs(5,5): hidden CS8019: Unnecessary using directive.
