C:\gh\azure-sdk-for-net\sdk\synapse\Azure.Analytics.Synapse.Spark\tests\SparkBatchClientLiveTests.cs(60,10): error CS0246: The type or namespace name 'TestAttribute' could not be found (are you missing a using directive or an assembly reference?)
C:\gh\azure-sdk-for-net\sdk\synapse\Azure.Analytics.Synapse.Spark\tests\SparkBatchClientLiveTests.cs(60,10): error CS0246: The type or namespace name 'Test' could not be found (are you missing a using directive or an assembly reference?)
C:\gh\azure-sdk-for-net\sdk\synapse\Azure.Analytics.Synapse.Spark\tests\samples\Sample2_ExecuteSparkStatementAsync.cs(19,10): error CS0246: The type or namespace name 'TestAttribute' could not be found (are you missing a using directive or an assembly reference?)
C:\gh\azure-sdk-for-net\sdk\synapse\Azure.Analytics.Synapse.Spark\tests\samples\Sample2_ExecuteSparkStatementAsync.cs(19,10): error CS0246: The type or namespace name 'Test' could not be found (are you missing a using directive or an assembly reference?)
C:\gh\azure-sdk-for-net\sdk\synapse\Azure.Analytics.Synapse.Spark\tests\SparkSessionClientLiveTests.cs(91,10): error CS0246: The type or namespace name 'TestAttribute' could not be found (are you missing a using directive or an assembly reference?)
C:\gh\azure-sdk-for-net\sdk\synapse\Azure.Analytics.Synapse.Spark\tests\SparkSessionClientLiveTests.cs(91,10): error CS0246: The type or namespace name 'Test' could not be found (are you missing a using directive or an assembly reference?)
C:\gh\azure-sdk-for-net\sdk\synapse\Azure.Analytics.Synapse.Spark\tests\SparkBatchClientLiveTests.cs(34,10): error CS0246: The type or namespace name 'TestAttribute' could not be found (are you missing a using directive or an assembly reference?)
C:\gh\azure-sdk-for-net\sdk\synapse\Azure.Analytics.Synapse.Spark\tests\SparkBatchClientLiveTests.cs(34,10): error CS0246: The type or namespace name 'Test' could not be found (are you missing a using directive or an assembly reference?)
C:\gh\azure-sdk-for-net\sdk\synapse\Azure.Analytics.Synapse.Spark\tests\SparkBatchClientLiveTests.cs(35,10): error CS0246: The type or namespace name 'IgnoreAttribute' could not be found (are you missing a using directive or an assembly reference?)
C:\gh\azure-sdk-for-net\sdk\synapse\Azure.Analytics.Synapse.Spark\tests\SparkBatchClientLiveTests.cs(35,10): error CS0246: The type or namespace name 'Ignore' could not be found (are you missing a using directive or an assembly reference?)
C:\gh\azure-sdk-for-net\sdk\synapse\Azure.Analytics.Synapse.Shared\tests\SynapseTestEventListener.cs(15,17): error CS0246: The type or namespace name 'AzureEventSourceListener' could not be found (are you missing a using directive or an assembly reference?)
C:\gh\azure-sdk-for-net\sdk\synapse\Azure.Analytics.Synapse.Spark\tests\SparkSessionClientLiveTests.cs(36,10): error CS0246: The type or namespace name 'TestAttribute' could not be found (are you missing a using directive or an assembly reference?)
C:\gh\azure-sdk-for-net\sdk\synapse\Azure.Analytics.Synapse.Spark\tests\SparkSessionClientLiveTests.cs(36,10): error CS0246: The type or namespace name 'Test' could not be found (are you missing a using directive or an assembly reference?)
C:\gh\azure-sdk-for-net\sdk\synapse\Azure.Analytics.Synapse.Spark\tests\SparkSessionClientLiveTests.cs(37,10): error CS0246: The type or namespace name 'IgnoreAttribute' could not be found (are you missing a using directive or an assembly reference?)
C:\gh\azure-sdk-for-net\sdk\synapse\Azure.Analytics.Synapse.Spark\tests\SparkSessionClientLiveTests.cs(37,10): error CS0246: The type or namespace name 'Ignore' could not be found (are you missing a using directive or an assembly reference?)
C:\gh\azure-sdk-for-net\sdk\synapse\Azure.Analytics.Synapse.Spark\tests\samples\Sample1_SubmitSparkJobAsync.cs(19,10): error CS0246: The type or namespace name 'TestAttribute' could not be found (are you missing a using directive or an assembly reference?)
C:\gh\azure-sdk-for-net\sdk\synapse\Azure.Analytics.Synapse.Spark\tests\samples\Sample1_SubmitSparkJobAsync.cs(19,10): error CS0246: The type or namespace name 'Test' could not be found (are you missing a using directive or an assembly reference?)
C:\gh\azure-sdk-for-net\sdk\synapse\Azure.Analytics.Synapse.Spark\tests\SparkClientTestBase.cs(13,6): error CS0246: The type or namespace name 'NonParallelizableAttribute' could not be found (are you missing a using directive or an assembly reference?)
C:\gh\azure-sdk-for-net\sdk\synapse\Azure.Analytics.Synapse.Spark\tests\SparkClientTestBase.cs(13,6): error CS0246: The type or namespace name 'NonParallelizable' could not be found (are you missing a using directive or an assembly reference?)
C:\gh\azure-sdk-for-net\sdk\synapse\Azure.Analytics.Synapse.Spark\tests\samples\Sample1_SubmitSparkJob.cs(8,13): error CS0234: The type or namespace name 'Identity' does not exist in the namespace 'Azure' (are you missing an assembly reference?)
C:\gh\azure-sdk-for-net\sdk\synapse\Azure.Analytics.Synapse.Spark\tests\samples\Sample1_SubmitSparkJob.cs(9,7): error CS0246: The type or namespace name 'NUnit' could not be found (are you missing a using directive or an assembly reference?)
C:\gh\azure-sdk-for-net\sdk\synapse\Azure.Analytics.Synapse.Spark\tests\samples\Sample1_SubmitSparkJobAsync.cs(9,13): error CS0234: The type or namespace name 'Identity' does not exist in the namespace 'Azure' (are you missing an assembly reference?)
C:\gh\azure-sdk-for-net\sdk\synapse\Azure.Analytics.Synapse.Spark\tests\samples\Sample1_SubmitSparkJobAsync.cs(10,7): error CS0246: The type or namespace name 'NUnit' could not be found (are you missing a using directive or an assembly reference?)
C:\gh\azure-sdk-for-net\sdk\synapse\Azure.Analytics.Synapse.Spark\tests\samples\Sample2_ExecuteSparkStatement.cs(8,13): error CS0234: The type or namespace name 'Identity' does not exist in the namespace 'Azure' (are you missing an assembly reference?)
C:\gh\azure-sdk-for-net\sdk\synapse\Azure.Analytics.Synapse.Spark\tests\samples\Sample2_ExecuteSparkStatement.cs(9,7): error CS0246: The type or namespace name 'NUnit' could not be found (are you missing a using directive or an assembly reference?)
C:\gh\azure-sdk-for-net\sdk\synapse\Azure.Analytics.Synapse.Spark\tests\samples\Sample2_ExecuteSparkStatementAsync.cs(9,13): error CS0234: The type or namespace name 'Identity' does not exist in the namespace 'Azure' (are you missing an assembly reference?)
C:\gh\azure-sdk-for-net\sdk\synapse\Azure.Analytics.Synapse.Spark\tests\samples\Sample2_ExecuteSparkStatementAsync.cs(10,7): error CS0246: The type or namespace name 'NUnit' could not be found (are you missing a using directive or an assembly reference?)
C:\gh\azure-sdk-for-net\sdk\synapse\Azure.Analytics.Synapse.Spark\tests\SparkBatchClientLiveTests.cs(5,7): error CS0246: The type or namespace name 'NUnit' could not be found (are you missing a using directive or an assembly reference?)
C:\gh\azure-sdk-for-net\sdk\synapse\Azure.Analytics.Synapse.Spark\tests\SparkClientTestBase.cs(7,7): error CS0246: The type or namespace name 'NUnit' could not be found (are you missing a using directive or an assembly reference?)
C:\gh\azure-sdk-for-net\sdk\synapse\Azure.Analytics.Synapse.Spark\tests\SparkSessionClientLiveTests.cs(5,7): error CS0246: The type or namespace name 'NUnit' could not be found (are you missing a using directive or an assembly reference?)
C:\gh\azure-sdk-for-net\sdk\synapse\Azure.Analytics.Synapse.Spark\tests\SparkSessionClientLiveTests.cs(6,7): error CS0246: The type or namespace name 'NUnit' could not be found (are you missing a using directive or an assembly reference?)
C:\gh\azure-sdk-for-net\sdk\synapse\Azure.Analytics.Synapse.Spark\tests\SparkSessionClientLiveTests.cs(10,19): error CS0234: The type or namespace name 'Json' does not exist in the namespace 'System.Text' (are you missing an assembly reference?)
C:\gh\azure-sdk-for-net\sdk\synapse\Azure.Analytics.Synapse.Shared\tests\SampleFixture.cs(6,7): error CS0246: The type or namespace name 'NUnit' could not be found (are you missing a using directive or an assembly reference?)
C:\gh\azure-sdk-for-net\sdk\synapse\Azure.Analytics.Synapse.Shared\tests\SynapseTestEventListener.cs(6,18): error CS0234: The type or namespace name 'Diagnostics' does not exist in the namespace 'Azure.Core' (are you missing an assembly reference?)
C:\gh\azure-sdk-for-net\sdk\synapse\Azure.Analytics.Synapse.Shared\tests\SampleFixture.cs(10,6): error CS0012: The type 'NUnitAttribute' is defined in an assembly that is not referenced. You must add a reference to assembly 'nunit.framework, Version=3.12.0.0, Culture=neutral, PublicKeyToken=2638cd05610744eb'.
C:\gh\azure-sdk-for-net\sdk\synapse\Azure.Analytics.Synapse.Shared\tests\SampleFixture.cs(11,6): error CS0246: The type or namespace name 'NonParallelizableAttribute' could not be found (are you missing a using directive or an assembly reference?)
C:\gh\azure-sdk-for-net\sdk\synapse\Azure.Analytics.Synapse.Shared\tests\SampleFixture.cs(11,6): error CS0246: The type or namespace name 'NonParallelizable' could not be found (are you missing a using directive or an assembly reference?)
C:\gh\azure-sdk-for-net\sdk\synapse\Azure.Analytics.Synapse.Spark\tests\samples\Sample2_ExecuteSparkStatement.cs(18,10): error CS0246: The type or namespace name 'TestAttribute' could not be found (are you missing a using directive or an assembly reference?)
C:\gh\azure-sdk-for-net\sdk\synapse\Azure.Analytics.Synapse.Spark\tests\samples\Sample2_ExecuteSparkStatement.cs(18,10): error CS0246: The type or namespace name 'Test' could not be found (are you missing a using directive or an assembly reference?)
C:\gh\azure-sdk-for-net\sdk\synapse\Azure.Analytics.Synapse.Spark\tests\samples\Sample1_SubmitSparkJob.cs(18,10): error CS0246: The type or namespace name 'TestAttribute' could not be found (are you missing a using directive or an assembly reference?)
C:\gh\azure-sdk-for-net\sdk\synapse\Azure.Analytics.Synapse.Spark\tests\samples\Sample1_SubmitSparkJob.cs(18,10): error CS0246: The type or namespace name 'Test' could not be found (are you missing a using directive or an assembly reference?)
C:\gh\azure-sdk-for-net\sdk\synapse\Azure.Analytics.Synapse.Shared\tests\SampleFixture.cs(16,10): error CS0246: The type or namespace name 'SetUpAttribute' could not be found (are you missing a using directive or an assembly reference?)
C:\gh\azure-sdk-for-net\sdk\synapse\Azure.Analytics.Synapse.Shared\tests\SampleFixture.cs(16,10): error CS0246: The type or namespace name 'SetUp' could not be found (are you missing a using directive or an assembly reference?)
C:\gh\azure-sdk-for-net\sdk\synapse\Azure.Analytics.Synapse.Shared\tests\SampleFixture.cs(19,10): error CS0246: The type or namespace name 'TearDownAttribute' could not be found (are you missing a using directive or an assembly reference?)
C:\gh\azure-sdk-for-net\sdk\synapse\Azure.Analytics.Synapse.Shared\tests\SampleFixture.cs(19,10): error CS0246: The type or namespace name 'TearDown' could not be found (are you missing a using directive or an assembly reference?)
C:\gh\azure-sdk-for-net\sdk\synapse\Azure.Analytics.Synapse.Shared\tests\SynapseTestEventListener.cs(25,29): error CS0103: The name 'AzureEventSourceListener' does not exist in the current context
C:\gh\azure-sdk-for-net\sdk\synapse\Azure.Analytics.Synapse.Spark\tests\SparkTestUtilities.cs(23,24): error CS0518: Predefined type 'System.Void' is not defined or imported
C:\gh\azure-sdk-for-net\sdk\synapse\Azure.Analytics.Synapse.Spark\tests\SparkTestUtilities.cs(25,17): error CS0518: Predefined type 'System.String' is not defined or imported
C:\gh\azure-sdk-for-net\sdk\synapse\Azure.Analytics.Synapse.Spark\tests\SparkTestUtilities.cs(26,17): error CS0246: The type or namespace name 'IList<>' could not be found (are you missing a using directive or an assembly reference?)
C:\gh\azure-sdk-for-net\sdk\synapse\Azure.Analytics.Synapse.Spark\tests\SparkTestUtilities.cs(31,17): error CS0518: Predefined type 'System.String' is not defined or imported
C:\gh\azure-sdk-for-net\sdk\synapse\Azure.Analytics.Synapse.Spark\tests\SparkTestUtilities.cs(32,17): error CS0518: Predefined type 'System.Nullable`1' is not defined or imported
C:\gh\azure-sdk-for-net\sdk\synapse\Azure.Analytics.Synapse.Spark\tests\SparkTestUtilities.cs(33,17): error CS0518: Predefined type 'System.String' is not defined or imported
C:\gh\azure-sdk-for-net\sdk\synapse\Azure.Analytics.Synapse.Spark\tests\SparkTestUtilities.cs(34,17): error CS0518: Predefined type 'System.Nullable`1' is not defined or imported
C:\gh\azure-sdk-for-net\sdk\synapse\Azure.Analytics.Synapse.Spark\tests\SparkTestUtilities.cs(35,17): error CS0518: Predefined type 'System.Nullable`1' is not defined or imported
C:\gh\azure-sdk-for-net\sdk\synapse\Azure.Analytics.Synapse.Spark\tests\SparkTestUtilities.cs(47,24): error CS0518: Predefined type 'System.Void' is not defined or imported
C:\gh\azure-sdk-for-net\sdk\synapse\Azure.Analytics.Synapse.Spark\tests\SparkTestUtilities.cs(49,17): error CS0518: Predefined type 'System.String' is not defined or imported
C:\gh\azure-sdk-for-net\sdk\synapse\Azure.Analytics.Synapse.Spark\tests\SparkTestUtilities.cs(50,17): error CS0518: Predefined type 'System.Nullable`1' is not defined or imported
C:\gh\azure-sdk-for-net\sdk\synapse\Azure.Analytics.Synapse.Spark\tests\SparkTestUtilities.cs(51,17): error CS0518: Predefined type 'System.String' is not defined or imported
C:\gh\azure-sdk-for-net\sdk\synapse\Azure.Analytics.Synapse.Spark\tests\SparkTestUtilities.cs(52,17): error CS0518: Predefined type 'System.Nullable`1' is not defined or imported
C:\gh\azure-sdk-for-net\sdk\synapse\Azure.Analytics.Synapse.Spark\tests\SparkTestUtilities.cs(53,17): error CS0518: Predefined type 'System.Nullable`1' is not defined or imported
C:\gh\azure-sdk-for-net\sdk\synapse\Azure.Analytics.Synapse.Spark\tests\SparkTestUtilities.cs(65,55): error CS0246: The type or namespace name 'Task<>' could not be found (are you missing a using directive or an assembly reference?)
C:\gh\azure-sdk-for-net\sdk\synapse\Azure.Analytics.Synapse.Spark\tests\SparkTestUtilities.cs(66,40): error CS0518: Predefined type 'System.Int32' is not defined or imported
C:\gh\azure-sdk-for-net\sdk\synapse\Azure.Analytics.Synapse.Spark\tests\SparkTestUtilities.cs(68,39): error CS0246: The type or namespace name 'IReadOnlyList<>' could not be found (are you missing a using directive or an assembly reference?)
C:\gh\azure-sdk-for-net\sdk\synapse\Azure.Analytics.Synapse.Spark\tests\SparkBatchClientLiveTests.cs(40,57): error CS0246: The type or namespace name 'Task<>' could not be found (are you missing a using directive or an assembly reference?)
C:\gh\azure-sdk-for-net\sdk\synapse\Azure.Analytics.Synapse.Spark\tests\SparkBatchClientLiveTests.cs(41,69): error CS0246: The type or namespace name 'Operation<>' could not be found (are you missing a using directive or an assembly reference?)
C:\gh\azure-sdk-for-net\sdk\synapse\Azure.Analytics.Synapse.Spark\tests\SparkBatchClientLiveTests.cs(41,53): error CS0246: The type or namespace name 'ValueTask<>' could not be found (are you missing a using directive or an assembly reference?)
C:\gh\azure-sdk-for-net\sdk\synapse\Azure.Analytics.Synapse.Spark\tests\SparkBatchClientLiveTests.cs(44,13): error CS0103: The name 'Assert' does not exist in the current context
C:\gh\azure-sdk-for-net\sdk\synapse\Azure.Analytics.Synapse.Spark\tests\SparkBatchClientLiveTests.cs(44,60): error CS0518: Predefined type 'System.String' is not defined or imported
C:\gh\azure-sdk-for-net\sdk\synapse\Azure.Analytics.Synapse.Spark\tests\SparkBatchClientLiveTests.cs(44,124): error CS0518: Predefined type 'System.Nullable`1' is not defined or imported
C:\gh\azure-sdk-for-net\sdk\synapse\Azure.Analytics.Synapse.Spark\tests\SparkBatchClientLiveTests.cs(47,39): error CS0518: Predefined type 'System.Int32' is not defined or imported
C:\gh\azure-sdk-for-net\sdk\synapse\Azure.Analytics.Synapse.Spark\tests\SparkBatchClientLiveTests.cs(48,39): error CS0518: Predefined type 'System.String' is not defined or imported
C:\gh\azure-sdk-for-net\sdk\synapse\Azure.Analytics.Synapse.Spark\tests\SparkBatchClientLiveTests.cs(49,39): error CS0518: Predefined type 'System.Nullable`1' is not defined or imported
C:\gh\azure-sdk-for-net\sdk\synapse\Azure.Analytics.Synapse.Spark\tests\SparkBatchClientLiveTests.cs(50,57): error CS0246: The type or namespace name 'IReadOnlyList<>' could not be found (are you missing a using directive or an assembly reference?)
C:\gh\azure-sdk-for-net\sdk\synapse\Azure.Analytics.Synapse.Spark\tests\SparkBatchClientLiveTests.cs(45,17): error CS0518: Predefined type 'System.ValueType' is not defined or imported
C:\gh\azure-sdk-for-net\sdk\synapse\Azure.Analytics.Synapse.Spark\tests\SparkBatchClientLiveTests.cs(56,13): error CS0103: The name 'Assert' does not exist in the current context
C:\gh\azure-sdk-for-net\sdk\synapse\Azure.Analytics.Synapse.Spark\tests\SparkBatchClientLiveTests.cs(57,13): error CS0103: The name 'Assert' does not exist in the current context
C:\gh\azure-sdk-for-net\sdk\synapse\Azure.Analytics.Synapse.Spark\tests\SparkBatchClientLiveTests.cs(57,58): error CS0518: Predefined type 'System.Int32' is not defined or imported
C:\gh\azure-sdk-for-net\sdk\synapse\Azure.Analytics.Synapse.Spark\tests\SparkBatchClientLiveTests.cs(57,82): error CS0518: Predefined type 'System.Int32' is not defined or imported
C:\gh\azure-sdk-for-net\sdk\synapse\Azure.Analytics.Synapse.Spark\tests\SparkClientTestBase.cs(41,13): error CS0246: The type or namespace name 'TestContext' could not be found (are you missing a using directive or an assembly reference?)
C:\gh\azure-sdk-for-net\sdk\synapse\Azure.Analytics.Synapse.Spark\tests\SparkClientTestBase.cs(41,51): error CS0103: The name 'TestContext' does not exist in the current context
C:\gh\azure-sdk-for-net\sdk\synapse\Azure.Analytics.Synapse.Spark\tests\SparkClientTestBase.cs(47,33): error CS0103: The name 'TestContext' does not exist in the current context
C:\gh\azure-sdk-for-net\sdk\synapse\Azure.Analytics.Synapse.Spark\tests\SparkTestUtilities.cs(81,54): error CS0246: The type or namespace name 'Task<>' could not be found (are you missing a using directive or an assembly reference?)
C:\gh\azure-sdk-for-net\sdk\synapse\Azure.Analytics.Synapse.Spark\tests\SparkTestUtilities.cs(82,40): error CS0518: Predefined type 'System.Int32' is not defined or imported
C:\gh\azure-sdk-for-net\sdk\synapse\Azure.Analytics.Synapse.Spark\tests\SparkTestUtilities.cs(84,40): error CS0246: The type or namespace name 'IReadOnlyList<>' could not be found (are you missing a using directive or an assembly reference?)
C:\gh\azure-sdk-for-net\sdk\synapse\Azure.Analytics.Synapse.Spark\tests\SparkBatchClientLiveTests.cs(63,56): error CS0246: The type or namespace name 'Task<>' could not be found (are you missing a using directive or an assembly reference?)
C:\gh\azure-sdk-for-net\sdk\synapse\Azure.Analytics.Synapse.Spark\tests\SparkBatchClientLiveTests.cs(64,66): error CS0246: The type or namespace name 'IReadOnlyList<>' could not be found (are you missing a using directive or an assembly reference?)
C:\gh\azure-sdk-for-net\sdk\synapse\Azure.Analytics.Synapse.Spark\tests\SparkBatchClientLiveTests.cs(68,114): error CS0518: Predefined type 'System.Int32' is not defined or imported
C:\gh\azure-sdk-for-net\sdk\synapse\Azure.Analytics.Synapse.Spark\tests\SparkBatchClientLiveTests.cs(68,58): error CS0246: The type or namespace name 'Task<>' could not be found (are you missing a using directive or an assembly reference?)
C:\gh\azure-sdk-for-net\sdk\synapse\Azure.Analytics.Synapse.Spark\tests\SparkBatchClientLiveTests.cs(71,30): error CS0234: The type or namespace name 'RequestFailedException' does not exist in the namespace 'Azure' (are you missing an assembly reference?)
C:\gh\azure-sdk-for-net\sdk\synapse\Azure.Analytics.Synapse.Spark\tests\SparkClientTestBase.cs(55,33): error CS0012: The type 'TokenCredential' is defined in an assembly that is not referenced. You must add a reference to assembly 'Azure.Core, Version=1.4.1.0, Culture=neutral, PublicKeyToken=92742159e12e44c8'.
C:\gh\azure-sdk-for-net\sdk\synapse\Azure.Analytics.Synapse.Spark\tests\SparkClientTestBase.cs(56,45): error CS0518: Predefined type 'System.Void' is not defined or imported
C:\gh\azure-sdk-for-net\sdk\synapse\Azure.Analytics.Synapse.Spark\tests\SparkClientTestBase.cs(52,41): error CS0518: Predefined type 'System.Void' is not defined or imported
C:\gh\azure-sdk-for-net\sdk\synapse\Azure.Analytics.Synapse.Spark\tests\samples\Sample1_SubmitSparkJob.cs(35,98): error CS0246: The type or namespace name 'DefaultAzureCredential' could not be found (are you missing a using directive or an assembly reference?)
C:\gh\azure-sdk-for-net\sdk\synapse\Azure.Analytics.Synapse.Spark\tests\samples\Sample1_SubmitSparkJob.cs(35,43): error CS0518: Predefined type 'System.Void' is not defined or imported
C:\gh\azure-sdk-for-net\sdk\synapse\Azure.Analytics.Synapse.Spark\tests\samples\Sample1_SubmitSparkJob.cs(41,48): error CS0518: Predefined type 'System.Void' is not defined or imported
C:\gh\azure-sdk-for-net\sdk\synapse\Azure.Analytics.Synapse.Spark\tests\samples\Sample1_SubmitSparkJob.cs(43,17): error CS0518: Predefined type 'System.String' is not defined or imported
C:\gh\azure-sdk-for-net\sdk\synapse\Azure.Analytics.Synapse.Spark\tests\samples\Sample1_SubmitSparkJob.cs(44,17): error CS0246: The type or namespace name 'IList<>' could not be found (are you missing a using directive or an assembly reference?)
C:\gh\azure-sdk-for-net\sdk\synapse\Azure.Analytics.Synapse.Spark\tests\samples\Sample1_SubmitSparkJob.cs(49,17): error CS0518: Predefined type 'System.String' is not defined or imported
C:\gh\azure-sdk-for-net\sdk\synapse\Azure.Analytics.Synapse.Spark\tests\samples\Sample1_SubmitSparkJob.cs(50,17): error CS0518: Predefined type 'System.Nullable`1' is not defined or imported
C:\gh\azure-sdk-for-net\sdk\synapse\Azure.Analytics.Synapse.Spark\tests\samples\Sample1_SubmitSparkJob.cs(51,17): error CS0518: Predefined type 'System.String' is not defined or imported
C:\gh\azure-sdk-for-net\sdk\synapse\Azure.Analytics.Synapse.Spark\tests\samples\Sample1_SubmitSparkJob.cs(52,17): error CS0518: Predefined type 'System.Nullable`1' is not defined or imported
C:\gh\azure-sdk-for-net\sdk\synapse\Azure.Analytics.Synapse.Spark\tests\samples\Sample1_SubmitSparkJob.cs(53,17): error CS0518: Predefined type 'System.Nullable`1' is not defined or imported
C:\gh\azure-sdk-for-net\sdk\synapse\Azure.Analytics.Synapse.Spark\tests\samples\Sample1_SubmitSparkJob.cs(56,51): error CS0518: Predefined type 'System.Nullable`1' is not defined or imported
C:\gh\azure-sdk-for-net\sdk\synapse\Azure.Analytics.Synapse.Spark\tests\samples\Sample1_SubmitSparkJob.cs(57,37): error CS0518: Predefined type 'System.Boolean' is not defined or imported
C:\gh\azure-sdk-for-net\sdk\synapse\Azure.Analytics.Synapse.Spark\tests\samples\Sample1_SubmitSparkJob.cs(60,33): error CS0246: The type or namespace name 'Operation<>' could not be found (are you missing a using directive or an assembly reference?)
C:\gh\azure-sdk-for-net\sdk\synapse\Azure.Analytics.Synapse.Spark\tests\samples\Sample1_SubmitSparkJob.cs(60,17): error CS0246: The type or namespace name 'Response' could not be found (are you missing a using directive or an assembly reference?)
C:\gh\azure-sdk-for-net\sdk\synapse\Azure.Analytics.Synapse.Spark\tests\samples\Sample1_SubmitSparkJob.cs(66,13): error CS0246: The type or namespace name 'Response<>' could not be found (are you missing a using directive or an assembly reference?)
C:\gh\azure-sdk-for-net\sdk\synapse\Azure.Analytics.Synapse.Spark\tests\samples\Sample1_SubmitSparkJob.cs(66,54): error CS0246: The type or namespace name 'Response<>' could not be found (are you missing a using directive or an assembly reference?)
C:\gh\azure-sdk-for-net\sdk\synapse\Azure.Analytics.Synapse.Spark\tests\samples\Sample1_SubmitSparkJob.cs(69,39): error CS0518: Predefined type 'System.String' is not defined or imported
C:\gh\azure-sdk-for-net\sdk\synapse\Azure.Analytics.Synapse.Spark\tests\samples\Sample1_SubmitSparkJob.cs(74,78): error CS0518: Predefined type 'System.Int32' is not defined or imported
C:\gh\azure-sdk-for-net\sdk\synapse\Azure.Analytics.Synapse.Spark\tests\samples\Sample1_SubmitSparkJob.cs(74,42): error CS0246: The type or namespace name 'Response<>' could not be found (are you missing a using directive or an assembly reference?)
C:\gh\azure-sdk-for-net\sdk\synapse\Azure.Analytics.Synapse.Spark\tests\samples\Sample1_SubmitSparkJob.cs(75,71): error CS0518: Predefined type 'System.String' is not defined or imported
C:\gh\azure-sdk-for-net\sdk\synapse\Azure.Analytics.Synapse.Spark\tests\samples\Sample1_SubmitSparkJob.cs(75,101): error CS0518: Predefined type 'System.String' is not defined or imported
C:\gh\azure-sdk-for-net\sdk\synapse\Azure.Analytics.Synapse.Spark\tests\samples\Sample1_SubmitSparkJob.cs(79,13): error CS0246: The type or namespace name 'Response' could not be found (are you missing a using directive or an assembly reference?)
C:\gh\azure-sdk-for-net\sdk\synapse\Azure.Analytics.Synapse.Spark\tests\samples\Sample1_SubmitSparkJob.cs(79,72): error CS0518: Predefined type 'System.Int32' is not defined or imported
C:\gh\azure-sdk-for-net\sdk\synapse\Azure.Analytics.Synapse.Spark\tests\samples\Sample1_SubmitSparkJob.cs(79,34): error CS0246: The type or namespace name 'Response' could not be found (are you missing a using directive or an assembly reference?)
C:\gh\azure-sdk-for-net\sdk\synapse\Azure.Analytics.Synapse.Spark\tests\samples\Sample2_ExecuteSparkStatement.cs(29,102): error CS0246: The type or namespace name 'DefaultAzureCredential' could not be found (are you missing a using directive or an assembly reference?)
C:\gh\azure-sdk-for-net\sdk\synapse\Azure.Analytics.Synapse.Spark\tests\samples\Sample2_ExecuteSparkStatement.cs(29,45): error CS0518: Predefined type 'System.Void' is not defined or imported
C:\gh\azure-sdk-for-net\sdk\synapse\Azure.Analytics.Synapse.Spark\tests\samples\Sample2_ExecuteSparkStatement.cs(33,47): error CS0518: Predefined type 'System.Void' is not defined or imported
C:\gh\azure-sdk-for-net\sdk\synapse\Azure.Analytics.Synapse.Spark\tests\samples\Sample2_ExecuteSparkStatement.cs(35,17): error CS0518: Predefined type 'System.String' is not defined or imported
C:\gh\azure-sdk-for-net\sdk\synapse\Azure.Analytics.Synapse.Spark\tests\samples\Sample2_ExecuteSparkStatement.cs(36,17): error CS0518: Predefined type 'System.Nullable`1' is not defined or imported
C:\gh\azure-sdk-for-net\sdk\synapse\Azure.Analytics.Synapse.Spark\tests\samples\Sample2_ExecuteSparkStatement.cs(37,17): error CS0518: Predefined type 'System.String' is not defined or imported
C:\gh\azure-sdk-for-net\sdk\synapse\Azure.Analytics.Synapse.Spark\tests\samples\Sample2_ExecuteSparkStatement.cs(38,17): error CS0518: Predefined type 'System.Nullable`1' is not defined or imported
C:\gh\azure-sdk-for-net\sdk\synapse\Azure.Analytics.Synapse.Spark\tests\samples\Sample2_ExecuteSparkStatement.cs(39,17): error CS0518: Predefined type 'System.Nullable`1' is not defined or imported
C:\gh\azure-sdk-for-net\sdk\synapse\Azure.Analytics.Synapse.Spark\tests\samples\Sample2_ExecuteSparkStatement.cs(42,60): error CS0518: Predefined type 'System.Nullable`1' is not defined or imported
C:\gh\azure-sdk-for-net\sdk\synapse\Azure.Analytics.Synapse.Spark\tests\samples\Sample2_ExecuteSparkStatement.cs(43,44): error CS0518: Predefined type 'System.Boolean' is not defined or imported
C:\gh\azure-sdk-for-net\sdk\synapse\Azure.Analytics.Synapse.Spark\tests\samples\Sample2_ExecuteSparkStatement.cs(46,40): error CS0246: The type or namespace name 'Operation<>' could not be found (are you missing a using directive or an assembly reference?)
C:\gh\azure-sdk-for-net\sdk\synapse\Azure.Analytics.Synapse.Spark\tests\samples\Sample2_ExecuteSparkStatement.cs(46,17): error CS0246: The type or namespace name 'Response' could not be found (are you missing a using directive or an assembly reference?)
C:\gh\azure-sdk-for-net\sdk\synapse\Azure.Analytics.Synapse.Spark\tests\samples\Sample2_ExecuteSparkStatement.cs(52,74): error CS0518: Predefined type 'System.Int32' is not defined or imported
C:\gh\azure-sdk-for-net\sdk\synapse\Azure.Analytics.Synapse.Spark\tests\samples\Sample2_ExecuteSparkStatement.cs(52,36): error CS0246: The type or namespace name 'Response<>' could not be found (are you missing a using directive or an assembly reference?)
C:\gh\azure-sdk-for-net\sdk\synapse\Azure.Analytics.Synapse.Spark\tests\samples\Sample2_ExecuteSparkStatement.cs(53,70): error CS0518: Predefined type 'System.String' is not defined or imported
C:\gh\azure-sdk-for-net\sdk\synapse\Azure.Analytics.Synapse.Spark\tests\samples\Sample2_ExecuteSparkStatement.cs(53,95): error CS0518: Predefined type 'System.String' is not defined or imported
C:\gh\azure-sdk-for-net\sdk\synapse\Azure.Analytics.Synapse.Spark\tests\samples\Sample2_ExecuteSparkStatement.cs(57,63): error CS0518: Predefined type 'System.Void' is not defined or imported
C:\gh\azure-sdk-for-net\sdk\synapse\Azure.Analytics.Synapse.Spark\tests\samples\Sample2_ExecuteSparkStatement.cs(59,17): error CS0518: Predefined type 'System.Nullable`1' is not defined or imported
C:\gh\azure-sdk-for-net\sdk\synapse\Azure.Analytics.Synapse.Spark\tests\samples\Sample2_ExecuteSparkStatement.cs(60,17): error CS0518: Predefined type 'System.String' is not defined or imported
C:\gh\azure-sdk-for-net\sdk\synapse\Azure.Analytics.Synapse.Spark\tests\samples\Sample2_ExecuteSparkStatement.cs(63,112): error CS0518: Predefined type 'System.Int32' is not defined or imported
C:\gh\azure-sdk-for-net\sdk\synapse\Azure.Analytics.Synapse.Spark\tests\samples\Sample2_ExecuteSparkStatement.cs(63,71): error CS0122: 'SparkSessionClient.StartCreateSparkStatement(int, SparkStatementOptions, CancellationToken)' is inaccessible due to its protection level
C:\gh\azure-sdk-for-net\sdk\synapse\Azure.Analytics.Synapse.Spark\tests\samples\Sample2_ExecuteSparkStatement.cs(64,46): error CS0518: Predefined type 'System.Boolean' is not defined or imported
C:\gh\azure-sdk-for-net\sdk\synapse\Azure.Analytics.Synapse.Spark\tests\samples\Sample2_ExecuteSparkStatement.cs(67,42): error CS0246: The type or namespace name 'Operation<>' could not be found (are you missing a using directive or an assembly reference?)
C:\gh\azure-sdk-for-net\sdk\synapse\Azure.Analytics.Synapse.Spark\tests\samples\Sample2_ExecuteSparkStatement.cs(67,17): error CS0246: The type or namespace name 'Response' could not be found (are you missing a using directive or an assembly reference?)
C:\gh\azure-sdk-for-net\sdk\synapse\Azure.Analytics.Synapse.Spark\tests\samples\Sample2_ExecuteSparkStatement.cs(73,80): error CS0518: Predefined type 'System.Int32' is not defined or imported
C:\gh\azure-sdk-for-net\sdk\synapse\Azure.Analytics.Synapse.Spark\tests\samples\Sample2_ExecuteSparkStatement.cs(73,101): error CS0518: Predefined type 'System.Int32' is not defined or imported
C:\gh\azure-sdk-for-net\sdk\synapse\Azure.Analytics.Synapse.Spark\tests\samples\Sample2_ExecuteSparkStatement.cs(73,40): error CS0246: The type or namespace name 'Response<>' could not be found (are you missing a using directive or an assembly reference?)
C:\gh\azure-sdk-for-net\sdk\synapse\Azure.Analytics.Synapse.Spark\tests\samples\Sample2_ExecuteSparkStatement.cs(74,72): error CS0518: Predefined type 'System.Int32' is not defined or imported
C:\gh\azure-sdk-for-net\sdk\synapse\Azure.Analytics.Synapse.Spark\tests\samples\Sample2_ExecuteSparkStatement.cs(74,97): error CS0518: Predefined type 'System.String' is not defined or imported
C:\gh\azure-sdk-for-net\sdk\synapse\Azure.Analytics.Synapse.Spark\tests\samples\Sample2_ExecuteSparkStatement.cs(78,110): error CS0518: Predefined type 'System.Int32' is not defined or imported
C:\gh\azure-sdk-for-net\sdk\synapse\Azure.Analytics.Synapse.Spark\tests\samples\Sample2_ExecuteSparkStatement.cs(78,131): error CS0518: Predefined type 'System.Int32' is not defined or imported
C:\gh\azure-sdk-for-net\sdk\synapse\Azure.Analytics.Synapse.Spark\tests\samples\Sample2_ExecuteSparkStatement.cs(78,67): error CS0246: The type or namespace name 'Response<>' could not be found (are you missing a using directive or an assembly reference?)
C:\gh\azure-sdk-for-net\sdk\synapse\Azure.Analytics.Synapse.Spark\tests\samples\Sample2_ExecuteSparkStatement.cs(79,87): error CS0518: Predefined type 'System.String' is not defined or imported
C:\gh\azure-sdk-for-net\sdk\synapse\Azure.Analytics.Synapse.Spark\tests\samples\Sample2_ExecuteSparkStatement.cs(83,13): error CS0246: The type or namespace name 'Response' could not be found (are you missing a using directive or an assembly reference?)
C:\gh\azure-sdk-for-net\sdk\synapse\Azure.Analytics.Synapse.Spark\tests\samples\Sample2_ExecuteSparkStatement.cs(83,75): error CS0518: Predefined type 'System.Int32' is not defined or imported
C:\gh\azure-sdk-for-net\sdk\synapse\Azure.Analytics.Synapse.Spark\tests\samples\Sample2_ExecuteSparkStatement.cs(83,34): error CS0246: The type or namespace name 'Response' could not be found (are you missing a using directive or an assembly reference?)
C:\gh\azure-sdk-for-net\sdk\synapse\Azure.Analytics.Synapse.Spark\tests\samples\Sample2_ExecuteSparkStatementAsync.cs(30,102): error CS0246: The type or namespace name 'DefaultAzureCredential' could not be found (are you missing a using directive or an assembly reference?)
C:\gh\azure-sdk-for-net\sdk\synapse\Azure.Analytics.Synapse.Spark\tests\samples\Sample2_ExecuteSparkStatementAsync.cs(30,45): error CS0518: Predefined type 'System.Void' is not defined or imported
C:\gh\azure-sdk-for-net\sdk\synapse\Azure.Analytics.Synapse.Spark\tests\samples\Sample2_ExecuteSparkStatementAsync.cs(34,47): error CS0518: Predefined type 'System.Void' is not defined or imported
C:\gh\azure-sdk-for-net\sdk\synapse\Azure.Analytics.Synapse.Spark\tests\samples\Sample2_ExecuteSparkStatementAsync.cs(36,17): error CS0518: Predefined type 'System.String' is not defined or imported
C:\gh\azure-sdk-for-net\sdk\synapse\Azure.Analytics.Synapse.Spark\tests\samples\Sample2_ExecuteSparkStatementAsync.cs(37,17): error CS0518: Predefined type 'System.Nullable`1' is not defined or imported
C:\gh\azure-sdk-for-net\sdk\synapse\Azure.Analytics.Synapse.Spark\tests\samples\Sample2_ExecuteSparkStatementAsync.cs(38,17): error CS0518: Predefined type 'System.String' is not defined or imported
C:\gh\azure-sdk-for-net\sdk\synapse\Azure.Analytics.Synapse.Spark\tests\samples\Sample2_ExecuteSparkStatementAsync.cs(39,17): error CS0518: Predefined type 'System.Nullable`1' is not defined or imported
C:\gh\azure-sdk-for-net\sdk\synapse\Azure.Analytics.Synapse.Spark\tests\samples\Sample2_ExecuteSparkStatementAsync.cs(40,17): error CS0518: Predefined type 'System.Nullable`1' is not defined or imported
C:\gh\azure-sdk-for-net\sdk\synapse\Azure.Analytics.Synapse.Spark\tests\samples\Sample2_ExecuteSparkStatementAsync.cs(43,66): error CS0246: The type or namespace name 'Task<>' could not be found (are you missing a using directive or an assembly reference?)
C:\gh\azure-sdk-for-net\sdk\synapse\Azure.Analytics.Synapse.Spark\tests\samples\Sample2_ExecuteSparkStatementAsync.cs(44,72): error CS0246: The type or namespace name 'Operation<>' could not be found (are you missing a using directive or an assembly reference?)
C:\gh\azure-sdk-for-net\sdk\synapse\Azure.Analytics.Synapse.Spark\tests\samples\Sample2_ExecuteSparkStatementAsync.cs(44,49): error CS0246: The type or namespace name 'ValueTask<>' could not be found (are you missing a using directive or an assembly reference?)
C:\gh\azure-sdk-for-net\sdk\synapse\Azure.Analytics.Synapse.Spark\tests\samples\Sample2_ExecuteSparkStatementAsync.cs(48,85): error CS0518: Predefined type 'System.Int32' is not defined or imported
C:\gh\azure-sdk-for-net\sdk\synapse\Azure.Analytics.Synapse.Spark\tests\samples\Sample2_ExecuteSparkStatementAsync.cs(48,42): error CS0246: The type or namespace name 'Task<>' could not be found (are you missing a using directive or an assembly reference?)
C:\gh\azure-sdk-for-net\sdk\synapse\Azure.Analytics.Synapse.Spark\tests\samples\Sample2_ExecuteSparkStatementAsync.cs(49,70): error CS0518: Predefined type 'System.String' is not defined or imported
C:\gh\azure-sdk-for-net\sdk\synapse\Azure.Analytics.Synapse.Spark\tests\samples\Sample2_ExecuteSparkStatementAsync.cs(49,95): error CS0518: Predefined type 'System.String' is not defined or imported
C:\gh\azure-sdk-for-net\sdk\synapse\Azure.Analytics.Synapse.Spark\tests\samples\Sample2_ExecuteSparkStatementAsync.cs(53,63): error CS0518: Predefined type 'System.Void' is not defined or imported
C:\gh\azure-sdk-for-net\sdk\synapse\Azure.Analytics.Synapse.Spark\tests\samples\Sample2_ExecuteSparkStatementAsync.cs(55,17): error CS0518: Predefined type 'System.Nullable`1' is not defined or imported
C:\gh\azure-sdk-for-net\sdk\synapse\Azure.Analytics.Synapse.Spark\tests\samples\Sample2_ExecuteSparkStatementAsync.cs(56,17): error CS0518: Predefined type 'System.String' is not defined or imported
C:\gh\azure-sdk-for-net\sdk\synapse\Azure.Analytics.Synapse.Spark\tests\samples\Sample2_ExecuteSparkStatementAsync.cs(59,123): error CS0518: Predefined type 'System.Int32' is not defined or imported
C:\gh\azure-sdk-for-net\sdk\synapse\Azure.Analytics.Synapse.Spark\tests\samples\Sample2_ExecuteSparkStatementAsync.cs(59,77): error CS0122: 'SparkSessionClient.StartCreateSparkStatementAsync(int, SparkStatementOptions, CancellationToken)' is inaccessible due to its protection level
C:\gh\azure-sdk-for-net\sdk\synapse\Azure.Analytics.Synapse.Spark\tests\samples\Sample2_ExecuteSparkStatementAsync.cs(60,78): error CS0246: The type or namespace name 'Operation<>' could not be found (are you missing a using directive or an assembly reference?)
C:\gh\azure-sdk-for-net\sdk\synapse\Azure.Analytics.Synapse.Spark\tests\samples\Sample2_ExecuteSparkStatementAsync.cs(60,53): error CS0246: The type or namespace name 'ValueTask<>' could not be found (are you missing a using directive or an assembly reference?)
C:\gh\azure-sdk-for-net\sdk\synapse\Azure.Analytics.Synapse.Spark\tests\samples\Sample2_ExecuteSparkStatementAsync.cs(64,91): error CS0518: Predefined type 'System.Int32' is not defined or imported
C:\gh\azure-sdk-for-net\sdk\synapse\Azure.Analytics.Synapse.Spark\tests\samples\Sample2_ExecuteSparkStatementAsync.cs(64,112): error CS0518: Predefined type 'System.Int32' is not defined or imported
C:\gh\azure-sdk-for-net\sdk\synapse\Azure.Analytics.Synapse.Spark\tests\samples\Sample2_ExecuteSparkStatementAsync.cs(64,46): error CS0246: The type or namespace name 'Task<>' could not be found (are you missing a using directive or an assembly reference?)
C:\gh\azure-sdk-for-net\sdk\synapse\Azure.Analytics.Synapse.Spark\tests\samples\Sample2_ExecuteSparkStatementAsync.cs(65,72): error CS0518: Predefined type 'System.Int32' is not defined or imported
C:\gh\azure-sdk-for-net\sdk\synapse\Azure.Analytics.Synapse.Spark\tests\samples\Sample2_ExecuteSparkStatementAsync.cs(65,97): error CS0518: Predefined type 'System.String' is not defined or imported
C:\gh\azure-sdk-for-net\sdk\synapse\Azure.Analytics.Synapse.Spark\tests\samples\Sample2_ExecuteSparkStatementAsync.cs(69,110): error CS0518: Predefined type 'System.Int32' is not defined or imported
C:\gh\azure-sdk-for-net\sdk\synapse\Azure.Analytics.Synapse.Spark\tests\samples\Sample2_ExecuteSparkStatementAsync.cs(69,131): error CS0518: Predefined type 'System.Int32' is not defined or imported
C:\gh\azure-sdk-for-net\sdk\synapse\Azure.Analytics.Synapse.Spark\tests\samples\Sample2_ExecuteSparkStatementAsync.cs(69,67): error CS0246: The type or namespace name 'Response<>' could not be found (are you missing a using directive or an assembly reference?)
C:\gh\azure-sdk-for-net\sdk\synapse\Azure.Analytics.Synapse.Spark\tests\samples\Sample2_ExecuteSparkStatementAsync.cs(70,87): error CS0518: Predefined type 'System.String' is not defined or imported
C:\gh\azure-sdk-for-net\sdk\synapse\Azure.Analytics.Synapse.Spark\tests\samples\Sample2_ExecuteSparkStatementAsync.cs(74,13): error CS0246: The type or namespace name 'Response' could not be found (are you missing a using directive or an assembly reference?)
C:\gh\azure-sdk-for-net\sdk\synapse\Azure.Analytics.Synapse.Spark\tests\samples\Sample2_ExecuteSparkStatementAsync.cs(74,75): error CS0518: Predefined type 'System.Int32' is not defined or imported
C:\gh\azure-sdk-for-net\sdk\synapse\Azure.Analytics.Synapse.Spark\tests\samples\Sample2_ExecuteSparkStatementAsync.cs(74,34): error CS0246: The type or namespace name 'Response' could not be found (are you missing a using directive or an assembly reference?)
C:\gh\azure-sdk-for-net\sdk\synapse\Azure.Analytics.Synapse.Spark\tests\samples\Sample1_SubmitSparkJobAsync.cs(36,98): error CS0246: The type or namespace name 'DefaultAzureCredential' could not be found (are you missing a using directive or an assembly reference?)
C:\gh\azure-sdk-for-net\sdk\synapse\Azure.Analytics.Synapse.Spark\tests\samples\Sample1_SubmitSparkJobAsync.cs(36,43): error CS0518: Predefined type 'System.Void' is not defined or imported
C:\gh\azure-sdk-for-net\sdk\synapse\Azure.Analytics.Synapse.Spark\tests\samples\Sample1_SubmitSparkJobAsync.cs(42,48): error CS0518: Predefined type 'System.Void' is not defined or imported
C:\gh\azure-sdk-for-net\sdk\synapse\Azure.Analytics.Synapse.Spark\tests\samples\Sample1_SubmitSparkJobAsync.cs(44,17): error CS0518: Predefined type 'System.String' is not defined or imported
C:\gh\azure-sdk-for-net\sdk\synapse\Azure.Analytics.Synapse.Spark\tests\samples\Sample1_SubmitSparkJobAsync.cs(45,17): error CS0246: The type or namespace name 'IList<>' could not be found (are you missing a using directive or an assembly reference?)
C:\gh\azure-sdk-for-net\sdk\synapse\Azure.Analytics.Synapse.Spark\tests\samples\Sample1_SubmitSparkJobAsync.cs(50,17): error CS0518: Predefined type 'System.String' is not defined or imported
C:\gh\azure-sdk-for-net\sdk\synapse\Azure.Analytics.Synapse.Spark\tests\samples\Sample1_SubmitSparkJobAsync.cs(51,17): error CS0518: Predefined type 'System.Nullable`1' is not defined or imported
C:\gh\azure-sdk-for-net\sdk\synapse\Azure.Analytics.Synapse.Spark\tests\samples\Sample1_SubmitSparkJobAsync.cs(52,17): error CS0518: Predefined type 'System.String' is not defined or imported
C:\gh\azure-sdk-for-net\sdk\synapse\Azure.Analytics.Synapse.Spark\tests\samples\Sample1_SubmitSparkJobAsync.cs(53,17): error CS0518: Predefined type 'System.Nullable`1' is not defined or imported
C:\gh\azure-sdk-for-net\sdk\synapse\Azure.Analytics.Synapse.Spark\tests\samples\Sample1_SubmitSparkJobAsync.cs(54,17): error CS0518: Predefined type 'System.Nullable`1' is not defined or imported
C:\gh\azure-sdk-for-net\sdk\synapse\Azure.Analytics.Synapse.Spark\tests\samples\Sample1_SubmitSparkJobAsync.cs(57,57): error CS0246: The type or namespace name 'Task<>' could not be found (are you missing a using directive or an assembly reference?)
C:\gh\azure-sdk-for-net\sdk\synapse\Azure.Analytics.Synapse.Spark\tests\samples\Sample1_SubmitSparkJobAsync.cs(58,62): error CS0246: The type or namespace name 'Operation<>' could not be found (are you missing a using directive or an assembly reference?)
C:\gh\azure-sdk-for-net\sdk\synapse\Azure.Analytics.Synapse.Spark\tests\samples\Sample1_SubmitSparkJobAsync.cs(58,46): error CS0246: The type or namespace name 'ValueTask<>' could not be found (are you missing a using directive or an assembly reference?)
C:\gh\azure-sdk-for-net\sdk\synapse\Azure.Analytics.Synapse.Spark\tests\samples\Sample1_SubmitSparkJobAsync.cs(62,13): error CS0246: The type or namespace name 'Response<>' could not be found (are you missing a using directive or an assembly reference?)
C:\gh\azure-sdk-for-net\sdk\synapse\Azure.Analytics.Synapse.Spark\tests\samples\Sample1_SubmitSparkJobAsync.cs(62,54): error CS0246: The type or namespace name 'Response<>' could not be found (are you missing a using directive or an assembly reference?)
C:\gh\azure-sdk-for-net\sdk\synapse\Azure.Analytics.Synapse.Spark\tests\samples\Sample1_SubmitSparkJobAsync.cs(65,39): error CS0518: Predefined type 'System.String' is not defined or imported
C:\gh\azure-sdk-for-net\sdk\synapse\Azure.Analytics.Synapse.Spark\tests\samples\Sample1_SubmitSparkJobAsync.cs(70,89): error CS0518: Predefined type 'System.Int32' is not defined or imported
C:\gh\azure-sdk-for-net\sdk\synapse\Azure.Analytics.Synapse.Spark\tests\samples\Sample1_SubmitSparkJobAsync.cs(70,48): error CS0246: The type or namespace name 'Task<>' could not be found (are you missing a using directive or an assembly reference?)
C:\gh\azure-sdk-for-net\sdk\synapse\Azure.Analytics.Synapse.Spark\tests\samples\Sample1_SubmitSparkJobAsync.cs(71,71): error CS0518: Predefined type 'System.String' is not defined or imported
C:\gh\azure-sdk-for-net\sdk\synapse\Azure.Analytics.Synapse.Spark\tests\samples\Sample1_SubmitSparkJobAsync.cs(71,101): error CS0518: Predefined type 'System.String' is not defined or imported
C:\gh\azure-sdk-for-net\sdk\synapse\Azure.Analytics.Synapse.Spark\tests\samples\Sample1_SubmitSparkJobAsync.cs(75,13): error CS0246: The type or namespace name 'Response' could not be found (are you missing a using directive or an assembly reference?)
C:\gh\azure-sdk-for-net\sdk\synapse\Azure.Analytics.Synapse.Spark\tests\samples\Sample1_SubmitSparkJobAsync.cs(75,72): error CS0518: Predefined type 'System.Int32' is not defined or imported
C:\gh\azure-sdk-for-net\sdk\synapse\Azure.Analytics.Synapse.Spark\tests\samples\Sample1_SubmitSparkJobAsync.cs(75,34): error CS0246: The type or namespace name 'Response' could not be found (are you missing a using directive or an assembly reference?)
C:\gh\azure-sdk-for-net\sdk\synapse\Azure.Analytics.Synapse.Spark\tests\SparkClientTestBase.cs(64,33): error CS0012: The type 'TokenCredential' is defined in an assembly that is not referenced. You must add a reference to assembly 'Azure.Core, Version=1.4.1.0, Culture=neutral, PublicKeyToken=92742159e12e44c8'.
C:\gh\azure-sdk-for-net\sdk\synapse\Azure.Analytics.Synapse.Spark\tests\SparkClientTestBase.cs(65,45): error CS0518: Predefined type 'System.Void' is not defined or imported
C:\gh\azure-sdk-for-net\sdk\synapse\Azure.Analytics.Synapse.Spark\tests\SparkClientTestBase.cs(61,41): error CS0518: Predefined type 'System.Void' is not defined or imported
C:\gh\azure-sdk-for-net\sdk\synapse\Azure.Analytics.Synapse.Spark\tests\SparkClientTestBase.cs(70,13): error CS0103: The name 'Assert' does not exist in the current context
C:\gh\azure-sdk-for-net\sdk\synapse\Azure.Analytics.Synapse.Spark\tests\SparkClientTestBase.cs(70,46): error CS0518: Predefined type 'System.String' is not defined or imported
C:\gh\azure-sdk-for-net\sdk\synapse\Azure.Analytics.Synapse.Spark\tests\SparkClientTestBase.cs(70,67): error CS0518: Predefined type 'System.String' is not defined or imported
C:\gh\azure-sdk-for-net\sdk\synapse\Azure.Analytics.Synapse.Spark\tests\SparkClientTestBase.cs(71,13): error CS0103: The name 'Assert' does not exist in the current context
C:\gh\azure-sdk-for-net\sdk\synapse\Azure.Analytics.Synapse.Spark\tests\SparkClientTestBase.cs(71,46): error CS0518: Predefined type 'System.Int32' is not defined or imported
C:\gh\azure-sdk-for-net\sdk\synapse\Azure.Analytics.Synapse.Spark\tests\SparkClientTestBase.cs(71,65): error CS0518: Predefined type 'System.Int32' is not defined or imported
C:\gh\azure-sdk-for-net\sdk\synapse\Azure.Analytics.Synapse.Spark\tests\SparkClientTestBase.cs(72,13): error CS0103: The name 'Assert' does not exist in the current context
C:\gh\azure-sdk-for-net\sdk\synapse\Azure.Analytics.Synapse.Spark\tests\SparkClientTestBase.cs(72,46): error CS0518: Predefined type 'System.String' is not defined or imported
C:\gh\azure-sdk-for-net\sdk\synapse\Azure.Analytics.Synapse.Spark\tests\SparkClientTestBase.cs(72,68): error CS0518: Predefined type 'System.String' is not defined or imported
C:\gh\azure-sdk-for-net\sdk\synapse\Azure.Analytics.Synapse.Spark\tests\SparkClientTestBase.cs(73,13): error CS0103: The name 'Assert' does not exist in the current context
C:\gh\azure-sdk-for-net\sdk\synapse\Azure.Analytics.Synapse.Spark\tests\SparkClientTestBase.cs(73,46): error CS0518: Predefined type 'System.String' is not defined or imported
C:\gh\azure-sdk-for-net\sdk\synapse\Azure.Analytics.Synapse.Spark\tests\SparkClientTestBase.cs(73,74): error CS0518: Predefined type 'System.String' is not defined or imported
C:\gh\azure-sdk-for-net\sdk\synapse\Azure.Analytics.Synapse.Spark\tests\SparkClientTestBase.cs(74,13): error CS0103: The name 'Assert' does not exist in the current context
C:\gh\azure-sdk-for-net\sdk\synapse\Azure.Analytics.Synapse.Spark\tests\SparkClientTestBase.cs(74,46): error CS0518: Predefined type 'System.String' is not defined or imported
C:\gh\azure-sdk-for-net\sdk\synapse\Azure.Analytics.Synapse.Spark\tests\SparkClientTestBase.cs(74,73): error CS0518: Predefined type 'System.String' is not defined or imported
C:\gh\azure-sdk-for-net\sdk\synapse\Azure.Analytics.Synapse.Spark\tests\SparkSessionClientLiveTests.cs(42,60): error CS0246: The type or namespace name 'Task<>' could not be found (are you missing a using directive or an assembly reference?)
C:\gh\azure-sdk-for-net\sdk\synapse\Azure.Analytics.Synapse.Spark\tests\SparkSessionClientLiveTests.cs(43,73): error CS0246: The type or namespace name 'Operation<>' could not be found (are you missing a using directive or an assembly reference?)
C:\gh\azure-sdk-for-net\sdk\synapse\Azure.Analytics.Synapse.Spark\tests\SparkSessionClientLiveTests.cs(43,56): error CS0246: The type or namespace name 'ValueTask<>' could not be found (are you missing a using directive or an assembly reference?)
C:\gh\azure-sdk-for-net\sdk\synapse\Azure.Analytics.Synapse.Spark\tests\SparkSessionClientLiveTests.cs(46,13): error CS0103: The name 'Assert' does not exist in the current context
C:\gh\azure-sdk-for-net\sdk\synapse\Azure.Analytics.Synapse.Spark\tests\SparkSessionClientLiveTests.cs(46,61): error CS0518: Predefined type 'System.String' is not defined or imported
C:\gh\azure-sdk-for-net\sdk\synapse\Azure.Analytics.Synapse.Spark\tests\SparkSessionClientLiveTests.cs(46,129): error CS0518: Predefined type 'System.Nullable`1' is not defined or imported
C:\gh\azure-sdk-for-net\sdk\synapse\Azure.Analytics.Synapse.Spark\tests\SparkSessionClientLiveTests.cs(49,43): error CS0518: Predefined type 'System.Int32' is not defined or imported
C:\gh\azure-sdk-for-net\sdk\synapse\Azure.Analytics.Synapse.Spark\tests\SparkSessionClientLiveTests.cs(50,43): error CS0518: Predefined type 'System.String' is not defined or imported
C:\gh\azure-sdk-for-net\sdk\synapse\Azure.Analytics.Synapse.Spark\tests\SparkSessionClientLiveTests.cs(51,43): error CS0518: Predefined type 'System.Nullable`1' is not defined or imported
C:\gh\azure-sdk-for-net\sdk\synapse\Azure.Analytics.Synapse.Spark\tests\SparkSessionClientLiveTests.cs(52,61): error CS0246: The type or namespace name 'IReadOnlyList<>' could not be found (are you missing a using directive or an assembly reference?)
C:\gh\azure-sdk-for-net\sdk\synapse\Azure.Analytics.Synapse.Spark\tests\SparkSessionClientLiveTests.cs(47,17): error CS0518: Predefined type 'System.ValueType' is not defined or imported
C:\gh\azure-sdk-for-net\sdk\synapse\Azure.Analytics.Synapse.Spark\tests\SparkSessionClientLiveTests.cs(57,45): error CS0518: Predefined type 'System.Void' is not defined or imported
C:\gh\azure-sdk-for-net\sdk\synapse\Azure.Analytics.Synapse.Spark\tests\SparkSessionClientLiveTests.cs(58,21): error CS0518: Predefined type 'System.Nullable`1' is not defined or imported
C:\gh\azure-sdk-for-net\sdk\synapse\Azure.Analytics.Synapse.Spark\tests\SparkSessionClientLiveTests.cs(59,21): error CS0518: Predefined type 'System.String' is not defined or imported
C:\gh\azure-sdk-for-net\sdk\synapse\Azure.Analytics.Synapse.Spark\tests\SparkSessionClientLiveTests.cs(61,136): error CS0518: Predefined type 'System.Int32' is not defined or imported
C:\gh\azure-sdk-for-net\sdk\synapse\Azure.Analytics.Synapse.Spark\tests\SparkSessionClientLiveTests.cs(61,83): error CS0122: 'SparkSessionClient.StartCreateSparkStatementAsync(int, SparkStatementOptions, CancellationToken)' is inaccessible due to its protection level
C:\gh\azure-sdk-for-net\sdk\synapse\Azure.Analytics.Synapse.Spark\tests\SparkSessionClientLiveTests.cs(62,79): error CS0246: The type or namespace name 'Operation<>' could not be found (are you missing a using directive or an assembly reference?)
C:\gh\azure-sdk-for-net\sdk\synapse\Azure.Analytics.Synapse.Spark\tests\SparkSessionClientLiveTests.cs(62,60): error CS0246: The type or namespace name 'ValueTask<>' could not be found (are you missing a using directive or an assembly reference?)
C:\gh\azure-sdk-for-net\sdk\synapse\Azure.Analytics.Synapse.Spark\tests\SparkSessionClientLiveTests.cs(63,13): error CS0103: The name 'Assert' does not exist in the current context
C:\gh\azure-sdk-for-net\sdk\synapse\Azure.Analytics.Synapse.Spark\tests\SparkSessionClientLiveTests.cs(66,13): error CS0103: The name 'Assert' does not exist in the current context
C:\gh\azure-sdk-for-net\sdk\synapse\Azure.Analytics.Synapse.Spark\tests\SparkSessionClientLiveTests.cs(66,61): error CS0518: Predefined type 'System.String' is not defined or imported
C:\gh\azure-sdk-for-net\sdk\synapse\Azure.Analytics.Synapse.Spark\tests\SparkSessionClientLiveTests.cs(69,45): error CS0518: Predefined type 'System.Int32' is not defined or imported
C:\gh\azure-sdk-for-net\sdk\synapse\Azure.Analytics.Synapse.Spark\tests\SparkSessionClientLiveTests.cs(70,45): error CS0518: Predefined type 'System.String' is not defined or imported
C:\gh\azure-sdk-for-net\sdk\synapse\Azure.Analytics.Synapse.Spark\tests\SparkSessionClientLiveTests.cs(71,52): error CS0518: Predefined type 'System.String' is not defined or imported
C:\gh\azure-sdk-for-net\sdk\synapse\Azure.Analytics.Synapse.Spark\tests\SparkSessionClientLiveTests.cs(75,53): error CS0103: The name 'JsonSerializer' does not exist in the current context
C:\gh\azure-sdk-for-net\sdk\synapse\Azure.Analytics.Synapse.Spark\tests\SparkSessionClientLiveTests.cs(75,139): error CS0518: Predefined type 'System.Object' is not defined or imported
C:\gh\azure-sdk-for-net\sdk\synapse\Azure.Analytics.Synapse.Spark\tests\SparkSessionClientLiveTests.cs(76,13): error CS0103: The name 'Assert' does not exist in the current context
C:\gh\azure-sdk-for-net\sdk\synapse\Azure.Analytics.Synapse.Spark\tests\SparkSessionClientLiveTests.cs(79,13): error CS0246: The type or namespace name 'Response<>' could not be found (are you missing a using directive or an assembly reference?)
C:\gh\azure-sdk-for-net\sdk\synapse\Azure.Analytics.Synapse.Spark\tests\SparkSessionClientLiveTests.cs(79,143): error CS0518: Predefined type 'System.Int32' is not defined or imported
C:\gh\azure-sdk-for-net\sdk\synapse\Azure.Analytics.Synapse.Spark\tests\SparkSessionClientLiveTests.cs(79,78): error CS0246: The type or namespace name 'Task<>' could not be found (are you missing a using directive or an assembly reference?)
C:\gh\azure-sdk-for-net\sdk\synapse\Azure.Analytics.Synapse.Spark\tests\SparkSessionClientLiveTests.cs(81,13): error CS0103: The name 'Assert' does not exist in the current context
C:\gh\azure-sdk-for-net\sdk\synapse\Azure.Analytics.Synapse.Spark\tests\SparkSessionClientLiveTests.cs(82,13): error CS0103: The name 'Assert' does not exist in the current context
C:\gh\azure-sdk-for-net\sdk\synapse\Azure.Analytics.Synapse.Spark\tests\SparkSessionClientLiveTests.cs(82,113): error CS0518: Predefined type 'System.Int32' is not defined or imported
C:\gh\azure-sdk-for-net\sdk\synapse\Azure.Analytics.Synapse.Spark\tests\SparkSessionClientLiveTests.cs(87,13): error CS0103: The name 'Assert' does not exist in the current context
C:\gh\azure-sdk-for-net\sdk\synapse\Azure.Analytics.Synapse.Spark\tests\SparkSessionClientLiveTests.cs(88,13): error CS0103: The name 'Assert' does not exist in the current context
C:\gh\azure-sdk-for-net\sdk\synapse\Azure.Analytics.Synapse.Spark\tests\SparkSessionClientLiveTests.cs(88,70): error CS0518: Predefined type 'System.Int32' is not defined or imported
C:\gh\azure-sdk-for-net\sdk\synapse\Azure.Analytics.Synapse.Spark\tests\SparkSessionClientLiveTests.cs(88,98): error CS0518: Predefined type 'System.Int32' is not defined or imported
C:\gh\azure-sdk-for-net\sdk\synapse\Azure.Analytics.Synapse.Spark\tests\SparkClientTestBase.cs(79,13): error CS0103: The name 'Assert' does not exist in the current context
C:\gh\azure-sdk-for-net\sdk\synapse\Azure.Analytics.Synapse.Spark\tests\SparkClientTestBase.cs(79,50): error CS0518: Predefined type 'System.String' is not defined or imported
C:\gh\azure-sdk-for-net\sdk\synapse\Azure.Analytics.Synapse.Spark\tests\SparkClientTestBase.cs(79,75): error CS0518: Predefined type 'System.String' is not defined or imported
C:\gh\azure-sdk-for-net\sdk\synapse\Azure.Analytics.Synapse.Spark\tests\SparkClientTestBase.cs(80,13): error CS0103: The name 'Assert' does not exist in the current context
C:\gh\azure-sdk-for-net\sdk\synapse\Azure.Analytics.Synapse.Spark\tests\SparkClientTestBase.cs(80,50): error CS0518: Predefined type 'System.Int32' is not defined or imported
C:\gh\azure-sdk-for-net\sdk\synapse\Azure.Analytics.Synapse.Spark\tests\SparkClientTestBase.cs(80,73): error CS0518: Predefined type 'System.Int32' is not defined or imported
C:\gh\azure-sdk-for-net\sdk\synapse\Azure.Analytics.Synapse.Spark\tests\SparkClientTestBase.cs(81,13): error CS0103: The name 'Assert' does not exist in the current context
C:\gh\azure-sdk-for-net\sdk\synapse\Azure.Analytics.Synapse.Spark\tests\SparkClientTestBase.cs(81,50): error CS0518: Predefined type 'System.String' is not defined or imported
C:\gh\azure-sdk-for-net\sdk\synapse\Azure.Analytics.Synapse.Spark\tests\SparkClientTestBase.cs(81,76): error CS0518: Predefined type 'System.String' is not defined or imported
C:\gh\azure-sdk-for-net\sdk\synapse\Azure.Analytics.Synapse.Spark\tests\SparkClientTestBase.cs(82,13): error CS0103: The name 'Assert' does not exist in the current context
C:\gh\azure-sdk-for-net\sdk\synapse\Azure.Analytics.Synapse.Spark\tests\SparkClientTestBase.cs(82,50): error CS0518: Predefined type 'System.String' is not defined or imported
C:\gh\azure-sdk-for-net\sdk\synapse\Azure.Analytics.Synapse.Spark\tests\SparkClientTestBase.cs(82,82): error CS0518: Predefined type 'System.String' is not defined or imported
C:\gh\azure-sdk-for-net\sdk\synapse\Azure.Analytics.Synapse.Spark\tests\SparkClientTestBase.cs(83,13): error CS0103: The name 'Assert' does not exist in the current context
C:\gh\azure-sdk-for-net\sdk\synapse\Azure.Analytics.Synapse.Spark\tests\SparkClientTestBase.cs(83,50): error CS0518: Predefined type 'System.String' is not defined or imported
C:\gh\azure-sdk-for-net\sdk\synapse\Azure.Analytics.Synapse.Spark\tests\SparkClientTestBase.cs(83,81): error CS0518: Predefined type 'System.String' is not defined or imported
C:\gh\azure-sdk-for-net\sdk\synapse\Azure.Analytics.Synapse.Spark\tests\SparkSessionClientLiveTests.cs(94,59): error CS0246: The type or namespace name 'Task<>' could not be found (are you missing a using directive or an assembly reference?)
C:\gh\azure-sdk-for-net\sdk\synapse\Azure.Analytics.Synapse.Spark\tests\SparkSessionClientLiveTests.cs(95,73): error CS0246: The type or namespace name 'IReadOnlyList<>' could not be found (are you missing a using directive or an assembly reference?)
C:\gh\azure-sdk-for-net\sdk\synapse\Azure.Analytics.Synapse.Spark\tests\SparkSessionClientLiveTests.cs(97,118): error CS0518: Predefined type 'System.Int32' is not defined or imported
C:\gh\azure-sdk-for-net\sdk\synapse\Azure.Analytics.Synapse.Spark\tests\SparkSessionClientLiveTests.cs(97,57): error CS0246: The type or namespace name 'Task<>' could not be found (are you missing a using directive or an assembly reference?)
C:\gh\azure-sdk-for-net\sdk\synapse\Azure.Analytics.Synapse.Spark\tests\SparkClientTestBase.cs(7,1): hidden CS8019: Unnecessary using directive.
C:\gh\azure-sdk-for-net\sdk\synapse\Azure.Analytics.Synapse.Spark\tests\samples\Sample2_ExecuteSparkStatement.cs(9,1): hidden CS8019: Unnecessary using directive.
C:\gh\azure-sdk-for-net\sdk\synapse\Azure.Analytics.Synapse.Spark\tests\samples\Sample2_ExecuteSparkStatementAsync.cs(10,1): hidden CS8019: Unnecessary using directive.
C:\gh\azure-sdk-for-net\sdk\synapse\Azure.Analytics.Synapse.Shared\tests\SampleFixture.cs(6,1): hidden CS8019: Unnecessary using directive.
C:\gh\azure-sdk-for-net\artifacts\obj\Azure.Analytics.Synapse.Spark.Tests\Debug\net461\Azure.Analytics.Synapse.Spark.Tests.AssemblyInfo.cs(11,1): hidden CS8019: Unnecessary using directive.
C:\gh\azure-sdk-for-net\sdk\synapse\Azure.Analytics.Synapse.Spark\tests\SparkBatchClientLiveTests.cs(5,1): hidden CS8019: Unnecessary using directive.
C:\gh\azure-sdk-for-net\sdk\synapse\Azure.Analytics.Synapse.Spark\tests\SparkSessionClientLiveTests.cs(5,1): hidden CS8019: Unnecessary using directive.
C:\gh\azure-sdk-for-net\sdk\synapse\Azure.Analytics.Synapse.Spark\tests\samples\Sample1_SubmitSparkJob.cs(8,1): hidden CS8019: Unnecessary using directive.
C:\gh\azure-sdk-for-net\artifacts\obj\Azure.Analytics.Synapse.Spark.Tests\Debug\net461\.NETFramework,Version=v4.6.1.AssemblyAttributes.cs(3,1): hidden CS8019: Unnecessary using directive.
C:\gh\azure-sdk-for-net\sdk\synapse\Azure.Analytics.Synapse.Spark\tests\samples\Sample1_SubmitSparkJobAsync.cs(9,1): hidden CS8019: Unnecessary using directive.
C:\gh\azure-sdk-for-net\sdk\synapse\Azure.Analytics.Synapse.Spark\tests\samples\Sample1_SubmitSparkJob.cs(9,1): hidden CS8019: Unnecessary using directive.
C:\gh\azure-sdk-for-net\sdk\synapse\Azure.Analytics.Synapse.Spark\tests\SparkSessionClientLiveTests.cs(6,1): hidden CS8019: Unnecessary using directive.
C:\gh\azure-sdk-for-net\artifacts\obj\Azure.Analytics.Synapse.Spark.Tests\Debug\net461\.NETFramework,Version=v4.6.1.AssemblyAttributes.cs(2,1): hidden CS8019: Unnecessary using directive.
C:\gh\azure-sdk-for-net\sdk\synapse\Azure.Analytics.Synapse.Spark\tests\samples\Sample1_SubmitSparkJobAsync.cs(10,1): hidden CS8019: Unnecessary using directive.
C:\gh\azure-sdk-for-net\sdk\synapse\Azure.Analytics.Synapse.Shared\tests\SynapseTestEventListener.cs(6,1): hidden CS8019: Unnecessary using directive.
C:\gh\azure-sdk-for-net\artifacts\obj\Azure.Analytics.Synapse.Spark.Tests\Debug\net461\Azure.Analytics.Synapse.Spark.Tests.AssemblyInfo.cs(12,1): hidden CS8019: Unnecessary using directive.
C:\gh\azure-sdk-for-net\sdk\synapse\Azure.Analytics.Synapse.Spark\tests\SparkTestUtilities.cs(4,1): hidden CS8019: Unnecessary using directive.
C:\gh\azure-sdk-for-net\sdk\synapse\Azure.Analytics.Synapse.Spark\tests\SparkSessionClientLiveTests.cs(10,1): hidden CS8019: Unnecessary using directive.
C:\gh\azure-sdk-for-net\sdk\synapse\Azure.Analytics.Synapse.Spark\tests\samples\Sample2_ExecuteSparkStatement.cs(8,1): hidden CS8019: Unnecessary using directive.
C:\gh\azure-sdk-for-net\sdk\synapse\Azure.Analytics.Synapse.Spark\tests\samples\Sample2_ExecuteSparkStatementAsync.cs(9,1): hidden CS8019: Unnecessary using directive.
