C:\gh\azure-sdk-for-net\tools\legacy\Microsoft.WindowsAzure.Build.Tasks\Build.Tasks\FilterOutAutoRestLibraries.cs(13,47): error CS0246: The type or namespace name 'Task' could not be found (are you missing a using directive or an assembly reference?)
C:\gh\azure-sdk-for-net\tools\legacy\Microsoft.WindowsAzure.Build.Tasks\Build.Tasks\RegexReplacementTask.cs(14,41): error CS0246: The type or namespace name 'Task' could not be found (are you missing a using directive or an assembly reference?)
C:\gh\azure-sdk-for-net\tools\legacy\Microsoft.WindowsAzure.Build.Tasks\Build.Tasks\DebugTask.cs(15,40): error CS0234: The type or namespace name 'Build' does not exist in the namespace 'Microsoft' (are you missing an assembly reference?)
C:\gh\azure-sdk-for-net\tools\legacy\Microsoft.WindowsAzure.Build.Tasks\Build.Tasks\BuildProjectTemplatesTask.cs(14,46): error CS0246: The type or namespace name 'Task' could not be found (are you missing a using directive or an assembly reference?)
C:\gh\azure-sdk-for-net\tools\legacy\Microsoft.WindowsAzure.Build.Tasks\Build.Tasks\PublishSDKNuget.cs(16,36): error CS0246: The type or namespace name 'Task' could not be found (are you missing a using directive or an assembly reference?)
C:\gh\azure-sdk-for-net\tools\legacy\Microsoft.WindowsAzure.Build.Tasks\Build.Tasks\SDKCategorizeProjects.cs(375,35): error CS0246: The type or namespace name 'ITaskItem' could not be found (are you missing a using directive or an assembly reference?)
C:\gh\azure-sdk-for-net\tools\legacy\Microsoft.WindowsAzure.Build.Tasks\Build.Tasks\SDKCategorizeProjects.cs(31,42): error CS0246: The type or namespace name 'Task' could not be found (are you missing a using directive or an assembly reference?)
C:\gh\azure-sdk-for-net\tools\legacy\Microsoft.WindowsAzure.Build.Tasks\Build.Tasks\ValidateStrongNameSignatureTask.cs(14,52): error CS0246: The type or namespace name 'Task' could not be found (are you missing a using directive or an assembly reference?)
C:\gh\azure-sdk-for-net\artifacts\obj\Microsoft.WindowsAzure.Build.Tasks\Debug\net46\Microsoft.WindowsAzure.Build.Tasks.AssemblyInfo.cs(14,12): error CS0579: Duplicate 'System.Reflection.AssemblyCompanyAttribute' attribute
C:\gh\azure-sdk-for-net\artifacts\obj\Microsoft.WindowsAzure.Build.Tasks\Debug\net46\Microsoft.WindowsAzure.Build.Tasks.AssemblyInfo.cs(15,12): error CS0579: Duplicate 'System.Reflection.AssemblyConfigurationAttribute' attribute
C:\gh\azure-sdk-for-net\artifacts\obj\Microsoft.WindowsAzure.Build.Tasks\Debug\net46\Microsoft.WindowsAzure.Build.Tasks.AssemblyInfo.cs(16,12): error CS0579: Duplicate 'System.Reflection.AssemblyCopyrightAttribute' attribute
C:\gh\azure-sdk-for-net\artifacts\obj\Microsoft.WindowsAzure.Build.Tasks\Debug\net46\Microsoft.WindowsAzure.Build.Tasks.AssemblyInfo.cs(17,12): error CS0579: Duplicate 'System.Reflection.AssemblyFileVersionAttribute' attribute
C:\gh\azure-sdk-for-net\artifacts\obj\Microsoft.WindowsAzure.Build.Tasks\Debug\net46\Microsoft.WindowsAzure.Build.Tasks.AssemblyInfo.cs(19,12): error CS0579: Duplicate 'System.Reflection.AssemblyProductAttribute' attribute
C:\gh\azure-sdk-for-net\artifacts\obj\Microsoft.WindowsAzure.Build.Tasks\Debug\net46\Microsoft.WindowsAzure.Build.Tasks.AssemblyInfo.cs(20,12): error CS0579: Duplicate 'System.Reflection.AssemblyTitleAttribute' attribute
C:\gh\azure-sdk-for-net\artifacts\obj\Microsoft.WindowsAzure.Build.Tasks\Debug\net46\Microsoft.WindowsAzure.Build.Tasks.AssemblyInfo.cs(21,12): error CS0579: Duplicate 'System.Reflection.AssemblyVersionAttribute' attribute
C:\gh\azure-sdk-for-net\tools\legacy\Microsoft.WindowsAzure.Build.Tasks\Build.Tasks\FilterOutAutoRestLibraries.cs(7,17): error CS0234: The type or namespace name 'Build' does not exist in the namespace 'Microsoft' (are you missing an assembly reference?)
C:\gh\azure-sdk-for-net\tools\legacy\Microsoft.WindowsAzure.Build.Tasks\Build.Tasks\FilterOutAutoRestLibraries.cs(8,17): error CS0234: The type or namespace name 'Build' does not exist in the namespace 'Microsoft' (are you missing an assembly reference?)
C:\gh\azure-sdk-for-net\tools\legacy\Microsoft.WindowsAzure.Build.Tasks\Build.Tasks\RegexReplacementTask.cs(4,17): error CS0234: The type or namespace name 'Build' does not exist in the namespace 'Microsoft' (are you missing an assembly reference?)
C:\gh\azure-sdk-for-net\tools\legacy\Microsoft.WindowsAzure.Build.Tasks\Build.Tasks\RegexReplacementTask.cs(5,17): error CS0234: The type or namespace name 'Build' does not exist in the namespace 'Microsoft' (are you missing an assembly reference?)
C:\gh\azure-sdk-for-net\tools\legacy\Microsoft.WindowsAzure.Build.Tasks\Build.Tasks\SDKCategorizeProjects.cs(4,17): error CS0234: The type or namespace name 'Build' does not exist in the namespace 'Microsoft' (are you missing an assembly reference?)
C:\gh\azure-sdk-for-net\tools\legacy\Microsoft.WindowsAzure.Build.Tasks\Build.Tasks\SDKCategorizeProjects.cs(5,17): error CS0234: The type or namespace name 'Build' does not exist in the namespace 'Microsoft' (are you missing an assembly reference?)
C:\gh\azure-sdk-for-net\tools\legacy\Microsoft.WindowsAzure.Build.Tasks\Build.Tasks\SDKCategorizeProjects.cs(6,17): error CS0234: The type or namespace name 'Build' does not exist in the namespace 'Microsoft' (are you missing an assembly reference?)
C:\gh\azure-sdk-for-net\tools\legacy\Microsoft.WindowsAzure.Build.Tasks\Build.Tasks\ValidateStrongNameSignatureTask.cs(5,17): error CS0234: The type or namespace name 'Build' does not exist in the namespace 'Microsoft' (are you missing an assembly reference?)
C:\gh\azure-sdk-for-net\tools\legacy\Microsoft.WindowsAzure.Build.Tasks\Build.Tasks\ValidateStrongNameSignatureTask.cs(6,17): error CS0234: The type or namespace name 'Build' does not exist in the namespace 'Microsoft' (are you missing an assembly reference?)
C:\gh\azure-sdk-for-net\tools\legacy\Microsoft.WindowsAzure.Build.Tasks\Build.Tasks\BuildProjectTemplatesTask.cs(7,21): error CS0234: The type or namespace name 'Build' does not exist in the namespace 'Microsoft' (are you missing an assembly reference?)
C:\gh\azure-sdk-for-net\tools\legacy\Microsoft.WindowsAzure.Build.Tasks\Build.Tasks\BuildProjectTemplatesTask.cs(8,21): error CS0234: The type or namespace name 'Build' does not exist in the namespace 'Microsoft' (are you missing an assembly reference?)
C:\gh\azure-sdk-for-net\tools\legacy\Microsoft.WindowsAzure.Build.Tasks\Build.Tasks\PublishSDKNuget.cs(7,21): error CS0234: The type or namespace name 'Build' does not exist in the namespace 'Microsoft' (are you missing an assembly reference?)
C:\gh\azure-sdk-for-net\tools\legacy\Microsoft.WindowsAzure.Build.Tasks\Build.Tasks\PublishSDKNuget.cs(8,21): error CS0234: The type or namespace name 'Build' does not exist in the namespace 'Microsoft' (are you missing an assembly reference?)
C:\gh\azure-sdk-for-net\tools\legacy\Microsoft.WindowsAzure.Build.Tasks\Build.Tasks\BuildProjectTemplatesTask.cs(50,30): error CS0115: 'BuildProjectTemplatesTask.Execute()': no suitable method found to override
C:\gh\azure-sdk-for-net\tools\legacy\Microsoft.WindowsAzure.Build.Tasks\Build.Tasks\BuildProjectTemplatesTask.cs(30,10): error CS0246: The type or namespace name 'OutputAttribute' could not be found (are you missing a using directive or an assembly reference?)
C:\gh\azure-sdk-for-net\tools\legacy\Microsoft.WindowsAzure.Build.Tasks\Build.Tasks\BuildProjectTemplatesTask.cs(30,10): error CS0246: The type or namespace name 'Output' could not be found (are you missing a using directive or an assembly reference?)
C:\gh\azure-sdk-for-net\tools\legacy\Microsoft.WindowsAzure.Build.Tasks\Build.Tasks\DebugTask.cs(6,21): error CS0234: The type or namespace name 'Build' does not exist in the namespace 'Microsoft' (are you missing an assembly reference?)
C:\gh\azure-sdk-for-net\tools\legacy\Microsoft.WindowsAzure.Build.Tasks\Build.Tasks\DebugTask.cs(27,30): error CS0115: 'DebugTask.Execute()': no suitable method found to override
C:\gh\azure-sdk-for-net\tools\legacy\Microsoft.WindowsAzure.Build.Tasks\Build.Tasks\PublishSDKNuget.cs(134,30): error CS0115: 'PublishSDKNuget.Execute()': no suitable method found to override
C:\gh\azure-sdk-for-net\tools\legacy\Microsoft.WindowsAzure.Build.Tasks\Build.Tasks\RegexReplacementTask.cs(33,30): error CS0115: 'RegexReplacementTask.Execute()': no suitable method found to override
C:\gh\azure-sdk-for-net\tools\legacy\Microsoft.WindowsAzure.Build.Tasks\Build.Tasks\RegexReplacementTask.cs(16,10): error CS0246: The type or namespace name 'RequiredAttribute' could not be found (are you missing a using directive or an assembly reference?)
C:\gh\azure-sdk-for-net\tools\legacy\Microsoft.WindowsAzure.Build.Tasks\Build.Tasks\RegexReplacementTask.cs(16,10): error CS0246: The type or namespace name 'Required' could not be found (are you missing a using directive or an assembly reference?)
C:\gh\azure-sdk-for-net\tools\legacy\Microsoft.WindowsAzure.Build.Tasks\Build.Tasks\RegexReplacementTask.cs(17,16): error CS0246: The type or namespace name 'ITaskItem' could not be found (are you missing a using directive or an assembly reference?)
C:\gh\azure-sdk-for-net\tools\legacy\Microsoft.WindowsAzure.Build.Tasks\Build.Tasks\RegexReplacementTask.cs(19,10): error CS0246: The type or namespace name 'RequiredAttribute' could not be found (are you missing a using directive or an assembly reference?)
C:\gh\azure-sdk-for-net\tools\legacy\Microsoft.WindowsAzure.Build.Tasks\Build.Tasks\RegexReplacementTask.cs(19,10): error CS0246: The type or namespace name 'Required' could not be found (are you missing a using directive or an assembly reference?)
C:\gh\azure-sdk-for-net\tools\legacy\Microsoft.WindowsAzure.Build.Tasks\Build.Tasks\PublishSDKNuget.cs(55,10): error CS0246: The type or namespace name 'RequiredAttribute' could not be found (are you missing a using directive or an assembly reference?)
C:\gh\azure-sdk-for-net\tools\legacy\Microsoft.WindowsAzure.Build.Tasks\Build.Tasks\PublishSDKNuget.cs(55,10): error CS0246: The type or namespace name 'Required' could not be found (are you missing a using directive or an assembly reference?)
C:\gh\azure-sdk-for-net\tools\legacy\Microsoft.WindowsAzure.Build.Tasks\Build.Tasks\SDKCategorizeProjects.cs(369,16): error CS0246: The type or namespace name 'ITaskItem' could not be found (are you missing a using directive or an assembly reference?)
C:\gh\azure-sdk-for-net\tools\legacy\Microsoft.WindowsAzure.Build.Tasks\Build.Tasks\RegexReplacementTask.cs(22,10): error CS0246: The type or namespace name 'RequiredAttribute' could not be found (are you missing a using directive or an assembly reference?)
C:\gh\azure-sdk-for-net\tools\legacy\Microsoft.WindowsAzure.Build.Tasks\Build.Tasks\RegexReplacementTask.cs(22,10): error CS0246: The type or namespace name 'Required' could not be found (are you missing a using directive or an assembly reference?)
C:\gh\azure-sdk-for-net\tools\legacy\Microsoft.WindowsAzure.Build.Tasks\Build.Tasks\SDKCategorizeProjects.cs(373,16): error CS0246: The type or namespace name 'Project' could not be found (are you missing a using directive or an assembly reference?)
C:\gh\azure-sdk-for-net\tools\legacy\Microsoft.WindowsAzure.Build.Tasks\Build.Tasks\PublishSDKNuget.cs(61,10): error CS0246: The type or namespace name 'RequiredAttribute' could not be found (are you missing a using directive or an assembly reference?)
C:\gh\azure-sdk-for-net\tools\legacy\Microsoft.WindowsAzure.Build.Tasks\Build.Tasks\PublishSDKNuget.cs(61,10): error CS0246: The type or namespace name 'Required' could not be found (are you missing a using directive or an assembly reference?)
C:\gh\azure-sdk-for-net\tools\legacy\Microsoft.WindowsAzure.Build.Tasks\Build.Tasks\PublishSDKNuget.cs(68,10): error CS0246: The type or namespace name 'RequiredAttribute' could not be found (are you missing a using directive or an assembly reference?)
C:\gh\azure-sdk-for-net\tools\legacy\Microsoft.WindowsAzure.Build.Tasks\Build.Tasks\PublishSDKNuget.cs(68,10): error CS0246: The type or namespace name 'Required' could not be found (are you missing a using directive or an assembly reference?)
C:\gh\azure-sdk-for-net\tools\legacy\Microsoft.WindowsAzure.Build.Tasks\Build.Tasks\FilterOutAutoRestLibraries.cs(46,30): error CS0115: 'FilterOutAutoRestLibraries.Execute()': no suitable method found to override
C:\gh\azure-sdk-for-net\tools\legacy\Microsoft.WindowsAzure.Build.Tasks\Build.Tasks\FilterOutAutoRestLibraries.cs(15,10): error CS0246: The type or namespace name 'RequiredAttribute' could not be found (are you missing a using directive or an assembly reference?)
C:\gh\azure-sdk-for-net\tools\legacy\Microsoft.WindowsAzure.Build.Tasks\Build.Tasks\FilterOutAutoRestLibraries.cs(15,10): error CS0246: The type or namespace name 'Required' could not be found (are you missing a using directive or an assembly reference?)
C:\gh\azure-sdk-for-net\tools\legacy\Microsoft.WindowsAzure.Build.Tasks\Build.Tasks\FilterOutAutoRestLibraries.cs(16,16): error CS0246: The type or namespace name 'ITaskItem' could not be found (are you missing a using directive or an assembly reference?)
C:\gh\azure-sdk-for-net\tools\legacy\Microsoft.WindowsAzure.Build.Tasks\Build.Tasks\FilterOutAutoRestLibraries.cs(18,10): error CS0246: The type or namespace name 'RequiredAttribute' could not be found (are you missing a using directive or an assembly reference?)
C:\gh\azure-sdk-for-net\tools\legacy\Microsoft.WindowsAzure.Build.Tasks\Build.Tasks\FilterOutAutoRestLibraries.cs(18,10): error CS0246: The type or namespace name 'Required' could not be found (are you missing a using directive or an assembly reference?)
C:\gh\azure-sdk-for-net\tools\legacy\Microsoft.WindowsAzure.Build.Tasks\Build.Tasks\FilterOutAutoRestLibraries.cs(19,16): error CS0246: The type or namespace name 'ITaskItem' could not be found (are you missing a using directive or an assembly reference?)
C:\gh\azure-sdk-for-net\tools\legacy\Microsoft.WindowsAzure.Build.Tasks\Build.Tasks\SDKCategorizeProjects.cs(134,30): error CS0115: 'SDKCategorizeProjects.Execute()': no suitable method found to override
C:\gh\azure-sdk-for-net\tools\legacy\Microsoft.WindowsAzure.Build.Tasks\Build.Tasks\ValidateStrongNameSignatureTask.cs(46,30): error CS0115: 'ValidateStrongNameSignatureTask.Execute()': no suitable method found to override
C:\gh\azure-sdk-for-net\tools\legacy\Microsoft.WindowsAzure.Build.Tasks\Build.Tasks\FilterOutAutoRestLibraries.cs(21,10): error CS0246: The type or namespace name 'RequiredAttribute' could not be found (are you missing a using directive or an assembly reference?)
C:\gh\azure-sdk-for-net\tools\legacy\Microsoft.WindowsAzure.Build.Tasks\Build.Tasks\FilterOutAutoRestLibraries.cs(21,10): error CS0246: The type or namespace name 'Required' could not be found (are you missing a using directive or an assembly reference?)
C:\gh\azure-sdk-for-net\tools\legacy\Microsoft.WindowsAzure.Build.Tasks\Build.Tasks\ValidateStrongNameSignatureTask.cs(19,10): error CS0246: The type or namespace name 'RequiredAttribute' could not be found (are you missing a using directive or an assembly reference?)
C:\gh\azure-sdk-for-net\tools\legacy\Microsoft.WindowsAzure.Build.Tasks\Build.Tasks\ValidateStrongNameSignatureTask.cs(19,10): error CS0246: The type or namespace name 'Required' could not be found (are you missing a using directive or an assembly reference?)
C:\gh\azure-sdk-for-net\tools\legacy\Microsoft.WindowsAzure.Build.Tasks\Build.Tasks\FilterOutAutoRestLibraries.cs(34,10): error CS0246: The type or namespace name 'OutputAttribute' could not be found (are you missing a using directive or an assembly reference?)
C:\gh\azure-sdk-for-net\tools\legacy\Microsoft.WindowsAzure.Build.Tasks\Build.Tasks\FilterOutAutoRestLibraries.cs(34,10): error CS0246: The type or namespace name 'Output' could not be found (are you missing a using directive or an assembly reference?)
C:\gh\azure-sdk-for-net\tools\legacy\Microsoft.WindowsAzure.Build.Tasks\Build.Tasks\FilterOutAutoRestLibraries.cs(35,16): error CS0246: The type or namespace name 'ITaskItem' could not be found (are you missing a using directive or an assembly reference?)
C:\gh\azure-sdk-for-net\tools\legacy\Microsoft.WindowsAzure.Build.Tasks\Build.Tasks\ValidateStrongNameSignatureTask.cs(25,10): error CS0246: The type or namespace name 'RequiredAttribute' could not be found (are you missing a using directive or an assembly reference?)
C:\gh\azure-sdk-for-net\tools\legacy\Microsoft.WindowsAzure.Build.Tasks\Build.Tasks\ValidateStrongNameSignatureTask.cs(25,10): error CS0246: The type or namespace name 'Required' could not be found (are you missing a using directive or an assembly reference?)
C:\gh\azure-sdk-for-net\tools\legacy\Microsoft.WindowsAzure.Build.Tasks\Build.Tasks\ValidateStrongNameSignatureTask.cs(26,16): error CS0246: The type or namespace name 'ITaskItem' could not be found (are you missing a using directive or an assembly reference?)
C:\gh\azure-sdk-for-net\tools\legacy\Microsoft.WindowsAzure.Build.Tasks\Build.Tasks\FilterOutAutoRestLibraries.cs(37,10): error CS0246: The type or namespace name 'OutputAttribute' could not be found (are you missing a using directive or an assembly reference?)
C:\gh\azure-sdk-for-net\tools\legacy\Microsoft.WindowsAzure.Build.Tasks\Build.Tasks\FilterOutAutoRestLibraries.cs(37,10): error CS0246: The type or namespace name 'Output' could not be found (are you missing a using directive or an assembly reference?)
C:\gh\azure-sdk-for-net\tools\legacy\Microsoft.WindowsAzure.Build.Tasks\Build.Tasks\ValidateStrongNameSignatureTask.cs(31,10): error CS0246: The type or namespace name 'RequiredAttribute' could not be found (are you missing a using directive or an assembly reference?)
C:\gh\azure-sdk-for-net\tools\legacy\Microsoft.WindowsAzure.Build.Tasks\Build.Tasks\ValidateStrongNameSignatureTask.cs(31,10): error CS0246: The type or namespace name 'Required' could not be found (are you missing a using directive or an assembly reference?)
C:\gh\azure-sdk-for-net\tools\legacy\Microsoft.WindowsAzure.Build.Tasks\Build.Tasks\FilterOutAutoRestLibraries.cs(38,16): error CS0246: The type or namespace name 'ITaskItem' could not be found (are you missing a using directive or an assembly reference?)
C:\gh\azure-sdk-for-net\tools\legacy\Microsoft.WindowsAzure.Build.Tasks\Build.Tasks\SDKCategorizeProjects.cs(46,10): error CS0246: The type or namespace name 'RequiredAttribute' could not be found (are you missing a using directive or an assembly reference?)
C:\gh\azure-sdk-for-net\tools\legacy\Microsoft.WindowsAzure.Build.Tasks\Build.Tasks\SDKCategorizeProjects.cs(46,10): error CS0246: The type or namespace name 'Required' could not be found (are you missing a using directive or an assembly reference?)
C:\gh\azure-sdk-for-net\tools\legacy\Microsoft.WindowsAzure.Build.Tasks\Build.Tasks\FilterOutAutoRestLibraries.cs(40,10): error CS0246: The type or namespace name 'OutputAttribute' could not be found (are you missing a using directive or an assembly reference?)
C:\gh\azure-sdk-for-net\tools\legacy\Microsoft.WindowsAzure.Build.Tasks\Build.Tasks\FilterOutAutoRestLibraries.cs(40,10): error CS0246: The type or namespace name 'Output' could not be found (are you missing a using directive or an assembly reference?)
C:\gh\azure-sdk-for-net\tools\legacy\Microsoft.WindowsAzure.Build.Tasks\Build.Tasks\FilterOutAutoRestLibraries.cs(41,16): error CS0246: The type or namespace name 'ITaskItem' could not be found (are you missing a using directive or an assembly reference?)
C:\gh\azure-sdk-for-net\tools\legacy\Microsoft.WindowsAzure.Build.Tasks\Build.Tasks\SDKCategorizeProjects.cs(52,10): error CS0246: The type or namespace name 'RequiredAttribute' could not be found (are you missing a using directive or an assembly reference?)
C:\gh\azure-sdk-for-net\tools\legacy\Microsoft.WindowsAzure.Build.Tasks\Build.Tasks\SDKCategorizeProjects.cs(52,10): error CS0246: The type or namespace name 'Required' could not be found (are you missing a using directive or an assembly reference?)
C:\gh\azure-sdk-for-net\tools\legacy\Microsoft.WindowsAzure.Build.Tasks\Build.Tasks\FilterOutAutoRestLibraries.cs(43,10): error CS0246: The type or namespace name 'OutputAttribute' could not be found (are you missing a using directive or an assembly reference?)
C:\gh\azure-sdk-for-net\tools\legacy\Microsoft.WindowsAzure.Build.Tasks\Build.Tasks\FilterOutAutoRestLibraries.cs(43,10): error CS0246: The type or namespace name 'Output' could not be found (are you missing a using directive or an assembly reference?)
C:\gh\azure-sdk-for-net\tools\legacy\Microsoft.WindowsAzure.Build.Tasks\Build.Tasks\FilterOutAutoRestLibraries.cs(44,16): error CS0246: The type or namespace name 'ITaskItem' could not be found (are you missing a using directive or an assembly reference?)
C:\gh\azure-sdk-for-net\tools\legacy\Microsoft.WindowsAzure.Build.Tasks\Build.Tasks\SDKCategorizeProjects.cs(87,10): error CS0246: The type or namespace name 'OutputAttribute' could not be found (are you missing a using directive or an assembly reference?)
C:\gh\azure-sdk-for-net\tools\legacy\Microsoft.WindowsAzure.Build.Tasks\Build.Tasks\SDKCategorizeProjects.cs(87,10): error CS0246: The type or namespace name 'Output' could not be found (are you missing a using directive or an assembly reference?)
C:\gh\azure-sdk-for-net\tools\legacy\Microsoft.WindowsAzure.Build.Tasks\Build.Tasks\SDKCategorizeProjects.cs(88,16): error CS0246: The type or namespace name 'ITaskItem' could not be found (are you missing a using directive or an assembly reference?)
C:\gh\azure-sdk-for-net\tools\legacy\Microsoft.WindowsAzure.Build.Tasks\Build.Tasks\SDKCategorizeProjects.cs(93,10): error CS0246: The type or namespace name 'OutputAttribute' could not be found (are you missing a using directive or an assembly reference?)
C:\gh\azure-sdk-for-net\tools\legacy\Microsoft.WindowsAzure.Build.Tasks\Build.Tasks\SDKCategorizeProjects.cs(93,10): error CS0246: The type or namespace name 'Output' could not be found (are you missing a using directive or an assembly reference?)
C:\gh\azure-sdk-for-net\tools\legacy\Microsoft.WindowsAzure.Build.Tasks\Build.Tasks\SDKCategorizeProjects.cs(94,16): error CS0246: The type or namespace name 'ITaskItem' could not be found (are you missing a using directive or an assembly reference?)
C:\gh\azure-sdk-for-net\tools\legacy\Microsoft.WindowsAzure.Build.Tasks\Build.Tasks\SDKCategorizeProjects.cs(99,10): error CS0246: The type or namespace name 'OutputAttribute' could not be found (are you missing a using directive or an assembly reference?)
C:\gh\azure-sdk-for-net\tools\legacy\Microsoft.WindowsAzure.Build.Tasks\Build.Tasks\SDKCategorizeProjects.cs(99,10): error CS0246: The type or namespace name 'Output' could not be found (are you missing a using directive or an assembly reference?)
C:\gh\azure-sdk-for-net\tools\legacy\Microsoft.WindowsAzure.Build.Tasks\Build.Tasks\SDKCategorizeProjects.cs(100,16): error CS0246: The type or namespace name 'ITaskItem' could not be found (are you missing a using directive or an assembly reference?)
C:\gh\azure-sdk-for-net\tools\legacy\Microsoft.WindowsAzure.Build.Tasks\Build.Tasks\SDKCategorizeProjects.cs(107,10): error CS0246: The type or namespace name 'OutputAttribute' could not be found (are you missing a using directive or an assembly reference?)
C:\gh\azure-sdk-for-net\tools\legacy\Microsoft.WindowsAzure.Build.Tasks\Build.Tasks\SDKCategorizeProjects.cs(107,10): error CS0246: The type or namespace name 'Output' could not be found (are you missing a using directive or an assembly reference?)
C:\gh\azure-sdk-for-net\tools\legacy\Microsoft.WindowsAzure.Build.Tasks\Build.Tasks\SDKCategorizeProjects.cs(108,16): error CS0246: The type or namespace name 'ITaskItem' could not be found (are you missing a using directive or an assembly reference?)
C:\gh\azure-sdk-for-net\tools\legacy\Microsoft.WindowsAzure.Build.Tasks\Build.Tasks\SDKCategorizeProjects.cs(110,10): error CS0246: The type or namespace name 'OutputAttribute' could not be found (are you missing a using directive or an assembly reference?)
C:\gh\azure-sdk-for-net\tools\legacy\Microsoft.WindowsAzure.Build.Tasks\Build.Tasks\SDKCategorizeProjects.cs(110,10): error CS0246: The type or namespace name 'Output' could not be found (are you missing a using directive or an assembly reference?)
C:\gh\azure-sdk-for-net\tools\legacy\Microsoft.WindowsAzure.Build.Tasks\Build.Tasks\SDKCategorizeProjects.cs(111,16): error CS0246: The type or namespace name 'ITaskItem' could not be found (are you missing a using directive or an assembly reference?)
C:\gh\azure-sdk-for-net\tools\legacy\Microsoft.WindowsAzure.Build.Tasks\Build.Tasks\SDKCategorizeProjects.cs(113,10): error CS0246: The type or namespace name 'OutputAttribute' could not be found (are you missing a using directive or an assembly reference?)
C:\gh\azure-sdk-for-net\tools\legacy\Microsoft.WindowsAzure.Build.Tasks\Build.Tasks\SDKCategorizeProjects.cs(113,10): error CS0246: The type or namespace name 'Output' could not be found (are you missing a using directive or an assembly reference?)
C:\gh\azure-sdk-for-net\tools\legacy\Microsoft.WindowsAzure.Build.Tasks\Build.Tasks\SDKCategorizeProjects.cs(114,16): error CS0246: The type or namespace name 'ITaskItem' could not be found (are you missing a using directive or an assembly reference?)
C:\gh\azure-sdk-for-net\tools\legacy\Microsoft.WindowsAzure.Build.Tasks\Build.Tasks\SDKCategorizeProjects.cs(121,10): error CS0246: The type or namespace name 'OutputAttribute' could not be found (are you missing a using directive or an assembly reference?)
C:\gh\azure-sdk-for-net\tools\legacy\Microsoft.WindowsAzure.Build.Tasks\Build.Tasks\SDKCategorizeProjects.cs(121,10): error CS0246: The type or namespace name 'Output' could not be found (are you missing a using directive or an assembly reference?)
C:\gh\azure-sdk-for-net\tools\legacy\Microsoft.WindowsAzure.Build.Tasks\Build.Tasks\SDKCategorizeProjects.cs(122,16): error CS0246: The type or namespace name 'ITaskItem' could not be found (are you missing a using directive or an assembly reference?)
C:\gh\azure-sdk-for-net\tools\legacy\Microsoft.WindowsAzure.Build.Tasks\Build.Tasks\PublishSDKNuget.cs(41,25): error CS1061: 'PublishSDKNuget' does not contain a definition for 'BuildEngine' and no accessible extension method 'BuildEngine' accepting a first argument of type 'PublishSDKNuget' could be found (are you missing a using directive or an assembly reference?)
C:\gh\azure-sdk-for-net\tools\legacy\Microsoft.WindowsAzure.Build.Tasks\Build.Tasks\ValidateStrongNameSignatureTask.cs(53,21): error CS0103: The name 'Log' does not exist in the current context
C:\gh\azure-sdk-for-net\tools\legacy\Microsoft.WindowsAzure.Build.Tasks\Build.Tasks\ValidateStrongNameSignatureTask.cs(67,21): error CS0103: The name 'Log' does not exist in the current context
C:\gh\azure-sdk-for-net\tools\legacy\Microsoft.WindowsAzure.Build.Tasks\Build.Tasks\ValidateStrongNameSignatureTask.cs(68,21): error CS0103: The name 'Log' does not exist in the current context
C:\gh\azure-sdk-for-net\tools\legacy\Microsoft.WindowsAzure.Build.Tasks\Build.Tasks\ValidateStrongNameSignatureTask.cs(82,21): error CS0103: The name 'Log' does not exist in the current context
C:\gh\azure-sdk-for-net\tools\legacy\Microsoft.WindowsAzure.Build.Tasks\Build.Tasks\ValidateStrongNameSignatureTask.cs(89,17): error CS0103: The name 'Log' does not exist in the current context
C:\gh\azure-sdk-for-net\tools\legacy\Microsoft.WindowsAzure.Build.Tasks\Build.Tasks\ValidateStrongNameSignatureTask.cs(119,21): error CS0103: The name 'Log' does not exist in the current context
C:\gh\azure-sdk-for-net\tools\legacy\Microsoft.WindowsAzure.Build.Tasks\Build.Tasks\ValidateStrongNameSignatureTask.cs(119,36): error CS0103: The name 'MessageImportance' does not exist in the current context
C:\gh\azure-sdk-for-net\tools\legacy\Microsoft.WindowsAzure.Build.Tasks\Build.Tasks\ValidateStrongNameSignatureTask.cs(123,21): error CS0103: The name 'Log' does not exist in the current context
C:\gh\azure-sdk-for-net\tools\legacy\Microsoft.WindowsAzure.Build.Tasks\Build.Tasks\ValidateStrongNameSignatureTask.cs(130,17): error CS0103: The name 'Log' does not exist in the current context
C:\gh\azure-sdk-for-net\tools\legacy\Microsoft.WindowsAzure.Build.Tasks\Build.Tasks\RegexReplacementTask.cs(61,25): error CS0103: The name 'Log' does not exist in the current context
C:\gh\azure-sdk-for-net\tools\legacy\Microsoft.WindowsAzure.Build.Tasks\Build.Tasks\RegexReplacementTask.cs(37,17): error CS0030: Cannot convert type '?' to 'string'
C:\gh\azure-sdk-for-net\tools\legacy\Microsoft.WindowsAzure.Build.Tasks\Build.Tasks\RegexReplacementTask.cs(69,17): error CS0103: The name 'Log' does not exist in the current context
C:\gh\azure-sdk-for-net\tools\legacy\Microsoft.WindowsAzure.Build.Tasks\Build.Tasks\PublishSDKNuget.cs(254,17): error CS0122: 'Log' is inaccessible due to its protection level
C:\gh\azure-sdk-for-net\tools\legacy\Microsoft.WindowsAzure.Build.Tasks\Build.Tasks\PublishSDKNuget.cs(271,17): error CS0122: 'Log' is inaccessible due to its protection level
C:\gh\azure-sdk-for-net\tools\legacy\Microsoft.WindowsAzure.Build.Tasks\Build.Tasks\PublishSDKNuget.cs(283,17): error CS0122: 'Log' is inaccessible due to its protection level
C:\gh\azure-sdk-for-net\tools\legacy\Microsoft.WindowsAzure.Build.Tasks\Build.Tasks\BuildProjectTemplatesTask.cs(66,21): error CS0103: The name 'Log' does not exist in the current context
C:\gh\azure-sdk-for-net\tools\legacy\Microsoft.WindowsAzure.Build.Tasks\Build.Tasks\BuildProjectTemplatesTask.cs(71,17): error CS0103: The name 'Log' does not exist in the current context
C:\gh\azure-sdk-for-net\tools\legacy\Microsoft.WindowsAzure.Build.Tasks\Build.Tasks\FilterOutAutoRestLibraries.cs(49,22): error CS0246: The type or namespace name 'ITaskItem' could not be found (are you missing a using directive or an assembly reference?)
C:\gh\azure-sdk-for-net\tools\legacy\Microsoft.WindowsAzure.Build.Tasks\Build.Tasks\FilterOutAutoRestLibraries.cs(54,13): error CS0103: The name 'Log' does not exist in the current context
C:\gh\azure-sdk-for-net\tools\legacy\Microsoft.WindowsAzure.Build.Tasks\Build.Tasks\FilterOutAutoRestLibraries.cs(54,28): error CS0103: The name 'MessageImportance' does not exist in the current context
C:\gh\azure-sdk-for-net\tools\legacy\Microsoft.WindowsAzure.Build.Tasks\Build.Tasks\FilterOutAutoRestLibraries.cs(56,56): error CS0246: The type or namespace name 'ITaskItem' could not be found (are you missing a using directive or an assembly reference?)
C:\gh\azure-sdk-for-net\tools\legacy\Microsoft.WindowsAzure.Build.Tasks\Build.Tasks\FilterOutAutoRestLibraries.cs(57,53): error CS0246: The type or namespace name 'ITaskItem' could not be found (are you missing a using directive or an assembly reference?)
C:\gh\azure-sdk-for-net\tools\legacy\Microsoft.WindowsAzure.Build.Tasks\Build.Tasks\FilterOutAutoRestLibraries.cs(58,51): error CS0246: The type or namespace name 'ITaskItem' could not be found (are you missing a using directive or an assembly reference?)
C:\gh\azure-sdk-for-net\tools\legacy\Microsoft.WindowsAzure.Build.Tasks\Build.Tasks\FilterOutAutoRestLibraries.cs(59,44): error CS0246: The type or namespace name 'ITaskItem' could not be found (are you missing a using directive or an assembly reference?)
C:\gh\azure-sdk-for-net\tools\legacy\Microsoft.WindowsAzure.Build.Tasks\Build.Tasks\FilterOutAutoRestLibraries.cs(60,36): error CS0246: The type or namespace name 'ITaskItem' could not be found (are you missing a using directive or an assembly reference?)
C:\gh\azure-sdk-for-net\tools\legacy\Microsoft.WindowsAzure.Build.Tasks\Build.Tasks\FilterOutAutoRestLibraries.cs(75,21): error CS0246: The type or namespace name 'ITaskItem' could not be found (are you missing a using directive or an assembly reference?)
C:\gh\azure-sdk-for-net\tools\legacy\Microsoft.WindowsAzure.Build.Tasks\Build.Tasks\FilterOutAutoRestLibraries.cs(75,66): error CS0246: The type or namespace name 'ITaskItem' could not be found (are you missing a using directive or an assembly reference?)
C:\gh\azure-sdk-for-net\tools\legacy\Microsoft.WindowsAzure.Build.Tasks\Build.Tasks\FilterOutAutoRestLibraries.cs(75,161): error CS0246: The type or namespace name 'ITaskItem' could not be found (are you missing a using directive or an assembly reference?)
C:\gh\azure-sdk-for-net\tools\legacy\Microsoft.WindowsAzure.Build.Tasks\Build.Tasks\FilterOutAutoRestLibraries.cs(82,63): error CS0246: The type or namespace name 'ITaskItem' could not be found (are you missing a using directive or an assembly reference?)
C:\gh\azure-sdk-for-net\tools\legacy\Microsoft.WindowsAzure.Build.Tasks\Build.Tasks\FilterOutAutoRestLibraries.cs(85,22): error CS0246: The type or namespace name 'ITaskItem' could not be found (are you missing a using directive or an assembly reference?)
C:\gh\azure-sdk-for-net\tools\legacy\Microsoft.WindowsAzure.Build.Tasks\Build.Tasks\FilterOutAutoRestLibraries.cs(168,29): error CS0246: The type or namespace name 'TaskItem' could not be found (are you missing a using directive or an assembly reference?)
C:\gh\azure-sdk-for-net\tools\legacy\Microsoft.WindowsAzure.Build.Tasks\Build.Tasks\FilterOutAutoRestLibraries.cs(168,55): error CS0246: The type or namespace name 'TaskItem' could not be found (are you missing a using directive or an assembly reference?)
C:\gh\azure-sdk-for-net\tools\legacy\Microsoft.WindowsAzure.Build.Tasks\Build.Tasks\FilterOutAutoRestLibraries.cs(190,21): error CS0103: The name 'Log' does not exist in the current context
C:\gh\azure-sdk-for-net\tools\legacy\Microsoft.WindowsAzure.Build.Tasks\Build.Tasks\FilterOutAutoRestLibraries.cs(190,36): error CS0103: The name 'MessageImportance' does not exist in the current context
C:\gh\azure-sdk-for-net\tools\legacy\Microsoft.WindowsAzure.Build.Tasks\Build.Tasks\FilterOutAutoRestLibraries.cs(194,13): error CS0103: The name 'Log' does not exist in the current context
C:\gh\azure-sdk-for-net\tools\legacy\Microsoft.WindowsAzure.Build.Tasks\Build.Tasks\FilterOutAutoRestLibraries.cs(194,28): error CS0103: The name 'MessageImportance' does not exist in the current context
C:\gh\azure-sdk-for-net\tools\legacy\Microsoft.WindowsAzure.Build.Tasks\Build.Tasks\FilterOutAutoRestLibraries.cs(195,13): error CS0103: The name 'Log' does not exist in the current context
C:\gh\azure-sdk-for-net\tools\legacy\Microsoft.WindowsAzure.Build.Tasks\Build.Tasks\FilterOutAutoRestLibraries.cs(195,28): error CS0103: The name 'MessageImportance' does not exist in the current context
C:\gh\azure-sdk-for-net\tools\legacy\Microsoft.WindowsAzure.Build.Tasks\Build.Tasks\FilterOutAutoRestLibraries.cs(196,13): error CS0103: The name 'Log' does not exist in the current context
C:\gh\azure-sdk-for-net\tools\legacy\Microsoft.WindowsAzure.Build.Tasks\Build.Tasks\FilterOutAutoRestLibraries.cs(196,28): error CS0103: The name 'MessageImportance' does not exist in the current context
C:\gh\azure-sdk-for-net\tools\legacy\Microsoft.WindowsAzure.Build.Tasks\Build.Tasks\FilterOutAutoRestLibraries.cs(197,13): error CS0103: The name 'Log' does not exist in the current context
C:\gh\azure-sdk-for-net\tools\legacy\Microsoft.WindowsAzure.Build.Tasks\Build.Tasks\FilterOutAutoRestLibraries.cs(197,28): error CS0103: The name 'MessageImportance' does not exist in the current context
C:\gh\azure-sdk-for-net\tools\legacy\Microsoft.WindowsAzure.Build.Tasks\Build.Tasks\SDKCategorizeProjects.cs(181,67): error CS0246: The type or namespace name 'ITaskItem' could not be found (are you missing a using directive or an assembly reference?)
C:\gh\azure-sdk-for-net\tools\legacy\Microsoft.WindowsAzure.Build.Tasks\Build.Tasks\SDKCategorizeProjects.cs(182,71): error CS0246: The type or namespace name 'ITaskItem' could not be found (are you missing a using directive or an assembly reference?)
C:\gh\azure-sdk-for-net\tools\legacy\Microsoft.WindowsAzure.Build.Tasks\Build.Tasks\SDKCategorizeProjects.cs(183,73): error CS0246: The type or namespace name 'ITaskItem' could not be found (are you missing a using directive or an assembly reference?)
C:\gh\azure-sdk-for-net\tools\legacy\Microsoft.WindowsAzure.Build.Tasks\Build.Tasks\SDKCategorizeProjects.cs(184,75): error CS0246: The type or namespace name 'ITaskItem' could not be found (are you missing a using directive or an assembly reference?)
C:\gh\azure-sdk-for-net\tools\legacy\Microsoft.WindowsAzure.Build.Tasks\Build.Tasks\SDKCategorizeProjects.cs(185,69): error CS0246: The type or namespace name 'ITaskItem' could not be found (are you missing a using directive or an assembly reference?)
C:\gh\azure-sdk-for-net\tools\legacy\Microsoft.WindowsAzure.Build.Tasks\Build.Tasks\SDKCategorizeProjects.cs(186,71): error CS0246: The type or namespace name 'ITaskItem' could not be found (are you missing a using directive or an assembly reference?)
C:\gh\azure-sdk-for-net\tools\legacy\Microsoft.WindowsAzure.Build.Tasks\Build.Tasks\SDKCategorizeProjects.cs(202,61): error CS0246: The type or namespace name 'TaskItem' could not be found (are you missing a using directive or an assembly reference?)
C:\gh\azure-sdk-for-net\tools\legacy\Microsoft.WindowsAzure.Build.Tasks\Build.Tasks\SDKCategorizeProjects.cs(203,13): error CS0246: The type or namespace name 'IBuildEngine' could not be found (are you missing a using directive or an assembly reference?)
C:\gh\azure-sdk-for-net\tools\legacy\Microsoft.WindowsAzure.Build.Tasks\Build.Tasks\SDKCategorizeProjects.cs(203,42): error CS1061: 'SDKCategorizeProjects' does not contain a definition for 'BuildEngine' and no accessible extension method 'BuildEngine' accepting a first argument of type 'SDKCategorizeProjects' could be found (are you missing a using directive or an assembly reference?)
C:\gh\azure-sdk-for-net\tools\legacy\Microsoft.WindowsAzure.Build.Tasks\Build.Tasks\SDKCategorizeProjects.cs(207,43): error CS0246: The type or namespace name 'ITaskItem' could not be found (are you missing a using directive or an assembly reference?)
C:\gh\azure-sdk-for-net\tools\legacy\Microsoft.WindowsAzure.Build.Tasks\Build.Tasks\SDKCategorizeProjects.cs(211,88): error CS0246: The type or namespace name 'Project' could not be found (are you missing a using directive or an assembly reference?)
C:\gh\azure-sdk-for-net\tools\legacy\Microsoft.WindowsAzure.Build.Tasks\Build.Tasks\SDKCategorizeProjects.cs(217,25): error CS0122: 'Log' is inaccessible due to its protection level
C:\gh\azure-sdk-for-net\tools\legacy\Microsoft.WindowsAzure.Build.Tasks\Build.Tasks\SDKCategorizeProjects.cs(234,29): error CS0246: The type or namespace name 'ProjectItem' could not be found (are you missing a using directive or an assembly reference?)
C:\gh\azure-sdk-for-net\tools\legacy\Microsoft.WindowsAzure.Build.Tasks\Build.Tasks\SDKCategorizeProjects.cs(235,30): error CS0246: The type or namespace name 'ProjectItem' could not be found (are you missing a using directive or an assembly reference?)
C:\gh\azure-sdk-for-net\tools\legacy\Microsoft.WindowsAzure.Build.Tasks\Build.Tasks\SDKCategorizeProjects.cs(237,52): error CS0246: The type or namespace name 'ProjectItem' could not be found (are you missing a using directive or an assembly reference?)
C:\gh\azure-sdk-for-net\tools\legacy\Microsoft.WindowsAzure.Build.Tasks\Build.Tasks\SDKCategorizeProjects.cs(238,43): error CS0246: The type or namespace name 'ProjectItem' could not be found (are you missing a using directive or an assembly reference?)
C:\gh\azure-sdk-for-net\tools\legacy\Microsoft.WindowsAzure.Build.Tasks\Build.Tasks\SDKCategorizeProjects.cs(264,61): error CS0246: The type or namespace name 'TaskItem' could not be found (are you missing a using directive or an assembly reference?)
C:\gh\azure-sdk-for-net\tools\legacy\Microsoft.WindowsAzure.Build.Tasks\Build.Tasks\SDKCategorizeProjects.cs(265,13): error CS0246: The type or namespace name 'IBuildEngine' could not be found (are you missing a using directive or an assembly reference?)
C:\gh\azure-sdk-for-net\tools\legacy\Microsoft.WindowsAzure.Build.Tasks\Build.Tasks\SDKCategorizeProjects.cs(265,42): error CS1061: 'SDKCategorizeProjects' does not contain a definition for 'BuildEngine' and no accessible extension method 'BuildEngine' accepting a first argument of type 'SDKCategorizeProjects' could be found (are you missing a using directive or an assembly reference?)
C:\gh\azure-sdk-for-net\tools\legacy\Microsoft.WindowsAzure.Build.Tasks\Build.Tasks\SDKCategorizeProjects.cs(269,22): error CS0246: The type or namespace name 'ITaskItem' could not be found (are you missing a using directive or an assembly reference?)
C:\gh\azure-sdk-for-net\tools\legacy\Microsoft.WindowsAzure.Build.Tasks\Build.Tasks\SDKCategorizeProjects.cs(275,21): error CS0246: The type or namespace name 'Project' could not be found (are you missing a using directive or an assembly reference?)
C:\gh\azure-sdk-for-net\tools\legacy\Microsoft.WindowsAzure.Build.Tasks\Build.Tasks\SDKCategorizeProjects.cs(275,46): error CS0246: The type or namespace name 'Project' could not be found (are you missing a using directive or an assembly reference?)
C:\gh\azure-sdk-for-net\tools\legacy\Microsoft.WindowsAzure.Build.Tasks\Build.Tasks\SDKCategorizeProjects.cs(282,33): error CS0246: The type or namespace name 'ProjectItem' could not be found (are you missing a using directive or an assembly reference?)
C:\gh\azure-sdk-for-net\tools\legacy\Microsoft.WindowsAzure.Build.Tasks\Build.Tasks\SDKCategorizeProjects.cs(283,34): error CS0246: The type or namespace name 'ProjectItem' could not be found (are you missing a using directive or an assembly reference?)
C:\gh\azure-sdk-for-net\tools\legacy\Microsoft.WindowsAzure.Build.Tasks\Build.Tasks\SDKCategorizeProjects.cs(285,56): error CS0246: The type or namespace name 'ProjectItem' could not be found (are you missing a using directive or an assembly reference?)
C:\gh\azure-sdk-for-net\tools\legacy\Microsoft.WindowsAzure.Build.Tasks\Build.Tasks\SDKCategorizeProjects.cs(286,47): error CS0246: The type or namespace name 'ProjectItem' could not be found (are you missing a using directive or an assembly reference?)
C:\gh\azure-sdk-for-net\tools\legacy\Microsoft.WindowsAzure.Build.Tasks\Build.Tasks\SDKCategorizeProjects.cs(308,25): error CS0122: 'Log' is inaccessible due to its protection level
C:\gh\azure-sdk-for-net\tools\legacy\Microsoft.WindowsAzure.Build.Tasks\Build.Tasks\BuildProjectTemplatesTask.cs(14,18): error CS1591: Missing XML comment for publicly visible type or member 'BuildProjectTemplatesTask'
C:\gh\azure-sdk-for-net\tools\legacy\Microsoft.WindowsAzure.Build.Tasks\Build.Tasks\ExecProcess\NugetExec.cs(14,18): error CS1591: Missing XML comment for publicly visible type or member 'NugetExec'
C:\gh\azure-sdk-for-net\tools\legacy\Microsoft.WindowsAzure.Build.Tasks\Build.Tasks\ExecProcess\NugetExec.cs(24,23): error CS1591: Missing XML comment for publicly visible type or member 'NugetExec.ApiKey'
C:\gh\azure-sdk-for-net\tools\legacy\Microsoft.WindowsAzure.Build.Tasks\Build.Tasks\ExecProcess\NugetExec.cs(26,23): error CS1591: Missing XML comment for publicly visible type or member 'NugetExec.PublishToPath'
C:\gh\azure-sdk-for-net\tools\legacy\Microsoft.WindowsAzure.Build.Tasks\Build.Tasks\ExecProcess\NugetExec.cs(44,23): error CS1591: Missing XML comment for publicly visible type or member 'NugetExec.PublishSymbolToPath'
C:\gh\azure-sdk-for-net\tools\legacy\Microsoft.WindowsAzure.Build.Tasks\Build.Tasks\ExecProcess\NugetExec.cs(76,23): error CS1591: Missing XML comment for publicly visible type or member 'NugetExec.NugetExePath'
C:\gh\azure-sdk-for-net\tools\legacy\Microsoft.WindowsAzure.Build.Tasks\Build.Tasks\ExecProcess\NugetExec.cs(94,21): error CS1591: Missing XML comment for publicly visible type or member 'NugetExec.SkipPublishingNuget'
C:\gh\azure-sdk-for-net\tools\legacy\Microsoft.WindowsAzure.Build.Tasks\Build.Tasks\ExecProcess\NugetExec.cs(96,21): error CS1591: Missing XML comment for publicly visible type or member 'NugetExec.SkipPublishingSymbols'
C:\gh\azure-sdk-for-net\tools\legacy\Microsoft.WindowsAzure.Build.Tasks\Build.Tasks\ExecProcess\NugetExec.cs(99,16): error CS1591: Missing XML comment for publicly visible type or member 'NugetExec.NugetExec(string)'
C:\gh\azure-sdk-for-net\tools\legacy\Microsoft.WindowsAzure.Build.Tasks\Build.Tasks\ExecProcess\NugetExec.cs(104,16): error CS1591: Missing XML comment for publicly visible type or member 'NugetExec.NugetExec()'
C:\gh\azure-sdk-for-net\tools\legacy\Microsoft.WindowsAzure.Build.Tasks\Build.Tasks\ExecProcess\NugetExec.cs(108,35): error CS1591: Missing XML comment for publicly visible type or member 'NugetExec.Publish(string)'
C:\gh\azure-sdk-for-net\tools\legacy\Microsoft.WindowsAzure.Build.Tasks\Build.Tasks\ExecProcess\NugetExec.cs(173,23): error CS1591: Missing XML comment for publicly visible type or member 'NugetPublishStatus.NugetPackagePath'
C:\gh\azure-sdk-for-net\tools\legacy\Microsoft.WindowsAzure.Build.Tasks\Build.Tasks\ExecProcess\NugetExec.cs(175,20): error CS1591: Missing XML comment for publicly visible type or member 'NugetPublishStatus.NugetPublishExitCode'
C:\gh\azure-sdk-for-net\tools\legacy\Microsoft.WindowsAzure.Build.Tasks\Build.Tasks\ExecProcess\NugetExec.cs(177,23): error CS1591: Missing XML comment for publicly visible type or member 'NugetPublishStatus.NugetPublishStatusOutput'
C:\gh\azure-sdk-for-net\tools\legacy\Microsoft.WindowsAzure.Build.Tasks\Build.Tasks\ExecProcess\NugetExec.cs(179,23): error CS1591: Missing XML comment for publicly visible type or member 'NugetPublishStatus.PublishArgs'
C:\gh\azure-sdk-for-net\tools\legacy\Microsoft.WindowsAzure.Build.Tasks\Build.Tasks\ExecProcess\ShellExec.cs(14,18): error CS1591: Missing XML comment for publicly visible type or member 'ShellExec'
C:\gh\azure-sdk-for-net\tools\legacy\Microsoft.WindowsAzure.Build.Tasks\Build.Tasks\ExecProcess\ShellExec.cs(27,23): error CS1591: Missing XML comment for publicly visible type or member 'ShellExec.LastExitCode'
C:\gh\azure-sdk-for-net\tools\legacy\Microsoft.WindowsAzure.Build.Tasks\Build.Tasks\ExecProcess\ShellExec.cs(34,19): error CS1591: Missing XML comment for publicly visible type or member 'ShellExec.ShellExec()'
C:\gh\azure-sdk-for-net\tools\legacy\Microsoft.WindowsAzure.Build.Tasks\Build.Tasks\ExecProcess\ShellExec.cs(39,16): error CS1591: Missing XML comment for publicly visible type or member 'ShellExec.ShellExec(string)'
C:\gh\azure-sdk-for-net\tools\legacy\Microsoft.WindowsAzure.Build.Tasks\Build.Tasks\ExecProcess\ShellExec.cs(50,28): error CS1591: Missing XML comment for publicly visible type or member 'ShellExec.ExecuteCommand(string)'
C:\gh\azure-sdk-for-net\tools\legacy\Microsoft.WindowsAzure.Build.Tasks\Build.Tasks\ExecProcess\ShellExec.cs(70,31): error CS1591: Missing XML comment for publicly visible type or member 'ShellExec.GetError()'
C:\gh\azure-sdk-for-net\tools\legacy\Microsoft.WindowsAzure.Build.Tasks\Build.Tasks\ExecProcess\ShellExec.cs(76,31): error CS1591: Missing XML comment for publicly visible type or member 'ShellExec.GetOutput()'
C:\gh\azure-sdk-for-net\tools\legacy\Microsoft.WindowsAzure.Build.Tasks\Build.Tasks\ExecProcess\ShellExec.cs(82,31): error CS1591: Missing XML comment for publicly visible type or member 'ShellExec.AnalyzeExitCode(int)'
C:\gh\azure-sdk-for-net\tools\legacy\Microsoft.WindowsAzure.Build.Tasks\Build.Tasks\FilterOutAutoRestLibraries.cs(13,18): error CS1591: Missing XML comment for publicly visible type or member 'FilterOutAutoRestLibraries'
C:\gh\azure-sdk-for-net\tools\legacy\Microsoft.WindowsAzure.Build.Tasks\Build.Tasks\FilterOutAutoRestLibraries.cs(16,28): error CS1591: Missing XML comment for publicly visible type or member 'FilterOutAutoRestLibraries.SdkNugetPackageInput'
C:\gh\azure-sdk-for-net\tools\legacy\Microsoft.WindowsAzure.Build.Tasks\Build.Tasks\FilterOutAutoRestLibraries.cs(19,28): error CS1591: Missing XML comment for publicly visible type or member 'FilterOutAutoRestLibraries.AllLibraries'
C:\gh\azure-sdk-for-net\tools\legacy\Microsoft.WindowsAzure.Build.Tasks\Build.Tasks\FilterOutAutoRestLibraries.cs(22,23): error CS1591: Missing XML comment for publicly visible type or member 'FilterOutAutoRestLibraries.AutoRestMark'
C:\gh\azure-sdk-for-net\tools\legacy\Microsoft.WindowsAzure.Build.Tasks\Build.Tasks\FilterOutAutoRestLibraries.cs(35,28): error CS1591: Missing XML comment for publicly visible type or member 'FilterOutAutoRestLibraries.Non_NetCore_AutoRestLibraries'
C:\gh\azure-sdk-for-net\tools\legacy\Microsoft.WindowsAzure.Build.Tasks\Build.Tasks\FilterOutAutoRestLibraries.cs(38,28): error CS1591: Missing XML comment for publicly visible type or member 'FilterOutAutoRestLibraries.NonAutoRestLibraries'
C:\gh\azure-sdk-for-net\tools\legacy\Microsoft.WindowsAzure.Build.Tasks\Build.Tasks\FilterOutAutoRestLibraries.cs(41,28): error CS1591: Missing XML comment for publicly visible type or member 'FilterOutAutoRestLibraries.NetCore_AutoRestLibraries'
C:\gh\azure-sdk-for-net\tools\legacy\Microsoft.WindowsAzure.Build.Tasks\Build.Tasks\FilterOutAutoRestLibraries.cs(44,28): error CS1591: Missing XML comment for publicly visible type or member 'FilterOutAutoRestLibraries.SdkNuGetPackageOutput'
C:\gh\azure-sdk-for-net\tools\legacy\Microsoft.WindowsAzure.Build.Tasks\Build.Tasks\FilterOutAutoRestLibraries.cs(46,30): error CS1591: Missing XML comment for publicly visible type or member 'FilterOutAutoRestLibraries.Execute()'
C:\gh\azure-sdk-for-net\tools\legacy\Microsoft.WindowsAzure.Build.Tasks\Build.Tasks\PublishSDKNuget.cs(16,18): error CS1591: Missing XML comment for publicly visible type or member 'PublishSDKNuget'
C:\gh\azure-sdk-for-net\tools\legacy\Microsoft.WindowsAzure.Build.Tasks\Build.Tasks\PublishSDKNuget.cs(27,16): error CS1591: Missing XML comment for publicly visible type or member 'PublishSDKNuget.PublishSDKNuget()'
C:\gh\azure-sdk-for-net\tools\legacy\Microsoft.WindowsAzure.Build.Tasks\Build.Tasks\PublishSDKNuget.cs(92,21): error CS1591: Missing XML comment for publicly visible type or member 'PublishSDKNuget.SkipSymbolPublishing'
C:\gh\azure-sdk-for-net\tools\legacy\Microsoft.WindowsAzure.Build.Tasks\Build.Tasks\PublishSDKNuget.cs(94,21): error CS1591: Missing XML comment for publicly visible type or member 'PublishSDKNuget.SkipNugetPublishing'
C:\gh\azure-sdk-for-net\tools\legacy\Microsoft.WindowsAzure.Build.Tasks\Build.Tasks\PublishSDKNuget.cs(96,21): error CS1591: Missing XML comment for publicly visible type or member 'PublishSDKNuget.TaskDebugOutput'
C:\gh\azure-sdk-for-net\tools\legacy\Microsoft.WindowsAzure.Build.Tasks\Build.Tasks\PublishSDKNuget.cs(98,41): error CS1591: Missing XML comment for publicly visible type or member 'PublishSDKNuget.NugetPublishStatus'
C:\gh\azure-sdk-for-net\tools\legacy\Microsoft.WindowsAzure.Build.Tasks\Build.Tasks\PublishSDKNuget.cs(134,30): error CS1591: Missing XML comment for publicly visible type or member 'PublishSDKNuget.Execute()'
C:\gh\azure-sdk-for-net\tools\legacy\Microsoft.WindowsAzure.Build.Tasks\Build.Tasks\RegexReplacementTask.cs(14,18): error CS1591: Missing XML comment for publicly visible type or member 'RegexReplacementTask'
C:\gh\azure-sdk-for-net\tools\legacy\Microsoft.WindowsAzure.Build.Tasks\Build.Tasks\RegexReplacementTask.cs(17,28): error CS1591: Missing XML comment for publicly visible type or member 'RegexReplacementTask.Files'
C:\gh\azure-sdk-for-net\tools\legacy\Microsoft.WindowsAzure.Build.Tasks\Build.Tasks\RegexReplacementTask.cs(20,23): error CS1591: Missing XML comment for publicly visible type or member 'RegexReplacementTask.Find'
C:\gh\azure-sdk-for-net\tools\legacy\Microsoft.WindowsAzure.Build.Tasks\Build.Tasks\RegexReplacementTask.cs(23,23): error CS1591: Missing XML comment for publicly visible type or member 'RegexReplacementTask.Replace'
C:\gh\azure-sdk-for-net\tools\legacy\Microsoft.WindowsAzure.Build.Tasks\Build.Tasks\RegexReplacementTask.cs(25,21): error CS1591: Missing XML comment for publicly visible type or member 'RegexReplacementTask.LogReplacement'
C:\gh\azure-sdk-for-net\tools\legacy\Microsoft.WindowsAzure.Build.Tasks\Build.Tasks\RegexReplacementTask.cs(33,30): error CS1591: Missing XML comment for publicly visible type or member 'RegexReplacementTask.Execute()'
C:\gh\azure-sdk-for-net\tools\legacy\Microsoft.WindowsAzure.Build.Tasks\Build.Tasks\SDKCategorizeProjects.cs(38,16): error CS1591: Missing XML comment for publicly visible type or member 'SDKCategorizeProjects.SDKCategorizeProjects()'
C:\gh\azure-sdk-for-net\tools\legacy\Microsoft.WindowsAzure.Build.Tasks\Build.Tasks\SDKCategorizeProjects.cs(111,28): error CS1591: Missing XML comment for publicly visible type or member 'SDKCategorizeProjects.net452TestProjectsToBuild'
C:\gh\azure-sdk-for-net\tools\legacy\Microsoft.WindowsAzure.Build.Tasks\Build.Tasks\SDKCategorizeProjects.cs(114,28): error CS1591: Missing XML comment for publicly visible type or member 'SDKCategorizeProjects.unSupportedProjectsToBuild'
C:\gh\azure-sdk-for-net\tools\legacy\Microsoft.WindowsAzure.Build.Tasks\Build.Tasks\SDKCategorizeProjects.cs(361,18): error CS1591: Missing XML comment for publicly visible type or member 'SdkProjectMetaData'
C:\gh\azure-sdk-for-net\tools\legacy\Microsoft.WindowsAzure.Build.Tasks\Build.Tasks\SDKCategorizeProjects.cs(363,39): error CS1591: Missing XML comment for publicly visible type or member 'SdkProjectMetaData.FxMoniker'
C:\gh\azure-sdk-for-net\tools\legacy\Microsoft.WindowsAzure.Build.Tasks\Build.Tasks\SDKCategorizeProjects.cs(364,23): error CS1591: Missing XML comment for publicly visible type or member 'SdkProjectMetaData.FullProjectPath'
C:\gh\azure-sdk-for-net\tools\legacy\Microsoft.WindowsAzure.Build.Tasks\Build.Tasks\SDKCategorizeProjects.cs(365,21): error CS1591: Missing XML comment for publicly visible type or member 'SdkProjectMetaData.IsTargetFxSupported'
C:\gh\azure-sdk-for-net\tools\legacy\Microsoft.WindowsAzure.Build.Tasks\Build.Tasks\SDKCategorizeProjects.cs(367,30): error CS1591: Missing XML comment for publicly visible type or member 'SdkProjectMetaData.ProjectType'
C:\gh\azure-sdk-for-net\tools\legacy\Microsoft.WindowsAzure.Build.Tasks\Build.Tasks\SDKCategorizeProjects.cs(369,26): error CS1591: Missing XML comment for publicly visible type or member 'SdkProjectMetaData.ProjectTaskItem'
C:\gh\azure-sdk-for-net\tools\legacy\Microsoft.WindowsAzure.Build.Tasks\Build.Tasks\SDKCategorizeProjects.cs(371,16): error CS1591: Missing XML comment for publicly visible type or member 'SdkProjectMetaData.SdkProjectMetaData()'
C:\gh\azure-sdk-for-net\tools\legacy\Microsoft.WindowsAzure.Build.Tasks\Build.Tasks\SDKCategorizeProjects.cs(373,24): error CS1591: Missing XML comment for publicly visible type or member 'SdkProjectMetaData.MsBuildProject'
C:\gh\azure-sdk-for-net\tools\legacy\Microsoft.WindowsAzure.Build.Tasks\Build.Tasks\SDKCategorizeProjects.cs(375,16): error CS1591: Missing XML comment for publicly visible type or member 'SdkProjectMetaData.SdkProjectMetaData(ITaskItem, TargetFrameworkMoniker, string, bool, SdkProjctType)'
C:\gh\azure-sdk-for-net\tools\legacy\Microsoft.WindowsAzure.Build.Tasks\Build.Tasks\SDKCategorizeProjects.cs(385,17): error CS1591: Missing XML comment for publicly visible type or member 'TargetFrameworkMoniker'
C:\gh\azure-sdk-for-net\tools\legacy\Microsoft.WindowsAzure.Build.Tasks\Build.Tasks\SDKCategorizeProjects.cs(387,9): error CS1591: Missing XML comment for publicly visible type or member 'TargetFrameworkMoniker.net45'
C:\gh\azure-sdk-for-net\tools\legacy\Microsoft.WindowsAzure.Build.Tasks\Build.Tasks\SDKCategorizeProjects.cs(388,9): error CS1591: Missing XML comment for publicly visible type or member 'TargetFrameworkMoniker.net452'
C:\gh\azure-sdk-for-net\tools\legacy\Microsoft.WindowsAzure.Build.Tasks\Build.Tasks\SDKCategorizeProjects.cs(389,9): error CS1591: Missing XML comment for publicly visible type or member 'TargetFrameworkMoniker.net46'
C:\gh\azure-sdk-for-net\tools\legacy\Microsoft.WindowsAzure.Build.Tasks\Build.Tasks\SDKCategorizeProjects.cs(390,9): error CS1591: Missing XML comment for publicly visible type or member 'TargetFrameworkMoniker.net461'
C:\gh\azure-sdk-for-net\tools\legacy\Microsoft.WindowsAzure.Build.Tasks\Build.Tasks\SDKCategorizeProjects.cs(391,9): error CS1591: Missing XML comment for publicly visible type or member 'TargetFrameworkMoniker.netcoreapp11'
C:\gh\azure-sdk-for-net\tools\legacy\Microsoft.WindowsAzure.Build.Tasks\Build.Tasks\SDKCategorizeProjects.cs(392,9): error CS1591: Missing XML comment for publicly visible type or member 'TargetFrameworkMoniker.netstandard14'
C:\gh\azure-sdk-for-net\tools\legacy\Microsoft.WindowsAzure.Build.Tasks\Build.Tasks\SDKCategorizeProjects.cs(393,9): error CS1591: Missing XML comment for publicly visible type or member 'TargetFrameworkMoniker.UnSupported'
C:\gh\azure-sdk-for-net\tools\legacy\Microsoft.WindowsAzure.Build.Tasks\Build.Tasks\SDKCategorizeProjects.cs(396,17): error CS1591: Missing XML comment for publicly visible type or member 'SdkProjctType'
C:\gh\azure-sdk-for-net\tools\legacy\Microsoft.WindowsAzure.Build.Tasks\Build.Tasks\SDKCategorizeProjects.cs(398,9): error CS1591: Missing XML comment for publicly visible type or member 'SdkProjctType.Sdk'
C:\gh\azure-sdk-for-net\tools\legacy\Microsoft.WindowsAzure.Build.Tasks\Build.Tasks\SDKCategorizeProjects.cs(399,9): error CS1591: Missing XML comment for publicly visible type or member 'SdkProjctType.Test'
C:\gh\azure-sdk-for-net\tools\legacy\Microsoft.WindowsAzure.Build.Tasks\Build.Tasks\Utilities\ProjectSearchUtility.cs(11,18): error CS1591: Missing XML comment for publicly visible type or member 'ProjectSearchUtility'
C:\gh\azure-sdk-for-net\tools\legacy\Microsoft.WindowsAzure.Build.Tasks\Build.Tasks\Utilities\ProjectSearchUtility.cs(27,29): error CS1591: Missing XML comment for publicly visible type or member 'ProjectSearchUtility.ProjectExtensionList'
C:\gh\azure-sdk-for-net\tools\legacy\Microsoft.WindowsAzure.Build.Tasks\Build.Tasks\Utilities\ProjectSearchUtility.cs(39,29): error CS1591: Missing XML comment for publicly visible type or member 'ProjectSearchUtility.IgnorePathTokenList'
C:\gh\azure-sdk-for-net\tools\legacy\Microsoft.WindowsAzure.Build.Tasks\Build.Tasks\Utilities\ProjectSearchUtility.cs(57,29): error CS1591: Missing XML comment for publicly visible type or member 'ProjectSearchUtility.TestProjectTokenList'
C:\gh\azure-sdk-for-net\tools\legacy\Microsoft.WindowsAzure.Build.Tasks\Build.Tasks\Utilities\ProjectSearchUtility.cs(69,38): error CS1591: Missing XML comment for publicly visible type or member 'ProjectSearchUtility.AllProjectList'
C:\gh\azure-sdk-for-net\tools\legacy\Microsoft.WindowsAzure.Build.Tasks\Build.Tasks\Utilities\ProjectSearchUtility.cs(84,38): error CS1591: Missing XML comment for publicly visible type or member 'ProjectSearchUtility.AllTestProjectList'
C:\gh\azure-sdk-for-net\tools\legacy\Microsoft.WindowsAzure.Build.Tasks\Build.Tasks\Utilities\ProjectSearchUtility.cs(98,38): error CS1591: Missing XML comment for publicly visible type or member 'ProjectSearchUtility.IgnoredProjectList'
C:\gh\azure-sdk-for-net\tools\legacy\Microsoft.WindowsAzure.Build.Tasks\Build.Tasks\Utilities\ProjectSearchUtility.cs(127,16): error CS1591: Missing XML comment for publicly visible type or member 'ProjectSearchUtility.ProjectSearchUtility(string)'
C:\gh\azure-sdk-for-net\tools\legacy\Microsoft.WindowsAzure.Build.Tasks\Build.Tasks\Utilities\ProjectSearchUtility.cs(133,16): error CS1591: Missing XML comment for publicly visible type or member 'ProjectSearchUtility.ProjectSearchUtility(string, List<string>)'
C:\gh\azure-sdk-for-net\tools\legacy\Microsoft.WindowsAzure.Build.Tasks\Build.Tasks\Utilities\ProjectSearchUtility.cs(139,16): error CS1591: Missing XML comment for publicly visible type or member 'ProjectSearchUtility.ProjectSearchUtility(string, List<string>, params string[])'
C:\gh\azure-sdk-for-net\tools\legacy\Microsoft.WindowsAzure.Build.Tasks\Build.Tasks\Utilities\ProjectSearchUtility.cs(153,26): error CS1572: XML comment has a param tag for 'filterWithIgnoreProjects', but there is no parameter by that name
C:\gh\azure-sdk-for-net\tools\legacy\Microsoft.WindowsAzure.Build.Tasks\Build.Tasks\Utilities\ProjectSearchUtility.cs(161,29): error CS1591: Missing XML comment for publicly visible type or member 'ProjectSearchUtility.GetFilteredTestProjects()'
C:\gh\azure-sdk-for-net\tools\legacy\Microsoft.WindowsAzure.Build.Tasks\Build.Tasks\Utilities\ProjectSearchUtility.cs(167,29): error CS1591: Missing XML comment for publicly visible type or member 'ProjectSearchUtility.GetAllSDKProjects()'
C:\gh\azure-sdk-for-net\tools\legacy\Microsoft.WindowsAzure.Build.Tasks\Build.Tasks\Utilities\ProjectSearchUtility.cs(173,29): error CS1591: Missing XML comment for publicly visible type or member 'ProjectSearchUtility.GetScopedSDKProjects(string)'
C:\gh\azure-sdk-for-net\tools\legacy\Microsoft.WindowsAzure.Build.Tasks\Build.Tasks\Utilities\ProjectSearchUtility.cs(191,29): error CS1591: Missing XML comment for publicly visible type or member 'ProjectSearchUtility.GetScopedTestProjects(string)'
C:\gh\azure-sdk-for-net\tools\legacy\Microsoft.WindowsAzure.Build.Tasks\Build.Tasks\DebugTask.cs(27,30): error CS1591: Missing XML comment for publicly visible type or member 'DebugTask.Execute()'
C:\gh\azure-sdk-for-net\tools\legacy\Microsoft.WindowsAzure.Build.Tasks\Build.Tasks\ExecProcess\ShellExec.cs(10,1): hidden CS8019: Unnecessary using directive.
C:\gh\azure-sdk-for-net\tools\legacy\Microsoft.WindowsAzure.Build.Tasks\Build.Tasks\Properties\AssemblyInfo.cs(5,1): hidden CS8019: Unnecessary using directive.
C:\gh\azure-sdk-for-net\tools\legacy\Microsoft.WindowsAzure.Build.Tasks\Build.Tasks\RegexReplacementTask.cs(4,1): hidden CS8019: Unnecessary using directive.
C:\gh\azure-sdk-for-net\tools\legacy\Microsoft.WindowsAzure.Build.Tasks\Build.Tasks\Utilities\Constants.cs(2,1): hidden CS8019: Unnecessary using directive.
C:\gh\azure-sdk-for-net\tools\legacy\Microsoft.WindowsAzure.Build.Tasks\Build.Tasks\ExecProcess\ShellExec.cs(5,1): hidden CS8019: Unnecessary using directive.
C:\gh\azure-sdk-for-net\tools\legacy\Microsoft.WindowsAzure.Build.Tasks\Build.Tasks\SDKCategorizeProjects.cs(4,1): hidden CS8019: Unnecessary using directive.
C:\gh\azure-sdk-for-net\tools\legacy\Microsoft.WindowsAzure.Build.Tasks\Build.Tasks\ExecProcess\NugetExec.cs(8,1): hidden CS8019: Unnecessary using directive.
C:\gh\azure-sdk-for-net\artifacts\obj\Microsoft.WindowsAzure.Build.Tasks\Debug\net46\.NETFramework,Version=v4.6.AssemblyAttributes.cs(3,1): hidden CS8019: Unnecessary using directive.
C:\gh\azure-sdk-for-net\tools\legacy\Microsoft.WindowsAzure.Build.Tasks\Build.Tasks\Utilities\Constants.cs(1,1): hidden CS8019: Unnecessary using directive.
C:\gh\azure-sdk-for-net\tools\legacy\Microsoft.WindowsAzure.Build.Tasks\Build.Tasks\ExecProcess\NugetExec.cs(7,1): hidden CS8019: Unnecessary using directive.
C:\gh\azure-sdk-for-net\tools\legacy\Microsoft.WindowsAzure.Build.Tasks\Build.Tasks\PublishSDKNuget.cs(8,5): hidden CS8019: Unnecessary using directive.
C:\gh\azure-sdk-for-net\tools\legacy\Microsoft.WindowsAzure.Build.Tasks\Build.Tasks\ExecProcess\NugetExec.cs(10,1): hidden CS8019: Unnecessary using directive.
C:\gh\azure-sdk-for-net\tools\legacy\Microsoft.WindowsAzure.Build.Tasks\Build.Tasks\ExecProcess\ShellExec.cs(4,1): hidden CS8019: Unnecessary using directive.
C:\gh\azure-sdk-for-net\artifacts\obj\Microsoft.WindowsAzure.Build.Tasks\Debug\net46\.NETFramework,Version=v4.6.AssemblyAttributes.cs(2,1): hidden CS8019: Unnecessary using directive.
C:\gh\azure-sdk-for-net\tools\legacy\Microsoft.WindowsAzure.Build.Tasks\Build.Tasks\ValidateStrongNameSignatureTask.cs(6,1): hidden CS8019: Unnecessary using directive.
C:\gh\azure-sdk-for-net\tools\legacy\Microsoft.WindowsAzure.Build.Tasks\Build.Tasks\PublishSDKNuget.cs(7,5): hidden CS8019: Unnecessary using directive.
C:\gh\azure-sdk-for-net\tools\legacy\Microsoft.WindowsAzure.Build.Tasks\Build.Tasks\BuildProjectTemplatesTask.cs(8,5): hidden CS8019: Unnecessary using directive.
C:\gh\azure-sdk-for-net\tools\legacy\Microsoft.WindowsAzure.Build.Tasks\Build.Tasks\BuildProjectTemplatesTask.cs(10,5): hidden CS8019: Unnecessary using directive.
C:\gh\azure-sdk-for-net\artifacts\obj\Microsoft.WindowsAzure.Build.Tasks\Debug\net46\Microsoft.WindowsAzure.Build.Tasks.AssemblyInfo.cs(12,1): hidden CS8019: Unnecessary using directive.
C:\gh\azure-sdk-for-net\tools\legacy\Microsoft.WindowsAzure.Build.Tasks\Build.Tasks\SDKCategorizeProjects.cs(6,1): hidden CS8019: Unnecessary using directive.
C:\gh\azure-sdk-for-net\tools\legacy\Microsoft.WindowsAzure.Build.Tasks\Build.Tasks\FilterOutAutoRestLibraries.cs(8,1): hidden CS8019: Unnecessary using directive.
C:\gh\azure-sdk-for-net\tools\legacy\Microsoft.WindowsAzure.Build.Tasks\Build.Tasks\BuildProjectTemplatesTask.cs(7,5): hidden CS8019: Unnecessary using directive.
C:\gh\azure-sdk-for-net\tools\legacy\Microsoft.WindowsAzure.Build.Tasks\Build.Tasks\DebugTask.cs(6,5): hidden CS8019: Unnecessary using directive.
C:\gh\azure-sdk-for-net\tools\legacy\Microsoft.WindowsAzure.Build.Tasks\Build.Tasks\ValidateStrongNameSignatureTask.cs(5,1): hidden CS8019: Unnecessary using directive.
C:\gh\azure-sdk-for-net\tools\legacy\Microsoft.WindowsAzure.Build.Tasks\Build.Tasks\RegexReplacementTask.cs(5,1): hidden CS8019: Unnecessary using directive.
C:\gh\azure-sdk-for-net\tools\legacy\Microsoft.WindowsAzure.Build.Tasks\Build.Tasks\ExecProcess\ShellExec.cs(8,1): hidden CS8019: Unnecessary using directive.
C:\gh\azure-sdk-for-net\tools\legacy\Microsoft.WindowsAzure.Build.Tasks\Build.Tasks\ExecProcess\ShellExec.cs(9,1): hidden CS8019: Unnecessary using directive.
C:\gh\azure-sdk-for-net\artifacts\obj\Microsoft.WindowsAzure.Build.Tasks\Debug\net46\Microsoft.WindowsAzure.Build.Tasks.AssemblyInfo.cs(11,1): hidden CS8019: Unnecessary using directive.
C:\gh\azure-sdk-for-net\tools\legacy\Microsoft.WindowsAzure.Build.Tasks\Build.Tasks\SDKCategorizeProjects.cs(5,1): hidden CS8019: Unnecessary using directive.
C:\gh\azure-sdk-for-net\tools\legacy\Microsoft.WindowsAzure.Build.Tasks\Build.Tasks\FilterOutAutoRestLibraries.cs(7,1): hidden CS8019: Unnecessary using directive.
C:\gh\azure-sdk-for-net\tools\legacy\Microsoft.WindowsAzure.Build.Tasks\Build.Tasks\Utilities\Constants.cs(3,1): hidden CS8019: Unnecessary using directive.
C:\gh\azure-sdk-for-net\tools\legacy\Microsoft.WindowsAzure.Build.Tasks\Build.Tasks\Utilities\Constants.cs(4,1): hidden CS8019: Unnecessary using directive.
C:\gh\azure-sdk-for-net\tools\legacy\Microsoft.WindowsAzure.Build.Tasks\Build.Tasks\Utilities\Constants.cs(5,1): hidden CS8019: Unnecessary using directive.
C:\gh\azure-sdk-for-net\tools\legacy\Microsoft.WindowsAzure.Build.Tasks\Build.Tasks\ExecProcess\ShellExec.cs(6,1): hidden CS8019: Unnecessary using directive.
