C:\gh\azure-sdk-for-net\sdk\mgmtcommon\Auth\Az.Auth\Az.Auth.Tests\Az.Auth.NetCore.Test\LoginTests.cs(16,16): error CS0518: Predefined type 'System.Void' is not defined or imported
C:\gh\azure-sdk-for-net\sdk\mgmtcommon\Auth\Az.Auth\Az.Auth.Tests\Az.Auth.NetCore.Test\LoginTests.cs(13,18): error CS0518: Predefined type 'System.Object' is not defined or imported
C:\gh\azure-sdk-for-net\artifacts\obj\Az.Auth.NetCore.Test\Debug\netcoreapp2.0\.NETCoreApp,Version=v2.0.AssemblyAttributes.cs(4,20): error CS0400: The type or namespace name 'System' could not be found in the global namespace (are you missing an assembly reference?)
C:\gh\azure-sdk-for-net\artifacts\obj\Az.Auth.NetCore.Test\Debug\netcoreapp2.0\Az.Auth.NetCore.Test.AssemblyInfo.cs(14,12): error CS0246: The type or namespace name 'System' could not be found (are you missing a using directive or an assembly reference?)
C:\gh\azure-sdk-for-net\artifacts\obj\Az.Auth.NetCore.Test\Debug\netcoreapp2.0\Az.Auth.NetCore.Test.AssemblyInfo.cs(16,12): error CS0246: The type or namespace name 'System' could not be found (are you missing a using directive or an assembly reference?)
C:\gh\azure-sdk-for-net\artifacts\obj\Az.Auth.NetCore.Test\Debug\netcoreapp2.0\Az.Auth.NetCore.Test.AssemblyInfo.cs(17,12): error CS0246: The type or namespace name 'System' could not be found (are you missing a using directive or an assembly reference?)
C:\gh\azure-sdk-for-net\artifacts\obj\Az.Auth.NetCore.Test\Debug\netcoreapp2.0\.NETCoreApp,Version=v2.0.AssemblyAttributes.cs(4,71): error CS0518: Predefined type 'System.String' is not defined or imported
C:\gh\azure-sdk-for-net\artifacts\obj\Az.Auth.NetCore.Test\Debug\netcoreapp2.0\.NETCoreApp,Version=v2.0.AssemblyAttributes.cs(4,99): error CS0246: The type or namespace name 'FrameworkDisplayName' could not be found (are you missing a using directive or an assembly reference?)
C:\gh\azure-sdk-for-net\artifacts\obj\Az.Auth.NetCore.Test\Debug\netcoreapp2.0\.NETCoreApp,Version=v2.0.AssemblyAttributes.cs(4,122): error CS0518: Predefined type 'System.String' is not defined or imported
C:\gh\azure-sdk-for-net\artifacts\obj\Az.Auth.NetCore.Test\Debug\netcoreapp2.0\Az.Auth.NetCore.Test.AssemblyInfo.cs(14,56): error CS0518: Predefined type 'System.String' is not defined or imported
C:\gh\azure-sdk-for-net\artifacts\obj\Az.Auth.NetCore.Test\Debug\netcoreapp2.0\Az.Auth.NetCore.Test.AssemblyInfo.cs(14,70): error CS0518: Predefined type 'System.String' is not defined or imported
C:\gh\azure-sdk-for-net\artifacts\obj\Az.Auth.NetCore.Test\Debug\netcoreapp2.0\Az.Auth.NetCore.Test.AssemblyInfo.cs(15,5): error CS0518: Predefined type 'System.String' is not defined or imported
C:\gh\azure-sdk-for-net\artifacts\obj\Az.Auth.NetCore.Test\Debug\netcoreapp2.0\Az.Auth.NetCore.Test.AssemblyInfo.cs(16,68): error CS0518: Predefined type 'System.String' is not defined or imported
C:\gh\azure-sdk-for-net\artifacts\obj\Az.Auth.NetCore.Test\Debug\netcoreapp2.0\Az.Auth.NetCore.Test.AssemblyInfo.cs(17,56): error CS0518: Predefined type 'System.String' is not defined or imported
C:\gh\azure-sdk-for-net\artifacts\obj\Az.Auth.NetCore.Test\Debug\netcoreapp2.0\Az.Auth.NetCore.Test.AssemblyInfo.cs(17,73): error CS0518: Predefined type 'System.String' is not defined or imported
C:\gh\azure-sdk-for-net\sdk\mgmtcommon\Auth\Az.Auth\Az.Auth.Tests\Az.Auth.NetCore.Test\NetCoreAuthTestBase.cs(1,7): error CS0246: The type or namespace name 'System' could not be found (are you missing a using directive or an assembly reference?)
C:\gh\azure-sdk-for-net\sdk\mgmtcommon\Auth\Az.Auth\Az.Auth.Tests\Az.Auth.NetCore.Test\NetCoreAuthTestBase.cs(2,7): error CS0246: The type or namespace name 'Xunit' could not be found (are you missing a using directive or an assembly reference?)
C:\gh\azure-sdk-for-net\artifacts\obj\Az.Auth.NetCore.Test\Debug\netcoreapp2.0\.NETCoreApp,Version=v2.0.AssemblyAttributes.cs(2,7): error CS0246: The type or namespace name 'System' could not be found (are you missing a using directive or an assembly reference?)
C:\gh\azure-sdk-for-net\artifacts\obj\Az.Auth.NetCore.Test\Debug\netcoreapp2.0\.NETCoreApp,Version=v2.0.AssemblyAttributes.cs(3,7): error CS0246: The type or namespace name 'System' could not be found (are you missing a using directive or an assembly reference?)
C:\gh\azure-sdk-for-net\artifacts\obj\Az.Auth.NetCore.Test\Debug\netcoreapp2.0\Az.Auth.NetCore.Test.AssemblyInfo.cs(11,7): error CS0246: The type or namespace name 'System' could not be found (are you missing a using directive or an assembly reference?)
C:\gh\azure-sdk-for-net\artifacts\obj\Az.Auth.NetCore.Test\Debug\netcoreapp2.0\Az.Auth.NetCore.Test.AssemblyInfo.cs(12,7): error CS0246: The type or namespace name 'System' could not be found (are you missing a using directive or an assembly reference?)
C:\gh\azure-sdk-for-net\sdk\mgmtcommon\Auth\Az.Auth\Az.Auth.Tests\Az.Auth.NetCore.Test\LoginTests.cs(8,11): error CS0246: The type or namespace name 'System' could not be found (are you missing a using directive or an assembly reference?)
C:\gh\azure-sdk-for-net\sdk\mgmtcommon\Auth\Az.Auth\Az.Auth.Tests\Az.Auth.NetCore.Test\LoginTests.cs(9,11): error CS0246: The type or namespace name 'System' could not be found (are you missing a using directive or an assembly reference?)
C:\gh\azure-sdk-for-net\sdk\mgmtcommon\Auth\Az.Auth\Az.Auth.Tests\Az.Auth.NetCore.Test\LoginTests.cs(10,11): error CS0246: The type or namespace name 'System' could not be found (are you missing a using directive or an assembly reference?)
C:\gh\azure-sdk-for-net\sdk\mgmtcommon\Auth\Az.Auth\Az.Auth.Tests\Az.Auth.NetCore.Test\LoginTests.cs(11,11): error CS0246: The type or namespace name 'Xunit' could not be found (are you missing a using directive or an assembly reference?)
C:\gh\azure-sdk-for-net\sdk\mgmtcommon\Auth\Az.Auth\Az.Auth.Tests\Az.Auth.NetCore.Test\NetCoreAuthTestBase.cs(6,18): error CS0518: Predefined type 'System.Object' is not defined or imported
C:\gh\azure-sdk-for-net\sdk\mgmtcommon\Auth\Az.Auth\Az.Auth.Tests\Az.Auth.NetCore.Test\LoginTests.cs(15,10): error CS0518: Predefined type 'System.Object' is not defined or imported
C:\gh\azure-sdk-for-net\sdk\mgmtcommon\Auth\Az.Auth\Az.Auth.Tests\Az.Auth.NetCore.Test\LoginTests.cs(15,10): error CS0246: The type or namespace name 'FactAttribute' could not be found (are you missing a using directive or an assembly reference?)
C:\gh\azure-sdk-for-net\sdk\mgmtcommon\Auth\Az.Auth\Az.Auth.Tests\Az.Auth.NetCore.Test\LoginTests.cs(15,10): error CS0246: The type or namespace name 'Fact' could not be found (are you missing a using directive or an assembly reference?)
C:\gh\azure-sdk-for-net\sdk\mgmtcommon\Auth\Az.Auth\Az.Auth.Tests\Az.Auth.NetCore.Test\LoginTests.cs(15,15): error CS0246: The type or namespace name 'Skip' could not be found (are you missing a using directive or an assembly reference?)
C:\gh\azure-sdk-for-net\sdk\mgmtcommon\Auth\Az.Auth\Az.Auth.Tests\Az.Auth.NetCore.Test\LoginTests.cs(15,21): error CS0518: Predefined type 'System.String' is not defined or imported
C:\gh\azure-sdk-for-net\sdk\mgmtcommon\Auth\Az.Auth\Az.Auth.Tests\Az.Auth.NetCore.Test\NetCoreAuthTestBase.cs(6,18): error CS1729: 'object' does not contain a constructor that takes 0 arguments
C:\gh\azure-sdk-for-net\sdk\mgmtcommon\Auth\Az.Auth\Az.Auth.Tests\Az.Auth.NetCore.Test\LoginTests.cs(18,13): error CS0518: Predefined type 'System.String' is not defined or imported
C:\gh\azure-sdk-for-net\sdk\mgmtcommon\Auth\Az.Auth\Az.Auth.Tests\Az.Auth.NetCore.Test\LoginTests.cs(18,35): error CS0518: Predefined type 'System.String' is not defined or imported
C:\gh\azure-sdk-for-net\sdk\mgmtcommon\Auth\Az.Auth\Az.Auth.Tests\Az.Auth.NetCore.Test\LoginTests.cs(19,13): error CS0518: Predefined type 'System.String' is not defined or imported
C:\gh\azure-sdk-for-net\sdk\mgmtcommon\Auth\Az.Auth\Az.Auth.Tests\Az.Auth.NetCore.Test\LoginTests.cs(19,31): error CS0518: Predefined type 'System.String' is not defined or imported
C:\gh\azure-sdk-for-net\sdk\mgmtcommon\Auth\Az.Auth\Az.Auth.Tests\Az.Auth.NetCore.Test\LoginTests.cs(20,13): error CS0518: Predefined type 'System.String' is not defined or imported
C:\gh\azure-sdk-for-net\sdk\mgmtcommon\Auth\Az.Auth\Az.Auth.Tests\Az.Auth.NetCore.Test\LoginTests.cs(20,31): error CS0518: Predefined type 'System.String' is not defined or imported
C:\gh\azure-sdk-for-net\sdk\mgmtcommon\Auth\Az.Auth\Az.Auth.Tests\Az.Auth.NetCore.Test\LoginTests.cs(22,13): error CS0518: Predefined type 'System.Object' is not defined or imported
C:\gh\azure-sdk-for-net\sdk\mgmtcommon\Auth\Az.Auth\Az.Auth.Tests\Az.Auth.NetCore.Test\LoginTests.cs(22,13): error CS0246: The type or namespace name 'ServiceClientCredentials' could not be found (are you missing a using directive or an assembly reference?)
C:\gh\azure-sdk-for-net\sdk\mgmtcommon\Auth\Az.Auth\Az.Auth.Tests\Az.Auth.NetCore.Test\LoginTests.cs(22,46): error CS0518: Predefined type 'System.Object' is not defined or imported
C:\gh\azure-sdk-for-net\sdk\mgmtcommon\Auth\Az.Auth\Az.Auth.Tests\Az.Auth.NetCore.Test\LoginTests.cs(22,71): error CS0012: The type 'Object' is defined in an assembly that is not referenced. You must add a reference to assembly 'netstandard, Version=2.0.0.0, Culture=neutral, PublicKeyToken=cc7b13ffcd2ddd51'.
C:\gh\azure-sdk-for-net\sdk\mgmtcommon\Auth\Az.Auth\Az.Auth.Tests\Az.Auth.NetCore.Test\LoginTests.cs(22,71): error CS0518: Predefined type 'System.Object' is not defined or imported
C:\gh\azure-sdk-for-net\sdk\mgmtcommon\Auth\Az.Auth\Az.Auth.Tests\Az.Auth.NetCore.Test\LoginTests.cs(22,122): error CS0518: Predefined type 'System.Boolean' is not defined or imported
C:\gh\azure-sdk-for-net\sdk\mgmtcommon\Auth\Az.Auth\Az.Auth.Tests\Az.Auth.NetCore.Test\LoginTests.cs(22,46): error CS0012: The type 'Task<>' is defined in an assembly that is not referenced. You must add a reference to assembly 'netstandard, Version=2.0.0.0, Culture=neutral, PublicKeyToken=cc7b13ffcd2ddd51'.
C:\gh\azure-sdk-for-net\sdk\mgmtcommon\Auth\Az.Auth\Az.Auth.Tests\Az.Auth.NetCore.Test\LoginTests.cs(23,13): error CS0518: Predefined type 'System.Object' is not defined or imported
C:\gh\azure-sdk-for-net\sdk\mgmtcommon\Auth\Az.Auth\Az.Auth.Tests\Az.Auth.NetCore.Test\LoginTests.cs(23,13): error CS0103: The name 'Assert' does not exist in the current context
C:\gh\azure-sdk-for-net\sdk\mgmtcommon\Auth\Az.Auth\Az.Auth.Tests\Az.Auth.NetCore.Test\LoginTests.cs(13,18): error CS1729: 'object' does not contain a constructor that takes 0 arguments
C:\gh\azure-sdk-for-net\artifacts\obj\Az.Auth.NetCore.Test\Debug\netcoreapp2.0\Az.Auth.NetCore.Test.AssemblyInfo.cs(12,1): hidden CS8019: Unnecessary using directive.
C:\gh\azure-sdk-for-net\sdk\mgmtcommon\Auth\Az.Auth\Az.Auth.Tests\Az.Auth.NetCore.Test\NetCoreAuthTestBase.cs(2,1): hidden CS8019: Unnecessary using directive.
C:\gh\azure-sdk-for-net\sdk\mgmtcommon\Auth\Az.Auth\Az.Auth.Tests\Az.Auth.NetCore.Test\LoginTests.cs(6,5): hidden CS8019: Unnecessary using directive.
C:\gh\azure-sdk-for-net\sdk\mgmtcommon\Auth\Az.Auth\Az.Auth.Tests\Az.Auth.NetCore.Test\LoginTests.cs(10,5): hidden CS8019: Unnecessary using directive.
C:\gh\azure-sdk-for-net\artifacts\obj\Az.Auth.NetCore.Test\Debug\netcoreapp2.0\.NETCoreApp,Version=v2.0.AssemblyAttributes.cs(3,1): hidden CS8019: Unnecessary using directive.
C:\gh\azure-sdk-for-net\sdk\mgmtcommon\Auth\Az.Auth\Az.Auth.Tests\Az.Auth.NetCore.Test\LoginTests.cs(9,5): hidden CS8019: Unnecessary using directive.
C:\gh\azure-sdk-for-net\sdk\mgmtcommon\Auth\Az.Auth\Az.Auth.Tests\Az.Auth.NetCore.Test\LoginTests.cs(8,5): hidden CS8019: Unnecessary using directive.
C:\gh\azure-sdk-for-net\artifacts\obj\Az.Auth.NetCore.Test\Debug\netcoreapp2.0\Az.Auth.NetCore.Test.AssemblyInfo.cs(11,1): hidden CS8019: Unnecessary using directive.
C:\gh\azure-sdk-for-net\sdk\mgmtcommon\Auth\Az.Auth\Az.Auth.Tests\Az.Auth.NetCore.Test\NetCoreAuthTestBase.cs(1,1): hidden CS8019: Unnecessary using directive.
C:\gh\azure-sdk-for-net\sdk\mgmtcommon\Auth\Az.Auth\Az.Auth.Tests\Az.Auth.NetCore.Test\LoginTests.cs(11,5): hidden CS8019: Unnecessary using directive.
C:\gh\azure-sdk-for-net\artifacts\obj\Az.Auth.NetCore.Test\Debug\netcoreapp2.0\.NETCoreApp,Version=v2.0.AssemblyAttributes.cs(2,1): hidden CS8019: Unnecessary using directive.
