C:\gh\azure-sdk-for-net\sdk\operationalinsights\Microsoft.Azure.OperationalInsights\tests\ScenarioTests\QueryTests.cs(11,31): error CS0246: The type or namespace name 'TestBase' could not be found (are you missing a using directive or an assembly reference?)
C:\gh\azure-sdk-for-net\sdk\operationalinsights\Microsoft.Azure.OperationalInsights\tests\ScenarioTests\QueryTests.cs(109,68): error CS0246: The type or namespace name 'MockContext' could not be found (are you missing a using directive or an assembly reference?)
C:\gh\azure-sdk-for-net\sdk\operationalinsights\Microsoft.Azure.OperationalInsights\tests\ScenarioTests\QueryTests.cs(13,33): error CS0234: The type or namespace name 'Rest' does not exist in the namespace 'Microsoft' (are you missing an assembly reference?)
C:\gh\azure-sdk-for-net\sdk\operationalinsights\Microsoft.Azure.OperationalInsights\tests\ScenarioTests\QueryTests.cs(100,57): error CS0246: The type or namespace name 'MockContext' could not be found (are you missing a using directive or an assembly reference?)
C:\gh\azure-sdk-for-net\sdk\operationalinsights\Microsoft.Azure.OperationalInsights\tests\ScenarioTests\QueryTests.cs(71,10): error CS0246: The type or namespace name 'FactAttribute' could not be found (are you missing a using directive or an assembly reference?)
C:\gh\azure-sdk-for-net\sdk\operationalinsights\Microsoft.Azure.OperationalInsights\tests\ScenarioTests\QueryTests.cs(71,10): error CS0246: The type or namespace name 'Fact' could not be found (are you missing a using directive or an assembly reference?)
C:\gh\azure-sdk-for-net\sdk\operationalinsights\Microsoft.Azure.OperationalInsights\tests\ScenarioTests\QueryTests.cs(45,10): error CS0246: The type or namespace name 'FactAttribute' could not be found (are you missing a using directive or an assembly reference?)
C:\gh\azure-sdk-for-net\sdk\operationalinsights\Microsoft.Azure.OperationalInsights\tests\ScenarioTests\QueryTests.cs(45,10): error CS0246: The type or namespace name 'Fact' could not be found (are you missing a using directive or an assembly reference?)
C:\gh\azure-sdk-for-net\sdk\operationalinsights\Microsoft.Azure.OperationalInsights\tests\ScenarioTests\QueryTests.cs(36,10): error CS0246: The type or namespace name 'FactAttribute' could not be found (are you missing a using directive or an assembly reference?)
C:\gh\azure-sdk-for-net\sdk\operationalinsights\Microsoft.Azure.OperationalInsights\tests\ScenarioTests\QueryTests.cs(36,10): error CS0246: The type or namespace name 'Fact' could not be found (are you missing a using directive or an assembly reference?)
C:\gh\azure-sdk-for-net\sdk\operationalinsights\Microsoft.Azure.OperationalInsights\tests\ScenarioTests\QueryTests.cs(27,10): error CS0246: The type or namespace name 'FactAttribute' could not be found (are you missing a using directive or an assembly reference?)
C:\gh\azure-sdk-for-net\sdk\operationalinsights\Microsoft.Azure.OperationalInsights\tests\ScenarioTests\QueryTests.cs(27,10): error CS0246: The type or namespace name 'Fact' could not be found (are you missing a using directive or an assembly reference?)
C:\gh\azure-sdk-for-net\eng\mgmt\DisableTestRunParallel.cs(7,12): error CS0246: The type or namespace name 'CollectionBehaviorAttribute' could not be found (are you missing a using directive or an assembly reference?)
C:\gh\azure-sdk-for-net\eng\mgmt\DisableTestRunParallel.cs(7,12): error CS0246: The type or namespace name 'CollectionBehavior' could not be found (are you missing a using directive or an assembly reference?)
C:\gh\azure-sdk-for-net\eng\mgmt\DisableTestRunParallel.cs(7,31): error CS0246: The type or namespace name 'DisableTestParallelization' could not be found (are you missing a using directive or an assembly reference?)
C:\gh\azure-sdk-for-net\eng\mgmt\DisableTestRunParallel.cs(7,66): error CS0246: The type or namespace name 'MaxParallelThreads' could not be found (are you missing a using directive or an assembly reference?)
C:\gh\azure-sdk-for-net\sdk\operationalinsights\Microsoft.Azure.OperationalInsights\tests\ScenarioTests\QueryTests.cs(3,23): error CS0234: The type or namespace name 'Test' does not exist in the namespace 'Microsoft.Azure' (are you missing an assembly reference?)
C:\gh\azure-sdk-for-net\sdk\operationalinsights\Microsoft.Azure.OperationalInsights\tests\ScenarioTests\QueryTests.cs(4,17): error CS0234: The type or namespace name 'Rest' does not exist in the namespace 'Microsoft' (are you missing an assembly reference?)
C:\gh\azure-sdk-for-net\sdk\operationalinsights\Microsoft.Azure.OperationalInsights\tests\ScenarioTests\QueryTests.cs(7,7): error CS0246: The type or namespace name 'Xunit' could not be found (are you missing a using directive or an assembly reference?)
C:\gh\azure-sdk-for-net\eng\mgmt\DisableTestRunParallel.cs(5,7): error CS0246: The type or namespace name 'Xunit' could not be found (are you missing a using directive or an assembly reference?)
C:\gh\azure-sdk-for-net\sdk\operationalinsights\Microsoft.Azure.OperationalInsights\tests\ScenarioTests\QueryTests.cs(30,30): error CS0103: The name 'MockContext' does not exist in the current context
C:\gh\azure-sdk-for-net\sdk\operationalinsights\Microsoft.Azure.OperationalInsights\tests\ScenarioTests\QueryTests.cs(32,71): error CS0246: The type or namespace name 'ServiceClient<>' could not be found (are you missing a using directive or an assembly reference?)
C:\gh\azure-sdk-for-net\sdk\operationalinsights\Microsoft.Azure.OperationalInsights\tests\ScenarioTests\QueryTests.cs(32,64): error CS0246: The type or namespace name 'HttpOperationResponse<>' could not be found (are you missing a using directive or an assembly reference?)
C:\gh\azure-sdk-for-net\sdk\operationalinsights\Microsoft.Azure.OperationalInsights\tests\ScenarioTests\QueryTests.cs(39,30): error CS0103: The name 'MockContext' does not exist in the current context
C:\gh\azure-sdk-for-net\sdk\operationalinsights\Microsoft.Azure.OperationalInsights\tests\ScenarioTests\QueryTests.cs(41,71): error CS0246: The type or namespace name 'ServiceClient<>' could not be found (are you missing a using directive or an assembly reference?)
C:\gh\azure-sdk-for-net\sdk\operationalinsights\Microsoft.Azure.OperationalInsights\tests\ScenarioTests\QueryTests.cs(41,64): error CS0246: The type or namespace name 'HttpOperationResponse<>' could not be found (are you missing a using directive or an assembly reference?)
C:\gh\azure-sdk-for-net\sdk\operationalinsights\Microsoft.Azure.OperationalInsights\tests\ScenarioTests\QueryTests.cs(48,30): error CS0103: The name 'MockContext' does not exist in the current context
C:\gh\azure-sdk-for-net\sdk\operationalinsights\Microsoft.Azure.OperationalInsights\tests\ScenarioTests\QueryTests.cs(55,34): error CS0246: The type or namespace name 'ServiceClient<>' could not be found (are you missing a using directive or an assembly reference?)
C:\gh\azure-sdk-for-net\sdk\operationalinsights\Microsoft.Azure.OperationalInsights\tests\ScenarioTests\QueryTests.cs(55,27): error CS0246: The type or namespace name 'HttpOperationResponse<>' could not be found (are you missing a using directive or an assembly reference?)
C:\gh\azure-sdk-for-net\sdk\operationalinsights\Microsoft.Azure.OperationalInsights\tests\ScenarioTests\QueryTests.cs(56,21): error CS0103: The name 'Assert' does not exist in the current context
C:\gh\azure-sdk-for-net\sdk\operationalinsights\Microsoft.Azure.OperationalInsights\tests\ScenarioTests\QueryTests.cs(58,24): error CS0155: The type caught or thrown must be derived from System.Exception
C:\gh\azure-sdk-for-net\sdk\operationalinsights\Microsoft.Azure.OperationalInsights\tests\ScenarioTests\QueryTests.cs(58,24): error CS0246: The type or namespace name 'RestException' could not be found (are you missing a using directive or an assembly reference?)
C:\gh\azure-sdk-for-net\sdk\operationalinsights\Microsoft.Azure.OperationalInsights\tests\ScenarioTests\QueryTests.cs(60,21): error CS0103: The name 'Assert' does not exist in the current context
C:\gh\azure-sdk-for-net\sdk\operationalinsights\Microsoft.Azure.OperationalInsights\tests\ScenarioTests\QueryTests.cs(60,74): error CS0246: The type or namespace name 'HttpResponseMessageWrapper' could not be found (are you missing a using directive or an assembly reference?)
C:\gh\azure-sdk-for-net\sdk\operationalinsights\Microsoft.Azure.OperationalInsights\tests\ScenarioTests\QueryTests.cs(61,21): error CS0103: The name 'Assert' does not exist in the current context
C:\gh\azure-sdk-for-net\sdk\operationalinsights\Microsoft.Azure.OperationalInsights\tests\ScenarioTests\QueryTests.cs(62,21): error CS0103: The name 'Assert' does not exist in the current context
C:\gh\azure-sdk-for-net\sdk\operationalinsights\Microsoft.Azure.OperationalInsights\tests\ScenarioTests\QueryTests.cs(66,21): error CS0103: The name 'Assert' does not exist in the current context
C:\gh\azure-sdk-for-net\sdk\operationalinsights\Microsoft.Azure.OperationalInsights\tests\ScenarioTests\QueryTests.cs(74,30): error CS0103: The name 'MockContext' does not exist in the current context
C:\gh\azure-sdk-for-net\sdk\operationalinsights\Microsoft.Azure.OperationalInsights\tests\ScenarioTests\QueryTests.cs(84,34): error CS0246: The type or namespace name 'ServiceClient<>' could not be found (are you missing a using directive or an assembly reference?)
C:\gh\azure-sdk-for-net\sdk\operationalinsights\Microsoft.Azure.OperationalInsights\tests\ScenarioTests\QueryTests.cs(84,27): error CS0246: The type or namespace name 'HttpOperationResponse<>' could not be found (are you missing a using directive or an assembly reference?)
C:\gh\azure-sdk-for-net\sdk\operationalinsights\Microsoft.Azure.OperationalInsights\tests\ScenarioTests\QueryTests.cs(85,21): error CS0103: The name 'Assert' does not exist in the current context
C:\gh\azure-sdk-for-net\sdk\operationalinsights\Microsoft.Azure.OperationalInsights\tests\ScenarioTests\QueryTests.cs(87,24): error CS0155: The type caught or thrown must be derived from System.Exception
C:\gh\azure-sdk-for-net\sdk\operationalinsights\Microsoft.Azure.OperationalInsights\tests\ScenarioTests\QueryTests.cs(87,24): error CS0246: The type or namespace name 'RestException' could not be found (are you missing a using directive or an assembly reference?)
C:\gh\azure-sdk-for-net\sdk\operationalinsights\Microsoft.Azure.OperationalInsights\tests\ScenarioTests\QueryTests.cs(89,21): error CS0103: The name 'Assert' does not exist in the current context
C:\gh\azure-sdk-for-net\sdk\operationalinsights\Microsoft.Azure.OperationalInsights\tests\ScenarioTests\QueryTests.cs(89,78): error CS0246: The type or namespace name 'HttpResponseMessageWrapper' could not be found (are you missing a using directive or an assembly reference?)
C:\gh\azure-sdk-for-net\sdk\operationalinsights\Microsoft.Azure.OperationalInsights\tests\ScenarioTests\QueryTests.cs(90,21): error CS0103: The name 'Assert' does not exist in the current context
C:\gh\azure-sdk-for-net\sdk\operationalinsights\Microsoft.Azure.OperationalInsights\tests\ScenarioTests\QueryTests.cs(91,21): error CS0103: The name 'Assert' does not exist in the current context
C:\gh\azure-sdk-for-net\sdk\operationalinsights\Microsoft.Azure.OperationalInsights\tests\ScenarioTests\QueryTests.cs(95,21): error CS0103: The name 'Assert' does not exist in the current context
C:\gh\azure-sdk-for-net\sdk\operationalinsights\Microsoft.Azure.OperationalInsights\tests\ScenarioTests\QueryTests.cs(103,73): error CS0103: The name 'HttpMockServer' does not exist in the current context
C:\gh\azure-sdk-for-net\sdk\operationalinsights\Microsoft.Azure.OperationalInsights\tests\ScenarioTests\QueryTests.cs(103,30): error CS0246: The type or namespace name 'ServiceClientCredentials' could not be found (are you missing a using directive or an assembly reference?)
C:\gh\azure-sdk-for-net\sdk\operationalinsights\Microsoft.Azure.OperationalInsights\tests\ScenarioTests\QueryTests.cs(103,30): error CS0012: The type 'HttpClientHandler' is defined in an assembly that is not referenced. You must add a reference to assembly 'System.Net.Http, Version=4.0.0.0, Culture=neutral, PublicKeyToken=b03f5f7f11d50a3a'.
C:\gh\azure-sdk-for-net\sdk\operationalinsights\Microsoft.Azure.OperationalInsights\tests\ScenarioTests\QueryTests.cs(103,30): error CS0012: The type 'DelegatingHandler' is defined in an assembly that is not referenced. You must add a reference to assembly 'System.Net.Http, Version=4.0.0.0, Culture=neutral, PublicKeyToken=b03f5f7f11d50a3a'.
C:\gh\azure-sdk-for-net\sdk\operationalinsights\Microsoft.Azure.OperationalInsights\tests\ScenarioTests\QueryTests.cs(119,13): error CS0103: The name 'Assert' does not exist in the current context
C:\gh\azure-sdk-for-net\sdk\operationalinsights\Microsoft.Azure.OperationalInsights\tests\ScenarioTests\QueryTests.cs(120,13): error CS0103: The name 'Assert' does not exist in the current context
C:\gh\azure-sdk-for-net\sdk\operationalinsights\Microsoft.Azure.OperationalInsights\tests\ScenarioTests\QueryTests.cs(121,13): error CS0103: The name 'Assert' does not exist in the current context
C:\gh\azure-sdk-for-net\sdk\operationalinsights\Microsoft.Azure.OperationalInsights\tests\ScenarioTests\QueryTests.cs(122,13): error CS0103: The name 'Assert' does not exist in the current context
C:\gh\azure-sdk-for-net\sdk\operationalinsights\Microsoft.Azure.OperationalInsights\tests\ScenarioTests\QueryTests.cs(123,13): error CS0103: The name 'Assert' does not exist in the current context
C:\gh\azure-sdk-for-net\sdk\operationalinsights\Microsoft.Azure.OperationalInsights\tests\ScenarioTests\QueryTests.cs(124,13): error CS0103: The name 'Assert' does not exist in the current context
C:\gh\azure-sdk-for-net\sdk\operationalinsights\Microsoft.Azure.OperationalInsights\tests\ScenarioTests\QueryTests.cs(127,13): error CS0103: The name 'Assert' does not exist in the current context
C:\gh\azure-sdk-for-net\sdk\operationalinsights\Microsoft.Azure.OperationalInsights\tests\ScenarioTests\QueryTests.cs(128,13): error CS0103: The name 'Assert' does not exist in the current context
C:\gh\azure-sdk-for-net\sdk\operationalinsights\Microsoft.Azure.OperationalInsights\tests\ScenarioTests\QueryTests.cs(130,13): error CS0103: The name 'Assert' does not exist in the current context
C:\gh\azure-sdk-for-net\sdk\operationalinsights\Microsoft.Azure.OperationalInsights\tests\ScenarioTests\QueryTests.cs(131,13): error CS0103: The name 'Assert' does not exist in the current context
C:\gh\azure-sdk-for-net\eng\mgmt\DisableTestRunParallel.cs(5,1): hidden CS8019: Unnecessary using directive.
C:\gh\azure-sdk-for-net\artifacts\obj\Microsoft.Azure.OperationalInsights.Tests\Debug\net461\Microsoft.Azure.OperationalInsights.Tests.AssemblyInfo.cs(11,1): hidden CS8019: Unnecessary using directive.
C:\gh\azure-sdk-for-net\artifacts\obj\Microsoft.Azure.OperationalInsights.Tests\Debug\net461\.NETFramework,Version=v4.6.1.AssemblyAttributes.cs(2,1): hidden CS8019: Unnecessary using directive.
C:\gh\azure-sdk-for-net\sdk\operationalinsights\Microsoft.Azure.OperationalInsights\tests\ScenarioTests\QueryTests.cs(4,1): hidden CS8019: Unnecessary using directive.
C:\gh\azure-sdk-for-net\artifacts\obj\Microsoft.Azure.OperationalInsights.Tests\Debug\net461\Microsoft.Azure.OperationalInsights.Tests.AssemblyInfo.cs(12,1): hidden CS8019: Unnecessary using directive.
C:\gh\azure-sdk-for-net\artifacts\obj\Microsoft.Azure.OperationalInsights.Tests\Debug\net461\.NETFramework,Version=v4.6.1.AssemblyAttributes.cs(3,1): hidden CS8019: Unnecessary using directive.
C:\gh\azure-sdk-for-net\sdk\operationalinsights\Microsoft.Azure.OperationalInsights\tests\ScenarioTests\QueryTests.cs(7,1): hidden CS8019: Unnecessary using directive.
C:\gh\azure-sdk-for-net\eng\mgmt\DisableTestRunParallel.cs(4,1): hidden CS8019: Unnecessary using directive.
C:\gh\azure-sdk-for-net\sdk\operationalinsights\Microsoft.Azure.OperationalInsights\tests\ScenarioTests\QueryTests.cs(3,1): hidden CS8019: Unnecessary using directive.
