C:\gh\azure-sdk-for-net\sdk\synapse\Azure.Analytics.Synapse.Artifacts\tests\samples\Sample5_HelloWorldDataset.cs(15,10): error CS0246: The type or namespace name 'TestAttribute' could not be found (are you missing a using directive or an assembly reference?)
C:\gh\azure-sdk-for-net\sdk\synapse\Azure.Analytics.Synapse.Artifacts\tests\samples\Sample5_HelloWorldDataset.cs(15,10): error CS0246: The type or namespace name 'Test' could not be found (are you missing a using directive or an assembly reference?)
C:\gh\azure-sdk-for-net\sdk\synapse\Azure.Analytics.Synapse.Artifacts\tests\PipelineClientLiveTests.cs(48,10): error CS0246: The type or namespace name 'TestAttribute' could not be found (are you missing a using directive or an assembly reference?)
C:\gh\azure-sdk-for-net\sdk\synapse\Azure.Analytics.Synapse.Artifacts\tests\PipelineClientLiveTests.cs(48,10): error CS0246: The type or namespace name 'Test' could not be found (are you missing a using directive or an assembly reference?)
C:\gh\azure-sdk-for-net\sdk\synapse\Azure.Analytics.Synapse.Artifacts\tests\DatasetClientLiveTests.cs(48,10): error CS0246: The type or namespace name 'TestAttribute' could not be found (are you missing a using directive or an assembly reference?)
C:\gh\azure-sdk-for-net\sdk\synapse\Azure.Analytics.Synapse.Artifacts\tests\DatasetClientLiveTests.cs(48,10): error CS0246: The type or namespace name 'Test' could not be found (are you missing a using directive or an assembly reference?)
C:\gh\azure-sdk-for-net\sdk\synapse\Azure.Analytics.Synapse.Artifacts\tests\ArtifactsClientTestBase.cs(12,6): error CS0246: The type or namespace name 'NonParallelizableAttribute' could not be found (are you missing a using directive or an assembly reference?)
C:\gh\azure-sdk-for-net\sdk\synapse\Azure.Analytics.Synapse.Artifacts\tests\ArtifactsClientTestBase.cs(12,6): error CS0246: The type or namespace name 'NonParallelizable' could not be found (are you missing a using directive or an assembly reference?)
C:\gh\azure-sdk-for-net\sdk\synapse\Azure.Analytics.Synapse.Artifacts\tests\samples\Sample4_HelloWorldDataFlow.cs(15,10): error CS0246: The type or namespace name 'TestAttribute' could not be found (are you missing a using directive or an assembly reference?)
C:\gh\azure-sdk-for-net\sdk\synapse\Azure.Analytics.Synapse.Artifacts\tests\samples\Sample4_HelloWorldDataFlow.cs(15,10): error CS0246: The type or namespace name 'Test' could not be found (are you missing a using directive or an assembly reference?)
C:\gh\azure-sdk-for-net\sdk\synapse\Azure.Analytics.Synapse.Artifacts\tests\samples\Sample6_HelloWorldLinkedService.cs(15,10): error CS0246: The type or namespace name 'IgnoreAttribute' could not be found (are you missing a using directive or an assembly reference?)
C:\gh\azure-sdk-for-net\sdk\synapse\Azure.Analytics.Synapse.Artifacts\tests\samples\Sample6_HelloWorldLinkedService.cs(15,10): error CS0246: The type or namespace name 'Ignore' could not be found (are you missing a using directive or an assembly reference?)
C:\gh\azure-sdk-for-net\sdk\synapse\Azure.Analytics.Synapse.Artifacts\tests\samples\Sample6_HelloWorldLinkedService.cs(16,10): error CS0246: The type or namespace name 'TestAttribute' could not be found (are you missing a using directive or an assembly reference?)
C:\gh\azure-sdk-for-net\sdk\synapse\Azure.Analytics.Synapse.Artifacts\tests\samples\Sample6_HelloWorldLinkedService.cs(16,10): error CS0246: The type or namespace name 'Test' could not be found (are you missing a using directive or an assembly reference?)
C:\gh\azure-sdk-for-net\sdk\synapse\Azure.Analytics.Synapse.Artifacts\tests\samples\Sample1_HelloWorldPipeline.cs(19,10): error CS0246: The type or namespace name 'TestAttribute' could not be found (are you missing a using directive or an assembly reference?)
C:\gh\azure-sdk-for-net\sdk\synapse\Azure.Analytics.Synapse.Artifacts\tests\samples\Sample1_HelloWorldPipeline.cs(19,10): error CS0246: The type or namespace name 'Test' could not be found (are you missing a using directive or an assembly reference?)
C:\gh\azure-sdk-for-net\sdk\synapse\Azure.Analytics.Synapse.Artifacts\tests\samples\Sample2_HelloWorldNotebook.cs(19,10): error CS0246: The type or namespace name 'TestAttribute' could not be found (are you missing a using directive or an assembly reference?)
C:\gh\azure-sdk-for-net\sdk\synapse\Azure.Analytics.Synapse.Artifacts\tests\samples\Sample2_HelloWorldNotebook.cs(19,10): error CS0246: The type or namespace name 'Test' could not be found (are you missing a using directive or an assembly reference?)
C:\gh\azure-sdk-for-net\sdk\synapse\Azure.Analytics.Synapse.Artifacts\tests\NotebookClientLiveTests.cs(59,10): error CS0246: The type or namespace name 'TestAttribute' could not be found (are you missing a using directive or an assembly reference?)
C:\gh\azure-sdk-for-net\sdk\synapse\Azure.Analytics.Synapse.Artifacts\tests\NotebookClientLiveTests.cs(59,10): error CS0246: The type or namespace name 'Test' could not be found (are you missing a using directive or an assembly reference?)
C:\gh\azure-sdk-for-net\sdk\synapse\Azure.Analytics.Synapse.Artifacts\tests\PipelineClientLiveTests.cs(39,10): error CS0246: The type or namespace name 'TestAttribute' could not be found (are you missing a using directive or an assembly reference?)
C:\gh\azure-sdk-for-net\sdk\synapse\Azure.Analytics.Synapse.Artifacts\tests\PipelineClientLiveTests.cs(39,10): error CS0246: The type or namespace name 'Test' could not be found (are you missing a using directive or an assembly reference?)
C:\gh\azure-sdk-for-net\sdk\synapse\Azure.Analytics.Synapse.Artifacts\tests\DatasetClientLiveTests.cs(39,10): error CS0246: The type or namespace name 'TestAttribute' could not be found (are you missing a using directive or an assembly reference?)
C:\gh\azure-sdk-for-net\sdk\synapse\Azure.Analytics.Synapse.Artifacts\tests\DatasetClientLiveTests.cs(39,10): error CS0246: The type or namespace name 'Test' could not be found (are you missing a using directive or an assembly reference?)
C:\gh\azure-sdk-for-net\sdk\synapse\Azure.Analytics.Synapse.Artifacts\tests\PipelineClientLiveTests.cs(28,10): error CS0246: The type or namespace name 'TestAttribute' could not be found (are you missing a using directive or an assembly reference?)
C:\gh\azure-sdk-for-net\sdk\synapse\Azure.Analytics.Synapse.Artifacts\tests\PipelineClientLiveTests.cs(28,10): error CS0246: The type or namespace name 'Test' could not be found (are you missing a using directive or an assembly reference?)
C:\gh\azure-sdk-for-net\sdk\synapse\Azure.Analytics.Synapse.Artifacts\tests\NotebookClientLiveTests.cs(41,10): error CS0246: The type or namespace name 'TestAttribute' could not be found (are you missing a using directive or an assembly reference?)
C:\gh\azure-sdk-for-net\sdk\synapse\Azure.Analytics.Synapse.Artifacts\tests\NotebookClientLiveTests.cs(41,10): error CS0246: The type or namespace name 'Test' could not be found (are you missing a using directive or an assembly reference?)
C:\gh\azure-sdk-for-net\sdk\synapse\Azure.Analytics.Synapse.Artifacts\tests\DataFlowClientLiveTests.cs(48,10): error CS0246: The type or namespace name 'TestAttribute' could not be found (are you missing a using directive or an assembly reference?)
C:\gh\azure-sdk-for-net\sdk\synapse\Azure.Analytics.Synapse.Artifacts\tests\DataFlowClientLiveTests.cs(48,10): error CS0246: The type or namespace name 'Test' could not be found (are you missing a using directive or an assembly reference?)
C:\gh\azure-sdk-for-net\sdk\synapse\Azure.Analytics.Synapse.Artifacts\tests\DatasetClientLiveTests.cs(28,10): error CS0246: The type or namespace name 'TestAttribute' could not be found (are you missing a using directive or an assembly reference?)
C:\gh\azure-sdk-for-net\sdk\synapse\Azure.Analytics.Synapse.Artifacts\tests\DatasetClientLiveTests.cs(28,10): error CS0246: The type or namespace name 'Test' could not be found (are you missing a using directive or an assembly reference?)
C:\gh\azure-sdk-for-net\sdk\synapse\Azure.Analytics.Synapse.Artifacts\tests\DataFlowClientLiveTests.cs(39,10): error CS0246: The type or namespace name 'TestAttribute' could not be found (are you missing a using directive or an assembly reference?)
C:\gh\azure-sdk-for-net\sdk\synapse\Azure.Analytics.Synapse.Artifacts\tests\DataFlowClientLiveTests.cs(39,10): error CS0246: The type or namespace name 'Test' could not be found (are you missing a using directive or an assembly reference?)
C:\gh\azure-sdk-for-net\sdk\synapse\Azure.Analytics.Synapse.Artifacts\tests\NotebookClientLiveTests.cs(29,10): error CS0246: The type or namespace name 'TestAttribute' could not be found (are you missing a using directive or an assembly reference?)
C:\gh\azure-sdk-for-net\sdk\synapse\Azure.Analytics.Synapse.Artifacts\tests\NotebookClientLiveTests.cs(29,10): error CS0246: The type or namespace name 'Test' could not be found (are you missing a using directive or an assembly reference?)
C:\gh\azure-sdk-for-net\sdk\synapse\Azure.Analytics.Synapse.Artifacts\tests\DataFlowClientLiveTests.cs(28,10): error CS0246: The type or namespace name 'TestAttribute' could not be found (are you missing a using directive or an assembly reference?)
C:\gh\azure-sdk-for-net\sdk\synapse\Azure.Analytics.Synapse.Artifacts\tests\DataFlowClientLiveTests.cs(28,10): error CS0246: The type or namespace name 'Test' could not be found (are you missing a using directive or an assembly reference?)
C:\gh\azure-sdk-for-net\sdk\synapse\Azure.Analytics.Synapse.Artifacts\tests\LinkedServiceClientLiveTests.cs(48,10): error CS0246: The type or namespace name 'TestAttribute' could not be found (are you missing a using directive or an assembly reference?)
C:\gh\azure-sdk-for-net\sdk\synapse\Azure.Analytics.Synapse.Artifacts\tests\LinkedServiceClientLiveTests.cs(48,10): error CS0246: The type or namespace name 'Test' could not be found (are you missing a using directive or an assembly reference?)
C:\gh\azure-sdk-for-net\sdk\synapse\Azure.Analytics.Synapse.Artifacts\tests\samples\Sample3_HelloWorldTrigger.cs(15,10): error CS0246: The type or namespace name 'TestAttribute' could not be found (are you missing a using directive or an assembly reference?)
C:\gh\azure-sdk-for-net\sdk\synapse\Azure.Analytics.Synapse.Artifacts\tests\samples\Sample3_HelloWorldTrigger.cs(15,10): error CS0246: The type or namespace name 'Test' could not be found (are you missing a using directive or an assembly reference?)
C:\gh\azure-sdk-for-net\sdk\synapse\Azure.Analytics.Synapse.Artifacts\tests\LinkedServiceClientLiveTests.cs(39,10): error CS0246: The type or namespace name 'TestAttribute' could not be found (are you missing a using directive or an assembly reference?)
C:\gh\azure-sdk-for-net\sdk\synapse\Azure.Analytics.Synapse.Artifacts\tests\LinkedServiceClientLiveTests.cs(39,10): error CS0246: The type or namespace name 'Test' could not be found (are you missing a using directive or an assembly reference?)
C:\gh\azure-sdk-for-net\sdk\synapse\Azure.Analytics.Synapse.Artifacts\tests\LinkedServiceClientLiveTests.cs(28,10): error CS0246: The type or namespace name 'TestAttribute' could not be found (are you missing a using directive or an assembly reference?)
C:\gh\azure-sdk-for-net\sdk\synapse\Azure.Analytics.Synapse.Artifacts\tests\LinkedServiceClientLiveTests.cs(28,10): error CS0246: The type or namespace name 'Test' could not be found (are you missing a using directive or an assembly reference?)
C:\gh\azure-sdk-for-net\sdk\synapse\Azure.Analytics.Synapse.Artifacts\tests\TriggerClientLiveTests.cs(48,10): error CS0246: The type or namespace name 'TestAttribute' could not be found (are you missing a using directive or an assembly reference?)
C:\gh\azure-sdk-for-net\sdk\synapse\Azure.Analytics.Synapse.Artifacts\tests\TriggerClientLiveTests.cs(48,10): error CS0246: The type or namespace name 'Test' could not be found (are you missing a using directive or an assembly reference?)
C:\gh\azure-sdk-for-net\sdk\synapse\Azure.Analytics.Synapse.Shared\tests\SynapseTestEventListener.cs(15,17): error CS0246: The type or namespace name 'AzureEventSourceListener' could not be found (are you missing a using directive or an assembly reference?)
C:\gh\azure-sdk-for-net\sdk\synapse\Azure.Analytics.Synapse.Artifacts\tests\TriggerClientLiveTests.cs(39,10): error CS0246: The type or namespace name 'TestAttribute' could not be found (are you missing a using directive or an assembly reference?)
C:\gh\azure-sdk-for-net\sdk\synapse\Azure.Analytics.Synapse.Artifacts\tests\TriggerClientLiveTests.cs(39,10): error CS0246: The type or namespace name 'Test' could not be found (are you missing a using directive or an assembly reference?)
C:\gh\azure-sdk-for-net\sdk\synapse\Azure.Analytics.Synapse.Artifacts\tests\TriggerClientLiveTests.cs(28,10): error CS0246: The type or namespace name 'TestAttribute' could not be found (are you missing a using directive or an assembly reference?)
C:\gh\azure-sdk-for-net\sdk\synapse\Azure.Analytics.Synapse.Artifacts\tests\TriggerClientLiveTests.cs(28,10): error CS0246: The type or namespace name 'Test' could not be found (are you missing a using directive or an assembly reference?)
C:\gh\azure-sdk-for-net\sdk\synapse\Azure.Analytics.Synapse.Artifacts\tests\ArtifactsClientTestBase.cs(6,7): error CS0246: The type or namespace name 'NUnit' could not be found (are you missing a using directive or an assembly reference?)
C:\gh\azure-sdk-for-net\sdk\synapse\Azure.Analytics.Synapse.Artifacts\tests\DataFlowClientLiveTests.cs(7,7): error CS0246: The type or namespace name 'NUnit' could not be found (are you missing a using directive or an assembly reference?)
C:\gh\azure-sdk-for-net\sdk\synapse\Azure.Analytics.Synapse.Artifacts\tests\DatasetClientLiveTests.cs(7,7): error CS0246: The type or namespace name 'NUnit' could not be found (are you missing a using directive or an assembly reference?)
C:\gh\azure-sdk-for-net\sdk\synapse\Azure.Analytics.Synapse.Artifacts\tests\LinkedServiceClientLiveTests.cs(7,7): error CS0246: The type or namespace name 'NUnit' could not be found (are you missing a using directive or an assembly reference?)
C:\gh\azure-sdk-for-net\sdk\synapse\Azure.Analytics.Synapse.Artifacts\tests\NotebookClientLiveTests.cs(7,7): error CS0246: The type or namespace name 'NUnit' could not be found (are you missing a using directive or an assembly reference?)
C:\gh\azure-sdk-for-net\sdk\synapse\Azure.Analytics.Synapse.Artifacts\tests\PipelineClientLiveTests.cs(7,7): error CS0246: The type or namespace name 'NUnit' could not be found (are you missing a using directive or an assembly reference?)
C:\gh\azure-sdk-for-net\sdk\synapse\Azure.Analytics.Synapse.Artifacts\tests\samples\Sample1_HelloWorldPipeline.cs(6,13): error CS0234: The type or namespace name 'Identity' does not exist in the namespace 'Azure' (are you missing an assembly reference?)
C:\gh\azure-sdk-for-net\sdk\synapse\Azure.Analytics.Synapse.Artifacts\tests\samples\Sample1_HelloWorldPipeline.cs(7,7): error CS0246: The type or namespace name 'NUnit' could not be found (are you missing a using directive or an assembly reference?)
C:\gh\azure-sdk-for-net\sdk\synapse\Azure.Analytics.Synapse.Artifacts\tests\samples\Sample2_HelloWorldNotebook.cs(6,13): error CS0234: The type or namespace name 'Identity' does not exist in the namespace 'Azure' (are you missing an assembly reference?)
C:\gh\azure-sdk-for-net\sdk\synapse\Azure.Analytics.Synapse.Artifacts\tests\samples\Sample2_HelloWorldNotebook.cs(7,7): error CS0246: The type or namespace name 'NUnit' could not be found (are you missing a using directive or an assembly reference?)
C:\gh\azure-sdk-for-net\sdk\synapse\Azure.Analytics.Synapse.Artifacts\tests\samples\Sample3_HelloWorldTrigger.cs(8,13): error CS0234: The type or namespace name 'Identity' does not exist in the namespace 'Azure' (are you missing an assembly reference?)
C:\gh\azure-sdk-for-net\sdk\synapse\Azure.Analytics.Synapse.Artifacts\tests\samples\Sample3_HelloWorldTrigger.cs(9,7): error CS0246: The type or namespace name 'NUnit' could not be found (are you missing a using directive or an assembly reference?)
C:\gh\azure-sdk-for-net\sdk\synapse\Azure.Analytics.Synapse.Artifacts\tests\samples\Sample4_HelloWorldDataFlow.cs(7,13): error CS0234: The type or namespace name 'Identity' does not exist in the namespace 'Azure' (are you missing an assembly reference?)
C:\gh\azure-sdk-for-net\sdk\synapse\Azure.Analytics.Synapse.Artifacts\tests\samples\Sample4_HelloWorldDataFlow.cs(8,7): error CS0246: The type or namespace name 'NUnit' could not be found (are you missing a using directive or an assembly reference?)
C:\gh\azure-sdk-for-net\sdk\synapse\Azure.Analytics.Synapse.Artifacts\tests\samples\Sample5_HelloWorldDataset.cs(8,13): error CS0234: The type or namespace name 'Identity' does not exist in the namespace 'Azure' (are you missing an assembly reference?)
C:\gh\azure-sdk-for-net\sdk\synapse\Azure.Analytics.Synapse.Artifacts\tests\samples\Sample5_HelloWorldDataset.cs(9,7): error CS0246: The type or namespace name 'NUnit' could not be found (are you missing a using directive or an assembly reference?)
C:\gh\azure-sdk-for-net\sdk\synapse\Azure.Analytics.Synapse.Artifacts\tests\samples\Sample6_HelloWorldLinkedService.cs(7,13): error CS0234: The type or namespace name 'Identity' does not exist in the namespace 'Azure' (are you missing an assembly reference?)
C:\gh\azure-sdk-for-net\sdk\synapse\Azure.Analytics.Synapse.Artifacts\tests\samples\Sample6_HelloWorldLinkedService.cs(8,7): error CS0246: The type or namespace name 'NUnit' could not be found (are you missing a using directive or an assembly reference?)
C:\gh\azure-sdk-for-net\sdk\synapse\Azure.Analytics.Synapse.Artifacts\tests\TriggerClientLiveTests.cs(7,7): error CS0246: The type or namespace name 'NUnit' could not be found (are you missing a using directive or an assembly reference?)
C:\gh\azure-sdk-for-net\sdk\synapse\Azure.Analytics.Synapse.Shared\tests\SampleFixture.cs(6,7): error CS0246: The type or namespace name 'NUnit' could not be found (are you missing a using directive or an assembly reference?)
C:\gh\azure-sdk-for-net\sdk\synapse\Azure.Analytics.Synapse.Shared\tests\SynapseTestEventListener.cs(6,18): error CS0234: The type or namespace name 'Diagnostics' does not exist in the namespace 'Azure.Core' (are you missing an assembly reference?)
C:\gh\azure-sdk-for-net\sdk\synapse\Azure.Analytics.Synapse.Shared\tests\SampleFixture.cs(10,6): error CS0012: The type 'NUnitAttribute' is defined in an assembly that is not referenced. You must add a reference to assembly 'nunit.framework, Version=3.12.0.0, Culture=neutral, PublicKeyToken=2638cd05610744eb'.
C:\gh\azure-sdk-for-net\sdk\synapse\Azure.Analytics.Synapse.Shared\tests\SampleFixture.cs(11,6): error CS0246: The type or namespace name 'NonParallelizableAttribute' could not be found (are you missing a using directive or an assembly reference?)
C:\gh\azure-sdk-for-net\sdk\synapse\Azure.Analytics.Synapse.Shared\tests\SampleFixture.cs(11,6): error CS0246: The type or namespace name 'NonParallelizable' could not be found (are you missing a using directive or an assembly reference?)
C:\gh\azure-sdk-for-net\sdk\synapse\Azure.Analytics.Synapse.Shared\tests\SampleFixture.cs(16,10): error CS0246: The type or namespace name 'SetUpAttribute' could not be found (are you missing a using directive or an assembly reference?)
C:\gh\azure-sdk-for-net\sdk\synapse\Azure.Analytics.Synapse.Shared\tests\SampleFixture.cs(16,10): error CS0246: The type or namespace name 'SetUp' could not be found (are you missing a using directive or an assembly reference?)
C:\gh\azure-sdk-for-net\sdk\synapse\Azure.Analytics.Synapse.Shared\tests\SampleFixture.cs(19,10): error CS0246: The type or namespace name 'TearDownAttribute' could not be found (are you missing a using directive or an assembly reference?)
C:\gh\azure-sdk-for-net\sdk\synapse\Azure.Analytics.Synapse.Shared\tests\SampleFixture.cs(19,10): error CS0246: The type or namespace name 'TearDown' could not be found (are you missing a using directive or an assembly reference?)
C:\gh\azure-sdk-for-net\sdk\synapse\Azure.Analytics.Synapse.Shared\tests\SynapseTestEventListener.cs(25,29): error CS0103: The name 'AzureEventSourceListener' does not exist in the current context
C:\gh\azure-sdk-for-net\sdk\synapse\Azure.Analytics.Synapse.Artifacts\tests\DataFlowClientLiveTests.cs(31,52): error CS0246: The type or namespace name 'AsyncPageable<>' could not be found (are you missing a using directive or an assembly reference?)
C:\gh\azure-sdk-for-net\sdk\synapse\Azure.Analytics.Synapse.Artifacts\tests\DataFlowClientLiveTests.cs(33,57): error CS0246: The type or namespace name 'Task<>' could not be found (are you missing a using directive or an assembly reference?)
C:\gh\azure-sdk-for-net\sdk\synapse\Azure.Analytics.Synapse.Artifacts\tests\DataFlowClientLiveTests.cs(34,17): error CS0103: The name 'Assert' does not exist in the current context
C:\gh\azure-sdk-for-net\sdk\synapse\Azure.Analytics.Synapse.Artifacts\tests\DataFlowClientLiveTests.cs(34,71): error CS0518: Predefined type 'System.String' is not defined or imported
C:\gh\azure-sdk-for-net\sdk\synapse\Azure.Analytics.Synapse.Artifacts\tests\DataFlowClientLiveTests.cs(35,17): error CS0103: The name 'Assert' does not exist in the current context
C:\gh\azure-sdk-for-net\sdk\synapse\Azure.Analytics.Synapse.Artifacts\tests\DataFlowClientLiveTests.cs(35,69): error CS0518: Predefined type 'System.String' is not defined or imported
C:\gh\azure-sdk-for-net\sdk\synapse\Azure.Analytics.Synapse.Artifacts\tests\DatasetClientLiveTests.cs(31,51): error CS0246: The type or namespace name 'AsyncPageable<>' could not be found (are you missing a using directive or an assembly reference?)
C:\gh\azure-sdk-for-net\sdk\synapse\Azure.Analytics.Synapse.Artifacts\tests\LinkedServiceClientLiveTests.cs(31,57): error CS0246: The type or namespace name 'AsyncPageable<>' could not be found (are you missing a using directive or an assembly reference?)
C:\gh\azure-sdk-for-net\sdk\synapse\Azure.Analytics.Synapse.Artifacts\tests\DatasetClientLiveTests.cs(33,55): error CS0246: The type or namespace name 'Task<>' could not be found (are you missing a using directive or an assembly reference?)
C:\gh\azure-sdk-for-net\sdk\synapse\Azure.Analytics.Synapse.Artifacts\tests\LinkedServiceClientLiveTests.cs(33,67): error CS0246: The type or namespace name 'Task<>' could not be found (are you missing a using directive or an assembly reference?)
C:\gh\azure-sdk-for-net\sdk\synapse\Azure.Analytics.Synapse.Artifacts\tests\DatasetClientLiveTests.cs(34,17): error CS0103: The name 'Assert' does not exist in the current context
C:\gh\azure-sdk-for-net\sdk\synapse\Azure.Analytics.Synapse.Artifacts\tests\LinkedServiceClientLiveTests.cs(34,17): error CS0103: The name 'Assert' does not exist in the current context
C:\gh\azure-sdk-for-net\sdk\synapse\Azure.Analytics.Synapse.Artifacts\tests\DatasetClientLiveTests.cs(34,69): error CS0518: Predefined type 'System.String' is not defined or imported
C:\gh\azure-sdk-for-net\sdk\synapse\Azure.Analytics.Synapse.Artifacts\tests\LinkedServiceClientLiveTests.cs(34,81): error CS0518: Predefined type 'System.String' is not defined or imported
C:\gh\azure-sdk-for-net\sdk\synapse\Azure.Analytics.Synapse.Artifacts\tests\DatasetClientLiveTests.cs(35,17): error CS0103: The name 'Assert' does not exist in the current context
C:\gh\azure-sdk-for-net\sdk\synapse\Azure.Analytics.Synapse.Artifacts\tests\LinkedServiceClientLiveTests.cs(35,17): error CS0103: The name 'Assert' does not exist in the current context
C:\gh\azure-sdk-for-net\sdk\synapse\Azure.Analytics.Synapse.Artifacts\tests\DatasetClientLiveTests.cs(35,67): error CS0518: Predefined type 'System.String' is not defined or imported
C:\gh\azure-sdk-for-net\sdk\synapse\Azure.Analytics.Synapse.Artifacts\tests\LinkedServiceClientLiveTests.cs(35,79): error CS0518: Predefined type 'System.String' is not defined or imported
C:\gh\azure-sdk-for-net\sdk\synapse\Azure.Analytics.Synapse.Artifacts\tests\NotebookClientLiveTests.cs(32,52): error CS0246: The type or namespace name 'AsyncPageable<>' could not be found (are you missing a using directive or an assembly reference?)
C:\gh\azure-sdk-for-net\sdk\synapse\Azure.Analytics.Synapse.Artifacts\tests\NotebookClientLiveTests.cs(34,57): error CS0246: The type or namespace name 'Task<>' could not be found (are you missing a using directive or an assembly reference?)
C:\gh\azure-sdk-for-net\sdk\synapse\Azure.Analytics.Synapse.Artifacts\tests\NotebookClientLiveTests.cs(35,17): error CS0103: The name 'Assert' does not exist in the current context
C:\gh\azure-sdk-for-net\sdk\synapse\Azure.Analytics.Synapse.Artifacts\tests\NotebookClientLiveTests.cs(35,71): error CS0518: Predefined type 'System.String' is not defined or imported
C:\gh\azure-sdk-for-net\sdk\synapse\Azure.Analytics.Synapse.Artifacts\tests\NotebookClientLiveTests.cs(36,17): error CS0103: The name 'Assert' does not exist in the current context
C:\gh\azure-sdk-for-net\sdk\synapse\Azure.Analytics.Synapse.Artifacts\tests\NotebookClientLiveTests.cs(36,69): error CS0518: Predefined type 'System.String' is not defined or imported
C:\gh\azure-sdk-for-net\sdk\synapse\Azure.Analytics.Synapse.Artifacts\tests\NotebookClientLiveTests.cs(37,17): error CS0103: The name 'Assert' does not exist in the current context
C:\gh\azure-sdk-for-net\sdk\synapse\Azure.Analytics.Synapse.Artifacts\tests\NotebookClientLiveTests.cs(37,128): error CS0518: Predefined type 'System.String' is not defined or imported
C:\gh\azure-sdk-for-net\sdk\synapse\Azure.Analytics.Synapse.Artifacts\tests\DataFlowClientLiveTests.cs(43,158): error CS0518: Predefined type 'System.Void' is not defined or imported
C:\gh\azure-sdk-for-net\sdk\synapse\Azure.Analytics.Synapse.Artifacts\tests\DataFlowClientLiveTests.cs(43,137): error CS0518: Predefined type 'System.Void' is not defined or imported
C:\gh\azure-sdk-for-net\sdk\synapse\Azure.Analytics.Synapse.Artifacts\tests\DataFlowClientLiveTests.cs(43,71): error CS0246: The type or namespace name 'Task<>' could not be found (are you missing a using directive or an assembly reference?)
C:\gh\azure-sdk-for-net\sdk\synapse\Azure.Analytics.Synapse.Artifacts\tests\DataFlowClientLiveTests.cs(44,57): error CS0246: The type or namespace name 'Operation<>' could not be found (are you missing a using directive or an assembly reference?)
C:\gh\azure-sdk-for-net\sdk\synapse\Azure.Analytics.Synapse.Artifacts\tests\DataFlowClientLiveTests.cs(44,47): error CS0246: The type or namespace name 'ValueTask<>' could not be found (are you missing a using directive or an assembly reference?)
C:\gh\azure-sdk-for-net\sdk\synapse\Azure.Analytics.Synapse.Artifacts\tests\DataFlowClientLiveTests.cs(45,13): error CS0103: The name 'Assert' does not exist in the current context
C:\gh\azure-sdk-for-net\sdk\synapse\Azure.Analytics.Synapse.Artifacts\tests\DataFlowClientLiveTests.cs(45,52): error CS0518: Predefined type 'System.String' is not defined or imported
C:\gh\azure-sdk-for-net\sdk\synapse\Azure.Analytics.Synapse.Artifacts\tests\LinkedServiceClientLiveTests.cs(43,188): error CS0518: Predefined type 'System.Void' is not defined or imported
C:\gh\azure-sdk-for-net\sdk\synapse\Azure.Analytics.Synapse.Artifacts\tests\LinkedServiceClientLiveTests.cs(43,162): error CS0518: Predefined type 'System.Void' is not defined or imported
C:\gh\azure-sdk-for-net\sdk\synapse\Azure.Analytics.Synapse.Artifacts\tests\LinkedServiceClientLiveTests.cs(43,81): error CS0246: The type or namespace name 'Task<>' could not be found (are you missing a using directive or an assembly reference?)
C:\gh\azure-sdk-for-net\sdk\synapse\Azure.Analytics.Synapse.Artifacts\tests\LinkedServiceClientLiveTests.cs(44,67): error CS0246: The type or namespace name 'Operation<>' could not be found (are you missing a using directive or an assembly reference?)
C:\gh\azure-sdk-for-net\sdk\synapse\Azure.Analytics.Synapse.Artifacts\tests\LinkedServiceClientLiveTests.cs(44,57): error CS0246: The type or namespace name 'ValueTask<>' could not be found (are you missing a using directive or an assembly reference?)
C:\gh\azure-sdk-for-net\sdk\synapse\Azure.Analytics.Synapse.Artifacts\tests\LinkedServiceClientLiveTests.cs(45,13): error CS0103: The name 'Assert' does not exist in the current context
C:\gh\azure-sdk-for-net\sdk\synapse\Azure.Analytics.Synapse.Artifacts\tests\LinkedServiceClientLiveTests.cs(45,62): error CS0518: Predefined type 'System.String' is not defined or imported
C:\gh\azure-sdk-for-net\sdk\synapse\Azure.Analytics.Synapse.Artifacts\tests\DatasetClientLiveTests.cs(43,164): error CS0518: Predefined type 'System.Void' is not defined or imported
C:\gh\azure-sdk-for-net\sdk\synapse\Azure.Analytics.Synapse.Artifacts\tests\DatasetClientLiveTests.cs(43,152): error CS0518: Predefined type 'System.Void' is not defined or imported
C:\gh\azure-sdk-for-net\sdk\synapse\Azure.Analytics.Synapse.Artifacts\tests\DatasetClientLiveTests.cs(43,132): error CS0518: Predefined type 'System.Void' is not defined or imported
C:\gh\azure-sdk-for-net\sdk\synapse\Azure.Analytics.Synapse.Artifacts\tests\DatasetClientLiveTests.cs(43,69): error CS0246: The type or namespace name 'Task<>' could not be found (are you missing a using directive or an assembly reference?)
C:\gh\azure-sdk-for-net\sdk\synapse\Azure.Analytics.Synapse.Artifacts\tests\DatasetClientLiveTests.cs(44,55): error CS0246: The type or namespace name 'Operation<>' could not be found (are you missing a using directive or an assembly reference?)
C:\gh\azure-sdk-for-net\sdk\synapse\Azure.Analytics.Synapse.Artifacts\tests\DatasetClientLiveTests.cs(44,45): error CS0246: The type or namespace name 'ValueTask<>' could not be found (are you missing a using directive or an assembly reference?)
C:\gh\azure-sdk-for-net\sdk\synapse\Azure.Analytics.Synapse.Artifacts\tests\DatasetClientLiveTests.cs(45,13): error CS0103: The name 'Assert' does not exist in the current context
C:\gh\azure-sdk-for-net\sdk\synapse\Azure.Analytics.Synapse.Artifacts\tests\DatasetClientLiveTests.cs(45,50): error CS0518: Predefined type 'System.String' is not defined or imported
C:\gh\azure-sdk-for-net\sdk\synapse\Azure.Analytics.Synapse.Artifacts\tests\PipelineClientLiveTests.cs(31,52): error CS0246: The type or namespace name 'AsyncPageable<>' could not be found (are you missing a using directive or an assembly reference?)
C:\gh\azure-sdk-for-net\sdk\synapse\Azure.Analytics.Synapse.Artifacts\tests\PipelineClientLiveTests.cs(33,57): error CS0246: The type or namespace name 'Task<>' could not be found (are you missing a using directive or an assembly reference?)
C:\gh\azure-sdk-for-net\sdk\synapse\Azure.Analytics.Synapse.Artifacts\tests\PipelineClientLiveTests.cs(34,17): error CS0103: The name 'Assert' does not exist in the current context
C:\gh\azure-sdk-for-net\sdk\synapse\Azure.Analytics.Synapse.Artifacts\tests\PipelineClientLiveTests.cs(34,71): error CS0518: Predefined type 'System.String' is not defined or imported
C:\gh\azure-sdk-for-net\sdk\synapse\Azure.Analytics.Synapse.Artifacts\tests\PipelineClientLiveTests.cs(35,17): error CS0103: The name 'Assert' does not exist in the current context
C:\gh\azure-sdk-for-net\sdk\synapse\Azure.Analytics.Synapse.Artifacts\tests\PipelineClientLiveTests.cs(35,69): error CS0518: Predefined type 'System.String' is not defined or imported
C:\gh\azure-sdk-for-net\sdk\synapse\Azure.Analytics.Synapse.Artifacts\tests\samples\Sample6_HelloWorldLinkedService.cs(32,111): error CS0246: The type or namespace name 'DefaultAzureCredential' could not be found (are you missing a using directive or an assembly reference?)
C:\gh\azure-sdk-for-net\sdk\synapse\Azure.Analytics.Synapse.Artifacts\tests\samples\Sample6_HelloWorldLinkedService.cs(32,46): error CS0518: Predefined type 'System.Void' is not defined or imported
C:\gh\azure-sdk-for-net\sdk\synapse\Azure.Analytics.Synapse.Artifacts\tests\samples\Sample6_HelloWorldLinkedService.cs(36,83): error CS0518: Predefined type 'System.Void' is not defined or imported
C:\gh\azure-sdk-for-net\sdk\synapse\Azure.Analytics.Synapse.Artifacts\tests\samples\Sample6_HelloWorldLinkedService.cs(36,57): error CS0518: Predefined type 'System.Void' is not defined or imported
C:\gh\azure-sdk-for-net\sdk\synapse\Azure.Analytics.Synapse.Artifacts\tests\samples\Sample6_HelloWorldLinkedService.cs(37,75): error CS0518: Predefined type 'System.String' is not defined or imported
C:\gh\azure-sdk-for-net\sdk\synapse\Azure.Analytics.Synapse.Artifacts\tests\samples\Sample6_HelloWorldLinkedService.cs(38,13): error CS0246: The type or namespace name 'Response<>' could not be found (are you missing a using directive or an assembly reference?)
C:\gh\azure-sdk-for-net\sdk\synapse\Azure.Analytics.Synapse.Artifacts\tests\samples\Sample6_HelloWorldLinkedService.cs(38,78): error CS0246: The type or namespace name 'Operation<>' could not be found (are you missing a using directive or an assembly reference?)
C:\gh\azure-sdk-for-net\sdk\synapse\Azure.Analytics.Synapse.Artifacts\tests\samples\Sample6_HelloWorldLinkedService.cs(38,68): error CS0246: The type or namespace name 'ValueTask<>' could not be found (are you missing a using directive or an assembly reference?)
C:\gh\azure-sdk-for-net\sdk\synapse\Azure.Analytics.Synapse.Artifacts\tests\samples\Sample6_HelloWorldLinkedService.cs(42,54): error CS0246: The type or namespace name 'Response<>' could not be found (are you missing a using directive or an assembly reference?)
C:\gh\azure-sdk-for-net\sdk\synapse\Azure.Analytics.Synapse.Artifacts\tests\samples\Sample6_HelloWorldLinkedService.cs(46,13): error CS0246: The type or namespace name 'Pageable<>' could not be found (are you missing a using directive or an assembly reference?)
C:\gh\azure-sdk-for-net\sdk\synapse\Azure.Analytics.Synapse.Artifacts\tests\samples\Sample6_HelloWorldLinkedService.cs(46,62): error CS0246: The type or namespace name 'Pageable<>' could not be found (are you missing a using directive or an assembly reference?)
C:\gh\azure-sdk-for-net\sdk\synapse\Azure.Analytics.Synapse.Artifacts\tests\samples\Sample6_HelloWorldLinkedService.cs(49,56): error CS0518: Predefined type 'System.String' is not defined or imported
C:\gh\azure-sdk-for-net\sdk\synapse\Azure.Analytics.Synapse.Artifacts\tests\samples\Sample6_HelloWorldLinkedService.cs(54,86): error CS0518: Predefined type 'System.String' is not defined or imported
C:\gh\azure-sdk-for-net\sdk\synapse\Azure.Analytics.Synapse.Artifacts\tests\samples\Sample6_HelloWorldLinkedService.cs(55,48): error CS0246: The type or namespace name 'Operation<>' could not be found (are you missing a using directive or an assembly reference?)
C:\gh\azure-sdk-for-net\sdk\synapse\Azure.Analytics.Synapse.Artifacts\tests\samples\Sample6_HelloWorldLinkedService.cs(55,19): error CS0246: The type or namespace name 'ValueTask<>' could not be found (are you missing a using directive or an assembly reference?)
C:\gh\azure-sdk-for-net\sdk\synapse\Azure.Analytics.Synapse.Artifacts\tests\NotebookClientLiveTests.cs(45,21): error CS0518: Predefined type 'System.Void' is not defined or imported
C:\gh\azure-sdk-for-net\sdk\synapse\Azure.Analytics.Synapse.Artifacts\tests\NotebookClientLiveTests.cs(47,21): error CS0518: Predefined type 'System.Void' is not defined or imported
C:\gh\azure-sdk-for-net\sdk\synapse\Azure.Analytics.Synapse.Artifacts\tests\NotebookClientLiveTests.cs(47,40): error CS0518: Predefined type 'System.Void' is not defined or imported
C:\gh\azure-sdk-for-net\sdk\synapse\Azure.Analytics.Synapse.Artifacts\tests\NotebookClientLiveTests.cs(44,37): error CS0518: Predefined type 'System.Void' is not defined or imported
C:\gh\azure-sdk-for-net\sdk\synapse\Azure.Analytics.Synapse.Artifacts\tests\NotebookClientLiveTests.cs(54,137): error CS0518: Predefined type 'System.Void' is not defined or imported
C:\gh\azure-sdk-for-net\sdk\synapse\Azure.Analytics.Synapse.Artifacts\tests\NotebookClientLiveTests.cs(54,71): error CS0246: The type or namespace name 'Task<>' could not be found (are you missing a using directive or an assembly reference?)
C:\gh\azure-sdk-for-net\sdk\synapse\Azure.Analytics.Synapse.Artifacts\tests\NotebookClientLiveTests.cs(55,65): error CS0246: The type or namespace name 'Operation<>' could not be found (are you missing a using directive or an assembly reference?)
C:\gh\azure-sdk-for-net\sdk\synapse\Azure.Analytics.Synapse.Artifacts\tests\NotebookClientLiveTests.cs(55,55): error CS0246: The type or namespace name 'ValueTask<>' could not be found (are you missing a using directive or an assembly reference?)
C:\gh\azure-sdk-for-net\sdk\synapse\Azure.Analytics.Synapse.Artifacts\tests\NotebookClientLiveTests.cs(56,13): error CS0103: The name 'Assert' does not exist in the current context
C:\gh\azure-sdk-for-net\sdk\synapse\Azure.Analytics.Synapse.Artifacts\tests\NotebookClientLiveTests.cs(56,60): error CS0518: Predefined type 'System.String' is not defined or imported
C:\gh\azure-sdk-for-net\sdk\synapse\Azure.Analytics.Synapse.Artifacts\tests\samples\Sample3_HelloWorldTrigger.cs(27,99): error CS0246: The type or namespace name 'DefaultAzureCredential' could not be found (are you missing a using directive or an assembly reference?)
C:\gh\azure-sdk-for-net\sdk\synapse\Azure.Analytics.Synapse.Artifacts\tests\samples\Sample3_HelloWorldTrigger.cs(27,40): error CS0518: Predefined type 'System.Void' is not defined or imported
C:\gh\azure-sdk-for-net\sdk\synapse\Azure.Analytics.Synapse.Artifacts\tests\samples\Sample3_HelloWorldTrigger.cs(31,91): error CS0518: Predefined type 'System.Void' is not defined or imported
C:\gh\azure-sdk-for-net\sdk\synapse\Azure.Analytics.Synapse.Artifacts\tests\samples\Sample3_HelloWorldTrigger.cs(31,71): error CS0518: Predefined type 'System.Void' is not defined or imported
C:\gh\azure-sdk-for-net\sdk\synapse\Azure.Analytics.Synapse.Artifacts\tests\samples\Sample3_HelloWorldTrigger.cs(31,51): error CS0518: Predefined type 'System.Void' is not defined or imported
C:\gh\azure-sdk-for-net\sdk\synapse\Azure.Analytics.Synapse.Artifacts\tests\samples\Sample3_HelloWorldTrigger.cs(32,63): error CS0518: Predefined type 'System.String' is not defined or imported
C:\gh\azure-sdk-for-net\sdk\synapse\Azure.Analytics.Synapse.Artifacts\tests\samples\Sample3_HelloWorldTrigger.cs(33,13): error CS0246: The type or namespace name 'Response<>' could not be found (are you missing a using directive or an assembly reference?)
C:\gh\azure-sdk-for-net\sdk\synapse\Azure.Analytics.Synapse.Artifacts\tests\samples\Sample3_HelloWorldTrigger.cs(33,72): error CS0246: The type or namespace name 'Operation<>' could not be found (are you missing a using directive or an assembly reference?)
C:\gh\azure-sdk-for-net\sdk\synapse\Azure.Analytics.Synapse.Artifacts\tests\samples\Sample3_HelloWorldTrigger.cs(33,62): error CS0246: The type or namespace name 'ValueTask<>' could not be found (are you missing a using directive or an assembly reference?)
C:\gh\azure-sdk-for-net\sdk\synapse\Azure.Analytics.Synapse.Artifacts\tests\samples\Sample3_HelloWorldTrigger.cs(37,48): error CS0246: The type or namespace name 'Response<>' could not be found (are you missing a using directive or an assembly reference?)
C:\gh\azure-sdk-for-net\sdk\synapse\Azure.Analytics.Synapse.Artifacts\tests\samples\Sample3_HelloWorldTrigger.cs(41,13): error CS0246: The type or namespace name 'Pageable<>' could not be found (are you missing a using directive or an assembly reference?)
C:\gh\azure-sdk-for-net\sdk\synapse\Azure.Analytics.Synapse.Artifacts\tests\samples\Sample3_HelloWorldTrigger.cs(41,50): error CS0246: The type or namespace name 'Pageable<>' could not be found (are you missing a using directive or an assembly reference?)
C:\gh\azure-sdk-for-net\sdk\synapse\Azure.Analytics.Synapse.Artifacts\tests\samples\Sample3_HelloWorldTrigger.cs(44,50): error CS0518: Predefined type 'System.String' is not defined or imported
C:\gh\azure-sdk-for-net\sdk\synapse\Azure.Analytics.Synapse.Artifacts\tests\samples\Sample3_HelloWorldTrigger.cs(49,61): error CS0518: Predefined type 'System.String' is not defined or imported
C:\gh\azure-sdk-for-net\sdk\synapse\Azure.Analytics.Synapse.Artifacts\tests\samples\Sample3_HelloWorldTrigger.cs(50,35): error CS0246: The type or namespace name 'Operation<>' could not be found (are you missing a using directive or an assembly reference?)
C:\gh\azure-sdk-for-net\sdk\synapse\Azure.Analytics.Synapse.Artifacts\tests\samples\Sample3_HelloWorldTrigger.cs(50,19): error CS0246: The type or namespace name 'ValueTask<>' could not be found (are you missing a using directive or an assembly reference?)
C:\gh\azure-sdk-for-net\sdk\synapse\Azure.Analytics.Synapse.Artifacts\tests\DataFlowClientLiveTests.cs(53,164): error CS0518: Predefined type 'System.Void' is not defined or imported
C:\gh\azure-sdk-for-net\sdk\synapse\Azure.Analytics.Synapse.Artifacts\tests\DataFlowClientLiveTests.cs(53,143): error CS0518: Predefined type 'System.Void' is not defined or imported
C:\gh\azure-sdk-for-net\sdk\synapse\Azure.Analytics.Synapse.Artifacts\tests\DataFlowClientLiveTests.cs(53,77): error CS0246: The type or namespace name 'Task<>' could not be found (are you missing a using directive or an assembly reference?)
C:\gh\azure-sdk-for-net\sdk\synapse\Azure.Analytics.Synapse.Artifacts\tests\DataFlowClientLiveTests.cs(54,35): error CS0246: The type or namespace name 'Operation<>' could not be found (are you missing a using directive or an assembly reference?)
C:\gh\azure-sdk-for-net\sdk\synapse\Azure.Analytics.Synapse.Artifacts\tests\DataFlowClientLiveTests.cs(54,19): error CS0246: The type or namespace name 'ValueTask<>' could not be found (are you missing a using directive or an assembly reference?)
C:\gh\azure-sdk-for-net\sdk\synapse\Azure.Analytics.Synapse.Artifacts\tests\DataFlowClientLiveTests.cs(56,69): error CS0246: The type or namespace name 'Task<>' could not be found (are you missing a using directive or an assembly reference?)
C:\gh\azure-sdk-for-net\sdk\synapse\Azure.Analytics.Synapse.Artifacts\tests\DataFlowClientLiveTests.cs(57,13): error CS0246: The type or namespace name 'Response' could not be found (are you missing a using directive or an assembly reference?)
C:\gh\azure-sdk-for-net\sdk\synapse\Azure.Analytics.Synapse.Artifacts\tests\DataFlowClientLiveTests.cs(57,55): error CS0246: The type or namespace name 'Operation<>' could not be found (are you missing a using directive or an assembly reference?)
C:\gh\azure-sdk-for-net\sdk\synapse\Azure.Analytics.Synapse.Artifacts\tests\DataFlowClientLiveTests.cs(57,39): error CS0246: The type or namespace name 'ValueTask<>' could not be found (are you missing a using directive or an assembly reference?)
C:\gh\azure-sdk-for-net\sdk\synapse\Azure.Analytics.Synapse.Artifacts\tests\DataFlowClientLiveTests.cs(58,13): error CS0103: The name 'Assert' does not exist in the current context
C:\gh\azure-sdk-for-net\sdk\synapse\Azure.Analytics.Synapse.Artifacts\tests\LinkedServiceClientLiveTests.cs(53,194): error CS0518: Predefined type 'System.Void' is not defined or imported
C:\gh\azure-sdk-for-net\sdk\synapse\Azure.Analytics.Synapse.Artifacts\tests\LinkedServiceClientLiveTests.cs(53,168): error CS0518: Predefined type 'System.Void' is not defined or imported
C:\gh\azure-sdk-for-net\sdk\synapse\Azure.Analytics.Synapse.Artifacts\tests\LinkedServiceClientLiveTests.cs(53,87): error CS0246: The type or namespace name 'Task<>' could not be found (are you missing a using directive or an assembly reference?)
C:\gh\azure-sdk-for-net\sdk\synapse\Azure.Analytics.Synapse.Artifacts\tests\LinkedServiceClientLiveTests.cs(54,35): error CS0246: The type or namespace name 'Operation<>' could not be found (are you missing a using directive or an assembly reference?)
C:\gh\azure-sdk-for-net\sdk\synapse\Azure.Analytics.Synapse.Artifacts\tests\LinkedServiceClientLiveTests.cs(54,19): error CS0246: The type or namespace name 'ValueTask<>' could not be found (are you missing a using directive or an assembly reference?)
C:\gh\azure-sdk-for-net\sdk\synapse\Azure.Analytics.Synapse.Artifacts\tests\LinkedServiceClientLiveTests.cs(56,79): error CS0246: The type or namespace name 'Task<>' could not be found (are you missing a using directive or an assembly reference?)
C:\gh\azure-sdk-for-net\sdk\synapse\Azure.Analytics.Synapse.Artifacts\tests\LinkedServiceClientLiveTests.cs(57,13): error CS0246: The type or namespace name 'Response' could not be found (are you missing a using directive or an assembly reference?)
C:\gh\azure-sdk-for-net\sdk\synapse\Azure.Analytics.Synapse.Artifacts\tests\LinkedServiceClientLiveTests.cs(57,55): error CS0246: The type or namespace name 'Operation<>' could not be found (are you missing a using directive or an assembly reference?)
C:\gh\azure-sdk-for-net\sdk\synapse\Azure.Analytics.Synapse.Artifacts\tests\LinkedServiceClientLiveTests.cs(57,39): error CS0246: The type or namespace name 'ValueTask<>' could not be found (are you missing a using directive or an assembly reference?)
C:\gh\azure-sdk-for-net\sdk\synapse\Azure.Analytics.Synapse.Artifacts\tests\LinkedServiceClientLiveTests.cs(58,13): error CS0103: The name 'Assert' does not exist in the current context
C:\gh\azure-sdk-for-net\sdk\synapse\Azure.Analytics.Synapse.Artifacts\tests\PipelineClientLiveTests.cs(43,137): error CS0518: Predefined type 'System.Void' is not defined or imported
C:\gh\azure-sdk-for-net\sdk\synapse\Azure.Analytics.Synapse.Artifacts\tests\PipelineClientLiveTests.cs(43,71): error CS0246: The type or namespace name 'Task<>' could not be found (are you missing a using directive or an assembly reference?)
C:\gh\azure-sdk-for-net\sdk\synapse\Azure.Analytics.Synapse.Artifacts\tests\PipelineClientLiveTests.cs(44,57): error CS0246: The type or namespace name 'Operation<>' could not be found (are you missing a using directive or an assembly reference?)
C:\gh\azure-sdk-for-net\sdk\synapse\Azure.Analytics.Synapse.Artifacts\tests\PipelineClientLiveTests.cs(44,47): error CS0246: The type or namespace name 'ValueTask<>' could not be found (are you missing a using directive or an assembly reference?)
C:\gh\azure-sdk-for-net\sdk\synapse\Azure.Analytics.Synapse.Artifacts\tests\PipelineClientLiveTests.cs(45,13): error CS0103: The name 'Assert' does not exist in the current context
C:\gh\azure-sdk-for-net\sdk\synapse\Azure.Analytics.Synapse.Artifacts\tests\PipelineClientLiveTests.cs(45,52): error CS0518: Predefined type 'System.String' is not defined or imported
C:\gh\azure-sdk-for-net\sdk\synapse\Azure.Analytics.Synapse.Artifacts\tests\DatasetClientLiveTests.cs(53,170): error CS0518: Predefined type 'System.Void' is not defined or imported
C:\gh\azure-sdk-for-net\sdk\synapse\Azure.Analytics.Synapse.Artifacts\tests\DatasetClientLiveTests.cs(53,158): error CS0518: Predefined type 'System.Void' is not defined or imported
C:\gh\azure-sdk-for-net\sdk\synapse\Azure.Analytics.Synapse.Artifacts\tests\DatasetClientLiveTests.cs(53,138): error CS0518: Predefined type 'System.Void' is not defined or imported
C:\gh\azure-sdk-for-net\sdk\synapse\Azure.Analytics.Synapse.Artifacts\tests\DatasetClientLiveTests.cs(53,75): error CS0246: The type or namespace name 'Task<>' could not be found (are you missing a using directive or an assembly reference?)
C:\gh\azure-sdk-for-net\sdk\synapse\Azure.Analytics.Synapse.Artifacts\tests\DatasetClientLiveTests.cs(54,35): error CS0246: The type or namespace name 'Operation<>' could not be found (are you missing a using directive or an assembly reference?)
C:\gh\azure-sdk-for-net\sdk\synapse\Azure.Analytics.Synapse.Artifacts\tests\DatasetClientLiveTests.cs(54,19): error CS0246: The type or namespace name 'ValueTask<>' could not be found (are you missing a using directive or an assembly reference?)
C:\gh\azure-sdk-for-net\sdk\synapse\Azure.Analytics.Synapse.Artifacts\tests\DatasetClientLiveTests.cs(56,67): error CS0246: The type or namespace name 'Task<>' could not be found (are you missing a using directive or an assembly reference?)
C:\gh\azure-sdk-for-net\sdk\synapse\Azure.Analytics.Synapse.Artifacts\tests\DatasetClientLiveTests.cs(57,13): error CS0246: The type or namespace name 'Response' could not be found (are you missing a using directive or an assembly reference?)
C:\gh\azure-sdk-for-net\sdk\synapse\Azure.Analytics.Synapse.Artifacts\tests\DatasetClientLiveTests.cs(57,55): error CS0246: The type or namespace name 'Operation<>' could not be found (are you missing a using directive or an assembly reference?)
C:\gh\azure-sdk-for-net\sdk\synapse\Azure.Analytics.Synapse.Artifacts\tests\DatasetClientLiveTests.cs(57,39): error CS0246: The type or namespace name 'ValueTask<>' could not be found (are you missing a using directive or an assembly reference?)
C:\gh\azure-sdk-for-net\sdk\synapse\Azure.Analytics.Synapse.Artifacts\tests\DatasetClientLiveTests.cs(58,13): error CS0103: The name 'Assert' does not exist in the current context
C:\gh\azure-sdk-for-net\sdk\synapse\Azure.Analytics.Synapse.Artifacts\tests\samples\Sample2_HelloWorldNotebook.cs(26,90): error CS0246: The type or namespace name 'DefaultAzureCredential' could not be found (are you missing a using directive or an assembly reference?)
C:\gh\azure-sdk-for-net\sdk\synapse\Azure.Analytics.Synapse.Artifacts\tests\samples\Sample2_HelloWorldNotebook.cs(26,30): error CS0518: Predefined type 'System.Void' is not defined or imported
C:\gh\azure-sdk-for-net\sdk\synapse\Azure.Analytics.Synapse.Artifacts\tests\samples\Sample2_HelloWorldNotebook.cs(31,53): error CS0518: Predefined type 'System.Void' is not defined or imported
C:\gh\azure-sdk-for-net\sdk\synapse\Azure.Analytics.Synapse.Artifacts\tests\samples\Sample2_HelloWorldNotebook.cs(31,28): error CS0518: Predefined type 'System.Void' is not defined or imported
C:\gh\azure-sdk-for-net\sdk\synapse\Azure.Analytics.Synapse.Artifacts\tests\samples\Sample2_HelloWorldNotebook.cs(39,48): error CS0518: Predefined type 'System.Void' is not defined or imported
C:\gh\azure-sdk-for-net\sdk\synapse\Azure.Analytics.Synapse.Artifacts\tests\samples\Sample2_HelloWorldNotebook.cs(39,35): error CS0518: Predefined type 'System.Void' is not defined or imported
C:\gh\azure-sdk-for-net\sdk\synapse\Azure.Analytics.Synapse.Artifacts\tests\samples\Sample2_HelloWorldNotebook.cs(40,40): error CS0518: Predefined type 'System.Void' is not defined or imported
C:\gh\azure-sdk-for-net\sdk\synapse\Azure.Analytics.Synapse.Artifacts\tests\samples\Sample2_HelloWorldNotebook.cs(44,71): error CS0246: The type or namespace name 'Task<>' could not be found (are you missing a using directive or an assembly reference?)
C:\gh\azure-sdk-for-net\sdk\synapse\Azure.Analytics.Synapse.Artifacts\tests\samples\Sample2_HelloWorldNotebook.cs(45,29): error CS0246: The type or namespace name 'Operation<>' could not be found (are you missing a using directive or an assembly reference?)
C:\gh\azure-sdk-for-net\sdk\synapse\Azure.Analytics.Synapse.Artifacts\tests\samples\Sample2_HelloWorldNotebook.cs(45,19): error CS0246: The type or namespace name 'ValueTask<>' could not be found (are you missing a using directive or an assembly reference?)
C:\gh\azure-sdk-for-net\sdk\synapse\Azure.Analytics.Synapse.Artifacts\tests\samples\Sample2_HelloWorldNotebook.cs(50,50): error CS0246: The type or namespace name 'Response<>' could not be found (are you missing a using directive or an assembly reference?)
C:\gh\azure-sdk-for-net\sdk\synapse\Azure.Analytics.Synapse.Artifacts\tests\samples\Sample2_HelloWorldNotebook.cs(54,13): error CS0246: The type or namespace name 'Pageable<>' could not be found (are you missing a using directive or an assembly reference?)
C:\gh\azure-sdk-for-net\sdk\synapse\Azure.Analytics.Synapse.Artifacts\tests\samples\Sample2_HelloWorldNotebook.cs(54,52): error CS0246: The type or namespace name 'Pageable<>' could not be found (are you missing a using directive or an assembly reference?)
C:\gh\azure-sdk-for-net\sdk\synapse\Azure.Analytics.Synapse.Artifacts\tests\samples\Sample2_HelloWorldNotebook.cs(57,44): error CS0518: Predefined type 'System.String' is not defined or imported
C:\gh\azure-sdk-for-net\sdk\synapse\Azure.Analytics.Synapse.Artifacts\tests\samples\Sample2_HelloWorldNotebook.cs(62,71): error CS0518: Predefined type 'System.String' is not defined or imported
C:\gh\azure-sdk-for-net\sdk\synapse\Azure.Analytics.Synapse.Artifacts\tests\samples\Sample2_HelloWorldNotebook.cs(63,43): error CS0246: The type or namespace name 'Operation<>' could not be found (are you missing a using directive or an assembly reference?)
C:\gh\azure-sdk-for-net\sdk\synapse\Azure.Analytics.Synapse.Artifacts\tests\samples\Sample2_HelloWorldNotebook.cs(63,19): error CS0246: The type or namespace name 'ValueTask<>' could not be found (are you missing a using directive or an assembly reference?)
C:\gh\azure-sdk-for-net\sdk\synapse\Azure.Analytics.Synapse.Artifacts\tests\samples\Sample1_HelloWorldPipeline.cs(31,90): error CS0246: The type or namespace name 'DefaultAzureCredential' could not be found (are you missing a using directive or an assembly reference?)
C:\gh\azure-sdk-for-net\sdk\synapse\Azure.Analytics.Synapse.Artifacts\tests\samples\Sample1_HelloWorldPipeline.cs(31,30): error CS0518: Predefined type 'System.Void' is not defined or imported
C:\gh\azure-sdk-for-net\sdk\synapse\Azure.Analytics.Synapse.Artifacts\tests\samples\Sample1_HelloWorldPipeline.cs(35,118): error CS0518: Predefined type 'System.Void' is not defined or imported
C:\gh\azure-sdk-for-net\sdk\synapse\Azure.Analytics.Synapse.Artifacts\tests\samples\Sample1_HelloWorldPipeline.cs(35,65): error CS0518: Predefined type 'System.String' is not defined or imported
C:\gh\azure-sdk-for-net\sdk\synapse\Azure.Analytics.Synapse.Artifacts\tests\samples\Sample1_HelloWorldPipeline.cs(36,13): error CS0246: The type or namespace name 'Response<>' could not be found (are you missing a using directive or an assembly reference?)
C:\gh\azure-sdk-for-net\sdk\synapse\Azure.Analytics.Synapse.Artifacts\tests\samples\Sample1_HelloWorldPipeline.cs(36,74): error CS0246: The type or namespace name 'Operation<>' could not be found (are you missing a using directive or an assembly reference?)
C:\gh\azure-sdk-for-net\sdk\synapse\Azure.Analytics.Synapse.Artifacts\tests\samples\Sample1_HelloWorldPipeline.cs(36,64): error CS0246: The type or namespace name 'ValueTask<>' could not be found (are you missing a using directive or an assembly reference?)
C:\gh\azure-sdk-for-net\sdk\synapse\Azure.Analytics.Synapse.Artifacts\tests\samples\Sample1_HelloWorldPipeline.cs(40,50): error CS0246: The type or namespace name 'Response<>' could not be found (are you missing a using directive or an assembly reference?)
C:\gh\azure-sdk-for-net\sdk\synapse\Azure.Analytics.Synapse.Artifacts\tests\samples\Sample1_HelloWorldPipeline.cs(41,69): error CS0518: Predefined type 'System.String' is not defined or imported
C:\gh\azure-sdk-for-net\sdk\synapse\Azure.Analytics.Synapse.Artifacts\tests\samples\Sample1_HelloWorldPipeline.cs(46,52): error CS0246: The type or namespace name 'Task<>' could not be found (are you missing a using directive or an assembly reference?)
C:\gh\azure-sdk-for-net\sdk\synapse\Azure.Analytics.Synapse.Artifacts\tests\samples\Sample1_HelloWorldPipeline.cs(47,68): error CS0518: Predefined type 'System.String' is not defined or imported
C:\gh\azure-sdk-for-net\sdk\synapse\Azure.Analytics.Synapse.Artifacts\tests\samples\Sample1_HelloWorldPipeline.cs(51,13): error CS0246: The type or namespace name 'Pageable<>' could not be found (are you missing a using directive or an assembly reference?)
C:\gh\azure-sdk-for-net\sdk\synapse\Azure.Analytics.Synapse.Artifacts\tests\samples\Sample1_HelloWorldPipeline.cs(51,52): error CS0246: The type or namespace name 'Pageable<>' could not be found (are you missing a using directive or an assembly reference?)
C:\gh\azure-sdk-for-net\sdk\synapse\Azure.Analytics.Synapse.Artifacts\tests\samples\Sample1_HelloWorldPipeline.cs(54,44): error CS0518: Predefined type 'System.String' is not defined or imported
C:\gh\azure-sdk-for-net\sdk\synapse\Azure.Analytics.Synapse.Artifacts\tests\samples\Sample1_HelloWorldPipeline.cs(59,63): error CS0518: Predefined type 'System.String' is not defined or imported
C:\gh\azure-sdk-for-net\sdk\synapse\Azure.Analytics.Synapse.Artifacts\tests\samples\Sample1_HelloWorldPipeline.cs(60,35): error CS0246: The type or namespace name 'Operation<>' could not be found (are you missing a using directive or an assembly reference?)
C:\gh\azure-sdk-for-net\sdk\synapse\Azure.Analytics.Synapse.Artifacts\tests\samples\Sample1_HelloWorldPipeline.cs(60,19): error CS0246: The type or namespace name 'ValueTask<>' could not be found (are you missing a using directive or an assembly reference?)
C:\gh\azure-sdk-for-net\sdk\synapse\Azure.Analytics.Synapse.Artifacts\tests\TriggerClientLiveTests.cs(31,51): error CS0246: The type or namespace name 'AsyncPageable<>' could not be found (are you missing a using directive or an assembly reference?)
C:\gh\azure-sdk-for-net\sdk\synapse\Azure.Analytics.Synapse.Artifacts\tests\TriggerClientLiveTests.cs(33,55): error CS0246: The type or namespace name 'Task<>' could not be found (are you missing a using directive or an assembly reference?)
C:\gh\azure-sdk-for-net\sdk\synapse\Azure.Analytics.Synapse.Artifacts\tests\TriggerClientLiveTests.cs(34,17): error CS0103: The name 'Assert' does not exist in the current context
C:\gh\azure-sdk-for-net\sdk\synapse\Azure.Analytics.Synapse.Artifacts\tests\TriggerClientLiveTests.cs(34,69): error CS0518: Predefined type 'System.String' is not defined or imported
C:\gh\azure-sdk-for-net\sdk\synapse\Azure.Analytics.Synapse.Artifacts\tests\TriggerClientLiveTests.cs(35,17): error CS0103: The name 'Assert' does not exist in the current context
C:\gh\azure-sdk-for-net\sdk\synapse\Azure.Analytics.Synapse.Artifacts\tests\TriggerClientLiveTests.cs(35,67): error CS0518: Predefined type 'System.String' is not defined or imported
C:\gh\azure-sdk-for-net\sdk\synapse\Azure.Analytics.Synapse.Artifacts\tests\NotebookClientLiveTests.cs(65,21): error CS0518: Predefined type 'System.Void' is not defined or imported
C:\gh\azure-sdk-for-net\sdk\synapse\Azure.Analytics.Synapse.Artifacts\tests\NotebookClientLiveTests.cs(67,21): error CS0518: Predefined type 'System.Void' is not defined or imported
C:\gh\azure-sdk-for-net\sdk\synapse\Azure.Analytics.Synapse.Artifacts\tests\NotebookClientLiveTests.cs(67,40): error CS0518: Predefined type 'System.Void' is not defined or imported
C:\gh\azure-sdk-for-net\sdk\synapse\Azure.Analytics.Synapse.Artifacts\tests\NotebookClientLiveTests.cs(64,37): error CS0518: Predefined type 'System.Void' is not defined or imported
C:\gh\azure-sdk-for-net\sdk\synapse\Azure.Analytics.Synapse.Artifacts\tests\NotebookClientLiveTests.cs(73,143): error CS0518: Predefined type 'System.Void' is not defined or imported
C:\gh\azure-sdk-for-net\sdk\synapse\Azure.Analytics.Synapse.Artifacts\tests\NotebookClientLiveTests.cs(73,77): error CS0246: The type or namespace name 'Task<>' could not be found (are you missing a using directive or an assembly reference?)
C:\gh\azure-sdk-for-net\sdk\synapse\Azure.Analytics.Synapse.Artifacts\tests\NotebookClientLiveTests.cs(74,35): error CS0246: The type or namespace name 'Operation<>' could not be found (are you missing a using directive or an assembly reference?)
C:\gh\azure-sdk-for-net\sdk\synapse\Azure.Analytics.Synapse.Artifacts\tests\NotebookClientLiveTests.cs(74,19): error CS0246: The type or namespace name 'ValueTask<>' could not be found (are you missing a using directive or an assembly reference?)
C:\gh\azure-sdk-for-net\sdk\synapse\Azure.Analytics.Synapse.Artifacts\tests\NotebookClientLiveTests.cs(76,69): error CS0246: The type or namespace name 'Task<>' could not be found (are you missing a using directive or an assembly reference?)
C:\gh\azure-sdk-for-net\sdk\synapse\Azure.Analytics.Synapse.Artifacts\tests\NotebookClientLiveTests.cs(77,13): error CS0246: The type or namespace name 'Response' could not be found (are you missing a using directive or an assembly reference?)
C:\gh\azure-sdk-for-net\sdk\synapse\Azure.Analytics.Synapse.Artifacts\tests\NotebookClientLiveTests.cs(77,55): error CS0246: The type or namespace name 'Operation<>' could not be found (are you missing a using directive or an assembly reference?)
C:\gh\azure-sdk-for-net\sdk\synapse\Azure.Analytics.Synapse.Artifacts\tests\NotebookClientLiveTests.cs(77,39): error CS0246: The type or namespace name 'ValueTask<>' could not be found (are you missing a using directive or an assembly reference?)
C:\gh\azure-sdk-for-net\sdk\synapse\Azure.Analytics.Synapse.Artifacts\tests\NotebookClientLiveTests.cs(78,13): error CS0103: The name 'Assert' does not exist in the current context
C:\gh\azure-sdk-for-net\sdk\synapse\Azure.Analytics.Synapse.Artifacts\tests\PipelineClientLiveTests.cs(53,143): error CS0518: Predefined type 'System.Void' is not defined or imported
C:\gh\azure-sdk-for-net\sdk\synapse\Azure.Analytics.Synapse.Artifacts\tests\PipelineClientLiveTests.cs(53,77): error CS0246: The type or namespace name 'Task<>' could not be found (are you missing a using directive or an assembly reference?)
C:\gh\azure-sdk-for-net\sdk\synapse\Azure.Analytics.Synapse.Artifacts\tests\PipelineClientLiveTests.cs(54,35): error CS0246: The type or namespace name 'Operation<>' could not be found (are you missing a using directive or an assembly reference?)
C:\gh\azure-sdk-for-net\sdk\synapse\Azure.Analytics.Synapse.Artifacts\tests\PipelineClientLiveTests.cs(54,19): error CS0246: The type or namespace name 'ValueTask<>' could not be found (are you missing a using directive or an assembly reference?)
C:\gh\azure-sdk-for-net\sdk\synapse\Azure.Analytics.Synapse.Artifacts\tests\PipelineClientLiveTests.cs(56,69): error CS0246: The type or namespace name 'Task<>' could not be found (are you missing a using directive or an assembly reference?)
C:\gh\azure-sdk-for-net\sdk\synapse\Azure.Analytics.Synapse.Artifacts\tests\PipelineClientLiveTests.cs(57,13): error CS0246: The type or namespace name 'Response' could not be found (are you missing a using directive or an assembly reference?)
C:\gh\azure-sdk-for-net\sdk\synapse\Azure.Analytics.Synapse.Artifacts\tests\PipelineClientLiveTests.cs(57,55): error CS0246: The type or namespace name 'Operation<>' could not be found (are you missing a using directive or an assembly reference?)
C:\gh\azure-sdk-for-net\sdk\synapse\Azure.Analytics.Synapse.Artifacts\tests\PipelineClientLiveTests.cs(57,39): error CS0246: The type or namespace name 'ValueTask<>' could not be found (are you missing a using directive or an assembly reference?)
C:\gh\azure-sdk-for-net\sdk\synapse\Azure.Analytics.Synapse.Artifacts\tests\PipelineClientLiveTests.cs(58,13): error CS0103: The name 'Assert' does not exist in the current context
C:\gh\azure-sdk-for-net\sdk\synapse\Azure.Analytics.Synapse.Artifacts\tests\TriggerClientLiveTests.cs(43,172): error CS0518: Predefined type 'System.Void' is not defined or imported
C:\gh\azure-sdk-for-net\sdk\synapse\Azure.Analytics.Synapse.Artifacts\tests\TriggerClientLiveTests.cs(43,152): error CS0518: Predefined type 'System.Void' is not defined or imported
C:\gh\azure-sdk-for-net\sdk\synapse\Azure.Analytics.Synapse.Artifacts\tests\TriggerClientLiveTests.cs(43,132): error CS0518: Predefined type 'System.Void' is not defined or imported
C:\gh\azure-sdk-for-net\sdk\synapse\Azure.Analytics.Synapse.Artifacts\tests\TriggerClientLiveTests.cs(43,69): error CS0246: The type or namespace name 'Task<>' could not be found (are you missing a using directive or an assembly reference?)
C:\gh\azure-sdk-for-net\sdk\synapse\Azure.Analytics.Synapse.Artifacts\tests\TriggerClientLiveTests.cs(44,55): error CS0246: The type or namespace name 'Operation<>' could not be found (are you missing a using directive or an assembly reference?)
C:\gh\azure-sdk-for-net\sdk\synapse\Azure.Analytics.Synapse.Artifacts\tests\TriggerClientLiveTests.cs(44,45): error CS0246: The type or namespace name 'ValueTask<>' could not be found (are you missing a using directive or an assembly reference?)
C:\gh\azure-sdk-for-net\sdk\synapse\Azure.Analytics.Synapse.Artifacts\tests\TriggerClientLiveTests.cs(45,13): error CS0103: The name 'Assert' does not exist in the current context
C:\gh\azure-sdk-for-net\sdk\synapse\Azure.Analytics.Synapse.Artifacts\tests\TriggerClientLiveTests.cs(45,50): error CS0518: Predefined type 'System.String' is not defined or imported
C:\gh\azure-sdk-for-net\sdk\synapse\Azure.Analytics.Synapse.Artifacts\tests\samples\Sample4_HelloWorldDataFlow.cs(27,101): error CS0246: The type or namespace name 'DefaultAzureCredential' could not be found (are you missing a using directive or an assembly reference?)
C:\gh\azure-sdk-for-net\sdk\synapse\Azure.Analytics.Synapse.Artifacts\tests\samples\Sample4_HelloWorldDataFlow.cs(27,41): error CS0518: Predefined type 'System.Void' is not defined or imported
C:\gh\azure-sdk-for-net\sdk\synapse\Azure.Analytics.Synapse.Artifacts\tests\samples\Sample4_HelloWorldDataFlow.cs(31,139): error CS0518: Predefined type 'System.Void' is not defined or imported
C:\gh\azure-sdk-for-net\sdk\synapse\Azure.Analytics.Synapse.Artifacts\tests\samples\Sample4_HelloWorldDataFlow.cs(31,118): error CS0518: Predefined type 'System.Void' is not defined or imported
C:\gh\azure-sdk-for-net\sdk\synapse\Azure.Analytics.Synapse.Artifacts\tests\samples\Sample4_HelloWorldDataFlow.cs(31,65): error CS0518: Predefined type 'System.String' is not defined or imported
C:\gh\azure-sdk-for-net\sdk\synapse\Azure.Analytics.Synapse.Artifacts\tests\samples\Sample4_HelloWorldDataFlow.cs(32,13): error CS0246: The type or namespace name 'Response<>' could not be found (are you missing a using directive or an assembly reference?)
C:\gh\azure-sdk-for-net\sdk\synapse\Azure.Analytics.Synapse.Artifacts\tests\samples\Sample4_HelloWorldDataFlow.cs(32,74): error CS0246: The type or namespace name 'Operation<>' could not be found (are you missing a using directive or an assembly reference?)
C:\gh\azure-sdk-for-net\sdk\synapse\Azure.Analytics.Synapse.Artifacts\tests\samples\Sample4_HelloWorldDataFlow.cs(32,64): error CS0246: The type or namespace name 'ValueTask<>' could not be found (are you missing a using directive or an assembly reference?)
C:\gh\azure-sdk-for-net\sdk\synapse\Azure.Analytics.Synapse.Artifacts\tests\samples\Sample4_HelloWorldDataFlow.cs(36,50): error CS0246: The type or namespace name 'Response<>' could not be found (are you missing a using directive or an assembly reference?)
C:\gh\azure-sdk-for-net\sdk\synapse\Azure.Analytics.Synapse.Artifacts\tests\samples\Sample4_HelloWorldDataFlow.cs(40,13): error CS0246: The type or namespace name 'Pageable<>' could not be found (are you missing a using directive or an assembly reference?)
C:\gh\azure-sdk-for-net\sdk\synapse\Azure.Analytics.Synapse.Artifacts\tests\samples\Sample4_HelloWorldDataFlow.cs(40,52): error CS0246: The type or namespace name 'Pageable<>' could not be found (are you missing a using directive or an assembly reference?)
C:\gh\azure-sdk-for-net\sdk\synapse\Azure.Analytics.Synapse.Artifacts\tests\samples\Sample4_HelloWorldDataFlow.cs(43,51): error CS0518: Predefined type 'System.String' is not defined or imported
C:\gh\azure-sdk-for-net\sdk\synapse\Azure.Analytics.Synapse.Artifacts\tests\samples\Sample4_HelloWorldDataFlow.cs(48,63): error CS0518: Predefined type 'System.String' is not defined or imported
C:\gh\azure-sdk-for-net\sdk\synapse\Azure.Analytics.Synapse.Artifacts\tests\samples\Sample4_HelloWorldDataFlow.cs(49,35): error CS0246: The type or namespace name 'Operation<>' could not be found (are you missing a using directive or an assembly reference?)
C:\gh\azure-sdk-for-net\sdk\synapse\Azure.Analytics.Synapse.Artifacts\tests\samples\Sample4_HelloWorldDataFlow.cs(49,19): error CS0246: The type or namespace name 'ValueTask<>' could not be found (are you missing a using directive or an assembly reference?)
C:\gh\azure-sdk-for-net\sdk\synapse\Azure.Analytics.Synapse.Artifacts\tests\ArtifactsClientTestBase.cs(52,13): error CS0246: The type or namespace name 'TestContext' could not be found (are you missing a using directive or an assembly reference?)
C:\gh\azure-sdk-for-net\sdk\synapse\Azure.Analytics.Synapse.Artifacts\tests\ArtifactsClientTestBase.cs(52,51): error CS0103: The name 'TestContext' does not exist in the current context
C:\gh\azure-sdk-for-net\sdk\synapse\Azure.Analytics.Synapse.Artifacts\tests\ArtifactsClientTestBase.cs(58,33): error CS0103: The name 'TestContext' does not exist in the current context
C:\gh\azure-sdk-for-net\sdk\synapse\Azure.Analytics.Synapse.Artifacts\tests\TriggerClientLiveTests.cs(53,178): error CS0518: Predefined type 'System.Void' is not defined or imported
C:\gh\azure-sdk-for-net\sdk\synapse\Azure.Analytics.Synapse.Artifacts\tests\TriggerClientLiveTests.cs(53,158): error CS0518: Predefined type 'System.Void' is not defined or imported
C:\gh\azure-sdk-for-net\sdk\synapse\Azure.Analytics.Synapse.Artifacts\tests\TriggerClientLiveTests.cs(53,138): error CS0518: Predefined type 'System.Void' is not defined or imported
C:\gh\azure-sdk-for-net\sdk\synapse\Azure.Analytics.Synapse.Artifacts\tests\TriggerClientLiveTests.cs(53,75): error CS0246: The type or namespace name 'Task<>' could not be found (are you missing a using directive or an assembly reference?)
C:\gh\azure-sdk-for-net\sdk\synapse\Azure.Analytics.Synapse.Artifacts\tests\TriggerClientLiveTests.cs(54,35): error CS0246: The type or namespace name 'Operation<>' could not be found (are you missing a using directive or an assembly reference?)
C:\gh\azure-sdk-for-net\sdk\synapse\Azure.Analytics.Synapse.Artifacts\tests\TriggerClientLiveTests.cs(54,19): error CS0246: The type or namespace name 'ValueTask<>' could not be found (are you missing a using directive or an assembly reference?)
C:\gh\azure-sdk-for-net\sdk\synapse\Azure.Analytics.Synapse.Artifacts\tests\TriggerClientLiveTests.cs(56,67): error CS0246: The type or namespace name 'Task<>' could not be found (are you missing a using directive or an assembly reference?)
C:\gh\azure-sdk-for-net\sdk\synapse\Azure.Analytics.Synapse.Artifacts\tests\TriggerClientLiveTests.cs(57,13): error CS0246: The type or namespace name 'Response' could not be found (are you missing a using directive or an assembly reference?)
C:\gh\azure-sdk-for-net\sdk\synapse\Azure.Analytics.Synapse.Artifacts\tests\TriggerClientLiveTests.cs(57,55): error CS0246: The type or namespace name 'Operation<>' could not be found (are you missing a using directive or an assembly reference?)
C:\gh\azure-sdk-for-net\sdk\synapse\Azure.Analytics.Synapse.Artifacts\tests\TriggerClientLiveTests.cs(57,39): error CS0246: The type or namespace name 'ValueTask<>' could not be found (are you missing a using directive or an assembly reference?)
C:\gh\azure-sdk-for-net\sdk\synapse\Azure.Analytics.Synapse.Artifacts\tests\TriggerClientLiveTests.cs(58,13): error CS0103: The name 'Assert' does not exist in the current context
C:\gh\azure-sdk-for-net\sdk\synapse\Azure.Analytics.Synapse.Artifacts\tests\ArtifactsClientTestBase.cs(65,33): error CS0012: The type 'TokenCredential' is defined in an assembly that is not referenced. You must add a reference to assembly 'Azure.Core, Version=1.4.1.0, Culture=neutral, PublicKeyToken=92742159e12e44c8'.
C:\gh\azure-sdk-for-net\sdk\synapse\Azure.Analytics.Synapse.Artifacts\tests\ArtifactsClientTestBase.cs(66,45): error CS0518: Predefined type 'System.Void' is not defined or imported
C:\gh\azure-sdk-for-net\sdk\synapse\Azure.Analytics.Synapse.Artifacts\tests\ArtifactsClientTestBase.cs(63,41): error CS0518: Predefined type 'System.Void' is not defined or imported
C:\gh\azure-sdk-for-net\sdk\synapse\Azure.Analytics.Synapse.Artifacts\tests\samples\Sample5_HelloWorldDataset.cs(30,99): error CS0246: The type or namespace name 'DefaultAzureCredential' could not be found (are you missing a using directive or an assembly reference?)
C:\gh\azure-sdk-for-net\sdk\synapse\Azure.Analytics.Synapse.Artifacts\tests\samples\Sample5_HelloWorldDataset.cs(30,40): error CS0518: Predefined type 'System.Void' is not defined or imported
C:\gh\azure-sdk-for-net\sdk\synapse\Azure.Analytics.Synapse.Artifacts\tests\samples\Sample5_HelloWorldDataset.cs(34,44): error CS0518: Predefined type 'System.Void' is not defined or imported
C:\gh\azure-sdk-for-net\sdk\synapse\Azure.Analytics.Synapse.Artifacts\tests\samples\Sample5_HelloWorldDataset.cs(34,32): error CS0518: Predefined type 'System.Void' is not defined or imported
C:\gh\azure-sdk-for-net\sdk\synapse\Azure.Analytics.Synapse.Artifacts\tests\samples\Sample5_HelloWorldDataset.cs(35,114): error CS0518: Predefined type 'System.Void' is not defined or imported
C:\gh\azure-sdk-for-net\sdk\synapse\Azure.Analytics.Synapse.Artifacts\tests\samples\Sample5_HelloWorldDataset.cs(35,63): error CS0518: Predefined type 'System.String' is not defined or imported
C:\gh\azure-sdk-for-net\sdk\synapse\Azure.Analytics.Synapse.Artifacts\tests\samples\Sample5_HelloWorldDataset.cs(36,13): error CS0246: The type or namespace name 'Response<>' could not be found (are you missing a using directive or an assembly reference?)
C:\gh\azure-sdk-for-net\sdk\synapse\Azure.Analytics.Synapse.Artifacts\tests\samples\Sample5_HelloWorldDataset.cs(36,72): error CS0246: The type or namespace name 'Operation<>' could not be found (are you missing a using directive or an assembly reference?)
C:\gh\azure-sdk-for-net\sdk\synapse\Azure.Analytics.Synapse.Artifacts\tests\samples\Sample5_HelloWorldDataset.cs(36,62): error CS0246: The type or namespace name 'ValueTask<>' could not be found (are you missing a using directive or an assembly reference?)
C:\gh\azure-sdk-for-net\sdk\synapse\Azure.Analytics.Synapse.Artifacts\tests\samples\Sample5_HelloWorldDataset.cs(40,48): error CS0246: The type or namespace name 'Response<>' could not be found (are you missing a using directive or an assembly reference?)
C:\gh\azure-sdk-for-net\sdk\synapse\Azure.Analytics.Synapse.Artifacts\tests\samples\Sample5_HelloWorldDataset.cs(44,13): error CS0246: The type or namespace name 'Pageable<>' could not be found (are you missing a using directive or an assembly reference?)
C:\gh\azure-sdk-for-net\sdk\synapse\Azure.Analytics.Synapse.Artifacts\tests\samples\Sample5_HelloWorldDataset.cs(44,50): error CS0246: The type or namespace name 'Pageable<>' could not be found (are you missing a using directive or an assembly reference?)
C:\gh\azure-sdk-for-net\sdk\synapse\Azure.Analytics.Synapse.Artifacts\tests\samples\Sample5_HelloWorldDataset.cs(47,50): error CS0518: Predefined type 'System.String' is not defined or imported
C:\gh\azure-sdk-for-net\sdk\synapse\Azure.Analytics.Synapse.Artifacts\tests\samples\Sample5_HelloWorldDataset.cs(52,68): error CS0518: Predefined type 'System.String' is not defined or imported
C:\gh\azure-sdk-for-net\sdk\synapse\Azure.Analytics.Synapse.Artifacts\tests\samples\Sample5_HelloWorldDataset.cs(53,42): error CS0246: The type or namespace name 'Operation<>' could not be found (are you missing a using directive or an assembly reference?)
C:\gh\azure-sdk-for-net\sdk\synapse\Azure.Analytics.Synapse.Artifacts\tests\samples\Sample5_HelloWorldDataset.cs(53,19): error CS0246: The type or namespace name 'ValueTask<>' could not be found (are you missing a using directive or an assembly reference?)
C:\gh\azure-sdk-for-net\sdk\synapse\Azure.Analytics.Synapse.Artifacts\tests\ArtifactsClientTestBase.cs(73,33): error CS0012: The type 'TokenCredential' is defined in an assembly that is not referenced. You must add a reference to assembly 'Azure.Core, Version=1.4.1.0, Culture=neutral, PublicKeyToken=92742159e12e44c8'.
C:\gh\azure-sdk-for-net\sdk\synapse\Azure.Analytics.Synapse.Artifacts\tests\ArtifactsClientTestBase.cs(74,45): error CS0518: Predefined type 'System.Void' is not defined or imported
C:\gh\azure-sdk-for-net\sdk\synapse\Azure.Analytics.Synapse.Artifacts\tests\ArtifactsClientTestBase.cs(71,41): error CS0518: Predefined type 'System.Void' is not defined or imported
C:\gh\azure-sdk-for-net\sdk\synapse\Azure.Analytics.Synapse.Artifacts\tests\ArtifactsClientTestBase.cs(81,33): error CS0012: The type 'TokenCredential' is defined in an assembly that is not referenced. You must add a reference to assembly 'Azure.Core, Version=1.4.1.0, Culture=neutral, PublicKeyToken=92742159e12e44c8'.
C:\gh\azure-sdk-for-net\sdk\synapse\Azure.Analytics.Synapse.Artifacts\tests\ArtifactsClientTestBase.cs(82,45): error CS0518: Predefined type 'System.Void' is not defined or imported
C:\gh\azure-sdk-for-net\sdk\synapse\Azure.Analytics.Synapse.Artifacts\tests\ArtifactsClientTestBase.cs(79,41): error CS0518: Predefined type 'System.Void' is not defined or imported
C:\gh\azure-sdk-for-net\sdk\synapse\Azure.Analytics.Synapse.Artifacts\tests\ArtifactsClientTestBase.cs(89,33): error CS0012: The type 'TokenCredential' is defined in an assembly that is not referenced. You must add a reference to assembly 'Azure.Core, Version=1.4.1.0, Culture=neutral, PublicKeyToken=92742159e12e44c8'.
C:\gh\azure-sdk-for-net\sdk\synapse\Azure.Analytics.Synapse.Artifacts\tests\ArtifactsClientTestBase.cs(90,45): error CS0518: Predefined type 'System.Void' is not defined or imported
C:\gh\azure-sdk-for-net\sdk\synapse\Azure.Analytics.Synapse.Artifacts\tests\ArtifactsClientTestBase.cs(87,41): error CS0518: Predefined type 'System.Void' is not defined or imported
C:\gh\azure-sdk-for-net\sdk\synapse\Azure.Analytics.Synapse.Artifacts\tests\ArtifactsClientTestBase.cs(97,33): error CS0012: The type 'TokenCredential' is defined in an assembly that is not referenced. You must add a reference to assembly 'Azure.Core, Version=1.4.1.0, Culture=neutral, PublicKeyToken=92742159e12e44c8'.
C:\gh\azure-sdk-for-net\sdk\synapse\Azure.Analytics.Synapse.Artifacts\tests\ArtifactsClientTestBase.cs(98,45): error CS0518: Predefined type 'System.Void' is not defined or imported
C:\gh\azure-sdk-for-net\sdk\synapse\Azure.Analytics.Synapse.Artifacts\tests\ArtifactsClientTestBase.cs(95,41): error CS0518: Predefined type 'System.Void' is not defined or imported
C:\gh\azure-sdk-for-net\sdk\synapse\Azure.Analytics.Synapse.Artifacts\tests\ArtifactsClientTestBase.cs(105,33): error CS0012: The type 'TokenCredential' is defined in an assembly that is not referenced. You must add a reference to assembly 'Azure.Core, Version=1.4.1.0, Culture=neutral, PublicKeyToken=92742159e12e44c8'.
C:\gh\azure-sdk-for-net\sdk\synapse\Azure.Analytics.Synapse.Artifacts\tests\ArtifactsClientTestBase.cs(106,45): error CS0518: Predefined type 'System.Void' is not defined or imported
C:\gh\azure-sdk-for-net\sdk\synapse\Azure.Analytics.Synapse.Artifacts\tests\ArtifactsClientTestBase.cs(103,41): error CS0518: Predefined type 'System.Void' is not defined or imported
C:\gh\azure-sdk-for-net\sdk\synapse\Azure.Analytics.Synapse.Artifacts\tests\samples\Sample5_HelloWorldDataset.cs(8,1): hidden CS8019: Unnecessary using directive.
C:\gh\azure-sdk-for-net\artifacts\obj\Azure.Analytics.Synapse.Artifacts.Tests\Debug\net461\.NETFramework,Version=v4.6.1.AssemblyAttributes.cs(3,1): hidden CS8019: Unnecessary using directive.
C:\gh\azure-sdk-for-net\sdk\synapse\Azure.Analytics.Synapse.Artifacts\tests\DatasetClientLiveTests.cs(7,1): hidden CS8019: Unnecessary using directive.
C:\gh\azure-sdk-for-net\sdk\synapse\Azure.Analytics.Synapse.Artifacts\tests\TriggerClientLiveTests.cs(7,1): hidden CS8019: Unnecessary using directive.
C:\gh\azure-sdk-for-net\sdk\synapse\Azure.Analytics.Synapse.Artifacts\tests\samples\Sample5_HelloWorldDataset.cs(9,1): hidden CS8019: Unnecessary using directive.
C:\gh\azure-sdk-for-net\sdk\synapse\Azure.Analytics.Synapse.Artifacts\tests\samples\Sample4_HelloWorldDataFlow.cs(7,1): hidden CS8019: Unnecessary using directive.
C:\gh\azure-sdk-for-net\sdk\synapse\Azure.Analytics.Synapse.Artifacts\tests\NotebookClientLiveTests.cs(7,1): hidden CS8019: Unnecessary using directive.
C:\gh\azure-sdk-for-net\artifacts\obj\Azure.Analytics.Synapse.Artifacts.Tests\Debug\net461\.NETFramework,Version=v4.6.1.AssemblyAttributes.cs(2,1): hidden CS8019: Unnecessary using directive.
C:\gh\azure-sdk-for-net\sdk\synapse\Azure.Analytics.Synapse.Shared\tests\SampleFixture.cs(6,1): hidden CS8019: Unnecessary using directive.
C:\gh\azure-sdk-for-net\artifacts\obj\Azure.Analytics.Synapse.Artifacts.Tests\Debug\net461\Azure.Analytics.Synapse.Artifacts.Tests.AssemblyInfo.cs(11,1): hidden CS8019: Unnecessary using directive.
C:\gh\azure-sdk-for-net\sdk\synapse\Azure.Analytics.Synapse.Artifacts\tests\samples\Sample2_HelloWorldNotebook.cs(6,1): hidden CS8019: Unnecessary using directive.
C:\gh\azure-sdk-for-net\sdk\synapse\Azure.Analytics.Synapse.Artifacts\tests\samples\Sample2_HelloWorldNotebook.cs(10,1): hidden CS8019: Unnecessary using directive.
C:\gh\azure-sdk-for-net\sdk\synapse\Azure.Analytics.Synapse.Artifacts\tests\PipelineClientLiveTests.cs(7,1): hidden CS8019: Unnecessary using directive.
C:\gh\azure-sdk-for-net\sdk\synapse\Azure.Analytics.Synapse.Artifacts\tests\samples\Sample2_HelloWorldNotebook.cs(7,1): hidden CS8019: Unnecessary using directive.
C:\gh\azure-sdk-for-net\sdk\synapse\Azure.Analytics.Synapse.Artifacts\tests\ArtifactsClientTestBase.cs(6,1): hidden CS8019: Unnecessary using directive.
C:\gh\azure-sdk-for-net\sdk\synapse\Azure.Analytics.Synapse.Artifacts\tests\LinkedServiceClientLiveTests.cs(7,1): hidden CS8019: Unnecessary using directive.
C:\gh\azure-sdk-for-net\sdk\synapse\Azure.Analytics.Synapse.Artifacts\tests\samples\Sample6_HelloWorldLinkedService.cs(7,1): hidden CS8019: Unnecessary using directive.
C:\gh\azure-sdk-for-net\sdk\synapse\Azure.Analytics.Synapse.Artifacts\tests\samples\Sample4_HelloWorldDataFlow.cs(8,1): hidden CS8019: Unnecessary using directive.
C:\gh\azure-sdk-for-net\sdk\synapse\Azure.Analytics.Synapse.Artifacts\tests\samples\Sample3_HelloWorldTrigger.cs(8,1): hidden CS8019: Unnecessary using directive.
C:\gh\azure-sdk-for-net\sdk\synapse\Azure.Analytics.Synapse.Artifacts\tests\DataFlowClientLiveTests.cs(7,1): hidden CS8019: Unnecessary using directive.
C:\gh\azure-sdk-for-net\sdk\synapse\Azure.Analytics.Synapse.Artifacts\tests\samples\Sample6_HelloWorldLinkedService.cs(8,1): hidden CS8019: Unnecessary using directive.
C:\gh\azure-sdk-for-net\sdk\synapse\Azure.Analytics.Synapse.Artifacts\tests\samples\Sample1_HelloWorldPipeline.cs(6,1): hidden CS8019: Unnecessary using directive.
C:\gh\azure-sdk-for-net\sdk\synapse\Azure.Analytics.Synapse.Artifacts\tests\samples\Sample3_HelloWorldTrigger.cs(9,1): hidden CS8019: Unnecessary using directive.
C:\gh\azure-sdk-for-net\sdk\synapse\Azure.Analytics.Synapse.Artifacts\tests\samples\Sample1_HelloWorldPipeline.cs(10,1): hidden CS8019: Unnecessary using directive.
C:\gh\azure-sdk-for-net\sdk\synapse\Azure.Analytics.Synapse.Artifacts\tests\samples\Sample1_HelloWorldPipeline.cs(7,1): hidden CS8019: Unnecessary using directive.
C:\gh\azure-sdk-for-net\artifacts\obj\Azure.Analytics.Synapse.Artifacts.Tests\Debug\net461\Azure.Analytics.Synapse.Artifacts.Tests.AssemblyInfo.cs(12,1): hidden CS8019: Unnecessary using directive.
C:\gh\azure-sdk-for-net\sdk\synapse\Azure.Analytics.Synapse.Shared\tests\SynapseTestEventListener.cs(6,1): hidden CS8019: Unnecessary using directive.
