C:\gh\azure-sdk-for-net\sdk\dataprotection\Microsoft.Azure.Management.DataProtection\tests\ScenarioTests\DPPDisksE2ETests.cs(10,23): error CS0518: Predefined type 'System.String' is not defined or imported
C:\gh\azure-sdk-for-net\sdk\dataprotection\Microsoft.Azure.Management.DataProtection\tests\ScenarioTests\DPPDisksE2ETests.cs(11,23): error CS0518: Predefined type 'System.String' is not defined or imported
C:\gh\azure-sdk-for-net\sdk\dataprotection\Microsoft.Azure.Management.DataProtection\tests\ScenarioTests\DPPDisksE2ETests.cs(12,23): error CS0518: Predefined type 'System.String' is not defined or imported
C:\gh\azure-sdk-for-net\sdk\dataprotection\Microsoft.Azure.Management.DataProtection\tests\ScenarioTests\DPPDisksE2ETests.cs(13,23): error CS0518: Predefined type 'System.String' is not defined or imported
C:\gh\azure-sdk-for-net\sdk\dataprotection\Microsoft.Azure.Management.DataProtection\tests\ScenarioTests\DPPDisksE2ETests.cs(8,37): error CS0246: The type or namespace name 'TestBase' could not be found (are you missing a using directive or an assembly reference?)
C:\gh\azure-sdk-for-net\sdk\dataprotection\Microsoft.Azure.Management.DataProtection\tests\ScenarioTests\DPPDisksE2ETests.cs(8,47): error CS0246: The type or namespace name 'IDisposable' could not be found (are you missing a using directive or an assembly reference?)
C:\gh\azure-sdk-for-net\sdk\dataprotection\Microsoft.Azure.Management.DataProtection\tests\TestHelpers\TestHelper.cs(111,36): error CS0518: Predefined type 'System.String' is not defined or imported
C:\gh\azure-sdk-for-net\sdk\dataprotection\Microsoft.Azure.Management.DataProtection\tests\TestHelpers\TestHelper.cs(111,16): error CS0518: Predefined type 'System.Void' is not defined or imported
C:\gh\azure-sdk-for-net\sdk\dataprotection\Microsoft.Azure.Management.DataProtection\tests\TestHelpers\TestHelper.cs(11,31): error CS0246: The type or namespace name 'IDisposable' could not be found (are you missing a using directive or an assembly reference?)
C:\gh\azure-sdk-for-net\sdk\dataprotection\Microsoft.Azure.Management.DataProtection\tests\ScenarioTests\DPPDisksE2ETests.cs(12,51): error CS0518: Predefined type 'System.String' is not defined or imported
C:\gh\azure-sdk-for-net\sdk\dataprotection\Microsoft.Azure.Management.DataProtection\tests\TestHelpers\TestHelper.cs(102,40): error CS0518: Predefined type 'System.String' is not defined or imported
C:\gh\azure-sdk-for-net\sdk\dataprotection\Microsoft.Azure.Management.DataProtection\tests\TestHelpers\TestHelper.cs(102,16): error CS0518: Predefined type 'System.Void' is not defined or imported
C:\gh\azure-sdk-for-net\sdk\dataprotection\Microsoft.Azure.Management.DataProtection\tests\TestHelpers\TestHelper.cs(92,35): error CS0518: Predefined type 'System.String' is not defined or imported
C:\gh\azure-sdk-for-net\sdk\dataprotection\Microsoft.Azure.Management.DataProtection\tests\TestHelpers\TestHelper.cs(92,16): error CS0518: Predefined type 'System.Void' is not defined or imported
C:\gh\azure-sdk-for-net\sdk\dataprotection\Microsoft.Azure.Management.DataProtection\tests\TestHelpers\TestHelper.cs(76,16): error CS0518: Predefined type 'System.Void' is not defined or imported
C:\gh\azure-sdk-for-net\sdk\dataprotection\Microsoft.Azure.Management.DataProtection\tests\TestHelpers\TestHelper.cs(67,16): error CS0518: Predefined type 'System.Void' is not defined or imported
C:\gh\azure-sdk-for-net\sdk\dataprotection\Microsoft.Azure.Management.DataProtection\tests\ScenarioTests\DPPDisksE2ETests.cs(13,43): error CS0518: Predefined type 'System.String' is not defined or imported
C:\gh\azure-sdk-for-net\sdk\dataprotection\Microsoft.Azure.Management.DataProtection\tests\TestHelpers\TestHelper.cs(61,31): error CS0518: Predefined type 'System.String' is not defined or imported
C:\gh\azure-sdk-for-net\sdk\dataprotection\Microsoft.Azure.Management.DataProtection\tests\TestHelpers\TestHelper.cs(61,16): error CS0518: Predefined type 'System.Void' is not defined or imported
C:\gh\azure-sdk-for-net\sdk\dataprotection\Microsoft.Azure.Management.DataProtection\tests\TestHelpers\TestHelper.cs(14,16): error CS0518: Predefined type 'System.String' is not defined or imported
C:\gh\azure-sdk-for-net\sdk\dataprotection\Microsoft.Azure.Management.DataProtection\tests\TestHelpers\TestHelper.cs(13,16): error CS0518: Predefined type 'System.String' is not defined or imported
C:\gh\azure-sdk-for-net\sdk\dataprotection\Microsoft.Azure.Management.DataProtection\tests\TestHelpers\TestHelper.cs(51,34): error CS0518: Predefined type 'System.String' is not defined or imported
C:\gh\azure-sdk-for-net\sdk\dataprotection\Microsoft.Azure.Management.DataProtection\tests\TestHelpers\TestHelper.cs(51,16): error CS0518: Predefined type 'System.Void' is not defined or imported
C:\gh\azure-sdk-for-net\sdk\dataprotection\Microsoft.Azure.Management.DataProtection\tests\TestHelpers\TestHelper.cs(41,16): error CS0518: Predefined type 'System.Void' is not defined or imported
C:\gh\azure-sdk-for-net\sdk\dataprotection\Microsoft.Azure.Management.DataProtection\tests\TestHelpers\TestHelper.cs(29,16): error CS0518: Predefined type 'System.Void' is not defined or imported
C:\gh\azure-sdk-for-net\sdk\dataprotection\Microsoft.Azure.Management.DataProtection\tests\TestHelpers\TestHelper.cs(24,32): error CS0518: Predefined type 'System.Object' is not defined or imported
C:\gh\azure-sdk-for-net\sdk\dataprotection\Microsoft.Azure.Management.DataProtection\tests\TestHelpers\TestHelper.cs(24,32): error CS0246: The type or namespace name 'MockContext' could not be found (are you missing a using directive or an assembly reference?)
C:\gh\azure-sdk-for-net\sdk\dataprotection\Microsoft.Azure.Management.DataProtection\tests\TestHelpers\TestHelper.cs(24,16): error CS0518: Predefined type 'System.Void' is not defined or imported
C:\gh\azure-sdk-for-net\sdk\dataprotection\Microsoft.Azure.Management.DataProtection\tests\ScenarioTests\DPPDisksE2ETests.cs(16,16): error CS0518: Predefined type 'System.Void' is not defined or imported
C:\gh\azure-sdk-for-net\sdk\dataprotection\Microsoft.Azure.Management.DataProtection\tests\ScenarioTests\DPPDisksE2ETests.cs(10,42): error CS0518: Predefined type 'System.String' is not defined or imported
C:\gh\azure-sdk-for-net\sdk\dataprotection\Microsoft.Azure.Management.DataProtection\tests\ScenarioTests\DPPDisksE2ETests.cs(11,44): error CS0518: Predefined type 'System.String' is not defined or imported
C:\gh\azure-sdk-for-net\sdk\dataprotection\Microsoft.Azure.Management.DataProtection\tests\TestHelpers\TestHelper.cs(86,39): error CS0518: Predefined type 'System.String' is not defined or imported
C:\gh\azure-sdk-for-net\sdk\dataprotection\Microsoft.Azure.Management.DataProtection\tests\TestHelpers\TestHelper.cs(86,16): error CS0518: Predefined type 'System.Void' is not defined or imported
C:\gh\azure-sdk-for-net\sdk\dataprotection\Microsoft.Azure.Management.DataProtection\tests\ScenarioTests\DPPDisksE2ETests.cs(53,16): error CS0518: Predefined type 'System.Void' is not defined or imported
C:\gh\azure-sdk-for-net\sdk\dataprotection\Microsoft.Azure.Management.DataProtection\tests\TestHelpers\TestHelper.cs(19,16): error CS0518: Predefined type 'System.Void' is not defined or imported
C:\gh\azure-sdk-for-net\sdk\dataprotection\Microsoft.Azure.Management.DataProtection\tests\Properties\AssemblyInfo.cs(12,12): error CS0246: The type or namespace name 'AssemblyTitleAttribute' could not be found (are you missing a using directive or an assembly reference?)
C:\gh\azure-sdk-for-net\sdk\dataprotection\Microsoft.Azure.Management.DataProtection\tests\Properties\AssemblyInfo.cs(12,12): error CS0246: The type or namespace name 'AssemblyTitle' could not be found (are you missing a using directive or an assembly reference?)
C:\gh\azure-sdk-for-net\sdk\dataprotection\Microsoft.Azure.Management.DataProtection\tests\Properties\AssemblyInfo.cs(13,12): error CS0246: The type or namespace name 'AssemblyDescriptionAttribute' could not be found (are you missing a using directive or an assembly reference?)
C:\gh\azure-sdk-for-net\sdk\dataprotection\Microsoft.Azure.Management.DataProtection\tests\Properties\AssemblyInfo.cs(13,12): error CS0246: The type or namespace name 'AssemblyDescription' could not be found (are you missing a using directive or an assembly reference?)
C:\gh\azure-sdk-for-net\sdk\dataprotection\Microsoft.Azure.Management.DataProtection\tests\Properties\AssemblyInfo.cs(14,12): error CS0246: The type or namespace name 'AssemblyConfigurationAttribute' could not be found (are you missing a using directive or an assembly reference?)
C:\gh\azure-sdk-for-net\sdk\dataprotection\Microsoft.Azure.Management.DataProtection\tests\Properties\AssemblyInfo.cs(14,12): error CS0246: The type or namespace name 'AssemblyConfiguration' could not be found (are you missing a using directive or an assembly reference?)
C:\gh\azure-sdk-for-net\sdk\dataprotection\Microsoft.Azure.Management.DataProtection\tests\Properties\AssemblyInfo.cs(15,12): error CS0246: The type or namespace name 'AssemblyCompanyAttribute' could not be found (are you missing a using directive or an assembly reference?)
C:\gh\azure-sdk-for-net\sdk\dataprotection\Microsoft.Azure.Management.DataProtection\tests\Properties\AssemblyInfo.cs(15,12): error CS0246: The type or namespace name 'AssemblyCompany' could not be found (are you missing a using directive or an assembly reference?)
C:\gh\azure-sdk-for-net\sdk\dataprotection\Microsoft.Azure.Management.DataProtection\tests\Properties\AssemblyInfo.cs(16,12): error CS0246: The type or namespace name 'AssemblyProductAttribute' could not be found (are you missing a using directive or an assembly reference?)
C:\gh\azure-sdk-for-net\sdk\dataprotection\Microsoft.Azure.Management.DataProtection\tests\Properties\AssemblyInfo.cs(16,12): error CS0246: The type or namespace name 'AssemblyProduct' could not be found (are you missing a using directive or an assembly reference?)
C:\gh\azure-sdk-for-net\sdk\dataprotection\Microsoft.Azure.Management.DataProtection\tests\Properties\AssemblyInfo.cs(17,12): error CS0246: The type or namespace name 'AssemblyCopyrightAttribute' could not be found (are you missing a using directive or an assembly reference?)
C:\gh\azure-sdk-for-net\sdk\dataprotection\Microsoft.Azure.Management.DataProtection\tests\Properties\AssemblyInfo.cs(17,12): error CS0246: The type or namespace name 'AssemblyCopyright' could not be found (are you missing a using directive or an assembly reference?)
C:\gh\azure-sdk-for-net\sdk\dataprotection\Microsoft.Azure.Management.DataProtection\tests\Properties\AssemblyInfo.cs(18,12): error CS0246: The type or namespace name 'AssemblyTrademarkAttribute' could not be found (are you missing a using directive or an assembly reference?)
C:\gh\azure-sdk-for-net\sdk\dataprotection\Microsoft.Azure.Management.DataProtection\tests\Properties\AssemblyInfo.cs(18,12): error CS0246: The type or namespace name 'AssemblyTrademark' could not be found (are you missing a using directive or an assembly reference?)
C:\gh\azure-sdk-for-net\sdk\dataprotection\Microsoft.Azure.Management.DataProtection\tests\Properties\AssemblyInfo.cs(19,12): error CS0246: The type or namespace name 'AssemblyCultureAttribute' could not be found (are you missing a using directive or an assembly reference?)
C:\gh\azure-sdk-for-net\sdk\dataprotection\Microsoft.Azure.Management.DataProtection\tests\Properties\AssemblyInfo.cs(19,12): error CS0246: The type or namespace name 'AssemblyCulture' could not be found (are you missing a using directive or an assembly reference?)
C:\gh\azure-sdk-for-net\sdk\dataprotection\Microsoft.Azure.Management.DataProtection\tests\Properties\AssemblyInfo.cs(24,12): error CS0246: The type or namespace name 'ComVisibleAttribute' could not be found (are you missing a using directive or an assembly reference?)
C:\gh\azure-sdk-for-net\sdk\dataprotection\Microsoft.Azure.Management.DataProtection\tests\Properties\AssemblyInfo.cs(24,12): error CS0246: The type or namespace name 'ComVisible' could not be found (are you missing a using directive or an assembly reference?)
C:\gh\azure-sdk-for-net\sdk\dataprotection\Microsoft.Azure.Management.DataProtection\tests\Properties\AssemblyInfo.cs(27,12): error CS0246: The type or namespace name 'GuidAttribute' could not be found (are you missing a using directive or an assembly reference?)
C:\gh\azure-sdk-for-net\sdk\dataprotection\Microsoft.Azure.Management.DataProtection\tests\Properties\AssemblyInfo.cs(27,12): error CS0246: The type or namespace name 'Guid' could not be found (are you missing a using directive or an assembly reference?)
C:\gh\azure-sdk-for-net\sdk\dataprotection\Microsoft.Azure.Management.DataProtection\tests\Properties\AssemblyInfo.cs(28,12): error CS0246: The type or namespace name 'AssemblyVersionAttribute' could not be found (are you missing a using directive or an assembly reference?)
C:\gh\azure-sdk-for-net\sdk\dataprotection\Microsoft.Azure.Management.DataProtection\tests\Properties\AssemblyInfo.cs(28,12): error CS0246: The type or namespace name 'AssemblyVersion' could not be found (are you missing a using directive or an assembly reference?)
C:\gh\azure-sdk-for-net\sdk\dataprotection\Microsoft.Azure.Management.DataProtection\tests\Properties\AssemblyInfo.cs(29,12): error CS0246: The type or namespace name 'AssemblyFileVersionAttribute' could not be found (are you missing a using directive or an assembly reference?)
C:\gh\azure-sdk-for-net\sdk\dataprotection\Microsoft.Azure.Management.DataProtection\tests\Properties\AssemblyInfo.cs(29,12): error CS0246: The type or namespace name 'AssemblyFileVersion' could not be found (are you missing a using directive or an assembly reference?)
C:\gh\azure-sdk-for-net\eng\mgmt\DisableTestRunParallel.cs(7,12): error CS0246: The type or namespace name 'CollectionBehaviorAttribute' could not be found (are you missing a using directive or an assembly reference?)
C:\gh\azure-sdk-for-net\eng\mgmt\DisableTestRunParallel.cs(7,12): error CS0246: The type or namespace name 'CollectionBehavior' could not be found (are you missing a using directive or an assembly reference?)
C:\gh\azure-sdk-for-net\artifacts\obj\Microsoft.Azure.Management.DataProtection.Backup.Tests\Debug\netcoreapp2.0\.NETCoreApp,Version=v2.0.AssemblyAttributes.cs(4,20): error CS0400: The type or namespace name 'System' could not be found in the global namespace (are you missing an assembly reference?)
C:\gh\azure-sdk-for-net\artifacts\obj\Microsoft.Azure.Management.DataProtection.Backup.Tests\Debug\netcoreapp2.0\Microsoft.Azure.Management.DataProtection.Backup.Tests.AssemblyInfo.cs(14,12): error CS0246: The type or namespace name 'System' could not be found (are you missing a using directive or an assembly reference?)
C:\gh\azure-sdk-for-net\artifacts\obj\Microsoft.Azure.Management.DataProtection.Backup.Tests\Debug\netcoreapp2.0\Microsoft.Azure.Management.DataProtection.Backup.Tests.AssemblyInfo.cs(16,12): error CS0246: The type or namespace name 'System' could not be found (are you missing a using directive or an assembly reference?)
C:\gh\azure-sdk-for-net\artifacts\obj\Microsoft.Azure.Management.DataProtection.Backup.Tests\Debug\netcoreapp2.0\Microsoft.Azure.Management.DataProtection.Backup.Tests.AssemblyInfo.cs(17,12): error CS0246: The type or namespace name 'System' could not be found (are you missing a using directive or an assembly reference?)
C:\gh\azure-sdk-for-net\sdk\dataprotection\Microsoft.Azure.Management.DataProtection\tests\Properties\AssemblyInfo.cs(12,26): error CS0518: Predefined type 'System.String' is not defined or imported
C:\gh\azure-sdk-for-net\sdk\dataprotection\Microsoft.Azure.Management.DataProtection\tests\Properties\AssemblyInfo.cs(13,32): error CS0518: Predefined type 'System.String' is not defined or imported
C:\gh\azure-sdk-for-net\sdk\dataprotection\Microsoft.Azure.Management.DataProtection\tests\Properties\AssemblyInfo.cs(14,34): error CS0518: Predefined type 'System.String' is not defined or imported
C:\gh\azure-sdk-for-net\sdk\dataprotection\Microsoft.Azure.Management.DataProtection\tests\Properties\AssemblyInfo.cs(15,28): error CS0518: Predefined type 'System.String' is not defined or imported
C:\gh\azure-sdk-for-net\sdk\dataprotection\Microsoft.Azure.Management.DataProtection\tests\Properties\AssemblyInfo.cs(16,28): error CS0518: Predefined type 'System.String' is not defined or imported
C:\gh\azure-sdk-for-net\sdk\dataprotection\Microsoft.Azure.Management.DataProtection\tests\Properties\AssemblyInfo.cs(17,30): error CS0518: Predefined type 'System.String' is not defined or imported
C:\gh\azure-sdk-for-net\sdk\dataprotection\Microsoft.Azure.Management.DataProtection\tests\Properties\AssemblyInfo.cs(18,30): error CS0518: Predefined type 'System.String' is not defined or imported
C:\gh\azure-sdk-for-net\sdk\dataprotection\Microsoft.Azure.Management.DataProtection\tests\Properties\AssemblyInfo.cs(19,28): error CS0518: Predefined type 'System.String' is not defined or imported
C:\gh\azure-sdk-for-net\sdk\dataprotection\Microsoft.Azure.Management.DataProtection\tests\Properties\AssemblyInfo.cs(24,23): error CS0518: Predefined type 'System.Boolean' is not defined or imported
C:\gh\azure-sdk-for-net\sdk\dataprotection\Microsoft.Azure.Management.DataProtection\tests\Properties\AssemblyInfo.cs(27,17): error CS0518: Predefined type 'System.String' is not defined or imported
C:\gh\azure-sdk-for-net\sdk\dataprotection\Microsoft.Azure.Management.DataProtection\tests\Properties\AssemblyInfo.cs(28,28): error CS0518: Predefined type 'System.String' is not defined or imported
C:\gh\azure-sdk-for-net\sdk\dataprotection\Microsoft.Azure.Management.DataProtection\tests\Properties\AssemblyInfo.cs(29,32): error CS0518: Predefined type 'System.String' is not defined or imported
C:\gh\azure-sdk-for-net\eng\mgmt\DisableTestRunParallel.cs(7,31): error CS0246: The type or namespace name 'DisableTestParallelization' could not be found (are you missing a using directive or an assembly reference?)
C:\gh\azure-sdk-for-net\eng\mgmt\DisableTestRunParallel.cs(7,60): error CS0518: Predefined type 'System.Boolean' is not defined or imported
C:\gh\azure-sdk-for-net\eng\mgmt\DisableTestRunParallel.cs(7,66): error CS0246: The type or namespace name 'MaxParallelThreads' could not be found (are you missing a using directive or an assembly reference?)
C:\gh\azure-sdk-for-net\eng\mgmt\DisableTestRunParallel.cs(7,87): error CS0518: Predefined type 'System.Int32' is not defined or imported
C:\gh\azure-sdk-for-net\artifacts\obj\Microsoft.Azure.Management.DataProtection.Backup.Tests\Debug\netcoreapp2.0\.NETCoreApp,Version=v2.0.AssemblyAttributes.cs(4,71): error CS0518: Predefined type 'System.String' is not defined or imported
C:\gh\azure-sdk-for-net\artifacts\obj\Microsoft.Azure.Management.DataProtection.Backup.Tests\Debug\netcoreapp2.0\.NETCoreApp,Version=v2.0.AssemblyAttributes.cs(4,99): error CS0246: The type or namespace name 'FrameworkDisplayName' could not be found (are you missing a using directive or an assembly reference?)
C:\gh\azure-sdk-for-net\artifacts\obj\Microsoft.Azure.Management.DataProtection.Backup.Tests\Debug\netcoreapp2.0\.NETCoreApp,Version=v2.0.AssemblyAttributes.cs(4,122): error CS0518: Predefined type 'System.String' is not defined or imported
C:\gh\azure-sdk-for-net\artifacts\obj\Microsoft.Azure.Management.DataProtection.Backup.Tests\Debug\netcoreapp2.0\Microsoft.Azure.Management.DataProtection.Backup.Tests.AssemblyInfo.cs(14,56): error CS0518: Predefined type 'System.String' is not defined or imported
C:\gh\azure-sdk-for-net\artifacts\obj\Microsoft.Azure.Management.DataProtection.Backup.Tests\Debug\netcoreapp2.0\Microsoft.Azure.Management.DataProtection.Backup.Tests.AssemblyInfo.cs(14,70): error CS0518: Predefined type 'System.String' is not defined or imported
C:\gh\azure-sdk-for-net\artifacts\obj\Microsoft.Azure.Management.DataProtection.Backup.Tests\Debug\netcoreapp2.0\Microsoft.Azure.Management.DataProtection.Backup.Tests.AssemblyInfo.cs(15,5): error CS0518: Predefined type 'System.String' is not defined or imported
C:\gh\azure-sdk-for-net\artifacts\obj\Microsoft.Azure.Management.DataProtection.Backup.Tests\Debug\netcoreapp2.0\Microsoft.Azure.Management.DataProtection.Backup.Tests.AssemblyInfo.cs(16,68): error CS0518: Predefined type 'System.String' is not defined or imported
C:\gh\azure-sdk-for-net\artifacts\obj\Microsoft.Azure.Management.DataProtection.Backup.Tests\Debug\netcoreapp2.0\Microsoft.Azure.Management.DataProtection.Backup.Tests.AssemblyInfo.cs(17,56): error CS0518: Predefined type 'System.String' is not defined or imported
C:\gh\azure-sdk-for-net\artifacts\obj\Microsoft.Azure.Management.DataProtection.Backup.Tests\Debug\netcoreapp2.0\Microsoft.Azure.Management.DataProtection.Backup.Tests.AssemblyInfo.cs(17,73): error CS0518: Predefined type 'System.String' is not defined or imported
C:\gh\azure-sdk-for-net\sdk\dataprotection\Microsoft.Azure.Management.DataProtection\tests\Properties\AssemblyInfo.cs(4,7): error CS0246: The type or namespace name 'System' could not be found (are you missing a using directive or an assembly reference?)
C:\gh\azure-sdk-for-net\sdk\dataprotection\Microsoft.Azure.Management.DataProtection\tests\Properties\AssemblyInfo.cs(5,7): error CS0246: The type or namespace name 'System' could not be found (are you missing a using directive or an assembly reference?)
C:\gh\azure-sdk-for-net\sdk\dataprotection\Microsoft.Azure.Management.DataProtection\tests\Properties\AssemblyInfo.cs(6,7): error CS0246: The type or namespace name 'System' could not be found (are you missing a using directive or an assembly reference?)
C:\gh\azure-sdk-for-net\sdk\dataprotection\Microsoft.Azure.Management.DataProtection\tests\Properties\AssemblyInfo.cs(7,7): error CS0246: The type or namespace name 'Xunit' could not be found (are you missing a using directive or an assembly reference?)
C:\gh\azure-sdk-for-net\sdk\dataprotection\Microsoft.Azure.Management.DataProtection\tests\ScenarioTests\DPPDisksE2ETests.cs(2,17): error CS0234: The type or namespace name 'Rest' does not exist in the namespace 'Microsoft' (are you missing an assembly reference?)
C:\gh\azure-sdk-for-net\sdk\dataprotection\Microsoft.Azure.Management.DataProtection\tests\ScenarioTests\DPPDisksE2ETests.cs(3,7): error CS0246: The type or namespace name 'System' could not be found (are you missing a using directive or an assembly reference?)
C:\gh\azure-sdk-for-net\sdk\dataprotection\Microsoft.Azure.Management.DataProtection\tests\ScenarioTests\DPPDisksE2ETests.cs(4,7): error CS0246: The type or namespace name 'Xunit' could not be found (are you missing a using directive or an assembly reference?)
C:\gh\azure-sdk-for-net\sdk\dataprotection\Microsoft.Azure.Management.DataProtection\tests\TestHelpers\TestHelper.cs(1,17): error CS0234: The type or namespace name 'Rest' does not exist in the namespace 'Microsoft' (are you missing an assembly reference?)
C:\gh\azure-sdk-for-net\sdk\dataprotection\Microsoft.Azure.Management.DataProtection\tests\TestHelpers\TestHelper.cs(2,7): error CS0246: The type or namespace name 'System' could not be found (are you missing a using directive or an assembly reference?)
C:\gh\azure-sdk-for-net\sdk\dataprotection\Microsoft.Azure.Management.DataProtection\tests\TestHelpers\TestHelper.cs(3,7): error CS0246: The type or namespace name 'Xunit' could not be found (are you missing a using directive or an assembly reference?)
C:\gh\azure-sdk-for-net\sdk\dataprotection\Microsoft.Azure.Management.DataProtection\tests\TestHelpers\TestHelper.cs(4,7): error CS0246: The type or namespace name 'System' could not be found (are you missing a using directive or an assembly reference?)
C:\gh\azure-sdk-for-net\sdk\dataprotection\Microsoft.Azure.Management.DataProtection\tests\TestHelpers\TestHelper.cs(5,7): error CS0246: The type or namespace name 'Newtonsoft' could not be found (are you missing a using directive or an assembly reference?)
C:\gh\azure-sdk-for-net\sdk\dataprotection\Microsoft.Azure.Management.DataProtection\tests\TestHelpers\TestHelper.cs(7,17): error CS0234: The type or namespace name 'Rest' does not exist in the namespace 'Microsoft' (are you missing an assembly reference?)
C:\gh\azure-sdk-for-net\eng\mgmt\DisableTestRunParallel.cs(4,7): error CS0246: The type or namespace name 'System' could not be found (are you missing a using directive or an assembly reference?)
C:\gh\azure-sdk-for-net\eng\mgmt\DisableTestRunParallel.cs(5,7): error CS0246: The type or namespace name 'Xunit' could not be found (are you missing a using directive or an assembly reference?)
C:\gh\azure-sdk-for-net\artifacts\obj\Microsoft.Azure.Management.DataProtection.Backup.Tests\Debug\netcoreapp2.0\.NETCoreApp,Version=v2.0.AssemblyAttributes.cs(2,7): error CS0246: The type or namespace name 'System' could not be found (are you missing a using directive or an assembly reference?)
C:\gh\azure-sdk-for-net\artifacts\obj\Microsoft.Azure.Management.DataProtection.Backup.Tests\Debug\netcoreapp2.0\.NETCoreApp,Version=v2.0.AssemblyAttributes.cs(3,7): error CS0246: The type or namespace name 'System' could not be found (are you missing a using directive or an assembly reference?)
C:\gh\azure-sdk-for-net\artifacts\obj\Microsoft.Azure.Management.DataProtection.Backup.Tests\Debug\netcoreapp2.0\Microsoft.Azure.Management.DataProtection.Backup.Tests.AssemblyInfo.cs(11,7): error CS0246: The type or namespace name 'System' could not be found (are you missing a using directive or an assembly reference?)
C:\gh\azure-sdk-for-net\artifacts\obj\Microsoft.Azure.Management.DataProtection.Backup.Tests\Debug\netcoreapp2.0\Microsoft.Azure.Management.DataProtection.Backup.Tests.AssemblyInfo.cs(12,7): error CS0246: The type or namespace name 'System' could not be found (are you missing a using directive or an assembly reference?)
C:\gh\azure-sdk-for-net\sdk\dataprotection\Microsoft.Azure.Management.DataProtection\tests\TestHelpers\TestHelper.cs(17,57): error CS0518: Predefined type 'System.Void' is not defined or imported
C:\gh\azure-sdk-for-net\sdk\dataprotection\Microsoft.Azure.Management.DataProtection\tests\TestHelpers\TestHelper.cs(15,16): error CS0518: Predefined type 'System.String' is not defined or imported
C:\gh\azure-sdk-for-net\sdk\dataprotection\Microsoft.Azure.Management.DataProtection\tests\TestHelpers\TestHelper.cs(17,16): error CS0518: Predefined type 'System.Object' is not defined or imported
C:\gh\azure-sdk-for-net\sdk\dataprotection\Microsoft.Azure.Management.DataProtection\tests\ScenarioTests\DPPDisksE2ETests.cs(15,10): error CS0518: Predefined type 'System.Object' is not defined or imported
C:\gh\azure-sdk-for-net\sdk\dataprotection\Microsoft.Azure.Management.DataProtection\tests\ScenarioTests\DPPDisksE2ETests.cs(15,10): error CS0246: The type or namespace name 'FactAttribute' could not be found (are you missing a using directive or an assembly reference?)
C:\gh\azure-sdk-for-net\sdk\dataprotection\Microsoft.Azure.Management.DataProtection\tests\ScenarioTests\DPPDisksE2ETests.cs(15,10): error CS0246: The type or namespace name 'Fact' could not be found (are you missing a using directive or an assembly reference?)
C:\gh\azure-sdk-for-net\sdk\dataprotection\Microsoft.Azure.Management.DataProtection\tests\TestHelpers\TestHelper.cs(13,39): error CS0518: Predefined type 'System.String' is not defined or imported
C:\gh\azure-sdk-for-net\sdk\dataprotection\Microsoft.Azure.Management.DataProtection\tests\TestHelpers\TestHelper.cs(14,35): error CS0518: Predefined type 'System.String' is not defined or imported
C:\gh\azure-sdk-for-net\sdk\dataprotection\Microsoft.Azure.Management.DataProtection\tests\TestHelpers\TestHelper.cs(15,34): error CS0518: Predefined type 'System.String' is not defined or imported
C:\gh\azure-sdk-for-net\sdk\dataprotection\Microsoft.Azure.Management.DataProtection\tests\TestHelpers\TestHelper.cs(21,26): error CS0246: The type or namespace name 'ServiceClient<>' could not be found (are you missing a using directive or an assembly reference?)
C:\gh\azure-sdk-for-net\sdk\dataprotection\Microsoft.Azure.Management.DataProtection\tests\TestHelpers\TestHelper.cs(21,26): error CS0518: Predefined type 'System.Object' is not defined or imported
C:\gh\azure-sdk-for-net\sdk\dataprotection\Microsoft.Azure.Management.DataProtection\tests\TestHelpers\TestHelper.cs(21,26): error CS1061: 'DataProtectionClient' does not contain a definition for 'Dispose' and no accessible extension method 'Dispose' accepting a first argument of type 'DataProtectionClient' could be found (are you missing a using directive or an assembly reference?)
C:\gh\azure-sdk-for-net\sdk\dataprotection\Microsoft.Azure.Management.DataProtection\tests\TestHelpers\TestHelper.cs(26,53): error CS0518: Predefined type 'System.Object' is not defined or imported
C:\gh\azure-sdk-for-net\sdk\dataprotection\Microsoft.Azure.Management.DataProtection\tests\ScenarioTests\DPPDisksE2ETests.cs(18,13): error CS0518: Predefined type 'System.IDisposable' is not defined or imported
C:\gh\azure-sdk-for-net\sdk\dataprotection\Microsoft.Azure.Management.DataProtection\tests\ScenarioTests\DPPDisksE2ETests.cs(18,20): error CS0518: Predefined type 'System.Object' is not defined or imported
C:\gh\azure-sdk-for-net\sdk\dataprotection\Microsoft.Azure.Management.DataProtection\tests\ScenarioTests\DPPDisksE2ETests.cs(18,20): error CS0246: The type or namespace name 'MockContext' could not be found (are you missing a using directive or an assembly reference?)
C:\gh\azure-sdk-for-net\sdk\dataprotection\Microsoft.Azure.Management.DataProtection\tests\ScenarioTests\DPPDisksE2ETests.cs(18,42): error CS0518: Predefined type 'System.Object' is not defined or imported
C:\gh\azure-sdk-for-net\sdk\dataprotection\Microsoft.Azure.Management.DataProtection\tests\ScenarioTests\DPPDisksE2ETests.cs(18,42): error CS0103: The name 'MockContext' does not exist in the current context
C:\gh\azure-sdk-for-net\sdk\dataprotection\Microsoft.Azure.Management.DataProtection\tests\ScenarioTests\DPPDisksE2ETests.cs(18,65): error CS0518: Predefined type 'System.Object' is not defined or imported
C:\gh\azure-sdk-for-net\sdk\dataprotection\Microsoft.Azure.Management.DataProtection\tests\ScenarioTests\DPPDisksE2ETests.cs(18,65): error CS1061: 'DPPDisksE2ETests' does not contain a definition for 'GetType' and no accessible extension method 'GetType' accepting a first argument of type 'DPPDisksE2ETests' could be found (are you missing a using directive or an assembly reference?)
C:\gh\azure-sdk-for-net\sdk\dataprotection\Microsoft.Azure.Management.DataProtection\tests\ScenarioTests\DPPDisksE2ETests.cs(19,13): error CS0518: Predefined type 'System.IDisposable' is not defined or imported
C:\gh\azure-sdk-for-net\sdk\dataprotection\Microsoft.Azure.Management.DataProtection\tests\ScenarioTests\DPPDisksE2ETests.cs(19,20): error CS0518: Predefined type 'System.Object' is not defined or imported
C:\gh\azure-sdk-for-net\sdk\dataprotection\Microsoft.Azure.Management.DataProtection\tests\ScenarioTests\DPPDisksE2ETests.cs(19,48): error CS0518: Predefined type 'System.Object' is not defined or imported
C:\gh\azure-sdk-for-net\sdk\dataprotection\Microsoft.Azure.Management.DataProtection\tests\ScenarioTests\DPPDisksE2ETests.cs(19,48): error CS0518: Predefined type 'System.Void' is not defined or imported
C:\gh\azure-sdk-for-net\sdk\dataprotection\Microsoft.Azure.Management.DataProtection\tests\ScenarioTests\DPPDisksE2ETests.cs(19,20): error CS1674: 'TestHelper': type used in a using statement must be implicitly convertible to 'System.IDisposable'.
C:\gh\azure-sdk-for-net\sdk\dataprotection\Microsoft.Azure.Management.DataProtection\tests\ScenarioTests\DPPDisksE2ETests.cs(22,28): error CS0518: Predefined type 'System.Object' is not defined or imported
C:\gh\azure-sdk-for-net\sdk\dataprotection\Microsoft.Azure.Management.DataProtection\tests\ScenarioTests\DPPDisksE2ETests.cs(25,28): error CS0518: Predefined type 'System.Object' is not defined or imported
C:\gh\azure-sdk-for-net\sdk\dataprotection\Microsoft.Azure.Management.DataProtection\tests\ScenarioTests\DPPDisksE2ETests.cs(28,28): error CS0518: Predefined type 'System.Object' is not defined or imported
C:\gh\azure-sdk-for-net\sdk\dataprotection\Microsoft.Azure.Management.DataProtection\tests\ScenarioTests\DPPDisksE2ETests.cs(31,28): error CS0518: Predefined type 'System.Object' is not defined or imported
C:\gh\azure-sdk-for-net\sdk\dataprotection\Microsoft.Azure.Management.DataProtection\tests\ScenarioTests\DPPDisksE2ETests.cs(34,28): error CS0518: Predefined type 'System.Object' is not defined or imported
C:\gh\azure-sdk-for-net\sdk\dataprotection\Microsoft.Azure.Management.DataProtection\tests\ScenarioTests\DPPDisksE2ETests.cs(37,28): error CS0518: Predefined type 'System.Object' is not defined or imported
C:\gh\azure-sdk-for-net\sdk\dataprotection\Microsoft.Azure.Management.DataProtection\tests\ScenarioTests\DPPDisksE2ETests.cs(40,28): error CS0518: Predefined type 'System.Object' is not defined or imported
C:\gh\azure-sdk-for-net\sdk\dataprotection\Microsoft.Azure.Management.DataProtection\tests\ScenarioTests\DPPDisksE2ETests.cs(43,28): error CS0518: Predefined type 'System.Object' is not defined or imported
C:\gh\azure-sdk-for-net\sdk\dataprotection\Microsoft.Azure.Management.DataProtection\tests\ScenarioTests\DPPDisksE2ETests.cs(46,28): error CS0518: Predefined type 'System.Object' is not defined or imported
C:\gh\azure-sdk-for-net\sdk\dataprotection\Microsoft.Azure.Management.DataProtection\tests\ScenarioTests\DPPDisksE2ETests.cs(49,28): error CS0518: Predefined type 'System.Object' is not defined or imported
C:\gh\azure-sdk-for-net\sdk\dataprotection\Microsoft.Azure.Management.DataProtection\tests\TestHelpers\TestHelper.cs(31,13): error CS0518: Predefined type 'System.String' is not defined or imported
C:\gh\azure-sdk-for-net\sdk\dataprotection\Microsoft.Azure.Management.DataProtection\tests\TestHelpers\TestHelper.cs(31,27): error CS0518: Predefined type 'System.String' is not defined or imported
C:\gh\azure-sdk-for-net\sdk\dataprotection\Microsoft.Azure.Management.DataProtection\tests\TestHelpers\TestHelper.cs(32,13): error CS0518: Predefined type 'System.Object' is not defined or imported
C:\gh\azure-sdk-for-net\sdk\dataprotection\Microsoft.Azure.Management.DataProtection\tests\TestHelpers\TestHelper.cs(32,55): error CS0518: Predefined type 'System.Object' is not defined or imported
C:\gh\azure-sdk-for-net\sdk\dataprotection\Microsoft.Azure.Management.DataProtection\tests\TestHelpers\TestHelper.cs(32,55): error CS0103: The name 'SafeJsonConvert' does not exist in the current context
C:\gh\azure-sdk-for-net\sdk\dataprotection\Microsoft.Azure.Management.DataProtection\tests\TestHelpers\TestHelper.cs(32,89): error CS0518: Predefined type 'System.Object' is not defined or imported
C:\gh\azure-sdk-for-net\sdk\dataprotection\Microsoft.Azure.Management.DataProtection\tests\TestHelpers\TestHelper.cs(32,129): error CS0246: The type or namespace name 'JsonSerializerSettings' could not be found (are you missing a using directive or an assembly reference?)
C:\gh\azure-sdk-for-net\sdk\dataprotection\Microsoft.Azure.Management.DataProtection\tests\TestHelpers\TestHelper.cs(33,13): error CS0518: Predefined type 'System.Object' is not defined or imported
C:\gh\azure-sdk-for-net\sdk\dataprotection\Microsoft.Azure.Management.DataProtection\tests\TestHelpers\TestHelper.cs(33,44): error CS0518: Predefined type 'System.String' is not defined or imported
C:\gh\azure-sdk-for-net\sdk\dataprotection\Microsoft.Azure.Management.DataProtection\tests\TestHelpers\TestHelper.cs(34,13): error CS0518: Predefined type 'System.Object' is not defined or imported
C:\gh\azure-sdk-for-net\sdk\dataprotection\Microsoft.Azure.Management.DataProtection\tests\TestHelpers\TestHelper.cs(34,13): error CS0103: The name 'Assert' does not exist in the current context
C:\gh\azure-sdk-for-net\sdk\dataprotection\Microsoft.Azure.Management.DataProtection\tests\TestHelpers\TestHelper.cs(35,13): error CS0518: Predefined type 'System.Object' is not defined or imported
C:\gh\azure-sdk-for-net\sdk\dataprotection\Microsoft.Azure.Management.DataProtection\tests\TestHelpers\TestHelper.cs(35,13): error CS0103: The name 'Assert' does not exist in the current context
C:\gh\azure-sdk-for-net\sdk\dataprotection\Microsoft.Azure.Management.DataProtection\tests\TestHelpers\TestHelper.cs(35,26): error CS0518: Predefined type 'System.String' is not defined or imported
C:\gh\azure-sdk-for-net\sdk\dataprotection\Microsoft.Azure.Management.DataProtection\tests\TestHelpers\TestHelper.cs(35,185): error CS0518: Predefined type 'System.String' is not defined or imported
C:\gh\azure-sdk-for-net\sdk\dataprotection\Microsoft.Azure.Management.DataProtection\tests\TestHelpers\TestHelper.cs(36,13): error CS0518: Predefined type 'System.Object' is not defined or imported
C:\gh\azure-sdk-for-net\sdk\dataprotection\Microsoft.Azure.Management.DataProtection\tests\TestHelpers\TestHelper.cs(36,13): error CS0103: The name 'Assert' does not exist in the current context
C:\gh\azure-sdk-for-net\sdk\dataprotection\Microsoft.Azure.Management.DataProtection\tests\TestHelpers\TestHelper.cs(36,26): error CS0518: Predefined type 'System.String' is not defined or imported
C:\gh\azure-sdk-for-net\sdk\dataprotection\Microsoft.Azure.Management.DataProtection\tests\TestHelpers\TestHelper.cs(36,55): error CS0518: Predefined type 'System.String' is not defined or imported
C:\gh\azure-sdk-for-net\sdk\dataprotection\Microsoft.Azure.Management.DataProtection\tests\TestHelpers\TestHelper.cs(37,13): error CS0518: Predefined type 'System.Object' is not defined or imported
C:\gh\azure-sdk-for-net\sdk\dataprotection\Microsoft.Azure.Management.DataProtection\tests\TestHelpers\TestHelper.cs(37,13): error CS0103: The name 'Assert' does not exist in the current context
C:\gh\azure-sdk-for-net\sdk\dataprotection\Microsoft.Azure.Management.DataProtection\tests\TestHelpers\TestHelper.cs(37,26): error CS0518: Predefined type 'System.String' is not defined or imported
C:\gh\azure-sdk-for-net\sdk\dataprotection\Microsoft.Azure.Management.DataProtection\tests\TestHelpers\TestHelper.cs(37,52): error CS0518: Predefined type 'System.String' is not defined or imported
C:\gh\azure-sdk-for-net\sdk\dataprotection\Microsoft.Azure.Management.DataProtection\tests\TestHelpers\TestHelper.cs(38,13): error CS0518: Predefined type 'System.Object' is not defined or imported
C:\gh\azure-sdk-for-net\sdk\dataprotection\Microsoft.Azure.Management.DataProtection\tests\TestHelpers\TestHelper.cs(38,13): error CS0103: The name 'Assert' does not exist in the current context
C:\gh\azure-sdk-for-net\sdk\dataprotection\Microsoft.Azure.Management.DataProtection\tests\TestHelpers\TestHelper.cs(38,26): error CS0518: Predefined type 'System.String' is not defined or imported
C:\gh\azure-sdk-for-net\sdk\dataprotection\Microsoft.Azure.Management.DataProtection\tests\TestHelpers\TestHelper.cs(38,76): error CS0518: Predefined type 'System.String' is not defined or imported
C:\gh\azure-sdk-for-net\sdk\dataprotection\Microsoft.Azure.Management.DataProtection\tests\TestHelpers\TestHelper.cs(43,28): error CS0518: Predefined type 'System.String' is not defined or imported
C:\gh\azure-sdk-for-net\sdk\dataprotection\Microsoft.Azure.Management.DataProtection\tests\TestHelpers\TestHelper.cs(44,13): error CS0518: Predefined type 'System.Object' is not defined or imported
C:\gh\azure-sdk-for-net\sdk\dataprotection\Microsoft.Azure.Management.DataProtection\tests\TestHelpers\TestHelper.cs(44,13): error CS0103: The name 'Assert' does not exist in the current context
C:\gh\azure-sdk-for-net\sdk\dataprotection\Microsoft.Azure.Management.DataProtection\tests\TestHelpers\TestHelper.cs(45,13): error CS0518: Predefined type 'System.Object' is not defined or imported
C:\gh\azure-sdk-for-net\sdk\dataprotection\Microsoft.Azure.Management.DataProtection\tests\TestHelpers\TestHelper.cs(45,13): error CS0103: The name 'Assert' does not exist in the current context
C:\gh\azure-sdk-for-net\sdk\dataprotection\Microsoft.Azure.Management.DataProtection\tests\TestHelpers\TestHelper.cs(45,26): error CS0518: Predefined type 'System.String' is not defined or imported
C:\gh\azure-sdk-for-net\sdk\dataprotection\Microsoft.Azure.Management.DataProtection\tests\TestHelpers\TestHelper.cs(46,13): error CS0518: Predefined type 'System.Object' is not defined or imported
C:\gh\azure-sdk-for-net\sdk\dataprotection\Microsoft.Azure.Management.DataProtection\tests\TestHelpers\TestHelper.cs(46,13): error CS0103: The name 'Assert' does not exist in the current context
C:\gh\azure-sdk-for-net\sdk\dataprotection\Microsoft.Azure.Management.DataProtection\tests\TestHelpers\TestHelper.cs(46,26): error CS0518: Predefined type 'System.String' is not defined or imported
C:\gh\azure-sdk-for-net\sdk\dataprotection\Microsoft.Azure.Management.DataProtection\tests\TestHelpers\TestHelper.cs(47,13): error CS0518: Predefined type 'System.Object' is not defined or imported
C:\gh\azure-sdk-for-net\sdk\dataprotection\Microsoft.Azure.Management.DataProtection\tests\TestHelpers\TestHelper.cs(47,13): error CS0103: The name 'Assert' does not exist in the current context
C:\gh\azure-sdk-for-net\sdk\dataprotection\Microsoft.Azure.Management.DataProtection\tests\TestHelpers\TestHelper.cs(47,26): error CS0518: Predefined type 'System.String' is not defined or imported
C:\gh\azure-sdk-for-net\sdk\dataprotection\Microsoft.Azure.Management.DataProtection\tests\TestHelpers\TestHelper.cs(48,13): error CS0518: Predefined type 'System.Object' is not defined or imported
C:\gh\azure-sdk-for-net\sdk\dataprotection\Microsoft.Azure.Management.DataProtection\tests\TestHelpers\TestHelper.cs(48,13): error CS0103: The name 'Assert' does not exist in the current context
C:\gh\azure-sdk-for-net\sdk\dataprotection\Microsoft.Azure.Management.DataProtection\tests\TestHelpers\TestHelper.cs(48,26): error CS0518: Predefined type 'System.String' is not defined or imported
C:\gh\azure-sdk-for-net\sdk\dataprotection\Microsoft.Azure.Management.DataProtection\tests\TestHelpers\TestHelper.cs(53,13): error CS0518: Predefined type 'System.String' is not defined or imported
C:\gh\azure-sdk-for-net\sdk\dataprotection\Microsoft.Azure.Management.DataProtection\tests\TestHelpers\TestHelper.cs(53,34): error CS0518: Predefined type 'System.String' is not defined or imported
C:\gh\azure-sdk-for-net\sdk\dataprotection\Microsoft.Azure.Management.DataProtection\tests\TestHelpers\TestHelper.cs(54,13): error CS0518: Predefined type 'System.Object' is not defined or imported
C:\gh\azure-sdk-for-net\sdk\dataprotection\Microsoft.Azure.Management.DataProtection\tests\TestHelpers\TestHelper.cs(54,45): error CS0518: Predefined type 'System.Object' is not defined or imported
C:\gh\azure-sdk-for-net\sdk\dataprotection\Microsoft.Azure.Management.DataProtection\tests\TestHelpers\TestHelper.cs(54,45): error CS0103: The name 'SafeJsonConvert' does not exist in the current context
C:\gh\azure-sdk-for-net\sdk\dataprotection\Microsoft.Azure.Management.DataProtection\tests\TestHelpers\TestHelper.cs(54,79): error CS0518: Predefined type 'System.Object' is not defined or imported
C:\gh\azure-sdk-for-net\sdk\dataprotection\Microsoft.Azure.Management.DataProtection\tests\TestHelpers\TestHelper.cs(54,142): error CS0246: The type or namespace name 'JsonSerializerSettings' could not be found (are you missing a using directive or an assembly reference?)
C:\gh\azure-sdk-for-net\sdk\dataprotection\Microsoft.Azure.Management.DataProtection\tests\TestHelpers\TestHelper.cs(55,13): error CS0518: Predefined type 'System.Object' is not defined or imported
C:\gh\azure-sdk-for-net\sdk\dataprotection\Microsoft.Azure.Management.DataProtection\tests\TestHelpers\TestHelper.cs(55,65): error CS0518: Predefined type 'System.String' is not defined or imported
C:\gh\azure-sdk-for-net\sdk\dataprotection\Microsoft.Azure.Management.DataProtection\tests\TestHelpers\TestHelper.cs(56,13): error CS0518: Predefined type 'System.Object' is not defined or imported
C:\gh\azure-sdk-for-net\sdk\dataprotection\Microsoft.Azure.Management.DataProtection\tests\TestHelpers\TestHelper.cs(56,13): error CS0103: The name 'Assert' does not exist in the current context
C:\gh\azure-sdk-for-net\sdk\dataprotection\Microsoft.Azure.Management.DataProtection\tests\TestHelpers\TestHelper.cs(57,13): error CS0518: Predefined type 'System.Object' is not defined or imported
C:\gh\azure-sdk-for-net\sdk\dataprotection\Microsoft.Azure.Management.DataProtection\tests\TestHelpers\TestHelper.cs(57,13): error CS0103: The name 'Assert' does not exist in the current context
C:\gh\azure-sdk-for-net\sdk\dataprotection\Microsoft.Azure.Management.DataProtection\tests\TestHelpers\TestHelper.cs(57,26): error CS0518: Predefined type 'System.String' is not defined or imported
C:\gh\azure-sdk-for-net\sdk\dataprotection\Microsoft.Azure.Management.DataProtection\tests\TestHelpers\TestHelper.cs(57,71): error CS0518: Predefined type 'System.String' is not defined or imported
C:\gh\azure-sdk-for-net\sdk\dataprotection\Microsoft.Azure.Management.DataProtection\tests\TestHelpers\TestHelper.cs(58,13): error CS0518: Predefined type 'System.Object' is not defined or imported
C:\gh\azure-sdk-for-net\sdk\dataprotection\Microsoft.Azure.Management.DataProtection\tests\TestHelpers\TestHelper.cs(58,13): error CS0103: The name 'Assert' does not exist in the current context
C:\gh\azure-sdk-for-net\sdk\dataprotection\Microsoft.Azure.Management.DataProtection\tests\TestHelpers\TestHelper.cs(58,26): error CS0518: Predefined type 'System.String' is not defined or imported
C:\gh\azure-sdk-for-net\sdk\dataprotection\Microsoft.Azure.Management.DataProtection\tests\TestHelpers\TestHelper.cs(58,233): error CS0518: Predefined type 'System.String' is not defined or imported
C:\gh\azure-sdk-for-net\sdk\dataprotection\Microsoft.Azure.Management.DataProtection\tests\TestHelpers\TestHelper.cs(63,13): error CS0518: Predefined type 'System.Object' is not defined or imported
C:\gh\azure-sdk-for-net\sdk\dataprotection\Microsoft.Azure.Management.DataProtection\tests\TestHelpers\TestHelper.cs(63,65): error CS0518: Predefined type 'System.String' is not defined or imported
C:\gh\azure-sdk-for-net\sdk\dataprotection\Microsoft.Azure.Management.DataProtection\tests\TestHelpers\TestHelper.cs(64,13): error CS0518: Predefined type 'System.Object' is not defined or imported
C:\gh\azure-sdk-for-net\sdk\dataprotection\Microsoft.Azure.Management.DataProtection\tests\TestHelpers\TestHelper.cs(64,13): error CS0103: The name 'Assert' does not exist in the current context
C:\gh\azure-sdk-for-net\sdk\dataprotection\Microsoft.Azure.Management.DataProtection\tests\TestHelpers\TestHelper.cs(69,13): error CS0518: Predefined type 'System.String' is not defined or imported
C:\gh\azure-sdk-for-net\sdk\dataprotection\Microsoft.Azure.Management.DataProtection\tests\TestHelpers\TestHelper.cs(69,34): error CS0518: Predefined type 'System.String' is not defined or imported
C:\gh\azure-sdk-for-net\sdk\dataprotection\Microsoft.Azure.Management.DataProtection\tests\TestHelpers\TestHelper.cs(70,13): error CS0518: Predefined type 'System.Object' is not defined or imported
C:\gh\azure-sdk-for-net\sdk\dataprotection\Microsoft.Azure.Management.DataProtection\tests\TestHelpers\TestHelper.cs(70,45): error CS0518: Predefined type 'System.Object' is not defined or imported
C:\gh\azure-sdk-for-net\sdk\dataprotection\Microsoft.Azure.Management.DataProtection\tests\TestHelpers\TestHelper.cs(70,45): error CS0103: The name 'SafeJsonConvert' does not exist in the current context
C:\gh\azure-sdk-for-net\sdk\dataprotection\Microsoft.Azure.Management.DataProtection\tests\TestHelpers\TestHelper.cs(70,79): error CS0518: Predefined type 'System.Object' is not defined or imported
C:\gh\azure-sdk-for-net\sdk\dataprotection\Microsoft.Azure.Management.DataProtection\tests\TestHelpers\TestHelper.cs(70,142): error CS0246: The type or namespace name 'JsonSerializerSettings' could not be found (are you missing a using directive or an assembly reference?)
C:\gh\azure-sdk-for-net\sdk\dataprotection\Microsoft.Azure.Management.DataProtection\tests\TestHelpers\TestHelper.cs(71,28): error CS0518: Predefined type 'System.String' is not defined or imported
C:\gh\azure-sdk-for-net\sdk\dataprotection\Microsoft.Azure.Management.DataProtection\tests\TestHelpers\TestHelper.cs(72,13): error CS0518: Predefined type 'System.Object' is not defined or imported
C:\gh\azure-sdk-for-net\sdk\dataprotection\Microsoft.Azure.Management.DataProtection\tests\TestHelpers\TestHelper.cs(72,13): error CS0103: The name 'Assert' does not exist in the current context
C:\gh\azure-sdk-for-net\sdk\dataprotection\Microsoft.Azure.Management.DataProtection\tests\TestHelpers\TestHelper.cs(73,13): error CS0518: Predefined type 'System.Object' is not defined or imported
C:\gh\azure-sdk-for-net\sdk\dataprotection\Microsoft.Azure.Management.DataProtection\tests\TestHelpers\TestHelper.cs(73,13): error CS0103: The name 'Assert' does not exist in the current context
C:\gh\azure-sdk-for-net\sdk\dataprotection\Microsoft.Azure.Management.DataProtection\tests\TestHelpers\TestHelper.cs(73,34): error CS0518: Predefined type 'System.String' is not defined or imported
C:\gh\azure-sdk-for-net\sdk\dataprotection\Microsoft.Azure.Management.DataProtection\tests\TestHelpers\TestHelper.cs(78,13): error CS0518: Predefined type 'System.String' is not defined or imported
C:\gh\azure-sdk-for-net\sdk\dataprotection\Microsoft.Azure.Management.DataProtection\tests\TestHelpers\TestHelper.cs(78,34): error CS0518: Predefined type 'System.String' is not defined or imported
C:\gh\azure-sdk-for-net\sdk\dataprotection\Microsoft.Azure.Management.DataProtection\tests\TestHelpers\TestHelper.cs(79,13): error CS0518: Predefined type 'System.Object' is not defined or imported
C:\gh\azure-sdk-for-net\sdk\dataprotection\Microsoft.Azure.Management.DataProtection\tests\TestHelpers\TestHelper.cs(79,43): error CS0518: Predefined type 'System.Object' is not defined or imported
C:\gh\azure-sdk-for-net\sdk\dataprotection\Microsoft.Azure.Management.DataProtection\tests\TestHelpers\TestHelper.cs(79,43): error CS0103: The name 'SafeJsonConvert' does not exist in the current context
C:\gh\azure-sdk-for-net\sdk\dataprotection\Microsoft.Azure.Management.DataProtection\tests\TestHelpers\TestHelper.cs(79,77): error CS0518: Predefined type 'System.Object' is not defined or imported
C:\gh\azure-sdk-for-net\sdk\dataprotection\Microsoft.Azure.Management.DataProtection\tests\TestHelpers\TestHelper.cs(79,138): error CS0246: The type or namespace name 'JsonSerializerSettings' could not be found (are you missing a using directive or an assembly reference?)
C:\gh\azure-sdk-for-net\sdk\dataprotection\Microsoft.Azure.Management.DataProtection\tests\TestHelpers\TestHelper.cs(80,103): error CS0518: Predefined type 'System.String' is not defined or imported
C:\gh\azure-sdk-for-net\sdk\dataprotection\Microsoft.Azure.Management.DataProtection\tests\TestHelpers\TestHelper.cs(80,28): error CS0518: Predefined type 'System.String' is not defined or imported
C:\gh\azure-sdk-for-net\sdk\dataprotection\Microsoft.Azure.Management.DataProtection\tests\TestHelpers\TestHelper.cs(81,13): error CS0518: Predefined type 'System.Object' is not defined or imported
C:\gh\azure-sdk-for-net\sdk\dataprotection\Microsoft.Azure.Management.DataProtection\tests\TestHelpers\TestHelper.cs(81,13): error CS0103: The name 'Assert' does not exist in the current context
C:\gh\azure-sdk-for-net\sdk\dataprotection\Microsoft.Azure.Management.DataProtection\tests\TestHelpers\TestHelper.cs(82,13): error CS0518: Predefined type 'System.Object' is not defined or imported
C:\gh\azure-sdk-for-net\sdk\dataprotection\Microsoft.Azure.Management.DataProtection\tests\TestHelpers\TestHelper.cs(82,13): error CS0103: The name 'Assert' does not exist in the current context
C:\gh\azure-sdk-for-net\sdk\dataprotection\Microsoft.Azure.Management.DataProtection\tests\TestHelpers\TestHelper.cs(82,26): error CS0518: Predefined type 'System.String' is not defined or imported
C:\gh\azure-sdk-for-net\sdk\dataprotection\Microsoft.Azure.Management.DataProtection\tests\TestHelpers\TestHelper.cs(83,13): error CS0518: Predefined type 'System.Object' is not defined or imported
C:\gh\azure-sdk-for-net\sdk\dataprotection\Microsoft.Azure.Management.DataProtection\tests\TestHelpers\TestHelper.cs(83,13): error CS0103: The name 'Assert' does not exist in the current context
C:\gh\azure-sdk-for-net\sdk\dataprotection\Microsoft.Azure.Management.DataProtection\tests\TestHelpers\TestHelper.cs(83,26): error CS0518: Predefined type 'System.String' is not defined or imported
C:\gh\azure-sdk-for-net\sdk\dataprotection\Microsoft.Azure.Management.DataProtection\tests\TestHelpers\TestHelper.cs(88,28): error CS0518: Predefined type 'System.String' is not defined or imported
C:\gh\azure-sdk-for-net\sdk\dataprotection\Microsoft.Azure.Management.DataProtection\tests\TestHelpers\TestHelper.cs(89,13): error CS0518: Predefined type 'System.Object' is not defined or imported
C:\gh\azure-sdk-for-net\sdk\dataprotection\Microsoft.Azure.Management.DataProtection\tests\TestHelpers\TestHelper.cs(89,13): error CS0103: The name 'Assert' does not exist in the current context
C:\gh\azure-sdk-for-net\sdk\dataprotection\Microsoft.Azure.Management.DataProtection\tests\TestHelpers\TestHelper.cs(95,13): error CS0518: Predefined type 'System.String' is not defined or imported
C:\gh\azure-sdk-for-net\sdk\dataprotection\Microsoft.Azure.Management.DataProtection\tests\TestHelpers\TestHelper.cs(95,34): error CS0518: Predefined type 'System.String' is not defined or imported
C:\gh\azure-sdk-for-net\sdk\dataprotection\Microsoft.Azure.Management.DataProtection\tests\TestHelpers\TestHelper.cs(96,13): error CS0518: Predefined type 'System.Object' is not defined or imported
C:\gh\azure-sdk-for-net\sdk\dataprotection\Microsoft.Azure.Management.DataProtection\tests\TestHelpers\TestHelper.cs(96,41): error CS0518: Predefined type 'System.Object' is not defined or imported
C:\gh\azure-sdk-for-net\sdk\dataprotection\Microsoft.Azure.Management.DataProtection\tests\TestHelpers\TestHelper.cs(96,41): error CS0103: The name 'SafeJsonConvert' does not exist in the current context
C:\gh\azure-sdk-for-net\sdk\dataprotection\Microsoft.Azure.Management.DataProtection\tests\TestHelpers\TestHelper.cs(96,75): error CS0518: Predefined type 'System.Object' is not defined or imported
C:\gh\azure-sdk-for-net\sdk\dataprotection\Microsoft.Azure.Management.DataProtection\tests\TestHelpers\TestHelper.cs(96,134): error CS0246: The type or namespace name 'JsonSerializerSettings' could not be found (are you missing a using directive or an assembly reference?)
C:\gh\azure-sdk-for-net\sdk\dataprotection\Microsoft.Azure.Management.DataProtection\tests\TestHelpers\TestHelper.cs(97,28): error CS0518: Predefined type 'System.String' is not defined or imported
C:\gh\azure-sdk-for-net\sdk\dataprotection\Microsoft.Azure.Management.DataProtection\tests\TestHelpers\TestHelper.cs(98,13): error CS0518: Predefined type 'System.Object' is not defined or imported
C:\gh\azure-sdk-for-net\sdk\dataprotection\Microsoft.Azure.Management.DataProtection\tests\TestHelpers\TestHelper.cs(98,13): error CS0103: The name 'Assert' does not exist in the current context
C:\gh\azure-sdk-for-net\sdk\dataprotection\Microsoft.Azure.Management.DataProtection\tests\TestHelpers\TestHelper.cs(99,13): error CS0518: Predefined type 'System.Object' is not defined or imported
C:\gh\azure-sdk-for-net\sdk\dataprotection\Microsoft.Azure.Management.DataProtection\tests\TestHelpers\TestHelper.cs(99,13): error CS0103: The name 'Assert' does not exist in the current context
C:\gh\azure-sdk-for-net\sdk\dataprotection\Microsoft.Azure.Management.DataProtection\tests\TestHelpers\TestHelper.cs(99,26): error CS0518: Predefined type 'System.String' is not defined or imported
C:\gh\azure-sdk-for-net\sdk\dataprotection\Microsoft.Azure.Management.DataProtection\tests\TestHelpers\TestHelper.cs(99,233): error CS0518: Predefined type 'System.String' is not defined or imported
C:\gh\azure-sdk-for-net\sdk\dataprotection\Microsoft.Azure.Management.DataProtection\tests\TestHelpers\TestHelper.cs(104,13): error CS0518: Predefined type 'System.String' is not defined or imported
C:\gh\azure-sdk-for-net\sdk\dataprotection\Microsoft.Azure.Management.DataProtection\tests\TestHelpers\TestHelper.cs(104,34): error CS0518: Predefined type 'System.String' is not defined or imported
C:\gh\azure-sdk-for-net\sdk\dataprotection\Microsoft.Azure.Management.DataProtection\tests\TestHelpers\TestHelper.cs(105,13): error CS0518: Predefined type 'System.Object' is not defined or imported
C:\gh\azure-sdk-for-net\sdk\dataprotection\Microsoft.Azure.Management.DataProtection\tests\TestHelpers\TestHelper.cs(105,49): error CS0518: Predefined type 'System.Object' is not defined or imported
C:\gh\azure-sdk-for-net\sdk\dataprotection\Microsoft.Azure.Management.DataProtection\tests\TestHelpers\TestHelper.cs(105,49): error CS0103: The name 'SafeJsonConvert' does not exist in the current context
C:\gh\azure-sdk-for-net\sdk\dataprotection\Microsoft.Azure.Management.DataProtection\tests\TestHelpers\TestHelper.cs(105,83): error CS0518: Predefined type 'System.Object' is not defined or imported
C:\gh\azure-sdk-for-net\sdk\dataprotection\Microsoft.Azure.Management.DataProtection\tests\TestHelpers\TestHelper.cs(105,150): error CS0246: The type or namespace name 'JsonSerializerSettings' could not be found (are you missing a using directive or an assembly reference?)
C:\gh\azure-sdk-for-net\sdk\dataprotection\Microsoft.Azure.Management.DataProtection\tests\TestHelpers\TestHelper.cs(106,28): error CS0518: Predefined type 'System.String' is not defined or imported
C:\gh\azure-sdk-for-net\sdk\dataprotection\Microsoft.Azure.Management.DataProtection\tests\TestHelpers\TestHelper.cs(107,13): error CS0518: Predefined type 'System.Object' is not defined or imported
C:\gh\azure-sdk-for-net\sdk\dataprotection\Microsoft.Azure.Management.DataProtection\tests\TestHelpers\TestHelper.cs(107,13): error CS0103: The name 'Assert' does not exist in the current context
C:\gh\azure-sdk-for-net\sdk\dataprotection\Microsoft.Azure.Management.DataProtection\tests\TestHelpers\TestHelper.cs(108,13): error CS0518: Predefined type 'System.Object' is not defined or imported
C:\gh\azure-sdk-for-net\sdk\dataprotection\Microsoft.Azure.Management.DataProtection\tests\TestHelpers\TestHelper.cs(108,13): error CS0103: The name 'Assert' does not exist in the current context
C:\gh\azure-sdk-for-net\sdk\dataprotection\Microsoft.Azure.Management.DataProtection\tests\TestHelpers\TestHelper.cs(108,34): error CS0518: Predefined type 'System.String' is not defined or imported
C:\gh\azure-sdk-for-net\sdk\dataprotection\Microsoft.Azure.Management.DataProtection\tests\TestHelpers\TestHelper.cs(113,13): error CS0518: Predefined type 'System.String' is not defined or imported
C:\gh\azure-sdk-for-net\sdk\dataprotection\Microsoft.Azure.Management.DataProtection\tests\TestHelpers\TestHelper.cs(113,34): error CS0518: Predefined type 'System.String' is not defined or imported
C:\gh\azure-sdk-for-net\sdk\dataprotection\Microsoft.Azure.Management.DataProtection\tests\TestHelpers\TestHelper.cs(114,13): error CS0518: Predefined type 'System.Object' is not defined or imported
C:\gh\azure-sdk-for-net\sdk\dataprotection\Microsoft.Azure.Management.DataProtection\tests\TestHelpers\TestHelper.cs(114,64): error CS0518: Predefined type 'System.Object' is not defined or imported
C:\gh\azure-sdk-for-net\sdk\dataprotection\Microsoft.Azure.Management.DataProtection\tests\TestHelpers\TestHelper.cs(114,64): error CS0103: The name 'SafeJsonConvert' does not exist in the current context
C:\gh\azure-sdk-for-net\sdk\dataprotection\Microsoft.Azure.Management.DataProtection\tests\TestHelpers\TestHelper.cs(114,98): error CS0518: Predefined type 'System.Object' is not defined or imported
C:\gh\azure-sdk-for-net\sdk\dataprotection\Microsoft.Azure.Management.DataProtection\tests\TestHelpers\TestHelper.cs(114,180): error CS0246: The type or namespace name 'JsonSerializerSettings' could not be found (are you missing a using directive or an assembly reference?)
C:\gh\azure-sdk-for-net\sdk\dataprotection\Microsoft.Azure.Management.DataProtection\tests\TestHelpers\TestHelper.cs(115,28): error CS0518: Predefined type 'System.String' is not defined or imported
C:\gh\azure-sdk-for-net\sdk\dataprotection\Microsoft.Azure.Management.DataProtection\tests\TestHelpers\TestHelper.cs(116,13): error CS0518: Predefined type 'System.Object' is not defined or imported
C:\gh\azure-sdk-for-net\sdk\dataprotection\Microsoft.Azure.Management.DataProtection\tests\TestHelpers\TestHelper.cs(116,13): error CS0103: The name 'Assert' does not exist in the current context
C:\gh\azure-sdk-for-net\sdk\dataprotection\Microsoft.Azure.Management.DataProtection\tests\TestHelpers\TestHelper.cs(117,13): error CS0518: Predefined type 'System.Object' is not defined or imported
C:\gh\azure-sdk-for-net\sdk\dataprotection\Microsoft.Azure.Management.DataProtection\tests\TestHelpers\TestHelper.cs(117,13): error CS0103: The name 'Assert' does not exist in the current context
C:\gh\azure-sdk-for-net\sdk\dataprotection\Microsoft.Azure.Management.DataProtection\tests\TestHelpers\TestHelper.cs(117,26): error CS0518: Predefined type 'System.String' is not defined or imported
C:\gh\azure-sdk-for-net\sdk\dataprotection\Microsoft.Azure.Management.DataProtection\tests\TestHelpers\TestHelper.cs(117,233): error CS0518: Predefined type 'System.String' is not defined or imported
C:\gh\azure-sdk-for-net\sdk\dataprotection\Microsoft.Azure.Management.DataProtection\tests\ScenarioTests\DPPDisksE2ETests.cs(3,1): hidden CS8019: Unnecessary using directive.
C:\gh\azure-sdk-for-net\sdk\dataprotection\Microsoft.Azure.Management.DataProtection\tests\TestHelpers\TestHelper.cs(1,1): hidden CS8019: Unnecessary using directive.
C:\gh\azure-sdk-for-net\sdk\dataprotection\Microsoft.Azure.Management.DataProtection\tests\TestHelpers\TestHelper.cs(3,1): hidden CS8019: Unnecessary using directive.
C:\gh\azure-sdk-for-net\sdk\dataprotection\Microsoft.Azure.Management.DataProtection\tests\Properties\AssemblyInfo.cs(4,1): hidden CS8019: Unnecessary using directive.
C:\gh\azure-sdk-for-net\artifacts\obj\Microsoft.Azure.Management.DataProtection.Backup.Tests\Debug\netcoreapp2.0\Microsoft.Azure.Management.DataProtection.Backup.Tests.AssemblyInfo.cs(12,1): hidden CS8019: Unnecessary using directive.
C:\gh\azure-sdk-for-net\sdk\dataprotection\Microsoft.Azure.Management.DataProtection\tests\Properties\AssemblyInfo.cs(7,1): hidden CS8019: Unnecessary using directive.
C:\gh\azure-sdk-for-net\sdk\dataprotection\Microsoft.Azure.Management.DataProtection\tests\Properties\AssemblyInfo.cs(6,1): hidden CS8019: Unnecessary using directive.
C:\gh\azure-sdk-for-net\eng\mgmt\DisableTestRunParallel.cs(5,1): hidden CS8019: Unnecessary using directive.
C:\gh\azure-sdk-for-net\artifacts\obj\Microsoft.Azure.Management.DataProtection.Backup.Tests\Debug\netcoreapp2.0\.NETCoreApp,Version=v2.0.AssemblyAttributes.cs(2,1): hidden CS8019: Unnecessary using directive.
C:\gh\azure-sdk-for-net\sdk\dataprotection\Microsoft.Azure.Management.DataProtection\tests\ScenarioTests\DPPDisksE2ETests.cs(2,1): hidden CS8019: Unnecessary using directive.
C:\gh\azure-sdk-for-net\sdk\dataprotection\Microsoft.Azure.Management.DataProtection\tests\TestHelpers\TestHelper.cs(5,1): hidden CS8019: Unnecessary using directive.
C:\gh\azure-sdk-for-net\sdk\dataprotection\Microsoft.Azure.Management.DataProtection\tests\ScenarioTests\DPPDisksE2ETests.cs(4,1): hidden CS8019: Unnecessary using directive.
C:\gh\azure-sdk-for-net\sdk\dataprotection\Microsoft.Azure.Management.DataProtection\tests\Properties\AssemblyInfo.cs(5,1): hidden CS8019: Unnecessary using directive.
C:\gh\azure-sdk-for-net\sdk\dataprotection\Microsoft.Azure.Management.DataProtection\tests\TestHelpers\TestHelper.cs(4,1): hidden CS8019: Unnecessary using directive.
C:\gh\azure-sdk-for-net\artifacts\obj\Microsoft.Azure.Management.DataProtection.Backup.Tests\Debug\netcoreapp2.0\.NETCoreApp,Version=v2.0.AssemblyAttributes.cs(3,1): hidden CS8019: Unnecessary using directive.
C:\gh\azure-sdk-for-net\sdk\dataprotection\Microsoft.Azure.Management.DataProtection\tests\TestHelpers\TestHelper.cs(2,1): hidden CS8019: Unnecessary using directive.
C:\gh\azure-sdk-for-net\sdk\dataprotection\Microsoft.Azure.Management.DataProtection\tests\TestHelpers\TestHelper.cs(7,1): hidden CS8019: Unnecessary using directive.
C:\gh\azure-sdk-for-net\artifacts\obj\Microsoft.Azure.Management.DataProtection.Backup.Tests\Debug\netcoreapp2.0\Microsoft.Azure.Management.DataProtection.Backup.Tests.AssemblyInfo.cs(11,1): hidden CS8019: Unnecessary using directive.
C:\gh\azure-sdk-for-net\eng\mgmt\DisableTestRunParallel.cs(4,1): hidden CS8019: Unnecessary using directive.
