C:\gh\azure-sdk-for-net\sdk\core\Azure.Core.Experimental\tests\DynamicJsonTest.cs(209,43): error CS0246: The type or namespace name 'JsonElement' could not be found (are you missing a using directive or an assembly reference?)
C:\gh\azure-sdk-for-net\sdk\core\Azure.Core.Experimental\tests\SerializationExtensionsTests.cs(61,10): error CS0246: The type or namespace name 'TestAttribute' could not be found (are you missing a using directive or an assembly reference?)
C:\gh\azure-sdk-for-net\sdk\core\Azure.Core.Experimental\tests\SerializationExtensionsTests.cs(61,10): error CS0246: The type or namespace name 'Test' could not be found (are you missing a using directive or an assembly reference?)
C:\gh\azure-sdk-for-net\sdk\core\Azure.Core.Experimental\tests\GeoJsonSerializationTests.cs(12,6): error CS0246: The type or namespace name 'TestFixtureAttribute' could not be found (are you missing a using directive or an assembly reference?)
C:\gh\azure-sdk-for-net\sdk\core\Azure.Core.Experimental\tests\GeoJsonSerializationTests.cs(12,6): error CS0246: The type or namespace name 'TestFixture' could not be found (are you missing a using directive or an assembly reference?)
C:\gh\azure-sdk-for-net\sdk\core\Azure.Core.Experimental\tests\GeoJsonSerializationTests.cs(13,6): error CS0246: The type or namespace name 'TestFixtureAttribute' could not be found (are you missing a using directive or an assembly reference?)
C:\gh\azure-sdk-for-net\sdk\core\Azure.Core.Experimental\tests\GeoJsonSerializationTests.cs(13,6): error CS0246: The type or namespace name 'TestFixture' could not be found (are you missing a using directive or an assembly reference?)
C:\gh\azure-sdk-for-net\sdk\core\Azure.Core.Experimental\tests\SerializationExtensionsTests.cs(40,10): error CS0246: The type or namespace name 'TestAttribute' could not be found (are you missing a using directive or an assembly reference?)
C:\gh\azure-sdk-for-net\sdk\core\Azure.Core.Experimental\tests\SerializationExtensionsTests.cs(40,10): error CS0246: The type or namespace name 'Test' could not be found (are you missing a using directive or an assembly reference?)
C:\gh\azure-sdk-for-net\sdk\core\Azure.Core.Experimental\tests\SerializationExtensionsTests.cs(16,10): error CS0246: The type or namespace name 'TestAttribute' could not be found (are you missing a using directive or an assembly reference?)
C:\gh\azure-sdk-for-net\sdk\core\Azure.Core.Experimental\tests\SerializationExtensionsTests.cs(16,10): error CS0246: The type or namespace name 'Test' could not be found (are you missing a using directive or an assembly reference?)
C:\gh\azure-sdk-for-net\sdk\core\Azure.Core.Experimental\tests\DynamicJsonDynamicMutableTests.cs(5,19): error CS0234: The type or namespace name 'Json' does not exist in the namespace 'System.Text' (are you missing an assembly reference?)
C:\gh\azure-sdk-for-net\sdk\core\Azure.Core.Experimental\tests\DynamicJsonDynamicMutableTests.cs(7,7): error CS0246: The type or namespace name 'NUnit' could not be found (are you missing a using directive or an assembly reference?)
C:\gh\azure-sdk-for-net\sdk\core\Azure.Core.Experimental\tests\DynamicJsonMutableTests.cs(4,7): error CS0246: The type or namespace name 'NUnit' could not be found (are you missing a using directive or an assembly reference?)
C:\gh\azure-sdk-for-net\sdk\core\Azure.Core.Experimental\tests\DynamicJsonTest.cs(6,19): error CS0234: The type or namespace name 'Json' does not exist in the namespace 'System.Text' (are you missing an assembly reference?)
C:\gh\azure-sdk-for-net\sdk\core\Azure.Core.Experimental\tests\DynamicJsonTest.cs(7,7): error CS0246: The type or namespace name 'NUnit' could not be found (are you missing a using directive or an assembly reference?)
C:\gh\azure-sdk-for-net\sdk\core\Azure.Core.Experimental\tests\GeoJsonSerializationTests.cs(6,19): error CS0234: The type or namespace name 'Json' does not exist in the namespace 'System.Text' (are you missing an assembly reference?)
C:\gh\azure-sdk-for-net\sdk\core\Azure.Core.Experimental\tests\GeoJsonSerializationTests.cs(8,7): error CS0246: The type or namespace name 'NUnit' could not be found (are you missing a using directive or an assembly reference?)
C:\gh\azure-sdk-for-net\sdk\core\Azure.Core.Experimental\tests\GeoJsonTests.cs(5,7): error CS0246: The type or namespace name 'NUnit' could not be found (are you missing a using directive or an assembly reference?)
C:\gh\azure-sdk-for-net\sdk\core\Azure.Core.Experimental\tests\SerializationExtensionsTests.cs(7,19): error CS0234: The type or namespace name 'Json' does not exist in the namespace 'System.Text' (are you missing an assembly reference?)
C:\gh\azure-sdk-for-net\sdk\core\Azure.Core.Experimental\tests\SerializationExtensionsTests.cs(9,18): error CS0234: The type or namespace name 'Serialization' does not exist in the namespace 'Azure.Core' (are you missing an assembly reference?)
C:\gh\azure-sdk-for-net\sdk\core\Azure.Core.Experimental\tests\SerializationExtensionsTests.cs(10,7): error CS0246: The type or namespace name 'NUnit' could not be found (are you missing a using directive or an assembly reference?)
C:\gh\azure-sdk-for-net\sdk\core\Azure.Core.Experimental\tests\SpatialGeoArrayTest.cs(6,7): error CS0246: The type or namespace name 'NUnit' could not be found (are you missing a using directive or an assembly reference?)
C:\gh\azure-sdk-for-net\sdk\core\Azure.Core.Experimental\tests\DynamicJsonMutableTests.cs(10,10): error CS0246: The type or namespace name 'TestAttribute' could not be found (are you missing a using directive or an assembly reference?)
C:\gh\azure-sdk-for-net\sdk\core\Azure.Core.Experimental\tests\DynamicJsonMutableTests.cs(10,10): error CS0246: The type or namespace name 'Test' could not be found (are you missing a using directive or an assembly reference?)
C:\gh\azure-sdk-for-net\sdk\core\Azure.Core.Experimental\tests\GeoJsonTests.cs(11,10): error CS0246: The type or namespace name 'TestAttribute' could not be found (are you missing a using directive or an assembly reference?)
C:\gh\azure-sdk-for-net\sdk\core\Azure.Core.Experimental\tests\GeoJsonTests.cs(11,10): error CS0246: The type or namespace name 'Test' could not be found (are you missing a using directive or an assembly reference?)
C:\gh\azure-sdk-for-net\sdk\core\Azure.Core.Experimental\tests\DynamicJsonMutableTests.cs(21,10): error CS0246: The type or namespace name 'TestAttribute' could not be found (are you missing a using directive or an assembly reference?)
C:\gh\azure-sdk-for-net\sdk\core\Azure.Core.Experimental\tests\DynamicJsonMutableTests.cs(21,10): error CS0246: The type or namespace name 'Test' could not be found (are you missing a using directive or an assembly reference?)
C:\gh\azure-sdk-for-net\sdk\core\Azure.Core.Experimental\tests\DynamicJsonTest.cs(13,10): error CS0246: The type or namespace name 'TestAttribute' could not be found (are you missing a using directive or an assembly reference?)
C:\gh\azure-sdk-for-net\sdk\core\Azure.Core.Experimental\tests\DynamicJsonTest.cs(13,10): error CS0246: The type or namespace name 'Test' could not be found (are you missing a using directive or an assembly reference?)
C:\gh\azure-sdk-for-net\sdk\core\Azure.Core.Experimental\tests\GeoJsonSerializationTests.cs(23,10): error CS0246: The type or namespace name 'TestAttribute' could not be found (are you missing a using directive or an assembly reference?)
C:\gh\azure-sdk-for-net\sdk\core\Azure.Core.Experimental\tests\GeoJsonSerializationTests.cs(23,10): error CS0246: The type or namespace name 'Test' could not be found (are you missing a using directive or an assembly reference?)
C:\gh\azure-sdk-for-net\sdk\core\Azure.Core.Experimental\tests\GeoJsonTests.cs(18,10): error CS0246: The type or namespace name 'TestAttribute' could not be found (are you missing a using directive or an assembly reference?)
C:\gh\azure-sdk-for-net\sdk\core\Azure.Core.Experimental\tests\GeoJsonTests.cs(18,10): error CS0246: The type or namespace name 'Test' could not be found (are you missing a using directive or an assembly reference?)
C:\gh\azure-sdk-for-net\sdk\core\Azure.Core.Experimental\tests\DynamicJsonDynamicMutableTests.cs(13,10): error CS0246: The type or namespace name 'TestAttribute' could not be found (are you missing a using directive or an assembly reference?)
C:\gh\azure-sdk-for-net\sdk\core\Azure.Core.Experimental\tests\DynamicJsonDynamicMutableTests.cs(13,10): error CS0246: The type or namespace name 'Test' could not be found (are you missing a using directive or an assembly reference?)
C:\gh\azure-sdk-for-net\sdk\core\Azure.Core.Experimental\tests\SpatialGeoArrayTest.cs(12,10): error CS0246: The type or namespace name 'TestAttribute' could not be found (are you missing a using directive or an assembly reference?)
C:\gh\azure-sdk-for-net\sdk\core\Azure.Core.Experimental\tests\SpatialGeoArrayTest.cs(12,10): error CS0246: The type or namespace name 'Test' could not be found (are you missing a using directive or an assembly reference?)
C:\gh\azure-sdk-for-net\sdk\core\Azure.Core.Experimental\tests\DynamicJsonTest.cs(21,10): error CS0246: The type or namespace name 'TestAttribute' could not be found (are you missing a using directive or an assembly reference?)
C:\gh\azure-sdk-for-net\sdk\core\Azure.Core.Experimental\tests\DynamicJsonTest.cs(21,10): error CS0246: The type or namespace name 'Test' could not be found (are you missing a using directive or an assembly reference?)
C:\gh\azure-sdk-for-net\sdk\core\Azure.Core.Experimental\tests\GeoJsonTests.cs(25,10): error CS0246: The type or namespace name 'TestAttribute' could not be found (are you missing a using directive or an assembly reference?)
C:\gh\azure-sdk-for-net\sdk\core\Azure.Core.Experimental\tests\GeoJsonTests.cs(25,10): error CS0246: The type or namespace name 'Test' could not be found (are you missing a using directive or an assembly reference?)
C:\gh\azure-sdk-for-net\sdk\core\Azure.Core.Experimental\tests\GeoJsonSerializationTests.cs(32,10): error CS0246: The type or namespace name 'TestAttribute' could not be found (are you missing a using directive or an assembly reference?)
C:\gh\azure-sdk-for-net\sdk\core\Azure.Core.Experimental\tests\GeoJsonSerializationTests.cs(32,10): error CS0246: The type or namespace name 'Test' could not be found (are you missing a using directive or an assembly reference?)
C:\gh\azure-sdk-for-net\sdk\core\Azure.Core.Experimental\tests\DynamicJsonDynamicMutableTests.cs(25,10): error CS0246: The type or namespace name 'TestAttribute' could not be found (are you missing a using directive or an assembly reference?)
C:\gh\azure-sdk-for-net\sdk\core\Azure.Core.Experimental\tests\DynamicJsonDynamicMutableTests.cs(25,10): error CS0246: The type or namespace name 'Test' could not be found (are you missing a using directive or an assembly reference?)
C:\gh\azure-sdk-for-net\sdk\core\Azure.Core.Experimental\tests\DynamicJsonTest.cs(24,10): error CS0246: The type or namespace name 'TestAttribute' could not be found (are you missing a using directive or an assembly reference?)
C:\gh\azure-sdk-for-net\sdk\core\Azure.Core.Experimental\tests\DynamicJsonTest.cs(24,10): error CS0246: The type or namespace name 'Test' could not be found (are you missing a using directive or an assembly reference?)
C:\gh\azure-sdk-for-net\sdk\core\Azure.Core.Experimental\tests\SpatialGeoArrayTest.cs(22,10): error CS0246: The type or namespace name 'TestAttribute' could not be found (are you missing a using directive or an assembly reference?)
C:\gh\azure-sdk-for-net\sdk\core\Azure.Core.Experimental\tests\SpatialGeoArrayTest.cs(22,10): error CS0246: The type or namespace name 'Test' could not be found (are you missing a using directive or an assembly reference?)
C:\gh\azure-sdk-for-net\sdk\core\Azure.Core.Experimental\tests\GeoJsonSerializationTests.cs(68,10): error CS0246: The type or namespace name 'TestAttribute' could not be found (are you missing a using directive or an assembly reference?)
C:\gh\azure-sdk-for-net\sdk\core\Azure.Core.Experimental\tests\GeoJsonSerializationTests.cs(68,10): error CS0246: The type or namespace name 'Test' could not be found (are you missing a using directive or an assembly reference?)
C:\gh\azure-sdk-for-net\sdk\core\Azure.Core.Experimental\tests\SerializationExtensionsTests.cs(87,14): error CS0246: The type or namespace name 'JsonIgnoreAttribute' could not be found (are you missing a using directive or an assembly reference?)
C:\gh\azure-sdk-for-net\sdk\core\Azure.Core.Experimental\tests\SerializationExtensionsTests.cs(87,14): error CS0246: The type or namespace name 'JsonIgnore' could not be found (are you missing a using directive or an assembly reference?)
C:\gh\azure-sdk-for-net\sdk\core\Azure.Core.Experimental\tests\SpatialGeoArrayTest.cs(34,10): error CS0246: The type or namespace name 'TestAttribute' could not be found (are you missing a using directive or an assembly reference?)
C:\gh\azure-sdk-for-net\sdk\core\Azure.Core.Experimental\tests\SpatialGeoArrayTest.cs(34,10): error CS0246: The type or namespace name 'Test' could not be found (are you missing a using directive or an assembly reference?)
C:\gh\azure-sdk-for-net\sdk\core\Azure.Core.Experimental\tests\DynamicJsonTest.cs(27,10): error CS0246: The type or namespace name 'TestAttribute' could not be found (are you missing a using directive or an assembly reference?)
C:\gh\azure-sdk-for-net\sdk\core\Azure.Core.Experimental\tests\DynamicJsonTest.cs(27,10): error CS0246: The type or namespace name 'Test' could not be found (are you missing a using directive or an assembly reference?)
C:\gh\azure-sdk-for-net\sdk\core\Azure.Core.Experimental\tests\SpatialGeoArrayTest.cs(54,10): error CS0246: The type or namespace name 'TestAttribute' could not be found (are you missing a using directive or an assembly reference?)
C:\gh\azure-sdk-for-net\sdk\core\Azure.Core.Experimental\tests\SpatialGeoArrayTest.cs(54,10): error CS0246: The type or namespace name 'Test' could not be found (are you missing a using directive or an assembly reference?)
C:\gh\azure-sdk-for-net\sdk\core\Azure.Core.Experimental\tests\DynamicJsonTest.cs(30,10): error CS0246: The type or namespace name 'TestAttribute' could not be found (are you missing a using directive or an assembly reference?)
C:\gh\azure-sdk-for-net\sdk\core\Azure.Core.Experimental\tests\DynamicJsonTest.cs(30,10): error CS0246: The type or namespace name 'Test' could not be found (are you missing a using directive or an assembly reference?)
C:\gh\azure-sdk-for-net\sdk\core\Azure.Core.Experimental\tests\GeoJsonSerializationTests.cs(102,10): error CS0246: The type or namespace name 'TestAttribute' could not be found (are you missing a using directive or an assembly reference?)
C:\gh\azure-sdk-for-net\sdk\core\Azure.Core.Experimental\tests\GeoJsonSerializationTests.cs(102,10): error CS0246: The type or namespace name 'Test' could not be found (are you missing a using directive or an assembly reference?)
C:\gh\azure-sdk-for-net\sdk\core\Azure.Core.Experimental\tests\SpatialGeoArrayTest.cs(77,10): error CS0246: The type or namespace name 'TestAttribute' could not be found (are you missing a using directive or an assembly reference?)
C:\gh\azure-sdk-for-net\sdk\core\Azure.Core.Experimental\tests\SpatialGeoArrayTest.cs(77,10): error CS0246: The type or namespace name 'Test' could not be found (are you missing a using directive or an assembly reference?)
C:\gh\azure-sdk-for-net\sdk\core\Azure.Core.Experimental\tests\SerializationExtensionsTests.cs(102,14): error CS0246: The type or namespace name 'JsonPropertyNameAttribute' could not be found (are you missing a using directive or an assembly reference?)
C:\gh\azure-sdk-for-net\sdk\core\Azure.Core.Experimental\tests\SerializationExtensionsTests.cs(102,14): error CS0246: The type or namespace name 'JsonPropertyName' could not be found (are you missing a using directive or an assembly reference?)
C:\gh\azure-sdk-for-net\sdk\core\Azure.Core.Experimental\tests\DynamicJsonTest.cs(33,10): error CS0246: The type or namespace name 'TestAttribute' could not be found (are you missing a using directive or an assembly reference?)
C:\gh\azure-sdk-for-net\sdk\core\Azure.Core.Experimental\tests\DynamicJsonTest.cs(33,10): error CS0246: The type or namespace name 'Test' could not be found (are you missing a using directive or an assembly reference?)
C:\gh\azure-sdk-for-net\sdk\core\Azure.Core.Experimental\tests\SpatialGeoArrayTest.cs(108,10): error CS0246: The type or namespace name 'TestAttribute' could not be found (are you missing a using directive or an assembly reference?)
C:\gh\azure-sdk-for-net\sdk\core\Azure.Core.Experimental\tests\SpatialGeoArrayTest.cs(108,10): error CS0246: The type or namespace name 'Test' could not be found (are you missing a using directive or an assembly reference?)
C:\gh\azure-sdk-for-net\sdk\core\Azure.Core.Experimental\tests\GeoJsonSerializationTests.cs(121,10): error CS0246: The type or namespace name 'TestAttribute' could not be found (are you missing a using directive or an assembly reference?)
C:\gh\azure-sdk-for-net\sdk\core\Azure.Core.Experimental\tests\GeoJsonSerializationTests.cs(121,10): error CS0246: The type or namespace name 'Test' could not be found (are you missing a using directive or an assembly reference?)
C:\gh\azure-sdk-for-net\sdk\core\Azure.Core.Experimental\tests\DynamicJsonDynamicMutableTests.cs(35,10): error CS0246: The type or namespace name 'TestCaseSourceAttribute' could not be found (are you missing a using directive or an assembly reference?)
C:\gh\azure-sdk-for-net\sdk\core\Azure.Core.Experimental\tests\DynamicJsonDynamicMutableTests.cs(35,10): error CS0246: The type or namespace name 'TestCaseSource' could not be found (are you missing a using directive or an assembly reference?)
C:\gh\azure-sdk-for-net\sdk\core\Azure.Core.Experimental\tests\DynamicJsonTest.cs(36,10): error CS0246: The type or namespace name 'TestAttribute' could not be found (are you missing a using directive or an assembly reference?)
C:\gh\azure-sdk-for-net\sdk\core\Azure.Core.Experimental\tests\DynamicJsonTest.cs(36,10): error CS0246: The type or namespace name 'Test' could not be found (are you missing a using directive or an assembly reference?)
C:\gh\azure-sdk-for-net\sdk\core\Azure.Core.Experimental\tests\SpatialGeoArrayTest.cs(155,10): error CS0246: The type or namespace name 'TestAttribute' could not be found (are you missing a using directive or an assembly reference?)
C:\gh\azure-sdk-for-net\sdk\core\Azure.Core.Experimental\tests\SpatialGeoArrayTest.cs(155,10): error CS0246: The type or namespace name 'Test' could not be found (are you missing a using directive or an assembly reference?)
C:\gh\azure-sdk-for-net\sdk\core\Azure.Core.Experimental\tests\GeoJsonSerializationTests.cs(153,10): error CS0246: The type or namespace name 'TestAttribute' could not be found (are you missing a using directive or an assembly reference?)
C:\gh\azure-sdk-for-net\sdk\core\Azure.Core.Experimental\tests\GeoJsonSerializationTests.cs(153,10): error CS0246: The type or namespace name 'Test' could not be found (are you missing a using directive or an assembly reference?)
C:\gh\azure-sdk-for-net\sdk\core\Azure.Core.Experimental\tests\GeoJsonSerializationTests.cs(165,10): error CS0246: The type or namespace name 'TestAttribute' could not be found (are you missing a using directive or an assembly reference?)
C:\gh\azure-sdk-for-net\sdk\core\Azure.Core.Experimental\tests\GeoJsonSerializationTests.cs(165,10): error CS0246: The type or namespace name 'Test' could not be found (are you missing a using directive or an assembly reference?)
C:\gh\azure-sdk-for-net\sdk\core\Azure.Core.Experimental\tests\DynamicJsonTest.cs(39,10): error CS0246: The type or namespace name 'TestAttribute' could not be found (are you missing a using directive or an assembly reference?)
C:\gh\azure-sdk-for-net\sdk\core\Azure.Core.Experimental\tests\DynamicJsonTest.cs(39,10): error CS0246: The type or namespace name 'Test' could not be found (are you missing a using directive or an assembly reference?)
C:\gh\azure-sdk-for-net\sdk\core\Azure.Core.Experimental\tests\GeoJsonSerializationTests.cs(186,10): error CS0246: The type or namespace name 'TestAttribute' could not be found (are you missing a using directive or an assembly reference?)
C:\gh\azure-sdk-for-net\sdk\core\Azure.Core.Experimental\tests\GeoJsonSerializationTests.cs(186,10): error CS0246: The type or namespace name 'Test' could not be found (are you missing a using directive or an assembly reference?)
C:\gh\azure-sdk-for-net\sdk\core\Azure.Core.Experimental\tests\DynamicJsonTest.cs(42,10): error CS0246: The type or namespace name 'TestAttribute' could not be found (are you missing a using directive or an assembly reference?)
C:\gh\azure-sdk-for-net\sdk\core\Azure.Core.Experimental\tests\DynamicJsonTest.cs(42,10): error CS0246: The type or namespace name 'Test' could not be found (are you missing a using directive or an assembly reference?)
C:\gh\azure-sdk-for-net\sdk\core\Azure.Core.Experimental\tests\DynamicJsonDynamicMutableTests.cs(45,10): error CS0246: The type or namespace name 'TestCaseSourceAttribute' could not be found (are you missing a using directive or an assembly reference?)
C:\gh\azure-sdk-for-net\sdk\core\Azure.Core.Experimental\tests\DynamicJsonDynamicMutableTests.cs(45,10): error CS0246: The type or namespace name 'TestCaseSource' could not be found (are you missing a using directive or an assembly reference?)
C:\gh\azure-sdk-for-net\sdk\core\Azure.Core.Experimental\tests\GeoJsonSerializationTests.cs(236,10): error CS0246: The type or namespace name 'TestAttribute' could not be found (are you missing a using directive or an assembly reference?)
C:\gh\azure-sdk-for-net\sdk\core\Azure.Core.Experimental\tests\GeoJsonSerializationTests.cs(236,10): error CS0246: The type or namespace name 'Test' could not be found (are you missing a using directive or an assembly reference?)
C:\gh\azure-sdk-for-net\sdk\core\Azure.Core.Experimental\tests\DynamicJsonTest.cs(45,10): error CS0246: The type or namespace name 'TestAttribute' could not be found (are you missing a using directive or an assembly reference?)
C:\gh\azure-sdk-for-net\sdk\core\Azure.Core.Experimental\tests\DynamicJsonTest.cs(45,10): error CS0246: The type or namespace name 'Test' could not be found (are you missing a using directive or an assembly reference?)
C:\gh\azure-sdk-for-net\sdk\core\Azure.Core.Experimental\tests\DynamicJsonTest.cs(73,10): error CS0246: The type or namespace name 'TestAttribute' could not be found (are you missing a using directive or an assembly reference?)
C:\gh\azure-sdk-for-net\sdk\core\Azure.Core.Experimental\tests\DynamicJsonTest.cs(73,10): error CS0246: The type or namespace name 'Test' could not be found (are you missing a using directive or an assembly reference?)
C:\gh\azure-sdk-for-net\sdk\core\Azure.Core.Experimental\tests\DynamicJsonTest.cs(87,10): error CS0246: The type or namespace name 'TestAttribute' could not be found (are you missing a using directive or an assembly reference?)
C:\gh\azure-sdk-for-net\sdk\core\Azure.Core.Experimental\tests\DynamicJsonTest.cs(87,10): error CS0246: The type or namespace name 'Test' could not be found (are you missing a using directive or an assembly reference?)
C:\gh\azure-sdk-for-net\sdk\core\Azure.Core.Experimental\tests\DynamicJsonTest.cs(94,10): error CS0246: The type or namespace name 'TestAttribute' could not be found (are you missing a using directive or an assembly reference?)
C:\gh\azure-sdk-for-net\sdk\core\Azure.Core.Experimental\tests\DynamicJsonTest.cs(94,10): error CS0246: The type or namespace name 'Test' could not be found (are you missing a using directive or an assembly reference?)
C:\gh\azure-sdk-for-net\sdk\core\Azure.Core.Experimental\tests\DynamicJsonTest.cs(104,10): error CS0246: The type or namespace name 'TestAttribute' could not be found (are you missing a using directive or an assembly reference?)
C:\gh\azure-sdk-for-net\sdk\core\Azure.Core.Experimental\tests\DynamicJsonTest.cs(104,10): error CS0246: The type or namespace name 'Test' could not be found (are you missing a using directive or an assembly reference?)
C:\gh\azure-sdk-for-net\sdk\core\Azure.Core.Experimental\tests\DynamicJsonDynamicMutableTests.cs(53,10): error CS0246: The type or namespace name 'TestAttribute' could not be found (are you missing a using directive or an assembly reference?)
C:\gh\azure-sdk-for-net\sdk\core\Azure.Core.Experimental\tests\DynamicJsonDynamicMutableTests.cs(53,10): error CS0246: The type or namespace name 'Test' could not be found (are you missing a using directive or an assembly reference?)
C:\gh\azure-sdk-for-net\sdk\core\Azure.Core.Experimental\tests\DynamicJsonTest.cs(113,10): error CS0246: The type or namespace name 'TestAttribute' could not be found (are you missing a using directive or an assembly reference?)
C:\gh\azure-sdk-for-net\sdk\core\Azure.Core.Experimental\tests\DynamicJsonTest.cs(113,10): error CS0246: The type or namespace name 'Test' could not be found (are you missing a using directive or an assembly reference?)
C:\gh\azure-sdk-for-net\sdk\core\Azure.Core.Experimental\tests\DynamicJsonTest.cs(129,10): error CS0246: The type or namespace name 'TestAttribute' could not be found (are you missing a using directive or an assembly reference?)
C:\gh\azure-sdk-for-net\sdk\core\Azure.Core.Experimental\tests\DynamicJsonTest.cs(129,10): error CS0246: The type or namespace name 'Test' could not be found (are you missing a using directive or an assembly reference?)
C:\gh\azure-sdk-for-net\sdk\core\Azure.Core.Experimental\tests\DynamicJsonDynamicMutableTests.cs(63,10): error CS0246: The type or namespace name 'TestAttribute' could not be found (are you missing a using directive or an assembly reference?)
C:\gh\azure-sdk-for-net\sdk\core\Azure.Core.Experimental\tests\DynamicJsonDynamicMutableTests.cs(63,10): error CS0246: The type or namespace name 'Test' could not be found (are you missing a using directive or an assembly reference?)
C:\gh\azure-sdk-for-net\sdk\core\Azure.Core.Experimental\tests\DynamicJsonTest.cs(140,10): error CS0246: The type or namespace name 'TestAttribute' could not be found (are you missing a using directive or an assembly reference?)
C:\gh\azure-sdk-for-net\sdk\core\Azure.Core.Experimental\tests\DynamicJsonTest.cs(140,10): error CS0246: The type or namespace name 'Test' could not be found (are you missing a using directive or an assembly reference?)
C:\gh\azure-sdk-for-net\sdk\core\Azure.Core.Experimental\tests\DynamicJsonDynamicMutableTests.cs(74,10): error CS0246: The type or namespace name 'TestAttribute' could not be found (are you missing a using directive or an assembly reference?)
C:\gh\azure-sdk-for-net\sdk\core\Azure.Core.Experimental\tests\DynamicJsonDynamicMutableTests.cs(74,10): error CS0246: The type or namespace name 'Test' could not be found (are you missing a using directive or an assembly reference?)
C:\gh\azure-sdk-for-net\sdk\core\Azure.Core.Experimental\tests\DynamicJsonTest.cs(151,10): error CS0246: The type or namespace name 'TestAttribute' could not be found (are you missing a using directive or an assembly reference?)
C:\gh\azure-sdk-for-net\sdk\core\Azure.Core.Experimental\tests\DynamicJsonTest.cs(151,10): error CS0246: The type or namespace name 'Test' could not be found (are you missing a using directive or an assembly reference?)
C:\gh\azure-sdk-for-net\sdk\core\Azure.Core.Experimental\tests\DynamicJsonTest.cs(162,10): error CS0246: The type or namespace name 'TestAttribute' could not be found (are you missing a using directive or an assembly reference?)
C:\gh\azure-sdk-for-net\sdk\core\Azure.Core.Experimental\tests\DynamicJsonTest.cs(162,10): error CS0246: The type or namespace name 'Test' could not be found (are you missing a using directive or an assembly reference?)
C:\gh\azure-sdk-for-net\sdk\core\Azure.Core.Experimental\tests\DynamicJsonDynamicMutableTests.cs(86,10): error CS0246: The type or namespace name 'TestAttribute' could not be found (are you missing a using directive or an assembly reference?)
C:\gh\azure-sdk-for-net\sdk\core\Azure.Core.Experimental\tests\DynamicJsonDynamicMutableTests.cs(86,10): error CS0246: The type or namespace name 'Test' could not be found (are you missing a using directive or an assembly reference?)
C:\gh\azure-sdk-for-net\sdk\core\Azure.Core.Experimental\tests\DynamicJsonTest.cs(177,10): error CS0246: The type or namespace name 'TestAttribute' could not be found (are you missing a using directive or an assembly reference?)
C:\gh\azure-sdk-for-net\sdk\core\Azure.Core.Experimental\tests\DynamicJsonTest.cs(177,10): error CS0246: The type or namespace name 'Test' could not be found (are you missing a using directive or an assembly reference?)
C:\gh\azure-sdk-for-net\sdk\core\Azure.Core.Experimental\tests\DynamicJsonTest.cs(192,10): error CS0246: The type or namespace name 'TestAttribute' could not be found (are you missing a using directive or an assembly reference?)
C:\gh\azure-sdk-for-net\sdk\core\Azure.Core.Experimental\tests\DynamicJsonTest.cs(192,10): error CS0246: The type or namespace name 'Test' could not be found (are you missing a using directive or an assembly reference?)
C:\gh\azure-sdk-for-net\sdk\core\Azure.Core.Experimental\tests\DynamicJsonDynamicMutableTests.cs(99,10): error CS0246: The type or namespace name 'TestCaseSourceAttribute' could not be found (are you missing a using directive or an assembly reference?)
C:\gh\azure-sdk-for-net\sdk\core\Azure.Core.Experimental\tests\DynamicJsonDynamicMutableTests.cs(99,10): error CS0246: The type or namespace name 'TestCaseSource' could not be found (are you missing a using directive or an assembly reference?)
C:\gh\azure-sdk-for-net\sdk\core\Azure.Core.Experimental\tests\DynamicJsonTest.cs(18,13): error CS0103: The name 'Assert' does not exist in the current context
C:\gh\azure-sdk-for-net\sdk\core\Azure.Core.Experimental\tests\SpatialGeoArrayTest.cs(17,13): error CS0103: The name 'Assert' does not exist in the current context
C:\gh\azure-sdk-for-net\sdk\core\Azure.Core.Experimental\tests\SpatialGeoArrayTest.cs(18,13): error CS0103: The name 'Assert' does not exist in the current context
C:\gh\azure-sdk-for-net\sdk\core\Azure.Core.Experimental\tests\SpatialGeoArrayTest.cs(19,13): error CS0103: The name 'Assert' does not exist in the current context
C:\gh\azure-sdk-for-net\sdk\core\Azure.Core.Experimental\tests\DynamicJsonTest.cs(22,52): error CS0103: The name 'Assert' does not exist in the current context
C:\gh\azure-sdk-for-net\sdk\core\Azure.Core.Experimental\tests\GeoJsonSerializationTests.cs(29,13): error CS0103: The name 'Assert' does not exist in the current context
C:\gh\azure-sdk-for-net\sdk\core\Azure.Core.Experimental\tests\DynamicJsonMutableTests.cs(18,13): error CS0103: The name 'Assert' does not exist in the current context
C:\gh\azure-sdk-for-net\sdk\core\Azure.Core.Experimental\tests\GeoJsonTests.cs(14,13): error CS0103: The name 'Assert' does not exist in the current context
C:\gh\azure-sdk-for-net\sdk\core\Azure.Core.Experimental\tests\GeoJsonTests.cs(15,13): error CS0103: The name 'Assert' does not exist in the current context
C:\gh\azure-sdk-for-net\sdk\core\Azure.Core.Experimental\tests\DynamicJsonTest.cs(25,49): error CS0103: The name 'Assert' does not exist in the current context
C:\gh\azure-sdk-for-net\sdk\core\Azure.Core.Experimental\tests\DynamicJsonTest.cs(28,50): error CS0103: The name 'Assert' does not exist in the current context
C:\gh\azure-sdk-for-net\sdk\core\Azure.Core.Experimental\tests\DynamicJsonMutableTests.cs(27,13): error CS0103: The name 'Assert' does not exist in the current context
C:\gh\azure-sdk-for-net\sdk\core\Azure.Core.Experimental\tests\DynamicJsonTest.cs(31,50): error CS0103: The name 'Assert' does not exist in the current context
C:\gh\azure-sdk-for-net\sdk\core\Azure.Core.Experimental\tests\GeoJsonTests.cs(22,13): error CS0103: The name 'Assert' does not exist in the current context
C:\gh\azure-sdk-for-net\sdk\core\Azure.Core.Experimental\tests\DynamicJsonTest.cs(34,58): error CS0103: The name 'Assert' does not exist in the current context
C:\gh\azure-sdk-for-net\sdk\core\Azure.Core.Experimental\tests\SpatialGeoArrayTest.cs(27,13): error CS0103: The name 'Assert' does not exist in the current context
C:\gh\azure-sdk-for-net\sdk\core\Azure.Core.Experimental\tests\SpatialGeoArrayTest.cs(29,13): error CS0103: The name 'Assert' does not exist in the current context
C:\gh\azure-sdk-for-net\sdk\core\Azure.Core.Experimental\tests\SpatialGeoArrayTest.cs(30,13): error CS0103: The name 'Assert' does not exist in the current context
C:\gh\azure-sdk-for-net\sdk\core\Azure.Core.Experimental\tests\SpatialGeoArrayTest.cs(31,13): error CS0103: The name 'Assert' does not exist in the current context
C:\gh\azure-sdk-for-net\sdk\core\Azure.Core.Experimental\tests\DynamicJsonTest.cs(37,63): error CS0103: The name 'Assert' does not exist in the current context
C:\gh\azure-sdk-for-net\sdk\core\Azure.Core.Experimental\tests\GeoJsonTests.cs(29,13): error CS0103: The name 'Assert' does not exist in the current context
C:\gh\azure-sdk-for-net\sdk\core\Azure.Core.Experimental\tests\GeoJsonTests.cs(30,13): error CS0103: The name 'Assert' does not exist in the current context
C:\gh\azure-sdk-for-net\sdk\core\Azure.Core.Experimental\tests\DynamicJsonTest.cs(40,64): error CS0103: The name 'Assert' does not exist in the current context
C:\gh\azure-sdk-for-net\sdk\core\Azure.Core.Experimental\tests\DynamicJsonTest.cs(43,64): error CS0103: The name 'Assert' does not exist in the current context
C:\gh\azure-sdk-for-net\sdk\core\Azure.Core.Experimental\tests\SpatialGeoArrayTest.cs(44,13): error CS0103: The name 'Assert' does not exist in the current context
C:\gh\azure-sdk-for-net\sdk\core\Azure.Core.Experimental\tests\SpatialGeoArrayTest.cs(45,13): error CS0103: The name 'Assert' does not exist in the current context
C:\gh\azure-sdk-for-net\sdk\core\Azure.Core.Experimental\tests\SpatialGeoArrayTest.cs(47,13): error CS0103: The name 'Assert' does not exist in the current context
C:\gh\azure-sdk-for-net\sdk\core\Azure.Core.Experimental\tests\SpatialGeoArrayTest.cs(48,13): error CS0103: The name 'Assert' does not exist in the current context
C:\gh\azure-sdk-for-net\sdk\core\Azure.Core.Experimental\tests\SpatialGeoArrayTest.cs(50,13): error CS0103: The name 'Assert' does not exist in the current context
C:\gh\azure-sdk-for-net\sdk\core\Azure.Core.Experimental\tests\SpatialGeoArrayTest.cs(51,13): error CS0103: The name 'Assert' does not exist in the current context
C:\gh\azure-sdk-for-net\sdk\core\Azure.Core.Experimental\tests\DynamicJsonTest.cs(55,25): error CS0103: The name 'Assert' does not exist in the current context
C:\gh\azure-sdk-for-net\sdk\core\Azure.Core.Experimental\tests\DynamicJsonTest.cs(58,25): error CS0103: The name 'Assert' does not exist in the current context
C:\gh\azure-sdk-for-net\sdk\core\Azure.Core.Experimental\tests\DynamicJsonTest.cs(61,25): error CS0103: The name 'Assert' does not exist in the current context
C:\gh\azure-sdk-for-net\sdk\core\Azure.Core.Experimental\tests\DynamicJsonTest.cs(64,25): error CS0103: The name 'Assert' does not exist in the current context
C:\gh\azure-sdk-for-net\sdk\core\Azure.Core.Experimental\tests\DynamicJsonTest.cs(70,13): error CS0103: The name 'Assert' does not exist in the current context
C:\gh\azure-sdk-for-net\sdk\core\Azure.Core.Experimental\tests\DynamicJsonTest.cs(80,17): error CS0103: The name 'Assert' does not exist in the current context
C:\gh\azure-sdk-for-net\sdk\core\Azure.Core.Experimental\tests\DynamicJsonTest.cs(84,13): error CS0103: The name 'Assert' does not exist in the current context
C:\gh\azure-sdk-for-net\sdk\core\Azure.Core.Experimental\tests\DynamicJsonDynamicMutableTests.cs(22,13): error CS0103: The name 'Assert' does not exist in the current context
C:\gh\azure-sdk-for-net\sdk\core\Azure.Core.Experimental\tests\DynamicJsonTest.cs(91,13): error CS0103: The name 'Assert' does not exist in the current context
C:\gh\azure-sdk-for-net\sdk\core\Azure.Core.Experimental\tests\DynamicJsonDynamicMutableTests.cs(32,13): error CS0103: The name 'Assert' does not exist in the current context
C:\gh\azure-sdk-for-net\sdk\core\Azure.Core.Experimental\tests\DynamicJsonTest.cs(100,17): error CS0103: The name 'Assert' does not exist in the current context
C:\gh\azure-sdk-for-net\sdk\core\Azure.Core.Experimental\tests\DynamicJsonDynamicMutableTests.cs(42,13): error CS0103: The name 'Assert' does not exist in the current context
C:\gh\azure-sdk-for-net\sdk\core\Azure.Core.Experimental\tests\DynamicJsonDynamicMutableTests.cs(50,13): error CS0103: The name 'Assert' does not exist in the current context
C:\gh\azure-sdk-for-net\sdk\core\Azure.Core.Experimental\tests\DynamicJsonTest.cs(109,13): error CS0103: The name 'Assert' does not exist in the current context
C:\gh\azure-sdk-for-net\sdk\core\Azure.Core.Experimental\tests\DynamicJsonTest.cs(110,13): error CS0103: The name 'Assert' does not exist in the current context
C:\gh\azure-sdk-for-net\sdk\core\Azure.Core.Experimental\tests\SpatialGeoArrayTest.cs(64,13): error CS0103: The name 'Assert' does not exist in the current context
C:\gh\azure-sdk-for-net\sdk\core\Azure.Core.Experimental\tests\SpatialGeoArrayTest.cs(65,13): error CS0103: The name 'Assert' does not exist in the current context
C:\gh\azure-sdk-for-net\sdk\core\Azure.Core.Experimental\tests\SpatialGeoArrayTest.cs(67,13): error CS0103: The name 'Assert' does not exist in the current context
C:\gh\azure-sdk-for-net\sdk\core\Azure.Core.Experimental\tests\SpatialGeoArrayTest.cs(68,13): error CS0103: The name 'Assert' does not exist in the current context
C:\gh\azure-sdk-for-net\sdk\core\Azure.Core.Experimental\tests\SpatialGeoArrayTest.cs(70,13): error CS0103: The name 'Assert' does not exist in the current context
C:\gh\azure-sdk-for-net\sdk\core\Azure.Core.Experimental\tests\SpatialGeoArrayTest.cs(71,13): error CS0103: The name 'Assert' does not exist in the current context
C:\gh\azure-sdk-for-net\sdk\core\Azure.Core.Experimental\tests\SpatialGeoArrayTest.cs(73,13): error CS0103: The name 'Assert' does not exist in the current context
C:\gh\azure-sdk-for-net\sdk\core\Azure.Core.Experimental\tests\SpatialGeoArrayTest.cs(74,13): error CS0103: The name 'Assert' does not exist in the current context
C:\gh\azure-sdk-for-net\sdk\core\Azure.Core.Experimental\tests\DynamicJsonDynamicMutableTests.cs(60,13): error CS0103: The name 'Assert' does not exist in the current context
C:\gh\azure-sdk-for-net\sdk\core\Azure.Core.Experimental\tests\DynamicJsonDynamicMutableTests.cs(71,13): error CS0103: The name 'Assert' does not exist in the current context
C:\gh\azure-sdk-for-net\sdk\core\Azure.Core.Experimental\tests\GeoJsonSerializationTests.cs(38,13): error CS0103: The name 'Assert' does not exist in the current context
C:\gh\azure-sdk-for-net\sdk\core\Azure.Core.Experimental\tests\GeoJsonSerializationTests.cs(39,13): error CS0103: The name 'Assert' does not exist in the current context
C:\gh\azure-sdk-for-net\sdk\core\Azure.Core.Experimental\tests\GeoJsonSerializationTests.cs(40,13): error CS0103: The name 'Assert' does not exist in the current context
C:\gh\azure-sdk-for-net\sdk\core\Azure.Core.Experimental\tests\GeoJsonSerializationTests.cs(42,13): error CS0103: The name 'Assert' does not exist in the current context
C:\gh\azure-sdk-for-net\sdk\core\Azure.Core.Experimental\tests\GeoJsonSerializationTests.cs(43,13): error CS0103: The name 'Assert' does not exist in the current context
C:\gh\azure-sdk-for-net\sdk\core\Azure.Core.Experimental\tests\GeoJsonSerializationTests.cs(45,13): error CS0103: The name 'Assert' does not exist in the current context
C:\gh\azure-sdk-for-net\sdk\core\Azure.Core.Experimental\tests\GeoJsonSerializationTests.cs(46,13): error CS0103: The name 'Assert' does not exist in the current context
C:\gh\azure-sdk-for-net\sdk\core\Azure.Core.Experimental\tests\GeoJsonSerializationTests.cs(50,17): error CS0103: The name 'Assert' does not exist in the current context
C:\gh\azure-sdk-for-net\sdk\core\Azure.Core.Experimental\tests\GeoJsonSerializationTests.cs(51,17): error CS0103: The name 'Assert' does not exist in the current context
C:\gh\azure-sdk-for-net\sdk\core\Azure.Core.Experimental\tests\GeoJsonSerializationTests.cs(53,17): error CS0103: The name 'Assert' does not exist in the current context
C:\gh\azure-sdk-for-net\sdk\core\Azure.Core.Experimental\tests\GeoJsonSerializationTests.cs(54,17): error CS0103: The name 'Assert' does not exist in the current context
C:\gh\azure-sdk-for-net\sdk\core\Azure.Core.Experimental\tests\GeoJsonSerializationTests.cs(58,17): error CS0103: The name 'Assert' does not exist in the current context
C:\gh\azure-sdk-for-net\sdk\core\Azure.Core.Experimental\tests\GeoJsonSerializationTests.cs(59,17): error CS0103: The name 'Assert' does not exist in the current context
C:\gh\azure-sdk-for-net\sdk\core\Azure.Core.Experimental\tests\GeoJsonSerializationTests.cs(60,17): error CS0103: The name 'Assert' does not exist in the current context
C:\gh\azure-sdk-for-net\sdk\core\Azure.Core.Experimental\tests\GeoJsonSerializationTests.cs(62,17): error CS0103: The name 'Assert' does not exist in the current context
C:\gh\azure-sdk-for-net\sdk\core\Azure.Core.Experimental\tests\GeoJsonSerializationTests.cs(63,17): error CS0103: The name 'Assert' does not exist in the current context
C:\gh\azure-sdk-for-net\sdk\core\Azure.Core.Experimental\tests\GeoJsonSerializationTests.cs(64,17): error CS0103: The name 'Assert' does not exist in the current context
C:\gh\azure-sdk-for-net\sdk\core\Azure.Core.Experimental\tests\SerializationExtensionsTests.cs(20,34): error CS0246: The type or namespace name 'JsonObjectSerializer' could not be found (are you missing a using directive or an assembly reference?)
C:\gh\azure-sdk-for-net\sdk\core\Azure.Core.Experimental\tests\SerializationExtensionsTests.cs(22,36): error CS0012: The type 'ValueTask<>' is defined in an assembly that is not referenced. You must add a reference to assembly 'System.Threading.Tasks.Extensions, Version=4.2.0.0, Culture=neutral, PublicKeyToken=cc7b13ffcd2ddd51'.
C:\gh\azure-sdk-for-net\sdk\core\Azure.Core.Experimental\tests\SerializationExtensionsTests.cs(23,30): error CS0012: The type 'BinaryData' is defined in an assembly that is not referenced. You must add a reference to assembly 'System.Memory.Data, Version=1.0.1.0, Culture=neutral, PublicKeyToken=cc7b13ffcd2ddd51'.
C:\gh\azure-sdk-for-net\sdk\core\Azure.Core.Experimental\tests\SerializationExtensionsTests.cs(24,36): error CS0012: The type 'ValueTask<>' is defined in an assembly that is not referenced. You must add a reference to assembly 'System.Threading.Tasks.Extensions, Version=4.2.0.0, Culture=neutral, PublicKeyToken=cc7b13ffcd2ddd51'.
C:\gh\azure-sdk-for-net\sdk\core\Azure.Core.Experimental\tests\SerializationExtensionsTests.cs(25,30): error CS0012: The type 'BinaryData' is defined in an assembly that is not referenced. You must add a reference to assembly 'System.Memory.Data, Version=1.0.1.0, Culture=neutral, PublicKeyToken=cc7b13ffcd2ddd51'.
C:\gh\azure-sdk-for-net\sdk\core\Azure.Core.Experimental\tests\SerializationExtensionsTests.cs(26,36): error CS0012: The type 'ValueTask<>' is defined in an assembly that is not referenced. You must add a reference to assembly 'System.Threading.Tasks.Extensions, Version=4.2.0.0, Culture=neutral, PublicKeyToken=cc7b13ffcd2ddd51'.
C:\gh\azure-sdk-for-net\sdk\core\Azure.Core.Experimental\tests\SerializationExtensionsTests.cs(27,30): error CS0012: The type 'BinaryData' is defined in an assembly that is not referenced. You must add a reference to assembly 'System.Memory.Data, Version=1.0.1.0, Culture=neutral, PublicKeyToken=cc7b13ffcd2ddd51'.
C:\gh\azure-sdk-for-net\sdk\core\Azure.Core.Experimental\tests\SerializationExtensionsTests.cs(31,17): error CS0103: The name 'Assert' does not exist in the current context
C:\gh\azure-sdk-for-net\sdk\core\Azure.Core.Experimental\tests\SerializationExtensionsTests.cs(31,44): error CS0012: The type 'BinaryData' is defined in an assembly that is not referenced. You must add a reference to assembly 'System.Memory.Data, Version=1.0.1.0, Culture=neutral, PublicKeyToken=cc7b13ffcd2ddd51'.
C:\gh\azure-sdk-for-net\sdk\core\Azure.Core.Experimental\tests\SerializationExtensionsTests.cs(32,17): error CS0103: The name 'Assert' does not exist in the current context
C:\gh\azure-sdk-for-net\sdk\core\Azure.Core.Experimental\tests\SerializationExtensionsTests.cs(32,44): error CS0012: The type 'BinaryData' is defined in an assembly that is not referenced. You must add a reference to assembly 'System.Memory.Data, Version=1.0.1.0, Culture=neutral, PublicKeyToken=cc7b13ffcd2ddd51'.
C:\gh\azure-sdk-for-net\sdk\core\Azure.Core.Experimental\tests\SerializationExtensionsTests.cs(33,17): error CS0103: The name 'Assert' does not exist in the current context
C:\gh\azure-sdk-for-net\sdk\core\Azure.Core.Experimental\tests\SerializationExtensionsTests.cs(33,36): error CS0012: The type 'BinaryData' is defined in an assembly that is not referenced. You must add a reference to assembly 'System.Memory.Data, Version=1.0.1.0, Culture=neutral, PublicKeyToken=cc7b13ffcd2ddd51'.
C:\gh\azure-sdk-for-net\sdk\core\Azure.Core.Experimental\tests\SerializationExtensionsTests.cs(34,17): error CS0103: The name 'Assert' does not exist in the current context
C:\gh\azure-sdk-for-net\sdk\core\Azure.Core.Experimental\tests\SerializationExtensionsTests.cs(34,51): error CS0012: The type 'ValueTask<>' is defined in an assembly that is not referenced. You must add a reference to assembly 'System.Threading.Tasks.Extensions, Version=4.2.0.0, Culture=neutral, PublicKeyToken=cc7b13ffcd2ddd51'.
C:\gh\azure-sdk-for-net\sdk\core\Azure.Core.Experimental\tests\SerializationExtensionsTests.cs(35,17): error CS0103: The name 'Assert' does not exist in the current context
C:\gh\azure-sdk-for-net\sdk\core\Azure.Core.Experimental\tests\SerializationExtensionsTests.cs(35,51): error CS0012: The type 'ValueTask<>' is defined in an assembly that is not referenced. You must add a reference to assembly 'System.Threading.Tasks.Extensions, Version=4.2.0.0, Culture=neutral, PublicKeyToken=cc7b13ffcd2ddd51'.
C:\gh\azure-sdk-for-net\sdk\core\Azure.Core.Experimental\tests\SerializationExtensionsTests.cs(36,17): error CS0103: The name 'Assert' does not exist in the current context
C:\gh\azure-sdk-for-net\sdk\core\Azure.Core.Experimental\tests\SerializationExtensionsTests.cs(36,43): error CS0012: The type 'ValueTask<>' is defined in an assembly that is not referenced. You must add a reference to assembly 'System.Threading.Tasks.Extensions, Version=4.2.0.0, Culture=neutral, PublicKeyToken=cc7b13ffcd2ddd51'.
C:\gh\azure-sdk-for-net\sdk\core\Azure.Core.Experimental\tests\SerializationExtensionsTests.cs(29,35): error CS0246: The type or namespace name 'BinaryData' could not be found (are you missing a using directive or an assembly reference?)
C:\gh\azure-sdk-for-net\sdk\core\Azure.Core.Experimental\tests\DynamicJsonDynamicMutableTests.cs(83,13): error CS0103: The name 'Assert' does not exist in the current context
C:\gh\azure-sdk-for-net\sdk\core\Azure.Core.Experimental\tests\DynamicJsonTest.cs(119,13): error CS0103: The name 'Assert' does not exist in the current context
C:\gh\azure-sdk-for-net\sdk\core\Azure.Core.Experimental\tests\DynamicJsonTest.cs(120,13): error CS0103: The name 'Assert' does not exist in the current context
C:\gh\azure-sdk-for-net\sdk\core\Azure.Core.Experimental\tests\DynamicJsonTest.cs(121,13): error CS0103: The name 'Assert' does not exist in the current context
C:\gh\azure-sdk-for-net\sdk\core\Azure.Core.Experimental\tests\DynamicJsonTest.cs(122,13): error CS0103: The name 'Assert' does not exist in the current context
C:\gh\azure-sdk-for-net\sdk\core\Azure.Core.Experimental\tests\DynamicJsonTest.cs(123,13): error CS0103: The name 'Assert' does not exist in the current context
C:\gh\azure-sdk-for-net\sdk\core\Azure.Core.Experimental\tests\DynamicJsonTest.cs(124,13): error CS0103: The name 'Assert' does not exist in the current context
C:\gh\azure-sdk-for-net\sdk\core\Azure.Core.Experimental\tests\DynamicJsonTest.cs(125,13): error CS0103: The name 'Assert' does not exist in the current context
C:\gh\azure-sdk-for-net\sdk\core\Azure.Core.Experimental\tests\DynamicJsonTest.cs(126,13): error CS0103: The name 'Assert' does not exist in the current context
C:\gh\azure-sdk-for-net\sdk\core\Azure.Core.Experimental\tests\DynamicJsonDynamicMutableTests.cs(91,75): error CS0246: The type or namespace name 'JsonSerializerOptions' could not be found (are you missing a using directive or an assembly reference?)
C:\gh\azure-sdk-for-net\sdk\core\Azure.Core.Experimental\tests\DynamicJsonDynamicMutableTests.cs(91,29): error CS0012: The type 'JsonSerializerOptions' is defined in an assembly that is not referenced. You must add a reference to assembly 'System.Text.Json, Version=4.0.0.0, Culture=neutral, PublicKeyToken=cc7b13ffcd2ddd51'.
C:\gh\azure-sdk-for-net\sdk\core\Azure.Core.Experimental\tests\DynamicJsonDynamicMutableTests.cs(91,29): error CS0012: The type 'ObjectSerializer' is defined in an assembly that is not referenced. You must add a reference to assembly 'Azure.Core, Version=1.9.0.0, Culture=neutral, PublicKeyToken=92742159e12e44c8'.
C:\gh\azure-sdk-for-net\sdk\core\Azure.Core.Experimental\tests\DynamicJsonDynamicMutableTests.cs(96,13): error CS0103: The name 'Assert' does not exist in the current context
C:\gh\azure-sdk-for-net\sdk\core\Azure.Core.Experimental\tests\SpatialGeoArrayTest.cs(92,13): error CS0103: The name 'Assert' does not exist in the current context
C:\gh\azure-sdk-for-net\sdk\core\Azure.Core.Experimental\tests\SpatialGeoArrayTest.cs(93,13): error CS0103: The name 'Assert' does not exist in the current context
C:\gh\azure-sdk-for-net\sdk\core\Azure.Core.Experimental\tests\SpatialGeoArrayTest.cs(95,13): error CS0103: The name 'Assert' does not exist in the current context
C:\gh\azure-sdk-for-net\sdk\core\Azure.Core.Experimental\tests\SpatialGeoArrayTest.cs(96,13): error CS0103: The name 'Assert' does not exist in the current context
C:\gh\azure-sdk-for-net\sdk\core\Azure.Core.Experimental\tests\SpatialGeoArrayTest.cs(98,13): error CS0103: The name 'Assert' does not exist in the current context
C:\gh\azure-sdk-for-net\sdk\core\Azure.Core.Experimental\tests\SpatialGeoArrayTest.cs(99,13): error CS0103: The name 'Assert' does not exist in the current context
C:\gh\azure-sdk-for-net\sdk\core\Azure.Core.Experimental\tests\SpatialGeoArrayTest.cs(101,13): error CS0103: The name 'Assert' does not exist in the current context
C:\gh\azure-sdk-for-net\sdk\core\Azure.Core.Experimental\tests\SpatialGeoArrayTest.cs(102,13): error CS0103: The name 'Assert' does not exist in the current context
C:\gh\azure-sdk-for-net\sdk\core\Azure.Core.Experimental\tests\SpatialGeoArrayTest.cs(104,13): error CS0103: The name 'Assert' does not exist in the current context
C:\gh\azure-sdk-for-net\sdk\core\Azure.Core.Experimental\tests\SpatialGeoArrayTest.cs(105,13): error CS0103: The name 'Assert' does not exist in the current context
C:\gh\azure-sdk-for-net\sdk\core\Azure.Core.Experimental\tests\DynamicJsonDynamicMutableTests.cs(106,13): error CS0103: The name 'Assert' does not exist in the current context
C:\gh\azure-sdk-for-net\sdk\core\Azure.Core.Experimental\tests\DynamicJsonDynamicMutableTests.cs(107,13): error CS0103: The name 'Assert' does not exist in the current context
C:\gh\azure-sdk-for-net\sdk\core\Azure.Core.Experimental\tests\DynamicJsonDynamicMutableTests.cs(111,13): error CS0103: The name 'Assert' does not exist in the current context
C:\gh\azure-sdk-for-net\sdk\core\Azure.Core.Experimental\tests\DynamicJsonTest.cs(134,13): error CS0103: The name 'Assert' does not exist in the current context
C:\gh\azure-sdk-for-net\sdk\core\Azure.Core.Experimental\tests\DynamicJsonTest.cs(135,13): error CS0103: The name 'Assert' does not exist in the current context
C:\gh\azure-sdk-for-net\sdk\core\Azure.Core.Experimental\tests\DynamicJsonTest.cs(136,13): error CS0103: The name 'Assert' does not exist in the current context
C:\gh\azure-sdk-for-net\sdk\core\Azure.Core.Experimental\tests\DynamicJsonTest.cs(137,13): error CS0103: The name 'Assert' does not exist in the current context
C:\gh\azure-sdk-for-net\sdk\core\Azure.Core.Experimental\tests\GeoJsonSerializationTests.cs(86,13): error CS0103: The name 'Assert' does not exist in the current context
C:\gh\azure-sdk-for-net\sdk\core\Azure.Core.Experimental\tests\GeoJsonSerializationTests.cs(87,13): error CS0103: The name 'Assert' does not exist in the current context
C:\gh\azure-sdk-for-net\sdk\core\Azure.Core.Experimental\tests\GeoJsonSerializationTests.cs(88,13): error CS0103: The name 'Assert' does not exist in the current context
C:\gh\azure-sdk-for-net\sdk\core\Azure.Core.Experimental\tests\GeoJsonSerializationTests.cs(89,13): error CS0103: The name 'Assert' does not exist in the current context
C:\gh\azure-sdk-for-net\sdk\core\Azure.Core.Experimental\tests\GeoJsonSerializationTests.cs(90,13): error CS0103: The name 'Assert' does not exist in the current context
C:\gh\azure-sdk-for-net\sdk\core\Azure.Core.Experimental\tests\GeoJsonSerializationTests.cs(91,13): error CS0103: The name 'Assert' does not exist in the current context
C:\gh\azure-sdk-for-net\sdk\core\Azure.Core.Experimental\tests\GeoJsonSerializationTests.cs(92,13): error CS0103: The name 'Assert' does not exist in the current context
C:\gh\azure-sdk-for-net\sdk\core\Azure.Core.Experimental\tests\GeoJsonSerializationTests.cs(93,13): error CS0103: The name 'Assert' does not exist in the current context
C:\gh\azure-sdk-for-net\sdk\core\Azure.Core.Experimental\tests\GeoJsonSerializationTests.cs(95,13): error CS0103: The name 'Assert' does not exist in the current context
C:\gh\azure-sdk-for-net\sdk\core\Azure.Core.Experimental\tests\GeoJsonSerializationTests.cs(96,13): error CS0103: The name 'Assert' does not exist in the current context
C:\gh\azure-sdk-for-net\sdk\core\Azure.Core.Experimental\tests\GeoJsonSerializationTests.cs(98,13): error CS0103: The name 'Assert' does not exist in the current context
C:\gh\azure-sdk-for-net\sdk\core\Azure.Core.Experimental\tests\GeoJsonSerializationTests.cs(99,13): error CS0103: The name 'Assert' does not exist in the current context
C:\gh\azure-sdk-for-net\sdk\core\Azure.Core.Experimental\tests\SerializationExtensionsTests.cs(44,34): error CS0246: The type or namespace name 'JsonObjectSerializer' could not be found (are you missing a using directive or an assembly reference?)
C:\gh\azure-sdk-for-net\sdk\core\Azure.Core.Experimental\tests\SerializationExtensionsTests.cs(46,36): error CS0012: The type 'ValueTask<>' is defined in an assembly that is not referenced. You must add a reference to assembly 'System.Threading.Tasks.Extensions, Version=4.2.0.0, Culture=neutral, PublicKeyToken=cc7b13ffcd2ddd51'.
C:\gh\azure-sdk-for-net\sdk\core\Azure.Core.Experimental\tests\SerializationExtensionsTests.cs(47,30): error CS0012: The type 'BinaryData' is defined in an assembly that is not referenced. You must add a reference to assembly 'System.Memory.Data, Version=1.0.1.0, Culture=neutral, PublicKeyToken=cc7b13ffcd2ddd51'.
C:\gh\azure-sdk-for-net\sdk\core\Azure.Core.Experimental\tests\SerializationExtensionsTests.cs(51,17): error CS0103: The name 'Assert' does not exist in the current context
C:\gh\azure-sdk-for-net\sdk\core\Azure.Core.Experimental\tests\SerializationExtensionsTests.cs(51,44): error CS0012: The type 'BinaryData' is defined in an assembly that is not referenced. You must add a reference to assembly 'System.Memory.Data, Version=1.0.1.0, Culture=neutral, PublicKeyToken=cc7b13ffcd2ddd51'.
C:\gh\azure-sdk-for-net\sdk\core\Azure.Core.Experimental\tests\SerializationExtensionsTests.cs(52,17): error CS0103: The name 'Assert' does not exist in the current context
C:\gh\azure-sdk-for-net\sdk\core\Azure.Core.Experimental\tests\SerializationExtensionsTests.cs(52,44): error CS0012: The type 'BinaryData' is defined in an assembly that is not referenced. You must add a reference to assembly 'System.Memory.Data, Version=1.0.1.0, Culture=neutral, PublicKeyToken=cc7b13ffcd2ddd51'.
C:\gh\azure-sdk-for-net\sdk\core\Azure.Core.Experimental\tests\SerializationExtensionsTests.cs(53,17): error CS0103: The name 'Assert' does not exist in the current context
C:\gh\azure-sdk-for-net\sdk\core\Azure.Core.Experimental\tests\SerializationExtensionsTests.cs(53,36): error CS0012: The type 'BinaryData' is defined in an assembly that is not referenced. You must add a reference to assembly 'System.Memory.Data, Version=1.0.1.0, Culture=neutral, PublicKeyToken=cc7b13ffcd2ddd51'.
C:\gh\azure-sdk-for-net\sdk\core\Azure.Core.Experimental\tests\SerializationExtensionsTests.cs(54,17): error CS0103: The name 'Assert' does not exist in the current context
C:\gh\azure-sdk-for-net\sdk\core\Azure.Core.Experimental\tests\SerializationExtensionsTests.cs(54,51): error CS0012: The type 'ValueTask<>' is defined in an assembly that is not referenced. You must add a reference to assembly 'System.Threading.Tasks.Extensions, Version=4.2.0.0, Culture=neutral, PublicKeyToken=cc7b13ffcd2ddd51'.
C:\gh\azure-sdk-for-net\sdk\core\Azure.Core.Experimental\tests\SerializationExtensionsTests.cs(55,17): error CS0103: The name 'Assert' does not exist in the current context
C:\gh\azure-sdk-for-net\sdk\core\Azure.Core.Experimental\tests\SerializationExtensionsTests.cs(55,51): error CS0012: The type 'ValueTask<>' is defined in an assembly that is not referenced. You must add a reference to assembly 'System.Threading.Tasks.Extensions, Version=4.2.0.0, Culture=neutral, PublicKeyToken=cc7b13ffcd2ddd51'.
C:\gh\azure-sdk-for-net\sdk\core\Azure.Core.Experimental\tests\SerializationExtensionsTests.cs(56,17): error CS0103: The name 'Assert' does not exist in the current context
C:\gh\azure-sdk-for-net\sdk\core\Azure.Core.Experimental\tests\SerializationExtensionsTests.cs(56,43): error CS0012: The type 'ValueTask<>' is defined in an assembly that is not referenced. You must add a reference to assembly 'System.Threading.Tasks.Extensions, Version=4.2.0.0, Culture=neutral, PublicKeyToken=cc7b13ffcd2ddd51'.
C:\gh\azure-sdk-for-net\sdk\core\Azure.Core.Experimental\tests\SerializationExtensionsTests.cs(57,17): error CS0103: The name 'Assert' does not exist in the current context
C:\gh\azure-sdk-for-net\sdk\core\Azure.Core.Experimental\tests\SerializationExtensionsTests.cs(57,43): error CS0012: The type 'ValueTask<>' is defined in an assembly that is not referenced. You must add a reference to assembly 'System.Threading.Tasks.Extensions, Version=4.2.0.0, Culture=neutral, PublicKeyToken=cc7b13ffcd2ddd51'.
C:\gh\azure-sdk-for-net\sdk\core\Azure.Core.Experimental\tests\SerializationExtensionsTests.cs(49,35): error CS0246: The type or namespace name 'BinaryData' could not be found (are you missing a using directive or an assembly reference?)
C:\gh\azure-sdk-for-net\sdk\core\Azure.Core.Experimental\tests\DynamicJsonTest.cs(145,13): error CS0103: The name 'Assert' does not exist in the current context
C:\gh\azure-sdk-for-net\sdk\core\Azure.Core.Experimental\tests\DynamicJsonTest.cs(146,13): error CS0103: The name 'Assert' does not exist in the current context
C:\gh\azure-sdk-for-net\sdk\core\Azure.Core.Experimental\tests\DynamicJsonTest.cs(147,13): error CS0103: The name 'Assert' does not exist in the current context
C:\gh\azure-sdk-for-net\sdk\core\Azure.Core.Experimental\tests\DynamicJsonTest.cs(148,13): error CS0103: The name 'Assert' does not exist in the current context
C:\gh\azure-sdk-for-net\sdk\core\Azure.Core.Experimental\tests\GeoJsonSerializationTests.cs(108,13): error CS0103: The name 'Assert' does not exist in the current context
C:\gh\azure-sdk-for-net\sdk\core\Azure.Core.Experimental\tests\GeoJsonSerializationTests.cs(110,13): error CS0103: The name 'CollectionAssert' does not exist in the current context
C:\gh\azure-sdk-for-net\sdk\core\Azure.Core.Experimental\tests\SerializationExtensionsTests.cs(65,34): error CS0246: The type or namespace name 'JsonObjectSerializer' could not be found (are you missing a using directive or an assembly reference?)
C:\gh\azure-sdk-for-net\sdk\core\Azure.Core.Experimental\tests\SerializationExtensionsTests.cs(67,36): error CS0012: The type 'ValueTask<>' is defined in an assembly that is not referenced. You must add a reference to assembly 'System.Threading.Tasks.Extensions, Version=4.2.0.0, Culture=neutral, PublicKeyToken=cc7b13ffcd2ddd51'.
C:\gh\azure-sdk-for-net\sdk\core\Azure.Core.Experimental\tests\SerializationExtensionsTests.cs(68,30): error CS0012: The type 'BinaryData' is defined in an assembly that is not referenced. You must add a reference to assembly 'System.Memory.Data, Version=1.0.1.0, Culture=neutral, PublicKeyToken=cc7b13ffcd2ddd51'.
C:\gh\azure-sdk-for-net\sdk\core\Azure.Core.Experimental\tests\SerializationExtensionsTests.cs(69,36): error CS0012: The type 'ValueTask<>' is defined in an assembly that is not referenced. You must add a reference to assembly 'System.Threading.Tasks.Extensions, Version=4.2.0.0, Culture=neutral, PublicKeyToken=cc7b13ffcd2ddd51'.
C:\gh\azure-sdk-for-net\sdk\core\Azure.Core.Experimental\tests\SerializationExtensionsTests.cs(70,30): error CS0012: The type 'BinaryData' is defined in an assembly that is not referenced. You must add a reference to assembly 'System.Memory.Data, Version=1.0.1.0, Culture=neutral, PublicKeyToken=cc7b13ffcd2ddd51'.
C:\gh\azure-sdk-for-net\sdk\core\Azure.Core.Experimental\tests\SerializationExtensionsTests.cs(71,36): error CS0012: The type 'ValueTask<>' is defined in an assembly that is not referenced. You must add a reference to assembly 'System.Threading.Tasks.Extensions, Version=4.2.0.0, Culture=neutral, PublicKeyToken=cc7b13ffcd2ddd51'.
C:\gh\azure-sdk-for-net\sdk\core\Azure.Core.Experimental\tests\SerializationExtensionsTests.cs(72,30): error CS0012: The type 'BinaryData' is defined in an assembly that is not referenced. You must add a reference to assembly 'System.Memory.Data, Version=1.0.1.0, Culture=neutral, PublicKeyToken=cc7b13ffcd2ddd51'.
C:\gh\azure-sdk-for-net\sdk\core\Azure.Core.Experimental\tests\SerializationExtensionsTests.cs(76,17): error CS0103: The name 'Assert' does not exist in the current context
C:\gh\azure-sdk-for-net\sdk\core\Azure.Core.Experimental\tests\SerializationExtensionsTests.cs(76,31): error CS0012: The type 'BinaryData' is defined in an assembly that is not referenced. You must add a reference to assembly 'System.Memory.Data, Version=1.0.1.0, Culture=neutral, PublicKeyToken=cc7b13ffcd2ddd51'.
C:\gh\azure-sdk-for-net\sdk\core\Azure.Core.Experimental\tests\SerializationExtensionsTests.cs(77,17): error CS0103: The name 'Assert' does not exist in the current context
C:\gh\azure-sdk-for-net\sdk\core\Azure.Core.Experimental\tests\SerializationExtensionsTests.cs(77,37): error CS0012: The type 'ValueTask<>' is defined in an assembly that is not referenced. You must add a reference to assembly 'System.Threading.Tasks.Extensions, Version=4.2.0.0, Culture=neutral, PublicKeyToken=cc7b13ffcd2ddd51'.
C:\gh\azure-sdk-for-net\sdk\core\Azure.Core.Experimental\tests\SerializationExtensionsTests.cs(74,35): error CS0246: The type or namespace name 'BinaryData' could not be found (are you missing a using directive or an assembly reference?)
C:\gh\azure-sdk-for-net\sdk\core\Azure.Core.Experimental\tests\SpatialGeoArrayTest.cs(127,13): error CS0103: The name 'Assert' does not exist in the current context
C:\gh\azure-sdk-for-net\sdk\core\Azure.Core.Experimental\tests\SpatialGeoArrayTest.cs(128,13): error CS0103: The name 'Assert' does not exist in the current context
C:\gh\azure-sdk-for-net\sdk\core\Azure.Core.Experimental\tests\SpatialGeoArrayTest.cs(130,13): error CS0103: The name 'Assert' does not exist in the current context
C:\gh\azure-sdk-for-net\sdk\core\Azure.Core.Experimental\tests\SpatialGeoArrayTest.cs(131,13): error CS0103: The name 'Assert' does not exist in the current context
C:\gh\azure-sdk-for-net\sdk\core\Azure.Core.Experimental\tests\SpatialGeoArrayTest.cs(133,13): error CS0103: The name 'Assert' does not exist in the current context
C:\gh\azure-sdk-for-net\sdk\core\Azure.Core.Experimental\tests\SpatialGeoArrayTest.cs(134,13): error CS0103: The name 'Assert' does not exist in the current context
C:\gh\azure-sdk-for-net\sdk\core\Azure.Core.Experimental\tests\SpatialGeoArrayTest.cs(136,13): error CS0103: The name 'Assert' does not exist in the current context
C:\gh\azure-sdk-for-net\sdk\core\Azure.Core.Experimental\tests\SpatialGeoArrayTest.cs(137,13): error CS0103: The name 'Assert' does not exist in the current context
C:\gh\azure-sdk-for-net\sdk\core\Azure.Core.Experimental\tests\SpatialGeoArrayTest.cs(139,13): error CS0103: The name 'Assert' does not exist in the current context
C:\gh\azure-sdk-for-net\sdk\core\Azure.Core.Experimental\tests\SpatialGeoArrayTest.cs(140,13): error CS0103: The name 'Assert' does not exist in the current context
C:\gh\azure-sdk-for-net\sdk\core\Azure.Core.Experimental\tests\SpatialGeoArrayTest.cs(142,13): error CS0103: The name 'Assert' does not exist in the current context
C:\gh\azure-sdk-for-net\sdk\core\Azure.Core.Experimental\tests\SpatialGeoArrayTest.cs(143,13): error CS0103: The name 'Assert' does not exist in the current context
C:\gh\azure-sdk-for-net\sdk\core\Azure.Core.Experimental\tests\SpatialGeoArrayTest.cs(145,13): error CS0103: The name 'Assert' does not exist in the current context
C:\gh\azure-sdk-for-net\sdk\core\Azure.Core.Experimental\tests\SpatialGeoArrayTest.cs(146,13): error CS0103: The name 'Assert' does not exist in the current context
C:\gh\azure-sdk-for-net\sdk\core\Azure.Core.Experimental\tests\SpatialGeoArrayTest.cs(148,13): error CS0103: The name 'Assert' does not exist in the current context
C:\gh\azure-sdk-for-net\sdk\core\Azure.Core.Experimental\tests\SpatialGeoArrayTest.cs(149,13): error CS0103: The name 'Assert' does not exist in the current context
C:\gh\azure-sdk-for-net\sdk\core\Azure.Core.Experimental\tests\SpatialGeoArrayTest.cs(151,13): error CS0103: The name 'Assert' does not exist in the current context
C:\gh\azure-sdk-for-net\sdk\core\Azure.Core.Experimental\tests\SpatialGeoArrayTest.cs(152,13): error CS0103: The name 'Assert' does not exist in the current context
C:\gh\azure-sdk-for-net\sdk\core\Azure.Core.Experimental\tests\DynamicJsonTest.cs(156,13): error CS0103: The name 'Assert' does not exist in the current context
C:\gh\azure-sdk-for-net\sdk\core\Azure.Core.Experimental\tests\DynamicJsonTest.cs(157,13): error CS0103: The name 'Assert' does not exist in the current context
C:\gh\azure-sdk-for-net\sdk\core\Azure.Core.Experimental\tests\DynamicJsonTest.cs(158,13): error CS0103: The name 'Assert' does not exist in the current context
C:\gh\azure-sdk-for-net\sdk\core\Azure.Core.Experimental\tests\DynamicJsonTest.cs(159,13): error CS0103: The name 'Assert' does not exist in the current context
C:\gh\azure-sdk-for-net\sdk\core\Azure.Core.Experimental\tests\GeoJsonSerializationTests.cs(130,13): error CS0103: The name 'Assert' does not exist in the current context
C:\gh\azure-sdk-for-net\sdk\core\Azure.Core.Experimental\tests\GeoJsonSerializationTests.cs(132,13): error CS0103: The name 'CollectionAssert' does not exist in the current context
C:\gh\azure-sdk-for-net\sdk\core\Azure.Core.Experimental\tests\GeoJsonSerializationTests.cs(142,13): error CS0103: The name 'CollectionAssert' does not exist in the current context
C:\gh\azure-sdk-for-net\sdk\core\Azure.Core.Experimental\tests\DynamicJsonTest.cs(167,13): error CS0103: The name 'Assert' does not exist in the current context
C:\gh\azure-sdk-for-net\sdk\core\Azure.Core.Experimental\tests\DynamicJsonTest.cs(168,13): error CS0103: The name 'Assert' does not exist in the current context
C:\gh\azure-sdk-for-net\sdk\core\Azure.Core.Experimental\tests\DynamicJsonTest.cs(169,13): error CS0103: The name 'Assert' does not exist in the current context
C:\gh\azure-sdk-for-net\sdk\core\Azure.Core.Experimental\tests\DynamicJsonTest.cs(170,13): error CS0103: The name 'Assert' does not exist in the current context
C:\gh\azure-sdk-for-net\sdk\core\Azure.Core.Experimental\tests\DynamicJsonTest.cs(171,13): error CS0103: The name 'Assert' does not exist in the current context
C:\gh\azure-sdk-for-net\sdk\core\Azure.Core.Experimental\tests\DynamicJsonTest.cs(172,13): error CS0103: The name 'Assert' does not exist in the current context
C:\gh\azure-sdk-for-net\sdk\core\Azure.Core.Experimental\tests\DynamicJsonTest.cs(173,13): error CS0103: The name 'Assert' does not exist in the current context
C:\gh\azure-sdk-for-net\sdk\core\Azure.Core.Experimental\tests\DynamicJsonTest.cs(174,13): error CS0103: The name 'Assert' does not exist in the current context
C:\gh\azure-sdk-for-net\sdk\core\Azure.Core.Experimental\tests\GeoJsonSerializationTests.cs(159,13): error CS0103: The name 'Assert' does not exist in the current context
C:\gh\azure-sdk-for-net\sdk\core\Azure.Core.Experimental\tests\GeoJsonSerializationTests.cs(161,13): error CS0103: The name 'Assert' does not exist in the current context
C:\gh\azure-sdk-for-net\sdk\core\Azure.Core.Experimental\tests\GeoJsonSerializationTests.cs(162,13): error CS0103: The name 'Assert' does not exist in the current context
C:\gh\azure-sdk-for-net\sdk\core\Azure.Core.Experimental\tests\GeoJsonSerializationTests.cs(171,13): error CS0103: The name 'Assert' does not exist in the current context
C:\gh\azure-sdk-for-net\sdk\core\Azure.Core.Experimental\tests\GeoJsonSerializationTests.cs(173,13): error CS0103: The name 'CollectionAssert' does not exist in the current context
C:\gh\azure-sdk-for-net\sdk\core\Azure.Core.Experimental\tests\GeoJsonSerializationTests.cs(179,13): error CS0103: The name 'CollectionAssert' does not exist in the current context
C:\gh\azure-sdk-for-net\sdk\core\Azure.Core.Experimental\tests\DynamicJsonTest.cs(182,13): error CS0103: The name 'Assert' does not exist in the current context
C:\gh\azure-sdk-for-net\sdk\core\Azure.Core.Experimental\tests\DynamicJsonTest.cs(183,13): error CS0103: The name 'Assert' does not exist in the current context
C:\gh\azure-sdk-for-net\sdk\core\Azure.Core.Experimental\tests\DynamicJsonTest.cs(184,13): error CS0103: The name 'Assert' does not exist in the current context
C:\gh\azure-sdk-for-net\sdk\core\Azure.Core.Experimental\tests\DynamicJsonTest.cs(185,13): error CS0103: The name 'Assert' does not exist in the current context
C:\gh\azure-sdk-for-net\sdk\core\Azure.Core.Experimental\tests\DynamicJsonTest.cs(186,13): error CS0103: The name 'Assert' does not exist in the current context
C:\gh\azure-sdk-for-net\sdk\core\Azure.Core.Experimental\tests\DynamicJsonTest.cs(187,13): error CS0103: The name 'Assert' does not exist in the current context
C:\gh\azure-sdk-for-net\sdk\core\Azure.Core.Experimental\tests\DynamicJsonTest.cs(188,13): error CS0103: The name 'Assert' does not exist in the current context
C:\gh\azure-sdk-for-net\sdk\core\Azure.Core.Experimental\tests\DynamicJsonTest.cs(189,13): error CS0103: The name 'Assert' does not exist in the current context
C:\gh\azure-sdk-for-net\sdk\core\Azure.Core.Experimental\tests\DynamicJsonTest.cs(197,13): error CS0103: The name 'Assert' does not exist in the current context
C:\gh\azure-sdk-for-net\sdk\core\Azure.Core.Experimental\tests\DynamicJsonTest.cs(198,13): error CS0103: The name 'Assert' does not exist in the current context
C:\gh\azure-sdk-for-net\sdk\core\Azure.Core.Experimental\tests\DynamicJsonTest.cs(209,66): error CS0012: The type 'JsonElement' is defined in an assembly that is not referenced. You must add a reference to assembly 'System.Text.Json, Version=4.0.0.0, Culture=neutral, PublicKeyToken=cc7b13ffcd2ddd51'.
C:\gh\azure-sdk-for-net\sdk\core\Azure.Core.Experimental\tests\GeoJsonSerializationTests.cs(200,13): error CS0103: The name 'Assert' does not exist in the current context
C:\gh\azure-sdk-for-net\sdk\core\Azure.Core.Experimental\tests\GeoJsonSerializationTests.cs(202,13): error CS0103: The name 'CollectionAssert' does not exist in the current context
C:\gh\azure-sdk-for-net\sdk\core\Azure.Core.Experimental\tests\GeoJsonSerializationTests.cs(213,13): error CS0103: The name 'Assert' does not exist in the current context
C:\gh\azure-sdk-for-net\sdk\core\Azure.Core.Experimental\tests\GeoJsonSerializationTests.cs(215,13): error CS0103: The name 'CollectionAssert' does not exist in the current context
C:\gh\azure-sdk-for-net\sdk\core\Azure.Core.Experimental\tests\GeoJsonSerializationTests.cs(225,13): error CS0103: The name 'CollectionAssert' does not exist in the current context
C:\gh\azure-sdk-for-net\sdk\core\Azure.Core.Experimental\tests\GeoJsonSerializationTests.cs(243,13): error CS0103: The name 'Assert' does not exist in the current context
C:\gh\azure-sdk-for-net\sdk\core\Azure.Core.Experimental\tests\GeoJsonSerializationTests.cs(246,13): error CS0103: The name 'Assert' does not exist in the current context
C:\gh\azure-sdk-for-net\sdk\core\Azure.Core.Experimental\tests\GeoJsonSerializationTests.cs(247,13): error CS0103: The name 'Assert' does not exist in the current context
C:\gh\azure-sdk-for-net\sdk\core\Azure.Core.Experimental\tests\GeoJsonSerializationTests.cs(249,13): error CS0103: The name 'Assert' does not exist in the current context
C:\gh\azure-sdk-for-net\sdk\core\Azure.Core.Experimental\tests\GeoJsonSerializationTests.cs(274,27): error CS0103: The name 'JsonDocument' does not exist in the current context
C:\gh\azure-sdk-for-net\sdk\core\Azure.Core.Experimental\tests\GeoJsonSerializationTests.cs(275,45): error CS0012: The type 'JsonConverter<>' is defined in an assembly that is not referenced. You must add a reference to assembly 'System.Text.Json, Version=4.0.0.0, Culture=neutral, PublicKeyToken=cc7b13ffcd2ddd51'.
C:\gh\azure-sdk-for-net\sdk\core\Azure.Core.Experimental\tests\GeoJsonSerializationTests.cs(275,28): error CS0012: The type 'JsonElement' is defined in an assembly that is not referenced. You must add a reference to assembly 'System.Text.Json, Version=4.0.0.0, Culture=neutral, PublicKeyToken=cc7b13ffcd2ddd51'.
C:\gh\azure-sdk-for-net\sdk\core\Azure.Core.Experimental\tests\GeoJsonSerializationTests.cs(275,28): error CS0012: The type 'Utf8JsonReader' is defined in an assembly that is not referenced. You must add a reference to assembly 'System.Text.Json, Version=4.0.0.0, Culture=neutral, PublicKeyToken=cc7b13ffcd2ddd51'.
C:\gh\azure-sdk-for-net\sdk\core\Azure.Core.Experimental\tests\GeoJsonSerializationTests.cs(278,20): error CS0246: The type or namespace name 'Utf8JsonWriter' could not be found (are you missing a using directive or an assembly reference?)
C:\gh\azure-sdk-for-net\sdk\core\Azure.Core.Experimental\tests\GeoJsonSerializationTests.cs(278,48): error CS0246: The type or namespace name 'Utf8JsonWriter' could not be found (are you missing a using directive or an assembly reference?)
C:\gh\azure-sdk-for-net\sdk\core\Azure.Core.Experimental\tests\GeoJsonSerializationTests.cs(280,34): error CS0012: The type 'JsonConverter<>' is defined in an assembly that is not referenced. You must add a reference to assembly 'System.Text.Json, Version=4.0.0.0, Culture=neutral, PublicKeyToken=cc7b13ffcd2ddd51'.
C:\gh\azure-sdk-for-net\sdk\core\Azure.Core.Experimental\tests\GeoJsonSerializationTests.cs(280,17): error CS0012: The type 'Utf8JsonWriter' is defined in an assembly that is not referenced. You must add a reference to assembly 'System.Text.Json, Version=4.0.0.0, Culture=neutral, PublicKeyToken=cc7b13ffcd2ddd51'.
C:\gh\azure-sdk-for-net\sdk\core\Azure.Core.Experimental\tests\GeoJsonSerializationTests.cs(283,28): error CS0103: The name 'JsonDocument' does not exist in the current context
C:\gh\azure-sdk-for-net\sdk\core\Azure.Core.Experimental\tests\GeoJsonSerializationTests.cs(284,46): error CS0012: The type 'JsonConverter<>' is defined in an assembly that is not referenced. You must add a reference to assembly 'System.Text.Json, Version=4.0.0.0, Culture=neutral, PublicKeyToken=cc7b13ffcd2ddd51'.
C:\gh\azure-sdk-for-net\sdk\core\Azure.Core.Experimental\tests\GeoJsonSerializationTests.cs(284,29): error CS0012: The type 'JsonElement' is defined in an assembly that is not referenced. You must add a reference to assembly 'System.Text.Json, Version=4.0.0.0, Culture=neutral, PublicKeyToken=cc7b13ffcd2ddd51'.
C:\gh\azure-sdk-for-net\sdk\core\Azure.Core.Experimental\tests\GeoJsonSerializationTests.cs(284,29): error CS0012: The type 'Utf8JsonReader' is defined in an assembly that is not referenced. You must add a reference to assembly 'System.Text.Json, Version=4.0.0.0, Culture=neutral, PublicKeyToken=cc7b13ffcd2ddd51'.
C:\gh\azure-sdk-for-net\sdk\core\Azure.Core.Experimental\tests\GeoJsonSerializationTests.cs(286,31): error CS0246: The type or namespace name 'JsonSerializerOptions' could not be found (are you missing a using directive or an assembly reference?)
C:\gh\azure-sdk-for-net\sdk\core\Azure.Core.Experimental\tests\GeoJsonSerializationTests.cs(292,25): error CS0103: The name 'JsonSerializer' does not exist in the current context
C:\gh\azure-sdk-for-net\sdk\core\Azure.Core.Experimental\tests\GeoJsonSerializationTests.cs(293,29): error CS0103: The name 'JsonSerializer' does not exist in the current context
C:\gh\azure-sdk-for-net\sdk\core\Azure.Core.Experimental\tests\GeoJsonSerializationTests.cs(296,26): error CS0103: The name 'JsonSerializer' does not exist in the current context
C:\gh\azure-sdk-for-net\sdk\core\Azure.Core.Experimental\tests\GeoJsonSerializationTests.cs(297,29): error CS0103: The name 'JsonSerializer' does not exist in the current context
C:\gh\azure-sdk-for-net\sdk\core\Azure.Core.Experimental\tests\SpatialGeoArrayTest.cs(192,13): error CS0103: The name 'Assert' does not exist in the current context
C:\gh\azure-sdk-for-net\sdk\core\Azure.Core.Experimental\tests\SpatialGeoArrayTest.cs(193,13): error CS0103: The name 'Assert' does not exist in the current context
C:\gh\azure-sdk-for-net\sdk\core\Azure.Core.Experimental\tests\SpatialGeoArrayTest.cs(196,13): error CS0103: The name 'Assert' does not exist in the current context
C:\gh\azure-sdk-for-net\sdk\core\Azure.Core.Experimental\tests\SpatialGeoArrayTest.cs(197,13): error CS0103: The name 'Assert' does not exist in the current context
C:\gh\azure-sdk-for-net\sdk\core\Azure.Core.Experimental\tests\SpatialGeoArrayTest.cs(199,13): error CS0103: The name 'Assert' does not exist in the current context
C:\gh\azure-sdk-for-net\sdk\core\Azure.Core.Experimental\tests\SpatialGeoArrayTest.cs(200,13): error CS0103: The name 'Assert' does not exist in the current context
C:\gh\azure-sdk-for-net\sdk\core\Azure.Core.Experimental\tests\SpatialGeoArrayTest.cs(202,13): error CS0103: The name 'Assert' does not exist in the current context
C:\gh\azure-sdk-for-net\sdk\core\Azure.Core.Experimental\tests\SpatialGeoArrayTest.cs(203,13): error CS0103: The name 'Assert' does not exist in the current context
C:\gh\azure-sdk-for-net\sdk\core\Azure.Core.Experimental\tests\SpatialGeoArrayTest.cs(205,13): error CS0103: The name 'Assert' does not exist in the current context
C:\gh\azure-sdk-for-net\sdk\core\Azure.Core.Experimental\tests\SpatialGeoArrayTest.cs(206,13): error CS0103: The name 'Assert' does not exist in the current context
C:\gh\azure-sdk-for-net\sdk\core\Azure.Core.Experimental\tests\SpatialGeoArrayTest.cs(208,13): error CS0103: The name 'Assert' does not exist in the current context
C:\gh\azure-sdk-for-net\sdk\core\Azure.Core.Experimental\tests\SpatialGeoArrayTest.cs(209,13): error CS0103: The name 'Assert' does not exist in the current context
C:\gh\azure-sdk-for-net\sdk\core\Azure.Core.Experimental\tests\SpatialGeoArrayTest.cs(211,13): error CS0103: The name 'Assert' does not exist in the current context
C:\gh\azure-sdk-for-net\sdk\core\Azure.Core.Experimental\tests\SpatialGeoArrayTest.cs(212,13): error CS0103: The name 'Assert' does not exist in the current context
C:\gh\azure-sdk-for-net\sdk\core\Azure.Core.Experimental\tests\SpatialGeoArrayTest.cs(214,13): error CS0103: The name 'Assert' does not exist in the current context
C:\gh\azure-sdk-for-net\sdk\core\Azure.Core.Experimental\tests\SpatialGeoArrayTest.cs(215,13): error CS0103: The name 'Assert' does not exist in the current context
C:\gh\azure-sdk-for-net\sdk\core\Azure.Core.Experimental\tests\SpatialGeoArrayTest.cs(217,13): error CS0103: The name 'Assert' does not exist in the current context
C:\gh\azure-sdk-for-net\sdk\core\Azure.Core.Experimental\tests\SpatialGeoArrayTest.cs(218,13): error CS0103: The name 'Assert' does not exist in the current context
C:\gh\azure-sdk-for-net\sdk\core\Azure.Core.Experimental\tests\SpatialGeoArrayTest.cs(220,13): error CS0103: The name 'Assert' does not exist in the current context
C:\gh\azure-sdk-for-net\sdk\core\Azure.Core.Experimental\tests\SpatialGeoArrayTest.cs(221,13): error CS0103: The name 'Assert' does not exist in the current context
C:\gh\azure-sdk-for-net\sdk\core\Azure.Core.Experimental\tests\SpatialGeoArrayTest.cs(223,13): error CS0103: The name 'Assert' does not exist in the current context
C:\gh\azure-sdk-for-net\sdk\core\Azure.Core.Experimental\tests\SpatialGeoArrayTest.cs(224,13): error CS0103: The name 'Assert' does not exist in the current context
C:\gh\azure-sdk-for-net\sdk\core\Azure.Core.Experimental\tests\SpatialGeoArrayTest.cs(226,13): error CS0103: The name 'Assert' does not exist in the current context
C:\gh\azure-sdk-for-net\sdk\core\Azure.Core.Experimental\tests\SpatialGeoArrayTest.cs(227,13): error CS0103: The name 'Assert' does not exist in the current context
C:\gh\azure-sdk-for-net\sdk\core\Azure.Core.Experimental\tests\SpatialGeoArrayTest.cs(229,13): error CS0103: The name 'Assert' does not exist in the current context
C:\gh\azure-sdk-for-net\sdk\core\Azure.Core.Experimental\tests\SpatialGeoArrayTest.cs(230,13): error CS0103: The name 'Assert' does not exist in the current context
C:\gh\azure-sdk-for-net\sdk\core\Azure.Core.Experimental\tests\SpatialGeoArrayTest.cs(232,13): error CS0103: The name 'Assert' does not exist in the current context
C:\gh\azure-sdk-for-net\sdk\core\Azure.Core.Experimental\tests\SpatialGeoArrayTest.cs(233,13): error CS0103: The name 'Assert' does not exist in the current context
C:\gh\azure-sdk-for-net\sdk\core\Azure.Core.Experimental\tests\SpatialGeoArrayTest.cs(235,13): error CS0103: The name 'Assert' does not exist in the current context
C:\gh\azure-sdk-for-net\sdk\core\Azure.Core.Experimental\tests\SpatialGeoArrayTest.cs(236,13): error CS0103: The name 'Assert' does not exist in the current context
C:\gh\azure-sdk-for-net\sdk\core\Azure.Core.Experimental\tests\SpatialGeoArrayTest.cs(238,13): error CS0103: The name 'Assert' does not exist in the current context
C:\gh\azure-sdk-for-net\sdk\core\Azure.Core.Experimental\tests\SpatialGeoArrayTest.cs(239,13): error CS0103: The name 'Assert' does not exist in the current context
C:\gh\azure-sdk-for-net\sdk\core\Azure.Core.Experimental\tests\SpatialGeoArrayTest.cs(241,13): error CS0103: The name 'Assert' does not exist in the current context
C:\gh\azure-sdk-for-net\sdk\core\Azure.Core.Experimental\tests\SpatialGeoArrayTest.cs(242,13): error CS0103: The name 'Assert' does not exist in the current context
C:\gh\azure-sdk-for-net\artifacts\obj\Azure.Core.Experimental.Tests\Debug\net461\Azure.Core.Experimental.Tests.AssemblyInfo.cs(11,1): hidden CS8019: Unnecessary using directive.
C:\gh\azure-sdk-for-net\sdk\core\Azure.Core.Experimental\tests\DynamicJsonTest.cs(7,1): hidden CS8019: Unnecessary using directive.
C:\gh\azure-sdk-for-net\sdk\core\Azure.Core.Experimental\tests\SerializationExtensionsTests.cs(6,1): hidden CS8019: Unnecessary using directive.
C:\gh\azure-sdk-for-net\sdk\core\Azure.Core.Experimental\tests\GeoJsonSerializationTests.cs(8,1): hidden CS8019: Unnecessary using directive.
C:\gh\azure-sdk-for-net\sdk\core\Azure.Core.Experimental\tests\DynamicJsonTest.cs(5,1): hidden CS8019: Unnecessary using directive.
C:\gh\azure-sdk-for-net\sdk\core\Azure.Core.Experimental\tests\DynamicJsonMutableTests.cs(4,1): hidden CS8019: Unnecessary using directive.
C:\gh\azure-sdk-for-net\sdk\core\Azure.Core.Experimental\tests\DynamicJsonDynamicMutableTests.cs(7,1): hidden CS8019: Unnecessary using directive.
C:\gh\azure-sdk-for-net\sdk\core\Azure.Core.Experimental\tests\SerializationExtensionsTests.cs(4,1): hidden CS8019: Unnecessary using directive.
C:\gh\azure-sdk-for-net\sdk\core\Azure.Core.Experimental\tests\GeoJsonTests.cs(5,1): hidden CS8019: Unnecessary using directive.
C:\gh\azure-sdk-for-net\sdk\core\Azure.Core.Experimental\tests\SerializationExtensionsTests.cs(5,1): hidden CS8019: Unnecessary using directive.
C:\gh\azure-sdk-for-net\sdk\core\Azure.Core.Experimental\tests\SerializationExtensionsTests.cs(10,1): hidden CS8019: Unnecessary using directive.
C:\gh\azure-sdk-for-net\sdk\core\Azure.Core.Experimental\tests\GeoJsonSerializationTests.cs(6,1): hidden CS8019: Unnecessary using directive.
C:\gh\azure-sdk-for-net\artifacts\obj\Azure.Core.Experimental.Tests\Debug\net461\Azure.Core.Experimental.Tests.AssemblyInfo.cs(12,1): hidden CS8019: Unnecessary using directive.
C:\gh\azure-sdk-for-net\sdk\core\Azure.Core.Experimental\tests\SerializationExtensionsTests.cs(9,1): hidden CS8019: Unnecessary using directive.
C:\gh\azure-sdk-for-net\sdk\core\Azure.Core.Experimental\tests\DynamicJsonDynamicMutableTests.cs(5,1): hidden CS8019: Unnecessary using directive.
C:\gh\azure-sdk-for-net\artifacts\obj\Azure.Core.Experimental.Tests\Debug\net461\.NETFramework,Version=v4.6.1.AssemblyAttributes.cs(2,1): hidden CS8019: Unnecessary using directive.
C:\gh\azure-sdk-for-net\sdk\core\Azure.Core.Experimental\tests\SpatialGeoArrayTest.cs(6,1): hidden CS8019: Unnecessary using directive.
C:\gh\azure-sdk-for-net\artifacts\obj\Azure.Core.Experimental.Tests\Debug\net461\.NETFramework,Version=v4.6.1.AssemblyAttributes.cs(3,1): hidden CS8019: Unnecessary using directive.
C:\gh\azure-sdk-for-net\sdk\core\Azure.Core.Experimental\tests\SerializationExtensionsTests.cs(7,1): hidden CS8019: Unnecessary using directive.
C:\gh\azure-sdk-for-net\sdk\core\Azure.Core.Experimental\tests\DynamicJsonTest.cs(6,1): hidden CS8019: Unnecessary using directive.
