C:\gh\azure-sdk-for-net\sdk\securitycenter\Microsoft.Azure.Management.SecurityCenter\tests\AdvancedThreatProtection\AdvancedThreatProtectionTests.cs(75,56): error CS0246: The type or namespace name 'IPage<>' could not be found (are you missing a using directive or an assembly reference?)
C:\gh\azure-sdk-for-net\sdk\securitycenter\Microsoft.Azure.Management.SecurityCenter\tests\ExternalSecuritySolutions\ExternalSecuritySolutionsTests.cs(96,56): error CS0246: The type or namespace name 'IPage<>' could not be found (are you missing a using directive or an assembly reference?)
C:\gh\azure-sdk-for-net\sdk\securitycenter\Microsoft.Azure.Management.SecurityCenter\tests\DiscoveredSecuritySolutions\DiscoveredSecuritySolutionsTests.cs(81,58): error CS0246: The type or namespace name 'IPage<>' could not be found (are you missing a using directive or an assembly reference?)
C:\gh\azure-sdk-for-net\sdk\securitycenter\Microsoft.Azure.Management.SecurityCenter\tests\Compliances\CompliancesTests.cs(73,42): error CS0246: The type or namespace name 'IPage<>' could not be found (are you missing a using directive or an assembly reference?)
C:\gh\azure-sdk-for-net\sdk\securitycenter\Microsoft.Azure.Management.SecurityCenter\tests\Alerts\SecurityAlertsTests.cs(203,37): error CS0246: The type or namespace name 'IPage<>' could not be found (are you missing a using directive or an assembly reference?)
C:\gh\azure-sdk-for-net\sdk\securitycenter\Microsoft.Azure.Management.SecurityCenter\tests\AllowedConnections\AllowedConnectionsTests.cs(66,58): error CS0246: The type or namespace name 'IPage<>' could not be found (are you missing a using directive or an assembly reference?)
C:\gh\azure-sdk-for-net\sdk\securitycenter\Microsoft.Azure.Management.SecurityCenter\tests\Assessments\AssessmentsTests.cs(156,53): error CS0246: The type or namespace name 'IPage<>' could not be found (are you missing a using directive or an assembly reference?)
C:\gh\azure-sdk-for-net\sdk\securitycenter\Microsoft.Azure.Management.SecurityCenter\tests\AutoProvisionningSettings\AutoProvisioningSettingsTests.cs(81,55): error CS0246: The type or namespace name 'IPage<>' could not be found (are you missing a using directive or an assembly reference?)
C:\gh\azure-sdk-for-net\sdk\securitycenter\Microsoft.Azure.Management.SecurityCenter\tests\Assessments\AssessmentsTests.cs(142,38): error CS0246: The type or namespace name 'IPage<>' could not be found (are you missing a using directive or an assembly reference?)
C:\gh\azure-sdk-for-net\sdk\securitycenter\Microsoft.Azure.Management.SecurityCenter\tests\Alerts\SecurityAlertsTests.cs(183,10): error CS0246: The type or namespace name 'FactAttribute' could not be found (are you missing a using directive or an assembly reference?)
C:\gh\azure-sdk-for-net\sdk\securitycenter\Microsoft.Azure.Management.SecurityCenter\tests\Alerts\SecurityAlertsTests.cs(183,10): error CS0246: The type or namespace name 'Fact' could not be found (are you missing a using directive or an assembly reference?)
C:\gh\azure-sdk-for-net\sdk\securitycenter\Microsoft.Azure.Management.SecurityCenter\tests\Alerts\SecurityAlertsTests.cs(167,10): error CS0246: The type or namespace name 'FactAttribute' could not be found (are you missing a using directive or an assembly reference?)
C:\gh\azure-sdk-for-net\sdk\securitycenter\Microsoft.Azure.Management.SecurityCenter\tests\Alerts\SecurityAlertsTests.cs(167,10): error CS0246: The type or namespace name 'Fact' could not be found (are you missing a using directive or an assembly reference?)
C:\gh\azure-sdk-for-net\sdk\securitycenter\Microsoft.Azure.Management.SecurityCenter\tests\Alerts\SecurityAlertsTests.cs(150,10): error CS0246: The type or namespace name 'FactAttribute' could not be found (are you missing a using directive or an assembly reference?)
C:\gh\azure-sdk-for-net\sdk\securitycenter\Microsoft.Azure.Management.SecurityCenter\tests\Alerts\SecurityAlertsTests.cs(150,10): error CS0246: The type or namespace name 'Fact' could not be found (are you missing a using directive or an assembly reference?)
C:\gh\azure-sdk-for-net\sdk\securitycenter\Microsoft.Azure.Management.SecurityCenter\tests\IotSecuritySolutionsAnalyticsAggregatedAlert\IotSecuritySolutionsAnalyticsAggregatedAlertTests.cs(83,38): error CS0246: The type or namespace name 'IPage<>' could not be found (are you missing a using directive or an assembly reference?)
C:\gh\azure-sdk-for-net\sdk\securitycenter\Microsoft.Azure.Management.SecurityCenter\tests\Alerts\SecurityAlertsTests.cs(131,10): error CS0246: The type or namespace name 'FactAttribute' could not be found (are you missing a using directive or an assembly reference?)
C:\gh\azure-sdk-for-net\sdk\securitycenter\Microsoft.Azure.Management.SecurityCenter\tests\Alerts\SecurityAlertsTests.cs(131,10): error CS0246: The type or namespace name 'Fact' could not be found (are you missing a using directive or an assembly reference?)
C:\gh\azure-sdk-for-net\sdk\securitycenter\Microsoft.Azure.Management.SecurityCenter\tests\IotSecuritySolutionsDeviceSecurityGroups\IotSecuritySolutionsDeviceSecurityGroupsTests.cs(96,38): error CS0246: The type or namespace name 'IPage<>' could not be found (are you missing a using directive or an assembly reference?)
C:\gh\azure-sdk-for-net\sdk\securitycenter\Microsoft.Azure.Management.SecurityCenter\tests\Alerts\SecurityAlertsTests.cs(117,10): error CS0246: The type or namespace name 'FactAttribute' could not be found (are you missing a using directive or an assembly reference?)
C:\gh\azure-sdk-for-net\sdk\securitycenter\Microsoft.Azure.Management.SecurityCenter\tests\Alerts\SecurityAlertsTests.cs(117,10): error CS0246: The type or namespace name 'Fact' could not be found (are you missing a using directive or an assembly reference?)
C:\gh\azure-sdk-for-net\sdk\securitycenter\Microsoft.Azure.Management.SecurityCenter\tests\IotSecuritySolutionsAnalyticsRecommendation\IotSecuritySolutionsAnalyticsRecommendationTests.cs(75,38): error CS0246: The type or namespace name 'IPage<>' could not be found (are you missing a using directive or an assembly reference?)
C:\gh\azure-sdk-for-net\sdk\securitycenter\Microsoft.Azure.Management.SecurityCenter\tests\JitNetworkAccessPolicies\JitNetworkAccessPoliciesTests.cs(149,55): error CS0246: The type or namespace name 'IPage<>' could not be found (are you missing a using directive or an assembly reference?)
C:\gh\azure-sdk-for-net\sdk\securitycenter\Microsoft.Azure.Management.SecurityCenter\tests\IoTSecuritySolution\IoTSecuritySolutionsTests.cs(150,38): error CS0246: The type or namespace name 'IPage<>' could not be found (are you missing a using directive or an assembly reference?)
C:\gh\azure-sdk-for-net\sdk\securitycenter\Microsoft.Azure.Management.SecurityCenter\tests\Locations\LocationsTests.cs(70,40): error CS0246: The type or namespace name 'IPage<>' could not be found (are you missing a using directive or an assembly reference?)
C:\gh\azure-sdk-for-net\sdk\securitycenter\Microsoft.Azure.Management.SecurityCenter\tests\Alerts\SecurityAlertsTests.cs(92,10): error CS0246: The type or namespace name 'FactAttribute' could not be found (are you missing a using directive or an assembly reference?)
C:\gh\azure-sdk-for-net\sdk\securitycenter\Microsoft.Azure.Management.SecurityCenter\tests\Alerts\SecurityAlertsTests.cs(92,10): error CS0246: The type or namespace name 'Fact' could not be found (are you missing a using directive or an assembly reference?)
C:\gh\azure-sdk-for-net\sdk\securitycenter\Microsoft.Azure.Management.SecurityCenter\tests\Operations\OperationsTests.cs(59,41): error CS0246: The type or namespace name 'IPage<>' could not be found (are you missing a using directive or an assembly reference?)
C:\gh\azure-sdk-for-net\sdk\securitycenter\Microsoft.Azure.Management.SecurityCenter\tests\Alerts\SecurityAlertsTests.cs(70,10): error CS0246: The type or namespace name 'FactAttribute' could not be found (are you missing a using directive or an assembly reference?)
C:\gh\azure-sdk-for-net\sdk\securitycenter\Microsoft.Azure.Management.SecurityCenter\tests\Alerts\SecurityAlertsTests.cs(70,10): error CS0246: The type or namespace name 'Fact' could not be found (are you missing a using directive or an assembly reference?)
C:\gh\azure-sdk-for-net\sdk\securitycenter\Microsoft.Azure.Management.SecurityCenter\tests\Pricings\PricingsTests.cs(65,10): error CS0246: The type or namespace name 'FactAttribute' could not be found (are you missing a using directive or an assembly reference?)
C:\gh\azure-sdk-for-net\sdk\securitycenter\Microsoft.Azure.Management.SecurityCenter\tests\Pricings\PricingsTests.cs(65,10): error CS0246: The type or namespace name 'Fact' could not be found (are you missing a using directive or an assembly reference?)
C:\gh\azure-sdk-for-net\sdk\securitycenter\Microsoft.Azure.Management.SecurityCenter\tests\Pricings\PricingsTests.cs(43,10): error CS0246: The type or namespace name 'FactAttribute' could not be found (are you missing a using directive or an assembly reference?)
C:\gh\azure-sdk-for-net\sdk\securitycenter\Microsoft.Azure.Management.SecurityCenter\tests\Pricings\PricingsTests.cs(43,10): error CS0246: The type or namespace name 'Fact' could not be found (are you missing a using directive or an assembly reference?)
C:\gh\azure-sdk-for-net\sdk\securitycenter\Microsoft.Azure.Management.SecurityCenter\tests\SecureScores\SecureScoreControlDefinitionsTests.cs(62,71): error CS0246: The type or namespace name 'IPage<>' could not be found (are you missing a using directive or an assembly reference?)
C:\gh\azure-sdk-for-net\sdk\securitycenter\Microsoft.Azure.Management.SecurityCenter\tests\SecurityContacts\SecurityContactsTests.cs(108,47): error CS0246: The type or namespace name 'IPage<>' could not be found (are you missing a using directive or an assembly reference?)
C:\gh\azure-sdk-for-net\sdk\securitycenter\Microsoft.Azure.Management.SecurityCenter\tests\SecureScores\SecureScoreControlTests.cs(84,61): error CS0246: The type or namespace name 'IPage<>' could not be found (are you missing a using directive or an assembly reference?)
C:\gh\azure-sdk-for-net\sdk\securitycenter\Microsoft.Azure.Management.SecurityCenter\tests\SecureScores\SecureScoreTests.cs(72,53): error CS0246: The type or namespace name 'IPage<>' could not be found (are you missing a using directive or an assembly reference?)
C:\gh\azure-sdk-for-net\sdk\securitycenter\Microsoft.Azure.Management.SecurityCenter\tests\Tasks\SecurityTasksTests.cs(119,36): error CS0246: The type or namespace name 'IPage<>' could not be found (are you missing a using directive or an assembly reference?)
C:\gh\azure-sdk-for-net\sdk\securitycenter\Microsoft.Azure.Management.SecurityCenter\tests\SubAssessment\SubAssessmentTests.cs(118,53): error CS0246: The type or namespace name 'IPage<>' could not be found (are you missing a using directive or an assembly reference?)
C:\gh\azure-sdk-for-net\sdk\securitycenter\Microsoft.Azure.Management.SecurityCenter\tests\SubAssessment\SubAssessmentTests.cs(104,38): error CS0246: The type or namespace name 'IPage<>' could not be found (are you missing a using directive or an assembly reference?)
C:\gh\azure-sdk-for-net\sdk\securitycenter\Microsoft.Azure.Management.SecurityCenter\tests\WorkspaceSettings\WorkspaceSettingsTests.cs(109,48): error CS0246: The type or namespace name 'IPage<>' could not be found (are you missing a using directive or an assembly reference?)
C:\gh\azure-sdk-for-net\sdk\securitycenter\Microsoft.Azure.Management.SecurityCenter\tests\Settings\SettingsTests.cs(88,39): error CS0246: The type or namespace name 'IPage<>' could not be found (are you missing a using directive or an assembly reference?)
C:\gh\azure-sdk-for-net\sdk\securitycenter\Microsoft.Azure.Management.SecurityCenter\tests\Topology\TopologyTests.cs(65,50): error CS0246: The type or namespace name 'IPage<>' could not be found (are you missing a using directive or an assembly reference?)
C:\gh\azure-sdk-for-net\eng\mgmt\DisableTestRunParallel.cs(7,12): error CS0246: The type or namespace name 'CollectionBehaviorAttribute' could not be found (are you missing a using directive or an assembly reference?)
C:\gh\azure-sdk-for-net\eng\mgmt\DisableTestRunParallel.cs(7,12): error CS0246: The type or namespace name 'CollectionBehavior' could not be found (are you missing a using directive or an assembly reference?)
C:\gh\azure-sdk-for-net\eng\mgmt\DisableTestRunParallel.cs(7,31): error CS0246: The type or namespace name 'DisableTestParallelization' could not be found (are you missing a using directive or an assembly reference?)
C:\gh\azure-sdk-for-net\eng\mgmt\DisableTestRunParallel.cs(7,66): error CS0246: The type or namespace name 'MaxParallelThreads' could not be found (are you missing a using directive or an assembly reference?)
C:\gh\azure-sdk-for-net\sdk\securitycenter\Microsoft.Azure.Management.SecurityCenter\tests\AdaptiveApplicationControls\AdaptiveApplicationControlsTests.cs(7,7): error CS0246: The type or namespace name 'Xunit' could not be found (are you missing a using directive or an assembly reference?)
C:\gh\azure-sdk-for-net\sdk\securitycenter\Microsoft.Azure.Management.SecurityCenter\tests\AdaptiveNetworkHardenings\AdaptiveNetworkHardeningsTests.cs(6,22): error CS0234: The type or namespace name 'Azure' does not exist in the namespace 'Microsoft.Rest' (are you missing an assembly reference?)
C:\gh\azure-sdk-for-net\sdk\securitycenter\Microsoft.Azure.Management.SecurityCenter\tests\AdaptiveNetworkHardenings\AdaptiveNetworkHardeningsTests.cs(9,7): error CS0246: The type or namespace name 'Xunit' could not be found (are you missing a using directive or an assembly reference?)
C:\gh\azure-sdk-for-net\sdk\securitycenter\Microsoft.Azure.Management.SecurityCenter\tests\AdvancedThreatProtection\AdvancedThreatProtectionTests.cs(8,22): error CS0234: The type or namespace name 'Azure' does not exist in the namespace 'Microsoft.Rest' (are you missing an assembly reference?)
C:\gh\azure-sdk-for-net\sdk\securitycenter\Microsoft.Azure.Management.SecurityCenter\tests\AdvancedThreatProtection\AdvancedThreatProtectionTests.cs(11,7): error CS0246: The type or namespace name 'Xunit' could not be found (are you missing a using directive or an assembly reference?)
C:\gh\azure-sdk-for-net\sdk\securitycenter\Microsoft.Azure.Management.SecurityCenter\tests\Alerts\SecurityAlertsTests.cs(12,22): error CS0234: The type or namespace name 'Azure' does not exist in the namespace 'Microsoft.Rest' (are you missing an assembly reference?)
C:\gh\azure-sdk-for-net\sdk\securitycenter\Microsoft.Azure.Management.SecurityCenter\tests\Alerts\SecurityAlertsTests.cs(15,7): error CS0246: The type or namespace name 'Xunit' could not be found (are you missing a using directive or an assembly reference?)
C:\gh\azure-sdk-for-net\sdk\securitycenter\Microsoft.Azure.Management.SecurityCenter\tests\AllowedConnections\AllowedConnectionsTests.cs(5,22): error CS0234: The type or namespace name 'Azure' does not exist in the namespace 'Microsoft.Rest' (are you missing an assembly reference?)
C:\gh\azure-sdk-for-net\sdk\securitycenter\Microsoft.Azure.Management.SecurityCenter\tests\AllowedConnections\AllowedConnectionsTests.cs(8,7): error CS0246: The type or namespace name 'Xunit' could not be found (are you missing a using directive or an assembly reference?)
C:\gh\azure-sdk-for-net\sdk\securitycenter\Microsoft.Azure.Management.SecurityCenter\tests\Assessments\AssessmentsTests.cs(8,22): error CS0234: The type or namespace name 'Azure' does not exist in the namespace 'Microsoft.Rest' (are you missing an assembly reference?)
C:\gh\azure-sdk-for-net\sdk\securitycenter\Microsoft.Azure.Management.SecurityCenter\tests\Assessments\AssessmentsTests.cs(12,7): error CS0246: The type or namespace name 'Xunit' could not be found (are you missing a using directive or an assembly reference?)
C:\gh\azure-sdk-for-net\sdk\securitycenter\Microsoft.Azure.Management.SecurityCenter\tests\AutoProvisionningSettings\AutoProvisioningSettingsTests.cs(9,22): error CS0234: The type or namespace name 'Azure' does not exist in the namespace 'Microsoft.Rest' (are you missing an assembly reference?)
C:\gh\azure-sdk-for-net\sdk\securitycenter\Microsoft.Azure.Management.SecurityCenter\tests\AutoProvisionningSettings\AutoProvisioningSettingsTests.cs(12,7): error CS0246: The type or namespace name 'Xunit' could not be found (are you missing a using directive or an assembly reference?)
C:\gh\azure-sdk-for-net\sdk\securitycenter\Microsoft.Azure.Management.SecurityCenter\tests\Compliances\CompliancesTests.cs(9,22): error CS0234: The type or namespace name 'Azure' does not exist in the namespace 'Microsoft.Rest' (are you missing an assembly reference?)
C:\gh\azure-sdk-for-net\sdk\securitycenter\Microsoft.Azure.Management.SecurityCenter\tests\Compliances\CompliancesTests.cs(12,7): error CS0246: The type or namespace name 'Xunit' could not be found (are you missing a using directive or an assembly reference?)
C:\gh\azure-sdk-for-net\sdk\securitycenter\Microsoft.Azure.Management.SecurityCenter\tests\DiscoveredSecuritySolutions\DiscoveredSecuritySolutionsTests.cs(9,22): error CS0234: The type or namespace name 'Azure' does not exist in the namespace 'Microsoft.Rest' (are you missing an assembly reference?)
C:\gh\azure-sdk-for-net\sdk\securitycenter\Microsoft.Azure.Management.SecurityCenter\tests\DiscoveredSecuritySolutions\DiscoveredSecuritySolutionsTests.cs(12,7): error CS0246: The type or namespace name 'Xunit' could not be found (are you missing a using directive or an assembly reference?)
C:\gh\azure-sdk-for-net\sdk\securitycenter\Microsoft.Azure.Management.SecurityCenter\tests\ExternalSecuritySolutions\ExternalSecuritySolutionsTests.cs(9,22): error CS0234: The type or namespace name 'Azure' does not exist in the namespace 'Microsoft.Rest' (are you missing an assembly reference?)
C:\gh\azure-sdk-for-net\sdk\securitycenter\Microsoft.Azure.Management.SecurityCenter\tests\ExternalSecuritySolutions\ExternalSecuritySolutionsTests.cs(12,7): error CS0246: The type or namespace name 'Xunit' could not be found (are you missing a using directive or an assembly reference?)
C:\gh\azure-sdk-for-net\sdk\securitycenter\Microsoft.Azure.Management.SecurityCenter\tests\IotSecuritySolutionAnalytics\IotSecuritySolutionAnalyticsTests.cs(9,22): error CS0234: The type or namespace name 'Azure' does not exist in the namespace 'Microsoft.Rest' (are you missing an assembly reference?)
C:\gh\azure-sdk-for-net\sdk\securitycenter\Microsoft.Azure.Management.SecurityCenter\tests\IotSecuritySolutionAnalytics\IotSecuritySolutionAnalyticsTests.cs(12,7): error CS0246: The type or namespace name 'Xunit' could not be found (are you missing a using directive or an assembly reference?)
C:\gh\azure-sdk-for-net\sdk\securitycenter\Microsoft.Azure.Management.SecurityCenter\tests\IotSecuritySolutionsAnalyticsAggregatedAlert\IotSecuritySolutionsAnalyticsAggregatedAlertTests.cs(9,22): error CS0234: The type or namespace name 'Azure' does not exist in the namespace 'Microsoft.Rest' (are you missing an assembly reference?)
C:\gh\azure-sdk-for-net\sdk\securitycenter\Microsoft.Azure.Management.SecurityCenter\tests\IotSecuritySolutionsAnalyticsAggregatedAlert\IotSecuritySolutionsAnalyticsAggregatedAlertTests.cs(12,7): error CS0246: The type or namespace name 'Xunit' could not be found (are you missing a using directive or an assembly reference?)
C:\gh\azure-sdk-for-net\sdk\securitycenter\Microsoft.Azure.Management.SecurityCenter\tests\IotSecuritySolutionsAnalyticsRecommendation\IotSecuritySolutionsAnalyticsRecommendationTests.cs(9,22): error CS0234: The type or namespace name 'Azure' does not exist in the namespace 'Microsoft.Rest' (are you missing an assembly reference?)
C:\gh\azure-sdk-for-net\sdk\securitycenter\Microsoft.Azure.Management.SecurityCenter\tests\IotSecuritySolutionsAnalyticsRecommendation\IotSecuritySolutionsAnalyticsRecommendationTests.cs(12,7): error CS0246: The type or namespace name 'Xunit' could not be found (are you missing a using directive or an assembly reference?)
C:\gh\azure-sdk-for-net\sdk\securitycenter\Microsoft.Azure.Management.SecurityCenter\tests\IotSecuritySolutionsDeviceSecurityGroups\IotSecuritySolutionsDeviceSecurityGroupsTests.cs(9,22): error CS0234: The type or namespace name 'Azure' does not exist in the namespace 'Microsoft.Rest' (are you missing an assembly reference?)
C:\gh\azure-sdk-for-net\sdk\securitycenter\Microsoft.Azure.Management.SecurityCenter\tests\IotSecuritySolutionsDeviceSecurityGroups\IotSecuritySolutionsDeviceSecurityGroupsTests.cs(12,7): error CS0246: The type or namespace name 'Xunit' could not be found (are you missing a using directive or an assembly reference?)
C:\gh\azure-sdk-for-net\sdk\securitycenter\Microsoft.Azure.Management.SecurityCenter\tests\IoTSecuritySolution\IoTSecuritySolutionsTests.cs(9,22): error CS0234: The type or namespace name 'Azure' does not exist in the namespace 'Microsoft.Rest' (are you missing an assembly reference?)
C:\gh\azure-sdk-for-net\sdk\securitycenter\Microsoft.Azure.Management.SecurityCenter\tests\IoTSecuritySolution\IoTSecuritySolutionsTests.cs(12,7): error CS0246: The type or namespace name 'Xunit' could not be found (are you missing a using directive or an assembly reference?)
C:\gh\azure-sdk-for-net\sdk\securitycenter\Microsoft.Azure.Management.SecurityCenter\tests\JitNetworkAccessPolicies\JitNetworkAccessPoliciesTests.cs(10,22): error CS0234: The type or namespace name 'Azure' does not exist in the namespace 'Microsoft.Rest' (are you missing an assembly reference?)
C:\gh\azure-sdk-for-net\sdk\securitycenter\Microsoft.Azure.Management.SecurityCenter\tests\JitNetworkAccessPolicies\JitNetworkAccessPoliciesTests.cs(13,7): error CS0246: The type or namespace name 'Xunit' could not be found (are you missing a using directive or an assembly reference?)
C:\gh\azure-sdk-for-net\sdk\securitycenter\Microsoft.Azure.Management.SecurityCenter\tests\Locations\LocationsTests.cs(9,22): error CS0234: The type or namespace name 'Azure' does not exist in the namespace 'Microsoft.Rest' (are you missing an assembly reference?)
C:\gh\azure-sdk-for-net\sdk\securitycenter\Microsoft.Azure.Management.SecurityCenter\tests\Locations\LocationsTests.cs(12,7): error CS0246: The type or namespace name 'Xunit' could not be found (are you missing a using directive or an assembly reference?)
C:\gh\azure-sdk-for-net\sdk\securitycenter\Microsoft.Azure.Management.SecurityCenter\tests\Operations\OperationsTests.cs(9,22): error CS0234: The type or namespace name 'Azure' does not exist in the namespace 'Microsoft.Rest' (are you missing an assembly reference?)
C:\gh\azure-sdk-for-net\sdk\securitycenter\Microsoft.Azure.Management.SecurityCenter\tests\Operations\OperationsTests.cs(12,7): error CS0246: The type or namespace name 'Xunit' could not be found (are you missing a using directive or an assembly reference?)
C:\gh\azure-sdk-for-net\sdk\securitycenter\Microsoft.Azure.Management.SecurityCenter\tests\Pricings\PricingsTests.cs(11,7): error CS0246: The type or namespace name 'Xunit' could not be found (are you missing a using directive or an assembly reference?)
C:\gh\azure-sdk-for-net\sdk\securitycenter\Microsoft.Azure.Management.SecurityCenter\tests\RegulatoryCompliance\RegulatoryComplianceAssessmentsTests.cs(10,7): error CS0246: The type or namespace name 'Xunit' could not be found (are you missing a using directive or an assembly reference?)
C:\gh\azure-sdk-for-net\sdk\securitycenter\Microsoft.Azure.Management.SecurityCenter\tests\RegulatoryCompliance\RegulatoryComplianceControlsTests.cs(10,7): error CS0246: The type or namespace name 'Xunit' could not be found (are you missing a using directive or an assembly reference?)
C:\gh\azure-sdk-for-net\sdk\securitycenter\Microsoft.Azure.Management.SecurityCenter\tests\RegulatoryCompliance\RegulatoryComplianceStandardsTests.cs(10,7): error CS0246: The type or namespace name 'Xunit' could not be found (are you missing a using directive or an assembly reference?)
C:\gh\azure-sdk-for-net\sdk\securitycenter\Microsoft.Azure.Management.SecurityCenter\tests\SecureScores\SecureScoreControlDefinitionsTests.cs(4,22): error CS0234: The type or namespace name 'Azure' does not exist in the namespace 'Microsoft.Rest' (are you missing an assembly reference?)
C:\gh\azure-sdk-for-net\sdk\securitycenter\Microsoft.Azure.Management.SecurityCenter\tests\SecureScores\SecureScoreControlDefinitionsTests.cs(8,7): error CS0246: The type or namespace name 'Xunit' could not be found (are you missing a using directive or an assembly reference?)
C:\gh\azure-sdk-for-net\sdk\securitycenter\Microsoft.Azure.Management.SecurityCenter\tests\SecureScores\SecureScoreControlTests.cs(4,22): error CS0234: The type or namespace name 'Azure' does not exist in the namespace 'Microsoft.Rest' (are you missing an assembly reference?)
C:\gh\azure-sdk-for-net\sdk\securitycenter\Microsoft.Azure.Management.SecurityCenter\tests\SecureScores\SecureScoreControlTests.cs(8,7): error CS0246: The type or namespace name 'Xunit' could not be found (are you missing a using directive or an assembly reference?)
C:\gh\azure-sdk-for-net\sdk\securitycenter\Microsoft.Azure.Management.SecurityCenter\tests\SecureScores\SecureScoreTests.cs(4,22): error CS0234: The type or namespace name 'Azure' does not exist in the namespace 'Microsoft.Rest' (are you missing an assembly reference?)
C:\gh\azure-sdk-for-net\sdk\securitycenter\Microsoft.Azure.Management.SecurityCenter\tests\SecureScores\SecureScoreTests.cs(8,7): error CS0246: The type or namespace name 'Xunit' could not be found (are you missing a using directive or an assembly reference?)
C:\gh\azure-sdk-for-net\sdk\securitycenter\Microsoft.Azure.Management.SecurityCenter\tests\SecurityContacts\SecurityContactsTests.cs(9,22): error CS0234: The type or namespace name 'Azure' does not exist in the namespace 'Microsoft.Rest' (are you missing an assembly reference?)
C:\gh\azure-sdk-for-net\sdk\securitycenter\Microsoft.Azure.Management.SecurityCenter\tests\SecurityContacts\SecurityContactsTests.cs(12,7): error CS0246: The type or namespace name 'Xunit' could not be found (are you missing a using directive or an assembly reference?)
C:\gh\azure-sdk-for-net\sdk\securitycenter\Microsoft.Azure.Management.SecurityCenter\tests\Settings\SettingsTests.cs(8,22): error CS0234: The type or namespace name 'Azure' does not exist in the namespace 'Microsoft.Rest' (are you missing an assembly reference?)
C:\gh\azure-sdk-for-net\sdk\securitycenter\Microsoft.Azure.Management.SecurityCenter\tests\Settings\SettingsTests.cs(11,7): error CS0246: The type or namespace name 'Xunit' could not be found (are you missing a using directive or an assembly reference?)
C:\gh\azure-sdk-for-net\sdk\securitycenter\Microsoft.Azure.Management.SecurityCenter\tests\SubAssessment\SubAssessmentTests.cs(8,22): error CS0234: The type or namespace name 'Azure' does not exist in the namespace 'Microsoft.Rest' (are you missing an assembly reference?)
C:\gh\azure-sdk-for-net\sdk\securitycenter\Microsoft.Azure.Management.SecurityCenter\tests\SubAssessment\SubAssessmentTests.cs(12,7): error CS0246: The type or namespace name 'Xunit' could not be found (are you missing a using directive or an assembly reference?)
C:\gh\azure-sdk-for-net\sdk\securitycenter\Microsoft.Azure.Management.SecurityCenter\tests\Tasks\SecurityTasksTests.cs(9,22): error CS0234: The type or namespace name 'Azure' does not exist in the namespace 'Microsoft.Rest' (are you missing an assembly reference?)
C:\gh\azure-sdk-for-net\sdk\securitycenter\Microsoft.Azure.Management.SecurityCenter\tests\Tasks\SecurityTasksTests.cs(12,7): error CS0246: The type or namespace name 'Xunit' could not be found (are you missing a using directive or an assembly reference?)
C:\gh\azure-sdk-for-net\sdk\securitycenter\Microsoft.Azure.Management.SecurityCenter\tests\Topology\TopologyTests.cs(5,22): error CS0234: The type or namespace name 'Azure' does not exist in the namespace 'Microsoft.Rest' (are you missing an assembly reference?)
C:\gh\azure-sdk-for-net\sdk\securitycenter\Microsoft.Azure.Management.SecurityCenter\tests\Topology\TopologyTests.cs(8,7): error CS0246: The type or namespace name 'Xunit' could not be found (are you missing a using directive or an assembly reference?)
C:\gh\azure-sdk-for-net\sdk\securitycenter\Microsoft.Azure.Management.SecurityCenter\tests\WorkspaceSettings\WorkspaceSettingsTests.cs(8,22): error CS0234: The type or namespace name 'Azure' does not exist in the namespace 'Microsoft.Rest' (are you missing an assembly reference?)
C:\gh\azure-sdk-for-net\sdk\securitycenter\Microsoft.Azure.Management.SecurityCenter\tests\WorkspaceSettings\WorkspaceSettingsTests.cs(11,7): error CS0246: The type or namespace name 'Xunit' could not be found (are you missing a using directive or an assembly reference?)
C:\gh\azure-sdk-for-net\eng\mgmt\DisableTestRunParallel.cs(5,7): error CS0246: The type or namespace name 'Xunit' could not be found (are you missing a using directive or an assembly reference?)
C:\gh\azure-sdk-for-net\sdk\securitycenter\Microsoft.Azure.Management.SecurityCenter\tests\SecureScores\SecureScoreControlDefinitionsTests.cs(38,10): error CS0246: The type or namespace name 'FactAttribute' could not be found (are you missing a using directive or an assembly reference?)
C:\gh\azure-sdk-for-net\sdk\securitycenter\Microsoft.Azure.Management.SecurityCenter\tests\SecureScores\SecureScoreControlDefinitionsTests.cs(38,10): error CS0246: The type or namespace name 'Fact' could not be found (are you missing a using directive or an assembly reference?)
C:\gh\azure-sdk-for-net\sdk\securitycenter\Microsoft.Azure.Management.SecurityCenter\tests\SecureScores\SecureScoreControlDefinitionsTests.cs(48,10): error CS0246: The type or namespace name 'FactAttribute' could not be found (are you missing a using directive or an assembly reference?)
C:\gh\azure-sdk-for-net\sdk\securitycenter\Microsoft.Azure.Management.SecurityCenter\tests\SecureScores\SecureScoreControlDefinitionsTests.cs(48,10): error CS0246: The type or namespace name 'Fact' could not be found (are you missing a using directive or an assembly reference?)
C:\gh\azure-sdk-for-net\sdk\securitycenter\Microsoft.Azure.Management.SecurityCenter\tests\RegulatoryCompliance\RegulatoryComplianceAssessmentsTests.cs(43,10): error CS0246: The type or namespace name 'FactAttribute' could not be found (are you missing a using directive or an assembly reference?)
C:\gh\azure-sdk-for-net\sdk\securitycenter\Microsoft.Azure.Management.SecurityCenter\tests\RegulatoryCompliance\RegulatoryComplianceAssessmentsTests.cs(43,10): error CS0246: The type or namespace name 'Fact' could not be found (are you missing a using directive or an assembly reference?)
C:\gh\azure-sdk-for-net\sdk\securitycenter\Microsoft.Azure.Management.SecurityCenter\tests\AdaptiveApplicationControls\AdaptiveApplicationControlsTests.cs(38,10): error CS0246: The type or namespace name 'FactAttribute' could not be found (are you missing a using directive or an assembly reference?)
C:\gh\azure-sdk-for-net\sdk\securitycenter\Microsoft.Azure.Management.SecurityCenter\tests\AdaptiveApplicationControls\AdaptiveApplicationControlsTests.cs(38,10): error CS0246: The type or namespace name 'Fact' could not be found (are you missing a using directive or an assembly reference?)
C:\gh\azure-sdk-for-net\sdk\securitycenter\Microsoft.Azure.Management.SecurityCenter\tests\AdaptiveApplicationControls\AdaptiveApplicationControlsTests.cs(49,10): error CS0246: The type or namespace name 'FactAttribute' could not be found (are you missing a using directive or an assembly reference?)
C:\gh\azure-sdk-for-net\sdk\securitycenter\Microsoft.Azure.Management.SecurityCenter\tests\AdaptiveApplicationControls\AdaptiveApplicationControlsTests.cs(49,10): error CS0246: The type or namespace name 'Fact' could not be found (are you missing a using directive or an assembly reference?)
C:\gh\azure-sdk-for-net\sdk\securitycenter\Microsoft.Azure.Management.SecurityCenter\tests\SecureScores\SecureScoreControlTests.cs(38,10): error CS0246: The type or namespace name 'FactAttribute' could not be found (are you missing a using directive or an assembly reference?)
C:\gh\azure-sdk-for-net\sdk\securitycenter\Microsoft.Azure.Management.SecurityCenter\tests\SecureScores\SecureScoreControlTests.cs(38,10): error CS0246: The type or namespace name 'Fact' could not be found (are you missing a using directive or an assembly reference?)
C:\gh\azure-sdk-for-net\sdk\securitycenter\Microsoft.Azure.Management.SecurityCenter\tests\AdaptiveApplicationControls\AdaptiveApplicationControlsTests.cs(67,10): error CS0246: The type or namespace name 'FactAttribute' could not be found (are you missing a using directive or an assembly reference?)
C:\gh\azure-sdk-for-net\sdk\securitycenter\Microsoft.Azure.Management.SecurityCenter\tests\AdaptiveApplicationControls\AdaptiveApplicationControlsTests.cs(67,10): error CS0246: The type or namespace name 'Fact' could not be found (are you missing a using directive or an assembly reference?)
C:\gh\azure-sdk-for-net\sdk\securitycenter\Microsoft.Azure.Management.SecurityCenter\tests\SecureScores\SecureScoreControlTests.cs(49,10): error CS0246: The type or namespace name 'FactAttribute' could not be found (are you missing a using directive or an assembly reference?)
C:\gh\azure-sdk-for-net\sdk\securitycenter\Microsoft.Azure.Management.SecurityCenter\tests\SecureScores\SecureScoreControlTests.cs(49,10): error CS0246: The type or namespace name 'Fact' could not be found (are you missing a using directive or an assembly reference?)
C:\gh\azure-sdk-for-net\sdk\securitycenter\Microsoft.Azure.Management.SecurityCenter\tests\RegulatoryCompliance\RegulatoryComplianceAssessmentsTests.cs(54,10): error CS0246: The type or namespace name 'FactAttribute' could not be found (are you missing a using directive or an assembly reference?)
C:\gh\azure-sdk-for-net\sdk\securitycenter\Microsoft.Azure.Management.SecurityCenter\tests\RegulatoryCompliance\RegulatoryComplianceAssessmentsTests.cs(54,10): error CS0246: The type or namespace name 'Fact' could not be found (are you missing a using directive or an assembly reference?)
C:\gh\azure-sdk-for-net\sdk\securitycenter\Microsoft.Azure.Management.SecurityCenter\tests\SecureScores\SecureScoreControlTests.cs(60,10): error CS0246: The type or namespace name 'FactAttribute' could not be found (are you missing a using directive or an assembly reference?)
C:\gh\azure-sdk-for-net\sdk\securitycenter\Microsoft.Azure.Management.SecurityCenter\tests\SecureScores\SecureScoreControlTests.cs(60,10): error CS0246: The type or namespace name 'Fact' could not be found (are you missing a using directive or an assembly reference?)
C:\gh\azure-sdk-for-net\sdk\securitycenter\Microsoft.Azure.Management.SecurityCenter\tests\AdaptiveNetworkHardenings\AdaptiveNetworkHardeningsTests.cs(40,10): error CS0246: The type or namespace name 'FactAttribute' could not be found (are you missing a using directive or an assembly reference?)
C:\gh\azure-sdk-for-net\sdk\securitycenter\Microsoft.Azure.Management.SecurityCenter\tests\AdaptiveNetworkHardenings\AdaptiveNetworkHardeningsTests.cs(40,10): error CS0246: The type or namespace name 'Fact' could not be found (are you missing a using directive or an assembly reference?)
C:\gh\azure-sdk-for-net\sdk\securitycenter\Microsoft.Azure.Management.SecurityCenter\tests\SecureScores\SecureScoreControlTests.cs(71,10): error CS0246: The type or namespace name 'FactAttribute' could not be found (are you missing a using directive or an assembly reference?)
C:\gh\azure-sdk-for-net\sdk\securitycenter\Microsoft.Azure.Management.SecurityCenter\tests\SecureScores\SecureScoreControlTests.cs(71,10): error CS0246: The type or namespace name 'Fact' could not be found (are you missing a using directive or an assembly reference?)
C:\gh\azure-sdk-for-net\sdk\securitycenter\Microsoft.Azure.Management.SecurityCenter\tests\AdaptiveNetworkHardenings\AdaptiveNetworkHardeningsTests.cs(51,10): error CS0246: The type or namespace name 'FactAttribute' could not be found (are you missing a using directive or an assembly reference?)
C:\gh\azure-sdk-for-net\sdk\securitycenter\Microsoft.Azure.Management.SecurityCenter\tests\AdaptiveNetworkHardenings\AdaptiveNetworkHardeningsTests.cs(51,10): error CS0246: The type or namespace name 'Fact' could not be found (are you missing a using directive or an assembly reference?)
C:\gh\azure-sdk-for-net\sdk\securitycenter\Microsoft.Azure.Management.SecurityCenter\tests\RegulatoryCompliance\RegulatoryComplianceStandardsTests.cs(41,10): error CS0246: The type or namespace name 'FactAttribute' could not be found (are you missing a using directive or an assembly reference?)
C:\gh\azure-sdk-for-net\sdk\securitycenter\Microsoft.Azure.Management.SecurityCenter\tests\RegulatoryCompliance\RegulatoryComplianceStandardsTests.cs(41,10): error CS0246: The type or namespace name 'Fact' could not be found (are you missing a using directive or an assembly reference?)
C:\gh\azure-sdk-for-net\sdk\securitycenter\Microsoft.Azure.Management.SecurityCenter\tests\AdvancedThreatProtection\AdvancedThreatProtectionTests.cs(47,10): error CS0246: The type or namespace name 'FactAttribute' could not be found (are you missing a using directive or an assembly reference?)
C:\gh\azure-sdk-for-net\sdk\securitycenter\Microsoft.Azure.Management.SecurityCenter\tests\AdvancedThreatProtection\AdvancedThreatProtectionTests.cs(47,10): error CS0246: The type or namespace name 'Fact' could not be found (are you missing a using directive or an assembly reference?)
C:\gh\azure-sdk-for-net\sdk\securitycenter\Microsoft.Azure.Management.SecurityCenter\tests\RegulatoryCompliance\RegulatoryComplianceStandardsTests.cs(52,10): error CS0246: The type or namespace name 'FactAttribute' could not be found (are you missing a using directive or an assembly reference?)
C:\gh\azure-sdk-for-net\sdk\securitycenter\Microsoft.Azure.Management.SecurityCenter\tests\RegulatoryCompliance\RegulatoryComplianceStandardsTests.cs(52,10): error CS0246: The type or namespace name 'Fact' could not be found (are you missing a using directive or an assembly reference?)
C:\gh\azure-sdk-for-net\sdk\securitycenter\Microsoft.Azure.Management.SecurityCenter\tests\AllowedConnections\AllowedConnectionsTests.cs(40,10): error CS0246: The type or namespace name 'FactAttribute' could not be found (are you missing a using directive or an assembly reference?)
C:\gh\azure-sdk-for-net\sdk\securitycenter\Microsoft.Azure.Management.SecurityCenter\tests\AllowedConnections\AllowedConnectionsTests.cs(40,10): error CS0246: The type or namespace name 'Fact' could not be found (are you missing a using directive or an assembly reference?)
C:\gh\azure-sdk-for-net\sdk\securitycenter\Microsoft.Azure.Management.SecurityCenter\tests\AdvancedThreatProtection\AdvancedThreatProtectionTests.cs(59,10): error CS0246: The type or namespace name 'FactAttribute' could not be found (are you missing a using directive or an assembly reference?)
C:\gh\azure-sdk-for-net\sdk\securitycenter\Microsoft.Azure.Management.SecurityCenter\tests\AdvancedThreatProtection\AdvancedThreatProtectionTests.cs(59,10): error CS0246: The type or namespace name 'Fact' could not be found (are you missing a using directive or an assembly reference?)
C:\gh\azure-sdk-for-net\sdk\securitycenter\Microsoft.Azure.Management.SecurityCenter\tests\AllowedConnections\AllowedConnectionsTests.cs(51,10): error CS0246: The type or namespace name 'FactAttribute' could not be found (are you missing a using directive or an assembly reference?)
C:\gh\azure-sdk-for-net\sdk\securitycenter\Microsoft.Azure.Management.SecurityCenter\tests\AllowedConnections\AllowedConnectionsTests.cs(51,10): error CS0246: The type or namespace name 'Fact' could not be found (are you missing a using directive or an assembly reference?)
C:\gh\azure-sdk-for-net\sdk\securitycenter\Microsoft.Azure.Management.SecurityCenter\tests\AutoProvisionningSettings\AutoProvisioningSettingsTests.cs(44,10): error CS0246: The type or namespace name 'FactAttribute' could not be found (are you missing a using directive or an assembly reference?)
C:\gh\azure-sdk-for-net\sdk\securitycenter\Microsoft.Azure.Management.SecurityCenter\tests\AutoProvisionningSettings\AutoProvisioningSettingsTests.cs(44,10): error CS0246: The type or namespace name 'Fact' could not be found (are you missing a using directive or an assembly reference?)
C:\gh\azure-sdk-for-net\sdk\securitycenter\Microsoft.Azure.Management.SecurityCenter\tests\Alerts\SecurityAlertsTests.cs(59,10): error CS0246: The type or namespace name 'FactAttribute' could not be found (are you missing a using directive or an assembly reference?)
C:\gh\azure-sdk-for-net\sdk\securitycenter\Microsoft.Azure.Management.SecurityCenter\tests\Alerts\SecurityAlertsTests.cs(59,10): error CS0246: The type or namespace name 'Fact' could not be found (are you missing a using directive or an assembly reference?)
C:\gh\azure-sdk-for-net\sdk\securitycenter\Microsoft.Azure.Management.SecurityCenter\tests\AutoProvisionningSettings\AutoProvisioningSettingsTests.cs(55,10): error CS0246: The type or namespace name 'FactAttribute' could not be found (are you missing a using directive or an assembly reference?)
C:\gh\azure-sdk-for-net\sdk\securitycenter\Microsoft.Azure.Management.SecurityCenter\tests\AutoProvisionningSettings\AutoProvisioningSettingsTests.cs(55,10): error CS0246: The type or namespace name 'Fact' could not be found (are you missing a using directive or an assembly reference?)
C:\gh\azure-sdk-for-net\sdk\securitycenter\Microsoft.Azure.Management.SecurityCenter\tests\DiscoveredSecuritySolutions\DiscoveredSecuritySolutionsTests.cs(44,10): error CS0246: The type or namespace name 'FactAttribute' could not be found (are you missing a using directive or an assembly reference?)
C:\gh\azure-sdk-for-net\sdk\securitycenter\Microsoft.Azure.Management.SecurityCenter\tests\DiscoveredSecuritySolutions\DiscoveredSecuritySolutionsTests.cs(44,10): error CS0246: The type or namespace name 'Fact' could not be found (are you missing a using directive or an assembly reference?)
C:\gh\azure-sdk-for-net\sdk\securitycenter\Microsoft.Azure.Management.SecurityCenter\tests\AutoProvisionningSettings\AutoProvisioningSettingsTests.cs(66,10): error CS0246: The type or namespace name 'FactAttribute' could not be found (are you missing a using directive or an assembly reference?)
C:\gh\azure-sdk-for-net\sdk\securitycenter\Microsoft.Azure.Management.SecurityCenter\tests\AutoProvisionningSettings\AutoProvisioningSettingsTests.cs(66,10): error CS0246: The type or namespace name 'Fact' could not be found (are you missing a using directive or an assembly reference?)
C:\gh\azure-sdk-for-net\sdk\securitycenter\Microsoft.Azure.Management.SecurityCenter\tests\Assessments\AssessmentsTests.cs(46,10): error CS0246: The type or namespace name 'FactAttribute' could not be found (are you missing a using directive or an assembly reference?)
C:\gh\azure-sdk-for-net\sdk\securitycenter\Microsoft.Azure.Management.SecurityCenter\tests\Assessments\AssessmentsTests.cs(46,10): error CS0246: The type or namespace name 'Fact' could not be found (are you missing a using directive or an assembly reference?)
C:\gh\azure-sdk-for-net\sdk\securitycenter\Microsoft.Azure.Management.SecurityCenter\tests\DiscoveredSecuritySolutions\DiscoveredSecuritySolutionsTests.cs(55,10): error CS0246: The type or namespace name 'FactAttribute' could not be found (are you missing a using directive or an assembly reference?)
C:\gh\azure-sdk-for-net\sdk\securitycenter\Microsoft.Azure.Management.SecurityCenter\tests\DiscoveredSecuritySolutions\DiscoveredSecuritySolutionsTests.cs(55,10): error CS0246: The type or namespace name 'Fact' could not be found (are you missing a using directive or an assembly reference?)
C:\gh\azure-sdk-for-net\sdk\securitycenter\Microsoft.Azure.Management.SecurityCenter\tests\Compliances\CompliancesTests.cs(46,10): error CS0246: The type or namespace name 'FactAttribute' could not be found (are you missing a using directive or an assembly reference?)
C:\gh\azure-sdk-for-net\sdk\securitycenter\Microsoft.Azure.Management.SecurityCenter\tests\Compliances\CompliancesTests.cs(46,10): error CS0246: The type or namespace name 'Fact' could not be found (are you missing a using directive or an assembly reference?)
C:\gh\azure-sdk-for-net\sdk\securitycenter\Microsoft.Azure.Management.SecurityCenter\tests\DiscoveredSecuritySolutions\DiscoveredSecuritySolutionsTests.cs(66,10): error CS0246: The type or namespace name 'FactAttribute' could not be found (are you missing a using directive or an assembly reference?)
C:\gh\azure-sdk-for-net\sdk\securitycenter\Microsoft.Azure.Management.SecurityCenter\tests\DiscoveredSecuritySolutions\DiscoveredSecuritySolutionsTests.cs(66,10): error CS0246: The type or namespace name 'Fact' could not be found (are you missing a using directive or an assembly reference?)
C:\gh\azure-sdk-for-net\sdk\securitycenter\Microsoft.Azure.Management.SecurityCenter\tests\Compliances\CompliancesTests.cs(58,10): error CS0246: The type or namespace name 'FactAttribute' could not be found (are you missing a using directive or an assembly reference?)
C:\gh\azure-sdk-for-net\sdk\securitycenter\Microsoft.Azure.Management.SecurityCenter\tests\Compliances\CompliancesTests.cs(58,10): error CS0246: The type or namespace name 'Fact' could not be found (are you missing a using directive or an assembly reference?)
C:\gh\azure-sdk-for-net\sdk\securitycenter\Microsoft.Azure.Management.SecurityCenter\tests\ExternalSecuritySolutions\ExternalSecuritySolutionsTests.cs(44,10): error CS0246: The type or namespace name 'FactAttribute' could not be found (are you missing a using directive or an assembly reference?)
C:\gh\azure-sdk-for-net\sdk\securitycenter\Microsoft.Azure.Management.SecurityCenter\tests\ExternalSecuritySolutions\ExternalSecuritySolutionsTests.cs(44,10): error CS0246: The type or namespace name 'Fact' could not be found (are you missing a using directive or an assembly reference?)
C:\gh\azure-sdk-for-net\sdk\securitycenter\Microsoft.Azure.Management.SecurityCenter\tests\RegulatoryCompliance\RegulatoryComplianceControlsTests.cs(42,10): error CS0246: The type or namespace name 'FactAttribute' could not be found (are you missing a using directive or an assembly reference?)
C:\gh\azure-sdk-for-net\sdk\securitycenter\Microsoft.Azure.Management.SecurityCenter\tests\RegulatoryCompliance\RegulatoryComplianceControlsTests.cs(42,10): error CS0246: The type or namespace name 'Fact' could not be found (are you missing a using directive or an assembly reference?)
C:\gh\azure-sdk-for-net\sdk\securitycenter\Microsoft.Azure.Management.SecurityCenter\tests\ExternalSecuritySolutions\ExternalSecuritySolutionsTests.cs(60,10): error CS0246: The type or namespace name 'FactAttribute' could not be found (are you missing a using directive or an assembly reference?)
C:\gh\azure-sdk-for-net\sdk\securitycenter\Microsoft.Azure.Management.SecurityCenter\tests\ExternalSecuritySolutions\ExternalSecuritySolutionsTests.cs(60,10): error CS0246: The type or namespace name 'Fact' could not be found (are you missing a using directive or an assembly reference?)
C:\gh\azure-sdk-for-net\sdk\securitycenter\Microsoft.Azure.Management.SecurityCenter\tests\RegulatoryCompliance\RegulatoryComplianceControlsTests.cs(53,10): error CS0246: The type or namespace name 'FactAttribute' could not be found (are you missing a using directive or an assembly reference?)
C:\gh\azure-sdk-for-net\sdk\securitycenter\Microsoft.Azure.Management.SecurityCenter\tests\RegulatoryCompliance\RegulatoryComplianceControlsTests.cs(53,10): error CS0246: The type or namespace name 'Fact' could not be found (are you missing a using directive or an assembly reference?)
C:\gh\azure-sdk-for-net\sdk\securitycenter\Microsoft.Azure.Management.SecurityCenter\tests\ExternalSecuritySolutions\ExternalSecuritySolutionsTests.cs(77,10): error CS0246: The type or namespace name 'FactAttribute' could not be found (are you missing a using directive or an assembly reference?)
C:\gh\azure-sdk-for-net\sdk\securitycenter\Microsoft.Azure.Management.SecurityCenter\tests\ExternalSecuritySolutions\ExternalSecuritySolutionsTests.cs(77,10): error CS0246: The type or namespace name 'Fact' could not be found (are you missing a using directive or an assembly reference?)
C:\gh\azure-sdk-for-net\sdk\securitycenter\Microsoft.Azure.Management.SecurityCenter\tests\IotSecuritySolutionAnalytics\IotSecuritySolutionAnalyticsTests.cs(47,10): error CS0246: The type or namespace name 'FactAttribute' could not be found (are you missing a using directive or an assembly reference?)
C:\gh\azure-sdk-for-net\sdk\securitycenter\Microsoft.Azure.Management.SecurityCenter\tests\IotSecuritySolutionAnalytics\IotSecuritySolutionAnalyticsTests.cs(47,10): error CS0246: The type or namespace name 'Fact' could not be found (are you missing a using directive or an assembly reference?)
C:\gh\azure-sdk-for-net\sdk\securitycenter\Microsoft.Azure.Management.SecurityCenter\tests\IotSecuritySolutionsAnalyticsAggregatedAlert\IotSecuritySolutionsAnalyticsAggregatedAlertTests.cs(48,10): error CS0246: The type or namespace name 'FactAttribute' could not be found (are you missing a using directive or an assembly reference?)
C:\gh\azure-sdk-for-net\sdk\securitycenter\Microsoft.Azure.Management.SecurityCenter\tests\IotSecuritySolutionsAnalyticsAggregatedAlert\IotSecuritySolutionsAnalyticsAggregatedAlertTests.cs(48,10): error CS0246: The type or namespace name 'Fact' could not be found (are you missing a using directive or an assembly reference?)
C:\gh\azure-sdk-for-net\sdk\securitycenter\Microsoft.Azure.Management.SecurityCenter\tests\IotSecuritySolutionsAnalyticsRecommendation\IotSecuritySolutionsAnalyticsRecommendationTests.cs(49,10): error CS0246: The type or namespace name 'FactAttribute' could not be found (are you missing a using directive or an assembly reference?)
C:\gh\azure-sdk-for-net\sdk\securitycenter\Microsoft.Azure.Management.SecurityCenter\tests\IotSecuritySolutionsAnalyticsRecommendation\IotSecuritySolutionsAnalyticsRecommendationTests.cs(49,10): error CS0246: The type or namespace name 'Fact' could not be found (are you missing a using directive or an assembly reference?)
C:\gh\azure-sdk-for-net\sdk\securitycenter\Microsoft.Azure.Management.SecurityCenter\tests\IotSecuritySolutionAnalytics\IotSecuritySolutionAnalyticsTests.cs(58,10): error CS0246: The type or namespace name 'FactAttribute' could not be found (are you missing a using directive or an assembly reference?)
C:\gh\azure-sdk-for-net\sdk\securitycenter\Microsoft.Azure.Management.SecurityCenter\tests\IotSecuritySolutionAnalytics\IotSecuritySolutionAnalyticsTests.cs(58,10): error CS0246: The type or namespace name 'Fact' could not be found (are you missing a using directive or an assembly reference?)
C:\gh\azure-sdk-for-net\sdk\securitycenter\Microsoft.Azure.Management.SecurityCenter\tests\IotSecuritySolutionsDeviceSecurityGroups\IotSecuritySolutionsDeviceSecurityGroupsTests.cs(49,10): error CS0246: The type or namespace name 'FactAttribute' could not be found (are you missing a using directive or an assembly reference?)
C:\gh\azure-sdk-for-net\sdk\securitycenter\Microsoft.Azure.Management.SecurityCenter\tests\IotSecuritySolutionsDeviceSecurityGroups\IotSecuritySolutionsDeviceSecurityGroupsTests.cs(49,10): error CS0246: The type or namespace name 'Fact' could not be found (are you missing a using directive or an assembly reference?)
C:\gh\azure-sdk-for-net\sdk\securitycenter\Microsoft.Azure.Management.SecurityCenter\tests\IotSecuritySolutionsAnalyticsAggregatedAlert\IotSecuritySolutionsAnalyticsAggregatedAlertTests.cs(59,10): error CS0246: The type or namespace name 'FactAttribute' could not be found (are you missing a using directive or an assembly reference?)
C:\gh\azure-sdk-for-net\sdk\securitycenter\Microsoft.Azure.Management.SecurityCenter\tests\IotSecuritySolutionsAnalyticsAggregatedAlert\IotSecuritySolutionsAnalyticsAggregatedAlertTests.cs(59,10): error CS0246: The type or namespace name 'Fact' could not be found (are you missing a using directive or an assembly reference?)
C:\gh\azure-sdk-for-net\sdk\securitycenter\Microsoft.Azure.Management.SecurityCenter\tests\IotSecuritySolutionsAnalyticsRecommendation\IotSecuritySolutionsAnalyticsRecommendationTests.cs(60,10): error CS0246: The type or namespace name 'FactAttribute' could not be found (are you missing a using directive or an assembly reference?)
C:\gh\azure-sdk-for-net\sdk\securitycenter\Microsoft.Azure.Management.SecurityCenter\tests\IotSecuritySolutionsAnalyticsRecommendation\IotSecuritySolutionsAnalyticsRecommendationTests.cs(60,10): error CS0246: The type or namespace name 'Fact' could not be found (are you missing a using directive or an assembly reference?)
C:\gh\azure-sdk-for-net\sdk\securitycenter\Microsoft.Azure.Management.SecurityCenter\tests\IotSecuritySolutionsDeviceSecurityGroups\IotSecuritySolutionsDeviceSecurityGroupsTests.cs(60,10): error CS0246: The type or namespace name 'FactAttribute' could not be found (are you missing a using directive or an assembly reference?)
C:\gh\azure-sdk-for-net\sdk\securitycenter\Microsoft.Azure.Management.SecurityCenter\tests\IotSecuritySolutionsDeviceSecurityGroups\IotSecuritySolutionsDeviceSecurityGroupsTests.cs(60,10): error CS0246: The type or namespace name 'Fact' could not be found (are you missing a using directive or an assembly reference?)
C:\gh\azure-sdk-for-net\sdk\securitycenter\Microsoft.Azure.Management.SecurityCenter\tests\JitNetworkAccessPolicies\JitNetworkAccessPoliciesTests.cs(45,10): error CS0246: The type or namespace name 'FactAttribute' could not be found (are you missing a using directive or an assembly reference?)
C:\gh\azure-sdk-for-net\sdk\securitycenter\Microsoft.Azure.Management.SecurityCenter\tests\JitNetworkAccessPolicies\JitNetworkAccessPoliciesTests.cs(45,10): error CS0246: The type or namespace name 'Fact' could not be found (are you missing a using directive or an assembly reference?)
C:\gh\azure-sdk-for-net\sdk\securitycenter\Microsoft.Azure.Management.SecurityCenter\tests\IotSecuritySolutionsAnalyticsAggregatedAlert\IotSecuritySolutionsAnalyticsAggregatedAlertTests.cs(70,10): error CS0246: The type or namespace name 'FactAttribute' could not be found (are you missing a using directive or an assembly reference?)
C:\gh\azure-sdk-for-net\sdk\securitycenter\Microsoft.Azure.Management.SecurityCenter\tests\IotSecuritySolutionsAnalyticsAggregatedAlert\IotSecuritySolutionsAnalyticsAggregatedAlertTests.cs(70,10): error CS0246: The type or namespace name 'Fact' could not be found (are you missing a using directive or an assembly reference?)
C:\gh\azure-sdk-for-net\sdk\securitycenter\Microsoft.Azure.Management.SecurityCenter\tests\IotSecuritySolutionsDeviceSecurityGroups\IotSecuritySolutionsDeviceSecurityGroupsTests.cs(71,10): error CS0246: The type or namespace name 'FactAttribute' could not be found (are you missing a using directive or an assembly reference?)
C:\gh\azure-sdk-for-net\sdk\securitycenter\Microsoft.Azure.Management.SecurityCenter\tests\IotSecuritySolutionsDeviceSecurityGroups\IotSecuritySolutionsDeviceSecurityGroupsTests.cs(71,10): error CS0246: The type or namespace name 'Fact' could not be found (are you missing a using directive or an assembly reference?)
C:\gh\azure-sdk-for-net\sdk\securitycenter\Microsoft.Azure.Management.SecurityCenter\tests\Operations\OperationsTests.cs(44,10): error CS0246: The type or namespace name 'FactAttribute' could not be found (are you missing a using directive or an assembly reference?)
C:\gh\azure-sdk-for-net\sdk\securitycenter\Microsoft.Azure.Management.SecurityCenter\tests\Operations\OperationsTests.cs(44,10): error CS0246: The type or namespace name 'Fact' could not be found (are you missing a using directive or an assembly reference?)
C:\gh\azure-sdk-for-net\sdk\securitycenter\Microsoft.Azure.Management.SecurityCenter\tests\JitNetworkAccessPolicies\JitNetworkAccessPoliciesTests.cs(56,10): error CS0246: The type or namespace name 'FactAttribute' could not be found (are you missing a using directive or an assembly reference?)
C:\gh\azure-sdk-for-net\sdk\securitycenter\Microsoft.Azure.Management.SecurityCenter\tests\JitNetworkAccessPolicies\JitNetworkAccessPoliciesTests.cs(56,10): error CS0246: The type or namespace name 'Fact' could not be found (are you missing a using directive or an assembly reference?)
C:\gh\azure-sdk-for-net\sdk\securitycenter\Microsoft.Azure.Management.SecurityCenter\tests\SecurityContacts\SecurityContactsTests.cs(44,10): error CS0246: The type or namespace name 'FactAttribute' could not be found (are you missing a using directive or an assembly reference?)
C:\gh\azure-sdk-for-net\sdk\securitycenter\Microsoft.Azure.Management.SecurityCenter\tests\SecurityContacts\SecurityContactsTests.cs(44,10): error CS0246: The type or namespace name 'Fact' could not be found (are you missing a using directive or an assembly reference?)
C:\gh\azure-sdk-for-net\sdk\securitycenter\Microsoft.Azure.Management.SecurityCenter\tests\Settings\SettingsTests.cs(47,10): error CS0246: The type or namespace name 'FactAttribute' could not be found (are you missing a using directive or an assembly reference?)
C:\gh\azure-sdk-for-net\sdk\securitycenter\Microsoft.Azure.Management.SecurityCenter\tests\Settings\SettingsTests.cs(47,10): error CS0246: The type or namespace name 'Fact' could not be found (are you missing a using directive or an assembly reference?)
C:\gh\azure-sdk-for-net\sdk\securitycenter\Microsoft.Azure.Management.SecurityCenter\tests\IotSecuritySolutionsDeviceSecurityGroups\IotSecuritySolutionsDeviceSecurityGroupsTests.cs(83,10): error CS0246: The type or namespace name 'FactAttribute' could not be found (are you missing a using directive or an assembly reference?)
C:\gh\azure-sdk-for-net\sdk\securitycenter\Microsoft.Azure.Management.SecurityCenter\tests\IotSecuritySolutionsDeviceSecurityGroups\IotSecuritySolutionsDeviceSecurityGroupsTests.cs(83,10): error CS0246: The type or namespace name 'Fact' could not be found (are you missing a using directive or an assembly reference?)
C:\gh\azure-sdk-for-net\sdk\securitycenter\Microsoft.Azure.Management.SecurityCenter\tests\Pricings\PricingsTests.cs(54,10): error CS0246: The type or namespace name 'FactAttribute' could not be found (are you missing a using directive or an assembly reference?)
C:\gh\azure-sdk-for-net\sdk\securitycenter\Microsoft.Azure.Management.SecurityCenter\tests\Pricings\PricingsTests.cs(54,10): error CS0246: The type or namespace name 'Fact' could not be found (are you missing a using directive or an assembly reference?)
C:\gh\azure-sdk-for-net\sdk\securitycenter\Microsoft.Azure.Management.SecurityCenter\tests\JitNetworkAccessPolicies\JitNetworkAccessPoliciesTests.cs(66,10): error CS0246: The type or namespace name 'FactAttribute' could not be found (are you missing a using directive or an assembly reference?)
C:\gh\azure-sdk-for-net\sdk\securitycenter\Microsoft.Azure.Management.SecurityCenter\tests\JitNetworkAccessPolicies\JitNetworkAccessPoliciesTests.cs(66,10): error CS0246: The type or namespace name 'Fact' could not be found (are you missing a using directive or an assembly reference?)
C:\gh\azure-sdk-for-net\sdk\securitycenter\Microsoft.Azure.Management.SecurityCenter\tests\SecurityContacts\SecurityContactsTests.cs(55,10): error CS0246: The type or namespace name 'FactAttribute' could not be found (are you missing a using directive or an assembly reference?)
C:\gh\azure-sdk-for-net\sdk\securitycenter\Microsoft.Azure.Management.SecurityCenter\tests\SecurityContacts\SecurityContactsTests.cs(55,10): error CS0246: The type or namespace name 'Fact' could not be found (are you missing a using directive or an assembly reference?)
C:\gh\azure-sdk-for-net\sdk\securitycenter\Microsoft.Azure.Management.SecurityCenter\tests\Settings\SettingsTests.cs(59,10): error CS0246: The type or namespace name 'FactAttribute' could not be found (are you missing a using directive or an assembly reference?)
C:\gh\azure-sdk-for-net\sdk\securitycenter\Microsoft.Azure.Management.SecurityCenter\tests\Settings\SettingsTests.cs(59,10): error CS0246: The type or namespace name 'Fact' could not be found (are you missing a using directive or an assembly reference?)
C:\gh\azure-sdk-for-net\sdk\securitycenter\Microsoft.Azure.Management.SecurityCenter\tests\IoTSecuritySolution\IoTSecuritySolutionsTests.cs(51,10): error CS0246: The type or namespace name 'FactAttribute' could not be found (are you missing a using directive or an assembly reference?)
C:\gh\azure-sdk-for-net\sdk\securitycenter\Microsoft.Azure.Management.SecurityCenter\tests\IoTSecuritySolution\IoTSecuritySolutionsTests.cs(51,10): error CS0246: The type or namespace name 'Fact' could not be found (are you missing a using directive or an assembly reference?)
C:\gh\azure-sdk-for-net\sdk\securitycenter\Microsoft.Azure.Management.SecurityCenter\tests\SubAssessment\SubAssessmentTests.cs(49,10): error CS0246: The type or namespace name 'FactAttribute' could not be found (are you missing a using directive or an assembly reference?)
C:\gh\azure-sdk-for-net\sdk\securitycenter\Microsoft.Azure.Management.SecurityCenter\tests\SubAssessment\SubAssessmentTests.cs(49,10): error CS0246: The type or namespace name 'Fact' could not be found (are you missing a using directive or an assembly reference?)
C:\gh\azure-sdk-for-net\sdk\securitycenter\Microsoft.Azure.Management.SecurityCenter\tests\JitNetworkAccessPolicies\JitNetworkAccessPoliciesTests.cs(77,10): error CS0246: The type or namespace name 'FactAttribute' could not be found (are you missing a using directive or an assembly reference?)
C:\gh\azure-sdk-for-net\sdk\securitycenter\Microsoft.Azure.Management.SecurityCenter\tests\JitNetworkAccessPolicies\JitNetworkAccessPoliciesTests.cs(77,10): error CS0246: The type or namespace name 'Fact' could not be found (are you missing a using directive or an assembly reference?)
C:\gh\azure-sdk-for-net\sdk\securitycenter\Microsoft.Azure.Management.SecurityCenter\tests\Settings\SettingsTests.cs(70,10): error CS0246: The type or namespace name 'FactAttribute' could not be found (are you missing a using directive or an assembly reference?)
C:\gh\azure-sdk-for-net\sdk\securitycenter\Microsoft.Azure.Management.SecurityCenter\tests\Settings\SettingsTests.cs(70,10): error CS0246: The type or namespace name 'Fact' could not be found (are you missing a using directive or an assembly reference?)
C:\gh\azure-sdk-for-net\sdk\securitycenter\Microsoft.Azure.Management.SecurityCenter\tests\SecurityContacts\SecurityContactsTests.cs(66,10): error CS0246: The type or namespace name 'FactAttribute' could not be found (are you missing a using directive or an assembly reference?)
C:\gh\azure-sdk-for-net\sdk\securitycenter\Microsoft.Azure.Management.SecurityCenter\tests\SecurityContacts\SecurityContactsTests.cs(66,10): error CS0246: The type or namespace name 'Fact' could not be found (are you missing a using directive or an assembly reference?)
C:\gh\azure-sdk-for-net\sdk\securitycenter\Microsoft.Azure.Management.SecurityCenter\tests\Assessments\AssessmentsTests.cs(60,10): error CS0246: The type or namespace name 'FactAttribute' could not be found (are you missing a using directive or an assembly reference?)
C:\gh\azure-sdk-for-net\sdk\securitycenter\Microsoft.Azure.Management.SecurityCenter\tests\Assessments\AssessmentsTests.cs(60,10): error CS0246: The type or namespace name 'Fact' could not be found (are you missing a using directive or an assembly reference?)
C:\gh\azure-sdk-for-net\sdk\securitycenter\Microsoft.Azure.Management.SecurityCenter\tests\IoTSecuritySolution\IoTSecuritySolutionsTests.cs(62,10): error CS0246: The type or namespace name 'FactAttribute' could not be found (are you missing a using directive or an assembly reference?)
C:\gh\azure-sdk-for-net\sdk\securitycenter\Microsoft.Azure.Management.SecurityCenter\tests\IoTSecuritySolution\IoTSecuritySolutionsTests.cs(62,10): error CS0246: The type or namespace name 'Fact' could not be found (are you missing a using directive or an assembly reference?)
C:\gh\azure-sdk-for-net\sdk\securitycenter\Microsoft.Azure.Management.SecurityCenter\tests\SubAssessment\SubAssessmentTests.cs(62,10): error CS0246: The type or namespace name 'FactAttribute' could not be found (are you missing a using directive or an assembly reference?)
C:\gh\azure-sdk-for-net\sdk\securitycenter\Microsoft.Azure.Management.SecurityCenter\tests\SubAssessment\SubAssessmentTests.cs(62,10): error CS0246: The type or namespace name 'Fact' could not be found (are you missing a using directive or an assembly reference?)
C:\gh\azure-sdk-for-net\sdk\securitycenter\Microsoft.Azure.Management.SecurityCenter\tests\JitNetworkAccessPolicies\JitNetworkAccessPoliciesTests.cs(95,10): error CS0246: The type or namespace name 'FactAttribute' could not be found (are you missing a using directive or an assembly reference?)
C:\gh\azure-sdk-for-net\sdk\securitycenter\Microsoft.Azure.Management.SecurityCenter\tests\JitNetworkAccessPolicies\JitNetworkAccessPoliciesTests.cs(95,10): error CS0246: The type or namespace name 'Fact' could not be found (are you missing a using directive or an assembly reference?)
C:\gh\azure-sdk-for-net\sdk\securitycenter\Microsoft.Azure.Management.SecurityCenter\tests\SecurityContacts\SecurityContactsTests.cs(80,10): error CS0246: The type or namespace name 'FactAttribute' could not be found (are you missing a using directive or an assembly reference?)
C:\gh\azure-sdk-for-net\sdk\securitycenter\Microsoft.Azure.Management.SecurityCenter\tests\SecurityContacts\SecurityContactsTests.cs(80,10): error CS0246: The type or namespace name 'Fact' could not be found (are you missing a using directive or an assembly reference?)
C:\gh\azure-sdk-for-net\sdk\securitycenter\Microsoft.Azure.Management.SecurityCenter\tests\Topology\TopologyTests.cs(39,10): error CS0246: The type or namespace name 'FactAttribute' could not be found (are you missing a using directive or an assembly reference?)
C:\gh\azure-sdk-for-net\sdk\securitycenter\Microsoft.Azure.Management.SecurityCenter\tests\Topology\TopologyTests.cs(39,10): error CS0246: The type or namespace name 'Fact' could not be found (are you missing a using directive or an assembly reference?)
C:\gh\azure-sdk-for-net\sdk\securitycenter\Microsoft.Azure.Management.SecurityCenter\tests\Assessments\AssessmentsTests.cs(74,10): error CS0246: The type or namespace name 'FactAttribute' could not be found (are you missing a using directive or an assembly reference?)
C:\gh\azure-sdk-for-net\sdk\securitycenter\Microsoft.Azure.Management.SecurityCenter\tests\Assessments\AssessmentsTests.cs(74,10): error CS0246: The type or namespace name 'Fact' could not be found (are you missing a using directive or an assembly reference?)
C:\gh\azure-sdk-for-net\sdk\securitycenter\Microsoft.Azure.Management.SecurityCenter\tests\IoTSecuritySolution\IoTSecuritySolutionsTests.cs(90,10): error CS0246: The type or namespace name 'FactAttribute' could not be found (are you missing a using directive or an assembly reference?)
C:\gh\azure-sdk-for-net\sdk\securitycenter\Microsoft.Azure.Management.SecurityCenter\tests\IoTSecuritySolution\IoTSecuritySolutionsTests.cs(90,10): error CS0246: The type or namespace name 'Fact' could not be found (are you missing a using directive or an assembly reference?)
C:\gh\azure-sdk-for-net\sdk\securitycenter\Microsoft.Azure.Management.SecurityCenter\tests\SubAssessment\SubAssessmentTests.cs(76,10): error CS0246: The type or namespace name 'FactAttribute' could not be found (are you missing a using directive or an assembly reference?)
C:\gh\azure-sdk-for-net\sdk\securitycenter\Microsoft.Azure.Management.SecurityCenter\tests\SubAssessment\SubAssessmentTests.cs(76,10): error CS0246: The type or namespace name 'Fact' could not be found (are you missing a using directive or an assembly reference?)
C:\gh\azure-sdk-for-net\sdk\securitycenter\Microsoft.Azure.Management.SecurityCenter\tests\JitNetworkAccessPolicies\JitNetworkAccessPoliciesTests.cs(105,10): error CS0246: The type or namespace name 'FactAttribute' could not be found (are you missing a using directive or an assembly reference?)
C:\gh\azure-sdk-for-net\sdk\securitycenter\Microsoft.Azure.Management.SecurityCenter\tests\JitNetworkAccessPolicies\JitNetworkAccessPoliciesTests.cs(105,10): error CS0246: The type or namespace name 'Fact' could not be found (are you missing a using directive or an assembly reference?)
C:\gh\azure-sdk-for-net\sdk\securitycenter\Microsoft.Azure.Management.SecurityCenter\tests\SecureScores\SecureScoreTests.cs(38,10): error CS0246: The type or namespace name 'FactAttribute' could not be found (are you missing a using directive or an assembly reference?)
C:\gh\azure-sdk-for-net\sdk\securitycenter\Microsoft.Azure.Management.SecurityCenter\tests\SecureScores\SecureScoreTests.cs(38,10): error CS0246: The type or namespace name 'Fact' could not be found (are you missing a using directive or an assembly reference?)
C:\gh\azure-sdk-for-net\sdk\securitycenter\Microsoft.Azure.Management.SecurityCenter\tests\Assessments\AssessmentsTests.cs(87,10): error CS0246: The type or namespace name 'FactAttribute' could not be found (are you missing a using directive or an assembly reference?)
C:\gh\azure-sdk-for-net\sdk\securitycenter\Microsoft.Azure.Management.SecurityCenter\tests\Assessments\AssessmentsTests.cs(87,10): error CS0246: The type or namespace name 'Fact' could not be found (are you missing a using directive or an assembly reference?)
C:\gh\azure-sdk-for-net\sdk\securitycenter\Microsoft.Azure.Management.SecurityCenter\tests\IoTSecuritySolution\IoTSecuritySolutionsTests.cs(105,10): error CS0246: The type or namespace name 'FactAttribute' could not be found (are you missing a using directive or an assembly reference?)
C:\gh\azure-sdk-for-net\sdk\securitycenter\Microsoft.Azure.Management.SecurityCenter\tests\IoTSecuritySolution\IoTSecuritySolutionsTests.cs(105,10): error CS0246: The type or namespace name 'Fact' could not be found (are you missing a using directive or an assembly reference?)
C:\gh\azure-sdk-for-net\sdk\securitycenter\Microsoft.Azure.Management.SecurityCenter\tests\SubAssessment\SubAssessmentTests.cs(89,10): error CS0246: The type or namespace name 'FactAttribute' could not be found (are you missing a using directive or an assembly reference?)
C:\gh\azure-sdk-for-net\sdk\securitycenter\Microsoft.Azure.Management.SecurityCenter\tests\SubAssessment\SubAssessmentTests.cs(89,10): error CS0246: The type or namespace name 'Fact' could not be found (are you missing a using directive or an assembly reference?)
C:\gh\azure-sdk-for-net\sdk\securitycenter\Microsoft.Azure.Management.SecurityCenter\tests\Topology\TopologyTests.cs(50,10): error CS0246: The type or namespace name 'FactAttribute' could not be found (are you missing a using directive or an assembly reference?)
C:\gh\azure-sdk-for-net\sdk\securitycenter\Microsoft.Azure.Management.SecurityCenter\tests\Topology\TopologyTests.cs(50,10): error CS0246: The type or namespace name 'Fact' could not be found (are you missing a using directive or an assembly reference?)
C:\gh\azure-sdk-for-net\sdk\securitycenter\Microsoft.Azure.Management.SecurityCenter\tests\JitNetworkAccessPolicies\JitNetworkAccessPoliciesTests.cs(123,10): error CS0246: The type or namespace name 'FactAttribute' could not be found (are you missing a using directive or an assembly reference?)
C:\gh\azure-sdk-for-net\sdk\securitycenter\Microsoft.Azure.Management.SecurityCenter\tests\JitNetworkAccessPolicies\JitNetworkAccessPoliciesTests.cs(123,10): error CS0246: The type or namespace name 'Fact' could not be found (are you missing a using directive or an assembly reference?)
C:\gh\azure-sdk-for-net\sdk\securitycenter\Microsoft.Azure.Management.SecurityCenter\tests\Assessments\AssessmentsTests.cs(100,10): error CS0246: The type or namespace name 'FactAttribute' could not be found (are you missing a using directive or an assembly reference?)
C:\gh\azure-sdk-for-net\sdk\securitycenter\Microsoft.Azure.Management.SecurityCenter\tests\Assessments\AssessmentsTests.cs(100,10): error CS0246: The type or namespace name 'Fact' could not be found (are you missing a using directive or an assembly reference?)
C:\gh\azure-sdk-for-net\sdk\securitycenter\Microsoft.Azure.Management.SecurityCenter\tests\Tasks\SecurityTasksTests.cs(44,10): error CS0246: The type or namespace name 'FactAttribute' could not be found (are you missing a using directive or an assembly reference?)
C:\gh\azure-sdk-for-net\sdk\securitycenter\Microsoft.Azure.Management.SecurityCenter\tests\Tasks\SecurityTasksTests.cs(44,10): error CS0246: The type or namespace name 'Fact' could not be found (are you missing a using directive or an assembly reference?)
C:\gh\azure-sdk-for-net\sdk\securitycenter\Microsoft.Azure.Management.SecurityCenter\tests\IoTSecuritySolution\IoTSecuritySolutionsTests.cs(121,10): error CS0246: The type or namespace name 'FactAttribute' could not be found (are you missing a using directive or an assembly reference?)
C:\gh\azure-sdk-for-net\sdk\securitycenter\Microsoft.Azure.Management.SecurityCenter\tests\IoTSecuritySolution\IoTSecuritySolutionsTests.cs(121,10): error CS0246: The type or namespace name 'Fact' could not be found (are you missing a using directive or an assembly reference?)
C:\gh\azure-sdk-for-net\sdk\securitycenter\Microsoft.Azure.Management.SecurityCenter\tests\JitNetworkAccessPolicies\JitNetworkAccessPoliciesTests.cs(134,10): error CS0246: The type or namespace name 'FactAttribute' could not be found (are you missing a using directive or an assembly reference?)
C:\gh\azure-sdk-for-net\sdk\securitycenter\Microsoft.Azure.Management.SecurityCenter\tests\JitNetworkAccessPolicies\JitNetworkAccessPoliciesTests.cs(134,10): error CS0246: The type or namespace name 'Fact' could not be found (are you missing a using directive or an assembly reference?)
C:\gh\azure-sdk-for-net\sdk\securitycenter\Microsoft.Azure.Management.SecurityCenter\tests\SecureScores\SecureScoreTests.cs(49,10): error CS0246: The type or namespace name 'FactAttribute' could not be found (are you missing a using directive or an assembly reference?)
C:\gh\azure-sdk-for-net\sdk\securitycenter\Microsoft.Azure.Management.SecurityCenter\tests\SecureScores\SecureScoreTests.cs(49,10): error CS0246: The type or namespace name 'Fact' could not be found (are you missing a using directive or an assembly reference?)
C:\gh\azure-sdk-for-net\sdk\securitycenter\Microsoft.Azure.Management.SecurityCenter\tests\Tasks\SecurityTasksTests.cs(55,10): error CS0246: The type or namespace name 'FactAttribute' could not be found (are you missing a using directive or an assembly reference?)
C:\gh\azure-sdk-for-net\sdk\securitycenter\Microsoft.Azure.Management.SecurityCenter\tests\Tasks\SecurityTasksTests.cs(55,10): error CS0246: The type or namespace name 'Fact' could not be found (are you missing a using directive or an assembly reference?)
C:\gh\azure-sdk-for-net\sdk\securitycenter\Microsoft.Azure.Management.SecurityCenter\tests\IoTSecuritySolution\IoTSecuritySolutionsTests.cs(132,10): error CS0246: The type or namespace name 'FactAttribute' could not be found (are you missing a using directive or an assembly reference?)
C:\gh\azure-sdk-for-net\sdk\securitycenter\Microsoft.Azure.Management.SecurityCenter\tests\IoTSecuritySolution\IoTSecuritySolutionsTests.cs(132,10): error CS0246: The type or namespace name 'Fact' could not be found (are you missing a using directive or an assembly reference?)
C:\gh\azure-sdk-for-net\sdk\securitycenter\Microsoft.Azure.Management.SecurityCenter\tests\Locations\LocationsTests.cs(44,10): error CS0246: The type or namespace name 'FactAttribute' could not be found (are you missing a using directive or an assembly reference?)
C:\gh\azure-sdk-for-net\sdk\securitycenter\Microsoft.Azure.Management.SecurityCenter\tests\Locations\LocationsTests.cs(44,10): error CS0246: The type or namespace name 'Fact' could not be found (are you missing a using directive or an assembly reference?)
C:\gh\azure-sdk-for-net\sdk\securitycenter\Microsoft.Azure.Management.SecurityCenter\tests\SecureScores\SecureScoreTests.cs(60,10): error CS0246: The type or namespace name 'FactAttribute' could not be found (are you missing a using directive or an assembly reference?)
C:\gh\azure-sdk-for-net\sdk\securitycenter\Microsoft.Azure.Management.SecurityCenter\tests\SecureScores\SecureScoreTests.cs(60,10): error CS0246: The type or namespace name 'Fact' could not be found (are you missing a using directive or an assembly reference?)
C:\gh\azure-sdk-for-net\sdk\securitycenter\Microsoft.Azure.Management.SecurityCenter\tests\Tasks\SecurityTasksTests.cs(66,10): error CS0246: The type or namespace name 'FactAttribute' could not be found (are you missing a using directive or an assembly reference?)
C:\gh\azure-sdk-for-net\sdk\securitycenter\Microsoft.Azure.Management.SecurityCenter\tests\Tasks\SecurityTasksTests.cs(66,10): error CS0246: The type or namespace name 'Fact' could not be found (are you missing a using directive or an assembly reference?)
C:\gh\azure-sdk-for-net\sdk\securitycenter\Microsoft.Azure.Management.SecurityCenter\tests\SecurityContacts\SecurityContactsTests.cs(90,10): error CS0246: The type or namespace name 'FactAttribute' could not be found (are you missing a using directive or an assembly reference?)
C:\gh\azure-sdk-for-net\sdk\securitycenter\Microsoft.Azure.Management.SecurityCenter\tests\SecurityContacts\SecurityContactsTests.cs(90,10): error CS0246: The type or namespace name 'Fact' could not be found (are you missing a using directive or an assembly reference?)
C:\gh\azure-sdk-for-net\sdk\securitycenter\Microsoft.Azure.Management.SecurityCenter\tests\Locations\LocationsTests.cs(55,10): error CS0246: The type or namespace name 'FactAttribute' could not be found (are you missing a using directive or an assembly reference?)
C:\gh\azure-sdk-for-net\sdk\securitycenter\Microsoft.Azure.Management.SecurityCenter\tests\Locations\LocationsTests.cs(55,10): error CS0246: The type or namespace name 'Fact' could not be found (are you missing a using directive or an assembly reference?)
C:\gh\azure-sdk-for-net\sdk\securitycenter\Microsoft.Azure.Management.SecurityCenter\tests\Tasks\SecurityTasksTests.cs(77,10): error CS0246: The type or namespace name 'FactAttribute' could not be found (are you missing a using directive or an assembly reference?)
C:\gh\azure-sdk-for-net\sdk\securitycenter\Microsoft.Azure.Management.SecurityCenter\tests\Tasks\SecurityTasksTests.cs(77,10): error CS0246: The type or namespace name 'Fact' could not be found (are you missing a using directive or an assembly reference?)
C:\gh\azure-sdk-for-net\sdk\securitycenter\Microsoft.Azure.Management.SecurityCenter\tests\WorkspaceSettings\WorkspaceSettingsTests.cs(45,10): error CS0246: The type or namespace name 'FactAttribute' could not be found (are you missing a using directive or an assembly reference?)
C:\gh\azure-sdk-for-net\sdk\securitycenter\Microsoft.Azure.Management.SecurityCenter\tests\WorkspaceSettings\WorkspaceSettingsTests.cs(45,10): error CS0246: The type or namespace name 'Fact' could not be found (are you missing a using directive or an assembly reference?)
C:\gh\azure-sdk-for-net\sdk\securitycenter\Microsoft.Azure.Management.SecurityCenter\tests\Tasks\SecurityTasksTests.cs(88,10): error CS0246: The type or namespace name 'FactAttribute' could not be found (are you missing a using directive or an assembly reference?)
C:\gh\azure-sdk-for-net\sdk\securitycenter\Microsoft.Azure.Management.SecurityCenter\tests\Tasks\SecurityTasksTests.cs(88,10): error CS0246: The type or namespace name 'Fact' could not be found (are you missing a using directive or an assembly reference?)
C:\gh\azure-sdk-for-net\sdk\securitycenter\Microsoft.Azure.Management.SecurityCenter\tests\Tasks\SecurityTasksTests.cs(99,10): error CS0246: The type or namespace name 'FactAttribute' could not be found (are you missing a using directive or an assembly reference?)
C:\gh\azure-sdk-for-net\sdk\securitycenter\Microsoft.Azure.Management.SecurityCenter\tests\Tasks\SecurityTasksTests.cs(99,10): error CS0246: The type or namespace name 'Fact' could not be found (are you missing a using directive or an assembly reference?)
C:\gh\azure-sdk-for-net\sdk\securitycenter\Microsoft.Azure.Management.SecurityCenter\tests\Tasks\SecurityTasksTests.cs(109,10): error CS0246: The type or namespace name 'FactAttribute' could not be found (are you missing a using directive or an assembly reference?)
C:\gh\azure-sdk-for-net\sdk\securitycenter\Microsoft.Azure.Management.SecurityCenter\tests\Tasks\SecurityTasksTests.cs(109,10): error CS0246: The type or namespace name 'Fact' could not be found (are you missing a using directive or an assembly reference?)
C:\gh\azure-sdk-for-net\sdk\securitycenter\Microsoft.Azure.Management.SecurityCenter\tests\WorkspaceSettings\WorkspaceSettingsTests.cs(56,10): error CS0246: The type or namespace name 'FactAttribute' could not be found (are you missing a using directive or an assembly reference?)
C:\gh\azure-sdk-for-net\sdk\securitycenter\Microsoft.Azure.Management.SecurityCenter\tests\WorkspaceSettings\WorkspaceSettingsTests.cs(56,10): error CS0246: The type or namespace name 'Fact' could not be found (are you missing a using directive or an assembly reference?)
C:\gh\azure-sdk-for-net\sdk\securitycenter\Microsoft.Azure.Management.SecurityCenter\tests\WorkspaceSettings\WorkspaceSettingsTests.cs(67,10): error CS0246: The type or namespace name 'FactAttribute' could not be found (are you missing a using directive or an assembly reference?)
C:\gh\azure-sdk-for-net\sdk\securitycenter\Microsoft.Azure.Management.SecurityCenter\tests\WorkspaceSettings\WorkspaceSettingsTests.cs(67,10): error CS0246: The type or namespace name 'Fact' could not be found (are you missing a using directive or an assembly reference?)
C:\gh\azure-sdk-for-net\sdk\securitycenter\Microsoft.Azure.Management.SecurityCenter\tests\WorkspaceSettings\WorkspaceSettingsTests.cs(81,10): error CS0246: The type or namespace name 'FactAttribute' could not be found (are you missing a using directive or an assembly reference?)
C:\gh\azure-sdk-for-net\sdk\securitycenter\Microsoft.Azure.Management.SecurityCenter\tests\WorkspaceSettings\WorkspaceSettingsTests.cs(81,10): error CS0246: The type or namespace name 'Fact' could not be found (are you missing a using directive or an assembly reference?)
C:\gh\azure-sdk-for-net\sdk\securitycenter\Microsoft.Azure.Management.SecurityCenter\tests\WorkspaceSettings\WorkspaceSettingsTests.cs(95,10): error CS0246: The type or namespace name 'FactAttribute' could not be found (are you missing a using directive or an assembly reference?)
C:\gh\azure-sdk-for-net\sdk\securitycenter\Microsoft.Azure.Management.SecurityCenter\tests\WorkspaceSettings\WorkspaceSettingsTests.cs(95,10): error CS0246: The type or namespace name 'Fact' could not be found (are you missing a using directive or an assembly reference?)
C:\gh\azure-sdk-for-net\sdk\securitycenter\Microsoft.Azure.Management.SecurityCenter\tests\WorkspaceSettings\WorkspaceSettingsTests.cs(51,41): error CS0012: The type 'IPage<>' is defined in an assembly that is not referenced. You must add a reference to assembly 'Microsoft.Rest.ClientRuntime.Azure, Version=3.0.0.0, Culture=neutral, PublicKeyToken=31bf3856ad364e35'.
C:\gh\azure-sdk-for-net\sdk\securitycenter\Microsoft.Azure.Management.SecurityCenter\tests\AllowedConnections\AllowedConnectionsTests.cs(46,51): error CS0012: The type 'IPage<>' is defined in an assembly that is not referenced. You must add a reference to assembly 'Microsoft.Rest.ClientRuntime.Azure, Version=3.0.0.0, Culture=neutral, PublicKeyToken=31bf3856ad364e35'.
C:\gh\azure-sdk-for-net\sdk\securitycenter\Microsoft.Azure.Management.SecurityCenter\tests\Alerts\SecurityAlertsTests.cs(65,30): error CS0012: The type 'IPage<>' is defined in an assembly that is not referenced. You must add a reference to assembly 'Microsoft.Rest.ClientRuntime.Azure, Version=3.0.0.0, Culture=neutral, PublicKeyToken=31bf3856ad364e35'.
C:\gh\azure-sdk-for-net\sdk\securitycenter\Microsoft.Azure.Management.SecurityCenter\tests\AdvancedThreatProtection\AdvancedThreatProtectionTests.cs(77,13): error CS0103: The name 'Assert' does not exist in the current context
C:\gh\azure-sdk-for-net\sdk\securitycenter\Microsoft.Azure.Management.SecurityCenter\tests\AdvancedThreatProtection\AdvancedThreatProtectionTests.cs(84,13): error CS0103: The name 'Assert' does not exist in the current context
C:\gh\azure-sdk-for-net\sdk\securitycenter\Microsoft.Azure.Management.SecurityCenter\tests\AllowedConnections\AllowedConnectionsTests.cs(68,13): error CS0103: The name 'Assert' does not exist in the current context
C:\gh\azure-sdk-for-net\sdk\securitycenter\Microsoft.Azure.Management.SecurityCenter\tests\WorkspaceSettings\WorkspaceSettingsTests.cs(111,13): error CS0103: The name 'Assert' does not exist in the current context
C:\gh\azure-sdk-for-net\sdk\securitycenter\Microsoft.Azure.Management.SecurityCenter\tests\WorkspaceSettings\WorkspaceSettingsTests.cs(118,13): error CS0103: The name 'Assert' does not exist in the current context
C:\gh\azure-sdk-for-net\sdk\securitycenter\Microsoft.Azure.Management.SecurityCenter\tests\AllowedConnections\AllowedConnectionsTests.cs(75,13): error CS0103: The name 'Assert' does not exist in the current context
C:\gh\azure-sdk-for-net\sdk\securitycenter\Microsoft.Azure.Management.SecurityCenter\tests\AllowedConnections\AllowedConnectionsTests.cs(77,13): error CS0103: The name 'Assert' does not exist in the current context
C:\gh\azure-sdk-for-net\sdk\securitycenter\Microsoft.Azure.Management.SecurityCenter\tests\AllowedConnections\AllowedConnectionsTests.cs(80,17): error CS0103: The name 'Assert' does not exist in the current context
C:\gh\azure-sdk-for-net\sdk\securitycenter\Microsoft.Azure.Management.SecurityCenter\tests\AllowedConnections\AllowedConnectionsTests.cs(81,17): error CS0103: The name 'Assert' does not exist in the current context
C:\gh\azure-sdk-for-net\sdk\securitycenter\Microsoft.Azure.Management.SecurityCenter\tests\AllowedConnections\AllowedConnectionsTests.cs(82,17): error CS0103: The name 'Assert' does not exist in the current context
C:\gh\azure-sdk-for-net\sdk\securitycenter\Microsoft.Azure.Management.SecurityCenter\tests\Alerts\SecurityAlertsTests.cs(77,36): error CS0012: The type 'IPage<>' is defined in an assembly that is not referenced. You must add a reference to assembly 'Microsoft.Rest.ClientRuntime.Azure, Version=3.0.0.0, Culture=neutral, PublicKeyToken=31bf3856ad364e35'.
C:\gh\azure-sdk-for-net\sdk\securitycenter\Microsoft.Azure.Management.SecurityCenter\tests\RegulatoryCompliance\RegulatoryComplianceStandardsTests.cs(48,17): error CS0103: The name 'Assert' does not exist in the current context
C:\gh\azure-sdk-for-net\sdk\securitycenter\Microsoft.Azure.Management.SecurityCenter\tests\Assessments\AssessmentsTests.cs(54,27): error CS0012: The type 'IPage<>' is defined in an assembly that is not referenced. You must add a reference to assembly 'Microsoft.Rest.ClientRuntime.Azure, Version=3.0.0.0, Culture=neutral, PublicKeyToken=31bf3856ad364e35'.
C:\gh\azure-sdk-for-net\sdk\securitycenter\Microsoft.Azure.Management.SecurityCenter\tests\Alerts\SecurityAlertsTests.cs(99,36): error CS0012: The type 'IPage<>' is defined in an assembly that is not referenced. You must add a reference to assembly 'Microsoft.Rest.ClientRuntime.Azure, Version=3.0.0.0, Culture=neutral, PublicKeyToken=31bf3856ad364e35'.
C:\gh\azure-sdk-for-net\sdk\securitycenter\Microsoft.Azure.Management.SecurityCenter\tests\Topology\TopologyTests.cs(45,43): error CS0012: The type 'IPage<>' is defined in an assembly that is not referenced. You must add a reference to assembly 'Microsoft.Rest.ClientRuntime.Azure, Version=3.0.0.0, Culture=neutral, PublicKeyToken=31bf3856ad364e35'.
C:\gh\azure-sdk-for-net\sdk\securitycenter\Microsoft.Azure.Management.SecurityCenter\tests\RegulatoryCompliance\RegulatoryComplianceStandardsTests.cs(58,27): error CS0012: The type 'IPage<>' is defined in an assembly that is not referenced. You must add a reference to assembly 'Microsoft.Rest.ClientRuntime.Azure, Version=3.0.0.0, Culture=neutral, PublicKeyToken=31bf3856ad364e35'.
C:\gh\azure-sdk-for-net\sdk\securitycenter\Microsoft.Azure.Management.SecurityCenter\tests\RegulatoryCompliance\RegulatoryComplianceStandardsTests.cs(59,17): error CS0103: The name 'Assert' does not exist in the current context
C:\gh\azure-sdk-for-net\sdk\securitycenter\Microsoft.Azure.Management.SecurityCenter\tests\RegulatoryCompliance\RegulatoryComplianceStandardsTests.cs(62,21): error CS0103: The name 'Assert' does not exist in the current context
C:\gh\azure-sdk-for-net\sdk\securitycenter\Microsoft.Azure.Management.SecurityCenter\tests\Assessments\AssessmentsTests.cs(68,27): error CS0012: The type 'IPage<>' is defined in an assembly that is not referenced. You must add a reference to assembly 'Microsoft.Rest.ClientRuntime.Azure, Version=3.0.0.0, Culture=neutral, PublicKeyToken=31bf3856ad364e35'.
C:\gh\azure-sdk-for-net\sdk\securitycenter\Microsoft.Azure.Management.SecurityCenter\tests\Topology\TopologyTests.cs(67,13): error CS0103: The name 'Assert' does not exist in the current context
C:\gh\azure-sdk-for-net\sdk\securitycenter\Microsoft.Azure.Management.SecurityCenter\tests\Assessments\AssessmentsTests.cs(82,27): error CS0012: The type 'IPage<>' is defined in an assembly that is not referenced. You must add a reference to assembly 'Microsoft.Rest.ClientRuntime.Azure, Version=3.0.0.0, Culture=neutral, PublicKeyToken=31bf3856ad364e35'.
C:\gh\azure-sdk-for-net\sdk\securitycenter\Microsoft.Azure.Management.SecurityCenter\tests\AutoProvisionningSettings\AutoProvisioningSettingsTests.cs(50,48): error CS0012: The type 'IPage<>' is defined in an assembly that is not referenced. You must add a reference to assembly 'Microsoft.Rest.ClientRuntime.Azure, Version=3.0.0.0, Culture=neutral, PublicKeyToken=31bf3856ad364e35'.
C:\gh\azure-sdk-for-net\sdk\securitycenter\Microsoft.Azure.Management.SecurityCenter\tests\Alerts\SecurityAlertsTests.cs(123,36): error CS0012: The type 'IPage<>' is defined in an assembly that is not referenced. You must add a reference to assembly 'Microsoft.Rest.ClientRuntime.Azure, Version=3.0.0.0, Culture=neutral, PublicKeyToken=31bf3856ad364e35'.
C:\gh\azure-sdk-for-net\sdk\securitycenter\Microsoft.Azure.Management.SecurityCenter\tests\Alerts\SecurityAlertsTests.cs(126,32): error CS0012: The type 'IPage<>' is defined in an assembly that is not referenced. You must add a reference to assembly 'Microsoft.Rest.ClientRuntime.Azure, Version=3.0.0.0, Culture=neutral, PublicKeyToken=31bf3856ad364e35'.
C:\gh\azure-sdk-for-net\sdk\securitycenter\Microsoft.Azure.Management.SecurityCenter\tests\Topology\TopologyTests.cs(74,13): error CS0103: The name 'Assert' does not exist in the current context
C:\gh\azure-sdk-for-net\sdk\securitycenter\Microsoft.Azure.Management.SecurityCenter\tests\Topology\TopologyTests.cs(75,13): error CS0103: The name 'Assert' does not exist in the current context
C:\gh\azure-sdk-for-net\sdk\securitycenter\Microsoft.Azure.Management.SecurityCenter\tests\Topology\TopologyTests.cs(78,21): error CS0103: The name 'Assert' does not exist in the current context
C:\gh\azure-sdk-for-net\sdk\securitycenter\Microsoft.Azure.Management.SecurityCenter\tests\Topology\TopologyTests.cs(79,21): error CS0103: The name 'Assert' does not exist in the current context
C:\gh\azure-sdk-for-net\sdk\securitycenter\Microsoft.Azure.Management.SecurityCenter\tests\Topology\TopologyTests.cs(80,21): error CS0103: The name 'Assert' does not exist in the current context
C:\gh\azure-sdk-for-net\sdk\securitycenter\Microsoft.Azure.Management.SecurityCenter\tests\Topology\TopologyTests.cs(81,21): error CS0103: The name 'Assert' does not exist in the current context
C:\gh\azure-sdk-for-net\sdk\securitycenter\Microsoft.Azure.Management.SecurityCenter\tests\Topology\TopologyTests.cs(82,21): error CS0103: The name 'Assert' does not exist in the current context
C:\gh\azure-sdk-for-net\sdk\securitycenter\Microsoft.Azure.Management.SecurityCenter\tests\Compliances\CompliancesTests.cs(53,35): error CS0012: The type 'IPage<>' is defined in an assembly that is not referenced. You must add a reference to assembly 'Microsoft.Rest.ClientRuntime.Azure, Version=3.0.0.0, Culture=neutral, PublicKeyToken=31bf3856ad364e35'.
C:\gh\azure-sdk-for-net\sdk\securitycenter\Microsoft.Azure.Management.SecurityCenter\tests\Assessments\AssessmentsTests.cs(96,17): error CS0103: The name 'Assert' does not exist in the current context
C:\gh\azure-sdk-for-net\sdk\securitycenter\Microsoft.Azure.Management.SecurityCenter\tests\DiscoveredSecuritySolutions\DiscoveredSecuritySolutionsTests.cs(50,51): error CS0012: The type 'IPage<>' is defined in an assembly that is not referenced. You must add a reference to assembly 'Microsoft.Rest.ClientRuntime.Azure, Version=3.0.0.0, Culture=neutral, PublicKeyToken=31bf3856ad364e35'.
C:\gh\azure-sdk-for-net\sdk\securitycenter\Microsoft.Azure.Management.SecurityCenter\tests\RegulatoryCompliance\RegulatoryComplianceControlsTests.cs(49,17): error CS0103: The name 'Assert' does not exist in the current context
C:\gh\azure-sdk-for-net\sdk\securitycenter\Microsoft.Azure.Management.SecurityCenter\tests\Compliances\CompliancesTests.cs(75,13): error CS0103: The name 'Assert' does not exist in the current context
C:\gh\azure-sdk-for-net\sdk\securitycenter\Microsoft.Azure.Management.SecurityCenter\tests\AutoProvisionningSettings\AutoProvisioningSettingsTests.cs(83,13): error CS0103: The name 'Assert' does not exist in the current context
C:\gh\azure-sdk-for-net\sdk\securitycenter\Microsoft.Azure.Management.SecurityCenter\tests\Compliances\CompliancesTests.cs(82,13): error CS0103: The name 'Assert' does not exist in the current context
C:\gh\azure-sdk-for-net\sdk\securitycenter\Microsoft.Azure.Management.SecurityCenter\tests\AutoProvisionningSettings\AutoProvisioningSettingsTests.cs(90,13): error CS0103: The name 'Assert' does not exist in the current context
C:\gh\azure-sdk-for-net\sdk\securitycenter\Microsoft.Azure.Management.SecurityCenter\tests\Assessments\AssessmentsTests.cs(144,13): error CS0103: The name 'Assert' does not exist in the current context
C:\gh\azure-sdk-for-net\sdk\securitycenter\Microsoft.Azure.Management.SecurityCenter\tests\Assessments\AssessmentsTests.cs(147,17): error CS0103: The name 'Assert' does not exist in the current context
C:\gh\azure-sdk-for-net\sdk\securitycenter\Microsoft.Azure.Management.SecurityCenter\tests\Assessments\AssessmentsTests.cs(171,13): error CS0103: The name 'Assert' does not exist in the current context
C:\gh\azure-sdk-for-net\sdk\securitycenter\Microsoft.Azure.Management.SecurityCenter\tests\Tasks\SecurityTasksTests.cs(50,39): error CS0012: The type 'IPage<>' is defined in an assembly that is not referenced. You must add a reference to assembly 'Microsoft.Rest.ClientRuntime.Azure, Version=3.0.0.0, Culture=neutral, PublicKeyToken=31bf3856ad364e35'.
C:\gh\azure-sdk-for-net\sdk\securitycenter\Microsoft.Azure.Management.SecurityCenter\tests\DiscoveredSecuritySolutions\DiscoveredSecuritySolutionsTests.cs(72,51): error CS0012: The type 'IPage<>' is defined in an assembly that is not referenced. You must add a reference to assembly 'Microsoft.Rest.ClientRuntime.Azure, Version=3.0.0.0, Culture=neutral, PublicKeyToken=31bf3856ad364e35'.
C:\gh\azure-sdk-for-net\sdk\securitycenter\Microsoft.Azure.Management.SecurityCenter\tests\RegulatoryCompliance\RegulatoryComplianceControlsTests.cs(59,27): error CS0012: The type 'IPage<>' is defined in an assembly that is not referenced. You must add a reference to assembly 'Microsoft.Rest.ClientRuntime.Azure, Version=3.0.0.0, Culture=neutral, PublicKeyToken=31bf3856ad364e35'.
C:\gh\azure-sdk-for-net\sdk\securitycenter\Microsoft.Azure.Management.SecurityCenter\tests\RegulatoryCompliance\RegulatoryComplianceControlsTests.cs(60,17): error CS0103: The name 'Assert' does not exist in the current context
C:\gh\azure-sdk-for-net\sdk\securitycenter\Microsoft.Azure.Management.SecurityCenter\tests\RegulatoryCompliance\RegulatoryComplianceControlsTests.cs(63,21): error CS0103: The name 'Assert' does not exist in the current context
C:\gh\azure-sdk-for-net\sdk\securitycenter\Microsoft.Azure.Management.SecurityCenter\tests\Alerts\SecurityAlertsTests.cs(137,36): error CS0012: The type 'IPage<>' is defined in an assembly that is not referenced. You must add a reference to assembly 'Microsoft.Rest.ClientRuntime.Azure, Version=3.0.0.0, Culture=neutral, PublicKeyToken=31bf3856ad364e35'.
C:\gh\azure-sdk-for-net\sdk\securitycenter\Microsoft.Azure.Management.SecurityCenter\tests\Alerts\SecurityAlertsTests.cs(145,32): error CS0012: The type 'IPage<>' is defined in an assembly that is not referenced. You must add a reference to assembly 'Microsoft.Rest.ClientRuntime.Azure, Version=3.0.0.0, Culture=neutral, PublicKeyToken=31bf3856ad364e35'.
C:\gh\azure-sdk-for-net\sdk\securitycenter\Microsoft.Azure.Management.SecurityCenter\tests\DiscoveredSecuritySolutions\DiscoveredSecuritySolutionsTests.cs(83,13): error CS0103: The name 'Assert' does not exist in the current context
C:\gh\azure-sdk-for-net\sdk\securitycenter\Microsoft.Azure.Management.SecurityCenter\tests\DiscoveredSecuritySolutions\DiscoveredSecuritySolutionsTests.cs(90,13): error CS0103: The name 'Assert' does not exist in the current context
C:\gh\azure-sdk-for-net\sdk\securitycenter\Microsoft.Azure.Management.SecurityCenter\tests\Assessments\AssessmentsTests.cs(181,13): error CS0103: The name 'Assert' does not exist in the current context
C:\gh\azure-sdk-for-net\sdk\securitycenter\Microsoft.Azure.Management.SecurityCenter\tests\Assessments\AssessmentsTests.cs(186,21): error CS0103: The name 'Assert' does not exist in the current context
C:\gh\azure-sdk-for-net\sdk\securitycenter\Microsoft.Azure.Management.SecurityCenter\tests\Assessments\AssessmentsTests.cs(187,21): error CS0103: The name 'Assert' does not exist in the current context
C:\gh\azure-sdk-for-net\sdk\securitycenter\Microsoft.Azure.Management.SecurityCenter\tests\Assessments\AssessmentsTests.cs(190,21): error CS0103: The name 'Assert' does not exist in the current context
C:\gh\azure-sdk-for-net\sdk\securitycenter\Microsoft.Azure.Management.SecurityCenter\tests\Assessments\AssessmentsTests.cs(191,21): error CS0103: The name 'Assert' does not exist in the current context
C:\gh\azure-sdk-for-net\sdk\securitycenter\Microsoft.Azure.Management.SecurityCenter\tests\Assessments\AssessmentsTests.cs(192,21): error CS0103: The name 'Assert' does not exist in the current context
C:\gh\azure-sdk-for-net\sdk\securitycenter\Microsoft.Azure.Management.SecurityCenter\tests\Assessments\AssessmentsTests.cs(193,21): error CS0103: The name 'Assert' does not exist in the current context
C:\gh\azure-sdk-for-net\sdk\securitycenter\Microsoft.Azure.Management.SecurityCenter\tests\Assessments\AssessmentsTests.cs(194,21): error CS0103: The name 'Assert' does not exist in the current context
C:\gh\azure-sdk-for-net\sdk\securitycenter\Microsoft.Azure.Management.SecurityCenter\tests\Assessments\AssessmentsTests.cs(195,21): error CS0103: The name 'Assert' does not exist in the current context
C:\gh\azure-sdk-for-net\sdk\securitycenter\Microsoft.Azure.Management.SecurityCenter\tests\Assessments\AssessmentsTests.cs(196,21): error CS0103: The name 'Assert' does not exist in the current context
C:\gh\azure-sdk-for-net\sdk\securitycenter\Microsoft.Azure.Management.SecurityCenter\tests\Assessments\AssessmentsTests.cs(199,21): error CS0103: The name 'Assert' does not exist in the current context
C:\gh\azure-sdk-for-net\sdk\securitycenter\Microsoft.Azure.Management.SecurityCenter\tests\Assessments\AssessmentsTests.cs(200,21): error CS0103: The name 'Assert' does not exist in the current context
C:\gh\azure-sdk-for-net\sdk\securitycenter\Microsoft.Azure.Management.SecurityCenter\tests\Assessments\AssessmentsTests.cs(201,21): error CS0103: The name 'Assert' does not exist in the current context
C:\gh\azure-sdk-for-net\sdk\securitycenter\Microsoft.Azure.Management.SecurityCenter\tests\Assessments\AssessmentsTests.cs(202,21): error CS0103: The name 'Assert' does not exist in the current context
C:\gh\azure-sdk-for-net\sdk\securitycenter\Microsoft.Azure.Management.SecurityCenter\tests\Assessments\AssessmentsTests.cs(203,21): error CS0103: The name 'Assert' does not exist in the current context
C:\gh\azure-sdk-for-net\sdk\securitycenter\Microsoft.Azure.Management.SecurityCenter\tests\ExternalSecuritySolutions\ExternalSecuritySolutionsTests.cs(50,17): error CS0103: The name 'Assert' does not exist in the current context
C:\gh\azure-sdk-for-net\sdk\securitycenter\Microsoft.Azure.Management.SecurityCenter\tests\IotSecuritySolutionsDeviceSecurityGroups\IotSecuritySolutionsDeviceSecurityGroupsTests.cs(56,17): error CS0103: The name 'Assert' does not exist in the current context
C:\gh\azure-sdk-for-net\sdk\securitycenter\Microsoft.Azure.Management.SecurityCenter\tests\ExternalSecuritySolutions\ExternalSecuritySolutionsTests.cs(67,17): error CS0103: The name 'Assert' does not exist in the current context
C:\gh\azure-sdk-for-net\sdk\securitycenter\Microsoft.Azure.Management.SecurityCenter\tests\IotSecuritySolutionsDeviceSecurityGroups\IotSecuritySolutionsDeviceSecurityGroupsTests.cs(67,17): error CS0103: The name 'Assert' does not exist in the current context
C:\gh\azure-sdk-for-net\sdk\securitycenter\Microsoft.Azure.Management.SecurityCenter\tests\ExternalSecuritySolutions\ExternalSecuritySolutionsTests.cs(83,17): error CS0103: The name 'Assert' does not exist in the current context
C:\gh\azure-sdk-for-net\sdk\securitycenter\Microsoft.Azure.Management.SecurityCenter\tests\ExternalSecuritySolutions\ExternalSecuritySolutionsTests.cs(98,13): error CS0103: The name 'Assert' does not exist in the current context
C:\gh\azure-sdk-for-net\sdk\securitycenter\Microsoft.Azure.Management.SecurityCenter\tests\ExternalSecuritySolutions\ExternalSecuritySolutionsTests.cs(105,13): error CS0103: The name 'Assert' does not exist in the current context
C:\gh\azure-sdk-for-net\sdk\securitycenter\Microsoft.Azure.Management.SecurityCenter\tests\IotSecuritySolutionsDeviceSecurityGroups\IotSecuritySolutionsDeviceSecurityGroupsTests.cs(89,27): error CS0012: The type 'IPage<>' is defined in an assembly that is not referenced. You must add a reference to assembly 'Microsoft.Rest.ClientRuntime.Azure, Version=3.0.0.0, Culture=neutral, PublicKeyToken=31bf3856ad364e35'.
C:\gh\azure-sdk-for-net\sdk\securitycenter\Microsoft.Azure.Management.SecurityCenter\tests\Alerts\SecurityAlertsTests.cs(156,36): error CS0012: The type 'IPage<>' is defined in an assembly that is not referenced. You must add a reference to assembly 'Microsoft.Rest.ClientRuntime.Azure, Version=3.0.0.0, Culture=neutral, PublicKeyToken=31bf3856ad364e35'.
C:\gh\azure-sdk-for-net\sdk\securitycenter\Microsoft.Azure.Management.SecurityCenter\tests\Alerts\SecurityAlertsTests.cs(162,36): error CS0012: The type 'IPage<>' is defined in an assembly that is not referenced. You must add a reference to assembly 'Microsoft.Rest.ClientRuntime.Azure, Version=3.0.0.0, Culture=neutral, PublicKeyToken=31bf3856ad364e35'.
C:\gh\azure-sdk-for-net\sdk\securitycenter\Microsoft.Azure.Management.SecurityCenter\tests\JitNetworkAccessPolicies\JitNetworkAccessPoliciesTests.cs(51,48): error CS0012: The type 'IPage<>' is defined in an assembly that is not referenced. You must add a reference to assembly 'Microsoft.Rest.ClientRuntime.Azure, Version=3.0.0.0, Culture=neutral, PublicKeyToken=31bf3856ad364e35'.
C:\gh\azure-sdk-for-net\sdk\securitycenter\Microsoft.Azure.Management.SecurityCenter\tests\IotSecuritySolutionsDeviceSecurityGroups\IotSecuritySolutionsDeviceSecurityGroupsTests.cs(98,13): error CS0103: The name 'Assert' does not exist in the current context
C:\gh\azure-sdk-for-net\sdk\securitycenter\Microsoft.Azure.Management.SecurityCenter\tests\IotSecuritySolutionsDeviceSecurityGroups\IotSecuritySolutionsDeviceSecurityGroupsTests.cs(101,17): error CS0103: The name 'Assert' does not exist in the current context
C:\gh\azure-sdk-for-net\sdk\securitycenter\Microsoft.Azure.Management.SecurityCenter\tests\IoTSecuritySolution\IoTSecuritySolutionsTests.cs(96,27): error CS0012: The type 'IPage<>' is defined in an assembly that is not referenced. You must add a reference to assembly 'Microsoft.Rest.ClientRuntime.Azure, Version=3.0.0.0, Culture=neutral, PublicKeyToken=31bf3856ad364e35'.
C:\gh\azure-sdk-for-net\sdk\securitycenter\Microsoft.Azure.Management.SecurityCenter\tests\IoTSecuritySolution\IoTSecuritySolutionsTests.cs(98,17): error CS0103: The name 'Assert' does not exist in the current context
C:\gh\azure-sdk-for-net\sdk\securitycenter\Microsoft.Azure.Management.SecurityCenter\tests\IoTSecuritySolution\IoTSecuritySolutionsTests.cs(98,31): error CS0246: The type or namespace name 'CloudException' could not be found (are you missing a using directive or an assembly reference?)
C:\gh\azure-sdk-for-net\sdk\securitycenter\Microsoft.Azure.Management.SecurityCenter\tests\IotSecuritySolutionAnalytics\IotSecuritySolutionAnalyticsTests.cs(54,17): error CS0103: The name 'Assert' does not exist in the current context
C:\gh\azure-sdk-for-net\sdk\securitycenter\Microsoft.Azure.Management.SecurityCenter\tests\Alerts\SecurityAlertsTests.cs(173,36): error CS0012: The type 'IPage<>' is defined in an assembly that is not referenced. You must add a reference to assembly 'Microsoft.Rest.ClientRuntime.Azure, Version=3.0.0.0, Culture=neutral, PublicKeyToken=31bf3856ad364e35'.
C:\gh\azure-sdk-for-net\sdk\securitycenter\Microsoft.Azure.Management.SecurityCenter\tests\IoTSecuritySolution\IoTSecuritySolutionsTests.cs(127,27): error CS0012: The type 'IPage<>' is defined in an assembly that is not referenced. You must add a reference to assembly 'Microsoft.Rest.ClientRuntime.Azure, Version=3.0.0.0, Culture=neutral, PublicKeyToken=31bf3856ad364e35'.
C:\gh\azure-sdk-for-net\sdk\securitycenter\Microsoft.Azure.Management.SecurityCenter\tests\Locations\LocationsTests.cs(50,33): error CS0012: The type 'IPage<>' is defined in an assembly that is not referenced. You must add a reference to assembly 'Microsoft.Rest.ClientRuntime.Azure, Version=3.0.0.0, Culture=neutral, PublicKeyToken=31bf3856ad364e35'.
C:\gh\azure-sdk-for-net\sdk\securitycenter\Microsoft.Azure.Management.SecurityCenter\tests\IotSecuritySolutionsAnalyticsAggregatedAlert\IotSecuritySolutionsAnalyticsAggregatedAlertTests.cs(55,17): error CS0103: The name 'Assert' does not exist in the current context
C:\gh\azure-sdk-for-net\sdk\securitycenter\Microsoft.Azure.Management.SecurityCenter\tests\IotSecuritySolutionAnalytics\IotSecuritySolutionAnalyticsTests.cs(64,27): error CS0012: The type 'IPage<>' is defined in an assembly that is not referenced. You must add a reference to assembly 'Microsoft.Rest.ClientRuntime.Azure, Version=3.0.0.0, Culture=neutral, PublicKeyToken=31bf3856ad364e35'.
C:\gh\azure-sdk-for-net\sdk\securitycenter\Microsoft.Azure.Management.SecurityCenter\tests\IoTSecuritySolution\IoTSecuritySolutionsTests.cs(138,27): error CS0012: The type 'IPage<>' is defined in an assembly that is not referenced. You must add a reference to assembly 'Microsoft.Rest.ClientRuntime.Azure, Version=3.0.0.0, Culture=neutral, PublicKeyToken=31bf3856ad364e35'.
C:\gh\azure-sdk-for-net\sdk\securitycenter\Microsoft.Azure.Management.SecurityCenter\tests\IoTSecuritySolution\IoTSecuritySolutionsTests.cs(139,17): error CS0103: The name 'Assert' does not exist in the current context
C:\gh\azure-sdk-for-net\sdk\securitycenter\Microsoft.Azure.Management.SecurityCenter\tests\Operations\OperationsTests.cs(50,34): error CS0012: The type 'IPage<>' is defined in an assembly that is not referenced. You must add a reference to assembly 'Microsoft.Rest.ClientRuntime.Azure, Version=3.0.0.0, Culture=neutral, PublicKeyToken=31bf3856ad364e35'.
C:\gh\azure-sdk-for-net\sdk\securitycenter\Microsoft.Azure.Management.SecurityCenter\tests\IoTSecuritySolution\IoTSecuritySolutionsTests.cs(152,13): error CS0103: The name 'Assert' does not exist in the current context
C:\gh\azure-sdk-for-net\sdk\securitycenter\Microsoft.Azure.Management.SecurityCenter\tests\Operations\OperationsTests.cs(61,13): error CS0103: The name 'Assert' does not exist in the current context
C:\gh\azure-sdk-for-net\sdk\securitycenter\Microsoft.Azure.Management.SecurityCenter\tests\SecurityContacts\SecurityContactsTests.cs(50,40): error CS0012: The type 'IPage<>' is defined in an assembly that is not referenced. You must add a reference to assembly 'Microsoft.Rest.ClientRuntime.Azure, Version=3.0.0.0, Culture=neutral, PublicKeyToken=31bf3856ad364e35'.
C:\gh\azure-sdk-for-net\sdk\securitycenter\Microsoft.Azure.Management.SecurityCenter\tests\JitNetworkAccessPolicies\JitNetworkAccessPoliciesTests.cs(101,46): error CS0012: The type 'IPage<>' is defined in an assembly that is not referenced. You must add a reference to assembly 'Microsoft.Rest.ClientRuntime.Azure, Version=3.0.0.0, Culture=neutral, PublicKeyToken=31bf3856ad364e35'.
C:\gh\azure-sdk-for-net\sdk\securitycenter\Microsoft.Azure.Management.SecurityCenter\tests\IotSecuritySolutionAnalytics\IotSecuritySolutionAnalyticsTests.cs(74,13): error CS0103: The name 'Assert' does not exist in the current context
C:\gh\azure-sdk-for-net\sdk\securitycenter\Microsoft.Azure.Management.SecurityCenter\tests\IotSecuritySolutionAnalytics\IotSecuritySolutionAnalyticsTests.cs(77,17): error CS0103: The name 'Assert' does not exist in the current context
C:\gh\azure-sdk-for-net\sdk\securitycenter\Microsoft.Azure.Management.SecurityCenter\tests\IotSecuritySolutionsAnalyticsAggregatedAlert\IotSecuritySolutionsAnalyticsAggregatedAlertTests.cs(65,27): error CS0012: The type 'IPage<>' is defined in an assembly that is not referenced. You must add a reference to assembly 'Microsoft.Rest.ClientRuntime.Azure, Version=3.0.0.0, Culture=neutral, PublicKeyToken=31bf3856ad364e35'.
C:\gh\azure-sdk-for-net\sdk\securitycenter\Microsoft.Azure.Management.SecurityCenter\tests\Operations\OperationsTests.cs(68,13): error CS0103: The name 'Assert' does not exist in the current context
C:\gh\azure-sdk-for-net\sdk\securitycenter\Microsoft.Azure.Management.SecurityCenter\tests\Pricings\PricingsTests.cs(49,38): error CS0012: The type 'IPage<>' is defined in an assembly that is not referenced. You must add a reference to assembly 'Microsoft.Rest.ClientRuntime.Azure, Version=3.0.0.0, Culture=neutral, PublicKeyToken=31bf3856ad364e35'.
C:\gh\azure-sdk-for-net\sdk\securitycenter\Microsoft.Azure.Management.SecurityCenter\tests\Locations\LocationsTests.cs(72,13): error CS0103: The name 'Assert' does not exist in the current context
C:\gh\azure-sdk-for-net\sdk\securitycenter\Microsoft.Azure.Management.SecurityCenter\tests\Locations\LocationsTests.cs(82,13): error CS0103: The name 'Assert' does not exist in the current context
C:\gh\azure-sdk-for-net\sdk\securitycenter\Microsoft.Azure.Management.SecurityCenter\tests\Settings\SettingsTests.cs(54,32): error CS0012: The type 'IPage<>' is defined in an assembly that is not referenced. You must add a reference to assembly 'Microsoft.Rest.ClientRuntime.Azure, Version=3.0.0.0, Culture=neutral, PublicKeyToken=31bf3856ad364e35'.
C:\gh\azure-sdk-for-net\sdk\securitycenter\Microsoft.Azure.Management.SecurityCenter\tests\Alerts\SecurityAlertsTests.cs(189,36): error CS0012: The type 'IPage<>' is defined in an assembly that is not referenced. You must add a reference to assembly 'Microsoft.Rest.ClientRuntime.Azure, Version=3.0.0.0, Culture=neutral, PublicKeyToken=31bf3856ad364e35'.
C:\gh\azure-sdk-for-net\sdk\securitycenter\Microsoft.Azure.Management.SecurityCenter\tests\Locations\LocationsTests.cs(87,13): error CS0103: The name 'Assert' does not exist in the current context
C:\gh\azure-sdk-for-net\sdk\securitycenter\Microsoft.Azure.Management.SecurityCenter\tests\Tasks\SecurityTasksTests.cs(83,39): error CS0012: The type 'IPage<>' is defined in an assembly that is not referenced. You must add a reference to assembly 'Microsoft.Rest.ClientRuntime.Azure, Version=3.0.0.0, Culture=neutral, PublicKeyToken=31bf3856ad364e35'.
C:\gh\azure-sdk-for-net\sdk\securitycenter\Microsoft.Azure.Management.SecurityCenter\tests\Alerts\SecurityAlertsTests.cs(205,13): error CS0103: The name 'Assert' does not exist in the current context
C:\gh\azure-sdk-for-net\sdk\securitycenter\Microsoft.Azure.Management.SecurityCenter\tests\Alerts\SecurityAlertsTests.cs(212,13): error CS0103: The name 'Assert' does not exist in the current context
C:\gh\azure-sdk-for-net\sdk\securitycenter\Microsoft.Azure.Management.SecurityCenter\tests\IotSecuritySolutionsAnalyticsAggregatedAlert\IotSecuritySolutionsAnalyticsAggregatedAlertTests.cs(85,13): error CS0103: The name 'Assert' does not exist in the current context
C:\gh\azure-sdk-for-net\sdk\securitycenter\Microsoft.Azure.Management.SecurityCenter\tests\IotSecuritySolutionsAnalyticsAggregatedAlert\IotSecuritySolutionsAnalyticsAggregatedAlertTests.cs(88,17): error CS0103: The name 'Assert' does not exist in the current context
C:\gh\azure-sdk-for-net\sdk\securitycenter\Microsoft.Azure.Management.SecurityCenter\tests\Tasks\SecurityTasksTests.cs(94,39): error CS0012: The type 'IPage<>' is defined in an assembly that is not referenced. You must add a reference to assembly 'Microsoft.Rest.ClientRuntime.Azure, Version=3.0.0.0, Culture=neutral, PublicKeyToken=31bf3856ad364e35'.
C:\gh\azure-sdk-for-net\sdk\securitycenter\Microsoft.Azure.Management.SecurityCenter\tests\SubAssessment\SubAssessmentTests.cs(57,27): error CS0012: The type 'IPage<>' is defined in an assembly that is not referenced. You must add a reference to assembly 'Microsoft.Rest.ClientRuntime.Azure, Version=3.0.0.0, Culture=neutral, PublicKeyToken=31bf3856ad364e35'.
C:\gh\azure-sdk-for-net\sdk\securitycenter\Microsoft.Azure.Management.SecurityCenter\tests\Settings\SettingsTests.cs(90,13): error CS0103: The name 'Assert' does not exist in the current context
C:\gh\azure-sdk-for-net\sdk\securitycenter\Microsoft.Azure.Management.SecurityCenter\tests\JitNetworkAccessPolicies\JitNetworkAccessPoliciesTests.cs(129,48): error CS0012: The type 'IPage<>' is defined in an assembly that is not referenced. You must add a reference to assembly 'Microsoft.Rest.ClientRuntime.Azure, Version=3.0.0.0, Culture=neutral, PublicKeyToken=31bf3856ad364e35'.
C:\gh\azure-sdk-for-net\sdk\securitycenter\Microsoft.Azure.Management.SecurityCenter\tests\Settings\SettingsTests.cs(97,13): error CS0103: The name 'Assert' does not exist in the current context
C:\gh\azure-sdk-for-net\sdk\securitycenter\Microsoft.Azure.Management.SecurityCenter\tests\RegulatoryCompliance\RegulatoryComplianceAssessmentsTests.cs(50,17): error CS0103: The name 'Assert' does not exist in the current context
C:\gh\azure-sdk-for-net\sdk\securitycenter\Microsoft.Azure.Management.SecurityCenter\tests\IotSecuritySolutionsAnalyticsRecommendation\IotSecuritySolutionsAnalyticsRecommendationTests.cs(56,17): error CS0103: The name 'Assert' does not exist in the current context
C:\gh\azure-sdk-for-net\sdk\securitycenter\Microsoft.Azure.Management.SecurityCenter\tests\Tasks\SecurityTasksTests.cs(121,13): error CS0103: The name 'Assert' does not exist in the current context
C:\gh\azure-sdk-for-net\sdk\securitycenter\Microsoft.Azure.Management.SecurityCenter\tests\SecureScores\SecureScoreControlTests.cs(44,27): error CS0012: The type 'IPage<>' is defined in an assembly that is not referenced. You must add a reference to assembly 'Microsoft.Rest.ClientRuntime.Azure, Version=3.0.0.0, Culture=neutral, PublicKeyToken=31bf3856ad364e35'.
C:\gh\azure-sdk-for-net\sdk\securitycenter\Microsoft.Azure.Management.SecurityCenter\tests\JitNetworkAccessPolicies\JitNetworkAccessPoliciesTests.cs(140,48): error CS0012: The type 'IPage<>' is defined in an assembly that is not referenced. You must add a reference to assembly 'Microsoft.Rest.ClientRuntime.Azure, Version=3.0.0.0, Culture=neutral, PublicKeyToken=31bf3856ad364e35'.
C:\gh\azure-sdk-for-net\sdk\securitycenter\Microsoft.Azure.Management.SecurityCenter\tests\SecurityContacts\SecurityContactsTests.cs(110,13): error CS0103: The name 'Assert' does not exist in the current context
C:\gh\azure-sdk-for-net\sdk\securitycenter\Microsoft.Azure.Management.SecurityCenter\tests\SubAssessment\SubAssessmentTests.cs(70,27): error CS0012: The type 'IPage<>' is defined in an assembly that is not referenced. You must add a reference to assembly 'Microsoft.Rest.ClientRuntime.Azure, Version=3.0.0.0, Culture=neutral, PublicKeyToken=31bf3856ad364e35'.
C:\gh\azure-sdk-for-net\sdk\securitycenter\Microsoft.Azure.Management.SecurityCenter\tests\SecurityContacts\SecurityContactsTests.cs(117,13): error CS0103: The name 'Assert' does not exist in the current context
C:\gh\azure-sdk-for-net\sdk\securitycenter\Microsoft.Azure.Management.SecurityCenter\tests\Tasks\SecurityTasksTests.cs(128,13): error CS0103: The name 'Assert' does not exist in the current context
C:\gh\azure-sdk-for-net\sdk\securitycenter\Microsoft.Azure.Management.SecurityCenter\tests\Tasks\SecurityTasksTests.cs(130,13): error CS0103: The name 'Assert' does not exist in the current context
C:\gh\azure-sdk-for-net\sdk\securitycenter\Microsoft.Azure.Management.SecurityCenter\tests\Tasks\SecurityTasksTests.cs(131,13): error CS0103: The name 'Assert' does not exist in the current context
C:\gh\azure-sdk-for-net\sdk\securitycenter\Microsoft.Azure.Management.SecurityCenter\tests\JitNetworkAccessPolicies\JitNetworkAccessPoliciesTests.cs(151,13): error CS0103: The name 'Assert' does not exist in the current context
C:\gh\azure-sdk-for-net\sdk\securitycenter\Microsoft.Azure.Management.SecurityCenter\tests\JitNetworkAccessPolicies\JitNetworkAccessPoliciesTests.cs(158,13): error CS0103: The name 'Assert' does not exist in the current context
C:\gh\azure-sdk-for-net\sdk\securitycenter\Microsoft.Azure.Management.SecurityCenter\tests\SecureScores\SecureScoreControlDefinitionsTests.cs(44,17): error CS0103: The name 'Assert' does not exist in the current context
C:\gh\azure-sdk-for-net\sdk\securitycenter\Microsoft.Azure.Management.SecurityCenter\tests\SecureScores\SecureScoreControlDefinitionsTests.cs(44,31): error CS0246: The type or namespace name 'CloudException' could not be found (are you missing a using directive or an assembly reference?)
C:\gh\azure-sdk-for-net\sdk\securitycenter\Microsoft.Azure.Management.SecurityCenter\tests\SecureScores\SecureScoreControlTests.cs(55,27): error CS0012: The type 'IPage<>' is defined in an assembly that is not referenced. You must add a reference to assembly 'Microsoft.Rest.ClientRuntime.Azure, Version=3.0.0.0, Culture=neutral, PublicKeyToken=31bf3856ad364e35'.
C:\gh\azure-sdk-for-net\sdk\securitycenter\Microsoft.Azure.Management.SecurityCenter\tests\RegulatoryCompliance\RegulatoryComplianceAssessmentsTests.cs(60,27): error CS0012: The type 'IPage<>' is defined in an assembly that is not referenced. You must add a reference to assembly 'Microsoft.Rest.ClientRuntime.Azure, Version=3.0.0.0, Culture=neutral, PublicKeyToken=31bf3856ad364e35'.
C:\gh\azure-sdk-for-net\sdk\securitycenter\Microsoft.Azure.Management.SecurityCenter\tests\RegulatoryCompliance\RegulatoryComplianceAssessmentsTests.cs(61,17): error CS0103: The name 'Assert' does not exist in the current context
C:\gh\azure-sdk-for-net\sdk\securitycenter\Microsoft.Azure.Management.SecurityCenter\tests\RegulatoryCompliance\RegulatoryComplianceAssessmentsTests.cs(64,21): error CS0103: The name 'Assert' does not exist in the current context
C:\gh\azure-sdk-for-net\sdk\securitycenter\Microsoft.Azure.Management.SecurityCenter\tests\SecureScores\SecureScoreTests.cs(44,27): error CS0012: The type 'IPage<>' is defined in an assembly that is not referenced. You must add a reference to assembly 'Microsoft.Rest.ClientRuntime.Azure, Version=3.0.0.0, Culture=neutral, PublicKeyToken=31bf3856ad364e35'.
C:\gh\azure-sdk-for-net\sdk\securitycenter\Microsoft.Azure.Management.SecurityCenter\tests\SecureScores\SecureScoreControlDefinitionsTests.cs(54,27): error CS0012: The type 'IPage<>' is defined in an assembly that is not referenced. You must add a reference to assembly 'Microsoft.Rest.ClientRuntime.Azure, Version=3.0.0.0, Culture=neutral, PublicKeyToken=31bf3856ad364e35'.
C:\gh\azure-sdk-for-net\sdk\securitycenter\Microsoft.Azure.Management.SecurityCenter\tests\SecureScores\SecureScoreControlTests.cs(66,27): error CS0012: The type 'IPage<>' is defined in an assembly that is not referenced. You must add a reference to assembly 'Microsoft.Rest.ClientRuntime.Azure, Version=3.0.0.0, Culture=neutral, PublicKeyToken=31bf3856ad364e35'.
C:\gh\azure-sdk-for-net\sdk\securitycenter\Microsoft.Azure.Management.SecurityCenter\tests\Pricings\PricingsTests.cs(82,13): error CS0103: The name 'Assert' does not exist in the current context
C:\gh\azure-sdk-for-net\sdk\securitycenter\Microsoft.Azure.Management.SecurityCenter\tests\Pricings\PricingsTests.cs(89,13): error CS0103: The name 'Assert' does not exist in the current context
C:\gh\azure-sdk-for-net\sdk\securitycenter\Microsoft.Azure.Management.SecurityCenter\tests\SecureScores\SecureScoreControlDefinitionsTests.cs(64,13): error CS0103: The name 'Assert' does not exist in the current context
C:\gh\azure-sdk-for-net\sdk\securitycenter\Microsoft.Azure.Management.SecurityCenter\tests\IotSecuritySolutionsAnalyticsRecommendation\IotSecuritySolutionsAnalyticsRecommendationTests.cs(68,27): error CS0012: The type 'IPage<>' is defined in an assembly that is not referenced. You must add a reference to assembly 'Microsoft.Rest.ClientRuntime.Azure, Version=3.0.0.0, Culture=neutral, PublicKeyToken=31bf3856ad364e35'.
C:\gh\azure-sdk-for-net\sdk\securitycenter\Microsoft.Azure.Management.SecurityCenter\tests\SecureScores\SecureScoreControlTests.cs(77,25): error CS0012: The type 'IPage<>' is defined in an assembly that is not referenced. You must add a reference to assembly 'Microsoft.Rest.ClientRuntime.Azure, Version=3.0.0.0, Culture=neutral, PublicKeyToken=31bf3856ad364e35'.
C:\gh\azure-sdk-for-net\sdk\securitycenter\Microsoft.Azure.Management.SecurityCenter\tests\SecureScores\SecureScoreControlTests.cs(78,17): error CS0103: The name 'Assert' does not exist in the current context
C:\gh\azure-sdk-for-net\sdk\securitycenter\Microsoft.Azure.Management.SecurityCenter\tests\SubAssessment\SubAssessmentTests.cs(84,27): error CS0012: The type 'IPage<>' is defined in an assembly that is not referenced. You must add a reference to assembly 'Microsoft.Rest.ClientRuntime.Azure, Version=3.0.0.0, Culture=neutral, PublicKeyToken=31bf3856ad364e35'.
C:\gh\azure-sdk-for-net\sdk\securitycenter\Microsoft.Azure.Management.SecurityCenter\tests\SecureScores\SecureScoreControlTests.cs(86,13): error CS0103: The name 'Assert' does not exist in the current context
C:\gh\azure-sdk-for-net\sdk\securitycenter\Microsoft.Azure.Management.SecurityCenter\tests\SecureScores\SecureScoreControlDefinitionsTests.cs(73,13): error CS0103: The name 'Assert' does not exist in the current context
C:\gh\azure-sdk-for-net\sdk\securitycenter\Microsoft.Azure.Management.SecurityCenter\tests\SecureScores\SecureScoreControlDefinitionsTests.cs(74,13): error CS0103: The name 'Assert' does not exist in the current context
C:\gh\azure-sdk-for-net\sdk\securitycenter\Microsoft.Azure.Management.SecurityCenter\tests\SecureScores\SecureScoreControlDefinitionsTests.cs(75,13): error CS0103: The name 'Assert' does not exist in the current context
C:\gh\azure-sdk-for-net\sdk\securitycenter\Microsoft.Azure.Management.SecurityCenter\tests\SecureScores\SecureScoreControlDefinitionsTests.cs(76,13): error CS0103: The name 'Assert' does not exist in the current context
C:\gh\azure-sdk-for-net\sdk\securitycenter\Microsoft.Azure.Management.SecurityCenter\tests\SecureScores\SecureScoreControlDefinitionsTests.cs(77,13): error CS0103: The name 'Assert' does not exist in the current context
C:\gh\azure-sdk-for-net\sdk\securitycenter\Microsoft.Azure.Management.SecurityCenter\tests\SecureScores\SecureScoreControlDefinitionsTests.cs(78,13): error CS0103: The name 'Assert' does not exist in the current context
C:\gh\azure-sdk-for-net\sdk\securitycenter\Microsoft.Azure.Management.SecurityCenter\tests\SecureScores\SecureScoreControlDefinitionsTests.cs(79,13): error CS0103: The name 'Assert' does not exist in the current context
C:\gh\azure-sdk-for-net\sdk\securitycenter\Microsoft.Azure.Management.SecurityCenter\tests\SecureScores\SecureScoreControlDefinitionsTests.cs(80,13): error CS0103: The name 'Assert' does not exist in the current context
C:\gh\azure-sdk-for-net\sdk\securitycenter\Microsoft.Azure.Management.SecurityCenter\tests\SecureScores\SecureScoreControlDefinitionsTests.cs(81,13): error CS0103: The name 'Assert' does not exist in the current context
C:\gh\azure-sdk-for-net\sdk\securitycenter\Microsoft.Azure.Management.SecurityCenter\tests\SecureScores\SecureScoreControlDefinitionsTests.cs(82,13): error CS0103: The name 'Assert' does not exist in the current context
C:\gh\azure-sdk-for-net\sdk\securitycenter\Microsoft.Azure.Management.SecurityCenter\tests\SubAssessment\SubAssessmentTests.cs(98,17): error CS0103: The name 'Assert' does not exist in the current context
C:\gh\azure-sdk-for-net\sdk\securitycenter\Microsoft.Azure.Management.SecurityCenter\tests\SubAssessment\SubAssessmentTests.cs(106,13): error CS0103: The name 'Assert' does not exist in the current context
C:\gh\azure-sdk-for-net\sdk\securitycenter\Microsoft.Azure.Management.SecurityCenter\tests\SubAssessment\SubAssessmentTests.cs(109,17): error CS0103: The name 'Assert' does not exist in the current context
C:\gh\azure-sdk-for-net\sdk\securitycenter\Microsoft.Azure.Management.SecurityCenter\tests\IotSecuritySolutionsAnalyticsRecommendation\IotSecuritySolutionsAnalyticsRecommendationTests.cs(77,13): error CS0103: The name 'Assert' does not exist in the current context
C:\gh\azure-sdk-for-net\sdk\securitycenter\Microsoft.Azure.Management.SecurityCenter\tests\IotSecuritySolutionsAnalyticsRecommendation\IotSecuritySolutionsAnalyticsRecommendationTests.cs(80,17): error CS0103: The name 'Assert' does not exist in the current context
C:\gh\azure-sdk-for-net\sdk\securitycenter\Microsoft.Azure.Management.SecurityCenter\tests\SubAssessment\SubAssessmentTests.cs(122,17): error CS0103: The name 'Assert' does not exist in the current context
C:\gh\azure-sdk-for-net\sdk\securitycenter\Microsoft.Azure.Management.SecurityCenter\tests\SecureScores\SecureScoreTests.cs(66,17): error CS0103: The name 'Assert' does not exist in the current context
C:\gh\azure-sdk-for-net\sdk\securitycenter\Microsoft.Azure.Management.SecurityCenter\tests\SecureScores\SecureScoreTests.cs(66,31): error CS0246: The type or namespace name 'CloudException' could not be found (are you missing a using directive or an assembly reference?)
C:\gh\azure-sdk-for-net\sdk\securitycenter\Microsoft.Azure.Management.SecurityCenter\tests\SecureScores\SecureScoreTests.cs(74,13): error CS0103: The name 'Assert' does not exist in the current context
C:\gh\azure-sdk-for-net\sdk\securitycenter\Microsoft.Azure.Management.SecurityCenter\tests\SecureScores\SecureScoreControlTests.cs(95,13): error CS0103: The name 'Assert' does not exist in the current context
C:\gh\azure-sdk-for-net\sdk\securitycenter\Microsoft.Azure.Management.SecurityCenter\tests\SecureScores\SecureScoreControlTests.cs(96,13): error CS0103: The name 'Assert' does not exist in the current context
C:\gh\azure-sdk-for-net\sdk\securitycenter\Microsoft.Azure.Management.SecurityCenter\tests\SecureScores\SecureScoreControlTests.cs(97,13): error CS0103: The name 'Assert' does not exist in the current context
C:\gh\azure-sdk-for-net\sdk\securitycenter\Microsoft.Azure.Management.SecurityCenter\tests\SecureScores\SecureScoreControlTests.cs(98,13): error CS0103: The name 'Assert' does not exist in the current context
C:\gh\azure-sdk-for-net\sdk\securitycenter\Microsoft.Azure.Management.SecurityCenter\tests\SecureScores\SecureScoreControlTests.cs(99,13): error CS0103: The name 'Assert' does not exist in the current context
C:\gh\azure-sdk-for-net\sdk\securitycenter\Microsoft.Azure.Management.SecurityCenter\tests\SecureScores\SecureScoreControlTests.cs(100,13): error CS0103: The name 'Assert' does not exist in the current context
C:\gh\azure-sdk-for-net\sdk\securitycenter\Microsoft.Azure.Management.SecurityCenter\tests\SecureScores\SecureScoreControlTests.cs(101,13): error CS0103: The name 'Assert' does not exist in the current context
C:\gh\azure-sdk-for-net\sdk\securitycenter\Microsoft.Azure.Management.SecurityCenter\tests\SecureScores\SecureScoreControlTests.cs(102,13): error CS0103: The name 'Assert' does not exist in the current context
C:\gh\azure-sdk-for-net\sdk\securitycenter\Microsoft.Azure.Management.SecurityCenter\tests\SecureScores\SecureScoreControlTests.cs(103,13): error CS0103: The name 'Assert' does not exist in the current context
C:\gh\azure-sdk-for-net\sdk\securitycenter\Microsoft.Azure.Management.SecurityCenter\tests\SecureScores\SecureScoreControlTests.cs(104,13): error CS0103: The name 'Assert' does not exist in the current context
C:\gh\azure-sdk-for-net\sdk\securitycenter\Microsoft.Azure.Management.SecurityCenter\tests\SecureScores\SecureScoreControlTests.cs(105,13): error CS0103: The name 'Assert' does not exist in the current context
C:\gh\azure-sdk-for-net\sdk\securitycenter\Microsoft.Azure.Management.SecurityCenter\tests\SecureScores\SecureScoreControlTests.cs(106,13): error CS0103: The name 'Assert' does not exist in the current context
C:\gh\azure-sdk-for-net\sdk\securitycenter\Microsoft.Azure.Management.SecurityCenter\tests\SecureScores\SecureScoreControlTests.cs(107,13): error CS0103: The name 'Assert' does not exist in the current context
C:\gh\azure-sdk-for-net\sdk\securitycenter\Microsoft.Azure.Management.SecurityCenter\tests\SecureScores\SecureScoreControlTests.cs(108,13): error CS0103: The name 'Assert' does not exist in the current context
C:\gh\azure-sdk-for-net\sdk\securitycenter\Microsoft.Azure.Management.SecurityCenter\tests\SubAssessment\SubAssessmentTests.cs(133,13): error CS0103: The name 'Assert' does not exist in the current context
C:\gh\azure-sdk-for-net\sdk\securitycenter\Microsoft.Azure.Management.SecurityCenter\tests\SubAssessment\SubAssessmentTests.cs(138,21): error CS0103: The name 'Assert' does not exist in the current context
C:\gh\azure-sdk-for-net\sdk\securitycenter\Microsoft.Azure.Management.SecurityCenter\tests\SubAssessment\SubAssessmentTests.cs(139,21): error CS0103: The name 'Assert' does not exist in the current context
C:\gh\azure-sdk-for-net\sdk\securitycenter\Microsoft.Azure.Management.SecurityCenter\tests\SubAssessment\SubAssessmentTests.cs(142,21): error CS0103: The name 'Assert' does not exist in the current context
C:\gh\azure-sdk-for-net\sdk\securitycenter\Microsoft.Azure.Management.SecurityCenter\tests\SubAssessment\SubAssessmentTests.cs(143,21): error CS0103: The name 'Assert' does not exist in the current context
C:\gh\azure-sdk-for-net\sdk\securitycenter\Microsoft.Azure.Management.SecurityCenter\tests\SubAssessment\SubAssessmentTests.cs(144,21): error CS0103: The name 'Assert' does not exist in the current context
C:\gh\azure-sdk-for-net\sdk\securitycenter\Microsoft.Azure.Management.SecurityCenter\tests\SubAssessment\SubAssessmentTests.cs(145,21): error CS0103: The name 'Assert' does not exist in the current context
C:\gh\azure-sdk-for-net\sdk\securitycenter\Microsoft.Azure.Management.SecurityCenter\tests\SubAssessment\SubAssessmentTests.cs(146,21): error CS0103: The name 'Assert' does not exist in the current context
C:\gh\azure-sdk-for-net\sdk\securitycenter\Microsoft.Azure.Management.SecurityCenter\tests\SubAssessment\SubAssessmentTests.cs(147,21): error CS0103: The name 'Assert' does not exist in the current context
C:\gh\azure-sdk-for-net\sdk\securitycenter\Microsoft.Azure.Management.SecurityCenter\tests\SubAssessment\SubAssessmentTests.cs(148,21): error CS0103: The name 'Assert' does not exist in the current context
C:\gh\azure-sdk-for-net\sdk\securitycenter\Microsoft.Azure.Management.SecurityCenter\tests\SubAssessment\SubAssessmentTests.cs(151,21): error CS0103: The name 'Assert' does not exist in the current context
C:\gh\azure-sdk-for-net\sdk\securitycenter\Microsoft.Azure.Management.SecurityCenter\tests\SubAssessment\SubAssessmentTests.cs(152,21): error CS0103: The name 'Assert' does not exist in the current context
C:\gh\azure-sdk-for-net\sdk\securitycenter\Microsoft.Azure.Management.SecurityCenter\tests\SubAssessment\SubAssessmentTests.cs(153,21): error CS0103: The name 'Assert' does not exist in the current context
C:\gh\azure-sdk-for-net\sdk\securitycenter\Microsoft.Azure.Management.SecurityCenter\tests\SubAssessment\SubAssessmentTests.cs(154,21): error CS0103: The name 'Assert' does not exist in the current context
C:\gh\azure-sdk-for-net\sdk\securitycenter\Microsoft.Azure.Management.SecurityCenter\tests\SubAssessment\SubAssessmentTests.cs(155,21): error CS0103: The name 'Assert' does not exist in the current context
C:\gh\azure-sdk-for-net\sdk\securitycenter\Microsoft.Azure.Management.SecurityCenter\tests\SecureScores\SecureScoreTests.cs(83,13): error CS0103: The name 'Assert' does not exist in the current context
C:\gh\azure-sdk-for-net\sdk\securitycenter\Microsoft.Azure.Management.SecurityCenter\tests\SecureScores\SecureScoreTests.cs(84,13): error CS0103: The name 'Assert' does not exist in the current context
C:\gh\azure-sdk-for-net\sdk\securitycenter\Microsoft.Azure.Management.SecurityCenter\tests\SecureScores\SecureScoreTests.cs(85,13): error CS0103: The name 'Assert' does not exist in the current context
C:\gh\azure-sdk-for-net\sdk\securitycenter\Microsoft.Azure.Management.SecurityCenter\tests\SecureScores\SecureScoreTests.cs(86,13): error CS0103: The name 'Assert' does not exist in the current context
C:\gh\azure-sdk-for-net\sdk\securitycenter\Microsoft.Azure.Management.SecurityCenter\tests\SecureScores\SecureScoreTests.cs(87,13): error CS0103: The name 'Assert' does not exist in the current context
C:\gh\azure-sdk-for-net\sdk\securitycenter\Microsoft.Azure.Management.SecurityCenter\tests\SecureScores\SecureScoreTests.cs(88,13): error CS0103: The name 'Assert' does not exist in the current context
C:\gh\azure-sdk-for-net\sdk\securitycenter\Microsoft.Azure.Management.SecurityCenter\tests\SecureScores\SecureScoreTests.cs(89,13): error CS0103: The name 'Assert' does not exist in the current context
C:\gh\azure-sdk-for-net\sdk\securitycenter\Microsoft.Azure.Management.SecurityCenter\tests\SecureScores\SecureScoreTests.cs(90,13): error CS0103: The name 'Assert' does not exist in the current context
C:\gh\azure-sdk-for-net\sdk\securitycenter\Microsoft.Azure.Management.SecurityCenter\tests\SecureScores\SecureScoreTests.cs(91,13): error CS0103: The name 'Assert' does not exist in the current context
C:\gh\azure-sdk-for-net\sdk\securitycenter\Microsoft.Azure.Management.SecurityCenter\tests\SecureScores\SecureScoreTests.cs(92,13): error CS0103: The name 'Assert' does not exist in the current context
C:\gh\azure-sdk-for-net\sdk\securitycenter\Microsoft.Azure.Management.SecurityCenter\tests\SecureScores\SecureScoreTests.cs(93,13): error CS0103: The name 'Assert' does not exist in the current context
C:\gh\azure-sdk-for-net\sdk\securitycenter\Microsoft.Azure.Management.SecurityCenter\tests\SecureScores\SecureScoreTests.cs(94,13): error CS0103: The name 'Assert' does not exist in the current context
C:\gh\azure-sdk-for-net\sdk\securitycenter\Microsoft.Azure.Management.SecurityCenter\tests\SecureScores\SecureScoreTests.cs(95,13): error CS0103: The name 'Assert' does not exist in the current context
C:\gh\azure-sdk-for-net\sdk\securitycenter\Microsoft.Azure.Management.SecurityCenter\tests\AdaptiveApplicationControls\AdaptiveApplicationControlsTests.cs(44,56): error CS0012: The type 'IPage<>' is defined in an assembly that is not referenced. You must add a reference to assembly 'Microsoft.Rest.ClientRuntime.Azure, Version=3.0.0.0, Culture=neutral, PublicKeyToken=31bf3856ad364e35'.
C:\gh\azure-sdk-for-net\sdk\securitycenter\Microsoft.Azure.Management.SecurityCenter\tests\AdaptiveApplicationControls\AdaptiveApplicationControlsTests.cs(86,13): error CS0103: The name 'Assert' does not exist in the current context
C:\gh\azure-sdk-for-net\sdk\securitycenter\Microsoft.Azure.Management.SecurityCenter\tests\AdaptiveApplicationControls\AdaptiveApplicationControlsTests.cs(93,13): error CS0103: The name 'Assert' does not exist in the current context
C:\gh\azure-sdk-for-net\sdk\securitycenter\Microsoft.Azure.Management.SecurityCenter\tests\AdaptiveApplicationControls\AdaptiveApplicationControlsTests.cs(94,13): error CS0103: The name 'Assert' does not exist in the current context
C:\gh\azure-sdk-for-net\sdk\securitycenter\Microsoft.Azure.Management.SecurityCenter\tests\AdaptiveApplicationControls\AdaptiveApplicationControlsTests.cs(95,13): error CS0103: The name 'Assert' does not exist in the current context
C:\gh\azure-sdk-for-net\sdk\securitycenter\Microsoft.Azure.Management.SecurityCenter\tests\AdaptiveApplicationControls\AdaptiveApplicationControlsTests.cs(96,13): error CS0103: The name 'Assert' does not exist in the current context
C:\gh\azure-sdk-for-net\sdk\securitycenter\Microsoft.Azure.Management.SecurityCenter\tests\AdaptiveApplicationControls\AdaptiveApplicationControlsTests.cs(97,13): error CS0103: The name 'Assert' does not exist in the current context
C:\gh\azure-sdk-for-net\sdk\securitycenter\Microsoft.Azure.Management.SecurityCenter\tests\AdaptiveApplicationControls\AdaptiveApplicationControlsTests.cs(98,13): error CS0103: The name 'Assert' does not exist in the current context
C:\gh\azure-sdk-for-net\sdk\securitycenter\Microsoft.Azure.Management.SecurityCenter\tests\AdaptiveApplicationControls\AdaptiveApplicationControlsTests.cs(99,13): error CS0103: The name 'Assert' does not exist in the current context
C:\gh\azure-sdk-for-net\sdk\securitycenter\Microsoft.Azure.Management.SecurityCenter\tests\AdaptiveApplicationControls\AdaptiveApplicationControlsTests.cs(100,13): error CS0103: The name 'Assert' does not exist in the current context
C:\gh\azure-sdk-for-net\sdk\securitycenter\Microsoft.Azure.Management.SecurityCenter\tests\AdaptiveApplicationControls\AdaptiveApplicationControlsTests.cs(105,13): error CS0103: The name 'Assert' does not exist in the current context
C:\gh\azure-sdk-for-net\sdk\securitycenter\Microsoft.Azure.Management.SecurityCenter\tests\AdaptiveApplicationControls\AdaptiveApplicationControlsTests.cs(106,13): error CS0103: The name 'Assert' does not exist in the current context
C:\gh\azure-sdk-for-net\sdk\securitycenter\Microsoft.Azure.Management.SecurityCenter\tests\AdaptiveApplicationControls\AdaptiveApplicationControlsTests.cs(107,13): error CS0103: The name 'Assert' does not exist in the current context
C:\gh\azure-sdk-for-net\sdk\securitycenter\Microsoft.Azure.Management.SecurityCenter\tests\AdaptiveApplicationControls\AdaptiveApplicationControlsTests.cs(108,13): error CS0103: The name 'Assert' does not exist in the current context
C:\gh\azure-sdk-for-net\sdk\securitycenter\Microsoft.Azure.Management.SecurityCenter\tests\AdaptiveApplicationControls\AdaptiveApplicationControlsTests.cs(109,13): error CS0103: The name 'Assert' does not exist in the current context
C:\gh\azure-sdk-for-net\sdk\securitycenter\Microsoft.Azure.Management.SecurityCenter\tests\AdaptiveNetworkHardenings\AdaptiveNetworkHardeningsTests.cs(57,32): error CS0012: The type 'AzureOperationResponse' is defined in an assembly that is not referenced. You must add a reference to assembly 'Microsoft.Rest.ClientRuntime.Azure, Version=3.0.0.0, Culture=neutral, PublicKeyToken=31bf3856ad364e35'.
C:\gh\azure-sdk-for-net\sdk\securitycenter\Microsoft.Azure.Management.SecurityCenter\tests\AdaptiveNetworkHardenings\AdaptiveNetworkHardeningsTests.cs(67,173): error CS0012: The type 'AzureOperationResponse' is defined in an assembly that is not referenced. You must add a reference to assembly 'Microsoft.Rest.ClientRuntime.Azure, Version=3.0.0.0, Culture=neutral, PublicKeyToken=31bf3856ad364e35'.
C:\gh\azure-sdk-for-net\sdk\securitycenter\Microsoft.Azure.Management.SecurityCenter\tests\AdaptiveNetworkHardenings\AdaptiveNetworkHardeningsTests.cs(69,17): error CS0103: The name 'Assert' does not exist in the current context
C:\gh\azure-sdk-for-net\sdk\securitycenter\Microsoft.Azure.Management.SecurityCenter\tests\AdaptiveNetworkHardenings\AdaptiveNetworkHardeningsTests.cs(79,13): error CS0103: The name 'Assert' does not exist in the current context
C:\gh\azure-sdk-for-net\sdk\securitycenter\Microsoft.Azure.Management.SecurityCenter\tests\AdaptiveNetworkHardenings\AdaptiveNetworkHardeningsTests.cs(80,13): error CS0103: The name 'Assert' does not exist in the current context
C:\gh\azure-sdk-for-net\sdk\securitycenter\Microsoft.Azure.Management.SecurityCenter\tests\AdaptiveNetworkHardenings\AdaptiveNetworkHardeningsTests.cs(81,13): error CS0103: The name 'Assert' does not exist in the current context
C:\gh\azure-sdk-for-net\sdk\securitycenter\Microsoft.Azure.Management.SecurityCenter\tests\AdaptiveNetworkHardenings\AdaptiveNetworkHardeningsTests.cs(82,13): error CS0103: The name 'Assert' does not exist in the current context
C:\gh\azure-sdk-for-net\sdk\securitycenter\Microsoft.Azure.Management.SecurityCenter\tests\IotSecuritySolutionAnalytics\IotSecuritySolutionAnalyticsTests.cs(4,1): hidden CS8019: Unnecessary using directive.
C:\gh\azure-sdk-for-net\sdk\securitycenter\Microsoft.Azure.Management.SecurityCenter\tests\IotSecuritySolutionsAnalyticsRecommendation\IotSecuritySolutionsAnalyticsRecommendationTests.cs(12,1): hidden CS8019: Unnecessary using directive.
C:\gh\azure-sdk-for-net\sdk\securitycenter\Microsoft.Azure.Management.SecurityCenter\tests\SubAssessment\SubAssessmentTests.cs(12,1): hidden CS8019: Unnecessary using directive.
C:\gh\azure-sdk-for-net\sdk\securitycenter\Microsoft.Azure.Management.SecurityCenter\tests\AdaptiveNetworkHardenings\AdaptiveNetworkHardeningsTests.cs(6,1): hidden CS8019: Unnecessary using directive.
C:\gh\azure-sdk-for-net\artifacts\obj\Microsoft.Azure.Management.SecurityCenter.Tests\Debug\netcoreapp3.1\.NETCoreApp,Version=v3.1.AssemblyAttributes.cs(2,1): hidden CS8019: Unnecessary using directive.
C:\gh\azure-sdk-for-net\sdk\securitycenter\Microsoft.Azure.Management.SecurityCenter\tests\IotSecuritySolutionsDeviceSecurityGroups\IotSecuritySolutionsDeviceSecurityGroupsTests.cs(12,1): hidden CS8019: Unnecessary using directive.
C:\gh\azure-sdk-for-net\sdk\securitycenter\Microsoft.Azure.Management.SecurityCenter\tests\IotSecuritySolutionsAnalyticsAggregatedAlert\IotSecuritySolutionsAnalyticsAggregatedAlertTests.cs(4,1): hidden CS8019: Unnecessary using directive.
C:\gh\azure-sdk-for-net\sdk\securitycenter\Microsoft.Azure.Management.SecurityCenter\tests\SecureScores\SecureScoreControlDefinitionsTests.cs(8,1): hidden CS8019: Unnecessary using directive.
C:\gh\azure-sdk-for-net\sdk\securitycenter\Microsoft.Azure.Management.SecurityCenter\tests\Assessments\AssessmentsTests.cs(12,1): hidden CS8019: Unnecessary using directive.
C:\gh\azure-sdk-for-net\sdk\securitycenter\Microsoft.Azure.Management.SecurityCenter\tests\AdaptiveApplicationControls\AdaptiveApplicationControlsTests.cs(7,1): hidden CS8019: Unnecessary using directive.
C:\gh\azure-sdk-for-net\artifacts\obj\Microsoft.Azure.Management.SecurityCenter.Tests\Debug\netcoreapp3.1\Microsoft.Azure.Management.SecurityCenter.Tests.AssemblyInfo.cs(12,1): hidden CS8019: Unnecessary using directive.
C:\gh\azure-sdk-for-net\sdk\securitycenter\Microsoft.Azure.Management.SecurityCenter\tests\Operations\OperationsTests.cs(9,1): hidden CS8019: Unnecessary using directive.
C:\gh\azure-sdk-for-net\sdk\securitycenter\Microsoft.Azure.Management.SecurityCenter\tests\RegulatoryCompliance\RegulatoryComplianceStandardsTests.cs(10,1): hidden CS8019: Unnecessary using directive.
C:\gh\azure-sdk-for-net\sdk\securitycenter\Microsoft.Azure.Management.SecurityCenter\tests\Pricings\PricingsTests.cs(11,1): hidden CS8019: Unnecessary using directive.
C:\gh\azure-sdk-for-net\sdk\securitycenter\Microsoft.Azure.Management.SecurityCenter\tests\SecurityContacts\SecurityContactsTests.cs(9,1): hidden CS8019: Unnecessary using directive.
C:\gh\azure-sdk-for-net\sdk\securitycenter\Microsoft.Azure.Management.SecurityCenter\tests\SecureScores\SecureScoreControlTests.cs(4,1): hidden CS8019: Unnecessary using directive.
C:\gh\azure-sdk-for-net\sdk\securitycenter\Microsoft.Azure.Management.SecurityCenter\tests\RegulatoryCompliance\RegulatoryComplianceControlsTests.cs(5,1): hidden CS8019: Unnecessary using directive.
C:\gh\azure-sdk-for-net\sdk\securitycenter\Microsoft.Azure.Management.SecurityCenter\tests\Compliances\CompliancesTests.cs(9,1): hidden CS8019: Unnecessary using directive.
C:\gh\azure-sdk-for-net\sdk\securitycenter\Microsoft.Azure.Management.SecurityCenter\tests\IotSecuritySolutionsAnalyticsRecommendation\IotSecuritySolutionsAnalyticsRecommendationTests.cs(4,1): hidden CS8019: Unnecessary using directive.
C:\gh\azure-sdk-for-net\sdk\securitycenter\Microsoft.Azure.Management.SecurityCenter\tests\Topology\TopologyTests.cs(8,1): hidden CS8019: Unnecessary using directive.
C:\gh\azure-sdk-for-net\artifacts\obj\Microsoft.Azure.Management.SecurityCenter.Tests\Debug\netcoreapp3.1\.NETCoreApp,Version=v3.1.AssemblyAttributes.cs(3,1): hidden CS8019: Unnecessary using directive.
C:\gh\azure-sdk-for-net\sdk\securitycenter\Microsoft.Azure.Management.SecurityCenter\tests\IoTSecuritySolution\IoTSecuritySolutionsTests.cs(9,1): hidden CS8019: Unnecessary using directive.
C:\gh\azure-sdk-for-net\sdk\securitycenter\Microsoft.Azure.Management.SecurityCenter\tests\IotSecuritySolutionsDeviceSecurityGroups\IotSecuritySolutionsDeviceSecurityGroupsTests.cs(4,1): hidden CS8019: Unnecessary using directive.
C:\gh\azure-sdk-for-net\sdk\securitycenter\Microsoft.Azure.Management.SecurityCenter\tests\ExternalSecuritySolutions\ExternalSecuritySolutionsTests.cs(12,1): hidden CS8019: Unnecessary using directive.
C:\gh\azure-sdk-for-net\sdk\securitycenter\Microsoft.Azure.Management.SecurityCenter\tests\AllowedConnections\AllowedConnectionsTests.cs(8,1): hidden CS8019: Unnecessary using directive.
C:\gh\azure-sdk-for-net\sdk\securitycenter\Microsoft.Azure.Management.SecurityCenter\tests\SecureScores\SecureScoreTests.cs(4,1): hidden CS8019: Unnecessary using directive.
C:\gh\azure-sdk-for-net\artifacts\obj\Microsoft.Azure.Management.SecurityCenter.Tests\Debug\netcoreapp3.1\Microsoft.Azure.Management.SecurityCenter.Tests.AssemblyInfo.cs(11,1): hidden CS8019: Unnecessary using directive.
C:\gh\azure-sdk-for-net\sdk\securitycenter\Microsoft.Azure.Management.SecurityCenter\tests\JitNetworkAccessPolicies\JitNetworkAccessPoliciesTests.cs(13,1): hidden CS8019: Unnecessary using directive.
C:\gh\azure-sdk-for-net\sdk\securitycenter\Microsoft.Azure.Management.SecurityCenter\tests\DiscoveredSecuritySolutions\DiscoveredSecuritySolutionsTests.cs(12,1): hidden CS8019: Unnecessary using directive.
C:\gh\azure-sdk-for-net\sdk\securitycenter\Microsoft.Azure.Management.SecurityCenter\tests\DiscoveredSecuritySolutions\DiscoveredSecuritySolutionsTests.cs(4,1): hidden CS8019: Unnecessary using directive.
C:\gh\azure-sdk-for-net\sdk\securitycenter\Microsoft.Azure.Management.SecurityCenter\tests\SubAssessment\SubAssessmentTests.cs(8,1): hidden CS8019: Unnecessary using directive.
C:\gh\azure-sdk-for-net\sdk\securitycenter\Microsoft.Azure.Management.SecurityCenter\tests\WorkspaceSettings\WorkspaceSettingsTests.cs(11,1): hidden CS8019: Unnecessary using directive.
C:\gh\azure-sdk-for-net\sdk\securitycenter\Microsoft.Azure.Management.SecurityCenter\tests\RegulatoryCompliance\RegulatoryComplianceStandardsTests.cs(5,1): hidden CS8019: Unnecessary using directive.
C:\gh\azure-sdk-for-net\sdk\securitycenter\Microsoft.Azure.Management.SecurityCenter\tests\Settings\SettingsTests.cs(11,1): hidden CS8019: Unnecessary using directive.
C:\gh\azure-sdk-for-net\sdk\securitycenter\Microsoft.Azure.Management.SecurityCenter\tests\Assessments\AssessmentsTests.cs(8,1): hidden CS8019: Unnecessary using directive.
C:\gh\azure-sdk-for-net\sdk\securitycenter\Microsoft.Azure.Management.SecurityCenter\tests\IotSecuritySolutionAnalytics\IotSecuritySolutionAnalyticsTests.cs(9,1): hidden CS8019: Unnecessary using directive.
C:\gh\azure-sdk-for-net\sdk\securitycenter\Microsoft.Azure.Management.SecurityCenter\tests\AutoProvisionningSettings\AutoProvisioningSettingsTests.cs(9,1): hidden CS8019: Unnecessary using directive.
C:\gh\azure-sdk-for-net\sdk\securitycenter\Microsoft.Azure.Management.SecurityCenter\tests\AdaptiveNetworkHardenings\AdaptiveNetworkHardeningsTests.cs(9,1): hidden CS8019: Unnecessary using directive.
C:\gh\azure-sdk-for-net\sdk\securitycenter\Microsoft.Azure.Management.SecurityCenter\tests\IotSecuritySolutionsAnalyticsAggregatedAlert\IotSecuritySolutionsAnalyticsAggregatedAlertTests.cs(9,1): hidden CS8019: Unnecessary using directive.
C:\gh\azure-sdk-for-net\sdk\securitycenter\Microsoft.Azure.Management.SecurityCenter\tests\SecureScores\SecureScoreControlTests.cs(8,1): hidden CS8019: Unnecessary using directive.
C:\gh\azure-sdk-for-net\sdk\securitycenter\Microsoft.Azure.Management.SecurityCenter\tests\Alerts\SecurityAlertsTests.cs(12,1): hidden CS8019: Unnecessary using directive.
C:\gh\azure-sdk-for-net\sdk\securitycenter\Microsoft.Azure.Management.SecurityCenter\tests\JitNetworkAccessPolicies\JitNetworkAccessPoliciesTests.cs(10,1): hidden CS8019: Unnecessary using directive.
C:\gh\azure-sdk-for-net\sdk\securitycenter\Microsoft.Azure.Management.SecurityCenter\tests\Alerts\SecurityAlertsTests.cs(4,1): hidden CS8019: Unnecessary using directive.
C:\gh\azure-sdk-for-net\sdk\securitycenter\Microsoft.Azure.Management.SecurityCenter\tests\AdvancedThreatProtection\AdvancedThreatProtectionTests.cs(8,1): hidden CS8019: Unnecessary using directive.
C:\gh\azure-sdk-for-net\sdk\securitycenter\Microsoft.Azure.Management.SecurityCenter\tests\Locations\LocationsTests.cs(9,1): hidden CS8019: Unnecessary using directive.
C:\gh\azure-sdk-for-net\sdk\securitycenter\Microsoft.Azure.Management.SecurityCenter\tests\Operations\OperationsTests.cs(12,1): hidden CS8019: Unnecessary using directive.
C:\gh\azure-sdk-for-net\sdk\securitycenter\Microsoft.Azure.Management.SecurityCenter\tests\Operations\OperationsTests.cs(4,1): hidden CS8019: Unnecessary using directive.
C:\gh\azure-sdk-for-net\sdk\securitycenter\Microsoft.Azure.Management.SecurityCenter\tests\Tasks\SecurityTasksTests.cs(9,1): hidden CS8019: Unnecessary using directive.
C:\gh\azure-sdk-for-net\sdk\securitycenter\Microsoft.Azure.Management.SecurityCenter\tests\SecurityContacts\SecurityContactsTests.cs(12,1): hidden CS8019: Unnecessary using directive.
C:\gh\azure-sdk-for-net\sdk\securitycenter\Microsoft.Azure.Management.SecurityCenter\tests\SecurityContacts\SecurityContactsTests.cs(4,1): hidden CS8019: Unnecessary using directive.
C:\gh\azure-sdk-for-net\sdk\securitycenter\Microsoft.Azure.Management.SecurityCenter\tests\SecureScores\SecureScoreTests.cs(8,1): hidden CS8019: Unnecessary using directive.
C:\gh\azure-sdk-for-net\sdk\securitycenter\Microsoft.Azure.Management.SecurityCenter\tests\IotSecuritySolutionsAnalyticsRecommendation\IotSecuritySolutionsAnalyticsRecommendationTests.cs(9,1): hidden CS8019: Unnecessary using directive.
C:\gh\azure-sdk-for-net\sdk\securitycenter\Microsoft.Azure.Management.SecurityCenter\tests\Compliances\CompliancesTests.cs(12,1): hidden CS8019: Unnecessary using directive.
C:\gh\azure-sdk-for-net\sdk\securitycenter\Microsoft.Azure.Management.SecurityCenter\tests\Compliances\CompliancesTests.cs(4,1): hidden CS8019: Unnecessary using directive.
C:\gh\azure-sdk-for-net\sdk\securitycenter\Microsoft.Azure.Management.SecurityCenter\tests\IotSecuritySolutionsDeviceSecurityGroups\IotSecuritySolutionsDeviceSecurityGroupsTests.cs(9,1): hidden CS8019: Unnecessary using directive.
C:\gh\azure-sdk-for-net\sdk\securitycenter\Microsoft.Azure.Management.SecurityCenter\tests\IoTSecuritySolution\IoTSecuritySolutionsTests.cs(12,1): hidden CS8019: Unnecessary using directive.
C:\gh\azure-sdk-for-net\eng\mgmt\DisableTestRunParallel.cs(5,1): hidden CS8019: Unnecessary using directive.
C:\gh\azure-sdk-for-net\sdk\securitycenter\Microsoft.Azure.Management.SecurityCenter\tests\RegulatoryCompliance\RegulatoryComplianceAssessmentsTests.cs(10,1): hidden CS8019: Unnecessary using directive.
C:\gh\azure-sdk-for-net\eng\mgmt\DisableTestRunParallel.cs(4,1): hidden CS8019: Unnecessary using directive.
C:\gh\azure-sdk-for-net\sdk\securitycenter\Microsoft.Azure.Management.SecurityCenter\tests\SecureScores\SecureScoreControlDefinitionsTests.cs(4,1): hidden CS8019: Unnecessary using directive.
C:\gh\azure-sdk-for-net\sdk\securitycenter\Microsoft.Azure.Management.SecurityCenter\tests\IotSecuritySolutionAnalytics\IotSecuritySolutionAnalyticsTests.cs(12,1): hidden CS8019: Unnecessary using directive.
C:\gh\azure-sdk-for-net\sdk\securitycenter\Microsoft.Azure.Management.SecurityCenter\tests\Topology\TopologyTests.cs(5,1): hidden CS8019: Unnecessary using directive.
C:\gh\azure-sdk-for-net\sdk\securitycenter\Microsoft.Azure.Management.SecurityCenter\tests\AutoProvisionningSettings\AutoProvisioningSettingsTests.cs(12,1): hidden CS8019: Unnecessary using directive.
C:\gh\azure-sdk-for-net\sdk\securitycenter\Microsoft.Azure.Management.SecurityCenter\tests\AutoProvisionningSettings\AutoProvisioningSettingsTests.cs(4,1): hidden CS8019: Unnecessary using directive.
C:\gh\azure-sdk-for-net\sdk\securitycenter\Microsoft.Azure.Management.SecurityCenter\tests\IotSecuritySolutionsAnalyticsAggregatedAlert\IotSecuritySolutionsAnalyticsAggregatedAlertTests.cs(12,1): hidden CS8019: Unnecessary using directive.
C:\gh\azure-sdk-for-net\sdk\securitycenter\Microsoft.Azure.Management.SecurityCenter\tests\AllowedConnections\AllowedConnectionsTests.cs(5,1): hidden CS8019: Unnecessary using directive.
C:\gh\azure-sdk-for-net\sdk\securitycenter\Microsoft.Azure.Management.SecurityCenter\tests\ExternalSecuritySolutions\ExternalSecuritySolutionsTests.cs(9,1): hidden CS8019: Unnecessary using directive.
C:\gh\azure-sdk-for-net\sdk\securitycenter\Microsoft.Azure.Management.SecurityCenter\tests\IoTSecuritySolution\IoTSecuritySolutionsTests.cs(4,1): hidden CS8019: Unnecessary using directive.
C:\gh\azure-sdk-for-net\sdk\securitycenter\Microsoft.Azure.Management.SecurityCenter\tests\RegulatoryCompliance\RegulatoryComplianceAssessmentsTests.cs(5,1): hidden CS8019: Unnecessary using directive.
C:\gh\azure-sdk-for-net\sdk\securitycenter\Microsoft.Azure.Management.SecurityCenter\tests\Alerts\SecurityAlertsTests.cs(15,1): hidden CS8019: Unnecessary using directive.
C:\gh\azure-sdk-for-net\sdk\securitycenter\Microsoft.Azure.Management.SecurityCenter\tests\DiscoveredSecuritySolutions\DiscoveredSecuritySolutionsTests.cs(9,1): hidden CS8019: Unnecessary using directive.
C:\gh\azure-sdk-for-net\sdk\securitycenter\Microsoft.Azure.Management.SecurityCenter\tests\WorkspaceSettings\WorkspaceSettingsTests.cs(8,1): hidden CS8019: Unnecessary using directive.
C:\gh\azure-sdk-for-net\sdk\securitycenter\Microsoft.Azure.Management.SecurityCenter\tests\AdvancedThreatProtection\AdvancedThreatProtectionTests.cs(11,1): hidden CS8019: Unnecessary using directive.
C:\gh\azure-sdk-for-net\sdk\securitycenter\Microsoft.Azure.Management.SecurityCenter\tests\Locations\LocationsTests.cs(12,1): hidden CS8019: Unnecessary using directive.
C:\gh\azure-sdk-for-net\sdk\securitycenter\Microsoft.Azure.Management.SecurityCenter\tests\Locations\LocationsTests.cs(4,1): hidden CS8019: Unnecessary using directive.
C:\gh\azure-sdk-for-net\sdk\securitycenter\Microsoft.Azure.Management.SecurityCenter\tests\Tasks\SecurityTasksTests.cs(12,1): hidden CS8019: Unnecessary using directive.
C:\gh\azure-sdk-for-net\sdk\securitycenter\Microsoft.Azure.Management.SecurityCenter\tests\Settings\SettingsTests.cs(8,1): hidden CS8019: Unnecessary using directive.
C:\gh\azure-sdk-for-net\sdk\securitycenter\Microsoft.Azure.Management.SecurityCenter\tests\RegulatoryCompliance\RegulatoryComplianceControlsTests.cs(10,1): hidden CS8019: Unnecessary using directive.
