C:\gh\azure-sdk-for-net\eng\mgmt\DisableTestRunParallel.cs(7,12): error CS0246: The type or namespace name 'CollectionBehaviorAttribute' could not be found (are you missing a using directive or an assembly reference?)
C:\gh\azure-sdk-for-net\eng\mgmt\DisableTestRunParallel.cs(7,12): error CS0246: The type or namespace name 'CollectionBehavior' could not be found (are you missing a using directive or an assembly reference?)
C:\gh\azure-sdk-for-net\eng\mgmt\DisableTestRunParallel.cs(7,31): error CS0246: The type or namespace name 'DisableTestParallelization' could not be found (are you missing a using directive or an assembly reference?)
C:\gh\azure-sdk-for-net\eng\mgmt\DisableTestRunParallel.cs(7,66): error CS0246: The type or namespace name 'MaxParallelThreads' could not be found (are you missing a using directive or an assembly reference?)
C:\gh\azure-sdk-for-net\eng\mgmt\DisableTestRunParallel.cs(5,7): error CS0246: The type or namespace name 'Xunit' could not be found (are you missing a using directive or an assembly reference?)
C:\gh\azure-sdk-for-net\sdk\mgmtcommon\TestFramework\TestFramework.Net45Tests\TestEnvironment\TestEnvTests.cs(8,11): error CS0246: The type or namespace name 'Xunit' could not be found (are you missing a using directive or an assembly reference?)
C:\gh\azure-sdk-for-net\sdk\mgmtcommon\TestFramework\TestFramework.Net45Tests\TestEnvironment\TestEnvTests.cs(14,10): error CS0246: The type or namespace name 'TheoryAttribute' could not be found (are you missing a using directive or an assembly reference?)
C:\gh\azure-sdk-for-net\sdk\mgmtcommon\TestFramework\TestFramework.Net45Tests\TestEnvironment\TestEnvTests.cs(14,10): error CS0246: The type or namespace name 'Theory' could not be found (are you missing a using directive or an assembly reference?)
C:\gh\azure-sdk-for-net\sdk\mgmtcommon\TestFramework\TestFramework.Net45Tests\TestEnvironment\TestEnvTests.cs(15,10): error CS0246: The type or namespace name 'InlineDataAttribute' could not be found (are you missing a using directive or an assembly reference?)
C:\gh\azure-sdk-for-net\sdk\mgmtcommon\TestFramework\TestFramework.Net45Tests\TestEnvironment\TestEnvTests.cs(15,10): error CS0246: The type or namespace name 'InlineData' could not be found (are you missing a using directive or an assembly reference?)
C:\gh\azure-sdk-for-net\sdk\mgmtcommon\TestFramework\TestFramework.Net45Tests\TestEnvironment\TestEnvTests.cs(16,10): error CS0246: The type or namespace name 'InlineDataAttribute' could not be found (are you missing a using directive or an assembly reference?)
C:\gh\azure-sdk-for-net\sdk\mgmtcommon\TestFramework\TestFramework.Net45Tests\TestEnvironment\TestEnvTests.cs(16,10): error CS0246: The type or namespace name 'InlineData' could not be found (are you missing a using directive or an assembly reference?)
C:\gh\azure-sdk-for-net\sdk\mgmtcommon\TestFramework\TestFramework.Net45Tests\TestEnvironment\TestEnvTests.cs(14,17): error CS0246: The type or namespace name 'Skip' could not be found (are you missing a using directive or an assembly reference?)
C:\gh\azure-sdk-for-net\sdk\mgmtcommon\TestFramework\TestFramework.Net45Tests\TestEnvironment\TestEnvTests.cs(36,10): error CS0246: The type or namespace name 'TheoryAttribute' could not be found (are you missing a using directive or an assembly reference?)
C:\gh\azure-sdk-for-net\sdk\mgmtcommon\TestFramework\TestFramework.Net45Tests\TestEnvironment\TestEnvTests.cs(36,10): error CS0246: The type or namespace name 'Theory' could not be found (are you missing a using directive or an assembly reference?)
C:\gh\azure-sdk-for-net\sdk\mgmtcommon\TestFramework\TestFramework.Net45Tests\TestEnvironment\TestEnvTests.cs(37,10): error CS0246: The type or namespace name 'InlineDataAttribute' could not be found (are you missing a using directive or an assembly reference?)
C:\gh\azure-sdk-for-net\sdk\mgmtcommon\TestFramework\TestFramework.Net45Tests\TestEnvironment\TestEnvTests.cs(37,10): error CS0246: The type or namespace name 'InlineData' could not be found (are you missing a using directive or an assembly reference?)
C:\gh\azure-sdk-for-net\sdk\mgmtcommon\TestFramework\TestFramework.Net45Tests\TestEnvironment\TestEnvTests.cs(36,17): error CS0246: The type or namespace name 'Skip' could not be found (are you missing a using directive or an assembly reference?)
C:\gh\azure-sdk-for-net\sdk\mgmtcommon\TestFramework\TestFramework.Net45Tests\TestEnvironment\TestEnvTests.cs(52,10): error CS0246: The type or namespace name 'TheoryAttribute' could not be found (are you missing a using directive or an assembly reference?)
C:\gh\azure-sdk-for-net\sdk\mgmtcommon\TestFramework\TestFramework.Net45Tests\TestEnvironment\TestEnvTests.cs(52,10): error CS0246: The type or namespace name 'Theory' could not be found (are you missing a using directive or an assembly reference?)
C:\gh\azure-sdk-for-net\sdk\mgmtcommon\TestFramework\TestFramework.Net45Tests\TestEnvironment\TestEnvTests.cs(53,10): error CS0246: The type or namespace name 'InlineDataAttribute' could not be found (are you missing a using directive or an assembly reference?)
C:\gh\azure-sdk-for-net\sdk\mgmtcommon\TestFramework\TestFramework.Net45Tests\TestEnvironment\TestEnvTests.cs(53,10): error CS0246: The type or namespace name 'InlineData' could not be found (are you missing a using directive or an assembly reference?)
C:\gh\azure-sdk-for-net\sdk\mgmtcommon\TestFramework\TestFramework.Net45Tests\TestEnvironment\TestEnvTests.cs(52,17): error CS0246: The type or namespace name 'Skip' could not be found (are you missing a using directive or an assembly reference?)
C:\gh\azure-sdk-for-net\sdk\mgmtcommon\TestFramework\TestFramework.Net45Tests\TestEnvironment\TestEnvTests.cs(79,10): error CS0246: The type or namespace name 'TheoryAttribute' could not be found (are you missing a using directive or an assembly reference?)
C:\gh\azure-sdk-for-net\sdk\mgmtcommon\TestFramework\TestFramework.Net45Tests\TestEnvironment\TestEnvTests.cs(79,10): error CS0246: The type or namespace name 'Theory' could not be found (are you missing a using directive or an assembly reference?)
C:\gh\azure-sdk-for-net\sdk\mgmtcommon\TestFramework\TestFramework.Net45Tests\TestEnvironment\TestEnvTests.cs(80,10): error CS0246: The type or namespace name 'InlineDataAttribute' could not be found (are you missing a using directive or an assembly reference?)
C:\gh\azure-sdk-for-net\sdk\mgmtcommon\TestFramework\TestFramework.Net45Tests\TestEnvironment\TestEnvTests.cs(80,10): error CS0246: The type or namespace name 'InlineData' could not be found (are you missing a using directive or an assembly reference?)
C:\gh\azure-sdk-for-net\sdk\mgmtcommon\TestFramework\TestFramework.Net45Tests\TestEnvironment\TestEnvTests.cs(79,17): error CS0246: The type or namespace name 'Skip' could not be found (are you missing a using directive or an assembly reference?)
C:\gh\azure-sdk-for-net\sdk\mgmtcommon\TestFramework\TestFramework.Net45Tests\TestEnvironment\TestEnvTests.cs(103,10): error CS0246: The type or namespace name 'TheoryAttribute' could not be found (are you missing a using directive or an assembly reference?)
C:\gh\azure-sdk-for-net\sdk\mgmtcommon\TestFramework\TestFramework.Net45Tests\TestEnvironment\TestEnvTests.cs(103,10): error CS0246: The type or namespace name 'Theory' could not be found (are you missing a using directive or an assembly reference?)
C:\gh\azure-sdk-for-net\sdk\mgmtcommon\TestFramework\TestFramework.Net45Tests\TestEnvironment\TestEnvTests.cs(104,10): error CS0246: The type or namespace name 'InlineDataAttribute' could not be found (are you missing a using directive or an assembly reference?)
C:\gh\azure-sdk-for-net\sdk\mgmtcommon\TestFramework\TestFramework.Net45Tests\TestEnvironment\TestEnvTests.cs(104,10): error CS0246: The type or namespace name 'InlineData' could not be found (are you missing a using directive or an assembly reference?)
C:\gh\azure-sdk-for-net\sdk\mgmtcommon\TestFramework\TestFramework.Net45Tests\TestEnvironment\TestEnvTests.cs(103,17): error CS0246: The type or namespace name 'Skip' could not be found (are you missing a using directive or an assembly reference?)
C:\gh\azure-sdk-for-net\sdk\mgmtcommon\TestFramework\TestFramework.Net45Tests\TestEnvironment\TestEnvTests.cs(120,10): error CS0246: The type or namespace name 'TheoryAttribute' could not be found (are you missing a using directive or an assembly reference?)
C:\gh\azure-sdk-for-net\sdk\mgmtcommon\TestFramework\TestFramework.Net45Tests\TestEnvironment\TestEnvTests.cs(120,10): error CS0246: The type or namespace name 'Theory' could not be found (are you missing a using directive or an assembly reference?)
C:\gh\azure-sdk-for-net\sdk\mgmtcommon\TestFramework\TestFramework.Net45Tests\TestEnvironment\TestEnvTests.cs(122,10): error CS0246: The type or namespace name 'InlineDataAttribute' could not be found (are you missing a using directive or an assembly reference?)
C:\gh\azure-sdk-for-net\sdk\mgmtcommon\TestFramework\TestFramework.Net45Tests\TestEnvironment\TestEnvTests.cs(122,10): error CS0246: The type or namespace name 'InlineData' could not be found (are you missing a using directive or an assembly reference?)
C:\gh\azure-sdk-for-net\sdk\mgmtcommon\TestFramework\TestFramework.Net45Tests\TestEnvironment\TestEnvTests.cs(120,17): error CS0246: The type or namespace name 'Skip' could not be found (are you missing a using directive or an assembly reference?)
C:\gh\azure-sdk-for-net\sdk\mgmtcommon\TestFramework\TestFramework.Net45Tests\TestEnvironment\TestEnvTests.cs(31,17): error CS0103: The name 'Assert' does not exist in the current context
C:\gh\azure-sdk-for-net\sdk\mgmtcommon\TestFramework\TestFramework.Net45Tests\TestEnvironment\TestEnvTests.cs(29,29): warning CS0168: The variable 'ex' is declared but never used
C:\gh\azure-sdk-for-net\sdk\mgmtcommon\TestFramework\TestFramework.Net45Tests\TestEnvironment\TestEnvTests.cs(47,13): error CS0103: The name 'Assert' does not exist in the current context
C:\gh\azure-sdk-for-net\sdk\mgmtcommon\TestFramework\TestFramework.Net45Tests\TestEnvironment\TestEnvTests.cs(48,13): error CS0103: The name 'Assert' does not exist in the current context
C:\gh\azure-sdk-for-net\sdk\mgmtcommon\TestFramework\TestFramework.Net45Tests\TestEnvironment\TestEnvTests.cs(74,13): error CS0103: The name 'Assert' does not exist in the current context
C:\gh\azure-sdk-for-net\sdk\mgmtcommon\TestFramework\TestFramework.Net45Tests\TestEnvironment\TestEnvTests.cs(75,13): error CS0103: The name 'Assert' does not exist in the current context
C:\gh\azure-sdk-for-net\sdk\mgmtcommon\TestFramework\TestFramework.Net45Tests\TestEnvironment\TestEnvTests.cs(100,13): error CS0103: The name 'Assert' does not exist in the current context
C:\gh\azure-sdk-for-net\sdk\mgmtcommon\TestFramework\TestFramework.Net45Tests\TestEnvironment\TestEnvTests.cs(116,13): error CS0103: The name 'Assert' does not exist in the current context
C:\gh\azure-sdk-for-net\sdk\mgmtcommon\TestFramework\TestFramework.Net45Tests\TestEnvironment\TestEnvTests.cs(134,13): error CS0103: The name 'Assert' does not exist in the current context
C:\gh\azure-sdk-for-net\artifacts\obj\TestFramework.Net45Tests\Debug\net452\.NETFramework,Version=v4.5.2.AssemblyAttributes.cs(2,1): hidden CS8019: Unnecessary using directive.
C:\gh\azure-sdk-for-net\artifacts\obj\TestFramework.Net45Tests\Debug\net452\TestFramework.Net45Tests.AssemblyInfo.cs(12,1): hidden CS8019: Unnecessary using directive.
C:\gh\azure-sdk-for-net\sdk\mgmtcommon\TestFramework\TestFramework.Net45Tests\Properties\AssemblyInfo.cs(1,1): hidden CS8019: Unnecessary using directive.
C:\gh\azure-sdk-for-net\sdk\mgmtcommon\TestFramework\TestFramework.Net45Tests\TestEnvironment\TestEnvTests.cs(8,5): hidden CS8019: Unnecessary using directive.
C:\gh\azure-sdk-for-net\artifacts\obj\TestFramework.Net45Tests\Debug\net452\.NETFramework,Version=v4.5.2.AssemblyAttributes.cs(3,1): hidden CS8019: Unnecessary using directive.
C:\gh\azure-sdk-for-net\sdk\mgmtcommon\TestFramework\TestFramework.Net45Tests\Properties\AssemblyInfo.cs(2,1): hidden CS8019: Unnecessary using directive.
C:\gh\azure-sdk-for-net\eng\mgmt\DisableTestRunParallel.cs(4,1): hidden CS8019: Unnecessary using directive.
C:\gh\azure-sdk-for-net\eng\mgmt\DisableTestRunParallel.cs(5,1): hidden CS8019: Unnecessary using directive.
C:\gh\azure-sdk-for-net\artifacts\obj\TestFramework.Net45Tests\Debug\net452\TestFramework.Net45Tests.AssemblyInfo.cs(11,1): hidden CS8019: Unnecessary using directive.
