C:\gh\azure-sdk-for-net\sdk\confidentialledger\Azure.Security.ConfidentialLedger\tests\ConfidentialLedgerClientLiveTests.cs(254,63): error CS0246: The type or namespace name 'Response' could not be found (are you missing a using directive or an assembly reference?)
C:\gh\azure-sdk-for-net\sdk\confidentialledger\Azure.Security.ConfidentialLedger\tests\ConfidentialLedgerClientLiveTests.cs(236,46): error CS0246: The type or namespace name 'Response' could not be found (are you missing a using directive or an assembly reference?)
C:\gh\azure-sdk-for-net\sdk\confidentialledger\Azure.Security.ConfidentialLedger\tests\ConfidentialLedgerClientLiveTests.cs(214,10): error CS0012: The type 'TestAttribute' is defined in an assembly that is not referenced. You must add a reference to assembly 'nunit.framework, Version=3.13.2.0, Culture=neutral, PublicKeyToken=2638cd05610744eb'.
C:\gh\azure-sdk-for-net\sdk\confidentialledger\Azure.Security.ConfidentialLedger\tests\ConfidentialLedgerClientLiveTests.cs(195,10): error CS0012: The type 'TestAttribute' is defined in an assembly that is not referenced. You must add a reference to assembly 'nunit.framework, Version=3.13.2.0, Culture=neutral, PublicKeyToken=2638cd05610744eb'.
C:\gh\azure-sdk-for-net\sdk\confidentialledger\Azure.Security.ConfidentialLedger\tests\ConfidentialLedgerClientLiveTests.cs(183,10): error CS0012: The type 'TestAttribute' is defined in an assembly that is not referenced. You must add a reference to assembly 'nunit.framework, Version=3.13.2.0, Culture=neutral, PublicKeyToken=2638cd05610744eb'.
C:\gh\azure-sdk-for-net\sdk\confidentialledger\Azure.Security.ConfidentialLedger\tests\ConfidentialLedgerClientLiveTests.cs(171,10): error CS0012: The type 'TestAttribute' is defined in an assembly that is not referenced. You must add a reference to assembly 'nunit.framework, Version=3.13.2.0, Culture=neutral, PublicKeyToken=2638cd05610744eb'.
C:\gh\azure-sdk-for-net\sdk\confidentialledger\Azure.Security.ConfidentialLedger\tests\ConfidentialLedgerClientLiveTests.cs(161,10): error CS0012: The type 'TestAttribute' is defined in an assembly that is not referenced. You must add a reference to assembly 'nunit.framework, Version=3.13.2.0, Culture=neutral, PublicKeyToken=2638cd05610744eb'.
C:\gh\azure-sdk-for-net\sdk\confidentialledger\Azure.Security.ConfidentialLedger\tests\ConfidentialLedgerClientLiveTests.cs(151,10): error CS0012: The type 'TestAttribute' is defined in an assembly that is not referenced. You must add a reference to assembly 'nunit.framework, Version=3.13.2.0, Culture=neutral, PublicKeyToken=2638cd05610744eb'.
C:\gh\azure-sdk-for-net\sdk\confidentialledger\Azure.Security.ConfidentialLedger\tests\ConfidentialLedgerClientLiveTests.cs(141,10): error CS0012: The type 'TestAttribute' is defined in an assembly that is not referenced. You must add a reference to assembly 'nunit.framework, Version=3.13.2.0, Culture=neutral, PublicKeyToken=2638cd05610744eb'.
C:\gh\azure-sdk-for-net\sdk\confidentialledger\Azure.Security.ConfidentialLedger\tests\ConfidentialLedgerClientLiveTests.cs(121,10): error CS0012: The type 'TestAttribute' is defined in an assembly that is not referenced. You must add a reference to assembly 'nunit.framework, Version=3.13.2.0, Culture=neutral, PublicKeyToken=2638cd05610744eb'.
C:\gh\azure-sdk-for-net\sdk\confidentialledger\Azure.Security.ConfidentialLedger\tests\ConfidentialLedgerClientLiveTests.cs(101,10): error CS0012: The type 'TestAttribute' is defined in an assembly that is not referenced. You must add a reference to assembly 'nunit.framework, Version=3.13.2.0, Culture=neutral, PublicKeyToken=2638cd05610744eb'.
C:\gh\azure-sdk-for-net\sdk\confidentialledger\Azure.Security.ConfidentialLedger\tests\ConfidentialLedgerClientLiveTests.cs(81,10): error CS0012: The type 'TestAttribute' is defined in an assembly that is not referenced. You must add a reference to assembly 'nunit.framework, Version=3.13.2.0, Culture=neutral, PublicKeyToken=2638cd05610744eb'.
C:\gh\azure-sdk-for-net\sdk\confidentialledger\Azure.Security.ConfidentialLedger\tests\ConfidentialLedgerClientLiveTests.cs(63,10): error CS0012: The type 'TestAttribute' is defined in an assembly that is not referenced. You must add a reference to assembly 'nunit.framework, Version=3.13.2.0, Culture=neutral, PublicKeyToken=2638cd05610744eb'.
C:\gh\azure-sdk-for-net\sdk\confidentialledger\Azure.Security.ConfidentialLedger\tests\ConfidentialLedgerClientLiveTests.cs(19,17): error CS0246: The type or namespace name 'TokenCredential' could not be found (are you missing a using directive or an assembly reference?)
C:\gh\azure-sdk-for-net\sdk\confidentialledger\Azure.Security.ConfidentialLedger\tests\ConfidentialLedgerClientLiveTests.cs(8,19): error CS0234: The type or namespace name 'Json' does not exist in the namespace 'System.Text' (are you missing an assembly reference?)
C:\gh\azure-sdk-for-net\sdk\confidentialledger\Azure.Security.ConfidentialLedger\tests\ConfidentialLedgerClientLiveTests.cs(13,7): error CS0246: The type or namespace name 'NUnit' could not be found (are you missing a using directive or an assembly reference?)
C:\gh\azure-sdk-for-net\sdk\confidentialledger\Azure.Security.ConfidentialLedger\tests\samples\HelloWorldSamples.cs(11,19): error CS0234: The type or namespace name 'Json' does not exist in the namespace 'System.Text' (are you missing an assembly reference?)
C:\gh\azure-sdk-for-net\sdk\confidentialledger\Azure.Security.ConfidentialLedger\tests\samples\HelloWorldSamples.cs(15,7): error CS0246: The type or namespace name 'NUnit' could not be found (are you missing a using directive or an assembly reference?)
C:\gh\azure-sdk-for-net\sdk\confidentialledger\Azure.Security.ConfidentialLedger\tests\samples\HelloWorldSamples.cs(21,10): error CS0246: The type or namespace name 'TestAttribute' could not be found (are you missing a using directive or an assembly reference?)
C:\gh\azure-sdk-for-net\sdk\confidentialledger\Azure.Security.ConfidentialLedger\tests\samples\HelloWorldSamples.cs(21,10): error CS0246: The type or namespace name 'Test' could not be found (are you missing a using directive or an assembly reference?)
C:\gh\azure-sdk-for-net\sdk\confidentialledger\Azure.Security.ConfidentialLedger\tests\ConfidentialLedgerClientLiveTests.cs(30,10): error CS0246: The type or namespace name 'SetUpAttribute' could not be found (are you missing a using directive or an assembly reference?)
C:\gh\azure-sdk-for-net\sdk\confidentialledger\Azure.Security.ConfidentialLedger\tests\ConfidentialLedgerClientLiveTests.cs(30,10): error CS0246: The type or namespace name 'SetUp' could not be found (are you missing a using directive or an assembly reference?)
C:\gh\azure-sdk-for-net\sdk\confidentialledger\Azure.Security.ConfidentialLedger\tests\ConfidentialLedgerClientLiveTests.cs(33,42): error CS0012: The type 'TokenCredential' is defined in an assembly that is not referenced. You must add a reference to assembly 'Azure.Core, Version=1.15.0.0, Culture=neutral, PublicKeyToken=92742159e12e44c8'.
C:\gh\azure-sdk-for-net\sdk\confidentialledger\Azure.Security.ConfidentialLedger\tests\ConfidentialLedgerClientLiveTests.cs(39,61): error CS0012: The type 'ClientOptions' is defined in an assembly that is not referenced. You must add a reference to assembly 'Azure.Core, Version=1.15.0.0, Culture=neutral, PublicKeyToken=92742159e12e44c8'.
C:\gh\azure-sdk-for-net\sdk\confidentialledger\Azure.Security.ConfidentialLedger\tests\ConfidentialLedgerClientLiveTests.cs(39,61): error CS0117: 'ConfidentialLedgerClientOptions' does not contain a definition for 'Transport'
C:\gh\azure-sdk-for-net\sdk\confidentialledger\Azure.Security.ConfidentialLedger\tests\ConfidentialLedgerClientLiveTests.cs(39,77): error CS0246: The type or namespace name 'HttpClientTransport' could not be found (are you missing a using directive or an assembly reference?)
C:\gh\azure-sdk-for-net\sdk\confidentialledger\Azure.Security.ConfidentialLedger\tests\ConfidentialLedgerClientLiveTests.cs(44,21): error CS0311: The type 'Azure.Security.ConfidentialLedger.ConfidentialLedgerClientOptions' cannot be used as type parameter 'T' in the generic type or method 'RecordedTestBase.InstrumentClientOptions<T>(T)'. There is no implicit reference conversion from 'Azure.Security.ConfidentialLedger.ConfidentialLedgerClientOptions' to 'Azure.Core.ClientOptions'.
C:\gh\azure-sdk-for-net\sdk\confidentialledger\Azure.Security.ConfidentialLedger\tests\ConfidentialLedgerClientLiveTests.cs(44,21): error CS0012: The type 'ClientOptions' is defined in an assembly that is not referenced. You must add a reference to assembly 'Azure.Core, Version=1.15.0.0, Culture=neutral, PublicKeyToken=92742159e12e44c8'.
C:\gh\azure-sdk-for-net\sdk\confidentialledger\Azure.Security.ConfidentialLedger\tests\ConfidentialLedgerClientLiveTests.cs(41,21): error CS0012: The type 'TokenCredential' is defined in an assembly that is not referenced. You must add a reference to assembly 'Azure.Core, Version=1.15.0.0, Culture=neutral, PublicKeyToken=92742159e12e44c8'.
C:\gh\azure-sdk-for-net\sdk\confidentialledger\Azure.Security.ConfidentialLedger\tests\ConfidentialLedgerClientLiveTests.cs(50,21): error CS0311: The type 'Azure.Security.ConfidentialLedger.ConfidentialLedgerClientOptions' cannot be used as type parameter 'T' in the generic type or method 'RecordedTestBase.InstrumentClientOptions<T>(T)'. There is no implicit reference conversion from 'Azure.Security.ConfidentialLedger.ConfidentialLedgerClientOptions' to 'Azure.Core.ClientOptions'.
C:\gh\azure-sdk-for-net\sdk\confidentialledger\Azure.Security.ConfidentialLedger\tests\ConfidentialLedgerClientLiveTests.cs(50,21): error CS0012: The type 'ClientOptions' is defined in an assembly that is not referenced. You must add a reference to assembly 'Azure.Core, Version=1.15.0.0, Culture=neutral, PublicKeyToken=92742159e12e44c8'.
C:\gh\azure-sdk-for-net\sdk\confidentialledger\Azure.Security.ConfidentialLedger\tests\ConfidentialLedgerClientLiveTests.cs(47,21): error CS0012: The type 'TokenCredential' is defined in an assembly that is not referenced. You must add a reference to assembly 'Azure.Core, Version=1.15.0.0, Culture=neutral, PublicKeyToken=92742159e12e44c8'.
C:\gh\azure-sdk-for-net\sdk\confidentialledger\Azure.Security.ConfidentialLedger\tests\ConfidentialLedgerClientLiveTests.cs(56,32): error CS0012: The type 'Response' is defined in an assembly that is not referenced. You must add a reference to assembly 'Azure.Core, Version=1.15.0.0, Culture=neutral, PublicKeyToken=92742159e12e44c8'.
C:\gh\azure-sdk-for-net\sdk\confidentialledger\Azure.Security.ConfidentialLedger\tests\ConfidentialLedgerClientLiveTests.cs(59,13): error CS0103: The name 'Assert' does not exist in the current context
C:\gh\azure-sdk-for-net\sdk\confidentialledger\Azure.Security.ConfidentialLedger\tests\ConfidentialLedgerClientLiveTests.cs(60,13): error CS0103: The name 'Assert' does not exist in the current context
C:\gh\azure-sdk-for-net\sdk\confidentialledger\Azure.Security.ConfidentialLedger\tests\ConfidentialLedgerClientLiveTests.cs(60,39): error CS0103: The name 'Does' does not exist in the current context
C:\gh\azure-sdk-for-net\sdk\confidentialledger\Azure.Security.ConfidentialLedger\tests\ConfidentialLedgerClientLiveTests.cs(68,32): error CS0012: The type 'Response' is defined in an assembly that is not referenced. You must add a reference to assembly 'Azure.Core, Version=1.15.0.0, Culture=neutral, PublicKeyToken=92742159e12e44c8'.
C:\gh\azure-sdk-for-net\sdk\confidentialledger\Azure.Security.ConfidentialLedger\tests\ConfidentialLedgerClientLiveTests.cs(75,32): error CS0012: The type 'Response' is defined in an assembly that is not referenced. You must add a reference to assembly 'Azure.Core, Version=1.15.0.0, Culture=neutral, PublicKeyToken=92742159e12e44c8'.
C:\gh\azure-sdk-for-net\sdk\confidentialledger\Azure.Security.ConfidentialLedger\tests\ConfidentialLedgerClientLiveTests.cs(75,76): error CS0012: The type 'Response' is defined in an assembly that is not referenced. You must add a reference to assembly 'Azure.Core, Version=1.15.0.0, Culture=neutral, PublicKeyToken=92742159e12e44c8'.
C:\gh\azure-sdk-for-net\sdk\confidentialledger\Azure.Security.ConfidentialLedger\tests\ConfidentialLedgerClientLiveTests.cs(75,32): error CS0012: The type 'Response' is defined in an assembly that is not referenced. You must add a reference to assembly 'Azure.Core, Version=1.15.0.0, Culture=neutral, PublicKeyToken=92742159e12e44c8'.
C:\gh\azure-sdk-for-net\sdk\confidentialledger\Azure.Security.ConfidentialLedger\tests\ConfidentialLedgerClientLiveTests.cs(76,17): error CS0103: The name 'Assert' does not exist in the current context
C:\gh\azure-sdk-for-net\sdk\confidentialledger\Azure.Security.ConfidentialLedger\tests\ConfidentialLedgerClientLiveTests.cs(86,32): error CS0012: The type 'Response' is defined in an assembly that is not referenced. You must add a reference to assembly 'Azure.Core, Version=1.15.0.0, Culture=neutral, PublicKeyToken=92742159e12e44c8'.
C:\gh\azure-sdk-for-net\sdk\confidentialledger\Azure.Security.ConfidentialLedger\tests\ConfidentialLedgerClientLiveTests.cs(91,32): error CS0012: The type 'Response' is defined in an assembly that is not referenced. You must add a reference to assembly 'Azure.Core, Version=1.15.0.0, Culture=neutral, PublicKeyToken=92742159e12e44c8'.
C:\gh\azure-sdk-for-net\sdk\confidentialledger\Azure.Security.ConfidentialLedger\tests\ConfidentialLedgerClientLiveTests.cs(91,63): error CS0012: The type 'Response' is defined in an assembly that is not referenced. You must add a reference to assembly 'Azure.Core, Version=1.15.0.0, Culture=neutral, PublicKeyToken=92742159e12e44c8'.
C:\gh\azure-sdk-for-net\sdk\confidentialledger\Azure.Security.ConfidentialLedger\tests\ConfidentialLedgerClientLiveTests.cs(91,32): error CS0012: The type 'Response' is defined in an assembly that is not referenced. You must add a reference to assembly 'Azure.Core, Version=1.15.0.0, Culture=neutral, PublicKeyToken=92742159e12e44c8'.
C:\gh\azure-sdk-for-net\sdk\confidentialledger\Azure.Security.ConfidentialLedger\tests\ConfidentialLedgerClientLiveTests.cs(95,28): error CS0012: The type 'Response' is defined in an assembly that is not referenced. You must add a reference to assembly 'Azure.Core, Version=1.15.0.0, Culture=neutral, PublicKeyToken=92742159e12e44c8'.
C:\gh\azure-sdk-for-net\sdk\confidentialledger\Azure.Security.ConfidentialLedger\tests\ConfidentialLedgerClientLiveTests.cs(95,70): error CS0012: The type 'Response' is defined in an assembly that is not referenced. You must add a reference to assembly 'Azure.Core, Version=1.15.0.0, Culture=neutral, PublicKeyToken=92742159e12e44c8'.
C:\gh\azure-sdk-for-net\sdk\confidentialledger\Azure.Security.ConfidentialLedger\tests\ConfidentialLedgerClientLiveTests.cs(95,28): error CS0012: The type 'Response' is defined in an assembly that is not referenced. You must add a reference to assembly 'Azure.Core, Version=1.15.0.0, Culture=neutral, PublicKeyToken=92742159e12e44c8'.
C:\gh\azure-sdk-for-net\sdk\confidentialledger\Azure.Security.ConfidentialLedger\tests\ConfidentialLedgerClientLiveTests.cs(97,13): error CS0103: The name 'Assert' does not exist in the current context
C:\gh\azure-sdk-for-net\sdk\confidentialledger\Azure.Security.ConfidentialLedger\tests\ConfidentialLedgerClientLiveTests.cs(98,13): error CS0103: The name 'Assert' does not exist in the current context
C:\gh\azure-sdk-for-net\sdk\confidentialledger\Azure.Security.ConfidentialLedger\tests\ConfidentialLedgerClientLiveTests.cs(98,39): error CS0103: The name 'Does' does not exist in the current context
C:\gh\azure-sdk-for-net\sdk\confidentialledger\Azure.Security.ConfidentialLedger\tests\ConfidentialLedgerClientLiveTests.cs(106,32): error CS0012: The type 'Response' is defined in an assembly that is not referenced. You must add a reference to assembly 'Azure.Core, Version=1.15.0.0, Culture=neutral, PublicKeyToken=92742159e12e44c8'.
C:\gh\azure-sdk-for-net\sdk\confidentialledger\Azure.Security.ConfidentialLedger\tests\ConfidentialLedgerClientLiveTests.cs(111,32): error CS0012: The type 'Response' is defined in an assembly that is not referenced. You must add a reference to assembly 'Azure.Core, Version=1.15.0.0, Culture=neutral, PublicKeyToken=92742159e12e44c8'.
C:\gh\azure-sdk-for-net\sdk\confidentialledger\Azure.Security.ConfidentialLedger\tests\ConfidentialLedgerClientLiveTests.cs(111,63): error CS0012: The type 'Response' is defined in an assembly that is not referenced. You must add a reference to assembly 'Azure.Core, Version=1.15.0.0, Culture=neutral, PublicKeyToken=92742159e12e44c8'.
C:\gh\azure-sdk-for-net\sdk\confidentialledger\Azure.Security.ConfidentialLedger\tests\ConfidentialLedgerClientLiveTests.cs(111,32): error CS0012: The type 'Response' is defined in an assembly that is not referenced. You must add a reference to assembly 'Azure.Core, Version=1.15.0.0, Culture=neutral, PublicKeyToken=92742159e12e44c8'.
C:\gh\azure-sdk-for-net\sdk\confidentialledger\Azure.Security.ConfidentialLedger\tests\ConfidentialLedgerClientLiveTests.cs(115,28): error CS0012: The type 'Response' is defined in an assembly that is not referenced. You must add a reference to assembly 'Azure.Core, Version=1.15.0.0, Culture=neutral, PublicKeyToken=92742159e12e44c8'.
C:\gh\azure-sdk-for-net\sdk\confidentialledger\Azure.Security.ConfidentialLedger\tests\ConfidentialLedgerClientLiveTests.cs(115,66): error CS0012: The type 'Response' is defined in an assembly that is not referenced. You must add a reference to assembly 'Azure.Core, Version=1.15.0.0, Culture=neutral, PublicKeyToken=92742159e12e44c8'.
C:\gh\azure-sdk-for-net\sdk\confidentialledger\Azure.Security.ConfidentialLedger\tests\ConfidentialLedgerClientLiveTests.cs(115,28): error CS0012: The type 'Response' is defined in an assembly that is not referenced. You must add a reference to assembly 'Azure.Core, Version=1.15.0.0, Culture=neutral, PublicKeyToken=92742159e12e44c8'.
C:\gh\azure-sdk-for-net\sdk\confidentialledger\Azure.Security.ConfidentialLedger\tests\ConfidentialLedgerClientLiveTests.cs(117,13): error CS0103: The name 'Assert' does not exist in the current context
C:\gh\azure-sdk-for-net\sdk\confidentialledger\Azure.Security.ConfidentialLedger\tests\ConfidentialLedgerClientLiveTests.cs(118,13): error CS0103: The name 'Assert' does not exist in the current context
C:\gh\azure-sdk-for-net\sdk\confidentialledger\Azure.Security.ConfidentialLedger\tests\ConfidentialLedgerClientLiveTests.cs(118,39): error CS0103: The name 'Does' does not exist in the current context
C:\gh\azure-sdk-for-net\sdk\confidentialledger\Azure.Security.ConfidentialLedger\tests\ConfidentialLedgerClientLiveTests.cs(126,32): error CS0012: The type 'Response' is defined in an assembly that is not referenced. You must add a reference to assembly 'Azure.Core, Version=1.15.0.0, Culture=neutral, PublicKeyToken=92742159e12e44c8'.
C:\gh\azure-sdk-for-net\sdk\confidentialledger\Azure.Security.ConfidentialLedger\tests\ConfidentialLedgerClientLiveTests.cs(131,32): error CS0012: The type 'Response' is defined in an assembly that is not referenced. You must add a reference to assembly 'Azure.Core, Version=1.15.0.0, Culture=neutral, PublicKeyToken=92742159e12e44c8'.
C:\gh\azure-sdk-for-net\sdk\confidentialledger\Azure.Security.ConfidentialLedger\tests\ConfidentialLedgerClientLiveTests.cs(131,63): error CS0012: The type 'Response' is defined in an assembly that is not referenced. You must add a reference to assembly 'Azure.Core, Version=1.15.0.0, Culture=neutral, PublicKeyToken=92742159e12e44c8'.
C:\gh\azure-sdk-for-net\sdk\confidentialledger\Azure.Security.ConfidentialLedger\tests\ConfidentialLedgerClientLiveTests.cs(131,32): error CS0012: The type 'Response' is defined in an assembly that is not referenced. You must add a reference to assembly 'Azure.Core, Version=1.15.0.0, Culture=neutral, PublicKeyToken=92742159e12e44c8'.
C:\gh\azure-sdk-for-net\sdk\confidentialledger\Azure.Security.ConfidentialLedger\tests\ConfidentialLedgerClientLiveTests.cs(135,28): error CS0012: The type 'Response' is defined in an assembly that is not referenced. You must add a reference to assembly 'Azure.Core, Version=1.15.0.0, Culture=neutral, PublicKeyToken=92742159e12e44c8'.
C:\gh\azure-sdk-for-net\sdk\confidentialledger\Azure.Security.ConfidentialLedger\tests\ConfidentialLedgerClientLiveTests.cs(135,76): error CS0012: The type 'Response' is defined in an assembly that is not referenced. You must add a reference to assembly 'Azure.Core, Version=1.15.0.0, Culture=neutral, PublicKeyToken=92742159e12e44c8'.
C:\gh\azure-sdk-for-net\sdk\confidentialledger\Azure.Security.ConfidentialLedger\tests\ConfidentialLedgerClientLiveTests.cs(135,28): error CS0012: The type 'Response' is defined in an assembly that is not referenced. You must add a reference to assembly 'Azure.Core, Version=1.15.0.0, Culture=neutral, PublicKeyToken=92742159e12e44c8'.
C:\gh\azure-sdk-for-net\sdk\confidentialledger\Azure.Security.ConfidentialLedger\tests\ConfidentialLedgerClientLiveTests.cs(137,13): error CS0103: The name 'Assert' does not exist in the current context
C:\gh\azure-sdk-for-net\sdk\confidentialledger\Azure.Security.ConfidentialLedger\tests\ConfidentialLedgerClientLiveTests.cs(138,13): error CS0103: The name 'Assert' does not exist in the current context
C:\gh\azure-sdk-for-net\sdk\confidentialledger\Azure.Security.ConfidentialLedger\tests\ConfidentialLedgerClientLiveTests.cs(138,39): error CS0103: The name 'Does' does not exist in the current context
C:\gh\azure-sdk-for-net\sdk\confidentialledger\Azure.Security.ConfidentialLedger\tests\ConfidentialLedgerClientLiveTests.cs(144,32): error CS0012: The type 'Response' is defined in an assembly that is not referenced. You must add a reference to assembly 'Azure.Core, Version=1.15.0.0, Culture=neutral, PublicKeyToken=92742159e12e44c8'.
C:\gh\azure-sdk-for-net\sdk\confidentialledger\Azure.Security.ConfidentialLedger\tests\ConfidentialLedgerClientLiveTests.cs(147,13): error CS0103: The name 'Assert' does not exist in the current context
C:\gh\azure-sdk-for-net\sdk\confidentialledger\Azure.Security.ConfidentialLedger\tests\ConfidentialLedgerClientLiveTests.cs(148,13): error CS0103: The name 'Assert' does not exist in the current context
C:\gh\azure-sdk-for-net\sdk\confidentialledger\Azure.Security.ConfidentialLedger\tests\ConfidentialLedgerClientLiveTests.cs(148,39): error CS0103: The name 'Does' does not exist in the current context
C:\gh\azure-sdk-for-net\sdk\confidentialledger\Azure.Security.ConfidentialLedger\tests\ConfidentialLedgerClientLiveTests.cs(154,32): error CS0012: The type 'Response' is defined in an assembly that is not referenced. You must add a reference to assembly 'Azure.Core, Version=1.15.0.0, Culture=neutral, PublicKeyToken=92742159e12e44c8'.
C:\gh\azure-sdk-for-net\sdk\confidentialledger\Azure.Security.ConfidentialLedger\tests\ConfidentialLedgerClientLiveTests.cs(157,13): error CS0103: The name 'Assert' does not exist in the current context
C:\gh\azure-sdk-for-net\sdk\confidentialledger\Azure.Security.ConfidentialLedger\tests\ConfidentialLedgerClientLiveTests.cs(158,13): error CS0103: The name 'Assert' does not exist in the current context
C:\gh\azure-sdk-for-net\sdk\confidentialledger\Azure.Security.ConfidentialLedger\tests\ConfidentialLedgerClientLiveTests.cs(158,39): error CS0103: The name 'Does' does not exist in the current context
C:\gh\azure-sdk-for-net\sdk\confidentialledger\Azure.Security.ConfidentialLedger\tests\ConfidentialLedgerClientLiveTests.cs(164,32): error CS0012: The type 'Response' is defined in an assembly that is not referenced. You must add a reference to assembly 'Azure.Core, Version=1.15.0.0, Culture=neutral, PublicKeyToken=92742159e12e44c8'.
C:\gh\azure-sdk-for-net\sdk\confidentialledger\Azure.Security.ConfidentialLedger\tests\ConfidentialLedgerClientLiveTests.cs(167,13): error CS0103: The name 'Assert' does not exist in the current context
C:\gh\azure-sdk-for-net\sdk\confidentialledger\Azure.Security.ConfidentialLedger\tests\ConfidentialLedgerClientLiveTests.cs(168,13): error CS0103: The name 'Assert' does not exist in the current context
C:\gh\azure-sdk-for-net\sdk\confidentialledger\Azure.Security.ConfidentialLedger\tests\ConfidentialLedgerClientLiveTests.cs(168,39): error CS0103: The name 'Does' does not exist in the current context
C:\gh\azure-sdk-for-net\sdk\confidentialledger\Azure.Security.ConfidentialLedger\tests\ConfidentialLedgerClientLiveTests.cs(175,17): error CS0103: The name 'RequestContent' does not exist in the current context
C:\gh\azure-sdk-for-net\sdk\confidentialledger\Azure.Security.ConfidentialLedger\tests\ConfidentialLedgerClientLiveTests.cs(174,32): error CS0012: The type 'Response' is defined in an assembly that is not referenced. You must add a reference to assembly 'Azure.Core, Version=1.15.0.0, Culture=neutral, PublicKeyToken=92742159e12e44c8'.
C:\gh\azure-sdk-for-net\sdk\confidentialledger\Azure.Security.ConfidentialLedger\tests\ConfidentialLedgerClientLiveTests.cs(179,13): error CS0103: The name 'Assert' does not exist in the current context
C:\gh\azure-sdk-for-net\sdk\confidentialledger\Azure.Security.ConfidentialLedger\tests\ConfidentialLedgerClientLiveTests.cs(180,13): error CS0103: The name 'Assert' does not exist in the current context
C:\gh\azure-sdk-for-net\sdk\confidentialledger\Azure.Security.ConfidentialLedger\tests\ConfidentialLedgerClientLiveTests.cs(180,39): error CS0103: The name 'Does' does not exist in the current context
C:\gh\azure-sdk-for-net\sdk\confidentialledger\Azure.Security.ConfidentialLedger\tests\ConfidentialLedgerClientLiveTests.cs(188,32): error CS0012: The type 'Response' is defined in an assembly that is not referenced. You must add a reference to assembly 'Azure.Core, Version=1.15.0.0, Culture=neutral, PublicKeyToken=92742159e12e44c8'.
C:\gh\azure-sdk-for-net\sdk\confidentialledger\Azure.Security.ConfidentialLedger\tests\ConfidentialLedgerClientLiveTests.cs(191,13): error CS0103: The name 'Assert' does not exist in the current context
C:\gh\azure-sdk-for-net\sdk\confidentialledger\Azure.Security.ConfidentialLedger\tests\ConfidentialLedgerClientLiveTests.cs(192,13): error CS0103: The name 'Assert' does not exist in the current context
C:\gh\azure-sdk-for-net\sdk\confidentialledger\Azure.Security.ConfidentialLedger\tests\ConfidentialLedgerClientLiveTests.cs(192,39): error CS0103: The name 'Does' does not exist in the current context
C:\gh\azure-sdk-for-net\sdk\confidentialledger\Azure.Security.ConfidentialLedger\tests\ConfidentialLedgerClientLiveTests.cs(201,17): error CS0103: The name 'RequestContent' does not exist in the current context
C:\gh\azure-sdk-for-net\sdk\confidentialledger\Azure.Security.ConfidentialLedger\tests\ConfidentialLedgerClientLiveTests.cs(199,32): error CS0012: The type 'Response' is defined in an assembly that is not referenced. You must add a reference to assembly 'Azure.Core, Version=1.15.0.0, Culture=neutral, PublicKeyToken=92742159e12e44c8'.
C:\gh\azure-sdk-for-net\sdk\confidentialledger\Azure.Security.ConfidentialLedger\tests\ConfidentialLedgerClientLiveTests.cs(204,13): error CS0103: The name 'Assert' does not exist in the current context
C:\gh\azure-sdk-for-net\sdk\confidentialledger\Azure.Security.ConfidentialLedger\tests\ConfidentialLedgerClientLiveTests.cs(205,13): error CS0103: The name 'Assert' does not exist in the current context
C:\gh\azure-sdk-for-net\sdk\confidentialledger\Azure.Security.ConfidentialLedger\tests\ConfidentialLedgerClientLiveTests.cs(205,39): error CS0103: The name 'Does' does not exist in the current context
C:\gh\azure-sdk-for-net\sdk\confidentialledger\Azure.Security.ConfidentialLedger\tests\ConfidentialLedgerClientLiveTests.cs(209,19): error CS0012: The type 'Response' is defined in an assembly that is not referenced. You must add a reference to assembly 'Azure.Core, Version=1.15.0.0, Culture=neutral, PublicKeyToken=92742159e12e44c8'.
C:\gh\azure-sdk-for-net\sdk\confidentialledger\Azure.Security.ConfidentialLedger\tests\ConfidentialLedgerClientLiveTests.cs(211,13): error CS0103: The name 'Assert' does not exist in the current context
C:\gh\azure-sdk-for-net\sdk\confidentialledger\Azure.Security.ConfidentialLedger\tests\ConfidentialLedgerClientLiveTests.cs(219,32): error CS0012: The type 'Response' is defined in an assembly that is not referenced. You must add a reference to assembly 'Azure.Core, Version=1.15.0.0, Culture=neutral, PublicKeyToken=92742159e12e44c8'.
C:\gh\azure-sdk-for-net\sdk\confidentialledger\Azure.Security.ConfidentialLedger\tests\ConfidentialLedgerClientLiveTests.cs(219,80): error CS0012: The type 'Response' is defined in an assembly that is not referenced. You must add a reference to assembly 'Azure.Core, Version=1.15.0.0, Culture=neutral, PublicKeyToken=92742159e12e44c8'.
C:\gh\azure-sdk-for-net\sdk\confidentialledger\Azure.Security.ConfidentialLedger\tests\ConfidentialLedgerClientLiveTests.cs(219,32): error CS0012: The type 'Response' is defined in an assembly that is not referenced. You must add a reference to assembly 'Azure.Core, Version=1.15.0.0, Culture=neutral, PublicKeyToken=92742159e12e44c8'.
C:\gh\azure-sdk-for-net\sdk\confidentialledger\Azure.Security.ConfidentialLedger\tests\ConfidentialLedgerClientLiveTests.cs(221,13): error CS0103: The name 'Assert' does not exist in the current context
C:\gh\azure-sdk-for-net\sdk\confidentialledger\Azure.Security.ConfidentialLedger\tests\ConfidentialLedgerClientLiveTests.cs(240,23): error CS0103: The name 'JsonDocument' does not exist in the current context
C:\gh\azure-sdk-for-net\sdk\confidentialledger\Azure.Security.ConfidentialLedger\tests\ConfidentialLedgerClientLiveTests.cs(243,26): error CS0246: The type or namespace name 'JsonElement' could not be found (are you missing a using directive or an assembly reference?)
C:\gh\azure-sdk-for-net\sdk\confidentialledger\Azure.Security.ConfidentialLedger\tests\ConfidentialLedgerClientLiveTests.cs(257,23): error CS0103: The name 'JsonDocument' does not exist in the current context
C:\gh\azure-sdk-for-net\sdk\confidentialledger\Azure.Security.ConfidentialLedger\tests\samples\HelloWorldSamples.cs(31,102): error CS0246: The type or namespace name 'Identity' could not be found (are you missing a using directive or an assembly reference?)
C:\gh\azure-sdk-for-net\sdk\confidentialledger\Azure.Security.ConfidentialLedger\tests\samples\HelloWorldSamples.cs(31,38): error CS0012: The type 'TokenCredential' is defined in an assembly that is not referenced. You must add a reference to assembly 'Azure.Core, Version=1.15.0.0, Culture=neutral, PublicKeyToken=92742159e12e44c8'.
C:\gh\azure-sdk-for-net\sdk\confidentialledger\Azure.Security.ConfidentialLedger\tests\samples\HelloWorldSamples.cs(40,13): error CS0246: The type or namespace name 'Response' could not be found (are you missing a using directive or an assembly reference?)
C:\gh\azure-sdk-for-net\sdk\confidentialledger\Azure.Security.ConfidentialLedger\tests\samples\HelloWorldSamples.cs(40,33): error CS0012: The type 'Response' is defined in an assembly that is not referenced. You must add a reference to assembly 'Azure.Core, Version=1.15.0.0, Culture=neutral, PublicKeyToken=92742159e12e44c8'.
C:\gh\azure-sdk-for-net\sdk\confidentialledger\Azure.Security.ConfidentialLedger\tests\samples\HelloWorldSamples.cs(43,26): error CS0103: The name 'JsonDocument' does not exist in the current context
C:\gh\azure-sdk-for-net\sdk\confidentialledger\Azure.Security.ConfidentialLedger\tests\samples\HelloWorldSamples.cs(80,65): error CS0012: The type 'ClientOptions' is defined in an assembly that is not referenced. You must add a reference to assembly 'Azure.Core, Version=1.15.0.0, Culture=neutral, PublicKeyToken=92742159e12e44c8'.
C:\gh\azure-sdk-for-net\sdk\confidentialledger\Azure.Security.ConfidentialLedger\tests\samples\HelloWorldSamples.cs(80,65): error CS0117: 'ConfidentialLedgerClientOptions' does not contain a definition for 'Transport'
C:\gh\azure-sdk-for-net\sdk\confidentialledger\Azure.Security.ConfidentialLedger\tests\samples\HelloWorldSamples.cs(80,81): error CS0246: The type or namespace name 'HttpClientTransport' could not be found (are you missing a using directive or an assembly reference?)
C:\gh\azure-sdk-for-net\sdk\confidentialledger\Azure.Security.ConfidentialLedger\tests\samples\HelloWorldSamples.cs(81,36): error CS0012: The type 'TokenCredential' is defined in an assembly that is not referenced. You must add a reference to assembly 'Azure.Core, Version=1.15.0.0, Culture=neutral, PublicKeyToken=92742159e12e44c8'.
C:\gh\azure-sdk-for-net\sdk\confidentialledger\Azure.Security.ConfidentialLedger\tests\samples\HelloWorldSamples.cs(87,13): error CS0246: The type or namespace name 'Response' could not be found (are you missing a using directive or an assembly reference?)
C:\gh\azure-sdk-for-net\sdk\confidentialledger\Azure.Security.ConfidentialLedger\tests\samples\HelloWorldSamples.cs(88,17): error CS0103: The name 'RequestContent' does not exist in the current context
C:\gh\azure-sdk-for-net\sdk\confidentialledger\Azure.Security.ConfidentialLedger\tests\samples\HelloWorldSamples.cs(87,37): error CS0012: The type 'Response' is defined in an assembly that is not referenced. You must add a reference to assembly 'Azure.Core, Version=1.15.0.0, Culture=neutral, PublicKeyToken=92742159e12e44c8'.
C:\gh\azure-sdk-for-net\sdk\confidentialledger\Azure.Security.ConfidentialLedger\tests\samples\HelloWorldSamples.cs(98,13): error CS0246: The type or namespace name 'Response' could not be found (are you missing a using directive or an assembly reference?)
C:\gh\azure-sdk-for-net\sdk\confidentialledger\Azure.Security.ConfidentialLedger\tests\samples\HelloWorldSamples.cs(98,39): error CS0012: The type 'Response' is defined in an assembly that is not referenced. You must add a reference to assembly 'Azure.Core, Version=1.15.0.0, Culture=neutral, PublicKeyToken=92742159e12e44c8'.
C:\gh\azure-sdk-for-net\sdk\confidentialledger\Azure.Security.ConfidentialLedger\tests\samples\HelloWorldSamples.cs(100,29): error CS0103: The name 'JsonDocument' does not exist in the current context
C:\gh\azure-sdk-for-net\sdk\confidentialledger\Azure.Security.ConfidentialLedger\tests\samples\HelloWorldSamples.cs(111,13): error CS0246: The type or namespace name 'Response' could not be found (are you missing a using directive or an assembly reference?)
C:\gh\azure-sdk-for-net\sdk\confidentialledger\Azure.Security.ConfidentialLedger\tests\samples\HelloWorldSamples.cs(111,40): error CS0012: The type 'Response' is defined in an assembly that is not referenced. You must add a reference to assembly 'Azure.Core, Version=1.15.0.0, Culture=neutral, PublicKeyToken=92742159e12e44c8'.
C:\gh\azure-sdk-for-net\sdk\confidentialledger\Azure.Security.ConfidentialLedger\tests\samples\HelloWorldSamples.cs(121,17): error CS0103: The name 'RequestContent' does not exist in the current context
C:\gh\azure-sdk-for-net\sdk\confidentialledger\Azure.Security.ConfidentialLedger\tests\samples\HelloWorldSamples.cs(120,13): error CS0012: The type 'Response' is defined in an assembly that is not referenced. You must add a reference to assembly 'Azure.Core, Version=1.15.0.0, Culture=neutral, PublicKeyToken=92742159e12e44c8'.
C:\gh\azure-sdk-for-net\sdk\confidentialledger\Azure.Security.ConfidentialLedger\tests\samples\HelloWorldSamples.cs(125,17): error CS0103: The name 'RequestContent' does not exist in the current context
C:\gh\azure-sdk-for-net\sdk\confidentialledger\Azure.Security.ConfidentialLedger\tests\samples\HelloWorldSamples.cs(124,13): error CS0012: The type 'Response' is defined in an assembly that is not referenced. You must add a reference to assembly 'Azure.Core, Version=1.15.0.0, Culture=neutral, PublicKeyToken=92742159e12e44c8'.
C:\gh\azure-sdk-for-net\sdk\confidentialledger\Azure.Security.ConfidentialLedger\tests\samples\HelloWorldSamples.cs(137,17): error CS0103: The name 'RequestContent' does not exist in the current context
C:\gh\azure-sdk-for-net\sdk\confidentialledger\Azure.Security.ConfidentialLedger\tests\samples\HelloWorldSamples.cs(135,28): error CS0012: The type 'Response' is defined in an assembly that is not referenced. You must add a reference to assembly 'Azure.Core, Version=1.15.0.0, Culture=neutral, PublicKeyToken=92742159e12e44c8'.
C:\gh\azure-sdk-for-net\sdk\confidentialledger\Azure.Security.ConfidentialLedger\tests\samples\HelloWorldSamples.cs(144,34): error CS0103: The name 'JsonDocument' does not exist in the current context
C:\gh\azure-sdk-for-net\sdk\confidentialledger\Azure.Security.ConfidentialLedger\tests\samples\HelloWorldSamples.cs(150,13): error CS0246: The type or namespace name 'Response' could not be found (are you missing a using directive or an assembly reference?)
C:\gh\azure-sdk-for-net\sdk\confidentialledger\Azure.Security.ConfidentialLedger\tests\samples\HelloWorldSamples.cs(150,47): error CS0012: The type 'Response' is defined in an assembly that is not referenced. You must add a reference to assembly 'Azure.Core, Version=1.15.0.0, Culture=neutral, PublicKeyToken=92742159e12e44c8'.
C:\gh\azure-sdk-for-net\sdk\confidentialledger\Azure.Security.ConfidentialLedger\tests\samples\HelloWorldSamples.cs(152,31): error CS0103: The name 'JsonDocument' does not exist in the current context
C:\gh\azure-sdk-for-net\sdk\confidentialledger\Azure.Security.ConfidentialLedger\tests\samples\HelloWorldSamples.cs(160,38): error CS0012: The type 'Response' is defined in an assembly that is not referenced. You must add a reference to assembly 'Azure.Core, Version=1.15.0.0, Culture=neutral, PublicKeyToken=92742159e12e44c8'.
C:\gh\azure-sdk-for-net\sdk\confidentialledger\Azure.Security.ConfidentialLedger\tests\samples\HelloWorldSamples.cs(162,35): error CS0103: The name 'JsonDocument' does not exist in the current context
C:\gh\azure-sdk-for-net\sdk\confidentialledger\Azure.Security.ConfidentialLedger\tests\samples\HelloWorldSamples.cs(173,13): error CS0246: The type or namespace name 'Response' could not be found (are you missing a using directive or an assembly reference?)
C:\gh\azure-sdk-for-net\sdk\confidentialledger\Azure.Security.ConfidentialLedger\tests\samples\HelloWorldSamples.cs(174,17): error CS0103: The name 'RequestContent' does not exist in the current context
C:\gh\azure-sdk-for-net\sdk\confidentialledger\Azure.Security.ConfidentialLedger\tests\samples\HelloWorldSamples.cs(173,42): error CS0012: The type 'Response' is defined in an assembly that is not referenced. You must add a reference to assembly 'Azure.Core, Version=1.15.0.0, Culture=neutral, PublicKeyToken=92742159e12e44c8'.
C:\gh\azure-sdk-for-net\sdk\confidentialledger\Azure.Security.ConfidentialLedger\tests\samples\HelloWorldSamples.cs(176,17): error CS0103: The name 'RequestContent' does not exist in the current context
C:\gh\azure-sdk-for-net\sdk\confidentialledger\Azure.Security.ConfidentialLedger\tests\samples\HelloWorldSamples.cs(175,13): error CS0012: The type 'Response' is defined in an assembly that is not referenced. You must add a reference to assembly 'Azure.Core, Version=1.15.0.0, Culture=neutral, PublicKeyToken=92742159e12e44c8'.
C:\gh\azure-sdk-for-net\sdk\confidentialledger\Azure.Security.ConfidentialLedger\tests\samples\HelloWorldSamples.cs(177,13): error CS0246: The type or namespace name 'Response' could not be found (are you missing a using directive or an assembly reference?)
C:\gh\azure-sdk-for-net\sdk\confidentialledger\Azure.Security.ConfidentialLedger\tests\samples\HelloWorldSamples.cs(178,17): error CS0103: The name 'RequestContent' does not exist in the current context
C:\gh\azure-sdk-for-net\sdk\confidentialledger\Azure.Security.ConfidentialLedger\tests\samples\HelloWorldSamples.cs(177,46): error CS0012: The type 'Response' is defined in an assembly that is not referenced. You must add a reference to assembly 'Azure.Core, Version=1.15.0.0, Culture=neutral, PublicKeyToken=92742159e12e44c8'.
C:\gh\azure-sdk-for-net\sdk\confidentialledger\Azure.Security.ConfidentialLedger\tests\samples\HelloWorldSamples.cs(181,17): error CS0103: The name 'RequestContent' does not exist in the current context
C:\gh\azure-sdk-for-net\sdk\confidentialledger\Azure.Security.ConfidentialLedger\tests\samples\HelloWorldSamples.cs(180,13): error CS0012: The type 'Response' is defined in an assembly that is not referenced. You must add a reference to assembly 'Azure.Core, Version=1.15.0.0, Culture=neutral, PublicKeyToken=92742159e12e44c8'.
C:\gh\azure-sdk-for-net\sdk\confidentialledger\Azure.Security.ConfidentialLedger\tests\samples\HelloWorldSamples.cs(191,13): error CS0246: The type or namespace name 'Response' could not be found (are you missing a using directive or an assembly reference?)
C:\gh\azure-sdk-for-net\sdk\confidentialledger\Azure.Security.ConfidentialLedger\tests\samples\HelloWorldSamples.cs(191,36): error CS0012: The type 'Response' is defined in an assembly that is not referenced. You must add a reference to assembly 'Azure.Core, Version=1.15.0.0, Culture=neutral, PublicKeyToken=92742159e12e44c8'.
C:\gh\azure-sdk-for-net\sdk\confidentialledger\Azure.Security.ConfidentialLedger\tests\samples\HelloWorldSamples.cs(192,41): error CS0103: The name 'JsonDocument' does not exist in the current context
C:\gh\azure-sdk-for-net\sdk\confidentialledger\Azure.Security.ConfidentialLedger\tests\samples\HelloWorldSamples.cs(200,27): error CS0012: The type 'Response' is defined in an assembly that is not referenced. You must add a reference to assembly 'Azure.Core, Version=1.15.0.0, Culture=neutral, PublicKeyToken=92742159e12e44c8'.
C:\gh\azure-sdk-for-net\sdk\confidentialledger\Azure.Security.ConfidentialLedger\tests\samples\HelloWorldSamples.cs(201,45): error CS0103: The name 'JsonDocument' does not exist in the current context
C:\gh\azure-sdk-for-net\sdk\confidentialledger\Azure.Security.ConfidentialLedger\tests\samples\HelloWorldSamples.cs(210,27): error CS0012: The type 'Response' is defined in an assembly that is not referenced. You must add a reference to assembly 'Azure.Core, Version=1.15.0.0, Culture=neutral, PublicKeyToken=92742159e12e44c8'.
C:\gh\azure-sdk-for-net\sdk\confidentialledger\Azure.Security.ConfidentialLedger\tests\samples\HelloWorldSamples.cs(211,37): error CS0103: The name 'JsonDocument' does not exist in the current context
C:\gh\azure-sdk-for-net\sdk\confidentialledger\Azure.Security.ConfidentialLedger\tests\samples\HelloWorldSamples.cs(219,27): error CS0012: The type 'Response' is defined in an assembly that is not referenced. You must add a reference to assembly 'Azure.Core, Version=1.15.0.0, Culture=neutral, PublicKeyToken=92742159e12e44c8'.
C:\gh\azure-sdk-for-net\sdk\confidentialledger\Azure.Security.ConfidentialLedger\tests\samples\HelloWorldSamples.cs(220,38): error CS0103: The name 'JsonDocument' does not exist in the current context
C:\gh\azure-sdk-for-net\sdk\confidentialledger\Azure.Security.ConfidentialLedger\tests\samples\HelloWorldSamples.cs(231,13): error CS0012: The type 'Response' is defined in an assembly that is not referenced. You must add a reference to assembly 'Azure.Core, Version=1.15.0.0, Culture=neutral, PublicKeyToken=92742159e12e44c8'.
C:\gh\azure-sdk-for-net\sdk\confidentialledger\Azure.Security.ConfidentialLedger\tests\samples\HelloWorldSamples.cs(240,17): error CS0103: The name 'RequestContent' does not exist in the current context
C:\gh\azure-sdk-for-net\sdk\confidentialledger\Azure.Security.ConfidentialLedger\tests\samples\HelloWorldSamples.cs(238,13): error CS0012: The type 'Response' is defined in an assembly that is not referenced. You must add a reference to assembly 'Azure.Core, Version=1.15.0.0, Culture=neutral, PublicKeyToken=92742159e12e44c8'.
C:\gh\azure-sdk-for-net\sdk\confidentialledger\Azure.Security.ConfidentialLedger\tests\samples\HelloWorldSamples.cs(246,13): error CS0246: The type or namespace name 'Response' could not be found (are you missing a using directive or an assembly reference?)
C:\gh\azure-sdk-for-net\sdk\confidentialledger\Azure.Security.ConfidentialLedger\tests\samples\HelloWorldSamples.cs(246,43): error CS0012: The type 'Response' is defined in an assembly that is not referenced. You must add a reference to assembly 'Azure.Core, Version=1.15.0.0, Culture=neutral, PublicKeyToken=92742159e12e44c8'.
C:\gh\azure-sdk-for-net\sdk\confidentialledger\Azure.Security.ConfidentialLedger\tests\samples\HelloWorldSamples.cs(254,13): error CS0246: The type or namespace name 'Response' could not be found (are you missing a using directive or an assembly reference?)
C:\gh\azure-sdk-for-net\sdk\confidentialledger\Azure.Security.ConfidentialLedger\tests\samples\HelloWorldSamples.cs(254,45): error CS0012: The type 'Response' is defined in an assembly that is not referenced. You must add a reference to assembly 'Azure.Core, Version=1.15.0.0, Culture=neutral, PublicKeyToken=92742159e12e44c8'.
C:\gh\azure-sdk-for-net\sdk\confidentialledger\Azure.Security.ConfidentialLedger\tests\samples\HelloWorldSamples.cs(260,13): error CS0246: The type or namespace name 'Response' could not be found (are you missing a using directive or an assembly reference?)
C:\gh\azure-sdk-for-net\sdk\confidentialledger\Azure.Security.ConfidentialLedger\tests\samples\HelloWorldSamples.cs(260,41): error CS0012: The type 'Response' is defined in an assembly that is not referenced. You must add a reference to assembly 'Azure.Core, Version=1.15.0.0, Culture=neutral, PublicKeyToken=92742159e12e44c8'.
C:\gh\azure-sdk-for-net\artifacts\obj\Azure.Security.ConfidentialLedger.Tests\Debug\net461\Azure.Security.ConfidentialLedger.Tests.AssemblyInfo.cs(11,1): hidden CS8019: Unnecessary using directive.
C:\gh\azure-sdk-for-net\artifacts\obj\Azure.Security.ConfidentialLedger.Tests\Debug\net461\.NETFramework,Version=v4.6.1.AssemblyAttributes.cs(2,1): hidden CS8019: Unnecessary using directive.
C:\gh\azure-sdk-for-net\sdk\confidentialledger\Azure.Security.ConfidentialLedger\tests\ConfidentialLedgerClientLiveTests.cs(10,1): hidden CS8019: Unnecessary using directive.
C:\gh\azure-sdk-for-net\artifacts\obj\Azure.Security.ConfidentialLedger.Tests\Debug\net461\Azure.Security.ConfidentialLedger.Tests.AssemblyInfo.cs(12,1): hidden CS8019: Unnecessary using directive.
C:\gh\azure-sdk-for-net\sdk\confidentialledger\Azure.Security.ConfidentialLedger\tests\ConfidentialLedgerClientLiveTests.cs(8,1): hidden CS8019: Unnecessary using directive.
C:\gh\azure-sdk-for-net\artifacts\obj\Azure.Security.ConfidentialLedger.Tests\Debug\net461\.NETFramework,Version=v4.6.1.AssemblyAttributes.cs(3,1): hidden CS8019: Unnecessary using directive.
C:\gh\azure-sdk-for-net\sdk\confidentialledger\Azure.Security.ConfidentialLedger\tests\samples\HelloWorldSamples.cs(11,1): hidden CS8019: Unnecessary using directive.
C:\gh\azure-sdk-for-net\sdk\confidentialledger\Azure.Security.ConfidentialLedger\tests\samples\HelloWorldSamples.cs(15,1): hidden CS8019: Unnecessary using directive.
C:\gh\azure-sdk-for-net\sdk\confidentialledger\Azure.Security.ConfidentialLedger\tests\samples\HelloWorldSamples.cs(13,1): hidden CS8019: Unnecessary using directive.
C:\gh\azure-sdk-for-net\sdk\confidentialledger\Azure.Security.ConfidentialLedger\tests\ConfidentialLedgerClientLiveTests.cs(11,1): hidden CS8019: Unnecessary using directive.
C:\gh\azure-sdk-for-net\sdk\confidentialledger\Azure.Security.ConfidentialLedger\tests\ConfidentialLedgerClientLiveTests.cs(13,1): hidden CS8019: Unnecessary using directive.
