C:\gh\azure-sdk-for-net\sdk\subscription\Microsoft.Azure.Management.Subscription\tests\FullDesktop\SubscriptionCreationTests.ScenarioTests.cs(38,50): error CS0246: The type or namespace name 'TestBase' could not be found (are you missing a using directive or an assembly reference?)
C:\gh\azure-sdk-for-net\sdk\subscription\Microsoft.Azure.Management.Subscription\tests\FullDesktop\SubscriptionCreationTests.ScenarioTests.cs(40,57): error CS0246: The type or namespace name 'MockContext' could not be found (are you missing a using directive or an assembly reference?)
C:\gh\azure-sdk-for-net\sdk\subscription\Microsoft.Azure.Management.Subscription\tests\FullDesktop\SpecTestSupport.Subscription\SubscriptionTestUtilities.cs(16,80): error CS0246: The type or namespace name 'TestBase' could not be found (are you missing a using directive or an assembly reference?)
C:\gh\azure-sdk-for-net\sdk\subscription\Microsoft.Azure.Management.Subscription\tests\FullDesktop\SpecTestSupport.Subscription\SubscriptionTestUtilities.cs(16,99): error CS0246: The type or namespace name 'MockContext' could not be found (are you missing a using directive or an assembly reference?)
C:\gh\azure-sdk-for-net\eng\mgmt\DisableTestRunParallel.cs(7,12): error CS0246: The type or namespace name 'CollectionBehaviorAttribute' could not be found (are you missing a using directive or an assembly reference?)
C:\gh\azure-sdk-for-net\eng\mgmt\DisableTestRunParallel.cs(7,12): error CS0246: The type or namespace name 'CollectionBehavior' could not be found (are you missing a using directive or an assembly reference?)
C:\gh\azure-sdk-for-net\eng\mgmt\DisableTestRunParallel.cs(7,31): error CS0246: The type or namespace name 'DisableTestParallelization' could not be found (are you missing a using directive or an assembly reference?)
C:\gh\azure-sdk-for-net\eng\mgmt\DisableTestRunParallel.cs(7,66): error CS0246: The type or namespace name 'MaxParallelThreads' could not be found (are you missing a using directive or an assembly reference?)
C:\gh\azure-sdk-for-net\sdk\subscription\Microsoft.Azure.Management.Subscription\tests\FullDesktop\SpecTestSupport.Subscription\SubscriptionTestUtilities.cs(5,17): error CS0234: The type or namespace name 'Rest' does not exist in the namespace 'Microsoft' (are you missing an assembly reference?)
C:\gh\azure-sdk-for-net\sdk\subscription\Microsoft.Azure.Management.Subscription\tests\FullDesktop\SubscriptionCreationTests.ScenarioTests.cs(8,23): error CS0234: The type or namespace name 'Test' does not exist in the namespace 'Microsoft.Azure' (are you missing an assembly reference?)
C:\gh\azure-sdk-for-net\sdk\subscription\Microsoft.Azure.Management.Subscription\tests\FullDesktop\SubscriptionCreationTests.ScenarioTests.cs(9,17): error CS0234: The type or namespace name 'Rest' does not exist in the namespace 'Microsoft' (are you missing an assembly reference?)
C:\gh\azure-sdk-for-net\sdk\subscription\Microsoft.Azure.Management.Subscription\tests\FullDesktop\SubscriptionCreationTests.ScenarioTests.cs(10,17): error CS0234: The type or namespace name 'Rest' does not exist in the namespace 'Microsoft' (are you missing an assembly reference?)
C:\gh\azure-sdk-for-net\sdk\subscription\Microsoft.Azure.Management.Subscription\tests\FullDesktop\SubscriptionCreationTests.ScenarioTests.cs(11,7): error CS0246: The type or namespace name 'Newtonsoft' could not be found (are you missing a using directive or an assembly reference?)
C:\gh\azure-sdk-for-net\sdk\subscription\Microsoft.Azure.Management.Subscription\tests\FullDesktop\SubscriptionCreationTests.ScenarioTests.cs(17,7): error CS0246: The type or namespace name 'Xunit' could not be found (are you missing a using directive or an assembly reference?)
C:\gh\azure-sdk-for-net\eng\mgmt\DisableTestRunParallel.cs(5,7): error CS0246: The type or namespace name 'Xunit' could not be found (are you missing a using directive or an assembly reference?)
C:\gh\azure-sdk-for-net\sdk\subscription\Microsoft.Azure.Management.Subscription\tests\FullDesktop\SubscriptionCreationTests.ScenarioTests.cs(52,10): error CS0246: The type or namespace name 'FactAttribute' could not be found (are you missing a using directive or an assembly reference?)
C:\gh\azure-sdk-for-net\sdk\subscription\Microsoft.Azure.Management.Subscription\tests\FullDesktop\SubscriptionCreationTests.ScenarioTests.cs(52,10): error CS0246: The type or namespace name 'Fact' could not be found (are you missing a using directive or an assembly reference?)
C:\gh\azure-sdk-for-net\sdk\subscription\Microsoft.Azure.Management.Subscription\tests\FullDesktop\SubscriptionCreationTests.ScenarioTests.cs(44,17): error CS0103: The name 'HttpMockServer' does not exist in the current context
C:\gh\azure-sdk-for-net\sdk\subscription\Microsoft.Azure.Management.Subscription\tests\FullDesktop\SubscriptionCreationTests.ScenarioTests.cs(44,40): error CS0103: The name 'HttpRecorderMode' does not exist in the current context
C:\gh\azure-sdk-for-net\sdk\subscription\Microsoft.Azure.Management.Subscription\tests\FullDesktop\SubscriptionCreationTests.ScenarioTests.cs(60,13): error CS0103: The name 'HttpMockServer' does not exist in the current context
C:\gh\azure-sdk-for-net\sdk\subscription\Microsoft.Azure.Management.Subscription\tests\FullDesktop\SubscriptionCreationTests.ScenarioTests.cs(63,20): error CS0246: The type or namespace name 'MockContext' could not be found (are you missing a using directive or an assembly reference?)
C:\gh\azure-sdk-for-net\sdk\subscription\Microsoft.Azure.Management.Subscription\tests\FullDesktop\SubscriptionCreationTests.ScenarioTests.cs(63,42): error CS0103: The name 'MockContext' does not exist in the current context
C:\gh\azure-sdk-for-net\sdk\subscription\Microsoft.Azure.Management.Subscription\tests\FullDesktop\SubscriptionCreationTests.ScenarioTests.cs(77,43): error CS0246: The type or namespace name 'RetryPolicy<>' could not be found (are you missing a using directive or an assembly reference?)
C:\gh\azure-sdk-for-net\sdk\subscription\Microsoft.Azure.Management.Subscription\tests\FullDesktop\SubscriptionCreationTests.ScenarioTests.cs(77,55): error CS0246: The type or namespace name 'HttpStatusCodeErrorDetectionStrategy' could not be found (are you missing a using directive or an assembly reference?)
C:\gh\azure-sdk-for-net\sdk\subscription\Microsoft.Azure.Management.Subscription\tests\FullDesktop\SubscriptionCreationTests.ScenarioTests.cs(77,24): error CS1061: 'SubscriptionClient' does not contain a definition for 'SetRetryPolicy' and no accessible extension method 'SetRetryPolicy' accepting a first argument of type 'SubscriptionClient' could be found (are you missing a using directive or an assembly reference?)
C:\gh\azure-sdk-for-net\sdk\subscription\Microsoft.Azure.Management.Subscription\tests\FullDesktop\SubscriptionCreationTests.ScenarioTests.cs(81,17): error CS0103: The name 'Assert' does not exist in the current context
C:\gh\azure-sdk-for-net\sdk\subscription\Microsoft.Azure.Management.Subscription\tests\FullDesktop\SubscriptionCreationTests.ScenarioTests.cs(82,17): error CS0103: The name 'Assert' does not exist in the current context
C:\gh\azure-sdk-for-net\sdk\subscription\Microsoft.Azure.Management.Subscription\tests\FullDesktop\SubscriptionCreationTests.ScenarioTests.cs(83,17): error CS0103: The name 'Assert' does not exist in the current context
C:\gh\azure-sdk-for-net\sdk\subscription\Microsoft.Azure.Management.Subscription\tests\FullDesktop\SubscriptionCreationTests.ScenarioTests.cs(10,1): hidden CS8019: Unnecessary using directive.
C:\gh\azure-sdk-for-net\sdk\subscription\Microsoft.Azure.Management.Subscription\tests\FullDesktop\SubscriptionCreationTests.ScenarioTests.cs(9,1): hidden CS8019: Unnecessary using directive.
C:\gh\azure-sdk-for-net\sdk\subscription\Microsoft.Azure.Management.Subscription\tests\FullDesktop\SpecTestSupport.Subscription\SubscriptionTestUtilities.cs(5,1): hidden CS8019: Unnecessary using directive.
C:\gh\azure-sdk-for-net\sdk\subscription\Microsoft.Azure.Management.Subscription\tests\FullDesktop\Properties\AssemblyInfo.cs(2,1): hidden CS8019: Unnecessary using directive.
C:\gh\azure-sdk-for-net\eng\mgmt\DisableTestRunParallel.cs(5,1): hidden CS8019: Unnecessary using directive.
C:\gh\azure-sdk-for-net\eng\mgmt\DisableTestRunParallel.cs(4,1): hidden CS8019: Unnecessary using directive.
C:\gh\azure-sdk-for-net\artifacts\obj\Microsoft.Azure.Management.Subscription.FullDesktop.Tests\Debug\net452\.NETFramework,Version=v4.5.2.AssemblyAttributes.cs(2,1): hidden CS8019: Unnecessary using directive.
C:\gh\azure-sdk-for-net\artifacts\obj\Microsoft.Azure.Management.Subscription.FullDesktop.Tests\Debug\net452\Microsoft.Azure.Management.Subscription.FullDesktop.Tests.AssemblyInfo.cs(11,1): hidden CS8019: Unnecessary using directive.
C:\gh\azure-sdk-for-net\artifacts\obj\Microsoft.Azure.Management.Subscription.FullDesktop.Tests\Debug\net452\.NETFramework,Version=v4.5.2.AssemblyAttributes.cs(3,1): hidden CS8019: Unnecessary using directive.
C:\gh\azure-sdk-for-net\sdk\subscription\Microsoft.Azure.Management.Subscription\tests\FullDesktop\SubscriptionCreationTests.ScenarioTests.cs(11,1): hidden CS8019: Unnecessary using directive.
C:\gh\azure-sdk-for-net\sdk\subscription\Microsoft.Azure.Management.Subscription\tests\FullDesktop\SubscriptionCreationTests.ScenarioTests.cs(8,1): hidden CS8019: Unnecessary using directive.
C:\gh\azure-sdk-for-net\sdk\subscription\Microsoft.Azure.Management.Subscription\tests\FullDesktop\SubscriptionCreationTests.ScenarioTests.cs(17,1): hidden CS8019: Unnecessary using directive.
C:\gh\azure-sdk-for-net\artifacts\obj\Microsoft.Azure.Management.Subscription.FullDesktop.Tests\Debug\net452\Microsoft.Azure.Management.Subscription.FullDesktop.Tests.AssemblyInfo.cs(12,1): hidden CS8019: Unnecessary using directive.
