C:\gh\azure-sdk-for-net\sdk\monitor\Microsoft.OpenTelemetry.Exporter.AzureMonitor\tests\Microsoft.OpenTelemetry.Exporter.AzureMonitor.Integration.Tests.AspNetCoreWebApp\Controllers\HomeController.cs(16,35): error CS0246: The type or namespace name 'ControllerBase' could not be found (are you missing a using directive or an assembly reference?)
C:\gh\azure-sdk-for-net\sdk\monitor\Microsoft.OpenTelemetry.Exporter.AzureMonitor\tests\Microsoft.OpenTelemetry.Exporter.AzureMonitor.Integration.Tests.AspNetCoreWebApp\Controllers\HomeController.cs(34,16): error CS0246: The type or namespace name 'ActionResult' could not be found (are you missing a using directive or an assembly reference?)
C:\gh\azure-sdk-for-net\sdk\monitor\Microsoft.OpenTelemetry.Exporter.AzureMonitor\tests\Microsoft.OpenTelemetry.Exporter.AzureMonitor.Integration.Tests.AspNetCoreWebApp\Startup.cs(36,31): error CS0246: The type or namespace name 'IApplicationBuilder' could not be found (are you missing a using directive or an assembly reference?)
C:\gh\azure-sdk-for-net\sdk\monitor\Microsoft.OpenTelemetry.Exporter.AzureMonitor\tests\Microsoft.OpenTelemetry.Exporter.AzureMonitor.Integration.Tests.AspNetCoreWebApp\Startup.cs(36,56): error CS0246: The type or namespace name 'IHostingEnvironment' could not be found (are you missing a using directive or an assembly reference?)
C:\gh\azure-sdk-for-net\sdk\monitor\Microsoft.OpenTelemetry.Exporter.AzureMonitor\tests\Microsoft.OpenTelemetry.Exporter.AzureMonitor.Integration.Tests.AspNetCoreWebApp\Program.cs(13,23): error CS0246: The type or namespace name 'IWebHostBuilder' could not be found (are you missing a using directive or an assembly reference?)
C:\gh\azure-sdk-for-net\sdk\monitor\Microsoft.OpenTelemetry.Exporter.AzureMonitor\tests\Microsoft.OpenTelemetry.Exporter.AzureMonitor.Integration.Tests.AspNetCoreWebApp\Startup.cs(22,39): error CS0246: The type or namespace name 'IServiceCollection' could not be found (are you missing a using directive or an assembly reference?)
C:\gh\azure-sdk-for-net\sdk\monitor\Microsoft.OpenTelemetry.Exporter.AzureMonitor\tests\Microsoft.OpenTelemetry.Exporter.AzureMonitor.Integration.Tests.AspNetCoreWebApp\Controllers\HomeController.cs(25,16): error CS0246: The type or namespace name 'ActionResult<>' could not be found (are you missing a using directive or an assembly reference?)
C:\gh\azure-sdk-for-net\sdk\monitor\Microsoft.OpenTelemetry.Exporter.AzureMonitor\tests\Microsoft.OpenTelemetry.Exporter.AzureMonitor.Integration.Tests.AspNetCoreWebApp\Startup.cs(14,24): error CS0246: The type or namespace name 'IConfiguration' could not be found (are you missing a using directive or an assembly reference?)
C:\gh\azure-sdk-for-net\sdk\monitor\Microsoft.OpenTelemetry.Exporter.AzureMonitor\tests\Microsoft.OpenTelemetry.Exporter.AzureMonitor.Integration.Tests.AspNetCoreWebApp\Controllers\HomeController.cs(6,17): error CS0234: The type or namespace name 'AspNetCore' does not exist in the namespace 'Microsoft' (are you missing an assembly reference?)
C:\gh\azure-sdk-for-net\sdk\monitor\Microsoft.OpenTelemetry.Exporter.AzureMonitor\tests\Microsoft.OpenTelemetry.Exporter.AzureMonitor.Integration.Tests.AspNetCoreWebApp\Program.cs(4,17): error CS0234: The type or namespace name 'AspNetCore' does not exist in the namespace 'Microsoft' (are you missing an assembly reference?)
C:\gh\azure-sdk-for-net\sdk\monitor\Microsoft.OpenTelemetry.Exporter.AzureMonitor\tests\Microsoft.OpenTelemetry.Exporter.AzureMonitor.Integration.Tests.AspNetCoreWebApp\Program.cs(5,17): error CS0234: The type or namespace name 'AspNetCore' does not exist in the namespace 'Microsoft' (are you missing an assembly reference?)
C:\gh\azure-sdk-for-net\sdk\monitor\Microsoft.OpenTelemetry.Exporter.AzureMonitor\tests\Microsoft.OpenTelemetry.Exporter.AzureMonitor.Integration.Tests.AspNetCoreWebApp\Startup.cs(4,17): error CS0234: The type or namespace name 'AspNetCore' does not exist in the namespace 'Microsoft' (are you missing an assembly reference?)
C:\gh\azure-sdk-for-net\sdk\monitor\Microsoft.OpenTelemetry.Exporter.AzureMonitor\tests\Microsoft.OpenTelemetry.Exporter.AzureMonitor.Integration.Tests.AspNetCoreWebApp\Startup.cs(5,17): error CS0234: The type or namespace name 'AspNetCore' does not exist in the namespace 'Microsoft' (are you missing an assembly reference?)
C:\gh\azure-sdk-for-net\sdk\monitor\Microsoft.OpenTelemetry.Exporter.AzureMonitor\tests\Microsoft.OpenTelemetry.Exporter.AzureMonitor.Integration.Tests.AspNetCoreWebApp\Startup.cs(6,17): error CS0234: The type or namespace name 'AspNetCore' does not exist in the namespace 'Microsoft' (are you missing an assembly reference?)
C:\gh\azure-sdk-for-net\sdk\monitor\Microsoft.OpenTelemetry.Exporter.AzureMonitor\tests\Microsoft.OpenTelemetry.Exporter.AzureMonitor.Integration.Tests.AspNetCoreWebApp\Startup.cs(7,17): error CS0234: The type or namespace name 'Extensions' does not exist in the namespace 'Microsoft' (are you missing an assembly reference?)
C:\gh\azure-sdk-for-net\sdk\monitor\Microsoft.OpenTelemetry.Exporter.AzureMonitor\tests\Microsoft.OpenTelemetry.Exporter.AzureMonitor.Integration.Tests.AspNetCoreWebApp\Startup.cs(8,17): error CS0234: The type or namespace name 'Extensions' does not exist in the namespace 'Microsoft' (are you missing an assembly reference?)
C:\gh\azure-sdk-for-net\sdk\monitor\Microsoft.OpenTelemetry.Exporter.AzureMonitor\tests\Microsoft.OpenTelemetry.Exporter.AzureMonitor.Integration.Tests.AspNetCoreWebApp\Controllers\HomeController.cs(13,6): error CS0246: The type or namespace name 'RouteAttribute' could not be found (are you missing a using directive or an assembly reference?)
C:\gh\azure-sdk-for-net\sdk\monitor\Microsoft.OpenTelemetry.Exporter.AzureMonitor\tests\Microsoft.OpenTelemetry.Exporter.AzureMonitor.Integration.Tests.AspNetCoreWebApp\Controllers\HomeController.cs(13,6): error CS0246: The type or namespace name 'Route' could not be found (are you missing a using directive or an assembly reference?)
C:\gh\azure-sdk-for-net\sdk\monitor\Microsoft.OpenTelemetry.Exporter.AzureMonitor\tests\Microsoft.OpenTelemetry.Exporter.AzureMonitor.Integration.Tests.AspNetCoreWebApp\Controllers\HomeController.cs(14,6): error CS0246: The type or namespace name 'ApiControllerAttribute' could not be found (are you missing a using directive or an assembly reference?)
C:\gh\azure-sdk-for-net\sdk\monitor\Microsoft.OpenTelemetry.Exporter.AzureMonitor\tests\Microsoft.OpenTelemetry.Exporter.AzureMonitor.Integration.Tests.AspNetCoreWebApp\Controllers\HomeController.cs(14,6): error CS0246: The type or namespace name 'ApiController' could not be found (are you missing a using directive or an assembly reference?)
C:\gh\azure-sdk-for-net\sdk\monitor\Microsoft.OpenTelemetry.Exporter.AzureMonitor\tests\Microsoft.OpenTelemetry.Exporter.AzureMonitor.Integration.Tests.AspNetCoreWebApp\Controllers\HomeController.cs(24,10): error CS0246: The type or namespace name 'HttpGetAttribute' could not be found (are you missing a using directive or an assembly reference?)
C:\gh\azure-sdk-for-net\sdk\monitor\Microsoft.OpenTelemetry.Exporter.AzureMonitor\tests\Microsoft.OpenTelemetry.Exporter.AzureMonitor.Integration.Tests.AspNetCoreWebApp\Controllers\HomeController.cs(24,10): error CS0246: The type or namespace name 'HttpGet' could not be found (are you missing a using directive or an assembly reference?)
C:\gh\azure-sdk-for-net\sdk\monitor\Microsoft.OpenTelemetry.Exporter.AzureMonitor\tests\Microsoft.OpenTelemetry.Exporter.AzureMonitor.Integration.Tests.AspNetCoreWebApp\Controllers\HomeController.cs(33,10): error CS0246: The type or namespace name 'HttpGetAttribute' could not be found (are you missing a using directive or an assembly reference?)
C:\gh\azure-sdk-for-net\sdk\monitor\Microsoft.OpenTelemetry.Exporter.AzureMonitor\tests\Microsoft.OpenTelemetry.Exporter.AzureMonitor.Integration.Tests.AspNetCoreWebApp\Controllers\HomeController.cs(33,10): error CS0246: The type or namespace name 'HttpGet' could not be found (are you missing a using directive or an assembly reference?)
C:\gh\azure-sdk-for-net\sdk\monitor\Microsoft.OpenTelemetry.Exporter.AzureMonitor\tests\Microsoft.OpenTelemetry.Exporter.AzureMonitor.Integration.Tests.AspNetCoreWebApp\Startup.cs(19,16): error CS0246: The type or namespace name 'IConfiguration' could not be found (are you missing a using directive or an assembly reference?)
C:\gh\azure-sdk-for-net\sdk\monitor\Microsoft.OpenTelemetry.Exporter.AzureMonitor\tests\Microsoft.OpenTelemetry.Exporter.AzureMonitor.Integration.Tests.AspNetCoreWebApp\Controllers\HomeController.cs(25,62): error CS0103: The name 'StatusCode' does not exist in the current context
C:\gh\azure-sdk-for-net\sdk\monitor\Microsoft.OpenTelemetry.Exporter.AzureMonitor\tests\Microsoft.OpenTelemetry.Exporter.AzureMonitor.Integration.Tests.AspNetCoreWebApp\Controllers\HomeController.cs(34,54): error CS0103: The name 'StatusCode' does not exist in the current context
C:\gh\azure-sdk-for-net\sdk\monitor\Microsoft.OpenTelemetry.Exporter.AzureMonitor\tests\Microsoft.OpenTelemetry.Exporter.AzureMonitor.Integration.Tests.AspNetCoreWebApp\Program.cs(13,78): error CS0103: The name 'WebHost' does not exist in the current context
C:\gh\azure-sdk-for-net\sdk\monitor\Microsoft.OpenTelemetry.Exporter.AzureMonitor\tests\Microsoft.OpenTelemetry.Exporter.AzureMonitor.Integration.Tests.AspNetCoreWebApp\Startup.cs(30,40): error CS0103: The name 'CompatibilityVersion' does not exist in the current context
C:\gh\azure-sdk-for-net\sdk\monitor\Microsoft.OpenTelemetry.Exporter.AzureMonitor\tests\Microsoft.OpenTelemetry.Exporter.AzureMonitor.Integration.Tests.AspNetCoreWebApp\Startup.cs(5,1): hidden CS8019: Unnecessary using directive.
C:\gh\azure-sdk-for-net\sdk\monitor\Microsoft.OpenTelemetry.Exporter.AzureMonitor\tests\Microsoft.OpenTelemetry.Exporter.AzureMonitor.Integration.Tests.AspNetCoreWebApp\Program.cs(5,1): hidden CS8019: Unnecessary using directive.
C:\gh\azure-sdk-for-net\sdk\monitor\Microsoft.OpenTelemetry.Exporter.AzureMonitor\tests\Microsoft.OpenTelemetry.Exporter.AzureMonitor.Integration.Tests.AspNetCoreWebApp\Controllers\HomeController.cs(6,1): hidden CS8019: Unnecessary using directive.
C:\gh\azure-sdk-for-net\sdk\monitor\Microsoft.OpenTelemetry.Exporter.AzureMonitor\tests\Microsoft.OpenTelemetry.Exporter.AzureMonitor.Integration.Tests.AspNetCoreWebApp\Program.cs(4,1): hidden CS8019: Unnecessary using directive.
C:\gh\azure-sdk-for-net\sdk\monitor\Microsoft.OpenTelemetry.Exporter.AzureMonitor\tests\Microsoft.OpenTelemetry.Exporter.AzureMonitor.Integration.Tests.AspNetCoreWebApp\Startup.cs(6,1): hidden CS8019: Unnecessary using directive.
C:\gh\azure-sdk-for-net\sdk\monitor\Microsoft.OpenTelemetry.Exporter.AzureMonitor\tests\Microsoft.OpenTelemetry.Exporter.AzureMonitor.Integration.Tests.AspNetCoreWebApp\Startup.cs(7,1): hidden CS8019: Unnecessary using directive.
C:\gh\azure-sdk-for-net\artifacts\obj\Integration.Tests.AspNetCoreWebApp\Debug\net461\Integration.Tests.AspNetCoreWebApp.AssemblyInfo.cs(11,1): hidden CS8019: Unnecessary using directive.
C:\gh\azure-sdk-for-net\artifacts\obj\Integration.Tests.AspNetCoreWebApp\Debug\net461\.NETFramework,Version=v4.6.1.AssemblyAttributes.cs(2,1): hidden CS8019: Unnecessary using directive.
C:\gh\azure-sdk-for-net\sdk\monitor\Microsoft.OpenTelemetry.Exporter.AzureMonitor\tests\Microsoft.OpenTelemetry.Exporter.AzureMonitor.Integration.Tests.AspNetCoreWebApp\Startup.cs(4,1): hidden CS8019: Unnecessary using directive.
C:\gh\azure-sdk-for-net\sdk\monitor\Microsoft.OpenTelemetry.Exporter.AzureMonitor\tests\Microsoft.OpenTelemetry.Exporter.AzureMonitor.Integration.Tests.AspNetCoreWebApp\Startup.cs(8,1): hidden CS8019: Unnecessary using directive.
C:\gh\azure-sdk-for-net\artifacts\obj\Integration.Tests.AspNetCoreWebApp\Debug\net461\Integration.Tests.AspNetCoreWebApp.AssemblyInfo.cs(12,1): hidden CS8019: Unnecessary using directive.
C:\gh\azure-sdk-for-net\artifacts\obj\Integration.Tests.AspNetCoreWebApp\Debug\net461\.NETFramework,Version=v4.6.1.AssemblyAttributes.cs(3,1): hidden CS8019: Unnecessary using directive.
