C:\gh\azure-sdk-for-net\sdk\keyvault\Azure.Security.KeyVault.Administration\tests\RestoreOperationTests.cs(16,17): error CS0122: 'RestoreDetailsInternal' is inaccessible due to its protection level
C:\gh\azure-sdk-for-net\sdk\keyvault\Azure.Security.KeyVault.Administration\tests\BackupOperationTests.cs(16,17): error CS0122: 'FullBackupDetailsInternal' is inaccessible due to its protection level
C:\gh\azure-sdk-for-net\sdk\keyvault\Azure.Security.KeyVault.Administration\tests\BackupRestoreTestBase.cs(13,6): error CS0246: The type or namespace name 'NonParallelizableAttribute' could not be found (are you missing a using directive or an assembly reference?)
C:\gh\azure-sdk-for-net\sdk\keyvault\Azure.Security.KeyVault.Administration\tests\BackupRestoreTestBase.cs(13,6): error CS0246: The type or namespace name 'NonParallelizable' could not be found (are you missing a using directive or an assembly reference?)
C:\gh\azure-sdk-for-net\sdk\keyvault\Azure.Security.KeyVault.Administration\tests\AccessControlClientLiveTests.cs(72,10): error CS0012: The type 'TestAttribute' is defined in an assembly that is not referenced. You must add a reference to assembly 'nunit.framework, Version=3.12.0.0, Culture=neutral, PublicKeyToken=2638cd05610744eb'.
C:\gh\azure-sdk-for-net\sdk\keyvault\Azure.Security.KeyVault.Administration\tests\samples\Sample1_BackupHelloWorld.cs(73,10): error CS0012: The type 'TestAttribute' is defined in an assembly that is not referenced. You must add a reference to assembly 'nunit.framework, Version=3.12.0.0, Culture=neutral, PublicKeyToken=2638cd05610744eb'.
C:\gh\azure-sdk-for-net\sdk\keyvault\Azure.Security.KeyVault.Administration\tests\samples\Sample1_BackupHelloWorld.cs(74,10): error CS0012: The type 'NUnitAttribute' is defined in an assembly that is not referenced. You must add a reference to assembly 'nunit.framework, Version=3.12.0.0, Culture=neutral, PublicKeyToken=2638cd05610744eb'.
C:\gh\azure-sdk-for-net\sdk\keyvault\Azure.Security.KeyVault.Administration\tests\RestoreOperationTests.cs(17,17): error CS0246: The type or namespace name 'Mock<>' could not be found (are you missing a using directive or an assembly reference?)
C:\gh\azure-sdk-for-net\sdk\keyvault\Azure.Security.KeyVault.Administration\tests\RestoreOperationTests.cs(17,22): error CS0246: The type or namespace name 'Response<>' could not be found (are you missing a using directive or an assembly reference?)
C:\gh\azure-sdk-for-net\sdk\keyvault\Azure.Security.KeyVault.Administration\tests\RestoreOperationTests.cs(17,31): error CS0122: 'RestoreDetailsInternal' is inaccessible due to its protection level
C:\gh\azure-sdk-for-net\sdk\keyvault\Azure.Security.KeyVault.Administration\tests\BackupOperationTests.cs(17,17): error CS0246: The type or namespace name 'Mock<>' could not be found (are you missing a using directive or an assembly reference?)
C:\gh\azure-sdk-for-net\sdk\keyvault\Azure.Security.KeyVault.Administration\tests\BackupOperationTests.cs(17,22): error CS0246: The type or namespace name 'Response<>' could not be found (are you missing a using directive or an assembly reference?)
C:\gh\azure-sdk-for-net\sdk\keyvault\Azure.Security.KeyVault.Administration\tests\BackupOperationTests.cs(17,31): error CS0122: 'FullBackupDetailsInternal' is inaccessible due to its protection level
C:\gh\azure-sdk-for-net\sdk\keyvault\Azure.Security.KeyVault.Administration\tests\RestoreOperationTests.cs(15,17): error CS0122: 'RestoreDetailsInternal' is inaccessible due to its protection level
C:\gh\azure-sdk-for-net\sdk\keyvault\Azure.Security.KeyVault.Administration\tests\AdministrationTestBase.cs(51,10): error CS0246: The type or namespace name 'TearDownAttribute' could not be found (are you missing a using directive or an assembly reference?)
C:\gh\azure-sdk-for-net\sdk\keyvault\Azure.Security.KeyVault.Administration\tests\AdministrationTestBase.cs(51,10): error CS0246: The type or namespace name 'TearDown' could not be found (are you missing a using directive or an assembly reference?)
C:\gh\azure-sdk-for-net\sdk\keyvault\Azure.Security.KeyVault.Administration\tests\BackupOperationTests.cs(15,17): error CS0122: 'FullBackupDetailsInternal' is inaccessible due to its protection level
C:\gh\azure-sdk-for-net\sdk\keyvault\Azure.Security.KeyVault.Administration\tests\AccessControlTestBase.cs(48,10): error CS0246: The type or namespace name 'TearDownAttribute' could not be found (are you missing a using directive or an assembly reference?)
C:\gh\azure-sdk-for-net\sdk\keyvault\Azure.Security.KeyVault.Administration\tests\AccessControlTestBase.cs(48,10): error CS0246: The type or namespace name 'TearDown' could not be found (are you missing a using directive or an assembly reference?)
C:\gh\azure-sdk-for-net\sdk\keyvault\Azure.Security.KeyVault.Administration\tests\samples\Sample1_BackupHelloWorld.cs(28,10): error CS0012: The type 'TestAttribute' is defined in an assembly that is not referenced. You must add a reference to assembly 'nunit.framework, Version=3.12.0.0, Culture=neutral, PublicKeyToken=2638cd05610744eb'.
C:\gh\azure-sdk-for-net\sdk\keyvault\Azure.Security.KeyVault.Administration\tests\samples\Sample1_BackupHelloWorld.cs(29,10): error CS0012: The type 'NUnitAttribute' is defined in an assembly that is not referenced. You must add a reference to assembly 'nunit.framework, Version=3.12.0.0, Culture=neutral, PublicKeyToken=2638cd05610744eb'.
C:\gh\azure-sdk-for-net\sdk\keyvault\Azure.Security.KeyVault.Administration\tests\AccessControlClientLiveTests.cs(52,10): error CS0012: The type 'TestAttribute' is defined in an assembly that is not referenced. You must add a reference to assembly 'nunit.framework, Version=3.12.0.0, Culture=neutral, PublicKeyToken=2638cd05610744eb'.
C:\gh\azure-sdk-for-net\sdk\keyvault\Azure.Security.KeyVault.Administration\tests\FullBackupClientLiveTests.cs(52,10): error CS0012: The type 'TestAttribute' is defined in an assembly that is not referenced. You must add a reference to assembly 'nunit.framework, Version=3.12.0.0, Culture=neutral, PublicKeyToken=2638cd05610744eb'.
C:\gh\azure-sdk-for-net\sdk\keyvault\Azure.Security.KeyVault.Administration\tests\FullBackupClientLiveTests.cs(53,10): error CS0012: The type 'NUnitAttribute' is defined in an assembly that is not referenced. You must add a reference to assembly 'nunit.framework, Version=3.12.0.0, Culture=neutral, PublicKeyToken=2638cd05610744eb'.
C:\gh\azure-sdk-for-net\sdk\keyvault\Azure.Security.KeyVault.Administration\tests\AccessControlClientLiveTests.cs(35,10): error CS0012: The type 'TestAttribute' is defined in an assembly that is not referenced. You must add a reference to assembly 'nunit.framework, Version=3.12.0.0, Culture=neutral, PublicKeyToken=2638cd05610744eb'.
C:\gh\azure-sdk-for-net\sdk\keyvault\Azure.Security.KeyVault.Administration\tests\FullBackupClientLiveTests.cs(19,10): error CS0012: The type 'TestAttribute' is defined in an assembly that is not referenced. You must add a reference to assembly 'nunit.framework, Version=3.12.0.0, Culture=neutral, PublicKeyToken=2638cd05610744eb'.
C:\gh\azure-sdk-for-net\sdk\keyvault\Azure.Security.KeyVault.Administration\tests\AccessControlClientLiveTests.cs(19,10): error CS0012: The type 'TestAttribute' is defined in an assembly that is not referenced. You must add a reference to assembly 'nunit.framework, Version=3.12.0.0, Culture=neutral, PublicKeyToken=2638cd05610744eb'.
C:\gh\azure-sdk-for-net\sdk\keyvault\Azure.Security.KeyVault.Administration\tests\samples\Sample1_RbacHelloWorld.cs(122,10): error CS0012: The type 'TestAttribute' is defined in an assembly that is not referenced. You must add a reference to assembly 'nunit.framework, Version=3.12.0.0, Culture=neutral, PublicKeyToken=2638cd05610744eb'.
C:\gh\azure-sdk-for-net\sdk\keyvault\Azure.Security.KeyVault.Administration\tests\samples\Sample1_RbacHelloWorld.cs(123,10): error CS0012: The type 'NUnitAttribute' is defined in an assembly that is not referenced. You must add a reference to assembly 'nunit.framework, Version=3.12.0.0, Culture=neutral, PublicKeyToken=2638cd05610744eb'.
C:\gh\azure-sdk-for-net\sdk\keyvault\Azure.Security.KeyVault.Administration\tests\samples\Sample2_RbacScopeAssignment.cs(30,10): error CS0012: The type 'TestAttribute' is defined in an assembly that is not referenced. You must add a reference to assembly 'nunit.framework, Version=3.12.0.0, Culture=neutral, PublicKeyToken=2638cd05610744eb'.
C:\gh\azure-sdk-for-net\sdk\keyvault\Azure.Security.KeyVault.Administration\tests\samples\Sample2_SelectiveRestore.cs(18,10): error CS0012: The type 'TestAttribute' is defined in an assembly that is not referenced. You must add a reference to assembly 'nunit.framework, Version=3.12.0.0, Culture=neutral, PublicKeyToken=2638cd05610744eb'.
C:\gh\azure-sdk-for-net\sdk\keyvault\Azure.Security.KeyVault.Administration\tests\AdministrationTestBase.cs(63,10): error CS0246: The type or namespace name 'OneTimeTearDownAttribute' could not be found (are you missing a using directive or an assembly reference?)
C:\gh\azure-sdk-for-net\sdk\keyvault\Azure.Security.KeyVault.Administration\tests\AdministrationTestBase.cs(63,10): error CS0246: The type or namespace name 'OneTimeTearDown' could not be found (are you missing a using directive or an assembly reference?)
C:\gh\azure-sdk-for-net\sdk\keyvault\Azure.Security.KeyVault.Administration\tests\samples\Sample1_RbacHelloWorld.cs(63,10): error CS0012: The type 'TestAttribute' is defined in an assembly that is not referenced. You must add a reference to assembly 'nunit.framework, Version=3.12.0.0, Culture=neutral, PublicKeyToken=2638cd05610744eb'.
C:\gh\azure-sdk-for-net\sdk\keyvault\Azure.Security.KeyVault.Administration\tests\samples\Sample1_RbacHelloWorld.cs(64,10): error CS0012: The type 'NUnitAttribute' is defined in an assembly that is not referenced. You must add a reference to assembly 'nunit.framework, Version=3.12.0.0, Culture=neutral, PublicKeyToken=2638cd05610744eb'.
C:\gh\azure-sdk-for-net\sdk\keyvault\Azure.Security.KeyVault.Administration\tests\samples\Sample3_BackRestoreResume.cs(16,10): error CS0246: The type or namespace name 'TestAttribute' could not be found (are you missing a using directive or an assembly reference?)
C:\gh\azure-sdk-for-net\sdk\keyvault\Azure.Security.KeyVault.Administration\tests\samples\Sample3_BackRestoreResume.cs(16,10): error CS0246: The type or namespace name 'Test' could not be found (are you missing a using directive or an assembly reference?)
C:\gh\azure-sdk-for-net\sdk\keyvault\Azure.Security.KeyVault.Shared\tests\JsonStream.cs(34,33): error CS0122: 'IJsonSerializable' is inaccessible due to its protection level
C:\gh\azure-sdk-for-net\sdk\keyvault\Azure.Security.KeyVault.Shared\tests\JsonStream.cs(34,60): error CS0246: The type or namespace name 'JsonWriterOptions' could not be found (are you missing a using directive or an assembly reference?)
C:\gh\azure-sdk-for-net\sdk\keyvault\Azure.Security.KeyVault.Shared\tests\JsonStream.cs(28,44): error CS0246: The type or namespace name 'JsonWriterOptions' could not be found (are you missing a using directive or an assembly reference?)
C:\gh\azure-sdk-for-net\sdk\keyvault\Azure.Security.KeyVault.Shared\tests\JsonStream.cs(28,16): error CS0246: The type or namespace name 'Utf8JsonWriter' could not be found (are you missing a using directive or an assembly reference?)
C:\gh\azure-sdk-for-net\sdk\keyvault\Azure.Security.KeyVault.Administration\tests\SelectiveKeyRestoreOperationTests.cs(16,17): error CS0122: 'SelectiveKeyRestoreDetailsInternal' is inaccessible due to its protection level
C:\gh\azure-sdk-for-net\sdk\keyvault\Azure.Security.KeyVault.Administration\tests\SelectiveKeyRestoreOperationTests.cs(17,17): error CS0246: The type or namespace name 'Mock<>' could not be found (are you missing a using directive or an assembly reference?)
C:\gh\azure-sdk-for-net\sdk\keyvault\Azure.Security.KeyVault.Administration\tests\SelectiveKeyRestoreOperationTests.cs(17,22): error CS0246: The type or namespace name 'Response<>' could not be found (are you missing a using directive or an assembly reference?)
C:\gh\azure-sdk-for-net\sdk\keyvault\Azure.Security.KeyVault.Administration\tests\SelectiveKeyRestoreOperationTests.cs(17,31): error CS0122: 'SelectiveKeyRestoreDetailsInternal' is inaccessible due to its protection level
C:\gh\azure-sdk-for-net\sdk\keyvault\Azure.Security.KeyVault.Administration\tests\SelectiveKeyRestoreOperationTests.cs(15,17): error CS0122: 'SelectiveKeyRestoreDetailsInternal' is inaccessible due to its protection level
C:\gh\azure-sdk-for-net\sdk\keyvault\Azure.Security.KeyVault.Shared\tests\KeyVaultTestEventListener.cs(15,17): error CS0246: The type or namespace name 'AzureEventSourceListener' could not be found (are you missing a using directive or an assembly reference?)
C:\gh\azure-sdk-for-net\sdk\keyvault\Azure.Security.KeyVault.Shared\tests\TestExtensions.cs(42,44): error CS0122: 'IJsonSerializable' is inaccessible due to its protection level
C:\gh\azure-sdk-for-net\sdk\keyvault\Azure.Security.KeyVault.Shared\tests\TestExtensions.cs(24,44): error CS0246: The type or namespace name 'AccessToken' could not be found (are you missing a using directive or an assembly reference?)
C:\gh\azure-sdk-for-net\sdk\keyvault\Azure.Security.KeyVault.Shared\tests\PremiumOnlyAttribute.cs(12,41): error CS0246: The type or namespace name 'NUnitAttribute' could not be found (are you missing a using directive or an assembly reference?)
C:\gh\azure-sdk-for-net\sdk\keyvault\Azure.Security.KeyVault.Shared\tests\PremiumOnlyAttribute.cs(12,57): error CS0246: The type or namespace name 'IApplyToTest' could not be found (are you missing a using directive or an assembly reference?)
C:\gh\azure-sdk-for-net\sdk\keyvault\Azure.Security.KeyVault.Shared\tests\PremiumOnlyAttribute.cs(16,33): error CS0246: The type or namespace name 'Test' could not be found (are you missing a using directive or an assembly reference?)
C:\gh\azure-sdk-for-net\sdk\keyvault\Azure.Security.KeyVault.Shared\tests\TestExtensions.cs(14,59): error CS0246: The type or namespace name 'TestCaseData' could not be found (are you missing a using directive or an assembly reference?)
C:\gh\azure-sdk-for-net\sdk\keyvault\Azure.Security.KeyVault.Shared\tests\TestExtensions.cs(14,23): error CS0246: The type or namespace name 'TestCaseData' could not be found (are you missing a using directive or an assembly reference?)
C:\gh\azure-sdk-for-net\sdk\keyvault\Azure.Security.KeyVault.Administration\tests\AccessControlClientLiveTests.cs(8,7): error CS0246: The type or namespace name 'NUnit' could not be found (are you missing a using directive or an assembly reference?)
C:\gh\azure-sdk-for-net\sdk\keyvault\Azure.Security.KeyVault.Administration\tests\AccessControlTestBase.cs(9,7): error CS0246: The type or namespace name 'NUnit' could not be found (are you missing a using directive or an assembly reference?)
C:\gh\azure-sdk-for-net\sdk\keyvault\Azure.Security.KeyVault.Administration\tests\AdministrationTestBase.cs(11,7): error CS0246: The type or namespace name 'NUnit' could not be found (are you missing a using directive or an assembly reference?)
C:\gh\azure-sdk-for-net\sdk\keyvault\Azure.Security.KeyVault.Administration\tests\BackupOperationTests.cs(7,7): error CS0246: The type or namespace name 'Moq' could not be found (are you missing a using directive or an assembly reference?)
C:\gh\azure-sdk-for-net\sdk\keyvault\Azure.Security.KeyVault.Administration\tests\BackupOperationTests.cs(8,7): error CS0246: The type or namespace name 'NUnit' could not be found (are you missing a using directive or an assembly reference?)
C:\gh\azure-sdk-for-net\sdk\keyvault\Azure.Security.KeyVault.Administration\tests\BackupRestoreTestBase.cs(7,13): error CS0234: The type or namespace name 'Storage' does not exist in the namespace 'Azure' (are you missing an assembly reference?)
C:\gh\azure-sdk-for-net\sdk\keyvault\Azure.Security.KeyVault.Administration\tests\BackupRestoreTestBase.cs(8,13): error CS0234: The type or namespace name 'Storage' does not exist in the namespace 'Azure' (are you missing an assembly reference?)
C:\gh\azure-sdk-for-net\sdk\keyvault\Azure.Security.KeyVault.Administration\tests\BackupRestoreTestBase.cs(9,7): error CS0246: The type or namespace name 'NUnit' could not be found (are you missing a using directive or an assembly reference?)
C:\gh\azure-sdk-for-net\sdk\keyvault\Azure.Security.KeyVault.Administration\tests\FullBackupClientLiveTests.cs(9,7): error CS0246: The type or namespace name 'NUnit' could not be found (are you missing a using directive or an assembly reference?)
C:\gh\azure-sdk-for-net\sdk\keyvault\Azure.Security.KeyVault.Administration\tests\KeyVaultBackupClientTests.cs(9,7): error CS0246: The type or namespace name 'NUnit' could not be found (are you missing a using directive or an assembly reference?)
C:\gh\azure-sdk-for-net\sdk\keyvault\Azure.Security.KeyVault.Administration\tests\RestoreOperationTests.cs(7,7): error CS0246: The type or namespace name 'Moq' could not be found (are you missing a using directive or an assembly reference?)
C:\gh\azure-sdk-for-net\sdk\keyvault\Azure.Security.KeyVault.Administration\tests\RestoreOperationTests.cs(8,7): error CS0246: The type or namespace name 'NUnit' could not be found (are you missing a using directive or an assembly reference?)
C:\gh\azure-sdk-for-net\sdk\keyvault\Azure.Security.KeyVault.Administration\tests\RoleAssignmentScopeTests.cs(6,7): error CS0246: The type or namespace name 'NUnit' could not be found (are you missing a using directive or an assembly reference?)
C:\gh\azure-sdk-for-net\sdk\keyvault\Azure.Security.KeyVault.Administration\tests\samples\AccessControlSampleSnippets.cs(8,13): error CS0234: The type or namespace name 'Identity' does not exist in the namespace 'Azure' (are you missing an assembly reference?)
C:\gh\azure-sdk-for-net\sdk\keyvault\Azure.Security.KeyVault.Administration\tests\samples\AccessControlSampleSnippets.cs(11,7): error CS0246: The type or namespace name 'NUnit' could not be found (are you missing a using directive or an assembly reference?)
C:\gh\azure-sdk-for-net\sdk\keyvault\Azure.Security.KeyVault.Administration\tests\samples\Sample1_BackupHelloWorld.cs(7,13): error CS0234: The type or namespace name 'Identity' does not exist in the namespace 'Azure' (are you missing an assembly reference?)
C:\gh\azure-sdk-for-net\sdk\keyvault\Azure.Security.KeyVault.Administration\tests\samples\Sample1_BackupHelloWorld.cs(8,7): error CS0246: The type or namespace name 'NUnit' could not be found (are you missing a using directive or an assembly reference?)
C:\gh\azure-sdk-for-net\sdk\keyvault\Azure.Security.KeyVault.Administration\tests\samples\Sample1_RbacHelloWorld.cs(9,13): error CS0234: The type or namespace name 'Identity' does not exist in the namespace 'Azure' (are you missing an assembly reference?)
C:\gh\azure-sdk-for-net\sdk\keyvault\Azure.Security.KeyVault.Administration\tests\samples\Sample1_RbacHelloWorld.cs(12,7): error CS0246: The type or namespace name 'NUnit' could not be found (are you missing a using directive or an assembly reference?)
C:\gh\azure-sdk-for-net\sdk\keyvault\Azure.Security.KeyVault.Administration\tests\samples\Sample2_RbacScopeAssignment.cs(11,7): error CS0246: The type or namespace name 'NUnit' could not be found (are you missing a using directive or an assembly reference?)
C:\gh\azure-sdk-for-net\sdk\keyvault\Azure.Security.KeyVault.Administration\tests\samples\Sample2_SelectiveRestore.cs(8,7): error CS0246: The type or namespace name 'NUnit' could not be found (are you missing a using directive or an assembly reference?)
C:\gh\azure-sdk-for-net\sdk\keyvault\Azure.Security.KeyVault.Administration\tests\samples\Sample3_BackRestoreResume.cs(6,7): error CS0246: The type or namespace name 'NUnit' could not be found (are you missing a using directive or an assembly reference?)
C:\gh\azure-sdk-for-net\sdk\keyvault\Azure.Security.KeyVault.Administration\tests\SelectiveKeyRestoreOperationTests.cs(7,7): error CS0246: The type or namespace name 'Moq' could not be found (are you missing a using directive or an assembly reference?)
C:\gh\azure-sdk-for-net\sdk\keyvault\Azure.Security.KeyVault.Administration\tests\SelectiveKeyRestoreOperationTests.cs(8,7): error CS0246: The type or namespace name 'NUnit' could not be found (are you missing a using directive or an assembly reference?)
C:\gh\azure-sdk-for-net\sdk\keyvault\Azure.Security.KeyVault.Shared\tests\JsonStream.cs(7,19): error CS0234: The type or namespace name 'Json' does not exist in the namespace 'System.Text' (are you missing an assembly reference?)
C:\gh\azure-sdk-for-net\sdk\keyvault\Azure.Security.KeyVault.Shared\tests\KeyVaultTestEventListener.cs(6,18): error CS0234: The type or namespace name 'Diagnostics' does not exist in the namespace 'Azure.Core' (are you missing an assembly reference?)
C:\gh\azure-sdk-for-net\sdk\keyvault\Azure.Security.KeyVault.Shared\tests\PremiumOnlyAttribute.cs(5,7): error CS0246: The type or namespace name 'NUnit' could not be found (are you missing a using directive or an assembly reference?)
C:\gh\azure-sdk-for-net\sdk\keyvault\Azure.Security.KeyVault.Shared\tests\PremiumOnlyAttribute.cs(6,7): error CS0246: The type or namespace name 'NUnit' could not be found (are you missing a using directive or an assembly reference?)
C:\gh\azure-sdk-for-net\sdk\keyvault\Azure.Security.KeyVault.Shared\tests\PremiumOnlyAttribute.cs(7,7): error CS0246: The type or namespace name 'NUnit' could not be found (are you missing a using directive or an assembly reference?)
C:\gh\azure-sdk-for-net\sdk\keyvault\Azure.Security.KeyVault.Shared\tests\TestExtensions.cs(6,19): error CS0234: The type or namespace name 'Json' does not exist in the namespace 'System.Text' (are you missing an assembly reference?)
C:\gh\azure-sdk-for-net\sdk\keyvault\Azure.Security.KeyVault.Shared\tests\TestExtensions.cs(8,7): error CS0246: The type or namespace name 'NUnit' could not be found (are you missing a using directive or an assembly reference?)
C:\gh\azure-sdk-for-net\sdk\keyvault\Azure.Security.KeyVault.Administration\tests\BackupOperationTests.cs(12,6): error CS0246: The type or namespace name 'TestFixtureAttribute' could not be found (are you missing a using directive or an assembly reference?)
C:\gh\azure-sdk-for-net\sdk\keyvault\Azure.Security.KeyVault.Administration\tests\BackupOperationTests.cs(12,6): error CS0246: The type or namespace name 'TestFixture' could not be found (are you missing a using directive or an assembly reference?)
C:\gh\azure-sdk-for-net\sdk\keyvault\Azure.Security.KeyVault.Shared\tests\PremiumOnlyAttribute.cs(11,6): error CS0641: Attribute 'AttributeUsage' is only valid on classes derived from System.Attribute
C:\gh\azure-sdk-for-net\sdk\keyvault\Azure.Security.KeyVault.Administration\tests\samples\AccessControlSampleSnippets.cs(24,10): error CS0246: The type or namespace name 'SetUpAttribute' could not be found (are you missing a using directive or an assembly reference?)
C:\gh\azure-sdk-for-net\sdk\keyvault\Azure.Security.KeyVault.Administration\tests\samples\AccessControlSampleSnippets.cs(24,10): error CS0246: The type or namespace name 'SetUp' could not be found (are you missing a using directive or an assembly reference?)
C:\gh\azure-sdk-for-net\sdk\keyvault\Azure.Security.KeyVault.Administration\tests\samples\Sample2_RbacScopeAssignment.cs(24,10): error CS0246: The type or namespace name 'SetUpAttribute' could not be found (are you missing a using directive or an assembly reference?)
C:\gh\azure-sdk-for-net\sdk\keyvault\Azure.Security.KeyVault.Administration\tests\samples\Sample2_RbacScopeAssignment.cs(24,10): error CS0246: The type or namespace name 'SetUp' could not be found (are you missing a using directive or an assembly reference?)
C:\gh\azure-sdk-for-net\sdk\keyvault\Azure.Security.KeyVault.Administration\tests\RestoreOperationTests.cs(12,6): error CS0246: The type or namespace name 'TestFixtureAttribute' could not be found (are you missing a using directive or an assembly reference?)
C:\gh\azure-sdk-for-net\sdk\keyvault\Azure.Security.KeyVault.Administration\tests\RestoreOperationTests.cs(12,6): error CS0246: The type or namespace name 'TestFixture' could not be found (are you missing a using directive or an assembly reference?)
C:\gh\azure-sdk-for-net\sdk\keyvault\Azure.Security.KeyVault.Administration\tests\samples\Sample1_RbacHelloWorld.cs(25,10): error CS0246: The type or namespace name 'SetUpAttribute' could not be found (are you missing a using directive or an assembly reference?)
C:\gh\azure-sdk-for-net\sdk\keyvault\Azure.Security.KeyVault.Administration\tests\samples\Sample1_RbacHelloWorld.cs(25,10): error CS0246: The type or namespace name 'SetUp' could not be found (are you missing a using directive or an assembly reference?)
C:\gh\azure-sdk-for-net\sdk\keyvault\Azure.Security.KeyVault.Administration\tests\samples\AccessControlSampleSnippets.cs(30,10): error CS0012: The type 'TestAttribute' is defined in an assembly that is not referenced. You must add a reference to assembly 'nunit.framework, Version=3.12.0.0, Culture=neutral, PublicKeyToken=2638cd05610744eb'.
C:\gh\azure-sdk-for-net\sdk\keyvault\Azure.Security.KeyVault.Administration\tests\samples\AccessControlSampleSnippets.cs(31,10): error CS0012: The type 'NUnitAttribute' is defined in an assembly that is not referenced. You must add a reference to assembly 'nunit.framework, Version=3.12.0.0, Culture=neutral, PublicKeyToken=2638cd05610744eb'.
C:\gh\azure-sdk-for-net\sdk\keyvault\Azure.Security.KeyVault.Administration\tests\BackupOperationTests.cs(21,10): error CS0246: The type or namespace name 'OneTimeSetUpAttribute' could not be found (are you missing a using directive or an assembly reference?)
C:\gh\azure-sdk-for-net\sdk\keyvault\Azure.Security.KeyVault.Administration\tests\BackupOperationTests.cs(21,10): error CS0246: The type or namespace name 'OneTimeSetUp' could not be found (are you missing a using directive or an assembly reference?)
C:\gh\azure-sdk-for-net\sdk\keyvault\Azure.Security.KeyVault.Administration\tests\KeyVaultBackupClientTests.cs(13,6): error CS0246: The type or namespace name 'TestFixtureAttribute' could not be found (are you missing a using directive or an assembly reference?)
C:\gh\azure-sdk-for-net\sdk\keyvault\Azure.Security.KeyVault.Administration\tests\KeyVaultBackupClientTests.cs(13,6): error CS0246: The type or namespace name 'TestFixture' could not be found (are you missing a using directive or an assembly reference?)
C:\gh\azure-sdk-for-net\sdk\keyvault\Azure.Security.KeyVault.Administration\tests\samples\AccessControlSampleSnippets.cs(51,10): error CS0012: The type 'TestAttribute' is defined in an assembly that is not referenced. You must add a reference to assembly 'nunit.framework, Version=3.12.0.0, Culture=neutral, PublicKeyToken=2638cd05610744eb'.
C:\gh\azure-sdk-for-net\sdk\keyvault\Azure.Security.KeyVault.Administration\tests\samples\AccessControlSampleSnippets.cs(52,10): error CS0012: The type 'NUnitAttribute' is defined in an assembly that is not referenced. You must add a reference to assembly 'nunit.framework, Version=3.12.0.0, Culture=neutral, PublicKeyToken=2638cd05610744eb'.
C:\gh\azure-sdk-for-net\sdk\keyvault\Azure.Security.KeyVault.Administration\tests\samples\Sample1_RbacHelloWorld.cs(31,10): error CS0012: The type 'TestAttribute' is defined in an assembly that is not referenced. You must add a reference to assembly 'nunit.framework, Version=3.12.0.0, Culture=neutral, PublicKeyToken=2638cd05610744eb'.
C:\gh\azure-sdk-for-net\sdk\keyvault\Azure.Security.KeyVault.Administration\tests\samples\Sample1_RbacHelloWorld.cs(32,10): error CS0012: The type 'NUnitAttribute' is defined in an assembly that is not referenced. You must add a reference to assembly 'nunit.framework, Version=3.12.0.0, Culture=neutral, PublicKeyToken=2638cd05610744eb'.
C:\gh\azure-sdk-for-net\sdk\keyvault\Azure.Security.KeyVault.Administration\tests\samples\AccessControlSampleSnippets.cs(69,10): error CS0012: The type 'TestAttribute' is defined in an assembly that is not referenced. You must add a reference to assembly 'nunit.framework, Version=3.12.0.0, Culture=neutral, PublicKeyToken=2638cd05610744eb'.
C:\gh\azure-sdk-for-net\sdk\keyvault\Azure.Security.KeyVault.Administration\tests\samples\AccessControlSampleSnippets.cs(70,10): error CS0012: The type 'NUnitAttribute' is defined in an assembly that is not referenced. You must add a reference to assembly 'nunit.framework, Version=3.12.0.0, Culture=neutral, PublicKeyToken=2638cd05610744eb'.
C:\gh\azure-sdk-for-net\sdk\keyvault\Azure.Security.KeyVault.Administration\tests\samples\Sample1_BackupHelloWorld.cs(18,10): error CS0246: The type or namespace name 'TestAttribute' could not be found (are you missing a using directive or an assembly reference?)
C:\gh\azure-sdk-for-net\sdk\keyvault\Azure.Security.KeyVault.Administration\tests\samples\Sample1_BackupHelloWorld.cs(18,10): error CS0246: The type or namespace name 'Test' could not be found (are you missing a using directive or an assembly reference?)
C:\gh\azure-sdk-for-net\sdk\keyvault\Azure.Security.KeyVault.Administration\tests\samples\AccessControlSampleSnippets.cs(112,10): error CS0012: The type 'TestAttribute' is defined in an assembly that is not referenced. You must add a reference to assembly 'nunit.framework, Version=3.12.0.0, Culture=neutral, PublicKeyToken=2638cd05610744eb'.
C:\gh\azure-sdk-for-net\sdk\keyvault\Azure.Security.KeyVault.Administration\tests\samples\AccessControlSampleSnippets.cs(113,10): error CS0012: The type 'NUnitAttribute' is defined in an assembly that is not referenced. You must add a reference to assembly 'nunit.framework, Version=3.12.0.0, Culture=neutral, PublicKeyToken=2638cd05610744eb'.
C:\gh\azure-sdk-for-net\sdk\keyvault\Azure.Security.KeyVault.Administration\tests\SelectiveKeyRestoreOperationTests.cs(12,6): error CS0246: The type or namespace name 'TestFixtureAttribute' could not be found (are you missing a using directive or an assembly reference?)
C:\gh\azure-sdk-for-net\sdk\keyvault\Azure.Security.KeyVault.Administration\tests\SelectiveKeyRestoreOperationTests.cs(12,6): error CS0246: The type or namespace name 'TestFixture' could not be found (are you missing a using directive or an assembly reference?)
C:\gh\azure-sdk-for-net\sdk\keyvault\Azure.Security.KeyVault.Administration\tests\samples\Sample1_RbacHelloWorld.cs(44,10): error CS0012: The type 'TestAttribute' is defined in an assembly that is not referenced. You must add a reference to assembly 'nunit.framework, Version=3.12.0.0, Culture=neutral, PublicKeyToken=2638cd05610744eb'.
C:\gh\azure-sdk-for-net\sdk\keyvault\Azure.Security.KeyVault.Administration\tests\samples\Sample1_RbacHelloWorld.cs(45,10): error CS0012: The type 'NUnitAttribute' is defined in an assembly that is not referenced. You must add a reference to assembly 'nunit.framework, Version=3.12.0.0, Culture=neutral, PublicKeyToken=2638cd05610744eb'.
C:\gh\azure-sdk-for-net\sdk\keyvault\Azure.Security.KeyVault.Administration\tests\RestoreOperationTests.cs(21,10): error CS0246: The type or namespace name 'OneTimeSetUpAttribute' could not be found (are you missing a using directive or an assembly reference?)
C:\gh\azure-sdk-for-net\sdk\keyvault\Azure.Security.KeyVault.Administration\tests\RestoreOperationTests.cs(21,10): error CS0246: The type or namespace name 'OneTimeSetUp' could not be found (are you missing a using directive or an assembly reference?)
C:\gh\azure-sdk-for-net\sdk\keyvault\Azure.Security.KeyVault.Administration\tests\BackupOperationTests.cs(44,10): error CS0246: The type or namespace name 'TestAttribute' could not be found (are you missing a using directive or an assembly reference?)
C:\gh\azure-sdk-for-net\sdk\keyvault\Azure.Security.KeyVault.Administration\tests\BackupOperationTests.cs(44,10): error CS0246: The type or namespace name 'Test' could not be found (are you missing a using directive or an assembly reference?)
C:\gh\azure-sdk-for-net\sdk\keyvault\Azure.Security.KeyVault.Administration\tests\samples\Sample1_RbacHelloWorld.cs(89,10): error CS0012: The type 'TestAttribute' is defined in an assembly that is not referenced. You must add a reference to assembly 'nunit.framework, Version=3.12.0.0, Culture=neutral, PublicKeyToken=2638cd05610744eb'.
C:\gh\azure-sdk-for-net\sdk\keyvault\Azure.Security.KeyVault.Administration\tests\samples\Sample1_RbacHelloWorld.cs(90,10): error CS0012: The type 'NUnitAttribute' is defined in an assembly that is not referenced. You must add a reference to assembly 'nunit.framework, Version=3.12.0.0, Culture=neutral, PublicKeyToken=2638cd05610744eb'.
C:\gh\azure-sdk-for-net\sdk\keyvault\Azure.Security.KeyVault.Administration\tests\RestoreOperationTests.cs(45,10): error CS0246: The type or namespace name 'TestAttribute' could not be found (are you missing a using directive or an assembly reference?)
C:\gh\azure-sdk-for-net\sdk\keyvault\Azure.Security.KeyVault.Administration\tests\RestoreOperationTests.cs(45,10): error CS0246: The type or namespace name 'Test' could not be found (are you missing a using directive or an assembly reference?)
C:\gh\azure-sdk-for-net\sdk\keyvault\Azure.Security.KeyVault.Administration\tests\KeyVaultBackupClientTests.cs(25,10): error CS0246: The type or namespace name 'TestAttribute' could not be found (are you missing a using directive or an assembly reference?)
C:\gh\azure-sdk-for-net\sdk\keyvault\Azure.Security.KeyVault.Administration\tests\KeyVaultBackupClientTests.cs(25,10): error CS0246: The type or namespace name 'Test' could not be found (are you missing a using directive or an assembly reference?)
C:\gh\azure-sdk-for-net\sdk\keyvault\Azure.Security.KeyVault.Administration\tests\KeyVaultBackupClientTests.cs(26,10): error CS0246: The type or namespace name 'TestCaseSourceAttribute' could not be found (are you missing a using directive or an assembly reference?)
C:\gh\azure-sdk-for-net\sdk\keyvault\Azure.Security.KeyVault.Administration\tests\KeyVaultBackupClientTests.cs(26,10): error CS0246: The type or namespace name 'TestCaseSource' could not be found (are you missing a using directive or an assembly reference?)
C:\gh\azure-sdk-for-net\sdk\keyvault\Azure.Security.KeyVault.Administration\tests\SelectiveKeyRestoreOperationTests.cs(21,10): error CS0246: The type or namespace name 'OneTimeSetUpAttribute' could not be found (are you missing a using directive or an assembly reference?)
C:\gh\azure-sdk-for-net\sdk\keyvault\Azure.Security.KeyVault.Administration\tests\SelectiveKeyRestoreOperationTests.cs(21,10): error CS0246: The type or namespace name 'OneTimeSetUp' could not be found (are you missing a using directive or an assembly reference?)
C:\gh\azure-sdk-for-net\sdk\keyvault\Azure.Security.KeyVault.Administration\tests\RoleAssignmentScopeTests.cs(14,10): error CS0246: The type or namespace name 'TestAttribute' could not be found (are you missing a using directive or an assembly reference?)
C:\gh\azure-sdk-for-net\sdk\keyvault\Azure.Security.KeyVault.Administration\tests\RoleAssignmentScopeTests.cs(14,10): error CS0246: The type or namespace name 'Test' could not be found (are you missing a using directive or an assembly reference?)
C:\gh\azure-sdk-for-net\sdk\keyvault\Azure.Security.KeyVault.Administration\tests\RoleAssignmentScopeTests.cs(15,10): error CS0246: The type or namespace name 'TestCaseAttribute' could not be found (are you missing a using directive or an assembly reference?)
C:\gh\azure-sdk-for-net\sdk\keyvault\Azure.Security.KeyVault.Administration\tests\RoleAssignmentScopeTests.cs(15,10): error CS0246: The type or namespace name 'TestCase' could not be found (are you missing a using directive or an assembly reference?)
C:\gh\azure-sdk-for-net\sdk\keyvault\Azure.Security.KeyVault.Administration\tests\RoleAssignmentScopeTests.cs(16,10): error CS0246: The type or namespace name 'TestCaseAttribute' could not be found (are you missing a using directive or an assembly reference?)
C:\gh\azure-sdk-for-net\sdk\keyvault\Azure.Security.KeyVault.Administration\tests\RoleAssignmentScopeTests.cs(16,10): error CS0246: The type or namespace name 'TestCase' could not be found (are you missing a using directive or an assembly reference?)
C:\gh\azure-sdk-for-net\sdk\keyvault\Azure.Security.KeyVault.Administration\tests\SelectiveKeyRestoreOperationTests.cs(45,10): error CS0246: The type or namespace name 'TestAttribute' could not be found (are you missing a using directive or an assembly reference?)
C:\gh\azure-sdk-for-net\sdk\keyvault\Azure.Security.KeyVault.Administration\tests\SelectiveKeyRestoreOperationTests.cs(45,10): error CS0246: The type or namespace name 'Test' could not be found (are you missing a using directive or an assembly reference?)
C:\gh\azure-sdk-for-net\sdk\keyvault\Azure.Security.KeyVault.Administration\tests\BackupOperationTests.cs(68,10): error CS0246: The type or namespace name 'TestAttribute' could not be found (are you missing a using directive or an assembly reference?)
C:\gh\azure-sdk-for-net\sdk\keyvault\Azure.Security.KeyVault.Administration\tests\BackupOperationTests.cs(68,10): error CS0246: The type or namespace name 'Test' could not be found (are you missing a using directive or an assembly reference?)
C:\gh\azure-sdk-for-net\sdk\keyvault\Azure.Security.KeyVault.Administration\tests\BackupOperationTests.cs(69,10): error CS0246: The type or namespace name 'TestCaseSourceAttribute' could not be found (are you missing a using directive or an assembly reference?)
C:\gh\azure-sdk-for-net\sdk\keyvault\Azure.Security.KeyVault.Administration\tests\BackupOperationTests.cs(69,10): error CS0246: The type or namespace name 'TestCaseSource' could not be found (are you missing a using directive or an assembly reference?)
C:\gh\azure-sdk-for-net\sdk\keyvault\Azure.Security.KeyVault.Administration\tests\BackupOperationTests.cs(90,10): error CS0246: The type or namespace name 'TestAttribute' could not be found (are you missing a using directive or an assembly reference?)
C:\gh\azure-sdk-for-net\sdk\keyvault\Azure.Security.KeyVault.Administration\tests\BackupOperationTests.cs(90,10): error CS0246: The type or namespace name 'Test' could not be found (are you missing a using directive or an assembly reference?)
C:\gh\azure-sdk-for-net\sdk\keyvault\Azure.Security.KeyVault.Administration\tests\RestoreOperationTests.cs(69,10): error CS0246: The type or namespace name 'TestAttribute' could not be found (are you missing a using directive or an assembly reference?)
C:\gh\azure-sdk-for-net\sdk\keyvault\Azure.Security.KeyVault.Administration\tests\RestoreOperationTests.cs(69,10): error CS0246: The type or namespace name 'Test' could not be found (are you missing a using directive or an assembly reference?)
C:\gh\azure-sdk-for-net\sdk\keyvault\Azure.Security.KeyVault.Administration\tests\RestoreOperationTests.cs(70,10): error CS0246: The type or namespace name 'TestCaseSourceAttribute' could not be found (are you missing a using directive or an assembly reference?)
C:\gh\azure-sdk-for-net\sdk\keyvault\Azure.Security.KeyVault.Administration\tests\RestoreOperationTests.cs(70,10): error CS0246: The type or namespace name 'TestCaseSource' could not be found (are you missing a using directive or an assembly reference?)
C:\gh\azure-sdk-for-net\sdk\keyvault\Azure.Security.KeyVault.Administration\tests\SelectiveKeyRestoreOperationTests.cs(69,10): error CS0246: The type or namespace name 'TestAttribute' could not be found (are you missing a using directive or an assembly reference?)
C:\gh\azure-sdk-for-net\sdk\keyvault\Azure.Security.KeyVault.Administration\tests\SelectiveKeyRestoreOperationTests.cs(69,10): error CS0246: The type or namespace name 'Test' could not be found (are you missing a using directive or an assembly reference?)
C:\gh\azure-sdk-for-net\sdk\keyvault\Azure.Security.KeyVault.Administration\tests\SelectiveKeyRestoreOperationTests.cs(70,10): error CS0246: The type or namespace name 'TestCaseSourceAttribute' could not be found (are you missing a using directive or an assembly reference?)
C:\gh\azure-sdk-for-net\sdk\keyvault\Azure.Security.KeyVault.Administration\tests\SelectiveKeyRestoreOperationTests.cs(70,10): error CS0246: The type or namespace name 'TestCaseSource' could not be found (are you missing a using directive or an assembly reference?)
C:\gh\azure-sdk-for-net\sdk\keyvault\Azure.Security.KeyVault.Administration\tests\BackupOperationTests.cs(108,10): error CS0246: The type or namespace name 'TestAttribute' could not be found (are you missing a using directive or an assembly reference?)
C:\gh\azure-sdk-for-net\sdk\keyvault\Azure.Security.KeyVault.Administration\tests\BackupOperationTests.cs(108,10): error CS0246: The type or namespace name 'Test' could not be found (are you missing a using directive or an assembly reference?)
C:\gh\azure-sdk-for-net\sdk\keyvault\Azure.Security.KeyVault.Administration\tests\SelectiveKeyRestoreOperationTests.cs(91,10): error CS0246: The type or namespace name 'TestAttribute' could not be found (are you missing a using directive or an assembly reference?)
C:\gh\azure-sdk-for-net\sdk\keyvault\Azure.Security.KeyVault.Administration\tests\SelectiveKeyRestoreOperationTests.cs(91,10): error CS0246: The type or namespace name 'Test' could not be found (are you missing a using directive or an assembly reference?)
C:\gh\azure-sdk-for-net\sdk\keyvault\Azure.Security.KeyVault.Administration\tests\RestoreOperationTests.cs(91,10): error CS0246: The type or namespace name 'TestAttribute' could not be found (are you missing a using directive or an assembly reference?)
C:\gh\azure-sdk-for-net\sdk\keyvault\Azure.Security.KeyVault.Administration\tests\RestoreOperationTests.cs(91,10): error CS0246: The type or namespace name 'Test' could not be found (are you missing a using directive or an assembly reference?)
C:\gh\azure-sdk-for-net\sdk\keyvault\Azure.Security.KeyVault.Administration\tests\SelectiveKeyRestoreOperationTests.cs(109,10): error CS0246: The type or namespace name 'TestAttribute' could not be found (are you missing a using directive or an assembly reference?)
C:\gh\azure-sdk-for-net\sdk\keyvault\Azure.Security.KeyVault.Administration\tests\SelectiveKeyRestoreOperationTests.cs(109,10): error CS0246: The type or namespace name 'Test' could not be found (are you missing a using directive or an assembly reference?)
C:\gh\azure-sdk-for-net\sdk\keyvault\Azure.Security.KeyVault.Administration\tests\RestoreOperationTests.cs(109,10): error CS0246: The type or namespace name 'TestAttribute' could not be found (are you missing a using directive or an assembly reference?)
C:\gh\azure-sdk-for-net\sdk\keyvault\Azure.Security.KeyVault.Administration\tests\RestoreOperationTests.cs(109,10): error CS0246: The type or namespace name 'Test' could not be found (are you missing a using directive or an assembly reference?)
C:\gh\azure-sdk-for-net\sdk\keyvault\Azure.Security.KeyVault.Administration\tests\RoleAssignmentScopeTests.cs(26,10): error CS0246: The type or namespace name 'TestAttribute' could not be found (are you missing a using directive or an assembly reference?)
C:\gh\azure-sdk-for-net\sdk\keyvault\Azure.Security.KeyVault.Administration\tests\RoleAssignmentScopeTests.cs(26,10): error CS0246: The type or namespace name 'Test' could not be found (are you missing a using directive or an assembly reference?)
C:\gh\azure-sdk-for-net\sdk\keyvault\Azure.Security.KeyVault.Administration\tests\RoleAssignmentScopeTests.cs(27,10): error CS0246: The type or namespace name 'TestCaseAttribute' could not be found (are you missing a using directive or an assembly reference?)
C:\gh\azure-sdk-for-net\sdk\keyvault\Azure.Security.KeyVault.Administration\tests\RoleAssignmentScopeTests.cs(27,10): error CS0246: The type or namespace name 'TestCase' could not be found (are you missing a using directive or an assembly reference?)
C:\gh\azure-sdk-for-net\sdk\keyvault\Azure.Security.KeyVault.Administration\tests\RoleAssignmentScopeTests.cs(28,10): error CS0246: The type or namespace name 'TestCaseAttribute' could not be found (are you missing a using directive or an assembly reference?)
C:\gh\azure-sdk-for-net\sdk\keyvault\Azure.Security.KeyVault.Administration\tests\RoleAssignmentScopeTests.cs(28,10): error CS0246: The type or namespace name 'TestCase' could not be found (are you missing a using directive or an assembly reference?)
C:\gh\azure-sdk-for-net\sdk\keyvault\Azure.Security.KeyVault.Administration\tests\RoleAssignmentScopeTests.cs(29,10): error CS0246: The type or namespace name 'TestCaseAttribute' could not be found (are you missing a using directive or an assembly reference?)
C:\gh\azure-sdk-for-net\sdk\keyvault\Azure.Security.KeyVault.Administration\tests\RoleAssignmentScopeTests.cs(29,10): error CS0246: The type or namespace name 'TestCase' could not be found (are you missing a using directive or an assembly reference?)
C:\gh\azure-sdk-for-net\sdk\keyvault\Azure.Security.KeyVault.Administration\tests\SelectiveKeyRestoreOperationTests.cs(66,31): error CS0246: The type or namespace name 'RequestFailedException' could not be found (are you missing a using directive or an assembly reference?)
C:\gh\azure-sdk-for-net\sdk\keyvault\Azure.Security.KeyVault.Administration\tests\samples\Sample1_RbacHelloWorld.cs(39,108): error CS0246: The type or namespace name 'DefaultAzureCredential' could not be found (are you missing a using directive or an assembly reference?)
C:\gh\azure-sdk-for-net\sdk\keyvault\Azure.Security.KeyVault.Administration\tests\samples\Sample1_RbacHelloWorld.cs(39,54): error CS0518: Predefined type 'System.Void' is not defined or imported
C:\gh\azure-sdk-for-net\sdk\keyvault\Azure.Security.KeyVault.Administration\tests\AccessControlTestBase.cs(37,37): error CS0012: The type 'TokenCredential' is defined in an assembly that is not referenced. You must add a reference to assembly 'Azure.Core, Version=1.4.1.0, Culture=neutral, PublicKeyToken=92742159e12e44c8'.
C:\gh\azure-sdk-for-net\sdk\keyvault\Azure.Security.KeyVault.Administration\tests\AccessControlTestBase.cs(38,49): error CS0518: Predefined type 'System.Void' is not defined or imported
C:\gh\azure-sdk-for-net\sdk\keyvault\Azure.Security.KeyVault.Administration\tests\AccessControlTestBase.cs(35,22): error CS0518: Predefined type 'System.Void' is not defined or imported
C:\gh\azure-sdk-for-net\sdk\keyvault\Azure.Security.KeyVault.Shared\tests\TestExtensions.cs(27,35): error CS0246: The type or namespace name 'Utf8JsonWriter' could not be found (are you missing a using directive or an assembly reference?)
C:\gh\azure-sdk-for-net\sdk\keyvault\Azure.Security.KeyVault.Administration\tests\samples\AccessControlSampleSnippets.cs(40,130): error CS0246: The type or namespace name 'DefaultAzureCredential' could not be found (are you missing a using directive or an assembly reference?)
C:\gh\azure-sdk-for-net\sdk\keyvault\Azure.Security.KeyVault.Administration\tests\samples\AccessControlSampleSnippets.cs(40,54): error CS0518: Predefined type 'System.Void' is not defined or imported
C:\gh\azure-sdk-for-net\sdk\keyvault\Azure.Security.KeyVault.Administration\tests\samples\AccessControlSampleSnippets.cs(44,60): error CS0246: The type or namespace name 'Pageable<>' could not be found (are you missing a using directive or an assembly reference?)
C:\gh\azure-sdk-for-net\sdk\keyvault\Azure.Security.KeyVault.Administration\tests\samples\AccessControlSampleSnippets.cs(47,60): error CS0246: The type or namespace name 'Pageable<>' could not be found (are you missing a using directive or an assembly reference?)
C:\gh\azure-sdk-for-net\sdk\keyvault\Azure.Security.KeyVault.Administration\tests\samples\Sample1_RbacHelloWorld.cs(53,60): error CS0246: The type or namespace name 'Pageable<>' could not be found (are you missing a using directive or an assembly reference?)
C:\gh\azure-sdk-for-net\sdk\keyvault\Azure.Security.KeyVault.Administration\tests\samples\Sample1_RbacHelloWorld.cs(58,60): error CS0246: The type or namespace name 'Pageable<>' could not be found (are you missing a using directive or an assembly reference?)
C:\gh\azure-sdk-for-net\sdk\keyvault\Azure.Security.KeyVault.Administration\tests\SelectiveKeyRestoreOperationTests.cs(26,33): error CS0122: 'SelectiveKeyRestoreDetailsInternal' is inaccessible due to its protection level
C:\gh\azure-sdk-for-net\sdk\keyvault\Azure.Security.KeyVault.Administration\tests\SelectiveKeyRestoreOperationTests.cs(29,21): error CS0122: 'KeyVaultServiceError' is inaccessible due to its protection level
C:\gh\azure-sdk-for-net\sdk\keyvault\Azure.Security.KeyVault.Administration\tests\SelectiveKeyRestoreOperationTests.cs(29,21): error CS0518: Predefined type 'System.Void' is not defined or imported
C:\gh\azure-sdk-for-net\sdk\keyvault\Azure.Security.KeyVault.Administration\tests\SelectiveKeyRestoreOperationTests.cs(26,33): error CS0518: Predefined type 'System.Void' is not defined or imported
C:\gh\azure-sdk-for-net\sdk\keyvault\Azure.Security.KeyVault.Administration\tests\SelectiveKeyRestoreOperationTests.cs(33,37): error CS0122: 'SelectiveKeyRestoreDetailsInternal' is inaccessible due to its protection level
C:\gh\azure-sdk-for-net\sdk\keyvault\Azure.Security.KeyVault.Administration\tests\SelectiveKeyRestoreOperationTests.cs(33,37): error CS0518: Predefined type 'System.Void' is not defined or imported
C:\gh\azure-sdk-for-net\sdk\keyvault\Azure.Security.KeyVault.Administration\tests\SelectiveKeyRestoreOperationTests.cs(41,34): error CS0246: The type or namespace name 'Mock<>' could not be found (are you missing a using directive or an assembly reference?)
C:\gh\azure-sdk-for-net\sdk\keyvault\Azure.Security.KeyVault.Administration\tests\SelectiveKeyRestoreOperationTests.cs(41,39): error CS0246: The type or namespace name 'Response<>' could not be found (are you missing a using directive or an assembly reference?)
C:\gh\azure-sdk-for-net\sdk\keyvault\Azure.Security.KeyVault.Administration\tests\SelectiveKeyRestoreOperationTests.cs(41,48): error CS0122: 'SelectiveKeyRestoreDetailsInternal' is inaccessible due to its protection level
C:\gh\azure-sdk-for-net\sdk\keyvault\Azure.Security.KeyVault.Shared\tests\JsonStream.cs(28,88): error CS0246: The type or namespace name 'Utf8JsonWriter' could not be found (are you missing a using directive or an assembly reference?)
C:\gh\azure-sdk-for-net\sdk\keyvault\Azure.Security.KeyVault.Shared\tests\TestExtensions.cs(45,35): error CS0246: The type or namespace name 'Utf8JsonWriter' could not be found (are you missing a using directive or an assembly reference?)
C:\gh\azure-sdk-for-net\sdk\keyvault\Azure.Security.KeyVault.Shared\tests\KeyVaultTestEventListener.cs(25,29): error CS0103: The name 'AzureEventSourceListener' does not exist in the current context
C:\gh\azure-sdk-for-net\sdk\keyvault\Azure.Security.KeyVault.Administration\tests\AccessControlClientLiveTests.cs(22,58): error CS0246: The type or namespace name 'AsyncPageable<>' could not be found (are you missing a using directive or an assembly reference?)
C:\gh\azure-sdk-for-net\sdk\keyvault\Azure.Security.KeyVault.Administration\tests\AccessControlClientLiveTests.cs(24,13): error CS0103: The name 'Assert' does not exist in the current context
C:\gh\azure-sdk-for-net\sdk\keyvault\Azure.Security.KeyVault.Administration\tests\AccessControlClientLiveTests.cs(24,40): error CS0103: The name 'Is' does not exist in the current context
C:\gh\azure-sdk-for-net\sdk\keyvault\Azure.Security.KeyVault.Administration\tests\AccessControlClientLiveTests.cs(25,13): error CS0103: The name 'Assert' does not exist in the current context
C:\gh\azure-sdk-for-net\sdk\keyvault\Azure.Security.KeyVault.Administration\tests\AccessControlClientLiveTests.cs(25,36): error CS0246: The type or namespace name 'IList<>' could not be found (are you missing a using directive or an assembly reference?)
C:\gh\azure-sdk-for-net\sdk\keyvault\Azure.Security.KeyVault.Administration\tests\AccessControlClientLiveTests.cs(25,54): error CS0103: The name 'Is' does not exist in the current context
C:\gh\azure-sdk-for-net\sdk\keyvault\Azure.Security.KeyVault.Administration\tests\AccessControlClientLiveTests.cs(26,13): error CS0103: The name 'Assert' does not exist in the current context
C:\gh\azure-sdk-for-net\sdk\keyvault\Azure.Security.KeyVault.Administration\tests\AccessControlClientLiveTests.cs(26,36): error CS0518: Predefined type 'System.String' is not defined or imported
C:\gh\azure-sdk-for-net\sdk\keyvault\Azure.Security.KeyVault.Administration\tests\AccessControlClientLiveTests.cs(26,49): error CS0103: The name 'Is' does not exist in the current context
C:\gh\azure-sdk-for-net\sdk\keyvault\Azure.Security.KeyVault.Administration\tests\AccessControlClientLiveTests.cs(27,13): error CS0103: The name 'Assert' does not exist in the current context
C:\gh\azure-sdk-for-net\sdk\keyvault\Azure.Security.KeyVault.Administration\tests\AccessControlClientLiveTests.cs(27,36): error CS0518: Predefined type 'System.String' is not defined or imported
C:\gh\azure-sdk-for-net\sdk\keyvault\Azure.Security.KeyVault.Administration\tests\AccessControlClientLiveTests.cs(27,40): error CS0103: The name 'Is' does not exist in the current context
C:\gh\azure-sdk-for-net\sdk\keyvault\Azure.Security.KeyVault.Administration\tests\AccessControlClientLiveTests.cs(28,13): error CS0103: The name 'Assert' does not exist in the current context
C:\gh\azure-sdk-for-net\sdk\keyvault\Azure.Security.KeyVault.Administration\tests\AccessControlClientLiveTests.cs(28,36): error CS0518: Predefined type 'System.String' is not defined or imported
C:\gh\azure-sdk-for-net\sdk\keyvault\Azure.Security.KeyVault.Administration\tests\AccessControlClientLiveTests.cs(28,42): error CS0103: The name 'Is' does not exist in the current context
C:\gh\azure-sdk-for-net\sdk\keyvault\Azure.Security.KeyVault.Administration\tests\AccessControlClientLiveTests.cs(29,13): error CS0103: The name 'Assert' does not exist in the current context
C:\gh\azure-sdk-for-net\sdk\keyvault\Azure.Security.KeyVault.Administration\tests\AccessControlClientLiveTests.cs(29,36): error CS0246: The type or namespace name 'IList<>' could not be found (are you missing a using directive or an assembly reference?)
C:\gh\azure-sdk-for-net\sdk\keyvault\Azure.Security.KeyVault.Administration\tests\AccessControlClientLiveTests.cs(29,49): error CS0103: The name 'Is' does not exist in the current context
C:\gh\azure-sdk-for-net\sdk\keyvault\Azure.Security.KeyVault.Administration\tests\AccessControlClientLiveTests.cs(30,13): error CS0103: The name 'Assert' does not exist in the current context
C:\gh\azure-sdk-for-net\sdk\keyvault\Azure.Security.KeyVault.Administration\tests\AccessControlClientLiveTests.cs(30,36): error CS0518: Predefined type 'System.String' is not defined or imported
C:\gh\azure-sdk-for-net\sdk\keyvault\Azure.Security.KeyVault.Administration\tests\AccessControlClientLiveTests.cs(30,46): error CS0103: The name 'Is' does not exist in the current context
C:\gh\azure-sdk-for-net\sdk\keyvault\Azure.Security.KeyVault.Administration\tests\AccessControlClientLiveTests.cs(31,13): error CS0103: The name 'Assert' does not exist in the current context
C:\gh\azure-sdk-for-net\sdk\keyvault\Azure.Security.KeyVault.Administration\tests\AccessControlClientLiveTests.cs(31,36): error CS0518: Predefined type 'System.String' is not defined or imported
C:\gh\azure-sdk-for-net\sdk\keyvault\Azure.Security.KeyVault.Administration\tests\AccessControlClientLiveTests.cs(31,46): error CS0103: The name 'Is' does not exist in the current context
C:\gh\azure-sdk-for-net\sdk\keyvault\Azure.Security.KeyVault.Administration\tests\AccessControlClientLiveTests.cs(32,13): error CS0103: The name 'Assert' does not exist in the current context
C:\gh\azure-sdk-for-net\sdk\keyvault\Azure.Security.KeyVault.Administration\tests\AccessControlClientLiveTests.cs(32,36): error CS0518: Predefined type 'System.String' is not defined or imported
C:\gh\azure-sdk-for-net\sdk\keyvault\Azure.Security.KeyVault.Administration\tests\AccessControlClientLiveTests.cs(32,42): error CS0103: The name 'Is' does not exist in the current context
C:\gh\azure-sdk-for-net\sdk\keyvault\Azure.Security.KeyVault.Administration\tests\samples\Sample1_RbacHelloWorld.cs(73,65): error CS0246: The type or namespace name 'AsyncPageable<>' could not be found (are you missing a using directive or an assembly reference?)
C:\gh\azure-sdk-for-net\sdk\keyvault\Azure.Security.KeyVault.Administration\tests\samples\Sample1_RbacHelloWorld.cs(82,65): error CS0246: The type or namespace name 'AsyncPageable<>' could not be found (are you missing a using directive or an assembly reference?)
C:\gh\azure-sdk-for-net\sdk\keyvault\Azure.Security.KeyVault.Administration\tests\samples\Sample2_RbacScopeAssignment.cs(36,62): error CS0246: The type or namespace name 'AsyncPageable<>' could not be found (are you missing a using directive or an assembly reference?)
C:\gh\azure-sdk-for-net\sdk\keyvault\Azure.Security.KeyVault.Administration\tests\samples\Sample2_RbacScopeAssignment.cs(37,67): error CS0518: Predefined type 'System.String' is not defined or imported
C:\gh\azure-sdk-for-net\sdk\keyvault\Azure.Security.KeyVault.Administration\tests\samples\Sample2_RbacScopeAssignment.cs(50,71): error CS0246: The type or namespace name 'Task<>' could not be found (are you missing a using directive or an assembly reference?)
C:\gh\azure-sdk-for-net\sdk\keyvault\Azure.Security.KeyVault.Administration\tests\samples\Sample2_RbacScopeAssignment.cs(57,44): error CS0246: The type or namespace name 'Task<>' could not be found (are you missing a using directive or an assembly reference?)
C:\gh\azure-sdk-for-net\sdk\keyvault\Azure.Security.KeyVault.Administration\tests\samples\Sample2_RbacScopeAssignment.cs(58,41): error CS0518: Predefined type 'System.String' is not defined or imported
C:\gh\azure-sdk-for-net\sdk\keyvault\Azure.Security.KeyVault.Administration\tests\samples\Sample2_RbacScopeAssignment.cs(64,37): error CS0246: The type or namespace name 'Task<>' could not be found (are you missing a using directive or an assembly reference?)
C:\gh\azure-sdk-for-net\sdk\keyvault\Azure.Security.KeyVault.Administration\tests\samples\Sample2_RbacScopeAssignment.cs(67,129): error CS0246: The type or namespace name 'Uri' could not be found (are you missing a using directive or an assembly reference?)
C:\gh\azure-sdk-for-net\sdk\keyvault\Azure.Security.KeyVault.Administration\tests\samples\Sample2_RbacScopeAssignment.cs(67,107): error CS0518: Predefined type 'System.Void' is not defined or imported
C:\gh\azure-sdk-for-net\sdk\keyvault\Azure.Security.KeyVault.Administration\tests\samples\Sample2_RbacScopeAssignment.cs(67,70): error CS0246: The type or namespace name 'Task<>' could not be found (are you missing a using directive or an assembly reference?)
C:\gh\azure-sdk-for-net\sdk\keyvault\Azure.Security.KeyVault.Shared\tests\PremiumOnlyAttribute.cs(21,33): error CS0103: The name 'RunState' does not exist in the current context
C:\gh\azure-sdk-for-net\sdk\keyvault\Azure.Security.KeyVault.Shared\tests\PremiumOnlyAttribute.cs(22,37): error CS0103: The name 'PropertyNames' does not exist in the current context
C:\gh\azure-sdk-for-net\sdk\keyvault\Azure.Security.KeyVault.Administration\tests\samples\AccessControlSampleSnippets.cs(57,13): error CS0246: The type or namespace name 'Pageable<>' could not be found (are you missing a using directive or an assembly reference?)
C:\gh\azure-sdk-for-net\sdk\keyvault\Azure.Security.KeyVault.Administration\tests\samples\AccessControlSampleSnippets.cs(57,63): error CS0246: The type or namespace name 'Pageable<>' could not be found (are you missing a using directive or an assembly reference?)
C:\gh\azure-sdk-for-net\sdk\keyvault\Azure.Security.KeyVault.Administration\tests\samples\AccessControlSampleSnippets.cs(61,50): error CS0518: Predefined type 'System.String' is not defined or imported
C:\gh\azure-sdk-for-net\sdk\keyvault\Azure.Security.KeyVault.Administration\tests\samples\AccessControlSampleSnippets.cs(62,50): error CS0518: Predefined type 'System.String' is not defined or imported
C:\gh\azure-sdk-for-net\sdk\keyvault\Azure.Security.KeyVault.Administration\tests\samples\AccessControlSampleSnippets.cs(63,50): error CS0518: Predefined type 'System.String' is not defined or imported
C:\gh\azure-sdk-for-net\sdk\keyvault\Azure.Security.KeyVault.Administration\tests\BackupOperationTests.cs(65,31): error CS0246: The type or namespace name 'RequestFailedException' could not be found (are you missing a using directive or an assembly reference?)
C:\gh\azure-sdk-for-net\sdk\keyvault\Azure.Security.KeyVault.Administration\tests\AccessControlTestBase.cs(71,27): error CS0246: The type or namespace name 'Task<>' could not be found (are you missing a using directive or an assembly reference?)
C:\gh\azure-sdk-for-net\sdk\keyvault\Azure.Security.KeyVault.Administration\tests\AccessControlTestBase.cs(74,20): error CS0246: The type or namespace name 'RequestFailedException' could not be found (are you missing a using directive or an assembly reference?)
C:\gh\azure-sdk-for-net\sdk\keyvault\Azure.Security.KeyVault.Administration\tests\AdministrationTestBase.cs(42,29): error CS0246: The type or namespace name 'IgnoreException' could not be found (are you missing a using directive or an assembly reference?)
C:\gh\azure-sdk-for-net\sdk\keyvault\Azure.Security.KeyVault.Administration\tests\SelectiveKeyRestoreOperationTests.cs(49,34): error CS0246: The type or namespace name 'Mock<>' could not be found (are you missing a using directive or an assembly reference?)
C:\gh\azure-sdk-for-net\sdk\keyvault\Azure.Security.KeyVault.Administration\tests\SelectiveKeyRestoreOperationTests.cs(54,33): error CS0518: Predefined type 'System.Void' is not defined or imported
C:\gh\azure-sdk-for-net\sdk\keyvault\Azure.Security.KeyVault.Administration\tests\SelectiveKeyRestoreOperationTests.cs(56,13): error CS0103: The name 'Assert' does not exist in the current context
C:\gh\azure-sdk-for-net\sdk\keyvault\Azure.Security.KeyVault.Administration\tests\SelectiveKeyRestoreOperationTests.cs(56,32): error CS0246: The type or namespace name 'RequestFailedException' could not be found (are you missing a using directive or an assembly reference?)
C:\gh\azure-sdk-for-net\sdk\keyvault\Azure.Security.KeyVault.Administration\tests\SelectiveKeyRestoreOperationTests.cs(58,29): error CS0518: Predefined type 'System.Void' is not defined or imported
C:\gh\azure-sdk-for-net\sdk\keyvault\Azure.Security.KeyVault.Administration\tests\SelectiveKeyRestoreOperationTests.cs(60,13): error CS0103: The name 'Assert' does not exist in the current context
C:\gh\azure-sdk-for-net\sdk\keyvault\Azure.Security.KeyVault.Administration\tests\SelectiveKeyRestoreOperationTests.cs(60,27): error CS0246: The type or namespace name 'RequestFailedException' could not be found (are you missing a using directive or an assembly reference?)
C:\gh\azure-sdk-for-net\sdk\keyvault\Azure.Security.KeyVault.Administration\tests\BackupOperationTests.cs(26,32): error CS0122: 'FullBackupDetailsInternal' is inaccessible due to its protection level
C:\gh\azure-sdk-for-net\sdk\keyvault\Azure.Security.KeyVault.Administration\tests\BackupOperationTests.cs(29,21): error CS0122: 'KeyVaultServiceError' is inaccessible due to its protection level
C:\gh\azure-sdk-for-net\sdk\keyvault\Azure.Security.KeyVault.Administration\tests\BackupOperationTests.cs(29,21): error CS0518: Predefined type 'System.Void' is not defined or imported
C:\gh\azure-sdk-for-net\sdk\keyvault\Azure.Security.KeyVault.Administration\tests\BackupOperationTests.cs(26,32): error CS0518: Predefined type 'System.Void' is not defined or imported
C:\gh\azure-sdk-for-net\sdk\keyvault\Azure.Security.KeyVault.Administration\tests\BackupOperationTests.cs(33,36): error CS0122: 'FullBackupDetailsInternal' is inaccessible due to its protection level
C:\gh\azure-sdk-for-net\sdk\keyvault\Azure.Security.KeyVault.Administration\tests\BackupOperationTests.cs(33,36): error CS0518: Predefined type 'System.Void' is not defined or imported
C:\gh\azure-sdk-for-net\sdk\keyvault\Azure.Security.KeyVault.Administration\tests\BackupOperationTests.cs(40,34): error CS0246: The type or namespace name 'Mock<>' could not be found (are you missing a using directive or an assembly reference?)
C:\gh\azure-sdk-for-net\sdk\keyvault\Azure.Security.KeyVault.Administration\tests\BackupOperationTests.cs(40,39): error CS0246: The type or namespace name 'Response<>' could not be found (are you missing a using directive or an assembly reference?)
C:\gh\azure-sdk-for-net\sdk\keyvault\Azure.Security.KeyVault.Administration\tests\BackupOperationTests.cs(40,48): error CS0122: 'FullBackupDetailsInternal' is inaccessible due to its protection level
C:\gh\azure-sdk-for-net\sdk\keyvault\Azure.Security.KeyVault.Administration\tests\samples\Sample1_RbacHelloWorld.cs(96,56): error CS0246: The type or namespace name 'Pageable<>' could not be found (are you missing a using directive or an assembly reference?)
C:\gh\azure-sdk-for-net\sdk\keyvault\Azure.Security.KeyVault.Administration\tests\samples\Sample1_RbacHelloWorld.cs(97,67): error CS0518: Predefined type 'System.String' is not defined or imported
C:\gh\azure-sdk-for-net\sdk\keyvault\Azure.Security.KeyVault.Administration\tests\samples\Sample1_RbacHelloWorld.cs(110,62): error CS0246: The type or namespace name 'Response<>' could not be found (are you missing a using directive or an assembly reference?)
C:\gh\azure-sdk-for-net\sdk\keyvault\Azure.Security.KeyVault.Administration\tests\samples\Sample1_RbacHelloWorld.cs(114,125): error CS0518: Predefined type 'System.String' is not defined or imported
C:\gh\azure-sdk-for-net\sdk\keyvault\Azure.Security.KeyVault.Administration\tests\samples\Sample1_RbacHelloWorld.cs(114,56): error CS0246: The type or namespace name 'Response<>' could not be found (are you missing a using directive or an assembly reference?)
C:\gh\azure-sdk-for-net\sdk\keyvault\Azure.Security.KeyVault.Administration\tests\samples\Sample1_RbacHelloWorld.cs(118,128): error CS0518: Predefined type 'System.String' is not defined or imported
C:\gh\azure-sdk-for-net\sdk\keyvault\Azure.Security.KeyVault.Administration\tests\samples\Sample1_RbacHelloWorld.cs(118,56): error CS0246: The type or namespace name 'Response<>' could not be found (are you missing a using directive or an assembly reference?)
C:\gh\azure-sdk-for-net\sdk\keyvault\Azure.Security.KeyVault.Shared\tests\JsonStream.cs(36,19): error CS0246: The type or namespace name 'Utf8JsonWriter' could not be found (are you missing a using directive or an assembly reference?)
C:\gh\azure-sdk-for-net\sdk\keyvault\Azure.Security.KeyVault.Administration\tests\AccessControlClientLiveTests.cs(38,62): error CS0246: The type or namespace name 'AsyncPageable<>' could not be found (are you missing a using directive or an assembly reference?)
C:\gh\azure-sdk-for-net\sdk\keyvault\Azure.Security.KeyVault.Administration\tests\AccessControlClientLiveTests.cs(39,72): error CS0518: Predefined type 'System.String' is not defined or imported
C:\gh\azure-sdk-for-net\sdk\keyvault\Azure.Security.KeyVault.Administration\tests\AccessControlClientLiveTests.cs(41,51): error CS0246: The type or namespace name 'Task<>' could not be found (are you missing a using directive or an assembly reference?)
C:\gh\azure-sdk-for-net\sdk\keyvault\Azure.Security.KeyVault.Administration\tests\AccessControlClientLiveTests.cs(45,13): error CS0103: The name 'Assert' does not exist in the current context
C:\gh\azure-sdk-for-net\sdk\keyvault\Azure.Security.KeyVault.Administration\tests\AccessControlClientLiveTests.cs(45,32): error CS0518: Predefined type 'System.String' is not defined or imported
C:\gh\azure-sdk-for-net\sdk\keyvault\Azure.Security.KeyVault.Administration\tests\AccessControlClientLiveTests.cs(45,36): error CS0103: The name 'Is' does not exist in the current context
C:\gh\azure-sdk-for-net\sdk\keyvault\Azure.Security.KeyVault.Administration\tests\AccessControlClientLiveTests.cs(46,13): error CS0103: The name 'Assert' does not exist in the current context
C:\gh\azure-sdk-for-net\sdk\keyvault\Azure.Security.KeyVault.Administration\tests\AccessControlClientLiveTests.cs(46,32): error CS0518: Predefined type 'System.String' is not defined or imported
C:\gh\azure-sdk-for-net\sdk\keyvault\Azure.Security.KeyVault.Administration\tests\AccessControlClientLiveTests.cs(46,38): error CS0103: The name 'Is' does not exist in the current context
C:\gh\azure-sdk-for-net\sdk\keyvault\Azure.Security.KeyVault.Administration\tests\AccessControlClientLiveTests.cs(47,13): error CS0103: The name 'Assert' does not exist in the current context
C:\gh\azure-sdk-for-net\sdk\keyvault\Azure.Security.KeyVault.Administration\tests\AccessControlClientLiveTests.cs(47,32): error CS0518: Predefined type 'System.String' is not defined or imported
C:\gh\azure-sdk-for-net\sdk\keyvault\Azure.Security.KeyVault.Administration\tests\AccessControlClientLiveTests.cs(47,38): error CS0103: The name 'Is' does not exist in the current context
C:\gh\azure-sdk-for-net\sdk\keyvault\Azure.Security.KeyVault.Administration\tests\AccessControlClientLiveTests.cs(48,13): error CS0103: The name 'Assert' does not exist in the current context
C:\gh\azure-sdk-for-net\sdk\keyvault\Azure.Security.KeyVault.Administration\tests\AccessControlClientLiveTests.cs(48,43): error CS0518: Predefined type 'System.String' is not defined or imported
C:\gh\azure-sdk-for-net\sdk\keyvault\Azure.Security.KeyVault.Administration\tests\AccessControlClientLiveTests.cs(48,56): error CS0103: The name 'Is' does not exist in the current context
C:\gh\azure-sdk-for-net\sdk\keyvault\Azure.Security.KeyVault.Administration\tests\AccessControlClientLiveTests.cs(49,13): error CS0103: The name 'Assert' does not exist in the current context
C:\gh\azure-sdk-for-net\sdk\keyvault\Azure.Security.KeyVault.Administration\tests\AccessControlClientLiveTests.cs(49,43): error CS0518: Predefined type 'System.String' is not defined or imported
C:\gh\azure-sdk-for-net\sdk\keyvault\Azure.Security.KeyVault.Administration\tests\AccessControlClientLiveTests.cs(49,61): error CS0103: The name 'Is' does not exist in the current context
C:\gh\azure-sdk-for-net\sdk\keyvault\Azure.Security.KeyVault.Administration\tests\BackupRestoreTestBase.cs(32,33): error CS0012: The type 'TokenCredential' is defined in an assembly that is not referenced. You must add a reference to assembly 'Azure.Core, Version=1.4.1.0, Culture=neutral, PublicKeyToken=92742159e12e44c8'.
C:\gh\azure-sdk-for-net\sdk\keyvault\Azure.Security.KeyVault.Administration\tests\BackupRestoreTestBase.cs(33,45): error CS0518: Predefined type 'System.Void' is not defined or imported
C:\gh\azure-sdk-for-net\sdk\keyvault\Azure.Security.KeyVault.Administration\tests\BackupRestoreTestBase.cs(30,30): error CS0518: Predefined type 'System.Void' is not defined or imported
C:\gh\azure-sdk-for-net\sdk\keyvault\Azure.Security.KeyVault.Administration\tests\AccessControlTestBase.cs(81,58): error CS0518: Predefined type 'System.String' is not defined or imported
C:\gh\azure-sdk-for-net\sdk\keyvault\Azure.Security.KeyVault.Administration\tests\AccessControlTestBase.cs(81,86): error CS0518: Predefined type 'System.String' is not defined or imported
C:\gh\azure-sdk-for-net\sdk\keyvault\Azure.Security.KeyVault.Administration\tests\KeyVaultBackupClientTests.cs(30,34): error CS0122: 'KeyVaultBackupClient.ParseFolderName(Uri, out string, out string)' is inaccessible due to its protection level
C:\gh\azure-sdk-for-net\sdk\keyvault\Azure.Security.KeyVault.Administration\tests\KeyVaultBackupClientTests.cs(32,13): error CS0103: The name 'Assert' does not exist in the current context
C:\gh\azure-sdk-for-net\sdk\keyvault\Azure.Security.KeyVault.Administration\tests\KeyVaultBackupClientTests.cs(32,45): error CS0103: The name 'Is' does not exist in the current context
C:\gh\azure-sdk-for-net\sdk\keyvault\Azure.Security.KeyVault.Administration\tests\KeyVaultBackupClientTests.cs(33,13): error CS0103: The name 'Assert' does not exist in the current context
C:\gh\azure-sdk-for-net\sdk\keyvault\Azure.Security.KeyVault.Administration\tests\KeyVaultBackupClientTests.cs(33,37): error CS0103: The name 'Is' does not exist in the current context
C:\gh\azure-sdk-for-net\sdk\keyvault\Azure.Security.KeyVault.Administration\tests\RestoreOperationTests.cs(66,31): error CS0246: The type or namespace name 'RequestFailedException' could not be found (are you missing a using directive or an assembly reference?)
C:\gh\azure-sdk-for-net\sdk\keyvault\Azure.Security.KeyVault.Administration\tests\samples\Sample1_RbacHelloWorld.cs(129,62): error CS0246: The type or namespace name 'AsyncPageable<>' could not be found (are you missing a using directive or an assembly reference?)
C:\gh\azure-sdk-for-net\sdk\keyvault\Azure.Security.KeyVault.Administration\tests\samples\Sample1_RbacHelloWorld.cs(130,67): error CS0518: Predefined type 'System.String' is not defined or imported
C:\gh\azure-sdk-for-net\sdk\keyvault\Azure.Security.KeyVault.Administration\tests\samples\Sample1_RbacHelloWorld.cs(143,68): error CS0246: The type or namespace name 'Task<>' could not be found (are you missing a using directive or an assembly reference?)
C:\gh\azure-sdk-for-net\sdk\keyvault\Azure.Security.KeyVault.Administration\tests\samples\Sample1_RbacHelloWorld.cs(147,136): error CS0518: Predefined type 'System.String' is not defined or imported
C:\gh\azure-sdk-for-net\sdk\keyvault\Azure.Security.KeyVault.Administration\tests\samples\Sample1_RbacHelloWorld.cs(147,62): error CS0246: The type or namespace name 'Task<>' could not be found (are you missing a using directive or an assembly reference?)
C:\gh\azure-sdk-for-net\sdk\keyvault\Azure.Security.KeyVault.Administration\tests\samples\Sample1_RbacHelloWorld.cs(151,139): error CS0518: Predefined type 'System.String' is not defined or imported
C:\gh\azure-sdk-for-net\sdk\keyvault\Azure.Security.KeyVault.Administration\tests\samples\Sample1_RbacHelloWorld.cs(151,62): error CS0246: The type or namespace name 'Task<>' could not be found (are you missing a using directive or an assembly reference?)
C:\gh\azure-sdk-for-net\sdk\keyvault\Azure.Security.KeyVault.Administration\tests\BackupOperationTests.cs(48,34): error CS0246: The type or namespace name 'Mock<>' could not be found (are you missing a using directive or an assembly reference?)
C:\gh\azure-sdk-for-net\sdk\keyvault\Azure.Security.KeyVault.Administration\tests\BackupOperationTests.cs(53,33): error CS0518: Predefined type 'System.Void' is not defined or imported
C:\gh\azure-sdk-for-net\sdk\keyvault\Azure.Security.KeyVault.Administration\tests\BackupOperationTests.cs(55,13): error CS0103: The name 'Assert' does not exist in the current context
C:\gh\azure-sdk-for-net\sdk\keyvault\Azure.Security.KeyVault.Administration\tests\BackupOperationTests.cs(55,32): error CS0246: The type or namespace name 'RequestFailedException' could not be found (are you missing a using directive or an assembly reference?)
C:\gh\azure-sdk-for-net\sdk\keyvault\Azure.Security.KeyVault.Administration\tests\BackupOperationTests.cs(57,29): error CS0518: Predefined type 'System.Void' is not defined or imported
C:\gh\azure-sdk-for-net\sdk\keyvault\Azure.Security.KeyVault.Administration\tests\BackupOperationTests.cs(59,13): error CS0103: The name 'Assert' does not exist in the current context
C:\gh\azure-sdk-for-net\sdk\keyvault\Azure.Security.KeyVault.Administration\tests\BackupOperationTests.cs(59,27): error CS0246: The type or namespace name 'RequestFailedException' could not be found (are you missing a using directive or an assembly reference?)
C:\gh\azure-sdk-for-net\sdk\keyvault\Azure.Security.KeyVault.Administration\tests\SelectiveKeyRestoreOperationTests.cs(74,34): error CS0246: The type or namespace name 'Mock<>' could not be found (are you missing a using directive or an assembly reference?)
C:\gh\azure-sdk-for-net\sdk\keyvault\Azure.Security.KeyVault.Administration\tests\SelectiveKeyRestoreOperationTests.cs(82,33): error CS0518: Predefined type 'System.Void' is not defined or imported
C:\gh\azure-sdk-for-net\sdk\keyvault\Azure.Security.KeyVault.Administration\tests\SelectiveKeyRestoreOperationTests.cs(84,32): error CS0103: The name 'Assert' does not exist in the current context
C:\gh\azure-sdk-for-net\sdk\keyvault\Azure.Security.KeyVault.Administration\tests\SelectiveKeyRestoreOperationTests.cs(84,51): error CS0246: The type or namespace name 'RequestFailedException' could not be found (are you missing a using directive or an assembly reference?)
C:\gh\azure-sdk-for-net\sdk\keyvault\Azure.Security.KeyVault.Administration\tests\SelectiveKeyRestoreOperationTests.cs(86,29): error CS0518: Predefined type 'System.Void' is not defined or imported
C:\gh\azure-sdk-for-net\sdk\keyvault\Azure.Security.KeyVault.Administration\tests\SelectiveKeyRestoreOperationTests.cs(88,22): error CS0103: The name 'Assert' does not exist in the current context
C:\gh\azure-sdk-for-net\sdk\keyvault\Azure.Security.KeyVault.Administration\tests\SelectiveKeyRestoreOperationTests.cs(88,36): error CS0246: The type or namespace name 'RequestFailedException' could not be found (are you missing a using directive or an assembly reference?)
C:\gh\azure-sdk-for-net\sdk\keyvault\Azure.Security.KeyVault.Administration\tests\samples\Sample1_BackupHelloWorld.cs(24,94): error CS0246: The type or namespace name 'DefaultAzureCredential' could not be found (are you missing a using directive or an assembly reference?)
C:\gh\azure-sdk-for-net\sdk\keyvault\Azure.Security.KeyVault.Administration\tests\samples\Sample1_BackupHelloWorld.cs(24,47): error CS0518: Predefined type 'System.Void' is not defined or imported
C:\gh\azure-sdk-for-net\sdk\keyvault\Azure.Security.KeyVault.Administration\tests\samples\AccessControlSampleSnippets.cs(74,13): error CS0246: The type or namespace name 'Pageable<>' could not be found (are you missing a using directive or an assembly reference?)
C:\gh\azure-sdk-for-net\sdk\keyvault\Azure.Security.KeyVault.Administration\tests\samples\AccessControlSampleSnippets.cs(74,63): error CS0246: The type or namespace name 'Pageable<>' could not be found (are you missing a using directive or an assembly reference?)
C:\gh\azure-sdk-for-net\sdk\keyvault\Azure.Security.KeyVault.Administration\tests\samples\AccessControlSampleSnippets.cs(91,63): error CS0246: The type or namespace name 'Response<>' could not be found (are you missing a using directive or an assembly reference?)
C:\gh\azure-sdk-for-net\sdk\keyvault\Azure.Security.KeyVault.Administration\tests\samples\AccessControlSampleSnippets.cs(93,49): error CS0518: Predefined type 'System.String' is not defined or imported
C:\gh\azure-sdk-for-net\sdk\keyvault\Azure.Security.KeyVault.Administration\tests\samples\AccessControlSampleSnippets.cs(94,60): error CS0518: Predefined type 'System.String' is not defined or imported
C:\gh\azure-sdk-for-net\sdk\keyvault\Azure.Security.KeyVault.Administration\tests\samples\AccessControlSampleSnippets.cs(95,60): error CS0518: Predefined type 'System.String' is not defined or imported
C:\gh\azure-sdk-for-net\sdk\keyvault\Azure.Security.KeyVault.Administration\tests\samples\AccessControlSampleSnippets.cs(97,125): error CS0518: Predefined type 'System.String' is not defined or imported
C:\gh\azure-sdk-for-net\sdk\keyvault\Azure.Security.KeyVault.Administration\tests\samples\AccessControlSampleSnippets.cs(97,56): error CS0246: The type or namespace name 'Response<>' could not be found (are you missing a using directive or an assembly reference?)
C:\gh\azure-sdk-for-net\sdk\keyvault\Azure.Security.KeyVault.Administration\tests\samples\AccessControlSampleSnippets.cs(99,49): error CS0518: Predefined type 'System.String' is not defined or imported
C:\gh\azure-sdk-for-net\sdk\keyvault\Azure.Security.KeyVault.Administration\tests\samples\AccessControlSampleSnippets.cs(100,60): error CS0518: Predefined type 'System.String' is not defined or imported
C:\gh\azure-sdk-for-net\sdk\keyvault\Azure.Security.KeyVault.Administration\tests\samples\AccessControlSampleSnippets.cs(101,60): error CS0518: Predefined type 'System.String' is not defined or imported
C:\gh\azure-sdk-for-net\sdk\keyvault\Azure.Security.KeyVault.Administration\tests\samples\AccessControlSampleSnippets.cs(103,128): error CS0518: Predefined type 'System.String' is not defined or imported
C:\gh\azure-sdk-for-net\sdk\keyvault\Azure.Security.KeyVault.Administration\tests\samples\AccessControlSampleSnippets.cs(103,56): error CS0246: The type or namespace name 'Response<>' could not be found (are you missing a using directive or an assembly reference?)
C:\gh\azure-sdk-for-net\sdk\keyvault\Azure.Security.KeyVault.Administration\tests\samples\AccessControlSampleSnippets.cs(105,49): error CS0518: Predefined type 'System.String' is not defined or imported
C:\gh\azure-sdk-for-net\sdk\keyvault\Azure.Security.KeyVault.Administration\tests\samples\AccessControlSampleSnippets.cs(106,60): error CS0518: Predefined type 'System.String' is not defined or imported
C:\gh\azure-sdk-for-net\sdk\keyvault\Azure.Security.KeyVault.Administration\tests\samples\AccessControlSampleSnippets.cs(107,60): error CS0518: Predefined type 'System.String' is not defined or imported
C:\gh\azure-sdk-for-net\sdk\keyvault\Azure.Security.KeyVault.Administration\tests\BackupRestoreTestBase.cs(57,13): error CS0246: The type or namespace name 'AccountSasBuilder' could not be found (are you missing a using directive or an assembly reference?)
C:\gh\azure-sdk-for-net\sdk\keyvault\Azure.Security.KeyVault.Administration\tests\BackupRestoreTestBase.cs(57,41): error CS0246: The type or namespace name 'AccountSasBuilder' could not be found (are you missing a using directive or an assembly reference?)
C:\gh\azure-sdk-for-net\sdk\keyvault\Azure.Security.KeyVault.Administration\tests\BackupRestoreTestBase.cs(60,28): error CS0103: The name 'AccountSasServices' does not exist in the current context
C:\gh\azure-sdk-for-net\sdk\keyvault\Azure.Security.KeyVault.Administration\tests\BackupRestoreTestBase.cs(63,33): error CS0103: The name 'AccountSasResourceTypes' does not exist in the current context
C:\gh\azure-sdk-for-net\sdk\keyvault\Azure.Security.KeyVault.Administration\tests\BackupRestoreTestBase.cs(69,32): error CS0103: The name 'AccountSasPermissions' does not exist in the current context
C:\gh\azure-sdk-for-net\sdk\keyvault\Azure.Security.KeyVault.Administration\tests\BackupRestoreTestBase.cs(72,13): error CS0246: The type or namespace name 'StorageSharedKeyCredential' could not be found (are you missing a using directive or an assembly reference?)
C:\gh\azure-sdk-for-net\sdk\keyvault\Azure.Security.KeyVault.Administration\tests\BackupRestoreTestBase.cs(72,57): error CS0246: The type or namespace name 'StorageSharedKeyCredential' could not be found (are you missing a using directive or an assembly reference?)
C:\gh\azure-sdk-for-net\sdk\keyvault\Azure.Security.KeyVault.Administration\tests\RoleAssignmentScopeTests.cs(19,13): error CS0103: The name 'Assert' does not exist in the current context
C:\gh\azure-sdk-for-net\sdk\keyvault\Azure.Security.KeyVault.Administration\tests\RoleAssignmentScopeTests.cs(19,71): error CS0103: The name 'Throws' does not exist in the current context
C:\gh\azure-sdk-for-net\sdk\keyvault\Azure.Security.KeyVault.Administration\tests\RoleAssignmentScopeTests.cs(20,13): error CS0103: The name 'Assert' does not exist in the current context
C:\gh\azure-sdk-for-net\sdk\keyvault\Azure.Security.KeyVault.Administration\tests\RoleAssignmentScopeTests.cs(20,68): error CS0103: The name 'Throws' does not exist in the current context
C:\gh\azure-sdk-for-net\sdk\keyvault\Azure.Security.KeyVault.Administration\tests\RoleAssignmentScopeTests.cs(22,13): error CS0103: The name 'Assert' does not exist in the current context
C:\gh\azure-sdk-for-net\sdk\keyvault\Azure.Security.KeyVault.Administration\tests\RoleAssignmentScopeTests.cs(22,67): error CS0103: The name 'Throws' does not exist in the current context
C:\gh\azure-sdk-for-net\sdk\keyvault\Azure.Security.KeyVault.Administration\tests\RoleAssignmentScopeTests.cs(23,13): error CS0103: The name 'Assert' does not exist in the current context
C:\gh\azure-sdk-for-net\sdk\keyvault\Azure.Security.KeyVault.Administration\tests\RoleAssignmentScopeTests.cs(23,111): error CS0103: The name 'Throws' does not exist in the current context
C:\gh\azure-sdk-for-net\sdk\keyvault\Azure.Security.KeyVault.Administration\tests\FullBackupClientLiveTests.cs(28,53): error CS0246: The type or namespace name 'Task<>' could not be found (are you missing a using directive or an assembly reference?)
C:\gh\azure-sdk-for-net\sdk\keyvault\Azure.Security.KeyVault.Administration\tests\FullBackupClientLiveTests.cs(31,63): error CS0246: The type or namespace name 'Operation<>' could not be found (are you missing a using directive or an assembly reference?)
C:\gh\azure-sdk-for-net\sdk\keyvault\Azure.Security.KeyVault.Administration\tests\FullBackupClientLiveTests.cs(31,47): error CS0246: The type or namespace name 'ValueTask<>' could not be found (are you missing a using directive or an assembly reference?)
C:\gh\azure-sdk-for-net\sdk\keyvault\Azure.Security.KeyVault.Administration\tests\FullBackupClientLiveTests.cs(35,13): error CS0103: The name 'Assert' does not exist in the current context
C:\gh\azure-sdk-for-net\sdk\keyvault\Azure.Security.KeyVault.Administration\tests\FullBackupClientLiveTests.cs(35,57): error CS0103: The name 'Is' does not exist in the current context
C:\gh\azure-sdk-for-net\sdk\keyvault\Azure.Security.KeyVault.Administration\tests\FullBackupClientLiveTests.cs(36,13): error CS0103: The name 'Assert' does not exist in the current context
C:\gh\azure-sdk-for-net\sdk\keyvault\Azure.Security.KeyVault.Administration\tests\FullBackupClientLiveTests.cs(36,39): error CS0103: The name 'Is' does not exist in the current context
C:\gh\azure-sdk-for-net\sdk\keyvault\Azure.Security.KeyVault.Administration\tests\FullBackupClientLiveTests.cs(37,13): error CS0103: The name 'Assert' does not exist in the current context
C:\gh\azure-sdk-for-net\sdk\keyvault\Azure.Security.KeyVault.Administration\tests\FullBackupClientLiveTests.cs(37,41): error CS0518: Predefined type 'System.Boolean' is not defined or imported
C:\gh\azure-sdk-for-net\sdk\keyvault\Azure.Security.KeyVault.Administration\tests\FullBackupClientLiveTests.cs(37,51): error CS0103: The name 'Is' does not exist in the current context
C:\gh\azure-sdk-for-net\sdk\keyvault\Azure.Security.KeyVault.Administration\tests\FullBackupClientLiveTests.cs(40,93): error CS0246: The type or namespace name 'Uri' could not be found (are you missing a using directive or an assembly reference?)
C:\gh\azure-sdk-for-net\sdk\keyvault\Azure.Security.KeyVault.Administration\tests\FullBackupClientLiveTests.cs(40,55): error CS0246: The type or namespace name 'Task<>' could not be found (are you missing a using directive or an assembly reference?)
C:\gh\azure-sdk-for-net\sdk\keyvault\Azure.Security.KeyVault.Administration\tests\FullBackupClientLiveTests.cs(43,56): error CS0246: The type or namespace name 'Operation<>' could not be found (are you missing a using directive or an assembly reference?)
C:\gh\azure-sdk-for-net\sdk\keyvault\Azure.Security.KeyVault.Administration\tests\FullBackupClientLiveTests.cs(43,39): error CS0246: The type or namespace name 'ValueTask<>' could not be found (are you missing a using directive or an assembly reference?)
C:\gh\azure-sdk-for-net\sdk\keyvault\Azure.Security.KeyVault.Administration\tests\FullBackupClientLiveTests.cs(47,13): error CS0103: The name 'Assert' does not exist in the current context
C:\gh\azure-sdk-for-net\sdk\keyvault\Azure.Security.KeyVault.Administration\tests\FullBackupClientLiveTests.cs(47,57): error CS0103: The name 'Is' does not exist in the current context
C:\gh\azure-sdk-for-net\sdk\keyvault\Azure.Security.KeyVault.Administration\tests\FullBackupClientLiveTests.cs(48,13): error CS0103: The name 'Assert' does not exist in the current context
C:\gh\azure-sdk-for-net\sdk\keyvault\Azure.Security.KeyVault.Administration\tests\FullBackupClientLiveTests.cs(48,40): error CS0103: The name 'Is' does not exist in the current context
C:\gh\azure-sdk-for-net\sdk\keyvault\Azure.Security.KeyVault.Administration\tests\FullBackupClientLiveTests.cs(49,13): error CS0103: The name 'Assert' does not exist in the current context
C:\gh\azure-sdk-for-net\sdk\keyvault\Azure.Security.KeyVault.Administration\tests\FullBackupClientLiveTests.cs(49,42): error CS0518: Predefined type 'System.Boolean' is not defined or imported
C:\gh\azure-sdk-for-net\sdk\keyvault\Azure.Security.KeyVault.Administration\tests\FullBackupClientLiveTests.cs(49,52): error CS0103: The name 'Is' does not exist in the current context
C:\gh\azure-sdk-for-net\sdk\keyvault\Azure.Security.KeyVault.Administration\tests\AccessControlClientLiveTests.cs(55,62): error CS0246: The type or namespace name 'AsyncPageable<>' could not be found (are you missing a using directive or an assembly reference?)
C:\gh\azure-sdk-for-net\sdk\keyvault\Azure.Security.KeyVault.Administration\tests\AccessControlClientLiveTests.cs(56,72): error CS0518: Predefined type 'System.String' is not defined or imported
C:\gh\azure-sdk-for-net\sdk\keyvault\Azure.Security.KeyVault.Administration\tests\AccessControlClientLiveTests.cs(58,55): error CS0246: The type or namespace name 'Task<>' could not be found (are you missing a using directive or an assembly reference?)
C:\gh\azure-sdk-for-net\sdk\keyvault\Azure.Security.KeyVault.Administration\tests\AccessControlClientLiveTests.cs(62,118): error CS0518: Predefined type 'System.String' is not defined or imported
C:\gh\azure-sdk-for-net\sdk\keyvault\Azure.Security.KeyVault.Administration\tests\AccessControlClientLiveTests.cs(62,51): error CS0246: The type or namespace name 'Task<>' could not be found (are you missing a using directive or an assembly reference?)
C:\gh\azure-sdk-for-net\sdk\keyvault\Azure.Security.KeyVault.Administration\tests\AccessControlClientLiveTests.cs(64,13): error CS0103: The name 'Assert' does not exist in the current context
C:\gh\azure-sdk-for-net\sdk\keyvault\Azure.Security.KeyVault.Administration\tests\AccessControlClientLiveTests.cs(64,32): error CS0518: Predefined type 'System.String' is not defined or imported
C:\gh\azure-sdk-for-net\sdk\keyvault\Azure.Security.KeyVault.Administration\tests\AccessControlClientLiveTests.cs(64,36): error CS0103: The name 'Is' does not exist in the current context
C:\gh\azure-sdk-for-net\sdk\keyvault\Azure.Security.KeyVault.Administration\tests\AccessControlClientLiveTests.cs(64,58): error CS0518: Predefined type 'System.String' is not defined or imported
C:\gh\azure-sdk-for-net\sdk\keyvault\Azure.Security.KeyVault.Administration\tests\AccessControlClientLiveTests.cs(65,13): error CS0103: The name 'Assert' does not exist in the current context
C:\gh\azure-sdk-for-net\sdk\keyvault\Azure.Security.KeyVault.Administration\tests\AccessControlClientLiveTests.cs(65,32): error CS0518: Predefined type 'System.String' is not defined or imported
C:\gh\azure-sdk-for-net\sdk\keyvault\Azure.Security.KeyVault.Administration\tests\AccessControlClientLiveTests.cs(65,38): error CS0103: The name 'Is' does not exist in the current context
C:\gh\azure-sdk-for-net\sdk\keyvault\Azure.Security.KeyVault.Administration\tests\AccessControlClientLiveTests.cs(65,60): error CS0518: Predefined type 'System.String' is not defined or imported
C:\gh\azure-sdk-for-net\sdk\keyvault\Azure.Security.KeyVault.Administration\tests\AccessControlClientLiveTests.cs(66,13): error CS0103: The name 'Assert' does not exist in the current context
C:\gh\azure-sdk-for-net\sdk\keyvault\Azure.Security.KeyVault.Administration\tests\AccessControlClientLiveTests.cs(66,32): error CS0518: Predefined type 'System.String' is not defined or imported
C:\gh\azure-sdk-for-net\sdk\keyvault\Azure.Security.KeyVault.Administration\tests\AccessControlClientLiveTests.cs(66,38): error CS0103: The name 'Is' does not exist in the current context
C:\gh\azure-sdk-for-net\sdk\keyvault\Azure.Security.KeyVault.Administration\tests\AccessControlClientLiveTests.cs(66,60): error CS0518: Predefined type 'System.String' is not defined or imported
C:\gh\azure-sdk-for-net\sdk\keyvault\Azure.Security.KeyVault.Administration\tests\AccessControlClientLiveTests.cs(67,13): error CS0103: The name 'Assert' does not exist in the current context
C:\gh\azure-sdk-for-net\sdk\keyvault\Azure.Security.KeyVault.Administration\tests\AccessControlClientLiveTests.cs(67,43): error CS0518: Predefined type 'System.String' is not defined or imported
C:\gh\azure-sdk-for-net\sdk\keyvault\Azure.Security.KeyVault.Administration\tests\AccessControlClientLiveTests.cs(67,56): error CS0103: The name 'Is' does not exist in the current context
C:\gh\azure-sdk-for-net\sdk\keyvault\Azure.Security.KeyVault.Administration\tests\AccessControlClientLiveTests.cs(67,89): error CS0518: Predefined type 'System.String' is not defined or imported
C:\gh\azure-sdk-for-net\sdk\keyvault\Azure.Security.KeyVault.Administration\tests\AccessControlClientLiveTests.cs(68,13): error CS0103: The name 'Assert' does not exist in the current context
C:\gh\azure-sdk-for-net\sdk\keyvault\Azure.Security.KeyVault.Administration\tests\AccessControlClientLiveTests.cs(68,43): error CS0518: Predefined type 'System.String' is not defined or imported
C:\gh\azure-sdk-for-net\sdk\keyvault\Azure.Security.KeyVault.Administration\tests\AccessControlClientLiveTests.cs(68,61): error CS0103: The name 'Is' does not exist in the current context
C:\gh\azure-sdk-for-net\sdk\keyvault\Azure.Security.KeyVault.Administration\tests\AccessControlClientLiveTests.cs(68,94): error CS0518: Predefined type 'System.String' is not defined or imported
C:\gh\azure-sdk-for-net\sdk\keyvault\Azure.Security.KeyVault.Administration\tests\AccessControlClientLiveTests.cs(69,13): error CS0103: The name 'Assert' does not exist in the current context
C:\gh\azure-sdk-for-net\sdk\keyvault\Azure.Security.KeyVault.Administration\tests\AccessControlClientLiveTests.cs(69,43): error CS0518: Predefined type 'System.String' is not defined or imported
C:\gh\azure-sdk-for-net\sdk\keyvault\Azure.Security.KeyVault.Administration\tests\AccessControlClientLiveTests.cs(69,50): error CS0103: The name 'Is' does not exist in the current context
C:\gh\azure-sdk-for-net\sdk\keyvault\Azure.Security.KeyVault.Administration\tests\AccessControlClientLiveTests.cs(69,83): error CS0518: Predefined type 'System.String' is not defined or imported
C:\gh\azure-sdk-for-net\sdk\keyvault\Azure.Security.KeyVault.Administration\tests\RestoreOperationTests.cs(26,33): error CS0122: 'RestoreDetailsInternal' is inaccessible due to its protection level
C:\gh\azure-sdk-for-net\sdk\keyvault\Azure.Security.KeyVault.Administration\tests\RestoreOperationTests.cs(29,21): error CS0122: 'KeyVaultServiceError' is inaccessible due to its protection level
C:\gh\azure-sdk-for-net\sdk\keyvault\Azure.Security.KeyVault.Administration\tests\RestoreOperationTests.cs(29,21): error CS0518: Predefined type 'System.Void' is not defined or imported
C:\gh\azure-sdk-for-net\sdk\keyvault\Azure.Security.KeyVault.Administration\tests\RestoreOperationTests.cs(26,33): error CS0518: Predefined type 'System.Void' is not defined or imported
C:\gh\azure-sdk-for-net\sdk\keyvault\Azure.Security.KeyVault.Administration\tests\RestoreOperationTests.cs(33,37): error CS0122: 'RestoreDetailsInternal' is inaccessible due to its protection level
C:\gh\azure-sdk-for-net\sdk\keyvault\Azure.Security.KeyVault.Administration\tests\RestoreOperationTests.cs(33,37): error CS0518: Predefined type 'System.Void' is not defined or imported
C:\gh\azure-sdk-for-net\sdk\keyvault\Azure.Security.KeyVault.Administration\tests\RestoreOperationTests.cs(41,34): error CS0246: The type or namespace name 'Mock<>' could not be found (are you missing a using directive or an assembly reference?)
C:\gh\azure-sdk-for-net\sdk\keyvault\Azure.Security.KeyVault.Administration\tests\RestoreOperationTests.cs(41,39): error CS0246: The type or namespace name 'Response<>' could not be found (are you missing a using directive or an assembly reference?)
C:\gh\azure-sdk-for-net\sdk\keyvault\Azure.Security.KeyVault.Administration\tests\RestoreOperationTests.cs(41,48): error CS0122: 'RestoreDetailsInternal' is inaccessible due to its protection level
C:\gh\azure-sdk-for-net\sdk\keyvault\Azure.Security.KeyVault.Administration\tests\RoleAssignmentScopeTests.cs(32,27): error CS0518: Predefined type 'System.Void' is not defined or imported
C:\gh\azure-sdk-for-net\sdk\keyvault\Azure.Security.KeyVault.Administration\tests\RoleAssignmentScopeTests.cs(33,13): error CS0103: The name 'Assert' does not exist in the current context
C:\gh\azure-sdk-for-net\sdk\keyvault\Azure.Security.KeyVault.Administration\tests\RoleAssignmentScopeTests.cs(33,25): error CS0518: Predefined type 'System.ValueType' is not defined or imported
C:\gh\azure-sdk-for-net\sdk\keyvault\Azure.Security.KeyVault.Administration\tests\RoleAssignmentScopeTests.cs(33,25): error CS0518: Predefined type 'System.String' is not defined or imported
C:\gh\azure-sdk-for-net\sdk\keyvault\Azure.Security.KeyVault.Administration\tests\RoleAssignmentScopeTests.cs(33,41): error CS0103: The name 'Is' does not exist in the current context
C:\gh\azure-sdk-for-net\sdk\keyvault\Azure.Security.KeyVault.Administration\tests\samples\AccessControlSampleSnippets.cs(120,57): error CS0246: The type or namespace name 'Response<>' could not be found (are you missing a using directive or an assembly reference?)
C:\gh\azure-sdk-for-net\sdk\keyvault\Azure.Security.KeyVault.Administration\tests\samples\AccessControlSampleSnippets.cs(122,20): error CS0246: The type or namespace name 'RequestFailedException' could not be found (are you missing a using directive or an assembly reference?)
C:\gh\azure-sdk-for-net\sdk\keyvault\Azure.Security.KeyVault.Administration\tests\AdministrationTestBase.cs(105,17): error CS0122: 'ChallengeBasedAuthenticationPolicy' is inaccessible due to its protection level
C:\gh\azure-sdk-for-net\sdk\keyvault\Azure.Security.KeyVault.Administration\tests\AdministrationTestBase.cs(111,37): error CS0012: The type 'TokenCredential' is defined in an assembly that is not referenced. You must add a reference to assembly 'Azure.Core, Version=1.4.1.0, Culture=neutral, PublicKeyToken=92742159e12e44c8'.
C:\gh\azure-sdk-for-net\sdk\keyvault\Azure.Security.KeyVault.Administration\tests\AdministrationTestBase.cs(112,49): error CS0518: Predefined type 'System.Void' is not defined or imported
C:\gh\azure-sdk-for-net\sdk\keyvault\Azure.Security.KeyVault.Administration\tests\AdministrationTestBase.cs(109,21): error CS0518: Predefined type 'System.Void' is not defined or imported
C:\gh\azure-sdk-for-net\sdk\keyvault\Azure.Security.KeyVault.Administration\tests\SelectiveKeyRestoreOperationTests.cs(95,34): error CS0246: The type or namespace name 'Mock<>' could not be found (are you missing a using directive or an assembly reference?)
C:\gh\azure-sdk-for-net\sdk\keyvault\Azure.Security.KeyVault.Administration\tests\SelectiveKeyRestoreOperationTests.cs(100,33): error CS0518: Predefined type 'System.Void' is not defined or imported
C:\gh\azure-sdk-for-net\sdk\keyvault\Azure.Security.KeyVault.Administration\tests\SelectiveKeyRestoreOperationTests.cs(102,29): error CS0103: The name 'Assert' does not exist in the current context
C:\gh\azure-sdk-for-net\sdk\keyvault\Azure.Security.KeyVault.Administration\tests\SelectiveKeyRestoreOperationTests.cs(102,48): error CS0246: The type or namespace name 'RequestFailedException' could not be found (are you missing a using directive or an assembly reference?)
C:\gh\azure-sdk-for-net\sdk\keyvault\Azure.Security.KeyVault.Administration\tests\SelectiveKeyRestoreOperationTests.cs(104,13): error CS0103: The name 'Assert' does not exist in the current context
C:\gh\azure-sdk-for-net\sdk\keyvault\Azure.Security.KeyVault.Administration\tests\SelectiveKeyRestoreOperationTests.cs(104,27): error CS0246: The type or namespace name 'RequestFailedException' could not be found (are you missing a using directive or an assembly reference?)
C:\gh\azure-sdk-for-net\sdk\keyvault\Azure.Security.KeyVault.Administration\tests\SelectiveKeyRestoreOperationTests.cs(105,13): error CS0103: The name 'Assert' does not exist in the current context
C:\gh\azure-sdk-for-net\sdk\keyvault\Azure.Security.KeyVault.Administration\tests\SelectiveKeyRestoreOperationTests.cs(105,35): error CS0518: Predefined type 'System.Nullable`1' is not defined or imported
C:\gh\azure-sdk-for-net\sdk\keyvault\Azure.Security.KeyVault.Administration\tests\SelectiveKeyRestoreOperationTests.cs(105,46): error CS0103: The name 'Is' does not exist in the current context
C:\gh\azure-sdk-for-net\sdk\keyvault\Azure.Security.KeyVault.Administration\tests\SelectiveKeyRestoreOperationTests.cs(105,71): error CS0122: 'SelectiveKeyRestoreDetailsInternal.StartTime' is inaccessible due to its protection level
C:\gh\azure-sdk-for-net\sdk\keyvault\Azure.Security.KeyVault.Administration\tests\SelectiveKeyRestoreOperationTests.cs(106,13): error CS0103: The name 'Assert' does not exist in the current context
C:\gh\azure-sdk-for-net\sdk\keyvault\Azure.Security.KeyVault.Administration\tests\SelectiveKeyRestoreOperationTests.cs(106,35): error CS0518: Predefined type 'System.Nullable`1' is not defined or imported
C:\gh\azure-sdk-for-net\sdk\keyvault\Azure.Security.KeyVault.Administration\tests\SelectiveKeyRestoreOperationTests.cs(106,44): error CS0103: The name 'Is' does not exist in the current context
C:\gh\azure-sdk-for-net\sdk\keyvault\Azure.Security.KeyVault.Administration\tests\SelectiveKeyRestoreOperationTests.cs(106,69): error CS0122: 'SelectiveKeyRestoreDetailsInternal.EndTime' is inaccessible due to its protection level
C:\gh\azure-sdk-for-net\sdk\keyvault\Azure.Security.KeyVault.Administration\tests\BackupOperationTests.cs(73,34): error CS0246: The type or namespace name 'Mock<>' could not be found (are you missing a using directive or an assembly reference?)
C:\gh\azure-sdk-for-net\sdk\keyvault\Azure.Security.KeyVault.Administration\tests\BackupOperationTests.cs(81,33): error CS0518: Predefined type 'System.Void' is not defined or imported
C:\gh\azure-sdk-for-net\sdk\keyvault\Azure.Security.KeyVault.Administration\tests\BackupOperationTests.cs(83,32): error CS0103: The name 'Assert' does not exist in the current context
C:\gh\azure-sdk-for-net\sdk\keyvault\Azure.Security.KeyVault.Administration\tests\BackupOperationTests.cs(83,51): error CS0246: The type or namespace name 'RequestFailedException' could not be found (are you missing a using directive or an assembly reference?)
C:\gh\azure-sdk-for-net\sdk\keyvault\Azure.Security.KeyVault.Administration\tests\BackupOperationTests.cs(85,29): error CS0518: Predefined type 'System.Void' is not defined or imported
C:\gh\azure-sdk-for-net\sdk\keyvault\Azure.Security.KeyVault.Administration\tests\BackupOperationTests.cs(87,22): error CS0103: The name 'Assert' does not exist in the current context
C:\gh\azure-sdk-for-net\sdk\keyvault\Azure.Security.KeyVault.Administration\tests\BackupOperationTests.cs(87,36): error CS0246: The type or namespace name 'RequestFailedException' could not be found (are you missing a using directive or an assembly reference?)
C:\gh\azure-sdk-for-net\sdk\keyvault\Azure.Security.KeyVault.Administration\tests\samples\Sample1_BackupHelloWorld.cs(44,53): error CS0246: The type or namespace name 'Task<>' could not be found (are you missing a using directive or an assembly reference?)
C:\gh\azure-sdk-for-net\sdk\keyvault\Azure.Security.KeyVault.Administration\tests\samples\Sample1_BackupHelloWorld.cs(47,13): error CS0246: The type or namespace name 'Response<>' could not be found (are you missing a using directive or an assembly reference?)
C:\gh\azure-sdk-for-net\sdk\keyvault\Azure.Security.KeyVault.Administration\tests\samples\Sample1_BackupHelloWorld.cs(47,73): error CS0246: The type or namespace name 'Operation<>' could not be found (are you missing a using directive or an assembly reference?)
C:\gh\azure-sdk-for-net\sdk\keyvault\Azure.Security.KeyVault.Administration\tests\samples\Sample1_BackupHelloWorld.cs(47,57): error CS0246: The type or namespace name 'ValueTask<>' could not be found (are you missing a using directive or an assembly reference?)
C:\gh\azure-sdk-for-net\sdk\keyvault\Azure.Security.KeyVault.Administration\tests\samples\Sample1_BackupHelloWorld.cs(53,13): error CS0103: The name 'Assert' does not exist in the current context
C:\gh\azure-sdk-for-net\sdk\keyvault\Azure.Security.KeyVault.Administration\tests\samples\Sample1_BackupHelloWorld.cs(53,36): error CS0103: The name 'Is' does not exist in the current context
C:\gh\azure-sdk-for-net\sdk\keyvault\Azure.Security.KeyVault.Administration\tests\samples\Sample1_BackupHelloWorld.cs(54,13): error CS0103: The name 'Assert' does not exist in the current context
C:\gh\azure-sdk-for-net\sdk\keyvault\Azure.Security.KeyVault.Administration\tests\samples\Sample1_BackupHelloWorld.cs(54,41): error CS0518: Predefined type 'System.Boolean' is not defined or imported
C:\gh\azure-sdk-for-net\sdk\keyvault\Azure.Security.KeyVault.Administration\tests\samples\Sample1_BackupHelloWorld.cs(54,51): error CS0103: The name 'Is' does not exist in the current context
C:\gh\azure-sdk-for-net\sdk\keyvault\Azure.Security.KeyVault.Administration\tests\samples\Sample1_BackupHelloWorld.cs(60,55): error CS0246: The type or namespace name 'Task<>' could not be found (are you missing a using directive or an assembly reference?)
C:\gh\azure-sdk-for-net\sdk\keyvault\Azure.Security.KeyVault.Administration\tests\samples\Sample1_BackupHelloWorld.cs(63,13): error CS0246: The type or namespace name 'Response<>' could not be found (are you missing a using directive or an assembly reference?)
C:\gh\azure-sdk-for-net\sdk\keyvault\Azure.Security.KeyVault.Administration\tests\samples\Sample1_BackupHelloWorld.cs(63,76): error CS0246: The type or namespace name 'Operation<>' could not be found (are you missing a using directive or an assembly reference?)
C:\gh\azure-sdk-for-net\sdk\keyvault\Azure.Security.KeyVault.Administration\tests\samples\Sample1_BackupHelloWorld.cs(63,59): error CS0246: The type or namespace name 'ValueTask<>' could not be found (are you missing a using directive or an assembly reference?)
C:\gh\azure-sdk-for-net\sdk\keyvault\Azure.Security.KeyVault.Administration\tests\samples\Sample1_BackupHelloWorld.cs(66,13): error CS0103: The name 'Assert' does not exist in the current context
C:\gh\azure-sdk-for-net\sdk\keyvault\Azure.Security.KeyVault.Administration\tests\samples\Sample1_BackupHelloWorld.cs(66,42): error CS0518: Predefined type 'System.Boolean' is not defined or imported
C:\gh\azure-sdk-for-net\sdk\keyvault\Azure.Security.KeyVault.Administration\tests\samples\Sample1_BackupHelloWorld.cs(66,52): error CS0103: The name 'Is' does not exist in the current context
C:\gh\azure-sdk-for-net\sdk\keyvault\Azure.Security.KeyVault.Administration\tests\samples\Sample1_BackupHelloWorld.cs(67,13): error CS0103: The name 'Assert' does not exist in the current context
C:\gh\azure-sdk-for-net\sdk\keyvault\Azure.Security.KeyVault.Administration\tests\samples\Sample1_BackupHelloWorld.cs(67,56): error CS0103: The name 'Is' does not exist in the current context
C:\gh\azure-sdk-for-net\sdk\keyvault\Azure.Security.KeyVault.Administration\tests\samples\Sample1_BackupHelloWorld.cs(68,13): error CS0103: The name 'Assert' does not exist in the current context
C:\gh\azure-sdk-for-net\sdk\keyvault\Azure.Security.KeyVault.Administration\tests\samples\Sample1_BackupHelloWorld.cs(68,54): error CS0103: The name 'Is' does not exist in the current context
C:\gh\azure-sdk-for-net\sdk\keyvault\Azure.Security.KeyVault.Administration\tests\RestoreOperationTests.cs(49,34): error CS0246: The type or namespace name 'Mock<>' could not be found (are you missing a using directive or an assembly reference?)
C:\gh\azure-sdk-for-net\sdk\keyvault\Azure.Security.KeyVault.Administration\tests\RestoreOperationTests.cs(54,33): error CS0518: Predefined type 'System.Void' is not defined or imported
C:\gh\azure-sdk-for-net\sdk\keyvault\Azure.Security.KeyVault.Administration\tests\RestoreOperationTests.cs(56,13): error CS0103: The name 'Assert' does not exist in the current context
C:\gh\azure-sdk-for-net\sdk\keyvault\Azure.Security.KeyVault.Administration\tests\RestoreOperationTests.cs(56,32): error CS0246: The type or namespace name 'RequestFailedException' could not be found (are you missing a using directive or an assembly reference?)
C:\gh\azure-sdk-for-net\sdk\keyvault\Azure.Security.KeyVault.Administration\tests\RestoreOperationTests.cs(58,29): error CS0518: Predefined type 'System.Void' is not defined or imported
C:\gh\azure-sdk-for-net\sdk\keyvault\Azure.Security.KeyVault.Administration\tests\RestoreOperationTests.cs(60,13): error CS0103: The name 'Assert' does not exist in the current context
C:\gh\azure-sdk-for-net\sdk\keyvault\Azure.Security.KeyVault.Administration\tests\RestoreOperationTests.cs(60,27): error CS0246: The type or namespace name 'RequestFailedException' could not be found (are you missing a using directive or an assembly reference?)
C:\gh\azure-sdk-for-net\sdk\keyvault\Azure.Security.KeyVault.Administration\tests\samples\Sample2_SelectiveRestore.cs(32,37): error CS0246: The type or namespace name 'Task<>' could not be found (are you missing a using directive or an assembly reference?)
C:\gh\azure-sdk-for-net\sdk\keyvault\Azure.Security.KeyVault.Administration\tests\samples\Sample2_SelectiveRestore.cs(33,34): error CS0518: Predefined type 'System.String' is not defined or imported
C:\gh\azure-sdk-for-net\sdk\keyvault\Azure.Security.KeyVault.Administration\tests\samples\Sample2_SelectiveRestore.cs(38,53): error CS0246: The type or namespace name 'Task<>' could not be found (are you missing a using directive or an assembly reference?)
C:\gh\azure-sdk-for-net\sdk\keyvault\Azure.Security.KeyVault.Administration\tests\samples\Sample2_SelectiveRestore.cs(41,13): error CS0246: The type or namespace name 'Response<>' could not be found (are you missing a using directive or an assembly reference?)
C:\gh\azure-sdk-for-net\sdk\keyvault\Azure.Security.KeyVault.Administration\tests\samples\Sample2_SelectiveRestore.cs(41,73): error CS0246: The type or namespace name 'Operation<>' could not be found (are you missing a using directive or an assembly reference?)
C:\gh\azure-sdk-for-net\sdk\keyvault\Azure.Security.KeyVault.Administration\tests\samples\Sample2_SelectiveRestore.cs(41,57): error CS0246: The type or namespace name 'ValueTask<>' could not be found (are you missing a using directive or an assembly reference?)
C:\gh\azure-sdk-for-net\sdk\keyvault\Azure.Security.KeyVault.Administration\tests\samples\Sample2_SelectiveRestore.cs(48,13): error CS0103: The name 'Assert' does not exist in the current context
C:\gh\azure-sdk-for-net\sdk\keyvault\Azure.Security.KeyVault.Administration\tests\samples\Sample2_SelectiveRestore.cs(48,36): error CS0103: The name 'Is' does not exist in the current context
C:\gh\azure-sdk-for-net\sdk\keyvault\Azure.Security.KeyVault.Administration\tests\samples\Sample2_SelectiveRestore.cs(49,13): error CS0103: The name 'Assert' does not exist in the current context
C:\gh\azure-sdk-for-net\sdk\keyvault\Azure.Security.KeyVault.Administration\tests\samples\Sample2_SelectiveRestore.cs(49,41): error CS0518: Predefined type 'System.Boolean' is not defined or imported
C:\gh\azure-sdk-for-net\sdk\keyvault\Azure.Security.KeyVault.Administration\tests\samples\Sample2_SelectiveRestore.cs(49,51): error CS0103: The name 'Is' does not exist in the current context
C:\gh\azure-sdk-for-net\sdk\keyvault\Azure.Security.KeyVault.Administration\tests\samples\Sample2_SelectiveRestore.cs(55,67): error CS0246: The type or namespace name 'Task<>' could not be found (are you missing a using directive or an assembly reference?)
C:\gh\azure-sdk-for-net\sdk\keyvault\Azure.Security.KeyVault.Administration\tests\samples\Sample2_SelectiveRestore.cs(58,78): error CS0246: The type or namespace name 'Operation<>' could not be found (are you missing a using directive or an assembly reference?)
C:\gh\azure-sdk-for-net\sdk\keyvault\Azure.Security.KeyVault.Administration\tests\samples\Sample2_SelectiveRestore.cs(58,61): error CS0246: The type or namespace name 'ValueTask<>' could not be found (are you missing a using directive or an assembly reference?)
C:\gh\azure-sdk-for-net\sdk\keyvault\Azure.Security.KeyVault.Administration\tests\samples\Sample2_SelectiveRestore.cs(61,13): error CS0103: The name 'Assert' does not exist in the current context
C:\gh\azure-sdk-for-net\sdk\keyvault\Azure.Security.KeyVault.Administration\tests\samples\Sample2_SelectiveRestore.cs(61,42): error CS0518: Predefined type 'System.Boolean' is not defined or imported
C:\gh\azure-sdk-for-net\sdk\keyvault\Azure.Security.KeyVault.Administration\tests\samples\Sample2_SelectiveRestore.cs(61,52): error CS0103: The name 'Is' does not exist in the current context
C:\gh\azure-sdk-for-net\sdk\keyvault\Azure.Security.KeyVault.Administration\tests\samples\Sample2_SelectiveRestore.cs(62,13): error CS0103: The name 'Assert' does not exist in the current context
C:\gh\azure-sdk-for-net\sdk\keyvault\Azure.Security.KeyVault.Administration\tests\samples\Sample2_SelectiveRestore.cs(62,39): error CS0246: The type or namespace name 'DateTimeOffset' could not be found (are you missing a using directive or an assembly reference?)
C:\gh\azure-sdk-for-net\sdk\keyvault\Azure.Security.KeyVault.Administration\tests\samples\Sample2_SelectiveRestore.cs(62,50): error CS0103: The name 'Is' does not exist in the current context
C:\gh\azure-sdk-for-net\sdk\keyvault\Azure.Security.KeyVault.Administration\tests\samples\Sample2_SelectiveRestore.cs(63,13): error CS0103: The name 'Assert' does not exist in the current context
C:\gh\azure-sdk-for-net\sdk\keyvault\Azure.Security.KeyVault.Administration\tests\samples\Sample2_SelectiveRestore.cs(63,39): error CS0246: The type or namespace name 'DateTimeOffset' could not be found (are you missing a using directive or an assembly reference?)
C:\gh\azure-sdk-for-net\sdk\keyvault\Azure.Security.KeyVault.Administration\tests\samples\Sample2_SelectiveRestore.cs(63,48): error CS0103: The name 'Is' does not exist in the current context
C:\gh\azure-sdk-for-net\sdk\keyvault\Azure.Security.KeyVault.Administration\tests\FullBackupClientLiveTests.cs(62,53): error CS0246: The type or namespace name 'Task<>' could not be found (are you missing a using directive or an assembly reference?)
C:\gh\azure-sdk-for-net\sdk\keyvault\Azure.Security.KeyVault.Administration\tests\FullBackupClientLiveTests.cs(65,63): error CS0246: The type or namespace name 'Operation<>' could not be found (are you missing a using directive or an assembly reference?)
C:\gh\azure-sdk-for-net\sdk\keyvault\Azure.Security.KeyVault.Administration\tests\FullBackupClientLiveTests.cs(65,47): error CS0246: The type or namespace name 'ValueTask<>' could not be found (are you missing a using directive or an assembly reference?)
C:\gh\azure-sdk-for-net\sdk\keyvault\Azure.Security.KeyVault.Administration\tests\FullBackupClientLiveTests.cs(69,13): error CS0103: The name 'Assert' does not exist in the current context
C:\gh\azure-sdk-for-net\sdk\keyvault\Azure.Security.KeyVault.Administration\tests\FullBackupClientLiveTests.cs(69,57): error CS0103: The name 'Is' does not exist in the current context
C:\gh\azure-sdk-for-net\sdk\keyvault\Azure.Security.KeyVault.Administration\tests\FullBackupClientLiveTests.cs(70,13): error CS0103: The name 'Assert' does not exist in the current context
C:\gh\azure-sdk-for-net\sdk\keyvault\Azure.Security.KeyVault.Administration\tests\FullBackupClientLiveTests.cs(70,39): error CS0103: The name 'Is' does not exist in the current context
C:\gh\azure-sdk-for-net\sdk\keyvault\Azure.Security.KeyVault.Administration\tests\FullBackupClientLiveTests.cs(71,13): error CS0103: The name 'Assert' does not exist in the current context
C:\gh\azure-sdk-for-net\sdk\keyvault\Azure.Security.KeyVault.Administration\tests\FullBackupClientLiveTests.cs(71,41): error CS0518: Predefined type 'System.Boolean' is not defined or imported
C:\gh\azure-sdk-for-net\sdk\keyvault\Azure.Security.KeyVault.Administration\tests\FullBackupClientLiveTests.cs(71,51): error CS0103: The name 'Is' does not exist in the current context
C:\gh\azure-sdk-for-net\sdk\keyvault\Azure.Security.KeyVault.Administration\tests\FullBackupClientLiveTests.cs(74,93): error CS0246: The type or namespace name 'Uri' could not be found (are you missing a using directive or an assembly reference?)
C:\gh\azure-sdk-for-net\sdk\keyvault\Azure.Security.KeyVault.Administration\tests\FullBackupClientLiveTests.cs(74,55): error CS0246: The type or namespace name 'Task<>' could not be found (are you missing a using directive or an assembly reference?)
C:\gh\azure-sdk-for-net\sdk\keyvault\Azure.Security.KeyVault.Administration\tests\FullBackupClientLiveTests.cs(77,56): error CS0246: The type or namespace name 'Operation<>' could not be found (are you missing a using directive or an assembly reference?)
C:\gh\azure-sdk-for-net\sdk\keyvault\Azure.Security.KeyVault.Administration\tests\FullBackupClientLiveTests.cs(77,39): error CS0246: The type or namespace name 'ValueTask<>' could not be found (are you missing a using directive or an assembly reference?)
C:\gh\azure-sdk-for-net\sdk\keyvault\Azure.Security.KeyVault.Administration\tests\FullBackupClientLiveTests.cs(81,13): error CS0103: The name 'Assert' does not exist in the current context
C:\gh\azure-sdk-for-net\sdk\keyvault\Azure.Security.KeyVault.Administration\tests\FullBackupClientLiveTests.cs(81,57): error CS0103: The name 'Is' does not exist in the current context
C:\gh\azure-sdk-for-net\sdk\keyvault\Azure.Security.KeyVault.Administration\tests\FullBackupClientLiveTests.cs(82,13): error CS0103: The name 'Assert' does not exist in the current context
C:\gh\azure-sdk-for-net\sdk\keyvault\Azure.Security.KeyVault.Administration\tests\FullBackupClientLiveTests.cs(82,40): error CS0103: The name 'Is' does not exist in the current context
C:\gh\azure-sdk-for-net\sdk\keyvault\Azure.Security.KeyVault.Administration\tests\FullBackupClientLiveTests.cs(83,13): error CS0103: The name 'Assert' does not exist in the current context
C:\gh\azure-sdk-for-net\sdk\keyvault\Azure.Security.KeyVault.Administration\tests\FullBackupClientLiveTests.cs(83,42): error CS0518: Predefined type 'System.Boolean' is not defined or imported
C:\gh\azure-sdk-for-net\sdk\keyvault\Azure.Security.KeyVault.Administration\tests\FullBackupClientLiveTests.cs(83,52): error CS0103: The name 'Is' does not exist in the current context
C:\gh\azure-sdk-for-net\sdk\keyvault\Azure.Security.KeyVault.Administration\tests\AdministrationTestBase.cs(132,27): error CS0246: The type or namespace name 'Task<>' could not be found (are you missing a using directive or an assembly reference?)
C:\gh\azure-sdk-for-net\sdk\keyvault\Azure.Security.KeyVault.Administration\tests\AdministrationTestBase.cs(135,20): error CS0246: The type or namespace name 'RequestFailedException' could not be found (are you missing a using directive or an assembly reference?)
C:\gh\azure-sdk-for-net\sdk\keyvault\Azure.Security.KeyVault.Administration\tests\AccessControlClientLiveTests.cs(75,62): error CS0246: The type or namespace name 'AsyncPageable<>' could not be found (are you missing a using directive or an assembly reference?)
C:\gh\azure-sdk-for-net\sdk\keyvault\Azure.Security.KeyVault.Administration\tests\AccessControlClientLiveTests.cs(76,72): error CS0518: Predefined type 'System.String' is not defined or imported
C:\gh\azure-sdk-for-net\sdk\keyvault\Azure.Security.KeyVault.Administration\tests\AccessControlClientLiveTests.cs(78,55): error CS0246: The type or namespace name 'Task<>' could not be found (are you missing a using directive or an assembly reference?)
C:\gh\azure-sdk-for-net\sdk\keyvault\Azure.Security.KeyVault.Administration\tests\AccessControlClientLiveTests.cs(80,121): error CS0518: Predefined type 'System.String' is not defined or imported
C:\gh\azure-sdk-for-net\sdk\keyvault\Azure.Security.KeyVault.Administration\tests\AccessControlClientLiveTests.cs(80,51): error CS0246: The type or namespace name 'Task<>' could not be found (are you missing a using directive or an assembly reference?)
C:\gh\azure-sdk-for-net\sdk\keyvault\Azure.Security.KeyVault.Administration\tests\AccessControlClientLiveTests.cs(82,13): error CS0103: The name 'Assert' does not exist in the current context
C:\gh\azure-sdk-for-net\sdk\keyvault\Azure.Security.KeyVault.Administration\tests\AccessControlClientLiveTests.cs(82,32): error CS0518: Predefined type 'System.String' is not defined or imported
C:\gh\azure-sdk-for-net\sdk\keyvault\Azure.Security.KeyVault.Administration\tests\AccessControlClientLiveTests.cs(82,36): error CS0103: The name 'Is' does not exist in the current context
C:\gh\azure-sdk-for-net\sdk\keyvault\Azure.Security.KeyVault.Administration\tests\AccessControlClientLiveTests.cs(82,58): error CS0518: Predefined type 'System.String' is not defined or imported
C:\gh\azure-sdk-for-net\sdk\keyvault\Azure.Security.KeyVault.Administration\tests\AccessControlClientLiveTests.cs(83,13): error CS0103: The name 'Assert' does not exist in the current context
C:\gh\azure-sdk-for-net\sdk\keyvault\Azure.Security.KeyVault.Administration\tests\AccessControlClientLiveTests.cs(83,32): error CS0518: Predefined type 'System.String' is not defined or imported
C:\gh\azure-sdk-for-net\sdk\keyvault\Azure.Security.KeyVault.Administration\tests\AccessControlClientLiveTests.cs(83,38): error CS0103: The name 'Is' does not exist in the current context
C:\gh\azure-sdk-for-net\sdk\keyvault\Azure.Security.KeyVault.Administration\tests\AccessControlClientLiveTests.cs(83,60): error CS0518: Predefined type 'System.String' is not defined or imported
C:\gh\azure-sdk-for-net\sdk\keyvault\Azure.Security.KeyVault.Administration\tests\AccessControlClientLiveTests.cs(84,13): error CS0103: The name 'Assert' does not exist in the current context
C:\gh\azure-sdk-for-net\sdk\keyvault\Azure.Security.KeyVault.Administration\tests\AccessControlClientLiveTests.cs(84,32): error CS0518: Predefined type 'System.String' is not defined or imported
C:\gh\azure-sdk-for-net\sdk\keyvault\Azure.Security.KeyVault.Administration\tests\AccessControlClientLiveTests.cs(84,38): error CS0103: The name 'Is' does not exist in the current context
C:\gh\azure-sdk-for-net\sdk\keyvault\Azure.Security.KeyVault.Administration\tests\AccessControlClientLiveTests.cs(84,60): error CS0518: Predefined type 'System.String' is not defined or imported
C:\gh\azure-sdk-for-net\sdk\keyvault\Azure.Security.KeyVault.Administration\tests\AccessControlClientLiveTests.cs(85,13): error CS0103: The name 'Assert' does not exist in the current context
C:\gh\azure-sdk-for-net\sdk\keyvault\Azure.Security.KeyVault.Administration\tests\AccessControlClientLiveTests.cs(85,43): error CS0518: Predefined type 'System.String' is not defined or imported
C:\gh\azure-sdk-for-net\sdk\keyvault\Azure.Security.KeyVault.Administration\tests\AccessControlClientLiveTests.cs(85,56): error CS0103: The name 'Is' does not exist in the current context
C:\gh\azure-sdk-for-net\sdk\keyvault\Azure.Security.KeyVault.Administration\tests\AccessControlClientLiveTests.cs(85,89): error CS0518: Predefined type 'System.String' is not defined or imported
C:\gh\azure-sdk-for-net\sdk\keyvault\Azure.Security.KeyVault.Administration\tests\AccessControlClientLiveTests.cs(86,13): error CS0103: The name 'Assert' does not exist in the current context
C:\gh\azure-sdk-for-net\sdk\keyvault\Azure.Security.KeyVault.Administration\tests\AccessControlClientLiveTests.cs(86,43): error CS0518: Predefined type 'System.String' is not defined or imported
C:\gh\azure-sdk-for-net\sdk\keyvault\Azure.Security.KeyVault.Administration\tests\AccessControlClientLiveTests.cs(86,61): error CS0103: The name 'Is' does not exist in the current context
C:\gh\azure-sdk-for-net\sdk\keyvault\Azure.Security.KeyVault.Administration\tests\AccessControlClientLiveTests.cs(86,94): error CS0518: Predefined type 'System.String' is not defined or imported
C:\gh\azure-sdk-for-net\sdk\keyvault\Azure.Security.KeyVault.Administration\tests\AccessControlClientLiveTests.cs(87,13): error CS0103: The name 'Assert' does not exist in the current context
C:\gh\azure-sdk-for-net\sdk\keyvault\Azure.Security.KeyVault.Administration\tests\AccessControlClientLiveTests.cs(87,43): error CS0518: Predefined type 'System.String' is not defined or imported
C:\gh\azure-sdk-for-net\sdk\keyvault\Azure.Security.KeyVault.Administration\tests\AccessControlClientLiveTests.cs(87,50): error CS0103: The name 'Is' does not exist in the current context
C:\gh\azure-sdk-for-net\sdk\keyvault\Azure.Security.KeyVault.Administration\tests\AccessControlClientLiveTests.cs(87,83): error CS0518: Predefined type 'System.String' is not defined or imported
C:\gh\azure-sdk-for-net\sdk\keyvault\Azure.Security.KeyVault.Administration\tests\SelectiveKeyRestoreOperationTests.cs(113,34): error CS0246: The type or namespace name 'Mock<>' could not be found (are you missing a using directive or an assembly reference?)
C:\gh\azure-sdk-for-net\sdk\keyvault\Azure.Security.KeyVault.Administration\tests\SelectiveKeyRestoreOperationTests.cs(118,81): error CS0103: The name 'Mock' does not exist in the current context
C:\gh\azure-sdk-for-net\sdk\keyvault\Azure.Security.KeyVault.Administration\tests\SelectiveKeyRestoreOperationTests.cs(118,89): error CS0246: The type or namespace name 'Response' could not be found (are you missing a using directive or an assembly reference?)
C:\gh\azure-sdk-for-net\sdk\keyvault\Azure.Security.KeyVault.Administration\tests\SelectiveKeyRestoreOperationTests.cs(118,102): error CS0103: The name 'Mock' does not exist in the current context
C:\gh\azure-sdk-for-net\sdk\keyvault\Azure.Security.KeyVault.Administration\tests\SelectiveKeyRestoreOperationTests.cs(118,33): error CS0518: Predefined type 'System.Void' is not defined or imported
C:\gh\azure-sdk-for-net\sdk\keyvault\Azure.Security.KeyVault.Administration\tests\SelectiveKeyRestoreOperationTests.cs(118,33): error CS1729: 'SelectiveKeyRestoreOperation' does not contain a constructor that takes 3 arguments
C:\gh\azure-sdk-for-net\sdk\keyvault\Azure.Security.KeyVault.Administration\tests\SelectiveKeyRestoreOperationTests.cs(120,13): error CS0103: The name 'Assert' does not exist in the current context
C:\gh\azure-sdk-for-net\sdk\keyvault\Azure.Security.KeyVault.Administration\tests\SelectiveKeyRestoreOperationTests.cs(121,13): error CS0103: The name 'Assert' does not exist in the current context
C:\gh\azure-sdk-for-net\sdk\keyvault\Azure.Security.KeyVault.Administration\tests\SelectiveKeyRestoreOperationTests.cs(121,35): error CS0518: Predefined type 'System.Nullable`1' is not defined or imported
C:\gh\azure-sdk-for-net\sdk\keyvault\Azure.Security.KeyVault.Administration\tests\SelectiveKeyRestoreOperationTests.cs(121,46): error CS0103: The name 'Is' does not exist in the current context
C:\gh\azure-sdk-for-net\sdk\keyvault\Azure.Security.KeyVault.Administration\tests\SelectiveKeyRestoreOperationTests.cs(121,75): error CS0122: 'SelectiveKeyRestoreDetailsInternal.StartTime' is inaccessible due to its protection level
C:\gh\azure-sdk-for-net\sdk\keyvault\Azure.Security.KeyVault.Administration\tests\SelectiveKeyRestoreOperationTests.cs(122,13): error CS0103: The name 'Assert' does not exist in the current context
C:\gh\azure-sdk-for-net\sdk\keyvault\Azure.Security.KeyVault.Administration\tests\SelectiveKeyRestoreOperationTests.cs(122,35): error CS0518: Predefined type 'System.Nullable`1' is not defined or imported
C:\gh\azure-sdk-for-net\sdk\keyvault\Azure.Security.KeyVault.Administration\tests\SelectiveKeyRestoreOperationTests.cs(122,44): error CS0103: The name 'Is' does not exist in the current context
C:\gh\azure-sdk-for-net\sdk\keyvault\Azure.Security.KeyVault.Administration\tests\SelectiveKeyRestoreOperationTests.cs(122,73): error CS0122: 'SelectiveKeyRestoreDetailsInternal.EndTime' is inaccessible due to its protection level
C:\gh\azure-sdk-for-net\sdk\keyvault\Azure.Security.KeyVault.Administration\tests\BackupOperationTests.cs(94,34): error CS0246: The type or namespace name 'Mock<>' could not be found (are you missing a using directive or an assembly reference?)
C:\gh\azure-sdk-for-net\sdk\keyvault\Azure.Security.KeyVault.Administration\tests\BackupOperationTests.cs(99,33): error CS0518: Predefined type 'System.Void' is not defined or imported
C:\gh\azure-sdk-for-net\sdk\keyvault\Azure.Security.KeyVault.Administration\tests\BackupOperationTests.cs(101,29): error CS0103: The name 'Assert' does not exist in the current context
C:\gh\azure-sdk-for-net\sdk\keyvault\Azure.Security.KeyVault.Administration\tests\BackupOperationTests.cs(101,48): error CS0246: The type or namespace name 'RequestFailedException' could not be found (are you missing a using directive or an assembly reference?)
C:\gh\azure-sdk-for-net\sdk\keyvault\Azure.Security.KeyVault.Administration\tests\BackupOperationTests.cs(103,13): error CS0103: The name 'Assert' does not exist in the current context
C:\gh\azure-sdk-for-net\sdk\keyvault\Azure.Security.KeyVault.Administration\tests\BackupOperationTests.cs(103,27): error CS0246: The type or namespace name 'RequestFailedException' could not be found (are you missing a using directive or an assembly reference?)
C:\gh\azure-sdk-for-net\sdk\keyvault\Azure.Security.KeyVault.Administration\tests\BackupOperationTests.cs(104,13): error CS0103: The name 'Assert' does not exist in the current context
C:\gh\azure-sdk-for-net\sdk\keyvault\Azure.Security.KeyVault.Administration\tests\BackupOperationTests.cs(104,35): error CS0518: Predefined type 'System.Nullable`1' is not defined or imported
C:\gh\azure-sdk-for-net\sdk\keyvault\Azure.Security.KeyVault.Administration\tests\BackupOperationTests.cs(104,46): error CS0103: The name 'Is' does not exist in the current context
C:\gh\azure-sdk-for-net\sdk\keyvault\Azure.Security.KeyVault.Administration\tests\BackupOperationTests.cs(104,70): error CS0122: 'FullBackupDetailsInternal.StartTime' is inaccessible due to its protection level
C:\gh\azure-sdk-for-net\sdk\keyvault\Azure.Security.KeyVault.Administration\tests\BackupOperationTests.cs(105,13): error CS0103: The name 'Assert' does not exist in the current context
C:\gh\azure-sdk-for-net\sdk\keyvault\Azure.Security.KeyVault.Administration\tests\BackupOperationTests.cs(105,35): error CS0518: Predefined type 'System.Nullable`1' is not defined or imported
C:\gh\azure-sdk-for-net\sdk\keyvault\Azure.Security.KeyVault.Administration\tests\BackupOperationTests.cs(105,44): error CS0103: The name 'Is' does not exist in the current context
C:\gh\azure-sdk-for-net\sdk\keyvault\Azure.Security.KeyVault.Administration\tests\BackupOperationTests.cs(105,68): error CS0122: 'FullBackupDetailsInternal.EndTime' is inaccessible due to its protection level
C:\gh\azure-sdk-for-net\sdk\keyvault\Azure.Security.KeyVault.Administration\tests\samples\Sample3_BackRestoreResume.cs(31,61): error CS0246: The type or namespace name 'Task<>' could not be found (are you missing a using directive or an assembly reference?)
C:\gh\azure-sdk-for-net\sdk\keyvault\Azure.Security.KeyVault.Administration\tests\samples\Sample3_BackRestoreResume.cs(32,61): error CS0518: Predefined type 'System.String' is not defined or imported
C:\gh\azure-sdk-for-net\sdk\keyvault\Azure.Security.KeyVault.Administration\tests\samples\Sample3_BackRestoreResume.cs(39,51): error CS0518: Predefined type 'System.Void' is not defined or imported
C:\gh\azure-sdk-for-net\sdk\keyvault\Azure.Security.KeyVault.Administration\tests\samples\Sample3_BackRestoreResume.cs(40,35): error CS0246: The type or namespace name 'Operation<>' could not be found (are you missing a using directive or an assembly reference?)
C:\gh\azure-sdk-for-net\sdk\keyvault\Azure.Security.KeyVault.Administration\tests\samples\Sample3_BackRestoreResume.cs(40,35): error CS0122: 'BackupOperation._retryAfterSeconds' is inaccessible due to its protection level
C:\gh\azure-sdk-for-net\sdk\keyvault\Azure.Security.KeyVault.Administration\tests\samples\Sample3_BackRestoreResume.cs(43,13): error CS0246: The type or namespace name 'Response<>' could not be found (are you missing a using directive or an assembly reference?)
C:\gh\azure-sdk-for-net\sdk\keyvault\Azure.Security.KeyVault.Administration\tests\samples\Sample3_BackRestoreResume.cs(43,73): error CS0246: The type or namespace name 'Operation<>' could not be found (are you missing a using directive or an assembly reference?)
C:\gh\azure-sdk-for-net\sdk\keyvault\Azure.Security.KeyVault.Administration\tests\samples\Sample3_BackRestoreResume.cs(43,57): error CS0246: The type or namespace name 'ValueTask<>' could not be found (are you missing a using directive or an assembly reference?)
C:\gh\azure-sdk-for-net\sdk\keyvault\Azure.Security.KeyVault.Administration\tests\samples\Sample3_BackRestoreResume.cs(49,13): error CS0103: The name 'Assert' does not exist in the current context
C:\gh\azure-sdk-for-net\sdk\keyvault\Azure.Security.KeyVault.Administration\tests\samples\Sample3_BackRestoreResume.cs(49,36): error CS0103: The name 'Is' does not exist in the current context
C:\gh\azure-sdk-for-net\sdk\keyvault\Azure.Security.KeyVault.Administration\tests\samples\Sample3_BackRestoreResume.cs(50,13): error CS0103: The name 'Assert' does not exist in the current context
C:\gh\azure-sdk-for-net\sdk\keyvault\Azure.Security.KeyVault.Administration\tests\samples\Sample3_BackRestoreResume.cs(50,41): error CS0518: Predefined type 'System.Boolean' is not defined or imported
C:\gh\azure-sdk-for-net\sdk\keyvault\Azure.Security.KeyVault.Administration\tests\samples\Sample3_BackRestoreResume.cs(50,51): error CS0103: The name 'Is' does not exist in the current context
C:\gh\azure-sdk-for-net\sdk\keyvault\Azure.Security.KeyVault.Administration\tests\samples\Sample3_BackRestoreResume.cs(55,63): error CS0246: The type or namespace name 'Task<>' could not be found (are you missing a using directive or an assembly reference?)
C:\gh\azure-sdk-for-net\sdk\keyvault\Azure.Security.KeyVault.Administration\tests\samples\Sample3_BackRestoreResume.cs(56,63): error CS0518: Predefined type 'System.String' is not defined or imported
C:\gh\azure-sdk-for-net\sdk\keyvault\Azure.Security.KeyVault.Administration\tests\samples\Sample3_BackRestoreResume.cs(63,53): error CS0518: Predefined type 'System.Void' is not defined or imported
C:\gh\azure-sdk-for-net\sdk\keyvault\Azure.Security.KeyVault.Administration\tests\samples\Sample3_BackRestoreResume.cs(64,36): error CS0246: The type or namespace name 'Operation<>' could not be found (are you missing a using directive or an assembly reference?)
C:\gh\azure-sdk-for-net\sdk\keyvault\Azure.Security.KeyVault.Administration\tests\samples\Sample3_BackRestoreResume.cs(64,36): error CS0122: 'RestoreOperation._operationInternal' is inaccessible due to its protection level
C:\gh\azure-sdk-for-net\sdk\keyvault\Azure.Security.KeyVault.Administration\tests\samples\Sample3_BackRestoreResume.cs(67,66): error CS0246: The type or namespace name 'Operation<>' could not be found (are you missing a using directive or an assembly reference?)
C:\gh\azure-sdk-for-net\sdk\keyvault\Azure.Security.KeyVault.Administration\tests\samples\Sample3_BackRestoreResume.cs(67,49): error CS0246: The type or namespace name 'ValueTask<>' could not be found (are you missing a using directive or an assembly reference?)
C:\gh\azure-sdk-for-net\sdk\keyvault\Azure.Security.KeyVault.Administration\tests\samples\Sample3_BackRestoreResume.cs(70,13): error CS0103: The name 'Assert' does not exist in the current context
C:\gh\azure-sdk-for-net\sdk\keyvault\Azure.Security.KeyVault.Administration\tests\samples\Sample3_BackRestoreResume.cs(70,42): error CS0518: Predefined type 'System.Boolean' is not defined or imported
C:\gh\azure-sdk-for-net\sdk\keyvault\Azure.Security.KeyVault.Administration\tests\samples\Sample3_BackRestoreResume.cs(70,52): error CS0103: The name 'Is' does not exist in the current context
C:\gh\azure-sdk-for-net\sdk\keyvault\Azure.Security.KeyVault.Administration\tests\samples\Sample3_BackRestoreResume.cs(71,13): error CS0103: The name 'Assert' does not exist in the current context
C:\gh\azure-sdk-for-net\sdk\keyvault\Azure.Security.KeyVault.Administration\tests\samples\Sample3_BackRestoreResume.cs(71,39): error CS0246: The type or namespace name 'DateTimeOffset' could not be found (are you missing a using directive or an assembly reference?)
C:\gh\azure-sdk-for-net\sdk\keyvault\Azure.Security.KeyVault.Administration\tests\samples\Sample3_BackRestoreResume.cs(71,50): error CS0103: The name 'Is' does not exist in the current context
C:\gh\azure-sdk-for-net\sdk\keyvault\Azure.Security.KeyVault.Administration\tests\samples\Sample3_BackRestoreResume.cs(72,13): error CS0103: The name 'Assert' does not exist in the current context
C:\gh\azure-sdk-for-net\sdk\keyvault\Azure.Security.KeyVault.Administration\tests\samples\Sample3_BackRestoreResume.cs(72,39): error CS0246: The type or namespace name 'DateTimeOffset' could not be found (are you missing a using directive or an assembly reference?)
C:\gh\azure-sdk-for-net\sdk\keyvault\Azure.Security.KeyVault.Administration\tests\samples\Sample3_BackRestoreResume.cs(72,48): error CS0103: The name 'Is' does not exist in the current context
C:\gh\azure-sdk-for-net\sdk\keyvault\Azure.Security.KeyVault.Administration\tests\samples\Sample1_BackupHelloWorld.cs(89,47): error CS0246: The type or namespace name 'Uri' could not be found (are you missing a using directive or an assembly reference?)
C:\gh\azure-sdk-for-net\sdk\keyvault\Azure.Security.KeyVault.Administration\tests\samples\Sample1_BackupHelloWorld.cs(92,37): error CS0518: Predefined type 'System.Boolean' is not defined or imported
C:\gh\azure-sdk-for-net\sdk\keyvault\Azure.Security.KeyVault.Administration\tests\samples\Sample1_BackupHelloWorld.cs(94,33): error CS0246: The type or namespace name 'Operation<>' could not be found (are you missing a using directive or an assembly reference?)
C:\gh\azure-sdk-for-net\sdk\keyvault\Azure.Security.KeyVault.Administration\tests\samples\Sample1_BackupHelloWorld.cs(94,17): error CS0246: The type or namespace name 'Response' could not be found (are you missing a using directive or an assembly reference?)
C:\gh\azure-sdk-for-net\sdk\keyvault\Azure.Security.KeyVault.Administration\tests\samples\Sample1_BackupHelloWorld.cs(100,51): error CS0246: The type or namespace name 'Uri' could not be found (are you missing a using directive or an assembly reference?)
C:\gh\azure-sdk-for-net\sdk\keyvault\Azure.Security.KeyVault.Administration\tests\samples\Sample1_BackupHelloWorld.cs(103,13): error CS0103: The name 'Assert' does not exist in the current context
C:\gh\azure-sdk-for-net\sdk\keyvault\Azure.Security.KeyVault.Administration\tests\samples\Sample1_BackupHelloWorld.cs(103,36): error CS0103: The name 'Is' does not exist in the current context
C:\gh\azure-sdk-for-net\sdk\keyvault\Azure.Security.KeyVault.Administration\tests\samples\Sample1_BackupHelloWorld.cs(104,13): error CS0103: The name 'Assert' does not exist in the current context
C:\gh\azure-sdk-for-net\sdk\keyvault\Azure.Security.KeyVault.Administration\tests\samples\Sample1_BackupHelloWorld.cs(104,41): error CS0518: Predefined type 'System.Boolean' is not defined or imported
C:\gh\azure-sdk-for-net\sdk\keyvault\Azure.Security.KeyVault.Administration\tests\samples\Sample1_BackupHelloWorld.cs(104,51): error CS0103: The name 'Is' does not exist in the current context
C:\gh\azure-sdk-for-net\sdk\keyvault\Azure.Security.KeyVault.Administration\tests\samples\Sample1_BackupHelloWorld.cs(110,49): error CS0246: The type or namespace name 'Uri' could not be found (are you missing a using directive or an assembly reference?)
C:\gh\azure-sdk-for-net\sdk\keyvault\Azure.Security.KeyVault.Administration\tests\samples\Sample1_BackupHelloWorld.cs(113,38): error CS0518: Predefined type 'System.Boolean' is not defined or imported
C:\gh\azure-sdk-for-net\sdk\keyvault\Azure.Security.KeyVault.Administration\tests\samples\Sample1_BackupHelloWorld.cs(115,34): error CS0246: The type or namespace name 'Operation<>' could not be found (are you missing a using directive or an assembly reference?)
C:\gh\azure-sdk-for-net\sdk\keyvault\Azure.Security.KeyVault.Administration\tests\samples\Sample1_BackupHelloWorld.cs(115,17): error CS0246: The type or namespace name 'Response' could not be found (are you missing a using directive or an assembly reference?)
C:\gh\azure-sdk-for-net\sdk\keyvault\Azure.Security.KeyVault.Administration\tests\samples\Sample1_BackupHelloWorld.cs(119,55): error CS0246: The type or namespace name 'Uri' could not be found (are you missing a using directive or an assembly reference?)
C:\gh\azure-sdk-for-net\sdk\keyvault\Azure.Security.KeyVault.Administration\tests\samples\Sample1_BackupHelloWorld.cs(122,13): error CS0103: The name 'Assert' does not exist in the current context
C:\gh\azure-sdk-for-net\sdk\keyvault\Azure.Security.KeyVault.Administration\tests\samples\Sample1_BackupHelloWorld.cs(122,40): error CS0103: The name 'Is' does not exist in the current context
C:\gh\azure-sdk-for-net\sdk\keyvault\Azure.Security.KeyVault.Administration\tests\samples\Sample1_BackupHelloWorld.cs(123,13): error CS0103: The name 'Assert' does not exist in the current context
C:\gh\azure-sdk-for-net\sdk\keyvault\Azure.Security.KeyVault.Administration\tests\samples\Sample1_BackupHelloWorld.cs(123,42): error CS0518: Predefined type 'System.Boolean' is not defined or imported
C:\gh\azure-sdk-for-net\sdk\keyvault\Azure.Security.KeyVault.Administration\tests\samples\Sample1_BackupHelloWorld.cs(123,52): error CS0103: The name 'Is' does not exist in the current context
C:\gh\azure-sdk-for-net\sdk\keyvault\Azure.Security.KeyVault.Administration\tests\RestoreOperationTests.cs(74,34): error CS0246: The type or namespace name 'Mock<>' could not be found (are you missing a using directive or an assembly reference?)
C:\gh\azure-sdk-for-net\sdk\keyvault\Azure.Security.KeyVault.Administration\tests\RestoreOperationTests.cs(82,33): error CS0518: Predefined type 'System.Void' is not defined or imported
C:\gh\azure-sdk-for-net\sdk\keyvault\Azure.Security.KeyVault.Administration\tests\RestoreOperationTests.cs(84,32): error CS0103: The name 'Assert' does not exist in the current context
C:\gh\azure-sdk-for-net\sdk\keyvault\Azure.Security.KeyVault.Administration\tests\RestoreOperationTests.cs(84,51): error CS0246: The type or namespace name 'RequestFailedException' could not be found (are you missing a using directive or an assembly reference?)
C:\gh\azure-sdk-for-net\sdk\keyvault\Azure.Security.KeyVault.Administration\tests\RestoreOperationTests.cs(86,29): error CS0518: Predefined type 'System.Void' is not defined or imported
C:\gh\azure-sdk-for-net\sdk\keyvault\Azure.Security.KeyVault.Administration\tests\RestoreOperationTests.cs(88,22): error CS0103: The name 'Assert' does not exist in the current context
C:\gh\azure-sdk-for-net\sdk\keyvault\Azure.Security.KeyVault.Administration\tests\RestoreOperationTests.cs(88,36): error CS0246: The type or namespace name 'RequestFailedException' could not be found (are you missing a using directive or an assembly reference?)
C:\gh\azure-sdk-for-net\sdk\keyvault\Azure.Security.KeyVault.Administration\tests\AdministrationTestBase.cs(146,20): error CS0246: The type or namespace name 'RequestFailedException' could not be found (are you missing a using directive or an assembly reference?)
C:\gh\azure-sdk-for-net\sdk\keyvault\Azure.Security.KeyVault.Administration\tests\AdministrationTestBase.cs(159,27): error CS0246: The type or namespace name 'Task<>' could not be found (are you missing a using directive or an assembly reference?)
C:\gh\azure-sdk-for-net\sdk\keyvault\Azure.Security.KeyVault.Administration\tests\AdministrationTestBase.cs(162,20): error CS0246: The type or namespace name 'RequestFailedException' could not be found (are you missing a using directive or an assembly reference?)
C:\gh\azure-sdk-for-net\sdk\keyvault\Azure.Security.KeyVault.Administration\tests\BackupOperationTests.cs(112,34): error CS0246: The type or namespace name 'Mock<>' could not be found (are you missing a using directive or an assembly reference?)
C:\gh\azure-sdk-for-net\sdk\keyvault\Azure.Security.KeyVault.Administration\tests\BackupOperationTests.cs(117,67): error CS0103: The name 'Mock' does not exist in the current context
C:\gh\azure-sdk-for-net\sdk\keyvault\Azure.Security.KeyVault.Administration\tests\BackupOperationTests.cs(117,75): error CS0246: The type or namespace name 'Response' could not be found (are you missing a using directive or an assembly reference?)
C:\gh\azure-sdk-for-net\sdk\keyvault\Azure.Security.KeyVault.Administration\tests\BackupOperationTests.cs(117,88): error CS0103: The name 'Mock' does not exist in the current context
C:\gh\azure-sdk-for-net\sdk\keyvault\Azure.Security.KeyVault.Administration\tests\BackupOperationTests.cs(117,33): error CS0518: Predefined type 'System.Void' is not defined or imported
C:\gh\azure-sdk-for-net\sdk\keyvault\Azure.Security.KeyVault.Administration\tests\BackupOperationTests.cs(117,33): error CS1729: 'BackupOperation' does not contain a constructor that takes 3 arguments
C:\gh\azure-sdk-for-net\sdk\keyvault\Azure.Security.KeyVault.Administration\tests\BackupOperationTests.cs(119,13): error CS0103: The name 'Assert' does not exist in the current context
C:\gh\azure-sdk-for-net\sdk\keyvault\Azure.Security.KeyVault.Administration\tests\BackupOperationTests.cs(120,13): error CS0103: The name 'Assert' does not exist in the current context
C:\gh\azure-sdk-for-net\sdk\keyvault\Azure.Security.KeyVault.Administration\tests\BackupOperationTests.cs(120,35): error CS0518: Predefined type 'System.Nullable`1' is not defined or imported
C:\gh\azure-sdk-for-net\sdk\keyvault\Azure.Security.KeyVault.Administration\tests\BackupOperationTests.cs(120,46): error CS0103: The name 'Is' does not exist in the current context
C:\gh\azure-sdk-for-net\sdk\keyvault\Azure.Security.KeyVault.Administration\tests\BackupOperationTests.cs(120,74): error CS0122: 'FullBackupDetailsInternal.StartTime' is inaccessible due to its protection level
C:\gh\azure-sdk-for-net\sdk\keyvault\Azure.Security.KeyVault.Administration\tests\BackupOperationTests.cs(121,13): error CS0103: The name 'Assert' does not exist in the current context
C:\gh\azure-sdk-for-net\sdk\keyvault\Azure.Security.KeyVault.Administration\tests\BackupOperationTests.cs(121,35): error CS0518: Predefined type 'System.Nullable`1' is not defined or imported
C:\gh\azure-sdk-for-net\sdk\keyvault\Azure.Security.KeyVault.Administration\tests\BackupOperationTests.cs(121,44): error CS0103: The name 'Is' does not exist in the current context
C:\gh\azure-sdk-for-net\sdk\keyvault\Azure.Security.KeyVault.Administration\tests\BackupOperationTests.cs(121,72): error CS0122: 'FullBackupDetailsInternal.EndTime' is inaccessible due to its protection level
C:\gh\azure-sdk-for-net\sdk\keyvault\Azure.Security.KeyVault.Administration\tests\AdministrationTestBase.cs(181,69): error CS0246: The type or namespace name 'Task<>' could not be found (are you missing a using directive or an assembly reference?)
C:\gh\azure-sdk-for-net\sdk\keyvault\Azure.Security.KeyVault.Administration\tests\RestoreOperationTests.cs(95,34): error CS0246: The type or namespace name 'Mock<>' could not be found (are you missing a using directive or an assembly reference?)
C:\gh\azure-sdk-for-net\sdk\keyvault\Azure.Security.KeyVault.Administration\tests\RestoreOperationTests.cs(100,33): error CS0518: Predefined type 'System.Void' is not defined or imported
C:\gh\azure-sdk-for-net\sdk\keyvault\Azure.Security.KeyVault.Administration\tests\RestoreOperationTests.cs(102,29): error CS0103: The name 'Assert' does not exist in the current context
C:\gh\azure-sdk-for-net\sdk\keyvault\Azure.Security.KeyVault.Administration\tests\RestoreOperationTests.cs(102,48): error CS0246: The type or namespace name 'RequestFailedException' could not be found (are you missing a using directive or an assembly reference?)
C:\gh\azure-sdk-for-net\sdk\keyvault\Azure.Security.KeyVault.Administration\tests\RestoreOperationTests.cs(104,13): error CS0103: The name 'Assert' does not exist in the current context
C:\gh\azure-sdk-for-net\sdk\keyvault\Azure.Security.KeyVault.Administration\tests\RestoreOperationTests.cs(104,27): error CS0246: The type or namespace name 'RequestFailedException' could not be found (are you missing a using directive or an assembly reference?)
C:\gh\azure-sdk-for-net\sdk\keyvault\Azure.Security.KeyVault.Administration\tests\RestoreOperationTests.cs(105,13): error CS0103: The name 'Assert' does not exist in the current context
C:\gh\azure-sdk-for-net\sdk\keyvault\Azure.Security.KeyVault.Administration\tests\RestoreOperationTests.cs(105,35): error CS0518: Predefined type 'System.Nullable`1' is not defined or imported
C:\gh\azure-sdk-for-net\sdk\keyvault\Azure.Security.KeyVault.Administration\tests\RestoreOperationTests.cs(105,46): error CS0103: The name 'Is' does not exist in the current context
C:\gh\azure-sdk-for-net\sdk\keyvault\Azure.Security.KeyVault.Administration\tests\RestoreOperationTests.cs(105,71): error CS0122: 'RestoreDetailsInternal.StartTime' is inaccessible due to its protection level
C:\gh\azure-sdk-for-net\sdk\keyvault\Azure.Security.KeyVault.Administration\tests\RestoreOperationTests.cs(106,13): error CS0103: The name 'Assert' does not exist in the current context
C:\gh\azure-sdk-for-net\sdk\keyvault\Azure.Security.KeyVault.Administration\tests\RestoreOperationTests.cs(106,35): error CS0518: Predefined type 'System.Nullable`1' is not defined or imported
C:\gh\azure-sdk-for-net\sdk\keyvault\Azure.Security.KeyVault.Administration\tests\RestoreOperationTests.cs(106,44): error CS0103: The name 'Is' does not exist in the current context
C:\gh\azure-sdk-for-net\sdk\keyvault\Azure.Security.KeyVault.Administration\tests\RestoreOperationTests.cs(106,69): error CS0122: 'RestoreDetailsInternal.EndTime' is inaccessible due to its protection level
C:\gh\azure-sdk-for-net\sdk\keyvault\Azure.Security.KeyVault.Administration\tests\RestoreOperationTests.cs(113,34): error CS0246: The type or namespace name 'Mock<>' could not be found (are you missing a using directive or an assembly reference?)
C:\gh\azure-sdk-for-net\sdk\keyvault\Azure.Security.KeyVault.Administration\tests\RestoreOperationTests.cs(118,69): error CS0103: The name 'Mock' does not exist in the current context
C:\gh\azure-sdk-for-net\sdk\keyvault\Azure.Security.KeyVault.Administration\tests\RestoreOperationTests.cs(118,77): error CS0246: The type or namespace name 'Response' could not be found (are you missing a using directive or an assembly reference?)
C:\gh\azure-sdk-for-net\sdk\keyvault\Azure.Security.KeyVault.Administration\tests\RestoreOperationTests.cs(118,90): error CS0103: The name 'Mock' does not exist in the current context
C:\gh\azure-sdk-for-net\sdk\keyvault\Azure.Security.KeyVault.Administration\tests\RestoreOperationTests.cs(118,33): error CS0518: Predefined type 'System.Void' is not defined or imported
C:\gh\azure-sdk-for-net\sdk\keyvault\Azure.Security.KeyVault.Administration\tests\RestoreOperationTests.cs(118,33): error CS1729: 'RestoreOperation' does not contain a constructor that takes 3 arguments
C:\gh\azure-sdk-for-net\sdk\keyvault\Azure.Security.KeyVault.Administration\tests\RestoreOperationTests.cs(120,13): error CS0103: The name 'Assert' does not exist in the current context
C:\gh\azure-sdk-for-net\sdk\keyvault\Azure.Security.KeyVault.Administration\tests\RestoreOperationTests.cs(121,13): error CS0103: The name 'Assert' does not exist in the current context
C:\gh\azure-sdk-for-net\sdk\keyvault\Azure.Security.KeyVault.Administration\tests\RestoreOperationTests.cs(121,35): error CS0518: Predefined type 'System.Nullable`1' is not defined or imported
C:\gh\azure-sdk-for-net\sdk\keyvault\Azure.Security.KeyVault.Administration\tests\RestoreOperationTests.cs(121,46): error CS0103: The name 'Is' does not exist in the current context
C:\gh\azure-sdk-for-net\sdk\keyvault\Azure.Security.KeyVault.Administration\tests\RestoreOperationTests.cs(121,75): error CS0122: 'RestoreDetailsInternal.StartTime' is inaccessible due to its protection level
C:\gh\azure-sdk-for-net\sdk\keyvault\Azure.Security.KeyVault.Administration\tests\RestoreOperationTests.cs(122,13): error CS0103: The name 'Assert' does not exist in the current context
C:\gh\azure-sdk-for-net\sdk\keyvault\Azure.Security.KeyVault.Administration\tests\RestoreOperationTests.cs(122,35): error CS0518: Predefined type 'System.Nullable`1' is not defined or imported
C:\gh\azure-sdk-for-net\sdk\keyvault\Azure.Security.KeyVault.Administration\tests\RestoreOperationTests.cs(122,44): error CS0103: The name 'Is' does not exist in the current context
C:\gh\azure-sdk-for-net\sdk\keyvault\Azure.Security.KeyVault.Administration\tests\RestoreOperationTests.cs(122,73): error CS0122: 'RestoreDetailsInternal.EndTime' is inaccessible due to its protection level
C:\gh\azure-sdk-for-net\sdk\keyvault\Azure.Security.KeyVault.Administration\tests\samples\Sample1_RbacHelloWorld.cs(12,1): hidden CS8019: Unnecessary using directive.
C:\gh\azure-sdk-for-net\sdk\keyvault\Azure.Security.KeyVault.Administration\tests\samples\Sample2_SelectiveRestore.cs(8,1): hidden CS8019: Unnecessary using directive.
C:\gh\azure-sdk-for-net\sdk\keyvault\Azure.Security.KeyVault.Administration\tests\samples\AccessControlSampleSnippets.cs(11,1): hidden CS8019: Unnecessary using directive.
C:\gh\azure-sdk-for-net\sdk\keyvault\Azure.Security.KeyVault.Administration\tests\AccessControlTestBase.cs(9,1): hidden CS8019: Unnecessary using directive.
C:\gh\azure-sdk-for-net\sdk\keyvault\Azure.Security.KeyVault.Administration\tests\AccessControlClientLiveTests.cs(7,1): hidden CS8019: Unnecessary using directive.
C:\gh\azure-sdk-for-net\artifacts\obj\Azure.Security.KeyVault.Administration.Tests\Debug\net461\.NETFramework,Version=v4.6.1.AssemblyAttributes.cs(2,1): hidden CS8019: Unnecessary using directive.
C:\gh\azure-sdk-for-net\sdk\keyvault\Azure.Security.KeyVault.Administration\tests\samples\Sample1_BackupHelloWorld.cs(8,1): hidden CS8019: Unnecessary using directive.
C:\gh\azure-sdk-for-net\sdk\keyvault\Azure.Security.KeyVault.Administration\tests\samples\Sample3_BackRestoreResume.cs(6,1): hidden CS8019: Unnecessary using directive.
C:\gh\azure-sdk-for-net\sdk\keyvault\Azure.Security.KeyVault.Administration\tests\SelectiveKeyRestoreOperationTests.cs(6,1): hidden CS8019: Unnecessary using directive.
C:\gh\azure-sdk-for-net\sdk\keyvault\Azure.Security.KeyVault.Administration\tests\SelectiveKeyRestoreOperationTests.cs(8,1): hidden CS8019: Unnecessary using directive.
C:\gh\azure-sdk-for-net\sdk\keyvault\Azure.Security.KeyVault.Administration\tests\BackupRestoreTestBase.cs(8,1): hidden CS8019: Unnecessary using directive.
C:\gh\azure-sdk-for-net\sdk\keyvault\Azure.Security.KeyVault.Administration\tests\BackupOperationTests.cs(7,1): hidden CS8019: Unnecessary using directive.
C:\gh\azure-sdk-for-net\sdk\keyvault\Azure.Security.KeyVault.Shared\tests\TestExtensions.cs(7,1): hidden CS8019: Unnecessary using directive.
C:\gh\azure-sdk-for-net\sdk\keyvault\Azure.Security.KeyVault.Administration\tests\KeyVaultBackupClientTests.cs(8,1): hidden CS8019: Unnecessary using directive.
C:\gh\azure-sdk-for-net\sdk\keyvault\Azure.Security.KeyVault.Administration\tests\RoleAssignmentScopeTests.cs(4,1): hidden CS8019: Unnecessary using directive.
C:\gh\azure-sdk-for-net\sdk\keyvault\Azure.Security.KeyVault.Shared\tests\JsonStream.cs(7,1): hidden CS8019: Unnecessary using directive.
C:\gh\azure-sdk-for-net\sdk\keyvault\Azure.Security.KeyVault.Shared\tests\PremiumOnlyAttribute.cs(7,1): hidden CS8019: Unnecessary using directive.
C:\gh\azure-sdk-for-net\sdk\keyvault\Azure.Security.KeyVault.Administration\tests\AdministrationTestBase.cs(11,1): hidden CS8019: Unnecessary using directive.
C:\gh\azure-sdk-for-net\sdk\keyvault\Azure.Security.KeyVault.Administration\tests\RoleAssignmentScopeTests.cs(5,1): hidden CS8019: Unnecessary using directive.
C:\gh\azure-sdk-for-net\sdk\keyvault\Azure.Security.KeyVault.Shared\tests\KeyVaultTestEventListener.cs(6,1): hidden CS8019: Unnecessary using directive.
C:\gh\azure-sdk-for-net\sdk\keyvault\Azure.Security.KeyVault.Administration\tests\RoleAssignmentScopeTests.cs(6,1): hidden CS8019: Unnecessary using directive.
C:\gh\azure-sdk-for-net\sdk\keyvault\Azure.Security.KeyVault.Administration\tests\SelectiveKeyRestoreOperationTests.cs(7,1): hidden CS8019: Unnecessary using directive.
C:\gh\azure-sdk-for-net\sdk\keyvault\Azure.Security.KeyVault.Administration\tests\BackupRestoreRecordedTestSanitizer.cs(7,1): hidden CS8019: Unnecessary using directive.
C:\gh\azure-sdk-for-net\sdk\keyvault\Azure.Security.KeyVault.Administration\tests\samples\Sample1_BackupHelloWorld.cs(7,1): hidden CS8019: Unnecessary using directive.
C:\gh\azure-sdk-for-net\sdk\keyvault\Azure.Security.KeyVault.Shared\tests\TestExtensions.cs(8,1): hidden CS8019: Unnecessary using directive.
C:\gh\azure-sdk-for-net\sdk\keyvault\Azure.Security.KeyVault.Administration\tests\KeyVaultBackupClientTests.cs(9,1): hidden CS8019: Unnecessary using directive.
C:\gh\azure-sdk-for-net\sdk\keyvault\Azure.Security.KeyVault.Administration\tests\BackupRestoreTestBase.cs(7,1): hidden CS8019: Unnecessary using directive.
C:\gh\azure-sdk-for-net\artifacts\obj\Azure.Security.KeyVault.Administration.Tests\Debug\net461\Azure.Security.KeyVault.Administration.Tests.AssemblyInfo.cs(11,1): hidden CS8019: Unnecessary using directive.
C:\gh\azure-sdk-for-net\sdk\keyvault\Azure.Security.KeyVault.Administration\tests\RestoreOperationTests.cs(6,1): hidden CS8019: Unnecessary using directive.
C:\gh\azure-sdk-for-net\sdk\keyvault\Azure.Security.KeyVault.Administration\tests\RestoreOperationTests.cs(8,1): hidden CS8019: Unnecessary using directive.
C:\gh\azure-sdk-for-net\sdk\keyvault\Azure.Security.KeyVault.Administration\tests\samples\Sample1_RbacHelloWorld.cs(10,1): hidden CS8019: Unnecessary using directive.
C:\gh\azure-sdk-for-net\sdk\keyvault\Azure.Security.KeyVault.Shared\tests\TestExtensions.cs(6,1): hidden CS8019: Unnecessary using directive.
C:\gh\azure-sdk-for-net\sdk\keyvault\Azure.Security.KeyVault.Administration\tests\samples\AccessControlSampleSnippets.cs(9,1): hidden CS8019: Unnecessary using directive.
C:\gh\azure-sdk-for-net\sdk\keyvault\Azure.Security.KeyVault.Shared\tests\PremiumOnlyAttribute.cs(5,1): hidden CS8019: Unnecessary using directive.
C:\gh\azure-sdk-for-net\sdk\keyvault\Azure.Security.KeyVault.Administration\tests\KeyVaultBackupClientTests.cs(6,1): hidden CS8019: Unnecessary using directive.
C:\gh\azure-sdk-for-net\sdk\keyvault\Azure.Security.KeyVault.Administration\tests\FullBackupClientLiveTests.cs(9,1): hidden CS8019: Unnecessary using directive.
C:\gh\azure-sdk-for-net\sdk\keyvault\Azure.Security.KeyVault.Administration\tests\KeyVaultBackupClientTests.cs(5,1): hidden CS8019: Unnecessary using directive.
C:\gh\azure-sdk-for-net\sdk\keyvault\Azure.Security.KeyVault.Administration\tests\KeyVaultBackupClientTests.cs(7,1): hidden CS8019: Unnecessary using directive.
C:\gh\azure-sdk-for-net\artifacts\obj\Azure.Security.KeyVault.Administration.Tests\Debug\net461\Azure.Security.KeyVault.Administration.Tests.AssemblyInfo.cs(12,1): hidden CS8019: Unnecessary using directive.
C:\gh\azure-sdk-for-net\sdk\keyvault\Azure.Security.KeyVault.Administration\tests\FullBackupClientLiveTests.cs(8,1): hidden CS8019: Unnecessary using directive.
C:\gh\azure-sdk-for-net\sdk\keyvault\Azure.Security.KeyVault.Administration\tests\RestoreOperationTests.cs(7,1): hidden CS8019: Unnecessary using directive.
C:\gh\azure-sdk-for-net\sdk\keyvault\Azure.Security.KeyVault.Shared\tests\PremiumOnlyAttribute.cs(6,1): hidden CS8019: Unnecessary using directive.
C:\gh\azure-sdk-for-net\sdk\keyvault\Azure.Security.KeyVault.Administration\tests\RoleAssignmentScopeTests.cs(8,1): hidden CS8019: Unnecessary using directive.
C:\gh\azure-sdk-for-net\sdk\keyvault\Azure.Security.KeyVault.Administration\tests\BackupRestoreTestBase.cs(9,1): hidden CS8019: Unnecessary using directive.
C:\gh\azure-sdk-for-net\sdk\keyvault\Azure.Security.KeyVault.Administration\tests\AccessControlTestBase.cs(8,1): hidden CS8019: Unnecessary using directive.
C:\gh\azure-sdk-for-net\sdk\keyvault\Azure.Security.KeyVault.Administration\tests\samples\Sample1_RbacHelloWorld.cs(9,1): hidden CS8019: Unnecessary using directive.
C:\gh\azure-sdk-for-net\sdk\keyvault\Azure.Security.KeyVault.Administration\tests\samples\Sample2_RbacScopeAssignment.cs(11,1): hidden CS8019: Unnecessary using directive.
C:\gh\azure-sdk-for-net\sdk\keyvault\Azure.Security.KeyVault.Administration\tests\AccessControlClientLiveTests.cs(8,1): hidden CS8019: Unnecessary using directive.
C:\gh\azure-sdk-for-net\sdk\keyvault\Azure.Security.KeyVault.Administration\tests\samples\AccessControlSampleSnippets.cs(8,1): hidden CS8019: Unnecessary using directive.
C:\gh\azure-sdk-for-net\sdk\keyvault\Azure.Security.KeyVault.Administration\tests\samples\Sample2_RbacScopeAssignment.cs(8,1): hidden CS8019: Unnecessary using directive.
C:\gh\azure-sdk-for-net\artifacts\obj\Azure.Security.KeyVault.Administration.Tests\Debug\net461\.NETFramework,Version=v4.6.1.AssemblyAttributes.cs(3,1): hidden CS8019: Unnecessary using directive.
C:\gh\azure-sdk-for-net\sdk\keyvault\Azure.Security.KeyVault.Administration\tests\BackupOperationTests.cs(6,1): hidden CS8019: Unnecessary using directive.
C:\gh\azure-sdk-for-net\sdk\keyvault\Azure.Security.KeyVault.Administration\tests\BackupOperationTests.cs(8,1): hidden CS8019: Unnecessary using directive.
