C:\gh\azure-sdk-for-net\sdk\template\Azure.Template\tests\MiniSecretClientLiveTest.cs(28,10): error CS0246: The type or namespace name 'TestAttribute' could not be found (are you missing a using directive or an assembly reference?)
C:\gh\azure-sdk-for-net\sdk\template\Azure.Template\tests\MiniSecretClientLiveTest.cs(28,10): error CS0246: The type or namespace name 'Test' could not be found (are you missing a using directive or an assembly reference?)
C:\gh\azure-sdk-for-net\sdk\template\Azure.Template\tests\MiniSecretClientLiveTest.cs(7,7): error CS0246: The type or namespace name 'NUnit' could not be found (are you missing a using directive or an assembly reference?)
C:\gh\azure-sdk-for-net\sdk\template\Azure.Template\tests\Samples\MiniSecretClientSamples.HelloWorld.cs(6,13): error CS0234: The type or namespace name 'Identity' does not exist in the namespace 'Azure' (are you missing an assembly reference?)
C:\gh\azure-sdk-for-net\sdk\template\Azure.Template\tests\Samples\MiniSecretClientSamples.HelloWorld.cs(8,7): error CS0246: The type or namespace name 'NUnit' could not be found (are you missing a using directive or an assembly reference?)
C:\gh\azure-sdk-for-net\sdk\template\Azure.Template\tests\Samples\MiniSecretClientSamples.HelloWorld.cs(14,10): error CS0246: The type or namespace name 'TestAttribute' could not be found (are you missing a using directive or an assembly reference?)
C:\gh\azure-sdk-for-net\sdk\template\Azure.Template\tests\Samples\MiniSecretClientSamples.HelloWorld.cs(14,10): error CS0246: The type or namespace name 'Test' could not be found (are you missing a using directive or an assembly reference?)
C:\gh\azure-sdk-for-net\sdk\template\Azure.Template\tests\Samples\MiniSecretClientSamples.HelloWorld.cs(20,70): error CS0246: The type or namespace name 'DefaultAzureCredential' could not be found (are you missing a using directive or an assembly reference?)
C:\gh\azure-sdk-for-net\sdk\template\Azure.Template\tests\Samples\MiniSecretClientSamples.HelloWorld.cs(20,30): error CS0518: Predefined type 'System.Void' is not defined or imported
C:\gh\azure-sdk-for-net\sdk\template\Azure.Template\tests\Samples\MiniSecretClientSamples.HelloWorld.cs(22,35): error CS0246: The type or namespace name 'Response<>' could not be found (are you missing a using directive or an assembly reference?)
C:\gh\azure-sdk-for-net\sdk\template\Azure.Template\tests\Samples\MiniSecretClientSamples.HelloWorld.cs(24,38): error CS0518: Predefined type 'System.String' is not defined or imported
C:\gh\azure-sdk-for-net\sdk\template\Azure.Template\tests\MiniSecretClientLiveTest.cs(23,33): error CS0012: The type 'TokenCredential' is defined in an assembly that is not referenced. You must add a reference to assembly 'Azure.Core, Version=1.4.1.0, Culture=neutral, PublicKeyToken=92742159e12e44c8'.
C:\gh\azure-sdk-for-net\sdk\template\Azure.Template\tests\MiniSecretClientLiveTest.cs(24,45): error CS0518: Predefined type 'System.Void' is not defined or imported
C:\gh\azure-sdk-for-net\sdk\template\Azure.Template\tests\MiniSecretClientLiveTest.cs(21,41): error CS0518: Predefined type 'System.Void' is not defined or imported
C:\gh\azure-sdk-for-net\sdk\template\Azure.Template\tests\MiniSecretClientLiveTest.cs(33,32): error CS0246: The type or namespace name 'Task<>' could not be found (are you missing a using directive or an assembly reference?)
C:\gh\azure-sdk-for-net\sdk\template\Azure.Template\tests\MiniSecretClientLiveTest.cs(35,13): error CS0103: The name 'Assert' does not exist in the current context
C:\gh\azure-sdk-for-net\artifacts\obj\Azure.Template.Tests\Debug\net461\.NETFramework,Version=v4.6.1.AssemblyAttributes.cs(2,1): hidden CS8019: Unnecessary using directive.
C:\gh\azure-sdk-for-net\sdk\template\Azure.Template\tests\MiniSecretClientLiveTest.cs(7,1): hidden CS8019: Unnecessary using directive.
C:\gh\azure-sdk-for-net\sdk\template\Azure.Template\tests\Samples\MiniSecretClientSamples.HelloWorld.cs(8,1): hidden CS8019: Unnecessary using directive.
C:\gh\azure-sdk-for-net\artifacts\obj\Azure.Template.Tests\Debug\net461\.NETFramework,Version=v4.6.1.AssemblyAttributes.cs(3,1): hidden CS8019: Unnecessary using directive.
C:\gh\azure-sdk-for-net\artifacts\obj\Azure.Template.Tests\Debug\net461\Azure.Template.Tests.AssemblyInfo.cs(11,1): hidden CS8019: Unnecessary using directive.
C:\gh\azure-sdk-for-net\sdk\template\Azure.Template\tests\Samples\MiniSecretClientSamples.HelloWorld.cs(6,1): hidden CS8019: Unnecessary using directive.
C:\gh\azure-sdk-for-net\artifacts\obj\Azure.Template.Tests\Debug\net461\Azure.Template.Tests.AssemblyInfo.cs(12,1): hidden CS8019: Unnecessary using directive.
