C:\gh\azure-sdk-for-net\sdk\postgresql\Microsoft.Azure.Management.PostgreSQL\tests\ScenarioTests\CRUDDBForPostgreSQLTestsBase.cs(13,44): error CS0246: The type or namespace name 'TestBase' could not be found (are you missing a using directive or an assembly reference?)
C:\gh\azure-sdk-for-net\sdk\postgresql\Microsoft.Azure.Management.PostgreSQL\tests\ScenarioTests\CRUDDBForPostgreSQLTestsBase.cs(62,44): error CS0518: Predefined type 'System.Object' is not defined or imported
C:\gh\azure-sdk-for-net\sdk\postgresql\Microsoft.Azure.Management.PostgreSQL\tests\ScenarioTests\CRUDDBForPostgreSQLTestsBase.cs(62,44): error CS0246: The type or namespace name 'MockContext' could not be found (are you missing a using directive or an assembly reference?)
C:\gh\azure-sdk-for-net\sdk\postgresql\Microsoft.Azure.Management.PostgreSQL\tests\ScenarioTests\CRUDDBForPostgreSQLTestsBase.cs(63,13): error CS0518: Predefined type 'System.Object' is not defined or imported
C:\gh\azure-sdk-for-net\sdk\postgresql\Microsoft.Azure.Management.PostgreSQL\tests\ScenarioTests\CRUDDBForPostgreSQLTestsBase.cs(64,13): error CS0518: Predefined type 'System.String' is not defined or imported
C:\gh\azure-sdk-for-net\sdk\postgresql\Microsoft.Azure.Management.PostgreSQL\tests\ScenarioTests\CRUDDBForPostgreSQLTestsBase.cs(62,19): error CS0518: Predefined type 'System.Void' is not defined or imported
C:\gh\azure-sdk-for-net\sdk\postgresql\Microsoft.Azure.Management.PostgreSQL\tests\ScenarioTests\CRUDDBForPostgreSQLFlexibleServerTestBase.cs(59,44): error CS0518: Predefined type 'System.Object' is not defined or imported
C:\gh\azure-sdk-for-net\sdk\postgresql\Microsoft.Azure.Management.PostgreSQL\tests\ScenarioTests\CRUDDBForPostgreSQLFlexibleServerTestBase.cs(59,44): error CS0246: The type or namespace name 'MockContext' could not be found (are you missing a using directive or an assembly reference?)
C:\gh\azure-sdk-for-net\sdk\postgresql\Microsoft.Azure.Management.PostgreSQL\tests\ScenarioTests\CRUDDBForPostgreSQLFlexibleServerTestBase.cs(60,13): error CS0518: Predefined type 'System.Object' is not defined or imported
C:\gh\azure-sdk-for-net\sdk\postgresql\Microsoft.Azure.Management.PostgreSQL\tests\ScenarioTests\CRUDDBForPostgreSQLFlexibleServerTestBase.cs(61,13): error CS0518: Predefined type 'System.String' is not defined or imported
C:\gh\azure-sdk-for-net\sdk\postgresql\Microsoft.Azure.Management.PostgreSQL\tests\ScenarioTests\CRUDDBForPostgreSQLFlexibleServerTestBase.cs(59,19): error CS0518: Predefined type 'System.Void' is not defined or imported
C:\gh\azure-sdk-for-net\sdk\postgresql\Microsoft.Azure.Management.PostgreSQL\tests\Helpers\Utilities.cs(36,76): error CS0518: Predefined type 'System.Object' is not defined or imported
C:\gh\azure-sdk-for-net\sdk\postgresql\Microsoft.Azure.Management.PostgreSQL\tests\Helpers\Utilities.cs(36,76): error CS0246: The type or namespace name 'MockContext' could not be found (are you missing a using directive or an assembly reference?)
C:\gh\azure-sdk-for-net\sdk\postgresql\Microsoft.Azure.Management.PostgreSQL\tests\Helpers\Utilities.cs(36,97): error CS0518: Predefined type 'System.Object' is not defined or imported
C:\gh\azure-sdk-for-net\sdk\postgresql\Microsoft.Azure.Management.PostgreSQL\tests\Helpers\Utilities.cs(36,23): error CS0518: Predefined type 'System.Object' is not defined or imported
C:\gh\azure-sdk-for-net\sdk\postgresql\Microsoft.Azure.Management.PostgreSQL\tests\Helpers\Utilities.cs(36,23): error CS0246: The type or namespace name 'ResourceManagementClient' could not be found (are you missing a using directive or an assembly reference?)
C:\gh\azure-sdk-for-net\sdk\postgresql\Microsoft.Azure.Management.PostgreSQL\tests\Helpers\RecordedDelegatingHandler.cs(12,46): error CS0246: The type or namespace name 'DelegatingHandler' could not be found (are you missing a using directive or an assembly reference?)
C:\gh\azure-sdk-for-net\sdk\postgresql\Microsoft.Azure.Management.PostgreSQL\tests\Helpers\Utilities.cs(114,52): error CS0518: Predefined type 'System.Int32' is not defined or imported
C:\gh\azure-sdk-for-net\sdk\postgresql\Microsoft.Azure.Management.PostgreSQL\tests\Helpers\Utilities.cs(114,23): error CS0518: Predefined type 'System.Void' is not defined or imported
C:\gh\azure-sdk-for-net\sdk\postgresql\Microsoft.Azure.Management.PostgreSQL\tests\Helpers\RecordedDelegatingHandler.cs(47,70): error CS0518: Predefined type 'System.Object' is not defined or imported
C:\gh\azure-sdk-for-net\sdk\postgresql\Microsoft.Azure.Management.PostgreSQL\tests\Helpers\RecordedDelegatingHandler.cs(47,70): error CS0246: The type or namespace name 'HttpRequestMessage' could not be found (are you missing a using directive or an assembly reference?)
C:\gh\azure-sdk-for-net\sdk\postgresql\Microsoft.Azure.Management.PostgreSQL\tests\Helpers\RecordedDelegatingHandler.cs(47,98): error CS0518: Predefined type 'System.Object' is not defined or imported
C:\gh\azure-sdk-for-net\sdk\postgresql\Microsoft.Azure.Management.PostgreSQL\tests\Helpers\RecordedDelegatingHandler.cs(47,98): error CS0246: The type or namespace name 'System' could not be found (are you missing a using directive or an assembly reference?)
C:\gh\azure-sdk-for-net\sdk\postgresql\Microsoft.Azure.Management.PostgreSQL\tests\Helpers\RecordedDelegatingHandler.cs(47,34): error CS0518: Predefined type 'System.Object' is not defined or imported
C:\gh\azure-sdk-for-net\sdk\postgresql\Microsoft.Azure.Management.PostgreSQL\tests\Helpers\RecordedDelegatingHandler.cs(47,34): error CS0246: The type or namespace name 'Task<>' could not be found (are you missing a using directive or an assembly reference?)
C:\gh\azure-sdk-for-net\sdk\postgresql\Microsoft.Azure.Management.PostgreSQL\tests\Helpers\RecordedDelegatingHandler.cs(47,39): error CS0518: Predefined type 'System.Object' is not defined or imported
C:\gh\azure-sdk-for-net\sdk\postgresql\Microsoft.Azure.Management.PostgreSQL\tests\Helpers\RecordedDelegatingHandler.cs(47,39): error CS0246: The type or namespace name 'HttpResponseMessage' could not be found (are you missing a using directive or an assembly reference?)
C:\gh\azure-sdk-for-net\sdk\postgresql\Microsoft.Azure.Management.PostgreSQL\tests\Helpers\Utilities.cs(106,48): error CS0518: Predefined type 'System.Object' is not defined or imported
C:\gh\azure-sdk-for-net\sdk\postgresql\Microsoft.Azure.Management.PostgreSQL\tests\Helpers\Utilities.cs(106,48): error CS0246: The type or namespace name 'ResourceManagementClient' could not be found (are you missing a using directive or an assembly reference?)
C:\gh\azure-sdk-for-net\sdk\postgresql\Microsoft.Azure.Management.PostgreSQL\tests\Helpers\Utilities.cs(106,90): error CS0518: Predefined type 'System.String' is not defined or imported
C:\gh\azure-sdk-for-net\sdk\postgresql\Microsoft.Azure.Management.PostgreSQL\tests\Helpers\Utilities.cs(106,23): error CS0518: Predefined type 'System.Void' is not defined or imported
C:\gh\azure-sdk-for-net\sdk\postgresql\Microsoft.Azure.Management.PostgreSQL\tests\Helpers\RecordedDelegatingHandler.cs(45,17): error CS0518: Predefined type 'System.Int32' is not defined or imported
C:\gh\azure-sdk-for-net\sdk\postgresql\Microsoft.Azure.Management.PostgreSQL\tests\Helpers\Utilities.cs(114,72): error CS0518: Predefined type 'System.Int32' is not defined or imported
C:\gh\azure-sdk-for-net\sdk\postgresql\Microsoft.Azure.Management.PostgreSQL\tests\Helpers\RecordedDelegatingHandler.cs(14,17): error CS0518: Predefined type 'System.Object' is not defined or imported
C:\gh\azure-sdk-for-net\sdk\postgresql\Microsoft.Azure.Management.PostgreSQL\tests\Helpers\RecordedDelegatingHandler.cs(14,17): error CS0246: The type or namespace name 'HttpResponseMessage' could not be found (are you missing a using directive or an assembly reference?)
C:\gh\azure-sdk-for-net\sdk\postgresql\Microsoft.Azure.Management.PostgreSQL\tests\Helpers\TestConfiguration.cs(8,22): error CS0518: Predefined type 'System.String' is not defined or imported
C:\gh\azure-sdk-for-net\sdk\postgresql\Microsoft.Azure.Management.PostgreSQL\tests\Helpers\RecordedDelegatingHandler.cs(16,9): error CS0518: Predefined type 'System.Void' is not defined or imported
C:\gh\azure-sdk-for-net\sdk\postgresql\Microsoft.Azure.Management.PostgreSQL\tests\Helpers\RecordedDelegatingHandler.cs(22,42): error CS0518: Predefined type 'System.Object' is not defined or imported
C:\gh\azure-sdk-for-net\sdk\postgresql\Microsoft.Azure.Management.PostgreSQL\tests\Helpers\RecordedDelegatingHandler.cs(22,42): error CS0246: The type or namespace name 'HttpResponseMessage' could not be found (are you missing a using directive or an assembly reference?)
C:\gh\azure-sdk-for-net\sdk\postgresql\Microsoft.Azure.Management.PostgreSQL\tests\Helpers\RecordedDelegatingHandler.cs(22,9): error CS0518: Predefined type 'System.Void' is not defined or imported
C:\gh\azure-sdk-for-net\sdk\postgresql\Microsoft.Azure.Management.PostgreSQL\tests\Helpers\Utilities.cs(50,80): error CS0518: Predefined type 'System.Object' is not defined or imported
C:\gh\azure-sdk-for-net\sdk\postgresql\Microsoft.Azure.Management.PostgreSQL\tests\Helpers\Utilities.cs(50,80): error CS0246: The type or namespace name 'MockContext' could not be found (are you missing a using directive or an assembly reference?)
C:\gh\azure-sdk-for-net\sdk\postgresql\Microsoft.Azure.Management.PostgreSQL\tests\Helpers\Utilities.cs(50,101): error CS0518: Predefined type 'System.Object' is not defined or imported
C:\gh\azure-sdk-for-net\sdk\postgresql\Microsoft.Azure.Management.PostgreSQL\tests\Helpers\Utilities.cs(50,23): error CS0518: Predefined type 'System.Object' is not defined or imported
C:\gh\azure-sdk-for-net\sdk\postgresql\Microsoft.Azure.Management.PostgreSQL\tests\ScenarioTests\CRUDDBForPostgreSQLTestsBase.cs(15,26): error CS0518: Predefined type 'System.String' is not defined or imported
C:\gh\azure-sdk-for-net\sdk\postgresql\Microsoft.Azure.Management.PostgreSQL\tests\Helpers\TestConfiguration.cs(8,40): error CS0518: Predefined type 'System.String' is not defined or imported
C:\gh\azure-sdk-for-net\sdk\postgresql\Microsoft.Azure.Management.PostgreSQL\tests\ScenarioTests\CRUDDBForPostgreSQLTestsBase.cs(42,53): error CS0518: Predefined type 'System.Object' is not defined or imported
C:\gh\azure-sdk-for-net\sdk\postgresql\Microsoft.Azure.Management.PostgreSQL\tests\ScenarioTests\CRUDDBForPostgreSQLTestsBase.cs(42,53): error CS0246: The type or namespace name 'MockContext' could not be found (are you missing a using directive or an assembly reference?)
C:\gh\azure-sdk-for-net\sdk\postgresql\Microsoft.Azure.Management.PostgreSQL\tests\ScenarioTests\CRUDDBForPostgreSQLTestsBase.cs(43,13): error CS0518: Predefined type 'System.Object' is not defined or imported
C:\gh\azure-sdk-for-net\sdk\postgresql\Microsoft.Azure.Management.PostgreSQL\tests\ScenarioTests\CRUDDBForPostgreSQLTestsBase.cs(44,13): error CS0518: Predefined type 'System.String' is not defined or imported
C:\gh\azure-sdk-for-net\sdk\postgresql\Microsoft.Azure.Management.PostgreSQL\tests\ScenarioTests\CRUDDBForPostgreSQLTestsBase.cs(45,13): error CS0518: Predefined type 'System.String' is not defined or imported
C:\gh\azure-sdk-for-net\sdk\postgresql\Microsoft.Azure.Management.PostgreSQL\tests\ScenarioTests\CRUDDBForPostgreSQLTestsBase.cs(42,19): error CS0518: Predefined type 'System.Object' is not defined or imported
C:\gh\azure-sdk-for-net\sdk\postgresql\Microsoft.Azure.Management.PostgreSQL\tests\ScenarioTests\CRUDDBForPostgreSQLTestsBase.cs(42,19): error CS0246: The type or namespace name 'ResourceGroup' could not be found (are you missing a using directive or an assembly reference?)
C:\gh\azure-sdk-for-net\sdk\postgresql\Microsoft.Azure.Management.PostgreSQL\tests\ScenarioTests\CRUDDBForPostgreSQLTestsBase.cs(16,26): error CS0518: Predefined type 'System.String' is not defined or imported
C:\gh\azure-sdk-for-net\sdk\postgresql\Microsoft.Azure.Management.PostgreSQL\tests\ScenarioTests\CRUDServiceTests.cs(51,16): error CS0518: Predefined type 'System.Void' is not defined or imported
C:\gh\azure-sdk-for-net\sdk\postgresql\Microsoft.Azure.Management.PostgreSQL\tests\Helpers\Utilities.cs(24,23): error CS0518: Predefined type 'System.Boolean' is not defined or imported
C:\gh\azure-sdk-for-net\sdk\postgresql\Microsoft.Azure.Management.PostgreSQL\tests\Helpers\Utilities.cs(89,50): error CS0518: Predefined type 'System.Object' is not defined or imported
C:\gh\azure-sdk-for-net\sdk\postgresql\Microsoft.Azure.Management.PostgreSQL\tests\Helpers\Utilities.cs(89,50): error CS0246: The type or namespace name 'ResourceManagementClient' could not be found (are you missing a using directive or an assembly reference?)
C:\gh\azure-sdk-for-net\sdk\postgresql\Microsoft.Azure.Management.PostgreSQL\tests\Helpers\Utilities.cs(89,92): error CS0518: Predefined type 'System.String' is not defined or imported
C:\gh\azure-sdk-for-net\sdk\postgresql\Microsoft.Azure.Management.PostgreSQL\tests\Helpers\Utilities.cs(89,123): error CS0518: Predefined type 'System.String' is not defined or imported
C:\gh\azure-sdk-for-net\sdk\postgresql\Microsoft.Azure.Management.PostgreSQL\tests\Helpers\Utilities.cs(89,23): error CS0518: Predefined type 'System.String' is not defined or imported
C:\gh\azure-sdk-for-net\sdk\postgresql\Microsoft.Azure.Management.PostgreSQL\tests\Helpers\Utilities.cs(67,111): error CS0518: Predefined type 'System.Object' is not defined or imported
C:\gh\azure-sdk-for-net\sdk\postgresql\Microsoft.Azure.Management.PostgreSQL\tests\Helpers\Utilities.cs(67,111): error CS0246: The type or namespace name 'MockContext' could not be found (are you missing a using directive or an assembly reference?)
C:\gh\azure-sdk-for-net\sdk\postgresql\Microsoft.Azure.Management.PostgreSQL\tests\Helpers\Utilities.cs(67,132): error CS0518: Predefined type 'System.Object' is not defined or imported
C:\gh\azure-sdk-for-net\sdk\postgresql\Microsoft.Azure.Management.PostgreSQL\tests\Helpers\Utilities.cs(67,23): error CS0518: Predefined type 'System.Object' is not defined or imported
C:\gh\azure-sdk-for-net\sdk\postgresql\Microsoft.Azure.Management.PostgreSQL\tests\ScenarioTests\CRUDDBForPostgreSQLTestsBase.cs(26,51): error CS0518: Predefined type 'System.Object' is not defined or imported
C:\gh\azure-sdk-for-net\sdk\postgresql\Microsoft.Azure.Management.PostgreSQL\tests\ScenarioTests\CRUDDBForPostgreSQLTestsBase.cs(26,51): error CS0246: The type or namespace name 'MockContext' could not be found (are you missing a using directive or an assembly reference?)
C:\gh\azure-sdk-for-net\sdk\postgresql\Microsoft.Azure.Management.PostgreSQL\tests\ScenarioTests\CRUDDBForPostgreSQLTestsBase.cs(27,13): error CS0518: Predefined type 'System.Object' is not defined or imported
C:\gh\azure-sdk-for-net\sdk\postgresql\Microsoft.Azure.Management.PostgreSQL\tests\ScenarioTests\CRUDDBForPostgreSQLTestsBase.cs(28,13): error CS0518: Predefined type 'System.Object' is not defined or imported
C:\gh\azure-sdk-for-net\sdk\postgresql\Microsoft.Azure.Management.PostgreSQL\tests\ScenarioTests\CRUDDBForPostgreSQLTestsBase.cs(28,13): error CS0246: The type or namespace name 'ResourceGroup' could not be found (are you missing a using directive or an assembly reference?)
C:\gh\azure-sdk-for-net\sdk\postgresql\Microsoft.Azure.Management.PostgreSQL\tests\ScenarioTests\CRUDDBForPostgreSQLTestsBase.cs(29,13): error CS0518: Predefined type 'System.String' is not defined or imported
C:\gh\azure-sdk-for-net\sdk\postgresql\Microsoft.Azure.Management.PostgreSQL\tests\ScenarioTests\CRUDDBForPostgreSQLTestsBase.cs(26,19): error CS0518: Predefined type 'System.Object' is not defined or imported
C:\gh\azure-sdk-for-net\sdk\postgresql\Microsoft.Azure.Management.PostgreSQL\tests\ScenarioTests\CRUDDBForPostgreSQLFlexibleServerTestBase.cs(39,53): error CS0518: Predefined type 'System.Object' is not defined or imported
C:\gh\azure-sdk-for-net\sdk\postgresql\Microsoft.Azure.Management.PostgreSQL\tests\ScenarioTests\CRUDDBForPostgreSQLFlexibleServerTestBase.cs(39,53): error CS0246: The type or namespace name 'MockContext' could not be found (are you missing a using directive or an assembly reference?)
C:\gh\azure-sdk-for-net\sdk\postgresql\Microsoft.Azure.Management.PostgreSQL\tests\ScenarioTests\CRUDDBForPostgreSQLFlexibleServerTestBase.cs(40,13): error CS0518: Predefined type 'System.Object' is not defined or imported
C:\gh\azure-sdk-for-net\sdk\postgresql\Microsoft.Azure.Management.PostgreSQL\tests\ScenarioTests\CRUDDBForPostgreSQLFlexibleServerTestBase.cs(41,13): error CS0518: Predefined type 'System.String' is not defined or imported
C:\gh\azure-sdk-for-net\sdk\postgresql\Microsoft.Azure.Management.PostgreSQL\tests\ScenarioTests\CRUDDBForPostgreSQLFlexibleServerTestBase.cs(42,13): error CS0518: Predefined type 'System.String' is not defined or imported
C:\gh\azure-sdk-for-net\sdk\postgresql\Microsoft.Azure.Management.PostgreSQL\tests\ScenarioTests\CRUDDBForPostgreSQLFlexibleServerTestBase.cs(39,19): error CS0518: Predefined type 'System.Object' is not defined or imported
C:\gh\azure-sdk-for-net\sdk\postgresql\Microsoft.Azure.Management.PostgreSQL\tests\ScenarioTests\CRUDDBForPostgreSQLFlexibleServerTestBase.cs(39,19): error CS0246: The type or namespace name 'ResourceGroup' could not be found (are you missing a using directive or an assembly reference?)
C:\gh\azure-sdk-for-net\sdk\postgresql\Microsoft.Azure.Management.PostgreSQL\tests\ScenarioTests\CRUDDBForPostgreSQLFlexibleServerTestBase.cs(14,26): error CS0518: Predefined type 'System.String' is not defined or imported
C:\gh\azure-sdk-for-net\sdk\postgresql\Microsoft.Azure.Management.PostgreSQL\tests\ScenarioTests\CRUDDBForPostgreSQLFlexibleServerTestBase.cs(15,26): error CS0518: Predefined type 'System.String' is not defined or imported
C:\gh\azure-sdk-for-net\sdk\postgresql\Microsoft.Azure.Management.PostgreSQL\tests\Helpers\Utilities.cs(25,24): error CS0518: Predefined type 'System.Object' is not defined or imported
C:\gh\azure-sdk-for-net\sdk\postgresql\Microsoft.Azure.Management.PostgreSQL\tests\Helpers\Utilities.cs(25,24): error CS0246: The type or namespace name 'HttpClientHandler' could not be found (are you missing a using directive or an assembly reference?)
C:\gh\azure-sdk-for-net\sdk\postgresql\Microsoft.Azure.Management.PostgreSQL\tests\Helpers\Utilities.cs(84,24): error CS0518: Predefined type 'System.Object' is not defined or imported
C:\gh\azure-sdk-for-net\sdk\postgresql\Microsoft.Azure.Management.PostgreSQL\tests\Helpers\Utilities.cs(84,24): error CS0246: The type or namespace name 'HttpClientHandler' could not be found (are you missing a using directive or an assembly reference?)
C:\gh\azure-sdk-for-net\sdk\postgresql\Microsoft.Azure.Management.PostgreSQL\tests\ScenarioTests\CRUDFlexibleServersServiceTests.cs(50,16): error CS0518: Predefined type 'System.Void' is not defined or imported
C:\gh\azure-sdk-for-net\sdk\postgresql\Microsoft.Azure.Management.PostgreSQL\tests\ScenarioTests\CRUDServiceTests.cs(34,16): error CS0518: Predefined type 'System.Void' is not defined or imported
C:\gh\azure-sdk-for-net\sdk\postgresql\Microsoft.Azure.Management.PostgreSQL\tests\Helpers\Utilities.cs(31,24): error CS0518: Predefined type 'System.Object' is not defined or imported
C:\gh\azure-sdk-for-net\sdk\postgresql\Microsoft.Azure.Management.PostgreSQL\tests\Helpers\Utilities.cs(31,24): error CS0246: The type or namespace name 'Uri' could not be found (are you missing a using directive or an assembly reference?)
C:\gh\azure-sdk-for-net\sdk\postgresql\Microsoft.Azure.Management.PostgreSQL\tests\Helpers\Utilities.cs(30,24): error CS0518: Predefined type 'System.String' is not defined or imported
C:\gh\azure-sdk-for-net\sdk\postgresql\Microsoft.Azure.Management.PostgreSQL\tests\ScenarioTests\CRUDDBForPostgreSQLFlexibleServerTestBase.cs(23,88): error CS0518: Predefined type 'System.Object' is not defined or imported
C:\gh\azure-sdk-for-net\sdk\postgresql\Microsoft.Azure.Management.PostgreSQL\tests\ScenarioTests\CRUDDBForPostgreSQLFlexibleServerTestBase.cs(23,88): error CS0246: The type or namespace name 'MockContext' could not be found (are you missing a using directive or an assembly reference?)
C:\gh\azure-sdk-for-net\sdk\postgresql\Microsoft.Azure.Management.PostgreSQL\tests\ScenarioTests\CRUDDBForPostgreSQLFlexibleServerTestBase.cs(24,13): error CS0518: Predefined type 'System.Object' is not defined or imported
C:\gh\azure-sdk-for-net\sdk\postgresql\Microsoft.Azure.Management.PostgreSQL\tests\ScenarioTests\CRUDDBForPostgreSQLFlexibleServerTestBase.cs(25,13): error CS0518: Predefined type 'System.Object' is not defined or imported
C:\gh\azure-sdk-for-net\sdk\postgresql\Microsoft.Azure.Management.PostgreSQL\tests\ScenarioTests\CRUDDBForPostgreSQLFlexibleServerTestBase.cs(25,13): error CS0246: The type or namespace name 'ResourceGroup' could not be found (are you missing a using directive or an assembly reference?)
C:\gh\azure-sdk-for-net\sdk\postgresql\Microsoft.Azure.Management.PostgreSQL\tests\ScenarioTests\CRUDDBForPostgreSQLFlexibleServerTestBase.cs(26,13): error CS0518: Predefined type 'System.String' is not defined or imported
C:\gh\azure-sdk-for-net\sdk\postgresql\Microsoft.Azure.Management.PostgreSQL\tests\ScenarioTests\CRUDDBForPostgreSQLFlexibleServerTestBase.cs(23,19): error CS0518: Predefined type 'System.Object' is not defined or imported
C:\gh\azure-sdk-for-net\sdk\postgresql\Microsoft.Azure.Management.PostgreSQL\tests\ScenarioTests\CRUDServiceTests.cs(18,16): error CS0518: Predefined type 'System.Void' is not defined or imported
C:\gh\azure-sdk-for-net\sdk\postgresql\Microsoft.Azure.Management.PostgreSQL\tests\ScenarioTests\CRUDFlexibleServersServiceTests.cs(33,16): error CS0518: Predefined type 'System.Void' is not defined or imported
C:\gh\azure-sdk-for-net\sdk\postgresql\Microsoft.Azure.Management.PostgreSQL\tests\Helpers\Utilities.cs(34,23): error CS0518: Predefined type 'System.String' is not defined or imported
C:\gh\azure-sdk-for-net\sdk\postgresql\Microsoft.Azure.Management.PostgreSQL\tests\ScenarioTests\CRUDDBForPostgreSQLFlexibleServerTestBase.cs(12,18): error CS0518: Predefined type 'System.Object' is not defined or imported
C:\gh\azure-sdk-for-net\sdk\postgresql\Microsoft.Azure.Management.PostgreSQL\tests\ScenarioTests\CRUDDBForPostgreSQLFlexibleServerTestBase.cs(17,9): error CS0518: Predefined type 'System.Void' is not defined or imported
C:\gh\azure-sdk-for-net\sdk\postgresql\Microsoft.Azure.Management.PostgreSQL\tests\Helpers\Utilities.cs(22,24): error CS0518: Predefined type 'System.Object' is not defined or imported
C:\gh\azure-sdk-for-net\sdk\postgresql\Microsoft.Azure.Management.PostgreSQL\tests\Helpers\Utilities.cs(22,24): error CS0246: The type or namespace name 'Random' could not be found (are you missing a using directive or an assembly reference?)
C:\gh\azure-sdk-for-net\sdk\postgresql\Microsoft.Azure.Management.PostgreSQL\tests\ScenarioTests\CRUDFlexibleServersServiceTests.cs(17,16): error CS0518: Predefined type 'System.Void' is not defined or imported
C:\gh\azure-sdk-for-net\sdk\postgresql\Microsoft.Azure.Management.PostgreSQL\tests\ScenarioTests\CRUDDBForPostgreSQLTestsBase.cs(20,9): error CS0518: Predefined type 'System.Void' is not defined or imported
C:\gh\azure-sdk-for-net\sdk\postgresql\Microsoft.Azure.Management.PostgreSQL\tests\Properties\AssemblyInfo.cs(12,12): error CS0246: The type or namespace name 'AssemblyTitleAttribute' could not be found (are you missing a using directive or an assembly reference?)
C:\gh\azure-sdk-for-net\sdk\postgresql\Microsoft.Azure.Management.PostgreSQL\tests\Properties\AssemblyInfo.cs(12,12): error CS0246: The type or namespace name 'AssemblyTitle' could not be found (are you missing a using directive or an assembly reference?)
C:\gh\azure-sdk-for-net\sdk\postgresql\Microsoft.Azure.Management.PostgreSQL\tests\Properties\AssemblyInfo.cs(13,12): error CS0246: The type or namespace name 'AssemblyDescriptionAttribute' could not be found (are you missing a using directive or an assembly reference?)
C:\gh\azure-sdk-for-net\sdk\postgresql\Microsoft.Azure.Management.PostgreSQL\tests\Properties\AssemblyInfo.cs(13,12): error CS0246: The type or namespace name 'AssemblyDescription' could not be found (are you missing a using directive or an assembly reference?)
C:\gh\azure-sdk-for-net\sdk\postgresql\Microsoft.Azure.Management.PostgreSQL\tests\Properties\AssemblyInfo.cs(14,12): error CS0246: The type or namespace name 'AssemblyConfigurationAttribute' could not be found (are you missing a using directive or an assembly reference?)
C:\gh\azure-sdk-for-net\sdk\postgresql\Microsoft.Azure.Management.PostgreSQL\tests\Properties\AssemblyInfo.cs(14,12): error CS0246: The type or namespace name 'AssemblyConfiguration' could not be found (are you missing a using directive or an assembly reference?)
C:\gh\azure-sdk-for-net\sdk\postgresql\Microsoft.Azure.Management.PostgreSQL\tests\Properties\AssemblyInfo.cs(15,12): error CS0246: The type or namespace name 'AssemblyCompanyAttribute' could not be found (are you missing a using directive or an assembly reference?)
C:\gh\azure-sdk-for-net\sdk\postgresql\Microsoft.Azure.Management.PostgreSQL\tests\Properties\AssemblyInfo.cs(15,12): error CS0246: The type or namespace name 'AssemblyCompany' could not be found (are you missing a using directive or an assembly reference?)
C:\gh\azure-sdk-for-net\sdk\postgresql\Microsoft.Azure.Management.PostgreSQL\tests\Properties\AssemblyInfo.cs(16,12): error CS0246: The type or namespace name 'AssemblyProductAttribute' could not be found (are you missing a using directive or an assembly reference?)
C:\gh\azure-sdk-for-net\sdk\postgresql\Microsoft.Azure.Management.PostgreSQL\tests\Properties\AssemblyInfo.cs(16,12): error CS0246: The type or namespace name 'AssemblyProduct' could not be found (are you missing a using directive or an assembly reference?)
C:\gh\azure-sdk-for-net\sdk\postgresql\Microsoft.Azure.Management.PostgreSQL\tests\Properties\AssemblyInfo.cs(17,12): error CS0246: The type or namespace name 'AssemblyCopyrightAttribute' could not be found (are you missing a using directive or an assembly reference?)
C:\gh\azure-sdk-for-net\sdk\postgresql\Microsoft.Azure.Management.PostgreSQL\tests\Properties\AssemblyInfo.cs(17,12): error CS0246: The type or namespace name 'AssemblyCopyright' could not be found (are you missing a using directive or an assembly reference?)
C:\gh\azure-sdk-for-net\sdk\postgresql\Microsoft.Azure.Management.PostgreSQL\tests\Properties\AssemblyInfo.cs(18,12): error CS0246: The type or namespace name 'AssemblyTrademarkAttribute' could not be found (are you missing a using directive or an assembly reference?)
C:\gh\azure-sdk-for-net\sdk\postgresql\Microsoft.Azure.Management.PostgreSQL\tests\Properties\AssemblyInfo.cs(18,12): error CS0246: The type or namespace name 'AssemblyTrademark' could not be found (are you missing a using directive or an assembly reference?)
C:\gh\azure-sdk-for-net\sdk\postgresql\Microsoft.Azure.Management.PostgreSQL\tests\Properties\AssemblyInfo.cs(19,12): error CS0246: The type or namespace name 'AssemblyCultureAttribute' could not be found (are you missing a using directive or an assembly reference?)
C:\gh\azure-sdk-for-net\sdk\postgresql\Microsoft.Azure.Management.PostgreSQL\tests\Properties\AssemblyInfo.cs(19,12): error CS0246: The type or namespace name 'AssemblyCulture' could not be found (are you missing a using directive or an assembly reference?)
C:\gh\azure-sdk-for-net\sdk\postgresql\Microsoft.Azure.Management.PostgreSQL\tests\Properties\AssemblyInfo.cs(24,12): error CS0246: The type or namespace name 'ComVisibleAttribute' could not be found (are you missing a using directive or an assembly reference?)
C:\gh\azure-sdk-for-net\sdk\postgresql\Microsoft.Azure.Management.PostgreSQL\tests\Properties\AssemblyInfo.cs(24,12): error CS0246: The type or namespace name 'ComVisible' could not be found (are you missing a using directive or an assembly reference?)
C:\gh\azure-sdk-for-net\sdk\postgresql\Microsoft.Azure.Management.PostgreSQL\tests\Properties\AssemblyInfo.cs(27,12): error CS0246: The type or namespace name 'GuidAttribute' could not be found (are you missing a using directive or an assembly reference?)
C:\gh\azure-sdk-for-net\sdk\postgresql\Microsoft.Azure.Management.PostgreSQL\tests\Properties\AssemblyInfo.cs(27,12): error CS0246: The type or namespace name 'Guid' could not be found (are you missing a using directive or an assembly reference?)
C:\gh\azure-sdk-for-net\sdk\postgresql\Microsoft.Azure.Management.PostgreSQL\tests\Properties\AssemblyInfo.cs(28,12): error CS0246: The type or namespace name 'AssemblyVersionAttribute' could not be found (are you missing a using directive or an assembly reference?)
C:\gh\azure-sdk-for-net\sdk\postgresql\Microsoft.Azure.Management.PostgreSQL\tests\Properties\AssemblyInfo.cs(28,12): error CS0246: The type or namespace name 'AssemblyVersion' could not be found (are you missing a using directive or an assembly reference?)
C:\gh\azure-sdk-for-net\sdk\postgresql\Microsoft.Azure.Management.PostgreSQL\tests\Properties\AssemblyInfo.cs(29,12): error CS0246: The type or namespace name 'AssemblyFileVersionAttribute' could not be found (are you missing a using directive or an assembly reference?)
C:\gh\azure-sdk-for-net\sdk\postgresql\Microsoft.Azure.Management.PostgreSQL\tests\Properties\AssemblyInfo.cs(29,12): error CS0246: The type or namespace name 'AssemblyFileVersion' could not be found (are you missing a using directive or an assembly reference?)
C:\gh\azure-sdk-for-net\eng\mgmt\DisableTestRunParallel.cs(7,12): error CS0246: The type or namespace name 'CollectionBehaviorAttribute' could not be found (are you missing a using directive or an assembly reference?)
C:\gh\azure-sdk-for-net\eng\mgmt\DisableTestRunParallel.cs(7,12): error CS0246: The type or namespace name 'CollectionBehavior' could not be found (are you missing a using directive or an assembly reference?)
C:\gh\azure-sdk-for-net\artifacts\obj\Microsoft.Azure.Management.PostgreSQL.Tests\Debug\netcoreapp2.0\.NETCoreApp,Version=v2.0.AssemblyAttributes.cs(4,20): error CS0400: The type or namespace name 'System' could not be found in the global namespace (are you missing an assembly reference?)
C:\gh\azure-sdk-for-net\artifacts\obj\Microsoft.Azure.Management.PostgreSQL.Tests\Debug\netcoreapp2.0\Microsoft.Azure.Management.PostgreSQL.Tests.AssemblyInfo.cs(14,12): error CS0246: The type or namespace name 'System' could not be found (are you missing a using directive or an assembly reference?)
C:\gh\azure-sdk-for-net\artifacts\obj\Microsoft.Azure.Management.PostgreSQL.Tests\Debug\netcoreapp2.0\Microsoft.Azure.Management.PostgreSQL.Tests.AssemblyInfo.cs(16,12): error CS0246: The type or namespace name 'System' could not be found (are you missing a using directive or an assembly reference?)
C:\gh\azure-sdk-for-net\artifacts\obj\Microsoft.Azure.Management.PostgreSQL.Tests\Debug\netcoreapp2.0\Microsoft.Azure.Management.PostgreSQL.Tests.AssemblyInfo.cs(17,12): error CS0246: The type or namespace name 'System' could not be found (are you missing a using directive or an assembly reference?)
C:\gh\azure-sdk-for-net\sdk\postgresql\Microsoft.Azure.Management.PostgreSQL\tests\Properties\AssemblyInfo.cs(12,26): error CS0518: Predefined type 'System.String' is not defined or imported
C:\gh\azure-sdk-for-net\sdk\postgresql\Microsoft.Azure.Management.PostgreSQL\tests\Properties\AssemblyInfo.cs(13,32): error CS0518: Predefined type 'System.String' is not defined or imported
C:\gh\azure-sdk-for-net\sdk\postgresql\Microsoft.Azure.Management.PostgreSQL\tests\Properties\AssemblyInfo.cs(14,34): error CS0518: Predefined type 'System.String' is not defined or imported
C:\gh\azure-sdk-for-net\sdk\postgresql\Microsoft.Azure.Management.PostgreSQL\tests\Properties\AssemblyInfo.cs(15,28): error CS0518: Predefined type 'System.String' is not defined or imported
C:\gh\azure-sdk-for-net\sdk\postgresql\Microsoft.Azure.Management.PostgreSQL\tests\Properties\AssemblyInfo.cs(16,28): error CS0518: Predefined type 'System.String' is not defined or imported
C:\gh\azure-sdk-for-net\sdk\postgresql\Microsoft.Azure.Management.PostgreSQL\tests\Properties\AssemblyInfo.cs(17,30): error CS0518: Predefined type 'System.String' is not defined or imported
C:\gh\azure-sdk-for-net\sdk\postgresql\Microsoft.Azure.Management.PostgreSQL\tests\Properties\AssemblyInfo.cs(18,30): error CS0518: Predefined type 'System.String' is not defined or imported
C:\gh\azure-sdk-for-net\sdk\postgresql\Microsoft.Azure.Management.PostgreSQL\tests\Properties\AssemblyInfo.cs(19,28): error CS0518: Predefined type 'System.String' is not defined or imported
C:\gh\azure-sdk-for-net\sdk\postgresql\Microsoft.Azure.Management.PostgreSQL\tests\Properties\AssemblyInfo.cs(24,23): error CS0518: Predefined type 'System.Boolean' is not defined or imported
C:\gh\azure-sdk-for-net\sdk\postgresql\Microsoft.Azure.Management.PostgreSQL\tests\Properties\AssemblyInfo.cs(27,17): error CS0518: Predefined type 'System.String' is not defined or imported
C:\gh\azure-sdk-for-net\sdk\postgresql\Microsoft.Azure.Management.PostgreSQL\tests\Properties\AssemblyInfo.cs(28,28): error CS0518: Predefined type 'System.String' is not defined or imported
C:\gh\azure-sdk-for-net\sdk\postgresql\Microsoft.Azure.Management.PostgreSQL\tests\Properties\AssemblyInfo.cs(29,32): error CS0518: Predefined type 'System.String' is not defined or imported
C:\gh\azure-sdk-for-net\eng\mgmt\DisableTestRunParallel.cs(7,31): error CS0246: The type or namespace name 'DisableTestParallelization' could not be found (are you missing a using directive or an assembly reference?)
C:\gh\azure-sdk-for-net\eng\mgmt\DisableTestRunParallel.cs(7,60): error CS0518: Predefined type 'System.Boolean' is not defined or imported
C:\gh\azure-sdk-for-net\eng\mgmt\DisableTestRunParallel.cs(7,66): error CS0246: The type or namespace name 'MaxParallelThreads' could not be found (are you missing a using directive or an assembly reference?)
C:\gh\azure-sdk-for-net\eng\mgmt\DisableTestRunParallel.cs(7,87): error CS0518: Predefined type 'System.Int32' is not defined or imported
C:\gh\azure-sdk-for-net\artifacts\obj\Microsoft.Azure.Management.PostgreSQL.Tests\Debug\netcoreapp2.0\.NETCoreApp,Version=v2.0.AssemblyAttributes.cs(4,71): error CS0518: Predefined type 'System.String' is not defined or imported
C:\gh\azure-sdk-for-net\artifacts\obj\Microsoft.Azure.Management.PostgreSQL.Tests\Debug\netcoreapp2.0\.NETCoreApp,Version=v2.0.AssemblyAttributes.cs(4,99): error CS0246: The type or namespace name 'FrameworkDisplayName' could not be found (are you missing a using directive or an assembly reference?)
C:\gh\azure-sdk-for-net\artifacts\obj\Microsoft.Azure.Management.PostgreSQL.Tests\Debug\netcoreapp2.0\.NETCoreApp,Version=v2.0.AssemblyAttributes.cs(4,122): error CS0518: Predefined type 'System.String' is not defined or imported
C:\gh\azure-sdk-for-net\artifacts\obj\Microsoft.Azure.Management.PostgreSQL.Tests\Debug\netcoreapp2.0\Microsoft.Azure.Management.PostgreSQL.Tests.AssemblyInfo.cs(14,56): error CS0518: Predefined type 'System.String' is not defined or imported
C:\gh\azure-sdk-for-net\artifacts\obj\Microsoft.Azure.Management.PostgreSQL.Tests\Debug\netcoreapp2.0\Microsoft.Azure.Management.PostgreSQL.Tests.AssemblyInfo.cs(14,70): error CS0518: Predefined type 'System.String' is not defined or imported
C:\gh\azure-sdk-for-net\artifacts\obj\Microsoft.Azure.Management.PostgreSQL.Tests\Debug\netcoreapp2.0\Microsoft.Azure.Management.PostgreSQL.Tests.AssemblyInfo.cs(15,5): error CS0518: Predefined type 'System.String' is not defined or imported
C:\gh\azure-sdk-for-net\artifacts\obj\Microsoft.Azure.Management.PostgreSQL.Tests\Debug\netcoreapp2.0\Microsoft.Azure.Management.PostgreSQL.Tests.AssemblyInfo.cs(16,68): error CS0518: Predefined type 'System.String' is not defined or imported
C:\gh\azure-sdk-for-net\artifacts\obj\Microsoft.Azure.Management.PostgreSQL.Tests\Debug\netcoreapp2.0\Microsoft.Azure.Management.PostgreSQL.Tests.AssemblyInfo.cs(17,56): error CS0518: Predefined type 'System.String' is not defined or imported
C:\gh\azure-sdk-for-net\artifacts\obj\Microsoft.Azure.Management.PostgreSQL.Tests\Debug\netcoreapp2.0\Microsoft.Azure.Management.PostgreSQL.Tests.AssemblyInfo.cs(17,73): error CS0518: Predefined type 'System.String' is not defined or imported
C:\gh\azure-sdk-for-net\sdk\postgresql\Microsoft.Azure.Management.PostgreSQL\tests\Helpers\RecordedDelegatingHandler.cs(4,7): error CS0246: The type or namespace name 'System' could not be found (are you missing a using directive or an assembly reference?)
C:\gh\azure-sdk-for-net\sdk\postgresql\Microsoft.Azure.Management.PostgreSQL\tests\Helpers\RecordedDelegatingHandler.cs(5,7): error CS0246: The type or namespace name 'System' could not be found (are you missing a using directive or an assembly reference?)
C:\gh\azure-sdk-for-net\sdk\postgresql\Microsoft.Azure.Management.PostgreSQL\tests\Helpers\RecordedDelegatingHandler.cs(6,7): error CS0246: The type or namespace name 'System' could not be found (are you missing a using directive or an assembly reference?)
C:\gh\azure-sdk-for-net\sdk\postgresql\Microsoft.Azure.Management.PostgreSQL\tests\Helpers\RecordedDelegatingHandler.cs(7,7): error CS0246: The type or namespace name 'System' could not be found (are you missing a using directive or an assembly reference?)
C:\gh\azure-sdk-for-net\sdk\postgresql\Microsoft.Azure.Management.PostgreSQL\tests\Helpers\RecordedDelegatingHandler.cs(8,7): error CS0246: The type or namespace name 'System' could not be found (are you missing a using directive or an assembly reference?)
C:\gh\azure-sdk-for-net\sdk\postgresql\Microsoft.Azure.Management.PostgreSQL\tests\Helpers\Utilities.cs(4,7): error CS0246: The type or namespace name 'System' could not be found (are you missing a using directive or an assembly reference?)
C:\gh\azure-sdk-for-net\sdk\postgresql\Microsoft.Azure.Management.PostgreSQL\tests\Helpers\Utilities.cs(5,7): error CS0246: The type or namespace name 'System' could not be found (are you missing a using directive or an assembly reference?)
C:\gh\azure-sdk-for-net\sdk\postgresql\Microsoft.Azure.Management.PostgreSQL\tests\Helpers\Utilities.cs(6,7): error CS0246: The type or namespace name 'System' could not be found (are you missing a using directive or an assembly reference?)
C:\gh\azure-sdk-for-net\sdk\postgresql\Microsoft.Azure.Management.PostgreSQL\tests\Helpers\Utilities.cs(8,34): error CS0234: The type or namespace name 'ResourceManager' does not exist in the namespace 'Microsoft.Azure.Management' (are you missing an assembly reference?)
C:\gh\azure-sdk-for-net\sdk\postgresql\Microsoft.Azure.Management.PostgreSQL\tests\Helpers\Utilities.cs(9,34): error CS0234: The type or namespace name 'ResourceManager' does not exist in the namespace 'Microsoft.Azure.Management' (are you missing an assembly reference?)
C:\gh\azure-sdk-for-net\sdk\postgresql\Microsoft.Azure.Management.PostgreSQL\tests\Helpers\Utilities.cs(10,23): error CS0234: The type or namespace name 'Test' does not exist in the namespace 'Microsoft.Azure' (are you missing an assembly reference?)
C:\gh\azure-sdk-for-net\sdk\postgresql\Microsoft.Azure.Management.PostgreSQL\tests\Helpers\Utilities.cs(11,17): error CS0234: The type or namespace name 'Rest' does not exist in the namespace 'Microsoft' (are you missing an assembly reference?)
C:\gh\azure-sdk-for-net\sdk\postgresql\Microsoft.Azure.Management.PostgreSQL\tests\Helpers\Utilities.cs(12,17): error CS0234: The type or namespace name 'Rest' does not exist in the namespace 'Microsoft' (are you missing an assembly reference?)
C:\gh\azure-sdk-for-net\sdk\postgresql\Microsoft.Azure.Management.PostgreSQL\tests\Properties\AssemblyInfo.cs(4,7): error CS0246: The type or namespace name 'System' could not be found (are you missing a using directive or an assembly reference?)
C:\gh\azure-sdk-for-net\sdk\postgresql\Microsoft.Azure.Management.PostgreSQL\tests\Properties\AssemblyInfo.cs(5,7): error CS0246: The type or namespace name 'System' could not be found (are you missing a using directive or an assembly reference?)
C:\gh\azure-sdk-for-net\sdk\postgresql\Microsoft.Azure.Management.PostgreSQL\tests\Properties\AssemblyInfo.cs(6,7): error CS0246: The type or namespace name 'System' could not be found (are you missing a using directive or an assembly reference?)
C:\gh\azure-sdk-for-net\sdk\postgresql\Microsoft.Azure.Management.PostgreSQL\tests\Properties\AssemblyInfo.cs(7,7): error CS0246: The type or namespace name 'Xunit' could not be found (are you missing a using directive or an assembly reference?)
C:\gh\azure-sdk-for-net\sdk\postgresql\Microsoft.Azure.Management.PostgreSQL\tests\ScenarioTests\CRUDDBForPostgreSQLFlexibleServerTestBase.cs(4,34): error CS0234: The type or namespace name 'ResourceManager' does not exist in the namespace 'Microsoft.Azure.Management' (are you missing an assembly reference?)
C:\gh\azure-sdk-for-net\sdk\postgresql\Microsoft.Azure.Management.PostgreSQL\tests\ScenarioTests\CRUDDBForPostgreSQLFlexibleServerTestBase.cs(5,34): error CS0234: The type or namespace name 'ResourceManager' does not exist in the namespace 'Microsoft.Azure.Management' (are you missing an assembly reference?)
C:\gh\azure-sdk-for-net\sdk\postgresql\Microsoft.Azure.Management.PostgreSQL\tests\ScenarioTests\CRUDDBForPostgreSQLFlexibleServerTestBase.cs(6,17): error CS0234: The type or namespace name 'Rest' does not exist in the namespace 'Microsoft' (are you missing an assembly reference?)
C:\gh\azure-sdk-for-net\sdk\postgresql\Microsoft.Azure.Management.PostgreSQL\tests\ScenarioTests\CRUDDBForPostgreSQLTestsBase.cs(7,34): error CS0234: The type or namespace name 'ResourceManager' does not exist in the namespace 'Microsoft.Azure.Management' (are you missing an assembly reference?)
C:\gh\azure-sdk-for-net\sdk\postgresql\Microsoft.Azure.Management.PostgreSQL\tests\ScenarioTests\CRUDDBForPostgreSQLTestsBase.cs(8,34): error CS0234: The type or namespace name 'ResourceManager' does not exist in the namespace 'Microsoft.Azure.Management' (are you missing an assembly reference?)
C:\gh\azure-sdk-for-net\sdk\postgresql\Microsoft.Azure.Management.PostgreSQL\tests\ScenarioTests\CRUDDBForPostgreSQLTestsBase.cs(9,17): error CS0234: The type or namespace name 'Rest' does not exist in the namespace 'Microsoft' (are you missing an assembly reference?)
C:\gh\azure-sdk-for-net\sdk\postgresql\Microsoft.Azure.Management.PostgreSQL\tests\ScenarioTests\CRUDFlexibleServersServiceTests.cs(4,7): error CS0246: The type or namespace name 'System' could not be found (are you missing a using directive or an assembly reference?)
C:\gh\azure-sdk-for-net\sdk\postgresql\Microsoft.Azure.Management.PostgreSQL\tests\ScenarioTests\CRUDFlexibleServersServiceTests.cs(8,34): error CS0234: The type or namespace name 'Resources' does not exist in the namespace 'Microsoft.Azure.Management' (are you missing an assembly reference?)
C:\gh\azure-sdk-for-net\sdk\postgresql\Microsoft.Azure.Management.PostgreSQL\tests\ScenarioTests\CRUDFlexibleServersServiceTests.cs(9,17): error CS0234: The type or namespace name 'Rest' does not exist in the namespace 'Microsoft' (are you missing an assembly reference?)
C:\gh\azure-sdk-for-net\sdk\postgresql\Microsoft.Azure.Management.PostgreSQL\tests\ScenarioTests\CRUDFlexibleServersServiceTests.cs(10,7): error CS0246: The type or namespace name 'Xunit' could not be found (are you missing a using directive or an assembly reference?)
C:\gh\azure-sdk-for-net\sdk\postgresql\Microsoft.Azure.Management.PostgreSQL\tests\ScenarioTests\CRUDServiceTests.cs(4,7): error CS0246: The type or namespace name 'System' could not be found (are you missing a using directive or an assembly reference?)
C:\gh\azure-sdk-for-net\sdk\postgresql\Microsoft.Azure.Management.PostgreSQL\tests\ScenarioTests\CRUDServiceTests.cs(5,7): error CS0246: The type or namespace name 'System' could not be found (are you missing a using directive or an assembly reference?)
C:\gh\azure-sdk-for-net\sdk\postgresql\Microsoft.Azure.Management.PostgreSQL\tests\ScenarioTests\CRUDServiceTests.cs(9,34): error CS0234: The type or namespace name 'Resources' does not exist in the namespace 'Microsoft.Azure.Management' (are you missing an assembly reference?)
C:\gh\azure-sdk-for-net\sdk\postgresql\Microsoft.Azure.Management.PostgreSQL\tests\ScenarioTests\CRUDServiceTests.cs(10,17): error CS0234: The type or namespace name 'Rest' does not exist in the namespace 'Microsoft' (are you missing an assembly reference?)
C:\gh\azure-sdk-for-net\sdk\postgresql\Microsoft.Azure.Management.PostgreSQL\tests\ScenarioTests\CRUDServiceTests.cs(11,7): error CS0246: The type or namespace name 'Xunit' could not be found (are you missing a using directive or an assembly reference?)
C:\gh\azure-sdk-for-net\eng\mgmt\DisableTestRunParallel.cs(4,7): error CS0246: The type or namespace name 'System' could not be found (are you missing a using directive or an assembly reference?)
C:\gh\azure-sdk-for-net\eng\mgmt\DisableTestRunParallel.cs(5,7): error CS0246: The type or namespace name 'Xunit' could not be found (are you missing a using directive or an assembly reference?)
C:\gh\azure-sdk-for-net\artifacts\obj\Microsoft.Azure.Management.PostgreSQL.Tests\Debug\netcoreapp2.0\.NETCoreApp,Version=v2.0.AssemblyAttributes.cs(2,7): error CS0246: The type or namespace name 'System' could not be found (are you missing a using directive or an assembly reference?)
C:\gh\azure-sdk-for-net\artifacts\obj\Microsoft.Azure.Management.PostgreSQL.Tests\Debug\netcoreapp2.0\.NETCoreApp,Version=v2.0.AssemblyAttributes.cs(3,7): error CS0246: The type or namespace name 'System' could not be found (are you missing a using directive or an assembly reference?)
C:\gh\azure-sdk-for-net\artifacts\obj\Microsoft.Azure.Management.PostgreSQL.Tests\Debug\netcoreapp2.0\Microsoft.Azure.Management.PostgreSQL.Tests.AssemblyInfo.cs(11,7): error CS0246: The type or namespace name 'System' could not be found (are you missing a using directive or an assembly reference?)
C:\gh\azure-sdk-for-net\artifacts\obj\Microsoft.Azure.Management.PostgreSQL.Tests\Debug\netcoreapp2.0\Microsoft.Azure.Management.PostgreSQL.Tests.AssemblyInfo.cs(12,7): error CS0246: The type or namespace name 'System' could not be found (are you missing a using directive or an assembly reference?)
C:\gh\azure-sdk-for-net\sdk\postgresql\Microsoft.Azure.Management.PostgreSQL\tests\Helpers\Utilities.cs(17,25): error CS0518: Predefined type 'System.Object' is not defined or imported
C:\gh\azure-sdk-for-net\sdk\postgresql\Microsoft.Azure.Management.PostgreSQL\tests\Helpers\TestConfiguration.cs(6,25): error CS0518: Predefined type 'System.Object' is not defined or imported
C:\gh\azure-sdk-for-net\sdk\postgresql\Microsoft.Azure.Management.PostgreSQL\tests\Helpers\Utilities.cs(28,23): error CS0518: Predefined type 'System.String' is not defined or imported
C:\gh\azure-sdk-for-net\sdk\postgresql\Microsoft.Azure.Management.PostgreSQL\tests\ScenarioTests\CRUDDBForPostgreSQLTestsBase.cs(17,26): error CS0518: Predefined type 'System.String' is not defined or imported
C:\gh\azure-sdk-for-net\sdk\postgresql\Microsoft.Azure.Management.PostgreSQL\tests\Helpers\Utilities.cs(29,23): error CS0518: Predefined type 'System.String' is not defined or imported
C:\gh\azure-sdk-for-net\sdk\postgresql\Microsoft.Azure.Management.PostgreSQL\tests\ScenarioTests\CRUDDBForPostgreSQLTestsBase.cs(18,26): error CS0518: Predefined type 'System.String' is not defined or imported
C:\gh\azure-sdk-for-net\sdk\postgresql\Microsoft.Azure.Management.PostgreSQL\tests\ScenarioTests\CRUDServiceTests.cs(17,10): error CS0518: Predefined type 'System.Object' is not defined or imported
C:\gh\azure-sdk-for-net\sdk\postgresql\Microsoft.Azure.Management.PostgreSQL\tests\ScenarioTests\CRUDFlexibleServersServiceTests.cs(16,10): error CS0518: Predefined type 'System.Object' is not defined or imported
C:\gh\azure-sdk-for-net\sdk\postgresql\Microsoft.Azure.Management.PostgreSQL\tests\ScenarioTests\CRUDServiceTests.cs(17,10): error CS0246: The type or namespace name 'FactAttribute' could not be found (are you missing a using directive or an assembly reference?)
C:\gh\azure-sdk-for-net\sdk\postgresql\Microsoft.Azure.Management.PostgreSQL\tests\ScenarioTests\CRUDFlexibleServersServiceTests.cs(16,10): error CS0246: The type or namespace name 'FactAttribute' could not be found (are you missing a using directive or an assembly reference?)
C:\gh\azure-sdk-for-net\sdk\postgresql\Microsoft.Azure.Management.PostgreSQL\tests\ScenarioTests\CRUDServiceTests.cs(17,10): error CS0246: The type or namespace name 'Fact' could not be found (are you missing a using directive or an assembly reference?)
C:\gh\azure-sdk-for-net\sdk\postgresql\Microsoft.Azure.Management.PostgreSQL\tests\ScenarioTests\CRUDFlexibleServersServiceTests.cs(16,10): error CS0246: The type or namespace name 'Fact' could not be found (are you missing a using directive or an assembly reference?)
C:\gh\azure-sdk-for-net\sdk\postgresql\Microsoft.Azure.Management.PostgreSQL\tests\Helpers\Utilities.cs(89,112): error CS0518: Predefined type 'System.String' is not defined or imported
C:\gh\azure-sdk-for-net\sdk\postgresql\Microsoft.Azure.Management.PostgreSQL\tests\Helpers\Utilities.cs(89,141): error CS0518: Predefined type 'System.String' is not defined or imported
C:\gh\azure-sdk-for-net\sdk\postgresql\Microsoft.Azure.Management.PostgreSQL\tests\ScenarioTests\CRUDFlexibleServersServiceTests.cs(32,10): error CS0518: Predefined type 'System.Object' is not defined or imported
C:\gh\azure-sdk-for-net\sdk\postgresql\Microsoft.Azure.Management.PostgreSQL\tests\ScenarioTests\CRUDFlexibleServersServiceTests.cs(32,10): error CS0246: The type or namespace name 'FactAttribute' could not be found (are you missing a using directive or an assembly reference?)
C:\gh\azure-sdk-for-net\sdk\postgresql\Microsoft.Azure.Management.PostgreSQL\tests\ScenarioTests\CRUDFlexibleServersServiceTests.cs(32,10): error CS0246: The type or namespace name 'Fact' could not be found (are you missing a using directive or an assembly reference?)
C:\gh\azure-sdk-for-net\sdk\postgresql\Microsoft.Azure.Management.PostgreSQL\tests\Helpers\RecordedDelegatingHandler.cs(29,57): error CS0518: Predefined type 'System.Void' is not defined or imported
C:\gh\azure-sdk-for-net\sdk\postgresql\Microsoft.Azure.Management.PostgreSQL\tests\ScenarioTests\CRUDFlexibleServersServiceTests.cs(49,10): error CS0518: Predefined type 'System.Object' is not defined or imported
C:\gh\azure-sdk-for-net\sdk\postgresql\Microsoft.Azure.Management.PostgreSQL\tests\ScenarioTests\CRUDFlexibleServersServiceTests.cs(49,10): error CS0246: The type or namespace name 'FactAttribute' could not be found (are you missing a using directive or an assembly reference?)
C:\gh\azure-sdk-for-net\sdk\postgresql\Microsoft.Azure.Management.PostgreSQL\tests\ScenarioTests\CRUDFlexibleServersServiceTests.cs(49,10): error CS0246: The type or namespace name 'Fact' could not be found (are you missing a using directive or an assembly reference?)
C:\gh\azure-sdk-for-net\sdk\postgresql\Microsoft.Azure.Management.PostgreSQL\tests\ScenarioTests\CRUDServiceTests.cs(33,10): error CS0518: Predefined type 'System.Object' is not defined or imported
C:\gh\azure-sdk-for-net\sdk\postgresql\Microsoft.Azure.Management.PostgreSQL\tests\ScenarioTests\CRUDServiceTests.cs(33,10): error CS0246: The type or namespace name 'FactAttribute' could not be found (are you missing a using directive or an assembly reference?)
C:\gh\azure-sdk-for-net\sdk\postgresql\Microsoft.Azure.Management.PostgreSQL\tests\ScenarioTests\CRUDServiceTests.cs(33,10): error CS0246: The type or namespace name 'Fact' could not be found (are you missing a using directive or an assembly reference?)
C:\gh\azure-sdk-for-net\sdk\postgresql\Microsoft.Azure.Management.PostgreSQL\tests\Helpers\RecordedDelegatingHandler.cs(31,67): error CS0518: Predefined type 'System.Void' is not defined or imported
C:\gh\azure-sdk-for-net\sdk\postgresql\Microsoft.Azure.Management.PostgreSQL\tests\ScenarioTests\CRUDServiceTests.cs(50,10): error CS0518: Predefined type 'System.Object' is not defined or imported
C:\gh\azure-sdk-for-net\sdk\postgresql\Microsoft.Azure.Management.PostgreSQL\tests\ScenarioTests\CRUDServiceTests.cs(50,10): error CS0246: The type or namespace name 'FactAttribute' could not be found (are you missing a using directive or an assembly reference?)
C:\gh\azure-sdk-for-net\sdk\postgresql\Microsoft.Azure.Management.PostgreSQL\tests\ScenarioTests\CRUDServiceTests.cs(50,10): error CS0246: The type or namespace name 'Fact' could not be found (are you missing a using directive or an assembly reference?)
C:\gh\azure-sdk-for-net\sdk\postgresql\Microsoft.Azure.Management.PostgreSQL\tests\Helpers\RecordedDelegatingHandler.cs(33,38): error CS0518: Predefined type 'System.Void' is not defined or imported
C:\gh\azure-sdk-for-net\sdk\postgresql\Microsoft.Azure.Management.PostgreSQL\tests\Helpers\RecordedDelegatingHandler.cs(35,57): error CS0518: Predefined type 'System.Void' is not defined or imported
C:\gh\azure-sdk-for-net\sdk\postgresql\Microsoft.Azure.Management.PostgreSQL\tests\Helpers\RecordedDelegatingHandler.cs(37,57): error CS0518: Predefined type 'System.Void' is not defined or imported
C:\gh\azure-sdk-for-net\sdk\postgresql\Microsoft.Azure.Management.PostgreSQL\tests\Helpers\RecordedDelegatingHandler.cs(39,41): error CS0518: Predefined type 'System.Void' is not defined or imported
C:\gh\azure-sdk-for-net\sdk\postgresql\Microsoft.Azure.Management.PostgreSQL\tests\Helpers\RecordedDelegatingHandler.cs(41,31): error CS0518: Predefined type 'System.Void' is not defined or imported
C:\gh\azure-sdk-for-net\sdk\postgresql\Microsoft.Azure.Management.PostgreSQL\tests\Helpers\RecordedDelegatingHandler.cs(43,42): error CS0518: Predefined type 'System.Void' is not defined or imported
C:\gh\azure-sdk-for-net\sdk\postgresql\Microsoft.Azure.Management.PostgreSQL\tests\Helpers\RecordedDelegatingHandler.cs(29,16): error CS0518: Predefined type 'System.Object' is not defined or imported
C:\gh\azure-sdk-for-net\sdk\postgresql\Microsoft.Azure.Management.PostgreSQL\tests\Helpers\RecordedDelegatingHandler.cs(29,16): error CS0246: The type or namespace name 'HttpStatusCode' could not be found (are you missing a using directive or an assembly reference?)
C:\gh\azure-sdk-for-net\sdk\postgresql\Microsoft.Azure.Management.PostgreSQL\tests\Helpers\RecordedDelegatingHandler.cs(31,16): error CS0518: Predefined type 'System.Object' is not defined or imported
C:\gh\azure-sdk-for-net\sdk\postgresql\Microsoft.Azure.Management.PostgreSQL\tests\Helpers\RecordedDelegatingHandler.cs(31,16): error CS0246: The type or namespace name 'HttpStatusCode' could not be found (are you missing a using directive or an assembly reference?)
C:\gh\azure-sdk-for-net\sdk\postgresql\Microsoft.Azure.Management.PostgreSQL\tests\Helpers\RecordedDelegatingHandler.cs(33,16): error CS0518: Predefined type 'System.String' is not defined or imported
C:\gh\azure-sdk-for-net\sdk\postgresql\Microsoft.Azure.Management.PostgreSQL\tests\Helpers\RecordedDelegatingHandler.cs(35,16): error CS0518: Predefined type 'System.Object' is not defined or imported
C:\gh\azure-sdk-for-net\sdk\postgresql\Microsoft.Azure.Management.PostgreSQL\tests\Helpers\RecordedDelegatingHandler.cs(35,16): error CS0246: The type or namespace name 'HttpRequestHeaders' could not be found (are you missing a using directive or an assembly reference?)
C:\gh\azure-sdk-for-net\sdk\postgresql\Microsoft.Azure.Management.PostgreSQL\tests\Helpers\RecordedDelegatingHandler.cs(37,16): error CS0518: Predefined type 'System.Object' is not defined or imported
C:\gh\azure-sdk-for-net\sdk\postgresql\Microsoft.Azure.Management.PostgreSQL\tests\Helpers\RecordedDelegatingHandler.cs(37,16): error CS0246: The type or namespace name 'HttpContentHeaders' could not be found (are you missing a using directive or an assembly reference?)
C:\gh\azure-sdk-for-net\sdk\postgresql\Microsoft.Azure.Management.PostgreSQL\tests\Helpers\RecordedDelegatingHandler.cs(39,16): error CS0518: Predefined type 'System.Object' is not defined or imported
C:\gh\azure-sdk-for-net\sdk\postgresql\Microsoft.Azure.Management.PostgreSQL\tests\Helpers\RecordedDelegatingHandler.cs(39,16): error CS0246: The type or namespace name 'HttpMethod' could not be found (are you missing a using directive or an assembly reference?)
C:\gh\azure-sdk-for-net\sdk\postgresql\Microsoft.Azure.Management.PostgreSQL\tests\Helpers\RecordedDelegatingHandler.cs(41,16): error CS0518: Predefined type 'System.Object' is not defined or imported
C:\gh\azure-sdk-for-net\sdk\postgresql\Microsoft.Azure.Management.PostgreSQL\tests\Helpers\RecordedDelegatingHandler.cs(41,16): error CS0246: The type or namespace name 'Uri' could not be found (are you missing a using directive or an assembly reference?)
C:\gh\azure-sdk-for-net\sdk\postgresql\Microsoft.Azure.Management.PostgreSQL\tests\Helpers\RecordedDelegatingHandler.cs(43,16): error CS0518: Predefined type 'System.Boolean' is not defined or imported
C:\gh\azure-sdk-for-net\sdk\postgresql\Microsoft.Azure.Management.PostgreSQL\tests\ScenarioTests\CRUDDBForPostgreSQLFlexibleServerTestBase.cs(19,33): error CS0518: Predefined type 'System.String' is not defined or imported
C:\gh\azure-sdk-for-net\sdk\postgresql\Microsoft.Azure.Management.PostgreSQL\tests\ScenarioTests\CRUDDBForPostgreSQLFlexibleServerTestBase.cs(20,26): error CS0518: Predefined type 'System.String' is not defined or imported
C:\gh\azure-sdk-for-net\sdk\postgresql\Microsoft.Azure.Management.PostgreSQL\tests\ScenarioTests\CRUDDBForPostgreSQLFlexibleServerTestBase.cs(17,16): error CS1729: 'object' does not contain a constructor that takes 0 arguments
C:\gh\azure-sdk-for-net\sdk\postgresql\Microsoft.Azure.Management.PostgreSQL\tests\ScenarioTests\CRUDDBForPostgreSQLTestsBase.cs(22,33): error CS0518: Predefined type 'System.String' is not defined or imported
C:\gh\azure-sdk-for-net\sdk\postgresql\Microsoft.Azure.Management.PostgreSQL\tests\ScenarioTests\CRUDDBForPostgreSQLTestsBase.cs(23,26): error CS0518: Predefined type 'System.String' is not defined or imported
C:\gh\azure-sdk-for-net\sdk\postgresql\Microsoft.Azure.Management.PostgreSQL\tests\Helpers\Utilities.cs(22,44): error CS0518: Predefined type 'System.Object' is not defined or imported
C:\gh\azure-sdk-for-net\sdk\postgresql\Microsoft.Azure.Management.PostgreSQL\tests\Helpers\Utilities.cs(22,44): error CS0246: The type or namespace name 'Random' could not be found (are you missing a using directive or an assembly reference?)
C:\gh\azure-sdk-for-net\sdk\postgresql\Microsoft.Azure.Management.PostgreSQL\tests\Helpers\Utilities.cs(24,43): error CS0518: Predefined type 'System.Boolean' is not defined or imported
C:\gh\azure-sdk-for-net\sdk\postgresql\Microsoft.Azure.Management.PostgreSQL\tests\Helpers\Utilities.cs(34,48): error CS0518: Predefined type 'System.Boolean' is not defined or imported
C:\gh\azure-sdk-for-net\sdk\postgresql\Microsoft.Azure.Management.PostgreSQL\tests\Helpers\Utilities.cs(34,70): error CS0518: Predefined type 'System.String' is not defined or imported
C:\gh\azure-sdk-for-net\sdk\postgresql\Microsoft.Azure.Management.PostgreSQL\tests\Helpers\RecordedDelegatingHandler.cs(18,34): error CS0518: Predefined type 'System.Object' is not defined or imported
C:\gh\azure-sdk-for-net\sdk\postgresql\Microsoft.Azure.Management.PostgreSQL\tests\Helpers\RecordedDelegatingHandler.cs(18,34): error CS0103: The name 'HttpStatusCode' does not exist in the current context
C:\gh\azure-sdk-for-net\sdk\postgresql\Microsoft.Azure.Management.PostgreSQL\tests\Helpers\RecordedDelegatingHandler.cs(24,34): error CS0518: Predefined type 'System.Object' is not defined or imported
C:\gh\azure-sdk-for-net\sdk\postgresql\Microsoft.Azure.Management.PostgreSQL\tests\Helpers\RecordedDelegatingHandler.cs(24,34): error CS0103: The name 'HttpStatusCode' does not exist in the current context
C:\gh\azure-sdk-for-net\sdk\postgresql\Microsoft.Azure.Management.PostgreSQL\tests\Helpers\Utilities.cs(38,17): error CS0518: Predefined type 'System.Boolean' is not defined or imported
C:\gh\azure-sdk-for-net\sdk\postgresql\Microsoft.Azure.Management.PostgreSQL\tests\Helpers\Utilities.cs(44,41): error CS0518: Predefined type 'System.Boolean' is not defined or imported
C:\gh\azure-sdk-for-net\sdk\postgresql\Microsoft.Azure.Management.PostgreSQL\tests\Helpers\Utilities.cs(45,17): error CS0518: Predefined type 'System.Object' is not defined or imported
C:\gh\azure-sdk-for-net\sdk\postgresql\Microsoft.Azure.Management.PostgreSQL\tests\Helpers\Utilities.cs(45,17): error CS0246: The type or namespace name 'ResourceManagementClient' could not be found (are you missing a using directive or an assembly reference?)
C:\gh\azure-sdk-for-net\sdk\postgresql\Microsoft.Azure.Management.PostgreSQL\tests\Helpers\Utilities.cs(45,85): error CS0518: Predefined type 'System.Object' is not defined or imported
C:\gh\azure-sdk-for-net\sdk\postgresql\Microsoft.Azure.Management.PostgreSQL\tests\Helpers\Utilities.cs(45,85): error CS0246: The type or namespace name 'ResourceManagementClient' could not be found (are you missing a using directive or an assembly reference?)
C:\gh\azure-sdk-for-net\sdk\postgresql\Microsoft.Azure.Management.PostgreSQL\tests\ScenarioTests\CRUDDBForPostgreSQLTestsBase.cs(34,21): error CS0518: Predefined type 'System.Object' is not defined or imported
C:\gh\azure-sdk-for-net\sdk\postgresql\Microsoft.Azure.Management.PostgreSQL\tests\ScenarioTests\CRUDDBForPostgreSQLTestsBase.cs(35,37): error CS0518: Predefined type 'System.Object' is not defined or imported
C:\gh\azure-sdk-for-net\sdk\postgresql\Microsoft.Azure.Management.PostgreSQL\tests\ScenarioTests\CRUDDBForPostgreSQLTestsBase.cs(36,45): error CS0518: Predefined type 'System.String' is not defined or imported
C:\gh\azure-sdk-for-net\sdk\postgresql\Microsoft.Azure.Management.PostgreSQL\tests\ScenarioTests\CRUDDBForPostgreSQLTestsBase.cs(37,53): error CS0518: Predefined type 'System.String' is not defined or imported
C:\gh\azure-sdk-for-net\sdk\postgresql\Microsoft.Azure.Management.PostgreSQL\tests\ScenarioTests\CRUDDBForPostgreSQLTestsBase.cs(35,37): error CS0518: Predefined type 'System.Void' is not defined or imported
C:\gh\azure-sdk-for-net\sdk\postgresql\Microsoft.Azure.Management.PostgreSQL\tests\ScenarioTests\CRUDDBForPostgreSQLTestsBase.cs(39,30): error CS0518: Predefined type 'System.Object' is not defined or imported
C:\gh\azure-sdk-for-net\sdk\postgresql\Microsoft.Azure.Management.PostgreSQL\tests\ScenarioTests\CRUDDBForPostgreSQLTestsBase.cs(39,85): error CS0518: Predefined type 'System.String' is not defined or imported
C:\gh\azure-sdk-for-net\sdk\postgresql\Microsoft.Azure.Management.PostgreSQL\tests\ScenarioTests\CRUDDBForPostgreSQLTestsBase.cs(39,30): error CS0518: Predefined type 'System.Void' is not defined or imported
C:\gh\azure-sdk-for-net\sdk\postgresql\Microsoft.Azure.Management.PostgreSQL\tests\ScenarioTests\CRUDDBForPostgreSQLTestsBase.cs(34,21): error CS0518: Predefined type 'System.Void' is not defined or imported
C:\gh\azure-sdk-for-net\sdk\postgresql\Microsoft.Azure.Management.PostgreSQL\tests\ScenarioTests\CRUDDBForPostgreSQLTestsBase.cs(31,20): error CS0518: Predefined type 'System.String' is not defined or imported
C:\gh\azure-sdk-for-net\sdk\postgresql\Microsoft.Azure.Management.PostgreSQL\tests\ScenarioTests\CRUDDBForPostgreSQLFlexibleServerTestBase.cs(31,21): error CS0518: Predefined type 'System.Object' is not defined or imported
C:\gh\azure-sdk-for-net\sdk\postgresql\Microsoft.Azure.Management.PostgreSQL\tests\ScenarioTests\CRUDDBForPostgreSQLFlexibleServerTestBase.cs(32,38): error CS0518: Predefined type 'System.Object' is not defined or imported
C:\gh\azure-sdk-for-net\sdk\postgresql\Microsoft.Azure.Management.PostgreSQL\tests\ScenarioTests\CRUDDBForPostgreSQLFlexibleServerTestBase.cs(32,64): error CS0518: Predefined type 'System.String' is not defined or imported
C:\gh\azure-sdk-for-net\sdk\postgresql\Microsoft.Azure.Management.PostgreSQL\tests\ScenarioTests\CRUDDBForPostgreSQLFlexibleServerTestBase.cs(32,83): error CS0518: Predefined type 'System.String' is not defined or imported
C:\gh\azure-sdk-for-net\sdk\postgresql\Microsoft.Azure.Management.PostgreSQL\tests\ScenarioTests\CRUDDBForPostgreSQLFlexibleServerTestBase.cs(32,38): error CS0518: Predefined type 'System.Void' is not defined or imported
C:\gh\azure-sdk-for-net\sdk\postgresql\Microsoft.Azure.Management.PostgreSQL\tests\ScenarioTests\CRUDDBForPostgreSQLFlexibleServerTestBase.cs(33,49): error CS0518: Predefined type 'System.String' is not defined or imported
C:\gh\azure-sdk-for-net\sdk\postgresql\Microsoft.Azure.Management.PostgreSQL\tests\ScenarioTests\CRUDDBForPostgreSQLFlexibleServerTestBase.cs(34,57): error CS0518: Predefined type 'System.String' is not defined or imported
C:\gh\azure-sdk-for-net\sdk\postgresql\Microsoft.Azure.Management.PostgreSQL\tests\ScenarioTests\CRUDDBForPostgreSQLFlexibleServerTestBase.cs(35,38): error CS0518: Predefined type 'System.String' is not defined or imported
C:\gh\azure-sdk-for-net\sdk\postgresql\Microsoft.Azure.Management.PostgreSQL\tests\ScenarioTests\CRUDDBForPostgreSQLFlexibleServerTestBase.cs(36,49): error CS0518: Predefined type 'System.Object' is not defined or imported
C:\gh\azure-sdk-for-net\sdk\postgresql\Microsoft.Azure.Management.PostgreSQL\tests\ScenarioTests\CRUDDBForPostgreSQLFlexibleServerTestBase.cs(36,97): error CS0518: Predefined type 'System.Int32' is not defined or imported
C:\gh\azure-sdk-for-net\sdk\postgresql\Microsoft.Azure.Management.PostgreSQL\tests\ScenarioTests\CRUDDBForPostgreSQLFlexibleServerTestBase.cs(36,49): error CS0518: Predefined type 'System.Void' is not defined or imported
C:\gh\azure-sdk-for-net\sdk\postgresql\Microsoft.Azure.Management.PostgreSQL\tests\ScenarioTests\CRUDDBForPostgreSQLFlexibleServerTestBase.cs(31,21): error CS0518: Predefined type 'System.Void' is not defined or imported
C:\gh\azure-sdk-for-net\sdk\postgresql\Microsoft.Azure.Management.PostgreSQL\tests\ScenarioTests\CRUDDBForPostgreSQLFlexibleServerTestBase.cs(28,20): error CS0518: Predefined type 'System.String' is not defined or imported
C:\gh\azure-sdk-for-net\sdk\postgresql\Microsoft.Azure.Management.PostgreSQL\tests\ScenarioTests\CRUDServiceTests.cs(20,37): error CS0518: Predefined type 'System.Object' is not defined or imported
C:\gh\azure-sdk-for-net\sdk\postgresql\Microsoft.Azure.Management.PostgreSQL\tests\ScenarioTests\CRUDFlexibleServersServiceTests.cs(19,37): error CS0518: Predefined type 'System.Object' is not defined or imported
C:\gh\azure-sdk-for-net\sdk\postgresql\Microsoft.Azure.Management.PostgreSQL\tests\ScenarioTests\CRUDServiceTests.cs(20,88): error CS0518: Predefined type 'System.Object' is not defined or imported
C:\gh\azure-sdk-for-net\sdk\postgresql\Microsoft.Azure.Management.PostgreSQL\tests\ScenarioTests\CRUDFlexibleServersServiceTests.cs(19,88): error CS0518: Predefined type 'System.Object' is not defined or imported
C:\gh\azure-sdk-for-net\sdk\postgresql\Microsoft.Azure.Management.PostgreSQL\tests\ScenarioTests\CRUDServiceTests.cs(20,88): error CS0103: The name 'HttpStatusCode' does not exist in the current context
C:\gh\azure-sdk-for-net\sdk\postgresql\Microsoft.Azure.Management.PostgreSQL\tests\ScenarioTests\CRUDServiceTests.cs(21,40): error CS0518: Predefined type 'System.Object' is not defined or imported
C:\gh\azure-sdk-for-net\sdk\postgresql\Microsoft.Azure.Management.PostgreSQL\tests\ScenarioTests\CRUDFlexibleServersServiceTests.cs(19,88): error CS0103: The name 'HttpStatusCode' does not exist in the current context
C:\gh\azure-sdk-for-net\sdk\postgresql\Microsoft.Azure.Management.PostgreSQL\tests\ScenarioTests\CRUDServiceTests.cs(21,91): error CS0518: Predefined type 'System.Object' is not defined or imported
C:\gh\azure-sdk-for-net\sdk\postgresql\Microsoft.Azure.Management.PostgreSQL\tests\ScenarioTests\CRUDFlexibleServersServiceTests.cs(20,40): error CS0518: Predefined type 'System.Object' is not defined or imported
C:\gh\azure-sdk-for-net\sdk\postgresql\Microsoft.Azure.Management.PostgreSQL\tests\ScenarioTests\CRUDServiceTests.cs(21,91): error CS0103: The name 'HttpStatusCode' does not exist in the current context
C:\gh\azure-sdk-for-net\sdk\postgresql\Microsoft.Azure.Management.PostgreSQL\tests\ScenarioTests\CRUDFlexibleServersServiceTests.cs(20,91): error CS0518: Predefined type 'System.Object' is not defined or imported
C:\gh\azure-sdk-for-net\sdk\postgresql\Microsoft.Azure.Management.PostgreSQL\tests\ScenarioTests\CRUDServiceTests.cs(23,13): error CS0518: Predefined type 'System.IDisposable' is not defined or imported
C:\gh\azure-sdk-for-net\sdk\postgresql\Microsoft.Azure.Management.PostgreSQL\tests\ScenarioTests\CRUDFlexibleServersServiceTests.cs(20,91): error CS0103: The name 'HttpStatusCode' does not exist in the current context
C:\gh\azure-sdk-for-net\sdk\postgresql\Microsoft.Azure.Management.PostgreSQL\tests\ScenarioTests\CRUDServiceTests.cs(23,20): error CS0518: Predefined type 'System.Object' is not defined or imported
C:\gh\azure-sdk-for-net\sdk\postgresql\Microsoft.Azure.Management.PostgreSQL\tests\ScenarioTests\CRUDFlexibleServersServiceTests.cs(22,13): error CS0518: Predefined type 'System.IDisposable' is not defined or imported
C:\gh\azure-sdk-for-net\sdk\postgresql\Microsoft.Azure.Management.PostgreSQL\tests\ScenarioTests\CRUDServiceTests.cs(23,20): error CS0246: The type or namespace name 'MockContext' could not be found (are you missing a using directive or an assembly reference?)
C:\gh\azure-sdk-for-net\sdk\postgresql\Microsoft.Azure.Management.PostgreSQL\tests\ScenarioTests\CRUDFlexibleServersServiceTests.cs(22,20): error CS0518: Predefined type 'System.Object' is not defined or imported
C:\gh\azure-sdk-for-net\sdk\postgresql\Microsoft.Azure.Management.PostgreSQL\tests\ScenarioTests\CRUDServiceTests.cs(23,42): error CS0518: Predefined type 'System.Object' is not defined or imported
C:\gh\azure-sdk-for-net\sdk\postgresql\Microsoft.Azure.Management.PostgreSQL\tests\ScenarioTests\CRUDFlexibleServersServiceTests.cs(22,20): error CS0246: The type or namespace name 'MockContext' could not be found (are you missing a using directive or an assembly reference?)
C:\gh\azure-sdk-for-net\sdk\postgresql\Microsoft.Azure.Management.PostgreSQL\tests\ScenarioTests\CRUDFlexibleServersServiceTests.cs(22,42): error CS0518: Predefined type 'System.Object' is not defined or imported
C:\gh\azure-sdk-for-net\sdk\postgresql\Microsoft.Azure.Management.PostgreSQL\tests\ScenarioTests\CRUDServiceTests.cs(23,42): error CS0103: The name 'MockContext' does not exist in the current context
C:\gh\azure-sdk-for-net\sdk\postgresql\Microsoft.Azure.Management.PostgreSQL\tests\ScenarioTests\CRUDServiceTests.cs(23,65): error CS0518: Predefined type 'System.Object' is not defined or imported
C:\gh\azure-sdk-for-net\sdk\postgresql\Microsoft.Azure.Management.PostgreSQL\tests\ScenarioTests\CRUDServiceTests.cs(23,65): error CS1061: 'CRUDServiceTests' does not contain a definition for 'GetType' and no accessible extension method 'GetType' accepting a first argument of type 'CRUDServiceTests' could be found (are you missing a using directive or an assembly reference?)
C:\gh\azure-sdk-for-net\sdk\postgresql\Microsoft.Azure.Management.PostgreSQL\tests\ScenarioTests\CRUDServiceTests.cs(25,37): error CS0518: Predefined type 'System.Object' is not defined or imported
C:\gh\azure-sdk-for-net\sdk\postgresql\Microsoft.Azure.Management.PostgreSQL\tests\ScenarioTests\CRUDServiceTests.cs(25,103): error CS0518: Predefined type 'System.Object' is not defined or imported
C:\gh\azure-sdk-for-net\sdk\postgresql\Microsoft.Azure.Management.PostgreSQL\tests\ScenarioTests\CRUDServiceTests.cs(26,30): error CS0518: Predefined type 'System.Object' is not defined or imported
C:\gh\azure-sdk-for-net\sdk\postgresql\Microsoft.Azure.Management.PostgreSQL\tests\ScenarioTests\CRUDServiceTests.cs(26,40): error CS0518: Predefined type 'System.Object' is not defined or imported
C:\gh\azure-sdk-for-net\sdk\postgresql\Microsoft.Azure.Management.PostgreSQL\tests\ScenarioTests\CRUDServiceTests.cs(27,36): error CS0518: Predefined type 'System.Object' is not defined or imported
C:\gh\azure-sdk-for-net\sdk\postgresql\Microsoft.Azure.Management.PostgreSQL\tests\ScenarioTests\CRUDServiceTests.cs(30,13): error CS0518: Predefined type 'System.Object' is not defined or imported
C:\gh\azure-sdk-for-net\sdk\postgresql\Microsoft.Azure.Management.PostgreSQL\tests\ScenarioTests\CRUDServiceTests.cs(30,23): error CS0518: Predefined type 'System.Object' is not defined or imported
C:\gh\azure-sdk-for-net\sdk\postgresql\Microsoft.Azure.Management.PostgreSQL\tests\ScenarioTests\CRUDFlexibleServersServiceTests.cs(22,42): error CS0103: The name 'MockContext' does not exist in the current context
C:\gh\azure-sdk-for-net\sdk\postgresql\Microsoft.Azure.Management.PostgreSQL\tests\ScenarioTests\CRUDFlexibleServersServiceTests.cs(22,65): error CS0518: Predefined type 'System.Object' is not defined or imported
C:\gh\azure-sdk-for-net\sdk\postgresql\Microsoft.Azure.Management.PostgreSQL\tests\ScenarioTests\CRUDFlexibleServersServiceTests.cs(22,65): error CS1061: 'CRUDFlexibleServersServiceTests' does not contain a definition for 'GetType' and no accessible extension method 'GetType' accepting a first argument of type 'CRUDFlexibleServersServiceTests' could be found (are you missing a using directive or an assembly reference?)
C:\gh\azure-sdk-for-net\sdk\postgresql\Microsoft.Azure.Management.PostgreSQL\tests\ScenarioTests\CRUDFlexibleServersServiceTests.cs(24,37): error CS0518: Predefined type 'System.Object' is not defined or imported
C:\gh\azure-sdk-for-net\sdk\postgresql\Microsoft.Azure.Management.PostgreSQL\tests\ScenarioTests\CRUDFlexibleServersServiceTests.cs(24,103): error CS0518: Predefined type 'System.Object' is not defined or imported
C:\gh\azure-sdk-for-net\sdk\postgresql\Microsoft.Azure.Management.PostgreSQL\tests\ScenarioTests\CRUDFlexibleServersServiceTests.cs(25,30): error CS0518: Predefined type 'System.Object' is not defined or imported
C:\gh\azure-sdk-for-net\sdk\postgresql\Microsoft.Azure.Management.PostgreSQL\tests\ScenarioTests\CRUDFlexibleServersServiceTests.cs(25,40): error CS0518: Predefined type 'System.Object' is not defined or imported
C:\gh\azure-sdk-for-net\sdk\postgresql\Microsoft.Azure.Management.PostgreSQL\tests\ScenarioTests\CRUDFlexibleServersServiceTests.cs(26,36): error CS0518: Predefined type 'System.Object' is not defined or imported
C:\gh\azure-sdk-for-net\sdk\postgresql\Microsoft.Azure.Management.PostgreSQL\tests\ScenarioTests\CRUDFlexibleServersServiceTests.cs(29,13): error CS0518: Predefined type 'System.Object' is not defined or imported
C:\gh\azure-sdk-for-net\sdk\postgresql\Microsoft.Azure.Management.PostgreSQL\tests\ScenarioTests\CRUDFlexibleServersServiceTests.cs(29,23): error CS0518: Predefined type 'System.Object' is not defined or imported
C:\gh\azure-sdk-for-net\sdk\postgresql\Microsoft.Azure.Management.PostgreSQL\tests\ScenarioTests\CRUDDBForPostgreSQLFlexibleServerTestBase.cs(45,17): error CS0518: Predefined type 'System.Object' is not defined or imported
C:\gh\azure-sdk-for-net\sdk\postgresql\Microsoft.Azure.Management.PostgreSQL\tests\ScenarioTests\CRUDDBForPostgreSQLFlexibleServerTestBase.cs(45,27): error CS0518: Predefined type 'System.Object' is not defined or imported
C:\gh\azure-sdk-for-net\sdk\postgresql\Microsoft.Azure.Management.PostgreSQL\tests\ScenarioTests\CRUDDBForPostgreSQLFlexibleServerTestBase.cs(51,21): error CS0518: Predefined type 'System.Object' is not defined or imported
C:\gh\azure-sdk-for-net\sdk\postgresql\Microsoft.Azure.Management.PostgreSQL\tests\ScenarioTests\CRUDDBForPostgreSQLFlexibleServerTestBase.cs(51,21): error CS0246: The type or namespace name 'ResourceGroup' could not be found (are you missing a using directive or an assembly reference?)
C:\gh\azure-sdk-for-net\sdk\postgresql\Microsoft.Azure.Management.PostgreSQL\tests\ScenarioTests\CRUDDBForPostgreSQLTestsBase.cs(48,17): error CS0518: Predefined type 'System.Object' is not defined or imported
C:\gh\azure-sdk-for-net\sdk\postgresql\Microsoft.Azure.Management.PostgreSQL\tests\ScenarioTests\CRUDDBForPostgreSQLTestsBase.cs(48,27): error CS0518: Predefined type 'System.Object' is not defined or imported
C:\gh\azure-sdk-for-net\sdk\postgresql\Microsoft.Azure.Management.PostgreSQL\tests\ScenarioTests\CRUDDBForPostgreSQLTestsBase.cs(54,21): error CS0518: Predefined type 'System.Object' is not defined or imported
C:\gh\azure-sdk-for-net\sdk\postgresql\Microsoft.Azure.Management.PostgreSQL\tests\Helpers\Utilities.cs(52,13): error CS0518: Predefined type 'System.Object' is not defined or imported
C:\gh\azure-sdk-for-net\sdk\postgresql\Microsoft.Azure.Management.PostgreSQL\tests\ScenarioTests\CRUDDBForPostgreSQLTestsBase.cs(54,21): error CS0246: The type or namespace name 'ResourceGroup' could not be found (are you missing a using directive or an assembly reference?)
C:\gh\azure-sdk-for-net\sdk\postgresql\Microsoft.Azure.Management.PostgreSQL\tests\Helpers\Utilities.cs(53,17): error CS0518: Predefined type 'System.Boolean' is not defined or imported
C:\gh\azure-sdk-for-net\sdk\postgresql\Microsoft.Azure.Management.PostgreSQL\tests\Helpers\Utilities.cs(55,32): error CS0518: Predefined type 'System.Object' is not defined or imported
C:\gh\azure-sdk-for-net\sdk\postgresql\Microsoft.Azure.Management.PostgreSQL\tests\Helpers\Utilities.cs(55,63): error CS0518: Predefined type 'System.Object' is not defined or imported
C:\gh\azure-sdk-for-net\sdk\postgresql\Microsoft.Azure.Management.PostgreSQL\tests\Helpers\Utilities.cs(55,63): error CS0246: The type or namespace name 'TokenCredentials' could not be found (are you missing a using directive or an assembly reference?)
C:\gh\azure-sdk-for-net\sdk\postgresql\Microsoft.Azure.Management.PostgreSQL\tests\Helpers\Utilities.cs(55,80): error CS0518: Predefined type 'System.String' is not defined or imported
C:\gh\azure-sdk-for-net\sdk\postgresql\Microsoft.Azure.Management.PostgreSQL\tests\Helpers\Utilities.cs(55,88): error CS0518: Predefined type 'System.Object' is not defined or imported
C:\gh\azure-sdk-for-net\sdk\postgresql\Microsoft.Azure.Management.PostgreSQL\tests\Helpers\Utilities.cs(55,32): error CS0518: Predefined type 'System.Object' is not defined or imported
C:\gh\azure-sdk-for-net\sdk\postgresql\Microsoft.Azure.Management.PostgreSQL\tests\Helpers\Utilities.cs(55,32): error CS0518: Predefined type 'System.Void' is not defined or imported
C:\gh\azure-sdk-for-net\sdk\postgresql\Microsoft.Azure.Management.PostgreSQL\tests\Helpers\Utilities.cs(56,26): error CS0518: Predefined type 'System.String' is not defined or imported
C:\gh\azure-sdk-for-net\sdk\postgresql\Microsoft.Azure.Management.PostgreSQL\tests\Helpers\Utilities.cs(57,26): error CS0012: The type 'Uri' is defined in an assembly that is not referenced. You must add a reference to assembly 'System, Version=4.0.0.0, Culture=neutral, PublicKeyToken=b77a5c561934e089'.
C:\gh\azure-sdk-for-net\sdk\postgresql\Microsoft.Azure.Management.PostgreSQL\tests\Helpers\Utilities.cs(61,41): error CS0518: Predefined type 'System.Boolean' is not defined or imported
C:\gh\azure-sdk-for-net\sdk\postgresql\Microsoft.Azure.Management.PostgreSQL\tests\Helpers\Utilities.cs(62,53): error CS0518: Predefined type 'System.Object' is not defined or imported
C:\gh\azure-sdk-for-net\sdk\postgresql\Microsoft.Azure.Management.PostgreSQL\tests\ScenarioTests\CRUDDBForPostgreSQLFlexibleServerTestBase.cs(64,17): error CS0518: Predefined type 'System.Object' is not defined or imported
C:\gh\azure-sdk-for-net\sdk\postgresql\Microsoft.Azure.Management.PostgreSQL\tests\ScenarioTests\CRUDDBForPostgreSQLFlexibleServerTestBase.cs(64,27): error CS0518: Predefined type 'System.Object' is not defined or imported
C:\gh\azure-sdk-for-net\sdk\postgresql\Microsoft.Azure.Management.PostgreSQL\tests\Helpers\RecordedDelegatingHandler.cs(51,17): error CS0518: Predefined type 'System.Boolean' is not defined or imported
C:\gh\azure-sdk-for-net\sdk\postgresql\Microsoft.Azure.Management.PostgreSQL\tests\Helpers\RecordedDelegatingHandler.cs(51,17): error CS0518: Predefined type 'System.Boolean' is not defined or imported
C:\gh\azure-sdk-for-net\sdk\postgresql\Microsoft.Azure.Management.PostgreSQL\tests\Helpers\RecordedDelegatingHandler.cs(53,27): error CS0518: Predefined type 'System.String' is not defined or imported
C:\gh\azure-sdk-for-net\sdk\postgresql\Microsoft.Azure.Management.PostgreSQL\tests\Helpers\RecordedDelegatingHandler.cs(60,17): error CS0518: Predefined type 'System.Boolean' is not defined or imported
C:\gh\azure-sdk-for-net\sdk\postgresql\Microsoft.Azure.Management.PostgreSQL\tests\Helpers\RecordedDelegatingHandler.cs(60,17): error CS0518: Predefined type 'System.Boolean' is not defined or imported
C:\gh\azure-sdk-for-net\sdk\postgresql\Microsoft.Azure.Management.PostgreSQL\tests\Helpers\RecordedDelegatingHandler.cs(68,17): error CS0518: Predefined type 'System.Boolean' is not defined or imported
C:\gh\azure-sdk-for-net\sdk\postgresql\Microsoft.Azure.Management.PostgreSQL\tests\Helpers\RecordedDelegatingHandler.cs(74,21): error CS0518: Predefined type 'System.Boolean' is not defined or imported
C:\gh\azure-sdk-for-net\sdk\postgresql\Microsoft.Azure.Management.PostgreSQL\tests\Helpers\RecordedDelegatingHandler.cs(74,53): error CS0518: Predefined type 'System.Int32' is not defined or imported
C:\gh\azure-sdk-for-net\sdk\postgresql\Microsoft.Azure.Management.PostgreSQL\tests\Helpers\RecordedDelegatingHandler.cs(74,42): error CS0518: Predefined type 'System.Boolean' is not defined or imported
C:\gh\azure-sdk-for-net\sdk\postgresql\Microsoft.Azure.Management.PostgreSQL\tests\Helpers\RecordedDelegatingHandler.cs(74,21): error CS0518: Predefined type 'System.Boolean' is not defined or imported
C:\gh\azure-sdk-for-net\sdk\postgresql\Microsoft.Azure.Management.PostgreSQL\tests\Helpers\RecordedDelegatingHandler.cs(81,35): error CS0518: Predefined type 'System.Int32' is not defined or imported
C:\gh\azure-sdk-for-net\sdk\postgresql\Microsoft.Azure.Management.PostgreSQL\tests\Helpers\RecordedDelegatingHandler.cs(81,25): error CS0518: Predefined type 'System.Boolean' is not defined or imported
C:\gh\azure-sdk-for-net\sdk\postgresql\Microsoft.Azure.Management.PostgreSQL\tests\Helpers\RecordedDelegatingHandler.cs(81,25): error CS0518: Predefined type 'System.Boolean' is not defined or imported
C:\gh\azure-sdk-for-net\sdk\postgresql\Microsoft.Azure.Management.PostgreSQL\tests\Helpers\RecordedDelegatingHandler.cs(83,21): error CS0518: Predefined type 'System.Object' is not defined or imported
C:\gh\azure-sdk-for-net\sdk\postgresql\Microsoft.Azure.Management.PostgreSQL\tests\Helpers\RecordedDelegatingHandler.cs(83,21): error CS0246: The type or namespace name 'HttpResponseMessage' could not be found (are you missing a using directive or an assembly reference?)
C:\gh\azure-sdk-for-net\sdk\postgresql\Microsoft.Azure.Management.PostgreSQL\tests\Helpers\RecordedDelegatingHandler.cs(83,56): error CS0518: Predefined type 'System.Object' is not defined or imported
C:\gh\azure-sdk-for-net\sdk\postgresql\Microsoft.Azure.Management.PostgreSQL\tests\Helpers\RecordedDelegatingHandler.cs(83,56): error CS0246: The type or namespace name 'HttpResponseMessage' could not be found (are you missing a using directive or an assembly reference?)
C:\gh\azure-sdk-for-net\sdk\postgresql\Microsoft.Azure.Management.PostgreSQL\tests\Helpers\RecordedDelegatingHandler.cs(84,44): error CS0518: Predefined type 'System.Object' is not defined or imported
C:\gh\azure-sdk-for-net\sdk\postgresql\Microsoft.Azure.Management.PostgreSQL\tests\Helpers\RecordedDelegatingHandler.cs(84,44): error CS0246: The type or namespace name 'StringContent' could not be found (are you missing a using directive or an assembly reference?)
C:\gh\azure-sdk-for-net\sdk\postgresql\Microsoft.Azure.Management.PostgreSQL\tests\Helpers\RecordedDelegatingHandler.cs(84,58): error CS0518: Predefined type 'System.String' is not defined or imported
C:\gh\azure-sdk-for-net\sdk\postgresql\Microsoft.Azure.Management.PostgreSQL\tests\ScenarioTests\CRUDDBForPostgreSQLTestsBase.cs(67,17): error CS0518: Predefined type 'System.Object' is not defined or imported
C:\gh\azure-sdk-for-net\sdk\postgresql\Microsoft.Azure.Management.PostgreSQL\tests\ScenarioTests\CRUDDBForPostgreSQLTestsBase.cs(67,27): error CS0518: Predefined type 'System.Object' is not defined or imported
C:\gh\azure-sdk-for-net\sdk\postgresql\Microsoft.Azure.Management.PostgreSQL\tests\ScenarioTests\CRUDFlexibleServersServiceTests.cs(35,37): error CS0518: Predefined type 'System.Object' is not defined or imported
C:\gh\azure-sdk-for-net\sdk\postgresql\Microsoft.Azure.Management.PostgreSQL\tests\ScenarioTests\CRUDFlexibleServersServiceTests.cs(35,88): error CS0518: Predefined type 'System.Object' is not defined or imported
C:\gh\azure-sdk-for-net\sdk\postgresql\Microsoft.Azure.Management.PostgreSQL\tests\ScenarioTests\CRUDFlexibleServersServiceTests.cs(35,88): error CS0103: The name 'HttpStatusCode' does not exist in the current context
C:\gh\azure-sdk-for-net\sdk\postgresql\Microsoft.Azure.Management.PostgreSQL\tests\ScenarioTests\CRUDFlexibleServersServiceTests.cs(36,40): error CS0518: Predefined type 'System.Object' is not defined or imported
C:\gh\azure-sdk-for-net\sdk\postgresql\Microsoft.Azure.Management.PostgreSQL\tests\ScenarioTests\CRUDFlexibleServersServiceTests.cs(36,91): error CS0518: Predefined type 'System.Object' is not defined or imported
C:\gh\azure-sdk-for-net\sdk\postgresql\Microsoft.Azure.Management.PostgreSQL\tests\ScenarioTests\CRUDFlexibleServersServiceTests.cs(36,91): error CS0103: The name 'HttpStatusCode' does not exist in the current context
C:\gh\azure-sdk-for-net\sdk\postgresql\Microsoft.Azure.Management.PostgreSQL\tests\ScenarioTests\CRUDFlexibleServersServiceTests.cs(38,13): error CS0518: Predefined type 'System.IDisposable' is not defined or imported
C:\gh\azure-sdk-for-net\sdk\postgresql\Microsoft.Azure.Management.PostgreSQL\tests\ScenarioTests\CRUDFlexibleServersServiceTests.cs(38,20): error CS0518: Predefined type 'System.Object' is not defined or imported
C:\gh\azure-sdk-for-net\sdk\postgresql\Microsoft.Azure.Management.PostgreSQL\tests\ScenarioTests\CRUDFlexibleServersServiceTests.cs(38,20): error CS0246: The type or namespace name 'MockContext' could not be found (are you missing a using directive or an assembly reference?)
C:\gh\azure-sdk-for-net\sdk\postgresql\Microsoft.Azure.Management.PostgreSQL\tests\ScenarioTests\CRUDFlexibleServersServiceTests.cs(38,42): error CS0518: Predefined type 'System.Object' is not defined or imported
C:\gh\azure-sdk-for-net\sdk\postgresql\Microsoft.Azure.Management.PostgreSQL\tests\ScenarioTests\CRUDFlexibleServersServiceTests.cs(38,42): error CS0103: The name 'MockContext' does not exist in the current context
C:\gh\azure-sdk-for-net\sdk\postgresql\Microsoft.Azure.Management.PostgreSQL\tests\ScenarioTests\CRUDFlexibleServersServiceTests.cs(38,65): error CS0518: Predefined type 'System.Object' is not defined or imported
C:\gh\azure-sdk-for-net\sdk\postgresql\Microsoft.Azure.Management.PostgreSQL\tests\ScenarioTests\CRUDFlexibleServersServiceTests.cs(38,65): error CS1061: 'CRUDFlexibleServersServiceTests' does not contain a definition for 'GetType' and no accessible extension method 'GetType' accepting a first argument of type 'CRUDFlexibleServersServiceTests' could be found (are you missing a using directive or an assembly reference?)
C:\gh\azure-sdk-for-net\sdk\postgresql\Microsoft.Azure.Management.PostgreSQL\tests\ScenarioTests\CRUDFlexibleServersServiceTests.cs(40,37): error CS0518: Predefined type 'System.Object' is not defined or imported
C:\gh\azure-sdk-for-net\sdk\postgresql\Microsoft.Azure.Management.PostgreSQL\tests\ScenarioTests\CRUDFlexibleServersServiceTests.cs(40,103): error CS0518: Predefined type 'System.Object' is not defined or imported
C:\gh\azure-sdk-for-net\sdk\postgresql\Microsoft.Azure.Management.PostgreSQL\tests\ScenarioTests\CRUDFlexibleServersServiceTests.cs(41,30): error CS0518: Predefined type 'System.Object' is not defined or imported
C:\gh\azure-sdk-for-net\sdk\postgresql\Microsoft.Azure.Management.PostgreSQL\tests\ScenarioTests\CRUDFlexibleServersServiceTests.cs(41,40): error CS0518: Predefined type 'System.Object' is not defined or imported
C:\gh\azure-sdk-for-net\sdk\postgresql\Microsoft.Azure.Management.PostgreSQL\tests\ScenarioTests\CRUDFlexibleServersServiceTests.cs(42,36): error CS0518: Predefined type 'System.Object' is not defined or imported
C:\gh\azure-sdk-for-net\sdk\postgresql\Microsoft.Azure.Management.PostgreSQL\tests\ScenarioTests\CRUDFlexibleServersServiceTests.cs(43,33): error CS0518: Predefined type 'System.String' is not defined or imported
C:\gh\azure-sdk-for-net\sdk\postgresql\Microsoft.Azure.Management.PostgreSQL\tests\ScenarioTests\CRUDFlexibleServersServiceTests.cs(46,13): error CS0518: Predefined type 'System.Object' is not defined or imported
C:\gh\azure-sdk-for-net\sdk\postgresql\Microsoft.Azure.Management.PostgreSQL\tests\ScenarioTests\CRUDFlexibleServersServiceTests.cs(46,23): error CS0518: Predefined type 'System.Object' is not defined or imported
C:\gh\azure-sdk-for-net\sdk\postgresql\Microsoft.Azure.Management.PostgreSQL\tests\Helpers\Utilities.cs(69,13): error CS0518: Predefined type 'System.Object' is not defined or imported
C:\gh\azure-sdk-for-net\sdk\postgresql\Microsoft.Azure.Management.PostgreSQL\tests\Helpers\Utilities.cs(70,17): error CS0518: Predefined type 'System.Boolean' is not defined or imported
C:\gh\azure-sdk-for-net\sdk\postgresql\Microsoft.Azure.Management.PostgreSQL\tests\Helpers\Utilities.cs(72,32): error CS0518: Predefined type 'System.Object' is not defined or imported
C:\gh\azure-sdk-for-net\sdk\postgresql\Microsoft.Azure.Management.PostgreSQL\tests\Helpers\Utilities.cs(72,79): error CS0518: Predefined type 'System.Object' is not defined or imported
C:\gh\azure-sdk-for-net\sdk\postgresql\Microsoft.Azure.Management.PostgreSQL\tests\Helpers\Utilities.cs(72,79): error CS0246: The type or namespace name 'TokenCredentials' could not be found (are you missing a using directive or an assembly reference?)
C:\gh\azure-sdk-for-net\sdk\postgresql\Microsoft.Azure.Management.PostgreSQL\tests\Helpers\Utilities.cs(72,96): error CS0518: Predefined type 'System.String' is not defined or imported
C:\gh\azure-sdk-for-net\sdk\postgresql\Microsoft.Azure.Management.PostgreSQL\tests\Helpers\Utilities.cs(72,104): error CS0518: Predefined type 'System.Object' is not defined or imported
C:\gh\azure-sdk-for-net\sdk\postgresql\Microsoft.Azure.Management.PostgreSQL\tests\Helpers\Utilities.cs(72,32): error CS0518: Predefined type 'System.Object' is not defined or imported
C:\gh\azure-sdk-for-net\sdk\postgresql\Microsoft.Azure.Management.PostgreSQL\tests\Helpers\Utilities.cs(72,32): error CS0518: Predefined type 'System.Void' is not defined or imported
C:\gh\azure-sdk-for-net\sdk\postgresql\Microsoft.Azure.Management.PostgreSQL\tests\Helpers\Utilities.cs(73,26): error CS0518: Predefined type 'System.String' is not defined or imported
C:\gh\azure-sdk-for-net\sdk\postgresql\Microsoft.Azure.Management.PostgreSQL\tests\Helpers\Utilities.cs(74,26): error CS0012: The type 'Uri' is defined in an assembly that is not referenced. You must add a reference to assembly 'System, Version=4.0.0.0, Culture=neutral, PublicKeyToken=b77a5c561934e089'.
C:\gh\azure-sdk-for-net\sdk\postgresql\Microsoft.Azure.Management.PostgreSQL\tests\Helpers\Utilities.cs(78,41): error CS0518: Predefined type 'System.Boolean' is not defined or imported
C:\gh\azure-sdk-for-net\sdk\postgresql\Microsoft.Azure.Management.PostgreSQL\tests\Helpers\Utilities.cs(79,53): error CS0518: Predefined type 'System.Object' is not defined or imported
C:\gh\azure-sdk-for-net\sdk\postgresql\Microsoft.Azure.Management.PostgreSQL\tests\ScenarioTests\CRUDServiceTests.cs(36,37): error CS0518: Predefined type 'System.Object' is not defined or imported
C:\gh\azure-sdk-for-net\sdk\postgresql\Microsoft.Azure.Management.PostgreSQL\tests\ScenarioTests\CRUDServiceTests.cs(36,88): error CS0518: Predefined type 'System.Object' is not defined or imported
C:\gh\azure-sdk-for-net\sdk\postgresql\Microsoft.Azure.Management.PostgreSQL\tests\ScenarioTests\CRUDServiceTests.cs(36,88): error CS0103: The name 'HttpStatusCode' does not exist in the current context
C:\gh\azure-sdk-for-net\sdk\postgresql\Microsoft.Azure.Management.PostgreSQL\tests\ScenarioTests\CRUDServiceTests.cs(37,40): error CS0518: Predefined type 'System.Object' is not defined or imported
C:\gh\azure-sdk-for-net\sdk\postgresql\Microsoft.Azure.Management.PostgreSQL\tests\ScenarioTests\CRUDServiceTests.cs(37,91): error CS0518: Predefined type 'System.Object' is not defined or imported
C:\gh\azure-sdk-for-net\sdk\postgresql\Microsoft.Azure.Management.PostgreSQL\tests\ScenarioTests\CRUDServiceTests.cs(37,91): error CS0103: The name 'HttpStatusCode' does not exist in the current context
C:\gh\azure-sdk-for-net\sdk\postgresql\Microsoft.Azure.Management.PostgreSQL\tests\ScenarioTests\CRUDServiceTests.cs(39,13): error CS0518: Predefined type 'System.IDisposable' is not defined or imported
C:\gh\azure-sdk-for-net\sdk\postgresql\Microsoft.Azure.Management.PostgreSQL\tests\ScenarioTests\CRUDServiceTests.cs(39,20): error CS0518: Predefined type 'System.Object' is not defined or imported
C:\gh\azure-sdk-for-net\sdk\postgresql\Microsoft.Azure.Management.PostgreSQL\tests\ScenarioTests\CRUDServiceTests.cs(39,20): error CS0246: The type or namespace name 'MockContext' could not be found (are you missing a using directive or an assembly reference?)
C:\gh\azure-sdk-for-net\sdk\postgresql\Microsoft.Azure.Management.PostgreSQL\tests\ScenarioTests\CRUDServiceTests.cs(39,42): error CS0518: Predefined type 'System.Object' is not defined or imported
C:\gh\azure-sdk-for-net\sdk\postgresql\Microsoft.Azure.Management.PostgreSQL\tests\ScenarioTests\CRUDServiceTests.cs(39,42): error CS0103: The name 'MockContext' does not exist in the current context
C:\gh\azure-sdk-for-net\sdk\postgresql\Microsoft.Azure.Management.PostgreSQL\tests\ScenarioTests\CRUDServiceTests.cs(39,65): error CS0518: Predefined type 'System.Object' is not defined or imported
C:\gh\azure-sdk-for-net\sdk\postgresql\Microsoft.Azure.Management.PostgreSQL\tests\ScenarioTests\CRUDServiceTests.cs(39,65): error CS1061: 'CRUDServiceTests' does not contain a definition for 'GetType' and no accessible extension method 'GetType' accepting a first argument of type 'CRUDServiceTests' could be found (are you missing a using directive or an assembly reference?)
C:\gh\azure-sdk-for-net\sdk\postgresql\Microsoft.Azure.Management.PostgreSQL\tests\ScenarioTests\CRUDServiceTests.cs(41,37): error CS0518: Predefined type 'System.Object' is not defined or imported
C:\gh\azure-sdk-for-net\sdk\postgresql\Microsoft.Azure.Management.PostgreSQL\tests\ScenarioTests\CRUDServiceTests.cs(41,103): error CS0518: Predefined type 'System.Object' is not defined or imported
C:\gh\azure-sdk-for-net\sdk\postgresql\Microsoft.Azure.Management.PostgreSQL\tests\ScenarioTests\CRUDServiceTests.cs(42,30): error CS0518: Predefined type 'System.Object' is not defined or imported
C:\gh\azure-sdk-for-net\sdk\postgresql\Microsoft.Azure.Management.PostgreSQL\tests\ScenarioTests\CRUDServiceTests.cs(42,40): error CS0518: Predefined type 'System.Object' is not defined or imported
C:\gh\azure-sdk-for-net\sdk\postgresql\Microsoft.Azure.Management.PostgreSQL\tests\ScenarioTests\CRUDServiceTests.cs(43,36): error CS0518: Predefined type 'System.Object' is not defined or imported
C:\gh\azure-sdk-for-net\sdk\postgresql\Microsoft.Azure.Management.PostgreSQL\tests\ScenarioTests\CRUDServiceTests.cs(44,33): error CS0518: Predefined type 'System.String' is not defined or imported
C:\gh\azure-sdk-for-net\sdk\postgresql\Microsoft.Azure.Management.PostgreSQL\tests\ScenarioTests\CRUDServiceTests.cs(47,13): error CS0518: Predefined type 'System.Object' is not defined or imported
C:\gh\azure-sdk-for-net\sdk\postgresql\Microsoft.Azure.Management.PostgreSQL\tests\ScenarioTests\CRUDServiceTests.cs(47,23): error CS0518: Predefined type 'System.Object' is not defined or imported
C:\gh\azure-sdk-for-net\sdk\postgresql\Microsoft.Azure.Management.PostgreSQL\tests\Helpers\Utilities.cs(91,26): error CS0518: Predefined type 'System.Object' is not defined or imported
C:\gh\azure-sdk-for-net\sdk\postgresql\Microsoft.Azure.Management.PostgreSQL\tests\Helpers\Utilities.cs(91,26): error CS0103: The name 'TestUtilities' does not exist in the current context
C:\gh\azure-sdk-for-net\sdk\postgresql\Microsoft.Azure.Management.PostgreSQL\tests\Helpers\Utilities.cs(93,17): error CS0518: Predefined type 'System.Boolean' is not defined or imported
C:\gh\azure-sdk-for-net\sdk\postgresql\Microsoft.Azure.Management.PostgreSQL\tests\Helpers\Utilities.cs(97,25): error CS0518: Predefined type 'System.Object' is not defined or imported
C:\gh\azure-sdk-for-net\sdk\postgresql\Microsoft.Azure.Management.PostgreSQL\tests\Helpers\Utilities.cs(97,25): error CS0246: The type or namespace name 'ResourceGroup' could not be found (are you missing a using directive or an assembly reference?)
C:\gh\azure-sdk-for-net\sdk\postgresql\Microsoft.Azure.Management.PostgreSQL\tests\Helpers\Utilities.cs(108,17): error CS0518: Predefined type 'System.Boolean' is not defined or imported
C:\gh\azure-sdk-for-net\sdk\postgresql\Microsoft.Azure.Management.PostgreSQL\tests\Helpers\Utilities.cs(116,17): error CS0518: Predefined type 'System.Object' is not defined or imported
C:\gh\azure-sdk-for-net\sdk\postgresql\Microsoft.Azure.Management.PostgreSQL\tests\Helpers\Utilities.cs(116,17): error CS0103: The name 'HttpMockServer' does not exist in the current context
C:\gh\azure-sdk-for-net\sdk\postgresql\Microsoft.Azure.Management.PostgreSQL\tests\Helpers\Utilities.cs(116,40): error CS0518: Predefined type 'System.Object' is not defined or imported
C:\gh\azure-sdk-for-net\sdk\postgresql\Microsoft.Azure.Management.PostgreSQL\tests\Helpers\Utilities.cs(116,40): error CS0103: The name 'HttpRecorderMode' does not exist in the current context
C:\gh\azure-sdk-for-net\sdk\postgresql\Microsoft.Azure.Management.PostgreSQL\tests\Helpers\Utilities.cs(116,17): error CS0518: Predefined type 'System.Boolean' is not defined or imported
C:\gh\azure-sdk-for-net\sdk\postgresql\Microsoft.Azure.Management.PostgreSQL\tests\Helpers\Utilities.cs(116,17): error CS0518: Predefined type 'System.Boolean' is not defined or imported
C:\gh\azure-sdk-for-net\sdk\postgresql\Microsoft.Azure.Management.PostgreSQL\tests\Helpers\Utilities.cs(118,17): error CS0518: Predefined type 'System.Object' is not defined or imported
C:\gh\azure-sdk-for-net\sdk\postgresql\Microsoft.Azure.Management.PostgreSQL\tests\Helpers\Utilities.cs(118,17): error CS0103: The name 'Thread' does not exist in the current context
C:\gh\azure-sdk-for-net\sdk\postgresql\Microsoft.Azure.Management.PostgreSQL\tests\Helpers\Utilities.cs(118,30): error CS0518: Predefined type 'System.Object' is not defined or imported
C:\gh\azure-sdk-for-net\sdk\postgresql\Microsoft.Azure.Management.PostgreSQL\tests\Helpers\Utilities.cs(118,30): error CS0103: The name 'TimeSpan' does not exist in the current context
C:\gh\azure-sdk-for-net\sdk\postgresql\Microsoft.Azure.Management.PostgreSQL\tests\ScenarioTests\CRUDFlexibleServersServiceTests.cs(52,37): error CS0518: Predefined type 'System.Object' is not defined or imported
C:\gh\azure-sdk-for-net\sdk\postgresql\Microsoft.Azure.Management.PostgreSQL\tests\ScenarioTests\CRUDFlexibleServersServiceTests.cs(52,88): error CS0518: Predefined type 'System.Object' is not defined or imported
C:\gh\azure-sdk-for-net\sdk\postgresql\Microsoft.Azure.Management.PostgreSQL\tests\ScenarioTests\CRUDFlexibleServersServiceTests.cs(52,88): error CS0103: The name 'HttpStatusCode' does not exist in the current context
C:\gh\azure-sdk-for-net\sdk\postgresql\Microsoft.Azure.Management.PostgreSQL\tests\ScenarioTests\CRUDFlexibleServersServiceTests.cs(53,40): error CS0518: Predefined type 'System.Object' is not defined or imported
C:\gh\azure-sdk-for-net\sdk\postgresql\Microsoft.Azure.Management.PostgreSQL\tests\ScenarioTests\CRUDFlexibleServersServiceTests.cs(53,91): error CS0518: Predefined type 'System.Object' is not defined or imported
C:\gh\azure-sdk-for-net\sdk\postgresql\Microsoft.Azure.Management.PostgreSQL\tests\ScenarioTests\CRUDFlexibleServersServiceTests.cs(53,91): error CS0103: The name 'HttpStatusCode' does not exist in the current context
C:\gh\azure-sdk-for-net\sdk\postgresql\Microsoft.Azure.Management.PostgreSQL\tests\ScenarioTests\CRUDFlexibleServersServiceTests.cs(55,13): error CS0518: Predefined type 'System.IDisposable' is not defined or imported
C:\gh\azure-sdk-for-net\sdk\postgresql\Microsoft.Azure.Management.PostgreSQL\tests\ScenarioTests\CRUDFlexibleServersServiceTests.cs(55,20): error CS0518: Predefined type 'System.Object' is not defined or imported
C:\gh\azure-sdk-for-net\sdk\postgresql\Microsoft.Azure.Management.PostgreSQL\tests\ScenarioTests\CRUDFlexibleServersServiceTests.cs(55,20): error CS0246: The type or namespace name 'MockContext' could not be found (are you missing a using directive or an assembly reference?)
C:\gh\azure-sdk-for-net\sdk\postgresql\Microsoft.Azure.Management.PostgreSQL\tests\ScenarioTests\CRUDFlexibleServersServiceTests.cs(55,42): error CS0518: Predefined type 'System.Object' is not defined or imported
C:\gh\azure-sdk-for-net\sdk\postgresql\Microsoft.Azure.Management.PostgreSQL\tests\ScenarioTests\CRUDFlexibleServersServiceTests.cs(55,42): error CS0103: The name 'MockContext' does not exist in the current context
C:\gh\azure-sdk-for-net\sdk\postgresql\Microsoft.Azure.Management.PostgreSQL\tests\ScenarioTests\CRUDFlexibleServersServiceTests.cs(55,65): error CS0518: Predefined type 'System.Object' is not defined or imported
C:\gh\azure-sdk-for-net\sdk\postgresql\Microsoft.Azure.Management.PostgreSQL\tests\ScenarioTests\CRUDFlexibleServersServiceTests.cs(55,65): error CS1061: 'CRUDFlexibleServersServiceTests' does not contain a definition for 'GetType' and no accessible extension method 'GetType' accepting a first argument of type 'CRUDFlexibleServersServiceTests' could be found (are you missing a using directive or an assembly reference?)
C:\gh\azure-sdk-for-net\sdk\postgresql\Microsoft.Azure.Management.PostgreSQL\tests\ScenarioTests\CRUDFlexibleServersServiceTests.cs(57,37): error CS0518: Predefined type 'System.Object' is not defined or imported
C:\gh\azure-sdk-for-net\sdk\postgresql\Microsoft.Azure.Management.PostgreSQL\tests\ScenarioTests\CRUDFlexibleServersServiceTests.cs(57,103): error CS0518: Predefined type 'System.Object' is not defined or imported
C:\gh\azure-sdk-for-net\sdk\postgresql\Microsoft.Azure.Management.PostgreSQL\tests\ScenarioTests\CRUDFlexibleServersServiceTests.cs(58,30): error CS0518: Predefined type 'System.Object' is not defined or imported
C:\gh\azure-sdk-for-net\sdk\postgresql\Microsoft.Azure.Management.PostgreSQL\tests\ScenarioTests\CRUDFlexibleServersServiceTests.cs(58,40): error CS0518: Predefined type 'System.Object' is not defined or imported
C:\gh\azure-sdk-for-net\sdk\postgresql\Microsoft.Azure.Management.PostgreSQL\tests\ScenarioTests\CRUDFlexibleServersServiceTests.cs(59,36): error CS0518: Predefined type 'System.Object' is not defined or imported
C:\gh\azure-sdk-for-net\sdk\postgresql\Microsoft.Azure.Management.PostgreSQL\tests\ScenarioTests\CRUDFlexibleServersServiceTests.cs(60,33): error CS0518: Predefined type 'System.String' is not defined or imported
C:\gh\azure-sdk-for-net\sdk\postgresql\Microsoft.Azure.Management.PostgreSQL\tests\ScenarioTests\CRUDFlexibleServersServiceTests.cs(61,17): error CS0518: Predefined type 'System.Void' is not defined or imported
C:\gh\azure-sdk-for-net\sdk\postgresql\Microsoft.Azure.Management.PostgreSQL\tests\ScenarioTests\CRUDFlexibleServersServiceTests.cs(64,13): error CS0518: Predefined type 'System.Object' is not defined or imported
C:\gh\azure-sdk-for-net\sdk\postgresql\Microsoft.Azure.Management.PostgreSQL\tests\ScenarioTests\CRUDFlexibleServersServiceTests.cs(64,23): error CS0518: Predefined type 'System.Object' is not defined or imported
C:\gh\azure-sdk-for-net\sdk\postgresql\Microsoft.Azure.Management.PostgreSQL\tests\ScenarioTests\CRUDServiceTests.cs(53,37): error CS0518: Predefined type 'System.Object' is not defined or imported
C:\gh\azure-sdk-for-net\sdk\postgresql\Microsoft.Azure.Management.PostgreSQL\tests\ScenarioTests\CRUDServiceTests.cs(53,88): error CS0518: Predefined type 'System.Object' is not defined or imported
C:\gh\azure-sdk-for-net\sdk\postgresql\Microsoft.Azure.Management.PostgreSQL\tests\ScenarioTests\CRUDServiceTests.cs(53,88): error CS0103: The name 'HttpStatusCode' does not exist in the current context
C:\gh\azure-sdk-for-net\sdk\postgresql\Microsoft.Azure.Management.PostgreSQL\tests\ScenarioTests\CRUDServiceTests.cs(54,40): error CS0518: Predefined type 'System.Object' is not defined or imported
C:\gh\azure-sdk-for-net\sdk\postgresql\Microsoft.Azure.Management.PostgreSQL\tests\ScenarioTests\CRUDServiceTests.cs(54,91): error CS0518: Predefined type 'System.Object' is not defined or imported
C:\gh\azure-sdk-for-net\sdk\postgresql\Microsoft.Azure.Management.PostgreSQL\tests\ScenarioTests\CRUDServiceTests.cs(54,91): error CS0103: The name 'HttpStatusCode' does not exist in the current context
C:\gh\azure-sdk-for-net\sdk\postgresql\Microsoft.Azure.Management.PostgreSQL\tests\ScenarioTests\CRUDServiceTests.cs(56,13): error CS0518: Predefined type 'System.IDisposable' is not defined or imported
C:\gh\azure-sdk-for-net\sdk\postgresql\Microsoft.Azure.Management.PostgreSQL\tests\ScenarioTests\CRUDServiceTests.cs(56,20): error CS0518: Predefined type 'System.Object' is not defined or imported
C:\gh\azure-sdk-for-net\sdk\postgresql\Microsoft.Azure.Management.PostgreSQL\tests\ScenarioTests\CRUDServiceTests.cs(56,20): error CS0246: The type or namespace name 'MockContext' could not be found (are you missing a using directive or an assembly reference?)
C:\gh\azure-sdk-for-net\sdk\postgresql\Microsoft.Azure.Management.PostgreSQL\tests\ScenarioTests\CRUDServiceTests.cs(56,42): error CS0518: Predefined type 'System.Object' is not defined or imported
C:\gh\azure-sdk-for-net\sdk\postgresql\Microsoft.Azure.Management.PostgreSQL\tests\ScenarioTests\CRUDServiceTests.cs(56,42): error CS0103: The name 'MockContext' does not exist in the current context
C:\gh\azure-sdk-for-net\sdk\postgresql\Microsoft.Azure.Management.PostgreSQL\tests\ScenarioTests\CRUDServiceTests.cs(56,65): error CS0518: Predefined type 'System.Object' is not defined or imported
C:\gh\azure-sdk-for-net\sdk\postgresql\Microsoft.Azure.Management.PostgreSQL\tests\ScenarioTests\CRUDServiceTests.cs(56,65): error CS1061: 'CRUDServiceTests' does not contain a definition for 'GetType' and no accessible extension method 'GetType' accepting a first argument of type 'CRUDServiceTests' could be found (are you missing a using directive or an assembly reference?)
C:\gh\azure-sdk-for-net\sdk\postgresql\Microsoft.Azure.Management.PostgreSQL\tests\ScenarioTests\CRUDServiceTests.cs(58,37): error CS0518: Predefined type 'System.Object' is not defined or imported
C:\gh\azure-sdk-for-net\sdk\postgresql\Microsoft.Azure.Management.PostgreSQL\tests\ScenarioTests\CRUDServiceTests.cs(58,103): error CS0518: Predefined type 'System.Object' is not defined or imported
C:\gh\azure-sdk-for-net\sdk\postgresql\Microsoft.Azure.Management.PostgreSQL\tests\ScenarioTests\CRUDServiceTests.cs(59,30): error CS0518: Predefined type 'System.Object' is not defined or imported
C:\gh\azure-sdk-for-net\sdk\postgresql\Microsoft.Azure.Management.PostgreSQL\tests\ScenarioTests\CRUDServiceTests.cs(59,40): error CS0518: Predefined type 'System.Object' is not defined or imported
C:\gh\azure-sdk-for-net\sdk\postgresql\Microsoft.Azure.Management.PostgreSQL\tests\ScenarioTests\CRUDServiceTests.cs(60,36): error CS0518: Predefined type 'System.Object' is not defined or imported
C:\gh\azure-sdk-for-net\sdk\postgresql\Microsoft.Azure.Management.PostgreSQL\tests\ScenarioTests\CRUDServiceTests.cs(61,33): error CS0518: Predefined type 'System.String' is not defined or imported
C:\gh\azure-sdk-for-net\sdk\postgresql\Microsoft.Azure.Management.PostgreSQL\tests\ScenarioTests\CRUDServiceTests.cs(62,17): error CS0518: Predefined type 'System.Void' is not defined or imported
C:\gh\azure-sdk-for-net\sdk\postgresql\Microsoft.Azure.Management.PostgreSQL\tests\ScenarioTests\CRUDServiceTests.cs(65,13): error CS0518: Predefined type 'System.Object' is not defined or imported
C:\gh\azure-sdk-for-net\sdk\postgresql\Microsoft.Azure.Management.PostgreSQL\tests\ScenarioTests\CRUDServiceTests.cs(65,23): error CS0518: Predefined type 'System.Object' is not defined or imported
C:\gh\azure-sdk-for-net\sdk\postgresql\Microsoft.Azure.Management.PostgreSQL\tests\Helpers\Utilities.cs(5,1): hidden CS8019: Unnecessary using directive.
C:\gh\azure-sdk-for-net\sdk\postgresql\Microsoft.Azure.Management.PostgreSQL\tests\ScenarioTests\CRUDFlexibleServersServiceTests.cs(8,1): hidden CS8019: Unnecessary using directive.
C:\gh\azure-sdk-for-net\sdk\postgresql\Microsoft.Azure.Management.PostgreSQL\tests\Helpers\RecordedDelegatingHandler.cs(6,1): hidden CS8019: Unnecessary using directive.
C:\gh\azure-sdk-for-net\eng\mgmt\DisableTestRunParallel.cs(5,1): hidden CS8019: Unnecessary using directive.
C:\gh\azure-sdk-for-net\eng\mgmt\DisableTestRunParallel.cs(4,1): hidden CS8019: Unnecessary using directive.
C:\gh\azure-sdk-for-net\artifacts\obj\Microsoft.Azure.Management.PostgreSQL.Tests\Debug\netcoreapp2.0\Microsoft.Azure.Management.PostgreSQL.Tests.AssemblyInfo.cs(12,1): hidden CS8019: Unnecessary using directive.
C:\gh\azure-sdk-for-net\sdk\postgresql\Microsoft.Azure.Management.PostgreSQL\tests\Helpers\RecordedDelegatingHandler.cs(4,1): hidden CS8019: Unnecessary using directive.
C:\gh\azure-sdk-for-net\sdk\postgresql\Microsoft.Azure.Management.PostgreSQL\tests\Helpers\Utilities.cs(6,1): hidden CS8019: Unnecessary using directive.
C:\gh\azure-sdk-for-net\sdk\postgresql\Microsoft.Azure.Management.PostgreSQL\tests\Helpers\RecordedDelegatingHandler.cs(7,1): hidden CS8019: Unnecessary using directive.
C:\gh\azure-sdk-for-net\sdk\postgresql\Microsoft.Azure.Management.PostgreSQL\tests\ScenarioTests\CRUDServiceTests.cs(10,1): hidden CS8019: Unnecessary using directive.
C:\gh\azure-sdk-for-net\sdk\postgresql\Microsoft.Azure.Management.PostgreSQL\tests\ScenarioTests\CRUDDBForPostgreSQLFlexibleServerTestBase.cs(5,1): hidden CS8019: Unnecessary using directive.
C:\gh\azure-sdk-for-net\sdk\postgresql\Microsoft.Azure.Management.PostgreSQL\tests\Helpers\Utilities.cs(9,1): hidden CS8019: Unnecessary using directive.
C:\gh\azure-sdk-for-net\sdk\postgresql\Microsoft.Azure.Management.PostgreSQL\tests\ScenarioTests\CRUDDBForPostgreSQLFlexibleServerTestBase.cs(6,1): hidden CS8019: Unnecessary using directive.
C:\gh\azure-sdk-for-net\sdk\postgresql\Microsoft.Azure.Management.PostgreSQL\tests\ScenarioTests\CRUDFlexibleServersServiceTests.cs(7,1): hidden CS8019: Unnecessary using directive.
C:\gh\azure-sdk-for-net\sdk\postgresql\Microsoft.Azure.Management.PostgreSQL\tests\Properties\AssemblyInfo.cs(5,1): hidden CS8019: Unnecessary using directive.
C:\gh\azure-sdk-for-net\sdk\postgresql\Microsoft.Azure.Management.PostgreSQL\tests\Properties\AssemblyInfo.cs(4,1): hidden CS8019: Unnecessary using directive.
C:\gh\azure-sdk-for-net\sdk\postgresql\Microsoft.Azure.Management.PostgreSQL\tests\ScenarioTests\CRUDServiceTests.cs(4,1): hidden CS8019: Unnecessary using directive.
C:\gh\azure-sdk-for-net\sdk\postgresql\Microsoft.Azure.Management.PostgreSQL\tests\Helpers\Utilities.cs(10,1): hidden CS8019: Unnecessary using directive.
C:\gh\azure-sdk-for-net\sdk\postgresql\Microsoft.Azure.Management.PostgreSQL\tests\ScenarioTests\CRUDServiceTests.cs(11,1): hidden CS8019: Unnecessary using directive.
C:\gh\azure-sdk-for-net\sdk\postgresql\Microsoft.Azure.Management.PostgreSQL\tests\Helpers\RecordedDelegatingHandler.cs(5,1): hidden CS8019: Unnecessary using directive.
C:\gh\azure-sdk-for-net\sdk\postgresql\Microsoft.Azure.Management.PostgreSQL\tests\Helpers\RecordedDelegatingHandler.cs(8,1): hidden CS8019: Unnecessary using directive.
C:\gh\azure-sdk-for-net\sdk\postgresql\Microsoft.Azure.Management.PostgreSQL\tests\Helpers\Utilities.cs(11,1): hidden CS8019: Unnecessary using directive.
C:\gh\azure-sdk-for-net\sdk\postgresql\Microsoft.Azure.Management.PostgreSQL\tests\ScenarioTests\CRUDFlexibleServersServiceTests.cs(9,1): hidden CS8019: Unnecessary using directive.
C:\gh\azure-sdk-for-net\sdk\postgresql\Microsoft.Azure.Management.PostgreSQL\tests\Helpers\Utilities.cs(12,1): hidden CS8019: Unnecessary using directive.
C:\gh\azure-sdk-for-net\sdk\postgresql\Microsoft.Azure.Management.PostgreSQL\tests\ScenarioTests\CRUDServiceTests.cs(9,1): hidden CS8019: Unnecessary using directive.
C:\gh\azure-sdk-for-net\sdk\postgresql\Microsoft.Azure.Management.PostgreSQL\tests\ScenarioTests\CRUDDBForPostgreSQLFlexibleServerTestBase.cs(4,1): hidden CS8019: Unnecessary using directive.
C:\gh\azure-sdk-for-net\sdk\postgresql\Microsoft.Azure.Management.PostgreSQL\tests\Helpers\Utilities.cs(4,1): hidden CS8019: Unnecessary using directive.
C:\gh\azure-sdk-for-net\sdk\postgresql\Microsoft.Azure.Management.PostgreSQL\tests\Properties\AssemblyInfo.cs(6,1): hidden CS8019: Unnecessary using directive.
C:\gh\azure-sdk-for-net\sdk\postgresql\Microsoft.Azure.Management.PostgreSQL\tests\ScenarioTests\CRUDDBForPostgreSQLTestsBase.cs(8,1): hidden CS8019: Unnecessary using directive.
C:\gh\azure-sdk-for-net\sdk\postgresql\Microsoft.Azure.Management.PostgreSQL\tests\Helpers\Utilities.cs(8,1): hidden CS8019: Unnecessary using directive.
C:\gh\azure-sdk-for-net\sdk\postgresql\Microsoft.Azure.Management.PostgreSQL\tests\ScenarioTests\CRUDDBForPostgreSQLTestsBase.cs(9,1): hidden CS8019: Unnecessary using directive.
C:\gh\azure-sdk-for-net\artifacts\obj\Microsoft.Azure.Management.PostgreSQL.Tests\Debug\netcoreapp2.0\Microsoft.Azure.Management.PostgreSQL.Tests.AssemblyInfo.cs(11,1): hidden CS8019: Unnecessary using directive.
C:\gh\azure-sdk-for-net\sdk\postgresql\Microsoft.Azure.Management.PostgreSQL\tests\ScenarioTests\CRUDServiceTests.cs(5,1): hidden CS8019: Unnecessary using directive.
C:\gh\azure-sdk-for-net\sdk\postgresql\Microsoft.Azure.Management.PostgreSQL\tests\ScenarioTests\CRUDDBForPostgreSQLTestsBase.cs(7,1): hidden CS8019: Unnecessary using directive.
C:\gh\azure-sdk-for-net\artifacts\obj\Microsoft.Azure.Management.PostgreSQL.Tests\Debug\netcoreapp2.0\.NETCoreApp,Version=v2.0.AssemblyAttributes.cs(2,1): hidden CS8019: Unnecessary using directive.
C:\gh\azure-sdk-for-net\sdk\postgresql\Microsoft.Azure.Management.PostgreSQL\tests\ScenarioTests\CRUDFlexibleServersServiceTests.cs(4,1): hidden CS8019: Unnecessary using directive.
C:\gh\azure-sdk-for-net\sdk\postgresql\Microsoft.Azure.Management.PostgreSQL\tests\ScenarioTests\CRUDServiceTests.cs(8,1): hidden CS8019: Unnecessary using directive.
C:\gh\azure-sdk-for-net\sdk\postgresql\Microsoft.Azure.Management.PostgreSQL\tests\ScenarioTests\CRUDFlexibleServersServiceTests.cs(10,1): hidden CS8019: Unnecessary using directive.
C:\gh\azure-sdk-for-net\sdk\postgresql\Microsoft.Azure.Management.PostgreSQL\tests\Properties\AssemblyInfo.cs(7,1): hidden CS8019: Unnecessary using directive.
C:\gh\azure-sdk-for-net\artifacts\obj\Microsoft.Azure.Management.PostgreSQL.Tests\Debug\netcoreapp2.0\.NETCoreApp,Version=v2.0.AssemblyAttributes.cs(3,1): hidden CS8019: Unnecessary using directive.
