C:\gh\azure-sdk-for-net\common\ManagementTestShared\ResourceGroupCleanupPolicy.cs(12,47): error CS0246: The type or namespace name 'HttpPipelineSynchronousPolicy' could not be found (are you missing a using directive or an assembly reference?)
C:\gh\azure-sdk-for-net\common\ManagementTestShared\ResourceGroupCleanupPolicy.cs(22,47): error CS0246: The type or namespace name 'HttpMessage' could not be found (are you missing a using directive or an assembly reference?)
C:\gh\azure-sdk-for-net\sdk\communication\Azure.ResourceManager.Communication\tests\Infrastructure\CommunicationManagementClientLiveTestBase.cs(13,6): error CS0012: The type 'CategoryAttribute' is defined in an assembly that is not referenced. You must add a reference to assembly 'nunit.framework, Version=3.12.0.0, Culture=neutral, PublicKeyToken=2638cd05610744eb'.
C:\gh\azure-sdk-for-net\sdk\communication\Azure.ResourceManager.Communication\tests\ScenarioTests\NotificationHubTests.cs(35,10): error CS0246: The type or namespace name 'TestAttribute' could not be found (are you missing a using directive or an assembly reference?)
C:\gh\azure-sdk-for-net\sdk\communication\Azure.ResourceManager.Communication\tests\ScenarioTests\NotificationHubTests.cs(35,10): error CS0246: The type or namespace name 'Test' could not be found (are you missing a using directive or an assembly reference?)
C:\gh\azure-sdk-for-net\sdk\communication\Azure.ResourceManager.Communication\tests\ScenarioTests\CrudTests.cs(105,10): error CS0246: The type or namespace name 'TestAttribute' could not be found (are you missing a using directive or an assembly reference?)
C:\gh\azure-sdk-for-net\sdk\communication\Azure.ResourceManager.Communication\tests\ScenarioTests\CrudTests.cs(105,10): error CS0246: The type or namespace name 'Test' could not be found (are you missing a using directive or an assembly reference?)
C:\gh\azure-sdk-for-net\common\ManagementTestShared\ManagementRecordedTestBase.cs(40,19): error CS0246: The type or namespace name 'ResourcesManagementClient' could not be found (are you missing a using directive or an assembly reference?)
C:\gh\azure-sdk-for-net\common\ManagementTestShared\ManagementRecordedTestBase.cs(67,66): error CS0246: The type or namespace name 'ProvidersOperations' could not be found (are you missing a using directive or an assembly reference?)
C:\gh\azure-sdk-for-net\common\ManagementTestShared\ManagementRecordedTestBase.cs(28,68): error CS0246: The type or namespace name 'Operation<>' could not be found (are you missing a using directive or an assembly reference?)
C:\gh\azure-sdk-for-net\common\ManagementTestShared\ManagementRecordedTestBase.cs(28,19): error CS0246: The type or namespace name 'ValueTask<>' could not be found (are you missing a using directive or an assembly reference?)
C:\gh\azure-sdk-for-net\common\ManagementTestShared\ManagementRecordedTestBase.cs(28,29): error CS0246: The type or namespace name 'Response<>' could not be found (are you missing a using directive or an assembly reference?)
C:\gh\azure-sdk-for-net\sdk\communication\Azure.ResourceManager.Communication\tests\ScenarioTests\ListResourcesTests.cs(71,10): error CS0246: The type or namespace name 'TestAttribute' could not be found (are you missing a using directive or an assembly reference?)
C:\gh\azure-sdk-for-net\sdk\communication\Azure.ResourceManager.Communication\tests\ScenarioTests\ListResourcesTests.cs(71,10): error CS0246: The type or namespace name 'Test' could not be found (are you missing a using directive or an assembly reference?)
C:\gh\azure-sdk-for-net\sdk\communication\Azure.ResourceManager.Communication\tests\ScenarioTests\CrudTests.cs(35,10): error CS0246: The type or namespace name 'TestAttribute' could not be found (are you missing a using directive or an assembly reference?)
C:\gh\azure-sdk-for-net\sdk\communication\Azure.ResourceManager.Communication\tests\ScenarioTests\CrudTests.cs(35,10): error CS0246: The type or namespace name 'Test' could not be found (are you missing a using directive or an assembly reference?)
C:\gh\azure-sdk-for-net\sdk\communication\Azure.ResourceManager.Communication\tests\ScenarioTests\ListResourcesTests.cs(35,10): error CS0246: The type or namespace name 'TestAttribute' could not be found (are you missing a using directive or an assembly reference?)
C:\gh\azure-sdk-for-net\sdk\communication\Azure.ResourceManager.Communication\tests\ScenarioTests\ListResourcesTests.cs(35,10): error CS0246: The type or namespace name 'Test' could not be found (are you missing a using directive or an assembly reference?)
C:\gh\azure-sdk-for-net\sdk\communication\Azure.ResourceManager.Communication\tests\ScenarioTests\NotificationHubTests.cs(29,10): error CS0246: The type or namespace name 'TearDownAttribute' could not be found (are you missing a using directive or an assembly reference?)
C:\gh\azure-sdk-for-net\sdk\communication\Azure.ResourceManager.Communication\tests\ScenarioTests\NotificationHubTests.cs(29,10): error CS0246: The type or namespace name 'TearDown' could not be found (are you missing a using directive or an assembly reference?)
C:\gh\azure-sdk-for-net\sdk\communication\Azure.ResourceManager.Communication\tests\ScenarioTests\ListResourcesTests.cs(29,10): error CS0246: The type or namespace name 'TearDownAttribute' could not be found (are you missing a using directive or an assembly reference?)
C:\gh\azure-sdk-for-net\sdk\communication\Azure.ResourceManager.Communication\tests\ScenarioTests\ListResourcesTests.cs(29,10): error CS0246: The type or namespace name 'TearDown' could not be found (are you missing a using directive or an assembly reference?)
C:\gh\azure-sdk-for-net\sdk\communication\Azure.ResourceManager.Communication\tests\ScenarioTests\CrudTests.cs(29,10): error CS0246: The type or namespace name 'TearDownAttribute' could not be found (are you missing a using directive or an assembly reference?)
C:\gh\azure-sdk-for-net\sdk\communication\Azure.ResourceManager.Communication\tests\ScenarioTests\CrudTests.cs(29,10): error CS0246: The type or namespace name 'TearDown' could not be found (are you missing a using directive or an assembly reference?)
C:\gh\azure-sdk-for-net\sdk\communication\Azure.ResourceManager.Communication\tests\Properties\AssemblyInfo.cs(4,23): error CS0246: The type or namespace name 'Attribute' could not be found (are you missing a using directive or an assembly reference?)
C:\gh\azure-sdk-for-net\sdk\communication\Azure.ResourceManager.Communication\tests\Properties\AssemblyInfo.cs(4,12): error CS0518: Predefined type 'System.Void' is not defined or imported
C:\gh\azure-sdk-for-net\sdk\communication\Azure.ResourceManager.Communication\tests\Infrastructure\CommunicationManagementClientLiveTestBase.cs(8,29): error CS0234: The type or namespace name 'Resources' does not exist in the namespace 'Azure.ResourceManager' (are you missing an assembly reference?)
C:\gh\azure-sdk-for-net\sdk\communication\Azure.ResourceManager.Communication\tests\Infrastructure\CommunicationManagementRecordedTestSanitizer.cs(5,7): error CS0246: The type or namespace name 'Castle' could not be found (are you missing a using directive or an assembly reference?)
C:\gh\azure-sdk-for-net\sdk\communication\Azure.ResourceManager.Communication\tests\ScenarioTests\CrudTests.cs(7,7): error CS0246: The type or namespace name 'NUnit' could not be found (are you missing a using directive or an assembly reference?)
C:\gh\azure-sdk-for-net\sdk\communication\Azure.ResourceManager.Communication\tests\ScenarioTests\CrudTests.cs(8,29): error CS0234: The type or namespace name 'Resources' does not exist in the namespace 'Azure.ResourceManager' (are you missing an assembly reference?)
C:\gh\azure-sdk-for-net\sdk\communication\Azure.ResourceManager.Communication\tests\ScenarioTests\ListResourcesTests.cs(7,7): error CS0246: The type or namespace name 'NUnit' could not be found (are you missing a using directive or an assembly reference?)
C:\gh\azure-sdk-for-net\sdk\communication\Azure.ResourceManager.Communication\tests\ScenarioTests\ListResourcesTests.cs(8,29): error CS0234: The type or namespace name 'Resources' does not exist in the namespace 'Azure.ResourceManager' (are you missing an assembly reference?)
C:\gh\azure-sdk-for-net\sdk\communication\Azure.ResourceManager.Communication\tests\ScenarioTests\NotificationHubTests.cs(7,7): error CS0246: The type or namespace name 'NUnit' could not be found (are you missing a using directive or an assembly reference?)
C:\gh\azure-sdk-for-net\sdk\communication\Azure.ResourceManager.Communication\tests\ScenarioTests\NotificationHubTests.cs(8,29): error CS0234: The type or namespace name 'Resources' does not exist in the namespace 'Azure.ResourceManager' (are you missing an assembly reference?)
C:\gh\azure-sdk-for-net\common\ManagementTestShared\ManagementRecordedTestBase.cs(6,29): error CS0234: The type or namespace name 'Resources' does not exist in the namespace 'Azure.ResourceManager' (are you missing an assembly reference?)
C:\gh\azure-sdk-for-net\sdk\communication\Azure.ResourceManager.Communication\tests\ScenarioTests\CrudTests.cs(23,10): error CS0246: The type or namespace name 'SetUpAttribute' could not be found (are you missing a using directive or an assembly reference?)
C:\gh\azure-sdk-for-net\sdk\communication\Azure.ResourceManager.Communication\tests\ScenarioTests\CrudTests.cs(23,10): error CS0246: The type or namespace name 'SetUp' could not be found (are you missing a using directive or an assembly reference?)
C:\gh\azure-sdk-for-net\sdk\communication\Azure.ResourceManager.Communication\tests\ScenarioTests\ListResourcesTests.cs(23,10): error CS0246: The type or namespace name 'SetUpAttribute' could not be found (are you missing a using directive or an assembly reference?)
C:\gh\azure-sdk-for-net\sdk\communication\Azure.ResourceManager.Communication\tests\ScenarioTests\ListResourcesTests.cs(23,10): error CS0246: The type or namespace name 'SetUp' could not be found (are you missing a using directive or an assembly reference?)
C:\gh\azure-sdk-for-net\sdk\communication\Azure.ResourceManager.Communication\tests\ScenarioTests\NotificationHubTests.cs(23,10): error CS0246: The type or namespace name 'SetUpAttribute' could not be found (are you missing a using directive or an assembly reference?)
C:\gh\azure-sdk-for-net\sdk\communication\Azure.ResourceManager.Communication\tests\ScenarioTests\NotificationHubTests.cs(23,10): error CS0246: The type or namespace name 'SetUp' could not be found (are you missing a using directive or an assembly reference?)
C:\gh\azure-sdk-for-net\sdk\communication\Azure.ResourceManager.Communication\tests\Infrastructure\CommunicationManagementClientLiveTestBase.cs(24,16): error CS0246: The type or namespace name 'ResourcesManagementClient' could not be found (are you missing a using directive or an assembly reference?)
C:\gh\azure-sdk-for-net\sdk\communication\Azure.ResourceManager.Communication\tests\Infrastructure\CommunicationManagementRecordedTestSanitizer.cs(26,84): error CS7036: There is no argument given that corresponds to the required formal parameter 'value' of 'string.IsNullOrEmpty(string)'
C:\gh\azure-sdk-for-net\common\ManagementTestShared\ResourceGroupCleanupPolicy.cs(24,43): error CS0103: The name 'RequestMethod' does not exist in the current context
C:\gh\azure-sdk-for-net\sdk\communication\Azure.ResourceManager.Communication\tests\Infrastructure\CommunicationManagementClientLiveTestBase.cs(51,33): error CS0012: The type 'TokenCredential' is defined in an assembly that is not referenced. You must add a reference to assembly 'Azure.Core, Version=1.4.1.0, Culture=neutral, PublicKeyToken=92742159e12e44c8'.
C:\gh\azure-sdk-for-net\sdk\communication\Azure.ResourceManager.Communication\tests\Infrastructure\CommunicationManagementClientLiveTestBase.cs(52,45): error CS0518: Predefined type 'System.Void' is not defined or imported
C:\gh\azure-sdk-for-net\sdk\communication\Azure.ResourceManager.Communication\tests\Infrastructure\CommunicationManagementClientLiveTestBase.cs(49,41): error CS0518: Predefined type 'System.Void' is not defined or imported
C:\gh\azure-sdk-for-net\common\ManagementTestShared\ManagementRecordedTestBase.cs(42,55): error CS0246: The type or namespace name 'ResourcesManagementClientOptions' could not be found (are you missing a using directive or an assembly reference?)
C:\gh\azure-sdk-for-net\common\ManagementTestShared\ManagementRecordedTestBase.cs(44,21): error CS0012: The type 'ClientOptions' is defined in an assembly that is not referenced. You must add a reference to assembly 'Azure.Core, Version=1.4.1.0, Culture=neutral, PublicKeyToken=92742159e12e44c8'.
C:\gh\azure-sdk-for-net\common\ManagementTestShared\ManagementRecordedTestBase.cs(44,46): error CS0103: The name 'HttpPipelinePosition' does not exist in the current context
C:\gh\azure-sdk-for-net\common\ManagementTestShared\ManagementRecordedTestBase.cs(44,21): error CS1061: 'T' does not contain a definition for 'AddPolicy' and no accessible extension method 'AddPolicy' accepting a first argument of type 'T' could be found (are you missing a using directive or an assembly reference?)
C:\gh\azure-sdk-for-net\common\ManagementTestShared\ManagementRecordedTestBase.cs(46,33): error CS0246: The type or namespace name 'ResourcesManagementClient' could not be found (are you missing a using directive or an assembly reference?)
C:\gh\azure-sdk-for-net\common\ManagementTestShared\ManagementRecordedTestBase.cs(48,33): error CS0012: The type 'TokenCredential' is defined in an assembly that is not referenced. You must add a reference to assembly 'Azure.Core, Version=1.4.1.0, Culture=neutral, PublicKeyToken=92742159e12e44c8'.
C:\gh\azure-sdk-for-net\sdk\communication\Azure.ResourceManager.Communication\tests\ScenarioTests\ListResourcesTests.cs(39,13): error CS0246: The type or namespace name 'ResourceGroup' could not be found (are you missing a using directive or an assembly reference?)
C:\gh\azure-sdk-for-net\sdk\communication\Azure.ResourceManager.Communication\tests\ScenarioTests\ListResourcesTests.cs(39,64): error CS1061: 'ResourcesManagementClient' does not contain a definition for 'ResourceGroups' and no accessible extension method 'ResourceGroups' accepting a first argument of type 'ResourcesManagementClient' could be found (are you missing a using directive or an assembly reference?)
C:\gh\azure-sdk-for-net\sdk\communication\Azure.ResourceManager.Communication\tests\ScenarioTests\ListResourcesTests.cs(41,21): error CS0246: The type or namespace name 'ResourceGroup' could not be found (are you missing a using directive or an assembly reference?)
C:\gh\azure-sdk-for-net\sdk\communication\Azure.ResourceManager.Communication\tests\ScenarioTests\ListResourcesTests.cs(46,36): error CS0518: Predefined type 'System.Void' is not defined or imported
C:\gh\azure-sdk-for-net\sdk\communication\Azure.ResourceManager.Communication\tests\ScenarioTests\ListResourcesTests.cs(46,67): error CS0518: Predefined type 'System.String' is not defined or imported
C:\gh\azure-sdk-for-net\sdk\communication\Azure.ResourceManager.Communication\tests\ScenarioTests\ListResourcesTests.cs(46,96): error CS0518: Predefined type 'System.String' is not defined or imported
C:\gh\azure-sdk-for-net\sdk\communication\Azure.ResourceManager.Communication\tests\ScenarioTests\ListResourcesTests.cs(48,72): error CS0246: The type or namespace name 'Task<>' could not be found (are you missing a using directive or an assembly reference?)
C:\gh\azure-sdk-for-net\sdk\communication\Azure.ResourceManager.Communication\tests\ScenarioTests\ListResourcesTests.cs(52,26): error CS0308: The non-generic type 'Operation' cannot be used with type arguments
C:\gh\azure-sdk-for-net\sdk\communication\Azure.ResourceManager.Communication\tests\ScenarioTests\ListResourcesTests.cs(52,19): error CS0246: The type or namespace name 'ValueTask<>' could not be found (are you missing a using directive or an assembly reference?)
C:\gh\azure-sdk-for-net\sdk\communication\Azure.ResourceManager.Communication\tests\ScenarioTests\ListResourcesTests.cs(54,13): error CS0103: The name 'Assert' does not exist in the current context
C:\gh\azure-sdk-for-net\sdk\communication\Azure.ResourceManager.Communication\tests\ScenarioTests\ListResourcesTests.cs(54,34): error CS0518: Predefined type 'System.Boolean' is not defined or imported
C:\gh\azure-sdk-for-net\sdk\communication\Azure.ResourceManager.Communication\tests\ScenarioTests\ListResourcesTests.cs(55,13): error CS0103: The name 'Assert' does not exist in the current context
C:\gh\azure-sdk-for-net\sdk\communication\Azure.ResourceManager.Communication\tests\ScenarioTests\ListResourcesTests.cs(55,34): error CS0518: Predefined type 'System.Boolean' is not defined or imported
C:\gh\azure-sdk-for-net\sdk\communication\Azure.ResourceManager.Communication\tests\ScenarioTests\ListResourcesTests.cs(58,29): error CS0246: The type or namespace name 'AsyncPageable<>' could not be found (are you missing a using directive or an assembly reference?)
C:\gh\azure-sdk-for-net\sdk\communication\Azure.ResourceManager.Communication\tests\ScenarioTests\ListResourcesTests.cs(68,13): error CS0103: The name 'Assert' does not exist in the current context
C:\gh\azure-sdk-for-net\common\ManagementTestShared\ManagementRecordedTestBase.cs(56,48): error CS0246: The type or namespace name 'ResourcesManagementClient' could not be found (are you missing a using directive or an assembly reference?)
C:\gh\azure-sdk-for-net\common\ManagementTestShared\ManagementRecordedTestBase.cs(58,37): error CS0012: The type 'TokenCredential' is defined in an assembly that is not referenced. You must add a reference to assembly 'Azure.Core, Version=1.4.1.0, Culture=neutral, PublicKeyToken=92742159e12e44c8'.
C:\gh\azure-sdk-for-net\common\ManagementTestShared\ManagementRecordedTestBase.cs(59,25): error CS0246: The type or namespace name 'ResourcesManagementClientOptions' could not be found (are you missing a using directive or an assembly reference?)
C:\gh\azure-sdk-for-net\sdk\communication\Azure.ResourceManager.Communication\tests\ScenarioTests\ListResourcesTests.cs(75,13): error CS0246: The type or namespace name 'ResourceGroup' could not be found (are you missing a using directive or an assembly reference?)
C:\gh\azure-sdk-for-net\sdk\communication\Azure.ResourceManager.Communication\tests\ScenarioTests\ListResourcesTests.cs(75,64): error CS1061: 'ResourcesManagementClient' does not contain a definition for 'ResourceGroups' and no accessible extension method 'ResourceGroups' accepting a first argument of type 'ResourcesManagementClient' could be found (are you missing a using directive or an assembly reference?)
C:\gh\azure-sdk-for-net\sdk\communication\Azure.ResourceManager.Communication\tests\ScenarioTests\ListResourcesTests.cs(77,21): error CS0246: The type or namespace name 'ResourceGroup' could not be found (are you missing a using directive or an assembly reference?)
C:\gh\azure-sdk-for-net\sdk\communication\Azure.ResourceManager.Communication\tests\ScenarioTests\ListResourcesTests.cs(82,36): error CS0518: Predefined type 'System.Void' is not defined or imported
C:\gh\azure-sdk-for-net\sdk\communication\Azure.ResourceManager.Communication\tests\ScenarioTests\ListResourcesTests.cs(82,67): error CS0518: Predefined type 'System.String' is not defined or imported
C:\gh\azure-sdk-for-net\sdk\communication\Azure.ResourceManager.Communication\tests\ScenarioTests\ListResourcesTests.cs(82,96): error CS0518: Predefined type 'System.String' is not defined or imported
C:\gh\azure-sdk-for-net\sdk\communication\Azure.ResourceManager.Communication\tests\ScenarioTests\ListResourcesTests.cs(84,72): error CS0246: The type or namespace name 'Task<>' could not be found (are you missing a using directive or an assembly reference?)
C:\gh\azure-sdk-for-net\sdk\communication\Azure.ResourceManager.Communication\tests\ScenarioTests\ListResourcesTests.cs(88,26): error CS0308: The non-generic type 'Operation' cannot be used with type arguments
C:\gh\azure-sdk-for-net\sdk\communication\Azure.ResourceManager.Communication\tests\ScenarioTests\ListResourcesTests.cs(88,19): error CS0246: The type or namespace name 'ValueTask<>' could not be found (are you missing a using directive or an assembly reference?)
C:\gh\azure-sdk-for-net\sdk\communication\Azure.ResourceManager.Communication\tests\ScenarioTests\ListResourcesTests.cs(90,13): error CS0103: The name 'Assert' does not exist in the current context
C:\gh\azure-sdk-for-net\sdk\communication\Azure.ResourceManager.Communication\tests\ScenarioTests\ListResourcesTests.cs(90,34): error CS0518: Predefined type 'System.Boolean' is not defined or imported
C:\gh\azure-sdk-for-net\sdk\communication\Azure.ResourceManager.Communication\tests\ScenarioTests\ListResourcesTests.cs(91,13): error CS0103: The name 'Assert' does not exist in the current context
C:\gh\azure-sdk-for-net\sdk\communication\Azure.ResourceManager.Communication\tests\ScenarioTests\ListResourcesTests.cs(91,34): error CS0518: Predefined type 'System.Boolean' is not defined or imported
C:\gh\azure-sdk-for-net\sdk\communication\Azure.ResourceManager.Communication\tests\ScenarioTests\ListResourcesTests.cs(94,29): error CS0246: The type or namespace name 'AsyncPageable<>' could not be found (are you missing a using directive or an assembly reference?)
C:\gh\azure-sdk-for-net\sdk\communication\Azure.ResourceManager.Communication\tests\ScenarioTests\ListResourcesTests.cs(104,13): error CS0103: The name 'Assert' does not exist in the current context
C:\gh\azure-sdk-for-net\sdk\communication\Azure.ResourceManager.Communication\tests\ScenarioTests\NotificationHubTests.cs(39,13): error CS0246: The type or namespace name 'ResourceGroup' could not be found (are you missing a using directive or an assembly reference?)
C:\gh\azure-sdk-for-net\sdk\communication\Azure.ResourceManager.Communication\tests\ScenarioTests\NotificationHubTests.cs(39,64): error CS1061: 'ResourcesManagementClient' does not contain a definition for 'ResourceGroups' and no accessible extension method 'ResourceGroups' accepting a first argument of type 'ResourcesManagementClient' could be found (are you missing a using directive or an assembly reference?)
C:\gh\azure-sdk-for-net\sdk\communication\Azure.ResourceManager.Communication\tests\ScenarioTests\NotificationHubTests.cs(41,21): error CS0246: The type or namespace name 'ResourceGroup' could not be found (are you missing a using directive or an assembly reference?)
C:\gh\azure-sdk-for-net\sdk\communication\Azure.ResourceManager.Communication\tests\ScenarioTests\NotificationHubTests.cs(50,21): error CS0518: Predefined type 'System.Void' is not defined or imported
C:\gh\azure-sdk-for-net\sdk\communication\Azure.ResourceManager.Communication\tests\ScenarioTests\NotificationHubTests.cs(50,52): error CS0518: Predefined type 'System.String' is not defined or imported
C:\gh\azure-sdk-for-net\sdk\communication\Azure.ResourceManager.Communication\tests\ScenarioTests\NotificationHubTests.cs(50,81): error CS0518: Predefined type 'System.String' is not defined or imported
C:\gh\azure-sdk-for-net\sdk\communication\Azure.ResourceManager.Communication\tests\ScenarioTests\NotificationHubTests.cs(47,72): error CS0246: The type or namespace name 'Task<>' could not be found (are you missing a using directive or an assembly reference?)
C:\gh\azure-sdk-for-net\sdk\communication\Azure.ResourceManager.Communication\tests\ScenarioTests\NotificationHubTests.cs(51,26): error CS0308: The non-generic type 'Operation' cannot be used with type arguments
C:\gh\azure-sdk-for-net\sdk\communication\Azure.ResourceManager.Communication\tests\ScenarioTests\NotificationHubTests.cs(51,19): error CS0246: The type or namespace name 'ValueTask<>' could not be found (are you missing a using directive or an assembly reference?)
C:\gh\azure-sdk-for-net\sdk\communication\Azure.ResourceManager.Communication\tests\ScenarioTests\NotificationHubTests.cs(54,13): error CS0103: The name 'Assert' does not exist in the current context
C:\gh\azure-sdk-for-net\sdk\communication\Azure.ResourceManager.Communication\tests\ScenarioTests\NotificationHubTests.cs(54,34): error CS0518: Predefined type 'System.Boolean' is not defined or imported
C:\gh\azure-sdk-for-net\sdk\communication\Azure.ResourceManager.Communication\tests\ScenarioTests\NotificationHubTests.cs(55,13): error CS0103: The name 'Assert' does not exist in the current context
C:\gh\azure-sdk-for-net\sdk\communication\Azure.ResourceManager.Communication\tests\ScenarioTests\NotificationHubTests.cs(55,34): error CS0518: Predefined type 'System.Boolean' is not defined or imported
C:\gh\azure-sdk-for-net\sdk\communication\Azure.ResourceManager.Communication\tests\ScenarioTests\NotificationHubTests.cs(59,43): error CS0246: The type or namespace name 'Task<>' could not be found (are you missing a using directive or an assembly reference?)
C:\gh\azure-sdk-for-net\sdk\communication\Azure.ResourceManager.Communication\tests\ScenarioTests\NotificationHubTests.cs(61,13): error CS0103: The name 'Assert' does not exist in the current context
C:\gh\azure-sdk-for-net\sdk\communication\Azure.ResourceManager.Communication\tests\ScenarioTests\NotificationHubTests.cs(64,13): error CS0103: The name 'Assert' does not exist in the current context
C:\gh\azure-sdk-for-net\sdk\communication\Azure.ResourceManager.Communication\tests\ScenarioTests\NotificationHubTests.cs(72,21): error CS0518: Predefined type 'System.Void' is not defined or imported
C:\gh\azure-sdk-for-net\sdk\communication\Azure.ResourceManager.Communication\tests\ScenarioTests\NotificationHubTests.cs(69,53): error CS0246: The type or namespace name 'Task<>' could not be found (are you missing a using directive or an assembly reference?)
C:\gh\azure-sdk-for-net\sdk\communication\Azure.ResourceManager.Communication\tests\ScenarioTests\NotificationHubTests.cs(73,13): error CS0103: The name 'Assert' does not exist in the current context
C:\gh\azure-sdk-for-net\sdk\communication\Azure.ResourceManager.Communication\tests\ScenarioTests\NotificationHubTests.cs(76,70): error CS0246: The type or namespace name 'Task<>' could not be found (are you missing a using directive or an assembly reference?)
C:\gh\azure-sdk-for-net\sdk\communication\Azure.ResourceManager.Communication\tests\ScenarioTests\NotificationHubTests.cs(77,32): error CS0246: The type or namespace name 'Operation<>' could not be found (are you missing a using directive or an assembly reference?)
C:\gh\azure-sdk-for-net\sdk\communication\Azure.ResourceManager.Communication\tests\ScenarioTests\NotificationHubTests.cs(77,19): error CS0246: The type or namespace name 'ValueTask<>' could not be found (are you missing a using directive or an assembly reference?)
C:\gh\azure-sdk-for-net\sdk\communication\Azure.ResourceManager.Communication\tests\ScenarioTests\NotificationHubTests.cs(80,13): error CS0103: The name 'Assert' does not exist in the current context
C:\gh\azure-sdk-for-net\sdk\communication\Azure.ResourceManager.Communication\tests\ScenarioTests\NotificationHubTests.cs(80,40): error CS0518: Predefined type 'System.Boolean' is not defined or imported
C:\gh\azure-sdk-for-net\sdk\communication\Azure.ResourceManager.Communication\tests\ScenarioTests\NotificationHubTests.cs(81,13): error CS0103: The name 'Assert' does not exist in the current context
C:\gh\azure-sdk-for-net\sdk\communication\Azure.ResourceManager.Communication\tests\ScenarioTests\NotificationHubTests.cs(81,40): error CS0518: Predefined type 'System.Boolean' is not defined or imported
C:\gh\azure-sdk-for-net\sdk\communication\Azure.ResourceManager.Communication\tests\ScenarioTests\CrudTests.cs(39,13): error CS0246: The type or namespace name 'ResourceGroup' could not be found (are you missing a using directive or an assembly reference?)
C:\gh\azure-sdk-for-net\sdk\communication\Azure.ResourceManager.Communication\tests\ScenarioTests\CrudTests.cs(39,64): error CS1061: 'ResourcesManagementClient' does not contain a definition for 'ResourceGroups' and no accessible extension method 'ResourceGroups' accepting a first argument of type 'ResourcesManagementClient' could be found (are you missing a using directive or an assembly reference?)
C:\gh\azure-sdk-for-net\sdk\communication\Azure.ResourceManager.Communication\tests\ScenarioTests\CrudTests.cs(41,21): error CS0246: The type or namespace name 'ResourceGroup' could not be found (are you missing a using directive or an assembly reference?)
C:\gh\azure-sdk-for-net\sdk\communication\Azure.ResourceManager.Communication\tests\ScenarioTests\CrudTests.cs(50,21): error CS0518: Predefined type 'System.Void' is not defined or imported
C:\gh\azure-sdk-for-net\sdk\communication\Azure.ResourceManager.Communication\tests\ScenarioTests\CrudTests.cs(50,52): error CS0518: Predefined type 'System.String' is not defined or imported
C:\gh\azure-sdk-for-net\sdk\communication\Azure.ResourceManager.Communication\tests\ScenarioTests\CrudTests.cs(50,81): error CS0518: Predefined type 'System.String' is not defined or imported
C:\gh\azure-sdk-for-net\sdk\communication\Azure.ResourceManager.Communication\tests\ScenarioTests\CrudTests.cs(47,72): error CS0246: The type or namespace name 'Task<>' could not be found (are you missing a using directive or an assembly reference?)
C:\gh\azure-sdk-for-net\sdk\communication\Azure.ResourceManager.Communication\tests\ScenarioTests\CrudTests.cs(51,26): error CS0308: The non-generic type 'Operation' cannot be used with type arguments
C:\gh\azure-sdk-for-net\sdk\communication\Azure.ResourceManager.Communication\tests\ScenarioTests\CrudTests.cs(51,19): error CS0246: The type or namespace name 'ValueTask<>' could not be found (are you missing a using directive or an assembly reference?)
C:\gh\azure-sdk-for-net\sdk\communication\Azure.ResourceManager.Communication\tests\ScenarioTests\CrudTests.cs(54,13): error CS0103: The name 'Assert' does not exist in the current context
C:\gh\azure-sdk-for-net\sdk\communication\Azure.ResourceManager.Communication\tests\ScenarioTests\CrudTests.cs(54,34): error CS0518: Predefined type 'System.Boolean' is not defined or imported
C:\gh\azure-sdk-for-net\sdk\communication\Azure.ResourceManager.Communication\tests\ScenarioTests\CrudTests.cs(55,13): error CS0103: The name 'Assert' does not exist in the current context
C:\gh\azure-sdk-for-net\sdk\communication\Azure.ResourceManager.Communication\tests\ScenarioTests\CrudTests.cs(55,34): error CS0518: Predefined type 'System.Boolean' is not defined or imported
C:\gh\azure-sdk-for-net\sdk\communication\Azure.ResourceManager.Communication\tests\ScenarioTests\CrudTests.cs(60,30): error CS0246: The type or namespace name 'Task<>' could not be found (are you missing a using directive or an assembly reference?)
C:\gh\azure-sdk-for-net\sdk\communication\Azure.ResourceManager.Communication\tests\ScenarioTests\CrudTests.cs(61,13): error CS0103: The name 'Assert' does not exist in the current context
C:\gh\azure-sdk-for-net\sdk\communication\Azure.ResourceManager.Communication\tests\ScenarioTests\CrudTests.cs(62,13): error CS0103: The name 'Assert' does not exist in the current context
C:\gh\azure-sdk-for-net\sdk\communication\Azure.ResourceManager.Communication\tests\ScenarioTests\CrudTests.cs(63,13): error CS0103: The name 'Assert' does not exist in the current context
C:\gh\azure-sdk-for-net\sdk\communication\Azure.ResourceManager.Communication\tests\ScenarioTests\CrudTests.cs(64,13): error CS0103: The name 'Assert' does not exist in the current context
C:\gh\azure-sdk-for-net\sdk\communication\Azure.ResourceManager.Communication\tests\ScenarioTests\CrudTests.cs(66,103): error CS0518: Predefined type 'System.Void' is not defined or imported
C:\gh\azure-sdk-for-net\sdk\communication\Azure.ResourceManager.Communication\tests\ScenarioTests\CrudTests.cs(66,128): error CS0518: Predefined type 'System.Nullable`1' is not defined or imported
C:\gh\azure-sdk-for-net\sdk\communication\Azure.ResourceManager.Communication\tests\ScenarioTests\CrudTests.cs(66,26): error CS0246: The type or namespace name 'Task<>' could not be found (are you missing a using directive or an assembly reference?)
C:\gh\azure-sdk-for-net\sdk\communication\Azure.ResourceManager.Communication\tests\ScenarioTests\CrudTests.cs(67,13): error CS0103: The name 'Assert' does not exist in the current context
C:\gh\azure-sdk-for-net\sdk\communication\Azure.ResourceManager.Communication\tests\ScenarioTests\CrudTests.cs(68,13): error CS0103: The name 'Assert' does not exist in the current context
C:\gh\azure-sdk-for-net\sdk\communication\Azure.ResourceManager.Communication\tests\ScenarioTests\CrudTests.cs(69,13): error CS0103: The name 'Assert' does not exist in the current context
C:\gh\azure-sdk-for-net\sdk\communication\Azure.ResourceManager.Communication\tests\ScenarioTests\CrudTests.cs(70,13): error CS0103: The name 'Assert' does not exist in the current context
C:\gh\azure-sdk-for-net\sdk\communication\Azure.ResourceManager.Communication\tests\ScenarioTests\CrudTests.cs(72,103): error CS0518: Predefined type 'System.Void' is not defined or imported
C:\gh\azure-sdk-for-net\sdk\communication\Azure.ResourceManager.Communication\tests\ScenarioTests\CrudTests.cs(72,129): error CS0518: Predefined type 'System.Nullable`1' is not defined or imported
C:\gh\azure-sdk-for-net\sdk\communication\Azure.ResourceManager.Communication\tests\ScenarioTests\CrudTests.cs(72,26): error CS0246: The type or namespace name 'Task<>' could not be found (are you missing a using directive or an assembly reference?)
C:\gh\azure-sdk-for-net\sdk\communication\Azure.ResourceManager.Communication\tests\ScenarioTests\CrudTests.cs(73,13): error CS0103: The name 'Assert' does not exist in the current context
C:\gh\azure-sdk-for-net\sdk\communication\Azure.ResourceManager.Communication\tests\ScenarioTests\CrudTests.cs(74,13): error CS0103: The name 'Assert' does not exist in the current context
C:\gh\azure-sdk-for-net\sdk\communication\Azure.ResourceManager.Communication\tests\ScenarioTests\CrudTests.cs(75,13): error CS0103: The name 'Assert' does not exist in the current context
C:\gh\azure-sdk-for-net\sdk\communication\Azure.ResourceManager.Communication\tests\ScenarioTests\CrudTests.cs(76,13): error CS0103: The name 'Assert' does not exist in the current context
C:\gh\azure-sdk-for-net\sdk\communication\Azure.ResourceManager.Communication\tests\ScenarioTests\CrudTests.cs(79,43): error CS0246: The type or namespace name 'Task<>' could not be found (are you missing a using directive or an assembly reference?)
C:\gh\azure-sdk-for-net\sdk\communication\Azure.ResourceManager.Communication\tests\ScenarioTests\CrudTests.cs(81,13): error CS0103: The name 'Assert' does not exist in the current context
C:\gh\azure-sdk-for-net\sdk\communication\Azure.ResourceManager.Communication\tests\ScenarioTests\CrudTests.cs(84,13): error CS0103: The name 'Assert' does not exist in the current context
C:\gh\azure-sdk-for-net\sdk\communication\Azure.ResourceManager.Communication\tests\ScenarioTests\CrudTests.cs(92,21): error CS0518: Predefined type 'System.Void' is not defined or imported
C:\gh\azure-sdk-for-net\sdk\communication\Azure.ResourceManager.Communication\tests\ScenarioTests\CrudTests.cs(89,30): error CS0246: The type or namespace name 'Task<>' could not be found (are you missing a using directive or an assembly reference?)
C:\gh\azure-sdk-for-net\sdk\communication\Azure.ResourceManager.Communication\tests\ScenarioTests\CrudTests.cs(94,13): error CS0103: The name 'Assert' does not exist in the current context
C:\gh\azure-sdk-for-net\sdk\communication\Azure.ResourceManager.Communication\tests\ScenarioTests\CrudTests.cs(94,34): error CS0246: The type or namespace name 'IDictionary<,>' could not be found (are you missing a using directive or an assembly reference?)
C:\gh\azure-sdk-for-net\sdk\communication\Azure.ResourceManager.Communication\tests\ScenarioTests\CrudTests.cs(97,70): error CS0246: The type or namespace name 'Task<>' could not be found (are you missing a using directive or an assembly reference?)
C:\gh\azure-sdk-for-net\sdk\communication\Azure.ResourceManager.Communication\tests\ScenarioTests\CrudTests.cs(98,32): error CS0246: The type or namespace name 'Operation<>' could not be found (are you missing a using directive or an assembly reference?)
C:\gh\azure-sdk-for-net\sdk\communication\Azure.ResourceManager.Communication\tests\ScenarioTests\CrudTests.cs(98,19): error CS0246: The type or namespace name 'ValueTask<>' could not be found (are you missing a using directive or an assembly reference?)
C:\gh\azure-sdk-for-net\sdk\communication\Azure.ResourceManager.Communication\tests\ScenarioTests\CrudTests.cs(101,13): error CS0103: The name 'Assert' does not exist in the current context
C:\gh\azure-sdk-for-net\sdk\communication\Azure.ResourceManager.Communication\tests\ScenarioTests\CrudTests.cs(101,40): error CS0518: Predefined type 'System.Boolean' is not defined or imported
C:\gh\azure-sdk-for-net\sdk\communication\Azure.ResourceManager.Communication\tests\ScenarioTests\CrudTests.cs(102,13): error CS0103: The name 'Assert' does not exist in the current context
C:\gh\azure-sdk-for-net\sdk\communication\Azure.ResourceManager.Communication\tests\ScenarioTests\CrudTests.cs(102,40): error CS0518: Predefined type 'System.Boolean' is not defined or imported
C:\gh\azure-sdk-for-net\sdk\communication\Azure.ResourceManager.Communication\tests\ScenarioTests\CrudTests.cs(109,13): error CS0246: The type or namespace name 'ResourceGroup' could not be found (are you missing a using directive or an assembly reference?)
C:\gh\azure-sdk-for-net\sdk\communication\Azure.ResourceManager.Communication\tests\ScenarioTests\CrudTests.cs(109,64): error CS1061: 'ResourcesManagementClient' does not contain a definition for 'ResourceGroups' and no accessible extension method 'ResourceGroups' accepting a first argument of type 'ResourcesManagementClient' could be found (are you missing a using directive or an assembly reference?)
C:\gh\azure-sdk-for-net\sdk\communication\Azure.ResourceManager.Communication\tests\ScenarioTests\CrudTests.cs(111,21): error CS0246: The type or namespace name 'ResourceGroup' could not be found (are you missing a using directive or an assembly reference?)
C:\gh\azure-sdk-for-net\sdk\communication\Azure.ResourceManager.Communication\tests\ScenarioTests\CrudTests.cs(117,64): error CS0518: Predefined type 'System.Void' is not defined or imported
C:\gh\azure-sdk-for-net\sdk\communication\Azure.ResourceManager.Communication\tests\ScenarioTests\CrudTests.cs(117,95): error CS0518: Predefined type 'System.String' is not defined or imported
C:\gh\azure-sdk-for-net\sdk\communication\Azure.ResourceManager.Communication\tests\ScenarioTests\CrudTests.cs(117,124): error CS0518: Predefined type 'System.String' is not defined or imported
C:\gh\azure-sdk-for-net\sdk\communication\Azure.ResourceManager.Communication\tests\ScenarioTests\CrudTests.cs(118,29): error CS0246: The type or namespace name 'IDictionary<,>' could not be found (are you missing a using directive or an assembly reference?)
C:\gh\azure-sdk-for-net\sdk\communication\Azure.ResourceManager.Communication\tests\ScenarioTests\CrudTests.cs(119,29): error CS0246: The type or namespace name 'IDictionary<,>' could not be found (are you missing a using directive or an assembly reference?)
C:\gh\azure-sdk-for-net\sdk\communication\Azure.ResourceManager.Communication\tests\ScenarioTests\CrudTests.cs(120,72): error CS0246: The type or namespace name 'Task<>' could not be found (are you missing a using directive or an assembly reference?)
C:\gh\azure-sdk-for-net\sdk\communication\Azure.ResourceManager.Communication\tests\ScenarioTests\CrudTests.cs(124,26): error CS0308: The non-generic type 'Operation' cannot be used with type arguments
C:\gh\azure-sdk-for-net\sdk\communication\Azure.ResourceManager.Communication\tests\ScenarioTests\CrudTests.cs(124,19): error CS0246: The type or namespace name 'ValueTask<>' could not be found (are you missing a using directive or an assembly reference?)
C:\gh\azure-sdk-for-net\sdk\communication\Azure.ResourceManager.Communication\tests\ScenarioTests\CrudTests.cs(127,13): error CS0103: The name 'Assert' does not exist in the current context
C:\gh\azure-sdk-for-net\sdk\communication\Azure.ResourceManager.Communication\tests\ScenarioTests\CrudTests.cs(127,34): error CS0518: Predefined type 'System.Boolean' is not defined or imported
C:\gh\azure-sdk-for-net\sdk\communication\Azure.ResourceManager.Communication\tests\ScenarioTests\CrudTests.cs(128,13): error CS0103: The name 'Assert' does not exist in the current context
C:\gh\azure-sdk-for-net\sdk\communication\Azure.ResourceManager.Communication\tests\ScenarioTests\CrudTests.cs(128,34): error CS0518: Predefined type 'System.Boolean' is not defined or imported
C:\gh\azure-sdk-for-net\sdk\communication\Azure.ResourceManager.Communication\tests\ScenarioTests\CrudTests.cs(131,13): error CS0103: The name 'Assert' does not exist in the current context
C:\gh\azure-sdk-for-net\sdk\communication\Azure.ResourceManager.Communication\tests\ScenarioTests\CrudTests.cs(131,49): error CS0246: The type or namespace name 'IDictionary<,>' could not be found (are you missing a using directive or an assembly reference?)
C:\gh\azure-sdk-for-net\sdk\communication\Azure.ResourceManager.Communication\tests\ScenarioTests\CrudTests.cs(132,13): error CS0103: The name 'Assert' does not exist in the current context
C:\gh\azure-sdk-for-net\sdk\communication\Azure.ResourceManager.Communication\tests\ScenarioTests\CrudTests.cs(132,49): error CS0246: The type or namespace name 'IDictionary<,>' could not be found (are you missing a using directive or an assembly reference?)
C:\gh\azure-sdk-for-net\sdk\communication\Azure.ResourceManager.Communication\tests\ScenarioTests\CrudTests.cs(133,13): error CS0103: The name 'Assert' does not exist in the current context
C:\gh\azure-sdk-for-net\sdk\communication\Azure.ResourceManager.Communication\tests\ScenarioTests\CrudTests.cs(133,37): error CS0246: The type or namespace name 'IDictionary<,>' could not be found (are you missing a using directive or an assembly reference?)
C:\gh\azure-sdk-for-net\sdk\communication\Azure.ResourceManager.Communication\tests\ScenarioTests\CrudTests.cs(137,30): error CS0246: The type or namespace name 'Task<>' could not be found (are you missing a using directive or an assembly reference?)
C:\gh\azure-sdk-for-net\sdk\communication\Azure.ResourceManager.Communication\tests\ScenarioTests\CrudTests.cs(138,13): error CS0103: The name 'Assert' does not exist in the current context
C:\gh\azure-sdk-for-net\sdk\communication\Azure.ResourceManager.Communication\tests\ScenarioTests\CrudTests.cs(139,13): error CS0103: The name 'Assert' does not exist in the current context
C:\gh\azure-sdk-for-net\sdk\communication\Azure.ResourceManager.Communication\tests\ScenarioTests\CrudTests.cs(140,13): error CS0103: The name 'Assert' does not exist in the current context
C:\gh\azure-sdk-for-net\sdk\communication\Azure.ResourceManager.Communication\tests\ScenarioTests\CrudTests.cs(141,13): error CS0103: The name 'Assert' does not exist in the current context
C:\gh\azure-sdk-for-net\sdk\communication\Azure.ResourceManager.Communication\tests\ScenarioTests\CrudTests.cs(144,43): error CS0246: The type or namespace name 'Task<>' could not be found (are you missing a using directive or an assembly reference?)
C:\gh\azure-sdk-for-net\sdk\communication\Azure.ResourceManager.Communication\tests\ScenarioTests\CrudTests.cs(146,13): error CS0103: The name 'Assert' does not exist in the current context
C:\gh\azure-sdk-for-net\sdk\communication\Azure.ResourceManager.Communication\tests\ScenarioTests\CrudTests.cs(149,13): error CS0103: The name 'Assert' does not exist in the current context
C:\gh\azure-sdk-for-net\sdk\communication\Azure.ResourceManager.Communication\tests\ScenarioTests\CrudTests.cs(152,13): error CS0103: The name 'Assert' does not exist in the current context
C:\gh\azure-sdk-for-net\sdk\communication\Azure.ResourceManager.Communication\tests\ScenarioTests\CrudTests.cs(153,26): error CS0246: The type or namespace name 'IDictionary<,>' could not be found (are you missing a using directive or an assembly reference?)
C:\gh\azure-sdk-for-net\sdk\communication\Azure.ResourceManager.Communication\tests\ScenarioTests\CrudTests.cs(156,22): error CS0246: The type or namespace name 'IDictionary<,>' could not be found (are you missing a using directive or an assembly reference?)
C:\gh\azure-sdk-for-net\sdk\communication\Azure.ResourceManager.Communication\tests\ScenarioTests\CrudTests.cs(157,22): error CS0246: The type or namespace name 'IDictionary<,>' could not be found (are you missing a using directive or an assembly reference?)
C:\gh\azure-sdk-for-net\sdk\communication\Azure.ResourceManager.Communication\tests\ScenarioTests\CrudTests.cs(158,22): error CS0246: The type or namespace name 'IDictionary<,>' could not be found (are you missing a using directive or an assembly reference?)
C:\gh\azure-sdk-for-net\sdk\communication\Azure.ResourceManager.Communication\tests\ScenarioTests\CrudTests.cs(164,45): error CS0246: The type or namespace name 'IDictionary<,>' could not be found (are you missing a using directive or an assembly reference?)
C:\gh\azure-sdk-for-net\sdk\communication\Azure.ResourceManager.Communication\tests\ScenarioTests\CrudTests.cs(164,21): error CS0518: Predefined type 'System.Void' is not defined or imported
C:\gh\azure-sdk-for-net\sdk\communication\Azure.ResourceManager.Communication\tests\ScenarioTests\CrudTests.cs(164,21): error CS1729: 'TaggedResource' does not contain a constructor that takes 1 arguments
C:\gh\azure-sdk-for-net\sdk\communication\Azure.ResourceManager.Communication\tests\ScenarioTests\CrudTests.cs(161,30): error CS0246: The type or namespace name 'Task<>' could not be found (are you missing a using directive or an assembly reference?)
C:\gh\azure-sdk-for-net\sdk\communication\Azure.ResourceManager.Communication\tests\ScenarioTests\CrudTests.cs(166,13): error CS0103: The name 'Assert' does not exist in the current context
C:\gh\azure-sdk-for-net\sdk\communication\Azure.ResourceManager.Communication\tests\ScenarioTests\CrudTests.cs(166,35): error CS0246: The type or namespace name 'IDictionary<,>' could not be found (are you missing a using directive or an assembly reference?)
C:\gh\azure-sdk-for-net\sdk\communication\Azure.ResourceManager.Communication\tests\ScenarioTests\CrudTests.cs(167,13): error CS0103: The name 'Assert' does not exist in the current context
C:\gh\azure-sdk-for-net\sdk\communication\Azure.ResourceManager.Communication\tests\ScenarioTests\CrudTests.cs(167,52): error CS0246: The type or namespace name 'IDictionary<,>' could not be found (are you missing a using directive or an assembly reference?)
C:\gh\azure-sdk-for-net\sdk\communication\Azure.ResourceManager.Communication\tests\ScenarioTests\CrudTests.cs(168,13): error CS0103: The name 'Assert' does not exist in the current context
C:\gh\azure-sdk-for-net\sdk\communication\Azure.ResourceManager.Communication\tests\ScenarioTests\CrudTests.cs(168,49): error CS0246: The type or namespace name 'IDictionary<,>' could not be found (are you missing a using directive or an assembly reference?)
C:\gh\azure-sdk-for-net\sdk\communication\Azure.ResourceManager.Communication\tests\ScenarioTests\CrudTests.cs(171,70): error CS0246: The type or namespace name 'Task<>' could not be found (are you missing a using directive or an assembly reference?)
C:\gh\azure-sdk-for-net\sdk\communication\Azure.ResourceManager.Communication\tests\ScenarioTests\CrudTests.cs(172,32): error CS0246: The type or namespace name 'Operation<>' could not be found (are you missing a using directive or an assembly reference?)
C:\gh\azure-sdk-for-net\sdk\communication\Azure.ResourceManager.Communication\tests\ScenarioTests\CrudTests.cs(172,19): error CS0246: The type or namespace name 'ValueTask<>' could not be found (are you missing a using directive or an assembly reference?)
C:\gh\azure-sdk-for-net\sdk\communication\Azure.ResourceManager.Communication\tests\ScenarioTests\CrudTests.cs(175,13): error CS0103: The name 'Assert' does not exist in the current context
C:\gh\azure-sdk-for-net\sdk\communication\Azure.ResourceManager.Communication\tests\ScenarioTests\CrudTests.cs(175,40): error CS0518: Predefined type 'System.Boolean' is not defined or imported
C:\gh\azure-sdk-for-net\sdk\communication\Azure.ResourceManager.Communication\tests\ScenarioTests\CrudTests.cs(176,13): error CS0103: The name 'Assert' does not exist in the current context
C:\gh\azure-sdk-for-net\sdk\communication\Azure.ResourceManager.Communication\tests\ScenarioTests\CrudTests.cs(176,40): error CS0518: Predefined type 'System.Boolean' is not defined or imported
C:\gh\azure-sdk-for-net\sdk\communication\Azure.ResourceManager.Communication\tests\ScenarioTests\ListResourcesTests.cs(5,1): hidden CS8019: Unnecessary using directive.
C:\gh\azure-sdk-for-net\sdk\communication\Azure.ResourceManager.Communication\tests\ScenarioTests\ListResourcesTests.cs(7,1): hidden CS8019: Unnecessary using directive.
C:\gh\azure-sdk-for-net\sdk\communication\Azure.ResourceManager.Communication\tests\ScenarioTests\CrudTests.cs(7,1): hidden CS8019: Unnecessary using directive.
C:\gh\azure-sdk-for-net\sdk\communication\Azure.ResourceManager.Communication\tests\Infrastructure\CommunicationManagementClientLiveTestBase.cs(4,1): hidden CS8019: Unnecessary using directive.
C:\gh\azure-sdk-for-net\sdk\communication\Azure.ResourceManager.Communication\tests\ScenarioTests\NotificationHubTests.cs(4,1): hidden CS8019: Unnecessary using directive.
C:\gh\azure-sdk-for-net\sdk\communication\Azure.ResourceManager.Communication\tests\ScenarioTests\ListResourcesTests.cs(8,1): hidden CS8019: Unnecessary using directive.
C:\gh\azure-sdk-for-net\artifacts\obj\Azure.ResourceManager.Communication.Tests\Debug\net461\Azure.ResourceManager.Communication.Tests.AssemblyInfo.cs(11,1): hidden CS8019: Unnecessary using directive.
C:\gh\azure-sdk-for-net\sdk\communication\Azure.ResourceManager.Communication\tests\Infrastructure\CommunicationManagementClientLiveTestBase.cs(5,1): hidden CS8019: Unnecessary using directive.
C:\gh\azure-sdk-for-net\sdk\communication\Azure.ResourceManager.Communication\tests\ScenarioTests\CrudTests.cs(8,1): hidden CS8019: Unnecessary using directive.
C:\gh\azure-sdk-for-net\sdk\communication\Azure.ResourceManager.Communication\tests\Infrastructure\CommunicationManagementClientLiveTestBase.cs(8,1): hidden CS8019: Unnecessary using directive.
C:\gh\azure-sdk-for-net\sdk\communication\Azure.ResourceManager.Communication\tests\ScenarioTests\NotificationHubTests.cs(5,1): hidden CS8019: Unnecessary using directive.
C:\gh\azure-sdk-for-net\sdk\communication\Azure.ResourceManager.Communication\tests\ScenarioTests\NotificationHubTests.cs(7,1): hidden CS8019: Unnecessary using directive.
C:\gh\azure-sdk-for-net\common\ManagementTestShared\ResourceGroupCleanupPolicy.cs(8,1): hidden CS8019: Unnecessary using directive.
C:\gh\azure-sdk-for-net\sdk\communication\Azure.ResourceManager.Communication\tests\ScenarioTests\NotificationHubTests.cs(8,1): hidden CS8019: Unnecessary using directive.
C:\gh\azure-sdk-for-net\artifacts\obj\Azure.ResourceManager.Communication.Tests\Debug\net461\.NETFramework,Version=v4.6.1.AssemblyAttributes.cs(2,1): hidden CS8019: Unnecessary using directive.
C:\gh\azure-sdk-for-net\sdk\communication\Azure.ResourceManager.Communication\tests\Infrastructure\CommunicationManagementRecordedTestSanitizer.cs(5,1): hidden CS8019: Unnecessary using directive.
C:\gh\azure-sdk-for-net\artifacts\obj\Azure.ResourceManager.Communication.Tests\Debug\net461\Azure.ResourceManager.Communication.Tests.AssemblyInfo.cs(12,1): hidden CS8019: Unnecessary using directive.
C:\gh\azure-sdk-for-net\common\ManagementTestShared\ManagementRecordedTestBase.cs(6,1): hidden CS8019: Unnecessary using directive.
C:\gh\azure-sdk-for-net\artifacts\obj\Azure.ResourceManager.Communication.Tests\Debug\net461\.NETFramework,Version=v4.6.1.AssemblyAttributes.cs(3,1): hidden CS8019: Unnecessary using directive.
C:\gh\azure-sdk-for-net\common\ManagementTestShared\ResourceGroupCleanupPolicy.cs(7,1): hidden CS8019: Unnecessary using directive.
C:\gh\azure-sdk-for-net\common\ManagementTestShared\ManagementRecordedTestBase.cs(4,1): hidden CS8019: Unnecessary using directive.
C:\gh\azure-sdk-for-net\sdk\communication\Azure.ResourceManager.Communication\tests\ScenarioTests\ListResourcesTests.cs(4,1): hidden CS8019: Unnecessary using directive.
C:\gh\azure-sdk-for-net\sdk\communication\Azure.ResourceManager.Communication\tests\ScenarioTests\CrudTests.cs(4,1): hidden CS8019: Unnecessary using directive.
