C:\gh\azure-sdk-for-net\sdk\labservices\Microsoft.Azure.Management.LabServices\tests\Tests\LabServicesTestBase.cs(30,22): error CS0518: Predefined type 'System.String' is not defined or imported
C:\gh\azure-sdk-for-net\sdk\labservices\Microsoft.Azure.Management.LabServices\tests\Tests\LabServicesTestBase.cs(28,40): error CS0246: The type or namespace name 'TestBase' could not be found (are you missing a using directive or an assembly reference?)
C:\gh\azure-sdk-for-net\sdk\labservices\Microsoft.Azure.Management.LabServices\tests\Tests\LabServicesTestBase.cs(59,16): error CS0518: Predefined type 'System.Object' is not defined or imported
C:\gh\azure-sdk-for-net\sdk\labservices\Microsoft.Azure.Management.LabServices\tests\Tests\LabServicesTestBase.cs(50,55): error CS0518: Predefined type 'System.Object' is not defined or imported
C:\gh\azure-sdk-for-net\sdk\labservices\Microsoft.Azure.Management.LabServices\tests\Tests\LabServicesTestBase.cs(50,55): error CS0246: The type or namespace name 'MockContext' could not be found (are you missing a using directive or an assembly reference?)
C:\gh\azure-sdk-for-net\sdk\labservices\Microsoft.Azure.Management.LabServices\tests\Tests\LabServicesTestBase.cs(50,16): error CS0518: Predefined type 'System.Object' is not defined or imported
C:\gh\azure-sdk-for-net\sdk\labservices\Microsoft.Azure.Management.LabServices\tests\Tests\LabServicesTestBase.cs(32,16): error CS0518: Predefined type 'System.Object' is not defined or imported
C:\gh\azure-sdk-for-net\sdk\labservices\Microsoft.Azure.Management.LabServices\tests\Tests\BasicTests.cs(14,16): error CS0518: Predefined type 'System.Void' is not defined or imported
C:\gh\azure-sdk-for-net\sdk\labservices\Microsoft.Azure.Management.LabServices\tests\Tests\LabServicesTestBase.cs(30,49): error CS0518: Predefined type 'System.String' is not defined or imported
C:\gh\azure-sdk-for-net\sdk\labservices\Microsoft.Azure.Management.LabServices\tests\Tests\LabServicesTestBase.cs(16,9): error CS0518: Predefined type 'System.Void' is not defined or imported
C:\gh\azure-sdk-for-net\sdk\labservices\Microsoft.Azure.Management.LabServices\tests\Tests\LabServicesTestBase.cs(20,36): error CS0518: Predefined type 'System.String' is not defined or imported
C:\gh\azure-sdk-for-net\sdk\labservices\Microsoft.Azure.Management.LabServices\tests\Tests\LabServicesTestBase.cs(20,9): error CS0518: Predefined type 'System.Void' is not defined or imported
C:\gh\azure-sdk-for-net\sdk\labservices\Microsoft.Azure.Management.LabServices\tests\Tests\LabServicesTestBase.cs(14,18): error CS0518: Predefined type 'System.Object' is not defined or imported
C:\gh\azure-sdk-for-net\sdk\labservices\Microsoft.Azure.Management.LabServices\tests\Properties\AssemblyInfo.cs(9,12): error CS0246: The type or namespace name 'AssemblyTitleAttribute' could not be found (are you missing a using directive or an assembly reference?)
C:\gh\azure-sdk-for-net\sdk\labservices\Microsoft.Azure.Management.LabServices\tests\Properties\AssemblyInfo.cs(9,12): error CS0246: The type or namespace name 'AssemblyTitle' could not be found (are you missing a using directive or an assembly reference?)
C:\gh\azure-sdk-for-net\sdk\labservices\Microsoft.Azure.Management.LabServices\tests\Properties\AssemblyInfo.cs(10,12): error CS0246: The type or namespace name 'AssemblyDescriptionAttribute' could not be found (are you missing a using directive or an assembly reference?)
C:\gh\azure-sdk-for-net\sdk\labservices\Microsoft.Azure.Management.LabServices\tests\Properties\AssemblyInfo.cs(10,12): error CS0246: The type or namespace name 'AssemblyDescription' could not be found (are you missing a using directive or an assembly reference?)
C:\gh\azure-sdk-for-net\sdk\labservices\Microsoft.Azure.Management.LabServices\tests\Properties\AssemblyInfo.cs(11,12): error CS0246: The type or namespace name 'AssemblyConfigurationAttribute' could not be found (are you missing a using directive or an assembly reference?)
C:\gh\azure-sdk-for-net\sdk\labservices\Microsoft.Azure.Management.LabServices\tests\Properties\AssemblyInfo.cs(11,12): error CS0246: The type or namespace name 'AssemblyConfiguration' could not be found (are you missing a using directive or an assembly reference?)
C:\gh\azure-sdk-for-net\sdk\labservices\Microsoft.Azure.Management.LabServices\tests\Properties\AssemblyInfo.cs(12,12): error CS0246: The type or namespace name 'AssemblyCompanyAttribute' could not be found (are you missing a using directive or an assembly reference?)
C:\gh\azure-sdk-for-net\sdk\labservices\Microsoft.Azure.Management.LabServices\tests\Properties\AssemblyInfo.cs(12,12): error CS0246: The type or namespace name 'AssemblyCompany' could not be found (are you missing a using directive or an assembly reference?)
C:\gh\azure-sdk-for-net\sdk\labservices\Microsoft.Azure.Management.LabServices\tests\Properties\AssemblyInfo.cs(13,12): error CS0246: The type or namespace name 'AssemblyProductAttribute' could not be found (are you missing a using directive or an assembly reference?)
C:\gh\azure-sdk-for-net\sdk\labservices\Microsoft.Azure.Management.LabServices\tests\Properties\AssemblyInfo.cs(13,12): error CS0246: The type or namespace name 'AssemblyProduct' could not be found (are you missing a using directive or an assembly reference?)
C:\gh\azure-sdk-for-net\sdk\labservices\Microsoft.Azure.Management.LabServices\tests\Properties\AssemblyInfo.cs(14,12): error CS0246: The type or namespace name 'AssemblyCopyrightAttribute' could not be found (are you missing a using directive or an assembly reference?)
C:\gh\azure-sdk-for-net\sdk\labservices\Microsoft.Azure.Management.LabServices\tests\Properties\AssemblyInfo.cs(14,12): error CS0246: The type or namespace name 'AssemblyCopyright' could not be found (are you missing a using directive or an assembly reference?)
C:\gh\azure-sdk-for-net\sdk\labservices\Microsoft.Azure.Management.LabServices\tests\Properties\AssemblyInfo.cs(15,12): error CS0246: The type or namespace name 'AssemblyTrademarkAttribute' could not be found (are you missing a using directive or an assembly reference?)
C:\gh\azure-sdk-for-net\sdk\labservices\Microsoft.Azure.Management.LabServices\tests\Properties\AssemblyInfo.cs(15,12): error CS0246: The type or namespace name 'AssemblyTrademark' could not be found (are you missing a using directive or an assembly reference?)
C:\gh\azure-sdk-for-net\sdk\labservices\Microsoft.Azure.Management.LabServices\tests\Properties\AssemblyInfo.cs(16,12): error CS0246: The type or namespace name 'AssemblyCultureAttribute' could not be found (are you missing a using directive or an assembly reference?)
C:\gh\azure-sdk-for-net\sdk\labservices\Microsoft.Azure.Management.LabServices\tests\Properties\AssemblyInfo.cs(16,12): error CS0246: The type or namespace name 'AssemblyCulture' could not be found (are you missing a using directive or an assembly reference?)
C:\gh\azure-sdk-for-net\eng\mgmt\DisableTestRunParallel.cs(7,12): error CS0246: The type or namespace name 'CollectionBehaviorAttribute' could not be found (are you missing a using directive or an assembly reference?)
C:\gh\azure-sdk-for-net\eng\mgmt\DisableTestRunParallel.cs(7,12): error CS0246: The type or namespace name 'CollectionBehavior' could not be found (are you missing a using directive or an assembly reference?)
C:\gh\azure-sdk-for-net\artifacts\obj\Microsoft.Azure.Management.LabServices.Tests\Debug\netcoreapp2.0\.NETCoreApp,Version=v2.0.AssemblyAttributes.cs(4,20): error CS0400: The type or namespace name 'System' could not be found in the global namespace (are you missing an assembly reference?)
C:\gh\azure-sdk-for-net\artifacts\obj\Microsoft.Azure.Management.LabServices.Tests\Debug\netcoreapp2.0\Microsoft.Azure.Management.LabServices.Tests.AssemblyInfo.cs(14,12): error CS0246: The type or namespace name 'System' could not be found (are you missing a using directive or an assembly reference?)
C:\gh\azure-sdk-for-net\artifacts\obj\Microsoft.Azure.Management.LabServices.Tests\Debug\netcoreapp2.0\Microsoft.Azure.Management.LabServices.Tests.AssemblyInfo.cs(16,12): error CS0246: The type or namespace name 'System' could not be found (are you missing a using directive or an assembly reference?)
C:\gh\azure-sdk-for-net\artifacts\obj\Microsoft.Azure.Management.LabServices.Tests\Debug\netcoreapp2.0\Microsoft.Azure.Management.LabServices.Tests.AssemblyInfo.cs(17,12): error CS0246: The type or namespace name 'System' could not be found (are you missing a using directive or an assembly reference?)
C:\gh\azure-sdk-for-net\sdk\labservices\Microsoft.Azure.Management.LabServices\tests\Properties\AssemblyInfo.cs(9,26): error CS0518: Predefined type 'System.String' is not defined or imported
C:\gh\azure-sdk-for-net\sdk\labservices\Microsoft.Azure.Management.LabServices\tests\Properties\AssemblyInfo.cs(10,32): error CS0518: Predefined type 'System.String' is not defined or imported
C:\gh\azure-sdk-for-net\sdk\labservices\Microsoft.Azure.Management.LabServices\tests\Properties\AssemblyInfo.cs(11,34): error CS0518: Predefined type 'System.String' is not defined or imported
C:\gh\azure-sdk-for-net\sdk\labservices\Microsoft.Azure.Management.LabServices\tests\Properties\AssemblyInfo.cs(12,28): error CS0518: Predefined type 'System.String' is not defined or imported
C:\gh\azure-sdk-for-net\sdk\labservices\Microsoft.Azure.Management.LabServices\tests\Properties\AssemblyInfo.cs(13,28): error CS0518: Predefined type 'System.String' is not defined or imported
C:\gh\azure-sdk-for-net\sdk\labservices\Microsoft.Azure.Management.LabServices\tests\Properties\AssemblyInfo.cs(14,30): error CS0518: Predefined type 'System.String' is not defined or imported
C:\gh\azure-sdk-for-net\sdk\labservices\Microsoft.Azure.Management.LabServices\tests\Properties\AssemblyInfo.cs(15,30): error CS0518: Predefined type 'System.String' is not defined or imported
C:\gh\azure-sdk-for-net\sdk\labservices\Microsoft.Azure.Management.LabServices\tests\Properties\AssemblyInfo.cs(16,28): error CS0518: Predefined type 'System.String' is not defined or imported
C:\gh\azure-sdk-for-net\eng\mgmt\DisableTestRunParallel.cs(7,31): error CS0246: The type or namespace name 'DisableTestParallelization' could not be found (are you missing a using directive or an assembly reference?)
C:\gh\azure-sdk-for-net\eng\mgmt\DisableTestRunParallel.cs(7,60): error CS0518: Predefined type 'System.Boolean' is not defined or imported
C:\gh\azure-sdk-for-net\eng\mgmt\DisableTestRunParallel.cs(7,66): error CS0246: The type or namespace name 'MaxParallelThreads' could not be found (are you missing a using directive or an assembly reference?)
C:\gh\azure-sdk-for-net\eng\mgmt\DisableTestRunParallel.cs(7,87): error CS0518: Predefined type 'System.Int32' is not defined or imported
C:\gh\azure-sdk-for-net\artifacts\obj\Microsoft.Azure.Management.LabServices.Tests\Debug\netcoreapp2.0\.NETCoreApp,Version=v2.0.AssemblyAttributes.cs(4,71): error CS0518: Predefined type 'System.String' is not defined or imported
C:\gh\azure-sdk-for-net\artifacts\obj\Microsoft.Azure.Management.LabServices.Tests\Debug\netcoreapp2.0\.NETCoreApp,Version=v2.0.AssemblyAttributes.cs(4,99): error CS0246: The type or namespace name 'FrameworkDisplayName' could not be found (are you missing a using directive or an assembly reference?)
C:\gh\azure-sdk-for-net\artifacts\obj\Microsoft.Azure.Management.LabServices.Tests\Debug\netcoreapp2.0\.NETCoreApp,Version=v2.0.AssemblyAttributes.cs(4,122): error CS0518: Predefined type 'System.String' is not defined or imported
C:\gh\azure-sdk-for-net\artifacts\obj\Microsoft.Azure.Management.LabServices.Tests\Debug\netcoreapp2.0\Microsoft.Azure.Management.LabServices.Tests.AssemblyInfo.cs(14,56): error CS0518: Predefined type 'System.String' is not defined or imported
C:\gh\azure-sdk-for-net\artifacts\obj\Microsoft.Azure.Management.LabServices.Tests\Debug\netcoreapp2.0\Microsoft.Azure.Management.LabServices.Tests.AssemblyInfo.cs(14,70): error CS0518: Predefined type 'System.String' is not defined or imported
C:\gh\azure-sdk-for-net\artifacts\obj\Microsoft.Azure.Management.LabServices.Tests\Debug\netcoreapp2.0\Microsoft.Azure.Management.LabServices.Tests.AssemblyInfo.cs(15,5): error CS0518: Predefined type 'System.String' is not defined or imported
C:\gh\azure-sdk-for-net\artifacts\obj\Microsoft.Azure.Management.LabServices.Tests\Debug\netcoreapp2.0\Microsoft.Azure.Management.LabServices.Tests.AssemblyInfo.cs(16,68): error CS0518: Predefined type 'System.String' is not defined or imported
C:\gh\azure-sdk-for-net\artifacts\obj\Microsoft.Azure.Management.LabServices.Tests\Debug\netcoreapp2.0\Microsoft.Azure.Management.LabServices.Tests.AssemblyInfo.cs(17,56): error CS0518: Predefined type 'System.String' is not defined or imported
C:\gh\azure-sdk-for-net\artifacts\obj\Microsoft.Azure.Management.LabServices.Tests\Debug\netcoreapp2.0\Microsoft.Azure.Management.LabServices.Tests.AssemblyInfo.cs(17,73): error CS0518: Predefined type 'System.String' is not defined or imported
C:\gh\azure-sdk-for-net\sdk\labservices\Microsoft.Azure.Management.LabServices\tests\Properties\AssemblyInfo.cs(4,7): error CS0246: The type or namespace name 'System' could not be found (are you missing a using directive or an assembly reference?)
C:\gh\azure-sdk-for-net\sdk\labservices\Microsoft.Azure.Management.LabServices\tests\Tests\BasicTests.cs(5,17): error CS0234: The type or namespace name 'Rest' does not exist in the namespace 'Microsoft' (are you missing an assembly reference?)
C:\gh\azure-sdk-for-net\sdk\labservices\Microsoft.Azure.Management.LabServices\tests\Tests\BasicTests.cs(6,7): error CS0246: The type or namespace name 'System' could not be found (are you missing a using directive or an assembly reference?)
C:\gh\azure-sdk-for-net\sdk\labservices\Microsoft.Azure.Management.LabServices\tests\Tests\BasicTests.cs(7,7): error CS0246: The type or namespace name 'Xunit' could not be found (are you missing a using directive or an assembly reference?)
C:\gh\azure-sdk-for-net\sdk\labservices\Microsoft.Azure.Management.LabServices\tests\Tests\LabServicesTestBase.cs(6,23): error CS0234: The type or namespace name 'Test' does not exist in the namespace 'Microsoft.Azure' (are you missing an assembly reference?)
C:\gh\azure-sdk-for-net\sdk\labservices\Microsoft.Azure.Management.LabServices\tests\Tests\LabServicesTestBase.cs(7,17): error CS0234: The type or namespace name 'Rest' does not exist in the namespace 'Microsoft' (are you missing an assembly reference?)
C:\gh\azure-sdk-for-net\sdk\labservices\Microsoft.Azure.Management.LabServices\tests\Tests\LabServicesTestBase.cs(8,7): error CS0246: The type or namespace name 'System' could not be found (are you missing a using directive or an assembly reference?)
C:\gh\azure-sdk-for-net\sdk\labservices\Microsoft.Azure.Management.LabServices\tests\Tests\LabServicesTestBase.cs(9,7): error CS0246: The type or namespace name 'System' could not be found (are you missing a using directive or an assembly reference?)
C:\gh\azure-sdk-for-net\sdk\labservices\Microsoft.Azure.Management.LabServices\tests\Tests\LabServicesTestBase.cs(10,7): error CS0246: The type or namespace name 'System' could not be found (are you missing a using directive or an assembly reference?)
C:\gh\azure-sdk-for-net\eng\mgmt\DisableTestRunParallel.cs(4,7): error CS0246: The type or namespace name 'System' could not be found (are you missing a using directive or an assembly reference?)
C:\gh\azure-sdk-for-net\eng\mgmt\DisableTestRunParallel.cs(5,7): error CS0246: The type or namespace name 'Xunit' could not be found (are you missing a using directive or an assembly reference?)
C:\gh\azure-sdk-for-net\artifacts\obj\Microsoft.Azure.Management.LabServices.Tests\Debug\netcoreapp2.0\.NETCoreApp,Version=v2.0.AssemblyAttributes.cs(2,7): error CS0246: The type or namespace name 'System' could not be found (are you missing a using directive or an assembly reference?)
C:\gh\azure-sdk-for-net\artifacts\obj\Microsoft.Azure.Management.LabServices.Tests\Debug\netcoreapp2.0\.NETCoreApp,Version=v2.0.AssemblyAttributes.cs(3,7): error CS0246: The type or namespace name 'System' could not be found (are you missing a using directive or an assembly reference?)
C:\gh\azure-sdk-for-net\artifacts\obj\Microsoft.Azure.Management.LabServices.Tests\Debug\netcoreapp2.0\Microsoft.Azure.Management.LabServices.Tests.AssemblyInfo.cs(11,7): error CS0246: The type or namespace name 'System' could not be found (are you missing a using directive or an assembly reference?)
C:\gh\azure-sdk-for-net\artifacts\obj\Microsoft.Azure.Management.LabServices.Tests\Debug\netcoreapp2.0\Microsoft.Azure.Management.LabServices.Tests.AssemblyInfo.cs(12,7): error CS0246: The type or namespace name 'System' could not be found (are you missing a using directive or an assembly reference?)
C:\gh\azure-sdk-for-net\sdk\labservices\Microsoft.Azure.Management.LabServices\tests\Tests\BasicTests.cs(13,10): error CS0518: Predefined type 'System.Object' is not defined or imported
C:\gh\azure-sdk-for-net\sdk\labservices\Microsoft.Azure.Management.LabServices\tests\Tests\BasicTests.cs(13,10): error CS0246: The type or namespace name 'FactAttribute' could not be found (are you missing a using directive or an assembly reference?)
C:\gh\azure-sdk-for-net\sdk\labservices\Microsoft.Azure.Management.LabServices\tests\Tests\BasicTests.cs(13,10): error CS0246: The type or namespace name 'Fact' could not be found (are you missing a using directive or an assembly reference?)
C:\gh\azure-sdk-for-net\sdk\labservices\Microsoft.Azure.Management.LabServices\tests\Tests\LabServicesTestBase.cs(25,45): error CS0518: Predefined type 'System.Void' is not defined or imported
C:\gh\azure-sdk-for-net\sdk\labservices\Microsoft.Azure.Management.LabServices\tests\Tests\LabServicesTestBase.cs(25,16): error CS0518: Predefined type 'System.String' is not defined or imported
C:\gh\azure-sdk-for-net\sdk\labservices\Microsoft.Azure.Management.LabServices\tests\Tests\LabServicesTestBase.cs(16,16): error CS1729: 'object' does not contain a constructor that takes 0 arguments
C:\gh\azure-sdk-for-net\sdk\labservices\Microsoft.Azure.Management.LabServices\tests\Tests\LabServicesTestBase.cs(20,16): error CS1729: 'object' does not contain a constructor that takes 0 arguments
C:\gh\azure-sdk-for-net\sdk\labservices\Microsoft.Azure.Management.LabServices\tests\Tests\BasicTests.cs(16,13): error CS0518: Predefined type 'System.IDisposable' is not defined or imported
C:\gh\azure-sdk-for-net\sdk\labservices\Microsoft.Azure.Management.LabServices\tests\Tests\BasicTests.cs(16,20): error CS0518: Predefined type 'System.Object' is not defined or imported
C:\gh\azure-sdk-for-net\sdk\labservices\Microsoft.Azure.Management.LabServices\tests\Tests\BasicTests.cs(16,20): error CS0246: The type or namespace name 'MockContext' could not be found (are you missing a using directive or an assembly reference?)
C:\gh\azure-sdk-for-net\sdk\labservices\Microsoft.Azure.Management.LabServices\tests\Tests\BasicTests.cs(16,42): error CS0518: Predefined type 'System.Object' is not defined or imported
C:\gh\azure-sdk-for-net\sdk\labservices\Microsoft.Azure.Management.LabServices\tests\Tests\BasicTests.cs(16,42): error CS0103: The name 'MockContext' does not exist in the current context
C:\gh\azure-sdk-for-net\sdk\labservices\Microsoft.Azure.Management.LabServices\tests\Tests\BasicTests.cs(16,65): error CS0518: Predefined type 'System.Object' is not defined or imported
C:\gh\azure-sdk-for-net\sdk\labservices\Microsoft.Azure.Management.LabServices\tests\Tests\BasicTests.cs(16,65): error CS1061: 'LabTests' does not contain a definition for 'GetType' and no accessible extension method 'GetType' accepting a first argument of type 'LabTests' could be found (are you missing a using directive or an assembly reference?)
C:\gh\azure-sdk-for-net\sdk\labservices\Microsoft.Azure.Management.LabServices\tests\Tests\BasicTests.cs(18,17): error CS0518: Predefined type 'System.Object' is not defined or imported
C:\gh\azure-sdk-for-net\sdk\labservices\Microsoft.Azure.Management.LabServices\tests\Tests\BasicTests.cs(18,44): error CS0518: Predefined type 'System.Object' is not defined or imported
C:\gh\azure-sdk-for-net\sdk\labservices\Microsoft.Azure.Management.LabServices\tests\Tests\BasicTests.cs(20,28): error CS0246: The type or namespace name 'IPage<>' could not be found (are you missing a using directive or an assembly reference?)
C:\gh\azure-sdk-for-net\sdk\labservices\Microsoft.Azure.Management.LabServices\tests\Tests\BasicTests.cs(21,17): error CS0518: Predefined type 'System.Object' is not defined or imported
C:\gh\azure-sdk-for-net\sdk\labservices\Microsoft.Azure.Management.LabServices\tests\Tests\BasicTests.cs(21,17): error CS0103: The name 'Assert' does not exist in the current context
C:\gh\azure-sdk-for-net\sdk\labservices\Microsoft.Azure.Management.LabServices\tests\Tests\BasicTests.cs(11,18): error CS0518: Predefined type 'System.Void' is not defined or imported
C:\gh\azure-sdk-for-net\sdk\labservices\Microsoft.Azure.Management.LabServices\tests\Tests\LabServicesTestBase.cs(34,13): error CS0518: Predefined type 'System.Object' is not defined or imported
C:\gh\azure-sdk-for-net\sdk\labservices\Microsoft.Azure.Management.LabServices\tests\Tests\LabServicesTestBase.cs(34,13): error CS0103: The name 'SynchronizationContext' does not exist in the current context
C:\gh\azure-sdk-for-net\sdk\labservices\Microsoft.Azure.Management.LabServices\tests\Tests\LabServicesTestBase.cs(34,66): error CS0518: Predefined type 'System.Object' is not defined or imported
C:\gh\azure-sdk-for-net\sdk\labservices\Microsoft.Azure.Management.LabServices\tests\Tests\LabServicesTestBase.cs(34,66): error CS0246: The type or namespace name 'SynchronizationContext' could not be found (are you missing a using directive or an assembly reference?)
C:\gh\azure-sdk-for-net\sdk\labservices\Microsoft.Azure.Management.LabServices\tests\Tests\LabServicesTestBase.cs(35,13): error CS0518: Predefined type 'System.Object' is not defined or imported
C:\gh\azure-sdk-for-net\sdk\labservices\Microsoft.Azure.Management.LabServices\tests\Tests\LabServicesTestBase.cs(35,46): error CS0518: Predefined type 'System.Object' is not defined or imported
C:\gh\azure-sdk-for-net\sdk\labservices\Microsoft.Azure.Management.LabServices\tests\Tests\LabServicesTestBase.cs(36,17): error CS0518: Predefined type 'System.Object' is not defined or imported
C:\gh\azure-sdk-for-net\sdk\labservices\Microsoft.Azure.Management.LabServices\tests\Tests\LabServicesTestBase.cs(36,17): error CS0103: The name 'HttpMockServer' does not exist in the current context
C:\gh\azure-sdk-for-net\sdk\labservices\Microsoft.Azure.Management.LabServices\tests\Tests\LabServicesTestBase.cs(36,40): error CS0518: Predefined type 'System.Object' is not defined or imported
C:\gh\azure-sdk-for-net\sdk\labservices\Microsoft.Azure.Management.LabServices\tests\Tests\LabServicesTestBase.cs(36,40): error CS0103: The name 'HttpRecorderMode' does not exist in the current context
C:\gh\azure-sdk-for-net\sdk\labservices\Microsoft.Azure.Management.LabServices\tests\Tests\LabServicesTestBase.cs(36,17): error CS0518: Predefined type 'System.Boolean' is not defined or imported
C:\gh\azure-sdk-for-net\sdk\labservices\Microsoft.Azure.Management.LabServices\tests\Tests\LabServicesTestBase.cs(36,17): error CS0518: Predefined type 'System.Boolean' is not defined or imported
C:\gh\azure-sdk-for-net\sdk\labservices\Microsoft.Azure.Management.LabServices\tests\Tests\LabServicesTestBase.cs(38,35): error CS0518: Predefined type 'System.Object' is not defined or imported
C:\gh\azure-sdk-for-net\sdk\labservices\Microsoft.Azure.Management.LabServices\tests\Tests\LabServicesTestBase.cs(38,35): error CS0103: The name 'TestEnvironmentFactory' does not exist in the current context
C:\gh\azure-sdk-for-net\sdk\labservices\Microsoft.Azure.Management.LabServices\tests\Tests\LabServicesTestBase.cs(41,17): error CS0518: Predefined type 'System.Object' is not defined or imported
C:\gh\azure-sdk-for-net\sdk\labservices\Microsoft.Azure.Management.LabServices\tests\Tests\LabServicesTestBase.cs(41,17): error CS0103: The name 'HttpMockServer' does not exist in the current context
C:\gh\azure-sdk-for-net\sdk\labservices\Microsoft.Azure.Management.LabServices\tests\Tests\LabServicesTestBase.cs(43,22): error CS0518: Predefined type 'System.Object' is not defined or imported
C:\gh\azure-sdk-for-net\sdk\labservices\Microsoft.Azure.Management.LabServices\tests\Tests\LabServicesTestBase.cs(43,22): error CS0103: The name 'HttpMockServer' does not exist in the current context
C:\gh\azure-sdk-for-net\sdk\labservices\Microsoft.Azure.Management.LabServices\tests\Tests\LabServicesTestBase.cs(43,45): error CS0518: Predefined type 'System.Object' is not defined or imported
C:\gh\azure-sdk-for-net\sdk\labservices\Microsoft.Azure.Management.LabServices\tests\Tests\LabServicesTestBase.cs(43,45): error CS0103: The name 'HttpRecorderMode' does not exist in the current context
C:\gh\azure-sdk-for-net\sdk\labservices\Microsoft.Azure.Management.LabServices\tests\Tests\LabServicesTestBase.cs(43,22): error CS0518: Predefined type 'System.Boolean' is not defined or imported
C:\gh\azure-sdk-for-net\sdk\labservices\Microsoft.Azure.Management.LabServices\tests\Tests\LabServicesTestBase.cs(43,22): error CS0518: Predefined type 'System.Boolean' is not defined or imported
C:\gh\azure-sdk-for-net\sdk\labservices\Microsoft.Azure.Management.LabServices\tests\Tests\LabServicesTestBase.cs(45,41): error CS0518: Predefined type 'System.Object' is not defined or imported
C:\gh\azure-sdk-for-net\sdk\labservices\Microsoft.Azure.Management.LabServices\tests\Tests\LabServicesTestBase.cs(45,41): error CS0103: The name 'HttpMockServer' does not exist in the current context
C:\gh\azure-sdk-for-net\sdk\labservices\Microsoft.Azure.Management.LabServices\tests\Tests\LabServicesTestBase.cs(52,51): error CS0518: Predefined type 'System.Object' is not defined or imported
C:\gh\azure-sdk-for-net\sdk\labservices\Microsoft.Azure.Management.LabServices\tests\Tests\LabServicesTestBase.cs(54,37): error CS0518: Predefined type 'System.Object' is not defined or imported
C:\gh\azure-sdk-for-net\sdk\labservices\Microsoft.Azure.Management.LabServices\tests\Tests\LabServicesTestBase.cs(61,27): error CS0518: Predefined type 'System.Object' is not defined or imported
C:\gh\azure-sdk-for-net\sdk\labservices\Microsoft.Azure.Management.LabServices\tests\Tests\LabServicesTestBase.cs(61,27): error CS0518: Predefined type 'System.Void' is not defined or imported
C:\gh\azure-sdk-for-net\sdk\labservices\Microsoft.Azure.Management.LabServices\tests\Tests\LabServicesTestBase.cs(63,17): error CS0518: Predefined type 'System.String' is not defined or imported
C:\gh\azure-sdk-for-net\sdk\labservices\Microsoft.Azure.Management.LabServices\tests\Tests\LabServicesTestBase.cs(63,28): error CS0518: Predefined type 'System.String' is not defined or imported
C:\gh\azure-sdk-for-net\sdk\labservices\Microsoft.Azure.Management.LabServices\tests\Tests\LabServicesTestBase.cs(6,1): hidden CS8019: Unnecessary using directive.
C:\gh\azure-sdk-for-net\eng\mgmt\DisableTestRunParallel.cs(4,1): hidden CS8019: Unnecessary using directive.
C:\gh\azure-sdk-for-net\sdk\labservices\Microsoft.Azure.Management.LabServices\tests\Tests\BasicTests.cs(5,1): hidden CS8019: Unnecessary using directive.
C:\gh\azure-sdk-for-net\sdk\labservices\Microsoft.Azure.Management.LabServices\tests\Tests\LabServicesTestBase.cs(8,1): hidden CS8019: Unnecessary using directive.
C:\gh\azure-sdk-for-net\sdk\labservices\Microsoft.Azure.Management.LabServices\tests\Tests\BasicTests.cs(7,1): hidden CS8019: Unnecessary using directive.
C:\gh\azure-sdk-for-net\artifacts\obj\Microsoft.Azure.Management.LabServices.Tests\Debug\netcoreapp2.0\Microsoft.Azure.Management.LabServices.Tests.AssemblyInfo.cs(11,1): hidden CS8019: Unnecessary using directive.
C:\gh\azure-sdk-for-net\eng\mgmt\DisableTestRunParallel.cs(5,1): hidden CS8019: Unnecessary using directive.
C:\gh\azure-sdk-for-net\sdk\labservices\Microsoft.Azure.Management.LabServices\tests\Tests\LabServicesTestBase.cs(7,1): hidden CS8019: Unnecessary using directive.
C:\gh\azure-sdk-for-net\sdk\labservices\Microsoft.Azure.Management.LabServices\tests\Tests\LabServicesTestBase.cs(9,1): hidden CS8019: Unnecessary using directive.
C:\gh\azure-sdk-for-net\artifacts\obj\Microsoft.Azure.Management.LabServices.Tests\Debug\netcoreapp2.0\Microsoft.Azure.Management.LabServices.Tests.AssemblyInfo.cs(12,1): hidden CS8019: Unnecessary using directive.
C:\gh\azure-sdk-for-net\artifacts\obj\Microsoft.Azure.Management.LabServices.Tests\Debug\netcoreapp2.0\.NETCoreApp,Version=v2.0.AssemblyAttributes.cs(2,1): hidden CS8019: Unnecessary using directive.
C:\gh\azure-sdk-for-net\sdk\labservices\Microsoft.Azure.Management.LabServices\tests\Properties\AssemblyInfo.cs(4,1): hidden CS8019: Unnecessary using directive.
C:\gh\azure-sdk-for-net\sdk\labservices\Microsoft.Azure.Management.LabServices\tests\Tests\BasicTests.cs(6,1): hidden CS8019: Unnecessary using directive.
C:\gh\azure-sdk-for-net\artifacts\obj\Microsoft.Azure.Management.LabServices.Tests\Debug\netcoreapp2.0\.NETCoreApp,Version=v2.0.AssemblyAttributes.cs(3,1): hidden CS8019: Unnecessary using directive.
C:\gh\azure-sdk-for-net\sdk\labservices\Microsoft.Azure.Management.LabServices\tests\Tests\LabServicesTestBase.cs(10,1): hidden CS8019: Unnecessary using directive.
