C:\gh\azure-sdk-for-net\sdk\storage\Azure.Storage.Blobs\samples\Sample03_Migrations.cs(35,44): error CS0246: The type or namespace name 'AzureSasCredential' could not be found (are you missing a using directive or an assembly reference?)
C:\gh\azure-sdk-for-net\sdk\storage\Azure.Storage.Blobs\samples\Sample03_Migrations.cs(51,33): error CS0246: The type or namespace name 'AzureSasCredential' could not be found (are you missing a using directive or an assembly reference?)
C:\gh\azure-sdk-for-net\sdk\storage\Azure.Storage.Blobs\samples\Sample01a_HelloWorld.cs(48,49): error CS0246: The type or namespace name 'AzureSasCredential' could not be found (are you missing a using directive or an assembly reference?)
C:\gh\azure-sdk-for-net\sdk\storage\Azure.Storage.Blobs\samples\Sample01a_HelloWorld.cs(79,49): error CS0246: The type or namespace name 'AzureSasCredential' could not be found (are you missing a using directive or an assembly reference?)
C:\gh\azure-sdk-for-net\sdk\storage\Azure.Storage.Blobs\samples\Sample01b_HelloWorldAsync.cs(41,49): error CS0246: The type or namespace name 'AzureSasCredential' could not be found (are you missing a using directive or an assembly reference?)
C:\gh\azure-sdk-for-net\sdk\storage\Azure.Storage.Blobs\samples\Sample03_Migrations.cs(112,33): error CS0246: The type or namespace name 'AzureSasCredential' could not be found (are you missing a using directive or an assembly reference?)
C:\gh\azure-sdk-for-net\sdk\storage\Azure.Storage.Blobs\samples\Sample03_Migrations.cs(122,39): error CS0246: The type or namespace name 'AzureSasCredential' could not be found (are you missing a using directive or an assembly reference?)
C:\gh\azure-sdk-for-net\sdk\storage\Azure.Storage.Blobs\samples\Sample03_Migrations.cs(147,45): error CS0246: The type or namespace name 'AzureSasCredential' could not be found (are you missing a using directive or an assembly reference?)
C:\gh\azure-sdk-for-net\sdk\storage\Azure.Storage.Blobs\samples\Sample01a_HelloWorld.cs(143,49): error CS0246: The type or namespace name 'AzureSasCredential' could not be found (are you missing a using directive or an assembly reference?)
C:\gh\azure-sdk-for-net\sdk\storage\Azure.Storage.Blobs\samples\Sample01a_HelloWorld.cs(187,49): error CS0246: The type or namespace name 'AzureSasCredential' could not be found (are you missing a using directive or an assembly reference?)
C:\gh\azure-sdk-for-net\sdk\storage\Azure.Storage.Blobs\samples\Sample02_Auth.cs(69,49): error CS0246: The type or namespace name 'AzureSasCredential' could not be found (are you missing a using directive or an assembly reference?)
C:\gh\azure-sdk-for-net\sdk\storage\Azure.Storage.Blobs\samples\Sample01b_HelloWorldAsync.cs(81,49): error CS0246: The type or namespace name 'AzureSasCredential' could not be found (are you missing a using directive or an assembly reference?)
C:\gh\azure-sdk-for-net\sdk\storage\Azure.Storage.Blobs\samples\Sample01a_HelloWorld.cs(214,44): error CS0246: The type or namespace name 'AzureSasCredential' could not be found (are you missing a using directive or an assembly reference?)
C:\gh\azure-sdk-for-net\sdk\storage\Azure.Storage.Blobs\samples\Sample02_Auth.cs(118,45): error CS0246: The type or namespace name 'AzureSasCredential' could not be found (are you missing a using directive or an assembly reference?)
C:\gh\azure-sdk-for-net\sdk\storage\Azure.Storage.Blobs\samples\Sample03_Migrations.cs(162,55): error CS0246: The type or namespace name 'AzureSasCredential' could not be found (are you missing a using directive or an assembly reference?)
C:\gh\azure-sdk-for-net\sdk\storage\Azure.Storage.Blobs\samples\Sample02_Auth.cs(203,45): error CS0246: The type or namespace name 'AzureSasCredential' could not be found (are you missing a using directive or an assembly reference?)
C:\gh\azure-sdk-for-net\sdk\storage\Azure.Storage.Blobs\samples\Sample01b_HelloWorldAsync.cs(137,49): error CS0246: The type or namespace name 'AzureSasCredential' could not be found (are you missing a using directive or an assembly reference?)
C:\gh\azure-sdk-for-net\sdk\storage\Azure.Storage.Blobs\samples\Sample01b_HelloWorldAsync.cs(175,49): error CS0246: The type or namespace name 'AzureSasCredential' could not be found (are you missing a using directive or an assembly reference?)
C:\gh\azure-sdk-for-net\sdk\storage\Azure.Storage.Blobs\samples\Sample03_Migrations.cs(252,55): error CS0246: The type or namespace name 'AzureSasCredential' could not be found (are you missing a using directive or an assembly reference?)
C:\gh\azure-sdk-for-net\sdk\storage\Azure.Storage.Blobs\samples\Sample03_Migrations.cs(290,39): error CS0246: The type or namespace name 'AzureSasCredential' could not be found (are you missing a using directive or an assembly reference?)
C:\gh\azure-sdk-for-net\sdk\storage\Azure.Storage.Blobs\samples\Sample03_Migrations.cs(323,39): error CS0246: The type or namespace name 'AzureSasCredential' could not be found (are you missing a using directive or an assembly reference?)
C:\gh\azure-sdk-for-net\sdk\storage\Azure.Storage.Blobs\samples\Sample03_Migrations.cs(359,39): error CS0246: The type or namespace name 'AzureSasCredential' could not be found (are you missing a using directive or an assembly reference?)
C:\gh\azure-sdk-for-net\sdk\storage\Azure.Storage.Blobs\samples\Sample03_Migrations.cs(401,39): error CS0246: The type or namespace name 'AzureSasCredential' could not be found (are you missing a using directive or an assembly reference?)
C:\gh\azure-sdk-for-net\sdk\storage\Azure.Storage.Blobs\samples\Sample03_Migrations.cs(459,39): error CS0246: The type or namespace name 'AzureSasCredential' could not be found (are you missing a using directive or an assembly reference?)
C:\gh\azure-sdk-for-net\sdk\storage\Azure.Storage.Blobs\samples\Sample03_Migrations.cs(516,33): error CS0246: The type or namespace name 'AzureSasCredential' could not be found (are you missing a using directive or an assembly reference?)
C:\gh\azure-sdk-for-net\sdk\storage\Azure.Storage.Blobs\samples\Sample03_Migrations.cs(564,33): error CS0246: The type or namespace name 'AzureSasCredential' could not be found (are you missing a using directive or an assembly reference?)
C:\gh\azure-sdk-for-net\sdk\storage\Azure.Storage.Blobs\samples\Sample03_Migrations.cs(631,39): error CS0246: The type or namespace name 'AzureSasCredential' could not be found (are you missing a using directive or an assembly reference?)
C:\gh\azure-sdk-for-net\sdk\storage\Azure.Storage.Blobs\samples\Sample03_Migrations.cs(693,39): error CS0246: The type or namespace name 'AzureSasCredential' could not be found (are you missing a using directive or an assembly reference?)
C:\gh\azure-sdk-for-net\sdk\storage\Azure.Storage.Common\tests\Shared\TestResponseClassifier.cs(4,1): hidden CS8019: Unnecessary using directive.
C:\gh\azure-sdk-for-net\sdk\storage\Azure.Storage.Common\src\Shared\StorageExceptionExtensions.cs(7,1): hidden CS8019: Unnecessary using directive.
C:\gh\azure-sdk-for-net\sdk\storage\Azure.Storage.Common\tests\Shared\FaultyDownloadPipelinePolicy.cs(8,1): hidden CS8019: Unnecessary using directive.
C:\gh\azure-sdk-for-net\sdk\storage\Azure.Storage.Blobs\samples\Sample01b_HelloWorldAsync.cs(8,1): hidden CS8019: Unnecessary using directive.
C:\gh\azure-sdk-for-net\sdk\storage\Azure.Storage.Common\tests\Shared\TestProgress.cs(6,1): hidden CS8019: Unnecessary using directive.
C:\gh\azure-sdk-for-net\sdk\storage\Azure.Storage.Common\tests\Shared\KeyVaultConfiguration.cs(5,1): hidden CS8019: Unnecessary using directive.
C:\gh\azure-sdk-for-net\sdk\storage\Azure.Storage.Common\tests\Shared\StorageRecordedTestSanitizer.cs(9,1): hidden CS8019: Unnecessary using directive.
C:\gh\azure-sdk-for-net\sdk\storage\Azure.Storage.Blobs\samples\Sample02_Auth.cs(10,1): hidden CS8019: Unnecessary using directive.
C:\gh\azure-sdk-for-net\sdk\storage\Azure.Storage.Common\tests\Shared\RecordedClientRequestIdPolicy.cs(4,1): hidden CS8019: Unnecessary using directive.
C:\gh\azure-sdk-for-net\sdk\storage\Azure.Storage.Common\tests\Shared\RecordedClientRequestIdPolicy.cs(7,1): hidden CS8019: Unnecessary using directive.
C:\gh\azure-sdk-for-net\sdk\storage\Azure.Storage.Blobs\samples\Sample01a_HelloWorld.cs(10,1): hidden CS8019: Unnecessary using directive.
C:\gh\azure-sdk-for-net\sdk\storage\Azure.Storage.Common\tests\Shared\TenantConfiguration.cs(5,1): hidden CS8019: Unnecessary using directive.
C:\gh\azure-sdk-for-net\sdk\storage\Azure.Storage.Common\tests\Shared\FaultyDownloadPipelinePolicy.cs(6,1): hidden CS8019: Unnecessary using directive.
C:\gh\azure-sdk-for-net\sdk\storage\Azure.Storage.Common\tests\Shared\TenantConfiguration.cs(8,1): hidden CS8019: Unnecessary using directive.
C:\gh\azure-sdk-for-net\sdk\storage\Azure.Storage.Common\tests\Shared\StorageRecordedTestSanitizer.cs(7,1): hidden CS8019: Unnecessary using directive.
C:\gh\azure-sdk-for-net\sdk\storage\Azure.Storage.Blobs\samples\Sample02_Auth.cs(11,1): hidden CS8019: Unnecessary using directive.
C:\gh\azure-sdk-for-net\sdk\storage\Azure.Storage.Common\tests\Shared\KeyVaultConfiguration.cs(4,1): hidden CS8019: Unnecessary using directive.
C:\gh\azure-sdk-for-net\artifacts\obj\Azure.Storage.Blobs.Samples.Tests\Debug\net461\Azure.Storage.Blobs.Samples.Tests.AssemblyInfo.cs(11,1): hidden CS8019: Unnecessary using directive.
C:\gh\azure-sdk-for-net\sdk\storage\Azure.Storage.Common\tests\Shared\TenantConfiguration.cs(9,1): hidden CS8019: Unnecessary using directive.
C:\gh\azure-sdk-for-net\sdk\storage\Azure.Storage.Blobs\samples\Sample03_Migrations.cs(10,1): hidden CS8019: Unnecessary using directive.
C:\gh\azure-sdk-for-net\artifacts\obj\Azure.Storage.Blobs.Samples.Tests\Debug\net461\.NETFramework,Version=v4.6.1.AssemblyAttributes.cs(3,1): hidden CS8019: Unnecessary using directive.
C:\gh\azure-sdk-for-net\sdk\storage\Azure.Storage.Common\src\Shared\StorageExceptionExtensions.cs(5,1): hidden CS8019: Unnecessary using directive.
C:\gh\azure-sdk-for-net\sdk\storage\Azure.Storage.Blobs\samples\Sample01a_HelloWorld.cs(9,1): hidden CS8019: Unnecessary using directive.
C:\gh\azure-sdk-for-net\sdk\storage\Azure.Storage.Common\tests\Shared\TestResponseClassifier.cs(6,1): hidden CS8019: Unnecessary using directive.
C:\gh\azure-sdk-for-net\artifacts\obj\Azure.Storage.Blobs.Samples.Tests\Debug\net461\Azure.Storage.Blobs.Samples.Tests.AssemblyInfo.cs(12,1): hidden CS8019: Unnecessary using directive.
C:\gh\azure-sdk-for-net\sdk\storage\Azure.Storage.Common\tests\Shared\KeyVaultConfiguration.cs(6,1): hidden CS8019: Unnecessary using directive.
C:\gh\azure-sdk-for-net\sdk\storage\Azure.Storage.Common\tests\Shared\StorageTestBase.cs(6,1): hidden CS8019: Unnecessary using directive.
C:\gh\azure-sdk-for-net\artifacts\obj\Azure.Storage.Blobs.Samples.Tests\Debug\net461\.NETFramework,Version=v4.6.1.AssemblyAttributes.cs(2,1): hidden CS8019: Unnecessary using directive.
C:\gh\azure-sdk-for-net\sdk\storage\Azure.Storage.Common\src\Shared\StorageExceptionExtensions.cs(4,1): hidden CS8019: Unnecessary using directive.
C:\gh\azure-sdk-for-net\sdk\storage\Azure.Storage.Blobs\samples\Sample03_Migrations.cs(9,1): hidden CS8019: Unnecessary using directive.
C:\gh\azure-sdk-for-net\sdk\storage\Azure.Storage.Common\src\Shared\StorageExceptionExtensions.cs(8,1): hidden CS8019: Unnecessary using directive.
C:\gh\azure-sdk-for-net\sdk\storage\Azure.Storage.Blobs\samples\Sample01b_HelloWorldAsync.cs(9,1): hidden CS8019: Unnecessary using directive.
C:\gh\azure-sdk-for-net\sdk\storage\Azure.Storage.Common\tests\Shared\FaultyDownloadPipelinePolicy.cs(7,1): hidden CS8019: Unnecessary using directive.
C:\gh\azure-sdk-for-net\sdk\storage\Azure.Storage.Common\tests\Shared\RecordedClientRequestIdPolicy.cs(5,1): hidden CS8019: Unnecessary using directive.
C:\gh\azure-sdk-for-net\sdk\storage\Azure.Storage.Common\tests\Shared\StorageRecordedTestSanitizer.cs(8,1): hidden CS8019: Unnecessary using directive.
C:\gh\azure-sdk-for-net\sdk\storage\Azure.Storage.Common\src\Shared\StorageExceptionExtensions.cs(6,1): hidden CS8019: Unnecessary using directive.
