C:\gh\azure-sdk-for-net\tools\legacy\Microsoft.WindowsAzure.Build.Tasks\Build.Tasks.Tests\sdkProjectTaskItem.cs(16,32): error CS0246: The type or namespace name 'ITaskItem' could not be found (are you missing a using directive or an assembly reference?)
C:\gh\azure-sdk-for-net\tools\legacy\Microsoft.WindowsAzure.Build.Tasks\Build.Tasks.Tests\sdkProjectTaskItem.cs(39,36): error CS0246: The type or namespace name 'ITaskItem' could not be found (are you missing a using directive or an assembly reference?)
C:\gh\azure-sdk-for-net\tools\legacy\Microsoft.WindowsAzure.Build.Tasks\Build.Tasks.Tests\CategorizeProjectTaskTest.cs(8,7): error CS0246: The type or namespace name 'Xunit' could not be found (are you missing a using directive or an assembly reference?)
C:\gh\azure-sdk-for-net\tools\legacy\Microsoft.WindowsAzure.Build.Tasks\Build.Tasks.Tests\CategorizeProjectTaskTest.cs(12,23): error CS0234: The type or namespace name 'Framework' does not exist in the namespace 'Microsoft.Build' (are you missing an assembly reference?)
C:\gh\azure-sdk-for-net\tools\legacy\Microsoft.WindowsAzure.Build.Tasks\Build.Tasks.Tests\CategorizeProjectTaskTest.cs(13,23): error CS0234: The type or namespace name 'Evaluation' does not exist in the namespace 'Microsoft.Build' (are you missing an assembly reference?)
C:\gh\azure-sdk-for-net\tools\legacy\Microsoft.WindowsAzure.Build.Tasks\Build.Tasks.Tests\PublishNugetTests\PublishTests.cs(11,7): error CS0246: The type or namespace name 'Xunit' could not be found (are you missing a using directive or an assembly reference?)
C:\gh\azure-sdk-for-net\tools\legacy\Microsoft.WindowsAzure.Build.Tasks\Build.Tasks.Tests\sdkProjectTaskItem.cs(4,23): error CS0234: The type or namespace name 'Framework' does not exist in the namespace 'Microsoft.Build' (are you missing an assembly reference?)
C:\gh\azure-sdk-for-net\tools\legacy\Microsoft.WindowsAzure.Build.Tasks\Build.Tasks.Tests\CategorizeProjectTaskTest.cs(28,10): error CS0246: The type or namespace name 'FactAttribute' could not be found (are you missing a using directive or an assembly reference?)
C:\gh\azure-sdk-for-net\tools\legacy\Microsoft.WindowsAzure.Build.Tasks\Build.Tasks.Tests\CategorizeProjectTaskTest.cs(28,10): error CS0246: The type or namespace name 'Fact' could not be found (are you missing a using directive or an assembly reference?)
C:\gh\azure-sdk-for-net\tools\legacy\Microsoft.WindowsAzure.Build.Tasks\Build.Tasks.Tests\PublishNugetTests\PublishTests.cs(64,10): error CS0246: The type or namespace name 'FactAttribute' could not be found (are you missing a using directive or an assembly reference?)
C:\gh\azure-sdk-for-net\tools\legacy\Microsoft.WindowsAzure.Build.Tasks\Build.Tasks.Tests\PublishNugetTests\PublishTests.cs(64,10): error CS0246: The type or namespace name 'Fact' could not be found (are you missing a using directive or an assembly reference?)
C:\gh\azure-sdk-for-net\tools\legacy\Microsoft.WindowsAzure.Build.Tasks\Build.Tasks.Tests\CategorizeProjectTaskTest.cs(48,10): error CS0246: The type or namespace name 'FactAttribute' could not be found (are you missing a using directive or an assembly reference?)
C:\gh\azure-sdk-for-net\tools\legacy\Microsoft.WindowsAzure.Build.Tasks\Build.Tasks.Tests\CategorizeProjectTaskTest.cs(48,10): error CS0246: The type or namespace name 'Fact' could not be found (are you missing a using directive or an assembly reference?)
C:\gh\azure-sdk-for-net\tools\legacy\Microsoft.WindowsAzure.Build.Tasks\Build.Tasks.Tests\CategorizeProjectTaskTest.cs(65,10): error CS0246: The type or namespace name 'FactAttribute' could not be found (are you missing a using directive or an assembly reference?)
C:\gh\azure-sdk-for-net\tools\legacy\Microsoft.WindowsAzure.Build.Tasks\Build.Tasks.Tests\CategorizeProjectTaskTest.cs(65,10): error CS0246: The type or namespace name 'Fact' could not be found (are you missing a using directive or an assembly reference?)
C:\gh\azure-sdk-for-net\tools\legacy\Microsoft.WindowsAzure.Build.Tasks\Build.Tasks.Tests\PublishNugetTests\PublishTests.cs(82,10): error CS0246: The type or namespace name 'FactAttribute' could not be found (are you missing a using directive or an assembly reference?)
C:\gh\azure-sdk-for-net\tools\legacy\Microsoft.WindowsAzure.Build.Tasks\Build.Tasks.Tests\PublishNugetTests\PublishTests.cs(82,10): error CS0246: The type or namespace name 'Fact' could not be found (are you missing a using directive or an assembly reference?)
C:\gh\azure-sdk-for-net\tools\legacy\Microsoft.WindowsAzure.Build.Tasks\Build.Tasks.Tests\CategorizeProjectTaskTest.cs(80,10): error CS0246: The type or namespace name 'FactAttribute' could not be found (are you missing a using directive or an assembly reference?)
C:\gh\azure-sdk-for-net\tools\legacy\Microsoft.WindowsAzure.Build.Tasks\Build.Tasks.Tests\CategorizeProjectTaskTest.cs(80,10): error CS0246: The type or namespace name 'Fact' could not be found (are you missing a using directive or an assembly reference?)
C:\gh\azure-sdk-for-net\tools\legacy\Microsoft.WindowsAzure.Build.Tasks\Build.Tasks.Tests\PublishNugetTests\PublishTests.cs(95,10): error CS0246: The type or namespace name 'FactAttribute' could not be found (are you missing a using directive or an assembly reference?)
C:\gh\azure-sdk-for-net\tools\legacy\Microsoft.WindowsAzure.Build.Tasks\Build.Tasks.Tests\PublishNugetTests\PublishTests.cs(95,10): error CS0246: The type or namespace name 'Fact' could not be found (are you missing a using directive or an assembly reference?)
C:\gh\azure-sdk-for-net\tools\legacy\Microsoft.WindowsAzure.Build.Tasks\Build.Tasks.Tests\CategorizeProjectTaskTest.cs(93,10): error CS0246: The type or namespace name 'FactAttribute' could not be found (are you missing a using directive or an assembly reference?)
C:\gh\azure-sdk-for-net\tools\legacy\Microsoft.WindowsAzure.Build.Tasks\Build.Tasks.Tests\CategorizeProjectTaskTest.cs(93,10): error CS0246: The type or namespace name 'Fact' could not be found (are you missing a using directive or an assembly reference?)
C:\gh\azure-sdk-for-net\tools\legacy\Microsoft.WindowsAzure.Build.Tasks\Build.Tasks.Tests\CategorizeProjectTaskTest.cs(112,10): error CS0246: The type or namespace name 'FactAttribute' could not be found (are you missing a using directive or an assembly reference?)
C:\gh\azure-sdk-for-net\tools\legacy\Microsoft.WindowsAzure.Build.Tasks\Build.Tasks.Tests\CategorizeProjectTaskTest.cs(112,10): error CS0246: The type or namespace name 'Fact' could not be found (are you missing a using directive or an assembly reference?)
C:\gh\azure-sdk-for-net\tools\legacy\Microsoft.WindowsAzure.Build.Tasks\Build.Tasks.Tests\PublishNugetTests\PublishTests.cs(116,10): error CS0246: The type or namespace name 'FactAttribute' could not be found (are you missing a using directive or an assembly reference?)
C:\gh\azure-sdk-for-net\tools\legacy\Microsoft.WindowsAzure.Build.Tasks\Build.Tasks.Tests\PublishNugetTests\PublishTests.cs(116,10): error CS0246: The type or namespace name 'Fact' could not be found (are you missing a using directive or an assembly reference?)
C:\gh\azure-sdk-for-net\tools\legacy\Microsoft.WindowsAzure.Build.Tasks\Build.Tasks.Tests\CategorizeProjectTaskTest.cs(127,10): error CS0246: The type or namespace name 'FactAttribute' could not be found (are you missing a using directive or an assembly reference?)
C:\gh\azure-sdk-for-net\tools\legacy\Microsoft.WindowsAzure.Build.Tasks\Build.Tasks.Tests\CategorizeProjectTaskTest.cs(127,10): error CS0246: The type or namespace name 'Fact' could not be found (are you missing a using directive or an assembly reference?)
C:\gh\azure-sdk-for-net\tools\legacy\Microsoft.WindowsAzure.Build.Tasks\Build.Tasks.Tests\CategorizeProjectTaskTest.cs(146,10): error CS0246: The type or namespace name 'FactAttribute' could not be found (are you missing a using directive or an assembly reference?)
C:\gh\azure-sdk-for-net\tools\legacy\Microsoft.WindowsAzure.Build.Tasks\Build.Tasks.Tests\CategorizeProjectTaskTest.cs(146,10): error CS0246: The type or namespace name 'Fact' could not be found (are you missing a using directive or an assembly reference?)
C:\gh\azure-sdk-for-net\tools\legacy\Microsoft.WindowsAzure.Build.Tasks\Build.Tasks.Tests\CategorizeProjectTaskTest.cs(165,10): error CS0246: The type or namespace name 'FactAttribute' could not be found (are you missing a using directive or an assembly reference?)
C:\gh\azure-sdk-for-net\tools\legacy\Microsoft.WindowsAzure.Build.Tasks\Build.Tasks.Tests\CategorizeProjectTaskTest.cs(165,10): error CS0246: The type or namespace name 'Fact' could not be found (are you missing a using directive or an assembly reference?)
C:\gh\azure-sdk-for-net\tools\legacy\Microsoft.WindowsAzure.Build.Tasks\Build.Tasks.Tests\PublishNugetTests\PublishTests.cs(126,10): error CS0246: The type or namespace name 'FactAttribute' could not be found (are you missing a using directive or an assembly reference?)
C:\gh\azure-sdk-for-net\tools\legacy\Microsoft.WindowsAzure.Build.Tasks\Build.Tasks.Tests\PublishNugetTests\PublishTests.cs(126,10): error CS0246: The type or namespace name 'Fact' could not be found (are you missing a using directive or an assembly reference?)
C:\gh\azure-sdk-for-net\tools\legacy\Microsoft.WindowsAzure.Build.Tasks\Build.Tasks.Tests\CategorizeProjectTaskTest.cs(181,10): error CS0246: The type or namespace name 'FactAttribute' could not be found (are you missing a using directive or an assembly reference?)
C:\gh\azure-sdk-for-net\tools\legacy\Microsoft.WindowsAzure.Build.Tasks\Build.Tasks.Tests\CategorizeProjectTaskTest.cs(181,10): error CS0246: The type or namespace name 'Fact' could not be found (are you missing a using directive or an assembly reference?)
C:\gh\azure-sdk-for-net\tools\legacy\Microsoft.WindowsAzure.Build.Tasks\Build.Tasks.Tests\PublishNugetTests\PublishTests.cs(138,10): error CS0246: The type or namespace name 'FactAttribute' could not be found (are you missing a using directive or an assembly reference?)
C:\gh\azure-sdk-for-net\tools\legacy\Microsoft.WindowsAzure.Build.Tasks\Build.Tasks.Tests\PublishNugetTests\PublishTests.cs(138,10): error CS0246: The type or namespace name 'Fact' could not be found (are you missing a using directive or an assembly reference?)
C:\gh\azure-sdk-for-net\tools\legacy\Microsoft.WindowsAzure.Build.Tasks\Build.Tasks.Tests\PublishNugetTests\PublishTests.cs(161,10): error CS0246: The type or namespace name 'FactAttribute' could not be found (are you missing a using directive or an assembly reference?)
C:\gh\azure-sdk-for-net\tools\legacy\Microsoft.WindowsAzure.Build.Tasks\Build.Tasks.Tests\PublishNugetTests\PublishTests.cs(161,10): error CS0246: The type or namespace name 'Fact' could not be found (are you missing a using directive or an assembly reference?)
C:\gh\azure-sdk-for-net\tools\legacy\Microsoft.WindowsAzure.Build.Tasks\Build.Tasks.Tests\PublishNugetTests\PublishTests.cs(173,10): error CS0246: The type or namespace name 'FactAttribute' could not be found (are you missing a using directive or an assembly reference?)
C:\gh\azure-sdk-for-net\tools\legacy\Microsoft.WindowsAzure.Build.Tasks\Build.Tasks.Tests\PublishNugetTests\PublishTests.cs(173,10): error CS0246: The type or namespace name 'Fact' could not be found (are you missing a using directive or an assembly reference?)
C:\gh\azure-sdk-for-net\tools\legacy\Microsoft.WindowsAzure.Build.Tasks\Build.Tasks.Tests\PublishNugetTests\PublishTests.cs(183,10): error CS0246: The type or namespace name 'FactAttribute' could not be found (are you missing a using directive or an assembly reference?)
C:\gh\azure-sdk-for-net\tools\legacy\Microsoft.WindowsAzure.Build.Tasks\Build.Tasks.Tests\PublishNugetTests\PublishTests.cs(183,10): error CS0246: The type or namespace name 'Fact' could not be found (are you missing a using directive or an assembly reference?)
C:\gh\azure-sdk-for-net\tools\legacy\Microsoft.WindowsAzure.Build.Tasks\Build.Tasks.Tests\PublishNugetTests\PublishTests.cs(191,10): error CS0246: The type or namespace name 'FactAttribute' could not be found (are you missing a using directive or an assembly reference?)
C:\gh\azure-sdk-for-net\tools\legacy\Microsoft.WindowsAzure.Build.Tasks\Build.Tasks.Tests\PublishNugetTests\PublishTests.cs(191,10): error CS0246: The type or namespace name 'Fact' could not be found (are you missing a using directive or an assembly reference?)
C:\gh\azure-sdk-for-net\tools\legacy\Microsoft.WindowsAzure.Build.Tasks\Build.Tasks.Tests\PublishNugetTests\PublishTests.cs(198,10): error CS0246: The type or namespace name 'FactAttribute' could not be found (are you missing a using directive or an assembly reference?)
C:\gh\azure-sdk-for-net\tools\legacy\Microsoft.WindowsAzure.Build.Tasks\Build.Tasks.Tests\PublishNugetTests\PublishTests.cs(198,10): error CS0246: The type or namespace name 'Fact' could not be found (are you missing a using directive or an assembly reference?)
C:\gh\azure-sdk-for-net\tools\legacy\Microsoft.WindowsAzure.Build.Tasks\Build.Tasks.Tests\PublishNugetTests\PublishTests.cs(78,17): error CS0122: 'Assert' is inaccessible due to its protection level
C:\gh\azure-sdk-for-net\tools\legacy\Microsoft.WindowsAzure.Build.Tasks\Build.Tasks.Tests\CategorizeProjectTaskTest.cs(39,17): error CS0103: The name 'Assert' does not exist in the current context
C:\gh\azure-sdk-for-net\tools\legacy\Microsoft.WindowsAzure.Build.Tasks\Build.Tasks.Tests\CategorizeProjectTaskTest.cs(39,66): error CS0246: The type or namespace name 'ITaskItem' could not be found (are you missing a using directive or an assembly reference?)
C:\gh\azure-sdk-for-net\tools\legacy\Microsoft.WindowsAzure.Build.Tasks\Build.Tasks.Tests\CategorizeProjectTaskTest.cs(39,29): error CS1929: 'ITaskItem[]' does not contain a definition for 'Count' and the best extension method overload 'Queryable.Count<ITaskItem>(IQueryable<ITaskItem>)' requires a receiver of type 'IQueryable<ITaskItem>'
C:\gh\azure-sdk-for-net\tools\legacy\Microsoft.WindowsAzure.Build.Tasks\Build.Tasks.Tests\CategorizeProjectTaskTest.cs(40,17): error CS0103: The name 'Assert' does not exist in the current context
C:\gh\azure-sdk-for-net\tools\legacy\Microsoft.WindowsAzure.Build.Tasks\Build.Tasks.Tests\CategorizeProjectTaskTest.cs(40,70): error CS0246: The type or namespace name 'ITaskItem' could not be found (are you missing a using directive or an assembly reference?)
C:\gh\azure-sdk-for-net\tools\legacy\Microsoft.WindowsAzure.Build.Tasks\Build.Tasks.Tests\CategorizeProjectTaskTest.cs(40,29): error CS1929: 'ITaskItem[]' does not contain a definition for 'Count' and the best extension method overload 'Queryable.Count<ITaskItem>(IQueryable<ITaskItem>)' requires a receiver of type 'IQueryable<ITaskItem>'
C:\gh\azure-sdk-for-net\tools\legacy\Microsoft.WindowsAzure.Build.Tasks\Build.Tasks.Tests\CategorizeProjectTaskTest.cs(44,17): error CS0103: The name 'Assert' does not exist in the current context
C:\gh\azure-sdk-for-net\tools\legacy\Microsoft.WindowsAzure.Build.Tasks\Build.Tasks.Tests\PublishNugetTests\PublishTests.cs(92,13): error CS0122: 'Assert' is inaccessible due to its protection level
C:\gh\azure-sdk-for-net\tools\legacy\Microsoft.WindowsAzure.Build.Tasks\Build.Tasks.Tests\PublishNugetTests\PublishTests.cs(108,13): error CS0122: 'Assert' is inaccessible due to its protection level
C:\gh\azure-sdk-for-net\tools\legacy\Microsoft.WindowsAzure.Build.Tasks\Build.Tasks.Tests\PublishNugetTests\PublishTests.cs(112,17): error CS0122: 'Assert' is inaccessible due to its protection level
C:\gh\azure-sdk-for-net\tools\legacy\Microsoft.WindowsAzure.Build.Tasks\Build.Tasks.Tests\PublishNugetTests\PublishTests.cs(120,13): error CS0122: 'Assert' is inaccessible due to its protection level
C:\gh\azure-sdk-for-net\tools\legacy\Microsoft.WindowsAzure.Build.Tasks\Build.Tasks.Tests\PublishNugetTests\PublishTests.cs(121,13): error CS0122: 'Assert' is inaccessible due to its protection level
C:\gh\azure-sdk-for-net\tools\legacy\Microsoft.WindowsAzure.Build.Tasks\Build.Tasks.Tests\PublishNugetTests\PublishTests.cs(135,13): error CS0122: 'Assert' is inaccessible due to its protection level
C:\gh\azure-sdk-for-net\tools\legacy\Microsoft.WindowsAzure.Build.Tasks\Build.Tasks.Tests\CategorizeProjectTaskTest.cs(58,124): error CS0246: The type or namespace name 'ITaskItem' could not be found (are you missing a using directive or an assembly reference?)
C:\gh\azure-sdk-for-net\tools\legacy\Microsoft.WindowsAzure.Build.Tasks\Build.Tasks.Tests\CategorizeProjectTaskTest.cs(58,85): error CS1929: 'ITaskItem[]' does not contain a definition for 'Count' and the best extension method overload 'Queryable.Count<ITaskItem>(IQueryable<ITaskItem>)' requires a receiver of type 'IQueryable<ITaskItem>'
C:\gh\azure-sdk-for-net\tools\legacy\Microsoft.WindowsAzure.Build.Tasks\Build.Tasks.Tests\CategorizeProjectTaskTest.cs(59,17): error CS0103: The name 'Assert' does not exist in the current context
C:\gh\azure-sdk-for-net\tools\legacy\Microsoft.WindowsAzure.Build.Tasks\Build.Tasks.Tests\CategorizeProjectTaskTest.cs(60,17): error CS0103: The name 'Assert' does not exist in the current context
C:\gh\azure-sdk-for-net\tools\legacy\Microsoft.WindowsAzure.Build.Tasks\Build.Tasks.Tests\CategorizeProjectTaskTest.cs(60,75): error CS0246: The type or namespace name 'ITaskItem' could not be found (are you missing a using directive or an assembly reference?)
C:\gh\azure-sdk-for-net\tools\legacy\Microsoft.WindowsAzure.Build.Tasks\Build.Tasks.Tests\CategorizeProjectTaskTest.cs(60,34): error CS1929: 'ITaskItem[]' does not contain a definition for 'Count' and the best extension method overload 'Queryable.Count<ITaskItem>(IQueryable<ITaskItem>)' requires a receiver of type 'IQueryable<ITaskItem>'
C:\gh\azure-sdk-for-net\tools\legacy\Microsoft.WindowsAzure.Build.Tasks\Build.Tasks.Tests\CategorizeProjectTaskTest.cs(61,17): error CS0103: The name 'Assert' does not exist in the current context
C:\gh\azure-sdk-for-net\tools\legacy\Microsoft.WindowsAzure.Build.Tasks\Build.Tasks.Tests\CategorizeProjectTaskTest.cs(61,71): error CS0246: The type or namespace name 'ITaskItem' could not be found (are you missing a using directive or an assembly reference?)
C:\gh\azure-sdk-for-net\tools\legacy\Microsoft.WindowsAzure.Build.Tasks\Build.Tasks.Tests\CategorizeProjectTaskTest.cs(61,33): error CS1929: 'ITaskItem[]' does not contain a definition for 'Count' and the best extension method overload 'Queryable.Count<ITaskItem>(IQueryable<ITaskItem>)' requires a receiver of type 'IQueryable<ITaskItem>'
C:\gh\azure-sdk-for-net\tools\legacy\Microsoft.WindowsAzure.Build.Tasks\Build.Tasks.Tests\PublishNugetTests\PublishTests.cs(156,21): error CS0122: 'Assert' is inaccessible due to its protection level
C:\gh\azure-sdk-for-net\tools\legacy\Microsoft.WindowsAzure.Build.Tasks\Build.Tasks.Tests\CategorizeProjectTaskTest.cs(75,17): error CS0103: The name 'Assert' does not exist in the current context
C:\gh\azure-sdk-for-net\tools\legacy\Microsoft.WindowsAzure.Build.Tasks\Build.Tasks.Tests\CategorizeProjectTaskTest.cs(75,67): error CS0246: The type or namespace name 'ITaskItem' could not be found (are you missing a using directive or an assembly reference?)
C:\gh\azure-sdk-for-net\tools\legacy\Microsoft.WindowsAzure.Build.Tasks\Build.Tasks.Tests\CategorizeProjectTaskTest.cs(75,30): error CS1929: 'ITaskItem[]' does not contain a definition for 'Count' and the best extension method overload 'Queryable.Count<ITaskItem>(IQueryable<ITaskItem>)' requires a receiver of type 'IQueryable<ITaskItem>'
C:\gh\azure-sdk-for-net\tools\legacy\Microsoft.WindowsAzure.Build.Tasks\Build.Tasks.Tests\CategorizeProjectTaskTest.cs(76,17): error CS0103: The name 'Assert' does not exist in the current context
C:\gh\azure-sdk-for-net\tools\legacy\Microsoft.WindowsAzure.Build.Tasks\Build.Tasks.Tests\CategorizeProjectTaskTest.cs(76,71): error CS0246: The type or namespace name 'ITaskItem' could not be found (are you missing a using directive or an assembly reference?)
C:\gh\azure-sdk-for-net\tools\legacy\Microsoft.WindowsAzure.Build.Tasks\Build.Tasks.Tests\CategorizeProjectTaskTest.cs(76,30): error CS1929: 'ITaskItem[]' does not contain a definition for 'Count' and the best extension method overload 'Queryable.Count<ITaskItem>(IQueryable<ITaskItem>)' requires a receiver of type 'IQueryable<ITaskItem>'
C:\gh\azure-sdk-for-net\tools\legacy\Microsoft.WindowsAzure.Build.Tasks\Build.Tasks.Tests\PublishNugetTests\PublishTests.cs(170,13): error CS0122: 'Assert' is inaccessible due to its protection level
C:\gh\azure-sdk-for-net\tools\legacy\Microsoft.WindowsAzure.Build.Tasks\Build.Tasks.Tests\PublishNugetTests\PublishTests.cs(180,13): error CS0122: 'Assert' is inaccessible due to its protection level
C:\gh\azure-sdk-for-net\tools\legacy\Microsoft.WindowsAzure.Build.Tasks\Build.Tasks.Tests\CategorizeProjectTaskTest.cs(89,17): error CS0103: The name 'Assert' does not exist in the current context
C:\gh\azure-sdk-for-net\tools\legacy\Microsoft.WindowsAzure.Build.Tasks\Build.Tasks.Tests\CategorizeProjectTaskTest.cs(89,72): error CS0246: The type or namespace name 'ITaskItem' could not be found (are you missing a using directive or an assembly reference?)
C:\gh\azure-sdk-for-net\tools\legacy\Microsoft.WindowsAzure.Build.Tasks\Build.Tasks.Tests\CategorizeProjectTaskTest.cs(89,33): error CS1929: 'ITaskItem[]' does not contain a definition for 'Count' and the best extension method overload 'Queryable.Count<ITaskItem>(IQueryable<ITaskItem>)' requires a receiver of type 'IQueryable<ITaskItem>'
C:\gh\azure-sdk-for-net\tools\legacy\Microsoft.WindowsAzure.Build.Tasks\Build.Tasks.Tests\PublishNugetTests\PublishTests.cs(188,13): error CS0122: 'Assert' is inaccessible due to its protection level
C:\gh\azure-sdk-for-net\tools\legacy\Microsoft.WindowsAzure.Build.Tasks\Build.Tasks.Tests\PublishNugetTests\PublishTests.cs(195,13): error CS0122: 'Assert' is inaccessible due to its protection level
C:\gh\azure-sdk-for-net\tools\legacy\Microsoft.WindowsAzure.Build.Tasks\Build.Tasks.Tests\PublishNugetTests\PublishTests.cs(207,13): error CS0122: 'Assert' is inaccessible due to its protection level
C:\gh\azure-sdk-for-net\tools\legacy\Microsoft.WindowsAzure.Build.Tasks\Build.Tasks.Tests\CategorizeProjectTaskTest.cs(103,17): error CS0103: The name 'Assert' does not exist in the current context
C:\gh\azure-sdk-for-net\tools\legacy\Microsoft.WindowsAzure.Build.Tasks\Build.Tasks.Tests\CategorizeProjectTaskTest.cs(103,66): error CS0246: The type or namespace name 'ITaskItem' could not be found (are you missing a using directive or an assembly reference?)
C:\gh\azure-sdk-for-net\tools\legacy\Microsoft.WindowsAzure.Build.Tasks\Build.Tasks.Tests\CategorizeProjectTaskTest.cs(103,29): error CS1929: 'ITaskItem[]' does not contain a definition for 'Count' and the best extension method overload 'Queryable.Count<ITaskItem>(IQueryable<ITaskItem>)' requires a receiver of type 'IQueryable<ITaskItem>'
C:\gh\azure-sdk-for-net\tools\legacy\Microsoft.WindowsAzure.Build.Tasks\Build.Tasks.Tests\CategorizeProjectTaskTest.cs(104,17): error CS0103: The name 'Assert' does not exist in the current context
C:\gh\azure-sdk-for-net\tools\legacy\Microsoft.WindowsAzure.Build.Tasks\Build.Tasks.Tests\CategorizeProjectTaskTest.cs(104,70): error CS0246: The type or namespace name 'ITaskItem' could not be found (are you missing a using directive or an assembly reference?)
C:\gh\azure-sdk-for-net\tools\legacy\Microsoft.WindowsAzure.Build.Tasks\Build.Tasks.Tests\CategorizeProjectTaskTest.cs(104,29): error CS1929: 'ITaskItem[]' does not contain a definition for 'Count' and the best extension method overload 'Queryable.Count<ITaskItem>(IQueryable<ITaskItem>)' requires a receiver of type 'IQueryable<ITaskItem>'
C:\gh\azure-sdk-for-net\tools\legacy\Microsoft.WindowsAzure.Build.Tasks\Build.Tasks.Tests\CategorizeProjectTaskTest.cs(108,17): error CS0103: The name 'Assert' does not exist in the current context
C:\gh\azure-sdk-for-net\tools\legacy\Microsoft.WindowsAzure.Build.Tasks\Build.Tasks.Tests\CategorizeProjectTaskTest.cs(122,17): error CS0103: The name 'Assert' does not exist in the current context
C:\gh\azure-sdk-for-net\tools\legacy\Microsoft.WindowsAzure.Build.Tasks\Build.Tasks.Tests\CategorizeProjectTaskTest.cs(122,67): error CS0246: The type or namespace name 'ITaskItem' could not be found (are you missing a using directive or an assembly reference?)
C:\gh\azure-sdk-for-net\tools\legacy\Microsoft.WindowsAzure.Build.Tasks\Build.Tasks.Tests\CategorizeProjectTaskTest.cs(122,30): error CS1929: 'ITaskItem[]' does not contain a definition for 'Count' and the best extension method overload 'Queryable.Count<ITaskItem>(IQueryable<ITaskItem>)' requires a receiver of type 'IQueryable<ITaskItem>'
C:\gh\azure-sdk-for-net\tools\legacy\Microsoft.WindowsAzure.Build.Tasks\Build.Tasks.Tests\CategorizeProjectTaskTest.cs(123,17): error CS0103: The name 'Assert' does not exist in the current context
C:\gh\azure-sdk-for-net\tools\legacy\Microsoft.WindowsAzure.Build.Tasks\Build.Tasks.Tests\CategorizeProjectTaskTest.cs(123,71): error CS0246: The type or namespace name 'ITaskItem' could not be found (are you missing a using directive or an assembly reference?)
C:\gh\azure-sdk-for-net\tools\legacy\Microsoft.WindowsAzure.Build.Tasks\Build.Tasks.Tests\CategorizeProjectTaskTest.cs(123,30): error CS1929: 'ITaskItem[]' does not contain a definition for 'Count' and the best extension method overload 'Queryable.Count<ITaskItem>(IQueryable<ITaskItem>)' requires a receiver of type 'IQueryable<ITaskItem>'
C:\gh\azure-sdk-for-net\tools\legacy\Microsoft.WindowsAzure.Build.Tasks\Build.Tasks.Tests\CategorizeProjectTaskTest.cs(141,17): error CS0103: The name 'Assert' does not exist in the current context
C:\gh\azure-sdk-for-net\tools\legacy\Microsoft.WindowsAzure.Build.Tasks\Build.Tasks.Tests\CategorizeProjectTaskTest.cs(141,70): error CS0246: The type or namespace name 'ITaskItem' could not be found (are you missing a using directive or an assembly reference?)
C:\gh\azure-sdk-for-net\tools\legacy\Microsoft.WindowsAzure.Build.Tasks\Build.Tasks.Tests\CategorizeProjectTaskTest.cs(141,33): error CS1929: 'ITaskItem[]' does not contain a definition for 'Count' and the best extension method overload 'Queryable.Count<ITaskItem>(IQueryable<ITaskItem>)' requires a receiver of type 'IQueryable<ITaskItem>'
C:\gh\azure-sdk-for-net\tools\legacy\Microsoft.WindowsAzure.Build.Tasks\Build.Tasks.Tests\CategorizeProjectTaskTest.cs(142,17): error CS0103: The name 'Assert' does not exist in the current context
C:\gh\azure-sdk-for-net\tools\legacy\Microsoft.WindowsAzure.Build.Tasks\Build.Tasks.Tests\CategorizeProjectTaskTest.cs(142,74): error CS0246: The type or namespace name 'ITaskItem' could not be found (are you missing a using directive or an assembly reference?)
C:\gh\azure-sdk-for-net\tools\legacy\Microsoft.WindowsAzure.Build.Tasks\Build.Tasks.Tests\CategorizeProjectTaskTest.cs(142,33): error CS1929: 'ITaskItem[]' does not contain a definition for 'Count' and the best extension method overload 'Queryable.Count<ITaskItem>(IQueryable<ITaskItem>)' requires a receiver of type 'IQueryable<ITaskItem>'
C:\gh\azure-sdk-for-net\tools\legacy\Microsoft.WindowsAzure.Build.Tasks\Build.Tasks.Tests\CategorizeProjectTaskTest.cs(159,17): error CS0103: The name 'Assert' does not exist in the current context
C:\gh\azure-sdk-for-net\tools\legacy\Microsoft.WindowsAzure.Build.Tasks\Build.Tasks.Tests\CategorizeProjectTaskTest.cs(160,17): error CS0103: The name 'Assert' does not exist in the current context
C:\gh\azure-sdk-for-net\tools\legacy\Microsoft.WindowsAzure.Build.Tasks\Build.Tasks.Tests\CategorizeProjectTaskTest.cs(161,17): error CS0103: The name 'Assert' does not exist in the current context
C:\gh\azure-sdk-for-net\tools\legacy\Microsoft.WindowsAzure.Build.Tasks\Build.Tasks.Tests\CategorizeProjectTaskTest.cs(161,74): error CS0246: The type or namespace name 'ITaskItem' could not be found (are you missing a using directive or an assembly reference?)
C:\gh\azure-sdk-for-net\tools\legacy\Microsoft.WindowsAzure.Build.Tasks\Build.Tasks.Tests\CategorizeProjectTaskTest.cs(161,33): error CS1929: 'ITaskItem[]' does not contain a definition for 'Count' and the best extension method overload 'Queryable.Count<ITaskItem>(IQueryable<ITaskItem>)' requires a receiver of type 'IQueryable<ITaskItem>'
C:\gh\azure-sdk-for-net\tools\legacy\Microsoft.WindowsAzure.Build.Tasks\Build.Tasks.Tests\CategorizeProjectTaskTest.cs(176,17): error CS0103: The name 'Assert' does not exist in the current context
C:\gh\azure-sdk-for-net\tools\legacy\Microsoft.WindowsAzure.Build.Tasks\Build.Tasks.Tests\CategorizeProjectTaskTest.cs(176,72): error CS0246: The type or namespace name 'ITaskItem' could not be found (are you missing a using directive or an assembly reference?)
C:\gh\azure-sdk-for-net\tools\legacy\Microsoft.WindowsAzure.Build.Tasks\Build.Tasks.Tests\CategorizeProjectTaskTest.cs(176,33): error CS1929: 'ITaskItem[]' does not contain a definition for 'Count' and the best extension method overload 'Queryable.Count<ITaskItem>(IQueryable<ITaskItem>)' requires a receiver of type 'IQueryable<ITaskItem>'
C:\gh\azure-sdk-for-net\tools\legacy\Microsoft.WindowsAzure.Build.Tasks\Build.Tasks.Tests\CategorizeProjectTaskTest.cs(177,17): error CS0103: The name 'Assert' does not exist in the current context
C:\gh\azure-sdk-for-net\tools\legacy\Microsoft.WindowsAzure.Build.Tasks\Build.Tasks.Tests\CategorizeProjectTaskTest.cs(177,74): error CS0246: The type or namespace name 'ITaskItem' could not be found (are you missing a using directive or an assembly reference?)
C:\gh\azure-sdk-for-net\tools\legacy\Microsoft.WindowsAzure.Build.Tasks\Build.Tasks.Tests\CategorizeProjectTaskTest.cs(177,33): error CS1929: 'ITaskItem[]' does not contain a definition for 'Count' and the best extension method overload 'Queryable.Count<ITaskItem>(IQueryable<ITaskItem>)' requires a receiver of type 'IQueryable<ITaskItem>'
C:\gh\azure-sdk-for-net\tools\legacy\Microsoft.WindowsAzure.Build.Tasks\Build.Tasks.Tests\CategorizeProjectTaskTest.cs(192,17): error CS0103: The name 'Assert' does not exist in the current context
C:\gh\azure-sdk-for-net\tools\legacy\Microsoft.WindowsAzure.Build.Tasks\Build.Tasks.Tests\CategorizeProjectTaskTest.cs(193,17): error CS0103: The name 'Assert' does not exist in the current context
C:\gh\azure-sdk-for-net\tools\legacy\Microsoft.WindowsAzure.Build.Tasks\Build.Tasks.Tests\PublishNugetTests\PublishTests.cs(5,1): hidden CS8019: Unnecessary using directive.
C:\gh\azure-sdk-for-net\tools\legacy\Microsoft.WindowsAzure.Build.Tasks\Build.Tasks.Tests\sdkProjectTaskItem.cs(8,1): hidden CS8019: Unnecessary using directive.
C:\gh\azure-sdk-for-net\tools\legacy\Microsoft.WindowsAzure.Build.Tasks\Build.Tasks.Tests\CategorizeProjectTaskTest.cs(8,1): hidden CS8019: Unnecessary using directive.
C:\gh\azure-sdk-for-net\artifacts\obj\Build.Tasks.Tests\Debug\net46\Build.Tasks.Tests.AssemblyInfo.cs(12,1): hidden CS8019: Unnecessary using directive.
C:\gh\azure-sdk-for-net\artifacts\obj\Build.Tasks.Tests\Debug\net46\.NETFramework,Version=v4.6.AssemblyAttributes.cs(2,1): hidden CS8019: Unnecessary using directive.
C:\gh\azure-sdk-for-net\artifacts\obj\Build.Tasks.Tests\Debug\net46\.NETFramework,Version=v4.6.AssemblyAttributes.cs(3,1): hidden CS8019: Unnecessary using directive.
C:\gh\azure-sdk-for-net\tools\legacy\Microsoft.WindowsAzure.Build.Tasks\Build.Tasks.Tests\sdkProjectTaskItem.cs(4,1): hidden CS8019: Unnecessary using directive.
C:\gh\azure-sdk-for-net\tools\legacy\Microsoft.WindowsAzure.Build.Tasks\Build.Tasks.Tests\sdkProjectTaskItem.cs(7,1): hidden CS8019: Unnecessary using directive.
C:\gh\azure-sdk-for-net\tools\legacy\Microsoft.WindowsAzure.Build.Tasks\Build.Tasks.Tests\PublishNugetTests\PublishTests.cs(7,1): hidden CS8019: Unnecessary using directive.
C:\gh\azure-sdk-for-net\tools\legacy\Microsoft.WindowsAzure.Build.Tasks\Build.Tasks.Tests\PublishNugetTests\PublishTests.cs(10,1): hidden CS8019: Unnecessary using directive.
C:\gh\azure-sdk-for-net\tools\legacy\Microsoft.WindowsAzure.Build.Tasks\Build.Tasks.Tests\sdkProjectTaskItem.cs(6,1): hidden CS8019: Unnecessary using directive.
C:\gh\azure-sdk-for-net\tools\legacy\Microsoft.WindowsAzure.Build.Tasks\Build.Tasks.Tests\CategorizeProjectTaskTest.cs(5,1): hidden CS8019: Unnecessary using directive.
C:\gh\azure-sdk-for-net\tools\legacy\Microsoft.WindowsAzure.Build.Tasks\Build.Tasks.Tests\sdkProjectTaskItem.cs(9,1): hidden CS8019: Unnecessary using directive.
C:\gh\azure-sdk-for-net\tools\legacy\Microsoft.WindowsAzure.Build.Tasks\Build.Tasks.Tests\CategorizeProjectTaskTest.cs(6,1): hidden CS8019: Unnecessary using directive.
C:\gh\azure-sdk-for-net\tools\legacy\Microsoft.WindowsAzure.Build.Tasks\Build.Tasks.Tests\CategorizeProjectTaskTest.cs(7,1): hidden CS8019: Unnecessary using directive.
C:\gh\azure-sdk-for-net\tools\legacy\Microsoft.WindowsAzure.Build.Tasks\Build.Tasks.Tests\CategorizeProjectTaskTest.cs(13,1): hidden CS8019: Unnecessary using directive.
C:\gh\azure-sdk-for-net\artifacts\obj\Build.Tasks.Tests\Debug\net46\Build.Tasks.Tests.AssemblyInfo.cs(11,1): hidden CS8019: Unnecessary using directive.
C:\gh\azure-sdk-for-net\tools\legacy\Microsoft.WindowsAzure.Build.Tasks\Build.Tasks.Tests\PublishNugetTests\PublishTests.cs(11,1): hidden CS8019: Unnecessary using directive.
C:\gh\azure-sdk-for-net\tools\legacy\Microsoft.WindowsAzure.Build.Tasks\Build.Tasks.Tests\CategorizeProjectTaskTest.cs(12,1): hidden CS8019: Unnecessary using directive.
C:\gh\azure-sdk-for-net\tools\legacy\Microsoft.WindowsAzure.Build.Tasks\Build.Tasks.Tests\PublishNugetTests\PublishTests.cs(9,1): hidden CS8019: Unnecessary using directive.
