C:\gh\azure-sdk-for-net\sdk\kubernetesconfiguration\Microsoft.Azure.Management.KubernetesConfiguration\tests\TestSupport\ClusterInfo.cs(23,22): error CS0518: Predefined type 'System.String' is not defined or imported
C:\gh\azure-sdk-for-net\sdk\kubernetesconfiguration\Microsoft.Azure.Management.KubernetesConfiguration\tests\TestSupport\ClusterInfo.cs(24,22): error CS0518: Predefined type 'System.String' is not defined or imported
C:\gh\azure-sdk-for-net\sdk\kubernetesconfiguration\Microsoft.Azure.Management.KubernetesConfiguration\tests\Helpers\RecordedDelegatingHandler.cs(10,46): error CS0246: The type or namespace name 'DelegatingHandler' could not be found (are you missing a using directive or an assembly reference?)
C:\gh\azure-sdk-for-net\sdk\kubernetesconfiguration\Microsoft.Azure.Management.KubernetesConfiguration\tests\TestSupport\SourceControlConfigurationTestBase.cs(24,22): error CS0518: Predefined type 'System.String' is not defined or imported
C:\gh\azure-sdk-for-net\sdk\kubernetesconfiguration\Microsoft.Azure.Management.KubernetesConfiguration\tests\TestSupport\ClusterInfo.cs(11,25): error CS0518: Predefined type 'System.String' is not defined or imported
C:\gh\azure-sdk-for-net\sdk\kubernetesconfiguration\Microsoft.Azure.Management.KubernetesConfiguration\tests\TestSupport\SourceControlConfigurationTestBase.cs(25,22): error CS0518: Predefined type 'System.String' is not defined or imported
C:\gh\azure-sdk-for-net\sdk\kubernetesconfiguration\Microsoft.Azure.Management.KubernetesConfiguration\tests\TestSupport\SourceControlConfigurationTestBase.cs(26,22): error CS0518: Predefined type 'System.String' is not defined or imported
C:\gh\azure-sdk-for-net\sdk\kubernetesconfiguration\Microsoft.Azure.Management.KubernetesConfiguration\tests\TestSupport\ClusterInfo.cs(26,28): error CS0518: Predefined type 'System.String' is not defined or imported
C:\gh\azure-sdk-for-net\sdk\kubernetesconfiguration\Microsoft.Azure.Management.KubernetesConfiguration\tests\TestSupport\ClusterInfo.cs(26,59): error CS0518: Predefined type 'System.String' is not defined or imported
C:\gh\azure-sdk-for-net\sdk\kubernetesconfiguration\Microsoft.Azure.Management.KubernetesConfiguration\tests\TestSupport\ClusterInfo.cs(26,76): error CS0518: Predefined type 'System.String' is not defined or imported
C:\gh\azure-sdk-for-net\sdk\kubernetesconfiguration\Microsoft.Azure.Management.KubernetesConfiguration\tests\TestSupport\ClusterInfo.cs(26,9): error CS0518: Predefined type 'System.Void' is not defined or imported
C:\gh\azure-sdk-for-net\sdk\kubernetesconfiguration\Microsoft.Azure.Management.KubernetesConfiguration\tests\TestSupport\ClusterInfo.cs(15,25): error CS0518: Predefined type 'System.String' is not defined or imported
C:\gh\azure-sdk-for-net\sdk\kubernetesconfiguration\Microsoft.Azure.Management.KubernetesConfiguration\tests\TestSupport\ClusterInfo.cs(13,25): error CS0518: Predefined type 'System.String' is not defined or imported
C:\gh\azure-sdk-for-net\sdk\kubernetesconfiguration\Microsoft.Azure.Management.KubernetesConfiguration\tests\TestSupport\ClusterInfo.cs(17,21): error CS0518: Predefined type 'System.Int32' is not defined or imported
C:\gh\azure-sdk-for-net\sdk\kubernetesconfiguration\Microsoft.Azure.Management.KubernetesConfiguration\tests\TestSupport\SourceControlConfigurationTestBase.cs(18,55): error CS0246: The type or namespace name 'TestBase' could not be found (are you missing a using directive or an assembly reference?)
C:\gh\azure-sdk-for-net\sdk\kubernetesconfiguration\Microsoft.Azure.Management.KubernetesConfiguration\tests\TestSupport\SourceControlConfigurationTestBase.cs(18,65): error CS0246: The type or namespace name 'IDisposable' could not be found (are you missing a using directive or an assembly reference?)
C:\gh\azure-sdk-for-net\sdk\kubernetesconfiguration\Microsoft.Azure.Management.KubernetesConfiguration\tests\TestSupport\ClusterInfo.cs(30,27): error CS0518: Predefined type 'System.Delegate' is not defined or imported
C:\gh\azure-sdk-for-net\sdk\kubernetesconfiguration\Microsoft.Azure.Management.KubernetesConfiguration\tests\TestSupport\ClusterInfo.cs(9,18): error CS0518: Predefined type 'System.Object' is not defined or imported
C:\gh\azure-sdk-for-net\sdk\kubernetesconfiguration\Microsoft.Azure.Management.KubernetesConfiguration\tests\TestSupport\ClusterInfo.cs(17,21): error CS0518: Predefined type 'System.Enum' is not defined or imported
C:\gh\azure-sdk-for-net\sdk\kubernetesconfiguration\Microsoft.Azure.Management.KubernetesConfiguration\tests\Helpers\RecordedDelegatingHandler.cs(18,70): error CS0518: Predefined type 'System.Object' is not defined or imported
C:\gh\azure-sdk-for-net\sdk\kubernetesconfiguration\Microsoft.Azure.Management.KubernetesConfiguration\tests\Helpers\RecordedDelegatingHandler.cs(18,70): error CS0246: The type or namespace name 'HttpRequestMessage' could not be found (are you missing a using directive or an assembly reference?)
C:\gh\azure-sdk-for-net\sdk\kubernetesconfiguration\Microsoft.Azure.Management.KubernetesConfiguration\tests\Helpers\RecordedDelegatingHandler.cs(19,13): error CS0518: Predefined type 'System.Object' is not defined or imported
C:\gh\azure-sdk-for-net\sdk\kubernetesconfiguration\Microsoft.Azure.Management.KubernetesConfiguration\tests\Helpers\RecordedDelegatingHandler.cs(19,13): error CS0246: The type or namespace name 'CancellationToken' could not be found (are you missing a using directive or an assembly reference?)
C:\gh\azure-sdk-for-net\sdk\kubernetesconfiguration\Microsoft.Azure.Management.KubernetesConfiguration\tests\Helpers\RecordedDelegatingHandler.cs(18,34): error CS0518: Predefined type 'System.Object' is not defined or imported
C:\gh\azure-sdk-for-net\sdk\kubernetesconfiguration\Microsoft.Azure.Management.KubernetesConfiguration\tests\Helpers\RecordedDelegatingHandler.cs(18,34): error CS0246: The type or namespace name 'Task<>' could not be found (are you missing a using directive or an assembly reference?)
C:\gh\azure-sdk-for-net\sdk\kubernetesconfiguration\Microsoft.Azure.Management.KubernetesConfiguration\tests\Helpers\RecordedDelegatingHandler.cs(18,39): error CS0518: Predefined type 'System.Object' is not defined or imported
C:\gh\azure-sdk-for-net\sdk\kubernetesconfiguration\Microsoft.Azure.Management.KubernetesConfiguration\tests\Helpers\RecordedDelegatingHandler.cs(18,39): error CS0246: The type or namespace name 'HttpResponseMessage' could not be found (are you missing a using directive or an assembly reference?)
C:\gh\azure-sdk-for-net\sdk\kubernetesconfiguration\Microsoft.Azure.Management.KubernetesConfiguration\tests\TestSupport\SourceControlConfigurationTestBase.cs(30,51): error CS0518: Predefined type 'System.Object' is not defined or imported
C:\gh\azure-sdk-for-net\sdk\kubernetesconfiguration\Microsoft.Azure.Management.KubernetesConfiguration\tests\TestSupport\SourceControlConfigurationTestBase.cs(30,51): error CS0246: The type or namespace name 'MockContext' could not be found (are you missing a using directive or an assembly reference?)
C:\gh\azure-sdk-for-net\sdk\kubernetesconfiguration\Microsoft.Azure.Management.KubernetesConfiguration\tests\TestSupport\SourceControlConfigurationTestBase.cs(30,9): error CS0518: Predefined type 'System.Void' is not defined or imported
C:\gh\azure-sdk-for-net\sdk\kubernetesconfiguration\Microsoft.Azure.Management.KubernetesConfiguration\tests\TestSupport\ClusterInfo.cs(23,44): error CS0518: Predefined type 'System.String' is not defined or imported
C:\gh\azure-sdk-for-net\sdk\kubernetesconfiguration\Microsoft.Azure.Management.KubernetesConfiguration\tests\TestSupport\ClusterInfo.cs(24,44): error CS0518: Predefined type 'System.String' is not defined or imported
C:\gh\azure-sdk-for-net\sdk\kubernetesconfiguration\Microsoft.Azure.Management.KubernetesConfiguration\tests\TestSupport\ClusterInfo.cs(14,25): error CS0518: Predefined type 'System.String' is not defined or imported
C:\gh\azure-sdk-for-net\sdk\kubernetesconfiguration\Microsoft.Azure.Management.KubernetesConfiguration\tests\TestSupport\SourceControlConfigurationTestBase.cs(85,16): error CS0518: Predefined type 'System.Object' is not defined or imported
C:\gh\azure-sdk-for-net\sdk\kubernetesconfiguration\Microsoft.Azure.Management.KubernetesConfiguration\tests\TestSupport\SourceControlConfigurationTestBase.cs(85,16): error CS0246: The type or namespace name 'IPage<>' could not be found (are you missing a using directive or an assembly reference?)
C:\gh\azure-sdk-for-net\sdk\kubernetesconfiguration\Microsoft.Azure.Management.KubernetesConfiguration\tests\TestSupport\SourceControlConfigurationTestBase.cs(85,22): error CS0518: Predefined type 'System.Object' is not defined or imported
C:\gh\azure-sdk-for-net\sdk\kubernetesconfiguration\Microsoft.Azure.Management.KubernetesConfiguration\tests\TestSupport\ClusterInfo.cs(12,25): error CS0518: Predefined type 'System.String' is not defined or imported
C:\gh\azure-sdk-for-net\sdk\kubernetesconfiguration\Microsoft.Azure.Management.KubernetesConfiguration\tests\TestSupport\SourceControlConfigurationTestBase.cs(70,16): error CS0518: Predefined type 'System.Void' is not defined or imported
C:\gh\azure-sdk-for-net\sdk\kubernetesconfiguration\Microsoft.Azure.Management.KubernetesConfiguration\tests\TestSupport\SourceControlConfigurationTestBase.cs(24,42): error CS0518: Predefined type 'System.String' is not defined or imported
C:\gh\azure-sdk-for-net\sdk\kubernetesconfiguration\Microsoft.Azure.Management.KubernetesConfiguration\tests\TestSupport\SourceControlConfigurationTestBase.cs(56,16): error CS0518: Predefined type 'System.Object' is not defined or imported
C:\gh\azure-sdk-for-net\sdk\kubernetesconfiguration\Microsoft.Azure.Management.KubernetesConfiguration\tests\ScenarioTests\SourceControlConfigurationTests.cs(16,16): error CS0518: Predefined type 'System.Void' is not defined or imported
C:\gh\azure-sdk-for-net\sdk\kubernetesconfiguration\Microsoft.Azure.Management.KubernetesConfiguration\tests\TestSupport\SourceControlConfigurationTestBase.cs(40,16): error CS0518: Predefined type 'System.Object' is not defined or imported
C:\gh\azure-sdk-for-net\sdk\kubernetesconfiguration\Microsoft.Azure.Management.KubernetesConfiguration\tests\TestSupport\SourceControlConfigurationTestBase.cs(25,49): error CS0518: Predefined type 'System.String' is not defined or imported
C:\gh\azure-sdk-for-net\sdk\kubernetesconfiguration\Microsoft.Azure.Management.KubernetesConfiguration\tests\ScenarioTests\SourceControlConfigurationTests.cs(13,18): error CS0518: Predefined type 'System.Object' is not defined or imported
C:\gh\azure-sdk-for-net\sdk\kubernetesconfiguration\Microsoft.Azure.Management.KubernetesConfiguration\tests\TestSupport\SourceControlConfigurationTestBase.cs(97,16): error CS0518: Predefined type 'System.Void' is not defined or imported
C:\gh\azure-sdk-for-net\eng\mgmt\DisableTestRunParallel.cs(7,12): error CS0246: The type or namespace name 'CollectionBehaviorAttribute' could not be found (are you missing a using directive or an assembly reference?)
C:\gh\azure-sdk-for-net\eng\mgmt\DisableTestRunParallel.cs(7,12): error CS0246: The type or namespace name 'CollectionBehavior' could not be found (are you missing a using directive or an assembly reference?)
C:\gh\azure-sdk-for-net\artifacts\obj\Microsoft.Azure.Management.KubernetesConfiguration.Tests\Debug\netcoreapp2.0\.NETCoreApp,Version=v2.0.AssemblyAttributes.cs(4,20): error CS0400: The type or namespace name 'System' could not be found in the global namespace (are you missing an assembly reference?)
C:\gh\azure-sdk-for-net\artifacts\obj\Microsoft.Azure.Management.KubernetesConfiguration.Tests\Debug\netcoreapp2.0\Microsoft.Azure.Management.KubernetesConfiguration.Tests.AssemblyInfo.cs(14,12): error CS0246: The type or namespace name 'System' could not be found (are you missing a using directive or an assembly reference?)
C:\gh\azure-sdk-for-net\artifacts\obj\Microsoft.Azure.Management.KubernetesConfiguration.Tests\Debug\netcoreapp2.0\Microsoft.Azure.Management.KubernetesConfiguration.Tests.AssemblyInfo.cs(16,12): error CS0246: The type or namespace name 'System' could not be found (are you missing a using directive or an assembly reference?)
C:\gh\azure-sdk-for-net\artifacts\obj\Microsoft.Azure.Management.KubernetesConfiguration.Tests\Debug\netcoreapp2.0\Microsoft.Azure.Management.KubernetesConfiguration.Tests.AssemblyInfo.cs(17,12): error CS0246: The type or namespace name 'System' could not be found (are you missing a using directive or an assembly reference?)
C:\gh\azure-sdk-for-net\eng\mgmt\DisableTestRunParallel.cs(7,31): error CS0246: The type or namespace name 'DisableTestParallelization' could not be found (are you missing a using directive or an assembly reference?)
C:\gh\azure-sdk-for-net\eng\mgmt\DisableTestRunParallel.cs(7,60): error CS0518: Predefined type 'System.Boolean' is not defined or imported
C:\gh\azure-sdk-for-net\eng\mgmt\DisableTestRunParallel.cs(7,66): error CS0246: The type or namespace name 'MaxParallelThreads' could not be found (are you missing a using directive or an assembly reference?)
C:\gh\azure-sdk-for-net\eng\mgmt\DisableTestRunParallel.cs(7,87): error CS0518: Predefined type 'System.Int32' is not defined or imported
C:\gh\azure-sdk-for-net\artifacts\obj\Microsoft.Azure.Management.KubernetesConfiguration.Tests\Debug\netcoreapp2.0\.NETCoreApp,Version=v2.0.AssemblyAttributes.cs(4,71): error CS0518: Predefined type 'System.String' is not defined or imported
C:\gh\azure-sdk-for-net\artifacts\obj\Microsoft.Azure.Management.KubernetesConfiguration.Tests\Debug\netcoreapp2.0\.NETCoreApp,Version=v2.0.AssemblyAttributes.cs(4,99): error CS0246: The type or namespace name 'FrameworkDisplayName' could not be found (are you missing a using directive or an assembly reference?)
C:\gh\azure-sdk-for-net\artifacts\obj\Microsoft.Azure.Management.KubernetesConfiguration.Tests\Debug\netcoreapp2.0\.NETCoreApp,Version=v2.0.AssemblyAttributes.cs(4,122): error CS0518: Predefined type 'System.String' is not defined or imported
C:\gh\azure-sdk-for-net\artifacts\obj\Microsoft.Azure.Management.KubernetesConfiguration.Tests\Debug\netcoreapp2.0\Microsoft.Azure.Management.KubernetesConfiguration.Tests.AssemblyInfo.cs(14,56): error CS0518: Predefined type 'System.String' is not defined or imported
C:\gh\azure-sdk-for-net\artifacts\obj\Microsoft.Azure.Management.KubernetesConfiguration.Tests\Debug\netcoreapp2.0\Microsoft.Azure.Management.KubernetesConfiguration.Tests.AssemblyInfo.cs(14,70): error CS0518: Predefined type 'System.String' is not defined or imported
C:\gh\azure-sdk-for-net\artifacts\obj\Microsoft.Azure.Management.KubernetesConfiguration.Tests\Debug\netcoreapp2.0\Microsoft.Azure.Management.KubernetesConfiguration.Tests.AssemblyInfo.cs(15,5): error CS0518: Predefined type 'System.String' is not defined or imported
C:\gh\azure-sdk-for-net\artifacts\obj\Microsoft.Azure.Management.KubernetesConfiguration.Tests\Debug\netcoreapp2.0\Microsoft.Azure.Management.KubernetesConfiguration.Tests.AssemblyInfo.cs(16,68): error CS0518: Predefined type 'System.String' is not defined or imported
C:\gh\azure-sdk-for-net\artifacts\obj\Microsoft.Azure.Management.KubernetesConfiguration.Tests\Debug\netcoreapp2.0\Microsoft.Azure.Management.KubernetesConfiguration.Tests.AssemblyInfo.cs(17,56): error CS0518: Predefined type 'System.String' is not defined or imported
C:\gh\azure-sdk-for-net\artifacts\obj\Microsoft.Azure.Management.KubernetesConfiguration.Tests\Debug\netcoreapp2.0\Microsoft.Azure.Management.KubernetesConfiguration.Tests.AssemblyInfo.cs(17,73): error CS0518: Predefined type 'System.String' is not defined or imported
C:\gh\azure-sdk-for-net\eng\mgmt\DisableTestRunParallel.cs(4,7): error CS0246: The type or namespace name 'System' could not be found (are you missing a using directive or an assembly reference?)
C:\gh\azure-sdk-for-net\eng\mgmt\DisableTestRunParallel.cs(5,7): error CS0246: The type or namespace name 'Xunit' could not be found (are you missing a using directive or an assembly reference?)
C:\gh\azure-sdk-for-net\artifacts\obj\Microsoft.Azure.Management.KubernetesConfiguration.Tests\Debug\netcoreapp2.0\.NETCoreApp,Version=v2.0.AssemblyAttributes.cs(2,7): error CS0246: The type or namespace name 'System' could not be found (are you missing a using directive or an assembly reference?)
C:\gh\azure-sdk-for-net\artifacts\obj\Microsoft.Azure.Management.KubernetesConfiguration.Tests\Debug\netcoreapp2.0\.NETCoreApp,Version=v2.0.AssemblyAttributes.cs(3,7): error CS0246: The type or namespace name 'System' could not be found (are you missing a using directive or an assembly reference?)
C:\gh\azure-sdk-for-net\artifacts\obj\Microsoft.Azure.Management.KubernetesConfiguration.Tests\Debug\netcoreapp2.0\Microsoft.Azure.Management.KubernetesConfiguration.Tests.AssemblyInfo.cs(11,7): error CS0246: The type or namespace name 'System' could not be found (are you missing a using directive or an assembly reference?)
C:\gh\azure-sdk-for-net\artifacts\obj\Microsoft.Azure.Management.KubernetesConfiguration.Tests\Debug\netcoreapp2.0\Microsoft.Azure.Management.KubernetesConfiguration.Tests.AssemblyInfo.cs(12,7): error CS0246: The type or namespace name 'System' could not be found (are you missing a using directive or an assembly reference?)
C:\gh\azure-sdk-for-net\sdk\kubernetesconfiguration\Microsoft.Azure.Management.KubernetesConfiguration\tests\Helpers\RecordedDelegatingHandler.cs(6,11): error CS0246: The type or namespace name 'System' could not be found (are you missing a using directive or an assembly reference?)
C:\gh\azure-sdk-for-net\sdk\kubernetesconfiguration\Microsoft.Azure.Management.KubernetesConfiguration\tests\Helpers\RecordedDelegatingHandler.cs(7,11): error CS0246: The type or namespace name 'System' could not be found (are you missing a using directive or an assembly reference?)
C:\gh\azure-sdk-for-net\sdk\kubernetesconfiguration\Microsoft.Azure.Management.KubernetesConfiguration\tests\Helpers\RecordedDelegatingHandler.cs(8,11): error CS0246: The type or namespace name 'System' could not be found (are you missing a using directive or an assembly reference?)
C:\gh\azure-sdk-for-net\sdk\kubernetesconfiguration\Microsoft.Azure.Management.KubernetesConfiguration\tests\TestSupport\SourceControlConfigurationTestBase.cs(6,11): error CS0246: The type or namespace name 'System' could not be found (are you missing a using directive or an assembly reference?)
C:\gh\azure-sdk-for-net\sdk\kubernetesconfiguration\Microsoft.Azure.Management.KubernetesConfiguration\tests\ScenarioTests\SourceControlConfigurationTests.cs(6,11): error CS0246: The type or namespace name 'System' could not be found (are you missing a using directive or an assembly reference?)
C:\gh\azure-sdk-for-net\sdk\kubernetesconfiguration\Microsoft.Azure.Management.KubernetesConfiguration\tests\ScenarioTests\SourceControlConfigurationTests.cs(7,21): error CS0234: The type or namespace name 'Rest' does not exist in the namespace 'Microsoft' (are you missing an assembly reference?)
C:\gh\azure-sdk-for-net\sdk\kubernetesconfiguration\Microsoft.Azure.Management.KubernetesConfiguration\tests\TestSupport\SourceControlConfigurationTestBase.cs(9,38): error CS0234: The type or namespace name 'Resources' does not exist in the namespace 'Microsoft.Azure.Management' (are you missing an assembly reference?)
C:\gh\azure-sdk-for-net\sdk\kubernetesconfiguration\Microsoft.Azure.Management.KubernetesConfiguration\tests\TestSupport\SourceControlConfigurationTestBase.cs(10,21): error CS0234: The type or namespace name 'Rest' does not exist in the namespace 'Microsoft' (are you missing an assembly reference?)
C:\gh\azure-sdk-for-net\sdk\kubernetesconfiguration\Microsoft.Azure.Management.KubernetesConfiguration\tests\ScenarioTests\SourceControlConfigurationTests.cs(8,11): error CS0246: The type or namespace name 'Xunit' could not be found (are you missing a using directive or an assembly reference?)
C:\gh\azure-sdk-for-net\sdk\kubernetesconfiguration\Microsoft.Azure.Management.KubernetesConfiguration\tests\TestSupport\SourceControlConfigurationTestBase.cs(11,21): error CS0234: The type or namespace name 'Rest' does not exist in the namespace 'Microsoft' (are you missing an assembly reference?)
C:\gh\azure-sdk-for-net\sdk\kubernetesconfiguration\Microsoft.Azure.Management.KubernetesConfiguration\tests\TestSupport\SourceControlConfigurationTestBase.cs(20,89): error CS0518: Predefined type 'System.Void' is not defined or imported
C:\gh\azure-sdk-for-net\sdk\kubernetesconfiguration\Microsoft.Azure.Management.KubernetesConfiguration\tests\TestSupport\SourceControlConfigurationTestBase.cs(22,77): error CS0518: Predefined type 'System.Void' is not defined or imported
C:\gh\azure-sdk-for-net\sdk\kubernetesconfiguration\Microsoft.Azure.Management.KubernetesConfiguration\tests\TestSupport\SourceControlConfigurationTestBase.cs(28,43): error CS0518: Predefined type 'System.Void' is not defined or imported
C:\gh\azure-sdk-for-net\sdk\kubernetesconfiguration\Microsoft.Azure.Management.KubernetesConfiguration\tests\ScenarioTests\SourceControlConfigurationTests.cs(15,10): error CS0518: Predefined type 'System.Object' is not defined or imported
C:\gh\azure-sdk-for-net\sdk\kubernetesconfiguration\Microsoft.Azure.Management.KubernetesConfiguration\tests\ScenarioTests\SourceControlConfigurationTests.cs(15,10): error CS0246: The type or namespace name 'FactAttribute' could not be found (are you missing a using directive or an assembly reference?)
C:\gh\azure-sdk-for-net\sdk\kubernetesconfiguration\Microsoft.Azure.Management.KubernetesConfiguration\tests\ScenarioTests\SourceControlConfigurationTests.cs(15,10): error CS0246: The type or namespace name 'Fact' could not be found (are you missing a using directive or an assembly reference?)
C:\gh\azure-sdk-for-net\sdk\kubernetesconfiguration\Microsoft.Azure.Management.KubernetesConfiguration\tests\TestSupport\SourceControlConfigurationTestBase.cs(20,16): error CS0518: Predefined type 'System.Object' is not defined or imported
C:\gh\azure-sdk-for-net\sdk\kubernetesconfiguration\Microsoft.Azure.Management.KubernetesConfiguration\tests\TestSupport\SourceControlConfigurationTestBase.cs(22,16): error CS0518: Predefined type 'System.Object' is not defined or imported
C:\gh\azure-sdk-for-net\sdk\kubernetesconfiguration\Microsoft.Azure.Management.KubernetesConfiguration\tests\TestSupport\SourceControlConfigurationTestBase.cs(26,48): error CS0518: Predefined type 'System.String' is not defined or imported
C:\gh\azure-sdk-for-net\sdk\kubernetesconfiguration\Microsoft.Azure.Management.KubernetesConfiguration\tests\TestSupport\SourceControlConfigurationTestBase.cs(28,16): error CS0518: Predefined type 'System.Object' is not defined or imported
C:\gh\azure-sdk-for-net\sdk\kubernetesconfiguration\Microsoft.Azure.Management.KubernetesConfiguration\tests\TestSupport\SourceControlConfigurationTestBase.cs(32,31): error CS0518: Predefined type 'System.Object' is not defined or imported
C:\gh\azure-sdk-for-net\sdk\kubernetesconfiguration\Microsoft.Azure.Management.KubernetesConfiguration\tests\TestSupport\SourceControlConfigurationTestBase.cs(32,31): error CS0518: Predefined type 'System.Void' is not defined or imported
C:\gh\azure-sdk-for-net\sdk\kubernetesconfiguration\Microsoft.Azure.Management.KubernetesConfiguration\tests\TestSupport\SourceControlConfigurationTestBase.cs(33,73): error CS0518: Predefined type 'System.Object' is not defined or imported
C:\gh\azure-sdk-for-net\sdk\kubernetesconfiguration\Microsoft.Azure.Management.KubernetesConfiguration\tests\TestSupport\SourceControlConfigurationTestBase.cs(33,107): error CS0518: Predefined type 'System.Boolean' is not defined or imported
C:\gh\azure-sdk-for-net\sdk\kubernetesconfiguration\Microsoft.Azure.Management.KubernetesConfiguration\tests\TestSupport\ClusterInfo.cs(29,30): error CS0518: Predefined type 'System.Enum' is not defined or imported
C:\gh\azure-sdk-for-net\sdk\kubernetesconfiguration\Microsoft.Azure.Management.KubernetesConfiguration\tests\TestSupport\ClusterInfo.cs(29,30): error CS0518: Predefined type 'System.Object' is not defined or imported
C:\gh\azure-sdk-for-net\sdk\kubernetesconfiguration\Microsoft.Azure.Management.KubernetesConfiguration\tests\TestSupport\ClusterInfo.cs(29,30): error CS1061: 'ClusterInfo.ClusterType' does not contain a definition for 'ToString' and no accessible extension method 'ToString' accepting a first argument of type 'ClusterInfo.ClusterType' could be found (are you missing a using directive or an assembly reference?)
C:\gh\azure-sdk-for-net\sdk\kubernetesconfiguration\Microsoft.Azure.Management.KubernetesConfiguration\tests\TestSupport\ClusterInfo.cs(30,27): error CS0518: Predefined type 'System.Enum' is not defined or imported
C:\gh\azure-sdk-for-net\sdk\kubernetesconfiguration\Microsoft.Azure.Management.KubernetesConfiguration\tests\TestSupport\ClusterInfo.cs(30,27): error CS0518: Predefined type 'System.Boolean' is not defined or imported
C:\gh\azure-sdk-for-net\sdk\kubernetesconfiguration\Microsoft.Azure.Management.KubernetesConfiguration\tests\TestSupport\ClusterInfo.cs(26,16): error CS1729: 'object' does not contain a constructor that takes 0 arguments
C:\gh\azure-sdk-for-net\sdk\kubernetesconfiguration\Microsoft.Azure.Management.KubernetesConfiguration\tests\TestSupport\SourceControlConfigurationTestBase.cs(47,76): error CS0518: Predefined type 'System.String' is not defined or imported
C:\gh\azure-sdk-for-net\sdk\kubernetesconfiguration\Microsoft.Azure.Management.KubernetesConfiguration\tests\TestSupport\SourceControlConfigurationTestBase.cs(42,20): error CS0518: Predefined type 'System.String' is not defined or imported
C:\gh\azure-sdk-for-net\sdk\kubernetesconfiguration\Microsoft.Azure.Management.KubernetesConfiguration\tests\TestSupport\SourceControlConfigurationTestBase.cs(63,76): error CS0518: Predefined type 'System.String' is not defined or imported
C:\gh\azure-sdk-for-net\sdk\kubernetesconfiguration\Microsoft.Azure.Management.KubernetesConfiguration\tests\TestSupport\SourceControlConfigurationTestBase.cs(58,20): error CS0518: Predefined type 'System.String' is not defined or imported
C:\gh\azure-sdk-for-net\sdk\kubernetesconfiguration\Microsoft.Azure.Management.KubernetesConfiguration\tests\TestSupport\SourceControlConfigurationTestBase.cs(77,76): error CS0518: Predefined type 'System.String' is not defined or imported
C:\gh\azure-sdk-for-net\sdk\kubernetesconfiguration\Microsoft.Azure.Management.KubernetesConfiguration\tests\TestSupport\SourceControlConfigurationTestBase.cs(72,13): error CS0518: Predefined type 'System.Void' is not defined or imported
C:\gh\azure-sdk-for-net\sdk\kubernetesconfiguration\Microsoft.Azure.Management.KubernetesConfiguration\tests\TestSupport\SourceControlConfigurationTestBase.cs(87,20): error CS0246: The type or namespace name 'IPage<>' could not be found (are you missing a using directive or an assembly reference?)
C:\gh\azure-sdk-for-net\sdk\kubernetesconfiguration\Microsoft.Azure.Management.KubernetesConfiguration\tests\TestSupport\SourceControlConfigurationTestBase.cs(99,46): error CS0246: The type or namespace name 'ServiceClient<>' could not be found (are you missing a using directive or an assembly reference?)
C:\gh\azure-sdk-for-net\sdk\kubernetesconfiguration\Microsoft.Azure.Management.KubernetesConfiguration\tests\TestSupport\SourceControlConfigurationTestBase.cs(99,46): error CS0518: Predefined type 'System.Object' is not defined or imported
C:\gh\azure-sdk-for-net\sdk\kubernetesconfiguration\Microsoft.Azure.Management.KubernetesConfiguration\tests\TestSupport\SourceControlConfigurationTestBase.cs(99,46): error CS1061: 'SourceControlConfigurationClient' does not contain a definition for 'Dispose' and no accessible extension method 'Dispose' accepting a first argument of type 'SourceControlConfigurationClient' could be found (are you missing a using directive or an assembly reference?)
C:\gh\azure-sdk-for-net\sdk\kubernetesconfiguration\Microsoft.Azure.Management.KubernetesConfiguration\tests\ScenarioTests\SourceControlConfigurationTests.cs(18,13): error CS0518: Predefined type 'System.Object' is not defined or imported
C:\gh\azure-sdk-for-net\sdk\kubernetesconfiguration\Microsoft.Azure.Management.KubernetesConfiguration\tests\ScenarioTests\SourceControlConfigurationTests.cs(18,39): error CS0518: Predefined type 'System.Object' is not defined or imported
C:\gh\azure-sdk-for-net\sdk\kubernetesconfiguration\Microsoft.Azure.Management.KubernetesConfiguration\tests\ScenarioTests\SourceControlConfigurationTests.cs(19,23): error CS0518: Predefined type 'System.String' is not defined or imported
C:\gh\azure-sdk-for-net\sdk\kubernetesconfiguration\Microsoft.Azure.Management.KubernetesConfiguration\tests\ScenarioTests\SourceControlConfigurationTests.cs(20,23): error CS0518: Predefined type 'System.Object' is not defined or imported
C:\gh\azure-sdk-for-net\sdk\kubernetesconfiguration\Microsoft.Azure.Management.KubernetesConfiguration\tests\ScenarioTests\SourceControlConfigurationTests.cs(21,27): error CS0518: Predefined type 'System.String' is not defined or imported
C:\gh\azure-sdk-for-net\sdk\kubernetesconfiguration\Microsoft.Azure.Management.KubernetesConfiguration\tests\ScenarioTests\SourceControlConfigurationTests.cs(22,32): error CS0518: Predefined type 'System.String' is not defined or imported
C:\gh\azure-sdk-for-net\sdk\kubernetesconfiguration\Microsoft.Azure.Management.KubernetesConfiguration\tests\ScenarioTests\SourceControlConfigurationTests.cs(25,13): error CS0518: Predefined type 'System.Object' is not defined or imported
C:\gh\azure-sdk-for-net\sdk\kubernetesconfiguration\Microsoft.Azure.Management.KubernetesConfiguration\tests\ScenarioTests\SourceControlConfigurationTests.cs(25,60): error CS0518: Predefined type 'System.Object' is not defined or imported
C:\gh\azure-sdk-for-net\sdk\kubernetesconfiguration\Microsoft.Azure.Management.KubernetesConfiguration\tests\ScenarioTests\SourceControlConfigurationTests.cs(26,23): error CS0518: Predefined type 'System.String' is not defined or imported
C:\gh\azure-sdk-for-net\sdk\kubernetesconfiguration\Microsoft.Azure.Management.KubernetesConfiguration\tests\ScenarioTests\SourceControlConfigurationTests.cs(27,23): error CS0518: Predefined type 'System.Object' is not defined or imported
C:\gh\azure-sdk-for-net\sdk\kubernetesconfiguration\Microsoft.Azure.Management.KubernetesConfiguration\tests\ScenarioTests\SourceControlConfigurationTests.cs(28,32): error CS0518: Predefined type 'System.String' is not defined or imported
C:\gh\azure-sdk-for-net\sdk\kubernetesconfiguration\Microsoft.Azure.Management.KubernetesConfiguration\tests\ScenarioTests\SourceControlConfigurationTests.cs(29,36): error CS0518: Predefined type 'System.String' is not defined or imported
C:\gh\azure-sdk-for-net\sdk\kubernetesconfiguration\Microsoft.Azure.Management.KubernetesConfiguration\tests\ScenarioTests\SourceControlConfigurationTests.cs(30,39): error CS0518: Predefined type 'System.String' is not defined or imported
C:\gh\azure-sdk-for-net\sdk\kubernetesconfiguration\Microsoft.Azure.Management.KubernetesConfiguration\tests\ScenarioTests\SourceControlConfigurationTests.cs(31,33): error CS0518: Predefined type 'System.String' is not defined or imported
C:\gh\azure-sdk-for-net\sdk\kubernetesconfiguration\Microsoft.Azure.Management.KubernetesConfiguration\tests\ScenarioTests\SourceControlConfigurationTests.cs(32,32): error CS0518: Predefined type 'System.String' is not defined or imported
C:\gh\azure-sdk-for-net\sdk\kubernetesconfiguration\Microsoft.Azure.Management.KubernetesConfiguration\tests\ScenarioTests\SourceControlConfigurationTests.cs(33,37): error CS0518: Predefined type 'System.String' is not defined or imported
C:\gh\azure-sdk-for-net\sdk\kubernetesconfiguration\Microsoft.Azure.Management.KubernetesConfiguration\tests\ScenarioTests\SourceControlConfigurationTests.cs(25,60): error CS0518: Predefined type 'System.Void' is not defined or imported
C:\gh\azure-sdk-for-net\sdk\kubernetesconfiguration\Microsoft.Azure.Management.KubernetesConfiguration\tests\ScenarioTests\SourceControlConfigurationTests.cs(36,13): error CS0518: Predefined type 'System.IDisposable' is not defined or imported
C:\gh\azure-sdk-for-net\sdk\kubernetesconfiguration\Microsoft.Azure.Management.KubernetesConfiguration\tests\ScenarioTests\SourceControlConfigurationTests.cs(36,34): error CS0518: Predefined type 'System.Object' is not defined or imported
C:\gh\azure-sdk-for-net\sdk\kubernetesconfiguration\Microsoft.Azure.Management.KubernetesConfiguration\tests\ScenarioTests\SourceControlConfigurationTests.cs(36,34): error CS0103: The name 'MockContext' does not exist in the current context
C:\gh\azure-sdk-for-net\sdk\kubernetesconfiguration\Microsoft.Azure.Management.KubernetesConfiguration\tests\ScenarioTests\SourceControlConfigurationTests.cs(36,57): error CS0518: Predefined type 'System.Object' is not defined or imported
C:\gh\azure-sdk-for-net\sdk\kubernetesconfiguration\Microsoft.Azure.Management.KubernetesConfiguration\tests\ScenarioTests\SourceControlConfigurationTests.cs(36,57): error CS1061: 'SourceControlConfigurationTest' does not contain a definition for 'GetType' and no accessible extension method 'GetType' accepting a first argument of type 'SourceControlConfigurationTest' could be found (are you missing a using directive or an assembly reference?)
C:\gh\azure-sdk-for-net\sdk\kubernetesconfiguration\Microsoft.Azure.Management.KubernetesConfiguration\tests\ScenarioTests\SourceControlConfigurationTests.cs(38,17): error CS0518: Predefined type 'System.IDisposable' is not defined or imported
C:\gh\azure-sdk-for-net\sdk\kubernetesconfiguration\Microsoft.Azure.Management.KubernetesConfiguration\tests\ScenarioTests\SourceControlConfigurationTests.cs(38,46): error CS0518: Predefined type 'System.Object' is not defined or imported
C:\gh\azure-sdk-for-net\sdk\kubernetesconfiguration\Microsoft.Azure.Management.KubernetesConfiguration\tests\ScenarioTests\SourceControlConfigurationTests.cs(38,24): error CS1674: 'SourceControlConfigurationTestBase': type used in a using statement must be implicitly convertible to 'System.IDisposable'.
C:\gh\azure-sdk-for-net\sdk\kubernetesconfiguration\Microsoft.Azure.Management.KubernetesConfiguration\tests\ScenarioTests\SourceControlConfigurationTests.cs(44,54): error CS0518: Predefined type 'System.Object' is not defined or imported
C:\gh\azure-sdk-for-net\sdk\kubernetesconfiguration\Microsoft.Azure.Management.KubernetesConfiguration\tests\ScenarioTests\SourceControlConfigurationTests.cs(45,21): error CS0518: Predefined type 'System.Int32' is not defined or imported
C:\gh\azure-sdk-for-net\sdk\kubernetesconfiguration\Microsoft.Azure.Management.KubernetesConfiguration\tests\ScenarioTests\SourceControlConfigurationTests.cs(48,49): error CS0518: Predefined type 'System.Object' is not defined or imported
C:\gh\azure-sdk-for-net\sdk\kubernetesconfiguration\Microsoft.Azure.Management.KubernetesConfiguration\tests\ScenarioTests\SourceControlConfigurationTests.cs(49,21): error CS0518: Predefined type 'System.Object' is not defined or imported
C:\gh\azure-sdk-for-net\sdk\kubernetesconfiguration\Microsoft.Azure.Management.KubernetesConfiguration\tests\ScenarioTests\SourceControlConfigurationTests.cs(49,21): error CS0103: The name 'Assert' does not exist in the current context
C:\gh\azure-sdk-for-net\sdk\kubernetesconfiguration\Microsoft.Azure.Management.KubernetesConfiguration\tests\ScenarioTests\SourceControlConfigurationTests.cs(52,46): error CS0518: Predefined type 'System.Object' is not defined or imported
C:\gh\azure-sdk-for-net\sdk\kubernetesconfiguration\Microsoft.Azure.Management.KubernetesConfiguration\tests\ScenarioTests\SourceControlConfigurationTests.cs(53,21): error CS0518: Predefined type 'System.Object' is not defined or imported
C:\gh\azure-sdk-for-net\sdk\kubernetesconfiguration\Microsoft.Azure.Management.KubernetesConfiguration\tests\ScenarioTests\SourceControlConfigurationTests.cs(53,21): error CS0103: The name 'Assert' does not exist in the current context
C:\gh\azure-sdk-for-net\sdk\kubernetesconfiguration\Microsoft.Azure.Management.KubernetesConfiguration\tests\ScenarioTests\SourceControlConfigurationTests.cs(53,48): error CS0518: Predefined type 'System.String' is not defined or imported
C:\gh\azure-sdk-for-net\sdk\kubernetesconfiguration\Microsoft.Azure.Management.KubernetesConfiguration\tests\ScenarioTests\SourceControlConfigurationTests.cs(53,61): error CS0518: Predefined type 'System.String' is not defined or imported
C:\gh\azure-sdk-for-net\sdk\kubernetesconfiguration\Microsoft.Azure.Management.KubernetesConfiguration\tests\ScenarioTests\SourceControlConfigurationTests.cs(54,21): error CS0518: Predefined type 'System.Object' is not defined or imported
C:\gh\azure-sdk-for-net\sdk\kubernetesconfiguration\Microsoft.Azure.Management.KubernetesConfiguration\tests\ScenarioTests\SourceControlConfigurationTests.cs(54,21): error CS0103: The name 'Assert' does not exist in the current context
C:\gh\azure-sdk-for-net\sdk\kubernetesconfiguration\Microsoft.Azure.Management.KubernetesConfiguration\tests\ScenarioTests\SourceControlConfigurationTests.cs(54,58): error CS0518: Predefined type 'System.Nullable`1' is not defined or imported
C:\gh\azure-sdk-for-net\sdk\kubernetesconfiguration\Microsoft.Azure.Management.KubernetesConfiguration\tests\ScenarioTests\SourceControlConfigurationTests.cs(54,88): error CS0518: Predefined type 'System.String' is not defined or imported
C:\gh\azure-sdk-for-net\sdk\kubernetesconfiguration\Microsoft.Azure.Management.KubernetesConfiguration\tests\ScenarioTests\SourceControlConfigurationTests.cs(54,34): error CS0518: Predefined type 'System.Boolean' is not defined or imported
C:\gh\azure-sdk-for-net\sdk\kubernetesconfiguration\Microsoft.Azure.Management.KubernetesConfiguration\tests\ScenarioTests\SourceControlConfigurationTests.cs(54,127): error CS0518: Predefined type 'System.Nullable`1' is not defined or imported
C:\gh\azure-sdk-for-net\sdk\kubernetesconfiguration\Microsoft.Azure.Management.KubernetesConfiguration\tests\ScenarioTests\SourceControlConfigurationTests.cs(54,157): error CS0518: Predefined type 'System.String' is not defined or imported
C:\gh\azure-sdk-for-net\sdk\kubernetesconfiguration\Microsoft.Azure.Management.KubernetesConfiguration\tests\ScenarioTests\SourceControlConfigurationTests.cs(54,103): error CS0518: Predefined type 'System.Boolean' is not defined or imported
C:\gh\azure-sdk-for-net\sdk\kubernetesconfiguration\Microsoft.Azure.Management.KubernetesConfiguration\tests\ScenarioTests\SourceControlConfigurationTests.cs(57,50): error CS0518: Predefined type 'System.Object' is not defined or imported
C:\gh\azure-sdk-for-net\sdk\kubernetesconfiguration\Microsoft.Azure.Management.KubernetesConfiguration\tests\ScenarioTests\SourceControlConfigurationTests.cs(58,21): error CS0518: Predefined type 'System.Object' is not defined or imported
C:\gh\azure-sdk-for-net\sdk\kubernetesconfiguration\Microsoft.Azure.Management.KubernetesConfiguration\tests\ScenarioTests\SourceControlConfigurationTests.cs(58,21): error CS0103: The name 'Assert' does not exist in the current context
C:\gh\azure-sdk-for-net\sdk\kubernetesconfiguration\Microsoft.Azure.Management.KubernetesConfiguration\tests\ScenarioTests\SourceControlConfigurationTests.cs(58,73): error CS0518: Predefined type 'System.Int32' is not defined or imported
C:\gh\azure-sdk-for-net\sdk\kubernetesconfiguration\Microsoft.Azure.Management.KubernetesConfiguration\tests\ScenarioTests\SourceControlConfigurationTests.cs(58,33): error CS0518: Predefined type 'System.Boolean' is not defined or imported
C:\gh\azure-sdk-for-net\sdk\kubernetesconfiguration\Microsoft.Azure.Management.KubernetesConfiguration\tests\ScenarioTests\SourceControlConfigurationTests.cs(61,33): error CS0518: Predefined type 'System.Object' is not defined or imported
C:\gh\azure-sdk-for-net\sdk\kubernetesconfiguration\Microsoft.Azure.Management.KubernetesConfiguration\tests\ScenarioTests\SourceControlConfigurationTests.cs(64,50): error CS0518: Predefined type 'System.Object' is not defined or imported
C:\gh\azure-sdk-for-net\sdk\kubernetesconfiguration\Microsoft.Azure.Management.KubernetesConfiguration\tests\ScenarioTests\SourceControlConfigurationTests.cs(65,21): error CS0518: Predefined type 'System.Object' is not defined or imported
C:\gh\azure-sdk-for-net\sdk\kubernetesconfiguration\Microsoft.Azure.Management.KubernetesConfiguration\tests\ScenarioTests\SourceControlConfigurationTests.cs(65,21): error CS0103: The name 'Assert' does not exist in the current context
C:\gh\azure-sdk-for-net\sdk\kubernetesconfiguration\Microsoft.Azure.Management.KubernetesConfiguration\tests\ScenarioTests\SourceControlConfigurationTests.cs(65,33): error CS0518: Predefined type 'System.Boolean' is not defined or imported
C:\gh\azure-sdk-for-net\sdk\kubernetesconfiguration\Microsoft.Azure.Management.KubernetesConfiguration\tests\ScenarioTests\SourceControlConfigurationTests.cs(13,18): error CS1729: 'object' does not contain a constructor that takes 0 arguments
C:\gh\azure-sdk-for-net\sdk\kubernetesconfiguration\Microsoft.Azure.Management.KubernetesConfiguration\tests\ScenarioTests\SourceControlConfigurationTests.cs(6,5): hidden CS8019: Unnecessary using directive.
C:\gh\azure-sdk-for-net\sdk\kubernetesconfiguration\Microsoft.Azure.Management.KubernetesConfiguration\tests\TestSupport\SourceControlConfigurationTestBase.cs(9,5): hidden CS8019: Unnecessary using directive.
C:\gh\azure-sdk-for-net\sdk\kubernetesconfiguration\Microsoft.Azure.Management.KubernetesConfiguration\tests\Helpers\RecordedDelegatingHandler.cs(7,5): hidden CS8019: Unnecessary using directive.
C:\gh\azure-sdk-for-net\sdk\kubernetesconfiguration\Microsoft.Azure.Management.KubernetesConfiguration\tests\Helpers\RecordedDelegatingHandler.cs(6,5): hidden CS8019: Unnecessary using directive.
C:\gh\azure-sdk-for-net\artifacts\obj\Microsoft.Azure.Management.KubernetesConfiguration.Tests\Debug\netcoreapp2.0\Microsoft.Azure.Management.KubernetesConfiguration.Tests.AssemblyInfo.cs(12,1): hidden CS8019: Unnecessary using directive.
C:\gh\azure-sdk-for-net\sdk\kubernetesconfiguration\Microsoft.Azure.Management.KubernetesConfiguration\tests\TestSupport\SourceControlConfigurationTestBase.cs(10,5): hidden CS8019: Unnecessary using directive.
C:\gh\azure-sdk-for-net\artifacts\obj\Microsoft.Azure.Management.KubernetesConfiguration.Tests\Debug\netcoreapp2.0\.NETCoreApp,Version=v2.0.AssemblyAttributes.cs(2,1): hidden CS8019: Unnecessary using directive.
C:\gh\azure-sdk-for-net\sdk\kubernetesconfiguration\Microsoft.Azure.Management.KubernetesConfiguration\tests\TestSupport\SourceControlConfigurationTestBase.cs(11,5): hidden CS8019: Unnecessary using directive.
C:\gh\azure-sdk-for-net\artifacts\obj\Microsoft.Azure.Management.KubernetesConfiguration.Tests\Debug\netcoreapp2.0\.NETCoreApp,Version=v2.0.AssemblyAttributes.cs(3,1): hidden CS8019: Unnecessary using directive.
C:\gh\azure-sdk-for-net\eng\mgmt\DisableTestRunParallel.cs(4,1): hidden CS8019: Unnecessary using directive.
C:\gh\azure-sdk-for-net\sdk\kubernetesconfiguration\Microsoft.Azure.Management.KubernetesConfiguration\tests\ScenarioTests\SourceControlConfigurationTests.cs(7,5): hidden CS8019: Unnecessary using directive.
C:\gh\azure-sdk-for-net\sdk\kubernetesconfiguration\Microsoft.Azure.Management.KubernetesConfiguration\tests\ScenarioTests\SourceControlConfigurationTests.cs(8,5): hidden CS8019: Unnecessary using directive.
C:\gh\azure-sdk-for-net\sdk\kubernetesconfiguration\Microsoft.Azure.Management.KubernetesConfiguration\tests\TestSupport\SourceControlConfigurationTestBase.cs(6,5): hidden CS8019: Unnecessary using directive.
C:\gh\azure-sdk-for-net\sdk\kubernetesconfiguration\Microsoft.Azure.Management.KubernetesConfiguration\tests\Helpers\RecordedDelegatingHandler.cs(8,5): hidden CS8019: Unnecessary using directive.
C:\gh\azure-sdk-for-net\eng\mgmt\DisableTestRunParallel.cs(5,1): hidden CS8019: Unnecessary using directive.
C:\gh\azure-sdk-for-net\artifacts\obj\Microsoft.Azure.Management.KubernetesConfiguration.Tests\Debug\netcoreapp2.0\Microsoft.Azure.Management.KubernetesConfiguration.Tests.AssemblyInfo.cs(11,1): hidden CS8019: Unnecessary using directive.
