C:\gh\azure-sdk-for-net\sdk\extensions\Azure.Extensions.AspNetCore.Configuration.Secrets\tests\AzureKeyVaultConfigurationTests.cs(539,55): error CS0122: 'AzureKeyVaultConfigurationProvider' is inaccessible due to its protection level
C:\gh\azure-sdk-for-net\sdk\extensions\Azure.Extensions.AspNetCore.Configuration.Secrets\tests\ConfigurationProviderExtensions.cs(11,39): error CS0246: The type or namespace name 'IConfigurationProvider' could not be found (are you missing a using directive or an assembly reference?)
C:\gh\azure-sdk-for-net\sdk\extensions\Azure.Extensions.AspNetCore.Configuration.Secrets\tests\ConfigurationSecretsFunctionalTests.cs(16,10): error CS0246: The type or namespace name 'TestAttribute' could not be found (are you missing a using directive or an assembly reference?)
C:\gh\azure-sdk-for-net\sdk\extensions\Azure.Extensions.AspNetCore.Configuration.Secrets\tests\ConfigurationSecretsFunctionalTests.cs(16,10): error CS0246: The type or namespace name 'Test' could not be found (are you missing a using directive or an assembly reference?)
C:\gh\azure-sdk-for-net\sdk\extensions\Azure.Extensions.AspNetCore.Configuration.Secrets\tests\ConfigurationSecretsFunctionalTests.cs(17,10): error CS0246: The type or namespace name 'CategoryAttribute' could not be found (are you missing a using directive or an assembly reference?)
C:\gh\azure-sdk-for-net\sdk\extensions\Azure.Extensions.AspNetCore.Configuration.Secrets\tests\ConfigurationSecretsFunctionalTests.cs(17,10): error CS0246: The type or namespace name 'Category' could not be found (are you missing a using directive or an assembly reference?)
C:\gh\azure-sdk-for-net\sdk\extensions\Azure.Extensions.AspNetCore.Configuration.Secrets\tests\AzureKeyVaultConfigurationTests.cs(544,50): error CS0246: The type or namespace name 'SecretClient' could not be found (are you missing a using directive or an assembly reference?)
C:\gh\azure-sdk-for-net\sdk\extensions\Azure.Extensions.AspNetCore.Configuration.Secrets\tests\AzureKeyVaultConfigurationTests.cs(531,58): error CS0518: Predefined type 'System.Object' is not defined or imported
C:\gh\azure-sdk-for-net\sdk\extensions\Azure.Extensions.AspNetCore.Configuration.Secrets\tests\AzureKeyVaultConfigurationTests.cs(533,39): error CS0246: The type or namespace name 'SecretProperties' could not be found (are you missing a using directive or an assembly reference?)
C:\gh\azure-sdk-for-net\sdk\extensions\Azure.Extensions.AspNetCore.Configuration.Secrets\tests\AzureKeyVaultConfigurationTests.cs(97,17): error CS0246: The type or namespace name 'KeyVaultSecret' could not be found (are you missing a using directive or an assembly reference?)
C:\gh\azure-sdk-for-net\sdk\extensions\Azure.Extensions.AspNetCore.Configuration.Secrets\tests\AzureKeyVaultConfigurationTests.cs(21,31): error CS0246: The type or namespace name 'Mock<>' could not be found (are you missing a using directive or an assembly reference?)
C:\gh\azure-sdk-for-net\sdk\extensions\Azure.Extensions.AspNetCore.Configuration.Secrets\tests\AzureKeyVaultConfigurationTests.cs(21,36): error CS0246: The type or namespace name 'SecretClient' could not be found (are you missing a using directive or an assembly reference?)
C:\gh\azure-sdk-for-net\sdk\extensions\Azure.Extensions.AspNetCore.Configuration.Secrets\tests\AzureKeyVaultConfigurationTests.cs(21,63): error CS0246: The type or namespace name 'KeyVaultSecret' could not be found (are you missing a using directive or an assembly reference?)
C:\gh\azure-sdk-for-net\sdk\extensions\Azure.Extensions.AspNetCore.Configuration.Secrets\tests\AzureKeyVaultConfigurationTests.cs(26,31): error CS0246: The type or namespace name 'Mock<>' could not be found (are you missing a using directive or an assembly reference?)
C:\gh\azure-sdk-for-net\sdk\extensions\Azure.Extensions.AspNetCore.Configuration.Secrets\tests\AzureKeyVaultConfigurationTests.cs(26,36): error CS0246: The type or namespace name 'SecretClient' could not be found (are you missing a using directive or an assembly reference?)
C:\gh\azure-sdk-for-net\sdk\extensions\Azure.Extensions.AspNetCore.Configuration.Secrets\tests\AzureKeyVaultConfigurationTests.cs(26,101): error CS0246: The type or namespace name 'KeyVaultSecret' could not be found (are you missing a using directive or an assembly reference?)
C:\gh\azure-sdk-for-net\sdk\extensions\Azure.Extensions.AspNetCore.Configuration.Secrets\tests\AzureKeyVaultConfigurationTests.cs(440,10): error CS0246: The type or namespace name 'TestAttribute' could not be found (are you missing a using directive or an assembly reference?)
C:\gh\azure-sdk-for-net\sdk\extensions\Azure.Extensions.AspNetCore.Configuration.Secrets\tests\AzureKeyVaultConfigurationTests.cs(440,10): error CS0246: The type or namespace name 'Test' could not be found (are you missing a using directive or an assembly reference?)
C:\gh\azure-sdk-for-net\sdk\extensions\Azure.Extensions.AspNetCore.Configuration.Secrets\tests\AzureKeyVaultConfigurationTests.cs(370,10): error CS0246: The type or namespace name 'TestAttribute' could not be found (are you missing a using directive or an assembly reference?)
C:\gh\azure-sdk-for-net\sdk\extensions\Azure.Extensions.AspNetCore.Configuration.Secrets\tests\AzureKeyVaultConfigurationTests.cs(370,10): error CS0246: The type or namespace name 'Test' could not be found (are you missing a using directive or an assembly reference?)
C:\gh\azure-sdk-for-net\sdk\extensions\Azure.Extensions.AspNetCore.Configuration.Secrets\tests\AzureKeyVaultConfigurationTests.cs(324,10): error CS0246: The type or namespace name 'TestAttribute' could not be found (are you missing a using directive or an assembly reference?)
C:\gh\azure-sdk-for-net\sdk\extensions\Azure.Extensions.AspNetCore.Configuration.Secrets\tests\AzureKeyVaultConfigurationTests.cs(324,10): error CS0246: The type or namespace name 'Test' could not be found (are you missing a using directive or an assembly reference?)
C:\gh\azure-sdk-for-net\sdk\extensions\Azure.Extensions.AspNetCore.Configuration.Secrets\tests\AzureKeyVaultConfigurationTests.cs(279,10): error CS0246: The type or namespace name 'TestAttribute' could not be found (are you missing a using directive or an assembly reference?)
C:\gh\azure-sdk-for-net\sdk\extensions\Azure.Extensions.AspNetCore.Configuration.Secrets\tests\AzureKeyVaultConfigurationTests.cs(279,10): error CS0246: The type or namespace name 'Test' could not be found (are you missing a using directive or an assembly reference?)
C:\gh\azure-sdk-for-net\sdk\extensions\Azure.Extensions.AspNetCore.Configuration.Secrets\tests\AzureKeyVaultConfigurationTests.cs(241,10): error CS0246: The type or namespace name 'TestAttribute' could not be found (are you missing a using directive or an assembly reference?)
C:\gh\azure-sdk-for-net\sdk\extensions\Azure.Extensions.AspNetCore.Configuration.Secrets\tests\AzureKeyVaultConfigurationTests.cs(241,10): error CS0246: The type or namespace name 'Test' could not be found (are you missing a using directive or an assembly reference?)
C:\gh\azure-sdk-for-net\sdk\extensions\Azure.Extensions.AspNetCore.Configuration.Secrets\tests\AzureKeyVaultConfigurationTests.cs(196,10): error CS0246: The type or namespace name 'TestAttribute' could not be found (are you missing a using directive or an assembly reference?)
C:\gh\azure-sdk-for-net\sdk\extensions\Azure.Extensions.AspNetCore.Configuration.Secrets\tests\AzureKeyVaultConfigurationTests.cs(196,10): error CS0246: The type or namespace name 'Test' could not be found (are you missing a using directive or an assembly reference?)
C:\gh\azure-sdk-for-net\sdk\extensions\Azure.Extensions.AspNetCore.Configuration.Secrets\tests\AzureKeyVaultConfigurationTests.cs(50,43): error CS0246: The type or namespace name 'AsyncPageable<>' could not be found (are you missing a using directive or an assembly reference?)
C:\gh\azure-sdk-for-net\sdk\extensions\Azure.Extensions.AspNetCore.Configuration.Secrets\tests\AzureKeyVaultConfigurationTests.cs(50,57): error CS0246: The type or namespace name 'SecretProperties' could not be found (are you missing a using directive or an assembly reference?)
C:\gh\azure-sdk-for-net\sdk\extensions\Azure.Extensions.AspNetCore.Configuration.Secrets\tests\AzureKeyVaultConfigurationTests.cs(59,35): error CS0246: The type or namespace name 'IAsyncEnumerable<>' could not be found (are you missing a using directive or an assembly reference?)
C:\gh\azure-sdk-for-net\sdk\extensions\Azure.Extensions.AspNetCore.Configuration.Secrets\tests\AzureKeyVaultConfigurationTests.cs(59,52): error CS0246: The type or namespace name 'Page<>' could not be found (are you missing a using directive or an assembly reference?)
C:\gh\azure-sdk-for-net\sdk\extensions\Azure.Extensions.AspNetCore.Configuration.Secrets\tests\AzureKeyVaultConfigurationTests.cs(59,57): error CS0246: The type or namespace name 'SecretProperties' could not be found (are you missing a using directive or an assembly reference?)
C:\gh\azure-sdk-for-net\sdk\extensions\Azure.Extensions.AspNetCore.Configuration.Secrets\tests\AzureKeyVaultConfigurationTests.cs(52,30): error CS0246: The type or namespace name 'SecretProperties' could not be found (are you missing a using directive or an assembly reference?)
C:\gh\azure-sdk-for-net\sdk\extensions\Azure.Extensions.AspNetCore.Configuration.Secrets\tests\AzureKeyVaultConfigurationTests.cs(54,38): error CS0246: The type or namespace name 'SecretProperties' could not be found (are you missing a using directive or an assembly reference?)
C:\gh\azure-sdk-for-net\sdk\extensions\Azure.Extensions.AspNetCore.Configuration.Secrets\tests\AzureKeyVaultConfigurationTests.cs(10,13): error CS0234: The type or namespace name 'Security' does not exist in the namespace 'Azure' (are you missing an assembly reference?)
C:\gh\azure-sdk-for-net\sdk\extensions\Azure.Extensions.AspNetCore.Configuration.Secrets\tests\AzureKeyVaultConfigurationTests.cs(11,28): error CS0234: The type or namespace name 'Primitives' does not exist in the namespace 'Microsoft.Extensions' (are you missing an assembly reference?)
C:\gh\azure-sdk-for-net\sdk\extensions\Azure.Extensions.AspNetCore.Configuration.Secrets\tests\AzureKeyVaultConfigurationTests.cs(12,7): error CS0246: The type or namespace name 'Moq' could not be found (are you missing a using directive or an assembly reference?)
C:\gh\azure-sdk-for-net\sdk\extensions\Azure.Extensions.AspNetCore.Configuration.Secrets\tests\AzureKeyVaultConfigurationTests.cs(13,7): error CS0246: The type or namespace name 'NUnit' could not be found (are you missing a using directive or an assembly reference?)
C:\gh\azure-sdk-for-net\sdk\extensions\Azure.Extensions.AspNetCore.Configuration.Secrets\tests\ConfigurationSecretsFunctionalTests.cs(7,13): error CS0234: The type or namespace name 'Identity' does not exist in the namespace 'Azure' (are you missing an assembly reference?)
C:\gh\azure-sdk-for-net\sdk\extensions\Azure.Extensions.AspNetCore.Configuration.Secrets\tests\ConfigurationSecretsFunctionalTests.cs(8,13): error CS0234: The type or namespace name 'Security' does not exist in the namespace 'Azure' (are you missing an assembly reference?)
C:\gh\azure-sdk-for-net\sdk\extensions\Azure.Extensions.AspNetCore.Configuration.Secrets\tests\ConfigurationSecretsFunctionalTests.cs(10,7): error CS0246: The type or namespace name 'NUnit' could not be found (are you missing a using directive or an assembly reference?)
C:\gh\azure-sdk-for-net\sdk\extensions\Azure.Extensions.AspNetCore.Configuration.Secrets\tests\Snippets.cs(5,13): error CS0234: The type or namespace name 'Identity' does not exist in the namespace 'Azure' (are you missing an assembly reference?)
C:\gh\azure-sdk-for-net\sdk\extensions\Azure.Extensions.AspNetCore.Configuration.Secrets\tests\AzureKeyVaultConfigurationTests.cs(70,10): error CS0246: The type or namespace name 'TestAttribute' could not be found (are you missing a using directive or an assembly reference?)
C:\gh\azure-sdk-for-net\sdk\extensions\Azure.Extensions.AspNetCore.Configuration.Secrets\tests\AzureKeyVaultConfigurationTests.cs(70,10): error CS0246: The type or namespace name 'Test' could not be found (are you missing a using directive or an assembly reference?)
C:\gh\azure-sdk-for-net\sdk\extensions\Azure.Extensions.AspNetCore.Configuration.Secrets\tests\AzureKeyVaultConfigurationTests.cs(107,10): error CS0246: The type or namespace name 'TestAttribute' could not be found (are you missing a using directive or an assembly reference?)
C:\gh\azure-sdk-for-net\sdk\extensions\Azure.Extensions.AspNetCore.Configuration.Secrets\tests\AzureKeyVaultConfigurationTests.cs(107,10): error CS0246: The type or namespace name 'Test' could not be found (are you missing a using directive or an assembly reference?)
C:\gh\azure-sdk-for-net\sdk\extensions\Azure.Extensions.AspNetCore.Configuration.Secrets\tests\AzureKeyVaultConfigurationTests.cs(134,10): error CS0246: The type or namespace name 'TestAttribute' could not be found (are you missing a using directive or an assembly reference?)
C:\gh\azure-sdk-for-net\sdk\extensions\Azure.Extensions.AspNetCore.Configuration.Secrets\tests\AzureKeyVaultConfigurationTests.cs(134,10): error CS0246: The type or namespace name 'Test' could not be found (are you missing a using directive or an assembly reference?)
C:\gh\azure-sdk-for-net\sdk\extensions\Azure.Extensions.AspNetCore.Configuration.Secrets\tests\AzureKeyVaultConfigurationTests.cs(164,10): error CS0246: The type or namespace name 'TestAttribute' could not be found (are you missing a using directive or an assembly reference?)
C:\gh\azure-sdk-for-net\sdk\extensions\Azure.Extensions.AspNetCore.Configuration.Secrets\tests\AzureKeyVaultConfigurationTests.cs(164,10): error CS0246: The type or namespace name 'Test' could not be found (are you missing a using directive or an assembly reference?)
C:\gh\azure-sdk-for-net\sdk\extensions\Azure.Extensions.AspNetCore.Configuration.Secrets\tests\AzureKeyVaultConfigurationTests.cs(419,10): error CS0246: The type or namespace name 'TestAttribute' could not be found (are you missing a using directive or an assembly reference?)
C:\gh\azure-sdk-for-net\sdk\extensions\Azure.Extensions.AspNetCore.Configuration.Secrets\tests\AzureKeyVaultConfigurationTests.cs(419,10): error CS0246: The type or namespace name 'Test' could not be found (are you missing a using directive or an assembly reference?)
C:\gh\azure-sdk-for-net\sdk\extensions\Azure.Extensions.AspNetCore.Configuration.Secrets\tests\AzureKeyVaultConfigurationTests.cs(474,10): error CS0246: The type or namespace name 'TestAttribute' could not be found (are you missing a using directive or an assembly reference?)
C:\gh\azure-sdk-for-net\sdk\extensions\Azure.Extensions.AspNetCore.Configuration.Secrets\tests\AzureKeyVaultConfigurationTests.cs(474,10): error CS0246: The type or namespace name 'Test' could not be found (are you missing a using directive or an assembly reference?)
C:\gh\azure-sdk-for-net\sdk\extensions\Azure.Extensions.AspNetCore.Configuration.Secrets\tests\AzureKeyVaultConfigurationTests.cs(513,10): error CS0246: The type or namespace name 'TestAttribute' could not be found (are you missing a using directive or an assembly reference?)
C:\gh\azure-sdk-for-net\sdk\extensions\Azure.Extensions.AspNetCore.Configuration.Secrets\tests\AzureKeyVaultConfigurationTests.cs(513,10): error CS0246: The type or namespace name 'Test' could not be found (are you missing a using directive or an assembly reference?)
C:\gh\azure-sdk-for-net\sdk\extensions\Azure.Extensions.AspNetCore.Configuration.Secrets\tests\AzureKeyVaultConfigurationTests.cs(519,10): error CS0246: The type or namespace name 'TestAttribute' could not be found (are you missing a using directive or an assembly reference?)
C:\gh\azure-sdk-for-net\sdk\extensions\Azure.Extensions.AspNetCore.Configuration.Secrets\tests\AzureKeyVaultConfigurationTests.cs(519,10): error CS0246: The type or namespace name 'Test' could not be found (are you missing a using directive or an assembly reference?)
C:\gh\azure-sdk-for-net\sdk\extensions\Azure.Extensions.AspNetCore.Configuration.Secrets\tests\AzureKeyVaultConfigurationTests.cs(525,10): error CS0246: The type or namespace name 'TestAttribute' could not be found (are you missing a using directive or an assembly reference?)
C:\gh\azure-sdk-for-net\sdk\extensions\Azure.Extensions.AspNetCore.Configuration.Secrets\tests\AzureKeyVaultConfigurationTests.cs(525,10): error CS0246: The type or namespace name 'Test' could not be found (are you missing a using directive or an assembly reference?)
C:\gh\azure-sdk-for-net\sdk\extensions\Azure.Extensions.AspNetCore.Configuration.Secrets\tests\AzureKeyVaultConfigurationTests.cs(59,76): error CS0115: 'AzureKeyVaultConfigurationTests.MockAsyncPageable.AsPages(string, int?)': no suitable method found to override
C:\gh\azure-sdk-for-net\sdk\extensions\Azure.Extensions.AspNetCore.Configuration.Secrets\tests\AzureKeyVaultConfigurationTests.cs(548,43): error CS0115: 'AzureKeyVaultConfigurationTests.ReloadControlKeyVaultProvider.WaitForReload()': no suitable method found to override
C:\gh\azure-sdk-for-net\sdk\extensions\Azure.Extensions.AspNetCore.Configuration.Secrets\tests\Snippets.cs(15,13): error CS0246: The type or namespace name 'ConfigurationBuilder' could not be found (are you missing a using directive or an assembly reference?)
C:\gh\azure-sdk-for-net\sdk\extensions\Azure.Extensions.AspNetCore.Configuration.Secrets\tests\Snippets.cs(15,48): error CS0246: The type or namespace name 'ConfigurationBuilder' could not be found (are you missing a using directive or an assembly reference?)
C:\gh\azure-sdk-for-net\sdk\extensions\Azure.Extensions.AspNetCore.Configuration.Secrets\tests\Snippets.cs(16,66): error CS0246: The type or namespace name 'DefaultAzureCredential' could not be found (are you missing a using directive or an assembly reference?)
C:\gh\azure-sdk-for-net\sdk\extensions\Azure.Extensions.AspNetCore.Configuration.Secrets\tests\Snippets.cs(16,13): error CS0246: The type or namespace name 'IConfigurationBuilder' could not be found (are you missing a using directive or an assembly reference?)
C:\gh\azure-sdk-for-net\sdk\extensions\Azure.Extensions.AspNetCore.Configuration.Secrets\tests\Snippets.cs(18,13): error CS0246: The type or namespace name 'IConfiguration' could not be found (are you missing a using directive or an assembly reference?)
C:\gh\azure-sdk-for-net\sdk\extensions\Azure.Extensions.AspNetCore.Configuration.Secrets\tests\ConfigurationSecretsFunctionalTests.cs(22,30): error CS0246: The type or namespace name 'SecretClient' could not be found (are you missing a using directive or an assembly reference?)
C:\gh\azure-sdk-for-net\sdk\extensions\Azure.Extensions.AspNetCore.Configuration.Secrets\tests\ConfigurationSecretsFunctionalTests.cs(22,69): error CS0012: The type 'TokenCredential' is defined in an assembly that is not referenced. You must add a reference to assembly 'Azure.Core, Version=1.4.1.0, Culture=neutral, PublicKeyToken=92742159e12e44c8'.
C:\gh\azure-sdk-for-net\sdk\extensions\Azure.Extensions.AspNetCore.Configuration.Secrets\tests\ConfigurationSecretsFunctionalTests.cs(27,44): error CS0246: The type or namespace name 'ConfigurationBuilder' could not be found (are you missing a using directive or an assembly reference?)
C:\gh\azure-sdk-for-net\sdk\extensions\Azure.Extensions.AspNetCore.Configuration.Secrets\tests\ConfigurationSecretsFunctionalTests.cs(28,77): error CS0012: The type 'TokenCredential' is defined in an assembly that is not referenced. You must add a reference to assembly 'Azure.Core, Version=1.4.1.0, Culture=neutral, PublicKeyToken=92742159e12e44c8'.
C:\gh\azure-sdk-for-net\sdk\extensions\Azure.Extensions.AspNetCore.Configuration.Secrets\tests\ConfigurationSecretsFunctionalTests.cs(28,13): error CS0246: The type or namespace name 'IConfigurationBuilder' could not be found (are you missing a using directive or an assembly reference?)
C:\gh\azure-sdk-for-net\sdk\extensions\Azure.Extensions.AspNetCore.Configuration.Secrets\tests\ConfigurationSecretsFunctionalTests.cs(30,13): error CS0246: The type or namespace name 'IConfigurationRoot' could not be found (are you missing a using directive or an assembly reference?)
C:\gh\azure-sdk-for-net\sdk\extensions\Azure.Extensions.AspNetCore.Configuration.Secrets\tests\ConfigurationSecretsFunctionalTests.cs(32,13): error CS0103: The name 'Assert' does not exist in the current context
C:\gh\azure-sdk-for-net\sdk\extensions\Azure.Extensions.AspNetCore.Configuration.Secrets\tests\ConfigurationSecretsFunctionalTests.cs(33,13): error CS0103: The name 'Assert' does not exist in the current context
C:\gh\azure-sdk-for-net\sdk\extensions\Azure.Extensions.AspNetCore.Configuration.Secrets\tests\ConfigurationSecretsFunctionalTests.cs(34,13): error CS0103: The name 'Assert' does not exist in the current context
C:\gh\azure-sdk-for-net\sdk\extensions\Azure.Extensions.AspNetCore.Configuration.Secrets\tests\ConfigurationSecretsFunctionalTests.cs(41,13): error CS0103: The name 'Assert' does not exist in the current context
C:\gh\azure-sdk-for-net\sdk\extensions\Azure.Extensions.AspNetCore.Configuration.Secrets\tests\ConfigurationSecretsFunctionalTests.cs(42,13): error CS0103: The name 'Assert' does not exist in the current context
C:\gh\azure-sdk-for-net\sdk\extensions\Azure.Extensions.AspNetCore.Configuration.Secrets\tests\ConfigurationSecretsFunctionalTests.cs(43,13): error CS0103: The name 'Assert' does not exist in the current context
C:\gh\azure-sdk-for-net\sdk\extensions\Azure.Extensions.AspNetCore.Configuration.Secrets\tests\AzureKeyVaultConfigurationTests.cs(33,99): error CS1503: Argument 1: cannot convert from '?[][]' to 'SecretProperties[][]'
C:\gh\azure-sdk-for-net\sdk\extensions\Azure.Extensions.AspNetCore.Configuration.Secrets\tests\AzureKeyVaultConfigurationTests.cs(63,39): error CS0246: The type or namespace name 'SecretProperties' could not be found (are you missing a using directive or an assembly reference?)
C:\gh\azure-sdk-for-net\sdk\extensions\Azure.Extensions.AspNetCore.Configuration.Secrets\tests\AzureKeyVaultConfigurationTests.cs(63,34): error CS0103: The name 'Page' does not exist in the current context
C:\gh\azure-sdk-for-net\sdk\extensions\Azure.Extensions.AspNetCore.Configuration.Secrets\tests\AzureKeyVaultConfigurationTests.cs(63,80): error CS0103: The name 'Mock' does not exist in the current context
C:\gh\azure-sdk-for-net\sdk\extensions\Azure.Extensions.AspNetCore.Configuration.Secrets\tests\AzureKeyVaultConfigurationTests.cs(63,88): error CS0246: The type or namespace name 'Response' could not be found (are you missing a using directive or an assembly reference?)
C:\gh\azure-sdk-for-net\sdk\extensions\Azure.Extensions.AspNetCore.Configuration.Secrets\tests\AzureKeyVaultConfigurationTests.cs(73,30): error CS0246: The type or namespace name 'Mock<>' could not be found (are you missing a using directive or an assembly reference?)
C:\gh\azure-sdk-for-net\sdk\extensions\Azure.Extensions.AspNetCore.Configuration.Secrets\tests\AzureKeyVaultConfigurationTests.cs(73,35): error CS0246: The type or namespace name 'SecretClient' could not be found (are you missing a using directive or an assembly reference?)
C:\gh\azure-sdk-for-net\sdk\extensions\Azure.Extensions.AspNetCore.Configuration.Secrets\tests\AzureKeyVaultConfigurationTests.cs(86,39): error CS0122: 'AzureKeyVaultConfigurationProvider' is inaccessible due to its protection level
C:\gh\azure-sdk-for-net\sdk\extensions\Azure.Extensions.AspNetCore.Configuration.Secrets\tests\AzureKeyVaultConfigurationTests.cs(86,94): error CS0518: Predefined type 'System.Void' is not defined or imported
C:\gh\azure-sdk-for-net\sdk\extensions\Azure.Extensions.AspNetCore.Configuration.Secrets\tests\AzureKeyVaultConfigurationTests.cs(86,39): error CS0518: Predefined type 'System.Void' is not defined or imported
C:\gh\azure-sdk-for-net\sdk\extensions\Azure.Extensions.AspNetCore.Configuration.Secrets\tests\AzureKeyVaultConfigurationTests.cs(88,26): error CS0246: The type or namespace name 'ConfigurationProvider' could not be found (are you missing a using directive or an assembly reference?)
C:\gh\azure-sdk-for-net\sdk\extensions\Azure.Extensions.AspNetCore.Configuration.Secrets\tests\AzureKeyVaultConfigurationTests.cs(88,26): error CS0122: 'AzureKeyVaultConfigurationProvider.Load()' is inaccessible due to its protection level
C:\gh\azure-sdk-for-net\sdk\extensions\Azure.Extensions.AspNetCore.Configuration.Secrets\tests\AzureKeyVaultConfigurationTests.cs(90,42): error CS0246: The type or namespace name 'ConfigurationProvider' could not be found (are you missing a using directive or an assembly reference?)
C:\gh\azure-sdk-for-net\sdk\extensions\Azure.Extensions.AspNetCore.Configuration.Secrets\tests\AzureKeyVaultConfigurationTests.cs(91,17): error CS0103: The name 'Assert' does not exist in the current context
C:\gh\azure-sdk-for-net\sdk\extensions\Azure.Extensions.AspNetCore.Configuration.Secrets\tests\AzureKeyVaultConfigurationTests.cs(92,17): error CS0103: The name 'Assert' does not exist in the current context
C:\gh\azure-sdk-for-net\sdk\extensions\Azure.Extensions.AspNetCore.Configuration.Secrets\tests\AzureKeyVaultConfigurationTests.cs(92,52): error CS0246: The type or namespace name 'ConfigurationProvider' could not be found (are you missing a using directive or an assembly reference?)
C:\gh\azure-sdk-for-net\sdk\extensions\Azure.Extensions.AspNetCore.Configuration.Secrets\tests\AzureKeyVaultConfigurationTests.cs(93,17): error CS0103: The name 'Assert' does not exist in the current context
C:\gh\azure-sdk-for-net\sdk\extensions\Azure.Extensions.AspNetCore.Configuration.Secrets\tests\AzureKeyVaultConfigurationTests.cs(93,52): error CS0246: The type or namespace name 'ConfigurationProvider' could not be found (are you missing a using directive or an assembly reference?)
C:\gh\azure-sdk-for-net\sdk\extensions\Azure.Extensions.AspNetCore.Configuration.Secrets\tests\AzureKeyVaultConfigurationTests.cs(101,36): error CS0103: The name 'SecretModelFactory' does not exist in the current context
C:\gh\azure-sdk-for-net\sdk\extensions\Azure.Extensions.AspNetCore.Configuration.Secrets\tests\AzureKeyVaultConfigurationTests.cs(104,20): error CS0103: The name 'SecretModelFactory' does not exist in the current context
C:\gh\azure-sdk-for-net\sdk\extensions\Azure.Extensions.AspNetCore.Configuration.Secrets\tests\AzureKeyVaultConfigurationTests.cs(110,30): error CS0246: The type or namespace name 'Mock<>' could not be found (are you missing a using directive or an assembly reference?)
C:\gh\azure-sdk-for-net\sdk\extensions\Azure.Extensions.AspNetCore.Configuration.Secrets\tests\AzureKeyVaultConfigurationTests.cs(110,35): error CS0246: The type or namespace name 'SecretClient' could not be found (are you missing a using directive or an assembly reference?)
C:\gh\azure-sdk-for-net\sdk\extensions\Azure.Extensions.AspNetCore.Configuration.Secrets\tests\AzureKeyVaultConfigurationTests.cs(123,39): error CS0122: 'AzureKeyVaultConfigurationProvider' is inaccessible due to its protection level
C:\gh\azure-sdk-for-net\sdk\extensions\Azure.Extensions.AspNetCore.Configuration.Secrets\tests\AzureKeyVaultConfigurationTests.cs(123,39): error CS0518: Predefined type 'System.Void' is not defined or imported
C:\gh\azure-sdk-for-net\sdk\extensions\Azure.Extensions.AspNetCore.Configuration.Secrets\tests\AzureKeyVaultConfigurationTests.cs(125,26): error CS0246: The type or namespace name 'ConfigurationProvider' could not be found (are you missing a using directive or an assembly reference?)
C:\gh\azure-sdk-for-net\sdk\extensions\Azure.Extensions.AspNetCore.Configuration.Secrets\tests\AzureKeyVaultConfigurationTests.cs(125,26): error CS0122: 'AzureKeyVaultConfigurationProvider.Load()' is inaccessible due to its protection level
C:\gh\azure-sdk-for-net\sdk\extensions\Azure.Extensions.AspNetCore.Configuration.Secrets\tests\AzureKeyVaultConfigurationTests.cs(128,42): error CS0246: The type or namespace name 'ConfigurationProvider' could not be found (are you missing a using directive or an assembly reference?)
C:\gh\azure-sdk-for-net\sdk\extensions\Azure.Extensions.AspNetCore.Configuration.Secrets\tests\AzureKeyVaultConfigurationTests.cs(129,17): error CS0103: The name 'Assert' does not exist in the current context
C:\gh\azure-sdk-for-net\sdk\extensions\Azure.Extensions.AspNetCore.Configuration.Secrets\tests\AzureKeyVaultConfigurationTests.cs(130,17): error CS0103: The name 'Assert' does not exist in the current context
C:\gh\azure-sdk-for-net\sdk\extensions\Azure.Extensions.AspNetCore.Configuration.Secrets\tests\AzureKeyVaultConfigurationTests.cs(130,52): error CS0246: The type or namespace name 'ConfigurationProvider' could not be found (are you missing a using directive or an assembly reference?)
C:\gh\azure-sdk-for-net\sdk\extensions\Azure.Extensions.AspNetCore.Configuration.Secrets\tests\AzureKeyVaultConfigurationTests.cs(137,30): error CS0246: The type or namespace name 'Mock<>' could not be found (are you missing a using directive or an assembly reference?)
C:\gh\azure-sdk-for-net\sdk\extensions\Azure.Extensions.AspNetCore.Configuration.Secrets\tests\AzureKeyVaultConfigurationTests.cs(137,35): error CS0246: The type or namespace name 'SecretClient' could not be found (are you missing a using directive or an assembly reference?)
C:\gh\azure-sdk-for-net\sdk\extensions\Azure.Extensions.AspNetCore.Configuration.Secrets\tests\AzureKeyVaultConfigurationTests.cs(151,39): error CS0122: 'AzureKeyVaultConfigurationProvider' is inaccessible due to its protection level
C:\gh\azure-sdk-for-net\sdk\extensions\Azure.Extensions.AspNetCore.Configuration.Secrets\tests\AzureKeyVaultConfigurationTests.cs(151,93): error CS0518: Predefined type 'System.Void' is not defined or imported
C:\gh\azure-sdk-for-net\sdk\extensions\Azure.Extensions.AspNetCore.Configuration.Secrets\tests\AzureKeyVaultConfigurationTests.cs(151,39): error CS0518: Predefined type 'System.Void' is not defined or imported
C:\gh\azure-sdk-for-net\sdk\extensions\Azure.Extensions.AspNetCore.Configuration.Secrets\tests\AzureKeyVaultConfigurationTests.cs(153,26): error CS0246: The type or namespace name 'ConfigurationProvider' could not be found (are you missing a using directive or an assembly reference?)
C:\gh\azure-sdk-for-net\sdk\extensions\Azure.Extensions.AspNetCore.Configuration.Secrets\tests\AzureKeyVaultConfigurationTests.cs(153,26): error CS0122: 'AzureKeyVaultConfigurationProvider.Load()' is inaccessible due to its protection level
C:\gh\azure-sdk-for-net\sdk\extensions\Azure.Extensions.AspNetCore.Configuration.Secrets\tests\AzureKeyVaultConfigurationTests.cs(156,42): error CS0246: The type or namespace name 'ConfigurationProvider' could not be found (are you missing a using directive or an assembly reference?)
C:\gh\azure-sdk-for-net\sdk\extensions\Azure.Extensions.AspNetCore.Configuration.Secrets\tests\AzureKeyVaultConfigurationTests.cs(157,17): error CS0103: The name 'Assert' does not exist in the current context
C:\gh\azure-sdk-for-net\sdk\extensions\Azure.Extensions.AspNetCore.Configuration.Secrets\tests\AzureKeyVaultConfigurationTests.cs(158,17): error CS0103: The name 'Assert' does not exist in the current context
C:\gh\azure-sdk-for-net\sdk\extensions\Azure.Extensions.AspNetCore.Configuration.Secrets\tests\AzureKeyVaultConfigurationTests.cs(158,52): error CS0246: The type or namespace name 'ConfigurationProvider' could not be found (are you missing a using directive or an assembly reference?)
C:\gh\azure-sdk-for-net\sdk\extensions\Azure.Extensions.AspNetCore.Configuration.Secrets\tests\AzureKeyVaultConfigurationTests.cs(159,17): error CS0103: The name 'Assert' does not exist in the current context
C:\gh\azure-sdk-for-net\sdk\extensions\Azure.Extensions.AspNetCore.Configuration.Secrets\tests\AzureKeyVaultConfigurationTests.cs(160,17): error CS0103: The name 'Assert' does not exist in the current context
C:\gh\azure-sdk-for-net\sdk\extensions\Azure.Extensions.AspNetCore.Configuration.Secrets\tests\AzureKeyVaultConfigurationTests.cs(169,30): error CS0246: The type or namespace name 'Mock<>' could not be found (are you missing a using directive or an assembly reference?)
C:\gh\azure-sdk-for-net\sdk\extensions\Azure.Extensions.AspNetCore.Configuration.Secrets\tests\AzureKeyVaultConfigurationTests.cs(169,35): error CS0246: The type or namespace name 'SecretClient' could not be found (are you missing a using directive or an assembly reference?)
C:\gh\azure-sdk-for-net\sdk\extensions\Azure.Extensions.AspNetCore.Configuration.Secrets\tests\AzureKeyVaultConfigurationTests.cs(178,39): error CS0122: 'AzureKeyVaultConfigurationProvider' is inaccessible due to its protection level
C:\gh\azure-sdk-for-net\sdk\extensions\Azure.Extensions.AspNetCore.Configuration.Secrets\tests\AzureKeyVaultConfigurationTests.cs(178,93): error CS0518: Predefined type 'System.Void' is not defined or imported
C:\gh\azure-sdk-for-net\sdk\extensions\Azure.Extensions.AspNetCore.Configuration.Secrets\tests\AzureKeyVaultConfigurationTests.cs(178,39): error CS0518: Predefined type 'System.Void' is not defined or imported
C:\gh\azure-sdk-for-net\sdk\extensions\Azure.Extensions.AspNetCore.Configuration.Secrets\tests\AzureKeyVaultConfigurationTests.cs(180,26): error CS0246: The type or namespace name 'ConfigurationProvider' could not be found (are you missing a using directive or an assembly reference?)
C:\gh\azure-sdk-for-net\sdk\extensions\Azure.Extensions.AspNetCore.Configuration.Secrets\tests\AzureKeyVaultConfigurationTests.cs(180,26): error CS0122: 'AzureKeyVaultConfigurationProvider.Load()' is inaccessible due to its protection level
C:\gh\azure-sdk-for-net\sdk\extensions\Azure.Extensions.AspNetCore.Configuration.Secrets\tests\AzureKeyVaultConfigurationTests.cs(182,17): error CS0103: The name 'Assert' does not exist in the current context
C:\gh\azure-sdk-for-net\sdk\extensions\Azure.Extensions.AspNetCore.Configuration.Secrets\tests\AzureKeyVaultConfigurationTests.cs(182,52): error CS0246: The type or namespace name 'ConfigurationProvider' could not be found (are you missing a using directive or an assembly reference?)
C:\gh\azure-sdk-for-net\sdk\extensions\Azure.Extensions.AspNetCore.Configuration.Secrets\tests\AzureKeyVaultConfigurationTests.cs(191,26): error CS0246: The type or namespace name 'ConfigurationProvider' could not be found (are you missing a using directive or an assembly reference?)
C:\gh\azure-sdk-for-net\sdk\extensions\Azure.Extensions.AspNetCore.Configuration.Secrets\tests\AzureKeyVaultConfigurationTests.cs(191,26): error CS0122: 'AzureKeyVaultConfigurationProvider.Load()' is inaccessible due to its protection level
C:\gh\azure-sdk-for-net\sdk\extensions\Azure.Extensions.AspNetCore.Configuration.Secrets\tests\AzureKeyVaultConfigurationTests.cs(192,17): error CS0103: The name 'Assert' does not exist in the current context
C:\gh\azure-sdk-for-net\sdk\extensions\Azure.Extensions.AspNetCore.Configuration.Secrets\tests\AzureKeyVaultConfigurationTests.cs(192,52): error CS0246: The type or namespace name 'ConfigurationProvider' could not be found (are you missing a using directive or an assembly reference?)
C:\gh\azure-sdk-for-net\sdk\extensions\Azure.Extensions.AspNetCore.Configuration.Secrets\tests\AzureKeyVaultConfigurationTests.cs(202,30): error CS0246: The type or namespace name 'Mock<>' could not be found (are you missing a using directive or an assembly reference?)
C:\gh\azure-sdk-for-net\sdk\extensions\Azure.Extensions.AspNetCore.Configuration.Secrets\tests\AzureKeyVaultConfigurationTests.cs(202,35): error CS0246: The type or namespace name 'SecretClient' could not be found (are you missing a using directive or an assembly reference?)
C:\gh\azure-sdk-for-net\sdk\extensions\Azure.Extensions.AspNetCore.Configuration.Secrets\tests\AzureKeyVaultConfigurationTests.cs(211,88): error CS0518: Predefined type 'System.Void' is not defined or imported
C:\gh\azure-sdk-for-net\sdk\extensions\Azure.Extensions.AspNetCore.Configuration.Secrets\tests\AzureKeyVaultConfigurationTests.cs(211,20): error CS1674: 'AzureKeyVaultConfigurationTests.ReloadControlKeyVaultProvider': type used in a using statement must be implicitly convertible to 'System.IDisposable'.
C:\gh\azure-sdk-for-net\sdk\extensions\Azure.Extensions.AspNetCore.Configuration.Secrets\tests\AzureKeyVaultConfigurationTests.cs(213,17): error CS0103: The name 'ChangeToken' does not exist in the current context
C:\gh\azure-sdk-for-net\sdk\extensions\Azure.Extensions.AspNetCore.Configuration.Secrets\tests\AzureKeyVaultConfigurationTests.cs(219,26): error CS1061: 'AzureKeyVaultConfigurationTests.ReloadControlKeyVaultProvider' does not contain a definition for 'Load' and no accessible extension method 'Load' accepting a first argument of type 'AzureKeyVaultConfigurationTests.ReloadControlKeyVaultProvider' could be found (are you missing a using directive or an assembly reference?)
C:\gh\azure-sdk-for-net\sdk\extensions\Azure.Extensions.AspNetCore.Configuration.Secrets\tests\AzureKeyVaultConfigurationTests.cs(221,17): error CS0103: The name 'Assert' does not exist in the current context
C:\gh\azure-sdk-for-net\sdk\extensions\Azure.Extensions.AspNetCore.Configuration.Secrets\tests\AzureKeyVaultConfigurationTests.cs(221,43): error CS1929: 'AzureKeyVaultConfigurationTests.ReloadControlKeyVaultProvider' does not contain a definition for 'Get' and the best extension method overload 'ConfigurationProviderExtensions.Get(IConfigurationProvider, string)' requires a receiver of type 'IConfigurationProvider'
C:\gh\azure-sdk-for-net\sdk\extensions\Azure.Extensions.AspNetCore.Configuration.Secrets\tests\AzureKeyVaultConfigurationTests.cs(236,17): error CS0103: The name 'Assert' does not exist in the current context
C:\gh\azure-sdk-for-net\sdk\extensions\Azure.Extensions.AspNetCore.Configuration.Secrets\tests\AzureKeyVaultConfigurationTests.cs(236,43): error CS1929: 'AzureKeyVaultConfigurationTests.ReloadControlKeyVaultProvider' does not contain a definition for 'Get' and the best extension method overload 'ConfigurationProviderExtensions.Get(IConfigurationProvider, string)' requires a receiver of type 'IConfigurationProvider'
C:\gh\azure-sdk-for-net\sdk\extensions\Azure.Extensions.AspNetCore.Configuration.Secrets\tests\AzureKeyVaultConfigurationTests.cs(237,17): error CS0103: The name 'Assert' does not exist in the current context
C:\gh\azure-sdk-for-net\sdk\extensions\Azure.Extensions.AspNetCore.Configuration.Secrets\tests\AzureKeyVaultConfigurationTests.cs(247,30): error CS0246: The type or namespace name 'Mock<>' could not be found (are you missing a using directive or an assembly reference?)
C:\gh\azure-sdk-for-net\sdk\extensions\Azure.Extensions.AspNetCore.Configuration.Secrets\tests\AzureKeyVaultConfigurationTests.cs(247,35): error CS0246: The type or namespace name 'SecretClient' could not be found (are you missing a using directive or an assembly reference?)
C:\gh\azure-sdk-for-net\sdk\extensions\Azure.Extensions.AspNetCore.Configuration.Secrets\tests\AzureKeyVaultConfigurationTests.cs(256,88): error CS0518: Predefined type 'System.Void' is not defined or imported
C:\gh\azure-sdk-for-net\sdk\extensions\Azure.Extensions.AspNetCore.Configuration.Secrets\tests\AzureKeyVaultConfigurationTests.cs(256,20): error CS1674: 'AzureKeyVaultConfigurationTests.ReloadControlKeyVaultProvider': type used in a using statement must be implicitly convertible to 'System.IDisposable'.
C:\gh\azure-sdk-for-net\sdk\extensions\Azure.Extensions.AspNetCore.Configuration.Secrets\tests\AzureKeyVaultConfigurationTests.cs(258,17): error CS0103: The name 'ChangeToken' does not exist in the current context
C:\gh\azure-sdk-for-net\sdk\extensions\Azure.Extensions.AspNetCore.Configuration.Secrets\tests\AzureKeyVaultConfigurationTests.cs(264,26): error CS1061: 'AzureKeyVaultConfigurationTests.ReloadControlKeyVaultProvider' does not contain a definition for 'Load' and no accessible extension method 'Load' accepting a first argument of type 'AzureKeyVaultConfigurationTests.ReloadControlKeyVaultProvider' could be found (are you missing a using directive or an assembly reference?)
C:\gh\azure-sdk-for-net\sdk\extensions\Azure.Extensions.AspNetCore.Configuration.Secrets\tests\AzureKeyVaultConfigurationTests.cs(266,17): error CS0103: The name 'Assert' does not exist in the current context
C:\gh\azure-sdk-for-net\sdk\extensions\Azure.Extensions.AspNetCore.Configuration.Secrets\tests\AzureKeyVaultConfigurationTests.cs(266,43): error CS1929: 'AzureKeyVaultConfigurationTests.ReloadControlKeyVaultProvider' does not contain a definition for 'Get' and the best extension method overload 'ConfigurationProviderExtensions.Get(IConfigurationProvider, string)' requires a receiver of type 'IConfigurationProvider'
C:\gh\azure-sdk-for-net\sdk\extensions\Azure.Extensions.AspNetCore.Configuration.Secrets\tests\AzureKeyVaultConfigurationTests.cs(274,17): error CS0103: The name 'Assert' does not exist in the current context
C:\gh\azure-sdk-for-net\sdk\extensions\Azure.Extensions.AspNetCore.Configuration.Secrets\tests\AzureKeyVaultConfigurationTests.cs(274,43): error CS1929: 'AzureKeyVaultConfigurationTests.ReloadControlKeyVaultProvider' does not contain a definition for 'Get' and the best extension method overload 'ConfigurationProviderExtensions.Get(IConfigurationProvider, string)' requires a receiver of type 'IConfigurationProvider'
C:\gh\azure-sdk-for-net\sdk\extensions\Azure.Extensions.AspNetCore.Configuration.Secrets\tests\AzureKeyVaultConfigurationTests.cs(275,17): error CS0103: The name 'Assert' does not exist in the current context
C:\gh\azure-sdk-for-net\sdk\extensions\Azure.Extensions.AspNetCore.Configuration.Secrets\tests\AzureKeyVaultConfigurationTests.cs(284,30): error CS0246: The type or namespace name 'Mock<>' could not be found (are you missing a using directive or an assembly reference?)
C:\gh\azure-sdk-for-net\sdk\extensions\Azure.Extensions.AspNetCore.Configuration.Secrets\tests\AzureKeyVaultConfigurationTests.cs(284,35): error CS0246: The type or namespace name 'SecretClient' could not be found (are you missing a using directive or an assembly reference?)
C:\gh\azure-sdk-for-net\sdk\extensions\Azure.Extensions.AspNetCore.Configuration.Secrets\tests\AzureKeyVaultConfigurationTests.cs(294,88): error CS0518: Predefined type 'System.Void' is not defined or imported
C:\gh\azure-sdk-for-net\sdk\extensions\Azure.Extensions.AspNetCore.Configuration.Secrets\tests\AzureKeyVaultConfigurationTests.cs(294,20): error CS1674: 'AzureKeyVaultConfigurationTests.ReloadControlKeyVaultProvider': type used in a using statement must be implicitly convertible to 'System.IDisposable'.
C:\gh\azure-sdk-for-net\sdk\extensions\Azure.Extensions.AspNetCore.Configuration.Secrets\tests\AzureKeyVaultConfigurationTests.cs(296,17): error CS0103: The name 'ChangeToken' does not exist in the current context
C:\gh\azure-sdk-for-net\sdk\extensions\Azure.Extensions.AspNetCore.Configuration.Secrets\tests\AzureKeyVaultConfigurationTests.cs(302,26): error CS1061: 'AzureKeyVaultConfigurationTests.ReloadControlKeyVaultProvider' does not contain a definition for 'Load' and no accessible extension method 'Load' accepting a first argument of type 'AzureKeyVaultConfigurationTests.ReloadControlKeyVaultProvider' could be found (are you missing a using directive or an assembly reference?)
C:\gh\azure-sdk-for-net\sdk\extensions\Azure.Extensions.AspNetCore.Configuration.Secrets\tests\AzureKeyVaultConfigurationTests.cs(304,17): error CS0103: The name 'Assert' does not exist in the current context
C:\gh\azure-sdk-for-net\sdk\extensions\Azure.Extensions.AspNetCore.Configuration.Secrets\tests\AzureKeyVaultConfigurationTests.cs(304,43): error CS1929: 'AzureKeyVaultConfigurationTests.ReloadControlKeyVaultProvider' does not contain a definition for 'Get' and the best extension method overload 'ConfigurationProviderExtensions.Get(IConfigurationProvider, string)' requires a receiver of type 'IConfigurationProvider'
C:\gh\azure-sdk-for-net\sdk\extensions\Azure.Extensions.AspNetCore.Configuration.Secrets\tests\AzureKeyVaultConfigurationTests.cs(319,17): error CS0103: The name 'Assert' does not exist in the current context
C:\gh\azure-sdk-for-net\sdk\extensions\Azure.Extensions.AspNetCore.Configuration.Secrets\tests\AzureKeyVaultConfigurationTests.cs(320,17): error CS0103: The name 'Assert' does not exist in the current context
C:\gh\azure-sdk-for-net\sdk\extensions\Azure.Extensions.AspNetCore.Configuration.Secrets\tests\AzureKeyVaultConfigurationTests.cs(329,30): error CS0246: The type or namespace name 'Mock<>' could not be found (are you missing a using directive or an assembly reference?)
C:\gh\azure-sdk-for-net\sdk\extensions\Azure.Extensions.AspNetCore.Configuration.Secrets\tests\AzureKeyVaultConfigurationTests.cs(329,35): error CS0246: The type or namespace name 'SecretClient' could not be found (are you missing a using directive or an assembly reference?)
C:\gh\azure-sdk-for-net\sdk\extensions\Azure.Extensions.AspNetCore.Configuration.Secrets\tests\AzureKeyVaultConfigurationTests.cs(339,88): error CS0518: Predefined type 'System.Void' is not defined or imported
C:\gh\azure-sdk-for-net\sdk\extensions\Azure.Extensions.AspNetCore.Configuration.Secrets\tests\AzureKeyVaultConfigurationTests.cs(339,20): error CS1674: 'AzureKeyVaultConfigurationTests.ReloadControlKeyVaultProvider': type used in a using statement must be implicitly convertible to 'System.IDisposable'.
C:\gh\azure-sdk-for-net\sdk\extensions\Azure.Extensions.AspNetCore.Configuration.Secrets\tests\AzureKeyVaultConfigurationTests.cs(341,17): error CS0103: The name 'ChangeToken' does not exist in the current context
C:\gh\azure-sdk-for-net\sdk\extensions\Azure.Extensions.AspNetCore.Configuration.Secrets\tests\AzureKeyVaultConfigurationTests.cs(347,26): error CS1061: 'AzureKeyVaultConfigurationTests.ReloadControlKeyVaultProvider' does not contain a definition for 'Load' and no accessible extension method 'Load' accepting a first argument of type 'AzureKeyVaultConfigurationTests.ReloadControlKeyVaultProvider' could be found (are you missing a using directive or an assembly reference?)
C:\gh\azure-sdk-for-net\sdk\extensions\Azure.Extensions.AspNetCore.Configuration.Secrets\tests\AzureKeyVaultConfigurationTests.cs(349,17): error CS0103: The name 'Assert' does not exist in the current context
C:\gh\azure-sdk-for-net\sdk\extensions\Azure.Extensions.AspNetCore.Configuration.Secrets\tests\AzureKeyVaultConfigurationTests.cs(349,43): error CS1929: 'AzureKeyVaultConfigurationTests.ReloadControlKeyVaultProvider' does not contain a definition for 'Get' and the best extension method overload 'ConfigurationProviderExtensions.Get(IConfigurationProvider, string)' requires a receiver of type 'IConfigurationProvider'
C:\gh\azure-sdk-for-net\sdk\extensions\Azure.Extensions.AspNetCore.Configuration.Secrets\tests\AzureKeyVaultConfigurationTests.cs(365,17): error CS0103: The name 'Assert' does not exist in the current context
C:\gh\azure-sdk-for-net\sdk\extensions\Azure.Extensions.AspNetCore.Configuration.Secrets\tests\AzureKeyVaultConfigurationTests.cs(366,17): error CS0103: The name 'Assert' does not exist in the current context
C:\gh\azure-sdk-for-net\sdk\extensions\Azure.Extensions.AspNetCore.Configuration.Secrets\tests\AzureKeyVaultConfigurationTests.cs(375,30): error CS0246: The type or namespace name 'Mock<>' could not be found (are you missing a using directive or an assembly reference?)
C:\gh\azure-sdk-for-net\sdk\extensions\Azure.Extensions.AspNetCore.Configuration.Secrets\tests\AzureKeyVaultConfigurationTests.cs(375,35): error CS0246: The type or namespace name 'SecretClient' could not be found (are you missing a using directive or an assembly reference?)
C:\gh\azure-sdk-for-net\sdk\extensions\Azure.Extensions.AspNetCore.Configuration.Secrets\tests\AzureKeyVaultConfigurationTests.cs(384,88): error CS0518: Predefined type 'System.Void' is not defined or imported
C:\gh\azure-sdk-for-net\sdk\extensions\Azure.Extensions.AspNetCore.Configuration.Secrets\tests\AzureKeyVaultConfigurationTests.cs(384,20): error CS1674: 'AzureKeyVaultConfigurationTests.ReloadControlKeyVaultProvider': type used in a using statement must be implicitly convertible to 'System.IDisposable'.
C:\gh\azure-sdk-for-net\sdk\extensions\Azure.Extensions.AspNetCore.Configuration.Secrets\tests\AzureKeyVaultConfigurationTests.cs(386,17): error CS0103: The name 'ChangeToken' does not exist in the current context
C:\gh\azure-sdk-for-net\sdk\extensions\Azure.Extensions.AspNetCore.Configuration.Secrets\tests\AzureKeyVaultConfigurationTests.cs(392,26): error CS1061: 'AzureKeyVaultConfigurationTests.ReloadControlKeyVaultProvider' does not contain a definition for 'Load' and no accessible extension method 'Load' accepting a first argument of type 'AzureKeyVaultConfigurationTests.ReloadControlKeyVaultProvider' could be found (are you missing a using directive or an assembly reference?)
C:\gh\azure-sdk-for-net\sdk\extensions\Azure.Extensions.AspNetCore.Configuration.Secrets\tests\AzureKeyVaultConfigurationTests.cs(394,17): error CS0103: The name 'Assert' does not exist in the current context
C:\gh\azure-sdk-for-net\sdk\extensions\Azure.Extensions.AspNetCore.Configuration.Secrets\tests\AzureKeyVaultConfigurationTests.cs(394,43): error CS1929: 'AzureKeyVaultConfigurationTests.ReloadControlKeyVaultProvider' does not contain a definition for 'Get' and the best extension method overload 'ConfigurationProviderExtensions.Get(IConfigurationProvider, string)' requires a receiver of type 'IConfigurationProvider'
C:\gh\azure-sdk-for-net\sdk\extensions\Azure.Extensions.AspNetCore.Configuration.Secrets\tests\AzureKeyVaultConfigurationTests.cs(413,17): error CS0103: The name 'Assert' does not exist in the current context
C:\gh\azure-sdk-for-net\sdk\extensions\Azure.Extensions.AspNetCore.Configuration.Secrets\tests\AzureKeyVaultConfigurationTests.cs(413,43): error CS1929: 'AzureKeyVaultConfigurationTests.ReloadControlKeyVaultProvider' does not contain a definition for 'Get' and the best extension method overload 'ConfigurationProviderExtensions.Get(IConfigurationProvider, string)' requires a receiver of type 'IConfigurationProvider'
C:\gh\azure-sdk-for-net\sdk\extensions\Azure.Extensions.AspNetCore.Configuration.Secrets\tests\AzureKeyVaultConfigurationTests.cs(414,17): error CS0103: The name 'Assert' does not exist in the current context
C:\gh\azure-sdk-for-net\sdk\extensions\Azure.Extensions.AspNetCore.Configuration.Secrets\tests\AzureKeyVaultConfigurationTests.cs(414,43): error CS1929: 'AzureKeyVaultConfigurationTests.ReloadControlKeyVaultProvider' does not contain a definition for 'Get' and the best extension method overload 'ConfigurationProviderExtensions.Get(IConfigurationProvider, string)' requires a receiver of type 'IConfigurationProvider'
C:\gh\azure-sdk-for-net\sdk\extensions\Azure.Extensions.AspNetCore.Configuration.Secrets\tests\AzureKeyVaultConfigurationTests.cs(415,17): error CS0103: The name 'Assert' does not exist in the current context
C:\gh\azure-sdk-for-net\sdk\extensions\Azure.Extensions.AspNetCore.Configuration.Secrets\tests\AzureKeyVaultConfigurationTests.cs(422,30): error CS0246: The type or namespace name 'Mock<>' could not be found (are you missing a using directive or an assembly reference?)
C:\gh\azure-sdk-for-net\sdk\extensions\Azure.Extensions.AspNetCore.Configuration.Secrets\tests\AzureKeyVaultConfigurationTests.cs(422,35): error CS0246: The type or namespace name 'SecretClient' could not be found (are you missing a using directive or an assembly reference?)
C:\gh\azure-sdk-for-net\sdk\extensions\Azure.Extensions.AspNetCore.Configuration.Secrets\tests\AzureKeyVaultConfigurationTests.cs(431,39): error CS0122: 'AzureKeyVaultConfigurationProvider' is inaccessible due to its protection level
C:\gh\azure-sdk-for-net\sdk\extensions\Azure.Extensions.AspNetCore.Configuration.Secrets\tests\AzureKeyVaultConfigurationTests.cs(431,93): error CS0518: Predefined type 'System.Void' is not defined or imported
C:\gh\azure-sdk-for-net\sdk\extensions\Azure.Extensions.AspNetCore.Configuration.Secrets\tests\AzureKeyVaultConfigurationTests.cs(431,39): error CS0518: Predefined type 'System.Void' is not defined or imported
C:\gh\azure-sdk-for-net\sdk\extensions\Azure.Extensions.AspNetCore.Configuration.Secrets\tests\AzureKeyVaultConfigurationTests.cs(433,26): error CS0246: The type or namespace name 'ConfigurationProvider' could not be found (are you missing a using directive or an assembly reference?)
C:\gh\azure-sdk-for-net\sdk\extensions\Azure.Extensions.AspNetCore.Configuration.Secrets\tests\AzureKeyVaultConfigurationTests.cs(433,26): error CS0122: 'AzureKeyVaultConfigurationProvider.Load()' is inaccessible due to its protection level
C:\gh\azure-sdk-for-net\sdk\extensions\Azure.Extensions.AspNetCore.Configuration.Secrets\tests\AzureKeyVaultConfigurationTests.cs(436,17): error CS0103: The name 'Assert' does not exist in the current context
C:\gh\azure-sdk-for-net\sdk\extensions\Azure.Extensions.AspNetCore.Configuration.Secrets\tests\AzureKeyVaultConfigurationTests.cs(436,52): error CS0246: The type or namespace name 'ConfigurationProvider' could not be found (are you missing a using directive or an assembly reference?)
C:\gh\azure-sdk-for-net\sdk\extensions\Azure.Extensions.AspNetCore.Configuration.Secrets\tests\AzureKeyVaultConfigurationTests.cs(445,30): error CS0246: The type or namespace name 'Mock<>' could not be found (are you missing a using directive or an assembly reference?)
C:\gh\azure-sdk-for-net\sdk\extensions\Azure.Extensions.AspNetCore.Configuration.Secrets\tests\AzureKeyVaultConfigurationTests.cs(445,35): error CS0246: The type or namespace name 'SecretClient' could not be found (are you missing a using directive or an assembly reference?)
C:\gh\azure-sdk-for-net\sdk\extensions\Azure.Extensions.AspNetCore.Configuration.Secrets\tests\AzureKeyVaultConfigurationTests.cs(465,32): error CS0122: 'AzureKeyVaultConfigurationProvider' is inaccessible due to its protection level
C:\gh\azure-sdk-for-net\sdk\extensions\Azure.Extensions.AspNetCore.Configuration.Secrets\tests\AzureKeyVaultConfigurationTests.cs(465,86): error CS0518: Predefined type 'System.Void' is not defined or imported
C:\gh\azure-sdk-for-net\sdk\extensions\Azure.Extensions.AspNetCore.Configuration.Secrets\tests\AzureKeyVaultConfigurationTests.cs(465,32): error CS0518: Predefined type 'System.Void' is not defined or imported
C:\gh\azure-sdk-for-net\sdk\extensions\Azure.Extensions.AspNetCore.Configuration.Secrets\tests\AzureKeyVaultConfigurationTests.cs(466,22): error CS0246: The type or namespace name 'ConfigurationProvider' could not be found (are you missing a using directive or an assembly reference?)
C:\gh\azure-sdk-for-net\sdk\extensions\Azure.Extensions.AspNetCore.Configuration.Secrets\tests\AzureKeyVaultConfigurationTests.cs(466,22): error CS0122: 'AzureKeyVaultConfigurationProvider.Load()' is inaccessible due to its protection level
C:\gh\azure-sdk-for-net\sdk\extensions\Azure.Extensions.AspNetCore.Configuration.Secrets\tests\AzureKeyVaultConfigurationTests.cs(470,13): error CS0103: The name 'Assert' does not exist in the current context
C:\gh\azure-sdk-for-net\sdk\extensions\Azure.Extensions.AspNetCore.Configuration.Secrets\tests\AzureKeyVaultConfigurationTests.cs(470,48): error CS0246: The type or namespace name 'ConfigurationProvider' could not be found (are you missing a using directive or an assembly reference?)
C:\gh\azure-sdk-for-net\sdk\extensions\Azure.Extensions.AspNetCore.Configuration.Secrets\tests\AzureKeyVaultConfigurationTests.cs(471,13): error CS0103: The name 'Assert' does not exist in the current context
C:\gh\azure-sdk-for-net\sdk\extensions\Azure.Extensions.AspNetCore.Configuration.Secrets\tests\AzureKeyVaultConfigurationTests.cs(471,48): error CS0246: The type or namespace name 'ConfigurationProvider' could not be found (are you missing a using directive or an assembly reference?)
C:\gh\azure-sdk-for-net\sdk\extensions\Azure.Extensions.AspNetCore.Configuration.Secrets\tests\AzureKeyVaultConfigurationTests.cs(480,30): error CS0246: The type or namespace name 'Mock<>' could not be found (are you missing a using directive or an assembly reference?)
C:\gh\azure-sdk-for-net\sdk\extensions\Azure.Extensions.AspNetCore.Configuration.Secrets\tests\AzureKeyVaultConfigurationTests.cs(480,35): error CS0246: The type or namespace name 'SecretClient' could not be found (are you missing a using directive or an assembly reference?)
C:\gh\azure-sdk-for-net\sdk\extensions\Azure.Extensions.AspNetCore.Configuration.Secrets\tests\AzureKeyVaultConfigurationTests.cs(501,32): error CS0122: 'AzureKeyVaultConfigurationProvider' is inaccessible due to its protection level
C:\gh\azure-sdk-for-net\sdk\extensions\Azure.Extensions.AspNetCore.Configuration.Secrets\tests\AzureKeyVaultConfigurationTests.cs(501,86): error CS0518: Predefined type 'System.Void' is not defined or imported
C:\gh\azure-sdk-for-net\sdk\extensions\Azure.Extensions.AspNetCore.Configuration.Secrets\tests\AzureKeyVaultConfigurationTests.cs(501,32): error CS0518: Predefined type 'System.Void' is not defined or imported
C:\gh\azure-sdk-for-net\sdk\extensions\Azure.Extensions.AspNetCore.Configuration.Secrets\tests\AzureKeyVaultConfigurationTests.cs(502,22): error CS0246: The type or namespace name 'ConfigurationProvider' could not be found (are you missing a using directive or an assembly reference?)
C:\gh\azure-sdk-for-net\sdk\extensions\Azure.Extensions.AspNetCore.Configuration.Secrets\tests\AzureKeyVaultConfigurationTests.cs(502,22): error CS0122: 'AzureKeyVaultConfigurationProvider.Load()' is inaccessible due to its protection level
C:\gh\azure-sdk-for-net\sdk\extensions\Azure.Extensions.AspNetCore.Configuration.Secrets\tests\AzureKeyVaultConfigurationTests.cs(507,17): error CS0103: The name 'Assert' does not exist in the current context
C:\gh\azure-sdk-for-net\sdk\extensions\Azure.Extensions.AspNetCore.Configuration.Secrets\tests\AzureKeyVaultConfigurationTests.cs(507,56): error CS0246: The type or namespace name 'ConfigurationProvider' could not be found (are you missing a using directive or an assembly reference?)
C:\gh\azure-sdk-for-net\sdk\extensions\Azure.Extensions.AspNetCore.Configuration.Secrets\tests\AzureKeyVaultConfigurationTests.cs(510,13): error CS0103: The name 'Assert' does not exist in the current context
C:\gh\azure-sdk-for-net\sdk\extensions\Azure.Extensions.AspNetCore.Configuration.Secrets\tests\AzureKeyVaultConfigurationTests.cs(516,13): error CS0103: The name 'Assert' does not exist in the current context
C:\gh\azure-sdk-for-net\sdk\extensions\Azure.Extensions.AspNetCore.Configuration.Secrets\tests\AzureKeyVaultConfigurationTests.cs(522,13): error CS0103: The name 'Assert' does not exist in the current context
C:\gh\azure-sdk-for-net\sdk\extensions\Azure.Extensions.AspNetCore.Configuration.Secrets\tests\AzureKeyVaultConfigurationTests.cs(528,13): error CS0103: The name 'Assert' does not exist in the current context
C:\gh\azure-sdk-for-net\sdk\extensions\Azure.Extensions.AspNetCore.Configuration.Secrets\tests\AzureKeyVaultConfigurationTests.cs(531,23): error CS0518: Predefined type 'System.Void' is not defined or imported
C:\gh\azure-sdk-for-net\sdk\extensions\Azure.Extensions.AspNetCore.Configuration.Secrets\tests\AzureKeyVaultConfigurationTests.cs(544,138): error CS0518: Predefined type 'System.Void' is not defined or imported
C:\gh\azure-sdk-for-net\sdk\extensions\Azure.Extensions.AspNetCore.Configuration.Secrets\tests\AzureKeyVaultConfigurationTests.cs(544,138): error CS1729: 'AzureKeyVaultConfigurationProvider' does not contain a constructor that takes 3 arguments
C:\gh\azure-sdk-for-net\sdk\extensions\Azure.Extensions.AspNetCore.Configuration.Secrets\tests\AzureKeyVaultConfigurationTests.cs(5,1): hidden CS8019: Unnecessary using directive.
C:\gh\azure-sdk-for-net\artifacts\obj\Azure.Extensions.AspNetCore.Configuration.Secrets.Tests\Debug\net461\.NETFramework,Version=v4.6.1.AssemblyAttributes.cs(2,1): hidden CS8019: Unnecessary using directive.
C:\gh\azure-sdk-for-net\sdk\extensions\Azure.Extensions.AspNetCore.Configuration.Secrets\tests\AzureKeyVaultConfigurationTests.cs(10,1): hidden CS8019: Unnecessary using directive.
C:\gh\azure-sdk-for-net\artifacts\obj\Azure.Extensions.AspNetCore.Configuration.Secrets.Tests\Debug\net461\Azure.Extensions.AspNetCore.Configuration.Secrets.Tests.AssemblyInfo.cs(11,1): hidden CS8019: Unnecessary using directive.
C:\gh\azure-sdk-for-net\sdk\extensions\Azure.Extensions.AspNetCore.Configuration.Secrets\tests\Snippets.cs(5,1): hidden CS8019: Unnecessary using directive.
C:\gh\azure-sdk-for-net\artifacts\obj\Azure.Extensions.AspNetCore.Configuration.Secrets.Tests\Debug\net461\.NETFramework,Version=v4.6.1.AssemblyAttributes.cs(3,1): hidden CS8019: Unnecessary using directive.
C:\gh\azure-sdk-for-net\sdk\extensions\Azure.Extensions.AspNetCore.Configuration.Secrets\tests\AzureKeyVaultConfigurationTests.cs(13,1): hidden CS8019: Unnecessary using directive.
C:\gh\azure-sdk-for-net\artifacts\obj\Azure.Extensions.AspNetCore.Configuration.Secrets.Tests\Debug\net461\Azure.Extensions.AspNetCore.Configuration.Secrets.Tests.AssemblyInfo.cs(12,1): hidden CS8019: Unnecessary using directive.
C:\gh\azure-sdk-for-net\sdk\extensions\Azure.Extensions.AspNetCore.Configuration.Secrets\tests\ConfigurationProviderExtensions.cs(5,1): hidden CS8019: Unnecessary using directive.
C:\gh\azure-sdk-for-net\sdk\extensions\Azure.Extensions.AspNetCore.Configuration.Secrets\tests\AzureKeyVaultConfigurationTests.cs(12,1): hidden CS8019: Unnecessary using directive.
C:\gh\azure-sdk-for-net\sdk\extensions\Azure.Extensions.AspNetCore.Configuration.Secrets\tests\ConfigurationSecretsFunctionalTests.cs(10,1): hidden CS8019: Unnecessary using directive.
C:\gh\azure-sdk-for-net\sdk\extensions\Azure.Extensions.AspNetCore.Configuration.Secrets\tests\ConfigurationSecretsFunctionalTests.cs(8,1): hidden CS8019: Unnecessary using directive.
C:\gh\azure-sdk-for-net\sdk\extensions\Azure.Extensions.AspNetCore.Configuration.Secrets\tests\AzureKeyVaultConfigurationTests.cs(11,1): hidden CS8019: Unnecessary using directive.
C:\gh\azure-sdk-for-net\sdk\extensions\Azure.Extensions.AspNetCore.Configuration.Secrets\tests\ConfigurationSecretsFunctionalTests.cs(7,1): hidden CS8019: Unnecessary using directive.
