C:\gh\azure-sdk-for-net\common\Perf\Azure.Sample.Perf\HttpPipelineGetTest.cs(16,17): error CS0246: The type or namespace name 'HttpPipeline' could not be found (are you missing a using directive or an assembly reference?)
C:\gh\azure-sdk-for-net\common\Perf\Azure.Sample.Perf\DisposeTest.cs(33,25): error CS0246: The type or namespace name 'ValueTask' could not be found (are you missing a using directive or an assembly reference?)
C:\gh\azure-sdk-for-net\common\Perf\Azure.Sample.Perf\HttpPipelineGetTest.cs(61,17): error CS0246: The type or namespace name 'Request' could not be found (are you missing a using directive or an assembly reference?)
C:\gh\azure-sdk-for-net\common\Perf\Azure.Sample.Perf\Batch\MockReceiverTest.cs(5,7): error CS0246: The type or namespace name 'CommandLine' could not be found (are you missing a using directive or an assembly reference?)
C:\gh\azure-sdk-for-net\common\Perf\Azure.Sample.Perf\DelayTest.cs(5,7): error CS0246: The type or namespace name 'CommandLine' could not be found (are you missing a using directive or an assembly reference?)
C:\gh\azure-sdk-for-net\common\Perf\Azure.Sample.Perf\Event\MockEventProcessorOptions.cs(5,7): error CS0246: The type or namespace name 'CommandLine' could not be found (are you missing a using directive or an assembly reference?)
C:\gh\azure-sdk-for-net\common\Perf\Azure.Sample.Perf\HttpClientGetTest.cs(5,7): error CS0246: The type or namespace name 'CommandLine' could not be found (are you missing a using directive or an assembly reference?)
C:\gh\azure-sdk-for-net\common\Perf\Azure.Sample.Perf\HttpPipelineGetTest.cs(4,13): error CS0234: The type or namespace name 'Core' does not exist in the namespace 'Azure' (are you missing an assembly reference?)
C:\gh\azure-sdk-for-net\common\Perf\Azure.Sample.Perf\HttpPipelineGetTest.cs(5,13): error CS0234: The type or namespace name 'Core' does not exist in the namespace 'Azure' (are you missing an assembly reference?)
C:\gh\azure-sdk-for-net\common\Perf\Azure.Sample.Perf\HttpPipelineGetTest.cs(7,7): error CS0246: The type or namespace name 'CommandLine' could not be found (are you missing a using directive or an assembly reference?)
C:\gh\azure-sdk-for-net\common\Perf\Azure.Sample.Perf\UriOptions.cs(5,7): error CS0246: The type or namespace name 'CommandLine' could not be found (are you missing a using directive or an assembly reference?)
C:\gh\azure-sdk-for-net\common\Perf\Azure.Sample.Perf\DisposeTest.cs(33,35): error CS0012: The type 'ValueTask' is defined in an assembly that is not referenced. You must add a reference to assembly 'System.Threading.Tasks.Extensions, Version=4.2.0.1, Culture=neutral, PublicKeyToken=cc7b13ffcd2ddd51'.
C:\gh\azure-sdk-for-net\common\Perf\Azure.Sample.Perf\HttpPipelineGetTest.cs(69,54): error CS0246: The type or namespace name 'ClientOptions' could not be found (are you missing a using directive or an assembly reference?)
C:\gh\azure-sdk-for-net\common\Perf\Azure.Sample.Perf\UriOptions.cs(12,10): error CS0246: The type or namespace name 'OptionAttribute' could not be found (are you missing a using directive or an assembly reference?)
C:\gh\azure-sdk-for-net\common\Perf\Azure.Sample.Perf\UriOptions.cs(12,10): error CS0246: The type or namespace name 'Option' could not be found (are you missing a using directive or an assembly reference?)
C:\gh\azure-sdk-for-net\common\Perf\Azure.Sample.Perf\UriOptions.cs(12,29): error CS0246: The type or namespace name 'Required' could not be found (are you missing a using directive or an assembly reference?)
C:\gh\azure-sdk-for-net\common\Perf\Azure.Sample.Perf\Event\MockEventProcessorOptions.cs(11,10): error CS0246: The type or namespace name 'OptionAttribute' could not be found (are you missing a using directive or an assembly reference?)
C:\gh\azure-sdk-for-net\common\Perf\Azure.Sample.Perf\Event\MockEventProcessorOptions.cs(11,10): error CS0246: The type or namespace name 'Option' could not be found (are you missing a using directive or an assembly reference?)
C:\gh\azure-sdk-for-net\common\Perf\Azure.Sample.Perf\Event\MockEventProcessorOptions.cs(11,40): error CS0246: The type or namespace name 'HelpText' could not be found (are you missing a using directive or an assembly reference?)
C:\gh\azure-sdk-for-net\common\Perf\Azure.Sample.Perf\Event\MockEventProcessorOptions.cs(14,10): error CS0246: The type or namespace name 'OptionAttribute' could not be found (are you missing a using directive or an assembly reference?)
C:\gh\azure-sdk-for-net\common\Perf\Azure.Sample.Perf\Event\MockEventProcessorOptions.cs(14,10): error CS0246: The type or namespace name 'Option' could not be found (are you missing a using directive or an assembly reference?)
C:\gh\azure-sdk-for-net\common\Perf\Azure.Sample.Perf\Event\MockEventProcessorOptions.cs(14,42): error CS0246: The type or namespace name 'HelpText' could not be found (are you missing a using directive or an assembly reference?)
C:\gh\azure-sdk-for-net\common\Perf\Azure.Sample.Perf\Event\MockEventProcessorOptions.cs(17,10): error CS0246: The type or namespace name 'OptionAttribute' could not be found (are you missing a using directive or an assembly reference?)
C:\gh\azure-sdk-for-net\common\Perf\Azure.Sample.Perf\Event\MockEventProcessorOptions.cs(17,10): error CS0246: The type or namespace name 'Option' could not be found (are you missing a using directive or an assembly reference?)
C:\gh\azure-sdk-for-net\common\Perf\Azure.Sample.Perf\Event\MockEventProcessorOptions.cs(17,31): error CS0246: The type or namespace name 'Default' could not be found (are you missing a using directive or an assembly reference?)
C:\gh\azure-sdk-for-net\common\Perf\Azure.Sample.Perf\Batch\MockReceiverTest.cs(36,14): error CS0246: The type or namespace name 'OptionAttribute' could not be found (are you missing a using directive or an assembly reference?)
C:\gh\azure-sdk-for-net\common\Perf\Azure.Sample.Perf\Batch\MockReceiverTest.cs(36,14): error CS0246: The type or namespace name 'Option' could not be found (are you missing a using directive or an assembly reference?)
C:\gh\azure-sdk-for-net\common\Perf\Azure.Sample.Perf\Batch\MockReceiverTest.cs(36,42): error CS0246: The type or namespace name 'Default' could not be found (are you missing a using directive or an assembly reference?)
C:\gh\azure-sdk-for-net\common\Perf\Azure.Sample.Perf\Batch\MockReceiverTest.cs(39,14): error CS0246: The type or namespace name 'OptionAttribute' could not be found (are you missing a using directive or an assembly reference?)
C:\gh\azure-sdk-for-net\common\Perf\Azure.Sample.Perf\Batch\MockReceiverTest.cs(39,14): error CS0246: The type or namespace name 'Option' could not be found (are you missing a using directive or an assembly reference?)
C:\gh\azure-sdk-for-net\common\Perf\Azure.Sample.Perf\Batch\MockReceiverTest.cs(39,42): error CS0246: The type or namespace name 'Default' could not be found (are you missing a using directive or an assembly reference?)
C:\gh\azure-sdk-for-net\common\Perf\Azure.Sample.Perf\HttpPipelineGetTest.cs(72,14): error CS0246: The type or namespace name 'OptionAttribute' could not be found (are you missing a using directive or an assembly reference?)
C:\gh\azure-sdk-for-net\common\Perf\Azure.Sample.Perf\HttpPipelineGetTest.cs(72,14): error CS0246: The type or namespace name 'Option' could not be found (are you missing a using directive or an assembly reference?)
C:\gh\azure-sdk-for-net\common\Perf\Azure.Sample.Perf\HttpPipelineGetTest.cs(72,49): error CS0246: The type or namespace name 'Default' could not be found (are you missing a using directive or an assembly reference?)
C:\gh\azure-sdk-for-net\common\Perf\Azure.Sample.Perf\HttpPipelineGetTest.cs(72,62): error CS0246: The type or namespace name 'HelpText' could not be found (are you missing a using directive or an assembly reference?)
C:\gh\azure-sdk-for-net\common\Perf\Azure.Sample.Perf\DelayTest.cs(35,14): error CS0246: The type or namespace name 'OptionAttribute' could not be found (are you missing a using directive or an assembly reference?)
C:\gh\azure-sdk-for-net\common\Perf\Azure.Sample.Perf\DelayTest.cs(35,14): error CS0246: The type or namespace name 'Option' could not be found (are you missing a using directive or an assembly reference?)
C:\gh\azure-sdk-for-net\common\Perf\Azure.Sample.Perf\DelayTest.cs(35,41): error CS0246: The type or namespace name 'Default' could not be found (are you missing a using directive or an assembly reference?)
C:\gh\azure-sdk-for-net\common\Perf\Azure.Sample.Perf\DelayTest.cs(35,57): error CS0246: The type or namespace name 'HelpText' could not be found (are you missing a using directive or an assembly reference?)
C:\gh\azure-sdk-for-net\common\Perf\Azure.Sample.Perf\DelayTest.cs(42,14): error CS0246: The type or namespace name 'OptionAttribute' could not be found (are you missing a using directive or an assembly reference?)
C:\gh\azure-sdk-for-net\common\Perf\Azure.Sample.Perf\DelayTest.cs(42,14): error CS0246: The type or namespace name 'Option' could not be found (are you missing a using directive or an assembly reference?)
C:\gh\azure-sdk-for-net\common\Perf\Azure.Sample.Perf\DelayTest.cs(42,47): error CS0246: The type or namespace name 'Default' could not be found (are you missing a using directive or an assembly reference?)
C:\gh\azure-sdk-for-net\common\Perf\Azure.Sample.Perf\DelayTest.cs(42,60): error CS0246: The type or namespace name 'HelpText' could not be found (are you missing a using directive or an assembly reference?)
C:\gh\azure-sdk-for-net\common\Perf\Azure.Sample.Perf\DelayTest.cs(45,14): error CS0246: The type or namespace name 'OptionAttribute' could not be found (are you missing a using directive or an assembly reference?)
C:\gh\azure-sdk-for-net\common\Perf\Azure.Sample.Perf\DelayTest.cs(45,14): error CS0246: The type or namespace name 'Option' could not be found (are you missing a using directive or an assembly reference?)
C:\gh\azure-sdk-for-net\common\Perf\Azure.Sample.Perf\DelayTest.cs(45,48): error CS0246: The type or namespace name 'Default' could not be found (are you missing a using directive or an assembly reference?)
C:\gh\azure-sdk-for-net\common\Perf\Azure.Sample.Perf\DelayTest.cs(45,61): error CS0246: The type or namespace name 'HelpText' could not be found (are you missing a using directive or an assembly reference?)
C:\gh\azure-sdk-for-net\common\Perf\Azure.Sample.Perf\HttpPipelineGetTest.cs(21,29): error CS0103: The name 'HttpPipelineBuilder' does not exist in the current context
C:\gh\azure-sdk-for-net\common\Perf\Azure.Sample.Perf\HttpPipelineGetTest.cs(21,55): error CS0311: The type 'Azure.Sample.Perf.HttpPipelineGetTest.HttpPipelineGetClientOptions' cannot be used as type parameter 'TClientOptions' in the generic type or method 'BatchPerfTest<HttpPipelineGetTest.HttpPipelineGetOptions>.ConfigureClientOptions<TClientOptions>(TClientOptions)'. There is no implicit reference conversion from 'Azure.Sample.Perf.HttpPipelineGetTest.HttpPipelineGetClientOptions' to 'Azure.Core.ClientOptions'.
C:\gh\azure-sdk-for-net\common\Perf\Azure.Sample.Perf\HttpPipelineGetTest.cs(21,55): error CS0012: The type 'ClientOptions' is defined in an assembly that is not referenced. You must add a reference to assembly 'Azure.Core, Version=1.0.0.0, Culture=neutral, PublicKeyToken=92742159e12e44c8'.
C:\gh\azure-sdk-for-net\common\Perf\Azure.Sample.Perf\DisposeTest.cs(36,20): error CS0012: The type 'ValueTask' is defined in an assembly that is not referenced. You must add a reference to assembly 'System.Threading.Tasks.Extensions, Version=4.2.0.1, Culture=neutral, PublicKeyToken=cc7b13ffcd2ddd51'.
C:\gh\azure-sdk-for-net\common\Perf\Azure.Sample.Perf\HttpClientGetTest.cs(25,35): error CS1061: 'HttpClientHandler' does not contain a definition for 'ServerCertificateCustomValidationCallback' and no accessible extension method 'ServerCertificateCustomValidationCallback' accepting a first argument of type 'HttpClientHandler' could be found (are you missing a using directive or an assembly reference?)
C:\gh\azure-sdk-for-net\common\Perf\Azure.Sample.Perf\HttpPipelineGetTest.cs(26,13): error CS0246: The type or namespace name 'Response' could not be found (are you missing a using directive or an assembly reference?)
C:\gh\azure-sdk-for-net\common\Perf\Azure.Sample.Perf\HttpPipelineGetTest.cs(44,13): error CS0246: The type or namespace name 'Response' could not be found (are you missing a using directive or an assembly reference?)
C:\gh\azure-sdk-for-net\common\Perf\Azure.Sample.Perf\HttpPipelineGetTest.cs(64,30): error CS0103: The name 'RequestMethod' does not exist in the current context
C:\gh\azure-sdk-for-net\common\Perf\Azure.Sample.Perf\HttpPipelineGetTest.cs(5,1): hidden CS8019: Unnecessary using directive.
C:\gh\azure-sdk-for-net\common\Perf\Azure.Sample.Perf\Event\MockEventProcessorOptions.cs(5,1): hidden CS8019: Unnecessary using directive.
C:\gh\azure-sdk-for-net\common\Perf\Azure.Sample.Perf\UriOptions.cs(5,1): hidden CS8019: Unnecessary using directive.
C:\gh\azure-sdk-for-net\common\Perf\Azure.Sample.Perf\TimerRunTest.cs(6,1): hidden CS8019: Unnecessary using directive.
C:\gh\azure-sdk-for-net\common\Perf\Azure.Sample.Perf\HttpClientGetTest.cs(5,1): hidden CS8019: Unnecessary using directive.
C:\gh\azure-sdk-for-net\common\Perf\Azure.Sample.Perf\Batch\MockReceiverTest.cs(5,1): hidden CS8019: Unnecessary using directive.
C:\gh\azure-sdk-for-net\artifacts\obj\Azure.Sample.Perf\Debug\net461\Azure.Sample.Perf.AssemblyInfo.cs(12,1): hidden CS8019: Unnecessary using directive.
C:\gh\azure-sdk-for-net\common\Perf\Azure.Sample.Perf\DelayTest.cs(5,1): hidden CS8019: Unnecessary using directive.
C:\gh\azure-sdk-for-net\common\Perf\Azure.Sample.Perf\HttpPipelineGetTest.cs(7,1): hidden CS8019: Unnecessary using directive.
C:\gh\azure-sdk-for-net\artifacts\obj\Azure.Sample.Perf\Debug\net461\.NETFramework,Version=v4.6.1.AssemblyAttributes.cs(3,1): hidden CS8019: Unnecessary using directive.
C:\gh\azure-sdk-for-net\artifacts\obj\Azure.Sample.Perf\Debug\net461\Azure.Sample.Perf.AssemblyInfo.cs(11,1): hidden CS8019: Unnecessary using directive.
C:\gh\azure-sdk-for-net\common\Perf\Azure.Sample.Perf\HttpPipelineGetTest.cs(4,1): hidden CS8019: Unnecessary using directive.
C:\gh\azure-sdk-for-net\artifacts\obj\Azure.Sample.Perf\Debug\net461\.NETFramework,Version=v4.6.1.AssemblyAttributes.cs(2,1): hidden CS8019: Unnecessary using directive.
