C:\gh\azure-sdk-for-net\sdk\servicebus\Azure.Messaging.ServiceBus\tests\Processor\SessionProcessorTests.cs(406,57): error CS0507: 'MockSessionProcessor.InnerProcessor': cannot change access modifiers when overriding 'protected' inherited member 'ServiceBusSessionProcessor.InnerProcessor'
C:\gh\azure-sdk-for-net\sdk\servicebus\Azure.Messaging.ServiceBus\tests\Amqp\AmqpReceiverTests.cs(131,52): error CS7036: There is no argument given that corresponds to the required formal parameter 'cancellationToken' of 'AmqpReceiver.ReceiveMessagesAsync(int, TimeSpan?, bool, CancellationToken)'
C:\gh\azure-sdk-for-net\sdk\servicebus\Azure.Messaging.ServiceBus\tests\Infrastructure\ServiceBusTestBase.cs(88,45): error CS7036: There is no argument given that corresponds to the required formal parameter 'cancellationToken' of 'TransportReceiver.ReceiveMessagesAsync(int, TimeSpan?, bool, CancellationToken)'
C:\gh\azure-sdk-for-net\sdk\servicebus\Azure.Messaging.ServiceBus\tests\Amqp\AmqpReceiverTests.cs(164,38): error CS1501: No overload for method 'OpenReceiverLinkAsync' takes 9 arguments
C:\gh\azure-sdk-for-net\sdk\servicebus\Azure.Messaging.ServiceBus\tests\Amqp\AmqpReceiverTests.cs(177,52): error CS7036: There is no argument given that corresponds to the required formal parameter 'cancellationToken' of 'AmqpReceiver.ReceiveMessagesAsync(int, TimeSpan?, bool, CancellationToken)'
C:\gh\azure-sdk-for-net\sdk\servicebus\Azure.Messaging.ServiceBus\tests\Amqp\AmqpReceiverTests.cs(183,40): error CS1501: No overload for method 'OpenReceiverLinkAsync' takes 9 arguments
C:\gh\azure-sdk-for-net\sdk\servicebus\Azure.Messaging.ServiceBus\tests\Diagnostics\EventSourceTests.cs(329,56): error CS7036: There is no argument given that corresponds to the required formal parameter 'cancellationToken' of 'TransportReceiver.ReceiveMessagesAsync(int, TimeSpan?, bool, CancellationToken)'
C:\gh\azure-sdk-for-net\sdk\servicebus\Azure.Messaging.ServiceBus\tests\Diagnostics\EventSourceTests.cs(378,56): error CS7036: There is no argument given that corresponds to the required formal parameter 'cancellationToken' of 'TransportReceiver.ReceiveMessagesAsync(int, TimeSpan?, bool, CancellationToken)'
C:\gh\azure-sdk-for-net\sdk\servicebus\Azure.Messaging.ServiceBus\tests\Amqp\AmqpReceiverTests.cs(222,38): error CS1501: No overload for method 'OpenReceiverLinkAsync' takes 9 arguments
C:\gh\azure-sdk-for-net\sdk\servicebus\Azure.Messaging.ServiceBus\tests\Amqp\AmqpReceiverTests.cs(235,52): error CS7036: There is no argument given that corresponds to the required formal parameter 'cancellationToken' of 'AmqpReceiver.ReceiveMessagesAsync(int, TimeSpan?, bool, CancellationToken)'
C:\gh\azure-sdk-for-net\sdk\servicebus\Azure.Messaging.ServiceBus\tests\Amqp\AmqpReceiverTests.cs(241,40): error CS1501: No overload for method 'OpenReceiverLinkAsync' takes 9 arguments
C:\gh\azure-sdk-for-net\sdk\servicebus\Azure.Messaging.ServiceBus\tests\Diagnostics\EventSourceTests.cs(433,56): error CS7036: There is no argument given that corresponds to the required formal parameter 'cancellationToken' of 'TransportReceiver.ReceiveMessagesAsync(int, TimeSpan?, bool, CancellationToken)'
C:\gh\azure-sdk-for-net\sdk\servicebus\Azure.Messaging.ServiceBus\tests\Amqp\AmqpReceiverTests.cs(287,38): error CS1501: No overload for method 'OpenReceiverLinkAsync' takes 9 arguments
C:\gh\azure-sdk-for-net\sdk\servicebus\Azure.Messaging.ServiceBus\tests\Amqp\AmqpReceiverTests.cs(300,52): error CS7036: There is no argument given that corresponds to the required formal parameter 'cancellationToken' of 'AmqpReceiver.ReceiveMessagesAsync(int, TimeSpan?, bool, CancellationToken)'
C:\gh\azure-sdk-for-net\sdk\servicebus\Azure.Messaging.ServiceBus\tests\Amqp\AmqpReceiverTests.cs(305,40): error CS1501: No overload for method 'OpenReceiverLinkAsync' takes 9 arguments
C:\gh\azure-sdk-for-net\sdk\servicebus\Azure.Messaging.ServiceBus\tests\Amqp\AmqpReceiverTests.cs(348,38): error CS1501: No overload for method 'OpenReceiverLinkAsync' takes 9 arguments
C:\gh\azure-sdk-for-net\sdk\servicebus\Azure.Messaging.ServiceBus\tests\Amqp\AmqpReceiverTests.cs(361,52): error CS7036: There is no argument given that corresponds to the required formal parameter 'cancellationToken' of 'AmqpReceiver.ReceiveMessagesAsync(int, TimeSpan?, bool, CancellationToken)'
C:\gh\azure-sdk-for-net\sdk\servicebus\Azure.Messaging.ServiceBus\tests\Amqp\AmqpReceiverTests.cs(367,40): error CS1501: No overload for method 'OpenReceiverLinkAsync' takes 9 arguments
C:\gh\azure-sdk-for-net\sdk\servicebus\Azure.Messaging.ServiceBus\tests\Amqp\AmqpReceiverTests.cs(405,38): error CS1501: No overload for method 'OpenReceiverLinkAsync' takes 9 arguments
C:\gh\azure-sdk-for-net\sdk\servicebus\Azure.Messaging.ServiceBus\tests\Amqp\AmqpReceiverTests.cs(418,52): error CS7036: There is no argument given that corresponds to the required formal parameter 'cancellationToken' of 'AmqpReceiver.ReceiveMessagesAsync(int, TimeSpan?, bool, CancellationToken)'
C:\gh\azure-sdk-for-net\sdk\servicebus\Azure.Messaging.ServiceBus\tests\Amqp\AmqpReceiverTests.cs(424,40): error CS1501: No overload for method 'OpenReceiverLinkAsync' takes 9 arguments
C:\gh\azure-sdk-for-net\sdk\servicebus\Azure.Messaging.ServiceBus\tests\Amqp\AmqpReceiverTests.cs(462,38): error CS1501: No overload for method 'OpenReceiverLinkAsync' takes 9 arguments
C:\gh\azure-sdk-for-net\sdk\servicebus\Azure.Messaging.ServiceBus\tests\Amqp\AmqpReceiverTests.cs(475,52): error CS7036: There is no argument given that corresponds to the required formal parameter 'cancellationToken' of 'AmqpReceiver.ReceiveMessagesAsync(int, TimeSpan?, bool, CancellationToken)'
C:\gh\azure-sdk-for-net\sdk\servicebus\Azure.Messaging.ServiceBus\tests\Amqp\AmqpReceiverTests.cs(481,40): error CS1501: No overload for method 'OpenReceiverLinkAsync' takes 9 arguments
C:\gh\azure-sdk-for-net\sdk\servicebus\Azure.Messaging.ServiceBus\tests\Processor\SessionProcessorTests.cs(389,24): error CS0122: 'ServiceBusSessionProcessor.InnerProcessor' is inaccessible due to its protection level
C:\gh\azure-sdk-for-net\sdk\servicebus\Azure.Messaging.ServiceBus\tests\Diagnostics\EventSourceTests.cs(1190,56): error CS7036: There is no argument given that corresponds to the required formal parameter 'cancellationToken' of 'TransportReceiver.ReceiveMessagesAsync(int, TimeSpan?, bool, CancellationToken)'
C:\gh\azure-sdk-for-net\sdk\servicebus\Azure.Messaging.ServiceBus\tests\Sender\ServiceBusMessageBatchTests.cs(9,1): hidden CS8019: Unnecessary using directive.
C:\gh\azure-sdk-for-net\sdk\servicebus\Azure.Messaging.ServiceBus\tests\Plugins\PluginTests.cs(6,1): hidden CS8019: Unnecessary using directive.
C:\gh\azure-sdk-for-net\sdk\servicebus\Azure.Messaging.ServiceBus\tests\Amqp\AmqpMessageBatchTests.cs(7,1): hidden CS8019: Unnecessary using directive.
C:\gh\azure-sdk-for-net\sdk\servicebus\Azure.Messaging.ServiceBus\tests\Infrastructure\ServiceBusTestEnvironment.cs(9,1): hidden CS8019: Unnecessary using directive.
C:\gh\azure-sdk-for-net\sdk\servicebus\Azure.Messaging.ServiceBus\tests\Diagnostics\DiagnosticScopeLiveTests.cs(8,1): hidden CS8019: Unnecessary using directive.
C:\gh\azure-sdk-for-net\sdk\servicebus\Azure.Messaging.ServiceBus\tests\Diagnostics\DiagnosticScopeLiveTests.cs(10,1): hidden CS8019: Unnecessary using directive.
C:\gh\azure-sdk-for-net\artifacts\obj\Azure.Messaging.ServiceBus.Tests\Debug\net461\Azure.Messaging.ServiceBus.Tests.AssemblyInfo.cs(12,1): hidden CS8019: Unnecessary using directive.
C:\gh\azure-sdk-for-net\sdk\servicebus\Azure.Messaging.ServiceBus\tests\Plugins\PluginLiveTests.cs(7,1): hidden CS8019: Unnecessary using directive.
C:\gh\azure-sdk-for-net\sdk\servicebus\Azure.Messaging.ServiceBus\tests\Transactions\TransactionLiveTests.cs(14,1): hidden CS8019: Unnecessary using directive.
C:\gh\azure-sdk-for-net\sdk\servicebus\Azure.Messaging.ServiceBus\tests\Transactions\TransactionLiveTests.cs(5,1): hidden CS8019: Unnecessary using directive.
C:\gh\azure-sdk-for-net\sdk\servicebus\Azure.Messaging.ServiceBus\tests\Plugins\PluginTests.cs(9,1): hidden CS8019: Unnecessary using directive.
C:\gh\azure-sdk-for-net\sdk\servicebus\Azure.Messaging.ServiceBus\tests\Sender\SenderTests.cs(11,1): hidden CS8019: Unnecessary using directive.
C:\gh\azure-sdk-for-net\sdk\servicebus\Azure.Messaging.ServiceBus\tests\Receiver\ReceiverTests.cs(9,1): hidden CS8019: Unnecessary using directive.
C:\gh\azure-sdk-for-net\sdk\servicebus\Azure.Messaging.ServiceBus\tests\Message\MessageLiveTests.cs(12,1): hidden CS8019: Unnecessary using directive.
C:\gh\azure-sdk-for-net\artifacts\obj\Azure.Messaging.ServiceBus.Tests\Debug\net461\Azure.Messaging.ServiceBus.Tests.AssemblyInfo.cs(11,1): hidden CS8019: Unnecessary using directive.
C:\gh\azure-sdk-for-net\sdk\servicebus\Azure.Messaging.ServiceBus\tests\Transactions\TransactionLiveTests.cs(8,1): hidden CS8019: Unnecessary using directive.
C:\gh\azure-sdk-for-net\sdk\servicebus\Azure.Messaging.ServiceBus\tests\Amqp\AmqpConverterTests.cs(7,1): hidden CS8019: Unnecessary using directive.
C:\gh\azure-sdk-for-net\sdk\servicebus\Azure.Messaging.ServiceBus\tests\Primitives\ServiceBusConnectionTests.cs(11,1): hidden CS8019: Unnecessary using directive.
C:\gh\azure-sdk-for-net\sdk\servicebus\Azure.Messaging.ServiceBus\tests\Administration\QueuePropertiesTests.cs(5,1): hidden CS8019: Unnecessary using directive.
C:\gh\azure-sdk-for-net\sdk\servicebus\Azure.Messaging.ServiceBus\tests\Receiver\SessionReceiverTests.cs(5,1): hidden CS8019: Unnecessary using directive.
C:\gh\azure-sdk-for-net\artifacts\obj\Azure.Messaging.ServiceBus.Tests\Debug\net461\.NETFramework,Version=v4.6.1.AssemblyAttributes.cs(2,1): hidden CS8019: Unnecessary using directive.
C:\gh\azure-sdk-for-net\sdk\servicebus\Azure.Messaging.ServiceBus\tests\Receiver\ReceiverLiveTests.cs(7,1): hidden CS8019: Unnecessary using directive.
C:\gh\azure-sdk-for-net\sdk\servicebus\Azure.Messaging.ServiceBus\tests\Primitives\ServiceBusConnectionStringPropertiesTests.cs(7,1): hidden CS8019: Unnecessary using directive.
C:\gh\azure-sdk-for-net\sdk\servicebus\Azure.Messaging.ServiceBus\tests\Administration\RequestResponseTests.cs(6,1): hidden CS8019: Unnecessary using directive.
C:\gh\azure-sdk-for-net\artifacts\obj\Azure.Messaging.ServiceBus.Tests\Debug\net461\.NETFramework,Version=v4.6.1.AssemblyAttributes.cs(3,1): hidden CS8019: Unnecessary using directive.
C:\gh\azure-sdk-for-net\sdk\servicebus\Azure.Messaging.ServiceBus\tests\Infrastructure\ServiceBusLiveTestBase.cs(6,1): hidden CS8019: Unnecessary using directive.
C:\gh\azure-sdk-for-net\sdk\servicebus\Azure.Messaging.ServiceBus\tests\Client\ServiceBusClientLiveTests.cs(7,1): hidden CS8019: Unnecessary using directive.
C:\gh\azure-sdk-for-net\sdk\servicebus\Azure.Messaging.ServiceBus\tests\Message\MessageLiveTests.cs(7,1): hidden CS8019: Unnecessary using directive.
C:\gh\azure-sdk-for-net\sdk\servicebus\Azure.Messaging.ServiceBus\tests\Transactions\TransactionLiveTests.cs(9,1): hidden CS8019: Unnecessary using directive.
C:\gh\azure-sdk-for-net\sdk\servicebus\Azure.Messaging.ServiceBus\tests\Message\MessageTests.cs(7,1): hidden CS8019: Unnecessary using directive.
C:\gh\azure-sdk-for-net\sdk\servicebus\Azure.Messaging.ServiceBus\tests\Message\MessageTests.cs(8,1): hidden CS8019: Unnecessary using directive.
C:\gh\azure-sdk-for-net\sdk\servicebus\Azure.Messaging.ServiceBus\tests\Receiver\ReceiverLiveTests.cs(10,1): hidden CS8019: Unnecessary using directive.
C:\gh\azure-sdk-for-net\sdk\servicebus\Azure.Messaging.ServiceBus\tests\Sender\SenderTests.cs(16,1): hidden CS8019: Unnecessary using directive.
