C:\gh\azure-sdk-for-net\sdk\marketplace\Microsoft.Azure.Management.Marketplace\tests\ScenarioTests\PrivateStoreTests.cs(97,16): error CS0518: Predefined type 'System.Void' is not defined or imported
C:\gh\azure-sdk-for-net\sdk\marketplace\Microsoft.Azure.Management.Marketplace\tests\ScenarioTests\PrivateStoreTests.cs(53,16): error CS0518: Predefined type 'System.Void' is not defined or imported
C:\gh\azure-sdk-for-net\sdk\marketplace\Microsoft.Azure.Management.Marketplace\tests\ScenarioTests\PrivateStoreTests.cs(15,16): error CS0518: Predefined type 'System.Void' is not defined or imported
C:\gh\azure-sdk-for-net\sdk\marketplace\Microsoft.Azure.Management.Marketplace\tests\ScenarioTests\PrivateStoreTests.cs(12,18): error CS0518: Predefined type 'System.Object' is not defined or imported
C:\gh\azure-sdk-for-net\eng\mgmt\DisableTestRunParallel.cs(7,12): error CS0246: The type or namespace name 'CollectionBehaviorAttribute' could not be found (are you missing a using directive or an assembly reference?)
C:\gh\azure-sdk-for-net\eng\mgmt\DisableTestRunParallel.cs(7,12): error CS0246: The type or namespace name 'CollectionBehavior' could not be found (are you missing a using directive or an assembly reference?)
C:\gh\azure-sdk-for-net\artifacts\obj\Microsoft.Azure.Management.Marketplace.Tests\Debug\netcoreapp2.0\.NETCoreApp,Version=v2.0.AssemblyAttributes.cs(4,20): error CS0400: The type or namespace name 'System' could not be found in the global namespace (are you missing an assembly reference?)
C:\gh\azure-sdk-for-net\artifacts\obj\Microsoft.Azure.Management.Marketplace.Tests\Debug\netcoreapp2.0\Microsoft.Azure.Management.Marketplace.Tests.AssemblyInfo.cs(14,12): error CS0246: The type or namespace name 'System' could not be found (are you missing a using directive or an assembly reference?)
C:\gh\azure-sdk-for-net\artifacts\obj\Microsoft.Azure.Management.Marketplace.Tests\Debug\netcoreapp2.0\Microsoft.Azure.Management.Marketplace.Tests.AssemblyInfo.cs(16,12): error CS0246: The type or namespace name 'System' could not be found (are you missing a using directive or an assembly reference?)
C:\gh\azure-sdk-for-net\artifacts\obj\Microsoft.Azure.Management.Marketplace.Tests\Debug\netcoreapp2.0\Microsoft.Azure.Management.Marketplace.Tests.AssemblyInfo.cs(17,12): error CS0246: The type or namespace name 'System' could not be found (are you missing a using directive or an assembly reference?)
C:\gh\azure-sdk-for-net\eng\mgmt\DisableTestRunParallel.cs(7,31): error CS0246: The type or namespace name 'DisableTestParallelization' could not be found (are you missing a using directive or an assembly reference?)
C:\gh\azure-sdk-for-net\eng\mgmt\DisableTestRunParallel.cs(7,60): error CS0518: Predefined type 'System.Boolean' is not defined or imported
C:\gh\azure-sdk-for-net\eng\mgmt\DisableTestRunParallel.cs(7,66): error CS0246: The type or namespace name 'MaxParallelThreads' could not be found (are you missing a using directive or an assembly reference?)
C:\gh\azure-sdk-for-net\eng\mgmt\DisableTestRunParallel.cs(7,87): error CS0518: Predefined type 'System.Int32' is not defined or imported
C:\gh\azure-sdk-for-net\artifacts\obj\Microsoft.Azure.Management.Marketplace.Tests\Debug\netcoreapp2.0\.NETCoreApp,Version=v2.0.AssemblyAttributes.cs(4,71): error CS0518: Predefined type 'System.String' is not defined or imported
C:\gh\azure-sdk-for-net\artifacts\obj\Microsoft.Azure.Management.Marketplace.Tests\Debug\netcoreapp2.0\.NETCoreApp,Version=v2.0.AssemblyAttributes.cs(4,99): error CS0246: The type or namespace name 'FrameworkDisplayName' could not be found (are you missing a using directive or an assembly reference?)
C:\gh\azure-sdk-for-net\artifacts\obj\Microsoft.Azure.Management.Marketplace.Tests\Debug\netcoreapp2.0\.NETCoreApp,Version=v2.0.AssemblyAttributes.cs(4,122): error CS0518: Predefined type 'System.String' is not defined or imported
C:\gh\azure-sdk-for-net\artifacts\obj\Microsoft.Azure.Management.Marketplace.Tests\Debug\netcoreapp2.0\Microsoft.Azure.Management.Marketplace.Tests.AssemblyInfo.cs(14,56): error CS0518: Predefined type 'System.String' is not defined or imported
C:\gh\azure-sdk-for-net\artifacts\obj\Microsoft.Azure.Management.Marketplace.Tests\Debug\netcoreapp2.0\Microsoft.Azure.Management.Marketplace.Tests.AssemblyInfo.cs(14,70): error CS0518: Predefined type 'System.String' is not defined or imported
C:\gh\azure-sdk-for-net\artifacts\obj\Microsoft.Azure.Management.Marketplace.Tests\Debug\netcoreapp2.0\Microsoft.Azure.Management.Marketplace.Tests.AssemblyInfo.cs(15,5): error CS0518: Predefined type 'System.String' is not defined or imported
C:\gh\azure-sdk-for-net\artifacts\obj\Microsoft.Azure.Management.Marketplace.Tests\Debug\netcoreapp2.0\Microsoft.Azure.Management.Marketplace.Tests.AssemblyInfo.cs(16,68): error CS0518: Predefined type 'System.String' is not defined or imported
C:\gh\azure-sdk-for-net\artifacts\obj\Microsoft.Azure.Management.Marketplace.Tests\Debug\netcoreapp2.0\Microsoft.Azure.Management.Marketplace.Tests.AssemblyInfo.cs(17,56): error CS0518: Predefined type 'System.String' is not defined or imported
C:\gh\azure-sdk-for-net\artifacts\obj\Microsoft.Azure.Management.Marketplace.Tests\Debug\netcoreapp2.0\Microsoft.Azure.Management.Marketplace.Tests.AssemblyInfo.cs(17,73): error CS0518: Predefined type 'System.String' is not defined or imported
C:\gh\azure-sdk-for-net\eng\mgmt\DisableTestRunParallel.cs(4,7): error CS0246: The type or namespace name 'System' could not be found (are you missing a using directive or an assembly reference?)
C:\gh\azure-sdk-for-net\eng\mgmt\DisableTestRunParallel.cs(5,7): error CS0246: The type or namespace name 'Xunit' could not be found (are you missing a using directive or an assembly reference?)
C:\gh\azure-sdk-for-net\artifacts\obj\Microsoft.Azure.Management.Marketplace.Tests\Debug\netcoreapp2.0\.NETCoreApp,Version=v2.0.AssemblyAttributes.cs(2,7): error CS0246: The type or namespace name 'System' could not be found (are you missing a using directive or an assembly reference?)
C:\gh\azure-sdk-for-net\artifacts\obj\Microsoft.Azure.Management.Marketplace.Tests\Debug\netcoreapp2.0\.NETCoreApp,Version=v2.0.AssemblyAttributes.cs(3,7): error CS0246: The type or namespace name 'System' could not be found (are you missing a using directive or an assembly reference?)
C:\gh\azure-sdk-for-net\artifacts\obj\Microsoft.Azure.Management.Marketplace.Tests\Debug\netcoreapp2.0\Microsoft.Azure.Management.Marketplace.Tests.AssemblyInfo.cs(11,7): error CS0246: The type or namespace name 'System' could not be found (are you missing a using directive or an assembly reference?)
C:\gh\azure-sdk-for-net\artifacts\obj\Microsoft.Azure.Management.Marketplace.Tests\Debug\netcoreapp2.0\Microsoft.Azure.Management.Marketplace.Tests.AssemblyInfo.cs(12,7): error CS0246: The type or namespace name 'System' could not be found (are you missing a using directive or an assembly reference?)
C:\gh\azure-sdk-for-net\sdk\marketplace\Microsoft.Azure.Management.Marketplace\tests\ScenarioTests\PrivateStoreTests.cs(6,11): error CS0246: The type or namespace name 'System' could not be found (are you missing a using directive or an assembly reference?)
C:\gh\azure-sdk-for-net\sdk\marketplace\Microsoft.Azure.Management.Marketplace\tests\ScenarioTests\PrivateStoreTests.cs(7,11): error CS0246: The type or namespace name 'System' could not be found (are you missing a using directive or an assembly reference?)
C:\gh\azure-sdk-for-net\sdk\marketplace\Microsoft.Azure.Management.Marketplace\tests\ScenarioTests\PrivateStoreTests.cs(9,21): error CS0234: The type or namespace name 'Rest' does not exist in the namespace 'Microsoft' (are you missing an assembly reference?)
C:\gh\azure-sdk-for-net\sdk\marketplace\Microsoft.Azure.Management.Marketplace\tests\ScenarioTests\PrivateStoreTests.cs(10,11): error CS0246: The type or namespace name 'Xunit' could not be found (are you missing a using directive or an assembly reference?)
C:\gh\azure-sdk-for-net\sdk\marketplace\Microsoft.Azure.Management.Marketplace\tests\ScenarioTests\PrivateStoreTests.cs(14,10): error CS0518: Predefined type 'System.Object' is not defined or imported
C:\gh\azure-sdk-for-net\sdk\marketplace\Microsoft.Azure.Management.Marketplace\tests\ScenarioTests\PrivateStoreTests.cs(14,10): error CS0246: The type or namespace name 'FactAttribute' could not be found (are you missing a using directive or an assembly reference?)
C:\gh\azure-sdk-for-net\sdk\marketplace\Microsoft.Azure.Management.Marketplace\tests\ScenarioTests\PrivateStoreTests.cs(14,10): error CS0246: The type or namespace name 'Fact' could not be found (are you missing a using directive or an assembly reference?)
C:\gh\azure-sdk-for-net\sdk\marketplace\Microsoft.Azure.Management.Marketplace\tests\ScenarioTests\PrivateStoreTests.cs(52,10): error CS0518: Predefined type 'System.Object' is not defined or imported
C:\gh\azure-sdk-for-net\sdk\marketplace\Microsoft.Azure.Management.Marketplace\tests\ScenarioTests\PrivateStoreTests.cs(52,10): error CS0246: The type or namespace name 'FactAttribute' could not be found (are you missing a using directive or an assembly reference?)
C:\gh\azure-sdk-for-net\sdk\marketplace\Microsoft.Azure.Management.Marketplace\tests\ScenarioTests\PrivateStoreTests.cs(52,10): error CS0246: The type or namespace name 'Fact' could not be found (are you missing a using directive or an assembly reference?)
C:\gh\azure-sdk-for-net\sdk\marketplace\Microsoft.Azure.Management.Marketplace\tests\ScenarioTests\PrivateStoreTests.cs(96,10): error CS0518: Predefined type 'System.Object' is not defined or imported
C:\gh\azure-sdk-for-net\sdk\marketplace\Microsoft.Azure.Management.Marketplace\tests\ScenarioTests\PrivateStoreTests.cs(96,10): error CS0246: The type or namespace name 'FactAttribute' could not be found (are you missing a using directive or an assembly reference?)
C:\gh\azure-sdk-for-net\sdk\marketplace\Microsoft.Azure.Management.Marketplace\tests\ScenarioTests\PrivateStoreTests.cs(96,10): error CS0246: The type or namespace name 'Fact' could not be found (are you missing a using directive or an assembly reference?)
C:\gh\azure-sdk-for-net\sdk\marketplace\Microsoft.Azure.Management.Marketplace\tests\ScenarioTests\PrivateStoreTests.cs(17,13): error CS0518: Predefined type 'System.IDisposable' is not defined or imported
C:\gh\azure-sdk-for-net\sdk\marketplace\Microsoft.Azure.Management.Marketplace\tests\ScenarioTests\PrivateStoreTests.cs(17,34): error CS0518: Predefined type 'System.Object' is not defined or imported
C:\gh\azure-sdk-for-net\sdk\marketplace\Microsoft.Azure.Management.Marketplace\tests\ScenarioTests\PrivateStoreTests.cs(17,34): error CS0103: The name 'MockContext' does not exist in the current context
C:\gh\azure-sdk-for-net\sdk\marketplace\Microsoft.Azure.Management.Marketplace\tests\ScenarioTests\PrivateStoreTests.cs(17,57): error CS0518: Predefined type 'System.Object' is not defined or imported
C:\gh\azure-sdk-for-net\sdk\marketplace\Microsoft.Azure.Management.Marketplace\tests\ScenarioTests\PrivateStoreTests.cs(17,57): error CS1061: 'PrivateStoreTests' does not contain a definition for 'GetType' and no accessible extension method 'GetType' accepting a first argument of type 'PrivateStoreTests' could be found (are you missing a using directive or an assembly reference?)
C:\gh\azure-sdk-for-net\sdk\marketplace\Microsoft.Azure.Management.Marketplace\tests\ScenarioTests\PrivateStoreTests.cs(19,17): error CS0518: Predefined type 'System.IDisposable' is not defined or imported
C:\gh\azure-sdk-for-net\sdk\marketplace\Microsoft.Azure.Management.Marketplace\tests\ScenarioTests\PrivateStoreTests.cs(19,62): error CS0518: Predefined type 'System.Object' is not defined or imported
C:\gh\azure-sdk-for-net\sdk\marketplace\Microsoft.Azure.Management.Marketplace\tests\ScenarioTests\PrivateStoreTests.cs(22,21): error CS0518: Predefined type 'System.Object' is not defined or imported
C:\gh\azure-sdk-for-net\sdk\marketplace\Microsoft.Azure.Management.Marketplace\tests\ScenarioTests\PrivateStoreTests.cs(22,21): error CS0103: The name 'Assert' does not exist in the current context
C:\gh\azure-sdk-for-net\sdk\marketplace\Microsoft.Azure.Management.Marketplace\tests\ScenarioTests\PrivateStoreTests.cs(27,70): error CS0518: Predefined type 'System.String' is not defined or imported
C:\gh\azure-sdk-for-net\sdk\marketplace\Microsoft.Azure.Management.Marketplace\tests\ScenarioTests\PrivateStoreTests.cs(27,40): error CS0518: Predefined type 'System.Boolean' is not defined or imported
C:\gh\azure-sdk-for-net\sdk\marketplace\Microsoft.Azure.Management.Marketplace\tests\ScenarioTests\PrivateStoreTests.cs(27,40): error CS0518: Predefined type 'System.Boolean' is not defined or imported
C:\gh\azure-sdk-for-net\sdk\marketplace\Microsoft.Azure.Management.Marketplace\tests\ScenarioTests\PrivateStoreTests.cs(27,82): error CS0518: Predefined type 'System.String' is not defined or imported
C:\gh\azure-sdk-for-net\sdk\marketplace\Microsoft.Azure.Management.Marketplace\tests\ScenarioTests\PrivateStoreTests.cs(27,95): error CS0518: Predefined type 'System.String' is not defined or imported
C:\gh\azure-sdk-for-net\sdk\marketplace\Microsoft.Azure.Management.Marketplace\tests\ScenarioTests\PrivateStoreTests.cs(29,50): error CS0518: Predefined type 'System.Object' is not defined or imported
C:\gh\azure-sdk-for-net\sdk\marketplace\Microsoft.Azure.Management.Marketplace\tests\ScenarioTests\PrivateStoreTests.cs(29,50): error CS0518: Predefined type 'System.Void' is not defined or imported
C:\gh\azure-sdk-for-net\sdk\marketplace\Microsoft.Azure.Management.Marketplace\tests\ScenarioTests\PrivateStoreTests.cs(31,25): error CS0518: Predefined type 'System.String' is not defined or imported
C:\gh\azure-sdk-for-net\sdk\marketplace\Microsoft.Azure.Management.Marketplace\tests\ScenarioTests\PrivateStoreTests.cs(32,25): error CS0518: Predefined type 'System.String' is not defined or imported
C:\gh\azure-sdk-for-net\sdk\marketplace\Microsoft.Azure.Management.Marketplace\tests\ScenarioTests\PrivateStoreTests.cs(39,21): error CS0518: Predefined type 'System.Object' is not defined or imported
C:\gh\azure-sdk-for-net\sdk\marketplace\Microsoft.Azure.Management.Marketplace\tests\ScenarioTests\PrivateStoreTests.cs(39,21): error CS0103: The name 'Assert' does not exist in the current context
C:\gh\azure-sdk-for-net\sdk\marketplace\Microsoft.Azure.Management.Marketplace\tests\ScenarioTests\PrivateStoreTests.cs(41,46): error CS0518: Predefined type 'System.Object' is not defined or imported
C:\gh\azure-sdk-for-net\sdk\marketplace\Microsoft.Azure.Management.Marketplace\tests\ScenarioTests\PrivateStoreTests.cs(41,46): error CS0518: Predefined type 'System.Void' is not defined or imported
C:\gh\azure-sdk-for-net\sdk\marketplace\Microsoft.Azure.Management.Marketplace\tests\ScenarioTests\PrivateStoreTests.cs(43,25): error CS0518: Predefined type 'System.String' is not defined or imported
C:\gh\azure-sdk-for-net\sdk\marketplace\Microsoft.Azure.Management.Marketplace\tests\ScenarioTests\PrivateStoreTests.cs(44,25): error CS0518: Predefined type 'System.String' is not defined or imported
C:\gh\azure-sdk-for-net\sdk\marketplace\Microsoft.Azure.Management.Marketplace\tests\ScenarioTests\PrivateStoreTests.cs(55,34): error CS0518: Predefined type 'System.String' is not defined or imported
C:\gh\azure-sdk-for-net\sdk\marketplace\Microsoft.Azure.Management.Marketplace\tests\ScenarioTests\PrivateStoreTests.cs(56,27): error CS0518: Predefined type 'System.String' is not defined or imported
C:\gh\azure-sdk-for-net\sdk\marketplace\Microsoft.Azure.Management.Marketplace\tests\ScenarioTests\PrivateStoreTests.cs(57,26): error CS0518: Predefined type 'System.String' is not defined or imported
C:\gh\azure-sdk-for-net\sdk\marketplace\Microsoft.Azure.Management.Marketplace\tests\ScenarioTests\PrivateStoreTests.cs(59,13): error CS0518: Predefined type 'System.IDisposable' is not defined or imported
C:\gh\azure-sdk-for-net\sdk\marketplace\Microsoft.Azure.Management.Marketplace\tests\ScenarioTests\PrivateStoreTests.cs(59,34): error CS0518: Predefined type 'System.Object' is not defined or imported
C:\gh\azure-sdk-for-net\sdk\marketplace\Microsoft.Azure.Management.Marketplace\tests\ScenarioTests\PrivateStoreTests.cs(59,34): error CS0103: The name 'MockContext' does not exist in the current context
C:\gh\azure-sdk-for-net\sdk\marketplace\Microsoft.Azure.Management.Marketplace\tests\ScenarioTests\PrivateStoreTests.cs(59,57): error CS0518: Predefined type 'System.Object' is not defined or imported
C:\gh\azure-sdk-for-net\sdk\marketplace\Microsoft.Azure.Management.Marketplace\tests\ScenarioTests\PrivateStoreTests.cs(59,57): error CS1061: 'PrivateStoreTests' does not contain a definition for 'GetType' and no accessible extension method 'GetType' accepting a first argument of type 'PrivateStoreTests' could be found (are you missing a using directive or an assembly reference?)
C:\gh\azure-sdk-for-net\sdk\marketplace\Microsoft.Azure.Management.Marketplace\tests\ScenarioTests\PrivateStoreTests.cs(61,17): error CS0518: Predefined type 'System.IDisposable' is not defined or imported
C:\gh\azure-sdk-for-net\sdk\marketplace\Microsoft.Azure.Management.Marketplace\tests\ScenarioTests\PrivateStoreTests.cs(61,62): error CS0518: Predefined type 'System.Object' is not defined or imported
C:\gh\azure-sdk-for-net\sdk\marketplace\Microsoft.Azure.Management.Marketplace\tests\ScenarioTests\PrivateStoreTests.cs(67,29): error CS0518: Predefined type 'System.Boolean' is not defined or imported
C:\gh\azure-sdk-for-net\sdk\marketplace\Microsoft.Azure.Management.Marketplace\tests\ScenarioTests\PrivateStoreTests.cs(67,29): error CS0518: Predefined type 'System.Boolean' is not defined or imported
C:\gh\azure-sdk-for-net\sdk\marketplace\Microsoft.Azure.Management.Marketplace\tests\ScenarioTests\PrivateStoreTests.cs(71,29): error CS0518: Predefined type 'System.Object' is not defined or imported
C:\gh\azure-sdk-for-net\sdk\marketplace\Microsoft.Azure.Management.Marketplace\tests\ScenarioTests\PrivateStoreTests.cs(71,29): error CS0103: The name 'Assert' does not exist in the current context
C:\gh\azure-sdk-for-net\sdk\marketplace\Microsoft.Azure.Management.Marketplace\tests\ScenarioTests\PrivateStoreTests.cs(77,45): error CS0518: Predefined type 'System.Object' is not defined or imported
C:\gh\azure-sdk-for-net\sdk\marketplace\Microsoft.Azure.Management.Marketplace\tests\ScenarioTests\PrivateStoreTests.cs(77,45): error CS0518: Predefined type 'System.Void' is not defined or imported
C:\gh\azure-sdk-for-net\sdk\marketplace\Microsoft.Azure.Management.Marketplace\tests\ScenarioTests\PrivateStoreTests.cs(79,25): error CS0518: Predefined type 'System.String' is not defined or imported
C:\gh\azure-sdk-for-net\sdk\marketplace\Microsoft.Azure.Management.Marketplace\tests\ScenarioTests\PrivateStoreTests.cs(79,32): error CS0518: Predefined type 'System.String' is not defined or imported
C:\gh\azure-sdk-for-net\sdk\marketplace\Microsoft.Azure.Management.Marketplace\tests\ScenarioTests\PrivateStoreTests.cs(80,25): error CS0246: The type or namespace name 'IList<>' could not be found (are you missing a using directive or an assembly reference?)
C:\gh\azure-sdk-for-net\sdk\marketplace\Microsoft.Azure.Management.Marketplace\tests\ScenarioTests\PrivateStoreTests.cs(80,57): error CS0518: Predefined type 'System.Object' is not defined or imported
C:\gh\azure-sdk-for-net\sdk\marketplace\Microsoft.Azure.Management.Marketplace\tests\ScenarioTests\PrivateStoreTests.cs(80,57): error CS0246: The type or namespace name 'List<>' could not be found (are you missing a using directive or an assembly reference?)
C:\gh\azure-sdk-for-net\sdk\marketplace\Microsoft.Azure.Management.Marketplace\tests\ScenarioTests\PrivateStoreTests.cs(80,62): error CS0518: Predefined type 'System.String' is not defined or imported
C:\gh\azure-sdk-for-net\sdk\marketplace\Microsoft.Azure.Management.Marketplace\tests\ScenarioTests\PrivateStoreTests.cs(84,21): error CS0518: Predefined type 'System.Object' is not defined or imported
C:\gh\azure-sdk-for-net\sdk\marketplace\Microsoft.Azure.Management.Marketplace\tests\ScenarioTests\PrivateStoreTests.cs(84,21): error CS0103: The name 'Assert' does not exist in the current context
C:\gh\azure-sdk-for-net\sdk\marketplace\Microsoft.Azure.Management.Marketplace\tests\ScenarioTests\PrivateStoreTests.cs(85,21): error CS0518: Predefined type 'System.Object' is not defined or imported
C:\gh\azure-sdk-for-net\sdk\marketplace\Microsoft.Azure.Management.Marketplace\tests\ScenarioTests\PrivateStoreTests.cs(85,21): error CS0103: The name 'Assert' does not exist in the current context
C:\gh\azure-sdk-for-net\sdk\marketplace\Microsoft.Azure.Management.Marketplace\tests\ScenarioTests\PrivateStoreTests.cs(85,74): error CS0518: Predefined type 'System.Int32' is not defined or imported
C:\gh\azure-sdk-for-net\sdk\marketplace\Microsoft.Azure.Management.Marketplace\tests\ScenarioTests\PrivateStoreTests.cs(85,33): error CS0518: Predefined type 'System.Boolean' is not defined or imported
C:\gh\azure-sdk-for-net\sdk\marketplace\Microsoft.Azure.Management.Marketplace\tests\ScenarioTests\PrivateStoreTests.cs(88,21): error CS0518: Predefined type 'System.Object' is not defined or imported
C:\gh\azure-sdk-for-net\sdk\marketplace\Microsoft.Azure.Management.Marketplace\tests\ScenarioTests\PrivateStoreTests.cs(88,21): error CS0103: The name 'Assert' does not exist in the current context
C:\gh\azure-sdk-for-net\sdk\marketplace\Microsoft.Azure.Management.Marketplace\tests\ScenarioTests\PrivateStoreTests.cs(99,34): error CS0518: Predefined type 'System.String' is not defined or imported
C:\gh\azure-sdk-for-net\sdk\marketplace\Microsoft.Azure.Management.Marketplace\tests\ScenarioTests\PrivateStoreTests.cs(100,27): error CS0518: Predefined type 'System.String' is not defined or imported
C:\gh\azure-sdk-for-net\sdk\marketplace\Microsoft.Azure.Management.Marketplace\tests\ScenarioTests\PrivateStoreTests.cs(101,34): error CS0518: Predefined type 'System.String' is not defined or imported
C:\gh\azure-sdk-for-net\sdk\marketplace\Microsoft.Azure.Management.Marketplace\tests\ScenarioTests\PrivateStoreTests.cs(102,26): error CS0518: Predefined type 'System.String' is not defined or imported
C:\gh\azure-sdk-for-net\sdk\marketplace\Microsoft.Azure.Management.Marketplace\tests\ScenarioTests\PrivateStoreTests.cs(104,13): error CS0518: Predefined type 'System.IDisposable' is not defined or imported
C:\gh\azure-sdk-for-net\sdk\marketplace\Microsoft.Azure.Management.Marketplace\tests\ScenarioTests\PrivateStoreTests.cs(104,34): error CS0518: Predefined type 'System.Object' is not defined or imported
C:\gh\azure-sdk-for-net\sdk\marketplace\Microsoft.Azure.Management.Marketplace\tests\ScenarioTests\PrivateStoreTests.cs(104,34): error CS0103: The name 'MockContext' does not exist in the current context
C:\gh\azure-sdk-for-net\sdk\marketplace\Microsoft.Azure.Management.Marketplace\tests\ScenarioTests\PrivateStoreTests.cs(104,57): error CS0518: Predefined type 'System.Object' is not defined or imported
C:\gh\azure-sdk-for-net\sdk\marketplace\Microsoft.Azure.Management.Marketplace\tests\ScenarioTests\PrivateStoreTests.cs(104,57): error CS1061: 'PrivateStoreTests' does not contain a definition for 'GetType' and no accessible extension method 'GetType' accepting a first argument of type 'PrivateStoreTests' could be found (are you missing a using directive or an assembly reference?)
C:\gh\azure-sdk-for-net\sdk\marketplace\Microsoft.Azure.Management.Marketplace\tests\ScenarioTests\PrivateStoreTests.cs(106,17): error CS0518: Predefined type 'System.IDisposable' is not defined or imported
C:\gh\azure-sdk-for-net\sdk\marketplace\Microsoft.Azure.Management.Marketplace\tests\ScenarioTests\PrivateStoreTests.cs(106,62): error CS0518: Predefined type 'System.Object' is not defined or imported
C:\gh\azure-sdk-for-net\sdk\marketplace\Microsoft.Azure.Management.Marketplace\tests\ScenarioTests\PrivateStoreTests.cs(109,21): error CS0518: Predefined type 'System.Object' is not defined or imported
C:\gh\azure-sdk-for-net\sdk\marketplace\Microsoft.Azure.Management.Marketplace\tests\ScenarioTests\PrivateStoreTests.cs(109,21): error CS0103: The name 'Assert' does not exist in the current context
C:\gh\azure-sdk-for-net\sdk\marketplace\Microsoft.Azure.Management.Marketplace\tests\ScenarioTests\PrivateStoreTests.cs(112,45): error CS0518: Predefined type 'System.Object' is not defined or imported
C:\gh\azure-sdk-for-net\sdk\marketplace\Microsoft.Azure.Management.Marketplace\tests\ScenarioTests\PrivateStoreTests.cs(112,45): error CS0518: Predefined type 'System.Void' is not defined or imported
C:\gh\azure-sdk-for-net\sdk\marketplace\Microsoft.Azure.Management.Marketplace\tests\ScenarioTests\PrivateStoreTests.cs(114,25): error CS0246: The type or namespace name 'IList<>' could not be found (are you missing a using directive or an assembly reference?)
C:\gh\azure-sdk-for-net\sdk\marketplace\Microsoft.Azure.Management.Marketplace\tests\ScenarioTests\PrivateStoreTests.cs(114,57): error CS0518: Predefined type 'System.Object' is not defined or imported
C:\gh\azure-sdk-for-net\sdk\marketplace\Microsoft.Azure.Management.Marketplace\tests\ScenarioTests\PrivateStoreTests.cs(114,57): error CS0246: The type or namespace name 'List<>' could not be found (are you missing a using directive or an assembly reference?)
C:\gh\azure-sdk-for-net\sdk\marketplace\Microsoft.Azure.Management.Marketplace\tests\ScenarioTests\PrivateStoreTests.cs(114,62): error CS0518: Predefined type 'System.String' is not defined or imported
C:\gh\azure-sdk-for-net\sdk\marketplace\Microsoft.Azure.Management.Marketplace\tests\ScenarioTests\PrivateStoreTests.cs(118,21): error CS0518: Predefined type 'System.Object' is not defined or imported
C:\gh\azure-sdk-for-net\sdk\marketplace\Microsoft.Azure.Management.Marketplace\tests\ScenarioTests\PrivateStoreTests.cs(118,21): error CS0103: The name 'Assert' does not exist in the current context
C:\gh\azure-sdk-for-net\sdk\marketplace\Microsoft.Azure.Management.Marketplace\tests\ScenarioTests\PrivateStoreTests.cs(119,21): error CS0518: Predefined type 'System.Object' is not defined or imported
C:\gh\azure-sdk-for-net\sdk\marketplace\Microsoft.Azure.Management.Marketplace\tests\ScenarioTests\PrivateStoreTests.cs(119,21): error CS0103: The name 'Assert' does not exist in the current context
C:\gh\azure-sdk-for-net\sdk\marketplace\Microsoft.Azure.Management.Marketplace\tests\ScenarioTests\PrivateStoreTests.cs(119,74): error CS0518: Predefined type 'System.Int32' is not defined or imported
C:\gh\azure-sdk-for-net\sdk\marketplace\Microsoft.Azure.Management.Marketplace\tests\ScenarioTests\PrivateStoreTests.cs(119,33): error CS0518: Predefined type 'System.Boolean' is not defined or imported
C:\gh\azure-sdk-for-net\sdk\marketplace\Microsoft.Azure.Management.Marketplace\tests\ScenarioTests\PrivateStoreTests.cs(122,21): error CS0518: Predefined type 'System.Object' is not defined or imported
C:\gh\azure-sdk-for-net\sdk\marketplace\Microsoft.Azure.Management.Marketplace\tests\ScenarioTests\PrivateStoreTests.cs(122,21): error CS0103: The name 'Assert' does not exist in the current context
C:\gh\azure-sdk-for-net\sdk\marketplace\Microsoft.Azure.Management.Marketplace\tests\ScenarioTests\PrivateStoreTests.cs(122,51): error CS0518: Predefined type 'System.Int32' is not defined or imported
C:\gh\azure-sdk-for-net\sdk\marketplace\Microsoft.Azure.Management.Marketplace\tests\ScenarioTests\PrivateStoreTests.cs(122,33): error CS0518: Predefined type 'System.Boolean' is not defined or imported
C:\gh\azure-sdk-for-net\sdk\marketplace\Microsoft.Azure.Management.Marketplace\tests\ScenarioTests\PrivateStoreTests.cs(124,25): error CS0518: Predefined type 'System.Boolean' is not defined or imported
C:\gh\azure-sdk-for-net\sdk\marketplace\Microsoft.Azure.Management.Marketplace\tests\ScenarioTests\PrivateStoreTests.cs(124,25): error CS0518: Predefined type 'System.Boolean' is not defined or imported
C:\gh\azure-sdk-for-net\sdk\marketplace\Microsoft.Azure.Management.Marketplace\tests\ScenarioTests\PrivateStoreTests.cs(126,25): error CS0518: Predefined type 'System.Object' is not defined or imported
C:\gh\azure-sdk-for-net\sdk\marketplace\Microsoft.Azure.Management.Marketplace\tests\ScenarioTests\PrivateStoreTests.cs(126,25): error CS0103: The name 'Assert' does not exist in the current context
C:\gh\azure-sdk-for-net\sdk\marketplace\Microsoft.Azure.Management.Marketplace\tests\ScenarioTests\PrivateStoreTests.cs(132,21): error CS0518: Predefined type 'System.Object' is not defined or imported
C:\gh\azure-sdk-for-net\sdk\marketplace\Microsoft.Azure.Management.Marketplace\tests\ScenarioTests\PrivateStoreTests.cs(132,21): error CS0103: The name 'Assert' does not exist in the current context
C:\gh\azure-sdk-for-net\sdk\marketplace\Microsoft.Azure.Management.Marketplace\tests\ScenarioTests\PrivateStoreTests.cs(12,18): error CS1729: 'object' does not contain a constructor that takes 0 arguments
C:\gh\azure-sdk-for-net\artifacts\obj\Microsoft.Azure.Management.Marketplace.Tests\Debug\netcoreapp2.0\.NETCoreApp,Version=v2.0.AssemblyAttributes.cs(2,1): hidden CS8019: Unnecessary using directive.
C:\gh\azure-sdk-for-net\artifacts\obj\Microsoft.Azure.Management.Marketplace.Tests\Debug\netcoreapp2.0\Microsoft.Azure.Management.Marketplace.Tests.AssemblyInfo.cs(12,1): hidden CS8019: Unnecessary using directive.
C:\gh\azure-sdk-for-net\eng\mgmt\DisableTestRunParallel.cs(4,1): hidden CS8019: Unnecessary using directive.
C:\gh\azure-sdk-for-net\eng\mgmt\DisableTestRunParallel.cs(5,1): hidden CS8019: Unnecessary using directive.
C:\gh\azure-sdk-for-net\artifacts\obj\Microsoft.Azure.Management.Marketplace.Tests\Debug\netcoreapp2.0\.NETCoreApp,Version=v2.0.AssemblyAttributes.cs(3,1): hidden CS8019: Unnecessary using directive.
C:\gh\azure-sdk-for-net\sdk\marketplace\Microsoft.Azure.Management.Marketplace\tests\ScenarioTests\PrivateStoreTests.cs(7,5): hidden CS8019: Unnecessary using directive.
C:\gh\azure-sdk-for-net\sdk\marketplace\Microsoft.Azure.Management.Marketplace\tests\ScenarioTests\PrivateStoreTests.cs(6,5): hidden CS8019: Unnecessary using directive.
C:\gh\azure-sdk-for-net\artifacts\obj\Microsoft.Azure.Management.Marketplace.Tests\Debug\netcoreapp2.0\Microsoft.Azure.Management.Marketplace.Tests.AssemblyInfo.cs(11,1): hidden CS8019: Unnecessary using directive.
C:\gh\azure-sdk-for-net\sdk\marketplace\Microsoft.Azure.Management.Marketplace\tests\ScenarioTests\PrivateStoreTests.cs(10,5): hidden CS8019: Unnecessary using directive.
C:\gh\azure-sdk-for-net\sdk\marketplace\Microsoft.Azure.Management.Marketplace\tests\ScenarioTests\PrivateStoreTests.cs(9,5): hidden CS8019: Unnecessary using directive.
