C:\gh\azure-sdk-for-net\sdk\advisor\Microsoft.Azure.Management.Advisor\tests\BasicTests\SuppressionTests.cs(14,15): error CS0518: Predefined type 'System.String' is not defined or imported
C:\gh\azure-sdk-for-net\sdk\advisor\Microsoft.Azure.Management.Advisor\tests\BasicTests\SuppressionTests.cs(15,15): error CS0518: Predefined type 'System.String' is not defined or imported
C:\gh\azure-sdk-for-net\sdk\advisor\Microsoft.Azure.Management.Advisor\tests\BasicTests\ConfigurationTests.cs(14,15): error CS0518: Predefined type 'System.String' is not defined or imported
C:\gh\azure-sdk-for-net\sdk\advisor\Microsoft.Azure.Management.Advisor\tests\BasicTests\ConfigurationTests.cs(15,15): error CS0518: Predefined type 'System.String' is not defined or imported
C:\gh\azure-sdk-for-net\sdk\advisor\Microsoft.Azure.Management.Advisor\tests\BasicTests\ConfigurationTests.cs(16,15): error CS0518: Predefined type 'System.String' is not defined or imported
C:\gh\azure-sdk-for-net\sdk\advisor\Microsoft.Azure.Management.Advisor\tests\BasicTests\SuppressionTests.cs(14,40): error CS0518: Predefined type 'System.String' is not defined or imported
C:\gh\azure-sdk-for-net\sdk\advisor\Microsoft.Azure.Management.Advisor\tests\BasicTests\ConfigurationTests.cs(14,42): error CS0518: Predefined type 'System.String' is not defined or imported
C:\gh\azure-sdk-for-net\sdk\advisor\Microsoft.Azure.Management.Advisor\tests\BasicTests\RecommendationTests.cs(16,16): error CS0518: Predefined type 'System.Void' is not defined or imported
C:\gh\azure-sdk-for-net\sdk\advisor\Microsoft.Azure.Management.Advisor\tests\BasicTests\SuppressionTests.cs(18,16): error CS0518: Predefined type 'System.Void' is not defined or imported
C:\gh\azure-sdk-for-net\sdk\advisor\Microsoft.Azure.Management.Advisor\tests\BasicTests\ConfigurationTests.cs(45,16): error CS0518: Predefined type 'System.Void' is not defined or imported
C:\gh\azure-sdk-for-net\sdk\advisor\Microsoft.Azure.Management.Advisor\tests\BasicTests\SuppressionTests.cs(15,35): error CS0518: Predefined type 'System.String' is not defined or imported
C:\gh\azure-sdk-for-net\sdk\advisor\Microsoft.Azure.Management.Advisor\tests\BasicTests\ConfigurationTests.cs(15,41): error CS0518: Predefined type 'System.String' is not defined or imported
C:\gh\azure-sdk-for-net\sdk\advisor\Microsoft.Azure.Management.Advisor\tests\BasicTests\RecommendationTests.cs(13,18): error CS0518: Predefined type 'System.Object' is not defined or imported
C:\gh\azure-sdk-for-net\sdk\advisor\Microsoft.Azure.Management.Advisor\tests\BasicTests\ConfigurationTests.cs(16,38): error CS0518: Predefined type 'System.String' is not defined or imported
C:\gh\azure-sdk-for-net\sdk\advisor\Microsoft.Azure.Management.Advisor\tests\BasicTests\ConfigurationTests.cs(19,16): error CS0518: Predefined type 'System.Void' is not defined or imported
C:\gh\azure-sdk-for-net\sdk\advisor\Microsoft.Azure.Management.Advisor\tests\BasicTests\ConfigurationTests.cs(12,18): error CS0518: Predefined type 'System.Object' is not defined or imported
C:\gh\azure-sdk-for-net\sdk\advisor\Microsoft.Azure.Management.Advisor\tests\BasicTests\SuppressionTests.cs(12,18): error CS0518: Predefined type 'System.Object' is not defined or imported
C:\gh\azure-sdk-for-net\sdk\advisor\Microsoft.Azure.Management.Advisor\tests\Properties\AssemblyInfo.cs(11,12): error CS0246: The type or namespace name 'AssemblyTitleAttribute' could not be found (are you missing a using directive or an assembly reference?)
C:\gh\azure-sdk-for-net\sdk\advisor\Microsoft.Azure.Management.Advisor\tests\Properties\AssemblyInfo.cs(11,12): error CS0246: The type or namespace name 'AssemblyTitle' could not be found (are you missing a using directive or an assembly reference?)
C:\gh\azure-sdk-for-net\sdk\advisor\Microsoft.Azure.Management.Advisor\tests\Properties\AssemblyInfo.cs(12,12): error CS0246: The type or namespace name 'AssemblyDescriptionAttribute' could not be found (are you missing a using directive or an assembly reference?)
C:\gh\azure-sdk-for-net\sdk\advisor\Microsoft.Azure.Management.Advisor\tests\Properties\AssemblyInfo.cs(12,12): error CS0246: The type or namespace name 'AssemblyDescription' could not be found (are you missing a using directive or an assembly reference?)
C:\gh\azure-sdk-for-net\sdk\advisor\Microsoft.Azure.Management.Advisor\tests\Properties\AssemblyInfo.cs(13,12): error CS0246: The type or namespace name 'AssemblyConfigurationAttribute' could not be found (are you missing a using directive or an assembly reference?)
C:\gh\azure-sdk-for-net\sdk\advisor\Microsoft.Azure.Management.Advisor\tests\Properties\AssemblyInfo.cs(13,12): error CS0246: The type or namespace name 'AssemblyConfiguration' could not be found (are you missing a using directive or an assembly reference?)
C:\gh\azure-sdk-for-net\sdk\advisor\Microsoft.Azure.Management.Advisor\tests\Properties\AssemblyInfo.cs(14,12): error CS0246: The type or namespace name 'AssemblyCompanyAttribute' could not be found (are you missing a using directive or an assembly reference?)
C:\gh\azure-sdk-for-net\sdk\advisor\Microsoft.Azure.Management.Advisor\tests\Properties\AssemblyInfo.cs(14,12): error CS0246: The type or namespace name 'AssemblyCompany' could not be found (are you missing a using directive or an assembly reference?)
C:\gh\azure-sdk-for-net\sdk\advisor\Microsoft.Azure.Management.Advisor\tests\Properties\AssemblyInfo.cs(15,12): error CS0246: The type or namespace name 'AssemblyProductAttribute' could not be found (are you missing a using directive or an assembly reference?)
C:\gh\azure-sdk-for-net\sdk\advisor\Microsoft.Azure.Management.Advisor\tests\Properties\AssemblyInfo.cs(15,12): error CS0246: The type or namespace name 'AssemblyProduct' could not be found (are you missing a using directive or an assembly reference?)
C:\gh\azure-sdk-for-net\sdk\advisor\Microsoft.Azure.Management.Advisor\tests\Properties\AssemblyInfo.cs(16,12): error CS0246: The type or namespace name 'AssemblyCopyrightAttribute' could not be found (are you missing a using directive or an assembly reference?)
C:\gh\azure-sdk-for-net\sdk\advisor\Microsoft.Azure.Management.Advisor\tests\Properties\AssemblyInfo.cs(16,12): error CS0246: The type or namespace name 'AssemblyCopyright' could not be found (are you missing a using directive or an assembly reference?)
C:\gh\azure-sdk-for-net\sdk\advisor\Microsoft.Azure.Management.Advisor\tests\Properties\AssemblyInfo.cs(17,12): error CS0246: The type or namespace name 'AssemblyTrademarkAttribute' could not be found (are you missing a using directive or an assembly reference?)
C:\gh\azure-sdk-for-net\sdk\advisor\Microsoft.Azure.Management.Advisor\tests\Properties\AssemblyInfo.cs(17,12): error CS0246: The type or namespace name 'AssemblyTrademark' could not be found (are you missing a using directive or an assembly reference?)
C:\gh\azure-sdk-for-net\sdk\advisor\Microsoft.Azure.Management.Advisor\tests\Properties\AssemblyInfo.cs(18,12): error CS0246: The type or namespace name 'AssemblyCultureAttribute' could not be found (are you missing a using directive or an assembly reference?)
C:\gh\azure-sdk-for-net\sdk\advisor\Microsoft.Azure.Management.Advisor\tests\Properties\AssemblyInfo.cs(18,12): error CS0246: The type or namespace name 'AssemblyCulture' could not be found (are you missing a using directive or an assembly reference?)
C:\gh\azure-sdk-for-net\sdk\advisor\Microsoft.Azure.Management.Advisor\tests\Properties\AssemblyInfo.cs(23,12): error CS0246: The type or namespace name 'ComVisibleAttribute' could not be found (are you missing a using directive or an assembly reference?)
C:\gh\azure-sdk-for-net\sdk\advisor\Microsoft.Azure.Management.Advisor\tests\Properties\AssemblyInfo.cs(23,12): error CS0246: The type or namespace name 'ComVisible' could not be found (are you missing a using directive or an assembly reference?)
C:\gh\azure-sdk-for-net\sdk\advisor\Microsoft.Azure.Management.Advisor\tests\Properties\AssemblyInfo.cs(26,12): error CS0246: The type or namespace name 'GuidAttribute' could not be found (are you missing a using directive or an assembly reference?)
C:\gh\azure-sdk-for-net\sdk\advisor\Microsoft.Azure.Management.Advisor\tests\Properties\AssemblyInfo.cs(26,12): error CS0246: The type or namespace name 'Guid' could not be found (are you missing a using directive or an assembly reference?)
C:\gh\azure-sdk-for-net\sdk\advisor\Microsoft.Azure.Management.Advisor\tests\Properties\AssemblyInfo.cs(38,12): error CS0246: The type or namespace name 'AssemblyVersionAttribute' could not be found (are you missing a using directive or an assembly reference?)
C:\gh\azure-sdk-for-net\sdk\advisor\Microsoft.Azure.Management.Advisor\tests\Properties\AssemblyInfo.cs(38,12): error CS0246: The type or namespace name 'AssemblyVersion' could not be found (are you missing a using directive or an assembly reference?)
C:\gh\azure-sdk-for-net\sdk\advisor\Microsoft.Azure.Management.Advisor\tests\Properties\AssemblyInfo.cs(39,12): error CS0246: The type or namespace name 'AssemblyFileVersionAttribute' could not be found (are you missing a using directive or an assembly reference?)
C:\gh\azure-sdk-for-net\sdk\advisor\Microsoft.Azure.Management.Advisor\tests\Properties\AssemblyInfo.cs(39,12): error CS0246: The type or namespace name 'AssemblyFileVersion' could not be found (are you missing a using directive or an assembly reference?)
C:\gh\azure-sdk-for-net\eng\mgmt\DisableTestRunParallel.cs(7,12): error CS0246: The type or namespace name 'CollectionBehaviorAttribute' could not be found (are you missing a using directive or an assembly reference?)
C:\gh\azure-sdk-for-net\eng\mgmt\DisableTestRunParallel.cs(7,12): error CS0246: The type or namespace name 'CollectionBehavior' could not be found (are you missing a using directive or an assembly reference?)
C:\gh\azure-sdk-for-net\artifacts\obj\Microsoft.Azure.Management.Advisor.Tests\Debug\netcoreapp2.0\.NETCoreApp,Version=v2.0.AssemblyAttributes.cs(4,20): error CS0400: The type or namespace name 'System' could not be found in the global namespace (are you missing an assembly reference?)
C:\gh\azure-sdk-for-net\artifacts\obj\Microsoft.Azure.Management.Advisor.Tests\Debug\netcoreapp2.0\Microsoft.Azure.Management.Advisor.Tests.AssemblyInfo.cs(14,12): error CS0246: The type or namespace name 'System' could not be found (are you missing a using directive or an assembly reference?)
C:\gh\azure-sdk-for-net\artifacts\obj\Microsoft.Azure.Management.Advisor.Tests\Debug\netcoreapp2.0\Microsoft.Azure.Management.Advisor.Tests.AssemblyInfo.cs(15,12): error CS0246: The type or namespace name 'System' could not be found (are you missing a using directive or an assembly reference?)
C:\gh\azure-sdk-for-net\artifacts\obj\Microsoft.Azure.Management.Advisor.Tests\Debug\netcoreapp2.0\Microsoft.Azure.Management.Advisor.Tests.AssemblyInfo.cs(16,12): error CS0246: The type or namespace name 'System' could not be found (are you missing a using directive or an assembly reference?)
C:\gh\azure-sdk-for-net\sdk\advisor\Microsoft.Azure.Management.Advisor\tests\Properties\AssemblyInfo.cs(11,26): error CS0518: Predefined type 'System.String' is not defined or imported
C:\gh\azure-sdk-for-net\sdk\advisor\Microsoft.Azure.Management.Advisor\tests\Properties\AssemblyInfo.cs(12,32): error CS0518: Predefined type 'System.String' is not defined or imported
C:\gh\azure-sdk-for-net\sdk\advisor\Microsoft.Azure.Management.Advisor\tests\Properties\AssemblyInfo.cs(13,34): error CS0518: Predefined type 'System.String' is not defined or imported
C:\gh\azure-sdk-for-net\sdk\advisor\Microsoft.Azure.Management.Advisor\tests\Properties\AssemblyInfo.cs(14,28): error CS0518: Predefined type 'System.String' is not defined or imported
C:\gh\azure-sdk-for-net\sdk\advisor\Microsoft.Azure.Management.Advisor\tests\Properties\AssemblyInfo.cs(15,28): error CS0518: Predefined type 'System.String' is not defined or imported
C:\gh\azure-sdk-for-net\sdk\advisor\Microsoft.Azure.Management.Advisor\tests\Properties\AssemblyInfo.cs(16,30): error CS0518: Predefined type 'System.String' is not defined or imported
C:\gh\azure-sdk-for-net\sdk\advisor\Microsoft.Azure.Management.Advisor\tests\Properties\AssemblyInfo.cs(17,30): error CS0518: Predefined type 'System.String' is not defined or imported
C:\gh\azure-sdk-for-net\sdk\advisor\Microsoft.Azure.Management.Advisor\tests\Properties\AssemblyInfo.cs(18,28): error CS0518: Predefined type 'System.String' is not defined or imported
C:\gh\azure-sdk-for-net\sdk\advisor\Microsoft.Azure.Management.Advisor\tests\Properties\AssemblyInfo.cs(23,23): error CS0518: Predefined type 'System.Boolean' is not defined or imported
C:\gh\azure-sdk-for-net\sdk\advisor\Microsoft.Azure.Management.Advisor\tests\Properties\AssemblyInfo.cs(26,17): error CS0518: Predefined type 'System.String' is not defined or imported
C:\gh\azure-sdk-for-net\sdk\advisor\Microsoft.Azure.Management.Advisor\tests\Properties\AssemblyInfo.cs(38,28): error CS0518: Predefined type 'System.String' is not defined or imported
C:\gh\azure-sdk-for-net\sdk\advisor\Microsoft.Azure.Management.Advisor\tests\Properties\AssemblyInfo.cs(39,32): error CS0518: Predefined type 'System.String' is not defined or imported
C:\gh\azure-sdk-for-net\eng\mgmt\DisableTestRunParallel.cs(7,31): error CS0246: The type or namespace name 'DisableTestParallelization' could not be found (are you missing a using directive or an assembly reference?)
C:\gh\azure-sdk-for-net\eng\mgmt\DisableTestRunParallel.cs(7,60): error CS0518: Predefined type 'System.Boolean' is not defined or imported
C:\gh\azure-sdk-for-net\eng\mgmt\DisableTestRunParallel.cs(7,66): error CS0246: The type or namespace name 'MaxParallelThreads' could not be found (are you missing a using directive or an assembly reference?)
C:\gh\azure-sdk-for-net\eng\mgmt\DisableTestRunParallel.cs(7,87): error CS0518: Predefined type 'System.Int32' is not defined or imported
C:\gh\azure-sdk-for-net\artifacts\obj\Microsoft.Azure.Management.Advisor.Tests\Debug\netcoreapp2.0\.NETCoreApp,Version=v2.0.AssemblyAttributes.cs(4,71): error CS0518: Predefined type 'System.String' is not defined or imported
C:\gh\azure-sdk-for-net\artifacts\obj\Microsoft.Azure.Management.Advisor.Tests\Debug\netcoreapp2.0\.NETCoreApp,Version=v2.0.AssemblyAttributes.cs(4,99): error CS0246: The type or namespace name 'FrameworkDisplayName' could not be found (are you missing a using directive or an assembly reference?)
C:\gh\azure-sdk-for-net\artifacts\obj\Microsoft.Azure.Management.Advisor.Tests\Debug\netcoreapp2.0\.NETCoreApp,Version=v2.0.AssemblyAttributes.cs(4,122): error CS0518: Predefined type 'System.String' is not defined or imported
C:\gh\azure-sdk-for-net\artifacts\obj\Microsoft.Azure.Management.Advisor.Tests\Debug\netcoreapp2.0\Microsoft.Azure.Management.Advisor.Tests.AssemblyInfo.cs(14,56): error CS0518: Predefined type 'System.String' is not defined or imported
C:\gh\azure-sdk-for-net\artifacts\obj\Microsoft.Azure.Management.Advisor.Tests\Debug\netcoreapp2.0\Microsoft.Azure.Management.Advisor.Tests.AssemblyInfo.cs(14,70): error CS0518: Predefined type 'System.String' is not defined or imported
C:\gh\azure-sdk-for-net\artifacts\obj\Microsoft.Azure.Management.Advisor.Tests\Debug\netcoreapp2.0\Microsoft.Azure.Management.Advisor.Tests.AssemblyInfo.cs(15,68): error CS0518: Predefined type 'System.String' is not defined or imported
C:\gh\azure-sdk-for-net\artifacts\obj\Microsoft.Azure.Management.Advisor.Tests\Debug\netcoreapp2.0\Microsoft.Azure.Management.Advisor.Tests.AssemblyInfo.cs(16,56): error CS0518: Predefined type 'System.String' is not defined or imported
C:\gh\azure-sdk-for-net\artifacts\obj\Microsoft.Azure.Management.Advisor.Tests\Debug\netcoreapp2.0\Microsoft.Azure.Management.Advisor.Tests.AssemblyInfo.cs(16,73): error CS0518: Predefined type 'System.String' is not defined or imported
C:\gh\azure-sdk-for-net\sdk\advisor\Microsoft.Azure.Management.Advisor\tests\BasicTests\ConfigurationTests.cs(4,7): error CS0246: The type or namespace name 'System' could not be found (are you missing a using directive or an assembly reference?)
C:\gh\azure-sdk-for-net\sdk\advisor\Microsoft.Azure.Management.Advisor\tests\BasicTests\ConfigurationTests.cs(7,17): error CS0234: The type or namespace name 'Rest' does not exist in the namespace 'Microsoft' (are you missing an assembly reference?)
C:\gh\azure-sdk-for-net\sdk\advisor\Microsoft.Azure.Management.Advisor\tests\BasicTests\ConfigurationTests.cs(8,7): error CS0246: The type or namespace name 'Xunit' could not be found (are you missing a using directive or an assembly reference?)
C:\gh\azure-sdk-for-net\sdk\advisor\Microsoft.Azure.Management.Advisor\tests\BasicTests\RecommendationTests.cs(4,7): error CS0246: The type or namespace name 'System' could not be found (are you missing a using directive or an assembly reference?)
C:\gh\azure-sdk-for-net\sdk\advisor\Microsoft.Azure.Management.Advisor\tests\BasicTests\RecommendationTests.cs(5,7): error CS0246: The type or namespace name 'System' could not be found (are you missing a using directive or an assembly reference?)
C:\gh\azure-sdk-for-net\sdk\advisor\Microsoft.Azure.Management.Advisor\tests\BasicTests\RecommendationTests.cs(6,7): error CS0246: The type or namespace name 'System' could not be found (are you missing a using directive or an assembly reference?)
C:\gh\azure-sdk-for-net\sdk\advisor\Microsoft.Azure.Management.Advisor\tests\BasicTests\RecommendationTests.cs(8,17): error CS0234: The type or namespace name 'Rest' does not exist in the namespace 'Microsoft' (are you missing an assembly reference?)
C:\gh\azure-sdk-for-net\sdk\advisor\Microsoft.Azure.Management.Advisor\tests\BasicTests\RecommendationTests.cs(9,7): error CS0246: The type or namespace name 'Xunit' could not be found (are you missing a using directive or an assembly reference?)
C:\gh\azure-sdk-for-net\sdk\advisor\Microsoft.Azure.Management.Advisor\tests\BasicTests\SuppressionTests.cs(4,7): error CS0246: The type or namespace name 'System' could not be found (are you missing a using directive or an assembly reference?)
C:\gh\azure-sdk-for-net\sdk\advisor\Microsoft.Azure.Management.Advisor\tests\BasicTests\SuppressionTests.cs(7,17): error CS0234: The type or namespace name 'Rest' does not exist in the namespace 'Microsoft' (are you missing an assembly reference?)
C:\gh\azure-sdk-for-net\sdk\advisor\Microsoft.Azure.Management.Advisor\tests\BasicTests\SuppressionTests.cs(8,7): error CS0246: The type or namespace name 'Xunit' could not be found (are you missing a using directive or an assembly reference?)
C:\gh\azure-sdk-for-net\sdk\advisor\Microsoft.Azure.Management.Advisor\tests\Properties\AssemblyInfo.cs(4,7): error CS0246: The type or namespace name 'System' could not be found (are you missing a using directive or an assembly reference?)
C:\gh\azure-sdk-for-net\sdk\advisor\Microsoft.Azure.Management.Advisor\tests\Properties\AssemblyInfo.cs(5,7): error CS0246: The type or namespace name 'System' could not be found (are you missing a using directive or an assembly reference?)
C:\gh\azure-sdk-for-net\sdk\advisor\Microsoft.Azure.Management.Advisor\tests\Properties\AssemblyInfo.cs(6,7): error CS0246: The type or namespace name 'System' could not be found (are you missing a using directive or an assembly reference?)
C:\gh\azure-sdk-for-net\eng\mgmt\DisableTestRunParallel.cs(4,7): error CS0246: The type or namespace name 'System' could not be found (are you missing a using directive or an assembly reference?)
C:\gh\azure-sdk-for-net\eng\mgmt\DisableTestRunParallel.cs(5,7): error CS0246: The type or namespace name 'Xunit' could not be found (are you missing a using directive or an assembly reference?)
C:\gh\azure-sdk-for-net\artifacts\obj\Microsoft.Azure.Management.Advisor.Tests\Debug\netcoreapp2.0\.NETCoreApp,Version=v2.0.AssemblyAttributes.cs(2,7): error CS0246: The type or namespace name 'System' could not be found (are you missing a using directive or an assembly reference?)
C:\gh\azure-sdk-for-net\artifacts\obj\Microsoft.Azure.Management.Advisor.Tests\Debug\netcoreapp2.0\.NETCoreApp,Version=v2.0.AssemblyAttributes.cs(3,7): error CS0246: The type or namespace name 'System' could not be found (are you missing a using directive or an assembly reference?)
C:\gh\azure-sdk-for-net\artifacts\obj\Microsoft.Azure.Management.Advisor.Tests\Debug\netcoreapp2.0\Microsoft.Azure.Management.Advisor.Tests.AssemblyInfo.cs(11,7): error CS0246: The type or namespace name 'System' could not be found (are you missing a using directive or an assembly reference?)
C:\gh\azure-sdk-for-net\artifacts\obj\Microsoft.Azure.Management.Advisor.Tests\Debug\netcoreapp2.0\Microsoft.Azure.Management.Advisor.Tests.AssemblyInfo.cs(12,7): error CS0246: The type or namespace name 'System' could not be found (are you missing a using directive or an assembly reference?)
C:\gh\azure-sdk-for-net\sdk\advisor\Microsoft.Azure.Management.Advisor\tests\BasicTests\RecommendationTests.cs(15,10): error CS0518: Predefined type 'System.Object' is not defined or imported
C:\gh\azure-sdk-for-net\sdk\advisor\Microsoft.Azure.Management.Advisor\tests\BasicTests\RecommendationTests.cs(15,10): error CS0246: The type or namespace name 'FactAttribute' could not be found (are you missing a using directive or an assembly reference?)
C:\gh\azure-sdk-for-net\sdk\advisor\Microsoft.Azure.Management.Advisor\tests\BasicTests\RecommendationTests.cs(15,10): error CS0246: The type or namespace name 'Fact' could not be found (are you missing a using directive or an assembly reference?)
C:\gh\azure-sdk-for-net\sdk\advisor\Microsoft.Azure.Management.Advisor\tests\BasicTests\ConfigurationTests.cs(18,10): error CS0518: Predefined type 'System.Object' is not defined or imported
C:\gh\azure-sdk-for-net\sdk\advisor\Microsoft.Azure.Management.Advisor\tests\BasicTests\ConfigurationTests.cs(18,10): error CS0246: The type or namespace name 'FactAttribute' could not be found (are you missing a using directive or an assembly reference?)
C:\gh\azure-sdk-for-net\sdk\advisor\Microsoft.Azure.Management.Advisor\tests\BasicTests\ConfigurationTests.cs(18,10): error CS0246: The type or namespace name 'Fact' could not be found (are you missing a using directive or an assembly reference?)
C:\gh\azure-sdk-for-net\sdk\advisor\Microsoft.Azure.Management.Advisor\tests\BasicTests\SuppressionTests.cs(17,10): error CS0518: Predefined type 'System.Object' is not defined or imported
C:\gh\azure-sdk-for-net\sdk\advisor\Microsoft.Azure.Management.Advisor\tests\BasicTests\SuppressionTests.cs(17,10): error CS0246: The type or namespace name 'FactAttribute' could not be found (are you missing a using directive or an assembly reference?)
C:\gh\azure-sdk-for-net\sdk\advisor\Microsoft.Azure.Management.Advisor\tests\BasicTests\SuppressionTests.cs(17,10): error CS0246: The type or namespace name 'Fact' could not be found (are you missing a using directive or an assembly reference?)
C:\gh\azure-sdk-for-net\sdk\advisor\Microsoft.Azure.Management.Advisor\tests\BasicTests\ConfigurationTests.cs(44,10): error CS0518: Predefined type 'System.Object' is not defined or imported
C:\gh\azure-sdk-for-net\sdk\advisor\Microsoft.Azure.Management.Advisor\tests\BasicTests\ConfigurationTests.cs(44,10): error CS0246: The type or namespace name 'FactAttribute' could not be found (are you missing a using directive or an assembly reference?)
C:\gh\azure-sdk-for-net\sdk\advisor\Microsoft.Azure.Management.Advisor\tests\BasicTests\ConfigurationTests.cs(44,10): error CS0246: The type or namespace name 'Fact' could not be found (are you missing a using directive or an assembly reference?)
C:\gh\azure-sdk-for-net\sdk\advisor\Microsoft.Azure.Management.Advisor\tests\BasicTests\RecommendationTests.cs(18,13): error CS0518: Predefined type 'System.IDisposable' is not defined or imported
C:\gh\azure-sdk-for-net\sdk\advisor\Microsoft.Azure.Management.Advisor\tests\BasicTests\RecommendationTests.cs(18,34): error CS0518: Predefined type 'System.Object' is not defined or imported
C:\gh\azure-sdk-for-net\sdk\advisor\Microsoft.Azure.Management.Advisor\tests\BasicTests\RecommendationTests.cs(18,34): error CS0103: The name 'MockContext' does not exist in the current context
C:\gh\azure-sdk-for-net\sdk\advisor\Microsoft.Azure.Management.Advisor\tests\BasicTests\RecommendationTests.cs(18,57): error CS0518: Predefined type 'System.Object' is not defined or imported
C:\gh\azure-sdk-for-net\sdk\advisor\Microsoft.Azure.Management.Advisor\tests\BasicTests\RecommendationTests.cs(18,57): error CS1061: 'RecommendationTests' does not contain a definition for 'GetType' and no accessible extension method 'GetType' accepting a first argument of type 'RecommendationTests' could be found (are you missing a using directive or an assembly reference?)
C:\gh\azure-sdk-for-net\sdk\advisor\Microsoft.Azure.Management.Advisor\tests\BasicTests\RecommendationTests.cs(20,17): error CS0518: Predefined type 'System.IDisposable' is not defined or imported
C:\gh\azure-sdk-for-net\sdk\advisor\Microsoft.Azure.Management.Advisor\tests\BasicTests\RecommendationTests.cs(20,62): error CS0518: Predefined type 'System.Object' is not defined or imported
C:\gh\azure-sdk-for-net\sdk\advisor\Microsoft.Azure.Management.Advisor\tests\BasicTests\RecommendationTests.cs(22,37): error CS0518: Predefined type 'System.Object' is not defined or imported
C:\gh\azure-sdk-for-net\sdk\advisor\Microsoft.Azure.Management.Advisor\tests\BasicTests\RecommendationTests.cs(22,37): error CS0246: The type or namespace name 'Regex' could not be found (are you missing a using directive or an assembly reference?)
C:\gh\azure-sdk-for-net\sdk\advisor\Microsoft.Azure.Management.Advisor\tests\BasicTests\RecommendationTests.cs(22,43): error CS0518: Predefined type 'System.String' is not defined or imported
C:\gh\azure-sdk-for-net\sdk\advisor\Microsoft.Azure.Management.Advisor\tests\BasicTests\RecommendationTests.cs(22,107): error CS0518: Predefined type 'System.Object' is not defined or imported
C:\gh\azure-sdk-for-net\sdk\advisor\Microsoft.Azure.Management.Advisor\tests\BasicTests\RecommendationTests.cs(22,107): error CS0103: The name 'RegexOptions' does not exist in the current context
C:\gh\azure-sdk-for-net\sdk\advisor\Microsoft.Azure.Management.Advisor\tests\BasicTests\RecommendationTests.cs(24,39): error CS0518: Predefined type 'System.Object' is not defined or imported
C:\gh\azure-sdk-for-net\sdk\advisor\Microsoft.Azure.Management.Advisor\tests\BasicTests\RecommendationTests.cs(24,39): error CS0103: The name 'Guid' does not exist in the current context
C:\gh\azure-sdk-for-net\sdk\advisor\Microsoft.Azure.Management.Advisor\tests\BasicTests\RecommendationTests.cs(24,72): error CS0518: Predefined type 'System.String' is not defined or imported
C:\gh\azure-sdk-for-net\sdk\advisor\Microsoft.Azure.Management.Advisor\tests\BasicTests\RecommendationTests.cs(13,18): error CS1729: 'object' does not contain a constructor that takes 0 arguments
C:\gh\azure-sdk-for-net\sdk\advisor\Microsoft.Azure.Management.Advisor\tests\BasicTests\ConfigurationTests.cs(21,13): error CS0518: Predefined type 'System.IDisposable' is not defined or imported
C:\gh\azure-sdk-for-net\sdk\advisor\Microsoft.Azure.Management.Advisor\tests\BasicTests\ConfigurationTests.cs(21,34): error CS0518: Predefined type 'System.Object' is not defined or imported
C:\gh\azure-sdk-for-net\sdk\advisor\Microsoft.Azure.Management.Advisor\tests\BasicTests\ConfigurationTests.cs(21,34): error CS0103: The name 'MockContext' does not exist in the current context
C:\gh\azure-sdk-for-net\sdk\advisor\Microsoft.Azure.Management.Advisor\tests\BasicTests\ConfigurationTests.cs(21,57): error CS0518: Predefined type 'System.Object' is not defined or imported
C:\gh\azure-sdk-for-net\sdk\advisor\Microsoft.Azure.Management.Advisor\tests\BasicTests\ConfigurationTests.cs(21,57): error CS1061: 'ConfigurationTests' does not contain a definition for 'GetType' and no accessible extension method 'GetType' accepting a first argument of type 'ConfigurationTests' could be found (are you missing a using directive or an assembly reference?)
C:\gh\azure-sdk-for-net\sdk\advisor\Microsoft.Azure.Management.Advisor\tests\BasicTests\ConfigurationTests.cs(23,34): error CS0518: Predefined type 'System.Object' is not defined or imported
C:\gh\azure-sdk-for-net\sdk\advisor\Microsoft.Azure.Management.Advisor\tests\BasicTests\ConfigurationTests.cs(23,34): error CS0518: Predefined type 'System.Void' is not defined or imported
C:\gh\azure-sdk-for-net\sdk\advisor\Microsoft.Azure.Management.Advisor\tests\BasicTests\ConfigurationTests.cs(25,21): error CS0518: Predefined type 'System.Void' is not defined or imported
C:\gh\azure-sdk-for-net\sdk\advisor\Microsoft.Azure.Management.Advisor\tests\BasicTests\ConfigurationTests.cs(25,38): error CS0518: Predefined type 'System.Object' is not defined or imported
C:\gh\azure-sdk-for-net\sdk\advisor\Microsoft.Azure.Management.Advisor\tests\BasicTests\ConfigurationTests.cs(25,38): error CS0518: Predefined type 'System.Void' is not defined or imported
C:\gh\azure-sdk-for-net\sdk\advisor\Microsoft.Azure.Management.Advisor\tests\BasicTests\ConfigurationTests.cs(25,60): error CS0012: The type 'Nullable<>' is defined in an assembly that is not referenced. You must add a reference to assembly 'mscorlib, Version=4.0.0.0, Culture=neutral, PublicKeyToken=b77a5c561934e089'.
C:\gh\azure-sdk-for-net\sdk\advisor\Microsoft.Azure.Management.Advisor\tests\BasicTests\ConfigurationTests.cs(25,70): error CS0518: Predefined type 'System.Boolean' is not defined or imported
C:\gh\azure-sdk-for-net\sdk\advisor\Microsoft.Azure.Management.Advisor\tests\BasicTests\ConfigurationTests.cs(25,77): error CS0518: Predefined type 'System.String' is not defined or imported
C:\gh\azure-sdk-for-net\sdk\advisor\Microsoft.Azure.Management.Advisor\tests\BasicTests\ConfigurationTests.cs(28,17): error CS0518: Predefined type 'System.IDisposable' is not defined or imported
C:\gh\azure-sdk-for-net\sdk\advisor\Microsoft.Azure.Management.Advisor\tests\BasicTests\ConfigurationTests.cs(28,62): error CS0518: Predefined type 'System.Object' is not defined or imported
C:\gh\azure-sdk-for-net\sdk\advisor\Microsoft.Azure.Management.Advisor\tests\BasicTests\ConfigurationTests.cs(32,21): error CS0518: Predefined type 'System.Object' is not defined or imported
C:\gh\azure-sdk-for-net\sdk\advisor\Microsoft.Azure.Management.Advisor\tests\BasicTests\ConfigurationTests.cs(32,21): error CS0103: The name 'Assert' does not exist in the current context
C:\gh\azure-sdk-for-net\sdk\advisor\Microsoft.Azure.Management.Advisor\tests\BasicTests\ConfigurationTests.cs(33,21): error CS0518: Predefined type 'System.Object' is not defined or imported
C:\gh\azure-sdk-for-net\sdk\advisor\Microsoft.Azure.Management.Advisor\tests\BasicTests\ConfigurationTests.cs(33,21): error CS0103: The name 'Assert' does not exist in the current context
C:\gh\azure-sdk-for-net\sdk\advisor\Microsoft.Azure.Management.Advisor\tests\BasicTests\ConfigurationTests.cs(35,39): error CS0518: Predefined type 'System.String' is not defined or imported
C:\gh\azure-sdk-for-net\sdk\advisor\Microsoft.Azure.Management.Advisor\tests\BasicTests\ConfigurationTests.cs(38,21): error CS0518: Predefined type 'System.Object' is not defined or imported
C:\gh\azure-sdk-for-net\sdk\advisor\Microsoft.Azure.Management.Advisor\tests\BasicTests\ConfigurationTests.cs(38,21): error CS0103: The name 'Assert' does not exist in the current context
C:\gh\azure-sdk-for-net\sdk\advisor\Microsoft.Azure.Management.Advisor\tests\BasicTests\ConfigurationTests.cs(39,21): error CS0518: Predefined type 'System.Object' is not defined or imported
C:\gh\azure-sdk-for-net\sdk\advisor\Microsoft.Azure.Management.Advisor\tests\BasicTests\ConfigurationTests.cs(39,21): error CS0103: The name 'Assert' does not exist in the current context
C:\gh\azure-sdk-for-net\sdk\advisor\Microsoft.Azure.Management.Advisor\tests\BasicTests\SuppressionTests.cs(20,13): error CS0518: Predefined type 'System.IDisposable' is not defined or imported
C:\gh\azure-sdk-for-net\sdk\advisor\Microsoft.Azure.Management.Advisor\tests\BasicTests\SuppressionTests.cs(20,34): error CS0518: Predefined type 'System.Object' is not defined or imported
C:\gh\azure-sdk-for-net\sdk\advisor\Microsoft.Azure.Management.Advisor\tests\BasicTests\SuppressionTests.cs(20,34): error CS0103: The name 'MockContext' does not exist in the current context
C:\gh\azure-sdk-for-net\sdk\advisor\Microsoft.Azure.Management.Advisor\tests\BasicTests\SuppressionTests.cs(20,57): error CS0518: Predefined type 'System.Object' is not defined or imported
C:\gh\azure-sdk-for-net\sdk\advisor\Microsoft.Azure.Management.Advisor\tests\BasicTests\SuppressionTests.cs(20,57): error CS1061: 'SuppressionTests' does not contain a definition for 'GetType' and no accessible extension method 'GetType' accepting a first argument of type 'SuppressionTests' could be found (are you missing a using directive or an assembly reference?)
C:\gh\azure-sdk-for-net\sdk\advisor\Microsoft.Azure.Management.Advisor\tests\BasicTests\SuppressionTests.cs(22,17): error CS0518: Predefined type 'System.IDisposable' is not defined or imported
C:\gh\azure-sdk-for-net\sdk\advisor\Microsoft.Azure.Management.Advisor\tests\BasicTests\SuppressionTests.cs(22,62): error CS0518: Predefined type 'System.Object' is not defined or imported
C:\gh\azure-sdk-for-net\sdk\advisor\Microsoft.Azure.Management.Advisor\tests\BasicTests\SuppressionTests.cs(26,21): error CS0518: Predefined type 'System.Object' is not defined or imported
C:\gh\azure-sdk-for-net\sdk\advisor\Microsoft.Azure.Management.Advisor\tests\BasicTests\SuppressionTests.cs(26,21): error CS0103: The name 'Assert' does not exist in the current context
C:\gh\azure-sdk-for-net\sdk\advisor\Microsoft.Azure.Management.Advisor\tests\BasicTests\SuppressionTests.cs(28,21): error CS0518: Predefined type 'System.Object' is not defined or imported
C:\gh\azure-sdk-for-net\sdk\advisor\Microsoft.Azure.Management.Advisor\tests\BasicTests\SuppressionTests.cs(33,25): error CS0518: Predefined type 'System.Object' is not defined or imported
C:\gh\azure-sdk-for-net\sdk\advisor\Microsoft.Azure.Management.Advisor\tests\BasicTests\SuppressionTests.cs(33,25): error CS0103: The name 'Assert' does not exist in the current context
C:\gh\azure-sdk-for-net\sdk\advisor\Microsoft.Azure.Management.Advisor\tests\BasicTests\SuppressionTests.cs(33,38): error CS0518: Predefined type 'System.String' is not defined or imported
C:\gh\azure-sdk-for-net\sdk\advisor\Microsoft.Azure.Management.Advisor\tests\BasicTests\SuppressionTests.cs(34,25): error CS0518: Predefined type 'System.Object' is not defined or imported
C:\gh\azure-sdk-for-net\sdk\advisor\Microsoft.Azure.Management.Advisor\tests\BasicTests\SuppressionTests.cs(34,25): error CS0103: The name 'Assert' does not exist in the current context
C:\gh\azure-sdk-for-net\sdk\advisor\Microsoft.Azure.Management.Advisor\tests\BasicTests\SuppressionTests.cs(34,38): error CS0518: Predefined type 'System.String' is not defined or imported
C:\gh\azure-sdk-for-net\sdk\advisor\Microsoft.Azure.Management.Advisor\tests\BasicTests\SuppressionTests.cs(35,25): error CS0518: Predefined type 'System.Object' is not defined or imported
C:\gh\azure-sdk-for-net\sdk\advisor\Microsoft.Azure.Management.Advisor\tests\BasicTests\SuppressionTests.cs(35,25): error CS0103: The name 'Assert' does not exist in the current context
C:\gh\azure-sdk-for-net\sdk\advisor\Microsoft.Azure.Management.Advisor\tests\BasicTests\SuppressionTests.cs(35,38): error CS0518: Predefined type 'System.String' is not defined or imported
C:\gh\azure-sdk-for-net\sdk\advisor\Microsoft.Azure.Management.Advisor\tests\BasicTests\SuppressionTests.cs(36,25): error CS0518: Predefined type 'System.Object' is not defined or imported
C:\gh\azure-sdk-for-net\sdk\advisor\Microsoft.Azure.Management.Advisor\tests\BasicTests\SuppressionTests.cs(36,25): error CS0103: The name 'Assert' does not exist in the current context
C:\gh\azure-sdk-for-net\sdk\advisor\Microsoft.Azure.Management.Advisor\tests\BasicTests\SuppressionTests.cs(36,38): error CS0518: Predefined type 'System.String' is not defined or imported
C:\gh\azure-sdk-for-net\sdk\advisor\Microsoft.Azure.Management.Advisor\tests\BasicTests\SuppressionTests.cs(37,25): error CS0518: Predefined type 'System.Object' is not defined or imported
C:\gh\azure-sdk-for-net\sdk\advisor\Microsoft.Azure.Management.Advisor\tests\BasicTests\SuppressionTests.cs(37,25): error CS0103: The name 'Assert' does not exist in the current context
C:\gh\azure-sdk-for-net\sdk\advisor\Microsoft.Azure.Management.Advisor\tests\BasicTests\SuppressionTests.cs(37,38): error CS0518: Predefined type 'System.String' is not defined or imported
C:\gh\azure-sdk-for-net\sdk\advisor\Microsoft.Azure.Management.Advisor\tests\BasicTests\SuppressionTests.cs(38,25): error CS0518: Predefined type 'System.Object' is not defined or imported
C:\gh\azure-sdk-for-net\sdk\advisor\Microsoft.Azure.Management.Advisor\tests\BasicTests\SuppressionTests.cs(38,25): error CS0103: The name 'Assert' does not exist in the current context
C:\gh\azure-sdk-for-net\sdk\advisor\Microsoft.Azure.Management.Advisor\tests\BasicTests\SuppressionTests.cs(38,38): error CS0518: Predefined type 'System.String' is not defined or imported
C:\gh\azure-sdk-for-net\sdk\advisor\Microsoft.Azure.Management.Advisor\tests\BasicTests\SuppressionTests.cs(39,25): error CS0518: Predefined type 'System.Object' is not defined or imported
C:\gh\azure-sdk-for-net\sdk\advisor\Microsoft.Azure.Management.Advisor\tests\BasicTests\SuppressionTests.cs(39,25): error CS0103: The name 'Assert' does not exist in the current context
C:\gh\azure-sdk-for-net\sdk\advisor\Microsoft.Azure.Management.Advisor\tests\BasicTests\SuppressionTests.cs(40,25): error CS0518: Predefined type 'System.Object' is not defined or imported
C:\gh\azure-sdk-for-net\sdk\advisor\Microsoft.Azure.Management.Advisor\tests\BasicTests\SuppressionTests.cs(40,25): error CS0103: The name 'Assert' does not exist in the current context
C:\gh\azure-sdk-for-net\sdk\advisor\Microsoft.Azure.Management.Advisor\tests\BasicTests\SuppressionTests.cs(40,38): error CS0518: Predefined type 'System.String' is not defined or imported
C:\gh\azure-sdk-for-net\sdk\advisor\Microsoft.Azure.Management.Advisor\tests\BasicTests\SuppressionTests.cs(41,25): error CS0518: Predefined type 'System.Object' is not defined or imported
C:\gh\azure-sdk-for-net\sdk\advisor\Microsoft.Azure.Management.Advisor\tests\BasicTests\SuppressionTests.cs(41,25): error CS0103: The name 'Assert' does not exist in the current context
C:\gh\azure-sdk-for-net\sdk\advisor\Microsoft.Azure.Management.Advisor\tests\BasicTests\SuppressionTests.cs(41,38): error CS0518: Predefined type 'System.String' is not defined or imported
C:\gh\azure-sdk-for-net\sdk\advisor\Microsoft.Azure.Management.Advisor\tests\BasicTests\SuppressionTests.cs(42,30): error CS0518: Predefined type 'System.String' is not defined or imported
C:\gh\azure-sdk-for-net\sdk\advisor\Microsoft.Azure.Management.Advisor\tests\BasicTests\SuppressionTests.cs(42,29): error CS0518: Predefined type 'System.Boolean' is not defined or imported
C:\gh\azure-sdk-for-net\sdk\advisor\Microsoft.Azure.Management.Advisor\tests\BasicTests\SuppressionTests.cs(49,21): error CS0518: Predefined type 'System.Object' is not defined or imported
C:\gh\azure-sdk-for-net\sdk\advisor\Microsoft.Azure.Management.Advisor\tests\BasicTests\SuppressionTests.cs(49,21): error CS0103: The name 'Assert' does not exist in the current context
C:\gh\azure-sdk-for-net\sdk\advisor\Microsoft.Azure.Management.Advisor\tests\BasicTests\SuppressionTests.cs(52,54): error CS0518: Predefined type 'System.String' is not defined or imported
C:\gh\azure-sdk-for-net\sdk\advisor\Microsoft.Azure.Management.Advisor\tests\BasicTests\SuppressionTests.cs(52,67): error CS0518: Predefined type 'System.Int32' is not defined or imported
C:\gh\azure-sdk-for-net\sdk\advisor\Microsoft.Azure.Management.Advisor\tests\BasicTests\SuppressionTests.cs(53,40): error CS0518: Predefined type 'System.String' is not defined or imported
C:\gh\azure-sdk-for-net\sdk\advisor\Microsoft.Azure.Management.Advisor\tests\BasicTests\SuppressionTests.cs(53,51): error CS0518: Predefined type 'System.String' is not defined or imported
C:\gh\azure-sdk-for-net\sdk\advisor\Microsoft.Azure.Management.Advisor\tests\BasicTests\SuppressionTests.cs(54,29): error CS0518: Predefined type 'System.Object' is not defined or imported
C:\gh\azure-sdk-for-net\sdk\advisor\Microsoft.Azure.Management.Advisor\tests\BasicTests\SuppressionTests.cs(54,29): error CS0103: The name 'StringComparison' does not exist in the current context
C:\gh\azure-sdk-for-net\sdk\advisor\Microsoft.Azure.Management.Advisor\tests\BasicTests\SuppressionTests.cs(55,61): error CS0518: Predefined type 'System.String' is not defined or imported
C:\gh\azure-sdk-for-net\sdk\advisor\Microsoft.Azure.Management.Advisor\tests\BasicTests\SuppressionTests.cs(59,21): error CS0518: Predefined type 'System.Object' is not defined or imported
C:\gh\azure-sdk-for-net\sdk\advisor\Microsoft.Azure.Management.Advisor\tests\BasicTests\SuppressionTests.cs(59,21): error CS0103: The name 'Assert' does not exist in the current context
C:\gh\azure-sdk-for-net\sdk\advisor\Microsoft.Azure.Management.Advisor\tests\BasicTests\SuppressionTests.cs(59,49): error CS0518: Predefined type 'System.String' is not defined or imported
C:\gh\azure-sdk-for-net\sdk\advisor\Microsoft.Azure.Management.Advisor\tests\BasicTests\SuppressionTests.cs(60,21): error CS0518: Predefined type 'System.Object' is not defined or imported
C:\gh\azure-sdk-for-net\sdk\advisor\Microsoft.Azure.Management.Advisor\tests\BasicTests\SuppressionTests.cs(60,21): error CS0103: The name 'Assert' does not exist in the current context
C:\gh\azure-sdk-for-net\sdk\advisor\Microsoft.Azure.Management.Advisor\tests\BasicTests\SuppressionTests.cs(60,49): error CS0518: Predefined type 'System.String' is not defined or imported
C:\gh\azure-sdk-for-net\sdk\advisor\Microsoft.Azure.Management.Advisor\tests\BasicTests\SuppressionTests.cs(64,29): error CS0518: Predefined type 'System.Object' is not defined or imported
C:\gh\azure-sdk-for-net\sdk\advisor\Microsoft.Azure.Management.Advisor\tests\BasicTests\SuppressionTests.cs(64,29): error CS0518: Predefined type 'System.Void' is not defined or imported
C:\gh\azure-sdk-for-net\sdk\advisor\Microsoft.Azure.Management.Advisor\tests\BasicTests\SuppressionTests.cs(65,21): error CS0518: Predefined type 'System.Object' is not defined or imported
C:\gh\azure-sdk-for-net\sdk\advisor\Microsoft.Azure.Management.Advisor\tests\BasicTests\SuppressionTests.cs(65,21): error CS0103: The name 'Assert' does not exist in the current context
C:\gh\azure-sdk-for-net\sdk\advisor\Microsoft.Azure.Management.Advisor\tests\BasicTests\SuppressionTests.cs(65,58): error CS0518: Predefined type 'System.String' is not defined or imported
C:\gh\azure-sdk-for-net\sdk\advisor\Microsoft.Azure.Management.Advisor\tests\BasicTests\SuppressionTests.cs(69,21): error CS0518: Predefined type 'System.Object' is not defined or imported
C:\gh\azure-sdk-for-net\sdk\advisor\Microsoft.Azure.Management.Advisor\tests\BasicTests\SuppressionTests.cs(69,21): error CS0103: The name 'Assert' does not exist in the current context
C:\gh\azure-sdk-for-net\sdk\advisor\Microsoft.Azure.Management.Advisor\tests\BasicTests\SuppressionTests.cs(70,21): error CS0518: Predefined type 'System.Object' is not defined or imported
C:\gh\azure-sdk-for-net\sdk\advisor\Microsoft.Azure.Management.Advisor\tests\BasicTests\SuppressionTests.cs(70,21): error CS0103: The name 'Assert' does not exist in the current context
C:\gh\azure-sdk-for-net\sdk\advisor\Microsoft.Azure.Management.Advisor\tests\BasicTests\SuppressionTests.cs(70,57): error CS0518: Predefined type 'System.String' is not defined or imported
C:\gh\azure-sdk-for-net\sdk\advisor\Microsoft.Azure.Management.Advisor\tests\BasicTests\SuppressionTests.cs(70,62): error CS0518: Predefined type 'System.String' is not defined or imported
C:\gh\azure-sdk-for-net\sdk\advisor\Microsoft.Azure.Management.Advisor\tests\BasicTests\SuppressionTests.cs(77,25): error CS0518: Predefined type 'System.Object' is not defined or imported
C:\gh\azure-sdk-for-net\sdk\advisor\Microsoft.Azure.Management.Advisor\tests\BasicTests\SuppressionTests.cs(77,25): error CS0103: The name 'Assert' does not exist in the current context
C:\gh\azure-sdk-for-net\sdk\advisor\Microsoft.Azure.Management.Advisor\tests\BasicTests\SuppressionTests.cs(12,18): error CS1729: 'object' does not contain a constructor that takes 0 arguments
C:\gh\azure-sdk-for-net\sdk\advisor\Microsoft.Azure.Management.Advisor\tests\BasicTests\ConfigurationTests.cs(47,13): error CS0518: Predefined type 'System.IDisposable' is not defined or imported
C:\gh\azure-sdk-for-net\sdk\advisor\Microsoft.Azure.Management.Advisor\tests\BasicTests\ConfigurationTests.cs(47,34): error CS0518: Predefined type 'System.Object' is not defined or imported
C:\gh\azure-sdk-for-net\sdk\advisor\Microsoft.Azure.Management.Advisor\tests\BasicTests\ConfigurationTests.cs(47,34): error CS0103: The name 'MockContext' does not exist in the current context
C:\gh\azure-sdk-for-net\sdk\advisor\Microsoft.Azure.Management.Advisor\tests\BasicTests\ConfigurationTests.cs(47,57): error CS0518: Predefined type 'System.Object' is not defined or imported
C:\gh\azure-sdk-for-net\sdk\advisor\Microsoft.Azure.Management.Advisor\tests\BasicTests\ConfigurationTests.cs(47,57): error CS1061: 'ConfigurationTests' does not contain a definition for 'GetType' and no accessible extension method 'GetType' accepting a first argument of type 'ConfigurationTests' could be found (are you missing a using directive or an assembly reference?)
C:\gh\azure-sdk-for-net\sdk\advisor\Microsoft.Azure.Management.Advisor\tests\BasicTests\ConfigurationTests.cs(49,34): error CS0518: Predefined type 'System.Object' is not defined or imported
C:\gh\azure-sdk-for-net\sdk\advisor\Microsoft.Azure.Management.Advisor\tests\BasicTests\ConfigurationTests.cs(49,34): error CS0518: Predefined type 'System.Void' is not defined or imported
C:\gh\azure-sdk-for-net\sdk\advisor\Microsoft.Azure.Management.Advisor\tests\BasicTests\ConfigurationTests.cs(49,46): error CS0518: Predefined type 'System.Void' is not defined or imported
C:\gh\azure-sdk-for-net\sdk\advisor\Microsoft.Azure.Management.Advisor\tests\BasicTests\ConfigurationTests.cs(49,63): error CS0518: Predefined type 'System.Object' is not defined or imported
C:\gh\azure-sdk-for-net\sdk\advisor\Microsoft.Azure.Management.Advisor\tests\BasicTests\ConfigurationTests.cs(49,63): error CS0518: Predefined type 'System.Void' is not defined or imported
C:\gh\azure-sdk-for-net\sdk\advisor\Microsoft.Azure.Management.Advisor\tests\BasicTests\ConfigurationTests.cs(49,85): error CS0012: The type 'Nullable<>' is defined in an assembly that is not referenced. You must add a reference to assembly 'mscorlib, Version=4.0.0.0, Culture=neutral, PublicKeyToken=b77a5c561934e089'.
C:\gh\azure-sdk-for-net\sdk\advisor\Microsoft.Azure.Management.Advisor\tests\BasicTests\ConfigurationTests.cs(49,95): error CS0518: Predefined type 'System.Boolean' is not defined or imported
C:\gh\azure-sdk-for-net\sdk\advisor\Microsoft.Azure.Management.Advisor\tests\BasicTests\ConfigurationTests.cs(51,17): error CS0518: Predefined type 'System.IDisposable' is not defined or imported
C:\gh\azure-sdk-for-net\sdk\advisor\Microsoft.Azure.Management.Advisor\tests\BasicTests\ConfigurationTests.cs(51,62): error CS0518: Predefined type 'System.Object' is not defined or imported
C:\gh\azure-sdk-for-net\sdk\advisor\Microsoft.Azure.Management.Advisor\tests\BasicTests\ConfigurationTests.cs(55,21): error CS0518: Predefined type 'System.Object' is not defined or imported
C:\gh\azure-sdk-for-net\sdk\advisor\Microsoft.Azure.Management.Advisor\tests\BasicTests\ConfigurationTests.cs(55,21): error CS0103: The name 'Assert' does not exist in the current context
C:\gh\azure-sdk-for-net\sdk\advisor\Microsoft.Azure.Management.Advisor\tests\BasicTests\ConfigurationTests.cs(57,39): error CS0012: The type 'Nullable<>' is defined in an assembly that is not referenced. You must add a reference to assembly 'mscorlib, Version=4.0.0.0, Culture=neutral, PublicKeyToken=b77a5c561934e089'.
C:\gh\azure-sdk-for-net\sdk\advisor\Microsoft.Azure.Management.Advisor\tests\BasicTests\ConfigurationTests.cs(57,49): error CS0518: Predefined type 'System.Boolean' is not defined or imported
C:\gh\azure-sdk-for-net\sdk\advisor\Microsoft.Azure.Management.Advisor\tests\BasicTests\ConfigurationTests.cs(60,21): error CS0518: Predefined type 'System.Object' is not defined or imported
C:\gh\azure-sdk-for-net\sdk\advisor\Microsoft.Azure.Management.Advisor\tests\BasicTests\ConfigurationTests.cs(60,21): error CS0103: The name 'Assert' does not exist in the current context
C:\gh\azure-sdk-for-net\sdk\advisor\Microsoft.Azure.Management.Advisor\tests\BasicTests\ConfigurationTests.cs(12,18): error CS1729: 'object' does not contain a constructor that takes 0 arguments
C:\gh\azure-sdk-for-net\sdk\advisor\Microsoft.Azure.Management.Advisor\tests\BasicTests\RecommendationTests.cs(4,1): hidden CS8019: Unnecessary using directive.
C:\gh\azure-sdk-for-net\artifacts\obj\Microsoft.Azure.Management.Advisor.Tests\Debug\netcoreapp2.0\Microsoft.Azure.Management.Advisor.Tests.AssemblyInfo.cs(11,1): hidden CS8019: Unnecessary using directive.
C:\gh\azure-sdk-for-net\sdk\advisor\Microsoft.Azure.Management.Advisor\tests\BasicTests\ConfigurationTests.cs(4,1): hidden CS8019: Unnecessary using directive.
C:\gh\azure-sdk-for-net\sdk\advisor\Microsoft.Azure.Management.Advisor\tests\Properties\AssemblyInfo.cs(5,1): hidden CS8019: Unnecessary using directive.
C:\gh\azure-sdk-for-net\sdk\advisor\Microsoft.Azure.Management.Advisor\tests\BasicTests\RecommendationTests.cs(5,1): hidden CS8019: Unnecessary using directive.
C:\gh\azure-sdk-for-net\artifacts\obj\Microsoft.Azure.Management.Advisor.Tests\Debug\netcoreapp2.0\Microsoft.Azure.Management.Advisor.Tests.AssemblyInfo.cs(12,1): hidden CS8019: Unnecessary using directive.
C:\gh\azure-sdk-for-net\sdk\advisor\Microsoft.Azure.Management.Advisor\tests\BasicTests\SuppressionTests.cs(4,1): hidden CS8019: Unnecessary using directive.
C:\gh\azure-sdk-for-net\artifacts\obj\Microsoft.Azure.Management.Advisor.Tests\Debug\netcoreapp2.0\.NETCoreApp,Version=v2.0.AssemblyAttributes.cs(2,1): hidden CS8019: Unnecessary using directive.
C:\gh\azure-sdk-for-net\eng\mgmt\DisableTestRunParallel.cs(4,1): hidden CS8019: Unnecessary using directive.
C:\gh\azure-sdk-for-net\sdk\advisor\Microsoft.Azure.Management.Advisor\tests\BasicTests\ConfigurationTests.cs(8,1): hidden CS8019: Unnecessary using directive.
C:\gh\azure-sdk-for-net\sdk\advisor\Microsoft.Azure.Management.Advisor\tests\BasicTests\SuppressionTests.cs(8,1): hidden CS8019: Unnecessary using directive.
C:\gh\azure-sdk-for-net\sdk\advisor\Microsoft.Azure.Management.Advisor\tests\BasicTests\RecommendationTests.cs(9,1): hidden CS8019: Unnecessary using directive.
C:\gh\azure-sdk-for-net\sdk\advisor\Microsoft.Azure.Management.Advisor\tests\BasicTests\RecommendationTests.cs(6,1): hidden CS8019: Unnecessary using directive.
C:\gh\azure-sdk-for-net\eng\mgmt\DisableTestRunParallel.cs(5,1): hidden CS8019: Unnecessary using directive.
C:\gh\azure-sdk-for-net\artifacts\obj\Microsoft.Azure.Management.Advisor.Tests\Debug\netcoreapp2.0\.NETCoreApp,Version=v2.0.AssemblyAttributes.cs(3,1): hidden CS8019: Unnecessary using directive.
C:\gh\azure-sdk-for-net\sdk\advisor\Microsoft.Azure.Management.Advisor\tests\BasicTests\ConfigurationTests.cs(7,1): hidden CS8019: Unnecessary using directive.
C:\gh\azure-sdk-for-net\sdk\advisor\Microsoft.Azure.Management.Advisor\tests\BasicTests\SuppressionTests.cs(7,1): hidden CS8019: Unnecessary using directive.
C:\gh\azure-sdk-for-net\sdk\advisor\Microsoft.Azure.Management.Advisor\tests\Properties\AssemblyInfo.cs(4,1): hidden CS8019: Unnecessary using directive.
C:\gh\azure-sdk-for-net\sdk\advisor\Microsoft.Azure.Management.Advisor\tests\BasicTests\RecommendationTests.cs(8,1): hidden CS8019: Unnecessary using directive.
C:\gh\azure-sdk-for-net\sdk\advisor\Microsoft.Azure.Management.Advisor\tests\Properties\AssemblyInfo.cs(6,1): hidden CS8019: Unnecessary using directive.
