C:\gh\azure-sdk-for-net\sdk\storage\Microsoft.Azure.Management.Storage\tests\Tests\FileServiceTests.cs(222,112): error CS1503: Argument 5: cannot convert from 'string' to 'Microsoft.Azure.Management.Storage.Models.GetShareExpand?'
C:\gh\azure-sdk-for-net\sdk\storage\Microsoft.Azure.Management.Storage\tests\Tests\FileServiceTests.cs(488,104): error CS1503: Argument 5: cannot convert from 'string' to 'Microsoft.Azure.Management.Storage.Models.GetShareExpand?'
C:\gh\azure-sdk-for-net\sdk\storage\Microsoft.Azure.Management.Storage\tests\Tests\FileServiceTests.cs(567,21): error CS0246: The type or namespace name 'LeaseShareResponse' could not be found (are you missing a using directive or an assembly reference?)
C:\gh\azure-sdk-for-net\sdk\storage\Microsoft.Azure.Management.Storage\tests\Tests\FileServiceTests.cs(570,111): error CS0246: The type or namespace name 'LeaseShareRequest' could not be found (are you missing a using directive or an assembly reference?)
C:\gh\azure-sdk-for-net\sdk\storage\Microsoft.Azure.Management.Storage\tests\Tests\FileServiceTests.cs(570,129): error CS0103: The name 'LeaseShareAction' does not exist in the current context
C:\gh\azure-sdk-for-net\sdk\storage\Microsoft.Azure.Management.Storage\tests\Tests\FileServiceTests.cs(578,49): error CS1061: 'FileShare' does not contain a definition for 'LeaseDuration' and no accessible extension method 'LeaseDuration' accepting a first argument of type 'FileShare' could be found (are you missing a using directive or an assembly reference?)
C:\gh\azure-sdk-for-net\sdk\storage\Microsoft.Azure.Management.Storage\tests\Tests\FileServiceTests.cs(579,50): error CS1061: 'FileShare' does not contain a definition for 'LeaseState' and no accessible extension method 'LeaseState' accepting a first argument of type 'FileShare' could be found (are you missing a using directive or an assembly reference?)
C:\gh\azure-sdk-for-net\sdk\storage\Microsoft.Azure.Management.Storage\tests\Tests\FileServiceTests.cs(580,50): error CS1061: 'FileShare' does not contain a definition for 'LeaseStatus' and no accessible extension method 'LeaseStatus' accepting a first argument of type 'FileShare' could be found (are you missing a using directive or an assembly reference?)
C:\gh\azure-sdk-for-net\sdk\storage\Microsoft.Azure.Management.Storage\tests\Tests\FileServiceTests.cs(583,107): error CS0246: The type or namespace name 'LeaseShareRequest' could not be found (are you missing a using directive or an assembly reference?)
C:\gh\azure-sdk-for-net\sdk\storage\Microsoft.Azure.Management.Storage\tests\Tests\FileServiceTests.cs(583,125): error CS0103: The name 'LeaseShareAction' does not exist in the current context
C:\gh\azure-sdk-for-net\sdk\storage\Microsoft.Azure.Management.Storage\tests\Tests\FileServiceTests.cs(587,107): error CS0246: The type or namespace name 'LeaseShareRequest' could not be found (are you missing a using directive or an assembly reference?)
C:\gh\azure-sdk-for-net\sdk\storage\Microsoft.Azure.Management.Storage\tests\Tests\FileServiceTests.cs(587,125): error CS0103: The name 'LeaseShareAction' does not exist in the current context
C:\gh\azure-sdk-for-net\sdk\storage\Microsoft.Azure.Management.Storage\tests\Tests\FileServiceTests.cs(591,107): error CS0246: The type or namespace name 'LeaseShareRequest' could not be found (are you missing a using directive or an assembly reference?)
C:\gh\azure-sdk-for-net\sdk\storage\Microsoft.Azure.Management.Storage\tests\Tests\FileServiceTests.cs(591,125): error CS0103: The name 'LeaseShareAction' does not exist in the current context
C:\gh\azure-sdk-for-net\sdk\storage\Microsoft.Azure.Management.Storage\tests\Tests\FileServiceTests.cs(596,107): error CS0246: The type or namespace name 'LeaseShareRequest' could not be found (are you missing a using directive or an assembly reference?)
C:\gh\azure-sdk-for-net\sdk\storage\Microsoft.Azure.Management.Storage\tests\Tests\FileServiceTests.cs(596,125): error CS0103: The name 'LeaseShareAction' does not exist in the current context
C:\gh\azure-sdk-for-net\sdk\storage\Microsoft.Azure.Management.Storage\tests\Tests\FileServiceTests.cs(603,111): error CS0246: The type or namespace name 'LeaseShareRequest' could not be found (are you missing a using directive or an assembly reference?)
C:\gh\azure-sdk-for-net\sdk\storage\Microsoft.Azure.Management.Storage\tests\Tests\FileServiceTests.cs(603,129): error CS0103: The name 'LeaseShareAction' does not exist in the current context
C:\gh\azure-sdk-for-net\sdk\storage\Microsoft.Azure.Management.Storage\tests\Tests\FileServiceTests.cs(610,57): error CS1061: 'FileShare' does not contain a definition for 'LeaseDuration' and no accessible extension method 'LeaseDuration' accepting a first argument of type 'FileShare' could be found (are you missing a using directive or an assembly reference?)
C:\gh\azure-sdk-for-net\sdk\storage\Microsoft.Azure.Management.Storage\tests\Tests\FileServiceTests.cs(611,58): error CS1061: 'FileShare' does not contain a definition for 'LeaseState' and no accessible extension method 'LeaseState' accepting a first argument of type 'FileShare' could be found (are you missing a using directive or an assembly reference?)
C:\gh\azure-sdk-for-net\sdk\storage\Microsoft.Azure.Management.Storage\tests\Tests\FileServiceTests.cs(612,58): error CS1061: 'FileShare' does not contain a definition for 'LeaseStatus' and no accessible extension method 'LeaseStatus' accepting a first argument of type 'FileShare' could be found (are you missing a using directive or an assembly reference?)
C:\gh\azure-sdk-for-net\sdk\storage\Microsoft.Azure.Management.Storage\tests\Tests\FileServiceTests.cs(618,93): error CS1739: The best overload for 'Delete' does not have a parameter named 'include'
C:\gh\azure-sdk-for-net\sdk\storage\Microsoft.Azure.Management.Storage\tests\Tests\FileServiceTests.cs(630,93): error CS1739: The best overload for 'Delete' does not have a parameter named 'include'
C:\gh\azure-sdk-for-net\sdk\storage\Microsoft.Azure.Management.Storage\tests\Tests\FileServiceTests.cs(642,93): error CS1739: The best overload for 'Delete' does not have a parameter named 'include'
C:\gh\azure-sdk-for-net\sdk\storage\Microsoft.Azure.Management.Storage\tests\Tests\FileServiceTests.cs(653,89): error CS1739: The best overload for 'Delete' does not have a parameter named 'include'
C:\gh\azure-sdk-for-net\sdk\storage\Microsoft.Azure.Management.Storage\tests\Tests\FileServiceTests.cs(697,26): error CS0246: The type or namespace name 'SignedIdentifier' could not be found (are you missing a using directive or an assembly reference?)
C:\gh\azure-sdk-for-net\sdk\storage\Microsoft.Azure.Management.Storage\tests\Tests\FileServiceTests.cs(697,60): error CS0246: The type or namespace name 'SignedIdentifier' could not be found (are you missing a using directive or an assembly reference?)
C:\gh\azure-sdk-for-net\sdk\storage\Microsoft.Azure.Management.Storage\tests\Tests\FileServiceTests.cs(704,21): error CS0246: The type or namespace name 'SignedIdentifier' could not be found (are you missing a using directive or an assembly reference?)
C:\gh\azure-sdk-for-net\sdk\storage\Microsoft.Azure.Management.Storage\tests\Tests\FileServiceTests.cs(704,49): error CS0246: The type or namespace name 'SignedIdentifier' could not be found (are you missing a using directive or an assembly reference?)
C:\gh\azure-sdk-for-net\sdk\storage\Microsoft.Azure.Management.Storage\tests\Tests\FileServiceTests.cs(705,29): error CS0246: The type or namespace name 'AccessPolicy' could not be found (are you missing a using directive or an assembly reference?)
C:\gh\azure-sdk-for-net\sdk\storage\Microsoft.Azure.Management.Storage\tests\Tests\FileServiceTests.cs(708,21): error CS0246: The type or namespace name 'SignedIdentifier' could not be found (are you missing a using directive or an assembly reference?)
C:\gh\azure-sdk-for-net\sdk\storage\Microsoft.Azure.Management.Storage\tests\Tests\FileServiceTests.cs(708,49): error CS0246: The type or namespace name 'SignedIdentifier' could not be found (are you missing a using directive or an assembly reference?)
C:\gh\azure-sdk-for-net\sdk\storage\Microsoft.Azure.Management.Storage\tests\Tests\FileServiceTests.cs(709,29): error CS0246: The type or namespace name 'AccessPolicy' could not be found (are you missing a using directive or an assembly reference?)
C:\gh\azure-sdk-for-net\sdk\storage\Microsoft.Azure.Management.Storage\tests\Tests\FileServiceTests.cs(716,111): error CS1739: The best overload for 'FileShare' does not have a parameter named 'signedIdentifiers'
C:\gh\azure-sdk-for-net\sdk\storage\Microsoft.Azure.Management.Storage\tests\Tests\FileServiceTests.cs(717,43): error CS1061: 'FileShare' does not contain a definition for 'SignedIdentifiers' and no accessible extension method 'SignedIdentifiers' accepting a first argument of type 'FileShare' could be found (are you missing a using directive or an assembly reference?)
C:\gh\azure-sdk-for-net\sdk\storage\Microsoft.Azure.Management.Storage\tests\Tests\FileServiceTests.cs(718,52): error CS1061: 'FileShare' does not contain a definition for 'SignedIdentifiers' and no accessible extension method 'SignedIdentifiers' accepting a first argument of type 'FileShare' could be found (are you missing a using directive or an assembly reference?)
C:\gh\azure-sdk-for-net\sdk\storage\Microsoft.Azure.Management.Storage\tests\Tests\FileServiceTests.cs(721,46): error CS1061: 'FileShare' does not contain a definition for 'SignedIdentifiers' and no accessible extension method 'SignedIdentifiers' accepting a first argument of type 'FileShare' could be found (are you missing a using directive or an assembly reference?)
C:\gh\azure-sdk-for-net\sdk\storage\Microsoft.Azure.Management.Storage\tests\Tests\FileServiceTests.cs(725,43): error CS1061: 'FileShare' does not contain a definition for 'SignedIdentifiers' and no accessible extension method 'SignedIdentifiers' accepting a first argument of type 'FileShare' could be found (are you missing a using directive or an assembly reference?)
C:\gh\azure-sdk-for-net\sdk\storage\Microsoft.Azure.Management.Storage\tests\Tests\FileServiceTests.cs(726,52): error CS1061: 'FileShare' does not contain a definition for 'SignedIdentifiers' and no accessible extension method 'SignedIdentifiers' accepting a first argument of type 'FileShare' could be found (are you missing a using directive or an assembly reference?)
C:\gh\azure-sdk-for-net\sdk\storage\Microsoft.Azure.Management.Storage\tests\Tests\FileServiceTests.cs(729,46): error CS1061: 'FileShare' does not contain a definition for 'SignedIdentifiers' and no accessible extension method 'SignedIdentifiers' accepting a first argument of type 'FileShare' could be found (are you missing a using directive or an assembly reference?)
C:\gh\azure-sdk-for-net\sdk\storage\Microsoft.Azure.Management.Storage\tests\Tests\BlobServiceTests.cs(1165,21): error CS0117: 'StorageAccountCreateParameters' does not contain a definition for 'AllowCrossTenantReplication'
C:\gh\azure-sdk-for-net\sdk\storage\Microsoft.Azure.Management.Storage\tests\Tests\BlobServiceTests.cs(1171,44): error CS1061: 'StorageAccount' does not contain a definition for 'AllowCrossTenantReplication' and no accessible extension method 'AllowCrossTenantReplication' accepting a first argument of type 'StorageAccount' could be found (are you missing a using directive or an assembly reference?)
C:\gh\azure-sdk-for-net\sdk\storage\Microsoft.Azure.Management.Storage\tests\Tests\BlobServiceTests.cs(1172,42): error CS1061: 'StorageAccount' does not contain a definition for 'AllowCrossTenantReplication' and no accessible extension method 'AllowCrossTenantReplication' accepting a first argument of type 'StorageAccount' could be found (are you missing a using directive or an assembly reference?)
C:\gh\azure-sdk-for-net\sdk\storage\Microsoft.Azure.Management.Storage\tests\Tests\BlobServiceTests.cs(1177,21): error CS0117: 'StorageAccountUpdateParameters' does not contain a definition for 'AllowCrossTenantReplication'
C:\gh\azure-sdk-for-net\sdk\storage\Microsoft.Azure.Management.Storage\tests\Tests\BlobServiceTests.cs(1182,43): error CS1061: 'StorageAccount' does not contain a definition for 'AllowCrossTenantReplication' and no accessible extension method 'AllowCrossTenantReplication' accepting a first argument of type 'StorageAccount' could be found (are you missing a using directive or an assembly reference?)
C:\gh\azure-sdk-for-net\sdk\storage\Microsoft.Azure.Management.Storage\tests\Tests\BlobServiceTests.cs(1183,41): error CS1061: 'StorageAccount' does not contain a definition for 'AllowCrossTenantReplication' and no accessible extension method 'AllowCrossTenantReplication' accepting a first argument of type 'StorageAccount' could be found (are you missing a using directive or an assembly reference?)
C:\gh\azure-sdk-for-net\sdk\storage\Microsoft.Azure.Management.Storage\tests\Tests\BlobServiceTests.cs(1394,79): error CS0246: The type or namespace name 'ImmutableStorageWithVersioning' could not be found (are you missing a using directive or an assembly reference?)
C:\gh\azure-sdk-for-net\sdk\storage\Microsoft.Azure.Management.Storage\tests\Tests\BlobServiceTests.cs(1394,43): error CS1739: The best overload for 'BlobContainer' does not have a parameter named 'immutableStorageWithVersioning'
C:\gh\azure-sdk-for-net\sdk\storage\Microsoft.Azure.Management.Storage\tests\Tests\BlobServiceTests.cs(1395,47): error CS1061: 'BlobContainer' does not contain a definition for 'ImmutableStorageWithVersioning' and no accessible extension method 'ImmutableStorageWithVersioning' accepting a first argument of type 'BlobContainer' could be found (are you missing a using directive or an assembly reference?)
C:\gh\azure-sdk-for-net\sdk\storage\Microsoft.Azure.Management.Storage\tests\Tests\BlobServiceTests.cs(1396,47): error CS1061: 'BlobContainer' does not contain a definition for 'ImmutableStorageWithVersioning' and no accessible extension method 'ImmutableStorageWithVersioning' accepting a first argument of type 'BlobContainer' could be found (are you missing a using directive or an assembly reference?)
C:\gh\azure-sdk-for-net\sdk\storage\Microsoft.Azure.Management.Storage\tests\Tests\BlobServiceTests.cs(1405,54): error CS1061: 'IBlobContainersOperations' does not contain a definition for 'ObjectLevelWorm' and no accessible extension method 'ObjectLevelWorm' accepting a first argument of type 'IBlobContainersOperations' could be found (are you missing a using directive or an assembly reference?)
C:\gh\azure-sdk-for-net\sdk\storage\Microsoft.Azure.Management.Storage\tests\Tests\BlobServiceTests.cs(1407,48): error CS1061: 'BlobContainer' does not contain a definition for 'ImmutableStorageWithVersioning' and no accessible extension method 'ImmutableStorageWithVersioning' accepting a first argument of type 'BlobContainer' could be found (are you missing a using directive or an assembly reference?)
C:\gh\azure-sdk-for-net\sdk\storage\Microsoft.Azure.Management.Storage\tests\Tests\BlobServiceTests.cs(1408,62): error CS1061: 'BlobContainer' does not contain a definition for 'ImmutableStorageWithVersioning' and no accessible extension method 'ImmutableStorageWithVersioning' accepting a first argument of type 'BlobContainer' could be found (are you missing a using directive or an assembly reference?)
C:\gh\azure-sdk-for-net\sdk\storage\Microsoft.Azure.Management.Storage\tests\Tests\StorageAccountTests.cs(2442,33): error CS0103: The name 'Format' does not exist in the current context
C:\gh\azure-sdk-for-net\sdk\storage\Microsoft.Azure.Management.Storage\tests\Tests\StorageAccountTests.cs(2443,35): error CS0103: The name 'Schedule' does not exist in the current context
C:\gh\azure-sdk-for-net\sdk\storage\Microsoft.Azure.Management.Storage\tests\Tests\StorageAccountTests.cs(2444,37): error CS0103: The name 'ObjectType' does not exist in the current context
C:\gh\azure-sdk-for-net\sdk\storage\Microsoft.Azure.Management.Storage\tests\Tests\StorageAccountTests.cs(2442,25): error CS1739: The best overload for 'BlobInventoryPolicyDefinition' does not have a parameter named 'format'
C:\gh\azure-sdk-for-net\sdk\storage\Microsoft.Azure.Management.Storage\tests\Tests\StorageAccountTests.cs(2435,53): error CS1729: 'BlobInventoryPolicyRule' does not contain a constructor that takes 4 arguments
C:\gh\azure-sdk-for-net\sdk\storage\Microsoft.Azure.Management.Storage\tests\Tests\StorageAccountTests.cs(2449,38): error CS7036: There is no argument given that corresponds to the required formal parameter 'blobTypes' of 'BlobInventoryPolicyFilter.BlobInventoryPolicyFilter(IList<string>, IList<string>, bool?, bool?)'
C:\gh\azure-sdk-for-net\sdk\storage\Microsoft.Azure.Management.Storage\tests\Tests\StorageAccountTests.cs(2451,33): error CS0103: The name 'Format' does not exist in the current context
C:\gh\azure-sdk-for-net\sdk\storage\Microsoft.Azure.Management.Storage\tests\Tests\StorageAccountTests.cs(2452,35): error CS0103: The name 'Schedule' does not exist in the current context
C:\gh\azure-sdk-for-net\sdk\storage\Microsoft.Azure.Management.Storage\tests\Tests\StorageAccountTests.cs(2453,37): error CS0103: The name 'ObjectType' does not exist in the current context
C:\gh\azure-sdk-for-net\sdk\storage\Microsoft.Azure.Management.Storage\tests\Tests\StorageAccountTests.cs(2451,25): error CS1739: The best overload for 'BlobInventoryPolicyDefinition' does not have a parameter named 'format'
C:\gh\azure-sdk-for-net\sdk\storage\Microsoft.Azure.Management.Storage\tests\Tests\StorageAccountTests.cs(2447,53): error CS1729: 'BlobInventoryPolicyRule' does not contain a constructor that takes 4 arguments
C:\gh\azure-sdk-for-net\sdk\storage\Microsoft.Azure.Management.Storage\tests\Tests\StorageAccountTests.cs(2460,33): error CS0103: The name 'Format' does not exist in the current context
C:\gh\azure-sdk-for-net\sdk\storage\Microsoft.Azure.Management.Storage\tests\Tests\StorageAccountTests.cs(2461,35): error CS0103: The name 'Schedule' does not exist in the current context
C:\gh\azure-sdk-for-net\sdk\storage\Microsoft.Azure.Management.Storage\tests\Tests\StorageAccountTests.cs(2462,37): error CS0103: The name 'ObjectType' does not exist in the current context
C:\gh\azure-sdk-for-net\sdk\storage\Microsoft.Azure.Management.Storage\tests\Tests\StorageAccountTests.cs(2460,25): error CS1739: The best overload for 'BlobInventoryPolicyDefinition' does not have a parameter named 'format'
C:\gh\azure-sdk-for-net\sdk\storage\Microsoft.Azure.Management.Storage\tests\Tests\StorageAccountTests.cs(2456,53): error CS1729: 'BlobInventoryPolicyRule' does not contain a constructor that takes 4 arguments
C:\gh\azure-sdk-for-net\sdk\storage\Microsoft.Azure.Management.Storage\tests\Tests\StorageAccountTests.cs(2467,33): error CS0103: The name 'Format' does not exist in the current context
C:\gh\azure-sdk-for-net\sdk\storage\Microsoft.Azure.Management.Storage\tests\Tests\StorageAccountTests.cs(2468,35): error CS0103: The name 'Schedule' does not exist in the current context
C:\gh\azure-sdk-for-net\sdk\storage\Microsoft.Azure.Management.Storage\tests\Tests\StorageAccountTests.cs(2469,37): error CS0103: The name 'ObjectType' does not exist in the current context
C:\gh\azure-sdk-for-net\sdk\storage\Microsoft.Azure.Management.Storage\tests\Tests\StorageAccountTests.cs(2467,25): error CS1739: The best overload for 'BlobInventoryPolicyDefinition' does not have a parameter named 'format'
C:\gh\azure-sdk-for-net\sdk\storage\Microsoft.Azure.Management.Storage\tests\Tests\StorageAccountTests.cs(2465,53): error CS1729: 'BlobInventoryPolicyRule' does not contain a constructor that takes 4 arguments
C:\gh\azure-sdk-for-net\sdk\storage\Microsoft.Azure.Management.Storage\tests\Tests\StorageAccountTests.cs(2474,56): error CS7036: There is no argument given that corresponds to the required formal parameter 'rules' of 'BlobInventoryPolicySchema.BlobInventoryPolicySchema(bool, string, IList<BlobInventoryPolicyRule>)'
C:\gh\azure-sdk-for-net\sdk\storage\Microsoft.Azure.Management.Storage\tests\Tests\StorageAccountTests.cs(2488,57): error CS7036: There is no argument given that corresponds to the required formal parameter 'rules' of 'BlobInventoryPolicySchema.BlobInventoryPolicySchema(bool, string, IList<BlobInventoryPolicyRule>)'
C:\gh\azure-sdk-for-net\sdk\storage\Microsoft.Azure.Management.Storage\tests\Tests\StorageAccountTests.cs(2529,48): error CS1061: 'BlobInventoryPolicyRule' does not contain a definition for 'Destination' and no accessible extension method 'Destination' accepting a first argument of type 'BlobInventoryPolicyRule' could be found (are you missing a using directive or an assembly reference?)
C:\gh\azure-sdk-for-net\sdk\storage\Microsoft.Azure.Management.Storage\tests\Tests\StorageAccountTests.cs(2529,72): error CS1061: 'BlobInventoryPolicyRule' does not contain a definition for 'Destination' and no accessible extension method 'Destination' accepting a first argument of type 'BlobInventoryPolicyRule' could be found (are you missing a using directive or an assembly reference?)
C:\gh\azure-sdk-for-net\sdk\storage\Microsoft.Azure.Management.Storage\tests\Tests\StorageAccountTests.cs(2542,59): error CS1061: 'BlobInventoryPolicyDefinition' does not contain a definition for 'Format' and no accessible extension method 'Format' accepting a first argument of type 'BlobInventoryPolicyDefinition' could be found (are you missing a using directive or an assembly reference?)
C:\gh\azure-sdk-for-net\sdk\storage\Microsoft.Azure.Management.Storage\tests\Tests\StorageAccountTests.cs(2542,89): error CS1061: 'BlobInventoryPolicyDefinition' does not contain a definition for 'Format' and no accessible extension method 'Format' accepting a first argument of type 'BlobInventoryPolicyDefinition' could be found (are you missing a using directive or an assembly reference?)
C:\gh\azure-sdk-for-net\sdk\storage\Microsoft.Azure.Management.Storage\tests\Tests\StorageAccountTests.cs(2543,59): error CS1061: 'BlobInventoryPolicyDefinition' does not contain a definition for 'ObjectType' and no accessible extension method 'ObjectType' accepting a first argument of type 'BlobInventoryPolicyDefinition' could be found (are you missing a using directive or an assembly reference?)
C:\gh\azure-sdk-for-net\sdk\storage\Microsoft.Azure.Management.Storage\tests\Tests\StorageAccountTests.cs(2543,93): error CS1061: 'BlobInventoryPolicyDefinition' does not contain a definition for 'ObjectType' and no accessible extension method 'ObjectType' accepting a first argument of type 'BlobInventoryPolicyDefinition' could be found (are you missing a using directive or an assembly reference?)
C:\gh\azure-sdk-for-net\sdk\storage\Microsoft.Azure.Management.Storage\tests\Tests\StorageAccountTests.cs(2544,59): error CS1061: 'BlobInventoryPolicyDefinition' does not contain a definition for 'Schedule' and no accessible extension method 'Schedule' accepting a first argument of type 'BlobInventoryPolicyDefinition' could be found (are you missing a using directive or an assembly reference?)
C:\gh\azure-sdk-for-net\sdk\storage\Microsoft.Azure.Management.Storage\tests\Tests\StorageAccountTests.cs(2544,91): error CS1061: 'BlobInventoryPolicyDefinition' does not contain a definition for 'Schedule' and no accessible extension method 'Schedule' accepting a first argument of type 'BlobInventoryPolicyDefinition' could be found (are you missing a using directive or an assembly reference?)
C:\gh\azure-sdk-for-net\sdk\storage\Microsoft.Azure.Management.Storage\tests\Tests\StorageAccountTests.cs(2545,59): error CS1061: 'BlobInventoryPolicyDefinition' does not contain a definition for 'SchemaFields' and no accessible extension method 'SchemaFields' accepting a first argument of type 'BlobInventoryPolicyDefinition' could be found (are you missing a using directive or an assembly reference?)
C:\gh\azure-sdk-for-net\sdk\storage\Microsoft.Azure.Management.Storage\tests\Tests\StorageAccountTests.cs(2545,101): error CS1061: 'BlobInventoryPolicyDefinition' does not contain a definition for 'SchemaFields' and no accessible extension method 'SchemaFields' accepting a first argument of type 'BlobInventoryPolicyDefinition' could be found (are you missing a using directive or an assembly reference?)
C:\gh\azure-sdk-for-net\sdk\storage\Microsoft.Azure.Management.Storage\tests\Tests\StorageAccountTests.cs(2546,71): error CS1061: 'BlobInventoryPolicyDefinition' does not contain a definition for 'SchemaFields' and no accessible extension method 'SchemaFields' accepting a first argument of type 'BlobInventoryPolicyDefinition' could be found (are you missing a using directive or an assembly reference?)
C:\gh\azure-sdk-for-net\sdk\storage\Microsoft.Azure.Management.Storage\tests\Tests\StorageAccountTests.cs(2548,63): error CS1061: 'BlobInventoryPolicyDefinition' does not contain a definition for 'SchemaFields' and no accessible extension method 'SchemaFields' accepting a first argument of type 'BlobInventoryPolicyDefinition' could be found (are you missing a using directive or an assembly reference?)
C:\gh\azure-sdk-for-net\sdk\storage\Microsoft.Azure.Management.Storage\tests\Tests\QueueServiceTests.cs(27,1): hidden CS8019: Unnecessary using directive.
C:\gh\azure-sdk-for-net\sdk\storage\Microsoft.Azure.Management.Storage\tests\Tests\FileServiceTests.cs(25,1): hidden CS8019: Unnecessary using directive.
C:\gh\azure-sdk-for-net\sdk\storage\Microsoft.Azure.Management.Storage\tests\Helpers\StorageManagementTestUtilities.cs(17,1): hidden CS8019: Unnecessary using directive.
C:\gh\azure-sdk-for-net\sdk\storage\Microsoft.Azure.Management.Storage\tests\Tests\BlobServiceTests.cs(18,1): hidden CS8019: Unnecessary using directive.
C:\gh\azure-sdk-for-net\sdk\storage\Microsoft.Azure.Management.Storage\tests\Tests\StorageAccountTests.cs(24,1): hidden CS8019: Unnecessary using directive.
C:\gh\azure-sdk-for-net\sdk\storage\Microsoft.Azure.Management.Storage\tests\Helpers\StorageManagementTestUtilities.cs(4,1): hidden CS8019: Unnecessary using directive.
C:\gh\azure-sdk-for-net\sdk\storage\Microsoft.Azure.Management.Storage\tests\Tests\QueueServiceTests.cs(18,1): hidden CS8019: Unnecessary using directive.
C:\gh\azure-sdk-for-net\sdk\storage\Microsoft.Azure.Management.Storage\tests\Helpers\StorageManagementTestUtilities.cs(20,1): hidden CS8019: Unnecessary using directive.
C:\gh\azure-sdk-for-net\artifacts\obj\Microsoft.Azure.Management.Storage.Tests\Debug\netcoreapp2.0\.NETCoreApp,Version=v2.0.AssemblyAttributes.cs(2,1): hidden CS8019: Unnecessary using directive.
C:\gh\azure-sdk-for-net\sdk\storage\Microsoft.Azure.Management.Storage\tests\Tests\QueueServiceTests.cs(20,1): hidden CS8019: Unnecessary using directive.
C:\gh\azure-sdk-for-net\sdk\storage\Microsoft.Azure.Management.Storage\tests\Tests\QueueServiceTests.cs(25,1): hidden CS8019: Unnecessary using directive.
C:\gh\azure-sdk-for-net\sdk\storage\Microsoft.Azure.Management.Storage\tests\Tests\QueueServiceTests.cs(21,1): hidden CS8019: Unnecessary using directive.
C:\gh\azure-sdk-for-net\sdk\storage\Microsoft.Azure.Management.Storage\tests\Tests\FileServiceTests.cs(19,1): hidden CS8019: Unnecessary using directive.
C:\gh\azure-sdk-for-net\sdk\storage\Microsoft.Azure.Management.Storage\tests\Properties\AssemblyInfo.cs(5,1): hidden CS8019: Unnecessary using directive.
C:\gh\azure-sdk-for-net\sdk\storage\Microsoft.Azure.Management.Storage\tests\Tests\StorageAccountTests.cs(19,1): hidden CS8019: Unnecessary using directive.
C:\gh\azure-sdk-for-net\sdk\storage\Microsoft.Azure.Management.Storage\tests\Helpers\StorageManagementTestUtilities.cs(16,1): hidden CS8019: Unnecessary using directive.
C:\gh\azure-sdk-for-net\sdk\storage\Microsoft.Azure.Management.Storage\tests\Tests\FileServiceTests.cs(26,1): hidden CS8019: Unnecessary using directive.
C:\gh\azure-sdk-for-net\sdk\storage\Microsoft.Azure.Management.Storage\tests\Helpers\StorageManagementTestUtilities.cs(19,1): hidden CS8019: Unnecessary using directive.
C:\gh\azure-sdk-for-net\sdk\storage\Microsoft.Azure.Management.Storage\tests\Tests\FileServiceTests.cs(22,1): hidden CS8019: Unnecessary using directive.
C:\gh\azure-sdk-for-net\sdk\storage\Microsoft.Azure.Management.Storage\tests\Tests\BlobServiceTests.cs(19,1): hidden CS8019: Unnecessary using directive.
C:\gh\azure-sdk-for-net\sdk\storage\Microsoft.Azure.Management.Storage\tests\Tests\QueueServiceTests.cs(19,1): hidden CS8019: Unnecessary using directive.
C:\gh\azure-sdk-for-net\sdk\storage\Microsoft.Azure.Management.Storage\tests\Tests\StorageAccountTests.cs(22,1): hidden CS8019: Unnecessary using directive.
C:\gh\azure-sdk-for-net\sdk\storage\Microsoft.Azure.Management.Storage\tests\Tests\FileServiceTests.cs(16,1): hidden CS8019: Unnecessary using directive.
C:\gh\azure-sdk-for-net\artifacts\obj\Microsoft.Azure.Management.Storage.Tests\Debug\netcoreapp2.0\Microsoft.Azure.Management.Storage.Tests.AssemblyInfo.cs(11,1): hidden CS8019: Unnecessary using directive.
C:\gh\azure-sdk-for-net\sdk\storage\Microsoft.Azure.Management.Storage\tests\Tests\QueueServiceTests.cs(26,1): hidden CS8019: Unnecessary using directive.
C:\gh\azure-sdk-for-net\sdk\storage\Microsoft.Azure.Management.Storage\tests\Tests\BlobServiceTests.cs(22,1): hidden CS8019: Unnecessary using directive.
C:\gh\azure-sdk-for-net\sdk\storage\Microsoft.Azure.Management.Storage\tests\Tests\FileServiceTests.cs(23,1): hidden CS8019: Unnecessary using directive.
C:\gh\azure-sdk-for-net\sdk\storage\Microsoft.Azure.Management.Storage\tests\Tests\QueueServiceTests.cs(22,1): hidden CS8019: Unnecessary using directive.
C:\gh\azure-sdk-for-net\artifacts\obj\Microsoft.Azure.Management.Storage.Tests\Debug\netcoreapp2.0\Microsoft.Azure.Management.Storage.Tests.Program.cs(2,1): hidden CS8019: Unnecessary using directive.
C:\gh\azure-sdk-for-net\sdk\storage\Microsoft.Azure.Management.Storage\tests\Tests\BlobServiceTests.cs(16,1): hidden CS8019: Unnecessary using directive.
C:\gh\azure-sdk-for-net\sdk\storage\Microsoft.Azure.Management.Storage\tests\Tests\QueueServiceTests.cs(16,1): hidden CS8019: Unnecessary using directive.
C:\gh\azure-sdk-for-net\sdk\storage\Microsoft.Azure.Management.Storage\tests\Tests\QueueServiceTests.cs(4,1): hidden CS8019: Unnecessary using directive.
C:\gh\azure-sdk-for-net\sdk\storage\Microsoft.Azure.Management.Storage\tests\Properties\AssemblyInfo.cs(7,1): hidden CS8019: Unnecessary using directive.
C:\gh\azure-sdk-for-net\artifacts\obj\Microsoft.Azure.Management.Storage.Tests\Debug\netcoreapp2.0\Microsoft.Azure.Management.Storage.Tests.AssemblyInfo.cs(10,1): hidden CS8019: Unnecessary using directive.
C:\gh\azure-sdk-for-net\sdk\storage\Microsoft.Azure.Management.Storage\tests\Tests\BlobServiceTests.cs(23,1): hidden CS8019: Unnecessary using directive.
C:\gh\azure-sdk-for-net\sdk\storage\Microsoft.Azure.Management.Storage\tests\Tests\QueueServiceTests.cs(23,1): hidden CS8019: Unnecessary using directive.
C:\gh\azure-sdk-for-net\sdk\storage\Microsoft.Azure.Management.Storage\tests\Tests\FileServiceTests.cs(27,1): hidden CS8019: Unnecessary using directive.
C:\gh\azure-sdk-for-net\sdk\storage\Microsoft.Azure.Management.Storage\tests\Tests\FileServiceTests.cs(18,1): hidden CS8019: Unnecessary using directive.
C:\gh\azure-sdk-for-net\sdk\storage\Microsoft.Azure.Management.Storage\tests\Tests\StorageAccountTests.cs(18,1): hidden CS8019: Unnecessary using directive.
C:\gh\azure-sdk-for-net\artifacts\obj\Microsoft.Azure.Management.Storage.Tests\Debug\netcoreapp2.0\.NETCoreApp,Version=v2.0.AssemblyAttributes.cs(3,1): hidden CS8019: Unnecessary using directive.
C:\gh\azure-sdk-for-net\sdk\storage\Microsoft.Azure.Management.Storage\tests\Tests\FileServiceTests.cs(20,1): hidden CS8019: Unnecessary using directive.
C:\gh\azure-sdk-for-net\sdk\storage\Microsoft.Azure.Management.Storage\tests\Tests\StorageAccountTests.cs(20,1): hidden CS8019: Unnecessary using directive.
C:\gh\azure-sdk-for-net\eng\mgmt\DisableTestRunParallel.cs(4,1): hidden CS8019: Unnecessary using directive.
C:\gh\azure-sdk-for-net\sdk\storage\Microsoft.Azure.Management.Storage\tests\Tests\BlobServiceTests.cs(27,1): hidden CS8019: Unnecessary using directive.
