error CS1705: Assembly 'Azure.Core.TestFramework' with identity 'Azure.Core.TestFramework, Version=1.0.0.0, Culture=neutral, PublicKeyToken=6a281e58f0dfecb7' uses 'Azure.Core, Version=1.15.0.0, Culture=neutral, PublicKeyToken=92742159e12e44c8' which has a higher version than referenced assembly 'Azure.Core' with identity 'Azure.Core, Version=1.14.0.0, Culture=neutral, PublicKeyToken=92742159e12e44c8'
C:\gh\azure-sdk-for-net\sdk\translation\Azure.AI.Translation.Document\tests\samples\SampleSnippets.cs(41,75): error CS1503: Argument 2: cannot convert from 'Azure.Core.TestFramework.SamplesBase<Azure.AI.Translation.Document.Tests.DocumentTranslationTestEnvironment>.DefaultAzureCredential' to 'Azure.AzureKeyCredential'
error CS1705: Assembly 'Azure.Core.TestFramework' with identity 'Azure.Core.TestFramework, Version=1.0.0.0, Culture=neutral, PublicKeyToken=6a281e58f0dfecb7' uses 'Azure.Core, Version=1.15.0.0, Culture=neutral, PublicKeyToken=92742159e12e44c8' which has a higher version than referenced assembly 'Azure.Core' with identity 'Azure.Core, Version=1.14.0.0, Culture=neutral, PublicKeyToken=92742159e12e44c8'
error CS1705: Assembly 'Azure.Core.TestFramework' with identity 'Azure.Core.TestFramework, Version=1.0.0.0, Culture=neutral, PublicKeyToken=6a281e58f0dfecb7' uses 'Azure.Core, Version=1.15.0.0, Culture=neutral, PublicKeyToken=92742159e12e44c8' which has a higher version than referenced assembly 'Azure.Core' with identity 'Azure.Core, Version=1.14.0.0, Culture=neutral, PublicKeyToken=92742159e12e44c8'
C:\gh\azure-sdk-for-net\sdk\translation\Azure.AI.Translation.Document\tests\Infrastructure\DocumentTranslationLiveTestBase.cs(54,109): error CS1705: Assembly 'Azure.Core.TestFramework' with identity 'Azure.Core.TestFramework, Version=1.0.0.0, Culture=neutral, PublicKeyToken=6a281e58f0dfecb7' uses 'Azure.Core, Version=1.15.0.0, Culture=neutral, PublicKeyToken=92742159e12e44c8' which has a higher version than referenced assembly 'Azure.Core' with identity 'Azure.Core, Version=1.14.0.0, Culture=neutral, PublicKeyToken=92742159e12e44c8'
C:\gh\azure-sdk-for-net\sdk\translation\Azure.AI.Translation.Document\tests\Infrastructure\DocumentTranslationLiveTestBase.cs(59,93): error CS1705: Assembly 'Azure.Core.TestFramework' with identity 'Azure.Core.TestFramework, Version=1.0.0.0, Culture=neutral, PublicKeyToken=6a281e58f0dfecb7' uses 'Azure.Core, Version=1.15.0.0, Culture=neutral, PublicKeyToken=92742159e12e44c8' which has a higher version than referenced assembly 'Azure.Core' with identity 'Azure.Core, Version=1.14.0.0, Culture=neutral, PublicKeyToken=92742159e12e44c8'
C:\gh\azure-sdk-for-net\sdk\translation\Azure.AI.Translation.Document\tests\Infrastructure\DocumentTranslationLiveTestBase.cs(65,117): error CS1705: Assembly 'Azure.Core.TestFramework' with identity 'Azure.Core.TestFramework, Version=1.0.0.0, Culture=neutral, PublicKeyToken=6a281e58f0dfecb7' uses 'Azure.Core, Version=1.15.0.0, Culture=neutral, PublicKeyToken=92742159e12e44c8' which has a higher version than referenced assembly 'Azure.Core' with identity 'Azure.Core, Version=1.14.0.0, Culture=neutral, PublicKeyToken=92742159e12e44c8'
C:\gh\azure-sdk-for-net\sdk\translation\Azure.AI.Translation.Document\tests\DocumentTranslationClientLiveTests.cs(88,71): error CS1061: 'DocumentTranslationClient' does not contain a definition for 'GetAllTranslationStatusesAsync' and no accessible extension method 'GetAllTranslationStatusesAsync' accepting a first argument of type 'DocumentTranslationClient' could be found (are you missing a using directive or an assembly reference?)
C:\gh\azure-sdk-for-net\sdk\translation\Azure.AI.Translation.Document\tests\samples\Sample_MultipleInputs.cs(85,77): error CS1061: 'DocumentStatusResult' does not contain a definition for 'TranslatedTo' and no accessible extension method 'TranslatedTo' accepting a first argument of type 'DocumentStatusResult' could be found (are you missing a using directive or an assembly reference?)
C:\gh\azure-sdk-for-net\sdk\translation\Azure.AI.Translation.Document\tests\TranslationOperationLiveTests.cs(222,59): error CS1061: 'DocumentStatusResult' does not contain a definition for 'TranslatedTo' and no accessible extension method 'TranslatedTo' accepting a first argument of type 'DocumentStatusResult' could be found (are you missing a using directive or an assembly reference?)
C:\gh\azure-sdk-for-net\sdk\translation\Azure.AI.Translation.Document\tests\TranslationOperationLiveTests.cs(222,100): error CS1061: 'DocumentStatusResult' does not contain a definition for 'TranslatedTo' and no accessible extension method 'TranslatedTo' accepting a first argument of type 'DocumentStatusResult' could be found (are you missing a using directive or an assembly reference?)
C:\gh\azure-sdk-for-net\sdk\translation\Azure.AI.Translation.Document\tests\samples\Sample_MultipleInputsAsync.cs(58,77): error CS1061: 'DocumentStatusResult' does not contain a definition for 'TranslatedTo' and no accessible extension method 'TranslatedTo' accepting a first argument of type 'DocumentStatusResult' could be found (are you missing a using directive or an assembly reference?)
C:\gh\azure-sdk-for-net\sdk\translation\Azure.AI.Translation.Document\tests\samples\Sample_OperationsHistory.cs(34,74): error CS1061: 'DocumentTranslationClient' does not contain a definition for 'GetAllTranslationStatuses' and no accessible extension method 'GetAllTranslationStatuses' accepting a first argument of type 'DocumentTranslationClient' could be found (are you missing a using directive or an assembly reference?)
C:\gh\azure-sdk-for-net\sdk\translation\Azure.AI.Translation.Document\tests\samples\Sample_OperationsHistoryAsync.cs(31,80): error CS1061: 'DocumentTranslationClient' does not contain a definition for 'GetAllTranslationStatusesAsync' and no accessible extension method 'GetAllTranslationStatusesAsync' accepting a first argument of type 'DocumentTranslationClient' could be found (are you missing a using directive or an assembly reference?)
C:\gh\azure-sdk-for-net\sdk\translation\Azure.AI.Translation.Document\tests\samples\Sample_PollIndividualDocuments.cs(53,77): error CS1061: 'DocumentStatusResult' does not contain a definition for 'TranslatedTo' and no accessible extension method 'TranslatedTo' accepting a first argument of type 'DocumentStatusResult' could be found (are you missing a using directive or an assembly reference?)
C:\gh\azure-sdk-for-net\sdk\translation\Azure.AI.Translation.Document\tests\samples\Sample_PollIndividualDocumentsAsync.cs(54,77): error CS1061: 'DocumentStatusResult' does not contain a definition for 'TranslatedTo' and no accessible extension method 'TranslatedTo' accepting a first argument of type 'DocumentStatusResult' could be found (are you missing a using directive or an assembly reference?)
C:\gh\azure-sdk-for-net\sdk\translation\Azure.AI.Translation.Document\tests\TranslationOperationLiveTests.cs(416,51): error CS1061: 'DocumentStatusResult' does not contain a definition for 'TranslatedTo' and no accessible extension method 'TranslatedTo' accepting a first argument of type 'DocumentStatusResult' could be found (are you missing a using directive or an assembly reference?)
C:\gh\azure-sdk-for-net\sdk\translation\Azure.AI.Translation.Document\tests\samples\Sample_StartTranslation.cs(68,77): error CS1061: 'DocumentStatusResult' does not contain a definition for 'TranslatedTo' and no accessible extension method 'TranslatedTo' accepting a first argument of type 'DocumentStatusResult' could be found (are you missing a using directive or an assembly reference?)
C:\gh\azure-sdk-for-net\sdk\translation\Azure.AI.Translation.Document\tests\samples\Sample_StartTranslationAsync.cs(50,77): error CS1061: 'DocumentStatusResult' does not contain a definition for 'TranslatedTo' and no accessible extension method 'TranslatedTo' accepting a first argument of type 'DocumentStatusResult' could be found (are you missing a using directive or an assembly reference?)
C:\gh\azure-sdk-for-net\sdk\translation\Azure.AI.Translation.Document\tests\samples\Sample_StartTranslationWithAzureBlob.cs(104,110): error CS1061: 'DocumentStatusResult' does not contain a definition for 'TranslatedTo' and no accessible extension method 'TranslatedTo' accepting a first argument of type 'DocumentStatusResult' could be found (are you missing a using directive or an assembly reference?)
C:\gh\azure-sdk-for-net\artifacts\obj\Azure.AI.Translation.Document.Tests\Debug\net461\Azure.AI.Translation.Document.Tests.AssemblyInfo.cs(11,1): hidden CS8019: Unnecessary using directive.
C:\gh\azure-sdk-for-net\artifacts\obj\Azure.AI.Translation.Document.Tests\Debug\net461\.NETFramework,Version=v4.6.1.AssemblyAttributes.cs(3,1): hidden CS8019: Unnecessary using directive.
C:\gh\azure-sdk-for-net\artifacts\obj\Azure.AI.Translation.Document.Tests\Debug\net461\.NETFramework,Version=v4.6.1.AssemblyAttributes.cs(2,1): hidden CS8019: Unnecessary using directive.
C:\gh\azure-sdk-for-net\artifacts\obj\Azure.AI.Translation.Document.Tests\Debug\net461\Azure.AI.Translation.Document.Tests.AssemblyInfo.cs(12,1): hidden CS8019: Unnecessary using directive.
