C:\gh\azure-sdk-for-net\sdk\customproviders\Microsoft.Azure.Management.CustomProviders\tests\Helpers\CustomProvidersTestBase.cs(11,37): error CS0246: The type or namespace name 'TestBase' could not be found (are you missing a using directive or an assembly reference?)
C:\gh\azure-sdk-for-net\sdk\customproviders\Microsoft.Azure.Management.CustomProviders\tests\Helpers\CustomProvidersTestBase.cs(11,47): error CS0246: The type or namespace name 'IDisposable' could not be found (are you missing a using directive or an assembly reference?)
C:\gh\azure-sdk-for-net\sdk\customproviders\Microsoft.Azure.Management.CustomProviders\tests\Tests\CustomResourceProviderTests.cs(14,23): error CS0518: Predefined type 'System.String' is not defined or imported
C:\gh\azure-sdk-for-net\sdk\customproviders\Microsoft.Azure.Management.CustomProviders\tests\Tests\CustomResourceProviderTests.cs(15,23): error CS0518: Predefined type 'System.String' is not defined or imported
C:\gh\azure-sdk-for-net\sdk\customproviders\Microsoft.Azure.Management.CustomProviders\tests\Tests\CustomResourceProviderTests.cs(16,23): error CS0518: Predefined type 'System.String' is not defined or imported
C:\gh\azure-sdk-for-net\sdk\customproviders\Microsoft.Azure.Management.CustomProviders\tests\Tests\CustomResourceProviderTests.cs(17,23): error CS0518: Predefined type 'System.String' is not defined or imported
C:\gh\azure-sdk-for-net\sdk\customproviders\Microsoft.Azure.Management.CustomProviders\tests\Tests\CustomResourceProviderTests.cs(18,23): error CS0518: Predefined type 'System.String' is not defined or imported
C:\gh\azure-sdk-for-net\sdk\customproviders\Microsoft.Azure.Management.CustomProviders\tests\Tests\CustomResourceProviderTests.cs(12,48): error CS0246: The type or namespace name 'TestBase' could not be found (are you missing a using directive or an assembly reference?)
C:\gh\azure-sdk-for-net\sdk\customproviders\Microsoft.Azure.Management.CustomProviders\tests\Helpers\CustomProvidersTestBase.cs(15,40): error CS0518: Predefined type 'System.Object' is not defined or imported
C:\gh\azure-sdk-for-net\sdk\customproviders\Microsoft.Azure.Management.CustomProviders\tests\Helpers\CustomProvidersTestBase.cs(15,40): error CS0246: The type or namespace name 'MockContext' could not be found (are you missing a using directive or an assembly reference?)
C:\gh\azure-sdk-for-net\sdk\customproviders\Microsoft.Azure.Management.CustomProviders\tests\Helpers\CustomProvidersTestBase.cs(15,9): error CS0518: Predefined type 'System.Void' is not defined or imported
C:\gh\azure-sdk-for-net\sdk\customproviders\Microsoft.Azure.Management.CustomProviders\tests\Tests\CustomResourceProviderTests.cs(14,50): error CS0518: Predefined type 'System.String' is not defined or imported
C:\gh\azure-sdk-for-net\sdk\customproviders\Microsoft.Azure.Management.CustomProviders\tests\Helpers\CustomProvidersTestBase.cs(20,16): error CS0518: Predefined type 'System.Void' is not defined or imported
C:\gh\azure-sdk-for-net\sdk\customproviders\Microsoft.Azure.Management.CustomProviders\tests\Tests\CustomResourceProviderTests.cs(15,53): error CS0518: Predefined type 'System.String' is not defined or imported
C:\gh\azure-sdk-for-net\sdk\customproviders\Microsoft.Azure.Management.CustomProviders\tests\Tests\CustomResourceProviderTests.cs(21,16): error CS0518: Predefined type 'System.Void' is not defined or imported
C:\gh\azure-sdk-for-net\sdk\customproviders\Microsoft.Azure.Management.CustomProviders\tests\Tests\CustomResourceProviderTests.cs(17,48): error CS0518: Predefined type 'System.String' is not defined or imported
C:\gh\azure-sdk-for-net\sdk\customproviders\Microsoft.Azure.Management.CustomProviders\tests\Tests\CustomResourceProviderTests.cs(18,44): error CS0518: Predefined type 'System.String' is not defined or imported
C:\gh\azure-sdk-for-net\sdk\customproviders\Microsoft.Azure.Management.CustomProviders\tests\Tests\CustomResourceProviderTests.cs(16,41): error CS0518: Predefined type 'System.String' is not defined or imported
C:\gh\azure-sdk-for-net\sdk\customproviders\Microsoft.Azure.Management.CustomProviders\tests\Properties\AssemblyInfo.cs(11,12): error CS0246: The type or namespace name 'AssemblyTitleAttribute' could not be found (are you missing a using directive or an assembly reference?)
C:\gh\azure-sdk-for-net\sdk\customproviders\Microsoft.Azure.Management.CustomProviders\tests\Properties\AssemblyInfo.cs(11,12): error CS0246: The type or namespace name 'AssemblyTitle' could not be found (are you missing a using directive or an assembly reference?)
C:\gh\azure-sdk-for-net\sdk\customproviders\Microsoft.Azure.Management.CustomProviders\tests\Properties\AssemblyInfo.cs(12,12): error CS0246: The type or namespace name 'AssemblyDescriptionAttribute' could not be found (are you missing a using directive or an assembly reference?)
C:\gh\azure-sdk-for-net\sdk\customproviders\Microsoft.Azure.Management.CustomProviders\tests\Properties\AssemblyInfo.cs(12,12): error CS0246: The type or namespace name 'AssemblyDescription' could not be found (are you missing a using directive or an assembly reference?)
C:\gh\azure-sdk-for-net\sdk\customproviders\Microsoft.Azure.Management.CustomProviders\tests\Properties\AssemblyInfo.cs(13,12): error CS0246: The type or namespace name 'AssemblyConfigurationAttribute' could not be found (are you missing a using directive or an assembly reference?)
C:\gh\azure-sdk-for-net\sdk\customproviders\Microsoft.Azure.Management.CustomProviders\tests\Properties\AssemblyInfo.cs(13,12): error CS0246: The type or namespace name 'AssemblyConfiguration' could not be found (are you missing a using directive or an assembly reference?)
C:\gh\azure-sdk-for-net\sdk\customproviders\Microsoft.Azure.Management.CustomProviders\tests\Properties\AssemblyInfo.cs(14,12): error CS0246: The type or namespace name 'AssemblyCompanyAttribute' could not be found (are you missing a using directive or an assembly reference?)
C:\gh\azure-sdk-for-net\sdk\customproviders\Microsoft.Azure.Management.CustomProviders\tests\Properties\AssemblyInfo.cs(14,12): error CS0246: The type or namespace name 'AssemblyCompany' could not be found (are you missing a using directive or an assembly reference?)
C:\gh\azure-sdk-for-net\sdk\customproviders\Microsoft.Azure.Management.CustomProviders\tests\Properties\AssemblyInfo.cs(15,12): error CS0246: The type or namespace name 'AssemblyProductAttribute' could not be found (are you missing a using directive or an assembly reference?)
C:\gh\azure-sdk-for-net\sdk\customproviders\Microsoft.Azure.Management.CustomProviders\tests\Properties\AssemblyInfo.cs(15,12): error CS0246: The type or namespace name 'AssemblyProduct' could not be found (are you missing a using directive or an assembly reference?)
C:\gh\azure-sdk-for-net\sdk\customproviders\Microsoft.Azure.Management.CustomProviders\tests\Properties\AssemblyInfo.cs(16,12): error CS0246: The type or namespace name 'AssemblyCopyrightAttribute' could not be found (are you missing a using directive or an assembly reference?)
C:\gh\azure-sdk-for-net\sdk\customproviders\Microsoft.Azure.Management.CustomProviders\tests\Properties\AssemblyInfo.cs(16,12): error CS0246: The type or namespace name 'AssemblyCopyright' could not be found (are you missing a using directive or an assembly reference?)
C:\gh\azure-sdk-for-net\sdk\customproviders\Microsoft.Azure.Management.CustomProviders\tests\Properties\AssemblyInfo.cs(17,12): error CS0246: The type or namespace name 'AssemblyTrademarkAttribute' could not be found (are you missing a using directive or an assembly reference?)
C:\gh\azure-sdk-for-net\sdk\customproviders\Microsoft.Azure.Management.CustomProviders\tests\Properties\AssemblyInfo.cs(17,12): error CS0246: The type or namespace name 'AssemblyTrademark' could not be found (are you missing a using directive or an assembly reference?)
C:\gh\azure-sdk-for-net\sdk\customproviders\Microsoft.Azure.Management.CustomProviders\tests\Properties\AssemblyInfo.cs(18,12): error CS0246: The type or namespace name 'AssemblyCultureAttribute' could not be found (are you missing a using directive or an assembly reference?)
C:\gh\azure-sdk-for-net\sdk\customproviders\Microsoft.Azure.Management.CustomProviders\tests\Properties\AssemblyInfo.cs(18,12): error CS0246: The type or namespace name 'AssemblyCulture' could not be found (are you missing a using directive or an assembly reference?)
C:\gh\azure-sdk-for-net\sdk\customproviders\Microsoft.Azure.Management.CustomProviders\tests\Properties\AssemblyInfo.cs(23,12): error CS0246: The type or namespace name 'ComVisibleAttribute' could not be found (are you missing a using directive or an assembly reference?)
C:\gh\azure-sdk-for-net\sdk\customproviders\Microsoft.Azure.Management.CustomProviders\tests\Properties\AssemblyInfo.cs(23,12): error CS0246: The type or namespace name 'ComVisible' could not be found (are you missing a using directive or an assembly reference?)
C:\gh\azure-sdk-for-net\sdk\customproviders\Microsoft.Azure.Management.CustomProviders\tests\Properties\AssemblyInfo.cs(26,12): error CS0246: The type or namespace name 'GuidAttribute' could not be found (are you missing a using directive or an assembly reference?)
C:\gh\azure-sdk-for-net\sdk\customproviders\Microsoft.Azure.Management.CustomProviders\tests\Properties\AssemblyInfo.cs(26,12): error CS0246: The type or namespace name 'Guid' could not be found (are you missing a using directive or an assembly reference?)
C:\gh\azure-sdk-for-net\sdk\customproviders\Microsoft.Azure.Management.CustomProviders\tests\Properties\AssemblyInfo.cs(38,12): error CS0246: The type or namespace name 'AssemblyVersionAttribute' could not be found (are you missing a using directive or an assembly reference?)
C:\gh\azure-sdk-for-net\sdk\customproviders\Microsoft.Azure.Management.CustomProviders\tests\Properties\AssemblyInfo.cs(38,12): error CS0246: The type or namespace name 'AssemblyVersion' could not be found (are you missing a using directive or an assembly reference?)
C:\gh\azure-sdk-for-net\sdk\customproviders\Microsoft.Azure.Management.CustomProviders\tests\Properties\AssemblyInfo.cs(39,12): error CS0246: The type or namespace name 'AssemblyFileVersionAttribute' could not be found (are you missing a using directive or an assembly reference?)
C:\gh\azure-sdk-for-net\sdk\customproviders\Microsoft.Azure.Management.CustomProviders\tests\Properties\AssemblyInfo.cs(39,12): error CS0246: The type or namespace name 'AssemblyFileVersion' could not be found (are you missing a using directive or an assembly reference?)
C:\gh\azure-sdk-for-net\eng\mgmt\DisableTestRunParallel.cs(7,12): error CS0246: The type or namespace name 'CollectionBehaviorAttribute' could not be found (are you missing a using directive or an assembly reference?)
C:\gh\azure-sdk-for-net\eng\mgmt\DisableTestRunParallel.cs(7,12): error CS0246: The type or namespace name 'CollectionBehavior' could not be found (are you missing a using directive or an assembly reference?)
C:\gh\azure-sdk-for-net\artifacts\obj\Microsoft.Azure.Management.CustomProviders.Tests\Debug\netcoreapp2.0\.NETCoreApp,Version=v2.0.AssemblyAttributes.cs(4,20): error CS0400: The type or namespace name 'System' could not be found in the global namespace (are you missing an assembly reference?)
C:\gh\azure-sdk-for-net\artifacts\obj\Microsoft.Azure.Management.CustomProviders.Tests\Debug\netcoreapp2.0\Microsoft.Azure.Management.CustomProviders.Tests.AssemblyInfo.cs(14,12): error CS0246: The type or namespace name 'System' could not be found (are you missing a using directive or an assembly reference?)
C:\gh\azure-sdk-for-net\artifacts\obj\Microsoft.Azure.Management.CustomProviders.Tests\Debug\netcoreapp2.0\Microsoft.Azure.Management.CustomProviders.Tests.AssemblyInfo.cs(16,12): error CS0246: The type or namespace name 'System' could not be found (are you missing a using directive or an assembly reference?)
C:\gh\azure-sdk-for-net\artifacts\obj\Microsoft.Azure.Management.CustomProviders.Tests\Debug\netcoreapp2.0\Microsoft.Azure.Management.CustomProviders.Tests.AssemblyInfo.cs(17,12): error CS0246: The type or namespace name 'System' could not be found (are you missing a using directive or an assembly reference?)
C:\gh\azure-sdk-for-net\sdk\customproviders\Microsoft.Azure.Management.CustomProviders\tests\Properties\AssemblyInfo.cs(11,26): error CS0518: Predefined type 'System.String' is not defined or imported
C:\gh\azure-sdk-for-net\sdk\customproviders\Microsoft.Azure.Management.CustomProviders\tests\Properties\AssemblyInfo.cs(12,32): error CS0518: Predefined type 'System.String' is not defined or imported
C:\gh\azure-sdk-for-net\sdk\customproviders\Microsoft.Azure.Management.CustomProviders\tests\Properties\AssemblyInfo.cs(13,34): error CS0518: Predefined type 'System.String' is not defined or imported
C:\gh\azure-sdk-for-net\sdk\customproviders\Microsoft.Azure.Management.CustomProviders\tests\Properties\AssemblyInfo.cs(14,28): error CS0518: Predefined type 'System.String' is not defined or imported
C:\gh\azure-sdk-for-net\sdk\customproviders\Microsoft.Azure.Management.CustomProviders\tests\Properties\AssemblyInfo.cs(15,28): error CS0518: Predefined type 'System.String' is not defined or imported
C:\gh\azure-sdk-for-net\sdk\customproviders\Microsoft.Azure.Management.CustomProviders\tests\Properties\AssemblyInfo.cs(16,30): error CS0518: Predefined type 'System.String' is not defined or imported
C:\gh\azure-sdk-for-net\sdk\customproviders\Microsoft.Azure.Management.CustomProviders\tests\Properties\AssemblyInfo.cs(17,30): error CS0518: Predefined type 'System.String' is not defined or imported
C:\gh\azure-sdk-for-net\sdk\customproviders\Microsoft.Azure.Management.CustomProviders\tests\Properties\AssemblyInfo.cs(18,28): error CS0518: Predefined type 'System.String' is not defined or imported
C:\gh\azure-sdk-for-net\sdk\customproviders\Microsoft.Azure.Management.CustomProviders\tests\Properties\AssemblyInfo.cs(23,23): error CS0518: Predefined type 'System.Boolean' is not defined or imported
C:\gh\azure-sdk-for-net\sdk\customproviders\Microsoft.Azure.Management.CustomProviders\tests\Properties\AssemblyInfo.cs(26,17): error CS0518: Predefined type 'System.String' is not defined or imported
C:\gh\azure-sdk-for-net\sdk\customproviders\Microsoft.Azure.Management.CustomProviders\tests\Properties\AssemblyInfo.cs(38,28): error CS0518: Predefined type 'System.String' is not defined or imported
C:\gh\azure-sdk-for-net\sdk\customproviders\Microsoft.Azure.Management.CustomProviders\tests\Properties\AssemblyInfo.cs(39,32): error CS0518: Predefined type 'System.String' is not defined or imported
C:\gh\azure-sdk-for-net\eng\mgmt\DisableTestRunParallel.cs(7,31): error CS0246: The type or namespace name 'DisableTestParallelization' could not be found (are you missing a using directive or an assembly reference?)
C:\gh\azure-sdk-for-net\eng\mgmt\DisableTestRunParallel.cs(7,60): error CS0518: Predefined type 'System.Boolean' is not defined or imported
C:\gh\azure-sdk-for-net\eng\mgmt\DisableTestRunParallel.cs(7,66): error CS0246: The type or namespace name 'MaxParallelThreads' could not be found (are you missing a using directive or an assembly reference?)
C:\gh\azure-sdk-for-net\eng\mgmt\DisableTestRunParallel.cs(7,87): error CS0518: Predefined type 'System.Int32' is not defined or imported
C:\gh\azure-sdk-for-net\artifacts\obj\Microsoft.Azure.Management.CustomProviders.Tests\Debug\netcoreapp2.0\.NETCoreApp,Version=v2.0.AssemblyAttributes.cs(4,71): error CS0518: Predefined type 'System.String' is not defined or imported
C:\gh\azure-sdk-for-net\artifacts\obj\Microsoft.Azure.Management.CustomProviders.Tests\Debug\netcoreapp2.0\.NETCoreApp,Version=v2.0.AssemblyAttributes.cs(4,99): error CS0246: The type or namespace name 'FrameworkDisplayName' could not be found (are you missing a using directive or an assembly reference?)
C:\gh\azure-sdk-for-net\artifacts\obj\Microsoft.Azure.Management.CustomProviders.Tests\Debug\netcoreapp2.0\.NETCoreApp,Version=v2.0.AssemblyAttributes.cs(4,122): error CS0518: Predefined type 'System.String' is not defined or imported
C:\gh\azure-sdk-for-net\artifacts\obj\Microsoft.Azure.Management.CustomProviders.Tests\Debug\netcoreapp2.0\Microsoft.Azure.Management.CustomProviders.Tests.AssemblyInfo.cs(14,56): error CS0518: Predefined type 'System.String' is not defined or imported
C:\gh\azure-sdk-for-net\artifacts\obj\Microsoft.Azure.Management.CustomProviders.Tests\Debug\netcoreapp2.0\Microsoft.Azure.Management.CustomProviders.Tests.AssemblyInfo.cs(14,70): error CS0518: Predefined type 'System.String' is not defined or imported
C:\gh\azure-sdk-for-net\artifacts\obj\Microsoft.Azure.Management.CustomProviders.Tests\Debug\netcoreapp2.0\Microsoft.Azure.Management.CustomProviders.Tests.AssemblyInfo.cs(15,5): error CS0518: Predefined type 'System.String' is not defined or imported
C:\gh\azure-sdk-for-net\artifacts\obj\Microsoft.Azure.Management.CustomProviders.Tests\Debug\netcoreapp2.0\Microsoft.Azure.Management.CustomProviders.Tests.AssemblyInfo.cs(16,68): error CS0518: Predefined type 'System.String' is not defined or imported
C:\gh\azure-sdk-for-net\artifacts\obj\Microsoft.Azure.Management.CustomProviders.Tests\Debug\netcoreapp2.0\Microsoft.Azure.Management.CustomProviders.Tests.AssemblyInfo.cs(17,56): error CS0518: Predefined type 'System.String' is not defined or imported
C:\gh\azure-sdk-for-net\artifacts\obj\Microsoft.Azure.Management.CustomProviders.Tests\Debug\netcoreapp2.0\Microsoft.Azure.Management.CustomProviders.Tests.AssemblyInfo.cs(17,73): error CS0518: Predefined type 'System.String' is not defined or imported
C:\gh\azure-sdk-for-net\sdk\customproviders\Microsoft.Azure.Management.CustomProviders\tests\Helpers\CustomProvidersTestBase.cs(1,7): error CS0246: The type or namespace name 'System' could not be found (are you missing a using directive or an assembly reference?)
C:\gh\azure-sdk-for-net\sdk\customproviders\Microsoft.Azure.Management.CustomProviders\tests\Helpers\CustomProvidersTestBase.cs(2,7): error CS0246: The type or namespace name 'System' could not be found (are you missing a using directive or an assembly reference?)
C:\gh\azure-sdk-for-net\sdk\customproviders\Microsoft.Azure.Management.CustomProviders\tests\Helpers\CustomProvidersTestBase.cs(3,7): error CS0246: The type or namespace name 'System' could not be found (are you missing a using directive or an assembly reference?)
C:\gh\azure-sdk-for-net\sdk\customproviders\Microsoft.Azure.Management.CustomProviders\tests\Properties\AssemblyInfo.cs(4,7): error CS0246: The type or namespace name 'System' could not be found (are you missing a using directive or an assembly reference?)
C:\gh\azure-sdk-for-net\sdk\customproviders\Microsoft.Azure.Management.CustomProviders\tests\Properties\AssemblyInfo.cs(5,7): error CS0246: The type or namespace name 'System' could not be found (are you missing a using directive or an assembly reference?)
C:\gh\azure-sdk-for-net\sdk\customproviders\Microsoft.Azure.Management.CustomProviders\tests\Properties\AssemblyInfo.cs(6,7): error CS0246: The type or namespace name 'System' could not be found (are you missing a using directive or an assembly reference?)
C:\gh\azure-sdk-for-net\sdk\customproviders\Microsoft.Azure.Management.CustomProviders\tests\Tests\CustomResourceProviderTests.cs(1,7): error CS0246: The type or namespace name 'System' could not be found (are you missing a using directive or an assembly reference?)
C:\gh\azure-sdk-for-net\sdk\customproviders\Microsoft.Azure.Management.CustomProviders\tests\Tests\CustomResourceProviderTests.cs(2,7): error CS0246: The type or namespace name 'System' could not be found (are you missing a using directive or an assembly reference?)
C:\gh\azure-sdk-for-net\sdk\customproviders\Microsoft.Azure.Management.CustomProviders\tests\Tests\CustomResourceProviderTests.cs(3,7): error CS0246: The type or namespace name 'System' could not be found (are you missing a using directive or an assembly reference?)
C:\gh\azure-sdk-for-net\sdk\customproviders\Microsoft.Azure.Management.CustomProviders\tests\Tests\CustomResourceProviderTests.cs(7,17): error CS0234: The type or namespace name 'Rest' does not exist in the namespace 'Microsoft' (are you missing an assembly reference?)
C:\gh\azure-sdk-for-net\sdk\customproviders\Microsoft.Azure.Management.CustomProviders\tests\Tests\CustomResourceProviderTests.cs(8,7): error CS0246: The type or namespace name 'Xunit' could not be found (are you missing a using directive or an assembly reference?)
C:\gh\azure-sdk-for-net\eng\mgmt\DisableTestRunParallel.cs(4,7): error CS0246: The type or namespace name 'System' could not be found (are you missing a using directive or an assembly reference?)
C:\gh\azure-sdk-for-net\eng\mgmt\DisableTestRunParallel.cs(5,7): error CS0246: The type or namespace name 'Xunit' could not be found (are you missing a using directive or an assembly reference?)
C:\gh\azure-sdk-for-net\artifacts\obj\Microsoft.Azure.Management.CustomProviders.Tests\Debug\netcoreapp2.0\.NETCoreApp,Version=v2.0.AssemblyAttributes.cs(2,7): error CS0246: The type or namespace name 'System' could not be found (are you missing a using directive or an assembly reference?)
C:\gh\azure-sdk-for-net\artifacts\obj\Microsoft.Azure.Management.CustomProviders.Tests\Debug\netcoreapp2.0\.NETCoreApp,Version=v2.0.AssemblyAttributes.cs(3,7): error CS0246: The type or namespace name 'System' could not be found (are you missing a using directive or an assembly reference?)
C:\gh\azure-sdk-for-net\artifacts\obj\Microsoft.Azure.Management.CustomProviders.Tests\Debug\netcoreapp2.0\Microsoft.Azure.Management.CustomProviders.Tests.AssemblyInfo.cs(11,7): error CS0246: The type or namespace name 'System' could not be found (are you missing a using directive or an assembly reference?)
C:\gh\azure-sdk-for-net\artifacts\obj\Microsoft.Azure.Management.CustomProviders.Tests\Debug\netcoreapp2.0\Microsoft.Azure.Management.CustomProviders.Tests.AssemblyInfo.cs(12,7): error CS0246: The type or namespace name 'System' could not be found (are you missing a using directive or an assembly reference?)
C:\gh\azure-sdk-for-net\sdk\customproviders\Microsoft.Azure.Management.CustomProviders\tests\Helpers\CustomProvidersTestBase.cs(7,11): error CS0246: The type or namespace name 'System' could not be found (are you missing a using directive or an assembly reference?)
C:\gh\azure-sdk-for-net\sdk\customproviders\Microsoft.Azure.Management.CustomProviders\tests\Helpers\CustomProvidersTestBase.cs(9,21): error CS0234: The type or namespace name 'Rest' does not exist in the namespace 'Microsoft' (are you missing an assembly reference?)
C:\gh\azure-sdk-for-net\sdk\customproviders\Microsoft.Azure.Management.CustomProviders\tests\Helpers\CustomProvidersTestBase.cs(13,67): error CS0518: Predefined type 'System.Void' is not defined or imported
C:\gh\azure-sdk-for-net\sdk\customproviders\Microsoft.Azure.Management.CustomProviders\tests\Helpers\CustomProvidersTestBase.cs(13,16): error CS0518: Predefined type 'System.Object' is not defined or imported
C:\gh\azure-sdk-for-net\sdk\customproviders\Microsoft.Azure.Management.CustomProviders\tests\Tests\CustomResourceProviderTests.cs(20,10): error CS0518: Predefined type 'System.Object' is not defined or imported
C:\gh\azure-sdk-for-net\sdk\customproviders\Microsoft.Azure.Management.CustomProviders\tests\Tests\CustomResourceProviderTests.cs(20,10): error CS0246: The type or namespace name 'FactAttribute' could not be found (are you missing a using directive or an assembly reference?)
C:\gh\azure-sdk-for-net\sdk\customproviders\Microsoft.Azure.Management.CustomProviders\tests\Tests\CustomResourceProviderTests.cs(20,10): error CS0246: The type or namespace name 'Fact' could not be found (are you missing a using directive or an assembly reference?)
C:\gh\azure-sdk-for-net\sdk\customproviders\Microsoft.Azure.Management.CustomProviders\tests\Helpers\CustomProvidersTestBase.cs(17,67): error CS0518: Predefined type 'System.Object' is not defined or imported
C:\gh\azure-sdk-for-net\sdk\customproviders\Microsoft.Azure.Management.CustomProviders\tests\Tests\CustomResourceProviderTests.cs(23,13): error CS0518: Predefined type 'System.IDisposable' is not defined or imported
C:\gh\azure-sdk-for-net\sdk\customproviders\Microsoft.Azure.Management.CustomProviders\tests\Tests\CustomResourceProviderTests.cs(23,34): error CS0518: Predefined type 'System.Object' is not defined or imported
C:\gh\azure-sdk-for-net\sdk\customproviders\Microsoft.Azure.Management.CustomProviders\tests\Tests\CustomResourceProviderTests.cs(23,34): error CS0103: The name 'MockContext' does not exist in the current context
C:\gh\azure-sdk-for-net\sdk\customproviders\Microsoft.Azure.Management.CustomProviders\tests\Tests\CustomResourceProviderTests.cs(23,57): error CS0518: Predefined type 'System.Object' is not defined or imported
C:\gh\azure-sdk-for-net\sdk\customproviders\Microsoft.Azure.Management.CustomProviders\tests\Tests\CustomResourceProviderTests.cs(23,57): error CS1061: 'CustomResourceProviderTests' does not contain a definition for 'GetType' and no accessible extension method 'GetType' accepting a first argument of type 'CustomResourceProviderTests' could be found (are you missing a using directive or an assembly reference?)
C:\gh\azure-sdk-for-net\sdk\customproviders\Microsoft.Azure.Management.CustomProviders\tests\Tests\CustomResourceProviderTests.cs(25,17): error CS0518: Predefined type 'System.IDisposable' is not defined or imported
C:\gh\azure-sdk-for-net\sdk\customproviders\Microsoft.Azure.Management.CustomProviders\tests\Tests\CustomResourceProviderTests.cs(25,46): error CS0518: Predefined type 'System.Object' is not defined or imported
C:\gh\azure-sdk-for-net\sdk\customproviders\Microsoft.Azure.Management.CustomProviders\tests\Tests\CustomResourceProviderTests.cs(25,24): error CS1674: 'CustomProvidersTestBase': type used in a using statement must be implicitly convertible to 'System.IDisposable'.
C:\gh\azure-sdk-for-net\sdk\customproviders\Microsoft.Azure.Management.CustomProviders\tests\Tests\CustomResourceProviderTests.cs(27,42): error CS0518: Predefined type 'System.Object' is not defined or imported
C:\gh\azure-sdk-for-net\sdk\customproviders\Microsoft.Azure.Management.CustomProviders\tests\Tests\CustomResourceProviderTests.cs(27,42): error CS0518: Predefined type 'System.Void' is not defined or imported
C:\gh\azure-sdk-for-net\sdk\customproviders\Microsoft.Azure.Management.CustomProviders\tests\Tests\CustomResourceProviderTests.cs(28,42): error CS0518: Predefined type 'System.Object' is not defined or imported
C:\gh\azure-sdk-for-net\sdk\customproviders\Microsoft.Azure.Management.CustomProviders\tests\Tests\CustomResourceProviderTests.cs(28,42): error CS0518: Predefined type 'System.Void' is not defined or imported
C:\gh\azure-sdk-for-net\sdk\customproviders\Microsoft.Azure.Management.CustomProviders\tests\Tests\CustomResourceProviderTests.cs(29,32): error CS0518: Predefined type 'System.String' is not defined or imported
C:\gh\azure-sdk-for-net\sdk\customproviders\Microsoft.Azure.Management.CustomProviders\tests\Tests\CustomResourceProviderTests.cs(30,32): error CS0012: The type 'IList<>' is defined in an assembly that is not referenced. You must add a reference to assembly 'mscorlib, Version=4.0.0.0, Culture=neutral, PublicKeyToken=b77a5c561934e089'.
C:\gh\azure-sdk-for-net\sdk\customproviders\Microsoft.Azure.Management.CustomProviders\tests\Tests\CustomResourceProviderTests.cs(30,46): error CS0518: Predefined type 'System.Object' is not defined or imported
C:\gh\azure-sdk-for-net\sdk\customproviders\Microsoft.Azure.Management.CustomProviders\tests\Tests\CustomResourceProviderTests.cs(30,46): error CS0246: The type or namespace name 'List<>' could not be found (are you missing a using directive or an assembly reference?)
C:\gh\azure-sdk-for-net\sdk\customproviders\Microsoft.Azure.Management.CustomProviders\tests\Tests\CustomResourceProviderTests.cs(30,51): error CS0518: Predefined type 'System.Object' is not defined or imported
C:\gh\azure-sdk-for-net\sdk\customproviders\Microsoft.Azure.Management.CustomProviders\tests\Tests\CustomResourceProviderTests.cs(31,32): error CS0012: The type 'IList<>' is defined in an assembly that is not referenced. You must add a reference to assembly 'mscorlib, Version=4.0.0.0, Culture=neutral, PublicKeyToken=b77a5c561934e089'.
C:\gh\azure-sdk-for-net\sdk\customproviders\Microsoft.Azure.Management.CustomProviders\tests\Tests\CustomResourceProviderTests.cs(34,51): error CS0518: Predefined type 'System.String' is not defined or imported
C:\gh\azure-sdk-for-net\sdk\customproviders\Microsoft.Azure.Management.CustomProviders\tests\Tests\CustomResourceProviderTests.cs(35,21): error CS0518: Predefined type 'System.Object' is not defined or imported
C:\gh\azure-sdk-for-net\sdk\customproviders\Microsoft.Azure.Management.CustomProviders\tests\Tests\CustomResourceProviderTests.cs(35,21): error CS0103: The name 'Assert' does not exist in the current context
C:\gh\azure-sdk-for-net\sdk\customproviders\Microsoft.Azure.Management.CustomProviders\tests\Tests\CustomResourceProviderTests.cs(36,21): error CS0518: Predefined type 'System.Object' is not defined or imported
C:\gh\azure-sdk-for-net\sdk\customproviders\Microsoft.Azure.Management.CustomProviders\tests\Tests\CustomResourceProviderTests.cs(36,21): error CS0103: The name 'Assert' does not exist in the current context
C:\gh\azure-sdk-for-net\sdk\customproviders\Microsoft.Azure.Management.CustomProviders\tests\Tests\CustomResourceProviderTests.cs(36,34): error CS0518: Predefined type 'System.Object' is not defined or imported
C:\gh\azure-sdk-for-net\sdk\customproviders\Microsoft.Azure.Management.CustomProviders\tests\Tests\CustomResourceProviderTests.cs(36,52): error CS0518: Predefined type 'System.String' is not defined or imported
C:\gh\azure-sdk-for-net\sdk\customproviders\Microsoft.Azure.Management.CustomProviders\tests\Tests\CustomResourceProviderTests.cs(36,87): error CS0518: Predefined type 'System.String' is not defined or imported
C:\gh\azure-sdk-for-net\sdk\customproviders\Microsoft.Azure.Management.CustomProviders\tests\Tests\CustomResourceProviderTests.cs(37,21): error CS0518: Predefined type 'System.Object' is not defined or imported
C:\gh\azure-sdk-for-net\sdk\customproviders\Microsoft.Azure.Management.CustomProviders\tests\Tests\CustomResourceProviderTests.cs(37,21): error CS0103: The name 'Assert' does not exist in the current context
C:\gh\azure-sdk-for-net\sdk\customproviders\Microsoft.Azure.Management.CustomProviders\tests\Tests\CustomResourceProviderTests.cs(37,57): error CS0012: The type 'IList<>' is defined in an assembly that is not referenced. You must add a reference to assembly 'mscorlib, Version=4.0.0.0, Culture=neutral, PublicKeyToken=b77a5c561934e089'.
C:\gh\azure-sdk-for-net\sdk\customproviders\Microsoft.Azure.Management.CustomProviders\tests\Tests\CustomResourceProviderTests.cs(37,76): error CS0518: Predefined type 'System.Int32' is not defined or imported
C:\gh\azure-sdk-for-net\sdk\customproviders\Microsoft.Azure.Management.CustomProviders\tests\Tests\CustomResourceProviderTests.cs(37,33): error CS0518: Predefined type 'System.Boolean' is not defined or imported
C:\gh\azure-sdk-for-net\sdk\customproviders\Microsoft.Azure.Management.CustomProviders\tests\Tests\CustomResourceProviderTests.cs(40,48): error CS0518: Predefined type 'System.String' is not defined or imported
C:\gh\azure-sdk-for-net\sdk\customproviders\Microsoft.Azure.Management.CustomProviders\tests\Tests\CustomResourceProviderTests.cs(41,21): error CS0518: Predefined type 'System.Object' is not defined or imported
C:\gh\azure-sdk-for-net\sdk\customproviders\Microsoft.Azure.Management.CustomProviders\tests\Tests\CustomResourceProviderTests.cs(41,21): error CS0103: The name 'Assert' does not exist in the current context
C:\gh\azure-sdk-for-net\sdk\customproviders\Microsoft.Azure.Management.CustomProviders\tests\Tests\CustomResourceProviderTests.cs(42,21): error CS0518: Predefined type 'System.Object' is not defined or imported
C:\gh\azure-sdk-for-net\sdk\customproviders\Microsoft.Azure.Management.CustomProviders\tests\Tests\CustomResourceProviderTests.cs(42,21): error CS0103: The name 'Assert' does not exist in the current context
C:\gh\azure-sdk-for-net\sdk\customproviders\Microsoft.Azure.Management.CustomProviders\tests\Tests\CustomResourceProviderTests.cs(42,34): error CS0518: Predefined type 'System.Object' is not defined or imported
C:\gh\azure-sdk-for-net\sdk\customproviders\Microsoft.Azure.Management.CustomProviders\tests\Tests\CustomResourceProviderTests.cs(42,52): error CS0518: Predefined type 'System.String' is not defined or imported
C:\gh\azure-sdk-for-net\sdk\customproviders\Microsoft.Azure.Management.CustomProviders\tests\Tests\CustomResourceProviderTests.cs(42,84): error CS0518: Predefined type 'System.String' is not defined or imported
C:\gh\azure-sdk-for-net\sdk\customproviders\Microsoft.Azure.Management.CustomProviders\tests\Tests\CustomResourceProviderTests.cs(43,21): error CS0518: Predefined type 'System.Object' is not defined or imported
C:\gh\azure-sdk-for-net\sdk\customproviders\Microsoft.Azure.Management.CustomProviders\tests\Tests\CustomResourceProviderTests.cs(43,21): error CS0103: The name 'Assert' does not exist in the current context
C:\gh\azure-sdk-for-net\sdk\customproviders\Microsoft.Azure.Management.CustomProviders\tests\Tests\CustomResourceProviderTests.cs(43,54): error CS0012: The type 'IList<>' is defined in an assembly that is not referenced. You must add a reference to assembly 'mscorlib, Version=4.0.0.0, Culture=neutral, PublicKeyToken=b77a5c561934e089'.
C:\gh\azure-sdk-for-net\sdk\customproviders\Microsoft.Azure.Management.CustomProviders\tests\Tests\CustomResourceProviderTests.cs(43,73): error CS0518: Predefined type 'System.Int32' is not defined or imported
C:\gh\azure-sdk-for-net\sdk\customproviders\Microsoft.Azure.Management.CustomProviders\tests\Tests\CustomResourceProviderTests.cs(43,33): error CS0518: Predefined type 'System.Boolean' is not defined or imported
C:\gh\azure-sdk-for-net\sdk\customproviders\Microsoft.Azure.Management.CustomProviders\tests\Tests\CustomResourceProviderTests.cs(46,52): error CS0246: The type or namespace name 'IPage<>' could not be found (are you missing a using directive or an assembly reference?)
C:\gh\azure-sdk-for-net\sdk\customproviders\Microsoft.Azure.Management.CustomProviders\tests\Tests\CustomResourceProviderTests.cs(47,21): error CS0518: Predefined type 'System.Object' is not defined or imported
C:\gh\azure-sdk-for-net\sdk\customproviders\Microsoft.Azure.Management.CustomProviders\tests\Tests\CustomResourceProviderTests.cs(47,21): error CS0103: The name 'Assert' does not exist in the current context
C:\gh\azure-sdk-for-net\sdk\customproviders\Microsoft.Azure.Management.CustomProviders\tests\Tests\CustomResourceProviderTests.cs(48,21): error CS0518: Predefined type 'System.Object' is not defined or imported
C:\gh\azure-sdk-for-net\sdk\customproviders\Microsoft.Azure.Management.CustomProviders\tests\Tests\CustomResourceProviderTests.cs(48,21): error CS0103: The name 'Assert' does not exist in the current context
C:\gh\azure-sdk-for-net\sdk\customproviders\Microsoft.Azure.Management.CustomProviders\tests\Tests\CustomResourceProviderTests.cs(48,69): error CS0518: Predefined type 'System.Int32' is not defined or imported
C:\gh\azure-sdk-for-net\sdk\customproviders\Microsoft.Azure.Management.CustomProviders\tests\Tests\CustomResourceProviderTests.cs(48,33): error CS0518: Predefined type 'System.Boolean' is not defined or imported
C:\gh\azure-sdk-for-net\sdk\customproviders\Microsoft.Azure.Management.CustomProviders\tests\Tests\CustomResourceProviderTests.cs(51,51): error CS0246: The type or namespace name 'IPage<>' could not be found (are you missing a using directive or an assembly reference?)
C:\gh\azure-sdk-for-net\sdk\customproviders\Microsoft.Azure.Management.CustomProviders\tests\Tests\CustomResourceProviderTests.cs(52,21): error CS0518: Predefined type 'System.Object' is not defined or imported
C:\gh\azure-sdk-for-net\sdk\customproviders\Microsoft.Azure.Management.CustomProviders\tests\Tests\CustomResourceProviderTests.cs(52,21): error CS0103: The name 'Assert' does not exist in the current context
C:\gh\azure-sdk-for-net\sdk\customproviders\Microsoft.Azure.Management.CustomProviders\tests\Tests\CustomResourceProviderTests.cs(53,21): error CS0518: Predefined type 'System.Object' is not defined or imported
C:\gh\azure-sdk-for-net\sdk\customproviders\Microsoft.Azure.Management.CustomProviders\tests\Tests\CustomResourceProviderTests.cs(53,21): error CS0103: The name 'Assert' does not exist in the current context
C:\gh\azure-sdk-for-net\sdk\customproviders\Microsoft.Azure.Management.CustomProviders\tests\Tests\CustomResourceProviderTests.cs(53,68): error CS0518: Predefined type 'System.Int32' is not defined or imported
C:\gh\azure-sdk-for-net\sdk\customproviders\Microsoft.Azure.Management.CustomProviders\tests\Tests\CustomResourceProviderTests.cs(53,33): error CS0518: Predefined type 'System.Boolean' is not defined or imported
C:\gh\azure-sdk-for-net\sdk\customproviders\Microsoft.Azure.Management.CustomProviders\tests\Tests\CustomResourceProviderTests.cs(56,21): error CS0518: Predefined type 'System.Void' is not defined or imported
C:\gh\azure-sdk-for-net\sdk\customproviders\Microsoft.Azure.Management.CustomProviders\tests\Tests\CustomResourceProviderTests.cs(59,47): error CS0246: The type or namespace name 'IPage<>' could not be found (are you missing a using directive or an assembly reference?)
C:\gh\azure-sdk-for-net\sdk\customproviders\Microsoft.Azure.Management.CustomProviders\tests\Tests\CustomResourceProviderTests.cs(60,21): error CS0518: Predefined type 'System.Object' is not defined or imported
C:\gh\azure-sdk-for-net\sdk\customproviders\Microsoft.Azure.Management.CustomProviders\tests\Tests\CustomResourceProviderTests.cs(60,21): error CS0103: The name 'Assert' does not exist in the current context
C:\gh\azure-sdk-for-net\sdk\customproviders\Microsoft.Azure.Management.CustomProviders\tests\Tests\CustomResourceProviderTests.cs(61,21): error CS0518: Predefined type 'System.Object' is not defined or imported
C:\gh\azure-sdk-for-net\sdk\customproviders\Microsoft.Azure.Management.CustomProviders\tests\Tests\CustomResourceProviderTests.cs(61,21): error CS0103: The name 'Assert' does not exist in the current context
C:\gh\azure-sdk-for-net\sdk\customproviders\Microsoft.Azure.Management.CustomProviders\tests\Tests\CustomResourceProviderTests.cs(61,68): error CS0518: Predefined type 'System.Int32' is not defined or imported
C:\gh\azure-sdk-for-net\sdk\customproviders\Microsoft.Azure.Management.CustomProviders\tests\Tests\CustomResourceProviderTests.cs(61,33): error CS0518: Predefined type 'System.Boolean' is not defined or imported
C:\gh\azure-sdk-for-net\sdk\customproviders\Microsoft.Azure.Management.CustomProviders\tests\Properties\AssemblyInfo.cs(4,1): hidden CS8019: Unnecessary using directive.
C:\gh\azure-sdk-for-net\eng\mgmt\DisableTestRunParallel.cs(4,1): hidden CS8019: Unnecessary using directive.
C:\gh\azure-sdk-for-net\sdk\customproviders\Microsoft.Azure.Management.CustomProviders\tests\Tests\CustomResourceProviderTests.cs(1,1): hidden CS8019: Unnecessary using directive.
C:\gh\azure-sdk-for-net\artifacts\obj\Microsoft.Azure.Management.CustomProviders.Tests\Debug\netcoreapp2.0\.NETCoreApp,Version=v2.0.AssemblyAttributes.cs(2,1): hidden CS8019: Unnecessary using directive.
C:\gh\azure-sdk-for-net\sdk\customproviders\Microsoft.Azure.Management.CustomProviders\tests\Helpers\CustomProvidersTestBase.cs(3,1): hidden CS8019: Unnecessary using directive.
C:\gh\azure-sdk-for-net\artifacts\obj\Microsoft.Azure.Management.CustomProviders.Tests\Debug\netcoreapp2.0\.NETCoreApp,Version=v2.0.AssemblyAttributes.cs(3,1): hidden CS8019: Unnecessary using directive.
C:\gh\azure-sdk-for-net\sdk\customproviders\Microsoft.Azure.Management.CustomProviders\tests\Properties\AssemblyInfo.cs(6,1): hidden CS8019: Unnecessary using directive.
C:\gh\azure-sdk-for-net\sdk\customproviders\Microsoft.Azure.Management.CustomProviders\tests\Tests\CustomResourceProviderTests.cs(3,1): hidden CS8019: Unnecessary using directive.
C:\gh\azure-sdk-for-net\sdk\customproviders\Microsoft.Azure.Management.CustomProviders\tests\Helpers\CustomProvidersTestBase.cs(1,1): hidden CS8019: Unnecessary using directive.
C:\gh\azure-sdk-for-net\artifacts\obj\Microsoft.Azure.Management.CustomProviders.Tests\Debug\netcoreapp2.0\Microsoft.Azure.Management.CustomProviders.Tests.AssemblyInfo.cs(11,1): hidden CS8019: Unnecessary using directive.
C:\gh\azure-sdk-for-net\sdk\customproviders\Microsoft.Azure.Management.CustomProviders\tests\Helpers\CustomProvidersTestBase.cs(2,1): hidden CS8019: Unnecessary using directive.
C:\gh\azure-sdk-for-net\sdk\customproviders\Microsoft.Azure.Management.CustomProviders\tests\Tests\CustomResourceProviderTests.cs(7,1): hidden CS8019: Unnecessary using directive.
C:\gh\azure-sdk-for-net\sdk\customproviders\Microsoft.Azure.Management.CustomProviders\tests\Tests\CustomResourceProviderTests.cs(2,1): hidden CS8019: Unnecessary using directive.
C:\gh\azure-sdk-for-net\sdk\customproviders\Microsoft.Azure.Management.CustomProviders\tests\Tests\CustomResourceProviderTests.cs(8,1): hidden CS8019: Unnecessary using directive.
C:\gh\azure-sdk-for-net\artifacts\obj\Microsoft.Azure.Management.CustomProviders.Tests\Debug\netcoreapp2.0\Microsoft.Azure.Management.CustomProviders.Tests.AssemblyInfo.cs(12,1): hidden CS8019: Unnecessary using directive.
C:\gh\azure-sdk-for-net\sdk\customproviders\Microsoft.Azure.Management.CustomProviders\tests\Helpers\CustomProvidersTestBase.cs(9,5): hidden CS8019: Unnecessary using directive.
C:\gh\azure-sdk-for-net\sdk\customproviders\Microsoft.Azure.Management.CustomProviders\tests\Helpers\CustomProvidersTestBase.cs(7,5): hidden CS8019: Unnecessary using directive.
C:\gh\azure-sdk-for-net\eng\mgmt\DisableTestRunParallel.cs(5,1): hidden CS8019: Unnecessary using directive.
C:\gh\azure-sdk-for-net\sdk\customproviders\Microsoft.Azure.Management.CustomProviders\tests\Properties\AssemblyInfo.cs(5,1): hidden CS8019: Unnecessary using directive.
