C:\gh\azure-sdk-for-net\sdk\attestation\Microsoft.Azure.Attestation\tests\BasicTests\AttestationTestFixture.cs(13,43): error CS0246: The type or namespace name 'TestEnvironment' could not be found (are you missing a using directive or an assembly reference?)
C:\gh\azure-sdk-for-net\sdk\attestation\Microsoft.Azure.Attestation\tests\BasicTests\AttestationOperationsTests.cs(21,47): error CS0246: The type or namespace name 'IClassFixture<>' could not be found (are you missing a using directive or an assembly reference?)
C:\gh\azure-sdk-for-net\sdk\attestation\Microsoft.Azure.Attestation\tests\BasicTests\AttestationTestFixture.cs(50,16): error CS0246: The type or namespace name 'DelegatingHandler' could not be found (are you missing a using directive or an assembly reference?)
C:\gh\azure-sdk-for-net\sdk\attestation\Microsoft.Azure.Attestation\tests\BasicTests\AttestationOperationsTests.cs(138,53): error CS0246: The type or namespace name 'AzureOperationResponse<>' could not be found (are you missing a using directive or an assembly reference?)
C:\gh\azure-sdk-for-net\sdk\attestation\Microsoft.Azure.Attestation\tests\BasicTests\AttestationOperationsTests.cs(138,24): error CS0246: The type or namespace name 'JObject' could not be found (are you missing a using directive or an assembly reference?)
C:\gh\azure-sdk-for-net\eng\mgmt\DisableTestRunParallel.cs(7,12): error CS0246: The type or namespace name 'CollectionBehaviorAttribute' could not be found (are you missing a using directive or an assembly reference?)
C:\gh\azure-sdk-for-net\eng\mgmt\DisableTestRunParallel.cs(7,12): error CS0246: The type or namespace name 'CollectionBehavior' could not be found (are you missing a using directive or an assembly reference?)
C:\gh\azure-sdk-for-net\eng\mgmt\DisableTestRunParallel.cs(7,31): error CS0246: The type or namespace name 'DisableTestParallelization' could not be found (are you missing a using directive or an assembly reference?)
C:\gh\azure-sdk-for-net\eng\mgmt\DisableTestRunParallel.cs(7,66): error CS0246: The type or namespace name 'MaxParallelThreads' could not be found (are you missing a using directive or an assembly reference?)
C:\gh\azure-sdk-for-net\sdk\attestation\Microsoft.Azure.Attestation\tests\BasicTests\AttestationOperationsTests.cs(6,17): error CS0234: The type or namespace name 'IdentityModel' does not exist in the namespace 'Microsoft' (are you missing an assembly reference?)
C:\gh\azure-sdk-for-net\sdk\attestation\Microsoft.Azure.Attestation\tests\BasicTests\AttestationOperationsTests.cs(7,17): error CS0234: The type or namespace name 'Rest' does not exist in the namespace 'Microsoft' (are you missing an assembly reference?)
C:\gh\azure-sdk-for-net\sdk\attestation\Microsoft.Azure.Attestation\tests\BasicTests\AttestationOperationsTests.cs(9,7): error CS0246: The type or namespace name 'Newtonsoft' could not be found (are you missing a using directive or an assembly reference?)
C:\gh\azure-sdk-for-net\sdk\attestation\Microsoft.Azure.Attestation\tests\BasicTests\AttestationOperationsTests.cs(10,7): error CS0246: The type or namespace name 'Newtonsoft' could not be found (are you missing a using directive or an assembly reference?)
C:\gh\azure-sdk-for-net\sdk\attestation\Microsoft.Azure.Attestation\tests\BasicTests\AttestationOperationsTests.cs(11,7): error CS0246: The type or namespace name 'Xunit' could not be found (are you missing a using directive or an assembly reference?)
C:\gh\azure-sdk-for-net\sdk\attestation\Microsoft.Azure.Attestation\tests\BasicTests\AttestationOperationsTests.cs(15,17): error CS0234: The type or namespace name 'Rest' does not exist in the namespace 'Microsoft' (are you missing an assembly reference?)
C:\gh\azure-sdk-for-net\sdk\attestation\Microsoft.Azure.Attestation\tests\BasicTests\AttestationTestFixture.cs(5,18): error CS0234: The type or namespace name 'Http' does not exist in the namespace 'System.Net' (are you missing an assembly reference?)
C:\gh\azure-sdk-for-net\sdk\attestation\Microsoft.Azure.Attestation\tests\BasicTests\AttestationTestFixture.cs(6,23): error CS0234: The type or namespace name 'Test' does not exist in the namespace 'Microsoft.Azure' (are you missing an assembly reference?)
C:\gh\azure-sdk-for-net\sdk\attestation\Microsoft.Azure.Attestation\tests\BasicTests\AttestationTestFixture.cs(7,17): error CS0234: The type or namespace name 'Rest' does not exist in the namespace 'Microsoft' (are you missing an assembly reference?)
C:\gh\azure-sdk-for-net\sdk\attestation\Microsoft.Azure.Attestation\tests\BasicTests\AttestationTestFixture.cs(8,23): error CS0234: The type or namespace name 'Management' does not exist in the namespace 'Microsoft.Azure' (are you missing an assembly reference?)
C:\gh\azure-sdk-for-net\sdk\attestation\Microsoft.Azure.Attestation\tests\BasicTests\AttestationTestFixture.cs(9,17): error CS0234: The type or namespace name 'IdentityModel' does not exist in the namespace 'Microsoft' (are you missing an assembly reference?)
C:\gh\azure-sdk-for-net\eng\mgmt\DisableTestRunParallel.cs(5,7): error CS0246: The type or namespace name 'Xunit' could not be found (are you missing a using directive or an assembly reference?)
C:\gh\azure-sdk-for-net\sdk\attestation\Microsoft.Azure.Attestation\tests\BasicTests\AttestationOperationsTests.cs(60,10): error CS0246: The type or namespace name 'FactAttribute' could not be found (are you missing a using directive or an assembly reference?)
C:\gh\azure-sdk-for-net\sdk\attestation\Microsoft.Azure.Attestation\tests\BasicTests\AttestationOperationsTests.cs(60,10): error CS0246: The type or namespace name 'Fact' could not be found (are you missing a using directive or an assembly reference?)
C:\gh\azure-sdk-for-net\sdk\attestation\Microsoft.Azure.Attestation\tests\BasicTests\AttestationOperationsTests.cs(146,10): error CS0246: The type or namespace name 'FactAttribute' could not be found (are you missing a using directive or an assembly reference?)
C:\gh\azure-sdk-for-net\sdk\attestation\Microsoft.Azure.Attestation\tests\BasicTests\AttestationOperationsTests.cs(146,10): error CS0246: The type or namespace name 'Fact' could not be found (are you missing a using directive or an assembly reference?)
C:\gh\azure-sdk-for-net\sdk\attestation\Microsoft.Azure.Attestation\tests\BasicTests\AttestationOperationsTests.cs(179,10): error CS0246: The type or namespace name 'FactAttribute' could not be found (are you missing a using directive or an assembly reference?)
C:\gh\azure-sdk-for-net\sdk\attestation\Microsoft.Azure.Attestation\tests\BasicTests\AttestationOperationsTests.cs(179,10): error CS0246: The type or namespace name 'Fact' could not be found (are you missing a using directive or an assembly reference?)
C:\gh\azure-sdk-for-net\sdk\attestation\Microsoft.Azure.Attestation\tests\BasicTests\AttestationOperationsTests.cs(233,10): error CS0246: The type or namespace name 'FactAttribute' could not be found (are you missing a using directive or an assembly reference?)
C:\gh\azure-sdk-for-net\sdk\attestation\Microsoft.Azure.Attestation\tests\BasicTests\AttestationOperationsTests.cs(233,10): error CS0246: The type or namespace name 'Fact' could not be found (are you missing a using directive or an assembly reference?)
C:\gh\azure-sdk-for-net\sdk\attestation\Microsoft.Azure.Attestation\tests\BasicTests\AttestationTestFixture.cs(22,13): error CS0103: The name 'HttpMockServer' does not exist in the current context
C:\gh\azure-sdk-for-net\sdk\attestation\Microsoft.Azure.Attestation\tests\BasicTests\AttestationTestFixture.cs(22,56): error CS0246: The type or namespace name 'FileSystemUtils' could not be found (are you missing a using directive or an assembly reference?)
C:\gh\azure-sdk-for-net\sdk\attestation\Microsoft.Azure.Attestation\tests\BasicTests\AttestationTestFixture.cs(23,13): error CS0103: The name 'HttpMockServer' does not exist in the current context
C:\gh\azure-sdk-for-net\sdk\attestation\Microsoft.Azure.Attestation\tests\BasicTests\AttestationTestFixture.cs(23,64): error CS0103: The name 'HttpRecorderMode' does not exist in the current context
C:\gh\azure-sdk-for-net\sdk\attestation\Microsoft.Azure.Attestation\tests\BasicTests\AttestationTestFixture.cs(24,13): error CS0103: The name 'HttpMockServer' does not exist in the current context
C:\gh\azure-sdk-for-net\sdk\attestation\Microsoft.Azure.Attestation\tests\BasicTests\AttestationTestFixture.cs(36,42): error CS0246: The type or namespace name 'ConnectionString' could not be found (are you missing a using directive or an assembly reference?)
C:\gh\azure-sdk-for-net\sdk\attestation\Microsoft.Azure.Attestation\tests\BasicTests\AttestationTestFixture.cs(37,75): error CS0103: The name 'ConnectionStringKeys' does not exist in the current context
C:\gh\azure-sdk-for-net\sdk\attestation\Microsoft.Azure.Attestation\tests\BasicTests\AttestationTestFixture.cs(38,81): error CS0103: The name 'ConnectionStringKeys' does not exist in the current context
C:\gh\azure-sdk-for-net\sdk\attestation\Microsoft.Azure.Attestation\tests\BasicTests\AttestationTestFixture.cs(39,68): error CS0103: The name 'ConnectionStringKeys' does not exist in the current context
C:\gh\azure-sdk-for-net\sdk\attestation\Microsoft.Azure.Attestation\tests\BasicTests\AttestationTestFixture.cs(42,45): error CS0246: The type or namespace name 'ClientCredential' could not be found (are you missing a using directive or an assembly reference?)
C:\gh\azure-sdk-for-net\sdk\attestation\Microsoft.Azure.Attestation\tests\BasicTests\AttestationTestFixture.cs(43,39): error CS0246: The type or namespace name 'AuthenticationContext' could not be found (are you missing a using directive or an assembly reference?)
C:\gh\azure-sdk-for-net\sdk\attestation\Microsoft.Azure.Attestation\tests\BasicTests\AttestationTestFixture.cs(43,103): error CS0103: The name 'TokenCache' does not exist in the current context
C:\gh\azure-sdk-for-net\sdk\attestation\Microsoft.Azure.Attestation\tests\BasicTests\AttestationTestFixture.cs(47,24): error CS0012: The type 'ServiceClientCredentials' is defined in an assembly that is not referenced. You must add a reference to assembly 'Microsoft.Rest.ClientRuntime, Version=2.0.0.0, Culture=neutral, PublicKeyToken=31bf3856ad364e35'.
C:\gh\azure-sdk-for-net\sdk\attestation\Microsoft.Azure.Attestation\tests\BasicTests\AttestationTestFixture.cs(47,24): error CS0012: The type 'HttpClient' is defined in an assembly that is not referenced. You must add a reference to assembly 'System.Net.Http, Version=4.0.0.0, Culture=neutral, PublicKeyToken=b03f5f7f11d50a3a'.
C:\gh\azure-sdk-for-net\sdk\attestation\Microsoft.Azure.Attestation\tests\BasicTests\AttestationTestFixture.cs(47,24): error CS0012: The type 'HttpClientHandler' is defined in an assembly that is not referenced. You must add a reference to assembly 'System.Net.Http, Version=4.0.0.0, Culture=neutral, PublicKeyToken=b03f5f7f11d50a3a'.
C:\gh\azure-sdk-for-net\sdk\attestation\Microsoft.Azure.Attestation\tests\BasicTests\AttestationTestFixture.cs(47,24): error CS0012: The type 'DelegatingHandler' is defined in an assembly that is not referenced. You must add a reference to assembly 'System.Net.Http, Version=4.0.0.0, Culture=neutral, PublicKeyToken=b03f5f7f11d50a3a'.
C:\gh\azure-sdk-for-net\sdk\attestation\Microsoft.Azure.Attestation\tests\BasicTests\AttestationTestFixture.cs(52,13): error CS0246: The type or namespace name 'HttpMockServer' could not be found (are you missing a using directive or an assembly reference?)
C:\gh\azure-sdk-for-net\sdk\attestation\Microsoft.Azure.Attestation\tests\BasicTests\AttestationTestFixture.cs(52,37): error CS0103: The name 'HttpMockServer' does not exist in the current context
C:\gh\azure-sdk-for-net\sdk\attestation\Microsoft.Azure.Attestation\tests\BasicTests\AttestationTestFixture.cs(54,24): error CS0246: The type or namespace name 'DelegatingHandler' could not be found (are you missing a using directive or an assembly reference?)
C:\gh\azure-sdk-for-net\sdk\attestation\Microsoft.Azure.Attestation\tests\BasicTests\AttestationTestFixture.cs(54,54): error CS0012: The type 'DelegatingHandler' is defined in an assembly that is not referenced. You must add a reference to assembly 'System.Net.Http, Version=4.0.0.0, Culture=neutral, PublicKeyToken=b03f5f7f11d50a3a'.
C:\gh\azure-sdk-for-net\sdk\attestation\Microsoft.Azure.Attestation\tests\BasicTests\AttestationTestFixture.cs(59,17): error CS0103: The name 'HttpMockServer' does not exist in the current context
C:\gh\azure-sdk-for-net\sdk\attestation\Microsoft.Azure.Attestation\tests\BasicTests\AttestationTestFixture.cs(59,40): error CS0103: The name 'HttpRecorderMode' does not exist in the current context
C:\gh\azure-sdk-for-net\sdk\attestation\Microsoft.Azure.Attestation\tests\BasicTests\AttestationTestFixture.cs(61,31): error CS0103: The name 'TestEnvironmentFactory' does not exist in the current context
C:\gh\azure-sdk-for-net\sdk\attestation\Microsoft.Azure.Attestation\tests\BasicTests\AttestationTestFixture.cs(62,35): error CS0246: The type or namespace name 'MockContext' could not be found (are you missing a using directive or an assembly reference?)
C:\gh\azure-sdk-for-net\sdk\attestation\Microsoft.Azure.Attestation\tests\BasicTests\AttestationTestFixture.cs(63,64): error CS0246: The type or namespace name 'ResourceManagementClient' could not be found (are you missing a using directive or an assembly reference?)
C:\gh\azure-sdk-for-net\sdk\attestation\Microsoft.Azure.Attestation\tests\BasicTests\AttestationOperationsTests.cs(65,20): error CS0246: The type or namespace name 'MockContext' could not be found (are you missing a using directive or an assembly reference?)
C:\gh\azure-sdk-for-net\sdk\attestation\Microsoft.Azure.Attestation\tests\BasicTests\AttestationOperationsTests.cs(65,38): error CS0103: The name 'MockContext' does not exist in the current context
C:\gh\azure-sdk-for-net\sdk\attestation\Microsoft.Azure.Attestation\tests\BasicTests\AttestationOperationsTests.cs(70,41): error CS0012: The type 'AzureOperationResponse<>' is defined in an assembly that is not referenced. You must add a reference to assembly 'Microsoft.Rest.ClientRuntime.Azure, Version=3.0.0.0, Culture=neutral, PublicKeyToken=31bf3856ad364e35'.
C:\gh\azure-sdk-for-net\sdk\attestation\Microsoft.Azure.Attestation\tests\BasicTests\AttestationOperationsTests.cs(71,17): error CS0103: The name 'Assert' does not exist in the current context
C:\gh\azure-sdk-for-net\sdk\attestation\Microsoft.Azure.Attestation\tests\BasicTests\AttestationOperationsTests.cs(71,67): error CS0012: The type 'AzureOperationResponse<>' is defined in an assembly that is not referenced. You must add a reference to assembly 'Microsoft.Rest.ClientRuntime.Azure, Version=3.0.0.0, Culture=neutral, PublicKeyToken=31bf3856ad364e35'.
C:\gh\azure-sdk-for-net\sdk\attestation\Microsoft.Azure.Attestation\tests\BasicTests\AttestationOperationsTests.cs(73,48): error CS1503: Argument 1: cannot convert from 'System.Threading.Tasks.Task<Microsoft.Rest.Azure.AzureOperationResponse<object>>' to 'System.Threading.Tasks.Task<AzureOperationResponse<object>>'
C:\gh\azure-sdk-for-net\sdk\attestation\Microsoft.Azure.Attestation\tests\BasicTests\AttestationOperationsTests.cs(74,17): error CS0103: The name 'Assert' does not exist in the current context
C:\gh\azure-sdk-for-net\sdk\attestation\Microsoft.Azure.Attestation\tests\BasicTests\AttestationOperationsTests.cs(74,30): error CS0103: The name 'JTokenType' does not exist in the current context
C:\gh\azure-sdk-for-net\sdk\attestation\Microsoft.Azure.Attestation\tests\BasicTests\AttestationOperationsTests.cs(75,17): error CS0103: The name 'Assert' does not exist in the current context
C:\gh\azure-sdk-for-net\sdk\attestation\Microsoft.Azure.Attestation\tests\BasicTests\AttestationOperationsTests.cs(78,37): error CS0012: The type 'AzureOperationResponse<>' is defined in an assembly that is not referenced. You must add a reference to assembly 'Microsoft.Rest.ClientRuntime.Azure, Version=3.0.0.0, Culture=neutral, PublicKeyToken=31bf3856ad364e35'.
C:\gh\azure-sdk-for-net\sdk\attestation\Microsoft.Azure.Attestation\tests\BasicTests\AttestationOperationsTests.cs(79,17): error CS0103: The name 'Assert' does not exist in the current context
C:\gh\azure-sdk-for-net\sdk\attestation\Microsoft.Azure.Attestation\tests\BasicTests\AttestationOperationsTests.cs(79,67): error CS0012: The type 'AzureOperationResponse<>' is defined in an assembly that is not referenced. You must add a reference to assembly 'Microsoft.Rest.ClientRuntime.Azure, Version=3.0.0.0, Culture=neutral, PublicKeyToken=31bf3856ad364e35'.
C:\gh\azure-sdk-for-net\sdk\attestation\Microsoft.Azure.Attestation\tests\BasicTests\AttestationOperationsTests.cs(80,17): error CS0103: The name 'Assert' does not exist in the current context
C:\gh\azure-sdk-for-net\sdk\attestation\Microsoft.Azure.Attestation\tests\BasicTests\AttestationOperationsTests.cs(80,50): error CS0012: The type 'AzureOperationResponse<>' is defined in an assembly that is not referenced. You must add a reference to assembly 'Microsoft.Rest.ClientRuntime.Azure, Version=3.0.0.0, Culture=neutral, PublicKeyToken=31bf3856ad364e35'.
C:\gh\azure-sdk-for-net\sdk\attestation\Microsoft.Azure.Attestation\tests\BasicTests\AttestationOperationsTests.cs(81,17): error CS0103: The name 'Assert' does not exist in the current context
C:\gh\azure-sdk-for-net\sdk\attestation\Microsoft.Azure.Attestation\tests\BasicTests\AttestationOperationsTests.cs(81,48): error CS0012: The type 'AzureOperationResponse<>' is defined in an assembly that is not referenced. You must add a reference to assembly 'Microsoft.Rest.ClientRuntime.Azure, Version=3.0.0.0, Culture=neutral, PublicKeyToken=31bf3856ad364e35'.
C:\gh\azure-sdk-for-net\sdk\attestation\Microsoft.Azure.Attestation\tests\BasicTests\AttestationOperationsTests.cs(83,44): error CS1503: Argument 1: cannot convert from 'System.Threading.Tasks.Task<Microsoft.Rest.Azure.AzureOperationResponse<object>>' to 'System.Threading.Tasks.Task<AzureOperationResponse<object>>'
C:\gh\azure-sdk-for-net\sdk\attestation\Microsoft.Azure.Attestation\tests\BasicTests\AttestationOperationsTests.cs(84,17): error CS0103: The name 'Assert' does not exist in the current context
C:\gh\azure-sdk-for-net\sdk\attestation\Microsoft.Azure.Attestation\tests\BasicTests\AttestationOperationsTests.cs(84,30): error CS0103: The name 'JTokenType' does not exist in the current context
C:\gh\azure-sdk-for-net\sdk\attestation\Microsoft.Azure.Attestation\tests\BasicTests\AttestationOperationsTests.cs(85,17): error CS0103: The name 'Assert' does not exist in the current context
C:\gh\azure-sdk-for-net\sdk\attestation\Microsoft.Azure.Attestation\tests\BasicTests\AttestationOperationsTests.cs(89,17): error CS0103: The name 'Assert' does not exist in the current context
C:\gh\azure-sdk-for-net\sdk\attestation\Microsoft.Azure.Attestation\tests\BasicTests\AttestationOperationsTests.cs(90,17): error CS0103: The name 'Assert' does not exist in the current context
C:\gh\azure-sdk-for-net\sdk\attestation\Microsoft.Azure.Attestation\tests\BasicTests\AttestationOperationsTests.cs(93,37): error CS0012: The type 'AzureOperationResponse<>' is defined in an assembly that is not referenced. You must add a reference to assembly 'Microsoft.Rest.ClientRuntime.Azure, Version=3.0.0.0, Culture=neutral, PublicKeyToken=31bf3856ad364e35'.
C:\gh\azure-sdk-for-net\sdk\attestation\Microsoft.Azure.Attestation\tests\BasicTests\AttestationOperationsTests.cs(94,17): error CS0103: The name 'Assert' does not exist in the current context
C:\gh\azure-sdk-for-net\sdk\attestation\Microsoft.Azure.Attestation\tests\BasicTests\AttestationOperationsTests.cs(94,67): error CS0012: The type 'AzureOperationResponse<>' is defined in an assembly that is not referenced. You must add a reference to assembly 'Microsoft.Rest.ClientRuntime.Azure, Version=3.0.0.0, Culture=neutral, PublicKeyToken=31bf3856ad364e35'.
C:\gh\azure-sdk-for-net\sdk\attestation\Microsoft.Azure.Attestation\tests\BasicTests\AttestationOperationsTests.cs(95,17): error CS0103: The name 'Assert' does not exist in the current context
C:\gh\azure-sdk-for-net\sdk\attestation\Microsoft.Azure.Attestation\tests\BasicTests\AttestationOperationsTests.cs(95,50): error CS0012: The type 'AzureOperationResponse<>' is defined in an assembly that is not referenced. You must add a reference to assembly 'Microsoft.Rest.ClientRuntime.Azure, Version=3.0.0.0, Culture=neutral, PublicKeyToken=31bf3856ad364e35'.
C:\gh\azure-sdk-for-net\sdk\attestation\Microsoft.Azure.Attestation\tests\BasicTests\AttestationOperationsTests.cs(96,17): error CS0103: The name 'Assert' does not exist in the current context
C:\gh\azure-sdk-for-net\sdk\attestation\Microsoft.Azure.Attestation\tests\BasicTests\AttestationOperationsTests.cs(96,48): error CS0012: The type 'AzureOperationResponse<>' is defined in an assembly that is not referenced. You must add a reference to assembly 'Microsoft.Rest.ClientRuntime.Azure, Version=3.0.0.0, Culture=neutral, PublicKeyToken=31bf3856ad364e35'.
C:\gh\azure-sdk-for-net\sdk\attestation\Microsoft.Azure.Attestation\tests\BasicTests\AttestationOperationsTests.cs(98,44): error CS1503: Argument 1: cannot convert from 'System.Threading.Tasks.Task<Microsoft.Rest.Azure.AzureOperationResponse<object>>' to 'System.Threading.Tasks.Task<AzureOperationResponse<object>>'
C:\gh\azure-sdk-for-net\sdk\attestation\Microsoft.Azure.Attestation\tests\BasicTests\AttestationOperationsTests.cs(99,17): error CS0103: The name 'Assert' does not exist in the current context
C:\gh\azure-sdk-for-net\sdk\attestation\Microsoft.Azure.Attestation\tests\BasicTests\AttestationOperationsTests.cs(99,30): error CS0103: The name 'JTokenType' does not exist in the current context
C:\gh\azure-sdk-for-net\sdk\attestation\Microsoft.Azure.Attestation\tests\BasicTests\AttestationOperationsTests.cs(100,17): error CS0103: The name 'Assert' does not exist in the current context
C:\gh\azure-sdk-for-net\sdk\attestation\Microsoft.Azure.Attestation\tests\BasicTests\AttestationOperationsTests.cs(119,17): error CS0103: The name 'Assert' does not exist in the current context
C:\gh\azure-sdk-for-net\sdk\attestation\Microsoft.Azure.Attestation\tests\BasicTests\AttestationOperationsTests.cs(122,37): error CS0012: The type 'AzureOperationResponse<>' is defined in an assembly that is not referenced. You must add a reference to assembly 'Microsoft.Rest.ClientRuntime.Azure, Version=3.0.0.0, Culture=neutral, PublicKeyToken=31bf3856ad364e35'.
C:\gh\azure-sdk-for-net\sdk\attestation\Microsoft.Azure.Attestation\tests\BasicTests\AttestationOperationsTests.cs(123,17): error CS0103: The name 'Assert' does not exist in the current context
C:\gh\azure-sdk-for-net\sdk\attestation\Microsoft.Azure.Attestation\tests\BasicTests\AttestationOperationsTests.cs(123,67): error CS0012: The type 'AzureOperationResponse<>' is defined in an assembly that is not referenced. You must add a reference to assembly 'Microsoft.Rest.ClientRuntime.Azure, Version=3.0.0.0, Culture=neutral, PublicKeyToken=31bf3856ad364e35'.
C:\gh\azure-sdk-for-net\sdk\attestation\Microsoft.Azure.Attestation\tests\BasicTests\AttestationOperationsTests.cs(124,17): error CS0103: The name 'Assert' does not exist in the current context
C:\gh\azure-sdk-for-net\sdk\attestation\Microsoft.Azure.Attestation\tests\BasicTests\AttestationOperationsTests.cs(124,50): error CS0012: The type 'AzureOperationResponse<>' is defined in an assembly that is not referenced. You must add a reference to assembly 'Microsoft.Rest.ClientRuntime.Azure, Version=3.0.0.0, Culture=neutral, PublicKeyToken=31bf3856ad364e35'.
C:\gh\azure-sdk-for-net\sdk\attestation\Microsoft.Azure.Attestation\tests\BasicTests\AttestationOperationsTests.cs(125,17): error CS0103: The name 'Assert' does not exist in the current context
C:\gh\azure-sdk-for-net\sdk\attestation\Microsoft.Azure.Attestation\tests\BasicTests\AttestationOperationsTests.cs(125,48): error CS0012: The type 'AzureOperationResponse<>' is defined in an assembly that is not referenced. You must add a reference to assembly 'Microsoft.Rest.ClientRuntime.Azure, Version=3.0.0.0, Culture=neutral, PublicKeyToken=31bf3856ad364e35'.
C:\gh\azure-sdk-for-net\sdk\attestation\Microsoft.Azure.Attestation\tests\BasicTests\AttestationOperationsTests.cs(127,44): error CS1503: Argument 1: cannot convert from 'System.Threading.Tasks.Task<Microsoft.Rest.Azure.AzureOperationResponse<object>>' to 'System.Threading.Tasks.Task<AzureOperationResponse<object>>'
C:\gh\azure-sdk-for-net\sdk\attestation\Microsoft.Azure.Attestation\tests\BasicTests\AttestationOperationsTests.cs(128,17): error CS0103: The name 'Assert' does not exist in the current context
C:\gh\azure-sdk-for-net\sdk\attestation\Microsoft.Azure.Attestation\tests\BasicTests\AttestationOperationsTests.cs(128,30): error CS0103: The name 'JTokenType' does not exist in the current context
C:\gh\azure-sdk-for-net\sdk\attestation\Microsoft.Azure.Attestation\tests\BasicTests\AttestationOperationsTests.cs(129,17): error CS0103: The name 'Assert' does not exist in the current context
C:\gh\azure-sdk-for-net\sdk\attestation\Microsoft.Azure.Attestation\tests\BasicTests\AttestationOperationsTests.cs(133,17): error CS0103: The name 'Assert' does not exist in the current context
C:\gh\azure-sdk-for-net\sdk\attestation\Microsoft.Azure.Attestation\tests\BasicTests\AttestationOperationsTests.cs(134,17): error CS0103: The name 'Assert' does not exist in the current context
C:\gh\azure-sdk-for-net\sdk\attestation\Microsoft.Azure.Attestation\tests\BasicTests\AttestationOperationsTests.cs(141,31): error CS0103: The name 'Base64UrlEncoder' does not exist in the current context
C:\gh\azure-sdk-for-net\sdk\attestation\Microsoft.Azure.Attestation\tests\BasicTests\AttestationOperationsTests.cs(142,13): error CS0246: The type or namespace name 'JObject' could not be found (are you missing a using directive or an assembly reference?)
C:\gh\azure-sdk-for-net\sdk\attestation\Microsoft.Azure.Attestation\tests\BasicTests\AttestationOperationsTests.cs(142,32): error CS0103: The name 'JObject' does not exist in the current context
C:\gh\azure-sdk-for-net\sdk\attestation\Microsoft.Azure.Attestation\tests\BasicTests\AttestationOperationsTests.cs(149,20): error CS0246: The type or namespace name 'MockContext' could not be found (are you missing a using directive or an assembly reference?)
C:\gh\azure-sdk-for-net\sdk\attestation\Microsoft.Azure.Attestation\tests\BasicTests\AttestationOperationsTests.cs(149,38): error CS0103: The name 'MockContext' does not exist in the current context
C:\gh\azure-sdk-for-net\sdk\attestation\Microsoft.Azure.Attestation\tests\BasicTests\AttestationOperationsTests.cs(157,33): error CS0012: The type 'AzureOperationResponse<>' is defined in an assembly that is not referenced. You must add a reference to assembly 'Microsoft.Rest.ClientRuntime.Azure, Version=3.0.0.0, Culture=neutral, PublicKeyToken=31bf3856ad364e35'.
C:\gh\azure-sdk-for-net\sdk\attestation\Microsoft.Azure.Attestation\tests\BasicTests\AttestationOperationsTests.cs(158,32): error CS0012: The type 'AzureOperationResponse<>' is defined in an assembly that is not referenced. You must add a reference to assembly 'Microsoft.Rest.ClientRuntime.Azure, Version=3.0.0.0, Culture=neutral, PublicKeyToken=31bf3856ad364e35'.
C:\gh\azure-sdk-for-net\sdk\attestation\Microsoft.Azure.Attestation\tests\BasicTests\AttestationOperationsTests.cs(159,17): error CS0103: The name 'Assert' does not exist in the current context
C:\gh\azure-sdk-for-net\sdk\attestation\Microsoft.Azure.Attestation\tests\BasicTests\AttestationOperationsTests.cs(163,33): error CS0012: The type 'AzureOperationResponse<>' is defined in an assembly that is not referenced. You must add a reference to assembly 'Microsoft.Rest.ClientRuntime.Azure, Version=3.0.0.0, Culture=neutral, PublicKeyToken=31bf3856ad364e35'.
C:\gh\azure-sdk-for-net\sdk\attestation\Microsoft.Azure.Attestation\tests\BasicTests\AttestationOperationsTests.cs(163,134): error CS0012: The type 'AzureOperationResponse<>' is defined in an assembly that is not referenced. You must add a reference to assembly 'Microsoft.Rest.ClientRuntime.Azure, Version=3.0.0.0, Culture=neutral, PublicKeyToken=31bf3856ad364e35'.
C:\gh\azure-sdk-for-net\sdk\attestation\Microsoft.Azure.Attestation\tests\BasicTests\AttestationOperationsTests.cs(164,17): error CS0103: The name 'Assert' does not exist in the current context
C:\gh\azure-sdk-for-net\sdk\attestation\Microsoft.Azure.Attestation\tests\BasicTests\AttestationOperationsTests.cs(167,39): error CS0012: The type 'AzureOperationResponse<>' is defined in an assembly that is not referenced. You must add a reference to assembly 'Microsoft.Rest.ClientRuntime.Azure, Version=3.0.0.0, Culture=neutral, PublicKeyToken=31bf3856ad364e35'.
C:\gh\azure-sdk-for-net\sdk\attestation\Microsoft.Azure.Attestation\tests\BasicTests\AttestationOperationsTests.cs(167,118): error CS0012: The type 'AzureOperationResponse<>' is defined in an assembly that is not referenced. You must add a reference to assembly 'Microsoft.Rest.ClientRuntime.Azure, Version=3.0.0.0, Culture=neutral, PublicKeyToken=31bf3856ad364e35'.
C:\gh\azure-sdk-for-net\sdk\attestation\Microsoft.Azure.Attestation\tests\BasicTests\AttestationOperationsTests.cs(168,17): error CS0103: The name 'Assert' does not exist in the current context
C:\gh\azure-sdk-for-net\sdk\attestation\Microsoft.Azure.Attestation\tests\BasicTests\AttestationOperationsTests.cs(170,17): error CS0103: The name 'Assert' does not exist in the current context
C:\gh\azure-sdk-for-net\sdk\attestation\Microsoft.Azure.Attestation\tests\BasicTests\AttestationOperationsTests.cs(171,17): error CS0103: The name 'Assert' does not exist in the current context
C:\gh\azure-sdk-for-net\sdk\attestation\Microsoft.Azure.Attestation\tests\BasicTests\AttestationOperationsTests.cs(174,35): error CS0012: The type 'AzureOperationResponse<>' is defined in an assembly that is not referenced. You must add a reference to assembly 'Microsoft.Rest.ClientRuntime.Azure, Version=3.0.0.0, Culture=neutral, PublicKeyToken=31bf3856ad364e35'.
C:\gh\azure-sdk-for-net\sdk\attestation\Microsoft.Azure.Attestation\tests\BasicTests\AttestationOperationsTests.cs(174,141): error CS0012: The type 'AzureOperationResponse<>' is defined in an assembly that is not referenced. You must add a reference to assembly 'Microsoft.Rest.ClientRuntime.Azure, Version=3.0.0.0, Culture=neutral, PublicKeyToken=31bf3856ad364e35'.
C:\gh\azure-sdk-for-net\sdk\attestation\Microsoft.Azure.Attestation\tests\BasicTests\AttestationOperationsTests.cs(175,17): error CS0103: The name 'Assert' does not exist in the current context
C:\gh\azure-sdk-for-net\sdk\attestation\Microsoft.Azure.Attestation\tests\BasicTests\AttestationOperationsTests.cs(182,20): error CS0246: The type or namespace name 'MockContext' could not be found (are you missing a using directive or an assembly reference?)
C:\gh\azure-sdk-for-net\sdk\attestation\Microsoft.Azure.Attestation\tests\BasicTests\AttestationOperationsTests.cs(182,38): error CS0103: The name 'MockContext' does not exist in the current context
C:\gh\azure-sdk-for-net\sdk\attestation\Microsoft.Azure.Attestation\tests\BasicTests\AttestationOperationsTests.cs(186,28): error CS0103: The name 'JsonConvert' does not exist in the current context
C:\gh\azure-sdk-for-net\sdk\attestation\Microsoft.Azure.Attestation\tests\BasicTests\AttestationOperationsTests.cs(186,82): error CS0246: The type or namespace name 'JObject' could not be found (are you missing a using directive or an assembly reference?)
C:\gh\azure-sdk-for-net\sdk\attestation\Microsoft.Azure.Attestation\tests\BasicTests\AttestationOperationsTests.cs(187,17): error CS0103: The name 'Assert' does not exist in the current context
C:\gh\azure-sdk-for-net\sdk\attestation\Microsoft.Azure.Attestation\tests\BasicTests\AttestationOperationsTests.cs(189,17): error CS0103: The name 'Assert' does not exist in the current context
C:\gh\azure-sdk-for-net\sdk\attestation\Microsoft.Azure.Attestation\tests\BasicTests\AttestationOperationsTests.cs(189,30): error CS0103: The name 'JTokenType' does not exist in the current context
C:\gh\azure-sdk-for-net\sdk\attestation\Microsoft.Azure.Attestation\tests\BasicTests\AttestationOperationsTests.cs(190,17): error CS0103: The name 'Assert' does not exist in the current context
C:\gh\azure-sdk-for-net\sdk\attestation\Microsoft.Azure.Attestation\tests\BasicTests\AttestationOperationsTests.cs(191,17): error CS0103: The name 'Assert' does not exist in the current context
C:\gh\azure-sdk-for-net\sdk\attestation\Microsoft.Azure.Attestation\tests\BasicTests\AttestationOperationsTests.cs(191,30): error CS0103: The name 'JTokenType' does not exist in the current context
C:\gh\azure-sdk-for-net\sdk\attestation\Microsoft.Azure.Attestation\tests\BasicTests\AttestationOperationsTests.cs(192,17): error CS0103: The name 'Assert' does not exist in the current context
C:\gh\azure-sdk-for-net\sdk\attestation\Microsoft.Azure.Attestation\tests\BasicTests\AttestationOperationsTests.cs(193,17): error CS0103: The name 'Assert' does not exist in the current context
C:\gh\azure-sdk-for-net\sdk\attestation\Microsoft.Azure.Attestation\tests\BasicTests\AttestationOperationsTests.cs(193,30): error CS0103: The name 'JTokenType' does not exist in the current context
C:\gh\azure-sdk-for-net\sdk\attestation\Microsoft.Azure.Attestation\tests\BasicTests\AttestationOperationsTests.cs(194,17): error CS0103: The name 'Assert' does not exist in the current context
C:\gh\azure-sdk-for-net\sdk\attestation\Microsoft.Azure.Attestation\tests\BasicTests\AttestationOperationsTests.cs(196,17): error CS0103: The name 'Assert' does not exist in the current context
C:\gh\azure-sdk-for-net\sdk\attestation\Microsoft.Azure.Attestation\tests\BasicTests\AttestationOperationsTests.cs(196,30): error CS0103: The name 'JTokenType' does not exist in the current context
C:\gh\azure-sdk-for-net\sdk\attestation\Microsoft.Azure.Attestation\tests\BasicTests\AttestationOperationsTests.cs(197,17): error CS0103: The name 'Assert' does not exist in the current context
C:\gh\azure-sdk-for-net\sdk\attestation\Microsoft.Azure.Attestation\tests\BasicTests\AttestationOperationsTests.cs(198,17): error CS0103: The name 'Assert' does not exist in the current context
C:\gh\azure-sdk-for-net\sdk\attestation\Microsoft.Azure.Attestation\tests\BasicTests\AttestationOperationsTests.cs(198,30): error CS0103: The name 'JTokenType' does not exist in the current context
C:\gh\azure-sdk-for-net\sdk\attestation\Microsoft.Azure.Attestation\tests\BasicTests\AttestationOperationsTests.cs(199,17): error CS0103: The name 'Assert' does not exist in the current context
C:\gh\azure-sdk-for-net\sdk\attestation\Microsoft.Azure.Attestation\tests\BasicTests\AttestationOperationsTests.cs(202,17): error CS0103: The name 'Assert' does not exist in the current context
C:\gh\azure-sdk-for-net\sdk\attestation\Microsoft.Azure.Attestation\tests\BasicTests\AttestationOperationsTests.cs(202,30): error CS0103: The name 'JTokenType' does not exist in the current context
C:\gh\azure-sdk-for-net\sdk\attestation\Microsoft.Azure.Attestation\tests\BasicTests\AttestationOperationsTests.cs(203,17): error CS0103: The name 'Assert' does not exist in the current context
C:\gh\azure-sdk-for-net\sdk\attestation\Microsoft.Azure.Attestation\tests\BasicTests\AttestationOperationsTests.cs(206,17): error CS0103: The name 'Assert' does not exist in the current context
C:\gh\azure-sdk-for-net\sdk\attestation\Microsoft.Azure.Attestation\tests\BasicTests\AttestationOperationsTests.cs(206,30): error CS0103: The name 'JTokenType' does not exist in the current context
C:\gh\azure-sdk-for-net\sdk\attestation\Microsoft.Azure.Attestation\tests\BasicTests\AttestationOperationsTests.cs(207,17): error CS0103: The name 'Assert' does not exist in the current context
C:\gh\azure-sdk-for-net\sdk\attestation\Microsoft.Azure.Attestation\tests\BasicTests\AttestationOperationsTests.cs(210,17): error CS0103: The name 'Assert' does not exist in the current context
C:\gh\azure-sdk-for-net\sdk\attestation\Microsoft.Azure.Attestation\tests\BasicTests\AttestationOperationsTests.cs(210,30): error CS0103: The name 'JTokenType' does not exist in the current context
C:\gh\azure-sdk-for-net\sdk\attestation\Microsoft.Azure.Attestation\tests\BasicTests\AttestationOperationsTests.cs(211,17): error CS0103: The name 'Assert' does not exist in the current context
C:\gh\azure-sdk-for-net\sdk\attestation\Microsoft.Azure.Attestation\tests\BasicTests\AttestationOperationsTests.cs(212,17): error CS0103: The name 'Assert' does not exist in the current context
C:\gh\azure-sdk-for-net\sdk\attestation\Microsoft.Azure.Attestation\tests\BasicTests\AttestationOperationsTests.cs(212,30): error CS0103: The name 'JTokenType' does not exist in the current context
C:\gh\azure-sdk-for-net\sdk\attestation\Microsoft.Azure.Attestation\tests\BasicTests\AttestationOperationsTests.cs(213,17): error CS0103: The name 'Assert' does not exist in the current context
C:\gh\azure-sdk-for-net\sdk\attestation\Microsoft.Azure.Attestation\tests\BasicTests\AttestationOperationsTests.cs(214,17): error CS0103: The name 'Assert' does not exist in the current context
C:\gh\azure-sdk-for-net\sdk\attestation\Microsoft.Azure.Attestation\tests\BasicTests\AttestationOperationsTests.cs(214,30): error CS0103: The name 'JTokenType' does not exist in the current context
C:\gh\azure-sdk-for-net\sdk\attestation\Microsoft.Azure.Attestation\tests\BasicTests\AttestationOperationsTests.cs(215,17): error CS0103: The name 'Assert' does not exist in the current context
C:\gh\azure-sdk-for-net\sdk\attestation\Microsoft.Azure.Attestation\tests\BasicTests\AttestationOperationsTests.cs(216,17): error CS0103: The name 'Assert' does not exist in the current context
C:\gh\azure-sdk-for-net\sdk\attestation\Microsoft.Azure.Attestation\tests\BasicTests\AttestationOperationsTests.cs(216,30): error CS0103: The name 'JTokenType' does not exist in the current context
C:\gh\azure-sdk-for-net\sdk\attestation\Microsoft.Azure.Attestation\tests\BasicTests\AttestationOperationsTests.cs(217,17): error CS0103: The name 'Assert' does not exist in the current context
C:\gh\azure-sdk-for-net\sdk\attestation\Microsoft.Azure.Attestation\tests\BasicTests\AttestationOperationsTests.cs(218,17): error CS0103: The name 'Assert' does not exist in the current context
C:\gh\azure-sdk-for-net\sdk\attestation\Microsoft.Azure.Attestation\tests\BasicTests\AttestationOperationsTests.cs(218,30): error CS0103: The name 'JTokenType' does not exist in the current context
C:\gh\azure-sdk-for-net\sdk\attestation\Microsoft.Azure.Attestation\tests\BasicTests\AttestationOperationsTests.cs(219,17): error CS0103: The name 'Assert' does not exist in the current context
C:\gh\azure-sdk-for-net\sdk\attestation\Microsoft.Azure.Attestation\tests\BasicTests\AttestationOperationsTests.cs(220,17): error CS0103: The name 'Assert' does not exist in the current context
C:\gh\azure-sdk-for-net\sdk\attestation\Microsoft.Azure.Attestation\tests\BasicTests\AttestationOperationsTests.cs(220,30): error CS0103: The name 'JTokenType' does not exist in the current context
C:\gh\azure-sdk-for-net\sdk\attestation\Microsoft.Azure.Attestation\tests\BasicTests\AttestationOperationsTests.cs(221,17): error CS0103: The name 'Assert' does not exist in the current context
C:\gh\azure-sdk-for-net\sdk\attestation\Microsoft.Azure.Attestation\tests\BasicTests\AttestationOperationsTests.cs(222,17): error CS0103: The name 'Assert' does not exist in the current context
C:\gh\azure-sdk-for-net\sdk\attestation\Microsoft.Azure.Attestation\tests\BasicTests\AttestationOperationsTests.cs(222,30): error CS0103: The name 'JTokenType' does not exist in the current context
C:\gh\azure-sdk-for-net\sdk\attestation\Microsoft.Azure.Attestation\tests\BasicTests\AttestationOperationsTests.cs(223,17): error CS0103: The name 'Assert' does not exist in the current context
C:\gh\azure-sdk-for-net\sdk\attestation\Microsoft.Azure.Attestation\tests\BasicTests\AttestationOperationsTests.cs(224,17): error CS0103: The name 'Assert' does not exist in the current context
C:\gh\azure-sdk-for-net\sdk\attestation\Microsoft.Azure.Attestation\tests\BasicTests\AttestationOperationsTests.cs(224,30): error CS0103: The name 'JTokenType' does not exist in the current context
C:\gh\azure-sdk-for-net\sdk\attestation\Microsoft.Azure.Attestation\tests\BasicTests\AttestationOperationsTests.cs(225,17): error CS0103: The name 'Assert' does not exist in the current context
C:\gh\azure-sdk-for-net\sdk\attestation\Microsoft.Azure.Attestation\tests\BasicTests\AttestationOperationsTests.cs(226,17): error CS0103: The name 'Assert' does not exist in the current context
C:\gh\azure-sdk-for-net\sdk\attestation\Microsoft.Azure.Attestation\tests\BasicTests\AttestationOperationsTests.cs(226,30): error CS0103: The name 'JTokenType' does not exist in the current context
C:\gh\azure-sdk-for-net\sdk\attestation\Microsoft.Azure.Attestation\tests\BasicTests\AttestationOperationsTests.cs(227,17): error CS0103: The name 'Assert' does not exist in the current context
C:\gh\azure-sdk-for-net\sdk\attestation\Microsoft.Azure.Attestation\tests\BasicTests\AttestationOperationsTests.cs(228,17): error CS0103: The name 'Assert' does not exist in the current context
C:\gh\azure-sdk-for-net\sdk\attestation\Microsoft.Azure.Attestation\tests\BasicTests\AttestationOperationsTests.cs(228,30): error CS0103: The name 'JTokenType' does not exist in the current context
C:\gh\azure-sdk-for-net\sdk\attestation\Microsoft.Azure.Attestation\tests\BasicTests\AttestationOperationsTests.cs(229,17): error CS0103: The name 'Assert' does not exist in the current context
C:\gh\azure-sdk-for-net\sdk\attestation\Microsoft.Azure.Attestation\tests\BasicTests\AttestationOperationsTests.cs(236,20): error CS0246: The type or namespace name 'MockContext' could not be found (are you missing a using directive or an assembly reference?)
C:\gh\azure-sdk-for-net\sdk\attestation\Microsoft.Azure.Attestation\tests\BasicTests\AttestationOperationsTests.cs(236,38): error CS0103: The name 'MockContext' does not exist in the current context
C:\gh\azure-sdk-for-net\sdk\attestation\Microsoft.Azure.Attestation\tests\BasicTests\AttestationOperationsTests.cs(241,28): error CS0103: The name 'JsonConvert' does not exist in the current context
C:\gh\azure-sdk-for-net\sdk\attestation\Microsoft.Azure.Attestation\tests\BasicTests\AttestationOperationsTests.cs(241,82): error CS0246: The type or namespace name 'JObject' could not be found (are you missing a using directive or an assembly reference?)
C:\gh\azure-sdk-for-net\sdk\attestation\Microsoft.Azure.Attestation\tests\BasicTests\AttestationOperationsTests.cs(242,17): error CS0103: The name 'Assert' does not exist in the current context
C:\gh\azure-sdk-for-net\sdk\attestation\Microsoft.Azure.Attestation\tests\BasicTests\AttestationOperationsTests.cs(244,32): error CS0246: The type or namespace name 'JsonWebKeySet' could not be found (are you missing a using directive or an assembly reference?)
C:\gh\azure-sdk-for-net\sdk\attestation\Microsoft.Azure.Attestation\tests\BasicTests\AttestationOperationsTests.cs(248,21): error CS0103: The name 'Assert' does not exist in the current context
C:\gh\azure-sdk-for-net\sdk\attestation\Microsoft.Azure.Attestation\tests\BasicTests\AttestationOperationsTests.cs(248,40): error CS0246: The type or namespace name 'X509SecurityKey' could not be found (are you missing a using directive or an assembly reference?)
C:\gh\azure-sdk-for-net\sdk\attestation\Microsoft.Azure.Attestation\tests\BasicTests\AttestationOperationsTests.cs(249,42): error CS0246: The type or namespace name 'X509SecurityKey' could not be found (are you missing a using directive or an assembly reference?)
C:\gh\azure-sdk-for-net\artifacts\obj\Microsoft.Azure.Attestation.Tests\Debug\net461\.NETFramework,Version=v4.6.1.AssemblyAttributes.cs(2,1): hidden CS8019: Unnecessary using directive.
C:\gh\azure-sdk-for-net\sdk\attestation\Microsoft.Azure.Attestation\tests\BasicTests\AttestationOperationsTests.cs(15,1): hidden CS8019: Unnecessary using directive.
C:\gh\azure-sdk-for-net\sdk\attestation\Microsoft.Azure.Attestation\tests\BasicTests\AttestationTestFixture.cs(9,1): hidden CS8019: Unnecessary using directive.
C:\gh\azure-sdk-for-net\sdk\attestation\Microsoft.Azure.Attestation\tests\BasicTests\AttestationTestFixture.cs(6,1): hidden CS8019: Unnecessary using directive.
C:\gh\azure-sdk-for-net\eng\mgmt\DisableTestRunParallel.cs(4,1): hidden CS8019: Unnecessary using directive.
C:\gh\azure-sdk-for-net\artifacts\obj\Microsoft.Azure.Attestation.Tests\Debug\net461\.NETFramework,Version=v4.6.1.AssemblyAttributes.cs(3,1): hidden CS8019: Unnecessary using directive.
C:\gh\azure-sdk-for-net\sdk\attestation\Microsoft.Azure.Attestation\tests\BasicTests\AttestationOperationsTests.cs(11,1): hidden CS8019: Unnecessary using directive.
C:\gh\azure-sdk-for-net\sdk\attestation\Microsoft.Azure.Attestation\tests\BasicTests\AttestationTestFixture.cs(8,1): hidden CS8019: Unnecessary using directive.
C:\gh\azure-sdk-for-net\sdk\attestation\Microsoft.Azure.Attestation\tests\BasicTests\AttestationTestFixture.cs(5,1): hidden CS8019: Unnecessary using directive.
C:\gh\azure-sdk-for-net\eng\mgmt\DisableTestRunParallel.cs(5,1): hidden CS8019: Unnecessary using directive.
C:\gh\azure-sdk-for-net\artifacts\obj\Microsoft.Azure.Attestation.Tests\Debug\net461\Microsoft.Azure.Attestation.Tests.AssemblyInfo.cs(11,1): hidden CS8019: Unnecessary using directive.
C:\gh\azure-sdk-for-net\sdk\attestation\Microsoft.Azure.Attestation\tests\BasicTests\AttestationTestFixture.cs(7,1): hidden CS8019: Unnecessary using directive.
C:\gh\azure-sdk-for-net\sdk\attestation\Microsoft.Azure.Attestation\tests\BasicTests\AttestationOperationsTests.cs(10,1): hidden CS8019: Unnecessary using directive.
C:\gh\azure-sdk-for-net\artifacts\obj\Microsoft.Azure.Attestation.Tests\Debug\net461\Microsoft.Azure.Attestation.Tests.AssemblyInfo.cs(12,1): hidden CS8019: Unnecessary using directive.
C:\gh\azure-sdk-for-net\sdk\attestation\Microsoft.Azure.Attestation\tests\BasicTests\AttestationOperationsTests.cs(16,1): hidden CS8019: Unnecessary using directive.
C:\gh\azure-sdk-for-net\sdk\attestation\Microsoft.Azure.Attestation\tests\BasicTests\AttestationOperationsTests.cs(9,1): hidden CS8019: Unnecessary using directive.
C:\gh\azure-sdk-for-net\sdk\attestation\Microsoft.Azure.Attestation\tests\BasicTests\AttestationOperationsTests.cs(7,1): hidden CS8019: Unnecessary using directive.
C:\gh\azure-sdk-for-net\sdk\attestation\Microsoft.Azure.Attestation\tests\BasicTests\AttestationOperationsTests.cs(6,1): hidden CS8019: Unnecessary using directive.
