C:\gh\azure-sdk-for-net\sdk\communication\Azure.Communication.Chat\tests\samples\Sample2_MessagingOperations.cs(17,10): error CS0246: The type or namespace name 'TestAttribute' could not be found (are you missing a using directive or an assembly reference?)
C:\gh\azure-sdk-for-net\sdk\communication\Azure.Communication.Chat\tests\samples\Sample2_MessagingOperations.cs(17,10): error CS0246: The type or namespace name 'Test' could not be found (are you missing a using directive or an assembly reference?)
C:\gh\azure-sdk-for-net\sdk\communication\Azure.Communication.Chat\tests\samples\Sample3_MemberOperations.cs(17,10): error CS0246: The type or namespace name 'TestAttribute' could not be found (are you missing a using directive or an assembly reference?)
C:\gh\azure-sdk-for-net\sdk\communication\Azure.Communication.Chat\tests\samples\Sample3_MemberOperations.cs(17,10): error CS0246: The type or namespace name 'Test' could not be found (are you missing a using directive or an assembly reference?)
C:\gh\azure-sdk-for-net\sdk\communication\Azure.Communication.Chat\tests\ChatClients\ChatClientsTests.cs(12,6): error CS0246: The type or namespace name 'TestFixtureAttribute' could not be found (are you missing a using directive or an assembly reference?)
C:\gh\azure-sdk-for-net\sdk\communication\Azure.Communication.Chat\tests\ChatClients\ChatClientsTests.cs(12,6): error CS0246: The type or namespace name 'TestFixture' could not be found (are you missing a using directive or an assembly reference?)
C:\gh\azure-sdk-for-net\sdk\communication\Azure.Communication.Chat\tests\ChatClients\ChatClientsTests.cs(13,6): error CS0246: The type or namespace name 'TestFixtureAttribute' could not be found (are you missing a using directive or an assembly reference?)
C:\gh\azure-sdk-for-net\sdk\communication\Azure.Communication.Chat\tests\ChatClients\ChatClientsTests.cs(13,6): error CS0246: The type or namespace name 'TestFixture' could not be found (are you missing a using directive or an assembly reference?)
C:\gh\azure-sdk-for-net\sdk\communication\Azure.Communication.Chat\tests\ChatClients\ChatClientsLiveTest.cs(480,29): error CS0246: The type or namespace name 'CommunicationUserIdentifier' could not be found (are you missing a using directive or an assembly reference?)
C:\gh\azure-sdk-for-net\sdk\communication\Azure.Communication.Chat\tests\ChatClients\ChatClientsTests.cs(60,10): error CS0246: The type or namespace name 'TestAttribute' could not be found (are you missing a using directive or an assembly reference?)
C:\gh\azure-sdk-for-net\sdk\communication\Azure.Communication.Chat\tests\ChatClients\ChatClientsTests.cs(60,10): error CS0246: The type or namespace name 'Test' could not be found (are you missing a using directive or an assembly reference?)
C:\gh\azure-sdk-for-net\sdk\communication\Azure.Communication.Chat\tests\samples\Sample1_ThreadOperations.cs(17,10): error CS0246: The type or namespace name 'TestAttribute' could not be found (are you missing a using directive or an assembly reference?)
C:\gh\azure-sdk-for-net\sdk\communication\Azure.Communication.Chat\tests\samples\Sample1_ThreadOperations.cs(17,10): error CS0246: The type or namespace name 'Test' could not be found (are you missing a using directive or an assembly reference?)
C:\gh\azure-sdk-for-net\sdk\communication\Azure.Communication.Chat\tests\ChatClients\ChatClientsLiveTest.cs(471,18): error CS0246: The type or namespace name 'CommunicationUserIdentifier' could not be found (are you missing a using directive or an assembly reference?)
C:\gh\azure-sdk-for-net\sdk\communication\Azure.Communication.Chat\tests\ChatClients\ChatClientsTests.cs(23,10): error CS0246: The type or namespace name 'TestAttribute' could not be found (are you missing a using directive or an assembly reference?)
C:\gh\azure-sdk-for-net\sdk\communication\Azure.Communication.Chat\tests\ChatClients\ChatClientsTests.cs(23,10): error CS0246: The type or namespace name 'Test' could not be found (are you missing a using directive or an assembly reference?)
C:\gh\azure-sdk-for-net\sdk\communication\Azure.Communication.Chat\tests\ChatClients\ChatClientsLiveTest.cs(427,10): error CS0012: The type 'NUnitAttribute' is defined in an assembly that is not referenced. You must add a reference to assembly 'nunit.framework, Version=3.12.0.0, Culture=neutral, PublicKeyToken=2638cd05610744eb'.
C:\gh\azure-sdk-for-net\sdk\communication\Azure.Communication.Chat\tests\ChatClients\ChatClientsLiveTest.cs(428,10): error CS0246: The type or namespace name 'TestAttribute' could not be found (are you missing a using directive or an assembly reference?)
C:\gh\azure-sdk-for-net\sdk\communication\Azure.Communication.Chat\tests\ChatClients\ChatClientsLiveTest.cs(428,10): error CS0246: The type or namespace name 'Test' could not be found (are you missing a using directive or an assembly reference?)
C:\gh\azure-sdk-for-net\sdk\communication\Azure.Communication.Chat\tests\ChatClients\ChatClientsLiveTest.cs(429,10): error CS0012: The type 'NUnitAttribute' is defined in an assembly that is not referenced. You must add a reference to assembly 'nunit.framework, Version=3.12.0.0, Culture=neutral, PublicKeyToken=2638cd05610744eb'.
C:\gh\azure-sdk-for-net\sdk\communication\Azure.Communication.Chat\tests\ChatClients\ChatClientsLiveTest.cs(278,10): error CS0012: The type 'NUnitAttribute' is defined in an assembly that is not referenced. You must add a reference to assembly 'nunit.framework, Version=3.12.0.0, Culture=neutral, PublicKeyToken=2638cd05610744eb'.
C:\gh\azure-sdk-for-net\sdk\communication\Azure.Communication.Chat\tests\ChatClients\ChatClientsLiveTest.cs(279,10): error CS0246: The type or namespace name 'TestAttribute' could not be found (are you missing a using directive or an assembly reference?)
C:\gh\azure-sdk-for-net\sdk\communication\Azure.Communication.Chat\tests\ChatClients\ChatClientsLiveTest.cs(279,10): error CS0246: The type or namespace name 'Test' could not be found (are you missing a using directive or an assembly reference?)
C:\gh\azure-sdk-for-net\sdk\communication\Azure.Communication.Chat\tests\ChatClients\ChatClientsLiveTest.cs(224,10): error CS0012: The type 'NUnitAttribute' is defined in an assembly that is not referenced. You must add a reference to assembly 'nunit.framework, Version=3.12.0.0, Culture=neutral, PublicKeyToken=2638cd05610744eb'.
C:\gh\azure-sdk-for-net\sdk\communication\Azure.Communication.Chat\tests\ChatClients\ChatClientsLiveTest.cs(225,10): error CS0246: The type or namespace name 'TestAttribute' could not be found (are you missing a using directive or an assembly reference?)
C:\gh\azure-sdk-for-net\sdk\communication\Azure.Communication.Chat\tests\ChatClients\ChatClientsLiveTest.cs(225,10): error CS0246: The type or namespace name 'Test' could not be found (are you missing a using directive or an assembly reference?)
C:\gh\azure-sdk-for-net\sdk\communication\Azure.Communication.Chat\tests\ChatClients\ChatClientsLiveTest.cs(226,10): error CS0012: The type 'NUnitAttribute' is defined in an assembly that is not referenced. You must add a reference to assembly 'nunit.framework, Version=3.12.0.0, Culture=neutral, PublicKeyToken=2638cd05610744eb'.
C:\gh\azure-sdk-for-net\sdk\communication\Azure.Communication.Chat\tests\ChatClients\ChatClientsLiveTest.cs(44,10): error CS0012: The type 'NUnitAttribute' is defined in an assembly that is not referenced. You must add a reference to assembly 'nunit.framework, Version=3.12.0.0, Culture=neutral, PublicKeyToken=2638cd05610744eb'.
C:\gh\azure-sdk-for-net\sdk\communication\Azure.Communication.Chat\tests\ChatClients\ChatClientsLiveTest.cs(45,10): error CS0246: The type or namespace name 'TestAttribute' could not be found (are you missing a using directive or an assembly reference?)
C:\gh\azure-sdk-for-net\sdk\communication\Azure.Communication.Chat\tests\ChatClients\ChatClientsLiveTest.cs(45,10): error CS0246: The type or namespace name 'Test' could not be found (are you missing a using directive or an assembly reference?)
C:\gh\azure-sdk-for-net\sdk\communication\Azure.Communication.Chat\tests\ChatClients\ChatClientsLiveTest.cs(17,7): error CS0246: The type or namespace name 'NUnit' could not be found (are you missing a using directive or an assembly reference?)
C:\gh\azure-sdk-for-net\sdk\communication\Azure.Communication.Chat\tests\ChatClients\ChatClientsTests.cs(8,7): error CS0246: The type or namespace name 'NUnit' could not be found (are you missing a using directive or an assembly reference?)
C:\gh\azure-sdk-for-net\sdk\communication\Azure.Communication.Chat\tests\samples\Sample1_ThreadOperations.cs(10,7): error CS0246: The type or namespace name 'NUnit' could not be found (are you missing a using directive or an assembly reference?)
C:\gh\azure-sdk-for-net\sdk\communication\Azure.Communication.Chat\tests\samples\Sample2_MessagingOperations.cs(10,7): error CS0246: The type or namespace name 'NUnit' could not be found (are you missing a using directive or an assembly reference?)
C:\gh\azure-sdk-for-net\sdk\communication\Azure.Communication.Chat\tests\samples\Sample3_MemberOperations.cs(10,7): error CS0246: The type or namespace name 'NUnit' could not be found (are you missing a using directive or an assembly reference?)
C:\gh\azure-sdk-for-net\sdk\communication\Azure.Communication.Chat\tests\Infrastructure\ChatLiveTestBase.cs(27,49): error CS0518: Predefined type 'System.Void' is not defined or imported
C:\gh\azure-sdk-for-net\sdk\communication\Azure.Communication.Chat\tests\Infrastructure\ChatLiveTestBase.cs(25,21): error CS0518: Predefined type 'System.Void' is not defined or imported
C:\gh\azure-sdk-for-net\sdk\communication\Azure.Communication.Chat\tests\Infrastructure\ChatRecordedTestSanitizer.cs(22,37): error CS0103: The name 'HttpHeader' does not exist in the current context
C:\gh\azure-sdk-for-net\sdk\communication\Azure.Communication.Chat\tests\Infrastructure\ChatRecordedTestSanitizer.cs(24,41): error CS0103: The name 'HttpHeader' does not exist in the current context
C:\gh\azure-sdk-for-net\sdk\communication\Azure.Communication.Chat\tests\Infrastructure\ChatRecordedTestSanitizer.cs(24,80): error CS0103: The name 'HttpHeader' does not exist in the current context
C:\gh\azure-sdk-for-net\sdk\communication\Azure.Communication.Chat\tests\Infrastructure\ChatRecordedTestSanitizer.cs(26,29): error CS0103: The name 'HttpHeader' does not exist in the current context
C:\gh\azure-sdk-for-net\sdk\communication\Azure.Communication.Chat\tests\Infrastructure\ChatRecordedTestSanitizer.cs(29,25): error CS0103: The name 'HttpHeader' does not exist in the current context
C:\gh\azure-sdk-for-net\sdk\communication\Azure.Communication.Chat\tests\ChatClients\ChatClientsTests.cs(30,30): error CS0012: The type 'Response' is defined in an assembly that is not referenced. You must add a reference to assembly 'Azure.Core, Version=1.4.1.0, Culture=neutral, PublicKeyToken=92742159e12e44c8'.
C:\gh\azure-sdk-for-net\sdk\communication\Azure.Communication.Chat\tests\ChatClients\ChatClientsTests.cs(32,41): error CS0518: Predefined type 'System.Void' is not defined or imported
C:\gh\azure-sdk-for-net\sdk\communication\Azure.Communication.Chat\tests\ChatClients\ChatClientsTests.cs(34,17): error CS0246: The type or namespace name 'ClientOptions' could not be found (are you missing a using directive or an assembly reference?)
C:\gh\azure-sdk-for-net\sdk\communication\Azure.Communication.Chat\tests\ChatClients\ChatClientsTests.cs(34,17): error CS0117: 'ChatClientOptions' does not contain a definition for 'Transport'
C:\gh\azure-sdk-for-net\sdk\communication\Azure.Communication.Chat\tests\ChatClients\ChatClientsTests.cs(34,33): error CS0012: The type 'Response' is defined in an assembly that is not referenced. You must add a reference to assembly 'Azure.Core, Version=1.4.1.0, Culture=neutral, PublicKeyToken=92742159e12e44c8'.
C:\gh\azure-sdk-for-net\sdk\communication\Azure.Communication.Chat\tests\ChatClients\ChatClientsTests.cs(38,52): error CS0246: The type or namespace name 'CommunicationTokenCredential' could not be found (are you missing a using directive or an assembly reference?)
C:\gh\azure-sdk-for-net\sdk\communication\Azure.Communication.Chat\tests\ChatClients\ChatClientsTests.cs(39,40): error CS0518: Predefined type 'System.Void' is not defined or imported
C:\gh\azure-sdk-for-net\sdk\communication\Azure.Communication.Chat\tests\ChatClients\ChatClientsTests.cs(39,40): error CS1729: 'ChatThreadClient' does not contain a constructor that takes 4 arguments
C:\gh\azure-sdk-for-net\sdk\communication\Azure.Communication.Chat\tests\ChatClients\ChatClientsTests.cs(40,13): error CS0246: The type or namespace name 'AsyncPageable<>' could not be found (are you missing a using directive or an assembly reference?)
C:\gh\azure-sdk-for-net\sdk\communication\Azure.Communication.Chat\tests\ChatClients\ChatClientsTests.cs(40,54): error CS0246: The type or namespace name 'AsyncPageable<>' could not be found (are you missing a using directive or an assembly reference?)
C:\gh\azure-sdk-for-net\sdk\communication\Azure.Communication.Chat\tests\ChatClients\ChatClientsTests.cs(48,17): error CS0103: The name 'Assert' does not exist in the current context
C:\gh\azure-sdk-for-net\sdk\communication\Azure.Communication.Chat\tests\ChatClients\ChatClientsTests.cs(48,57): error CS0518: Predefined type 'System.String' is not defined or imported
C:\gh\azure-sdk-for-net\sdk\communication\Azure.Communication.Chat\tests\ChatClients\ChatClientsTests.cs(49,17): error CS0103: The name 'Assert' does not exist in the current context
C:\gh\azure-sdk-for-net\sdk\communication\Azure.Communication.Chat\tests\ChatClients\ChatClientsTests.cs(49,57): error CS0518: Predefined type 'System.String' is not defined or imported
C:\gh\azure-sdk-for-net\sdk\communication\Azure.Communication.Chat\tests\ChatClients\ChatClientsTests.cs(50,29): error CS0518: Predefined type 'System.String' is not defined or imported
C:\gh\azure-sdk-for-net\sdk\communication\Azure.Communication.Chat\tests\ChatClients\ChatClientsTests.cs(53,21): error CS0103: The name 'Assert' does not exist in the current context
C:\gh\azure-sdk-for-net\sdk\communication\Azure.Communication.Chat\tests\ChatClients\ChatClientsTests.cs(53,87): error CS0518: Predefined type 'System.String' is not defined or imported
C:\gh\azure-sdk-for-net\sdk\communication\Azure.Communication.Chat\tests\ChatClients\ChatClientsTests.cs(56,13): error CS0103: The name 'Assert' does not exist in the current context
C:\gh\azure-sdk-for-net\sdk\communication\Azure.Communication.Chat\tests\ChatClients\ChatClientsTests.cs(57,13): error CS0103: The name 'Assert' does not exist in the current context
C:\gh\azure-sdk-for-net\sdk\communication\Azure.Communication.Chat\tests\Infrastructure\ChatLiveTestBase.cs(41,13): error CS0246: The type or namespace name 'CommunicationTokenCredential' could not be found (are you missing a using directive or an assembly reference?)
C:\gh\azure-sdk-for-net\sdk\communication\Azure.Communication.Chat\tests\Infrastructure\ChatLiveTestBase.cs(41,77): error CS0246: The type or namespace name 'CommunicationTokenCredential' could not be found (are you missing a using directive or an assembly reference?)
C:\gh\azure-sdk-for-net\sdk\communication\Azure.Communication.Chat\tests\Infrastructure\ChatLiveTestBase.cs(43,45): error CS0518: Predefined type 'System.Void' is not defined or imported
C:\gh\azure-sdk-for-net\sdk\communication\Azure.Communication.Chat\tests\Infrastructure\ChatLiveTestBase.cs(42,41): error CS0518: Predefined type 'System.Void' is not defined or imported
C:\gh\azure-sdk-for-net\sdk\communication\Azure.Communication.Chat\tests\Infrastructure\ChatLiveTestBase.cs(48,37): error CS0518: Predefined type 'System.String' is not defined or imported
C:\gh\azure-sdk-for-net\sdk\communication\Azure.Communication.Chat\tests\Infrastructure\ChatLiveTestBase.cs(53,37): error CS0518: Predefined type 'System.String' is not defined or imported
C:\gh\azure-sdk-for-net\sdk\communication\Azure.Communication.Chat\tests\samples\Sample1_ThreadOperations.cs(20,75): error CS0518: Predefined type 'System.Void' is not defined or imported
C:\gh\azure-sdk-for-net\sdk\communication\Azure.Communication.Chat\tests\samples\Sample1_ThreadOperations.cs(21,13): error CS0246: The type or namespace name 'Response<>' could not be found (are you missing a using directive or an assembly reference?)
C:\gh\azure-sdk-for-net\sdk\communication\Azure.Communication.Chat\tests\samples\Sample1_ThreadOperations.cs(21,22): error CS0246: The type or namespace name 'CommunicationUserIdentifier' could not be found (are you missing a using directive or an assembly reference?)
C:\gh\azure-sdk-for-net\sdk\communication\Azure.Communication.Chat\tests\samples\Sample1_ThreadOperations.cs(21,72): error CS0246: The type or namespace name 'Task<>' could not be found (are you missing a using directive or an assembly reference?)
C:\gh\azure-sdk-for-net\sdk\communication\Azure.Communication.Chat\tests\samples\Sample1_ThreadOperations.cs(22,67): error CS0246: The type or namespace name 'Task<>' could not be found (are you missing a using directive or an assembly reference?)
C:\gh\azure-sdk-for-net\sdk\communication\Azure.Communication.Chat\tests\samples\Sample1_ThreadOperations.cs(23,55): error CS0518: Predefined type 'System.String' is not defined or imported
C:\gh\azure-sdk-for-net\sdk\communication\Azure.Communication.Chat\tests\samples\Sample1_ThreadOperations.cs(25,61): error CS0012: The type 'CommunicationUserIdentifier' is defined in an assembly that is not referenced. You must add a reference to assembly 'Azure.Communication.Common, Version=0.0.0.0, Culture=neutral, PublicKeyToken=92742159e12e44c8'.
C:\gh\azure-sdk-for-net\sdk\communication\Azure.Communication.Chat\tests\samples\Sample1_ThreadOperations.cs(30,21): error CS0246: The type or namespace name 'CommunicationTokenCredential' could not be found (are you missing a using directive or an assembly reference?)
C:\gh\azure-sdk-for-net\sdk\communication\Azure.Communication.Chat\tests\samples\Sample1_ThreadOperations.cs(28,41): error CS0518: Predefined type 'System.Void' is not defined or imported
C:\gh\azure-sdk-for-net\sdk\communication\Azure.Communication.Chat\tests\samples\Sample1_ThreadOperations.cs(34,61): error CS0246: The type or namespace name 'CommunicationUserIdentifier' could not be found (are you missing a using directive or an assembly reference?)
C:\gh\azure-sdk-for-net\sdk\communication\Azure.Communication.Chat\tests\samples\Sample1_ThreadOperations.cs(34,40): error CS0518: Predefined type 'System.Void' is not defined or imported
C:\gh\azure-sdk-for-net\sdk\communication\Azure.Communication.Chat\tests\samples\Sample1_ThreadOperations.cs(36,17): error CS0518: Predefined type 'System.Nullable`1' is not defined or imported
C:\gh\azure-sdk-for-net\sdk\communication\Azure.Communication.Chat\tests\samples\Sample1_ThreadOperations.cs(38,55): error CS0246: The type or namespace name 'Task<>' could not be found (are you missing a using directive or an assembly reference?)
C:\gh\azure-sdk-for-net\sdk\communication\Azure.Communication.Chat\tests\samples\Sample1_ThreadOperations.cs(39,48): error CS0518: Predefined type 'System.String' is not defined or imported
C:\gh\azure-sdk-for-net\sdk\communication\Azure.Communication.Chat\tests\samples\Sample1_ThreadOperations.cs(43,43): error CS0246: The type or namespace name 'Task<>' could not be found (are you missing a using directive or an assembly reference?)
C:\gh\azure-sdk-for-net\sdk\communication\Azure.Communication.Chat\tests\samples\Sample1_ThreadOperations.cs(47,13): error CS0246: The type or namespace name 'AsyncPageable<>' could not be found (are you missing a using directive or an assembly reference?)
C:\gh\azure-sdk-for-net\sdk\communication\Azure.Communication.Chat\tests\samples\Sample1_ThreadOperations.cs(47,61): error CS0246: The type or namespace name 'AsyncPageable<>' could not be found (are you missing a using directive or an assembly reference?)
C:\gh\azure-sdk-for-net\sdk\communication\Azure.Communication.Chat\tests\samples\Sample1_ThreadOperations.cs(50,54): error CS0518: Predefined type 'System.String' is not defined or imported
C:\gh\azure-sdk-for-net\sdk\communication\Azure.Communication.Chat\tests\samples\Sample1_ThreadOperations.cs(56,19): error CS0246: The type or namespace name 'Task<>' could not be found (are you missing a using directive or an assembly reference?)
C:\gh\azure-sdk-for-net\sdk\communication\Azure.Communication.Chat\tests\samples\Sample1_ThreadOperations.cs(60,19): error CS0246: The type or namespace name 'Task<>' could not be found (are you missing a using directive or an assembly reference?)
C:\gh\azure-sdk-for-net\sdk\communication\Azure.Communication.Chat\tests\samples\Sample1_ThreadOperations.cs(66,68): error CS0246: The type or namespace name 'CommunicationUserIdentifier' could not be found (are you missing a using directive or an assembly reference?)
C:\gh\azure-sdk-for-net\sdk\communication\Azure.Communication.Chat\tests\samples\Sample1_ThreadOperations.cs(66,47): error CS0518: Predefined type 'System.Void' is not defined or imported
C:\gh\azure-sdk-for-net\sdk\communication\Azure.Communication.Chat\tests\samples\Sample1_ThreadOperations.cs(67,60): error CS0246: The type or namespace name 'Task<>' could not be found (are you missing a using directive or an assembly reference?)
C:\gh\azure-sdk-for-net\sdk\communication\Azure.Communication.Chat\tests\samples\Sample1_ThreadOperations.cs(69,20): error CS0246: The type or namespace name 'RequestFailedException' could not be found (are you missing a using directive or an assembly reference?)
C:\gh\azure-sdk-for-net\sdk\communication\Azure.Communication.Chat\tests\samples\Sample1_ThreadOperations.cs(76,17): error CS0103: The name 'Assert' does not exist in the current context
C:\gh\azure-sdk-for-net\sdk\communication\Azure.Communication.Chat\tests\Infrastructure\ChatLiveTestBase.cs(58,43): error CS0246: The type or namespace name 'Task<>' could not be found (are you missing a using directive or an assembly reference?)
C:\gh\azure-sdk-for-net\sdk\communication\Azure.Communication.Chat\tests\Infrastructure\ChatLiveTestBase.cs(58,20): error CS0012: The type 'IInterceptor' is defined in an assembly that is not referenced. You must add a reference to assembly 'Castle.Core, Version=4.0.0.0, Culture=neutral, PublicKeyToken=407dd0808d44fbdc'.
C:\gh\azure-sdk-for-net\sdk\communication\Azure.Communication.Chat\tests\samples\Sample2_MessagingOperations.cs(20,75): error CS0518: Predefined type 'System.Void' is not defined or imported
C:\gh\azure-sdk-for-net\sdk\communication\Azure.Communication.Chat\tests\samples\Sample2_MessagingOperations.cs(21,13): error CS0246: The type or namespace name 'Response<>' could not be found (are you missing a using directive or an assembly reference?)
C:\gh\azure-sdk-for-net\sdk\communication\Azure.Communication.Chat\tests\samples\Sample2_MessagingOperations.cs(21,22): error CS0246: The type or namespace name 'CommunicationUserIdentifier' could not be found (are you missing a using directive or an assembly reference?)
C:\gh\azure-sdk-for-net\sdk\communication\Azure.Communication.Chat\tests\samples\Sample2_MessagingOperations.cs(21,72): error CS0246: The type or namespace name 'Task<>' could not be found (are you missing a using directive or an assembly reference?)
C:\gh\azure-sdk-for-net\sdk\communication\Azure.Communication.Chat\tests\samples\Sample2_MessagingOperations.cs(22,67): error CS0246: The type or namespace name 'Task<>' could not be found (are you missing a using directive or an assembly reference?)
C:\gh\azure-sdk-for-net\sdk\communication\Azure.Communication.Chat\tests\samples\Sample2_MessagingOperations.cs(23,55): error CS0518: Predefined type 'System.String' is not defined or imported
C:\gh\azure-sdk-for-net\sdk\communication\Azure.Communication.Chat\tests\samples\Sample2_MessagingOperations.cs(25,66): error CS0012: The type 'CommunicationUserIdentifier' is defined in an assembly that is not referenced. You must add a reference to assembly 'Azure.Communication.Common, Version=0.0.0.0, Culture=neutral, PublicKeyToken=92742159e12e44c8'.
C:\gh\azure-sdk-for-net\sdk\communication\Azure.Communication.Chat\tests\samples\Sample2_MessagingOperations.cs(29,21): error CS0246: The type or namespace name 'CommunicationTokenCredential' could not be found (are you missing a using directive or an assembly reference?)
C:\gh\azure-sdk-for-net\sdk\communication\Azure.Communication.Chat\tests\samples\Sample2_MessagingOperations.cs(27,41): error CS0518: Predefined type 'System.Void' is not defined or imported
C:\gh\azure-sdk-for-net\sdk\communication\Azure.Communication.Chat\tests\samples\Sample2_MessagingOperations.cs(31,61): error CS0246: The type or namespace name 'CommunicationUserIdentifier' could not be found (are you missing a using directive or an assembly reference?)
C:\gh\azure-sdk-for-net\sdk\communication\Azure.Communication.Chat\tests\samples\Sample2_MessagingOperations.cs(31,40): error CS0518: Predefined type 'System.Void' is not defined or imported
C:\gh\azure-sdk-for-net\sdk\communication\Azure.Communication.Chat\tests\samples\Sample2_MessagingOperations.cs(33,17): error CS0518: Predefined type 'System.Nullable`1' is not defined or imported
C:\gh\azure-sdk-for-net\sdk\communication\Azure.Communication.Chat\tests\samples\Sample2_MessagingOperations.cs(34,17): error CS0518: Predefined type 'System.Nullable`1' is not defined or imported
C:\gh\azure-sdk-for-net\sdk\communication\Azure.Communication.Chat\tests\samples\Sample2_MessagingOperations.cs(36,55): error CS0246: The type or namespace name 'Task<>' could not be found (are you missing a using directive or an assembly reference?)
C:\gh\azure-sdk-for-net\sdk\communication\Azure.Communication.Chat\tests\samples\Sample2_MessagingOperations.cs(37,48): error CS0518: Predefined type 'System.String' is not defined or imported
C:\gh\azure-sdk-for-net\sdk\communication\Azure.Communication.Chat\tests\samples\Sample2_MessagingOperations.cs(43,61): error CS0246: The type or namespace name 'Task<>' could not be found (are you missing a using directive or an assembly reference?)
C:\gh\azure-sdk-for-net\sdk\communication\Azure.Communication.Chat\tests\samples\Sample2_MessagingOperations.cs(46,47): error CS0518: Predefined type 'System.String' is not defined or imported
C:\gh\azure-sdk-for-net\sdk\communication\Azure.Communication.Chat\tests\samples\Sample2_MessagingOperations.cs(48,45): error CS0246: The type or namespace name 'Task<>' could not be found (are you missing a using directive or an assembly reference?)
C:\gh\azure-sdk-for-net\sdk\communication\Azure.Communication.Chat\tests\samples\Sample2_MessagingOperations.cs(52,13): error CS0246: The type or namespace name 'AsyncPageable<>' could not be found (are you missing a using directive or an assembly reference?)
C:\gh\azure-sdk-for-net\sdk\communication\Azure.Communication.Chat\tests\samples\Sample2_MessagingOperations.cs(52,54): error CS0246: The type or namespace name 'AsyncPageable<>' could not be found (are you missing a using directive or an assembly reference?)
C:\gh\azure-sdk-for-net\sdk\communication\Azure.Communication.Chat\tests\samples\Sample2_MessagingOperations.cs(55,46): error CS0518: Predefined type 'System.String' is not defined or imported
C:\gh\azure-sdk-for-net\sdk\communication\Azure.Communication.Chat\tests\samples\Sample2_MessagingOperations.cs(55,59): error CS0012: The type 'CommunicationUserIdentifier' is defined in an assembly that is not referenced. You must add a reference to assembly 'Azure.Communication.Common, Version=0.0.0.0, Culture=neutral, PublicKeyToken=92742159e12e44c8'.
C:\gh\azure-sdk-for-net\sdk\communication\Azure.Communication.Chat\tests\samples\Sample2_MessagingOperations.cs(55,79): error CS0518: Predefined type 'System.String' is not defined or imported
C:\gh\azure-sdk-for-net\sdk\communication\Azure.Communication.Chat\tests\samples\Sample2_MessagingOperations.cs(60,19): error CS0246: The type or namespace name 'Task<>' could not be found (are you missing a using directive or an assembly reference?)
C:\gh\azure-sdk-for-net\sdk\communication\Azure.Communication.Chat\tests\samples\Sample2_MessagingOperations.cs(69,13): error CS0246: The type or namespace name 'AsyncPageable<>' could not be found (are you missing a using directive or an assembly reference?)
C:\gh\azure-sdk-for-net\sdk\communication\Azure.Communication.Chat\tests\samples\Sample2_MessagingOperations.cs(69,58): error CS0246: The type or namespace name 'AsyncPageable<>' could not be found (are you missing a using directive or an assembly reference?)
C:\gh\azure-sdk-for-net\sdk\communication\Azure.Communication.Chat\tests\samples\Sample2_MessagingOperations.cs(72,50): error CS0518: Predefined type 'System.String' is not defined or imported
C:\gh\azure-sdk-for-net\sdk\communication\Azure.Communication.Chat\tests\samples\Sample2_MessagingOperations.cs(72,78): error CS0012: The type 'CommunicationUserIdentifier' is defined in an assembly that is not referenced. You must add a reference to assembly 'Azure.Communication.Common, Version=0.0.0.0, Culture=neutral, PublicKeyToken=92742159e12e44c8'.
C:\gh\azure-sdk-for-net\sdk\communication\Azure.Communication.Chat\tests\samples\Sample2_MessagingOperations.cs(72,102): error CS0518: Predefined type 'System.Nullable`1' is not defined or imported
C:\gh\azure-sdk-for-net\sdk\communication\Azure.Communication.Chat\tests\samples\Sample2_MessagingOperations.cs(77,19): error CS0246: The type or namespace name 'Task<>' could not be found (are you missing a using directive or an assembly reference?)
C:\gh\azure-sdk-for-net\sdk\communication\Azure.Communication.Chat\tests\samples\Sample2_MessagingOperations.cs(81,19): error CS0246: The type or namespace name 'Task<>' could not be found (are you missing a using directive or an assembly reference?)
C:\gh\azure-sdk-for-net\sdk\communication\Azure.Communication.Chat\tests\samples\Sample2_MessagingOperations.cs(84,19): error CS0246: The type or namespace name 'Task<>' could not be found (are you missing a using directive or an assembly reference?)
C:\gh\azure-sdk-for-net\sdk\communication\Azure.Communication.Chat\tests\ChatClients\ChatClientsTests.cs(68,32): error CS0012: The type 'Response' is defined in an assembly that is not referenced. You must add a reference to assembly 'Azure.Core, Version=1.4.1.0, Culture=neutral, PublicKeyToken=92742159e12e44c8'.
C:\gh\azure-sdk-for-net\sdk\communication\Azure.Communication.Chat\tests\ChatClients\ChatClientsTests.cs(71,32): error CS0012: The type 'Response' is defined in an assembly that is not referenced. You must add a reference to assembly 'Azure.Core, Version=1.4.1.0, Culture=neutral, PublicKeyToken=92742159e12e44c8'.
C:\gh\azure-sdk-for-net\sdk\communication\Azure.Communication.Chat\tests\ChatClients\ChatClientsTests.cs(73,41): error CS0518: Predefined type 'System.Void' is not defined or imported
C:\gh\azure-sdk-for-net\sdk\communication\Azure.Communication.Chat\tests\ChatClients\ChatClientsTests.cs(75,17): error CS0246: The type or namespace name 'ClientOptions' could not be found (are you missing a using directive or an assembly reference?)
C:\gh\azure-sdk-for-net\sdk\communication\Azure.Communication.Chat\tests\ChatClients\ChatClientsTests.cs(75,17): error CS0117: 'ChatClientOptions' does not contain a definition for 'Transport'
C:\gh\azure-sdk-for-net\sdk\communication\Azure.Communication.Chat\tests\ChatClients\ChatClientsTests.cs(79,52): error CS0246: The type or namespace name 'CommunicationTokenCredential' could not be found (are you missing a using directive or an assembly reference?)
C:\gh\azure-sdk-for-net\sdk\communication\Azure.Communication.Chat\tests\ChatClients\ChatClientsTests.cs(80,40): error CS0518: Predefined type 'System.Void' is not defined or imported
C:\gh\azure-sdk-for-net\sdk\communication\Azure.Communication.Chat\tests\ChatClients\ChatClientsTests.cs(80,40): error CS1729: 'ChatThreadClient' does not contain a constructor that takes 4 arguments
C:\gh\azure-sdk-for-net\sdk\communication\Azure.Communication.Chat\tests\ChatClients\ChatClientsTests.cs(81,13): error CS0246: The type or namespace name 'AsyncPageable<>' could not be found (are you missing a using directive or an assembly reference?)
C:\gh\azure-sdk-for-net\sdk\communication\Azure.Communication.Chat\tests\ChatClients\ChatClientsTests.cs(81,54): error CS0246: The type or namespace name 'AsyncPageable<>' could not be found (are you missing a using directive or an assembly reference?)
C:\gh\azure-sdk-for-net\sdk\communication\Azure.Communication.Chat\tests\ChatClients\ChatClientsTests.cs(88,28): error CS0246: The type or namespace name 'Page<>' could not be found (are you missing a using directive or an assembly reference?)
C:\gh\azure-sdk-for-net\sdk\communication\Azure.Communication.Chat\tests\ChatClients\ChatClientsTests.cs(94,21): error CS0103: The name 'Assert' does not exist in the current context
C:\gh\azure-sdk-for-net\sdk\communication\Azure.Communication.Chat\tests\ChatClients\ChatClientsTests.cs(94,61): error CS0518: Predefined type 'System.String' is not defined or imported
C:\gh\azure-sdk-for-net\sdk\communication\Azure.Communication.Chat\tests\ChatClients\ChatClientsTests.cs(95,21): error CS0103: The name 'Assert' does not exist in the current context
C:\gh\azure-sdk-for-net\sdk\communication\Azure.Communication.Chat\tests\ChatClients\ChatClientsTests.cs(95,61): error CS0518: Predefined type 'System.String' is not defined or imported
C:\gh\azure-sdk-for-net\sdk\communication\Azure.Communication.Chat\tests\ChatClients\ChatClientsTests.cs(96,33): error CS0518: Predefined type 'System.String' is not defined or imported
C:\gh\azure-sdk-for-net\sdk\communication\Azure.Communication.Chat\tests\ChatClients\ChatClientsTests.cs(99,25): error CS0103: The name 'Assert' does not exist in the current context
C:\gh\azure-sdk-for-net\sdk\communication\Azure.Communication.Chat\tests\ChatClients\ChatClientsTests.cs(99,91): error CS0518: Predefined type 'System.String' is not defined or imported
C:\gh\azure-sdk-for-net\sdk\communication\Azure.Communication.Chat\tests\ChatClients\ChatClientsTests.cs(103,13): error CS0103: The name 'Assert' does not exist in the current context
C:\gh\azure-sdk-for-net\sdk\communication\Azure.Communication.Chat\tests\ChatClients\ChatClientsTests.cs(104,13): error CS0103: The name 'Assert' does not exist in the current context
C:\gh\azure-sdk-for-net\sdk\communication\Azure.Communication.Chat\tests\ChatClients\ChatClientsTests.cs(105,13): error CS0103: The name 'Assert' does not exist in the current context
C:\gh\azure-sdk-for-net\sdk\communication\Azure.Communication.Chat\tests\samples\Sample3_MemberOperations.cs(20,75): error CS0518: Predefined type 'System.Void' is not defined or imported
C:\gh\azure-sdk-for-net\sdk\communication\Azure.Communication.Chat\tests\samples\Sample3_MemberOperations.cs(21,13): error CS0246: The type or namespace name 'Response<>' could not be found (are you missing a using directive or an assembly reference?)
C:\gh\azure-sdk-for-net\sdk\communication\Azure.Communication.Chat\tests\samples\Sample3_MemberOperations.cs(21,22): error CS0246: The type or namespace name 'CommunicationUserIdentifier' could not be found (are you missing a using directive or an assembly reference?)
C:\gh\azure-sdk-for-net\sdk\communication\Azure.Communication.Chat\tests\samples\Sample3_MemberOperations.cs(21,73): error CS0246: The type or namespace name 'Task<>' could not be found (are you missing a using directive or an assembly reference?)
C:\gh\azure-sdk-for-net\sdk\communication\Azure.Communication.Chat\tests\samples\Sample3_MemberOperations.cs(22,13): error CS0246: The type or namespace name 'Response<>' could not be found (are you missing a using directive or an assembly reference?)
C:\gh\azure-sdk-for-net\sdk\communication\Azure.Communication.Chat\tests\samples\Sample3_MemberOperations.cs(22,22): error CS0246: The type or namespace name 'CommunicationUserIdentifier' could not be found (are you missing a using directive or an assembly reference?)
C:\gh\azure-sdk-for-net\sdk\communication\Azure.Communication.Chat\tests\samples\Sample3_MemberOperations.cs(22,73): error CS0246: The type or namespace name 'Task<>' could not be found (are you missing a using directive or an assembly reference?)
C:\gh\azure-sdk-for-net\sdk\communication\Azure.Communication.Chat\tests\samples\Sample3_MemberOperations.cs(23,13): error CS0246: The type or namespace name 'Response<>' could not be found (are you missing a using directive or an assembly reference?)
C:\gh\azure-sdk-for-net\sdk\communication\Azure.Communication.Chat\tests\samples\Sample3_MemberOperations.cs(23,22): error CS0246: The type or namespace name 'CommunicationUserIdentifier' could not be found (are you missing a using directive or an assembly reference?)
C:\gh\azure-sdk-for-net\sdk\communication\Azure.Communication.Chat\tests\samples\Sample3_MemberOperations.cs(23,73): error CS0246: The type or namespace name 'Task<>' could not be found (are you missing a using directive or an assembly reference?)
C:\gh\azure-sdk-for-net\sdk\communication\Azure.Communication.Chat\tests\samples\Sample3_MemberOperations.cs(25,68): error CS0246: The type or namespace name 'Task<>' could not be found (are you missing a using directive or an assembly reference?)
C:\gh\azure-sdk-for-net\sdk\communication\Azure.Communication.Chat\tests\samples\Sample3_MemberOperations.cs(26,68): error CS0246: The type or namespace name 'Task<>' could not be found (are you missing a using directive or an assembly reference?)
C:\gh\azure-sdk-for-net\sdk\communication\Azure.Communication.Chat\tests\samples\Sample3_MemberOperations.cs(27,68): error CS0246: The type or namespace name 'Task<>' could not be found (are you missing a using directive or an assembly reference?)
C:\gh\azure-sdk-for-net\sdk\communication\Azure.Communication.Chat\tests\samples\Sample3_MemberOperations.cs(28,56): error CS0518: Predefined type 'System.String' is not defined or imported
C:\gh\azure-sdk-for-net\sdk\communication\Azure.Communication.Chat\tests\samples\Sample3_MemberOperations.cs(30,67): error CS0012: The type 'CommunicationUserIdentifier' is defined in an assembly that is not referenced. You must add a reference to assembly 'Azure.Communication.Common, Version=0.0.0.0, Culture=neutral, PublicKeyToken=92742159e12e44c8'.
C:\gh\azure-sdk-for-net\sdk\communication\Azure.Communication.Chat\tests\samples\Sample3_MemberOperations.cs(34,21): error CS0246: The type or namespace name 'CommunicationTokenCredential' could not be found (are you missing a using directive or an assembly reference?)
C:\gh\azure-sdk-for-net\sdk\communication\Azure.Communication.Chat\tests\samples\Sample3_MemberOperations.cs(32,41): error CS0518: Predefined type 'System.Void' is not defined or imported
C:\gh\azure-sdk-for-net\sdk\communication\Azure.Communication.Chat\tests\samples\Sample3_MemberOperations.cs(36,61): error CS0246: The type or namespace name 'CommunicationUserIdentifier' could not be found (are you missing a using directive or an assembly reference?)
C:\gh\azure-sdk-for-net\sdk\communication\Azure.Communication.Chat\tests\samples\Sample3_MemberOperations.cs(36,40): error CS0518: Predefined type 'System.Void' is not defined or imported
C:\gh\azure-sdk-for-net\sdk\communication\Azure.Communication.Chat\tests\samples\Sample3_MemberOperations.cs(38,17): error CS0518: Predefined type 'System.Nullable`1' is not defined or imported
C:\gh\azure-sdk-for-net\sdk\communication\Azure.Communication.Chat\tests\samples\Sample3_MemberOperations.cs(39,17): error CS0518: Predefined type 'System.Nullable`1' is not defined or imported
C:\gh\azure-sdk-for-net\sdk\communication\Azure.Communication.Chat\tests\samples\Sample3_MemberOperations.cs(41,55): error CS0246: The type or namespace name 'Task<>' could not be found (are you missing a using directive or an assembly reference?)
C:\gh\azure-sdk-for-net\sdk\communication\Azure.Communication.Chat\tests\samples\Sample3_MemberOperations.cs(42,48): error CS0518: Predefined type 'System.String' is not defined or imported
C:\gh\azure-sdk-for-net\sdk\communication\Azure.Communication.Chat\tests\samples\Sample3_MemberOperations.cs(45,13): error CS0246: The type or namespace name 'AsyncPageable<>' could not be found (are you missing a using directive or an assembly reference?)
C:\gh\azure-sdk-for-net\sdk\communication\Azure.Communication.Chat\tests\samples\Sample3_MemberOperations.cs(45,58): error CS0246: The type or namespace name 'AsyncPageable<>' could not be found (are you missing a using directive or an assembly reference?)
C:\gh\azure-sdk-for-net\sdk\communication\Azure.Communication.Chat\tests\samples\Sample3_MemberOperations.cs(48,45): error CS0012: The type 'CommunicationUserIdentifier' is defined in an assembly that is not referenced. You must add a reference to assembly 'Azure.Communication.Common, Version=0.0.0.0, Culture=neutral, PublicKeyToken=92742159e12e44c8'.
C:\gh\azure-sdk-for-net\sdk\communication\Azure.Communication.Chat\tests\samples\Sample3_MemberOperations.cs(48,62): error CS0518: Predefined type 'System.Nullable`1' is not defined or imported
C:\gh\azure-sdk-for-net\sdk\communication\Azure.Communication.Chat\tests\samples\Sample3_MemberOperations.cs(48,83): error CS0518: Predefined type 'System.Nullable`1' is not defined or imported
C:\gh\azure-sdk-for-net\sdk\communication\Azure.Communication.Chat\tests\samples\Sample3_MemberOperations.cs(53,53): error CS0012: The type 'CommunicationUserIdentifier' is defined in an assembly that is not referenced. You must add a reference to assembly 'Azure.Communication.Common, Version=0.0.0.0, Culture=neutral, PublicKeyToken=92742159e12e44c8'.
C:\gh\azure-sdk-for-net\sdk\communication\Azure.Communication.Chat\tests\samples\Sample3_MemberOperations.cs(54,53): error CS0012: The type 'CommunicationUserIdentifier' is defined in an assembly that is not referenced. You must add a reference to assembly 'Azure.Communication.Common, Version=0.0.0.0, Culture=neutral, PublicKeyToken=92742159e12e44c8'.
C:\gh\azure-sdk-for-net\sdk\communication\Azure.Communication.Chat\tests\samples\Sample3_MemberOperations.cs(59,42): error CS0246: The type or namespace name 'CommunicationUserIdentifier' could not be found (are you missing a using directive or an assembly reference?)
C:\gh\azure-sdk-for-net\sdk\communication\Azure.Communication.Chat\tests\samples\Sample3_MemberOperations.cs(59,21): error CS0518: Predefined type 'System.Void' is not defined or imported
C:\gh\azure-sdk-for-net\sdk\communication\Azure.Communication.Chat\tests\samples\Sample3_MemberOperations.cs(59,84): error CS0518: Predefined type 'System.Nullable`1' is not defined or imported
C:\gh\azure-sdk-for-net\sdk\communication\Azure.Communication.Chat\tests\samples\Sample3_MemberOperations.cs(60,42): error CS0246: The type or namespace name 'CommunicationUserIdentifier' could not be found (are you missing a using directive or an assembly reference?)
C:\gh\azure-sdk-for-net\sdk\communication\Azure.Communication.Chat\tests\samples\Sample3_MemberOperations.cs(60,21): error CS0518: Predefined type 'System.Void' is not defined or imported
C:\gh\azure-sdk-for-net\sdk\communication\Azure.Communication.Chat\tests\samples\Sample3_MemberOperations.cs(60,84): error CS0518: Predefined type 'System.Nullable`1' is not defined or imported
C:\gh\azure-sdk-for-net\sdk\communication\Azure.Communication.Chat\tests\samples\Sample3_MemberOperations.cs(61,42): error CS0246: The type or namespace name 'CommunicationUserIdentifier' could not be found (are you missing a using directive or an assembly reference?)
C:\gh\azure-sdk-for-net\sdk\communication\Azure.Communication.Chat\tests\samples\Sample3_MemberOperations.cs(61,21): error CS0518: Predefined type 'System.Void' is not defined or imported
C:\gh\azure-sdk-for-net\sdk\communication\Azure.Communication.Chat\tests\samples\Sample3_MemberOperations.cs(61,84): error CS0518: Predefined type 'System.Nullable`1' is not defined or imported
C:\gh\azure-sdk-for-net\sdk\communication\Azure.Communication.Chat\tests\samples\Sample3_MemberOperations.cs(63,19): error CS0246: The type or namespace name 'Task<>' could not be found (are you missing a using directive or an assembly reference?)
C:\gh\azure-sdk-for-net\sdk\communication\Azure.Communication.Chat\tests\samples\Sample3_MemberOperations.cs(68,58): error CS0246: The type or namespace name 'CommunicationUserIdentifier' could not be found (are you missing a using directive or an assembly reference?)
C:\gh\azure-sdk-for-net\sdk\communication\Azure.Communication.Chat\tests\samples\Sample3_MemberOperations.cs(68,19): error CS0246: The type or namespace name 'Task<>' could not be found (are you missing a using directive or an assembly reference?)
C:\gh\azure-sdk-for-net\sdk\communication\Azure.Communication.Chat\tests\samples\Sample3_MemberOperations.cs(71,19): error CS0246: The type or namespace name 'Task<>' could not be found (are you missing a using directive or an assembly reference?)
C:\gh\azure-sdk-for-net\sdk\communication\Azure.Communication.Chat\tests\ChatClients\ChatClientsLiveTest.cs(51,14): error CS0246: The type or namespace name 'CommunicationUserIdentifier' could not be found (are you missing a using directive or an assembly reference?)
C:\gh\azure-sdk-for-net\sdk\communication\Azure.Communication.Chat\tests\ChatClients\ChatClientsLiveTest.cs(52,14): error CS0246: The type or namespace name 'CommunicationUserIdentifier' could not be found (are you missing a using directive or an assembly reference?)
C:\gh\azure-sdk-for-net\sdk\communication\Azure.Communication.Chat\tests\ChatClients\ChatClientsLiveTest.cs(53,14): error CS0246: The type or namespace name 'CommunicationUserIdentifier' could not be found (are you missing a using directive or an assembly reference?)
C:\gh\azure-sdk-for-net\sdk\communication\Azure.Communication.Chat\tests\ChatClients\ChatClientsLiveTest.cs(54,14): error CS0246: The type or namespace name 'CommunicationUserIdentifier' could not be found (are you missing a using directive or an assembly reference?)
C:\gh\azure-sdk-for-net\sdk\communication\Azure.Communication.Chat\tests\ChatClients\ChatClientsLiveTest.cs(60,21): error CS0518: Predefined type 'System.Void' is not defined or imported
C:\gh\azure-sdk-for-net\sdk\communication\Azure.Communication.Chat\tests\ChatClients\ChatClientsLiveTest.cs(61,21): error CS0518: Predefined type 'System.Void' is not defined or imported
C:\gh\azure-sdk-for-net\sdk\communication\Azure.Communication.Chat\tests\ChatClients\ChatClientsLiveTest.cs(62,21): error CS0518: Predefined type 'System.Void' is not defined or imported
C:\gh\azure-sdk-for-net\sdk\communication\Azure.Communication.Chat\tests\ChatClients\ChatClientsLiveTest.cs(75,45): error CS0518: Predefined type 'System.String' is not defined or imported
C:\gh\azure-sdk-for-net\sdk\communication\Azure.Communication.Chat\tests\ChatClients\ChatClientsLiveTest.cs(81,13): error CS0246: The type or namespace name 'Response' could not be found (are you missing a using directive or an assembly reference?)
C:\gh\azure-sdk-for-net\sdk\communication\Azure.Communication.Chat\tests\ChatClients\ChatClientsLiveTest.cs(85,37): error CS0246: The type or namespace name 'Response<>' could not be found (are you missing a using directive or an assembly reference?)
C:\gh\azure-sdk-for-net\sdk\communication\Azure.Communication.Chat\tests\ChatClients\ChatClientsLiveTest.cs(89,13): error CS0246: The type or namespace name 'Pageable<>' could not be found (are you missing a using directive or an assembly reference?)
C:\gh\azure-sdk-for-net\sdk\communication\Azure.Communication.Chat\tests\ChatClients\ChatClientsLiveTest.cs(89,48): error CS0246: The type or namespace name 'Pageable<>' could not be found (are you missing a using directive or an assembly reference?)
C:\gh\azure-sdk-for-net\sdk\communication\Azure.Communication.Chat\tests\ChatClients\ChatClientsLiveTest.cs(95,59): error CS0246: The type or namespace name 'Response<>' could not be found (are you missing a using directive or an assembly reference?)
C:\gh\azure-sdk-for-net\sdk\communication\Azure.Communication.Chat\tests\ChatClients\ChatClientsLiveTest.cs(98,60): error CS0246: The type or namespace name 'Response<>' could not be found (are you missing a using directive or an assembly reference?)
C:\gh\azure-sdk-for-net\sdk\communication\Azure.Communication.Chat\tests\ChatClients\ChatClientsLiveTest.cs(100,60): error CS0246: The type or namespace name 'Response<>' could not be found (are you missing a using directive or an assembly reference?)
C:\gh\azure-sdk-for-net\sdk\communication\Azure.Communication.Chat\tests\ChatClients\ChatClientsLiveTest.cs(102,60): error CS0246: The type or namespace name 'Response<>' could not be found (are you missing a using directive or an assembly reference?)
C:\gh\azure-sdk-for-net\sdk\communication\Azure.Communication.Chat\tests\ChatClients\ChatClientsLiveTest.cs(104,60): error CS0246: The type or namespace name 'Response<>' could not be found (are you missing a using directive or an assembly reference?)
C:\gh\azure-sdk-for-net\sdk\communication\Azure.Communication.Chat\tests\ChatClients\ChatClientsLiveTest.cs(106,60): error CS0246: The type or namespace name 'Response<>' could not be found (are you missing a using directive or an assembly reference?)
C:\gh\azure-sdk-for-net\sdk\communication\Azure.Communication.Chat\tests\ChatClients\ChatClientsLiveTest.cs(108,51): error CS0518: Predefined type 'System.String' is not defined or imported
C:\gh\azure-sdk-for-net\sdk\communication\Azure.Communication.Chat\tests\ChatClients\ChatClientsLiveTest.cs(109,53): error CS0518: Predefined type 'System.String' is not defined or imported
C:\gh\azure-sdk-for-net\sdk\communication\Azure.Communication.Chat\tests\ChatClients\ChatClientsLiveTest.cs(110,53): error CS0518: Predefined type 'System.String' is not defined or imported
C:\gh\azure-sdk-for-net\sdk\communication\Azure.Communication.Chat\tests\ChatClients\ChatClientsLiveTest.cs(111,53): error CS0518: Predefined type 'System.String' is not defined or imported
C:\gh\azure-sdk-for-net\sdk\communication\Azure.Communication.Chat\tests\ChatClients\ChatClientsLiveTest.cs(112,53): error CS0518: Predefined type 'System.String' is not defined or imported
C:\gh\azure-sdk-for-net\sdk\communication\Azure.Communication.Chat\tests\ChatClients\ChatClientsLiveTest.cs(113,53): error CS0518: Predefined type 'System.String' is not defined or imported
C:\gh\azure-sdk-for-net\sdk\communication\Azure.Communication.Chat\tests\ChatClients\ChatClientsLiveTest.cs(116,35): error CS0246: The type or namespace name 'Response<>' could not be found (are you missing a using directive or an assembly reference?)
C:\gh\azure-sdk-for-net\sdk\communication\Azure.Communication.Chat\tests\ChatClients\ChatClientsLiveTest.cs(118,36): error CS0246: The type or namespace name 'Response<>' could not be found (are you missing a using directive or an assembly reference?)
C:\gh\azure-sdk-for-net\sdk\communication\Azure.Communication.Chat\tests\ChatClients\ChatClientsLiveTest.cs(119,36): error CS0246: The type or namespace name 'Response<>' could not be found (are you missing a using directive or an assembly reference?)
C:\gh\azure-sdk-for-net\sdk\communication\Azure.Communication.Chat\tests\ChatClients\ChatClientsLiveTest.cs(120,36): error CS0246: The type or namespace name 'Response<>' could not be found (are you missing a using directive or an assembly reference?)
C:\gh\azure-sdk-for-net\sdk\communication\Azure.Communication.Chat\tests\ChatClients\ChatClientsLiveTest.cs(121,36): error CS0246: The type or namespace name 'Response<>' could not be found (are you missing a using directive or an assembly reference?)
C:\gh\azure-sdk-for-net\sdk\communication\Azure.Communication.Chat\tests\ChatClients\ChatClientsLiveTest.cs(122,36): error CS0246: The type or namespace name 'Response<>' could not be found (are you missing a using directive or an assembly reference?)
C:\gh\azure-sdk-for-net\sdk\communication\Azure.Communication.Chat\tests\ChatClients\ChatClientsLiveTest.cs(125,13): error CS0246: The type or namespace name 'Pageable<>' could not be found (are you missing a using directive or an assembly reference?)
C:\gh\azure-sdk-for-net\sdk\communication\Azure.Communication.Chat\tests\ChatClients\ChatClientsLiveTest.cs(125,46): error CS0246: The type or namespace name 'Pageable<>' could not be found (are you missing a using directive or an assembly reference?)
C:\gh\azure-sdk-for-net\sdk\communication\Azure.Communication.Chat\tests\ChatClients\ChatClientsLiveTest.cs(127,13): error CS0246: The type or namespace name 'Pageable<>' could not be found (are you missing a using directive or an assembly reference?)
C:\gh\azure-sdk-for-net\sdk\communication\Azure.Communication.Chat\tests\ChatClients\ChatClientsLiveTest.cs(127,47): error CS0246: The type or namespace name 'Pageable<>' could not be found (are you missing a using directive or an assembly reference?)
C:\gh\azure-sdk-for-net\sdk\communication\Azure.Communication.Chat\tests\ChatClients\ChatClientsLiveTest.cs(132,13): error CS0246: The type or namespace name 'Pageable<>' could not be found (are you missing a using directive or an assembly reference?)
C:\gh\azure-sdk-for-net\sdk\communication\Azure.Communication.Chat\tests\ChatClients\ChatClientsLiveTest.cs(132,60): error CS0246: The type or namespace name 'Pageable<>' could not be found (are you missing a using directive or an assembly reference?)
C:\gh\azure-sdk-for-net\sdk\communication\Azure.Communication.Chat\tests\ChatClients\ChatClientsLiveTest.cs(137,22): error CS0246: The type or namespace name 'Page<>' could not be found (are you missing a using directive or an assembly reference?)
C:\gh\azure-sdk-for-net\sdk\communication\Azure.Communication.Chat\tests\ChatClients\ChatClientsLiveTest.cs(149,21): error CS0103: The name 'Assert' does not exist in the current context
C:\gh\azure-sdk-for-net\sdk\communication\Azure.Communication.Chat\tests\ChatClients\ChatClientsLiveTest.cs(153,21): error CS0103: The name 'Assert' does not exist in the current context
C:\gh\azure-sdk-for-net\sdk\communication\Azure.Communication.Chat\tests\ChatClients\ChatClientsLiveTest.cs(156,13): error CS0103: The name 'Assert' does not exist in the current context
C:\gh\azure-sdk-for-net\sdk\communication\Azure.Communication.Chat\tests\ChatClients\ChatClientsLiveTest.cs(161,13): error CS0246: The type or namespace name 'Response' could not be found (are you missing a using directive or an assembly reference?)
C:\gh\azure-sdk-for-net\sdk\communication\Azure.Communication.Chat\tests\ChatClients\ChatClientsLiveTest.cs(163,13): error CS0246: The type or namespace name 'Response<>' could not be found (are you missing a using directive or an assembly reference?)
C:\gh\azure-sdk-for-net\sdk\communication\Azure.Communication.Chat\tests\ChatClients\ChatClientsLiveTest.cs(163,57): error CS0246: The type or namespace name 'Response<>' could not be found (are you missing a using directive or an assembly reference?)
C:\gh\azure-sdk-for-net\sdk\communication\Azure.Communication.Chat\tests\ChatClients\ChatClientsLiveTest.cs(166,13): error CS0246: The type or namespace name 'Response' could not be found (are you missing a using directive or an assembly reference?)
C:\gh\azure-sdk-for-net\sdk\communication\Azure.Communication.Chat\tests\ChatClients\ChatClientsLiveTest.cs(168,13): error CS0246: The type or namespace name 'Pageable<>' could not be found (are you missing a using directive or an assembly reference?)
C:\gh\azure-sdk-for-net\sdk\communication\Azure.Communication.Chat\tests\ChatClients\ChatClientsLiveTest.cs(168,61): error CS0246: The type or namespace name 'Pageable<>' could not be found (are you missing a using directive or an assembly reference?)
C:\gh\azure-sdk-for-net\sdk\communication\Azure.Communication.Chat\tests\ChatClients\ChatClientsLiveTest.cs(172,13): error CS0246: The type or namespace name 'Pageable<>' could not be found (are you missing a using directive or an assembly reference?)
C:\gh\azure-sdk-for-net\sdk\communication\Azure.Communication.Chat\tests\ChatClients\ChatClientsLiveTest.cs(172,60): error CS0246: The type or namespace name 'Pageable<>' could not be found (are you missing a using directive or an assembly reference?)
C:\gh\azure-sdk-for-net\sdk\communication\Azure.Communication.Chat\tests\ChatClients\ChatClientsLiveTest.cs(176,33): error CS0518: Predefined type 'System.Void' is not defined or imported
C:\gh\azure-sdk-for-net\sdk\communication\Azure.Communication.Chat\tests\ChatClients\ChatClientsLiveTest.cs(178,13): error CS0246: The type or namespace name 'Response' could not be found (are you missing a using directive or an assembly reference?)
C:\gh\azure-sdk-for-net\sdk\communication\Azure.Communication.Chat\tests\ChatClients\ChatClientsLiveTest.cs(180,13): error CS0246: The type or namespace name 'Pageable<>' could not be found (are you missing a using directive or an assembly reference?)
C:\gh\azure-sdk-for-net\sdk\communication\Azure.Communication.Chat\tests\ChatClients\ChatClientsLiveTest.cs(180,73): error CS0246: The type or namespace name 'Pageable<>' could not be found (are you missing a using directive or an assembly reference?)
C:\gh\azure-sdk-for-net\sdk\communication\Azure.Communication.Chat\tests\ChatClients\ChatClientsLiveTest.cs(183,13): error CS0246: The type or namespace name 'CommunicationUserIdentifier' could not be found (are you missing a using directive or an assembly reference?)
C:\gh\azure-sdk-for-net\sdk\communication\Azure.Communication.Chat\tests\ChatClients\ChatClientsLiveTest.cs(185,13): error CS0246: The type or namespace name 'Response' could not be found (are you missing a using directive or an assembly reference?)
C:\gh\azure-sdk-for-net\sdk\communication\Azure.Communication.Chat\tests\ChatClients\ChatClientsLiveTest.cs(187,13): error CS0246: The type or namespace name 'Pageable<>' could not be found (are you missing a using directive or an assembly reference?)
C:\gh\azure-sdk-for-net\sdk\communication\Azure.Communication.Chat\tests\ChatClients\ChatClientsLiveTest.cs(187,75): error CS0246: The type or namespace name 'Pageable<>' could not be found (are you missing a using directive or an assembly reference?)
C:\gh\azure-sdk-for-net\sdk\communication\Azure.Communication.Chat\tests\ChatClients\ChatClientsLiveTest.cs(190,13): error CS0246: The type or namespace name 'Response' could not be found (are you missing a using directive or an assembly reference?)
C:\gh\azure-sdk-for-net\sdk\communication\Azure.Communication.Chat\tests\ChatClients\ChatClientsLiveTest.cs(190,51): error CS0246: The type or namespace name 'Response' could not be found (are you missing a using directive or an assembly reference?)
C:\gh\azure-sdk-for-net\sdk\communication\Azure.Communication.Chat\tests\ChatClients\ChatClientsLiveTest.cs(192,13): error CS0246: The type or namespace name 'Response' could not be found (are you missing a using directive or an assembly reference?)
C:\gh\azure-sdk-for-net\sdk\communication\Azure.Communication.Chat\tests\ChatClients\ChatClientsLiveTest.cs(196,13): error CS0246: The type or namespace name 'Response' could not be found (are you missing a using directive or an assembly reference?)
C:\gh\azure-sdk-for-net\sdk\communication\Azure.Communication.Chat\tests\ChatClients\ChatClientsLiveTest.cs(200,13): error CS0103: The name 'Assert' does not exist in the current context
C:\gh\azure-sdk-for-net\sdk\communication\Azure.Communication.Chat\tests\ChatClients\ChatClientsLiveTest.cs(200,54): error CS0518: Predefined type 'System.String' is not defined or imported
C:\gh\azure-sdk-for-net\sdk\communication\Azure.Communication.Chat\tests\ChatClients\ChatClientsLiveTest.cs(201,13): error CS0103: The name 'Assert' does not exist in the current context
C:\gh\azure-sdk-for-net\sdk\communication\Azure.Communication.Chat\tests\ChatClients\ChatClientsLiveTest.cs(201,43): error CS0246: The type or namespace name 'IReadOnlyList<>' could not be found (are you missing a using directive or an assembly reference?)
C:\gh\azure-sdk-for-net\sdk\communication\Azure.Communication.Chat\tests\ChatClients\ChatClientsLiveTest.cs(202,13): error CS0103: The name 'Assert' does not exist in the current context
C:\gh\azure-sdk-for-net\sdk\communication\Azure.Communication.Chat\tests\ChatClients\ChatClientsLiveTest.cs(202,53): error CS0518: Predefined type 'System.String' is not defined or imported
C:\gh\azure-sdk-for-net\sdk\communication\Azure.Communication.Chat\tests\ChatClients\ChatClientsLiveTest.cs(203,13): error CS0103: The name 'Assert' does not exist in the current context
C:\gh\azure-sdk-for-net\sdk\communication\Azure.Communication.Chat\tests\ChatClients\ChatClientsLiveTest.cs(204,13): error CS0103: The name 'Assert' does not exist in the current context
C:\gh\azure-sdk-for-net\sdk\communication\Azure.Communication.Chat\tests\ChatClients\ChatClientsLiveTest.cs(204,65): error CS0518: Predefined type 'System.Nullable`1' is not defined or imported
C:\gh\azure-sdk-for-net\sdk\communication\Azure.Communication.Chat\tests\ChatClients\ChatClientsLiveTest.cs(206,13): error CS0103: The name 'Assert' does not exist in the current context
C:\gh\azure-sdk-for-net\sdk\communication\Azure.Communication.Chat\tests\ChatClients\ChatClientsLiveTest.cs(206,55): error CS0518: Predefined type 'System.String' is not defined or imported
C:\gh\azure-sdk-for-net\sdk\communication\Azure.Communication.Chat\tests\ChatClients\ChatClientsLiveTest.cs(207,13): error CS0103: The name 'Assert' does not exist in the current context
C:\gh\azure-sdk-for-net\sdk\communication\Azure.Communication.Chat\tests\ChatClients\ChatClientsLiveTest.cs(207,58): error CS0518: Predefined type 'System.String' is not defined or imported
C:\gh\azure-sdk-for-net\sdk\communication\Azure.Communication.Chat\tests\ChatClients\ChatClientsLiveTest.cs(208,13): error CS0103: The name 'Assert' does not exist in the current context
C:\gh\azure-sdk-for-net\sdk\communication\Azure.Communication.Chat\tests\ChatClients\ChatClientsLiveTest.cs(208,55): error CS0518: Predefined type 'System.String' is not defined or imported
C:\gh\azure-sdk-for-net\sdk\communication\Azure.Communication.Chat\tests\ChatClients\ChatClientsLiveTest.cs(209,13): error CS0103: The name 'Assert' does not exist in the current context
C:\gh\azure-sdk-for-net\sdk\communication\Azure.Communication.Chat\tests\ChatClients\ChatClientsLiveTest.cs(209,55): error CS0518: Predefined type 'System.String' is not defined or imported
C:\gh\azure-sdk-for-net\sdk\communication\Azure.Communication.Chat\tests\ChatClients\ChatClientsLiveTest.cs(210,13): error CS0103: The name 'Assert' does not exist in the current context
C:\gh\azure-sdk-for-net\sdk\communication\Azure.Communication.Chat\tests\ChatClients\ChatClientsLiveTest.cs(210,55): error CS0518: Predefined type 'System.String' is not defined or imported
C:\gh\azure-sdk-for-net\sdk\communication\Azure.Communication.Chat\tests\ChatClients\ChatClientsLiveTest.cs(211,13): error CS0103: The name 'Assert' does not exist in the current context
C:\gh\azure-sdk-for-net\sdk\communication\Azure.Communication.Chat\tests\ChatClients\ChatClientsLiveTest.cs(211,55): error CS0518: Predefined type 'System.String' is not defined or imported
C:\gh\azure-sdk-for-net\sdk\communication\Azure.Communication.Chat\tests\ChatClients\ChatClientsLiveTest.cs(213,13): error CS0103: The name 'Assert' does not exist in the current context
C:\gh\azure-sdk-for-net\sdk\communication\Azure.Communication.Chat\tests\ChatClients\ChatClientsLiveTest.cs(214,13): error CS0103: The name 'Assert' does not exist in the current context
C:\gh\azure-sdk-for-net\sdk\communication\Azure.Communication.Chat\tests\ChatClients\ChatClientsLiveTest.cs(215,13): error CS0103: The name 'Assert' does not exist in the current context
C:\gh\azure-sdk-for-net\sdk\communication\Azure.Communication.Chat\tests\ChatClients\ChatClientsLiveTest.cs(217,13): error CS0103: The name 'Assert' does not exist in the current context
C:\gh\azure-sdk-for-net\sdk\communication\Azure.Communication.Chat\tests\ChatClients\ChatClientsLiveTest.cs(217,46): error CS0518: Predefined type 'System.Nullable`1' is not defined or imported
C:\gh\azure-sdk-for-net\sdk\communication\Azure.Communication.Chat\tests\ChatClients\ChatClientsLiveTest.cs(218,13): error CS0103: The name 'Assert' does not exist in the current context
C:\gh\azure-sdk-for-net\sdk\communication\Azure.Communication.Chat\tests\ChatClients\ChatClientsLiveTest.cs(219,13): error CS0103: The name 'Assert' does not exist in the current context
C:\gh\azure-sdk-for-net\sdk\communication\Azure.Communication.Chat\tests\ChatClients\ChatClientsLiveTest.cs(220,13): error CS0103: The name 'Assert' does not exist in the current context
C:\gh\azure-sdk-for-net\sdk\communication\Azure.Communication.Chat\tests\ChatClients\ChatClientsLiveTest.cs(221,13): error CS0103: The name 'Assert' does not exist in the current context
C:\gh\azure-sdk-for-net\sdk\communication\Azure.Communication.Chat\tests\ChatClients\ChatClientsLiveTest.cs(232,14): error CS0246: The type or namespace name 'CommunicationUserIdentifier' could not be found (are you missing a using directive or an assembly reference?)
C:\gh\azure-sdk-for-net\sdk\communication\Azure.Communication.Chat\tests\ChatClients\ChatClientsLiveTest.cs(233,14): error CS0246: The type or namespace name 'CommunicationUserIdentifier' could not be found (are you missing a using directive or an assembly reference?)
C:\gh\azure-sdk-for-net\sdk\communication\Azure.Communication.Chat\tests\ChatClients\ChatClientsLiveTest.cs(237,21): error CS0518: Predefined type 'System.Void' is not defined or imported
C:\gh\azure-sdk-for-net\sdk\communication\Azure.Communication.Chat\tests\ChatClients\ChatClientsLiveTest.cs(238,21): error CS0518: Predefined type 'System.Void' is not defined or imported
C:\gh\azure-sdk-for-net\sdk\communication\Azure.Communication.Chat\tests\ChatClients\ChatClientsLiveTest.cs(245,45): error CS0518: Predefined type 'System.String' is not defined or imported
C:\gh\azure-sdk-for-net\sdk\communication\Azure.Communication.Chat\tests\ChatClients\ChatClientsLiveTest.cs(248,59): error CS0246: The type or namespace name 'Response<>' could not be found (are you missing a using directive or an assembly reference?)
C:\gh\azure-sdk-for-net\sdk\communication\Azure.Communication.Chat\tests\ChatClients\ChatClientsLiveTest.cs(249,60): error CS0246: The type or namespace name 'Response<>' could not be found (are you missing a using directive or an assembly reference?)
C:\gh\azure-sdk-for-net\sdk\communication\Azure.Communication.Chat\tests\ChatClients\ChatClientsLiveTest.cs(250,52): error CS0518: Predefined type 'System.String' is not defined or imported
C:\gh\azure-sdk-for-net\sdk\communication\Azure.Communication.Chat\tests\ChatClients\ChatClientsLiveTest.cs(251,52): error CS0518: Predefined type 'System.String' is not defined or imported
C:\gh\azure-sdk-for-net\sdk\communication\Azure.Communication.Chat\tests\ChatClients\ChatClientsLiveTest.cs(254,13): error CS0246: The type or namespace name 'Response' could not be found (are you missing a using directive or an assembly reference?)
C:\gh\azure-sdk-for-net\sdk\communication\Azure.Communication.Chat\tests\ChatClients\ChatClientsLiveTest.cs(256,13): error CS0246: The type or namespace name 'Response' could not be found (are you missing a using directive or an assembly reference?)
C:\gh\azure-sdk-for-net\sdk\communication\Azure.Communication.Chat\tests\ChatClients\ChatClientsLiveTest.cs(259,13): error CS0246: The type or namespace name 'Pageable<>' could not be found (are you missing a using directive or an assembly reference?)
C:\gh\azure-sdk-for-net\sdk\communication\Azure.Communication.Chat\tests\ChatClients\ChatClientsLiveTest.cs(259,50): error CS0246: The type or namespace name 'Pageable<>' could not be found (are you missing a using directive or an assembly reference?)
C:\gh\azure-sdk-for-net\sdk\communication\Azure.Communication.Chat\tests\ChatClients\ChatClientsLiveTest.cs(261,13): error CS0246: The type or namespace name 'Pageable<>' could not be found (are you missing a using directive or an assembly reference?)
C:\gh\azure-sdk-for-net\sdk\communication\Azure.Communication.Chat\tests\ChatClients\ChatClientsLiveTest.cs(261,51): error CS0246: The type or namespace name 'Pageable<>' could not be found (are you missing a using directive or an assembly reference?)
C:\gh\azure-sdk-for-net\sdk\communication\Azure.Communication.Chat\tests\ChatClients\ChatClientsLiveTest.cs(265,13): error CS0246: The type or namespace name 'Response' could not be found (are you missing a using directive or an assembly reference?)
C:\gh\azure-sdk-for-net\sdk\communication\Azure.Communication.Chat\tests\ChatClients\ChatClientsLiveTest.cs(268,13): error CS0103: The name 'Assert' does not exist in the current context
C:\gh\azure-sdk-for-net\sdk\communication\Azure.Communication.Chat\tests\ChatClients\ChatClientsLiveTest.cs(269,13): error CS0103: The name 'Assert' does not exist in the current context
C:\gh\azure-sdk-for-net\sdk\communication\Azure.Communication.Chat\tests\ChatClients\ChatClientsLiveTest.cs(285,14): error CS0246: The type or namespace name 'CommunicationUserIdentifier' could not be found (are you missing a using directive or an assembly reference?)
C:\gh\azure-sdk-for-net\sdk\communication\Azure.Communication.Chat\tests\ChatClients\ChatClientsLiveTest.cs(286,14): error CS0246: The type or namespace name 'CommunicationUserIdentifier' could not be found (are you missing a using directive or an assembly reference?)
C:\gh\azure-sdk-for-net\sdk\communication\Azure.Communication.Chat\tests\ChatClients\ChatClientsLiveTest.cs(287,14): error CS0246: The type or namespace name 'CommunicationUserIdentifier' could not be found (are you missing a using directive or an assembly reference?)
C:\gh\azure-sdk-for-net\sdk\communication\Azure.Communication.Chat\tests\ChatClients\ChatClientsLiveTest.cs(288,14): error CS0246: The type or namespace name 'CommunicationUserIdentifier' could not be found (are you missing a using directive or an assembly reference?)
C:\gh\azure-sdk-for-net\sdk\communication\Azure.Communication.Chat\tests\ChatClients\ChatClientsLiveTest.cs(294,21): error CS0518: Predefined type 'System.Void' is not defined or imported
C:\gh\azure-sdk-for-net\sdk\communication\Azure.Communication.Chat\tests\ChatClients\ChatClientsLiveTest.cs(295,21): error CS0518: Predefined type 'System.Void' is not defined or imported
C:\gh\azure-sdk-for-net\sdk\communication\Azure.Communication.Chat\tests\ChatClients\ChatClientsLiveTest.cs(296,21): error CS0518: Predefined type 'System.Void' is not defined or imported
C:\gh\azure-sdk-for-net\sdk\communication\Azure.Communication.Chat\tests\ChatClients\ChatClientsLiveTest.cs(304,45): error CS0518: Predefined type 'System.String' is not defined or imported
C:\gh\azure-sdk-for-net\sdk\communication\Azure.Communication.Chat\tests\ChatClients\ChatClientsLiveTest.cs(309,19): error CS0246: The type or namespace name 'Task<>' could not be found (are you missing a using directive or an assembly reference?)
C:\gh\azure-sdk-for-net\sdk\communication\Azure.Communication.Chat\tests\ChatClients\ChatClientsLiveTest.cs(311,43): error CS0246: The type or namespace name 'Task<>' could not be found (are you missing a using directive or an assembly reference?)
C:\gh\azure-sdk-for-net\sdk\communication\Azure.Communication.Chat\tests\ChatClients\ChatClientsLiveTest.cs(313,13): error CS0246: The type or namespace name 'AsyncPageable<>' could not be found (are you missing a using directive or an assembly reference?)
C:\gh\azure-sdk-for-net\sdk\communication\Azure.Communication.Chat\tests\ChatClients\ChatClientsLiveTest.cs(313,53): error CS0246: The type or namespace name 'AsyncPageable<>' could not be found (are you missing a using directive or an assembly reference?)
C:\gh\azure-sdk-for-net\sdk\communication\Azure.Communication.Chat\tests\ChatClients\ChatClientsLiveTest.cs(314,32): error CS0012: The type 'IAsyncEnumerable<>' is defined in an assembly that is not referenced. You must add a reference to assembly 'Microsoft.Bcl.AsyncInterfaces, Version=1.0.0.0, Culture=neutral, PublicKeyToken=cc7b13ffcd2ddd51'.
C:\gh\azure-sdk-for-net\sdk\communication\Azure.Communication.Chat\tests\ChatClients\ChatClientsLiveTest.cs(317,65): error CS0246: The type or namespace name 'Task<>' could not be found (are you missing a using directive or an assembly reference?)
C:\gh\azure-sdk-for-net\sdk\communication\Azure.Communication.Chat\tests\ChatClients\ChatClientsLiveTest.cs(319,66): error CS0246: The type or namespace name 'Task<>' could not be found (are you missing a using directive or an assembly reference?)
C:\gh\azure-sdk-for-net\sdk\communication\Azure.Communication.Chat\tests\ChatClients\ChatClientsLiveTest.cs(321,66): error CS0246: The type or namespace name 'Task<>' could not be found (are you missing a using directive or an assembly reference?)
C:\gh\azure-sdk-for-net\sdk\communication\Azure.Communication.Chat\tests\ChatClients\ChatClientsLiveTest.cs(323,66): error CS0246: The type or namespace name 'Task<>' could not be found (are you missing a using directive or an assembly reference?)
C:\gh\azure-sdk-for-net\sdk\communication\Azure.Communication.Chat\tests\ChatClients\ChatClientsLiveTest.cs(325,66): error CS0246: The type or namespace name 'Task<>' could not be found (are you missing a using directive or an assembly reference?)
C:\gh\azure-sdk-for-net\sdk\communication\Azure.Communication.Chat\tests\ChatClients\ChatClientsLiveTest.cs(327,66): error CS0246: The type or namespace name 'Task<>' could not be found (are you missing a using directive or an assembly reference?)
C:\gh\azure-sdk-for-net\sdk\communication\Azure.Communication.Chat\tests\ChatClients\ChatClientsLiveTest.cs(329,51): error CS0518: Predefined type 'System.String' is not defined or imported
C:\gh\azure-sdk-for-net\sdk\communication\Azure.Communication.Chat\tests\ChatClients\ChatClientsLiveTest.cs(330,53): error CS0518: Predefined type 'System.String' is not defined or imported
C:\gh\azure-sdk-for-net\sdk\communication\Azure.Communication.Chat\tests\ChatClients\ChatClientsLiveTest.cs(331,53): error CS0518: Predefined type 'System.String' is not defined or imported
C:\gh\azure-sdk-for-net\sdk\communication\Azure.Communication.Chat\tests\ChatClients\ChatClientsLiveTest.cs(332,53): error CS0518: Predefined type 'System.String' is not defined or imported
C:\gh\azure-sdk-for-net\sdk\communication\Azure.Communication.Chat\tests\ChatClients\ChatClientsLiveTest.cs(333,53): error CS0518: Predefined type 'System.String' is not defined or imported
C:\gh\azure-sdk-for-net\sdk\communication\Azure.Communication.Chat\tests\ChatClients\ChatClientsLiveTest.cs(334,53): error CS0518: Predefined type 'System.String' is not defined or imported
C:\gh\azure-sdk-for-net\sdk\communication\Azure.Communication.Chat\tests\ChatClients\ChatClientsLiveTest.cs(336,41): error CS0246: The type or namespace name 'Task<>' could not be found (are you missing a using directive or an assembly reference?)
C:\gh\azure-sdk-for-net\sdk\communication\Azure.Communication.Chat\tests\ChatClients\ChatClientsLiveTest.cs(337,42): error CS0246: The type or namespace name 'Task<>' could not be found (are you missing a using directive or an assembly reference?)
C:\gh\azure-sdk-for-net\sdk\communication\Azure.Communication.Chat\tests\ChatClients\ChatClientsLiveTest.cs(338,42): error CS0246: The type or namespace name 'Task<>' could not be found (are you missing a using directive or an assembly reference?)
C:\gh\azure-sdk-for-net\sdk\communication\Azure.Communication.Chat\tests\ChatClients\ChatClientsLiveTest.cs(339,42): error CS0246: The type or namespace name 'Task<>' could not be found (are you missing a using directive or an assembly reference?)
C:\gh\azure-sdk-for-net\sdk\communication\Azure.Communication.Chat\tests\ChatClients\ChatClientsLiveTest.cs(340,42): error CS0246: The type or namespace name 'Task<>' could not be found (are you missing a using directive or an assembly reference?)
C:\gh\azure-sdk-for-net\sdk\communication\Azure.Communication.Chat\tests\ChatClients\ChatClientsLiveTest.cs(341,42): error CS0246: The type or namespace name 'Task<>' could not be found (are you missing a using directive or an assembly reference?)
C:\gh\azure-sdk-for-net\sdk\communication\Azure.Communication.Chat\tests\ChatClients\ChatClientsLiveTest.cs(343,13): error CS0246: The type or namespace name 'AsyncPageable<>' could not be found (are you missing a using directive or an assembly reference?)
C:\gh\azure-sdk-for-net\sdk\communication\Azure.Communication.Chat\tests\ChatClients\ChatClientsLiveTest.cs(343,51): error CS0246: The type or namespace name 'AsyncPageable<>' could not be found (are you missing a using directive or an assembly reference?)
C:\gh\azure-sdk-for-net\sdk\communication\Azure.Communication.Chat\tests\ChatClients\ChatClientsLiveTest.cs(344,13): error CS0246: The type or namespace name 'AsyncPageable<>' could not be found (are you missing a using directive or an assembly reference?)
C:\gh\azure-sdk-for-net\sdk\communication\Azure.Communication.Chat\tests\ChatClients\ChatClientsLiveTest.cs(344,52): error CS0246: The type or namespace name 'AsyncPageable<>' could not be found (are you missing a using directive or an assembly reference?)
C:\gh\azure-sdk-for-net\sdk\communication\Azure.Communication.Chat\tests\ChatClients\ChatClientsLiveTest.cs(345,36): error CS0012: The type 'IAsyncEnumerable<>' is defined in an assembly that is not referenced. You must add a reference to assembly 'Microsoft.Bcl.AsyncInterfaces, Version=1.0.0.0, Culture=neutral, PublicKeyToken=cc7b13ffcd2ddd51'.
C:\gh\azure-sdk-for-net\sdk\communication\Azure.Communication.Chat\tests\ChatClients\ChatClientsLiveTest.cs(346,37): error CS0012: The type 'IAsyncEnumerable<>' is defined in an assembly that is not referenced. You must add a reference to assembly 'Microsoft.Bcl.AsyncInterfaces, Version=1.0.0.0, Culture=neutral, PublicKeyToken=cc7b13ffcd2ddd51'.
C:\gh\azure-sdk-for-net\sdk\communication\Azure.Communication.Chat\tests\ChatClients\ChatClientsLiveTest.cs(349,13): error CS0246: The type or namespace name 'AsyncPageable<>' could not be found (are you missing a using directive or an assembly reference?)
C:\gh\azure-sdk-for-net\sdk\communication\Azure.Communication.Chat\tests\ChatClients\ChatClientsLiveTest.cs(349,65): error CS0246: The type or namespace name 'AsyncPageable<>' could not be found (are you missing a using directive or an assembly reference?)
C:\gh\azure-sdk-for-net\sdk\communication\Azure.Communication.Chat\tests\ChatClients\ChatClientsLiveTest.cs(354,28): error CS0246: The type or namespace name 'Page<>' could not be found (are you missing a using directive or an assembly reference?)
C:\gh\azure-sdk-for-net\sdk\communication\Azure.Communication.Chat\tests\ChatClients\ChatClientsLiveTest.cs(366,21): error CS0103: The name 'Assert' does not exist in the current context
C:\gh\azure-sdk-for-net\sdk\communication\Azure.Communication.Chat\tests\ChatClients\ChatClientsLiveTest.cs(370,21): error CS0103: The name 'Assert' does not exist in the current context
C:\gh\azure-sdk-for-net\sdk\communication\Azure.Communication.Chat\tests\ChatClients\ChatClientsLiveTest.cs(373,13): error CS0103: The name 'Assert' does not exist in the current context
C:\gh\azure-sdk-for-net\sdk\communication\Azure.Communication.Chat\tests\ChatClients\ChatClientsLiveTest.cs(377,19): error CS0246: The type or namespace name 'Task<>' could not be found (are you missing a using directive or an assembly reference?)
C:\gh\azure-sdk-for-net\sdk\communication\Azure.Communication.Chat\tests\ChatClients\ChatClientsLiveTest.cs(378,13): error CS0246: The type or namespace name 'Response<>' could not be found (are you missing a using directive or an assembly reference?)
C:\gh\azure-sdk-for-net\sdk\communication\Azure.Communication.Chat\tests\ChatClients\ChatClientsLiveTest.cs(378,63): error CS0246: The type or namespace name 'Task<>' could not be found (are you missing a using directive or an assembly reference?)
C:\gh\azure-sdk-for-net\sdk\communication\Azure.Communication.Chat\tests\ChatClients\ChatClientsLiveTest.cs(380,19): error CS0246: The type or namespace name 'Task<>' could not be found (are you missing a using directive or an assembly reference?)
C:\gh\azure-sdk-for-net\sdk\communication\Azure.Communication.Chat\tests\ChatClients\ChatClientsLiveTest.cs(381,57): error CS0246: The type or namespace name 'AsyncPageable<>' could not be found (are you missing a using directive or an assembly reference?)
C:\gh\azure-sdk-for-net\sdk\communication\Azure.Communication.Chat\tests\ChatClients\ChatClientsLiveTest.cs(382,83): error CS0518: Predefined type 'System.String' is not defined or imported
C:\gh\azure-sdk-for-net\sdk\communication\Azure.Communication.Chat\tests\ChatClients\ChatClientsLiveTest.cs(384,13): error CS0246: The type or namespace name 'AsyncPageable<>' could not be found (are you missing a using directive or an assembly reference?)
C:\gh\azure-sdk-for-net\sdk\communication\Azure.Communication.Chat\tests\ChatClients\ChatClientsLiveTest.cs(384,65): error CS0246: The type or namespace name 'AsyncPageable<>' could not be found (are you missing a using directive or an assembly reference?)
C:\gh\azure-sdk-for-net\sdk\communication\Azure.Communication.Chat\tests\ChatClients\ChatClientsLiveTest.cs(385,42): error CS0012: The type 'IAsyncEnumerable<>' is defined in an assembly that is not referenced. You must add a reference to assembly 'Microsoft.Bcl.AsyncInterfaces, Version=1.0.0.0, Culture=neutral, PublicKeyToken=cc7b13ffcd2ddd51'.
C:\gh\azure-sdk-for-net\sdk\communication\Azure.Communication.Chat\tests\ChatClients\ChatClientsLiveTest.cs(387,33): error CS0518: Predefined type 'System.Void' is not defined or imported
C:\gh\azure-sdk-for-net\sdk\communication\Azure.Communication.Chat\tests\ChatClients\ChatClientsLiveTest.cs(388,19): error CS0246: The type or namespace name 'Task<>' could not be found (are you missing a using directive or an assembly reference?)
C:\gh\azure-sdk-for-net\sdk\communication\Azure.Communication.Chat\tests\ChatClients\ChatClientsLiveTest.cs(389,13): error CS0246: The type or namespace name 'AsyncPageable<>' could not be found (are you missing a using directive or an assembly reference?)
C:\gh\azure-sdk-for-net\sdk\communication\Azure.Communication.Chat\tests\ChatClients\ChatClientsLiveTest.cs(389,78): error CS0246: The type or namespace name 'AsyncPageable<>' could not be found (are you missing a using directive or an assembly reference?)
C:\gh\azure-sdk-for-net\sdk\communication\Azure.Communication.Chat\tests\ChatClients\ChatClientsLiveTest.cs(390,55): error CS0012: The type 'IAsyncEnumerable<>' is defined in an assembly that is not referenced. You must add a reference to assembly 'Microsoft.Bcl.AsyncInterfaces, Version=1.0.0.0, Culture=neutral, PublicKeyToken=cc7b13ffcd2ddd51'.
C:\gh\azure-sdk-for-net\sdk\communication\Azure.Communication.Chat\tests\ChatClients\ChatClientsLiveTest.cs(392,13): error CS0246: The type or namespace name 'CommunicationUserIdentifier' could not be found (are you missing a using directive or an assembly reference?)
C:\gh\azure-sdk-for-net\sdk\communication\Azure.Communication.Chat\tests\ChatClients\ChatClientsLiveTest.cs(393,19): error CS0246: The type or namespace name 'Task<>' could not be found (are you missing a using directive or an assembly reference?)
C:\gh\azure-sdk-for-net\sdk\communication\Azure.Communication.Chat\tests\ChatClients\ChatClientsLiveTest.cs(394,13): error CS0246: The type or namespace name 'AsyncPageable<>' could not be found (are you missing a using directive or an assembly reference?)
C:\gh\azure-sdk-for-net\sdk\communication\Azure.Communication.Chat\tests\ChatClients\ChatClientsLiveTest.cs(394,80): error CS0246: The type or namespace name 'AsyncPageable<>' could not be found (are you missing a using directive or an assembly reference?)
C:\gh\azure-sdk-for-net\sdk\communication\Azure.Communication.Chat\tests\ChatClients\ChatClientsLiveTest.cs(395,57): error CS0012: The type 'IAsyncEnumerable<>' is defined in an assembly that is not referenced. You must add a reference to assembly 'Microsoft.Bcl.AsyncInterfaces, Version=1.0.0.0, Culture=neutral, PublicKeyToken=cc7b13ffcd2ddd51'.
C:\gh\azure-sdk-for-net\sdk\communication\Azure.Communication.Chat\tests\ChatClients\ChatClientsLiveTest.cs(397,13): error CS0246: The type or namespace name 'Response' could not be found (are you missing a using directive or an assembly reference?)
C:\gh\azure-sdk-for-net\sdk\communication\Azure.Communication.Chat\tests\ChatClients\ChatClientsLiveTest.cs(397,57): error CS0246: The type or namespace name 'Task<>' could not be found (are you missing a using directive or an assembly reference?)
C:\gh\azure-sdk-for-net\sdk\communication\Azure.Communication.Chat\tests\ChatClients\ChatClientsLiveTest.cs(398,19): error CS0246: The type or namespace name 'Task<>' could not be found (are you missing a using directive or an assembly reference?)
C:\gh\azure-sdk-for-net\sdk\communication\Azure.Communication.Chat\tests\ChatClients\ChatClientsLiveTest.cs(400,19): error CS0246: The type or namespace name 'Task<>' could not be found (are you missing a using directive or an assembly reference?)
C:\gh\azure-sdk-for-net\sdk\communication\Azure.Communication.Chat\tests\ChatClients\ChatClientsLiveTest.cs(403,13): error CS0103: The name 'Assert' does not exist in the current context
C:\gh\azure-sdk-for-net\sdk\communication\Azure.Communication.Chat\tests\ChatClients\ChatClientsLiveTest.cs(403,54): error CS0518: Predefined type 'System.String' is not defined or imported
C:\gh\azure-sdk-for-net\sdk\communication\Azure.Communication.Chat\tests\ChatClients\ChatClientsLiveTest.cs(404,13): error CS0103: The name 'Assert' does not exist in the current context
C:\gh\azure-sdk-for-net\sdk\communication\Azure.Communication.Chat\tests\ChatClients\ChatClientsLiveTest.cs(404,43): error CS0246: The type or namespace name 'IReadOnlyList<>' could not be found (are you missing a using directive or an assembly reference?)
C:\gh\azure-sdk-for-net\sdk\communication\Azure.Communication.Chat\tests\ChatClients\ChatClientsLiveTest.cs(405,13): error CS0103: The name 'Assert' does not exist in the current context
C:\gh\azure-sdk-for-net\sdk\communication\Azure.Communication.Chat\tests\ChatClients\ChatClientsLiveTest.cs(405,53): error CS0518: Predefined type 'System.String' is not defined or imported
C:\gh\azure-sdk-for-net\sdk\communication\Azure.Communication.Chat\tests\ChatClients\ChatClientsLiveTest.cs(406,13): error CS0103: The name 'Assert' does not exist in the current context
C:\gh\azure-sdk-for-net\sdk\communication\Azure.Communication.Chat\tests\ChatClients\ChatClientsLiveTest.cs(406,57): error CS0518: Predefined type 'System.String' is not defined or imported
C:\gh\azure-sdk-for-net\sdk\communication\Azure.Communication.Chat\tests\ChatClients\ChatClientsLiveTest.cs(407,13): error CS0103: The name 'Assert' does not exist in the current context
C:\gh\azure-sdk-for-net\sdk\communication\Azure.Communication.Chat\tests\ChatClients\ChatClientsLiveTest.cs(408,13): error CS0103: The name 'Assert' does not exist in the current context
C:\gh\azure-sdk-for-net\sdk\communication\Azure.Communication.Chat\tests\ChatClients\ChatClientsLiveTest.cs(408,63): error CS0518: Predefined type 'System.Nullable`1' is not defined or imported
C:\gh\azure-sdk-for-net\sdk\communication\Azure.Communication.Chat\tests\ChatClients\ChatClientsLiveTest.cs(410,13): error CS0103: The name 'Assert' does not exist in the current context
C:\gh\azure-sdk-for-net\sdk\communication\Azure.Communication.Chat\tests\ChatClients\ChatClientsLiveTest.cs(410,55): error CS0518: Predefined type 'System.String' is not defined or imported
C:\gh\azure-sdk-for-net\sdk\communication\Azure.Communication.Chat\tests\ChatClients\ChatClientsLiveTest.cs(411,13): error CS0103: The name 'Assert' does not exist in the current context
C:\gh\azure-sdk-for-net\sdk\communication\Azure.Communication.Chat\tests\ChatClients\ChatClientsLiveTest.cs(411,55): error CS0518: Predefined type 'System.String' is not defined or imported
C:\gh\azure-sdk-for-net\sdk\communication\Azure.Communication.Chat\tests\ChatClients\ChatClientsLiveTest.cs(412,13): error CS0103: The name 'Assert' does not exist in the current context
C:\gh\azure-sdk-for-net\sdk\communication\Azure.Communication.Chat\tests\ChatClients\ChatClientsLiveTest.cs(412,55): error CS0518: Predefined type 'System.String' is not defined or imported
C:\gh\azure-sdk-for-net\sdk\communication\Azure.Communication.Chat\tests\ChatClients\ChatClientsLiveTest.cs(413,13): error CS0103: The name 'Assert' does not exist in the current context
C:\gh\azure-sdk-for-net\sdk\communication\Azure.Communication.Chat\tests\ChatClients\ChatClientsLiveTest.cs(413,55): error CS0518: Predefined type 'System.String' is not defined or imported
C:\gh\azure-sdk-for-net\sdk\communication\Azure.Communication.Chat\tests\ChatClients\ChatClientsLiveTest.cs(414,13): error CS0103: The name 'Assert' does not exist in the current context
C:\gh\azure-sdk-for-net\sdk\communication\Azure.Communication.Chat\tests\ChatClients\ChatClientsLiveTest.cs(414,55): error CS0518: Predefined type 'System.String' is not defined or imported
C:\gh\azure-sdk-for-net\sdk\communication\Azure.Communication.Chat\tests\ChatClients\ChatClientsLiveTest.cs(416,13): error CS0103: The name 'Assert' does not exist in the current context
C:\gh\azure-sdk-for-net\sdk\communication\Azure.Communication.Chat\tests\ChatClients\ChatClientsLiveTest.cs(417,13): error CS0103: The name 'Assert' does not exist in the current context
C:\gh\azure-sdk-for-net\sdk\communication\Azure.Communication.Chat\tests\ChatClients\ChatClientsLiveTest.cs(418,13): error CS0103: The name 'Assert' does not exist in the current context
C:\gh\azure-sdk-for-net\sdk\communication\Azure.Communication.Chat\tests\ChatClients\ChatClientsLiveTest.cs(420,13): error CS0103: The name 'Assert' does not exist in the current context
C:\gh\azure-sdk-for-net\sdk\communication\Azure.Communication.Chat\tests\ChatClients\ChatClientsLiveTest.cs(420,46): error CS0518: Predefined type 'System.Nullable`1' is not defined or imported
C:\gh\azure-sdk-for-net\sdk\communication\Azure.Communication.Chat\tests\ChatClients\ChatClientsLiveTest.cs(421,13): error CS0103: The name 'Assert' does not exist in the current context
C:\gh\azure-sdk-for-net\sdk\communication\Azure.Communication.Chat\tests\ChatClients\ChatClientsLiveTest.cs(422,13): error CS0103: The name 'Assert' does not exist in the current context
C:\gh\azure-sdk-for-net\sdk\communication\Azure.Communication.Chat\tests\ChatClients\ChatClientsLiveTest.cs(423,13): error CS0103: The name 'Assert' does not exist in the current context
C:\gh\azure-sdk-for-net\sdk\communication\Azure.Communication.Chat\tests\ChatClients\ChatClientsLiveTest.cs(424,13): error CS0103: The name 'Assert' does not exist in the current context
C:\gh\azure-sdk-for-net\sdk\communication\Azure.Communication.Chat\tests\ChatClients\ChatClientsLiveTest.cs(435,14): error CS0246: The type or namespace name 'CommunicationUserIdentifier' could not be found (are you missing a using directive or an assembly reference?)
C:\gh\azure-sdk-for-net\sdk\communication\Azure.Communication.Chat\tests\ChatClients\ChatClientsLiveTest.cs(436,14): error CS0246: The type or namespace name 'CommunicationUserIdentifier' could not be found (are you missing a using directive or an assembly reference?)
C:\gh\azure-sdk-for-net\sdk\communication\Azure.Communication.Chat\tests\ChatClients\ChatClientsLiveTest.cs(440,21): error CS0518: Predefined type 'System.Void' is not defined or imported
C:\gh\azure-sdk-for-net\sdk\communication\Azure.Communication.Chat\tests\ChatClients\ChatClientsLiveTest.cs(441,21): error CS0518: Predefined type 'System.Void' is not defined or imported
C:\gh\azure-sdk-for-net\sdk\communication\Azure.Communication.Chat\tests\ChatClients\ChatClientsLiveTest.cs(448,45): error CS0518: Predefined type 'System.String' is not defined or imported
C:\gh\azure-sdk-for-net\sdk\communication\Azure.Communication.Chat\tests\ChatClients\ChatClientsLiveTest.cs(451,65): error CS0246: The type or namespace name 'Task<>' could not be found (are you missing a using directive or an assembly reference?)
C:\gh\azure-sdk-for-net\sdk\communication\Azure.Communication.Chat\tests\ChatClients\ChatClientsLiveTest.cs(452,66): error CS0246: The type or namespace name 'Task<>' could not be found (are you missing a using directive or an assembly reference?)
C:\gh\azure-sdk-for-net\sdk\communication\Azure.Communication.Chat\tests\ChatClients\ChatClientsLiveTest.cs(453,52): error CS0518: Predefined type 'System.String' is not defined or imported
C:\gh\azure-sdk-for-net\sdk\communication\Azure.Communication.Chat\tests\ChatClients\ChatClientsLiveTest.cs(454,52): error CS0518: Predefined type 'System.String' is not defined or imported
C:\gh\azure-sdk-for-net\sdk\communication\Azure.Communication.Chat\tests\ChatClients\ChatClientsLiveTest.cs(456,19): error CS0246: The type or namespace name 'Task<>' could not be found (are you missing a using directive or an assembly reference?)
C:\gh\azure-sdk-for-net\sdk\communication\Azure.Communication.Chat\tests\ChatClients\ChatClientsLiveTest.cs(457,19): error CS0246: The type or namespace name 'Task<>' could not be found (are you missing a using directive or an assembly reference?)
C:\gh\azure-sdk-for-net\sdk\communication\Azure.Communication.Chat\tests\ChatClients\ChatClientsLiveTest.cs(459,13): error CS0246: The type or namespace name 'AsyncPageable<>' could not be found (are you missing a using directive or an assembly reference?)
C:\gh\azure-sdk-for-net\sdk\communication\Azure.Communication.Chat\tests\ChatClients\ChatClientsLiveTest.cs(459,55): error CS0246: The type or namespace name 'AsyncPageable<>' could not be found (are you missing a using directive or an assembly reference?)
C:\gh\azure-sdk-for-net\sdk\communication\Azure.Communication.Chat\tests\ChatClients\ChatClientsLiveTest.cs(460,13): error CS0246: The type or namespace name 'AsyncPageable<>' could not be found (are you missing a using directive or an assembly reference?)
C:\gh\azure-sdk-for-net\sdk\communication\Azure.Communication.Chat\tests\ChatClients\ChatClientsLiveTest.cs(460,56): error CS0246: The type or namespace name 'AsyncPageable<>' could not be found (are you missing a using directive or an assembly reference?)
C:\gh\azure-sdk-for-net\sdk\communication\Azure.Communication.Chat\tests\ChatClients\ChatClientsLiveTest.cs(461,37): error CS0012: The type 'IAsyncEnumerable<>' is defined in an assembly that is not referenced. You must add a reference to assembly 'Microsoft.Bcl.AsyncInterfaces, Version=1.0.0.0, Culture=neutral, PublicKeyToken=cc7b13ffcd2ddd51'.
C:\gh\azure-sdk-for-net\sdk\communication\Azure.Communication.Chat\tests\ChatClients\ChatClientsLiveTest.cs(462,38): error CS0012: The type 'IAsyncEnumerable<>' is defined in an assembly that is not referenced. You must add a reference to assembly 'Microsoft.Bcl.AsyncInterfaces, Version=1.0.0.0, Culture=neutral, PublicKeyToken=cc7b13ffcd2ddd51'.
C:\gh\azure-sdk-for-net\sdk\communication\Azure.Communication.Chat\tests\ChatClients\ChatClientsLiveTest.cs(464,19): error CS0246: The type or namespace name 'Task<>' could not be found (are you missing a using directive or an assembly reference?)
C:\gh\azure-sdk-for-net\sdk\communication\Azure.Communication.Chat\tests\ChatClients\ChatClientsLiveTest.cs(467,13): error CS0103: The name 'Assert' does not exist in the current context
C:\gh\azure-sdk-for-net\sdk\communication\Azure.Communication.Chat\tests\ChatClients\ChatClientsLiveTest.cs(468,13): error CS0103: The name 'Assert' does not exist in the current context
C:\gh\azure-sdk-for-net\sdk\communication\Azure.Communication.Chat\tests\ChatClients\ChatClientsLiveTest.cs(473,13): error CS0246: The type or namespace name 'Response<>' could not be found (are you missing a using directive or an assembly reference?)
C:\gh\azure-sdk-for-net\sdk\communication\Azure.Communication.Chat\tests\ChatClients\ChatClientsLiveTest.cs(473,22): error CS0246: The type or namespace name 'CommunicationUserIdentifier' could not be found (are you missing a using directive or an assembly reference?)
C:\gh\azure-sdk-for-net\sdk\communication\Azure.Communication.Chat\tests\ChatClients\ChatClientsLiveTest.cs(473,66): error CS0246: The type or namespace name 'Response<>' could not be found (are you missing a using directive or an assembly reference?)
C:\gh\azure-sdk-for-net\sdk\communication\Azure.Communication.Chat\tests\ChatClients\ChatClientsLiveTest.cs(475,13): error CS0246: The type or namespace name 'Response<>' could not be found (are you missing a using directive or an assembly reference?)
C:\gh\azure-sdk-for-net\sdk\communication\Azure.Communication.Chat\tests\ChatClients\ChatClientsLiveTest.cs(475,74): error CS0246: The type or namespace name 'Response<>' could not be found (are you missing a using directive or an assembly reference?)
C:\gh\azure-sdk-for-net\sdk\communication\Azure.Communication.Chat\tests\ChatClients\ChatClientsLiveTest.cs(477,20): error CS8619: Nullability of reference types in value of type '(? User, ? Token)' doesn't match target type '(CommunicationUserIdentifier user, string token)'.
C:\gh\azure-sdk-for-net\sdk\communication\Azure.Communication.Chat\tests\ChatClients\ChatClientsLiveTest.cs(482,13): error CS0246: The type or namespace name 'Response<>' could not be found (are you missing a using directive or an assembly reference?)
C:\gh\azure-sdk-for-net\sdk\communication\Azure.Communication.Chat\tests\ChatClients\ChatClientsLiveTest.cs(482,22): error CS0246: The type or namespace name 'CommunicationUserIdentifier' could not be found (are you missing a using directive or an assembly reference?)
C:\gh\azure-sdk-for-net\sdk\communication\Azure.Communication.Chat\tests\ChatClients\ChatClientsLiveTest.cs(482,72): error CS0246: The type or namespace name 'Task<>' could not be found (are you missing a using directive or an assembly reference?)
C:\gh\azure-sdk-for-net\sdk\communication\Azure.Communication.Chat\tests\ChatClients\ChatClientsLiveTest.cs(484,13): error CS0246: The type or namespace name 'Response<>' could not be found (are you missing a using directive or an assembly reference?)
C:\gh\azure-sdk-for-net\sdk\communication\Azure.Communication.Chat\tests\ChatClients\ChatClientsLiveTest.cs(484,80): error CS0246: The type or namespace name 'Task<>' could not be found (are you missing a using directive or an assembly reference?)
C:\gh\azure-sdk-for-net\sdk\communication\Azure.Communication.Chat\tests\ChatClients\ChatClientsLiveTest.cs(486,20): error CS8619: Nullability of reference types in value of type '(? User, ? Token)' doesn't match target type '(CommunicationUserIdentifier user, string token)'.
C:\gh\azure-sdk-for-net\sdk\communication\Azure.Communication.Chat\tests\ChatClients\ChatClientsLiveTest.cs(17,1): hidden CS8019: Unnecessary using directive.
C:\gh\azure-sdk-for-net\sdk\communication\Azure.Communication.Chat\tests\Infrastructure\ChatLiveTestBase.cs(8,1): hidden CS8019: Unnecessary using directive.
C:\gh\azure-sdk-for-net\artifacts\obj\Azure.Communication.Chat.Tests\Debug\net461\Azure.Communication.Chat.Tests.AssemblyInfo.cs(12,1): hidden CS8019: Unnecessary using directive.
C:\gh\azure-sdk-for-net\sdk\communication\Azure.Communication.Chat\tests\samples\Sample2_MessagingOperations.cs(10,1): hidden CS8019: Unnecessary using directive.
C:\gh\azure-sdk-for-net\artifacts\obj\Azure.Communication.Chat.Tests\Debug\net461\.NETFramework,Version=v4.6.1.AssemblyAttributes.cs(2,1): hidden CS8019: Unnecessary using directive.
C:\gh\azure-sdk-for-net\sdk\communication\Azure.Communication.Chat\tests\samples\Sample3_MemberOperations.cs(10,1): hidden CS8019: Unnecessary using directive.
C:\gh\azure-sdk-for-net\artifacts\obj\Azure.Communication.Chat.Tests\Debug\net461\.NETFramework,Version=v4.6.1.AssemblyAttributes.cs(3,1): hidden CS8019: Unnecessary using directive.
C:\gh\azure-sdk-for-net\sdk\communication\Azure.Communication.Chat\tests\samples\Sample1_ThreadOperations.cs(10,1): hidden CS8019: Unnecessary using directive.
C:\gh\azure-sdk-for-net\sdk\communication\Azure.Communication.Chat\tests\samples\Sample2_MessagingOperations.cs(8,1): hidden CS8019: Unnecessary using directive.
C:\gh\azure-sdk-for-net\sdk\communication\Azure.Communication.Chat\tests\samples\Sample3_MemberOperations.cs(8,1): hidden CS8019: Unnecessary using directive.
C:\gh\azure-sdk-for-net\sdk\communication\Azure.Communication.Chat\tests\ChatClients\ChatClientsTests.cs(8,1): hidden CS8019: Unnecessary using directive.
C:\gh\azure-sdk-for-net\sdk\communication\Azure.Communication.Chat\tests\samples\Sample1_ThreadOperations.cs(8,1): hidden CS8019: Unnecessary using directive.
C:\gh\azure-sdk-for-net\sdk\communication\Azure.Communication.Chat\tests\ChatClients\ChatClientsLiveTest.cs(12,1): hidden CS8019: Unnecessary using directive.
C:\gh\azure-sdk-for-net\artifacts\obj\Azure.Communication.Chat.Tests\Debug\net461\Azure.Communication.Chat.Tests.AssemblyInfo.cs(11,1): hidden CS8019: Unnecessary using directive.
C:\gh\azure-sdk-for-net\sdk\communication\Azure.Communication.Chat\tests\ChatClients\ChatClientsTests.cs(6,1): hidden CS8019: Unnecessary using directive.
