C:\gh\azure-sdk-for-net\sdk\hdinsight\Microsoft.Azure.Management.HDInsight\tests\ScenarioTests\ExtensionOperationTests.cs(56,31): error CS0246: The type or namespace name 'AzureMonitorRequest' could not be found (are you missing a using directive or an assembly reference?)
C:\gh\azure-sdk-for-net\sdk\hdinsight\Microsoft.Azure.Management.HDInsight\tests\ScenarioTests\ExtensionOperationTests.cs(62,40): error CS1061: 'IExtensionsOperations' does not contain a definition for 'EnableAzureMonitor' and no accessible extension method 'EnableAzureMonitor' accepting a first argument of type 'IExtensionsOperations' could be found (are you missing a using directive or an assembly reference?)
C:\gh\azure-sdk-for-net\sdk\hdinsight\Microsoft.Azure.Management.HDInsight\tests\ScenarioTests\ExtensionOperationTests.cs(63,65): error CS1061: 'IExtensionsOperations' does not contain a definition for 'GetAzureMonitorStatus' and no accessible extension method 'GetAzureMonitorStatus' accepting a first argument of type 'IExtensionsOperations' could be found (are you missing a using directive or an assembly reference?)
C:\gh\azure-sdk-for-net\sdk\hdinsight\Microsoft.Azure.Management.HDInsight\tests\ScenarioTests\ExtensionOperationTests.cs(67,40): error CS1061: 'IExtensionsOperations' does not contain a definition for 'DisableAzureMonitor' and no accessible extension method 'DisableAzureMonitor' accepting a first argument of type 'IExtensionsOperations' could be found (are you missing a using directive or an assembly reference?)
C:\gh\azure-sdk-for-net\sdk\hdinsight\Microsoft.Azure.Management.HDInsight\tests\ScenarioTests\ExtensionOperationTests.cs(68,61): error CS1061: 'IExtensionsOperations' does not contain a definition for 'GetAzureMonitorStatus' and no accessible extension method 'GetAzureMonitorStatus' accepting a first argument of type 'IExtensionsOperations' could be found (are you missing a using directive or an assembly reference?)
C:\gh\azure-sdk-for-net\sdk\hdinsight\Microsoft.Azure.Management.HDInsight\tests\ScenarioTests\LocationOperationTests.cs(47,47): error CS1061: 'CapabilitiesResult' does not contain a definition for 'VmsizeFilters' and no accessible extension method 'VmsizeFilters' accepting a first argument of type 'CapabilitiesResult' could be found (are you missing a using directive or an assembly reference?)
C:\gh\azure-sdk-for-net\sdk\hdinsight\Microsoft.Azure.Management.HDInsight\tests\ScenarioTests\LocationOperationTests.cs(48,47): error CS1061: 'CapabilitiesResult' does not contain a definition for 'Vmsizes' and no accessible extension method 'Vmsizes' accepting a first argument of type 'CapabilitiesResult' could be found (are you missing a using directive or an assembly reference?)
C:\gh\azure-sdk-for-net\sdk\hdinsight\Microsoft.Azure.Management.HDInsight\tests\ScenarioTests\LocationOperationTests.cs(70,55): error CS1061: 'CapabilitiesResult' does not contain a definition for 'VmsizeFilters' and no accessible extension method 'VmsizeFilters' accepting a first argument of type 'CapabilitiesResult' could be found (are you missing a using directive or an assembly reference?)
C:\gh\azure-sdk-for-net\sdk\hdinsight\Microsoft.Azure.Management.HDInsight\tests\ScenarioTests\LocationOperationTests.cs(75,57): error CS1061: 'CapabilitiesResult' does not contain a definition for 'Vmsizes' and no accessible extension method 'Vmsizes' accepting a first argument of type 'CapabilitiesResult' could be found (are you missing a using directive or an assembly reference?)
C:\gh\azure-sdk-for-net\sdk\hdinsight\Microsoft.Azure.Management.HDInsight\tests\ScenarioTests\LocationOperationTests.cs(77,51): error CS1061: 'CapabilitiesResult' does not contain a definition for 'Vmsizes' and no accessible extension method 'Vmsizes' accepting a first argument of type 'CapabilitiesResult' could be found (are you missing a using directive or an assembly reference?)
C:\gh\azure-sdk-for-net\sdk\hdinsight\Microsoft.Azure.Management.HDInsight\tests\ScenarioTests\LocationOperationTests.cs(85,54): error CS0246: The type or namespace name 'NameAvailabilityCheckRequestParameters' could not be found (are you missing a using directive or an assembly reference?)
C:\gh\azure-sdk-for-net\sdk\hdinsight\Microsoft.Azure.Management.HDInsight\tests\ScenarioTests\LocationOperationTests.cs(90,52): error CS1061: 'ILocationsOperations' does not contain a definition for 'CheckNameAvailability' and no accessible extension method 'CheckNameAvailability' accepting a first argument of type 'ILocationsOperations' could be found (are you missing a using directive or an assembly reference?)
C:\gh\azure-sdk-for-net\sdk\hdinsight\Microsoft.Azure.Management.HDInsight\tests\ScenarioTests\LocationOperationTests.cs(102,13): error CS0246: The type or namespace name 'ClusterCreateRequestValidationParameters' could not be found (are you missing a using directive or an assembly reference?)
C:\gh\azure-sdk-for-net\sdk\hdinsight\Microsoft.Azure.Management.HDInsight\tests\ScenarioTests\LocationOperationTests.cs(102,93): error CS0246: The type or namespace name 'ClusterCreateRequestValidationParameters' could not be found (are you missing a using directive or an assembly reference?)
C:\gh\azure-sdk-for-net\sdk\hdinsight\Microsoft.Azure.Management.HDInsight\tests\ScenarioTests\LocationOperationTests.cs(119,56): error CS1061: 'ILocationsOperations' does not contain a definition for 'ValidateClusterCreateRequest' and no accessible extension method 'ValidateClusterCreateRequest' accepting a first argument of type 'ILocationsOperations' could be found (are you missing a using directive or an assembly reference?)
C:\gh\azure-sdk-for-net\artifacts\obj\Microsoft.Azure.Management.HDInsight.Tests\Debug\netcoreapp2.0\.NETCoreApp,Version=v2.0.AssemblyAttributes.cs(3,1): hidden CS8019: Unnecessary using directive.
C:\gh\azure-sdk-for-net\artifacts\obj\Microsoft.Azure.Management.HDInsight.Tests\Debug\netcoreapp2.0\Microsoft.Azure.Management.HDInsight.Tests.AssemblyInfo.cs(10,1): hidden CS8019: Unnecessary using directive.
C:\gh\azure-sdk-for-net\sdk\hdinsight\Microsoft.Azure.Management.HDInsight\tests\ScenarioTests\VirtualMachineOperationTests.cs(5,1): hidden CS8019: Unnecessary using directive.
C:\gh\azure-sdk-for-net\artifacts\obj\Microsoft.Azure.Management.HDInsight.Tests\Debug\netcoreapp2.0\.NETCoreApp,Version=v2.0.AssemblyAttributes.cs(2,1): hidden CS8019: Unnecessary using directive.
C:\gh\azure-sdk-for-net\sdk\hdinsight\Microsoft.Azure.Management.HDInsight\tests\ScenarioTests\VirtualMachineOperationTests.cs(10,1): hidden CS8019: Unnecessary using directive.
C:\gh\azure-sdk-for-net\sdk\hdinsight\Microsoft.Azure.Management.HDInsight\tests\ScenarioTests\LocationOperationTests.cs(7,1): hidden CS8019: Unnecessary using directive.
C:\gh\azure-sdk-for-net\sdk\hdinsight\Microsoft.Azure.Management.HDInsight\tests\ScenarioTests\VirtualMachineOperationTests.cs(9,1): hidden CS8019: Unnecessary using directive.
C:\gh\azure-sdk-for-net\sdk\hdinsight\Microsoft.Azure.Management.HDInsight\tests\ScenarioTests\VirtualMachineOperationTests.cs(7,1): hidden CS8019: Unnecessary using directive.
C:\gh\azure-sdk-for-net\sdk\hdinsight\Microsoft.Azure.Management.HDInsight\tests\ScenarioTests\VirtualMachineOperationTests.cs(12,1): hidden CS8019: Unnecessary using directive.
C:\gh\azure-sdk-for-net\sdk\hdinsight\Microsoft.Azure.Management.HDInsight\tests\ScenarioTests\ClusterOperationTests.cs(8,1): hidden CS8019: Unnecessary using directive.
C:\gh\azure-sdk-for-net\sdk\hdinsight\Microsoft.Azure.Management.HDInsight\tests\ScenarioTests\VirtualMachineOperationTests.cs(6,1): hidden CS8019: Unnecessary using directive.
C:\gh\azure-sdk-for-net\artifacts\obj\Microsoft.Azure.Management.HDInsight.Tests\Debug\netcoreapp2.0\Microsoft.Azure.Management.HDInsight.Tests.AssemblyInfo.cs(11,1): hidden CS8019: Unnecessary using directive.
C:\gh\azure-sdk-for-net\artifacts\obj\Microsoft.Azure.Management.HDInsight.Tests\Debug\netcoreapp2.0\Microsoft.Azure.Management.HDInsight.Tests.Program.cs(2,1): hidden CS8019: Unnecessary using directive.
C:\gh\azure-sdk-for-net\eng\mgmt\DisableTestRunParallel.cs(4,1): hidden CS8019: Unnecessary using directive.
