C:\gh\azure-sdk-for-net\sdk\storagecache\Microsoft.Azure.Management.StorageCache\tests\Helpers\StorageAccountsHelper.cs(67,48): error CS1061: 'StorageAccountCreateParameters' does not contain a definition for 'EnableNfsV3' and no accessible extension method 'EnableNfsV3' accepting a first argument of type 'StorageAccountCreateParameters' could be found (are you missing a using directive or an assembly reference?)
C:\gh\azure-sdk-for-net\sdk\storagecache\Microsoft.Azure.Management.StorageCache\tests\Helpers\StorageAccountsHelper.cs(68,48): error CS1061: 'StorageAccountCreateParameters' does not contain a definition for 'AllowSharedKeyAccess' and no accessible extension method 'AllowSharedKeyAccess' accepting a first argument of type 'StorageAccountCreateParameters' could be found (are you missing a using directive or an assembly reference?)
C:\gh\azure-sdk-for-net\sdk\storagecache\Microsoft.Azure.Management.StorageCache\tests\Helpers\StorageAccountsHelper.cs(69,48): error CS1061: 'StorageAccountCreateParameters' does not contain a definition for 'AllowBlobPublicAccess' and no accessible extension method 'AllowBlobPublicAccess' accepting a first argument of type 'StorageAccountCreateParameters' could be found (are you missing a using directive or an assembly reference?)
C:\gh\azure-sdk-for-net\sdk\storagecache\Microsoft.Azure.Management.StorageCache\tests\Helpers\StorageAccountsHelper.cs(100,154): error CS1503: Argument 5: cannot convert from 'Microsoft.Azure.Management.Storage.Models.BlobContainer' to 'Microsoft.Azure.Management.Storage.Models.PublicAccess?'
C:\gh\azure-sdk-for-net\sdk\storagecache\Microsoft.Azure.Management.StorageCache\tests\Fixtures\StorageAccountsFixture.cs(274,101): error CS1061: 'StorageTarget' does not contain a definition for 'BlobNfs' and no accessible extension method 'BlobNfs' accepting a first argument of type 'StorageTarget' could be found (are you missing a using directive or an assembly reference?)
C:\gh\azure-sdk-for-net\sdk\storagecache\Microsoft.Azure.Management.StorageCache\tests\Fixtures\StorageAccountsFixture.cs(275,101): error CS1061: 'StorageTarget' does not contain a definition for 'BlobNfs' and no accessible extension method 'BlobNfs' accepting a first argument of type 'StorageTarget' could be found (are you missing a using directive or an assembly reference?)
C:\gh\azure-sdk-for-net\sdk\storagecache\Microsoft.Azure.Management.StorageCache\tests\Fixtures\StorageAccountsFixture.cs(290,83): error CS1061: 'StorageTarget' does not contain a definition for 'BlobNfs' and no accessible extension method 'BlobNfs' accepting a first argument of type 'StorageTarget' could be found (are you missing a using directive or an assembly reference?)
C:\gh\azure-sdk-for-net\sdk\storagecache\Microsoft.Azure.Management.StorageCache\tests\Fixtures\StorageAccountsFixture.cs(291,87): error CS1061: 'StorageTarget' does not contain a definition for 'BlobNfs' and no accessible extension method 'BlobNfs' accepting a first argument of type 'StorageTarget' could be found (are you missing a using directive or an assembly reference?)
C:\gh\azure-sdk-for-net\sdk\storagecache\Microsoft.Azure.Management.StorageCache\tests\Fixtures\StorageCacheTestFixture.cs(155,46): error CS1061: 'CacheNetworkSettings' does not contain a definition for 'NtpServer' and no accessible extension method 'NtpServer' accepting a first argument of type 'CacheNetworkSettings' could be found (are you missing a using directive or an assembly reference?)
C:\gh\azure-sdk-for-net\sdk\storagecache\Microsoft.Azure.Management.StorageCache\tests\Fixtures\StorageCacheTestFixture.cs(161,25): error CS0246: The type or namespace name 'NfsAccessPolicy' could not be found (are you missing a using directive or an assembly reference?)
C:\gh\azure-sdk-for-net\sdk\storagecache\Microsoft.Azure.Management.StorageCache\tests\Fixtures\StorageCacheTestFixture.cs(161,63): error CS0246: The type or namespace name 'NfsAccessPolicy' could not be found (are you missing a using directive or an assembly reference?)
C:\gh\azure-sdk-for-net\sdk\storagecache\Microsoft.Azure.Management.StorageCache\tests\Fixtures\StorageCacheTestFixture.cs(164,25): error CS0246: The type or namespace name 'NfsAccessRule' could not be found (are you missing a using directive or an assembly reference?)
C:\gh\azure-sdk-for-net\sdk\storagecache\Microsoft.Azure.Management.StorageCache\tests\Fixtures\StorageCacheTestFixture.cs(164,59): error CS0246: The type or namespace name 'NfsAccessRule' could not be found (are you missing a using directive or an assembly reference?)
C:\gh\azure-sdk-for-net\sdk\storagecache\Microsoft.Azure.Management.StorageCache\tests\Fixtures\StorageCacheTestFixture.cs(173,30): error CS0246: The type or namespace name 'NfsAccessRule' could not be found (are you missing a using directive or an assembly reference?)
C:\gh\azure-sdk-for-net\sdk\storagecache\Microsoft.Azure.Management.StorageCache\tests\Fixtures\StorageCacheTestFixture.cs(173,68): error CS0246: The type or namespace name 'NfsAccessRule' could not be found (are you missing a using directive or an assembly reference?)
C:\gh\azure-sdk-for-net\sdk\storagecache\Microsoft.Azure.Management.StorageCache\tests\Fixtures\StorageCacheTestFixture.cs(177,30): error CS0246: The type or namespace name 'NfsAccessPolicy' could not be found (are you missing a using directive or an assembly reference?)
C:\gh\azure-sdk-for-net\sdk\storagecache\Microsoft.Azure.Management.StorageCache\tests\Fixtures\StorageCacheTestFixture.cs(177,73): error CS0246: The type or namespace name 'NfsAccessPolicy' could not be found (are you missing a using directive or an assembly reference?)
C:\gh\azure-sdk-for-net\sdk\storagecache\Microsoft.Azure.Management.StorageCache\tests\Fixtures\StorageCacheTestFixture.cs(179,47): error CS1061: 'CacheSecuritySettings' does not contain a definition for 'AccessPolicies' and no accessible extension method 'AccessPolicies' accepting a first argument of type 'CacheSecuritySettings' could be found (are you missing a using directive or an assembly reference?)
C:\gh\azure-sdk-for-net\sdk\storagecache\Microsoft.Azure.Management.StorageCache\tests\StorageCacheTest.cs(67,85): error CS1061: 'CacheNetworkSettings' does not contain a definition for 'NtpServer' and no accessible extension method 'NtpServer' accepting a first argument of type 'CacheNetworkSettings' could be found (are you missing a using directive or an assembly reference?)
C:\gh\azure-sdk-for-net\sdk\storagecache\Microsoft.Azure.Management.StorageCache\tests\OperationsTests.cs(53,64): error CS1729: 'ApiOperationDisplay' does not contain a constructor that takes 4 arguments
C:\gh\azure-sdk-for-net\sdk\storagecache\Microsoft.Azure.Management.StorageCache\tests\OperationsTests.cs(56,23): error CS0246: The type or namespace name 'MetricSpecification' could not be found (are you missing a using directive or an assembly reference?)
C:\gh\azure-sdk-for-net\sdk\storagecache\Microsoft.Azure.Management.StorageCache\tests\OperationsTests.cs(56,63): error CS0246: The type or namespace name 'MetricSpecification' could not be found (are you missing a using directive or an assembly reference?)
C:\gh\azure-sdk-for-net\sdk\storagecache\Microsoft.Azure.Management.StorageCache\tests\OperationsTests.cs(58,17): error CS0246: The type or namespace name 'MetricDimension' could not be found (are you missing a using directive or an assembly reference?)
C:\gh\azure-sdk-for-net\sdk\storagecache\Microsoft.Azure.Management.StorageCache\tests\OperationsTests.cs(58,43): error CS0246: The type or namespace name 'MetricDimension' could not be found (are you missing a using directive or an assembly reference?)
C:\gh\azure-sdk-for-net\sdk\storagecache\Microsoft.Azure.Management.StorageCache\tests\OperationsTests.cs(66,23): error CS0246: The type or namespace name 'MetricDimension' could not be found (are you missing a using directive or an assembly reference?)
C:\gh\azure-sdk-for-net\sdk\storagecache\Microsoft.Azure.Management.StorageCache\tests\OperationsTests.cs(66,56): error CS0246: The type or namespace name 'MetricDimension' could not be found (are you missing a using directive or an assembly reference?)
C:\gh\azure-sdk-for-net\sdk\storagecache\Microsoft.Azure.Management.StorageCache\tests\OperationsTests.cs(72,17): error CS0246: The type or namespace name 'MetricSpecification' could not be found (are you missing a using directive or an assembly reference?)
C:\gh\azure-sdk-for-net\sdk\storagecache\Microsoft.Azure.Management.StorageCache\tests\OperationsTests.cs(72,50): error CS0246: The type or namespace name 'MetricSpecification' could not be found (are you missing a using directive or an assembly reference?)
C:\gh\azure-sdk-for-net\sdk\storagecache\Microsoft.Azure.Management.StorageCache\tests\OperationsTests.cs(84,17): error CS0246: The type or namespace name 'ApiOperationPropertiesServiceSpecification' could not be found (are you missing a using directive or an assembly reference?)
C:\gh\azure-sdk-for-net\sdk\storagecache\Microsoft.Azure.Management.StorageCache\tests\OperationsTests.cs(84,87): error CS0246: The type or namespace name 'ApiOperationPropertiesServiceSpecification' could not be found (are you missing a using directive or an assembly reference?)
C:\gh\azure-sdk-for-net\sdk\storagecache\Microsoft.Azure.Management.StorageCache\tests\OperationsTests.cs(93,50): error CS1061: 'ApiOperationDisplay' does not contain a definition for 'Description' and no accessible extension method 'Description' accepting a first argument of type 'ApiOperationDisplay' could be found (are you missing a using directive or an assembly reference?)
C:\gh\azure-sdk-for-net\sdk\storagecache\Microsoft.Azure.Management.StorageCache\tests\OperationsTests.cs(93,84): error CS1061: 'ApiOperationDisplay' does not contain a definition for 'Description' and no accessible extension method 'Description' accepting a first argument of type 'ApiOperationDisplay' could be found (are you missing a using directive or an assembly reference?)
C:\gh\azure-sdk-for-net\sdk\storagecache\Microsoft.Azure.Management.StorageCache\tests\OperationsTests.cs(99,72): error CS1061: 'ApiOperation' does not contain a definition for 'IsDataAction' and no accessible extension method 'IsDataAction' accepting a first argument of type 'ApiOperation' could be found (are you missing a using directive or an assembly reference?)
C:\gh\azure-sdk-for-net\sdk\storagecache\Microsoft.Azure.Management.StorageCache\tests\OperationsTests.cs(100,66): error CS1061: 'ApiOperation' does not contain a definition for 'Origin' and no accessible extension method 'Origin' accepting a first argument of type 'ApiOperation' could be found (are you missing a using directive or an assembly reference?)
C:\gh\azure-sdk-for-net\sdk\storagecache\Microsoft.Azure.Management.StorageCache\tests\OperationsTests.cs(107,87): error CS1061: 'ApiOperationDisplay' does not contain a definition for 'Description' and no accessible extension method 'Description' accepting a first argument of type 'ApiOperationDisplay' could be found (are you missing a using directive or an assembly reference?)
C:\gh\azure-sdk-for-net\sdk\storagecache\Microsoft.Azure.Management.StorageCache\tests\OperationsTests.cs(109,25): error CS0246: The type or namespace name 'ApiOperationPropertiesServiceSpecification' could not be found (are you missing a using directive or an assembly reference?)
C:\gh\azure-sdk-for-net\sdk\storagecache\Microsoft.Azure.Management.StorageCache\tests\OperationsTests.cs(109,80): error CS1061: 'ApiOperation' does not contain a definition for 'ServiceSpecification' and no accessible extension method 'ServiceSpecification' accepting a first argument of type 'ApiOperation' could be found (are you missing a using directive or an assembly reference?)
C:\gh\azure-sdk-for-net\sdk\storagecache\Microsoft.Azure.Management.StorageCache\tests\OperationsTests.cs(112,35): error CS0246: The type or namespace name 'MetricSpecification' could not be found (are you missing a using directive or an assembly reference?)
C:\gh\azure-sdk-for-net\sdk\storagecache\Microsoft.Azure.Management.StorageCache\tests\OperationsTests.cs(113,37): error CS0246: The type or namespace name 'MetricSpecification' could not be found (are you missing a using directive or an assembly reference?)
C:\gh\azure-sdk-for-net\sdk\storagecache\Microsoft.Azure.Management.StorageCache\tests\Helpers\CacheHelper.cs(359,13): error CS0246: The type or namespace name 'BlobNfsTarget' could not be found (are you missing a using directive or an assembly reference?)
C:\gh\azure-sdk-for-net\sdk\storagecache\Microsoft.Azure.Management.StorageCache\tests\Helpers\CacheHelper.cs(359,47): error CS0246: The type or namespace name 'BlobNfsTarget' could not be found (are you missing a using directive or an assembly reference?)
C:\gh\azure-sdk-for-net\sdk\storagecache\Microsoft.Azure.Management.StorageCache\tests\Helpers\CacheHelper.cs(382,17): error CS0117: 'StorageTarget' does not contain a definition for 'BlobNfs'
C:\gh\azure-sdk-for-net\sdk\storagecache\Microsoft.Azure.Management.StorageCache\tests\Helpers\CacheHelper.cs(386,91): error CS1061: 'StorageTarget' does not contain a definition for 'BlobNfs' and no accessible extension method 'BlobNfs' accepting a first argument of type 'StorageTarget' could be found (are you missing a using directive or an assembly reference?)
C:\gh\azure-sdk-for-net\sdk\storagecache\Microsoft.Azure.Management.StorageCache\tests\StorageTargetTests.cs(84,24): error CS0234: The type or namespace name 'SystemData' does not exist in the namespace 'Microsoft.Azure.Management.StorageCache.Models' (are you missing an assembly reference?)
C:\gh\azure-sdk-for-net\sdk\storagecache\Microsoft.Azure.Management.StorageCache\tests\StorageTargetTests.cs(84,59): error CS0234: The type or namespace name 'SystemData' does not exist in the namespace 'Microsoft.Azure.Management.StorageCache.Models' (are you missing an assembly reference?)
C:\gh\azure-sdk-for-net\sdk\storagecache\Microsoft.Azure.Management.StorageCache\tests\StorageTargetTests.cs(85,106): error CS1739: The best overload for 'StorageTarget' does not have a parameter named 'systemData'
C:\gh\azure-sdk-for-net\sdk\storagecache\Microsoft.Azure.Management.StorageCache\tests\StorageTargetTests.cs(86,24): error CS0234: The type or namespace name 'SystemData' does not exist in the namespace 'Microsoft.Azure.Management.StorageCache.Models' (are you missing an assembly reference?)
C:\gh\azure-sdk-for-net\sdk\storagecache\Microsoft.Azure.Management.StorageCache\tests\StorageTargetTests.cs(86,54): error CS1061: 'StorageTarget' does not contain a definition for 'SystemData' and no accessible extension method 'SystemData' accepting a first argument of type 'StorageTarget' could be found (are you missing a using directive or an assembly reference?)
C:\gh\azure-sdk-for-net\sdk\storagecache\Microsoft.Azure.Management.StorageCache\tests\StorageTargetTests.cs(92,49): error CS1061: 'IStorageTargets' does not contain a definition for 'DnsRefresh' and no accessible extension method 'DnsRefresh' accepting a first argument of type 'IStorageTargets' could be found (are you missing a using directive or an assembly reference?)
C:\gh\azure-sdk-for-net\sdk\storagecache\Microsoft.Azure.Management.StorageCache\tests\StorageTargetTests.cs(99,49): error CS1061: 'IStorageTargets' does not contain a definition for 'DnsRefresh' and no accessible extension method 'DnsRefresh' accepting a first argument of type 'IStorageTargets' could be found (are you missing a using directive or an assembly reference?)
C:\gh\azure-sdk-for-net\sdk\storagecache\Microsoft.Azure.Management.StorageCache\tests\StorageTargetTests.cs(104,49): error CS1061: 'IStorageTargets' does not contain a definition for 'DnsRefresh' and no accessible extension method 'DnsRefresh' accepting a first argument of type 'IStorageTargets' could be found (are you missing a using directive or an assembly reference?)
C:\gh\azure-sdk-for-net\sdk\storagecache\Microsoft.Azure.Management.StorageCache\tests\StorageTargetTests.cs(109,49): error CS1061: 'IStorageTargets' does not contain a definition for 'DnsRefresh' and no accessible extension method 'DnsRefresh' accepting a first argument of type 'IStorageTargets' could be found (are you missing a using directive or an assembly reference?)
C:\gh\azure-sdk-for-net\sdk\storagecache\Microsoft.Azure.Management.StorageCache\tests\StorageTargetTests.cs(145,59): error CS1061: 'StorageTarget' does not contain a definition for 'BlobNfs' and no accessible extension method 'BlobNfs' accepting a first argument of type 'StorageTarget' could be found (are you missing a using directive or an assembly reference?)
C:\gh\azure-sdk-for-net\sdk\storagecache\Microsoft.Azure.Management.StorageCache\tests\StorageTargetTests.cs(146,63): error CS1061: 'StorageTarget' does not contain a definition for 'BlobNfs' and no accessible extension method 'BlobNfs' accepting a first argument of type 'StorageTarget' could be found (are you missing a using directive or an assembly reference?)
C:\gh\azure-sdk-for-net\artifacts\obj\Microsoft.Azure.Management.StorageCache.Tests\Debug\netcoreapp2.0\Microsoft.Azure.Management.StorageCache.Tests.AssemblyInfo.cs(10,1): hidden CS8019: Unnecessary using directive.
C:\gh\azure-sdk-for-net\sdk\storagecache\Microsoft.Azure.Management.StorageCache\tests\CustomizationTests.cs(7,5): hidden CS8019: Unnecessary using directive.
C:\gh\azure-sdk-for-net\sdk\storagecache\Microsoft.Azure.Management.StorageCache\tests\CustomizationTests.cs(10,5): hidden CS8019: Unnecessary using directive.
C:\gh\azure-sdk-for-net\sdk\storagecache\Microsoft.Azure.Management.StorageCache\tests\CustomizationTests.cs(8,5): hidden CS8019: Unnecessary using directive.
C:\gh\azure-sdk-for-net\sdk\storagecache\Microsoft.Azure.Management.StorageCache\tests\CustomizationTests.cs(6,5): hidden CS8019: Unnecessary using directive.
C:\gh\azure-sdk-for-net\eng\mgmt\DisableTestRunParallel.cs(4,1): hidden CS8019: Unnecessary using directive.
C:\gh\azure-sdk-for-net\artifacts\obj\Microsoft.Azure.Management.StorageCache.Tests\Debug\netcoreapp2.0\.NETCoreApp,Version=v2.0.AssemblyAttributes.cs(3,1): hidden CS8019: Unnecessary using directive.
C:\gh\azure-sdk-for-net\sdk\storagecache\Microsoft.Azure.Management.StorageCache\tests\Helpers\CacheHelper.cs(22,5): hidden CS8019: Unnecessary using directive.
C:\gh\azure-sdk-for-net\sdk\storagecache\Microsoft.Azure.Management.StorageCache\tests\Helpers\CacheHelper.cs(9,5): hidden CS8019: Unnecessary using directive.
C:\gh\azure-sdk-for-net\artifacts\obj\Microsoft.Azure.Management.StorageCache.Tests\Debug\netcoreapp2.0\.NETCoreApp,Version=v2.0.AssemblyAttributes.cs(2,1): hidden CS8019: Unnecessary using directive.
C:\gh\azure-sdk-for-net\sdk\storagecache\Microsoft.Azure.Management.StorageCache\tests\Fixtures\StorageCacheTestFixture.cs(17,5): hidden CS8019: Unnecessary using directive.
C:\gh\azure-sdk-for-net\artifacts\obj\Microsoft.Azure.Management.StorageCache.Tests\Debug\netcoreapp2.0\Microsoft.Azure.Management.StorageCache.Tests.Program.cs(2,1): hidden CS8019: Unnecessary using directive.
C:\gh\azure-sdk-for-net\sdk\storagecache\Microsoft.Azure.Management.StorageCache\tests\StorageCacheTest.cs(6,5): hidden CS8019: Unnecessary using directive.
C:\gh\azure-sdk-for-net\artifacts\obj\Microsoft.Azure.Management.StorageCache.Tests\Debug\netcoreapp2.0\Microsoft.Azure.Management.StorageCache.Tests.AssemblyInfo.cs(11,1): hidden CS8019: Unnecessary using directive.
C:\gh\azure-sdk-for-net\sdk\storagecache\Microsoft.Azure.Management.StorageCache\tests\Fixtures\StorageCacheTestFixture.cs(16,5): hidden CS8019: Unnecessary using directive.
