C:\gh\azure-sdk-for-net\sdk\containerservice\Microsoft.Azure.Management.ContainerService\tests\Tests\Helpers\RecordedDelegatingHandler.cs(12,46): error CS0246: The type or namespace name 'DelegatingHandler' could not be found (are you missing a using directive or an assembly reference?)
C:\gh\azure-sdk-for-net\sdk\containerservice\Microsoft.Azure.Management.ContainerService\tests\Tests\Helpers\RecordedDelegatingHandler.cs(47,70): error CS0518: Predefined type 'System.Object' is not defined or imported
C:\gh\azure-sdk-for-net\sdk\containerservice\Microsoft.Azure.Management.ContainerService\tests\Tests\Helpers\RecordedDelegatingHandler.cs(47,70): error CS0246: The type or namespace name 'HttpRequestMessage' could not be found (are you missing a using directive or an assembly reference?)
C:\gh\azure-sdk-for-net\sdk\containerservice\Microsoft.Azure.Management.ContainerService\tests\Tests\Helpers\RecordedDelegatingHandler.cs(47,98): error CS0518: Predefined type 'System.Object' is not defined or imported
C:\gh\azure-sdk-for-net\sdk\containerservice\Microsoft.Azure.Management.ContainerService\tests\Tests\Helpers\RecordedDelegatingHandler.cs(47,98): error CS0246: The type or namespace name 'System' could not be found (are you missing a using directive or an assembly reference?)
C:\gh\azure-sdk-for-net\sdk\containerservice\Microsoft.Azure.Management.ContainerService\tests\Tests\Helpers\RecordedDelegatingHandler.cs(47,34): error CS0518: Predefined type 'System.Object' is not defined or imported
C:\gh\azure-sdk-for-net\sdk\containerservice\Microsoft.Azure.Management.ContainerService\tests\Tests\Helpers\RecordedDelegatingHandler.cs(47,34): error CS0246: The type or namespace name 'Task<>' could not be found (are you missing a using directive or an assembly reference?)
C:\gh\azure-sdk-for-net\sdk\containerservice\Microsoft.Azure.Management.ContainerService\tests\Tests\Helpers\RecordedDelegatingHandler.cs(47,39): error CS0518: Predefined type 'System.Object' is not defined or imported
C:\gh\azure-sdk-for-net\sdk\containerservice\Microsoft.Azure.Management.ContainerService\tests\Tests\Helpers\RecordedDelegatingHandler.cs(47,39): error CS0246: The type or namespace name 'HttpResponseMessage' could not be found (are you missing a using directive or an assembly reference?)
C:\gh\azure-sdk-for-net\sdk\containerservice\Microsoft.Azure.Management.ContainerService\tests\Tests\Tests\ContainerServiceOpsTests.cs(13,50): error CS0246: The type or namespace name 'TestBase' could not be found (are you missing a using directive or an assembly reference?)
C:\gh\azure-sdk-for-net\sdk\containerservice\Microsoft.Azure.Management.ContainerService\tests\Tests\Tests\ContainerServiceTest.cs(13,16): error CS0518: Predefined type 'System.Object' is not defined or imported
C:\gh\azure-sdk-for-net\sdk\containerservice\Microsoft.Azure.Management.ContainerService\tests\Tests\Helpers\RecordedDelegatingHandler.cs(45,17): error CS0518: Predefined type 'System.Int32' is not defined or imported
C:\gh\azure-sdk-for-net\sdk\containerservice\Microsoft.Azure.Management.ContainerService\tests\Tests\Helpers\RecordedDelegatingHandler.cs(14,17): error CS0518: Predefined type 'System.Object' is not defined or imported
C:\gh\azure-sdk-for-net\sdk\containerservice\Microsoft.Azure.Management.ContainerService\tests\Tests\Helpers\RecordedDelegatingHandler.cs(14,17): error CS0246: The type or namespace name 'HttpResponseMessage' could not be found (are you missing a using directive or an assembly reference?)
C:\gh\azure-sdk-for-net\sdk\containerservice\Microsoft.Azure.Management.ContainerService\tests\Tests\Helpers\RecordedDelegatingHandler.cs(22,42): error CS0518: Predefined type 'System.Object' is not defined or imported
C:\gh\azure-sdk-for-net\sdk\containerservice\Microsoft.Azure.Management.ContainerService\tests\Tests\Helpers\RecordedDelegatingHandler.cs(22,42): error CS0246: The type or namespace name 'HttpResponseMessage' could not be found (are you missing a using directive or an assembly reference?)
C:\gh\azure-sdk-for-net\sdk\containerservice\Microsoft.Azure.Management.ContainerService\tests\Tests\Helpers\RecordedDelegatingHandler.cs(22,9): error CS0518: Predefined type 'System.Void' is not defined or imported
C:\gh\azure-sdk-for-net\sdk\containerservice\Microsoft.Azure.Management.ContainerService\tests\Tests\Helpers\ContainerServiceTestUtilities.cs(19,24): error CS0518: Predefined type 'System.String' is not defined or imported
C:\gh\azure-sdk-for-net\sdk\containerservice\Microsoft.Azure.Management.ContainerService\tests\Tests\Helpers\ContainerServiceTestUtilities.cs(20,24): error CS0518: Predefined type 'System.String' is not defined or imported
C:\gh\azure-sdk-for-net\sdk\containerservice\Microsoft.Azure.Management.ContainerService\tests\Tests\Helpers\ContainerServiceTestUtilities.cs(21,24): error CS0518: Predefined type 'System.String' is not defined or imported
C:\gh\azure-sdk-for-net\sdk\containerservice\Microsoft.Azure.Management.ContainerService\tests\Tests\Helpers\ContainerServiceTestUtilities.cs(22,24): error CS0518: Predefined type 'System.String' is not defined or imported
C:\gh\azure-sdk-for-net\sdk\containerservice\Microsoft.Azure.Management.ContainerService\tests\Tests\Tests\ContainerServiceTest.cs(12,16): error CS0518: Predefined type 'System.Object' is not defined or imported
C:\gh\azure-sdk-for-net\sdk\containerservice\Microsoft.Azure.Management.ContainerService\tests\Tests\Tests\ContainerServiceTest.cs(12,16): error CS0246: The type or namespace name 'ResourceManagementClient' could not be found (are you missing a using directive or an assembly reference?)
C:\gh\azure-sdk-for-net\sdk\containerservice\Microsoft.Azure.Management.ContainerService\tests\Tests\Helpers\ContainerServiceTestUtilities.cs(48,55): error CS0518: Predefined type 'System.Object' is not defined or imported
C:\gh\azure-sdk-for-net\sdk\containerservice\Microsoft.Azure.Management.ContainerService\tests\Tests\Helpers\ContainerServiceTestUtilities.cs(48,55): error CS0246: The type or namespace name 'ResourceManagementClient' could not be found (are you missing a using directive or an assembly reference?)
C:\gh\azure-sdk-for-net\sdk\containerservice\Microsoft.Azure.Management.ContainerService\tests\Tests\Helpers\ContainerServiceTestUtilities.cs(48,106): error CS0518: Predefined type 'System.String' is not defined or imported
C:\gh\azure-sdk-for-net\sdk\containerservice\Microsoft.Azure.Management.ContainerService\tests\Tests\Helpers\ContainerServiceTestUtilities.cs(48,23): error CS0518: Predefined type 'System.String' is not defined or imported
C:\gh\azure-sdk-for-net\sdk\containerservice\Microsoft.Azure.Management.ContainerService\tests\Tests\Helpers\ContainerServiceTestUtilities.cs(48,50): error CS1110: Cannot define a new extension method because the compiler required type 'System.Runtime.CompilerServices.ExtensionAttribute' cannot be found. Are you missing a reference to System.Core.dll?
C:\gh\azure-sdk-for-net\sdk\containerservice\Microsoft.Azure.Management.ContainerService\tests\Tests\Helpers\ContainerServiceTestUtilities.cs(71,13): error CS0518: Predefined type 'System.Object' is not defined or imported
C:\gh\azure-sdk-for-net\sdk\containerservice\Microsoft.Azure.Management.ContainerService\tests\Tests\Helpers\ContainerServiceTestUtilities.cs(71,13): error CS0246: The type or namespace name 'MockContext' could not be found (are you missing a using directive or an assembly reference?)
C:\gh\azure-sdk-for-net\sdk\containerservice\Microsoft.Azure.Management.ContainerService\tests\Tests\Helpers\ContainerServiceTestUtilities.cs(72,13): error CS0518: Predefined type 'System.Object' is not defined or imported
C:\gh\azure-sdk-for-net\sdk\containerservice\Microsoft.Azure.Management.ContainerService\tests\Tests\Helpers\ContainerServiceTestUtilities.cs(72,13): error CS0246: The type or namespace name 'ResourceManagementClient' could not be found (are you missing a using directive or an assembly reference?)
C:\gh\azure-sdk-for-net\sdk\containerservice\Microsoft.Azure.Management.ContainerService\tests\Tests\Helpers\ContainerServiceTestUtilities.cs(73,13): error CS0518: Predefined type 'System.Object' is not defined or imported
C:\gh\azure-sdk-for-net\sdk\containerservice\Microsoft.Azure.Management.ContainerService\tests\Tests\Helpers\ContainerServiceTestUtilities.cs(74,13): error CS0518: Predefined type 'System.String' is not defined or imported
C:\gh\azure-sdk-for-net\sdk\containerservice\Microsoft.Azure.Management.ContainerService\tests\Tests\Helpers\ContainerServiceTestUtilities.cs(75,13): error CS0518: Predefined type 'System.String' is not defined or imported
C:\gh\azure-sdk-for-net\sdk\containerservice\Microsoft.Azure.Management.ContainerService\tests\Tests\Helpers\ContainerServiceTestUtilities.cs(76,13): error CS0518: Predefined type 'System.String' is not defined or imported
C:\gh\azure-sdk-for-net\sdk\containerservice\Microsoft.Azure.Management.ContainerService\tests\Tests\Helpers\ContainerServiceTestUtilities.cs(70,31): error CS0518: Predefined type 'System.Object' is not defined or imported
C:\gh\azure-sdk-for-net\sdk\containerservice\Microsoft.Azure.Management.ContainerService\tests\Tests\Helpers\ContainerServiceTestUtilities.cs(70,31): error CS0246: The type or namespace name 'Task<>' could not be found (are you missing a using directive or an assembly reference?)
C:\gh\azure-sdk-for-net\sdk\containerservice\Microsoft.Azure.Management.ContainerService\tests\Tests\Helpers\ContainerServiceTestUtilities.cs(70,36): error CS0518: Predefined type 'System.Object' is not defined or imported
C:\gh\azure-sdk-for-net\sdk\containerservice\Microsoft.Azure.Management.ContainerService\tests\Tests\Tests\ContainerServiceTest.cs(19,42): error CS0518: Predefined type 'System.Object' is not defined or imported
C:\gh\azure-sdk-for-net\sdk\containerservice\Microsoft.Azure.Management.ContainerService\tests\Tests\Tests\ContainerServiceTest.cs(19,42): error CS0246: The type or namespace name 'MockContext' could not be found (are you missing a using directive or an assembly reference?)
C:\gh\azure-sdk-for-net\sdk\containerservice\Microsoft.Azure.Management.ContainerService\tests\Tests\Tests\ContainerServiceTest.cs(19,19): error CS0518: Predefined type 'System.Void' is not defined or imported
C:\gh\azure-sdk-for-net\sdk\containerservice\Microsoft.Azure.Management.ContainerService\tests\Tests\Helpers\RecordedDelegatingHandler.cs(16,9): error CS0518: Predefined type 'System.Void' is not defined or imported
C:\gh\azure-sdk-for-net\sdk\containerservice\Microsoft.Azure.Management.ContainerService\tests\Tests\Helpers\ContainerServiceTestUtilities.cs(31,84): error CS0518: Predefined type 'System.Object' is not defined or imported
C:\gh\azure-sdk-for-net\sdk\containerservice\Microsoft.Azure.Management.ContainerService\tests\Tests\Helpers\ContainerServiceTestUtilities.cs(31,84): error CS0246: The type or namespace name 'MockContext' could not be found (are you missing a using directive or an assembly reference?)
C:\gh\azure-sdk-for-net\sdk\containerservice\Microsoft.Azure.Management.ContainerService\tests\Tests\Helpers\ContainerServiceTestUtilities.cs(31,105): error CS0518: Predefined type 'System.Object' is not defined or imported
C:\gh\azure-sdk-for-net\sdk\containerservice\Microsoft.Azure.Management.ContainerService\tests\Tests\Helpers\ContainerServiceTestUtilities.cs(31,25): error CS0518: Predefined type 'System.Object' is not defined or imported
C:\gh\azure-sdk-for-net\sdk\containerservice\Microsoft.Azure.Management.ContainerService\tests\Tests\Helpers\ContainerServiceTestUtilities.cs(24,76): error CS0518: Predefined type 'System.Object' is not defined or imported
C:\gh\azure-sdk-for-net\sdk\containerservice\Microsoft.Azure.Management.ContainerService\tests\Tests\Helpers\ContainerServiceTestUtilities.cs(24,76): error CS0246: The type or namespace name 'MockContext' could not be found (are you missing a using directive or an assembly reference?)
C:\gh\azure-sdk-for-net\sdk\containerservice\Microsoft.Azure.Management.ContainerService\tests\Tests\Helpers\ContainerServiceTestUtilities.cs(24,97): error CS0518: Predefined type 'System.Object' is not defined or imported
C:\gh\azure-sdk-for-net\sdk\containerservice\Microsoft.Azure.Management.ContainerService\tests\Tests\Helpers\ContainerServiceTestUtilities.cs(24,23): error CS0518: Predefined type 'System.Object' is not defined or imported
C:\gh\azure-sdk-for-net\sdk\containerservice\Microsoft.Azure.Management.ContainerService\tests\Tests\Helpers\ContainerServiceTestUtilities.cs(24,23): error CS0246: The type or namespace name 'ResourceManagementClient' could not be found (are you missing a using directive or an assembly reference?)
C:\gh\azure-sdk-for-net\sdk\containerservice\Microsoft.Azure.Management.ContainerService\tests\Tests\Tests\ContainerServiceTest.cs(16,18): error CS0518: Predefined type 'System.Boolean' is not defined or imported
C:\gh\azure-sdk-for-net\sdk\containerservice\Microsoft.Azure.Management.ContainerService\tests\Tests\Tests\ContainerServiceTest.cs(17,18): error CS0518: Predefined type 'System.Object' is not defined or imported
C:\gh\azure-sdk-for-net\sdk\containerservice\Microsoft.Azure.Management.ContainerService\tests\Tests\Tests\ContainerServiceTest.cs(14,16): error CS0518: Predefined type 'System.Object' is not defined or imported
C:\gh\azure-sdk-for-net\sdk\containerservice\Microsoft.Azure.Management.ContainerService\tests\Tests\Tests\ContainerServiceOpsTests.cs(214,10): error CS0518: Predefined type 'System.Object' is not defined or imported
C:\gh\azure-sdk-for-net\sdk\containerservice\Microsoft.Azure.Management.ContainerService\tests\Tests\Tests\ContainerServiceOpsTests.cs(214,10): error CS0246: The type or namespace name 'FactAttribute' could not be found (are you missing a using directive or an assembly reference?)
C:\gh\azure-sdk-for-net\sdk\containerservice\Microsoft.Azure.Management.ContainerService\tests\Tests\Tests\ContainerServiceOpsTests.cs(214,10): error CS0246: The type or namespace name 'Fact' could not be found (are you missing a using directive or an assembly reference?)
C:\gh\azure-sdk-for-net\sdk\containerservice\Microsoft.Azure.Management.ContainerService\tests\Tests\Tests\ContainerServiceOpsTests.cs(215,22): error CS0518: Predefined type 'System.Object' is not defined or imported
C:\gh\azure-sdk-for-net\sdk\containerservice\Microsoft.Azure.Management.ContainerService\tests\Tests\Tests\ContainerServiceOpsTests.cs(215,22): error CS0246: The type or namespace name 'Task' could not be found (are you missing a using directive or an assembly reference?)
C:\gh\azure-sdk-for-net\sdk\containerservice\Microsoft.Azure.Management.ContainerService\tests\Tests\Helpers\ContainerServiceTestUtilities.cs(19,43): error CS0518: Predefined type 'System.String' is not defined or imported
C:\gh\azure-sdk-for-net\sdk\containerservice\Microsoft.Azure.Management.ContainerService\tests\Tests\Helpers\ContainerServiceTestUtilities.cs(43,58): error CS0518: Predefined type 'System.Object' is not defined or imported
C:\gh\azure-sdk-for-net\sdk\containerservice\Microsoft.Azure.Management.ContainerService\tests\Tests\Helpers\ContainerServiceTestUtilities.cs(43,58): error CS0246: The type or namespace name 'ResourceManagementClient' could not be found (are you missing a using directive or an assembly reference?)
C:\gh\azure-sdk-for-net\sdk\containerservice\Microsoft.Azure.Management.ContainerService\tests\Tests\Helpers\ContainerServiceTestUtilities.cs(43,109): error CS0518: Predefined type 'System.String' is not defined or imported
C:\gh\azure-sdk-for-net\sdk\containerservice\Microsoft.Azure.Management.ContainerService\tests\Tests\Helpers\ContainerServiceTestUtilities.cs(43,126): error CS0518: Predefined type 'System.String' is not defined or imported
C:\gh\azure-sdk-for-net\sdk\containerservice\Microsoft.Azure.Management.ContainerService\tests\Tests\Helpers\ContainerServiceTestUtilities.cs(43,23): error CS0518: Predefined type 'System.Void' is not defined or imported
C:\gh\azure-sdk-for-net\sdk\containerservice\Microsoft.Azure.Management.ContainerService\tests\Tests\Helpers\ContainerServiceTestUtilities.cs(43,53): error CS1110: Cannot define a new extension method because the compiler required type 'System.Runtime.CompilerServices.ExtensionAttribute' cannot be found. Are you missing a reference to System.Core.dll?
C:\gh\azure-sdk-for-net\sdk\containerservice\Microsoft.Azure.Management.ContainerService\tests\Tests\Helpers\ContainerServiceTestUtilities.cs(21,54): error CS0518: Predefined type 'System.String' is not defined or imported
C:\gh\azure-sdk-for-net\sdk\containerservice\Microsoft.Azure.Management.ContainerService\tests\Tests\Helpers\ContainerServiceTestUtilities.cs(20,53): error CS0518: Predefined type 'System.String' is not defined or imported
C:\gh\azure-sdk-for-net\sdk\containerservice\Microsoft.Azure.Management.ContainerService\tests\Tests\Helpers\ContainerServiceTestUtilities.cs(22,40): error CS0518: Predefined type 'System.String' is not defined or imported
C:\gh\azure-sdk-for-net\sdk\containerservice\Microsoft.Azure.Management.ContainerService\tests\Tests\Helpers\ContainerServiceTestUtilities.cs(38,59): error CS0518: Predefined type 'System.Object' is not defined or imported
C:\gh\azure-sdk-for-net\sdk\containerservice\Microsoft.Azure.Management.ContainerService\tests\Tests\Helpers\ContainerServiceTestUtilities.cs(38,59): error CS0246: The type or namespace name 'ResourceManagementClient' could not be found (are you missing a using directive or an assembly reference?)
C:\gh\azure-sdk-for-net\sdk\containerservice\Microsoft.Azure.Management.ContainerService\tests\Tests\Helpers\ContainerServiceTestUtilities.cs(38,23): error CS0518: Predefined type 'System.String' is not defined or imported
C:\gh\azure-sdk-for-net\sdk\containerservice\Microsoft.Azure.Management.ContainerService\tests\Tests\Helpers\ContainerServiceTestUtilities.cs(38,54): error CS1110: Cannot define a new extension method because the compiler required type 'System.Runtime.CompilerServices.ExtensionAttribute' cannot be found. Are you missing a reference to System.Core.dll?
C:\gh\azure-sdk-for-net\sdk\containerservice\Microsoft.Azure.Management.ContainerService\tests\Tests\Tests\ContainerServiceOpsTests.cs(170,10): error CS0518: Predefined type 'System.Object' is not defined or imported
C:\gh\azure-sdk-for-net\sdk\containerservice\Microsoft.Azure.Management.ContainerService\tests\Tests\Tests\ContainerServiceOpsTests.cs(170,10): error CS0246: The type or namespace name 'FactAttribute' could not be found (are you missing a using directive or an assembly reference?)
C:\gh\azure-sdk-for-net\sdk\containerservice\Microsoft.Azure.Management.ContainerService\tests\Tests\Tests\ContainerServiceOpsTests.cs(170,10): error CS0246: The type or namespace name 'Fact' could not be found (are you missing a using directive or an assembly reference?)
C:\gh\azure-sdk-for-net\sdk\containerservice\Microsoft.Azure.Management.ContainerService\tests\Tests\Tests\ContainerServiceOpsTests.cs(171,22): error CS0518: Predefined type 'System.Object' is not defined or imported
C:\gh\azure-sdk-for-net\sdk\containerservice\Microsoft.Azure.Management.ContainerService\tests\Tests\Tests\ContainerServiceOpsTests.cs(171,22): error CS0246: The type or namespace name 'Task' could not be found (are you missing a using directive or an assembly reference?)
C:\gh\azure-sdk-for-net\sdk\containerservice\Microsoft.Azure.Management.ContainerService\tests\Tests\Tests\ContainerServiceOpsTests.cs(123,10): error CS0518: Predefined type 'System.Object' is not defined or imported
C:\gh\azure-sdk-for-net\sdk\containerservice\Microsoft.Azure.Management.ContainerService\tests\Tests\Tests\ContainerServiceOpsTests.cs(123,10): error CS0246: The type or namespace name 'FactAttribute' could not be found (are you missing a using directive or an assembly reference?)
C:\gh\azure-sdk-for-net\sdk\containerservice\Microsoft.Azure.Management.ContainerService\tests\Tests\Tests\ContainerServiceOpsTests.cs(123,10): error CS0246: The type or namespace name 'Fact' could not be found (are you missing a using directive or an assembly reference?)
C:\gh\azure-sdk-for-net\sdk\containerservice\Microsoft.Azure.Management.ContainerService\tests\Tests\Tests\ContainerServiceOpsTests.cs(124,22): error CS0518: Predefined type 'System.Object' is not defined or imported
C:\gh\azure-sdk-for-net\sdk\containerservice\Microsoft.Azure.Management.ContainerService\tests\Tests\Tests\ContainerServiceOpsTests.cs(124,22): error CS0246: The type or namespace name 'Task' could not be found (are you missing a using directive or an assembly reference?)
C:\gh\azure-sdk-for-net\sdk\containerservice\Microsoft.Azure.Management.ContainerService\tests\Tests\Tests\ContainerServiceOpsTests.cs(79,10): error CS0518: Predefined type 'System.Object' is not defined or imported
C:\gh\azure-sdk-for-net\sdk\containerservice\Microsoft.Azure.Management.ContainerService\tests\Tests\Tests\ContainerServiceOpsTests.cs(79,10): error CS0246: The type or namespace name 'FactAttribute' could not be found (are you missing a using directive or an assembly reference?)
C:\gh\azure-sdk-for-net\sdk\containerservice\Microsoft.Azure.Management.ContainerService\tests\Tests\Tests\ContainerServiceOpsTests.cs(79,10): error CS0246: The type or namespace name 'Fact' could not be found (are you missing a using directive or an assembly reference?)
C:\gh\azure-sdk-for-net\sdk\containerservice\Microsoft.Azure.Management.ContainerService\tests\Tests\Tests\ContainerServiceOpsTests.cs(80,22): error CS0518: Predefined type 'System.Object' is not defined or imported
C:\gh\azure-sdk-for-net\sdk\containerservice\Microsoft.Azure.Management.ContainerService\tests\Tests\Tests\ContainerServiceOpsTests.cs(80,22): error CS0246: The type or namespace name 'Task' could not be found (are you missing a using directive or an assembly reference?)
C:\gh\azure-sdk-for-net\sdk\containerservice\Microsoft.Azure.Management.ContainerService\tests\Tests\Tests\ContainerServiceOpsTests.cs(39,10): error CS0518: Predefined type 'System.Object' is not defined or imported
C:\gh\azure-sdk-for-net\sdk\containerservice\Microsoft.Azure.Management.ContainerService\tests\Tests\Tests\ContainerServiceOpsTests.cs(39,10): error CS0246: The type or namespace name 'FactAttribute' could not be found (are you missing a using directive or an assembly reference?)
C:\gh\azure-sdk-for-net\sdk\containerservice\Microsoft.Azure.Management.ContainerService\tests\Tests\Tests\ContainerServiceOpsTests.cs(39,10): error CS0246: The type or namespace name 'Fact' could not be found (are you missing a using directive or an assembly reference?)
C:\gh\azure-sdk-for-net\sdk\containerservice\Microsoft.Azure.Management.ContainerService\tests\Tests\Tests\ContainerServiceOpsTests.cs(40,22): error CS0518: Predefined type 'System.Object' is not defined or imported
C:\gh\azure-sdk-for-net\sdk\containerservice\Microsoft.Azure.Management.ContainerService\tests\Tests\Tests\ContainerServiceOpsTests.cs(40,22): error CS0246: The type or namespace name 'Task' could not be found (are you missing a using directive or an assembly reference?)
C:\gh\azure-sdk-for-net\sdk\containerservice\Microsoft.Azure.Management.ContainerService\tests\Tests\Tests\ContainerServiceOpsTests.cs(19,10): error CS0518: Predefined type 'System.Object' is not defined or imported
C:\gh\azure-sdk-for-net\sdk\containerservice\Microsoft.Azure.Management.ContainerService\tests\Tests\Tests\ContainerServiceOpsTests.cs(19,10): error CS0246: The type or namespace name 'FactAttribute' could not be found (are you missing a using directive or an assembly reference?)
C:\gh\azure-sdk-for-net\sdk\containerservice\Microsoft.Azure.Management.ContainerService\tests\Tests\Tests\ContainerServiceOpsTests.cs(19,10): error CS0246: The type or namespace name 'Fact' could not be found (are you missing a using directive or an assembly reference?)
C:\gh\azure-sdk-for-net\sdk\containerservice\Microsoft.Azure.Management.ContainerService\tests\Tests\Tests\ContainerServiceOpsTests.cs(20,22): error CS0518: Predefined type 'System.Object' is not defined or imported
C:\gh\azure-sdk-for-net\sdk\containerservice\Microsoft.Azure.Management.ContainerService\tests\Tests\Tests\ContainerServiceOpsTests.cs(20,22): error CS0246: The type or namespace name 'Task' could not be found (are you missing a using directive or an assembly reference?)
C:\gh\azure-sdk-for-net\eng\mgmt\DisableTestRunParallel.cs(7,12): error CS0246: The type or namespace name 'CollectionBehaviorAttribute' could not be found (are you missing a using directive or an assembly reference?)
C:\gh\azure-sdk-for-net\eng\mgmt\DisableTestRunParallel.cs(7,12): error CS0246: The type or namespace name 'CollectionBehavior' could not be found (are you missing a using directive or an assembly reference?)
C:\gh\azure-sdk-for-net\artifacts\obj\Microsoft.Azure.Management.ContainerService.Tests\Debug\netcoreapp2.0\.NETCoreApp,Version=v2.0.AssemblyAttributes.cs(4,20): error CS0400: The type or namespace name 'System' could not be found in the global namespace (are you missing an assembly reference?)
C:\gh\azure-sdk-for-net\artifacts\obj\Microsoft.Azure.Management.ContainerService.Tests\Debug\netcoreapp2.0\Microsoft.Azure.Management.ContainerService.Tests.AssemblyInfo.cs(14,12): error CS0246: The type or namespace name 'System' could not be found (are you missing a using directive or an assembly reference?)
C:\gh\azure-sdk-for-net\artifacts\obj\Microsoft.Azure.Management.ContainerService.Tests\Debug\netcoreapp2.0\Microsoft.Azure.Management.ContainerService.Tests.AssemblyInfo.cs(16,12): error CS0246: The type or namespace name 'System' could not be found (are you missing a using directive or an assembly reference?)
C:\gh\azure-sdk-for-net\artifacts\obj\Microsoft.Azure.Management.ContainerService.Tests\Debug\netcoreapp2.0\Microsoft.Azure.Management.ContainerService.Tests.AssemblyInfo.cs(17,12): error CS0246: The type or namespace name 'System' could not be found (are you missing a using directive or an assembly reference?)
C:\gh\azure-sdk-for-net\eng\mgmt\DisableTestRunParallel.cs(7,31): error CS0246: The type or namespace name 'DisableTestParallelization' could not be found (are you missing a using directive or an assembly reference?)
C:\gh\azure-sdk-for-net\eng\mgmt\DisableTestRunParallel.cs(7,60): error CS0518: Predefined type 'System.Boolean' is not defined or imported
C:\gh\azure-sdk-for-net\eng\mgmt\DisableTestRunParallel.cs(7,66): error CS0246: The type or namespace name 'MaxParallelThreads' could not be found (are you missing a using directive or an assembly reference?)
C:\gh\azure-sdk-for-net\eng\mgmt\DisableTestRunParallel.cs(7,87): error CS0518: Predefined type 'System.Int32' is not defined or imported
C:\gh\azure-sdk-for-net\artifacts\obj\Microsoft.Azure.Management.ContainerService.Tests\Debug\netcoreapp2.0\.NETCoreApp,Version=v2.0.AssemblyAttributes.cs(4,71): error CS0518: Predefined type 'System.String' is not defined or imported
C:\gh\azure-sdk-for-net\artifacts\obj\Microsoft.Azure.Management.ContainerService.Tests\Debug\netcoreapp2.0\.NETCoreApp,Version=v2.0.AssemblyAttributes.cs(4,99): error CS0246: The type or namespace name 'FrameworkDisplayName' could not be found (are you missing a using directive or an assembly reference?)
C:\gh\azure-sdk-for-net\artifacts\obj\Microsoft.Azure.Management.ContainerService.Tests\Debug\netcoreapp2.0\.NETCoreApp,Version=v2.0.AssemblyAttributes.cs(4,122): error CS0518: Predefined type 'System.String' is not defined or imported
C:\gh\azure-sdk-for-net\artifacts\obj\Microsoft.Azure.Management.ContainerService.Tests\Debug\netcoreapp2.0\Microsoft.Azure.Management.ContainerService.Tests.AssemblyInfo.cs(14,56): error CS0518: Predefined type 'System.String' is not defined or imported
C:\gh\azure-sdk-for-net\artifacts\obj\Microsoft.Azure.Management.ContainerService.Tests\Debug\netcoreapp2.0\Microsoft.Azure.Management.ContainerService.Tests.AssemblyInfo.cs(14,70): error CS0518: Predefined type 'System.String' is not defined or imported
C:\gh\azure-sdk-for-net\artifacts\obj\Microsoft.Azure.Management.ContainerService.Tests\Debug\netcoreapp2.0\Microsoft.Azure.Management.ContainerService.Tests.AssemblyInfo.cs(15,5): error CS0518: Predefined type 'System.String' is not defined or imported
C:\gh\azure-sdk-for-net\artifacts\obj\Microsoft.Azure.Management.ContainerService.Tests\Debug\netcoreapp2.0\Microsoft.Azure.Management.ContainerService.Tests.AssemblyInfo.cs(16,68): error CS0518: Predefined type 'System.String' is not defined or imported
C:\gh\azure-sdk-for-net\artifacts\obj\Microsoft.Azure.Management.ContainerService.Tests\Debug\netcoreapp2.0\Microsoft.Azure.Management.ContainerService.Tests.AssemblyInfo.cs(17,56): error CS0518: Predefined type 'System.String' is not defined or imported
C:\gh\azure-sdk-for-net\artifacts\obj\Microsoft.Azure.Management.ContainerService.Tests\Debug\netcoreapp2.0\Microsoft.Azure.Management.ContainerService.Tests.AssemblyInfo.cs(17,73): error CS0518: Predefined type 'System.String' is not defined or imported
C:\gh\azure-sdk-for-net\sdk\containerservice\Microsoft.Azure.Management.ContainerService\tests\Tests\Helpers\ContainerServiceTestUtilities.cs(4,7): error CS0246: The type or namespace name 'System' could not be found (are you missing a using directive or an assembly reference?)
C:\gh\azure-sdk-for-net\sdk\containerservice\Microsoft.Azure.Management.ContainerService\tests\Tests\Helpers\ContainerServiceTestUtilities.cs(5,7): error CS0246: The type or namespace name 'System' could not be found (are you missing a using directive or an assembly reference?)
C:\gh\azure-sdk-for-net\sdk\containerservice\Microsoft.Azure.Management.ContainerService\tests\Tests\Helpers\ContainerServiceTestUtilities.cs(8,34): error CS0234: The type or namespace name 'Resources' does not exist in the namespace 'Microsoft.Azure.Management' (are you missing an assembly reference?)
C:\gh\azure-sdk-for-net\sdk\containerservice\Microsoft.Azure.Management.ContainerService\tests\Tests\Helpers\ContainerServiceTestUtilities.cs(9,17): error CS0234: The type or namespace name 'Rest' does not exist in the namespace 'Microsoft' (are you missing an assembly reference?)
C:\gh\azure-sdk-for-net\sdk\containerservice\Microsoft.Azure.Management.ContainerService\tests\Tests\Helpers\ContainerServiceTestUtilities.cs(10,34): error CS0234: The type or namespace name 'Resources' does not exist in the namespace 'Microsoft.Azure.Management' (are you missing an assembly reference?)
C:\gh\azure-sdk-for-net\sdk\containerservice\Microsoft.Azure.Management.ContainerService\tests\Tests\Helpers\ContainerServiceTestUtilities.cs(11,7): error CS0246: The type or namespace name 'System' could not be found (are you missing a using directive or an assembly reference?)
C:\gh\azure-sdk-for-net\sdk\containerservice\Microsoft.Azure.Management.ContainerService\tests\Tests\Helpers\ContainerServiceTestUtilities.cs(12,7): error CS0246: The type or namespace name 'System' could not be found (are you missing a using directive or an assembly reference?)
C:\gh\azure-sdk-for-net\sdk\containerservice\Microsoft.Azure.Management.ContainerService\tests\Tests\Helpers\RecordedDelegatingHandler.cs(4,7): error CS0246: The type or namespace name 'System' could not be found (are you missing a using directive or an assembly reference?)
C:\gh\azure-sdk-for-net\sdk\containerservice\Microsoft.Azure.Management.ContainerService\tests\Tests\Helpers\RecordedDelegatingHandler.cs(5,7): error CS0246: The type or namespace name 'System' could not be found (are you missing a using directive or an assembly reference?)
C:\gh\azure-sdk-for-net\sdk\containerservice\Microsoft.Azure.Management.ContainerService\tests\Tests\Helpers\RecordedDelegatingHandler.cs(6,7): error CS0246: The type or namespace name 'System' could not be found (are you missing a using directive or an assembly reference?)
C:\gh\azure-sdk-for-net\sdk\containerservice\Microsoft.Azure.Management.ContainerService\tests\Tests\Helpers\RecordedDelegatingHandler.cs(7,7): error CS0246: The type or namespace name 'System' could not be found (are you missing a using directive or an assembly reference?)
C:\gh\azure-sdk-for-net\sdk\containerservice\Microsoft.Azure.Management.ContainerService\tests\Tests\Helpers\RecordedDelegatingHandler.cs(8,7): error CS0246: The type or namespace name 'System' could not be found (are you missing a using directive or an assembly reference?)
C:\gh\azure-sdk-for-net\sdk\containerservice\Microsoft.Azure.Management.ContainerService\tests\Tests\Tests\ContainerServiceOpsTests.cs(4,7): error CS0246: The type or namespace name 'System' could not be found (are you missing a using directive or an assembly reference?)
C:\gh\azure-sdk-for-net\sdk\containerservice\Microsoft.Azure.Management.ContainerService\tests\Tests\Tests\ContainerServiceOpsTests.cs(7,34): error CS0234: The type or namespace name 'Resources' does not exist in the namespace 'Microsoft.Azure.Management' (are you missing an assembly reference?)
C:\gh\azure-sdk-for-net\sdk\containerservice\Microsoft.Azure.Management.ContainerService\tests\Tests\Tests\ContainerServiceOpsTests.cs(8,17): error CS0234: The type or namespace name 'Rest' does not exist in the namespace 'Microsoft' (are you missing an assembly reference?)
C:\gh\azure-sdk-for-net\sdk\containerservice\Microsoft.Azure.Management.ContainerService\tests\Tests\Tests\ContainerServiceOpsTests.cs(9,7): error CS0246: The type or namespace name 'Xunit' could not be found (are you missing a using directive or an assembly reference?)
C:\gh\azure-sdk-for-net\sdk\containerservice\Microsoft.Azure.Management.ContainerService\tests\Tests\Tests\ContainerServiceTest.cs(1,7): error CS0246: The type or namespace name 'System' could not be found (are you missing a using directive or an assembly reference?)
C:\gh\azure-sdk-for-net\sdk\containerservice\Microsoft.Azure.Management.ContainerService\tests\Tests\Tests\ContainerServiceTest.cs(4,34): error CS0234: The type or namespace name 'Resources' does not exist in the namespace 'Microsoft.Azure.Management' (are you missing an assembly reference?)
C:\gh\azure-sdk-for-net\sdk\containerservice\Microsoft.Azure.Management.ContainerService\tests\Tests\Tests\ContainerServiceTest.cs(5,17): error CS0234: The type or namespace name 'Rest' does not exist in the namespace 'Microsoft' (are you missing an assembly reference?)
C:\gh\azure-sdk-for-net\eng\mgmt\DisableTestRunParallel.cs(4,7): error CS0246: The type or namespace name 'System' could not be found (are you missing a using directive or an assembly reference?)
C:\gh\azure-sdk-for-net\eng\mgmt\DisableTestRunParallel.cs(5,7): error CS0246: The type or namespace name 'Xunit' could not be found (are you missing a using directive or an assembly reference?)
C:\gh\azure-sdk-for-net\artifacts\obj\Microsoft.Azure.Management.ContainerService.Tests\Debug\netcoreapp2.0\.NETCoreApp,Version=v2.0.AssemblyAttributes.cs(2,7): error CS0246: The type or namespace name 'System' could not be found (are you missing a using directive or an assembly reference?)
C:\gh\azure-sdk-for-net\artifacts\obj\Microsoft.Azure.Management.ContainerService.Tests\Debug\netcoreapp2.0\.NETCoreApp,Version=v2.0.AssemblyAttributes.cs(3,7): error CS0246: The type or namespace name 'System' could not be found (are you missing a using directive or an assembly reference?)
C:\gh\azure-sdk-for-net\artifacts\obj\Microsoft.Azure.Management.ContainerService.Tests\Debug\netcoreapp2.0\Microsoft.Azure.Management.ContainerService.Tests.AssemblyInfo.cs(11,7): error CS0246: The type or namespace name 'System' could not be found (are you missing a using directive or an assembly reference?)
C:\gh\azure-sdk-for-net\artifacts\obj\Microsoft.Azure.Management.ContainerService.Tests\Debug\netcoreapp2.0\Microsoft.Azure.Management.ContainerService.Tests.AssemblyInfo.cs(12,7): error CS0246: The type or namespace name 'System' could not be found (are you missing a using directive or an assembly reference?)
C:\gh\azure-sdk-for-net\sdk\containerservice\Microsoft.Azure.Management.ContainerService\tests\Tests\Helpers\ContainerServiceTestUtilities.cs(17,25): error CS0518: Predefined type 'System.Object' is not defined or imported
C:\gh\azure-sdk-for-net\sdk\containerservice\Microsoft.Azure.Management.ContainerService\tests\Tests\Tests\ContainerServiceTest.cs(34,16): error CS0518: Predefined type 'System.Object' is not defined or imported
C:\gh\azure-sdk-for-net\sdk\containerservice\Microsoft.Azure.Management.ContainerService\tests\Tests\Tests\ContainerServiceTest.cs(34,16): error CS0246: The type or namespace name 'ResourceManagementClient' could not be found (are you missing a using directive or an assembly reference?)
C:\gh\azure-sdk-for-net\sdk\containerservice\Microsoft.Azure.Management.ContainerService\tests\Tests\Tests\ContainerServiceTest.cs(42,16): error CS0518: Predefined type 'System.Object' is not defined or imported
C:\gh\azure-sdk-for-net\sdk\containerservice\Microsoft.Azure.Management.ContainerService\tests\Tests\Helpers\RecordedDelegatingHandler.cs(29,57): error CS0518: Predefined type 'System.Void' is not defined or imported
C:\gh\azure-sdk-for-net\sdk\containerservice\Microsoft.Azure.Management.ContainerService\tests\Tests\Helpers\RecordedDelegatingHandler.cs(31,67): error CS0518: Predefined type 'System.Void' is not defined or imported
C:\gh\azure-sdk-for-net\sdk\containerservice\Microsoft.Azure.Management.ContainerService\tests\Tests\Helpers\RecordedDelegatingHandler.cs(33,38): error CS0518: Predefined type 'System.Void' is not defined or imported
C:\gh\azure-sdk-for-net\sdk\containerservice\Microsoft.Azure.Management.ContainerService\tests\Tests\Helpers\RecordedDelegatingHandler.cs(35,57): error CS0518: Predefined type 'System.Void' is not defined or imported
C:\gh\azure-sdk-for-net\sdk\containerservice\Microsoft.Azure.Management.ContainerService\tests\Tests\Helpers\RecordedDelegatingHandler.cs(37,57): error CS0518: Predefined type 'System.Void' is not defined or imported
C:\gh\azure-sdk-for-net\sdk\containerservice\Microsoft.Azure.Management.ContainerService\tests\Tests\Helpers\RecordedDelegatingHandler.cs(39,41): error CS0518: Predefined type 'System.Void' is not defined or imported
C:\gh\azure-sdk-for-net\sdk\containerservice\Microsoft.Azure.Management.ContainerService\tests\Tests\Helpers\RecordedDelegatingHandler.cs(41,31): error CS0518: Predefined type 'System.Void' is not defined or imported
C:\gh\azure-sdk-for-net\sdk\containerservice\Microsoft.Azure.Management.ContainerService\tests\Tests\Helpers\RecordedDelegatingHandler.cs(43,42): error CS0518: Predefined type 'System.Void' is not defined or imported
C:\gh\azure-sdk-for-net\sdk\containerservice\Microsoft.Azure.Management.ContainerService\tests\Tests\Helpers\RecordedDelegatingHandler.cs(29,16): error CS0518: Predefined type 'System.Object' is not defined or imported
C:\gh\azure-sdk-for-net\sdk\containerservice\Microsoft.Azure.Management.ContainerService\tests\Tests\Helpers\RecordedDelegatingHandler.cs(29,16): error CS0246: The type or namespace name 'HttpStatusCode' could not be found (are you missing a using directive or an assembly reference?)
C:\gh\azure-sdk-for-net\sdk\containerservice\Microsoft.Azure.Management.ContainerService\tests\Tests\Helpers\RecordedDelegatingHandler.cs(31,16): error CS0518: Predefined type 'System.Object' is not defined or imported
C:\gh\azure-sdk-for-net\sdk\containerservice\Microsoft.Azure.Management.ContainerService\tests\Tests\Helpers\RecordedDelegatingHandler.cs(31,16): error CS0246: The type or namespace name 'HttpStatusCode' could not be found (are you missing a using directive or an assembly reference?)
C:\gh\azure-sdk-for-net\sdk\containerservice\Microsoft.Azure.Management.ContainerService\tests\Tests\Helpers\RecordedDelegatingHandler.cs(33,16): error CS0518: Predefined type 'System.String' is not defined or imported
C:\gh\azure-sdk-for-net\sdk\containerservice\Microsoft.Azure.Management.ContainerService\tests\Tests\Helpers\RecordedDelegatingHandler.cs(35,16): error CS0518: Predefined type 'System.Object' is not defined or imported
C:\gh\azure-sdk-for-net\sdk\containerservice\Microsoft.Azure.Management.ContainerService\tests\Tests\Helpers\RecordedDelegatingHandler.cs(35,16): error CS0246: The type or namespace name 'HttpRequestHeaders' could not be found (are you missing a using directive or an assembly reference?)
C:\gh\azure-sdk-for-net\sdk\containerservice\Microsoft.Azure.Management.ContainerService\tests\Tests\Helpers\RecordedDelegatingHandler.cs(37,16): error CS0518: Predefined type 'System.Object' is not defined or imported
C:\gh\azure-sdk-for-net\sdk\containerservice\Microsoft.Azure.Management.ContainerService\tests\Tests\Helpers\RecordedDelegatingHandler.cs(37,16): error CS0246: The type or namespace name 'HttpContentHeaders' could not be found (are you missing a using directive or an assembly reference?)
C:\gh\azure-sdk-for-net\sdk\containerservice\Microsoft.Azure.Management.ContainerService\tests\Tests\Helpers\RecordedDelegatingHandler.cs(39,16): error CS0518: Predefined type 'System.Object' is not defined or imported
C:\gh\azure-sdk-for-net\sdk\containerservice\Microsoft.Azure.Management.ContainerService\tests\Tests\Helpers\RecordedDelegatingHandler.cs(39,16): error CS0246: The type or namespace name 'HttpMethod' could not be found (are you missing a using directive or an assembly reference?)
C:\gh\azure-sdk-for-net\sdk\containerservice\Microsoft.Azure.Management.ContainerService\tests\Tests\Helpers\RecordedDelegatingHandler.cs(41,16): error CS0518: Predefined type 'System.Object' is not defined or imported
C:\gh\azure-sdk-for-net\sdk\containerservice\Microsoft.Azure.Management.ContainerService\tests\Tests\Helpers\RecordedDelegatingHandler.cs(41,16): error CS0246: The type or namespace name 'Uri' could not be found (are you missing a using directive or an assembly reference?)
C:\gh\azure-sdk-for-net\sdk\containerservice\Microsoft.Azure.Management.ContainerService\tests\Tests\Helpers\RecordedDelegatingHandler.cs(43,16): error CS0518: Predefined type 'System.Boolean' is not defined or imported
C:\gh\azure-sdk-for-net\sdk\containerservice\Microsoft.Azure.Management.ContainerService\tests\Tests\Tests\ContainerServiceTest.cs(14,56): error CS0518: Predefined type 'System.Object' is not defined or imported
C:\gh\azure-sdk-for-net\sdk\containerservice\Microsoft.Azure.Management.ContainerService\tests\Tests\Tests\ContainerServiceTest.cs(16,39): error CS0518: Predefined type 'System.Boolean' is not defined or imported
C:\gh\azure-sdk-for-net\sdk\containerservice\Microsoft.Azure.Management.ContainerService\tests\Tests\Tests\ContainerServiceTest.cs(17,38): error CS0518: Predefined type 'System.Object' is not defined or imported
C:\gh\azure-sdk-for-net\sdk\containerservice\Microsoft.Azure.Management.ContainerService\tests\Tests\Helpers\RecordedDelegatingHandler.cs(18,34): error CS0518: Predefined type 'System.Object' is not defined or imported
C:\gh\azure-sdk-for-net\sdk\containerservice\Microsoft.Azure.Management.ContainerService\tests\Tests\Helpers\RecordedDelegatingHandler.cs(18,34): error CS0103: The name 'HttpStatusCode' does not exist in the current context
C:\gh\azure-sdk-for-net\sdk\containerservice\Microsoft.Azure.Management.ContainerService\tests\Tests\Helpers\ContainerServiceTestUtilities.cs(26,37): error CS0518: Predefined type 'System.Boolean' is not defined or imported
C:\gh\azure-sdk-for-net\sdk\containerservice\Microsoft.Azure.Management.ContainerService\tests\Tests\Helpers\ContainerServiceTestUtilities.cs(27,13): error CS0518: Predefined type 'System.Object' is not defined or imported
C:\gh\azure-sdk-for-net\sdk\containerservice\Microsoft.Azure.Management.ContainerService\tests\Tests\Helpers\ContainerServiceTestUtilities.cs(27,13): error CS0246: The type or namespace name 'ResourceManagementClient' could not be found (are you missing a using directive or an assembly reference?)
C:\gh\azure-sdk-for-net\sdk\containerservice\Microsoft.Azure.Management.ContainerService\tests\Tests\Helpers\ContainerServiceTestUtilities.cs(27,90): error CS0518: Predefined type 'System.Object' is not defined or imported
C:\gh\azure-sdk-for-net\sdk\containerservice\Microsoft.Azure.Management.ContainerService\tests\Tests\Helpers\ContainerServiceTestUtilities.cs(27,90): error CS0246: The type or namespace name 'ResourceManagementClient' could not be found (are you missing a using directive or an assembly reference?)
C:\gh\azure-sdk-for-net\sdk\containerservice\Microsoft.Azure.Management.ContainerService\tests\Tests\Helpers\RecordedDelegatingHandler.cs(24,34): error CS0518: Predefined type 'System.Object' is not defined or imported
C:\gh\azure-sdk-for-net\sdk\containerservice\Microsoft.Azure.Management.ContainerService\tests\Tests\Helpers\RecordedDelegatingHandler.cs(24,34): error CS0103: The name 'HttpStatusCode' does not exist in the current context
C:\gh\azure-sdk-for-net\sdk\containerservice\Microsoft.Azure.Management.ContainerService\tests\Tests\Helpers\ContainerServiceTestUtilities.cs(33,37): error CS0518: Predefined type 'System.Boolean' is not defined or imported
C:\gh\azure-sdk-for-net\sdk\containerservice\Microsoft.Azure.Management.ContainerService\tests\Tests\Helpers\ContainerServiceTestUtilities.cs(34,13): error CS0518: Predefined type 'System.Object' is not defined or imported
C:\gh\azure-sdk-for-net\sdk\containerservice\Microsoft.Azure.Management.ContainerService\tests\Tests\Helpers\ContainerServiceTestUtilities.cs(34,86): error CS0518: Predefined type 'System.Object' is not defined or imported
C:\gh\azure-sdk-for-net\sdk\containerservice\Microsoft.Azure.Management.ContainerService\tests\Tests\Helpers\ContainerServiceTestUtilities.cs(40,20): error CS0518: Predefined type 'System.String' is not defined or imported
C:\gh\azure-sdk-for-net\sdk\containerservice\Microsoft.Azure.Management.ContainerService\tests\Tests\Helpers\ContainerServiceTestUtilities.cs(45,91): error CS0518: Predefined type 'System.Object' is not defined or imported
C:\gh\azure-sdk-for-net\sdk\containerservice\Microsoft.Azure.Management.ContainerService\tests\Tests\Helpers\ContainerServiceTestUtilities.cs(45,91): error CS0246: The type or namespace name 'ResourceGroup' could not be found (are you missing a using directive or an assembly reference?)
C:\gh\azure-sdk-for-net\sdk\containerservice\Microsoft.Azure.Management.ContainerService\tests\Tests\Tests\ContainerServiceOpsTests.cs(22,13): error CS0518: Predefined type 'System.IDisposable' is not defined or imported
C:\gh\azure-sdk-for-net\sdk\containerservice\Microsoft.Azure.Management.ContainerService\tests\Tests\Tests\ContainerServiceOpsTests.cs(22,20): error CS0518: Predefined type 'System.Object' is not defined or imported
C:\gh\azure-sdk-for-net\sdk\containerservice\Microsoft.Azure.Management.ContainerService\tests\Tests\Tests\ContainerServiceOpsTests.cs(22,20): error CS0246: The type or namespace name 'MockContext' could not be found (are you missing a using directive or an assembly reference?)
C:\gh\azure-sdk-for-net\sdk\containerservice\Microsoft.Azure.Management.ContainerService\tests\Tests\Tests\ContainerServiceOpsTests.cs(22,42): error CS0518: Predefined type 'System.Object' is not defined or imported
C:\gh\azure-sdk-for-net\sdk\containerservice\Microsoft.Azure.Management.ContainerService\tests\Tests\Tests\ContainerServiceOpsTests.cs(22,42): error CS0103: The name 'MockContext' does not exist in the current context
C:\gh\azure-sdk-for-net\sdk\containerservice\Microsoft.Azure.Management.ContainerService\tests\Tests\Tests\ContainerServiceOpsTests.cs(22,65): error CS0518: Predefined type 'System.Object' is not defined or imported
C:\gh\azure-sdk-for-net\sdk\containerservice\Microsoft.Azure.Management.ContainerService\tests\Tests\Tests\ContainerServiceOpsTests.cs(22,65): error CS1061: 'ContainerServiceTests' does not contain a definition for 'GetType' and no accessible extension method 'GetType' accepting a first argument of type 'ContainerServiceTests' could be found (are you missing a using directive or an assembly reference?)
C:\gh\azure-sdk-for-net\sdk\containerservice\Microsoft.Azure.Management.ContainerService\tests\Tests\Tests\ContainerServiceOpsTests.cs(24,17): error CS0518: Predefined type 'System.Object' is not defined or imported
C:\gh\azure-sdk-for-net\sdk\containerservice\Microsoft.Azure.Management.ContainerService\tests\Tests\Tests\ContainerServiceOpsTests.cs(26,32): error CS0518: Predefined type 'System.Object' is not defined or imported
C:\gh\azure-sdk-for-net\sdk\containerservice\Microsoft.Azure.Management.ContainerService\tests\Tests\Tests\ContainerServiceOpsTests.cs(26,62): error CS0518: Predefined type 'System.Object' is not defined or imported
C:\gh\azure-sdk-for-net\sdk\containerservice\Microsoft.Azure.Management.ContainerService\tests\Tests\Tests\ContainerServiceOpsTests.cs(28,53): error CS0246: The type or namespace name 'Task<>' could not be found (are you missing a using directive or an assembly reference?)
C:\gh\azure-sdk-for-net\sdk\containerservice\Microsoft.Azure.Management.ContainerService\tests\Tests\Tests\ContainerServiceOpsTests.cs(30,17): error CS0518: Predefined type 'System.Object' is not defined or imported
C:\gh\azure-sdk-for-net\sdk\containerservice\Microsoft.Azure.Management.ContainerService\tests\Tests\Tests\ContainerServiceOpsTests.cs(30,17): error CS0103: The name 'Assert' does not exist in the current context
C:\gh\azure-sdk-for-net\sdk\containerservice\Microsoft.Azure.Management.ContainerService\tests\Tests\Tests\ContainerServiceOpsTests.cs(31,17): error CS0518: Predefined type 'System.Object' is not defined or imported
C:\gh\azure-sdk-for-net\sdk\containerservice\Microsoft.Azure.Management.ContainerService\tests\Tests\Tests\ContainerServiceOpsTests.cs(31,17): error CS0103: The name 'Assert' does not exist in the current context
C:\gh\azure-sdk-for-net\sdk\containerservice\Microsoft.Azure.Management.ContainerService\tests\Tests\Tests\ContainerServiceOpsTests.cs(31,75): error CS0518: Predefined type 'System.Int32' is not defined or imported
C:\gh\azure-sdk-for-net\sdk\containerservice\Microsoft.Azure.Management.ContainerService\tests\Tests\Tests\ContainerServiceOpsTests.cs(31,29): error CS0518: Predefined type 'System.Boolean' is not defined or imported
C:\gh\azure-sdk-for-net\sdk\containerservice\Microsoft.Azure.Management.ContainerService\tests\Tests\Tests\ContainerServiceOpsTests.cs(20,27): error CS0161: 'ContainerServiceTests.ContainerServiceListOrchestratorsTest()': not all code paths return a value
C:\gh\azure-sdk-for-net\sdk\containerservice\Microsoft.Azure.Management.ContainerService\tests\Tests\Helpers\RecordedDelegatingHandler.cs(51,17): error CS0518: Predefined type 'System.Boolean' is not defined or imported
C:\gh\azure-sdk-for-net\sdk\containerservice\Microsoft.Azure.Management.ContainerService\tests\Tests\Helpers\RecordedDelegatingHandler.cs(51,17): error CS0518: Predefined type 'System.Boolean' is not defined or imported
C:\gh\azure-sdk-for-net\sdk\containerservice\Microsoft.Azure.Management.ContainerService\tests\Tests\Helpers\RecordedDelegatingHandler.cs(53,27): error CS0518: Predefined type 'System.String' is not defined or imported
C:\gh\azure-sdk-for-net\sdk\containerservice\Microsoft.Azure.Management.ContainerService\tests\Tests\Helpers\RecordedDelegatingHandler.cs(60,17): error CS0518: Predefined type 'System.Boolean' is not defined or imported
C:\gh\azure-sdk-for-net\sdk\containerservice\Microsoft.Azure.Management.ContainerService\tests\Tests\Helpers\RecordedDelegatingHandler.cs(60,17): error CS0518: Predefined type 'System.Boolean' is not defined or imported
C:\gh\azure-sdk-for-net\sdk\containerservice\Microsoft.Azure.Management.ContainerService\tests\Tests\Helpers\RecordedDelegatingHandler.cs(68,17): error CS0518: Predefined type 'System.Boolean' is not defined or imported
C:\gh\azure-sdk-for-net\sdk\containerservice\Microsoft.Azure.Management.ContainerService\tests\Tests\Helpers\RecordedDelegatingHandler.cs(74,21): error CS0518: Predefined type 'System.Boolean' is not defined or imported
C:\gh\azure-sdk-for-net\sdk\containerservice\Microsoft.Azure.Management.ContainerService\tests\Tests\Helpers\RecordedDelegatingHandler.cs(74,53): error CS0518: Predefined type 'System.Int32' is not defined or imported
C:\gh\azure-sdk-for-net\sdk\containerservice\Microsoft.Azure.Management.ContainerService\tests\Tests\Helpers\RecordedDelegatingHandler.cs(74,42): error CS0518: Predefined type 'System.Boolean' is not defined or imported
C:\gh\azure-sdk-for-net\sdk\containerservice\Microsoft.Azure.Management.ContainerService\tests\Tests\Helpers\RecordedDelegatingHandler.cs(74,21): error CS0518: Predefined type 'System.Boolean' is not defined or imported
C:\gh\azure-sdk-for-net\sdk\containerservice\Microsoft.Azure.Management.ContainerService\tests\Tests\Helpers\RecordedDelegatingHandler.cs(81,35): error CS0518: Predefined type 'System.Int32' is not defined or imported
C:\gh\azure-sdk-for-net\sdk\containerservice\Microsoft.Azure.Management.ContainerService\tests\Tests\Helpers\RecordedDelegatingHandler.cs(81,25): error CS0518: Predefined type 'System.Boolean' is not defined or imported
C:\gh\azure-sdk-for-net\sdk\containerservice\Microsoft.Azure.Management.ContainerService\tests\Tests\Helpers\RecordedDelegatingHandler.cs(81,25): error CS0518: Predefined type 'System.Boolean' is not defined or imported
C:\gh\azure-sdk-for-net\sdk\containerservice\Microsoft.Azure.Management.ContainerService\tests\Tests\Helpers\RecordedDelegatingHandler.cs(83,21): error CS0518: Predefined type 'System.Object' is not defined or imported
C:\gh\azure-sdk-for-net\sdk\containerservice\Microsoft.Azure.Management.ContainerService\tests\Tests\Helpers\RecordedDelegatingHandler.cs(83,21): error CS0246: The type or namespace name 'HttpResponseMessage' could not be found (are you missing a using directive or an assembly reference?)
C:\gh\azure-sdk-for-net\sdk\containerservice\Microsoft.Azure.Management.ContainerService\tests\Tests\Helpers\RecordedDelegatingHandler.cs(83,56): error CS0518: Predefined type 'System.Object' is not defined or imported
C:\gh\azure-sdk-for-net\sdk\containerservice\Microsoft.Azure.Management.ContainerService\tests\Tests\Helpers\RecordedDelegatingHandler.cs(83,56): error CS0246: The type or namespace name 'HttpResponseMessage' could not be found (are you missing a using directive or an assembly reference?)
C:\gh\azure-sdk-for-net\sdk\containerservice\Microsoft.Azure.Management.ContainerService\tests\Tests\Helpers\RecordedDelegatingHandler.cs(84,44): error CS0518: Predefined type 'System.Object' is not defined or imported
C:\gh\azure-sdk-for-net\sdk\containerservice\Microsoft.Azure.Management.ContainerService\tests\Tests\Helpers\RecordedDelegatingHandler.cs(84,44): error CS0246: The type or namespace name 'StringContent' could not be found (are you missing a using directive or an assembly reference?)
C:\gh\azure-sdk-for-net\sdk\containerservice\Microsoft.Azure.Management.ContainerService\tests\Tests\Helpers\RecordedDelegatingHandler.cs(84,58): error CS0518: Predefined type 'System.String' is not defined or imported
C:\gh\azure-sdk-for-net\sdk\containerservice\Microsoft.Azure.Management.ContainerService\tests\Tests\Helpers\ContainerServiceTestUtilities.cs(50,19): error CS0518: Predefined type 'System.String' is not defined or imported
C:\gh\azure-sdk-for-net\sdk\containerservice\Microsoft.Azure.Management.ContainerService\tests\Tests\Helpers\ContainerServiceTestUtilities.cs(50,53): error CS0518: Predefined type 'System.String' is not defined or imported
C:\gh\azure-sdk-for-net\sdk\containerservice\Microsoft.Azure.Management.ContainerService\tests\Tests\Helpers\ContainerServiceTestUtilities.cs(56,20): error CS0518: Predefined type 'System.Boolean' is not defined or imported
C:\gh\azure-sdk-for-net\sdk\containerservice\Microsoft.Azure.Management.ContainerService\tests\Tests\Helpers\ContainerServiceTestUtilities.cs(56,20): error CS0518: Predefined type 'System.Boolean' is not defined or imported
C:\gh\azure-sdk-for-net\sdk\containerservice\Microsoft.Azure.Management.ContainerService\tests\Tests\Helpers\ContainerServiceTestUtilities.cs(58,19): error CS0518: Predefined type 'System.String' is not defined or imported
C:\gh\azure-sdk-for-net\sdk\containerservice\Microsoft.Azure.Management.ContainerService\tests\Tests\Tests\ContainerServiceOpsTests.cs(42,13): error CS0518: Predefined type 'System.IDisposable' is not defined or imported
C:\gh\azure-sdk-for-net\sdk\containerservice\Microsoft.Azure.Management.ContainerService\tests\Tests\Tests\ContainerServiceOpsTests.cs(42,20): error CS0518: Predefined type 'System.Object' is not defined or imported
C:\gh\azure-sdk-for-net\sdk\containerservice\Microsoft.Azure.Management.ContainerService\tests\Tests\Tests\ContainerServiceOpsTests.cs(42,20): error CS0246: The type or namespace name 'MockContext' could not be found (are you missing a using directive or an assembly reference?)
C:\gh\azure-sdk-for-net\sdk\containerservice\Microsoft.Azure.Management.ContainerService\tests\Tests\Tests\ContainerServiceOpsTests.cs(42,42): error CS0518: Predefined type 'System.Object' is not defined or imported
C:\gh\azure-sdk-for-net\sdk\containerservice\Microsoft.Azure.Management.ContainerService\tests\Tests\Tests\ContainerServiceOpsTests.cs(42,42): error CS0103: The name 'MockContext' does not exist in the current context
C:\gh\azure-sdk-for-net\sdk\containerservice\Microsoft.Azure.Management.ContainerService\tests\Tests\Tests\ContainerServiceOpsTests.cs(42,65): error CS0518: Predefined type 'System.Object' is not defined or imported
C:\gh\azure-sdk-for-net\sdk\containerservice\Microsoft.Azure.Management.ContainerService\tests\Tests\Tests\ContainerServiceOpsTests.cs(42,65): error CS1061: 'ContainerServiceTests' does not contain a definition for 'GetType' and no accessible extension method 'GetType' accepting a first argument of type 'ContainerServiceTests' could be found (are you missing a using directive or an assembly reference?)
C:\gh\azure-sdk-for-net\sdk\containerservice\Microsoft.Azure.Management.ContainerService\tests\Tests\Tests\ContainerServiceOpsTests.cs(44,17): error CS0518: Predefined type 'System.Object' is not defined or imported
C:\gh\azure-sdk-for-net\sdk\containerservice\Microsoft.Azure.Management.ContainerService\tests\Tests\Tests\ContainerServiceOpsTests.cs(46,17): error CS0518: Predefined type 'System.String' is not defined or imported
C:\gh\azure-sdk-for-net\sdk\containerservice\Microsoft.Azure.Management.ContainerService\tests\Tests\Tests\ContainerServiceOpsTests.cs(46,35): error CS0518: Predefined type 'System.Object' is not defined or imported
C:\gh\azure-sdk-for-net\sdk\containerservice\Microsoft.Azure.Management.ContainerService\tests\Tests\Tests\ContainerServiceOpsTests.cs(46,65): error CS0518: Predefined type 'System.Object' is not defined or imported
C:\gh\azure-sdk-for-net\sdk\containerservice\Microsoft.Azure.Management.ContainerService\tests\Tests\Tests\ContainerServiceOpsTests.cs(49,21): error CS0518: Predefined type 'System.String' is not defined or imported
C:\gh\azure-sdk-for-net\sdk\containerservice\Microsoft.Azure.Management.ContainerService\tests\Tests\Tests\ContainerServiceOpsTests.cs(49,21): error CS0518: Predefined type 'System.Boolean' is not defined or imported
C:\gh\azure-sdk-for-net\sdk\containerservice\Microsoft.Azure.Management.ContainerService\tests\Tests\Tests\ContainerServiceOpsTests.cs(51,37): error CS0518: Predefined type 'System.Object' is not defined or imported
C:\gh\azure-sdk-for-net\sdk\containerservice\Microsoft.Azure.Management.ContainerService\tests\Tests\Tests\ContainerServiceOpsTests.cs(51,37): error CS0103: The name 'TestUtilities' does not exist in the current context
C:\gh\azure-sdk-for-net\sdk\containerservice\Microsoft.Azure.Management.ContainerService\tests\Tests\Tests\ContainerServiceOpsTests.cs(51,64): error CS0518: Predefined type 'System.Object' is not defined or imported
C:\gh\azure-sdk-for-net\sdk\containerservice\Microsoft.Azure.Management.ContainerService\tests\Tests\Tests\ContainerServiceOpsTests.cs(55,17): error CS0518: Predefined type 'System.String' is not defined or imported
C:\gh\azure-sdk-for-net\sdk\containerservice\Microsoft.Azure.Management.ContainerService\tests\Tests\Tests\ContainerServiceOpsTests.cs(55,38): error CS0518: Predefined type 'System.Object' is not defined or imported
C:\gh\azure-sdk-for-net\sdk\containerservice\Microsoft.Azure.Management.ContainerService\tests\Tests\Tests\ContainerServiceOpsTests.cs(55,38): error CS0103: The name 'TestUtilities' does not exist in the current context
C:\gh\azure-sdk-for-net\sdk\containerservice\Microsoft.Azure.Management.ContainerService\tests\Tests\Tests\ContainerServiceOpsTests.cs(58,17): error CS0518: Predefined type 'System.Object' is not defined or imported
C:\gh\azure-sdk-for-net\sdk\containerservice\Microsoft.Azure.Management.ContainerService\tests\Tests\Tests\ContainerServiceOpsTests.cs(58,61): error CS0518: Predefined type 'System.Object' is not defined or imported
C:\gh\azure-sdk-for-net\sdk\containerservice\Microsoft.Azure.Management.ContainerService\tests\Tests\Tests\ContainerServiceOpsTests.cs(58,91): error CS0518: Predefined type 'System.Object' is not defined or imported
C:\gh\azure-sdk-for-net\sdk\containerservice\Microsoft.Azure.Management.ContainerService\tests\Tests\Tests\ContainerServiceOpsTests.cs(66,17): error CS0518: Predefined type 'System.Object' is not defined or imported
C:\gh\azure-sdk-for-net\sdk\containerservice\Microsoft.Azure.Management.ContainerService\tests\Tests\Tests\ContainerServiceOpsTests.cs(66,17): error CS0103: The name 'Assert' does not exist in the current context
C:\gh\azure-sdk-for-net\sdk\containerservice\Microsoft.Azure.Management.ContainerService\tests\Tests\Tests\ContainerServiceOpsTests.cs(67,17): error CS0518: Predefined type 'System.Object' is not defined or imported
C:\gh\azure-sdk-for-net\sdk\containerservice\Microsoft.Azure.Management.ContainerService\tests\Tests\Tests\ContainerServiceOpsTests.cs(67,17): error CS0103: The name 'Assert' does not exist in the current context
C:\gh\azure-sdk-for-net\sdk\containerservice\Microsoft.Azure.Management.ContainerService\tests\Tests\Tests\ContainerServiceOpsTests.cs(67,64): error CS0518: Predefined type 'System.String' is not defined or imported
C:\gh\azure-sdk-for-net\sdk\containerservice\Microsoft.Azure.Management.ContainerService\tests\Tests\Tests\ContainerServiceOpsTests.cs(68,17): error CS0518: Predefined type 'System.Object' is not defined or imported
C:\gh\azure-sdk-for-net\sdk\containerservice\Microsoft.Azure.Management.ContainerService\tests\Tests\Tests\ContainerServiceOpsTests.cs(68,17): error CS0103: The name 'Assert' does not exist in the current context
C:\gh\azure-sdk-for-net\sdk\containerservice\Microsoft.Azure.Management.ContainerService\tests\Tests\Tests\ContainerServiceOpsTests.cs(68,30): error CS0518: Predefined type 'System.Object' is not defined or imported
C:\gh\azure-sdk-for-net\sdk\containerservice\Microsoft.Azure.Management.ContainerService\tests\Tests\Tests\ContainerServiceOpsTests.cs(68,92): error CS0518: Predefined type 'System.String' is not defined or imported
C:\gh\azure-sdk-for-net\sdk\containerservice\Microsoft.Azure.Management.ContainerService\tests\Tests\Tests\ContainerServiceOpsTests.cs(71,42): error CS1061: 'ResourceManagementClient' does not contain a definition for 'ResourceGroups' and no accessible extension method 'ResourceGroups' accepting a first argument of type 'ResourceManagementClient' could be found (are you missing a using directive or an assembly reference?)
C:\gh\azure-sdk-for-net\sdk\containerservice\Microsoft.Azure.Management.ContainerService\tests\Tests\Tests\ContainerServiceOpsTests.cs(40,27): error CS0161: 'ContainerServiceTests.ContainerServiceCreateManagedServiceTest()': not all code paths return a value
C:\gh\azure-sdk-for-net\sdk\containerservice\Microsoft.Azure.Management.ContainerService\tests\Tests\Helpers\ContainerServiceTestUtilities.cs(79,13): error CS0518: Predefined type 'System.Object' is not defined or imported
C:\gh\azure-sdk-for-net\sdk\containerservice\Microsoft.Azure.Management.ContainerService\tests\Tests\Helpers\ContainerServiceTestUtilities.cs(79,13): error CS0246: The type or namespace name 'TestEnvironment' could not be found (are you missing a using directive or an assembly reference?)
C:\gh\azure-sdk-for-net\sdk\containerservice\Microsoft.Azure.Management.ContainerService\tests\Tests\Helpers\ContainerServiceTestUtilities.cs(79,47): error CS0518: Predefined type 'System.Object' is not defined or imported
C:\gh\azure-sdk-for-net\sdk\containerservice\Microsoft.Azure.Management.ContainerService\tests\Tests\Helpers\ContainerServiceTestUtilities.cs(79,47): error CS0103: The name 'TestEnvironmentFactory' does not exist in the current context
C:\gh\azure-sdk-for-net\sdk\containerservice\Microsoft.Azure.Management.ContainerService\tests\Tests\Helpers\ContainerServiceTestUtilities.cs(80,13): error CS0518: Predefined type 'System.String' is not defined or imported
C:\gh\azure-sdk-for-net\sdk\containerservice\Microsoft.Azure.Management.ContainerService\tests\Tests\Helpers\ContainerServiceTestUtilities.cs(80,82): error CS0518: Predefined type 'System.Object' is not defined or imported
C:\gh\azure-sdk-for-net\sdk\containerservice\Microsoft.Azure.Management.ContainerService\tests\Tests\Helpers\ContainerServiceTestUtilities.cs(80,82): error CS0103: The name 'ConnectionStringKeys' does not exist in the current context
C:\gh\azure-sdk-for-net\sdk\containerservice\Microsoft.Azure.Management.ContainerService\tests\Tests\Helpers\ContainerServiceTestUtilities.cs(81,13): error CS0518: Predefined type 'System.String' is not defined or imported
C:\gh\azure-sdk-for-net\sdk\containerservice\Microsoft.Azure.Management.ContainerService\tests\Tests\Helpers\ContainerServiceTestUtilities.cs(81,80): error CS0518: Predefined type 'System.Object' is not defined or imported
C:\gh\azure-sdk-for-net\sdk\containerservice\Microsoft.Azure.Management.ContainerService\tests\Tests\Helpers\ContainerServiceTestUtilities.cs(81,80): error CS0103: The name 'ConnectionStringKeys' does not exist in the current context
C:\gh\azure-sdk-for-net\sdk\containerservice\Microsoft.Azure.Management.ContainerService\tests\Tests\Helpers\ContainerServiceTestUtilities.cs(83,41): error CS0518: Predefined type 'System.Object' is not defined or imported
C:\gh\azure-sdk-for-net\sdk\containerservice\Microsoft.Azure.Management.ContainerService\tests\Tests\Helpers\ContainerServiceTestUtilities.cs(83,41): error CS0246: The type or namespace name 'List<>' could not be found (are you missing a using directive or an assembly reference?)
C:\gh\azure-sdk-for-net\sdk\containerservice\Microsoft.Azure.Management.ContainerService\tests\Tests\Helpers\ContainerServiceTestUtilities.cs(83,46): error CS0518: Predefined type 'System.Object' is not defined or imported
C:\gh\azure-sdk-for-net\sdk\containerservice\Microsoft.Azure.Management.ContainerService\tests\Tests\Helpers\ContainerServiceTestUtilities.cs(85,21): error CS0518: Predefined type 'System.Object' is not defined or imported
C:\gh\azure-sdk-for-net\sdk\containerservice\Microsoft.Azure.Management.ContainerService\tests\Tests\Helpers\ContainerServiceTestUtilities.cs(85,21): error CS0518: Predefined type 'System.Void' is not defined or imported
C:\gh\azure-sdk-for-net\sdk\containerservice\Microsoft.Azure.Management.ContainerService\tests\Tests\Helpers\ContainerServiceTestUtilities.cs(87,21): error CS0518: Predefined type 'System.String' is not defined or imported
C:\gh\azure-sdk-for-net\sdk\containerservice\Microsoft.Azure.Management.ContainerService\tests\Tests\Helpers\ContainerServiceTestUtilities.cs(88,21): error CS0518: Predefined type 'System.String' is not defined or imported
C:\gh\azure-sdk-for-net\sdk\containerservice\Microsoft.Azure.Management.ContainerService\tests\Tests\Helpers\ContainerServiceTestUtilities.cs(89,21): error CS0518: Predefined type 'System.Nullable`1' is not defined or imported
C:\gh\azure-sdk-for-net\sdk\containerservice\Microsoft.Azure.Management.ContainerService\tests\Tests\Helpers\ContainerServiceTestUtilities.cs(89,29): error CS0518: Predefined type 'System.Int32' is not defined or imported
C:\gh\azure-sdk-for-net\sdk\containerservice\Microsoft.Azure.Management.ContainerService\tests\Tests\Helpers\ContainerServiceTestUtilities.cs(90,21): error CS0518: Predefined type 'System.String' is not defined or imported
C:\gh\azure-sdk-for-net\sdk\containerservice\Microsoft.Azure.Management.ContainerService\tests\Tests\Helpers\ContainerServiceTestUtilities.cs(90,28): error CS0518: Predefined type 'System.String' is not defined or imported
C:\gh\azure-sdk-for-net\sdk\containerservice\Microsoft.Azure.Management.ContainerService\tests\Tests\Helpers\ContainerServiceTestUtilities.cs(94,13): error CS0518: Predefined type 'System.Object' is not defined or imported
C:\gh\azure-sdk-for-net\sdk\containerservice\Microsoft.Azure.Management.ContainerService\tests\Tests\Helpers\ContainerServiceTestUtilities.cs(94,56): error CS0518: Predefined type 'System.Object' is not defined or imported
C:\gh\azure-sdk-for-net\sdk\containerservice\Microsoft.Azure.Management.ContainerService\tests\Tests\Helpers\ContainerServiceTestUtilities.cs(94,56): error CS0518: Predefined type 'System.Void' is not defined or imported
C:\gh\azure-sdk-for-net\sdk\containerservice\Microsoft.Azure.Management.ContainerService\tests\Tests\Helpers\ContainerServiceTestUtilities.cs(96,17): error CS0518: Predefined type 'System.String' is not defined or imported
C:\gh\azure-sdk-for-net\sdk\containerservice\Microsoft.Azure.Management.ContainerService\tests\Tests\Helpers\ContainerServiceTestUtilities.cs(97,17): error CS0518: Predefined type 'System.String' is not defined or imported
C:\gh\azure-sdk-for-net\sdk\containerservice\Microsoft.Azure.Management.ContainerService\tests\Tests\Helpers\ContainerServiceTestUtilities.cs(98,17): error CS0246: The type or namespace name 'IList<>' could not be found (are you missing a using directive or an assembly reference?)
C:\gh\azure-sdk-for-net\sdk\containerservice\Microsoft.Azure.Management.ContainerService\tests\Tests\Helpers\ContainerServiceTestUtilities.cs(99,17): error CS0518: Predefined type 'System.Void' is not defined or imported
C:\gh\azure-sdk-for-net\sdk\containerservice\Microsoft.Azure.Management.ContainerService\tests\Tests\Helpers\ContainerServiceTestUtilities.cs(99,47): error CS0518: Predefined type 'System.Object' is not defined or imported
C:\gh\azure-sdk-for-net\sdk\containerservice\Microsoft.Azure.Management.ContainerService\tests\Tests\Helpers\ContainerServiceTestUtilities.cs(99,47): error CS0518: Predefined type 'System.Void' is not defined or imported
C:\gh\azure-sdk-for-net\sdk\containerservice\Microsoft.Azure.Management.ContainerService\tests\Tests\Helpers\ContainerServiceTestUtilities.cs(101,21): error CS0518: Predefined type 'System.String' is not defined or imported
C:\gh\azure-sdk-for-net\sdk\containerservice\Microsoft.Azure.Management.ContainerService\tests\Tests\Helpers\ContainerServiceTestUtilities.cs(102,21): error CS0518: Predefined type 'System.String' is not defined or imported
C:\gh\azure-sdk-for-net\sdk\containerservice\Microsoft.Azure.Management.ContainerService\tests\Tests\Helpers\ContainerServiceTestUtilities.cs(106,33): error CS0246: The type or namespace name 'Task<>' could not be found (are you missing a using directive or an assembly reference?)
C:\gh\azure-sdk-for-net\sdk\containerservice\Microsoft.Azure.Management.ContainerService\tests\Tests\Tests\ContainerServiceOpsTests.cs(82,13): error CS0518: Predefined type 'System.IDisposable' is not defined or imported
C:\gh\azure-sdk-for-net\sdk\containerservice\Microsoft.Azure.Management.ContainerService\tests\Tests\Tests\ContainerServiceOpsTests.cs(82,20): error CS0518: Predefined type 'System.Object' is not defined or imported
C:\gh\azure-sdk-for-net\sdk\containerservice\Microsoft.Azure.Management.ContainerService\tests\Tests\Tests\ContainerServiceOpsTests.cs(82,20): error CS0246: The type or namespace name 'MockContext' could not be found (are you missing a using directive or an assembly reference?)
C:\gh\azure-sdk-for-net\sdk\containerservice\Microsoft.Azure.Management.ContainerService\tests\Tests\Tests\ContainerServiceOpsTests.cs(82,42): error CS0518: Predefined type 'System.Object' is not defined or imported
C:\gh\azure-sdk-for-net\sdk\containerservice\Microsoft.Azure.Management.ContainerService\tests\Tests\Tests\ContainerServiceOpsTests.cs(82,42): error CS0103: The name 'MockContext' does not exist in the current context
C:\gh\azure-sdk-for-net\sdk\containerservice\Microsoft.Azure.Management.ContainerService\tests\Tests\Tests\ContainerServiceOpsTests.cs(82,65): error CS0518: Predefined type 'System.Object' is not defined or imported
C:\gh\azure-sdk-for-net\sdk\containerservice\Microsoft.Azure.Management.ContainerService\tests\Tests\Tests\ContainerServiceOpsTests.cs(82,65): error CS1061: 'ContainerServiceTests' does not contain a definition for 'GetType' and no accessible extension method 'GetType' accepting a first argument of type 'ContainerServiceTests' could be found (are you missing a using directive or an assembly reference?)
C:\gh\azure-sdk-for-net\sdk\containerservice\Microsoft.Azure.Management.ContainerService\tests\Tests\Tests\ContainerServiceOpsTests.cs(84,17): error CS0518: Predefined type 'System.Object' is not defined or imported
C:\gh\azure-sdk-for-net\sdk\containerservice\Microsoft.Azure.Management.ContainerService\tests\Tests\Tests\ContainerServiceOpsTests.cs(86,17): error CS0518: Predefined type 'System.String' is not defined or imported
C:\gh\azure-sdk-for-net\sdk\containerservice\Microsoft.Azure.Management.ContainerService\tests\Tests\Tests\ContainerServiceOpsTests.cs(86,35): error CS0518: Predefined type 'System.Object' is not defined or imported
C:\gh\azure-sdk-for-net\sdk\containerservice\Microsoft.Azure.Management.ContainerService\tests\Tests\Tests\ContainerServiceOpsTests.cs(86,65): error CS0518: Predefined type 'System.Object' is not defined or imported
C:\gh\azure-sdk-for-net\sdk\containerservice\Microsoft.Azure.Management.ContainerService\tests\Tests\Tests\ContainerServiceOpsTests.cs(89,21): error CS0518: Predefined type 'System.String' is not defined or imported
C:\gh\azure-sdk-for-net\sdk\containerservice\Microsoft.Azure.Management.ContainerService\tests\Tests\Tests\ContainerServiceOpsTests.cs(89,21): error CS0518: Predefined type 'System.Boolean' is not defined or imported
C:\gh\azure-sdk-for-net\sdk\containerservice\Microsoft.Azure.Management.ContainerService\tests\Tests\Tests\ContainerServiceOpsTests.cs(91,37): error CS0518: Predefined type 'System.Object' is not defined or imported
C:\gh\azure-sdk-for-net\sdk\containerservice\Microsoft.Azure.Management.ContainerService\tests\Tests\Tests\ContainerServiceOpsTests.cs(91,37): error CS0103: The name 'TestUtilities' does not exist in the current context
C:\gh\azure-sdk-for-net\sdk\containerservice\Microsoft.Azure.Management.ContainerService\tests\Tests\Tests\ContainerServiceOpsTests.cs(91,64): error CS0518: Predefined type 'System.Object' is not defined or imported
C:\gh\azure-sdk-for-net\sdk\containerservice\Microsoft.Azure.Management.ContainerService\tests\Tests\Tests\ContainerServiceOpsTests.cs(95,17): error CS0518: Predefined type 'System.String' is not defined or imported
C:\gh\azure-sdk-for-net\sdk\containerservice\Microsoft.Azure.Management.ContainerService\tests\Tests\Tests\ContainerServiceOpsTests.cs(95,38): error CS0518: Predefined type 'System.Object' is not defined or imported
C:\gh\azure-sdk-for-net\sdk\containerservice\Microsoft.Azure.Management.ContainerService\tests\Tests\Tests\ContainerServiceOpsTests.cs(95,38): error CS0103: The name 'TestUtilities' does not exist in the current context
C:\gh\azure-sdk-for-net\sdk\containerservice\Microsoft.Azure.Management.ContainerService\tests\Tests\Tests\ContainerServiceOpsTests.cs(98,17): error CS0518: Predefined type 'System.Object' is not defined or imported
C:\gh\azure-sdk-for-net\sdk\containerservice\Microsoft.Azure.Management.ContainerService\tests\Tests\Tests\ContainerServiceOpsTests.cs(98,61): error CS0518: Predefined type 'System.Object' is not defined or imported
C:\gh\azure-sdk-for-net\sdk\containerservice\Microsoft.Azure.Management.ContainerService\tests\Tests\Tests\ContainerServiceOpsTests.cs(98,91): error CS0518: Predefined type 'System.Object' is not defined or imported
C:\gh\azure-sdk-for-net\sdk\containerservice\Microsoft.Azure.Management.ContainerService\tests\Tests\Tests\ContainerServiceOpsTests.cs(107,38): error CS0246: The type or namespace name 'IList<>' could not be found (are you missing a using directive or an assembly reference?)
C:\gh\azure-sdk-for-net\sdk\containerservice\Microsoft.Azure.Management.ContainerService\tests\Tests\Tests\ContainerServiceOpsTests.cs(107,56): error CS0518: Predefined type 'System.Int32' is not defined or imported
C:\gh\azure-sdk-for-net\sdk\containerservice\Microsoft.Azure.Management.ContainerService\tests\Tests\Tests\ContainerServiceOpsTests.cs(107,67): error CS0518: Predefined type 'System.Int32' is not defined or imported
C:\gh\azure-sdk-for-net\sdk\containerservice\Microsoft.Azure.Management.ContainerService\tests\Tests\Tests\ContainerServiceOpsTests.cs(109,44): error CS0246: The type or namespace name 'Task<>' could not be found (are you missing a using directive or an assembly reference?)
C:\gh\azure-sdk-for-net\sdk\containerservice\Microsoft.Azure.Management.ContainerService\tests\Tests\Tests\ContainerServiceOpsTests.cs(111,17): error CS0518: Predefined type 'System.Object' is not defined or imported
C:\gh\azure-sdk-for-net\sdk\containerservice\Microsoft.Azure.Management.ContainerService\tests\Tests\Tests\ContainerServiceOpsTests.cs(111,17): error CS0103: The name 'Assert' does not exist in the current context
C:\gh\azure-sdk-for-net\sdk\containerservice\Microsoft.Azure.Management.ContainerService\tests\Tests\Tests\ContainerServiceOpsTests.cs(111,30): error CS0518: Predefined type 'System.Int32' is not defined or imported
C:\gh\azure-sdk-for-net\sdk\containerservice\Microsoft.Azure.Management.ContainerService\tests\Tests\Tests\ContainerServiceOpsTests.cs(111,66): error CS0518: Predefined type 'System.Int32' is not defined or imported
C:\gh\azure-sdk-for-net\sdk\containerservice\Microsoft.Azure.Management.ContainerService\tests\Tests\Tests\ContainerServiceOpsTests.cs(112,17): error CS0518: Predefined type 'System.Object' is not defined or imported
C:\gh\azure-sdk-for-net\sdk\containerservice\Microsoft.Azure.Management.ContainerService\tests\Tests\Tests\ContainerServiceOpsTests.cs(112,17): error CS0103: The name 'Assert' does not exist in the current context
C:\gh\azure-sdk-for-net\sdk\containerservice\Microsoft.Azure.Management.ContainerService\tests\Tests\Tests\ContainerServiceOpsTests.cs(112,64): error CS0518: Predefined type 'System.String' is not defined or imported
C:\gh\azure-sdk-for-net\sdk\containerservice\Microsoft.Azure.Management.ContainerService\tests\Tests\Tests\ContainerServiceOpsTests.cs(115,42): error CS1061: 'ResourceManagementClient' does not contain a definition for 'ResourceGroups' and no accessible extension method 'ResourceGroups' accepting a first argument of type 'ResourceManagementClient' could be found (are you missing a using directive or an assembly reference?)
C:\gh\azure-sdk-for-net\sdk\containerservice\Microsoft.Azure.Management.ContainerService\tests\Tests\Tests\ContainerServiceOpsTests.cs(80,27): error CS0161: 'ContainerServiceTests.ContainerServiceUpdateServiceTest()': not all code paths return a value
C:\gh\azure-sdk-for-net\sdk\containerservice\Microsoft.Azure.Management.ContainerService\tests\Tests\Tests\ContainerServiceOpsTests.cs(126,13): error CS0518: Predefined type 'System.IDisposable' is not defined or imported
C:\gh\azure-sdk-for-net\sdk\containerservice\Microsoft.Azure.Management.ContainerService\tests\Tests\Tests\ContainerServiceOpsTests.cs(126,20): error CS0518: Predefined type 'System.Object' is not defined or imported
C:\gh\azure-sdk-for-net\sdk\containerservice\Microsoft.Azure.Management.ContainerService\tests\Tests\Tests\ContainerServiceOpsTests.cs(126,20): error CS0246: The type or namespace name 'MockContext' could not be found (are you missing a using directive or an assembly reference?)
C:\gh\azure-sdk-for-net\sdk\containerservice\Microsoft.Azure.Management.ContainerService\tests\Tests\Tests\ContainerServiceOpsTests.cs(126,42): error CS0518: Predefined type 'System.Object' is not defined or imported
C:\gh\azure-sdk-for-net\sdk\containerservice\Microsoft.Azure.Management.ContainerService\tests\Tests\Tests\ContainerServiceOpsTests.cs(126,42): error CS0103: The name 'MockContext' does not exist in the current context
C:\gh\azure-sdk-for-net\sdk\containerservice\Microsoft.Azure.Management.ContainerService\tests\Tests\Tests\ContainerServiceOpsTests.cs(126,65): error CS0518: Predefined type 'System.Object' is not defined or imported
C:\gh\azure-sdk-for-net\sdk\containerservice\Microsoft.Azure.Management.ContainerService\tests\Tests\Tests\ContainerServiceOpsTests.cs(126,65): error CS1061: 'ContainerServiceTests' does not contain a definition for 'GetType' and no accessible extension method 'GetType' accepting a first argument of type 'ContainerServiceTests' could be found (are you missing a using directive or an assembly reference?)
C:\gh\azure-sdk-for-net\sdk\containerservice\Microsoft.Azure.Management.ContainerService\tests\Tests\Tests\ContainerServiceOpsTests.cs(128,17): error CS0518: Predefined type 'System.Object' is not defined or imported
C:\gh\azure-sdk-for-net\sdk\containerservice\Microsoft.Azure.Management.ContainerService\tests\Tests\Tests\ContainerServiceOpsTests.cs(130,17): error CS0518: Predefined type 'System.String' is not defined or imported
C:\gh\azure-sdk-for-net\sdk\containerservice\Microsoft.Azure.Management.ContainerService\tests\Tests\Tests\ContainerServiceOpsTests.cs(130,35): error CS0518: Predefined type 'System.Object' is not defined or imported
C:\gh\azure-sdk-for-net\sdk\containerservice\Microsoft.Azure.Management.ContainerService\tests\Tests\Tests\ContainerServiceOpsTests.cs(130,65): error CS0518: Predefined type 'System.Object' is not defined or imported
C:\gh\azure-sdk-for-net\sdk\containerservice\Microsoft.Azure.Management.ContainerService\tests\Tests\Tests\ContainerServiceOpsTests.cs(133,21): error CS0518: Predefined type 'System.String' is not defined or imported
C:\gh\azure-sdk-for-net\sdk\containerservice\Microsoft.Azure.Management.ContainerService\tests\Tests\Tests\ContainerServiceOpsTests.cs(133,21): error CS0518: Predefined type 'System.Boolean' is not defined or imported
C:\gh\azure-sdk-for-net\sdk\containerservice\Microsoft.Azure.Management.ContainerService\tests\Tests\Tests\ContainerServiceOpsTests.cs(135,37): error CS0518: Predefined type 'System.Object' is not defined or imported
C:\gh\azure-sdk-for-net\sdk\containerservice\Microsoft.Azure.Management.ContainerService\tests\Tests\Tests\ContainerServiceOpsTests.cs(135,37): error CS0103: The name 'TestUtilities' does not exist in the current context
C:\gh\azure-sdk-for-net\sdk\containerservice\Microsoft.Azure.Management.ContainerService\tests\Tests\Tests\ContainerServiceOpsTests.cs(135,64): error CS0518: Predefined type 'System.Object' is not defined or imported
C:\gh\azure-sdk-for-net\sdk\containerservice\Microsoft.Azure.Management.ContainerService\tests\Tests\Tests\ContainerServiceOpsTests.cs(139,17): error CS0518: Predefined type 'System.String' is not defined or imported
C:\gh\azure-sdk-for-net\sdk\containerservice\Microsoft.Azure.Management.ContainerService\tests\Tests\Tests\ContainerServiceOpsTests.cs(139,38): error CS0518: Predefined type 'System.Object' is not defined or imported
C:\gh\azure-sdk-for-net\sdk\containerservice\Microsoft.Azure.Management.ContainerService\tests\Tests\Tests\ContainerServiceOpsTests.cs(139,38): error CS0103: The name 'TestUtilities' does not exist in the current context
C:\gh\azure-sdk-for-net\sdk\containerservice\Microsoft.Azure.Management.ContainerService\tests\Tests\Tests\ContainerServiceOpsTests.cs(142,17): error CS0518: Predefined type 'System.Object' is not defined or imported
C:\gh\azure-sdk-for-net\sdk\containerservice\Microsoft.Azure.Management.ContainerService\tests\Tests\Tests\ContainerServiceOpsTests.cs(142,61): error CS0518: Predefined type 'System.Object' is not defined or imported
C:\gh\azure-sdk-for-net\sdk\containerservice\Microsoft.Azure.Management.ContainerService\tests\Tests\Tests\ContainerServiceOpsTests.cs(142,91): error CS0518: Predefined type 'System.Object' is not defined or imported
C:\gh\azure-sdk-for-net\sdk\containerservice\Microsoft.Azure.Management.ContainerService\tests\Tests\Tests\ContainerServiceOpsTests.cs(151,17): error CS0518: Predefined type 'System.Object' is not defined or imported
C:\gh\azure-sdk-for-net\sdk\containerservice\Microsoft.Azure.Management.ContainerService\tests\Tests\Tests\ContainerServiceOpsTests.cs(151,17): error CS0103: The name 'TestUtilities' does not exist in the current context
C:\gh\azure-sdk-for-net\sdk\containerservice\Microsoft.Azure.Management.ContainerService\tests\Tests\Tests\ContainerServiceOpsTests.cs(151,36): error CS0518: Predefined type 'System.Int32' is not defined or imported
C:\gh\azure-sdk-for-net\sdk\containerservice\Microsoft.Azure.Management.ContainerService\tests\Tests\Tests\ContainerServiceOpsTests.cs(154,17): error CS0246: The type or namespace name 'Task' could not be found (are you missing a using directive or an assembly reference?)
C:\gh\azure-sdk-for-net\sdk\containerservice\Microsoft.Azure.Management.ContainerService\tests\Tests\Tests\ContainerServiceOpsTests.cs(157,44): error CS0246: The type or namespace name 'Task<>' could not be found (are you missing a using directive or an assembly reference?)
C:\gh\azure-sdk-for-net\sdk\containerservice\Microsoft.Azure.Management.ContainerService\tests\Tests\Tests\ContainerServiceOpsTests.cs(159,17): error CS0518: Predefined type 'System.Object' is not defined or imported
C:\gh\azure-sdk-for-net\sdk\containerservice\Microsoft.Azure.Management.ContainerService\tests\Tests\Tests\ContainerServiceOpsTests.cs(159,17): error CS0103: The name 'Assert' does not exist in the current context
C:\gh\azure-sdk-for-net\sdk\containerservice\Microsoft.Azure.Management.ContainerService\tests\Tests\Tests\ContainerServiceOpsTests.cs(162,42): error CS1061: 'ResourceManagementClient' does not contain a definition for 'ResourceGroups' and no accessible extension method 'ResourceGroups' accepting a first argument of type 'ResourceManagementClient' could be found (are you missing a using directive or an assembly reference?)
C:\gh\azure-sdk-for-net\sdk\containerservice\Microsoft.Azure.Management.ContainerService\tests\Tests\Tests\ContainerServiceOpsTests.cs(124,27): error CS0161: 'ContainerServiceTests.ContainerServiceDeleteServiceTest()': not all code paths return a value
C:\gh\azure-sdk-for-net\sdk\containerservice\Microsoft.Azure.Management.ContainerService\tests\Tests\Tests\ContainerServiceOpsTests.cs(173,13): error CS0518: Predefined type 'System.IDisposable' is not defined or imported
C:\gh\azure-sdk-for-net\sdk\containerservice\Microsoft.Azure.Management.ContainerService\tests\Tests\Tests\ContainerServiceOpsTests.cs(173,20): error CS0518: Predefined type 'System.Object' is not defined or imported
C:\gh\azure-sdk-for-net\sdk\containerservice\Microsoft.Azure.Management.ContainerService\tests\Tests\Tests\ContainerServiceOpsTests.cs(173,20): error CS0246: The type or namespace name 'MockContext' could not be found (are you missing a using directive or an assembly reference?)
C:\gh\azure-sdk-for-net\sdk\containerservice\Microsoft.Azure.Management.ContainerService\tests\Tests\Tests\ContainerServiceOpsTests.cs(173,42): error CS0518: Predefined type 'System.Object' is not defined or imported
C:\gh\azure-sdk-for-net\sdk\containerservice\Microsoft.Azure.Management.ContainerService\tests\Tests\Tests\ContainerServiceOpsTests.cs(173,42): error CS0103: The name 'MockContext' does not exist in the current context
C:\gh\azure-sdk-for-net\sdk\containerservice\Microsoft.Azure.Management.ContainerService\tests\Tests\Tests\ContainerServiceOpsTests.cs(173,65): error CS0518: Predefined type 'System.Object' is not defined or imported
C:\gh\azure-sdk-for-net\sdk\containerservice\Microsoft.Azure.Management.ContainerService\tests\Tests\Tests\ContainerServiceOpsTests.cs(173,65): error CS1061: 'ContainerServiceTests' does not contain a definition for 'GetType' and no accessible extension method 'GetType' accepting a first argument of type 'ContainerServiceTests' could be found (are you missing a using directive or an assembly reference?)
C:\gh\azure-sdk-for-net\sdk\containerservice\Microsoft.Azure.Management.ContainerService\tests\Tests\Tests\ContainerServiceOpsTests.cs(175,17): error CS0518: Predefined type 'System.Object' is not defined or imported
C:\gh\azure-sdk-for-net\sdk\containerservice\Microsoft.Azure.Management.ContainerService\tests\Tests\Tests\ContainerServiceOpsTests.cs(177,17): error CS0518: Predefined type 'System.String' is not defined or imported
C:\gh\azure-sdk-for-net\sdk\containerservice\Microsoft.Azure.Management.ContainerService\tests\Tests\Tests\ContainerServiceOpsTests.cs(177,35): error CS0518: Predefined type 'System.Object' is not defined or imported
C:\gh\azure-sdk-for-net\sdk\containerservice\Microsoft.Azure.Management.ContainerService\tests\Tests\Tests\ContainerServiceOpsTests.cs(177,65): error CS0518: Predefined type 'System.Object' is not defined or imported
C:\gh\azure-sdk-for-net\sdk\containerservice\Microsoft.Azure.Management.ContainerService\tests\Tests\Tests\ContainerServiceOpsTests.cs(180,21): error CS0518: Predefined type 'System.String' is not defined or imported
C:\gh\azure-sdk-for-net\sdk\containerservice\Microsoft.Azure.Management.ContainerService\tests\Tests\Tests\ContainerServiceOpsTests.cs(180,21): error CS0518: Predefined type 'System.Boolean' is not defined or imported
C:\gh\azure-sdk-for-net\sdk\containerservice\Microsoft.Azure.Management.ContainerService\tests\Tests\Tests\ContainerServiceOpsTests.cs(182,37): error CS0518: Predefined type 'System.Object' is not defined or imported
C:\gh\azure-sdk-for-net\sdk\containerservice\Microsoft.Azure.Management.ContainerService\tests\Tests\Tests\ContainerServiceOpsTests.cs(182,37): error CS0103: The name 'TestUtilities' does not exist in the current context
C:\gh\azure-sdk-for-net\sdk\containerservice\Microsoft.Azure.Management.ContainerService\tests\Tests\Tests\ContainerServiceOpsTests.cs(182,64): error CS0518: Predefined type 'System.Object' is not defined or imported
C:\gh\azure-sdk-for-net\sdk\containerservice\Microsoft.Azure.Management.ContainerService\tests\Tests\Tests\ContainerServiceOpsTests.cs(186,17): error CS0518: Predefined type 'System.String' is not defined or imported
C:\gh\azure-sdk-for-net\sdk\containerservice\Microsoft.Azure.Management.ContainerService\tests\Tests\Tests\ContainerServiceOpsTests.cs(186,38): error CS0518: Predefined type 'System.Object' is not defined or imported
C:\gh\azure-sdk-for-net\sdk\containerservice\Microsoft.Azure.Management.ContainerService\tests\Tests\Tests\ContainerServiceOpsTests.cs(186,38): error CS0103: The name 'TestUtilities' does not exist in the current context
C:\gh\azure-sdk-for-net\sdk\containerservice\Microsoft.Azure.Management.ContainerService\tests\Tests\Tests\ContainerServiceOpsTests.cs(189,17): error CS0518: Predefined type 'System.Object' is not defined or imported
C:\gh\azure-sdk-for-net\sdk\containerservice\Microsoft.Azure.Management.ContainerService\tests\Tests\Tests\ContainerServiceOpsTests.cs(189,55): error CS0518: Predefined type 'System.Object' is not defined or imported
C:\gh\azure-sdk-for-net\sdk\containerservice\Microsoft.Azure.Management.ContainerService\tests\Tests\Tests\ContainerServiceOpsTests.cs(189,85): error CS0518: Predefined type 'System.Object' is not defined or imported
C:\gh\azure-sdk-for-net\sdk\containerservice\Microsoft.Azure.Management.ContainerService\tests\Tests\Tests\ContainerServiceOpsTests.cs(198,17): error CS0518: Predefined type 'System.Object' is not defined or imported
C:\gh\azure-sdk-for-net\sdk\containerservice\Microsoft.Azure.Management.ContainerService\tests\Tests\Tests\ContainerServiceOpsTests.cs(198,17): error CS0103: The name 'TestUtilities' does not exist in the current context
C:\gh\azure-sdk-for-net\sdk\containerservice\Microsoft.Azure.Management.ContainerService\tests\Tests\Tests\ContainerServiceOpsTests.cs(198,36): error CS0518: Predefined type 'System.Int32' is not defined or imported
C:\gh\azure-sdk-for-net\sdk\containerservice\Microsoft.Azure.Management.ContainerService\tests\Tests\Tests\ContainerServiceOpsTests.cs(200,17): error CS0518: Predefined type 'System.Object' is not defined or imported
C:\gh\azure-sdk-for-net\sdk\containerservice\Microsoft.Azure.Management.ContainerService\tests\Tests\Tests\ContainerServiceOpsTests.cs(200,60): error CS0246: The type or namespace name 'Task<>' could not be found (are you missing a using directive or an assembly reference?)
C:\gh\azure-sdk-for-net\sdk\containerservice\Microsoft.Azure.Management.ContainerService\tests\Tests\Tests\ContainerServiceOpsTests.cs(202,17): error CS0518: Predefined type 'System.Object' is not defined or imported
C:\gh\azure-sdk-for-net\sdk\containerservice\Microsoft.Azure.Management.ContainerService\tests\Tests\Tests\ContainerServiceOpsTests.cs(202,17): error CS0103: The name 'Assert' does not exist in the current context
C:\gh\azure-sdk-for-net\sdk\containerservice\Microsoft.Azure.Management.ContainerService\tests\Tests\Tests\ContainerServiceOpsTests.cs(202,46): error CS0246: The type or namespace name 'IList<>' could not be found (are you missing a using directive or an assembly reference?)
C:\gh\azure-sdk-for-net\sdk\containerservice\Microsoft.Azure.Management.ContainerService\tests\Tests\Tests\ContainerServiceOpsTests.cs(202,66): error CS0518: Predefined type 'System.Int32' is not defined or imported
C:\gh\azure-sdk-for-net\sdk\containerservice\Microsoft.Azure.Management.ContainerService\tests\Tests\Tests\ContainerServiceOpsTests.cs(202,29): error CS0518: Predefined type 'System.Boolean' is not defined or imported
C:\gh\azure-sdk-for-net\sdk\containerservice\Microsoft.Azure.Management.ContainerService\tests\Tests\Tests\ContainerServiceOpsTests.cs(203,17): error CS0518: Predefined type 'System.Object' is not defined or imported
C:\gh\azure-sdk-for-net\sdk\containerservice\Microsoft.Azure.Management.ContainerService\tests\Tests\Tests\ContainerServiceOpsTests.cs(203,17): error CS0103: The name 'Assert' does not exist in the current context
C:\gh\azure-sdk-for-net\sdk\containerservice\Microsoft.Azure.Management.ContainerService\tests\Tests\Tests\ContainerServiceOpsTests.cs(203,30): error CS0518: Predefined type 'System.String' is not defined or imported
C:\gh\azure-sdk-for-net\sdk\containerservice\Microsoft.Azure.Management.ContainerService\tests\Tests\Tests\ContainerServiceOpsTests.cs(203,73): error CS0246: The type or namespace name 'IList<>' could not be found (are you missing a using directive or an assembly reference?)
C:\gh\azure-sdk-for-net\sdk\containerservice\Microsoft.Azure.Management.ContainerService\tests\Tests\Tests\ContainerServiceOpsTests.cs(203,85): error CS0518: Predefined type 'System.Int32' is not defined or imported
C:\gh\azure-sdk-for-net\sdk\containerservice\Microsoft.Azure.Management.ContainerService\tests\Tests\Tests\ContainerServiceOpsTests.cs(206,42): error CS1061: 'ResourceManagementClient' does not contain a definition for 'ResourceGroups' and no accessible extension method 'ResourceGroups' accepting a first argument of type 'ResourceManagementClient' could be found (are you missing a using directive or an assembly reference?)
C:\gh\azure-sdk-for-net\sdk\containerservice\Microsoft.Azure.Management.ContainerService\tests\Tests\Tests\ContainerServiceOpsTests.cs(171,27): error CS0161: 'ContainerServiceTests.ContainerListClusterAdminCredentialsTest()': not all code paths return a value
C:\gh\azure-sdk-for-net\sdk\containerservice\Microsoft.Azure.Management.ContainerService\tests\Tests\Tests\ContainerServiceOpsTests.cs(217,13): error CS0518: Predefined type 'System.IDisposable' is not defined or imported
C:\gh\azure-sdk-for-net\sdk\containerservice\Microsoft.Azure.Management.ContainerService\tests\Tests\Tests\ContainerServiceOpsTests.cs(217,20): error CS0518: Predefined type 'System.Object' is not defined or imported
C:\gh\azure-sdk-for-net\sdk\containerservice\Microsoft.Azure.Management.ContainerService\tests\Tests\Tests\ContainerServiceOpsTests.cs(217,20): error CS0246: The type or namespace name 'MockContext' could not be found (are you missing a using directive or an assembly reference?)
C:\gh\azure-sdk-for-net\sdk\containerservice\Microsoft.Azure.Management.ContainerService\tests\Tests\Tests\ContainerServiceOpsTests.cs(217,42): error CS0518: Predefined type 'System.Object' is not defined or imported
C:\gh\azure-sdk-for-net\sdk\containerservice\Microsoft.Azure.Management.ContainerService\tests\Tests\Tests\ContainerServiceOpsTests.cs(217,42): error CS0103: The name 'MockContext' does not exist in the current context
C:\gh\azure-sdk-for-net\sdk\containerservice\Microsoft.Azure.Management.ContainerService\tests\Tests\Tests\ContainerServiceOpsTests.cs(217,65): error CS0518: Predefined type 'System.Object' is not defined or imported
C:\gh\azure-sdk-for-net\sdk\containerservice\Microsoft.Azure.Management.ContainerService\tests\Tests\Tests\ContainerServiceOpsTests.cs(217,65): error CS1061: 'ContainerServiceTests' does not contain a definition for 'GetType' and no accessible extension method 'GetType' accepting a first argument of type 'ContainerServiceTests' could be found (are you missing a using directive or an assembly reference?)
C:\gh\azure-sdk-for-net\sdk\containerservice\Microsoft.Azure.Management.ContainerService\tests\Tests\Tests\ContainerServiceOpsTests.cs(219,17): error CS0518: Predefined type 'System.Object' is not defined or imported
C:\gh\azure-sdk-for-net\sdk\containerservice\Microsoft.Azure.Management.ContainerService\tests\Tests\Tests\ContainerServiceOpsTests.cs(221,17): error CS0518: Predefined type 'System.String' is not defined or imported
C:\gh\azure-sdk-for-net\sdk\containerservice\Microsoft.Azure.Management.ContainerService\tests\Tests\Tests\ContainerServiceOpsTests.cs(221,35): error CS0518: Predefined type 'System.Object' is not defined or imported
C:\gh\azure-sdk-for-net\sdk\containerservice\Microsoft.Azure.Management.ContainerService\tests\Tests\Tests\ContainerServiceOpsTests.cs(221,65): error CS0518: Predefined type 'System.Object' is not defined or imported
C:\gh\azure-sdk-for-net\sdk\containerservice\Microsoft.Azure.Management.ContainerService\tests\Tests\Tests\ContainerServiceOpsTests.cs(224,21): error CS0518: Predefined type 'System.String' is not defined or imported
C:\gh\azure-sdk-for-net\sdk\containerservice\Microsoft.Azure.Management.ContainerService\tests\Tests\Tests\ContainerServiceOpsTests.cs(224,21): error CS0518: Predefined type 'System.Boolean' is not defined or imported
C:\gh\azure-sdk-for-net\sdk\containerservice\Microsoft.Azure.Management.ContainerService\tests\Tests\Tests\ContainerServiceOpsTests.cs(226,37): error CS0518: Predefined type 'System.Object' is not defined or imported
C:\gh\azure-sdk-for-net\sdk\containerservice\Microsoft.Azure.Management.ContainerService\tests\Tests\Tests\ContainerServiceOpsTests.cs(226,37): error CS0103: The name 'TestUtilities' does not exist in the current context
C:\gh\azure-sdk-for-net\sdk\containerservice\Microsoft.Azure.Management.ContainerService\tests\Tests\Tests\ContainerServiceOpsTests.cs(226,64): error CS0518: Predefined type 'System.Object' is not defined or imported
C:\gh\azure-sdk-for-net\sdk\containerservice\Microsoft.Azure.Management.ContainerService\tests\Tests\Tests\ContainerServiceOpsTests.cs(230,17): error CS0518: Predefined type 'System.String' is not defined or imported
C:\gh\azure-sdk-for-net\sdk\containerservice\Microsoft.Azure.Management.ContainerService\tests\Tests\Tests\ContainerServiceOpsTests.cs(230,38): error CS0518: Predefined type 'System.Object' is not defined or imported
C:\gh\azure-sdk-for-net\sdk\containerservice\Microsoft.Azure.Management.ContainerService\tests\Tests\Tests\ContainerServiceOpsTests.cs(230,38): error CS0103: The name 'TestUtilities' does not exist in the current context
C:\gh\azure-sdk-for-net\sdk\containerservice\Microsoft.Azure.Management.ContainerService\tests\Tests\Tests\ContainerServiceOpsTests.cs(233,17): error CS0518: Predefined type 'System.Object' is not defined or imported
C:\gh\azure-sdk-for-net\sdk\containerservice\Microsoft.Azure.Management.ContainerService\tests\Tests\Tests\ContainerServiceOpsTests.cs(233,61): error CS0518: Predefined type 'System.Object' is not defined or imported
C:\gh\azure-sdk-for-net\sdk\containerservice\Microsoft.Azure.Management.ContainerService\tests\Tests\Tests\ContainerServiceOpsTests.cs(233,91): error CS0518: Predefined type 'System.Object' is not defined or imported
C:\gh\azure-sdk-for-net\sdk\containerservice\Microsoft.Azure.Management.ContainerService\tests\Tests\Tests\ContainerServiceOpsTests.cs(242,46): error CS0246: The type or namespace name 'Task<>' could not be found (are you missing a using directive or an assembly reference?)
C:\gh\azure-sdk-for-net\sdk\containerservice\Microsoft.Azure.Management.ContainerService\tests\Tests\Tests\ContainerServiceOpsTests.cs(244,17): error CS0518: Predefined type 'System.Object' is not defined or imported
C:\gh\azure-sdk-for-net\sdk\containerservice\Microsoft.Azure.Management.ContainerService\tests\Tests\Tests\ContainerServiceOpsTests.cs(244,17): error CS0103: The name 'Assert' does not exist in the current context
C:\gh\azure-sdk-for-net\sdk\containerservice\Microsoft.Azure.Management.ContainerService\tests\Tests\Tests\ContainerServiceOpsTests.cs(244,66): error CS0518: Predefined type 'System.Int32' is not defined or imported
C:\gh\azure-sdk-for-net\sdk\containerservice\Microsoft.Azure.Management.ContainerService\tests\Tests\Tests\ContainerServiceOpsTests.cs(244,29): error CS0518: Predefined type 'System.Boolean' is not defined or imported
C:\gh\azure-sdk-for-net\sdk\containerservice\Microsoft.Azure.Management.ContainerService\tests\Tests\Tests\ContainerServiceOpsTests.cs(247,45): error CS0246: The type or namespace name 'Task<>' could not be found (are you missing a using directive or an assembly reference?)
C:\gh\azure-sdk-for-net\sdk\containerservice\Microsoft.Azure.Management.ContainerService\tests\Tests\Tests\ContainerServiceOpsTests.cs(249,17): error CS0518: Predefined type 'System.Object' is not defined or imported
C:\gh\azure-sdk-for-net\sdk\containerservice\Microsoft.Azure.Management.ContainerService\tests\Tests\Tests\ContainerServiceOpsTests.cs(249,17): error CS0103: The name 'Assert' does not exist in the current context
C:\gh\azure-sdk-for-net\sdk\containerservice\Microsoft.Azure.Management.ContainerService\tests\Tests\Tests\ContainerServiceOpsTests.cs(249,65): error CS0518: Predefined type 'System.Int32' is not defined or imported
C:\gh\azure-sdk-for-net\sdk\containerservice\Microsoft.Azure.Management.ContainerService\tests\Tests\Tests\ContainerServiceOpsTests.cs(249,29): error CS0518: Predefined type 'System.Boolean' is not defined or imported
C:\gh\azure-sdk-for-net\sdk\containerservice\Microsoft.Azure.Management.ContainerService\tests\Tests\Tests\ContainerServiceOpsTests.cs(252,42): error CS1061: 'ResourceManagementClient' does not contain a definition for 'ResourceGroups' and no accessible extension method 'ResourceGroups' accepting a first argument of type 'ResourceManagementClient' could be found (are you missing a using directive or an assembly reference?)
C:\gh\azure-sdk-for-net\sdk\containerservice\Microsoft.Azure.Management.ContainerService\tests\Tests\Tests\ContainerServiceOpsTests.cs(215,27): error CS0161: 'ContainerServiceTests.ContainerServiceGetCredentialsTest()': not all code paths return a value
C:\gh\azure-sdk-for-net\sdk\containerservice\Microsoft.Azure.Management.ContainerService\tests\Tests\Tests\ContainerServiceTest.cs(21,17): error CS0518: Predefined type 'System.Boolean' is not defined or imported
C:\gh\azure-sdk-for-net\sdk\containerservice\Microsoft.Azure.Management.ContainerService\tests\Tests\Tests\ContainerServiceTest.cs(25,25): error CS0518: Predefined type 'System.Boolean' is not defined or imported
C:\gh\azure-sdk-for-net\sdk\containerservice\Microsoft.Azure.Management.ContainerService\tests\Tests\Tests\ContainerServiceTest.cs(27,52): error CS0518: Predefined type 'System.Object' is not defined or imported
C:\gh\azure-sdk-for-net\sdk\containerservice\Microsoft.Azure.Management.ContainerService\tests\Tests\Tests\ContainerServiceTest.cs(27,82): error CS0518: Predefined type 'System.Object' is not defined or imported
C:\gh\azure-sdk-for-net\sdk\containerservice\Microsoft.Azure.Management.ContainerService\tests\Tests\Tests\ContainerServiceTest.cs(27,123): error CS0518: Predefined type 'System.Object' is not defined or imported
C:\gh\azure-sdk-for-net\sdk\containerservice\Microsoft.Azure.Management.ContainerService\tests\Tests\Tests\ContainerServiceTest.cs(27,172): error CS0518: Predefined type 'System.Object' is not defined or imported
C:\gh\azure-sdk-for-net\sdk\containerservice\Microsoft.Azure.Management.ContainerService\tests\Tests\Tests\ContainerServiceTest.cs(27,172): error CS0103: The name 'HttpStatusCode' does not exist in the current context
C:\gh\azure-sdk-for-net\sdk\containerservice\Microsoft.Azure.Management.ContainerService\tests\Tests\Tests\ContainerServiceTest.cs(28,50): error CS0518: Predefined type 'System.Object' is not defined or imported
C:\gh\azure-sdk-for-net\sdk\containerservice\Microsoft.Azure.Management.ContainerService\tests\Tests\Tests\ContainerServiceTest.cs(28,80): error CS0518: Predefined type 'System.Object' is not defined or imported
C:\gh\azure-sdk-for-net\sdk\containerservice\Microsoft.Azure.Management.ContainerService\tests\Tests\Tests\ContainerServiceTest.cs(28,129): error CS0518: Predefined type 'System.Object' is not defined or imported
C:\gh\azure-sdk-for-net\sdk\containerservice\Microsoft.Azure.Management.ContainerService\tests\Tests\Tests\ContainerServiceTest.cs(28,178): error CS0518: Predefined type 'System.Object' is not defined or imported
C:\gh\azure-sdk-for-net\sdk\containerservice\Microsoft.Azure.Management.ContainerService\tests\Tests\Tests\ContainerServiceTest.cs(28,178): error CS0103: The name 'HttpStatusCode' does not exist in the current context
C:\gh\azure-sdk-for-net\sdk\containerservice\Microsoft.Azure.Management.ContainerService\tests\Tests\Tests\ContainerServiceOpsTests.cs(4,1): hidden CS8019: Unnecessary using directive.
C:\gh\azure-sdk-for-net\sdk\containerservice\Microsoft.Azure.Management.ContainerService\tests\Tests\Helpers\ContainerServiceTestUtilities.cs(11,1): hidden CS8019: Unnecessary using directive.
C:\gh\azure-sdk-for-net\sdk\containerservice\Microsoft.Azure.Management.ContainerService\tests\Tests\Helpers\ContainerServiceTestUtilities.cs(9,1): hidden CS8019: Unnecessary using directive.
C:\gh\azure-sdk-for-net\artifacts\obj\Microsoft.Azure.Management.ContainerService.Tests\Debug\netcoreapp2.0\Microsoft.Azure.Management.ContainerService.Tests.AssemblyInfo.cs(12,1): hidden CS8019: Unnecessary using directive.
C:\gh\azure-sdk-for-net\sdk\containerservice\Microsoft.Azure.Management.ContainerService\tests\Tests\Tests\ContainerServiceOpsTests.cs(7,1): hidden CS8019: Unnecessary using directive.
C:\gh\azure-sdk-for-net\sdk\containerservice\Microsoft.Azure.Management.ContainerService\tests\Tests\Helpers\RecordedDelegatingHandler.cs(5,1): hidden CS8019: Unnecessary using directive.
C:\gh\azure-sdk-for-net\eng\mgmt\DisableTestRunParallel.cs(5,1): hidden CS8019: Unnecessary using directive.
C:\gh\azure-sdk-for-net\sdk\containerservice\Microsoft.Azure.Management.ContainerService\tests\Tests\Helpers\RecordedDelegatingHandler.cs(8,1): hidden CS8019: Unnecessary using directive.
C:\gh\azure-sdk-for-net\eng\mgmt\DisableTestRunParallel.cs(4,1): hidden CS8019: Unnecessary using directive.
C:\gh\azure-sdk-for-net\sdk\containerservice\Microsoft.Azure.Management.ContainerService\tests\Tests\Helpers\ContainerServiceTestUtilities.cs(12,1): hidden CS8019: Unnecessary using directive.
C:\gh\azure-sdk-for-net\sdk\containerservice\Microsoft.Azure.Management.ContainerService\tests\Tests\Helpers\ContainerServiceTestUtilities.cs(10,1): hidden CS8019: Unnecessary using directive.
C:\gh\azure-sdk-for-net\sdk\containerservice\Microsoft.Azure.Management.ContainerService\tests\Tests\Tests\ContainerServiceTest.cs(1,1): hidden CS8019: Unnecessary using directive.
C:\gh\azure-sdk-for-net\sdk\containerservice\Microsoft.Azure.Management.ContainerService\tests\Tests\Helpers\ContainerServiceTestUtilities.cs(4,1): hidden CS8019: Unnecessary using directive.
C:\gh\azure-sdk-for-net\sdk\containerservice\Microsoft.Azure.Management.ContainerService\tests\Tests\Helpers\ContainerServiceTestUtilities.cs(6,1): hidden CS8019: Unnecessary using directive.
C:\gh\azure-sdk-for-net\sdk\containerservice\Microsoft.Azure.Management.ContainerService\tests\Tests\Tests\ContainerServiceTest.cs(5,1): hidden CS8019: Unnecessary using directive.
C:\gh\azure-sdk-for-net\sdk\containerservice\Microsoft.Azure.Management.ContainerService\tests\Tests\Helpers\ContainerServiceTestUtilities.cs(8,1): hidden CS8019: Unnecessary using directive.
C:\gh\azure-sdk-for-net\artifacts\obj\Microsoft.Azure.Management.ContainerService.Tests\Debug\netcoreapp2.0\.NETCoreApp,Version=v2.0.AssemblyAttributes.cs(2,1): hidden CS8019: Unnecessary using directive.
C:\gh\azure-sdk-for-net\artifacts\obj\Microsoft.Azure.Management.ContainerService.Tests\Debug\netcoreapp2.0\.NETCoreApp,Version=v2.0.AssemblyAttributes.cs(3,1): hidden CS8019: Unnecessary using directive.
C:\gh\azure-sdk-for-net\sdk\containerservice\Microsoft.Azure.Management.ContainerService\tests\Tests\Tests\ContainerServiceOpsTests.cs(8,1): hidden CS8019: Unnecessary using directive.
C:\gh\azure-sdk-for-net\sdk\containerservice\Microsoft.Azure.Management.ContainerService\tests\Tests\Helpers\ContainerServiceTestUtilities.cs(5,1): hidden CS8019: Unnecessary using directive.
C:\gh\azure-sdk-for-net\artifacts\obj\Microsoft.Azure.Management.ContainerService.Tests\Debug\netcoreapp2.0\Microsoft.Azure.Management.ContainerService.Tests.AssemblyInfo.cs(11,1): hidden CS8019: Unnecessary using directive.
C:\gh\azure-sdk-for-net\sdk\containerservice\Microsoft.Azure.Management.ContainerService\tests\Tests\Helpers\RecordedDelegatingHandler.cs(6,1): hidden CS8019: Unnecessary using directive.
C:\gh\azure-sdk-for-net\sdk\containerservice\Microsoft.Azure.Management.ContainerService\tests\Tests\Helpers\RecordedDelegatingHandler.cs(4,1): hidden CS8019: Unnecessary using directive.
C:\gh\azure-sdk-for-net\sdk\containerservice\Microsoft.Azure.Management.ContainerService\tests\Tests\Helpers\RecordedDelegatingHandler.cs(7,1): hidden CS8019: Unnecessary using directive.
C:\gh\azure-sdk-for-net\sdk\containerservice\Microsoft.Azure.Management.ContainerService\tests\Tests\Tests\ContainerServiceTest.cs(4,1): hidden CS8019: Unnecessary using directive.
C:\gh\azure-sdk-for-net\sdk\containerservice\Microsoft.Azure.Management.ContainerService\tests\Tests\Tests\ContainerServiceTest.cs(2,1): hidden CS8019: Unnecessary using directive.
C:\gh\azure-sdk-for-net\sdk\containerservice\Microsoft.Azure.Management.ContainerService\tests\Tests\Tests\ContainerServiceOpsTests.cs(9,1): hidden CS8019: Unnecessary using directive.
