C:\gh\azure-sdk-for-net\sdk\storage\Azure.Storage.Files.DataLake\tests\ServiceClientTests.cs(606,13): error CS0246: The type or namespace name 'DataLakeStaticWebsite' could not be found (are you missing a using directive or an assembly reference?)
C:\gh\azure-sdk-for-net\sdk\storage\Azure.Storage.Files.DataLake\tests\ServiceClientTests.cs(606,70): error CS1061: 'DataLakeServiceProperties' does not contain a definition for 'StaticWebsite' and no accessible extension method 'StaticWebsite' accepting a first argument of type 'DataLakeServiceProperties' could be found (are you missing a using directive or an assembly reference?)
C:\gh\azure-sdk-for-net\sdk\storage\Azure.Storage.Files.DataLake\tests\ServiceClientTests.cs(609,24): error CS1061: 'DataLakeServiceProperties' does not contain a definition for 'StaticWebsite' and no accessible extension method 'StaticWebsite' accepting a first argument of type 'DataLakeServiceProperties' could be found (are you missing a using directive or an assembly reference?)
C:\gh\azure-sdk-for-net\sdk\storage\Azure.Storage.Files.DataLake\tests\ServiceClientTests.cs(609,44): error CS0246: The type or namespace name 'DataLakeStaticWebsite' could not be found (are you missing a using directive or an assembly reference?)
C:\gh\azure-sdk-for-net\sdk\storage\Azure.Storage.Files.DataLake\tests\ServiceClientTests.cs(621,38): error CS1061: 'DataLakeServiceProperties' does not contain a definition for 'StaticWebsite' and no accessible extension method 'StaticWebsite' accepting a first argument of type 'DataLakeServiceProperties' could be found (are you missing a using directive or an assembly reference?)
C:\gh\azure-sdk-for-net\sdk\storage\Azure.Storage.Files.DataLake\tests\ServiceClientTests.cs(622,62): error CS1061: 'DataLakeServiceProperties' does not contain a definition for 'StaticWebsite' and no accessible extension method 'StaticWebsite' accepting a first argument of type 'DataLakeServiceProperties' could be found (are you missing a using directive or an assembly reference?)
C:\gh\azure-sdk-for-net\sdk\storage\Azure.Storage.Files.DataLake\tests\ServiceClientTests.cs(623,66): error CS1061: 'DataLakeServiceProperties' does not contain a definition for 'StaticWebsite' and no accessible extension method 'StaticWebsite' accepting a first argument of type 'DataLakeServiceProperties' could be found (are you missing a using directive or an assembly reference?)
C:\gh\azure-sdk-for-net\sdk\storage\Azure.Storage.Files.DataLake\tests\ServiceClientTests.cs(626,24): error CS1061: 'DataLakeServiceProperties' does not contain a definition for 'StaticWebsite' and no accessible extension method 'StaticWebsite' accepting a first argument of type 'DataLakeServiceProperties' could be found (are you missing a using directive or an assembly reference?)
C:\gh\azure-sdk-for-net\sdk\storage\Azure.Storage.Files.DataLake\tests\ServiceClientTests.cs(629,71): error CS1061: 'DataLakeServiceProperties' does not contain a definition for 'StaticWebsite' and no accessible extension method 'StaticWebsite' accepting a first argument of type 'DataLakeServiceProperties' could be found (are you missing a using directive or an assembly reference?)
C:\gh\azure-sdk-for-net\sdk\storage\Azure.Storage.Files.DataLake\tests\ServiceClientTests.cs(630,77): error CS1061: 'DataLakeServiceProperties' does not contain a definition for 'StaticWebsite' and no accessible extension method 'StaticWebsite' accepting a first argument of type 'DataLakeServiceProperties' could be found (are you missing a using directive or an assembly reference?)
C:\gh\azure-sdk-for-net\sdk\storage\Azure.Storage.Files.DataLake\tests\ServiceClientTests.cs(631,84): error CS1061: 'DataLakeServiceProperties' does not contain a definition for 'StaticWebsite' and no accessible extension method 'StaticWebsite' accepting a first argument of type 'DataLakeServiceProperties' could be found (are you missing a using directive or an assembly reference?)
C:\gh\azure-sdk-for-net\sdk\storage\Azure.Storage.Files.DataLake\tests\ServiceClientTests.cs(632,88): error CS1061: 'DataLakeServiceProperties' does not contain a definition for 'StaticWebsite' and no accessible extension method 'StaticWebsite' accepting a first argument of type 'DataLakeServiceProperties' could be found (are you missing a using directive or an assembly reference?)
C:\gh\azure-sdk-for-net\sdk\storage\Azure.Storage.Files.DataLake\tests\FileSystemClientTests.cs(2089,61): error CS1061: 'PathDeletedItem' does not contain a definition for 'Path' and no accessible extension method 'Path' accepting a first argument of type 'PathDeletedItem' could be found (are you missing a using directive or an assembly reference?)
C:\gh\azure-sdk-for-net\sdk\storage\Azure.Storage.Files.DataLake\tests\FileSystemClientTests.cs(2094,56): error CS1061: 'PathDeletedItem' does not contain a definition for 'Path' and no accessible extension method 'Path' accepting a first argument of type 'PathDeletedItem' could be found (are you missing a using directive or an assembly reference?)
C:\gh\azure-sdk-for-net\sdk\storage\Azure.Storage.Files.DataLake\tests\FileSystemClientTests.cs(2121,17): error CS1739: The best overload for 'GetDeletedPathsAsync' does not have a parameter named 'pathPrefix'
C:\gh\azure-sdk-for-net\sdk\storage\Azure.Storage.Files.DataLake\tests\FileSystemClientTests.cs(2126,69): error CS1061: 'PathDeletedItem' does not contain a definition for 'Path' and no accessible extension method 'Path' accepting a first argument of type 'PathDeletedItem' could be found (are you missing a using directive or an assembly reference?)
C:\gh\azure-sdk-for-net\sdk\storage\Azure.Storage.Files.DataLake\tests\DataLakeTestBase.cs(10,1): hidden CS8019: Unnecessary using directive.
C:\gh\azure-sdk-for-net\sdk\storage\Azure.Storage.Common\tests\Shared\KeyVaultConfiguration.cs(4,1): hidden CS8019: Unnecessary using directive.
C:\gh\azure-sdk-for-net\sdk\storage\Azure.Storage.Common\tests\Shared\FaultyDownloadPipelinePolicy.cs(7,1): hidden CS8019: Unnecessary using directive.
C:\gh\azure-sdk-for-net\artifacts\obj\Azure.Storage.Files.DataLake.Tests\Debug\net461\Azure.Storage.Files.DataLake.Tests.AssemblyInfo.cs(11,1): hidden CS8019: Unnecessary using directive.
C:\gh\azure-sdk-for-net\sdk\storage\Azure.Storage.Common\tests\Shared\FaultyDownloadPipelinePolicy.cs(8,1): hidden CS8019: Unnecessary using directive.
C:\gh\azure-sdk-for-net\sdk\storage\Azure.Storage.Files.DataLake\tests\FileSystemClientTests.cs(7,1): hidden CS8019: Unnecessary using directive.
C:\gh\azure-sdk-for-net\sdk\storage\Azure.Storage.Common\tests\Shared\TestResponseClassifier.cs(6,1): hidden CS8019: Unnecessary using directive.
C:\gh\azure-sdk-for-net\sdk\storage\Azure.Storage.Files.DataLake\tests\PathAccessControlTestBase.cs(5,1): hidden CS8019: Unnecessary using directive.
C:\gh\azure-sdk-for-net\sdk\storage\Azure.Storage.Common\tests\Shared\KeyVaultConfiguration.cs(6,1): hidden CS8019: Unnecessary using directive.
C:\gh\azure-sdk-for-net\sdk\storage\Azure.Storage.Common\tests\Shared\FaultyDownloadPipelinePolicy.cs(6,1): hidden CS8019: Unnecessary using directive.
C:\gh\azure-sdk-for-net\artifacts\obj\Azure.Storage.Files.DataLake.Tests\Debug\net461\Azure.Storage.Files.DataLake.Tests.AssemblyInfo.cs(12,1): hidden CS8019: Unnecessary using directive.
C:\gh\azure-sdk-for-net\sdk\storage\Azure.Storage.Files.DataLake\tests\DataLakeUriBuilderTests.cs(7,1): hidden CS8019: Unnecessary using directive.
C:\gh\azure-sdk-for-net\sdk\storage\Azure.Storage.Files.DataLake\tests\PathAccessControlTestBase.cs(4,1): hidden CS8019: Unnecessary using directive.
C:\gh\azure-sdk-for-net\sdk\storage\Azure.Storage.Files.DataLake\tests\DataLakePartitionedUploaderTests.cs(9,1): hidden CS8019: Unnecessary using directive.
C:\gh\azure-sdk-for-net\sdk\storage\Azure.Storage.Common\tests\Shared\StorageRecordedTestSanitizer.cs(8,1): hidden CS8019: Unnecessary using directive.
C:\gh\azure-sdk-for-net\artifacts\obj\Azure.Storage.Files.DataLake.Tests\Debug\net461\.NETFramework,Version=v4.6.1.AssemblyAttributes.cs(3,1): hidden CS8019: Unnecessary using directive.
C:\gh\azure-sdk-for-net\sdk\storage\Azure.Storage.Common\tests\Shared\RecordedClientRequestIdPolicy.cs(5,1): hidden CS8019: Unnecessary using directive.
C:\gh\azure-sdk-for-net\sdk\storage\Azure.Storage.Common\tests\Shared\TenantConfiguration.cs(5,1): hidden CS8019: Unnecessary using directive.
C:\gh\azure-sdk-for-net\sdk\storage\Azure.Storage.Common\tests\Shared\StorageRecordedTestSanitizer.cs(9,1): hidden CS8019: Unnecessary using directive.
C:\gh\azure-sdk-for-net\sdk\storage\Azure.Storage.Common\tests\Shared\TenantConfiguration.cs(8,1): hidden CS8019: Unnecessary using directive.
C:\gh\azure-sdk-for-net\sdk\storage\Azure.Storage.Common\tests\Shared\TestResponseClassifier.cs(4,1): hidden CS8019: Unnecessary using directive.
C:\gh\azure-sdk-for-net\sdk\storage\Azure.Storage.Common\tests\Shared\TestProgress.cs(6,1): hidden CS8019: Unnecessary using directive.
C:\gh\azure-sdk-for-net\sdk\storage\Azure.Storage.Files.DataLake\tests\PathAccessControlTestBase.cs(6,1): hidden CS8019: Unnecessary using directive.
C:\gh\azure-sdk-for-net\artifacts\obj\Azure.Storage.Files.DataLake.Tests\Debug\net461\.NETFramework,Version=v4.6.1.AssemblyAttributes.cs(2,1): hidden CS8019: Unnecessary using directive.
C:\gh\azure-sdk-for-net\sdk\storage\Azure.Storage.Common\tests\Shared\StorageRecordedTestSanitizer.cs(7,1): hidden CS8019: Unnecessary using directive.
C:\gh\azure-sdk-for-net\sdk\storage\Azure.Storage.Common\tests\Shared\KeyVaultConfiguration.cs(5,1): hidden CS8019: Unnecessary using directive.
C:\gh\azure-sdk-for-net\sdk\storage\Azure.Storage.Common\tests\Shared\RecordedClientRequestIdPolicy.cs(4,1): hidden CS8019: Unnecessary using directive.
C:\gh\azure-sdk-for-net\sdk\storage\Azure.Storage.Common\tests\Shared\TenantConfiguration.cs(9,1): hidden CS8019: Unnecessary using directive.
C:\gh\azure-sdk-for-net\sdk\storage\Azure.Storage.Files.DataLake\tests\ServiceClientTests.cs(7,1): hidden CS8019: Unnecessary using directive.
C:\gh\azure-sdk-for-net\sdk\storage\Azure.Storage.Common\tests\Shared\RecordedClientRequestIdPolicy.cs(7,1): hidden CS8019: Unnecessary using directive.
