C:\gh\azure-sdk-for-net\sdk\hybriddatamanager\Microsoft.Azure.Management.HybridDataManager\tests\Tests\HybridDataTestBase.cs(29,25): error CS0518: Predefined type 'System.String' is not defined or imported
C:\gh\azure-sdk-for-net\sdk\hybriddatamanager\Microsoft.Azure.Management.HybridDataManager\tests\Tests\HybridDataTestBase.cs(31,25): error CS0518: Predefined type 'System.Int32' is not defined or imported
C:\gh\azure-sdk-for-net\sdk\hybriddatamanager\Microsoft.Azure.Management.HybridDataManager\tests\Tests\HybridDataTestBase.cs(27,48): error CS0246: The type or namespace name 'TestBase' could not be found (are you missing a using directive or an assembly reference?)
C:\gh\azure-sdk-for-net\sdk\hybriddatamanager\Microsoft.Azure.Management.HybridDataManager\tests\Tests\HybridDataTestBase.cs(27,58): error CS0246: The type or namespace name 'IDisposable' could not be found (are you missing a using directive or an assembly reference?)
C:\gh\azure-sdk-for-net\sdk\hybriddatamanager\Microsoft.Azure.Management.HybridDataManager\tests\Tests\HybridDataTestBase.cs(93,24): error CS0518: Predefined type 'System.Void' is not defined or imported
C:\gh\azure-sdk-for-net\sdk\hybriddatamanager\Microsoft.Azure.Management.HybridDataManager\tests\Tests\JobsTest.cs(126,16): error CS0518: Predefined type 'System.Void' is not defined or imported
C:\gh\azure-sdk-for-net\sdk\hybriddatamanager\Microsoft.Azure.Management.HybridDataManager\tests\Tests\TestConstants.cs(6,22): error CS0518: Predefined type 'System.String' is not defined or imported
C:\gh\azure-sdk-for-net\sdk\hybriddatamanager\Microsoft.Azure.Management.HybridDataManager\tests\Tests\TestConstants.cs(7,22): error CS0518: Predefined type 'System.String' is not defined or imported
C:\gh\azure-sdk-for-net\sdk\hybriddatamanager\Microsoft.Azure.Management.HybridDataManager\tests\Tests\TestConstants.cs(8,22): error CS0518: Predefined type 'System.String' is not defined or imported
C:\gh\azure-sdk-for-net\sdk\hybriddatamanager\Microsoft.Azure.Management.HybridDataManager\tests\Tests\TestConstants.cs(9,22): error CS0518: Predefined type 'System.String' is not defined or imported
C:\gh\azure-sdk-for-net\sdk\hybriddatamanager\Microsoft.Azure.Management.HybridDataManager\tests\Tests\TestConstants.cs(10,22): error CS0518: Predefined type 'System.String' is not defined or imported
C:\gh\azure-sdk-for-net\sdk\hybriddatamanager\Microsoft.Azure.Management.HybridDataManager\tests\Tests\TestConstants.cs(11,22): error CS0518: Predefined type 'System.String' is not defined or imported
C:\gh\azure-sdk-for-net\sdk\hybriddatamanager\Microsoft.Azure.Management.HybridDataManager\tests\Tests\TestConstants.cs(12,22): error CS0518: Predefined type 'System.String' is not defined or imported
C:\gh\azure-sdk-for-net\sdk\hybriddatamanager\Microsoft.Azure.Management.HybridDataManager\tests\Tests\TestConstants.cs(13,22): error CS0518: Predefined type 'System.String' is not defined or imported
C:\gh\azure-sdk-for-net\sdk\hybriddatamanager\Microsoft.Azure.Management.HybridDataManager\tests\Tests\TestConstants.cs(14,22): error CS0518: Predefined type 'System.String' is not defined or imported
C:\gh\azure-sdk-for-net\sdk\hybriddatamanager\Microsoft.Azure.Management.HybridDataManager\tests\Tests\TestConstants.cs(15,22): error CS0518: Predefined type 'System.String' is not defined or imported
C:\gh\azure-sdk-for-net\sdk\hybriddatamanager\Microsoft.Azure.Management.HybridDataManager\tests\Tests\TestConstants.cs(16,22): error CS0518: Predefined type 'System.String' is not defined or imported
C:\gh\azure-sdk-for-net\sdk\hybriddatamanager\Microsoft.Azure.Management.HybridDataManager\tests\Tests\TestConstants.cs(17,22): error CS0518: Predefined type 'System.String' is not defined or imported
C:\gh\azure-sdk-for-net\sdk\hybriddatamanager\Microsoft.Azure.Management.HybridDataManager\tests\Tests\TestConstants.cs(18,22): error CS0518: Predefined type 'System.String' is not defined or imported
C:\gh\azure-sdk-for-net\sdk\hybriddatamanager\Microsoft.Azure.Management.HybridDataManager\tests\Tests\TestConstants.cs(19,22): error CS0518: Predefined type 'System.String' is not defined or imported
C:\gh\azure-sdk-for-net\sdk\hybriddatamanager\Microsoft.Azure.Management.HybridDataManager\tests\Tests\TestConstants.cs(20,22): error CS0518: Predefined type 'System.String' is not defined or imported
C:\gh\azure-sdk-for-net\sdk\hybriddatamanager\Microsoft.Azure.Management.HybridDataManager\tests\Tests\TestConstants.cs(21,22): error CS0518: Predefined type 'System.String' is not defined or imported
C:\gh\azure-sdk-for-net\sdk\hybriddatamanager\Microsoft.Azure.Management.HybridDataManager\tests\Tests\TestConstants.cs(25,22): error CS0518: Predefined type 'System.String' is not defined or imported
C:\gh\azure-sdk-for-net\sdk\hybriddatamanager\Microsoft.Azure.Management.HybridDataManager\tests\Tests\TestConstants.cs(26,22): error CS0518: Predefined type 'System.String' is not defined or imported
C:\gh\azure-sdk-for-net\sdk\hybriddatamanager\Microsoft.Azure.Management.HybridDataManager\tests\Tests\OperationsTest.cs(17,16): error CS0518: Predefined type 'System.Void' is not defined or imported
C:\gh\azure-sdk-for-net\sdk\hybriddatamanager\Microsoft.Azure.Management.HybridDataManager\tests\Tests\DataStoresTest.cs(147,16): error CS0518: Predefined type 'System.Void' is not defined or imported
C:\gh\azure-sdk-for-net\sdk\hybriddatamanager\Microsoft.Azure.Management.HybridDataManager\tests\Tests\TestConstants.cs(12,51): error CS0518: Predefined type 'System.String' is not defined or imported
C:\gh\azure-sdk-for-net\sdk\hybriddatamanager\Microsoft.Azure.Management.HybridDataManager\tests\Tests\HybridDataTestBase.cs(77,40): error CS0518: Predefined type 'System.String' is not defined or imported
C:\gh\azure-sdk-for-net\sdk\hybriddatamanager\Microsoft.Azure.Management.HybridDataManager\tests\Tests\HybridDataTestBase.cs(77,66): error CS0518: Predefined type 'System.String' is not defined or imported
C:\gh\azure-sdk-for-net\sdk\hybriddatamanager\Microsoft.Azure.Management.HybridDataManager\tests\Tests\HybridDataTestBase.cs(77,16): error CS0518: Predefined type 'System.Object' is not defined or imported
C:\gh\azure-sdk-for-net\sdk\hybriddatamanager\Microsoft.Azure.Management.HybridDataManager\tests\Tests\HybridDataTestBase.cs(85,35): error CS0518: Predefined type 'System.Delegate' is not defined or imported
C:\gh\azure-sdk-for-net\sdk\hybriddatamanager\Microsoft.Azure.Management.HybridDataManager\tests\Tests\OperationsTest.cs(10,31): error CS0518: Predefined type 'System.Object' is not defined or imported
C:\gh\azure-sdk-for-net\sdk\hybriddatamanager\Microsoft.Azure.Management.HybridDataManager\tests\Tests\OperationsTest.cs(10,31): error CS0246: The type or namespace name 'ITestOutputHelper' could not be found (are you missing a using directive or an assembly reference?)
C:\gh\azure-sdk-for-net\sdk\hybriddatamanager\Microsoft.Azure.Management.HybridDataManager\tests\Tests\OperationsTest.cs(10,9): error CS0518: Predefined type 'System.Void' is not defined or imported
C:\gh\azure-sdk-for-net\sdk\hybriddatamanager\Microsoft.Azure.Management.HybridDataManager\tests\Tests\HybridDataTestBase.cs(31,54): error CS0518: Predefined type 'System.Int32' is not defined or imported
C:\gh\azure-sdk-for-net\sdk\hybriddatamanager\Microsoft.Azure.Management.HybridDataManager\tests\Tests\HybridDataTestBase.cs(51,35): error CS0518: Predefined type 'System.Object' is not defined or imported
C:\gh\azure-sdk-for-net\sdk\hybriddatamanager\Microsoft.Azure.Management.HybridDataManager\tests\Tests\HybridDataTestBase.cs(51,35): error CS0246: The type or namespace name 'ITestOutputHelper' could not be found (are you missing a using directive or an assembly reference?)
C:\gh\azure-sdk-for-net\sdk\hybriddatamanager\Microsoft.Azure.Management.HybridDataManager\tests\Tests\HybridDataTestBase.cs(51,9): error CS0518: Predefined type 'System.Void' is not defined or imported
C:\gh\azure-sdk-for-net\sdk\hybriddatamanager\Microsoft.Azure.Management.HybridDataManager\tests\Tests\TestConstants.cs(25,57): error CS0518: Predefined type 'System.String' is not defined or imported
C:\gh\azure-sdk-for-net\sdk\hybriddatamanager\Microsoft.Azure.Management.HybridDataManager\tests\Tests\JobsTest.cs(108,16): error CS0518: Predefined type 'System.Void' is not defined or imported
C:\gh\azure-sdk-for-net\sdk\hybriddatamanager\Microsoft.Azure.Management.HybridDataManager\tests\Tests\TestConstants.cs(26,67): error CS0518: Predefined type 'System.String' is not defined or imported
C:\gh\azure-sdk-for-net\sdk\hybriddatamanager\Microsoft.Azure.Management.HybridDataManager\tests\Tests\DataManagersTest.cs(105,16): error CS0518: Predefined type 'System.Void' is not defined or imported
C:\gh\azure-sdk-for-net\sdk\hybriddatamanager\Microsoft.Azure.Management.HybridDataManager\tests\Tests\DataServicesTest.cs(32,16): error CS0518: Predefined type 'System.Void' is not defined or imported
C:\gh\azure-sdk-for-net\sdk\hybriddatamanager\Microsoft.Azure.Management.HybridDataManager\tests\Tests\HybridDataTestBase.cs(29,43): error CS0518: Predefined type 'System.String' is not defined or imported
C:\gh\azure-sdk-for-net\sdk\hybriddatamanager\Microsoft.Azure.Management.HybridDataManager\tests\Tests\JobsTest.cs(89,16): error CS0518: Predefined type 'System.Void' is not defined or imported
C:\gh\azure-sdk-for-net\sdk\hybriddatamanager\Microsoft.Azure.Management.HybridDataManager\tests\Tests\PublicKeysTest.cs(33,16): error CS0518: Predefined type 'System.Void' is not defined or imported
C:\gh\azure-sdk-for-net\sdk\hybriddatamanager\Microsoft.Azure.Management.HybridDataManager\tests\Tests\DataStoresTest.cs(120,16): error CS0518: Predefined type 'System.Void' is not defined or imported
C:\gh\azure-sdk-for-net\sdk\hybriddatamanager\Microsoft.Azure.Management.HybridDataManager\tests\Tests\TestConstants.cs(13,53): error CS0518: Predefined type 'System.String' is not defined or imported
C:\gh\azure-sdk-for-net\sdk\hybriddatamanager\Microsoft.Azure.Management.HybridDataManager\tests\Tests\TestConstants.cs(21,57): error CS0518: Predefined type 'System.String' is not defined or imported
C:\gh\azure-sdk-for-net\sdk\hybriddatamanager\Microsoft.Azure.Management.HybridDataManager\tests\Tests\TestConstants.cs(9,54): error CS0518: Predefined type 'System.String' is not defined or imported
C:\gh\azure-sdk-for-net\sdk\hybriddatamanager\Microsoft.Azure.Management.HybridDataManager\tests\Tests\TestConstants.cs(7,54): error CS0518: Predefined type 'System.String' is not defined or imported
C:\gh\azure-sdk-for-net\sdk\hybriddatamanager\Microsoft.Azure.Management.HybridDataManager\tests\Tests\JobsTest.cs(11,9): error CS0518: Predefined type 'System.String' is not defined or imported
C:\gh\azure-sdk-for-net\sdk\hybriddatamanager\Microsoft.Azure.Management.HybridDataManager\tests\Tests\TestConstants.cs(6,56): error CS0518: Predefined type 'System.String' is not defined or imported
C:\gh\azure-sdk-for-net\sdk\hybriddatamanager\Microsoft.Azure.Management.HybridDataManager\tests\Tests\JobsTest.cs(65,16): error CS0518: Predefined type 'System.Void' is not defined or imported
C:\gh\azure-sdk-for-net\sdk\hybriddatamanager\Microsoft.Azure.Management.HybridDataManager\tests\Tests\DataManagersTest.cs(84,16): error CS0518: Predefined type 'System.Void' is not defined or imported
C:\gh\azure-sdk-for-net\sdk\hybriddatamanager\Microsoft.Azure.Management.HybridDataManager\tests\Tests\DataStoresTest.cs(89,16): error CS0518: Predefined type 'System.Void' is not defined or imported
C:\gh\azure-sdk-for-net\sdk\hybriddatamanager\Microsoft.Azure.Management.HybridDataManager\tests\Tests\PublicKeysTest.cs(17,16): error CS0518: Predefined type 'System.Void' is not defined or imported
C:\gh\azure-sdk-for-net\sdk\hybriddatamanager\Microsoft.Azure.Management.HybridDataManager\tests\Tests\TestConstants.cs(19,57): error CS0518: Predefined type 'System.String' is not defined or imported
C:\gh\azure-sdk-for-net\sdk\hybriddatamanager\Microsoft.Azure.Management.HybridDataManager\tests\Tests\JobsTest.cs(40,16): error CS0518: Predefined type 'System.Void' is not defined or imported
C:\gh\azure-sdk-for-net\sdk\hybriddatamanager\Microsoft.Azure.Management.HybridDataManager\tests\Tests\DataManagersTest.cs(66,16): error CS0518: Predefined type 'System.Void' is not defined or imported
C:\gh\azure-sdk-for-net\sdk\hybriddatamanager\Microsoft.Azure.Management.HybridDataManager\tests\Tests\TestConstants.cs(8,47): error CS0518: Predefined type 'System.String' is not defined or imported
C:\gh\azure-sdk-for-net\sdk\hybriddatamanager\Microsoft.Azure.Management.HybridDataManager\tests\Tests\PublicKeysTest.cs(10,31): error CS0518: Predefined type 'System.Object' is not defined or imported
C:\gh\azure-sdk-for-net\sdk\hybriddatamanager\Microsoft.Azure.Management.HybridDataManager\tests\Tests\PublicKeysTest.cs(10,31): error CS0246: The type or namespace name 'ITestOutputHelper' could not be found (are you missing a using directive or an assembly reference?)
C:\gh\azure-sdk-for-net\sdk\hybriddatamanager\Microsoft.Azure.Management.HybridDataManager\tests\Tests\PublicKeysTest.cs(10,9): error CS0518: Predefined type 'System.Void' is not defined or imported
C:\gh\azure-sdk-for-net\sdk\hybriddatamanager\Microsoft.Azure.Management.HybridDataManager\tests\Tests\DataServicesTest.cs(17,16): error CS0518: Predefined type 'System.Void' is not defined or imported
C:\gh\azure-sdk-for-net\sdk\hybriddatamanager\Microsoft.Azure.Management.HybridDataManager\tests\Tests\JobsTest.cs(21,16): error CS0518: Predefined type 'System.Void' is not defined or imported
C:\gh\azure-sdk-for-net\sdk\hybriddatamanager\Microsoft.Azure.Management.HybridDataManager\tests\Tests\DataManagersTest.cs(50,16): error CS0518: Predefined type 'System.Void' is not defined or imported
C:\gh\azure-sdk-for-net\sdk\hybriddatamanager\Microsoft.Azure.Management.HybridDataManager\tests\Tests\DataServicesTest.cs(10,33): error CS0518: Predefined type 'System.Object' is not defined or imported
C:\gh\azure-sdk-for-net\sdk\hybriddatamanager\Microsoft.Azure.Management.HybridDataManager\tests\Tests\DataServicesTest.cs(10,33): error CS0246: The type or namespace name 'ITestOutputHelper' could not be found (are you missing a using directive or an assembly reference?)
C:\gh\azure-sdk-for-net\sdk\hybriddatamanager\Microsoft.Azure.Management.HybridDataManager\tests\Tests\DataServicesTest.cs(10,9): error CS0518: Predefined type 'System.Void' is not defined or imported
C:\gh\azure-sdk-for-net\sdk\hybriddatamanager\Microsoft.Azure.Management.HybridDataManager\tests\Tests\DataStoresTest.cs(58,16): error CS0518: Predefined type 'System.Void' is not defined or imported
C:\gh\azure-sdk-for-net\sdk\hybriddatamanager\Microsoft.Azure.Management.HybridDataManager\tests\Tests\TestConstants.cs(15,71): error CS0518: Predefined type 'System.String' is not defined or imported
C:\gh\azure-sdk-for-net\sdk\hybriddatamanager\Microsoft.Azure.Management.HybridDataManager\tests\Tests\TestConstants.cs(17,68): error CS0518: Predefined type 'System.String' is not defined or imported
C:\gh\azure-sdk-for-net\sdk\hybriddatamanager\Microsoft.Azure.Management.HybridDataManager\tests\Tests\TestConstants.cs(14,61): error CS0518: Predefined type 'System.String' is not defined or imported
C:\gh\azure-sdk-for-net\sdk\hybriddatamanager\Microsoft.Azure.Management.HybridDataManager\tests\Tests\JobsTest.cs(13,25): error CS0518: Predefined type 'System.Object' is not defined or imported
C:\gh\azure-sdk-for-net\sdk\hybriddatamanager\Microsoft.Azure.Management.HybridDataManager\tests\Tests\JobsTest.cs(13,25): error CS0246: The type or namespace name 'ITestOutputHelper' could not be found (are you missing a using directive or an assembly reference?)
C:\gh\azure-sdk-for-net\sdk\hybriddatamanager\Microsoft.Azure.Management.HybridDataManager\tests\Tests\JobsTest.cs(13,9): error CS0518: Predefined type 'System.Void' is not defined or imported
C:\gh\azure-sdk-for-net\sdk\hybriddatamanager\Microsoft.Azure.Management.HybridDataManager\tests\Tests\DataManagersTest.cs(35,16): error CS0518: Predefined type 'System.Void' is not defined or imported
C:\gh\azure-sdk-for-net\sdk\hybriddatamanager\Microsoft.Azure.Management.HybridDataManager\tests\Tests\DataManagersTest.cs(20,16): error CS0518: Predefined type 'System.Void' is not defined or imported
C:\gh\azure-sdk-for-net\sdk\hybriddatamanager\Microsoft.Azure.Management.HybridDataManager\tests\Tests\DataStoresTest.cs(34,16): error CS0518: Predefined type 'System.Void' is not defined or imported
C:\gh\azure-sdk-for-net\sdk\hybriddatamanager\Microsoft.Azure.Management.HybridDataManager\tests\Tests\HybridDataTestBase.cs(17,53): error CS0234: The type or namespace name 'Rest' does not exist in the namespace 'Microsoft' (are you missing an assembly reference?)
C:\gh\azure-sdk-for-net\sdk\hybriddatamanager\Microsoft.Azure.Management.HybridDataManager\tests\Tests\HybridDataTestBase.cs(19,60): error CS0518: Predefined type 'System.Object' is not defined or imported
C:\gh\azure-sdk-for-net\sdk\hybriddatamanager\Microsoft.Azure.Management.HybridDataManager\tests\Tests\HybridDataTestBase.cs(19,60): error CS0246: The type or namespace name 'HttpRequestMessage' could not be found (are you missing a using directive or an assembly reference?)
C:\gh\azure-sdk-for-net\sdk\hybriddatamanager\Microsoft.Azure.Management.HybridDataManager\tests\Tests\HybridDataTestBase.cs(20,13): error CS0518: Predefined type 'System.Object' is not defined or imported
C:\gh\azure-sdk-for-net\sdk\hybriddatamanager\Microsoft.Azure.Management.HybridDataManager\tests\Tests\HybridDataTestBase.cs(20,13): error CS0246: The type or namespace name 'CancellationToken' could not be found (are you missing a using directive or an assembly reference?)
C:\gh\azure-sdk-for-net\sdk\hybriddatamanager\Microsoft.Azure.Management.HybridDataManager\tests\Tests\HybridDataTestBase.cs(19,31): error CS0518: Predefined type 'System.Object' is not defined or imported
C:\gh\azure-sdk-for-net\sdk\hybriddatamanager\Microsoft.Azure.Management.HybridDataManager\tests\Tests\HybridDataTestBase.cs(19,31): error CS0246: The type or namespace name 'Task' could not be found (are you missing a using directive or an assembly reference?)
C:\gh\azure-sdk-for-net\sdk\hybriddatamanager\Microsoft.Azure.Management.HybridDataManager\tests\Tests\DataStoreTypesTest.cs(40,16): error CS0518: Predefined type 'System.Void' is not defined or imported
C:\gh\azure-sdk-for-net\sdk\hybriddatamanager\Microsoft.Azure.Management.HybridDataManager\tests\Tests\JobDefinitionsTest.cs(137,16): error CS0518: Predefined type 'System.Void' is not defined or imported
C:\gh\azure-sdk-for-net\sdk\hybriddatamanager\Microsoft.Azure.Management.HybridDataManager\tests\Tests\DataStoresTest.cs(19,16): error CS0518: Predefined type 'System.Void' is not defined or imported
C:\gh\azure-sdk-for-net\sdk\hybriddatamanager\Microsoft.Azure.Management.HybridDataManager\tests\Tests\DataManagersTest.cs(13,33): error CS0518: Predefined type 'System.Object' is not defined or imported
C:\gh\azure-sdk-for-net\sdk\hybriddatamanager\Microsoft.Azure.Management.HybridDataManager\tests\Tests\DataManagersTest.cs(13,33): error CS0246: The type or namespace name 'ITestOutputHelper' could not be found (are you missing a using directive or an assembly reference?)
C:\gh\azure-sdk-for-net\sdk\hybriddatamanager\Microsoft.Azure.Management.HybridDataManager\tests\Tests\DataManagersTest.cs(13,9): error CS0518: Predefined type 'System.Void' is not defined or imported
C:\gh\azure-sdk-for-net\sdk\hybriddatamanager\Microsoft.Azure.Management.HybridDataManager\tests\Tests\DataStoresTest.cs(12,31): error CS0518: Predefined type 'System.Object' is not defined or imported
C:\gh\azure-sdk-for-net\sdk\hybriddatamanager\Microsoft.Azure.Management.HybridDataManager\tests\Tests\DataStoresTest.cs(12,31): error CS0246: The type or namespace name 'ITestOutputHelper' could not be found (are you missing a using directive or an assembly reference?)
C:\gh\azure-sdk-for-net\sdk\hybriddatamanager\Microsoft.Azure.Management.HybridDataManager\tests\Tests\DataStoresTest.cs(12,9): error CS0518: Predefined type 'System.Void' is not defined or imported
C:\gh\azure-sdk-for-net\sdk\hybriddatamanager\Microsoft.Azure.Management.HybridDataManager\tests\Tests\DataStoreTypesTest.cs(24,16): error CS0518: Predefined type 'System.Void' is not defined or imported
C:\gh\azure-sdk-for-net\sdk\hybriddatamanager\Microsoft.Azure.Management.HybridDataManager\tests\Tests\DataStoreTypesTest.cs(14,35): error CS0518: Predefined type 'System.Object' is not defined or imported
C:\gh\azure-sdk-for-net\sdk\hybriddatamanager\Microsoft.Azure.Management.HybridDataManager\tests\Tests\DataStoreTypesTest.cs(14,35): error CS0246: The type or namespace name 'ITestOutputHelper' could not be found (are you missing a using directive or an assembly reference?)
C:\gh\azure-sdk-for-net\sdk\hybriddatamanager\Microsoft.Azure.Management.HybridDataManager\tests\Tests\DataStoreTypesTest.cs(14,9): error CS0518: Predefined type 'System.Void' is not defined or imported
C:\gh\azure-sdk-for-net\sdk\hybriddatamanager\Microsoft.Azure.Management.HybridDataManager\tests\Tests\JobDefinitionsTest.cs(120,16): error CS0518: Predefined type 'System.Void' is not defined or imported
C:\gh\azure-sdk-for-net\sdk\hybriddatamanager\Microsoft.Azure.Management.HybridDataManager\tests\Tests\JobDefinitionsTest.cs(93,16): error CS0518: Predefined type 'System.Void' is not defined or imported
C:\gh\azure-sdk-for-net\sdk\hybriddatamanager\Microsoft.Azure.Management.HybridDataManager\tests\Tests\JobDefinitionsTest.cs(55,16): error CS0518: Predefined type 'System.Void' is not defined or imported
C:\gh\azure-sdk-for-net\sdk\hybriddatamanager\Microsoft.Azure.Management.HybridDataManager\tests\Tests\TestConstants.cs(20,59): error CS0518: Predefined type 'System.String' is not defined or imported
C:\gh\azure-sdk-for-net\sdk\hybriddatamanager\Microsoft.Azure.Management.HybridDataManager\tests\Tests\TestConstants.cs(16,59): error CS0518: Predefined type 'System.String' is not defined or imported
C:\gh\azure-sdk-for-net\sdk\hybriddatamanager\Microsoft.Azure.Management.HybridDataManager\tests\Tests\TestConstants.cs(18,59): error CS0518: Predefined type 'System.String' is not defined or imported
C:\gh\azure-sdk-for-net\sdk\hybriddatamanager\Microsoft.Azure.Management.HybridDataManager\tests\Tests\JobDefinitionsTest.cs(37,16): error CS0518: Predefined type 'System.Void' is not defined or imported
C:\gh\azure-sdk-for-net\sdk\hybriddatamanager\Microsoft.Azure.Management.HybridDataManager\tests\Tests\JobDefinitionsTest.cs(20,16): error CS0518: Predefined type 'System.Void' is not defined or imported
C:\gh\azure-sdk-for-net\sdk\hybriddatamanager\Microsoft.Azure.Management.HybridDataManager\tests\Tests\JobDefinitionsTest.cs(13,35): error CS0518: Predefined type 'System.Object' is not defined or imported
C:\gh\azure-sdk-for-net\sdk\hybriddatamanager\Microsoft.Azure.Management.HybridDataManager\tests\Tests\JobDefinitionsTest.cs(13,35): error CS0246: The type or namespace name 'ITestOutputHelper' could not be found (are you missing a using directive or an assembly reference?)
C:\gh\azure-sdk-for-net\sdk\hybriddatamanager\Microsoft.Azure.Management.HybridDataManager\tests\Tests\JobDefinitionsTest.cs(13,9): error CS0518: Predefined type 'System.Void' is not defined or imported
C:\gh\azure-sdk-for-net\eng\mgmt\DisableTestRunParallel.cs(7,12): error CS0246: The type or namespace name 'CollectionBehaviorAttribute' could not be found (are you missing a using directive or an assembly reference?)
C:\gh\azure-sdk-for-net\eng\mgmt\DisableTestRunParallel.cs(7,12): error CS0246: The type or namespace name 'CollectionBehavior' could not be found (are you missing a using directive or an assembly reference?)
C:\gh\azure-sdk-for-net\artifacts\obj\Microsoft.Azure.Management.HybridData.Tests\Debug\netcoreapp2.0\.NETCoreApp,Version=v2.0.AssemblyAttributes.cs(4,20): error CS0400: The type or namespace name 'System' could not be found in the global namespace (are you missing an assembly reference?)
C:\gh\azure-sdk-for-net\artifacts\obj\Microsoft.Azure.Management.HybridData.Tests\Debug\netcoreapp2.0\Microsoft.Azure.Management.HybridData.Tests.AssemblyInfo.cs(14,12): error CS0246: The type or namespace name 'System' could not be found (are you missing a using directive or an assembly reference?)
C:\gh\azure-sdk-for-net\artifacts\obj\Microsoft.Azure.Management.HybridData.Tests\Debug\netcoreapp2.0\Microsoft.Azure.Management.HybridData.Tests.AssemblyInfo.cs(16,12): error CS0246: The type or namespace name 'System' could not be found (are you missing a using directive or an assembly reference?)
C:\gh\azure-sdk-for-net\artifacts\obj\Microsoft.Azure.Management.HybridData.Tests\Debug\netcoreapp2.0\Microsoft.Azure.Management.HybridData.Tests.AssemblyInfo.cs(17,12): error CS0246: The type or namespace name 'System' could not be found (are you missing a using directive or an assembly reference?)
C:\gh\azure-sdk-for-net\eng\mgmt\DisableTestRunParallel.cs(7,31): error CS0246: The type or namespace name 'DisableTestParallelization' could not be found (are you missing a using directive or an assembly reference?)
C:\gh\azure-sdk-for-net\eng\mgmt\DisableTestRunParallel.cs(7,60): error CS0518: Predefined type 'System.Boolean' is not defined or imported
C:\gh\azure-sdk-for-net\eng\mgmt\DisableTestRunParallel.cs(7,66): error CS0246: The type or namespace name 'MaxParallelThreads' could not be found (are you missing a using directive or an assembly reference?)
C:\gh\azure-sdk-for-net\eng\mgmt\DisableTestRunParallel.cs(7,87): error CS0518: Predefined type 'System.Int32' is not defined or imported
C:\gh\azure-sdk-for-net\artifacts\obj\Microsoft.Azure.Management.HybridData.Tests\Debug\netcoreapp2.0\.NETCoreApp,Version=v2.0.AssemblyAttributes.cs(4,71): error CS0518: Predefined type 'System.String' is not defined or imported
C:\gh\azure-sdk-for-net\artifacts\obj\Microsoft.Azure.Management.HybridData.Tests\Debug\netcoreapp2.0\.NETCoreApp,Version=v2.0.AssemblyAttributes.cs(4,99): error CS0246: The type or namespace name 'FrameworkDisplayName' could not be found (are you missing a using directive or an assembly reference?)
C:\gh\azure-sdk-for-net\artifacts\obj\Microsoft.Azure.Management.HybridData.Tests\Debug\netcoreapp2.0\.NETCoreApp,Version=v2.0.AssemblyAttributes.cs(4,122): error CS0518: Predefined type 'System.String' is not defined or imported
C:\gh\azure-sdk-for-net\artifacts\obj\Microsoft.Azure.Management.HybridData.Tests\Debug\netcoreapp2.0\Microsoft.Azure.Management.HybridData.Tests.AssemblyInfo.cs(14,56): error CS0518: Predefined type 'System.String' is not defined or imported
C:\gh\azure-sdk-for-net\artifacts\obj\Microsoft.Azure.Management.HybridData.Tests\Debug\netcoreapp2.0\Microsoft.Azure.Management.HybridData.Tests.AssemblyInfo.cs(14,70): error CS0518: Predefined type 'System.String' is not defined or imported
C:\gh\azure-sdk-for-net\artifacts\obj\Microsoft.Azure.Management.HybridData.Tests\Debug\netcoreapp2.0\Microsoft.Azure.Management.HybridData.Tests.AssemblyInfo.cs(15,5): error CS0518: Predefined type 'System.String' is not defined or imported
C:\gh\azure-sdk-for-net\artifacts\obj\Microsoft.Azure.Management.HybridData.Tests\Debug\netcoreapp2.0\Microsoft.Azure.Management.HybridData.Tests.AssemblyInfo.cs(16,68): error CS0518: Predefined type 'System.String' is not defined or imported
C:\gh\azure-sdk-for-net\artifacts\obj\Microsoft.Azure.Management.HybridData.Tests\Debug\netcoreapp2.0\Microsoft.Azure.Management.HybridData.Tests.AssemblyInfo.cs(17,56): error CS0518: Predefined type 'System.String' is not defined or imported
C:\gh\azure-sdk-for-net\artifacts\obj\Microsoft.Azure.Management.HybridData.Tests\Debug\netcoreapp2.0\Microsoft.Azure.Management.HybridData.Tests.AssemblyInfo.cs(17,73): error CS0518: Predefined type 'System.String' is not defined or imported
C:\gh\azure-sdk-for-net\sdk\hybriddatamanager\Microsoft.Azure.Management.HybridDataManager\tests\Tests\DataStoreTypesTest.cs(3,7): error CS0246: The type or namespace name 'System' could not be found (are you missing a using directive or an assembly reference?)
C:\gh\azure-sdk-for-net\sdk\hybriddatamanager\Microsoft.Azure.Management.HybridDataManager\tests\Tests\DataStoreTypesTest.cs(4,7): error CS0246: The type or namespace name 'System' could not be found (are you missing a using directive or an assembly reference?)
C:\gh\azure-sdk-for-net\sdk\hybriddatamanager\Microsoft.Azure.Management.HybridDataManager\tests\Tests\DataStoreTypesTest.cs(5,7): error CS0246: The type or namespace name 'System' could not be found (are you missing a using directive or an assembly reference?)
C:\gh\azure-sdk-for-net\sdk\hybriddatamanager\Microsoft.Azure.Management.HybridDataManager\tests\Tests\DataStoreTypesTest.cs(6,7): error CS0246: The type or namespace name 'Xunit' could not be found (are you missing a using directive or an assembly reference?)
C:\gh\azure-sdk-for-net\sdk\hybriddatamanager\Microsoft.Azure.Management.HybridDataManager\tests\Tests\DataStoreTypesTest.cs(7,7): error CS0246: The type or namespace name 'Xunit' could not be found (are you missing a using directive or an assembly reference?)
C:\gh\azure-sdk-for-net\sdk\hybriddatamanager\Microsoft.Azure.Management.HybridDataManager\tests\Tests\HybridDataTestBase.cs(3,23): error CS0234: The type or namespace name 'Test' does not exist in the namespace 'Microsoft.Azure' (are you missing an assembly reference?)
C:\gh\azure-sdk-for-net\sdk\hybriddatamanager\Microsoft.Azure.Management.HybridDataManager\tests\Tests\HybridDataTestBase.cs(4,17): error CS0234: The type or namespace name 'Rest' does not exist in the namespace 'Microsoft' (are you missing an assembly reference?)
C:\gh\azure-sdk-for-net\sdk\hybriddatamanager\Microsoft.Azure.Management.HybridDataManager\tests\Tests\HybridDataTestBase.cs(5,7): error CS0246: The type or namespace name 'System' could not be found (are you missing a using directive or an assembly reference?)
C:\gh\azure-sdk-for-net\sdk\hybriddatamanager\Microsoft.Azure.Management.HybridDataManager\tests\Tests\HybridDataTestBase.cs(6,7): error CS0246: The type or namespace name 'System' could not be found (are you missing a using directive or an assembly reference?)
C:\gh\azure-sdk-for-net\sdk\hybriddatamanager\Microsoft.Azure.Management.HybridDataManager\tests\Tests\HybridDataTestBase.cs(7,7): error CS0246: The type or namespace name 'System' could not be found (are you missing a using directive or an assembly reference?)
C:\gh\azure-sdk-for-net\sdk\hybriddatamanager\Microsoft.Azure.Management.HybridDataManager\tests\Tests\HybridDataTestBase.cs(8,7): error CS0246: The type or namespace name 'System' could not be found (are you missing a using directive or an assembly reference?)
C:\gh\azure-sdk-for-net\sdk\hybriddatamanager\Microsoft.Azure.Management.HybridDataManager\tests\Tests\HybridDataTestBase.cs(9,7): error CS0246: The type or namespace name 'System' could not be found (are you missing a using directive or an assembly reference?)
C:\gh\azure-sdk-for-net\sdk\hybriddatamanager\Microsoft.Azure.Management.HybridDataManager\tests\Tests\HybridDataTestBase.cs(10,7): error CS0246: The type or namespace name 'System' could not be found (are you missing a using directive or an assembly reference?)
C:\gh\azure-sdk-for-net\sdk\hybriddatamanager\Microsoft.Azure.Management.HybridDataManager\tests\Tests\HybridDataTestBase.cs(11,7): error CS0246: The type or namespace name 'System' could not be found (are you missing a using directive or an assembly reference?)
C:\gh\azure-sdk-for-net\sdk\hybriddatamanager\Microsoft.Azure.Management.HybridDataManager\tests\Tests\HybridDataTestBase.cs(12,7): error CS0246: The type or namespace name 'Xunit' could not be found (are you missing a using directive or an assembly reference?)
C:\gh\azure-sdk-for-net\sdk\hybriddatamanager\Microsoft.Azure.Management.HybridDataManager\tests\Tests\HybridDataTestBase.cs(13,7): error CS0246: The type or namespace name 'Xunit' could not be found (are you missing a using directive or an assembly reference?)
C:\gh\azure-sdk-for-net\eng\mgmt\DisableTestRunParallel.cs(4,7): error CS0246: The type or namespace name 'System' could not be found (are you missing a using directive or an assembly reference?)
C:\gh\azure-sdk-for-net\eng\mgmt\DisableTestRunParallel.cs(5,7): error CS0246: The type or namespace name 'Xunit' could not be found (are you missing a using directive or an assembly reference?)
C:\gh\azure-sdk-for-net\artifacts\obj\Microsoft.Azure.Management.HybridData.Tests\Debug\netcoreapp2.0\.NETCoreApp,Version=v2.0.AssemblyAttributes.cs(2,7): error CS0246: The type or namespace name 'System' could not be found (are you missing a using directive or an assembly reference?)
C:\gh\azure-sdk-for-net\artifacts\obj\Microsoft.Azure.Management.HybridData.Tests\Debug\netcoreapp2.0\.NETCoreApp,Version=v2.0.AssemblyAttributes.cs(3,7): error CS0246: The type or namespace name 'System' could not be found (are you missing a using directive or an assembly reference?)
C:\gh\azure-sdk-for-net\artifacts\obj\Microsoft.Azure.Management.HybridData.Tests\Debug\netcoreapp2.0\Microsoft.Azure.Management.HybridData.Tests.AssemblyInfo.cs(11,7): error CS0246: The type or namespace name 'System' could not be found (are you missing a using directive or an assembly reference?)
C:\gh\azure-sdk-for-net\artifacts\obj\Microsoft.Azure.Management.HybridData.Tests\Debug\netcoreapp2.0\Microsoft.Azure.Management.HybridData.Tests.AssemblyInfo.cs(12,7): error CS0246: The type or namespace name 'System' could not be found (are you missing a using directive or an assembly reference?)
C:\gh\azure-sdk-for-net\sdk\hybriddatamanager\Microsoft.Azure.Management.HybridDataManager\tests\Tests\DataManagersTest.cs(5,21): error CS0234: The type or namespace name 'Rest' does not exist in the namespace 'Microsoft' (are you missing an assembly reference?)
C:\gh\azure-sdk-for-net\sdk\hybriddatamanager\Microsoft.Azure.Management.HybridDataManager\tests\Tests\DataManagersTest.cs(6,11): error CS0246: The type or namespace name 'System' could not be found (are you missing a using directive or an assembly reference?)
C:\gh\azure-sdk-for-net\sdk\hybriddatamanager\Microsoft.Azure.Management.HybridDataManager\tests\Tests\DataManagersTest.cs(7,11): error CS0246: The type or namespace name 'System' could not be found (are you missing a using directive or an assembly reference?)
C:\gh\azure-sdk-for-net\sdk\hybriddatamanager\Microsoft.Azure.Management.HybridDataManager\tests\Tests\DataManagersTest.cs(8,11): error CS0246: The type or namespace name 'Xunit' could not be found (are you missing a using directive or an assembly reference?)
C:\gh\azure-sdk-for-net\sdk\hybriddatamanager\Microsoft.Azure.Management.HybridDataManager\tests\Tests\DataManagersTest.cs(9,11): error CS0246: The type or namespace name 'Xunit' could not be found (are you missing a using directive or an assembly reference?)
C:\gh\azure-sdk-for-net\sdk\hybriddatamanager\Microsoft.Azure.Management.HybridDataManager\tests\Tests\DataServicesTest.cs(4,11): error CS0246: The type or namespace name 'System' could not be found (are you missing a using directive or an assembly reference?)
C:\gh\azure-sdk-for-net\sdk\hybriddatamanager\Microsoft.Azure.Management.HybridDataManager\tests\Tests\DataServicesTest.cs(5,11): error CS0246: The type or namespace name 'Xunit' could not be found (are you missing a using directive or an assembly reference?)
C:\gh\azure-sdk-for-net\sdk\hybriddatamanager\Microsoft.Azure.Management.HybridDataManager\tests\Tests\DataServicesTest.cs(6,11): error CS0246: The type or namespace name 'Xunit' could not be found (are you missing a using directive or an assembly reference?)
C:\gh\azure-sdk-for-net\sdk\hybriddatamanager\Microsoft.Azure.Management.HybridDataManager\tests\Tests\DataStoresTest.cs(5,21): error CS0234: The type or namespace name 'Rest' does not exist in the namespace 'Microsoft' (are you missing an assembly reference?)
C:\gh\azure-sdk-for-net\sdk\hybriddatamanager\Microsoft.Azure.Management.HybridDataManager\tests\Tests\DataStoresTest.cs(6,11): error CS0246: The type or namespace name 'System' could not be found (are you missing a using directive or an assembly reference?)
C:\gh\azure-sdk-for-net\sdk\hybriddatamanager\Microsoft.Azure.Management.HybridDataManager\tests\Tests\DataStoresTest.cs(7,11): error CS0246: The type or namespace name 'Xunit' could not be found (are you missing a using directive or an assembly reference?)
C:\gh\azure-sdk-for-net\sdk\hybriddatamanager\Microsoft.Azure.Management.HybridDataManager\tests\Tests\DataStoresTest.cs(8,11): error CS0246: The type or namespace name 'Xunit' could not be found (are you missing a using directive or an assembly reference?)
C:\gh\azure-sdk-for-net\sdk\hybriddatamanager\Microsoft.Azure.Management.HybridDataManager\tests\Tests\JobDefinitionsTest.cs(5,21): error CS0234: The type or namespace name 'Rest' does not exist in the namespace 'Microsoft' (are you missing an assembly reference?)
C:\gh\azure-sdk-for-net\sdk\hybriddatamanager\Microsoft.Azure.Management.HybridDataManager\tests\Tests\JobDefinitionsTest.cs(6,11): error CS0246: The type or namespace name 'System' could not be found (are you missing a using directive or an assembly reference?)
C:\gh\azure-sdk-for-net\sdk\hybriddatamanager\Microsoft.Azure.Management.HybridDataManager\tests\Tests\JobDefinitionsTest.cs(7,11): error CS0246: The type or namespace name 'Xunit' could not be found (are you missing a using directive or an assembly reference?)
C:\gh\azure-sdk-for-net\sdk\hybriddatamanager\Microsoft.Azure.Management.HybridDataManager\tests\Tests\JobDefinitionsTest.cs(8,11): error CS0246: The type or namespace name 'Xunit' could not be found (are you missing a using directive or an assembly reference?)
C:\gh\azure-sdk-for-net\sdk\hybriddatamanager\Microsoft.Azure.Management.HybridDataManager\tests\Tests\JobsTest.cs(5,11): error CS0246: The type or namespace name 'System' could not be found (are you missing a using directive or an assembly reference?)
C:\gh\azure-sdk-for-net\sdk\hybriddatamanager\Microsoft.Azure.Management.HybridDataManager\tests\Tests\JobsTest.cs(6,11): error CS0246: The type or namespace name 'Xunit' could not be found (are you missing a using directive or an assembly reference?)
C:\gh\azure-sdk-for-net\sdk\hybriddatamanager\Microsoft.Azure.Management.HybridDataManager\tests\Tests\JobsTest.cs(7,11): error CS0246: The type or namespace name 'Xunit' could not be found (are you missing a using directive or an assembly reference?)
C:\gh\azure-sdk-for-net\sdk\hybriddatamanager\Microsoft.Azure.Management.HybridDataManager\tests\Tests\OperationsTest.cs(4,11): error CS0246: The type or namespace name 'System' could not be found (are you missing a using directive or an assembly reference?)
C:\gh\azure-sdk-for-net\sdk\hybriddatamanager\Microsoft.Azure.Management.HybridDataManager\tests\Tests\OperationsTest.cs(5,11): error CS0246: The type or namespace name 'Xunit' could not be found (are you missing a using directive or an assembly reference?)
C:\gh\azure-sdk-for-net\sdk\hybriddatamanager\Microsoft.Azure.Management.HybridDataManager\tests\Tests\OperationsTest.cs(6,11): error CS0246: The type or namespace name 'Xunit' could not be found (are you missing a using directive or an assembly reference?)
C:\gh\azure-sdk-for-net\sdk\hybriddatamanager\Microsoft.Azure.Management.HybridDataManager\tests\Tests\PublicKeysTest.cs(4,11): error CS0246: The type or namespace name 'System' could not be found (are you missing a using directive or an assembly reference?)
C:\gh\azure-sdk-for-net\sdk\hybriddatamanager\Microsoft.Azure.Management.HybridDataManager\tests\Tests\PublicKeysTest.cs(5,11): error CS0246: The type or namespace name 'Xunit' could not be found (are you missing a using directive or an assembly reference?)
C:\gh\azure-sdk-for-net\sdk\hybriddatamanager\Microsoft.Azure.Management.HybridDataManager\tests\Tests\PublicKeysTest.cs(6,11): error CS0246: The type or namespace name 'Xunit' could not be found (are you missing a using directive or an assembly reference?)
C:\gh\azure-sdk-for-net\sdk\hybriddatamanager\Microsoft.Azure.Management.HybridDataManager\tests\Tests\TestConstants.cs(3,25): error CS0518: Predefined type 'System.Object' is not defined or imported
C:\gh\azure-sdk-for-net\sdk\hybriddatamanager\Microsoft.Azure.Management.HybridDataManager\tests\Tests\DataServicesTest.cs(16,10): error CS0518: Predefined type 'System.Object' is not defined or imported
C:\gh\azure-sdk-for-net\sdk\hybriddatamanager\Microsoft.Azure.Management.HybridDataManager\tests\Tests\DataServicesTest.cs(16,10): error CS0246: The type or namespace name 'FactAttribute' could not be found (are you missing a using directive or an assembly reference?)
C:\gh\azure-sdk-for-net\sdk\hybriddatamanager\Microsoft.Azure.Management.HybridDataManager\tests\Tests\DataServicesTest.cs(16,10): error CS0246: The type or namespace name 'Fact' could not be found (are you missing a using directive or an assembly reference?)
C:\gh\azure-sdk-for-net\sdk\hybriddatamanager\Microsoft.Azure.Management.HybridDataManager\tests\Tests\DataManagersTest.cs(19,10): error CS0518: Predefined type 'System.Object' is not defined or imported
C:\gh\azure-sdk-for-net\sdk\hybriddatamanager\Microsoft.Azure.Management.HybridDataManager\tests\Tests\DataManagersTest.cs(19,10): error CS0246: The type or namespace name 'FactAttribute' could not be found (are you missing a using directive or an assembly reference?)
C:\gh\azure-sdk-for-net\sdk\hybriddatamanager\Microsoft.Azure.Management.HybridDataManager\tests\Tests\DataManagersTest.cs(19,10): error CS0246: The type or namespace name 'Fact' could not be found (are you missing a using directive or an assembly reference?)
C:\gh\azure-sdk-for-net\sdk\hybriddatamanager\Microsoft.Azure.Management.HybridDataManager\tests\Tests\OperationsTest.cs(16,10): error CS0518: Predefined type 'System.Object' is not defined or imported
C:\gh\azure-sdk-for-net\sdk\hybriddatamanager\Microsoft.Azure.Management.HybridDataManager\tests\Tests\OperationsTest.cs(16,10): error CS0246: The type or namespace name 'FactAttribute' could not be found (are you missing a using directive or an assembly reference?)
C:\gh\azure-sdk-for-net\sdk\hybriddatamanager\Microsoft.Azure.Management.HybridDataManager\tests\Tests\OperationsTest.cs(16,10): error CS0246: The type or namespace name 'Fact' could not be found (are you missing a using directive or an assembly reference?)
C:\gh\azure-sdk-for-net\sdk\hybriddatamanager\Microsoft.Azure.Management.HybridDataManager\tests\Tests\DataStoresTest.cs(18,10): error CS0518: Predefined type 'System.Object' is not defined or imported
C:\gh\azure-sdk-for-net\sdk\hybriddatamanager\Microsoft.Azure.Management.HybridDataManager\tests\Tests\DataStoresTest.cs(18,10): error CS0246: The type or namespace name 'FactAttribute' could not be found (are you missing a using directive or an assembly reference?)
C:\gh\azure-sdk-for-net\sdk\hybriddatamanager\Microsoft.Azure.Management.HybridDataManager\tests\Tests\DataStoresTest.cs(18,10): error CS0246: The type or namespace name 'Fact' could not be found (are you missing a using directive or an assembly reference?)
C:\gh\azure-sdk-for-net\sdk\hybriddatamanager\Microsoft.Azure.Management.HybridDataManager\tests\Tests\PublicKeysTest.cs(15,10): error CS0518: Predefined type 'System.Object' is not defined or imported
C:\gh\azure-sdk-for-net\sdk\hybriddatamanager\Microsoft.Azure.Management.HybridDataManager\tests\Tests\PublicKeysTest.cs(15,10): error CS0246: The type or namespace name 'FactAttribute' could not be found (are you missing a using directive or an assembly reference?)
C:\gh\azure-sdk-for-net\sdk\hybriddatamanager\Microsoft.Azure.Management.HybridDataManager\tests\Tests\PublicKeysTest.cs(15,10): error CS0246: The type or namespace name 'Fact' could not be found (are you missing a using directive or an assembly reference?)
C:\gh\azure-sdk-for-net\sdk\hybriddatamanager\Microsoft.Azure.Management.HybridDataManager\tests\Tests\DataServicesTest.cs(31,10): error CS0518: Predefined type 'System.Object' is not defined or imported
C:\gh\azure-sdk-for-net\sdk\hybriddatamanager\Microsoft.Azure.Management.HybridDataManager\tests\Tests\DataServicesTest.cs(31,10): error CS0246: The type or namespace name 'FactAttribute' could not be found (are you missing a using directive or an assembly reference?)
C:\gh\azure-sdk-for-net\sdk\hybriddatamanager\Microsoft.Azure.Management.HybridDataManager\tests\Tests\DataServicesTest.cs(31,10): error CS0246: The type or namespace name 'Fact' could not be found (are you missing a using directive or an assembly reference?)
C:\gh\azure-sdk-for-net\sdk\hybriddatamanager\Microsoft.Azure.Management.HybridDataManager\tests\Tests\DataManagersTest.cs(34,10): error CS0518: Predefined type 'System.Object' is not defined or imported
C:\gh\azure-sdk-for-net\sdk\hybriddatamanager\Microsoft.Azure.Management.HybridDataManager\tests\Tests\DataManagersTest.cs(34,10): error CS0246: The type or namespace name 'FactAttribute' could not be found (are you missing a using directive or an assembly reference?)
C:\gh\azure-sdk-for-net\sdk\hybriddatamanager\Microsoft.Azure.Management.HybridDataManager\tests\Tests\DataManagersTest.cs(34,10): error CS0246: The type or namespace name 'Fact' could not be found (are you missing a using directive or an assembly reference?)
C:\gh\azure-sdk-for-net\sdk\hybriddatamanager\Microsoft.Azure.Management.HybridDataManager\tests\Tests\TestConstants.cs(10,51): error CS0518: Predefined type 'System.String' is not defined or imported
C:\gh\azure-sdk-for-net\sdk\hybriddatamanager\Microsoft.Azure.Management.HybridDataManager\tests\Tests\DataStoresTest.cs(33,10): error CS0518: Predefined type 'System.Object' is not defined or imported
C:\gh\azure-sdk-for-net\sdk\hybriddatamanager\Microsoft.Azure.Management.HybridDataManager\tests\Tests\DataStoresTest.cs(33,10): error CS0246: The type or namespace name 'FactAttribute' could not be found (are you missing a using directive or an assembly reference?)
C:\gh\azure-sdk-for-net\sdk\hybriddatamanager\Microsoft.Azure.Management.HybridDataManager\tests\Tests\DataStoresTest.cs(33,10): error CS0246: The type or namespace name 'Fact' could not be found (are you missing a using directive or an assembly reference?)
C:\gh\azure-sdk-for-net\sdk\hybriddatamanager\Microsoft.Azure.Management.HybridDataManager\tests\Tests\TestConstants.cs(11,53): error CS0518: Predefined type 'System.String' is not defined or imported
C:\gh\azure-sdk-for-net\sdk\hybriddatamanager\Microsoft.Azure.Management.HybridDataManager\tests\Tests\PublicKeysTest.cs(32,10): error CS0518: Predefined type 'System.Object' is not defined or imported
C:\gh\azure-sdk-for-net\sdk\hybriddatamanager\Microsoft.Azure.Management.HybridDataManager\tests\Tests\PublicKeysTest.cs(32,10): error CS0246: The type or namespace name 'FactAttribute' could not be found (are you missing a using directive or an assembly reference?)
C:\gh\azure-sdk-for-net\sdk\hybriddatamanager\Microsoft.Azure.Management.HybridDataManager\tests\Tests\PublicKeysTest.cs(32,10): error CS0246: The type or namespace name 'Fact' could not be found (are you missing a using directive or an assembly reference?)
C:\gh\azure-sdk-for-net\sdk\hybriddatamanager\Microsoft.Azure.Management.HybridDataManager\tests\Tests\DataManagersTest.cs(49,10): error CS0518: Predefined type 'System.Object' is not defined or imported
C:\gh\azure-sdk-for-net\sdk\hybriddatamanager\Microsoft.Azure.Management.HybridDataManager\tests\Tests\DataManagersTest.cs(49,10): error CS0246: The type or namespace name 'FactAttribute' could not be found (are you missing a using directive or an assembly reference?)
C:\gh\azure-sdk-for-net\sdk\hybriddatamanager\Microsoft.Azure.Management.HybridDataManager\tests\Tests\DataManagersTest.cs(49,10): error CS0246: The type or namespace name 'Fact' could not be found (are you missing a using directive or an assembly reference?)
C:\gh\azure-sdk-for-net\sdk\hybriddatamanager\Microsoft.Azure.Management.HybridDataManager\tests\Tests\JobsTest.cs(20,10): error CS0518: Predefined type 'System.Object' is not defined or imported
C:\gh\azure-sdk-for-net\sdk\hybriddatamanager\Microsoft.Azure.Management.HybridDataManager\tests\Tests\JobsTest.cs(20,10): error CS0246: The type or namespace name 'FactAttribute' could not be found (are you missing a using directive or an assembly reference?)
C:\gh\azure-sdk-for-net\sdk\hybriddatamanager\Microsoft.Azure.Management.HybridDataManager\tests\Tests\JobsTest.cs(20,10): error CS0246: The type or namespace name 'Fact' could not be found (are you missing a using directive or an assembly reference?)
C:\gh\azure-sdk-for-net\sdk\hybriddatamanager\Microsoft.Azure.Management.HybridDataManager\tests\Tests\JobDefinitionsTest.cs(19,10): error CS0518: Predefined type 'System.Object' is not defined or imported
C:\gh\azure-sdk-for-net\sdk\hybriddatamanager\Microsoft.Azure.Management.HybridDataManager\tests\Tests\JobDefinitionsTest.cs(19,10): error CS0246: The type or namespace name 'FactAttribute' could not be found (are you missing a using directive or an assembly reference?)
C:\gh\azure-sdk-for-net\sdk\hybriddatamanager\Microsoft.Azure.Management.HybridDataManager\tests\Tests\JobDefinitionsTest.cs(19,10): error CS0246: The type or namespace name 'Fact' could not be found (are you missing a using directive or an assembly reference?)
C:\gh\azure-sdk-for-net\sdk\hybriddatamanager\Microsoft.Azure.Management.HybridDataManager\tests\Tests\DataStoresTest.cs(57,10): error CS0518: Predefined type 'System.Object' is not defined or imported
C:\gh\azure-sdk-for-net\sdk\hybriddatamanager\Microsoft.Azure.Management.HybridDataManager\tests\Tests\DataStoresTest.cs(57,10): error CS0246: The type or namespace name 'FactAttribute' could not be found (are you missing a using directive or an assembly reference?)
C:\gh\azure-sdk-for-net\sdk\hybriddatamanager\Microsoft.Azure.Management.HybridDataManager\tests\Tests\DataStoresTest.cs(57,10): error CS0246: The type or namespace name 'Fact' could not be found (are you missing a using directive or an assembly reference?)
C:\gh\azure-sdk-for-net\sdk\hybriddatamanager\Microsoft.Azure.Management.HybridDataManager\tests\Tests\JobsTest.cs(39,10): error CS0518: Predefined type 'System.Object' is not defined or imported
C:\gh\azure-sdk-for-net\sdk\hybriddatamanager\Microsoft.Azure.Management.HybridDataManager\tests\Tests\JobsTest.cs(39,10): error CS0246: The type or namespace name 'FactAttribute' could not be found (are you missing a using directive or an assembly reference?)
C:\gh\azure-sdk-for-net\sdk\hybriddatamanager\Microsoft.Azure.Management.HybridDataManager\tests\Tests\JobsTest.cs(39,10): error CS0246: The type or namespace name 'Fact' could not be found (are you missing a using directive or an assembly reference?)
C:\gh\azure-sdk-for-net\sdk\hybriddatamanager\Microsoft.Azure.Management.HybridDataManager\tests\Tests\DataManagersTest.cs(65,10): error CS0518: Predefined type 'System.Object' is not defined or imported
C:\gh\azure-sdk-for-net\sdk\hybriddatamanager\Microsoft.Azure.Management.HybridDataManager\tests\Tests\DataManagersTest.cs(65,10): error CS0246: The type or namespace name 'FactAttribute' could not be found (are you missing a using directive or an assembly reference?)
C:\gh\azure-sdk-for-net\sdk\hybriddatamanager\Microsoft.Azure.Management.HybridDataManager\tests\Tests\DataManagersTest.cs(65,10): error CS0246: The type or namespace name 'Fact' could not be found (are you missing a using directive or an assembly reference?)
C:\gh\azure-sdk-for-net\sdk\hybriddatamanager\Microsoft.Azure.Management.HybridDataManager\tests\Tests\DataStoreTypesTest.cs(23,10): error CS0518: Predefined type 'System.Object' is not defined or imported
C:\gh\azure-sdk-for-net\sdk\hybriddatamanager\Microsoft.Azure.Management.HybridDataManager\tests\Tests\DataStoreTypesTest.cs(23,10): error CS0246: The type or namespace name 'FactAttribute' could not be found (are you missing a using directive or an assembly reference?)
C:\gh\azure-sdk-for-net\sdk\hybriddatamanager\Microsoft.Azure.Management.HybridDataManager\tests\Tests\DataStoreTypesTest.cs(23,10): error CS0246: The type or namespace name 'Fact' could not be found (are you missing a using directive or an assembly reference?)
C:\gh\azure-sdk-for-net\sdk\hybriddatamanager\Microsoft.Azure.Management.HybridDataManager\tests\Tests\JobDefinitionsTest.cs(36,10): error CS0518: Predefined type 'System.Object' is not defined or imported
C:\gh\azure-sdk-for-net\sdk\hybriddatamanager\Microsoft.Azure.Management.HybridDataManager\tests\Tests\JobDefinitionsTest.cs(36,10): error CS0246: The type or namespace name 'FactAttribute' could not be found (are you missing a using directive or an assembly reference?)
C:\gh\azure-sdk-for-net\sdk\hybriddatamanager\Microsoft.Azure.Management.HybridDataManager\tests\Tests\JobDefinitionsTest.cs(36,10): error CS0246: The type or namespace name 'Fact' could not be found (are you missing a using directive or an assembly reference?)
C:\gh\azure-sdk-for-net\sdk\hybriddatamanager\Microsoft.Azure.Management.HybridDataManager\tests\Tests\DataStoresTest.cs(88,10): error CS0518: Predefined type 'System.Object' is not defined or imported
C:\gh\azure-sdk-for-net\sdk\hybriddatamanager\Microsoft.Azure.Management.HybridDataManager\tests\Tests\DataStoresTest.cs(88,10): error CS0246: The type or namespace name 'FactAttribute' could not be found (are you missing a using directive or an assembly reference?)
C:\gh\azure-sdk-for-net\sdk\hybriddatamanager\Microsoft.Azure.Management.HybridDataManager\tests\Tests\DataStoresTest.cs(88,10): error CS0246: The type or namespace name 'Fact' could not be found (are you missing a using directive or an assembly reference?)
C:\gh\azure-sdk-for-net\sdk\hybriddatamanager\Microsoft.Azure.Management.HybridDataManager\tests\Tests\JobsTest.cs(64,10): error CS0518: Predefined type 'System.Object' is not defined or imported
C:\gh\azure-sdk-for-net\sdk\hybriddatamanager\Microsoft.Azure.Management.HybridDataManager\tests\Tests\JobsTest.cs(64,10): error CS0246: The type or namespace name 'FactAttribute' could not be found (are you missing a using directive or an assembly reference?)
C:\gh\azure-sdk-for-net\sdk\hybriddatamanager\Microsoft.Azure.Management.HybridDataManager\tests\Tests\JobsTest.cs(64,10): error CS0246: The type or namespace name 'Fact' could not be found (are you missing a using directive or an assembly reference?)
C:\gh\azure-sdk-for-net\sdk\hybriddatamanager\Microsoft.Azure.Management.HybridDataManager\tests\Tests\DataManagersTest.cs(83,10): error CS0518: Predefined type 'System.Object' is not defined or imported
C:\gh\azure-sdk-for-net\sdk\hybriddatamanager\Microsoft.Azure.Management.HybridDataManager\tests\Tests\DataManagersTest.cs(83,10): error CS0246: The type or namespace name 'FactAttribute' could not be found (are you missing a using directive or an assembly reference?)
C:\gh\azure-sdk-for-net\sdk\hybriddatamanager\Microsoft.Azure.Management.HybridDataManager\tests\Tests\DataManagersTest.cs(83,10): error CS0246: The type or namespace name 'Fact' could not be found (are you missing a using directive or an assembly reference?)
C:\gh\azure-sdk-for-net\sdk\hybriddatamanager\Microsoft.Azure.Management.HybridDataManager\tests\Tests\DataStoreTypesTest.cs(39,10): error CS0518: Predefined type 'System.Object' is not defined or imported
C:\gh\azure-sdk-for-net\sdk\hybriddatamanager\Microsoft.Azure.Management.HybridDataManager\tests\Tests\DataStoreTypesTest.cs(39,10): error CS0246: The type or namespace name 'FactAttribute' could not be found (are you missing a using directive or an assembly reference?)
C:\gh\azure-sdk-for-net\sdk\hybriddatamanager\Microsoft.Azure.Management.HybridDataManager\tests\Tests\DataStoreTypesTest.cs(39,10): error CS0246: The type or namespace name 'Fact' could not be found (are you missing a using directive or an assembly reference?)
C:\gh\azure-sdk-for-net\sdk\hybriddatamanager\Microsoft.Azure.Management.HybridDataManager\tests\Tests\DataStoresTest.cs(119,10): error CS0518: Predefined type 'System.Object' is not defined or imported
C:\gh\azure-sdk-for-net\sdk\hybriddatamanager\Microsoft.Azure.Management.HybridDataManager\tests\Tests\DataStoresTest.cs(119,10): error CS0246: The type or namespace name 'FactAttribute' could not be found (are you missing a using directive or an assembly reference?)
C:\gh\azure-sdk-for-net\sdk\hybriddatamanager\Microsoft.Azure.Management.HybridDataManager\tests\Tests\DataStoresTest.cs(119,10): error CS0246: The type or namespace name 'Fact' could not be found (are you missing a using directive or an assembly reference?)
C:\gh\azure-sdk-for-net\sdk\hybriddatamanager\Microsoft.Azure.Management.HybridDataManager\tests\Tests\JobDefinitionsTest.cs(54,10): error CS0518: Predefined type 'System.Object' is not defined or imported
C:\gh\azure-sdk-for-net\sdk\hybriddatamanager\Microsoft.Azure.Management.HybridDataManager\tests\Tests\JobDefinitionsTest.cs(54,10): error CS0246: The type or namespace name 'FactAttribute' could not be found (are you missing a using directive or an assembly reference?)
C:\gh\azure-sdk-for-net\sdk\hybriddatamanager\Microsoft.Azure.Management.HybridDataManager\tests\Tests\JobDefinitionsTest.cs(54,10): error CS0246: The type or namespace name 'Fact' could not be found (are you missing a using directive or an assembly reference?)
C:\gh\azure-sdk-for-net\sdk\hybriddatamanager\Microsoft.Azure.Management.HybridDataManager\tests\Tests\JobsTest.cs(88,10): error CS0518: Predefined type 'System.Object' is not defined or imported
C:\gh\azure-sdk-for-net\sdk\hybriddatamanager\Microsoft.Azure.Management.HybridDataManager\tests\Tests\JobsTest.cs(88,10): error CS0246: The type or namespace name 'FactAttribute' could not be found (are you missing a using directive or an assembly reference?)
C:\gh\azure-sdk-for-net\sdk\hybriddatamanager\Microsoft.Azure.Management.HybridDataManager\tests\Tests\JobsTest.cs(88,10): error CS0246: The type or namespace name 'Fact' could not be found (are you missing a using directive or an assembly reference?)
C:\gh\azure-sdk-for-net\sdk\hybriddatamanager\Microsoft.Azure.Management.HybridDataManager\tests\Tests\HybridDataTestBase.cs(33,48): error CS0518: Predefined type 'System.Void' is not defined or imported
C:\gh\azure-sdk-for-net\sdk\hybriddatamanager\Microsoft.Azure.Management.HybridDataManager\tests\Tests\DataManagersTest.cs(104,10): error CS0518: Predefined type 'System.Object' is not defined or imported
C:\gh\azure-sdk-for-net\sdk\hybriddatamanager\Microsoft.Azure.Management.HybridDataManager\tests\Tests\DataManagersTest.cs(104,10): error CS0246: The type or namespace name 'FactAttribute' could not be found (are you missing a using directive or an assembly reference?)
C:\gh\azure-sdk-for-net\sdk\hybriddatamanager\Microsoft.Azure.Management.HybridDataManager\tests\Tests\DataManagersTest.cs(104,10): error CS0246: The type or namespace name 'Fact' could not be found (are you missing a using directive or an assembly reference?)
C:\gh\azure-sdk-for-net\sdk\hybriddatamanager\Microsoft.Azure.Management.HybridDataManager\tests\Tests\DataStoresTest.cs(146,10): error CS0518: Predefined type 'System.Object' is not defined or imported
C:\gh\azure-sdk-for-net\sdk\hybriddatamanager\Microsoft.Azure.Management.HybridDataManager\tests\Tests\DataStoresTest.cs(146,10): error CS0246: The type or namespace name 'FactAttribute' could not be found (are you missing a using directive or an assembly reference?)
C:\gh\azure-sdk-for-net\sdk\hybriddatamanager\Microsoft.Azure.Management.HybridDataManager\tests\Tests\DataStoresTest.cs(146,10): error CS0246: The type or namespace name 'Fact' could not be found (are you missing a using directive or an assembly reference?)
C:\gh\azure-sdk-for-net\sdk\hybriddatamanager\Microsoft.Azure.Management.HybridDataManager\tests\Tests\JobsTest.cs(107,10): error CS0518: Predefined type 'System.Object' is not defined or imported
C:\gh\azure-sdk-for-net\sdk\hybriddatamanager\Microsoft.Azure.Management.HybridDataManager\tests\Tests\JobsTest.cs(107,10): error CS0246: The type or namespace name 'FactAttribute' could not be found (are you missing a using directive or an assembly reference?)
C:\gh\azure-sdk-for-net\sdk\hybriddatamanager\Microsoft.Azure.Management.HybridDataManager\tests\Tests\JobsTest.cs(107,10): error CS0246: The type or namespace name 'Fact' could not be found (are you missing a using directive or an assembly reference?)
C:\gh\azure-sdk-for-net\sdk\hybriddatamanager\Microsoft.Azure.Management.HybridDataManager\tests\Tests\JobDefinitionsTest.cs(92,10): error CS0518: Predefined type 'System.Object' is not defined or imported
C:\gh\azure-sdk-for-net\sdk\hybriddatamanager\Microsoft.Azure.Management.HybridDataManager\tests\Tests\JobDefinitionsTest.cs(92,10): error CS0246: The type or namespace name 'FactAttribute' could not be found (are you missing a using directive or an assembly reference?)
C:\gh\azure-sdk-for-net\sdk\hybriddatamanager\Microsoft.Azure.Management.HybridDataManager\tests\Tests\JobDefinitionsTest.cs(92,10): error CS0246: The type or namespace name 'Fact' could not be found (are you missing a using directive or an assembly reference?)
C:\gh\azure-sdk-for-net\sdk\hybriddatamanager\Microsoft.Azure.Management.HybridDataManager\tests\Tests\JobsTest.cs(125,10): error CS0518: Predefined type 'System.Object' is not defined or imported
C:\gh\azure-sdk-for-net\sdk\hybriddatamanager\Microsoft.Azure.Management.HybridDataManager\tests\Tests\JobsTest.cs(125,10): error CS0246: The type or namespace name 'FactAttribute' could not be found (are you missing a using directive or an assembly reference?)
C:\gh\azure-sdk-for-net\sdk\hybriddatamanager\Microsoft.Azure.Management.HybridDataManager\tests\Tests\JobsTest.cs(125,10): error CS0246: The type or namespace name 'Fact' could not be found (are you missing a using directive or an assembly reference?)
C:\gh\azure-sdk-for-net\sdk\hybriddatamanager\Microsoft.Azure.Management.HybridDataManager\tests\Tests\JobDefinitionsTest.cs(119,10): error CS0518: Predefined type 'System.Object' is not defined or imported
C:\gh\azure-sdk-for-net\sdk\hybriddatamanager\Microsoft.Azure.Management.HybridDataManager\tests\Tests\JobDefinitionsTest.cs(119,10): error CS0246: The type or namespace name 'FactAttribute' could not be found (are you missing a using directive or an assembly reference?)
C:\gh\azure-sdk-for-net\sdk\hybriddatamanager\Microsoft.Azure.Management.HybridDataManager\tests\Tests\JobDefinitionsTest.cs(119,10): error CS0246: The type or namespace name 'Fact' could not be found (are you missing a using directive or an assembly reference?)
C:\gh\azure-sdk-for-net\sdk\hybriddatamanager\Microsoft.Azure.Management.HybridDataManager\tests\Tests\HybridDataTestBase.cs(35,46): error CS0518: Predefined type 'System.Void' is not defined or imported
C:\gh\azure-sdk-for-net\sdk\hybriddatamanager\Microsoft.Azure.Management.HybridDataManager\tests\Tests\JobDefinitionsTest.cs(136,10): error CS0518: Predefined type 'System.Object' is not defined or imported
C:\gh\azure-sdk-for-net\sdk\hybriddatamanager\Microsoft.Azure.Management.HybridDataManager\tests\Tests\JobDefinitionsTest.cs(136,10): error CS0246: The type or namespace name 'FactAttribute' could not be found (are you missing a using directive or an assembly reference?)
C:\gh\azure-sdk-for-net\sdk\hybriddatamanager\Microsoft.Azure.Management.HybridDataManager\tests\Tests\JobDefinitionsTest.cs(136,10): error CS0246: The type or namespace name 'Fact' could not be found (are you missing a using directive or an assembly reference?)
C:\gh\azure-sdk-for-net\sdk\hybriddatamanager\Microsoft.Azure.Management.HybridDataManager\tests\Tests\HybridDataTestBase.cs(37,46): error CS0518: Predefined type 'System.Void' is not defined or imported
C:\gh\azure-sdk-for-net\sdk\hybriddatamanager\Microsoft.Azure.Management.HybridDataManager\tests\Tests\HybridDataTestBase.cs(39,48): error CS0518: Predefined type 'System.Void' is not defined or imported
C:\gh\azure-sdk-for-net\sdk\hybriddatamanager\Microsoft.Azure.Management.HybridDataManager\tests\Tests\HybridDataTestBase.cs(41,45): error CS0518: Predefined type 'System.Void' is not defined or imported
C:\gh\azure-sdk-for-net\sdk\hybriddatamanager\Microsoft.Azure.Management.HybridDataManager\tests\Tests\HybridDataTestBase.cs(43,46): error CS0518: Predefined type 'System.Void' is not defined or imported
C:\gh\azure-sdk-for-net\sdk\hybriddatamanager\Microsoft.Azure.Management.HybridDataManager\tests\Tests\HybridDataTestBase.cs(45,57): error CS0518: Predefined type 'System.Void' is not defined or imported
C:\gh\azure-sdk-for-net\sdk\hybriddatamanager\Microsoft.Azure.Management.HybridDataManager\tests\Tests\HybridDataTestBase.cs(47,67): error CS0518: Predefined type 'System.Void' is not defined or imported
C:\gh\azure-sdk-for-net\sdk\hybriddatamanager\Microsoft.Azure.Management.HybridDataManager\tests\Tests\HybridDataTestBase.cs(49,59): error CS0518: Predefined type 'System.Void' is not defined or imported
C:\gh\azure-sdk-for-net\sdk\hybriddatamanager\Microsoft.Azure.Management.HybridDataManager\tests\Tests\HybridDataTestBase.cs(99,9): error CS0518: Predefined type 'System.Void' is not defined or imported
C:\gh\azure-sdk-for-net\sdk\hybriddatamanager\Microsoft.Azure.Management.HybridDataManager\tests\Tests\HybridDataTestBase.cs(33,16): error CS0518: Predefined type 'System.String' is not defined or imported
C:\gh\azure-sdk-for-net\sdk\hybriddatamanager\Microsoft.Azure.Management.HybridDataManager\tests\Tests\HybridDataTestBase.cs(35,16): error CS0518: Predefined type 'System.String' is not defined or imported
C:\gh\azure-sdk-for-net\sdk\hybriddatamanager\Microsoft.Azure.Management.HybridDataManager\tests\Tests\HybridDataTestBase.cs(37,16): error CS0518: Predefined type 'System.String' is not defined or imported
C:\gh\azure-sdk-for-net\sdk\hybriddatamanager\Microsoft.Azure.Management.HybridDataManager\tests\Tests\HybridDataTestBase.cs(39,16): error CS0518: Predefined type 'System.String' is not defined or imported
C:\gh\azure-sdk-for-net\sdk\hybriddatamanager\Microsoft.Azure.Management.HybridDataManager\tests\Tests\HybridDataTestBase.cs(41,16): error CS0518: Predefined type 'System.String' is not defined or imported
C:\gh\azure-sdk-for-net\sdk\hybriddatamanager\Microsoft.Azure.Management.HybridDataManager\tests\Tests\HybridDataTestBase.cs(43,19): error CS0518: Predefined type 'System.Object' is not defined or imported
C:\gh\azure-sdk-for-net\sdk\hybriddatamanager\Microsoft.Azure.Management.HybridDataManager\tests\Tests\HybridDataTestBase.cs(43,19): error CS0246: The type or namespace name 'MockContext' could not be found (are you missing a using directive or an assembly reference?)
C:\gh\azure-sdk-for-net\sdk\hybriddatamanager\Microsoft.Azure.Management.HybridDataManager\tests\Tests\HybridDataTestBase.cs(45,16): error CS0518: Predefined type 'System.Object' is not defined or imported
C:\gh\azure-sdk-for-net\sdk\hybriddatamanager\Microsoft.Azure.Management.HybridDataManager\tests\Tests\HybridDataTestBase.cs(47,16): error CS0518: Predefined type 'System.String' is not defined or imported
C:\gh\azure-sdk-for-net\sdk\hybriddatamanager\Microsoft.Azure.Management.HybridDataManager\tests\Tests\HybridDataTestBase.cs(49,16): error CS0518: Predefined type 'System.String' is not defined or imported
C:\gh\azure-sdk-for-net\sdk\hybriddatamanager\Microsoft.Azure.Management.HybridDataManager\tests\Tests\HybridDataTestBase.cs(19,36): error CS0161: 'CustomLoginCredentials.ProcessHttpRequestAsync(HttpRequestMessage, CancellationToken)': not all code paths return a value
C:\gh\azure-sdk-for-net\sdk\hybriddatamanager\Microsoft.Azure.Management.HybridDataManager\tests\Tests\JobDefinitionsTest.cs(15,33): error CS0518: Predefined type 'System.Object' is not defined or imported
C:\gh\azure-sdk-for-net\sdk\hybriddatamanager\Microsoft.Azure.Management.HybridDataManager\tests\Tests\JobsTest.cs(15,33): error CS0518: Predefined type 'System.Object' is not defined or imported
C:\gh\azure-sdk-for-net\sdk\hybriddatamanager\Microsoft.Azure.Management.HybridDataManager\tests\Tests\OperationsTest.cs(22,34): error CS0246: The type or namespace name 'IEnumerable<>' could not be found (are you missing a using directive or an assembly reference?)
C:\gh\azure-sdk-for-net\sdk\hybriddatamanager\Microsoft.Azure.Management.HybridDataManager\tests\Tests\OperationsTest.cs(22,34): error CS0246: The type or namespace name 'IPage<>' could not be found (are you missing a using directive or an assembly reference?)
C:\gh\azure-sdk-for-net\sdk\hybriddatamanager\Microsoft.Azure.Management.HybridDataManager\tests\Tests\OperationsTest.cs(23,17): error CS0518: Predefined type 'System.Object' is not defined or imported
C:\gh\azure-sdk-for-net\sdk\hybriddatamanager\Microsoft.Azure.Management.HybridDataManager\tests\Tests\OperationsTest.cs(23,17): error CS0103: The name 'Assert' does not exist in the current context
C:\gh\azure-sdk-for-net\sdk\hybriddatamanager\Microsoft.Azure.Management.HybridDataManager\tests\Tests\OperationsTest.cs(25,20): error CS0518: Predefined type 'System.Object' is not defined or imported
C:\gh\azure-sdk-for-net\sdk\hybriddatamanager\Microsoft.Azure.Management.HybridDataManager\tests\Tests\OperationsTest.cs(25,20): error CS0246: The type or namespace name 'Exception' could not be found (are you missing a using directive or an assembly reference?)
C:\gh\azure-sdk-for-net\sdk\hybriddatamanager\Microsoft.Azure.Management.HybridDataManager\tests\Tests\OperationsTest.cs(27,17): error CS0518: Predefined type 'System.Object' is not defined or imported
C:\gh\azure-sdk-for-net\sdk\hybriddatamanager\Microsoft.Azure.Management.HybridDataManager\tests\Tests\OperationsTest.cs(27,17): error CS0103: The name 'Assert' does not exist in the current context
C:\gh\azure-sdk-for-net\sdk\hybriddatamanager\Microsoft.Azure.Management.HybridDataManager\tests\Tests\JobDefinitionsTest.cs(24,40): error CS0246: The type or namespace name 'IPage<>' could not be found (are you missing a using directive or an assembly reference?)
C:\gh\azure-sdk-for-net\sdk\hybriddatamanager\Microsoft.Azure.Management.HybridDataManager\tests\Tests\JobDefinitionsTest.cs(27,17): error CS0518: Predefined type 'System.Object' is not defined or imported
C:\gh\azure-sdk-for-net\sdk\hybriddatamanager\Microsoft.Azure.Management.HybridDataManager\tests\Tests\JobDefinitionsTest.cs(27,17): error CS0103: The name 'Assert' does not exist in the current context
C:\gh\azure-sdk-for-net\sdk\hybriddatamanager\Microsoft.Azure.Management.HybridDataManager\tests\Tests\JobDefinitionsTest.cs(29,20): error CS0518: Predefined type 'System.Object' is not defined or imported
C:\gh\azure-sdk-for-net\sdk\hybriddatamanager\Microsoft.Azure.Management.HybridDataManager\tests\Tests\JobDefinitionsTest.cs(29,20): error CS0246: The type or namespace name 'Exception' could not be found (are you missing a using directive or an assembly reference?)
C:\gh\azure-sdk-for-net\sdk\hybriddatamanager\Microsoft.Azure.Management.HybridDataManager\tests\Tests\JobDefinitionsTest.cs(31,17): error CS0518: Predefined type 'System.Object' is not defined or imported
C:\gh\azure-sdk-for-net\sdk\hybriddatamanager\Microsoft.Azure.Management.HybridDataManager\tests\Tests\JobDefinitionsTest.cs(31,17): error CS0103: The name 'Assert' does not exist in the current context
C:\gh\azure-sdk-for-net\sdk\hybriddatamanager\Microsoft.Azure.Management.HybridDataManager\tests\Tests\DataStoreTypesTest.cs(28,41): error CS0246: The type or namespace name 'IPage<>' could not be found (are you missing a using directive or an assembly reference?)
C:\gh\azure-sdk-for-net\sdk\hybriddatamanager\Microsoft.Azure.Management.HybridDataManager\tests\Tests\DataStoreTypesTest.cs(29,17): error CS0518: Predefined type 'System.Object' is not defined or imported
C:\gh\azure-sdk-for-net\sdk\hybriddatamanager\Microsoft.Azure.Management.HybridDataManager\tests\Tests\DataStoreTypesTest.cs(29,17): error CS0103: The name 'Assert' does not exist in the current context
C:\gh\azure-sdk-for-net\sdk\hybriddatamanager\Microsoft.Azure.Management.HybridDataManager\tests\Tests\DataStoreTypesTest.cs(30,17): error CS0518: Predefined type 'System.Object' is not defined or imported
C:\gh\azure-sdk-for-net\sdk\hybriddatamanager\Microsoft.Azure.Management.HybridDataManager\tests\Tests\DataStoreTypesTest.cs(30,17): error CS0103: The name 'Assert' does not exist in the current context
C:\gh\azure-sdk-for-net\sdk\hybriddatamanager\Microsoft.Azure.Management.HybridDataManager\tests\Tests\DataStoreTypesTest.cs(32,20): error CS0518: Predefined type 'System.Object' is not defined or imported
C:\gh\azure-sdk-for-net\sdk\hybriddatamanager\Microsoft.Azure.Management.HybridDataManager\tests\Tests\DataStoreTypesTest.cs(32,20): error CS0246: The type or namespace name 'Exception' could not be found (are you missing a using directive or an assembly reference?)
C:\gh\azure-sdk-for-net\sdk\hybriddatamanager\Microsoft.Azure.Management.HybridDataManager\tests\Tests\DataStoreTypesTest.cs(34,17): error CS0518: Predefined type 'System.Object' is not defined or imported
C:\gh\azure-sdk-for-net\sdk\hybriddatamanager\Microsoft.Azure.Management.HybridDataManager\tests\Tests\DataStoreTypesTest.cs(34,17): error CS0103: The name 'Assert' does not exist in the current context
C:\gh\azure-sdk-for-net\sdk\hybriddatamanager\Microsoft.Azure.Management.HybridDataManager\tests\Tests\DataManagersTest.cs(24,40): error CS0246: The type or namespace name 'IEnumerable<>' could not be found (are you missing a using directive or an assembly reference?)
C:\gh\azure-sdk-for-net\sdk\hybriddatamanager\Microsoft.Azure.Management.HybridDataManager\tests\Tests\DataManagersTest.cs(24,40): error CS0246: The type or namespace name 'IPage<>' could not be found (are you missing a using directive or an assembly reference?)
C:\gh\azure-sdk-for-net\sdk\hybriddatamanager\Microsoft.Azure.Management.HybridDataManager\tests\Tests\DataManagersTest.cs(24,70): error CS0518: Predefined type 'System.Object' is not defined or imported
C:\gh\azure-sdk-for-net\sdk\hybriddatamanager\Microsoft.Azure.Management.HybridDataManager\tests\Tests\DataManagersTest.cs(24,70): error CS0246: The type or namespace name 'IPage<>' could not be found (are you missing a using directive or an assembly reference?)
C:\gh\azure-sdk-for-net\sdk\hybriddatamanager\Microsoft.Azure.Management.HybridDataManager\tests\Tests\DataManagersTest.cs(24,76): error CS0518: Predefined type 'System.Object' is not defined or imported
C:\gh\azure-sdk-for-net\sdk\hybriddatamanager\Microsoft.Azure.Management.HybridDataManager\tests\Tests\DataManagersTest.cs(25,17): error CS0518: Predefined type 'System.Object' is not defined or imported
C:\gh\azure-sdk-for-net\sdk\hybriddatamanager\Microsoft.Azure.Management.HybridDataManager\tests\Tests\DataManagersTest.cs(25,17): error CS0103: The name 'Assert' does not exist in the current context
C:\gh\azure-sdk-for-net\sdk\hybriddatamanager\Microsoft.Azure.Management.HybridDataManager\tests\Tests\DataManagersTest.cs(27,20): error CS0518: Predefined type 'System.Object' is not defined or imported
C:\gh\azure-sdk-for-net\sdk\hybriddatamanager\Microsoft.Azure.Management.HybridDataManager\tests\Tests\DataManagersTest.cs(27,20): error CS0246: The type or namespace name 'Exception' could not be found (are you missing a using directive or an assembly reference?)
C:\gh\azure-sdk-for-net\sdk\hybriddatamanager\Microsoft.Azure.Management.HybridDataManager\tests\Tests\DataManagersTest.cs(29,17): error CS0518: Predefined type 'System.Object' is not defined or imported
C:\gh\azure-sdk-for-net\sdk\hybriddatamanager\Microsoft.Azure.Management.HybridDataManager\tests\Tests\DataManagersTest.cs(29,17): error CS0103: The name 'Assert' does not exist in the current context
C:\gh\azure-sdk-for-net\sdk\hybriddatamanager\Microsoft.Azure.Management.HybridDataManager\tests\Tests\DataServicesTest.cs(21,39): error CS0246: The type or namespace name 'IPage<>' could not be found (are you missing a using directive or an assembly reference?)
C:\gh\azure-sdk-for-net\sdk\hybriddatamanager\Microsoft.Azure.Management.HybridDataManager\tests\Tests\DataServicesTest.cs(22,17): error CS0518: Predefined type 'System.Object' is not defined or imported
C:\gh\azure-sdk-for-net\sdk\hybriddatamanager\Microsoft.Azure.Management.HybridDataManager\tests\Tests\DataServicesTest.cs(22,17): error CS0103: The name 'Assert' does not exist in the current context
C:\gh\azure-sdk-for-net\sdk\hybriddatamanager\Microsoft.Azure.Management.HybridDataManager\tests\Tests\DataServicesTest.cs(23,17): error CS0518: Predefined type 'System.Object' is not defined or imported
C:\gh\azure-sdk-for-net\sdk\hybriddatamanager\Microsoft.Azure.Management.HybridDataManager\tests\Tests\DataServicesTest.cs(23,17): error CS0103: The name 'Assert' does not exist in the current context
C:\gh\azure-sdk-for-net\sdk\hybriddatamanager\Microsoft.Azure.Management.HybridDataManager\tests\Tests\DataServicesTest.cs(25,20): error CS0518: Predefined type 'System.Object' is not defined or imported
C:\gh\azure-sdk-for-net\sdk\hybriddatamanager\Microsoft.Azure.Management.HybridDataManager\tests\Tests\DataServicesTest.cs(25,20): error CS0246: The type or namespace name 'Exception' could not be found (are you missing a using directive or an assembly reference?)
C:\gh\azure-sdk-for-net\sdk\hybriddatamanager\Microsoft.Azure.Management.HybridDataManager\tests\Tests\DataServicesTest.cs(27,17): error CS0518: Predefined type 'System.Object' is not defined or imported
C:\gh\azure-sdk-for-net\sdk\hybriddatamanager\Microsoft.Azure.Management.HybridDataManager\tests\Tests\DataServicesTest.cs(27,17): error CS0103: The name 'Assert' does not exist in the current context
C:\gh\azure-sdk-for-net\sdk\hybriddatamanager\Microsoft.Azure.Management.HybridDataManager\tests\Tests\PublicKeysTest.cs(21,38): error CS0246: The type or namespace name 'IPage<>' could not be found (are you missing a using directive or an assembly reference?)
C:\gh\azure-sdk-for-net\sdk\hybriddatamanager\Microsoft.Azure.Management.HybridDataManager\tests\Tests\PublicKeysTest.cs(22,17): error CS0518: Predefined type 'System.Object' is not defined or imported
C:\gh\azure-sdk-for-net\sdk\hybriddatamanager\Microsoft.Azure.Management.HybridDataManager\tests\Tests\PublicKeysTest.cs(22,17): error CS0103: The name 'Assert' does not exist in the current context
C:\gh\azure-sdk-for-net\sdk\hybriddatamanager\Microsoft.Azure.Management.HybridDataManager\tests\Tests\PublicKeysTest.cs(23,17): error CS0518: Predefined type 'System.Object' is not defined or imported
C:\gh\azure-sdk-for-net\sdk\hybriddatamanager\Microsoft.Azure.Management.HybridDataManager\tests\Tests\PublicKeysTest.cs(23,17): error CS0103: The name 'Assert' does not exist in the current context
C:\gh\azure-sdk-for-net\sdk\hybriddatamanager\Microsoft.Azure.Management.HybridDataManager\tests\Tests\PublicKeysTest.cs(25,20): error CS0518: Predefined type 'System.Object' is not defined or imported
C:\gh\azure-sdk-for-net\sdk\hybriddatamanager\Microsoft.Azure.Management.HybridDataManager\tests\Tests\PublicKeysTest.cs(25,20): error CS0246: The type or namespace name 'Exception' could not be found (are you missing a using directive or an assembly reference?)
C:\gh\azure-sdk-for-net\sdk\hybriddatamanager\Microsoft.Azure.Management.HybridDataManager\tests\Tests\PublicKeysTest.cs(27,17): error CS0518: Predefined type 'System.Object' is not defined or imported
C:\gh\azure-sdk-for-net\sdk\hybriddatamanager\Microsoft.Azure.Management.HybridDataManager\tests\Tests\PublicKeysTest.cs(27,17): error CS0103: The name 'Assert' does not exist in the current context
C:\gh\azure-sdk-for-net\sdk\hybriddatamanager\Microsoft.Azure.Management.HybridDataManager\tests\Tests\JobsTest.cs(25,25): error CS0518: Predefined type 'System.String' is not defined or imported
C:\gh\azure-sdk-for-net\sdk\hybriddatamanager\Microsoft.Azure.Management.HybridDataManager\tests\Tests\JobsTest.cs(26,27): error CS0518: Predefined type 'System.String' is not defined or imported
C:\gh\azure-sdk-for-net\sdk\hybriddatamanager\Microsoft.Azure.Management.HybridDataManager\tests\Tests\JobsTest.cs(31,17): error CS0518: Predefined type 'System.Object' is not defined or imported
C:\gh\azure-sdk-for-net\sdk\hybriddatamanager\Microsoft.Azure.Management.HybridDataManager\tests\Tests\JobsTest.cs(31,17): error CS0103: The name 'Assert' does not exist in the current context
C:\gh\azure-sdk-for-net\sdk\hybriddatamanager\Microsoft.Azure.Management.HybridDataManager\tests\Tests\JobsTest.cs(33,20): error CS0518: Predefined type 'System.Object' is not defined or imported
C:\gh\azure-sdk-for-net\sdk\hybriddatamanager\Microsoft.Azure.Management.HybridDataManager\tests\Tests\JobsTest.cs(33,20): error CS0246: The type or namespace name 'Exception' could not be found (are you missing a using directive or an assembly reference?)
C:\gh\azure-sdk-for-net\sdk\hybriddatamanager\Microsoft.Azure.Management.HybridDataManager\tests\Tests\JobsTest.cs(35,17): error CS0518: Predefined type 'System.Object' is not defined or imported
C:\gh\azure-sdk-for-net\sdk\hybriddatamanager\Microsoft.Azure.Management.HybridDataManager\tests\Tests\JobsTest.cs(35,17): error CS0103: The name 'Assert' does not exist in the current context
C:\gh\azure-sdk-for-net\sdk\hybriddatamanager\Microsoft.Azure.Management.HybridDataManager\tests\Tests\DataStoresTest.cs(23,37): error CS0246: The type or namespace name 'IPage<>' could not be found (are you missing a using directive or an assembly reference?)
C:\gh\azure-sdk-for-net\sdk\hybriddatamanager\Microsoft.Azure.Management.HybridDataManager\tests\Tests\DataStoresTest.cs(24,17): error CS0518: Predefined type 'System.Object' is not defined or imported
C:\gh\azure-sdk-for-net\sdk\hybriddatamanager\Microsoft.Azure.Management.HybridDataManager\tests\Tests\DataStoresTest.cs(24,17): error CS0103: The name 'Assert' does not exist in the current context
C:\gh\azure-sdk-for-net\sdk\hybriddatamanager\Microsoft.Azure.Management.HybridDataManager\tests\Tests\DataStoresTest.cs(26,20): error CS0518: Predefined type 'System.Object' is not defined or imported
C:\gh\azure-sdk-for-net\sdk\hybriddatamanager\Microsoft.Azure.Management.HybridDataManager\tests\Tests\DataStoresTest.cs(26,20): error CS0246: The type or namespace name 'Exception' could not be found (are you missing a using directive or an assembly reference?)
C:\gh\azure-sdk-for-net\sdk\hybriddatamanager\Microsoft.Azure.Management.HybridDataManager\tests\Tests\DataStoresTest.cs(28,17): error CS0518: Predefined type 'System.Object' is not defined or imported
C:\gh\azure-sdk-for-net\sdk\hybriddatamanager\Microsoft.Azure.Management.HybridDataManager\tests\Tests\DataStoresTest.cs(28,17): error CS0103: The name 'Assert' does not exist in the current context
C:\gh\azure-sdk-for-net\sdk\hybriddatamanager\Microsoft.Azure.Management.HybridDataManager\tests\Tests\DataManagersTest.cs(39,40): error CS0246: The type or namespace name 'IEnumerable<>' could not be found (are you missing a using directive or an assembly reference?)
C:\gh\azure-sdk-for-net\sdk\hybriddatamanager\Microsoft.Azure.Management.HybridDataManager\tests\Tests\DataManagersTest.cs(39,102): error CS0518: Predefined type 'System.Object' is not defined or imported
C:\gh\azure-sdk-for-net\sdk\hybriddatamanager\Microsoft.Azure.Management.HybridDataManager\tests\Tests\DataManagersTest.cs(39,102): error CS0246: The type or namespace name 'IPage<>' could not be found (are you missing a using directive or an assembly reference?)
C:\gh\azure-sdk-for-net\sdk\hybriddatamanager\Microsoft.Azure.Management.HybridDataManager\tests\Tests\DataManagersTest.cs(39,108): error CS0518: Predefined type 'System.Object' is not defined or imported
C:\gh\azure-sdk-for-net\sdk\hybriddatamanager\Microsoft.Azure.Management.HybridDataManager\tests\Tests\DataManagersTest.cs(40,17): error CS0518: Predefined type 'System.Object' is not defined or imported
C:\gh\azure-sdk-for-net\sdk\hybriddatamanager\Microsoft.Azure.Management.HybridDataManager\tests\Tests\DataManagersTest.cs(40,17): error CS0103: The name 'Assert' does not exist in the current context
C:\gh\azure-sdk-for-net\sdk\hybriddatamanager\Microsoft.Azure.Management.HybridDataManager\tests\Tests\DataManagersTest.cs(42,20): error CS0518: Predefined type 'System.Object' is not defined or imported
C:\gh\azure-sdk-for-net\sdk\hybriddatamanager\Microsoft.Azure.Management.HybridDataManager\tests\Tests\DataManagersTest.cs(42,20): error CS0246: The type or namespace name 'Exception' could not be found (are you missing a using directive or an assembly reference?)
C:\gh\azure-sdk-for-net\sdk\hybriddatamanager\Microsoft.Azure.Management.HybridDataManager\tests\Tests\DataManagersTest.cs(44,17): error CS0518: Predefined type 'System.Object' is not defined or imported
C:\gh\azure-sdk-for-net\sdk\hybriddatamanager\Microsoft.Azure.Management.HybridDataManager\tests\Tests\DataManagersTest.cs(44,17): error CS0103: The name 'Assert' does not exist in the current context
C:\gh\azure-sdk-for-net\sdk\hybriddatamanager\Microsoft.Azure.Management.HybridDataManager\tests\Tests\JobDefinitionsTest.cs(41,36): error CS0518: Predefined type 'System.String' is not defined or imported
C:\gh\azure-sdk-for-net\sdk\hybriddatamanager\Microsoft.Azure.Management.HybridDataManager\tests\Tests\JobDefinitionsTest.cs(45,17): error CS0518: Predefined type 'System.Object' is not defined or imported
C:\gh\azure-sdk-for-net\sdk\hybriddatamanager\Microsoft.Azure.Management.HybridDataManager\tests\Tests\JobDefinitionsTest.cs(45,17): error CS0103: The name 'Assert' does not exist in the current context
C:\gh\azure-sdk-for-net\sdk\hybriddatamanager\Microsoft.Azure.Management.HybridDataManager\tests\Tests\JobDefinitionsTest.cs(47,20): error CS0518: Predefined type 'System.Object' is not defined or imported
C:\gh\azure-sdk-for-net\sdk\hybriddatamanager\Microsoft.Azure.Management.HybridDataManager\tests\Tests\JobDefinitionsTest.cs(47,20): error CS0246: The type or namespace name 'Exception' could not be found (are you missing a using directive or an assembly reference?)
C:\gh\azure-sdk-for-net\sdk\hybriddatamanager\Microsoft.Azure.Management.HybridDataManager\tests\Tests\JobDefinitionsTest.cs(49,17): error CS0518: Predefined type 'System.Object' is not defined or imported
C:\gh\azure-sdk-for-net\sdk\hybriddatamanager\Microsoft.Azure.Management.HybridDataManager\tests\Tests\JobDefinitionsTest.cs(49,17): error CS0103: The name 'Assert' does not exist in the current context
C:\gh\azure-sdk-for-net\sdk\hybriddatamanager\Microsoft.Azure.Management.HybridDataManager\tests\Tests\DataServicesTest.cs(36,39): error CS0246: The type or namespace name 'IPage<>' could not be found (are you missing a using directive or an assembly reference?)
C:\gh\azure-sdk-for-net\sdk\hybriddatamanager\Microsoft.Azure.Management.HybridDataManager\tests\Tests\DataServicesTest.cs(37,17): error CS0518: Predefined type 'System.Object' is not defined or imported
C:\gh\azure-sdk-for-net\sdk\hybriddatamanager\Microsoft.Azure.Management.HybridDataManager\tests\Tests\DataServicesTest.cs(37,17): error CS0103: The name 'Assert' does not exist in the current context
C:\gh\azure-sdk-for-net\sdk\hybriddatamanager\Microsoft.Azure.Management.HybridDataManager\tests\Tests\DataServicesTest.cs(38,17): error CS0518: Predefined type 'System.Object' is not defined or imported
C:\gh\azure-sdk-for-net\sdk\hybriddatamanager\Microsoft.Azure.Management.HybridDataManager\tests\Tests\DataServicesTest.cs(38,17): error CS0103: The name 'Assert' does not exist in the current context
C:\gh\azure-sdk-for-net\sdk\hybriddatamanager\Microsoft.Azure.Management.HybridDataManager\tests\Tests\DataServicesTest.cs(41,47): error CS0518: Predefined type 'System.String' is not defined or imported
C:\gh\azure-sdk-for-net\sdk\hybriddatamanager\Microsoft.Azure.Management.HybridDataManager\tests\Tests\DataServicesTest.cs(43,21): error CS0518: Predefined type 'System.Object' is not defined or imported
C:\gh\azure-sdk-for-net\sdk\hybriddatamanager\Microsoft.Azure.Management.HybridDataManager\tests\Tests\DataServicesTest.cs(43,21): error CS0103: The name 'Assert' does not exist in the current context
C:\gh\azure-sdk-for-net\sdk\hybriddatamanager\Microsoft.Azure.Management.HybridDataManager\tests\Tests\DataServicesTest.cs(46,20): error CS0518: Predefined type 'System.Object' is not defined or imported
C:\gh\azure-sdk-for-net\sdk\hybriddatamanager\Microsoft.Azure.Management.HybridDataManager\tests\Tests\DataServicesTest.cs(46,20): error CS0246: The type or namespace name 'Exception' could not be found (are you missing a using directive or an assembly reference?)
C:\gh\azure-sdk-for-net\sdk\hybriddatamanager\Microsoft.Azure.Management.HybridDataManager\tests\Tests\DataServicesTest.cs(48,17): error CS0518: Predefined type 'System.Object' is not defined or imported
C:\gh\azure-sdk-for-net\sdk\hybriddatamanager\Microsoft.Azure.Management.HybridDataManager\tests\Tests\DataServicesTest.cs(48,17): error CS0103: The name 'Assert' does not exist in the current context
C:\gh\azure-sdk-for-net\sdk\hybriddatamanager\Microsoft.Azure.Management.HybridDataManager\tests\Tests\DataStoreTypesTest.cs(44,41): error CS0246: The type or namespace name 'IPage<>' could not be found (are you missing a using directive or an assembly reference?)
C:\gh\azure-sdk-for-net\sdk\hybriddatamanager\Microsoft.Azure.Management.HybridDataManager\tests\Tests\DataStoreTypesTest.cs(45,17): error CS0518: Predefined type 'System.Object' is not defined or imported
C:\gh\azure-sdk-for-net\sdk\hybriddatamanager\Microsoft.Azure.Management.HybridDataManager\tests\Tests\DataStoreTypesTest.cs(45,17): error CS0103: The name 'Assert' does not exist in the current context
C:\gh\azure-sdk-for-net\sdk\hybriddatamanager\Microsoft.Azure.Management.HybridDataManager\tests\Tests\DataStoreTypesTest.cs(46,17): error CS0518: Predefined type 'System.Object' is not defined or imported
C:\gh\azure-sdk-for-net\sdk\hybriddatamanager\Microsoft.Azure.Management.HybridDataManager\tests\Tests\DataStoreTypesTest.cs(46,17): error CS0103: The name 'Assert' does not exist in the current context
C:\gh\azure-sdk-for-net\sdk\hybriddatamanager\Microsoft.Azure.Management.HybridDataManager\tests\Tests\DataStoreTypesTest.cs(49,49): error CS0518: Predefined type 'System.String' is not defined or imported
C:\gh\azure-sdk-for-net\sdk\hybriddatamanager\Microsoft.Azure.Management.HybridDataManager\tests\Tests\DataStoreTypesTest.cs(50,21): error CS0518: Predefined type 'System.Object' is not defined or imported
C:\gh\azure-sdk-for-net\sdk\hybriddatamanager\Microsoft.Azure.Management.HybridDataManager\tests\Tests\DataStoreTypesTest.cs(50,21): error CS0103: The name 'Assert' does not exist in the current context
C:\gh\azure-sdk-for-net\sdk\hybriddatamanager\Microsoft.Azure.Management.HybridDataManager\tests\Tests\DataStoreTypesTest.cs(53,20): error CS0518: Predefined type 'System.Object' is not defined or imported
C:\gh\azure-sdk-for-net\sdk\hybriddatamanager\Microsoft.Azure.Management.HybridDataManager\tests\Tests\DataStoreTypesTest.cs(53,20): error CS0246: The type or namespace name 'Exception' could not be found (are you missing a using directive or an assembly reference?)
C:\gh\azure-sdk-for-net\sdk\hybriddatamanager\Microsoft.Azure.Management.HybridDataManager\tests\Tests\DataStoreTypesTest.cs(55,17): error CS0518: Predefined type 'System.Object' is not defined or imported
C:\gh\azure-sdk-for-net\sdk\hybriddatamanager\Microsoft.Azure.Management.HybridDataManager\tests\Tests\DataStoreTypesTest.cs(55,17): error CS0103: The name 'Assert' does not exist in the current context
C:\gh\azure-sdk-for-net\sdk\hybriddatamanager\Microsoft.Azure.Management.HybridDataManager\tests\Tests\DataManagersTest.cs(54,35): error CS0518: Predefined type 'System.String' is not defined or imported
C:\gh\azure-sdk-for-net\sdk\hybriddatamanager\Microsoft.Azure.Management.HybridDataManager\tests\Tests\DataManagersTest.cs(55,17): error CS0518: Predefined type 'System.Object' is not defined or imported
C:\gh\azure-sdk-for-net\sdk\hybriddatamanager\Microsoft.Azure.Management.HybridDataManager\tests\Tests\DataManagersTest.cs(55,17): error CS0103: The name 'Assert' does not exist in the current context
C:\gh\azure-sdk-for-net\sdk\hybriddatamanager\Microsoft.Azure.Management.HybridDataManager\tests\Tests\DataManagersTest.cs(56,17): error CS0518: Predefined type 'System.Object' is not defined or imported
C:\gh\azure-sdk-for-net\sdk\hybriddatamanager\Microsoft.Azure.Management.HybridDataManager\tests\Tests\DataManagersTest.cs(56,17): error CS0103: The name 'Assert' does not exist in the current context
C:\gh\azure-sdk-for-net\sdk\hybriddatamanager\Microsoft.Azure.Management.HybridDataManager\tests\Tests\DataManagersTest.cs(58,20): error CS0518: Predefined type 'System.Object' is not defined or imported
C:\gh\azure-sdk-for-net\sdk\hybriddatamanager\Microsoft.Azure.Management.HybridDataManager\tests\Tests\DataManagersTest.cs(58,20): error CS0246: The type or namespace name 'Exception' could not be found (are you missing a using directive or an assembly reference?)
C:\gh\azure-sdk-for-net\sdk\hybriddatamanager\Microsoft.Azure.Management.HybridDataManager\tests\Tests\DataManagersTest.cs(60,17): error CS0518: Predefined type 'System.Object' is not defined or imported
C:\gh\azure-sdk-for-net\sdk\hybriddatamanager\Microsoft.Azure.Management.HybridDataManager\tests\Tests\DataManagersTest.cs(60,17): error CS0103: The name 'Assert' does not exist in the current context
C:\gh\azure-sdk-for-net\sdk\hybriddatamanager\Microsoft.Azure.Management.HybridDataManager\tests\Tests\HybridDataTestBase.cs(54,27): error CS0518: Predefined type 'System.Object' is not defined or imported
C:\gh\azure-sdk-for-net\sdk\hybriddatamanager\Microsoft.Azure.Management.HybridDataManager\tests\Tests\HybridDataTestBase.cs(54,27): error CS0246: The type or namespace name 'TestOutputHelper' could not be found (are you missing a using directive or an assembly reference?)
C:\gh\azure-sdk-for-net\sdk\hybriddatamanager\Microsoft.Azure.Management.HybridDataManager\tests\Tests\HybridDataTestBase.cs(55,13): error CS0518: Predefined type 'System.Object' is not defined or imported
C:\gh\azure-sdk-for-net\sdk\hybriddatamanager\Microsoft.Azure.Management.HybridDataManager\tests\Tests\HybridDataTestBase.cs(55,13): error CS0246: The type or namespace name 'ITest' could not be found (are you missing a using directive or an assembly reference?)
C:\gh\azure-sdk-for-net\sdk\hybriddatamanager\Microsoft.Azure.Management.HybridDataManager\tests\Tests\HybridDataTestBase.cs(55,59): error CS0518: Predefined type 'System.String' is not defined or imported
C:\gh\azure-sdk-for-net\sdk\hybriddatamanager\Microsoft.Azure.Management.HybridDataManager\tests\Tests\HybridDataTestBase.cs(55,67): error CS0518: Predefined type 'System.Object' is not defined or imported
C:\gh\azure-sdk-for-net\sdk\hybriddatamanager\Microsoft.Azure.Management.HybridDataManager\tests\Tests\HybridDataTestBase.cs(55,67): error CS0103: The name 'BindingFlags' does not exist in the current context
C:\gh\azure-sdk-for-net\sdk\hybriddatamanager\Microsoft.Azure.Management.HybridDataManager\tests\Tests\HybridDataTestBase.cs(55,92): error CS0518: Predefined type 'System.Object' is not defined or imported
C:\gh\azure-sdk-for-net\sdk\hybriddatamanager\Microsoft.Azure.Management.HybridDataManager\tests\Tests\HybridDataTestBase.cs(55,92): error CS0103: The name 'BindingFlags' does not exist in the current context
C:\gh\azure-sdk-for-net\sdk\hybriddatamanager\Microsoft.Azure.Management.HybridDataManager\tests\Tests\HybridDataTestBase.cs(55,27): error CS0518: Predefined type 'System.Object' is not defined or imported
C:\gh\azure-sdk-for-net\sdk\hybriddatamanager\Microsoft.Azure.Management.HybridDataManager\tests\Tests\HybridDataTestBase.cs(55,27): error CS0246: The type or namespace name 'ITest' could not be found (are you missing a using directive or an assembly reference?)
C:\gh\azure-sdk-for-net\sdk\hybriddatamanager\Microsoft.Azure.Management.HybridDataManager\tests\Tests\HybridDataTestBase.cs(57,28): error CS0518: Predefined type 'System.Object' is not defined or imported
C:\gh\azure-sdk-for-net\sdk\hybriddatamanager\Microsoft.Azure.Management.HybridDataManager\tests\Tests\HybridDataTestBase.cs(57,28): error CS0103: The name 'MockContext' does not exist in the current context
C:\gh\azure-sdk-for-net\sdk\hybriddatamanager\Microsoft.Azure.Management.HybridDataManager\tests\Tests\HybridDataTestBase.cs(57,51): error CS0518: Predefined type 'System.Object' is not defined or imported
C:\gh\azure-sdk-for-net\sdk\hybriddatamanager\Microsoft.Azure.Management.HybridDataManager\tests\Tests\HybridDataTestBase.cs(57,51): error CS1061: 'HybridDataTestBase' does not contain a definition for 'GetType' and no accessible extension method 'GetType' accepting a first argument of type 'HybridDataTestBase' could be found (are you missing a using directive or an assembly reference?)
C:\gh\azure-sdk-for-net\sdk\hybriddatamanager\Microsoft.Azure.Management.HybridDataManager\tests\Tests\HybridDataTestBase.cs(58,27): error CS0518: Predefined type 'System.Object' is not defined or imported
C:\gh\azure-sdk-for-net\sdk\hybriddatamanager\Microsoft.Azure.Management.HybridDataManager\tests\Tests\HybridDataTestBase.cs(58,27): error CS0103: The name 'TestEnvironmentFactory' does not exist in the current context
C:\gh\azure-sdk-for-net\sdk\hybriddatamanager\Microsoft.Azure.Management.HybridDataManager\tests\Tests\HybridDataTestBase.cs(59,38): error CS0518: Predefined type 'System.Object' is not defined or imported
C:\gh\azure-sdk-for-net\sdk\hybriddatamanager\Microsoft.Azure.Management.HybridDataManager\tests\Tests\HybridDataTestBase.cs(60,36): error CS0518: Predefined type 'System.Object' is not defined or imported
C:\gh\azure-sdk-for-net\sdk\hybriddatamanager\Microsoft.Azure.Management.HybridDataManager\tests\Tests\HybridDataTestBase.cs(61,36): error CS0518: Predefined type 'System.Object' is not defined or imported
C:\gh\azure-sdk-for-net\sdk\hybriddatamanager\Microsoft.Azure.Management.HybridDataManager\tests\Tests\HybridDataTestBase.cs(62,37): error CS0518: Predefined type 'System.Object' is not defined or imported
C:\gh\azure-sdk-for-net\sdk\hybriddatamanager\Microsoft.Azure.Management.HybridDataManager\tests\Tests\HybridDataTestBase.cs(63,57): error CS0518: Predefined type 'System.Object' is not defined or imported
C:\gh\azure-sdk-for-net\sdk\hybriddatamanager\Microsoft.Azure.Management.HybridDataManager\tests\Tests\HybridDataTestBase.cs(66,52): error CS0518: Predefined type 'System.Object' is not defined or imported
C:\gh\azure-sdk-for-net\sdk\hybriddatamanager\Microsoft.Azure.Management.HybridDataManager\tests\Tests\HybridDataTestBase.cs(66,52): error CS0103: The name 'Environment' does not exist in the current context
C:\gh\azure-sdk-for-net\sdk\hybriddatamanager\Microsoft.Azure.Management.HybridDataManager\tests\Tests\HybridDataTestBase.cs(66,87): error CS0518: Predefined type 'System.String' is not defined or imported
C:\gh\azure-sdk-for-net\sdk\hybriddatamanager\Microsoft.Azure.Management.HybridDataManager\tests\Tests\HybridDataTestBase.cs(66,114): error CS0518: Predefined type 'System.String' is not defined or imported
C:\gh\azure-sdk-for-net\sdk\hybriddatamanager\Microsoft.Azure.Management.HybridDataManager\tests\Tests\HybridDataTestBase.cs(67,44): error CS0518: Predefined type 'System.Object' is not defined or imported
C:\gh\azure-sdk-for-net\sdk\hybriddatamanager\Microsoft.Azure.Management.HybridDataManager\tests\Tests\HybridDataTestBase.cs(67,44): error CS0103: The name 'Environment' does not exist in the current context
C:\gh\azure-sdk-for-net\sdk\hybriddatamanager\Microsoft.Azure.Management.HybridDataManager\tests\Tests\HybridDataTestBase.cs(67,79): error CS0518: Predefined type 'System.String' is not defined or imported
C:\gh\azure-sdk-for-net\sdk\hybriddatamanager\Microsoft.Azure.Management.HybridDataManager\tests\Tests\HybridDataTestBase.cs(67,103): error CS0518: Predefined type 'System.String' is not defined or imported
C:\gh\azure-sdk-for-net\sdk\hybriddatamanager\Microsoft.Azure.Management.HybridDataManager\tests\Tests\HybridDataTestBase.cs(69,17): error CS0518: Predefined type 'System.Object' is not defined or imported
C:\gh\azure-sdk-for-net\sdk\hybriddatamanager\Microsoft.Azure.Management.HybridDataManager\tests\Tests\HybridDataTestBase.cs(69,17): error CS0103: The name 'HttpMockServer' does not exist in the current context
C:\gh\azure-sdk-for-net\sdk\hybriddatamanager\Microsoft.Azure.Management.HybridDataManager\tests\Tests\HybridDataTestBase.cs(69,40): error CS0518: Predefined type 'System.Object' is not defined or imported
C:\gh\azure-sdk-for-net\sdk\hybriddatamanager\Microsoft.Azure.Management.HybridDataManager\tests\Tests\HybridDataTestBase.cs(69,40): error CS0103: The name 'HttpRecorderMode' does not exist in the current context
C:\gh\azure-sdk-for-net\sdk\hybriddatamanager\Microsoft.Azure.Management.HybridDataManager\tests\Tests\HybridDataTestBase.cs(69,17): error CS0518: Predefined type 'System.Boolean' is not defined or imported
C:\gh\azure-sdk-for-net\sdk\hybriddatamanager\Microsoft.Azure.Management.HybridDataManager\tests\Tests\HybridDataTestBase.cs(69,17): error CS0518: Predefined type 'System.Boolean' is not defined or imported
C:\gh\azure-sdk-for-net\sdk\hybriddatamanager\Microsoft.Azure.Management.HybridDataManager\tests\Tests\HybridDataTestBase.cs(71,17): error CS0518: Predefined type 'System.Object' is not defined or imported
C:\gh\azure-sdk-for-net\sdk\hybriddatamanager\Microsoft.Azure.Management.HybridDataManager\tests\Tests\HybridDataTestBase.cs(71,17): error CS0103: The name 'HttpMockServer' does not exist in the current context
C:\gh\azure-sdk-for-net\sdk\hybriddatamanager\Microsoft.Azure.Management.HybridDataManager\tests\Tests\DataStoresTest.cs(38,17): error CS0518: Predefined type 'System.String' is not defined or imported
C:\gh\azure-sdk-for-net\sdk\hybriddatamanager\Microsoft.Azure.Management.HybridDataManager\tests\Tests\DataStoresTest.cs(38,40): error CS0518: Predefined type 'System.Object' is not defined or imported
C:\gh\azure-sdk-for-net\sdk\hybriddatamanager\Microsoft.Azure.Management.HybridDataManager\tests\Tests\DataStoresTest.cs(39,33): error CS0518: Predefined type 'System.String' is not defined or imported
C:\gh\azure-sdk-for-net\sdk\hybriddatamanager\Microsoft.Azure.Management.HybridDataManager\tests\Tests\DataStoresTest.cs(41,17): error CS0518: Predefined type 'System.Object' is not defined or imported
C:\gh\azure-sdk-for-net\sdk\hybriddatamanager\Microsoft.Azure.Management.HybridDataManager\tests\Tests\DataStoresTest.cs(41,17): error CS0103: The name 'Assert' does not exist in the current context
C:\gh\azure-sdk-for-net\sdk\hybriddatamanager\Microsoft.Azure.Management.HybridDataManager\tests\Tests\DataStoresTest.cs(42,17): error CS0518: Predefined type 'System.Object' is not defined or imported
C:\gh\azure-sdk-for-net\sdk\hybriddatamanager\Microsoft.Azure.Management.HybridDataManager\tests\Tests\DataStoresTest.cs(42,17): error CS0103: The name 'Assert' does not exist in the current context
C:\gh\azure-sdk-for-net\sdk\hybriddatamanager\Microsoft.Azure.Management.HybridDataManager\tests\Tests\DataStoresTest.cs(44,17): error CS0518: Predefined type 'System.String' is not defined or imported
C:\gh\azure-sdk-for-net\sdk\hybriddatamanager\Microsoft.Azure.Management.HybridDataManager\tests\Tests\DataStoresTest.cs(44,41): error CS0518: Predefined type 'System.Object' is not defined or imported
C:\gh\azure-sdk-for-net\sdk\hybriddatamanager\Microsoft.Azure.Management.HybridDataManager\tests\Tests\DataStoresTest.cs(45,34): error CS0518: Predefined type 'System.String' is not defined or imported
C:\gh\azure-sdk-for-net\sdk\hybriddatamanager\Microsoft.Azure.Management.HybridDataManager\tests\Tests\DataStoresTest.cs(47,17): error CS0518: Predefined type 'System.Object' is not defined or imported
C:\gh\azure-sdk-for-net\sdk\hybriddatamanager\Microsoft.Azure.Management.HybridDataManager\tests\Tests\DataStoresTest.cs(47,17): error CS0103: The name 'Assert' does not exist in the current context
C:\gh\azure-sdk-for-net\sdk\hybriddatamanager\Microsoft.Azure.Management.HybridDataManager\tests\Tests\DataStoresTest.cs(48,17): error CS0518: Predefined type 'System.Object' is not defined or imported
C:\gh\azure-sdk-for-net\sdk\hybriddatamanager\Microsoft.Azure.Management.HybridDataManager\tests\Tests\DataStoresTest.cs(48,17): error CS0103: The name 'Assert' does not exist in the current context
C:\gh\azure-sdk-for-net\sdk\hybriddatamanager\Microsoft.Azure.Management.HybridDataManager\tests\Tests\DataStoresTest.cs(50,20): error CS0518: Predefined type 'System.Object' is not defined or imported
C:\gh\azure-sdk-for-net\sdk\hybriddatamanager\Microsoft.Azure.Management.HybridDataManager\tests\Tests\DataStoresTest.cs(50,20): error CS0246: The type or namespace name 'Exception' could not be found (are you missing a using directive or an assembly reference?)
C:\gh\azure-sdk-for-net\sdk\hybriddatamanager\Microsoft.Azure.Management.HybridDataManager\tests\Tests\DataStoresTest.cs(52,17): error CS0518: Predefined type 'System.Object' is not defined or imported
C:\gh\azure-sdk-for-net\sdk\hybriddatamanager\Microsoft.Azure.Management.HybridDataManager\tests\Tests\DataStoresTest.cs(52,17): error CS0103: The name 'Assert' does not exist in the current context
C:\gh\azure-sdk-for-net\sdk\hybriddatamanager\Microsoft.Azure.Management.HybridDataManager\tests\Tests\JobsTest.cs(44,25): error CS0518: Predefined type 'System.String' is not defined or imported
C:\gh\azure-sdk-for-net\sdk\hybriddatamanager\Microsoft.Azure.Management.HybridDataManager\tests\Tests\JobsTest.cs(45,17): error CS0518: Predefined type 'System.Void' is not defined or imported
C:\gh\azure-sdk-for-net\sdk\hybriddatamanager\Microsoft.Azure.Management.HybridDataManager\tests\Tests\JobsTest.cs(50,27): error CS0518: Predefined type 'System.String' is not defined or imported
C:\gh\azure-sdk-for-net\sdk\hybriddatamanager\Microsoft.Azure.Management.HybridDataManager\tests\Tests\JobsTest.cs(55,17): error CS0518: Predefined type 'System.Object' is not defined or imported
C:\gh\azure-sdk-for-net\sdk\hybriddatamanager\Microsoft.Azure.Management.HybridDataManager\tests\Tests\JobsTest.cs(55,17): error CS0103: The name 'Assert' does not exist in the current context
C:\gh\azure-sdk-for-net\sdk\hybriddatamanager\Microsoft.Azure.Management.HybridDataManager\tests\Tests\JobsTest.cs(55,43): error CS0518: Predefined type 'System.Object' is not defined or imported
C:\gh\azure-sdk-for-net\sdk\hybriddatamanager\Microsoft.Azure.Management.HybridDataManager\tests\Tests\JobsTest.cs(55,29): error CS0518: Predefined type 'System.Boolean' is not defined or imported
C:\gh\azure-sdk-for-net\sdk\hybriddatamanager\Microsoft.Azure.Management.HybridDataManager\tests\Tests\JobsTest.cs(55,80): error CS0518: Predefined type 'System.Object' is not defined or imported
C:\gh\azure-sdk-for-net\sdk\hybriddatamanager\Microsoft.Azure.Management.HybridDataManager\tests\Tests\JobsTest.cs(55,66): error CS0518: Predefined type 'System.Boolean' is not defined or imported
C:\gh\azure-sdk-for-net\sdk\hybriddatamanager\Microsoft.Azure.Management.HybridDataManager\tests\Tests\JobsTest.cs(57,20): error CS0518: Predefined type 'System.Object' is not defined or imported
C:\gh\azure-sdk-for-net\sdk\hybriddatamanager\Microsoft.Azure.Management.HybridDataManager\tests\Tests\JobsTest.cs(57,20): error CS0246: The type or namespace name 'Exception' could not be found (are you missing a using directive or an assembly reference?)
C:\gh\azure-sdk-for-net\sdk\hybriddatamanager\Microsoft.Azure.Management.HybridDataManager\tests\Tests\JobsTest.cs(59,17): error CS0518: Predefined type 'System.Object' is not defined or imported
C:\gh\azure-sdk-for-net\sdk\hybriddatamanager\Microsoft.Azure.Management.HybridDataManager\tests\Tests\JobsTest.cs(59,17): error CS0103: The name 'Assert' does not exist in the current context
C:\gh\azure-sdk-for-net\sdk\hybriddatamanager\Microsoft.Azure.Management.HybridDataManager\tests\Tests\PublicKeysTest.cs(37,38): error CS0246: The type or namespace name 'IPage<>' could not be found (are you missing a using directive or an assembly reference?)
C:\gh\azure-sdk-for-net\sdk\hybriddatamanager\Microsoft.Azure.Management.HybridDataManager\tests\Tests\PublicKeysTest.cs(38,17): error CS0518: Predefined type 'System.Object' is not defined or imported
C:\gh\azure-sdk-for-net\sdk\hybriddatamanager\Microsoft.Azure.Management.HybridDataManager\tests\Tests\PublicKeysTest.cs(38,17): error CS0103: The name 'Assert' does not exist in the current context
C:\gh\azure-sdk-for-net\sdk\hybriddatamanager\Microsoft.Azure.Management.HybridDataManager\tests\Tests\PublicKeysTest.cs(39,17): error CS0518: Predefined type 'System.Object' is not defined or imported
C:\gh\azure-sdk-for-net\sdk\hybriddatamanager\Microsoft.Azure.Management.HybridDataManager\tests\Tests\PublicKeysTest.cs(39,17): error CS0103: The name 'Assert' does not exist in the current context
C:\gh\azure-sdk-for-net\sdk\hybriddatamanager\Microsoft.Azure.Management.HybridDataManager\tests\Tests\PublicKeysTest.cs(42,45): error CS0518: Predefined type 'System.String' is not defined or imported
C:\gh\azure-sdk-for-net\sdk\hybriddatamanager\Microsoft.Azure.Management.HybridDataManager\tests\Tests\PublicKeysTest.cs(43,21): error CS0518: Predefined type 'System.Object' is not defined or imported
C:\gh\azure-sdk-for-net\sdk\hybriddatamanager\Microsoft.Azure.Management.HybridDataManager\tests\Tests\PublicKeysTest.cs(43,21): error CS0103: The name 'Assert' does not exist in the current context
C:\gh\azure-sdk-for-net\sdk\hybriddatamanager\Microsoft.Azure.Management.HybridDataManager\tests\Tests\PublicKeysTest.cs(44,21): error CS0518: Predefined type 'System.Object' is not defined or imported
C:\gh\azure-sdk-for-net\sdk\hybriddatamanager\Microsoft.Azure.Management.HybridDataManager\tests\Tests\PublicKeysTest.cs(44,21): error CS0103: The name 'Assert' does not exist in the current context
C:\gh\azure-sdk-for-net\sdk\hybriddatamanager\Microsoft.Azure.Management.HybridDataManager\tests\Tests\PublicKeysTest.cs(47,20): error CS0518: Predefined type 'System.Object' is not defined or imported
C:\gh\azure-sdk-for-net\sdk\hybriddatamanager\Microsoft.Azure.Management.HybridDataManager\tests\Tests\PublicKeysTest.cs(47,20): error CS0246: The type or namespace name 'Exception' could not be found (are you missing a using directive or an assembly reference?)
C:\gh\azure-sdk-for-net\sdk\hybriddatamanager\Microsoft.Azure.Management.HybridDataManager\tests\Tests\PublicKeysTest.cs(49,17): error CS0518: Predefined type 'System.Object' is not defined or imported
C:\gh\azure-sdk-for-net\sdk\hybriddatamanager\Microsoft.Azure.Management.HybridDataManager\tests\Tests\PublicKeysTest.cs(49,17): error CS0103: The name 'Assert' does not exist in the current context
C:\gh\azure-sdk-for-net\sdk\hybriddatamanager\Microsoft.Azure.Management.HybridDataManager\tests\Tests\DataManagersTest.cs(71,42): error CS0518: Predefined type 'System.Object' is not defined or imported
C:\gh\azure-sdk-for-net\sdk\hybriddatamanager\Microsoft.Azure.Management.HybridDataManager\tests\Tests\DataManagersTest.cs(71,64): error CS0518: Predefined type 'System.Object' is not defined or imported
C:\gh\azure-sdk-for-net\sdk\hybriddatamanager\Microsoft.Azure.Management.HybridDataManager\tests\Tests\DataManagersTest.cs(71,42): error CS0518: Predefined type 'System.Void' is not defined or imported
C:\gh\azure-sdk-for-net\sdk\hybriddatamanager\Microsoft.Azure.Management.HybridDataManager\tests\Tests\DataManagersTest.cs(70,35): error CS0518: Predefined type 'System.String' is not defined or imported
C:\gh\azure-sdk-for-net\sdk\hybriddatamanager\Microsoft.Azure.Management.HybridDataManager\tests\Tests\DataManagersTest.cs(72,17): error CS0518: Predefined type 'System.Object' is not defined or imported
C:\gh\azure-sdk-for-net\sdk\hybriddatamanager\Microsoft.Azure.Management.HybridDataManager\tests\Tests\DataManagersTest.cs(72,17): error CS0103: The name 'Assert' does not exist in the current context
C:\gh\azure-sdk-for-net\sdk\hybriddatamanager\Microsoft.Azure.Management.HybridDataManager\tests\Tests\DataManagersTest.cs(73,44): error CS0518: Predefined type 'System.String' is not defined or imported
C:\gh\azure-sdk-for-net\sdk\hybriddatamanager\Microsoft.Azure.Management.HybridDataManager\tests\Tests\DataManagersTest.cs(74,17): error CS0518: Predefined type 'System.Object' is not defined or imported
C:\gh\azure-sdk-for-net\sdk\hybriddatamanager\Microsoft.Azure.Management.HybridDataManager\tests\Tests\DataManagersTest.cs(74,17): error CS0103: The name 'Assert' does not exist in the current context
C:\gh\azure-sdk-for-net\sdk\hybriddatamanager\Microsoft.Azure.Management.HybridDataManager\tests\Tests\DataManagersTest.cs(76,20): error CS0518: Predefined type 'System.Object' is not defined or imported
C:\gh\azure-sdk-for-net\sdk\hybriddatamanager\Microsoft.Azure.Management.HybridDataManager\tests\Tests\DataManagersTest.cs(76,20): error CS0246: The type or namespace name 'Exception' could not be found (are you missing a using directive or an assembly reference?)
C:\gh\azure-sdk-for-net\sdk\hybriddatamanager\Microsoft.Azure.Management.HybridDataManager\tests\Tests\DataManagersTest.cs(78,17): error CS0518: Predefined type 'System.Object' is not defined or imported
C:\gh\azure-sdk-for-net\sdk\hybriddatamanager\Microsoft.Azure.Management.HybridDataManager\tests\Tests\DataManagersTest.cs(78,17): error CS0103: The name 'Assert' does not exist in the current context
C:\gh\azure-sdk-for-net\sdk\hybriddatamanager\Microsoft.Azure.Management.HybridDataManager\tests\Tests\JobDefinitionsTest.cs(59,17): error CS0518: Predefined type 'System.Object' is not defined or imported
C:\gh\azure-sdk-for-net\sdk\hybriddatamanager\Microsoft.Azure.Management.HybridDataManager\tests\Tests\JobDefinitionsTest.cs(59,53): error CS0518: Predefined type 'System.Object' is not defined or imported
C:\gh\azure-sdk-for-net\sdk\hybriddatamanager\Microsoft.Azure.Management.HybridDataManager\tests\Tests\JobDefinitionsTest.cs(60,17): error CS0518: Predefined type 'System.Object' is not defined or imported
C:\gh\azure-sdk-for-net\sdk\hybriddatamanager\Microsoft.Azure.Management.HybridDataManager\tests\Tests\JobDefinitionsTest.cs(60,45): error CS0518: Predefined type 'System.Object' is not defined or imported
C:\gh\azure-sdk-for-net\sdk\hybriddatamanager\Microsoft.Azure.Management.HybridDataManager\tests\Tests\JobDefinitionsTest.cs(61,17): error CS0518: Predefined type 'System.String' is not defined or imported
C:\gh\azure-sdk-for-net\sdk\hybriddatamanager\Microsoft.Azure.Management.HybridDataManager\tests\Tests\JobDefinitionsTest.cs(61,48): error CS0518: Predefined type 'System.String' is not defined or imported
C:\gh\azure-sdk-for-net\sdk\hybriddatamanager\Microsoft.Azure.Management.HybridDataManager\tests\Tests\JobDefinitionsTest.cs(61,59): error CS0518: Predefined type 'System.String' is not defined or imported
C:\gh\azure-sdk-for-net\sdk\hybriddatamanager\Microsoft.Azure.Management.HybridDataManager\tests\Tests\JobDefinitionsTest.cs(61,44): error CS0518: Predefined type 'System.Int32' is not defined or imported
C:\gh\azure-sdk-for-net\sdk\hybriddatamanager\Microsoft.Azure.Management.HybridDataManager\tests\Tests\JobDefinitionsTest.cs(62,39): error CS0518: Predefined type 'System.String' is not defined or imported
C:\gh\azure-sdk-for-net\sdk\hybriddatamanager\Microsoft.Azure.Management.HybridDataManager\tests\Tests\JobDefinitionsTest.cs(62,50): error CS0518: Predefined type 'System.Object' is not defined or imported
C:\gh\azure-sdk-for-net\sdk\hybriddatamanager\Microsoft.Azure.Management.HybridDataManager\tests\Tests\JobDefinitionsTest.cs(62,35): error CS0518: Predefined type 'System.Int32' is not defined or imported
C:\gh\azure-sdk-for-net\sdk\hybriddatamanager\Microsoft.Azure.Management.HybridDataManager\tests\Tests\JobDefinitionsTest.cs(66,37): error CS0518: Predefined type 'System.Object' is not defined or imported
C:\gh\azure-sdk-for-net\sdk\hybriddatamanager\Microsoft.Azure.Management.HybridDataManager\tests\Tests\JobDefinitionsTest.cs(67,35): error CS0518: Predefined type 'System.Object' is not defined or imported
C:\gh\azure-sdk-for-net\sdk\hybriddatamanager\Microsoft.Azure.Management.HybridDataManager\tests\Tests\JobDefinitionsTest.cs(70,34): error CS0518: Predefined type 'System.Object' is not defined or imported
C:\gh\azure-sdk-for-net\sdk\hybriddatamanager\Microsoft.Azure.Management.HybridDataManager\tests\Tests\JobDefinitionsTest.cs(72,33): error CS0518: Predefined type 'System.Object' is not defined or imported
C:\gh\azure-sdk-for-net\sdk\hybriddatamanager\Microsoft.Azure.Management.HybridDataManager\tests\Tests\JobDefinitionsTest.cs(73,36): error CS0518: Predefined type 'System.Object' is not defined or imported
C:\gh\azure-sdk-for-net\sdk\hybriddatamanager\Microsoft.Azure.Management.HybridDataManager\tests\Tests\JobDefinitionsTest.cs(64,37): error CS0518: Predefined type 'System.String' is not defined or imported
C:\gh\azure-sdk-for-net\sdk\hybriddatamanager\Microsoft.Azure.Management.HybridDataManager\tests\Tests\JobDefinitionsTest.cs(77,45): error CS0518: Predefined type 'System.String' is not defined or imported
C:\gh\azure-sdk-for-net\sdk\hybriddatamanager\Microsoft.Azure.Management.HybridDataManager\tests\Tests\JobDefinitionsTest.cs(83,17): error CS0518: Predefined type 'System.Object' is not defined or imported
C:\gh\azure-sdk-for-net\sdk\hybriddatamanager\Microsoft.Azure.Management.HybridDataManager\tests\Tests\JobDefinitionsTest.cs(83,17): error CS0103: The name 'Assert' does not exist in the current context
C:\gh\azure-sdk-for-net\sdk\hybriddatamanager\Microsoft.Azure.Management.HybridDataManager\tests\Tests\JobDefinitionsTest.cs(85,20): error CS0518: Predefined type 'System.Object' is not defined or imported
C:\gh\azure-sdk-for-net\sdk\hybriddatamanager\Microsoft.Azure.Management.HybridDataManager\tests\Tests\JobDefinitionsTest.cs(85,20): error CS0246: The type or namespace name 'Exception' could not be found (are you missing a using directive or an assembly reference?)
C:\gh\azure-sdk-for-net\sdk\hybriddatamanager\Microsoft.Azure.Management.HybridDataManager\tests\Tests\JobDefinitionsTest.cs(87,17): error CS0518: Predefined type 'System.Object' is not defined or imported
C:\gh\azure-sdk-for-net\sdk\hybriddatamanager\Microsoft.Azure.Management.HybridDataManager\tests\Tests\JobDefinitionsTest.cs(87,17): error CS0103: The name 'Assert' does not exist in the current context
C:\gh\azure-sdk-for-net\sdk\hybriddatamanager\Microsoft.Azure.Management.HybridDataManager\tests\Tests\HybridDataTestBase.cs(79,13): error CS0518: Predefined type 'System.Object' is not defined or imported
C:\gh\azure-sdk-for-net\sdk\hybriddatamanager\Microsoft.Azure.Management.HybridDataManager\tests\Tests\HybridDataTestBase.cs(85,20): error CS0518: Predefined type 'System.Object' is not defined or imported
C:\gh\azure-sdk-for-net\sdk\hybriddatamanager\Microsoft.Azure.Management.HybridDataManager\tests\Tests\HybridDataTestBase.cs(85,49): error CS0518: Predefined type 'System.Object' is not defined or imported
C:\gh\azure-sdk-for-net\sdk\hybriddatamanager\Microsoft.Azure.Management.HybridDataManager\tests\Tests\HybridDataTestBase.cs(85,35): error CS0518: Predefined type 'System.Enum' is not defined or imported
C:\gh\azure-sdk-for-net\sdk\hybriddatamanager\Microsoft.Azure.Management.HybridDataManager\tests\Tests\HybridDataTestBase.cs(85,20): error CS0518: Predefined type 'System.Boolean' is not defined or imported
C:\gh\azure-sdk-for-net\sdk\hybriddatamanager\Microsoft.Azure.Management.HybridDataManager\tests\Tests\HybridDataTestBase.cs(82,17): error CS0518: Predefined type 'System.Object' is not defined or imported
C:\gh\azure-sdk-for-net\sdk\hybriddatamanager\Microsoft.Azure.Management.HybridDataManager\tests\Tests\HybridDataTestBase.cs(82,17): error CS0103: The name 'Thread' does not exist in the current context
C:\gh\azure-sdk-for-net\sdk\hybriddatamanager\Microsoft.Azure.Management.HybridDataManager\tests\Tests\HybridDataTestBase.cs(83,23): error CS0518: Predefined type 'System.String' is not defined or imported
C:\gh\azure-sdk-for-net\sdk\hybriddatamanager\Microsoft.Azure.Management.HybridDataManager\tests\Tests\JobsTest.cs(67,21): error CS0518: Predefined type 'System.String' is not defined or imported
C:\gh\azure-sdk-for-net\sdk\hybriddatamanager\Microsoft.Azure.Management.HybridDataManager\tests\Tests\JobsTest.cs(70,17): error CS0518: Predefined type 'System.Void' is not defined or imported
C:\gh\azure-sdk-for-net\sdk\hybriddatamanager\Microsoft.Azure.Management.HybridDataManager\tests\Tests\JobsTest.cs(75,27): error CS0518: Predefined type 'System.String' is not defined or imported
C:\gh\azure-sdk-for-net\sdk\hybriddatamanager\Microsoft.Azure.Management.HybridDataManager\tests\Tests\JobsTest.cs(80,17): error CS0518: Predefined type 'System.Object' is not defined or imported
C:\gh\azure-sdk-for-net\sdk\hybriddatamanager\Microsoft.Azure.Management.HybridDataManager\tests\Tests\JobsTest.cs(80,17): error CS0103: The name 'Assert' does not exist in the current context
C:\gh\azure-sdk-for-net\sdk\hybriddatamanager\Microsoft.Azure.Management.HybridDataManager\tests\Tests\JobsTest.cs(80,30): error CS0518: Predefined type 'System.Object' is not defined or imported
C:\gh\azure-sdk-for-net\sdk\hybriddatamanager\Microsoft.Azure.Management.HybridDataManager\tests\Tests\JobsTest.cs(82,20): error CS0518: Predefined type 'System.Object' is not defined or imported
C:\gh\azure-sdk-for-net\sdk\hybriddatamanager\Microsoft.Azure.Management.HybridDataManager\tests\Tests\JobsTest.cs(82,20): error CS0246: The type or namespace name 'Exception' could not be found (are you missing a using directive or an assembly reference?)
C:\gh\azure-sdk-for-net\sdk\hybriddatamanager\Microsoft.Azure.Management.HybridDataManager\tests\Tests\JobsTest.cs(84,17): error CS0518: Predefined type 'System.Object' is not defined or imported
C:\gh\azure-sdk-for-net\sdk\hybriddatamanager\Microsoft.Azure.Management.HybridDataManager\tests\Tests\JobsTest.cs(84,17): error CS0103: The name 'Assert' does not exist in the current context
C:\gh\azure-sdk-for-net\sdk\hybriddatamanager\Microsoft.Azure.Management.HybridDataManager\tests\Tests\HybridDataTestBase.cs(95,25): error CS0246: The type or namespace name 'ServiceClient<>' could not be found (are you missing a using directive or an assembly reference?)
C:\gh\azure-sdk-for-net\sdk\hybriddatamanager\Microsoft.Azure.Management.HybridDataManager\tests\Tests\HybridDataTestBase.cs(95,25): error CS0518: Predefined type 'System.Object' is not defined or imported
C:\gh\azure-sdk-for-net\sdk\hybriddatamanager\Microsoft.Azure.Management.HybridDataManager\tests\Tests\HybridDataTestBase.cs(95,25): error CS1061: 'HybridDataManagementClient' does not contain a definition for 'Dispose' and no accessible extension method 'Dispose' accepting a first argument of type 'HybridDataManagementClient' could be found (are you missing a using directive or an assembly reference?)
C:\gh\azure-sdk-for-net\sdk\hybriddatamanager\Microsoft.Azure.Management.HybridDataManager\tests\Tests\DataManagersTest.cs(88,17): error CS0518: Predefined type 'System.Void' is not defined or imported
C:\gh\azure-sdk-for-net\sdk\hybriddatamanager\Microsoft.Azure.Management.HybridDataManager\tests\Tests\DataManagersTest.cs(90,35): error CS0518: Predefined type 'System.String' is not defined or imported
C:\gh\azure-sdk-for-net\sdk\hybriddatamanager\Microsoft.Azure.Management.HybridDataManager\tests\Tests\DataManagersTest.cs(92,20): error CS0518: Predefined type 'System.Object' is not defined or imported
C:\gh\azure-sdk-for-net\sdk\hybriddatamanager\Microsoft.Azure.Management.HybridDataManager\tests\Tests\DataManagersTest.cs(92,20): error CS0246: The type or namespace name 'CloudException' could not be found (are you missing a using directive or an assembly reference?)
C:\gh\azure-sdk-for-net\sdk\hybriddatamanager\Microsoft.Azure.Management.HybridDataManager\tests\Tests\DataManagersTest.cs(94,17): error CS0518: Predefined type 'System.Object' is not defined or imported
C:\gh\azure-sdk-for-net\sdk\hybriddatamanager\Microsoft.Azure.Management.HybridDataManager\tests\Tests\DataManagersTest.cs(94,17): error CS0103: The name 'Assert' does not exist in the current context
C:\gh\azure-sdk-for-net\sdk\hybriddatamanager\Microsoft.Azure.Management.HybridDataManager\tests\Tests\DataManagersTest.cs(94,49): error CS0518: Predefined type 'System.Object' is not defined or imported
C:\gh\azure-sdk-for-net\sdk\hybriddatamanager\Microsoft.Azure.Management.HybridDataManager\tests\Tests\DataManagersTest.cs(95,41): error CS0518: Predefined type 'System.Object' is not defined or imported
C:\gh\azure-sdk-for-net\sdk\hybriddatamanager\Microsoft.Azure.Management.HybridDataManager\tests\Tests\DataManagersTest.cs(97,20): error CS0518: Predefined type 'System.Object' is not defined or imported
C:\gh\azure-sdk-for-net\sdk\hybriddatamanager\Microsoft.Azure.Management.HybridDataManager\tests\Tests\DataManagersTest.cs(97,20): error CS0246: The type or namespace name 'Exception' could not be found (are you missing a using directive or an assembly reference?)
C:\gh\azure-sdk-for-net\sdk\hybriddatamanager\Microsoft.Azure.Management.HybridDataManager\tests\Tests\DataManagersTest.cs(99,17): error CS0518: Predefined type 'System.Object' is not defined or imported
C:\gh\azure-sdk-for-net\sdk\hybriddatamanager\Microsoft.Azure.Management.HybridDataManager\tests\Tests\DataManagersTest.cs(99,17): error CS0103: The name 'Assert' does not exist in the current context
C:\gh\azure-sdk-for-net\sdk\hybriddatamanager\Microsoft.Azure.Management.HybridDataManager\tests\Tests\HybridDataTestBase.cs(101,18): error CS0518: Predefined type 'System.Object' is not defined or imported
C:\gh\azure-sdk-for-net\sdk\hybriddatamanager\Microsoft.Azure.Management.HybridDataManager\tests\Tests\DataStoresTest.cs(62,17): error CS0518: Predefined type 'System.String' is not defined or imported
C:\gh\azure-sdk-for-net\sdk\hybriddatamanager\Microsoft.Azure.Management.HybridDataManager\tests\Tests\DataStoresTest.cs(62,40): error CS0518: Predefined type 'System.Object' is not defined or imported
C:\gh\azure-sdk-for-net\sdk\hybriddatamanager\Microsoft.Azure.Management.HybridDataManager\tests\Tests\DataStoresTest.cs(63,17): error CS0518: Predefined type 'System.Object' is not defined or imported
C:\gh\azure-sdk-for-net\sdk\hybriddatamanager\Microsoft.Azure.Management.HybridDataManager\tests\Tests\DataStoresTest.cs(64,55): error CS0518: Predefined type 'System.Object' is not defined or imported
C:\gh\azure-sdk-for-net\sdk\hybriddatamanager\Microsoft.Azure.Management.HybridDataManager\tests\Tests\DataStoresTest.cs(66,54): error CS0518: Predefined type 'System.Object' is not defined or imported
C:\gh\azure-sdk-for-net\sdk\hybriddatamanager\Microsoft.Azure.Management.HybridDataManager\tests\Tests\DataStoresTest.cs(69,45): error CS0518: Predefined type 'System.Object' is not defined or imported
C:\gh\azure-sdk-for-net\sdk\hybriddatamanager\Microsoft.Azure.Management.HybridDataManager\tests\Tests\DataStoresTest.cs(63,39): error CS0518: Predefined type 'System.String' is not defined or imported
C:\gh\azure-sdk-for-net\sdk\hybriddatamanager\Microsoft.Azure.Management.HybridDataManager\tests\Tests\DataStoresTest.cs(71,41): error CS0518: Predefined type 'System.String' is not defined or imported
C:\gh\azure-sdk-for-net\sdk\hybriddatamanager\Microsoft.Azure.Management.HybridDataManager\tests\Tests\DataStoresTest.cs(72,17): error CS0518: Predefined type 'System.Object' is not defined or imported
C:\gh\azure-sdk-for-net\sdk\hybriddatamanager\Microsoft.Azure.Management.HybridDataManager\tests\Tests\DataStoresTest.cs(72,17): error CS0103: The name 'Assert' does not exist in the current context
C:\gh\azure-sdk-for-net\sdk\hybriddatamanager\Microsoft.Azure.Management.HybridDataManager\tests\Tests\DataStoresTest.cs(74,40): error CS0518: Predefined type 'System.String' is not defined or imported
C:\gh\azure-sdk-for-net\sdk\hybriddatamanager\Microsoft.Azure.Management.HybridDataManager\tests\Tests\DataStoresTest.cs(76,17): error CS0518: Predefined type 'System.Object' is not defined or imported
C:\gh\azure-sdk-for-net\sdk\hybriddatamanager\Microsoft.Azure.Management.HybridDataManager\tests\Tests\DataStoresTest.cs(76,17): error CS0103: The name 'Assert' does not exist in the current context
C:\gh\azure-sdk-for-net\sdk\hybriddatamanager\Microsoft.Azure.Management.HybridDataManager\tests\Tests\DataStoresTest.cs(77,17): error CS0518: Predefined type 'System.Object' is not defined or imported
C:\gh\azure-sdk-for-net\sdk\hybriddatamanager\Microsoft.Azure.Management.HybridDataManager\tests\Tests\DataStoresTest.cs(77,17): error CS0103: The name 'Assert' does not exist in the current context
C:\gh\azure-sdk-for-net\sdk\hybriddatamanager\Microsoft.Azure.Management.HybridDataManager\tests\Tests\DataStoresTest.cs(78,17): error CS0518: Predefined type 'System.Object' is not defined or imported
C:\gh\azure-sdk-for-net\sdk\hybriddatamanager\Microsoft.Azure.Management.HybridDataManager\tests\Tests\DataStoresTest.cs(78,17): error CS0103: The name 'Assert' does not exist in the current context
C:\gh\azure-sdk-for-net\sdk\hybriddatamanager\Microsoft.Azure.Management.HybridDataManager\tests\Tests\DataStoresTest.cs(80,20): error CS0518: Predefined type 'System.Object' is not defined or imported
C:\gh\azure-sdk-for-net\sdk\hybriddatamanager\Microsoft.Azure.Management.HybridDataManager\tests\Tests\DataStoresTest.cs(80,20): error CS0246: The type or namespace name 'Exception' could not be found (are you missing a using directive or an assembly reference?)
C:\gh\azure-sdk-for-net\sdk\hybriddatamanager\Microsoft.Azure.Management.HybridDataManager\tests\Tests\DataStoresTest.cs(82,17): error CS0518: Predefined type 'System.Object' is not defined or imported
C:\gh\azure-sdk-for-net\sdk\hybriddatamanager\Microsoft.Azure.Management.HybridDataManager\tests\Tests\DataStoresTest.cs(82,17): error CS0103: The name 'Assert' does not exist in the current context
C:\gh\azure-sdk-for-net\sdk\hybriddatamanager\Microsoft.Azure.Management.HybridDataManager\tests\Tests\JobsTest.cs(93,31): error CS0246: The type or namespace name 'IPage<>' could not be found (are you missing a using directive or an assembly reference?)
C:\gh\azure-sdk-for-net\sdk\hybriddatamanager\Microsoft.Azure.Management.HybridDataManager\tests\Tests\JobsTest.cs(98,17): error CS0518: Predefined type 'System.Object' is not defined or imported
C:\gh\azure-sdk-for-net\sdk\hybriddatamanager\Microsoft.Azure.Management.HybridDataManager\tests\Tests\JobsTest.cs(98,17): error CS0103: The name 'Assert' does not exist in the current context
C:\gh\azure-sdk-for-net\sdk\hybriddatamanager\Microsoft.Azure.Management.HybridDataManager\tests\Tests\JobsTest.cs(100,20): error CS0518: Predefined type 'System.Object' is not defined or imported
C:\gh\azure-sdk-for-net\sdk\hybriddatamanager\Microsoft.Azure.Management.HybridDataManager\tests\Tests\JobsTest.cs(100,20): error CS0246: The type or namespace name 'Exception' could not be found (are you missing a using directive or an assembly reference?)
C:\gh\azure-sdk-for-net\sdk\hybriddatamanager\Microsoft.Azure.Management.HybridDataManager\tests\Tests\JobsTest.cs(102,17): error CS0518: Predefined type 'System.Object' is not defined or imported
C:\gh\azure-sdk-for-net\sdk\hybriddatamanager\Microsoft.Azure.Management.HybridDataManager\tests\Tests\JobsTest.cs(102,17): error CS0103: The name 'Assert' does not exist in the current context
C:\gh\azure-sdk-for-net\sdk\hybriddatamanager\Microsoft.Azure.Management.HybridDataManager\tests\Tests\JobDefinitionsTest.cs(97,17): error CS0518: Predefined type 'System.Void' is not defined or imported
C:\gh\azure-sdk-for-net\sdk\hybriddatamanager\Microsoft.Azure.Management.HybridDataManager\tests\Tests\JobDefinitionsTest.cs(101,36): error CS0518: Predefined type 'System.String' is not defined or imported
C:\gh\azure-sdk-for-net\sdk\hybriddatamanager\Microsoft.Azure.Management.HybridDataManager\tests\Tests\JobDefinitionsTest.cs(105,17): error CS0518: Predefined type 'System.Object' is not defined or imported
C:\gh\azure-sdk-for-net\sdk\hybriddatamanager\Microsoft.Azure.Management.HybridDataManager\tests\Tests\JobDefinitionsTest.cs(105,17): error CS0103: The name 'Assert' does not exist in the current context
C:\gh\azure-sdk-for-net\sdk\hybriddatamanager\Microsoft.Azure.Management.HybridDataManager\tests\Tests\JobDefinitionsTest.cs(107,20): error CS0518: Predefined type 'System.Object' is not defined or imported
C:\gh\azure-sdk-for-net\sdk\hybriddatamanager\Microsoft.Azure.Management.HybridDataManager\tests\Tests\JobDefinitionsTest.cs(107,20): error CS0246: The type or namespace name 'CloudException' could not be found (are you missing a using directive or an assembly reference?)
C:\gh\azure-sdk-for-net\sdk\hybriddatamanager\Microsoft.Azure.Management.HybridDataManager\tests\Tests\JobDefinitionsTest.cs(109,17): error CS0518: Predefined type 'System.Object' is not defined or imported
C:\gh\azure-sdk-for-net\sdk\hybriddatamanager\Microsoft.Azure.Management.HybridDataManager\tests\Tests\JobDefinitionsTest.cs(109,17): error CS0103: The name 'Assert' does not exist in the current context
C:\gh\azure-sdk-for-net\sdk\hybriddatamanager\Microsoft.Azure.Management.HybridDataManager\tests\Tests\JobDefinitionsTest.cs(109,49): error CS0518: Predefined type 'System.Object' is not defined or imported
C:\gh\azure-sdk-for-net\sdk\hybriddatamanager\Microsoft.Azure.Management.HybridDataManager\tests\Tests\JobDefinitionsTest.cs(110,41): error CS0518: Predefined type 'System.Object' is not defined or imported
C:\gh\azure-sdk-for-net\sdk\hybriddatamanager\Microsoft.Azure.Management.HybridDataManager\tests\Tests\JobDefinitionsTest.cs(112,20): error CS0518: Predefined type 'System.Object' is not defined or imported
C:\gh\azure-sdk-for-net\sdk\hybriddatamanager\Microsoft.Azure.Management.HybridDataManager\tests\Tests\JobDefinitionsTest.cs(112,20): error CS0246: The type or namespace name 'Exception' could not be found (are you missing a using directive or an assembly reference?)
C:\gh\azure-sdk-for-net\sdk\hybriddatamanager\Microsoft.Azure.Management.HybridDataManager\tests\Tests\JobDefinitionsTest.cs(114,17): error CS0518: Predefined type 'System.Object' is not defined or imported
C:\gh\azure-sdk-for-net\sdk\hybriddatamanager\Microsoft.Azure.Management.HybridDataManager\tests\Tests\JobDefinitionsTest.cs(114,17): error CS0103: The name 'Assert' does not exist in the current context
C:\gh\azure-sdk-for-net\sdk\hybriddatamanager\Microsoft.Azure.Management.HybridDataManager\tests\Tests\DataManagersTest.cs(109,35): error CS0518: Predefined type 'System.String' is not defined or imported
C:\gh\azure-sdk-for-net\sdk\hybriddatamanager\Microsoft.Azure.Management.HybridDataManager\tests\Tests\DataManagersTest.cs(110,54): error CS0518: Predefined type 'System.Object' is not defined or imported
C:\gh\azure-sdk-for-net\sdk\hybriddatamanager\Microsoft.Azure.Management.HybridDataManager\tests\Tests\DataManagersTest.cs(110,54): error CS0518: Predefined type 'System.Void' is not defined or imported
C:\gh\azure-sdk-for-net\sdk\hybriddatamanager\Microsoft.Azure.Management.HybridDataManager\tests\Tests\DataManagersTest.cs(112,21): error CS0246: The type or namespace name 'IDictionary<,>' could not be found (are you missing a using directive or an assembly reference?)
C:\gh\azure-sdk-for-net\sdk\hybriddatamanager\Microsoft.Azure.Management.HybridDataManager\tests\Tests\DataManagersTest.cs(113,21): error CS0518: Predefined type 'System.Void' is not defined or imported
C:\gh\azure-sdk-for-net\sdk\hybriddatamanager\Microsoft.Azure.Management.HybridDataManager\tests\Tests\DataManagersTest.cs(115,44): error CS0246: The type or namespace name 'IDictionary<,>' could not be found (are you missing a using directive or an assembly reference?)
C:\gh\azure-sdk-for-net\sdk\hybriddatamanager\Microsoft.Azure.Management.HybridDataManager\tests\Tests\DataManagersTest.cs(115,53): error CS0518: Predefined type 'System.String' is not defined or imported
C:\gh\azure-sdk-for-net\sdk\hybriddatamanager\Microsoft.Azure.Management.HybridDataManager\tests\Tests\DataManagersTest.cs(115,71): error CS0518: Predefined type 'System.Object' is not defined or imported
C:\gh\azure-sdk-for-net\sdk\hybriddatamanager\Microsoft.Azure.Management.HybridDataManager\tests\Tests\DataManagersTest.cs(115,71): error CS0103: The name 'DateTime' does not exist in the current context
C:\gh\azure-sdk-for-net\sdk\hybriddatamanager\Microsoft.Azure.Management.HybridDataManager\tests\Tests\DataManagersTest.cs(116,38): error CS0518: Predefined type 'System.String' is not defined or imported
C:\gh\azure-sdk-for-net\sdk\hybriddatamanager\Microsoft.Azure.Management.HybridDataManager\tests\Tests\DataManagersTest.cs(118,17): error CS0518: Predefined type 'System.Object' is not defined or imported
C:\gh\azure-sdk-for-net\sdk\hybriddatamanager\Microsoft.Azure.Management.HybridDataManager\tests\Tests\DataManagersTest.cs(118,17): error CS0103: The name 'Assert' does not exist in the current context
C:\gh\azure-sdk-for-net\sdk\hybriddatamanager\Microsoft.Azure.Management.HybridDataManager\tests\Tests\DataManagersTest.cs(120,20): error CS0518: Predefined type 'System.Object' is not defined or imported
C:\gh\azure-sdk-for-net\sdk\hybriddatamanager\Microsoft.Azure.Management.HybridDataManager\tests\Tests\DataManagersTest.cs(120,20): error CS0246: The type or namespace name 'Exception' could not be found (are you missing a using directive or an assembly reference?)
C:\gh\azure-sdk-for-net\sdk\hybriddatamanager\Microsoft.Azure.Management.HybridDataManager\tests\Tests\DataManagersTest.cs(122,17): error CS0518: Predefined type 'System.Object' is not defined or imported
C:\gh\azure-sdk-for-net\sdk\hybriddatamanager\Microsoft.Azure.Management.HybridDataManager\tests\Tests\DataManagersTest.cs(122,17): error CS0103: The name 'Assert' does not exist in the current context
C:\gh\azure-sdk-for-net\sdk\hybriddatamanager\Microsoft.Azure.Management.HybridDataManager\tests\Tests\JobsTest.cs(112,31): error CS0246: The type or namespace name 'IPage<>' could not be found (are you missing a using directive or an assembly reference?)
C:\gh\azure-sdk-for-net\sdk\hybriddatamanager\Microsoft.Azure.Management.HybridDataManager\tests\Tests\JobsTest.cs(116,17): error CS0518: Predefined type 'System.Object' is not defined or imported
C:\gh\azure-sdk-for-net\sdk\hybriddatamanager\Microsoft.Azure.Management.HybridDataManager\tests\Tests\JobsTest.cs(116,17): error CS0103: The name 'Assert' does not exist in the current context
C:\gh\azure-sdk-for-net\sdk\hybriddatamanager\Microsoft.Azure.Management.HybridDataManager\tests\Tests\JobsTest.cs(118,20): error CS0518: Predefined type 'System.Object' is not defined or imported
C:\gh\azure-sdk-for-net\sdk\hybriddatamanager\Microsoft.Azure.Management.HybridDataManager\tests\Tests\JobsTest.cs(118,20): error CS0246: The type or namespace name 'Exception' could not be found (are you missing a using directive or an assembly reference?)
C:\gh\azure-sdk-for-net\sdk\hybriddatamanager\Microsoft.Azure.Management.HybridDataManager\tests\Tests\JobsTest.cs(120,17): error CS0518: Predefined type 'System.Object' is not defined or imported
C:\gh\azure-sdk-for-net\sdk\hybriddatamanager\Microsoft.Azure.Management.HybridDataManager\tests\Tests\JobsTest.cs(120,17): error CS0103: The name 'Assert' does not exist in the current context
C:\gh\azure-sdk-for-net\sdk\hybriddatamanager\Microsoft.Azure.Management.HybridDataManager\tests\Tests\JobDefinitionsTest.cs(124,40): error CS0246: The type or namespace name 'IPage<>' could not be found (are you missing a using directive or an assembly reference?)
C:\gh\azure-sdk-for-net\sdk\hybriddatamanager\Microsoft.Azure.Management.HybridDataManager\tests\Tests\JobDefinitionsTest.cs(127,17): error CS0518: Predefined type 'System.Object' is not defined or imported
C:\gh\azure-sdk-for-net\sdk\hybriddatamanager\Microsoft.Azure.Management.HybridDataManager\tests\Tests\JobDefinitionsTest.cs(127,17): error CS0103: The name 'Assert' does not exist in the current context
C:\gh\azure-sdk-for-net\sdk\hybriddatamanager\Microsoft.Azure.Management.HybridDataManager\tests\Tests\JobDefinitionsTest.cs(129,20): error CS0518: Predefined type 'System.Object' is not defined or imported
C:\gh\azure-sdk-for-net\sdk\hybriddatamanager\Microsoft.Azure.Management.HybridDataManager\tests\Tests\JobDefinitionsTest.cs(129,20): error CS0246: The type or namespace name 'Exception' could not be found (are you missing a using directive or an assembly reference?)
C:\gh\azure-sdk-for-net\sdk\hybriddatamanager\Microsoft.Azure.Management.HybridDataManager\tests\Tests\JobDefinitionsTest.cs(131,17): error CS0518: Predefined type 'System.Object' is not defined or imported
C:\gh\azure-sdk-for-net\sdk\hybriddatamanager\Microsoft.Azure.Management.HybridDataManager\tests\Tests\JobDefinitionsTest.cs(131,17): error CS0103: The name 'Assert' does not exist in the current context
C:\gh\azure-sdk-for-net\sdk\hybriddatamanager\Microsoft.Azure.Management.HybridDataManager\tests\Tests\DataStoresTest.cs(93,17): error CS0518: Predefined type 'System.String' is not defined or imported
C:\gh\azure-sdk-for-net\sdk\hybriddatamanager\Microsoft.Azure.Management.HybridDataManager\tests\Tests\DataStoresTest.cs(93,40): error CS0518: Predefined type 'System.Object' is not defined or imported
C:\gh\azure-sdk-for-net\sdk\hybriddatamanager\Microsoft.Azure.Management.HybridDataManager\tests\Tests\DataStoresTest.cs(94,17): error CS0518: Predefined type 'System.Object' is not defined or imported
C:\gh\azure-sdk-for-net\sdk\hybriddatamanager\Microsoft.Azure.Management.HybridDataManager\tests\Tests\DataStoresTest.cs(101,39): error CS0518: Predefined type 'System.Object' is not defined or imported
C:\gh\azure-sdk-for-net\sdk\hybriddatamanager\Microsoft.Azure.Management.HybridDataManager\tests\Tests\DataStoresTest.cs(94,39): error CS0518: Predefined type 'System.String' is not defined or imported
C:\gh\azure-sdk-for-net\sdk\hybriddatamanager\Microsoft.Azure.Management.HybridDataManager\tests\Tests\DataStoresTest.cs(103,41): error CS0518: Predefined type 'System.String' is not defined or imported
C:\gh\azure-sdk-for-net\sdk\hybriddatamanager\Microsoft.Azure.Management.HybridDataManager\tests\Tests\DataStoresTest.cs(105,17): error CS0518: Predefined type 'System.Object' is not defined or imported
C:\gh\azure-sdk-for-net\sdk\hybriddatamanager\Microsoft.Azure.Management.HybridDataManager\tests\Tests\DataStoresTest.cs(105,17): error CS0103: The name 'Assert' does not exist in the current context
C:\gh\azure-sdk-for-net\sdk\hybriddatamanager\Microsoft.Azure.Management.HybridDataManager\tests\Tests\DataStoresTest.cs(107,40): error CS0518: Predefined type 'System.String' is not defined or imported
C:\gh\azure-sdk-for-net\sdk\hybriddatamanager\Microsoft.Azure.Management.HybridDataManager\tests\Tests\DataStoresTest.cs(108,17): error CS0518: Predefined type 'System.Object' is not defined or imported
C:\gh\azure-sdk-for-net\sdk\hybriddatamanager\Microsoft.Azure.Management.HybridDataManager\tests\Tests\DataStoresTest.cs(108,17): error CS0103: The name 'Assert' does not exist in the current context
C:\gh\azure-sdk-for-net\sdk\hybriddatamanager\Microsoft.Azure.Management.HybridDataManager\tests\Tests\DataStoresTest.cs(109,17): error CS0518: Predefined type 'System.Object' is not defined or imported
C:\gh\azure-sdk-for-net\sdk\hybriddatamanager\Microsoft.Azure.Management.HybridDataManager\tests\Tests\DataStoresTest.cs(109,17): error CS0103: The name 'Assert' does not exist in the current context
C:\gh\azure-sdk-for-net\sdk\hybriddatamanager\Microsoft.Azure.Management.HybridDataManager\tests\Tests\DataStoresTest.cs(110,17): error CS0518: Predefined type 'System.Object' is not defined or imported
C:\gh\azure-sdk-for-net\sdk\hybriddatamanager\Microsoft.Azure.Management.HybridDataManager\tests\Tests\DataStoresTest.cs(110,17): error CS0103: The name 'Assert' does not exist in the current context
C:\gh\azure-sdk-for-net\sdk\hybriddatamanager\Microsoft.Azure.Management.HybridDataManager\tests\Tests\DataStoresTest.cs(112,20): error CS0518: Predefined type 'System.Object' is not defined or imported
C:\gh\azure-sdk-for-net\sdk\hybriddatamanager\Microsoft.Azure.Management.HybridDataManager\tests\Tests\DataStoresTest.cs(112,20): error CS0246: The type or namespace name 'Exception' could not be found (are you missing a using directive or an assembly reference?)
C:\gh\azure-sdk-for-net\sdk\hybriddatamanager\Microsoft.Azure.Management.HybridDataManager\tests\Tests\DataStoresTest.cs(114,17): error CS0518: Predefined type 'System.Object' is not defined or imported
C:\gh\azure-sdk-for-net\sdk\hybriddatamanager\Microsoft.Azure.Management.HybridDataManager\tests\Tests\DataStoresTest.cs(114,17): error CS0103: The name 'Assert' does not exist in the current context
C:\gh\azure-sdk-for-net\sdk\hybriddatamanager\Microsoft.Azure.Management.HybridDataManager\tests\Tests\JobsTest.cs(130,31): error CS0246: The type or namespace name 'IPage<>' could not be found (are you missing a using directive or an assembly reference?)
C:\gh\azure-sdk-for-net\sdk\hybriddatamanager\Microsoft.Azure.Management.HybridDataManager\tests\Tests\JobsTest.cs(133,17): error CS0518: Predefined type 'System.Object' is not defined or imported
C:\gh\azure-sdk-for-net\sdk\hybriddatamanager\Microsoft.Azure.Management.HybridDataManager\tests\Tests\JobsTest.cs(133,17): error CS0103: The name 'Assert' does not exist in the current context
C:\gh\azure-sdk-for-net\sdk\hybriddatamanager\Microsoft.Azure.Management.HybridDataManager\tests\Tests\JobsTest.cs(135,20): error CS0518: Predefined type 'System.Object' is not defined or imported
C:\gh\azure-sdk-for-net\sdk\hybriddatamanager\Microsoft.Azure.Management.HybridDataManager\tests\Tests\JobsTest.cs(135,20): error CS0246: The type or namespace name 'Exception' could not be found (are you missing a using directive or an assembly reference?)
C:\gh\azure-sdk-for-net\sdk\hybriddatamanager\Microsoft.Azure.Management.HybridDataManager\tests\Tests\JobsTest.cs(137,17): error CS0518: Predefined type 'System.Object' is not defined or imported
C:\gh\azure-sdk-for-net\sdk\hybriddatamanager\Microsoft.Azure.Management.HybridDataManager\tests\Tests\JobsTest.cs(137,17): error CS0103: The name 'Assert' does not exist in the current context
C:\gh\azure-sdk-for-net\sdk\hybriddatamanager\Microsoft.Azure.Management.HybridDataManager\tests\Tests\JobDefinitionsTest.cs(144,17): error CS0518: Predefined type 'System.Object' is not defined or imported
C:\gh\azure-sdk-for-net\sdk\hybriddatamanager\Microsoft.Azure.Management.HybridDataManager\tests\Tests\JobDefinitionsTest.cs(144,53): error CS0518: Predefined type 'System.Object' is not defined or imported
C:\gh\azure-sdk-for-net\sdk\hybriddatamanager\Microsoft.Azure.Management.HybridDataManager\tests\Tests\JobDefinitionsTest.cs(148,17): error CS0518: Predefined type 'System.Object' is not defined or imported
C:\gh\azure-sdk-for-net\sdk\hybriddatamanager\Microsoft.Azure.Management.HybridDataManager\tests\Tests\JobDefinitionsTest.cs(148,47): error CS0518: Predefined type 'System.String' is not defined or imported
C:\gh\azure-sdk-for-net\sdk\hybriddatamanager\Microsoft.Azure.Management.HybridDataManager\tests\Tests\JobDefinitionsTest.cs(160,29): error CS0518: Predefined type 'System.String' is not defined or imported
C:\gh\azure-sdk-for-net\sdk\hybriddatamanager\Microsoft.Azure.Management.HybridDataManager\tests\Tests\JobDefinitionsTest.cs(165,17): error CS0518: Predefined type 'System.Object' is not defined or imported
C:\gh\azure-sdk-for-net\sdk\hybriddatamanager\Microsoft.Azure.Management.HybridDataManager\tests\Tests\JobDefinitionsTest.cs(165,17): error CS0103: The name 'Assert' does not exist in the current context
C:\gh\azure-sdk-for-net\sdk\hybriddatamanager\Microsoft.Azure.Management.HybridDataManager\tests\Tests\JobDefinitionsTest.cs(166,17): error CS0518: Predefined type 'System.Object' is not defined or imported
C:\gh\azure-sdk-for-net\sdk\hybriddatamanager\Microsoft.Azure.Management.HybridDataManager\tests\Tests\JobDefinitionsTest.cs(166,17): error CS0103: The name 'Assert' does not exist in the current context
C:\gh\azure-sdk-for-net\sdk\hybriddatamanager\Microsoft.Azure.Management.HybridDataManager\tests\Tests\JobDefinitionsTest.cs(166,38): error CS0518: Predefined type 'System.Object' is not defined or imported
C:\gh\azure-sdk-for-net\sdk\hybriddatamanager\Microsoft.Azure.Management.HybridDataManager\tests\Tests\JobDefinitionsTest.cs(166,38): error CS0103: The name 'String' does not exist in the current context
C:\gh\azure-sdk-for-net\sdk\hybriddatamanager\Microsoft.Azure.Management.HybridDataManager\tests\Tests\JobDefinitionsTest.cs(166,29): error CS0518: Predefined type 'System.Boolean' is not defined or imported
C:\gh\azure-sdk-for-net\sdk\hybriddatamanager\Microsoft.Azure.Management.HybridDataManager\tests\Tests\JobDefinitionsTest.cs(168,20): error CS0518: Predefined type 'System.Object' is not defined or imported
C:\gh\azure-sdk-for-net\sdk\hybriddatamanager\Microsoft.Azure.Management.HybridDataManager\tests\Tests\JobDefinitionsTest.cs(168,20): error CS0246: The type or namespace name 'Exception' could not be found (are you missing a using directive or an assembly reference?)
C:\gh\azure-sdk-for-net\sdk\hybriddatamanager\Microsoft.Azure.Management.HybridDataManager\tests\Tests\JobDefinitionsTest.cs(170,17): error CS0518: Predefined type 'System.Object' is not defined or imported
C:\gh\azure-sdk-for-net\sdk\hybriddatamanager\Microsoft.Azure.Management.HybridDataManager\tests\Tests\JobDefinitionsTest.cs(170,17): error CS0103: The name 'Assert' does not exist in the current context
C:\gh\azure-sdk-for-net\sdk\hybriddatamanager\Microsoft.Azure.Management.HybridDataManager\tests\Tests\DataStoresTest.cs(124,17): error CS0518: Predefined type 'System.String' is not defined or imported
C:\gh\azure-sdk-for-net\sdk\hybriddatamanager\Microsoft.Azure.Management.HybridDataManager\tests\Tests\DataStoresTest.cs(124,40): error CS0518: Predefined type 'System.Object' is not defined or imported
C:\gh\azure-sdk-for-net\sdk\hybriddatamanager\Microsoft.Azure.Management.HybridDataManager\tests\Tests\DataStoresTest.cs(125,17): error CS0518: Predefined type 'System.Void' is not defined or imported
C:\gh\azure-sdk-for-net\sdk\hybriddatamanager\Microsoft.Azure.Management.HybridDataManager\tests\Tests\DataStoresTest.cs(129,40): error CS0518: Predefined type 'System.String' is not defined or imported
C:\gh\azure-sdk-for-net\sdk\hybriddatamanager\Microsoft.Azure.Management.HybridDataManager\tests\Tests\DataStoresTest.cs(132,17): error CS0518: Predefined type 'System.Object' is not defined or imported
C:\gh\azure-sdk-for-net\sdk\hybriddatamanager\Microsoft.Azure.Management.HybridDataManager\tests\Tests\DataStoresTest.cs(132,17): error CS0103: The name 'Assert' does not exist in the current context
C:\gh\azure-sdk-for-net\sdk\hybriddatamanager\Microsoft.Azure.Management.HybridDataManager\tests\Tests\DataStoresTest.cs(134,20): error CS0518: Predefined type 'System.Object' is not defined or imported
C:\gh\azure-sdk-for-net\sdk\hybriddatamanager\Microsoft.Azure.Management.HybridDataManager\tests\Tests\DataStoresTest.cs(134,20): error CS0246: The type or namespace name 'CloudException' could not be found (are you missing a using directive or an assembly reference?)
C:\gh\azure-sdk-for-net\sdk\hybriddatamanager\Microsoft.Azure.Management.HybridDataManager\tests\Tests\DataStoresTest.cs(136,17): error CS0518: Predefined type 'System.Object' is not defined or imported
C:\gh\azure-sdk-for-net\sdk\hybriddatamanager\Microsoft.Azure.Management.HybridDataManager\tests\Tests\DataStoresTest.cs(136,17): error CS0103: The name 'Assert' does not exist in the current context
C:\gh\azure-sdk-for-net\sdk\hybriddatamanager\Microsoft.Azure.Management.HybridDataManager\tests\Tests\DataStoresTest.cs(136,49): error CS0518: Predefined type 'System.Object' is not defined or imported
C:\gh\azure-sdk-for-net\sdk\hybriddatamanager\Microsoft.Azure.Management.HybridDataManager\tests\Tests\DataStoresTest.cs(137,41): error CS0518: Predefined type 'System.Object' is not defined or imported
C:\gh\azure-sdk-for-net\sdk\hybriddatamanager\Microsoft.Azure.Management.HybridDataManager\tests\Tests\DataStoresTest.cs(139,20): error CS0518: Predefined type 'System.Object' is not defined or imported
C:\gh\azure-sdk-for-net\sdk\hybriddatamanager\Microsoft.Azure.Management.HybridDataManager\tests\Tests\DataStoresTest.cs(139,20): error CS0246: The type or namespace name 'Exception' could not be found (are you missing a using directive or an assembly reference?)
C:\gh\azure-sdk-for-net\sdk\hybriddatamanager\Microsoft.Azure.Management.HybridDataManager\tests\Tests\DataStoresTest.cs(141,17): error CS0518: Predefined type 'System.Object' is not defined or imported
C:\gh\azure-sdk-for-net\sdk\hybriddatamanager\Microsoft.Azure.Management.HybridDataManager\tests\Tests\DataStoresTest.cs(141,17): error CS0103: The name 'Assert' does not exist in the current context
C:\gh\azure-sdk-for-net\sdk\hybriddatamanager\Microsoft.Azure.Management.HybridDataManager\tests\Tests\DataStoresTest.cs(151,17): error CS0518: Predefined type 'System.String' is not defined or imported
C:\gh\azure-sdk-for-net\sdk\hybriddatamanager\Microsoft.Azure.Management.HybridDataManager\tests\Tests\DataStoresTest.cs(151,40): error CS0518: Predefined type 'System.Object' is not defined or imported
C:\gh\azure-sdk-for-net\sdk\hybriddatamanager\Microsoft.Azure.Management.HybridDataManager\tests\Tests\DataStoresTest.cs(152,17): error CS0518: Predefined type 'System.Void' is not defined or imported
C:\gh\azure-sdk-for-net\sdk\hybriddatamanager\Microsoft.Azure.Management.HybridDataManager\tests\Tests\DataStoresTest.cs(156,40): error CS0518: Predefined type 'System.String' is not defined or imported
C:\gh\azure-sdk-for-net\sdk\hybriddatamanager\Microsoft.Azure.Management.HybridDataManager\tests\Tests\DataStoresTest.cs(159,17): error CS0518: Predefined type 'System.Object' is not defined or imported
C:\gh\azure-sdk-for-net\sdk\hybriddatamanager\Microsoft.Azure.Management.HybridDataManager\tests\Tests\DataStoresTest.cs(159,17): error CS0103: The name 'Assert' does not exist in the current context
C:\gh\azure-sdk-for-net\sdk\hybriddatamanager\Microsoft.Azure.Management.HybridDataManager\tests\Tests\DataStoresTest.cs(161,20): error CS0518: Predefined type 'System.Object' is not defined or imported
C:\gh\azure-sdk-for-net\sdk\hybriddatamanager\Microsoft.Azure.Management.HybridDataManager\tests\Tests\DataStoresTest.cs(161,20): error CS0246: The type or namespace name 'CloudException' could not be found (are you missing a using directive or an assembly reference?)
C:\gh\azure-sdk-for-net\sdk\hybriddatamanager\Microsoft.Azure.Management.HybridDataManager\tests\Tests\DataStoresTest.cs(163,17): error CS0518: Predefined type 'System.Object' is not defined or imported
C:\gh\azure-sdk-for-net\sdk\hybriddatamanager\Microsoft.Azure.Management.HybridDataManager\tests\Tests\DataStoresTest.cs(163,17): error CS0103: The name 'Assert' does not exist in the current context
C:\gh\azure-sdk-for-net\sdk\hybriddatamanager\Microsoft.Azure.Management.HybridDataManager\tests\Tests\DataStoresTest.cs(163,49): error CS0518: Predefined type 'System.Object' is not defined or imported
C:\gh\azure-sdk-for-net\sdk\hybriddatamanager\Microsoft.Azure.Management.HybridDataManager\tests\Tests\DataStoresTest.cs(164,41): error CS0518: Predefined type 'System.Object' is not defined or imported
C:\gh\azure-sdk-for-net\sdk\hybriddatamanager\Microsoft.Azure.Management.HybridDataManager\tests\Tests\DataStoresTest.cs(166,20): error CS0518: Predefined type 'System.Object' is not defined or imported
C:\gh\azure-sdk-for-net\sdk\hybriddatamanager\Microsoft.Azure.Management.HybridDataManager\tests\Tests\DataStoresTest.cs(166,20): error CS0246: The type or namespace name 'Exception' could not be found (are you missing a using directive or an assembly reference?)
C:\gh\azure-sdk-for-net\sdk\hybriddatamanager\Microsoft.Azure.Management.HybridDataManager\tests\Tests\DataStoresTest.cs(168,17): error CS0518: Predefined type 'System.Object' is not defined or imported
C:\gh\azure-sdk-for-net\sdk\hybriddatamanager\Microsoft.Azure.Management.HybridDataManager\tests\Tests\DataStoresTest.cs(168,17): error CS0103: The name 'Assert' does not exist in the current context
C:\gh\azure-sdk-for-net\sdk\hybriddatamanager\Microsoft.Azure.Management.HybridDataManager\tests\Tests\DataServicesTest.cs(6,5): hidden CS8019: Unnecessary using directive.
C:\gh\azure-sdk-for-net\sdk\hybriddatamanager\Microsoft.Azure.Management.HybridDataManager\tests\Tests\DataManagersTest.cs(9,5): hidden CS8019: Unnecessary using directive.
C:\gh\azure-sdk-for-net\sdk\hybriddatamanager\Microsoft.Azure.Management.HybridDataManager\tests\Tests\DataManagersTest.cs(7,5): hidden CS8019: Unnecessary using directive.
C:\gh\azure-sdk-for-net\sdk\hybriddatamanager\Microsoft.Azure.Management.HybridDataManager\tests\Tests\OperationsTest.cs(4,5): hidden CS8019: Unnecessary using directive.
C:\gh\azure-sdk-for-net\sdk\hybriddatamanager\Microsoft.Azure.Management.HybridDataManager\tests\Tests\JobsTest.cs(5,5): hidden CS8019: Unnecessary using directive.
C:\gh\azure-sdk-for-net\sdk\hybriddatamanager\Microsoft.Azure.Management.HybridDataManager\tests\Tests\HybridDataTestBase.cs(13,1): hidden CS8019: Unnecessary using directive.
C:\gh\azure-sdk-for-net\sdk\hybriddatamanager\Microsoft.Azure.Management.HybridDataManager\tests\Tests\HybridDataTestBase.cs(10,1): hidden CS8019: Unnecessary using directive.
C:\gh\azure-sdk-for-net\sdk\hybriddatamanager\Microsoft.Azure.Management.HybridDataManager\tests\Tests\PublicKeysTest.cs(5,5): hidden CS8019: Unnecessary using directive.
C:\gh\azure-sdk-for-net\sdk\hybriddatamanager\Microsoft.Azure.Management.HybridDataManager\tests\Tests\DataStoresTest.cs(7,5): hidden CS8019: Unnecessary using directive.
C:\gh\azure-sdk-for-net\eng\mgmt\DisableTestRunParallel.cs(5,1): hidden CS8019: Unnecessary using directive.
C:\gh\azure-sdk-for-net\eng\mgmt\DisableTestRunParallel.cs(4,1): hidden CS8019: Unnecessary using directive.
C:\gh\azure-sdk-for-net\artifacts\obj\Microsoft.Azure.Management.HybridData.Tests\Debug\netcoreapp2.0\Microsoft.Azure.Management.HybridData.Tests.AssemblyInfo.cs(11,1): hidden CS8019: Unnecessary using directive.
C:\gh\azure-sdk-for-net\sdk\hybriddatamanager\Microsoft.Azure.Management.HybridDataManager\tests\Tests\DataServicesTest.cs(5,5): hidden CS8019: Unnecessary using directive.
C:\gh\azure-sdk-for-net\sdk\hybriddatamanager\Microsoft.Azure.Management.HybridDataManager\tests\Tests\DataManagersTest.cs(6,5): hidden CS8019: Unnecessary using directive.
C:\gh\azure-sdk-for-net\sdk\hybriddatamanager\Microsoft.Azure.Management.HybridDataManager\tests\Tests\JobDefinitionsTest.cs(8,5): hidden CS8019: Unnecessary using directive.
C:\gh\azure-sdk-for-net\sdk\hybriddatamanager\Microsoft.Azure.Management.HybridDataManager\tests\Tests\PublicKeysTest.cs(4,5): hidden CS8019: Unnecessary using directive.
C:\gh\azure-sdk-for-net\sdk\hybriddatamanager\Microsoft.Azure.Management.HybridDataManager\tests\Tests\HybridDataTestBase.cs(11,1): hidden CS8019: Unnecessary using directive.
C:\gh\azure-sdk-for-net\sdk\hybriddatamanager\Microsoft.Azure.Management.HybridDataManager\tests\Tests\DataManagersTest.cs(8,5): hidden CS8019: Unnecessary using directive.
C:\gh\azure-sdk-for-net\sdk\hybriddatamanager\Microsoft.Azure.Management.HybridDataManager\tests\Tests\DataStoresTest.cs(6,5): hidden CS8019: Unnecessary using directive.
C:\gh\azure-sdk-for-net\sdk\hybriddatamanager\Microsoft.Azure.Management.HybridDataManager\tests\Tests\DataStoreTypesTest.cs(6,1): hidden CS8019: Unnecessary using directive.
C:\gh\azure-sdk-for-net\sdk\hybriddatamanager\Microsoft.Azure.Management.HybridDataManager\tests\Tests\DataManagersTest.cs(5,5): hidden CS8019: Unnecessary using directive.
C:\gh\azure-sdk-for-net\sdk\hybriddatamanager\Microsoft.Azure.Management.HybridDataManager\tests\Tests\HybridDataTestBase.cs(3,1): hidden CS8019: Unnecessary using directive.
C:\gh\azure-sdk-for-net\sdk\hybriddatamanager\Microsoft.Azure.Management.HybridDataManager\tests\Tests\DataServicesTest.cs(4,5): hidden CS8019: Unnecessary using directive.
C:\gh\azure-sdk-for-net\sdk\hybriddatamanager\Microsoft.Azure.Management.HybridDataManager\tests\Tests\DataStoresTest.cs(5,5): hidden CS8019: Unnecessary using directive.
C:\gh\azure-sdk-for-net\sdk\hybriddatamanager\Microsoft.Azure.Management.HybridDataManager\tests\Tests\JobsTest.cs(7,5): hidden CS8019: Unnecessary using directive.
C:\gh\azure-sdk-for-net\sdk\hybriddatamanager\Microsoft.Azure.Management.HybridDataManager\tests\Tests\HybridDataTestBase.cs(9,1): hidden CS8019: Unnecessary using directive.
C:\gh\azure-sdk-for-net\sdk\hybriddatamanager\Microsoft.Azure.Management.HybridDataManager\tests\Tests\JobDefinitionsTest.cs(7,5): hidden CS8019: Unnecessary using directive.
C:\gh\azure-sdk-for-net\artifacts\obj\Microsoft.Azure.Management.HybridData.Tests\Debug\netcoreapp2.0\.NETCoreApp,Version=v2.0.AssemblyAttributes.cs(2,1): hidden CS8019: Unnecessary using directive.
C:\gh\azure-sdk-for-net\sdk\hybriddatamanager\Microsoft.Azure.Management.HybridDataManager\tests\Tests\HybridDataTestBase.cs(5,1): hidden CS8019: Unnecessary using directive.
C:\gh\azure-sdk-for-net\sdk\hybriddatamanager\Microsoft.Azure.Management.HybridDataManager\tests\Tests\HybridDataTestBase.cs(4,1): hidden CS8019: Unnecessary using directive.
C:\gh\azure-sdk-for-net\artifacts\obj\Microsoft.Azure.Management.HybridData.Tests\Debug\netcoreapp2.0\Microsoft.Azure.Management.HybridData.Tests.AssemblyInfo.cs(12,1): hidden CS8019: Unnecessary using directive.
C:\gh\azure-sdk-for-net\sdk\hybriddatamanager\Microsoft.Azure.Management.HybridDataManager\tests\Tests\HybridDataTestBase.cs(12,1): hidden CS8019: Unnecessary using directive.
C:\gh\azure-sdk-for-net\sdk\hybriddatamanager\Microsoft.Azure.Management.HybridDataManager\tests\Tests\DataStoreTypesTest.cs(3,1): hidden CS8019: Unnecessary using directive.
C:\gh\azure-sdk-for-net\artifacts\obj\Microsoft.Azure.Management.HybridData.Tests\Debug\netcoreapp2.0\.NETCoreApp,Version=v2.0.AssemblyAttributes.cs(3,1): hidden CS8019: Unnecessary using directive.
C:\gh\azure-sdk-for-net\sdk\hybriddatamanager\Microsoft.Azure.Management.HybridDataManager\tests\Tests\HybridDataTestBase.cs(7,1): hidden CS8019: Unnecessary using directive.
C:\gh\azure-sdk-for-net\sdk\hybriddatamanager\Microsoft.Azure.Management.HybridDataManager\tests\Tests\DataStoreTypesTest.cs(7,1): hidden CS8019: Unnecessary using directive.
C:\gh\azure-sdk-for-net\sdk\hybriddatamanager\Microsoft.Azure.Management.HybridDataManager\tests\Tests\JobDefinitionsTest.cs(6,5): hidden CS8019: Unnecessary using directive.
C:\gh\azure-sdk-for-net\sdk\hybriddatamanager\Microsoft.Azure.Management.HybridDataManager\tests\Tests\JobsTest.cs(6,5): hidden CS8019: Unnecessary using directive.
C:\gh\azure-sdk-for-net\sdk\hybriddatamanager\Microsoft.Azure.Management.HybridDataManager\tests\Tests\DataStoreTypesTest.cs(5,1): hidden CS8019: Unnecessary using directive.
C:\gh\azure-sdk-for-net\sdk\hybriddatamanager\Microsoft.Azure.Management.HybridDataManager\tests\Tests\DataStoreTypesTest.cs(1,1): hidden CS8019: Unnecessary using directive.
C:\gh\azure-sdk-for-net\sdk\hybriddatamanager\Microsoft.Azure.Management.HybridDataManager\tests\Tests\OperationsTest.cs(6,5): hidden CS8019: Unnecessary using directive.
C:\gh\azure-sdk-for-net\sdk\hybriddatamanager\Microsoft.Azure.Management.HybridDataManager\tests\Tests\HybridDataTestBase.cs(8,1): hidden CS8019: Unnecessary using directive.
C:\gh\azure-sdk-for-net\sdk\hybriddatamanager\Microsoft.Azure.Management.HybridDataManager\tests\Tests\JobDefinitionsTest.cs(5,5): hidden CS8019: Unnecessary using directive.
C:\gh\azure-sdk-for-net\sdk\hybriddatamanager\Microsoft.Azure.Management.HybridDataManager\tests\Tests\HybridDataTestBase.cs(6,1): hidden CS8019: Unnecessary using directive.
C:\gh\azure-sdk-for-net\sdk\hybriddatamanager\Microsoft.Azure.Management.HybridDataManager\tests\Tests\PublicKeysTest.cs(6,5): hidden CS8019: Unnecessary using directive.
C:\gh\azure-sdk-for-net\sdk\hybriddatamanager\Microsoft.Azure.Management.HybridDataManager\tests\Tests\OperationsTest.cs(5,5): hidden CS8019: Unnecessary using directive.
C:\gh\azure-sdk-for-net\sdk\hybriddatamanager\Microsoft.Azure.Management.HybridDataManager\tests\Tests\DataStoresTest.cs(8,5): hidden CS8019: Unnecessary using directive.
C:\gh\azure-sdk-for-net\sdk\hybriddatamanager\Microsoft.Azure.Management.HybridDataManager\tests\Tests\DataStoreTypesTest.cs(4,1): hidden CS8019: Unnecessary using directive.
