C:\gh\azure-sdk-for-net\sdk\appplatform\Microsoft.Azure.Management.AppPlatform\tests\Tests\SpringCloudTests.cs(120,71): error CS0518: Predefined type 'System.Object' is not defined or imported
C:\gh\azure-sdk-for-net\sdk\appplatform\Microsoft.Azure.Management.AppPlatform\tests\Tests\SpringCloudTests.cs(120,71): error CS0246: The type or namespace name 'MockContext' could not be found (are you missing a using directive or an assembly reference?)
C:\gh\azure-sdk-for-net\sdk\appplatform\Microsoft.Azure.Management.AppPlatform\tests\Tests\SpringCloudTests.cs(120,17): error CS0518: Predefined type 'System.Object' is not defined or imported
C:\gh\azure-sdk-for-net\sdk\appplatform\Microsoft.Azure.Management.AppPlatform\tests\Tests\SpringCloudTests.cs(115,70): error CS0518: Predefined type 'System.Object' is not defined or imported
C:\gh\azure-sdk-for-net\sdk\appplatform\Microsoft.Azure.Management.AppPlatform\tests\Tests\SpringCloudTests.cs(115,70): error CS0246: The type or namespace name 'MockContext' could not be found (are you missing a using directive or an assembly reference?)
C:\gh\azure-sdk-for-net\sdk\appplatform\Microsoft.Azure.Management.AppPlatform\tests\Tests\SpringCloudTests.cs(115,17): error CS0518: Predefined type 'System.Object' is not defined or imported
C:\gh\azure-sdk-for-net\sdk\appplatform\Microsoft.Azure.Management.AppPlatform\tests\Tests\SpringCloudTests.cs(115,17): error CS0246: The type or namespace name 'ResourceManagementClient' could not be found (are you missing a using directive or an assembly reference?)
C:\gh\azure-sdk-for-net\sdk\appplatform\Microsoft.Azure.Management.AppPlatform\tests\Tests\SpringCloudTests.cs(113,35): error CS0518: Predefined type 'System.String' is not defined or imported
C:\gh\azure-sdk-for-net\sdk\appplatform\Microsoft.Azure.Management.AppPlatform\tests\Tests\SpringCloudTests.cs(113,17): error CS0518: Predefined type 'System.String' is not defined or imported
C:\gh\azure-sdk-for-net\sdk\appplatform\Microsoft.Azure.Management.AppPlatform\tests\Tests\SpringCloudTests.cs(107,53): error CS0518: Predefined type 'System.Object' is not defined or imported
C:\gh\azure-sdk-for-net\sdk\appplatform\Microsoft.Azure.Management.AppPlatform\tests\Tests\SpringCloudTests.cs(107,53): error CS0246: The type or namespace name 'MockContext' could not be found (are you missing a using directive or an assembly reference?)
C:\gh\azure-sdk-for-net\sdk\appplatform\Microsoft.Azure.Management.AppPlatform\tests\Tests\SpringCloudTests.cs(107,74): error CS0518: Predefined type 'System.String' is not defined or imported
C:\gh\azure-sdk-for-net\sdk\appplatform\Microsoft.Azure.Management.AppPlatform\tests\Tests\SpringCloudTests.cs(107,17): error CS0518: Predefined type 'System.Object' is not defined or imported
C:\gh\azure-sdk-for-net\sdk\appplatform\Microsoft.Azure.Management.AppPlatform\tests\Tests\SpringCloudTests.cs(107,17): error CS0246: The type or namespace name 'IPage<>' could not be found (are you missing a using directive or an assembly reference?)
C:\gh\azure-sdk-for-net\sdk\appplatform\Microsoft.Azure.Management.AppPlatform\tests\Tests\SpringCloudTests.cs(107,23): error CS0518: Predefined type 'System.Object' is not defined or imported
C:\gh\azure-sdk-for-net\sdk\appplatform\Microsoft.Azure.Management.AppPlatform\tests\Tests\SpringCloudTests.cs(101,38): error CS0518: Predefined type 'System.Object' is not defined or imported
C:\gh\azure-sdk-for-net\sdk\appplatform\Microsoft.Azure.Management.AppPlatform\tests\Tests\SpringCloudTests.cs(101,38): error CS0246: The type or namespace name 'MockContext' could not be found (are you missing a using directive or an assembly reference?)
C:\gh\azure-sdk-for-net\sdk\appplatform\Microsoft.Azure.Management.AppPlatform\tests\Tests\SpringCloudTests.cs(101,59): error CS0518: Predefined type 'System.String' is not defined or imported
C:\gh\azure-sdk-for-net\sdk\appplatform\Microsoft.Azure.Management.AppPlatform\tests\Tests\SpringCloudTests.cs(101,17): error CS0518: Predefined type 'System.Void' is not defined or imported
C:\gh\azure-sdk-for-net\sdk\appplatform\Microsoft.Azure.Management.AppPlatform\tests\Tests\SpringCloudTests.cs(95,36): error CS0518: Predefined type 'System.Object' is not defined or imported
C:\gh\azure-sdk-for-net\sdk\appplatform\Microsoft.Azure.Management.AppPlatform\tests\Tests\SpringCloudTests.cs(95,36): error CS0246: The type or namespace name 'MockContext' could not be found (are you missing a using directive or an assembly reference?)
C:\gh\azure-sdk-for-net\sdk\appplatform\Microsoft.Azure.Management.AppPlatform\tests\Tests\SpringCloudTests.cs(95,57): error CS0518: Predefined type 'System.String' is not defined or imported
C:\gh\azure-sdk-for-net\sdk\appplatform\Microsoft.Azure.Management.AppPlatform\tests\Tests\SpringCloudTests.cs(95,72): error CS0518: Predefined type 'System.String' is not defined or imported
C:\gh\azure-sdk-for-net\sdk\appplatform\Microsoft.Azure.Management.AppPlatform\tests\Tests\SpringCloudTests.cs(95,17): error CS0518: Predefined type 'System.Void' is not defined or imported
C:\gh\azure-sdk-for-net\sdk\appplatform\Microsoft.Azure.Management.AppPlatform\tests\Tests\SpringCloudTests.cs(65,39): error CS0518: Predefined type 'System.Object' is not defined or imported
C:\gh\azure-sdk-for-net\sdk\appplatform\Microsoft.Azure.Management.AppPlatform\tests\Tests\SpringCloudTests.cs(65,39): error CS0246: The type or namespace name 'MockContext' could not be found (are you missing a using directive or an assembly reference?)
C:\gh\azure-sdk-for-net\sdk\appplatform\Microsoft.Azure.Management.AppPlatform\tests\Tests\SpringCloudTests.cs(65,60): error CS0518: Predefined type 'System.String' is not defined or imported
C:\gh\azure-sdk-for-net\sdk\appplatform\Microsoft.Azure.Management.AppPlatform\tests\Tests\SpringCloudTests.cs(65,75): error CS0518: Predefined type 'System.String' is not defined or imported
C:\gh\azure-sdk-for-net\sdk\appplatform\Microsoft.Azure.Management.AppPlatform\tests\Tests\SpringCloudTests.cs(65,95): error CS0518: Predefined type 'System.String' is not defined or imported
C:\gh\azure-sdk-for-net\sdk\appplatform\Microsoft.Azure.Management.AppPlatform\tests\Tests\SpringCloudTests.cs(65,111): error CS0518: Predefined type 'System.String' is not defined or imported
C:\gh\azure-sdk-for-net\sdk\appplatform\Microsoft.Azure.Management.AppPlatform\tests\Tests\SpringCloudTests.cs(65,17): error CS0518: Predefined type 'System.Object' is not defined or imported
C:\gh\azure-sdk-for-net\sdk\appplatform\Microsoft.Azure.Management.AppPlatform\tests\Tests\SpringCloudTests.cs(55,47): error CS0518: Predefined type 'System.Object' is not defined or imported
C:\gh\azure-sdk-for-net\sdk\appplatform\Microsoft.Azure.Management.AppPlatform\tests\Tests\SpringCloudTests.cs(55,47): error CS0246: The type or namespace name 'MockContext' could not be found (are you missing a using directive or an assembly reference?)
C:\gh\azure-sdk-for-net\sdk\appplatform\Microsoft.Azure.Management.AppPlatform\tests\Tests\SpringCloudTests.cs(55,68): error CS0518: Predefined type 'System.String' is not defined or imported
C:\gh\azure-sdk-for-net\sdk\appplatform\Microsoft.Azure.Management.AppPlatform\tests\Tests\SpringCloudTests.cs(55,83): error CS0518: Predefined type 'System.String' is not defined or imported
C:\gh\azure-sdk-for-net\sdk\appplatform\Microsoft.Azure.Management.AppPlatform\tests\Tests\SpringCloudTests.cs(55,17): error CS0518: Predefined type 'System.Object' is not defined or imported
C:\gh\azure-sdk-for-net\sdk\appplatform\Microsoft.Azure.Management.AppPlatform\tests\Tests\SpringCloudTests.cs(49,42): error CS0518: Predefined type 'System.Object' is not defined or imported
C:\gh\azure-sdk-for-net\sdk\appplatform\Microsoft.Azure.Management.AppPlatform\tests\Tests\SpringCloudTests.cs(49,42): error CS0246: The type or namespace name 'MockContext' could not be found (are you missing a using directive or an assembly reference?)
C:\gh\azure-sdk-for-net\sdk\appplatform\Microsoft.Azure.Management.AppPlatform\tests\Tests\SpringCloudTests.cs(49,63): error CS0518: Predefined type 'System.String' is not defined or imported
C:\gh\azure-sdk-for-net\sdk\appplatform\Microsoft.Azure.Management.AppPlatform\tests\Tests\SpringCloudTests.cs(49,17): error CS0518: Predefined type 'System.Void' is not defined or imported
C:\gh\azure-sdk-for-net\sdk\appplatform\Microsoft.Azure.Management.AppPlatform\tests\Tests\SpringCloudTests.cs(38,51): error CS0518: Predefined type 'System.Object' is not defined or imported
C:\gh\azure-sdk-for-net\sdk\appplatform\Microsoft.Azure.Management.AppPlatform\tests\Tests\SpringCloudTests.cs(38,51): error CS0246: The type or namespace name 'MockContext' could not be found (are you missing a using directive or an assembly reference?)
C:\gh\azure-sdk-for-net\sdk\appplatform\Microsoft.Azure.Management.AppPlatform\tests\Tests\SpringCloudTests.cs(38,72): error CS0518: Predefined type 'System.String' is not defined or imported
C:\gh\azure-sdk-for-net\sdk\appplatform\Microsoft.Azure.Management.AppPlatform\tests\Tests\SpringCloudTests.cs(38,17): error CS0518: Predefined type 'System.Object' is not defined or imported
C:\gh\azure-sdk-for-net\sdk\appplatform\Microsoft.Azure.Management.AppPlatform\tests\Tests\SpringCloudTests.cs(38,17): error CS0246: The type or namespace name 'ResourceGroup' could not be found (are you missing a using directive or an assembly reference?)
C:\gh\azure-sdk-for-net\sdk\appplatform\Microsoft.Azure.Management.AppPlatform\tests\Tests\SpringCloudTests.cs(15,16): error CS0518: Predefined type 'System.Void' is not defined or imported
C:\gh\azure-sdk-for-net\sdk\appplatform\Microsoft.Azure.Management.AppPlatform\tests\Tests\SpringCloudTests.cs(12,18): error CS0518: Predefined type 'System.Object' is not defined or imported
C:\gh\azure-sdk-for-net\sdk\appplatform\Microsoft.Azure.Management.AppPlatform\tests\Properties\AssemblyInfo.cs(10,12): error CS0246: The type or namespace name 'AssemblyTitleAttribute' could not be found (are you missing a using directive or an assembly reference?)
C:\gh\azure-sdk-for-net\sdk\appplatform\Microsoft.Azure.Management.AppPlatform\tests\Properties\AssemblyInfo.cs(10,12): error CS0246: The type or namespace name 'AssemblyTitle' could not be found (are you missing a using directive or an assembly reference?)
C:\gh\azure-sdk-for-net\sdk\appplatform\Microsoft.Azure.Management.AppPlatform\tests\Properties\AssemblyInfo.cs(11,12): error CS0246: The type or namespace name 'AssemblyDescriptionAttribute' could not be found (are you missing a using directive or an assembly reference?)
C:\gh\azure-sdk-for-net\sdk\appplatform\Microsoft.Azure.Management.AppPlatform\tests\Properties\AssemblyInfo.cs(11,12): error CS0246: The type or namespace name 'AssemblyDescription' could not be found (are you missing a using directive or an assembly reference?)
C:\gh\azure-sdk-for-net\sdk\appplatform\Microsoft.Azure.Management.AppPlatform\tests\Properties\AssemblyInfo.cs(12,12): error CS0246: The type or namespace name 'AssemblyConfigurationAttribute' could not be found (are you missing a using directive or an assembly reference?)
C:\gh\azure-sdk-for-net\sdk\appplatform\Microsoft.Azure.Management.AppPlatform\tests\Properties\AssemblyInfo.cs(12,12): error CS0246: The type or namespace name 'AssemblyConfiguration' could not be found (are you missing a using directive or an assembly reference?)
C:\gh\azure-sdk-for-net\sdk\appplatform\Microsoft.Azure.Management.AppPlatform\tests\Properties\AssemblyInfo.cs(13,12): error CS0246: The type or namespace name 'AssemblyCompanyAttribute' could not be found (are you missing a using directive or an assembly reference?)
C:\gh\azure-sdk-for-net\sdk\appplatform\Microsoft.Azure.Management.AppPlatform\tests\Properties\AssemblyInfo.cs(13,12): error CS0246: The type or namespace name 'AssemblyCompany' could not be found (are you missing a using directive or an assembly reference?)
C:\gh\azure-sdk-for-net\sdk\appplatform\Microsoft.Azure.Management.AppPlatform\tests\Properties\AssemblyInfo.cs(14,12): error CS0246: The type or namespace name 'AssemblyProductAttribute' could not be found (are you missing a using directive or an assembly reference?)
C:\gh\azure-sdk-for-net\sdk\appplatform\Microsoft.Azure.Management.AppPlatform\tests\Properties\AssemblyInfo.cs(14,12): error CS0246: The type or namespace name 'AssemblyProduct' could not be found (are you missing a using directive or an assembly reference?)
C:\gh\azure-sdk-for-net\sdk\appplatform\Microsoft.Azure.Management.AppPlatform\tests\Properties\AssemblyInfo.cs(15,12): error CS0246: The type or namespace name 'AssemblyCopyrightAttribute' could not be found (are you missing a using directive or an assembly reference?)
C:\gh\azure-sdk-for-net\sdk\appplatform\Microsoft.Azure.Management.AppPlatform\tests\Properties\AssemblyInfo.cs(15,12): error CS0246: The type or namespace name 'AssemblyCopyright' could not be found (are you missing a using directive or an assembly reference?)
C:\gh\azure-sdk-for-net\sdk\appplatform\Microsoft.Azure.Management.AppPlatform\tests\Properties\AssemblyInfo.cs(16,12): error CS0246: The type or namespace name 'AssemblyTrademarkAttribute' could not be found (are you missing a using directive or an assembly reference?)
C:\gh\azure-sdk-for-net\sdk\appplatform\Microsoft.Azure.Management.AppPlatform\tests\Properties\AssemblyInfo.cs(16,12): error CS0246: The type or namespace name 'AssemblyTrademark' could not be found (are you missing a using directive or an assembly reference?)
C:\gh\azure-sdk-for-net\sdk\appplatform\Microsoft.Azure.Management.AppPlatform\tests\Properties\AssemblyInfo.cs(17,12): error CS0246: The type or namespace name 'AssemblyCultureAttribute' could not be found (are you missing a using directive or an assembly reference?)
C:\gh\azure-sdk-for-net\sdk\appplatform\Microsoft.Azure.Management.AppPlatform\tests\Properties\AssemblyInfo.cs(17,12): error CS0246: The type or namespace name 'AssemblyCulture' could not be found (are you missing a using directive or an assembly reference?)
C:\gh\azure-sdk-for-net\sdk\appplatform\Microsoft.Azure.Management.AppPlatform\tests\Properties\AssemblyInfo.cs(18,12): error CS0246: The type or namespace name 'AssemblyVersionAttribute' could not be found (are you missing a using directive or an assembly reference?)
C:\gh\azure-sdk-for-net\sdk\appplatform\Microsoft.Azure.Management.AppPlatform\tests\Properties\AssemblyInfo.cs(18,12): error CS0246: The type or namespace name 'AssemblyVersion' could not be found (are you missing a using directive or an assembly reference?)
C:\gh\azure-sdk-for-net\sdk\appplatform\Microsoft.Azure.Management.AppPlatform\tests\Properties\AssemblyInfo.cs(19,12): error CS0246: The type or namespace name 'AssemblyFileVersionAttribute' could not be found (are you missing a using directive or an assembly reference?)
C:\gh\azure-sdk-for-net\sdk\appplatform\Microsoft.Azure.Management.AppPlatform\tests\Properties\AssemblyInfo.cs(19,12): error CS0246: The type or namespace name 'AssemblyFileVersion' could not be found (are you missing a using directive or an assembly reference?)
C:\gh\azure-sdk-for-net\eng\mgmt\DisableTestRunParallel.cs(7,12): error CS0246: The type or namespace name 'CollectionBehaviorAttribute' could not be found (are you missing a using directive or an assembly reference?)
C:\gh\azure-sdk-for-net\eng\mgmt\DisableTestRunParallel.cs(7,12): error CS0246: The type or namespace name 'CollectionBehavior' could not be found (are you missing a using directive or an assembly reference?)
C:\gh\azure-sdk-for-net\artifacts\obj\Microsoft.Azure.Management.AppPlatform.Tests\Debug\netcoreapp2.0\.NETCoreApp,Version=v2.0.AssemblyAttributes.cs(4,20): error CS0400: The type or namespace name 'System' could not be found in the global namespace (are you missing an assembly reference?)
C:\gh\azure-sdk-for-net\artifacts\obj\Microsoft.Azure.Management.AppPlatform.Tests\Debug\netcoreapp2.0\Microsoft.Azure.Management.AppPlatform.Tests.AssemblyInfo.cs(14,12): error CS0246: The type or namespace name 'System' could not be found (are you missing a using directive or an assembly reference?)
C:\gh\azure-sdk-for-net\artifacts\obj\Microsoft.Azure.Management.AppPlatform.Tests\Debug\netcoreapp2.0\Microsoft.Azure.Management.AppPlatform.Tests.AssemblyInfo.cs(16,12): error CS0246: The type or namespace name 'System' could not be found (are you missing a using directive or an assembly reference?)
C:\gh\azure-sdk-for-net\artifacts\obj\Microsoft.Azure.Management.AppPlatform.Tests\Debug\netcoreapp2.0\Microsoft.Azure.Management.AppPlatform.Tests.AssemblyInfo.cs(17,12): error CS0246: The type or namespace name 'System' could not be found (are you missing a using directive or an assembly reference?)
C:\gh\azure-sdk-for-net\sdk\appplatform\Microsoft.Azure.Management.AppPlatform\tests\Properties\AssemblyInfo.cs(10,26): error CS0518: Predefined type 'System.String' is not defined or imported
C:\gh\azure-sdk-for-net\sdk\appplatform\Microsoft.Azure.Management.AppPlatform\tests\Properties\AssemblyInfo.cs(11,32): error CS0518: Predefined type 'System.String' is not defined or imported
C:\gh\azure-sdk-for-net\sdk\appplatform\Microsoft.Azure.Management.AppPlatform\tests\Properties\AssemblyInfo.cs(12,34): error CS0518: Predefined type 'System.String' is not defined or imported
C:\gh\azure-sdk-for-net\sdk\appplatform\Microsoft.Azure.Management.AppPlatform\tests\Properties\AssemblyInfo.cs(13,28): error CS0518: Predefined type 'System.String' is not defined or imported
C:\gh\azure-sdk-for-net\sdk\appplatform\Microsoft.Azure.Management.AppPlatform\tests\Properties\AssemblyInfo.cs(14,28): error CS0518: Predefined type 'System.String' is not defined or imported
C:\gh\azure-sdk-for-net\sdk\appplatform\Microsoft.Azure.Management.AppPlatform\tests\Properties\AssemblyInfo.cs(15,30): error CS0518: Predefined type 'System.String' is not defined or imported
C:\gh\azure-sdk-for-net\sdk\appplatform\Microsoft.Azure.Management.AppPlatform\tests\Properties\AssemblyInfo.cs(16,30): error CS0518: Predefined type 'System.String' is not defined or imported
C:\gh\azure-sdk-for-net\sdk\appplatform\Microsoft.Azure.Management.AppPlatform\tests\Properties\AssemblyInfo.cs(17,28): error CS0518: Predefined type 'System.String' is not defined or imported
C:\gh\azure-sdk-for-net\sdk\appplatform\Microsoft.Azure.Management.AppPlatform\tests\Properties\AssemblyInfo.cs(18,28): error CS0518: Predefined type 'System.String' is not defined or imported
C:\gh\azure-sdk-for-net\sdk\appplatform\Microsoft.Azure.Management.AppPlatform\tests\Properties\AssemblyInfo.cs(19,32): error CS0518: Predefined type 'System.String' is not defined or imported
C:\gh\azure-sdk-for-net\eng\mgmt\DisableTestRunParallel.cs(7,31): error CS0246: The type or namespace name 'DisableTestParallelization' could not be found (are you missing a using directive or an assembly reference?)
C:\gh\azure-sdk-for-net\eng\mgmt\DisableTestRunParallel.cs(7,60): error CS0518: Predefined type 'System.Boolean' is not defined or imported
C:\gh\azure-sdk-for-net\eng\mgmt\DisableTestRunParallel.cs(7,66): error CS0246: The type or namespace name 'MaxParallelThreads' could not be found (are you missing a using directive or an assembly reference?)
C:\gh\azure-sdk-for-net\eng\mgmt\DisableTestRunParallel.cs(7,87): error CS0518: Predefined type 'System.Int32' is not defined or imported
C:\gh\azure-sdk-for-net\artifacts\obj\Microsoft.Azure.Management.AppPlatform.Tests\Debug\netcoreapp2.0\.NETCoreApp,Version=v2.0.AssemblyAttributes.cs(4,71): error CS0518: Predefined type 'System.String' is not defined or imported
C:\gh\azure-sdk-for-net\artifacts\obj\Microsoft.Azure.Management.AppPlatform.Tests\Debug\netcoreapp2.0\.NETCoreApp,Version=v2.0.AssemblyAttributes.cs(4,99): error CS0246: The type or namespace name 'FrameworkDisplayName' could not be found (are you missing a using directive or an assembly reference?)
C:\gh\azure-sdk-for-net\artifacts\obj\Microsoft.Azure.Management.AppPlatform.Tests\Debug\netcoreapp2.0\.NETCoreApp,Version=v2.0.AssemblyAttributes.cs(4,122): error CS0518: Predefined type 'System.String' is not defined or imported
C:\gh\azure-sdk-for-net\artifacts\obj\Microsoft.Azure.Management.AppPlatform.Tests\Debug\netcoreapp2.0\Microsoft.Azure.Management.AppPlatform.Tests.AssemblyInfo.cs(14,56): error CS0518: Predefined type 'System.String' is not defined or imported
C:\gh\azure-sdk-for-net\artifacts\obj\Microsoft.Azure.Management.AppPlatform.Tests\Debug\netcoreapp2.0\Microsoft.Azure.Management.AppPlatform.Tests.AssemblyInfo.cs(14,70): error CS0518: Predefined type 'System.String' is not defined or imported
C:\gh\azure-sdk-for-net\artifacts\obj\Microsoft.Azure.Management.AppPlatform.Tests\Debug\netcoreapp2.0\Microsoft.Azure.Management.AppPlatform.Tests.AssemblyInfo.cs(15,5): error CS0518: Predefined type 'System.String' is not defined or imported
C:\gh\azure-sdk-for-net\artifacts\obj\Microsoft.Azure.Management.AppPlatform.Tests\Debug\netcoreapp2.0\Microsoft.Azure.Management.AppPlatform.Tests.AssemblyInfo.cs(16,68): error CS0518: Predefined type 'System.String' is not defined or imported
C:\gh\azure-sdk-for-net\artifacts\obj\Microsoft.Azure.Management.AppPlatform.Tests\Debug\netcoreapp2.0\Microsoft.Azure.Management.AppPlatform.Tests.AssemblyInfo.cs(17,56): error CS0518: Predefined type 'System.String' is not defined or imported
C:\gh\azure-sdk-for-net\artifacts\obj\Microsoft.Azure.Management.AppPlatform.Tests\Debug\netcoreapp2.0\Microsoft.Azure.Management.AppPlatform.Tests.AssemblyInfo.cs(17,73): error CS0518: Predefined type 'System.String' is not defined or imported
C:\gh\azure-sdk-for-net\sdk\appplatform\Microsoft.Azure.Management.AppPlatform\tests\Properties\AssemblyInfo.cs(4,7): error CS0246: The type or namespace name 'System' could not be found (are you missing a using directive or an assembly reference?)
C:\gh\azure-sdk-for-net\sdk\appplatform\Microsoft.Azure.Management.AppPlatform\tests\Properties\AssemblyInfo.cs(5,7): error CS0246: The type or namespace name 'System' could not be found (are you missing a using directive or an assembly reference?)
C:\gh\azure-sdk-for-net\sdk\appplatform\Microsoft.Azure.Management.AppPlatform\tests\Tests\SpringCloudTests.cs(3,34): error CS0234: The type or namespace name 'ResourceManager' does not exist in the namespace 'Microsoft.Azure.Management' (are you missing an assembly reference?)
C:\gh\azure-sdk-for-net\sdk\appplatform\Microsoft.Azure.Management.AppPlatform\tests\Tests\SpringCloudTests.cs(4,34): error CS0234: The type or namespace name 'ResourceManager' does not exist in the namespace 'Microsoft.Azure.Management' (are you missing an assembly reference?)
C:\gh\azure-sdk-for-net\sdk\appplatform\Microsoft.Azure.Management.AppPlatform\tests\Tests\SpringCloudTests.cs(5,17): error CS0234: The type or namespace name 'Rest' does not exist in the namespace 'Microsoft' (are you missing an assembly reference?)
C:\gh\azure-sdk-for-net\sdk\appplatform\Microsoft.Azure.Management.AppPlatform\tests\Tests\SpringCloudTests.cs(6,17): error CS0234: The type or namespace name 'Rest' does not exist in the namespace 'Microsoft' (are you missing an assembly reference?)
C:\gh\azure-sdk-for-net\sdk\appplatform\Microsoft.Azure.Management.AppPlatform\tests\Tests\SpringCloudTests.cs(7,7): error CS0246: The type or namespace name 'System' could not be found (are you missing a using directive or an assembly reference?)
C:\gh\azure-sdk-for-net\sdk\appplatform\Microsoft.Azure.Management.AppPlatform\tests\Tests\SpringCloudTests.cs(8,7): error CS0246: The type or namespace name 'Xunit' could not be found (are you missing a using directive or an assembly reference?)
C:\gh\azure-sdk-for-net\eng\mgmt\DisableTestRunParallel.cs(4,7): error CS0246: The type or namespace name 'System' could not be found (are you missing a using directive or an assembly reference?)
C:\gh\azure-sdk-for-net\eng\mgmt\DisableTestRunParallel.cs(5,7): error CS0246: The type or namespace name 'Xunit' could not be found (are you missing a using directive or an assembly reference?)
C:\gh\azure-sdk-for-net\artifacts\obj\Microsoft.Azure.Management.AppPlatform.Tests\Debug\netcoreapp2.0\.NETCoreApp,Version=v2.0.AssemblyAttributes.cs(2,7): error CS0246: The type or namespace name 'System' could not be found (are you missing a using directive or an assembly reference?)
C:\gh\azure-sdk-for-net\artifacts\obj\Microsoft.Azure.Management.AppPlatform.Tests\Debug\netcoreapp2.0\.NETCoreApp,Version=v2.0.AssemblyAttributes.cs(3,7): error CS0246: The type or namespace name 'System' could not be found (are you missing a using directive or an assembly reference?)
C:\gh\azure-sdk-for-net\artifacts\obj\Microsoft.Azure.Management.AppPlatform.Tests\Debug\netcoreapp2.0\Microsoft.Azure.Management.AppPlatform.Tests.AssemblyInfo.cs(11,7): error CS0246: The type or namespace name 'System' could not be found (are you missing a using directive or an assembly reference?)
C:\gh\azure-sdk-for-net\artifacts\obj\Microsoft.Azure.Management.AppPlatform.Tests\Debug\netcoreapp2.0\Microsoft.Azure.Management.AppPlatform.Tests.AssemblyInfo.cs(12,7): error CS0246: The type or namespace name 'System' could not be found (are you missing a using directive or an assembly reference?)
C:\gh\azure-sdk-for-net\sdk\appplatform\Microsoft.Azure.Management.AppPlatform\tests\Tests\SpringCloudTests.cs(14,10): error CS0518: Predefined type 'System.Object' is not defined or imported
C:\gh\azure-sdk-for-net\sdk\appplatform\Microsoft.Azure.Management.AppPlatform\tests\Tests\SpringCloudTests.cs(14,10): error CS0246: The type or namespace name 'FactAttribute' could not be found (are you missing a using directive or an assembly reference?)
C:\gh\azure-sdk-for-net\sdk\appplatform\Microsoft.Azure.Management.AppPlatform\tests\Tests\SpringCloudTests.cs(14,10): error CS0246: The type or namespace name 'Fact' could not be found (are you missing a using directive or an assembly reference?)
C:\gh\azure-sdk-for-net\sdk\appplatform\Microsoft.Azure.Management.AppPlatform\tests\Tests\SpringCloudTests.cs(17,13): error CS0518: Predefined type 'System.IDisposable' is not defined or imported
C:\gh\azure-sdk-for-net\sdk\appplatform\Microsoft.Azure.Management.AppPlatform\tests\Tests\SpringCloudTests.cs(17,34): error CS0518: Predefined type 'System.Object' is not defined or imported
C:\gh\azure-sdk-for-net\sdk\appplatform\Microsoft.Azure.Management.AppPlatform\tests\Tests\SpringCloudTests.cs(17,34): error CS0103: The name 'MockContext' does not exist in the current context
C:\gh\azure-sdk-for-net\sdk\appplatform\Microsoft.Azure.Management.AppPlatform\tests\Tests\SpringCloudTests.cs(17,52): error CS0518: Predefined type 'System.Object' is not defined or imported
C:\gh\azure-sdk-for-net\sdk\appplatform\Microsoft.Azure.Management.AppPlatform\tests\Tests\SpringCloudTests.cs(17,52): error CS0103: The name 'GetType' does not exist in the current context
C:\gh\azure-sdk-for-net\sdk\appplatform\Microsoft.Azure.Management.AppPlatform\tests\Tests\SpringCloudTests.cs(17,24): error CS0815: Cannot assign void to an implicitly-typed variable
C:\gh\azure-sdk-for-net\sdk\appplatform\Microsoft.Azure.Management.AppPlatform\tests\Tests\SpringCloudTests.cs(19,17): error CS0518: Predefined type 'System.String' is not defined or imported
C:\gh\azure-sdk-for-net\sdk\appplatform\Microsoft.Azure.Management.AppPlatform\tests\Tests\SpringCloudTests.cs(19,33): error CS0518: Predefined type 'System.Object' is not defined or imported
C:\gh\azure-sdk-for-net\sdk\appplatform\Microsoft.Azure.Management.AppPlatform\tests\Tests\SpringCloudTests.cs(19,44): error CS0518: Predefined type 'System.String' is not defined or imported
C:\gh\azure-sdk-for-net\sdk\appplatform\Microsoft.Azure.Management.AppPlatform\tests\Tests\SpringCloudTests.cs(20,17): error CS0518: Predefined type 'System.String' is not defined or imported
C:\gh\azure-sdk-for-net\sdk\appplatform\Microsoft.Azure.Management.AppPlatform\tests\Tests\SpringCloudTests.cs(20,38): error CS0518: Predefined type 'System.Object' is not defined or imported
C:\gh\azure-sdk-for-net\sdk\appplatform\Microsoft.Azure.Management.AppPlatform\tests\Tests\SpringCloudTests.cs(20,49): error CS0518: Predefined type 'System.String' is not defined or imported
C:\gh\azure-sdk-for-net\sdk\appplatform\Microsoft.Azure.Management.AppPlatform\tests\Tests\SpringCloudTests.cs(21,17): error CS0518: Predefined type 'System.String' is not defined or imported
C:\gh\azure-sdk-for-net\sdk\appplatform\Microsoft.Azure.Management.AppPlatform\tests\Tests\SpringCloudTests.cs(21,34): error CS0518: Predefined type 'System.Object' is not defined or imported
C:\gh\azure-sdk-for-net\sdk\appplatform\Microsoft.Azure.Management.AppPlatform\tests\Tests\SpringCloudTests.cs(21,45): error CS0518: Predefined type 'System.String' is not defined or imported
C:\gh\azure-sdk-for-net\sdk\appplatform\Microsoft.Azure.Management.AppPlatform\tests\Tests\SpringCloudTests.cs(22,17): error CS0518: Predefined type 'System.String' is not defined or imported
C:\gh\azure-sdk-for-net\sdk\appplatform\Microsoft.Azure.Management.AppPlatform\tests\Tests\SpringCloudTests.cs(22,41): error CS0518: Predefined type 'System.Object' is not defined or imported
C:\gh\azure-sdk-for-net\sdk\appplatform\Microsoft.Azure.Management.AppPlatform\tests\Tests\SpringCloudTests.cs(22,52): error CS0518: Predefined type 'System.String' is not defined or imported
C:\gh\azure-sdk-for-net\sdk\appplatform\Microsoft.Azure.Management.AppPlatform\tests\Tests\SpringCloudTests.cs(24,17): error CS0518: Predefined type 'System.Object' is not defined or imported
C:\gh\azure-sdk-for-net\sdk\appplatform\Microsoft.Azure.Management.AppPlatform\tests\Tests\SpringCloudTests.cs(25,17): error CS0518: Predefined type 'System.Object' is not defined or imported
C:\gh\azure-sdk-for-net\sdk\appplatform\Microsoft.Azure.Management.AppPlatform\tests\Tests\SpringCloudTests.cs(25,43): error CS0518: Predefined type 'System.Object' is not defined or imported
C:\gh\azure-sdk-for-net\sdk\appplatform\Microsoft.Azure.Management.AppPlatform\tests\Tests\SpringCloudTests.cs(26,17): error CS0518: Predefined type 'System.Object' is not defined or imported
C:\gh\azure-sdk-for-net\sdk\appplatform\Microsoft.Azure.Management.AppPlatform\tests\Tests\SpringCloudTests.cs(26,17): error CS0103: The name 'Assert' does not exist in the current context
C:\gh\azure-sdk-for-net\sdk\appplatform\Microsoft.Azure.Management.AppPlatform\tests\Tests\SpringCloudTests.cs(28,17): error CS0518: Predefined type 'System.Object' is not defined or imported
C:\gh\azure-sdk-for-net\sdk\appplatform\Microsoft.Azure.Management.AppPlatform\tests\Tests\SpringCloudTests.cs(28,35): error CS0518: Predefined type 'System.Object' is not defined or imported
C:\gh\azure-sdk-for-net\sdk\appplatform\Microsoft.Azure.Management.AppPlatform\tests\Tests\SpringCloudTests.cs(29,17): error CS0518: Predefined type 'System.Object' is not defined or imported
C:\gh\azure-sdk-for-net\sdk\appplatform\Microsoft.Azure.Management.AppPlatform\tests\Tests\SpringCloudTests.cs(29,17): error CS0103: The name 'Assert' does not exist in the current context
C:\gh\azure-sdk-for-net\sdk\appplatform\Microsoft.Azure.Management.AppPlatform\tests\Tests\SpringCloudTests.cs(31,17): error CS0518: Predefined type 'System.Object' is not defined or imported
C:\gh\azure-sdk-for-net\sdk\appplatform\Microsoft.Azure.Management.AppPlatform\tests\Tests\SpringCloudTests.cs(32,17): error CS0518: Predefined type 'System.Object' is not defined or imported
C:\gh\azure-sdk-for-net\sdk\appplatform\Microsoft.Azure.Management.AppPlatform\tests\Tests\SpringCloudTests.cs(34,17): error CS0518: Predefined type 'System.Object' is not defined or imported
C:\gh\azure-sdk-for-net\sdk\appplatform\Microsoft.Azure.Management.AppPlatform\tests\Tests\SpringCloudTests.cs(40,13): error CS0518: Predefined type 'System.Object' is not defined or imported
C:\gh\azure-sdk-for-net\sdk\appplatform\Microsoft.Azure.Management.AppPlatform\tests\Tests\SpringCloudTests.cs(40,13): error CS0246: The type or namespace name 'ResourceManagementClient' could not be found (are you missing a using directive or an assembly reference?)
C:\gh\azure-sdk-for-net\sdk\appplatform\Microsoft.Azure.Management.AppPlatform\tests\Tests\SpringCloudTests.cs(40,47): error CS0518: Predefined type 'System.Object' is not defined or imported
C:\gh\azure-sdk-for-net\sdk\appplatform\Microsoft.Azure.Management.AppPlatform\tests\Tests\SpringCloudTests.cs(43,21): error CS0518: Predefined type 'System.Object' is not defined or imported
C:\gh\azure-sdk-for-net\sdk\appplatform\Microsoft.Azure.Management.AppPlatform\tests\Tests\SpringCloudTests.cs(43,21): error CS0246: The type or namespace name 'ResourceGroup' could not be found (are you missing a using directive or an assembly reference?)
C:\gh\azure-sdk-for-net\sdk\appplatform\Microsoft.Azure.Management.AppPlatform\tests\Tests\SpringCloudTests.cs(45,32): error CS0518: Predefined type 'System.String' is not defined or imported
C:\gh\azure-sdk-for-net\sdk\appplatform\Microsoft.Azure.Management.AppPlatform\tests\Tests\SpringCloudTests.cs(51,13): error CS0518: Predefined type 'System.Object' is not defined or imported
C:\gh\azure-sdk-for-net\sdk\appplatform\Microsoft.Azure.Management.AppPlatform\tests\Tests\SpringCloudTests.cs(51,13): error CS0246: The type or namespace name 'ResourceManagementClient' could not be found (are you missing a using directive or an assembly reference?)
C:\gh\azure-sdk-for-net\sdk\appplatform\Microsoft.Azure.Management.AppPlatform\tests\Tests\SpringCloudTests.cs(51,47): error CS0518: Predefined type 'System.Object' is not defined or imported
C:\gh\azure-sdk-for-net\sdk\appplatform\Microsoft.Azure.Management.AppPlatform\tests\Tests\SpringCloudTests.cs(57,13): error CS0518: Predefined type 'System.Object' is not defined or imported
C:\gh\azure-sdk-for-net\sdk\appplatform\Microsoft.Azure.Management.AppPlatform\tests\Tests\SpringCloudTests.cs(57,50): error CS0518: Predefined type 'System.Object' is not defined or imported
C:\gh\azure-sdk-for-net\sdk\appplatform\Microsoft.Azure.Management.AppPlatform\tests\Tests\SpringCloudTests.cs(61,21): error CS0518: Predefined type 'System.Object' is not defined or imported
C:\gh\azure-sdk-for-net\sdk\appplatform\Microsoft.Azure.Management.AppPlatform\tests\Tests\SpringCloudTests.cs(61,43): error CS0518: Predefined type 'System.String' is not defined or imported
C:\gh\azure-sdk-for-net\sdk\appplatform\Microsoft.Azure.Management.AppPlatform\tests\Tests\SpringCloudTests.cs(61,85): error CS0518: Predefined type 'System.String' is not defined or imported
C:\gh\azure-sdk-for-net\sdk\appplatform\Microsoft.Azure.Management.AppPlatform\tests\Tests\SpringCloudTests.cs(61,21): error CS0518: Predefined type 'System.Void' is not defined or imported
C:\gh\azure-sdk-for-net\sdk\appplatform\Microsoft.Azure.Management.AppPlatform\tests\Tests\SpringCloudTests.cs(58,20): error CS0518: Predefined type 'System.String' is not defined or imported
C:\gh\azure-sdk-for-net\sdk\appplatform\Microsoft.Azure.Management.AppPlatform\tests\Tests\SpringCloudTests.cs(67,13): error CS0518: Predefined type 'System.Object' is not defined or imported
C:\gh\azure-sdk-for-net\sdk\appplatform\Microsoft.Azure.Management.AppPlatform\tests\Tests\SpringCloudTests.cs(67,50): error CS0518: Predefined type 'System.Object' is not defined or imported
C:\gh\azure-sdk-for-net\sdk\appplatform\Microsoft.Azure.Management.AppPlatform\tests\Tests\SpringCloudTests.cs(68,13): error CS0518: Predefined type 'System.Object' is not defined or imported
C:\gh\azure-sdk-for-net\sdk\appplatform\Microsoft.Azure.Management.AppPlatform\tests\Tests\SpringCloudTests.cs(72,21): error CS0518: Predefined type 'System.Object' is not defined or imported
C:\gh\azure-sdk-for-net\sdk\appplatform\Microsoft.Azure.Management.AppPlatform\tests\Tests\SpringCloudTests.cs(72,21): error CS0518: Predefined type 'System.Void' is not defined or imported
C:\gh\azure-sdk-for-net\sdk\appplatform\Microsoft.Azure.Management.AppPlatform\tests\Tests\SpringCloudTests.cs(68,31): error CS0518: Predefined type 'System.String' is not defined or imported
C:\gh\azure-sdk-for-net\sdk\appplatform\Microsoft.Azure.Management.AppPlatform\tests\Tests\SpringCloudTests.cs(74,13): error CS0518: Predefined type 'System.Object' is not defined or imported
C:\gh\azure-sdk-for-net\sdk\appplatform\Microsoft.Azure.Management.AppPlatform\tests\Tests\SpringCloudTests.cs(77,21): error CS0518: Predefined type 'System.String' is not defined or imported
C:\gh\azure-sdk-for-net\sdk\appplatform\Microsoft.Azure.Management.AppPlatform\tests\Tests\SpringCloudTests.cs(79,21): error CS0518: Predefined type 'System.Object' is not defined or imported
C:\gh\azure-sdk-for-net\sdk\appplatform\Microsoft.Azure.Management.AppPlatform\tests\Tests\SpringCloudTests.cs(80,37): error CS0518: Predefined type 'System.Object' is not defined or imported
C:\gh\azure-sdk-for-net\sdk\appplatform\Microsoft.Azure.Management.AppPlatform\tests\Tests\SpringCloudTests.cs(81,37): error CS0518: Predefined type 'System.Object' is not defined or imported
C:\gh\azure-sdk-for-net\sdk\appplatform\Microsoft.Azure.Management.AppPlatform\tests\Tests\SpringCloudTests.cs(82,43): error CS0518: Predefined type 'System.String' is not defined or imported
C:\gh\azure-sdk-for-net\sdk\appplatform\Microsoft.Azure.Management.AppPlatform\tests\Tests\SpringCloudTests.cs(83,35): error CS0518: Predefined type 'System.String' is not defined or imported
C:\gh\azure-sdk-for-net\sdk\appplatform\Microsoft.Azure.Management.AppPlatform\tests\Tests\SpringCloudTests.cs(81,37): error CS0518: Predefined type 'System.Void' is not defined or imported
C:\gh\azure-sdk-for-net\sdk\appplatform\Microsoft.Azure.Management.AppPlatform\tests\Tests\SpringCloudTests.cs(80,37): error CS0518: Predefined type 'System.Void' is not defined or imported
C:\gh\azure-sdk-for-net\sdk\appplatform\Microsoft.Azure.Management.AppPlatform\tests\Tests\SpringCloudTests.cs(79,21): error CS0518: Predefined type 'System.Void' is not defined or imported
C:\gh\azure-sdk-for-net\sdk\appplatform\Microsoft.Azure.Management.AppPlatform\tests\Tests\SpringCloudTests.cs(74,45): error CS0518: Predefined type 'System.String' is not defined or imported
C:\gh\azure-sdk-for-net\sdk\appplatform\Microsoft.Azure.Management.AppPlatform\tests\Tests\SpringCloudTests.cs(89,21): error CS0518: Predefined type 'System.Object' is not defined or imported
C:\gh\azure-sdk-for-net\sdk\appplatform\Microsoft.Azure.Management.AppPlatform\tests\Tests\SpringCloudTests.cs(90,37): error CS0518: Predefined type 'System.Object' is not defined or imported
C:\gh\azure-sdk-for-net\sdk\appplatform\Microsoft.Azure.Management.AppPlatform\tests\Tests\SpringCloudTests.cs(91,58): error CS0518: Predefined type 'System.String' is not defined or imported
C:\gh\azure-sdk-for-net\sdk\appplatform\Microsoft.Azure.Management.AppPlatform\tests\Tests\SpringCloudTests.cs(90,37): error CS0518: Predefined type 'System.Void' is not defined or imported
C:\gh\azure-sdk-for-net\sdk\appplatform\Microsoft.Azure.Management.AppPlatform\tests\Tests\SpringCloudTests.cs(89,21): error CS0518: Predefined type 'System.Void' is not defined or imported
C:\gh\azure-sdk-for-net\sdk\appplatform\Microsoft.Azure.Management.AppPlatform\tests\Tests\SpringCloudTests.cs(85,20): error CS0518: Predefined type 'System.String' is not defined or imported
C:\gh\azure-sdk-for-net\sdk\appplatform\Microsoft.Azure.Management.AppPlatform\tests\Tests\SpringCloudTests.cs(97,13): error CS0518: Predefined type 'System.Object' is not defined or imported
C:\gh\azure-sdk-for-net\sdk\appplatform\Microsoft.Azure.Management.AppPlatform\tests\Tests\SpringCloudTests.cs(97,50): error CS0518: Predefined type 'System.Object' is not defined or imported
C:\gh\azure-sdk-for-net\sdk\appplatform\Microsoft.Azure.Management.AppPlatform\tests\Tests\SpringCloudTests.cs(98,13): error CS0518: Predefined type 'System.Void' is not defined or imported
C:\gh\azure-sdk-for-net\sdk\appplatform\Microsoft.Azure.Management.AppPlatform\tests\Tests\SpringCloudTests.cs(103,13): error CS0518: Predefined type 'System.Object' is not defined or imported
C:\gh\azure-sdk-for-net\sdk\appplatform\Microsoft.Azure.Management.AppPlatform\tests\Tests\SpringCloudTests.cs(103,13): error CS0246: The type or namespace name 'IPage<>' could not be found (are you missing a using directive or an assembly reference?)
C:\gh\azure-sdk-for-net\sdk\appplatform\Microsoft.Azure.Management.AppPlatform\tests\Tests\SpringCloudTests.cs(103,19): error CS0518: Predefined type 'System.Object' is not defined or imported
C:\gh\azure-sdk-for-net\sdk\appplatform\Microsoft.Azure.Management.AppPlatform\tests\Tests\SpringCloudTests.cs(103,47): error CS0518: Predefined type 'System.Object' is not defined or imported
C:\gh\azure-sdk-for-net\sdk\appplatform\Microsoft.Azure.Management.AppPlatform\tests\Tests\SpringCloudTests.cs(104,13): error CS0518: Predefined type 'System.Object' is not defined or imported
C:\gh\azure-sdk-for-net\sdk\appplatform\Microsoft.Azure.Management.AppPlatform\tests\Tests\SpringCloudTests.cs(104,13): error CS0103: The name 'Assert' does not exist in the current context
C:\gh\azure-sdk-for-net\sdk\appplatform\Microsoft.Azure.Management.AppPlatform\tests\Tests\SpringCloudTests.cs(109,13): error CS0518: Predefined type 'System.Object' is not defined or imported
C:\gh\azure-sdk-for-net\sdk\appplatform\Microsoft.Azure.Management.AppPlatform\tests\Tests\SpringCloudTests.cs(109,50): error CS0518: Predefined type 'System.Object' is not defined or imported
C:\gh\azure-sdk-for-net\sdk\appplatform\Microsoft.Azure.Management.AppPlatform\tests\Tests\SpringCloudTests.cs(110,20): error CS0246: The type or namespace name 'IPage<>' could not be found (are you missing a using directive or an assembly reference?)
C:\gh\azure-sdk-for-net\sdk\appplatform\Microsoft.Azure.Management.AppPlatform\tests\Tests\SpringCloudTests.cs(113,53): error CS0518: Predefined type 'System.Object' is not defined or imported
C:\gh\azure-sdk-for-net\sdk\appplatform\Microsoft.Azure.Management.AppPlatform\tests\Tests\SpringCloudTests.cs(113,53): error CS0103: The name 'TestUtilities' does not exist in the current context
C:\gh\azure-sdk-for-net\sdk\appplatform\Microsoft.Azure.Management.AppPlatform\tests\Tests\SpringCloudTests.cs(117,45): error CS0518: Predefined type 'System.Object' is not defined or imported
C:\gh\azure-sdk-for-net\sdk\appplatform\Microsoft.Azure.Management.AppPlatform\tests\Tests\SpringCloudTests.cs(117,45): error CS0246: The type or namespace name 'ResourceManagementClient' could not be found (are you missing a using directive or an assembly reference?)
C:\gh\azure-sdk-for-net\sdk\appplatform\Microsoft.Azure.Management.AppPlatform\tests\Tests\SpringCloudTests.cs(122,45): error CS0518: Predefined type 'System.Object' is not defined or imported
C:\gh\azure-sdk-for-net\sdk\appplatform\Microsoft.Azure.Management.AppPlatform\tests\Tests\SpringCloudTests.cs(12,18): error CS1729: 'object' does not contain a constructor that takes 0 arguments
C:\gh\azure-sdk-for-net\sdk\appplatform\Microsoft.Azure.Management.AppPlatform\tests\Tests\SpringCloudTests.cs(3,1): hidden CS8019: Unnecessary using directive.
C:\gh\azure-sdk-for-net\artifacts\obj\Microsoft.Azure.Management.AppPlatform.Tests\Debug\netcoreapp2.0\.NETCoreApp,Version=v2.0.AssemblyAttributes.cs(3,1): hidden CS8019: Unnecessary using directive.
C:\gh\azure-sdk-for-net\eng\mgmt\DisableTestRunParallel.cs(5,1): hidden CS8019: Unnecessary using directive.
C:\gh\azure-sdk-for-net\sdk\appplatform\Microsoft.Azure.Management.AppPlatform\tests\Properties\AssemblyInfo.cs(4,1): hidden CS8019: Unnecessary using directive.
C:\gh\azure-sdk-for-net\sdk\appplatform\Microsoft.Azure.Management.AppPlatform\tests\Tests\SpringCloudTests.cs(6,1): hidden CS8019: Unnecessary using directive.
C:\gh\azure-sdk-for-net\sdk\appplatform\Microsoft.Azure.Management.AppPlatform\tests\Tests\SpringCloudTests.cs(8,1): hidden CS8019: Unnecessary using directive.
C:\gh\azure-sdk-for-net\sdk\appplatform\Microsoft.Azure.Management.AppPlatform\tests\Tests\SpringCloudTests.cs(5,1): hidden CS8019: Unnecessary using directive.
C:\gh\azure-sdk-for-net\artifacts\obj\Microsoft.Azure.Management.AppPlatform.Tests\Debug\netcoreapp2.0\Microsoft.Azure.Management.AppPlatform.Tests.AssemblyInfo.cs(11,1): hidden CS8019: Unnecessary using directive.
C:\gh\azure-sdk-for-net\sdk\appplatform\Microsoft.Azure.Management.AppPlatform\tests\Properties\AssemblyInfo.cs(5,1): hidden CS8019: Unnecessary using directive.
C:\gh\azure-sdk-for-net\artifacts\obj\Microsoft.Azure.Management.AppPlatform.Tests\Debug\netcoreapp2.0\Microsoft.Azure.Management.AppPlatform.Tests.AssemblyInfo.cs(12,1): hidden CS8019: Unnecessary using directive.
C:\gh\azure-sdk-for-net\artifacts\obj\Microsoft.Azure.Management.AppPlatform.Tests\Debug\netcoreapp2.0\.NETCoreApp,Version=v2.0.AssemblyAttributes.cs(2,1): hidden CS8019: Unnecessary using directive.
C:\gh\azure-sdk-for-net\sdk\appplatform\Microsoft.Azure.Management.AppPlatform\tests\Tests\SpringCloudTests.cs(4,1): hidden CS8019: Unnecessary using directive.
C:\gh\azure-sdk-for-net\eng\mgmt\DisableTestRunParallel.cs(4,1): hidden CS8019: Unnecessary using directive.
C:\gh\azure-sdk-for-net\sdk\appplatform\Microsoft.Azure.Management.AppPlatform\tests\Tests\SpringCloudTests.cs(7,1): hidden CS8019: Unnecessary using directive.
