C:\gh\azure-sdk-for-net\sdk\videoanalyzer\Microsoft.Azure.Management.VideoAnalyzer\tests\ScenarioTests\VideoAnalyzerTestBase.cs(109,16): error CS0518: Predefined type 'System.Void' is not defined or imported
C:\gh\azure-sdk-for-net\sdk\videoanalyzer\Microsoft.Azure.Management.VideoAnalyzer\tests\Helpers\VideoAnalyzerManagementTestUtilities.cs(215,45): error CS0518: Predefined type 'System.Object' is not defined or imported
C:\gh\azure-sdk-for-net\sdk\videoanalyzer\Microsoft.Azure.Management.VideoAnalyzer\tests\Helpers\VideoAnalyzerManagementTestUtilities.cs(215,45): error CS0246: The type or namespace name 'ResourceManagementClient' could not be found (are you missing a using directive or an assembly reference?)
C:\gh\azure-sdk-for-net\sdk\videoanalyzer\Microsoft.Azure.Management.VideoAnalyzer\tests\Helpers\VideoAnalyzerManagementTestUtilities.cs(215,86): error CS0518: Predefined type 'System.String' is not defined or imported
C:\gh\azure-sdk-for-net\sdk\videoanalyzer\Microsoft.Azure.Management.VideoAnalyzer\tests\Helpers\VideoAnalyzerManagementTestUtilities.cs(215,23): error CS0518: Predefined type 'System.String' is not defined or imported
C:\gh\azure-sdk-for-net\sdk\videoanalyzer\Microsoft.Azure.Management.VideoAnalyzer\tests\Helpers\RecordedDelegatingHandler.cs(12,46): error CS0246: The type or namespace name 'DelegatingHandler' could not be found (are you missing a using directive or an assembly reference?)
C:\gh\azure-sdk-for-net\sdk\videoanalyzer\Microsoft.Azure.Management.VideoAnalyzer\tests\Helpers\RecordedDelegatingHandler.cs(47,70): error CS0518: Predefined type 'System.Object' is not defined or imported
C:\gh\azure-sdk-for-net\sdk\videoanalyzer\Microsoft.Azure.Management.VideoAnalyzer\tests\Helpers\RecordedDelegatingHandler.cs(47,70): error CS0246: The type or namespace name 'HttpRequestMessage' could not be found (are you missing a using directive or an assembly reference?)
C:\gh\azure-sdk-for-net\sdk\videoanalyzer\Microsoft.Azure.Management.VideoAnalyzer\tests\Helpers\RecordedDelegatingHandler.cs(47,98): error CS0518: Predefined type 'System.Object' is not defined or imported
C:\gh\azure-sdk-for-net\sdk\videoanalyzer\Microsoft.Azure.Management.VideoAnalyzer\tests\Helpers\RecordedDelegatingHandler.cs(47,98): error CS0246: The type or namespace name 'System' could not be found (are you missing a using directive or an assembly reference?)
C:\gh\azure-sdk-for-net\sdk\videoanalyzer\Microsoft.Azure.Management.VideoAnalyzer\tests\Helpers\RecordedDelegatingHandler.cs(47,34): error CS0518: Predefined type 'System.Object' is not defined or imported
C:\gh\azure-sdk-for-net\sdk\videoanalyzer\Microsoft.Azure.Management.VideoAnalyzer\tests\Helpers\RecordedDelegatingHandler.cs(47,34): error CS0246: The type or namespace name 'Task<>' could not be found (are you missing a using directive or an assembly reference?)
C:\gh\azure-sdk-for-net\sdk\videoanalyzer\Microsoft.Azure.Management.VideoAnalyzer\tests\Helpers\RecordedDelegatingHandler.cs(47,39): error CS0518: Predefined type 'System.Object' is not defined or imported
C:\gh\azure-sdk-for-net\sdk\videoanalyzer\Microsoft.Azure.Management.VideoAnalyzer\tests\Helpers\RecordedDelegatingHandler.cs(47,39): error CS0246: The type or namespace name 'HttpResponseMessage' could not be found (are you missing a using directive or an assembly reference?)
C:\gh\azure-sdk-for-net\sdk\videoanalyzer\Microsoft.Azure.Management.VideoAnalyzer\tests\Helpers\RecordedDelegatingHandler.cs(45,17): error CS0518: Predefined type 'System.Int32' is not defined or imported
C:\gh\azure-sdk-for-net\sdk\videoanalyzer\Microsoft.Azure.Management.VideoAnalyzer\tests\Helpers\RecordedDelegatingHandler.cs(14,17): error CS0518: Predefined type 'System.Object' is not defined or imported
C:\gh\azure-sdk-for-net\sdk\videoanalyzer\Microsoft.Azure.Management.VideoAnalyzer\tests\Helpers\RecordedDelegatingHandler.cs(14,17): error CS0246: The type or namespace name 'HttpResponseMessage' could not be found (are you missing a using directive or an assembly reference?)
C:\gh\azure-sdk-for-net\sdk\videoanalyzer\Microsoft.Azure.Management.VideoAnalyzer\tests\Helpers\RecordedDelegatingHandler.cs(22,42): error CS0518: Predefined type 'System.Object' is not defined or imported
C:\gh\azure-sdk-for-net\sdk\videoanalyzer\Microsoft.Azure.Management.VideoAnalyzer\tests\Helpers\RecordedDelegatingHandler.cs(22,42): error CS0246: The type or namespace name 'HttpResponseMessage' could not be found (are you missing a using directive or an assembly reference?)
C:\gh\azure-sdk-for-net\sdk\videoanalyzer\Microsoft.Azure.Management.VideoAnalyzer\tests\Helpers\RecordedDelegatingHandler.cs(22,9): error CS0518: Predefined type 'System.Void' is not defined or imported
C:\gh\azure-sdk-for-net\sdk\videoanalyzer\Microsoft.Azure.Management.VideoAnalyzer\tests\ScenarioTests\VideoAnalyzerTests.cs(251,16): error CS0518: Predefined type 'System.Void' is not defined or imported
C:\gh\azure-sdk-for-net\sdk\videoanalyzer\Microsoft.Azure.Management.VideoAnalyzer\tests\Helpers\VideoAnalyzerManagementTestUtilities.cs(38,23): error CS0518: Predefined type 'System.String' is not defined or imported
C:\gh\azure-sdk-for-net\sdk\videoanalyzer\Microsoft.Azure.Management.VideoAnalyzer\tests\Helpers\VideoAnalyzerManagementTestUtilities.cs(207,50): error CS0518: Predefined type 'System.Object' is not defined or imported
C:\gh\azure-sdk-for-net\sdk\videoanalyzer\Microsoft.Azure.Management.VideoAnalyzer\tests\Helpers\VideoAnalyzerManagementTestUtilities.cs(207,50): error CS0246: The type or namespace name 'ManagedServiceIdentityClient' could not be found (are you missing a using directive or an assembly reference?)
C:\gh\azure-sdk-for-net\sdk\videoanalyzer\Microsoft.Azure.Management.VideoAnalyzer\tests\Helpers\VideoAnalyzerManagementTestUtilities.cs(207,95): error CS0518: Predefined type 'System.String' is not defined or imported
C:\gh\azure-sdk-for-net\sdk\videoanalyzer\Microsoft.Azure.Management.VideoAnalyzer\tests\Helpers\VideoAnalyzerManagementTestUtilities.cs(207,110): error CS0518: Predefined type 'System.String' is not defined or imported
C:\gh\azure-sdk-for-net\sdk\videoanalyzer\Microsoft.Azure.Management.VideoAnalyzer\tests\Helpers\VideoAnalyzerManagementTestUtilities.cs(207,23): error CS0518: Predefined type 'System.Void' is not defined or imported
C:\gh\azure-sdk-for-net\sdk\videoanalyzer\Microsoft.Azure.Management.VideoAnalyzer\tests\Helpers\VideoAnalyzerManagementTestUtilities.cs(23,23): error CS0518: Predefined type 'System.Boolean' is not defined or imported
C:\gh\azure-sdk-for-net\sdk\videoanalyzer\Microsoft.Azure.Management.VideoAnalyzer\tests\ScenarioTests\VideoAnalyzerTestBase.cs(76,16): error CS0518: Predefined type 'System.Void' is not defined or imported
C:\gh\azure-sdk-for-net\sdk\videoanalyzer\Microsoft.Azure.Management.VideoAnalyzer\tests\Helpers\RecordedDelegatingHandler.cs(16,9): error CS0518: Predefined type 'System.Void' is not defined or imported
C:\gh\azure-sdk-for-net\sdk\videoanalyzer\Microsoft.Azure.Management.VideoAnalyzer\tests\Helpers\VideoAnalyzerManagementTestUtilities.cs(199,49): error CS0518: Predefined type 'System.Object' is not defined or imported
C:\gh\azure-sdk-for-net\sdk\videoanalyzer\Microsoft.Azure.Management.VideoAnalyzer\tests\Helpers\VideoAnalyzerManagementTestUtilities.cs(199,49): error CS0246: The type or namespace name 'StorageManagementClient' could not be found (are you missing a using directive or an assembly reference?)
C:\gh\azure-sdk-for-net\sdk\videoanalyzer\Microsoft.Azure.Management.VideoAnalyzer\tests\Helpers\VideoAnalyzerManagementTestUtilities.cs(199,88): error CS0518: Predefined type 'System.String' is not defined or imported
C:\gh\azure-sdk-for-net\sdk\videoanalyzer\Microsoft.Azure.Management.VideoAnalyzer\tests\Helpers\VideoAnalyzerManagementTestUtilities.cs(199,103): error CS0518: Predefined type 'System.String' is not defined or imported
C:\gh\azure-sdk-for-net\sdk\videoanalyzer\Microsoft.Azure.Management.VideoAnalyzer\tests\Helpers\VideoAnalyzerManagementTestUtilities.cs(199,23): error CS0518: Predefined type 'System.Void' is not defined or imported
C:\gh\azure-sdk-for-net\sdk\videoanalyzer\Microsoft.Azure.Management.VideoAnalyzer\tests\ScenarioTests\AccessPoliciesTests.cs(19,16): error CS0518: Predefined type 'System.Void' is not defined or imported
C:\gh\azure-sdk-for-net\sdk\videoanalyzer\Microsoft.Azure.Management.VideoAnalyzer\tests\Helpers\VideoAnalyzerManagementTestUtilities.cs(143,48): error CS0518: Predefined type 'System.Object' is not defined or imported
C:\gh\azure-sdk-for-net\sdk\videoanalyzer\Microsoft.Azure.Management.VideoAnalyzer\tests\Helpers\VideoAnalyzerManagementTestUtilities.cs(143,48): error CS0246: The type or namespace name 'ResourceManagementClient' could not be found (are you missing a using directive or an assembly reference?)
C:\gh\azure-sdk-for-net\sdk\videoanalyzer\Microsoft.Azure.Management.VideoAnalyzer\tests\Helpers\VideoAnalyzerManagementTestUtilities.cs(143,90): error CS0518: Predefined type 'System.String' is not defined or imported
C:\gh\azure-sdk-for-net\sdk\videoanalyzer\Microsoft.Azure.Management.VideoAnalyzer\tests\Helpers\VideoAnalyzerManagementTestUtilities.cs(143,23): error CS0518: Predefined type 'System.Void' is not defined or imported
C:\gh\azure-sdk-for-net\sdk\videoanalyzer\Microsoft.Azure.Management.VideoAnalyzer\tests\ScenarioTests\VideosTests.cs(19,16): error CS0518: Predefined type 'System.Void' is not defined or imported
C:\gh\azure-sdk-for-net\sdk\videoanalyzer\Microsoft.Azure.Management.VideoAnalyzer\tests\ScenarioTests\EdgeModulesTests.cs(19,16): error CS0518: Predefined type 'System.Void' is not defined or imported
C:\gh\azure-sdk-for-net\sdk\videoanalyzer\Microsoft.Azure.Management.VideoAnalyzer\tests\ScenarioTests\VideoAnalyzerTestBase.cs(32,16): error CS0518: Predefined type 'System.Object' is not defined or imported
C:\gh\azure-sdk-for-net\sdk\videoanalyzer\Microsoft.Azure.Management.VideoAnalyzer\tests\ScenarioTests\VideoAnalyzerTestBase.cs(32,16): error CS0246: The type or namespace name 'ManagedServiceIdentityClient' could not be found (are you missing a using directive or an assembly reference?)
C:\gh\azure-sdk-for-net\sdk\videoanalyzer\Microsoft.Azure.Management.VideoAnalyzer\tests\Helpers\VideoAnalyzerManagementTestUtilities.cs(182,46): error CS0518: Predefined type 'System.Object' is not defined or imported
C:\gh\azure-sdk-for-net\sdk\videoanalyzer\Microsoft.Azure.Management.VideoAnalyzer\tests\Helpers\VideoAnalyzerManagementTestUtilities.cs(182,46): error CS0246: The type or namespace name 'AuthorizationManagementClient' could not be found (are you missing a using directive or an assembly reference?)
C:\gh\azure-sdk-for-net\sdk\videoanalyzer\Microsoft.Azure.Management.VideoAnalyzer\tests\Helpers\VideoAnalyzerManagementTestUtilities.cs(182,107): error CS0518: Predefined type 'System.String' is not defined or imported
C:\gh\azure-sdk-for-net\sdk\videoanalyzer\Microsoft.Azure.Management.VideoAnalyzer\tests\Helpers\VideoAnalyzerManagementTestUtilities.cs(182,121): error CS0518: Predefined type 'System.String' is not defined or imported
C:\gh\azure-sdk-for-net\sdk\videoanalyzer\Microsoft.Azure.Management.VideoAnalyzer\tests\Helpers\VideoAnalyzerManagementTestUtilities.cs(182,138): error CS0518: Predefined type 'System.String' is not defined or imported
C:\gh\azure-sdk-for-net\sdk\videoanalyzer\Microsoft.Azure.Management.VideoAnalyzer\tests\Helpers\VideoAnalyzerManagementTestUtilities.cs(182,161): error CS0518: Predefined type 'System.String' is not defined or imported
C:\gh\azure-sdk-for-net\sdk\videoanalyzer\Microsoft.Azure.Management.VideoAnalyzer\tests\Helpers\VideoAnalyzerManagementTestUtilities.cs(182,23): error CS0518: Predefined type 'System.Void' is not defined or imported
C:\gh\azure-sdk-for-net\sdk\videoanalyzer\Microsoft.Azure.Management.VideoAnalyzer\tests\ScenarioTests\VideoAnalyzerTestBase.cs(42,68): error CS0518: Predefined type 'System.Object' is not defined or imported
C:\gh\azure-sdk-for-net\sdk\videoanalyzer\Microsoft.Azure.Management.VideoAnalyzer\tests\ScenarioTests\VideoAnalyzerTestBase.cs(42,68): error CS0246: The type or namespace name 'Type' could not be found (are you missing a using directive or an assembly reference?)
C:\gh\azure-sdk-for-net\sdk\videoanalyzer\Microsoft.Azure.Management.VideoAnalyzer\tests\ScenarioTests\VideoAnalyzerTestBase.cs(46,13): error CS0518: Predefined type 'System.String' is not defined or imported
C:\gh\azure-sdk-for-net\sdk\videoanalyzer\Microsoft.Azure.Management.VideoAnalyzer\tests\ScenarioTests\VideoAnalyzerTestBase.cs(42,19): error CS0518: Predefined type 'System.Object' is not defined or imported
C:\gh\azure-sdk-for-net\sdk\videoanalyzer\Microsoft.Azure.Management.VideoAnalyzer\tests\ScenarioTests\VideoAnalyzerTestBase.cs(42,19): error CS0246: The type or namespace name 'MockContext' could not be found (are you missing a using directive or an assembly reference?)
C:\gh\azure-sdk-for-net\sdk\videoanalyzer\Microsoft.Azure.Management.VideoAnalyzer\tests\Helpers\VideoAnalyzerManagementTestUtilities.cs(168,54): error CS0518: Predefined type 'System.Object' is not defined or imported
C:\gh\azure-sdk-for-net\sdk\videoanalyzer\Microsoft.Azure.Management.VideoAnalyzer\tests\Helpers\VideoAnalyzerManagementTestUtilities.cs(168,54): error CS0246: The type or namespace name 'ManagedServiceIdentityClient' could not be found (are you missing a using directive or an assembly reference?)
C:\gh\azure-sdk-for-net\sdk\videoanalyzer\Microsoft.Azure.Management.VideoAnalyzer\tests\Helpers\VideoAnalyzerManagementTestUtilities.cs(168,99): error CS0518: Predefined type 'System.String' is not defined or imported
C:\gh\azure-sdk-for-net\sdk\videoanalyzer\Microsoft.Azure.Management.VideoAnalyzer\tests\Helpers\VideoAnalyzerManagementTestUtilities.cs(168,114): error CS0518: Predefined type 'System.String' is not defined or imported
C:\gh\azure-sdk-for-net\sdk\videoanalyzer\Microsoft.Azure.Management.VideoAnalyzer\tests\Helpers\VideoAnalyzerManagementTestUtilities.cs(168,23): error CS0518: Predefined type 'System.Object' is not defined or imported
C:\gh\azure-sdk-for-net\sdk\videoanalyzer\Microsoft.Azure.Management.VideoAnalyzer\tests\Helpers\VideoAnalyzerManagementTestUtilities.cs(168,23): error CS0246: The type or namespace name 'Identity' could not be found (are you missing a using directive or an assembly reference?)
C:\gh\azure-sdk-for-net\sdk\videoanalyzer\Microsoft.Azure.Management.VideoAnalyzer\tests\Helpers\VideoAnalyzerManagementTestUtilities.cs(151,59): error CS0518: Predefined type 'System.Object' is not defined or imported
C:\gh\azure-sdk-for-net\sdk\videoanalyzer\Microsoft.Azure.Management.VideoAnalyzer\tests\Helpers\VideoAnalyzerManagementTestUtilities.cs(151,59): error CS0246: The type or namespace name 'StorageManagementClient' could not be found (are you missing a using directive or an assembly reference?)
C:\gh\azure-sdk-for-net\sdk\videoanalyzer\Microsoft.Azure.Management.VideoAnalyzer\tests\Helpers\VideoAnalyzerManagementTestUtilities.cs(151,98): error CS0518: Predefined type 'System.String' is not defined or imported
C:\gh\azure-sdk-for-net\sdk\videoanalyzer\Microsoft.Azure.Management.VideoAnalyzer\tests\Helpers\VideoAnalyzerManagementTestUtilities.cs(151,113): error CS0518: Predefined type 'System.String' is not defined or imported
C:\gh\azure-sdk-for-net\sdk\videoanalyzer\Microsoft.Azure.Management.VideoAnalyzer\tests\Helpers\VideoAnalyzerManagementTestUtilities.cs(151,23): error CS0518: Predefined type 'System.Object' is not defined or imported
C:\gh\azure-sdk-for-net\sdk\videoanalyzer\Microsoft.Azure.Management.VideoAnalyzer\tests\Helpers\VideoAnalyzerManagementTestUtilities.cs(151,23): error CS0246: The type or namespace name 'StorageAccount' could not be found (are you missing a using directive or an assembly reference?)
C:\gh\azure-sdk-for-net\sdk\videoanalyzer\Microsoft.Azure.Management.VideoAnalyzer\tests\Helpers\VideoAnalyzerManagementTestUtilities.cs(31,23): error CS0518: Predefined type 'System.Object' is not defined or imported
C:\gh\azure-sdk-for-net\sdk\videoanalyzer\Microsoft.Azure.Management.VideoAnalyzer\tests\Helpers\VideoAnalyzerManagementTestUtilities.cs(31,23): error CS0246: The type or namespace name 'Dictionary<,>' could not be found (are you missing a using directive or an assembly reference?)
C:\gh\azure-sdk-for-net\sdk\videoanalyzer\Microsoft.Azure.Management.VideoAnalyzer\tests\Helpers\VideoAnalyzerManagementTestUtilities.cs(31,34): error CS0518: Predefined type 'System.String' is not defined or imported
C:\gh\azure-sdk-for-net\sdk\videoanalyzer\Microsoft.Azure.Management.VideoAnalyzer\tests\Helpers\VideoAnalyzerManagementTestUtilities.cs(31,42): error CS0518: Predefined type 'System.String' is not defined or imported
C:\gh\azure-sdk-for-net\sdk\videoanalyzer\Microsoft.Azure.Management.VideoAnalyzer\tests\Helpers\VideoAnalyzerManagementTestUtilities.cs(29,23): error CS0518: Predefined type 'System.Object' is not defined or imported
C:\gh\azure-sdk-for-net\sdk\videoanalyzer\Microsoft.Azure.Management.VideoAnalyzer\tests\Helpers\VideoAnalyzerManagementTestUtilities.cs(29,23): error CS0246: The type or namespace name 'SkuName' could not be found (are you missing a using directive or an assembly reference?)
C:\gh\azure-sdk-for-net\sdk\videoanalyzer\Microsoft.Azure.Management.VideoAnalyzer\tests\Helpers\VideoAnalyzerManagementTestUtilities.cs(30,23): error CS0518: Predefined type 'System.Object' is not defined or imported
C:\gh\azure-sdk-for-net\sdk\videoanalyzer\Microsoft.Azure.Management.VideoAnalyzer\tests\Helpers\VideoAnalyzerManagementTestUtilities.cs(30,23): error CS0246: The type or namespace name 'Kind' could not be found (are you missing a using directive or an assembly reference?)
C:\gh\azure-sdk-for-net\sdk\videoanalyzer\Microsoft.Azure.Management.VideoAnalyzer\tests\ScenarioTests\VideoAnalyzerTests.cs(192,16): error CS0518: Predefined type 'System.Void' is not defined or imported
C:\gh\azure-sdk-for-net\sdk\videoanalyzer\Microsoft.Azure.Management.VideoAnalyzer\tests\Helpers\VideoAnalyzerManagementTestUtilities.cs(126,50): error CS0518: Predefined type 'System.Object' is not defined or imported
C:\gh\azure-sdk-for-net\sdk\videoanalyzer\Microsoft.Azure.Management.VideoAnalyzer\tests\Helpers\VideoAnalyzerManagementTestUtilities.cs(126,50): error CS0246: The type or namespace name 'ResourceManagementClient' could not be found (are you missing a using directive or an assembly reference?)
C:\gh\azure-sdk-for-net\sdk\videoanalyzer\Microsoft.Azure.Management.VideoAnalyzer\tests\Helpers\VideoAnalyzerManagementTestUtilities.cs(126,92): error CS0518: Predefined type 'System.String' is not defined or imported
C:\gh\azure-sdk-for-net\sdk\videoanalyzer\Microsoft.Azure.Management.VideoAnalyzer\tests\Helpers\VideoAnalyzerManagementTestUtilities.cs(126,23): error CS0518: Predefined type 'System.String' is not defined or imported
C:\gh\azure-sdk-for-net\sdk\videoanalyzer\Microsoft.Azure.Management.VideoAnalyzer\tests\ScenarioTests\VideoAnalyzerTestBase.cs(20,18): error CS0518: Predefined type 'System.Object' is not defined or imported
C:\gh\azure-sdk-for-net\sdk\videoanalyzer\Microsoft.Azure.Management.VideoAnalyzer\tests\Helpers\VideoAnalyzerManagementTestUtilities.cs(24,24): error CS0518: Predefined type 'System.Object' is not defined or imported
C:\gh\azure-sdk-for-net\sdk\videoanalyzer\Microsoft.Azure.Management.VideoAnalyzer\tests\Helpers\VideoAnalyzerManagementTestUtilities.cs(24,24): error CS0246: The type or namespace name 'HttpClientHandler' could not be found (are you missing a using directive or an assembly reference?)
C:\gh\azure-sdk-for-net\sdk\videoanalyzer\Microsoft.Azure.Management.VideoAnalyzer\tests\Helpers\VideoAnalyzerManagementTestUtilities.cs(111,24): error CS0518: Predefined type 'System.Object' is not defined or imported
C:\gh\azure-sdk-for-net\sdk\videoanalyzer\Microsoft.Azure.Management.VideoAnalyzer\tests\Helpers\VideoAnalyzerManagementTestUtilities.cs(111,24): error CS0246: The type or namespace name 'HttpClientHandler' could not be found (are you missing a using directive or an assembly reference?)
C:\gh\azure-sdk-for-net\sdk\videoanalyzer\Microsoft.Azure.Management.VideoAnalyzer\tests\Helpers\VideoAnalyzerManagementTestUtilities.cs(97,86): error CS0518: Predefined type 'System.Object' is not defined or imported
C:\gh\azure-sdk-for-net\sdk\videoanalyzer\Microsoft.Azure.Management.VideoAnalyzer\tests\Helpers\VideoAnalyzerManagementTestUtilities.cs(97,86): error CS0246: The type or namespace name 'MockContext' could not be found (are you missing a using directive or an assembly reference?)
C:\gh\azure-sdk-for-net\sdk\videoanalyzer\Microsoft.Azure.Management.VideoAnalyzer\tests\Helpers\VideoAnalyzerManagementTestUtilities.cs(97,107): error CS0518: Predefined type 'System.Object' is not defined or imported
C:\gh\azure-sdk-for-net\sdk\videoanalyzer\Microsoft.Azure.Management.VideoAnalyzer\tests\Helpers\VideoAnalyzerManagementTestUtilities.cs(97,23): error CS0518: Predefined type 'System.Object' is not defined or imported
C:\gh\azure-sdk-for-net\sdk\videoanalyzer\Microsoft.Azure.Management.VideoAnalyzer\tests\Helpers\VideoAnalyzerManagementTestUtilities.cs(97,23): error CS0246: The type or namespace name 'AuthorizationManagementClient' could not be found (are you missing a using directive or an assembly reference?)
C:\gh\azure-sdk-for-net\sdk\videoanalyzer\Microsoft.Azure.Management.VideoAnalyzer\tests\ScenarioTests\VideoAnalyzerTestBase.cs(40,17): error CS0518: Predefined type 'System.Object' is not defined or imported
C:\gh\azure-sdk-for-net\sdk\videoanalyzer\Microsoft.Azure.Management.VideoAnalyzer\tests\ScenarioTests\VideoAnalyzerTestBase.cs(40,17): error CS0246: The type or namespace name 'AuthorizationManagementClient' could not be found (are you missing a using directive or an assembly reference?)
C:\gh\azure-sdk-for-net\sdk\videoanalyzer\Microsoft.Azure.Management.VideoAnalyzer\tests\Helpers\VideoAnalyzerManagementTestUtilities.cs(83,77): error CS0518: Predefined type 'System.Object' is not defined or imported
C:\gh\azure-sdk-for-net\sdk\videoanalyzer\Microsoft.Azure.Management.VideoAnalyzer\tests\Helpers\VideoAnalyzerManagementTestUtilities.cs(83,77): error CS0246: The type or namespace name 'MockContext' could not be found (are you missing a using directive or an assembly reference?)
C:\gh\azure-sdk-for-net\sdk\videoanalyzer\Microsoft.Azure.Management.VideoAnalyzer\tests\Helpers\VideoAnalyzerManagementTestUtilities.cs(83,98): error CS0518: Predefined type 'System.Object' is not defined or imported
C:\gh\azure-sdk-for-net\sdk\videoanalyzer\Microsoft.Azure.Management.VideoAnalyzer\tests\Helpers\VideoAnalyzerManagementTestUtilities.cs(83,23): error CS0518: Predefined type 'System.Object' is not defined or imported
C:\gh\azure-sdk-for-net\sdk\videoanalyzer\Microsoft.Azure.Management.VideoAnalyzer\tests\Helpers\VideoAnalyzerManagementTestUtilities.cs(83,23): error CS0246: The type or namespace name 'ManagedServiceIdentityClient' could not be found (are you missing a using directive or an assembly reference?)
C:\gh\azure-sdk-for-net\sdk\videoanalyzer\Microsoft.Azure.Management.VideoAnalyzer\tests\Helpers\VideoAnalyzerManagementTestUtilities.cs(69,74): error CS0518: Predefined type 'System.Object' is not defined or imported
C:\gh\azure-sdk-for-net\sdk\videoanalyzer\Microsoft.Azure.Management.VideoAnalyzer\tests\Helpers\VideoAnalyzerManagementTestUtilities.cs(69,74): error CS0246: The type or namespace name 'MockContext' could not be found (are you missing a using directive or an assembly reference?)
C:\gh\azure-sdk-for-net\sdk\videoanalyzer\Microsoft.Azure.Management.VideoAnalyzer\tests\Helpers\VideoAnalyzerManagementTestUtilities.cs(69,95): error CS0518: Predefined type 'System.Object' is not defined or imported
C:\gh\azure-sdk-for-net\sdk\videoanalyzer\Microsoft.Azure.Management.VideoAnalyzer\tests\Helpers\VideoAnalyzerManagementTestUtilities.cs(69,23): error CS0518: Predefined type 'System.Object' is not defined or imported
C:\gh\azure-sdk-for-net\sdk\videoanalyzer\Microsoft.Azure.Management.VideoAnalyzer\tests\Helpers\VideoAnalyzerManagementTestUtilities.cs(69,23): error CS0246: The type or namespace name 'StorageManagementClient' could not be found (are you missing a using directive or an assembly reference?)
C:\gh\azure-sdk-for-net\sdk\videoanalyzer\Microsoft.Azure.Management.VideoAnalyzer\tests\Helpers\VideoAnalyzerManagementTestUtilities.cs(40,76): error CS0518: Predefined type 'System.Object' is not defined or imported
C:\gh\azure-sdk-for-net\sdk\videoanalyzer\Microsoft.Azure.Management.VideoAnalyzer\tests\Helpers\VideoAnalyzerManagementTestUtilities.cs(40,76): error CS0246: The type or namespace name 'MockContext' could not be found (are you missing a using directive or an assembly reference?)
C:\gh\azure-sdk-for-net\sdk\videoanalyzer\Microsoft.Azure.Management.VideoAnalyzer\tests\Helpers\VideoAnalyzerManagementTestUtilities.cs(40,97): error CS0518: Predefined type 'System.Object' is not defined or imported
C:\gh\azure-sdk-for-net\sdk\videoanalyzer\Microsoft.Azure.Management.VideoAnalyzer\tests\Helpers\VideoAnalyzerManagementTestUtilities.cs(40,23): error CS0518: Predefined type 'System.Object' is not defined or imported
C:\gh\azure-sdk-for-net\sdk\videoanalyzer\Microsoft.Azure.Management.VideoAnalyzer\tests\Helpers\VideoAnalyzerManagementTestUtilities.cs(40,23): error CS0246: The type or namespace name 'ResourceManagementClient' could not be found (are you missing a using directive or an assembly reference?)
C:\gh\azure-sdk-for-net\sdk\videoanalyzer\Microsoft.Azure.Management.VideoAnalyzer\tests\Helpers\VideoAnalyzerManagementTestUtilities.cs(54,76): error CS0518: Predefined type 'System.Object' is not defined or imported
C:\gh\azure-sdk-for-net\sdk\videoanalyzer\Microsoft.Azure.Management.VideoAnalyzer\tests\Helpers\VideoAnalyzerManagementTestUtilities.cs(54,76): error CS0246: The type or namespace name 'MockContext' could not be found (are you missing a using directive or an assembly reference?)
C:\gh\azure-sdk-for-net\sdk\videoanalyzer\Microsoft.Azure.Management.VideoAnalyzer\tests\Helpers\VideoAnalyzerManagementTestUtilities.cs(54,97): error CS0518: Predefined type 'System.Object' is not defined or imported
C:\gh\azure-sdk-for-net\sdk\videoanalyzer\Microsoft.Azure.Management.VideoAnalyzer\tests\Helpers\VideoAnalyzerManagementTestUtilities.cs(54,23): error CS0518: Predefined type 'System.Object' is not defined or imported
C:\gh\azure-sdk-for-net\sdk\videoanalyzer\Microsoft.Azure.Management.VideoAnalyzer\tests\ScenarioTests\VideoAnalyzerTests.cs(113,16): error CS0518: Predefined type 'System.Void' is not defined or imported
C:\gh\azure-sdk-for-net\sdk\videoanalyzer\Microsoft.Azure.Management.VideoAnalyzer\tests\ScenarioTests\VideoAnalyzerTests.cs(76,16): error CS0518: Predefined type 'System.Void' is not defined or imported
C:\gh\azure-sdk-for-net\sdk\videoanalyzer\Microsoft.Azure.Management.VideoAnalyzer\tests\ScenarioTests\VideoAnalyzerTests.cs(51,16): error CS0518: Predefined type 'System.Void' is not defined or imported
C:\gh\azure-sdk-for-net\sdk\videoanalyzer\Microsoft.Azure.Management.VideoAnalyzer\tests\ScenarioTests\VideoAnalyzerTests.cs(19,16): error CS0518: Predefined type 'System.Void' is not defined or imported
C:\gh\azure-sdk-for-net\sdk\videoanalyzer\Microsoft.Azure.Management.VideoAnalyzer\tests\Properties\AssemblyInfo.cs(7,12): error CS0246: The type or namespace name 'AssemblyTitleAttribute' could not be found (are you missing a using directive or an assembly reference?)
C:\gh\azure-sdk-for-net\sdk\videoanalyzer\Microsoft.Azure.Management.VideoAnalyzer\tests\Properties\AssemblyInfo.cs(7,12): error CS0246: The type or namespace name 'AssemblyTitle' could not be found (are you missing a using directive or an assembly reference?)
C:\gh\azure-sdk-for-net\sdk\videoanalyzer\Microsoft.Azure.Management.VideoAnalyzer\tests\Properties\AssemblyInfo.cs(8,12): error CS0246: The type or namespace name 'AssemblyDescriptionAttribute' could not be found (are you missing a using directive or an assembly reference?)
C:\gh\azure-sdk-for-net\sdk\videoanalyzer\Microsoft.Azure.Management.VideoAnalyzer\tests\Properties\AssemblyInfo.cs(8,12): error CS0246: The type or namespace name 'AssemblyDescription' could not be found (are you missing a using directive or an assembly reference?)
C:\gh\azure-sdk-for-net\sdk\videoanalyzer\Microsoft.Azure.Management.VideoAnalyzer\tests\Properties\AssemblyInfo.cs(9,12): error CS0246: The type or namespace name 'AssemblyConfigurationAttribute' could not be found (are you missing a using directive or an assembly reference?)
C:\gh\azure-sdk-for-net\sdk\videoanalyzer\Microsoft.Azure.Management.VideoAnalyzer\tests\Properties\AssemblyInfo.cs(9,12): error CS0246: The type or namespace name 'AssemblyConfiguration' could not be found (are you missing a using directive or an assembly reference?)
C:\gh\azure-sdk-for-net\sdk\videoanalyzer\Microsoft.Azure.Management.VideoAnalyzer\tests\Properties\AssemblyInfo.cs(10,12): error CS0246: The type or namespace name 'AssemblyCompanyAttribute' could not be found (are you missing a using directive or an assembly reference?)
C:\gh\azure-sdk-for-net\sdk\videoanalyzer\Microsoft.Azure.Management.VideoAnalyzer\tests\Properties\AssemblyInfo.cs(10,12): error CS0246: The type or namespace name 'AssemblyCompany' could not be found (are you missing a using directive or an assembly reference?)
C:\gh\azure-sdk-for-net\sdk\videoanalyzer\Microsoft.Azure.Management.VideoAnalyzer\tests\Properties\AssemblyInfo.cs(11,12): error CS0246: The type or namespace name 'AssemblyProductAttribute' could not be found (are you missing a using directive or an assembly reference?)
C:\gh\azure-sdk-for-net\sdk\videoanalyzer\Microsoft.Azure.Management.VideoAnalyzer\tests\Properties\AssemblyInfo.cs(11,12): error CS0246: The type or namespace name 'AssemblyProduct' could not be found (are you missing a using directive or an assembly reference?)
C:\gh\azure-sdk-for-net\sdk\videoanalyzer\Microsoft.Azure.Management.VideoAnalyzer\tests\Properties\AssemblyInfo.cs(12,12): error CS0246: The type or namespace name 'AssemblyCopyrightAttribute' could not be found (are you missing a using directive or an assembly reference?)
C:\gh\azure-sdk-for-net\sdk\videoanalyzer\Microsoft.Azure.Management.VideoAnalyzer\tests\Properties\AssemblyInfo.cs(12,12): error CS0246: The type or namespace name 'AssemblyCopyright' could not be found (are you missing a using directive or an assembly reference?)
C:\gh\azure-sdk-for-net\sdk\videoanalyzer\Microsoft.Azure.Management.VideoAnalyzer\tests\Properties\AssemblyInfo.cs(13,12): error CS0246: The type or namespace name 'AssemblyTrademarkAttribute' could not be found (are you missing a using directive or an assembly reference?)
C:\gh\azure-sdk-for-net\sdk\videoanalyzer\Microsoft.Azure.Management.VideoAnalyzer\tests\Properties\AssemblyInfo.cs(13,12): error CS0246: The type or namespace name 'AssemblyTrademark' could not be found (are you missing a using directive or an assembly reference?)
C:\gh\azure-sdk-for-net\sdk\videoanalyzer\Microsoft.Azure.Management.VideoAnalyzer\tests\Properties\AssemblyInfo.cs(14,12): error CS0246: The type or namespace name 'AssemblyCultureAttribute' could not be found (are you missing a using directive or an assembly reference?)
C:\gh\azure-sdk-for-net\sdk\videoanalyzer\Microsoft.Azure.Management.VideoAnalyzer\tests\Properties\AssemblyInfo.cs(14,12): error CS0246: The type or namespace name 'AssemblyCulture' could not be found (are you missing a using directive or an assembly reference?)
C:\gh\azure-sdk-for-net\sdk\videoanalyzer\Microsoft.Azure.Management.VideoAnalyzer\tests\Properties\AssemblyInfo.cs(16,12): error CS0246: The type or namespace name 'ComVisibleAttribute' could not be found (are you missing a using directive or an assembly reference?)
C:\gh\azure-sdk-for-net\sdk\videoanalyzer\Microsoft.Azure.Management.VideoAnalyzer\tests\Properties\AssemblyInfo.cs(16,12): error CS0246: The type or namespace name 'ComVisible' could not be found (are you missing a using directive or an assembly reference?)
C:\gh\azure-sdk-for-net\sdk\videoanalyzer\Microsoft.Azure.Management.VideoAnalyzer\tests\Properties\AssemblyInfo.cs(18,12): error CS0246: The type or namespace name 'AssemblyVersionAttribute' could not be found (are you missing a using directive or an assembly reference?)
C:\gh\azure-sdk-for-net\sdk\videoanalyzer\Microsoft.Azure.Management.VideoAnalyzer\tests\Properties\AssemblyInfo.cs(18,12): error CS0246: The type or namespace name 'AssemblyVersion' could not be found (are you missing a using directive or an assembly reference?)
C:\gh\azure-sdk-for-net\sdk\videoanalyzer\Microsoft.Azure.Management.VideoAnalyzer\tests\Properties\AssemblyInfo.cs(19,12): error CS0246: The type or namespace name 'AssemblyFileVersionAttribute' could not be found (are you missing a using directive or an assembly reference?)
C:\gh\azure-sdk-for-net\sdk\videoanalyzer\Microsoft.Azure.Management.VideoAnalyzer\tests\Properties\AssemblyInfo.cs(19,12): error CS0246: The type or namespace name 'AssemblyFileVersion' could not be found (are you missing a using directive or an assembly reference?)
C:\gh\azure-sdk-for-net\eng\mgmt\DisableTestRunParallel.cs(7,12): error CS0246: The type or namespace name 'CollectionBehaviorAttribute' could not be found (are you missing a using directive or an assembly reference?)
C:\gh\azure-sdk-for-net\eng\mgmt\DisableTestRunParallel.cs(7,12): error CS0246: The type or namespace name 'CollectionBehavior' could not be found (are you missing a using directive or an assembly reference?)
C:\gh\azure-sdk-for-net\artifacts\obj\Microsoft.Azure.Management.VideoAnalyzer.Tests\Debug\netcoreapp2.0\.NETCoreApp,Version=v2.0.AssemblyAttributes.cs(4,20): error CS0400: The type or namespace name 'System' could not be found in the global namespace (are you missing an assembly reference?)
C:\gh\azure-sdk-for-net\artifacts\obj\Microsoft.Azure.Management.VideoAnalyzer.Tests\Debug\netcoreapp2.0\Microsoft.Azure.Management.VideoAnalyzer.Tests.AssemblyInfo.cs(14,12): error CS0246: The type or namespace name 'System' could not be found (are you missing a using directive or an assembly reference?)
C:\gh\azure-sdk-for-net\artifacts\obj\Microsoft.Azure.Management.VideoAnalyzer.Tests\Debug\netcoreapp2.0\Microsoft.Azure.Management.VideoAnalyzer.Tests.AssemblyInfo.cs(16,12): error CS0246: The type or namespace name 'System' could not be found (are you missing a using directive or an assembly reference?)
C:\gh\azure-sdk-for-net\artifacts\obj\Microsoft.Azure.Management.VideoAnalyzer.Tests\Debug\netcoreapp2.0\Microsoft.Azure.Management.VideoAnalyzer.Tests.AssemblyInfo.cs(17,12): error CS0246: The type or namespace name 'System' could not be found (are you missing a using directive or an assembly reference?)
C:\gh\azure-sdk-for-net\sdk\videoanalyzer\Microsoft.Azure.Management.VideoAnalyzer\tests\Properties\AssemblyInfo.cs(7,26): error CS0518: Predefined type 'System.String' is not defined or imported
C:\gh\azure-sdk-for-net\sdk\videoanalyzer\Microsoft.Azure.Management.VideoAnalyzer\tests\Properties\AssemblyInfo.cs(8,32): error CS0518: Predefined type 'System.String' is not defined or imported
C:\gh\azure-sdk-for-net\sdk\videoanalyzer\Microsoft.Azure.Management.VideoAnalyzer\tests\Properties\AssemblyInfo.cs(9,34): error CS0518: Predefined type 'System.String' is not defined or imported
C:\gh\azure-sdk-for-net\sdk\videoanalyzer\Microsoft.Azure.Management.VideoAnalyzer\tests\Properties\AssemblyInfo.cs(10,28): error CS0518: Predefined type 'System.String' is not defined or imported
C:\gh\azure-sdk-for-net\sdk\videoanalyzer\Microsoft.Azure.Management.VideoAnalyzer\tests\Properties\AssemblyInfo.cs(11,28): error CS0518: Predefined type 'System.String' is not defined or imported
C:\gh\azure-sdk-for-net\sdk\videoanalyzer\Microsoft.Azure.Management.VideoAnalyzer\tests\Properties\AssemblyInfo.cs(12,30): error CS0518: Predefined type 'System.String' is not defined or imported
C:\gh\azure-sdk-for-net\sdk\videoanalyzer\Microsoft.Azure.Management.VideoAnalyzer\tests\Properties\AssemblyInfo.cs(13,30): error CS0518: Predefined type 'System.String' is not defined or imported
C:\gh\azure-sdk-for-net\sdk\videoanalyzer\Microsoft.Azure.Management.VideoAnalyzer\tests\Properties\AssemblyInfo.cs(14,28): error CS0518: Predefined type 'System.String' is not defined or imported
C:\gh\azure-sdk-for-net\sdk\videoanalyzer\Microsoft.Azure.Management.VideoAnalyzer\tests\Properties\AssemblyInfo.cs(16,23): error CS0518: Predefined type 'System.Boolean' is not defined or imported
C:\gh\azure-sdk-for-net\sdk\videoanalyzer\Microsoft.Azure.Management.VideoAnalyzer\tests\Properties\AssemblyInfo.cs(18,28): error CS0518: Predefined type 'System.String' is not defined or imported
C:\gh\azure-sdk-for-net\sdk\videoanalyzer\Microsoft.Azure.Management.VideoAnalyzer\tests\Properties\AssemblyInfo.cs(19,32): error CS0518: Predefined type 'System.String' is not defined or imported
C:\gh\azure-sdk-for-net\eng\mgmt\DisableTestRunParallel.cs(7,31): error CS0246: The type or namespace name 'DisableTestParallelization' could not be found (are you missing a using directive or an assembly reference?)
C:\gh\azure-sdk-for-net\eng\mgmt\DisableTestRunParallel.cs(7,60): error CS0518: Predefined type 'System.Boolean' is not defined or imported
C:\gh\azure-sdk-for-net\eng\mgmt\DisableTestRunParallel.cs(7,66): error CS0246: The type or namespace name 'MaxParallelThreads' could not be found (are you missing a using directive or an assembly reference?)
C:\gh\azure-sdk-for-net\eng\mgmt\DisableTestRunParallel.cs(7,87): error CS0518: Predefined type 'System.Int32' is not defined or imported
C:\gh\azure-sdk-for-net\artifacts\obj\Microsoft.Azure.Management.VideoAnalyzer.Tests\Debug\netcoreapp2.0\.NETCoreApp,Version=v2.0.AssemblyAttributes.cs(4,71): error CS0518: Predefined type 'System.String' is not defined or imported
C:\gh\azure-sdk-for-net\artifacts\obj\Microsoft.Azure.Management.VideoAnalyzer.Tests\Debug\netcoreapp2.0\.NETCoreApp,Version=v2.0.AssemblyAttributes.cs(4,99): error CS0246: The type or namespace name 'FrameworkDisplayName' could not be found (are you missing a using directive or an assembly reference?)
C:\gh\azure-sdk-for-net\artifacts\obj\Microsoft.Azure.Management.VideoAnalyzer.Tests\Debug\netcoreapp2.0\.NETCoreApp,Version=v2.0.AssemblyAttributes.cs(4,122): error CS0518: Predefined type 'System.String' is not defined or imported
C:\gh\azure-sdk-for-net\artifacts\obj\Microsoft.Azure.Management.VideoAnalyzer.Tests\Debug\netcoreapp2.0\Microsoft.Azure.Management.VideoAnalyzer.Tests.AssemblyInfo.cs(14,56): error CS0518: Predefined type 'System.String' is not defined or imported
C:\gh\azure-sdk-for-net\artifacts\obj\Microsoft.Azure.Management.VideoAnalyzer.Tests\Debug\netcoreapp2.0\Microsoft.Azure.Management.VideoAnalyzer.Tests.AssemblyInfo.cs(14,70): error CS0518: Predefined type 'System.String' is not defined or imported
C:\gh\azure-sdk-for-net\artifacts\obj\Microsoft.Azure.Management.VideoAnalyzer.Tests\Debug\netcoreapp2.0\Microsoft.Azure.Management.VideoAnalyzer.Tests.AssemblyInfo.cs(15,5): error CS0518: Predefined type 'System.String' is not defined or imported
C:\gh\azure-sdk-for-net\artifacts\obj\Microsoft.Azure.Management.VideoAnalyzer.Tests\Debug\netcoreapp2.0\Microsoft.Azure.Management.VideoAnalyzer.Tests.AssemblyInfo.cs(16,68): error CS0518: Predefined type 'System.String' is not defined or imported
C:\gh\azure-sdk-for-net\artifacts\obj\Microsoft.Azure.Management.VideoAnalyzer.Tests\Debug\netcoreapp2.0\Microsoft.Azure.Management.VideoAnalyzer.Tests.AssemblyInfo.cs(17,56): error CS0518: Predefined type 'System.String' is not defined or imported
C:\gh\azure-sdk-for-net\artifacts\obj\Microsoft.Azure.Management.VideoAnalyzer.Tests\Debug\netcoreapp2.0\Microsoft.Azure.Management.VideoAnalyzer.Tests.AssemblyInfo.cs(17,73): error CS0518: Predefined type 'System.String' is not defined or imported
C:\gh\azure-sdk-for-net\sdk\videoanalyzer\Microsoft.Azure.Management.VideoAnalyzer\tests\Helpers\RecordedDelegatingHandler.cs(4,7): error CS0246: The type or namespace name 'System' could not be found (are you missing a using directive or an assembly reference?)
C:\gh\azure-sdk-for-net\sdk\videoanalyzer\Microsoft.Azure.Management.VideoAnalyzer\tests\Helpers\RecordedDelegatingHandler.cs(5,7): error CS0246: The type or namespace name 'System' could not be found (are you missing a using directive or an assembly reference?)
C:\gh\azure-sdk-for-net\sdk\videoanalyzer\Microsoft.Azure.Management.VideoAnalyzer\tests\Helpers\RecordedDelegatingHandler.cs(6,7): error CS0246: The type or namespace name 'System' could not be found (are you missing a using directive or an assembly reference?)
C:\gh\azure-sdk-for-net\sdk\videoanalyzer\Microsoft.Azure.Management.VideoAnalyzer\tests\Helpers\RecordedDelegatingHandler.cs(7,7): error CS0246: The type or namespace name 'System' could not be found (are you missing a using directive or an assembly reference?)
C:\gh\azure-sdk-for-net\sdk\videoanalyzer\Microsoft.Azure.Management.VideoAnalyzer\tests\Helpers\RecordedDelegatingHandler.cs(8,7): error CS0246: The type or namespace name 'System' could not be found (are you missing a using directive or an assembly reference?)
C:\gh\azure-sdk-for-net\sdk\videoanalyzer\Microsoft.Azure.Management.VideoAnalyzer\tests\Helpers\VideoAnalyzerManagementTestUtilities.cs(4,34): error CS0234: The type or namespace name 'Resources' does not exist in the namespace 'Microsoft.Azure.Management' (are you missing an assembly reference?)
C:\gh\azure-sdk-for-net\sdk\videoanalyzer\Microsoft.Azure.Management.VideoAnalyzer\tests\Helpers\VideoAnalyzerManagementTestUtilities.cs(5,34): error CS0234: The type or namespace name 'Resources' does not exist in the namespace 'Microsoft.Azure.Management' (are you missing an assembly reference?)
C:\gh\azure-sdk-for-net\sdk\videoanalyzer\Microsoft.Azure.Management.VideoAnalyzer\tests\Helpers\VideoAnalyzerManagementTestUtilities.cs(6,34): error CS0234: The type or namespace name 'Storage' does not exist in the namespace 'Microsoft.Azure.Management' (are you missing an assembly reference?)
C:\gh\azure-sdk-for-net\sdk\videoanalyzer\Microsoft.Azure.Management.VideoAnalyzer\tests\Helpers\VideoAnalyzerManagementTestUtilities.cs(7,34): error CS0234: The type or namespace name 'Storage' does not exist in the namespace 'Microsoft.Azure.Management' (are you missing an assembly reference?)
C:\gh\azure-sdk-for-net\sdk\videoanalyzer\Microsoft.Azure.Management.VideoAnalyzer\tests\Helpers\VideoAnalyzerManagementTestUtilities.cs(9,17): error CS0234: The type or namespace name 'Rest' does not exist in the namespace 'Microsoft' (are you missing an assembly reference?)
C:\gh\azure-sdk-for-net\sdk\videoanalyzer\Microsoft.Azure.Management.VideoAnalyzer\tests\Helpers\VideoAnalyzerManagementTestUtilities.cs(10,7): error CS0246: The type or namespace name 'System' could not be found (are you missing a using directive or an assembly reference?)
C:\gh\azure-sdk-for-net\sdk\videoanalyzer\Microsoft.Azure.Management.VideoAnalyzer\tests\Helpers\VideoAnalyzerManagementTestUtilities.cs(11,7): error CS0246: The type or namespace name 'System' could not be found (are you missing a using directive or an assembly reference?)
C:\gh\azure-sdk-for-net\sdk\videoanalyzer\Microsoft.Azure.Management.VideoAnalyzer\tests\Helpers\VideoAnalyzerManagementTestUtilities.cs(12,7): error CS0246: The type or namespace name 'System' could not be found (are you missing a using directive or an assembly reference?)
C:\gh\azure-sdk-for-net\sdk\videoanalyzer\Microsoft.Azure.Management.VideoAnalyzer\tests\Helpers\VideoAnalyzerManagementTestUtilities.cs(13,7): error CS0246: The type or namespace name 'System' could not be found (are you missing a using directive or an assembly reference?)
C:\gh\azure-sdk-for-net\sdk\videoanalyzer\Microsoft.Azure.Management.VideoAnalyzer\tests\Helpers\VideoAnalyzerManagementTestUtilities.cs(14,34): error CS0234: The type or namespace name 'Authorization' does not exist in the namespace 'Microsoft.Azure.Management' (are you missing an assembly reference?)
C:\gh\azure-sdk-for-net\sdk\videoanalyzer\Microsoft.Azure.Management.VideoAnalyzer\tests\Helpers\VideoAnalyzerManagementTestUtilities.cs(15,34): error CS0234: The type or namespace name 'Authorization' does not exist in the namespace 'Microsoft.Azure.Management' (are you missing an assembly reference?)
C:\gh\azure-sdk-for-net\sdk\videoanalyzer\Microsoft.Azure.Management.VideoAnalyzer\tests\Helpers\VideoAnalyzerManagementTestUtilities.cs(16,34): error CS0234: The type or namespace name 'ManagedServiceIdentity' does not exist in the namespace 'Microsoft.Azure.Management' (are you missing an assembly reference?)
C:\gh\azure-sdk-for-net\sdk\videoanalyzer\Microsoft.Azure.Management.VideoAnalyzer\tests\Helpers\VideoAnalyzerManagementTestUtilities.cs(17,34): error CS0234: The type or namespace name 'ManagedServiceIdentity' does not exist in the namespace 'Microsoft.Azure.Management' (are you missing an assembly reference?)
C:\gh\azure-sdk-for-net\sdk\videoanalyzer\Microsoft.Azure.Management.VideoAnalyzer\tests\Properties\AssemblyInfo.cs(4,7): error CS0246: The type or namespace name 'System' could not be found (are you missing a using directive or an assembly reference?)
C:\gh\azure-sdk-for-net\sdk\videoanalyzer\Microsoft.Azure.Management.VideoAnalyzer\tests\Properties\AssemblyInfo.cs(5,7): error CS0246: The type or namespace name 'System' could not be found (are you missing a using directive or an assembly reference?)
C:\gh\azure-sdk-for-net\sdk\videoanalyzer\Microsoft.Azure.Management.VideoAnalyzer\tests\ScenarioTests\AccessPoliciesTests.cs(7,34): error CS0234: The type or namespace name 'Resources' does not exist in the namespace 'Microsoft.Azure.Management' (are you missing an assembly reference?)
C:\gh\azure-sdk-for-net\sdk\videoanalyzer\Microsoft.Azure.Management.VideoAnalyzer\tests\ScenarioTests\AccessPoliciesTests.cs(8,17): error CS0234: The type or namespace name 'Rest' does not exist in the namespace 'Microsoft' (are you missing an assembly reference?)
C:\gh\azure-sdk-for-net\sdk\videoanalyzer\Microsoft.Azure.Management.VideoAnalyzer\tests\ScenarioTests\AccessPoliciesTests.cs(9,7): error CS0246: The type or namespace name 'System' could not be found (are you missing a using directive or an assembly reference?)
C:\gh\azure-sdk-for-net\sdk\videoanalyzer\Microsoft.Azure.Management.VideoAnalyzer\tests\ScenarioTests\AccessPoliciesTests.cs(10,7): error CS0246: The type or namespace name 'System' could not be found (are you missing a using directive or an assembly reference?)
C:\gh\azure-sdk-for-net\sdk\videoanalyzer\Microsoft.Azure.Management.VideoAnalyzer\tests\ScenarioTests\AccessPoliciesTests.cs(11,7): error CS0246: The type or namespace name 'System' could not be found (are you missing a using directive or an assembly reference?)
C:\gh\azure-sdk-for-net\sdk\videoanalyzer\Microsoft.Azure.Management.VideoAnalyzer\tests\ScenarioTests\AccessPoliciesTests.cs(12,7): error CS0246: The type or namespace name 'Xunit' could not be found (are you missing a using directive or an assembly reference?)
C:\gh\azure-sdk-for-net\sdk\videoanalyzer\Microsoft.Azure.Management.VideoAnalyzer\tests\ScenarioTests\EdgeModulesTests.cs(7,34): error CS0234: The type or namespace name 'Resources' does not exist in the namespace 'Microsoft.Azure.Management' (are you missing an assembly reference?)
C:\gh\azure-sdk-for-net\sdk\videoanalyzer\Microsoft.Azure.Management.VideoAnalyzer\tests\ScenarioTests\EdgeModulesTests.cs(8,17): error CS0234: The type or namespace name 'Rest' does not exist in the namespace 'Microsoft' (are you missing an assembly reference?)
C:\gh\azure-sdk-for-net\sdk\videoanalyzer\Microsoft.Azure.Management.VideoAnalyzer\tests\ScenarioTests\EdgeModulesTests.cs(9,7): error CS0246: The type or namespace name 'System' could not be found (are you missing a using directive or an assembly reference?)
C:\gh\azure-sdk-for-net\sdk\videoanalyzer\Microsoft.Azure.Management.VideoAnalyzer\tests\ScenarioTests\EdgeModulesTests.cs(10,7): error CS0246: The type or namespace name 'System' could not be found (are you missing a using directive or an assembly reference?)
C:\gh\azure-sdk-for-net\sdk\videoanalyzer\Microsoft.Azure.Management.VideoAnalyzer\tests\ScenarioTests\EdgeModulesTests.cs(11,7): error CS0246: The type or namespace name 'System' could not be found (are you missing a using directive or an assembly reference?)
C:\gh\azure-sdk-for-net\sdk\videoanalyzer\Microsoft.Azure.Management.VideoAnalyzer\tests\ScenarioTests\EdgeModulesTests.cs(12,7): error CS0246: The type or namespace name 'Xunit' could not be found (are you missing a using directive or an assembly reference?)
C:\gh\azure-sdk-for-net\sdk\videoanalyzer\Microsoft.Azure.Management.VideoAnalyzer\tests\ScenarioTests\VideoAnalyzerTestBase.cs(7,34): error CS0234: The type or namespace name 'Resources' does not exist in the namespace 'Microsoft.Azure.Management' (are you missing an assembly reference?)
C:\gh\azure-sdk-for-net\sdk\videoanalyzer\Microsoft.Azure.Management.VideoAnalyzer\tests\ScenarioTests\VideoAnalyzerTestBase.cs(8,34): error CS0234: The type or namespace name 'Storage' does not exist in the namespace 'Microsoft.Azure.Management' (are you missing an assembly reference?)
C:\gh\azure-sdk-for-net\sdk\videoanalyzer\Microsoft.Azure.Management.VideoAnalyzer\tests\ScenarioTests\VideoAnalyzerTestBase.cs(9,17): error CS0234: The type or namespace name 'Rest' does not exist in the namespace 'Microsoft' (are you missing an assembly reference?)
C:\gh\azure-sdk-for-net\sdk\videoanalyzer\Microsoft.Azure.Management.VideoAnalyzer\tests\ScenarioTests\VideoAnalyzerTestBase.cs(10,7): error CS0246: The type or namespace name 'System' could not be found (are you missing a using directive or an assembly reference?)
C:\gh\azure-sdk-for-net\sdk\videoanalyzer\Microsoft.Azure.Management.VideoAnalyzer\tests\ScenarioTests\VideoAnalyzerTestBase.cs(11,7): error CS0246: The type or namespace name 'System' could not be found (are you missing a using directive or an assembly reference?)
C:\gh\azure-sdk-for-net\sdk\videoanalyzer\Microsoft.Azure.Management.VideoAnalyzer\tests\ScenarioTests\VideoAnalyzerTestBase.cs(12,7): error CS0246: The type or namespace name 'System' could not be found (are you missing a using directive or an assembly reference?)
C:\gh\azure-sdk-for-net\sdk\videoanalyzer\Microsoft.Azure.Management.VideoAnalyzer\tests\ScenarioTests\VideoAnalyzerTestBase.cs(13,34): error CS0234: The type or namespace name 'Authorization' does not exist in the namespace 'Microsoft.Azure.Management' (are you missing an assembly reference?)
C:\gh\azure-sdk-for-net\sdk\videoanalyzer\Microsoft.Azure.Management.VideoAnalyzer\tests\ScenarioTests\VideoAnalyzerTestBase.cs(14,34): error CS0234: The type or namespace name 'Authorization' does not exist in the namespace 'Microsoft.Azure.Management' (are you missing an assembly reference?)
C:\gh\azure-sdk-for-net\sdk\videoanalyzer\Microsoft.Azure.Management.VideoAnalyzer\tests\ScenarioTests\VideoAnalyzerTestBase.cs(15,34): error CS0234: The type or namespace name 'ManagedServiceIdentity' does not exist in the namespace 'Microsoft.Azure.Management' (are you missing an assembly reference?)
C:\gh\azure-sdk-for-net\sdk\videoanalyzer\Microsoft.Azure.Management.VideoAnalyzer\tests\ScenarioTests\VideoAnalyzerTestBase.cs(16,34): error CS0234: The type or namespace name 'ManagedServiceIdentity' does not exist in the namespace 'Microsoft.Azure.Management' (are you missing an assembly reference?)
C:\gh\azure-sdk-for-net\sdk\videoanalyzer\Microsoft.Azure.Management.VideoAnalyzer\tests\ScenarioTests\VideoAnalyzerTests.cs(7,34): error CS0234: The type or namespace name 'Resources' does not exist in the namespace 'Microsoft.Azure.Management' (are you missing an assembly reference?)
C:\gh\azure-sdk-for-net\sdk\videoanalyzer\Microsoft.Azure.Management.VideoAnalyzer\tests\ScenarioTests\VideoAnalyzerTests.cs(8,17): error CS0234: The type or namespace name 'Rest' does not exist in the namespace 'Microsoft' (are you missing an assembly reference?)
C:\gh\azure-sdk-for-net\sdk\videoanalyzer\Microsoft.Azure.Management.VideoAnalyzer\tests\ScenarioTests\VideoAnalyzerTests.cs(9,7): error CS0246: The type or namespace name 'System' could not be found (are you missing a using directive or an assembly reference?)
C:\gh\azure-sdk-for-net\sdk\videoanalyzer\Microsoft.Azure.Management.VideoAnalyzer\tests\ScenarioTests\VideoAnalyzerTests.cs(10,7): error CS0246: The type or namespace name 'System' could not be found (are you missing a using directive or an assembly reference?)
C:\gh\azure-sdk-for-net\sdk\videoanalyzer\Microsoft.Azure.Management.VideoAnalyzer\tests\ScenarioTests\VideoAnalyzerTests.cs(11,7): error CS0246: The type or namespace name 'System' could not be found (are you missing a using directive or an assembly reference?)
C:\gh\azure-sdk-for-net\sdk\videoanalyzer\Microsoft.Azure.Management.VideoAnalyzer\tests\ScenarioTests\VideoAnalyzerTests.cs(12,7): error CS0246: The type or namespace name 'Xunit' could not be found (are you missing a using directive or an assembly reference?)
C:\gh\azure-sdk-for-net\sdk\videoanalyzer\Microsoft.Azure.Management.VideoAnalyzer\tests\ScenarioTests\VideosTests.cs(7,34): error CS0234: The type or namespace name 'Resources' does not exist in the namespace 'Microsoft.Azure.Management' (are you missing an assembly reference?)
C:\gh\azure-sdk-for-net\sdk\videoanalyzer\Microsoft.Azure.Management.VideoAnalyzer\tests\ScenarioTests\VideosTests.cs(8,17): error CS0234: The type or namespace name 'Rest' does not exist in the namespace 'Microsoft' (are you missing an assembly reference?)
C:\gh\azure-sdk-for-net\sdk\videoanalyzer\Microsoft.Azure.Management.VideoAnalyzer\tests\ScenarioTests\VideosTests.cs(9,7): error CS0246: The type or namespace name 'System' could not be found (are you missing a using directive or an assembly reference?)
C:\gh\azure-sdk-for-net\sdk\videoanalyzer\Microsoft.Azure.Management.VideoAnalyzer\tests\ScenarioTests\VideosTests.cs(10,7): error CS0246: The type or namespace name 'System' could not be found (are you missing a using directive or an assembly reference?)
C:\gh\azure-sdk-for-net\sdk\videoanalyzer\Microsoft.Azure.Management.VideoAnalyzer\tests\ScenarioTests\VideosTests.cs(11,7): error CS0246: The type or namespace name 'System' could not be found (are you missing a using directive or an assembly reference?)
C:\gh\azure-sdk-for-net\sdk\videoanalyzer\Microsoft.Azure.Management.VideoAnalyzer\tests\ScenarioTests\VideosTests.cs(12,7): error CS0246: The type or namespace name 'Xunit' could not be found (are you missing a using directive or an assembly reference?)
C:\gh\azure-sdk-for-net\eng\mgmt\DisableTestRunParallel.cs(4,7): error CS0246: The type or namespace name 'System' could not be found (are you missing a using directive or an assembly reference?)
C:\gh\azure-sdk-for-net\eng\mgmt\DisableTestRunParallel.cs(5,7): error CS0246: The type or namespace name 'Xunit' could not be found (are you missing a using directive or an assembly reference?)
C:\gh\azure-sdk-for-net\artifacts\obj\Microsoft.Azure.Management.VideoAnalyzer.Tests\Debug\netcoreapp2.0\.NETCoreApp,Version=v2.0.AssemblyAttributes.cs(2,7): error CS0246: The type or namespace name 'System' could not be found (are you missing a using directive or an assembly reference?)
C:\gh\azure-sdk-for-net\artifacts\obj\Microsoft.Azure.Management.VideoAnalyzer.Tests\Debug\netcoreapp2.0\.NETCoreApp,Version=v2.0.AssemblyAttributes.cs(3,7): error CS0246: The type or namespace name 'System' could not be found (are you missing a using directive or an assembly reference?)
C:\gh\azure-sdk-for-net\artifacts\obj\Microsoft.Azure.Management.VideoAnalyzer.Tests\Debug\netcoreapp2.0\Microsoft.Azure.Management.VideoAnalyzer.Tests.AssemblyInfo.cs(11,7): error CS0246: The type or namespace name 'System' could not be found (are you missing a using directive or an assembly reference?)
C:\gh\azure-sdk-for-net\artifacts\obj\Microsoft.Azure.Management.VideoAnalyzer.Tests\Debug\netcoreapp2.0\Microsoft.Azure.Management.VideoAnalyzer.Tests.AssemblyInfo.cs(12,7): error CS0246: The type or namespace name 'System' could not be found (are you missing a using directive or an assembly reference?)
C:\gh\azure-sdk-for-net\sdk\videoanalyzer\Microsoft.Azure.Management.VideoAnalyzer\tests\Helpers\VideoAnalyzerManagementTestUtilities.cs(21,25): error CS0518: Predefined type 'System.Object' is not defined or imported
C:\gh\azure-sdk-for-net\sdk\videoanalyzer\Microsoft.Azure.Management.VideoAnalyzer\tests\Helpers\VideoAnalyzerManagementTestUtilities.cs(27,23): error CS0518: Predefined type 'System.String' is not defined or imported
C:\gh\azure-sdk-for-net\sdk\videoanalyzer\Microsoft.Azure.Management.VideoAnalyzer\tests\Helpers\VideoAnalyzerManagementTestUtilities.cs(28,23): error CS0518: Predefined type 'System.String' is not defined or imported
C:\gh\azure-sdk-for-net\sdk\videoanalyzer\Microsoft.Azure.Management.VideoAnalyzer\tests\ScenarioTests\EdgeModulesTests.cs(18,10): error CS0518: Predefined type 'System.Object' is not defined or imported
C:\gh\azure-sdk-for-net\sdk\videoanalyzer\Microsoft.Azure.Management.VideoAnalyzer\tests\ScenarioTests\EdgeModulesTests.cs(18,10): error CS0246: The type or namespace name 'FactAttribute' could not be found (are you missing a using directive or an assembly reference?)
C:\gh\azure-sdk-for-net\sdk\videoanalyzer\Microsoft.Azure.Management.VideoAnalyzer\tests\ScenarioTests\EdgeModulesTests.cs(18,10): error CS0246: The type or namespace name 'Fact' could not be found (are you missing a using directive or an assembly reference?)
C:\gh\azure-sdk-for-net\sdk\videoanalyzer\Microsoft.Azure.Management.VideoAnalyzer\tests\ScenarioTests\AccessPoliciesTests.cs(18,10): error CS0518: Predefined type 'System.Object' is not defined or imported
C:\gh\azure-sdk-for-net\sdk\videoanalyzer\Microsoft.Azure.Management.VideoAnalyzer\tests\ScenarioTests\AccessPoliciesTests.cs(18,10): error CS0246: The type or namespace name 'FactAttribute' could not be found (are you missing a using directive or an assembly reference?)
C:\gh\azure-sdk-for-net\sdk\videoanalyzer\Microsoft.Azure.Management.VideoAnalyzer\tests\ScenarioTests\AccessPoliciesTests.cs(18,10): error CS0246: The type or namespace name 'Fact' could not be found (are you missing a using directive or an assembly reference?)
C:\gh\azure-sdk-for-net\sdk\videoanalyzer\Microsoft.Azure.Management.VideoAnalyzer\tests\Helpers\RecordedDelegatingHandler.cs(29,57): error CS0518: Predefined type 'System.Void' is not defined or imported
C:\gh\azure-sdk-for-net\sdk\videoanalyzer\Microsoft.Azure.Management.VideoAnalyzer\tests\ScenarioTests\VideoAnalyzerTests.cs(18,10): error CS0518: Predefined type 'System.Object' is not defined or imported
C:\gh\azure-sdk-for-net\sdk\videoanalyzer\Microsoft.Azure.Management.VideoAnalyzer\tests\ScenarioTests\VideoAnalyzerTests.cs(18,10): error CS0246: The type or namespace name 'FactAttribute' could not be found (are you missing a using directive or an assembly reference?)
C:\gh\azure-sdk-for-net\sdk\videoanalyzer\Microsoft.Azure.Management.VideoAnalyzer\tests\ScenarioTests\VideoAnalyzerTests.cs(18,10): error CS0246: The type or namespace name 'Fact' could not be found (are you missing a using directive or an assembly reference?)
C:\gh\azure-sdk-for-net\sdk\videoanalyzer\Microsoft.Azure.Management.VideoAnalyzer\tests\ScenarioTests\VideosTests.cs(18,10): error CS0518: Predefined type 'System.Object' is not defined or imported
C:\gh\azure-sdk-for-net\sdk\videoanalyzer\Microsoft.Azure.Management.VideoAnalyzer\tests\ScenarioTests\VideosTests.cs(18,10): error CS0246: The type or namespace name 'FactAttribute' could not be found (are you missing a using directive or an assembly reference?)
C:\gh\azure-sdk-for-net\sdk\videoanalyzer\Microsoft.Azure.Management.VideoAnalyzer\tests\ScenarioTests\VideosTests.cs(18,10): error CS0246: The type or namespace name 'Fact' could not be found (are you missing a using directive or an assembly reference?)
C:\gh\azure-sdk-for-net\sdk\videoanalyzer\Microsoft.Azure.Management.VideoAnalyzer\tests\ScenarioTests\VideoAnalyzerTests.cs(50,10): error CS0518: Predefined type 'System.Object' is not defined or imported
C:\gh\azure-sdk-for-net\sdk\videoanalyzer\Microsoft.Azure.Management.VideoAnalyzer\tests\ScenarioTests\VideoAnalyzerTests.cs(50,10): error CS0246: The type or namespace name 'FactAttribute' could not be found (are you missing a using directive or an assembly reference?)
C:\gh\azure-sdk-for-net\sdk\videoanalyzer\Microsoft.Azure.Management.VideoAnalyzer\tests\ScenarioTests\VideoAnalyzerTests.cs(50,10): error CS0246: The type or namespace name 'Fact' could not be found (are you missing a using directive or an assembly reference?)
C:\gh\azure-sdk-for-net\sdk\videoanalyzer\Microsoft.Azure.Management.VideoAnalyzer\tests\Helpers\RecordedDelegatingHandler.cs(31,67): error CS0518: Predefined type 'System.Void' is not defined or imported
C:\gh\azure-sdk-for-net\sdk\videoanalyzer\Microsoft.Azure.Management.VideoAnalyzer\tests\ScenarioTests\VideoAnalyzerTests.cs(75,10): error CS0518: Predefined type 'System.Object' is not defined or imported
C:\gh\azure-sdk-for-net\sdk\videoanalyzer\Microsoft.Azure.Management.VideoAnalyzer\tests\ScenarioTests\VideoAnalyzerTests.cs(75,10): error CS0246: The type or namespace name 'FactAttribute' could not be found (are you missing a using directive or an assembly reference?)
C:\gh\azure-sdk-for-net\sdk\videoanalyzer\Microsoft.Azure.Management.VideoAnalyzer\tests\ScenarioTests\VideoAnalyzerTests.cs(75,10): error CS0246: The type or namespace name 'Fact' could not be found (are you missing a using directive or an assembly reference?)
C:\gh\azure-sdk-for-net\sdk\videoanalyzer\Microsoft.Azure.Management.VideoAnalyzer\tests\ScenarioTests\VideoAnalyzerTests.cs(112,10): error CS0518: Predefined type 'System.Object' is not defined or imported
C:\gh\azure-sdk-for-net\sdk\videoanalyzer\Microsoft.Azure.Management.VideoAnalyzer\tests\ScenarioTests\VideoAnalyzerTests.cs(112,10): error CS0246: The type or namespace name 'FactAttribute' could not be found (are you missing a using directive or an assembly reference?)
C:\gh\azure-sdk-for-net\sdk\videoanalyzer\Microsoft.Azure.Management.VideoAnalyzer\tests\ScenarioTests\VideoAnalyzerTests.cs(112,10): error CS0246: The type or namespace name 'Fact' could not be found (are you missing a using directive or an assembly reference?)
C:\gh\azure-sdk-for-net\sdk\videoanalyzer\Microsoft.Azure.Management.VideoAnalyzer\tests\Helpers\RecordedDelegatingHandler.cs(33,38): error CS0518: Predefined type 'System.Void' is not defined or imported
C:\gh\azure-sdk-for-net\sdk\videoanalyzer\Microsoft.Azure.Management.VideoAnalyzer\tests\ScenarioTests\VideoAnalyzerTests.cs(191,10): error CS0518: Predefined type 'System.Object' is not defined or imported
C:\gh\azure-sdk-for-net\sdk\videoanalyzer\Microsoft.Azure.Management.VideoAnalyzer\tests\ScenarioTests\VideoAnalyzerTests.cs(191,10): error CS0246: The type or namespace name 'FactAttribute' could not be found (are you missing a using directive or an assembly reference?)
C:\gh\azure-sdk-for-net\sdk\videoanalyzer\Microsoft.Azure.Management.VideoAnalyzer\tests\ScenarioTests\VideoAnalyzerTests.cs(191,10): error CS0246: The type or namespace name 'Fact' could not be found (are you missing a using directive or an assembly reference?)
C:\gh\azure-sdk-for-net\sdk\videoanalyzer\Microsoft.Azure.Management.VideoAnalyzer\tests\ScenarioTests\VideoAnalyzerTests.cs(250,10): error CS0518: Predefined type 'System.Object' is not defined or imported
C:\gh\azure-sdk-for-net\sdk\videoanalyzer\Microsoft.Azure.Management.VideoAnalyzer\tests\ScenarioTests\VideoAnalyzerTests.cs(250,10): error CS0246: The type or namespace name 'FactAttribute' could not be found (are you missing a using directive or an assembly reference?)
C:\gh\azure-sdk-for-net\sdk\videoanalyzer\Microsoft.Azure.Management.VideoAnalyzer\tests\ScenarioTests\VideoAnalyzerTests.cs(250,10): error CS0246: The type or namespace name 'Fact' could not be found (are you missing a using directive or an assembly reference?)
C:\gh\azure-sdk-for-net\sdk\videoanalyzer\Microsoft.Azure.Management.VideoAnalyzer\tests\Helpers\RecordedDelegatingHandler.cs(35,57): error CS0518: Predefined type 'System.Void' is not defined or imported
C:\gh\azure-sdk-for-net\sdk\videoanalyzer\Microsoft.Azure.Management.VideoAnalyzer\tests\Helpers\RecordedDelegatingHandler.cs(37,57): error CS0518: Predefined type 'System.Void' is not defined or imported
C:\gh\azure-sdk-for-net\sdk\videoanalyzer\Microsoft.Azure.Management.VideoAnalyzer\tests\Helpers\RecordedDelegatingHandler.cs(39,41): error CS0518: Predefined type 'System.Void' is not defined or imported
C:\gh\azure-sdk-for-net\sdk\videoanalyzer\Microsoft.Azure.Management.VideoAnalyzer\tests\ScenarioTests\VideoAnalyzerTestBase.cs(22,63): error CS0518: Predefined type 'System.Void' is not defined or imported
C:\gh\azure-sdk-for-net\sdk\videoanalyzer\Microsoft.Azure.Management.VideoAnalyzer\tests\ScenarioTests\VideoAnalyzerTestBase.cs(24,63): error CS0518: Predefined type 'System.Void' is not defined or imported
C:\gh\azure-sdk-for-net\sdk\videoanalyzer\Microsoft.Azure.Management.VideoAnalyzer\tests\Helpers\RecordedDelegatingHandler.cs(41,31): error CS0518: Predefined type 'System.Void' is not defined or imported
C:\gh\azure-sdk-for-net\sdk\videoanalyzer\Microsoft.Azure.Management.VideoAnalyzer\tests\Helpers\RecordedDelegatingHandler.cs(43,42): error CS0518: Predefined type 'System.Void' is not defined or imported
C:\gh\azure-sdk-for-net\sdk\videoanalyzer\Microsoft.Azure.Management.VideoAnalyzer\tests\ScenarioTests\VideoAnalyzerTestBase.cs(26,61): error CS0518: Predefined type 'System.Void' is not defined or imported
C:\gh\azure-sdk-for-net\sdk\videoanalyzer\Microsoft.Azure.Management.VideoAnalyzer\tests\ScenarioTests\VideoAnalyzerTestBase.cs(28,44): error CS0518: Predefined type 'System.Void' is not defined or imported
C:\gh\azure-sdk-for-net\sdk\videoanalyzer\Microsoft.Azure.Management.VideoAnalyzer\tests\Helpers\RecordedDelegatingHandler.cs(29,16): error CS0518: Predefined type 'System.Object' is not defined or imported
C:\gh\azure-sdk-for-net\sdk\videoanalyzer\Microsoft.Azure.Management.VideoAnalyzer\tests\Helpers\RecordedDelegatingHandler.cs(29,16): error CS0246: The type or namespace name 'HttpStatusCode' could not be found (are you missing a using directive or an assembly reference?)
C:\gh\azure-sdk-for-net\sdk\videoanalyzer\Microsoft.Azure.Management.VideoAnalyzer\tests\Helpers\RecordedDelegatingHandler.cs(31,16): error CS0518: Predefined type 'System.Object' is not defined or imported
C:\gh\azure-sdk-for-net\sdk\videoanalyzer\Microsoft.Azure.Management.VideoAnalyzer\tests\Helpers\RecordedDelegatingHandler.cs(31,16): error CS0246: The type or namespace name 'HttpStatusCode' could not be found (are you missing a using directive or an assembly reference?)
C:\gh\azure-sdk-for-net\sdk\videoanalyzer\Microsoft.Azure.Management.VideoAnalyzer\tests\Helpers\RecordedDelegatingHandler.cs(33,16): error CS0518: Predefined type 'System.String' is not defined or imported
C:\gh\azure-sdk-for-net\sdk\videoanalyzer\Microsoft.Azure.Management.VideoAnalyzer\tests\Helpers\RecordedDelegatingHandler.cs(35,16): error CS0518: Predefined type 'System.Object' is not defined or imported
C:\gh\azure-sdk-for-net\sdk\videoanalyzer\Microsoft.Azure.Management.VideoAnalyzer\tests\Helpers\RecordedDelegatingHandler.cs(35,16): error CS0246: The type or namespace name 'HttpRequestHeaders' could not be found (are you missing a using directive or an assembly reference?)
C:\gh\azure-sdk-for-net\sdk\videoanalyzer\Microsoft.Azure.Management.VideoAnalyzer\tests\Helpers\RecordedDelegatingHandler.cs(37,16): error CS0518: Predefined type 'System.Object' is not defined or imported
C:\gh\azure-sdk-for-net\sdk\videoanalyzer\Microsoft.Azure.Management.VideoAnalyzer\tests\Helpers\RecordedDelegatingHandler.cs(37,16): error CS0246: The type or namespace name 'HttpContentHeaders' could not be found (are you missing a using directive or an assembly reference?)
C:\gh\azure-sdk-for-net\sdk\videoanalyzer\Microsoft.Azure.Management.VideoAnalyzer\tests\Helpers\RecordedDelegatingHandler.cs(39,16): error CS0518: Predefined type 'System.Object' is not defined or imported
C:\gh\azure-sdk-for-net\sdk\videoanalyzer\Microsoft.Azure.Management.VideoAnalyzer\tests\Helpers\RecordedDelegatingHandler.cs(39,16): error CS0246: The type or namespace name 'HttpMethod' could not be found (are you missing a using directive or an assembly reference?)
C:\gh\azure-sdk-for-net\sdk\videoanalyzer\Microsoft.Azure.Management.VideoAnalyzer\tests\Helpers\RecordedDelegatingHandler.cs(41,16): error CS0518: Predefined type 'System.Object' is not defined or imported
C:\gh\azure-sdk-for-net\sdk\videoanalyzer\Microsoft.Azure.Management.VideoAnalyzer\tests\Helpers\RecordedDelegatingHandler.cs(41,16): error CS0246: The type or namespace name 'Uri' could not be found (are you missing a using directive or an assembly reference?)
C:\gh\azure-sdk-for-net\sdk\videoanalyzer\Microsoft.Azure.Management.VideoAnalyzer\tests\Helpers\RecordedDelegatingHandler.cs(43,16): error CS0518: Predefined type 'System.Boolean' is not defined or imported
C:\gh\azure-sdk-for-net\sdk\videoanalyzer\Microsoft.Azure.Management.VideoAnalyzer\tests\ScenarioTests\VideoAnalyzerTestBase.cs(30,48): error CS0518: Predefined type 'System.Void' is not defined or imported
C:\gh\azure-sdk-for-net\sdk\videoanalyzer\Microsoft.Azure.Management.VideoAnalyzer\tests\ScenarioTests\VideoAnalyzerTestBase.cs(34,95): error CS0518: Predefined type 'System.Void' is not defined or imported
C:\gh\azure-sdk-for-net\sdk\videoanalyzer\Microsoft.Azure.Management.VideoAnalyzer\tests\ScenarioTests\VideoAnalyzerTestBase.cs(36,42): error CS0518: Predefined type 'System.Void' is not defined or imported
C:\gh\azure-sdk-for-net\sdk\videoanalyzer\Microsoft.Azure.Management.VideoAnalyzer\tests\ScenarioTests\VideoAnalyzerTestBase.cs(38,39): error CS0518: Predefined type 'System.Void' is not defined or imported
C:\gh\azure-sdk-for-net\sdk\videoanalyzer\Microsoft.Azure.Management.VideoAnalyzer\tests\ScenarioTests\VideoAnalyzerTestBase.cs(22,16): error CS0518: Predefined type 'System.Object' is not defined or imported
C:\gh\azure-sdk-for-net\sdk\videoanalyzer\Microsoft.Azure.Management.VideoAnalyzer\tests\ScenarioTests\VideoAnalyzerTestBase.cs(22,16): error CS0246: The type or namespace name 'ResourceManagementClient' could not be found (are you missing a using directive or an assembly reference?)
C:\gh\azure-sdk-for-net\sdk\videoanalyzer\Microsoft.Azure.Management.VideoAnalyzer\tests\ScenarioTests\VideoAnalyzerTestBase.cs(24,16): error CS0518: Predefined type 'System.Object' is not defined or imported
C:\gh\azure-sdk-for-net\sdk\videoanalyzer\Microsoft.Azure.Management.VideoAnalyzer\tests\ScenarioTests\VideoAnalyzerTestBase.cs(26,16): error CS0518: Predefined type 'System.Object' is not defined or imported
C:\gh\azure-sdk-for-net\sdk\videoanalyzer\Microsoft.Azure.Management.VideoAnalyzer\tests\ScenarioTests\VideoAnalyzerTestBase.cs(26,16): error CS0246: The type or namespace name 'StorageManagementClient' could not be found (are you missing a using directive or an assembly reference?)
C:\gh\azure-sdk-for-net\sdk\videoanalyzer\Microsoft.Azure.Management.VideoAnalyzer\tests\ScenarioTests\VideoAnalyzerTestBase.cs(28,16): error CS0518: Predefined type 'System.String' is not defined or imported
C:\gh\azure-sdk-for-net\sdk\videoanalyzer\Microsoft.Azure.Management.VideoAnalyzer\tests\ScenarioTests\VideoAnalyzerTestBase.cs(30,16): error CS0518: Predefined type 'System.Object' is not defined or imported
C:\gh\azure-sdk-for-net\sdk\videoanalyzer\Microsoft.Azure.Management.VideoAnalyzer\tests\ScenarioTests\VideoAnalyzerTestBase.cs(30,16): error CS0246: The type or namespace name 'Identity' could not be found (are you missing a using directive or an assembly reference?)
C:\gh\azure-sdk-for-net\sdk\videoanalyzer\Microsoft.Azure.Management.VideoAnalyzer\tests\ScenarioTests\VideoAnalyzerTestBase.cs(34,16): error CS0518: Predefined type 'System.Object' is not defined or imported
C:\gh\azure-sdk-for-net\sdk\videoanalyzer\Microsoft.Azure.Management.VideoAnalyzer\tests\ScenarioTests\VideoAnalyzerTestBase.cs(34,43): error CS0234: The type or namespace name 'Storage' does not exist in the namespace 'Microsoft.Azure.Management' (are you missing an assembly reference?)
C:\gh\azure-sdk-for-net\sdk\videoanalyzer\Microsoft.Azure.Management.VideoAnalyzer\tests\ScenarioTests\VideoAnalyzerTestBase.cs(36,16): error CS0518: Predefined type 'System.String' is not defined or imported
C:\gh\azure-sdk-for-net\sdk\videoanalyzer\Microsoft.Azure.Management.VideoAnalyzer\tests\ScenarioTests\VideoAnalyzerTestBase.cs(38,16): error CS0518: Predefined type 'System.String' is not defined or imported
C:\gh\azure-sdk-for-net\sdk\videoanalyzer\Microsoft.Azure.Management.VideoAnalyzer\tests\ScenarioTests\VideoAnalyzerTestBase.cs(45,14): error CS0518: Predefined type 'System.Object' is not defined or imported
C:\gh\azure-sdk-for-net\sdk\videoanalyzer\Microsoft.Azure.Management.VideoAnalyzer\tests\ScenarioTests\VideoAnalyzerTestBase.cs(45,14): error CS0246: The type or namespace name 'System' could not be found (are you missing a using directive or an assembly reference?)
C:\gh\azure-sdk-for-net\sdk\videoanalyzer\Microsoft.Azure.Management.VideoAnalyzer\tests\ScenarioTests\VideoAnalyzerTestBase.cs(46,33): error CS0518: Predefined type 'System.String' is not defined or imported
C:\gh\azure-sdk-for-net\sdk\videoanalyzer\Microsoft.Azure.Management.VideoAnalyzer\tests\Helpers\VideoAnalyzerManagementTestUtilities.cs(23,43): error CS0518: Predefined type 'System.Boolean' is not defined or imported
C:\gh\azure-sdk-for-net\sdk\videoanalyzer\Microsoft.Azure.Management.VideoAnalyzer\tests\Helpers\VideoAnalyzerManagementTestUtilities.cs(29,48): error CS0518: Predefined type 'System.Object' is not defined or imported
C:\gh\azure-sdk-for-net\sdk\videoanalyzer\Microsoft.Azure.Management.VideoAnalyzer\tests\Helpers\VideoAnalyzerManagementTestUtilities.cs(29,48): error CS0103: The name 'SkuName' does not exist in the current context
C:\gh\azure-sdk-for-net\sdk\videoanalyzer\Microsoft.Azure.Management.VideoAnalyzer\tests\Helpers\VideoAnalyzerManagementTestUtilities.cs(30,42): error CS0518: Predefined type 'System.Object' is not defined or imported
C:\gh\azure-sdk-for-net\sdk\videoanalyzer\Microsoft.Azure.Management.VideoAnalyzer\tests\Helpers\VideoAnalyzerManagementTestUtilities.cs(30,42): error CS0103: The name 'Kind' does not exist in the current context
C:\gh\azure-sdk-for-net\sdk\videoanalyzer\Microsoft.Azure.Management.VideoAnalyzer\tests\Helpers\VideoAnalyzerManagementTestUtilities.cs(31,68): error CS0518: Predefined type 'System.Object' is not defined or imported
C:\gh\azure-sdk-for-net\sdk\videoanalyzer\Microsoft.Azure.Management.VideoAnalyzer\tests\Helpers\VideoAnalyzerManagementTestUtilities.cs(31,68): error CS0246: The type or namespace name 'Dictionary<,>' could not be found (are you missing a using directive or an assembly reference?)
C:\gh\azure-sdk-for-net\sdk\videoanalyzer\Microsoft.Azure.Management.VideoAnalyzer\tests\Helpers\VideoAnalyzerManagementTestUtilities.cs(31,79): error CS0518: Predefined type 'System.String' is not defined or imported
C:\gh\azure-sdk-for-net\sdk\videoanalyzer\Microsoft.Azure.Management.VideoAnalyzer\tests\Helpers\VideoAnalyzerManagementTestUtilities.cs(31,87): error CS0518: Predefined type 'System.String' is not defined or imported
C:\gh\azure-sdk-for-net\sdk\videoanalyzer\Microsoft.Azure.Management.VideoAnalyzer\tests\Helpers\VideoAnalyzerManagementTestUtilities.cs(33,14): error CS0518: Predefined type 'System.String' is not defined or imported
C:\gh\azure-sdk-for-net\sdk\videoanalyzer\Microsoft.Azure.Management.VideoAnalyzer\tests\Helpers\VideoAnalyzerManagementTestUtilities.cs(33,21): error CS0518: Predefined type 'System.String' is not defined or imported
C:\gh\azure-sdk-for-net\sdk\videoanalyzer\Microsoft.Azure.Management.VideoAnalyzer\tests\Helpers\VideoAnalyzerManagementTestUtilities.cs(34,14): error CS0518: Predefined type 'System.String' is not defined or imported
C:\gh\azure-sdk-for-net\sdk\videoanalyzer\Microsoft.Azure.Management.VideoAnalyzer\tests\Helpers\VideoAnalyzerManagementTestUtilities.cs(34,21): error CS0518: Predefined type 'System.String' is not defined or imported
C:\gh\azure-sdk-for-net\sdk\videoanalyzer\Microsoft.Azure.Management.VideoAnalyzer\tests\Helpers\VideoAnalyzerManagementTestUtilities.cs(38,48): error CS0518: Predefined type 'System.Boolean' is not defined or imported
C:\gh\azure-sdk-for-net\sdk\videoanalyzer\Microsoft.Azure.Management.VideoAnalyzer\tests\Helpers\VideoAnalyzerManagementTestUtilities.cs(38,70): error CS0518: Predefined type 'System.String' is not defined or imported
C:\gh\azure-sdk-for-net\sdk\videoanalyzer\Microsoft.Azure.Management.VideoAnalyzer\tests\Helpers\RecordedDelegatingHandler.cs(18,34): error CS0518: Predefined type 'System.Object' is not defined or imported
C:\gh\azure-sdk-for-net\sdk\videoanalyzer\Microsoft.Azure.Management.VideoAnalyzer\tests\Helpers\RecordedDelegatingHandler.cs(18,34): error CS0103: The name 'HttpStatusCode' does not exist in the current context
C:\gh\azure-sdk-for-net\sdk\videoanalyzer\Microsoft.Azure.Management.VideoAnalyzer\tests\Helpers\RecordedDelegatingHandler.cs(24,34): error CS0518: Predefined type 'System.Object' is not defined or imported
C:\gh\azure-sdk-for-net\sdk\videoanalyzer\Microsoft.Azure.Management.VideoAnalyzer\tests\Helpers\RecordedDelegatingHandler.cs(24,34): error CS0103: The name 'HttpStatusCode' does not exist in the current context
C:\gh\azure-sdk-for-net\sdk\videoanalyzer\Microsoft.Azure.Management.VideoAnalyzer\tests\Helpers\VideoAnalyzerManagementTestUtilities.cs(42,17): error CS0518: Predefined type 'System.Boolean' is not defined or imported
C:\gh\azure-sdk-for-net\sdk\videoanalyzer\Microsoft.Azure.Management.VideoAnalyzer\tests\Helpers\VideoAnalyzerManagementTestUtilities.cs(48,41): error CS0518: Predefined type 'System.Boolean' is not defined or imported
C:\gh\azure-sdk-for-net\sdk\videoanalyzer\Microsoft.Azure.Management.VideoAnalyzer\tests\Helpers\VideoAnalyzerManagementTestUtilities.cs(49,17): error CS0518: Predefined type 'System.Object' is not defined or imported
C:\gh\azure-sdk-for-net\sdk\videoanalyzer\Microsoft.Azure.Management.VideoAnalyzer\tests\Helpers\VideoAnalyzerManagementTestUtilities.cs(49,17): error CS0246: The type or namespace name 'ResourceManagementClient' could not be found (are you missing a using directive or an assembly reference?)
C:\gh\azure-sdk-for-net\sdk\videoanalyzer\Microsoft.Azure.Management.VideoAnalyzer\tests\Helpers\VideoAnalyzerManagementTestUtilities.cs(49,85): error CS0518: Predefined type 'System.Object' is not defined or imported
C:\gh\azure-sdk-for-net\sdk\videoanalyzer\Microsoft.Azure.Management.VideoAnalyzer\tests\Helpers\VideoAnalyzerManagementTestUtilities.cs(49,85): error CS0246: The type or namespace name 'ResourceManagementClient' could not be found (are you missing a using directive or an assembly reference?)
C:\gh\azure-sdk-for-net\sdk\videoanalyzer\Microsoft.Azure.Management.VideoAnalyzer\tests\ScenarioTests\VideoAnalyzerTests.cs(22,13): error CS0518: Predefined type 'System.IDisposable' is not defined or imported
C:\gh\azure-sdk-for-net\sdk\videoanalyzer\Microsoft.Azure.Management.VideoAnalyzer\tests\ScenarioTests\VideoAnalyzerTests.cs(22,20): error CS0518: Predefined type 'System.Object' is not defined or imported
C:\gh\azure-sdk-for-net\sdk\videoanalyzer\Microsoft.Azure.Management.VideoAnalyzer\tests\ScenarioTests\VideoAnalyzerTests.cs(22,20): error CS0246: The type or namespace name 'MockContext' could not be found (are you missing a using directive or an assembly reference?)
C:\gh\azure-sdk-for-net\sdk\videoanalyzer\Microsoft.Azure.Management.VideoAnalyzer\tests\ScenarioTests\VideoAnalyzerTests.cs(22,47): error CS0518: Predefined type 'System.Object' is not defined or imported
C:\gh\azure-sdk-for-net\sdk\videoanalyzer\Microsoft.Azure.Management.VideoAnalyzer\tests\ScenarioTests\VideoAnalyzerTests.cs(22,89): error CS0518: Predefined type 'System.Object' is not defined or imported
C:\gh\azure-sdk-for-net\sdk\videoanalyzer\Microsoft.Azure.Management.VideoAnalyzer\tests\ScenarioTests\VideoAnalyzerTests.cs(22,89): error CS1061: 'VideoAnalyzerTests' does not contain a definition for 'GetType' and no accessible extension method 'GetType' accepting a first argument of type 'VideoAnalyzerTests' could be found (are you missing a using directive or an assembly reference?)
C:\gh\azure-sdk-for-net\sdk\videoanalyzer\Microsoft.Azure.Management.VideoAnalyzer\tests\ScenarioTests\VideoAnalyzerTests.cs(26,42): error CS0518: Predefined type 'System.String' is not defined or imported
C:\gh\azure-sdk-for-net\sdk\videoanalyzer\Microsoft.Azure.Management.VideoAnalyzer\tests\ScenarioTests\VideoAnalyzerTests.cs(26,42): error CS0246: The type or namespace name 'IPage<>' could not be found (are you missing a using directive or an assembly reference?)
C:\gh\azure-sdk-for-net\sdk\videoanalyzer\Microsoft.Azure.Management.VideoAnalyzer\tests\ScenarioTests\VideoAnalyzerTests.cs(27,21): error CS0518: Predefined type 'System.Object' is not defined or imported
C:\gh\azure-sdk-for-net\sdk\videoanalyzer\Microsoft.Azure.Management.VideoAnalyzer\tests\ScenarioTests\VideoAnalyzerTests.cs(27,21): error CS0103: The name 'Assert' does not exist in the current context
C:\gh\azure-sdk-for-net\sdk\videoanalyzer\Microsoft.Azure.Management.VideoAnalyzer\tests\ScenarioTests\VideoAnalyzerTests.cs(29,36): error CS0518: Predefined type 'System.Object' is not defined or imported
C:\gh\azure-sdk-for-net\sdk\videoanalyzer\Microsoft.Azure.Management.VideoAnalyzer\tests\ScenarioTests\VideoAnalyzerTests.cs(29,73): error CS0518: Predefined type 'System.Object' is not defined or imported
C:\gh\azure-sdk-for-net\sdk\videoanalyzer\Microsoft.Azure.Management.VideoAnalyzer\tests\ScenarioTests\VideoAnalyzerTests.cs(29,104): error CS0518: Predefined type 'System.Object' is not defined or imported
C:\gh\azure-sdk-for-net\sdk\videoanalyzer\Microsoft.Azure.Management.VideoAnalyzer\tests\ScenarioTests\VideoAnalyzerTests.cs(30,75): error CS0518: Predefined type 'System.String' is not defined or imported
C:\gh\azure-sdk-for-net\sdk\videoanalyzer\Microsoft.Azure.Management.VideoAnalyzer\tests\ScenarioTests\VideoAnalyzerTests.cs(30,80): error CS0518: Predefined type 'System.String' is not defined or imported
C:\gh\azure-sdk-for-net\sdk\videoanalyzer\Microsoft.Azure.Management.VideoAnalyzer\tests\ScenarioTests\VideoAnalyzerTests.cs(32,21): error CS0518: Predefined type 'System.String' is not defined or imported
C:\gh\azure-sdk-for-net\sdk\videoanalyzer\Microsoft.Azure.Management.VideoAnalyzer\tests\ScenarioTests\VideoAnalyzerTests.cs(32,48): error CS0518: Predefined type 'System.String' is not defined or imported
C:\gh\azure-sdk-for-net\sdk\videoanalyzer\Microsoft.Azure.Management.VideoAnalyzer\tests\ScenarioTests\VideoAnalyzerTests.cs(34,21): error CS0518: Predefined type 'System.Object' is not defined or imported
C:\gh\azure-sdk-for-net\sdk\videoanalyzer\Microsoft.Azure.Management.VideoAnalyzer\tests\ScenarioTests\VideoAnalyzerTests.cs(36,38): error CS0518: Predefined type 'System.String' is not defined or imported
C:\gh\azure-sdk-for-net\sdk\videoanalyzer\Microsoft.Azure.Management.VideoAnalyzer\tests\ScenarioTests\VideoAnalyzerTests.cs(36,38): error CS0246: The type or namespace name 'IPage<>' could not be found (are you missing a using directive or an assembly reference?)
C:\gh\azure-sdk-for-net\sdk\videoanalyzer\Microsoft.Azure.Management.VideoAnalyzer\tests\ScenarioTests\VideoAnalyzerTests.cs(37,21): error CS0518: Predefined type 'System.Object' is not defined or imported
C:\gh\azure-sdk-for-net\sdk\videoanalyzer\Microsoft.Azure.Management.VideoAnalyzer\tests\ScenarioTests\VideoAnalyzerTests.cs(37,21): error CS0103: The name 'Assert' does not exist in the current context
C:\gh\azure-sdk-for-net\sdk\videoanalyzer\Microsoft.Azure.Management.VideoAnalyzer\tests\ScenarioTests\VideoAnalyzerTests.cs(40,55): error CS0518: Predefined type 'System.String' is not defined or imported
C:\gh\azure-sdk-for-net\sdk\videoanalyzer\Microsoft.Azure.Management.VideoAnalyzer\tests\ScenarioTests\VideoAnalyzerTests.cs(41,21): error CS0518: Predefined type 'System.Object' is not defined or imported
C:\gh\azure-sdk-for-net\sdk\videoanalyzer\Microsoft.Azure.Management.VideoAnalyzer\tests\ScenarioTests\VideoAnalyzerTests.cs(41,21): error CS0103: The name 'Assert' does not exist in the current context
C:\gh\azure-sdk-for-net\sdk\videoanalyzer\Microsoft.Azure.Management.VideoAnalyzer\tests\ScenarioTests\VideoAnalyzerTests.cs(41,62): error CS0012: The type 'Nullable<>' is defined in an assembly that is not referenced. You must add a reference to assembly 'mscorlib, Version=4.0.0.0, Culture=neutral, PublicKeyToken=b77a5c561934e089'.
C:\gh\azure-sdk-for-net\sdk\videoanalyzer\Microsoft.Azure.Management.VideoAnalyzer\tests\ScenarioTests\VideoAnalyzerTests.cs(45,21): error CS0518: Predefined type 'System.Object' is not defined or imported
C:\gh\azure-sdk-for-net\sdk\videoanalyzer\Microsoft.Azure.Management.VideoAnalyzer\tests\Helpers\VideoAnalyzerManagementTestUtilities.cs(56,13): error CS0518: Predefined type 'System.Object' is not defined or imported
C:\gh\azure-sdk-for-net\sdk\videoanalyzer\Microsoft.Azure.Management.VideoAnalyzer\tests\Helpers\VideoAnalyzerManagementTestUtilities.cs(57,17): error CS0518: Predefined type 'System.Boolean' is not defined or imported
C:\gh\azure-sdk-for-net\sdk\videoanalyzer\Microsoft.Azure.Management.VideoAnalyzer\tests\Helpers\VideoAnalyzerManagementTestUtilities.cs(63,41): error CS0518: Predefined type 'System.Boolean' is not defined or imported
C:\gh\azure-sdk-for-net\sdk\videoanalyzer\Microsoft.Azure.Management.VideoAnalyzer\tests\Helpers\VideoAnalyzerManagementTestUtilities.cs(64,64): error CS0518: Predefined type 'System.Object' is not defined or imported
C:\gh\azure-sdk-for-net\sdk\videoanalyzer\Microsoft.Azure.Management.VideoAnalyzer\tests\ScenarioTests\VideosTests.cs(21,13): error CS0518: Predefined type 'System.IDisposable' is not defined or imported
C:\gh\azure-sdk-for-net\sdk\videoanalyzer\Microsoft.Azure.Management.VideoAnalyzer\tests\ScenarioTests\VideosTests.cs(21,20): error CS0518: Predefined type 'System.Object' is not defined or imported
C:\gh\azure-sdk-for-net\sdk\videoanalyzer\Microsoft.Azure.Management.VideoAnalyzer\tests\ScenarioTests\VideosTests.cs(21,20): error CS0246: The type or namespace name 'MockContext' could not be found (are you missing a using directive or an assembly reference?)
C:\gh\azure-sdk-for-net\sdk\videoanalyzer\Microsoft.Azure.Management.VideoAnalyzer\tests\ScenarioTests\VideosTests.cs(21,47): error CS0518: Predefined type 'System.Object' is not defined or imported
C:\gh\azure-sdk-for-net\sdk\videoanalyzer\Microsoft.Azure.Management.VideoAnalyzer\tests\ScenarioTests\VideosTests.cs(21,89): error CS0518: Predefined type 'System.Object' is not defined or imported
C:\gh\azure-sdk-for-net\sdk\videoanalyzer\Microsoft.Azure.Management.VideoAnalyzer\tests\ScenarioTests\VideosTests.cs(21,89): error CS1061: 'VideosTest' does not contain a definition for 'GetType' and no accessible extension method 'GetType' accepting a first argument of type 'VideosTest' could be found (are you missing a using directive or an assembly reference?)
C:\gh\azure-sdk-for-net\sdk\videoanalyzer\Microsoft.Azure.Management.VideoAnalyzer\tests\ScenarioTests\VideosTests.cs(25,21): error CS0518: Predefined type 'System.Object' is not defined or imported
C:\gh\azure-sdk-for-net\sdk\videoanalyzer\Microsoft.Azure.Management.VideoAnalyzer\tests\ScenarioTests\VideosTests.cs(27,34): error CS0246: The type or namespace name 'IPage<>' could not be found (are you missing a using directive or an assembly reference?)
C:\gh\azure-sdk-for-net\sdk\videoanalyzer\Microsoft.Azure.Management.VideoAnalyzer\tests\ScenarioTests\VideosTests.cs(27,34): error CS0518: Predefined type 'System.String' is not defined or imported
C:\gh\azure-sdk-for-net\sdk\videoanalyzer\Microsoft.Azure.Management.VideoAnalyzer\tests\ScenarioTests\VideosTests.cs(28,21): error CS0518: Predefined type 'System.Object' is not defined or imported
C:\gh\azure-sdk-for-net\sdk\videoanalyzer\Microsoft.Azure.Management.VideoAnalyzer\tests\ScenarioTests\VideosTests.cs(28,21): error CS0103: The name 'Assert' does not exist in the current context
C:\gh\azure-sdk-for-net\sdk\videoanalyzer\Microsoft.Azure.Management.VideoAnalyzer\tests\ScenarioTests\VideosTests.cs(30,37): error CS0518: Predefined type 'System.Object' is not defined or imported
C:\gh\azure-sdk-for-net\sdk\videoanalyzer\Microsoft.Azure.Management.VideoAnalyzer\tests\ScenarioTests\VideosTests.cs(30,37): error CS0103: The name 'TestUtilities' does not exist in the current context
C:\gh\azure-sdk-for-net\sdk\videoanalyzer\Microsoft.Azure.Management.VideoAnalyzer\tests\ScenarioTests\VideosTests.cs(30,64): error CS0518: Predefined type 'System.String' is not defined or imported
C:\gh\azure-sdk-for-net\sdk\videoanalyzer\Microsoft.Azure.Management.VideoAnalyzer\tests\ScenarioTests\VideosTests.cs(31,102): error CS0518: Predefined type 'System.String' is not defined or imported
C:\gh\azure-sdk-for-net\sdk\videoanalyzer\Microsoft.Azure.Management.VideoAnalyzer\tests\ScenarioTests\VideosTests.cs(31,117): error CS0518: Predefined type 'System.String' is not defined or imported
C:\gh\azure-sdk-for-net\sdk\videoanalyzer\Microsoft.Azure.Management.VideoAnalyzer\tests\ScenarioTests\VideosTests.cs(31,21): error CS0518: Predefined type 'System.String' is not defined or imported
C:\gh\azure-sdk-for-net\sdk\videoanalyzer\Microsoft.Azure.Management.VideoAnalyzer\tests\ScenarioTests\VideosTests.cs(33,33): error CS0518: Predefined type 'System.String' is not defined or imported
C:\gh\azure-sdk-for-net\sdk\videoanalyzer\Microsoft.Azure.Management.VideoAnalyzer\tests\ScenarioTests\VideosTests.cs(34,21): error CS0518: Predefined type 'System.Object' is not defined or imported
C:\gh\azure-sdk-for-net\sdk\videoanalyzer\Microsoft.Azure.Management.VideoAnalyzer\tests\ScenarioTests\VideosTests.cs(34,21): error CS0103: The name 'Assert' does not exist in the current context
C:\gh\azure-sdk-for-net\sdk\videoanalyzer\Microsoft.Azure.Management.VideoAnalyzer\tests\ScenarioTests\VideosTests.cs(35,21): error CS0518: Predefined type 'System.Object' is not defined or imported
C:\gh\azure-sdk-for-net\sdk\videoanalyzer\Microsoft.Azure.Management.VideoAnalyzer\tests\ScenarioTests\VideosTests.cs(35,21): error CS0103: The name 'Assert' does not exist in the current context
C:\gh\azure-sdk-for-net\sdk\videoanalyzer\Microsoft.Azure.Management.VideoAnalyzer\tests\ScenarioTests\VideosTests.cs(37,30): error CS0246: The type or namespace name 'IPage<>' could not be found (are you missing a using directive or an assembly reference?)
C:\gh\azure-sdk-for-net\sdk\videoanalyzer\Microsoft.Azure.Management.VideoAnalyzer\tests\ScenarioTests\VideosTests.cs(37,30): error CS0518: Predefined type 'System.String' is not defined or imported
C:\gh\azure-sdk-for-net\sdk\videoanalyzer\Microsoft.Azure.Management.VideoAnalyzer\tests\ScenarioTests\VideosTests.cs(38,21): error CS0518: Predefined type 'System.Object' is not defined or imported
C:\gh\azure-sdk-for-net\sdk\videoanalyzer\Microsoft.Azure.Management.VideoAnalyzer\tests\ScenarioTests\VideosTests.cs(38,21): error CS0103: The name 'Assert' does not exist in the current context
C:\gh\azure-sdk-for-net\sdk\videoanalyzer\Microsoft.Azure.Management.VideoAnalyzer\tests\ScenarioTests\VideosTests.cs(39,21): error CS0518: Predefined type 'System.Object' is not defined or imported
C:\gh\azure-sdk-for-net\sdk\videoanalyzer\Microsoft.Azure.Management.VideoAnalyzer\tests\ScenarioTests\VideosTests.cs(39,21): error CS0103: The name 'Assert' does not exist in the current context
C:\gh\azure-sdk-for-net\sdk\videoanalyzer\Microsoft.Azure.Management.VideoAnalyzer\tests\ScenarioTests\VideosTests.cs(41,21): error CS0518: Predefined type 'System.Void' is not defined or imported
C:\gh\azure-sdk-for-net\sdk\videoanalyzer\Microsoft.Azure.Management.VideoAnalyzer\tests\ScenarioTests\VideosTests.cs(43,30): error CS0246: The type or namespace name 'IPage<>' could not be found (are you missing a using directive or an assembly reference?)
C:\gh\azure-sdk-for-net\sdk\videoanalyzer\Microsoft.Azure.Management.VideoAnalyzer\tests\ScenarioTests\VideosTests.cs(43,30): error CS0518: Predefined type 'System.String' is not defined or imported
C:\gh\azure-sdk-for-net\sdk\videoanalyzer\Microsoft.Azure.Management.VideoAnalyzer\tests\ScenarioTests\VideosTests.cs(44,21): error CS0518: Predefined type 'System.Object' is not defined or imported
C:\gh\azure-sdk-for-net\sdk\videoanalyzer\Microsoft.Azure.Management.VideoAnalyzer\tests\ScenarioTests\VideosTests.cs(44,21): error CS0103: The name 'Assert' does not exist in the current context
C:\gh\azure-sdk-for-net\sdk\videoanalyzer\Microsoft.Azure.Management.VideoAnalyzer\tests\ScenarioTests\VideosTests.cs(48,21): error CS0518: Predefined type 'System.Object' is not defined or imported
C:\gh\azure-sdk-for-net\sdk\videoanalyzer\Microsoft.Azure.Management.VideoAnalyzer\tests\ScenarioTests\VideosTests.cs(16,18): error CS0518: Predefined type 'System.Void' is not defined or imported
C:\gh\azure-sdk-for-net\sdk\videoanalyzer\Microsoft.Azure.Management.VideoAnalyzer\tests\Helpers\RecordedDelegatingHandler.cs(51,17): error CS0518: Predefined type 'System.Boolean' is not defined or imported
C:\gh\azure-sdk-for-net\sdk\videoanalyzer\Microsoft.Azure.Management.VideoAnalyzer\tests\Helpers\RecordedDelegatingHandler.cs(51,17): error CS0518: Predefined type 'System.Boolean' is not defined or imported
C:\gh\azure-sdk-for-net\sdk\videoanalyzer\Microsoft.Azure.Management.VideoAnalyzer\tests\Helpers\RecordedDelegatingHandler.cs(53,27): error CS0518: Predefined type 'System.String' is not defined or imported
C:\gh\azure-sdk-for-net\sdk\videoanalyzer\Microsoft.Azure.Management.VideoAnalyzer\tests\Helpers\RecordedDelegatingHandler.cs(60,17): error CS0518: Predefined type 'System.Boolean' is not defined or imported
C:\gh\azure-sdk-for-net\sdk\videoanalyzer\Microsoft.Azure.Management.VideoAnalyzer\tests\Helpers\RecordedDelegatingHandler.cs(60,17): error CS0518: Predefined type 'System.Boolean' is not defined or imported
C:\gh\azure-sdk-for-net\sdk\videoanalyzer\Microsoft.Azure.Management.VideoAnalyzer\tests\Helpers\RecordedDelegatingHandler.cs(68,17): error CS0518: Predefined type 'System.Boolean' is not defined or imported
C:\gh\azure-sdk-for-net\sdk\videoanalyzer\Microsoft.Azure.Management.VideoAnalyzer\tests\Helpers\RecordedDelegatingHandler.cs(74,21): error CS0518: Predefined type 'System.Boolean' is not defined or imported
C:\gh\azure-sdk-for-net\sdk\videoanalyzer\Microsoft.Azure.Management.VideoAnalyzer\tests\Helpers\RecordedDelegatingHandler.cs(74,53): error CS0518: Predefined type 'System.Int32' is not defined or imported
C:\gh\azure-sdk-for-net\sdk\videoanalyzer\Microsoft.Azure.Management.VideoAnalyzer\tests\Helpers\RecordedDelegatingHandler.cs(74,42): error CS0518: Predefined type 'System.Boolean' is not defined or imported
C:\gh\azure-sdk-for-net\sdk\videoanalyzer\Microsoft.Azure.Management.VideoAnalyzer\tests\Helpers\RecordedDelegatingHandler.cs(74,21): error CS0518: Predefined type 'System.Boolean' is not defined or imported
C:\gh\azure-sdk-for-net\sdk\videoanalyzer\Microsoft.Azure.Management.VideoAnalyzer\tests\Helpers\RecordedDelegatingHandler.cs(81,35): error CS0518: Predefined type 'System.Int32' is not defined or imported
C:\gh\azure-sdk-for-net\sdk\videoanalyzer\Microsoft.Azure.Management.VideoAnalyzer\tests\Helpers\RecordedDelegatingHandler.cs(81,25): error CS0518: Predefined type 'System.Boolean' is not defined or imported
C:\gh\azure-sdk-for-net\sdk\videoanalyzer\Microsoft.Azure.Management.VideoAnalyzer\tests\Helpers\RecordedDelegatingHandler.cs(81,25): error CS0518: Predefined type 'System.Boolean' is not defined or imported
C:\gh\azure-sdk-for-net\sdk\videoanalyzer\Microsoft.Azure.Management.VideoAnalyzer\tests\Helpers\RecordedDelegatingHandler.cs(83,21): error CS0518: Predefined type 'System.Object' is not defined or imported
C:\gh\azure-sdk-for-net\sdk\videoanalyzer\Microsoft.Azure.Management.VideoAnalyzer\tests\Helpers\RecordedDelegatingHandler.cs(83,21): error CS0246: The type or namespace name 'HttpResponseMessage' could not be found (are you missing a using directive or an assembly reference?)
C:\gh\azure-sdk-for-net\sdk\videoanalyzer\Microsoft.Azure.Management.VideoAnalyzer\tests\Helpers\RecordedDelegatingHandler.cs(83,56): error CS0518: Predefined type 'System.Object' is not defined or imported
C:\gh\azure-sdk-for-net\sdk\videoanalyzer\Microsoft.Azure.Management.VideoAnalyzer\tests\Helpers\RecordedDelegatingHandler.cs(83,56): error CS0246: The type or namespace name 'HttpResponseMessage' could not be found (are you missing a using directive or an assembly reference?)
C:\gh\azure-sdk-for-net\sdk\videoanalyzer\Microsoft.Azure.Management.VideoAnalyzer\tests\Helpers\RecordedDelegatingHandler.cs(84,44): error CS0518: Predefined type 'System.Object' is not defined or imported
C:\gh\azure-sdk-for-net\sdk\videoanalyzer\Microsoft.Azure.Management.VideoAnalyzer\tests\Helpers\RecordedDelegatingHandler.cs(84,44): error CS0246: The type or namespace name 'StringContent' could not be found (are you missing a using directive or an assembly reference?)
C:\gh\azure-sdk-for-net\sdk\videoanalyzer\Microsoft.Azure.Management.VideoAnalyzer\tests\Helpers\RecordedDelegatingHandler.cs(84,58): error CS0518: Predefined type 'System.String' is not defined or imported
C:\gh\azure-sdk-for-net\sdk\videoanalyzer\Microsoft.Azure.Management.VideoAnalyzer\tests\ScenarioTests\EdgeModulesTests.cs(21,13): error CS0518: Predefined type 'System.IDisposable' is not defined or imported
C:\gh\azure-sdk-for-net\sdk\videoanalyzer\Microsoft.Azure.Management.VideoAnalyzer\tests\ScenarioTests\EdgeModulesTests.cs(21,20): error CS0518: Predefined type 'System.Object' is not defined or imported
C:\gh\azure-sdk-for-net\sdk\videoanalyzer\Microsoft.Azure.Management.VideoAnalyzer\tests\ScenarioTests\EdgeModulesTests.cs(21,20): error CS0246: The type or namespace name 'MockContext' could not be found (are you missing a using directive or an assembly reference?)
C:\gh\azure-sdk-for-net\sdk\videoanalyzer\Microsoft.Azure.Management.VideoAnalyzer\tests\ScenarioTests\EdgeModulesTests.cs(21,47): error CS0518: Predefined type 'System.Object' is not defined or imported
C:\gh\azure-sdk-for-net\sdk\videoanalyzer\Microsoft.Azure.Management.VideoAnalyzer\tests\ScenarioTests\EdgeModulesTests.cs(21,89): error CS0518: Predefined type 'System.Object' is not defined or imported
C:\gh\azure-sdk-for-net\sdk\videoanalyzer\Microsoft.Azure.Management.VideoAnalyzer\tests\ScenarioTests\EdgeModulesTests.cs(21,89): error CS1061: 'EdgeModulesTest' does not contain a definition for 'GetType' and no accessible extension method 'GetType' accepting a first argument of type 'EdgeModulesTest' could be found (are you missing a using directive or an assembly reference?)
C:\gh\azure-sdk-for-net\sdk\videoanalyzer\Microsoft.Azure.Management.VideoAnalyzer\tests\ScenarioTests\EdgeModulesTests.cs(25,21): error CS0518: Predefined type 'System.Object' is not defined or imported
C:\gh\azure-sdk-for-net\sdk\videoanalyzer\Microsoft.Azure.Management.VideoAnalyzer\tests\ScenarioTests\EdgeModulesTests.cs(27,39): error CS0246: The type or namespace name 'IPage<>' could not be found (are you missing a using directive or an assembly reference?)
C:\gh\azure-sdk-for-net\sdk\videoanalyzer\Microsoft.Azure.Management.VideoAnalyzer\tests\ScenarioTests\EdgeModulesTests.cs(27,39): error CS0518: Predefined type 'System.String' is not defined or imported
C:\gh\azure-sdk-for-net\sdk\videoanalyzer\Microsoft.Azure.Management.VideoAnalyzer\tests\ScenarioTests\EdgeModulesTests.cs(28,21): error CS0518: Predefined type 'System.Object' is not defined or imported
C:\gh\azure-sdk-for-net\sdk\videoanalyzer\Microsoft.Azure.Management.VideoAnalyzer\tests\ScenarioTests\EdgeModulesTests.cs(28,21): error CS0103: The name 'Assert' does not exist in the current context
C:\gh\azure-sdk-for-net\sdk\videoanalyzer\Microsoft.Azure.Management.VideoAnalyzer\tests\ScenarioTests\EdgeModulesTests.cs(30,42): error CS0518: Predefined type 'System.Object' is not defined or imported
C:\gh\azure-sdk-for-net\sdk\videoanalyzer\Microsoft.Azure.Management.VideoAnalyzer\tests\ScenarioTests\EdgeModulesTests.cs(30,42): error CS0103: The name 'TestUtilities' does not exist in the current context
C:\gh\azure-sdk-for-net\sdk\videoanalyzer\Microsoft.Azure.Management.VideoAnalyzer\tests\ScenarioTests\EdgeModulesTests.cs(30,69): error CS0518: Predefined type 'System.String' is not defined or imported
C:\gh\azure-sdk-for-net\sdk\videoanalyzer\Microsoft.Azure.Management.VideoAnalyzer\tests\ScenarioTests\EdgeModulesTests.cs(31,21): error CS0518: Predefined type 'System.String' is not defined or imported
C:\gh\azure-sdk-for-net\sdk\videoanalyzer\Microsoft.Azure.Management.VideoAnalyzer\tests\ScenarioTests\EdgeModulesTests.cs(33,38): error CS0518: Predefined type 'System.String' is not defined or imported
C:\gh\azure-sdk-for-net\sdk\videoanalyzer\Microsoft.Azure.Management.VideoAnalyzer\tests\ScenarioTests\EdgeModulesTests.cs(34,21): error CS0518: Predefined type 'System.Object' is not defined or imported
C:\gh\azure-sdk-for-net\sdk\videoanalyzer\Microsoft.Azure.Management.VideoAnalyzer\tests\ScenarioTests\EdgeModulesTests.cs(34,21): error CS0103: The name 'Assert' does not exist in the current context
C:\gh\azure-sdk-for-net\sdk\videoanalyzer\Microsoft.Azure.Management.VideoAnalyzer\tests\ScenarioTests\EdgeModulesTests.cs(35,21): error CS0518: Predefined type 'System.Object' is not defined or imported
C:\gh\azure-sdk-for-net\sdk\videoanalyzer\Microsoft.Azure.Management.VideoAnalyzer\tests\ScenarioTests\EdgeModulesTests.cs(35,21): error CS0103: The name 'Assert' does not exist in the current context
C:\gh\azure-sdk-for-net\sdk\videoanalyzer\Microsoft.Azure.Management.VideoAnalyzer\tests\ScenarioTests\EdgeModulesTests.cs(37,35): error CS0246: The type or namespace name 'IPage<>' could not be found (are you missing a using directive or an assembly reference?)
C:\gh\azure-sdk-for-net\sdk\videoanalyzer\Microsoft.Azure.Management.VideoAnalyzer\tests\ScenarioTests\EdgeModulesTests.cs(37,35): error CS0518: Predefined type 'System.String' is not defined or imported
C:\gh\azure-sdk-for-net\sdk\videoanalyzer\Microsoft.Azure.Management.VideoAnalyzer\tests\ScenarioTests\EdgeModulesTests.cs(38,21): error CS0518: Predefined type 'System.Object' is not defined or imported
C:\gh\azure-sdk-for-net\sdk\videoanalyzer\Microsoft.Azure.Management.VideoAnalyzer\tests\ScenarioTests\EdgeModulesTests.cs(38,21): error CS0103: The name 'Assert' does not exist in the current context
C:\gh\azure-sdk-for-net\sdk\videoanalyzer\Microsoft.Azure.Management.VideoAnalyzer\tests\ScenarioTests\EdgeModulesTests.cs(39,21): error CS0518: Predefined type 'System.Object' is not defined or imported
C:\gh\azure-sdk-for-net\sdk\videoanalyzer\Microsoft.Azure.Management.VideoAnalyzer\tests\ScenarioTests\EdgeModulesTests.cs(39,21): error CS0103: The name 'Assert' does not exist in the current context
C:\gh\azure-sdk-for-net\sdk\videoanalyzer\Microsoft.Azure.Management.VideoAnalyzer\tests\ScenarioTests\EdgeModulesTests.cs(41,21): error CS0518: Predefined type 'System.Void' is not defined or imported
C:\gh\azure-sdk-for-net\sdk\videoanalyzer\Microsoft.Azure.Management.VideoAnalyzer\tests\ScenarioTests\EdgeModulesTests.cs(43,35): error CS0246: The type or namespace name 'IPage<>' could not be found (are you missing a using directive or an assembly reference?)
C:\gh\azure-sdk-for-net\sdk\videoanalyzer\Microsoft.Azure.Management.VideoAnalyzer\tests\ScenarioTests\EdgeModulesTests.cs(43,35): error CS0518: Predefined type 'System.String' is not defined or imported
C:\gh\azure-sdk-for-net\sdk\videoanalyzer\Microsoft.Azure.Management.VideoAnalyzer\tests\ScenarioTests\EdgeModulesTests.cs(44,21): error CS0518: Predefined type 'System.Object' is not defined or imported
C:\gh\azure-sdk-for-net\sdk\videoanalyzer\Microsoft.Azure.Management.VideoAnalyzer\tests\ScenarioTests\EdgeModulesTests.cs(44,21): error CS0103: The name 'Assert' does not exist in the current context
C:\gh\azure-sdk-for-net\sdk\videoanalyzer\Microsoft.Azure.Management.VideoAnalyzer\tests\ScenarioTests\EdgeModulesTests.cs(48,21): error CS0518: Predefined type 'System.Object' is not defined or imported
C:\gh\azure-sdk-for-net\sdk\videoanalyzer\Microsoft.Azure.Management.VideoAnalyzer\tests\ScenarioTests\EdgeModulesTests.cs(16,18): error CS0518: Predefined type 'System.Void' is not defined or imported
C:\gh\azure-sdk-for-net\sdk\videoanalyzer\Microsoft.Azure.Management.VideoAnalyzer\tests\Helpers\VideoAnalyzerManagementTestUtilities.cs(71,17): error CS0518: Predefined type 'System.Boolean' is not defined or imported
C:\gh\azure-sdk-for-net\sdk\videoanalyzer\Microsoft.Azure.Management.VideoAnalyzer\tests\Helpers\VideoAnalyzerManagementTestUtilities.cs(77,41): error CS0518: Predefined type 'System.Boolean' is not defined or imported
C:\gh\azure-sdk-for-net\sdk\videoanalyzer\Microsoft.Azure.Management.VideoAnalyzer\tests\Helpers\VideoAnalyzerManagementTestUtilities.cs(78,17): error CS0518: Predefined type 'System.Object' is not defined or imported
C:\gh\azure-sdk-for-net\sdk\videoanalyzer\Microsoft.Azure.Management.VideoAnalyzer\tests\Helpers\VideoAnalyzerManagementTestUtilities.cs(78,17): error CS0246: The type or namespace name 'StorageManagementClient' could not be found (are you missing a using directive or an assembly reference?)
C:\gh\azure-sdk-for-net\sdk\videoanalyzer\Microsoft.Azure.Management.VideoAnalyzer\tests\Helpers\VideoAnalyzerManagementTestUtilities.cs(78,82): error CS0518: Predefined type 'System.Object' is not defined or imported
C:\gh\azure-sdk-for-net\sdk\videoanalyzer\Microsoft.Azure.Management.VideoAnalyzer\tests\Helpers\VideoAnalyzerManagementTestUtilities.cs(78,82): error CS0246: The type or namespace name 'StorageManagementClient' could not be found (are you missing a using directive or an assembly reference?)
C:\gh\azure-sdk-for-net\sdk\videoanalyzer\Microsoft.Azure.Management.VideoAnalyzer\tests\ScenarioTests\VideoAnalyzerTests.cs(53,13): error CS0518: Predefined type 'System.IDisposable' is not defined or imported
C:\gh\azure-sdk-for-net\sdk\videoanalyzer\Microsoft.Azure.Management.VideoAnalyzer\tests\ScenarioTests\VideoAnalyzerTests.cs(53,20): error CS0518: Predefined type 'System.Object' is not defined or imported
C:\gh\azure-sdk-for-net\sdk\videoanalyzer\Microsoft.Azure.Management.VideoAnalyzer\tests\ScenarioTests\VideoAnalyzerTests.cs(53,20): error CS0246: The type or namespace name 'MockContext' could not be found (are you missing a using directive or an assembly reference?)
C:\gh\azure-sdk-for-net\sdk\videoanalyzer\Microsoft.Azure.Management.VideoAnalyzer\tests\ScenarioTests\VideoAnalyzerTests.cs(53,47): error CS0518: Predefined type 'System.Object' is not defined or imported
C:\gh\azure-sdk-for-net\sdk\videoanalyzer\Microsoft.Azure.Management.VideoAnalyzer\tests\ScenarioTests\VideoAnalyzerTests.cs(53,89): error CS0518: Predefined type 'System.Object' is not defined or imported
C:\gh\azure-sdk-for-net\sdk\videoanalyzer\Microsoft.Azure.Management.VideoAnalyzer\tests\ScenarioTests\VideoAnalyzerTests.cs(53,89): error CS1061: 'VideoAnalyzerTests' does not contain a definition for 'GetType' and no accessible extension method 'GetType' accepting a first argument of type 'VideoAnalyzerTests' could be found (are you missing a using directive or an assembly reference?)
C:\gh\azure-sdk-for-net\sdk\videoanalyzer\Microsoft.Azure.Management.VideoAnalyzer\tests\ScenarioTests\VideoAnalyzerTests.cs(57,42): error CS0518: Predefined type 'System.String' is not defined or imported
C:\gh\azure-sdk-for-net\sdk\videoanalyzer\Microsoft.Azure.Management.VideoAnalyzer\tests\ScenarioTests\VideoAnalyzerTests.cs(57,42): error CS0246: The type or namespace name 'IPage<>' could not be found (are you missing a using directive or an assembly reference?)
C:\gh\azure-sdk-for-net\sdk\videoanalyzer\Microsoft.Azure.Management.VideoAnalyzer\tests\ScenarioTests\VideoAnalyzerTests.cs(58,21): error CS0518: Predefined type 'System.Object' is not defined or imported
C:\gh\azure-sdk-for-net\sdk\videoanalyzer\Microsoft.Azure.Management.VideoAnalyzer\tests\ScenarioTests\VideoAnalyzerTests.cs(58,21): error CS0103: The name 'Assert' does not exist in the current context
C:\gh\azure-sdk-for-net\sdk\videoanalyzer\Microsoft.Azure.Management.VideoAnalyzer\tests\ScenarioTests\VideoAnalyzerTests.cs(60,21): error CS0518: Predefined type 'System.Object' is not defined or imported
C:\gh\azure-sdk-for-net\sdk\videoanalyzer\Microsoft.Azure.Management.VideoAnalyzer\tests\ScenarioTests\VideoAnalyzerTests.cs(62,36): error CS0518: Predefined type 'System.Object' is not defined or imported
C:\gh\azure-sdk-for-net\sdk\videoanalyzer\Microsoft.Azure.Management.VideoAnalyzer\tests\ScenarioTests\VideoAnalyzerTests.cs(62,73): error CS0518: Predefined type 'System.Object' is not defined or imported
C:\gh\azure-sdk-for-net\sdk\videoanalyzer\Microsoft.Azure.Management.VideoAnalyzer\tests\ScenarioTests\VideoAnalyzerTests.cs(62,104): error CS0518: Predefined type 'System.Object' is not defined or imported
C:\gh\azure-sdk-for-net\sdk\videoanalyzer\Microsoft.Azure.Management.VideoAnalyzer\tests\ScenarioTests\VideoAnalyzerTests.cs(63,75): error CS0518: Predefined type 'System.String' is not defined or imported
C:\gh\azure-sdk-for-net\sdk\videoanalyzer\Microsoft.Azure.Management.VideoAnalyzer\tests\ScenarioTests\VideoAnalyzerTests.cs(63,80): error CS0518: Predefined type 'System.String' is not defined or imported
C:\gh\azure-sdk-for-net\sdk\videoanalyzer\Microsoft.Azure.Management.VideoAnalyzer\tests\ScenarioTests\VideoAnalyzerTests.cs(65,38): error CS0518: Predefined type 'System.String' is not defined or imported
C:\gh\azure-sdk-for-net\sdk\videoanalyzer\Microsoft.Azure.Management.VideoAnalyzer\tests\ScenarioTests\VideoAnalyzerTests.cs(65,38): error CS0246: The type or namespace name 'IPage<>' could not be found (are you missing a using directive or an assembly reference?)
C:\gh\azure-sdk-for-net\sdk\videoanalyzer\Microsoft.Azure.Management.VideoAnalyzer\tests\ScenarioTests\VideoAnalyzerTests.cs(66,21): error CS0518: Predefined type 'System.Object' is not defined or imported
C:\gh\azure-sdk-for-net\sdk\videoanalyzer\Microsoft.Azure.Management.VideoAnalyzer\tests\ScenarioTests\VideoAnalyzerTests.cs(66,21): error CS0103: The name 'Assert' does not exist in the current context
C:\gh\azure-sdk-for-net\sdk\videoanalyzer\Microsoft.Azure.Management.VideoAnalyzer\tests\ScenarioTests\VideoAnalyzerTests.cs(70,21): error CS0518: Predefined type 'System.Object' is not defined or imported
C:\gh\azure-sdk-for-net\sdk\videoanalyzer\Microsoft.Azure.Management.VideoAnalyzer\tests\Helpers\VideoAnalyzerManagementTestUtilities.cs(85,17): error CS0518: Predefined type 'System.Boolean' is not defined or imported
C:\gh\azure-sdk-for-net\sdk\videoanalyzer\Microsoft.Azure.Management.VideoAnalyzer\tests\Helpers\VideoAnalyzerManagementTestUtilities.cs(91,41): error CS0518: Predefined type 'System.Boolean' is not defined or imported
C:\gh\azure-sdk-for-net\sdk\videoanalyzer\Microsoft.Azure.Management.VideoAnalyzer\tests\Helpers\VideoAnalyzerManagementTestUtilities.cs(92,17): error CS0518: Predefined type 'System.Object' is not defined or imported
C:\gh\azure-sdk-for-net\sdk\videoanalyzer\Microsoft.Azure.Management.VideoAnalyzer\tests\Helpers\VideoAnalyzerManagementTestUtilities.cs(92,17): error CS0246: The type or namespace name 'ManagedServiceIdentityClient' could not be found (are you missing a using directive or an assembly reference?)
C:\gh\azure-sdk-for-net\sdk\videoanalyzer\Microsoft.Azure.Management.VideoAnalyzer\tests\Helpers\VideoAnalyzerManagementTestUtilities.cs(92,95): error CS0518: Predefined type 'System.Object' is not defined or imported
C:\gh\azure-sdk-for-net\sdk\videoanalyzer\Microsoft.Azure.Management.VideoAnalyzer\tests\Helpers\VideoAnalyzerManagementTestUtilities.cs(92,95): error CS0246: The type or namespace name 'ManagedServiceIdentityClient' could not be found (are you missing a using directive or an assembly reference?)
C:\gh\azure-sdk-for-net\sdk\videoanalyzer\Microsoft.Azure.Management.VideoAnalyzer\tests\ScenarioTests\VideoAnalyzerTestBase.cs(48,13): error CS0518: Predefined type 'System.Object' is not defined or imported
C:\gh\azure-sdk-for-net\sdk\videoanalyzer\Microsoft.Azure.Management.VideoAnalyzer\tests\ScenarioTests\VideoAnalyzerTestBase.cs(48,13): error CS0246: The type or namespace name 'MockContext' could not be found (are you missing a using directive or an assembly reference?)
C:\gh\azure-sdk-for-net\sdk\videoanalyzer\Microsoft.Azure.Management.VideoAnalyzer\tests\ScenarioTests\VideoAnalyzerTestBase.cs(48,35): error CS0518: Predefined type 'System.Object' is not defined or imported
C:\gh\azure-sdk-for-net\sdk\videoanalyzer\Microsoft.Azure.Management.VideoAnalyzer\tests\ScenarioTests\VideoAnalyzerTestBase.cs(48,35): error CS0103: The name 'MockContext' does not exist in the current context
C:\gh\azure-sdk-for-net\sdk\videoanalyzer\Microsoft.Azure.Management.VideoAnalyzer\tests\ScenarioTests\VideoAnalyzerTestBase.cs(50,32): error CS0518: Predefined type 'System.Object' is not defined or imported
C:\gh\azure-sdk-for-net\sdk\videoanalyzer\Microsoft.Azure.Management.VideoAnalyzer\tests\ScenarioTests\VideoAnalyzerTestBase.cs(50,81): error CS0518: Predefined type 'System.Object' is not defined or imported
C:\gh\azure-sdk-for-net\sdk\videoanalyzer\Microsoft.Azure.Management.VideoAnalyzer\tests\ScenarioTests\VideoAnalyzerTestBase.cs(50,81): error CS0103: The name 'HttpStatusCode' does not exist in the current context
C:\gh\azure-sdk-for-net\sdk\videoanalyzer\Microsoft.Azure.Management.VideoAnalyzer\tests\ScenarioTests\VideoAnalyzerTestBase.cs(51,32): error CS0518: Predefined type 'System.Object' is not defined or imported
C:\gh\azure-sdk-for-net\sdk\videoanalyzer\Microsoft.Azure.Management.VideoAnalyzer\tests\ScenarioTests\VideoAnalyzerTestBase.cs(51,81): error CS0518: Predefined type 'System.Object' is not defined or imported
C:\gh\azure-sdk-for-net\sdk\videoanalyzer\Microsoft.Azure.Management.VideoAnalyzer\tests\ScenarioTests\VideoAnalyzerTestBase.cs(51,81): error CS0103: The name 'HttpStatusCode' does not exist in the current context
C:\gh\azure-sdk-for-net\sdk\videoanalyzer\Microsoft.Azure.Management.VideoAnalyzer\tests\ScenarioTests\VideoAnalyzerTestBase.cs(52,32): error CS0518: Predefined type 'System.Object' is not defined or imported
C:\gh\azure-sdk-for-net\sdk\videoanalyzer\Microsoft.Azure.Management.VideoAnalyzer\tests\ScenarioTests\VideoAnalyzerTestBase.cs(52,81): error CS0518: Predefined type 'System.Object' is not defined or imported
C:\gh\azure-sdk-for-net\sdk\videoanalyzer\Microsoft.Azure.Management.VideoAnalyzer\tests\ScenarioTests\VideoAnalyzerTestBase.cs(52,81): error CS0103: The name 'HttpStatusCode' does not exist in the current context
C:\gh\azure-sdk-for-net\sdk\videoanalyzer\Microsoft.Azure.Management.VideoAnalyzer\tests\ScenarioTests\VideoAnalyzerTestBase.cs(53,32): error CS0518: Predefined type 'System.Object' is not defined or imported
C:\gh\azure-sdk-for-net\sdk\videoanalyzer\Microsoft.Azure.Management.VideoAnalyzer\tests\ScenarioTests\VideoAnalyzerTestBase.cs(53,81): error CS0518: Predefined type 'System.Object' is not defined or imported
C:\gh\azure-sdk-for-net\sdk\videoanalyzer\Microsoft.Azure.Management.VideoAnalyzer\tests\ScenarioTests\VideoAnalyzerTestBase.cs(53,81): error CS0103: The name 'HttpStatusCode' does not exist in the current context
C:\gh\azure-sdk-for-net\sdk\videoanalyzer\Microsoft.Azure.Management.VideoAnalyzer\tests\ScenarioTests\VideoAnalyzerTestBase.cs(54,32): error CS0518: Predefined type 'System.Object' is not defined or imported
C:\gh\azure-sdk-for-net\sdk\videoanalyzer\Microsoft.Azure.Management.VideoAnalyzer\tests\ScenarioTests\VideoAnalyzerTestBase.cs(54,81): error CS0518: Predefined type 'System.Object' is not defined or imported
C:\gh\azure-sdk-for-net\sdk\videoanalyzer\Microsoft.Azure.Management.VideoAnalyzer\tests\ScenarioTests\VideoAnalyzerTestBase.cs(54,81): error CS0103: The name 'HttpStatusCode' does not exist in the current context
C:\gh\azure-sdk-for-net\sdk\videoanalyzer\Microsoft.Azure.Management.VideoAnalyzer\tests\ScenarioTests\VideoAnalyzerTestBase.cs(57,35): error CS0518: Predefined type 'System.Object' is not defined or imported
C:\gh\azure-sdk-for-net\sdk\videoanalyzer\Microsoft.Azure.Management.VideoAnalyzer\tests\ScenarioTests\VideoAnalyzerTestBase.cs(57,72): error CS0518: Predefined type 'System.Object' is not defined or imported
C:\gh\azure-sdk-for-net\sdk\videoanalyzer\Microsoft.Azure.Management.VideoAnalyzer\tests\ScenarioTests\VideoAnalyzerTestBase.cs(58,30): error CS0518: Predefined type 'System.Object' is not defined or imported
C:\gh\azure-sdk-for-net\sdk\videoanalyzer\Microsoft.Azure.Management.VideoAnalyzer\tests\ScenarioTests\VideoAnalyzerTestBase.cs(58,67): error CS0518: Predefined type 'System.Object' is not defined or imported
C:\gh\azure-sdk-for-net\sdk\videoanalyzer\Microsoft.Azure.Management.VideoAnalyzer\tests\ScenarioTests\VideoAnalyzerTestBase.cs(59,29): error CS0518: Predefined type 'System.Object' is not defined or imported
C:\gh\azure-sdk-for-net\sdk\videoanalyzer\Microsoft.Azure.Management.VideoAnalyzer\tests\ScenarioTests\VideoAnalyzerTestBase.cs(59,66): error CS0518: Predefined type 'System.Object' is not defined or imported
C:\gh\azure-sdk-for-net\sdk\videoanalyzer\Microsoft.Azure.Management.VideoAnalyzer\tests\ScenarioTests\VideoAnalyzerTestBase.cs(60,40): error CS0518: Predefined type 'System.Object' is not defined or imported
C:\gh\azure-sdk-for-net\sdk\videoanalyzer\Microsoft.Azure.Management.VideoAnalyzer\tests\ScenarioTests\VideoAnalyzerTestBase.cs(60,77): error CS0518: Predefined type 'System.Object' is not defined or imported
C:\gh\azure-sdk-for-net\sdk\videoanalyzer\Microsoft.Azure.Management.VideoAnalyzer\tests\ScenarioTests\VideoAnalyzerTestBase.cs(61,45): error CS0518: Predefined type 'System.Object' is not defined or imported
C:\gh\azure-sdk-for-net\sdk\videoanalyzer\Microsoft.Azure.Management.VideoAnalyzer\tests\ScenarioTests\VideoAnalyzerTestBase.cs(61,82): error CS0518: Predefined type 'System.Object' is not defined or imported
C:\gh\azure-sdk-for-net\sdk\videoanalyzer\Microsoft.Azure.Management.VideoAnalyzer\tests\ScenarioTests\VideoAnalyzerTestBase.cs(63,24): error CS0518: Predefined type 'System.Object' is not defined or imported
C:\gh\azure-sdk-for-net\sdk\videoanalyzer\Microsoft.Azure.Management.VideoAnalyzer\tests\ScenarioTests\VideoAnalyzerTestBase.cs(63,61): error CS0518: Predefined type 'System.Object' is not defined or imported
C:\gh\azure-sdk-for-net\sdk\videoanalyzer\Microsoft.Azure.Management.VideoAnalyzer\tests\ScenarioTests\VideoAnalyzerTestBase.cs(63,92): error CS0518: Predefined type 'System.Object' is not defined or imported
C:\gh\azure-sdk-for-net\sdk\videoanalyzer\Microsoft.Azure.Management.VideoAnalyzer\tests\ScenarioTests\VideoAnalyzerTestBase.cs(65,29): error CS0518: Predefined type 'System.Object' is not defined or imported
C:\gh\azure-sdk-for-net\sdk\videoanalyzer\Microsoft.Azure.Management.VideoAnalyzer\tests\ScenarioTests\VideoAnalyzerTestBase.cs(65,66): error CS0518: Predefined type 'System.Object' is not defined or imported
C:\gh\azure-sdk-for-net\sdk\videoanalyzer\Microsoft.Azure.Management.VideoAnalyzer\tests\ScenarioTests\VideoAnalyzerTestBase.cs(68,30): error CS0518: Predefined type 'System.Object' is not defined or imported
C:\gh\azure-sdk-for-net\sdk\videoanalyzer\Microsoft.Azure.Management.VideoAnalyzer\tests\ScenarioTests\VideoAnalyzerTestBase.cs(68,67): error CS0518: Predefined type 'System.Object' is not defined or imported
C:\gh\azure-sdk-for-net\sdk\videoanalyzer\Microsoft.Azure.Management.VideoAnalyzer\tests\ScenarioTests\VideoAnalyzerTestBase.cs(70,31): error CS0518: Predefined type 'System.Object' is not defined or imported
C:\gh\azure-sdk-for-net\sdk\videoanalyzer\Microsoft.Azure.Management.VideoAnalyzer\tests\ScenarioTests\VideoAnalyzerTestBase.cs(70,68): error CS0518: Predefined type 'System.Object' is not defined or imported
C:\gh\azure-sdk-for-net\sdk\videoanalyzer\Microsoft.Azure.Management.VideoAnalyzer\tests\ScenarioTests\VideoAnalyzerTestBase.cs(71,13): error CS0518: Predefined type 'System.Object' is not defined or imported
C:\gh\azure-sdk-for-net\sdk\videoanalyzer\Microsoft.Azure.Management.VideoAnalyzer\tests\ScenarioTests\VideoAnalyzerTestBase.cs(71,50): error CS0518: Predefined type 'System.Object' is not defined or imported
C:\gh\azure-sdk-for-net\sdk\videoanalyzer\Microsoft.Azure.Management.VideoAnalyzer\tests\ScenarioTests\VideoAnalyzerTestBase.cs(71,118): error CS0518: Predefined type 'System.String' is not defined or imported
C:\gh\azure-sdk-for-net\sdk\videoanalyzer\Microsoft.Azure.Management.VideoAnalyzer\tests\ScenarioTests\VideoAnalyzerTestBase.cs(71,151): error CS0518: Predefined type 'System.Object' is not defined or imported
C:\gh\azure-sdk-for-net\sdk\videoanalyzer\Microsoft.Azure.Management.VideoAnalyzer\tests\ScenarioTests\VideoAnalyzerTestBase.cs(71,151): error CS0103: The name 'TestUtilities' does not exist in the current context
C:\gh\azure-sdk-for-net\sdk\videoanalyzer\Microsoft.Azure.Management.VideoAnalyzer\tests\Helpers\VideoAnalyzerManagementTestUtilities.cs(99,17): error CS0518: Predefined type 'System.Boolean' is not defined or imported
C:\gh\azure-sdk-for-net\sdk\videoanalyzer\Microsoft.Azure.Management.VideoAnalyzer\tests\Helpers\VideoAnalyzerManagementTestUtilities.cs(105,41): error CS0518: Predefined type 'System.Boolean' is not defined or imported
C:\gh\azure-sdk-for-net\sdk\videoanalyzer\Microsoft.Azure.Management.VideoAnalyzer\tests\Helpers\VideoAnalyzerManagementTestUtilities.cs(106,17): error CS0518: Predefined type 'System.Object' is not defined or imported
C:\gh\azure-sdk-for-net\sdk\videoanalyzer\Microsoft.Azure.Management.VideoAnalyzer\tests\Helpers\VideoAnalyzerManagementTestUtilities.cs(106,17): error CS0246: The type or namespace name 'AuthorizationManagementClient' could not be found (are you missing a using directive or an assembly reference?)
C:\gh\azure-sdk-for-net\sdk\videoanalyzer\Microsoft.Azure.Management.VideoAnalyzer\tests\Helpers\VideoAnalyzerManagementTestUtilities.cs(106,104): error CS0518: Predefined type 'System.Object' is not defined or imported
C:\gh\azure-sdk-for-net\sdk\videoanalyzer\Microsoft.Azure.Management.VideoAnalyzer\tests\Helpers\VideoAnalyzerManagementTestUtilities.cs(106,104): error CS0246: The type or namespace name 'AuthorizationManagementClient' could not be found (are you missing a using directive or an assembly reference?)
C:\gh\azure-sdk-for-net\sdk\videoanalyzer\Microsoft.Azure.Management.VideoAnalyzer\tests\ScenarioTests\VideoAnalyzerTests.cs(78,13): error CS0518: Predefined type 'System.IDisposable' is not defined or imported
C:\gh\azure-sdk-for-net\sdk\videoanalyzer\Microsoft.Azure.Management.VideoAnalyzer\tests\ScenarioTests\VideoAnalyzerTests.cs(78,20): error CS0518: Predefined type 'System.Object' is not defined or imported
C:\gh\azure-sdk-for-net\sdk\videoanalyzer\Microsoft.Azure.Management.VideoAnalyzer\tests\ScenarioTests\VideoAnalyzerTests.cs(78,20): error CS0246: The type or namespace name 'MockContext' could not be found (are you missing a using directive or an assembly reference?)
C:\gh\azure-sdk-for-net\sdk\videoanalyzer\Microsoft.Azure.Management.VideoAnalyzer\tests\ScenarioTests\VideoAnalyzerTests.cs(78,47): error CS0518: Predefined type 'System.Object' is not defined or imported
C:\gh\azure-sdk-for-net\sdk\videoanalyzer\Microsoft.Azure.Management.VideoAnalyzer\tests\ScenarioTests\VideoAnalyzerTests.cs(78,89): error CS0518: Predefined type 'System.Object' is not defined or imported
C:\gh\azure-sdk-for-net\sdk\videoanalyzer\Microsoft.Azure.Management.VideoAnalyzer\tests\ScenarioTests\VideoAnalyzerTests.cs(78,89): error CS1061: 'VideoAnalyzerTests' does not contain a definition for 'GetType' and no accessible extension method 'GetType' accepting a first argument of type 'VideoAnalyzerTests' could be found (are you missing a using directive or an assembly reference?)
C:\gh\azure-sdk-for-net\sdk\videoanalyzer\Microsoft.Azure.Management.VideoAnalyzer\tests\ScenarioTests\VideoAnalyzerTests.cs(82,42): error CS0518: Predefined type 'System.String' is not defined or imported
C:\gh\azure-sdk-for-net\sdk\videoanalyzer\Microsoft.Azure.Management.VideoAnalyzer\tests\ScenarioTests\VideoAnalyzerTests.cs(82,42): error CS0246: The type or namespace name 'IPage<>' could not be found (are you missing a using directive or an assembly reference?)
C:\gh\azure-sdk-for-net\sdk\videoanalyzer\Microsoft.Azure.Management.VideoAnalyzer\tests\ScenarioTests\VideoAnalyzerTests.cs(83,21): error CS0518: Predefined type 'System.Object' is not defined or imported
C:\gh\azure-sdk-for-net\sdk\videoanalyzer\Microsoft.Azure.Management.VideoAnalyzer\tests\ScenarioTests\VideoAnalyzerTests.cs(83,21): error CS0103: The name 'Assert' does not exist in the current context
C:\gh\azure-sdk-for-net\sdk\videoanalyzer\Microsoft.Azure.Management.VideoAnalyzer\tests\ScenarioTests\VideoAnalyzerTests.cs(85,21): error CS0518: Predefined type 'System.Object' is not defined or imported
C:\gh\azure-sdk-for-net\sdk\videoanalyzer\Microsoft.Azure.Management.VideoAnalyzer\tests\ScenarioTests\VideoAnalyzerTests.cs(87,36): error CS0518: Predefined type 'System.Object' is not defined or imported
C:\gh\azure-sdk-for-net\sdk\videoanalyzer\Microsoft.Azure.Management.VideoAnalyzer\tests\ScenarioTests\VideoAnalyzerTests.cs(87,73): error CS0518: Predefined type 'System.Object' is not defined or imported
C:\gh\azure-sdk-for-net\sdk\videoanalyzer\Microsoft.Azure.Management.VideoAnalyzer\tests\ScenarioTests\VideoAnalyzerTests.cs(87,104): error CS0518: Predefined type 'System.Object' is not defined or imported
C:\gh\azure-sdk-for-net\sdk\videoanalyzer\Microsoft.Azure.Management.VideoAnalyzer\tests\ScenarioTests\VideoAnalyzerTests.cs(88,75): error CS0518: Predefined type 'System.String' is not defined or imported
C:\gh\azure-sdk-for-net\sdk\videoanalyzer\Microsoft.Azure.Management.VideoAnalyzer\tests\ScenarioTests\VideoAnalyzerTests.cs(88,80): error CS0518: Predefined type 'System.String' is not defined or imported
C:\gh\azure-sdk-for-net\sdk\videoanalyzer\Microsoft.Azure.Management.VideoAnalyzer\tests\ScenarioTests\VideoAnalyzerTests.cs(90,38): error CS0518: Predefined type 'System.String' is not defined or imported
C:\gh\azure-sdk-for-net\sdk\videoanalyzer\Microsoft.Azure.Management.VideoAnalyzer\tests\ScenarioTests\VideoAnalyzerTests.cs(90,38): error CS0246: The type or namespace name 'IPage<>' could not be found (are you missing a using directive or an assembly reference?)
C:\gh\azure-sdk-for-net\sdk\videoanalyzer\Microsoft.Azure.Management.VideoAnalyzer\tests\ScenarioTests\VideoAnalyzerTests.cs(91,21): error CS0518: Predefined type 'System.Object' is not defined or imported
C:\gh\azure-sdk-for-net\sdk\videoanalyzer\Microsoft.Azure.Management.VideoAnalyzer\tests\ScenarioTests\VideoAnalyzerTests.cs(91,21): error CS0103: The name 'Assert' does not exist in the current context
C:\gh\azure-sdk-for-net\sdk\videoanalyzer\Microsoft.Azure.Management.VideoAnalyzer\tests\ScenarioTests\VideoAnalyzerTests.cs(93,44): error CS0518: Predefined type 'System.String' is not defined or imported
C:\gh\azure-sdk-for-net\sdk\videoanalyzer\Microsoft.Azure.Management.VideoAnalyzer\tests\ScenarioTests\VideoAnalyzerTests.cs(94,21): error CS0518: Predefined type 'System.Object' is not defined or imported
C:\gh\azure-sdk-for-net\sdk\videoanalyzer\Microsoft.Azure.Management.VideoAnalyzer\tests\ScenarioTests\VideoAnalyzerTests.cs(94,21): error CS0103: The name 'Assert' does not exist in the current context
C:\gh\azure-sdk-for-net\sdk\videoanalyzer\Microsoft.Azure.Management.VideoAnalyzer\tests\ScenarioTests\VideoAnalyzerTests.cs(95,21): error CS0518: Predefined type 'System.Object' is not defined or imported
C:\gh\azure-sdk-for-net\sdk\videoanalyzer\Microsoft.Azure.Management.VideoAnalyzer\tests\ScenarioTests\VideoAnalyzerTests.cs(95,21): error CS0103: The name 'Assert' does not exist in the current context
C:\gh\azure-sdk-for-net\sdk\videoanalyzer\Microsoft.Azure.Management.VideoAnalyzer\tests\ScenarioTests\VideoAnalyzerTests.cs(96,21): error CS0518: Predefined type 'System.Object' is not defined or imported
C:\gh\azure-sdk-for-net\sdk\videoanalyzer\Microsoft.Azure.Management.VideoAnalyzer\tests\ScenarioTests\VideoAnalyzerTests.cs(96,21): error CS0103: The name 'Assert' does not exist in the current context
C:\gh\azure-sdk-for-net\sdk\videoanalyzer\Microsoft.Azure.Management.VideoAnalyzer\tests\ScenarioTests\VideoAnalyzerTests.cs(96,38): error CS0518: Predefined type 'System.Object' is not defined or imported
C:\gh\azure-sdk-for-net\sdk\videoanalyzer\Microsoft.Azure.Management.VideoAnalyzer\tests\ScenarioTests\VideoAnalyzerTests.cs(96,38): error CS0246: The type or namespace name 'Dictionary<,>' could not be found (are you missing a using directive or an assembly reference?)
C:\gh\azure-sdk-for-net\sdk\videoanalyzer\Microsoft.Azure.Management.VideoAnalyzer\tests\ScenarioTests\VideoAnalyzerTests.cs(96,49): error CS0518: Predefined type 'System.String' is not defined or imported
C:\gh\azure-sdk-for-net\sdk\videoanalyzer\Microsoft.Azure.Management.VideoAnalyzer\tests\ScenarioTests\VideoAnalyzerTests.cs(96,57): error CS0518: Predefined type 'System.String' is not defined or imported
C:\gh\azure-sdk-for-net\sdk\videoanalyzer\Microsoft.Azure.Management.VideoAnalyzer\tests\ScenarioTests\VideoAnalyzerTests.cs(98,39): error CS0518: Predefined type 'System.String' is not defined or imported
C:\gh\azure-sdk-for-net\sdk\videoanalyzer\Microsoft.Azure.Management.VideoAnalyzer\tests\ScenarioTests\VideoAnalyzerTests.cs(98,46): error CS0518: Predefined type 'System.String' is not defined or imported
C:\gh\azure-sdk-for-net\sdk\videoanalyzer\Microsoft.Azure.Management.VideoAnalyzer\tests\ScenarioTests\VideoAnalyzerTests.cs(99,39): error CS0518: Predefined type 'System.String' is not defined or imported
C:\gh\azure-sdk-for-net\sdk\videoanalyzer\Microsoft.Azure.Management.VideoAnalyzer\tests\ScenarioTests\VideoAnalyzerTests.cs(99,46): error CS0518: Predefined type 'System.String' is not defined or imported
C:\gh\azure-sdk-for-net\sdk\videoanalyzer\Microsoft.Azure.Management.VideoAnalyzer\tests\ScenarioTests\VideoAnalyzerTests.cs(102,21): error CS0518: Predefined type 'System.Object' is not defined or imported
C:\gh\azure-sdk-for-net\sdk\videoanalyzer\Microsoft.Azure.Management.VideoAnalyzer\tests\ScenarioTests\VideoAnalyzerTests.cs(102,21): error CS0103: The name 'Assert' does not exist in the current context
C:\gh\azure-sdk-for-net\sdk\videoanalyzer\Microsoft.Azure.Management.VideoAnalyzer\tests\ScenarioTests\VideoAnalyzerTests.cs(102,34): error CS0518: Predefined type 'System.Int32' is not defined or imported
C:\gh\azure-sdk-for-net\sdk\videoanalyzer\Microsoft.Azure.Management.VideoAnalyzer\tests\ScenarioTests\VideoAnalyzerTests.cs(103,21): error CS0518: Predefined type 'System.Object' is not defined or imported
C:\gh\azure-sdk-for-net\sdk\videoanalyzer\Microsoft.Azure.Management.VideoAnalyzer\tests\ScenarioTests\VideoAnalyzerTests.cs(103,21): error CS0103: The name 'Assert' does not exist in the current context
C:\gh\azure-sdk-for-net\sdk\videoanalyzer\Microsoft.Azure.Management.VideoAnalyzer\tests\ScenarioTests\VideoAnalyzerTests.cs(103,96): error CS0518: Predefined type 'System.Int32' is not defined or imported
C:\gh\azure-sdk-for-net\sdk\videoanalyzer\Microsoft.Azure.Management.VideoAnalyzer\tests\ScenarioTests\VideoAnalyzerTests.cs(107,21): error CS0518: Predefined type 'System.Object' is not defined or imported
C:\gh\azure-sdk-for-net\sdk\videoanalyzer\Microsoft.Azure.Management.VideoAnalyzer\tests\Helpers\VideoAnalyzerManagementTestUtilities.cs(128,26): error CS0518: Predefined type 'System.Object' is not defined or imported
C:\gh\azure-sdk-for-net\sdk\videoanalyzer\Microsoft.Azure.Management.VideoAnalyzer\tests\Helpers\VideoAnalyzerManagementTestUtilities.cs(128,26): error CS0103: The name 'TestUtilities' does not exist in the current context
C:\gh\azure-sdk-for-net\sdk\videoanalyzer\Microsoft.Azure.Management.VideoAnalyzer\tests\Helpers\VideoAnalyzerManagementTestUtilities.cs(128,53): error CS0518: Predefined type 'System.String' is not defined or imported
C:\gh\azure-sdk-for-net\sdk\videoanalyzer\Microsoft.Azure.Management.VideoAnalyzer\tests\Helpers\VideoAnalyzerManagementTestUtilities.cs(130,17): error CS0518: Predefined type 'System.Boolean' is not defined or imported
C:\gh\azure-sdk-for-net\sdk\videoanalyzer\Microsoft.Azure.Management.VideoAnalyzer\tests\Helpers\VideoAnalyzerManagementTestUtilities.cs(134,25): error CS0518: Predefined type 'System.Object' is not defined or imported
C:\gh\azure-sdk-for-net\sdk\videoanalyzer\Microsoft.Azure.Management.VideoAnalyzer\tests\Helpers\VideoAnalyzerManagementTestUtilities.cs(134,25): error CS0246: The type or namespace name 'ResourceGroup' could not be found (are you missing a using directive or an assembly reference?)
C:\gh\azure-sdk-for-net\sdk\videoanalyzer\Microsoft.Azure.Management.VideoAnalyzer\tests\Helpers\VideoAnalyzerManagementTestUtilities.cs(145,17): error CS0518: Predefined type 'System.Boolean' is not defined or imported
C:\gh\azure-sdk-for-net\sdk\videoanalyzer\Microsoft.Azure.Management.VideoAnalyzer\tests\Helpers\VideoAnalyzerManagementTestUtilities.cs(153,27): error CS0518: Predefined type 'System.Object' is not defined or imported
C:\gh\azure-sdk-for-net\sdk\videoanalyzer\Microsoft.Azure.Management.VideoAnalyzer\tests\Helpers\VideoAnalyzerManagementTestUtilities.cs(153,27): error CS0103: The name 'TestUtilities' does not exist in the current context
C:\gh\azure-sdk-for-net\sdk\videoanalyzer\Microsoft.Azure.Management.VideoAnalyzer\tests\Helpers\VideoAnalyzerManagementTestUtilities.cs(153,54): error CS0518: Predefined type 'System.String' is not defined or imported
C:\gh\azure-sdk-for-net\sdk\videoanalyzer\Microsoft.Azure.Management.VideoAnalyzer\tests\Helpers\VideoAnalyzerManagementTestUtilities.cs(155,17): error CS0518: Predefined type 'System.Boolean' is not defined or imported
C:\gh\azure-sdk-for-net\sdk\videoanalyzer\Microsoft.Azure.Management.VideoAnalyzer\tests\Helpers\VideoAnalyzerManagementTestUtilities.cs(157,82): error CS0518: Predefined type 'System.Object' is not defined or imported
C:\gh\azure-sdk-for-net\sdk\videoanalyzer\Microsoft.Azure.Management.VideoAnalyzer\tests\Helpers\VideoAnalyzerManagementTestUtilities.cs(157,82): error CS0246: The type or namespace name 'StorageAccountCreateParameters' could not be found (are you missing a using directive or an assembly reference?)
C:\gh\azure-sdk-for-net\sdk\videoanalyzer\Microsoft.Azure.Management.VideoAnalyzer\tests\Helpers\VideoAnalyzerManagementTestUtilities.cs(161,31): error CS0518: Predefined type 'System.Object' is not defined or imported
C:\gh\azure-sdk-for-net\sdk\videoanalyzer\Microsoft.Azure.Management.VideoAnalyzer\tests\Helpers\VideoAnalyzerManagementTestUtilities.cs(161,31): error CS0246: The type or namespace name 'Sku' could not be found (are you missing a using directive or an assembly reference?)
C:\gh\azure-sdk-for-net\sdk\videoanalyzer\Microsoft.Azure.Management.VideoAnalyzer\tests\Helpers\VideoAnalyzerManagementTestUtilities.cs(170,32): error CS0518: Predefined type 'System.Object' is not defined or imported
C:\gh\azure-sdk-for-net\sdk\videoanalyzer\Microsoft.Azure.Management.VideoAnalyzer\tests\Helpers\VideoAnalyzerManagementTestUtilities.cs(170,32): error CS0103: The name 'TestUtilities' does not exist in the current context
C:\gh\azure-sdk-for-net\sdk\videoanalyzer\Microsoft.Azure.Management.VideoAnalyzer\tests\Helpers\VideoAnalyzerManagementTestUtilities.cs(170,59): error CS0518: Predefined type 'System.String' is not defined or imported
C:\gh\azure-sdk-for-net\sdk\videoanalyzer\Microsoft.Azure.Management.VideoAnalyzer\tests\Helpers\VideoAnalyzerManagementTestUtilities.cs(172,17): error CS0518: Predefined type 'System.Boolean' is not defined or imported
C:\gh\azure-sdk-for-net\sdk\videoanalyzer\Microsoft.Azure.Management.VideoAnalyzer\tests\Helpers\VideoAnalyzerManagementTestUtilities.cs(174,103): error CS0518: Predefined type 'System.Object' is not defined or imported
C:\gh\azure-sdk-for-net\sdk\videoanalyzer\Microsoft.Azure.Management.VideoAnalyzer\tests\Helpers\VideoAnalyzerManagementTestUtilities.cs(174,103): error CS0246: The type or namespace name 'Identity' could not be found (are you missing a using directive or an assembly reference?)
C:\gh\azure-sdk-for-net\sdk\videoanalyzer\Microsoft.Azure.Management.VideoAnalyzer\tests\Helpers\VideoAnalyzerManagementTestUtilities.cs(188,41): error CS0518: Predefined type 'System.Object' is not defined or imported
C:\gh\azure-sdk-for-net\sdk\videoanalyzer\Microsoft.Azure.Management.VideoAnalyzer\tests\Helpers\VideoAnalyzerManagementTestUtilities.cs(188,41): error CS0246: The type or namespace name 'RoleAssignmentCreateParameters' could not be found (are you missing a using directive or an assembly reference?)
C:\gh\azure-sdk-for-net\sdk\videoanalyzer\Microsoft.Azure.Management.VideoAnalyzer\tests\Helpers\VideoAnalyzerManagementTestUtilities.cs(192,33): error CS0518: Predefined type 'System.Object' is not defined or imported
C:\gh\azure-sdk-for-net\sdk\videoanalyzer\Microsoft.Azure.Management.VideoAnalyzer\tests\Helpers\VideoAnalyzerManagementTestUtilities.cs(192,33): error CS0103: The name 'PrincipalType' does not exist in the current context
C:\gh\azure-sdk-for-net\sdk\videoanalyzer\Microsoft.Azure.Management.VideoAnalyzer\tests\Helpers\VideoAnalyzerManagementTestUtilities.cs(193,31): error CS0518: Predefined type 'System.Boolean' is not defined or imported
C:\gh\azure-sdk-for-net\sdk\videoanalyzer\Microsoft.Azure.Management.VideoAnalyzer\tests\Helpers\VideoAnalyzerManagementTestUtilities.cs(201,17): error CS0518: Predefined type 'System.Boolean' is not defined or imported
C:\gh\azure-sdk-for-net\sdk\videoanalyzer\Microsoft.Azure.Management.VideoAnalyzer\tests\Helpers\VideoAnalyzerManagementTestUtilities.cs(209,17): error CS0518: Predefined type 'System.Boolean' is not defined or imported
C:\gh\azure-sdk-for-net\sdk\videoanalyzer\Microsoft.Azure.Management.VideoAnalyzer\tests\ScenarioTests\VideoAnalyzerTestBase.cs(79,13): error CS0518: Predefined type 'System.String' is not defined or imported
C:\gh\azure-sdk-for-net\sdk\videoanalyzer\Microsoft.Azure.Management.VideoAnalyzer\tests\ScenarioTests\VideoAnalyzerTestBase.cs(79,34): error CS0518: Predefined type 'System.Object' is not defined or imported
C:\gh\azure-sdk-for-net\sdk\videoanalyzer\Microsoft.Azure.Management.VideoAnalyzer\tests\ScenarioTests\VideoAnalyzerTestBase.cs(79,34): error CS0103: The name 'TestUtilities' does not exist in the current context
C:\gh\azure-sdk-for-net\sdk\videoanalyzer\Microsoft.Azure.Management.VideoAnalyzer\tests\ScenarioTests\VideoAnalyzerTestBase.cs(79,61): error CS0518: Predefined type 'System.String' is not defined or imported
C:\gh\azure-sdk-for-net\sdk\videoanalyzer\Microsoft.Azure.Management.VideoAnalyzer\tests\ScenarioTests\VideoAnalyzerTestBase.cs(80,37): error CS0518: Predefined type 'System.Object' is not defined or imported
C:\gh\azure-sdk-for-net\sdk\videoanalyzer\Microsoft.Azure.Management.VideoAnalyzer\tests\ScenarioTests\VideoAnalyzerTestBase.cs(80,37): error CS0518: Predefined type 'System.Void' is not defined or imported
C:\gh\azure-sdk-for-net\sdk\videoanalyzer\Microsoft.Azure.Management.VideoAnalyzer\tests\ScenarioTests\VideoAnalyzerTestBase.cs(82,17): error CS0518: Predefined type 'System.String' is not defined or imported
C:\gh\azure-sdk-for-net\sdk\videoanalyzer\Microsoft.Azure.Management.VideoAnalyzer\tests\ScenarioTests\VideoAnalyzerTestBase.cs(82,28): error CS0518: Predefined type 'System.Object' is not defined or imported
C:\gh\azure-sdk-for-net\sdk\videoanalyzer\Microsoft.Azure.Management.VideoAnalyzer\tests\ScenarioTests\VideoAnalyzerTestBase.cs(83,17): error CS0012: The type 'IDictionary<,>' is defined in an assembly that is not referenced. You must add a reference to assembly 'mscorlib, Version=4.0.0.0, Culture=neutral, PublicKeyToken=b77a5c561934e089'.
C:\gh\azure-sdk-for-net\sdk\videoanalyzer\Microsoft.Azure.Management.VideoAnalyzer\tests\ScenarioTests\VideoAnalyzerTestBase.cs(83,28): error CS0518: Predefined type 'System.Object' is not defined or imported
C:\gh\azure-sdk-for-net\sdk\videoanalyzer\Microsoft.Azure.Management.VideoAnalyzer\tests\ScenarioTests\VideoAnalyzerTestBase.cs(83,28): error CS0246: The type or namespace name 'Dictionary<,>' could not be found (are you missing a using directive or an assembly reference?)
C:\gh\azure-sdk-for-net\sdk\videoanalyzer\Microsoft.Azure.Management.VideoAnalyzer\tests\ScenarioTests\VideoAnalyzerTestBase.cs(83,39): error CS0518: Predefined type 'System.String' is not defined or imported
C:\gh\azure-sdk-for-net\sdk\videoanalyzer\Microsoft.Azure.Management.VideoAnalyzer\tests\ScenarioTests\VideoAnalyzerTestBase.cs(83,47): error CS0518: Predefined type 'System.String' is not defined or imported
C:\gh\azure-sdk-for-net\sdk\videoanalyzer\Microsoft.Azure.Management.VideoAnalyzer\tests\ScenarioTests\VideoAnalyzerTestBase.cs(85,23): error CS0518: Predefined type 'System.String' is not defined or imported
C:\gh\azure-sdk-for-net\sdk\videoanalyzer\Microsoft.Azure.Management.VideoAnalyzer\tests\ScenarioTests\VideoAnalyzerTestBase.cs(85,31): error CS0518: Predefined type 'System.String' is not defined or imported
C:\gh\azure-sdk-for-net\sdk\videoanalyzer\Microsoft.Azure.Management.VideoAnalyzer\tests\ScenarioTests\VideoAnalyzerTestBase.cs(86,23): error CS0518: Predefined type 'System.String' is not defined or imported
C:\gh\azure-sdk-for-net\sdk\videoanalyzer\Microsoft.Azure.Management.VideoAnalyzer\tests\ScenarioTests\VideoAnalyzerTestBase.cs(86,31): error CS0518: Predefined type 'System.String' is not defined or imported
C:\gh\azure-sdk-for-net\sdk\videoanalyzer\Microsoft.Azure.Management.VideoAnalyzer\tests\ScenarioTests\VideoAnalyzerTestBase.cs(88,17): error CS0012: The type 'IList<>' is defined in an assembly that is not referenced. You must add a reference to assembly 'mscorlib, Version=4.0.0.0, Culture=neutral, PublicKeyToken=b77a5c561934e089'.
C:\gh\azure-sdk-for-net\sdk\videoanalyzer\Microsoft.Azure.Management.VideoAnalyzer\tests\ScenarioTests\VideoAnalyzerTestBase.cs(88,39): error CS0518: Predefined type 'System.Object' is not defined or imported
C:\gh\azure-sdk-for-net\sdk\videoanalyzer\Microsoft.Azure.Management.VideoAnalyzer\tests\ScenarioTests\VideoAnalyzerTestBase.cs(88,39): error CS0246: The type or namespace name 'List<>' could not be found (are you missing a using directive or an assembly reference?)
C:\gh\azure-sdk-for-net\sdk\videoanalyzer\Microsoft.Azure.Management.VideoAnalyzer\tests\ScenarioTests\VideoAnalyzerTestBase.cs(88,44): error CS0518: Predefined type 'System.Object' is not defined or imported
C:\gh\azure-sdk-for-net\sdk\videoanalyzer\Microsoft.Azure.Management.VideoAnalyzer\tests\ScenarioTests\VideoAnalyzerTestBase.cs(90,29): error CS0518: Predefined type 'System.Object' is not defined or imported
C:\gh\azure-sdk-for-net\sdk\videoanalyzer\Microsoft.Azure.Management.VideoAnalyzer\tests\ScenarioTests\VideoAnalyzerTestBase.cs(90,29): error CS0518: Predefined type 'System.Void' is not defined or imported
C:\gh\azure-sdk-for-net\sdk\videoanalyzer\Microsoft.Azure.Management.VideoAnalyzer\tests\ScenarioTests\VideoAnalyzerTestBase.cs(92,29): error CS0518: Predefined type 'System.String' is not defined or imported
C:\gh\azure-sdk-for-net\sdk\videoanalyzer\Microsoft.Azure.Management.VideoAnalyzer\tests\ScenarioTests\VideoAnalyzerTestBase.cs(93,29): error CS0518: Predefined type 'System.Void' is not defined or imported
C:\gh\azure-sdk-for-net\sdk\videoanalyzer\Microsoft.Azure.Management.VideoAnalyzer\tests\ScenarioTests\VideoAnalyzerTestBase.cs(93,43): error CS0518: Predefined type 'System.Object' is not defined or imported
C:\gh\azure-sdk-for-net\sdk\videoanalyzer\Microsoft.Azure.Management.VideoAnalyzer\tests\ScenarioTests\VideoAnalyzerTestBase.cs(93,43): error CS0518: Predefined type 'System.Void' is not defined or imported
C:\gh\azure-sdk-for-net\sdk\videoanalyzer\Microsoft.Azure.Management.VideoAnalyzer\tests\ScenarioTests\VideoAnalyzerTestBase.cs(94,29): error CS0518: Predefined type 'System.String' is not defined or imported
C:\gh\azure-sdk-for-net\sdk\videoanalyzer\Microsoft.Azure.Management.VideoAnalyzer\tests\ScenarioTests\VideoAnalyzerTestBase.cs(98,17): error CS0518: Predefined type 'System.Void' is not defined or imported
C:\gh\azure-sdk-for-net\sdk\videoanalyzer\Microsoft.Azure.Management.VideoAnalyzer\tests\ScenarioTests\VideoAnalyzerTestBase.cs(98,32): error CS0518: Predefined type 'System.Object' is not defined or imported
C:\gh\azure-sdk-for-net\sdk\videoanalyzer\Microsoft.Azure.Management.VideoAnalyzer\tests\ScenarioTests\VideoAnalyzerTestBase.cs(98,32): error CS0518: Predefined type 'System.Void' is not defined or imported
C:\gh\azure-sdk-for-net\sdk\videoanalyzer\Microsoft.Azure.Management.VideoAnalyzer\tests\ScenarioTests\VideoAnalyzerTestBase.cs(100,21): error CS0518: Predefined type 'System.String' is not defined or imported
C:\gh\azure-sdk-for-net\sdk\videoanalyzer\Microsoft.Azure.Management.VideoAnalyzer\tests\ScenarioTests\VideoAnalyzerTestBase.cs(100,28): error CS0518: Predefined type 'System.String' is not defined or imported
C:\gh\azure-sdk-for-net\sdk\videoanalyzer\Microsoft.Azure.Management.VideoAnalyzer\tests\ScenarioTests\VideoAnalyzerTestBase.cs(101,21): error CS0012: The type 'IDictionary<,>' is defined in an assembly that is not referenced. You must add a reference to assembly 'mscorlib, Version=4.0.0.0, Culture=neutral, PublicKeyToken=b77a5c561934e089'.
C:\gh\azure-sdk-for-net\sdk\videoanalyzer\Microsoft.Azure.Management.VideoAnalyzer\tests\ScenarioTests\VideoAnalyzerTestBase.cs(101,50): error CS0518: Predefined type 'System.Object' is not defined or imported
C:\gh\azure-sdk-for-net\sdk\videoanalyzer\Microsoft.Azure.Management.VideoAnalyzer\tests\ScenarioTests\VideoAnalyzerTestBase.cs(101,50): error CS0246: The type or namespace name 'Dictionary<,>' could not be found (are you missing a using directive or an assembly reference?)
C:\gh\azure-sdk-for-net\sdk\videoanalyzer\Microsoft.Azure.Management.VideoAnalyzer\tests\ScenarioTests\VideoAnalyzerTestBase.cs(101,61): error CS0518: Predefined type 'System.String' is not defined or imported
C:\gh\azure-sdk-for-net\sdk\videoanalyzer\Microsoft.Azure.Management.VideoAnalyzer\tests\ScenarioTests\VideoAnalyzerTestBase.cs(101,69): error CS0518: Predefined type 'System.Object' is not defined or imported
C:\gh\azure-sdk-for-net\sdk\videoanalyzer\Microsoft.Azure.Management.VideoAnalyzer\tests\ScenarioTests\VideoAnalyzerTestBase.cs(101,128): error CS0518: Predefined type 'System.Object' is not defined or imported
C:\gh\azure-sdk-for-net\sdk\videoanalyzer\Microsoft.Azure.Management.VideoAnalyzer\tests\ScenarioTests\VideoAnalyzerTestBase.cs(101,128): error CS0518: Predefined type 'System.Void' is not defined or imported
C:\gh\azure-sdk-for-net\sdk\videoanalyzer\Microsoft.Azure.Management.VideoAnalyzer\tests\ScenarioTests\VideoAnalyzerTestBase.cs(105,13): error CS0518: Predefined type 'System.Object' is not defined or imported
C:\gh\azure-sdk-for-net\sdk\videoanalyzer\Microsoft.Azure.Management.VideoAnalyzer\tests\ScenarioTests\VideoAnalyzerTestBase.cs(105,57): error CS0518: Predefined type 'System.String' is not defined or imported
C:\gh\azure-sdk-for-net\sdk\videoanalyzer\Microsoft.Azure.Management.VideoAnalyzer\tests\ScenarioTests\VideoAnalyzerTestBase.cs(106,48): error CS0518: Predefined type 'System.String' is not defined or imported
C:\gh\azure-sdk-for-net\sdk\videoanalyzer\Microsoft.Azure.Management.VideoAnalyzer\tests\Helpers\VideoAnalyzerManagementTestUtilities.cs(219,17): error CS0518: Predefined type 'System.Boolean' is not defined or imported
C:\gh\azure-sdk-for-net\sdk\videoanalyzer\Microsoft.Azure.Management.VideoAnalyzer\tests\Helpers\VideoAnalyzerManagementTestUtilities.cs(219,17): error CS0518: Predefined type 'System.Boolean' is not defined or imported
C:\gh\azure-sdk-for-net\sdk\videoanalyzer\Microsoft.Azure.Management.VideoAnalyzer\tests\Helpers\VideoAnalyzerManagementTestUtilities.cs(221,24): error CS0518: Predefined type 'System.String' is not defined or imported
C:\gh\azure-sdk-for-net\sdk\videoanalyzer\Microsoft.Azure.Management.VideoAnalyzer\tests\Helpers\VideoAnalyzerManagementTestUtilities.cs(225,17): error CS0518: Predefined type 'System.Boolean' is not defined or imported
C:\gh\azure-sdk-for-net\sdk\videoanalyzer\Microsoft.Azure.Management.VideoAnalyzer\tests\Helpers\VideoAnalyzerManagementTestUtilities.cs(225,65): error CS0518: Predefined type 'System.Int32' is not defined or imported
C:\gh\azure-sdk-for-net\sdk\videoanalyzer\Microsoft.Azure.Management.VideoAnalyzer\tests\Helpers\VideoAnalyzerManagementTestUtilities.cs(225,42): error CS0518: Predefined type 'System.Boolean' is not defined or imported
C:\gh\azure-sdk-for-net\sdk\videoanalyzer\Microsoft.Azure.Management.VideoAnalyzer\tests\Helpers\VideoAnalyzerManagementTestUtilities.cs(225,17): error CS0518: Predefined type 'System.Boolean' is not defined or imported
C:\gh\azure-sdk-for-net\sdk\videoanalyzer\Microsoft.Azure.Management.VideoAnalyzer\tests\Helpers\VideoAnalyzerManagementTestUtilities.cs(227,24): error CS0518: Predefined type 'System.String' is not defined or imported
C:\gh\azure-sdk-for-net\sdk\videoanalyzer\Microsoft.Azure.Management.VideoAnalyzer\tests\Helpers\VideoAnalyzerManagementTestUtilities.cs(231,17): error CS0518: Predefined type 'System.Boolean' is not defined or imported
C:\gh\azure-sdk-for-net\sdk\videoanalyzer\Microsoft.Azure.Management.VideoAnalyzer\tests\Helpers\VideoAnalyzerManagementTestUtilities.cs(231,57): error CS0518: Predefined type 'System.Int32' is not defined or imported
C:\gh\azure-sdk-for-net\sdk\videoanalyzer\Microsoft.Azure.Management.VideoAnalyzer\tests\Helpers\VideoAnalyzerManagementTestUtilities.cs(231,38): error CS0518: Predefined type 'System.Boolean' is not defined or imported
C:\gh\azure-sdk-for-net\sdk\videoanalyzer\Microsoft.Azure.Management.VideoAnalyzer\tests\Helpers\VideoAnalyzerManagementTestUtilities.cs(231,17): error CS0518: Predefined type 'System.Boolean' is not defined or imported
C:\gh\azure-sdk-for-net\sdk\videoanalyzer\Microsoft.Azure.Management.VideoAnalyzer\tests\Helpers\VideoAnalyzerManagementTestUtilities.cs(233,24): error CS0518: Predefined type 'System.String' is not defined or imported
C:\gh\azure-sdk-for-net\sdk\videoanalyzer\Microsoft.Azure.Management.VideoAnalyzer\tests\Helpers\VideoAnalyzerManagementTestUtilities.cs(236,17): error CS0518: Predefined type 'System.Boolean' is not defined or imported
C:\gh\azure-sdk-for-net\sdk\videoanalyzer\Microsoft.Azure.Management.VideoAnalyzer\tests\Helpers\VideoAnalyzerManagementTestUtilities.cs(236,17): error CS0518: Predefined type 'System.Boolean' is not defined or imported
C:\gh\azure-sdk-for-net\sdk\videoanalyzer\Microsoft.Azure.Management.VideoAnalyzer\tests\ScenarioTests\VideoAnalyzerTestBase.cs(111,18): error CS0518: Predefined type 'System.String' is not defined or imported
C:\gh\azure-sdk-for-net\sdk\videoanalyzer\Microsoft.Azure.Management.VideoAnalyzer\tests\ScenarioTests\VideoAnalyzerTestBase.cs(111,17): error CS0518: Predefined type 'System.Boolean' is not defined or imported
C:\gh\azure-sdk-for-net\sdk\videoanalyzer\Microsoft.Azure.Management.VideoAnalyzer\tests\ScenarioTests\VideoAnalyzerTestBase.cs(113,17): error CS0518: Predefined type 'System.Void' is not defined or imported
C:\gh\azure-sdk-for-net\sdk\videoanalyzer\Microsoft.Azure.Management.VideoAnalyzer\tests\ScenarioTests\VideoAnalyzerTestBase.cs(116,18): error CS0518: Predefined type 'System.String' is not defined or imported
C:\gh\azure-sdk-for-net\sdk\videoanalyzer\Microsoft.Azure.Management.VideoAnalyzer\tests\ScenarioTests\VideoAnalyzerTestBase.cs(116,17): error CS0518: Predefined type 'System.Boolean' is not defined or imported
C:\gh\azure-sdk-for-net\sdk\videoanalyzer\Microsoft.Azure.Management.VideoAnalyzer\tests\ScenarioTests\VideoAnalyzerTestBase.cs(118,17): error CS0518: Predefined type 'System.Object' is not defined or imported
C:\gh\azure-sdk-for-net\sdk\videoanalyzer\Microsoft.Azure.Management.VideoAnalyzer\tests\ScenarioTests\VideoAnalyzerTestBase.cs(118,54): error CS0518: Predefined type 'System.Object' is not defined or imported
C:\gh\azure-sdk-for-net\sdk\videoanalyzer\Microsoft.Azure.Management.VideoAnalyzer\tests\ScenarioTests\VideoAnalyzerTestBase.cs(121,17): error CS0518: Predefined type 'System.Boolean' is not defined or imported
C:\gh\azure-sdk-for-net\sdk\videoanalyzer\Microsoft.Azure.Management.VideoAnalyzer\tests\ScenarioTests\VideoAnalyzerTestBase.cs(121,17): error CS0518: Predefined type 'System.Boolean' is not defined or imported
C:\gh\azure-sdk-for-net\sdk\videoanalyzer\Microsoft.Azure.Management.VideoAnalyzer\tests\ScenarioTests\VideoAnalyzerTestBase.cs(123,17): error CS0518: Predefined type 'System.Object' is not defined or imported
C:\gh\azure-sdk-for-net\sdk\videoanalyzer\Microsoft.Azure.Management.VideoAnalyzer\tests\ScenarioTests\VideoAnalyzerTestBase.cs(123,54): error CS0518: Predefined type 'System.Object' is not defined or imported
C:\gh\azure-sdk-for-net\sdk\videoanalyzer\Microsoft.Azure.Management.VideoAnalyzer\tests\ScenarioTests\VideoAnalyzerTestBase.cs(126,18): error CS0518: Predefined type 'System.String' is not defined or imported
C:\gh\azure-sdk-for-net\sdk\videoanalyzer\Microsoft.Azure.Management.VideoAnalyzer\tests\ScenarioTests\VideoAnalyzerTestBase.cs(126,17): error CS0518: Predefined type 'System.Boolean' is not defined or imported
C:\gh\azure-sdk-for-net\sdk\videoanalyzer\Microsoft.Azure.Management.VideoAnalyzer\tests\ScenarioTests\VideoAnalyzerTestBase.cs(128,17): error CS0518: Predefined type 'System.Object' is not defined or imported
C:\gh\azure-sdk-for-net\sdk\videoanalyzer\Microsoft.Azure.Management.VideoAnalyzer\tests\ScenarioTests\VideoAnalyzerTestBase.cs(128,54): error CS0518: Predefined type 'System.Object' is not defined or imported
C:\gh\azure-sdk-for-net\sdk\videoanalyzer\Microsoft.Azure.Management.VideoAnalyzer\tests\ScenarioTests\VideoAnalyzerTestBase.cs(20,18): error CS1729: 'object' does not contain a constructor that takes 0 arguments
C:\gh\azure-sdk-for-net\sdk\videoanalyzer\Microsoft.Azure.Management.VideoAnalyzer\tests\ScenarioTests\VideoAnalyzerTests.cs(115,32): error CS0518: Predefined type 'System.Object' is not defined or imported
C:\gh\azure-sdk-for-net\sdk\videoanalyzer\Microsoft.Azure.Management.VideoAnalyzer\tests\ScenarioTests\VideoAnalyzerTests.cs(115,81): error CS0518: Predefined type 'System.Object' is not defined or imported
C:\gh\azure-sdk-for-net\sdk\videoanalyzer\Microsoft.Azure.Management.VideoAnalyzer\tests\ScenarioTests\VideoAnalyzerTests.cs(115,81): error CS0103: The name 'HttpStatusCode' does not exist in the current context
C:\gh\azure-sdk-for-net\sdk\videoanalyzer\Microsoft.Azure.Management.VideoAnalyzer\tests\ScenarioTests\VideoAnalyzerTests.cs(116,32): error CS0518: Predefined type 'System.Object' is not defined or imported
C:\gh\azure-sdk-for-net\sdk\videoanalyzer\Microsoft.Azure.Management.VideoAnalyzer\tests\ScenarioTests\VideoAnalyzerTests.cs(116,81): error CS0518: Predefined type 'System.Object' is not defined or imported
C:\gh\azure-sdk-for-net\sdk\videoanalyzer\Microsoft.Azure.Management.VideoAnalyzer\tests\ScenarioTests\VideoAnalyzerTests.cs(116,81): error CS0103: The name 'HttpStatusCode' does not exist in the current context
C:\gh\azure-sdk-for-net\sdk\videoanalyzer\Microsoft.Azure.Management.VideoAnalyzer\tests\ScenarioTests\VideoAnalyzerTests.cs(117,32): error CS0518: Predefined type 'System.Object' is not defined or imported
C:\gh\azure-sdk-for-net\sdk\videoanalyzer\Microsoft.Azure.Management.VideoAnalyzer\tests\ScenarioTests\VideoAnalyzerTests.cs(117,81): error CS0518: Predefined type 'System.Object' is not defined or imported
C:\gh\azure-sdk-for-net\sdk\videoanalyzer\Microsoft.Azure.Management.VideoAnalyzer\tests\ScenarioTests\VideoAnalyzerTests.cs(117,81): error CS0103: The name 'HttpStatusCode' does not exist in the current context
C:\gh\azure-sdk-for-net\sdk\videoanalyzer\Microsoft.Azure.Management.VideoAnalyzer\tests\ScenarioTests\VideoAnalyzerTests.cs(118,32): error CS0518: Predefined type 'System.Object' is not defined or imported
C:\gh\azure-sdk-for-net\sdk\videoanalyzer\Microsoft.Azure.Management.VideoAnalyzer\tests\ScenarioTests\VideoAnalyzerTests.cs(118,81): error CS0518: Predefined type 'System.Object' is not defined or imported
C:\gh\azure-sdk-for-net\sdk\videoanalyzer\Microsoft.Azure.Management.VideoAnalyzer\tests\ScenarioTests\VideoAnalyzerTests.cs(118,81): error CS0103: The name 'HttpStatusCode' does not exist in the current context
C:\gh\azure-sdk-for-net\sdk\videoanalyzer\Microsoft.Azure.Management.VideoAnalyzer\tests\ScenarioTests\VideoAnalyzerTests.cs(119,32): error CS0518: Predefined type 'System.Object' is not defined or imported
C:\gh\azure-sdk-for-net\sdk\videoanalyzer\Microsoft.Azure.Management.VideoAnalyzer\tests\ScenarioTests\VideoAnalyzerTests.cs(119,81): error CS0518: Predefined type 'System.Object' is not defined or imported
C:\gh\azure-sdk-for-net\sdk\videoanalyzer\Microsoft.Azure.Management.VideoAnalyzer\tests\ScenarioTests\VideoAnalyzerTests.cs(119,81): error CS0103: The name 'HttpStatusCode' does not exist in the current context
C:\gh\azure-sdk-for-net\sdk\videoanalyzer\Microsoft.Azure.Management.VideoAnalyzer\tests\ScenarioTests\VideoAnalyzerTests.cs(121,13): error CS0518: Predefined type 'System.IDisposable' is not defined or imported
C:\gh\azure-sdk-for-net\sdk\videoanalyzer\Microsoft.Azure.Management.VideoAnalyzer\tests\ScenarioTests\VideoAnalyzerTests.cs(121,20): error CS0518: Predefined type 'System.Object' is not defined or imported
C:\gh\azure-sdk-for-net\sdk\videoanalyzer\Microsoft.Azure.Management.VideoAnalyzer\tests\ScenarioTests\VideoAnalyzerTests.cs(121,20): error CS0246: The type or namespace name 'MockContext' could not be found (are you missing a using directive or an assembly reference?)
C:\gh\azure-sdk-for-net\sdk\videoanalyzer\Microsoft.Azure.Management.VideoAnalyzer\tests\ScenarioTests\VideoAnalyzerTests.cs(121,42): error CS0518: Predefined type 'System.Object' is not defined or imported
C:\gh\azure-sdk-for-net\sdk\videoanalyzer\Microsoft.Azure.Management.VideoAnalyzer\tests\ScenarioTests\VideoAnalyzerTests.cs(121,42): error CS0103: The name 'MockContext' does not exist in the current context
C:\gh\azure-sdk-for-net\sdk\videoanalyzer\Microsoft.Azure.Management.VideoAnalyzer\tests\ScenarioTests\VideoAnalyzerTests.cs(121,65): error CS0518: Predefined type 'System.Object' is not defined or imported
C:\gh\azure-sdk-for-net\sdk\videoanalyzer\Microsoft.Azure.Management.VideoAnalyzer\tests\ScenarioTests\VideoAnalyzerTests.cs(121,65): error CS1061: 'VideoAnalyzerTests' does not contain a definition for 'GetType' and no accessible extension method 'GetType' accepting a first argument of type 'VideoAnalyzerTests' could be found (are you missing a using directive or an assembly reference?)
C:\gh\azure-sdk-for-net\sdk\videoanalyzer\Microsoft.Azure.Management.VideoAnalyzer\tests\ScenarioTests\VideoAnalyzerTests.cs(124,43): error CS0518: Predefined type 'System.Object' is not defined or imported
C:\gh\azure-sdk-for-net\sdk\videoanalyzer\Microsoft.Azure.Management.VideoAnalyzer\tests\ScenarioTests\VideoAnalyzerTests.cs(124,80): error CS0518: Predefined type 'System.Object' is not defined or imported
C:\gh\azure-sdk-for-net\sdk\videoanalyzer\Microsoft.Azure.Management.VideoAnalyzer\tests\ScenarioTests\VideoAnalyzerTests.cs(125,38): error CS0518: Predefined type 'System.Object' is not defined or imported
C:\gh\azure-sdk-for-net\sdk\videoanalyzer\Microsoft.Azure.Management.VideoAnalyzer\tests\ScenarioTests\VideoAnalyzerTests.cs(125,75): error CS0518: Predefined type 'System.Object' is not defined or imported
C:\gh\azure-sdk-for-net\sdk\videoanalyzer\Microsoft.Azure.Management.VideoAnalyzer\tests\ScenarioTests\VideoAnalyzerTests.cs(126,37): error CS0518: Predefined type 'System.Object' is not defined or imported
C:\gh\azure-sdk-for-net\sdk\videoanalyzer\Microsoft.Azure.Management.VideoAnalyzer\tests\ScenarioTests\VideoAnalyzerTests.cs(126,74): error CS0518: Predefined type 'System.Object' is not defined or imported
C:\gh\azure-sdk-for-net\sdk\videoanalyzer\Microsoft.Azure.Management.VideoAnalyzer\tests\ScenarioTests\VideoAnalyzerTests.cs(127,48): error CS0518: Predefined type 'System.Object' is not defined or imported
C:\gh\azure-sdk-for-net\sdk\videoanalyzer\Microsoft.Azure.Management.VideoAnalyzer\tests\ScenarioTests\VideoAnalyzerTests.cs(127,85): error CS0518: Predefined type 'System.Object' is not defined or imported
C:\gh\azure-sdk-for-net\sdk\videoanalyzer\Microsoft.Azure.Management.VideoAnalyzer\tests\ScenarioTests\VideoAnalyzerTests.cs(128,53): error CS0518: Predefined type 'System.Object' is not defined or imported
C:\gh\azure-sdk-for-net\sdk\videoanalyzer\Microsoft.Azure.Management.VideoAnalyzer\tests\ScenarioTests\VideoAnalyzerTests.cs(128,90): error CS0518: Predefined type 'System.Object' is not defined or imported
C:\gh\azure-sdk-for-net\sdk\videoanalyzer\Microsoft.Azure.Management.VideoAnalyzer\tests\ScenarioTests\VideoAnalyzerTests.cs(130,32): error CS0518: Predefined type 'System.Object' is not defined or imported
C:\gh\azure-sdk-for-net\sdk\videoanalyzer\Microsoft.Azure.Management.VideoAnalyzer\tests\ScenarioTests\VideoAnalyzerTests.cs(130,69): error CS0518: Predefined type 'System.Object' is not defined or imported
C:\gh\azure-sdk-for-net\sdk\videoanalyzer\Microsoft.Azure.Management.VideoAnalyzer\tests\ScenarioTests\VideoAnalyzerTests.cs(130,100): error CS0518: Predefined type 'System.Object' is not defined or imported
C:\gh\azure-sdk-for-net\sdk\videoanalyzer\Microsoft.Azure.Management.VideoAnalyzer\tests\ScenarioTests\VideoAnalyzerTests.cs(132,37): error CS0518: Predefined type 'System.Object' is not defined or imported
C:\gh\azure-sdk-for-net\sdk\videoanalyzer\Microsoft.Azure.Management.VideoAnalyzer\tests\ScenarioTests\VideoAnalyzerTests.cs(132,74): error CS0518: Predefined type 'System.Object' is not defined or imported
C:\gh\azure-sdk-for-net\sdk\videoanalyzer\Microsoft.Azure.Management.VideoAnalyzer\tests\ScenarioTests\VideoAnalyzerTests.cs(135,38): error CS0518: Predefined type 'System.Object' is not defined or imported
C:\gh\azure-sdk-for-net\sdk\videoanalyzer\Microsoft.Azure.Management.VideoAnalyzer\tests\ScenarioTests\VideoAnalyzerTests.cs(135,75): error CS0518: Predefined type 'System.Object' is not defined or imported
C:\gh\azure-sdk-for-net\sdk\videoanalyzer\Microsoft.Azure.Management.VideoAnalyzer\tests\ScenarioTests\VideoAnalyzerTests.cs(137,39): error CS0518: Predefined type 'System.Object' is not defined or imported
C:\gh\azure-sdk-for-net\sdk\videoanalyzer\Microsoft.Azure.Management.VideoAnalyzer\tests\ScenarioTests\VideoAnalyzerTests.cs(137,76): error CS0518: Predefined type 'System.Object' is not defined or imported
C:\gh\azure-sdk-for-net\sdk\videoanalyzer\Microsoft.Azure.Management.VideoAnalyzer\tests\ScenarioTests\VideoAnalyzerTests.cs(138,17): error CS0518: Predefined type 'System.Object' is not defined or imported
C:\gh\azure-sdk-for-net\sdk\videoanalyzer\Microsoft.Azure.Management.VideoAnalyzer\tests\ScenarioTests\VideoAnalyzerTests.cs(138,54): error CS0518: Predefined type 'System.Object' is not defined or imported
C:\gh\azure-sdk-for-net\sdk\videoanalyzer\Microsoft.Azure.Management.VideoAnalyzer\tests\ScenarioTests\VideoAnalyzerTests.cs(138,122): error CS0518: Predefined type 'System.String' is not defined or imported
C:\gh\azure-sdk-for-net\sdk\videoanalyzer\Microsoft.Azure.Management.VideoAnalyzer\tests\ScenarioTests\VideoAnalyzerTests.cs(138,155): error CS0518: Predefined type 'System.Object' is not defined or imported
C:\gh\azure-sdk-for-net\sdk\videoanalyzer\Microsoft.Azure.Management.VideoAnalyzer\tests\ScenarioTests\VideoAnalyzerTests.cs(138,155): error CS0103: The name 'TestUtilities' does not exist in the current context
C:\gh\azure-sdk-for-net\sdk\videoanalyzer\Microsoft.Azure.Management.VideoAnalyzer\tests\ScenarioTests\VideoAnalyzerTests.cs(141,35): error CS0518: Predefined type 'System.Object' is not defined or imported
C:\gh\azure-sdk-for-net\sdk\videoanalyzer\Microsoft.Azure.Management.VideoAnalyzer\tests\ScenarioTests\VideoAnalyzerTests.cs(141,35): error CS0103: The name 'TestUtilities' does not exist in the current context
C:\gh\azure-sdk-for-net\sdk\videoanalyzer\Microsoft.Azure.Management.VideoAnalyzer\tests\ScenarioTests\VideoAnalyzerTests.cs(141,62): error CS0518: Predefined type 'System.String' is not defined or imported
C:\gh\azure-sdk-for-net\sdk\videoanalyzer\Microsoft.Azure.Management.VideoAnalyzer\tests\ScenarioTests\VideoAnalyzerTests.cs(142,38): error CS0518: Predefined type 'System.Object' is not defined or imported
C:\gh\azure-sdk-for-net\sdk\videoanalyzer\Microsoft.Azure.Management.VideoAnalyzer\tests\ScenarioTests\VideoAnalyzerTests.cs(142,38): error CS0246: The type or namespace name 'Dictionary<,>' could not be found (are you missing a using directive or an assembly reference?)
C:\gh\azure-sdk-for-net\sdk\videoanalyzer\Microsoft.Azure.Management.VideoAnalyzer\tests\ScenarioTests\VideoAnalyzerTests.cs(142,49): error CS0518: Predefined type 'System.String' is not defined or imported
C:\gh\azure-sdk-for-net\sdk\videoanalyzer\Microsoft.Azure.Management.VideoAnalyzer\tests\ScenarioTests\VideoAnalyzerTests.cs(142,57): error CS0518: Predefined type 'System.String' is not defined or imported
C:\gh\azure-sdk-for-net\sdk\videoanalyzer\Microsoft.Azure.Management.VideoAnalyzer\tests\ScenarioTests\VideoAnalyzerTests.cs(144,23): error CS0518: Predefined type 'System.String' is not defined or imported
C:\gh\azure-sdk-for-net\sdk\videoanalyzer\Microsoft.Azure.Management.VideoAnalyzer\tests\ScenarioTests\VideoAnalyzerTests.cs(144,30): error CS0518: Predefined type 'System.String' is not defined or imported
C:\gh\azure-sdk-for-net\sdk\videoanalyzer\Microsoft.Azure.Management.VideoAnalyzer\tests\ScenarioTests\VideoAnalyzerTests.cs(145,23): error CS0518: Predefined type 'System.String' is not defined or imported
C:\gh\azure-sdk-for-net\sdk\videoanalyzer\Microsoft.Azure.Management.VideoAnalyzer\tests\ScenarioTests\VideoAnalyzerTests.cs(145,30): error CS0518: Predefined type 'System.String' is not defined or imported
C:\gh\azure-sdk-for-net\sdk\videoanalyzer\Microsoft.Azure.Management.VideoAnalyzer\tests\ScenarioTests\VideoAnalyzerTests.cs(147,49): error CS0518: Predefined type 'System.Object' is not defined or imported
C:\gh\azure-sdk-for-net\sdk\videoanalyzer\Microsoft.Azure.Management.VideoAnalyzer\tests\ScenarioTests\VideoAnalyzerTests.cs(147,49): error CS0246: The type or namespace name 'List<>' could not be found (are you missing a using directive or an assembly reference?)
C:\gh\azure-sdk-for-net\sdk\videoanalyzer\Microsoft.Azure.Management.VideoAnalyzer\tests\ScenarioTests\VideoAnalyzerTests.cs(147,54): error CS0518: Predefined type 'System.Object' is not defined or imported
C:\gh\azure-sdk-for-net\sdk\videoanalyzer\Microsoft.Azure.Management.VideoAnalyzer\tests\ScenarioTests\VideoAnalyzerTests.cs(149,25): error CS0518: Predefined type 'System.Object' is not defined or imported
C:\gh\azure-sdk-for-net\sdk\videoanalyzer\Microsoft.Azure.Management.VideoAnalyzer\tests\ScenarioTests\VideoAnalyzerTests.cs(149,25): error CS0518: Predefined type 'System.Void' is not defined or imported
C:\gh\azure-sdk-for-net\sdk\videoanalyzer\Microsoft.Azure.Management.VideoAnalyzer\tests\ScenarioTests\VideoAnalyzerTests.cs(151,25): error CS0518: Predefined type 'System.String' is not defined or imported
C:\gh\azure-sdk-for-net\sdk\videoanalyzer\Microsoft.Azure.Management.VideoAnalyzer\tests\ScenarioTests\VideoAnalyzerTests.cs(152,25): error CS0518: Predefined type 'System.Void' is not defined or imported
C:\gh\azure-sdk-for-net\sdk\videoanalyzer\Microsoft.Azure.Management.VideoAnalyzer\tests\ScenarioTests\VideoAnalyzerTests.cs(152,39): error CS0518: Predefined type 'System.Object' is not defined or imported
C:\gh\azure-sdk-for-net\sdk\videoanalyzer\Microsoft.Azure.Management.VideoAnalyzer\tests\ScenarioTests\VideoAnalyzerTests.cs(152,39): error CS0518: Predefined type 'System.Void' is not defined or imported
C:\gh\azure-sdk-for-net\sdk\videoanalyzer\Microsoft.Azure.Management.VideoAnalyzer\tests\ScenarioTests\VideoAnalyzerTests.cs(154,29): error CS0518: Predefined type 'System.String' is not defined or imported
C:\gh\azure-sdk-for-net\sdk\videoanalyzer\Microsoft.Azure.Management.VideoAnalyzer\tests\ScenarioTests\VideoAnalyzerTests.cs(159,41): error CS0518: Predefined type 'System.Object' is not defined or imported
C:\gh\azure-sdk-for-net\sdk\videoanalyzer\Microsoft.Azure.Management.VideoAnalyzer\tests\ScenarioTests\VideoAnalyzerTests.cs(159,41): error CS0518: Predefined type 'System.Void' is not defined or imported
C:\gh\azure-sdk-for-net\sdk\videoanalyzer\Microsoft.Azure.Management.VideoAnalyzer\tests\ScenarioTests\VideoAnalyzerTests.cs(161,21): error CS0518: Predefined type 'System.String' is not defined or imported
C:\gh\azure-sdk-for-net\sdk\videoanalyzer\Microsoft.Azure.Management.VideoAnalyzer\tests\ScenarioTests\VideoAnalyzerTests.cs(161,32): error CS0518: Predefined type 'System.Object' is not defined or imported
C:\gh\azure-sdk-for-net\sdk\videoanalyzer\Microsoft.Azure.Management.VideoAnalyzer\tests\ScenarioTests\VideoAnalyzerTests.cs(162,21): error CS0012: The type 'IDictionary<,>' is defined in an assembly that is not referenced. You must add a reference to assembly 'mscorlib, Version=4.0.0.0, Culture=neutral, PublicKeyToken=b77a5c561934e089'.
C:\gh\azure-sdk-for-net\sdk\videoanalyzer\Microsoft.Azure.Management.VideoAnalyzer\tests\ScenarioTests\VideoAnalyzerTests.cs(163,21): error CS0012: The type 'IList<>' is defined in an assembly that is not referenced. You must add a reference to assembly 'mscorlib, Version=4.0.0.0, Culture=neutral, PublicKeyToken=b77a5c561934e089'.
C:\gh\azure-sdk-for-net\sdk\videoanalyzer\Microsoft.Azure.Management.VideoAnalyzer\tests\ScenarioTests\VideoAnalyzerTests.cs(164,21): error CS0518: Predefined type 'System.Void' is not defined or imported
C:\gh\azure-sdk-for-net\sdk\videoanalyzer\Microsoft.Azure.Management.VideoAnalyzer\tests\ScenarioTests\VideoAnalyzerTests.cs(164,36): error CS0518: Predefined type 'System.Object' is not defined or imported
C:\gh\azure-sdk-for-net\sdk\videoanalyzer\Microsoft.Azure.Management.VideoAnalyzer\tests\ScenarioTests\VideoAnalyzerTests.cs(164,36): error CS0518: Predefined type 'System.Void' is not defined or imported
C:\gh\azure-sdk-for-net\sdk\videoanalyzer\Microsoft.Azure.Management.VideoAnalyzer\tests\ScenarioTests\VideoAnalyzerTests.cs(166,25): error CS0518: Predefined type 'System.String' is not defined or imported
C:\gh\azure-sdk-for-net\sdk\videoanalyzer\Microsoft.Azure.Management.VideoAnalyzer\tests\ScenarioTests\VideoAnalyzerTests.cs(166,32): error CS0518: Predefined type 'System.String' is not defined or imported
C:\gh\azure-sdk-for-net\sdk\videoanalyzer\Microsoft.Azure.Management.VideoAnalyzer\tests\ScenarioTests\VideoAnalyzerTests.cs(167,25): error CS0012: The type 'IDictionary<,>' is defined in an assembly that is not referenced. You must add a reference to assembly 'mscorlib, Version=4.0.0.0, Culture=neutral, PublicKeyToken=b77a5c561934e089'.
C:\gh\azure-sdk-for-net\sdk\videoanalyzer\Microsoft.Azure.Management.VideoAnalyzer\tests\ScenarioTests\VideoAnalyzerTests.cs(167,54): error CS0518: Predefined type 'System.Object' is not defined or imported
C:\gh\azure-sdk-for-net\sdk\videoanalyzer\Microsoft.Azure.Management.VideoAnalyzer\tests\ScenarioTests\VideoAnalyzerTests.cs(167,54): error CS0246: The type or namespace name 'Dictionary<,>' could not be found (are you missing a using directive or an assembly reference?)
C:\gh\azure-sdk-for-net\sdk\videoanalyzer\Microsoft.Azure.Management.VideoAnalyzer\tests\ScenarioTests\VideoAnalyzerTests.cs(167,65): error CS0518: Predefined type 'System.String' is not defined or imported
C:\gh\azure-sdk-for-net\sdk\videoanalyzer\Microsoft.Azure.Management.VideoAnalyzer\tests\ScenarioTests\VideoAnalyzerTests.cs(167,73): error CS0518: Predefined type 'System.Object' is not defined or imported
C:\gh\azure-sdk-for-net\sdk\videoanalyzer\Microsoft.Azure.Management.VideoAnalyzer\tests\ScenarioTests\VideoAnalyzerTests.cs(170,57): error CS0518: Predefined type 'System.Object' is not defined or imported
C:\gh\azure-sdk-for-net\sdk\videoanalyzer\Microsoft.Azure.Management.VideoAnalyzer\tests\ScenarioTests\VideoAnalyzerTests.cs(170,57): error CS0518: Predefined type 'System.Void' is not defined or imported
C:\gh\azure-sdk-for-net\sdk\videoanalyzer\Microsoft.Azure.Management.VideoAnalyzer\tests\ScenarioTests\VideoAnalyzerTests.cs(176,17): error CS0518: Predefined type 'System.String' is not defined or imported
C:\gh\azure-sdk-for-net\sdk\videoanalyzer\Microsoft.Azure.Management.VideoAnalyzer\tests\ScenarioTests\VideoAnalyzerTests.cs(178,40): error CS0518: Predefined type 'System.String' is not defined or imported
C:\gh\azure-sdk-for-net\sdk\videoanalyzer\Microsoft.Azure.Management.VideoAnalyzer\tests\ScenarioTests\VideoAnalyzerTests.cs(179,17): error CS0518: Predefined type 'System.Object' is not defined or imported
C:\gh\azure-sdk-for-net\sdk\videoanalyzer\Microsoft.Azure.Management.VideoAnalyzer\tests\ScenarioTests\VideoAnalyzerTests.cs(179,17): error CS0103: The name 'Assert' does not exist in the current context
C:\gh\azure-sdk-for-net\sdk\videoanalyzer\Microsoft.Azure.Management.VideoAnalyzer\tests\ScenarioTests\VideoAnalyzerTests.cs(180,17): error CS0518: Predefined type 'System.Object' is not defined or imported
C:\gh\azure-sdk-for-net\sdk\videoanalyzer\Microsoft.Azure.Management.VideoAnalyzer\tests\ScenarioTests\VideoAnalyzerTests.cs(180,17): error CS0103: The name 'Assert' does not exist in the current context
C:\gh\azure-sdk-for-net\sdk\videoanalyzer\Microsoft.Azure.Management.VideoAnalyzer\tests\ScenarioTests\VideoAnalyzerTests.cs(181,17): error CS0518: Predefined type 'System.Object' is not defined or imported
C:\gh\azure-sdk-for-net\sdk\videoanalyzer\Microsoft.Azure.Management.VideoAnalyzer\tests\ScenarioTests\VideoAnalyzerTests.cs(181,17): error CS0103: The name 'Assert' does not exist in the current context
C:\gh\azure-sdk-for-net\sdk\videoanalyzer\Microsoft.Azure.Management.VideoAnalyzer\tests\ScenarioTests\VideoAnalyzerTests.cs(182,17): error CS0518: Predefined type 'System.Object' is not defined or imported
C:\gh\azure-sdk-for-net\sdk\videoanalyzer\Microsoft.Azure.Management.VideoAnalyzer\tests\ScenarioTests\VideoAnalyzerTests.cs(182,17): error CS0103: The name 'Assert' does not exist in the current context
C:\gh\azure-sdk-for-net\sdk\videoanalyzer\Microsoft.Azure.Management.VideoAnalyzer\tests\ScenarioTests\VideoAnalyzerTests.cs(182,30): error CS0518: Predefined type 'System.Int32' is not defined or imported
C:\gh\azure-sdk-for-net\sdk\videoanalyzer\Microsoft.Azure.Management.VideoAnalyzer\tests\ScenarioTests\VideoAnalyzerTests.cs(183,17): error CS0518: Predefined type 'System.Object' is not defined or imported
C:\gh\azure-sdk-for-net\sdk\videoanalyzer\Microsoft.Azure.Management.VideoAnalyzer\tests\ScenarioTests\VideoAnalyzerTests.cs(183,17): error CS0103: The name 'Assert' does not exist in the current context
C:\gh\azure-sdk-for-net\sdk\videoanalyzer\Microsoft.Azure.Management.VideoAnalyzer\tests\ScenarioTests\VideoAnalyzerTests.cs(183,92): error CS0518: Predefined type 'System.Int32' is not defined or imported
C:\gh\azure-sdk-for-net\sdk\videoanalyzer\Microsoft.Azure.Management.VideoAnalyzer\tests\ScenarioTests\VideoAnalyzerTests.cs(185,17): error CS0518: Predefined type 'System.Void' is not defined or imported
C:\gh\azure-sdk-for-net\sdk\videoanalyzer\Microsoft.Azure.Management.VideoAnalyzer\tests\ScenarioTests\VideoAnalyzerTests.cs(186,17): error CS0518: Predefined type 'System.Object' is not defined or imported
C:\gh\azure-sdk-for-net\sdk\videoanalyzer\Microsoft.Azure.Management.VideoAnalyzer\tests\ScenarioTests\VideoAnalyzerTests.cs(186,54): error CS0518: Predefined type 'System.Object' is not defined or imported
C:\gh\azure-sdk-for-net\sdk\videoanalyzer\Microsoft.Azure.Management.VideoAnalyzer\tests\ScenarioTests\VideoAnalyzerTests.cs(187,17): error CS0518: Predefined type 'System.Object' is not defined or imported
C:\gh\azure-sdk-for-net\sdk\videoanalyzer\Microsoft.Azure.Management.VideoAnalyzer\tests\ScenarioTests\VideoAnalyzerTests.cs(187,54): error CS0518: Predefined type 'System.Object' is not defined or imported
C:\gh\azure-sdk-for-net\sdk\videoanalyzer\Microsoft.Azure.Management.VideoAnalyzer\tests\ScenarioTests\AccessPoliciesTests.cs(21,13): error CS0518: Predefined type 'System.IDisposable' is not defined or imported
C:\gh\azure-sdk-for-net\sdk\videoanalyzer\Microsoft.Azure.Management.VideoAnalyzer\tests\ScenarioTests\AccessPoliciesTests.cs(21,20): error CS0518: Predefined type 'System.Object' is not defined or imported
C:\gh\azure-sdk-for-net\sdk\videoanalyzer\Microsoft.Azure.Management.VideoAnalyzer\tests\ScenarioTests\AccessPoliciesTests.cs(21,20): error CS0246: The type or namespace name 'MockContext' could not be found (are you missing a using directive or an assembly reference?)
C:\gh\azure-sdk-for-net\sdk\videoanalyzer\Microsoft.Azure.Management.VideoAnalyzer\tests\ScenarioTests\AccessPoliciesTests.cs(21,47): error CS0518: Predefined type 'System.Object' is not defined or imported
C:\gh\azure-sdk-for-net\sdk\videoanalyzer\Microsoft.Azure.Management.VideoAnalyzer\tests\ScenarioTests\AccessPoliciesTests.cs(21,89): error CS0518: Predefined type 'System.Object' is not defined or imported
C:\gh\azure-sdk-for-net\sdk\videoanalyzer\Microsoft.Azure.Management.VideoAnalyzer\tests\ScenarioTests\AccessPoliciesTests.cs(21,89): error CS1061: 'AccessPoliciesTest' does not contain a definition for 'GetType' and no accessible extension method 'GetType' accepting a first argument of type 'AccessPoliciesTest' could be found (are you missing a using directive or an assembly reference?)
C:\gh\azure-sdk-for-net\sdk\videoanalyzer\Microsoft.Azure.Management.VideoAnalyzer\tests\ScenarioTests\AccessPoliciesTests.cs(25,21): error CS0518: Predefined type 'System.Object' is not defined or imported
C:\gh\azure-sdk-for-net\sdk\videoanalyzer\Microsoft.Azure.Management.VideoAnalyzer\tests\ScenarioTests\AccessPoliciesTests.cs(27,41): error CS0246: The type or namespace name 'IPage<>' could not be found (are you missing a using directive or an assembly reference?)
C:\gh\azure-sdk-for-net\sdk\videoanalyzer\Microsoft.Azure.Management.VideoAnalyzer\tests\ScenarioTests\AccessPoliciesTests.cs(27,41): error CS0518: Predefined type 'System.String' is not defined or imported
C:\gh\azure-sdk-for-net\sdk\videoanalyzer\Microsoft.Azure.Management.VideoAnalyzer\tests\ScenarioTests\AccessPoliciesTests.cs(28,21): error CS0518: Predefined type 'System.Object' is not defined or imported
C:\gh\azure-sdk-for-net\sdk\videoanalyzer\Microsoft.Azure.Management.VideoAnalyzer\tests\ScenarioTests\AccessPoliciesTests.cs(28,21): error CS0103: The name 'Assert' does not exist in the current context
C:\gh\azure-sdk-for-net\sdk\videoanalyzer\Microsoft.Azure.Management.VideoAnalyzer\tests\ScenarioTests\AccessPoliciesTests.cs(30,44): error CS0518: Predefined type 'System.Object' is not defined or imported
C:\gh\azure-sdk-for-net\sdk\videoanalyzer\Microsoft.Azure.Management.VideoAnalyzer\tests\ScenarioTests\AccessPoliciesTests.cs(30,44): error CS0103: The name 'TestUtilities' does not exist in the current context
C:\gh\azure-sdk-for-net\sdk\videoanalyzer\Microsoft.Azure.Management.VideoAnalyzer\tests\ScenarioTests\AccessPoliciesTests.cs(30,71): error CS0518: Predefined type 'System.String' is not defined or imported
C:\gh\azure-sdk-for-net\sdk\videoanalyzer\Microsoft.Azure.Management.VideoAnalyzer\tests\ScenarioTests\AccessPoliciesTests.cs(32,33): error CS0518: Predefined type 'System.Object' is not defined or imported
C:\gh\azure-sdk-for-net\sdk\videoanalyzer\Microsoft.Azure.Management.VideoAnalyzer\tests\ScenarioTests\AccessPoliciesTests.cs(32,33): error CS0518: Predefined type 'System.Void' is not defined or imported
C:\gh\azure-sdk-for-net\sdk\videoanalyzer\Microsoft.Azure.Management.VideoAnalyzer\tests\ScenarioTests\AccessPoliciesTests.cs(34,25): error CS0012: The type 'IList<>' is defined in an assembly that is not referenced. You must add a reference to assembly 'mscorlib, Version=4.0.0.0, Culture=neutral, PublicKeyToken=b77a5c561934e089'.
C:\gh\azure-sdk-for-net\sdk\videoanalyzer\Microsoft.Azure.Management.VideoAnalyzer\tests\ScenarioTests\AccessPoliciesTests.cs(34,41): error CS0518: Predefined type 'System.Object' is not defined or imported
C:\gh\azure-sdk-for-net\sdk\videoanalyzer\Microsoft.Azure.Management.VideoAnalyzer\tests\ScenarioTests\AccessPoliciesTests.cs(34,41): error CS0246: The type or namespace name 'List<>' could not be found (are you missing a using directive or an assembly reference?)
C:\gh\azure-sdk-for-net\sdk\videoanalyzer\Microsoft.Azure.Management.VideoAnalyzer\tests\ScenarioTests\AccessPoliciesTests.cs(34,46): error CS0518: Predefined type 'System.String' is not defined or imported
C:\gh\azure-sdk-for-net\sdk\videoanalyzer\Microsoft.Azure.Management.VideoAnalyzer\tests\ScenarioTests\AccessPoliciesTests.cs(34,58): error CS0518: Predefined type 'System.String' is not defined or imported
C:\gh\azure-sdk-for-net\sdk\videoanalyzer\Microsoft.Azure.Management.VideoAnalyzer\tests\ScenarioTests\AccessPoliciesTests.cs(36,32): error CS0012: The type 'IList<>' is defined in an assembly that is not referenced. You must add a reference to assembly 'mscorlib, Version=4.0.0.0, Culture=neutral, PublicKeyToken=b77a5c561934e089'.
C:\gh\azure-sdk-for-net\sdk\videoanalyzer\Microsoft.Azure.Management.VideoAnalyzer\tests\ScenarioTests\AccessPoliciesTests.cs(38,117): error CS0518: Predefined type 'System.Object' is not defined or imported
C:\gh\azure-sdk-for-net\sdk\videoanalyzer\Microsoft.Azure.Management.VideoAnalyzer\tests\ScenarioTests\AccessPoliciesTests.cs(39,29): error CS0518: Predefined type 'System.Object' is not defined or imported
C:\gh\azure-sdk-for-net\sdk\videoanalyzer\Microsoft.Azure.Management.VideoAnalyzer\tests\ScenarioTests\AccessPoliciesTests.cs(39,29): error CS0518: Predefined type 'System.Void' is not defined or imported
C:\gh\azure-sdk-for-net\sdk\videoanalyzer\Microsoft.Azure.Management.VideoAnalyzer\tests\ScenarioTests\AccessPoliciesTests.cs(41,29): error CS0012: The type 'IList<>' is defined in an assembly that is not referenced. You must add a reference to assembly 'mscorlib, Version=4.0.0.0, Culture=neutral, PublicKeyToken=b77a5c561934e089'.
C:\gh\azure-sdk-for-net\sdk\videoanalyzer\Microsoft.Azure.Management.VideoAnalyzer\tests\ScenarioTests\AccessPoliciesTests.cs(41,45): error CS0518: Predefined type 'System.Object' is not defined or imported
C:\gh\azure-sdk-for-net\sdk\videoanalyzer\Microsoft.Azure.Management.VideoAnalyzer\tests\ScenarioTests\AccessPoliciesTests.cs(41,45): error CS0246: The type or namespace name 'List<>' could not be found (are you missing a using directive or an assembly reference?)
C:\gh\azure-sdk-for-net\sdk\videoanalyzer\Microsoft.Azure.Management.VideoAnalyzer\tests\ScenarioTests\AccessPoliciesTests.cs(41,50): error CS0518: Predefined type 'System.String' is not defined or imported
C:\gh\azure-sdk-for-net\sdk\videoanalyzer\Microsoft.Azure.Management.VideoAnalyzer\tests\ScenarioTests\AccessPoliciesTests.cs(41,62): error CS0518: Predefined type 'System.String' is not defined or imported
C:\gh\azure-sdk-for-net\sdk\videoanalyzer\Microsoft.Azure.Management.VideoAnalyzer\tests\ScenarioTests\AccessPoliciesTests.cs(42,29): error CS0012: The type 'IList<>' is defined in an assembly that is not referenced. You must add a reference to assembly 'mscorlib, Version=4.0.0.0, Culture=neutral, PublicKeyToken=b77a5c561934e089'.
C:\gh\azure-sdk-for-net\sdk\videoanalyzer\Microsoft.Azure.Management.VideoAnalyzer\tests\ScenarioTests\AccessPoliciesTests.cs(42,43): error CS0518: Predefined type 'System.Object' is not defined or imported
C:\gh\azure-sdk-for-net\sdk\videoanalyzer\Microsoft.Azure.Management.VideoAnalyzer\tests\ScenarioTests\AccessPoliciesTests.cs(42,43): error CS0246: The type or namespace name 'List<>' could not be found (are you missing a using directive or an assembly reference?)
C:\gh\azure-sdk-for-net\sdk\videoanalyzer\Microsoft.Azure.Management.VideoAnalyzer\tests\ScenarioTests\AccessPoliciesTests.cs(42,48): error CS0518: Predefined type 'System.String' is not defined or imported
C:\gh\azure-sdk-for-net\sdk\videoanalyzer\Microsoft.Azure.Management.VideoAnalyzer\tests\ScenarioTests\AccessPoliciesTests.cs(42,60): error CS0518: Predefined type 'System.String' is not defined or imported
C:\gh\azure-sdk-for-net\sdk\videoanalyzer\Microsoft.Azure.Management.VideoAnalyzer\tests\ScenarioTests\AccessPoliciesTests.cs(43,29): error CS0012: The type 'IList<>' is defined in an assembly that is not referenced. You must add a reference to assembly 'mscorlib, Version=4.0.0.0, Culture=neutral, PublicKeyToken=b77a5c561934e089'.
C:\gh\azure-sdk-for-net\sdk\videoanalyzer\Microsoft.Azure.Management.VideoAnalyzer\tests\ScenarioTests\AccessPoliciesTests.cs(43,40): error CS0518: Predefined type 'System.Object' is not defined or imported
C:\gh\azure-sdk-for-net\sdk\videoanalyzer\Microsoft.Azure.Management.VideoAnalyzer\tests\ScenarioTests\AccessPoliciesTests.cs(43,40): error CS0246: The type or namespace name 'List<>' could not be found (are you missing a using directive or an assembly reference?)
C:\gh\azure-sdk-for-net\sdk\videoanalyzer\Microsoft.Azure.Management.VideoAnalyzer\tests\ScenarioTests\AccessPoliciesTests.cs(43,45): error CS0518: Predefined type 'System.Object' is not defined or imported
C:\gh\azure-sdk-for-net\sdk\videoanalyzer\Microsoft.Azure.Management.VideoAnalyzer\tests\ScenarioTests\AccessPoliciesTests.cs(43,63): error CS0518: Predefined type 'System.Object' is not defined or imported
C:\gh\azure-sdk-for-net\sdk\videoanalyzer\Microsoft.Azure.Management.VideoAnalyzer\tests\ScenarioTests\AccessPoliciesTests.cs(43,63): error CS0518: Predefined type 'System.Void' is not defined or imported
C:\gh\azure-sdk-for-net\sdk\videoanalyzer\Microsoft.Azure.Management.VideoAnalyzer\tests\ScenarioTests\AccessPoliciesTests.cs(45,33): error CS0518: Predefined type 'System.Void' is not defined or imported
C:\gh\azure-sdk-for-net\sdk\videoanalyzer\Microsoft.Azure.Management.VideoAnalyzer\tests\ScenarioTests\AccessPoliciesTests.cs(45,39): error CS0518: Predefined type 'System.Object' is not defined or imported
C:\gh\azure-sdk-for-net\sdk\videoanalyzer\Microsoft.Azure.Management.VideoAnalyzer\tests\ScenarioTests\AccessPoliciesTests.cs(46,33): error CS0518: Predefined type 'System.String' is not defined or imported
C:\gh\azure-sdk-for-net\sdk\videoanalyzer\Microsoft.Azure.Management.VideoAnalyzer\tests\ScenarioTests\AccessPoliciesTests.cs(46,37): error CS0518: Predefined type 'System.String' is not defined or imported
C:\gh\azure-sdk-for-net\sdk\videoanalyzer\Microsoft.Azure.Management.VideoAnalyzer\tests\ScenarioTests\AccessPoliciesTests.cs(47,33): error CS0518: Predefined type 'System.String' is not defined or imported
C:\gh\azure-sdk-for-net\sdk\videoanalyzer\Microsoft.Azure.Management.VideoAnalyzer\tests\ScenarioTests\AccessPoliciesTests.cs(47,35): error CS0518: Predefined type 'System.String' is not defined or imported
C:\gh\azure-sdk-for-net\sdk\videoanalyzer\Microsoft.Azure.Management.VideoAnalyzer\tests\ScenarioTests\AccessPoliciesTests.cs(48,33): error CS0518: Predefined type 'System.String' is not defined or imported
C:\gh\azure-sdk-for-net\sdk\videoanalyzer\Microsoft.Azure.Management.VideoAnalyzer\tests\ScenarioTests\AccessPoliciesTests.cs(48,35): error CS0518: Predefined type 'System.String' is not defined or imported
C:\gh\azure-sdk-for-net\sdk\videoanalyzer\Microsoft.Azure.Management.VideoAnalyzer\tests\ScenarioTests\AccessPoliciesTests.cs(38,21): error CS0518: Predefined type 'System.String' is not defined or imported
C:\gh\azure-sdk-for-net\sdk\videoanalyzer\Microsoft.Azure.Management.VideoAnalyzer\tests\ScenarioTests\AccessPoliciesTests.cs(53,40): error CS0518: Predefined type 'System.String' is not defined or imported
C:\gh\azure-sdk-for-net\sdk\videoanalyzer\Microsoft.Azure.Management.VideoAnalyzer\tests\ScenarioTests\AccessPoliciesTests.cs(54,21): error CS0518: Predefined type 'System.Object' is not defined or imported
C:\gh\azure-sdk-for-net\sdk\videoanalyzer\Microsoft.Azure.Management.VideoAnalyzer\tests\ScenarioTests\AccessPoliciesTests.cs(54,21): error CS0103: The name 'Assert' does not exist in the current context
C:\gh\azure-sdk-for-net\sdk\videoanalyzer\Microsoft.Azure.Management.VideoAnalyzer\tests\ScenarioTests\AccessPoliciesTests.cs(55,21): error CS0518: Predefined type 'System.Object' is not defined or imported
C:\gh\azure-sdk-for-net\sdk\videoanalyzer\Microsoft.Azure.Management.VideoAnalyzer\tests\ScenarioTests\AccessPoliciesTests.cs(55,21): error CS0103: The name 'Assert' does not exist in the current context
C:\gh\azure-sdk-for-net\sdk\videoanalyzer\Microsoft.Azure.Management.VideoAnalyzer\tests\ScenarioTests\AccessPoliciesTests.cs(57,37): error CS0246: The type or namespace name 'IPage<>' could not be found (are you missing a using directive or an assembly reference?)
C:\gh\azure-sdk-for-net\sdk\videoanalyzer\Microsoft.Azure.Management.VideoAnalyzer\tests\ScenarioTests\AccessPoliciesTests.cs(57,37): error CS0518: Predefined type 'System.String' is not defined or imported
C:\gh\azure-sdk-for-net\sdk\videoanalyzer\Microsoft.Azure.Management.VideoAnalyzer\tests\ScenarioTests\AccessPoliciesTests.cs(58,21): error CS0518: Predefined type 'System.Object' is not defined or imported
C:\gh\azure-sdk-for-net\sdk\videoanalyzer\Microsoft.Azure.Management.VideoAnalyzer\tests\ScenarioTests\AccessPoliciesTests.cs(58,21): error CS0103: The name 'Assert' does not exist in the current context
C:\gh\azure-sdk-for-net\sdk\videoanalyzer\Microsoft.Azure.Management.VideoAnalyzer\tests\ScenarioTests\AccessPoliciesTests.cs(59,21): error CS0518: Predefined type 'System.Object' is not defined or imported
C:\gh\azure-sdk-for-net\sdk\videoanalyzer\Microsoft.Azure.Management.VideoAnalyzer\tests\ScenarioTests\AccessPoliciesTests.cs(59,21): error CS0103: The name 'Assert' does not exist in the current context
C:\gh\azure-sdk-for-net\sdk\videoanalyzer\Microsoft.Azure.Management.VideoAnalyzer\tests\ScenarioTests\AccessPoliciesTests.cs(61,21): error CS0518: Predefined type 'System.Void' is not defined or imported
C:\gh\azure-sdk-for-net\sdk\videoanalyzer\Microsoft.Azure.Management.VideoAnalyzer\tests\ScenarioTests\AccessPoliciesTests.cs(63,37): error CS0246: The type or namespace name 'IPage<>' could not be found (are you missing a using directive or an assembly reference?)
C:\gh\azure-sdk-for-net\sdk\videoanalyzer\Microsoft.Azure.Management.VideoAnalyzer\tests\ScenarioTests\AccessPoliciesTests.cs(63,37): error CS0518: Predefined type 'System.String' is not defined or imported
C:\gh\azure-sdk-for-net\sdk\videoanalyzer\Microsoft.Azure.Management.VideoAnalyzer\tests\ScenarioTests\AccessPoliciesTests.cs(64,21): error CS0518: Predefined type 'System.Object' is not defined or imported
C:\gh\azure-sdk-for-net\sdk\videoanalyzer\Microsoft.Azure.Management.VideoAnalyzer\tests\ScenarioTests\AccessPoliciesTests.cs(64,21): error CS0103: The name 'Assert' does not exist in the current context
C:\gh\azure-sdk-for-net\sdk\videoanalyzer\Microsoft.Azure.Management.VideoAnalyzer\tests\ScenarioTests\AccessPoliciesTests.cs(68,21): error CS0518: Predefined type 'System.Object' is not defined or imported
C:\gh\azure-sdk-for-net\sdk\videoanalyzer\Microsoft.Azure.Management.VideoAnalyzer\tests\ScenarioTests\AccessPoliciesTests.cs(16,18): error CS0518: Predefined type 'System.Void' is not defined or imported
C:\gh\azure-sdk-for-net\sdk\videoanalyzer\Microsoft.Azure.Management.VideoAnalyzer\tests\ScenarioTests\VideoAnalyzerTests.cs(195,13): error CS0518: Predefined type 'System.IDisposable' is not defined or imported
C:\gh\azure-sdk-for-net\sdk\videoanalyzer\Microsoft.Azure.Management.VideoAnalyzer\tests\ScenarioTests\VideoAnalyzerTests.cs(195,20): error CS0518: Predefined type 'System.Object' is not defined or imported
C:\gh\azure-sdk-for-net\sdk\videoanalyzer\Microsoft.Azure.Management.VideoAnalyzer\tests\ScenarioTests\VideoAnalyzerTests.cs(195,20): error CS0246: The type or namespace name 'MockContext' could not be found (are you missing a using directive or an assembly reference?)
C:\gh\azure-sdk-for-net\sdk\videoanalyzer\Microsoft.Azure.Management.VideoAnalyzer\tests\ScenarioTests\VideoAnalyzerTests.cs(195,47): error CS0518: Predefined type 'System.Object' is not defined or imported
C:\gh\azure-sdk-for-net\sdk\videoanalyzer\Microsoft.Azure.Management.VideoAnalyzer\tests\ScenarioTests\VideoAnalyzerTests.cs(195,89): error CS0518: Predefined type 'System.Object' is not defined or imported
C:\gh\azure-sdk-for-net\sdk\videoanalyzer\Microsoft.Azure.Management.VideoAnalyzer\tests\ScenarioTests\VideoAnalyzerTests.cs(195,89): error CS1061: 'VideoAnalyzerTests' does not contain a definition for 'GetType' and no accessible extension method 'GetType' accepting a first argument of type 'VideoAnalyzerTests' could be found (are you missing a using directive or an assembly reference?)
C:\gh\azure-sdk-for-net\sdk\videoanalyzer\Microsoft.Azure.Management.VideoAnalyzer\tests\ScenarioTests\VideoAnalyzerTests.cs(199,42): error CS0518: Predefined type 'System.String' is not defined or imported
C:\gh\azure-sdk-for-net\sdk\videoanalyzer\Microsoft.Azure.Management.VideoAnalyzer\tests\ScenarioTests\VideoAnalyzerTests.cs(199,42): error CS0246: The type or namespace name 'IPage<>' could not be found (are you missing a using directive or an assembly reference?)
C:\gh\azure-sdk-for-net\sdk\videoanalyzer\Microsoft.Azure.Management.VideoAnalyzer\tests\ScenarioTests\VideoAnalyzerTests.cs(200,21): error CS0518: Predefined type 'System.Object' is not defined or imported
C:\gh\azure-sdk-for-net\sdk\videoanalyzer\Microsoft.Azure.Management.VideoAnalyzer\tests\ScenarioTests\VideoAnalyzerTests.cs(200,21): error CS0103: The name 'Assert' does not exist in the current context
C:\gh\azure-sdk-for-net\sdk\videoanalyzer\Microsoft.Azure.Management.VideoAnalyzer\tests\ScenarioTests\VideoAnalyzerTests.cs(202,21): error CS0518: Predefined type 'System.Object' is not defined or imported
C:\gh\azure-sdk-for-net\sdk\videoanalyzer\Microsoft.Azure.Management.VideoAnalyzer\tests\ScenarioTests\VideoAnalyzerTests.cs(204,36): error CS0518: Predefined type 'System.Object' is not defined or imported
C:\gh\azure-sdk-for-net\sdk\videoanalyzer\Microsoft.Azure.Management.VideoAnalyzer\tests\ScenarioTests\VideoAnalyzerTests.cs(204,73): error CS0518: Predefined type 'System.Object' is not defined or imported
C:\gh\azure-sdk-for-net\sdk\videoanalyzer\Microsoft.Azure.Management.VideoAnalyzer\tests\ScenarioTests\VideoAnalyzerTests.cs(204,104): error CS0518: Predefined type 'System.Object' is not defined or imported
C:\gh\azure-sdk-for-net\sdk\videoanalyzer\Microsoft.Azure.Management.VideoAnalyzer\tests\ScenarioTests\VideoAnalyzerTests.cs(205,75): error CS0518: Predefined type 'System.String' is not defined or imported
C:\gh\azure-sdk-for-net\sdk\videoanalyzer\Microsoft.Azure.Management.VideoAnalyzer\tests\ScenarioTests\VideoAnalyzerTests.cs(205,80): error CS0518: Predefined type 'System.String' is not defined or imported
C:\gh\azure-sdk-for-net\sdk\videoanalyzer\Microsoft.Azure.Management.VideoAnalyzer\tests\ScenarioTests\VideoAnalyzerTests.cs(207,38): error CS0518: Predefined type 'System.String' is not defined or imported
C:\gh\azure-sdk-for-net\sdk\videoanalyzer\Microsoft.Azure.Management.VideoAnalyzer\tests\ScenarioTests\VideoAnalyzerTests.cs(207,38): error CS0246: The type or namespace name 'IPage<>' could not be found (are you missing a using directive or an assembly reference?)
C:\gh\azure-sdk-for-net\sdk\videoanalyzer\Microsoft.Azure.Management.VideoAnalyzer\tests\ScenarioTests\VideoAnalyzerTests.cs(208,21): error CS0518: Predefined type 'System.Object' is not defined or imported
C:\gh\azure-sdk-for-net\sdk\videoanalyzer\Microsoft.Azure.Management.VideoAnalyzer\tests\ScenarioTests\VideoAnalyzerTests.cs(208,21): error CS0103: The name 'Assert' does not exist in the current context
C:\gh\azure-sdk-for-net\sdk\videoanalyzer\Microsoft.Azure.Management.VideoAnalyzer\tests\ScenarioTests\VideoAnalyzerTests.cs(210,44): error CS0518: Predefined type 'System.String' is not defined or imported
C:\gh\azure-sdk-for-net\sdk\videoanalyzer\Microsoft.Azure.Management.VideoAnalyzer\tests\ScenarioTests\VideoAnalyzerTests.cs(211,21): error CS0518: Predefined type 'System.Object' is not defined or imported
C:\gh\azure-sdk-for-net\sdk\videoanalyzer\Microsoft.Azure.Management.VideoAnalyzer\tests\ScenarioTests\VideoAnalyzerTests.cs(211,21): error CS0103: The name 'Assert' does not exist in the current context
C:\gh\azure-sdk-for-net\sdk\videoanalyzer\Microsoft.Azure.Management.VideoAnalyzer\tests\ScenarioTests\VideoAnalyzerTests.cs(212,21): error CS0518: Predefined type 'System.Object' is not defined or imported
C:\gh\azure-sdk-for-net\sdk\videoanalyzer\Microsoft.Azure.Management.VideoAnalyzer\tests\ScenarioTests\VideoAnalyzerTests.cs(212,21): error CS0103: The name 'Assert' does not exist in the current context
C:\gh\azure-sdk-for-net\sdk\videoanalyzer\Microsoft.Azure.Management.VideoAnalyzer\tests\ScenarioTests\VideoAnalyzerTests.cs(214,43): error CS0518: Predefined type 'System.Object' is not defined or imported
C:\gh\azure-sdk-for-net\sdk\videoanalyzer\Microsoft.Azure.Management.VideoAnalyzer\tests\ScenarioTests\VideoAnalyzerTests.cs(214,43): error CS0246: The type or namespace name 'Dictionary<,>' could not be found (are you missing a using directive or an assembly reference?)
C:\gh\azure-sdk-for-net\sdk\videoanalyzer\Microsoft.Azure.Management.VideoAnalyzer\tests\ScenarioTests\VideoAnalyzerTests.cs(214,54): error CS0518: Predefined type 'System.String' is not defined or imported
C:\gh\azure-sdk-for-net\sdk\videoanalyzer\Microsoft.Azure.Management.VideoAnalyzer\tests\ScenarioTests\VideoAnalyzerTests.cs(214,62): error CS0518: Predefined type 'System.String' is not defined or imported
C:\gh\azure-sdk-for-net\sdk\videoanalyzer\Microsoft.Azure.Management.VideoAnalyzer\tests\ScenarioTests\VideoAnalyzerTests.cs(216,23): error CS0518: Predefined type 'System.String' is not defined or imported
C:\gh\azure-sdk-for-net\sdk\videoanalyzer\Microsoft.Azure.Management.VideoAnalyzer\tests\ScenarioTests\VideoAnalyzerTests.cs(216,30): error CS0518: Predefined type 'System.String' is not defined or imported
C:\gh\azure-sdk-for-net\sdk\videoanalyzer\Microsoft.Azure.Management.VideoAnalyzer\tests\ScenarioTests\VideoAnalyzerTests.cs(217,23): error CS0518: Predefined type 'System.String' is not defined or imported
C:\gh\azure-sdk-for-net\sdk\videoanalyzer\Microsoft.Azure.Management.VideoAnalyzer\tests\ScenarioTests\VideoAnalyzerTests.cs(217,30): error CS0518: Predefined type 'System.String' is not defined or imported
C:\gh\azure-sdk-for-net\sdk\videoanalyzer\Microsoft.Azure.Management.VideoAnalyzer\tests\ScenarioTests\VideoAnalyzerTests.cs(219,95): error CS0518: Predefined type 'System.Object' is not defined or imported
C:\gh\azure-sdk-for-net\sdk\videoanalyzer\Microsoft.Azure.Management.VideoAnalyzer\tests\ScenarioTests\VideoAnalyzerTests.cs(219,95): error CS0518: Predefined type 'System.Void' is not defined or imported
C:\gh\azure-sdk-for-net\sdk\videoanalyzer\Microsoft.Azure.Management.VideoAnalyzer\tests\ScenarioTests\VideoAnalyzerTests.cs(221,25): error CS0012: The type 'IDictionary<,>' is defined in an assembly that is not referenced. You must add a reference to assembly 'mscorlib, Version=4.0.0.0, Culture=neutral, PublicKeyToken=b77a5c561934e089'.
C:\gh\azure-sdk-for-net\sdk\videoanalyzer\Microsoft.Azure.Management.VideoAnalyzer\tests\ScenarioTests\VideoAnalyzerTests.cs(219,21): error CS0518: Predefined type 'System.String' is not defined or imported
C:\gh\azure-sdk-for-net\sdk\videoanalyzer\Microsoft.Azure.Management.VideoAnalyzer\tests\ScenarioTests\VideoAnalyzerTests.cs(224,40): error CS0518: Predefined type 'System.String' is not defined or imported
C:\gh\azure-sdk-for-net\sdk\videoanalyzer\Microsoft.Azure.Management.VideoAnalyzer\tests\ScenarioTests\VideoAnalyzerTests.cs(225,21): error CS0518: Predefined type 'System.Object' is not defined or imported
C:\gh\azure-sdk-for-net\sdk\videoanalyzer\Microsoft.Azure.Management.VideoAnalyzer\tests\ScenarioTests\VideoAnalyzerTests.cs(225,21): error CS0103: The name 'Assert' does not exist in the current context
C:\gh\azure-sdk-for-net\sdk\videoanalyzer\Microsoft.Azure.Management.VideoAnalyzer\tests\ScenarioTests\VideoAnalyzerTests.cs(226,21): error CS0518: Predefined type 'System.Object' is not defined or imported
C:\gh\azure-sdk-for-net\sdk\videoanalyzer\Microsoft.Azure.Management.VideoAnalyzer\tests\ScenarioTests\VideoAnalyzerTests.cs(226,21): error CS0103: The name 'Assert' does not exist in the current context
C:\gh\azure-sdk-for-net\sdk\videoanalyzer\Microsoft.Azure.Management.VideoAnalyzer\tests\ScenarioTests\VideoAnalyzerTests.cs(227,21): error CS0518: Predefined type 'System.Object' is not defined or imported
C:\gh\azure-sdk-for-net\sdk\videoanalyzer\Microsoft.Azure.Management.VideoAnalyzer\tests\ScenarioTests\VideoAnalyzerTests.cs(227,21): error CS0103: The name 'Assert' does not exist in the current context
C:\gh\azure-sdk-for-net\sdk\videoanalyzer\Microsoft.Azure.Management.VideoAnalyzer\tests\ScenarioTests\VideoAnalyzerTests.cs(232,26): error CS0518: Predefined type 'System.String' is not defined or imported
C:\gh\azure-sdk-for-net\sdk\videoanalyzer\Microsoft.Azure.Management.VideoAnalyzer\tests\ScenarioTests\VideoAnalyzerTests.cs(232,25): error CS0518: Predefined type 'System.Boolean' is not defined or imported
C:\gh\azure-sdk-for-net\sdk\videoanalyzer\Microsoft.Azure.Management.VideoAnalyzer\tests\ScenarioTests\VideoAnalyzerTests.cs(234,25): error CS0518: Predefined type 'System.Object' is not defined or imported
C:\gh\azure-sdk-for-net\sdk\videoanalyzer\Microsoft.Azure.Management.VideoAnalyzer\tests\ScenarioTests\VideoAnalyzerTests.cs(234,62): error CS0518: Predefined type 'System.Object' is not defined or imported
C:\gh\azure-sdk-for-net\sdk\videoanalyzer\Microsoft.Azure.Management.VideoAnalyzer\tests\ScenarioTests\VideoAnalyzerTests.cs(237,25): error CS0518: Predefined type 'System.Boolean' is not defined or imported
C:\gh\azure-sdk-for-net\sdk\videoanalyzer\Microsoft.Azure.Management.VideoAnalyzer\tests\ScenarioTests\VideoAnalyzerTests.cs(237,25): error CS0518: Predefined type 'System.Boolean' is not defined or imported
C:\gh\azure-sdk-for-net\sdk\videoanalyzer\Microsoft.Azure.Management.VideoAnalyzer\tests\ScenarioTests\VideoAnalyzerTests.cs(239,25): error CS0518: Predefined type 'System.Object' is not defined or imported
C:\gh\azure-sdk-for-net\sdk\videoanalyzer\Microsoft.Azure.Management.VideoAnalyzer\tests\ScenarioTests\VideoAnalyzerTests.cs(239,62): error CS0518: Predefined type 'System.Object' is not defined or imported
C:\gh\azure-sdk-for-net\sdk\videoanalyzer\Microsoft.Azure.Management.VideoAnalyzer\tests\ScenarioTests\VideoAnalyzerTests.cs(242,26): error CS0518: Predefined type 'System.String' is not defined or imported
C:\gh\azure-sdk-for-net\sdk\videoanalyzer\Microsoft.Azure.Management.VideoAnalyzer\tests\ScenarioTests\VideoAnalyzerTests.cs(242,25): error CS0518: Predefined type 'System.Boolean' is not defined or imported
C:\gh\azure-sdk-for-net\sdk\videoanalyzer\Microsoft.Azure.Management.VideoAnalyzer\tests\ScenarioTests\VideoAnalyzerTests.cs(244,25): error CS0518: Predefined type 'System.Object' is not defined or imported
C:\gh\azure-sdk-for-net\sdk\videoanalyzer\Microsoft.Azure.Management.VideoAnalyzer\tests\ScenarioTests\VideoAnalyzerTests.cs(244,62): error CS0518: Predefined type 'System.Object' is not defined or imported
C:\gh\azure-sdk-for-net\sdk\videoanalyzer\Microsoft.Azure.Management.VideoAnalyzer\tests\ScenarioTests\VideoAnalyzerTests.cs(253,13): error CS0518: Predefined type 'System.IDisposable' is not defined or imported
C:\gh\azure-sdk-for-net\sdk\videoanalyzer\Microsoft.Azure.Management.VideoAnalyzer\tests\ScenarioTests\VideoAnalyzerTests.cs(253,20): error CS0518: Predefined type 'System.Object' is not defined or imported
C:\gh\azure-sdk-for-net\sdk\videoanalyzer\Microsoft.Azure.Management.VideoAnalyzer\tests\ScenarioTests\VideoAnalyzerTests.cs(253,20): error CS0246: The type or namespace name 'MockContext' could not be found (are you missing a using directive or an assembly reference?)
C:\gh\azure-sdk-for-net\sdk\videoanalyzer\Microsoft.Azure.Management.VideoAnalyzer\tests\ScenarioTests\VideoAnalyzerTests.cs(253,47): error CS0518: Predefined type 'System.Object' is not defined or imported
C:\gh\azure-sdk-for-net\sdk\videoanalyzer\Microsoft.Azure.Management.VideoAnalyzer\tests\ScenarioTests\VideoAnalyzerTests.cs(253,89): error CS0518: Predefined type 'System.Object' is not defined or imported
C:\gh\azure-sdk-for-net\sdk\videoanalyzer\Microsoft.Azure.Management.VideoAnalyzer\tests\ScenarioTests\VideoAnalyzerTests.cs(253,89): error CS1061: 'VideoAnalyzerTests' does not contain a definition for 'GetType' and no accessible extension method 'GetType' accepting a first argument of type 'VideoAnalyzerTests' could be found (are you missing a using directive or an assembly reference?)
C:\gh\azure-sdk-for-net\sdk\videoanalyzer\Microsoft.Azure.Management.VideoAnalyzer\tests\ScenarioTests\VideoAnalyzerTests.cs(257,42): error CS0518: Predefined type 'System.String' is not defined or imported
C:\gh\azure-sdk-for-net\sdk\videoanalyzer\Microsoft.Azure.Management.VideoAnalyzer\tests\ScenarioTests\VideoAnalyzerTests.cs(257,42): error CS0246: The type or namespace name 'IPage<>' could not be found (are you missing a using directive or an assembly reference?)
C:\gh\azure-sdk-for-net\sdk\videoanalyzer\Microsoft.Azure.Management.VideoAnalyzer\tests\ScenarioTests\VideoAnalyzerTests.cs(258,21): error CS0518: Predefined type 'System.Object' is not defined or imported
C:\gh\azure-sdk-for-net\sdk\videoanalyzer\Microsoft.Azure.Management.VideoAnalyzer\tests\ScenarioTests\VideoAnalyzerTests.cs(258,21): error CS0103: The name 'Assert' does not exist in the current context
C:\gh\azure-sdk-for-net\sdk\videoanalyzer\Microsoft.Azure.Management.VideoAnalyzer\tests\ScenarioTests\VideoAnalyzerTests.cs(260,21): error CS0518: Predefined type 'System.Object' is not defined or imported
C:\gh\azure-sdk-for-net\sdk\videoanalyzer\Microsoft.Azure.Management.VideoAnalyzer\tests\ScenarioTests\VideoAnalyzerTests.cs(262,36): error CS0518: Predefined type 'System.Object' is not defined or imported
C:\gh\azure-sdk-for-net\sdk\videoanalyzer\Microsoft.Azure.Management.VideoAnalyzer\tests\ScenarioTests\VideoAnalyzerTests.cs(262,73): error CS0518: Predefined type 'System.Object' is not defined or imported
C:\gh\azure-sdk-for-net\sdk\videoanalyzer\Microsoft.Azure.Management.VideoAnalyzer\tests\ScenarioTests\VideoAnalyzerTests.cs(262,104): error CS0518: Predefined type 'System.Object' is not defined or imported
C:\gh\azure-sdk-for-net\sdk\videoanalyzer\Microsoft.Azure.Management.VideoAnalyzer\tests\ScenarioTests\VideoAnalyzerTests.cs(263,75): error CS0518: Predefined type 'System.String' is not defined or imported
C:\gh\azure-sdk-for-net\sdk\videoanalyzer\Microsoft.Azure.Management.VideoAnalyzer\tests\ScenarioTests\VideoAnalyzerTests.cs(263,80): error CS0518: Predefined type 'System.String' is not defined or imported
C:\gh\azure-sdk-for-net\sdk\videoanalyzer\Microsoft.Azure.Management.VideoAnalyzer\tests\ScenarioTests\VideoAnalyzerTests.cs(265,38): error CS0518: Predefined type 'System.String' is not defined or imported
C:\gh\azure-sdk-for-net\sdk\videoanalyzer\Microsoft.Azure.Management.VideoAnalyzer\tests\ScenarioTests\VideoAnalyzerTests.cs(265,38): error CS0246: The type or namespace name 'IPage<>' could not be found (are you missing a using directive or an assembly reference?)
C:\gh\azure-sdk-for-net\sdk\videoanalyzer\Microsoft.Azure.Management.VideoAnalyzer\tests\ScenarioTests\VideoAnalyzerTests.cs(266,21): error CS0518: Predefined type 'System.Object' is not defined or imported
C:\gh\azure-sdk-for-net\sdk\videoanalyzer\Microsoft.Azure.Management.VideoAnalyzer\tests\ScenarioTests\VideoAnalyzerTests.cs(266,21): error CS0103: The name 'Assert' does not exist in the current context
C:\gh\azure-sdk-for-net\sdk\videoanalyzer\Microsoft.Azure.Management.VideoAnalyzer\tests\ScenarioTests\VideoAnalyzerTests.cs(268,21): error CS0518: Predefined type 'System.Void' is not defined or imported
C:\gh\azure-sdk-for-net\sdk\videoanalyzer\Microsoft.Azure.Management.VideoAnalyzer\tests\ScenarioTests\VideoAnalyzerTests.cs(269,38): error CS0518: Predefined type 'System.String' is not defined or imported
C:\gh\azure-sdk-for-net\sdk\videoanalyzer\Microsoft.Azure.Management.VideoAnalyzer\tests\ScenarioTests\VideoAnalyzerTests.cs(269,38): error CS0246: The type or namespace name 'IPage<>' could not be found (are you missing a using directive or an assembly reference?)
C:\gh\azure-sdk-for-net\sdk\videoanalyzer\Microsoft.Azure.Management.VideoAnalyzer\tests\ScenarioTests\VideoAnalyzerTests.cs(270,21): error CS0518: Predefined type 'System.Object' is not defined or imported
C:\gh\azure-sdk-for-net\sdk\videoanalyzer\Microsoft.Azure.Management.VideoAnalyzer\tests\ScenarioTests\VideoAnalyzerTests.cs(270,21): error CS0103: The name 'Assert' does not exist in the current context
C:\gh\azure-sdk-for-net\sdk\videoanalyzer\Microsoft.Azure.Management.VideoAnalyzer\tests\ScenarioTests\VideoAnalyzerTests.cs(274,21): error CS0518: Predefined type 'System.Object' is not defined or imported
C:\gh\azure-sdk-for-net\sdk\videoanalyzer\Microsoft.Azure.Management.VideoAnalyzer\tests\ScenarioTests\VideoAnalyzerTests.cs(16,18): error CS0518: Predefined type 'System.Void' is not defined or imported
C:\gh\azure-sdk-for-net\sdk\videoanalyzer\Microsoft.Azure.Management.VideoAnalyzer\tests\Helpers\VideoAnalyzerManagementTestUtilities.cs(15,1): hidden CS8019: Unnecessary using directive.
C:\gh\azure-sdk-for-net\sdk\videoanalyzer\Microsoft.Azure.Management.VideoAnalyzer\tests\ScenarioTests\VideoAnalyzerTestBase.cs(11,1): hidden CS8019: Unnecessary using directive.
C:\gh\azure-sdk-for-net\sdk\videoanalyzer\Microsoft.Azure.Management.VideoAnalyzer\tests\ScenarioTests\VideoAnalyzerTestBase.cs(8,1): hidden CS8019: Unnecessary using directive.
C:\gh\azure-sdk-for-net\sdk\videoanalyzer\Microsoft.Azure.Management.VideoAnalyzer\tests\ScenarioTests\VideosTests.cs(8,1): hidden CS8019: Unnecessary using directive.
C:\gh\azure-sdk-for-net\sdk\videoanalyzer\Microsoft.Azure.Management.VideoAnalyzer\tests\ScenarioTests\VideosTests.cs(9,1): hidden CS8019: Unnecessary using directive.
C:\gh\azure-sdk-for-net\sdk\videoanalyzer\Microsoft.Azure.Management.VideoAnalyzer\tests\ScenarioTests\VideoAnalyzerTestBase.cs(16,1): hidden CS8019: Unnecessary using directive.
C:\gh\azure-sdk-for-net\sdk\videoanalyzer\Microsoft.Azure.Management.VideoAnalyzer\tests\ScenarioTests\AccessPoliciesTests.cs(8,1): hidden CS8019: Unnecessary using directive.
C:\gh\azure-sdk-for-net\sdk\videoanalyzer\Microsoft.Azure.Management.VideoAnalyzer\tests\ScenarioTests\AccessPoliciesTests.cs(9,1): hidden CS8019: Unnecessary using directive.
C:\gh\azure-sdk-for-net\sdk\videoanalyzer\Microsoft.Azure.Management.VideoAnalyzer\tests\ScenarioTests\VideoAnalyzerTestBase.cs(15,1): hidden CS8019: Unnecessary using directive.
C:\gh\azure-sdk-for-net\sdk\videoanalyzer\Microsoft.Azure.Management.VideoAnalyzer\tests\ScenarioTests\VideoAnalyzerTestBase.cs(10,1): hidden CS8019: Unnecessary using directive.
C:\gh\azure-sdk-for-net\sdk\videoanalyzer\Microsoft.Azure.Management.VideoAnalyzer\tests\ScenarioTests\VideoAnalyzerTests.cs(7,1): hidden CS8019: Unnecessary using directive.
C:\gh\azure-sdk-for-net\sdk\videoanalyzer\Microsoft.Azure.Management.VideoAnalyzer\tests\ScenarioTests\VideoAnalyzerTests.cs(10,1): hidden CS8019: Unnecessary using directive.
C:\gh\azure-sdk-for-net\sdk\videoanalyzer\Microsoft.Azure.Management.VideoAnalyzer\tests\ScenarioTests\VideoAnalyzerTestBase.cs(9,1): hidden CS8019: Unnecessary using directive.
C:\gh\azure-sdk-for-net\sdk\videoanalyzer\Microsoft.Azure.Management.VideoAnalyzer\tests\ScenarioTests\VideoAnalyzerTestBase.cs(14,1): hidden CS8019: Unnecessary using directive.
C:\gh\azure-sdk-for-net\sdk\videoanalyzer\Microsoft.Azure.Management.VideoAnalyzer\tests\Properties\AssemblyInfo.cs(4,1): hidden CS8019: Unnecessary using directive.
C:\gh\azure-sdk-for-net\sdk\videoanalyzer\Microsoft.Azure.Management.VideoAnalyzer\tests\ScenarioTests\VideoAnalyzerTests.cs(12,1): hidden CS8019: Unnecessary using directive.
C:\gh\azure-sdk-for-net\sdk\videoanalyzer\Microsoft.Azure.Management.VideoAnalyzer\tests\ScenarioTests\EdgeModulesTests.cs(4,1): hidden CS8019: Unnecessary using directive.
C:\gh\azure-sdk-for-net\eng\mgmt\DisableTestRunParallel.cs(4,1): hidden CS8019: Unnecessary using directive.
C:\gh\azure-sdk-for-net\sdk\videoanalyzer\Microsoft.Azure.Management.VideoAnalyzer\tests\ScenarioTests\VideoAnalyzerTests.cs(11,1): hidden CS8019: Unnecessary using directive.
C:\gh\azure-sdk-for-net\sdk\videoanalyzer\Microsoft.Azure.Management.VideoAnalyzer\tests\Helpers\VideoAnalyzerManagementTestUtilities.cs(6,1): hidden CS8019: Unnecessary using directive.
C:\gh\azure-sdk-for-net\sdk\videoanalyzer\Microsoft.Azure.Management.VideoAnalyzer\tests\Helpers\RecordedDelegatingHandler.cs(8,1): hidden CS8019: Unnecessary using directive.
C:\gh\azure-sdk-for-net\sdk\videoanalyzer\Microsoft.Azure.Management.VideoAnalyzer\tests\Helpers\VideoAnalyzerManagementTestUtilities.cs(11,1): hidden CS8019: Unnecessary using directive.
C:\gh\azure-sdk-for-net\artifacts\obj\Microsoft.Azure.Management.VideoAnalyzer.Tests\Debug\netcoreapp2.0\.NETCoreApp,Version=v2.0.AssemblyAttributes.cs(3,1): hidden CS8019: Unnecessary using directive.
C:\gh\azure-sdk-for-net\sdk\videoanalyzer\Microsoft.Azure.Management.VideoAnalyzer\tests\ScenarioTests\EdgeModulesTests.cs(7,1): hidden CS8019: Unnecessary using directive.
C:\gh\azure-sdk-for-net\sdk\videoanalyzer\Microsoft.Azure.Management.VideoAnalyzer\tests\Helpers\VideoAnalyzerManagementTestUtilities.cs(4,1): hidden CS8019: Unnecessary using directive.
C:\gh\azure-sdk-for-net\sdk\videoanalyzer\Microsoft.Azure.Management.VideoAnalyzer\tests\Helpers\VideoAnalyzerManagementTestUtilities.cs(13,1): hidden CS8019: Unnecessary using directive.
C:\gh\azure-sdk-for-net\sdk\videoanalyzer\Microsoft.Azure.Management.VideoAnalyzer\tests\ScenarioTests\EdgeModulesTests.cs(10,1): hidden CS8019: Unnecessary using directive.
C:\gh\azure-sdk-for-net\sdk\videoanalyzer\Microsoft.Azure.Management.VideoAnalyzer\tests\Helpers\VideoAnalyzerManagementTestUtilities.cs(14,1): hidden CS8019: Unnecessary using directive.
C:\gh\azure-sdk-for-net\artifacts\obj\Microsoft.Azure.Management.VideoAnalyzer.Tests\Debug\netcoreapp2.0\Microsoft.Azure.Management.VideoAnalyzer.Tests.AssemblyInfo.cs(12,1): hidden CS8019: Unnecessary using directive.
C:\gh\azure-sdk-for-net\sdk\videoanalyzer\Microsoft.Azure.Management.VideoAnalyzer\tests\ScenarioTests\VideosTests.cs(4,1): hidden CS8019: Unnecessary using directive.
C:\gh\azure-sdk-for-net\sdk\videoanalyzer\Microsoft.Azure.Management.VideoAnalyzer\tests\ScenarioTests\VideoAnalyzerTests.cs(8,1): hidden CS8019: Unnecessary using directive.
C:\gh\azure-sdk-for-net\sdk\videoanalyzer\Microsoft.Azure.Management.VideoAnalyzer\tests\ScenarioTests\VideoAnalyzerTests.cs(9,1): hidden CS8019: Unnecessary using directive.
C:\gh\azure-sdk-for-net\sdk\videoanalyzer\Microsoft.Azure.Management.VideoAnalyzer\tests\Properties\AssemblyInfo.cs(5,1): hidden CS8019: Unnecessary using directive.
C:\gh\azure-sdk-for-net\sdk\videoanalyzer\Microsoft.Azure.Management.VideoAnalyzer\tests\ScenarioTests\AccessPoliciesTests.cs(4,1): hidden CS8019: Unnecessary using directive.
C:\gh\azure-sdk-for-net\sdk\videoanalyzer\Microsoft.Azure.Management.VideoAnalyzer\tests\ScenarioTests\EdgeModulesTests.cs(12,1): hidden CS8019: Unnecessary using directive.
C:\gh\azure-sdk-for-net\sdk\videoanalyzer\Microsoft.Azure.Management.VideoAnalyzer\tests\Helpers\RecordedDelegatingHandler.cs(5,1): hidden CS8019: Unnecessary using directive.
C:\gh\azure-sdk-for-net\sdk\videoanalyzer\Microsoft.Azure.Management.VideoAnalyzer\tests\Helpers\RecordedDelegatingHandler.cs(6,1): hidden CS8019: Unnecessary using directive.
C:\gh\azure-sdk-for-net\sdk\videoanalyzer\Microsoft.Azure.Management.VideoAnalyzer\tests\Helpers\VideoAnalyzerManagementTestUtilities.cs(10,1): hidden CS8019: Unnecessary using directive.
C:\gh\azure-sdk-for-net\sdk\videoanalyzer\Microsoft.Azure.Management.VideoAnalyzer\tests\ScenarioTests\EdgeModulesTests.cs(11,1): hidden CS8019: Unnecessary using directive.
C:\gh\azure-sdk-for-net\artifacts\obj\Microsoft.Azure.Management.VideoAnalyzer.Tests\Debug\netcoreapp2.0\.NETCoreApp,Version=v2.0.AssemblyAttributes.cs(2,1): hidden CS8019: Unnecessary using directive.
C:\gh\azure-sdk-for-net\eng\mgmt\DisableTestRunParallel.cs(5,1): hidden CS8019: Unnecessary using directive.
C:\gh\azure-sdk-for-net\sdk\videoanalyzer\Microsoft.Azure.Management.VideoAnalyzer\tests\ScenarioTests\VideoAnalyzerTestBase.cs(7,1): hidden CS8019: Unnecessary using directive.
C:\gh\azure-sdk-for-net\sdk\videoanalyzer\Microsoft.Azure.Management.VideoAnalyzer\tests\ScenarioTests\VideosTests.cs(7,1): hidden CS8019: Unnecessary using directive.
C:\gh\azure-sdk-for-net\sdk\videoanalyzer\Microsoft.Azure.Management.VideoAnalyzer\tests\Helpers\VideoAnalyzerManagementTestUtilities.cs(7,1): hidden CS8019: Unnecessary using directive.
C:\gh\azure-sdk-for-net\sdk\videoanalyzer\Microsoft.Azure.Management.VideoAnalyzer\tests\Helpers\VideoAnalyzerManagementTestUtilities.cs(12,1): hidden CS8019: Unnecessary using directive.
C:\gh\azure-sdk-for-net\sdk\videoanalyzer\Microsoft.Azure.Management.VideoAnalyzer\tests\ScenarioTests\EdgeModulesTests.cs(6,1): hidden CS8019: Unnecessary using directive.
C:\gh\azure-sdk-for-net\sdk\videoanalyzer\Microsoft.Azure.Management.VideoAnalyzer\tests\Helpers\VideoAnalyzerManagementTestUtilities.cs(5,1): hidden CS8019: Unnecessary using directive.
C:\gh\azure-sdk-for-net\sdk\videoanalyzer\Microsoft.Azure.Management.VideoAnalyzer\tests\ScenarioTests\VideosTests.cs(10,1): hidden CS8019: Unnecessary using directive.
C:\gh\azure-sdk-for-net\sdk\videoanalyzer\Microsoft.Azure.Management.VideoAnalyzer\tests\ScenarioTests\VideoAnalyzerTestBase.cs(13,1): hidden CS8019: Unnecessary using directive.
C:\gh\azure-sdk-for-net\sdk\videoanalyzer\Microsoft.Azure.Management.VideoAnalyzer\tests\ScenarioTests\AccessPoliciesTests.cs(7,1): hidden CS8019: Unnecessary using directive.
C:\gh\azure-sdk-for-net\sdk\videoanalyzer\Microsoft.Azure.Management.VideoAnalyzer\tests\ScenarioTests\AccessPoliciesTests.cs(10,1): hidden CS8019: Unnecessary using directive.
C:\gh\azure-sdk-for-net\sdk\videoanalyzer\Microsoft.Azure.Management.VideoAnalyzer\tests\Helpers\VideoAnalyzerManagementTestUtilities.cs(9,1): hidden CS8019: Unnecessary using directive.
C:\gh\azure-sdk-for-net\sdk\videoanalyzer\Microsoft.Azure.Management.VideoAnalyzer\tests\ScenarioTests\VideosTests.cs(12,1): hidden CS8019: Unnecessary using directive.
C:\gh\azure-sdk-for-net\sdk\videoanalyzer\Microsoft.Azure.Management.VideoAnalyzer\tests\ScenarioTests\AccessPoliciesTests.cs(12,1): hidden CS8019: Unnecessary using directive.
C:\gh\azure-sdk-for-net\sdk\videoanalyzer\Microsoft.Azure.Management.VideoAnalyzer\tests\ScenarioTests\EdgeModulesTests.cs(8,1): hidden CS8019: Unnecessary using directive.
C:\gh\azure-sdk-for-net\sdk\videoanalyzer\Microsoft.Azure.Management.VideoAnalyzer\tests\ScenarioTests\EdgeModulesTests.cs(9,1): hidden CS8019: Unnecessary using directive.
C:\gh\azure-sdk-for-net\artifacts\obj\Microsoft.Azure.Management.VideoAnalyzer.Tests\Debug\netcoreapp2.0\Microsoft.Azure.Management.VideoAnalyzer.Tests.AssemblyInfo.cs(11,1): hidden CS8019: Unnecessary using directive.
C:\gh\azure-sdk-for-net\sdk\videoanalyzer\Microsoft.Azure.Management.VideoAnalyzer\tests\ScenarioTests\VideosTests.cs(11,1): hidden CS8019: Unnecessary using directive.
C:\gh\azure-sdk-for-net\sdk\videoanalyzer\Microsoft.Azure.Management.VideoAnalyzer\tests\Helpers\VideoAnalyzerManagementTestUtilities.cs(17,1): hidden CS8019: Unnecessary using directive.
C:\gh\azure-sdk-for-net\sdk\videoanalyzer\Microsoft.Azure.Management.VideoAnalyzer\tests\Helpers\RecordedDelegatingHandler.cs(7,1): hidden CS8019: Unnecessary using directive.
C:\gh\azure-sdk-for-net\sdk\videoanalyzer\Microsoft.Azure.Management.VideoAnalyzer\tests\Helpers\VideoAnalyzerManagementTestUtilities.cs(16,1): hidden CS8019: Unnecessary using directive.
C:\gh\azure-sdk-for-net\sdk\videoanalyzer\Microsoft.Azure.Management.VideoAnalyzer\tests\ScenarioTests\AccessPoliciesTests.cs(11,1): hidden CS8019: Unnecessary using directive.
C:\gh\azure-sdk-for-net\sdk\videoanalyzer\Microsoft.Azure.Management.VideoAnalyzer\tests\ScenarioTests\VideosTests.cs(6,1): hidden CS8019: Unnecessary using directive.
C:\gh\azure-sdk-for-net\sdk\videoanalyzer\Microsoft.Azure.Management.VideoAnalyzer\tests\Helpers\RecordedDelegatingHandler.cs(4,1): hidden CS8019: Unnecessary using directive.
C:\gh\azure-sdk-for-net\sdk\videoanalyzer\Microsoft.Azure.Management.VideoAnalyzer\tests\ScenarioTests\VideoAnalyzerTestBase.cs(12,1): hidden CS8019: Unnecessary using directive.
