C:\gh\azure-sdk-for-net\sdk\schemaregistry\Microsoft.Azure.Data.SchemaRegistry.ApacheAvro\tests\Models\Employee.cs(16,34): error CS0246: The type or namespace name 'ISpecificRecord' could not be found (are you missing a using directive or an assembly reference?)
C:\gh\azure-sdk-for-net\sdk\schemaregistry\Microsoft.Azure.Data.SchemaRegistry.ApacheAvro\tests\Samples\Sample01_ReadmeSnippets.cs(17,17): error CS0246: The type or namespace name 'SchemaRegistryClient' could not be found (are you missing a using directive or an assembly reference?)
C:\gh\azure-sdk-for-net\sdk\schemaregistry\Microsoft.Azure.Data.SchemaRegistry.ApacheAvro\tests\Models\Employee.cs(18,17): error CS0246: The type or namespace name 'Schema' could not be found (are you missing a using directive or an assembly reference?)
C:\gh\azure-sdk-for-net\sdk\schemaregistry\Microsoft.Azure.Data.SchemaRegistry.ApacheAvro\tests\SchemaRegistryAvroObjectSerializerLiveTest.cs(24,17): error CS0246: The type or namespace name 'SchemaRegistryClient' could not be found (are you missing a using directive or an assembly reference?)
C:\gh\azure-sdk-for-net\sdk\schemaregistry\Microsoft.Azure.Data.SchemaRegistry.ApacheAvro\tests\SchemaRegistryAvroObjectSerializerLiveTest.cs(84,10): error CS0246: The type or namespace name 'TestAttribute' could not be found (are you missing a using directive or an assembly reference?)
C:\gh\azure-sdk-for-net\sdk\schemaregistry\Microsoft.Azure.Data.SchemaRegistry.ApacheAvro\tests\SchemaRegistryAvroObjectSerializerLiveTest.cs(84,10): error CS0246: The type or namespace name 'Test' could not be found (are you missing a using directive or an assembly reference?)
C:\gh\azure-sdk-for-net\sdk\schemaregistry\Microsoft.Azure.Data.SchemaRegistry.ApacheAvro\tests\SchemaRegistryAvroObjectSerializerLiveTest.cs(71,10): error CS0246: The type or namespace name 'TestAttribute' could not be found (are you missing a using directive or an assembly reference?)
C:\gh\azure-sdk-for-net\sdk\schemaregistry\Microsoft.Azure.Data.SchemaRegistry.ApacheAvro\tests\SchemaRegistryAvroObjectSerializerLiveTest.cs(71,10): error CS0246: The type or namespace name 'Test' could not be found (are you missing a using directive or an assembly reference?)
C:\gh\azure-sdk-for-net\sdk\schemaregistry\Microsoft.Azure.Data.SchemaRegistry.ApacheAvro\tests\SchemaRegistryAvroObjectSerializerLiveTest.cs(50,10): error CS0246: The type or namespace name 'TestAttribute' could not be found (are you missing a using directive or an assembly reference?)
C:\gh\azure-sdk-for-net\sdk\schemaregistry\Microsoft.Azure.Data.SchemaRegistry.ApacheAvro\tests\SchemaRegistryAvroObjectSerializerLiveTest.cs(50,10): error CS0246: The type or namespace name 'Test' could not be found (are you missing a using directive or an assembly reference?)
C:\gh\azure-sdk-for-net\sdk\schemaregistry\Microsoft.Azure.Data.SchemaRegistry.ApacheAvro\tests\SchemaRegistryAvroObjectSerializerLiveTest.cs(31,10): error CS0246: The type or namespace name 'TestAttribute' could not be found (are you missing a using directive or an assembly reference?)
C:\gh\azure-sdk-for-net\sdk\schemaregistry\Microsoft.Azure.Data.SchemaRegistry.ApacheAvro\tests\SchemaRegistryAvroObjectSerializerLiveTest.cs(31,10): error CS0246: The type or namespace name 'Test' could not be found (are you missing a using directive or an assembly reference?)
C:\gh\azure-sdk-for-net\sdk\schemaregistry\Microsoft.Azure.Data.SchemaRegistry.ApacheAvro\tests\Samples\Sample01_ReadmeSnippets.cs(5,13): error CS0234: The type or namespace name 'Data' does not exist in the namespace 'Azure' (are you missing an assembly reference?)
C:\gh\azure-sdk-for-net\sdk\schemaregistry\Microsoft.Azure.Data.SchemaRegistry.ApacheAvro\tests\Samples\Sample01_ReadmeSnippets.cs(6,13): error CS0234: The type or namespace name 'Identity' does not exist in the namespace 'Azure' (are you missing an assembly reference?)
C:\gh\azure-sdk-for-net\sdk\schemaregistry\Microsoft.Azure.Data.SchemaRegistry.ApacheAvro\tests\Samples\Sample01_ReadmeSnippets.cs(7,7): error CS0246: The type or namespace name 'NUnit' could not be found (are you missing a using directive or an assembly reference?)
C:\gh\azure-sdk-for-net\sdk\schemaregistry\Microsoft.Azure.Data.SchemaRegistry.ApacheAvro\tests\SchemaRegistryAvroObjectSerializerLiveTest.cs(4,7): error CS0246: The type or namespace name 'Avro' could not be found (are you missing a using directive or an assembly reference?)
C:\gh\azure-sdk-for-net\sdk\schemaregistry\Microsoft.Azure.Data.SchemaRegistry.ApacheAvro\tests\SchemaRegistryAvroObjectSerializerLiveTest.cs(5,7): error CS0246: The type or namespace name 'Avro' could not be found (are you missing a using directive or an assembly reference?)
C:\gh\azure-sdk-for-net\sdk\schemaregistry\Microsoft.Azure.Data.SchemaRegistry.ApacheAvro\tests\SchemaRegistryAvroObjectSerializerLiveTest.cs(7,13): error CS0234: The type or namespace name 'Data' does not exist in the namespace 'Azure' (are you missing an assembly reference?)
C:\gh\azure-sdk-for-net\sdk\schemaregistry\Microsoft.Azure.Data.SchemaRegistry.ApacheAvro\tests\SchemaRegistryAvroObjectSerializerLiveTest.cs(8,7): error CS0246: The type or namespace name 'NUnit' could not be found (are you missing a using directive or an assembly reference?)
C:\gh\azure-sdk-for-net\sdk\schemaregistry\Microsoft.Azure.Data.SchemaRegistry.ApacheAvro\tests\Models\Employee.cs(13,8): error CS0246: The type or namespace name 'Avro' could not be found (are you missing a using directive or an assembly reference?)
C:\gh\azure-sdk-for-net\sdk\schemaregistry\Microsoft.Azure.Data.SchemaRegistry.ApacheAvro\tests\Models\Employee.cs(14,8): error CS0246: The type or namespace name 'Avro' could not be found (are you missing a using directive or an assembly reference?)
C:\gh\azure-sdk-for-net\sdk\schemaregistry\Microsoft.Azure.Data.SchemaRegistry.ApacheAvro\tests\Models\Employee.cs(22,18): error CS0246: The type or namespace name 'Schema' could not be found (are you missing a using directive or an assembly reference?)
C:\gh\azure-sdk-for-net\sdk\schemaregistry\Microsoft.Azure.Data.SchemaRegistry.ApacheAvro\tests\Samples\Sample01_ReadmeSnippets.cs(21,10): error CS0246: The type or namespace name 'OneTimeSetUpAttribute' could not be found (are you missing a using directive or an assembly reference?)
C:\gh\azure-sdk-for-net\sdk\schemaregistry\Microsoft.Azure.Data.SchemaRegistry.ApacheAvro\tests\Samples\Sample01_ReadmeSnippets.cs(21,10): error CS0246: The type or namespace name 'OneTimeSetUp' could not be found (are you missing a using directive or an assembly reference?)
C:\gh\azure-sdk-for-net\sdk\schemaregistry\Microsoft.Azure.Data.SchemaRegistry.ApacheAvro\tests\Samples\Sample01_ReadmeSnippets.cs(36,10): error CS0246: The type or namespace name 'TestAttribute' could not be found (are you missing a using directive or an assembly reference?)
C:\gh\azure-sdk-for-net\sdk\schemaregistry\Microsoft.Azure.Data.SchemaRegistry.ApacheAvro\tests\Samples\Sample01_ReadmeSnippets.cs(36,10): error CS0246: The type or namespace name 'Test' could not be found (are you missing a using directive or an assembly reference?)
C:\gh\azure-sdk-for-net\sdk\schemaregistry\Microsoft.Azure.Data.SchemaRegistry.ApacheAvro\tests\Samples\Sample01_ReadmeSnippets.cs(37,10): error CS0246: The type or namespace name 'OrderAttribute' could not be found (are you missing a using directive or an assembly reference?)
C:\gh\azure-sdk-for-net\sdk\schemaregistry\Microsoft.Azure.Data.SchemaRegistry.ApacheAvro\tests\Samples\Sample01_ReadmeSnippets.cs(37,10): error CS0246: The type or namespace name 'Order' could not be found (are you missing a using directive or an assembly reference?)
C:\gh\azure-sdk-for-net\sdk\schemaregistry\Microsoft.Azure.Data.SchemaRegistry.ApacheAvro\tests\Samples\Sample01_ReadmeSnippets.cs(54,10): error CS0246: The type or namespace name 'TestAttribute' could not be found (are you missing a using directive or an assembly reference?)
C:\gh\azure-sdk-for-net\sdk\schemaregistry\Microsoft.Azure.Data.SchemaRegistry.ApacheAvro\tests\Samples\Sample01_ReadmeSnippets.cs(54,10): error CS0246: The type or namespace name 'Test' could not be found (are you missing a using directive or an assembly reference?)
C:\gh\azure-sdk-for-net\sdk\schemaregistry\Microsoft.Azure.Data.SchemaRegistry.ApacheAvro\tests\Samples\Sample01_ReadmeSnippets.cs(55,10): error CS0246: The type or namespace name 'OrderAttribute' could not be found (are you missing a using directive or an assembly reference?)
C:\gh\azure-sdk-for-net\sdk\schemaregistry\Microsoft.Azure.Data.SchemaRegistry.ApacheAvro\tests\Samples\Sample01_ReadmeSnippets.cs(55,10): error CS0246: The type or namespace name 'Order' could not be found (are you missing a using directive or an assembly reference?)
C:\gh\azure-sdk-for-net\sdk\schemaregistry\Microsoft.Azure.Data.SchemaRegistry.ApacheAvro\tests\Models\Employee.cs(18,34): error CS0103: The name 'Avro' does not exist in the current context
C:\gh\azure-sdk-for-net\sdk\schemaregistry\Microsoft.Azure.Data.SchemaRegistry.ApacheAvro\tests\Samples\Sample01_ReadmeSnippets.cs(30,44): error CS0246: The type or namespace name 'SchemaRegistryClient' could not be found (are you missing a using directive or an assembly reference?)
C:\gh\azure-sdk-for-net\sdk\schemaregistry\Microsoft.Azure.Data.SchemaRegistry.ApacheAvro\tests\Samples\Sample01_ReadmeSnippets.cs(30,101): error CS0246: The type or namespace name 'DefaultAzureCredential' could not be found (are you missing a using directive or an assembly reference?)
C:\gh\azure-sdk-for-net\sdk\schemaregistry\Microsoft.Azure.Data.SchemaRegistry.ApacheAvro\tests\Models\Employee.cs(57,23): error CS0246: The type or namespace name 'AvroRuntimeException' could not be found (are you missing a using directive or an assembly reference?)
C:\gh\azure-sdk-for-net\sdk\schemaregistry\Microsoft.Azure.Data.SchemaRegistry.ApacheAvro\tests\SchemaRegistryAvroObjectSerializerLiveTest.cs(25,34): error CS0246: The type or namespace name 'SchemaRegistryClient' could not be found (are you missing a using directive or an assembly reference?)
C:\gh\azure-sdk-for-net\sdk\schemaregistry\Microsoft.Azure.Data.SchemaRegistry.ApacheAvro\tests\SchemaRegistryAvroObjectSerializerLiveTest.cs(27,33): error CS0012: The type 'TokenCredential' is defined in an assembly that is not referenced. You must add a reference to assembly 'Azure.Core, Version=1.4.1.0, Culture=neutral, PublicKeyToken=92742159e12e44c8'.
C:\gh\azure-sdk-for-net\sdk\schemaregistry\Microsoft.Azure.Data.SchemaRegistry.ApacheAvro\tests\SchemaRegistryAvroObjectSerializerLiveTest.cs(28,45): error CS0246: The type or namespace name 'SchemaRegistryClientOptions' could not be found (are you missing a using directive or an assembly reference?)
C:\gh\azure-sdk-for-net\sdk\schemaregistry\Microsoft.Azure.Data.SchemaRegistry.ApacheAvro\tests\SchemaRegistryAvroObjectSerializerLiveTest.cs(25,13): error CS0012: The type 'IInterceptor' is defined in an assembly that is not referenced. You must add a reference to assembly 'Castle.Core, Version=4.0.0.0, Culture=neutral, PublicKeyToken=407dd0808d44fbdc'.
C:\gh\azure-sdk-for-net\sdk\schemaregistry\Microsoft.Azure.Data.SchemaRegistry.ApacheAvro\tests\Models\Employee.cs(66,23): error CS0246: The type or namespace name 'AvroRuntimeException' could not be found (are you missing a using directive or an assembly reference?)
C:\gh\azure-sdk-for-net\sdk\schemaregistry\Microsoft.Azure.Data.SchemaRegistry.ApacheAvro\tests\Samples\Sample01_ReadmeSnippets.cs(46,106): error CS0518: Predefined type 'System.Void' is not defined or imported
C:\gh\azure-sdk-for-net\sdk\schemaregistry\Microsoft.Azure.Data.SchemaRegistry.ApacheAvro\tests\Samples\Sample01_ReadmeSnippets.cs(46,150): error CS0518: Predefined type 'System.Boolean' is not defined or imported
C:\gh\azure-sdk-for-net\sdk\schemaregistry\Microsoft.Azure.Data.SchemaRegistry.ApacheAvro\tests\Samples\Sample01_ReadmeSnippets.cs(46,34): error CS0518: Predefined type 'System.Void' is not defined or imported
C:\gh\azure-sdk-for-net\sdk\schemaregistry\Microsoft.Azure.Data.SchemaRegistry.ApacheAvro\tests\Samples\Sample01_ReadmeSnippets.cs(47,24): error CS0246: The type or namespace name 'ObjectSerializer' could not be found (are you missing a using directive or an assembly reference?)
C:\gh\azure-sdk-for-net\sdk\schemaregistry\Microsoft.Azure.Data.SchemaRegistry.ApacheAvro\tests\Samples\Sample01_ReadmeSnippets.cs(47,13): error CS0518: Predefined type 'System.Void' is not defined or imported
C:\gh\azure-sdk-for-net\sdk\schemaregistry\Microsoft.Azure.Data.SchemaRegistry.ApacheAvro\tests\Samples\Sample01_ReadmeSnippets.cs(50,13): error CS0103: The name 'Assert' does not exist in the current context
C:\gh\azure-sdk-for-net\sdk\schemaregistry\Microsoft.Azure.Data.SchemaRegistry.ApacheAvro\tests\SchemaRegistryAvroObjectSerializerLiveTest.cs(39,92): error CS0518: Predefined type 'System.Void' is not defined or imported
C:\gh\azure-sdk-for-net\sdk\schemaregistry\Microsoft.Azure.Data.SchemaRegistry.ApacheAvro\tests\SchemaRegistryAvroObjectSerializerLiveTest.cs(39,136): error CS0518: Predefined type 'System.Boolean' is not defined or imported
C:\gh\azure-sdk-for-net\sdk\schemaregistry\Microsoft.Azure.Data.SchemaRegistry.ApacheAvro\tests\SchemaRegistryAvroObjectSerializerLiveTest.cs(39,34): error CS0518: Predefined type 'System.Void' is not defined or imported
C:\gh\azure-sdk-for-net\sdk\schemaregistry\Microsoft.Azure.Data.SchemaRegistry.ApacheAvro\tests\SchemaRegistryAvroObjectSerializerLiveTest.cs(40,30): error CS0246: The type or namespace name 'ObjectSerializer' could not be found (are you missing a using directive or an assembly reference?)
C:\gh\azure-sdk-for-net\sdk\schemaregistry\Microsoft.Azure.Data.SchemaRegistry.ApacheAvro\tests\SchemaRegistryAvroObjectSerializerLiveTest.cs(40,19): error CS0246: The type or namespace name 'ValueTask' could not be found (are you missing a using directive or an assembly reference?)
C:\gh\azure-sdk-for-net\sdk\schemaregistry\Microsoft.Azure.Data.SchemaRegistry.ApacheAvro\tests\SchemaRegistryAvroObjectSerializerLiveTest.cs(43,55): error CS0246: The type or namespace name 'ObjectSerializer' could not be found (are you missing a using directive or an assembly reference?)
C:\gh\azure-sdk-for-net\sdk\schemaregistry\Microsoft.Azure.Data.SchemaRegistry.ApacheAvro\tests\SchemaRegistryAvroObjectSerializerLiveTest.cs(43,44): error CS0246: The type or namespace name 'ValueTask<>' could not be found (are you missing a using directive or an assembly reference?)
C:\gh\azure-sdk-for-net\sdk\schemaregistry\Microsoft.Azure.Data.SchemaRegistry.ApacheAvro\tests\SchemaRegistryAvroObjectSerializerLiveTest.cs(45,13): error CS0103: The name 'Assert' does not exist in the current context
C:\gh\azure-sdk-for-net\sdk\schemaregistry\Microsoft.Azure.Data.SchemaRegistry.ApacheAvro\tests\SchemaRegistryAvroObjectSerializerLiveTest.cs(46,13): error CS0103: The name 'Assert' does not exist in the current context
C:\gh\azure-sdk-for-net\sdk\schemaregistry\Microsoft.Azure.Data.SchemaRegistry.ApacheAvro\tests\SchemaRegistryAvroObjectSerializerLiveTest.cs(47,13): error CS0103: The name 'Assert' does not exist in the current context
C:\gh\azure-sdk-for-net\sdk\schemaregistry\Microsoft.Azure.Data.SchemaRegistry.ApacheAvro\tests\Samples\Sample01_ReadmeSnippets.cs(62,106): error CS0518: Predefined type 'System.Void' is not defined or imported
C:\gh\azure-sdk-for-net\sdk\schemaregistry\Microsoft.Azure.Data.SchemaRegistry.ApacheAvro\tests\Samples\Sample01_ReadmeSnippets.cs(62,150): error CS0518: Predefined type 'System.Boolean' is not defined or imported
C:\gh\azure-sdk-for-net\sdk\schemaregistry\Microsoft.Azure.Data.SchemaRegistry.ApacheAvro\tests\Samples\Sample01_ReadmeSnippets.cs(62,34): error CS0518: Predefined type 'System.Void' is not defined or imported
C:\gh\azure-sdk-for-net\sdk\schemaregistry\Microsoft.Azure.Data.SchemaRegistry.ApacheAvro\tests\Samples\Sample01_ReadmeSnippets.cs(64,54): error CS0246: The type or namespace name 'ObjectSerializer' could not be found (are you missing a using directive or an assembly reference?)
C:\gh\azure-sdk-for-net\sdk\schemaregistry\Microsoft.Azure.Data.SchemaRegistry.ApacheAvro\tests\Samples\Sample01_ReadmeSnippets.cs(64,43): error CS0518: Predefined type 'System.Object' is not defined or imported
C:\gh\azure-sdk-for-net\sdk\schemaregistry\Microsoft.Azure.Data.SchemaRegistry.ApacheAvro\tests\Samples\Sample01_ReadmeSnippets.cs(67,13): error CS0103: The name 'Assert' does not exist in the current context
C:\gh\azure-sdk-for-net\sdk\schemaregistry\Microsoft.Azure.Data.SchemaRegistry.ApacheAvro\tests\Samples\Sample01_ReadmeSnippets.cs(68,13): error CS0103: The name 'Assert' does not exist in the current context
C:\gh\azure-sdk-for-net\sdk\schemaregistry\Microsoft.Azure.Data.SchemaRegistry.ApacheAvro\tests\SchemaRegistryAvroObjectSerializerLiveTest.cs(55,30): error CS0246: The type or namespace name 'GenericRecord' could not be found (are you missing a using directive or an assembly reference?)
C:\gh\azure-sdk-for-net\sdk\schemaregistry\Microsoft.Azure.Data.SchemaRegistry.ApacheAvro\tests\SchemaRegistryAvroObjectSerializerLiveTest.cs(55,45): error CS0246: The type or namespace name 'RecordSchema' could not be found (are you missing a using directive or an assembly reference?)
C:\gh\azure-sdk-for-net\sdk\schemaregistry\Microsoft.Azure.Data.SchemaRegistry.ApacheAvro\tests\SchemaRegistryAvroObjectSerializerLiveTest.cs(60,92): error CS0518: Predefined type 'System.Void' is not defined or imported
C:\gh\azure-sdk-for-net\sdk\schemaregistry\Microsoft.Azure.Data.SchemaRegistry.ApacheAvro\tests\SchemaRegistryAvroObjectSerializerLiveTest.cs(60,136): error CS0518: Predefined type 'System.Boolean' is not defined or imported
C:\gh\azure-sdk-for-net\sdk\schemaregistry\Microsoft.Azure.Data.SchemaRegistry.ApacheAvro\tests\SchemaRegistryAvroObjectSerializerLiveTest.cs(60,34): error CS0518: Predefined type 'System.Void' is not defined or imported
C:\gh\azure-sdk-for-net\sdk\schemaregistry\Microsoft.Azure.Data.SchemaRegistry.ApacheAvro\tests\SchemaRegistryAvroObjectSerializerLiveTest.cs(61,30): error CS0246: The type or namespace name 'ObjectSerializer' could not be found (are you missing a using directive or an assembly reference?)
C:\gh\azure-sdk-for-net\sdk\schemaregistry\Microsoft.Azure.Data.SchemaRegistry.ApacheAvro\tests\SchemaRegistryAvroObjectSerializerLiveTest.cs(61,74): error CS0246: The type or namespace name 'GenericRecord' could not be found (are you missing a using directive or an assembly reference?)
C:\gh\azure-sdk-for-net\sdk\schemaregistry\Microsoft.Azure.Data.SchemaRegistry.ApacheAvro\tests\SchemaRegistryAvroObjectSerializerLiveTest.cs(61,19): error CS0246: The type or namespace name 'ValueTask' could not be found (are you missing a using directive or an assembly reference?)
C:\gh\azure-sdk-for-net\sdk\schemaregistry\Microsoft.Azure.Data.SchemaRegistry.ApacheAvro\tests\SchemaRegistryAvroObjectSerializerLiveTest.cs(64,55): error CS0246: The type or namespace name 'ObjectSerializer' could not be found (are you missing a using directive or an assembly reference?)
C:\gh\azure-sdk-for-net\sdk\schemaregistry\Microsoft.Azure.Data.SchemaRegistry.ApacheAvro\tests\SchemaRegistryAvroObjectSerializerLiveTest.cs(64,93): error CS0246: The type or namespace name 'GenericRecord' could not be found (are you missing a using directive or an assembly reference?)
C:\gh\azure-sdk-for-net\sdk\schemaregistry\Microsoft.Azure.Data.SchemaRegistry.ApacheAvro\tests\SchemaRegistryAvroObjectSerializerLiveTest.cs(64,44): error CS0246: The type or namespace name 'ValueTask<>' could not be found (are you missing a using directive or an assembly reference?)
C:\gh\azure-sdk-for-net\sdk\schemaregistry\Microsoft.Azure.Data.SchemaRegistry.ApacheAvro\tests\SchemaRegistryAvroObjectSerializerLiveTest.cs(65,52): error CS0246: The type or namespace name 'GenericRecord' could not be found (are you missing a using directive or an assembly reference?)
C:\gh\azure-sdk-for-net\sdk\schemaregistry\Microsoft.Azure.Data.SchemaRegistry.ApacheAvro\tests\SchemaRegistryAvroObjectSerializerLiveTest.cs(66,13): error CS0103: The name 'Assert' does not exist in the current context
C:\gh\azure-sdk-for-net\sdk\schemaregistry\Microsoft.Azure.Data.SchemaRegistry.ApacheAvro\tests\SchemaRegistryAvroObjectSerializerLiveTest.cs(67,13): error CS0103: The name 'Assert' does not exist in the current context
C:\gh\azure-sdk-for-net\sdk\schemaregistry\Microsoft.Azure.Data.SchemaRegistry.ApacheAvro\tests\SchemaRegistryAvroObjectSerializerLiveTest.cs(68,13): error CS0103: The name 'Assert' does not exist in the current context
C:\gh\azure-sdk-for-net\sdk\schemaregistry\Microsoft.Azure.Data.SchemaRegistry.ApacheAvro\tests\SchemaRegistryAvroObjectSerializerLiveTest.cs(79,92): error CS0518: Predefined type 'System.Void' is not defined or imported
C:\gh\azure-sdk-for-net\sdk\schemaregistry\Microsoft.Azure.Data.SchemaRegistry.ApacheAvro\tests\SchemaRegistryAvroObjectSerializerLiveTest.cs(79,136): error CS0518: Predefined type 'System.Boolean' is not defined or imported
C:\gh\azure-sdk-for-net\sdk\schemaregistry\Microsoft.Azure.Data.SchemaRegistry.ApacheAvro\tests\SchemaRegistryAvroObjectSerializerLiveTest.cs(79,34): error CS0518: Predefined type 'System.Void' is not defined or imported
C:\gh\azure-sdk-for-net\sdk\schemaregistry\Microsoft.Azure.Data.SchemaRegistry.ApacheAvro\tests\SchemaRegistryAvroObjectSerializerLiveTest.cs(80,13): error CS0103: The name 'Assert' does not exist in the current context
C:\gh\azure-sdk-for-net\sdk\schemaregistry\Microsoft.Azure.Data.SchemaRegistry.ApacheAvro\tests\SchemaRegistryAvroObjectSerializerLiveTest.cs(91,92): error CS0518: Predefined type 'System.Void' is not defined or imported
C:\gh\azure-sdk-for-net\sdk\schemaregistry\Microsoft.Azure.Data.SchemaRegistry.ApacheAvro\tests\SchemaRegistryAvroObjectSerializerLiveTest.cs(91,136): error CS0518: Predefined type 'System.Boolean' is not defined or imported
C:\gh\azure-sdk-for-net\sdk\schemaregistry\Microsoft.Azure.Data.SchemaRegistry.ApacheAvro\tests\SchemaRegistryAvroObjectSerializerLiveTest.cs(91,34): error CS0518: Predefined type 'System.Void' is not defined or imported
C:\gh\azure-sdk-for-net\sdk\schemaregistry\Microsoft.Azure.Data.SchemaRegistry.ApacheAvro\tests\SchemaRegistryAvroObjectSerializerLiveTest.cs(92,13): error CS0103: The name 'Assert' does not exist in the current context
C:\gh\azure-sdk-for-net\sdk\schemaregistry\Microsoft.Azure.Data.SchemaRegistry.ApacheAvro\tests\Samples\Sample01_ReadmeSnippets.cs(5,1): hidden CS8019: Unnecessary using directive.
C:\gh\azure-sdk-for-net\sdk\schemaregistry\Microsoft.Azure.Data.SchemaRegistry.ApacheAvro\tests\Models\Employee.cs(14,2): hidden CS8019: Unnecessary using directive.
C:\gh\azure-sdk-for-net\artifacts\obj\Microsoft.Azure.Data.SchemaRegistry.ApacheAvro.Tests\Debug\net461\.NETFramework,Version=v4.6.1.AssemblyAttributes.cs(2,1): hidden CS8019: Unnecessary using directive.
C:\gh\azure-sdk-for-net\artifacts\obj\Microsoft.Azure.Data.SchemaRegistry.ApacheAvro.Tests\Debug\net461\Microsoft.Azure.Data.SchemaRegistry.ApacheAvro.Tests.AssemblyInfo.cs(11,1): hidden CS8019: Unnecessary using directive.
C:\gh\azure-sdk-for-net\sdk\schemaregistry\Microsoft.Azure.Data.SchemaRegistry.ApacheAvro\tests\Models\Employee.cs(12,2): hidden CS8019: Unnecessary using directive.
C:\gh\azure-sdk-for-net\sdk\schemaregistry\Microsoft.Azure.Data.SchemaRegistry.ApacheAvro\tests\SchemaRegistryAvroObjectSerializerLiveTest.cs(5,1): hidden CS8019: Unnecessary using directive.
C:\gh\azure-sdk-for-net\artifacts\obj\Microsoft.Azure.Data.SchemaRegistry.ApacheAvro.Tests\Debug\net461\Microsoft.Azure.Data.SchemaRegistry.ApacheAvro.Tests.AssemblyInfo.cs(12,1): hidden CS8019: Unnecessary using directive.
C:\gh\azure-sdk-for-net\artifacts\obj\Microsoft.Azure.Data.SchemaRegistry.ApacheAvro.Tests\Debug\net461\.NETFramework,Version=v4.6.1.AssemblyAttributes.cs(3,1): hidden CS8019: Unnecessary using directive.
C:\gh\azure-sdk-for-net\sdk\schemaregistry\Microsoft.Azure.Data.SchemaRegistry.ApacheAvro\tests\SchemaRegistryAvroObjectSerializerLiveTest.cs(8,1): hidden CS8019: Unnecessary using directive.
C:\gh\azure-sdk-for-net\sdk\schemaregistry\Microsoft.Azure.Data.SchemaRegistry.ApacheAvro\tests\Models\Employee.cs(13,2): hidden CS8019: Unnecessary using directive.
C:\gh\azure-sdk-for-net\sdk\schemaregistry\Microsoft.Azure.Data.SchemaRegistry.ApacheAvro\tests\SchemaRegistryAvroObjectSerializerLiveTest.cs(7,1): hidden CS8019: Unnecessary using directive.
C:\gh\azure-sdk-for-net\sdk\schemaregistry\Microsoft.Azure.Data.SchemaRegistry.ApacheAvro\tests\Models\Employee.cs(10,2): hidden CS8019: Unnecessary using directive.
C:\gh\azure-sdk-for-net\sdk\schemaregistry\Microsoft.Azure.Data.SchemaRegistry.ApacheAvro\tests\Samples\Sample01_ReadmeSnippets.cs(7,1): hidden CS8019: Unnecessary using directive.
C:\gh\azure-sdk-for-net\sdk\schemaregistry\Microsoft.Azure.Data.SchemaRegistry.ApacheAvro\tests\SchemaRegistryAvroObjectSerializerLiveTest.cs(4,1): hidden CS8019: Unnecessary using directive.
C:\gh\azure-sdk-for-net\sdk\schemaregistry\Microsoft.Azure.Data.SchemaRegistry.ApacheAvro\tests\Models\Employee.cs(11,2): hidden CS8019: Unnecessary using directive.
C:\gh\azure-sdk-for-net\sdk\schemaregistry\Microsoft.Azure.Data.SchemaRegistry.ApacheAvro\tests\Samples\Sample01_ReadmeSnippets.cs(6,1): hidden CS8019: Unnecessary using directive.
