C:\gh\azure-sdk-for-net\sdk\cognitiveservices\Knowledge.QnAMaker\tests\BaseTests.cs(30,66): error CS0246: The type or namespace name 'DelegatingHandler' could not be found (are you missing a using directive or an assembly reference?)
C:\gh\azure-sdk-for-net\sdk\cognitiveservices\Knowledge.QnAMaker\tests\BaseTests.cs(19,53): error CS0246: The type or namespace name 'DelegatingHandler' could not be found (are you missing a using directive or an assembly reference?)
C:\gh\azure-sdk-for-net\eng\mgmt\DisableTestRunParallel.cs(7,12): error CS0246: The type or namespace name 'CollectionBehaviorAttribute' could not be found (are you missing a using directive or an assembly reference?)
C:\gh\azure-sdk-for-net\eng\mgmt\DisableTestRunParallel.cs(7,12): error CS0246: The type or namespace name 'CollectionBehavior' could not be found (are you missing a using directive or an assembly reference?)
C:\gh\azure-sdk-for-net\eng\mgmt\DisableTestRunParallel.cs(7,31): error CS0246: The type or namespace name 'DisableTestParallelization' could not be found (are you missing a using directive or an assembly reference?)
C:\gh\azure-sdk-for-net\eng\mgmt\DisableTestRunParallel.cs(7,66): error CS0246: The type or namespace name 'MaxParallelThreads' could not be found (are you missing a using directive or an assembly reference?)
C:\gh\azure-sdk-for-net\sdk\cognitiveservices\Knowledge.QnAMaker\tests\BaseTests.cs(2,18): error CS0234: The type or namespace name 'Http' does not exist in the namespace 'System.Net' (are you missing an assembly reference?)
C:\gh\azure-sdk-for-net\sdk\cognitiveservices\Knowledge.QnAMaker\tests\QnAMakerAlterationsTests.cs(3,23): error CS0234: The type or namespace name 'Test' does not exist in the namespace 'Microsoft.Azure' (are you missing an assembly reference?)
C:\gh\azure-sdk-for-net\sdk\cognitiveservices\Knowledge.QnAMaker\tests\QnAMakerAlterationsTests.cs(4,17): error CS0234: The type or namespace name 'Rest' does not exist in the namespace 'Microsoft' (are you missing an assembly reference?)
C:\gh\azure-sdk-for-net\sdk\cognitiveservices\Knowledge.QnAMaker\tests\QnAMakerAlterationsTests.cs(8,7): error CS0246: The type or namespace name 'Xunit' could not be found (are you missing a using directive or an assembly reference?)
C:\gh\azure-sdk-for-net\sdk\cognitiveservices\Knowledge.QnAMaker\tests\QnAMakerEndpointKeysTests.cs(2,23): error CS0234: The type or namespace name 'Test' does not exist in the namespace 'Microsoft.Azure' (are you missing an assembly reference?)
C:\gh\azure-sdk-for-net\sdk\cognitiveservices\Knowledge.QnAMaker\tests\QnAMakerEndpointKeysTests.cs(3,17): error CS0234: The type or namespace name 'Rest' does not exist in the namespace 'Microsoft' (are you missing an assembly reference?)
C:\gh\azure-sdk-for-net\sdk\cognitiveservices\Knowledge.QnAMaker\tests\QnAMakerEndpointKeysTests.cs(7,7): error CS0246: The type or namespace name 'Xunit' could not be found (are you missing a using directive or an assembly reference?)
C:\gh\azure-sdk-for-net\sdk\cognitiveservices\Knowledge.QnAMaker\tests\QnAMakerEndpointSettingsTests.cs(3,23): error CS0234: The type or namespace name 'Test' does not exist in the namespace 'Microsoft.Azure' (are you missing an assembly reference?)
C:\gh\azure-sdk-for-net\sdk\cognitiveservices\Knowledge.QnAMaker\tests\QnAMakerEndpointSettingsTests.cs(4,17): error CS0234: The type or namespace name 'Rest' does not exist in the namespace 'Microsoft' (are you missing an assembly reference?)
C:\gh\azure-sdk-for-net\sdk\cognitiveservices\Knowledge.QnAMaker\tests\QnAMakerEndpointSettingsTests.cs(8,7): error CS0246: The type or namespace name 'Xunit' could not be found (are you missing a using directive or an assembly reference?)
C:\gh\azure-sdk-for-net\sdk\cognitiveservices\Knowledge.QnAMaker\tests\QnAMakerKnowledgebasePreviewTests.cs(3,23): error CS0234: The type or namespace name 'Test' does not exist in the namespace 'Microsoft.Azure' (are you missing an assembly reference?)
C:\gh\azure-sdk-for-net\sdk\cognitiveservices\Knowledge.QnAMaker\tests\QnAMakerKnowledgebasePreviewTests.cs(4,17): error CS0234: The type or namespace name 'Rest' does not exist in the namespace 'Microsoft' (are you missing an assembly reference?)
C:\gh\azure-sdk-for-net\sdk\cognitiveservices\Knowledge.QnAMaker\tests\QnAMakerKnowledgebasePreviewTests.cs(9,7): error CS0246: The type or namespace name 'Xunit' could not be found (are you missing a using directive or an assembly reference?)
C:\gh\azure-sdk-for-net\sdk\cognitiveservices\Knowledge.QnAMaker\tests\QnAMakerKnowledgebaseTests.cs(3,23): error CS0234: The type or namespace name 'Test' does not exist in the namespace 'Microsoft.Azure' (are you missing an assembly reference?)
C:\gh\azure-sdk-for-net\sdk\cognitiveservices\Knowledge.QnAMaker\tests\QnAMakerKnowledgebaseTests.cs(4,17): error CS0234: The type or namespace name 'Rest' does not exist in the namespace 'Microsoft' (are you missing an assembly reference?)
C:\gh\azure-sdk-for-net\sdk\cognitiveservices\Knowledge.QnAMaker\tests\QnAMakerKnowledgebaseTests.cs(9,7): error CS0246: The type or namespace name 'Xunit' could not be found (are you missing a using directive or an assembly reference?)
C:\gh\azure-sdk-for-net\sdk\cognitiveservices\Knowledge.QnAMaker\tests\QnAMakerPreviewRuntimeTests.cs(3,23): error CS0234: The type or namespace name 'Test' does not exist in the namespace 'Microsoft.Azure' (are you missing an assembly reference?)
C:\gh\azure-sdk-for-net\sdk\cognitiveservices\Knowledge.QnAMaker\tests\QnAMakerPreviewRuntimeTests.cs(4,17): error CS0234: The type or namespace name 'Rest' does not exist in the namespace 'Microsoft' (are you missing an assembly reference?)
C:\gh\azure-sdk-for-net\sdk\cognitiveservices\Knowledge.QnAMaker\tests\QnAMakerPreviewRuntimeTests.cs(8,7): error CS0246: The type or namespace name 'Xunit' could not be found (are you missing a using directive or an assembly reference?)
C:\gh\azure-sdk-for-net\sdk\cognitiveservices\Knowledge.QnAMaker\tests\QnAMakerRuntimeTests.cs(3,23): error CS0234: The type or namespace name 'Test' does not exist in the namespace 'Microsoft.Azure' (are you missing an assembly reference?)
C:\gh\azure-sdk-for-net\sdk\cognitiveservices\Knowledge.QnAMaker\tests\QnAMakerRuntimeTests.cs(4,17): error CS0234: The type or namespace name 'Rest' does not exist in the namespace 'Microsoft' (are you missing an assembly reference?)
C:\gh\azure-sdk-for-net\sdk\cognitiveservices\Knowledge.QnAMaker\tests\QnAMakerRuntimeTests.cs(8,7): error CS0246: The type or namespace name 'Xunit' could not be found (are you missing a using directive or an assembly reference?)
C:\gh\azure-sdk-for-net\eng\mgmt\DisableTestRunParallel.cs(5,7): error CS0246: The type or namespace name 'Xunit' could not be found (are you missing a using directive or an assembly reference?)
C:\gh\azure-sdk-for-net\sdk\cognitiveservices\Knowledge.QnAMaker\tests\QnAMakerKnowledgebasePreviewTests.cs(15,10): error CS0246: The type or namespace name 'FactAttribute' could not be found (are you missing a using directive or an assembly reference?)
C:\gh\azure-sdk-for-net\sdk\cognitiveservices\Knowledge.QnAMaker\tests\QnAMakerKnowledgebaseTests.cs(15,10): error CS0246: The type or namespace name 'FactAttribute' could not be found (are you missing a using directive or an assembly reference?)
C:\gh\azure-sdk-for-net\sdk\cognitiveservices\Knowledge.QnAMaker\tests\QnAMakerKnowledgebaseTests.cs(15,10): error CS0246: The type or namespace name 'Fact' could not be found (are you missing a using directive or an assembly reference?)
C:\gh\azure-sdk-for-net\sdk\cognitiveservices\Knowledge.QnAMaker\tests\QnAMakerKnowledgebasePreviewTests.cs(15,10): error CS0246: The type or namespace name 'Fact' could not be found (are you missing a using directive or an assembly reference?)
C:\gh\azure-sdk-for-net\sdk\cognitiveservices\Knowledge.QnAMaker\tests\QnAMakerAlterationsTests.cs(16,10): error CS0246: The type or namespace name 'FactAttribute' could not be found (are you missing a using directive or an assembly reference?)
C:\gh\azure-sdk-for-net\sdk\cognitiveservices\Knowledge.QnAMaker\tests\QnAMakerAlterationsTests.cs(16,10): error CS0246: The type or namespace name 'Fact' could not be found (are you missing a using directive or an assembly reference?)
C:\gh\azure-sdk-for-net\sdk\cognitiveservices\Knowledge.QnAMaker\tests\QnAMakerRuntimeTests.cs(14,10): error CS0246: The type or namespace name 'FactAttribute' could not be found (are you missing a using directive or an assembly reference?)
C:\gh\azure-sdk-for-net\sdk\cognitiveservices\Knowledge.QnAMaker\tests\QnAMakerRuntimeTests.cs(14,10): error CS0246: The type or namespace name 'Fact' could not be found (are you missing a using directive or an assembly reference?)
C:\gh\azure-sdk-for-net\sdk\cognitiveservices\Knowledge.QnAMaker\tests\QnAMakerEndpointKeysTests.cs(13,10): error CS0246: The type or namespace name 'FactAttribute' could not be found (are you missing a using directive or an assembly reference?)
C:\gh\azure-sdk-for-net\sdk\cognitiveservices\Knowledge.QnAMaker\tests\QnAMakerEndpointKeysTests.cs(13,10): error CS0246: The type or namespace name 'Fact' could not be found (are you missing a using directive or an assembly reference?)
C:\gh\azure-sdk-for-net\sdk\cognitiveservices\Knowledge.QnAMaker\tests\QnAMakerEndpointSettingsTests.cs(14,10): error CS0246: The type or namespace name 'FactAttribute' could not be found (are you missing a using directive or an assembly reference?)
C:\gh\azure-sdk-for-net\sdk\cognitiveservices\Knowledge.QnAMaker\tests\QnAMakerEndpointSettingsTests.cs(14,10): error CS0246: The type or namespace name 'Fact' could not be found (are you missing a using directive or an assembly reference?)
C:\gh\azure-sdk-for-net\sdk\cognitiveservices\Knowledge.QnAMaker\tests\QnAMakerPreviewRuntimeTests.cs(16,10): error CS0246: The type or namespace name 'FactAttribute' could not be found (are you missing a using directive or an assembly reference?)
C:\gh\azure-sdk-for-net\sdk\cognitiveservices\Knowledge.QnAMaker\tests\QnAMakerPreviewRuntimeTests.cs(16,10): error CS0246: The type or namespace name 'Fact' could not be found (are you missing a using directive or an assembly reference?)
C:\gh\azure-sdk-for-net\sdk\cognitiveservices\Knowledge.QnAMaker\tests\QnAMakerEndpointKeysTests.cs(27,10): error CS0246: The type or namespace name 'FactAttribute' could not be found (are you missing a using directive or an assembly reference?)
C:\gh\azure-sdk-for-net\sdk\cognitiveservices\Knowledge.QnAMaker\tests\QnAMakerEndpointKeysTests.cs(27,10): error CS0246: The type or namespace name 'Fact' could not be found (are you missing a using directive or an assembly reference?)
C:\gh\azure-sdk-for-net\sdk\cognitiveservices\Knowledge.QnAMaker\tests\QnAMakerAlterationsTests.cs(44,10): error CS0246: The type or namespace name 'FactAttribute' could not be found (are you missing a using directive or an assembly reference?)
C:\gh\azure-sdk-for-net\sdk\cognitiveservices\Knowledge.QnAMaker\tests\QnAMakerAlterationsTests.cs(44,10): error CS0246: The type or namespace name 'Fact' could not be found (are you missing a using directive or an assembly reference?)
C:\gh\azure-sdk-for-net\sdk\cognitiveservices\Knowledge.QnAMaker\tests\BaseTests.cs(21,42): error CS0246: The type or namespace name 'ServiceClientCredentials' could not be found (are you missing a using directive or an assembly reference?)
C:\gh\azure-sdk-for-net\sdk\cognitiveservices\Knowledge.QnAMaker\tests\BaseTests.cs(21,42): error CS0012: The type 'DelegatingHandler' is defined in an assembly that is not referenced. You must add a reference to assembly 'System.Net.Http, Version=4.0.0.0, Culture=neutral, PublicKeyToken=b03f5f7f11d50a3a'.
C:\gh\azure-sdk-for-net\sdk\cognitiveservices\Knowledge.QnAMaker\tests\BaseTests.cs(21,42): error CS0012: The type 'HttpClientHandler' is defined in an assembly that is not referenced. You must add a reference to assembly 'System.Net.Http, Version=4.0.0.0, Culture=neutral, PublicKeyToken=b03f5f7f11d50a3a'.
C:\gh\azure-sdk-for-net\sdk\cognitiveservices\Knowledge.QnAMaker\tests\BaseTests.cs(38,30): error CS0012: The type 'DelegatingHandler' is defined in an assembly that is not referenced. You must add a reference to assembly 'System.Net.Http, Version=4.0.0.0, Culture=neutral, PublicKeyToken=b03f5f7f11d50a3a'.
C:\gh\azure-sdk-for-net\sdk\cognitiveservices\Knowledge.QnAMaker\tests\QnAMakerEndpointKeysTests.cs(16,20): error CS0246: The type or namespace name 'MockContext' could not be found (are you missing a using directive or an assembly reference?)
C:\gh\azure-sdk-for-net\sdk\cognitiveservices\Knowledge.QnAMaker\tests\QnAMakerEndpointKeysTests.cs(16,42): error CS0103: The name 'MockContext' does not exist in the current context
C:\gh\azure-sdk-for-net\sdk\cognitiveservices\Knowledge.QnAMaker\tests\QnAMakerEndpointKeysTests.cs(18,17): error CS0103: The name 'HttpMockServer' does not exist in the current context
C:\gh\azure-sdk-for-net\sdk\cognitiveservices\Knowledge.QnAMaker\tests\QnAMakerEndpointKeysTests.cs(20,60): error CS0103: The name 'HttpMockServer' does not exist in the current context
C:\gh\azure-sdk-for-net\sdk\cognitiveservices\Knowledge.QnAMaker\tests\QnAMakerEndpointKeysTests.cs(22,17): error CS0103: The name 'Assert' does not exist in the current context
C:\gh\azure-sdk-for-net\sdk\cognitiveservices\Knowledge.QnAMaker\tests\QnAMakerEndpointKeysTests.cs(23,17): error CS0103: The name 'Assert' does not exist in the current context
C:\gh\azure-sdk-for-net\sdk\cognitiveservices\Knowledge.QnAMaker\tests\QnAMakerEndpointSettingsTests.cs(17,20): error CS0246: The type or namespace name 'MockContext' could not be found (are you missing a using directive or an assembly reference?)
C:\gh\azure-sdk-for-net\sdk\cognitiveservices\Knowledge.QnAMaker\tests\QnAMakerEndpointSettingsTests.cs(17,42): error CS0103: The name 'MockContext' does not exist in the current context
C:\gh\azure-sdk-for-net\sdk\cognitiveservices\Knowledge.QnAMaker\tests\QnAMakerEndpointSettingsTests.cs(19,17): error CS0103: The name 'HttpMockServer' does not exist in the current context
C:\gh\azure-sdk-for-net\sdk\cognitiveservices\Knowledge.QnAMaker\tests\QnAMakerEndpointSettingsTests.cs(20,60): error CS0103: The name 'HttpMockServer' does not exist in the current context
C:\gh\azure-sdk-for-net\sdk\cognitiveservices\Knowledge.QnAMaker\tests\QnAMakerEndpointSettingsTests.cs(33,17): error CS0103: The name 'Assert' does not exist in the current context
C:\gh\azure-sdk-for-net\sdk\cognitiveservices\Knowledge.QnAMaker\tests\QnAMakerRuntimeTests.cs(17,20): error CS0246: The type or namespace name 'MockContext' could not be found (are you missing a using directive or an assembly reference?)
C:\gh\azure-sdk-for-net\sdk\cognitiveservices\Knowledge.QnAMaker\tests\QnAMakerRuntimeTests.cs(17,42): error CS0103: The name 'MockContext' does not exist in the current context
C:\gh\azure-sdk-for-net\sdk\cognitiveservices\Knowledge.QnAMaker\tests\QnAMakerRuntimeTests.cs(19,17): error CS0103: The name 'HttpMockServer' does not exist in the current context
C:\gh\azure-sdk-for-net\sdk\cognitiveservices\Knowledge.QnAMaker\tests\QnAMakerRuntimeTests.cs(21,55): error CS0103: The name 'HttpMockServer' does not exist in the current context
C:\gh\azure-sdk-for-net\sdk\cognitiveservices\Knowledge.QnAMaker\tests\QnAMakerRuntimeTests.cs(26,17): error CS0103: The name 'Assert' does not exist in the current context
C:\gh\azure-sdk-for-net\sdk\cognitiveservices\Knowledge.QnAMaker\tests\QnAMakerRuntimeTests.cs(27,17): error CS0103: The name 'Assert' does not exist in the current context
C:\gh\azure-sdk-for-net\sdk\cognitiveservices\Knowledge.QnAMaker\tests\QnAMakerEndpointKeysTests.cs(30,20): error CS0246: The type or namespace name 'MockContext' could not be found (are you missing a using directive or an assembly reference?)
C:\gh\azure-sdk-for-net\sdk\cognitiveservices\Knowledge.QnAMaker\tests\QnAMakerEndpointKeysTests.cs(30,42): error CS0103: The name 'MockContext' does not exist in the current context
C:\gh\azure-sdk-for-net\sdk\cognitiveservices\Knowledge.QnAMaker\tests\QnAMakerEndpointKeysTests.cs(32,17): error CS0103: The name 'HttpMockServer' does not exist in the current context
C:\gh\azure-sdk-for-net\sdk\cognitiveservices\Knowledge.QnAMaker\tests\QnAMakerEndpointKeysTests.cs(34,60): error CS0103: The name 'HttpMockServer' does not exist in the current context
C:\gh\azure-sdk-for-net\sdk\cognitiveservices\Knowledge.QnAMaker\tests\QnAMakerEndpointKeysTests.cs(36,17): error CS0103: The name 'Assert' does not exist in the current context
C:\gh\azure-sdk-for-net\sdk\cognitiveservices\Knowledge.QnAMaker\tests\QnAMakerEndpointKeysTests.cs(37,17): error CS0103: The name 'Assert' does not exist in the current context
C:\gh\azure-sdk-for-net\sdk\cognitiveservices\Knowledge.QnAMaker\tests\QnAMakerAlterationsTests.cs(19,20): error CS0246: The type or namespace name 'MockContext' could not be found (are you missing a using directive or an assembly reference?)
C:\gh\azure-sdk-for-net\sdk\cognitiveservices\Knowledge.QnAMaker\tests\QnAMakerAlterationsTests.cs(19,42): error CS0103: The name 'MockContext' does not exist in the current context
C:\gh\azure-sdk-for-net\sdk\cognitiveservices\Knowledge.QnAMaker\tests\QnAMakerAlterationsTests.cs(21,17): error CS0103: The name 'HttpMockServer' does not exist in the current context
C:\gh\azure-sdk-for-net\sdk\cognitiveservices\Knowledge.QnAMaker\tests\QnAMakerAlterationsTests.cs(22,60): error CS0103: The name 'HttpMockServer' does not exist in the current context
C:\gh\azure-sdk-for-net\sdk\cognitiveservices\Knowledge.QnAMaker\tests\QnAMakerAlterationsTests.cs(38,17): error CS0103: The name 'Assert' does not exist in the current context
C:\gh\azure-sdk-for-net\sdk\cognitiveservices\Knowledge.QnAMaker\tests\QnAMakerAlterationsTests.cs(39,17): error CS0103: The name 'Assert' does not exist in the current context
C:\gh\azure-sdk-for-net\sdk\cognitiveservices\Knowledge.QnAMaker\tests\QnAMakerPreviewRuntimeTests.cs(19,20): error CS0246: The type or namespace name 'MockContext' could not be found (are you missing a using directive or an assembly reference?)
C:\gh\azure-sdk-for-net\sdk\cognitiveservices\Knowledge.QnAMaker\tests\QnAMakerPreviewRuntimeTests.cs(19,42): error CS0103: The name 'MockContext' does not exist in the current context
C:\gh\azure-sdk-for-net\sdk\cognitiveservices\Knowledge.QnAMaker\tests\QnAMakerPreviewRuntimeTests.cs(21,17): error CS0103: The name 'HttpMockServer' does not exist in the current context
C:\gh\azure-sdk-for-net\sdk\cognitiveservices\Knowledge.QnAMaker\tests\QnAMakerPreviewRuntimeTests.cs(23,48): error CS0103: The name 'HttpMockServer' does not exist in the current context
C:\gh\azure-sdk-for-net\sdk\cognitiveservices\Knowledge.QnAMaker\tests\QnAMakerPreviewRuntimeTests.cs(36,17): error CS0103: The name 'Assert' does not exist in the current context
C:\gh\azure-sdk-for-net\sdk\cognitiveservices\Knowledge.QnAMaker\tests\QnAMakerPreviewRuntimeTests.cs(37,17): error CS0103: The name 'Assert' does not exist in the current context
C:\gh\azure-sdk-for-net\sdk\cognitiveservices\Knowledge.QnAMaker\tests\QnAMakerPreviewRuntimeTests.cs(38,17): error CS0103: The name 'Assert' does not exist in the current context
C:\gh\azure-sdk-for-net\sdk\cognitiveservices\Knowledge.QnAMaker\tests\QnAMakerAlterationsTests.cs(47,20): error CS0246: The type or namespace name 'MockContext' could not be found (are you missing a using directive or an assembly reference?)
C:\gh\azure-sdk-for-net\sdk\cognitiveservices\Knowledge.QnAMaker\tests\QnAMakerAlterationsTests.cs(47,42): error CS0103: The name 'MockContext' does not exist in the current context
C:\gh\azure-sdk-for-net\sdk\cognitiveservices\Knowledge.QnAMaker\tests\QnAMakerAlterationsTests.cs(49,17): error CS0103: The name 'HttpMockServer' does not exist in the current context
C:\gh\azure-sdk-for-net\sdk\cognitiveservices\Knowledge.QnAMaker\tests\QnAMakerAlterationsTests.cs(50,60): error CS0103: The name 'HttpMockServer' does not exist in the current context
C:\gh\azure-sdk-for-net\sdk\cognitiveservices\Knowledge.QnAMaker\tests\QnAMakerAlterationsTests.cs(66,17): error CS0103: The name 'Assert' does not exist in the current context
C:\gh\azure-sdk-for-net\sdk\cognitiveservices\Knowledge.QnAMaker\tests\QnAMakerAlterationsTests.cs(67,17): error CS0103: The name 'Assert' does not exist in the current context
C:\gh\azure-sdk-for-net\sdk\cognitiveservices\Knowledge.QnAMaker\tests\QnAMakerKnowledgebaseTests.cs(18,20): error CS0246: The type or namespace name 'MockContext' could not be found (are you missing a using directive or an assembly reference?)
C:\gh\azure-sdk-for-net\sdk\cognitiveservices\Knowledge.QnAMaker\tests\QnAMakerKnowledgebaseTests.cs(18,42): error CS0103: The name 'MockContext' does not exist in the current context
C:\gh\azure-sdk-for-net\sdk\cognitiveservices\Knowledge.QnAMaker\tests\QnAMakerKnowledgebaseTests.cs(20,17): error CS0103: The name 'HttpMockServer' does not exist in the current context
C:\gh\azure-sdk-for-net\sdk\cognitiveservices\Knowledge.QnAMaker\tests\QnAMakerKnowledgebaseTests.cs(21,60): error CS0103: The name 'HttpMockServer' does not exist in the current context
C:\gh\azure-sdk-for-net\sdk\cognitiveservices\Knowledge.QnAMaker\tests\QnAMakerKnowledgebaseTests.cs(29,17): error CS0103: The name 'Assert' does not exist in the current context
C:\gh\azure-sdk-for-net\sdk\cognitiveservices\Knowledge.QnAMaker\tests\QnAMakerKnowledgebaseTests.cs(32,17): error CS0103: The name 'Assert' does not exist in the current context
C:\gh\azure-sdk-for-net\sdk\cognitiveservices\Knowledge.QnAMaker\tests\QnAMakerKnowledgebaseTests.cs(37,17): error CS0103: The name 'Assert' does not exist in the current context
C:\gh\azure-sdk-for-net\sdk\cognitiveservices\Knowledge.QnAMaker\tests\QnAMakerKnowledgebaseTests.cs(45,17): error CS0103: The name 'Assert' does not exist in the current context
C:\gh\azure-sdk-for-net\sdk\cognitiveservices\Knowledge.QnAMaker\tests\QnAMakerKnowledgebaseTests.cs(48,17): error CS0103: The name 'Assert' does not exist in the current context
C:\gh\azure-sdk-for-net\sdk\cognitiveservices\Knowledge.QnAMaker\tests\QnAMakerKnowledgebasePreviewTests.cs(18,20): error CS0246: The type or namespace name 'MockContext' could not be found (are you missing a using directive or an assembly reference?)
C:\gh\azure-sdk-for-net\sdk\cognitiveservices\Knowledge.QnAMaker\tests\QnAMakerKnowledgebasePreviewTests.cs(18,42): error CS0103: The name 'MockContext' does not exist in the current context
C:\gh\azure-sdk-for-net\sdk\cognitiveservices\Knowledge.QnAMaker\tests\QnAMakerKnowledgebasePreviewTests.cs(20,17): error CS0103: The name 'HttpMockServer' does not exist in the current context
C:\gh\azure-sdk-for-net\sdk\cognitiveservices\Knowledge.QnAMaker\tests\QnAMakerKnowledgebasePreviewTests.cs(21,60): error CS0103: The name 'HttpMockServer' does not exist in the current context
C:\gh\azure-sdk-for-net\sdk\cognitiveservices\Knowledge.QnAMaker\tests\QnAMakerKnowledgebasePreviewTests.cs(29,17): error CS0103: The name 'Assert' does not exist in the current context
C:\gh\azure-sdk-for-net\sdk\cognitiveservices\Knowledge.QnAMaker\tests\QnAMakerKnowledgebasePreviewTests.cs(32,17): error CS0103: The name 'Assert' does not exist in the current context
C:\gh\azure-sdk-for-net\sdk\cognitiveservices\Knowledge.QnAMaker\tests\QnAMakerKnowledgebasePreviewTests.cs(37,17): error CS0103: The name 'Assert' does not exist in the current context
C:\gh\azure-sdk-for-net\sdk\cognitiveservices\Knowledge.QnAMaker\tests\QnAMakerKnowledgebasePreviewTests.cs(45,17): error CS0103: The name 'Assert' does not exist in the current context
C:\gh\azure-sdk-for-net\sdk\cognitiveservices\Knowledge.QnAMaker\tests\QnAMakerKnowledgebasePreviewTests.cs(48,17): error CS0103: The name 'Assert' does not exist in the current context
C:\gh\azure-sdk-for-net\sdk\cognitiveservices\Knowledge.QnAMaker\tests\QnAMakerRuntimeTests.cs(1,1): hidden CS8019: Unnecessary using directive.
C:\gh\azure-sdk-for-net\sdk\cognitiveservices\Knowledge.QnAMaker\tests\QnAMakerKnowledgebasePreviewTests.cs(5,1): hidden CS8019: Unnecessary using directive.
C:\gh\azure-sdk-for-net\sdk\cognitiveservices\Knowledge.QnAMaker\tests\QnAMakerKnowledgebaseTests.cs(5,1): hidden CS8019: Unnecessary using directive.
C:\gh\azure-sdk-for-net\sdk\cognitiveservices\Knowledge.QnAMaker\tests\OperationHelper.cs(3,1): hidden CS8019: Unnecessary using directive.
C:\gh\azure-sdk-for-net\sdk\cognitiveservices\Knowledge.QnAMaker\tests\QnAMakerKnowledgebasePreviewTests.cs(4,1): hidden CS8019: Unnecessary using directive.
C:\gh\azure-sdk-for-net\sdk\cognitiveservices\Knowledge.QnAMaker\tests\QnAMakerKnowledgebaseTests.cs(4,1): hidden CS8019: Unnecessary using directive.
C:\gh\azure-sdk-for-net\sdk\cognitiveservices\Knowledge.QnAMaker\tests\QnAMakerAlterationsTests.cs(7,1): hidden CS8019: Unnecessary using directive.
C:\gh\azure-sdk-for-net\sdk\cognitiveservices\Knowledge.QnAMaker\tests\QnAMakerPreviewRuntimeTests.cs(7,1): hidden CS8019: Unnecessary using directive.
C:\gh\azure-sdk-for-net\sdk\cognitiveservices\Knowledge.QnAMaker\tests\QnAMakerRuntimeTests.cs(7,1): hidden CS8019: Unnecessary using directive.
C:\gh\azure-sdk-for-net\sdk\cognitiveservices\Knowledge.QnAMaker\tests\QnAMakerEndpointSettingsTests.cs(7,1): hidden CS8019: Unnecessary using directive.
C:\gh\azure-sdk-for-net\sdk\cognitiveservices\Knowledge.QnAMaker\tests\QnAMakerAlterationsTests.cs(8,1): hidden CS8019: Unnecessary using directive.
C:\gh\azure-sdk-for-net\sdk\cognitiveservices\Knowledge.QnAMaker\tests\QnAMakerPreviewRuntimeTests.cs(8,1): hidden CS8019: Unnecessary using directive.
C:\gh\azure-sdk-for-net\sdk\cognitiveservices\Knowledge.QnAMaker\tests\BaseTests.cs(2,1): hidden CS8019: Unnecessary using directive.
C:\gh\azure-sdk-for-net\sdk\cognitiveservices\Knowledge.QnAMaker\tests\QnAMakerRuntimeTests.cs(8,1): hidden CS8019: Unnecessary using directive.
C:\gh\azure-sdk-for-net\sdk\cognitiveservices\Knowledge.QnAMaker\tests\QnAMakerEndpointSettingsTests.cs(8,1): hidden CS8019: Unnecessary using directive.
C:\gh\azure-sdk-for-net\sdk\cognitiveservices\Knowledge.QnAMaker\tests\QnAMakerEndpointKeysTests.cs(6,1): hidden CS8019: Unnecessary using directive.
C:\gh\azure-sdk-for-net\sdk\cognitiveservices\Knowledge.QnAMaker\tests\QnAMakerEndpointKeysTests.cs(7,1): hidden CS8019: Unnecessary using directive.
C:\gh\azure-sdk-for-net\sdk\cognitiveservices\Knowledge.QnAMaker\tests\QnAMakerKnowledgebasePreviewTests.cs(7,1): hidden CS8019: Unnecessary using directive.
C:\gh\azure-sdk-for-net\eng\mgmt\DisableTestRunParallel.cs(4,1): hidden CS8019: Unnecessary using directive.
C:\gh\azure-sdk-for-net\sdk\cognitiveservices\Knowledge.QnAMaker\tests\QnAMakerPreviewRuntimeTests.cs(6,1): hidden CS8019: Unnecessary using directive.
C:\gh\azure-sdk-for-net\sdk\cognitiveservices\Knowledge.QnAMaker\tests\QnAMakerKnowledgebaseTests.cs(7,1): hidden CS8019: Unnecessary using directive.
C:\gh\azure-sdk-for-net\artifacts\obj\Microsoft.Azure.CognitiveServices.Knowledge.QnAMaker.Tests\Debug\net461\Microsoft.Azure.CognitiveServices.Knowledge.QnAMaker.Tests.AssemblyInfo.cs(12,1): hidden CS8019: Unnecessary using directive.
C:\gh\azure-sdk-for-net\sdk\cognitiveservices\Knowledge.QnAMaker\tests\QnAMakerRuntimeTests.cs(6,1): hidden CS8019: Unnecessary using directive.
C:\gh\azure-sdk-for-net\sdk\cognitiveservices\Knowledge.QnAMaker\tests\OperationHelper.cs(5,1): hidden CS8019: Unnecessary using directive.
C:\gh\azure-sdk-for-net\sdk\cognitiveservices\Knowledge.QnAMaker\tests\OperationHelper.cs(6,1): hidden CS8019: Unnecessary using directive.
C:\gh\azure-sdk-for-net\sdk\cognitiveservices\Knowledge.QnAMaker\tests\QnAMakerEndpointSettingsTests.cs(6,1): hidden CS8019: Unnecessary using directive.
C:\gh\azure-sdk-for-net\sdk\cognitiveservices\Knowledge.QnAMaker\tests\QnAMakerAlterationsTests.cs(3,1): hidden CS8019: Unnecessary using directive.
C:\gh\azure-sdk-for-net\sdk\cognitiveservices\Knowledge.QnAMaker\tests\QnAMakerEndpointKeysTests.cs(5,1): hidden CS8019: Unnecessary using directive.
C:\gh\azure-sdk-for-net\sdk\cognitiveservices\Knowledge.QnAMaker\tests\QnAMakerPreviewRuntimeTests.cs(3,1): hidden CS8019: Unnecessary using directive.
C:\gh\azure-sdk-for-net\sdk\cognitiveservices\Knowledge.QnAMaker\tests\QnAMakerKnowledgebasePreviewTests.cs(8,1): hidden CS8019: Unnecessary using directive.
C:\gh\azure-sdk-for-net\sdk\cognitiveservices\Knowledge.QnAMaker\tests\QnAMakerRuntimeTests.cs(3,1): hidden CS8019: Unnecessary using directive.
C:\gh\azure-sdk-for-net\sdk\cognitiveservices\Knowledge.QnAMaker\tests\QnAMakerKnowledgebaseTests.cs(8,1): hidden CS8019: Unnecessary using directive.
C:\gh\azure-sdk-for-net\sdk\cognitiveservices\Knowledge.QnAMaker\tests\QnAMakerAlterationsTests.cs(5,1): hidden CS8019: Unnecessary using directive.
C:\gh\azure-sdk-for-net\sdk\cognitiveservices\Knowledge.QnAMaker\tests\QnAMakerPreviewRuntimeTests.cs(5,1): hidden CS8019: Unnecessary using directive.
C:\gh\azure-sdk-for-net\sdk\cognitiveservices\Knowledge.QnAMaker\tests\QnAMakerEndpointSettingsTests.cs(3,1): hidden CS8019: Unnecessary using directive.
C:\gh\azure-sdk-for-net\artifacts\obj\Microsoft.Azure.CognitiveServices.Knowledge.QnAMaker.Tests\Debug\net461\.NETFramework,Version=v4.6.1.AssemblyAttributes.cs(3,1): hidden CS8019: Unnecessary using directive.
C:\gh\azure-sdk-for-net\sdk\cognitiveservices\Knowledge.QnAMaker\tests\QnAMakerRuntimeTests.cs(5,1): hidden CS8019: Unnecessary using directive.
C:\gh\azure-sdk-for-net\sdk\cognitiveservices\Knowledge.QnAMaker\tests\OperationHelper.cs(4,1): hidden CS8019: Unnecessary using directive.
C:\gh\azure-sdk-for-net\eng\mgmt\DisableTestRunParallel.cs(5,1): hidden CS8019: Unnecessary using directive.
C:\gh\azure-sdk-for-net\sdk\cognitiveservices\Knowledge.QnAMaker\tests\QnAMakerEndpointSettingsTests.cs(5,1): hidden CS8019: Unnecessary using directive.
C:\gh\azure-sdk-for-net\sdk\cognitiveservices\Knowledge.QnAMaker\tests\QnAMakerAlterationsTests.cs(4,1): hidden CS8019: Unnecessary using directive.
C:\gh\azure-sdk-for-net\sdk\cognitiveservices\Knowledge.QnAMaker\tests\QnAMakerPreviewRuntimeTests.cs(4,1): hidden CS8019: Unnecessary using directive.
C:\gh\azure-sdk-for-net\sdk\cognitiveservices\Knowledge.QnAMaker\tests\QnAMakerKnowledgebasePreviewTests.cs(9,1): hidden CS8019: Unnecessary using directive.
C:\gh\azure-sdk-for-net\sdk\cognitiveservices\Knowledge.QnAMaker\tests\QnAMakerRuntimeTests.cs(4,1): hidden CS8019: Unnecessary using directive.
C:\gh\azure-sdk-for-net\sdk\cognitiveservices\Knowledge.QnAMaker\tests\QnAMakerEndpointKeysTests.cs(2,1): hidden CS8019: Unnecessary using directive.
C:\gh\azure-sdk-for-net\artifacts\obj\Microsoft.Azure.CognitiveServices.Knowledge.QnAMaker.Tests\Debug\net461\Microsoft.Azure.CognitiveServices.Knowledge.QnAMaker.Tests.AssemblyInfo.cs(11,1): hidden CS8019: Unnecessary using directive.
C:\gh\azure-sdk-for-net\sdk\cognitiveservices\Knowledge.QnAMaker\tests\QnAMakerKnowledgebaseTests.cs(9,1): hidden CS8019: Unnecessary using directive.
C:\gh\azure-sdk-for-net\artifacts\obj\Microsoft.Azure.CognitiveServices.Knowledge.QnAMaker.Tests\Debug\net461\.NETFramework,Version=v4.6.1.AssemblyAttributes.cs(2,1): hidden CS8019: Unnecessary using directive.
C:\gh\azure-sdk-for-net\sdk\cognitiveservices\Knowledge.QnAMaker\tests\QnAMakerEndpointSettingsTests.cs(4,1): hidden CS8019: Unnecessary using directive.
C:\gh\azure-sdk-for-net\sdk\cognitiveservices\Knowledge.QnAMaker\tests\QnAMakerKnowledgebasePreviewTests.cs(3,1): hidden CS8019: Unnecessary using directive.
C:\gh\azure-sdk-for-net\sdk\cognitiveservices\Knowledge.QnAMaker\tests\QnAMakerEndpointKeysTests.cs(3,1): hidden CS8019: Unnecessary using directive.
C:\gh\azure-sdk-for-net\sdk\cognitiveservices\Knowledge.QnAMaker\tests\QnAMakerEndpointKeysTests.cs(4,1): hidden CS8019: Unnecessary using directive.
C:\gh\azure-sdk-for-net\sdk\cognitiveservices\Knowledge.QnAMaker\tests\QnAMakerKnowledgebaseTests.cs(3,1): hidden CS8019: Unnecessary using directive.
