C:\gh\azure-sdk-for-net\common\ManagementTestShared\ManagementRecordedTestBase.cs(42,27): error CS1705: Assembly 'Azure.Core.TestFramework' with identity 'Azure.Core.TestFramework, Version=1.0.0.0, Culture=neutral, PublicKeyToken=6a281e58f0dfecb7' uses 'Azure.Core, Version=1.15.0.0, Culture=neutral, PublicKeyToken=92742159e12e44c8' which has a higher version than referenced assembly 'Azure.Core' with identity 'Azure.Core, Version=1.14.0.0, Culture=neutral, PublicKeyToken=92742159e12e44c8'
error CS1705: Assembly 'Azure.Core.TestFramework' with identity 'Azure.Core.TestFramework, Version=1.0.0.0, Culture=neutral, PublicKeyToken=6a281e58f0dfecb7' uses 'Azure.Core, Version=1.15.0.0, Culture=neutral, PublicKeyToken=92742159e12e44c8' which has a higher version than referenced assembly 'Azure.Core' with identity 'Azure.Core, Version=1.14.0.0, Culture=neutral, PublicKeyToken=92742159e12e44c8'
error CS1705: Assembly 'Azure.Core.TestFramework' with identity 'Azure.Core.TestFramework, Version=1.0.0.0, Culture=neutral, PublicKeyToken=6a281e58f0dfecb7' uses 'Azure.Core, Version=1.15.0.0, Culture=neutral, PublicKeyToken=92742159e12e44c8' which has a higher version than referenced assembly 'Azure.Core' with identity 'Azure.Core, Version=1.14.0.0, Culture=neutral, PublicKeyToken=92742159e12e44c8'
error CS1705: Assembly 'Azure.Core.TestFramework' with identity 'Azure.Core.TestFramework, Version=1.0.0.0, Culture=neutral, PublicKeyToken=6a281e58f0dfecb7' uses 'Azure.Core, Version=1.15.0.0, Culture=neutral, PublicKeyToken=92742159e12e44c8' which has a higher version than referenced assembly 'Azure.Core' with identity 'Azure.Core, Version=1.14.0.0, Culture=neutral, PublicKeyToken=92742159e12e44c8'
C:\gh\azure-sdk-for-net\sdk\eventhub\Azure.ResourceManager.EventHubs\tests\EventHubsManagementClientBase.cs(59,17): error CS1705: Assembly 'Azure.Core.TestFramework' with identity 'Azure.Core.TestFramework, Version=1.0.0.0, Culture=neutral, PublicKeyToken=6a281e58f0dfecb7' uses 'Azure.Core, Version=1.15.0.0, Culture=neutral, PublicKeyToken=92742159e12e44c8' which has a higher version than referenced assembly 'Azure.Core' with identity 'Azure.Core, Version=1.14.0.0, Culture=neutral, PublicKeyToken=92742159e12e44c8'
error CS1705: Assembly 'Azure.Core.TestFramework' with identity 'Azure.Core.TestFramework, Version=1.0.0.0, Culture=neutral, PublicKeyToken=6a281e58f0dfecb7' uses 'Azure.Core, Version=1.15.0.0, Culture=neutral, PublicKeyToken=92742159e12e44c8' which has a higher version than referenced assembly 'Azure.Core' with identity 'Azure.Core, Version=1.14.0.0, Culture=neutral, PublicKeyToken=92742159e12e44c8'
C:\gh\azure-sdk-for-net\sdk\eventhub\Azure.ResourceManager.EventHubs\tests\EventHubsManagementClientBase.cs(66,17): error CS1705: Assembly 'Azure.Core.TestFramework' with identity 'Azure.Core.TestFramework, Version=1.0.0.0, Culture=neutral, PublicKeyToken=6a281e58f0dfecb7' uses 'Azure.Core, Version=1.15.0.0, Culture=neutral, PublicKeyToken=92742159e12e44c8' which has a higher version than referenced assembly 'Azure.Core' with identity 'Azure.Core, Version=1.14.0.0, Culture=neutral, PublicKeyToken=92742159e12e44c8'
error CS1705: Assembly 'Azure.Core.TestFramework' with identity 'Azure.Core.TestFramework, Version=1.0.0.0, Culture=neutral, PublicKeyToken=6a281e58f0dfecb7' uses 'Azure.Core, Version=1.15.0.0, Culture=neutral, PublicKeyToken=92742159e12e44c8' which has a higher version than referenced assembly 'Azure.Core' with identity 'Azure.Core, Version=1.14.0.0, Culture=neutral, PublicKeyToken=92742159e12e44c8'
C:\gh\azure-sdk-for-net\sdk\eventhub\Azure.ResourceManager.EventHubs\tests\EventHubsManagementClientBase.cs(73,17): error CS1705: Assembly 'Azure.Core.TestFramework' with identity 'Azure.Core.TestFramework, Version=1.0.0.0, Culture=neutral, PublicKeyToken=6a281e58f0dfecb7' uses 'Azure.Core, Version=1.15.0.0, Culture=neutral, PublicKeyToken=92742159e12e44c8' which has a higher version than referenced assembly 'Azure.Core' with identity 'Azure.Core, Version=1.14.0.0, Culture=neutral, PublicKeyToken=92742159e12e44c8'
C:\gh\azure-sdk-for-net\artifacts\obj\Azure.ResourceManager.EventHubs.Tests\Debug\net461\Azure.ResourceManager.EventHubs.Tests.AssemblyInfo.cs(12,1): hidden CS8019: Unnecessary using directive.
C:\gh\azure-sdk-for-net\sdk\eventhub\Azure.ResourceManager.EventHubs\tests\Tests\ScenarioTests.NamespaceTests.CRUD.cs(4,1): hidden CS8019: Unnecessary using directive.
C:\gh\azure-sdk-for-net\sdk\eventhub\Azure.ResourceManager.EventHubs\tests\Tests\ScenarioTests.ConsumerGroupsTests.CRUD.cs(3,1): hidden CS8019: Unnecessary using directive.
C:\gh\azure-sdk-for-net\sdk\eventhub\Azure.ResourceManager.EventHubs\tests\Tests\ScenarioTests.DisasterRecoveryTests.CRUD.cs(3,1): hidden CS8019: Unnecessary using directive.
C:\gh\azure-sdk-for-net\sdk\eventhub\Azure.ResourceManager.EventHubs\tests\Tests\ScenarioTests.EventHubsTests.CRUDAuthorizationRules_Length.cs(4,1): hidden CS8019: Unnecessary using directive.
C:\gh\azure-sdk-for-net\artifacts\obj\Azure.ResourceManager.EventHubs.Tests\Debug\net461\Azure.ResourceManager.EventHubs.Tests.AssemblyInfo.cs(11,1): hidden CS8019: Unnecessary using directive.
C:\gh\azure-sdk-for-net\sdk\eventhub\Azure.ResourceManager.EventHubs\tests\Tests\ScenarioTests.ConsumerGroupsTests.CRUD_Length.cs(3,1): hidden CS8019: Unnecessary using directive.
C:\gh\azure-sdk-for-net\artifacts\obj\Azure.ResourceManager.EventHubs.Tests\Debug\net461\.NETFramework,Version=v4.6.1.AssemblyAttributes.cs(3,1): hidden CS8019: Unnecessary using directive.
C:\gh\azure-sdk-for-net\sdk\eventhub\Azure.ResourceManager.EventHubs\tests\Tests\ScenarioTests.EventHubskiptopTests.cs(3,1): hidden CS8019: Unnecessary using directive.
C:\gh\azure-sdk-for-net\sdk\eventhub\Azure.ResourceManager.EventHubs\tests\Tests\ScenarioTests.EventHubsTests.CRUDAuthorizationRules.cs(4,1): hidden CS8019: Unnecessary using directive.
C:\gh\azure-sdk-for-net\artifacts\obj\Azure.ResourceManager.EventHubs.Tests\Debug\net461\.NETFramework,Version=v4.6.1.AssemblyAttributes.cs(2,1): hidden CS8019: Unnecessary using directive.
C:\gh\azure-sdk-for-net\sdk\eventhub\Azure.ResourceManager.EventHubs\tests\Tests\ScenarioTests.NamespaceKafkaTests.CRUD.cs(4,1): hidden CS8019: Unnecessary using directive.
