C:\gh\azure-sdk-for-net\eng\mgmt\DisableTestRunParallel.cs(7,12): error CS0246: The type or namespace name 'CollectionBehaviorAttribute' could not be found (are you missing a using directive or an assembly reference?)
C:\gh\azure-sdk-for-net\eng\mgmt\DisableTestRunParallel.cs(7,12): error CS0246: The type or namespace name 'CollectionBehavior' could not be found (are you missing a using directive or an assembly reference?)
C:\gh\azure-sdk-for-net\eng\mgmt\DisableTestRunParallel.cs(7,31): error CS0246: The type or namespace name 'DisableTestParallelization' could not be found (are you missing a using directive or an assembly reference?)
C:\gh\azure-sdk-for-net\eng\mgmt\DisableTestRunParallel.cs(7,66): error CS0246: The type or namespace name 'MaxParallelThreads' could not be found (are you missing a using directive or an assembly reference?)
C:\gh\azure-sdk-for-net\sdk\cognitiveservices\Search.BingNewsSearch\tests\NewsSearchTests.cs(1,23): error CS0234: The type or namespace name 'Test' does not exist in the namespace 'Microsoft.Azure' (are you missing an assembly reference?)
C:\gh\azure-sdk-for-net\sdk\cognitiveservices\Search.BingNewsSearch\tests\NewsSearchTests.cs(4,17): error CS0234: The type or namespace name 'Rest' does not exist in the namespace 'Microsoft' (are you missing an assembly reference?)
C:\gh\azure-sdk-for-net\sdk\cognitiveservices\Search.BingNewsSearch\tests\NewsSearchTests.cs(6,7): error CS0246: The type or namespace name 'Xunit' could not be found (are you missing a using directive or an assembly reference?)
C:\gh\azure-sdk-for-net\eng\mgmt\DisableTestRunParallel.cs(5,7): error CS0246: The type or namespace name 'Xunit' could not be found (are you missing a using directive or an assembly reference?)
C:\gh\azure-sdk-for-net\sdk\cognitiveservices\Search.BingNewsSearch\tests\NewsSearchTests.cs(14,10): error CS0246: The type or namespace name 'FactAttribute' could not be found (are you missing a using directive or an assembly reference?)
C:\gh\azure-sdk-for-net\sdk\cognitiveservices\Search.BingNewsSearch\tests\NewsSearchTests.cs(14,10): error CS0246: The type or namespace name 'Fact' could not be found (are you missing a using directive or an assembly reference?)
C:\gh\azure-sdk-for-net\sdk\cognitiveservices\Search.BingNewsSearch\tests\NewsSearchTests.cs(39,10): error CS0246: The type or namespace name 'FactAttribute' could not be found (are you missing a using directive or an assembly reference?)
C:\gh\azure-sdk-for-net\sdk\cognitiveservices\Search.BingNewsSearch\tests\NewsSearchTests.cs(39,10): error CS0246: The type or namespace name 'Fact' could not be found (are you missing a using directive or an assembly reference?)
C:\gh\azure-sdk-for-net\sdk\cognitiveservices\Search.BingNewsSearch\tests\NewsSearchTests.cs(65,10): error CS0246: The type or namespace name 'FactAttribute' could not be found (are you missing a using directive or an assembly reference?)
C:\gh\azure-sdk-for-net\sdk\cognitiveservices\Search.BingNewsSearch\tests\NewsSearchTests.cs(65,10): error CS0246: The type or namespace name 'Fact' could not be found (are you missing a using directive or an assembly reference?)
C:\gh\azure-sdk-for-net\sdk\cognitiveservices\Search.BingNewsSearch\tests\NewsSearchTests.cs(17,20): error CS0246: The type or namespace name 'MockContext' could not be found (are you missing a using directive or an assembly reference?)
C:\gh\azure-sdk-for-net\sdk\cognitiveservices\Search.BingNewsSearch\tests\NewsSearchTests.cs(17,42): error CS0103: The name 'MockContext' does not exist in the current context
C:\gh\azure-sdk-for-net\sdk\cognitiveservices\Search.BingNewsSearch\tests\NewsSearchTests.cs(19,17): error CS0103: The name 'HttpMockServer' does not exist in the current context
C:\gh\azure-sdk-for-net\sdk\cognitiveservices\Search.BingNewsSearch\tests\NewsSearchTests.cs(21,118): error CS0103: The name 'HttpMockServer' does not exist in the current context
C:\gh\azure-sdk-for-net\sdk\cognitiveservices\Search.BingNewsSearch\tests\NewsSearchTests.cs(21,48): error CS0246: The type or namespace name 'ServiceClientCredentials' could not be found (are you missing a using directive or an assembly reference?)
C:\gh\azure-sdk-for-net\sdk\cognitiveservices\Search.BingNewsSearch\tests\NewsSearchTests.cs(21,48): error CS0012: The type 'HttpClient' is defined in an assembly that is not referenced. You must add a reference to assembly 'System.Net.Http, Version=4.0.0.0, Culture=neutral, PublicKeyToken=b03f5f7f11d50a3a'.
C:\gh\azure-sdk-for-net\sdk\cognitiveservices\Search.BingNewsSearch\tests\NewsSearchTests.cs(21,48): error CS0012: The type 'HttpClientHandler' is defined in an assembly that is not referenced. You must add a reference to assembly 'System.Net.Http, Version=4.0.0.0, Culture=neutral, PublicKeyToken=b03f5f7f11d50a3a'.
C:\gh\azure-sdk-for-net\sdk\cognitiveservices\Search.BingNewsSearch\tests\NewsSearchTests.cs(21,48): error CS0012: The type 'DelegatingHandler' is defined in an assembly that is not referenced. You must add a reference to assembly 'System.Net.Http, Version=4.0.0.0, Culture=neutral, PublicKeyToken=b03f5f7f11d50a3a'.
C:\gh\azure-sdk-for-net\sdk\cognitiveservices\Search.BingNewsSearch\tests\NewsSearchTests.cs(25,17): error CS0103: The name 'Assert' does not exist in the current context
C:\gh\azure-sdk-for-net\sdk\cognitiveservices\Search.BingNewsSearch\tests\NewsSearchTests.cs(26,17): error CS0103: The name 'Assert' does not exist in the current context
C:\gh\azure-sdk-for-net\sdk\cognitiveservices\Search.BingNewsSearch\tests\NewsSearchTests.cs(27,17): error CS0103: The name 'Assert' does not exist in the current context
C:\gh\azure-sdk-for-net\sdk\cognitiveservices\Search.BingNewsSearch\tests\NewsSearchTests.cs(30,17): error CS0103: The name 'Assert' does not exist in the current context
C:\gh\azure-sdk-for-net\sdk\cognitiveservices\Search.BingNewsSearch\tests\NewsSearchTests.cs(31,17): error CS0103: The name 'Assert' does not exist in the current context
C:\gh\azure-sdk-for-net\sdk\cognitiveservices\Search.BingNewsSearch\tests\NewsSearchTests.cs(32,17): error CS0103: The name 'Assert' does not exist in the current context
C:\gh\azure-sdk-for-net\sdk\cognitiveservices\Search.BingNewsSearch\tests\NewsSearchTests.cs(33,17): error CS0103: The name 'Assert' does not exist in the current context
C:\gh\azure-sdk-for-net\sdk\cognitiveservices\Search.BingNewsSearch\tests\NewsSearchTests.cs(34,17): error CS0103: The name 'Assert' does not exist in the current context
C:\gh\azure-sdk-for-net\sdk\cognitiveservices\Search.BingNewsSearch\tests\NewsSearchTests.cs(35,17): error CS0103: The name 'Assert' does not exist in the current context
C:\gh\azure-sdk-for-net\sdk\cognitiveservices\Search.BingNewsSearch\tests\NewsSearchTests.cs(42,20): error CS0246: The type or namespace name 'MockContext' could not be found (are you missing a using directive or an assembly reference?)
C:\gh\azure-sdk-for-net\sdk\cognitiveservices\Search.BingNewsSearch\tests\NewsSearchTests.cs(42,42): error CS0103: The name 'MockContext' does not exist in the current context
C:\gh\azure-sdk-for-net\sdk\cognitiveservices\Search.BingNewsSearch\tests\NewsSearchTests.cs(44,17): error CS0103: The name 'HttpMockServer' does not exist in the current context
C:\gh\azure-sdk-for-net\sdk\cognitiveservices\Search.BingNewsSearch\tests\NewsSearchTests.cs(46,118): error CS0103: The name 'HttpMockServer' does not exist in the current context
C:\gh\azure-sdk-for-net\sdk\cognitiveservices\Search.BingNewsSearch\tests\NewsSearchTests.cs(46,48): error CS0246: The type or namespace name 'ServiceClientCredentials' could not be found (are you missing a using directive or an assembly reference?)
C:\gh\azure-sdk-for-net\sdk\cognitiveservices\Search.BingNewsSearch\tests\NewsSearchTests.cs(46,48): error CS0012: The type 'HttpClient' is defined in an assembly that is not referenced. You must add a reference to assembly 'System.Net.Http, Version=4.0.0.0, Culture=neutral, PublicKeyToken=b03f5f7f11d50a3a'.
C:\gh\azure-sdk-for-net\sdk\cognitiveservices\Search.BingNewsSearch\tests\NewsSearchTests.cs(46,48): error CS0012: The type 'HttpClientHandler' is defined in an assembly that is not referenced. You must add a reference to assembly 'System.Net.Http, Version=4.0.0.0, Culture=neutral, PublicKeyToken=b03f5f7f11d50a3a'.
C:\gh\azure-sdk-for-net\sdk\cognitiveservices\Search.BingNewsSearch\tests\NewsSearchTests.cs(46,48): error CS0012: The type 'DelegatingHandler' is defined in an assembly that is not referenced. You must add a reference to assembly 'System.Net.Http, Version=4.0.0.0, Culture=neutral, PublicKeyToken=b03f5f7f11d50a3a'.
C:\gh\azure-sdk-for-net\sdk\cognitiveservices\Search.BingNewsSearch\tests\NewsSearchTests.cs(50,17): error CS0103: The name 'Assert' does not exist in the current context
C:\gh\azure-sdk-for-net\sdk\cognitiveservices\Search.BingNewsSearch\tests\NewsSearchTests.cs(51,17): error CS0103: The name 'Assert' does not exist in the current context
C:\gh\azure-sdk-for-net\sdk\cognitiveservices\Search.BingNewsSearch\tests\NewsSearchTests.cs(52,17): error CS0103: The name 'Assert' does not exist in the current context
C:\gh\azure-sdk-for-net\sdk\cognitiveservices\Search.BingNewsSearch\tests\NewsSearchTests.cs(55,17): error CS0103: The name 'Assert' does not exist in the current context
C:\gh\azure-sdk-for-net\sdk\cognitiveservices\Search.BingNewsSearch\tests\NewsSearchTests.cs(56,17): error CS0103: The name 'Assert' does not exist in the current context
C:\gh\azure-sdk-for-net\sdk\cognitiveservices\Search.BingNewsSearch\tests\NewsSearchTests.cs(57,17): error CS0103: The name 'Assert' does not exist in the current context
C:\gh\azure-sdk-for-net\sdk\cognitiveservices\Search.BingNewsSearch\tests\NewsSearchTests.cs(58,17): error CS0103: The name 'Assert' does not exist in the current context
C:\gh\azure-sdk-for-net\sdk\cognitiveservices\Search.BingNewsSearch\tests\NewsSearchTests.cs(59,17): error CS0103: The name 'Assert' does not exist in the current context
C:\gh\azure-sdk-for-net\sdk\cognitiveservices\Search.BingNewsSearch\tests\NewsSearchTests.cs(60,17): error CS0103: The name 'Assert' does not exist in the current context
C:\gh\azure-sdk-for-net\sdk\cognitiveservices\Search.BingNewsSearch\tests\NewsSearchTests.cs(61,17): error CS0103: The name 'Assert' does not exist in the current context
C:\gh\azure-sdk-for-net\sdk\cognitiveservices\Search.BingNewsSearch\tests\NewsSearchTests.cs(68,20): error CS0246: The type or namespace name 'MockContext' could not be found (are you missing a using directive or an assembly reference?)
C:\gh\azure-sdk-for-net\sdk\cognitiveservices\Search.BingNewsSearch\tests\NewsSearchTests.cs(68,42): error CS0103: The name 'MockContext' does not exist in the current context
C:\gh\azure-sdk-for-net\sdk\cognitiveservices\Search.BingNewsSearch\tests\NewsSearchTests.cs(70,17): error CS0103: The name 'HttpMockServer' does not exist in the current context
C:\gh\azure-sdk-for-net\sdk\cognitiveservices\Search.BingNewsSearch\tests\NewsSearchTests.cs(72,118): error CS0103: The name 'HttpMockServer' does not exist in the current context
C:\gh\azure-sdk-for-net\sdk\cognitiveservices\Search.BingNewsSearch\tests\NewsSearchTests.cs(72,48): error CS0246: The type or namespace name 'ServiceClientCredentials' could not be found (are you missing a using directive or an assembly reference?)
C:\gh\azure-sdk-for-net\sdk\cognitiveservices\Search.BingNewsSearch\tests\NewsSearchTests.cs(72,48): error CS0012: The type 'HttpClient' is defined in an assembly that is not referenced. You must add a reference to assembly 'System.Net.Http, Version=4.0.0.0, Culture=neutral, PublicKeyToken=b03f5f7f11d50a3a'.
C:\gh\azure-sdk-for-net\sdk\cognitiveservices\Search.BingNewsSearch\tests\NewsSearchTests.cs(72,48): error CS0012: The type 'HttpClientHandler' is defined in an assembly that is not referenced. You must add a reference to assembly 'System.Net.Http, Version=4.0.0.0, Culture=neutral, PublicKeyToken=b03f5f7f11d50a3a'.
C:\gh\azure-sdk-for-net\sdk\cognitiveservices\Search.BingNewsSearch\tests\NewsSearchTests.cs(72,48): error CS0012: The type 'DelegatingHandler' is defined in an assembly that is not referenced. You must add a reference to assembly 'System.Net.Http, Version=4.0.0.0, Culture=neutral, PublicKeyToken=b03f5f7f11d50a3a'.
C:\gh\azure-sdk-for-net\sdk\cognitiveservices\Search.BingNewsSearch\tests\NewsSearchTests.cs(76,17): error CS0103: The name 'Assert' does not exist in the current context
C:\gh\azure-sdk-for-net\sdk\cognitiveservices\Search.BingNewsSearch\tests\NewsSearchTests.cs(77,17): error CS0103: The name 'Assert' does not exist in the current context
C:\gh\azure-sdk-for-net\sdk\cognitiveservices\Search.BingNewsSearch\tests\NewsSearchTests.cs(78,17): error CS0103: The name 'Assert' does not exist in the current context
C:\gh\azure-sdk-for-net\sdk\cognitiveservices\Search.BingNewsSearch\tests\NewsSearchTests.cs(81,17): error CS0103: The name 'Assert' does not exist in the current context
C:\gh\azure-sdk-for-net\sdk\cognitiveservices\Search.BingNewsSearch\tests\NewsSearchTests.cs(82,17): error CS0103: The name 'Assert' does not exist in the current context
C:\gh\azure-sdk-for-net\sdk\cognitiveservices\Search.BingNewsSearch\tests\NewsSearchTests.cs(83,17): error CS0103: The name 'Assert' does not exist in the current context
C:\gh\azure-sdk-for-net\sdk\cognitiveservices\Search.BingNewsSearch\tests\NewsSearchTests.cs(84,17): error CS0103: The name 'Assert' does not exist in the current context
C:\gh\azure-sdk-for-net\sdk\cognitiveservices\Search.BingNewsSearch\tests\NewsSearchTests.cs(85,17): error CS0103: The name 'Assert' does not exist in the current context
C:\gh\azure-sdk-for-net\sdk\cognitiveservices\Search.BingNewsSearch\tests\NewsSearchTests.cs(86,17): error CS0103: The name 'Assert' does not exist in the current context
C:\gh\azure-sdk-for-net\sdk\cognitiveservices\Search.BingNewsSearch\tests\NewsSearchTests.cs(87,17): error CS0103: The name 'Assert' does not exist in the current context
C:\gh\azure-sdk-for-net\eng\mgmt\DisableTestRunParallel.cs(5,1): hidden CS8019: Unnecessary using directive.
C:\gh\azure-sdk-for-net\artifacts\obj\Microsoft.Azure.CognitiveServices.Search.BingNewsSearch.Tests\Debug\net461\Microsoft.Azure.CognitiveServices.Search.BingNewsSearch.Tests.AssemblyInfo.cs(12,1): hidden CS8019: Unnecessary using directive.
C:\gh\azure-sdk-for-net\artifacts\obj\Microsoft.Azure.CognitiveServices.Search.BingNewsSearch.Tests\Debug\net461\.NETFramework,Version=v4.6.1.AssemblyAttributes.cs(3,1): hidden CS8019: Unnecessary using directive.
C:\gh\azure-sdk-for-net\sdk\cognitiveservices\Search.BingNewsSearch\tests\NewsSearchTests.cs(5,1): hidden CS8019: Unnecessary using directive.
C:\gh\azure-sdk-for-net\sdk\cognitiveservices\Search.BingNewsSearch\tests\NewsSearchTests.cs(4,1): hidden CS8019: Unnecessary using directive.
C:\gh\azure-sdk-for-net\sdk\cognitiveservices\Search.BingNewsSearch\tests\NewsSearchTests.cs(3,1): hidden CS8019: Unnecessary using directive.
C:\gh\azure-sdk-for-net\sdk\cognitiveservices\Search.BingNewsSearch\tests\NewsSearchTests.cs(6,1): hidden CS8019: Unnecessary using directive.
C:\gh\azure-sdk-for-net\artifacts\obj\Microsoft.Azure.CognitiveServices.Search.BingNewsSearch.Tests\Debug\net461\.NETFramework,Version=v4.6.1.AssemblyAttributes.cs(2,1): hidden CS8019: Unnecessary using directive.
C:\gh\azure-sdk-for-net\eng\mgmt\DisableTestRunParallel.cs(4,1): hidden CS8019: Unnecessary using directive.
C:\gh\azure-sdk-for-net\artifacts\obj\Microsoft.Azure.CognitiveServices.Search.BingNewsSearch.Tests\Debug\net461\Microsoft.Azure.CognitiveServices.Search.BingNewsSearch.Tests.AssemblyInfo.cs(11,1): hidden CS8019: Unnecessary using directive.
C:\gh\azure-sdk-for-net\sdk\cognitiveservices\Search.BingNewsSearch\tests\NewsSearchTests.cs(1,1): hidden CS8019: Unnecessary using directive.
