C:\gh\azure-sdk-for-net\sdk\extensions\Azure.Extensions.AspNetCore.DataProtection.Blobs\tests\Snippets.cs(28,43): error CS0246: The type or namespace name 'IServiceCollection' could not be found (are you missing a using directive or an assembly reference?)
C:\gh\azure-sdk-for-net\sdk\extensions\Azure.Extensions.AspNetCore.DataProtection.Blobs\tests\Snippets.cs(16,43): error CS0246: The type or namespace name 'IServiceCollection' could not be found (are you missing a using directive or an assembly reference?)
C:\gh\azure-sdk-for-net\sdk\extensions\Azure.Extensions.AspNetCore.DataProtection.Blobs\tests\DataProtectionBlobFunctionalTests.cs(55,28): error CS0246: The type or namespace name 'BlobClient' could not be found (are you missing a using directive or an assembly reference?)
C:\gh\azure-sdk-for-net\sdk\extensions\Azure.Extensions.AspNetCore.DataProtection.Blobs\tests\DataProtectionBlobFunctionalTests.cs(37,10): error CS0246: The type or namespace name 'TestAttribute' could not be found (are you missing a using directive or an assembly reference?)
C:\gh\azure-sdk-for-net\sdk\extensions\Azure.Extensions.AspNetCore.DataProtection.Blobs\tests\DataProtectionBlobFunctionalTests.cs(37,10): error CS0246: The type or namespace name 'Test' could not be found (are you missing a using directive or an assembly reference?)
C:\gh\azure-sdk-for-net\sdk\extensions\Azure.Extensions.AspNetCore.DataProtection.Blobs\tests\DataProtectionBlobFunctionalTests.cs(19,10): error CS0246: The type or namespace name 'TestAttribute' could not be found (are you missing a using directive or an assembly reference?)
C:\gh\azure-sdk-for-net\sdk\extensions\Azure.Extensions.AspNetCore.DataProtection.Blobs\tests\DataProtectionBlobFunctionalTests.cs(19,10): error CS0246: The type or namespace name 'Test' could not be found (are you missing a using directive or an assembly reference?)
C:\gh\azure-sdk-for-net\sdk\extensions\Azure.Extensions.AspNetCore.DataProtection.Blobs\tests\AzureBlobXmlRepositoryTests.cs(14,13): error CS0234: The type or namespace name 'Storage' does not exist in the namespace 'Azure' (are you missing an assembly reference?)
C:\gh\azure-sdk-for-net\sdk\extensions\Azure.Extensions.AspNetCore.DataProtection.Blobs\tests\AzureBlobXmlRepositoryTests.cs(15,13): error CS0234: The type or namespace name 'Storage' does not exist in the namespace 'Azure' (are you missing an assembly reference?)
C:\gh\azure-sdk-for-net\sdk\extensions\Azure.Extensions.AspNetCore.DataProtection.Blobs\tests\AzureBlobXmlRepositoryTests.cs(16,13): error CS0234: The type or namespace name 'Storage' does not exist in the namespace 'Azure' (are you missing an assembly reference?)
C:\gh\azure-sdk-for-net\sdk\extensions\Azure.Extensions.AspNetCore.DataProtection.Blobs\tests\AzureBlobXmlRepositoryTests.cs(17,7): error CS0246: The type or namespace name 'Moq' could not be found (are you missing a using directive or an assembly reference?)
C:\gh\azure-sdk-for-net\sdk\extensions\Azure.Extensions.AspNetCore.DataProtection.Blobs\tests\AzureBlobXmlRepositoryTests.cs(18,7): error CS0246: The type or namespace name 'NUnit' could not be found (are you missing a using directive or an assembly reference?)
C:\gh\azure-sdk-for-net\sdk\extensions\Azure.Extensions.AspNetCore.DataProtection.Blobs\tests\AzureDataProtectionBuilderExtensionsTests.cs(5,13): error CS0234: The type or namespace name 'Storage' does not exist in the namespace 'Azure' (are you missing an assembly reference?)
C:\gh\azure-sdk-for-net\sdk\extensions\Azure.Extensions.AspNetCore.DataProtection.Blobs\tests\AzureDataProtectionBuilderExtensionsTests.cs(7,43): error CS0234: The type or namespace name 'KeyManagement' does not exist in the namespace 'Microsoft.AspNetCore.DataProtection' (are you missing an assembly reference?)
C:\gh\azure-sdk-for-net\sdk\extensions\Azure.Extensions.AspNetCore.DataProtection.Blobs\tests\AzureDataProtectionBuilderExtensionsTests.cs(8,17): error CS0234: The type or namespace name 'Extensions' does not exist in the namespace 'Microsoft' (are you missing an assembly reference?)
C:\gh\azure-sdk-for-net\sdk\extensions\Azure.Extensions.AspNetCore.DataProtection.Blobs\tests\AzureDataProtectionBuilderExtensionsTests.cs(9,17): error CS0234: The type or namespace name 'Extensions' does not exist in the namespace 'Microsoft' (are you missing an assembly reference?)
C:\gh\azure-sdk-for-net\sdk\extensions\Azure.Extensions.AspNetCore.DataProtection.Blobs\tests\AzureDataProtectionBuilderExtensionsTests.cs(10,7): error CS0246: The type or namespace name 'NUnit' could not be found (are you missing a using directive or an assembly reference?)
C:\gh\azure-sdk-for-net\sdk\extensions\Azure.Extensions.AspNetCore.DataProtection.Blobs\tests\DataProtectionBlobFunctionalTests.cs(8,13): error CS0234: The type or namespace name 'Storage' does not exist in the namespace 'Azure' (are you missing an assembly reference?)
C:\gh\azure-sdk-for-net\sdk\extensions\Azure.Extensions.AspNetCore.DataProtection.Blobs\tests\DataProtectionBlobFunctionalTests.cs(9,13): error CS0234: The type or namespace name 'Storage' does not exist in the namespace 'Azure' (are you missing an assembly reference?)
C:\gh\azure-sdk-for-net\sdk\extensions\Azure.Extensions.AspNetCore.DataProtection.Blobs\tests\DataProtectionBlobFunctionalTests.cs(11,43): error CS0234: The type or namespace name 'Repositories' does not exist in the namespace 'Microsoft.AspNetCore.DataProtection' (are you missing an assembly reference?)
C:\gh\azure-sdk-for-net\sdk\extensions\Azure.Extensions.AspNetCore.DataProtection.Blobs\tests\DataProtectionBlobFunctionalTests.cs(12,17): error CS0234: The type or namespace name 'Extensions' does not exist in the namespace 'Microsoft' (are you missing an assembly reference?)
C:\gh\azure-sdk-for-net\sdk\extensions\Azure.Extensions.AspNetCore.DataProtection.Blobs\tests\DataProtectionBlobFunctionalTests.cs(13,7): error CS0246: The type or namespace name 'NUnit' could not be found (are you missing a using directive or an assembly reference?)
C:\gh\azure-sdk-for-net\sdk\extensions\Azure.Extensions.AspNetCore.DataProtection.Blobs\tests\Snippets.cs(5,13): error CS0234: The type or namespace name 'Identity' does not exist in the namespace 'Azure' (are you missing an assembly reference?)
C:\gh\azure-sdk-for-net\sdk\extensions\Azure.Extensions.AspNetCore.DataProtection.Blobs\tests\Snippets.cs(7,17): error CS0234: The type or namespace name 'Extensions' does not exist in the namespace 'Microsoft' (are you missing an assembly reference?)
C:\gh\azure-sdk-for-net\sdk\extensions\Azure.Extensions.AspNetCore.DataProtection.Blobs\tests\AzureDataProtectionBuilderExtensionsTests.cs(16,10): error CS0246: The type or namespace name 'TestAttribute' could not be found (are you missing a using directive or an assembly reference?)
C:\gh\azure-sdk-for-net\sdk\extensions\Azure.Extensions.AspNetCore.DataProtection.Blobs\tests\AzureDataProtectionBuilderExtensionsTests.cs(16,10): error CS0246: The type or namespace name 'Test' could not be found (are you missing a using directive or an assembly reference?)
C:\gh\azure-sdk-for-net\sdk\extensions\Azure.Extensions.AspNetCore.DataProtection.Blobs\tests\AzureBlobXmlRepositoryTests.cs(24,10): error CS0246: The type or namespace name 'TestAttribute' could not be found (are you missing a using directive or an assembly reference?)
C:\gh\azure-sdk-for-net\sdk\extensions\Azure.Extensions.AspNetCore.DataProtection.Blobs\tests\AzureBlobXmlRepositoryTests.cs(24,10): error CS0246: The type or namespace name 'Test' could not be found (are you missing a using directive or an assembly reference?)
C:\gh\azure-sdk-for-net\sdk\extensions\Azure.Extensions.AspNetCore.DataProtection.Blobs\tests\AzureBlobXmlRepositoryTests.cs(69,10): error CS0246: The type or namespace name 'TestAttribute' could not be found (are you missing a using directive or an assembly reference?)
C:\gh\azure-sdk-for-net\sdk\extensions\Azure.Extensions.AspNetCore.DataProtection.Blobs\tests\AzureBlobXmlRepositoryTests.cs(69,10): error CS0246: The type or namespace name 'Test' could not be found (are you missing a using directive or an assembly reference?)
C:\gh\azure-sdk-for-net\sdk\extensions\Azure.Extensions.AspNetCore.DataProtection.Blobs\tests\Snippets.cs(20,84): error CS0246: The type or namespace name 'DefaultAzureCredential' could not be found (are you missing a using directive or an assembly reference?)
C:\gh\azure-sdk-for-net\sdk\extensions\Azure.Extensions.AspNetCore.DataProtection.Blobs\tests\AzureDataProtectionBuilderExtensionsTests.cs(20,30): error CS0246: The type or namespace name 'BlobClient' could not be found (are you missing a using directive or an assembly reference?)
C:\gh\azure-sdk-for-net\sdk\extensions\Azure.Extensions.AspNetCore.DataProtection.Blobs\tests\AzureDataProtectionBuilderExtensionsTests.cs(21,41): error CS0246: The type or namespace name 'ServiceCollection' could not be found (are you missing a using directive or an assembly reference?)
C:\gh\azure-sdk-for-net\sdk\extensions\Azure.Extensions.AspNetCore.DataProtection.Blobs\tests\AzureDataProtectionBuilderExtensionsTests.cs(25,13): error CS0246: The type or namespace name 'IDataProtectionBuilder' could not be found (are you missing a using directive or an assembly reference?)
C:\gh\azure-sdk-for-net\sdk\extensions\Azure.Extensions.AspNetCore.DataProtection.Blobs\tests\AzureDataProtectionBuilderExtensionsTests.cs(29,55): error CS0246: The type or namespace name 'IOptions<>' could not be found (are you missing a using directive or an assembly reference?)
C:\gh\azure-sdk-for-net\sdk\extensions\Azure.Extensions.AspNetCore.DataProtection.Blobs\tests\AzureDataProtectionBuilderExtensionsTests.cs(29,64): error CS0246: The type or namespace name 'KeyManagementOptions' could not be found (are you missing a using directive or an assembly reference?)
C:\gh\azure-sdk-for-net\sdk\extensions\Azure.Extensions.AspNetCore.DataProtection.Blobs\tests\AzureDataProtectionBuilderExtensionsTests.cs(30,13): error CS0103: The name 'Assert' does not exist in the current context
C:\gh\azure-sdk-for-net\sdk\extensions\Azure.Extensions.AspNetCore.DataProtection.Blobs\tests\AzureDataProtectionBuilderExtensionsTests.cs(30,33): error CS0122: 'AzureBlobXmlRepository' is inaccessible due to its protection level
C:\gh\azure-sdk-for-net\sdk\extensions\Azure.Extensions.AspNetCore.DataProtection.Blobs\tests\DataProtectionBlobFunctionalTests.cs(22,41): error CS0246: The type or namespace name 'ServiceCollection' could not be found (are you missing a using directive or an assembly reference?)
C:\gh\azure-sdk-for-net\sdk\extensions\Azure.Extensions.AspNetCore.DataProtection.Blobs\tests\DataProtectionBlobFunctionalTests.cs(27,53): error CS0246: The type or namespace name 'IDataProtectionProvider' could not be found (are you missing a using directive or an assembly reference?)
C:\gh\azure-sdk-for-net\sdk\extensions\Azure.Extensions.AspNetCore.DataProtection.Blobs\tests\DataProtectionBlobFunctionalTests.cs(31,67): error CS0246: The type or namespace name 'IDataProtectionProvider' could not be found (are you missing a using directive or an assembly reference?)
C:\gh\azure-sdk-for-net\sdk\extensions\Azure.Extensions.AspNetCore.DataProtection.Blobs\tests\DataProtectionBlobFunctionalTests.cs(34,13): error CS0103: The name 'Assert' does not exist in the current context
C:\gh\azure-sdk-for-net\sdk\extensions\Azure.Extensions.AspNetCore.DataProtection.Blobs\tests\DataProtectionBlobFunctionalTests.cs(43,34): error CS0122: 'AzureBlobXmlRepository' is inaccessible due to its protection level
C:\gh\azure-sdk-for-net\sdk\extensions\Azure.Extensions.AspNetCore.DataProtection.Blobs\tests\DataProtectionBlobFunctionalTests.cs(43,34): error CS0518: Predefined type 'System.Void' is not defined or imported
C:\gh\azure-sdk-for-net\sdk\extensions\Azure.Extensions.AspNetCore.DataProtection.Blobs\tests\DataProtectionBlobFunctionalTests.cs(44,24): error CS0246: The type or namespace name 'IXmlRepository' could not be found (are you missing a using directive or an assembly reference?)
C:\gh\azure-sdk-for-net\sdk\extensions\Azure.Extensions.AspNetCore.DataProtection.Blobs\tests\DataProtectionBlobFunctionalTests.cs(44,24): error CS0122: 'AzureBlobXmlRepository.StoreElement(XElement, string)' is inaccessible due to its protection level
C:\gh\azure-sdk-for-net\sdk\extensions\Azure.Extensions.AspNetCore.DataProtection.Blobs\tests\DataProtectionBlobFunctionalTests.cs(45,13): error CS0103: The name 'Assert' does not exist in the current context
C:\gh\azure-sdk-for-net\sdk\extensions\Azure.Extensions.AspNetCore.DataProtection.Blobs\tests\DataProtectionBlobFunctionalTests.cs(45,43): error CS0246: The type or namespace name 'IXmlRepository' could not be found (are you missing a using directive or an assembly reference?)
C:\gh\azure-sdk-for-net\sdk\extensions\Azure.Extensions.AspNetCore.DataProtection.Blobs\tests\DataProtectionBlobFunctionalTests.cs(45,43): error CS0122: 'AzureBlobXmlRepository.GetAllElements()' is inaccessible due to its protection level
C:\gh\azure-sdk-for-net\sdk\extensions\Azure.Extensions.AspNetCore.DataProtection.Blobs\tests\DataProtectionBlobFunctionalTests.cs(47,35): error CS0122: 'AzureBlobXmlRepository' is inaccessible due to its protection level
C:\gh\azure-sdk-for-net\sdk\extensions\Azure.Extensions.AspNetCore.DataProtection.Blobs\tests\DataProtectionBlobFunctionalTests.cs(47,35): error CS0518: Predefined type 'System.Void' is not defined or imported
C:\gh\azure-sdk-for-net\sdk\extensions\Azure.Extensions.AspNetCore.DataProtection.Blobs\tests\DataProtectionBlobFunctionalTests.cs(49,25): error CS0246: The type or namespace name 'IXmlRepository' could not be found (are you missing a using directive or an assembly reference?)
C:\gh\azure-sdk-for-net\sdk\extensions\Azure.Extensions.AspNetCore.DataProtection.Blobs\tests\DataProtectionBlobFunctionalTests.cs(49,25): error CS0122: 'AzureBlobXmlRepository.StoreElement(XElement, string)' is inaccessible due to its protection level
C:\gh\azure-sdk-for-net\sdk\extensions\Azure.Extensions.AspNetCore.DataProtection.Blobs\tests\DataProtectionBlobFunctionalTests.cs(51,13): error CS0103: The name 'Assert' does not exist in the current context
C:\gh\azure-sdk-for-net\sdk\extensions\Azure.Extensions.AspNetCore.DataProtection.Blobs\tests\DataProtectionBlobFunctionalTests.cs(51,44): error CS0246: The type or namespace name 'IXmlRepository' could not be found (are you missing a using directive or an assembly reference?)
C:\gh\azure-sdk-for-net\sdk\extensions\Azure.Extensions.AspNetCore.DataProtection.Blobs\tests\DataProtectionBlobFunctionalTests.cs(51,44): error CS0122: 'AzureBlobXmlRepository.GetAllElements()' is inaccessible due to its protection level
C:\gh\azure-sdk-for-net\sdk\extensions\Azure.Extensions.AspNetCore.DataProtection.Blobs\tests\DataProtectionBlobFunctionalTests.cs(52,13): error CS0103: The name 'Assert' does not exist in the current context
C:\gh\azure-sdk-for-net\sdk\extensions\Azure.Extensions.AspNetCore.DataProtection.Blobs\tests\DataProtectionBlobFunctionalTests.cs(52,43): error CS0246: The type or namespace name 'IXmlRepository' could not be found (are you missing a using directive or an assembly reference?)
C:\gh\azure-sdk-for-net\sdk\extensions\Azure.Extensions.AspNetCore.DataProtection.Blobs\tests\DataProtectionBlobFunctionalTests.cs(52,43): error CS0122: 'AzureBlobXmlRepository.GetAllElements()' is inaccessible due to its protection level
C:\gh\azure-sdk-for-net\sdk\extensions\Azure.Extensions.AspNetCore.DataProtection.Blobs\tests\DataProtectionBlobFunctionalTests.cs(57,30): error CS0246: The type or namespace name 'BlobServiceClient' could not be found (are you missing a using directive or an assembly reference?)
C:\gh\azure-sdk-for-net\sdk\extensions\Azure.Extensions.AspNetCore.DataProtection.Blobs\tests\DataProtectionBlobFunctionalTests.cs(59,21): error CS0246: The type or namespace name 'StorageSharedKeyCredential' could not be found (are you missing a using directive or an assembly reference?)
C:\gh\azure-sdk-for-net\sdk\extensions\Azure.Extensions.AspNetCore.DataProtection.Blobs\tests\AzureBlobXmlRepositoryTests.cs(27,13): error CS0246: The type or namespace name 'BlobRequestConditions' could not be found (are you missing a using directive or an assembly reference?)
C:\gh\azure-sdk-for-net\sdk\extensions\Azure.Extensions.AspNetCore.DataProtection.Blobs\tests\AzureBlobXmlRepositoryTests.cs(31,28): error CS0246: The type or namespace name 'Mock<>' could not be found (are you missing a using directive or an assembly reference?)
C:\gh\azure-sdk-for-net\sdk\extensions\Azure.Extensions.AspNetCore.DataProtection.Blobs\tests\AzureBlobXmlRepositoryTests.cs(31,33): error CS0246: The type or namespace name 'BlobClient' could not be found (are you missing a using directive or an assembly reference?)
C:\gh\azure-sdk-for-net\sdk\extensions\Azure.Extensions.AspNetCore.DataProtection.Blobs\tests\AzureBlobXmlRepositoryTests.cs(42,46): error CS0246: The type or namespace name 'BlobHttpHeaders' could not be found (are you missing a using directive or an assembly reference?)
C:\gh\azure-sdk-for-net\sdk\extensions\Azure.Extensions.AspNetCore.DataProtection.Blobs\tests\AzureBlobXmlRepositoryTests.cs(42,109): error CS0246: The type or namespace name 'BlobRequestConditions' could not be found (are you missing a using directive or an assembly reference?)
C:\gh\azure-sdk-for-net\sdk\extensions\Azure.Extensions.AspNetCore.DataProtection.Blobs\tests\AzureBlobXmlRepositoryTests.cs(42,169): error CS0246: The type or namespace name 'AccessTier' could not be found (are you missing a using directive or an assembly reference?)
C:\gh\azure-sdk-for-net\sdk\extensions\Azure.Extensions.AspNetCore.DataProtection.Blobs\tests\AzureBlobXmlRepositoryTests.cs(42,189): error CS0246: The type or namespace name 'StorageTransferOptions' could not be found (are you missing a using directive or an assembly reference?)
C:\gh\azure-sdk-for-net\sdk\extensions\Azure.Extensions.AspNetCore.DataProtection.Blobs\tests\AzureBlobXmlRepositoryTests.cs(59,34): error CS0122: 'AzureBlobXmlRepository' is inaccessible due to its protection level
C:\gh\azure-sdk-for-net\sdk\extensions\Azure.Extensions.AspNetCore.DataProtection.Blobs\tests\AzureBlobXmlRepositoryTests.cs(59,34): error CS0518: Predefined type 'System.Void' is not defined or imported
C:\gh\azure-sdk-for-net\sdk\extensions\Azure.Extensions.AspNetCore.DataProtection.Blobs\tests\AzureBlobXmlRepositoryTests.cs(60,24): error CS0246: The type or namespace name 'IXmlRepository' could not be found (are you missing a using directive or an assembly reference?)
C:\gh\azure-sdk-for-net\sdk\extensions\Azure.Extensions.AspNetCore.DataProtection.Blobs\tests\AzureBlobXmlRepositoryTests.cs(60,24): error CS0122: 'AzureBlobXmlRepository.StoreElement(XElement, string)' is inaccessible due to its protection level
C:\gh\azure-sdk-for-net\sdk\extensions\Azure.Extensions.AspNetCore.DataProtection.Blobs\tests\AzureBlobXmlRepositoryTests.cs(62,13): error CS0103: The name 'Assert' does not exist in the current context
C:\gh\azure-sdk-for-net\sdk\extensions\Azure.Extensions.AspNetCore.DataProtection.Blobs\tests\AzureBlobXmlRepositoryTests.cs(63,13): error CS0103: The name 'Assert' does not exist in the current context
C:\gh\azure-sdk-for-net\sdk\extensions\Azure.Extensions.AspNetCore.DataProtection.Blobs\tests\AzureBlobXmlRepositoryTests.cs(66,13): error CS0103: The name 'Assert' does not exist in the current context
C:\gh\azure-sdk-for-net\sdk\extensions\Azure.Extensions.AspNetCore.DataProtection.Blobs\tests\AzureBlobXmlRepositoryTests.cs(74,28): error CS0246: The type or namespace name 'Mock<>' could not be found (are you missing a using directive or an assembly reference?)
C:\gh\azure-sdk-for-net\sdk\extensions\Azure.Extensions.AspNetCore.DataProtection.Blobs\tests\AzureBlobXmlRepositoryTests.cs(74,33): error CS0246: The type or namespace name 'BlobClient' could not be found (are you missing a using directive or an assembly reference?)
C:\gh\azure-sdk-for-net\sdk\extensions\Azure.Extensions.AspNetCore.DataProtection.Blobs\tests\AzureBlobXmlRepositoryTests.cs(81,48): error CS0246: The type or namespace name 'BlobRequestConditions' could not be found (are you missing a using directive or an assembly reference?)
C:\gh\azure-sdk-for-net\sdk\extensions\Azure.Extensions.AspNetCore.DataProtection.Blobs\tests\AzureBlobXmlRepositoryTests.cs(81,82): error CS0246: The type or namespace name 'StorageTransferOptions' could not be found (are you missing a using directive or an assembly reference?)
C:\gh\azure-sdk-for-net\sdk\extensions\Azure.Extensions.AspNetCore.DataProtection.Blobs\tests\AzureBlobXmlRepositoryTests.cs(101,29): error CS0246: The type or namespace name 'RequestFailedException' could not be found (are you missing a using directive or an assembly reference?)
C:\gh\azure-sdk-for-net\sdk\extensions\Azure.Extensions.AspNetCore.DataProtection.Blobs\tests\AzureBlobXmlRepositoryTests.cs(113,46): error CS0246: The type or namespace name 'BlobHttpHeaders' could not be found (are you missing a using directive or an assembly reference?)
C:\gh\azure-sdk-for-net\sdk\extensions\Azure.Extensions.AspNetCore.DataProtection.Blobs\tests\AzureBlobXmlRepositoryTests.cs(113,109): error CS0246: The type or namespace name 'BlobRequestConditions' could not be found (are you missing a using directive or an assembly reference?)
C:\gh\azure-sdk-for-net\sdk\extensions\Azure.Extensions.AspNetCore.DataProtection.Blobs\tests\AzureBlobXmlRepositoryTests.cs(113,169): error CS0246: The type or namespace name 'AccessTier' could not be found (are you missing a using directive or an assembly reference?)
C:\gh\azure-sdk-for-net\sdk\extensions\Azure.Extensions.AspNetCore.DataProtection.Blobs\tests\AzureBlobXmlRepositoryTests.cs(113,189): error CS0246: The type or namespace name 'StorageTransferOptions' could not be found (are you missing a using directive or an assembly reference?)
C:\gh\azure-sdk-for-net\sdk\extensions\Azure.Extensions.AspNetCore.DataProtection.Blobs\tests\AzureBlobXmlRepositoryTests.cs(128,34): error CS0122: 'AzureBlobXmlRepository' is inaccessible due to its protection level
C:\gh\azure-sdk-for-net\sdk\extensions\Azure.Extensions.AspNetCore.DataProtection.Blobs\tests\AzureBlobXmlRepositoryTests.cs(128,34): error CS0518: Predefined type 'System.Void' is not defined or imported
C:\gh\azure-sdk-for-net\sdk\extensions\Azure.Extensions.AspNetCore.DataProtection.Blobs\tests\AzureBlobXmlRepositoryTests.cs(129,24): error CS0246: The type or namespace name 'IXmlRepository' could not be found (are you missing a using directive or an assembly reference?)
C:\gh\azure-sdk-for-net\sdk\extensions\Azure.Extensions.AspNetCore.DataProtection.Blobs\tests\AzureBlobXmlRepositoryTests.cs(129,24): error CS0122: 'AzureBlobXmlRepository.StoreElement(XElement, string)' is inaccessible due to its protection level
C:\gh\azure-sdk-for-net\sdk\extensions\Azure.Extensions.AspNetCore.DataProtection.Blobs\tests\AzureBlobXmlRepositoryTests.cs(132,13): error CS0103: The name 'Assert' does not exist in the current context
C:\gh\azure-sdk-for-net\sdk\extensions\Azure.Extensions.AspNetCore.DataProtection.Blobs\tests\DataProtectionBlobFunctionalTests.cs(9,1): hidden CS8019: Unnecessary using directive.
C:\gh\azure-sdk-for-net\artifacts\obj\Azure.Extensions.AspNetCore.DataProtection.Blobs.Tests\Debug\net461\Azure.Extensions.AspNetCore.DataProtection.Blobs.Tests.AssemblyInfo.cs(12,1): hidden CS8019: Unnecessary using directive.
C:\gh\azure-sdk-for-net\sdk\extensions\Azure.Extensions.AspNetCore.DataProtection.Blobs\tests\AzureDataProtectionBuilderExtensionsTests.cs(5,1): hidden CS8019: Unnecessary using directive.
C:\gh\azure-sdk-for-net\sdk\extensions\Azure.Extensions.AspNetCore.DataProtection.Blobs\tests\AzureBlobXmlRepositoryTests.cs(15,1): hidden CS8019: Unnecessary using directive.
C:\gh\azure-sdk-for-net\sdk\extensions\Azure.Extensions.AspNetCore.DataProtection.Blobs\tests\AzureBlobXmlRepositoryTests.cs(18,1): hidden CS8019: Unnecessary using directive.
C:\gh\azure-sdk-for-net\sdk\extensions\Azure.Extensions.AspNetCore.DataProtection.Blobs\tests\AzureBlobXmlRepositoryTests.cs(12,1): hidden CS8019: Unnecessary using directive.
C:\gh\azure-sdk-for-net\sdk\extensions\Azure.Extensions.AspNetCore.DataProtection.Blobs\tests\AzureDataProtectionBuilderExtensionsTests.cs(10,1): hidden CS8019: Unnecessary using directive.
C:\gh\azure-sdk-for-net\artifacts\obj\Azure.Extensions.AspNetCore.DataProtection.Blobs.Tests\Debug\net461\.NETFramework,Version=v4.6.1.AssemblyAttributes.cs(2,1): hidden CS8019: Unnecessary using directive.
C:\gh\azure-sdk-for-net\sdk\extensions\Azure.Extensions.AspNetCore.DataProtection.Blobs\tests\DataProtectionBlobFunctionalTests.cs(11,1): hidden CS8019: Unnecessary using directive.
C:\gh\azure-sdk-for-net\artifacts\obj\Azure.Extensions.AspNetCore.DataProtection.Blobs.Tests\Debug\net461\.NETFramework,Version=v4.6.1.AssemblyAttributes.cs(3,1): hidden CS8019: Unnecessary using directive.
C:\gh\azure-sdk-for-net\sdk\extensions\Azure.Extensions.AspNetCore.DataProtection.Blobs\tests\AzureDataProtectionBuilderExtensionsTests.cs(7,1): hidden CS8019: Unnecessary using directive.
C:\gh\azure-sdk-for-net\sdk\extensions\Azure.Extensions.AspNetCore.DataProtection.Blobs\tests\AzureDataProtectionBuilderExtensionsTests.cs(8,1): hidden CS8019: Unnecessary using directive.
C:\gh\azure-sdk-for-net\sdk\extensions\Azure.Extensions.AspNetCore.DataProtection.Blobs\tests\AzureDataProtectionBuilderExtensionsTests.cs(9,1): hidden CS8019: Unnecessary using directive.
C:\gh\azure-sdk-for-net\sdk\extensions\Azure.Extensions.AspNetCore.DataProtection.Blobs\tests\DataProtectionBlobFunctionalTests.cs(12,1): hidden CS8019: Unnecessary using directive.
C:\gh\azure-sdk-for-net\sdk\extensions\Azure.Extensions.AspNetCore.DataProtection.Blobs\tests\DataProtectionBlobFunctionalTests.cs(13,1): hidden CS8019: Unnecessary using directive.
C:\gh\azure-sdk-for-net\sdk\extensions\Azure.Extensions.AspNetCore.DataProtection.Blobs\tests\AzureBlobXmlRepositoryTests.cs(17,1): hidden CS8019: Unnecessary using directive.
C:\gh\azure-sdk-for-net\artifacts\obj\Azure.Extensions.AspNetCore.DataProtection.Blobs.Tests\Debug\net461\Azure.Extensions.AspNetCore.DataProtection.Blobs.Tests.AssemblyInfo.cs(11,1): hidden CS8019: Unnecessary using directive.
C:\gh\azure-sdk-for-net\sdk\extensions\Azure.Extensions.AspNetCore.DataProtection.Blobs\tests\Snippets.cs(5,1): hidden CS8019: Unnecessary using directive.
C:\gh\azure-sdk-for-net\sdk\extensions\Azure.Extensions.AspNetCore.DataProtection.Blobs\tests\DataProtectionBlobFunctionalTests.cs(8,1): hidden CS8019: Unnecessary using directive.
C:\gh\azure-sdk-for-net\sdk\extensions\Azure.Extensions.AspNetCore.DataProtection.Blobs\tests\Snippets.cs(7,1): hidden CS8019: Unnecessary using directive.
C:\gh\azure-sdk-for-net\sdk\extensions\Azure.Extensions.AspNetCore.DataProtection.Blobs\tests\AzureBlobXmlRepositoryTests.cs(11,1): hidden CS8019: Unnecessary using directive.
C:\gh\azure-sdk-for-net\sdk\extensions\Azure.Extensions.AspNetCore.DataProtection.Blobs\tests\AzureBlobXmlRepositoryTests.cs(14,1): hidden CS8019: Unnecessary using directive.
C:\gh\azure-sdk-for-net\sdk\extensions\Azure.Extensions.AspNetCore.DataProtection.Blobs\tests\AzureBlobXmlRepositoryTests.cs(16,1): hidden CS8019: Unnecessary using directive.
