C:\gh\azure-sdk-for-net\sdk\metricsadvisor\Azure.AI.MetricsAdvisor\tests\DisposableDatasourceCredential.cs(48,146): error CS0246: The type or namespace name 'DatasourceCredential' could not be found (are you missing a using directive or an assembly reference?)
C:\gh\azure-sdk-for-net\sdk\metricsadvisor\Azure.AI.MetricsAdvisor\tests\DisposableDatasourceCredential.cs(29,96): error CS0246: The type or namespace name 'DatasourceCredential' could not be found (are you missing a using directive or an assembly reference?)
C:\gh\azure-sdk-for-net\sdk\metricsadvisor\Azure.AI.MetricsAdvisor\tests\MetricsAdvisorAdministrationClient\DatasourceCredentialLiveTests.cs(185,24): error CS0246: The type or namespace name 'DatasourceCredential' could not be found (are you missing a using directive or an assembly reference?)
C:\gh\azure-sdk-for-net\sdk\metricsadvisor\Azure.AI.MetricsAdvisor\tests\MetricsAdvisorAdministrationClient\DatasourceCredentialLiveTests.cs(172,59): error CS0246: The type or namespace name 'DatasourceCredential' could not be found (are you missing a using directive or an assembly reference?)
C:\gh\azure-sdk-for-net\sdk\metricsadvisor\Azure.AI.MetricsAdvisor\tests\MetricsAdvisorAdministrationClient\DatasourceCredentialLiveTests.cs(159,58): error CS0246: The type or namespace name 'DatasourceCredential' could not be found (are you missing a using directive or an assembly reference?)
C:\gh\azure-sdk-for-net\sdk\metricsadvisor\Azure.AI.MetricsAdvisor\tests\MetricsAdvisorAdministrationClient\DatasourceCredentialLiveTests.cs(61,26): error CS0103: The name 'ServicePrincipalDatasourceCredential' does not exist in the current context
C:\gh\azure-sdk-for-net\sdk\metricsadvisor\Azure.AI.MetricsAdvisor\tests\MetricsAdvisorAdministrationClient\DatasourceCredentialLiveTests.cs(42,26): error CS0103: The name 'ServicePrincipalDatasourceCredential' does not exist in the current context
C:\gh\azure-sdk-for-net\sdk\metricsadvisor\Azure.AI.MetricsAdvisor\tests\MetricsAdvisorAdministrationClient\DatasourceCredentialLiveTests.cs(23,26): error CS0103: The name 'ServicePrincipalDatasourceCredential' does not exist in the current context
error CS1705: Assembly 'Azure.Core.TestFramework' with identity 'Azure.Core.TestFramework, Version=1.0.0.0, Culture=neutral, PublicKeyToken=6a281e58f0dfecb7' uses 'Azure.Core, Version=1.15.0.0, Culture=neutral, PublicKeyToken=92742159e12e44c8' which has a higher version than referenced assembly 'Azure.Core' with identity 'Azure.Core, Version=1.14.0.0, Culture=neutral, PublicKeyToken=92742159e12e44c8'
error CS1705: Assembly 'Azure.Core.TestFramework' with identity 'Azure.Core.TestFramework, Version=1.0.0.0, Culture=neutral, PublicKeyToken=6a281e58f0dfecb7' uses 'Azure.Core, Version=1.15.0.0, Culture=neutral, PublicKeyToken=92742159e12e44c8' which has a higher version than referenced assembly 'Azure.Core' with identity 'Azure.Core, Version=1.14.0.0, Culture=neutral, PublicKeyToken=92742159e12e44c8'
error CS1705: Assembly 'Azure.Core.TestFramework' with identity 'Azure.Core.TestFramework, Version=1.0.0.0, Culture=neutral, PublicKeyToken=6a281e58f0dfecb7' uses 'Azure.Core, Version=1.15.0.0, Culture=neutral, PublicKeyToken=92742159e12e44c8' which has a higher version than referenced assembly 'Azure.Core' with identity 'Azure.Core, Version=1.14.0.0, Culture=neutral, PublicKeyToken=92742159e12e44c8'
C:\gh\azure-sdk-for-net\sdk\metricsadvisor\Azure.AI.MetricsAdvisor\tests\Models\DatasourceCredentialsTests.cs(40,73): error CS0246: The type or namespace name 'DatasourceCredential' could not be found (are you missing a using directive or an assembly reference?)
C:\gh\azure-sdk-for-net\sdk\metricsadvisor\Azure.AI.MetricsAdvisor\tests\DisposableDatasourceCredential.cs(38,16): error CS0246: The type or namespace name 'DatasourceCredential' could not be found (are you missing a using directive or an assembly reference?)
C:\gh\azure-sdk-for-net\sdk\metricsadvisor\Azure.AI.MetricsAdvisor\tests\Models\DatasourceCredentialsTests.cs(21,32): error CS0246: The type or namespace name 'ServicePrincipalDatasourceCredential' could not be found (are you missing a using directive or an assembly reference?)
error CS1705: Assembly 'Azure.Core.TestFramework' with identity 'Azure.Core.TestFramework, Version=1.0.0.0, Culture=neutral, PublicKeyToken=6a281e58f0dfecb7' uses 'Azure.Core, Version=1.15.0.0, Culture=neutral, PublicKeyToken=92742159e12e44c8' which has a higher version than referenced assembly 'Azure.Core' with identity 'Azure.Core, Version=1.14.0.0, Culture=neutral, PublicKeyToken=92742159e12e44c8'
error CS1705: Assembly 'Azure.Core.TestFramework' with identity 'Azure.Core.TestFramework, Version=1.0.0.0, Culture=neutral, PublicKeyToken=6a281e58f0dfecb7' uses 'Azure.Core, Version=1.15.0.0, Culture=neutral, PublicKeyToken=92742159e12e44c8' which has a higher version than referenced assembly 'Azure.Core' with identity 'Azure.Core, Version=1.14.0.0, Culture=neutral, PublicKeyToken=92742159e12e44c8'
C:\gh\azure-sdk-for-net\sdk\metricsadvisor\Azure.AI.MetricsAdvisor\tests\Models\DatasourceCredentialsTests.cs(43,13): error CS1705: Assembly 'Azure.Core.TestFramework' with identity 'Azure.Core.TestFramework, Version=1.0.0.0, Culture=neutral, PublicKeyToken=6a281e58f0dfecb7' uses 'Azure.Core, Version=1.15.0.0, Culture=neutral, PublicKeyToken=92742159e12e44c8' which has a higher version than referenced assembly 'Azure.Core' with identity 'Azure.Core, Version=1.14.0.0, Culture=neutral, PublicKeyToken=92742159e12e44c8'
error CS1705: Assembly 'Azure.Core.TestFramework' with identity 'Azure.Core.TestFramework, Version=1.0.0.0, Culture=neutral, PublicKeyToken=6a281e58f0dfecb7' uses 'Azure.Core, Version=1.15.0.0, Culture=neutral, PublicKeyToken=92742159e12e44c8' which has a higher version than referenced assembly 'Azure.Core' with identity 'Azure.Core, Version=1.14.0.0, Culture=neutral, PublicKeyToken=92742159e12e44c8'
error CS1705: Assembly 'Azure.Core.TestFramework' with identity 'Azure.Core.TestFramework, Version=1.0.0.0, Culture=neutral, PublicKeyToken=6a281e58f0dfecb7' uses 'Azure.Core, Version=1.15.0.0, Culture=neutral, PublicKeyToken=92742159e12e44c8' which has a higher version than referenced assembly 'Azure.Core' with identity 'Azure.Core, Version=1.14.0.0, Culture=neutral, PublicKeyToken=92742159e12e44c8'
error CS1705: Assembly 'Azure.Core.TestFramework' with identity 'Azure.Core.TestFramework, Version=1.0.0.0, Culture=neutral, PublicKeyToken=6a281e58f0dfecb7' uses 'Azure.Core, Version=1.15.0.0, Culture=neutral, PublicKeyToken=92742159e12e44c8' which has a higher version than referenced assembly 'Azure.Core' with identity 'Azure.Core, Version=1.14.0.0, Culture=neutral, PublicKeyToken=92742159e12e44c8'
error CS1705: Assembly 'Azure.Core.TestFramework' with identity 'Azure.Core.TestFramework, Version=1.0.0.0, Culture=neutral, PublicKeyToken=6a281e58f0dfecb7' uses 'Azure.Core, Version=1.15.0.0, Culture=neutral, PublicKeyToken=92742159e12e44c8' which has a higher version than referenced assembly 'Azure.Core' with identity 'Azure.Core, Version=1.14.0.0, Culture=neutral, PublicKeyToken=92742159e12e44c8'
C:\gh\azure-sdk-for-net\sdk\metricsadvisor\Azure.AI.MetricsAdvisor\tests\Models\DatasourceCredentialsTests.cs(48,47): error CS1705: Assembly 'Azure.Core.TestFramework' with identity 'Azure.Core.TestFramework, Version=1.0.0.0, Culture=neutral, PublicKeyToken=6a281e58f0dfecb7' uses 'Azure.Core, Version=1.15.0.0, Culture=neutral, PublicKeyToken=92742159e12e44c8' which has a higher version than referenced assembly 'Azure.Core' with identity 'Azure.Core, Version=1.14.0.0, Culture=neutral, PublicKeyToken=92742159e12e44c8'
C:\gh\azure-sdk-for-net\sdk\metricsadvisor\Azure.AI.MetricsAdvisor\tests\Models\DatasourceCredentialsTests.cs(51,31): error CS1061: 'MetricsAdvisorAdministrationClient' does not contain a definition for 'CreateDatasourceCredentialAsync' and no accessible extension method 'CreateDatasourceCredentialAsync' accepting a first argument of type 'MetricsAdvisorAdministrationClient' could be found (are you missing a using directive or an assembly reference?)
error CS1705: Assembly 'Azure.Core.TestFramework' with identity 'Azure.Core.TestFramework, Version=1.0.0.0, Culture=neutral, PublicKeyToken=6a281e58f0dfecb7' uses 'Azure.Core, Version=1.15.0.0, Culture=neutral, PublicKeyToken=92742159e12e44c8' which has a higher version than referenced assembly 'Azure.Core' with identity 'Azure.Core, Version=1.14.0.0, Culture=neutral, PublicKeyToken=92742159e12e44c8'
error CS1705: Assembly 'Azure.Core.TestFramework' with identity 'Azure.Core.TestFramework, Version=1.0.0.0, Culture=neutral, PublicKeyToken=6a281e58f0dfecb7' uses 'Azure.Core, Version=1.15.0.0, Culture=neutral, PublicKeyToken=92742159e12e44c8' which has a higher version than referenced assembly 'Azure.Core' with identity 'Azure.Core, Version=1.14.0.0, Culture=neutral, PublicKeyToken=92742159e12e44c8'
C:\gh\azure-sdk-for-net\sdk\metricsadvisor\Azure.AI.MetricsAdvisor\tests\DisposableDatasourceCredential.cs(50,13): error CS0246: The type or namespace name 'DatasourceCredential' could not be found (are you missing a using directive or an assembly reference?)
C:\gh\azure-sdk-for-net\sdk\metricsadvisor\Azure.AI.MetricsAdvisor\tests\DisposableDatasourceCredential.cs(50,72): error CS1061: 'MetricsAdvisorAdministrationClient' does not contain a definition for 'CreateDatasourceCredentialAsync' and no accessible extension method 'CreateDatasourceCredentialAsync' accepting a first argument of type 'MetricsAdvisorAdministrationClient' could be found (are you missing a using directive or an assembly reference?)
C:\gh\azure-sdk-for-net\sdk\metricsadvisor\Azure.AI.MetricsAdvisor\tests\DisposableDatasourceCredential.cs(61,69): error CS1061: 'MetricsAdvisorAdministrationClient' does not contain a definition for 'DeleteDatasourceCredentialAsync' and no accessible extension method 'DeleteDatasourceCredentialAsync' accepting a first argument of type 'MetricsAdvisorAdministrationClient' could be found (are you missing a using directive or an assembly reference?)
error CS1705: Assembly 'Azure.Core.TestFramework' with identity 'Azure.Core.TestFramework, Version=1.0.0.0, Culture=neutral, PublicKeyToken=6a281e58f0dfecb7' uses 'Azure.Core, Version=1.15.0.0, Culture=neutral, PublicKeyToken=92742159e12e44c8' which has a higher version than referenced assembly 'Azure.Core' with identity 'Azure.Core, Version=1.14.0.0, Culture=neutral, PublicKeyToken=92742159e12e44c8'
error CS1705: Assembly 'Azure.Core.TestFramework' with identity 'Azure.Core.TestFramework, Version=1.0.0.0, Culture=neutral, PublicKeyToken=6a281e58f0dfecb7' uses 'Azure.Core, Version=1.15.0.0, Culture=neutral, PublicKeyToken=92742159e12e44c8' which has a higher version than referenced assembly 'Azure.Core' with identity 'Azure.Core, Version=1.14.0.0, Culture=neutral, PublicKeyToken=92742159e12e44c8'
error CS1705: Assembly 'Azure.Core.TestFramework' with identity 'Azure.Core.TestFramework, Version=1.0.0.0, Culture=neutral, PublicKeyToken=6a281e58f0dfecb7' uses 'Azure.Core, Version=1.15.0.0, Culture=neutral, PublicKeyToken=92742159e12e44c8' which has a higher version than referenced assembly 'Azure.Core' with identity 'Azure.Core, Version=1.14.0.0, Culture=neutral, PublicKeyToken=92742159e12e44c8'
error CS1705: Assembly 'Azure.Core.TestFramework' with identity 'Azure.Core.TestFramework, Version=1.0.0.0, Culture=neutral, PublicKeyToken=6a281e58f0dfecb7' uses 'Azure.Core, Version=1.15.0.0, Culture=neutral, PublicKeyToken=92742159e12e44c8' which has a higher version than referenced assembly 'Azure.Core' with identity 'Azure.Core, Version=1.14.0.0, Culture=neutral, PublicKeyToken=92742159e12e44c8'
C:\gh\azure-sdk-for-net\sdk\metricsadvisor\Azure.AI.MetricsAdvisor\tests\Models\DatasourceCredentialsTests.cs(65,47): error CS1705: Assembly 'Azure.Core.TestFramework' with identity 'Azure.Core.TestFramework, Version=1.0.0.0, Culture=neutral, PublicKeyToken=6a281e58f0dfecb7' uses 'Azure.Core, Version=1.15.0.0, Culture=neutral, PublicKeyToken=92742159e12e44c8' which has a higher version than referenced assembly 'Azure.Core' with identity 'Azure.Core, Version=1.14.0.0, Culture=neutral, PublicKeyToken=92742159e12e44c8'
C:\gh\azure-sdk-for-net\sdk\metricsadvisor\Azure.AI.MetricsAdvisor\tests\Models\DatasourceCredentialsTests.cs(68,34): error CS0246: The type or namespace name 'ServicePrincipalDatasourceCredential' could not be found (are you missing a using directive or an assembly reference?)
C:\gh\azure-sdk-for-net\sdk\metricsadvisor\Azure.AI.MetricsAdvisor\tests\Models\DatasourceCredentialsTests.cs(69,39): error CS7036: There is no argument given that corresponds to the required formal parameter 'tenantId' of 'ServicePrincipalParam.ServicePrincipalParam(string, string, string)'
C:\gh\azure-sdk-for-net\sdk\metricsadvisor\Azure.AI.MetricsAdvisor\tests\Models\DatasourceCredentialsTests.cs(75,31): error CS1061: 'MetricsAdvisorAdministrationClient' does not contain a definition for 'UpdateDatasourceCredentialAsync' and no accessible extension method 'UpdateDatasourceCredentialAsync' accepting a first argument of type 'MetricsAdvisorAdministrationClient' could be found (are you missing a using directive or an assembly reference?)
error CS1705: Assembly 'Azure.Core.TestFramework' with identity 'Azure.Core.TestFramework, Version=1.0.0.0, Culture=neutral, PublicKeyToken=6a281e58f0dfecb7' uses 'Azure.Core, Version=1.15.0.0, Culture=neutral, PublicKeyToken=92742159e12e44c8' which has a higher version than referenced assembly 'Azure.Core' with identity 'Azure.Core, Version=1.14.0.0, Culture=neutral, PublicKeyToken=92742159e12e44c8'
error CS1705: Assembly 'Azure.Core.TestFramework' with identity 'Azure.Core.TestFramework, Version=1.0.0.0, Culture=neutral, PublicKeyToken=6a281e58f0dfecb7' uses 'Azure.Core, Version=1.15.0.0, Culture=neutral, PublicKeyToken=92742159e12e44c8' which has a higher version than referenced assembly 'Azure.Core' with identity 'Azure.Core, Version=1.14.0.0, Culture=neutral, PublicKeyToken=92742159e12e44c8'
C:\gh\azure-sdk-for-net\sdk\metricsadvisor\Azure.AI.MetricsAdvisor\tests\Samples\Sample01_DataFeedCrudOperations.cs(66,54): error CS1061: 'DataFeed' does not contain a definition for 'AdministratorsEmails' and no accessible extension method 'AdministratorsEmails' accepting a first argument of type 'DataFeed' could be found (are you missing a using directive or an assembly reference?)
C:\gh\azure-sdk-for-net\sdk\metricsadvisor\Azure.AI.MetricsAdvisor\tests\Samples\Sample01_DataFeedCrudOperations.cs(74,48): error CS1061: 'DataFeedMetric' does not contain a definition for 'Name' and no accessible extension method 'Name' accepting a first argument of type 'DataFeedMetric' could be found (are you missing a using directive or an assembly reference?)
C:\gh\azure-sdk-for-net\sdk\metricsadvisor\Azure.AI.MetricsAdvisor\tests\Samples\Sample01_DataFeedCrudOperations.cs(74,63): error CS1061: 'DataFeedMetric' does not contain a definition for 'Id' and no accessible extension method 'Id' accepting a first argument of type 'DataFeedMetric' could be found (are you missing a using directive or an assembly reference?)
C:\gh\azure-sdk-for-net\sdk\metricsadvisor\Azure.AI.MetricsAdvisor\tests\Samples\Sample01_DataFeedCrudOperations.cs(80,51): error CS1061: 'DataFeedDimension' does not contain a definition for 'Name' and no accessible extension method 'Name' accepting a first argument of type 'DataFeedDimension' could be found (are you missing a using directive or an assembly reference?)
C:\gh\azure-sdk-for-net\sdk\metricsadvisor\Azure.AI.MetricsAdvisor\tests\Samples\Sample01_DataFeedCrudOperations.cs(110,47): error CS1061: 'DataFeed' does not contain a definition for 'AdministratorsEmails' and no accessible extension method 'AdministratorsEmails' accepting a first argument of type 'DataFeed' could be found (are you missing a using directive or an assembly reference?)
C:\gh\azure-sdk-for-net\sdk\metricsadvisor\Azure.AI.MetricsAdvisor\tests\Samples\Sample01_DataFeedCrudOperations.cs(118,48): error CS1061: 'DataFeedMetric' does not contain a definition for 'Name' and no accessible extension method 'Name' accepting a first argument of type 'DataFeedMetric' could be found (are you missing a using directive or an assembly reference?)
C:\gh\azure-sdk-for-net\sdk\metricsadvisor\Azure.AI.MetricsAdvisor\tests\Samples\Sample01_DataFeedCrudOperations.cs(118,63): error CS1061: 'DataFeedMetric' does not contain a definition for 'Id' and no accessible extension method 'Id' accepting a first argument of type 'DataFeedMetric' could be found (are you missing a using directive or an assembly reference?)
C:\gh\azure-sdk-for-net\sdk\metricsadvisor\Azure.AI.MetricsAdvisor\tests\Samples\Sample01_DataFeedCrudOperations.cs(124,51): error CS1061: 'DataFeedDimension' does not contain a definition for 'Name' and no accessible extension method 'Name' accepting a first argument of type 'DataFeedDimension' could be found (are you missing a using directive or an assembly reference?)
C:\gh\azure-sdk-for-net\sdk\metricsadvisor\Azure.AI.MetricsAdvisor\tests\MetricsAdvisorAdministrationClient\AnomalyAlertConfigurationTests.cs(61,43): error CS7036: There is no argument given that corresponds to the required formal parameter 'alertConfiguration' of 'MetricsAdvisorAdministrationClient.UpdateAlertConfigurationAsync(string, AnomalyAlertConfiguration, CancellationToken)'
C:\gh\azure-sdk-for-net\sdk\metricsadvisor\Azure.AI.MetricsAdvisor\tests\MetricsAdvisorAdministrationClient\AnomalyAlertConfigurationTests.cs(62,43): error CS7036: There is no argument given that corresponds to the required formal parameter 'alertConfiguration' of 'MetricsAdvisorAdministrationClient.UpdateAlertConfiguration(string, AnomalyAlertConfiguration, CancellationToken)'
C:\gh\azure-sdk-for-net\sdk\metricsadvisor\Azure.AI.MetricsAdvisor\tests\MetricsAdvisorAdministrationClient\AnomalyAlertConfigurationTests.cs(66,43): error CS7036: There is no argument given that corresponds to the required formal parameter 'alertConfiguration' of 'MetricsAdvisorAdministrationClient.UpdateAlertConfigurationAsync(string, AnomalyAlertConfiguration, CancellationToken)'
C:\gh\azure-sdk-for-net\sdk\metricsadvisor\Azure.AI.MetricsAdvisor\tests\MetricsAdvisorAdministrationClient\AnomalyAlertConfigurationTests.cs(67,43): error CS7036: There is no argument given that corresponds to the required formal parameter 'alertConfiguration' of 'MetricsAdvisorAdministrationClient.UpdateAlertConfiguration(string, AnomalyAlertConfiguration, CancellationToken)'
C:\gh\azure-sdk-for-net\sdk\metricsadvisor\Azure.AI.MetricsAdvisor\tests\MetricsAdvisorAdministrationClient\AnomalyDetectionConfigurationTests.cs(89,43): error CS7036: There is no argument given that corresponds to the required formal parameter 'detectionConfiguration' of 'MetricsAdvisorAdministrationClient.UpdateDetectionConfigurationAsync(string, AnomalyDetectionConfiguration, CancellationToken)'
C:\gh\azure-sdk-for-net\sdk\metricsadvisor\Azure.AI.MetricsAdvisor\tests\MetricsAdvisorAdministrationClient\AnomalyDetectionConfigurationTests.cs(90,43): error CS7036: There is no argument given that corresponds to the required formal parameter 'detectionConfiguration' of 'MetricsAdvisorAdministrationClient.UpdateDetectionConfiguration(string, AnomalyDetectionConfiguration, CancellationToken)'
C:\gh\azure-sdk-for-net\sdk\metricsadvisor\Azure.AI.MetricsAdvisor\tests\MetricsAdvisorAdministrationClient\AnomalyDetectionConfigurationTests.cs(94,43): error CS7036: There is no argument given that corresponds to the required formal parameter 'detectionConfiguration' of 'MetricsAdvisorAdministrationClient.UpdateDetectionConfigurationAsync(string, AnomalyDetectionConfiguration, CancellationToken)'
C:\gh\azure-sdk-for-net\sdk\metricsadvisor\Azure.AI.MetricsAdvisor\tests\MetricsAdvisorAdministrationClient\AnomalyDetectionConfigurationTests.cs(95,43): error CS7036: There is no argument given that corresponds to the required formal parameter 'detectionConfiguration' of 'MetricsAdvisorAdministrationClient.UpdateDetectionConfiguration(string, AnomalyDetectionConfiguration, CancellationToken)'
C:\gh\azure-sdk-for-net\sdk\metricsadvisor\Azure.AI.MetricsAdvisor\tests\MetricsAdvisorAdministrationClient\AnomalyAlertConfigurationTests.cs(80,73): error CS1503: Argument 1: cannot convert from 'Azure.AI.MetricsAdvisor.Models.AnomalyAlertConfiguration' to 'string'
C:\gh\azure-sdk-for-net\sdk\metricsadvisor\Azure.AI.MetricsAdvisor\tests\MetricsAdvisorAdministrationClient\AnomalyAlertConfigurationTests.cs(80,81): error CS1503: Argument 2: cannot convert from 'System.Threading.CancellationToken' to 'Azure.AI.MetricsAdvisor.Models.AnomalyAlertConfiguration'
C:\gh\azure-sdk-for-net\sdk\metricsadvisor\Azure.AI.MetricsAdvisor\tests\MetricsAdvisorAdministrationClient\AnomalyAlertConfigurationTests.cs(81,68): error CS1503: Argument 1: cannot convert from 'Azure.AI.MetricsAdvisor.Models.AnomalyAlertConfiguration' to 'string'
C:\gh\azure-sdk-for-net\sdk\metricsadvisor\Azure.AI.MetricsAdvisor\tests\MetricsAdvisorAdministrationClient\AnomalyAlertConfigurationTests.cs(81,76): error CS1503: Argument 2: cannot convert from 'System.Threading.CancellationToken' to 'Azure.AI.MetricsAdvisor.Models.AnomalyAlertConfiguration'
C:\gh\azure-sdk-for-net\sdk\metricsadvisor\Azure.AI.MetricsAdvisor\tests\Samples\Sample03_DetectionConfigurationCrudOperations.cs(106,31): error CS7036: There is no argument given that corresponds to the required formal parameter 'detectionConfiguration' of 'MetricsAdvisorAdministrationClient.UpdateDetectionConfigurationAsync(string, AnomalyDetectionConfiguration, CancellationToken)'
C:\gh\azure-sdk-for-net\sdk\metricsadvisor\Azure.AI.MetricsAdvisor\tests\Samples\Sample03_DetectionConfigurationCrudOperations.cs(112,31): error CS7036: There is no argument given that corresponds to the required formal parameter 'detectionConfiguration' of 'MetricsAdvisorAdministrationClient.UpdateDetectionConfigurationAsync(string, AnomalyDetectionConfiguration, CancellationToken)'
C:\gh\azure-sdk-for-net\sdk\metricsadvisor\Azure.AI.MetricsAdvisor\tests\MetricsAdvisorAdministrationClient\DatasourceCredentialLiveTests.cs(29,13): error CS0246: The type or namespace name 'DatasourceCredential' could not be found (are you missing a using directive or an assembly reference?)
C:\gh\azure-sdk-for-net\sdk\metricsadvisor\Azure.AI.MetricsAdvisor\tests\MetricsAdvisorAdministrationClient\DatasourceCredentialLiveTests.cs(32,13): error CS0246: The type or namespace name 'DatasourceCredential' could not be found (are you missing a using directive or an assembly reference?)
C:\gh\azure-sdk-for-net\sdk\metricsadvisor\Azure.AI.MetricsAdvisor\tests\MetricsAdvisorAdministrationClient\DatasourceCredentialLiveTests.cs(50,13): error CS0246: The type or namespace name 'DatasourceCredential' could not be found (are you missing a using directive or an assembly reference?)
C:\gh\azure-sdk-for-net\sdk\metricsadvisor\Azure.AI.MetricsAdvisor\tests\MetricsAdvisorAdministrationClient\DatasourceCredentialLiveTests.cs(55,13): error CS0246: The type or namespace name 'DatasourceCredential' could not be found (are you missing a using directive or an assembly reference?)
C:\gh\azure-sdk-for-net\sdk\metricsadvisor\Azure.AI.MetricsAdvisor\tests\MetricsAdvisorAdministrationClient\AnomalyDetectionConfigurationTests.cs(108,77): error CS1503: Argument 1: cannot convert from 'Azure.AI.MetricsAdvisor.Models.AnomalyDetectionConfiguration' to 'string'
C:\gh\azure-sdk-for-net\sdk\metricsadvisor\Azure.AI.MetricsAdvisor\tests\MetricsAdvisorAdministrationClient\AnomalyDetectionConfigurationTests.cs(108,85): error CS1503: Argument 2: cannot convert from 'System.Threading.CancellationToken' to 'Azure.AI.MetricsAdvisor.Models.AnomalyDetectionConfiguration'
C:\gh\azure-sdk-for-net\sdk\metricsadvisor\Azure.AI.MetricsAdvisor\tests\MetricsAdvisorAdministrationClient\AnomalyDetectionConfigurationTests.cs(109,72): error CS1503: Argument 1: cannot convert from 'Azure.AI.MetricsAdvisor.Models.AnomalyDetectionConfiguration' to 'string'
C:\gh\azure-sdk-for-net\sdk\metricsadvisor\Azure.AI.MetricsAdvisor\tests\MetricsAdvisorAdministrationClient\AnomalyDetectionConfigurationTests.cs(109,80): error CS1503: Argument 2: cannot convert from 'System.Threading.CancellationToken' to 'Azure.AI.MetricsAdvisor.Models.AnomalyDetectionConfiguration'
error CS1705: Assembly 'Azure.Core.TestFramework' with identity 'Azure.Core.TestFramework, Version=1.0.0.0, Culture=neutral, PublicKeyToken=6a281e58f0dfecb7' uses 'Azure.Core, Version=1.15.0.0, Culture=neutral, PublicKeyToken=92742159e12e44c8' which has a higher version than referenced assembly 'Azure.Core' with identity 'Azure.Core, Version=1.14.0.0, Culture=neutral, PublicKeyToken=92742159e12e44c8'
error CS1705: Assembly 'Azure.Core.TestFramework' with identity 'Azure.Core.TestFramework, Version=1.0.0.0, Culture=neutral, PublicKeyToken=6a281e58f0dfecb7' uses 'Azure.Core, Version=1.15.0.0, Culture=neutral, PublicKeyToken=92742159e12e44c8' which has a higher version than referenced assembly 'Azure.Core' with identity 'Azure.Core, Version=1.14.0.0, Culture=neutral, PublicKeyToken=92742159e12e44c8'
C:\gh\azure-sdk-for-net\sdk\metricsadvisor\Azure.AI.MetricsAdvisor\tests\MetricsAdvisorClient\AlertTriggeringMockTests.cs(30,37): error CS1061: 'DataPointAnomaly' does not contain a definition for 'Value' and no accessible extension method 'Value' accepting a first argument of type 'DataPointAnomaly' could be found (are you missing a using directive or an assembly reference?)
error CS1705: Assembly 'Azure.Core.TestFramework' with identity 'Azure.Core.TestFramework, Version=1.0.0.0, Culture=neutral, PublicKeyToken=6a281e58f0dfecb7' uses 'Azure.Core, Version=1.15.0.0, Culture=neutral, PublicKeyToken=92742159e12e44c8' which has a higher version than referenced assembly 'Azure.Core' with identity 'Azure.Core, Version=1.14.0.0, Culture=neutral, PublicKeyToken=92742159e12e44c8'
error CS1705: Assembly 'Azure.Core.TestFramework' with identity 'Azure.Core.TestFramework, Version=1.0.0.0, Culture=neutral, PublicKeyToken=6a281e58f0dfecb7' uses 'Azure.Core, Version=1.15.0.0, Culture=neutral, PublicKeyToken=92742159e12e44c8' which has a higher version than referenced assembly 'Azure.Core' with identity 'Azure.Core, Version=1.14.0.0, Culture=neutral, PublicKeyToken=92742159e12e44c8'
C:\gh\azure-sdk-for-net\sdk\metricsadvisor\Azure.AI.MetricsAdvisor\tests\MetricsAdvisorClient\AlertTriggeringMockTests.cs(44,37): error CS1061: 'DataPointAnomaly' does not contain a definition for 'ExpectedValue' and no accessible extension method 'ExpectedValue' accepting a first argument of type 'DataPointAnomaly' could be found (are you missing a using directive or an assembly reference?)
C:\gh\azure-sdk-for-net\sdk\metricsadvisor\Azure.AI.MetricsAdvisor\tests\MetricsAdvisorAdministrationClient\DatasourceCredentialLiveTests.cs(68,13): error CS0246: The type or namespace name 'DatasourceCredential' could not be found (are you missing a using directive or an assembly reference?)
C:\gh\azure-sdk-for-net\sdk\metricsadvisor\Azure.AI.MetricsAdvisor\tests\MetricsAdvisorAdministrationClient\DatasourceCredentialLiveTests.cs(71,13): error CS0246: The type or namespace name 'DatasourceCredential' could not be found (are you missing a using directive or an assembly reference?)
C:\gh\azure-sdk-for-net\sdk\metricsadvisor\Azure.AI.MetricsAdvisor\tests\MetricsAdvisorAdministrationClient\DatasourceCredentialLiveTests.cs(79,13): error CS0246: The type or namespace name 'DatasourceCredential' could not be found (are you missing a using directive or an assembly reference?)
C:\gh\azure-sdk-for-net\sdk\metricsadvisor\Azure.AI.MetricsAdvisor\tests\MetricsAdvisorAdministrationClient\DatasourceCredentialLiveTests.cs(79,72): error CS1061: 'MetricsAdvisorAdministrationClient' does not contain a definition for 'UpdateDatasourceCredentialAsync' and no accessible extension method 'UpdateDatasourceCredentialAsync' accepting a first argument of type 'MetricsAdvisorAdministrationClient' could be found (are you missing a using directive or an assembly reference?)
error CS1705: Assembly 'Azure.Core.TestFramework' with identity 'Azure.Core.TestFramework, Version=1.0.0.0, Culture=neutral, PublicKeyToken=6a281e58f0dfecb7' uses 'Azure.Core, Version=1.15.0.0, Culture=neutral, PublicKeyToken=92742159e12e44c8' which has a higher version than referenced assembly 'Azure.Core' with identity 'Azure.Core, Version=1.14.0.0, Culture=neutral, PublicKeyToken=92742159e12e44c8'
error CS1705: Assembly 'Azure.Core.TestFramework' with identity 'Azure.Core.TestFramework, Version=1.0.0.0, Culture=neutral, PublicKeyToken=6a281e58f0dfecb7' uses 'Azure.Core, Version=1.15.0.0, Culture=neutral, PublicKeyToken=92742159e12e44c8' which has a higher version than referenced assembly 'Azure.Core' with identity 'Azure.Core, Version=1.14.0.0, Culture=neutral, PublicKeyToken=92742159e12e44c8'
C:\gh\azure-sdk-for-net\sdk\metricsadvisor\Azure.AI.MetricsAdvisor\tests\MetricsAdvisorClient\AlertTriggeringMockTests.cs(60,37): error CS1061: 'DataPointAnomaly' does not contain a definition for 'ExpectedValue' and no accessible extension method 'ExpectedValue' accepting a first argument of type 'DataPointAnomaly' could be found (are you missing a using directive or an assembly reference?)
error CS1705: Assembly 'Azure.Core.TestFramework' with identity 'Azure.Core.TestFramework, Version=1.0.0.0, Culture=neutral, PublicKeyToken=6a281e58f0dfecb7' uses 'Azure.Core, Version=1.15.0.0, Culture=neutral, PublicKeyToken=92742159e12e44c8' which has a higher version than referenced assembly 'Azure.Core' with identity 'Azure.Core, Version=1.14.0.0, Culture=neutral, PublicKeyToken=92742159e12e44c8'
error CS1705: Assembly 'Azure.Core.TestFramework' with identity 'Azure.Core.TestFramework, Version=1.0.0.0, Culture=neutral, PublicKeyToken=6a281e58f0dfecb7' uses 'Azure.Core, Version=1.15.0.0, Culture=neutral, PublicKeyToken=92742159e12e44c8' which has a higher version than referenced assembly 'Azure.Core' with identity 'Azure.Core, Version=1.14.0.0, Culture=neutral, PublicKeyToken=92742159e12e44c8'
C:\gh\azure-sdk-for-net\sdk\metricsadvisor\Azure.AI.MetricsAdvisor\tests\MetricsAdvisorClient\AlertTriggeringMockTests.cs(76,38): error CS1061: 'AnomalyIncident' does not contain a definition for 'ValueOfRootNode' and no accessible extension method 'ValueOfRootNode' accepting a first argument of type 'AnomalyIncident' could be found (are you missing a using directive or an assembly reference?)
C:\gh\azure-sdk-for-net\sdk\metricsadvisor\Azure.AI.MetricsAdvisor\tests\MetricsAdvisorAdministrationClient\DatasourceCredentialLiveTests.cs(92,13): error CS0246: The type or namespace name 'DatasourceCredential' could not be found (are you missing a using directive or an assembly reference?)
C:\gh\azure-sdk-for-net\sdk\metricsadvisor\Azure.AI.MetricsAdvisor\tests\MetricsAdvisorAdministrationClient\DatasourceCredentialLiveTests.cs(92,59): error CS0246: The type or namespace name 'ServicePrincipalDatasourceCredential' could not be found (are you missing a using directive or an assembly reference?)
C:\gh\azure-sdk-for-net\sdk\metricsadvisor\Azure.AI.MetricsAdvisor\tests\MetricsAdvisorAdministrationClient\DatasourceCredentialLiveTests.cs(95,73): error CS0246: The type or namespace name 'ServicePrincipalDatasourceCredential' could not be found (are you missing a using directive or an assembly reference?)
C:\gh\azure-sdk-for-net\sdk\metricsadvisor\Azure.AI.MetricsAdvisor\tests\MetricsAdvisorAdministrationClient\DatasourceCredentialLiveTests.cs(100,56): error CS1061: 'MetricsAdvisorAdministrationClient' does not contain a definition for 'UpdateDatasourceCredentialAsync' and no accessible extension method 'UpdateDatasourceCredentialAsync' accepting a first argument of type 'MetricsAdvisorAdministrationClient' could be found (are you missing a using directive or an assembly reference?)
C:\gh\azure-sdk-for-net\sdk\metricsadvisor\Azure.AI.MetricsAdvisor\tests\MetricsAdvisorAdministrationClient\DatasourceCredentialLiveTests.cs(100,118): error CS0246: The type or namespace name 'ServicePrincipalDatasourceCredential' could not be found (are you missing a using directive or an assembly reference?)
C:\gh\azure-sdk-for-net\sdk\metricsadvisor\Azure.AI.MetricsAdvisor\tests\MetricsAdvisorAdministrationClient\DatasourceCredentialLiveTests.cs(113,75): error CS1061: 'MetricsAdvisorAdministrationClient' does not contain a definition for 'GetDatasourceCredentialsAsync' and no accessible extension method 'GetDatasourceCredentialsAsync' accepting a first argument of type 'MetricsAdvisorAdministrationClient' could be found (are you missing a using directive or an assembly reference?)
C:\gh\azure-sdk-for-net\sdk\metricsadvisor\Azure.AI.MetricsAdvisor\tests\MetricsAdvisorAdministrationClient\DatasourceCredentialLiveTests.cs(113,28): error CS0246: The type or namespace name 'DatasourceCredential' could not be found (are you missing a using directive or an assembly reference?)
error CS1705: Assembly 'Azure.Core.TestFramework' with identity 'Azure.Core.TestFramework, Version=1.0.0.0, Culture=neutral, PublicKeyToken=6a281e58f0dfecb7' uses 'Azure.Core, Version=1.15.0.0, Culture=neutral, PublicKeyToken=92742159e12e44c8' which has a higher version than referenced assembly 'Azure.Core' with identity 'Azure.Core, Version=1.14.0.0, Culture=neutral, PublicKeyToken=92742159e12e44c8'
error CS1705: Assembly 'Azure.Core.TestFramework' with identity 'Azure.Core.TestFramework, Version=1.0.0.0, Culture=neutral, PublicKeyToken=6a281e58f0dfecb7' uses 'Azure.Core, Version=1.15.0.0, Culture=neutral, PublicKeyToken=92742159e12e44c8' which has a higher version than referenced assembly 'Azure.Core' with identity 'Azure.Core, Version=1.14.0.0, Culture=neutral, PublicKeyToken=92742159e12e44c8'
C:\gh\azure-sdk-for-net\sdk\metricsadvisor\Azure.AI.MetricsAdvisor\tests\MetricsAdvisorClient\AnomalyDetectionMockTests.cs(32,37): error CS1061: 'DataPointAnomaly' does not contain a definition for 'Value' and no accessible extension method 'Value' accepting a first argument of type 'DataPointAnomaly' could be found (are you missing a using directive or an assembly reference?)
error CS1705: Assembly 'Azure.Core.TestFramework' with identity 'Azure.Core.TestFramework, Version=1.0.0.0, Culture=neutral, PublicKeyToken=6a281e58f0dfecb7' uses 'Azure.Core, Version=1.15.0.0, Culture=neutral, PublicKeyToken=92742159e12e44c8' which has a higher version than referenced assembly 'Azure.Core' with identity 'Azure.Core, Version=1.14.0.0, Culture=neutral, PublicKeyToken=92742159e12e44c8'
error CS1705: Assembly 'Azure.Core.TestFramework' with identity 'Azure.Core.TestFramework, Version=1.0.0.0, Culture=neutral, PublicKeyToken=6a281e58f0dfecb7' uses 'Azure.Core, Version=1.15.0.0, Culture=neutral, PublicKeyToken=92742159e12e44c8' which has a higher version than referenced assembly 'Azure.Core' with identity 'Azure.Core, Version=1.14.0.0, Culture=neutral, PublicKeyToken=92742159e12e44c8'
C:\gh\azure-sdk-for-net\sdk\metricsadvisor\Azure.AI.MetricsAdvisor\tests\MetricsAdvisorClient\AnomalyDetectionMockTests.cs(48,37): error CS1061: 'DataPointAnomaly' does not contain a definition for 'ExpectedValue' and no accessible extension method 'ExpectedValue' accepting a first argument of type 'DataPointAnomaly' could be found (are you missing a using directive or an assembly reference?)
error CS1705: Assembly 'Azure.Core.TestFramework' with identity 'Azure.Core.TestFramework, Version=1.0.0.0, Culture=neutral, PublicKeyToken=6a281e58f0dfecb7' uses 'Azure.Core, Version=1.15.0.0, Culture=neutral, PublicKeyToken=92742159e12e44c8' which has a higher version than referenced assembly 'Azure.Core' with identity 'Azure.Core, Version=1.14.0.0, Culture=neutral, PublicKeyToken=92742159e12e44c8'
error CS1705: Assembly 'Azure.Core.TestFramework' with identity 'Azure.Core.TestFramework, Version=1.0.0.0, Culture=neutral, PublicKeyToken=6a281e58f0dfecb7' uses 'Azure.Core, Version=1.15.0.0, Culture=neutral, PublicKeyToken=92742159e12e44c8' which has a higher version than referenced assembly 'Azure.Core' with identity 'Azure.Core, Version=1.14.0.0, Culture=neutral, PublicKeyToken=92742159e12e44c8'
C:\gh\azure-sdk-for-net\sdk\metricsadvisor\Azure.AI.MetricsAdvisor\tests\MetricsAdvisorClient\AlertTriggeringMockTests.cs(90,38): error CS1061: 'AnomalyIncident' does not contain a definition for 'ExpectedValueOfRootNode' and no accessible extension method 'ExpectedValueOfRootNode' accepting a first argument of type 'AnomalyIncident' could be found (are you missing a using directive or an assembly reference?)
error CS1705: Assembly 'Azure.Core.TestFramework' with identity 'Azure.Core.TestFramework, Version=1.0.0.0, Culture=neutral, PublicKeyToken=6a281e58f0dfecb7' uses 'Azure.Core, Version=1.15.0.0, Culture=neutral, PublicKeyToken=92742159e12e44c8' which has a higher version than referenced assembly 'Azure.Core' with identity 'Azure.Core, Version=1.14.0.0, Culture=neutral, PublicKeyToken=92742159e12e44c8'
error CS1705: Assembly 'Azure.Core.TestFramework' with identity 'Azure.Core.TestFramework, Version=1.0.0.0, Culture=neutral, PublicKeyToken=6a281e58f0dfecb7' uses 'Azure.Core, Version=1.15.0.0, Culture=neutral, PublicKeyToken=92742159e12e44c8' which has a higher version than referenced assembly 'Azure.Core' with identity 'Azure.Core, Version=1.14.0.0, Culture=neutral, PublicKeyToken=92742159e12e44c8'
C:\gh\azure-sdk-for-net\sdk\metricsadvisor\Azure.AI.MetricsAdvisor\tests\MetricsAdvisorClient\AnomalyDetectionMockTests.cs(66,37): error CS1061: 'DataPointAnomaly' does not contain a definition for 'ExpectedValue' and no accessible extension method 'ExpectedValue' accepting a first argument of type 'DataPointAnomaly' could be found (are you missing a using directive or an assembly reference?)
C:\gh\azure-sdk-for-net\sdk\metricsadvisor\Azure.AI.MetricsAdvisor\tests\Samples\Sample04_HookCrudOperations.cs(74,43): error CS1061: 'NotificationHook' does not contain a definition for 'AdministratorsEmails' and no accessible extension method 'AdministratorsEmails' accepting a first argument of type 'NotificationHook' could be found (are you missing a using directive or an assembly reference?)
C:\gh\azure-sdk-for-net\sdk\metricsadvisor\Azure.AI.MetricsAdvisor\tests\MetricsAdvisorAdministrationClient\DatasourceCredentialLiveTests.cs(136,42): error CS0246: The type or namespace name 'ServicePrincipalDatasourceCredential' could not be found (are you missing a using directive or an assembly reference?)
C:\gh\azure-sdk-for-net\sdk\metricsadvisor\Azure.AI.MetricsAdvisor\tests\MetricsAdvisorAdministrationClient\DatasourceCredentialLiveTests.cs(142,17): error CS0246: The type or namespace name 'DatasourceCredential' could not be found (are you missing a using directive or an assembly reference?)
C:\gh\azure-sdk-for-net\sdk\metricsadvisor\Azure.AI.MetricsAdvisor\tests\MetricsAdvisorAdministrationClient\DatasourceCredentialLiveTests.cs(142,76): error CS1061: 'MetricsAdvisorAdministrationClient' does not contain a definition for 'CreateDatasourceCredentialAsync' and no accessible extension method 'CreateDatasourceCredentialAsync' accepting a first argument of type 'MetricsAdvisorAdministrationClient' could be found (are you missing a using directive or an assembly reference?)
C:\gh\azure-sdk-for-net\sdk\metricsadvisor\Azure.AI.MetricsAdvisor\tests\MetricsAdvisorAdministrationClient\DatasourceCredentialLiveTests.cs(151,39): error CS1061: 'MetricsAdvisorAdministrationClient' does not contain a definition for 'DeleteDatasourceCredentialAsync' and no accessible extension method 'DeleteDatasourceCredentialAsync' accepting a first argument of type 'MetricsAdvisorAdministrationClient' could be found (are you missing a using directive or an assembly reference?)
C:\gh\azure-sdk-for-net\sdk\metricsadvisor\Azure.AI.MetricsAdvisor\tests\MetricsAdvisorAdministrationClient\DatasourceCredentialLiveTests.cs(154,63): error CS1061: 'MetricsAdvisorAdministrationClient' does not contain a definition for 'GetDatasourceCredentialAsync' and no accessible extension method 'GetDatasourceCredentialAsync' accepting a first argument of type 'MetricsAdvisorAdministrationClient' could be found (are you missing a using directive or an assembly reference?)
error CS1705: Assembly 'Azure.Core.TestFramework' with identity 'Azure.Core.TestFramework, Version=1.0.0.0, Culture=neutral, PublicKeyToken=6a281e58f0dfecb7' uses 'Azure.Core, Version=1.15.0.0, Culture=neutral, PublicKeyToken=92742159e12e44c8' which has a higher version than referenced assembly 'Azure.Core' with identity 'Azure.Core, Version=1.14.0.0, Culture=neutral, PublicKeyToken=92742159e12e44c8'
error CS1705: Assembly 'Azure.Core.TestFramework' with identity 'Azure.Core.TestFramework, Version=1.0.0.0, Culture=neutral, PublicKeyToken=6a281e58f0dfecb7' uses 'Azure.Core, Version=1.15.0.0, Culture=neutral, PublicKeyToken=92742159e12e44c8' which has a higher version than referenced assembly 'Azure.Core' with identity 'Azure.Core, Version=1.14.0.0, Culture=neutral, PublicKeyToken=92742159e12e44c8'
C:\gh\azure-sdk-for-net\sdk\metricsadvisor\Azure.AI.MetricsAdvisor\tests\MetricsAdvisorClient\AnomalyDetectionMockTests.cs(84,38): error CS1061: 'AnomalyIncident' does not contain a definition for 'ValueOfRootNode' and no accessible extension method 'ValueOfRootNode' accepting a first argument of type 'AnomalyIncident' could be found (are you missing a using directive or an assembly reference?)
error CS1705: Assembly 'Azure.Core.TestFramework' with identity 'Azure.Core.TestFramework, Version=1.0.0.0, Culture=neutral, PublicKeyToken=6a281e58f0dfecb7' uses 'Azure.Core, Version=1.15.0.0, Culture=neutral, PublicKeyToken=92742159e12e44c8' which has a higher version than referenced assembly 'Azure.Core' with identity 'Azure.Core, Version=1.14.0.0, Culture=neutral, PublicKeyToken=92742159e12e44c8'
error CS1705: Assembly 'Azure.Core.TestFramework' with identity 'Azure.Core.TestFramework, Version=1.0.0.0, Culture=neutral, PublicKeyToken=6a281e58f0dfecb7' uses 'Azure.Core, Version=1.15.0.0, Culture=neutral, PublicKeyToken=92742159e12e44c8' which has a higher version than referenced assembly 'Azure.Core' with identity 'Azure.Core, Version=1.14.0.0, Culture=neutral, PublicKeyToken=92742159e12e44c8'
C:\gh\azure-sdk-for-net\sdk\metricsadvisor\Azure.AI.MetricsAdvisor\tests\MetricsAdvisorClient\AnomalyDetectionMockTests.cs(100,38): error CS1061: 'AnomalyIncident' does not contain a definition for 'ExpectedValueOfRootNode' and no accessible extension method 'ExpectedValueOfRootNode' accepting a first argument of type 'AnomalyIncident' could be found (are you missing a using directive or an assembly reference?)
C:\gh\azure-sdk-for-net\sdk\metricsadvisor\Azure.AI.MetricsAdvisor\tests\MetricsAdvisorAdministrationClient\DatasourceCredentialLiveTests.cs(161,31): error CS0246: The type or namespace name 'ServicePrincipalDatasourceCredential' could not be found (are you missing a using directive or an assembly reference?)
error CS1705: Assembly 'Azure.Core.TestFramework' with identity 'Azure.Core.TestFramework, Version=1.0.0.0, Culture=neutral, PublicKeyToken=6a281e58f0dfecb7' uses 'Azure.Core, Version=1.15.0.0, Culture=neutral, PublicKeyToken=92742159e12e44c8' which has a higher version than referenced assembly 'Azure.Core' with identity 'Azure.Core, Version=1.14.0.0, Culture=neutral, PublicKeyToken=92742159e12e44c8'
error CS1705: Assembly 'Azure.Core.TestFramework' with identity 'Azure.Core.TestFramework, Version=1.0.0.0, Culture=neutral, PublicKeyToken=6a281e58f0dfecb7' uses 'Azure.Core, Version=1.15.0.0, Culture=neutral, PublicKeyToken=92742159e12e44c8' which has a higher version than referenced assembly 'Azure.Core' with identity 'Azure.Core, Version=1.14.0.0, Culture=neutral, PublicKeyToken=92742159e12e44c8'
C:\gh\azure-sdk-for-net\sdk\metricsadvisor\Azure.AI.MetricsAdvisor\tests\MetricsAdvisorClient\AnomalyDetectionMockTests.cs(118,38): error CS1061: 'AnomalyIncident' does not contain a definition for 'ExpectedValueOfRootNode' and no accessible extension method 'ExpectedValueOfRootNode' accepting a first argument of type 'AnomalyIncident' could be found (are you missing a using directive or an assembly reference?)
C:\gh\azure-sdk-for-net\sdk\metricsadvisor\Azure.AI.MetricsAdvisor\tests\MetricsAdvisorAdministrationClient\DatasourceCredentialLiveTests.cs(174,31): error CS0246: The type or namespace name 'ServicePrincipalDatasourceCredential' could not be found (are you missing a using directive or an assembly reference?)
C:\gh\azure-sdk-for-net\sdk\metricsadvisor\Azure.AI.MetricsAdvisor\tests\MetricsAdvisorAdministrationClient\DatasourceCredentialLiveTests.cs(187,20): error CS0103: The name 'ServicePrincipalDatasourceCredential' does not exist in the current context
C:\gh\azure-sdk-for-net\sdk\metricsadvisor\Azure.AI.MetricsAdvisor\tests\MetricsAdvisorAdministrationClient\DatasourceCredentialLiveTests.cs(187,65): error CS0246: The type or namespace name 'ServicePrincipalDatasourceCredential' could not be found (are you missing a using directive or an assembly reference?)
error CS1705: Assembly 'Azure.Core.TestFramework' with identity 'Azure.Core.TestFramework, Version=1.0.0.0, Culture=neutral, PublicKeyToken=6a281e58f0dfecb7' uses 'Azure.Core, Version=1.15.0.0, Culture=neutral, PublicKeyToken=92742159e12e44c8' which has a higher version than referenced assembly 'Azure.Core' with identity 'Azure.Core, Version=1.14.0.0, Culture=neutral, PublicKeyToken=92742159e12e44c8'
error CS1705: Assembly 'Azure.Core.TestFramework' with identity 'Azure.Core.TestFramework, Version=1.0.0.0, Culture=neutral, PublicKeyToken=6a281e58f0dfecb7' uses 'Azure.Core, Version=1.15.0.0, Culture=neutral, PublicKeyToken=92742159e12e44c8' which has a higher version than referenced assembly 'Azure.Core' with identity 'Azure.Core, Version=1.14.0.0, Culture=neutral, PublicKeyToken=92742159e12e44c8'
C:\gh\azure-sdk-for-net\sdk\metricsadvisor\Azure.AI.MetricsAdvisor\tests\MetricsAdvisorClient\AlertTriggeringMockTests.cs(106,38): error CS1061: 'AnomalyIncident' does not contain a definition for 'ExpectedValueOfRootNode' and no accessible extension method 'ExpectedValueOfRootNode' accepting a first argument of type 'AnomalyIncident' could be found (are you missing a using directive or an assembly reference?)
C:\gh\azure-sdk-for-net\sdk\metricsadvisor\Azure.AI.MetricsAdvisor\tests\MetricsAdvisorClient\AnomalyDetectionLiveTests.cs(34,37): error CS1061: 'DataPointAnomaly' does not contain a definition for 'DataFeedId' and no accessible extension method 'DataFeedId' accepting a first argument of type 'DataPointAnomaly' could be found (are you missing a using directive or an assembly reference?)
C:\gh\azure-sdk-for-net\sdk\metricsadvisor\Azure.AI.MetricsAdvisor\tests\MetricsAdvisorClient\AlertTriggeringLiveTests.cs(104,37): error CS1061: 'DataPointAnomaly' does not contain a definition for 'DataFeedId' and no accessible extension method 'DataFeedId' accepting a first argument of type 'DataPointAnomaly' could be found (are you missing a using directive or an assembly reference?)
C:\gh\azure-sdk-for-net\sdk\metricsadvisor\Azure.AI.MetricsAdvisor\tests\MetricsAdvisorAdministrationClient\AnomalyDetectionConfigurationTests.cs(160,91): error CS1501: No overload for method 'GetDetectionConfigurationsAsync' takes 3 arguments
C:\gh\azure-sdk-for-net\sdk\metricsadvisor\Azure.AI.MetricsAdvisor\tests\MetricsAdvisorAdministrationClient\AnomalyDetectionConfigurationTests.cs(163,81): error CS1501: No overload for method 'GetDetectionConfigurations' takes 3 arguments
C:\gh\azure-sdk-for-net\sdk\metricsadvisor\Azure.AI.MetricsAdvisor\tests\MetricsAdvisorAdministrationClient\NotificationHookTests.cs(32,79): error CS0029: Cannot implicitly convert type 'System.Uri' to 'string'
C:\gh\azure-sdk-for-net\sdk\metricsadvisor\Azure.AI.MetricsAdvisor\tests\Samples\Sample05_AlertConfigurationCrudOperations.cs(116,31): error CS7036: There is no argument given that corresponds to the required formal parameter 'alertConfiguration' of 'MetricsAdvisorAdministrationClient.UpdateAlertConfigurationAsync(string, AnomalyAlertConfiguration, CancellationToken)'
C:\gh\azure-sdk-for-net\sdk\metricsadvisor\Azure.AI.MetricsAdvisor\tests\Samples\Sample05_AlertConfigurationCrudOperations.cs(122,31): error CS7036: There is no argument given that corresponds to the required formal parameter 'alertConfiguration' of 'MetricsAdvisorAdministrationClient.UpdateAlertConfigurationAsync(string, AnomalyAlertConfiguration, CancellationToken)'
C:\gh\azure-sdk-for-net\sdk\metricsadvisor\Azure.AI.MetricsAdvisor\tests\MetricsAdvisorClient\AlertTriggeringLiveTests.cs(138,38): error CS1061: 'AnomalyIncident' does not contain a definition for 'DataFeedId' and no accessible extension method 'DataFeedId' accepting a first argument of type 'AnomalyIncident' could be found (are you missing a using directive or an assembly reference?)
C:\gh\azure-sdk-for-net\sdk\metricsadvisor\Azure.AI.MetricsAdvisor\tests\MetricsAdvisorClient\AlertTriggeringLiveTests.cs(147,44): error CS1061: 'AnomalyIncident' does not contain a definition for 'RootDimensionKey' and no accessible extension method 'RootDimensionKey' accepting a first argument of type 'AnomalyIncident' could be found (are you missing a using directive or an assembly reference?)
C:\gh\azure-sdk-for-net\sdk\metricsadvisor\Azure.AI.MetricsAdvisor\tests\MetricsAdvisorClient\AnomalyDetectionLiveTests.cs(80,37): error CS1061: 'DataPointAnomaly' does not contain a definition for 'DataFeedId' and no accessible extension method 'DataFeedId' accepting a first argument of type 'DataPointAnomaly' could be found (are you missing a using directive or an assembly reference?)
C:\gh\azure-sdk-for-net\sdk\metricsadvisor\Azure.AI.MetricsAdvisor\tests\MetricsAdvisorAdministrationClient\AnomalyAlertConfigurationTests.cs(132,87): error CS1501: No overload for method 'GetAlertConfigurationsAsync' takes 3 arguments
C:\gh\azure-sdk-for-net\sdk\metricsadvisor\Azure.AI.MetricsAdvisor\tests\MetricsAdvisorAdministrationClient\AnomalyAlertConfigurationTests.cs(135,77): error CS1501: No overload for method 'GetAlertConfigurations' takes 3 arguments
C:\gh\azure-sdk-for-net\sdk\metricsadvisor\Azure.AI.MetricsAdvisor\tests\MetricsAdvisorClient\AnomalyDetectionLiveTests.cs(122,38): error CS1061: 'AnomalyIncident' does not contain a definition for 'DataFeedId' and no accessible extension method 'DataFeedId' accepting a first argument of type 'AnomalyIncident' could be found (are you missing a using directive or an assembly reference?)
C:\gh\azure-sdk-for-net\sdk\metricsadvisor\Azure.AI.MetricsAdvisor\tests\MetricsAdvisorClient\AnomalyDetectionLiveTests.cs(132,44): error CS1061: 'AnomalyIncident' does not contain a definition for 'RootDimensionKey' and no accessible extension method 'RootDimensionKey' accepting a first argument of type 'AnomalyIncident' could be found (are you missing a using directive or an assembly reference?)
C:\gh\azure-sdk-for-net\sdk\metricsadvisor\Azure.AI.MetricsAdvisor\tests\MetricsAdvisorClient\TimeSeriesLiveTests.cs(30,51): error CS1061: 'MetricsAdvisorClient' does not contain a definition for 'GetMetricDimensionValuesAsync' and no accessible extension method 'GetMetricDimensionValuesAsync' accepting a first argument of type 'MetricsAdvisorClient' could be found (are you missing a using directive or an assembly reference?)
C:\gh\azure-sdk-for-net\sdk\metricsadvisor\Azure.AI.MetricsAdvisor\tests\MetricsAdvisorClient\TimeSeriesLiveTests.cs(51,31): error CS0246: The type or namespace name 'GetMetricDimensionValuesOptions' could not be found (are you missing a using directive or an assembly reference?)
C:\gh\azure-sdk-for-net\sdk\metricsadvisor\Azure.AI.MetricsAdvisor\tests\MetricsAdvisorClient\TimeSeriesLiveTests.cs(58,51): error CS1061: 'MetricsAdvisorClient' does not contain a definition for 'GetMetricDimensionValuesAsync' and no accessible extension method 'GetMetricDimensionValuesAsync' accepting a first argument of type 'MetricsAdvisorClient' could be found (are you missing a using directive or an assembly reference?)
C:\gh\azure-sdk-for-net\sdk\metricsadvisor\Azure.AI.MetricsAdvisor\tests\MetricsAdvisorAdministrationClient\DatasourceCredentialTests.cs(27,43): error CS1061: 'MetricsAdvisorAdministrationClient' does not contain a definition for 'CreateDatasourceCredentialAsync' and no accessible extension method 'CreateDatasourceCredentialAsync' accepting a first argument of type 'MetricsAdvisorAdministrationClient' could be found (are you missing a using directive or an assembly reference?)
C:\gh\azure-sdk-for-net\sdk\metricsadvisor\Azure.AI.MetricsAdvisor\tests\MetricsAdvisorAdministrationClient\DatasourceCredentialTests.cs(28,43): error CS1061: 'MetricsAdvisorAdministrationClient' does not contain a definition for 'CreateDatasourceCredential' and no accessible extension method 'CreateDatasourceCredential' accepting a first argument of type 'MetricsAdvisorAdministrationClient' could be found (are you missing a using directive or an assembly reference?)
C:\gh\azure-sdk-for-net\sdk\metricsadvisor\Azure.AI.MetricsAdvisor\tests\MetricsAdvisorAdministrationClient\DatasourceCredentialTests.cs(36,34): error CS0246: The type or namespace name 'ServicePrincipalDatasourceCredential' could not be found (are you missing a using directive or an assembly reference?)
C:\gh\azure-sdk-for-net\sdk\metricsadvisor\Azure.AI.MetricsAdvisor\tests\MetricsAdvisorAdministrationClient\DatasourceCredentialTests.cs(41,43): error CS1061: 'MetricsAdvisorAdministrationClient' does not contain a definition for 'CreateDatasourceCredentialAsync' and no accessible extension method 'CreateDatasourceCredentialAsync' accepting a first argument of type 'MetricsAdvisorAdministrationClient' could be found (are you missing a using directive or an assembly reference?)
C:\gh\azure-sdk-for-net\sdk\metricsadvisor\Azure.AI.MetricsAdvisor\tests\MetricsAdvisorAdministrationClient\DatasourceCredentialTests.cs(42,43): error CS1061: 'MetricsAdvisorAdministrationClient' does not contain a definition for 'CreateDatasourceCredential' and no accessible extension method 'CreateDatasourceCredential' accepting a first argument of type 'MetricsAdvisorAdministrationClient' could be found (are you missing a using directive or an assembly reference?)
C:\gh\azure-sdk-for-net\sdk\metricsadvisor\Azure.AI.MetricsAdvisor\tests\MetricsAdvisorClient\AnomalyDetectionLiveTests.cs(165,38): error CS1061: 'AnomalyIncident' does not contain a definition for 'DataFeedId' and no accessible extension method 'DataFeedId' accepting a first argument of type 'AnomalyIncident' could be found (are you missing a using directive or an assembly reference?)
C:\gh\azure-sdk-for-net\sdk\metricsadvisor\Azure.AI.MetricsAdvisor\tests\MetricsAdvisorClient\AnomalyDetectionLiveTests.cs(175,44): error CS1061: 'AnomalyIncident' does not contain a definition for 'RootDimensionKey' and no accessible extension method 'RootDimensionKey' accepting a first argument of type 'AnomalyIncident' could be found (are you missing a using directive or an assembly reference?)
C:\gh\azure-sdk-for-net\sdk\metricsadvisor\Azure.AI.MetricsAdvisor\tests\MetricsAdvisorClient\AnomalyDetectionLiveTests.cs(177,72): error CS1061: 'AnomalyIncident' does not contain a definition for 'RootDimensionKey' and no accessible extension method 'RootDimensionKey' accepting a first argument of type 'AnomalyIncident' could be found (are you missing a using directive or an assembly reference?)
error CS1705: Assembly 'Azure.Core.TestFramework' with identity 'Azure.Core.TestFramework, Version=1.0.0.0, Culture=neutral, PublicKeyToken=6a281e58f0dfecb7' uses 'Azure.Core, Version=1.15.0.0, Culture=neutral, PublicKeyToken=92742159e12e44c8' which has a higher version than referenced assembly 'Azure.Core' with identity 'Azure.Core, Version=1.14.0.0, Culture=neutral, PublicKeyToken=92742159e12e44c8'
C:\gh\azure-sdk-for-net\sdk\metricsadvisor\Azure.AI.MetricsAdvisor\tests\Samples\Sample07_QueryDetectedAnomalies.cs(38,61): error CS1061: 'DataPointAnomaly' does not contain a definition for 'Value' and no accessible extension method 'Value' accepting a first argument of type 'DataPointAnomaly' could be found (are you missing a using directive or an assembly reference?)
C:\gh\azure-sdk-for-net\sdk\metricsadvisor\Azure.AI.MetricsAdvisor\tests\Samples\Sample07_QueryDetectedAnomalies.cs(40,29): error CS1061: 'DataPointAnomaly' does not contain a definition for 'ExpectedValue' and no accessible extension method 'ExpectedValue' accepting a first argument of type 'DataPointAnomaly' could be found (are you missing a using directive or an assembly reference?)
C:\gh\azure-sdk-for-net\sdk\metricsadvisor\Azure.AI.MetricsAdvisor\tests\Samples\Sample07_QueryDetectedAnomalies.cs(42,74): error CS1061: 'DataPointAnomaly' does not contain a definition for 'ExpectedValue' and no accessible extension method 'ExpectedValue' accepting a first argument of type 'DataPointAnomaly' could be found (are you missing a using directive or an assembly reference?)
error CS1705: Assembly 'Azure.Core.TestFramework' with identity 'Azure.Core.TestFramework, Version=1.0.0.0, Culture=neutral, PublicKeyToken=6a281e58f0dfecb7' uses 'Azure.Core, Version=1.15.0.0, Culture=neutral, PublicKeyToken=92742159e12e44c8' which has a higher version than referenced assembly 'Azure.Core' with identity 'Azure.Core, Version=1.14.0.0, Culture=neutral, PublicKeyToken=92742159e12e44c8'
C:\gh\azure-sdk-for-net\sdk\metricsadvisor\Azure.AI.MetricsAdvisor\tests\MetricsAdvisorAdministrationClient\NotificationHookLiveTests.cs(44,37): error CS1061: 'NotificationHook' does not contain a definition for 'AdministratorsEmails' and no accessible extension method 'AdministratorsEmails' accepting a first argument of type 'NotificationHook' could be found (are you missing a using directive or an assembly reference?)
C:\gh\azure-sdk-for-net\sdk\metricsadvisor\Azure.AI.MetricsAdvisor\tests\MetricsAdvisorAdministrationClient\NotificationHookLiveTests.cs(45,37): error CS1061: 'NotificationHook' does not contain a definition for 'AdministratorsEmails' and no accessible extension method 'AdministratorsEmails' accepting a first argument of type 'NotificationHook' could be found (are you missing a using directive or an assembly reference?)
C:\gh\azure-sdk-for-net\sdk\metricsadvisor\Azure.AI.MetricsAdvisor\tests\MetricsAdvisorLiveTestBase.cs(98,20): error CS1705: Assembly 'Azure.Core.TestFramework' with identity 'Azure.Core.TestFramework, Version=1.0.0.0, Culture=neutral, PublicKeyToken=6a281e58f0dfecb7' uses 'Azure.Core, Version=1.15.0.0, Culture=neutral, PublicKeyToken=92742159e12e44c8' which has a higher version than referenced assembly 'Azure.Core' with identity 'Azure.Core, Version=1.14.0.0, Culture=neutral, PublicKeyToken=92742159e12e44c8'
C:\gh\azure-sdk-for-net\sdk\metricsadvisor\Azure.AI.MetricsAdvisor\tests\MetricsAdvisorClient\AnomalyDetectionLiveTests.cs(307,31): error CS0246: The type or namespace name 'GetAnomalyDimensionValuesOptions' could not be found (are you missing a using directive or an assembly reference?)
C:\gh\azure-sdk-for-net\sdk\metricsadvisor\Azure.AI.MetricsAdvisor\tests\MetricsAdvisorClient\AnomalyDetectionLiveTests.cs(311,51): error CS1061: 'MetricsAdvisorClient' does not contain a definition for 'GetAnomalyDimensionValuesAsync' and no accessible extension method 'GetAnomalyDimensionValuesAsync' accepting a first argument of type 'MetricsAdvisorClient' could be found (are you missing a using directive or an assembly reference?)
error CS1705: Assembly 'Azure.Core.TestFramework' with identity 'Azure.Core.TestFramework, Version=1.0.0.0, Culture=neutral, PublicKeyToken=6a281e58f0dfecb7' uses 'Azure.Core, Version=1.15.0.0, Culture=neutral, PublicKeyToken=92742159e12e44c8' which has a higher version than referenced assembly 'Azure.Core' with identity 'Azure.Core, Version=1.14.0.0, Culture=neutral, PublicKeyToken=92742159e12e44c8'
C:\gh\azure-sdk-for-net\sdk\metricsadvisor\Azure.AI.MetricsAdvisor\tests\MockClientTestBase.cs(25,80): error CS1705: Assembly 'Azure.Core.TestFramework' with identity 'Azure.Core.TestFramework, Version=1.0.0.0, Culture=neutral, PublicKeyToken=6a281e58f0dfecb7' uses 'Azure.Core, Version=1.15.0.0, Culture=neutral, PublicKeyToken=92742159e12e44c8' which has a higher version than referenced assembly 'Azure.Core' with identity 'Azure.Core, Version=1.14.0.0, Culture=neutral, PublicKeyToken=92742159e12e44c8'
error CS1705: Assembly 'Azure.Core.TestFramework' with identity 'Azure.Core.TestFramework, Version=1.0.0.0, Culture=neutral, PublicKeyToken=6a281e58f0dfecb7' uses 'Azure.Core, Version=1.15.0.0, Culture=neutral, PublicKeyToken=92742159e12e44c8' which has a higher version than referenced assembly 'Azure.Core' with identity 'Azure.Core, Version=1.14.0.0, Culture=neutral, PublicKeyToken=92742159e12e44c8'
C:\gh\azure-sdk-for-net\sdk\metricsadvisor\Azure.AI.MetricsAdvisor\tests\MockClientTestBase.cs(31,56): error CS1705: Assembly 'Azure.Core.TestFramework' with identity 'Azure.Core.TestFramework, Version=1.0.0.0, Culture=neutral, PublicKeyToken=6a281e58f0dfecb7' uses 'Azure.Core, Version=1.15.0.0, Culture=neutral, PublicKeyToken=92742159e12e44c8' which has a higher version than referenced assembly 'Azure.Core' with identity 'Azure.Core, Version=1.14.0.0, Culture=neutral, PublicKeyToken=92742159e12e44c8'
C:\gh\azure-sdk-for-net\sdk\metricsadvisor\Azure.AI.MetricsAdvisor\tests\MetricsAdvisorClient\AnomalyDetectionLiveTests.cs(331,31): error CS0246: The type or namespace name 'GetAnomalyDimensionValuesOptions' could not be found (are you missing a using directive or an assembly reference?)
C:\gh\azure-sdk-for-net\sdk\metricsadvisor\Azure.AI.MetricsAdvisor\tests\MetricsAdvisorClient\AnomalyDetectionLiveTests.cs(337,51): error CS1061: 'MetricsAdvisorClient' does not contain a definition for 'GetAnomalyDimensionValuesAsync' and no accessible extension method 'GetAnomalyDimensionValuesAsync' accepting a first argument of type 'MetricsAdvisorClient' could be found (are you missing a using directive or an assembly reference?)
C:\gh\azure-sdk-for-net\sdk\metricsadvisor\Azure.AI.MetricsAdvisor\tests\Samples\Sample07_QueryDetectedAnomalies.cs(90,60): error CS1061: 'DataPointAnomaly' does not contain a definition for 'DataFeedId' and no accessible extension method 'DataFeedId' accepting a first argument of type 'DataPointAnomaly' could be found (are you missing a using directive or an assembly reference?)
C:\gh\azure-sdk-for-net\sdk\metricsadvisor\Azure.AI.MetricsAdvisor\tests\Samples\Sample07_QueryDetectedAnomalies.cs(92,61): error CS1061: 'DataPointAnomaly' does not contain a definition for 'Value' and no accessible extension method 'Value' accepting a first argument of type 'DataPointAnomaly' could be found (are you missing a using directive or an assembly reference?)
C:\gh\azure-sdk-for-net\sdk\metricsadvisor\Azure.AI.MetricsAdvisor\tests\Samples\Sample07_QueryDetectedAnomalies.cs(94,29): error CS1061: 'DataPointAnomaly' does not contain a definition for 'ExpectedValue' and no accessible extension method 'ExpectedValue' accepting a first argument of type 'DataPointAnomaly' could be found (are you missing a using directive or an assembly reference?)
C:\gh\azure-sdk-for-net\sdk\metricsadvisor\Azure.AI.MetricsAdvisor\tests\Samples\Sample07_QueryDetectedAnomalies.cs(96,74): error CS1061: 'DataPointAnomaly' does not contain a definition for 'ExpectedValue' and no accessible extension method 'ExpectedValue' accepting a first argument of type 'DataPointAnomaly' could be found (are you missing a using directive or an assembly reference?)
C:\gh\azure-sdk-for-net\sdk\metricsadvisor\Azure.AI.MetricsAdvisor\tests\MetricsAdvisorAdministrationClient\NotificationHookLiveTests.cs(68,32): error CS0029: Cannot implicitly convert type 'System.Uri' to 'string'
C:\gh\azure-sdk-for-net\sdk\metricsadvisor\Azure.AI.MetricsAdvisor\tests\MetricsAdvisorAdministrationClient\NotificationHookLiveTests.cs(78,50): error CS1061: 'string' does not contain a definition for 'AbsoluteUri' and no accessible extension method 'AbsoluteUri' accepting a first argument of type 'string' could be found (are you missing a using directive or an assembly reference?)
C:\gh\azure-sdk-for-net\sdk\metricsadvisor\Azure.AI.MetricsAdvisor\tests\MetricsAdvisorAdministrationClient\NotificationHookLiveTests.cs(79,37): error CS1061: 'NotificationHook' does not contain a definition for 'AdministratorsEmails' and no accessible extension method 'AdministratorsEmails' accepting a first argument of type 'NotificationHook' could be found (are you missing a using directive or an assembly reference?)
C:\gh\azure-sdk-for-net\sdk\metricsadvisor\Azure.AI.MetricsAdvisor\tests\MetricsAdvisorAdministrationClient\NotificationHookLiveTests.cs(80,37): error CS1061: 'NotificationHook' does not contain a definition for 'AdministratorsEmails' and no accessible extension method 'AdministratorsEmails' accepting a first argument of type 'NotificationHook' could be found (are you missing a using directive or an assembly reference?)
C:\gh\azure-sdk-for-net\sdk\metricsadvisor\Azure.AI.MetricsAdvisor\tests\Samples\Sample08_QueryIncidentsAndRootCauses.cs(53,75): error CS1061: 'AnomalyIncident' does not contain a definition for 'ValueOfRootNode' and no accessible extension method 'ValueOfRootNode' accepting a first argument of type 'AnomalyIncident' could be found (are you missing a using directive or an assembly reference?)
C:\gh\azure-sdk-for-net\sdk\metricsadvisor\Azure.AI.MetricsAdvisor\tests\Samples\Sample08_QueryIncidentsAndRootCauses.cs(55,30): error CS1061: 'AnomalyIncident' does not contain a definition for 'ExpectedValueOfRootNode' and no accessible extension method 'ExpectedValueOfRootNode' accepting a first argument of type 'AnomalyIncident' could be found (are you missing a using directive or an assembly reference?)
C:\gh\azure-sdk-for-net\sdk\metricsadvisor\Azure.AI.MetricsAdvisor\tests\Samples\Sample08_QueryIncidentsAndRootCauses.cs(57,88): error CS1061: 'AnomalyIncident' does not contain a definition for 'ExpectedValueOfRootNode' and no accessible extension method 'ExpectedValueOfRootNode' accepting a first argument of type 'AnomalyIncident' could be found (are you missing a using directive or an assembly reference?)
C:\gh\azure-sdk-for-net\sdk\metricsadvisor\Azure.AI.MetricsAdvisor\tests\Samples\Sample08_QueryIncidentsAndRootCauses.cs(62,80): error CS1061: 'AnomalyIncident' does not contain a definition for 'RootDimensionKey' and no accessible extension method 'RootDimensionKey' accepting a first argument of type 'AnomalyIncident' could be found (are you missing a using directive or an assembly reference?)
C:\gh\azure-sdk-for-net\sdk\metricsadvisor\Azure.AI.MetricsAdvisor\tests\MetricsAdvisorClient\TimeSeriesTests.cs(26,38): error CS1061: 'MetricsAdvisorClient' does not contain a definition for 'GetMetricDimensionValuesAsync' and no accessible extension method 'GetMetricDimensionValuesAsync' accepting a first argument of type 'MetricsAdvisorClient' could be found (are you missing a using directive or an assembly reference?)
C:\gh\azure-sdk-for-net\sdk\metricsadvisor\Azure.AI.MetricsAdvisor\tests\MetricsAdvisorClient\TimeSeriesTests.cs(27,38): error CS1061: 'MetricsAdvisorClient' does not contain a definition for 'GetMetricDimensionValuesAsync' and no accessible extension method 'GetMetricDimensionValuesAsync' accepting a first argument of type 'MetricsAdvisorClient' could be found (are you missing a using directive or an assembly reference?)
C:\gh\azure-sdk-for-net\sdk\metricsadvisor\Azure.AI.MetricsAdvisor\tests\MetricsAdvisorClient\TimeSeriesTests.cs(28,38): error CS1061: 'MetricsAdvisorClient' does not contain a definition for 'GetMetricDimensionValuesAsync' and no accessible extension method 'GetMetricDimensionValuesAsync' accepting a first argument of type 'MetricsAdvisorClient' could be found (are you missing a using directive or an assembly reference?)
C:\gh\azure-sdk-for-net\sdk\metricsadvisor\Azure.AI.MetricsAdvisor\tests\MetricsAdvisorClient\TimeSeriesTests.cs(29,38): error CS1061: 'MetricsAdvisorClient' does not contain a definition for 'GetMetricDimensionValuesAsync' and no accessible extension method 'GetMetricDimensionValuesAsync' accepting a first argument of type 'MetricsAdvisorClient' could be found (are you missing a using directive or an assembly reference?)
C:\gh\azure-sdk-for-net\sdk\metricsadvisor\Azure.AI.MetricsAdvisor\tests\MetricsAdvisorClient\TimeSeriesTests.cs(30,38): error CS1061: 'MetricsAdvisorClient' does not contain a definition for 'GetMetricDimensionValuesAsync' and no accessible extension method 'GetMetricDimensionValuesAsync' accepting a first argument of type 'MetricsAdvisorClient' could be found (are you missing a using directive or an assembly reference?)
C:\gh\azure-sdk-for-net\sdk\metricsadvisor\Azure.AI.MetricsAdvisor\tests\MetricsAdvisorClient\TimeSeriesTests.cs(32,38): error CS1061: 'MetricsAdvisorClient' does not contain a definition for 'GetMetricDimensionValues' and no accessible extension method 'GetMetricDimensionValues' accepting a first argument of type 'MetricsAdvisorClient' could be found (are you missing a using directive or an assembly reference?)
C:\gh\azure-sdk-for-net\sdk\metricsadvisor\Azure.AI.MetricsAdvisor\tests\MetricsAdvisorClient\TimeSeriesTests.cs(33,38): error CS1061: 'MetricsAdvisorClient' does not contain a definition for 'GetMetricDimensionValues' and no accessible extension method 'GetMetricDimensionValues' accepting a first argument of type 'MetricsAdvisorClient' could be found (are you missing a using directive or an assembly reference?)
C:\gh\azure-sdk-for-net\sdk\metricsadvisor\Azure.AI.MetricsAdvisor\tests\MetricsAdvisorClient\TimeSeriesTests.cs(34,38): error CS1061: 'MetricsAdvisorClient' does not contain a definition for 'GetMetricDimensionValues' and no accessible extension method 'GetMetricDimensionValues' accepting a first argument of type 'MetricsAdvisorClient' could be found (are you missing a using directive or an assembly reference?)
C:\gh\azure-sdk-for-net\sdk\metricsadvisor\Azure.AI.MetricsAdvisor\tests\MetricsAdvisorClient\TimeSeriesTests.cs(35,38): error CS1061: 'MetricsAdvisorClient' does not contain a definition for 'GetMetricDimensionValues' and no accessible extension method 'GetMetricDimensionValues' accepting a first argument of type 'MetricsAdvisorClient' could be found (are you missing a using directive or an assembly reference?)
C:\gh\azure-sdk-for-net\sdk\metricsadvisor\Azure.AI.MetricsAdvisor\tests\MetricsAdvisorClient\TimeSeriesTests.cs(36,38): error CS1061: 'MetricsAdvisorClient' does not contain a definition for 'GetMetricDimensionValues' and no accessible extension method 'GetMetricDimensionValues' accepting a first argument of type 'MetricsAdvisorClient' could be found (are you missing a using directive or an assembly reference?)
error CS1705: Assembly 'Azure.Core.TestFramework' with identity 'Azure.Core.TestFramework, Version=1.0.0.0, Culture=neutral, PublicKeyToken=6a281e58f0dfecb7' uses 'Azure.Core, Version=1.15.0.0, Culture=neutral, PublicKeyToken=92742159e12e44c8' which has a higher version than referenced assembly 'Azure.Core' with identity 'Azure.Core, Version=1.14.0.0, Culture=neutral, PublicKeyToken=92742159e12e44c8'
error CS1705: Assembly 'Azure.Core.TestFramework' with identity 'Azure.Core.TestFramework, Version=1.0.0.0, Culture=neutral, PublicKeyToken=6a281e58f0dfecb7' uses 'Azure.Core, Version=1.15.0.0, Culture=neutral, PublicKeyToken=92742159e12e44c8' which has a higher version than referenced assembly 'Azure.Core' with identity 'Azure.Core, Version=1.14.0.0, Culture=neutral, PublicKeyToken=92742159e12e44c8'
C:\gh\azure-sdk-for-net\sdk\metricsadvisor\Azure.AI.MetricsAdvisor\tests\Models\DataFeedSourcesTests.cs(53,13): error CS1705: Assembly 'Azure.Core.TestFramework' with identity 'Azure.Core.TestFramework, Version=1.0.0.0, Culture=neutral, PublicKeyToken=6a281e58f0dfecb7' uses 'Azure.Core, Version=1.15.0.0, Culture=neutral, PublicKeyToken=92742159e12e44c8' which has a higher version than referenced assembly 'Azure.Core' with identity 'Azure.Core, Version=1.14.0.0, Culture=neutral, PublicKeyToken=92742159e12e44c8'
error CS1705: Assembly 'Azure.Core.TestFramework' with identity 'Azure.Core.TestFramework, Version=1.0.0.0, Culture=neutral, PublicKeyToken=6a281e58f0dfecb7' uses 'Azure.Core, Version=1.15.0.0, Culture=neutral, PublicKeyToken=92742159e12e44c8' which has a higher version than referenced assembly 'Azure.Core' with identity 'Azure.Core, Version=1.14.0.0, Culture=neutral, PublicKeyToken=92742159e12e44c8'
error CS1705: Assembly 'Azure.Core.TestFramework' with identity 'Azure.Core.TestFramework, Version=1.0.0.0, Culture=neutral, PublicKeyToken=6a281e58f0dfecb7' uses 'Azure.Core, Version=1.15.0.0, Culture=neutral, PublicKeyToken=92742159e12e44c8' which has a higher version than referenced assembly 'Azure.Core' with identity 'Azure.Core, Version=1.14.0.0, Culture=neutral, PublicKeyToken=92742159e12e44c8'
error CS1705: Assembly 'Azure.Core.TestFramework' with identity 'Azure.Core.TestFramework, Version=1.0.0.0, Culture=neutral, PublicKeyToken=6a281e58f0dfecb7' uses 'Azure.Core, Version=1.15.0.0, Culture=neutral, PublicKeyToken=92742159e12e44c8' which has a higher version than referenced assembly 'Azure.Core' with identity 'Azure.Core, Version=1.14.0.0, Culture=neutral, PublicKeyToken=92742159e12e44c8'
error CS1705: Assembly 'Azure.Core.TestFramework' with identity 'Azure.Core.TestFramework, Version=1.0.0.0, Culture=neutral, PublicKeyToken=6a281e58f0dfecb7' uses 'Azure.Core, Version=1.15.0.0, Culture=neutral, PublicKeyToken=92742159e12e44c8' which has a higher version than referenced assembly 'Azure.Core' with identity 'Azure.Core, Version=1.14.0.0, Culture=neutral, PublicKeyToken=92742159e12e44c8'
C:\gh\azure-sdk-for-net\sdk\metricsadvisor\Azure.AI.MetricsAdvisor\tests\Models\DataFeedSourcesTests.cs(58,47): error CS1705: Assembly 'Azure.Core.TestFramework' with identity 'Azure.Core.TestFramework, Version=1.0.0.0, Culture=neutral, PublicKeyToken=6a281e58f0dfecb7' uses 'Azure.Core, Version=1.15.0.0, Culture=neutral, PublicKeyToken=92742159e12e44c8' which has a higher version than referenced assembly 'Azure.Core' with identity 'Azure.Core, Version=1.14.0.0, Culture=neutral, PublicKeyToken=92742159e12e44c8'
error CS1705: Assembly 'Azure.Core.TestFramework' with identity 'Azure.Core.TestFramework, Version=1.0.0.0, Culture=neutral, PublicKeyToken=6a281e58f0dfecb7' uses 'Azure.Core, Version=1.15.0.0, Culture=neutral, PublicKeyToken=92742159e12e44c8' which has a higher version than referenced assembly 'Azure.Core' with identity 'Azure.Core, Version=1.14.0.0, Culture=neutral, PublicKeyToken=92742159e12e44c8'
error CS1705: Assembly 'Azure.Core.TestFramework' with identity 'Azure.Core.TestFramework, Version=1.0.0.0, Culture=neutral, PublicKeyToken=6a281e58f0dfecb7' uses 'Azure.Core, Version=1.15.0.0, Culture=neutral, PublicKeyToken=92742159e12e44c8' which has a higher version than referenced assembly 'Azure.Core' with identity 'Azure.Core, Version=1.14.0.0, Culture=neutral, PublicKeyToken=92742159e12e44c8'
C:\gh\azure-sdk-for-net\sdk\metricsadvisor\Azure.AI.MetricsAdvisor\tests\MetricsAdvisorAdministrationClient\NotificationHookLiveTests.cs(98,88): error CS0029: Cannot implicitly convert type 'System.Uri' to 'string'
C:\gh\azure-sdk-for-net\sdk\metricsadvisor\Azure.AI.MetricsAdvisor\tests\MetricsAdvisorAdministrationClient\NotificationHookLiveTests.cs(108,37): error CS1061: 'NotificationHook' does not contain a definition for 'AdministratorsEmails' and no accessible extension method 'AdministratorsEmails' accepting a first argument of type 'NotificationHook' could be found (are you missing a using directive or an assembly reference?)
C:\gh\azure-sdk-for-net\sdk\metricsadvisor\Azure.AI.MetricsAdvisor\tests\MetricsAdvisorAdministrationClient\NotificationHookLiveTests.cs(109,37): error CS1061: 'NotificationHook' does not contain a definition for 'AdministratorsEmails' and no accessible extension method 'AdministratorsEmails' accepting a first argument of type 'NotificationHook' could be found (are you missing a using directive or an assembly reference?)
C:\gh\azure-sdk-for-net\sdk\metricsadvisor\Azure.AI.MetricsAdvisor\tests\MetricsAdvisorAdministrationClient\NotificationHookLiveTests.cs(114,49): error CS1061: 'string' does not contain a definition for 'AbsoluteUri' and no accessible extension method 'AbsoluteUri' accepting a first argument of type 'string' could be found (are you missing a using directive or an assembly reference?)
C:\gh\azure-sdk-for-net\sdk\metricsadvisor\Azure.AI.MetricsAdvisor\tests\MetricsAdvisorClient\TimeSeriesTests.cs(47,63): error CS1061: 'MetricsAdvisorClient' does not contain a definition for 'GetMetricDimensionValuesAsync' and no accessible extension method 'GetMetricDimensionValuesAsync' accepting a first argument of type 'MetricsAdvisorClient' could be found (are you missing a using directive or an assembly reference?)
C:\gh\azure-sdk-for-net\sdk\metricsadvisor\Azure.AI.MetricsAdvisor\tests\MetricsAdvisorClient\TimeSeriesTests.cs(50,53): error CS1061: 'MetricsAdvisorClient' does not contain a definition for 'GetMetricDimensionValues' and no accessible extension method 'GetMetricDimensionValues' accepting a first argument of type 'MetricsAdvisorClient' could be found (are you missing a using directive or an assembly reference?)
C:\gh\azure-sdk-for-net\sdk\metricsadvisor\Azure.AI.MetricsAdvisor\tests\Samples\Sample08_QueryIncidentsAndRootCauses.cs(97,61): error CS1061: 'AnomalyIncident' does not contain a definition for 'DataFeedId' and no accessible extension method 'DataFeedId' accepting a first argument of type 'AnomalyIncident' could be found (are you missing a using directive or an assembly reference?)
C:\gh\azure-sdk-for-net\sdk\metricsadvisor\Azure.AI.MetricsAdvisor\tests\Samples\Sample08_QueryIncidentsAndRootCauses.cs(104,75): error CS1061: 'AnomalyIncident' does not contain a definition for 'ValueOfRootNode' and no accessible extension method 'ValueOfRootNode' accepting a first argument of type 'AnomalyIncident' could be found (are you missing a using directive or an assembly reference?)
C:\gh\azure-sdk-for-net\sdk\metricsadvisor\Azure.AI.MetricsAdvisor\tests\Samples\Sample08_QueryIncidentsAndRootCauses.cs(106,30): error CS1061: 'AnomalyIncident' does not contain a definition for 'ExpectedValueOfRootNode' and no accessible extension method 'ExpectedValueOfRootNode' accepting a first argument of type 'AnomalyIncident' could be found (are you missing a using directive or an assembly reference?)
C:\gh\azure-sdk-for-net\sdk\metricsadvisor\Azure.AI.MetricsAdvisor\tests\Samples\Sample08_QueryIncidentsAndRootCauses.cs(108,88): error CS1061: 'AnomalyIncident' does not contain a definition for 'ExpectedValueOfRootNode' and no accessible extension method 'ExpectedValueOfRootNode' accepting a first argument of type 'AnomalyIncident' could be found (are you missing a using directive or an assembly reference?)
C:\gh\azure-sdk-for-net\sdk\metricsadvisor\Azure.AI.MetricsAdvisor\tests\Samples\Sample08_QueryIncidentsAndRootCauses.cs(113,80): error CS1061: 'AnomalyIncident' does not contain a definition for 'RootDimensionKey' and no accessible extension method 'RootDimensionKey' accepting a first argument of type 'AnomalyIncident' could be found (are you missing a using directive or an assembly reference?)
C:\gh\azure-sdk-for-net\sdk\metricsadvisor\Azure.AI.MetricsAdvisor\tests\MetricsAdvisorClient\AnomalyDetectionTests.cs(143,40): error CS7036: There is no argument given that corresponds to the required formal parameter 'expectedValueOfRootNode' of 'IncidentProperty.IncidentProperty(AnomalySeverity, AnomalyIncidentStatus, double?, double?)'
C:\gh\azure-sdk-for-net\sdk\metricsadvisor\Azure.AI.MetricsAdvisor\tests\MetricsAdvisorClient\AnomalyDetectionTests.cs(144,32): error CS1729: 'AnomalyIncident' does not contain a constructor that takes 8 arguments
C:\gh\azure-sdk-for-net\sdk\metricsadvisor\Azure.AI.MetricsAdvisor\tests\MetricsAdvisorClient\AnomalyDetectionLiveTests.cs(373,40): error CS1061: 'MetricEnrichedSeriesData' does not contain a definition for 'MetricValues' and no accessible extension method 'MetricValues' accepting a first argument of type 'MetricEnrichedSeriesData' could be found (are you missing a using directive or an assembly reference?)
C:\gh\azure-sdk-for-net\sdk\metricsadvisor\Azure.AI.MetricsAdvisor\tests\MetricsAdvisorClient\AnomalyDetectionLiveTests.cs(374,40): error CS1061: 'MetricEnrichedSeriesData' does not contain a definition for 'ExpectedMetricValues' and no accessible extension method 'ExpectedMetricValues' accepting a first argument of type 'MetricEnrichedSeriesData' could be found (are you missing a using directive or an assembly reference?)
C:\gh\azure-sdk-for-net\sdk\metricsadvisor\Azure.AI.MetricsAdvisor\tests\MetricsAdvisorClient\AnomalyDetectionLiveTests.cs(377,40): error CS1061: 'MetricEnrichedSeriesData' does not contain a definition for 'LowerBoundaryValues' and no accessible extension method 'LowerBoundaryValues' accepting a first argument of type 'MetricEnrichedSeriesData' could be found (are you missing a using directive or an assembly reference?)
C:\gh\azure-sdk-for-net\sdk\metricsadvisor\Azure.AI.MetricsAdvisor\tests\MetricsAdvisorClient\AnomalyDetectionLiveTests.cs(378,40): error CS1061: 'MetricEnrichedSeriesData' does not contain a definition for 'UpperBoundaryValues' and no accessible extension method 'UpperBoundaryValues' accepting a first argument of type 'MetricEnrichedSeriesData' could be found (are you missing a using directive or an assembly reference?)
C:\gh\azure-sdk-for-net\sdk\metricsadvisor\Azure.AI.MetricsAdvisor\tests\MetricsAdvisorClient\AnomalyDetectionLiveTests.cs(382,40): error CS1061: 'MetricEnrichedSeriesData' does not contain a definition for 'MetricValues' and no accessible extension method 'MetricValues' accepting a first argument of type 'MetricEnrichedSeriesData' could be found (are you missing a using directive or an assembly reference?)
C:\gh\azure-sdk-for-net\sdk\metricsadvisor\Azure.AI.MetricsAdvisor\tests\MetricsAdvisorClient\AnomalyDetectionLiveTests.cs(383,40): error CS1061: 'MetricEnrichedSeriesData' does not contain a definition for 'ExpectedMetricValues' and no accessible extension method 'ExpectedMetricValues' accepting a first argument of type 'MetricEnrichedSeriesData' could be found (are you missing a using directive or an assembly reference?)
C:\gh\azure-sdk-for-net\sdk\metricsadvisor\Azure.AI.MetricsAdvisor\tests\MetricsAdvisorClient\AnomalyDetectionLiveTests.cs(386,40): error CS1061: 'MetricEnrichedSeriesData' does not contain a definition for 'LowerBoundaryValues' and no accessible extension method 'LowerBoundaryValues' accepting a first argument of type 'MetricEnrichedSeriesData' could be found (are you missing a using directive or an assembly reference?)
C:\gh\azure-sdk-for-net\sdk\metricsadvisor\Azure.AI.MetricsAdvisor\tests\MetricsAdvisorClient\AnomalyDetectionLiveTests.cs(387,40): error CS1061: 'MetricEnrichedSeriesData' does not contain a definition for 'UpperBoundaryValues' and no accessible extension method 'UpperBoundaryValues' accepting a first argument of type 'MetricEnrichedSeriesData' could be found (are you missing a using directive or an assembly reference?)
C:\gh\azure-sdk-for-net\sdk\metricsadvisor\Azure.AI.MetricsAdvisor\tests\MetricsAdvisorClient\TimeSeriesLiveTests.cs(166,40): error CS1061: 'MetricSeriesData' does not contain a definition for 'MetricValues' and no accessible extension method 'MetricValues' accepting a first argument of type 'MetricSeriesData' could be found (are you missing a using directive or an assembly reference?)
C:\gh\azure-sdk-for-net\sdk\metricsadvisor\Azure.AI.MetricsAdvisor\tests\MetricsAdvisorClient\TimeSeriesLiveTests.cs(170,80): error CS1061: 'MetricSeriesData' does not contain a definition for 'MetricValues' and no accessible extension method 'MetricValues' accepting a first argument of type 'MetricSeriesData' could be found (are you missing a using directive or an assembly reference?)
C:\gh\azure-sdk-for-net\sdk\metricsadvisor\Azure.AI.MetricsAdvisor\tests\MetricsAdvisorClient\AnomalyDetectionLiveTests.cs(407,35): error CS1061: 'IncidentRootCause' does not contain a definition for 'ContributionScore' and no accessible extension method 'ContributionScore' accepting a first argument of type 'IncidentRootCause' could be found (are you missing a using directive or an assembly reference?)
C:\gh\azure-sdk-for-net\sdk\metricsadvisor\Azure.AI.MetricsAdvisor\tests\MetricsAdvisorClient\AnomalyDetectionLiveTests.cs(414,41): error CS1061: 'IncidentRootCause' does not contain a definition for 'SeriesKey' and no accessible extension method 'SeriesKey' accepting a first argument of type 'IncidentRootCause' could be found (are you missing a using directive or an assembly reference?)
C:\gh\azure-sdk-for-net\sdk\metricsadvisor\Azure.AI.MetricsAdvisor\tests\Samples\Sample08_QueryIncidentsAndRootCauses.cs(146,55): error CS1061: 'IncidentRootCause' does not contain a definition for 'ContributionScore' and no accessible extension method 'ContributionScore' accepting a first argument of type 'IncidentRootCause' could be found (are you missing a using directive or an assembly reference?)
C:\gh\azure-sdk-for-net\sdk\metricsadvisor\Azure.AI.MetricsAdvisor\tests\Samples\Sample08_QueryIncidentsAndRootCauses.cs(156,81): error CS1061: 'IncidentRootCause' does not contain a definition for 'SeriesKey' and no accessible extension method 'SeriesKey' accepting a first argument of type 'IncidentRootCause' could be found (are you missing a using directive or an assembly reference?)
C:\gh\azure-sdk-for-net\sdk\metricsadvisor\Azure.AI.MetricsAdvisor\tests\MetricsAdvisorAdministrationClient\NotificationHookLiveTests.cs(140,28): error CS0029: Cannot implicitly convert type 'System.Uri' to 'string'
C:\gh\azure-sdk-for-net\sdk\metricsadvisor\Azure.AI.MetricsAdvisor\tests\MetricsAdvisorAdministrationClient\NotificationHookLiveTests.cs(142,32): error CS0029: Cannot implicitly convert type 'System.Uri' to 'string'
C:\gh\azure-sdk-for-net\sdk\metricsadvisor\Azure.AI.MetricsAdvisor\tests\MetricsAdvisorAdministrationClient\NotificationHookLiveTests.cs(161,50): error CS1061: 'string' does not contain a definition for 'AbsoluteUri' and no accessible extension method 'AbsoluteUri' accepting a first argument of type 'string' could be found (are you missing a using directive or an assembly reference?)
C:\gh\azure-sdk-for-net\sdk\metricsadvisor\Azure.AI.MetricsAdvisor\tests\MetricsAdvisorAdministrationClient\NotificationHookLiveTests.cs(162,37): error CS1061: 'NotificationHook' does not contain a definition for 'AdministratorsEmails' and no accessible extension method 'AdministratorsEmails' accepting a first argument of type 'NotificationHook' could be found (are you missing a using directive or an assembly reference?)
C:\gh\azure-sdk-for-net\sdk\metricsadvisor\Azure.AI.MetricsAdvisor\tests\MetricsAdvisorAdministrationClient\NotificationHookLiveTests.cs(163,37): error CS1061: 'NotificationHook' does not contain a definition for 'AdministratorsEmails' and no accessible extension method 'AdministratorsEmails' accepting a first argument of type 'NotificationHook' could be found (are you missing a using directive or an assembly reference?)
C:\gh\azure-sdk-for-net\sdk\metricsadvisor\Azure.AI.MetricsAdvisor\tests\Samples\Sample09_QueryTimeSeriesInformation.cs(28,31): error CS0246: The type or namespace name 'GetMetricDimensionValuesOptions' could not be found (are you missing a using directive or an assembly reference?)
C:\gh\azure-sdk-for-net\sdk\metricsadvisor\Azure.AI.MetricsAdvisor\tests\Samples\Sample09_QueryTimeSeriesInformation.cs(34,60): error CS1061: 'MetricsAdvisorClient' does not contain a definition for 'GetMetricDimensionValuesAsync' and no accessible extension method 'GetMetricDimensionValuesAsync' accepting a first argument of type 'MetricsAdvisorClient' could be found (are you missing a using directive or an assembly reference?)
C:\gh\azure-sdk-for-net\sdk\metricsadvisor\Azure.AI.MetricsAdvisor\tests\MetricsAdvisorAdministrationClient\DatasourceCredentialTests.cs(50,43): error CS1061: 'MetricsAdvisorAdministrationClient' does not contain a definition for 'UpdateDatasourceCredentialAsync' and no accessible extension method 'UpdateDatasourceCredentialAsync' accepting a first argument of type 'MetricsAdvisorAdministrationClient' could be found (are you missing a using directive or an assembly reference?)
C:\gh\azure-sdk-for-net\sdk\metricsadvisor\Azure.AI.MetricsAdvisor\tests\MetricsAdvisorAdministrationClient\DatasourceCredentialTests.cs(51,43): error CS1061: 'MetricsAdvisorAdministrationClient' does not contain a definition for 'UpdateDatasourceCredential' and no accessible extension method 'UpdateDatasourceCredential' accepting a first argument of type 'MetricsAdvisorAdministrationClient' could be found (are you missing a using directive or an assembly reference?)
C:\gh\azure-sdk-for-net\sdk\metricsadvisor\Azure.AI.MetricsAdvisor\tests\MetricsAdvisorAdministrationClient\DatasourceCredentialTests.cs(53,44): error CS0246: The type or namespace name 'ServicePrincipalDatasourceCredential' could not be found (are you missing a using directive or an assembly reference?)
C:\gh\azure-sdk-for-net\sdk\metricsadvisor\Azure.AI.MetricsAdvisor\tests\MetricsAdvisorAdministrationClient\DatasourceCredentialTests.cs(55,43): error CS1061: 'MetricsAdvisorAdministrationClient' does not contain a definition for 'UpdateDatasourceCredentialAsync' and no accessible extension method 'UpdateDatasourceCredentialAsync' accepting a first argument of type 'MetricsAdvisorAdministrationClient' could be found (are you missing a using directive or an assembly reference?)
C:\gh\azure-sdk-for-net\sdk\metricsadvisor\Azure.AI.MetricsAdvisor\tests\MetricsAdvisorAdministrationClient\DatasourceCredentialTests.cs(56,43): error CS1061: 'MetricsAdvisorAdministrationClient' does not contain a definition for 'UpdateDatasourceCredential' and no accessible extension method 'UpdateDatasourceCredential' accepting a first argument of type 'MetricsAdvisorAdministrationClient' could be found (are you missing a using directive or an assembly reference?)
C:\gh\azure-sdk-for-net\sdk\metricsadvisor\Azure.AI.MetricsAdvisor\tests\MetricsAdvisorAdministrationClient\DatasourceCredentialTests.cs(64,34): error CS0246: The type or namespace name 'ServicePrincipalDatasourceCredential' could not be found (are you missing a using directive or an assembly reference?)
C:\gh\azure-sdk-for-net\sdk\metricsadvisor\Azure.AI.MetricsAdvisor\tests\MetricsAdvisorAdministrationClient\DatasourceCredentialTests.cs(64,112): error CS7036: There is no argument given that corresponds to the required formal parameter 'tenantId' of 'ServicePrincipalParam.ServicePrincipalParam(string, string, string)'
C:\gh\azure-sdk-for-net\sdk\metricsadvisor\Azure.AI.MetricsAdvisor\tests\MetricsAdvisorAdministrationClient\DatasourceCredentialTests.cs(69,43): error CS1061: 'MetricsAdvisorAdministrationClient' does not contain a definition for 'UpdateDatasourceCredentialAsync' and no accessible extension method 'UpdateDatasourceCredentialAsync' accepting a first argument of type 'MetricsAdvisorAdministrationClient' could be found (are you missing a using directive or an assembly reference?)
C:\gh\azure-sdk-for-net\sdk\metricsadvisor\Azure.AI.MetricsAdvisor\tests\MetricsAdvisorAdministrationClient\DatasourceCredentialTests.cs(70,43): error CS1061: 'MetricsAdvisorAdministrationClient' does not contain a definition for 'UpdateDatasourceCredential' and no accessible extension method 'UpdateDatasourceCredential' accepting a first argument of type 'MetricsAdvisorAdministrationClient' could be found (are you missing a using directive or an assembly reference?)
C:\gh\azure-sdk-for-net\sdk\metricsadvisor\Azure.AI.MetricsAdvisor\tests\MetricsAdvisorClient\AnomalyDetectionTests.cs(161,31): error CS0246: The type or namespace name 'GetAnomalyDimensionValuesOptions' could not be found (are you missing a using directive or an assembly reference?)
C:\gh\azure-sdk-for-net\sdk\metricsadvisor\Azure.AI.MetricsAdvisor\tests\MetricsAdvisorClient\AnomalyDetectionTests.cs(163,38): error CS1061: 'MetricsAdvisorClient' does not contain a definition for 'GetAnomalyDimensionValuesAsync' and no accessible extension method 'GetAnomalyDimensionValuesAsync' accepting a first argument of type 'MetricsAdvisorClient' could be found (are you missing a using directive or an assembly reference?)
C:\gh\azure-sdk-for-net\sdk\metricsadvisor\Azure.AI.MetricsAdvisor\tests\MetricsAdvisorClient\AnomalyDetectionTests.cs(164,38): error CS1061: 'MetricsAdvisorClient' does not contain a definition for 'GetAnomalyDimensionValuesAsync' and no accessible extension method 'GetAnomalyDimensionValuesAsync' accepting a first argument of type 'MetricsAdvisorClient' could be found (are you missing a using directive or an assembly reference?)
C:\gh\azure-sdk-for-net\sdk\metricsadvisor\Azure.AI.MetricsAdvisor\tests\MetricsAdvisorClient\AnomalyDetectionTests.cs(165,38): error CS1061: 'MetricsAdvisorClient' does not contain a definition for 'GetAnomalyDimensionValuesAsync' and no accessible extension method 'GetAnomalyDimensionValuesAsync' accepting a first argument of type 'MetricsAdvisorClient' could be found (are you missing a using directive or an assembly reference?)
C:\gh\azure-sdk-for-net\sdk\metricsadvisor\Azure.AI.MetricsAdvisor\tests\MetricsAdvisorClient\AnomalyDetectionTests.cs(166,38): error CS1061: 'MetricsAdvisorClient' does not contain a definition for 'GetAnomalyDimensionValuesAsync' and no accessible extension method 'GetAnomalyDimensionValuesAsync' accepting a first argument of type 'MetricsAdvisorClient' could be found (are you missing a using directive or an assembly reference?)
C:\gh\azure-sdk-for-net\sdk\metricsadvisor\Azure.AI.MetricsAdvisor\tests\MetricsAdvisorClient\AnomalyDetectionTests.cs(167,38): error CS1061: 'MetricsAdvisorClient' does not contain a definition for 'GetAnomalyDimensionValuesAsync' and no accessible extension method 'GetAnomalyDimensionValuesAsync' accepting a first argument of type 'MetricsAdvisorClient' could be found (are you missing a using directive or an assembly reference?)
C:\gh\azure-sdk-for-net\sdk\metricsadvisor\Azure.AI.MetricsAdvisor\tests\MetricsAdvisorClient\AnomalyDetectionTests.cs(168,38): error CS1061: 'MetricsAdvisorClient' does not contain a definition for 'GetAnomalyDimensionValuesAsync' and no accessible extension method 'GetAnomalyDimensionValuesAsync' accepting a first argument of type 'MetricsAdvisorClient' could be found (are you missing a using directive or an assembly reference?)
C:\gh\azure-sdk-for-net\sdk\metricsadvisor\Azure.AI.MetricsAdvisor\tests\MetricsAdvisorClient\AnomalyDetectionTests.cs(170,38): error CS1061: 'MetricsAdvisorClient' does not contain a definition for 'GetAnomalyDimensionValues' and no accessible extension method 'GetAnomalyDimensionValues' accepting a first argument of type 'MetricsAdvisorClient' could be found (are you missing a using directive or an assembly reference?)
C:\gh\azure-sdk-for-net\sdk\metricsadvisor\Azure.AI.MetricsAdvisor\tests\MetricsAdvisorClient\AnomalyDetectionTests.cs(171,38): error CS1061: 'MetricsAdvisorClient' does not contain a definition for 'GetAnomalyDimensionValues' and no accessible extension method 'GetAnomalyDimensionValues' accepting a first argument of type 'MetricsAdvisorClient' could be found (are you missing a using directive or an assembly reference?)
C:\gh\azure-sdk-for-net\sdk\metricsadvisor\Azure.AI.MetricsAdvisor\tests\MetricsAdvisorClient\AnomalyDetectionTests.cs(172,38): error CS1061: 'MetricsAdvisorClient' does not contain a definition for 'GetAnomalyDimensionValues' and no accessible extension method 'GetAnomalyDimensionValues' accepting a first argument of type 'MetricsAdvisorClient' could be found (are you missing a using directive or an assembly reference?)
C:\gh\azure-sdk-for-net\sdk\metricsadvisor\Azure.AI.MetricsAdvisor\tests\MetricsAdvisorClient\AnomalyDetectionTests.cs(173,38): error CS1061: 'MetricsAdvisorClient' does not contain a definition for 'GetAnomalyDimensionValues' and no accessible extension method 'GetAnomalyDimensionValues' accepting a first argument of type 'MetricsAdvisorClient' could be found (are you missing a using directive or an assembly reference?)
C:\gh\azure-sdk-for-net\sdk\metricsadvisor\Azure.AI.MetricsAdvisor\tests\MetricsAdvisorClient\AnomalyDetectionTests.cs(174,38): error CS1061: 'MetricsAdvisorClient' does not contain a definition for 'GetAnomalyDimensionValues' and no accessible extension method 'GetAnomalyDimensionValues' accepting a first argument of type 'MetricsAdvisorClient' could be found (are you missing a using directive or an assembly reference?)
C:\gh\azure-sdk-for-net\sdk\metricsadvisor\Azure.AI.MetricsAdvisor\tests\MetricsAdvisorClient\AnomalyDetectionTests.cs(175,38): error CS1061: 'MetricsAdvisorClient' does not contain a definition for 'GetAnomalyDimensionValues' and no accessible extension method 'GetAnomalyDimensionValues' accepting a first argument of type 'MetricsAdvisorClient' could be found (are you missing a using directive or an assembly reference?)
C:\gh\azure-sdk-for-net\sdk\metricsadvisor\Azure.AI.MetricsAdvisor\tests\MetricsAdvisorAdministrationClient\DatasourceCredentialTests.cs(78,43): error CS1061: 'MetricsAdvisorAdministrationClient' does not contain a definition for 'GetDatasourceCredentialAsync' and no accessible extension method 'GetDatasourceCredentialAsync' accepting a first argument of type 'MetricsAdvisorAdministrationClient' could be found (are you missing a using directive or an assembly reference?)
C:\gh\azure-sdk-for-net\sdk\metricsadvisor\Azure.AI.MetricsAdvisor\tests\MetricsAdvisorAdministrationClient\DatasourceCredentialTests.cs(79,43): error CS1061: 'MetricsAdvisorAdministrationClient' does not contain a definition for 'GetDatasourceCredentialAsync' and no accessible extension method 'GetDatasourceCredentialAsync' accepting a first argument of type 'MetricsAdvisorAdministrationClient' could be found (are you missing a using directive or an assembly reference?)
C:\gh\azure-sdk-for-net\sdk\metricsadvisor\Azure.AI.MetricsAdvisor\tests\MetricsAdvisorAdministrationClient\DatasourceCredentialTests.cs(80,43): error CS1061: 'MetricsAdvisorAdministrationClient' does not contain a definition for 'GetDatasourceCredentialAsync' and no accessible extension method 'GetDatasourceCredentialAsync' accepting a first argument of type 'MetricsAdvisorAdministrationClient' could be found (are you missing a using directive or an assembly reference?)
C:\gh\azure-sdk-for-net\sdk\metricsadvisor\Azure.AI.MetricsAdvisor\tests\MetricsAdvisorAdministrationClient\DatasourceCredentialTests.cs(82,43): error CS1061: 'MetricsAdvisorAdministrationClient' does not contain a definition for 'GetDatasourceCredential' and no accessible extension method 'GetDatasourceCredential' accepting a first argument of type 'MetricsAdvisorAdministrationClient' could be found (are you missing a using directive or an assembly reference?)
C:\gh\azure-sdk-for-net\sdk\metricsadvisor\Azure.AI.MetricsAdvisor\tests\MetricsAdvisorAdministrationClient\DatasourceCredentialTests.cs(83,43): error CS1061: 'MetricsAdvisorAdministrationClient' does not contain a definition for 'GetDatasourceCredential' and no accessible extension method 'GetDatasourceCredential' accepting a first argument of type 'MetricsAdvisorAdministrationClient' could be found (are you missing a using directive or an assembly reference?)
C:\gh\azure-sdk-for-net\sdk\metricsadvisor\Azure.AI.MetricsAdvisor\tests\MetricsAdvisorAdministrationClient\DatasourceCredentialTests.cs(84,43): error CS1061: 'MetricsAdvisorAdministrationClient' does not contain a definition for 'GetDatasourceCredential' and no accessible extension method 'GetDatasourceCredential' accepting a first argument of type 'MetricsAdvisorAdministrationClient' could be found (are you missing a using directive or an assembly reference?)
C:\gh\azure-sdk-for-net\sdk\metricsadvisor\Azure.AI.MetricsAdvisor\tests\MetricsAdvisorClient\AnomalyDetectionTests.cs(183,31): error CS0246: The type or namespace name 'GetAnomalyDimensionValuesOptions' could not be found (are you missing a using directive or an assembly reference?)
C:\gh\azure-sdk-for-net\sdk\metricsadvisor\Azure.AI.MetricsAdvisor\tests\MetricsAdvisorClient\AnomalyDetectionTests.cs(188,63): error CS1061: 'MetricsAdvisorClient' does not contain a definition for 'GetAnomalyDimensionValuesAsync' and no accessible extension method 'GetAnomalyDimensionValuesAsync' accepting a first argument of type 'MetricsAdvisorClient' could be found (are you missing a using directive or an assembly reference?)
C:\gh\azure-sdk-for-net\sdk\metricsadvisor\Azure.AI.MetricsAdvisor\tests\MetricsAdvisorClient\AnomalyDetectionTests.cs(191,53): error CS1061: 'MetricsAdvisorClient' does not contain a definition for 'GetAnomalyDimensionValues' and no accessible extension method 'GetAnomalyDimensionValues' accepting a first argument of type 'MetricsAdvisorClient' could be found (are you missing a using directive or an assembly reference?)
C:\gh\azure-sdk-for-net\sdk\metricsadvisor\Azure.AI.MetricsAdvisor\tests\MetricsAdvisorAdministrationClient\DatasourceCredentialTests.cs(95,43): error CS1061: 'MetricsAdvisorAdministrationClient' does not contain a definition for 'GetDatasourceCredentialAsync' and no accessible extension method 'GetDatasourceCredentialAsync' accepting a first argument of type 'MetricsAdvisorAdministrationClient' could be found (are you missing a using directive or an assembly reference?)
C:\gh\azure-sdk-for-net\sdk\metricsadvisor\Azure.AI.MetricsAdvisor\tests\MetricsAdvisorAdministrationClient\DatasourceCredentialTests.cs(96,43): error CS1061: 'MetricsAdvisorAdministrationClient' does not contain a definition for 'GetDatasourceCredential' and no accessible extension method 'GetDatasourceCredential' accepting a first argument of type 'MetricsAdvisorAdministrationClient' could be found (are you missing a using directive or an assembly reference?)
C:\gh\azure-sdk-for-net\sdk\metricsadvisor\Azure.AI.MetricsAdvisor\tests\MetricsAdvisorAdministrationClient\DatasourceCredentialTests.cs(107,30): error CS0246: The type or namespace name 'DatasourceCredential' could not be found (are you missing a using directive or an assembly reference?)
C:\gh\azure-sdk-for-net\sdk\metricsadvisor\Azure.AI.MetricsAdvisor\tests\MetricsAdvisorAdministrationClient\DatasourceCredentialTests.cs(107,82): error CS1061: 'MetricsAdvisorAdministrationClient' does not contain a definition for 'GetDatasourceCredentialsAsync' and no accessible extension method 'GetDatasourceCredentialsAsync' accepting a first argument of type 'MetricsAdvisorAdministrationClient' could be found (are you missing a using directive or an assembly reference?)
C:\gh\azure-sdk-for-net\sdk\metricsadvisor\Azure.AI.MetricsAdvisor\tests\MetricsAdvisorAdministrationClient\DatasourceCredentialTests.cs(110,25): error CS0246: The type or namespace name 'DatasourceCredential' could not be found (are you missing a using directive or an assembly reference?)
C:\gh\azure-sdk-for-net\sdk\metricsadvisor\Azure.AI.MetricsAdvisor\tests\MetricsAdvisorAdministrationClient\DatasourceCredentialTests.cs(110,72): error CS1061: 'MetricsAdvisorAdministrationClient' does not contain a definition for 'GetDatasourceCredentials' and no accessible extension method 'GetDatasourceCredentials' accepting a first argument of type 'MetricsAdvisorAdministrationClient' could be found (are you missing a using directive or an assembly reference?)
C:\gh\azure-sdk-for-net\sdk\metricsadvisor\Azure.AI.MetricsAdvisor\tests\MetricsAdvisorAdministrationClient\DatasourceCredentialTests.cs(119,43): error CS1061: 'MetricsAdvisorAdministrationClient' does not contain a definition for 'DeleteDatasourceCredentialAsync' and no accessible extension method 'DeleteDatasourceCredentialAsync' accepting a first argument of type 'MetricsAdvisorAdministrationClient' could be found (are you missing a using directive or an assembly reference?)
C:\gh\azure-sdk-for-net\sdk\metricsadvisor\Azure.AI.MetricsAdvisor\tests\MetricsAdvisorAdministrationClient\DatasourceCredentialTests.cs(120,43): error CS1061: 'MetricsAdvisorAdministrationClient' does not contain a definition for 'DeleteDatasourceCredentialAsync' and no accessible extension method 'DeleteDatasourceCredentialAsync' accepting a first argument of type 'MetricsAdvisorAdministrationClient' could be found (are you missing a using directive or an assembly reference?)
C:\gh\azure-sdk-for-net\sdk\metricsadvisor\Azure.AI.MetricsAdvisor\tests\MetricsAdvisorAdministrationClient\DatasourceCredentialTests.cs(121,43): error CS1061: 'MetricsAdvisorAdministrationClient' does not contain a definition for 'DeleteDatasourceCredentialAsync' and no accessible extension method 'DeleteDatasourceCredentialAsync' accepting a first argument of type 'MetricsAdvisorAdministrationClient' could be found (are you missing a using directive or an assembly reference?)
C:\gh\azure-sdk-for-net\sdk\metricsadvisor\Azure.AI.MetricsAdvisor\tests\MetricsAdvisorAdministrationClient\DatasourceCredentialTests.cs(123,43): error CS1061: 'MetricsAdvisorAdministrationClient' does not contain a definition for 'DeleteDatasourceCredential' and no accessible extension method 'DeleteDatasourceCredential' accepting a first argument of type 'MetricsAdvisorAdministrationClient' could be found (are you missing a using directive or an assembly reference?)
C:\gh\azure-sdk-for-net\sdk\metricsadvisor\Azure.AI.MetricsAdvisor\tests\MetricsAdvisorAdministrationClient\DatasourceCredentialTests.cs(124,43): error CS1061: 'MetricsAdvisorAdministrationClient' does not contain a definition for 'DeleteDatasourceCredential' and no accessible extension method 'DeleteDatasourceCredential' accepting a first argument of type 'MetricsAdvisorAdministrationClient' could be found (are you missing a using directive or an assembly reference?)
C:\gh\azure-sdk-for-net\sdk\metricsadvisor\Azure.AI.MetricsAdvisor\tests\MetricsAdvisorAdministrationClient\DatasourceCredentialTests.cs(125,43): error CS1061: 'MetricsAdvisorAdministrationClient' does not contain a definition for 'DeleteDatasourceCredential' and no accessible extension method 'DeleteDatasourceCredential' accepting a first argument of type 'MetricsAdvisorAdministrationClient' could be found (are you missing a using directive or an assembly reference?)
C:\gh\azure-sdk-for-net\sdk\metricsadvisor\Azure.AI.MetricsAdvisor\tests\MetricsAdvisorAdministrationClient\DatasourceCredentialTests.cs(136,43): error CS1061: 'MetricsAdvisorAdministrationClient' does not contain a definition for 'DeleteDatasourceCredentialAsync' and no accessible extension method 'DeleteDatasourceCredentialAsync' accepting a first argument of type 'MetricsAdvisorAdministrationClient' could be found (are you missing a using directive or an assembly reference?)
C:\gh\azure-sdk-for-net\sdk\metricsadvisor\Azure.AI.MetricsAdvisor\tests\MetricsAdvisorAdministrationClient\DatasourceCredentialTests.cs(137,43): error CS1061: 'MetricsAdvisorAdministrationClient' does not contain a definition for 'DeleteDatasourceCredential' and no accessible extension method 'DeleteDatasourceCredential' accepting a first argument of type 'MetricsAdvisorAdministrationClient' could be found (are you missing a using directive or an assembly reference?)
C:\gh\azure-sdk-for-net\sdk\metricsadvisor\Azure.AI.MetricsAdvisor\tests\MetricsAdvisorAdministrationClient\AnomalyDetectionConfigurationLiveTests.cs(393,31): error CS7036: There is no argument given that corresponds to the required formal parameter 'detectionConfiguration' of 'MetricsAdvisorAdministrationClient.UpdateDetectionConfigurationAsync(string, AnomalyDetectionConfiguration, CancellationToken)'
C:\gh\azure-sdk-for-net\sdk\metricsadvisor\Azure.AI.MetricsAdvisor\tests\MetricsAdvisorAdministrationClient\AnomalyAlertConfigurationLiveTests.cs(197,25): error CS0117: 'MetricBoundaryCondition' does not contain a definition for 'ShouldAlertIfDataPointMissing'
C:\gh\azure-sdk-for-net\sdk\metricsadvisor\Azure.AI.MetricsAdvisor\tests\MetricsAdvisorAdministrationClient\AnomalyAlertConfigurationLiveTests.cs(242,90): error CS1061: 'MetricBoundaryCondition' does not contain a definition for 'ShouldAlertIfDataPointMissing' and no accessible extension method 'ShouldAlertIfDataPointMissing' accepting a first argument of type 'MetricBoundaryCondition' could be found (are you missing a using directive or an assembly reference?)
C:\gh\azure-sdk-for-net\sdk\metricsadvisor\Azure.AI.MetricsAdvisor\tests\MetricsAdvisorAdministrationClient\AnomalyDetectionConfigurationLiveTests.cs(515,31): error CS7036: There is no argument given that corresponds to the required formal parameter 'detectionConfiguration' of 'MetricsAdvisorAdministrationClient.UpdateDetectionConfigurationAsync(string, AnomalyDetectionConfiguration, CancellationToken)'
C:\gh\azure-sdk-for-net\sdk\metricsadvisor\Azure.AI.MetricsAdvisor\tests\MetricsAdvisorAdministrationClient\AnomalyAlertConfigurationLiveTests.cs(321,91): error CS1061: 'MetricBoundaryCondition' does not contain a definition for 'ShouldAlertIfDataPointMissing' and no accessible extension method 'ShouldAlertIfDataPointMissing' accepting a first argument of type 'MetricBoundaryCondition' could be found (are you missing a using directive or an assembly reference?)
C:\gh\azure-sdk-for-net\sdk\metricsadvisor\Azure.AI.MetricsAdvisor\tests\MetricsAdvisorAdministrationClient\AnomalyAlertConfigurationLiveTests.cs(344,91): error CS1061: 'MetricBoundaryCondition' does not contain a definition for 'ShouldAlertIfDataPointMissing' and no accessible extension method 'ShouldAlertIfDataPointMissing' accepting a first argument of type 'MetricBoundaryCondition' could be found (are you missing a using directive or an assembly reference?)
C:\gh\azure-sdk-for-net\sdk\metricsadvisor\Azure.AI.MetricsAdvisor\tests\MetricsAdvisorAdministrationClient\AnomalyDetectionConfigurationLiveTests.cs(655,31): error CS7036: There is no argument given that corresponds to the required formal parameter 'detectionConfiguration' of 'MetricsAdvisorAdministrationClient.UpdateDetectionConfigurationAsync(string, AnomalyDetectionConfiguration, CancellationToken)'
C:\gh\azure-sdk-for-net\sdk\metricsadvisor\Azure.AI.MetricsAdvisor\tests\MetricsAdvisorAdministrationClient\NotificationHookLiveTests.cs(212,42): error CS1061: 'EmailNotificationHook' does not contain a definition for 'AdministratorsEmails' and no accessible extension method 'AdministratorsEmails' accepting a first argument of type 'EmailNotificationHook' could be found (are you missing a using directive or an assembly reference?)
C:\gh\azure-sdk-for-net\sdk\metricsadvisor\Azure.AI.MetricsAdvisor\tests\MetricsAdvisorAdministrationClient\NotificationHookLiveTests.cs(213,42): error CS1061: 'EmailNotificationHook' does not contain a definition for 'AdministratorsEmails' and no accessible extension method 'AdministratorsEmails' accepting a first argument of type 'EmailNotificationHook' could be found (are you missing a using directive or an assembly reference?)
C:\gh\azure-sdk-for-net\sdk\metricsadvisor\Azure.AI.MetricsAdvisor\tests\Samples\Sample09_QueryTimeSeriesInformation.cs(62,31): error CS0246: The type or namespace name 'GetAnomalyDimensionValuesOptions' could not be found (are you missing a using directive or an assembly reference?)
C:\gh\azure-sdk-for-net\sdk\metricsadvisor\Azure.AI.MetricsAdvisor\tests\Samples\Sample09_QueryTimeSeriesInformation.cs(71,60): error CS1061: 'MetricsAdvisorClient' does not contain a definition for 'GetAnomalyDimensionValuesAsync' and no accessible extension method 'GetAnomalyDimensionValuesAsync' accepting a first argument of type 'MetricsAdvisorClient' could be found (are you missing a using directive or an assembly reference?)
C:\gh\azure-sdk-for-net\sdk\metricsadvisor\Azure.AI.MetricsAdvisor\tests\MetricsAdvisorAdministrationClient\NotificationHookLiveTests.cs(253,42): error CS1061: 'EmailNotificationHook' does not contain a definition for 'AdministratorsEmails' and no accessible extension method 'AdministratorsEmails' accepting a first argument of type 'EmailNotificationHook' could be found (are you missing a using directive or an assembly reference?)
C:\gh\azure-sdk-for-net\sdk\metricsadvisor\Azure.AI.MetricsAdvisor\tests\MetricsAdvisorAdministrationClient\NotificationHookLiveTests.cs(254,42): error CS1061: 'EmailNotificationHook' does not contain a definition for 'AdministratorsEmails' and no accessible extension method 'AdministratorsEmails' accepting a first argument of type 'EmailNotificationHook' could be found (are you missing a using directive or an assembly reference?)
C:\gh\azure-sdk-for-net\sdk\metricsadvisor\Azure.AI.MetricsAdvisor\tests\MetricsAdvisorAdministrationClient\AnomalyDetectionConfigurationLiveTests.cs(801,31): error CS7036: There is no argument given that corresponds to the required formal parameter 'detectionConfiguration' of 'MetricsAdvisorAdministrationClient.UpdateDetectionConfigurationAsync(string, AnomalyDetectionConfiguration, CancellationToken)'
C:\gh\azure-sdk-for-net\sdk\metricsadvisor\Azure.AI.MetricsAdvisor\tests\MetricsAdvisorAdministrationClient\AnomalyAlertConfigurationLiveTests.cs(376,25): error CS0117: 'MetricBoundaryCondition' does not contain a definition for 'ShouldAlertIfDataPointMissing'
C:\gh\azure-sdk-for-net\sdk\metricsadvisor\Azure.AI.MetricsAdvisor\tests\MetricsAdvisorAdministrationClient\AnomalyAlertConfigurationLiveTests.cs(407,31): error CS7036: There is no argument given that corresponds to the required formal parameter 'alertConfiguration' of 'MetricsAdvisorAdministrationClient.UpdateAlertConfigurationAsync(string, AnomalyAlertConfiguration, CancellationToken)'
C:\gh\azure-sdk-for-net\sdk\metricsadvisor\Azure.AI.MetricsAdvisor\tests\MetricsAdvisorAdministrationClient\AnomalyAlertConfigurationLiveTests.cs(438,91): error CS1061: 'MetricBoundaryCondition' does not contain a definition for 'ShouldAlertIfDataPointMissing' and no accessible extension method 'ShouldAlertIfDataPointMissing' accepting a first argument of type 'MetricBoundaryCondition' could be found (are you missing a using directive or an assembly reference?)
C:\gh\azure-sdk-for-net\sdk\metricsadvisor\Azure.AI.MetricsAdvisor\tests\Samples\Sample09_QueryTimeSeriesInformation.cs(198,72): error CS1061: 'MetricSeriesData' does not contain a definition for 'MetricValues' and no accessible extension method 'MetricValues' accepting a first argument of type 'MetricSeriesData' could be found (are you missing a using directive or an assembly reference?)
C:\gh\azure-sdk-for-net\sdk\metricsadvisor\Azure.AI.MetricsAdvisor\tests\MetricsAdvisorAdministrationClient\NotificationHookLiveTests.cs(282,41): error CS0029: Cannot implicitly convert type 'System.Uri' to 'string'
C:\gh\azure-sdk-for-net\sdk\metricsadvisor\Azure.AI.MetricsAdvisor\tests\MetricsAdvisorAdministrationClient\NotificationHookLiveTests.cs(294,55): error CS1061: 'string' does not contain a definition for 'AbsoluteUri' and no accessible extension method 'AbsoluteUri' accepting a first argument of type 'string' could be found (are you missing a using directive or an assembly reference?)
C:\gh\azure-sdk-for-net\sdk\metricsadvisor\Azure.AI.MetricsAdvisor\tests\MetricsAdvisorAdministrationClient\NotificationHookLiveTests.cs(295,42): error CS1061: 'EmailNotificationHook' does not contain a definition for 'AdministratorsEmails' and no accessible extension method 'AdministratorsEmails' accepting a first argument of type 'EmailNotificationHook' could be found (are you missing a using directive or an assembly reference?)
C:\gh\azure-sdk-for-net\sdk\metricsadvisor\Azure.AI.MetricsAdvisor\tests\MetricsAdvisorAdministrationClient\NotificationHookLiveTests.cs(296,42): error CS1061: 'EmailNotificationHook' does not contain a definition for 'AdministratorsEmails' and no accessible extension method 'AdministratorsEmails' accepting a first argument of type 'EmailNotificationHook' could be found (are you missing a using directive or an assembly reference?)
C:\gh\azure-sdk-for-net\sdk\metricsadvisor\Azure.AI.MetricsAdvisor\tests\MetricsAdvisorAdministrationClient\NotificationHookLiveTests.cs(326,32): error CS0029: Cannot implicitly convert type 'System.Uri' to 'string'
C:\gh\azure-sdk-for-net\sdk\metricsadvisor\Azure.AI.MetricsAdvisor\tests\MetricsAdvisorAdministrationClient\NotificationHookLiveTests.cs(340,55): error CS1061: 'string' does not contain a definition for 'AbsoluteUri' and no accessible extension method 'AbsoluteUri' accepting a first argument of type 'string' could be found (are you missing a using directive or an assembly reference?)
C:\gh\azure-sdk-for-net\sdk\metricsadvisor\Azure.AI.MetricsAdvisor\tests\MetricsAdvisorAdministrationClient\NotificationHookLiveTests.cs(341,42): error CS1061: 'EmailNotificationHook' does not contain a definition for 'AdministratorsEmails' and no accessible extension method 'AdministratorsEmails' accepting a first argument of type 'EmailNotificationHook' could be found (are you missing a using directive or an assembly reference?)
C:\gh\azure-sdk-for-net\sdk\metricsadvisor\Azure.AI.MetricsAdvisor\tests\MetricsAdvisorAdministrationClient\NotificationHookLiveTests.cs(342,42): error CS1061: 'EmailNotificationHook' does not contain a definition for 'AdministratorsEmails' and no accessible extension method 'AdministratorsEmails' accepting a first argument of type 'EmailNotificationHook' could be found (are you missing a using directive or an assembly reference?)
C:\gh\azure-sdk-for-net\sdk\metricsadvisor\Azure.AI.MetricsAdvisor\tests\MetricsAdvisorAdministrationClient\NotificationHookLiveTests.cs(356,88): error CS0029: Cannot implicitly convert type 'System.Uri' to 'string'
C:\gh\azure-sdk-for-net\sdk\metricsadvisor\Azure.AI.MetricsAdvisor\tests\MetricsAdvisorAdministrationClient\NotificationHookLiveTests.cs(376,40): error CS1061: 'WebNotificationHook' does not contain a definition for 'AdministratorsEmails' and no accessible extension method 'AdministratorsEmails' accepting a first argument of type 'WebNotificationHook' could be found (are you missing a using directive or an assembly reference?)
C:\gh\azure-sdk-for-net\sdk\metricsadvisor\Azure.AI.MetricsAdvisor\tests\MetricsAdvisorAdministrationClient\NotificationHookLiveTests.cs(377,40): error CS1061: 'WebNotificationHook' does not contain a definition for 'AdministratorsEmails' and no accessible extension method 'AdministratorsEmails' accepting a first argument of type 'WebNotificationHook' could be found (are you missing a using directive or an assembly reference?)
C:\gh\azure-sdk-for-net\sdk\metricsadvisor\Azure.AI.MetricsAdvisor\tests\MetricsAdvisorAdministrationClient\NotificationHookLiveTests.cs(379,49): error CS1061: 'string' does not contain a definition for 'AbsoluteUri' and no accessible extension method 'AbsoluteUri' accepting a first argument of type 'string' could be found (are you missing a using directive or an assembly reference?)
C:\gh\azure-sdk-for-net\sdk\metricsadvisor\Azure.AI.MetricsAdvisor\tests\MetricsAdvisorAdministrationClient\NotificationHookLiveTests.cs(398,88): error CS0029: Cannot implicitly convert type 'System.Uri' to 'string'
C:\gh\azure-sdk-for-net\sdk\metricsadvisor\Azure.AI.MetricsAdvisor\tests\MetricsAdvisorAdministrationClient\NotificationHookLiveTests.cs(404,71): error CS0029: Cannot implicitly convert type 'System.Uri' to 'string'
C:\gh\azure-sdk-for-net\sdk\metricsadvisor\Azure.AI.MetricsAdvisor\tests\MetricsAdvisorAdministrationClient\NotificationHookLiveTests.cs(416,40): error CS1061: 'WebNotificationHook' does not contain a definition for 'AdministratorsEmails' and no accessible extension method 'AdministratorsEmails' accepting a first argument of type 'WebNotificationHook' could be found (are you missing a using directive or an assembly reference?)
C:\gh\azure-sdk-for-net\sdk\metricsadvisor\Azure.AI.MetricsAdvisor\tests\MetricsAdvisorAdministrationClient\NotificationHookLiveTests.cs(417,40): error CS1061: 'WebNotificationHook' does not contain a definition for 'AdministratorsEmails' and no accessible extension method 'AdministratorsEmails' accepting a first argument of type 'WebNotificationHook' could be found (are you missing a using directive or an assembly reference?)
C:\gh\azure-sdk-for-net\sdk\metricsadvisor\Azure.AI.MetricsAdvisor\tests\Samples\Sample09_QueryTimeSeriesInformation.cs(248,72): error CS1061: 'MetricEnrichedSeriesData' does not contain a definition for 'MetricValues' and no accessible extension method 'MetricValues' accepting a first argument of type 'MetricEnrichedSeriesData' could be found (are you missing a using directive or an assembly reference?)
C:\gh\azure-sdk-for-net\sdk\metricsadvisor\Azure.AI.MetricsAdvisor\tests\Samples\Sample09_QueryTimeSeriesInformation.cs(249,81): error CS1061: 'MetricEnrichedSeriesData' does not contain a definition for 'ExpectedMetricValues' and no accessible extension method 'ExpectedMetricValues' accepting a first argument of type 'MetricEnrichedSeriesData' could be found (are you missing a using directive or an assembly reference?)
C:\gh\azure-sdk-for-net\sdk\metricsadvisor\Azure.AI.MetricsAdvisor\tests\Samples\Sample09_QueryTimeSeriesInformation.cs(250,74): error CS1061: 'MetricEnrichedSeriesData' does not contain a definition for 'LowerBoundaryValues' and no accessible extension method 'LowerBoundaryValues' accepting a first argument of type 'MetricEnrichedSeriesData' could be found (are you missing a using directive or an assembly reference?)
C:\gh\azure-sdk-for-net\sdk\metricsadvisor\Azure.AI.MetricsAdvisor\tests\Samples\Sample09_QueryTimeSeriesInformation.cs(251,74): error CS1061: 'MetricEnrichedSeriesData' does not contain a definition for 'UpperBoundaryValues' and no accessible extension method 'UpperBoundaryValues' accepting a first argument of type 'MetricEnrichedSeriesData' could be found (are you missing a using directive or an assembly reference?)
C:\gh\azure-sdk-for-net\sdk\metricsadvisor\Azure.AI.MetricsAdvisor\tests\MetricsAdvisorAdministrationClient\NotificationHookLiveTests.cs(444,88): error CS0029: Cannot implicitly convert type 'System.Uri' to 'string'
C:\gh\azure-sdk-for-net\sdk\metricsadvisor\Azure.AI.MetricsAdvisor\tests\MetricsAdvisorAdministrationClient\NotificationHookLiveTests.cs(453,41): error CS0029: Cannot implicitly convert type 'System.Uri' to 'string'
C:\gh\azure-sdk-for-net\sdk\metricsadvisor\Azure.AI.MetricsAdvisor\tests\MetricsAdvisorAdministrationClient\NotificationHookLiveTests.cs(473,53): error CS1061: 'string' does not contain a definition for 'AbsoluteUri' and no accessible extension method 'AbsoluteUri' accepting a first argument of type 'string' could be found (are you missing a using directive or an assembly reference?)
C:\gh\azure-sdk-for-net\sdk\metricsadvisor\Azure.AI.MetricsAdvisor\tests\MetricsAdvisorAdministrationClient\NotificationHookLiveTests.cs(474,40): error CS1061: 'WebNotificationHook' does not contain a definition for 'AdministratorsEmails' and no accessible extension method 'AdministratorsEmails' accepting a first argument of type 'WebNotificationHook' could be found (are you missing a using directive or an assembly reference?)
C:\gh\azure-sdk-for-net\sdk\metricsadvisor\Azure.AI.MetricsAdvisor\tests\MetricsAdvisorAdministrationClient\NotificationHookLiveTests.cs(475,40): error CS1061: 'WebNotificationHook' does not contain a definition for 'AdministratorsEmails' and no accessible extension method 'AdministratorsEmails' accepting a first argument of type 'WebNotificationHook' could be found (are you missing a using directive or an assembly reference?)
C:\gh\azure-sdk-for-net\sdk\metricsadvisor\Azure.AI.MetricsAdvisor\tests\MetricsAdvisorAdministrationClient\NotificationHookLiveTests.cs(502,88): error CS0029: Cannot implicitly convert type 'System.Uri' to 'string'
C:\gh\azure-sdk-for-net\sdk\metricsadvisor\Azure.AI.MetricsAdvisor\tests\MetricsAdvisorAdministrationClient\NotificationHookLiveTests.cs(510,28): error CS0029: Cannot implicitly convert type 'System.Uri' to 'string'
C:\gh\azure-sdk-for-net\sdk\metricsadvisor\Azure.AI.MetricsAdvisor\tests\MetricsAdvisorAdministrationClient\NotificationHookLiveTests.cs(512,32): error CS0029: Cannot implicitly convert type 'System.Uri' to 'string'
C:\gh\azure-sdk-for-net\sdk\metricsadvisor\Azure.AI.MetricsAdvisor\tests\MetricsAdvisorAdministrationClient\NotificationHookLiveTests.cs(533,53): error CS1061: 'string' does not contain a definition for 'AbsoluteUri' and no accessible extension method 'AbsoluteUri' accepting a first argument of type 'string' could be found (are you missing a using directive or an assembly reference?)
C:\gh\azure-sdk-for-net\sdk\metricsadvisor\Azure.AI.MetricsAdvisor\tests\MetricsAdvisorAdministrationClient\NotificationHookLiveTests.cs(534,40): error CS1061: 'WebNotificationHook' does not contain a definition for 'AdministratorsEmails' and no accessible extension method 'AdministratorsEmails' accepting a first argument of type 'WebNotificationHook' could be found (are you missing a using directive or an assembly reference?)
C:\gh\azure-sdk-for-net\sdk\metricsadvisor\Azure.AI.MetricsAdvisor\tests\MetricsAdvisorAdministrationClient\NotificationHookLiveTests.cs(535,40): error CS1061: 'WebNotificationHook' does not contain a definition for 'AdministratorsEmails' and no accessible extension method 'AdministratorsEmails' accepting a first argument of type 'WebNotificationHook' could be found (are you missing a using directive or an assembly reference?)
C:\gh\azure-sdk-for-net\sdk\metricsadvisor\Azure.AI.MetricsAdvisor\tests\MetricsAdvisorAdministrationClient\DataFeedLiveTests.cs(1714,38): error CS1061: 'DataFeed' does not contain a definition for 'CreatorEmail' and no accessible extension method 'CreatorEmail' accepting a first argument of type 'DataFeed' could be found (are you missing a using directive or an assembly reference?)
C:\gh\azure-sdk-for-net\sdk\metricsadvisor\Azure.AI.MetricsAdvisor\tests\MetricsAdvisorAdministrationClient\DataFeedLiveTests.cs(1715,38): error CS1061: 'DataFeed' does not contain a definition for 'AdministratorsEmails' and no accessible extension method 'AdministratorsEmails' accepting a first argument of type 'DataFeed' could be found (are you missing a using directive or an assembly reference?)
C:\gh\azure-sdk-for-net\sdk\metricsadvisor\Azure.AI.MetricsAdvisor\tests\MetricsAdvisorAdministrationClient\DataFeedLiveTests.cs(1716,38): error CS1061: 'DataFeed' does not contain a definition for 'ViewersEmails' and no accessible extension method 'ViewersEmails' accepting a first argument of type 'DataFeed' could be found (are you missing a using directive or an assembly reference?)
C:\gh\azure-sdk-for-net\sdk\metricsadvisor\Azure.AI.MetricsAdvisor\tests\MetricsAdvisorAdministrationClient\DataFeedLiveTests.cs(1752,40): error CS1061: 'DataFeedMetric' does not contain a definition for 'Id' and no accessible extension method 'Id' accepting a first argument of type 'DataFeedMetric' could be found (are you missing a using directive or an assembly reference?)
C:\gh\azure-sdk-for-net\sdk\metricsadvisor\Azure.AI.MetricsAdvisor\tests\MetricsAdvisorAdministrationClient\DataFeedLiveTests.cs(1753,40): error CS1061: 'DataFeedMetric' does not contain a definition for 'Name' and no accessible extension method 'Name' accepting a first argument of type 'DataFeedMetric' could be found (are you missing a using directive or an assembly reference?)
C:\gh\azure-sdk-for-net\sdk\metricsadvisor\Azure.AI.MetricsAdvisor\tests\MetricsAdvisorAdministrationClient\DataFeedLiveTests.cs(1754,40): error CS1061: 'DataFeedMetric' does not contain a definition for 'DisplayName' and no accessible extension method 'DisplayName' accepting a first argument of type 'DataFeedMetric' could be found (are you missing a using directive or an assembly reference?)
C:\gh\azure-sdk-for-net\sdk\metricsadvisor\Azure.AI.MetricsAdvisor\tests\MetricsAdvisorAdministrationClient\DataFeedLiveTests.cs(1755,40): error CS1061: 'DataFeedMetric' does not contain a definition for 'Description' and no accessible extension method 'Description' accepting a first argument of type 'DataFeedMetric' could be found (are you missing a using directive or an assembly reference?)
C:\gh\azure-sdk-for-net\sdk\metricsadvisor\Azure.AI.MetricsAdvisor\tests\MetricsAdvisorAdministrationClient\DataFeedLiveTests.cs(1763,49): error CS1061: 'DataFeedDimension' does not contain a definition for 'Name' and no accessible extension method 'Name' accepting a first argument of type 'DataFeedDimension' could be found (are you missing a using directive or an assembly reference?)
C:\gh\azure-sdk-for-net\sdk\metricsadvisor\Azure.AI.MetricsAdvisor\tests\MetricsAdvisorAdministrationClient\DataFeedLiveTests.cs(1764,49): error CS1061: 'DataFeedDimension' does not contain a definition for 'DisplayName' and no accessible extension method 'DisplayName' accepting a first argument of type 'DataFeedDimension' could be found (are you missing a using directive or an assembly reference?)
C:\gh\azure-sdk-for-net\sdk\metricsadvisor\Azure.AI.MetricsAdvisor\tests\MetricsAdvisorAdministrationClient\AnomalyAlertConfigurationLiveTests.cs(477,88): error CS0029: Cannot implicitly convert type 'System.Uri' to 'string'
C:\gh\azure-sdk-for-net\sdk\metricsadvisor\Azure.AI.MetricsAdvisor\tests\MetricsAdvisorAdministrationClient\AnomalyAlertConfigurationLiveTests.cs(491,25): error CS0117: 'MetricBoundaryCondition' does not contain a definition for 'ShouldAlertIfDataPointMissing'
C:\gh\azure-sdk-for-net\sdk\metricsadvisor\Azure.AI.MetricsAdvisor\tests\MetricsAdvisorAdministrationClient\AnomalyAlertConfigurationLiveTests.cs(522,31): error CS7036: There is no argument given that corresponds to the required formal parameter 'alertConfiguration' of 'MetricsAdvisorAdministrationClient.UpdateAlertConfigurationAsync(string, AnomalyAlertConfiguration, CancellationToken)'
C:\gh\azure-sdk-for-net\sdk\metricsadvisor\Azure.AI.MetricsAdvisor\tests\MetricsAdvisorAdministrationClient\AnomalyAlertConfigurationLiveTests.cs(553,91): error CS1061: 'MetricBoundaryCondition' does not contain a definition for 'ShouldAlertIfDataPointMissing' and no accessible extension method 'ShouldAlertIfDataPointMissing' accepting a first argument of type 'MetricBoundaryCondition' could be found (are you missing a using directive or an assembly reference?)
C:\gh\azure-sdk-for-net\sdk\metricsadvisor\Azure.AI.MetricsAdvisor\tests\MetricsAdvisorAdministrationClient\NotificationHookLiveTests.cs(554,88): error CS0029: Cannot implicitly convert type 'System.Uri' to 'string'
C:\gh\azure-sdk-for-net\sdk\metricsadvisor\Azure.AI.MetricsAdvisor\tests\MetricsAdvisorAdministrationClient\NotificationHookLiveTests.cs(564,34): error CS1061: 'NotificationHook' does not contain a definition for 'AdministratorsEmails' and no accessible extension method 'AdministratorsEmails' accepting a first argument of type 'NotificationHook' could be found (are you missing a using directive or an assembly reference?)
C:\gh\azure-sdk-for-net\sdk\metricsadvisor\Azure.AI.MetricsAdvisor\tests\MetricsAdvisorAdministrationClient\NotificationHookLiveTests.cs(565,34): error CS1061: 'NotificationHook' does not contain a definition for 'AdministratorsEmails' and no accessible extension method 'AdministratorsEmails' accepting a first argument of type 'NotificationHook' could be found (are you missing a using directive or an assembly reference?)
C:\gh\azure-sdk-for-net\sdk\metricsadvisor\Azure.AI.MetricsAdvisor\tests\MetricsAdvisorAdministrationClient\DataFeedLiveTests.cs(1859,22): error CS1061: 'DataFeed' does not contain a definition for 'AdministratorsEmails' and no accessible extension method 'AdministratorsEmails' accepting a first argument of type 'DataFeed' could be found (are you missing a using directive or an assembly reference?)
C:\gh\azure-sdk-for-net\sdk\metricsadvisor\Azure.AI.MetricsAdvisor\tests\MetricsAdvisorAdministrationClient\DataFeedLiveTests.cs(1860,22): error CS1061: 'DataFeed' does not contain a definition for 'ViewersEmails' and no accessible extension method 'ViewersEmails' accepting a first argument of type 'DataFeed' could be found (are you missing a using directive or an assembly reference?)
C:\gh\azure-sdk-for-net\sdk\metricsadvisor\Azure.AI.MetricsAdvisor\tests\MetricsAdvisorAdministrationClient\DataFeedLiveTests.cs(1862,61): error CS0117: 'DataFeedMetric' does not contain a definition for 'DisplayName'
C:\gh\azure-sdk-for-net\sdk\metricsadvisor\Azure.AI.MetricsAdvisor\tests\MetricsAdvisorAdministrationClient\DataFeedLiveTests.cs(1862,94): error CS0117: 'DataFeedMetric' does not contain a definition for 'Description'
C:\gh\azure-sdk-for-net\sdk\metricsadvisor\Azure.AI.MetricsAdvisor\tests\MetricsAdvisorAdministrationClient\DataFeedLiveTests.cs(1863,64): error CS0117: 'DataFeedMetric' does not contain a definition for 'DisplayName'
C:\gh\azure-sdk-for-net\sdk\metricsadvisor\Azure.AI.MetricsAdvisor\tests\MetricsAdvisorAdministrationClient\DataFeedLiveTests.cs(1863,100): error CS0117: 'DataFeedMetric' does not contain a definition for 'Description'
C:\gh\azure-sdk-for-net\sdk\metricsadvisor\Azure.AI.MetricsAdvisor\tests\MetricsAdvisorAdministrationClient\DataFeedLiveTests.cs(1866,68): error CS0117: 'DataFeedDimension' does not contain a definition for 'DisplayName'
C:\gh\azure-sdk-for-net\sdk\metricsadvisor\Azure.AI.MetricsAdvisor\tests\MetricsAdvisorAdministrationClient\DataFeedLiveTests.cs(1888,26): error CS1061: 'DataFeed' does not contain a definition for 'AdministratorsEmails' and no accessible extension method 'AdministratorsEmails' accepting a first argument of type 'DataFeed' could be found (are you missing a using directive or an assembly reference?)
C:\gh\azure-sdk-for-net\sdk\metricsadvisor\Azure.AI.MetricsAdvisor\tests\MetricsAdvisorAdministrationClient\DataFeedLiveTests.cs(1890,26): error CS1061: 'DataFeed' does not contain a definition for 'AdministratorsEmails' and no accessible extension method 'AdministratorsEmails' accepting a first argument of type 'DataFeed' could be found (are you missing a using directive or an assembly reference?)
C:\gh\azure-sdk-for-net\sdk\metricsadvisor\Azure.AI.MetricsAdvisor\tests\MetricsAdvisorAdministrationClient\DataFeedLiveTests.cs(1893,22): error CS1061: 'DataFeed' does not contain a definition for 'ViewersEmails' and no accessible extension method 'ViewersEmails' accepting a first argument of type 'DataFeed' could be found (are you missing a using directive or an assembly reference?)
C:\gh\azure-sdk-for-net\sdk\metricsadvisor\Azure.AI.MetricsAdvisor\tests\MetricsAdvisorAdministrationClient\NotificationHookLiveTests.cs(619,34): error CS1061: 'NotificationHook' does not contain a definition for 'AdministratorsEmails' and no accessible extension method 'AdministratorsEmails' accepting a first argument of type 'NotificationHook' could be found (are you missing a using directive or an assembly reference?)
C:\gh\azure-sdk-for-net\sdk\metricsadvisor\Azure.AI.MetricsAdvisor\tests\MetricsAdvisorAdministrationClient\NotificationHookLiveTests.cs(620,34): error CS1061: 'NotificationHook' does not contain a definition for 'AdministratorsEmails' and no accessible extension method 'AdministratorsEmails' accepting a first argument of type 'NotificationHook' could be found (are you missing a using directive or an assembly reference?)
C:\gh\azure-sdk-for-net\sdk\metricsadvisor\Azure.AI.MetricsAdvisor\tests\MetricsAdvisorAdministrationClient\AnomalyAlertConfigurationLiveTests.cs(606,25): error CS0117: 'MetricBoundaryCondition' does not contain a definition for 'ShouldAlertIfDataPointMissing'
C:\gh\azure-sdk-for-net\sdk\metricsadvisor\Azure.AI.MetricsAdvisor\tests\MetricsAdvisorAdministrationClient\AnomalyAlertConfigurationLiveTests.cs(655,79): error CS1061: 'MetricBoundaryCondition' does not contain a definition for 'ShouldAlertIfDataPointMissing' and no accessible extension method 'ShouldAlertIfDataPointMissing' accepting a first argument of type 'MetricBoundaryCondition' could be found (are you missing a using directive or an assembly reference?)
C:\gh\azure-sdk-for-net\sdk\metricsadvisor\Azure.AI.MetricsAdvisor\tests\MetricsAdvisorAdministrationClient\AnomalyAlertConfigurationLiveTests.cs(661,31): error CS7036: There is no argument given that corresponds to the required formal parameter 'alertConfiguration' of 'MetricsAdvisorAdministrationClient.UpdateAlertConfigurationAsync(string, AnomalyAlertConfiguration, CancellationToken)'
C:\gh\azure-sdk-for-net\sdk\metricsadvisor\Azure.AI.MetricsAdvisor\tests\MetricsAdvisorAdministrationClient\AnomalyAlertConfigurationLiveTests.cs(691,91): error CS1061: 'MetricBoundaryCondition' does not contain a definition for 'ShouldAlertIfDataPointMissing' and no accessible extension method 'ShouldAlertIfDataPointMissing' accepting a first argument of type 'MetricBoundaryCondition' could be found (are you missing a using directive or an assembly reference?)
C:\gh\azure-sdk-for-net\sdk\metricsadvisor\Azure.AI.MetricsAdvisor\tests\MetricsAdvisorAdministrationClient\DataFeedLiveTests.cs(1921,34): error CS1061: 'DataFeed' does not contain a definition for 'CreatorEmail' and no accessible extension method 'CreatorEmail' accepting a first argument of type 'DataFeed' could be found (are you missing a using directive or an assembly reference?)
C:\gh\azure-sdk-for-net\sdk\metricsadvisor\Azure.AI.MetricsAdvisor\tests\MetricsAdvisorAdministrationClient\DataFeedLiveTests.cs(1922,34): error CS1061: 'DataFeed' does not contain a definition for 'AdministratorsEmails' and no accessible extension method 'AdministratorsEmails' accepting a first argument of type 'DataFeed' could be found (are you missing a using directive or an assembly reference?)
C:\gh\azure-sdk-for-net\sdk\metricsadvisor\Azure.AI.MetricsAdvisor\tests\MetricsAdvisorAdministrationClient\DataFeedLiveTests.cs(1923,34): error CS1061: 'DataFeed' does not contain a definition for 'AdministratorsEmails' and no accessible extension method 'AdministratorsEmails' accepting a first argument of type 'DataFeed' could be found (are you missing a using directive or an assembly reference?)
C:\gh\azure-sdk-for-net\sdk\metricsadvisor\Azure.AI.MetricsAdvisor\tests\MetricsAdvisorAdministrationClient\DataFeedLiveTests.cs(1923,85): error CS1061: 'DataFeed' does not contain a definition for 'CreatorEmail' and no accessible extension method 'CreatorEmail' accepting a first argument of type 'DataFeed' could be found (are you missing a using directive or an assembly reference?)
C:\gh\azure-sdk-for-net\sdk\metricsadvisor\Azure.AI.MetricsAdvisor\tests\MetricsAdvisorAdministrationClient\DataFeedLiveTests.cs(1924,34): error CS1061: 'DataFeed' does not contain a definition for 'ViewersEmails' and no accessible extension method 'ViewersEmails' accepting a first argument of type 'DataFeed' could be found (are you missing a using directive or an assembly reference?)
C:\gh\azure-sdk-for-net\sdk\metricsadvisor\Azure.AI.MetricsAdvisor\tests\MetricsAdvisorAdministrationClient\DataFeedLiveTests.cs(1944,32): error CS1061: 'DataFeedMetric' does not contain a definition for 'Id' and no accessible extension method 'Id' accepting a first argument of type 'DataFeedMetric' could be found (are you missing a using directive or an assembly reference?)
C:\gh\azure-sdk-for-net\sdk\metricsadvisor\Azure.AI.MetricsAdvisor\tests\MetricsAdvisorAdministrationClient\DataFeedLiveTests.cs(1945,32): error CS1061: 'DataFeedMetric' does not contain a definition for 'Name' and no accessible extension method 'Name' accepting a first argument of type 'DataFeedMetric' could be found (are you missing a using directive or an assembly reference?)
C:\gh\azure-sdk-for-net\sdk\metricsadvisor\Azure.AI.MetricsAdvisor\tests\MetricsAdvisorAdministrationClient\DataFeedLiveTests.cs(1946,32): error CS1061: 'DataFeedMetric' does not contain a definition for 'DisplayName' and no accessible extension method 'DisplayName' accepting a first argument of type 'DataFeedMetric' could be found (are you missing a using directive or an assembly reference?)
C:\gh\azure-sdk-for-net\sdk\metricsadvisor\Azure.AI.MetricsAdvisor\tests\MetricsAdvisorAdministrationClient\DataFeedLiveTests.cs(1947,32): error CS1061: 'DataFeedMetric' does not contain a definition for 'Description' and no accessible extension method 'Description' accepting a first argument of type 'DataFeedMetric' could be found (are you missing a using directive or an assembly reference?)
C:\gh\azure-sdk-for-net\sdk\metricsadvisor\Azure.AI.MetricsAdvisor\tests\MetricsAdvisorAdministrationClient\AnomalyAlertConfigurationLiveTests.cs(734,88): error CS0029: Cannot implicitly convert type 'System.Uri' to 'string'
C:\gh\azure-sdk-for-net\sdk\metricsadvisor\Azure.AI.MetricsAdvisor\tests\MetricsAdvisorAdministrationClient\AnomalyAlertConfigurationLiveTests.cs(748,25): error CS0117: 'MetricBoundaryCondition' does not contain a definition for 'ShouldAlertIfDataPointMissing'
C:\gh\azure-sdk-for-net\sdk\metricsadvisor\Azure.AI.MetricsAdvisor\tests\MetricsAdvisorAdministrationClient\AnomalyAlertConfigurationLiveTests.cs(797,79): error CS1061: 'MetricBoundaryCondition' does not contain a definition for 'ShouldAlertIfDataPointMissing' and no accessible extension method 'ShouldAlertIfDataPointMissing' accepting a first argument of type 'MetricBoundaryCondition' could be found (are you missing a using directive or an assembly reference?)
C:\gh\azure-sdk-for-net\sdk\metricsadvisor\Azure.AI.MetricsAdvisor\tests\MetricsAdvisorAdministrationClient\AnomalyAlertConfigurationLiveTests.cs(803,31): error CS7036: There is no argument given that corresponds to the required formal parameter 'alertConfiguration' of 'MetricsAdvisorAdministrationClient.UpdateAlertConfigurationAsync(string, AnomalyAlertConfiguration, CancellationToken)'
C:\gh\azure-sdk-for-net\sdk\metricsadvisor\Azure.AI.MetricsAdvisor\tests\MetricsAdvisorAdministrationClient\AnomalyAlertConfigurationLiveTests.cs(833,91): error CS1061: 'MetricBoundaryCondition' does not contain a definition for 'ShouldAlertIfDataPointMissing' and no accessible extension method 'ShouldAlertIfDataPointMissing' accepting a first argument of type 'MetricBoundaryCondition' could be found (are you missing a using directive or an assembly reference?)
C:\gh\azure-sdk-for-net\sdk\metricsadvisor\Azure.AI.MetricsAdvisor\tests\MetricsAdvisorAdministrationClient\DataFeedLiveTests.cs(1970,34): error CS1061: 'DataFeed' does not contain a definition for 'CreatorEmail' and no accessible extension method 'CreatorEmail' accepting a first argument of type 'DataFeed' could be found (are you missing a using directive or an assembly reference?)
C:\gh\azure-sdk-for-net\sdk\metricsadvisor\Azure.AI.MetricsAdvisor\tests\MetricsAdvisorAdministrationClient\DataFeedLiveTests.cs(1972,34): error CS1061: 'DataFeed' does not contain a definition for 'AdministratorsEmails' and no accessible extension method 'AdministratorsEmails' accepting a first argument of type 'DataFeed' could be found (are you missing a using directive or an assembly reference?)
C:\gh\azure-sdk-for-net\sdk\metricsadvisor\Azure.AI.MetricsAdvisor\tests\MetricsAdvisorAdministrationClient\DataFeedLiveTests.cs(1973,34): error CS1061: 'DataFeed' does not contain a definition for 'AdministratorsEmails' and no accessible extension method 'AdministratorsEmails' accepting a first argument of type 'DataFeed' could be found (are you missing a using directive or an assembly reference?)
C:\gh\azure-sdk-for-net\sdk\metricsadvisor\Azure.AI.MetricsAdvisor\tests\MetricsAdvisorAdministrationClient\DataFeedLiveTests.cs(1974,34): error CS1061: 'DataFeed' does not contain a definition for 'AdministratorsEmails' and no accessible extension method 'AdministratorsEmails' accepting a first argument of type 'DataFeed' could be found (are you missing a using directive or an assembly reference?)
C:\gh\azure-sdk-for-net\sdk\metricsadvisor\Azure.AI.MetricsAdvisor\tests\MetricsAdvisorAdministrationClient\DataFeedLiveTests.cs(1974,79): error CS1061: 'DataFeed' does not contain a definition for 'CreatorEmail' and no accessible extension method 'CreatorEmail' accepting a first argument of type 'DataFeed' could be found (are you missing a using directive or an assembly reference?)
C:\gh\azure-sdk-for-net\sdk\metricsadvisor\Azure.AI.MetricsAdvisor\tests\MetricsAdvisorAdministrationClient\DataFeedLiveTests.cs(1975,34): error CS1061: 'DataFeed' does not contain a definition for 'AdministratorsEmails' and no accessible extension method 'AdministratorsEmails' accepting a first argument of type 'DataFeed' could be found (are you missing a using directive or an assembly reference?)
C:\gh\azure-sdk-for-net\sdk\metricsadvisor\Azure.AI.MetricsAdvisor\tests\MetricsAdvisorAdministrationClient\DataFeedLiveTests.cs(1976,34): error CS1061: 'DataFeed' does not contain a definition for 'ViewersEmails' and no accessible extension method 'ViewersEmails' accepting a first argument of type 'DataFeed' could be found (are you missing a using directive or an assembly reference?)
C:\gh\azure-sdk-for-net\sdk\metricsadvisor\Azure.AI.MetricsAdvisor\tests\MetricsAdvisorAdministrationClient\DataFeedLiveTests.cs(1977,34): error CS1061: 'DataFeed' does not contain a definition for 'ViewersEmails' and no accessible extension method 'ViewersEmails' accepting a first argument of type 'DataFeed' could be found (are you missing a using directive or an assembly reference?)
C:\gh\azure-sdk-for-net\sdk\metricsadvisor\Azure.AI.MetricsAdvisor\tests\MetricsAdvisorAdministrationClient\DataFeedLiveTests.cs(1978,34): error CS1061: 'DataFeed' does not contain a definition for 'ViewersEmails' and no accessible extension method 'ViewersEmails' accepting a first argument of type 'DataFeed' could be found (are you missing a using directive or an assembly reference?)
C:\gh\azure-sdk-for-net\sdk\metricsadvisor\Azure.AI.MetricsAdvisor\tests\MetricsAdvisorAdministrationClient\DataFeedLiveTests.cs(2000,33): error CS1061: 'DataFeedMetric' does not contain a definition for 'Id' and no accessible extension method 'Id' accepting a first argument of type 'DataFeedMetric' could be found (are you missing a using directive or an assembly reference?)
C:\gh\azure-sdk-for-net\sdk\metricsadvisor\Azure.AI.MetricsAdvisor\tests\MetricsAdvisorAdministrationClient\DataFeedLiveTests.cs(2001,33): error CS1061: 'DataFeedMetric' does not contain a definition for 'Name' and no accessible extension method 'Name' accepting a first argument of type 'DataFeedMetric' could be found (are you missing a using directive or an assembly reference?)
C:\gh\azure-sdk-for-net\sdk\metricsadvisor\Azure.AI.MetricsAdvisor\tests\MetricsAdvisorAdministrationClient\DataFeedLiveTests.cs(2002,33): error CS1061: 'DataFeedMetric' does not contain a definition for 'DisplayName' and no accessible extension method 'DisplayName' accepting a first argument of type 'DataFeedMetric' could be found (are you missing a using directive or an assembly reference?)
C:\gh\azure-sdk-for-net\sdk\metricsadvisor\Azure.AI.MetricsAdvisor\tests\MetricsAdvisorAdministrationClient\DataFeedLiveTests.cs(2003,33): error CS1061: 'DataFeedMetric' does not contain a definition for 'Description' and no accessible extension method 'Description' accepting a first argument of type 'DataFeedMetric' could be found (are you missing a using directive or an assembly reference?)
C:\gh\azure-sdk-for-net\sdk\metricsadvisor\Azure.AI.MetricsAdvisor\tests\MetricsAdvisorAdministrationClient\DataFeedLiveTests.cs(2006,33): error CS1061: 'DataFeedMetric' does not contain a definition for 'Id' and no accessible extension method 'Id' accepting a first argument of type 'DataFeedMetric' could be found (are you missing a using directive or an assembly reference?)
C:\gh\azure-sdk-for-net\sdk\metricsadvisor\Azure.AI.MetricsAdvisor\tests\MetricsAdvisorAdministrationClient\DataFeedLiveTests.cs(2007,33): error CS1061: 'DataFeedMetric' does not contain a definition for 'Name' and no accessible extension method 'Name' accepting a first argument of type 'DataFeedMetric' could be found (are you missing a using directive or an assembly reference?)
C:\gh\azure-sdk-for-net\sdk\metricsadvisor\Azure.AI.MetricsAdvisor\tests\MetricsAdvisorAdministrationClient\DataFeedLiveTests.cs(2008,33): error CS1061: 'DataFeedMetric' does not contain a definition for 'DisplayName' and no accessible extension method 'DisplayName' accepting a first argument of type 'DataFeedMetric' could be found (are you missing a using directive or an assembly reference?)
C:\gh\azure-sdk-for-net\sdk\metricsadvisor\Azure.AI.MetricsAdvisor\tests\MetricsAdvisorAdministrationClient\DataFeedLiveTests.cs(2009,33): error CS1061: 'DataFeedMetric' does not contain a definition for 'Description' and no accessible extension method 'Description' accepting a first argument of type 'DataFeedMetric' could be found (are you missing a using directive or an assembly reference?)
C:\gh\azure-sdk-for-net\sdk\metricsadvisor\Azure.AI.MetricsAdvisor\tests\MetricsAdvisorAdministrationClient\DataFeedLiveTests.cs(2014,100): error CS1061: 'DataFeedDimension' does not contain a definition for 'Name' and no accessible extension method 'Name' accepting a first argument of type 'DataFeedDimension' could be found (are you missing a using directive or an assembly reference?)
C:\gh\azure-sdk-for-net\sdk\metricsadvisor\Azure.AI.MetricsAdvisor\tests\MetricsAdvisorAdministrationClient\AnomalyAlertConfigurationLiveTests.cs(1013,47): error CS1061: 'MetricBoundaryCondition' does not contain a definition for 'ShouldAlertIfDataPointMissing' and no accessible extension method 'ShouldAlertIfDataPointMissing' accepting a first argument of type 'MetricBoundaryCondition' could be found (are you missing a using directive or an assembly reference?)
C:\gh\azure-sdk-for-net\sdk\metricsadvisor\Azure.AI.MetricsAdvisor\tests\MetricsAdvisorAdministrationClient\DataFeedLiveTests.cs(2040,34): error CS1061: 'DataFeed' does not contain a definition for 'CreatorEmail' and no accessible extension method 'CreatorEmail' accepting a first argument of type 'DataFeed' could be found (are you missing a using directive or an assembly reference?)
C:\gh\azure-sdk-for-net\sdk\metricsadvisor\Azure.AI.MetricsAdvisor\tests\MetricsAdvisorAdministrationClient\DataFeedLiveTests.cs(2047,34): error CS1061: 'DataFeed' does not contain a definition for 'AdministratorsEmails' and no accessible extension method 'AdministratorsEmails' accepting a first argument of type 'DataFeed' could be found (are you missing a using directive or an assembly reference?)
C:\gh\azure-sdk-for-net\sdk\metricsadvisor\Azure.AI.MetricsAdvisor\tests\MetricsAdvisorAdministrationClient\DataFeedLiveTests.cs(2048,34): error CS1061: 'DataFeed' does not contain a definition for 'AdministratorsEmails' and no accessible extension method 'AdministratorsEmails' accepting a first argument of type 'DataFeed' could be found (are you missing a using directive or an assembly reference?)
C:\gh\azure-sdk-for-net\sdk\metricsadvisor\Azure.AI.MetricsAdvisor\tests\MetricsAdvisorAdministrationClient\DataFeedLiveTests.cs(2049,34): error CS1061: 'DataFeed' does not contain a definition for 'AdministratorsEmails' and no accessible extension method 'AdministratorsEmails' accepting a first argument of type 'DataFeed' could be found (are you missing a using directive or an assembly reference?)
C:\gh\azure-sdk-for-net\sdk\metricsadvisor\Azure.AI.MetricsAdvisor\tests\MetricsAdvisorAdministrationClient\DataFeedLiveTests.cs(2049,79): error CS1061: 'DataFeed' does not contain a definition for 'CreatorEmail' and no accessible extension method 'CreatorEmail' accepting a first argument of type 'DataFeed' could be found (are you missing a using directive or an assembly reference?)
C:\gh\azure-sdk-for-net\sdk\metricsadvisor\Azure.AI.MetricsAdvisor\tests\MetricsAdvisorAdministrationClient\DataFeedLiveTests.cs(2051,26): error CS1061: 'DataFeed' does not contain a definition for 'AdministratorsEmails' and no accessible extension method 'AdministratorsEmails' accepting a first argument of type 'DataFeed' could be found (are you missing a using directive or an assembly reference?)
C:\gh\azure-sdk-for-net\sdk\metricsadvisor\Azure.AI.MetricsAdvisor\tests\MetricsAdvisorAdministrationClient\DataFeedLiveTests.cs(2053,38): error CS1061: 'DataFeed' does not contain a definition for 'AdministratorsEmails' and no accessible extension method 'AdministratorsEmails' accepting a first argument of type 'DataFeed' could be found (are you missing a using directive or an assembly reference?)
C:\gh\azure-sdk-for-net\sdk\metricsadvisor\Azure.AI.MetricsAdvisor\tests\MetricsAdvisorAdministrationClient\DataFeedLiveTests.cs(2056,34): error CS1061: 'DataFeed' does not contain a definition for 'ViewersEmails' and no accessible extension method 'ViewersEmails' accepting a first argument of type 'DataFeed' could be found (are you missing a using directive or an assembly reference?)
C:\gh\azure-sdk-for-net\sdk\metricsadvisor\Azure.AI.MetricsAdvisor\tests\MetricsAdvisorAdministrationClient\DataFeedLiveTests.cs(2057,34): error CS1061: 'DataFeed' does not contain a definition for 'ViewersEmails' and no accessible extension method 'ViewersEmails' accepting a first argument of type 'DataFeed' could be found (are you missing a using directive or an assembly reference?)
C:\gh\azure-sdk-for-net\sdk\metricsadvisor\Azure.AI.MetricsAdvisor\tests\MetricsAdvisorAdministrationClient\DataFeedLiveTests.cs(2058,34): error CS1061: 'DataFeed' does not contain a definition for 'ViewersEmails' and no accessible extension method 'ViewersEmails' accepting a first argument of type 'DataFeed' could be found (are you missing a using directive or an assembly reference?)
C:\gh\azure-sdk-for-net\sdk\metricsadvisor\Azure.AI.MetricsAdvisor\tests\MetricsAdvisorAdministrationClient\DataFeedLiveTests.cs(2077,32): error CS1061: 'DataFeedMetric' does not contain a definition for 'Id' and no accessible extension method 'Id' accepting a first argument of type 'DataFeedMetric' could be found (are you missing a using directive or an assembly reference?)
C:\gh\azure-sdk-for-net\sdk\metricsadvisor\Azure.AI.MetricsAdvisor\tests\MetricsAdvisorAdministrationClient\DataFeedLiveTests.cs(2078,32): error CS1061: 'DataFeedMetric' does not contain a definition for 'Name' and no accessible extension method 'Name' accepting a first argument of type 'DataFeedMetric' could be found (are you missing a using directive or an assembly reference?)
C:\gh\azure-sdk-for-net\sdk\metricsadvisor\Azure.AI.MetricsAdvisor\tests\MetricsAdvisorAdministrationClient\DataFeedLiveTests.cs(2079,32): error CS1061: 'DataFeedMetric' does not contain a definition for 'DisplayName' and no accessible extension method 'DisplayName' accepting a first argument of type 'DataFeedMetric' could be found (are you missing a using directive or an assembly reference?)
C:\gh\azure-sdk-for-net\sdk\metricsadvisor\Azure.AI.MetricsAdvisor\tests\MetricsAdvisorAdministrationClient\DataFeedLiveTests.cs(2080,32): error CS1061: 'DataFeedMetric' does not contain a definition for 'Description' and no accessible extension method 'Description' accepting a first argument of type 'DataFeedMetric' could be found (are you missing a using directive or an assembly reference?)
C:\gh\azure-sdk-for-net\sdk\metricsadvisor\Azure.AI.MetricsAdvisor\tests\Samples\Sample05_AlertConfigurationCrudOperations.cs(5,1): hidden CS8019: Unnecessary using directive.
C:\gh\azure-sdk-for-net\artifacts\obj\Azure.AI.MetricsAdvisor.Tests\Debug\net461\.NETFramework,Version=v4.6.1.AssemblyAttributes.cs(3,1): hidden CS8019: Unnecessary using directive.
C:\gh\azure-sdk-for-net\sdk\metricsadvisor\Azure.AI.MetricsAdvisor\tests\DisposableDatasourceCredential.cs(7,1): hidden CS8019: Unnecessary using directive.
C:\gh\azure-sdk-for-net\sdk\metricsadvisor\Azure.AI.MetricsAdvisor\tests\Samples\Sample04_HookCrudOperations.cs(5,1): hidden CS8019: Unnecessary using directive.
C:\gh\azure-sdk-for-net\artifacts\obj\Azure.AI.MetricsAdvisor.Tests\Debug\net461\Azure.AI.MetricsAdvisor.Tests.AssemblyInfo.cs(12,1): hidden CS8019: Unnecessary using directive.
C:\gh\azure-sdk-for-net\artifacts\obj\Azure.AI.MetricsAdvisor.Tests\Debug\net461\.NETFramework,Version=v4.6.1.AssemblyAttributes.cs(2,1): hidden CS8019: Unnecessary using directive.
C:\gh\azure-sdk-for-net\sdk\metricsadvisor\Azure.AI.MetricsAdvisor\tests\MetricsAdvisorAdministrationClient\DatasourceCredentialLiveTests.cs(7,1): hidden CS8019: Unnecessary using directive.
C:\gh\azure-sdk-for-net\artifacts\obj\Azure.AI.MetricsAdvisor.Tests\Debug\net461\Azure.AI.MetricsAdvisor.Tests.AssemblyInfo.cs(11,1): hidden CS8019: Unnecessary using directive.
