C:\gh\azure-sdk-for-net\sdk\applicationinsights\Microsoft.Azure.ApplicationInsights.Query\tests\ScenarioTests\QueryTests.cs(91,68): error CS0246: The type or namespace name 'MockContext' could not be found (are you missing a using directive or an assembly reference?)
C:\gh\azure-sdk-for-net\sdk\applicationinsights\Microsoft.Azure.ApplicationInsights.Query\tests\ScenarioTests\Events\EventsTests.cs(36,10): error CS0246: The type or namespace name 'TheoryAttribute' could not be found (are you missing a using directive or an assembly reference?)
C:\gh\azure-sdk-for-net\sdk\applicationinsights\Microsoft.Azure.ApplicationInsights.Query\tests\ScenarioTests\Events\EventsTests.cs(36,10): error CS0246: The type or namespace name 'Theory' could not be found (are you missing a using directive or an assembly reference?)
C:\gh\azure-sdk-for-net\sdk\applicationinsights\Microsoft.Azure.ApplicationInsights.Query\tests\ScenarioTests\Events\EventsTests.cs(37,10): error CS0246: The type or namespace name 'InlineDataAttribute' could not be found (are you missing a using directive or an assembly reference?)
C:\gh\azure-sdk-for-net\sdk\applicationinsights\Microsoft.Azure.ApplicationInsights.Query\tests\ScenarioTests\Events\EventsTests.cs(37,10): error CS0246: The type or namespace name 'InlineData' could not be found (are you missing a using directive or an assembly reference?)
C:\gh\azure-sdk-for-net\sdk\applicationinsights\Microsoft.Azure.ApplicationInsights.Query\tests\ScenarioTests\Events\EventsTests.cs(38,10): error CS0246: The type or namespace name 'InlineDataAttribute' could not be found (are you missing a using directive or an assembly reference?)
C:\gh\azure-sdk-for-net\sdk\applicationinsights\Microsoft.Azure.ApplicationInsights.Query\tests\ScenarioTests\Events\EventsTests.cs(38,10): error CS0246: The type or namespace name 'InlineData' could not be found (are you missing a using directive or an assembly reference?)
C:\gh\azure-sdk-for-net\sdk\applicationinsights\Microsoft.Azure.ApplicationInsights.Query\tests\ScenarioTests\Events\EventsTests.cs(39,10): error CS0246: The type or namespace name 'InlineDataAttribute' could not be found (are you missing a using directive or an assembly reference?)
C:\gh\azure-sdk-for-net\sdk\applicationinsights\Microsoft.Azure.ApplicationInsights.Query\tests\ScenarioTests\Events\EventsTests.cs(39,10): error CS0246: The type or namespace name 'InlineData' could not be found (are you missing a using directive or an assembly reference?)
C:\gh\azure-sdk-for-net\sdk\applicationinsights\Microsoft.Azure.ApplicationInsights.Query\tests\ScenarioTests\Events\EventsTests.cs(40,10): error CS0246: The type or namespace name 'InlineDataAttribute' could not be found (are you missing a using directive or an assembly reference?)
C:\gh\azure-sdk-for-net\sdk\applicationinsights\Microsoft.Azure.ApplicationInsights.Query\tests\ScenarioTests\Events\EventsTests.cs(40,10): error CS0246: The type or namespace name 'InlineData' could not be found (are you missing a using directive or an assembly reference?)
C:\gh\azure-sdk-for-net\sdk\applicationinsights\Microsoft.Azure.ApplicationInsights.Query\tests\ScenarioTests\Events\EventsTests.cs(41,10): error CS0246: The type or namespace name 'InlineDataAttribute' could not be found (are you missing a using directive or an assembly reference?)
C:\gh\azure-sdk-for-net\sdk\applicationinsights\Microsoft.Azure.ApplicationInsights.Query\tests\ScenarioTests\Events\EventsTests.cs(41,10): error CS0246: The type or namespace name 'InlineData' could not be found (are you missing a using directive or an assembly reference?)
C:\gh\azure-sdk-for-net\sdk\applicationinsights\Microsoft.Azure.ApplicationInsights.Query\tests\ScenarioTests\Events\EventsTests.cs(42,10): error CS0246: The type or namespace name 'InlineDataAttribute' could not be found (are you missing a using directive or an assembly reference?)
C:\gh\azure-sdk-for-net\sdk\applicationinsights\Microsoft.Azure.ApplicationInsights.Query\tests\ScenarioTests\Events\EventsTests.cs(42,10): error CS0246: The type or namespace name 'InlineData' could not be found (are you missing a using directive or an assembly reference?)
C:\gh\azure-sdk-for-net\sdk\applicationinsights\Microsoft.Azure.ApplicationInsights.Query\tests\ScenarioTests\Events\EventsTests.cs(43,10): error CS0246: The type or namespace name 'InlineDataAttribute' could not be found (are you missing a using directive or an assembly reference?)
C:\gh\azure-sdk-for-net\sdk\applicationinsights\Microsoft.Azure.ApplicationInsights.Query\tests\ScenarioTests\Events\EventsTests.cs(43,10): error CS0246: The type or namespace name 'InlineData' could not be found (are you missing a using directive or an assembly reference?)
C:\gh\azure-sdk-for-net\sdk\applicationinsights\Microsoft.Azure.ApplicationInsights.Query\tests\ScenarioTests\Events\EventsTests.cs(44,10): error CS0246: The type or namespace name 'InlineDataAttribute' could not be found (are you missing a using directive or an assembly reference?)
C:\gh\azure-sdk-for-net\sdk\applicationinsights\Microsoft.Azure.ApplicationInsights.Query\tests\ScenarioTests\Events\EventsTests.cs(44,10): error CS0246: The type or namespace name 'InlineData' could not be found (are you missing a using directive or an assembly reference?)
C:\gh\azure-sdk-for-net\sdk\applicationinsights\Microsoft.Azure.ApplicationInsights.Query\tests\ScenarioTests\Events\EventsTests.cs(45,10): error CS0246: The type or namespace name 'InlineDataAttribute' could not be found (are you missing a using directive or an assembly reference?)
C:\gh\azure-sdk-for-net\sdk\applicationinsights\Microsoft.Azure.ApplicationInsights.Query\tests\ScenarioTests\Events\EventsTests.cs(45,10): error CS0246: The type or namespace name 'InlineData' could not be found (are you missing a using directive or an assembly reference?)
C:\gh\azure-sdk-for-net\sdk\applicationinsights\Microsoft.Azure.ApplicationInsights.Query\tests\ScenarioTests\Events\EventsTests.cs(46,10): error CS0246: The type or namespace name 'InlineDataAttribute' could not be found (are you missing a using directive or an assembly reference?)
C:\gh\azure-sdk-for-net\sdk\applicationinsights\Microsoft.Azure.ApplicationInsights.Query\tests\ScenarioTests\Events\EventsTests.cs(46,10): error CS0246: The type or namespace name 'InlineData' could not be found (are you missing a using directive or an assembly reference?)
C:\gh\azure-sdk-for-net\sdk\applicationinsights\Microsoft.Azure.ApplicationInsights.Query\tests\ScenarioTests\Events\EventsTests.cs(36,17): error CS0246: The type or namespace name 'Skip' could not be found (are you missing a using directive or an assembly reference?)
C:\gh\azure-sdk-for-net\sdk\applicationinsights\Microsoft.Azure.ApplicationInsights.Query\tests\ScenarioTests\QueryTests.cs(13,33): error CS0234: The type or namespace name 'Rest' does not exist in the namespace 'Microsoft' (are you missing an assembly reference?)
C:\gh\azure-sdk-for-net\sdk\applicationinsights\Microsoft.Azure.ApplicationInsights.Query\tests\DataPlaneTestBase.cs(13,59): error CS0246: The type or namespace name 'MockContext' could not be found (are you missing a using directive or an assembly reference?)
C:\gh\azure-sdk-for-net\sdk\applicationinsights\Microsoft.Azure.ApplicationInsights.Query\tests\ScenarioTests\Metrics\SummaryMetricsTests.cs(28,10): error CS0246: The type or namespace name 'FactAttribute' could not be found (are you missing a using directive or an assembly reference?)
C:\gh\azure-sdk-for-net\sdk\applicationinsights\Microsoft.Azure.ApplicationInsights.Query\tests\ScenarioTests\Metrics\SummaryMetricsTests.cs(28,10): error CS0246: The type or namespace name 'Fact' could not be found (are you missing a using directive or an assembly reference?)
C:\gh\azure-sdk-for-net\sdk\applicationinsights\Microsoft.Azure.ApplicationInsights.Query\tests\ScenarioTests\Metrics\SummaryMetricsTests.cs(28,15): error CS0246: The type or namespace name 'Skip' could not be found (are you missing a using directive or an assembly reference?)
C:\gh\azure-sdk-for-net\sdk\applicationinsights\Microsoft.Azure.ApplicationInsights.Query\tests\ScenarioTests\Metrics\IntervaledMetricsTests.cs(36,10): error CS0246: The type or namespace name 'FactAttribute' could not be found (are you missing a using directive or an assembly reference?)
C:\gh\azure-sdk-for-net\sdk\applicationinsights\Microsoft.Azure.ApplicationInsights.Query\tests\ScenarioTests\Metrics\IntervaledMetricsTests.cs(36,10): error CS0246: The type or namespace name 'Fact' could not be found (are you missing a using directive or an assembly reference?)
C:\gh\azure-sdk-for-net\sdk\applicationinsights\Microsoft.Azure.ApplicationInsights.Query\tests\ScenarioTests\Metrics\IntervaledMetricsTests.cs(36,15): error CS0246: The type or namespace name 'Skip' could not be found (are you missing a using directive or an assembly reference?)
C:\gh\azure-sdk-for-net\sdk\applicationinsights\Microsoft.Azure.ApplicationInsights.Query\tests\ScenarioTests\Events\TraceEventsTests.cs(13,10): error CS0246: The type or namespace name 'FactAttribute' could not be found (are you missing a using directive or an assembly reference?)
C:\gh\azure-sdk-for-net\sdk\applicationinsights\Microsoft.Azure.ApplicationInsights.Query\tests\ScenarioTests\Events\TraceEventsTests.cs(13,10): error CS0246: The type or namespace name 'Fact' could not be found (are you missing a using directive or an assembly reference?)
C:\gh\azure-sdk-for-net\sdk\applicationinsights\Microsoft.Azure.ApplicationInsights.Query\tests\ScenarioTests\Events\TraceEventsTests.cs(13,15): error CS0246: The type or namespace name 'Skip' could not be found (are you missing a using directive or an assembly reference?)
C:\gh\azure-sdk-for-net\sdk\applicationinsights\Microsoft.Azure.ApplicationInsights.Query\tests\ScenarioTests\Metrics\SegmentedMetricsTests.cs(110,10): error CS0246: The type or namespace name 'FactAttribute' could not be found (are you missing a using directive or an assembly reference?)
C:\gh\azure-sdk-for-net\sdk\applicationinsights\Microsoft.Azure.ApplicationInsights.Query\tests\ScenarioTests\Metrics\SegmentedMetricsTests.cs(110,10): error CS0246: The type or namespace name 'Fact' could not be found (are you missing a using directive or an assembly reference?)
C:\gh\azure-sdk-for-net\sdk\applicationinsights\Microsoft.Azure.ApplicationInsights.Query\tests\ScenarioTests\Metrics\SegmentedMetricsTests.cs(110,15): error CS0246: The type or namespace name 'Skip' could not be found (are you missing a using directive or an assembly reference?)
C:\gh\azure-sdk-for-net\sdk\applicationinsights\Microsoft.Azure.ApplicationInsights.Query\tests\ScenarioTests\Metrics\IntervaledSegmentedMetricsTests.cs(130,10): error CS0246: The type or namespace name 'FactAttribute' could not be found (are you missing a using directive or an assembly reference?)
C:\gh\azure-sdk-for-net\sdk\applicationinsights\Microsoft.Azure.ApplicationInsights.Query\tests\ScenarioTests\Metrics\IntervaledSegmentedMetricsTests.cs(130,10): error CS0246: The type or namespace name 'Fact' could not be found (are you missing a using directive or an assembly reference?)
C:\gh\azure-sdk-for-net\sdk\applicationinsights\Microsoft.Azure.ApplicationInsights.Query\tests\ScenarioTests\Metrics\IntervaledSegmentedMetricsTests.cs(130,15): error CS0246: The type or namespace name 'Skip' could not be found (are you missing a using directive or an assembly reference?)
C:\gh\azure-sdk-for-net\sdk\applicationinsights\Microsoft.Azure.ApplicationInsights.Query\tests\ScenarioTests\Metrics\SummaryMetricsTests.cs(12,10): error CS0246: The type or namespace name 'FactAttribute' could not be found (are you missing a using directive or an assembly reference?)
C:\gh\azure-sdk-for-net\sdk\applicationinsights\Microsoft.Azure.ApplicationInsights.Query\tests\ScenarioTests\Metrics\SummaryMetricsTests.cs(12,10): error CS0246: The type or namespace name 'Fact' could not be found (are you missing a using directive or an assembly reference?)
C:\gh\azure-sdk-for-net\sdk\applicationinsights\Microsoft.Azure.ApplicationInsights.Query\tests\ScenarioTests\Metrics\SummaryMetricsTests.cs(12,15): error CS0246: The type or namespace name 'Skip' could not be found (are you missing a using directive or an assembly reference?)
C:\gh\azure-sdk-for-net\sdk\applicationinsights\Microsoft.Azure.ApplicationInsights.Query\tests\ScenarioTests\QueryTests.cs(63,10): error CS0246: The type or namespace name 'FactAttribute' could not be found (are you missing a using directive or an assembly reference?)
C:\gh\azure-sdk-for-net\sdk\applicationinsights\Microsoft.Azure.ApplicationInsights.Query\tests\ScenarioTests\QueryTests.cs(63,10): error CS0246: The type or namespace name 'Fact' could not be found (are you missing a using directive or an assembly reference?)
C:\gh\azure-sdk-for-net\sdk\applicationinsights\Microsoft.Azure.ApplicationInsights.Query\tests\ScenarioTests\QueryTests.cs(63,15): error CS0246: The type or namespace name 'Skip' could not be found (are you missing a using directive or an assembly reference?)
C:\gh\azure-sdk-for-net\sdk\applicationinsights\Microsoft.Azure.ApplicationInsights.Query\tests\ScenarioTests\Metrics\IntervaledMetricsTests.cs(13,10): error CS0246: The type or namespace name 'FactAttribute' could not be found (are you missing a using directive or an assembly reference?)
C:\gh\azure-sdk-for-net\sdk\applicationinsights\Microsoft.Azure.ApplicationInsights.Query\tests\ScenarioTests\Metrics\IntervaledMetricsTests.cs(13,10): error CS0246: The type or namespace name 'Fact' could not be found (are you missing a using directive or an assembly reference?)
C:\gh\azure-sdk-for-net\sdk\applicationinsights\Microsoft.Azure.ApplicationInsights.Query\tests\ScenarioTests\Metrics\IntervaledMetricsTests.cs(13,15): error CS0246: The type or namespace name 'Skip' could not be found (are you missing a using directive or an assembly reference?)
C:\gh\azure-sdk-for-net\sdk\applicationinsights\Microsoft.Azure.ApplicationInsights.Query\tests\ScenarioTests\Metrics\SegmentedMetricsTests.cs(74,10): error CS0246: The type or namespace name 'FactAttribute' could not be found (are you missing a using directive or an assembly reference?)
C:\gh\azure-sdk-for-net\sdk\applicationinsights\Microsoft.Azure.ApplicationInsights.Query\tests\ScenarioTests\Metrics\SegmentedMetricsTests.cs(74,10): error CS0246: The type or namespace name 'Fact' could not be found (are you missing a using directive or an assembly reference?)
C:\gh\azure-sdk-for-net\sdk\applicationinsights\Microsoft.Azure.ApplicationInsights.Query\tests\ScenarioTests\Metrics\SegmentedMetricsTests.cs(74,15): error CS0246: The type or namespace name 'Skip' could not be found (are you missing a using directive or an assembly reference?)
C:\gh\azure-sdk-for-net\sdk\applicationinsights\Microsoft.Azure.ApplicationInsights.Query\tests\ScenarioTests\Events\EventsTests.cs(15,10): error CS0246: The type or namespace name 'FactAttribute' could not be found (are you missing a using directive or an assembly reference?)
C:\gh\azure-sdk-for-net\sdk\applicationinsights\Microsoft.Azure.ApplicationInsights.Query\tests\ScenarioTests\Events\EventsTests.cs(15,10): error CS0246: The type or namespace name 'Fact' could not be found (are you missing a using directive or an assembly reference?)
C:\gh\azure-sdk-for-net\sdk\applicationinsights\Microsoft.Azure.ApplicationInsights.Query\tests\ScenarioTests\Events\EventsTests.cs(15,15): error CS0246: The type or namespace name 'Skip' could not be found (are you missing a using directive or an assembly reference?)
C:\gh\azure-sdk-for-net\sdk\applicationinsights\Microsoft.Azure.ApplicationInsights.Query\tests\ScenarioTests\Metrics\IntervaledSegmentedMetricsTests.cs(87,10): error CS0246: The type or namespace name 'FactAttribute' could not be found (are you missing a using directive or an assembly reference?)
C:\gh\azure-sdk-for-net\sdk\applicationinsights\Microsoft.Azure.ApplicationInsights.Query\tests\ScenarioTests\Metrics\IntervaledSegmentedMetricsTests.cs(87,10): error CS0246: The type or namespace name 'Fact' could not be found (are you missing a using directive or an assembly reference?)
C:\gh\azure-sdk-for-net\sdk\applicationinsights\Microsoft.Azure.ApplicationInsights.Query\tests\ScenarioTests\Metrics\IntervaledSegmentedMetricsTests.cs(87,15): error CS0246: The type or namespace name 'Skip' could not be found (are you missing a using directive or an assembly reference?)
C:\gh\azure-sdk-for-net\sdk\applicationinsights\Microsoft.Azure.ApplicationInsights.Query\tests\ScenarioTests\Metrics\MetricTests.cs(14,10): error CS0246: The type or namespace name 'TheoryAttribute' could not be found (are you missing a using directive or an assembly reference?)
C:\gh\azure-sdk-for-net\sdk\applicationinsights\Microsoft.Azure.ApplicationInsights.Query\tests\ScenarioTests\Metrics\MetricTests.cs(14,10): error CS0246: The type or namespace name 'Theory' could not be found (are you missing a using directive or an assembly reference?)
C:\gh\azure-sdk-for-net\sdk\applicationinsights\Microsoft.Azure.ApplicationInsights.Query\tests\ScenarioTests\Metrics\MetricTests.cs(15,10): error CS0246: The type or namespace name 'MemberDataAttribute' could not be found (are you missing a using directive or an assembly reference?)
C:\gh\azure-sdk-for-net\sdk\applicationinsights\Microsoft.Azure.ApplicationInsights.Query\tests\ScenarioTests\Metrics\MetricTests.cs(15,10): error CS0246: The type or namespace name 'MemberData' could not be found (are you missing a using directive or an assembly reference?)
C:\gh\azure-sdk-for-net\sdk\applicationinsights\Microsoft.Azure.ApplicationInsights.Query\tests\ScenarioTests\Metrics\MetricTests.cs(16,10): error CS0246: The type or namespace name 'MemberDataAttribute' could not be found (are you missing a using directive or an assembly reference?)
C:\gh\azure-sdk-for-net\sdk\applicationinsights\Microsoft.Azure.ApplicationInsights.Query\tests\ScenarioTests\Metrics\MetricTests.cs(16,10): error CS0246: The type or namespace name 'MemberData' could not be found (are you missing a using directive or an assembly reference?)
C:\gh\azure-sdk-for-net\sdk\applicationinsights\Microsoft.Azure.ApplicationInsights.Query\tests\ScenarioTests\Metrics\MetricTests.cs(17,10): error CS0246: The type or namespace name 'MemberDataAttribute' could not be found (are you missing a using directive or an assembly reference?)
C:\gh\azure-sdk-for-net\sdk\applicationinsights\Microsoft.Azure.ApplicationInsights.Query\tests\ScenarioTests\Metrics\MetricTests.cs(17,10): error CS0246: The type or namespace name 'MemberData' could not be found (are you missing a using directive or an assembly reference?)
C:\gh\azure-sdk-for-net\sdk\applicationinsights\Microsoft.Azure.ApplicationInsights.Query\tests\ScenarioTests\Metrics\MetricTests.cs(18,10): error CS0246: The type or namespace name 'MemberDataAttribute' could not be found (are you missing a using directive or an assembly reference?)
C:\gh\azure-sdk-for-net\sdk\applicationinsights\Microsoft.Azure.ApplicationInsights.Query\tests\ScenarioTests\Metrics\MetricTests.cs(18,10): error CS0246: The type or namespace name 'MemberData' could not be found (are you missing a using directive or an assembly reference?)
C:\gh\azure-sdk-for-net\sdk\applicationinsights\Microsoft.Azure.ApplicationInsights.Query\tests\ScenarioTests\Metrics\MetricTests.cs(19,10): error CS0246: The type or namespace name 'MemberDataAttribute' could not be found (are you missing a using directive or an assembly reference?)
C:\gh\azure-sdk-for-net\sdk\applicationinsights\Microsoft.Azure.ApplicationInsights.Query\tests\ScenarioTests\Metrics\MetricTests.cs(19,10): error CS0246: The type or namespace name 'MemberData' could not be found (are you missing a using directive or an assembly reference?)
C:\gh\azure-sdk-for-net\sdk\applicationinsights\Microsoft.Azure.ApplicationInsights.Query\tests\ScenarioTests\Metrics\MetricTests.cs(14,17): error CS0246: The type or namespace name 'Skip' could not be found (are you missing a using directive or an assembly reference?)
C:\gh\azure-sdk-for-net\sdk\applicationinsights\Microsoft.Azure.ApplicationInsights.Query\tests\ScenarioTests\QueryTests.cs(37,10): error CS0246: The type or namespace name 'FactAttribute' could not be found (are you missing a using directive or an assembly reference?)
C:\gh\azure-sdk-for-net\sdk\applicationinsights\Microsoft.Azure.ApplicationInsights.Query\tests\ScenarioTests\QueryTests.cs(37,10): error CS0246: The type or namespace name 'Fact' could not be found (are you missing a using directive or an assembly reference?)
C:\gh\azure-sdk-for-net\sdk\applicationinsights\Microsoft.Azure.ApplicationInsights.Query\tests\ScenarioTests\QueryTests.cs(37,15): error CS0246: The type or namespace name 'Skip' could not be found (are you missing a using directive or an assembly reference?)
C:\gh\azure-sdk-for-net\sdk\applicationinsights\Microsoft.Azure.ApplicationInsights.Query\tests\ScenarioTests\Metrics\SegmentedMetricsTests.cs(41,10): error CS0246: The type or namespace name 'FactAttribute' could not be found (are you missing a using directive or an assembly reference?)
C:\gh\azure-sdk-for-net\sdk\applicationinsights\Microsoft.Azure.ApplicationInsights.Query\tests\ScenarioTests\Metrics\SegmentedMetricsTests.cs(41,10): error CS0246: The type or namespace name 'Fact' could not be found (are you missing a using directive or an assembly reference?)
C:\gh\azure-sdk-for-net\sdk\applicationinsights\Microsoft.Azure.ApplicationInsights.Query\tests\ScenarioTests\Metrics\SegmentedMetricsTests.cs(41,15): error CS0246: The type or namespace name 'Skip' could not be found (are you missing a using directive or an assembly reference?)
C:\gh\azure-sdk-for-net\sdk\applicationinsights\Microsoft.Azure.ApplicationInsights.Query\tests\ScenarioTests\QueryTests.cs(28,10): error CS0246: The type or namespace name 'FactAttribute' could not be found (are you missing a using directive or an assembly reference?)
C:\gh\azure-sdk-for-net\sdk\applicationinsights\Microsoft.Azure.ApplicationInsights.Query\tests\ScenarioTests\QueryTests.cs(28,10): error CS0246: The type or namespace name 'Fact' could not be found (are you missing a using directive or an assembly reference?)
C:\gh\azure-sdk-for-net\sdk\applicationinsights\Microsoft.Azure.ApplicationInsights.Query\tests\ScenarioTests\QueryTests.cs(28,15): error CS0246: The type or namespace name 'Skip' could not be found (are you missing a using directive or an assembly reference?)
C:\gh\azure-sdk-for-net\sdk\applicationinsights\Microsoft.Azure.ApplicationInsights.Query\tests\ScenarioTests\QueryTests.cs(19,10): error CS0246: The type or namespace name 'FactAttribute' could not be found (are you missing a using directive or an assembly reference?)
C:\gh\azure-sdk-for-net\sdk\applicationinsights\Microsoft.Azure.ApplicationInsights.Query\tests\ScenarioTests\QueryTests.cs(19,10): error CS0246: The type or namespace name 'Fact' could not be found (are you missing a using directive or an assembly reference?)
C:\gh\azure-sdk-for-net\sdk\applicationinsights\Microsoft.Azure.ApplicationInsights.Query\tests\ScenarioTests\QueryTests.cs(19,15): error CS0246: The type or namespace name 'Skip' could not be found (are you missing a using directive or an assembly reference?)
C:\gh\azure-sdk-for-net\sdk\applicationinsights\Microsoft.Azure.ApplicationInsights.Query\tests\ScenarioTests\Metrics\IntervaledSegmentedMetricsTests.cs(47,10): error CS0246: The type or namespace name 'FactAttribute' could not be found (are you missing a using directive or an assembly reference?)
C:\gh\azure-sdk-for-net\sdk\applicationinsights\Microsoft.Azure.ApplicationInsights.Query\tests\ScenarioTests\Metrics\IntervaledSegmentedMetricsTests.cs(47,10): error CS0246: The type or namespace name 'Fact' could not be found (are you missing a using directive or an assembly reference?)
C:\gh\azure-sdk-for-net\sdk\applicationinsights\Microsoft.Azure.ApplicationInsights.Query\tests\ScenarioTests\Metrics\IntervaledSegmentedMetricsTests.cs(47,15): error CS0246: The type or namespace name 'Skip' could not be found (are you missing a using directive or an assembly reference?)
C:\gh\azure-sdk-for-net\sdk\applicationinsights\Microsoft.Azure.ApplicationInsights.Query\tests\ScenarioTests\Metrics\SegmentedMetricsTests.cs(14,10): error CS0246: The type or namespace name 'FactAttribute' could not be found (are you missing a using directive or an assembly reference?)
C:\gh\azure-sdk-for-net\sdk\applicationinsights\Microsoft.Azure.ApplicationInsights.Query\tests\ScenarioTests\Metrics\SegmentedMetricsTests.cs(14,10): error CS0246: The type or namespace name 'Fact' could not be found (are you missing a using directive or an assembly reference?)
C:\gh\azure-sdk-for-net\sdk\applicationinsights\Microsoft.Azure.ApplicationInsights.Query\tests\ScenarioTests\Metrics\SegmentedMetricsTests.cs(14,15): error CS0246: The type or namespace name 'Skip' could not be found (are you missing a using directive or an assembly reference?)
C:\gh\azure-sdk-for-net\sdk\applicationinsights\Microsoft.Azure.ApplicationInsights.Query\tests\ScenarioTests\Metrics\IntervaledSegmentedMetricsTests.cs(13,10): error CS0246: The type or namespace name 'FactAttribute' could not be found (are you missing a using directive or an assembly reference?)
C:\gh\azure-sdk-for-net\sdk\applicationinsights\Microsoft.Azure.ApplicationInsights.Query\tests\ScenarioTests\Metrics\IntervaledSegmentedMetricsTests.cs(13,10): error CS0246: The type or namespace name 'Fact' could not be found (are you missing a using directive or an assembly reference?)
C:\gh\azure-sdk-for-net\sdk\applicationinsights\Microsoft.Azure.ApplicationInsights.Query\tests\ScenarioTests\Metrics\IntervaledSegmentedMetricsTests.cs(13,15): error CS0246: The type or namespace name 'Skip' could not be found (are you missing a using directive or an assembly reference?)
C:\gh\azure-sdk-for-net\sdk\applicationinsights\Microsoft.Azure.ApplicationInsights.Query\tests\ScenarioTests\Events\EventsExtensionTests.cs(15,10): error CS0246: The type or namespace name 'TheoryAttribute' could not be found (are you missing a using directive or an assembly reference?)
C:\gh\azure-sdk-for-net\sdk\applicationinsights\Microsoft.Azure.ApplicationInsights.Query\tests\ScenarioTests\Events\EventsExtensionTests.cs(15,10): error CS0246: The type or namespace name 'Theory' could not be found (are you missing a using directive or an assembly reference?)
C:\gh\azure-sdk-for-net\sdk\applicationinsights\Microsoft.Azure.ApplicationInsights.Query\tests\ScenarioTests\Events\EventsExtensionTests.cs(16,10): error CS0246: The type or namespace name 'MemberDataAttribute' could not be found (are you missing a using directive or an assembly reference?)
C:\gh\azure-sdk-for-net\sdk\applicationinsights\Microsoft.Azure.ApplicationInsights.Query\tests\ScenarioTests\Events\EventsExtensionTests.cs(16,10): error CS0246: The type or namespace name 'MemberData' could not be found (are you missing a using directive or an assembly reference?)
C:\gh\azure-sdk-for-net\sdk\applicationinsights\Microsoft.Azure.ApplicationInsights.Query\tests\ScenarioTests\Events\EventsExtensionTests.cs(17,10): error CS0246: The type or namespace name 'MemberDataAttribute' could not be found (are you missing a using directive or an assembly reference?)
C:\gh\azure-sdk-for-net\sdk\applicationinsights\Microsoft.Azure.ApplicationInsights.Query\tests\ScenarioTests\Events\EventsExtensionTests.cs(17,10): error CS0246: The type or namespace name 'MemberData' could not be found (are you missing a using directive or an assembly reference?)
C:\gh\azure-sdk-for-net\sdk\applicationinsights\Microsoft.Azure.ApplicationInsights.Query\tests\ScenarioTests\Events\EventsExtensionTests.cs(18,10): error CS0246: The type or namespace name 'MemberDataAttribute' could not be found (are you missing a using directive or an assembly reference?)
C:\gh\azure-sdk-for-net\sdk\applicationinsights\Microsoft.Azure.ApplicationInsights.Query\tests\ScenarioTests\Events\EventsExtensionTests.cs(18,10): error CS0246: The type or namespace name 'MemberData' could not be found (are you missing a using directive or an assembly reference?)
C:\gh\azure-sdk-for-net\sdk\applicationinsights\Microsoft.Azure.ApplicationInsights.Query\tests\ScenarioTests\Events\EventsExtensionTests.cs(19,10): error CS0246: The type or namespace name 'MemberDataAttribute' could not be found (are you missing a using directive or an assembly reference?)
C:\gh\azure-sdk-for-net\sdk\applicationinsights\Microsoft.Azure.ApplicationInsights.Query\tests\ScenarioTests\Events\EventsExtensionTests.cs(19,10): error CS0246: The type or namespace name 'MemberData' could not be found (are you missing a using directive or an assembly reference?)
C:\gh\azure-sdk-for-net\sdk\applicationinsights\Microsoft.Azure.ApplicationInsights.Query\tests\ScenarioTests\Events\EventsExtensionTests.cs(20,10): error CS0246: The type or namespace name 'MemberDataAttribute' could not be found (are you missing a using directive or an assembly reference?)
C:\gh\azure-sdk-for-net\sdk\applicationinsights\Microsoft.Azure.ApplicationInsights.Query\tests\ScenarioTests\Events\EventsExtensionTests.cs(20,10): error CS0246: The type or namespace name 'MemberData' could not be found (are you missing a using directive or an assembly reference?)
C:\gh\azure-sdk-for-net\sdk\applicationinsights\Microsoft.Azure.ApplicationInsights.Query\tests\ScenarioTests\Events\EventsExtensionTests.cs(21,10): error CS0246: The type or namespace name 'MemberDataAttribute' could not be found (are you missing a using directive or an assembly reference?)
C:\gh\azure-sdk-for-net\sdk\applicationinsights\Microsoft.Azure.ApplicationInsights.Query\tests\ScenarioTests\Events\EventsExtensionTests.cs(21,10): error CS0246: The type or namespace name 'MemberData' could not be found (are you missing a using directive or an assembly reference?)
C:\gh\azure-sdk-for-net\sdk\applicationinsights\Microsoft.Azure.ApplicationInsights.Query\tests\ScenarioTests\Events\EventsExtensionTests.cs(22,10): error CS0246: The type or namespace name 'MemberDataAttribute' could not be found (are you missing a using directive or an assembly reference?)
C:\gh\azure-sdk-for-net\sdk\applicationinsights\Microsoft.Azure.ApplicationInsights.Query\tests\ScenarioTests\Events\EventsExtensionTests.cs(22,10): error CS0246: The type or namespace name 'MemberData' could not be found (are you missing a using directive or an assembly reference?)
C:\gh\azure-sdk-for-net\sdk\applicationinsights\Microsoft.Azure.ApplicationInsights.Query\tests\ScenarioTests\Events\EventsExtensionTests.cs(23,10): error CS0246: The type or namespace name 'MemberDataAttribute' could not be found (are you missing a using directive or an assembly reference?)
C:\gh\azure-sdk-for-net\sdk\applicationinsights\Microsoft.Azure.ApplicationInsights.Query\tests\ScenarioTests\Events\EventsExtensionTests.cs(23,10): error CS0246: The type or namespace name 'MemberData' could not be found (are you missing a using directive or an assembly reference?)
C:\gh\azure-sdk-for-net\sdk\applicationinsights\Microsoft.Azure.ApplicationInsights.Query\tests\ScenarioTests\Events\EventsExtensionTests.cs(24,10): error CS0246: The type or namespace name 'MemberDataAttribute' could not be found (are you missing a using directive or an assembly reference?)
C:\gh\azure-sdk-for-net\sdk\applicationinsights\Microsoft.Azure.ApplicationInsights.Query\tests\ScenarioTests\Events\EventsExtensionTests.cs(24,10): error CS0246: The type or namespace name 'MemberData' could not be found (are you missing a using directive or an assembly reference?)
C:\gh\azure-sdk-for-net\sdk\applicationinsights\Microsoft.Azure.ApplicationInsights.Query\tests\ScenarioTests\Events\EventsExtensionTests.cs(25,10): error CS0246: The type or namespace name 'MemberDataAttribute' could not be found (are you missing a using directive or an assembly reference?)
C:\gh\azure-sdk-for-net\sdk\applicationinsights\Microsoft.Azure.ApplicationInsights.Query\tests\ScenarioTests\Events\EventsExtensionTests.cs(25,10): error CS0246: The type or namespace name 'MemberData' could not be found (are you missing a using directive or an assembly reference?)
C:\gh\azure-sdk-for-net\eng\mgmt\DisableTestRunParallel.cs(7,12): error CS0246: The type or namespace name 'CollectionBehaviorAttribute' could not be found (are you missing a using directive or an assembly reference?)
C:\gh\azure-sdk-for-net\eng\mgmt\DisableTestRunParallel.cs(7,12): error CS0246: The type or namespace name 'CollectionBehavior' could not be found (are you missing a using directive or an assembly reference?)
C:\gh\azure-sdk-for-net\eng\mgmt\DisableTestRunParallel.cs(7,31): error CS0246: The type or namespace name 'DisableTestParallelization' could not be found (are you missing a using directive or an assembly reference?)
C:\gh\azure-sdk-for-net\eng\mgmt\DisableTestRunParallel.cs(7,66): error CS0246: The type or namespace name 'MaxParallelThreads' could not be found (are you missing a using directive or an assembly reference?)
C:\gh\azure-sdk-for-net\sdk\applicationinsights\Microsoft.Azure.ApplicationInsights.Query\tests\DataPlaneTestBase.cs(2,23): error CS0234: The type or namespace name 'Test' does not exist in the namespace 'Microsoft.Azure' (are you missing an assembly reference?)
C:\gh\azure-sdk-for-net\sdk\applicationinsights\Microsoft.Azure.ApplicationInsights.Query\tests\DataPlaneTestBase.cs(3,17): error CS0234: The type or namespace name 'Rest' does not exist in the namespace 'Microsoft' (are you missing an assembly reference?)
C:\gh\azure-sdk-for-net\sdk\applicationinsights\Microsoft.Azure.ApplicationInsights.Query\tests\ScenarioTests\Events\EventsExtensionTests.cs(7,17): error CS0234: The type or namespace name 'Rest' does not exist in the namespace 'Microsoft' (are you missing an assembly reference?)
C:\gh\azure-sdk-for-net\sdk\applicationinsights\Microsoft.Azure.ApplicationInsights.Query\tests\ScenarioTests\Events\EventsExtensionTests.cs(8,7): error CS0246: The type or namespace name 'Newtonsoft' could not be found (are you missing a using directive or an assembly reference?)
C:\gh\azure-sdk-for-net\sdk\applicationinsights\Microsoft.Azure.ApplicationInsights.Query\tests\ScenarioTests\Events\EventsExtensionTests.cs(9,7): error CS0246: The type or namespace name 'Xunit' could not be found (are you missing a using directive or an assembly reference?)
C:\gh\azure-sdk-for-net\sdk\applicationinsights\Microsoft.Azure.ApplicationInsights.Query\tests\ScenarioTests\Events\EventsTestBase.cs(3,7): error CS0246: The type or namespace name 'Newtonsoft' could not be found (are you missing a using directive or an assembly reference?)
C:\gh\azure-sdk-for-net\sdk\applicationinsights\Microsoft.Azure.ApplicationInsights.Query\tests\ScenarioTests\Events\EventsTestBase.cs(4,7): error CS0246: The type or namespace name 'Xunit' could not be found (are you missing a using directive or an assembly reference?)
C:\gh\azure-sdk-for-net\sdk\applicationinsights\Microsoft.Azure.ApplicationInsights.Query\tests\ScenarioTests\Events\EventsTests.cs(3,17): error CS0234: The type or namespace name 'Rest' does not exist in the namespace 'Microsoft' (are you missing an assembly reference?)
C:\gh\azure-sdk-for-net\sdk\applicationinsights\Microsoft.Azure.ApplicationInsights.Query\tests\ScenarioTests\Events\EventsTests.cs(6,7): error CS0246: The type or namespace name 'Xunit' could not be found (are you missing a using directive or an assembly reference?)
C:\gh\azure-sdk-for-net\sdk\applicationinsights\Microsoft.Azure.ApplicationInsights.Query\tests\ScenarioTests\Events\TraceEventsTests.cs(4,17): error CS0234: The type or namespace name 'Rest' does not exist in the namespace 'Microsoft' (are you missing an assembly reference?)
C:\gh\azure-sdk-for-net\sdk\applicationinsights\Microsoft.Azure.ApplicationInsights.Query\tests\ScenarioTests\Events\TraceEventsTests.cs(5,7): error CS0246: The type or namespace name 'Newtonsoft' could not be found (are you missing a using directive or an assembly reference?)
C:\gh\azure-sdk-for-net\sdk\applicationinsights\Microsoft.Azure.ApplicationInsights.Query\tests\ScenarioTests\Events\TraceEventsTests.cs(6,7): error CS0246: The type or namespace name 'Xunit' could not be found (are you missing a using directive or an assembly reference?)
C:\gh\azure-sdk-for-net\sdk\applicationinsights\Microsoft.Azure.ApplicationInsights.Query\tests\ScenarioTests\Metrics\IntervaledMetricsTests.cs(5,17): error CS0234: The type or namespace name 'Rest' does not exist in the namespace 'Microsoft' (are you missing an assembly reference?)
C:\gh\azure-sdk-for-net\sdk\applicationinsights\Microsoft.Azure.ApplicationInsights.Query\tests\ScenarioTests\Metrics\IntervaledMetricsTests.cs(6,7): error CS0246: The type or namespace name 'Xunit' could not be found (are you missing a using directive or an assembly reference?)
C:\gh\azure-sdk-for-net\sdk\applicationinsights\Microsoft.Azure.ApplicationInsights.Query\tests\ScenarioTests\Metrics\IntervaledSegmentedMetricsTests.cs(6,17): error CS0234: The type or namespace name 'Rest' does not exist in the namespace 'Microsoft' (are you missing an assembly reference?)
C:\gh\azure-sdk-for-net\sdk\applicationinsights\Microsoft.Azure.ApplicationInsights.Query\tests\ScenarioTests\Metrics\IntervaledSegmentedMetricsTests.cs(7,7): error CS0246: The type or namespace name 'Xunit' could not be found (are you missing a using directive or an assembly reference?)
C:\gh\azure-sdk-for-net\sdk\applicationinsights\Microsoft.Azure.ApplicationInsights.Query\tests\ScenarioTests\Metrics\MetricsTestBase.cs(4,7): error CS0246: The type or namespace name 'Xunit' could not be found (are you missing a using directive or an assembly reference?)
C:\gh\azure-sdk-for-net\sdk\applicationinsights\Microsoft.Azure.ApplicationInsights.Query\tests\ScenarioTests\Metrics\MetricTests.cs(5,17): error CS0234: The type or namespace name 'Rest' does not exist in the namespace 'Microsoft' (are you missing an assembly reference?)
C:\gh\azure-sdk-for-net\sdk\applicationinsights\Microsoft.Azure.ApplicationInsights.Query\tests\ScenarioTests\Metrics\MetricTests.cs(6,7): error CS0246: The type or namespace name 'Xunit' could not be found (are you missing a using directive or an assembly reference?)
C:\gh\azure-sdk-for-net\sdk\applicationinsights\Microsoft.Azure.ApplicationInsights.Query\tests\ScenarioTests\Metrics\SegmentedMetricsTests.cs(6,17): error CS0234: The type or namespace name 'Rest' does not exist in the namespace 'Microsoft' (are you missing an assembly reference?)
C:\gh\azure-sdk-for-net\sdk\applicationinsights\Microsoft.Azure.ApplicationInsights.Query\tests\ScenarioTests\Metrics\SegmentedMetricsTests.cs(7,7): error CS0246: The type or namespace name 'Xunit' could not be found (are you missing a using directive or an assembly reference?)
C:\gh\azure-sdk-for-net\sdk\applicationinsights\Microsoft.Azure.ApplicationInsights.Query\tests\ScenarioTests\Metrics\SummaryMetricsTests.cs(5,17): error CS0234: The type or namespace name 'Rest' does not exist in the namespace 'Microsoft' (are you missing an assembly reference?)
C:\gh\azure-sdk-for-net\sdk\applicationinsights\Microsoft.Azure.ApplicationInsights.Query\tests\ScenarioTests\Metrics\SummaryMetricsTests.cs(6,7): error CS0246: The type or namespace name 'Xunit' could not be found (are you missing a using directive or an assembly reference?)
C:\gh\azure-sdk-for-net\sdk\applicationinsights\Microsoft.Azure.ApplicationInsights.Query\tests\ScenarioTests\QueryTests.cs(3,17): error CS0234: The type or namespace name 'Rest' does not exist in the namespace 'Microsoft' (are you missing an assembly reference?)
C:\gh\azure-sdk-for-net\sdk\applicationinsights\Microsoft.Azure.ApplicationInsights.Query\tests\ScenarioTests\QueryTests.cs(7,7): error CS0246: The type or namespace name 'Xunit' could not be found (are you missing a using directive or an assembly reference?)
C:\gh\azure-sdk-for-net\eng\mgmt\DisableTestRunParallel.cs(5,7): error CS0246: The type or namespace name 'Xunit' could not be found (are you missing a using directive or an assembly reference?)
C:\gh\azure-sdk-for-net\sdk\applicationinsights\Microsoft.Azure.ApplicationInsights.Query\tests\ScenarioTests\Events\EventsExtensionTests.cs(59,10): error CS0246: The type or namespace name 'TheoryAttribute' could not be found (are you missing a using directive or an assembly reference?)
C:\gh\azure-sdk-for-net\sdk\applicationinsights\Microsoft.Azure.ApplicationInsights.Query\tests\ScenarioTests\Events\EventsExtensionTests.cs(59,10): error CS0246: The type or namespace name 'Theory' could not be found (are you missing a using directive or an assembly reference?)
C:\gh\azure-sdk-for-net\sdk\applicationinsights\Microsoft.Azure.ApplicationInsights.Query\tests\ScenarioTests\Events\EventsExtensionTests.cs(60,10): error CS0246: The type or namespace name 'MemberDataAttribute' could not be found (are you missing a using directive or an assembly reference?)
C:\gh\azure-sdk-for-net\sdk\applicationinsights\Microsoft.Azure.ApplicationInsights.Query\tests\ScenarioTests\Events\EventsExtensionTests.cs(60,10): error CS0246: The type or namespace name 'MemberData' could not be found (are you missing a using directive or an assembly reference?)
C:\gh\azure-sdk-for-net\sdk\applicationinsights\Microsoft.Azure.ApplicationInsights.Query\tests\ScenarioTests\Events\EventsExtensionTests.cs(61,10): error CS0246: The type or namespace name 'MemberDataAttribute' could not be found (are you missing a using directive or an assembly reference?)
C:\gh\azure-sdk-for-net\sdk\applicationinsights\Microsoft.Azure.ApplicationInsights.Query\tests\ScenarioTests\Events\EventsExtensionTests.cs(61,10): error CS0246: The type or namespace name 'MemberData' could not be found (are you missing a using directive or an assembly reference?)
C:\gh\azure-sdk-for-net\sdk\applicationinsights\Microsoft.Azure.ApplicationInsights.Query\tests\ScenarioTests\Events\EventsExtensionTests.cs(62,10): error CS0246: The type or namespace name 'MemberDataAttribute' could not be found (are you missing a using directive or an assembly reference?)
C:\gh\azure-sdk-for-net\sdk\applicationinsights\Microsoft.Azure.ApplicationInsights.Query\tests\ScenarioTests\Events\EventsExtensionTests.cs(62,10): error CS0246: The type or namespace name 'MemberData' could not be found (are you missing a using directive or an assembly reference?)
C:\gh\azure-sdk-for-net\sdk\applicationinsights\Microsoft.Azure.ApplicationInsights.Query\tests\ScenarioTests\Events\EventsExtensionTests.cs(63,10): error CS0246: The type or namespace name 'MemberDataAttribute' could not be found (are you missing a using directive or an assembly reference?)
C:\gh\azure-sdk-for-net\sdk\applicationinsights\Microsoft.Azure.ApplicationInsights.Query\tests\ScenarioTests\Events\EventsExtensionTests.cs(63,10): error CS0246: The type or namespace name 'MemberData' could not be found (are you missing a using directive or an assembly reference?)
C:\gh\azure-sdk-for-net\sdk\applicationinsights\Microsoft.Azure.ApplicationInsights.Query\tests\ScenarioTests\Events\EventsExtensionTests.cs(64,10): error CS0246: The type or namespace name 'MemberDataAttribute' could not be found (are you missing a using directive or an assembly reference?)
C:\gh\azure-sdk-for-net\sdk\applicationinsights\Microsoft.Azure.ApplicationInsights.Query\tests\ScenarioTests\Events\EventsExtensionTests.cs(64,10): error CS0246: The type or namespace name 'MemberData' could not be found (are you missing a using directive or an assembly reference?)
C:\gh\azure-sdk-for-net\sdk\applicationinsights\Microsoft.Azure.ApplicationInsights.Query\tests\ScenarioTests\Events\EventsExtensionTests.cs(65,10): error CS0246: The type or namespace name 'MemberDataAttribute' could not be found (are you missing a using directive or an assembly reference?)
C:\gh\azure-sdk-for-net\sdk\applicationinsights\Microsoft.Azure.ApplicationInsights.Query\tests\ScenarioTests\Events\EventsExtensionTests.cs(65,10): error CS0246: The type or namespace name 'MemberData' could not be found (are you missing a using directive or an assembly reference?)
C:\gh\azure-sdk-for-net\sdk\applicationinsights\Microsoft.Azure.ApplicationInsights.Query\tests\ScenarioTests\Events\EventsExtensionTests.cs(66,10): error CS0246: The type or namespace name 'MemberDataAttribute' could not be found (are you missing a using directive or an assembly reference?)
C:\gh\azure-sdk-for-net\sdk\applicationinsights\Microsoft.Azure.ApplicationInsights.Query\tests\ScenarioTests\Events\EventsExtensionTests.cs(66,10): error CS0246: The type or namespace name 'MemberData' could not be found (are you missing a using directive or an assembly reference?)
C:\gh\azure-sdk-for-net\sdk\applicationinsights\Microsoft.Azure.ApplicationInsights.Query\tests\ScenarioTests\Events\EventsExtensionTests.cs(67,10): error CS0246: The type or namespace name 'MemberDataAttribute' could not be found (are you missing a using directive or an assembly reference?)
C:\gh\azure-sdk-for-net\sdk\applicationinsights\Microsoft.Azure.ApplicationInsights.Query\tests\ScenarioTests\Events\EventsExtensionTests.cs(67,10): error CS0246: The type or namespace name 'MemberData' could not be found (are you missing a using directive or an assembly reference?)
C:\gh\azure-sdk-for-net\sdk\applicationinsights\Microsoft.Azure.ApplicationInsights.Query\tests\ScenarioTests\Events\EventsExtensionTests.cs(68,10): error CS0246: The type or namespace name 'MemberDataAttribute' could not be found (are you missing a using directive or an assembly reference?)
C:\gh\azure-sdk-for-net\sdk\applicationinsights\Microsoft.Azure.ApplicationInsights.Query\tests\ScenarioTests\Events\EventsExtensionTests.cs(68,10): error CS0246: The type or namespace name 'MemberData' could not be found (are you missing a using directive or an assembly reference?)
C:\gh\azure-sdk-for-net\sdk\applicationinsights\Microsoft.Azure.ApplicationInsights.Query\tests\ScenarioTests\Events\EventsExtensionTests.cs(69,10): error CS0246: The type or namespace name 'MemberDataAttribute' could not be found (are you missing a using directive or an assembly reference?)
C:\gh\azure-sdk-for-net\sdk\applicationinsights\Microsoft.Azure.ApplicationInsights.Query\tests\ScenarioTests\Events\EventsExtensionTests.cs(69,10): error CS0246: The type or namespace name 'MemberData' could not be found (are you missing a using directive or an assembly reference?)
C:\gh\azure-sdk-for-net\sdk\applicationinsights\Microsoft.Azure.ApplicationInsights.Query\tests\DataPlaneTestBase.cs(16,73): error CS0103: The name 'HttpMockServer' does not exist in the current context
C:\gh\azure-sdk-for-net\sdk\applicationinsights\Microsoft.Azure.ApplicationInsights.Query\tests\DataPlaneTestBase.cs(16,30): error CS0246: The type or namespace name 'ServiceClientCredentials' could not be found (are you missing a using directive or an assembly reference?)
C:\gh\azure-sdk-for-net\sdk\applicationinsights\Microsoft.Azure.ApplicationInsights.Query\tests\DataPlaneTestBase.cs(16,30): error CS0012: The type 'HttpClient' is defined in an assembly that is not referenced. You must add a reference to assembly 'System.Net.Http, Version=4.0.0.0, Culture=neutral, PublicKeyToken=b03f5f7f11d50a3a'.
C:\gh\azure-sdk-for-net\sdk\applicationinsights\Microsoft.Azure.ApplicationInsights.Query\tests\DataPlaneTestBase.cs(16,30): error CS0012: The type 'HttpClientHandler' is defined in an assembly that is not referenced. You must add a reference to assembly 'System.Net.Http, Version=4.0.0.0, Culture=neutral, PublicKeyToken=b03f5f7f11d50a3a'.
C:\gh\azure-sdk-for-net\sdk\applicationinsights\Microsoft.Azure.ApplicationInsights.Query\tests\DataPlaneTestBase.cs(16,30): error CS0012: The type 'DelegatingHandler' is defined in an assembly that is not referenced. You must add a reference to assembly 'System.Net.Http, Version=4.0.0.0, Culture=neutral, PublicKeyToken=b03f5f7f11d50a3a'.
C:\gh\azure-sdk-for-net\sdk\applicationinsights\Microsoft.Azure.ApplicationInsights.Query\tests\ScenarioTests\Metrics\SummaryMetricsTests.cs(15,30): error CS0103: The name 'MockContext' does not exist in the current context
C:\gh\azure-sdk-for-net\sdk\applicationinsights\Microsoft.Azure.ApplicationInsights.Query\tests\ScenarioTests\Metrics\IntervaledMetricsTests.cs(16,30): error CS0103: The name 'MockContext' does not exist in the current context
C:\gh\azure-sdk-for-net\sdk\applicationinsights\Microsoft.Azure.ApplicationInsights.Query\tests\ScenarioTests\Metrics\IntervaledMetricsTests.cs(26,17): error CS0103: The name 'Assert' does not exist in the current context
C:\gh\azure-sdk-for-net\sdk\applicationinsights\Microsoft.Azure.ApplicationInsights.Query\tests\ScenarioTests\Metrics\IntervaledMetricsTests.cs(27,17): error CS0103: The name 'Assert' does not exist in the current context
C:\gh\azure-sdk-for-net\sdk\applicationinsights\Microsoft.Azure.ApplicationInsights.Query\tests\ScenarioTests\Metrics\MetricTests.cs(22,30): error CS0103: The name 'MockContext' does not exist in the current context
C:\gh\azure-sdk-for-net\sdk\applicationinsights\Microsoft.Azure.ApplicationInsights.Query\tests\ScenarioTests\Metrics\MetricTests.cs(32,17): error CS0103: The name 'Assert' does not exist in the current context
C:\gh\azure-sdk-for-net\sdk\applicationinsights\Microsoft.Azure.ApplicationInsights.Query\tests\ScenarioTests\Metrics\MetricTests.cs(33,17): error CS0103: The name 'Assert' does not exist in the current context
C:\gh\azure-sdk-for-net\sdk\applicationinsights\Microsoft.Azure.ApplicationInsights.Query\tests\ScenarioTests\QueryTests.cs(22,30): error CS0103: The name 'MockContext' does not exist in the current context
C:\gh\azure-sdk-for-net\sdk\applicationinsights\Microsoft.Azure.ApplicationInsights.Query\tests\ScenarioTests\QueryTests.cs(24,64): error CS0246: The type or namespace name 'HttpOperationResponse<>' could not be found (are you missing a using directive or an assembly reference?)
C:\gh\azure-sdk-for-net\sdk\applicationinsights\Microsoft.Azure.ApplicationInsights.Query\tests\ScenarioTests\Events\EventsTests.cs(18,30): error CS0103: The name 'MockContext' does not exist in the current context
C:\gh\azure-sdk-for-net\sdk\applicationinsights\Microsoft.Azure.ApplicationInsights.Query\tests\ScenarioTests\Events\EventsTests.cs(23,17): error CS0103: The name 'Assert' does not exist in the current context
C:\gh\azure-sdk-for-net\sdk\applicationinsights\Microsoft.Azure.ApplicationInsights.Query\tests\ScenarioTests\Events\EventsTests.cs(24,17): error CS0103: The name 'Assert' does not exist in the current context
C:\gh\azure-sdk-for-net\sdk\applicationinsights\Microsoft.Azure.ApplicationInsights.Query\tests\ScenarioTests\Events\EventsTests.cs(25,17): error CS0103: The name 'Assert' does not exist in the current context
C:\gh\azure-sdk-for-net\sdk\applicationinsights\Microsoft.Azure.ApplicationInsights.Query\tests\ScenarioTests\QueryTests.cs(31,30): error CS0103: The name 'MockContext' does not exist in the current context
C:\gh\azure-sdk-for-net\sdk\applicationinsights\Microsoft.Azure.ApplicationInsights.Query\tests\ScenarioTests\QueryTests.cs(33,64): error CS0246: The type or namespace name 'HttpOperationResponse<>' could not be found (are you missing a using directive or an assembly reference?)
C:\gh\azure-sdk-for-net\sdk\applicationinsights\Microsoft.Azure.ApplicationInsights.Query\tests\ScenarioTests\Metrics\SummaryMetricsTests.cs(31,30): error CS0103: The name 'MockContext' does not exist in the current context
C:\gh\azure-sdk-for-net\sdk\applicationinsights\Microsoft.Azure.ApplicationInsights.Query\tests\ScenarioTests\Metrics\IntervaledMetricsTests.cs(39,30): error CS0103: The name 'MockContext' does not exist in the current context
C:\gh\azure-sdk-for-net\sdk\applicationinsights\Microsoft.Azure.ApplicationInsights.Query\tests\ScenarioTests\Metrics\IntervaledMetricsTests.cs(55,17): error CS0103: The name 'Assert' does not exist in the current context
C:\gh\azure-sdk-for-net\sdk\applicationinsights\Microsoft.Azure.ApplicationInsights.Query\tests\ScenarioTests\Metrics\IntervaledMetricsTests.cs(56,17): error CS0103: The name 'Assert' does not exist in the current context
C:\gh\azure-sdk-for-net\sdk\applicationinsights\Microsoft.Azure.ApplicationInsights.Query\tests\ScenarioTests\Metrics\IntervaledSegmentedMetricsTests.cs(16,30): error CS0103: The name 'MockContext' does not exist in the current context
C:\gh\azure-sdk-for-net\sdk\applicationinsights\Microsoft.Azure.ApplicationInsights.Query\tests\ScenarioTests\Metrics\IntervaledSegmentedMetricsTests.cs(27,17): error CS0103: The name 'Assert' does not exist in the current context
C:\gh\azure-sdk-for-net\sdk\applicationinsights\Microsoft.Azure.ApplicationInsights.Query\tests\ScenarioTests\Metrics\IntervaledSegmentedMetricsTests.cs(28,17): error CS0103: The name 'Assert' does not exist in the current context
C:\gh\azure-sdk-for-net\sdk\applicationinsights\Microsoft.Azure.ApplicationInsights.Query\tests\ScenarioTests\Metrics\IntervaledSegmentedMetricsTests.cs(32,21): error CS0103: The name 'Assert' does not exist in the current context
C:\gh\azure-sdk-for-net\sdk\applicationinsights\Microsoft.Azure.ApplicationInsights.Query\tests\ScenarioTests\Metrics\IntervaledSegmentedMetricsTests.cs(36,25): error CS0103: The name 'Assert' does not exist in the current context
C:\gh\azure-sdk-for-net\sdk\applicationinsights\Microsoft.Azure.ApplicationInsights.Query\tests\ScenarioTests\Metrics\IntervaledSegmentedMetricsTests.cs(38,25): error CS0103: The name 'Assert' does not exist in the current context
C:\gh\azure-sdk-for-net\sdk\applicationinsights\Microsoft.Azure.ApplicationInsights.Query\tests\ScenarioTests\Metrics\IntervaledSegmentedMetricsTests.cs(39,25): error CS0103: The name 'Assert' does not exist in the current context
C:\gh\azure-sdk-for-net\sdk\applicationinsights\Microsoft.Azure.ApplicationInsights.Query\tests\ScenarioTests\Metrics\IntervaledSegmentedMetricsTests.cs(40,25): error CS0103: The name 'Assert' does not exist in the current context
C:\gh\azure-sdk-for-net\sdk\applicationinsights\Microsoft.Azure.ApplicationInsights.Query\tests\ScenarioTests\Metrics\SegmentedMetricsTests.cs(17,30): error CS0103: The name 'MockContext' does not exist in the current context
C:\gh\azure-sdk-for-net\sdk\applicationinsights\Microsoft.Azure.ApplicationInsights.Query\tests\ScenarioTests\Metrics\SegmentedMetricsTests.cs(27,17): error CS0103: The name 'Assert' does not exist in the current context
C:\gh\azure-sdk-for-net\sdk\applicationinsights\Microsoft.Azure.ApplicationInsights.Query\tests\ScenarioTests\Metrics\SegmentedMetricsTests.cs(31,21): error CS0103: The name 'Assert' does not exist in the current context
C:\gh\azure-sdk-for-net\sdk\applicationinsights\Microsoft.Azure.ApplicationInsights.Query\tests\ScenarioTests\Metrics\SegmentedMetricsTests.cs(33,21): error CS0103: The name 'Assert' does not exist in the current context
C:\gh\azure-sdk-for-net\sdk\applicationinsights\Microsoft.Azure.ApplicationInsights.Query\tests\ScenarioTests\Metrics\SegmentedMetricsTests.cs(34,21): error CS0103: The name 'Assert' does not exist in the current context
C:\gh\azure-sdk-for-net\sdk\applicationinsights\Microsoft.Azure.ApplicationInsights.Query\tests\ScenarioTests\Metrics\SegmentedMetricsTests.cs(35,21): error CS0103: The name 'Assert' does not exist in the current context
C:\gh\azure-sdk-for-net\sdk\applicationinsights\Microsoft.Azure.ApplicationInsights.Query\tests\ScenarioTests\Events\EventsTests.cs(49,30): error CS0103: The name 'MockContext' does not exist in the current context
C:\gh\azure-sdk-for-net\sdk\applicationinsights\Microsoft.Azure.ApplicationInsights.Query\tests\ScenarioTests\Events\EventsTests.cs(54,17): error CS0103: The name 'Assert' does not exist in the current context
C:\gh\azure-sdk-for-net\sdk\applicationinsights\Microsoft.Azure.ApplicationInsights.Query\tests\ScenarioTests\Events\EventsTests.cs(55,17): error CS0103: The name 'Assert' does not exist in the current context
C:\gh\azure-sdk-for-net\sdk\applicationinsights\Microsoft.Azure.ApplicationInsights.Query\tests\ScenarioTests\Events\EventsTests.cs(56,17): error CS0103: The name 'Assert' does not exist in the current context
C:\gh\azure-sdk-for-net\sdk\applicationinsights\Microsoft.Azure.ApplicationInsights.Query\tests\ScenarioTests\Events\EventsTests.cs(64,17): error CS0103: The name 'Assert' does not exist in the current context
C:\gh\azure-sdk-for-net\sdk\applicationinsights\Microsoft.Azure.ApplicationInsights.Query\tests\ScenarioTests\Events\EventsTests.cs(65,17): error CS0103: The name 'Assert' does not exist in the current context
C:\gh\azure-sdk-for-net\sdk\applicationinsights\Microsoft.Azure.ApplicationInsights.Query\tests\ScenarioTests\Events\EventsTests.cs(66,17): error CS0103: The name 'Assert' does not exist in the current context
C:\gh\azure-sdk-for-net\sdk\applicationinsights\Microsoft.Azure.ApplicationInsights.Query\tests\ScenarioTests\QueryTests.cs(40,30): error CS0103: The name 'MockContext' does not exist in the current context
C:\gh\azure-sdk-for-net\sdk\applicationinsights\Microsoft.Azure.ApplicationInsights.Query\tests\ScenarioTests\QueryTests.cs(47,27): error CS0246: The type or namespace name 'HttpOperationResponse<>' could not be found (are you missing a using directive or an assembly reference?)
C:\gh\azure-sdk-for-net\sdk\applicationinsights\Microsoft.Azure.ApplicationInsights.Query\tests\ScenarioTests\QueryTests.cs(48,21): error CS0103: The name 'Assert' does not exist in the current context
C:\gh\azure-sdk-for-net\sdk\applicationinsights\Microsoft.Azure.ApplicationInsights.Query\tests\ScenarioTests\QueryTests.cs(50,24): error CS0155: The type caught or thrown must be derived from System.Exception
C:\gh\azure-sdk-for-net\sdk\applicationinsights\Microsoft.Azure.ApplicationInsights.Query\tests\ScenarioTests\QueryTests.cs(50,24): error CS0246: The type or namespace name 'RestException' could not be found (are you missing a using directive or an assembly reference?)
C:\gh\azure-sdk-for-net\sdk\applicationinsights\Microsoft.Azure.ApplicationInsights.Query\tests\ScenarioTests\QueryTests.cs(52,21): error CS0103: The name 'Assert' does not exist in the current context
C:\gh\azure-sdk-for-net\sdk\applicationinsights\Microsoft.Azure.ApplicationInsights.Query\tests\ScenarioTests\QueryTests.cs(52,74): error CS0246: The type or namespace name 'HttpResponseMessageWrapper' could not be found (are you missing a using directive or an assembly reference?)
C:\gh\azure-sdk-for-net\sdk\applicationinsights\Microsoft.Azure.ApplicationInsights.Query\tests\ScenarioTests\QueryTests.cs(53,21): error CS0103: The name 'Assert' does not exist in the current context
C:\gh\azure-sdk-for-net\sdk\applicationinsights\Microsoft.Azure.ApplicationInsights.Query\tests\ScenarioTests\QueryTests.cs(54,21): error CS0103: The name 'Assert' does not exist in the current context
C:\gh\azure-sdk-for-net\sdk\applicationinsights\Microsoft.Azure.ApplicationInsights.Query\tests\ScenarioTests\QueryTests.cs(58,21): error CS0103: The name 'Assert' does not exist in the current context
C:\gh\azure-sdk-for-net\sdk\applicationinsights\Microsoft.Azure.ApplicationInsights.Query\tests\ScenarioTests\Metrics\MetricsTestBase.cs(132,13): error CS0103: The name 'Assert' does not exist in the current context
C:\gh\azure-sdk-for-net\sdk\applicationinsights\Microsoft.Azure.ApplicationInsights.Query\tests\ScenarioTests\Metrics\MetricsTestBase.cs(133,13): error CS0103: The name 'Assert' does not exist in the current context
C:\gh\azure-sdk-for-net\sdk\applicationinsights\Microsoft.Azure.ApplicationInsights.Query\tests\ScenarioTests\Metrics\MetricsTestBase.cs(134,13): error CS0103: The name 'Assert' does not exist in the current context
C:\gh\azure-sdk-for-net\sdk\applicationinsights\Microsoft.Azure.ApplicationInsights.Query\tests\ScenarioTests\Metrics\MetricsTestBase.cs(135,13): error CS0103: The name 'Assert' does not exist in the current context
C:\gh\azure-sdk-for-net\sdk\applicationinsights\Microsoft.Azure.ApplicationInsights.Query\tests\ScenarioTests\Metrics\MetricsTestBase.cs(136,13): error CS0103: The name 'Assert' does not exist in the current context
C:\gh\azure-sdk-for-net\sdk\applicationinsights\Microsoft.Azure.ApplicationInsights.Query\tests\ScenarioTests\Metrics\MetricTests.cs(41,13): error CS0103: The name 'Assert' does not exist in the current context
C:\gh\azure-sdk-for-net\sdk\applicationinsights\Microsoft.Azure.ApplicationInsights.Query\tests\ScenarioTests\Metrics\MetricTests.cs(42,13): error CS0103: The name 'Assert' does not exist in the current context
C:\gh\azure-sdk-for-net\sdk\applicationinsights\Microsoft.Azure.ApplicationInsights.Query\tests\ScenarioTests\Metrics\MetricTests.cs(69,17): error CS0103: The name 'Assert' does not exist in the current context
C:\gh\azure-sdk-for-net\sdk\applicationinsights\Microsoft.Azure.ApplicationInsights.Query\tests\ScenarioTests\Metrics\MetricTests.cs(73,17): error CS0103: The name 'Assert' does not exist in the current context
C:\gh\azure-sdk-for-net\sdk\applicationinsights\Microsoft.Azure.ApplicationInsights.Query\tests\ScenarioTests\Metrics\MetricTests.cs(79,17): error CS0103: The name 'Assert' does not exist in the current context
C:\gh\azure-sdk-for-net\sdk\applicationinsights\Microsoft.Azure.ApplicationInsights.Query\tests\ScenarioTests\Metrics\MetricTests.cs(86,21): error CS0103: The name 'Assert' does not exist in the current context
C:\gh\azure-sdk-for-net\sdk\applicationinsights\Microsoft.Azure.ApplicationInsights.Query\tests\ScenarioTests\Metrics\MetricTests.cs(87,21): error CS0103: The name 'Assert' does not exist in the current context
C:\gh\azure-sdk-for-net\sdk\applicationinsights\Microsoft.Azure.ApplicationInsights.Query\tests\ScenarioTests\Metrics\MetricTests.cs(92,13): error CS0103: The name 'Assert' does not exist in the current context
C:\gh\azure-sdk-for-net\sdk\applicationinsights\Microsoft.Azure.ApplicationInsights.Query\tests\ScenarioTests\Metrics\MetricTests.cs(93,13): error CS0103: The name 'Assert' does not exist in the current context
C:\gh\azure-sdk-for-net\sdk\applicationinsights\Microsoft.Azure.ApplicationInsights.Query\tests\ScenarioTests\Metrics\MetricTests.cs(96,17): error CS0103: The name 'Assert' does not exist in the current context
C:\gh\azure-sdk-for-net\sdk\applicationinsights\Microsoft.Azure.ApplicationInsights.Query\tests\ScenarioTests\Metrics\MetricTests.cs(97,17): error CS0103: The name 'Assert' does not exist in the current context
C:\gh\azure-sdk-for-net\sdk\applicationinsights\Microsoft.Azure.ApplicationInsights.Query\tests\ScenarioTests\Events\TraceEventsTests.cs(16,30): error CS0103: The name 'MockContext' does not exist in the current context
C:\gh\azure-sdk-for-net\sdk\applicationinsights\Microsoft.Azure.ApplicationInsights.Query\tests\ScenarioTests\Events\TraceEventsTests.cs(24,17): error CS0103: The name 'Assert' does not exist in the current context
C:\gh\azure-sdk-for-net\sdk\applicationinsights\Microsoft.Azure.ApplicationInsights.Query\tests\ScenarioTests\Events\TraceEventsTests.cs(25,17): error CS0103: The name 'Assert' does not exist in the current context
C:\gh\azure-sdk-for-net\sdk\applicationinsights\Microsoft.Azure.ApplicationInsights.Query\tests\ScenarioTests\Events\TraceEventsTests.cs(26,17): error CS0103: The name 'Assert' does not exist in the current context
C:\gh\azure-sdk-for-net\sdk\applicationinsights\Microsoft.Azure.ApplicationInsights.Query\tests\ScenarioTests\Events\TraceEventsTests.cs(27,17): error CS0103: The name 'Assert' does not exist in the current context
C:\gh\azure-sdk-for-net\sdk\applicationinsights\Microsoft.Azure.ApplicationInsights.Query\tests\ScenarioTests\Events\TraceEventsTests.cs(34,17): error CS0103: The name 'Assert' does not exist in the current context
C:\gh\azure-sdk-for-net\sdk\applicationinsights\Microsoft.Azure.ApplicationInsights.Query\tests\ScenarioTests\Events\TraceEventsTests.cs(38,17): error CS0103: The name 'Assert' does not exist in the current context
C:\gh\azure-sdk-for-net\sdk\applicationinsights\Microsoft.Azure.ApplicationInsights.Query\tests\ScenarioTests\Events\TraceEventsTests.cs(39,17): error CS0103: The name 'Assert' does not exist in the current context
C:\gh\azure-sdk-for-net\sdk\applicationinsights\Microsoft.Azure.ApplicationInsights.Query\tests\ScenarioTests\Events\TraceEventsTests.cs(40,17): error CS0103: The name 'Assert' does not exist in the current context
C:\gh\azure-sdk-for-net\sdk\applicationinsights\Microsoft.Azure.ApplicationInsights.Query\tests\ScenarioTests\Events\TraceEventsTests.cs(42,17): error CS0103: The name 'Assert' does not exist in the current context
C:\gh\azure-sdk-for-net\sdk\applicationinsights\Microsoft.Azure.ApplicationInsights.Query\tests\ScenarioTests\Events\TraceEventsTests.cs(42,30): error CS0103: The name 'JsonConvert' does not exist in the current context
C:\gh\azure-sdk-for-net\sdk\applicationinsights\Microsoft.Azure.ApplicationInsights.Query\tests\ScenarioTests\Events\TraceEventsTests.cs(43,21): error CS0103: The name 'JsonConvert' does not exist in the current context
C:\gh\azure-sdk-for-net\sdk\applicationinsights\Microsoft.Azure.ApplicationInsights.Query\tests\ScenarioTests\QueryTests.cs(66,30): error CS0103: The name 'MockContext' does not exist in the current context
C:\gh\azure-sdk-for-net\sdk\applicationinsights\Microsoft.Azure.ApplicationInsights.Query\tests\ScenarioTests\QueryTests.cs(75,40): error CS0246: The type or namespace name 'HttpOperationResponse<>' could not be found (are you missing a using directive or an assembly reference?)
C:\gh\azure-sdk-for-net\sdk\applicationinsights\Microsoft.Azure.ApplicationInsights.Query\tests\ScenarioTests\QueryTests.cs(76,21): error CS0103: The name 'Assert' does not exist in the current context
C:\gh\azure-sdk-for-net\sdk\applicationinsights\Microsoft.Azure.ApplicationInsights.Query\tests\ScenarioTests\QueryTests.cs(78,24): error CS0155: The type caught or thrown must be derived from System.Exception
C:\gh\azure-sdk-for-net\sdk\applicationinsights\Microsoft.Azure.ApplicationInsights.Query\tests\ScenarioTests\QueryTests.cs(78,24): error CS0246: The type or namespace name 'RestException' could not be found (are you missing a using directive or an assembly reference?)
C:\gh\azure-sdk-for-net\sdk\applicationinsights\Microsoft.Azure.ApplicationInsights.Query\tests\ScenarioTests\QueryTests.cs(80,21): error CS0103: The name 'Assert' does not exist in the current context
C:\gh\azure-sdk-for-net\sdk\applicationinsights\Microsoft.Azure.ApplicationInsights.Query\tests\ScenarioTests\QueryTests.cs(80,78): error CS0246: The type or namespace name 'HttpResponseMessageWrapper' could not be found (are you missing a using directive or an assembly reference?)
C:\gh\azure-sdk-for-net\sdk\applicationinsights\Microsoft.Azure.ApplicationInsights.Query\tests\ScenarioTests\QueryTests.cs(81,21): error CS0103: The name 'Assert' does not exist in the current context
C:\gh\azure-sdk-for-net\sdk\applicationinsights\Microsoft.Azure.ApplicationInsights.Query\tests\ScenarioTests\QueryTests.cs(82,21): error CS0103: The name 'Assert' does not exist in the current context
C:\gh\azure-sdk-for-net\sdk\applicationinsights\Microsoft.Azure.ApplicationInsights.Query\tests\ScenarioTests\QueryTests.cs(86,21): error CS0103: The name 'Assert' does not exist in the current context
C:\gh\azure-sdk-for-net\sdk\applicationinsights\Microsoft.Azure.ApplicationInsights.Query\tests\ScenarioTests\Metrics\SegmentedMetricsTests.cs(44,30): error CS0103: The name 'MockContext' does not exist in the current context
C:\gh\azure-sdk-for-net\sdk\applicationinsights\Microsoft.Azure.ApplicationInsights.Query\tests\ScenarioTests\Metrics\SegmentedMetricsTests.cs(60,17): error CS0103: The name 'Assert' does not exist in the current context
C:\gh\azure-sdk-for-net\sdk\applicationinsights\Microsoft.Azure.ApplicationInsights.Query\tests\ScenarioTests\Metrics\SegmentedMetricsTests.cs(64,21): error CS0103: The name 'Assert' does not exist in the current context
C:\gh\azure-sdk-for-net\sdk\applicationinsights\Microsoft.Azure.ApplicationInsights.Query\tests\ScenarioTests\Metrics\SegmentedMetricsTests.cs(66,21): error CS0103: The name 'Assert' does not exist in the current context
C:\gh\azure-sdk-for-net\sdk\applicationinsights\Microsoft.Azure.ApplicationInsights.Query\tests\ScenarioTests\Metrics\SegmentedMetricsTests.cs(67,21): error CS0103: The name 'Assert' does not exist in the current context
C:\gh\azure-sdk-for-net\sdk\applicationinsights\Microsoft.Azure.ApplicationInsights.Query\tests\ScenarioTests\Metrics\SegmentedMetricsTests.cs(68,21): error CS0103: The name 'Assert' does not exist in the current context
C:\gh\azure-sdk-for-net\sdk\applicationinsights\Microsoft.Azure.ApplicationInsights.Query\tests\ScenarioTests\Metrics\IntervaledSegmentedMetricsTests.cs(50,30): error CS0103: The name 'MockContext' does not exist in the current context
C:\gh\azure-sdk-for-net\sdk\applicationinsights\Microsoft.Azure.ApplicationInsights.Query\tests\ScenarioTests\Metrics\IntervaledSegmentedMetricsTests.cs(67,17): error CS0103: The name 'Assert' does not exist in the current context
C:\gh\azure-sdk-for-net\sdk\applicationinsights\Microsoft.Azure.ApplicationInsights.Query\tests\ScenarioTests\Metrics\IntervaledSegmentedMetricsTests.cs(68,17): error CS0103: The name 'Assert' does not exist in the current context
C:\gh\azure-sdk-for-net\sdk\applicationinsights\Microsoft.Azure.ApplicationInsights.Query\tests\ScenarioTests\Metrics\IntervaledSegmentedMetricsTests.cs(72,21): error CS0103: The name 'Assert' does not exist in the current context
C:\gh\azure-sdk-for-net\sdk\applicationinsights\Microsoft.Azure.ApplicationInsights.Query\tests\ScenarioTests\Metrics\IntervaledSegmentedMetricsTests.cs(76,25): error CS0103: The name 'Assert' does not exist in the current context
C:\gh\azure-sdk-for-net\sdk\applicationinsights\Microsoft.Azure.ApplicationInsights.Query\tests\ScenarioTests\Metrics\IntervaledSegmentedMetricsTests.cs(78,25): error CS0103: The name 'Assert' does not exist in the current context
C:\gh\azure-sdk-for-net\sdk\applicationinsights\Microsoft.Azure.ApplicationInsights.Query\tests\ScenarioTests\Metrics\IntervaledSegmentedMetricsTests.cs(79,25): error CS0103: The name 'Assert' does not exist in the current context
C:\gh\azure-sdk-for-net\sdk\applicationinsights\Microsoft.Azure.ApplicationInsights.Query\tests\ScenarioTests\Metrics\IntervaledSegmentedMetricsTests.cs(80,25): error CS0103: The name 'Assert' does not exist in the current context
C:\gh\azure-sdk-for-net\sdk\applicationinsights\Microsoft.Azure.ApplicationInsights.Query\tests\ScenarioTests\QueryTests.cs(99,13): error CS0103: The name 'Assert' does not exist in the current context
C:\gh\azure-sdk-for-net\sdk\applicationinsights\Microsoft.Azure.ApplicationInsights.Query\tests\ScenarioTests\QueryTests.cs(100,13): error CS0103: The name 'Assert' does not exist in the current context
C:\gh\azure-sdk-for-net\sdk\applicationinsights\Microsoft.Azure.ApplicationInsights.Query\tests\ScenarioTests\QueryTests.cs(101,13): error CS0103: The name 'Assert' does not exist in the current context
C:\gh\azure-sdk-for-net\sdk\applicationinsights\Microsoft.Azure.ApplicationInsights.Query\tests\ScenarioTests\QueryTests.cs(102,13): error CS0103: The name 'Assert' does not exist in the current context
C:\gh\azure-sdk-for-net\sdk\applicationinsights\Microsoft.Azure.ApplicationInsights.Query\tests\ScenarioTests\QueryTests.cs(103,13): error CS0103: The name 'Assert' does not exist in the current context
C:\gh\azure-sdk-for-net\sdk\applicationinsights\Microsoft.Azure.ApplicationInsights.Query\tests\ScenarioTests\QueryTests.cs(104,13): error CS0103: The name 'Assert' does not exist in the current context
C:\gh\azure-sdk-for-net\sdk\applicationinsights\Microsoft.Azure.ApplicationInsights.Query\tests\ScenarioTests\QueryTests.cs(107,13): error CS0103: The name 'Assert' does not exist in the current context
C:\gh\azure-sdk-for-net\sdk\applicationinsights\Microsoft.Azure.ApplicationInsights.Query\tests\ScenarioTests\QueryTests.cs(108,13): error CS0103: The name 'Assert' does not exist in the current context
C:\gh\azure-sdk-for-net\sdk\applicationinsights\Microsoft.Azure.ApplicationInsights.Query\tests\ScenarioTests\QueryTests.cs(110,13): error CS0103: The name 'Assert' does not exist in the current context
C:\gh\azure-sdk-for-net\sdk\applicationinsights\Microsoft.Azure.ApplicationInsights.Query\tests\ScenarioTests\QueryTests.cs(111,13): error CS0103: The name 'Assert' does not exist in the current context
C:\gh\azure-sdk-for-net\sdk\applicationinsights\Microsoft.Azure.ApplicationInsights.Query\tests\ScenarioTests\Metrics\SegmentedMetricsTests.cs(77,30): error CS0103: The name 'MockContext' does not exist in the current context
C:\gh\azure-sdk-for-net\sdk\applicationinsights\Microsoft.Azure.ApplicationInsights.Query\tests\ScenarioTests\Metrics\SegmentedMetricsTests.cs(87,17): error CS0103: The name 'Assert' does not exist in the current context
C:\gh\azure-sdk-for-net\sdk\applicationinsights\Microsoft.Azure.ApplicationInsights.Query\tests\ScenarioTests\Metrics\SegmentedMetricsTests.cs(91,21): error CS0103: The name 'Assert' does not exist in the current context
C:\gh\azure-sdk-for-net\sdk\applicationinsights\Microsoft.Azure.ApplicationInsights.Query\tests\ScenarioTests\Metrics\SegmentedMetricsTests.cs(93,21): error CS0103: The name 'Assert' does not exist in the current context
C:\gh\azure-sdk-for-net\sdk\applicationinsights\Microsoft.Azure.ApplicationInsights.Query\tests\ScenarioTests\Metrics\SegmentedMetricsTests.cs(94,21): error CS0103: The name 'Assert' does not exist in the current context
C:\gh\azure-sdk-for-net\sdk\applicationinsights\Microsoft.Azure.ApplicationInsights.Query\tests\ScenarioTests\Metrics\SegmentedMetricsTests.cs(95,21): error CS0103: The name 'Assert' does not exist in the current context
C:\gh\azure-sdk-for-net\sdk\applicationinsights\Microsoft.Azure.ApplicationInsights.Query\tests\ScenarioTests\Metrics\SegmentedMetricsTests.cs(99,25): error CS0103: The name 'Assert' does not exist in the current context
C:\gh\azure-sdk-for-net\sdk\applicationinsights\Microsoft.Azure.ApplicationInsights.Query\tests\ScenarioTests\Metrics\SegmentedMetricsTests.cs(101,25): error CS0103: The name 'Assert' does not exist in the current context
C:\gh\azure-sdk-for-net\sdk\applicationinsights\Microsoft.Azure.ApplicationInsights.Query\tests\ScenarioTests\Metrics\SegmentedMetricsTests.cs(102,25): error CS0103: The name 'Assert' does not exist in the current context
C:\gh\azure-sdk-for-net\sdk\applicationinsights\Microsoft.Azure.ApplicationInsights.Query\tests\ScenarioTests\Metrics\SegmentedMetricsTests.cs(103,25): error CS0103: The name 'Assert' does not exist in the current context
C:\gh\azure-sdk-for-net\sdk\applicationinsights\Microsoft.Azure.ApplicationInsights.Query\tests\ScenarioTests\Metrics\IntervaledSegmentedMetricsTests.cs(90,30): error CS0103: The name 'MockContext' does not exist in the current context
C:\gh\azure-sdk-for-net\sdk\applicationinsights\Microsoft.Azure.ApplicationInsights.Query\tests\ScenarioTests\Metrics\IntervaledSegmentedMetricsTests.cs(101,17): error CS0103: The name 'Assert' does not exist in the current context
C:\gh\azure-sdk-for-net\sdk\applicationinsights\Microsoft.Azure.ApplicationInsights.Query\tests\ScenarioTests\Metrics\IntervaledSegmentedMetricsTests.cs(102,17): error CS0103: The name 'Assert' does not exist in the current context
C:\gh\azure-sdk-for-net\sdk\applicationinsights\Microsoft.Azure.ApplicationInsights.Query\tests\ScenarioTests\Metrics\IntervaledSegmentedMetricsTests.cs(106,21): error CS0103: The name 'Assert' does not exist in the current context
C:\gh\azure-sdk-for-net\sdk\applicationinsights\Microsoft.Azure.ApplicationInsights.Query\tests\ScenarioTests\Metrics\IntervaledSegmentedMetricsTests.cs(110,25): error CS0103: The name 'Assert' does not exist in the current context
C:\gh\azure-sdk-for-net\sdk\applicationinsights\Microsoft.Azure.ApplicationInsights.Query\tests\ScenarioTests\Metrics\IntervaledSegmentedMetricsTests.cs(112,25): error CS0103: The name 'Assert' does not exist in the current context
C:\gh\azure-sdk-for-net\sdk\applicationinsights\Microsoft.Azure.ApplicationInsights.Query\tests\ScenarioTests\Metrics\IntervaledSegmentedMetricsTests.cs(113,25): error CS0103: The name 'Assert' does not exist in the current context
C:\gh\azure-sdk-for-net\sdk\applicationinsights\Microsoft.Azure.ApplicationInsights.Query\tests\ScenarioTests\Metrics\IntervaledSegmentedMetricsTests.cs(114,25): error CS0103: The name 'Assert' does not exist in the current context
C:\gh\azure-sdk-for-net\sdk\applicationinsights\Microsoft.Azure.ApplicationInsights.Query\tests\ScenarioTests\Metrics\IntervaledSegmentedMetricsTests.cs(118,29): error CS0103: The name 'Assert' does not exist in the current context
C:\gh\azure-sdk-for-net\sdk\applicationinsights\Microsoft.Azure.ApplicationInsights.Query\tests\ScenarioTests\Metrics\IntervaledSegmentedMetricsTests.cs(120,29): error CS0103: The name 'Assert' does not exist in the current context
C:\gh\azure-sdk-for-net\sdk\applicationinsights\Microsoft.Azure.ApplicationInsights.Query\tests\ScenarioTests\Metrics\IntervaledSegmentedMetricsTests.cs(121,29): error CS0103: The name 'Assert' does not exist in the current context
C:\gh\azure-sdk-for-net\sdk\applicationinsights\Microsoft.Azure.ApplicationInsights.Query\tests\ScenarioTests\Metrics\IntervaledSegmentedMetricsTests.cs(122,29): error CS0103: The name 'Assert' does not exist in the current context
C:\gh\azure-sdk-for-net\sdk\applicationinsights\Microsoft.Azure.ApplicationInsights.Query\tests\ScenarioTests\Events\EventsTestBase.cs(28,13): error CS0103: The name 'Assert' does not exist in the current context
C:\gh\azure-sdk-for-net\sdk\applicationinsights\Microsoft.Azure.ApplicationInsights.Query\tests\ScenarioTests\Events\EventsTestBase.cs(29,13): error CS0103: The name 'Assert' does not exist in the current context
C:\gh\azure-sdk-for-net\sdk\applicationinsights\Microsoft.Azure.ApplicationInsights.Query\tests\ScenarioTests\Events\EventsTestBase.cs(33,17): error CS0103: The name 'Assert' does not exist in the current context
C:\gh\azure-sdk-for-net\sdk\applicationinsights\Microsoft.Azure.ApplicationInsights.Query\tests\ScenarioTests\Events\EventsTestBase.cs(36,13): error CS0103: The name 'Assert' does not exist in the current context
C:\gh\azure-sdk-for-net\sdk\applicationinsights\Microsoft.Azure.ApplicationInsights.Query\tests\ScenarioTests\Events\EventsTestBase.cs(39,17): error CS0103: The name 'Assert' does not exist in the current context
C:\gh\azure-sdk-for-net\sdk\applicationinsights\Microsoft.Azure.ApplicationInsights.Query\tests\ScenarioTests\Events\EventsTestBase.cs(42,17): error CS0103: The name 'Assert' does not exist in the current context
C:\gh\azure-sdk-for-net\sdk\applicationinsights\Microsoft.Azure.ApplicationInsights.Query\tests\ScenarioTests\Events\EventsTestBase.cs(51,17): error CS0103: The name 'Assert' does not exist in the current context
C:\gh\azure-sdk-for-net\sdk\applicationinsights\Microsoft.Azure.ApplicationInsights.Query\tests\ScenarioTests\Events\EventsTestBase.cs(52,17): error CS0103: The name 'Assert' does not exist in the current context
C:\gh\azure-sdk-for-net\sdk\applicationinsights\Microsoft.Azure.ApplicationInsights.Query\tests\ScenarioTests\Events\EventsTestBase.cs(53,17): error CS0103: The name 'Assert' does not exist in the current context
C:\gh\azure-sdk-for-net\sdk\applicationinsights\Microsoft.Azure.ApplicationInsights.Query\tests\ScenarioTests\Events\EventsTestBase.cs(58,13): error CS0103: The name 'Assert' does not exist in the current context
C:\gh\azure-sdk-for-net\sdk\applicationinsights\Microsoft.Azure.ApplicationInsights.Query\tests\ScenarioTests\Events\EventsTestBase.cs(62,13): error CS0103: The name 'Assert' does not exist in the current context
C:\gh\azure-sdk-for-net\sdk\applicationinsights\Microsoft.Azure.ApplicationInsights.Query\tests\ScenarioTests\Events\EventsTestBase.cs(66,13): error CS0103: The name 'Assert' does not exist in the current context
C:\gh\azure-sdk-for-net\sdk\applicationinsights\Microsoft.Azure.ApplicationInsights.Query\tests\ScenarioTests\Events\EventsTestBase.cs(70,13): error CS0103: The name 'Assert' does not exist in the current context
C:\gh\azure-sdk-for-net\sdk\applicationinsights\Microsoft.Azure.ApplicationInsights.Query\tests\ScenarioTests\Events\EventsTestBase.cs(71,13): error CS0103: The name 'Assert' does not exist in the current context
C:\gh\azure-sdk-for-net\sdk\applicationinsights\Microsoft.Azure.ApplicationInsights.Query\tests\ScenarioTests\Events\EventsTestBase.cs(72,13): error CS0103: The name 'Assert' does not exist in the current context
C:\gh\azure-sdk-for-net\sdk\applicationinsights\Microsoft.Azure.ApplicationInsights.Query\tests\ScenarioTests\Events\EventsTestBase.cs(73,13): error CS0103: The name 'Assert' does not exist in the current context
C:\gh\azure-sdk-for-net\sdk\applicationinsights\Microsoft.Azure.ApplicationInsights.Query\tests\ScenarioTests\Events\EventsTestBase.cs(77,13): error CS0103: The name 'Assert' does not exist in the current context
C:\gh\azure-sdk-for-net\sdk\applicationinsights\Microsoft.Azure.ApplicationInsights.Query\tests\ScenarioTests\Events\EventsTestBase.cs(81,13): error CS0103: The name 'Assert' does not exist in the current context
C:\gh\azure-sdk-for-net\sdk\applicationinsights\Microsoft.Azure.ApplicationInsights.Query\tests\ScenarioTests\Events\EventsTestBase.cs(82,13): error CS0103: The name 'Assert' does not exist in the current context
C:\gh\azure-sdk-for-net\sdk\applicationinsights\Microsoft.Azure.ApplicationInsights.Query\tests\ScenarioTests\Events\EventsTestBase.cs(83,13): error CS0103: The name 'Assert' does not exist in the current context
C:\gh\azure-sdk-for-net\sdk\applicationinsights\Microsoft.Azure.ApplicationInsights.Query\tests\ScenarioTests\Events\EventsTestBase.cs(119,21): error CS0103: The name 'Assert' does not exist in the current context
C:\gh\azure-sdk-for-net\sdk\applicationinsights\Microsoft.Azure.ApplicationInsights.Query\tests\ScenarioTests\Metrics\SegmentedMetricsTests.cs(113,30): error CS0103: The name 'MockContext' does not exist in the current context
C:\gh\azure-sdk-for-net\sdk\applicationinsights\Microsoft.Azure.ApplicationInsights.Query\tests\ScenarioTests\Metrics\SegmentedMetricsTests.cs(129,17): error CS0103: The name 'Assert' does not exist in the current context
C:\gh\azure-sdk-for-net\sdk\applicationinsights\Microsoft.Azure.ApplicationInsights.Query\tests\ScenarioTests\Metrics\SegmentedMetricsTests.cs(133,21): error CS0103: The name 'Assert' does not exist in the current context
C:\gh\azure-sdk-for-net\sdk\applicationinsights\Microsoft.Azure.ApplicationInsights.Query\tests\ScenarioTests\Metrics\SegmentedMetricsTests.cs(135,21): error CS0103: The name 'Assert' does not exist in the current context
C:\gh\azure-sdk-for-net\sdk\applicationinsights\Microsoft.Azure.ApplicationInsights.Query\tests\ScenarioTests\Metrics\SegmentedMetricsTests.cs(136,21): error CS0103: The name 'Assert' does not exist in the current context
C:\gh\azure-sdk-for-net\sdk\applicationinsights\Microsoft.Azure.ApplicationInsights.Query\tests\ScenarioTests\Metrics\SegmentedMetricsTests.cs(137,21): error CS0103: The name 'Assert' does not exist in the current context
C:\gh\azure-sdk-for-net\sdk\applicationinsights\Microsoft.Azure.ApplicationInsights.Query\tests\ScenarioTests\Metrics\SegmentedMetricsTests.cs(141,25): error CS0103: The name 'Assert' does not exist in the current context
C:\gh\azure-sdk-for-net\sdk\applicationinsights\Microsoft.Azure.ApplicationInsights.Query\tests\ScenarioTests\Metrics\SegmentedMetricsTests.cs(143,25): error CS0103: The name 'Assert' does not exist in the current context
C:\gh\azure-sdk-for-net\sdk\applicationinsights\Microsoft.Azure.ApplicationInsights.Query\tests\ScenarioTests\Metrics\SegmentedMetricsTests.cs(144,25): error CS0103: The name 'Assert' does not exist in the current context
C:\gh\azure-sdk-for-net\sdk\applicationinsights\Microsoft.Azure.ApplicationInsights.Query\tests\ScenarioTests\Metrics\SegmentedMetricsTests.cs(145,25): error CS0103: The name 'Assert' does not exist in the current context
C:\gh\azure-sdk-for-net\sdk\applicationinsights\Microsoft.Azure.ApplicationInsights.Query\tests\ScenarioTests\Metrics\IntervaledSegmentedMetricsTests.cs(133,30): error CS0103: The name 'MockContext' does not exist in the current context
C:\gh\azure-sdk-for-net\sdk\applicationinsights\Microsoft.Azure.ApplicationInsights.Query\tests\ScenarioTests\Metrics\IntervaledSegmentedMetricsTests.cs(150,17): error CS0103: The name 'Assert' does not exist in the current context
C:\gh\azure-sdk-for-net\sdk\applicationinsights\Microsoft.Azure.ApplicationInsights.Query\tests\ScenarioTests\Metrics\IntervaledSegmentedMetricsTests.cs(151,17): error CS0103: The name 'Assert' does not exist in the current context
C:\gh\azure-sdk-for-net\sdk\applicationinsights\Microsoft.Azure.ApplicationInsights.Query\tests\ScenarioTests\Metrics\IntervaledSegmentedMetricsTests.cs(155,21): error CS0103: The name 'Assert' does not exist in the current context
C:\gh\azure-sdk-for-net\sdk\applicationinsights\Microsoft.Azure.ApplicationInsights.Query\tests\ScenarioTests\Metrics\IntervaledSegmentedMetricsTests.cs(159,25): error CS0103: The name 'Assert' does not exist in the current context
C:\gh\azure-sdk-for-net\sdk\applicationinsights\Microsoft.Azure.ApplicationInsights.Query\tests\ScenarioTests\Metrics\IntervaledSegmentedMetricsTests.cs(161,25): error CS0103: The name 'Assert' does not exist in the current context
C:\gh\azure-sdk-for-net\sdk\applicationinsights\Microsoft.Azure.ApplicationInsights.Query\tests\ScenarioTests\Metrics\IntervaledSegmentedMetricsTests.cs(162,25): error CS0103: The name 'Assert' does not exist in the current context
C:\gh\azure-sdk-for-net\sdk\applicationinsights\Microsoft.Azure.ApplicationInsights.Query\tests\ScenarioTests\Metrics\IntervaledSegmentedMetricsTests.cs(163,25): error CS0103: The name 'Assert' does not exist in the current context
C:\gh\azure-sdk-for-net\sdk\applicationinsights\Microsoft.Azure.ApplicationInsights.Query\tests\ScenarioTests\Metrics\IntervaledSegmentedMetricsTests.cs(167,29): error CS0103: The name 'Assert' does not exist in the current context
C:\gh\azure-sdk-for-net\sdk\applicationinsights\Microsoft.Azure.ApplicationInsights.Query\tests\ScenarioTests\Metrics\IntervaledSegmentedMetricsTests.cs(169,29): error CS0103: The name 'Assert' does not exist in the current context
C:\gh\azure-sdk-for-net\sdk\applicationinsights\Microsoft.Azure.ApplicationInsights.Query\tests\ScenarioTests\Metrics\IntervaledSegmentedMetricsTests.cs(170,29): error CS0103: The name 'Assert' does not exist in the current context
C:\gh\azure-sdk-for-net\sdk\applicationinsights\Microsoft.Azure.ApplicationInsights.Query\tests\ScenarioTests\Metrics\IntervaledSegmentedMetricsTests.cs(171,29): error CS0103: The name 'Assert' does not exist in the current context
C:\gh\azure-sdk-for-net\sdk\applicationinsights\Microsoft.Azure.ApplicationInsights.Query\tests\ScenarioTests\Events\EventsTestBase.cs(126,13): error CS0103: The name 'Assert' does not exist in the current context
C:\gh\azure-sdk-for-net\sdk\applicationinsights\Microsoft.Azure.ApplicationInsights.Query\tests\ScenarioTests\Events\EventsTestBase.cs(128,13): error CS0103: The name 'Assert' does not exist in the current context
C:\gh\azure-sdk-for-net\sdk\applicationinsights\Microsoft.Azure.ApplicationInsights.Query\tests\ScenarioTests\Events\EventsTestBase.cs(129,13): error CS0103: The name 'Assert' does not exist in the current context
C:\gh\azure-sdk-for-net\sdk\applicationinsights\Microsoft.Azure.ApplicationInsights.Query\tests\ScenarioTests\Events\EventsTestBase.cs(130,13): error CS0103: The name 'Assert' does not exist in the current context
C:\gh\azure-sdk-for-net\sdk\applicationinsights\Microsoft.Azure.ApplicationInsights.Query\tests\ScenarioTests\Events\EventsTestBase.cs(135,13): error CS0103: The name 'Assert' does not exist in the current context
C:\gh\azure-sdk-for-net\sdk\applicationinsights\Microsoft.Azure.ApplicationInsights.Query\tests\ScenarioTests\Events\EventsTestBase.cs(137,13): error CS0103: The name 'Assert' does not exist in the current context
C:\gh\azure-sdk-for-net\sdk\applicationinsights\Microsoft.Azure.ApplicationInsights.Query\tests\ScenarioTests\Events\EventsTestBase.cs(138,13): error CS0103: The name 'Assert' does not exist in the current context
C:\gh\azure-sdk-for-net\sdk\applicationinsights\Microsoft.Azure.ApplicationInsights.Query\tests\ScenarioTests\Events\EventsTestBase.cs(143,13): error CS0103: The name 'Assert' does not exist in the current context
C:\gh\azure-sdk-for-net\sdk\applicationinsights\Microsoft.Azure.ApplicationInsights.Query\tests\ScenarioTests\Events\EventsTestBase.cs(145,13): error CS0103: The name 'Assert' does not exist in the current context
C:\gh\azure-sdk-for-net\sdk\applicationinsights\Microsoft.Azure.ApplicationInsights.Query\tests\ScenarioTests\Events\EventsTestBase.cs(146,13): error CS0103: The name 'Assert' does not exist in the current context
C:\gh\azure-sdk-for-net\sdk\applicationinsights\Microsoft.Azure.ApplicationInsights.Query\tests\ScenarioTests\Events\EventsTestBase.cs(152,13): error CS0103: The name 'Assert' does not exist in the current context
C:\gh\azure-sdk-for-net\sdk\applicationinsights\Microsoft.Azure.ApplicationInsights.Query\tests\ScenarioTests\Events\EventsTestBase.cs(155,13): error CS0103: The name 'Assert' does not exist in the current context
C:\gh\azure-sdk-for-net\sdk\applicationinsights\Microsoft.Azure.ApplicationInsights.Query\tests\ScenarioTests\Events\EventsTestBase.cs(156,13): error CS0103: The name 'Assert' does not exist in the current context
C:\gh\azure-sdk-for-net\sdk\applicationinsights\Microsoft.Azure.ApplicationInsights.Query\tests\ScenarioTests\Events\EventsTestBase.cs(157,13): error CS0103: The name 'Assert' does not exist in the current context
C:\gh\azure-sdk-for-net\sdk\applicationinsights\Microsoft.Azure.ApplicationInsights.Query\tests\ScenarioTests\Events\EventsTestBase.cs(158,13): error CS0103: The name 'Assert' does not exist in the current context
C:\gh\azure-sdk-for-net\sdk\applicationinsights\Microsoft.Azure.ApplicationInsights.Query\tests\ScenarioTests\Events\EventsTestBase.cs(159,13): error CS0103: The name 'Assert' does not exist in the current context
C:\gh\azure-sdk-for-net\sdk\applicationinsights\Microsoft.Azure.ApplicationInsights.Query\tests\ScenarioTests\Events\EventsTestBase.cs(160,13): error CS0103: The name 'Assert' does not exist in the current context
C:\gh\azure-sdk-for-net\sdk\applicationinsights\Microsoft.Azure.ApplicationInsights.Query\tests\ScenarioTests\Events\EventsTestBase.cs(161,13): error CS0103: The name 'Assert' does not exist in the current context
C:\gh\azure-sdk-for-net\sdk\applicationinsights\Microsoft.Azure.ApplicationInsights.Query\tests\ScenarioTests\Events\EventsTestBase.cs(162,13): error CS0103: The name 'Assert' does not exist in the current context
C:\gh\azure-sdk-for-net\sdk\applicationinsights\Microsoft.Azure.ApplicationInsights.Query\tests\ScenarioTests\Events\EventsTestBase.cs(163,13): error CS0103: The name 'Assert' does not exist in the current context
C:\gh\azure-sdk-for-net\sdk\applicationinsights\Microsoft.Azure.ApplicationInsights.Query\tests\ScenarioTests\Events\EventsExtensionTests.cs(28,30): error CS0103: The name 'MockContext' does not exist in the current context
C:\gh\azure-sdk-for-net\sdk\applicationinsights\Microsoft.Azure.ApplicationInsights.Query\tests\ScenarioTests\Events\EventsExtensionTests.cs(36,17): error CS0103: The name 'Assert' does not exist in the current context
C:\gh\azure-sdk-for-net\sdk\applicationinsights\Microsoft.Azure.ApplicationInsights.Query\tests\ScenarioTests\Events\EventsExtensionTests.cs(37,17): error CS0103: The name 'Assert' does not exist in the current context
C:\gh\azure-sdk-for-net\sdk\applicationinsights\Microsoft.Azure.ApplicationInsights.Query\tests\ScenarioTests\Events\EventsExtensionTests.cs(38,17): error CS0103: The name 'Assert' does not exist in the current context
C:\gh\azure-sdk-for-net\sdk\applicationinsights\Microsoft.Azure.ApplicationInsights.Query\tests\ScenarioTests\Events\EventsExtensionTests.cs(39,17): error CS0103: The name 'Assert' does not exist in the current context
C:\gh\azure-sdk-for-net\sdk\applicationinsights\Microsoft.Azure.ApplicationInsights.Query\tests\ScenarioTests\Events\EventsExtensionTests.cs(46,17): error CS0103: The name 'Assert' does not exist in the current context
C:\gh\azure-sdk-for-net\sdk\applicationinsights\Microsoft.Azure.ApplicationInsights.Query\tests\ScenarioTests\Events\EventsExtensionTests.cs(50,17): error CS0103: The name 'Assert' does not exist in the current context
C:\gh\azure-sdk-for-net\sdk\applicationinsights\Microsoft.Azure.ApplicationInsights.Query\tests\ScenarioTests\Events\EventsExtensionTests.cs(51,17): error CS0103: The name 'Assert' does not exist in the current context
C:\gh\azure-sdk-for-net\sdk\applicationinsights\Microsoft.Azure.ApplicationInsights.Query\tests\ScenarioTests\Events\EventsExtensionTests.cs(52,17): error CS0103: The name 'Assert' does not exist in the current context
C:\gh\azure-sdk-for-net\sdk\applicationinsights\Microsoft.Azure.ApplicationInsights.Query\tests\ScenarioTests\Events\EventsExtensionTests.cs(54,17): error CS0103: The name 'Assert' does not exist in the current context
C:\gh\azure-sdk-for-net\sdk\applicationinsights\Microsoft.Azure.ApplicationInsights.Query\tests\ScenarioTests\Events\EventsExtensionTests.cs(54,30): error CS0103: The name 'JsonConvert' does not exist in the current context
C:\gh\azure-sdk-for-net\sdk\applicationinsights\Microsoft.Azure.ApplicationInsights.Query\tests\ScenarioTests\Events\EventsExtensionTests.cs(55,21): error CS0103: The name 'JsonConvert' does not exist in the current context
C:\gh\azure-sdk-for-net\sdk\applicationinsights\Microsoft.Azure.ApplicationInsights.Query\tests\ScenarioTests\Events\EventsTestBase.cs(168,13): error CS0103: The name 'Assert' does not exist in the current context
C:\gh\azure-sdk-for-net\sdk\applicationinsights\Microsoft.Azure.ApplicationInsights.Query\tests\ScenarioTests\Events\EventsTestBase.cs(170,13): error CS0103: The name 'Assert' does not exist in the current context
C:\gh\azure-sdk-for-net\sdk\applicationinsights\Microsoft.Azure.ApplicationInsights.Query\tests\ScenarioTests\Events\EventsTestBase.cs(171,13): error CS0103: The name 'Assert' does not exist in the current context
C:\gh\azure-sdk-for-net\sdk\applicationinsights\Microsoft.Azure.ApplicationInsights.Query\tests\ScenarioTests\Events\EventsTestBase.cs(172,13): error CS0103: The name 'Assert' does not exist in the current context
C:\gh\azure-sdk-for-net\sdk\applicationinsights\Microsoft.Azure.ApplicationInsights.Query\tests\ScenarioTests\Events\EventsTestBase.cs(173,13): error CS0103: The name 'Assert' does not exist in the current context
C:\gh\azure-sdk-for-net\sdk\applicationinsights\Microsoft.Azure.ApplicationInsights.Query\tests\ScenarioTests\Events\EventsTestBase.cs(174,13): error CS0103: The name 'Assert' does not exist in the current context
C:\gh\azure-sdk-for-net\sdk\applicationinsights\Microsoft.Azure.ApplicationInsights.Query\tests\ScenarioTests\Events\EventsTestBase.cs(175,13): error CS0103: The name 'Assert' does not exist in the current context
C:\gh\azure-sdk-for-net\sdk\applicationinsights\Microsoft.Azure.ApplicationInsights.Query\tests\ScenarioTests\Events\EventsTestBase.cs(176,13): error CS0103: The name 'Assert' does not exist in the current context
C:\gh\azure-sdk-for-net\sdk\applicationinsights\Microsoft.Azure.ApplicationInsights.Query\tests\ScenarioTests\Events\EventsTestBase.cs(177,13): error CS0103: The name 'Assert' does not exist in the current context
C:\gh\azure-sdk-for-net\sdk\applicationinsights\Microsoft.Azure.ApplicationInsights.Query\tests\ScenarioTests\Events\EventsExtensionTests.cs(72,30): error CS0103: The name 'MockContext' does not exist in the current context
C:\gh\azure-sdk-for-net\sdk\applicationinsights\Microsoft.Azure.ApplicationInsights.Query\tests\ScenarioTests\Events\EventsExtensionTests.cs(80,17): error CS0103: The name 'Assert' does not exist in the current context
C:\gh\azure-sdk-for-net\sdk\applicationinsights\Microsoft.Azure.ApplicationInsights.Query\tests\ScenarioTests\Events\EventsExtensionTests.cs(81,17): error CS0103: The name 'Assert' does not exist in the current context
C:\gh\azure-sdk-for-net\sdk\applicationinsights\Microsoft.Azure.ApplicationInsights.Query\tests\ScenarioTests\Events\EventsExtensionTests.cs(82,17): error CS0103: The name 'Assert' does not exist in the current context
C:\gh\azure-sdk-for-net\sdk\applicationinsights\Microsoft.Azure.ApplicationInsights.Query\tests\ScenarioTests\Events\EventsExtensionTests.cs(83,17): error CS0103: The name 'Assert' does not exist in the current context
C:\gh\azure-sdk-for-net\sdk\applicationinsights\Microsoft.Azure.ApplicationInsights.Query\tests\ScenarioTests\Events\EventsExtensionTests.cs(90,17): error CS0103: The name 'Assert' does not exist in the current context
C:\gh\azure-sdk-for-net\sdk\applicationinsights\Microsoft.Azure.ApplicationInsights.Query\tests\ScenarioTests\Events\EventsExtensionTests.cs(94,17): error CS0103: The name 'Assert' does not exist in the current context
C:\gh\azure-sdk-for-net\sdk\applicationinsights\Microsoft.Azure.ApplicationInsights.Query\tests\ScenarioTests\Events\EventsExtensionTests.cs(95,17): error CS0103: The name 'Assert' does not exist in the current context
C:\gh\azure-sdk-for-net\sdk\applicationinsights\Microsoft.Azure.ApplicationInsights.Query\tests\ScenarioTests\Events\EventsExtensionTests.cs(96,17): error CS0103: The name 'Assert' does not exist in the current context
C:\gh\azure-sdk-for-net\sdk\applicationinsights\Microsoft.Azure.ApplicationInsights.Query\tests\ScenarioTests\Events\EventsExtensionTests.cs(98,17): error CS0103: The name 'Assert' does not exist in the current context
C:\gh\azure-sdk-for-net\sdk\applicationinsights\Microsoft.Azure.ApplicationInsights.Query\tests\ScenarioTests\Events\EventsExtensionTests.cs(98,30): error CS0103: The name 'JsonConvert' does not exist in the current context
C:\gh\azure-sdk-for-net\sdk\applicationinsights\Microsoft.Azure.ApplicationInsights.Query\tests\ScenarioTests\Events\EventsExtensionTests.cs(99,21): error CS0103: The name 'JsonConvert' does not exist in the current context
C:\gh\azure-sdk-for-net\sdk\applicationinsights\Microsoft.Azure.ApplicationInsights.Query\tests\ScenarioTests\Events\EventsTestBase.cs(183,13): error CS0103: The name 'Assert' does not exist in the current context
C:\gh\azure-sdk-for-net\sdk\applicationinsights\Microsoft.Azure.ApplicationInsights.Query\tests\ScenarioTests\Events\EventsTestBase.cs(185,13): error CS0103: The name 'Assert' does not exist in the current context
C:\gh\azure-sdk-for-net\sdk\applicationinsights\Microsoft.Azure.ApplicationInsights.Query\tests\ScenarioTests\Events\EventsTestBase.cs(186,13): error CS0103: The name 'Assert' does not exist in the current context
C:\gh\azure-sdk-for-net\sdk\applicationinsights\Microsoft.Azure.ApplicationInsights.Query\tests\ScenarioTests\Events\EventsTestBase.cs(187,13): error CS0103: The name 'Assert' does not exist in the current context
C:\gh\azure-sdk-for-net\sdk\applicationinsights\Microsoft.Azure.ApplicationInsights.Query\tests\ScenarioTests\Events\EventsTestBase.cs(188,13): error CS0103: The name 'Assert' does not exist in the current context
C:\gh\azure-sdk-for-net\sdk\applicationinsights\Microsoft.Azure.ApplicationInsights.Query\tests\ScenarioTests\Events\EventsTestBase.cs(189,13): error CS0103: The name 'Assert' does not exist in the current context
C:\gh\azure-sdk-for-net\sdk\applicationinsights\Microsoft.Azure.ApplicationInsights.Query\tests\ScenarioTests\Events\EventsTestBase.cs(190,13): error CS0103: The name 'Assert' does not exist in the current context
C:\gh\azure-sdk-for-net\sdk\applicationinsights\Microsoft.Azure.ApplicationInsights.Query\tests\ScenarioTests\Events\EventsTestBase.cs(191,13): error CS0103: The name 'Assert' does not exist in the current context
C:\gh\azure-sdk-for-net\sdk\applicationinsights\Microsoft.Azure.ApplicationInsights.Query\tests\ScenarioTests\Events\EventsTestBase.cs(192,13): error CS0103: The name 'Assert' does not exist in the current context
C:\gh\azure-sdk-for-net\sdk\applicationinsights\Microsoft.Azure.ApplicationInsights.Query\tests\ScenarioTests\Events\EventsTestBase.cs(193,13): error CS0103: The name 'Assert' does not exist in the current context
C:\gh\azure-sdk-for-net\sdk\applicationinsights\Microsoft.Azure.ApplicationInsights.Query\tests\ScenarioTests\Events\EventsTestBase.cs(199,13): error CS0103: The name 'Assert' does not exist in the current context
C:\gh\azure-sdk-for-net\sdk\applicationinsights\Microsoft.Azure.ApplicationInsights.Query\tests\ScenarioTests\Events\EventsTestBase.cs(201,13): error CS0103: The name 'Assert' does not exist in the current context
C:\gh\azure-sdk-for-net\sdk\applicationinsights\Microsoft.Azure.ApplicationInsights.Query\tests\ScenarioTests\Events\EventsTestBase.cs(202,13): error CS0103: The name 'Assert' does not exist in the current context
C:\gh\azure-sdk-for-net\sdk\applicationinsights\Microsoft.Azure.ApplicationInsights.Query\tests\ScenarioTests\Events\EventsTestBase.cs(203,13): error CS0103: The name 'Assert' does not exist in the current context
C:\gh\azure-sdk-for-net\sdk\applicationinsights\Microsoft.Azure.ApplicationInsights.Query\tests\ScenarioTests\Events\EventsTestBase.cs(204,13): error CS0103: The name 'Assert' does not exist in the current context
C:\gh\azure-sdk-for-net\sdk\applicationinsights\Microsoft.Azure.ApplicationInsights.Query\tests\ScenarioTests\Events\EventsTestBase.cs(205,13): error CS0103: The name 'Assert' does not exist in the current context
C:\gh\azure-sdk-for-net\sdk\applicationinsights\Microsoft.Azure.ApplicationInsights.Query\tests\ScenarioTests\Events\EventsTestBase.cs(206,13): error CS0103: The name 'Assert' does not exist in the current context
C:\gh\azure-sdk-for-net\sdk\applicationinsights\Microsoft.Azure.ApplicationInsights.Query\tests\ScenarioTests\Events\EventsTestBase.cs(207,13): error CS0103: The name 'Assert' does not exist in the current context
C:\gh\azure-sdk-for-net\sdk\applicationinsights\Microsoft.Azure.ApplicationInsights.Query\tests\ScenarioTests\Events\EventsTestBase.cs(208,13): error CS0103: The name 'Assert' does not exist in the current context
C:\gh\azure-sdk-for-net\sdk\applicationinsights\Microsoft.Azure.ApplicationInsights.Query\tests\ScenarioTests\Events\EventsTestBase.cs(209,13): error CS0103: The name 'Assert' does not exist in the current context
C:\gh\azure-sdk-for-net\sdk\applicationinsights\Microsoft.Azure.ApplicationInsights.Query\tests\ScenarioTests\Events\EventsTestBase.cs(210,13): error CS0103: The name 'Assert' does not exist in the current context
C:\gh\azure-sdk-for-net\sdk\applicationinsights\Microsoft.Azure.ApplicationInsights.Query\tests\ScenarioTests\Events\EventsTestBase.cs(211,13): error CS0103: The name 'Assert' does not exist in the current context
C:\gh\azure-sdk-for-net\sdk\applicationinsights\Microsoft.Azure.ApplicationInsights.Query\tests\ScenarioTests\Events\EventsTestBase.cs(212,13): error CS0103: The name 'Assert' does not exist in the current context
C:\gh\azure-sdk-for-net\sdk\applicationinsights\Microsoft.Azure.ApplicationInsights.Query\tests\ScenarioTests\Events\EventsTestBase.cs(213,13): error CS0103: The name 'Assert' does not exist in the current context
C:\gh\azure-sdk-for-net\sdk\applicationinsights\Microsoft.Azure.ApplicationInsights.Query\tests\ScenarioTests\Events\EventsTestBase.cs(214,13): error CS0103: The name 'Assert' does not exist in the current context
C:\gh\azure-sdk-for-net\sdk\applicationinsights\Microsoft.Azure.ApplicationInsights.Query\tests\ScenarioTests\Events\EventsTestBase.cs(215,13): error CS0103: The name 'Assert' does not exist in the current context
C:\gh\azure-sdk-for-net\sdk\applicationinsights\Microsoft.Azure.ApplicationInsights.Query\tests\ScenarioTests\Events\EventsTestBase.cs(216,13): error CS0103: The name 'Assert' does not exist in the current context
C:\gh\azure-sdk-for-net\sdk\applicationinsights\Microsoft.Azure.ApplicationInsights.Query\tests\ScenarioTests\Events\EventsTestBase.cs(222,13): error CS0103: The name 'Assert' does not exist in the current context
C:\gh\azure-sdk-for-net\sdk\applicationinsights\Microsoft.Azure.ApplicationInsights.Query\tests\ScenarioTests\Events\EventsTestBase.cs(224,13): error CS0103: The name 'Assert' does not exist in the current context
C:\gh\azure-sdk-for-net\sdk\applicationinsights\Microsoft.Azure.ApplicationInsights.Query\tests\ScenarioTests\Events\EventsTestBase.cs(225,13): error CS0103: The name 'Assert' does not exist in the current context
C:\gh\azure-sdk-for-net\sdk\applicationinsights\Microsoft.Azure.ApplicationInsights.Query\tests\ScenarioTests\Events\EventsTestBase.cs(226,13): error CS0103: The name 'Assert' does not exist in the current context
C:\gh\azure-sdk-for-net\sdk\applicationinsights\Microsoft.Azure.ApplicationInsights.Query\tests\ScenarioTests\Events\EventsTestBase.cs(227,13): error CS0103: The name 'Assert' does not exist in the current context
C:\gh\azure-sdk-for-net\sdk\applicationinsights\Microsoft.Azure.ApplicationInsights.Query\tests\ScenarioTests\Events\EventsTestBase.cs(228,13): error CS0103: The name 'Assert' does not exist in the current context
C:\gh\azure-sdk-for-net\sdk\applicationinsights\Microsoft.Azure.ApplicationInsights.Query\tests\ScenarioTests\Events\EventsTestBase.cs(229,13): error CS0103: The name 'Assert' does not exist in the current context
C:\gh\azure-sdk-for-net\sdk\applicationinsights\Microsoft.Azure.ApplicationInsights.Query\tests\ScenarioTests\Events\EventsTestBase.cs(230,13): error CS0103: The name 'Assert' does not exist in the current context
C:\gh\azure-sdk-for-net\sdk\applicationinsights\Microsoft.Azure.ApplicationInsights.Query\tests\ScenarioTests\Events\EventsTestBase.cs(236,13): error CS0103: The name 'Assert' does not exist in the current context
C:\gh\azure-sdk-for-net\sdk\applicationinsights\Microsoft.Azure.ApplicationInsights.Query\tests\ScenarioTests\Events\EventsTestBase.cs(238,13): error CS0103: The name 'Assert' does not exist in the current context
C:\gh\azure-sdk-for-net\sdk\applicationinsights\Microsoft.Azure.ApplicationInsights.Query\tests\ScenarioTests\Events\EventsTestBase.cs(240,13): error CS0103: The name 'Assert' does not exist in the current context
C:\gh\azure-sdk-for-net\sdk\applicationinsights\Microsoft.Azure.ApplicationInsights.Query\tests\ScenarioTests\Events\EventsTestBase.cs(241,13): error CS0103: The name 'Assert' does not exist in the current context
C:\gh\azure-sdk-for-net\sdk\applicationinsights\Microsoft.Azure.ApplicationInsights.Query\tests\ScenarioTests\Events\EventsTestBase.cs(242,13): error CS0103: The name 'Assert' does not exist in the current context
C:\gh\azure-sdk-for-net\sdk\applicationinsights\Microsoft.Azure.ApplicationInsights.Query\tests\ScenarioTests\Events\EventsTestBase.cs(243,13): error CS0103: The name 'Assert' does not exist in the current context
C:\gh\azure-sdk-for-net\sdk\applicationinsights\Microsoft.Azure.ApplicationInsights.Query\tests\ScenarioTests\Events\EventsTestBase.cs(249,13): error CS0103: The name 'Assert' does not exist in the current context
C:\gh\azure-sdk-for-net\sdk\applicationinsights\Microsoft.Azure.ApplicationInsights.Query\tests\ScenarioTests\Events\EventsTestBase.cs(251,13): error CS0103: The name 'Assert' does not exist in the current context
C:\gh\azure-sdk-for-net\sdk\applicationinsights\Microsoft.Azure.ApplicationInsights.Query\tests\ScenarioTests\Events\EventsTestBase.cs(252,13): error CS0103: The name 'Assert' does not exist in the current context
C:\gh\azure-sdk-for-net\artifacts\obj\Data.ApplicationInsights.Tests\Debug\net461\.NETFramework,Version=v4.6.1.AssemblyAttributes.cs(3,1): hidden CS8019: Unnecessary using directive.
C:\gh\azure-sdk-for-net\sdk\applicationinsights\Microsoft.Azure.ApplicationInsights.Query\tests\ScenarioTests\Events\EventsTests.cs(6,1): hidden CS8019: Unnecessary using directive.
C:\gh\azure-sdk-for-net\sdk\applicationinsights\Microsoft.Azure.ApplicationInsights.Query\tests\ScenarioTests\Metrics\SegmentedMetricsTests.cs(1,1): hidden CS8019: Unnecessary using directive.
C:\gh\azure-sdk-for-net\artifacts\obj\Data.ApplicationInsights.Tests\Debug\net461\Data.ApplicationInsights.Tests.AssemblyInfo.cs(11,1): hidden CS8019: Unnecessary using directive.
C:\gh\azure-sdk-for-net\sdk\applicationinsights\Microsoft.Azure.ApplicationInsights.Query\tests\ScenarioTests\Events\EventsTestBase.cs(3,1): hidden CS8019: Unnecessary using directive.
C:\gh\azure-sdk-for-net\sdk\applicationinsights\Microsoft.Azure.ApplicationInsights.Query\tests\ScenarioTests\Metrics\MetricsTestBase.cs(4,1): hidden CS8019: Unnecessary using directive.
C:\gh\azure-sdk-for-net\sdk\applicationinsights\Microsoft.Azure.ApplicationInsights.Query\tests\ScenarioTests\Events\TraceEventsTests.cs(6,1): hidden CS8019: Unnecessary using directive.
C:\gh\azure-sdk-for-net\artifacts\obj\Data.ApplicationInsights.Tests\Debug\net461\.NETFramework,Version=v4.6.1.AssemblyAttributes.cs(2,1): hidden CS8019: Unnecessary using directive.
C:\gh\azure-sdk-for-net\sdk\applicationinsights\Microsoft.Azure.ApplicationInsights.Query\tests\ScenarioTests\Events\EventsTestBase.cs(1,1): hidden CS8019: Unnecessary using directive.
C:\gh\azure-sdk-for-net\sdk\applicationinsights\Microsoft.Azure.ApplicationInsights.Query\tests\ScenarioTests\Events\EventsExtensionTests.cs(1,1): hidden CS8019: Unnecessary using directive.
C:\gh\azure-sdk-for-net\sdk\applicationinsights\Microsoft.Azure.ApplicationInsights.Query\tests\ScenarioTests\Metrics\MetricTests.cs(8,1): hidden CS8019: Unnecessary using directive.
C:\gh\azure-sdk-for-net\sdk\applicationinsights\Microsoft.Azure.ApplicationInsights.Query\tests\ScenarioTests\Metrics\MetricTests.cs(7,1): hidden CS8019: Unnecessary using directive.
C:\gh\azure-sdk-for-net\sdk\applicationinsights\Microsoft.Azure.ApplicationInsights.Query\tests\ScenarioTests\Events\EventsTestBase.cs(4,1): hidden CS8019: Unnecessary using directive.
C:\gh\azure-sdk-for-net\sdk\applicationinsights\Microsoft.Azure.ApplicationInsights.Query\tests\ScenarioTests\Events\EventsExtensionTests.cs(7,1): hidden CS8019: Unnecessary using directive.
C:\gh\azure-sdk-for-net\sdk\applicationinsights\Microsoft.Azure.ApplicationInsights.Query\tests\ScenarioTests\Events\EventsExtensionTests.cs(8,1): hidden CS8019: Unnecessary using directive.
C:\gh\azure-sdk-for-net\sdk\applicationinsights\Microsoft.Azure.ApplicationInsights.Query\tests\ScenarioTests\Metrics\IntervaledSegmentedMetricsTests.cs(7,1): hidden CS8019: Unnecessary using directive.
C:\gh\azure-sdk-for-net\sdk\applicationinsights\Microsoft.Azure.ApplicationInsights.Query\tests\ScenarioTests\Metrics\IntervaledSegmentedMetricsTests.cs(6,1): hidden CS8019: Unnecessary using directive.
C:\gh\azure-sdk-for-net\sdk\applicationinsights\Microsoft.Azure.ApplicationInsights.Query\tests\DataPlaneTestBase.cs(2,1): hidden CS8019: Unnecessary using directive.
C:\gh\azure-sdk-for-net\sdk\applicationinsights\Microsoft.Azure.ApplicationInsights.Query\tests\ScenarioTests\Metrics\SummaryMetricsTests.cs(6,1): hidden CS8019: Unnecessary using directive.
C:\gh\azure-sdk-for-net\sdk\applicationinsights\Microsoft.Azure.ApplicationInsights.Query\tests\ScenarioTests\Metrics\MetricTests.cs(6,1): hidden CS8019: Unnecessary using directive.
C:\gh\azure-sdk-for-net\sdk\applicationinsights\Microsoft.Azure.ApplicationInsights.Query\tests\ScenarioTests\Events\EventsExtensionTests.cs(9,1): hidden CS8019: Unnecessary using directive.
C:\gh\azure-sdk-for-net\eng\mgmt\DisableTestRunParallel.cs(4,1): hidden CS8019: Unnecessary using directive.
C:\gh\azure-sdk-for-net\sdk\applicationinsights\Microsoft.Azure.ApplicationInsights.Query\tests\ScenarioTests\Metrics\SummaryMetricsTests.cs(5,1): hidden CS8019: Unnecessary using directive.
C:\gh\azure-sdk-for-net\sdk\applicationinsights\Microsoft.Azure.ApplicationInsights.Query\tests\ScenarioTests\Metrics\IntervaledMetricsTests.cs(6,1): hidden CS8019: Unnecessary using directive.
C:\gh\azure-sdk-for-net\sdk\applicationinsights\Microsoft.Azure.ApplicationInsights.Query\tests\ScenarioTests\Metrics\SegmentedMetricsTests.cs(7,1): hidden CS8019: Unnecessary using directive.
C:\gh\azure-sdk-for-net\sdk\applicationinsights\Microsoft.Azure.ApplicationInsights.Query\tests\ScenarioTests\Events\EventsTests.cs(3,1): hidden CS8019: Unnecessary using directive.
C:\gh\azure-sdk-for-net\sdk\applicationinsights\Microsoft.Azure.ApplicationInsights.Query\tests\DataPlaneTestBase.cs(3,1): hidden CS8019: Unnecessary using directive.
C:\gh\azure-sdk-for-net\sdk\applicationinsights\Microsoft.Azure.ApplicationInsights.Query\tests\ScenarioTests\Metrics\MetricTests.cs(5,1): hidden CS8019: Unnecessary using directive.
C:\gh\azure-sdk-for-net\sdk\applicationinsights\Microsoft.Azure.ApplicationInsights.Query\tests\ScenarioTests\Events\EventsTests.cs(4,1): hidden CS8019: Unnecessary using directive.
C:\gh\azure-sdk-for-net\artifacts\obj\Data.ApplicationInsights.Tests\Debug\net461\Data.ApplicationInsights.Tests.AssemblyInfo.cs(12,1): hidden CS8019: Unnecessary using directive.
C:\gh\azure-sdk-for-net\sdk\applicationinsights\Microsoft.Azure.ApplicationInsights.Query\tests\ScenarioTests\Metrics\IntervaledMetricsTests.cs(5,1): hidden CS8019: Unnecessary using directive.
C:\gh\azure-sdk-for-net\sdk\applicationinsights\Microsoft.Azure.ApplicationInsights.Query\tests\ScenarioTests\Metrics\SegmentedMetricsTests.cs(6,1): hidden CS8019: Unnecessary using directive.
C:\gh\azure-sdk-for-net\sdk\applicationinsights\Microsoft.Azure.ApplicationInsights.Query\tests\ScenarioTests\QueryTests.cs(3,1): hidden CS8019: Unnecessary using directive.
C:\gh\azure-sdk-for-net\sdk\applicationinsights\Microsoft.Azure.ApplicationInsights.Query\tests\ScenarioTests\Events\TraceEventsTests.cs(7,1): hidden CS8019: Unnecessary using directive.
C:\gh\azure-sdk-for-net\sdk\applicationinsights\Microsoft.Azure.ApplicationInsights.Query\tests\ScenarioTests\Events\TraceEventsTests.cs(4,1): hidden CS8019: Unnecessary using directive.
C:\gh\azure-sdk-for-net\eng\mgmt\DisableTestRunParallel.cs(5,1): hidden CS8019: Unnecessary using directive.
C:\gh\azure-sdk-for-net\sdk\applicationinsights\Microsoft.Azure.ApplicationInsights.Query\tests\ScenarioTests\Events\TraceEventsTests.cs(5,1): hidden CS8019: Unnecessary using directive.
C:\gh\azure-sdk-for-net\sdk\applicationinsights\Microsoft.Azure.ApplicationInsights.Query\tests\ScenarioTests\QueryTests.cs(7,1): hidden CS8019: Unnecessary using directive.
