C:\gh\azure-sdk-for-net\sdk\synapse\Microsoft.Azure.Management.Synapse\tests\ScenarioTests\SynapseManagementTestBase.cs(68,30): error CS0518: Predefined type 'System.Boolean' is not defined or imported
C:\gh\azure-sdk-for-net\sdk\synapse\Microsoft.Azure.Management.Synapse\tests\ScenarioTests\SynapseManagementTestBase.cs(68,17): error CS0518: Predefined type 'System.Void' is not defined or imported
C:\gh\azure-sdk-for-net\sdk\synapse\Microsoft.Azure.Management.Synapse\tests\TestHelpers\SynapseManagementHelper.cs(190,34): error CS0518: Predefined type 'System.Boolean' is not defined or imported
C:\gh\azure-sdk-for-net\sdk\synapse\Microsoft.Azure.Management.Synapse\tests\TestHelpers\SynapseManagementHelper.cs(190,50): error CS0518: Predefined type 'System.String' is not defined or imported
C:\gh\azure-sdk-for-net\sdk\synapse\Microsoft.Azure.Management.Synapse\tests\TestHelpers\SynapseManagementHelper.cs(190,17): error CS0518: Predefined type 'System.Void' is not defined or imported
C:\gh\azure-sdk-for-net\sdk\synapse\Microsoft.Azure.Management.Synapse\tests\TestHelpers\CommonTestsFixture.cs(110,22): error CS0518: Predefined type 'System.String' is not defined or imported
C:\gh\azure-sdk-for-net\sdk\synapse\Microsoft.Azure.Management.Synapse\tests\TestHelpers\CommonTestsFixture.cs(111,22): error CS0518: Predefined type 'System.String' is not defined or imported
C:\gh\azure-sdk-for-net\sdk\synapse\Microsoft.Azure.Management.Synapse\tests\ScenarioTests\SynapseManagementTestBase.cs(61,17): error CS0518: Predefined type 'System.Boolean' is not defined or imported
C:\gh\azure-sdk-for-net\sdk\synapse\Microsoft.Azure.Management.Synapse\tests\TestHelpers\CommonTestsFixture.cs(112,22): error CS0518: Predefined type 'System.String' is not defined or imported
C:\gh\azure-sdk-for-net\sdk\synapse\Microsoft.Azure.Management.Synapse\tests\TestHelpers\SynapseMockContext.cs(14,39): error CS0246: The type or namespace name 'MockContext' could not be found (are you missing a using directive or an assembly reference?)
C:\gh\azure-sdk-for-net\sdk\synapse\Microsoft.Azure.Management.Synapse\tests\ScenarioTests\SynapseManagementTestBase.cs(10,46): error CS0246: The type or namespace name 'TestBase' could not be found (are you missing a using directive or an assembly reference?)
C:\gh\azure-sdk-for-net\sdk\synapse\Microsoft.Azure.Management.Synapse\tests\ScenarioTests\SynapseManagementTestBase.cs(10,56): error CS0246: The type or namespace name 'IDisposable' could not be found (are you missing a using directive or an assembly reference?)
C:\gh\azure-sdk-for-net\sdk\synapse\Microsoft.Azure.Management.Synapse\tests\TestHelpers\SynapseManagementTestUtilities.cs(269,48): error CS0518: Predefined type 'System.Object' is not defined or imported
C:\gh\azure-sdk-for-net\sdk\synapse\Microsoft.Azure.Management.Synapse\tests\TestHelpers\SynapseManagementTestUtilities.cs(269,48): error CS0246: The type or namespace name 'IPage<>' could not be found (are you missing a using directive or an assembly reference?)
C:\gh\azure-sdk-for-net\sdk\synapse\Microsoft.Azure.Management.Synapse\tests\TestHelpers\SynapseManagementTestUtilities.cs(269,68): error CS0518: Predefined type 'System.Object' is not defined or imported
C:\gh\azure-sdk-for-net\sdk\synapse\Microsoft.Azure.Management.Synapse\tests\TestHelpers\SynapseManagementTestUtilities.cs(269,68): error CS0246: The type or namespace name 'Func<,>' could not be found (are you missing a using directive or an assembly reference?)
C:\gh\azure-sdk-for-net\sdk\synapse\Microsoft.Azure.Management.Synapse\tests\TestHelpers\SynapseManagementTestUtilities.cs(269,73): error CS0518: Predefined type 'System.String' is not defined or imported
C:\gh\azure-sdk-for-net\sdk\synapse\Microsoft.Azure.Management.Synapse\tests\TestHelpers\SynapseManagementTestUtilities.cs(269,81): error CS0518: Predefined type 'System.Object' is not defined or imported
C:\gh\azure-sdk-for-net\sdk\synapse\Microsoft.Azure.Management.Synapse\tests\TestHelpers\SynapseManagementTestUtilities.cs(269,81): error CS0246: The type or namespace name 'IPage<>' could not be found (are you missing a using directive or an assembly reference?)
C:\gh\azure-sdk-for-net\sdk\synapse\Microsoft.Azure.Management.Synapse\tests\TestHelpers\SynapseManagementTestUtilities.cs(269,23): error CS0518: Predefined type 'System.Object' is not defined or imported
C:\gh\azure-sdk-for-net\sdk\synapse\Microsoft.Azure.Management.Synapse\tests\TestHelpers\SynapseManagementTestUtilities.cs(269,23): error CS0246: The type or namespace name 'List<>' could not be found (are you missing a using directive or an assembly reference?)
C:\gh\azure-sdk-for-net\sdk\synapse\Microsoft.Azure.Management.Synapse\tests\TestHelpers\SynapseMockContext.cs(118,41): error CS0518: Predefined type 'System.Boolean' is not defined or imported
C:\gh\azure-sdk-for-net\sdk\synapse\Microsoft.Azure.Management.Synapse\tests\TestHelpers\SynapseMockContext.cs(118,28): error CS0518: Predefined type 'System.Void' is not defined or imported
C:\gh\azure-sdk-for-net\sdk\synapse\Microsoft.Azure.Management.Synapse\tests\TestHelpers\SynapseMockContext.cs(95,20): error CS0518: Predefined type 'System.Void' is not defined or imported
C:\gh\azure-sdk-for-net\sdk\synapse\Microsoft.Azure.Management.Synapse\tests\TestHelpers\SynapseManagementHelper.cs(141,21): error CS0518: Predefined type 'System.String' is not defined or imported
C:\gh\azure-sdk-for-net\sdk\synapse\Microsoft.Azure.Management.Synapse\tests\TestHelpers\SynapseManagementHelper.cs(142,21): error CS0518: Predefined type 'System.String' is not defined or imported
C:\gh\azure-sdk-for-net\sdk\synapse\Microsoft.Azure.Management.Synapse\tests\TestHelpers\SynapseManagementHelper.cs(143,21): error CS0518: Predefined type 'System.String' is not defined or imported
C:\gh\azure-sdk-for-net\sdk\synapse\Microsoft.Azure.Management.Synapse\tests\TestHelpers\SynapseManagementHelper.cs(144,25): error CS0518: Predefined type 'System.String' is not defined or imported
C:\gh\azure-sdk-for-net\sdk\synapse\Microsoft.Azure.Management.Synapse\tests\TestHelpers\SynapseManagementHelper.cs(145,21): error CS0518: Predefined type 'System.String' is not defined or imported
C:\gh\azure-sdk-for-net\sdk\synapse\Microsoft.Azure.Management.Synapse\tests\TestHelpers\SynapseManagementHelper.cs(146,21): error CS0518: Predefined type 'System.Boolean' is not defined or imported
C:\gh\azure-sdk-for-net\sdk\synapse\Microsoft.Azure.Management.Synapse\tests\TestHelpers\SynapseManagementHelper.cs(146,21): error CS0518: Predefined type 'System.Nullable`1' is not defined or imported
C:\gh\azure-sdk-for-net\sdk\synapse\Microsoft.Azure.Management.Synapse\tests\TestHelpers\SynapseManagementHelper.cs(140,16): error CS0518: Predefined type 'System.String' is not defined or imported
C:\gh\azure-sdk-for-net\sdk\synapse\Microsoft.Azure.Management.Synapse\tests\TestHelpers\SynapseManagementHelper.cs(22,17): error CS0518: Predefined type 'System.Object' is not defined or imported
C:\gh\azure-sdk-for-net\sdk\synapse\Microsoft.Azure.Management.Synapse\tests\TestHelpers\SynapseManagementHelper.cs(22,17): error CS0246: The type or namespace name 'StorageManagementClient' could not be found (are you missing a using directive or an assembly reference?)
C:\gh\azure-sdk-for-net\sdk\synapse\Microsoft.Azure.Management.Synapse\tests\TestHelpers\CommonTestsFixture.cs(8,38): error CS0246: The type or namespace name 'TestBase' could not be found (are you missing a using directive or an assembly reference?)
C:\gh\azure-sdk-for-net\sdk\synapse\Microsoft.Azure.Management.Synapse\tests\TestHelpers\SynapseMockContext.cs(19,17): error CS0518: Predefined type 'System.Object' is not defined or imported
C:\gh\azure-sdk-for-net\sdk\synapse\Microsoft.Azure.Management.Synapse\tests\TestHelpers\SynapseMockContext.cs(19,17): error CS0246: The type or namespace name 'MockContext' could not be found (are you missing a using directive or an assembly reference?)
C:\gh\azure-sdk-for-net\sdk\synapse\Microsoft.Azure.Management.Synapse\tests\ScenarioTests\SynapseManagementTestBase.cs(63,16): error CS0518: Predefined type 'System.Void' is not defined or imported
C:\gh\azure-sdk-for-net\sdk\synapse\Microsoft.Azure.Management.Synapse\tests\TestHelpers\SynapseManagementTestUtilities.cs(254,73): error CS0518: Predefined type 'System.Object' is not defined or imported
C:\gh\azure-sdk-for-net\sdk\synapse\Microsoft.Azure.Management.Synapse\tests\TestHelpers\SynapseManagementTestUtilities.cs(254,103): error CS0518: Predefined type 'System.String' is not defined or imported
C:\gh\azure-sdk-for-net\sdk\synapse\Microsoft.Azure.Management.Synapse\tests\TestHelpers\SynapseManagementTestUtilities.cs(254,126): error CS0518: Predefined type 'System.String' is not defined or imported
C:\gh\azure-sdk-for-net\sdk\synapse\Microsoft.Azure.Management.Synapse\tests\TestHelpers\SynapseManagementTestUtilities.cs(254,23): error CS0518: Predefined type 'System.Object' is not defined or imported
C:\gh\azure-sdk-for-net\sdk\synapse\Microsoft.Azure.Management.Synapse\tests\TestHelpers\SynapseManagementTestUtilities.cs(254,68): error CS1110: Cannot define a new extension method because the compiler required type 'System.Runtime.CompilerServices.ExtensionAttribute' cannot be found. Are you missing a reference to System.Core.dll?
C:\gh\azure-sdk-for-net\sdk\synapse\Microsoft.Azure.Management.Synapse\tests\ScenarioTests\SynapseManagementTestBase.cs(45,27): error CS0518: Predefined type 'System.Void' is not defined or imported
C:\gh\azure-sdk-for-net\sdk\synapse\Microsoft.Azure.Management.Synapse\tests\TestHelpers\SynapseManagementHelper.cs(145,35): error CS0518: Predefined type 'System.Object' is not defined or imported
C:\gh\azure-sdk-for-net\sdk\synapse\Microsoft.Azure.Management.Synapse\tests\TestHelpers\SynapseManagementHelper.cs(145,35): error CS0103: The name 'Kind' does not exist in the current context
C:\gh\azure-sdk-for-net\sdk\synapse\Microsoft.Azure.Management.Synapse\tests\TestHelpers\SynapseManagementHelper.cs(146,50): error CS0518: Predefined type 'System.Boolean' is not defined or imported
C:\gh\azure-sdk-for-net\sdk\synapse\Microsoft.Azure.Management.Synapse\tests\TestHelpers\SynapseManagementHelper.cs(146,50): error CS0518: Predefined type 'System.Nullable`1' is not defined or imported
C:\gh\azure-sdk-for-net\sdk\synapse\Microsoft.Azure.Management.Synapse\tests\TestHelpers\SynapseManagementHelper.cs(89,41): error CS0518: Predefined type 'System.String' is not defined or imported
C:\gh\azure-sdk-for-net\sdk\synapse\Microsoft.Azure.Management.Synapse\tests\TestHelpers\SynapseManagementHelper.cs(89,67): error CS0518: Predefined type 'System.String' is not defined or imported
C:\gh\azure-sdk-for-net\sdk\synapse\Microsoft.Azure.Management.Synapse\tests\TestHelpers\SynapseManagementHelper.cs(89,16): error CS0518: Predefined type 'System.Void' is not defined or imported
C:\gh\azure-sdk-for-net\sdk\synapse\Microsoft.Azure.Management.Synapse\tests\TestHelpers\CommonTestsFixture.cs(117,9): error CS0518: Predefined type 'System.Void' is not defined or imported
C:\gh\azure-sdk-for-net\sdk\synapse\Microsoft.Azure.Management.Synapse\tests\ScenarioTests\SynapseManagementTestBase.cs(22,97): error CS0518: Predefined type 'System.String' is not defined or imported
C:\gh\azure-sdk-for-net\sdk\synapse\Microsoft.Azure.Management.Synapse\tests\ScenarioTests\SynapseManagementTestBase.cs(22,26): error CS0518: Predefined type 'System.Void' is not defined or imported
C:\gh\azure-sdk-for-net\sdk\synapse\Microsoft.Azure.Management.Synapse\tests\TestHelpers\SynapseMockContext.cs(57,44): error CS0518: Predefined type 'System.String' is not defined or imported
C:\gh\azure-sdk-for-net\sdk\synapse\Microsoft.Azure.Management.Synapse\tests\TestHelpers\SynapseMockContext.cs(57,58): error CS0518: Predefined type 'System.String' is not defined or imported
C:\gh\azure-sdk-for-net\sdk\synapse\Microsoft.Azure.Management.Synapse\tests\TestHelpers\SynapseMockContext.cs(57,16): error CS0518: Predefined type 'System.Void' is not defined or imported
C:\gh\azure-sdk-for-net\sdk\synapse\Microsoft.Azure.Management.Synapse\tests\TestHelpers\SynapseManagementTestUtilities.cs(224,81): error CS0518: Predefined type 'System.Object' is not defined or imported
C:\gh\azure-sdk-for-net\sdk\synapse\Microsoft.Azure.Management.Synapse\tests\TestHelpers\SynapseManagementTestUtilities.cs(224,111): error CS0518: Predefined type 'System.Boolean' is not defined or imported
C:\gh\azure-sdk-for-net\sdk\synapse\Microsoft.Azure.Management.Synapse\tests\TestHelpers\SynapseManagementTestUtilities.cs(224,133): error CS0518: Predefined type 'System.Boolean' is not defined or imported
C:\gh\azure-sdk-for-net\sdk\synapse\Microsoft.Azure.Management.Synapse\tests\TestHelpers\SynapseManagementTestUtilities.cs(224,23): error CS0518: Predefined type 'System.Object' is not defined or imported
C:\gh\azure-sdk-for-net\sdk\synapse\Microsoft.Azure.Management.Synapse\tests\TestHelpers\SynapseManagementTestUtilities.cs(224,76): error CS1110: Cannot define a new extension method because the compiler required type 'System.Runtime.CompilerServices.ExtensionAttribute' cannot be found. Are you missing a reference to System.Core.dll?
C:\gh\azure-sdk-for-net\sdk\synapse\Microsoft.Azure.Management.Synapse\tests\TestHelpers\SynapseManagementTestUtilities.cs(43,23): error CS0518: Predefined type 'System.String' is not defined or imported
C:\gh\azure-sdk-for-net\sdk\synapse\Microsoft.Azure.Management.Synapse\tests\TestHelpers\SynapseManagementHelper.cs(45,53): error CS0518: Predefined type 'System.String' is not defined or imported
C:\gh\azure-sdk-for-net\sdk\synapse\Microsoft.Azure.Management.Synapse\tests\TestHelpers\SynapseManagementHelper.cs(45,16): error CS0518: Predefined type 'System.Void' is not defined or imported
C:\gh\azure-sdk-for-net\sdk\synapse\Microsoft.Azure.Management.Synapse\tests\TestHelpers\SynapseMockContext.cs(87,42): error CS0518: Predefined type 'System.Boolean' is not defined or imported
C:\gh\azure-sdk-for-net\sdk\synapse\Microsoft.Azure.Management.Synapse\tests\TestHelpers\SynapseMockContext.cs(87,79): error CS0518: Predefined type 'System.Object' is not defined or imported
C:\gh\azure-sdk-for-net\sdk\synapse\Microsoft.Azure.Management.Synapse\tests\TestHelpers\SynapseMockContext.cs(87,79): error CS0246: The type or namespace name 'DelegatingHandler' could not be found (are you missing a using directive or an assembly reference?)
C:\gh\azure-sdk-for-net\sdk\synapse\Microsoft.Azure.Management.Synapse\tests\TestHelpers\SynapseMockContext.cs(87,72): error CS0656: Missing compiler required member 'System.ParamArrayAttribute..ctor'
C:\gh\azure-sdk-for-net\sdk\synapse\Microsoft.Azure.Management.Synapse\tests\TestHelpers\SynapseManagementHelper.cs(34,40): error CS0518: Predefined type 'System.Object' is not defined or imported
C:\gh\azure-sdk-for-net\sdk\synapse\Microsoft.Azure.Management.Synapse\tests\TestHelpers\SynapseManagementHelper.cs(34,70): error CS0518: Predefined type 'System.Object' is not defined or imported
C:\gh\azure-sdk-for-net\sdk\synapse\Microsoft.Azure.Management.Synapse\tests\TestHelpers\SynapseManagementHelper.cs(34,9): error CS0518: Predefined type 'System.Void' is not defined or imported
C:\gh\azure-sdk-for-net\sdk\synapse\Microsoft.Azure.Management.Synapse\tests\TestHelpers\SynapseMockContext.cs(87,65): error CS0518: Predefined type 'System.Boolean' is not defined or imported
C:\gh\azure-sdk-for-net\sdk\synapse\Microsoft.Azure.Management.Synapse\tests\TestHelpers\SynapseMockContext.cs(72,49): error CS0518: Predefined type 'System.String' is not defined or imported
C:\gh\azure-sdk-for-net\sdk\synapse\Microsoft.Azure.Management.Synapse\tests\TestHelpers\SynapseMockContext.cs(72,16): error CS0518: Predefined type 'System.String' is not defined or imported
C:\gh\azure-sdk-for-net\sdk\synapse\Microsoft.Azure.Management.Synapse\tests\ScenarioTests\SqlpoolOperationTests.cs(15,16): error CS0518: Predefined type 'System.Void' is not defined or imported
C:\gh\azure-sdk-for-net\sdk\synapse\Microsoft.Azure.Management.Synapse\tests\ScenarioTests\SparkpoolOperationTests.cs(15,16): error CS0518: Predefined type 'System.Void' is not defined or imported
C:\gh\azure-sdk-for-net\sdk\synapse\Microsoft.Azure.Management.Synapse\tests\TestHelpers\SynapseMockContext.cs(25,26): error CS0518: Predefined type 'System.Object' is not defined or imported
C:\gh\azure-sdk-for-net\sdk\synapse\Microsoft.Azure.Management.Synapse\tests\TestHelpers\SynapseMockContext.cs(25,26): error CS0246: The type or namespace name 'Dictionary<,>' could not be found (are you missing a using directive or an assembly reference?)
C:\gh\azure-sdk-for-net\sdk\synapse\Microsoft.Azure.Management.Synapse\tests\TestHelpers\SynapseMockContext.cs(25,37): error CS0518: Predefined type 'System.String' is not defined or imported
C:\gh\azure-sdk-for-net\sdk\synapse\Microsoft.Azure.Management.Synapse\tests\TestHelpers\SynapseMockContext.cs(25,45): error CS0518: Predefined type 'System.String' is not defined or imported
C:\gh\azure-sdk-for-net\sdk\synapse\Microsoft.Azure.Management.Synapse\tests\TestHelpers\SynapseMockContext.cs(40,13): error CS0518: Predefined type 'System.Object' is not defined or imported
C:\gh\azure-sdk-for-net\sdk\synapse\Microsoft.Azure.Management.Synapse\tests\TestHelpers\SynapseMockContext.cs(40,13): error CS0246: The type or namespace name 'Type' could not be found (are you missing a using directive or an assembly reference?)
C:\gh\azure-sdk-for-net\sdk\synapse\Microsoft.Azure.Management.Synapse\tests\TestHelpers\SynapseMockContext.cs(42,13): error CS0518: Predefined type 'System.String' is not defined or imported
C:\gh\azure-sdk-for-net\sdk\synapse\Microsoft.Azure.Management.Synapse\tests\TestHelpers\SynapseMockContext.cs(39,27): error CS0518: Predefined type 'System.Object' is not defined or imported
C:\gh\azure-sdk-for-net\sdk\synapse\Microsoft.Azure.Management.Synapse\tests\TestHelpers\SynapseManagementTestUtilities.cs(205,63): error CS0518: Predefined type 'System.Object' is not defined or imported
C:\gh\azure-sdk-for-net\sdk\synapse\Microsoft.Azure.Management.Synapse\tests\TestHelpers\SynapseManagementTestUtilities.cs(205,23): error CS0518: Predefined type 'System.Object' is not defined or imported
C:\gh\azure-sdk-for-net\sdk\synapse\Microsoft.Azure.Management.Synapse\tests\TestHelpers\SynapseManagementTestUtilities.cs(205,58): error CS1110: Cannot define a new extension method because the compiler required type 'System.Runtime.CompilerServices.ExtensionAttribute' cannot be found. Are you missing a reference to System.Core.dll?
C:\gh\azure-sdk-for-net\sdk\synapse\Microsoft.Azure.Management.Synapse\tests\TestHelpers\SynapseMockContext.cs(30,9): error CS0518: Predefined type 'System.Void' is not defined or imported
C:\gh\azure-sdk-for-net\sdk\synapse\Microsoft.Azure.Management.Synapse\tests\TestHelpers\SynapseManagementTestUtilities.cs(25,23): error CS0518: Predefined type 'System.Boolean' is not defined or imported
C:\gh\azure-sdk-for-net\sdk\synapse\Microsoft.Azure.Management.Synapse\tests\TestHelpers\SynapseManagementTestUtilities.cs(181,67): error CS0518: Predefined type 'System.Object' is not defined or imported
C:\gh\azure-sdk-for-net\sdk\synapse\Microsoft.Azure.Management.Synapse\tests\TestHelpers\SynapseManagementTestUtilities.cs(181,23): error CS0518: Predefined type 'System.Object' is not defined or imported
C:\gh\azure-sdk-for-net\sdk\synapse\Microsoft.Azure.Management.Synapse\tests\TestHelpers\SynapseManagementTestUtilities.cs(181,62): error CS1110: Cannot define a new extension method because the compiler required type 'System.Runtime.CompilerServices.ExtensionAttribute' cannot be found. Are you missing a reference to System.Core.dll?
C:\gh\azure-sdk-for-net\sdk\synapse\Microsoft.Azure.Management.Synapse\tests\TestHelpers\SynapseManagementHelper.cs(17,17): error CS0518: Predefined type 'System.Object' is not defined or imported
C:\gh\azure-sdk-for-net\sdk\synapse\Microsoft.Azure.Management.Synapse\tests\TestHelpers\SynapseManagementHelper.cs(17,17): error CS0246: The type or namespace name 'ResourceManagementClient' could not be found (are you missing a using directive or an assembly reference?)
C:\gh\azure-sdk-for-net\sdk\synapse\Microsoft.Azure.Management.Synapse\tests\ScenarioTests\WorkspaceOperationTests.cs(14,16): error CS0518: Predefined type 'System.Void' is not defined or imported
C:\gh\azure-sdk-for-net\sdk\synapse\Microsoft.Azure.Management.Synapse\tests\TestHelpers\CommonTestsFixture.cs(112,45): error CS0518: Predefined type 'System.String' is not defined or imported
C:\gh\azure-sdk-for-net\sdk\synapse\Microsoft.Azure.Management.Synapse\tests\TestHelpers\SynapseManagementTestUtilities.cs(170,23): error CS0518: Predefined type 'System.Object' is not defined or imported
C:\gh\azure-sdk-for-net\sdk\synapse\Microsoft.Azure.Management.Synapse\tests\TestHelpers\SynapseManagementTestUtilities.cs(170,23): error CS0246: The type or namespace name 'DelegatingHandler' could not be found (are you missing a using directive or an assembly reference?)
C:\gh\azure-sdk-for-net\sdk\synapse\Microsoft.Azure.Management.Synapse\tests\TestHelpers\CommonTestsFixture.cs(110,45): error CS0518: Predefined type 'System.String' is not defined or imported
C:\gh\azure-sdk-for-net\sdk\synapse\Microsoft.Azure.Management.Synapse\tests\TestHelpers\SynapseManagementTestUtilities.cs(146,57): error CS0518: Predefined type 'System.String' is not defined or imported
C:\gh\azure-sdk-for-net\sdk\synapse\Microsoft.Azure.Management.Synapse\tests\TestHelpers\SynapseManagementTestUtilities.cs(146,75): error CS0518: Predefined type 'System.String' is not defined or imported
C:\gh\azure-sdk-for-net\sdk\synapse\Microsoft.Azure.Management.Synapse\tests\TestHelpers\SynapseManagementTestUtilities.cs(146,92): error CS0518: Predefined type 'System.String' is not defined or imported
C:\gh\azure-sdk-for-net\sdk\synapse\Microsoft.Azure.Management.Synapse\tests\TestHelpers\SynapseManagementTestUtilities.cs(146,29): error CS0518: Predefined type 'System.Object' is not defined or imported
C:\gh\azure-sdk-for-net\sdk\synapse\Microsoft.Azure.Management.Synapse\tests\TestHelpers\SynapseManagementTestUtilities.cs(146,29): error CS0246: The type or namespace name 'Task<>' could not be found (are you missing a using directive or an assembly reference?)
C:\gh\azure-sdk-for-net\sdk\synapse\Microsoft.Azure.Management.Synapse\tests\TestHelpers\SynapseManagementTestUtilities.cs(146,34): error CS0518: Predefined type 'System.String' is not defined or imported
C:\gh\azure-sdk-for-net\sdk\synapse\Microsoft.Azure.Management.Synapse\tests\TestHelpers\SynapseManagementTestUtilities.cs(34,23): error CS0518: Predefined type 'System.Boolean' is not defined or imported
C:\gh\azure-sdk-for-net\sdk\synapse\Microsoft.Azure.Management.Synapse\tests\TestHelpers\SynapseManagementTestUtilities.cs(104,23): error CS0518: Predefined type 'System.String' is not defined or imported
C:\gh\azure-sdk-for-net\sdk\synapse\Microsoft.Azure.Management.Synapse\tests\TestHelpers\SynapseManagementTestUtilities.cs(84,23): error CS0518: Predefined type 'System.String' is not defined or imported
C:\gh\azure-sdk-for-net\sdk\synapse\Microsoft.Azure.Management.Synapse\tests\TestHelpers\SynapseManagementTestUtilities.cs(123,23): error CS0518: Predefined type 'System.String' is not defined or imported
C:\gh\azure-sdk-for-net\sdk\synapse\Microsoft.Azure.Management.Synapse\tests\ScenarioTests\FirewallRuleOperationTests.cs(14,16): error CS0518: Predefined type 'System.Void' is not defined or imported
C:\gh\azure-sdk-for-net\sdk\synapse\Microsoft.Azure.Management.Synapse\tests\TestHelpers\SynapseManagementTestUtilities.cs(64,23): error CS0518: Predefined type 'System.String' is not defined or imported
C:\gh\azure-sdk-for-net\sdk\synapse\Microsoft.Azure.Management.Synapse\tests\TestHelpers\CommonTestsFixture.cs(111,43): error CS0518: Predefined type 'System.String' is not defined or imported
C:\gh\azure-sdk-for-net\sdk\synapse\Microsoft.Azure.Management.Synapse\tests\TestHelpers\SynapseManagementHelper.cs(27,17): error CS0518: Predefined type 'System.Object' is not defined or imported
C:\gh\azure-sdk-for-net\sdk\synapse\Microsoft.Azure.Management.Synapse\tests\TestHelpers\SynapseManagementHelper.cs(12,18): error CS0518: Predefined type 'System.Object' is not defined or imported
C:\gh\azure-sdk-for-net\sdk\synapse\Microsoft.Azure.Management.Synapse\tests\ScenarioTests\SynapseManagementTestBase.cs(22,47): error CS0518: Predefined type 'System.Object' is not defined or imported
C:\gh\azure-sdk-for-net\sdk\synapse\Microsoft.Azure.Management.Synapse\tests\ScenarioTests\SynapseManagementTestBase.cs(22,47): error CS0246: The type or namespace name 'System' could not be found (are you missing a using directive or an assembly reference?)
C:\gh\azure-sdk-for-net\sdk\synapse\Microsoft.Azure.Management.Synapse\tests\ScenarioTests\SynapseManagementTestBase.cs(22,117): error CS0518: Predefined type 'System.String' is not defined or imported
C:\gh\azure-sdk-for-net\eng\mgmt\DisableTestRunParallel.cs(7,12): error CS0246: The type or namespace name 'CollectionBehaviorAttribute' could not be found (are you missing a using directive or an assembly reference?)
C:\gh\azure-sdk-for-net\eng\mgmt\DisableTestRunParallel.cs(7,12): error CS0246: The type or namespace name 'CollectionBehavior' could not be found (are you missing a using directive or an assembly reference?)
C:\gh\azure-sdk-for-net\artifacts\obj\Microsoft.Azure.Management.Synapse.Tests\Debug\netcoreapp2.0\.NETCoreApp,Version=v2.0.AssemblyAttributes.cs(4,20): error CS0400: The type or namespace name 'System' could not be found in the global namespace (are you missing an assembly reference?)
C:\gh\azure-sdk-for-net\artifacts\obj\Microsoft.Azure.Management.Synapse.Tests\Debug\netcoreapp2.0\Microsoft.Azure.Management.Synapse.Tests.AssemblyInfo.cs(14,12): error CS0246: The type or namespace name 'System' could not be found (are you missing a using directive or an assembly reference?)
C:\gh\azure-sdk-for-net\artifacts\obj\Microsoft.Azure.Management.Synapse.Tests\Debug\netcoreapp2.0\Microsoft.Azure.Management.Synapse.Tests.AssemblyInfo.cs(15,12): error CS0246: The type or namespace name 'System' could not be found (are you missing a using directive or an assembly reference?)
C:\gh\azure-sdk-for-net\artifacts\obj\Microsoft.Azure.Management.Synapse.Tests\Debug\netcoreapp2.0\Microsoft.Azure.Management.Synapse.Tests.AssemblyInfo.cs(16,12): error CS0246: The type or namespace name 'System' could not be found (are you missing a using directive or an assembly reference?)
C:\gh\azure-sdk-for-net\eng\mgmt\DisableTestRunParallel.cs(7,31): error CS0246: The type or namespace name 'DisableTestParallelization' could not be found (are you missing a using directive or an assembly reference?)
C:\gh\azure-sdk-for-net\eng\mgmt\DisableTestRunParallel.cs(7,60): error CS0518: Predefined type 'System.Boolean' is not defined or imported
C:\gh\azure-sdk-for-net\eng\mgmt\DisableTestRunParallel.cs(7,66): error CS0246: The type or namespace name 'MaxParallelThreads' could not be found (are you missing a using directive or an assembly reference?)
C:\gh\azure-sdk-for-net\eng\mgmt\DisableTestRunParallel.cs(7,87): error CS0518: Predefined type 'System.Int32' is not defined or imported
C:\gh\azure-sdk-for-net\artifacts\obj\Microsoft.Azure.Management.Synapse.Tests\Debug\netcoreapp2.0\.NETCoreApp,Version=v2.0.AssemblyAttributes.cs(4,71): error CS0518: Predefined type 'System.String' is not defined or imported
C:\gh\azure-sdk-for-net\artifacts\obj\Microsoft.Azure.Management.Synapse.Tests\Debug\netcoreapp2.0\.NETCoreApp,Version=v2.0.AssemblyAttributes.cs(4,99): error CS0246: The type or namespace name 'FrameworkDisplayName' could not be found (are you missing a using directive or an assembly reference?)
C:\gh\azure-sdk-for-net\artifacts\obj\Microsoft.Azure.Management.Synapse.Tests\Debug\netcoreapp2.0\.NETCoreApp,Version=v2.0.AssemblyAttributes.cs(4,122): error CS0518: Predefined type 'System.String' is not defined or imported
C:\gh\azure-sdk-for-net\artifacts\obj\Microsoft.Azure.Management.Synapse.Tests\Debug\netcoreapp2.0\Microsoft.Azure.Management.Synapse.Tests.AssemblyInfo.cs(14,56): error CS0518: Predefined type 'System.String' is not defined or imported
C:\gh\azure-sdk-for-net\artifacts\obj\Microsoft.Azure.Management.Synapse.Tests\Debug\netcoreapp2.0\Microsoft.Azure.Management.Synapse.Tests.AssemblyInfo.cs(14,70): error CS0518: Predefined type 'System.String' is not defined or imported
C:\gh\azure-sdk-for-net\artifacts\obj\Microsoft.Azure.Management.Synapse.Tests\Debug\netcoreapp2.0\Microsoft.Azure.Management.Synapse.Tests.AssemblyInfo.cs(15,68): error CS0518: Predefined type 'System.String' is not defined or imported
C:\gh\azure-sdk-for-net\artifacts\obj\Microsoft.Azure.Management.Synapse.Tests\Debug\netcoreapp2.0\Microsoft.Azure.Management.Synapse.Tests.AssemblyInfo.cs(16,56): error CS0518: Predefined type 'System.String' is not defined or imported
C:\gh\azure-sdk-for-net\artifacts\obj\Microsoft.Azure.Management.Synapse.Tests\Debug\netcoreapp2.0\Microsoft.Azure.Management.Synapse.Tests.AssemblyInfo.cs(16,73): error CS0518: Predefined type 'System.String' is not defined or imported
C:\gh\azure-sdk-for-net\sdk\synapse\Microsoft.Azure.Management.Synapse\tests\ScenarioTests\FirewallRuleOperationTests.cs(4,17): error CS0234: The type or namespace name 'Rest' does not exist in the namespace 'Microsoft' (are you missing an assembly reference?)
C:\gh\azure-sdk-for-net\sdk\synapse\Microsoft.Azure.Management.Synapse\tests\ScenarioTests\FirewallRuleOperationTests.cs(5,7): error CS0246: The type or namespace name 'Xunit' could not be found (are you missing a using directive or an assembly reference?)
C:\gh\azure-sdk-for-net\sdk\synapse\Microsoft.Azure.Management.Synapse\tests\ScenarioTests\FirewallRuleOperationTests.cs(6,7): error CS0246: The type or namespace name 'System' could not be found (are you missing a using directive or an assembly reference?)
C:\gh\azure-sdk-for-net\sdk\synapse\Microsoft.Azure.Management.Synapse\tests\ScenarioTests\SparkpoolOperationTests.cs(4,17): error CS0234: The type or namespace name 'Rest' does not exist in the namespace 'Microsoft' (are you missing an assembly reference?)
C:\gh\azure-sdk-for-net\sdk\synapse\Microsoft.Azure.Management.Synapse\tests\ScenarioTests\SparkpoolOperationTests.cs(6,7): error CS0246: The type or namespace name 'System' could not be found (are you missing a using directive or an assembly reference?)
C:\gh\azure-sdk-for-net\sdk\synapse\Microsoft.Azure.Management.Synapse\tests\ScenarioTests\SparkpoolOperationTests.cs(7,7): error CS0246: The type or namespace name 'Xunit' could not be found (are you missing a using directive or an assembly reference?)
C:\gh\azure-sdk-for-net\sdk\synapse\Microsoft.Azure.Management.Synapse\tests\ScenarioTests\SparkpoolOperationTests.cs(8,7): error CS0246: The type or namespace name 'System' could not be found (are you missing a using directive or an assembly reference?)
C:\gh\azure-sdk-for-net\sdk\synapse\Microsoft.Azure.Management.Synapse\tests\ScenarioTests\SqlpoolOperationTests.cs(4,17): error CS0234: The type or namespace name 'Rest' does not exist in the namespace 'Microsoft' (are you missing an assembly reference?)
C:\gh\azure-sdk-for-net\sdk\synapse\Microsoft.Azure.Management.Synapse\tests\ScenarioTests\SqlpoolOperationTests.cs(6,7): error CS0246: The type or namespace name 'System' could not be found (are you missing a using directive or an assembly reference?)
C:\gh\azure-sdk-for-net\sdk\synapse\Microsoft.Azure.Management.Synapse\tests\ScenarioTests\SqlpoolOperationTests.cs(7,7): error CS0246: The type or namespace name 'Xunit' could not be found (are you missing a using directive or an assembly reference?)
C:\gh\azure-sdk-for-net\sdk\synapse\Microsoft.Azure.Management.Synapse\tests\ScenarioTests\SqlpoolOperationTests.cs(8,7): error CS0246: The type or namespace name 'System' could not be found (are you missing a using directive or an assembly reference?)
C:\gh\azure-sdk-for-net\sdk\synapse\Microsoft.Azure.Management.Synapse\tests\ScenarioTests\SynapseManagementTestBase.cs(4,7): error CS0246: The type or namespace name 'System' could not be found (are you missing a using directive or an assembly reference?)
C:\gh\azure-sdk-for-net\sdk\synapse\Microsoft.Azure.Management.Synapse\tests\ScenarioTests\SynapseManagementTestBase.cs(5,17): error CS0234: The type or namespace name 'Rest' does not exist in the namespace 'Microsoft' (are you missing an assembly reference?)
C:\gh\azure-sdk-for-net\sdk\synapse\Microsoft.Azure.Management.Synapse\tests\ScenarioTests\SynapseManagementTestBase.cs(6,23): error CS0234: The type or namespace name 'Test' does not exist in the namespace 'Microsoft.Azure' (are you missing an assembly reference?)
C:\gh\azure-sdk-for-net\sdk\synapse\Microsoft.Azure.Management.Synapse\tests\ScenarioTests\WorkspaceOperationTests.cs(4,17): error CS0234: The type or namespace name 'Rest' does not exist in the namespace 'Microsoft' (are you missing an assembly reference?)
C:\gh\azure-sdk-for-net\sdk\synapse\Microsoft.Azure.Management.Synapse\tests\ScenarioTests\WorkspaceOperationTests.cs(5,7): error CS0246: The type or namespace name 'System' could not be found (are you missing a using directive or an assembly reference?)
C:\gh\azure-sdk-for-net\sdk\synapse\Microsoft.Azure.Management.Synapse\tests\ScenarioTests\WorkspaceOperationTests.cs(6,7): error CS0246: The type or namespace name 'Xunit' could not be found (are you missing a using directive or an assembly reference?)
C:\gh\azure-sdk-for-net\sdk\synapse\Microsoft.Azure.Management.Synapse\tests\ScenarioTests\WorkspaceOperationTests.cs(7,7): error CS0246: The type or namespace name 'System' could not be found (are you missing a using directive or an assembly reference?)
C:\gh\azure-sdk-for-net\sdk\synapse\Microsoft.Azure.Management.Synapse\tests\TestHelpers\CommonTestsFixture.cs(4,17): error CS0234: The type or namespace name 'Rest' does not exist in the namespace 'Microsoft' (are you missing an assembly reference?)
C:\gh\azure-sdk-for-net\sdk\synapse\Microsoft.Azure.Management.Synapse\tests\TestHelpers\SynapseManagementHelper.cs(4,7): error CS0246: The type or namespace name 'System' could not be found (are you missing a using directive or an assembly reference?)
C:\gh\azure-sdk-for-net\sdk\synapse\Microsoft.Azure.Management.Synapse\tests\TestHelpers\SynapseManagementHelper.cs(5,34): error CS0234: The type or namespace name 'ResourceManager' does not exist in the namespace 'Microsoft.Azure.Management' (are you missing an assembly reference?)
C:\gh\azure-sdk-for-net\sdk\synapse\Microsoft.Azure.Management.Synapse\tests\TestHelpers\SynapseManagementHelper.cs(6,34): error CS0234: The type or namespace name 'ResourceManager' does not exist in the namespace 'Microsoft.Azure.Management' (are you missing an assembly reference?)
C:\gh\azure-sdk-for-net\sdk\synapse\Microsoft.Azure.Management.Synapse\tests\TestHelpers\SynapseManagementHelper.cs(7,34): error CS0234: The type or namespace name 'Storage' does not exist in the namespace 'Microsoft.Azure.Management' (are you missing an assembly reference?)
C:\gh\azure-sdk-for-net\sdk\synapse\Microsoft.Azure.Management.Synapse\tests\TestHelpers\SynapseManagementHelper.cs(8,34): error CS0234: The type or namespace name 'Storage' does not exist in the namespace 'Microsoft.Azure.Management' (are you missing an assembly reference?)
C:\gh\azure-sdk-for-net\sdk\synapse\Microsoft.Azure.Management.Synapse\tests\TestHelpers\SynapseManagementTestUtilities.cs(4,23): error CS0234: The type or namespace name 'Test' does not exist in the namespace 'Microsoft.Azure' (are you missing an assembly reference?)
C:\gh\azure-sdk-for-net\sdk\synapse\Microsoft.Azure.Management.Synapse\tests\TestHelpers\SynapseManagementTestUtilities.cs(5,17): error CS0234: The type or namespace name 'IdentityModel' does not exist in the namespace 'Microsoft' (are you missing an assembly reference?)
C:\gh\azure-sdk-for-net\sdk\synapse\Microsoft.Azure.Management.Synapse\tests\TestHelpers\SynapseManagementTestUtilities.cs(6,17): error CS0234: The type or namespace name 'Rest' does not exist in the namespace 'Microsoft' (are you missing an assembly reference?)
C:\gh\azure-sdk-for-net\sdk\synapse\Microsoft.Azure.Management.Synapse\tests\TestHelpers\SynapseManagementTestUtilities.cs(7,7): error CS0246: The type or namespace name 'System' could not be found (are you missing a using directive or an assembly reference?)
C:\gh\azure-sdk-for-net\sdk\synapse\Microsoft.Azure.Management.Synapse\tests\TestHelpers\SynapseManagementTestUtilities.cs(8,7): error CS0246: The type or namespace name 'System' could not be found (are you missing a using directive or an assembly reference?)
C:\gh\azure-sdk-for-net\sdk\synapse\Microsoft.Azure.Management.Synapse\tests\TestHelpers\SynapseManagementTestUtilities.cs(9,7): error CS0246: The type or namespace name 'System' could not be found (are you missing a using directive or an assembly reference?)
C:\gh\azure-sdk-for-net\sdk\synapse\Microsoft.Azure.Management.Synapse\tests\TestHelpers\SynapseManagementTestUtilities.cs(10,7): error CS0246: The type or namespace name 'System' could not be found (are you missing a using directive or an assembly reference?)
C:\gh\azure-sdk-for-net\sdk\synapse\Microsoft.Azure.Management.Synapse\tests\TestHelpers\SynapseManagementTestUtilities.cs(12,17): error CS0234: The type or namespace name 'Rest' does not exist in the namespace 'Microsoft' (are you missing an assembly reference?)
C:\gh\azure-sdk-for-net\sdk\synapse\Microsoft.Azure.Management.Synapse\tests\TestHelpers\SynapseMockContext.cs(4,23): error CS0234: The type or namespace name 'Test' does not exist in the namespace 'Microsoft.Azure' (are you missing an assembly reference?)
C:\gh\azure-sdk-for-net\sdk\synapse\Microsoft.Azure.Management.Synapse\tests\TestHelpers\SynapseMockContext.cs(5,17): error CS0234: The type or namespace name 'Rest' does not exist in the namespace 'Microsoft' (are you missing an assembly reference?)
C:\gh\azure-sdk-for-net\sdk\synapse\Microsoft.Azure.Management.Synapse\tests\TestHelpers\SynapseMockContext.cs(6,7): error CS0246: The type or namespace name 'System' could not be found (are you missing a using directive or an assembly reference?)
C:\gh\azure-sdk-for-net\sdk\synapse\Microsoft.Azure.Management.Synapse\tests\TestHelpers\SynapseMockContext.cs(7,7): error CS0246: The type or namespace name 'System' could not be found (are you missing a using directive or an assembly reference?)
C:\gh\azure-sdk-for-net\sdk\synapse\Microsoft.Azure.Management.Synapse\tests\TestHelpers\SynapseMockContext.cs(8,7): error CS0246: The type or namespace name 'System' could not be found (are you missing a using directive or an assembly reference?)
C:\gh\azure-sdk-for-net\sdk\synapse\Microsoft.Azure.Management.Synapse\tests\TestHelpers\SynapseMockContext.cs(9,7): error CS0246: The type or namespace name 'System' could not be found (are you missing a using directive or an assembly reference?)
C:\gh\azure-sdk-for-net\sdk\synapse\Microsoft.Azure.Management.Synapse\tests\TestHelpers\SynapseMockContext.cs(10,7): error CS0246: The type or namespace name 'System' could not be found (are you missing a using directive or an assembly reference?)
C:\gh\azure-sdk-for-net\eng\mgmt\DisableTestRunParallel.cs(4,7): error CS0246: The type or namespace name 'System' could not be found (are you missing a using directive or an assembly reference?)
C:\gh\azure-sdk-for-net\eng\mgmt\DisableTestRunParallel.cs(5,7): error CS0246: The type or namespace name 'Xunit' could not be found (are you missing a using directive or an assembly reference?)
C:\gh\azure-sdk-for-net\artifacts\obj\Microsoft.Azure.Management.Synapse.Tests\Debug\netcoreapp2.0\.NETCoreApp,Version=v2.0.AssemblyAttributes.cs(2,7): error CS0246: The type or namespace name 'System' could not be found (are you missing a using directive or an assembly reference?)
C:\gh\azure-sdk-for-net\artifacts\obj\Microsoft.Azure.Management.Synapse.Tests\Debug\netcoreapp2.0\.NETCoreApp,Version=v2.0.AssemblyAttributes.cs(3,7): error CS0246: The type or namespace name 'System' could not be found (are you missing a using directive or an assembly reference?)
C:\gh\azure-sdk-for-net\artifacts\obj\Microsoft.Azure.Management.Synapse.Tests\Debug\netcoreapp2.0\Microsoft.Azure.Management.Synapse.Tests.AssemblyInfo.cs(11,7): error CS0246: The type or namespace name 'System' could not be found (are you missing a using directive or an assembly reference?)
C:\gh\azure-sdk-for-net\artifacts\obj\Microsoft.Azure.Management.Synapse.Tests\Debug\netcoreapp2.0\Microsoft.Azure.Management.Synapse.Tests.AssemblyInfo.cs(12,7): error CS0246: The type or namespace name 'System' could not be found (are you missing a using directive or an assembly reference?)
C:\gh\azure-sdk-for-net\sdk\synapse\Microsoft.Azure.Management.Synapse\tests\ScenarioTests\SynapseManagementTestBase.cs(14,52): error CS0518: Predefined type 'System.Void' is not defined or imported
C:\gh\azure-sdk-for-net\sdk\synapse\Microsoft.Azure.Management.Synapse\tests\ScenarioTests\SynapseManagementTestBase.cs(16,54): error CS0518: Predefined type 'System.Void' is not defined or imported
C:\gh\azure-sdk-for-net\sdk\synapse\Microsoft.Azure.Management.Synapse\tests\ScenarioTests\SynapseManagementTestBase.cs(18,63): error CS0518: Predefined type 'System.Void' is not defined or imported
C:\gh\azure-sdk-for-net\sdk\synapse\Microsoft.Azure.Management.Synapse\tests\ScenarioTests\SynapseManagementTestBase.cs(20,73): error CS0518: Predefined type 'System.Void' is not defined or imported
C:\gh\azure-sdk-for-net\sdk\synapse\Microsoft.Azure.Management.Synapse\tests\ScenarioTests\SqlpoolOperationTests.cs(14,10): error CS0518: Predefined type 'System.Object' is not defined or imported
C:\gh\azure-sdk-for-net\sdk\synapse\Microsoft.Azure.Management.Synapse\tests\ScenarioTests\SqlpoolOperationTests.cs(14,10): error CS0246: The type or namespace name 'FactAttribute' could not be found (are you missing a using directive or an assembly reference?)
C:\gh\azure-sdk-for-net\sdk\synapse\Microsoft.Azure.Management.Synapse\tests\ScenarioTests\SqlpoolOperationTests.cs(14,10): error CS0246: The type or namespace name 'Fact' could not be found (are you missing a using directive or an assembly reference?)
C:\gh\azure-sdk-for-net\sdk\synapse\Microsoft.Azure.Management.Synapse\tests\ScenarioTests\SparkpoolOperationTests.cs(14,10): error CS0518: Predefined type 'System.Object' is not defined or imported
C:\gh\azure-sdk-for-net\sdk\synapse\Microsoft.Azure.Management.Synapse\tests\ScenarioTests\SparkpoolOperationTests.cs(14,10): error CS0246: The type or namespace name 'FactAttribute' could not be found (are you missing a using directive or an assembly reference?)
C:\gh\azure-sdk-for-net\sdk\synapse\Microsoft.Azure.Management.Synapse\tests\ScenarioTests\SparkpoolOperationTests.cs(14,10): error CS0246: The type or namespace name 'Fact' could not be found (are you missing a using directive or an assembly reference?)
C:\gh\azure-sdk-for-net\sdk\synapse\Microsoft.Azure.Management.Synapse\tests\TestHelpers\SynapseManagementTestUtilities.cs(19,25): error CS0518: Predefined type 'System.Object' is not defined or imported
C:\gh\azure-sdk-for-net\sdk\synapse\Microsoft.Azure.Management.Synapse\tests\TestHelpers\SynapseMockContext.cs(39,46): error CS0109: The member 'SynapseMockContext.Start(Type, string)' does not hide an accessible member. The new keyword is not required.
C:\gh\azure-sdk-for-net\sdk\synapse\Microsoft.Azure.Management.Synapse\tests\TestHelpers\SynapseMockContext.cs(87,22): error CS0109: The member 'SynapseMockContext.GetServiceClient<T>(bool, params DelegatingHandler[])' does not hide an accessible member. The new keyword is not required.
C:\gh\azure-sdk-for-net\sdk\synapse\Microsoft.Azure.Management.Synapse\tests\TestHelpers\SynapseMockContext.cs(95,25): error CS0109: The member 'SynapseMockContext.Stop()' does not hide an accessible member. The new keyword is not required.
C:\gh\azure-sdk-for-net\sdk\synapse\Microsoft.Azure.Management.Synapse\tests\ScenarioTests\SynapseManagementTestBase.cs(12,25): error CS0518: Predefined type 'System.Boolean' is not defined or imported
C:\gh\azure-sdk-for-net\sdk\synapse\Microsoft.Azure.Management.Synapse\tests\ScenarioTests\SynapseManagementTestBase.cs(14,18): error CS0518: Predefined type 'System.Object' is not defined or imported
C:\gh\azure-sdk-for-net\sdk\synapse\Microsoft.Azure.Management.Synapse\tests\ScenarioTests\WorkspaceOperationTests.cs(13,10): error CS0518: Predefined type 'System.Object' is not defined or imported
C:\gh\azure-sdk-for-net\sdk\synapse\Microsoft.Azure.Management.Synapse\tests\ScenarioTests\WorkspaceOperationTests.cs(13,10): error CS0246: The type or namespace name 'FactAttribute' could not be found (are you missing a using directive or an assembly reference?)
C:\gh\azure-sdk-for-net\sdk\synapse\Microsoft.Azure.Management.Synapse\tests\ScenarioTests\WorkspaceOperationTests.cs(13,10): error CS0246: The type or namespace name 'Fact' could not be found (are you missing a using directive or an assembly reference?)
C:\gh\azure-sdk-for-net\sdk\synapse\Microsoft.Azure.Management.Synapse\tests\ScenarioTests\SynapseManagementTestBase.cs(16,18): error CS0518: Predefined type 'System.Object' is not defined or imported
C:\gh\azure-sdk-for-net\sdk\synapse\Microsoft.Azure.Management.Synapse\tests\ScenarioTests\SynapseManagementTestBase.cs(18,18): error CS0518: Predefined type 'System.Object' is not defined or imported
C:\gh\azure-sdk-for-net\sdk\synapse\Microsoft.Azure.Management.Synapse\tests\ScenarioTests\FirewallRuleOperationTests.cs(13,10): error CS0518: Predefined type 'System.Object' is not defined or imported
C:\gh\azure-sdk-for-net\sdk\synapse\Microsoft.Azure.Management.Synapse\tests\ScenarioTests\FirewallRuleOperationTests.cs(13,10): error CS0246: The type or namespace name 'FactAttribute' could not be found (are you missing a using directive or an assembly reference?)
C:\gh\azure-sdk-for-net\sdk\synapse\Microsoft.Azure.Management.Synapse\tests\ScenarioTests\FirewallRuleOperationTests.cs(13,10): error CS0246: The type or namespace name 'Fact' could not be found (are you missing a using directive or an assembly reference?)
C:\gh\azure-sdk-for-net\sdk\synapse\Microsoft.Azure.Management.Synapse\tests\ScenarioTests\SynapseManagementTestBase.cs(20,18): error CS0518: Predefined type 'System.Object' is not defined or imported
C:\gh\azure-sdk-for-net\sdk\synapse\Microsoft.Azure.Management.Synapse\tests\TestHelpers\SynapseMockContext.cs(41,14): error CS0518: Predefined type 'System.Object' is not defined or imported
C:\gh\azure-sdk-for-net\sdk\synapse\Microsoft.Azure.Management.Synapse\tests\TestHelpers\SynapseMockContext.cs(41,14): error CS0246: The type or namespace name 'System' could not be found (are you missing a using directive or an assembly reference?)
C:\gh\azure-sdk-for-net\sdk\synapse\Microsoft.Azure.Management.Synapse\tests\TestHelpers\SynapseMockContext.cs(42,32): error CS0518: Predefined type 'System.String' is not defined or imported
C:\gh\azure-sdk-for-net\sdk\synapse\Microsoft.Azure.Management.Synapse\tests\TestHelpers\CommonTestsFixture.cs(13,48): error CS0518: Predefined type 'System.Void' is not defined or imported
C:\gh\azure-sdk-for-net\sdk\synapse\Microsoft.Azure.Management.Synapse\tests\TestHelpers\CommonTestsFixture.cs(18,39): error CS0518: Predefined type 'System.Void' is not defined or imported
C:\gh\azure-sdk-for-net\sdk\synapse\Microsoft.Azure.Management.Synapse\tests\TestHelpers\CommonTestsFixture.cs(23,49): error CS0518: Predefined type 'System.Void' is not defined or imported
C:\gh\azure-sdk-for-net\sdk\synapse\Microsoft.Azure.Management.Synapse\tests\TestHelpers\CommonTestsFixture.cs(28,48): error CS0518: Predefined type 'System.Void' is not defined or imported
C:\gh\azure-sdk-for-net\sdk\synapse\Microsoft.Azure.Management.Synapse\tests\TestHelpers\CommonTestsFixture.cs(33,63): error CS0518: Predefined type 'System.Void' is not defined or imported
C:\gh\azure-sdk-for-net\sdk\synapse\Microsoft.Azure.Management.Synapse\tests\TestHelpers\CommonTestsFixture.cs(38,63): error CS0518: Predefined type 'System.Void' is not defined or imported
C:\gh\azure-sdk-for-net\sdk\synapse\Microsoft.Azure.Management.Synapse\tests\TestHelpers\CommonTestsFixture.cs(43,42): error CS0518: Predefined type 'System.Void' is not defined or imported
C:\gh\azure-sdk-for-net\sdk\synapse\Microsoft.Azure.Management.Synapse\tests\TestHelpers\CommonTestsFixture.cs(48,42): error CS0518: Predefined type 'System.Void' is not defined or imported
C:\gh\azure-sdk-for-net\sdk\synapse\Microsoft.Azure.Management.Synapse\tests\TestHelpers\CommonTestsFixture.cs(53,45): error CS0518: Predefined type 'System.Void' is not defined or imported
C:\gh\azure-sdk-for-net\sdk\synapse\Microsoft.Azure.Management.Synapse\tests\TestHelpers\CommonTestsFixture.cs(58,47): error CS0518: Predefined type 'System.Void' is not defined or imported
C:\gh\azure-sdk-for-net\sdk\synapse\Microsoft.Azure.Management.Synapse\tests\TestHelpers\CommonTestsFixture.cs(63,38): error CS0518: Predefined type 'System.Void' is not defined or imported
C:\gh\azure-sdk-for-net\sdk\synapse\Microsoft.Azure.Management.Synapse\tests\TestHelpers\CommonTestsFixture.cs(68,43): error CS0518: Predefined type 'System.Void' is not defined or imported
C:\gh\azure-sdk-for-net\sdk\synapse\Microsoft.Azure.Management.Synapse\tests\TestHelpers\CommonTestsFixture.cs(73,39): error CS0518: Predefined type 'System.Void' is not defined or imported
C:\gh\azure-sdk-for-net\sdk\synapse\Microsoft.Azure.Management.Synapse\tests\TestHelpers\CommonTestsFixture.cs(78,50): error CS0518: Predefined type 'System.Void' is not defined or imported
C:\gh\azure-sdk-for-net\sdk\synapse\Microsoft.Azure.Management.Synapse\tests\TestHelpers\CommonTestsFixture.cs(83,50): error CS0518: Predefined type 'System.Void' is not defined or imported
C:\gh\azure-sdk-for-net\sdk\synapse\Microsoft.Azure.Management.Synapse\tests\TestHelpers\CommonTestsFixture.cs(88,51): error CS0518: Predefined type 'System.Void' is not defined or imported
C:\gh\azure-sdk-for-net\sdk\synapse\Microsoft.Azure.Management.Synapse\tests\TestHelpers\CommonTestsFixture.cs(93,45): error CS0518: Predefined type 'System.Void' is not defined or imported
C:\gh\azure-sdk-for-net\sdk\synapse\Microsoft.Azure.Management.Synapse\tests\TestHelpers\CommonTestsFixture.cs(98,43): error CS0518: Predefined type 'System.Void' is not defined or imported
C:\gh\azure-sdk-for-net\sdk\synapse\Microsoft.Azure.Management.Synapse\tests\TestHelpers\CommonTestsFixture.cs(103,52): error CS0518: Predefined type 'System.Void' is not defined or imported
C:\gh\azure-sdk-for-net\sdk\synapse\Microsoft.Azure.Management.Synapse\tests\TestHelpers\CommonTestsFixture.cs(108,50): error CS0518: Predefined type 'System.Void' is not defined or imported
C:\gh\azure-sdk-for-net\sdk\synapse\Microsoft.Azure.Management.Synapse\tests\TestHelpers\CommonTestsFixture.cs(13,16): error CS0518: Predefined type 'System.String' is not defined or imported
C:\gh\azure-sdk-for-net\sdk\synapse\Microsoft.Azure.Management.Synapse\tests\TestHelpers\CommonTestsFixture.cs(18,16): error CS0518: Predefined type 'System.String' is not defined or imported
C:\gh\azure-sdk-for-net\sdk\synapse\Microsoft.Azure.Management.Synapse\tests\TestHelpers\CommonTestsFixture.cs(23,16): error CS0518: Predefined type 'System.String' is not defined or imported
C:\gh\azure-sdk-for-net\sdk\synapse\Microsoft.Azure.Management.Synapse\tests\TestHelpers\CommonTestsFixture.cs(28,16): error CS0518: Predefined type 'System.String' is not defined or imported
C:\gh\azure-sdk-for-net\sdk\synapse\Microsoft.Azure.Management.Synapse\tests\TestHelpers\CommonTestsFixture.cs(33,16): error CS0518: Predefined type 'System.String' is not defined or imported
C:\gh\azure-sdk-for-net\sdk\synapse\Microsoft.Azure.Management.Synapse\tests\TestHelpers\CommonTestsFixture.cs(38,16): error CS0518: Predefined type 'System.String' is not defined or imported
C:\gh\azure-sdk-for-net\sdk\synapse\Microsoft.Azure.Management.Synapse\tests\TestHelpers\CommonTestsFixture.cs(43,16): error CS0518: Predefined type 'System.String' is not defined or imported
C:\gh\azure-sdk-for-net\sdk\synapse\Microsoft.Azure.Management.Synapse\tests\TestHelpers\CommonTestsFixture.cs(48,16): error CS0518: Predefined type 'System.String' is not defined or imported
C:\gh\azure-sdk-for-net\sdk\synapse\Microsoft.Azure.Management.Synapse\tests\TestHelpers\CommonTestsFixture.cs(53,16): error CS0518: Predefined type 'System.String' is not defined or imported
C:\gh\azure-sdk-for-net\sdk\synapse\Microsoft.Azure.Management.Synapse\tests\TestHelpers\CommonTestsFixture.cs(58,16): error CS0518: Predefined type 'System.String' is not defined or imported
C:\gh\azure-sdk-for-net\sdk\synapse\Microsoft.Azure.Management.Synapse\tests\TestHelpers\CommonTestsFixture.cs(63,16): error CS0518: Predefined type 'System.Int32' is not defined or imported
C:\gh\azure-sdk-for-net\sdk\synapse\Microsoft.Azure.Management.Synapse\tests\TestHelpers\CommonTestsFixture.cs(63,16): error CS0518: Predefined type 'System.Nullable`1' is not defined or imported
C:\gh\azure-sdk-for-net\sdk\synapse\Microsoft.Azure.Management.Synapse\tests\TestHelpers\CommonTestsFixture.cs(68,16): error CS0518: Predefined type 'System.String' is not defined or imported
C:\gh\azure-sdk-for-net\sdk\synapse\Microsoft.Azure.Management.Synapse\tests\TestHelpers\CommonTestsFixture.cs(73,16): error CS0518: Predefined type 'System.String' is not defined or imported
C:\gh\azure-sdk-for-net\sdk\synapse\Microsoft.Azure.Management.Synapse\tests\TestHelpers\CommonTestsFixture.cs(78,16): error CS0518: Predefined type 'System.Int32' is not defined or imported
C:\gh\azure-sdk-for-net\sdk\synapse\Microsoft.Azure.Management.Synapse\tests\TestHelpers\CommonTestsFixture.cs(78,16): error CS0518: Predefined type 'System.Nullable`1' is not defined or imported
C:\gh\azure-sdk-for-net\sdk\synapse\Microsoft.Azure.Management.Synapse\tests\TestHelpers\CommonTestsFixture.cs(83,16): error CS0518: Predefined type 'System.Int32' is not defined or imported
C:\gh\azure-sdk-for-net\sdk\synapse\Microsoft.Azure.Management.Synapse\tests\TestHelpers\CommonTestsFixture.cs(83,16): error CS0518: Predefined type 'System.Nullable`1' is not defined or imported
C:\gh\azure-sdk-for-net\sdk\synapse\Microsoft.Azure.Management.Synapse\tests\TestHelpers\CommonTestsFixture.cs(88,16): error CS0518: Predefined type 'System.Int32' is not defined or imported
C:\gh\azure-sdk-for-net\sdk\synapse\Microsoft.Azure.Management.Synapse\tests\TestHelpers\CommonTestsFixture.cs(88,16): error CS0518: Predefined type 'System.Nullable`1' is not defined or imported
C:\gh\azure-sdk-for-net\sdk\synapse\Microsoft.Azure.Management.Synapse\tests\TestHelpers\CommonTestsFixture.cs(93,16): error CS0518: Predefined type 'System.String' is not defined or imported
C:\gh\azure-sdk-for-net\sdk\synapse\Microsoft.Azure.Management.Synapse\tests\TestHelpers\CommonTestsFixture.cs(98,16): error CS0518: Predefined type 'System.String' is not defined or imported
C:\gh\azure-sdk-for-net\sdk\synapse\Microsoft.Azure.Management.Synapse\tests\TestHelpers\CommonTestsFixture.cs(103,16): error CS0518: Predefined type 'System.String' is not defined or imported
C:\gh\azure-sdk-for-net\sdk\synapse\Microsoft.Azure.Management.Synapse\tests\TestHelpers\CommonTestsFixture.cs(108,16): error CS0518: Predefined type 'System.String' is not defined or imported
C:\gh\azure-sdk-for-net\sdk\synapse\Microsoft.Azure.Management.Synapse\tests\ScenarioTests\SynapseManagementTestBase.cs(61,33): error CS0518: Predefined type 'System.Boolean' is not defined or imported
C:\gh\azure-sdk-for-net\sdk\synapse\Microsoft.Azure.Management.Synapse\tests\ScenarioTests\SynapseManagementTestBase.cs(12,46): error CS0518: Predefined type 'System.Object' is not defined or imported
C:\gh\azure-sdk-for-net\sdk\synapse\Microsoft.Azure.Management.Synapse\tests\ScenarioTests\SynapseManagementTestBase.cs(12,77): error CS0518: Predefined type 'System.Object' is not defined or imported
C:\gh\azure-sdk-for-net\sdk\synapse\Microsoft.Azure.Management.Synapse\tests\TestHelpers\SynapseMockContext.cs(32,40): error CS0518: Predefined type 'System.Object' is not defined or imported
C:\gh\azure-sdk-for-net\sdk\synapse\Microsoft.Azure.Management.Synapse\tests\TestHelpers\SynapseMockContext.cs(32,40): error CS0246: The type or namespace name 'Dictionary<,>' could not be found (are you missing a using directive or an assembly reference?)
C:\gh\azure-sdk-for-net\sdk\synapse\Microsoft.Azure.Management.Synapse\tests\TestHelpers\SynapseMockContext.cs(32,51): error CS0518: Predefined type 'System.String' is not defined or imported
C:\gh\azure-sdk-for-net\sdk\synapse\Microsoft.Azure.Management.Synapse\tests\TestHelpers\SynapseMockContext.cs(32,59): error CS0518: Predefined type 'System.String' is not defined or imported
C:\gh\azure-sdk-for-net\sdk\synapse\Microsoft.Azure.Management.Synapse\tests\TestHelpers\SynapseManagementTestUtilities.cs(27,20): error CS0518: Predefined type 'System.Object' is not defined or imported
C:\gh\azure-sdk-for-net\sdk\synapse\Microsoft.Azure.Management.Synapse\tests\TestHelpers\SynapseManagementTestUtilities.cs(27,20): error CS0103: The name 'HttpMockServer' does not exist in the current context
C:\gh\azure-sdk-for-net\sdk\synapse\Microsoft.Azure.Management.Synapse\tests\TestHelpers\SynapseManagementTestUtilities.cs(27,43): error CS0518: Predefined type 'System.Object' is not defined or imported
C:\gh\azure-sdk-for-net\sdk\synapse\Microsoft.Azure.Management.Synapse\tests\TestHelpers\SynapseManagementTestUtilities.cs(27,43): error CS0103: The name 'HttpRecorderMode' does not exist in the current context
C:\gh\azure-sdk-for-net\sdk\synapse\Microsoft.Azure.Management.Synapse\tests\TestHelpers\SynapseManagementTestUtilities.cs(27,20): error CS0518: Predefined type 'System.Boolean' is not defined or imported
C:\gh\azure-sdk-for-net\sdk\synapse\Microsoft.Azure.Management.Synapse\tests\TestHelpers\SynapseManagementTestUtilities.cs(36,20): error CS0518: Predefined type 'System.Object' is not defined or imported
C:\gh\azure-sdk-for-net\sdk\synapse\Microsoft.Azure.Management.Synapse\tests\TestHelpers\SynapseManagementTestUtilities.cs(36,20): error CS0103: The name 'HttpMockServer' does not exist in the current context
C:\gh\azure-sdk-for-net\sdk\synapse\Microsoft.Azure.Management.Synapse\tests\TestHelpers\SynapseManagementTestUtilities.cs(36,43): error CS0518: Predefined type 'System.Object' is not defined or imported
C:\gh\azure-sdk-for-net\sdk\synapse\Microsoft.Azure.Management.Synapse\tests\TestHelpers\SynapseManagementTestUtilities.cs(36,43): error CS0103: The name 'HttpRecorderMode' does not exist in the current context
C:\gh\azure-sdk-for-net\sdk\synapse\Microsoft.Azure.Management.Synapse\tests\TestHelpers\SynapseManagementTestUtilities.cs(36,20): error CS0518: Predefined type 'System.Boolean' is not defined or imported
C:\gh\azure-sdk-for-net\sdk\synapse\Microsoft.Azure.Management.Synapse\tests\TestHelpers\SynapseManagementHelper.cs(36,65): error CS0518: Predefined type 'System.Object' is not defined or imported
C:\gh\azure-sdk-for-net\sdk\synapse\Microsoft.Azure.Management.Synapse\tests\TestHelpers\SynapseManagementHelper.cs(36,65): error CS0246: The type or namespace name 'ResourceManagementClient' could not be found (are you missing a using directive or an assembly reference?)
C:\gh\azure-sdk-for-net\sdk\synapse\Microsoft.Azure.Management.Synapse\tests\TestHelpers\SynapseManagementHelper.cs(36,48): error CS0518: Predefined type 'System.Object' is not defined or imported
C:\gh\azure-sdk-for-net\sdk\synapse\Microsoft.Azure.Management.Synapse\tests\TestHelpers\SynapseManagementHelper.cs(37,64): error CS0518: Predefined type 'System.Object' is not defined or imported
C:\gh\azure-sdk-for-net\sdk\synapse\Microsoft.Azure.Management.Synapse\tests\TestHelpers\SynapseManagementHelper.cs(37,64): error CS0246: The type or namespace name 'StorageManagementClient' could not be found (are you missing a using directive or an assembly reference?)
C:\gh\azure-sdk-for-net\sdk\synapse\Microsoft.Azure.Management.Synapse\tests\TestHelpers\SynapseManagementHelper.cs(37,47): error CS0518: Predefined type 'System.Object' is not defined or imported
C:\gh\azure-sdk-for-net\sdk\synapse\Microsoft.Azure.Management.Synapse\tests\TestHelpers\SynapseManagementHelper.cs(34,16): error CS1729: 'object' does not contain a constructor that takes 0 arguments
C:\gh\azure-sdk-for-net\sdk\synapse\Microsoft.Azure.Management.Synapse\tests\TestHelpers\SynapseMockContext.cs(44,31): error CS0518: Predefined type 'System.Object' is not defined or imported
C:\gh\azure-sdk-for-net\sdk\synapse\Microsoft.Azure.Management.Synapse\tests\TestHelpers\SynapseMockContext.cs(46,32): error CS0518: Predefined type 'System.Object' is not defined or imported
C:\gh\azure-sdk-for-net\sdk\synapse\Microsoft.Azure.Management.Synapse\tests\TestHelpers\SynapseMockContext.cs(46,32): error CS0103: The name 'MockContext' does not exist in the current context
C:\gh\azure-sdk-for-net\sdk\synapse\Microsoft.Azure.Management.Synapse\tests\TestHelpers\SynapseMockContext.cs(59,17): error CS0518: Predefined type 'System.String' is not defined or imported
C:\gh\azure-sdk-for-net\sdk\synapse\Microsoft.Azure.Management.Synapse\tests\TestHelpers\SynapseMockContext.cs(59,17): error CS0518: Predefined type 'System.Boolean' is not defined or imported
C:\gh\azure-sdk-for-net\sdk\synapse\Microsoft.Azure.Management.Synapse\tests\TestHelpers\SynapseMockContext.cs(61,27): error CS0518: Predefined type 'System.Object' is not defined or imported
C:\gh\azure-sdk-for-net\sdk\synapse\Microsoft.Azure.Management.Synapse\tests\TestHelpers\SynapseMockContext.cs(61,27): error CS0246: The type or namespace name 'ArgumentException' could not be found (are you missing a using directive or an assembly reference?)
C:\gh\azure-sdk-for-net\sdk\synapse\Microsoft.Azure.Management.Synapse\tests\TestHelpers\SynapseMockContext.cs(61,45): error CS0518: Predefined type 'System.String' is not defined or imported
C:\gh\azure-sdk-for-net\sdk\synapse\Microsoft.Azure.Management.Synapse\tests\TestHelpers\SynapseMockContext.cs(61,45): error CS0518: Predefined type 'System.Object' is not defined or imported
C:\gh\azure-sdk-for-net\sdk\synapse\Microsoft.Azure.Management.Synapse\tests\TestHelpers\SynapseMockContext.cs(61,45): error CS0518: Predefined type 'System.Int32' is not defined or imported
C:\gh\azure-sdk-for-net\sdk\synapse\Microsoft.Azure.Management.Synapse\tests\TestHelpers\SynapseManagementTestUtilities.cs(45,13): error CS0518: Predefined type 'System.String' is not defined or imported
C:\gh\azure-sdk-for-net\sdk\synapse\Microsoft.Azure.Management.Synapse\tests\TestHelpers\SynapseManagementTestUtilities.cs(46,17): error CS0518: Predefined type 'System.Object' is not defined or imported
C:\gh\azure-sdk-for-net\sdk\synapse\Microsoft.Azure.Management.Synapse\tests\TestHelpers\SynapseManagementTestUtilities.cs(46,17): error CS0518: Predefined type 'System.Boolean' is not defined or imported
C:\gh\azure-sdk-for-net\sdk\synapse\Microsoft.Azure.Management.Synapse\tests\TestHelpers\SynapseManagementTestUtilities.cs(48,35): error CS0518: Predefined type 'System.Object' is not defined or imported
C:\gh\azure-sdk-for-net\sdk\synapse\Microsoft.Azure.Management.Synapse\tests\TestHelpers\SynapseManagementTestUtilities.cs(48,35): error CS0103: The name 'TestEnvironmentFactory' does not exist in the current context
C:\gh\azure-sdk-for-net\sdk\synapse\Microsoft.Azure.Management.Synapse\tests\TestHelpers\SynapseManagementTestUtilities.cs(49,17): error CS0518: Predefined type 'System.Object' is not defined or imported
C:\gh\azure-sdk-for-net\sdk\synapse\Microsoft.Azure.Management.Synapse\tests\TestHelpers\SynapseManagementTestUtilities.cs(49,17): error CS0103: The name 'HttpMockServer' does not exist in the current context
C:\gh\azure-sdk-for-net\sdk\synapse\Microsoft.Azure.Management.Synapse\tests\TestHelpers\SynapseManagementTestUtilities.cs(49,42): error CS0518: Predefined type 'System.Object' is not defined or imported
C:\gh\azure-sdk-for-net\sdk\synapse\Microsoft.Azure.Management.Synapse\tests\TestHelpers\SynapseManagementTestUtilities.cs(49,42): error CS0103: The name 'ConnectionStringKeys' does not exist in the current context
C:\gh\azure-sdk-for-net\sdk\synapse\Microsoft.Azure.Management.Synapse\tests\TestHelpers\SynapseManagementTestUtilities.cs(52,22): error CS0518: Predefined type 'System.Object' is not defined or imported
C:\gh\azure-sdk-for-net\sdk\synapse\Microsoft.Azure.Management.Synapse\tests\TestHelpers\SynapseManagementTestUtilities.cs(52,22): error CS0518: Predefined type 'System.Boolean' is not defined or imported
C:\gh\azure-sdk-for-net\sdk\synapse\Microsoft.Azure.Management.Synapse\tests\TestHelpers\SynapseManagementTestUtilities.cs(54,34): error CS0518: Predefined type 'System.Object' is not defined or imported
C:\gh\azure-sdk-for-net\sdk\synapse\Microsoft.Azure.Management.Synapse\tests\TestHelpers\SynapseManagementTestUtilities.cs(54,34): error CS0103: The name 'HttpMockServer' does not exist in the current context
C:\gh\azure-sdk-for-net\sdk\synapse\Microsoft.Azure.Management.Synapse\tests\TestHelpers\SynapseManagementTestUtilities.cs(54,59): error CS0518: Predefined type 'System.Object' is not defined or imported
C:\gh\azure-sdk-for-net\sdk\synapse\Microsoft.Azure.Management.Synapse\tests\TestHelpers\SynapseManagementTestUtilities.cs(54,59): error CS0103: The name 'ConnectionStringKeys' does not exist in the current context
C:\gh\azure-sdk-for-net\sdk\synapse\Microsoft.Azure.Management.Synapse\tests\TestHelpers\CommonTestsFixture.cs(119,24): error CS0518: Predefined type 'System.String' is not defined or imported
C:\gh\azure-sdk-for-net\sdk\synapse\Microsoft.Azure.Management.Synapse\tests\TestHelpers\CommonTestsFixture.cs(120,33): error CS0518: Predefined type 'System.Object' is not defined or imported
C:\gh\azure-sdk-for-net\sdk\synapse\Microsoft.Azure.Management.Synapse\tests\TestHelpers\CommonTestsFixture.cs(120,33): error CS0103: The name 'TestUtilities' does not exist in the current context
C:\gh\azure-sdk-for-net\sdk\synapse\Microsoft.Azure.Management.Synapse\tests\TestHelpers\CommonTestsFixture.cs(120,60): error CS0518: Predefined type 'System.String' is not defined or imported
C:\gh\azure-sdk-for-net\sdk\synapse\Microsoft.Azure.Management.Synapse\tests\TestHelpers\CommonTestsFixture.cs(121,34): error CS0518: Predefined type 'System.Object' is not defined or imported
C:\gh\azure-sdk-for-net\sdk\synapse\Microsoft.Azure.Management.Synapse\tests\TestHelpers\CommonTestsFixture.cs(121,34): error CS0103: The name 'TestUtilities' does not exist in the current context
C:\gh\azure-sdk-for-net\sdk\synapse\Microsoft.Azure.Management.Synapse\tests\TestHelpers\CommonTestsFixture.cs(121,61): error CS0518: Predefined type 'System.String' is not defined or imported
C:\gh\azure-sdk-for-net\sdk\synapse\Microsoft.Azure.Management.Synapse\tests\TestHelpers\CommonTestsFixture.cs(122,27): error CS0518: Predefined type 'System.Object' is not defined or imported
C:\gh\azure-sdk-for-net\sdk\synapse\Microsoft.Azure.Management.Synapse\tests\TestHelpers\CommonTestsFixture.cs(122,27): error CS0103: The name 'TestUtilities' does not exist in the current context
C:\gh\azure-sdk-for-net\sdk\synapse\Microsoft.Azure.Management.Synapse\tests\TestHelpers\CommonTestsFixture.cs(122,54): error CS0518: Predefined type 'System.String' is not defined or imported
C:\gh\azure-sdk-for-net\sdk\synapse\Microsoft.Azure.Management.Synapse\tests\TestHelpers\CommonTestsFixture.cs(123,27): error CS0518: Predefined type 'System.Object' is not defined or imported
C:\gh\azure-sdk-for-net\sdk\synapse\Microsoft.Azure.Management.Synapse\tests\TestHelpers\CommonTestsFixture.cs(123,27): error CS0103: The name 'TestUtilities' does not exist in the current context
C:\gh\azure-sdk-for-net\sdk\synapse\Microsoft.Azure.Management.Synapse\tests\TestHelpers\CommonTestsFixture.cs(123,54): error CS0518: Predefined type 'System.String' is not defined or imported
C:\gh\azure-sdk-for-net\sdk\synapse\Microsoft.Azure.Management.Synapse\tests\TestHelpers\CommonTestsFixture.cs(124,48): error CS0518: Predefined type 'System.Object' is not defined or imported
C:\gh\azure-sdk-for-net\sdk\synapse\Microsoft.Azure.Management.Synapse\tests\TestHelpers\CommonTestsFixture.cs(124,48): error CS0103: The name 'TestUtilities' does not exist in the current context
C:\gh\azure-sdk-for-net\sdk\synapse\Microsoft.Azure.Management.Synapse\tests\TestHelpers\CommonTestsFixture.cs(124,75): error CS0518: Predefined type 'System.String' is not defined or imported
C:\gh\azure-sdk-for-net\sdk\synapse\Microsoft.Azure.Management.Synapse\tests\TestHelpers\CommonTestsFixture.cs(125,32): error CS0518: Predefined type 'System.String' is not defined or imported
C:\gh\azure-sdk-for-net\sdk\synapse\Microsoft.Azure.Management.Synapse\tests\TestHelpers\CommonTestsFixture.cs(126,25): error CS0518: Predefined type 'System.Int32' is not defined or imported
C:\gh\azure-sdk-for-net\sdk\synapse\Microsoft.Azure.Management.Synapse\tests\TestHelpers\CommonTestsFixture.cs(127,24): error CS0518: Predefined type 'System.String' is not defined or imported
C:\gh\azure-sdk-for-net\sdk\synapse\Microsoft.Azure.Management.Synapse\tests\TestHelpers\CommonTestsFixture.cs(128,28): error CS0518: Predefined type 'System.String' is not defined or imported
C:\gh\azure-sdk-for-net\sdk\synapse\Microsoft.Azure.Management.Synapse\tests\TestHelpers\CommonTestsFixture.cs(129,37): error CS0518: Predefined type 'System.Int32' is not defined or imported
C:\gh\azure-sdk-for-net\sdk\synapse\Microsoft.Azure.Management.Synapse\tests\TestHelpers\CommonTestsFixture.cs(130,37): error CS0518: Predefined type 'System.Int32' is not defined or imported
C:\gh\azure-sdk-for-net\sdk\synapse\Microsoft.Azure.Management.Synapse\tests\TestHelpers\CommonTestsFixture.cs(131,38): error CS0518: Predefined type 'System.Int32' is not defined or imported
C:\gh\azure-sdk-for-net\sdk\synapse\Microsoft.Azure.Management.Synapse\tests\TestHelpers\CommonTestsFixture.cs(132,30): error CS0518: Predefined type 'System.String' is not defined or imported
C:\gh\azure-sdk-for-net\sdk\synapse\Microsoft.Azure.Management.Synapse\tests\TestHelpers\CommonTestsFixture.cs(133,28): error CS0518: Predefined type 'System.String' is not defined or imported
C:\gh\azure-sdk-for-net\sdk\synapse\Microsoft.Azure.Management.Synapse\tests\TestHelpers\CommonTestsFixture.cs(134,37): error CS0518: Predefined type 'System.String' is not defined or imported
C:\gh\azure-sdk-for-net\sdk\synapse\Microsoft.Azure.Management.Synapse\tests\TestHelpers\CommonTestsFixture.cs(135,35): error CS0518: Predefined type 'System.String' is not defined or imported
C:\gh\azure-sdk-for-net\sdk\synapse\Microsoft.Azure.Management.Synapse\tests\ScenarioTests\SynapseManagementTestBase.cs(24,23): error CS0518: Predefined type 'System.Object' is not defined or imported
C:\gh\azure-sdk-for-net\sdk\synapse\Microsoft.Azure.Management.Synapse\tests\ScenarioTests\SynapseManagementTestBase.cs(24,42): error CS0518: Predefined type 'System.Object' is not defined or imported
C:\gh\azure-sdk-for-net\sdk\synapse\Microsoft.Azure.Management.Synapse\tests\ScenarioTests\SynapseManagementTestBase.cs(24,53): error CS0518: Predefined type 'System.Object' is not defined or imported
C:\gh\azure-sdk-for-net\sdk\synapse\Microsoft.Azure.Management.Synapse\tests\ScenarioTests\SynapseManagementTestBase.cs(24,53): error CS1061: 'SynapseManagementTestBase' does not contain a definition for 'GetType' and no accessible extension method 'GetType' accepting a first argument of type 'SynapseManagementTestBase' could be found (are you missing a using directive or an assembly reference?)
C:\gh\azure-sdk-for-net\sdk\synapse\Microsoft.Azure.Management.Synapse\tests\ScenarioTests\SynapseManagementTestBase.cs(25,30): error CS0518: Predefined type 'System.Object' is not defined or imported
C:\gh\azure-sdk-for-net\sdk\synapse\Microsoft.Azure.Management.Synapse\tests\ScenarioTests\SynapseManagementTestBase.cs(26,54): error CS0518: Predefined type 'System.Object' is not defined or imported
C:\gh\azure-sdk-for-net\sdk\synapse\Microsoft.Azure.Management.Synapse\tests\ScenarioTests\SynapseManagementTestBase.cs(26,37): error CS0518: Predefined type 'System.Object' is not defined or imported
C:\gh\azure-sdk-for-net\sdk\synapse\Microsoft.Azure.Management.Synapse\tests\ScenarioTests\SynapseManagementTestBase.cs(27,43): error CS0518: Predefined type 'System.Object' is not defined or imported
C:\gh\azure-sdk-for-net\sdk\synapse\Microsoft.Azure.Management.Synapse\tests\ScenarioTests\SynapseManagementTestBase.cs(29,17): error CS0518: Predefined type 'System.Boolean' is not defined or imported
C:\gh\azure-sdk-for-net\sdk\synapse\Microsoft.Azure.Management.Synapse\tests\ScenarioTests\SynapseManagementTestBase.cs(32,17): error CS0518: Predefined type 'System.Object' is not defined or imported
C:\gh\azure-sdk-for-net\sdk\synapse\Microsoft.Azure.Management.Synapse\tests\ScenarioTests\SynapseManagementTestBase.cs(32,17): error CS0103: The name 'HttpMockServer' does not exist in the current context
C:\gh\azure-sdk-for-net\sdk\synapse\Microsoft.Azure.Management.Synapse\tests\ScenarioTests\SynapseManagementTestBase.cs(32,39): error CS0518: Predefined type 'System.Object' is not defined or imported
C:\gh\azure-sdk-for-net\sdk\synapse\Microsoft.Azure.Management.Synapse\tests\ScenarioTests\SynapseManagementTestBase.cs(32,39): error CS0103: The name 'HttpRecorderMode' does not exist in the current context
C:\gh\azure-sdk-for-net\sdk\synapse\Microsoft.Azure.Management.Synapse\tests\ScenarioTests\SynapseManagementTestBase.cs(33,41): error CS0518: Predefined type 'System.Object' is not defined or imported
C:\gh\azure-sdk-for-net\sdk\synapse\Microsoft.Azure.Management.Synapse\tests\ScenarioTests\SynapseManagementTestBase.cs(33,73): error CS0518: Predefined type 'System.String' is not defined or imported
C:\gh\azure-sdk-for-net\sdk\synapse\Microsoft.Azure.Management.Synapse\tests\ScenarioTests\SynapseManagementTestBase.cs(34,41): error CS0518: Predefined type 'System.Object' is not defined or imported
C:\gh\azure-sdk-for-net\sdk\synapse\Microsoft.Azure.Management.Synapse\tests\ScenarioTests\SynapseManagementTestBase.cs(34,73): error CS0518: Predefined type 'System.String' is not defined or imported
C:\gh\azure-sdk-for-net\sdk\synapse\Microsoft.Azure.Management.Synapse\tests\ScenarioTests\SynapseManagementTestBase.cs(35,22): error CS0518: Predefined type 'System.Object' is not defined or imported
C:\gh\azure-sdk-for-net\sdk\synapse\Microsoft.Azure.Management.Synapse\tests\ScenarioTests\SynapseManagementTestBase.cs(38,17): error CS0518: Predefined type 'System.Object' is not defined or imported
C:\gh\azure-sdk-for-net\sdk\synapse\Microsoft.Azure.Management.Synapse\tests\ScenarioTests\SynapseManagementTestBase.cs(38,17): error CS0103: The name 'HttpMockServer' does not exist in the current context
C:\gh\azure-sdk-for-net\sdk\synapse\Microsoft.Azure.Management.Synapse\tests\ScenarioTests\SynapseManagementTestBase.cs(38,39): error CS0518: Predefined type 'System.Object' is not defined or imported
C:\gh\azure-sdk-for-net\sdk\synapse\Microsoft.Azure.Management.Synapse\tests\ScenarioTests\SynapseManagementTestBase.cs(38,39): error CS0103: The name 'HttpRecorderMode' does not exist in the current context
C:\gh\azure-sdk-for-net\sdk\synapse\Microsoft.Azure.Management.Synapse\tests\ScenarioTests\SynapseManagementTestBase.cs(39,17): error CS0518: Predefined type 'System.String' is not defined or imported
C:\gh\azure-sdk-for-net\sdk\synapse\Microsoft.Azure.Management.Synapse\tests\ScenarioTests\SynapseManagementTestBase.cs(39,47): error CS0518: Predefined type 'System.Object' is not defined or imported
C:\gh\azure-sdk-for-net\sdk\synapse\Microsoft.Azure.Management.Synapse\tests\ScenarioTests\SynapseManagementTestBase.cs(39,47): error CS0103: The name 'TestUtilities' does not exist in the current context
C:\gh\azure-sdk-for-net\sdk\synapse\Microsoft.Azure.Management.Synapse\tests\ScenarioTests\SynapseManagementTestBase.cs(40,45): error CS0518: Predefined type 'System.Object' is not defined or imported
C:\gh\azure-sdk-for-net\sdk\synapse\Microsoft.Azure.Management.Synapse\tests\ScenarioTests\SynapseManagementTestBase.cs(40,76): error CS0518: Predefined type 'System.Object' is not defined or imported
C:\gh\azure-sdk-for-net\sdk\synapse\Microsoft.Azure.Management.Synapse\tests\ScenarioTests\SynapseManagementTestBase.cs(41,30): error CS0518: Predefined type 'System.Object' is not defined or imported
C:\gh\azure-sdk-for-net\sdk\synapse\Microsoft.Azure.Management.Synapse\tests\TestHelpers\SynapseManagementTestUtilities.cs(66,13): error CS0518: Predefined type 'System.String' is not defined or imported
C:\gh\azure-sdk-for-net\sdk\synapse\Microsoft.Azure.Management.Synapse\tests\TestHelpers\SynapseManagementTestUtilities.cs(67,17): error CS0518: Predefined type 'System.Object' is not defined or imported
C:\gh\azure-sdk-for-net\sdk\synapse\Microsoft.Azure.Management.Synapse\tests\TestHelpers\SynapseManagementTestUtilities.cs(67,17): error CS0518: Predefined type 'System.Boolean' is not defined or imported
C:\gh\azure-sdk-for-net\sdk\synapse\Microsoft.Azure.Management.Synapse\tests\TestHelpers\SynapseManagementTestUtilities.cs(69,35): error CS0518: Predefined type 'System.Object' is not defined or imported
C:\gh\azure-sdk-for-net\sdk\synapse\Microsoft.Azure.Management.Synapse\tests\TestHelpers\SynapseManagementTestUtilities.cs(69,35): error CS0103: The name 'TestEnvironmentFactory' does not exist in the current context
C:\gh\azure-sdk-for-net\sdk\synapse\Microsoft.Azure.Management.Synapse\tests\TestHelpers\SynapseManagementTestUtilities.cs(70,17): error CS0518: Predefined type 'System.Object' is not defined or imported
C:\gh\azure-sdk-for-net\sdk\synapse\Microsoft.Azure.Management.Synapse\tests\TestHelpers\SynapseManagementTestUtilities.cs(70,17): error CS0103: The name 'HttpMockServer' does not exist in the current context
C:\gh\azure-sdk-for-net\sdk\synapse\Microsoft.Azure.Management.Synapse\tests\TestHelpers\SynapseManagementTestUtilities.cs(70,42): error CS0518: Predefined type 'System.Object' is not defined or imported
C:\gh\azure-sdk-for-net\sdk\synapse\Microsoft.Azure.Management.Synapse\tests\TestHelpers\SynapseManagementTestUtilities.cs(70,42): error CS0103: The name 'ConnectionStringKeys' does not exist in the current context
C:\gh\azure-sdk-for-net\sdk\synapse\Microsoft.Azure.Management.Synapse\tests\TestHelpers\SynapseManagementTestUtilities.cs(73,22): error CS0518: Predefined type 'System.Object' is not defined or imported
C:\gh\azure-sdk-for-net\sdk\synapse\Microsoft.Azure.Management.Synapse\tests\TestHelpers\SynapseManagementTestUtilities.cs(73,22): error CS0518: Predefined type 'System.Boolean' is not defined or imported
C:\gh\azure-sdk-for-net\sdk\synapse\Microsoft.Azure.Management.Synapse\tests\TestHelpers\SynapseManagementTestUtilities.cs(75,28): error CS0518: Predefined type 'System.Object' is not defined or imported
C:\gh\azure-sdk-for-net\sdk\synapse\Microsoft.Azure.Management.Synapse\tests\TestHelpers\SynapseManagementTestUtilities.cs(75,28): error CS0103: The name 'HttpMockServer' does not exist in the current context
C:\gh\azure-sdk-for-net\sdk\synapse\Microsoft.Azure.Management.Synapse\tests\TestHelpers\SynapseManagementTestUtilities.cs(75,53): error CS0518: Predefined type 'System.Object' is not defined or imported
C:\gh\azure-sdk-for-net\sdk\synapse\Microsoft.Azure.Management.Synapse\tests\TestHelpers\SynapseManagementTestUtilities.cs(75,53): error CS0103: The name 'ConnectionStringKeys' does not exist in the current context
C:\gh\azure-sdk-for-net\sdk\synapse\Microsoft.Azure.Management.Synapse\tests\ScenarioTests\SynapseManagementTestBase.cs(48,37): error CS0518: Predefined type 'System.Object' is not defined or imported
C:\gh\azure-sdk-for-net\sdk\synapse\Microsoft.Azure.Management.Synapse\tests\ScenarioTests\SynapseManagementTestBase.cs(51,68): error CS0518: Predefined type 'System.Object' is not defined or imported
C:\gh\azure-sdk-for-net\sdk\synapse\Microsoft.Azure.Management.Synapse\tests\ScenarioTests\SynapseManagementTestBase.cs(55,21): error CS0518: Predefined type 'System.String' is not defined or imported
C:\gh\azure-sdk-for-net\sdk\synapse\Microsoft.Azure.Management.Synapse\tests\ScenarioTests\SynapseManagementTestBase.cs(56,59): error CS0518: Predefined type 'System.String' is not defined or imported
C:\gh\azure-sdk-for-net\sdk\synapse\Microsoft.Azure.Management.Synapse\tests\ScenarioTests\SynapseManagementTestBase.cs(56,73): error CS0518: Predefined type 'System.String' is not defined or imported
C:\gh\azure-sdk-for-net\sdk\synapse\Microsoft.Azure.Management.Synapse\tests\ScenarioTests\SynapseManagementTestBase.cs(65,13): error CS0518: Predefined type 'System.Object' is not defined or imported
C:\gh\azure-sdk-for-net\sdk\synapse\Microsoft.Azure.Management.Synapse\tests\ScenarioTests\SynapseManagementTestBase.cs(65,21): error CS0518: Predefined type 'System.Boolean' is not defined or imported
C:\gh\azure-sdk-for-net\sdk\synapse\Microsoft.Azure.Management.Synapse\tests\ScenarioTests\SynapseManagementTestBase.cs(70,17): error CS0518: Predefined type 'System.Boolean' is not defined or imported
C:\gh\azure-sdk-for-net\sdk\synapse\Microsoft.Azure.Management.Synapse\tests\ScenarioTests\SynapseManagementTestBase.cs(72,21): error CS0246: The type or namespace name 'ServiceClient<>' could not be found (are you missing a using directive or an assembly reference?)
C:\gh\azure-sdk-for-net\sdk\synapse\Microsoft.Azure.Management.Synapse\tests\ScenarioTests\SynapseManagementTestBase.cs(72,21): error CS0518: Predefined type 'System.Boolean' is not defined or imported
C:\gh\azure-sdk-for-net\sdk\synapse\Microsoft.Azure.Management.Synapse\tests\ScenarioTests\SynapseManagementTestBase.cs(74,35): error CS0246: The type or namespace name 'ServiceClient<>' could not be found (are you missing a using directive or an assembly reference?)
C:\gh\azure-sdk-for-net\sdk\synapse\Microsoft.Azure.Management.Synapse\tests\ScenarioTests\SynapseManagementTestBase.cs(74,35): error CS0518: Predefined type 'System.Object' is not defined or imported
C:\gh\azure-sdk-for-net\sdk\synapse\Microsoft.Azure.Management.Synapse\tests\ScenarioTests\SynapseManagementTestBase.cs(74,35): error CS1061: 'SynapseManagementClient' does not contain a definition for 'Dispose' and no accessible extension method 'Dispose' accepting a first argument of type 'SynapseManagementClient' could be found (are you missing a using directive or an assembly reference?)
C:\gh\azure-sdk-for-net\sdk\synapse\Microsoft.Azure.Management.Synapse\tests\ScenarioTests\SynapseManagementTestBase.cs(77,21): error CS0518: Predefined type 'System.Boolean' is not defined or imported
C:\gh\azure-sdk-for-net\sdk\synapse\Microsoft.Azure.Management.Synapse\tests\ScenarioTests\SynapseManagementTestBase.cs(79,29): error CS0518: Predefined type 'System.Object' is not defined or imported
C:\gh\azure-sdk-for-net\sdk\synapse\Microsoft.Azure.Management.Synapse\tests\ScenarioTests\SynapseManagementTestBase.cs(79,29): error CS0122: 'SynapseMockContext.Dispose(bool)' is inaccessible due to its protection level
C:\gh\azure-sdk-for-net\sdk\synapse\Microsoft.Azure.Management.Synapse\tests\ScenarioTests\SynapseManagementTestBase.cs(83,24): error CS0518: Predefined type 'System.Boolean' is not defined or imported
C:\gh\azure-sdk-for-net\sdk\synapse\Microsoft.Azure.Management.Synapse\tests\TestHelpers\SynapseManagementTestUtilities.cs(86,13): error CS0518: Predefined type 'System.String' is not defined or imported
C:\gh\azure-sdk-for-net\sdk\synapse\Microsoft.Azure.Management.Synapse\tests\TestHelpers\SynapseManagementTestUtilities.cs(87,17): error CS0518: Predefined type 'System.Object' is not defined or imported
C:\gh\azure-sdk-for-net\sdk\synapse\Microsoft.Azure.Management.Synapse\tests\TestHelpers\SynapseManagementTestUtilities.cs(87,17): error CS0103: The name 'HttpMockServer' does not exist in the current context
C:\gh\azure-sdk-for-net\sdk\synapse\Microsoft.Azure.Management.Synapse\tests\TestHelpers\SynapseManagementTestUtilities.cs(87,40): error CS0518: Predefined type 'System.Object' is not defined or imported
C:\gh\azure-sdk-for-net\sdk\synapse\Microsoft.Azure.Management.Synapse\tests\TestHelpers\SynapseManagementTestUtilities.cs(87,40): error CS0103: The name 'HttpRecorderMode' does not exist in the current context
C:\gh\azure-sdk-for-net\sdk\synapse\Microsoft.Azure.Management.Synapse\tests\TestHelpers\SynapseManagementTestUtilities.cs(87,17): error CS0518: Predefined type 'System.Boolean' is not defined or imported
C:\gh\azure-sdk-for-net\sdk\synapse\Microsoft.Azure.Management.Synapse\tests\TestHelpers\SynapseManagementTestUtilities.cs(87,17): error CS0518: Predefined type 'System.Boolean' is not defined or imported
C:\gh\azure-sdk-for-net\sdk\synapse\Microsoft.Azure.Management.Synapse\tests\TestHelpers\SynapseManagementTestUtilities.cs(89,35): error CS0518: Predefined type 'System.Object' is not defined or imported
C:\gh\azure-sdk-for-net\sdk\synapse\Microsoft.Azure.Management.Synapse\tests\TestHelpers\SynapseManagementTestUtilities.cs(89,35): error CS0103: The name 'TestEnvironmentFactory' does not exist in the current context
C:\gh\azure-sdk-for-net\sdk\synapse\Microsoft.Azure.Management.Synapse\tests\TestHelpers\SynapseManagementTestUtilities.cs(90,17): error CS0518: Predefined type 'System.Object' is not defined or imported
C:\gh\azure-sdk-for-net\sdk\synapse\Microsoft.Azure.Management.Synapse\tests\TestHelpers\SynapseManagementTestUtilities.cs(90,17): error CS0103: The name 'HttpMockServer' does not exist in the current context
C:\gh\azure-sdk-for-net\sdk\synapse\Microsoft.Azure.Management.Synapse\tests\TestHelpers\SynapseManagementTestUtilities.cs(90,42): error CS0518: Predefined type 'System.Object' is not defined or imported
C:\gh\azure-sdk-for-net\sdk\synapse\Microsoft.Azure.Management.Synapse\tests\TestHelpers\SynapseManagementTestUtilities.cs(90,42): error CS0103: The name 'ConnectionStringKeys' does not exist in the current context
C:\gh\azure-sdk-for-net\sdk\synapse\Microsoft.Azure.Management.Synapse\tests\TestHelpers\SynapseManagementTestUtilities.cs(90,161): error CS0518: Predefined type 'System.Object' is not defined or imported
C:\gh\azure-sdk-for-net\sdk\synapse\Microsoft.Azure.Management.Synapse\tests\TestHelpers\SynapseManagementTestUtilities.cs(90,161): error CS0103: The name 'ConnectionStringKeys' does not exist in the current context
C:\gh\azure-sdk-for-net\sdk\synapse\Microsoft.Azure.Management.Synapse\tests\TestHelpers\SynapseManagementTestUtilities.cs(91,38): error CS0518: Predefined type 'System.Object' is not defined or imported
C:\gh\azure-sdk-for-net\sdk\synapse\Microsoft.Azure.Management.Synapse\tests\TestHelpers\SynapseManagementTestUtilities.cs(91,38): error CS0103: The name 'HttpMockServer' does not exist in the current context
C:\gh\azure-sdk-for-net\sdk\synapse\Microsoft.Azure.Management.Synapse\tests\TestHelpers\SynapseManagementTestUtilities.cs(91,63): error CS0518: Predefined type 'System.Object' is not defined or imported
C:\gh\azure-sdk-for-net\sdk\synapse\Microsoft.Azure.Management.Synapse\tests\TestHelpers\SynapseManagementTestUtilities.cs(91,63): error CS0103: The name 'ConnectionStringKeys' does not exist in the current context
C:\gh\azure-sdk-for-net\sdk\synapse\Microsoft.Azure.Management.Synapse\tests\TestHelpers\SynapseManagementTestUtilities.cs(93,22): error CS0518: Predefined type 'System.Object' is not defined or imported
C:\gh\azure-sdk-for-net\sdk\synapse\Microsoft.Azure.Management.Synapse\tests\TestHelpers\SynapseManagementTestUtilities.cs(93,22): error CS0103: The name 'HttpMockServer' does not exist in the current context
C:\gh\azure-sdk-for-net\sdk\synapse\Microsoft.Azure.Management.Synapse\tests\TestHelpers\SynapseManagementTestUtilities.cs(93,45): error CS0518: Predefined type 'System.Object' is not defined or imported
C:\gh\azure-sdk-for-net\sdk\synapse\Microsoft.Azure.Management.Synapse\tests\TestHelpers\SynapseManagementTestUtilities.cs(93,45): error CS0103: The name 'HttpRecorderMode' does not exist in the current context
C:\gh\azure-sdk-for-net\sdk\synapse\Microsoft.Azure.Management.Synapse\tests\TestHelpers\SynapseManagementTestUtilities.cs(93,22): error CS0518: Predefined type 'System.Boolean' is not defined or imported
C:\gh\azure-sdk-for-net\sdk\synapse\Microsoft.Azure.Management.Synapse\tests\TestHelpers\SynapseManagementTestUtilities.cs(93,22): error CS0518: Predefined type 'System.Boolean' is not defined or imported
C:\gh\azure-sdk-for-net\sdk\synapse\Microsoft.Azure.Management.Synapse\tests\TestHelpers\SynapseManagementTestUtilities.cs(95,38): error CS0518: Predefined type 'System.Object' is not defined or imported
C:\gh\azure-sdk-for-net\sdk\synapse\Microsoft.Azure.Management.Synapse\tests\TestHelpers\SynapseManagementTestUtilities.cs(95,38): error CS0103: The name 'HttpMockServer' does not exist in the current context
C:\gh\azure-sdk-for-net\sdk\synapse\Microsoft.Azure.Management.Synapse\tests\TestHelpers\SynapseManagementTestUtilities.cs(95,63): error CS0518: Predefined type 'System.Object' is not defined or imported
C:\gh\azure-sdk-for-net\sdk\synapse\Microsoft.Azure.Management.Synapse\tests\TestHelpers\SynapseManagementTestUtilities.cs(95,63): error CS0103: The name 'ConnectionStringKeys' does not exist in the current context
C:\gh\azure-sdk-for-net\sdk\synapse\Microsoft.Azure.Management.Synapse\tests\TestHelpers\SynapseMockContext.cs(97,17): error CS0518: Predefined type 'System.Object' is not defined or imported
C:\gh\azure-sdk-for-net\sdk\synapse\Microsoft.Azure.Management.Synapse\tests\TestHelpers\SynapseMockContext.cs(97,17): error CS0103: The name 'HttpMockServer' does not exist in the current context
C:\gh\azure-sdk-for-net\sdk\synapse\Microsoft.Azure.Management.Synapse\tests\TestHelpers\SynapseMockContext.cs(97,40): error CS0518: Predefined type 'System.Object' is not defined or imported
C:\gh\azure-sdk-for-net\sdk\synapse\Microsoft.Azure.Management.Synapse\tests\TestHelpers\SynapseMockContext.cs(97,40): error CS0103: The name 'HttpRecorderMode' does not exist in the current context
C:\gh\azure-sdk-for-net\sdk\synapse\Microsoft.Azure.Management.Synapse\tests\TestHelpers\SynapseMockContext.cs(97,17): error CS0518: Predefined type 'System.Boolean' is not defined or imported
C:\gh\azure-sdk-for-net\sdk\synapse\Microsoft.Azure.Management.Synapse\tests\TestHelpers\SynapseMockContext.cs(97,17): error CS0518: Predefined type 'System.Boolean' is not defined or imported
C:\gh\azure-sdk-for-net\sdk\synapse\Microsoft.Azure.Management.Synapse\tests\TestHelpers\SynapseMockContext.cs(99,17): error CS0518: Predefined type 'System.String' is not defined or imported
C:\gh\azure-sdk-for-net\sdk\synapse\Microsoft.Azure.Management.Synapse\tests\TestHelpers\SynapseMockContext.cs(99,40): error CS0518: Predefined type 'System.Object' is not defined or imported
C:\gh\azure-sdk-for-net\sdk\synapse\Microsoft.Azure.Management.Synapse\tests\TestHelpers\SynapseMockContext.cs(99,40): error CS0103: The name 'HttpMockServer' does not exist in the current context
C:\gh\azure-sdk-for-net\sdk\synapse\Microsoft.Azure.Management.Synapse\tests\TestHelpers\SynapseMockContext.cs(100,33): error CS0518: Predefined type 'System.Object' is not defined or imported
C:\gh\azure-sdk-for-net\sdk\synapse\Microsoft.Azure.Management.Synapse\tests\TestHelpers\SynapseMockContext.cs(100,33): error CS0103: The name 'Path' does not exist in the current context
C:\gh\azure-sdk-for-net\sdk\synapse\Microsoft.Azure.Management.Synapse\tests\TestHelpers\SynapseMockContext.cs(100,61): error CS0518: Predefined type 'System.Object' is not defined or imported
C:\gh\azure-sdk-for-net\sdk\synapse\Microsoft.Azure.Management.Synapse\tests\TestHelpers\SynapseMockContext.cs(100,61): error CS0103: The name 'HttpMockServer' does not exist in the current context
C:\gh\azure-sdk-for-net\sdk\synapse\Microsoft.Azure.Management.Synapse\tests\TestHelpers\SynapseMockContext.cs(101,17): error CS0518: Predefined type 'System.String' is not defined or imported
C:\gh\azure-sdk-for-net\sdk\synapse\Microsoft.Azure.Management.Synapse\tests\TestHelpers\SynapseMockContext.cs(101,44): error CS0518: Predefined type 'System.Object' is not defined or imported
C:\gh\azure-sdk-for-net\sdk\synapse\Microsoft.Azure.Management.Synapse\tests\TestHelpers\SynapseMockContext.cs(101,44): error CS0103: The name 'HttpMockServer' does not exist in the current context
C:\gh\azure-sdk-for-net\sdk\synapse\Microsoft.Azure.Management.Synapse\tests\TestHelpers\SynapseMockContext.cs(101,75): error CS0518: Predefined type 'System.String' is not defined or imported
C:\gh\azure-sdk-for-net\sdk\synapse\Microsoft.Azure.Management.Synapse\tests\TestHelpers\SynapseMockContext.cs(101,87): error CS0518: Predefined type 'System.String' is not defined or imported
C:\gh\azure-sdk-for-net\sdk\synapse\Microsoft.Azure.Management.Synapse\tests\TestHelpers\SynapseMockContext.cs(102,17): error CS0518: Predefined type 'System.String' is not defined or imported
C:\gh\azure-sdk-for-net\sdk\synapse\Microsoft.Azure.Management.Synapse\tests\TestHelpers\SynapseMockContext.cs(102,43): error CS0518: Predefined type 'System.Object' is not defined or imported
C:\gh\azure-sdk-for-net\sdk\synapse\Microsoft.Azure.Management.Synapse\tests\TestHelpers\SynapseMockContext.cs(102,43): error CS0103: The name 'Path' does not exist in the current context
C:\gh\azure-sdk-for-net\sdk\synapse\Microsoft.Azure.Management.Synapse\tests\TestHelpers\SynapseMockContext.cs(103,21): error CS0518: Predefined type 'System.Object' is not defined or imported
C:\gh\azure-sdk-for-net\sdk\synapse\Microsoft.Azure.Management.Synapse\tests\TestHelpers\SynapseMockContext.cs(103,21): error CS0103: The name 'File' does not exist in the current context
C:\gh\azure-sdk-for-net\sdk\synapse\Microsoft.Azure.Management.Synapse\tests\TestHelpers\SynapseMockContext.cs(103,21): error CS0518: Predefined type 'System.Boolean' is not defined or imported
C:\gh\azure-sdk-for-net\sdk\synapse\Microsoft.Azure.Management.Synapse\tests\TestHelpers\SynapseMockContext.cs(105,33): error CS0518: Predefined type 'System.Object' is not defined or imported
C:\gh\azure-sdk-for-net\sdk\synapse\Microsoft.Azure.Management.Synapse\tests\TestHelpers\SynapseMockContext.cs(105,33): error CS0103: The name 'File' does not exist in the current context
C:\gh\azure-sdk-for-net\sdk\synapse\Microsoft.Azure.Management.Synapse\tests\TestHelpers\SynapseMockContext.cs(107,33): error CS0518: Predefined type 'System.Object' is not defined or imported
C:\gh\azure-sdk-for-net\sdk\synapse\Microsoft.Azure.Management.Synapse\tests\TestHelpers\SynapseMockContext.cs(109,21): error CS0518: Predefined type 'System.Object' is not defined or imported
C:\gh\azure-sdk-for-net\sdk\synapse\Microsoft.Azure.Management.Synapse\tests\TestHelpers\SynapseMockContext.cs(109,21): error CS0103: The name 'File' does not exist in the current context
C:\gh\azure-sdk-for-net\sdk\synapse\Microsoft.Azure.Management.Synapse\tests\TestHelpers\SynapseMockContext.cs(120,36): error CS0518: Predefined type 'System.Object' is not defined or imported
C:\gh\azure-sdk-for-net\sdk\synapse\Microsoft.Azure.Management.Synapse\tests\TestHelpers\SynapseMockContext.cs(120,36): error CS1061: 'SynapseMockContext' does not contain a definition for 'disposed' and no accessible extension method 'disposed' accepting a first argument of type 'SynapseMockContext' could be found (are you missing a using directive or an assembly reference?)
C:\gh\azure-sdk-for-net\sdk\synapse\Microsoft.Azure.Management.Synapse\tests\TestHelpers\SynapseMockContext.cs(120,17): error CS0518: Predefined type 'System.Boolean' is not defined or imported
C:\gh\azure-sdk-for-net\sdk\synapse\Microsoft.Azure.Management.Synapse\tests\TestHelpers\SynapseMockContext.cs(123,22): error CS0518: Predefined type 'System.Object' is not defined or imported
C:\gh\azure-sdk-for-net\sdk\synapse\Microsoft.Azure.Management.Synapse\tests\TestHelpers\SynapseMockContext.cs(124,22): error CS0518: Predefined type 'System.Object' is not defined or imported
C:\gh\azure-sdk-for-net\sdk\synapse\Microsoft.Azure.Management.Synapse\tests\TestHelpers\SynapseMockContext.cs(124,22): error CS1061: 'SynapseMockContext' does not contain a definition for 'disposed' and no accessible extension method 'disposed' accepting a first argument of type 'SynapseMockContext' could be found (are you missing a using directive or an assembly reference?)
C:\gh\azure-sdk-for-net\sdk\synapse\Microsoft.Azure.Management.Synapse\tests\TestHelpers\SynapseMockContext.cs(124,33): error CS0518: Predefined type 'System.Boolean' is not defined or imported
C:\gh\azure-sdk-for-net\sdk\synapse\Microsoft.Azure.Management.Synapse\tests\TestHelpers\SynapseManagementTestUtilities.cs(106,13): error CS0518: Predefined type 'System.String' is not defined or imported
C:\gh\azure-sdk-for-net\sdk\synapse\Microsoft.Azure.Management.Synapse\tests\TestHelpers\SynapseManagementTestUtilities.cs(107,17): error CS0518: Predefined type 'System.Object' is not defined or imported
C:\gh\azure-sdk-for-net\sdk\synapse\Microsoft.Azure.Management.Synapse\tests\TestHelpers\SynapseManagementTestUtilities.cs(107,17): error CS0518: Predefined type 'System.Boolean' is not defined or imported
C:\gh\azure-sdk-for-net\sdk\synapse\Microsoft.Azure.Management.Synapse\tests\TestHelpers\SynapseManagementTestUtilities.cs(109,35): error CS0518: Predefined type 'System.Object' is not defined or imported
C:\gh\azure-sdk-for-net\sdk\synapse\Microsoft.Azure.Management.Synapse\tests\TestHelpers\SynapseManagementTestUtilities.cs(109,35): error CS0103: The name 'TestEnvironmentFactory' does not exist in the current context
C:\gh\azure-sdk-for-net\sdk\synapse\Microsoft.Azure.Management.Synapse\tests\TestHelpers\SynapseManagementTestUtilities.cs(110,117): error CS0518: Predefined type 'System.Object' is not defined or imported
C:\gh\azure-sdk-for-net\sdk\synapse\Microsoft.Azure.Management.Synapse\tests\TestHelpers\SynapseManagementTestUtilities.cs(110,117): error CS0103: The name 'ConnectionStringKeys' does not exist in the current context
C:\gh\azure-sdk-for-net\sdk\synapse\Microsoft.Azure.Management.Synapse\tests\TestHelpers\SynapseManagementTestUtilities.cs(112,22): error CS0518: Predefined type 'System.Object' is not defined or imported
C:\gh\azure-sdk-for-net\sdk\synapse\Microsoft.Azure.Management.Synapse\tests\TestHelpers\SynapseManagementTestUtilities.cs(112,22): error CS0518: Predefined type 'System.Boolean' is not defined or imported
C:\gh\azure-sdk-for-net\sdk\synapse\Microsoft.Azure.Management.Synapse\tests\TestHelpers\SynapseManagementTestUtilities.cs(114,42): error CS0518: Predefined type 'System.String' is not defined or imported
C:\gh\azure-sdk-for-net\sdk\synapse\Microsoft.Azure.Management.Synapse\tests\TestHelpers\SynapseManagementTestUtilities.cs(125,13): error CS0518: Predefined type 'System.String' is not defined or imported
C:\gh\azure-sdk-for-net\sdk\synapse\Microsoft.Azure.Management.Synapse\tests\TestHelpers\SynapseManagementTestUtilities.cs(126,17): error CS0518: Predefined type 'System.Object' is not defined or imported
C:\gh\azure-sdk-for-net\sdk\synapse\Microsoft.Azure.Management.Synapse\tests\TestHelpers\SynapseManagementTestUtilities.cs(126,17): error CS0518: Predefined type 'System.Boolean' is not defined or imported
C:\gh\azure-sdk-for-net\sdk\synapse\Microsoft.Azure.Management.Synapse\tests\TestHelpers\SynapseManagementTestUtilities.cs(128,35): error CS0518: Predefined type 'System.Object' is not defined or imported
C:\gh\azure-sdk-for-net\sdk\synapse\Microsoft.Azure.Management.Synapse\tests\TestHelpers\SynapseManagementTestUtilities.cs(128,35): error CS0103: The name 'TestEnvironmentFactory' does not exist in the current context
C:\gh\azure-sdk-for-net\sdk\synapse\Microsoft.Azure.Management.Synapse\tests\TestHelpers\SynapseManagementTestUtilities.cs(129,17): error CS0518: Predefined type 'System.Object' is not defined or imported
C:\gh\azure-sdk-for-net\sdk\synapse\Microsoft.Azure.Management.Synapse\tests\TestHelpers\SynapseManagementTestUtilities.cs(129,17): error CS0103: The name 'HttpMockServer' does not exist in the current context
C:\gh\azure-sdk-for-net\sdk\synapse\Microsoft.Azure.Management.Synapse\tests\TestHelpers\SynapseManagementTestUtilities.cs(129,42): error CS0518: Predefined type 'System.Object' is not defined or imported
C:\gh\azure-sdk-for-net\sdk\synapse\Microsoft.Azure.Management.Synapse\tests\TestHelpers\SynapseManagementTestUtilities.cs(129,42): error CS0103: The name 'ConnectionStringKeys' does not exist in the current context
C:\gh\azure-sdk-for-net\sdk\synapse\Microsoft.Azure.Management.Synapse\tests\TestHelpers\SynapseManagementTestUtilities.cs(129,156): error CS0518: Predefined type 'System.Object' is not defined or imported
C:\gh\azure-sdk-for-net\sdk\synapse\Microsoft.Azure.Management.Synapse\tests\TestHelpers\SynapseManagementTestUtilities.cs(129,156): error CS0103: The name 'ConnectionStringKeys' does not exist in the current context
C:\gh\azure-sdk-for-net\sdk\synapse\Microsoft.Azure.Management.Synapse\tests\TestHelpers\SynapseManagementTestUtilities.cs(130,44): error CS0518: Predefined type 'System.Object' is not defined or imported
C:\gh\azure-sdk-for-net\sdk\synapse\Microsoft.Azure.Management.Synapse\tests\TestHelpers\SynapseManagementTestUtilities.cs(130,44): error CS0103: The name 'HttpMockServer' does not exist in the current context
C:\gh\azure-sdk-for-net\sdk\synapse\Microsoft.Azure.Management.Synapse\tests\TestHelpers\SynapseManagementTestUtilities.cs(130,69): error CS0518: Predefined type 'System.Object' is not defined or imported
C:\gh\azure-sdk-for-net\sdk\synapse\Microsoft.Azure.Management.Synapse\tests\TestHelpers\SynapseManagementTestUtilities.cs(130,69): error CS0103: The name 'ConnectionStringKeys' does not exist in the current context
C:\gh\azure-sdk-for-net\sdk\synapse\Microsoft.Azure.Management.Synapse\tests\TestHelpers\SynapseManagementTestUtilities.cs(132,22): error CS0518: Predefined type 'System.Object' is not defined or imported
C:\gh\azure-sdk-for-net\sdk\synapse\Microsoft.Azure.Management.Synapse\tests\TestHelpers\SynapseManagementTestUtilities.cs(132,22): error CS0518: Predefined type 'System.Boolean' is not defined or imported
C:\gh\azure-sdk-for-net\sdk\synapse\Microsoft.Azure.Management.Synapse\tests\TestHelpers\SynapseManagementTestUtilities.cs(134,44): error CS0518: Predefined type 'System.Object' is not defined or imported
C:\gh\azure-sdk-for-net\sdk\synapse\Microsoft.Azure.Management.Synapse\tests\TestHelpers\SynapseManagementTestUtilities.cs(134,44): error CS0103: The name 'HttpMockServer' does not exist in the current context
C:\gh\azure-sdk-for-net\sdk\synapse\Microsoft.Azure.Management.Synapse\tests\TestHelpers\SynapseManagementTestUtilities.cs(134,69): error CS0518: Predefined type 'System.Object' is not defined or imported
C:\gh\azure-sdk-for-net\sdk\synapse\Microsoft.Azure.Management.Synapse\tests\TestHelpers\SynapseManagementTestUtilities.cs(134,69): error CS0103: The name 'ConnectionStringKeys' does not exist in the current context
C:\gh\azure-sdk-for-net\sdk\synapse\Microsoft.Azure.Management.Synapse\tests\TestHelpers\SynapseManagementHelper.cs(48,13): error CS0518: Predefined type 'System.Object' is not defined or imported
C:\gh\azure-sdk-for-net\sdk\synapse\Microsoft.Azure.Management.Synapse\tests\TestHelpers\SynapseManagementHelper.cs(49,17): error CS0518: Predefined type 'System.Boolean' is not defined or imported
C:\gh\azure-sdk-for-net\sdk\synapse\Microsoft.Azure.Management.Synapse\tests\TestHelpers\SynapseManagementHelper.cs(50,17): error CS0518: Predefined type 'System.String' is not defined or imported
C:\gh\azure-sdk-for-net\sdk\synapse\Microsoft.Azure.Management.Synapse\tests\TestHelpers\SynapseManagementHelper.cs(54,13): error CS0518: Predefined type 'System.Object' is not defined or imported
C:\gh\azure-sdk-for-net\sdk\synapse\Microsoft.Azure.Management.Synapse\tests\TestHelpers\SynapseManagementHelper.cs(55,17): error CS0518: Predefined type 'System.Boolean' is not defined or imported
C:\gh\azure-sdk-for-net\sdk\synapse\Microsoft.Azure.Management.Synapse\tests\TestHelpers\SynapseManagementHelper.cs(56,17): error CS0518: Predefined type 'System.String' is not defined or imported
C:\gh\azure-sdk-for-net\sdk\synapse\Microsoft.Azure.Management.Synapse\tests\TestHelpers\SynapseManagementHelper.cs(58,13): error CS0518: Predefined type 'System.Object' is not defined or imported
C:\gh\azure-sdk-for-net\sdk\synapse\Microsoft.Azure.Management.Synapse\tests\TestHelpers\SynapseManagementHelper.cs(59,17): error CS0518: Predefined type 'System.String' is not defined or imported
C:\gh\azure-sdk-for-net\sdk\synapse\Microsoft.Azure.Management.Synapse\tests\TestHelpers\SynapseManagementHelper.cs(60,17): error CS0518: Predefined type 'System.String' is not defined or imported
C:\gh\azure-sdk-for-net\sdk\synapse\Microsoft.Azure.Management.Synapse\tests\TestHelpers\SynapseManagementHelper.cs(62,13): error CS0518: Predefined type 'System.Object' is not defined or imported
C:\gh\azure-sdk-for-net\sdk\synapse\Microsoft.Azure.Management.Synapse\tests\TestHelpers\SynapseManagementHelper.cs(64,17): error CS0518: Predefined type 'System.String' is not defined or imported
C:\gh\azure-sdk-for-net\sdk\synapse\Microsoft.Azure.Management.Synapse\tests\TestHelpers\SynapseManagementHelper.cs(65,21): error CS0518: Predefined type 'System.String' is not defined or imported
C:\gh\azure-sdk-for-net\sdk\synapse\Microsoft.Azure.Management.Synapse\tests\TestHelpers\SynapseManagementHelper.cs(70,13): error CS0518: Predefined type 'System.Object' is not defined or imported
C:\gh\azure-sdk-for-net\sdk\synapse\Microsoft.Azure.Management.Synapse\tests\TestHelpers\SynapseManagementHelper.cs(71,63): error CS0518: Predefined type 'System.String' is not defined or imported
C:\gh\azure-sdk-for-net\sdk\synapse\Microsoft.Azure.Management.Synapse\tests\TestHelpers\SynapseManagementHelper.cs(72,63): error CS0518: Predefined type 'System.String' is not defined or imported
C:\gh\azure-sdk-for-net\sdk\synapse\Microsoft.Azure.Management.Synapse\tests\TestHelpers\SynapseManagementHelper.cs(73,17): error CS0518: Predefined type 'System.String' is not defined or imported
C:\gh\azure-sdk-for-net\sdk\synapse\Microsoft.Azure.Management.Synapse\tests\TestHelpers\SynapseManagementHelper.cs(74,21): error CS0518: Predefined type 'System.String' is not defined or imported
C:\gh\azure-sdk-for-net\sdk\synapse\Microsoft.Azure.Management.Synapse\tests\TestHelpers\SynapseManagementHelper.cs(78,13): error CS0518: Predefined type 'System.Object' is not defined or imported
C:\gh\azure-sdk-for-net\sdk\synapse\Microsoft.Azure.Management.Synapse\tests\TestHelpers\SynapseManagementHelper.cs(79,17): error CS0518: Predefined type 'System.Boolean' is not defined or imported
C:\gh\azure-sdk-for-net\sdk\synapse\Microsoft.Azure.Management.Synapse\tests\TestHelpers\SynapseManagementHelper.cs(79,105): error CS0518: Predefined type 'System.Int32' is not defined or imported
C:\gh\azure-sdk-for-net\sdk\synapse\Microsoft.Azure.Management.Synapse\tests\TestHelpers\SynapseManagementHelper.cs(79,62): error CS0518: Predefined type 'System.Boolean' is not defined or imported
C:\gh\azure-sdk-for-net\sdk\synapse\Microsoft.Azure.Management.Synapse\tests\TestHelpers\SynapseManagementHelper.cs(80,17): error CS0518: Predefined type 'System.String' is not defined or imported
C:\gh\azure-sdk-for-net\sdk\synapse\Microsoft.Azure.Management.Synapse\tests\TestHelpers\SynapseManagementTestUtilities.cs(148,13): error CS0518: Predefined type 'System.String' is not defined or imported
C:\gh\azure-sdk-for-net\sdk\synapse\Microsoft.Azure.Management.Synapse\tests\TestHelpers\SynapseManagementTestUtilities.cs(149,17): error CS0518: Predefined type 'System.Object' is not defined or imported
C:\gh\azure-sdk-for-net\sdk\synapse\Microsoft.Azure.Management.Synapse\tests\TestHelpers\SynapseManagementTestUtilities.cs(149,17): error CS0518: Predefined type 'System.Boolean' is not defined or imported
C:\gh\azure-sdk-for-net\sdk\synapse\Microsoft.Azure.Management.Synapse\tests\TestHelpers\SynapseManagementTestUtilities.cs(151,35): error CS0518: Predefined type 'System.Object' is not defined or imported
C:\gh\azure-sdk-for-net\sdk\synapse\Microsoft.Azure.Management.Synapse\tests\TestHelpers\SynapseManagementTestUtilities.cs(151,35): error CS0246: The type or namespace name 'AuthenticationContext' could not be found (are you missing a using directive or an assembly reference?)
C:\gh\azure-sdk-for-net\sdk\synapse\Microsoft.Azure.Management.Synapse\tests\TestHelpers\SynapseManagementTestUtilities.cs(151,68): error CS0518: Predefined type 'System.Object' is not defined or imported
C:\gh\azure-sdk-for-net\sdk\synapse\Microsoft.Azure.Management.Synapse\tests\TestHelpers\SynapseManagementTestUtilities.cs(151,68): error CS0103: The name 'TokenCache' does not exist in the current context
C:\gh\azure-sdk-for-net\sdk\synapse\Microsoft.Azure.Management.Synapse\tests\TestHelpers\SynapseManagementTestUtilities.cs(152,17): error CS0518: Predefined type 'System.String' is not defined or imported
C:\gh\azure-sdk-for-net\sdk\synapse\Microsoft.Azure.Management.Synapse\tests\TestHelpers\SynapseManagementTestUtilities.cs(152,39): error CS0518: Predefined type 'System.Object' is not defined or imported
C:\gh\azure-sdk-for-net\sdk\synapse\Microsoft.Azure.Management.Synapse\tests\TestHelpers\SynapseManagementTestUtilities.cs(153,17): error CS0518: Predefined type 'System.String' is not defined or imported
C:\gh\azure-sdk-for-net\sdk\synapse\Microsoft.Azure.Management.Synapse\tests\TestHelpers\SynapseManagementTestUtilities.cs(153,37): error CS0518: Predefined type 'System.Object' is not defined or imported
C:\gh\azure-sdk-for-net\sdk\synapse\Microsoft.Azure.Management.Synapse\tests\TestHelpers\SynapseManagementTestUtilities.cs(154,44): error CS0518: Predefined type 'System.Object' is not defined or imported
C:\gh\azure-sdk-for-net\sdk\synapse\Microsoft.Azure.Management.Synapse\tests\TestHelpers\SynapseManagementTestUtilities.cs(154,44): error CS0246: The type or namespace name 'ClientCredential' could not be found (are you missing a using directive or an assembly reference?)
C:\gh\azure-sdk-for-net\sdk\synapse\Microsoft.Azure.Management.Synapse\tests\TestHelpers\SynapseManagementTestUtilities.cs(155,105): error CS0518: Predefined type 'System.Boolean' is not defined or imported
C:\gh\azure-sdk-for-net\sdk\synapse\Microsoft.Azure.Management.Synapse\tests\TestHelpers\SynapseManagementTestUtilities.cs(158,22): error CS0518: Predefined type 'System.Object' is not defined or imported
C:\gh\azure-sdk-for-net\sdk\synapse\Microsoft.Azure.Management.Synapse\tests\TestHelpers\SynapseManagementTestUtilities.cs(158,22): error CS0518: Predefined type 'System.Boolean' is not defined or imported
C:\gh\azure-sdk-for-net\sdk\synapse\Microsoft.Azure.Management.Synapse\tests\TestHelpers\SynapseManagementTestUtilities.cs(160,31): error CS0518: Predefined type 'System.String' is not defined or imported
C:\gh\azure-sdk-for-net\sdk\synapse\Microsoft.Azure.Management.Synapse\tests\TestHelpers\SynapseManagementTestUtilities.cs(172,13): error CS0518: Predefined type 'System.Object' is not defined or imported
C:\gh\azure-sdk-for-net\sdk\synapse\Microsoft.Azure.Management.Synapse\tests\TestHelpers\SynapseManagementTestUtilities.cs(172,13): error CS0246: The type or namespace name 'HttpMockServer' could not be found (are you missing a using directive or an assembly reference?)
C:\gh\azure-sdk-for-net\sdk\synapse\Microsoft.Azure.Management.Synapse\tests\TestHelpers\SynapseManagementTestUtilities.cs(172,37): error CS0518: Predefined type 'System.Object' is not defined or imported
C:\gh\azure-sdk-for-net\sdk\synapse\Microsoft.Azure.Management.Synapse\tests\TestHelpers\SynapseManagementTestUtilities.cs(172,37): error CS0103: The name 'HttpMockServer' does not exist in the current context
C:\gh\azure-sdk-for-net\sdk\synapse\Microsoft.Azure.Management.Synapse\tests\TestHelpers\SynapseManagementTestUtilities.cs(173,24): error CS0518: Predefined type 'System.Object' is not defined or imported
C:\gh\azure-sdk-for-net\sdk\synapse\Microsoft.Azure.Management.Synapse\tests\TestHelpers\SynapseManagementTestUtilities.cs(173,24): error CS0246: The type or namespace name 'DelegatingHandler' could not be found (are you missing a using directive or an assembly reference?)
C:\gh\azure-sdk-for-net\sdk\synapse\Microsoft.Azure.Management.Synapse\tests\TestHelpers\SynapseManagementTestUtilities.cs(173,20): error CS0518: Predefined type 'System.Int32' is not defined or imported
C:\gh\azure-sdk-for-net\sdk\synapse\Microsoft.Azure.Management.Synapse\tests\TestHelpers\SynapseManagementTestUtilities.cs(183,24): error CS0518: Predefined type 'System.Object' is not defined or imported
C:\gh\azure-sdk-for-net\sdk\synapse\Microsoft.Azure.Management.Synapse\tests\TestHelpers\SynapseManagementTestUtilities.cs(183,24): error CS0518: Predefined type 'System.Void' is not defined or imported
C:\gh\azure-sdk-for-net\sdk\synapse\Microsoft.Azure.Management.Synapse\tests\TestHelpers\SynapseManagementTestUtilities.cs(185,17): error CS0518: Predefined type 'System.String' is not defined or imported
C:\gh\azure-sdk-for-net\sdk\synapse\Microsoft.Azure.Management.Synapse\tests\TestHelpers\SynapseManagementTestUtilities.cs(186,17): error CS0518: Predefined type 'System.Void' is not defined or imported
C:\gh\azure-sdk-for-net\sdk\synapse\Microsoft.Azure.Management.Synapse\tests\TestHelpers\SynapseManagementTestUtilities.cs(186,32): error CS0518: Predefined type 'System.Object' is not defined or imported
C:\gh\azure-sdk-for-net\sdk\synapse\Microsoft.Azure.Management.Synapse\tests\TestHelpers\SynapseManagementTestUtilities.cs(186,32): error CS0518: Predefined type 'System.Void' is not defined or imported
C:\gh\azure-sdk-for-net\sdk\synapse\Microsoft.Azure.Management.Synapse\tests\TestHelpers\SynapseManagementTestUtilities.cs(188,21): error CS0518: Predefined type 'System.Nullable`1' is not defined or imported
C:\gh\azure-sdk-for-net\sdk\synapse\Microsoft.Azure.Management.Synapse\tests\TestHelpers\SynapseManagementTestUtilities.cs(188,28): error CS0518: Predefined type 'System.Object' is not defined or imported
C:\gh\azure-sdk-for-net\sdk\synapse\Microsoft.Azure.Management.Synapse\tests\TestHelpers\SynapseManagementTestUtilities.cs(190,17): error CS0518: Predefined type 'System.Void' is not defined or imported
C:\gh\azure-sdk-for-net\sdk\synapse\Microsoft.Azure.Management.Synapse\tests\TestHelpers\SynapseManagementTestUtilities.cs(190,46): error CS0518: Predefined type 'System.Object' is not defined or imported
C:\gh\azure-sdk-for-net\sdk\synapse\Microsoft.Azure.Management.Synapse\tests\TestHelpers\SynapseManagementTestUtilities.cs(190,46): error CS0518: Predefined type 'System.Void' is not defined or imported
C:\gh\azure-sdk-for-net\sdk\synapse\Microsoft.Azure.Management.Synapse\tests\TestHelpers\SynapseManagementTestUtilities.cs(192,21): error CS0518: Predefined type 'System.String' is not defined or imported
C:\gh\azure-sdk-for-net\sdk\synapse\Microsoft.Azure.Management.Synapse\tests\TestHelpers\SynapseManagementTestUtilities.cs(193,21): error CS0518: Predefined type 'System.String' is not defined or imported
C:\gh\azure-sdk-for-net\sdk\synapse\Microsoft.Azure.Management.Synapse\tests\TestHelpers\SynapseManagementTestUtilities.cs(195,17): error CS0518: Predefined type 'System.String' is not defined or imported
C:\gh\azure-sdk-for-net\sdk\synapse\Microsoft.Azure.Management.Synapse\tests\TestHelpers\SynapseManagementTestUtilities.cs(196,17): error CS0518: Predefined type 'System.String' is not defined or imported
C:\gh\azure-sdk-for-net\sdk\synapse\Microsoft.Azure.Management.Synapse\tests\TestHelpers\SynapseManagementTestUtilities.cs(207,24): error CS0518: Predefined type 'System.Object' is not defined or imported
C:\gh\azure-sdk-for-net\sdk\synapse\Microsoft.Azure.Management.Synapse\tests\TestHelpers\SynapseManagementTestUtilities.cs(207,24): error CS0518: Predefined type 'System.Void' is not defined or imported
C:\gh\azure-sdk-for-net\sdk\synapse\Microsoft.Azure.Management.Synapse\tests\TestHelpers\SynapseManagementTestUtilities.cs(209,17): error CS0518: Predefined type 'System.String' is not defined or imported
C:\gh\azure-sdk-for-net\sdk\synapse\Microsoft.Azure.Management.Synapse\tests\TestHelpers\SynapseManagementTestUtilities.cs(210,17): error CS0518: Predefined type 'System.Void' is not defined or imported
C:\gh\azure-sdk-for-net\sdk\synapse\Microsoft.Azure.Management.Synapse\tests\TestHelpers\SynapseManagementTestUtilities.cs(210,27): error CS0518: Predefined type 'System.Object' is not defined or imported
C:\gh\azure-sdk-for-net\sdk\synapse\Microsoft.Azure.Management.Synapse\tests\TestHelpers\SynapseManagementTestUtilities.cs(210,27): error CS0518: Predefined type 'System.Void' is not defined or imported
C:\gh\azure-sdk-for-net\sdk\synapse\Microsoft.Azure.Management.Synapse\tests\TestHelpers\SynapseManagementTestUtilities.cs(212,21): error CS0518: Predefined type 'System.String' is not defined or imported
C:\gh\azure-sdk-for-net\sdk\synapse\Microsoft.Azure.Management.Synapse\tests\TestHelpers\SynapseManagementTestUtilities.cs(226,24): error CS0518: Predefined type 'System.Object' is not defined or imported
C:\gh\azure-sdk-for-net\sdk\synapse\Microsoft.Azure.Management.Synapse\tests\TestHelpers\SynapseManagementTestUtilities.cs(226,24): error CS0518: Predefined type 'System.Void' is not defined or imported
C:\gh\azure-sdk-for-net\sdk\synapse\Microsoft.Azure.Management.Synapse\tests\TestHelpers\SynapseManagementTestUtilities.cs(228,17): error CS0518: Predefined type 'System.String' is not defined or imported
C:\gh\azure-sdk-for-net\sdk\synapse\Microsoft.Azure.Management.Synapse\tests\TestHelpers\SynapseManagementTestUtilities.cs(229,17): error CS0518: Predefined type 'System.Nullable`1' is not defined or imported
C:\gh\azure-sdk-for-net\sdk\synapse\Microsoft.Azure.Management.Synapse\tests\TestHelpers\SynapseManagementTestUtilities.cs(229,29): error CS0518: Predefined type 'System.Boolean' is not defined or imported
C:\gh\azure-sdk-for-net\sdk\synapse\Microsoft.Azure.Management.Synapse\tests\TestHelpers\SynapseManagementTestUtilities.cs(229,48): error CS0518: Predefined type 'System.Int32' is not defined or imported
C:\gh\azure-sdk-for-net\sdk\synapse\Microsoft.Azure.Management.Synapse\tests\TestHelpers\SynapseManagementTestUtilities.cs(229,48): error CS0518: Predefined type 'System.Nullable`1' is not defined or imported
C:\gh\azure-sdk-for-net\sdk\synapse\Microsoft.Azure.Management.Synapse\tests\TestHelpers\SynapseManagementTestUtilities.cs(230,17): error CS0518: Predefined type 'System.String' is not defined or imported
C:\gh\azure-sdk-for-net\sdk\synapse\Microsoft.Azure.Management.Synapse\tests\TestHelpers\SynapseManagementTestUtilities.cs(230,34): error CS0518: Predefined type 'System.Object' is not defined or imported
C:\gh\azure-sdk-for-net\sdk\synapse\Microsoft.Azure.Management.Synapse\tests\TestHelpers\SynapseManagementTestUtilities.cs(230,49): error CS0518: Predefined type 'System.String' is not defined or imported
C:\gh\azure-sdk-for-net\sdk\synapse\Microsoft.Azure.Management.Synapse\tests\TestHelpers\SynapseManagementTestUtilities.cs(231,17): error CS0518: Predefined type 'System.String' is not defined or imported
C:\gh\azure-sdk-for-net\sdk\synapse\Microsoft.Azure.Management.Synapse\tests\TestHelpers\SynapseManagementTestUtilities.cs(232,17): error CS0518: Predefined type 'System.Void' is not defined or imported
C:\gh\azure-sdk-for-net\sdk\synapse\Microsoft.Azure.Management.Synapse\tests\TestHelpers\SynapseManagementTestUtilities.cs(232,29): error CS0518: Predefined type 'System.Boolean' is not defined or imported
C:\gh\azure-sdk-for-net\sdk\synapse\Microsoft.Azure.Management.Synapse\tests\TestHelpers\SynapseManagementTestUtilities.cs(232,59): error CS0518: Predefined type 'System.Object' is not defined or imported
C:\gh\azure-sdk-for-net\sdk\synapse\Microsoft.Azure.Management.Synapse\tests\TestHelpers\SynapseManagementTestUtilities.cs(232,59): error CS0518: Predefined type 'System.Void' is not defined or imported
C:\gh\azure-sdk-for-net\sdk\synapse\Microsoft.Azure.Management.Synapse\tests\TestHelpers\SynapseManagementTestUtilities.cs(234,21): error CS0518: Predefined type 'System.Nullable`1' is not defined or imported
C:\gh\azure-sdk-for-net\sdk\synapse\Microsoft.Azure.Management.Synapse\tests\TestHelpers\SynapseManagementTestUtilities.cs(235,21): error CS0518: Predefined type 'System.Nullable`1' is not defined or imported
C:\gh\azure-sdk-for-net\sdk\synapse\Microsoft.Azure.Management.Synapse\tests\TestHelpers\SynapseManagementTestUtilities.cs(236,21): error CS0518: Predefined type 'System.Nullable`1' is not defined or imported
C:\gh\azure-sdk-for-net\sdk\synapse\Microsoft.Azure.Management.Synapse\tests\TestHelpers\SynapseManagementTestUtilities.cs(238,17): error CS0518: Predefined type 'System.Void' is not defined or imported
C:\gh\azure-sdk-for-net\sdk\synapse\Microsoft.Azure.Management.Synapse\tests\TestHelpers\SynapseManagementTestUtilities.cs(238,29): error CS0518: Predefined type 'System.Boolean' is not defined or imported
C:\gh\azure-sdk-for-net\sdk\synapse\Microsoft.Azure.Management.Synapse\tests\TestHelpers\SynapseManagementTestUtilities.cs(238,59): error CS0518: Predefined type 'System.Object' is not defined or imported
C:\gh\azure-sdk-for-net\sdk\synapse\Microsoft.Azure.Management.Synapse\tests\TestHelpers\SynapseManagementTestUtilities.cs(238,59): error CS0518: Predefined type 'System.Void' is not defined or imported
C:\gh\azure-sdk-for-net\sdk\synapse\Microsoft.Azure.Management.Synapse\tests\TestHelpers\SynapseManagementTestUtilities.cs(240,21): error CS0518: Predefined type 'System.Nullable`1' is not defined or imported
C:\gh\azure-sdk-for-net\sdk\synapse\Microsoft.Azure.Management.Synapse\tests\TestHelpers\SynapseManagementTestUtilities.cs(241,21): error CS0518: Predefined type 'System.Nullable`1' is not defined or imported
C:\gh\azure-sdk-for-net\sdk\synapse\Microsoft.Azure.Management.Synapse\tests\TestHelpers\SynapseManagementTestUtilities.cs(243,17): error CS0518: Predefined type 'System.String' is not defined or imported
C:\gh\azure-sdk-for-net\sdk\synapse\Microsoft.Azure.Management.Synapse\tests\TestHelpers\SynapseManagementHelper.cs(92,13): error CS0518: Predefined type 'System.Boolean' is not defined or imported
C:\gh\azure-sdk-for-net\sdk\synapse\Microsoft.Azure.Management.Synapse\tests\TestHelpers\SynapseManagementHelper.cs(92,27): error CS0518: Predefined type 'System.Boolean' is not defined or imported
C:\gh\azure-sdk-for-net\sdk\synapse\Microsoft.Azure.Management.Synapse\tests\TestHelpers\SynapseManagementHelper.cs(93,13): error CS0518: Predefined type 'System.Object' is not defined or imported
C:\gh\azure-sdk-for-net\sdk\synapse\Microsoft.Azure.Management.Synapse\tests\TestHelpers\SynapseManagementHelper.cs(93,13): error CS0246: The type or namespace name 'ResourceGroup' could not be found (are you missing a using directive or an assembly reference?)
C:\gh\azure-sdk-for-net\sdk\synapse\Microsoft.Azure.Management.Synapse\tests\TestHelpers\SynapseManagementHelper.cs(97,26): error CS0518: Predefined type 'System.Boolean' is not defined or imported
C:\gh\azure-sdk-for-net\sdk\synapse\Microsoft.Azure.Management.Synapse\tests\TestHelpers\SynapseManagementHelper.cs(104,17): error CS0518: Predefined type 'System.Boolean' is not defined or imported
C:\gh\azure-sdk-for-net\sdk\synapse\Microsoft.Azure.Management.Synapse\tests\TestHelpers\SynapseManagementHelper.cs(109,29): error CS0518: Predefined type 'System.Object' is not defined or imported
C:\gh\azure-sdk-for-net\sdk\synapse\Microsoft.Azure.Management.Synapse\tests\TestHelpers\SynapseManagementHelper.cs(109,29): error CS0246: The type or namespace name 'ResourceGroup' could not be found (are you missing a using directive or an assembly reference?)
C:\gh\azure-sdk-for-net\sdk\synapse\Microsoft.Azure.Management.Synapse\tests\TestHelpers\SynapseManagementHelper.cs(118,13): error CS0518: Predefined type 'System.Object' is not defined or imported
C:\gh\azure-sdk-for-net\sdk\synapse\Microsoft.Azure.Management.Synapse\tests\TestHelpers\SynapseManagementHelper.cs(119,17): error CS0518: Predefined type 'System.Boolean' is not defined or imported
C:\gh\azure-sdk-for-net\sdk\synapse\Microsoft.Azure.Management.Synapse\tests\TestHelpers\SynapseManagementHelper.cs(120,17): error CS0518: Predefined type 'System.String' is not defined or imported
C:\gh\azure-sdk-for-net\sdk\synapse\Microsoft.Azure.Management.Synapse\tests\TestHelpers\SynapseManagementHelper.cs(122,13): error CS0518: Predefined type 'System.Object' is not defined or imported
C:\gh\azure-sdk-for-net\sdk\synapse\Microsoft.Azure.Management.Synapse\tests\TestHelpers\SynapseManagementHelper.cs(124,17): error CS0518: Predefined type 'System.String' is not defined or imported
C:\gh\azure-sdk-for-net\sdk\synapse\Microsoft.Azure.Management.Synapse\tests\TestHelpers\SynapseManagementHelper.cs(125,21): error CS0518: Predefined type 'System.String' is not defined or imported
C:\gh\azure-sdk-for-net\sdk\synapse\Microsoft.Azure.Management.Synapse\tests\TestHelpers\SynapseManagementTestUtilities.cs(256,24): error CS0518: Predefined type 'System.Object' is not defined or imported
C:\gh\azure-sdk-for-net\sdk\synapse\Microsoft.Azure.Management.Synapse\tests\TestHelpers\SynapseManagementTestUtilities.cs(256,24): error CS0518: Predefined type 'System.Void' is not defined or imported
C:\gh\azure-sdk-for-net\sdk\synapse\Microsoft.Azure.Management.Synapse\tests\TestHelpers\SynapseManagementTestUtilities.cs(258,17): error CS0518: Predefined type 'System.String' is not defined or imported
C:\gh\azure-sdk-for-net\sdk\synapse\Microsoft.Azure.Management.Synapse\tests\TestHelpers\SynapseManagementTestUtilities.cs(259,17): error CS0518: Predefined type 'System.String' is not defined or imported
C:\gh\azure-sdk-for-net\sdk\synapse\Microsoft.Azure.Management.Synapse\tests\TestHelpers\SynapseManagementTestUtilities.cs(271,36): error CS0518: Predefined type 'System.Object' is not defined or imported
C:\gh\azure-sdk-for-net\sdk\synapse\Microsoft.Azure.Management.Synapse\tests\TestHelpers\SynapseManagementTestUtilities.cs(271,36): error CS0246: The type or namespace name 'List<>' could not be found (are you missing a using directive or an assembly reference?)
C:\gh\azure-sdk-for-net\sdk\synapse\Microsoft.Azure.Management.Synapse\tests\TestHelpers\SynapseManagementTestUtilities.cs(275,21): error CS0518: Predefined type 'System.String' is not defined or imported
C:\gh\azure-sdk-for-net\sdk\synapse\Microsoft.Azure.Management.Synapse\tests\TestHelpers\SynapseManagementTestUtilities.cs(275,20): error CS0518: Predefined type 'System.Boolean' is not defined or imported
C:\gh\azure-sdk-for-net\sdk\synapse\Microsoft.Azure.Management.Synapse\tests\TestHelpers\SynapseManagementHelper.cs(148,32): error CS0518: Predefined type 'System.Object' is not defined or imported
C:\gh\azure-sdk-for-net\sdk\synapse\Microsoft.Azure.Management.Synapse\tests\TestHelpers\SynapseManagementHelper.cs(148,32): error CS0246: The type or namespace name 'StorageAccountCreateParameters' could not be found (are you missing a using directive or an assembly reference?)
C:\gh\azure-sdk-for-net\sdk\synapse\Microsoft.Azure.Management.Synapse\tests\TestHelpers\SynapseManagementHelper.cs(152,27): error CS0518: Predefined type 'System.Object' is not defined or imported
C:\gh\azure-sdk-for-net\sdk\synapse\Microsoft.Azure.Management.Synapse\tests\TestHelpers\SynapseManagementHelper.cs(152,54): error CS0234: The type or namespace name 'Storage' does not exist in the namespace 'Microsoft.Azure.Management' (are you missing an assembly reference?)
C:\gh\azure-sdk-for-net\sdk\synapse\Microsoft.Azure.Management.Synapse\tests\TestHelpers\SynapseManagementHelper.cs(154,28): error CS0518: Predefined type 'System.Object' is not defined or imported
C:\gh\azure-sdk-for-net\sdk\synapse\Microsoft.Azure.Management.Synapse\tests\TestHelpers\SynapseManagementHelper.cs(154,28): error CS0234: The type or namespace name 'Storage' does not exist in the namespace 'Microsoft.Azure.Management' (are you missing an assembly reference?)
C:\gh\azure-sdk-for-net\sdk\synapse\Microsoft.Azure.Management.Synapse\tests\TestHelpers\SynapseManagementHelper.cs(163,122): error CS0518: Predefined type 'System.Int32' is not defined or imported
C:\gh\azure-sdk-for-net\sdk\synapse\Microsoft.Azure.Management.Synapse\tests\TestHelpers\SynapseManagementHelper.cs(165,13): error CS0518: Predefined type 'System.Object' is not defined or imported
C:\gh\azure-sdk-for-net\sdk\synapse\Microsoft.Azure.Management.Synapse\tests\TestHelpers\SynapseManagementHelper.cs(166,17): error CS0518: Predefined type 'System.String' is not defined or imported
C:\gh\azure-sdk-for-net\sdk\synapse\Microsoft.Azure.Management.Synapse\tests\TestHelpers\SynapseManagementHelper.cs(167,17): error CS0518: Predefined type 'System.String' is not defined or imported
C:\gh\azure-sdk-for-net\sdk\synapse\Microsoft.Azure.Management.Synapse\tests\TestHelpers\SynapseManagementHelper.cs(177,65): error CS0518: Predefined type 'System.String' is not defined or imported
C:\gh\azure-sdk-for-net\sdk\synapse\Microsoft.Azure.Management.Synapse\tests\TestHelpers\SynapseManagementHelper.cs(177,77): error CS0518: Predefined type 'System.String' is not defined or imported
C:\gh\azure-sdk-for-net\sdk\synapse\Microsoft.Azure.Management.Synapse\tests\TestHelpers\SynapseManagementHelper.cs(177,89): error CS0518: Predefined type 'System.Char' is not defined or imported
C:\gh\azure-sdk-for-net\sdk\synapse\Microsoft.Azure.Management.Synapse\tests\TestHelpers\SynapseManagementHelper.cs(178,85): error CS0518: Predefined type 'System.String' is not defined or imported
C:\gh\azure-sdk-for-net\sdk\synapse\Microsoft.Azure.Management.Synapse\tests\TestHelpers\SynapseManagementHelper.cs(178,99): error CS0518: Predefined type 'System.Char' is not defined or imported
C:\gh\azure-sdk-for-net\sdk\synapse\Microsoft.Azure.Management.Synapse\tests\TestHelpers\SynapseManagementHelper.cs(180,65): error CS0518: Predefined type 'System.String' is not defined or imported
C:\gh\azure-sdk-for-net\sdk\synapse\Microsoft.Azure.Management.Synapse\tests\TestHelpers\SynapseManagementHelper.cs(180,74): error CS0518: Predefined type 'System.String' is not defined or imported
C:\gh\azure-sdk-for-net\sdk\synapse\Microsoft.Azure.Management.Synapse\tests\TestHelpers\SynapseManagementHelper.cs(192,17): error CS0518: Predefined type 'System.Boolean' is not defined or imported
C:\gh\azure-sdk-for-net\sdk\synapse\Microsoft.Azure.Management.Synapse\tests\TestHelpers\SynapseManagementHelper.cs(194,27): error CS0518: Predefined type 'System.Object' is not defined or imported
C:\gh\azure-sdk-for-net\sdk\synapse\Microsoft.Azure.Management.Synapse\tests\TestHelpers\SynapseManagementHelper.cs(194,27): error CS0246: The type or namespace name 'Exception' could not be found (are you missing a using directive or an assembly reference?)
C:\gh\azure-sdk-for-net\sdk\synapse\Microsoft.Azure.Management.Synapse\tests\ScenarioTests\WorkspaceOperationTests.cs(16,13): error CS0518: Predefined type 'System.Object' is not defined or imported
C:\gh\azure-sdk-for-net\sdk\synapse\Microsoft.Azure.Management.Synapse\tests\ScenarioTests\WorkspaceOperationTests.cs(19,13): error CS0518: Predefined type 'System.String' is not defined or imported
C:\gh\azure-sdk-for-net\sdk\synapse\Microsoft.Azure.Management.Synapse\tests\ScenarioTests\WorkspaceOperationTests.cs(19,36): error CS0518: Predefined type 'System.Object' is not defined or imported
C:\gh\azure-sdk-for-net\sdk\synapse\Microsoft.Azure.Management.Synapse\tests\ScenarioTests\WorkspaceOperationTests.cs(19,36): error CS0103: The name 'TestUtilities' does not exist in the current context
C:\gh\azure-sdk-for-net\sdk\synapse\Microsoft.Azure.Management.Synapse\tests\ScenarioTests\WorkspaceOperationTests.cs(19,63): error CS0518: Predefined type 'System.String' is not defined or imported
C:\gh\azure-sdk-for-net\sdk\synapse\Microsoft.Azure.Management.Synapse\tests\ScenarioTests\WorkspaceOperationTests.cs(20,43): error CS0518: Predefined type 'System.Object' is not defined or imported
C:\gh\azure-sdk-for-net\sdk\synapse\Microsoft.Azure.Management.Synapse\tests\ScenarioTests\WorkspaceOperationTests.cs(21,35): error CS0518: Predefined type 'System.String' is not defined or imported
C:\gh\azure-sdk-for-net\sdk\synapse\Microsoft.Azure.Management.Synapse\tests\ScenarioTests\WorkspaceOperationTests.cs(22,13): error CS0518: Predefined type 'System.Object' is not defined or imported
C:\gh\azure-sdk-for-net\sdk\synapse\Microsoft.Azure.Management.Synapse\tests\ScenarioTests\WorkspaceOperationTests.cs(22,13): error CS0103: The name 'Assert' does not exist in the current context
C:\gh\azure-sdk-for-net\sdk\synapse\Microsoft.Azure.Management.Synapse\tests\ScenarioTests\WorkspaceOperationTests.cs(22,26): error CS0518: Predefined type 'System.Object' is not defined or imported
C:\gh\azure-sdk-for-net\sdk\synapse\Microsoft.Azure.Management.Synapse\tests\ScenarioTests\WorkspaceOperationTests.cs(23,13): error CS0518: Predefined type 'System.Object' is not defined or imported
C:\gh\azure-sdk-for-net\sdk\synapse\Microsoft.Azure.Management.Synapse\tests\ScenarioTests\WorkspaceOperationTests.cs(23,13): error CS0103: The name 'Assert' does not exist in the current context
C:\gh\azure-sdk-for-net\sdk\synapse\Microsoft.Azure.Management.Synapse\tests\ScenarioTests\WorkspaceOperationTests.cs(24,13): error CS0518: Predefined type 'System.Object' is not defined or imported
C:\gh\azure-sdk-for-net\sdk\synapse\Microsoft.Azure.Management.Synapse\tests\ScenarioTests\WorkspaceOperationTests.cs(24,13): error CS0103: The name 'Assert' does not exist in the current context
C:\gh\azure-sdk-for-net\sdk\synapse\Microsoft.Azure.Management.Synapse\tests\ScenarioTests\WorkspaceOperationTests.cs(25,17): error CS0518: Predefined type 'System.Int32' is not defined or imported
C:\gh\azure-sdk-for-net\sdk\synapse\Microsoft.Azure.Management.Synapse\tests\ScenarioTests\WorkspaceOperationTests.cs(25,23): error CS0518: Predefined type 'System.Int32' is not defined or imported
C:\gh\azure-sdk-for-net\sdk\synapse\Microsoft.Azure.Management.Synapse\tests\ScenarioTests\WorkspaceOperationTests.cs(25,28): error CS0518: Predefined type 'System.Int32' is not defined or imported
C:\gh\azure-sdk-for-net\sdk\synapse\Microsoft.Azure.Management.Synapse\tests\ScenarioTests\WorkspaceOperationTests.cs(25,26): error CS0518: Predefined type 'System.Boolean' is not defined or imported
C:\gh\azure-sdk-for-net\sdk\synapse\Microsoft.Azure.Management.Synapse\tests\ScenarioTests\WorkspaceOperationTests.cs(25,26): error CS0518: Predefined type 'System.Boolean' is not defined or imported
C:\gh\azure-sdk-for-net\sdk\synapse\Microsoft.Azure.Management.Synapse\tests\ScenarioTests\WorkspaceOperationTests.cs(27,36): error CS0518: Predefined type 'System.String' is not defined or imported
C:\gh\azure-sdk-for-net\sdk\synapse\Microsoft.Azure.Management.Synapse\tests\ScenarioTests\WorkspaceOperationTests.cs(28,59): error CS0518: Predefined type 'System.String' is not defined or imported
C:\gh\azure-sdk-for-net\sdk\synapse\Microsoft.Azure.Management.Synapse\tests\ScenarioTests\WorkspaceOperationTests.cs(28,21): error CS0518: Predefined type 'System.Boolean' is not defined or imported
C:\gh\azure-sdk-for-net\sdk\synapse\Microsoft.Azure.Management.Synapse\tests\ScenarioTests\WorkspaceOperationTests.cs(30,21): error CS0518: Predefined type 'System.Object' is not defined or imported
C:\gh\azure-sdk-for-net\sdk\synapse\Microsoft.Azure.Management.Synapse\tests\ScenarioTests\WorkspaceOperationTests.cs(30,21): error CS0103: The name 'Assert' does not exist in the current context
C:\gh\azure-sdk-for-net\sdk\synapse\Microsoft.Azure.Management.Synapse\tests\ScenarioTests\WorkspaceOperationTests.cs(30,34): error CS0518: Predefined type 'System.Object' is not defined or imported
C:\gh\azure-sdk-for-net\sdk\synapse\Microsoft.Azure.Management.Synapse\tests\ScenarioTests\WorkspaceOperationTests.cs(31,21): error CS0518: Predefined type 'System.Object' is not defined or imported
C:\gh\azure-sdk-for-net\sdk\synapse\Microsoft.Azure.Management.Synapse\tests\ScenarioTests\WorkspaceOperationTests.cs(31,21): error CS0103: The name 'Assert' does not exist in the current context
C:\gh\azure-sdk-for-net\sdk\synapse\Microsoft.Azure.Management.Synapse\tests\ScenarioTests\WorkspaceOperationTests.cs(32,21): error CS0518: Predefined type 'System.Object' is not defined or imported
C:\gh\azure-sdk-for-net\sdk\synapse\Microsoft.Azure.Management.Synapse\tests\ScenarioTests\WorkspaceOperationTests.cs(32,21): error CS0103: The name 'Assert' does not exist in the current context
C:\gh\azure-sdk-for-net\sdk\synapse\Microsoft.Azure.Management.Synapse\tests\ScenarioTests\WorkspaceOperationTests.cs(36,17): error CS0518: Predefined type 'System.Object' is not defined or imported
C:\gh\azure-sdk-for-net\sdk\synapse\Microsoft.Azure.Management.Synapse\tests\ScenarioTests\WorkspaceOperationTests.cs(36,17): error CS0103: The name 'Thread' does not exist in the current context
C:\gh\azure-sdk-for-net\sdk\synapse\Microsoft.Azure.Management.Synapse\tests\ScenarioTests\WorkspaceOperationTests.cs(36,30): error CS0518: Predefined type 'System.Int32' is not defined or imported
C:\gh\azure-sdk-for-net\sdk\synapse\Microsoft.Azure.Management.Synapse\tests\ScenarioTests\WorkspaceOperationTests.cs(37,17): error CS0518: Predefined type 'System.Object' is not defined or imported
C:\gh\azure-sdk-for-net\sdk\synapse\Microsoft.Azure.Management.Synapse\tests\ScenarioTests\WorkspaceOperationTests.cs(37,17): error CS0103: The name 'Assert' does not exist in the current context
C:\gh\azure-sdk-for-net\sdk\synapse\Microsoft.Azure.Management.Synapse\tests\ScenarioTests\WorkspaceOperationTests.cs(37,33): error CS0518: Predefined type 'System.Int32' is not defined or imported
C:\gh\azure-sdk-for-net\sdk\synapse\Microsoft.Azure.Management.Synapse\tests\ScenarioTests\WorkspaceOperationTests.cs(37,29): error CS0518: Predefined type 'System.Boolean' is not defined or imported
C:\gh\azure-sdk-for-net\sdk\synapse\Microsoft.Azure.Management.Synapse\tests\ScenarioTests\WorkspaceOperationTests.cs(37,37): error CS0518: Predefined type 'System.String' is not defined or imported
C:\gh\azure-sdk-for-net\sdk\synapse\Microsoft.Azure.Management.Synapse\tests\ScenarioTests\WorkspaceOperationTests.cs(41,13): error CS0518: Predefined type 'System.Object' is not defined or imported
C:\gh\azure-sdk-for-net\sdk\synapse\Microsoft.Azure.Management.Synapse\tests\ScenarioTests\WorkspaceOperationTests.cs(41,13): error CS0246: The type or namespace name 'Dictionary<,>' could not be found (are you missing a using directive or an assembly reference?)
C:\gh\azure-sdk-for-net\sdk\synapse\Microsoft.Azure.Management.Synapse\tests\ScenarioTests\WorkspaceOperationTests.cs(41,24): error CS0518: Predefined type 'System.String' is not defined or imported
C:\gh\azure-sdk-for-net\sdk\synapse\Microsoft.Azure.Management.Synapse\tests\ScenarioTests\WorkspaceOperationTests.cs(41,32): error CS0518: Predefined type 'System.String' is not defined or imported
C:\gh\azure-sdk-for-net\sdk\synapse\Microsoft.Azure.Management.Synapse\tests\ScenarioTests\WorkspaceOperationTests.cs(41,59): error CS0518: Predefined type 'System.Object' is not defined or imported
C:\gh\azure-sdk-for-net\sdk\synapse\Microsoft.Azure.Management.Synapse\tests\ScenarioTests\WorkspaceOperationTests.cs(41,59): error CS0246: The type or namespace name 'Dictionary<,>' could not be found (are you missing a using directive or an assembly reference?)
C:\gh\azure-sdk-for-net\sdk\synapse\Microsoft.Azure.Management.Synapse\tests\ScenarioTests\WorkspaceOperationTests.cs(41,70): error CS0518: Predefined type 'System.String' is not defined or imported
C:\gh\azure-sdk-for-net\sdk\synapse\Microsoft.Azure.Management.Synapse\tests\ScenarioTests\WorkspaceOperationTests.cs(41,78): error CS0518: Predefined type 'System.String' is not defined or imported
C:\gh\azure-sdk-for-net\sdk\synapse\Microsoft.Azure.Management.Synapse\tests\ScenarioTests\WorkspaceOperationTests.cs(41,88): error CS0518: Predefined type 'System.String' is not defined or imported
C:\gh\azure-sdk-for-net\sdk\synapse\Microsoft.Azure.Management.Synapse\tests\ScenarioTests\WorkspaceOperationTests.cs(41,99): error CS0518: Predefined type 'System.String' is not defined or imported
C:\gh\azure-sdk-for-net\sdk\synapse\Microsoft.Azure.Management.Synapse\tests\ScenarioTests\WorkspaceOperationTests.cs(42,26): error CS0246: The type or namespace name 'IDictionary<,>' could not be found (are you missing a using directive or an assembly reference?)
C:\gh\azure-sdk-for-net\sdk\synapse\Microsoft.Azure.Management.Synapse\tests\ScenarioTests\WorkspaceOperationTests.cs(43,35): error CS0518: Predefined type 'System.String' is not defined or imported
C:\gh\azure-sdk-for-net\sdk\synapse\Microsoft.Azure.Management.Synapse\tests\ScenarioTests\WorkspaceOperationTests.cs(44,13): error CS0518: Predefined type 'System.Object' is not defined or imported
C:\gh\azure-sdk-for-net\sdk\synapse\Microsoft.Azure.Management.Synapse\tests\ScenarioTests\WorkspaceOperationTests.cs(44,13): error CS0103: The name 'Assert' does not exist in the current context
C:\gh\azure-sdk-for-net\sdk\synapse\Microsoft.Azure.Management.Synapse\tests\ScenarioTests\WorkspaceOperationTests.cs(45,13): error CS0518: Predefined type 'System.Object' is not defined or imported
C:\gh\azure-sdk-for-net\sdk\synapse\Microsoft.Azure.Management.Synapse\tests\ScenarioTests\WorkspaceOperationTests.cs(45,13): error CS0103: The name 'Assert' does not exist in the current context
C:\gh\azure-sdk-for-net\sdk\synapse\Microsoft.Azure.Management.Synapse\tests\ScenarioTests\WorkspaceOperationTests.cs(45,26): error CS0518: Predefined type 'System.String' is not defined or imported
C:\gh\azure-sdk-for-net\sdk\synapse\Microsoft.Azure.Management.Synapse\tests\ScenarioTests\WorkspaceOperationTests.cs(45,61): error CS0518: Predefined type 'System.String' is not defined or imported
C:\gh\azure-sdk-for-net\sdk\synapse\Microsoft.Azure.Management.Synapse\tests\ScenarioTests\WorkspaceOperationTests.cs(48,29): error CS0246: The type or namespace name 'IPage<>' could not be found (are you missing a using directive or an assembly reference?)
C:\gh\azure-sdk-for-net\sdk\synapse\Microsoft.Azure.Management.Synapse\tests\ScenarioTests\WorkspaceOperationTests.cs(49,46): error CS0518: Predefined type 'System.Object' is not defined or imported
C:\gh\azure-sdk-for-net\sdk\synapse\Microsoft.Azure.Management.Synapse\tests\ScenarioTests\WorkspaceOperationTests.cs(49,77): error CS0518: Predefined type 'System.Object' is not defined or imported
C:\gh\azure-sdk-for-net\sdk\synapse\Microsoft.Azure.Management.Synapse\tests\ScenarioTests\WorkspaceOperationTests.cs(50,13): error CS0518: Predefined type 'System.Object' is not defined or imported
C:\gh\azure-sdk-for-net\sdk\synapse\Microsoft.Azure.Management.Synapse\tests\ScenarioTests\WorkspaceOperationTests.cs(50,13): error CS0103: The name 'Assert' does not exist in the current context
C:\gh\azure-sdk-for-net\sdk\synapse\Microsoft.Azure.Management.Synapse\tests\ScenarioTests\WorkspaceOperationTests.cs(50,25): error CS0518: Predefined type 'System.Int32' is not defined or imported
C:\gh\azure-sdk-for-net\sdk\synapse\Microsoft.Azure.Management.Synapse\tests\ScenarioTests\WorkspaceOperationTests.cs(50,25): error CS0518: Predefined type 'System.Boolean' is not defined or imported
C:\gh\azure-sdk-for-net\sdk\synapse\Microsoft.Azure.Management.Synapse\tests\ScenarioTests\WorkspaceOperationTests.cs(51,13): error CS0518: Predefined type 'System.Boolean' is not defined or imported
C:\gh\azure-sdk-for-net\sdk\synapse\Microsoft.Azure.Management.Synapse\tests\ScenarioTests\WorkspaceOperationTests.cs(51,28): error CS0518: Predefined type 'System.Boolean' is not defined or imported
C:\gh\azure-sdk-for-net\sdk\synapse\Microsoft.Azure.Management.Synapse\tests\ScenarioTests\WorkspaceOperationTests.cs(52,13): error CS0518: Predefined type 'System.Int32' is not defined or imported
C:\gh\azure-sdk-for-net\sdk\synapse\Microsoft.Azure.Management.Synapse\tests\ScenarioTests\WorkspaceOperationTests.cs(53,17): error CS0518: Predefined type 'System.Int32' is not defined or imported
C:\gh\azure-sdk-for-net\sdk\synapse\Microsoft.Azure.Management.Synapse\tests\ScenarioTests\WorkspaceOperationTests.cs(53,25): error CS0518: Predefined type 'System.Int32' is not defined or imported
C:\gh\azure-sdk-for-net\sdk\synapse\Microsoft.Azure.Management.Synapse\tests\ScenarioTests\WorkspaceOperationTests.cs(53,28): error CS0518: Predefined type 'System.Boolean' is not defined or imported
C:\gh\azure-sdk-for-net\sdk\synapse\Microsoft.Azure.Management.Synapse\tests\ScenarioTests\WorkspaceOperationTests.cs(53,28): error CS0518: Predefined type 'System.Boolean' is not defined or imported
C:\gh\azure-sdk-for-net\sdk\synapse\Microsoft.Azure.Management.Synapse\tests\ScenarioTests\WorkspaceOperationTests.cs(55,21): error CS0518: Predefined type 'System.Boolean' is not defined or imported
C:\gh\azure-sdk-for-net\sdk\synapse\Microsoft.Azure.Management.Synapse\tests\ScenarioTests\WorkspaceOperationTests.cs(57,31): error CS0518: Predefined type 'System.Boolean' is not defined or imported
C:\gh\azure-sdk-for-net\sdk\synapse\Microsoft.Azure.Management.Synapse\tests\ScenarioTests\WorkspaceOperationTests.cs(58,21): error CS0518: Predefined type 'System.Object' is not defined or imported
C:\gh\azure-sdk-for-net\sdk\synapse\Microsoft.Azure.Management.Synapse\tests\ScenarioTests\WorkspaceOperationTests.cs(58,21): error CS0103: The name 'Assert' does not exist in the current context
C:\gh\azure-sdk-for-net\sdk\synapse\Microsoft.Azure.Management.Synapse\tests\ScenarioTests\WorkspaceOperationTests.cs(58,34): error CS0518: Predefined type 'System.Object' is not defined or imported
C:\gh\azure-sdk-for-net\sdk\synapse\Microsoft.Azure.Management.Synapse\tests\ScenarioTests\WorkspaceOperationTests.cs(59,21): error CS0518: Predefined type 'System.Object' is not defined or imported
C:\gh\azure-sdk-for-net\sdk\synapse\Microsoft.Azure.Management.Synapse\tests\ScenarioTests\WorkspaceOperationTests.cs(59,21): error CS0103: The name 'Assert' does not exist in the current context
C:\gh\azure-sdk-for-net\sdk\synapse\Microsoft.Azure.Management.Synapse\tests\ScenarioTests\WorkspaceOperationTests.cs(64,13): error CS0518: Predefined type 'System.Object' is not defined or imported
C:\gh\azure-sdk-for-net\sdk\synapse\Microsoft.Azure.Management.Synapse\tests\ScenarioTests\WorkspaceOperationTests.cs(64,13): error CS0103: The name 'Assert' does not exist in the current context
C:\gh\azure-sdk-for-net\sdk\synapse\Microsoft.Azure.Management.Synapse\tests\ScenarioTests\WorkspaceOperationTests.cs(64,34): error CS0518: Predefined type 'System.String' is not defined or imported
C:\gh\azure-sdk-for-net\sdk\synapse\Microsoft.Azure.Management.Synapse\tests\ScenarioTests\WorkspaceOperationTests.cs(64,48): error CS0518: Predefined type 'System.String' is not defined or imported
C:\gh\azure-sdk-for-net\sdk\synapse\Microsoft.Azure.Management.Synapse\tests\ScenarioTests\WorkspaceOperationTests.cs(67,25): error CS0246: The type or namespace name 'IList<>' could not be found (are you missing a using directive or an assembly reference?)
C:\gh\azure-sdk-for-net\sdk\synapse\Microsoft.Azure.Management.Synapse\tests\ScenarioTests\WorkspaceOperationTests.cs(67,25): error CS0246: The type or namespace name 'IPage<>' could not be found (are you missing a using directive or an assembly reference?)
C:\gh\azure-sdk-for-net\sdk\synapse\Microsoft.Azure.Management.Synapse\tests\ScenarioTests\WorkspaceOperationTests.cs(67,25): error CS0518: Predefined type 'System.String' is not defined or imported
C:\gh\azure-sdk-for-net\sdk\synapse\Microsoft.Azure.Management.Synapse\tests\ScenarioTests\WorkspaceOperationTests.cs(67,25): error CS0246: The type or namespace name 'IEnumerable<>' could not be found (are you missing a using directive or an assembly reference?)
C:\gh\azure-sdk-for-net\sdk\synapse\Microsoft.Azure.Management.Synapse\tests\ScenarioTests\WorkspaceOperationTests.cs(68,13): error CS0518: Predefined type 'System.Object' is not defined or imported
C:\gh\azure-sdk-for-net\sdk\synapse\Microsoft.Azure.Management.Synapse\tests\ScenarioTests\WorkspaceOperationTests.cs(68,13): error CS0103: The name 'Assert' does not exist in the current context
C:\gh\azure-sdk-for-net\sdk\synapse\Microsoft.Azure.Management.Synapse\tests\ScenarioTests\WorkspaceOperationTests.cs(68,25): error CS0518: Predefined type 'System.Int32' is not defined or imported
C:\gh\azure-sdk-for-net\sdk\synapse\Microsoft.Azure.Management.Synapse\tests\ScenarioTests\WorkspaceOperationTests.cs(68,25): error CS0518: Predefined type 'System.Boolean' is not defined or imported
C:\gh\azure-sdk-for-net\sdk\synapse\Microsoft.Azure.Management.Synapse\tests\ScenarioTests\WorkspaceOperationTests.cs(69,45): error CS0518: Predefined type 'System.Object' is not defined or imported
C:\gh\azure-sdk-for-net\sdk\synapse\Microsoft.Azure.Management.Synapse\tests\ScenarioTests\WorkspaceOperationTests.cs(69,76): error CS0518: Predefined type 'System.Object' is not defined or imported
C:\gh\azure-sdk-for-net\sdk\synapse\Microsoft.Azure.Management.Synapse\tests\ScenarioTests\WorkspaceOperationTests.cs(70,13): error CS0518: Predefined type 'System.Object' is not defined or imported
C:\gh\azure-sdk-for-net\sdk\synapse\Microsoft.Azure.Management.Synapse\tests\ScenarioTests\WorkspaceOperationTests.cs(70,13): error CS0103: The name 'Assert' does not exist in the current context
C:\gh\azure-sdk-for-net\sdk\synapse\Microsoft.Azure.Management.Synapse\tests\ScenarioTests\WorkspaceOperationTests.cs(70,25): error CS0518: Predefined type 'System.Int32' is not defined or imported
C:\gh\azure-sdk-for-net\sdk\synapse\Microsoft.Azure.Management.Synapse\tests\ScenarioTests\WorkspaceOperationTests.cs(70,25): error CS0518: Predefined type 'System.Boolean' is not defined or imported
C:\gh\azure-sdk-for-net\sdk\synapse\Microsoft.Azure.Management.Synapse\tests\ScenarioTests\WorkspaceOperationTests.cs(71,23): error CS0518: Predefined type 'System.Boolean' is not defined or imported
C:\gh\azure-sdk-for-net\sdk\synapse\Microsoft.Azure.Management.Synapse\tests\ScenarioTests\WorkspaceOperationTests.cs(72,18): error CS0518: Predefined type 'System.Int32' is not defined or imported
C:\gh\azure-sdk-for-net\sdk\synapse\Microsoft.Azure.Management.Synapse\tests\ScenarioTests\WorkspaceOperationTests.cs(72,26): error CS0518: Predefined type 'System.Int32' is not defined or imported
C:\gh\azure-sdk-for-net\sdk\synapse\Microsoft.Azure.Management.Synapse\tests\ScenarioTests\WorkspaceOperationTests.cs(72,29): error CS0518: Predefined type 'System.Boolean' is not defined or imported
C:\gh\azure-sdk-for-net\sdk\synapse\Microsoft.Azure.Management.Synapse\tests\ScenarioTests\WorkspaceOperationTests.cs(72,29): error CS0518: Predefined type 'System.Boolean' is not defined or imported
C:\gh\azure-sdk-for-net\sdk\synapse\Microsoft.Azure.Management.Synapse\tests\ScenarioTests\WorkspaceOperationTests.cs(74,21): error CS0518: Predefined type 'System.Boolean' is not defined or imported
C:\gh\azure-sdk-for-net\sdk\synapse\Microsoft.Azure.Management.Synapse\tests\ScenarioTests\WorkspaceOperationTests.cs(76,31): error CS0518: Predefined type 'System.Boolean' is not defined or imported
C:\gh\azure-sdk-for-net\sdk\synapse\Microsoft.Azure.Management.Synapse\tests\ScenarioTests\WorkspaceOperationTests.cs(77,21): error CS0518: Predefined type 'System.Object' is not defined or imported
C:\gh\azure-sdk-for-net\sdk\synapse\Microsoft.Azure.Management.Synapse\tests\ScenarioTests\WorkspaceOperationTests.cs(77,21): error CS0103: The name 'Assert' does not exist in the current context
C:\gh\azure-sdk-for-net\sdk\synapse\Microsoft.Azure.Management.Synapse\tests\ScenarioTests\WorkspaceOperationTests.cs(77,34): error CS0518: Predefined type 'System.Object' is not defined or imported
C:\gh\azure-sdk-for-net\sdk\synapse\Microsoft.Azure.Management.Synapse\tests\ScenarioTests\WorkspaceOperationTests.cs(78,21): error CS0518: Predefined type 'System.Object' is not defined or imported
C:\gh\azure-sdk-for-net\sdk\synapse\Microsoft.Azure.Management.Synapse\tests\ScenarioTests\WorkspaceOperationTests.cs(78,21): error CS0103: The name 'Assert' does not exist in the current context
C:\gh\azure-sdk-for-net\sdk\synapse\Microsoft.Azure.Management.Synapse\tests\ScenarioTests\WorkspaceOperationTests.cs(83,13): error CS0518: Predefined type 'System.Object' is not defined or imported
C:\gh\azure-sdk-for-net\sdk\synapse\Microsoft.Azure.Management.Synapse\tests\ScenarioTests\WorkspaceOperationTests.cs(83,13): error CS0103: The name 'Assert' does not exist in the current context
C:\gh\azure-sdk-for-net\sdk\synapse\Microsoft.Azure.Management.Synapse\tests\ScenarioTests\WorkspaceOperationTests.cs(83,34): error CS0518: Predefined type 'System.String' is not defined or imported
C:\gh\azure-sdk-for-net\sdk\synapse\Microsoft.Azure.Management.Synapse\tests\ScenarioTests\WorkspaceOperationTests.cs(83,48): error CS0518: Predefined type 'System.String' is not defined or imported
C:\gh\azure-sdk-for-net\sdk\synapse\Microsoft.Azure.Management.Synapse\tests\ScenarioTests\WorkspaceOperationTests.cs(86,13): error CS0518: Predefined type 'System.Void' is not defined or imported
C:\gh\azure-sdk-for-net\sdk\synapse\Microsoft.Azure.Management.Synapse\tests\ScenarioTests\WorkspaceOperationTests.cs(86,13): error CS0518: Predefined type 'System.Object' is not defined or imported
C:\gh\azure-sdk-for-net\sdk\synapse\Microsoft.Azure.Management.Synapse\tests\ScenarioTests\WorkspaceOperationTests.cs(86,13): error CS0518: Predefined type 'System.String' is not defined or imported
C:\gh\azure-sdk-for-net\sdk\synapse\Microsoft.Azure.Management.Synapse\tests\ScenarioTests\WorkspaceOperationTests.cs(87,25): error CS0246: The type or namespace name 'IPage<>' could not be found (are you missing a using directive or an assembly reference?)
C:\gh\azure-sdk-for-net\sdk\synapse\Microsoft.Azure.Management.Synapse\tests\ScenarioTests\WorkspaceOperationTests.cs(88,40): error CS0518: Predefined type 'System.Object' is not defined or imported
C:\gh\azure-sdk-for-net\sdk\synapse\Microsoft.Azure.Management.Synapse\tests\ScenarioTests\WorkspaceOperationTests.cs(88,71): error CS0518: Predefined type 'System.Object' is not defined or imported
C:\gh\azure-sdk-for-net\sdk\synapse\Microsoft.Azure.Management.Synapse\tests\ScenarioTests\WorkspaceOperationTests.cs(89,13): error CS0518: Predefined type 'System.Object' is not defined or imported
C:\gh\azure-sdk-for-net\sdk\synapse\Microsoft.Azure.Management.Synapse\tests\ScenarioTests\WorkspaceOperationTests.cs(89,13): error CS0103: The name 'Assert' does not exist in the current context
C:\gh\azure-sdk-for-net\sdk\synapse\Microsoft.Azure.Management.Synapse\tests\ScenarioTests\WorkspaceOperationTests.cs(89,40): error CS0518: Predefined type 'System.Int32' is not defined or imported
C:\gh\azure-sdk-for-net\sdk\synapse\Microsoft.Azure.Management.Synapse\tests\ScenarioTests\WorkspaceOperationTests.cs(89,25): error CS0518: Predefined type 'System.Boolean' is not defined or imported
C:\gh\azure-sdk-for-net\sdk\synapse\Microsoft.Azure.Management.Synapse\tests\ScenarioTests\WorkspaceOperationTests.cs(11,18): error CS0518: Predefined type 'System.Void' is not defined or imported
C:\gh\azure-sdk-for-net\sdk\synapse\Microsoft.Azure.Management.Synapse\tests\ScenarioTests\SqlpoolOperationTests.cs(17,13): error CS0518: Predefined type 'System.Object' is not defined or imported
C:\gh\azure-sdk-for-net\sdk\synapse\Microsoft.Azure.Management.Synapse\tests\ScenarioTests\SqlpoolOperationTests.cs(20,13): error CS0518: Predefined type 'System.String' is not defined or imported
C:\gh\azure-sdk-for-net\sdk\synapse\Microsoft.Azure.Management.Synapse\tests\ScenarioTests\SqlpoolOperationTests.cs(20,36): error CS0518: Predefined type 'System.Object' is not defined or imported
C:\gh\azure-sdk-for-net\sdk\synapse\Microsoft.Azure.Management.Synapse\tests\ScenarioTests\SqlpoolOperationTests.cs(20,36): error CS0103: The name 'TestUtilities' does not exist in the current context
C:\gh\azure-sdk-for-net\sdk\synapse\Microsoft.Azure.Management.Synapse\tests\ScenarioTests\SqlpoolOperationTests.cs(20,63): error CS0518: Predefined type 'System.String' is not defined or imported
C:\gh\azure-sdk-for-net\sdk\synapse\Microsoft.Azure.Management.Synapse\tests\ScenarioTests\SqlpoolOperationTests.cs(21,52): error CS0518: Predefined type 'System.Object' is not defined or imported
C:\gh\azure-sdk-for-net\sdk\synapse\Microsoft.Azure.Management.Synapse\tests\ScenarioTests\SqlpoolOperationTests.cs(22,35): error CS0518: Predefined type 'System.String' is not defined or imported
C:\gh\azure-sdk-for-net\sdk\synapse\Microsoft.Azure.Management.Synapse\tests\ScenarioTests\SqlpoolOperationTests.cs(23,13): error CS0518: Predefined type 'System.Object' is not defined or imported
C:\gh\azure-sdk-for-net\sdk\synapse\Microsoft.Azure.Management.Synapse\tests\ScenarioTests\SqlpoolOperationTests.cs(23,13): error CS0103: The name 'Assert' does not exist in the current context
C:\gh\azure-sdk-for-net\sdk\synapse\Microsoft.Azure.Management.Synapse\tests\ScenarioTests\SqlpoolOperationTests.cs(23,26): error CS0518: Predefined type 'System.Object' is not defined or imported
C:\gh\azure-sdk-for-net\sdk\synapse\Microsoft.Azure.Management.Synapse\tests\ScenarioTests\SqlpoolOperationTests.cs(24,13): error CS0518: Predefined type 'System.Object' is not defined or imported
C:\gh\azure-sdk-for-net\sdk\synapse\Microsoft.Azure.Management.Synapse\tests\ScenarioTests\SqlpoolOperationTests.cs(24,13): error CS0103: The name 'Assert' does not exist in the current context
C:\gh\azure-sdk-for-net\sdk\synapse\Microsoft.Azure.Management.Synapse\tests\ScenarioTests\SqlpoolOperationTests.cs(25,13): error CS0518: Predefined type 'System.Object' is not defined or imported
C:\gh\azure-sdk-for-net\sdk\synapse\Microsoft.Azure.Management.Synapse\tests\ScenarioTests\SqlpoolOperationTests.cs(25,13): error CS0103: The name 'Assert' does not exist in the current context
C:\gh\azure-sdk-for-net\sdk\synapse\Microsoft.Azure.Management.Synapse\tests\ScenarioTests\SqlpoolOperationTests.cs(27,18): error CS0518: Predefined type 'System.Int32' is not defined or imported
C:\gh\azure-sdk-for-net\sdk\synapse\Microsoft.Azure.Management.Synapse\tests\ScenarioTests\SqlpoolOperationTests.cs(27,26): error CS0518: Predefined type 'System.Int32' is not defined or imported
C:\gh\azure-sdk-for-net\sdk\synapse\Microsoft.Azure.Management.Synapse\tests\ScenarioTests\SqlpoolOperationTests.cs(27,33): error CS0518: Predefined type 'System.Int32' is not defined or imported
C:\gh\azure-sdk-for-net\sdk\synapse\Microsoft.Azure.Management.Synapse\tests\ScenarioTests\SqlpoolOperationTests.cs(27,29): error CS0518: Predefined type 'System.Boolean' is not defined or imported
C:\gh\azure-sdk-for-net\sdk\synapse\Microsoft.Azure.Management.Synapse\tests\ScenarioTests\SqlpoolOperationTests.cs(27,29): error CS0518: Predefined type 'System.Boolean' is not defined or imported
C:\gh\azure-sdk-for-net\sdk\synapse\Microsoft.Azure.Management.Synapse\tests\ScenarioTests\SqlpoolOperationTests.cs(29,36): error CS0518: Predefined type 'System.String' is not defined or imported
C:\gh\azure-sdk-for-net\sdk\synapse\Microsoft.Azure.Management.Synapse\tests\ScenarioTests\SqlpoolOperationTests.cs(30,59): error CS0518: Predefined type 'System.String' is not defined or imported
C:\gh\azure-sdk-for-net\sdk\synapse\Microsoft.Azure.Management.Synapse\tests\ScenarioTests\SqlpoolOperationTests.cs(30,21): error CS0518: Predefined type 'System.Boolean' is not defined or imported
C:\gh\azure-sdk-for-net\sdk\synapse\Microsoft.Azure.Management.Synapse\tests\ScenarioTests\SqlpoolOperationTests.cs(32,21): error CS0518: Predefined type 'System.Object' is not defined or imported
C:\gh\azure-sdk-for-net\sdk\synapse\Microsoft.Azure.Management.Synapse\tests\ScenarioTests\SqlpoolOperationTests.cs(32,21): error CS0103: The name 'Assert' does not exist in the current context
C:\gh\azure-sdk-for-net\sdk\synapse\Microsoft.Azure.Management.Synapse\tests\ScenarioTests\SqlpoolOperationTests.cs(32,34): error CS0518: Predefined type 'System.Object' is not defined or imported
C:\gh\azure-sdk-for-net\sdk\synapse\Microsoft.Azure.Management.Synapse\tests\ScenarioTests\SqlpoolOperationTests.cs(33,21): error CS0518: Predefined type 'System.Object' is not defined or imported
C:\gh\azure-sdk-for-net\sdk\synapse\Microsoft.Azure.Management.Synapse\tests\ScenarioTests\SqlpoolOperationTests.cs(33,21): error CS0103: The name 'Assert' does not exist in the current context
C:\gh\azure-sdk-for-net\sdk\synapse\Microsoft.Azure.Management.Synapse\tests\ScenarioTests\SqlpoolOperationTests.cs(34,21): error CS0518: Predefined type 'System.Object' is not defined or imported
C:\gh\azure-sdk-for-net\sdk\synapse\Microsoft.Azure.Management.Synapse\tests\ScenarioTests\SqlpoolOperationTests.cs(34,21): error CS0103: The name 'Assert' does not exist in the current context
C:\gh\azure-sdk-for-net\sdk\synapse\Microsoft.Azure.Management.Synapse\tests\ScenarioTests\SqlpoolOperationTests.cs(38,17): error CS0518: Predefined type 'System.Object' is not defined or imported
C:\gh\azure-sdk-for-net\sdk\synapse\Microsoft.Azure.Management.Synapse\tests\ScenarioTests\SqlpoolOperationTests.cs(38,17): error CS0103: The name 'Thread' does not exist in the current context
C:\gh\azure-sdk-for-net\sdk\synapse\Microsoft.Azure.Management.Synapse\tests\ScenarioTests\SqlpoolOperationTests.cs(38,30): error CS0518: Predefined type 'System.Int32' is not defined or imported
C:\gh\azure-sdk-for-net\sdk\synapse\Microsoft.Azure.Management.Synapse\tests\ScenarioTests\SqlpoolOperationTests.cs(39,17): error CS0518: Predefined type 'System.Object' is not defined or imported
C:\gh\azure-sdk-for-net\sdk\synapse\Microsoft.Azure.Management.Synapse\tests\ScenarioTests\SqlpoolOperationTests.cs(39,17): error CS0103: The name 'Assert' does not exist in the current context
C:\gh\azure-sdk-for-net\sdk\synapse\Microsoft.Azure.Management.Synapse\tests\ScenarioTests\SqlpoolOperationTests.cs(39,33): error CS0518: Predefined type 'System.Int32' is not defined or imported
C:\gh\azure-sdk-for-net\sdk\synapse\Microsoft.Azure.Management.Synapse\tests\ScenarioTests\SqlpoolOperationTests.cs(39,29): error CS0518: Predefined type 'System.Boolean' is not defined or imported
C:\gh\azure-sdk-for-net\sdk\synapse\Microsoft.Azure.Management.Synapse\tests\ScenarioTests\SqlpoolOperationTests.cs(39,37): error CS0518: Predefined type 'System.String' is not defined or imported
C:\gh\azure-sdk-for-net\sdk\synapse\Microsoft.Azure.Management.Synapse\tests\ScenarioTests\SqlpoolOperationTests.cs(43,13): error CS0518: Predefined type 'System.String' is not defined or imported
C:\gh\azure-sdk-for-net\sdk\synapse\Microsoft.Azure.Management.Synapse\tests\ScenarioTests\SqlpoolOperationTests.cs(43,34): error CS0518: Predefined type 'System.Object' is not defined or imported
C:\gh\azure-sdk-for-net\sdk\synapse\Microsoft.Azure.Management.Synapse\tests\ScenarioTests\SqlpoolOperationTests.cs(43,34): error CS0103: The name 'TestUtilities' does not exist in the current context
C:\gh\azure-sdk-for-net\sdk\synapse\Microsoft.Azure.Management.Synapse\tests\ScenarioTests\SqlpoolOperationTests.cs(43,61): error CS0518: Predefined type 'System.String' is not defined or imported
C:\gh\azure-sdk-for-net\sdk\synapse\Microsoft.Azure.Management.Synapse\tests\ScenarioTests\SqlpoolOperationTests.cs(44,50): error CS0518: Predefined type 'System.Object' is not defined or imported
C:\gh\azure-sdk-for-net\sdk\synapse\Microsoft.Azure.Management.Synapse\tests\ScenarioTests\SqlpoolOperationTests.cs(45,33): error CS0518: Predefined type 'System.String' is not defined or imported
C:\gh\azure-sdk-for-net\sdk\synapse\Microsoft.Azure.Management.Synapse\tests\ScenarioTests\SqlpoolOperationTests.cs(46,13): error CS0518: Predefined type 'System.Object' is not defined or imported
C:\gh\azure-sdk-for-net\sdk\synapse\Microsoft.Azure.Management.Synapse\tests\ScenarioTests\SqlpoolOperationTests.cs(46,13): error CS0103: The name 'Assert' does not exist in the current context
C:\gh\azure-sdk-for-net\sdk\synapse\Microsoft.Azure.Management.Synapse\tests\ScenarioTests\SqlpoolOperationTests.cs(46,26): error CS0518: Predefined type 'System.Object' is not defined or imported
C:\gh\azure-sdk-for-net\sdk\synapse\Microsoft.Azure.Management.Synapse\tests\ScenarioTests\SqlpoolOperationTests.cs(47,13): error CS0518: Predefined type 'System.Object' is not defined or imported
C:\gh\azure-sdk-for-net\sdk\synapse\Microsoft.Azure.Management.Synapse\tests\ScenarioTests\SqlpoolOperationTests.cs(47,13): error CS0103: The name 'Assert' does not exist in the current context
C:\gh\azure-sdk-for-net\sdk\synapse\Microsoft.Azure.Management.Synapse\tests\ScenarioTests\SqlpoolOperationTests.cs(48,13): error CS0518: Predefined type 'System.Object' is not defined or imported
C:\gh\azure-sdk-for-net\sdk\synapse\Microsoft.Azure.Management.Synapse\tests\ScenarioTests\SqlpoolOperationTests.cs(48,13): error CS0103: The name 'Assert' does not exist in the current context
C:\gh\azure-sdk-for-net\sdk\synapse\Microsoft.Azure.Management.Synapse\tests\ScenarioTests\SqlpoolOperationTests.cs(51,18): error CS0518: Predefined type 'System.Int32' is not defined or imported
C:\gh\azure-sdk-for-net\sdk\synapse\Microsoft.Azure.Management.Synapse\tests\ScenarioTests\SqlpoolOperationTests.cs(51,26): error CS0518: Predefined type 'System.Int32' is not defined or imported
C:\gh\azure-sdk-for-net\sdk\synapse\Microsoft.Azure.Management.Synapse\tests\ScenarioTests\SqlpoolOperationTests.cs(51,33): error CS0518: Predefined type 'System.Int32' is not defined or imported
C:\gh\azure-sdk-for-net\sdk\synapse\Microsoft.Azure.Management.Synapse\tests\ScenarioTests\SqlpoolOperationTests.cs(51,29): error CS0518: Predefined type 'System.Boolean' is not defined or imported
C:\gh\azure-sdk-for-net\sdk\synapse\Microsoft.Azure.Management.Synapse\tests\ScenarioTests\SqlpoolOperationTests.cs(51,29): error CS0518: Predefined type 'System.Boolean' is not defined or imported
C:\gh\azure-sdk-for-net\sdk\synapse\Microsoft.Azure.Management.Synapse\tests\ScenarioTests\SqlpoolOperationTests.cs(53,34): error CS0518: Predefined type 'System.String' is not defined or imported
C:\gh\azure-sdk-for-net\sdk\synapse\Microsoft.Azure.Management.Synapse\tests\ScenarioTests\SqlpoolOperationTests.cs(54,57): error CS0518: Predefined type 'System.String' is not defined or imported
C:\gh\azure-sdk-for-net\sdk\synapse\Microsoft.Azure.Management.Synapse\tests\ScenarioTests\SqlpoolOperationTests.cs(54,21): error CS0518: Predefined type 'System.Boolean' is not defined or imported
C:\gh\azure-sdk-for-net\sdk\synapse\Microsoft.Azure.Management.Synapse\tests\ScenarioTests\SqlpoolOperationTests.cs(56,21): error CS0518: Predefined type 'System.Object' is not defined or imported
C:\gh\azure-sdk-for-net\sdk\synapse\Microsoft.Azure.Management.Synapse\tests\ScenarioTests\SqlpoolOperationTests.cs(56,21): error CS0103: The name 'Assert' does not exist in the current context
C:\gh\azure-sdk-for-net\sdk\synapse\Microsoft.Azure.Management.Synapse\tests\ScenarioTests\SqlpoolOperationTests.cs(56,34): error CS0518: Predefined type 'System.Object' is not defined or imported
C:\gh\azure-sdk-for-net\sdk\synapse\Microsoft.Azure.Management.Synapse\tests\ScenarioTests\SqlpoolOperationTests.cs(57,21): error CS0518: Predefined type 'System.Object' is not defined or imported
C:\gh\azure-sdk-for-net\sdk\synapse\Microsoft.Azure.Management.Synapse\tests\ScenarioTests\SqlpoolOperationTests.cs(57,21): error CS0103: The name 'Assert' does not exist in the current context
C:\gh\azure-sdk-for-net\sdk\synapse\Microsoft.Azure.Management.Synapse\tests\ScenarioTests\SqlpoolOperationTests.cs(58,21): error CS0518: Predefined type 'System.Object' is not defined or imported
C:\gh\azure-sdk-for-net\sdk\synapse\Microsoft.Azure.Management.Synapse\tests\ScenarioTests\SqlpoolOperationTests.cs(58,21): error CS0103: The name 'Assert' does not exist in the current context
C:\gh\azure-sdk-for-net\sdk\synapse\Microsoft.Azure.Management.Synapse\tests\ScenarioTests\SqlpoolOperationTests.cs(62,17): error CS0518: Predefined type 'System.Object' is not defined or imported
C:\gh\azure-sdk-for-net\sdk\synapse\Microsoft.Azure.Management.Synapse\tests\ScenarioTests\SqlpoolOperationTests.cs(62,17): error CS0103: The name 'Thread' does not exist in the current context
C:\gh\azure-sdk-for-net\sdk\synapse\Microsoft.Azure.Management.Synapse\tests\ScenarioTests\SqlpoolOperationTests.cs(62,30): error CS0518: Predefined type 'System.Int32' is not defined or imported
C:\gh\azure-sdk-for-net\sdk\synapse\Microsoft.Azure.Management.Synapse\tests\ScenarioTests\SqlpoolOperationTests.cs(63,17): error CS0518: Predefined type 'System.Object' is not defined or imported
C:\gh\azure-sdk-for-net\sdk\synapse\Microsoft.Azure.Management.Synapse\tests\ScenarioTests\SqlpoolOperationTests.cs(63,17): error CS0103: The name 'Assert' does not exist in the current context
C:\gh\azure-sdk-for-net\sdk\synapse\Microsoft.Azure.Management.Synapse\tests\ScenarioTests\SqlpoolOperationTests.cs(63,33): error CS0518: Predefined type 'System.Int32' is not defined or imported
C:\gh\azure-sdk-for-net\sdk\synapse\Microsoft.Azure.Management.Synapse\tests\ScenarioTests\SqlpoolOperationTests.cs(63,29): error CS0518: Predefined type 'System.Boolean' is not defined or imported
C:\gh\azure-sdk-for-net\sdk\synapse\Microsoft.Azure.Management.Synapse\tests\ScenarioTests\SqlpoolOperationTests.cs(63,37): error CS0518: Predefined type 'System.String' is not defined or imported
C:\gh\azure-sdk-for-net\sdk\synapse\Microsoft.Azure.Management.Synapse\tests\ScenarioTests\SqlpoolOperationTests.cs(67,13): error CS0518: Predefined type 'System.Object' is not defined or imported
C:\gh\azure-sdk-for-net\sdk\synapse\Microsoft.Azure.Management.Synapse\tests\ScenarioTests\SqlpoolOperationTests.cs(67,13): error CS0246: The type or namespace name 'Dictionary<,>' could not be found (are you missing a using directive or an assembly reference?)
C:\gh\azure-sdk-for-net\sdk\synapse\Microsoft.Azure.Management.Synapse\tests\ScenarioTests\SqlpoolOperationTests.cs(67,24): error CS0518: Predefined type 'System.String' is not defined or imported
C:\gh\azure-sdk-for-net\sdk\synapse\Microsoft.Azure.Management.Synapse\tests\ScenarioTests\SqlpoolOperationTests.cs(67,32): error CS0518: Predefined type 'System.String' is not defined or imported
C:\gh\azure-sdk-for-net\sdk\synapse\Microsoft.Azure.Management.Synapse\tests\ScenarioTests\SqlpoolOperationTests.cs(67,59): error CS0518: Predefined type 'System.Object' is not defined or imported
C:\gh\azure-sdk-for-net\sdk\synapse\Microsoft.Azure.Management.Synapse\tests\ScenarioTests\SqlpoolOperationTests.cs(67,59): error CS0246: The type or namespace name 'Dictionary<,>' could not be found (are you missing a using directive or an assembly reference?)
C:\gh\azure-sdk-for-net\sdk\synapse\Microsoft.Azure.Management.Synapse\tests\ScenarioTests\SqlpoolOperationTests.cs(67,70): error CS0518: Predefined type 'System.String' is not defined or imported
C:\gh\azure-sdk-for-net\sdk\synapse\Microsoft.Azure.Management.Synapse\tests\ScenarioTests\SqlpoolOperationTests.cs(67,78): error CS0518: Predefined type 'System.String' is not defined or imported
C:\gh\azure-sdk-for-net\sdk\synapse\Microsoft.Azure.Management.Synapse\tests\ScenarioTests\SqlpoolOperationTests.cs(67,90): error CS0518: Predefined type 'System.String' is not defined or imported
C:\gh\azure-sdk-for-net\sdk\synapse\Microsoft.Azure.Management.Synapse\tests\ScenarioTests\SqlpoolOperationTests.cs(67,101): error CS0518: Predefined type 'System.String' is not defined or imported
C:\gh\azure-sdk-for-net\sdk\synapse\Microsoft.Azure.Management.Synapse\tests\ScenarioTests\SqlpoolOperationTests.cs(68,13): error CS0518: Predefined type 'System.Object' is not defined or imported
C:\gh\azure-sdk-for-net\sdk\synapse\Microsoft.Azure.Management.Synapse\tests\ScenarioTests\SqlpoolOperationTests.cs(68,53): error CS0518: Predefined type 'System.Object' is not defined or imported
C:\gh\azure-sdk-for-net\sdk\synapse\Microsoft.Azure.Management.Synapse\tests\ScenarioTests\SqlpoolOperationTests.cs(68,53): error CS0518: Predefined type 'System.Void' is not defined or imported
C:\gh\azure-sdk-for-net\sdk\synapse\Microsoft.Azure.Management.Synapse\tests\ScenarioTests\SqlpoolOperationTests.cs(70,17): error CS0246: The type or namespace name 'IDictionary<,>' could not be found (are you missing a using directive or an assembly reference?)
C:\gh\azure-sdk-for-net\sdk\synapse\Microsoft.Azure.Management.Synapse\tests\ScenarioTests\SqlpoolOperationTests.cs(71,17): error CS0518: Predefined type 'System.Void' is not defined or imported
C:\gh\azure-sdk-for-net\sdk\synapse\Microsoft.Azure.Management.Synapse\tests\ScenarioTests\SqlpoolOperationTests.cs(74,13): error CS0518: Predefined type 'System.String' is not defined or imported
C:\gh\azure-sdk-for-net\sdk\synapse\Microsoft.Azure.Management.Synapse\tests\ScenarioTests\SqlpoolOperationTests.cs(75,13): error CS0518: Predefined type 'System.Object' is not defined or imported
C:\gh\azure-sdk-for-net\sdk\synapse\Microsoft.Azure.Management.Synapse\tests\ScenarioTests\SqlpoolOperationTests.cs(75,13): error CS0103: The name 'Thread' does not exist in the current context
C:\gh\azure-sdk-for-net\sdk\synapse\Microsoft.Azure.Management.Synapse\tests\ScenarioTests\SqlpoolOperationTests.cs(75,26): error CS0518: Predefined type 'System.Int32' is not defined or imported
C:\gh\azure-sdk-for-net\sdk\synapse\Microsoft.Azure.Management.Synapse\tests\ScenarioTests\SqlpoolOperationTests.cs(76,33): error CS0518: Predefined type 'System.String' is not defined or imported
C:\gh\azure-sdk-for-net\sdk\synapse\Microsoft.Azure.Management.Synapse\tests\ScenarioTests\SqlpoolOperationTests.cs(77,13): error CS0518: Predefined type 'System.Object' is not defined or imported
C:\gh\azure-sdk-for-net\sdk\synapse\Microsoft.Azure.Management.Synapse\tests\ScenarioTests\SqlpoolOperationTests.cs(77,13): error CS0103: The name 'Assert' does not exist in the current context
C:\gh\azure-sdk-for-net\sdk\synapse\Microsoft.Azure.Management.Synapse\tests\ScenarioTests\SqlpoolOperationTests.cs(78,13): error CS0518: Predefined type 'System.Object' is not defined or imported
C:\gh\azure-sdk-for-net\sdk\synapse\Microsoft.Azure.Management.Synapse\tests\ScenarioTests\SqlpoolOperationTests.cs(78,13): error CS0103: The name 'Assert' does not exist in the current context
C:\gh\azure-sdk-for-net\sdk\synapse\Microsoft.Azure.Management.Synapse\tests\ScenarioTests\SqlpoolOperationTests.cs(78,26): error CS0518: Predefined type 'System.String' is not defined or imported
C:\gh\azure-sdk-for-net\sdk\synapse\Microsoft.Azure.Management.Synapse\tests\ScenarioTests\SqlpoolOperationTests.cs(78,59): error CS0518: Predefined type 'System.String' is not defined or imported
C:\gh\azure-sdk-for-net\sdk\synapse\Microsoft.Azure.Management.Synapse\tests\ScenarioTests\SqlpoolOperationTests.cs(81,29): error CS0246: The type or namespace name 'IPage<>' could not be found (are you missing a using directive or an assembly reference?)
C:\gh\azure-sdk-for-net\sdk\synapse\Microsoft.Azure.Management.Synapse\tests\ScenarioTests\SqlpoolOperationTests.cs(81,29): error CS0246: The type or namespace name 'IEnumerable<>' could not be found (are you missing a using directive or an assembly reference?)
C:\gh\azure-sdk-for-net\sdk\synapse\Microsoft.Azure.Management.Synapse\tests\ScenarioTests\SqlpoolOperationTests.cs(82,40): error CS0518: Predefined type 'System.Object' is not defined or imported
C:\gh\azure-sdk-for-net\sdk\synapse\Microsoft.Azure.Management.Synapse\tests\ScenarioTests\SqlpoolOperationTests.cs(82,71): error CS0518: Predefined type 'System.Object' is not defined or imported
C:\gh\azure-sdk-for-net\sdk\synapse\Microsoft.Azure.Management.Synapse\tests\ScenarioTests\SqlpoolOperationTests.cs(83,13): error CS0518: Predefined type 'System.Object' is not defined or imported
C:\gh\azure-sdk-for-net\sdk\synapse\Microsoft.Azure.Management.Synapse\tests\ScenarioTests\SqlpoolOperationTests.cs(83,13): error CS0103: The name 'Assert' does not exist in the current context
C:\gh\azure-sdk-for-net\sdk\synapse\Microsoft.Azure.Management.Synapse\tests\ScenarioTests\SqlpoolOperationTests.cs(83,25): error CS0518: Predefined type 'System.Int32' is not defined or imported
C:\gh\azure-sdk-for-net\sdk\synapse\Microsoft.Azure.Management.Synapse\tests\ScenarioTests\SqlpoolOperationTests.cs(83,25): error CS0518: Predefined type 'System.Boolean' is not defined or imported
C:\gh\azure-sdk-for-net\sdk\synapse\Microsoft.Azure.Management.Synapse\tests\ScenarioTests\SqlpoolOperationTests.cs(84,13): error CS0518: Predefined type 'System.Boolean' is not defined or imported
C:\gh\azure-sdk-for-net\sdk\synapse\Microsoft.Azure.Management.Synapse\tests\ScenarioTests\SqlpoolOperationTests.cs(84,28): error CS0518: Predefined type 'System.Boolean' is not defined or imported
C:\gh\azure-sdk-for-net\sdk\synapse\Microsoft.Azure.Management.Synapse\tests\ScenarioTests\SqlpoolOperationTests.cs(85,13): error CS0518: Predefined type 'System.Int32' is not defined or imported
C:\gh\azure-sdk-for-net\sdk\synapse\Microsoft.Azure.Management.Synapse\tests\ScenarioTests\SqlpoolOperationTests.cs(86,18): error CS0518: Predefined type 'System.Int32' is not defined or imported
C:\gh\azure-sdk-for-net\sdk\synapse\Microsoft.Azure.Management.Synapse\tests\ScenarioTests\SqlpoolOperationTests.cs(86,26): error CS0518: Predefined type 'System.Int32' is not defined or imported
C:\gh\azure-sdk-for-net\sdk\synapse\Microsoft.Azure.Management.Synapse\tests\ScenarioTests\SqlpoolOperationTests.cs(86,29): error CS0518: Predefined type 'System.Boolean' is not defined or imported
C:\gh\azure-sdk-for-net\sdk\synapse\Microsoft.Azure.Management.Synapse\tests\ScenarioTests\SqlpoolOperationTests.cs(86,29): error CS0518: Predefined type 'System.Boolean' is not defined or imported
C:\gh\azure-sdk-for-net\sdk\synapse\Microsoft.Azure.Management.Synapse\tests\ScenarioTests\SqlpoolOperationTests.cs(88,21): error CS0518: Predefined type 'System.Boolean' is not defined or imported
C:\gh\azure-sdk-for-net\sdk\synapse\Microsoft.Azure.Management.Synapse\tests\ScenarioTests\SqlpoolOperationTests.cs(90,31): error CS0518: Predefined type 'System.Boolean' is not defined or imported
C:\gh\azure-sdk-for-net\sdk\synapse\Microsoft.Azure.Management.Synapse\tests\ScenarioTests\SqlpoolOperationTests.cs(91,21): error CS0518: Predefined type 'System.Object' is not defined or imported
C:\gh\azure-sdk-for-net\sdk\synapse\Microsoft.Azure.Management.Synapse\tests\ScenarioTests\SqlpoolOperationTests.cs(91,21): error CS0103: The name 'Assert' does not exist in the current context
C:\gh\azure-sdk-for-net\sdk\synapse\Microsoft.Azure.Management.Synapse\tests\ScenarioTests\SqlpoolOperationTests.cs(91,34): error CS0518: Predefined type 'System.String' is not defined or imported
C:\gh\azure-sdk-for-net\sdk\synapse\Microsoft.Azure.Management.Synapse\tests\ScenarioTests\SqlpoolOperationTests.cs(92,21): error CS0518: Predefined type 'System.Object' is not defined or imported
C:\gh\azure-sdk-for-net\sdk\synapse\Microsoft.Azure.Management.Synapse\tests\ScenarioTests\SqlpoolOperationTests.cs(92,21): error CS0103: The name 'Assert' does not exist in the current context
C:\gh\azure-sdk-for-net\sdk\synapse\Microsoft.Azure.Management.Synapse\tests\ScenarioTests\SqlpoolOperationTests.cs(97,13): error CS0518: Predefined type 'System.Object' is not defined or imported
C:\gh\azure-sdk-for-net\sdk\synapse\Microsoft.Azure.Management.Synapse\tests\ScenarioTests\SqlpoolOperationTests.cs(97,13): error CS0103: The name 'Assert' does not exist in the current context
C:\gh\azure-sdk-for-net\sdk\synapse\Microsoft.Azure.Management.Synapse\tests\ScenarioTests\SqlpoolOperationTests.cs(97,34): error CS0518: Predefined type 'System.String' is not defined or imported
C:\gh\azure-sdk-for-net\sdk\synapse\Microsoft.Azure.Management.Synapse\tests\ScenarioTests\SqlpoolOperationTests.cs(97,48): error CS0518: Predefined type 'System.String' is not defined or imported
C:\gh\azure-sdk-for-net\sdk\synapse\Microsoft.Azure.Management.Synapse\tests\ScenarioTests\SqlpoolOperationTests.cs(100,13): error CS0518: Predefined type 'System.Object' is not defined or imported
C:\gh\azure-sdk-for-net\sdk\synapse\Microsoft.Azure.Management.Synapse\tests\ScenarioTests\SqlpoolOperationTests.cs(100,13): error CS0518: Predefined type 'System.Void' is not defined or imported
C:\gh\azure-sdk-for-net\sdk\synapse\Microsoft.Azure.Management.Synapse\tests\ScenarioTests\SqlpoolOperationTests.cs(100,13): error CS0518: Predefined type 'System.String' is not defined or imported
C:\gh\azure-sdk-for-net\sdk\synapse\Microsoft.Azure.Management.Synapse\tests\ScenarioTests\SqlpoolOperationTests.cs(101,25): error CS0246: The type or namespace name 'IPage<>' could not be found (are you missing a using directive or an assembly reference?)
C:\gh\azure-sdk-for-net\sdk\synapse\Microsoft.Azure.Management.Synapse\tests\ScenarioTests\SqlpoolOperationTests.cs(101,25): error CS0246: The type or namespace name 'IEnumerable<>' could not be found (are you missing a using directive or an assembly reference?)
C:\gh\azure-sdk-for-net\sdk\synapse\Microsoft.Azure.Management.Synapse\tests\ScenarioTests\SqlpoolOperationTests.cs(102,38): error CS0518: Predefined type 'System.Object' is not defined or imported
C:\gh\azure-sdk-for-net\sdk\synapse\Microsoft.Azure.Management.Synapse\tests\ScenarioTests\SqlpoolOperationTests.cs(102,69): error CS0518: Predefined type 'System.Object' is not defined or imported
C:\gh\azure-sdk-for-net\sdk\synapse\Microsoft.Azure.Management.Synapse\tests\ScenarioTests\SqlpoolOperationTests.cs(103,13): error CS0518: Predefined type 'System.Object' is not defined or imported
C:\gh\azure-sdk-for-net\sdk\synapse\Microsoft.Azure.Management.Synapse\tests\ScenarioTests\SqlpoolOperationTests.cs(103,13): error CS0103: The name 'Assert' does not exist in the current context
C:\gh\azure-sdk-for-net\sdk\synapse\Microsoft.Azure.Management.Synapse\tests\ScenarioTests\SqlpoolOperationTests.cs(103,40): error CS0518: Predefined type 'System.Int32' is not defined or imported
C:\gh\azure-sdk-for-net\sdk\synapse\Microsoft.Azure.Management.Synapse\tests\ScenarioTests\SqlpoolOperationTests.cs(103,25): error CS0518: Predefined type 'System.Boolean' is not defined or imported
C:\gh\azure-sdk-for-net\sdk\synapse\Microsoft.Azure.Management.Synapse\tests\ScenarioTests\SqlpoolOperationTests.cs(12,18): error CS0518: Predefined type 'System.Void' is not defined or imported
C:\gh\azure-sdk-for-net\sdk\synapse\Microsoft.Azure.Management.Synapse\tests\ScenarioTests\FirewallRuleOperationTests.cs(16,13): error CS0518: Predefined type 'System.Object' is not defined or imported
C:\gh\azure-sdk-for-net\sdk\synapse\Microsoft.Azure.Management.Synapse\tests\ScenarioTests\FirewallRuleOperationTests.cs(19,13): error CS0518: Predefined type 'System.String' is not defined or imported
C:\gh\azure-sdk-for-net\sdk\synapse\Microsoft.Azure.Management.Synapse\tests\ScenarioTests\FirewallRuleOperationTests.cs(19,36): error CS0518: Predefined type 'System.Object' is not defined or imported
C:\gh\azure-sdk-for-net\sdk\synapse\Microsoft.Azure.Management.Synapse\tests\ScenarioTests\FirewallRuleOperationTests.cs(19,36): error CS0103: The name 'TestUtilities' does not exist in the current context
C:\gh\azure-sdk-for-net\sdk\synapse\Microsoft.Azure.Management.Synapse\tests\ScenarioTests\FirewallRuleOperationTests.cs(19,63): error CS0518: Predefined type 'System.String' is not defined or imported
C:\gh\azure-sdk-for-net\sdk\synapse\Microsoft.Azure.Management.Synapse\tests\ScenarioTests\FirewallRuleOperationTests.cs(20,52): error CS0518: Predefined type 'System.Object' is not defined or imported
C:\gh\azure-sdk-for-net\sdk\synapse\Microsoft.Azure.Management.Synapse\tests\ScenarioTests\FirewallRuleOperationTests.cs(21,35): error CS0518: Predefined type 'System.String' is not defined or imported
C:\gh\azure-sdk-for-net\sdk\synapse\Microsoft.Azure.Management.Synapse\tests\ScenarioTests\FirewallRuleOperationTests.cs(22,13): error CS0518: Predefined type 'System.Object' is not defined or imported
C:\gh\azure-sdk-for-net\sdk\synapse\Microsoft.Azure.Management.Synapse\tests\ScenarioTests\FirewallRuleOperationTests.cs(22,13): error CS0103: The name 'Assert' does not exist in the current context
C:\gh\azure-sdk-for-net\sdk\synapse\Microsoft.Azure.Management.Synapse\tests\ScenarioTests\FirewallRuleOperationTests.cs(22,26): error CS0518: Predefined type 'System.Object' is not defined or imported
C:\gh\azure-sdk-for-net\sdk\synapse\Microsoft.Azure.Management.Synapse\tests\ScenarioTests\FirewallRuleOperationTests.cs(23,13): error CS0518: Predefined type 'System.Object' is not defined or imported
C:\gh\azure-sdk-for-net\sdk\synapse\Microsoft.Azure.Management.Synapse\tests\ScenarioTests\FirewallRuleOperationTests.cs(23,13): error CS0103: The name 'Assert' does not exist in the current context
C:\gh\azure-sdk-for-net\sdk\synapse\Microsoft.Azure.Management.Synapse\tests\ScenarioTests\FirewallRuleOperationTests.cs(24,13): error CS0518: Predefined type 'System.Object' is not defined or imported
C:\gh\azure-sdk-for-net\sdk\synapse\Microsoft.Azure.Management.Synapse\tests\ScenarioTests\FirewallRuleOperationTests.cs(24,13): error CS0103: The name 'Assert' does not exist in the current context
C:\gh\azure-sdk-for-net\sdk\synapse\Microsoft.Azure.Management.Synapse\tests\ScenarioTests\FirewallRuleOperationTests.cs(27,18): error CS0518: Predefined type 'System.Int32' is not defined or imported
C:\gh\azure-sdk-for-net\sdk\synapse\Microsoft.Azure.Management.Synapse\tests\ScenarioTests\FirewallRuleOperationTests.cs(27,26): error CS0518: Predefined type 'System.Int32' is not defined or imported
C:\gh\azure-sdk-for-net\sdk\synapse\Microsoft.Azure.Management.Synapse\tests\ScenarioTests\FirewallRuleOperationTests.cs(27,33): error CS0518: Predefined type 'System.Int32' is not defined or imported
C:\gh\azure-sdk-for-net\sdk\synapse\Microsoft.Azure.Management.Synapse\tests\ScenarioTests\FirewallRuleOperationTests.cs(27,29): error CS0518: Predefined type 'System.Boolean' is not defined or imported
C:\gh\azure-sdk-for-net\sdk\synapse\Microsoft.Azure.Management.Synapse\tests\ScenarioTests\FirewallRuleOperationTests.cs(27,29): error CS0518: Predefined type 'System.Boolean' is not defined or imported
C:\gh\azure-sdk-for-net\sdk\synapse\Microsoft.Azure.Management.Synapse\tests\ScenarioTests\FirewallRuleOperationTests.cs(29,36): error CS0518: Predefined type 'System.String' is not defined or imported
C:\gh\azure-sdk-for-net\sdk\synapse\Microsoft.Azure.Management.Synapse\tests\ScenarioTests\FirewallRuleOperationTests.cs(30,59): error CS0518: Predefined type 'System.String' is not defined or imported
C:\gh\azure-sdk-for-net\sdk\synapse\Microsoft.Azure.Management.Synapse\tests\ScenarioTests\FirewallRuleOperationTests.cs(30,21): error CS0518: Predefined type 'System.Boolean' is not defined or imported
C:\gh\azure-sdk-for-net\sdk\synapse\Microsoft.Azure.Management.Synapse\tests\ScenarioTests\FirewallRuleOperationTests.cs(32,21): error CS0518: Predefined type 'System.Object' is not defined or imported
C:\gh\azure-sdk-for-net\sdk\synapse\Microsoft.Azure.Management.Synapse\tests\ScenarioTests\FirewallRuleOperationTests.cs(32,21): error CS0103: The name 'Assert' does not exist in the current context
C:\gh\azure-sdk-for-net\sdk\synapse\Microsoft.Azure.Management.Synapse\tests\ScenarioTests\FirewallRuleOperationTests.cs(32,34): error CS0518: Predefined type 'System.Object' is not defined or imported
C:\gh\azure-sdk-for-net\sdk\synapse\Microsoft.Azure.Management.Synapse\tests\ScenarioTests\FirewallRuleOperationTests.cs(33,21): error CS0518: Predefined type 'System.Object' is not defined or imported
C:\gh\azure-sdk-for-net\sdk\synapse\Microsoft.Azure.Management.Synapse\tests\ScenarioTests\FirewallRuleOperationTests.cs(33,21): error CS0103: The name 'Assert' does not exist in the current context
C:\gh\azure-sdk-for-net\sdk\synapse\Microsoft.Azure.Management.Synapse\tests\ScenarioTests\FirewallRuleOperationTests.cs(34,21): error CS0518: Predefined type 'System.Object' is not defined or imported
C:\gh\azure-sdk-for-net\sdk\synapse\Microsoft.Azure.Management.Synapse\tests\ScenarioTests\FirewallRuleOperationTests.cs(34,21): error CS0103: The name 'Assert' does not exist in the current context
C:\gh\azure-sdk-for-net\sdk\synapse\Microsoft.Azure.Management.Synapse\tests\ScenarioTests\FirewallRuleOperationTests.cs(38,17): error CS0518: Predefined type 'System.Object' is not defined or imported
C:\gh\azure-sdk-for-net\sdk\synapse\Microsoft.Azure.Management.Synapse\tests\ScenarioTests\FirewallRuleOperationTests.cs(38,17): error CS0103: The name 'Thread' does not exist in the current context
C:\gh\azure-sdk-for-net\sdk\synapse\Microsoft.Azure.Management.Synapse\tests\ScenarioTests\FirewallRuleOperationTests.cs(38,30): error CS0518: Predefined type 'System.Int32' is not defined or imported
C:\gh\azure-sdk-for-net\sdk\synapse\Microsoft.Azure.Management.Synapse\tests\ScenarioTests\FirewallRuleOperationTests.cs(39,17): error CS0518: Predefined type 'System.Object' is not defined or imported
C:\gh\azure-sdk-for-net\sdk\synapse\Microsoft.Azure.Management.Synapse\tests\ScenarioTests\FirewallRuleOperationTests.cs(39,17): error CS0103: The name 'Assert' does not exist in the current context
C:\gh\azure-sdk-for-net\sdk\synapse\Microsoft.Azure.Management.Synapse\tests\ScenarioTests\FirewallRuleOperationTests.cs(39,33): error CS0518: Predefined type 'System.Int32' is not defined or imported
C:\gh\azure-sdk-for-net\sdk\synapse\Microsoft.Azure.Management.Synapse\tests\ScenarioTests\FirewallRuleOperationTests.cs(39,29): error CS0518: Predefined type 'System.Boolean' is not defined or imported
C:\gh\azure-sdk-for-net\sdk\synapse\Microsoft.Azure.Management.Synapse\tests\ScenarioTests\FirewallRuleOperationTests.cs(39,37): error CS0518: Predefined type 'System.String' is not defined or imported
C:\gh\azure-sdk-for-net\sdk\synapse\Microsoft.Azure.Management.Synapse\tests\ScenarioTests\FirewallRuleOperationTests.cs(43,13): error CS0518: Predefined type 'System.String' is not defined or imported
C:\gh\azure-sdk-for-net\sdk\synapse\Microsoft.Azure.Management.Synapse\tests\ScenarioTests\FirewallRuleOperationTests.cs(43,39): error CS0518: Predefined type 'System.Object' is not defined or imported
C:\gh\azure-sdk-for-net\sdk\synapse\Microsoft.Azure.Management.Synapse\tests\ScenarioTests\FirewallRuleOperationTests.cs(43,39): error CS0103: The name 'TestUtilities' does not exist in the current context
C:\gh\azure-sdk-for-net\sdk\synapse\Microsoft.Azure.Management.Synapse\tests\ScenarioTests\FirewallRuleOperationTests.cs(43,66): error CS0518: Predefined type 'System.String' is not defined or imported
C:\gh\azure-sdk-for-net\sdk\synapse\Microsoft.Azure.Management.Synapse\tests\ScenarioTests\FirewallRuleOperationTests.cs(44,55): error CS0518: Predefined type 'System.Object' is not defined or imported
C:\gh\azure-sdk-for-net\sdk\synapse\Microsoft.Azure.Management.Synapse\tests\ScenarioTests\FirewallRuleOperationTests.cs(45,38): error CS0518: Predefined type 'System.String' is not defined or imported
C:\gh\azure-sdk-for-net\sdk\synapse\Microsoft.Azure.Management.Synapse\tests\ScenarioTests\FirewallRuleOperationTests.cs(46,13): error CS0518: Predefined type 'System.Object' is not defined or imported
C:\gh\azure-sdk-for-net\sdk\synapse\Microsoft.Azure.Management.Synapse\tests\ScenarioTests\FirewallRuleOperationTests.cs(46,13): error CS0103: The name 'Assert' does not exist in the current context
C:\gh\azure-sdk-for-net\sdk\synapse\Microsoft.Azure.Management.Synapse\tests\ScenarioTests\FirewallRuleOperationTests.cs(47,13): error CS0518: Predefined type 'System.Object' is not defined or imported
C:\gh\azure-sdk-for-net\sdk\synapse\Microsoft.Azure.Management.Synapse\tests\ScenarioTests\FirewallRuleOperationTests.cs(47,13): error CS0103: The name 'Assert' does not exist in the current context
C:\gh\azure-sdk-for-net\sdk\synapse\Microsoft.Azure.Management.Synapse\tests\ScenarioTests\FirewallRuleOperationTests.cs(50,35): error CS0518: Predefined type 'System.String' is not defined or imported
C:\gh\azure-sdk-for-net\sdk\synapse\Microsoft.Azure.Management.Synapse\tests\ScenarioTests\FirewallRuleOperationTests.cs(51,13): error CS0518: Predefined type 'System.Object' is not defined or imported
C:\gh\azure-sdk-for-net\sdk\synapse\Microsoft.Azure.Management.Synapse\tests\ScenarioTests\FirewallRuleOperationTests.cs(51,13): error CS0103: The name 'Assert' does not exist in the current context
C:\gh\azure-sdk-for-net\sdk\synapse\Microsoft.Azure.Management.Synapse\tests\ScenarioTests\FirewallRuleOperationTests.cs(51,26): error CS0518: Predefined type 'System.String' is not defined or imported
C:\gh\azure-sdk-for-net\sdk\synapse\Microsoft.Azure.Management.Synapse\tests\ScenarioTests\FirewallRuleOperationTests.cs(52,13): error CS0518: Predefined type 'System.Object' is not defined or imported
C:\gh\azure-sdk-for-net\sdk\synapse\Microsoft.Azure.Management.Synapse\tests\ScenarioTests\FirewallRuleOperationTests.cs(52,13): error CS0103: The name 'Assert' does not exist in the current context
C:\gh\azure-sdk-for-net\sdk\synapse\Microsoft.Azure.Management.Synapse\tests\ScenarioTests\FirewallRuleOperationTests.cs(53,13): error CS0518: Predefined type 'System.Object' is not defined or imported
C:\gh\azure-sdk-for-net\sdk\synapse\Microsoft.Azure.Management.Synapse\tests\ScenarioTests\FirewallRuleOperationTests.cs(53,13): error CS0103: The name 'Assert' does not exist in the current context
C:\gh\azure-sdk-for-net\sdk\synapse\Microsoft.Azure.Management.Synapse\tests\ScenarioTests\FirewallRuleOperationTests.cs(56,55): error CS0518: Predefined type 'System.Object' is not defined or imported
C:\gh\azure-sdk-for-net\sdk\synapse\Microsoft.Azure.Management.Synapse\tests\ScenarioTests\FirewallRuleOperationTests.cs(57,38): error CS0518: Predefined type 'System.String' is not defined or imported
C:\gh\azure-sdk-for-net\sdk\synapse\Microsoft.Azure.Management.Synapse\tests\ScenarioTests\FirewallRuleOperationTests.cs(58,13): error CS0518: Predefined type 'System.Object' is not defined or imported
C:\gh\azure-sdk-for-net\sdk\synapse\Microsoft.Azure.Management.Synapse\tests\ScenarioTests\FirewallRuleOperationTests.cs(58,13): error CS0103: The name 'Assert' does not exist in the current context
C:\gh\azure-sdk-for-net\sdk\synapse\Microsoft.Azure.Management.Synapse\tests\ScenarioTests\FirewallRuleOperationTests.cs(59,13): error CS0518: Predefined type 'System.Object' is not defined or imported
C:\gh\azure-sdk-for-net\sdk\synapse\Microsoft.Azure.Management.Synapse\tests\ScenarioTests\FirewallRuleOperationTests.cs(59,13): error CS0103: The name 'Assert' does not exist in the current context
C:\gh\azure-sdk-for-net\sdk\synapse\Microsoft.Azure.Management.Synapse\tests\ScenarioTests\FirewallRuleOperationTests.cs(62,13): error CS0518: Predefined type 'System.Object' is not defined or imported
C:\gh\azure-sdk-for-net\sdk\synapse\Microsoft.Azure.Management.Synapse\tests\ScenarioTests\FirewallRuleOperationTests.cs(62,13): error CS0518: Predefined type 'System.Void' is not defined or imported
C:\gh\azure-sdk-for-net\sdk\synapse\Microsoft.Azure.Management.Synapse\tests\ScenarioTests\FirewallRuleOperationTests.cs(62,13): error CS0518: Predefined type 'System.String' is not defined or imported
C:\gh\azure-sdk-for-net\sdk\synapse\Microsoft.Azure.Management.Synapse\tests\ScenarioTests\FirewallRuleOperationTests.cs(63,22): error CS0518: Predefined type 'System.Object' is not defined or imported
C:\gh\azure-sdk-for-net\sdk\synapse\Microsoft.Azure.Management.Synapse\tests\ScenarioTests\FirewallRuleOperationTests.cs(63,22): error CS0103: The name 'Assert' does not exist in the current context
C:\gh\azure-sdk-for-net\sdk\synapse\Microsoft.Azure.Management.Synapse\tests\ScenarioTests\FirewallRuleOperationTests.cs(63,36): error CS0518: Predefined type 'System.Object' is not defined or imported
C:\gh\azure-sdk-for-net\sdk\synapse\Microsoft.Azure.Management.Synapse\tests\ScenarioTests\FirewallRuleOperationTests.cs(64,13): error CS0518: Predefined type 'System.Object' is not defined or imported
C:\gh\azure-sdk-for-net\sdk\synapse\Microsoft.Azure.Management.Synapse\tests\ScenarioTests\FirewallRuleOperationTests.cs(64,13): error CS0103: The name 'Assert' does not exist in the current context
C:\gh\azure-sdk-for-net\sdk\synapse\Microsoft.Azure.Management.Synapse\tests\ScenarioTests\FirewallRuleOperationTests.cs(64,26): error CS0518: Predefined type 'System.String' is not defined or imported
C:\gh\azure-sdk-for-net\sdk\synapse\Microsoft.Azure.Management.Synapse\tests\ScenarioTests\FirewallRuleOperationTests.cs(11,18): error CS0518: Predefined type 'System.Void' is not defined or imported
C:\gh\azure-sdk-for-net\sdk\synapse\Microsoft.Azure.Management.Synapse\tests\ScenarioTests\SparkpoolOperationTests.cs(17,13): error CS0518: Predefined type 'System.Object' is not defined or imported
C:\gh\azure-sdk-for-net\sdk\synapse\Microsoft.Azure.Management.Synapse\tests\ScenarioTests\SparkpoolOperationTests.cs(20,13): error CS0518: Predefined type 'System.String' is not defined or imported
C:\gh\azure-sdk-for-net\sdk\synapse\Microsoft.Azure.Management.Synapse\tests\ScenarioTests\SparkpoolOperationTests.cs(20,36): error CS0518: Predefined type 'System.Object' is not defined or imported
C:\gh\azure-sdk-for-net\sdk\synapse\Microsoft.Azure.Management.Synapse\tests\ScenarioTests\SparkpoolOperationTests.cs(20,36): error CS0103: The name 'TestUtilities' does not exist in the current context
C:\gh\azure-sdk-for-net\sdk\synapse\Microsoft.Azure.Management.Synapse\tests\ScenarioTests\SparkpoolOperationTests.cs(20,63): error CS0518: Predefined type 'System.String' is not defined or imported
C:\gh\azure-sdk-for-net\sdk\synapse\Microsoft.Azure.Management.Synapse\tests\ScenarioTests\SparkpoolOperationTests.cs(21,52): error CS0518: Predefined type 'System.Object' is not defined or imported
C:\gh\azure-sdk-for-net\sdk\synapse\Microsoft.Azure.Management.Synapse\tests\ScenarioTests\SparkpoolOperationTests.cs(22,35): error CS0518: Predefined type 'System.String' is not defined or imported
C:\gh\azure-sdk-for-net\sdk\synapse\Microsoft.Azure.Management.Synapse\tests\ScenarioTests\SparkpoolOperationTests.cs(23,13): error CS0518: Predefined type 'System.Object' is not defined or imported
C:\gh\azure-sdk-for-net\sdk\synapse\Microsoft.Azure.Management.Synapse\tests\ScenarioTests\SparkpoolOperationTests.cs(23,13): error CS0103: The name 'Assert' does not exist in the current context
C:\gh\azure-sdk-for-net\sdk\synapse\Microsoft.Azure.Management.Synapse\tests\ScenarioTests\SparkpoolOperationTests.cs(23,26): error CS0518: Predefined type 'System.Object' is not defined or imported
C:\gh\azure-sdk-for-net\sdk\synapse\Microsoft.Azure.Management.Synapse\tests\ScenarioTests\SparkpoolOperationTests.cs(24,13): error CS0518: Predefined type 'System.Object' is not defined or imported
C:\gh\azure-sdk-for-net\sdk\synapse\Microsoft.Azure.Management.Synapse\tests\ScenarioTests\SparkpoolOperationTests.cs(24,13): error CS0103: The name 'Assert' does not exist in the current context
C:\gh\azure-sdk-for-net\sdk\synapse\Microsoft.Azure.Management.Synapse\tests\ScenarioTests\SparkpoolOperationTests.cs(25,13): error CS0518: Predefined type 'System.Object' is not defined or imported
C:\gh\azure-sdk-for-net\sdk\synapse\Microsoft.Azure.Management.Synapse\tests\ScenarioTests\SparkpoolOperationTests.cs(25,13): error CS0103: The name 'Assert' does not exist in the current context
C:\gh\azure-sdk-for-net\sdk\synapse\Microsoft.Azure.Management.Synapse\tests\ScenarioTests\SparkpoolOperationTests.cs(27,18): error CS0518: Predefined type 'System.Int32' is not defined or imported
C:\gh\azure-sdk-for-net\sdk\synapse\Microsoft.Azure.Management.Synapse\tests\ScenarioTests\SparkpoolOperationTests.cs(27,26): error CS0518: Predefined type 'System.Int32' is not defined or imported
C:\gh\azure-sdk-for-net\sdk\synapse\Microsoft.Azure.Management.Synapse\tests\ScenarioTests\SparkpoolOperationTests.cs(27,33): error CS0518: Predefined type 'System.Int32' is not defined or imported
C:\gh\azure-sdk-for-net\sdk\synapse\Microsoft.Azure.Management.Synapse\tests\ScenarioTests\SparkpoolOperationTests.cs(27,29): error CS0518: Predefined type 'System.Boolean' is not defined or imported
C:\gh\azure-sdk-for-net\sdk\synapse\Microsoft.Azure.Management.Synapse\tests\ScenarioTests\SparkpoolOperationTests.cs(27,29): error CS0518: Predefined type 'System.Boolean' is not defined or imported
C:\gh\azure-sdk-for-net\sdk\synapse\Microsoft.Azure.Management.Synapse\tests\ScenarioTests\SparkpoolOperationTests.cs(29,36): error CS0518: Predefined type 'System.String' is not defined or imported
C:\gh\azure-sdk-for-net\sdk\synapse\Microsoft.Azure.Management.Synapse\tests\ScenarioTests\SparkpoolOperationTests.cs(30,59): error CS0518: Predefined type 'System.String' is not defined or imported
C:\gh\azure-sdk-for-net\sdk\synapse\Microsoft.Azure.Management.Synapse\tests\ScenarioTests\SparkpoolOperationTests.cs(30,21): error CS0518: Predefined type 'System.Boolean' is not defined or imported
C:\gh\azure-sdk-for-net\sdk\synapse\Microsoft.Azure.Management.Synapse\tests\ScenarioTests\SparkpoolOperationTests.cs(32,21): error CS0518: Predefined type 'System.Object' is not defined or imported
C:\gh\azure-sdk-for-net\sdk\synapse\Microsoft.Azure.Management.Synapse\tests\ScenarioTests\SparkpoolOperationTests.cs(32,21): error CS0103: The name 'Assert' does not exist in the current context
C:\gh\azure-sdk-for-net\sdk\synapse\Microsoft.Azure.Management.Synapse\tests\ScenarioTests\SparkpoolOperationTests.cs(32,34): error CS0518: Predefined type 'System.Object' is not defined or imported
C:\gh\azure-sdk-for-net\sdk\synapse\Microsoft.Azure.Management.Synapse\tests\ScenarioTests\SparkpoolOperationTests.cs(33,21): error CS0518: Predefined type 'System.Object' is not defined or imported
C:\gh\azure-sdk-for-net\sdk\synapse\Microsoft.Azure.Management.Synapse\tests\ScenarioTests\SparkpoolOperationTests.cs(33,21): error CS0103: The name 'Assert' does not exist in the current context
C:\gh\azure-sdk-for-net\sdk\synapse\Microsoft.Azure.Management.Synapse\tests\ScenarioTests\SparkpoolOperationTests.cs(34,21): error CS0518: Predefined type 'System.Object' is not defined or imported
C:\gh\azure-sdk-for-net\sdk\synapse\Microsoft.Azure.Management.Synapse\tests\ScenarioTests\SparkpoolOperationTests.cs(34,21): error CS0103: The name 'Assert' does not exist in the current context
C:\gh\azure-sdk-for-net\sdk\synapse\Microsoft.Azure.Management.Synapse\tests\ScenarioTests\SparkpoolOperationTests.cs(38,17): error CS0518: Predefined type 'System.Object' is not defined or imported
C:\gh\azure-sdk-for-net\sdk\synapse\Microsoft.Azure.Management.Synapse\tests\ScenarioTests\SparkpoolOperationTests.cs(38,17): error CS0103: The name 'Thread' does not exist in the current context
C:\gh\azure-sdk-for-net\sdk\synapse\Microsoft.Azure.Management.Synapse\tests\ScenarioTests\SparkpoolOperationTests.cs(38,30): error CS0518: Predefined type 'System.Int32' is not defined or imported
C:\gh\azure-sdk-for-net\sdk\synapse\Microsoft.Azure.Management.Synapse\tests\ScenarioTests\SparkpoolOperationTests.cs(39,17): error CS0518: Predefined type 'System.Object' is not defined or imported
C:\gh\azure-sdk-for-net\sdk\synapse\Microsoft.Azure.Management.Synapse\tests\ScenarioTests\SparkpoolOperationTests.cs(39,17): error CS0103: The name 'Assert' does not exist in the current context
C:\gh\azure-sdk-for-net\sdk\synapse\Microsoft.Azure.Management.Synapse\tests\ScenarioTests\SparkpoolOperationTests.cs(39,33): error CS0518: Predefined type 'System.Int32' is not defined or imported
C:\gh\azure-sdk-for-net\sdk\synapse\Microsoft.Azure.Management.Synapse\tests\ScenarioTests\SparkpoolOperationTests.cs(39,29): error CS0518: Predefined type 'System.Boolean' is not defined or imported
C:\gh\azure-sdk-for-net\sdk\synapse\Microsoft.Azure.Management.Synapse\tests\ScenarioTests\SparkpoolOperationTests.cs(39,37): error CS0518: Predefined type 'System.String' is not defined or imported
C:\gh\azure-sdk-for-net\sdk\synapse\Microsoft.Azure.Management.Synapse\tests\ScenarioTests\SparkpoolOperationTests.cs(43,13): error CS0518: Predefined type 'System.String' is not defined or imported
C:\gh\azure-sdk-for-net\sdk\synapse\Microsoft.Azure.Management.Synapse\tests\ScenarioTests\SparkpoolOperationTests.cs(43,36): error CS0518: Predefined type 'System.Object' is not defined or imported
C:\gh\azure-sdk-for-net\sdk\synapse\Microsoft.Azure.Management.Synapse\tests\ScenarioTests\SparkpoolOperationTests.cs(43,36): error CS0103: The name 'TestUtilities' does not exist in the current context
C:\gh\azure-sdk-for-net\sdk\synapse\Microsoft.Azure.Management.Synapse\tests\ScenarioTests\SparkpoolOperationTests.cs(43,63): error CS0518: Predefined type 'System.String' is not defined or imported
C:\gh\azure-sdk-for-net\sdk\synapse\Microsoft.Azure.Management.Synapse\tests\ScenarioTests\SparkpoolOperationTests.cs(44,52): error CS0518: Predefined type 'System.Object' is not defined or imported
C:\gh\azure-sdk-for-net\sdk\synapse\Microsoft.Azure.Management.Synapse\tests\ScenarioTests\SparkpoolOperationTests.cs(44,97): error CS0518: Predefined type 'System.Boolean' is not defined or imported
C:\gh\azure-sdk-for-net\sdk\synapse\Microsoft.Azure.Management.Synapse\tests\ScenarioTests\SparkpoolOperationTests.cs(44,120): error CS0518: Predefined type 'System.Boolean' is not defined or imported
C:\gh\azure-sdk-for-net\sdk\synapse\Microsoft.Azure.Management.Synapse\tests\ScenarioTests\SparkpoolOperationTests.cs(45,44): error CS0518: Predefined type 'System.String' is not defined or imported
C:\gh\azure-sdk-for-net\sdk\synapse\Microsoft.Azure.Management.Synapse\tests\ScenarioTests\SparkpoolOperationTests.cs(46,13): error CS0518: Predefined type 'System.Object' is not defined or imported
C:\gh\azure-sdk-for-net\sdk\synapse\Microsoft.Azure.Management.Synapse\tests\ScenarioTests\SparkpoolOperationTests.cs(46,13): error CS0103: The name 'Assert' does not exist in the current context
C:\gh\azure-sdk-for-net\sdk\synapse\Microsoft.Azure.Management.Synapse\tests\ScenarioTests\SparkpoolOperationTests.cs(46,26): error CS0518: Predefined type 'System.Object' is not defined or imported
C:\gh\azure-sdk-for-net\sdk\synapse\Microsoft.Azure.Management.Synapse\tests\ScenarioTests\SparkpoolOperationTests.cs(47,13): error CS0518: Predefined type 'System.Object' is not defined or imported
C:\gh\azure-sdk-for-net\sdk\synapse\Microsoft.Azure.Management.Synapse\tests\ScenarioTests\SparkpoolOperationTests.cs(47,13): error CS0103: The name 'Assert' does not exist in the current context
C:\gh\azure-sdk-for-net\sdk\synapse\Microsoft.Azure.Management.Synapse\tests\ScenarioTests\SparkpoolOperationTests.cs(48,13): error CS0518: Predefined type 'System.Object' is not defined or imported
C:\gh\azure-sdk-for-net\sdk\synapse\Microsoft.Azure.Management.Synapse\tests\ScenarioTests\SparkpoolOperationTests.cs(48,13): error CS0103: The name 'Assert' does not exist in the current context
C:\gh\azure-sdk-for-net\sdk\synapse\Microsoft.Azure.Management.Synapse\tests\ScenarioTests\SparkpoolOperationTests.cs(51,18): error CS0518: Predefined type 'System.Int32' is not defined or imported
C:\gh\azure-sdk-for-net\sdk\synapse\Microsoft.Azure.Management.Synapse\tests\ScenarioTests\SparkpoolOperationTests.cs(51,26): error CS0518: Predefined type 'System.Int32' is not defined or imported
C:\gh\azure-sdk-for-net\sdk\synapse\Microsoft.Azure.Management.Synapse\tests\ScenarioTests\SparkpoolOperationTests.cs(51,33): error CS0518: Predefined type 'System.Int32' is not defined or imported
C:\gh\azure-sdk-for-net\sdk\synapse\Microsoft.Azure.Management.Synapse\tests\ScenarioTests\SparkpoolOperationTests.cs(51,29): error CS0518: Predefined type 'System.Boolean' is not defined or imported
C:\gh\azure-sdk-for-net\sdk\synapse\Microsoft.Azure.Management.Synapse\tests\ScenarioTests\SparkpoolOperationTests.cs(51,29): error CS0518: Predefined type 'System.Boolean' is not defined or imported
C:\gh\azure-sdk-for-net\sdk\synapse\Microsoft.Azure.Management.Synapse\tests\ScenarioTests\SparkpoolOperationTests.cs(53,36): error CS0518: Predefined type 'System.String' is not defined or imported
C:\gh\azure-sdk-for-net\sdk\synapse\Microsoft.Azure.Management.Synapse\tests\ScenarioTests\SparkpoolOperationTests.cs(54,59): error CS0518: Predefined type 'System.String' is not defined or imported
C:\gh\azure-sdk-for-net\sdk\synapse\Microsoft.Azure.Management.Synapse\tests\ScenarioTests\SparkpoolOperationTests.cs(54,21): error CS0518: Predefined type 'System.Boolean' is not defined or imported
C:\gh\azure-sdk-for-net\sdk\synapse\Microsoft.Azure.Management.Synapse\tests\ScenarioTests\SparkpoolOperationTests.cs(56,21): error CS0518: Predefined type 'System.Object' is not defined or imported
C:\gh\azure-sdk-for-net\sdk\synapse\Microsoft.Azure.Management.Synapse\tests\ScenarioTests\SparkpoolOperationTests.cs(56,21): error CS0103: The name 'Assert' does not exist in the current context
C:\gh\azure-sdk-for-net\sdk\synapse\Microsoft.Azure.Management.Synapse\tests\ScenarioTests\SparkpoolOperationTests.cs(56,34): error CS0518: Predefined type 'System.Object' is not defined or imported
C:\gh\azure-sdk-for-net\sdk\synapse\Microsoft.Azure.Management.Synapse\tests\ScenarioTests\SparkpoolOperationTests.cs(57,21): error CS0518: Predefined type 'System.Object' is not defined or imported
C:\gh\azure-sdk-for-net\sdk\synapse\Microsoft.Azure.Management.Synapse\tests\ScenarioTests\SparkpoolOperationTests.cs(57,21): error CS0103: The name 'Assert' does not exist in the current context
C:\gh\azure-sdk-for-net\sdk\synapse\Microsoft.Azure.Management.Synapse\tests\ScenarioTests\SparkpoolOperationTests.cs(58,21): error CS0518: Predefined type 'System.Object' is not defined or imported
C:\gh\azure-sdk-for-net\sdk\synapse\Microsoft.Azure.Management.Synapse\tests\ScenarioTests\SparkpoolOperationTests.cs(58,21): error CS0103: The name 'Assert' does not exist in the current context
C:\gh\azure-sdk-for-net\sdk\synapse\Microsoft.Azure.Management.Synapse\tests\ScenarioTests\SparkpoolOperationTests.cs(62,17): error CS0518: Predefined type 'System.Object' is not defined or imported
C:\gh\azure-sdk-for-net\sdk\synapse\Microsoft.Azure.Management.Synapse\tests\ScenarioTests\SparkpoolOperationTests.cs(62,17): error CS0103: The name 'Thread' does not exist in the current context
C:\gh\azure-sdk-for-net\sdk\synapse\Microsoft.Azure.Management.Synapse\tests\ScenarioTests\SparkpoolOperationTests.cs(62,30): error CS0518: Predefined type 'System.Int32' is not defined or imported
C:\gh\azure-sdk-for-net\sdk\synapse\Microsoft.Azure.Management.Synapse\tests\ScenarioTests\SparkpoolOperationTests.cs(63,17): error CS0518: Predefined type 'System.Object' is not defined or imported
C:\gh\azure-sdk-for-net\sdk\synapse\Microsoft.Azure.Management.Synapse\tests\ScenarioTests\SparkpoolOperationTests.cs(63,17): error CS0103: The name 'Assert' does not exist in the current context
C:\gh\azure-sdk-for-net\sdk\synapse\Microsoft.Azure.Management.Synapse\tests\ScenarioTests\SparkpoolOperationTests.cs(63,33): error CS0518: Predefined type 'System.Int32' is not defined or imported
C:\gh\azure-sdk-for-net\sdk\synapse\Microsoft.Azure.Management.Synapse\tests\ScenarioTests\SparkpoolOperationTests.cs(63,29): error CS0518: Predefined type 'System.Boolean' is not defined or imported
C:\gh\azure-sdk-for-net\sdk\synapse\Microsoft.Azure.Management.Synapse\tests\ScenarioTests\SparkpoolOperationTests.cs(63,37): error CS0518: Predefined type 'System.String' is not defined or imported
C:\gh\azure-sdk-for-net\sdk\synapse\Microsoft.Azure.Management.Synapse\tests\ScenarioTests\SparkpoolOperationTests.cs(67,13): error CS0518: Predefined type 'System.Object' is not defined or imported
C:\gh\azure-sdk-for-net\sdk\synapse\Microsoft.Azure.Management.Synapse\tests\ScenarioTests\SparkpoolOperationTests.cs(67,13): error CS0246: The type or namespace name 'Dictionary<,>' could not be found (are you missing a using directive or an assembly reference?)
C:\gh\azure-sdk-for-net\sdk\synapse\Microsoft.Azure.Management.Synapse\tests\ScenarioTests\SparkpoolOperationTests.cs(67,24): error CS0518: Predefined type 'System.String' is not defined or imported
C:\gh\azure-sdk-for-net\sdk\synapse\Microsoft.Azure.Management.Synapse\tests\ScenarioTests\SparkpoolOperationTests.cs(67,32): error CS0518: Predefined type 'System.String' is not defined or imported
C:\gh\azure-sdk-for-net\sdk\synapse\Microsoft.Azure.Management.Synapse\tests\ScenarioTests\SparkpoolOperationTests.cs(67,59): error CS0518: Predefined type 'System.Object' is not defined or imported
C:\gh\azure-sdk-for-net\sdk\synapse\Microsoft.Azure.Management.Synapse\tests\ScenarioTests\SparkpoolOperationTests.cs(67,59): error CS0246: The type or namespace name 'Dictionary<,>' could not be found (are you missing a using directive or an assembly reference?)
C:\gh\azure-sdk-for-net\sdk\synapse\Microsoft.Azure.Management.Synapse\tests\ScenarioTests\SparkpoolOperationTests.cs(67,70): error CS0518: Predefined type 'System.String' is not defined or imported
C:\gh\azure-sdk-for-net\sdk\synapse\Microsoft.Azure.Management.Synapse\tests\ScenarioTests\SparkpoolOperationTests.cs(67,78): error CS0518: Predefined type 'System.String' is not defined or imported
C:\gh\azure-sdk-for-net\sdk\synapse\Microsoft.Azure.Management.Synapse\tests\ScenarioTests\SparkpoolOperationTests.cs(67,90): error CS0518: Predefined type 'System.String' is not defined or imported
C:\gh\azure-sdk-for-net\sdk\synapse\Microsoft.Azure.Management.Synapse\tests\ScenarioTests\SparkpoolOperationTests.cs(67,101): error CS0518: Predefined type 'System.String' is not defined or imported
C:\gh\azure-sdk-for-net\sdk\synapse\Microsoft.Azure.Management.Synapse\tests\ScenarioTests\SparkpoolOperationTests.cs(68,13): error CS0518: Predefined type 'System.Object' is not defined or imported
C:\gh\azure-sdk-for-net\sdk\synapse\Microsoft.Azure.Management.Synapse\tests\ScenarioTests\SparkpoolOperationTests.cs(68,61): error CS0518: Predefined type 'System.Object' is not defined or imported
C:\gh\azure-sdk-for-net\sdk\synapse\Microsoft.Azure.Management.Synapse\tests\ScenarioTests\SparkpoolOperationTests.cs(68,61): error CS0518: Predefined type 'System.Void' is not defined or imported
C:\gh\azure-sdk-for-net\sdk\synapse\Microsoft.Azure.Management.Synapse\tests\ScenarioTests\SparkpoolOperationTests.cs(70,17): error CS0246: The type or namespace name 'IDictionary<,>' could not be found (are you missing a using directive or an assembly reference?)
C:\gh\azure-sdk-for-net\sdk\synapse\Microsoft.Azure.Management.Synapse\tests\ScenarioTests\SparkpoolOperationTests.cs(73,13): error CS0518: Predefined type 'System.String' is not defined or imported
C:\gh\azure-sdk-for-net\sdk\synapse\Microsoft.Azure.Management.Synapse\tests\ScenarioTests\SparkpoolOperationTests.cs(74,35): error CS0518: Predefined type 'System.String' is not defined or imported
C:\gh\azure-sdk-for-net\sdk\synapse\Microsoft.Azure.Management.Synapse\tests\ScenarioTests\SparkpoolOperationTests.cs(75,13): error CS0518: Predefined type 'System.Object' is not defined or imported
C:\gh\azure-sdk-for-net\sdk\synapse\Microsoft.Azure.Management.Synapse\tests\ScenarioTests\SparkpoolOperationTests.cs(75,13): error CS0103: The name 'Thread' does not exist in the current context
C:\gh\azure-sdk-for-net\sdk\synapse\Microsoft.Azure.Management.Synapse\tests\ScenarioTests\SparkpoolOperationTests.cs(75,26): error CS0518: Predefined type 'System.Int32' is not defined or imported
C:\gh\azure-sdk-for-net\sdk\synapse\Microsoft.Azure.Management.Synapse\tests\ScenarioTests\SparkpoolOperationTests.cs(76,13): error CS0518: Predefined type 'System.Object' is not defined or imported
C:\gh\azure-sdk-for-net\sdk\synapse\Microsoft.Azure.Management.Synapse\tests\ScenarioTests\SparkpoolOperationTests.cs(76,13): error CS0103: The name 'Assert' does not exist in the current context
C:\gh\azure-sdk-for-net\sdk\synapse\Microsoft.Azure.Management.Synapse\tests\ScenarioTests\SparkpoolOperationTests.cs(77,13): error CS0518: Predefined type 'System.Object' is not defined or imported
C:\gh\azure-sdk-for-net\sdk\synapse\Microsoft.Azure.Management.Synapse\tests\ScenarioTests\SparkpoolOperationTests.cs(77,13): error CS0103: The name 'Assert' does not exist in the current context
C:\gh\azure-sdk-for-net\sdk\synapse\Microsoft.Azure.Management.Synapse\tests\ScenarioTests\SparkpoolOperationTests.cs(77,26): error CS0518: Predefined type 'System.String' is not defined or imported
C:\gh\azure-sdk-for-net\sdk\synapse\Microsoft.Azure.Management.Synapse\tests\ScenarioTests\SparkpoolOperationTests.cs(77,61): error CS0518: Predefined type 'System.String' is not defined or imported
C:\gh\azure-sdk-for-net\sdk\synapse\Microsoft.Azure.Management.Synapse\tests\ScenarioTests\SparkpoolOperationTests.cs(80,48): error CS0518: Predefined type 'System.Object' is not defined or imported
C:\gh\azure-sdk-for-net\sdk\synapse\Microsoft.Azure.Management.Synapse\tests\ScenarioTests\SparkpoolOperationTests.cs(80,94): error CS0518: Predefined type 'System.Boolean' is not defined or imported
C:\gh\azure-sdk-for-net\sdk\synapse\Microsoft.Azure.Management.Synapse\tests\ScenarioTests\SparkpoolOperationTests.cs(80,117): error CS0518: Predefined type 'System.Boolean' is not defined or imported
C:\gh\azure-sdk-for-net\sdk\synapse\Microsoft.Azure.Management.Synapse\tests\ScenarioTests\SparkpoolOperationTests.cs(81,44): error CS0518: Predefined type 'System.String' is not defined or imported
C:\gh\azure-sdk-for-net\sdk\synapse\Microsoft.Azure.Management.Synapse\tests\ScenarioTests\SparkpoolOperationTests.cs(82,13): error CS0518: Predefined type 'System.Object' is not defined or imported
C:\gh\azure-sdk-for-net\sdk\synapse\Microsoft.Azure.Management.Synapse\tests\ScenarioTests\SparkpoolOperationTests.cs(82,13): error CS0103: The name 'Assert' does not exist in the current context
C:\gh\azure-sdk-for-net\sdk\synapse\Microsoft.Azure.Management.Synapse\tests\ScenarioTests\SparkpoolOperationTests.cs(82,26): error CS0518: Predefined type 'System.Object' is not defined or imported
C:\gh\azure-sdk-for-net\sdk\synapse\Microsoft.Azure.Management.Synapse\tests\ScenarioTests\SparkpoolOperationTests.cs(83,13): error CS0518: Predefined type 'System.Object' is not defined or imported
C:\gh\azure-sdk-for-net\sdk\synapse\Microsoft.Azure.Management.Synapse\tests\ScenarioTests\SparkpoolOperationTests.cs(83,13): error CS0103: The name 'Assert' does not exist in the current context
C:\gh\azure-sdk-for-net\sdk\synapse\Microsoft.Azure.Management.Synapse\tests\ScenarioTests\SparkpoolOperationTests.cs(84,13): error CS0518: Predefined type 'System.Object' is not defined or imported
C:\gh\azure-sdk-for-net\sdk\synapse\Microsoft.Azure.Management.Synapse\tests\ScenarioTests\SparkpoolOperationTests.cs(84,13): error CS0103: The name 'Assert' does not exist in the current context
C:\gh\azure-sdk-for-net\sdk\synapse\Microsoft.Azure.Management.Synapse\tests\ScenarioTests\SparkpoolOperationTests.cs(85,13): error CS0518: Predefined type 'System.Object' is not defined or imported
C:\gh\azure-sdk-for-net\sdk\synapse\Microsoft.Azure.Management.Synapse\tests\ScenarioTests\SparkpoolOperationTests.cs(85,13): error CS0103: The name 'Assert' does not exist in the current context
C:\gh\azure-sdk-for-net\sdk\synapse\Microsoft.Azure.Management.Synapse\tests\ScenarioTests\SparkpoolOperationTests.cs(86,13): error CS0518: Predefined type 'System.Object' is not defined or imported
C:\gh\azure-sdk-for-net\sdk\synapse\Microsoft.Azure.Management.Synapse\tests\ScenarioTests\SparkpoolOperationTests.cs(86,13): error CS0103: The name 'Assert' does not exist in the current context
C:\gh\azure-sdk-for-net\sdk\synapse\Microsoft.Azure.Management.Synapse\tests\ScenarioTests\SparkpoolOperationTests.cs(87,13): error CS0518: Predefined type 'System.Object' is not defined or imported
C:\gh\azure-sdk-for-net\sdk\synapse\Microsoft.Azure.Management.Synapse\tests\ScenarioTests\SparkpoolOperationTests.cs(87,13): error CS0103: The name 'Assert' does not exist in the current context
C:\gh\azure-sdk-for-net\sdk\synapse\Microsoft.Azure.Management.Synapse\tests\ScenarioTests\SparkpoolOperationTests.cs(88,13): error CS0518: Predefined type 'System.Object' is not defined or imported
C:\gh\azure-sdk-for-net\sdk\synapse\Microsoft.Azure.Management.Synapse\tests\ScenarioTests\SparkpoolOperationTests.cs(88,13): error CS0103: The name 'Assert' does not exist in the current context
C:\gh\azure-sdk-for-net\sdk\synapse\Microsoft.Azure.Management.Synapse\tests\ScenarioTests\SparkpoolOperationTests.cs(89,13): error CS0518: Predefined type 'System.Object' is not defined or imported
C:\gh\azure-sdk-for-net\sdk\synapse\Microsoft.Azure.Management.Synapse\tests\ScenarioTests\SparkpoolOperationTests.cs(89,13): error CS0103: The name 'Assert' does not exist in the current context
C:\gh\azure-sdk-for-net\sdk\synapse\Microsoft.Azure.Management.Synapse\tests\ScenarioTests\SparkpoolOperationTests.cs(92,29): error CS0246: The type or namespace name 'IPage<>' could not be found (are you missing a using directive or an assembly reference?)
C:\gh\azure-sdk-for-net\sdk\synapse\Microsoft.Azure.Management.Synapse\tests\ScenarioTests\SparkpoolOperationTests.cs(92,29): error CS0246: The type or namespace name 'IEnumerable<>' could not be found (are you missing a using directive or an assembly reference?)
C:\gh\azure-sdk-for-net\sdk\synapse\Microsoft.Azure.Management.Synapse\tests\ScenarioTests\SparkpoolOperationTests.cs(93,42): error CS0518: Predefined type 'System.Object' is not defined or imported
C:\gh\azure-sdk-for-net\sdk\synapse\Microsoft.Azure.Management.Synapse\tests\ScenarioTests\SparkpoolOperationTests.cs(93,73): error CS0518: Predefined type 'System.Object' is not defined or imported
C:\gh\azure-sdk-for-net\sdk\synapse\Microsoft.Azure.Management.Synapse\tests\ScenarioTests\SparkpoolOperationTests.cs(94,13): error CS0518: Predefined type 'System.Object' is not defined or imported
C:\gh\azure-sdk-for-net\sdk\synapse\Microsoft.Azure.Management.Synapse\tests\ScenarioTests\SparkpoolOperationTests.cs(94,13): error CS0103: The name 'Assert' does not exist in the current context
C:\gh\azure-sdk-for-net\sdk\synapse\Microsoft.Azure.Management.Synapse\tests\ScenarioTests\SparkpoolOperationTests.cs(94,25): error CS0518: Predefined type 'System.Int32' is not defined or imported
C:\gh\azure-sdk-for-net\sdk\synapse\Microsoft.Azure.Management.Synapse\tests\ScenarioTests\SparkpoolOperationTests.cs(94,25): error CS0518: Predefined type 'System.Boolean' is not defined or imported
C:\gh\azure-sdk-for-net\sdk\synapse\Microsoft.Azure.Management.Synapse\tests\ScenarioTests\SparkpoolOperationTests.cs(96,13): error CS0518: Predefined type 'System.Boolean' is not defined or imported
C:\gh\azure-sdk-for-net\sdk\synapse\Microsoft.Azure.Management.Synapse\tests\ScenarioTests\SparkpoolOperationTests.cs(96,28): error CS0518: Predefined type 'System.Boolean' is not defined or imported
C:\gh\azure-sdk-for-net\sdk\synapse\Microsoft.Azure.Management.Synapse\tests\ScenarioTests\SparkpoolOperationTests.cs(97,13): error CS0518: Predefined type 'System.Int32' is not defined or imported
C:\gh\azure-sdk-for-net\sdk\synapse\Microsoft.Azure.Management.Synapse\tests\ScenarioTests\SparkpoolOperationTests.cs(98,18): error CS0518: Predefined type 'System.Int32' is not defined or imported
C:\gh\azure-sdk-for-net\sdk\synapse\Microsoft.Azure.Management.Synapse\tests\ScenarioTests\SparkpoolOperationTests.cs(98,26): error CS0518: Predefined type 'System.Int32' is not defined or imported
C:\gh\azure-sdk-for-net\sdk\synapse\Microsoft.Azure.Management.Synapse\tests\ScenarioTests\SparkpoolOperationTests.cs(98,29): error CS0518: Predefined type 'System.Boolean' is not defined or imported
C:\gh\azure-sdk-for-net\sdk\synapse\Microsoft.Azure.Management.Synapse\tests\ScenarioTests\SparkpoolOperationTests.cs(98,29): error CS0518: Predefined type 'System.Boolean' is not defined or imported
C:\gh\azure-sdk-for-net\sdk\synapse\Microsoft.Azure.Management.Synapse\tests\ScenarioTests\SparkpoolOperationTests.cs(100,21): error CS0518: Predefined type 'System.Boolean' is not defined or imported
C:\gh\azure-sdk-for-net\sdk\synapse\Microsoft.Azure.Management.Synapse\tests\ScenarioTests\SparkpoolOperationTests.cs(102,31): error CS0518: Predefined type 'System.Boolean' is not defined or imported
C:\gh\azure-sdk-for-net\sdk\synapse\Microsoft.Azure.Management.Synapse\tests\ScenarioTests\SparkpoolOperationTests.cs(103,21): error CS0518: Predefined type 'System.Object' is not defined or imported
C:\gh\azure-sdk-for-net\sdk\synapse\Microsoft.Azure.Management.Synapse\tests\ScenarioTests\SparkpoolOperationTests.cs(103,21): error CS0103: The name 'Assert' does not exist in the current context
C:\gh\azure-sdk-for-net\sdk\synapse\Microsoft.Azure.Management.Synapse\tests\ScenarioTests\SparkpoolOperationTests.cs(103,34): error CS0518: Predefined type 'System.Object' is not defined or imported
C:\gh\azure-sdk-for-net\sdk\synapse\Microsoft.Azure.Management.Synapse\tests\ScenarioTests\SparkpoolOperationTests.cs(104,21): error CS0518: Predefined type 'System.Object' is not defined or imported
C:\gh\azure-sdk-for-net\sdk\synapse\Microsoft.Azure.Management.Synapse\tests\ScenarioTests\SparkpoolOperationTests.cs(104,21): error CS0103: The name 'Assert' does not exist in the current context
C:\gh\azure-sdk-for-net\sdk\synapse\Microsoft.Azure.Management.Synapse\tests\ScenarioTests\SparkpoolOperationTests.cs(109,13): error CS0518: Predefined type 'System.Object' is not defined or imported
C:\gh\azure-sdk-for-net\sdk\synapse\Microsoft.Azure.Management.Synapse\tests\ScenarioTests\SparkpoolOperationTests.cs(109,13): error CS0103: The name 'Assert' does not exist in the current context
C:\gh\azure-sdk-for-net\sdk\synapse\Microsoft.Azure.Management.Synapse\tests\ScenarioTests\SparkpoolOperationTests.cs(109,34): error CS0518: Predefined type 'System.String' is not defined or imported
C:\gh\azure-sdk-for-net\sdk\synapse\Microsoft.Azure.Management.Synapse\tests\ScenarioTests\SparkpoolOperationTests.cs(109,48): error CS0518: Predefined type 'System.String' is not defined or imported
C:\gh\azure-sdk-for-net\sdk\synapse\Microsoft.Azure.Management.Synapse\tests\ScenarioTests\SparkpoolOperationTests.cs(112,13): error CS0518: Predefined type 'System.Object' is not defined or imported
C:\gh\azure-sdk-for-net\sdk\synapse\Microsoft.Azure.Management.Synapse\tests\ScenarioTests\SparkpoolOperationTests.cs(112,13): error CS0518: Predefined type 'System.Void' is not defined or imported
C:\gh\azure-sdk-for-net\sdk\synapse\Microsoft.Azure.Management.Synapse\tests\ScenarioTests\SparkpoolOperationTests.cs(112,13): error CS0518: Predefined type 'System.String' is not defined or imported
C:\gh\azure-sdk-for-net\sdk\synapse\Microsoft.Azure.Management.Synapse\tests\ScenarioTests\SparkpoolOperationTests.cs(113,25): error CS0246: The type or namespace name 'IPage<>' could not be found (are you missing a using directive or an assembly reference?)
C:\gh\azure-sdk-for-net\sdk\synapse\Microsoft.Azure.Management.Synapse\tests\ScenarioTests\SparkpoolOperationTests.cs(113,25): error CS0246: The type or namespace name 'IEnumerable<>' could not be found (are you missing a using directive or an assembly reference?)
C:\gh\azure-sdk-for-net\sdk\synapse\Microsoft.Azure.Management.Synapse\tests\ScenarioTests\SparkpoolOperationTests.cs(114,40): error CS0518: Predefined type 'System.Object' is not defined or imported
C:\gh\azure-sdk-for-net\sdk\synapse\Microsoft.Azure.Management.Synapse\tests\ScenarioTests\SparkpoolOperationTests.cs(114,71): error CS0518: Predefined type 'System.Object' is not defined or imported
C:\gh\azure-sdk-for-net\sdk\synapse\Microsoft.Azure.Management.Synapse\tests\ScenarioTests\SparkpoolOperationTests.cs(115,13): error CS0518: Predefined type 'System.Object' is not defined or imported
C:\gh\azure-sdk-for-net\sdk\synapse\Microsoft.Azure.Management.Synapse\tests\ScenarioTests\SparkpoolOperationTests.cs(115,13): error CS0103: The name 'Assert' does not exist in the current context
C:\gh\azure-sdk-for-net\sdk\synapse\Microsoft.Azure.Management.Synapse\tests\ScenarioTests\SparkpoolOperationTests.cs(115,42): error CS0518: Predefined type 'System.Int32' is not defined or imported
C:\gh\azure-sdk-for-net\sdk\synapse\Microsoft.Azure.Management.Synapse\tests\ScenarioTests\SparkpoolOperationTests.cs(115,25): error CS0518: Predefined type 'System.Boolean' is not defined or imported
C:\gh\azure-sdk-for-net\sdk\synapse\Microsoft.Azure.Management.Synapse\tests\ScenarioTests\SparkpoolOperationTests.cs(12,18): error CS0518: Predefined type 'System.Void' is not defined or imported
C:\gh\azure-sdk-for-net\sdk\synapse\Microsoft.Azure.Management.Synapse\tests\TestHelpers\SynapseManagementHelper.cs(8,1): hidden CS8019: Unnecessary using directive.
C:\gh\azure-sdk-for-net\sdk\synapse\Microsoft.Azure.Management.Synapse\tests\TestHelpers\SynapseManagementTestUtilities.cs(4,1): hidden CS8019: Unnecessary using directive.
C:\gh\azure-sdk-for-net\sdk\synapse\Microsoft.Azure.Management.Synapse\tests\ScenarioTests\SparkpoolOperationTests.cs(6,1): hidden CS8019: Unnecessary using directive.
C:\gh\azure-sdk-for-net\sdk\synapse\Microsoft.Azure.Management.Synapse\tests\ScenarioTests\SparkpoolOperationTests.cs(8,1): hidden CS8019: Unnecessary using directive.
C:\gh\azure-sdk-for-net\sdk\synapse\Microsoft.Azure.Management.Synapse\tests\TestHelpers\SynapseManagementTestUtilities.cs(6,1): hidden CS8019: Unnecessary using directive.
C:\gh\azure-sdk-for-net\sdk\synapse\Microsoft.Azure.Management.Synapse\tests\TestHelpers\CommonTestsFixture.cs(4,1): hidden CS8019: Unnecessary using directive.
C:\gh\azure-sdk-for-net\sdk\synapse\Microsoft.Azure.Management.Synapse\tests\TestHelpers\SynapseManagementTestUtilities.cs(9,1): hidden CS8019: Unnecessary using directive.
C:\gh\azure-sdk-for-net\sdk\synapse\Microsoft.Azure.Management.Synapse\tests\ScenarioTests\FirewallRuleOperationTests.cs(6,1): hidden CS8019: Unnecessary using directive.
C:\gh\azure-sdk-for-net\sdk\synapse\Microsoft.Azure.Management.Synapse\tests\TestHelpers\SynapseManagementHelper.cs(4,1): hidden CS8019: Unnecessary using directive.
C:\gh\azure-sdk-for-net\sdk\synapse\Microsoft.Azure.Management.Synapse\tests\TestHelpers\SynapseManagementHelper.cs(6,1): hidden CS8019: Unnecessary using directive.
C:\gh\azure-sdk-for-net\sdk\synapse\Microsoft.Azure.Management.Synapse\tests\TestHelpers\SynapseMockContext.cs(9,1): hidden CS8019: Unnecessary using directive.
C:\gh\azure-sdk-for-net\sdk\synapse\Microsoft.Azure.Management.Synapse\tests\ScenarioTests\SynapseManagementTestBase.cs(4,1): hidden CS8019: Unnecessary using directive.
C:\gh\azure-sdk-for-net\sdk\synapse\Microsoft.Azure.Management.Synapse\tests\TestHelpers\SynapseManagementHelper.cs(7,1): hidden CS8019: Unnecessary using directive.
C:\gh\azure-sdk-for-net\sdk\synapse\Microsoft.Azure.Management.Synapse\tests\TestHelpers\SynapseManagementHelper.cs(5,1): hidden CS8019: Unnecessary using directive.
C:\gh\azure-sdk-for-net\sdk\synapse\Microsoft.Azure.Management.Synapse\tests\TestHelpers\SynapseManagementTestUtilities.cs(10,1): hidden CS8019: Unnecessary using directive.
C:\gh\azure-sdk-for-net\artifacts\obj\Microsoft.Azure.Management.Synapse.Tests\Debug\netcoreapp2.0\Microsoft.Azure.Management.Synapse.Tests.AssemblyInfo.cs(11,1): hidden CS8019: Unnecessary using directive.
C:\gh\azure-sdk-for-net\sdk\synapse\Microsoft.Azure.Management.Synapse\tests\ScenarioTests\SqlpoolOperationTests.cs(7,1): hidden CS8019: Unnecessary using directive.
C:\gh\azure-sdk-for-net\sdk\synapse\Microsoft.Azure.Management.Synapse\tests\TestHelpers\SynapseManagementTestUtilities.cs(7,1): hidden CS8019: Unnecessary using directive.
C:\gh\azure-sdk-for-net\sdk\synapse\Microsoft.Azure.Management.Synapse\tests\TestHelpers\SynapseMockContext.cs(5,1): hidden CS8019: Unnecessary using directive.
C:\gh\azure-sdk-for-net\sdk\synapse\Microsoft.Azure.Management.Synapse\tests\ScenarioTests\SynapseManagementTestBase.cs(5,1): hidden CS8019: Unnecessary using directive.
C:\gh\azure-sdk-for-net\sdk\synapse\Microsoft.Azure.Management.Synapse\tests\TestHelpers\SynapseManagementTestUtilities.cs(8,1): hidden CS8019: Unnecessary using directive.
C:\gh\azure-sdk-for-net\sdk\synapse\Microsoft.Azure.Management.Synapse\tests\TestHelpers\SynapseMockContext.cs(8,1): hidden CS8019: Unnecessary using directive.
C:\gh\azure-sdk-for-net\eng\mgmt\DisableTestRunParallel.cs(5,1): hidden CS8019: Unnecessary using directive.
C:\gh\azure-sdk-for-net\sdk\synapse\Microsoft.Azure.Management.Synapse\tests\TestHelpers\SynapseMockContext.cs(4,1): hidden CS8019: Unnecessary using directive.
C:\gh\azure-sdk-for-net\sdk\synapse\Microsoft.Azure.Management.Synapse\tests\ScenarioTests\SqlpoolOperationTests.cs(4,1): hidden CS8019: Unnecessary using directive.
C:\gh\azure-sdk-for-net\eng\mgmt\DisableTestRunParallel.cs(4,1): hidden CS8019: Unnecessary using directive.
C:\gh\azure-sdk-for-net\sdk\synapse\Microsoft.Azure.Management.Synapse\tests\ScenarioTests\SqlpoolOperationTests.cs(6,1): hidden CS8019: Unnecessary using directive.
C:\gh\azure-sdk-for-net\sdk\synapse\Microsoft.Azure.Management.Synapse\tests\ScenarioTests\WorkspaceOperationTests.cs(6,1): hidden CS8019: Unnecessary using directive.
C:\gh\azure-sdk-for-net\sdk\synapse\Microsoft.Azure.Management.Synapse\tests\ScenarioTests\WorkspaceOperationTests.cs(5,1): hidden CS8019: Unnecessary using directive.
C:\gh\azure-sdk-for-net\sdk\synapse\Microsoft.Azure.Management.Synapse\tests\ScenarioTests\WorkspaceOperationTests.cs(4,1): hidden CS8019: Unnecessary using directive.
C:\gh\azure-sdk-for-net\artifacts\obj\Microsoft.Azure.Management.Synapse.Tests\Debug\netcoreapp2.0\.NETCoreApp,Version=v2.0.AssemblyAttributes.cs(2,1): hidden CS8019: Unnecessary using directive.
C:\gh\azure-sdk-for-net\sdk\synapse\Microsoft.Azure.Management.Synapse\tests\TestHelpers\SynapseMockContext.cs(6,1): hidden CS8019: Unnecessary using directive.
C:\gh\azure-sdk-for-net\sdk\synapse\Microsoft.Azure.Management.Synapse\tests\ScenarioTests\SqlpoolOperationTests.cs(8,1): hidden CS8019: Unnecessary using directive.
C:\gh\azure-sdk-for-net\sdk\synapse\Microsoft.Azure.Management.Synapse\tests\ScenarioTests\SynapseManagementTestBase.cs(6,1): hidden CS8019: Unnecessary using directive.
C:\gh\azure-sdk-for-net\artifacts\obj\Microsoft.Azure.Management.Synapse.Tests\Debug\netcoreapp2.0\Microsoft.Azure.Management.Synapse.Tests.AssemblyInfo.cs(12,1): hidden CS8019: Unnecessary using directive.
C:\gh\azure-sdk-for-net\sdk\synapse\Microsoft.Azure.Management.Synapse\tests\TestHelpers\SynapseManagementTestUtilities.cs(12,1): hidden CS8019: Unnecessary using directive.
C:\gh\azure-sdk-for-net\artifacts\obj\Microsoft.Azure.Management.Synapse.Tests\Debug\netcoreapp2.0\.NETCoreApp,Version=v2.0.AssemblyAttributes.cs(3,1): hidden CS8019: Unnecessary using directive.
C:\gh\azure-sdk-for-net\sdk\synapse\Microsoft.Azure.Management.Synapse\tests\TestHelpers\SynapseMockContext.cs(7,1): hidden CS8019: Unnecessary using directive.
C:\gh\azure-sdk-for-net\sdk\synapse\Microsoft.Azure.Management.Synapse\tests\ScenarioTests\SparkpoolOperationTests.cs(7,1): hidden CS8019: Unnecessary using directive.
C:\gh\azure-sdk-for-net\sdk\synapse\Microsoft.Azure.Management.Synapse\tests\TestHelpers\SynapseMockContext.cs(10,1): hidden CS8019: Unnecessary using directive.
C:\gh\azure-sdk-for-net\sdk\synapse\Microsoft.Azure.Management.Synapse\tests\TestHelpers\SynapseManagementTestUtilities.cs(5,1): hidden CS8019: Unnecessary using directive.
C:\gh\azure-sdk-for-net\sdk\synapse\Microsoft.Azure.Management.Synapse\tests\ScenarioTests\WorkspaceOperationTests.cs(7,1): hidden CS8019: Unnecessary using directive.
C:\gh\azure-sdk-for-net\sdk\synapse\Microsoft.Azure.Management.Synapse\tests\ScenarioTests\FirewallRuleOperationTests.cs(5,1): hidden CS8019: Unnecessary using directive.
C:\gh\azure-sdk-for-net\sdk\synapse\Microsoft.Azure.Management.Synapse\tests\ScenarioTests\FirewallRuleOperationTests.cs(4,1): hidden CS8019: Unnecessary using directive.
C:\gh\azure-sdk-for-net\sdk\synapse\Microsoft.Azure.Management.Synapse\tests\ScenarioTests\SparkpoolOperationTests.cs(4,1): hidden CS8019: Unnecessary using directive.
