C:\gh\azure-sdk-for-net\sdk\mgmtcommon\Auth\Az.Auth\Az.Auth.Tests\Az.Auth.Net452.Test\CertAuthTests.cs(1,17): error CS0234: The type or namespace name 'IdentityModel' does not exist in the namespace 'Microsoft' (are you missing an assembly reference?)
C:\gh\azure-sdk-for-net\sdk\mgmtcommon\Auth\Az.Auth\Az.Auth.Tests\Az.Auth.Net452.Test\CertAuthTests.cs(10,7): error CS0246: The type or namespace name 'Xunit' could not be found (are you missing a using directive or an assembly reference?)
C:\gh\azure-sdk-for-net\sdk\mgmtcommon\Auth\Az.Auth\Az.Auth.Tests\Az.Auth.Net452.Test\Net452ExceptionsTests.cs(6,21): error CS0234: The type or namespace name 'IdentityModel' does not exist in the namespace 'Microsoft' (are you missing an assembly reference?)
C:\gh\azure-sdk-for-net\sdk\mgmtcommon\Auth\Az.Auth\Az.Auth.Tests\Az.Auth.Net452.Test\Net452ExceptionsTests.cs(13,11): error CS0246: The type or namespace name 'Xunit' could not be found (are you missing a using directive or an assembly reference?)
C:\gh\azure-sdk-for-net\sdk\mgmtcommon\Auth\Az.Auth\Az.Auth.Tests\Az.Auth.Net452.Test\UserLogin.cs(6,21): error CS0234: The type or namespace name 'IdentityModel' does not exist in the namespace 'Microsoft' (are you missing an assembly reference?)
C:\gh\azure-sdk-for-net\sdk\mgmtcommon\Auth\Az.Auth\Az.Auth.Tests\Az.Auth.Net452.Test\UserLogin.cs(10,11): error CS0246: The type or namespace name 'Xunit' could not be found (are you missing a using directive or an assembly reference?)
C:\gh\azure-sdk-for-net\sdk\mgmtcommon\Auth\Az.Auth\Az.Auth.Tests\Az.Auth.Net452.Test\Net452ExceptionsTests.cs(17,10): error CS0246: The type or namespace name 'FactAttribute' could not be found (are you missing a using directive or an assembly reference?)
C:\gh\azure-sdk-for-net\sdk\mgmtcommon\Auth\Az.Auth\Az.Auth.Tests\Az.Auth.Net452.Test\Net452ExceptionsTests.cs(17,10): error CS0246: The type or namespace name 'Fact' could not be found (are you missing a using directive or an assembly reference?)
C:\gh\azure-sdk-for-net\sdk\mgmtcommon\Auth\Az.Auth\Az.Auth.Tests\Az.Auth.Net452.Test\CertAuthTests.cs(22,10): error CS0246: The type or namespace name 'TheoryAttribute' could not be found (are you missing a using directive or an assembly reference?)
C:\gh\azure-sdk-for-net\sdk\mgmtcommon\Auth\Az.Auth\Az.Auth.Tests\Az.Auth.Net452.Test\CertAuthTests.cs(22,10): error CS0246: The type or namespace name 'Theory' could not be found (are you missing a using directive or an assembly reference?)
C:\gh\azure-sdk-for-net\sdk\mgmtcommon\Auth\Az.Auth\Az.Auth.Tests\Az.Auth.Net452.Test\CertAuthTests.cs(23,10): error CS0246: The type or namespace name 'InlineDataAttribute' could not be found (are you missing a using directive or an assembly reference?)
C:\gh\azure-sdk-for-net\sdk\mgmtcommon\Auth\Az.Auth\Az.Auth.Tests\Az.Auth.Net452.Test\CertAuthTests.cs(23,10): error CS0246: The type or namespace name 'InlineData' could not be found (are you missing a using directive or an assembly reference?)
C:\gh\azure-sdk-for-net\sdk\mgmtcommon\Auth\Az.Auth\Az.Auth.Tests\Az.Auth.Net452.Test\CertAuthTests.cs(22,17): error CS0246: The type or namespace name 'Skip' could not be found (are you missing a using directive or an assembly reference?)
C:\gh\azure-sdk-for-net\sdk\mgmtcommon\Auth\Az.Auth\Az.Auth.Tests\Az.Auth.Net452.Test\UserLogin.cs(26,10): error CS0246: The type or namespace name 'FactAttribute' could not be found (are you missing a using directive or an assembly reference?)
C:\gh\azure-sdk-for-net\sdk\mgmtcommon\Auth\Az.Auth\Az.Auth.Tests\Az.Auth.Net452.Test\UserLogin.cs(26,10): error CS0246: The type or namespace name 'Fact' could not be found (are you missing a using directive or an assembly reference?)
C:\gh\azure-sdk-for-net\sdk\mgmtcommon\Auth\Az.Auth\Az.Auth.Tests\Az.Auth.Net452.Test\UserLogin.cs(59,10): error CS0246: The type or namespace name 'TheoryAttribute' could not be found (are you missing a using directive or an assembly reference?)
C:\gh\azure-sdk-for-net\sdk\mgmtcommon\Auth\Az.Auth\Az.Auth.Tests\Az.Auth.Net452.Test\UserLogin.cs(59,10): error CS0246: The type or namespace name 'Theory' could not be found (are you missing a using directive or an assembly reference?)
C:\gh\azure-sdk-for-net\sdk\mgmtcommon\Auth\Az.Auth\Az.Auth.Tests\Az.Auth.Net452.Test\UserLogin.cs(60,10): error CS0246: The type or namespace name 'InlineDataAttribute' could not be found (are you missing a using directive or an assembly reference?)
C:\gh\azure-sdk-for-net\sdk\mgmtcommon\Auth\Az.Auth\Az.Auth.Tests\Az.Auth.Net452.Test\UserLogin.cs(60,10): error CS0246: The type or namespace name 'InlineData' could not be found (are you missing a using directive or an assembly reference?)
C:\gh\azure-sdk-for-net\sdk\mgmtcommon\Auth\Az.Auth\Az.Auth.Tests\Az.Auth.Net452.Test\UserLogin.cs(59,17): error CS0246: The type or namespace name 'Skip' could not be found (are you missing a using directive or an assembly reference?)
C:\gh\azure-sdk-for-net\sdk\mgmtcommon\Auth\Az.Auth\Az.Auth.Tests\Az.Auth.Net452.Test\UserLogin.cs(84,10): error CS0246: The type or namespace name 'TheoryAttribute' could not be found (are you missing a using directive or an assembly reference?)
C:\gh\azure-sdk-for-net\sdk\mgmtcommon\Auth\Az.Auth\Az.Auth.Tests\Az.Auth.Net452.Test\UserLogin.cs(84,10): error CS0246: The type or namespace name 'Theory' could not be found (are you missing a using directive or an assembly reference?)
C:\gh\azure-sdk-for-net\sdk\mgmtcommon\Auth\Az.Auth\Az.Auth.Tests\Az.Auth.Net452.Test\UserLogin.cs(85,10): error CS0246: The type or namespace name 'InlineDataAttribute' could not be found (are you missing a using directive or an assembly reference?)
C:\gh\azure-sdk-for-net\sdk\mgmtcommon\Auth\Az.Auth\Az.Auth.Tests\Az.Auth.Net452.Test\UserLogin.cs(85,10): error CS0246: The type or namespace name 'InlineData' could not be found (are you missing a using directive or an assembly reference?)
C:\gh\azure-sdk-for-net\sdk\mgmtcommon\Auth\Az.Auth\Az.Auth.Tests\Az.Auth.Net452.Test\UserLogin.cs(84,17): error CS0246: The type or namespace name 'Skip' could not be found (are you missing a using directive or an assembly reference?)
C:\gh\azure-sdk-for-net\sdk\mgmtcommon\Auth\Az.Auth\Az.Auth.Tests\Az.Auth.Net452.Test\Net452ExceptionsTests.cs(24,54): error CS0246: The type or namespace name 'ITokenProvider' could not be found (are you missing a using directive or an assembly reference?)
C:\gh\azure-sdk-for-net\sdk\mgmtcommon\Auth\Az.Auth\Az.Auth.Tests\Az.Auth.Net452.Test\Net452ExceptionsTests.cs(24,29): error CS0246: The type or namespace name 'ServiceClientCredentials' could not be found (are you missing a using directive or an assembly reference?)
C:\gh\azure-sdk-for-net\sdk\mgmtcommon\Auth\Az.Auth\Az.Auth.Tests\Az.Auth.Net452.Test\Net452ExceptionsTests.cs(26,19): error CS0246: The type or namespace name 'AdalException' could not be found (are you missing a using directive or an assembly reference?)
C:\gh\azure-sdk-for-net\sdk\mgmtcommon\Auth\Az.Auth\Az.Auth.Tests\Az.Auth.Net452.Test\Net452ExceptionsTests.cs(28,40): error CS0246: The type or namespace name 'AdalException' could not be found (are you missing a using directive or an assembly reference?)
C:\gh\azure-sdk-for-net\sdk\mgmtcommon\Auth\Az.Auth\Az.Auth.Tests\Az.Auth.Net452.Test\Net452ExceptionsTests.cs(31,13): error CS0103: The name 'Assert' does not exist in the current context
C:\gh\azure-sdk-for-net\sdk\mgmtcommon\Auth\Az.Auth\Az.Auth.Tests\Az.Auth.Net452.Test\Net452ExceptionsTests.cs(32,13): error CS0103: The name 'Assert' does not exist in the current context
C:\gh\azure-sdk-for-net\sdk\mgmtcommon\Auth\Az.Auth\Az.Auth.Tests\Az.Auth.Net452.Test\Net452ExceptionsTests.cs(32,54): error CS0246: The type or namespace name 'RestException' could not be found (are you missing a using directive or an assembly reference?)
C:\gh\azure-sdk-for-net\sdk\mgmtcommon\Auth\Az.Auth\Az.Auth.Tests\Az.Auth.Net452.Test\Net452ExceptionsTests.cs(32,54): error CS1061: 'AuthenticationException' does not contain a definition for 'Message' and no accessible extension method 'Message' accepting a first argument of type 'AuthenticationException' could be found (are you missing a using directive or an assembly reference?)
C:\gh\azure-sdk-for-net\sdk\mgmtcommon\Auth\Az.Auth\Az.Auth.Tests\Az.Auth.Net452.Test\CertAuthTests.cs(32,13): error CS0246: The type or namespace name 'ServiceClientCredentials' could not be found (are you missing a using directive or an assembly reference?)
C:\gh\azure-sdk-for-net\sdk\mgmtcommon\Auth\Az.Auth\Az.Auth.Tests\Az.Auth.Net452.Test\CertAuthTests.cs(54,13): error CS0246: The type or namespace name 'ClientAssertionCertificate' could not be found (are you missing a using directive or an assembly reference?)
C:\gh\azure-sdk-for-net\sdk\mgmtcommon\Auth\Az.Auth\Az.Auth.Tests\Az.Auth.Net452.Test\CertAuthTests.cs(54,60): error CS0246: The type or namespace name 'ClientAssertionCertificate' could not be found (are you missing a using directive or an assembly reference?)
C:\gh\azure-sdk-for-net\sdk\mgmtcommon\Auth\Az.Auth\Az.Auth.Tests\Az.Auth.Net452.Test\CertAuthTests.cs(56,54): error CS0246: The type or namespace name 'ITokenProvider' could not be found (are you missing a using directive or an assembly reference?)
C:\gh\azure-sdk-for-net\sdk\mgmtcommon\Auth\Az.Auth\Az.Auth.Tests\Az.Auth.Net452.Test\CertAuthTests.cs(56,29): error CS0246: The type or namespace name 'ServiceClientCredentials' could not be found (are you missing a using directive or an assembly reference?)
C:\gh\azure-sdk-for-net\sdk\mgmtcommon\Auth\Az.Auth\Az.Auth.Tests\Az.Auth.Net452.Test\CertAuthTests.cs(57,13): error CS0103: The name 'Assert' does not exist in the current context
C:\gh\azure-sdk-for-net\sdk\mgmtcommon\Auth\Az.Auth\Az.Auth.Tests\Az.Auth.Net452.Test\UserLogin.cs(52,13): error CS0103: The name 'Assert' does not exist in the current context
C:\gh\azure-sdk-for-net\sdk\mgmtcommon\Auth\Az.Auth\Az.Auth.Tests\Az.Auth.Net452.Test\UserLogin.cs(53,13): error CS0103: The name 'Assert' does not exist in the current context
C:\gh\azure-sdk-for-net\sdk\mgmtcommon\Auth\Az.Auth\Az.Auth.Tests\Az.Auth.Net452.Test\UserLogin.cs(54,13): error CS0103: The name 'Assert' does not exist in the current context
C:\gh\azure-sdk-for-net\sdk\mgmtcommon\Auth\Az.Auth\Az.Auth.Tests\Az.Auth.Net452.Test\UserLogin.cs(55,13): error CS0103: The name 'Assert' does not exist in the current context
C:\gh\azure-sdk-for-net\sdk\mgmtcommon\Auth\Az.Auth\Az.Auth.Tests\Az.Auth.Net452.Test\UserLogin.cs(76,13): error CS0246: The type or namespace name 'ServiceClientCredentials' could not be found (are you missing a using directive or an assembly reference?)
C:\gh\azure-sdk-for-net\sdk\mgmtcommon\Auth\Az.Auth\Az.Auth.Tests\Az.Auth.Net452.Test\UserLogin.cs(77,47): error CS0246: The type or namespace name 'ITokenProvider' could not be found (are you missing a using directive or an assembly reference?)
C:\gh\azure-sdk-for-net\sdk\mgmtcommon\Auth\Az.Auth\Az.Auth.Tests\Az.Auth.Net452.Test\UserLogin.cs(77,29): error CS0246: The type or namespace name 'ServiceClientCredentials' could not be found (are you missing a using directive or an assembly reference?)
C:\gh\azure-sdk-for-net\sdk\mgmtcommon\Auth\Az.Auth\Az.Auth.Tests\Az.Auth.Net452.Test\UserLogin.cs(80,13): error CS0103: The name 'Assert' does not exist in the current context
C:\gh\azure-sdk-for-net\sdk\mgmtcommon\Auth\Az.Auth\Az.Auth.Tests\Az.Auth.Net452.Test\UserLogin.cs(104,13): error CS0246: The type or namespace name 'ServiceClientCredentials' could not be found (are you missing a using directive or an assembly reference?)
C:\gh\azure-sdk-for-net\sdk\mgmtcommon\Auth\Az.Auth\Az.Auth.Tests\Az.Auth.Net452.Test\UserLogin.cs(105,47): error CS0246: The type or namespace name 'ITokenProvider' could not be found (are you missing a using directive or an assembly reference?)
C:\gh\azure-sdk-for-net\sdk\mgmtcommon\Auth\Az.Auth\Az.Auth.Tests\Az.Auth.Net452.Test\UserLogin.cs(105,29): error CS0246: The type or namespace name 'ServiceClientCredentials' could not be found (are you missing a using directive or an assembly reference?)
C:\gh\azure-sdk-for-net\sdk\mgmtcommon\Auth\Az.Auth\Az.Auth.Tests\Az.Auth.Net452.Test\UserLogin.cs(106,13): error CS0103: The name 'Assert' does not exist in the current context
C:\gh\azure-sdk-for-net\sdk\mgmtcommon\Auth\Az.Auth\Az.Auth.Tests\Az.Auth.Net452.Test\UserLogin.cs(115,17): error CS0246: The type or namespace name 'PromptBehavior' could not be found (are you missing a using directive or an assembly reference?)
C:\gh\azure-sdk-for-net\sdk\mgmtcommon\Auth\Az.Auth\Az.Auth.Tests\Az.Auth.Net452.Test\UserLogin.cs(115,34): error CS0103: The name 'PromptBehavior' does not exist in the current context
C:\gh\azure-sdk-for-net\sdk\mgmtcommon\Auth\Az.Auth\Az.Auth.Tests\Az.Auth.Net452.Test\UserLogin.cs(11,5): hidden CS8019: Unnecessary using directive.
C:\gh\azure-sdk-for-net\sdk\mgmtcommon\Auth\Az.Auth\Az.Auth.Tests\Az.Auth.Net452.Test\Net452ExceptionsTests.cs(9,5): hidden CS8019: Unnecessary using directive.
C:\gh\azure-sdk-for-net\sdk\mgmtcommon\Auth\Az.Auth\Az.Auth.Tests\Az.Auth.Net452.Test\TestFxFiles\ExtMethod.cs(5,1): hidden CS8019: Unnecessary using directive.
C:\gh\azure-sdk-for-net\artifacts\obj\Az.Auth.Net452.Test\Debug\net452\Az.Auth.Net452.Test.AssemblyInfo.cs(11,1): hidden CS8019: Unnecessary using directive.
C:\gh\azure-sdk-for-net\sdk\mgmtcommon\Auth\Az.Auth\Az.Auth.Tests\Az.Auth.Net452.Test\Net452ExceptionsTests.cs(10,5): hidden CS8019: Unnecessary using directive.
C:\gh\azure-sdk-for-net\sdk\mgmtcommon\Auth\Az.Auth\Az.Auth.Tests\Az.Auth.Net452.Test\UserLogin.cs(12,5): hidden CS8019: Unnecessary using directive.
C:\gh\azure-sdk-for-net\sdk\mgmtcommon\Auth\Az.Auth\Az.Auth.Tests\Az.Auth.Net452.Test\TestFxFiles\ExtMethod.cs(1,1): hidden CS8019: Unnecessary using directive.
C:\gh\azure-sdk-for-net\sdk\mgmtcommon\Auth\Az.Auth\Az.Auth.Tests\Az.Auth.Net452.Test\Net452ExceptionsTests.cs(8,5): hidden CS8019: Unnecessary using directive.
C:\gh\azure-sdk-for-net\sdk\mgmtcommon\Auth\Az.Auth\Az.Auth.Tests\Az.Auth.Net452.Test\UserLogin.cs(6,5): hidden CS8019: Unnecessary using directive.
C:\gh\azure-sdk-for-net\sdk\mgmtcommon\Auth\Az.Auth\Az.Auth.Tests\Az.Auth.Net452.Test\UserLogin.cs(10,5): hidden CS8019: Unnecessary using directive.
C:\gh\azure-sdk-for-net\sdk\mgmtcommon\Auth\Az.Auth\Az.Auth.Tests\Az.Auth.Net452.Test\Properties\AssemblyInfo.cs(2,1): hidden CS8019: Unnecessary using directive.
C:\gh\azure-sdk-for-net\sdk\mgmtcommon\Auth\Az.Auth\Az.Auth.Tests\Az.Auth.Net452.Test\CertAuthTests.cs(10,1): hidden CS8019: Unnecessary using directive.
C:\gh\azure-sdk-for-net\sdk\mgmtcommon\Auth\Az.Auth\Az.Auth.Tests\Az.Auth.Net452.Test\TestFxFiles\ExtMethod.cs(6,1): hidden CS8019: Unnecessary using directive.
C:\gh\azure-sdk-for-net\sdk\mgmtcommon\Auth\Az.Auth\Az.Auth.Tests\Az.Auth.Net452.Test\UserLogin.cs(16,5): hidden CS8019: Unnecessary using directive.
C:\gh\azure-sdk-for-net\sdk\mgmtcommon\Auth\Az.Auth\Az.Auth.Tests\Az.Auth.Net452.Test\TestBase.cs(12,5): hidden CS8019: Unnecessary using directive.
C:\gh\azure-sdk-for-net\sdk\mgmtcommon\Auth\Az.Auth\Az.Auth.Tests\Az.Auth.Net452.Test\TestBase.cs(8,5): hidden CS8019: Unnecessary using directive.
C:\gh\azure-sdk-for-net\sdk\mgmtcommon\Auth\Az.Auth\Az.Auth.Tests\Az.Auth.Net452.Test\UserLogin.cs(7,5): hidden CS8019: Unnecessary using directive.
C:\gh\azure-sdk-for-net\sdk\mgmtcommon\Auth\Az.Auth\Az.Auth.Tests\Az.Auth.Net452.Test\Net452ExceptionsTests.cs(11,5): hidden CS8019: Unnecessary using directive.
C:\gh\azure-sdk-for-net\sdk\mgmtcommon\Auth\Az.Auth\Az.Auth.Tests\Az.Auth.Net452.Test\Net452ExceptionsTests.cs(13,5): hidden CS8019: Unnecessary using directive.
C:\gh\azure-sdk-for-net\sdk\mgmtcommon\Auth\Az.Auth\Az.Auth.Tests\Az.Auth.Net452.Test\TestFxFiles\ConnectionStringKeys.cs(5,5): hidden CS8019: Unnecessary using directive.
C:\gh\azure-sdk-for-net\sdk\mgmtcommon\Auth\Az.Auth\Az.Auth.Tests\Az.Auth.Net452.Test\TestBase.cs(10,5): hidden CS8019: Unnecessary using directive.
C:\gh\azure-sdk-for-net\sdk\mgmtcommon\Auth\Az.Auth\Az.Auth.Tests\Az.Auth.Net452.Test\CertAuthTests.cs(8,1): hidden CS8019: Unnecessary using directive.
C:\gh\azure-sdk-for-net\sdk\mgmtcommon\Auth\Az.Auth\Az.Auth.Tests\Az.Auth.Net452.Test\TestBase.cs(13,5): hidden CS8019: Unnecessary using directive.
C:\gh\azure-sdk-for-net\sdk\mgmtcommon\Auth\Az.Auth\Az.Auth.Tests\Az.Auth.Net452.Test\Net452ExceptionsTests.cs(6,5): hidden CS8019: Unnecessary using directive.
C:\gh\azure-sdk-for-net\sdk\mgmtcommon\Auth\Az.Auth\Az.Auth.Tests\Az.Auth.Net452.Test\Net452ExceptionsTests.cs(12,5): hidden CS8019: Unnecessary using directive.
C:\gh\azure-sdk-for-net\sdk\mgmtcommon\Auth\Az.Auth\Az.Auth.Tests\Az.Auth.Net452.Test\CertAuthTests.cs(9,1): hidden CS8019: Unnecessary using directive.
C:\gh\azure-sdk-for-net\sdk\mgmtcommon\Auth\Az.Auth\Az.Auth.Tests\Az.Auth.Net452.Test\CertAuthTests.cs(2,1): hidden CS8019: Unnecessary using directive.
C:\gh\azure-sdk-for-net\sdk\mgmtcommon\Auth\Az.Auth\Az.Auth.Tests\Az.Auth.Net452.Test\CertAuthTests.cs(6,1): hidden CS8019: Unnecessary using directive.
C:\gh\azure-sdk-for-net\artifacts\obj\Az.Auth.Net452.Test\Debug\net452\.NETFramework,Version=v4.5.2.AssemblyAttributes.cs(3,1): hidden CS8019: Unnecessary using directive.
C:\gh\azure-sdk-for-net\sdk\mgmtcommon\Auth\Az.Auth\Az.Auth.Tests\Az.Auth.Net452.Test\CertAuthTests.cs(1,1): hidden CS8019: Unnecessary using directive.
C:\gh\azure-sdk-for-net\artifacts\obj\Az.Auth.Net452.Test\Debug\net452\Az.Auth.Net452.Test.AssemblyInfo.cs(12,1): hidden CS8019: Unnecessary using directive.
C:\gh\azure-sdk-for-net\sdk\mgmtcommon\Auth\Az.Auth\Az.Auth.Tests\Az.Auth.Net452.Test\CertAuthTests.cs(5,1): hidden CS8019: Unnecessary using directive.
C:\gh\azure-sdk-for-net\artifacts\obj\Az.Auth.Net452.Test\Debug\net452\.NETFramework,Version=v4.5.2.AssemblyAttributes.cs(2,1): hidden CS8019: Unnecessary using directive.
