C:\gh\azure-sdk-for-net\eng\mgmt\DisableTestRunParallel.cs(7,12): error CS0246: The type or namespace name 'CollectionBehaviorAttribute' could not be found (are you missing a using directive or an assembly reference?)
C:\gh\azure-sdk-for-net\eng\mgmt\DisableTestRunParallel.cs(7,12): error CS0246: The type or namespace name 'CollectionBehavior' could not be found (are you missing a using directive or an assembly reference?)
C:\gh\azure-sdk-for-net\eng\mgmt\DisableTestRunParallel.cs(7,31): error CS0246: The type or namespace name 'DisableTestParallelization' could not be found (are you missing a using directive or an assembly reference?)
C:\gh\azure-sdk-for-net\eng\mgmt\DisableTestRunParallel.cs(7,66): error CS0246: The type or namespace name 'MaxParallelThreads' could not be found (are you missing a using directive or an assembly reference?)
C:\gh\azure-sdk-for-net\sdk\consumption\Microsoft.Azure.Management.Consumption\tests\ScenarioTests\BudgetTests.cs(7,34): error CS0234: The type or namespace name 'Resources' does not exist in the namespace 'Microsoft.Azure.Management' (are you missing an assembly reference?)
C:\gh\azure-sdk-for-net\sdk\consumption\Microsoft.Azure.Management.Consumption\tests\ScenarioTests\BudgetTests.cs(12,7): error CS0246: The type or namespace name 'Xunit' could not be found (are you missing a using directive or an assembly reference?)
C:\gh\azure-sdk-for-net\sdk\consumption\Microsoft.Azure.Management.Consumption\tests\ScenarioTests\MarketplaceTests.cs(7,34): error CS0234: The type or namespace name 'Resources' does not exist in the namespace 'Microsoft.Azure.Management' (are you missing an assembly reference?)
C:\gh\azure-sdk-for-net\sdk\consumption\Microsoft.Azure.Management.Consumption\tests\ScenarioTests\MarketplaceTests.cs(8,22): error CS0234: The type or namespace name 'Azure' does not exist in the namespace 'Microsoft.Rest' (are you missing an assembly reference?)
C:\gh\azure-sdk-for-net\sdk\consumption\Microsoft.Azure.Management.Consumption\tests\ScenarioTests\MarketplaceTests.cs(12,7): error CS0246: The type or namespace name 'Xunit' could not be found (are you missing a using directive or an assembly reference?)
C:\gh\azure-sdk-for-net\sdk\consumption\Microsoft.Azure.Management.Consumption\tests\ScenarioTests\PricesheetTests.cs(7,34): error CS0234: The type or namespace name 'Resources' does not exist in the namespace 'Microsoft.Azure.Management' (are you missing an assembly reference?)
C:\gh\azure-sdk-for-net\sdk\consumption\Microsoft.Azure.Management.Consumption\tests\ScenarioTests\PricesheetTests.cs(11,7): error CS0246: The type or namespace name 'Xunit' could not be found (are you missing a using directive or an assembly reference?)
C:\gh\azure-sdk-for-net\sdk\consumption\Microsoft.Azure.Management.Consumption\tests\ScenarioTests\ReservationDetailsTests.cs(7,34): error CS0234: The type or namespace name 'Resources' does not exist in the namespace 'Microsoft.Azure.Management' (are you missing an assembly reference?)
C:\gh\azure-sdk-for-net\sdk\consumption\Microsoft.Azure.Management.Consumption\tests\ScenarioTests\ReservationDetailsTests.cs(11,7): error CS0246: The type or namespace name 'Xunit' could not be found (are you missing a using directive or an assembly reference?)
C:\gh\azure-sdk-for-net\sdk\consumption\Microsoft.Azure.Management.Consumption\tests\ScenarioTests\ReservationSummariesTests.cs(7,34): error CS0234: The type or namespace name 'Resources' does not exist in the namespace 'Microsoft.Azure.Management' (are you missing an assembly reference?)
C:\gh\azure-sdk-for-net\sdk\consumption\Microsoft.Azure.Management.Consumption\tests\ScenarioTests\ReservationSummariesTests.cs(11,7): error CS0246: The type or namespace name 'Xunit' could not be found (are you missing a using directive or an assembly reference?)
C:\gh\azure-sdk-for-net\sdk\consumption\Microsoft.Azure.Management.Consumption\tests\ScenarioTests\SubscriptionUsagesTests.cs(7,34): error CS0234: The type or namespace name 'Resources' does not exist in the namespace 'Microsoft.Azure.Management' (are you missing an assembly reference?)
C:\gh\azure-sdk-for-net\sdk\consumption\Microsoft.Azure.Management.Consumption\tests\ScenarioTests\SubscriptionUsagesTests.cs(12,7): error CS0246: The type or namespace name 'Xunit' could not be found (are you missing a using directive or an assembly reference?)
C:\gh\azure-sdk-for-net\eng\mgmt\DisableTestRunParallel.cs(5,7): error CS0246: The type or namespace name 'Xunit' could not be found (are you missing a using directive or an assembly reference?)
C:\gh\azure-sdk-for-net\sdk\consumption\Microsoft.Azure.Management.Consumption\tests\ScenarioTests\PricesheetTests.cs(22,10): error CS0246: The type or namespace name 'FactAttribute' could not be found (are you missing a using directive or an assembly reference?)
C:\gh\azure-sdk-for-net\sdk\consumption\Microsoft.Azure.Management.Consumption\tests\ScenarioTests\PricesheetTests.cs(22,10): error CS0246: The type or namespace name 'Fact' could not be found (are you missing a using directive or an assembly reference?)
C:\gh\azure-sdk-for-net\sdk\consumption\Microsoft.Azure.Management.Consumption\tests\ScenarioTests\MarketplaceTests.cs(23,10): error CS0246: The type or namespace name 'FactAttribute' could not be found (are you missing a using directive or an assembly reference?)
C:\gh\azure-sdk-for-net\sdk\consumption\Microsoft.Azure.Management.Consumption\tests\ScenarioTests\MarketplaceTests.cs(23,10): error CS0246: The type or namespace name 'Fact' could not be found (are you missing a using directive or an assembly reference?)
C:\gh\azure-sdk-for-net\sdk\consumption\Microsoft.Azure.Management.Consumption\tests\ScenarioTests\ReservationSummariesTests.cs(20,10): error CS0246: The type or namespace name 'FactAttribute' could not be found (are you missing a using directive or an assembly reference?)
C:\gh\azure-sdk-for-net\sdk\consumption\Microsoft.Azure.Management.Consumption\tests\ScenarioTests\ReservationSummariesTests.cs(20,10): error CS0246: The type or namespace name 'Fact' could not be found (are you missing a using directive or an assembly reference?)
C:\gh\azure-sdk-for-net\sdk\consumption\Microsoft.Azure.Management.Consumption\tests\ScenarioTests\ReservationDetailsTests.cs(20,10): error CS0246: The type or namespace name 'FactAttribute' could not be found (are you missing a using directive or an assembly reference?)
C:\gh\azure-sdk-for-net\sdk\consumption\Microsoft.Azure.Management.Consumption\tests\ScenarioTests\ReservationDetailsTests.cs(20,10): error CS0246: The type or namespace name 'Fact' could not be found (are you missing a using directive or an assembly reference?)
C:\gh\azure-sdk-for-net\sdk\consumption\Microsoft.Azure.Management.Consumption\tests\ScenarioTests\SubscriptionUsagesTests.cs(22,10): error CS0246: The type or namespace name 'FactAttribute' could not be found (are you missing a using directive or an assembly reference?)
C:\gh\azure-sdk-for-net\sdk\consumption\Microsoft.Azure.Management.Consumption\tests\ScenarioTests\SubscriptionUsagesTests.cs(22,10): error CS0246: The type or namespace name 'Fact' could not be found (are you missing a using directive or an assembly reference?)
C:\gh\azure-sdk-for-net\sdk\consumption\Microsoft.Azure.Management.Consumption\tests\ScenarioTests\PricesheetTests.cs(35,10): error CS0246: The type or namespace name 'FactAttribute' could not be found (are you missing a using directive or an assembly reference?)
C:\gh\azure-sdk-for-net\sdk\consumption\Microsoft.Azure.Management.Consumption\tests\ScenarioTests\PricesheetTests.cs(35,10): error CS0246: The type or namespace name 'Fact' could not be found (are you missing a using directive or an assembly reference?)
C:\gh\azure-sdk-for-net\sdk\consumption\Microsoft.Azure.Management.Consumption\tests\ScenarioTests\BudgetTests.cs(23,10): error CS0246: The type or namespace name 'FactAttribute' could not be found (are you missing a using directive or an assembly reference?)
C:\gh\azure-sdk-for-net\sdk\consumption\Microsoft.Azure.Management.Consumption\tests\ScenarioTests\BudgetTests.cs(23,10): error CS0246: The type or namespace name 'Fact' could not be found (are you missing a using directive or an assembly reference?)
C:\gh\azure-sdk-for-net\sdk\consumption\Microsoft.Azure.Management.Consumption\tests\ScenarioTests\MarketplaceTests.cs(42,10): error CS0246: The type or namespace name 'FactAttribute' could not be found (are you missing a using directive or an assembly reference?)
C:\gh\azure-sdk-for-net\sdk\consumption\Microsoft.Azure.Management.Consumption\tests\ScenarioTests\MarketplaceTests.cs(42,10): error CS0246: The type or namespace name 'Fact' could not be found (are you missing a using directive or an assembly reference?)
C:\gh\azure-sdk-for-net\sdk\consumption\Microsoft.Azure.Management.Consumption\tests\ScenarioTests\ReservationDetailsTests.cs(38,10): error CS0246: The type or namespace name 'FactAttribute' could not be found (are you missing a using directive or an assembly reference?)
C:\gh\azure-sdk-for-net\sdk\consumption\Microsoft.Azure.Management.Consumption\tests\ScenarioTests\ReservationDetailsTests.cs(38,10): error CS0246: The type or namespace name 'Fact' could not be found (are you missing a using directive or an assembly reference?)
C:\gh\azure-sdk-for-net\sdk\consumption\Microsoft.Azure.Management.Consumption\tests\ScenarioTests\MarketplaceTests.cs(61,10): error CS0246: The type or namespace name 'FactAttribute' could not be found (are you missing a using directive or an assembly reference?)
C:\gh\azure-sdk-for-net\sdk\consumption\Microsoft.Azure.Management.Consumption\tests\ScenarioTests\MarketplaceTests.cs(61,10): error CS0246: The type or namespace name 'Fact' could not be found (are you missing a using directive or an assembly reference?)
C:\gh\azure-sdk-for-net\sdk\consumption\Microsoft.Azure.Management.Consumption\tests\ScenarioTests\PricesheetTests.cs(48,10): error CS0246: The type or namespace name 'FactAttribute' could not be found (are you missing a using directive or an assembly reference?)
C:\gh\azure-sdk-for-net\sdk\consumption\Microsoft.Azure.Management.Consumption\tests\ScenarioTests\PricesheetTests.cs(48,10): error CS0246: The type or namespace name 'Fact' could not be found (are you missing a using directive or an assembly reference?)
C:\gh\azure-sdk-for-net\sdk\consumption\Microsoft.Azure.Management.Consumption\tests\ScenarioTests\BudgetTests.cs(51,10): error CS0246: The type or namespace name 'FactAttribute' could not be found (are you missing a using directive or an assembly reference?)
C:\gh\azure-sdk-for-net\sdk\consumption\Microsoft.Azure.Management.Consumption\tests\ScenarioTests\BudgetTests.cs(51,10): error CS0246: The type or namespace name 'Fact' could not be found (are you missing a using directive or an assembly reference?)
C:\gh\azure-sdk-for-net\sdk\consumption\Microsoft.Azure.Management.Consumption\tests\ScenarioTests\SubscriptionUsagesTests.cs(42,10): error CS0246: The type or namespace name 'FactAttribute' could not be found (are you missing a using directive or an assembly reference?)
C:\gh\azure-sdk-for-net\sdk\consumption\Microsoft.Azure.Management.Consumption\tests\ScenarioTests\SubscriptionUsagesTests.cs(42,10): error CS0246: The type or namespace name 'Fact' could not be found (are you missing a using directive or an assembly reference?)
C:\gh\azure-sdk-for-net\sdk\consumption\Microsoft.Azure.Management.Consumption\tests\ScenarioTests\BudgetTests.cs(64,10): error CS0246: The type or namespace name 'FactAttribute' could not be found (are you missing a using directive or an assembly reference?)
C:\gh\azure-sdk-for-net\sdk\consumption\Microsoft.Azure.Management.Consumption\tests\ScenarioTests\BudgetTests.cs(64,10): error CS0246: The type or namespace name 'Fact' could not be found (are you missing a using directive or an assembly reference?)
C:\gh\azure-sdk-for-net\sdk\consumption\Microsoft.Azure.Management.Consumption\tests\ScenarioTests\BudgetTests.cs(79,10): error CS0246: The type or namespace name 'FactAttribute' could not be found (are you missing a using directive or an assembly reference?)
C:\gh\azure-sdk-for-net\sdk\consumption\Microsoft.Azure.Management.Consumption\tests\ScenarioTests\BudgetTests.cs(79,10): error CS0246: The type or namespace name 'Fact' could not be found (are you missing a using directive or an assembly reference?)
C:\gh\azure-sdk-for-net\sdk\consumption\Microsoft.Azure.Management.Consumption\tests\ScenarioTests\BudgetTests.cs(99,10): error CS0246: The type or namespace name 'FactAttribute' could not be found (are you missing a using directive or an assembly reference?)
C:\gh\azure-sdk-for-net\sdk\consumption\Microsoft.Azure.Management.Consumption\tests\ScenarioTests\BudgetTests.cs(99,10): error CS0246: The type or namespace name 'Fact' could not be found (are you missing a using directive or an assembly reference?)
C:\gh\azure-sdk-for-net\sdk\consumption\Microsoft.Azure.Management.Consumption\tests\ScenarioTests\BudgetTests.cs(128,10): error CS0246: The type or namespace name 'FactAttribute' could not be found (are you missing a using directive or an assembly reference?)
C:\gh\azure-sdk-for-net\sdk\consumption\Microsoft.Azure.Management.Consumption\tests\ScenarioTests\BudgetTests.cs(128,10): error CS0246: The type or namespace name 'Fact' could not be found (are you missing a using directive or an assembly reference?)
C:\gh\azure-sdk-for-net\sdk\consumption\Microsoft.Azure.Management.Consumption\tests\ScenarioTests\BudgetTests.cs(141,10): error CS0246: The type or namespace name 'FactAttribute' could not be found (are you missing a using directive or an assembly reference?)
C:\gh\azure-sdk-for-net\sdk\consumption\Microsoft.Azure.Management.Consumption\tests\ScenarioTests\BudgetTests.cs(141,10): error CS0246: The type or namespace name 'Fact' could not be found (are you missing a using directive or an assembly reference?)
C:\gh\azure-sdk-for-net\sdk\consumption\Microsoft.Azure.Management.Consumption\tests\ScenarioTests\BudgetTests.cs(156,10): error CS0246: The type or namespace name 'FactAttribute' could not be found (are you missing a using directive or an assembly reference?)
C:\gh\azure-sdk-for-net\sdk\consumption\Microsoft.Azure.Management.Consumption\tests\ScenarioTests\BudgetTests.cs(156,10): error CS0246: The type or namespace name 'Fact' could not be found (are you missing a using directive or an assembly reference?)
C:\gh\azure-sdk-for-net\sdk\consumption\Microsoft.Azure.Management.Consumption\tests\ScenarioTests\ReservationSummariesTests.cs(38,10): error CS0246: The type or namespace name 'FactAttribute' could not be found (are you missing a using directive or an assembly reference?)
C:\gh\azure-sdk-for-net\sdk\consumption\Microsoft.Azure.Management.Consumption\tests\ScenarioTests\ReservationSummariesTests.cs(38,10): error CS0246: The type or namespace name 'Fact' could not be found (are you missing a using directive or an assembly reference?)
C:\gh\azure-sdk-for-net\sdk\consumption\Microsoft.Azure.Management.Consumption\tests\ScenarioTests\SubscriptionUsagesTests.cs(62,10): error CS0246: The type or namespace name 'FactAttribute' could not be found (are you missing a using directive or an assembly reference?)
C:\gh\azure-sdk-for-net\sdk\consumption\Microsoft.Azure.Management.Consumption\tests\ScenarioTests\SubscriptionUsagesTests.cs(62,10): error CS0246: The type or namespace name 'Fact' could not be found (are you missing a using directive or an assembly reference?)
C:\gh\azure-sdk-for-net\sdk\consumption\Microsoft.Azure.Management.Consumption\tests\ScenarioTests\SubscriptionUsagesTests.cs(79,10): error CS0246: The type or namespace name 'FactAttribute' could not be found (are you missing a using directive or an assembly reference?)
C:\gh\azure-sdk-for-net\sdk\consumption\Microsoft.Azure.Management.Consumption\tests\ScenarioTests\SubscriptionUsagesTests.cs(79,10): error CS0246: The type or namespace name 'Fact' could not be found (are you missing a using directive or an assembly reference?)
C:\gh\azure-sdk-for-net\sdk\consumption\Microsoft.Azure.Management.Consumption\tests\ScenarioTests\SubscriptionUsagesTests.cs(99,10): error CS0246: The type or namespace name 'FactAttribute' could not be found (are you missing a using directive or an assembly reference?)
C:\gh\azure-sdk-for-net\sdk\consumption\Microsoft.Azure.Management.Consumption\tests\ScenarioTests\SubscriptionUsagesTests.cs(99,10): error CS0246: The type or namespace name 'Fact' could not be found (are you missing a using directive or an assembly reference?)
C:\gh\azure-sdk-for-net\sdk\consumption\Microsoft.Azure.Management.Consumption\tests\ScenarioTests\ReservationSummariesTests.cs(56,10): error CS0246: The type or namespace name 'FactAttribute' could not be found (are you missing a using directive or an assembly reference?)
C:\gh\azure-sdk-for-net\sdk\consumption\Microsoft.Azure.Management.Consumption\tests\ScenarioTests\ReservationSummariesTests.cs(56,10): error CS0246: The type or namespace name 'Fact' could not be found (are you missing a using directive or an assembly reference?)
C:\gh\azure-sdk-for-net\sdk\consumption\Microsoft.Azure.Management.Consumption\tests\ScenarioTests\ReservationSummariesTests.cs(75,10): error CS0246: The type or namespace name 'FactAttribute' could not be found (are you missing a using directive or an assembly reference?)
C:\gh\azure-sdk-for-net\sdk\consumption\Microsoft.Azure.Management.Consumption\tests\ScenarioTests\ReservationSummariesTests.cs(75,10): error CS0246: The type or namespace name 'Fact' could not be found (are you missing a using directive or an assembly reference?)
C:\gh\azure-sdk-for-net\sdk\consumption\Microsoft.Azure.Management.Consumption\tests\ScenarioTests\MarketplaceTests.cs(31,84): error CS0246: The type or namespace name 'ODataQuery<>' could not be found (are you missing a using directive or an assembly reference?)
C:\gh\azure-sdk-for-net\sdk\consumption\Microsoft.Azure.Management.Consumption\tests\ScenarioTests\MarketplaceTests.cs(31,40): error CS0012: The type 'IPage<>' is defined in an assembly that is not referenced. You must add a reference to assembly 'Microsoft.Rest.ClientRuntime.Azure, Version=3.0.0.0, Culture=neutral, PublicKeyToken=31bf3856ad364e35'.
C:\gh\azure-sdk-for-net\sdk\consumption\Microsoft.Azure.Management.Consumption\tests\ScenarioTests\MarketplaceTests.cs(31,40): error CS0012: The type 'ODataQuery<>' is defined in an assembly that is not referenced. You must add a reference to assembly 'Microsoft.Rest.ClientRuntime.Azure, Version=3.0.0.0, Culture=neutral, PublicKeyToken=31bf3856ad364e35'.
C:\gh\azure-sdk-for-net\sdk\consumption\Microsoft.Azure.Management.Consumption\tests\ScenarioTests\MarketplaceTests.cs(33,17): error CS0103: The name 'Assert' does not exist in the current context
C:\gh\azure-sdk-for-net\sdk\consumption\Microsoft.Azure.Management.Consumption\tests\ScenarioTests\MarketplaceTests.cs(34,17): error CS0103: The name 'Assert' does not exist in the current context
C:\gh\azure-sdk-for-net\sdk\consumption\Microsoft.Azure.Management.Consumption\tests\ScenarioTests\MarketplaceTests.cs(50,118): error CS0246: The type or namespace name 'ODataQuery<>' could not be found (are you missing a using directive or an assembly reference?)
C:\gh\azure-sdk-for-net\sdk\consumption\Microsoft.Azure.Management.Consumption\tests\ScenarioTests\MarketplaceTests.cs(50,75): error CS1061: 'IMarketplacesOperations' does not contain a definition for 'ListByBillingPeriod' and no accessible extension method 'ListByBillingPeriod' accepting a first argument of type 'IMarketplacesOperations' could be found (are you missing a using directive or an assembly reference?)
C:\gh\azure-sdk-for-net\sdk\consumption\Microsoft.Azure.Management.Consumption\tests\ScenarioTests\MarketplaceTests.cs(52,17): error CS0103: The name 'Assert' does not exist in the current context
C:\gh\azure-sdk-for-net\sdk\consumption\Microsoft.Azure.Management.Consumption\tests\ScenarioTests\MarketplaceTests.cs(53,17): error CS0103: The name 'Assert' does not exist in the current context
C:\gh\azure-sdk-for-net\sdk\consumption\Microsoft.Azure.Management.Consumption\tests\ScenarioTests\MarketplaceTests.cs(69,75): error CS1061: 'IMarketplacesOperations' does not contain a definition for 'ListByBillingPeriodNext' and no accessible extension method 'ListByBillingPeriodNext' accepting a first argument of type 'IMarketplacesOperations' could be found (are you missing a using directive or an assembly reference?)
C:\gh\azure-sdk-for-net\sdk\consumption\Microsoft.Azure.Management.Consumption\tests\ScenarioTests\MarketplaceTests.cs(71,17): error CS0103: The name 'Assert' does not exist in the current context
C:\gh\azure-sdk-for-net\sdk\consumption\Microsoft.Azure.Management.Consumption\tests\ScenarioTests\MarketplaceTests.cs(72,17): error CS0103: The name 'Assert' does not exist in the current context
C:\gh\azure-sdk-for-net\sdk\consumption\Microsoft.Azure.Management.Consumption\tests\ScenarioTests\ReservationDetailsTests.cs(27,42): error CS0012: The type 'IPage<>' is defined in an assembly that is not referenced. You must add a reference to assembly 'Microsoft.Rest.ClientRuntime.Azure, Version=3.0.0.0, Culture=neutral, PublicKeyToken=31bf3856ad364e35'.
C:\gh\azure-sdk-for-net\sdk\consumption\Microsoft.Azure.Management.Consumption\tests\ScenarioTests\ReservationDetailsTests.cs(29,17): error CS0103: The name 'Assert' does not exist in the current context
C:\gh\azure-sdk-for-net\sdk\consumption\Microsoft.Azure.Management.Consumption\tests\ScenarioTests\ReservationDetailsTests.cs(30,17): error CS0103: The name 'Assert' does not exist in the current context
C:\gh\azure-sdk-for-net\sdk\consumption\Microsoft.Azure.Management.Consumption\tests\ScenarioTests\PricesheetTests.cs(63,13): error CS0103: The name 'Assert' does not exist in the current context
C:\gh\azure-sdk-for-net\sdk\consumption\Microsoft.Azure.Management.Consumption\tests\ScenarioTests\PricesheetTests.cs(64,13): error CS0103: The name 'Assert' does not exist in the current context
C:\gh\azure-sdk-for-net\sdk\consumption\Microsoft.Azure.Management.Consumption\tests\ScenarioTests\PricesheetTests.cs(65,13): error CS0103: The name 'Assert' does not exist in the current context
C:\gh\azure-sdk-for-net\sdk\consumption\Microsoft.Azure.Management.Consumption\tests\ScenarioTests\PricesheetTests.cs(66,13): error CS0103: The name 'Assert' does not exist in the current context
C:\gh\azure-sdk-for-net\sdk\consumption\Microsoft.Azure.Management.Consumption\tests\ScenarioTests\PricesheetTests.cs(67,13): error CS0103: The name 'Assert' does not exist in the current context
C:\gh\azure-sdk-for-net\sdk\consumption\Microsoft.Azure.Management.Consumption\tests\ScenarioTests\PricesheetTests.cs(68,13): error CS0103: The name 'Assert' does not exist in the current context
C:\gh\azure-sdk-for-net\sdk\consumption\Microsoft.Azure.Management.Consumption\tests\ScenarioTests\PricesheetTests.cs(70,13): error CS0103: The name 'Assert' does not exist in the current context
C:\gh\azure-sdk-for-net\sdk\consumption\Microsoft.Azure.Management.Consumption\tests\ScenarioTests\PricesheetTests.cs(74,17): error CS0103: The name 'Assert' does not exist in the current context
C:\gh\azure-sdk-for-net\sdk\consumption\Microsoft.Azure.Management.Consumption\tests\ScenarioTests\PricesheetTests.cs(79,17): error CS0103: The name 'Assert' does not exist in the current context
C:\gh\azure-sdk-for-net\sdk\consumption\Microsoft.Azure.Management.Consumption\tests\ScenarioTests\PricesheetTests.cs(80,17): error CS0103: The name 'Assert' does not exist in the current context
C:\gh\azure-sdk-for-net\sdk\consumption\Microsoft.Azure.Management.Consumption\tests\ScenarioTests\PricesheetTests.cs(81,17): error CS0103: The name 'Assert' does not exist in the current context
C:\gh\azure-sdk-for-net\sdk\consumption\Microsoft.Azure.Management.Consumption\tests\ScenarioTests\PricesheetTests.cs(82,17): error CS0103: The name 'Assert' does not exist in the current context
C:\gh\azure-sdk-for-net\sdk\consumption\Microsoft.Azure.Management.Consumption\tests\ScenarioTests\PricesheetTests.cs(83,17): error CS0103: The name 'Assert' does not exist in the current context
C:\gh\azure-sdk-for-net\sdk\consumption\Microsoft.Azure.Management.Consumption\tests\ScenarioTests\PricesheetTests.cs(87,21): error CS0103: The name 'Assert' does not exist in the current context
C:\gh\azure-sdk-for-net\sdk\consumption\Microsoft.Azure.Management.Consumption\tests\ScenarioTests\PricesheetTests.cs(88,21): error CS0103: The name 'Assert' does not exist in the current context
C:\gh\azure-sdk-for-net\sdk\consumption\Microsoft.Azure.Management.Consumption\tests\ScenarioTests\PricesheetTests.cs(89,21): error CS0103: The name 'Assert' does not exist in the current context
C:\gh\azure-sdk-for-net\sdk\consumption\Microsoft.Azure.Management.Consumption\tests\ScenarioTests\PricesheetTests.cs(90,21): error CS0103: The name 'Assert' does not exist in the current context
C:\gh\azure-sdk-for-net\sdk\consumption\Microsoft.Azure.Management.Consumption\tests\ScenarioTests\PricesheetTests.cs(91,21): error CS0103: The name 'Assert' does not exist in the current context
C:\gh\azure-sdk-for-net\sdk\consumption\Microsoft.Azure.Management.Consumption\tests\ScenarioTests\PricesheetTests.cs(92,21): error CS0103: The name 'Assert' does not exist in the current context
C:\gh\azure-sdk-for-net\sdk\consumption\Microsoft.Azure.Management.Consumption\tests\ScenarioTests\ReservationDetailsTests.cs(46,42): error CS0012: The type 'IPage<>' is defined in an assembly that is not referenced. You must add a reference to assembly 'Microsoft.Rest.ClientRuntime.Azure, Version=3.0.0.0, Culture=neutral, PublicKeyToken=31bf3856ad364e35'.
C:\gh\azure-sdk-for-net\sdk\consumption\Microsoft.Azure.Management.Consumption\tests\ScenarioTests\ReservationDetailsTests.cs(48,17): error CS0103: The name 'Assert' does not exist in the current context
C:\gh\azure-sdk-for-net\sdk\consumption\Microsoft.Azure.Management.Consumption\tests\ScenarioTests\ReservationDetailsTests.cs(49,17): error CS0103: The name 'Assert' does not exist in the current context
C:\gh\azure-sdk-for-net\sdk\consumption\Microsoft.Azure.Management.Consumption\tests\ScenarioTests\BudgetTests.cs(39,68): error CS7036: There is no argument given that corresponds to the required formal parameter 'parameters' of 'BudgetsOperationsExtensions.CreateOrUpdate(IBudgetsOperations, string, string, Budget)'
C:\gh\azure-sdk-for-net\sdk\consumption\Microsoft.Azure.Management.Consumption\tests\ScenarioTests\BudgetTests.cs(43,17): error CS0103: The name 'Assert' does not exist in the current context
C:\gh\azure-sdk-for-net\sdk\consumption\Microsoft.Azure.Management.Consumption\tests\ScenarioTests\BudgetTests.cs(44,17): error CS0103: The name 'Assert' does not exist in the current context
C:\gh\azure-sdk-for-net\sdk\consumption\Microsoft.Azure.Management.Consumption\tests\ScenarioTests\BudgetTests.cs(45,17): error CS0103: The name 'Assert' does not exist in the current context
C:\gh\azure-sdk-for-net\sdk\consumption\Microsoft.Azure.Management.Consumption\tests\ScenarioTests\BudgetTests.cs(46,17): error CS0103: The name 'Assert' does not exist in the current context
C:\gh\azure-sdk-for-net\sdk\consumption\Microsoft.Azure.Management.Consumption\tests\ScenarioTests\BudgetTests.cs(47,17): error CS0103: The name 'Assert' does not exist in the current context
C:\gh\azure-sdk-for-net\sdk\consumption\Microsoft.Azure.Management.Consumption\tests\ScenarioTests\ReservationDetailsTests.cs(58,13): error CS0103: The name 'Assert' does not exist in the current context
C:\gh\azure-sdk-for-net\sdk\consumption\Microsoft.Azure.Management.Consumption\tests\ScenarioTests\ReservationDetailsTests.cs(59,13): error CS0103: The name 'Assert' does not exist in the current context
C:\gh\azure-sdk-for-net\sdk\consumption\Microsoft.Azure.Management.Consumption\tests\ScenarioTests\ReservationDetailsTests.cs(60,13): error CS0103: The name 'Assert' does not exist in the current context
C:\gh\azure-sdk-for-net\sdk\consumption\Microsoft.Azure.Management.Consumption\tests\ScenarioTests\ReservationDetailsTests.cs(61,13): error CS0103: The name 'Assert' does not exist in the current context
C:\gh\azure-sdk-for-net\sdk\consumption\Microsoft.Azure.Management.Consumption\tests\ScenarioTests\ReservationDetailsTests.cs(62,13): error CS0103: The name 'Assert' does not exist in the current context
C:\gh\azure-sdk-for-net\sdk\consumption\Microsoft.Azure.Management.Consumption\tests\ScenarioTests\ReservationDetailsTests.cs(63,13): error CS0103: The name 'Assert' does not exist in the current context
C:\gh\azure-sdk-for-net\sdk\consumption\Microsoft.Azure.Management.Consumption\tests\ScenarioTests\ReservationDetailsTests.cs(64,13): error CS0103: The name 'Assert' does not exist in the current context
C:\gh\azure-sdk-for-net\sdk\consumption\Microsoft.Azure.Management.Consumption\tests\ScenarioTests\ReservationDetailsTests.cs(65,13): error CS0103: The name 'Assert' does not exist in the current context
C:\gh\azure-sdk-for-net\sdk\consumption\Microsoft.Azure.Management.Consumption\tests\ScenarioTests\ReservationDetailsTests.cs(66,13): error CS0103: The name 'Assert' does not exist in the current context
C:\gh\azure-sdk-for-net\sdk\consumption\Microsoft.Azure.Management.Consumption\tests\ScenarioTests\ReservationDetailsTests.cs(67,13): error CS0103: The name 'Assert' does not exist in the current context
C:\gh\azure-sdk-for-net\sdk\consumption\Microsoft.Azure.Management.Consumption\tests\ScenarioTests\ReservationDetailsTests.cs(68,13): error CS0103: The name 'Assert' does not exist in the current context
C:\gh\azure-sdk-for-net\sdk\consumption\Microsoft.Azure.Management.Consumption\tests\ScenarioTests\ReservationDetailsTests.cs(69,13): error CS0103: The name 'Assert' does not exist in the current context
C:\gh\azure-sdk-for-net\sdk\consumption\Microsoft.Azure.Management.Consumption\tests\ScenarioTests\MarketplaceTests.cs(82,13): error CS0103: The name 'Assert' does not exist in the current context
C:\gh\azure-sdk-for-net\sdk\consumption\Microsoft.Azure.Management.Consumption\tests\ScenarioTests\MarketplaceTests.cs(83,13): error CS0103: The name 'Assert' does not exist in the current context
C:\gh\azure-sdk-for-net\sdk\consumption\Microsoft.Azure.Management.Consumption\tests\ScenarioTests\MarketplaceTests.cs(84,13): error CS0103: The name 'Assert' does not exist in the current context
C:\gh\azure-sdk-for-net\sdk\consumption\Microsoft.Azure.Management.Consumption\tests\ScenarioTests\MarketplaceTests.cs(85,13): error CS0103: The name 'Assert' does not exist in the current context
C:\gh\azure-sdk-for-net\sdk\consumption\Microsoft.Azure.Management.Consumption\tests\ScenarioTests\MarketplaceTests.cs(86,13): error CS0103: The name 'Assert' does not exist in the current context
C:\gh\azure-sdk-for-net\sdk\consumption\Microsoft.Azure.Management.Consumption\tests\ScenarioTests\MarketplaceTests.cs(87,13): error CS0103: The name 'Assert' does not exist in the current context
C:\gh\azure-sdk-for-net\sdk\consumption\Microsoft.Azure.Management.Consumption\tests\ScenarioTests\MarketplaceTests.cs(88,13): error CS0103: The name 'Assert' does not exist in the current context
C:\gh\azure-sdk-for-net\sdk\consumption\Microsoft.Azure.Management.Consumption\tests\ScenarioTests\MarketplaceTests.cs(89,13): error CS0103: The name 'Assert' does not exist in the current context
C:\gh\azure-sdk-for-net\sdk\consumption\Microsoft.Azure.Management.Consumption\tests\ScenarioTests\MarketplaceTests.cs(90,13): error CS0103: The name 'Assert' does not exist in the current context
C:\gh\azure-sdk-for-net\sdk\consumption\Microsoft.Azure.Management.Consumption\tests\ScenarioTests\MarketplaceTests.cs(91,13): error CS0103: The name 'Assert' does not exist in the current context
C:\gh\azure-sdk-for-net\sdk\consumption\Microsoft.Azure.Management.Consumption\tests\ScenarioTests\MarketplaceTests.cs(92,13): error CS0103: The name 'Assert' does not exist in the current context
C:\gh\azure-sdk-for-net\sdk\consumption\Microsoft.Azure.Management.Consumption\tests\ScenarioTests\MarketplaceTests.cs(93,13): error CS0103: The name 'Assert' does not exist in the current context
C:\gh\azure-sdk-for-net\sdk\consumption\Microsoft.Azure.Management.Consumption\tests\ScenarioTests\MarketplaceTests.cs(94,13): error CS0103: The name 'Assert' does not exist in the current context
C:\gh\azure-sdk-for-net\sdk\consumption\Microsoft.Azure.Management.Consumption\tests\ScenarioTests\MarketplaceTests.cs(95,13): error CS0103: The name 'Assert' does not exist in the current context
C:\gh\azure-sdk-for-net\sdk\consumption\Microsoft.Azure.Management.Consumption\tests\ScenarioTests\MarketplaceTests.cs(96,13): error CS0103: The name 'Assert' does not exist in the current context
C:\gh\azure-sdk-for-net\sdk\consumption\Microsoft.Azure.Management.Consumption\tests\ScenarioTests\MarketplaceTests.cs(97,13): error CS0103: The name 'Assert' does not exist in the current context
C:\gh\azure-sdk-for-net\sdk\consumption\Microsoft.Azure.Management.Consumption\tests\ScenarioTests\BudgetTests.cs(60,47): error CS7036: There is no argument given that corresponds to the required formal parameter 'budgetName' of 'BudgetsOperationsExtensions.Delete(IBudgetsOperations, string, string)'
C:\gh\azure-sdk-for-net\sdk\consumption\Microsoft.Azure.Management.Consumption\tests\ScenarioTests\ReservationSummariesTests.cs(27,51): error CS0012: The type 'IPage<>' is defined in an assembly that is not referenced. You must add a reference to assembly 'Microsoft.Rest.ClientRuntime.Azure, Version=3.0.0.0, Culture=neutral, PublicKeyToken=31bf3856ad364e35'.
C:\gh\azure-sdk-for-net\sdk\consumption\Microsoft.Azure.Management.Consumption\tests\ScenarioTests\ReservationSummariesTests.cs(29,17): error CS0103: The name 'Assert' does not exist in the current context
C:\gh\azure-sdk-for-net\sdk\consumption\Microsoft.Azure.Management.Consumption\tests\ScenarioTests\ReservationSummariesTests.cs(30,17): error CS0103: The name 'Assert' does not exist in the current context
C:\gh\azure-sdk-for-net\sdk\consumption\Microsoft.Azure.Management.Consumption\tests\ScenarioTests\BudgetTests.cs(73,30): error CS1929: 'IBudgetsOperations' does not contain a definition for 'Get' and the best extension method overload 'PriceSheetOperationsExtensions.Get(IPriceSheetOperations, string, string, int?)' requires a receiver of type 'IPriceSheetOperations'
C:\gh\azure-sdk-for-net\sdk\consumption\Microsoft.Azure.Management.Consumption\tests\ScenarioTests\ReservationSummariesTests.cs(45,51): error CS0012: The type 'IPage<>' is defined in an assembly that is not referenced. You must add a reference to assembly 'Microsoft.Rest.ClientRuntime.Azure, Version=3.0.0.0, Culture=neutral, PublicKeyToken=31bf3856ad364e35'.
C:\gh\azure-sdk-for-net\sdk\consumption\Microsoft.Azure.Management.Consumption\tests\ScenarioTests\ReservationSummariesTests.cs(47,17): error CS0103: The name 'Assert' does not exist in the current context
C:\gh\azure-sdk-for-net\sdk\consumption\Microsoft.Azure.Management.Consumption\tests\ScenarioTests\ReservationSummariesTests.cs(48,17): error CS0103: The name 'Assert' does not exist in the current context
C:\gh\azure-sdk-for-net\sdk\consumption\Microsoft.Azure.Management.Consumption\tests\ScenarioTests\BudgetTests.cs(88,31): error CS0012: The type 'ODataQuery<>' is defined in an assembly that is not referenced. You must add a reference to assembly 'Microsoft.Rest.ClientRuntime.Azure, Version=3.0.0.0, Culture=neutral, PublicKeyToken=31bf3856ad364e35'.
C:\gh\azure-sdk-for-net\sdk\consumption\Microsoft.Azure.Management.Consumption\tests\ScenarioTests\BudgetTests.cs(88,31): error CS0012: The type 'IPage<>' is defined in an assembly that is not referenced. You must add a reference to assembly 'Microsoft.Rest.ClientRuntime.Azure, Version=3.0.0.0, Culture=neutral, PublicKeyToken=31bf3856ad364e35'.
C:\gh\azure-sdk-for-net\sdk\consumption\Microsoft.Azure.Management.Consumption\tests\ScenarioTests\BudgetTests.cs(90,17): error CS0103: The name 'Assert' does not exist in the current context
C:\gh\azure-sdk-for-net\sdk\consumption\Microsoft.Azure.Management.Consumption\tests\ScenarioTests\BudgetTests.cs(91,17): error CS0103: The name 'Assert' does not exist in the current context
C:\gh\azure-sdk-for-net\sdk\consumption\Microsoft.Azure.Management.Consumption\tests\ScenarioTests\ReservationSummariesTests.cs(64,49): error CS0012: The type 'IPage<>' is defined in an assembly that is not referenced. You must add a reference to assembly 'Microsoft.Rest.ClientRuntime.Azure, Version=3.0.0.0, Culture=neutral, PublicKeyToken=31bf3856ad364e35'.
C:\gh\azure-sdk-for-net\sdk\consumption\Microsoft.Azure.Management.Consumption\tests\ScenarioTests\ReservationSummariesTests.cs(66,17): error CS0103: The name 'Assert' does not exist in the current context
C:\gh\azure-sdk-for-net\sdk\consumption\Microsoft.Azure.Management.Consumption\tests\ScenarioTests\ReservationSummariesTests.cs(67,17): error CS0103: The name 'Assert' does not exist in the current context
C:\gh\azure-sdk-for-net\sdk\consumption\Microsoft.Azure.Management.Consumption\tests\ScenarioTests\BudgetTests.cs(116,68): error CS1061: 'IBudgetsOperations' does not contain a definition for 'CreateOrUpdateByResourceGroupName' and no accessible extension method 'CreateOrUpdateByResourceGroupName' accepting a first argument of type 'IBudgetsOperations' could be found (are you missing a using directive or an assembly reference?)
C:\gh\azure-sdk-for-net\sdk\consumption\Microsoft.Azure.Management.Consumption\tests\ScenarioTests\BudgetTests.cs(120,17): error CS0103: The name 'Assert' does not exist in the current context
C:\gh\azure-sdk-for-net\sdk\consumption\Microsoft.Azure.Management.Consumption\tests\ScenarioTests\BudgetTests.cs(121,17): error CS0103: The name 'Assert' does not exist in the current context
C:\gh\azure-sdk-for-net\sdk\consumption\Microsoft.Azure.Management.Consumption\tests\ScenarioTests\BudgetTests.cs(122,17): error CS0103: The name 'Assert' does not exist in the current context
C:\gh\azure-sdk-for-net\sdk\consumption\Microsoft.Azure.Management.Consumption\tests\ScenarioTests\BudgetTests.cs(123,17): error CS0103: The name 'Assert' does not exist in the current context
C:\gh\azure-sdk-for-net\sdk\consumption\Microsoft.Azure.Management.Consumption\tests\ScenarioTests\BudgetTests.cs(124,17): error CS0103: The name 'Assert' does not exist in the current context
C:\gh\azure-sdk-for-net\sdk\consumption\Microsoft.Azure.Management.Consumption\tests\ScenarioTests\ReservationSummariesTests.cs(83,49): error CS0012: The type 'IPage<>' is defined in an assembly that is not referenced. You must add a reference to assembly 'Microsoft.Rest.ClientRuntime.Azure, Version=3.0.0.0, Culture=neutral, PublicKeyToken=31bf3856ad364e35'.
C:\gh\azure-sdk-for-net\sdk\consumption\Microsoft.Azure.Management.Consumption\tests\ScenarioTests\ReservationSummariesTests.cs(85,17): error CS0103: The name 'Assert' does not exist in the current context
C:\gh\azure-sdk-for-net\sdk\consumption\Microsoft.Azure.Management.Consumption\tests\ScenarioTests\ReservationSummariesTests.cs(86,17): error CS0103: The name 'Assert' does not exist in the current context
C:\gh\azure-sdk-for-net\sdk\consumption\Microsoft.Azure.Management.Consumption\tests\ScenarioTests\BudgetTests.cs(137,47): error CS1061: 'IBudgetsOperations' does not contain a definition for 'DeleteByResourceGroupName' and no accessible extension method 'DeleteByResourceGroupName' accepting a first argument of type 'IBudgetsOperations' could be found (are you missing a using directive or an assembly reference?)
C:\gh\azure-sdk-for-net\sdk\consumption\Microsoft.Azure.Management.Consumption\tests\ScenarioTests\ReservationSummariesTests.cs(96,13): error CS0103: The name 'Assert' does not exist in the current context
C:\gh\azure-sdk-for-net\sdk\consumption\Microsoft.Azure.Management.Consumption\tests\ScenarioTests\ReservationSummariesTests.cs(97,13): error CS0103: The name 'Assert' does not exist in the current context
C:\gh\azure-sdk-for-net\sdk\consumption\Microsoft.Azure.Management.Consumption\tests\ScenarioTests\ReservationSummariesTests.cs(98,13): error CS0103: The name 'Assert' does not exist in the current context
C:\gh\azure-sdk-for-net\sdk\consumption\Microsoft.Azure.Management.Consumption\tests\ScenarioTests\ReservationSummariesTests.cs(99,13): error CS0103: The name 'Assert' does not exist in the current context
C:\gh\azure-sdk-for-net\sdk\consumption\Microsoft.Azure.Management.Consumption\tests\ScenarioTests\ReservationSummariesTests.cs(100,13): error CS0103: The name 'Assert' does not exist in the current context
C:\gh\azure-sdk-for-net\sdk\consumption\Microsoft.Azure.Management.Consumption\tests\ScenarioTests\ReservationSummariesTests.cs(101,13): error CS0103: The name 'Assert' does not exist in the current context
C:\gh\azure-sdk-for-net\sdk\consumption\Microsoft.Azure.Management.Consumption\tests\ScenarioTests\ReservationSummariesTests.cs(102,13): error CS0103: The name 'Assert' does not exist in the current context
C:\gh\azure-sdk-for-net\sdk\consumption\Microsoft.Azure.Management.Consumption\tests\ScenarioTests\ReservationSummariesTests.cs(103,13): error CS0103: The name 'Assert' does not exist in the current context
C:\gh\azure-sdk-for-net\sdk\consumption\Microsoft.Azure.Management.Consumption\tests\ScenarioTests\ReservationSummariesTests.cs(104,13): error CS0103: The name 'Assert' does not exist in the current context
C:\gh\azure-sdk-for-net\sdk\consumption\Microsoft.Azure.Management.Consumption\tests\ScenarioTests\ReservationSummariesTests.cs(105,13): error CS0103: The name 'Assert' does not exist in the current context
C:\gh\azure-sdk-for-net\sdk\consumption\Microsoft.Azure.Management.Consumption\tests\ScenarioTests\ReservationSummariesTests.cs(106,13): error CS0103: The name 'Assert' does not exist in the current context
C:\gh\azure-sdk-for-net\sdk\consumption\Microsoft.Azure.Management.Consumption\tests\ScenarioTests\ReservationSummariesTests.cs(107,13): error CS0103: The name 'Assert' does not exist in the current context
C:\gh\azure-sdk-for-net\sdk\consumption\Microsoft.Azure.Management.Consumption\tests\ScenarioTests\ReservationSummariesTests.cs(108,13): error CS0103: The name 'Assert' does not exist in the current context
C:\gh\azure-sdk-for-net\sdk\consumption\Microsoft.Azure.Management.Consumption\tests\ScenarioTests\BudgetTests.cs(150,60): error CS1061: 'IBudgetsOperations' does not contain a definition for 'GetByResourceGroupName' and no accessible extension method 'GetByResourceGroupName' accepting a first argument of type 'IBudgetsOperations' could be found (are you missing a using directive or an assembly reference?)
C:\gh\azure-sdk-for-net\sdk\consumption\Microsoft.Azure.Management.Consumption\tests\ScenarioTests\BudgetTests.cs(165,61): error CS1061: 'IBudgetsOperations' does not contain a definition for 'ListByResourceGroupName' and no accessible extension method 'ListByResourceGroupName' accepting a first argument of type 'IBudgetsOperations' could be found (are you missing a using directive or an assembly reference?)
C:\gh\azure-sdk-for-net\sdk\consumption\Microsoft.Azure.Management.Consumption\tests\ScenarioTests\BudgetTests.cs(167,17): error CS0103: The name 'Assert' does not exist in the current context
C:\gh\azure-sdk-for-net\sdk\consumption\Microsoft.Azure.Management.Consumption\tests\ScenarioTests\BudgetTests.cs(168,17): error CS0103: The name 'Assert' does not exist in the current context
C:\gh\azure-sdk-for-net\sdk\consumption\Microsoft.Azure.Management.Consumption\tests\ScenarioTests\SubscriptionUsagesTests.cs(30,30): error CS0012: The type 'IPage<>' is defined in an assembly that is not referenced. You must add a reference to assembly 'Microsoft.Rest.ClientRuntime.Azure, Version=3.0.0.0, Culture=neutral, PublicKeyToken=31bf3856ad364e35'.
C:\gh\azure-sdk-for-net\sdk\consumption\Microsoft.Azure.Management.Consumption\tests\ScenarioTests\SubscriptionUsagesTests.cs(31,17): error CS0103: The name 'Assert' does not exist in the current context
C:\gh\azure-sdk-for-net\sdk\consumption\Microsoft.Azure.Management.Consumption\tests\ScenarioTests\SubscriptionUsagesTests.cs(32,17): error CS0103: The name 'Assert' does not exist in the current context
C:\gh\azure-sdk-for-net\sdk\consumption\Microsoft.Azure.Management.Consumption\tests\ScenarioTests\SubscriptionUsagesTests.cs(33,17): error CS0103: The name 'Assert' does not exist in the current context
C:\gh\azure-sdk-for-net\sdk\consumption\Microsoft.Azure.Management.Consumption\tests\ScenarioTests\SubscriptionUsagesTests.cs(34,17): error CS0103: The name 'Assert' does not exist in the current context
C:\gh\azure-sdk-for-net\sdk\consumption\Microsoft.Azure.Management.Consumption\tests\ScenarioTests\BudgetTests.cs(178,13): error CS0103: The name 'Assert' does not exist in the current context
C:\gh\azure-sdk-for-net\sdk\consumption\Microsoft.Azure.Management.Consumption\tests\ScenarioTests\BudgetTests.cs(179,13): error CS0103: The name 'Assert' does not exist in the current context
C:\gh\azure-sdk-for-net\sdk\consumption\Microsoft.Azure.Management.Consumption\tests\ScenarioTests\BudgetTests.cs(180,13): error CS0103: The name 'Assert' does not exist in the current context
C:\gh\azure-sdk-for-net\sdk\consumption\Microsoft.Azure.Management.Consumption\tests\ScenarioTests\BudgetTests.cs(181,13): error CS0103: The name 'Assert' does not exist in the current context
C:\gh\azure-sdk-for-net\sdk\consumption\Microsoft.Azure.Management.Consumption\tests\ScenarioTests\BudgetTests.cs(182,13): error CS0103: The name 'Assert' does not exist in the current context
C:\gh\azure-sdk-for-net\sdk\consumption\Microsoft.Azure.Management.Consumption\tests\ScenarioTests\BudgetTests.cs(183,13): error CS0103: The name 'Assert' does not exist in the current context
C:\gh\azure-sdk-for-net\sdk\consumption\Microsoft.Azure.Management.Consumption\tests\ScenarioTests\BudgetTests.cs(184,13): error CS0103: The name 'Assert' does not exist in the current context
C:\gh\azure-sdk-for-net\sdk\consumption\Microsoft.Azure.Management.Consumption\tests\ScenarioTests\BudgetTests.cs(185,13): error CS0103: The name 'Assert' does not exist in the current context
C:\gh\azure-sdk-for-net\sdk\consumption\Microsoft.Azure.Management.Consumption\tests\ScenarioTests\BudgetTests.cs(188,17): error CS0103: The name 'Assert' does not exist in the current context
C:\gh\azure-sdk-for-net\sdk\consumption\Microsoft.Azure.Management.Consumption\tests\ScenarioTests\SubscriptionUsagesTests.cs(51,30): error CS0012: The type 'IPage<>' is defined in an assembly that is not referenced. You must add a reference to assembly 'Microsoft.Rest.ClientRuntime.Azure, Version=3.0.0.0, Culture=neutral, PublicKeyToken=31bf3856ad364e35'.
C:\gh\azure-sdk-for-net\sdk\consumption\Microsoft.Azure.Management.Consumption\tests\ScenarioTests\SubscriptionUsagesTests.cs(52,17): error CS0103: The name 'Assert' does not exist in the current context
C:\gh\azure-sdk-for-net\sdk\consumption\Microsoft.Azure.Management.Consumption\tests\ScenarioTests\SubscriptionUsagesTests.cs(70,65): error CS1061: 'IUsageDetailsOperations' does not contain a definition for 'ListByBillingPeriod' and no accessible extension method 'ListByBillingPeriod' accepting a first argument of type 'IUsageDetailsOperations' could be found (are you missing a using directive or an assembly reference?)
C:\gh\azure-sdk-for-net\sdk\consumption\Microsoft.Azure.Management.Consumption\tests\ScenarioTests\SubscriptionUsagesTests.cs(71,17): error CS0103: The name 'Assert' does not exist in the current context
C:\gh\azure-sdk-for-net\sdk\consumption\Microsoft.Azure.Management.Consumption\tests\ScenarioTests\SubscriptionUsagesTests.cs(86,30): error CS0012: The type 'IPage<>' is defined in an assembly that is not referenced. You must add a reference to assembly 'Microsoft.Rest.ClientRuntime.Azure, Version=3.0.0.0, Culture=neutral, PublicKeyToken=31bf3856ad364e35'.
C:\gh\azure-sdk-for-net\sdk\consumption\Microsoft.Azure.Management.Consumption\tests\ScenarioTests\SubscriptionUsagesTests.cs(89,17): error CS0103: The name 'Assert' does not exist in the current context
C:\gh\azure-sdk-for-net\sdk\consumption\Microsoft.Azure.Management.Consumption\tests\ScenarioTests\SubscriptionUsagesTests.cs(90,17): error CS0103: The name 'Assert' does not exist in the current context
C:\gh\azure-sdk-for-net\sdk\consumption\Microsoft.Azure.Management.Consumption\tests\ScenarioTests\SubscriptionUsagesTests.cs(91,17): error CS0103: The name 'Assert' does not exist in the current context
C:\gh\azure-sdk-for-net\sdk\consumption\Microsoft.Azure.Management.Consumption\tests\ScenarioTests\SubscriptionUsagesTests.cs(108,30): error CS0012: The type 'IPage<>' is defined in an assembly that is not referenced. You must add a reference to assembly 'Microsoft.Rest.ClientRuntime.Azure, Version=3.0.0.0, Culture=neutral, PublicKeyToken=31bf3856ad364e35'.
C:\gh\azure-sdk-for-net\sdk\consumption\Microsoft.Azure.Management.Consumption\tests\ScenarioTests\SubscriptionUsagesTests.cs(111,17): error CS0103: The name 'Assert' does not exist in the current context
C:\gh\azure-sdk-for-net\sdk\consumption\Microsoft.Azure.Management.Consumption\tests\ScenarioTests\SubscriptionUsagesTests.cs(112,17): error CS0103: The name 'Assert' does not exist in the current context
C:\gh\azure-sdk-for-net\sdk\consumption\Microsoft.Azure.Management.Consumption\tests\ScenarioTests\SubscriptionUsagesTests.cs(113,17): error CS0103: The name 'Assert' does not exist in the current context
C:\gh\azure-sdk-for-net\sdk\consumption\Microsoft.Azure.Management.Consumption\tests\ScenarioTests\SubscriptionUsagesTests.cs(130,13): error CS0103: The name 'Assert' does not exist in the current context
C:\gh\azure-sdk-for-net\sdk\consumption\Microsoft.Azure.Management.Consumption\tests\ScenarioTests\SubscriptionUsagesTests.cs(131,13): error CS0103: The name 'Assert' does not exist in the current context
C:\gh\azure-sdk-for-net\sdk\consumption\Microsoft.Azure.Management.Consumption\tests\ScenarioTests\SubscriptionUsagesTests.cs(132,13): error CS0103: The name 'Assert' does not exist in the current context
C:\gh\azure-sdk-for-net\sdk\consumption\Microsoft.Azure.Management.Consumption\tests\ScenarioTests\SubscriptionUsagesTests.cs(132,33): error CS1061: 'UsageDetail' does not contain a definition for 'InstanceId' and no accessible extension method 'InstanceId' accepting a first argument of type 'UsageDetail' could be found (are you missing a using directive or an assembly reference?)
C:\gh\azure-sdk-for-net\sdk\consumption\Microsoft.Azure.Management.Consumption\tests\ScenarioTests\SubscriptionUsagesTests.cs(133,13): error CS0103: The name 'Assert' does not exist in the current context
C:\gh\azure-sdk-for-net\sdk\consumption\Microsoft.Azure.Management.Consumption\tests\ScenarioTests\SubscriptionUsagesTests.cs(133,33): error CS1061: 'UsageDetail' does not contain a definition for 'InstanceName' and no accessible extension method 'InstanceName' accepting a first argument of type 'UsageDetail' could be found (are you missing a using directive or an assembly reference?)
C:\gh\azure-sdk-for-net\sdk\consumption\Microsoft.Azure.Management.Consumption\tests\ScenarioTests\SubscriptionUsagesTests.cs(134,13): error CS0103: The name 'Assert' does not exist in the current context
C:\gh\azure-sdk-for-net\sdk\consumption\Microsoft.Azure.Management.Consumption\tests\ScenarioTests\SubscriptionUsagesTests.cs(134,33): error CS1061: 'UsageDetail' does not contain a definition for 'InstanceLocation' and no accessible extension method 'InstanceLocation' accepting a first argument of type 'UsageDetail' could be found (are you missing a using directive or an assembly reference?)
C:\gh\azure-sdk-for-net\sdk\consumption\Microsoft.Azure.Management.Consumption\tests\ScenarioTests\SubscriptionUsagesTests.cs(135,13): error CS0103: The name 'Assert' does not exist in the current context
C:\gh\azure-sdk-for-net\sdk\consumption\Microsoft.Azure.Management.Consumption\tests\ScenarioTests\SubscriptionUsagesTests.cs(136,13): error CS0103: The name 'Assert' does not exist in the current context
C:\gh\azure-sdk-for-net\sdk\consumption\Microsoft.Azure.Management.Consumption\tests\ScenarioTests\SubscriptionUsagesTests.cs(137,13): error CS0103: The name 'Assert' does not exist in the current context
C:\gh\azure-sdk-for-net\sdk\consumption\Microsoft.Azure.Management.Consumption\tests\ScenarioTests\SubscriptionUsagesTests.cs(137,33): error CS1061: 'UsageDetail' does not contain a definition for 'BillingPeriodId' and no accessible extension method 'BillingPeriodId' accepting a first argument of type 'UsageDetail' could be found (are you missing a using directive or an assembly reference?)
C:\gh\azure-sdk-for-net\sdk\consumption\Microsoft.Azure.Management.Consumption\tests\ScenarioTests\SubscriptionUsagesTests.cs(138,13): error CS0103: The name 'Assert' does not exist in the current context
C:\gh\azure-sdk-for-net\sdk\consumption\Microsoft.Azure.Management.Consumption\tests\ScenarioTests\SubscriptionUsagesTests.cs(138,33): error CS1061: 'UsageDetail' does not contain a definition for 'Currency' and no accessible extension method 'Currency' accepting a first argument of type 'UsageDetail' could be found (are you missing a using directive or an assembly reference?)
C:\gh\azure-sdk-for-net\sdk\consumption\Microsoft.Azure.Management.Consumption\tests\ScenarioTests\SubscriptionUsagesTests.cs(139,13): error CS0103: The name 'Assert' does not exist in the current context
C:\gh\azure-sdk-for-net\sdk\consumption\Microsoft.Azure.Management.Consumption\tests\ScenarioTests\SubscriptionUsagesTests.cs(139,30): error CS1061: 'UsageDetail' does not contain a definition for 'UsageStart' and no accessible extension method 'UsageStart' accepting a first argument of type 'UsageDetail' could be found (are you missing a using directive or an assembly reference?)
C:\gh\azure-sdk-for-net\sdk\consumption\Microsoft.Azure.Management.Consumption\tests\ScenarioTests\SubscriptionUsagesTests.cs(139,54): error CS1061: 'UsageDetail' does not contain a definition for 'UsageEnd' and no accessible extension method 'UsageEnd' accepting a first argument of type 'UsageDetail' could be found (are you missing a using directive or an assembly reference?)
C:\gh\azure-sdk-for-net\sdk\consumption\Microsoft.Azure.Management.Consumption\tests\ScenarioTests\SubscriptionUsagesTests.cs(140,13): error CS0103: The name 'Assert' does not exist in the current context
C:\gh\azure-sdk-for-net\sdk\consumption\Microsoft.Azure.Management.Consumption\tests\ScenarioTests\SubscriptionUsagesTests.cs(141,13): error CS0103: The name 'Assert' does not exist in the current context
C:\gh\azure-sdk-for-net\sdk\consumption\Microsoft.Azure.Management.Consumption\tests\ScenarioTests\SubscriptionUsagesTests.cs(141,33): error CS1061: 'UsageDetail' does not contain a definition for 'IsEstimated' and no accessible extension method 'IsEstimated' accepting a first argument of type 'UsageDetail' could be found (are you missing a using directive or an assembly reference?)
C:\gh\azure-sdk-for-net\sdk\consumption\Microsoft.Azure.Management.Consumption\tests\ScenarioTests\SubscriptionUsagesTests.cs(142,13): error CS0103: The name 'Assert' does not exist in the current context
C:\gh\azure-sdk-for-net\sdk\consumption\Microsoft.Azure.Management.Consumption\tests\ScenarioTests\SubscriptionUsagesTests.cs(142,30): error CS1061: 'UsageDetail' does not contain a definition for 'PretaxCost' and no accessible extension method 'PretaxCost' accepting a first argument of type 'UsageDetail' could be found (are you missing a using directive or an assembly reference?)
C:\gh\azure-sdk-for-net\sdk\consumption\Microsoft.Azure.Management.Consumption\tests\ScenarioTests\SubscriptionUsagesTests.cs(147,17): error CS0103: The name 'Assert' does not exist in the current context
C:\gh\azure-sdk-for-net\sdk\consumption\Microsoft.Azure.Management.Consumption\tests\ScenarioTests\SubscriptionUsagesTests.cs(147,82): error CS1061: 'UsageDetail' does not contain a definition for 'BillingPeriodId' and no accessible extension method 'BillingPeriodId' accepting a first argument of type 'UsageDetail' could be found (are you missing a using directive or an assembly reference?)
C:\gh\azure-sdk-for-net\sdk\consumption\Microsoft.Azure.Management.Consumption\tests\ScenarioTests\SubscriptionUsagesTests.cs(151,17): error CS0103: The name 'Assert' does not exist in the current context
C:\gh\azure-sdk-for-net\sdk\consumption\Microsoft.Azure.Management.Consumption\tests\ScenarioTests\SubscriptionUsagesTests.cs(151,37): error CS1061: 'UsageDetail' does not contain a definition for 'BillingPeriodId' and no accessible extension method 'BillingPeriodId' accepting a first argument of type 'UsageDetail' could be found (are you missing a using directive or an assembly reference?)
C:\gh\azure-sdk-for-net\sdk\consumption\Microsoft.Azure.Management.Consumption\tests\ScenarioTests\SubscriptionUsagesTests.cs(156,17): error CS0103: The name 'Assert' does not exist in the current context
C:\gh\azure-sdk-for-net\sdk\consumption\Microsoft.Azure.Management.Consumption\tests\ScenarioTests\SubscriptionUsagesTests.cs(156,34): error CS1061: 'UsageDetail' does not contain a definition for 'UsageStart' and no accessible extension method 'UsageStart' accepting a first argument of type 'UsageDetail' could be found (are you missing a using directive or an assembly reference?)
C:\gh\azure-sdk-for-net\sdk\consumption\Microsoft.Azure.Management.Consumption\tests\ScenarioTests\SubscriptionUsagesTests.cs(157,17): error CS0103: The name 'Assert' does not exist in the current context
C:\gh\azure-sdk-for-net\sdk\consumption\Microsoft.Azure.Management.Consumption\tests\ScenarioTests\SubscriptionUsagesTests.cs(157,34): error CS1061: 'UsageDetail' does not contain a definition for 'UsageEnd' and no accessible extension method 'UsageEnd' accepting a first argument of type 'UsageDetail' could be found (are you missing a using directive or an assembly reference?)
C:\gh\azure-sdk-for-net\sdk\consumption\Microsoft.Azure.Management.Consumption\tests\ScenarioTests\SubscriptionUsagesTests.cs(162,17): error CS0103: The name 'Assert' does not exist in the current context
C:\gh\azure-sdk-for-net\sdk\consumption\Microsoft.Azure.Management.Consumption\tests\ScenarioTests\SubscriptionUsagesTests.cs(163,17): error CS0103: The name 'Assert' does not exist in the current context
C:\gh\azure-sdk-for-net\sdk\consumption\Microsoft.Azure.Management.Consumption\tests\ScenarioTests\SubscriptionUsagesTests.cs(164,17): error CS0103: The name 'Assert' does not exist in the current context
C:\gh\azure-sdk-for-net\sdk\consumption\Microsoft.Azure.Management.Consumption\tests\ScenarioTests\SubscriptionUsagesTests.cs(165,17): error CS0103: The name 'Assert' does not exist in the current context
C:\gh\azure-sdk-for-net\sdk\consumption\Microsoft.Azure.Management.Consumption\tests\ScenarioTests\SubscriptionUsagesTests.cs(165,50): error CS1061: 'MeterDetailsResponse' does not contain a definition for 'Unit' and no accessible extension method 'Unit' accepting a first argument of type 'MeterDetailsResponse' could be found (are you missing a using directive or an assembly reference?)
C:\gh\azure-sdk-for-net\sdk\consumption\Microsoft.Azure.Management.Consumption\tests\ScenarioTests\SubscriptionUsagesTests.cs(169,17): error CS0103: The name 'Assert' does not exist in the current context
C:\gh\azure-sdk-for-net\sdk\consumption\Microsoft.Azure.Management.Consumption\tests\ScenarioTests\SubscriptionUsagesTests.cs(175,17): error CS0103: The name 'Assert' does not exist in the current context
C:\gh\azure-sdk-for-net\sdk\consumption\Microsoft.Azure.Management.Consumption\tests\ScenarioTests\SubscriptionUsagesTests.cs(175,34): error CS1061: 'UsageDetail' does not contain a definition for 'AdditionalProperties' and no accessible extension method 'AdditionalProperties' accepting a first argument of type 'UsageDetail' could be found (are you missing a using directive or an assembly reference?)
C:\gh\azure-sdk-for-net\sdk\consumption\Microsoft.Azure.Management.Consumption\tests\ScenarioTests\SubscriptionUsagesTests.cs(180,17): error CS0103: The name 'Assert' does not exist in the current context
C:\gh\azure-sdk-for-net\sdk\consumption\Microsoft.Azure.Management.Consumption\tests\ScenarioTests\SubscriptionUsagesTests.cs(180,49): error CS1061: 'UsageDetail' does not contain a definition for 'InstanceName' and no accessible extension method 'InstanceName' accepting a first argument of type 'UsageDetail' could be found (are you missing a using directive or an assembly reference?)
C:\gh\azure-sdk-for-net\sdk\consumption\Microsoft.Azure.Management.Consumption\tests\ScenarioTests\BudgetTests.cs(7,1): hidden CS8019: Unnecessary using directive.
C:\gh\azure-sdk-for-net\sdk\consumption\Microsoft.Azure.Management.Consumption\tests\ScenarioTests\BudgetTests.cs(12,1): hidden CS8019: Unnecessary using directive.
C:\gh\azure-sdk-for-net\sdk\consumption\Microsoft.Azure.Management.Consumption\tests\ScenarioTests\MarketplaceTests.cs(8,1): hidden CS8019: Unnecessary using directive.
C:\gh\azure-sdk-for-net\sdk\consumption\Microsoft.Azure.Management.Consumption\tests\ScenarioTests\ReservationSummariesTests.cs(7,1): hidden CS8019: Unnecessary using directive.
C:\gh\azure-sdk-for-net\eng\mgmt\DisableTestRunParallel.cs(5,1): hidden CS8019: Unnecessary using directive.
C:\gh\azure-sdk-for-net\artifacts\obj\Microsoft.Azure.Management.Consumption.Tests\Debug\netcoreapp3.1\.NETCoreApp,Version=v3.1.AssemblyAttributes.cs(3,1): hidden CS8019: Unnecessary using directive.
C:\gh\azure-sdk-for-net\sdk\consumption\Microsoft.Azure.Management.Consumption\tests\ScenarioTests\PricesheetTests.cs(7,1): hidden CS8019: Unnecessary using directive.
C:\gh\azure-sdk-for-net\sdk\consumption\Microsoft.Azure.Management.Consumption\tests\ScenarioTests\ReservationDetailsTests.cs(7,1): hidden CS8019: Unnecessary using directive.
C:\gh\azure-sdk-for-net\sdk\consumption\Microsoft.Azure.Management.Consumption\tests\Helpers\ConsumptionManagementTestUtilities.cs(9,1): hidden CS8019: Unnecessary using directive.
C:\gh\azure-sdk-for-net\artifacts\obj\Microsoft.Azure.Management.Consumption.Tests\Debug\netcoreapp3.1\Microsoft.Azure.Management.Consumption.Tests.AssemblyInfo.cs(12,1): hidden CS8019: Unnecessary using directive.
C:\gh\azure-sdk-for-net\sdk\consumption\Microsoft.Azure.Management.Consumption\tests\ScenarioTests\SubscriptionUsagesTests.cs(7,1): hidden CS8019: Unnecessary using directive.
C:\gh\azure-sdk-for-net\sdk\consumption\Microsoft.Azure.Management.Consumption\tests\ScenarioTests\ReservationSummariesTests.cs(11,1): hidden CS8019: Unnecessary using directive.
C:\gh\azure-sdk-for-net\artifacts\obj\Microsoft.Azure.Management.Consumption.Tests\Debug\netcoreapp3.1\.NETCoreApp,Version=v3.1.AssemblyAttributes.cs(2,1): hidden CS8019: Unnecessary using directive.
C:\gh\azure-sdk-for-net\sdk\consumption\Microsoft.Azure.Management.Consumption\tests\ScenarioTests\SubscriptionUsagesTests.cs(12,1): hidden CS8019: Unnecessary using directive.
C:\gh\azure-sdk-for-net\sdk\consumption\Microsoft.Azure.Management.Consumption\tests\Helpers\ConsumptionManagementTestUtilities.cs(5,1): hidden CS8019: Unnecessary using directive.
C:\gh\azure-sdk-for-net\sdk\consumption\Microsoft.Azure.Management.Consumption\tests\ScenarioTests\PricesheetTests.cs(11,1): hidden CS8019: Unnecessary using directive.
C:\gh\azure-sdk-for-net\sdk\consumption\Microsoft.Azure.Management.Consumption\tests\Properties\AssemblyInfo.cs(5,1): hidden CS8019: Unnecessary using directive.
C:\gh\azure-sdk-for-net\sdk\consumption\Microsoft.Azure.Management.Consumption\tests\ScenarioTests\ReservationDetailsTests.cs(11,1): hidden CS8019: Unnecessary using directive.
C:\gh\azure-sdk-for-net\sdk\consumption\Microsoft.Azure.Management.Consumption\tests\Helpers\ConsumptionManagementTestUtilities.cs(7,1): hidden CS8019: Unnecessary using directive.
C:\gh\azure-sdk-for-net\artifacts\obj\Microsoft.Azure.Management.Consumption.Tests\Debug\netcoreapp3.1\Microsoft.Azure.Management.Consumption.Tests.AssemblyInfo.cs(11,1): hidden CS8019: Unnecessary using directive.
C:\gh\azure-sdk-for-net\sdk\consumption\Microsoft.Azure.Management.Consumption\tests\ScenarioTests\MarketplaceTests.cs(7,1): hidden CS8019: Unnecessary using directive.
C:\gh\azure-sdk-for-net\sdk\consumption\Microsoft.Azure.Management.Consumption\tests\ScenarioTests\MarketplaceTests.cs(12,1): hidden CS8019: Unnecessary using directive.
C:\gh\azure-sdk-for-net\eng\mgmt\DisableTestRunParallel.cs(4,1): hidden CS8019: Unnecessary using directive.
