C:\gh\azure-sdk-for-net\sdk\digitaltwins\Microsoft.Azure.Management.DigitalTwins\tests\ScenarioTests\DigitalTwinsTestBase.cs(82,13): error CS0518: Predefined type 'System.Object' is not defined or imported
C:\gh\azure-sdk-for-net\sdk\digitaltwins\Microsoft.Azure.Management.DigitalTwins\tests\ScenarioTests\DigitalTwinsTestBase.cs(82,13): error CS0246: The type or namespace name 'MockContext' could not be found (are you missing a using directive or an assembly reference?)
C:\gh\azure-sdk-for-net\sdk\digitaltwins\Microsoft.Azure.Management.DigitalTwins\tests\ScenarioTests\DigitalTwinsTestBase.cs(83,13): error CS0518: Predefined type 'System.Object' is not defined or imported
C:\gh\azure-sdk-for-net\sdk\digitaltwins\Microsoft.Azure.Management.DigitalTwins\tests\ScenarioTests\DigitalTwinsTestBase.cs(81,24): error CS0518: Predefined type 'System.Object' is not defined or imported
C:\gh\azure-sdk-for-net\sdk\digitaltwins\Microsoft.Azure.Management.DigitalTwins\tests\ScenarioTests\DigitalTwinsTestBase.cs(81,24): error CS0246: The type or namespace name 'ResourceManagementClient' could not be found (are you missing a using directive or an assembly reference?)
C:\gh\azure-sdk-for-net\sdk\digitaltwins\Microsoft.Azure.Management.DigitalTwins\tests\Helpers\RecordedDelegatingHandler.cs(13,46): error CS0246: The type or namespace name 'DelegatingHandler' could not be found (are you missing a using directive or an assembly reference?)
C:\gh\azure-sdk-for-net\sdk\digitaltwins\Microsoft.Azure.Management.DigitalTwins\tests\Helpers\RecordedDelegatingHandler.cs(47,13): error CS0518: Predefined type 'System.Object' is not defined or imported
C:\gh\azure-sdk-for-net\sdk\digitaltwins\Microsoft.Azure.Management.DigitalTwins\tests\Helpers\RecordedDelegatingHandler.cs(47,13): error CS0246: The type or namespace name 'HttpRequestMessage' could not be found (are you missing a using directive or an assembly reference?)
C:\gh\azure-sdk-for-net\sdk\digitaltwins\Microsoft.Azure.Management.DigitalTwins\tests\Helpers\RecordedDelegatingHandler.cs(48,13): error CS0518: Predefined type 'System.Object' is not defined or imported
C:\gh\azure-sdk-for-net\sdk\digitaltwins\Microsoft.Azure.Management.DigitalTwins\tests\Helpers\RecordedDelegatingHandler.cs(48,13): error CS0246: The type or namespace name 'CancellationToken' could not be found (are you missing a using directive or an assembly reference?)
C:\gh\azure-sdk-for-net\sdk\digitaltwins\Microsoft.Azure.Management.DigitalTwins\tests\Helpers\RecordedDelegatingHandler.cs(46,34): error CS0518: Predefined type 'System.Object' is not defined or imported
C:\gh\azure-sdk-for-net\sdk\digitaltwins\Microsoft.Azure.Management.DigitalTwins\tests\Helpers\RecordedDelegatingHandler.cs(46,34): error CS0246: The type or namespace name 'Task<>' could not be found (are you missing a using directive or an assembly reference?)
C:\gh\azure-sdk-for-net\sdk\digitaltwins\Microsoft.Azure.Management.DigitalTwins\tests\Helpers\RecordedDelegatingHandler.cs(46,39): error CS0518: Predefined type 'System.Object' is not defined or imported
C:\gh\azure-sdk-for-net\sdk\digitaltwins\Microsoft.Azure.Management.DigitalTwins\tests\Helpers\RecordedDelegatingHandler.cs(46,39): error CS0246: The type or namespace name 'HttpResponseMessage' could not be found (are you missing a using directive or an assembly reference?)
C:\gh\azure-sdk-for-net\sdk\digitaltwins\Microsoft.Azure.Management.DigitalTwins\tests\Helpers\RecordedDelegatingHandler.cs(16,17): error CS0518: Predefined type 'System.Int32' is not defined or imported
C:\gh\azure-sdk-for-net\sdk\digitaltwins\Microsoft.Azure.Management.DigitalTwins\tests\ScenarioTests\DigitalTwinsTestBase.cs(66,13): error CS0518: Predefined type 'System.Object' is not defined or imported
C:\gh\azure-sdk-for-net\sdk\digitaltwins\Microsoft.Azure.Management.DigitalTwins\tests\ScenarioTests\DigitalTwinsTestBase.cs(66,13): error CS0246: The type or namespace name 'MockContext' could not be found (are you missing a using directive or an assembly reference?)
C:\gh\azure-sdk-for-net\sdk\digitaltwins\Microsoft.Azure.Management.DigitalTwins\tests\ScenarioTests\DigitalTwinsTestBase.cs(67,13): error CS0518: Predefined type 'System.Object' is not defined or imported
C:\gh\azure-sdk-for-net\sdk\digitaltwins\Microsoft.Azure.Management.DigitalTwins\tests\ScenarioTests\DigitalTwinsTestBase.cs(65,24): error CS0518: Predefined type 'System.Object' is not defined or imported
C:\gh\azure-sdk-for-net\sdk\digitaltwins\Microsoft.Azure.Management.DigitalTwins\tests\Helpers\RecordedDelegatingHandler.cs(15,26): error CS0518: Predefined type 'System.Object' is not defined or imported
C:\gh\azure-sdk-for-net\sdk\digitaltwins\Microsoft.Azure.Management.DigitalTwins\tests\Helpers\RecordedDelegatingHandler.cs(15,26): error CS0246: The type or namespace name 'HttpResponseMessage' could not be found (are you missing a using directive or an assembly reference?)
C:\gh\azure-sdk-for-net\sdk\digitaltwins\Microsoft.Azure.Management.DigitalTwins\tests\Helpers\RecordedDelegatingHandler.cs(18,9): error CS0518: Predefined type 'System.Void' is not defined or imported
C:\gh\azure-sdk-for-net\sdk\digitaltwins\Microsoft.Azure.Management.DigitalTwins\tests\Helpers\RecordedDelegatingHandler.cs(24,42): error CS0518: Predefined type 'System.Object' is not defined or imported
C:\gh\azure-sdk-for-net\sdk\digitaltwins\Microsoft.Azure.Management.DigitalTwins\tests\Helpers\RecordedDelegatingHandler.cs(24,42): error CS0246: The type or namespace name 'HttpResponseMessage' could not be found (are you missing a using directive or an assembly reference?)
C:\gh\azure-sdk-for-net\sdk\digitaltwins\Microsoft.Azure.Management.DigitalTwins\tests\Helpers\RecordedDelegatingHandler.cs(24,9): error CS0518: Predefined type 'System.Void' is not defined or imported
C:\gh\azure-sdk-for-net\sdk\digitaltwins\Microsoft.Azure.Management.DigitalTwins\tests\ScenarioTests\DigitalTwinsTestBase.cs(28,35): error CS0518: Predefined type 'System.Object' is not defined or imported
C:\gh\azure-sdk-for-net\sdk\digitaltwins\Microsoft.Azure.Management.DigitalTwins\tests\ScenarioTests\DigitalTwinsTestBase.cs(28,35): error CS0246: The type or namespace name 'MockContext' could not be found (are you missing a using directive or an assembly reference?)
C:\gh\azure-sdk-for-net\sdk\digitaltwins\Microsoft.Azure.Management.DigitalTwins\tests\ScenarioTests\DigitalTwinsTestBase.cs(28,19): error CS0518: Predefined type 'System.Void' is not defined or imported
C:\gh\azure-sdk-for-net\sdk\digitaltwins\Microsoft.Azure.Management.DigitalTwins\tests\ScenarioTests\DigitalTwinsTestBase.cs(17,26): error CS0518: Predefined type 'System.String' is not defined or imported
C:\gh\azure-sdk-for-net\sdk\digitaltwins\Microsoft.Azure.Management.DigitalTwins\tests\ScenarioTests\DigitalTwinsLifecycleTests.cs(20,10): error CS0518: Predefined type 'System.Object' is not defined or imported
C:\gh\azure-sdk-for-net\sdk\digitaltwins\Microsoft.Azure.Management.DigitalTwins\tests\ScenarioTests\DigitalTwinsLifecycleTests.cs(20,10): error CS0246: The type or namespace name 'FactAttribute' could not be found (are you missing a using directive or an assembly reference?)
C:\gh\azure-sdk-for-net\sdk\digitaltwins\Microsoft.Azure.Management.DigitalTwins\tests\ScenarioTests\DigitalTwinsLifecycleTests.cs(20,10): error CS0246: The type or namespace name 'Fact' could not be found (are you missing a using directive or an assembly reference?)
C:\gh\azure-sdk-for-net\sdk\digitaltwins\Microsoft.Azure.Management.DigitalTwins\tests\ScenarioTests\DigitalTwinsLifecycleTests.cs(21,10): error CS0518: Predefined type 'System.Object' is not defined or imported
C:\gh\azure-sdk-for-net\sdk\digitaltwins\Microsoft.Azure.Management.DigitalTwins\tests\ScenarioTests\DigitalTwinsLifecycleTests.cs(21,10): error CS0246: The type or namespace name 'TraitAttribute' could not be found (are you missing a using directive or an assembly reference?)
C:\gh\azure-sdk-for-net\sdk\digitaltwins\Microsoft.Azure.Management.DigitalTwins\tests\ScenarioTests\DigitalTwinsLifecycleTests.cs(21,10): error CS0246: The type or namespace name 'Trait' could not be found (are you missing a using directive or an assembly reference?)
C:\gh\azure-sdk-for-net\sdk\digitaltwins\Microsoft.Azure.Management.DigitalTwins\tests\ScenarioTests\DigitalTwinsLifecycleTests.cs(21,16): error CS0518: Predefined type 'System.String' is not defined or imported
C:\gh\azure-sdk-for-net\sdk\digitaltwins\Microsoft.Azure.Management.DigitalTwins\tests\ScenarioTests\DigitalTwinsLifecycleTests.cs(21,24): error CS0518: Predefined type 'System.String' is not defined or imported
C:\gh\azure-sdk-for-net\sdk\digitaltwins\Microsoft.Azure.Management.DigitalTwins\tests\ScenarioTests\DigitalTwinsLifecycleTests.cs(22,22): error CS0518: Predefined type 'System.Object' is not defined or imported
C:\gh\azure-sdk-for-net\sdk\digitaltwins\Microsoft.Azure.Management.DigitalTwins\tests\ScenarioTests\DigitalTwinsLifecycleTests.cs(22,22): error CS0246: The type or namespace name 'Task' could not be found (are you missing a using directive or an assembly reference?)
C:\gh\azure-sdk-for-net\sdk\digitaltwins\Microsoft.Azure.Management.DigitalTwins\tests\ScenarioTests\DigitalTwinsTestBase.cs(15,26): error CS0518: Predefined type 'System.Object' is not defined or imported
C:\gh\azure-sdk-for-net\sdk\digitaltwins\Microsoft.Azure.Management.DigitalTwins\tests\ScenarioTests\DigitalTwinsTestBase.cs(18,26): error CS0518: Predefined type 'System.String' is not defined or imported
C:\gh\azure-sdk-for-net\sdk\digitaltwins\Microsoft.Azure.Management.DigitalTwins\tests\ScenarioTests\DigitalTwinsTestBase.cs(13,18): error CS0518: Predefined type 'System.Object' is not defined or imported
C:\gh\azure-sdk-for-net\sdk\digitaltwins\Microsoft.Azure.Management.DigitalTwins\tests\ScenarioTests\DigitalTwinsTestBase.cs(20,26): error CS0518: Predefined type 'System.String' is not defined or imported
C:\gh\azure-sdk-for-net\eng\mgmt\DisableTestRunParallel.cs(7,12): error CS0246: The type or namespace name 'CollectionBehaviorAttribute' could not be found (are you missing a using directive or an assembly reference?)
C:\gh\azure-sdk-for-net\eng\mgmt\DisableTestRunParallel.cs(7,12): error CS0246: The type or namespace name 'CollectionBehavior' could not be found (are you missing a using directive or an assembly reference?)
C:\gh\azure-sdk-for-net\artifacts\obj\Microsoft.Azure.Management.DigitalTwins.Tests\Debug\netcoreapp2.0\.NETCoreApp,Version=v2.0.AssemblyAttributes.cs(4,20): error CS0400: The type or namespace name 'System' could not be found in the global namespace (are you missing an assembly reference?)
C:\gh\azure-sdk-for-net\artifacts\obj\Microsoft.Azure.Management.DigitalTwins.Tests\Debug\netcoreapp2.0\Microsoft.Azure.Management.DigitalTwins.Tests.AssemblyInfo.cs(14,12): error CS0246: The type or namespace name 'System' could not be found (are you missing a using directive or an assembly reference?)
C:\gh\azure-sdk-for-net\artifacts\obj\Microsoft.Azure.Management.DigitalTwins.Tests\Debug\netcoreapp2.0\Microsoft.Azure.Management.DigitalTwins.Tests.AssemblyInfo.cs(16,12): error CS0246: The type or namespace name 'System' could not be found (are you missing a using directive or an assembly reference?)
C:\gh\azure-sdk-for-net\artifacts\obj\Microsoft.Azure.Management.DigitalTwins.Tests\Debug\netcoreapp2.0\Microsoft.Azure.Management.DigitalTwins.Tests.AssemblyInfo.cs(17,12): error CS0246: The type or namespace name 'System' could not be found (are you missing a using directive or an assembly reference?)
C:\gh\azure-sdk-for-net\eng\mgmt\DisableTestRunParallel.cs(7,31): error CS0246: The type or namespace name 'DisableTestParallelization' could not be found (are you missing a using directive or an assembly reference?)
C:\gh\azure-sdk-for-net\eng\mgmt\DisableTestRunParallel.cs(7,60): error CS0518: Predefined type 'System.Boolean' is not defined or imported
C:\gh\azure-sdk-for-net\eng\mgmt\DisableTestRunParallel.cs(7,66): error CS0246: The type or namespace name 'MaxParallelThreads' could not be found (are you missing a using directive or an assembly reference?)
C:\gh\azure-sdk-for-net\eng\mgmt\DisableTestRunParallel.cs(7,87): error CS0518: Predefined type 'System.Int32' is not defined or imported
C:\gh\azure-sdk-for-net\artifacts\obj\Microsoft.Azure.Management.DigitalTwins.Tests\Debug\netcoreapp2.0\.NETCoreApp,Version=v2.0.AssemblyAttributes.cs(4,71): error CS0518: Predefined type 'System.String' is not defined or imported
C:\gh\azure-sdk-for-net\artifacts\obj\Microsoft.Azure.Management.DigitalTwins.Tests\Debug\netcoreapp2.0\.NETCoreApp,Version=v2.0.AssemblyAttributes.cs(4,99): error CS0246: The type or namespace name 'FrameworkDisplayName' could not be found (are you missing a using directive or an assembly reference?)
C:\gh\azure-sdk-for-net\artifacts\obj\Microsoft.Azure.Management.DigitalTwins.Tests\Debug\netcoreapp2.0\.NETCoreApp,Version=v2.0.AssemblyAttributes.cs(4,122): error CS0518: Predefined type 'System.String' is not defined or imported
C:\gh\azure-sdk-for-net\artifacts\obj\Microsoft.Azure.Management.DigitalTwins.Tests\Debug\netcoreapp2.0\Microsoft.Azure.Management.DigitalTwins.Tests.AssemblyInfo.cs(14,56): error CS0518: Predefined type 'System.String' is not defined or imported
C:\gh\azure-sdk-for-net\artifacts\obj\Microsoft.Azure.Management.DigitalTwins.Tests\Debug\netcoreapp2.0\Microsoft.Azure.Management.DigitalTwins.Tests.AssemblyInfo.cs(14,70): error CS0518: Predefined type 'System.String' is not defined or imported
C:\gh\azure-sdk-for-net\artifacts\obj\Microsoft.Azure.Management.DigitalTwins.Tests\Debug\netcoreapp2.0\Microsoft.Azure.Management.DigitalTwins.Tests.AssemblyInfo.cs(15,5): error CS0518: Predefined type 'System.String' is not defined or imported
C:\gh\azure-sdk-for-net\artifacts\obj\Microsoft.Azure.Management.DigitalTwins.Tests\Debug\netcoreapp2.0\Microsoft.Azure.Management.DigitalTwins.Tests.AssemblyInfo.cs(16,68): error CS0518: Predefined type 'System.String' is not defined or imported
C:\gh\azure-sdk-for-net\artifacts\obj\Microsoft.Azure.Management.DigitalTwins.Tests\Debug\netcoreapp2.0\Microsoft.Azure.Management.DigitalTwins.Tests.AssemblyInfo.cs(17,56): error CS0518: Predefined type 'System.String' is not defined or imported
C:\gh\azure-sdk-for-net\artifacts\obj\Microsoft.Azure.Management.DigitalTwins.Tests\Debug\netcoreapp2.0\Microsoft.Azure.Management.DigitalTwins.Tests.AssemblyInfo.cs(17,73): error CS0518: Predefined type 'System.String' is not defined or imported
C:\gh\azure-sdk-for-net\sdk\digitaltwins\Microsoft.Azure.Management.DigitalTwins\tests\Helpers\RecordedDelegatingHandler.cs(4,7): error CS0246: The type or namespace name 'System' could not be found (are you missing a using directive or an assembly reference?)
C:\gh\azure-sdk-for-net\sdk\digitaltwins\Microsoft.Azure.Management.DigitalTwins\tests\Helpers\RecordedDelegatingHandler.cs(5,7): error CS0246: The type or namespace name 'System' could not be found (are you missing a using directive or an assembly reference?)
C:\gh\azure-sdk-for-net\sdk\digitaltwins\Microsoft.Azure.Management.DigitalTwins\tests\Helpers\RecordedDelegatingHandler.cs(6,7): error CS0246: The type or namespace name 'System' could not be found (are you missing a using directive or an assembly reference?)
C:\gh\azure-sdk-for-net\sdk\digitaltwins\Microsoft.Azure.Management.DigitalTwins\tests\Helpers\RecordedDelegatingHandler.cs(7,7): error CS0246: The type or namespace name 'System' could not be found (are you missing a using directive or an assembly reference?)
C:\gh\azure-sdk-for-net\sdk\digitaltwins\Microsoft.Azure.Management.DigitalTwins\tests\Helpers\RecordedDelegatingHandler.cs(8,7): error CS0246: The type or namespace name 'System' could not be found (are you missing a using directive or an assembly reference?)
C:\gh\azure-sdk-for-net\sdk\digitaltwins\Microsoft.Azure.Management.DigitalTwins\tests\Helpers\RecordedDelegatingHandler.cs(9,7): error CS0246: The type or namespace name 'System' could not be found (are you missing a using directive or an assembly reference?)
C:\gh\azure-sdk-for-net\sdk\digitaltwins\Microsoft.Azure.Management.DigitalTwins\tests\ScenarioTests\DigitalTwinsLifecycleTests.cs(4,7): error CS0246: The type or namespace name 'FluentAssertions' could not be found (are you missing a using directive or an assembly reference?)
C:\gh\azure-sdk-for-net\sdk\digitaltwins\Microsoft.Azure.Management.DigitalTwins\tests\ScenarioTests\DigitalTwinsLifecycleTests.cs(7,34): error CS0234: The type or namespace name 'ResourceManager' does not exist in the namespace 'Microsoft.Azure.Management' (are you missing an assembly reference?)
C:\gh\azure-sdk-for-net\sdk\digitaltwins\Microsoft.Azure.Management.DigitalTwins\tests\ScenarioTests\DigitalTwinsLifecycleTests.cs(8,34): error CS0234: The type or namespace name 'ResourceManager' does not exist in the namespace 'Microsoft.Azure.Management' (are you missing an assembly reference?)
C:\gh\azure-sdk-for-net\sdk\digitaltwins\Microsoft.Azure.Management.DigitalTwins\tests\ScenarioTests\DigitalTwinsLifecycleTests.cs(9,17): error CS0234: The type or namespace name 'Rest' does not exist in the namespace 'Microsoft' (are you missing an assembly reference?)
C:\gh\azure-sdk-for-net\sdk\digitaltwins\Microsoft.Azure.Management.DigitalTwins\tests\ScenarioTests\DigitalTwinsLifecycleTests.cs(10,7): error CS0246: The type or namespace name 'System' could not be found (are you missing a using directive or an assembly reference?)
C:\gh\azure-sdk-for-net\sdk\digitaltwins\Microsoft.Azure.Management.DigitalTwins\tests\ScenarioTests\DigitalTwinsLifecycleTests.cs(11,7): error CS0246: The type or namespace name 'System' could not be found (are you missing a using directive or an assembly reference?)
C:\gh\azure-sdk-for-net\sdk\digitaltwins\Microsoft.Azure.Management.DigitalTwins\tests\ScenarioTests\DigitalTwinsLifecycleTests.cs(12,7): error CS0246: The type or namespace name 'System' could not be found (are you missing a using directive or an assembly reference?)
C:\gh\azure-sdk-for-net\sdk\digitaltwins\Microsoft.Azure.Management.DigitalTwins\tests\ScenarioTests\DigitalTwinsLifecycleTests.cs(13,7): error CS0246: The type or namespace name 'System' could not be found (are you missing a using directive or an assembly reference?)
C:\gh\azure-sdk-for-net\sdk\digitaltwins\Microsoft.Azure.Management.DigitalTwins\tests\ScenarioTests\DigitalTwinsLifecycleTests.cs(14,7): error CS0246: The type or namespace name 'Xunit' could not be found (are you missing a using directive or an assembly reference?)
C:\gh\azure-sdk-for-net\sdk\digitaltwins\Microsoft.Azure.Management.DigitalTwins\tests\ScenarioTests\DigitalTwinsTestBase.cs(6,34): error CS0234: The type or namespace name 'ResourceManager' does not exist in the namespace 'Microsoft.Azure.Management' (are you missing an assembly reference?)
C:\gh\azure-sdk-for-net\sdk\digitaltwins\Microsoft.Azure.Management.DigitalTwins\tests\ScenarioTests\DigitalTwinsTestBase.cs(7,17): error CS0234: The type or namespace name 'Rest' does not exist in the namespace 'Microsoft' (are you missing an assembly reference?)
C:\gh\azure-sdk-for-net\sdk\digitaltwins\Microsoft.Azure.Management.DigitalTwins\tests\ScenarioTests\DigitalTwinsTestBase.cs(8,7): error CS0246: The type or namespace name 'System' could not be found (are you missing a using directive or an assembly reference?)
C:\gh\azure-sdk-for-net\sdk\digitaltwins\Microsoft.Azure.Management.DigitalTwins\tests\ScenarioTests\DigitalTwinsTestBase.cs(9,7): error CS0246: The type or namespace name 'System' could not be found (are you missing a using directive or an assembly reference?)
C:\gh\azure-sdk-for-net\eng\mgmt\DisableTestRunParallel.cs(4,7): error CS0246: The type or namespace name 'System' could not be found (are you missing a using directive or an assembly reference?)
C:\gh\azure-sdk-for-net\eng\mgmt\DisableTestRunParallel.cs(5,7): error CS0246: The type or namespace name 'Xunit' could not be found (are you missing a using directive or an assembly reference?)
C:\gh\azure-sdk-for-net\artifacts\obj\Microsoft.Azure.Management.DigitalTwins.Tests\Debug\netcoreapp2.0\.NETCoreApp,Version=v2.0.AssemblyAttributes.cs(2,7): error CS0246: The type or namespace name 'System' could not be found (are you missing a using directive or an assembly reference?)
C:\gh\azure-sdk-for-net\artifacts\obj\Microsoft.Azure.Management.DigitalTwins.Tests\Debug\netcoreapp2.0\.NETCoreApp,Version=v2.0.AssemblyAttributes.cs(3,7): error CS0246: The type or namespace name 'System' could not be found (are you missing a using directive or an assembly reference?)
C:\gh\azure-sdk-for-net\artifacts\obj\Microsoft.Azure.Management.DigitalTwins.Tests\Debug\netcoreapp2.0\Microsoft.Azure.Management.DigitalTwins.Tests.AssemblyInfo.cs(11,7): error CS0246: The type or namespace name 'System' could not be found (are you missing a using directive or an assembly reference?)
C:\gh\azure-sdk-for-net\artifacts\obj\Microsoft.Azure.Management.DigitalTwins.Tests\Debug\netcoreapp2.0\Microsoft.Azure.Management.DigitalTwins.Tests.AssemblyInfo.cs(12,7): error CS0246: The type or namespace name 'System' could not be found (are you missing a using directive or an assembly reference?)
C:\gh\azure-sdk-for-net\sdk\digitaltwins\Microsoft.Azure.Management.DigitalTwins\tests\ScenarioTests\DigitalTwinsTestBase.cs(22,45): error CS0518: Predefined type 'System.Void' is not defined or imported
C:\gh\azure-sdk-for-net\sdk\digitaltwins\Microsoft.Azure.Management.DigitalTwins\tests\ScenarioTests\DigitalTwinsTestBase.cs(23,67): error CS0518: Predefined type 'System.Void' is not defined or imported
C:\gh\azure-sdk-for-net\sdk\digitaltwins\Microsoft.Azure.Management.DigitalTwins\tests\ScenarioTests\DigitalTwinsTestBase.cs(24,79): error CS0518: Predefined type 'System.Void' is not defined or imported
C:\gh\azure-sdk-for-net\sdk\digitaltwins\Microsoft.Azure.Management.DigitalTwins\tests\Helpers\RecordedDelegatingHandler.cs(30,57): error CS0518: Predefined type 'System.Void' is not defined or imported
C:\gh\azure-sdk-for-net\sdk\digitaltwins\Microsoft.Azure.Management.DigitalTwins\tests\ScenarioTests\DigitalTwinsTestBase.cs(25,42): error CS0518: Predefined type 'System.Void' is not defined or imported
C:\gh\azure-sdk-for-net\sdk\digitaltwins\Microsoft.Azure.Management.DigitalTwins\tests\ScenarioTests\DigitalTwinsTestBase.cs(26,50): error CS0518: Predefined type 'System.Void' is not defined or imported
C:\gh\azure-sdk-for-net\sdk\digitaltwins\Microsoft.Azure.Management.DigitalTwins\tests\Helpers\RecordedDelegatingHandler.cs(32,67): error CS0518: Predefined type 'System.Void' is not defined or imported
C:\gh\azure-sdk-for-net\sdk\digitaltwins\Microsoft.Azure.Management.DigitalTwins\tests\ScenarioTests\DigitalTwinsTestBase.cs(19,26): error CS0518: Predefined type 'System.String' is not defined or imported
C:\gh\azure-sdk-for-net\sdk\digitaltwins\Microsoft.Azure.Management.DigitalTwins\tests\Helpers\RecordedDelegatingHandler.cs(34,38): error CS0518: Predefined type 'System.Void' is not defined or imported
C:\gh\azure-sdk-for-net\sdk\digitaltwins\Microsoft.Azure.Management.DigitalTwins\tests\ScenarioTests\DigitalTwinsTestBase.cs(22,19): error CS0518: Predefined type 'System.Boolean' is not defined or imported
C:\gh\azure-sdk-for-net\sdk\digitaltwins\Microsoft.Azure.Management.DigitalTwins\tests\ScenarioTests\DigitalTwinsTestBase.cs(23,19): error CS0518: Predefined type 'System.Object' is not defined or imported
C:\gh\azure-sdk-for-net\sdk\digitaltwins\Microsoft.Azure.Management.DigitalTwins\tests\ScenarioTests\DigitalTwinsTestBase.cs(23,19): error CS0246: The type or namespace name 'ResourceManagementClient' could not be found (are you missing a using directive or an assembly reference?)
C:\gh\azure-sdk-for-net\sdk\digitaltwins\Microsoft.Azure.Management.DigitalTwins\tests\ScenarioTests\DigitalTwinsTestBase.cs(24,19): error CS0518: Predefined type 'System.Object' is not defined or imported
C:\gh\azure-sdk-for-net\sdk\digitaltwins\Microsoft.Azure.Management.DigitalTwins\tests\ScenarioTests\DigitalTwinsTestBase.cs(25,19): error CS0518: Predefined type 'System.String' is not defined or imported
C:\gh\azure-sdk-for-net\sdk\digitaltwins\Microsoft.Azure.Management.DigitalTwins\tests\ScenarioTests\DigitalTwinsTestBase.cs(26,19): error CS0518: Predefined type 'System.Object' is not defined or imported
C:\gh\azure-sdk-for-net\sdk\digitaltwins\Microsoft.Azure.Management.DigitalTwins\tests\ScenarioTests\DigitalTwinsTestBase.cs(26,19): error CS0246: The type or namespace name 'TestEnvironment' could not be found (are you missing a using directive or an assembly reference?)
C:\gh\azure-sdk-for-net\sdk\digitaltwins\Microsoft.Azure.Management.DigitalTwins\tests\Helpers\RecordedDelegatingHandler.cs(36,57): error CS0518: Predefined type 'System.Void' is not defined or imported
C:\gh\azure-sdk-for-net\sdk\digitaltwins\Microsoft.Azure.Management.DigitalTwins\tests\Helpers\RecordedDelegatingHandler.cs(38,57): error CS0518: Predefined type 'System.Void' is not defined or imported
C:\gh\azure-sdk-for-net\sdk\digitaltwins\Microsoft.Azure.Management.DigitalTwins\tests\Helpers\RecordedDelegatingHandler.cs(40,41): error CS0518: Predefined type 'System.Void' is not defined or imported
C:\gh\azure-sdk-for-net\sdk\digitaltwins\Microsoft.Azure.Management.DigitalTwins\tests\Helpers\RecordedDelegatingHandler.cs(42,31): error CS0518: Predefined type 'System.Void' is not defined or imported
C:\gh\azure-sdk-for-net\sdk\digitaltwins\Microsoft.Azure.Management.DigitalTwins\tests\Helpers\RecordedDelegatingHandler.cs(44,42): error CS0518: Predefined type 'System.Void' is not defined or imported
C:\gh\azure-sdk-for-net\sdk\digitaltwins\Microsoft.Azure.Management.DigitalTwins\tests\Helpers\RecordedDelegatingHandler.cs(30,16): error CS0518: Predefined type 'System.Object' is not defined or imported
C:\gh\azure-sdk-for-net\sdk\digitaltwins\Microsoft.Azure.Management.DigitalTwins\tests\Helpers\RecordedDelegatingHandler.cs(30,16): error CS0246: The type or namespace name 'HttpStatusCode' could not be found (are you missing a using directive or an assembly reference?)
C:\gh\azure-sdk-for-net\sdk\digitaltwins\Microsoft.Azure.Management.DigitalTwins\tests\Helpers\RecordedDelegatingHandler.cs(32,16): error CS0518: Predefined type 'System.Object' is not defined or imported
C:\gh\azure-sdk-for-net\sdk\digitaltwins\Microsoft.Azure.Management.DigitalTwins\tests\Helpers\RecordedDelegatingHandler.cs(32,16): error CS0246: The type or namespace name 'HttpStatusCode' could not be found (are you missing a using directive or an assembly reference?)
C:\gh\azure-sdk-for-net\sdk\digitaltwins\Microsoft.Azure.Management.DigitalTwins\tests\Helpers\RecordedDelegatingHandler.cs(34,16): error CS0518: Predefined type 'System.String' is not defined or imported
C:\gh\azure-sdk-for-net\sdk\digitaltwins\Microsoft.Azure.Management.DigitalTwins\tests\Helpers\RecordedDelegatingHandler.cs(36,16): error CS0518: Predefined type 'System.Object' is not defined or imported
C:\gh\azure-sdk-for-net\sdk\digitaltwins\Microsoft.Azure.Management.DigitalTwins\tests\Helpers\RecordedDelegatingHandler.cs(36,16): error CS0246: The type or namespace name 'HttpRequestHeaders' could not be found (are you missing a using directive or an assembly reference?)
C:\gh\azure-sdk-for-net\sdk\digitaltwins\Microsoft.Azure.Management.DigitalTwins\tests\Helpers\RecordedDelegatingHandler.cs(38,16): error CS0518: Predefined type 'System.Object' is not defined or imported
C:\gh\azure-sdk-for-net\sdk\digitaltwins\Microsoft.Azure.Management.DigitalTwins\tests\Helpers\RecordedDelegatingHandler.cs(38,16): error CS0246: The type or namespace name 'HttpContentHeaders' could not be found (are you missing a using directive or an assembly reference?)
C:\gh\azure-sdk-for-net\sdk\digitaltwins\Microsoft.Azure.Management.DigitalTwins\tests\Helpers\RecordedDelegatingHandler.cs(40,16): error CS0518: Predefined type 'System.Object' is not defined or imported
C:\gh\azure-sdk-for-net\sdk\digitaltwins\Microsoft.Azure.Management.DigitalTwins\tests\Helpers\RecordedDelegatingHandler.cs(40,16): error CS0246: The type or namespace name 'HttpMethod' could not be found (are you missing a using directive or an assembly reference?)
C:\gh\azure-sdk-for-net\sdk\digitaltwins\Microsoft.Azure.Management.DigitalTwins\tests\Helpers\RecordedDelegatingHandler.cs(42,16): error CS0518: Predefined type 'System.Object' is not defined or imported
C:\gh\azure-sdk-for-net\sdk\digitaltwins\Microsoft.Azure.Management.DigitalTwins\tests\Helpers\RecordedDelegatingHandler.cs(42,16): error CS0246: The type or namespace name 'Uri' could not be found (are you missing a using directive or an assembly reference?)
C:\gh\azure-sdk-for-net\sdk\digitaltwins\Microsoft.Azure.Management.DigitalTwins\tests\Helpers\RecordedDelegatingHandler.cs(44,16): error CS0518: Predefined type 'System.Boolean' is not defined or imported
C:\gh\azure-sdk-for-net\sdk\digitaltwins\Microsoft.Azure.Management.DigitalTwins\tests\ScenarioTests\DigitalTwinsTestBase.cs(17,51): error CS0518: Predefined type 'System.String' is not defined or imported
C:\gh\azure-sdk-for-net\sdk\digitaltwins\Microsoft.Azure.Management.DigitalTwins\tests\ScenarioTests\DigitalTwinsTestBase.cs(18,55): error CS0518: Predefined type 'System.String' is not defined or imported
C:\gh\azure-sdk-for-net\sdk\digitaltwins\Microsoft.Azure.Management.DigitalTwins\tests\ScenarioTests\DigitalTwinsTestBase.cs(19,55): error CS0518: Predefined type 'System.String' is not defined or imported
C:\gh\azure-sdk-for-net\sdk\digitaltwins\Microsoft.Azure.Management.DigitalTwins\tests\ScenarioTests\DigitalTwinsTestBase.cs(20,60): error CS0518: Predefined type 'System.String' is not defined or imported
C:\gh\azure-sdk-for-net\sdk\digitaltwins\Microsoft.Azure.Management.DigitalTwins\tests\ScenarioTests\DigitalTwinsTestBase.cs(15,55): error CS0518: Predefined type 'System.Object' is not defined or imported
C:\gh\azure-sdk-for-net\sdk\digitaltwins\Microsoft.Azure.Management.DigitalTwins\tests\ScenarioTests\DigitalTwinsTestBase.cs(22,62): error CS0518: Predefined type 'System.Boolean' is not defined or imported
C:\gh\azure-sdk-for-net\sdk\digitaltwins\Microsoft.Azure.Management.DigitalTwins\tests\Helpers\RecordedDelegatingHandler.cs(20,34): error CS0518: Predefined type 'System.Object' is not defined or imported
C:\gh\azure-sdk-for-net\sdk\digitaltwins\Microsoft.Azure.Management.DigitalTwins\tests\Helpers\RecordedDelegatingHandler.cs(20,34): error CS0103: The name 'HttpStatusCode' does not exist in the current context
C:\gh\azure-sdk-for-net\sdk\digitaltwins\Microsoft.Azure.Management.DigitalTwins\tests\ScenarioTests\DigitalTwinsTestBase.cs(30,17): error CS0518: Predefined type 'System.Boolean' is not defined or imported
C:\gh\azure-sdk-for-net\sdk\digitaltwins\Microsoft.Azure.Management.DigitalTwins\tests\ScenarioTests\DigitalTwinsTestBase.cs(37,21): error CS0518: Predefined type 'System.Boolean' is not defined or imported
C:\gh\azure-sdk-for-net\sdk\digitaltwins\Microsoft.Azure.Management.DigitalTwins\tests\ScenarioTests\DigitalTwinsTestBase.cs(42,27): error CS0518: Predefined type 'System.Object' is not defined or imported
C:\gh\azure-sdk-for-net\sdk\digitaltwins\Microsoft.Azure.Management.DigitalTwins\tests\ScenarioTests\DigitalTwinsTestBase.cs(42,27): error CS0103: The name 'TestEnvironmentFactory' does not exist in the current context
C:\gh\azure-sdk-for-net\sdk\digitaltwins\Microsoft.Azure.Management.DigitalTwins\tests\ScenarioTests\DigitalTwinsTestBase.cs(44,35): error CS0518: Predefined type 'System.Object' is not defined or imported
C:\gh\azure-sdk-for-net\sdk\digitaltwins\Microsoft.Azure.Management.DigitalTwins\tests\ScenarioTests\DigitalTwinsTestBase.cs(46,25): error CS0518: Predefined type 'System.Object' is not defined or imported
C:\gh\azure-sdk-for-net\sdk\digitaltwins\Microsoft.Azure.Management.DigitalTwins\tests\ScenarioTests\DigitalTwinsTestBase.cs(46,74): error CS0518: Predefined type 'System.Object' is not defined or imported
C:\gh\azure-sdk-for-net\sdk\digitaltwins\Microsoft.Azure.Management.DigitalTwins\tests\ScenarioTests\DigitalTwinsTestBase.cs(46,74): error CS0103: The name 'HttpStatusCode' does not exist in the current context
C:\gh\azure-sdk-for-net\sdk\digitaltwins\Microsoft.Azure.Management.DigitalTwins\tests\ScenarioTests\DigitalTwinsTestBase.cs(48,38): error CS0518: Predefined type 'System.Object' is not defined or imported
C:\gh\azure-sdk-for-net\sdk\digitaltwins\Microsoft.Azure.Management.DigitalTwins\tests\ScenarioTests\DigitalTwinsTestBase.cs(50,25): error CS0518: Predefined type 'System.Object' is not defined or imported
C:\gh\azure-sdk-for-net\sdk\digitaltwins\Microsoft.Azure.Management.DigitalTwins\tests\ScenarioTests\DigitalTwinsTestBase.cs(50,74): error CS0518: Predefined type 'System.Object' is not defined or imported
C:\gh\azure-sdk-for-net\sdk\digitaltwins\Microsoft.Azure.Management.DigitalTwins\tests\ScenarioTests\DigitalTwinsTestBase.cs(50,74): error CS0103: The name 'HttpStatusCode' does not exist in the current context
C:\gh\azure-sdk-for-net\sdk\digitaltwins\Microsoft.Azure.Management.DigitalTwins\tests\ScenarioTests\DigitalTwinsTestBase.cs(52,21): error CS0518: Predefined type 'System.String' is not defined or imported
C:\gh\azure-sdk-for-net\sdk\digitaltwins\Microsoft.Azure.Management.DigitalTwins\tests\ScenarioTests\DigitalTwinsTestBase.cs(52,42): error CS0518: Predefined type 'System.Object' is not defined or imported
C:\gh\azure-sdk-for-net\sdk\digitaltwins\Microsoft.Azure.Management.DigitalTwins\tests\ScenarioTests\DigitalTwinsTestBase.cs(52,42): error CS0103: The name 'Environment' does not exist in the current context
C:\gh\azure-sdk-for-net\sdk\digitaltwins\Microsoft.Azure.Management.DigitalTwins\tests\ScenarioTests\DigitalTwinsTestBase.cs(52,77): error CS0518: Predefined type 'System.String' is not defined or imported
C:\gh\azure-sdk-for-net\sdk\digitaltwins\Microsoft.Azure.Management.DigitalTwins\tests\ScenarioTests\DigitalTwinsTestBase.cs(52,21): error CS0518: Predefined type 'System.Boolean' is not defined or imported
C:\gh\azure-sdk-for-net\sdk\digitaltwins\Microsoft.Azure.Management.DigitalTwins\tests\ScenarioTests\DigitalTwinsTestBase.cs(58,32): error CS0518: Predefined type 'System.Object' is not defined or imported
C:\gh\azure-sdk-for-net\sdk\digitaltwins\Microsoft.Azure.Management.DigitalTwins\tests\ScenarioTests\DigitalTwinsTestBase.cs(58,32): error CS0103: The name 'Environment' does not exist in the current context
C:\gh\azure-sdk-for-net\sdk\digitaltwins\Microsoft.Azure.Management.DigitalTwins\tests\ScenarioTests\DigitalTwinsTestBase.cs(58,67): error CS0518: Predefined type 'System.String' is not defined or imported
C:\gh\azure-sdk-for-net\sdk\digitaltwins\Microsoft.Azure.Management.DigitalTwins\tests\ScenarioTests\DigitalTwinsTestBase.cs(58,93): error CS0518: Predefined type 'System.String' is not defined or imported
C:\gh\azure-sdk-for-net\sdk\digitaltwins\Microsoft.Azure.Management.DigitalTwins\tests\ScenarioTests\DigitalTwinsTestBase.cs(58,98): error CS0518: Predefined type 'System.String' is not defined or imported
C:\gh\azure-sdk-for-net\sdk\digitaltwins\Microsoft.Azure.Management.DigitalTwins\tests\ScenarioTests\DigitalTwinsTestBase.cs(61,33): error CS0518: Predefined type 'System.Boolean' is not defined or imported
C:\gh\azure-sdk-for-net\sdk\digitaltwins\Microsoft.Azure.Management.DigitalTwins\tests\ScenarioTests\DigitalTwinsTestBase.cs(69,17): error CS0518: Predefined type 'System.Boolean' is not defined or imported
C:\gh\azure-sdk-for-net\sdk\digitaltwins\Microsoft.Azure.Management.DigitalTwins\tests\ScenarioTests\DigitalTwinsTestBase.cs(71,31): error CS0518: Predefined type 'System.Object' is not defined or imported
C:\gh\azure-sdk-for-net\sdk\digitaltwins\Microsoft.Azure.Management.DigitalTwins\tests\ScenarioTests\DigitalTwinsTestBase.cs(71,80): error CS0518: Predefined type 'System.Object' is not defined or imported
C:\gh\azure-sdk-for-net\sdk\digitaltwins\Microsoft.Azure.Management.DigitalTwins\tests\ScenarioTests\DigitalTwinsTestBase.cs(71,80): error CS0103: The name 'HttpStatusCode' does not exist in the current context
C:\gh\azure-sdk-for-net\sdk\digitaltwins\Microsoft.Azure.Management.DigitalTwins\tests\ScenarioTests\DigitalTwinsTestBase.cs(75,41): error CS0518: Predefined type 'System.Boolean' is not defined or imported
C:\gh\azure-sdk-for-net\sdk\digitaltwins\Microsoft.Azure.Management.DigitalTwins\tests\ScenarioTests\DigitalTwinsTestBase.cs(78,45): error CS0518: Predefined type 'System.Object' is not defined or imported
C:\gh\azure-sdk-for-net\sdk\digitaltwins\Microsoft.Azure.Management.DigitalTwins\tests\ScenarioTests\DigitalTwinsTestBase.cs(78,80): error CS0518: Predefined type 'System.Boolean' is not defined or imported
C:\gh\azure-sdk-for-net\sdk\digitaltwins\Microsoft.Azure.Management.DigitalTwins\tests\ScenarioTests\DigitalTwinsTestBase.cs(85,37): error CS0518: Predefined type 'System.Boolean' is not defined or imported
C:\gh\azure-sdk-for-net\sdk\digitaltwins\Microsoft.Azure.Management.DigitalTwins\tests\ScenarioTests\DigitalTwinsTestBase.cs(86,45): error CS0518: Predefined type 'System.Object' is not defined or imported
C:\gh\azure-sdk-for-net\sdk\digitaltwins\Microsoft.Azure.Management.DigitalTwins\tests\ScenarioTests\DigitalTwinsTestBase.cs(86,45): error CS0246: The type or namespace name 'ResourceManagementClient' could not be found (are you missing a using directive or an assembly reference?)
C:\gh\azure-sdk-for-net\sdk\digitaltwins\Microsoft.Azure.Management.DigitalTwins\tests\ScenarioTests\DigitalTwinsTestBase.cs(86,71): error CS0518: Predefined type 'System.Boolean' is not defined or imported
C:\gh\azure-sdk-for-net\sdk\digitaltwins\Microsoft.Azure.Management.DigitalTwins\tests\Helpers\RecordedDelegatingHandler.cs(53,17): error CS0518: Predefined type 'System.Boolean' is not defined or imported
C:\gh\azure-sdk-for-net\sdk\digitaltwins\Microsoft.Azure.Management.DigitalTwins\tests\Helpers\RecordedDelegatingHandler.cs(53,17): error CS0518: Predefined type 'System.Boolean' is not defined or imported
C:\gh\azure-sdk-for-net\sdk\digitaltwins\Microsoft.Azure.Management.DigitalTwins\tests\Helpers\RecordedDelegatingHandler.cs(55,27): error CS0518: Predefined type 'System.String' is not defined or imported
C:\gh\azure-sdk-for-net\sdk\digitaltwins\Microsoft.Azure.Management.DigitalTwins\tests\Helpers\RecordedDelegatingHandler.cs(62,17): error CS0518: Predefined type 'System.Boolean' is not defined or imported
C:\gh\azure-sdk-for-net\sdk\digitaltwins\Microsoft.Azure.Management.DigitalTwins\tests\Helpers\RecordedDelegatingHandler.cs(62,17): error CS0518: Predefined type 'System.Boolean' is not defined or imported
C:\gh\azure-sdk-for-net\sdk\digitaltwins\Microsoft.Azure.Management.DigitalTwins\tests\Helpers\RecordedDelegatingHandler.cs(70,17): error CS0518: Predefined type 'System.Boolean' is not defined or imported
C:\gh\azure-sdk-for-net\sdk\digitaltwins\Microsoft.Azure.Management.DigitalTwins\tests\Helpers\RecordedDelegatingHandler.cs(75,17): error CS0518: Predefined type 'System.Boolean' is not defined or imported
C:\gh\azure-sdk-for-net\sdk\digitaltwins\Microsoft.Azure.Management.DigitalTwins\tests\Helpers\RecordedDelegatingHandler.cs(75,50): error CS0518: Predefined type 'System.Int32' is not defined or imported
C:\gh\azure-sdk-for-net\sdk\digitaltwins\Microsoft.Azure.Management.DigitalTwins\tests\Helpers\RecordedDelegatingHandler.cs(75,38): error CS0518: Predefined type 'System.Boolean' is not defined or imported
C:\gh\azure-sdk-for-net\sdk\digitaltwins\Microsoft.Azure.Management.DigitalTwins\tests\Helpers\RecordedDelegatingHandler.cs(75,17): error CS0518: Predefined type 'System.Boolean' is not defined or imported
C:\gh\azure-sdk-for-net\sdk\digitaltwins\Microsoft.Azure.Management.DigitalTwins\tests\Helpers\RecordedDelegatingHandler.cs(81,28): error CS0518: Predefined type 'System.Int32' is not defined or imported
C:\gh\azure-sdk-for-net\sdk\digitaltwins\Microsoft.Azure.Management.DigitalTwins\tests\Helpers\RecordedDelegatingHandler.cs(81,17): error CS0518: Predefined type 'System.Boolean' is not defined or imported
C:\gh\azure-sdk-for-net\sdk\digitaltwins\Microsoft.Azure.Management.DigitalTwins\tests\Helpers\RecordedDelegatingHandler.cs(81,17): error CS0518: Predefined type 'System.Boolean' is not defined or imported
C:\gh\azure-sdk-for-net\sdk\digitaltwins\Microsoft.Azure.Management.DigitalTwins\tests\Helpers\RecordedDelegatingHandler.cs(85,32): error CS0518: Predefined type 'System.Object' is not defined or imported
C:\gh\azure-sdk-for-net\sdk\digitaltwins\Microsoft.Azure.Management.DigitalTwins\tests\Helpers\RecordedDelegatingHandler.cs(85,32): error CS0246: The type or namespace name 'HttpResponseMessage' could not be found (are you missing a using directive or an assembly reference?)
C:\gh\azure-sdk-for-net\sdk\digitaltwins\Microsoft.Azure.Management.DigitalTwins\tests\Helpers\RecordedDelegatingHandler.cs(87,31): error CS0518: Predefined type 'System.Object' is not defined or imported
C:\gh\azure-sdk-for-net\sdk\digitaltwins\Microsoft.Azure.Management.DigitalTwins\tests\Helpers\RecordedDelegatingHandler.cs(87,31): error CS0246: The type or namespace name 'StringContent' could not be found (are you missing a using directive or an assembly reference?)
C:\gh\azure-sdk-for-net\sdk\digitaltwins\Microsoft.Azure.Management.DigitalTwins\tests\Helpers\RecordedDelegatingHandler.cs(87,45): error CS0518: Predefined type 'System.String' is not defined or imported
C:\gh\azure-sdk-for-net\sdk\digitaltwins\Microsoft.Azure.Management.DigitalTwins\tests\ScenarioTests\DigitalTwinsTestBase.cs(13,18): error CS1729: 'object' does not contain a constructor that takes 0 arguments
C:\gh\azure-sdk-for-net\sdk\digitaltwins\Microsoft.Azure.Management.DigitalTwins\tests\ScenarioTests\DigitalTwinsLifecycleTests.cs(24,13): error CS0518: Predefined type 'System.IDisposable' is not defined or imported
C:\gh\azure-sdk-for-net\sdk\digitaltwins\Microsoft.Azure.Management.DigitalTwins\tests\ScenarioTests\DigitalTwinsLifecycleTests.cs(24,33): error CS0518: Predefined type 'System.Object' is not defined or imported
C:\gh\azure-sdk-for-net\sdk\digitaltwins\Microsoft.Azure.Management.DigitalTwins\tests\ScenarioTests\DigitalTwinsLifecycleTests.cs(24,33): error CS0103: The name 'MockContext' does not exist in the current context
C:\gh\azure-sdk-for-net\sdk\digitaltwins\Microsoft.Azure.Management.DigitalTwins\tests\ScenarioTests\DigitalTwinsLifecycleTests.cs(24,51): error CS0518: Predefined type 'System.Object' is not defined or imported
C:\gh\azure-sdk-for-net\sdk\digitaltwins\Microsoft.Azure.Management.DigitalTwins\tests\ScenarioTests\DigitalTwinsLifecycleTests.cs(24,51): error CS0103: The name 'GetType' does not exist in the current context
C:\gh\azure-sdk-for-net\sdk\digitaltwins\Microsoft.Azure.Management.DigitalTwins\tests\ScenarioTests\DigitalTwinsLifecycleTests.cs(26,13): error CS0518: Predefined type 'System.Object' is not defined or imported
C:\gh\azure-sdk-for-net\sdk\digitaltwins\Microsoft.Azure.Management.DigitalTwins\tests\ScenarioTests\DigitalTwinsLifecycleTests.cs(29,13): error CS0518: Predefined type 'System.Object' is not defined or imported
C:\gh\azure-sdk-for-net\sdk\digitaltwins\Microsoft.Azure.Management.DigitalTwins\tests\ScenarioTests\DigitalTwinsLifecycleTests.cs(29,13): error CS0246: The type or namespace name 'ResourceGroup' could not be found (are you missing a using directive or an assembly reference?)
C:\gh\azure-sdk-for-net\sdk\digitaltwins\Microsoft.Azure.Management.DigitalTwins\tests\ScenarioTests\DigitalTwinsLifecycleTests.cs(31,21): error CS0518: Predefined type 'System.Object' is not defined or imported
C:\gh\azure-sdk-for-net\sdk\digitaltwins\Microsoft.Azure.Management.DigitalTwins\tests\ScenarioTests\DigitalTwinsLifecycleTests.cs(31,21): error CS0246: The type or namespace name 'ResourceGroup' could not be found (are you missing a using directive or an assembly reference?)
C:\gh\azure-sdk-for-net\sdk\digitaltwins\Microsoft.Azure.Management.DigitalTwins\tests\ScenarioTests\DigitalTwinsLifecycleTests.cs(39,17): error CS0518: Predefined type 'System.Object' is not defined or imported
C:\gh\azure-sdk-for-net\sdk\digitaltwins\Microsoft.Azure.Management.DigitalTwins\tests\ScenarioTests\DigitalTwinsLifecycleTests.cs(39,53): error CS0246: The type or namespace name 'Task<>' could not be found (are you missing a using directive or an assembly reference?)
C:\gh\azure-sdk-for-net\sdk\digitaltwins\Microsoft.Azure.Management.DigitalTwins\tests\ScenarioTests\DigitalTwinsLifecycleTests.cs(43,34): error CS0518: Predefined type 'System.Nullable`1' is not defined or imported
C:\gh\azure-sdk-for-net\sdk\digitaltwins\Microsoft.Azure.Management.DigitalTwins\tests\ScenarioTests\DigitalTwinsLifecycleTests.cs(43,21): error CS0518: Predefined type 'System.Boolean' is not defined or imported
C:\gh\azure-sdk-for-net\sdk\digitaltwins\Microsoft.Azure.Management.DigitalTwins\tests\ScenarioTests\DigitalTwinsLifecycleTests.cs(45,21): error CS0518: Predefined type 'System.Object' is not defined or imported
C:\gh\azure-sdk-for-net\sdk\digitaltwins\Microsoft.Azure.Management.DigitalTwins\tests\ScenarioTests\DigitalTwinsLifecycleTests.cs(45,62): error CS0246: The type or namespace name 'Task<>' could not be found (are you missing a using directive or an assembly reference?)
C:\gh\azure-sdk-for-net\sdk\digitaltwins\Microsoft.Azure.Management.DigitalTwins\tests\ScenarioTests\DigitalTwinsLifecycleTests.cs(45,62): error CS0246: The type or namespace name 'Task' could not be found (are you missing a using directive or an assembly reference?)
C:\gh\azure-sdk-for-net\sdk\digitaltwins\Microsoft.Azure.Management.DigitalTwins\tests\ScenarioTests\DigitalTwinsLifecycleTests.cs(48,30): error CS0518: Predefined type 'System.String' is not defined or imported
C:\gh\azure-sdk-for-net\sdk\digitaltwins\Microsoft.Azure.Management.DigitalTwins\tests\ScenarioTests\DigitalTwinsLifecycleTests.cs(48,60): error CS0518: Predefined type 'System.Object' is not defined or imported
C:\gh\azure-sdk-for-net\sdk\digitaltwins\Microsoft.Azure.Management.DigitalTwins\tests\ScenarioTests\DigitalTwinsLifecycleTests.cs(48,78): error CS0518: Predefined type 'System.String' is not defined or imported
C:\gh\azure-sdk-for-net\sdk\digitaltwins\Microsoft.Azure.Management.DigitalTwins\tests\ScenarioTests\DigitalTwinsLifecycleTests.cs(50,41): error CS0246: The type or namespace name 'Task<>' could not be found (are you missing a using directive or an assembly reference?)
C:\gh\azure-sdk-for-net\sdk\digitaltwins\Microsoft.Azure.Management.DigitalTwins\tests\ScenarioTests\DigitalTwinsLifecycleTests.cs(53,33): error CS0518: Predefined type 'System.Nullable`1' is not defined or imported
C:\gh\azure-sdk-for-net\sdk\digitaltwins\Microsoft.Azure.Management.DigitalTwins\tests\ScenarioTests\DigitalTwinsLifecycleTests.cs(60,25): error CS0518: Predefined type 'System.Object' is not defined or imported
C:\gh\azure-sdk-for-net\sdk\digitaltwins\Microsoft.Azure.Management.DigitalTwins\tests\ScenarioTests\DigitalTwinsLifecycleTests.cs(60,25): error CS0518: Predefined type 'System.Void' is not defined or imported
C:\gh\azure-sdk-for-net\sdk\digitaltwins\Microsoft.Azure.Management.DigitalTwins\tests\ScenarioTests\DigitalTwinsLifecycleTests.cs(62,25): error CS0518: Predefined type 'System.String' is not defined or imported
C:\gh\azure-sdk-for-net\sdk\digitaltwins\Microsoft.Azure.Management.DigitalTwins\tests\ScenarioTests\DigitalTwinsLifecycleTests.cs(57,40): error CS0246: The type or namespace name 'Task<>' could not be found (are you missing a using directive or an assembly reference?)
C:\gh\azure-sdk-for-net\sdk\digitaltwins\Microsoft.Azure.Management.DigitalTwins\tests\ScenarioTests\DigitalTwinsLifecycleTests.cs(72,27): error CS0518: Predefined type 'System.String' is not defined or imported
C:\gh\azure-sdk-for-net\sdk\digitaltwins\Microsoft.Azure.Management.DigitalTwins\tests\ScenarioTests\DigitalTwinsLifecycleTests.cs(72,41): error CS0518: Predefined type 'System.String' is not defined or imported
C:\gh\azure-sdk-for-net\sdk\digitaltwins\Microsoft.Azure.Management.DigitalTwins\tests\ScenarioTests\DigitalTwinsLifecycleTests.cs(73,27): error CS0518: Predefined type 'System.String' is not defined or imported
C:\gh\azure-sdk-for-net\sdk\digitaltwins\Microsoft.Azure.Management.DigitalTwins\tests\ScenarioTests\DigitalTwinsLifecycleTests.cs(73,43): error CS0518: Predefined type 'System.String' is not defined or imported
C:\gh\azure-sdk-for-net\sdk\digitaltwins\Microsoft.Azure.Management.DigitalTwins\tests\ScenarioTests\DigitalTwinsLifecycleTests.cs(74,37): error CS0518: Predefined type 'System.Object' is not defined or imported
C:\gh\azure-sdk-for-net\sdk\digitaltwins\Microsoft.Azure.Management.DigitalTwins\tests\ScenarioTests\DigitalTwinsLifecycleTests.cs(75,35): error CS0518: Predefined type 'System.Object' is not defined or imported
C:\gh\azure-sdk-for-net\sdk\digitaltwins\Microsoft.Azure.Management.DigitalTwins\tests\ScenarioTests\DigitalTwinsLifecycleTests.cs(75,35): error CS0246: The type or namespace name 'Dictionary<,>' could not be found (are you missing a using directive or an assembly reference?)
C:\gh\azure-sdk-for-net\sdk\digitaltwins\Microsoft.Azure.Management.DigitalTwins\tests\ScenarioTests\DigitalTwinsLifecycleTests.cs(75,46): error CS0518: Predefined type 'System.String' is not defined or imported
C:\gh\azure-sdk-for-net\sdk\digitaltwins\Microsoft.Azure.Management.DigitalTwins\tests\ScenarioTests\DigitalTwinsLifecycleTests.cs(75,54): error CS0518: Predefined type 'System.String' is not defined or imported
C:\gh\azure-sdk-for-net\sdk\digitaltwins\Microsoft.Azure.Management.DigitalTwins\tests\ScenarioTests\DigitalTwinsLifecycleTests.cs(77,31): error CS0518: Predefined type 'System.String' is not defined or imported
C:\gh\azure-sdk-for-net\sdk\digitaltwins\Microsoft.Azure.Management.DigitalTwins\tests\ScenarioTests\DigitalTwinsLifecycleTests.cs(77,39): error CS0518: Predefined type 'System.String' is not defined or imported
C:\gh\azure-sdk-for-net\sdk\digitaltwins\Microsoft.Azure.Management.DigitalTwins\tests\ScenarioTests\DigitalTwinsLifecycleTests.cs(74,37): error CS0518: Predefined type 'System.Void' is not defined or imported
C:\gh\azure-sdk-for-net\sdk\digitaltwins\Microsoft.Azure.Management.DigitalTwins\tests\ScenarioTests\DigitalTwinsLifecycleTests.cs(80,40): error CS0246: The type or namespace name 'Task<>' could not be found (are you missing a using directive or an assembly reference?)
C:\gh\azure-sdk-for-net\sdk\digitaltwins\Microsoft.Azure.Management.DigitalTwins\tests\ScenarioTests\DigitalTwinsLifecycleTests.cs(86,57): error CS0518: Predefined type 'System.Int32' is not defined or imported
C:\gh\azure-sdk-for-net\sdk\digitaltwins\Microsoft.Azure.Management.DigitalTwins\tests\ScenarioTests\DigitalTwinsLifecycleTests.cs(90,48): error CS0246: The type or namespace name 'Task<>' could not be found (are you missing a using directive or an assembly reference?)
C:\gh\azure-sdk-for-net\sdk\digitaltwins\Microsoft.Azure.Management.DigitalTwins\tests\ScenarioTests\DigitalTwinsLifecycleTests.cs(91,67): error CS0518: Predefined type 'System.Int32' is not defined or imported
C:\gh\azure-sdk-for-net\sdk\digitaltwins\Microsoft.Azure.Management.DigitalTwins\tests\ScenarioTests\DigitalTwinsLifecycleTests.cs(94,47): error CS0246: The type or namespace name 'Task<>' could not be found (are you missing a using directive or an assembly reference?)
C:\gh\azure-sdk-for-net\sdk\digitaltwins\Microsoft.Azure.Management.DigitalTwins\tests\ScenarioTests\DigitalTwinsLifecycleTests.cs(95,66): error CS0518: Predefined type 'System.Int32' is not defined or imported
C:\gh\azure-sdk-for-net\sdk\digitaltwins\Microsoft.Azure.Management.DigitalTwins\tests\ScenarioTests\DigitalTwinsLifecycleTests.cs(96,21): error CS0518: Predefined type 'System.Object' is not defined or imported
C:\gh\azure-sdk-for-net\sdk\digitaltwins\Microsoft.Azure.Management.DigitalTwins\tests\ScenarioTests\DigitalTwinsLifecycleTests.cs(96,21): error CS0103: The name 'Assert' does not exist in the current context
C:\gh\azure-sdk-for-net\sdk\digitaltwins\Microsoft.Azure.Management.DigitalTwins\tests\ScenarioTests\DigitalTwinsLifecycleTests.cs(97,21): error CS0518: Predefined type 'System.Object' is not defined or imported
C:\gh\azure-sdk-for-net\sdk\digitaltwins\Microsoft.Azure.Management.DigitalTwins\tests\ScenarioTests\DigitalTwinsLifecycleTests.cs(97,21): error CS0103: The name 'Assert' does not exist in the current context
C:\gh\azure-sdk-for-net\sdk\digitaltwins\Microsoft.Azure.Management.DigitalTwins\tests\ScenarioTests\DigitalTwinsLifecycleTests.cs(98,21): error CS0518: Predefined type 'System.Object' is not defined or imported
C:\gh\azure-sdk-for-net\sdk\digitaltwins\Microsoft.Azure.Management.DigitalTwins\tests\ScenarioTests\DigitalTwinsLifecycleTests.cs(98,21): error CS0103: The name 'Assert' does not exist in the current context
C:\gh\azure-sdk-for-net\sdk\digitaltwins\Microsoft.Azure.Management.DigitalTwins\tests\ScenarioTests\DigitalTwinsLifecycleTests.cs(104,71): error CS0518: Predefined type 'System.Int32' is not defined or imported
C:\gh\azure-sdk-for-net\sdk\digitaltwins\Microsoft.Azure.Management.DigitalTwins\tests\ScenarioTests\DigitalTwinsLifecycleTests.cs(108,67): error CS0518: Predefined type 'System.Int32' is not defined or imported
C:\gh\azure-sdk-for-net\sdk\digitaltwins\Microsoft.Azure.Management.DigitalTwins\tests\ScenarioTests\DigitalTwinsLifecycleTests.cs(112,73): error CS0518: Predefined type 'System.Int32' is not defined or imported
C:\gh\azure-sdk-for-net\sdk\digitaltwins\Microsoft.Azure.Management.DigitalTwins\tests\ScenarioTests\DigitalTwinsLifecycleTests.cs(116,68): error CS0518: Predefined type 'System.Int32' is not defined or imported
C:\gh\azure-sdk-for-net\sdk\digitaltwins\Microsoft.Azure.Management.DigitalTwins\tests\ScenarioTests\DigitalTwinsLifecycleTests.cs(121,21): error CS0518: Predefined type 'System.Object' is not defined or imported
C:\gh\azure-sdk-for-net\sdk\digitaltwins\Microsoft.Azure.Management.DigitalTwins\tests\ScenarioTests\DigitalTwinsLifecycleTests.cs(121,62): error CS0246: The type or namespace name 'Task<>' could not be found (are you missing a using directive or an assembly reference?)
C:\gh\azure-sdk-for-net\sdk\digitaltwins\Microsoft.Azure.Management.DigitalTwins\tests\ScenarioTests\DigitalTwinsLifecycleTests.cs(121,62): error CS0246: The type or namespace name 'Task' could not be found (are you missing a using directive or an assembly reference?)
C:\gh\azure-sdk-for-net\sdk\digitaltwins\Microsoft.Azure.Management.DigitalTwins\tests\ScenarioTests\DigitalTwinsLifecycleTests.cs(124,30): error CS0518: Predefined type 'System.String' is not defined or imported
C:\gh\azure-sdk-for-net\sdk\digitaltwins\Microsoft.Azure.Management.DigitalTwins\tests\ScenarioTests\DigitalTwinsLifecycleTests.cs(124,60): error CS0518: Predefined type 'System.Object' is not defined or imported
C:\gh\azure-sdk-for-net\sdk\digitaltwins\Microsoft.Azure.Management.DigitalTwins\tests\ScenarioTests\DigitalTwinsLifecycleTests.cs(124,78): error CS0518: Predefined type 'System.String' is not defined or imported
C:\gh\azure-sdk-for-net\sdk\digitaltwins\Microsoft.Azure.Management.DigitalTwins\tests\ScenarioTests\DigitalTwinsLifecycleTests.cs(22,27): error CS0161: 'DigitalTwinsLifecycleTests.TestDigitalTwinsLifecycle()': not all code paths return a value
C:\gh\azure-sdk-for-net\sdk\digitaltwins\Microsoft.Azure.Management.DigitalTwins\tests\ScenarioTests\DigitalTwinsLifecycleTests.cs(18,18): error CS0518: Predefined type 'System.Void' is not defined or imported
C:\gh\azure-sdk-for-net\sdk\digitaltwins\Microsoft.Azure.Management.DigitalTwins\tests\ScenarioTests\DigitalTwinsLifecycleTests.cs(8,1): hidden CS8019: Unnecessary using directive.
C:\gh\azure-sdk-for-net\artifacts\obj\Microsoft.Azure.Management.DigitalTwins.Tests\Debug\netcoreapp2.0\.NETCoreApp,Version=v2.0.AssemblyAttributes.cs(3,1): hidden CS8019: Unnecessary using directive.
C:\gh\azure-sdk-for-net\sdk\digitaltwins\Microsoft.Azure.Management.DigitalTwins\tests\ScenarioTests\DigitalTwinsTestBase.cs(8,1): hidden CS8019: Unnecessary using directive.
C:\gh\azure-sdk-for-net\sdk\digitaltwins\Microsoft.Azure.Management.DigitalTwins\tests\Helpers\RecordedDelegatingHandler.cs(4,1): hidden CS8019: Unnecessary using directive.
C:\gh\azure-sdk-for-net\sdk\digitaltwins\Microsoft.Azure.Management.DigitalTwins\tests\ScenarioTests\DigitalTwinsLifecycleTests.cs(14,1): hidden CS8019: Unnecessary using directive.
C:\gh\azure-sdk-for-net\eng\mgmt\DisableTestRunParallel.cs(4,1): hidden CS8019: Unnecessary using directive.
C:\gh\azure-sdk-for-net\sdk\digitaltwins\Microsoft.Azure.Management.DigitalTwins\tests\ScenarioTests\DigitalTwinsLifecycleTests.cs(7,1): hidden CS8019: Unnecessary using directive.
C:\gh\azure-sdk-for-net\sdk\digitaltwins\Microsoft.Azure.Management.DigitalTwins\tests\ScenarioTests\DigitalTwinsTestBase.cs(7,1): hidden CS8019: Unnecessary using directive.
C:\gh\azure-sdk-for-net\sdk\digitaltwins\Microsoft.Azure.Management.DigitalTwins\tests\ScenarioTests\DigitalTwinsLifecycleTests.cs(12,1): hidden CS8019: Unnecessary using directive.
C:\gh\azure-sdk-for-net\sdk\digitaltwins\Microsoft.Azure.Management.DigitalTwins\tests\ScenarioTests\DigitalTwinsLifecycleTests.cs(4,1): hidden CS8019: Unnecessary using directive.
C:\gh\azure-sdk-for-net\sdk\digitaltwins\Microsoft.Azure.Management.DigitalTwins\tests\ScenarioTests\DigitalTwinsTestBase.cs(9,1): hidden CS8019: Unnecessary using directive.
C:\gh\azure-sdk-for-net\sdk\digitaltwins\Microsoft.Azure.Management.DigitalTwins\tests\Helpers\RecordedDelegatingHandler.cs(9,1): hidden CS8019: Unnecessary using directive.
C:\gh\azure-sdk-for-net\sdk\digitaltwins\Microsoft.Azure.Management.DigitalTwins\tests\Helpers\RecordedDelegatingHandler.cs(5,1): hidden CS8019: Unnecessary using directive.
C:\gh\azure-sdk-for-net\sdk\digitaltwins\Microsoft.Azure.Management.DigitalTwins\tests\ScenarioTests\DigitalTwinsLifecycleTests.cs(10,1): hidden CS8019: Unnecessary using directive.
C:\gh\azure-sdk-for-net\sdk\digitaltwins\Microsoft.Azure.Management.DigitalTwins\tests\ScenarioTests\DigitalTwinsTestBase.cs(6,1): hidden CS8019: Unnecessary using directive.
C:\gh\azure-sdk-for-net\eng\mgmt\DisableTestRunParallel.cs(5,1): hidden CS8019: Unnecessary using directive.
C:\gh\azure-sdk-for-net\sdk\digitaltwins\Microsoft.Azure.Management.DigitalTwins\tests\ScenarioTests\DigitalTwinsLifecycleTests.cs(9,1): hidden CS8019: Unnecessary using directive.
C:\gh\azure-sdk-for-net\sdk\digitaltwins\Microsoft.Azure.Management.DigitalTwins\tests\ScenarioTests\DigitalTwinsLifecycleTests.cs(11,1): hidden CS8019: Unnecessary using directive.
C:\gh\azure-sdk-for-net\sdk\digitaltwins\Microsoft.Azure.Management.DigitalTwins\tests\Helpers\RecordedDelegatingHandler.cs(7,1): hidden CS8019: Unnecessary using directive.
C:\gh\azure-sdk-for-net\artifacts\obj\Microsoft.Azure.Management.DigitalTwins.Tests\Debug\netcoreapp2.0\Microsoft.Azure.Management.DigitalTwins.Tests.AssemblyInfo.cs(11,1): hidden CS8019: Unnecessary using directive.
C:\gh\azure-sdk-for-net\sdk\digitaltwins\Microsoft.Azure.Management.DigitalTwins\tests\ScenarioTests\DigitalTwinsLifecycleTests.cs(13,1): hidden CS8019: Unnecessary using directive.
C:\gh\azure-sdk-for-net\artifacts\obj\Microsoft.Azure.Management.DigitalTwins.Tests\Debug\netcoreapp2.0\.NETCoreApp,Version=v2.0.AssemblyAttributes.cs(2,1): hidden CS8019: Unnecessary using directive.
C:\gh\azure-sdk-for-net\sdk\digitaltwins\Microsoft.Azure.Management.DigitalTwins\tests\Helpers\RecordedDelegatingHandler.cs(8,1): hidden CS8019: Unnecessary using directive.
C:\gh\azure-sdk-for-net\artifacts\obj\Microsoft.Azure.Management.DigitalTwins.Tests\Debug\netcoreapp2.0\Microsoft.Azure.Management.DigitalTwins.Tests.AssemblyInfo.cs(12,1): hidden CS8019: Unnecessary using directive.
C:\gh\azure-sdk-for-net\sdk\digitaltwins\Microsoft.Azure.Management.DigitalTwins\tests\Helpers\RecordedDelegatingHandler.cs(6,1): hidden CS8019: Unnecessary using directive.
