C:\gh\azure-sdk-for-net\sdk\mgmtcommon\AppAuthentication\Azure.Services.AppAuthentication.IntegrationTests\EndtoEndPositiveTests.cs(27,42): error CS0246: The type or namespace name 'IAsyncLifetime' could not be found (are you missing a using directive or an assembly reference?)
C:\gh\azure-sdk-for-net\sdk\mgmtcommon\AppAuthentication\Azure.Services.AppAuthentication.IntegrationTests\Helpers\KeyVaultHelper.cs(16,26): error CS0122: 'KeyVaultClient' is inaccessible due to its protection level
C:\gh\azure-sdk-for-net\sdk\mgmtcommon\AppAuthentication\Azure.Services.AppAuthentication.IntegrationTests\RunOnWindowsFactAttribute.cs(6,55): error CS0246: The type or namespace name 'FactAttribute' could not be found (are you missing a using directive or an assembly reference?)
C:\gh\azure-sdk-for-net\sdk\mgmtcommon\AppAuthentication\Azure.Services.AppAuthentication.IntegrationTests\Helpers\KeyVaultHelper.cs(18,31): error CS0122: 'KeyVaultClient' is inaccessible due to its protection level
C:\gh\azure-sdk-for-net\sdk\mgmtcommon\AppAuthentication\Azure.Services.AppAuthentication.IntegrationTests\NegativeTests.cs(16,10): error CS0246: The type or namespace name 'FactAttribute' could not be found (are you missing a using directive or an assembly reference?)
C:\gh\azure-sdk-for-net\sdk\mgmtcommon\AppAuthentication\Azure.Services.AppAuthentication.IntegrationTests\NegativeTests.cs(16,10): error CS0246: The type or namespace name 'Fact' could not be found (are you missing a using directive or an assembly reference?)
C:\gh\azure-sdk-for-net\sdk\mgmtcommon\AppAuthentication\Azure.Services.AppAuthentication.IntegrationTests\EndtoEndPositiveTests.cs(265,10): error CS0246: The type or namespace name 'FactAttribute' could not be found (are you missing a using directive or an assembly reference?)
C:\gh\azure-sdk-for-net\sdk\mgmtcommon\AppAuthentication\Azure.Services.AppAuthentication.IntegrationTests\EndtoEndPositiveTests.cs(265,10): error CS0246: The type or namespace name 'Fact' could not be found (are you missing a using directive or an assembly reference?)
C:\gh\azure-sdk-for-net\sdk\mgmtcommon\AppAuthentication\Azure.Services.AppAuthentication.IntegrationTests\EndtoEndPositiveTests.cs(175,10): error CS0246: The type or namespace name 'TheoryAttribute' could not be found (are you missing a using directive or an assembly reference?)
C:\gh\azure-sdk-for-net\sdk\mgmtcommon\AppAuthentication\Azure.Services.AppAuthentication.IntegrationTests\EndtoEndPositiveTests.cs(175,10): error CS0246: The type or namespace name 'Theory' could not be found (are you missing a using directive or an assembly reference?)
C:\gh\azure-sdk-for-net\sdk\mgmtcommon\AppAuthentication\Azure.Services.AppAuthentication.IntegrationTests\EndtoEndPositiveTests.cs(176,10): error CS0246: The type or namespace name 'InlineDataAttribute' could not be found (are you missing a using directive or an assembly reference?)
C:\gh\azure-sdk-for-net\sdk\mgmtcommon\AppAuthentication\Azure.Services.AppAuthentication.IntegrationTests\EndtoEndPositiveTests.cs(176,10): error CS0246: The type or namespace name 'InlineData' could not be found (are you missing a using directive or an assembly reference?)
C:\gh\azure-sdk-for-net\sdk\mgmtcommon\AppAuthentication\Azure.Services.AppAuthentication.IntegrationTests\EndtoEndPositiveTests.cs(177,10): error CS0246: The type or namespace name 'InlineDataAttribute' could not be found (are you missing a using directive or an assembly reference?)
C:\gh\azure-sdk-for-net\sdk\mgmtcommon\AppAuthentication\Azure.Services.AppAuthentication.IntegrationTests\EndtoEndPositiveTests.cs(177,10): error CS0246: The type or namespace name 'InlineData' could not be found (are you missing a using directive or an assembly reference?)
C:\gh\azure-sdk-for-net\sdk\mgmtcommon\AppAuthentication\Azure.Services.AppAuthentication.IntegrationTests\EndtoEndPositiveTests.cs(178,10): error CS0246: The type or namespace name 'InlineDataAttribute' could not be found (are you missing a using directive or an assembly reference?)
C:\gh\azure-sdk-for-net\sdk\mgmtcommon\AppAuthentication\Azure.Services.AppAuthentication.IntegrationTests\EndtoEndPositiveTests.cs(178,10): error CS0246: The type or namespace name 'InlineData' could not be found (are you missing a using directive or an assembly reference?)
C:\gh\azure-sdk-for-net\sdk\mgmtcommon\AppAuthentication\Azure.Services.AppAuthentication.IntegrationTests\EndtoEndPositiveTests.cs(179,10): error CS0246: The type or namespace name 'InlineDataAttribute' could not be found (are you missing a using directive or an assembly reference?)
C:\gh\azure-sdk-for-net\sdk\mgmtcommon\AppAuthentication\Azure.Services.AppAuthentication.IntegrationTests\EndtoEndPositiveTests.cs(179,10): error CS0246: The type or namespace name 'InlineData' could not be found (are you missing a using directive or an assembly reference?)
C:\gh\azure-sdk-for-net\sdk\mgmtcommon\AppAuthentication\Azure.Services.AppAuthentication.IntegrationTests\EndtoEndPositiveTests.cs(143,10): error CS0246: The type or namespace name 'FactAttribute' could not be found (are you missing a using directive or an assembly reference?)
C:\gh\azure-sdk-for-net\sdk\mgmtcommon\AppAuthentication\Azure.Services.AppAuthentication.IntegrationTests\EndtoEndPositiveTests.cs(143,10): error CS0246: The type or namespace name 'Fact' could not be found (are you missing a using directive or an assembly reference?)
C:\gh\azure-sdk-for-net\sdk\mgmtcommon\AppAuthentication\Azure.Services.AppAuthentication.IntegrationTests\EndtoEndPositiveTests.cs(116,10): error CS0246: The type or namespace name 'FactAttribute' could not be found (are you missing a using directive or an assembly reference?)
C:\gh\azure-sdk-for-net\sdk\mgmtcommon\AppAuthentication\Azure.Services.AppAuthentication.IntegrationTests\EndtoEndPositiveTests.cs(116,10): error CS0246: The type or namespace name 'Fact' could not be found (are you missing a using directive or an assembly reference?)
C:\gh\azure-sdk-for-net\sdk\mgmtcommon\AppAuthentication\Azure.Services.AppAuthentication.IntegrationTests\EndtoEndPositiveTests.cs(98,10): error CS0246: The type or namespace name 'FactAttribute' could not be found (are you missing a using directive or an assembly reference?)
C:\gh\azure-sdk-for-net\sdk\mgmtcommon\AppAuthentication\Azure.Services.AppAuthentication.IntegrationTests\EndtoEndPositiveTests.cs(98,10): error CS0246: The type or namespace name 'Fact' could not be found (are you missing a using directive or an assembly reference?)
C:\gh\azure-sdk-for-net\sdk\mgmtcommon\AppAuthentication\Azure.Services.AppAuthentication.IntegrationTests\EndtoEndPositiveTests.cs(104,10): error CS0616: 'RunOnWindowsFactAttribute' is not an attribute class
C:\gh\azure-sdk-for-net\sdk\mgmtcommon\AppAuthentication\Azure.Services.AppAuthentication.IntegrationTests\EndtoEndPositiveTests.cs(8,7): error CS0246: The type or namespace name 'Xunit' could not be found (are you missing a using directive or an assembly reference?)
C:\gh\azure-sdk-for-net\sdk\mgmtcommon\AppAuthentication\Azure.Services.AppAuthentication.IntegrationTests\EndtoEndPositiveTests.cs(10,23): error CS0234: The type or namespace name 'KeyVault' does not exist in the namespace 'Microsoft.Azure' (are you missing an assembly reference?)
C:\gh\azure-sdk-for-net\sdk\mgmtcommon\AppAuthentication\Azure.Services.AppAuthentication.IntegrationTests\Helpers\GraphHelper.cs(14,7): error CS0246: The type or namespace name 'Newtonsoft' could not be found (are you missing a using directive or an assembly reference?)
C:\gh\azure-sdk-for-net\sdk\mgmtcommon\AppAuthentication\Azure.Services.AppAuthentication.IntegrationTests\Helpers\KeyVaultHelper.cs(6,23): error CS0234: The type or namespace name 'KeyVault' does not exist in the namespace 'Microsoft.Azure' (are you missing an assembly reference?)
C:\gh\azure-sdk-for-net\sdk\mgmtcommon\AppAuthentication\Azure.Services.AppAuthentication.IntegrationTests\Helpers\KeyVaultHelper.cs(7,23): error CS0234: The type or namespace name 'KeyVault' does not exist in the namespace 'Microsoft.Azure' (are you missing an assembly reference?)
C:\gh\azure-sdk-for-net\sdk\mgmtcommon\AppAuthentication\Azure.Services.AppAuthentication.IntegrationTests\Models\Application.cs(5,7): error CS0246: The type or namespace name 'Newtonsoft' could not be found (are you missing a using directive or an assembly reference?)
C:\gh\azure-sdk-for-net\sdk\mgmtcommon\AppAuthentication\Azure.Services.AppAuthentication.IntegrationTests\Models\AppRole.cs(5,7): error CS0246: The type or namespace name 'Newtonsoft' could not be found (are you missing a using directive or an assembly reference?)
C:\gh\azure-sdk-for-net\sdk\mgmtcommon\AppAuthentication\Azure.Services.AppAuthentication.IntegrationTests\Models\KeyCredential.cs(4,7): error CS0246: The type or namespace name 'Newtonsoft' could not be found (are you missing a using directive or an assembly reference?)
C:\gh\azure-sdk-for-net\sdk\mgmtcommon\AppAuthentication\Azure.Services.AppAuthentication.IntegrationTests\Models\PasswordCredential.cs(4,7): error CS0246: The type or namespace name 'Newtonsoft' could not be found (are you missing a using directive or an assembly reference?)
C:\gh\azure-sdk-for-net\sdk\mgmtcommon\AppAuthentication\Azure.Services.AppAuthentication.IntegrationTests\Models\ServicePrincipal.cs(4,7): error CS0246: The type or namespace name 'Newtonsoft' could not be found (are you missing a using directive or an assembly reference?)
C:\gh\azure-sdk-for-net\sdk\mgmtcommon\AppAuthentication\Azure.Services.AppAuthentication.IntegrationTests\NegativeTests.cs(6,7): error CS0246: The type or namespace name 'Xunit' could not be found (are you missing a using directive or an assembly reference?)
C:\gh\azure-sdk-for-net\sdk\mgmtcommon\AppAuthentication\Azure.Services.AppAuthentication.IntegrationTests\RunOnWindowsFactAttribute.cs(2,7): error CS0246: The type or namespace name 'Xunit' could not be found (are you missing a using directive or an assembly reference?)
C:\gh\azure-sdk-for-net\sdk\mgmtcommon\AppAuthentication\Azure.Services.AppAuthentication.IntegrationTests\Models\PasswordCredential.cs(13,10): error CS0246: The type or namespace name 'JsonPropertyAttribute' could not be found (are you missing a using directive or an assembly reference?)
C:\gh\azure-sdk-for-net\sdk\mgmtcommon\AppAuthentication\Azure.Services.AppAuthentication.IntegrationTests\Models\PasswordCredential.cs(13,10): error CS0246: The type or namespace name 'JsonProperty' could not be found (are you missing a using directive or an assembly reference?)
C:\gh\azure-sdk-for-net\sdk\mgmtcommon\AppAuthentication\Azure.Services.AppAuthentication.IntegrationTests\Models\PasswordCredential.cs(16,10): error CS0246: The type or namespace name 'JsonPropertyAttribute' could not be found (are you missing a using directive or an assembly reference?)
C:\gh\azure-sdk-for-net\sdk\mgmtcommon\AppAuthentication\Azure.Services.AppAuthentication.IntegrationTests\Models\PasswordCredential.cs(16,10): error CS0246: The type or namespace name 'JsonProperty' could not be found (are you missing a using directive or an assembly reference?)
C:\gh\azure-sdk-for-net\sdk\mgmtcommon\AppAuthentication\Azure.Services.AppAuthentication.IntegrationTests\Models\ServicePrincipal.cs(13,10): error CS0246: The type or namespace name 'JsonPropertyAttribute' could not be found (are you missing a using directive or an assembly reference?)
C:\gh\azure-sdk-for-net\sdk\mgmtcommon\AppAuthentication\Azure.Services.AppAuthentication.IntegrationTests\Models\ServicePrincipal.cs(13,10): error CS0246: The type or namespace name 'JsonProperty' could not be found (are you missing a using directive or an assembly reference?)
C:\gh\azure-sdk-for-net\sdk\mgmtcommon\AppAuthentication\Azure.Services.AppAuthentication.IntegrationTests\Models\PasswordCredential.cs(19,10): error CS0246: The type or namespace name 'JsonPropertyAttribute' could not be found (are you missing a using directive or an assembly reference?)
C:\gh\azure-sdk-for-net\sdk\mgmtcommon\AppAuthentication\Azure.Services.AppAuthentication.IntegrationTests\Models\PasswordCredential.cs(19,10): error CS0246: The type or namespace name 'JsonProperty' could not be found (are you missing a using directive or an assembly reference?)
C:\gh\azure-sdk-for-net\sdk\mgmtcommon\AppAuthentication\Azure.Services.AppAuthentication.IntegrationTests\Models\ServicePrincipal.cs(16,10): error CS0246: The type or namespace name 'JsonPropertyAttribute' could not be found (are you missing a using directive or an assembly reference?)
C:\gh\azure-sdk-for-net\sdk\mgmtcommon\AppAuthentication\Azure.Services.AppAuthentication.IntegrationTests\Models\ServicePrincipal.cs(16,10): error CS0246: The type or namespace name 'JsonProperty' could not be found (are you missing a using directive or an assembly reference?)
C:\gh\azure-sdk-for-net\sdk\mgmtcommon\AppAuthentication\Azure.Services.AppAuthentication.IntegrationTests\Models\PasswordCredential.cs(22,10): error CS0246: The type or namespace name 'JsonPropertyAttribute' could not be found (are you missing a using directive or an assembly reference?)
C:\gh\azure-sdk-for-net\sdk\mgmtcommon\AppAuthentication\Azure.Services.AppAuthentication.IntegrationTests\Models\PasswordCredential.cs(22,10): error CS0246: The type or namespace name 'JsonProperty' could not be found (are you missing a using directive or an assembly reference?)
C:\gh\azure-sdk-for-net\sdk\mgmtcommon\AppAuthentication\Azure.Services.AppAuthentication.IntegrationTests\Models\Application.cs(14,10): error CS0246: The type or namespace name 'JsonPropertyAttribute' could not be found (are you missing a using directive or an assembly reference?)
C:\gh\azure-sdk-for-net\sdk\mgmtcommon\AppAuthentication\Azure.Services.AppAuthentication.IntegrationTests\Models\Application.cs(14,10): error CS0246: The type or namespace name 'JsonProperty' could not be found (are you missing a using directive or an assembly reference?)
C:\gh\azure-sdk-for-net\sdk\mgmtcommon\AppAuthentication\Azure.Services.AppAuthentication.IntegrationTests\Models\ServicePrincipal.cs(19,10): error CS0246: The type or namespace name 'JsonPropertyAttribute' could not be found (are you missing a using directive or an assembly reference?)
C:\gh\azure-sdk-for-net\sdk\mgmtcommon\AppAuthentication\Azure.Services.AppAuthentication.IntegrationTests\Models\ServicePrincipal.cs(19,10): error CS0246: The type or namespace name 'JsonProperty' could not be found (are you missing a using directive or an assembly reference?)
C:\gh\azure-sdk-for-net\sdk\mgmtcommon\AppAuthentication\Azure.Services.AppAuthentication.IntegrationTests\Models\KeyCredential.cs(13,10): error CS0246: The type or namespace name 'JsonPropertyAttribute' could not be found (are you missing a using directive or an assembly reference?)
C:\gh\azure-sdk-for-net\sdk\mgmtcommon\AppAuthentication\Azure.Services.AppAuthentication.IntegrationTests\Models\KeyCredential.cs(13,10): error CS0246: The type or namespace name 'JsonProperty' could not be found (are you missing a using directive or an assembly reference?)
C:\gh\azure-sdk-for-net\sdk\mgmtcommon\AppAuthentication\Azure.Services.AppAuthentication.IntegrationTests\Models\PasswordCredential.cs(25,10): error CS0246: The type or namespace name 'JsonPropertyAttribute' could not be found (are you missing a using directive or an assembly reference?)
C:\gh\azure-sdk-for-net\sdk\mgmtcommon\AppAuthentication\Azure.Services.AppAuthentication.IntegrationTests\Models\PasswordCredential.cs(25,10): error CS0246: The type or namespace name 'JsonProperty' could not be found (are you missing a using directive or an assembly reference?)
C:\gh\azure-sdk-for-net\sdk\mgmtcommon\AppAuthentication\Azure.Services.AppAuthentication.IntegrationTests\Models\ServicePrincipal.cs(22,10): error CS0246: The type or namespace name 'JsonPropertyAttribute' could not be found (are you missing a using directive or an assembly reference?)
C:\gh\azure-sdk-for-net\sdk\mgmtcommon\AppAuthentication\Azure.Services.AppAuthentication.IntegrationTests\Models\ServicePrincipal.cs(22,10): error CS0246: The type or namespace name 'JsonProperty' could not be found (are you missing a using directive or an assembly reference?)
C:\gh\azure-sdk-for-net\sdk\mgmtcommon\AppAuthentication\Azure.Services.AppAuthentication.IntegrationTests\Models\Application.cs(17,10): error CS0246: The type or namespace name 'JsonPropertyAttribute' could not be found (are you missing a using directive or an assembly reference?)
C:\gh\azure-sdk-for-net\sdk\mgmtcommon\AppAuthentication\Azure.Services.AppAuthentication.IntegrationTests\Models\Application.cs(17,10): error CS0246: The type or namespace name 'JsonProperty' could not be found (are you missing a using directive or an assembly reference?)
C:\gh\azure-sdk-for-net\sdk\mgmtcommon\AppAuthentication\Azure.Services.AppAuthentication.IntegrationTests\Models\ServicePrincipal.cs(25,10): error CS0246: The type or namespace name 'JsonPropertyAttribute' could not be found (are you missing a using directive or an assembly reference?)
C:\gh\azure-sdk-for-net\sdk\mgmtcommon\AppAuthentication\Azure.Services.AppAuthentication.IntegrationTests\Models\ServicePrincipal.cs(25,10): error CS0246: The type or namespace name 'JsonProperty' could not be found (are you missing a using directive or an assembly reference?)
C:\gh\azure-sdk-for-net\sdk\mgmtcommon\AppAuthentication\Azure.Services.AppAuthentication.IntegrationTests\Models\KeyCredential.cs(16,10): error CS0246: The type or namespace name 'JsonPropertyAttribute' could not be found (are you missing a using directive or an assembly reference?)
C:\gh\azure-sdk-for-net\sdk\mgmtcommon\AppAuthentication\Azure.Services.AppAuthentication.IntegrationTests\Models\KeyCredential.cs(16,10): error CS0246: The type or namespace name 'JsonProperty' could not be found (are you missing a using directive or an assembly reference?)
C:\gh\azure-sdk-for-net\sdk\mgmtcommon\AppAuthentication\Azure.Services.AppAuthentication.IntegrationTests\Models\Application.cs(20,10): error CS0246: The type or namespace name 'JsonPropertyAttribute' could not be found (are you missing a using directive or an assembly reference?)
C:\gh\azure-sdk-for-net\sdk\mgmtcommon\AppAuthentication\Azure.Services.AppAuthentication.IntegrationTests\Models\Application.cs(20,10): error CS0246: The type or namespace name 'JsonProperty' could not be found (are you missing a using directive or an assembly reference?)
C:\gh\azure-sdk-for-net\sdk\mgmtcommon\AppAuthentication\Azure.Services.AppAuthentication.IntegrationTests\Models\AppRole.cs(14,10): error CS0246: The type or namespace name 'JsonPropertyAttribute' could not be found (are you missing a using directive or an assembly reference?)
C:\gh\azure-sdk-for-net\sdk\mgmtcommon\AppAuthentication\Azure.Services.AppAuthentication.IntegrationTests\Models\AppRole.cs(14,10): error CS0246: The type or namespace name 'JsonProperty' could not be found (are you missing a using directive or an assembly reference?)
C:\gh\azure-sdk-for-net\sdk\mgmtcommon\AppAuthentication\Azure.Services.AppAuthentication.IntegrationTests\Models\Application.cs(23,10): error CS0246: The type or namespace name 'JsonPropertyAttribute' could not be found (are you missing a using directive or an assembly reference?)
C:\gh\azure-sdk-for-net\sdk\mgmtcommon\AppAuthentication\Azure.Services.AppAuthentication.IntegrationTests\Models\Application.cs(23,10): error CS0246: The type or namespace name 'JsonProperty' could not be found (are you missing a using directive or an assembly reference?)
C:\gh\azure-sdk-for-net\sdk\mgmtcommon\AppAuthentication\Azure.Services.AppAuthentication.IntegrationTests\Models\KeyCredential.cs(19,10): error CS0246: The type or namespace name 'JsonPropertyAttribute' could not be found (are you missing a using directive or an assembly reference?)
C:\gh\azure-sdk-for-net\sdk\mgmtcommon\AppAuthentication\Azure.Services.AppAuthentication.IntegrationTests\Models\KeyCredential.cs(19,10): error CS0246: The type or namespace name 'JsonProperty' could not be found (are you missing a using directive or an assembly reference?)
C:\gh\azure-sdk-for-net\sdk\mgmtcommon\AppAuthentication\Azure.Services.AppAuthentication.IntegrationTests\Models\AppRole.cs(17,10): error CS0246: The type or namespace name 'JsonPropertyAttribute' could not be found (are you missing a using directive or an assembly reference?)
C:\gh\azure-sdk-for-net\sdk\mgmtcommon\AppAuthentication\Azure.Services.AppAuthentication.IntegrationTests\Models\AppRole.cs(17,10): error CS0246: The type or namespace name 'JsonProperty' could not be found (are you missing a using directive or an assembly reference?)
C:\gh\azure-sdk-for-net\sdk\mgmtcommon\AppAuthentication\Azure.Services.AppAuthentication.IntegrationTests\Models\Application.cs(26,10): error CS0246: The type or namespace name 'JsonPropertyAttribute' could not be found (are you missing a using directive or an assembly reference?)
C:\gh\azure-sdk-for-net\sdk\mgmtcommon\AppAuthentication\Azure.Services.AppAuthentication.IntegrationTests\Models\Application.cs(26,10): error CS0246: The type or namespace name 'JsonProperty' could not be found (are you missing a using directive or an assembly reference?)
C:\gh\azure-sdk-for-net\sdk\mgmtcommon\AppAuthentication\Azure.Services.AppAuthentication.IntegrationTests\Models\KeyCredential.cs(22,10): error CS0246: The type or namespace name 'JsonPropertyAttribute' could not be found (are you missing a using directive or an assembly reference?)
C:\gh\azure-sdk-for-net\sdk\mgmtcommon\AppAuthentication\Azure.Services.AppAuthentication.IntegrationTests\Models\KeyCredential.cs(22,10): error CS0246: The type or namespace name 'JsonProperty' could not be found (are you missing a using directive or an assembly reference?)
C:\gh\azure-sdk-for-net\sdk\mgmtcommon\AppAuthentication\Azure.Services.AppAuthentication.IntegrationTests\Models\KeyCredential.cs(25,10): error CS0246: The type or namespace name 'JsonPropertyAttribute' could not be found (are you missing a using directive or an assembly reference?)
C:\gh\azure-sdk-for-net\sdk\mgmtcommon\AppAuthentication\Azure.Services.AppAuthentication.IntegrationTests\Models\KeyCredential.cs(25,10): error CS0246: The type or namespace name 'JsonProperty' could not be found (are you missing a using directive or an assembly reference?)
C:\gh\azure-sdk-for-net\sdk\mgmtcommon\AppAuthentication\Azure.Services.AppAuthentication.IntegrationTests\Models\KeyCredential.cs(28,10): error CS0246: The type or namespace name 'JsonPropertyAttribute' could not be found (are you missing a using directive or an assembly reference?)
C:\gh\azure-sdk-for-net\sdk\mgmtcommon\AppAuthentication\Azure.Services.AppAuthentication.IntegrationTests\Models\KeyCredential.cs(28,10): error CS0246: The type or namespace name 'JsonProperty' could not be found (are you missing a using directive or an assembly reference?)
C:\gh\azure-sdk-for-net\sdk\mgmtcommon\AppAuthentication\Azure.Services.AppAuthentication.IntegrationTests\Models\Application.cs(29,10): error CS0246: The type or namespace name 'JsonPropertyAttribute' could not be found (are you missing a using directive or an assembly reference?)
C:\gh\azure-sdk-for-net\sdk\mgmtcommon\AppAuthentication\Azure.Services.AppAuthentication.IntegrationTests\Models\Application.cs(29,10): error CS0246: The type or namespace name 'JsonProperty' could not be found (are you missing a using directive or an assembly reference?)
C:\gh\azure-sdk-for-net\sdk\mgmtcommon\AppAuthentication\Azure.Services.AppAuthentication.IntegrationTests\Models\KeyCredential.cs(31,10): error CS0246: The type or namespace name 'JsonPropertyAttribute' could not be found (are you missing a using directive or an assembly reference?)
C:\gh\azure-sdk-for-net\sdk\mgmtcommon\AppAuthentication\Azure.Services.AppAuthentication.IntegrationTests\Models\KeyCredential.cs(31,10): error CS0246: The type or namespace name 'JsonProperty' could not be found (are you missing a using directive or an assembly reference?)
C:\gh\azure-sdk-for-net\sdk\mgmtcommon\AppAuthentication\Azure.Services.AppAuthentication.IntegrationTests\Models\AppRole.cs(20,10): error CS0246: The type or namespace name 'JsonPropertyAttribute' could not be found (are you missing a using directive or an assembly reference?)
C:\gh\azure-sdk-for-net\sdk\mgmtcommon\AppAuthentication\Azure.Services.AppAuthentication.IntegrationTests\Models\AppRole.cs(20,10): error CS0246: The type or namespace name 'JsonProperty' could not be found (are you missing a using directive or an assembly reference?)
C:\gh\azure-sdk-for-net\sdk\mgmtcommon\AppAuthentication\Azure.Services.AppAuthentication.IntegrationTests\Models\Application.cs(32,10): error CS0246: The type or namespace name 'JsonPropertyAttribute' could not be found (are you missing a using directive or an assembly reference?)
C:\gh\azure-sdk-for-net\sdk\mgmtcommon\AppAuthentication\Azure.Services.AppAuthentication.IntegrationTests\Models\Application.cs(32,10): error CS0246: The type or namespace name 'JsonProperty' could not be found (are you missing a using directive or an assembly reference?)
C:\gh\azure-sdk-for-net\sdk\mgmtcommon\AppAuthentication\Azure.Services.AppAuthentication.IntegrationTests\Models\Application.cs(35,10): error CS0246: The type or namespace name 'JsonPropertyAttribute' could not be found (are you missing a using directive or an assembly reference?)
C:\gh\azure-sdk-for-net\sdk\mgmtcommon\AppAuthentication\Azure.Services.AppAuthentication.IntegrationTests\Models\Application.cs(35,10): error CS0246: The type or namespace name 'JsonProperty' could not be found (are you missing a using directive or an assembly reference?)
C:\gh\azure-sdk-for-net\sdk\mgmtcommon\AppAuthentication\Azure.Services.AppAuthentication.IntegrationTests\Models\AppRole.cs(23,10): error CS0246: The type or namespace name 'JsonPropertyAttribute' could not be found (are you missing a using directive or an assembly reference?)
C:\gh\azure-sdk-for-net\sdk\mgmtcommon\AppAuthentication\Azure.Services.AppAuthentication.IntegrationTests\Models\AppRole.cs(23,10): error CS0246: The type or namespace name 'JsonProperty' could not be found (are you missing a using directive or an assembly reference?)
C:\gh\azure-sdk-for-net\sdk\mgmtcommon\AppAuthentication\Azure.Services.AppAuthentication.IntegrationTests\Models\Application.cs(38,10): error CS0246: The type or namespace name 'JsonPropertyAttribute' could not be found (are you missing a using directive or an assembly reference?)
C:\gh\azure-sdk-for-net\sdk\mgmtcommon\AppAuthentication\Azure.Services.AppAuthentication.IntegrationTests\Models\Application.cs(38,10): error CS0246: The type or namespace name 'JsonProperty' could not be found (are you missing a using directive or an assembly reference?)
C:\gh\azure-sdk-for-net\sdk\mgmtcommon\AppAuthentication\Azure.Services.AppAuthentication.IntegrationTests\Models\AppRole.cs(26,10): error CS0246: The type or namespace name 'JsonPropertyAttribute' could not be found (are you missing a using directive or an assembly reference?)
C:\gh\azure-sdk-for-net\sdk\mgmtcommon\AppAuthentication\Azure.Services.AppAuthentication.IntegrationTests\Models\AppRole.cs(26,10): error CS0246: The type or namespace name 'JsonProperty' could not be found (are you missing a using directive or an assembly reference?)
C:\gh\azure-sdk-for-net\sdk\mgmtcommon\AppAuthentication\Azure.Services.AppAuthentication.IntegrationTests\Models\Application.cs(41,10): error CS0246: The type or namespace name 'JsonPropertyAttribute' could not be found (are you missing a using directive or an assembly reference?)
C:\gh\azure-sdk-for-net\sdk\mgmtcommon\AppAuthentication\Azure.Services.AppAuthentication.IntegrationTests\Models\Application.cs(41,10): error CS0246: The type or namespace name 'JsonProperty' could not be found (are you missing a using directive or an assembly reference?)
C:\gh\azure-sdk-for-net\sdk\mgmtcommon\AppAuthentication\Azure.Services.AppAuthentication.IntegrationTests\Models\AppRole.cs(29,10): error CS0246: The type or namespace name 'JsonPropertyAttribute' could not be found (are you missing a using directive or an assembly reference?)
C:\gh\azure-sdk-for-net\sdk\mgmtcommon\AppAuthentication\Azure.Services.AppAuthentication.IntegrationTests\Models\AppRole.cs(29,10): error CS0246: The type or namespace name 'JsonProperty' could not be found (are you missing a using directive or an assembly reference?)
C:\gh\azure-sdk-for-net\sdk\mgmtcommon\AppAuthentication\Azure.Services.AppAuthentication.IntegrationTests\Models\AppRole.cs(32,10): error CS0246: The type or namespace name 'JsonPropertyAttribute' could not be found (are you missing a using directive or an assembly reference?)
C:\gh\azure-sdk-for-net\sdk\mgmtcommon\AppAuthentication\Azure.Services.AppAuthentication.IntegrationTests\Models\AppRole.cs(32,10): error CS0246: The type or namespace name 'JsonProperty' could not be found (are you missing a using directive or an assembly reference?)
C:\gh\azure-sdk-for-net\sdk\mgmtcommon\AppAuthentication\Azure.Services.AppAuthentication.IntegrationTests\Models\Application.cs(44,10): error CS0246: The type or namespace name 'JsonPropertyAttribute' could not be found (are you missing a using directive or an assembly reference?)
C:\gh\azure-sdk-for-net\sdk\mgmtcommon\AppAuthentication\Azure.Services.AppAuthentication.IntegrationTests\Models\Application.cs(44,10): error CS0246: The type or namespace name 'JsonProperty' could not be found (are you missing a using directive or an assembly reference?)
C:\gh\azure-sdk-for-net\sdk\mgmtcommon\AppAuthentication\Azure.Services.AppAuthentication.IntegrationTests\Models\Application.cs(47,10): error CS0246: The type or namespace name 'JsonPropertyAttribute' could not be found (are you missing a using directive or an assembly reference?)
C:\gh\azure-sdk-for-net\sdk\mgmtcommon\AppAuthentication\Azure.Services.AppAuthentication.IntegrationTests\Models\Application.cs(47,10): error CS0246: The type or namespace name 'JsonProperty' could not be found (are you missing a using directive or an assembly reference?)
C:\gh\azure-sdk-for-net\sdk\mgmtcommon\AppAuthentication\Azure.Services.AppAuthentication.IntegrationTests\Models\Application.cs(49,10): error CS0246: The type or namespace name 'JsonPropertyAttribute' could not be found (are you missing a using directive or an assembly reference?)
C:\gh\azure-sdk-for-net\sdk\mgmtcommon\AppAuthentication\Azure.Services.AppAuthentication.IntegrationTests\Models\Application.cs(49,10): error CS0246: The type or namespace name 'JsonProperty' could not be found (are you missing a using directive or an assembly reference?)
C:\gh\azure-sdk-for-net\sdk\mgmtcommon\AppAuthentication\Azure.Services.AppAuthentication.IntegrationTests\Models\Application.cs(52,10): error CS0246: The type or namespace name 'JsonPropertyAttribute' could not be found (are you missing a using directive or an assembly reference?)
C:\gh\azure-sdk-for-net\sdk\mgmtcommon\AppAuthentication\Azure.Services.AppAuthentication.IntegrationTests\Models\Application.cs(52,10): error CS0246: The type or namespace name 'JsonProperty' could not be found (are you missing a using directive or an assembly reference?)
C:\gh\azure-sdk-for-net\sdk\mgmtcommon\AppAuthentication\Azure.Services.AppAuthentication.IntegrationTests\Helpers\KeyVaultHelper.cs(30,75): error CS0103: The name 'CertificateContentType' does not exist in the current context
C:\gh\azure-sdk-for-net\sdk\mgmtcommon\AppAuthentication\Azure.Services.AppAuthentication.IntegrationTests\NegativeTests.cs(21,35): error CS0103: The name 'Assert' does not exist in the current context
C:\gh\azure-sdk-for-net\sdk\mgmtcommon\AppAuthentication\Azure.Services.AppAuthentication.IntegrationTests\NegativeTests.cs(23,13): error CS0103: The name 'Assert' does not exist in the current context
C:\gh\azure-sdk-for-net\sdk\mgmtcommon\AppAuthentication\Azure.Services.AppAuthentication.IntegrationTests\Helpers\GraphHelper.cs(121,30): error CS0103: The name 'JsonConvert' does not exist in the current context
C:\gh\azure-sdk-for-net\sdk\mgmtcommon\AppAuthentication\Azure.Services.AppAuthentication.IntegrationTests\Helpers\GraphHelper.cs(121,66): error CS0103: The name 'Formatting' does not exist in the current context
C:\gh\azure-sdk-for-net\sdk\mgmtcommon\AppAuthentication\Azure.Services.AppAuthentication.IntegrationTests\Helpers\GraphHelper.cs(122,21): error CS0246: The type or namespace name 'JsonSerializerSettings' could not be found (are you missing a using directive or an assembly reference?)
C:\gh\azure-sdk-for-net\sdk\mgmtcommon\AppAuthentication\Azure.Services.AppAuthentication.IntegrationTests\Helpers\GraphHelper.cs(124,41): error CS0103: The name 'NullValueHandling' does not exist in the current context
C:\gh\azure-sdk-for-net\sdk\mgmtcommon\AppAuthentication\Azure.Services.AppAuthentication.IntegrationTests\Helpers\GraphHelper.cs(127,30): error CS0103: The name 'JsonConvert' does not exist in the current context
C:\gh\azure-sdk-for-net\sdk\mgmtcommon\AppAuthentication\Azure.Services.AppAuthentication.IntegrationTests\Helpers\GraphHelper.cs(139,36): error CS0103: The name 'JsonConvert' does not exist in the current context
C:\gh\azure-sdk-for-net\sdk\mgmtcommon\AppAuthentication\Azure.Services.AppAuthentication.IntegrationTests\Helpers\GraphHelper.cs(141,35): error CS0103: The name 'JsonConvert' does not exist in the current context
C:\gh\azure-sdk-for-net\sdk\mgmtcommon\AppAuthentication\Azure.Services.AppAuthentication.IntegrationTests\EndtoEndPositiveTests.cs(153,13): error CS0103: The name 'Assert' does not exist in the current context
C:\gh\azure-sdk-for-net\sdk\mgmtcommon\AppAuthentication\Azure.Services.AppAuthentication.IntegrationTests\EndtoEndPositiveTests.cs(157,13): error CS0103: The name 'Assert' does not exist in the current context
C:\gh\azure-sdk-for-net\sdk\mgmtcommon\AppAuthentication\Azure.Services.AppAuthentication.IntegrationTests\EndtoEndPositiveTests.cs(187,68): error CS0122: 'KeyVaultClient' is inaccessible due to its protection level
C:\gh\azure-sdk-for-net\sdk\mgmtcommon\AppAuthentication\Azure.Services.AppAuthentication.IntegrationTests\EndtoEndPositiveTests.cs(187,87): error CS0122: 'KeyVaultClient' is inaccessible due to its protection level
C:\gh\azure-sdk-for-net\sdk\mgmtcommon\AppAuthentication\Azure.Services.AppAuthentication.IntegrationTests\EndtoEndPositiveTests.cs(252,17): error CS0103: The name 'Assert' does not exist in the current context
C:\gh\azure-sdk-for-net\artifacts\obj\Microsoft.Azure.Services.AppAuthentication.IntegrationTests\Debug\net472\.NETFramework,Version=v4.7.2.AssemblyAttributes.cs(2,1): hidden CS8019: Unnecessary using directive.
C:\gh\azure-sdk-for-net\sdk\mgmtcommon\AppAuthentication\Azure.Services.AppAuthentication.IntegrationTests\RunOnWindowsFactAttribute.cs(2,1): hidden CS8019: Unnecessary using directive.
C:\gh\azure-sdk-for-net\artifacts\obj\Microsoft.Azure.Services.AppAuthentication.IntegrationTests\Debug\net472\.NETFramework,Version=v4.7.2.AssemblyAttributes.cs(3,1): hidden CS8019: Unnecessary using directive.
C:\gh\azure-sdk-for-net\sdk\mgmtcommon\AppAuthentication\Azure.Services.AppAuthentication.IntegrationTests\Models\AppRole.cs(5,1): hidden CS8019: Unnecessary using directive.
C:\gh\azure-sdk-for-net\sdk\mgmtcommon\AppAuthentication\Azure.Services.AppAuthentication.IntegrationTests\EndtoEndPositiveTests.cs(10,1): hidden CS8019: Unnecessary using directive.
C:\gh\azure-sdk-for-net\sdk\mgmtcommon\AppAuthentication\Azure.Services.AppAuthentication.IntegrationTests\EndtoEndPositiveTests.cs(8,1): hidden CS8019: Unnecessary using directive.
C:\gh\azure-sdk-for-net\artifacts\obj\Microsoft.Azure.Services.AppAuthentication.IntegrationTests\Debug\net472\Microsoft.Azure.Services.AppAuthentication.IntegrationTests.AssemblyInfo.cs(11,1): hidden CS8019: Unnecessary using directive.
C:\gh\azure-sdk-for-net\sdk\mgmtcommon\AppAuthentication\Azure.Services.AppAuthentication.IntegrationTests\EndtoEndPositiveTests.cs(6,1): hidden CS8019: Unnecessary using directive.
C:\gh\azure-sdk-for-net\sdk\mgmtcommon\AppAuthentication\Azure.Services.AppAuthentication.IntegrationTests\Models\PasswordCredential.cs(4,1): hidden CS8019: Unnecessary using directive.
C:\gh\azure-sdk-for-net\sdk\mgmtcommon\AppAuthentication\Azure.Services.AppAuthentication.IntegrationTests\Helpers\GraphHelper.cs(14,1): hidden CS8019: Unnecessary using directive.
C:\gh\azure-sdk-for-net\sdk\mgmtcommon\AppAuthentication\Azure.Services.AppAuthentication.IntegrationTests\Models\KeyCredential.cs(4,1): hidden CS8019: Unnecessary using directive.
C:\gh\azure-sdk-for-net\sdk\mgmtcommon\AppAuthentication\Azure.Services.AppAuthentication.IntegrationTests\Models\ServicePrincipal.cs(4,1): hidden CS8019: Unnecessary using directive.
C:\gh\azure-sdk-for-net\sdk\mgmtcommon\AppAuthentication\Azure.Services.AppAuthentication.IntegrationTests\Helpers\KeyVaultHelper.cs(6,1): hidden CS8019: Unnecessary using directive.
C:\gh\azure-sdk-for-net\artifacts\obj\Microsoft.Azure.Services.AppAuthentication.IntegrationTests\Debug\net472\Microsoft.Azure.Services.AppAuthentication.IntegrationTests.AssemblyInfo.cs(12,1): hidden CS8019: Unnecessary using directive.
C:\gh\azure-sdk-for-net\sdk\mgmtcommon\AppAuthentication\Azure.Services.AppAuthentication.IntegrationTests\Models\Application.cs(5,1): hidden CS8019: Unnecessary using directive.
C:\gh\azure-sdk-for-net\sdk\mgmtcommon\AppAuthentication\Azure.Services.AppAuthentication.IntegrationTests\Helpers\KeyVaultHelper.cs(7,1): hidden CS8019: Unnecessary using directive.
C:\gh\azure-sdk-for-net\sdk\mgmtcommon\AppAuthentication\Azure.Services.AppAuthentication.IntegrationTests\RunOnWindowsFactAttribute.cs(1,1): hidden CS8019: Unnecessary using directive.
C:\gh\azure-sdk-for-net\sdk\mgmtcommon\AppAuthentication\Azure.Services.AppAuthentication.IntegrationTests\NegativeTests.cs(6,1): hidden CS8019: Unnecessary using directive.
