C:\gh\azure-sdk-for-net\sdk\extensions\Microsoft.Extensions.Azure\tests\TestClientsBuilderExtensions.cs(40,23): error CS0246: The type or namespace name 'IAzureClientBuilder<,>' could not be found (are you missing a using directive or an assembly reference?)
C:\gh\azure-sdk-for-net\sdk\extensions\Microsoft.Extensions.Azure\tests\AzureComponentFactoryTests.cs(134,17): error CS0246: The type or namespace name 'IConfiguration' could not be found (are you missing a using directive or an assembly reference?)
C:\gh\azure-sdk-for-net\sdk\extensions\Microsoft.Extensions.Azure\tests\TestClientsBuilderExtensions.cs(41,29): error CS0246: The type or namespace name 'IAzureClientFactoryBuilder' could not be found (are you missing a using directive or an assembly reference?)
C:\gh\azure-sdk-for-net\sdk\extensions\Microsoft.Extensions.Azure\tests\ClientFactoryTests.cs(170,17): error CS0246: The type or namespace name 'IConfiguration' could not be found (are you missing a using directive or an assembly reference?)
C:\gh\azure-sdk-for-net\sdk\extensions\Microsoft.Extensions.Azure\tests\TestClientOptions.cs(8,39): error CS0246: The type or namespace name 'ClientOptions' could not be found (are you missing a using directive or an assembly reference?)
C:\gh\azure-sdk-for-net\sdk\extensions\Microsoft.Extensions.Azure\tests\AzureClientFactoryTests.cs(360,17): error CS0246: The type or namespace name 'IConfiguration' could not be found (are you missing a using directive or an assembly reference?)
C:\gh\azure-sdk-for-net\sdk\extensions\Microsoft.Extensions.Azure\tests\TestClientsBuilderExtensions.cs(34,23): error CS0246: The type or namespace name 'IAzureClientBuilder<,>' could not be found (are you missing a using directive or an assembly reference?)
C:\gh\azure-sdk-for-net\sdk\extensions\Microsoft.Extensions.Azure\tests\TestClientsBuilderExtensions.cs(35,29): error CS0246: The type or namespace name 'IAzureClientFactoryBuilderWithCredential' could not be found (are you missing a using directive or an assembly reference?)
C:\gh\azure-sdk-for-net\sdk\extensions\Microsoft.Extensions.Azure\tests\TestClientWithCredentials.cs(16,51): error CS0246: The type or namespace name 'TokenCredential' could not be found (are you missing a using directive or an assembly reference?)
C:\gh\azure-sdk-for-net\sdk\extensions\Microsoft.Extensions.Azure\tests\TestClientOptionsMultipleParameters.cs(8,58): error CS0246: The type or namespace name 'ClientOptions' could not be found (are you missing a using directive or an assembly reference?)
C:\gh\azure-sdk-for-net\sdk\extensions\Microsoft.Extensions.Azure\tests\TestClientsBuilderExtensions.cs(28,23): error CS0246: The type or namespace name 'IAzureClientBuilder<,>' could not be found (are you missing a using directive or an assembly reference?)
C:\gh\azure-sdk-for-net\sdk\extensions\Microsoft.Extensions.Azure\tests\TestClientsBuilderExtensions.cs(29,29): error CS0246: The type or namespace name 'IAzureClientFactoryBuilderWithConfiguration<>' could not be found (are you missing a using directive or an assembly reference?)
C:\gh\azure-sdk-for-net\sdk\extensions\Microsoft.Extensions.Azure\tests\TestClientsBuilderExtensions.cs(22,23): error CS0246: The type or namespace name 'IAzureClientBuilder<,>' could not be found (are you missing a using directive or an assembly reference?)
C:\gh\azure-sdk-for-net\sdk\extensions\Microsoft.Extensions.Azure\tests\TestClientsBuilderExtensions.cs(23,29): error CS0246: The type or namespace name 'IAzureClientFactoryBuilderWithConfiguration<>' could not be found (are you missing a using directive or an assembly reference?)
C:\gh\azure-sdk-for-net\sdk\extensions\Microsoft.Extensions.Azure\tests\TestClientsBuilderExtensions.cs(16,23): error CS0246: The type or namespace name 'IAzureClientBuilder<,>' could not be found (are you missing a using directive or an assembly reference?)
C:\gh\azure-sdk-for-net\sdk\extensions\Microsoft.Extensions.Azure\tests\TestClientsBuilderExtensions.cs(17,29): error CS0246: The type or namespace name 'IAzureClientFactoryBuilder' could not be found (are you missing a using directive or an assembly reference?)
C:\gh\azure-sdk-for-net\sdk\extensions\Microsoft.Extensions.Azure\tests\LogForwarderTests.cs(81,42): error CS0246: The type or namespace name 'ILoggerFactory' could not be found (are you missing a using directive or an assembly reference?)
C:\gh\azure-sdk-for-net\sdk\extensions\Microsoft.Extensions.Azure\tests\LogForwarderTests.cs(89,20): error CS0246: The type or namespace name 'ILogger' could not be found (are you missing a using directive or an assembly reference?)
C:\gh\azure-sdk-for-net\sdk\extensions\Microsoft.Extensions.Azure\tests\TestClientsBuilderExtensions.cs(10,23): error CS0246: The type or namespace name 'IAzureClientBuilder<,>' could not be found (are you missing a using directive or an assembly reference?)
C:\gh\azure-sdk-for-net\sdk\extensions\Microsoft.Extensions.Azure\tests\TestClientsBuilderExtensions.cs(11,29): error CS0246: The type or namespace name 'IAzureClientFactoryBuilder' could not be found (are you missing a using directive or an assembly reference?)
C:\gh\azure-sdk-for-net\sdk\extensions\Microsoft.Extensions.Azure\tests\LogForwarderTests.cs(50,35): error CS0246: The type or namespace name 'ILogger' could not be found (are you missing a using directive or an assembly reference?)
C:\gh\azure-sdk-for-net\sdk\extensions\Microsoft.Extensions.Azure\tests\LogForwarderTests.cs(62,37): error CS0122: 'LogLevel' is inaccessible due to its protection level
C:\gh\azure-sdk-for-net\sdk\extensions\Microsoft.Extensions.Azure\tests\LogForwarderTests.cs(62,56): error CS0246: The type or namespace name 'EventId' could not be found (are you missing a using directive or an assembly reference?)
C:\gh\azure-sdk-for-net\sdk\extensions\Microsoft.Extensions.Azure\tests\LogForwarderTests.cs(21,64): error CS0122: 'LogLevel' is inaccessible due to its protection level
C:\gh\azure-sdk-for-net\sdk\extensions\Microsoft.Extensions.Azure\tests\LogForwarderTests.cs(70,35): error CS0122: 'LogLevel' is inaccessible due to its protection level
C:\gh\azure-sdk-for-net\sdk\extensions\Microsoft.Extensions.Azure\tests\LogForwarderTests.cs(102,37): error CS0246: The type or namespace name 'ILoggerProvider' could not be found (are you missing a using directive or an assembly reference?)
C:\gh\azure-sdk-for-net\sdk\extensions\Microsoft.Extensions.Azure\tests\AzureClientFactoryTests.cs(6,13): error CS0234: The type or namespace name 'Identity' does not exist in the namespace 'Azure' (are you missing an assembly reference?)
C:\gh\azure-sdk-for-net\sdk\extensions\Microsoft.Extensions.Azure\tests\AzureClientFactoryTests.cs(8,28): error CS0234: The type or namespace name 'Configuration' does not exist in the namespace 'Microsoft.Extensions' (are you missing an assembly reference?)
C:\gh\azure-sdk-for-net\sdk\extensions\Microsoft.Extensions.Azure\tests\AzureClientFactoryTests.cs(9,28): error CS0234: The type or namespace name 'DependencyInjection' does not exist in the namespace 'Microsoft.Extensions' (are you missing an assembly reference?)
C:\gh\azure-sdk-for-net\sdk\extensions\Microsoft.Extensions.Azure\tests\AzureClientFactoryTests.cs(10,7): error CS0246: The type or namespace name 'NUnit' could not be found (are you missing a using directive or an assembly reference?)
C:\gh\azure-sdk-for-net\sdk\extensions\Microsoft.Extensions.Azure\tests\AzureComponentFactoryTests.cs(5,13): error CS0234: The type or namespace name 'Identity' does not exist in the namespace 'Azure' (are you missing an assembly reference?)
C:\gh\azure-sdk-for-net\sdk\extensions\Microsoft.Extensions.Azure\tests\AzureComponentFactoryTests.cs(7,28): error CS0234: The type or namespace name 'Configuration' does not exist in the namespace 'Microsoft.Extensions' (are you missing an assembly reference?)
C:\gh\azure-sdk-for-net\sdk\extensions\Microsoft.Extensions.Azure\tests\AzureComponentFactoryTests.cs(8,28): error CS0234: The type or namespace name 'DependencyInjection' does not exist in the namespace 'Microsoft.Extensions' (are you missing an assembly reference?)
C:\gh\azure-sdk-for-net\sdk\extensions\Microsoft.Extensions.Azure\tests\AzureComponentFactoryTests.cs(9,7): error CS0246: The type or namespace name 'NUnit' could not be found (are you missing a using directive or an assembly reference?)
C:\gh\azure-sdk-for-net\sdk\extensions\Microsoft.Extensions.Azure\tests\ClientFactoryTests.cs(7,13): error CS0234: The type or namespace name 'Identity' does not exist in the namespace 'Azure' (are you missing an assembly reference?)
C:\gh\azure-sdk-for-net\sdk\extensions\Microsoft.Extensions.Azure\tests\ClientFactoryTests.cs(9,28): error CS0234: The type or namespace name 'Configuration' does not exist in the namespace 'Microsoft.Extensions' (are you missing an assembly reference?)
C:\gh\azure-sdk-for-net\sdk\extensions\Microsoft.Extensions.Azure\tests\ClientFactoryTests.cs(10,7): error CS0246: The type or namespace name 'NUnit' could not be found (are you missing a using directive or an assembly reference?)
C:\gh\azure-sdk-for-net\sdk\extensions\Microsoft.Extensions.Azure\tests\LogForwarderTests.cs(8,28): error CS0234: The type or namespace name 'Logging' does not exist in the namespace 'Microsoft.Extensions' (are you missing an assembly reference?)
C:\gh\azure-sdk-for-net\sdk\extensions\Microsoft.Extensions.Azure\tests\LogForwarderTests.cs(9,7): error CS0246: The type or namespace name 'NUnit' could not be found (are you missing a using directive or an assembly reference?)
C:\gh\azure-sdk-for-net\sdk\extensions\Microsoft.Extensions.Azure\tests\TestClientOptions.cs(4,18): error CS0234: The type or namespace name 'Pipeline' does not exist in the namespace 'Azure.Core' (are you missing an assembly reference?)
C:\gh\azure-sdk-for-net\sdk\extensions\Microsoft.Extensions.Azure\tests\TestClientOptionsMultipleParameters.cs(4,18): error CS0234: The type or namespace name 'Pipeline' does not exist in the namespace 'Azure.Core' (are you missing an assembly reference?)
C:\gh\azure-sdk-for-net\sdk\extensions\Microsoft.Extensions.Azure\tests\AzureClientFactoryTests.cs(16,10): error CS0246: The type or namespace name 'TestAttribute' could not be found (are you missing a using directive or an assembly reference?)
C:\gh\azure-sdk-for-net\sdk\extensions\Microsoft.Extensions.Azure\tests\AzureClientFactoryTests.cs(16,10): error CS0246: The type or namespace name 'Test' could not be found (are you missing a using directive or an assembly reference?)
C:\gh\azure-sdk-for-net\sdk\extensions\Microsoft.Extensions.Azure\tests\AzureComponentFactoryTests.cs(15,10): error CS0246: The type or namespace name 'TestAttribute' could not be found (are you missing a using directive or an assembly reference?)
C:\gh\azure-sdk-for-net\sdk\extensions\Microsoft.Extensions.Azure\tests\AzureComponentFactoryTests.cs(15,10): error CS0246: The type or namespace name 'Test' could not be found (are you missing a using directive or an assembly reference?)
C:\gh\azure-sdk-for-net\sdk\extensions\Microsoft.Extensions.Azure\tests\ClientFactoryTests.cs(16,10): error CS0246: The type or namespace name 'TestAttribute' could not be found (are you missing a using directive or an assembly reference?)
C:\gh\azure-sdk-for-net\sdk\extensions\Microsoft.Extensions.Azure\tests\ClientFactoryTests.cs(16,10): error CS0246: The type or namespace name 'Test' could not be found (are you missing a using directive or an assembly reference?)
C:\gh\azure-sdk-for-net\sdk\extensions\Microsoft.Extensions.Azure\tests\AzureComponentFactoryTests.cs(32,10): error CS0246: The type or namespace name 'TestAttribute' could not be found (are you missing a using directive or an assembly reference?)
C:\gh\azure-sdk-for-net\sdk\extensions\Microsoft.Extensions.Azure\tests\AzureComponentFactoryTests.cs(32,10): error CS0246: The type or namespace name 'Test' could not be found (are you missing a using directive or an assembly reference?)
C:\gh\azure-sdk-for-net\sdk\extensions\Microsoft.Extensions.Azure\tests\AzureClientFactoryTests.cs(31,10): error CS0246: The type or namespace name 'TestAttribute' could not be found (are you missing a using directive or an assembly reference?)
C:\gh\azure-sdk-for-net\sdk\extensions\Microsoft.Extensions.Azure\tests\AzureClientFactoryTests.cs(31,10): error CS0246: The type or namespace name 'Test' could not be found (are you missing a using directive or an assembly reference?)
C:\gh\azure-sdk-for-net\sdk\extensions\Microsoft.Extensions.Azure\tests\TestClientWithCredentials.cs(10,16): error CS0246: The type or namespace name 'TokenCredential' could not be found (are you missing a using directive or an assembly reference?)
C:\gh\azure-sdk-for-net\sdk\extensions\Microsoft.Extensions.Azure\tests\ClientFactoryTests.cs(28,10): error CS0246: The type or namespace name 'TestAttribute' could not be found (are you missing a using directive or an assembly reference?)
C:\gh\azure-sdk-for-net\sdk\extensions\Microsoft.Extensions.Azure\tests\ClientFactoryTests.cs(28,10): error CS0246: The type or namespace name 'Test' could not be found (are you missing a using directive or an assembly reference?)
C:\gh\azure-sdk-for-net\sdk\extensions\Microsoft.Extensions.Azure\tests\AzureComponentFactoryTests.cs(55,10): error CS0246: The type or namespace name 'TestAttribute' could not be found (are you missing a using directive or an assembly reference?)
C:\gh\azure-sdk-for-net\sdk\extensions\Microsoft.Extensions.Azure\tests\AzureComponentFactoryTests.cs(55,10): error CS0246: The type or namespace name 'Test' could not be found (are you missing a using directive or an assembly reference?)
C:\gh\azure-sdk-for-net\sdk\extensions\Microsoft.Extensions.Azure\tests\AzureClientFactoryTests.cs(46,10): error CS0246: The type or namespace name 'TestAttribute' could not be found (are you missing a using directive or an assembly reference?)
C:\gh\azure-sdk-for-net\sdk\extensions\Microsoft.Extensions.Azure\tests\AzureClientFactoryTests.cs(46,10): error CS0246: The type or namespace name 'Test' could not be found (are you missing a using directive or an assembly reference?)
C:\gh\azure-sdk-for-net\sdk\extensions\Microsoft.Extensions.Azure\tests\ClientFactoryTests.cs(40,10): error CS0246: The type or namespace name 'TestAttribute' could not be found (are you missing a using directive or an assembly reference?)
C:\gh\azure-sdk-for-net\sdk\extensions\Microsoft.Extensions.Azure\tests\ClientFactoryTests.cs(40,10): error CS0246: The type or namespace name 'Test' could not be found (are you missing a using directive or an assembly reference?)
C:\gh\azure-sdk-for-net\sdk\extensions\Microsoft.Extensions.Azure\tests\AzureClientFactoryTests.cs(62,10): error CS0246: The type or namespace name 'TestAttribute' could not be found (are you missing a using directive or an assembly reference?)
C:\gh\azure-sdk-for-net\sdk\extensions\Microsoft.Extensions.Azure\tests\AzureClientFactoryTests.cs(62,10): error CS0246: The type or namespace name 'Test' could not be found (are you missing a using directive or an assembly reference?)
C:\gh\azure-sdk-for-net\sdk\extensions\Microsoft.Extensions.Azure\tests\AzureComponentFactoryTests.cs(70,10): error CS0246: The type or namespace name 'TestAttribute' could not be found (are you missing a using directive or an assembly reference?)
C:\gh\azure-sdk-for-net\sdk\extensions\Microsoft.Extensions.Azure\tests\AzureComponentFactoryTests.cs(70,10): error CS0246: The type or namespace name 'Test' could not be found (are you missing a using directive or an assembly reference?)
C:\gh\azure-sdk-for-net\sdk\extensions\Microsoft.Extensions.Azure\tests\ClientFactoryTests.cs(52,10): error CS0246: The type or namespace name 'TestAttribute' could not be found (are you missing a using directive or an assembly reference?)
C:\gh\azure-sdk-for-net\sdk\extensions\Microsoft.Extensions.Azure\tests\ClientFactoryTests.cs(52,10): error CS0246: The type or namespace name 'Test' could not be found (are you missing a using directive or an assembly reference?)
C:\gh\azure-sdk-for-net\sdk\extensions\Microsoft.Extensions.Azure\tests\AzureClientFactoryTests.cs(78,10): error CS0246: The type or namespace name 'TestAttribute' could not be found (are you missing a using directive or an assembly reference?)
C:\gh\azure-sdk-for-net\sdk\extensions\Microsoft.Extensions.Azure\tests\AzureClientFactoryTests.cs(78,10): error CS0246: The type or namespace name 'Test' could not be found (are you missing a using directive or an assembly reference?)
C:\gh\azure-sdk-for-net\sdk\extensions\Microsoft.Extensions.Azure\tests\AzureComponentFactoryTests.cs(86,10): error CS0246: The type or namespace name 'TestAttribute' could not be found (are you missing a using directive or an assembly reference?)
C:\gh\azure-sdk-for-net\sdk\extensions\Microsoft.Extensions.Azure\tests\AzureComponentFactoryTests.cs(86,10): error CS0246: The type or namespace name 'Test' could not be found (are you missing a using directive or an assembly reference?)
C:\gh\azure-sdk-for-net\sdk\extensions\Microsoft.Extensions.Azure\tests\AzureComponentFactoryTests.cs(102,10): error CS0246: The type or namespace name 'TestAttribute' could not be found (are you missing a using directive or an assembly reference?)
C:\gh\azure-sdk-for-net\sdk\extensions\Microsoft.Extensions.Azure\tests\AzureComponentFactoryTests.cs(102,10): error CS0246: The type or namespace name 'Test' could not be found (are you missing a using directive or an assembly reference?)
C:\gh\azure-sdk-for-net\sdk\extensions\Microsoft.Extensions.Azure\tests\AzureClientFactoryTests.cs(93,10): error CS0246: The type or namespace name 'TestAttribute' could not be found (are you missing a using directive or an assembly reference?)
C:\gh\azure-sdk-for-net\sdk\extensions\Microsoft.Extensions.Azure\tests\AzureClientFactoryTests.cs(93,10): error CS0246: The type or namespace name 'Test' could not be found (are you missing a using directive or an assembly reference?)
C:\gh\azure-sdk-for-net\sdk\extensions\Microsoft.Extensions.Azure\tests\ClientFactoryTests.cs(67,10): error CS0246: The type or namespace name 'TestAttribute' could not be found (are you missing a using directive or an assembly reference?)
C:\gh\azure-sdk-for-net\sdk\extensions\Microsoft.Extensions.Azure\tests\ClientFactoryTests.cs(67,10): error CS0246: The type or namespace name 'Test' could not be found (are you missing a using directive or an assembly reference?)
C:\gh\azure-sdk-for-net\sdk\extensions\Microsoft.Extensions.Azure\tests\AzureComponentFactoryTests.cs(119,10): error CS0246: The type or namespace name 'TestAttribute' could not be found (are you missing a using directive or an assembly reference?)
C:\gh\azure-sdk-for-net\sdk\extensions\Microsoft.Extensions.Azure\tests\AzureComponentFactoryTests.cs(119,10): error CS0246: The type or namespace name 'Test' could not be found (are you missing a using directive or an assembly reference?)
C:\gh\azure-sdk-for-net\sdk\extensions\Microsoft.Extensions.Azure\tests\AzureClientFactoryTests.cs(117,10): error CS0246: The type or namespace name 'TestAttribute' could not be found (are you missing a using directive or an assembly reference?)
C:\gh\azure-sdk-for-net\sdk\extensions\Microsoft.Extensions.Azure\tests\AzureClientFactoryTests.cs(117,10): error CS0246: The type or namespace name 'Test' could not be found (are you missing a using directive or an assembly reference?)
C:\gh\azure-sdk-for-net\sdk\extensions\Microsoft.Extensions.Azure\tests\ClientFactoryTests.cs(83,10): error CS0246: The type or namespace name 'TestAttribute' could not be found (are you missing a using directive or an assembly reference?)
C:\gh\azure-sdk-for-net\sdk\extensions\Microsoft.Extensions.Azure\tests\ClientFactoryTests.cs(83,10): error CS0246: The type or namespace name 'Test' could not be found (are you missing a using directive or an assembly reference?)
C:\gh\azure-sdk-for-net\sdk\extensions\Microsoft.Extensions.Azure\tests\AzureClientFactoryTests.cs(133,10): error CS0246: The type or namespace name 'TestAttribute' could not be found (are you missing a using directive or an assembly reference?)
C:\gh\azure-sdk-for-net\sdk\extensions\Microsoft.Extensions.Azure\tests\AzureClientFactoryTests.cs(133,10): error CS0246: The type or namespace name 'Test' could not be found (are you missing a using directive or an assembly reference?)
C:\gh\azure-sdk-for-net\sdk\extensions\Microsoft.Extensions.Azure\tests\ClientFactoryTests.cs(94,10): error CS0246: The type or namespace name 'TestAttribute' could not be found (are you missing a using directive or an assembly reference?)
C:\gh\azure-sdk-for-net\sdk\extensions\Microsoft.Extensions.Azure\tests\ClientFactoryTests.cs(94,10): error CS0246: The type or namespace name 'Test' could not be found (are you missing a using directive or an assembly reference?)
C:\gh\azure-sdk-for-net\sdk\extensions\Microsoft.Extensions.Azure\tests\AzureClientFactoryTests.cs(157,10): error CS0246: The type or namespace name 'TestAttribute' could not be found (are you missing a using directive or an assembly reference?)
C:\gh\azure-sdk-for-net\sdk\extensions\Microsoft.Extensions.Azure\tests\AzureClientFactoryTests.cs(157,10): error CS0246: The type or namespace name 'Test' could not be found (are you missing a using directive or an assembly reference?)
C:\gh\azure-sdk-for-net\sdk\extensions\Microsoft.Extensions.Azure\tests\LogForwarderTests.cs(15,10): error CS0246: The type or namespace name 'TestCaseAttribute' could not be found (are you missing a using directive or an assembly reference?)
C:\gh\azure-sdk-for-net\sdk\extensions\Microsoft.Extensions.Azure\tests\LogForwarderTests.cs(15,10): error CS0246: The type or namespace name 'TestCase' could not be found (are you missing a using directive or an assembly reference?)
C:\gh\azure-sdk-for-net\sdk\extensions\Microsoft.Extensions.Azure\tests\LogForwarderTests.cs(16,10): error CS0246: The type or namespace name 'TestCaseAttribute' could not be found (are you missing a using directive or an assembly reference?)
C:\gh\azure-sdk-for-net\sdk\extensions\Microsoft.Extensions.Azure\tests\LogForwarderTests.cs(16,10): error CS0246: The type or namespace name 'TestCase' could not be found (are you missing a using directive or an assembly reference?)
C:\gh\azure-sdk-for-net\sdk\extensions\Microsoft.Extensions.Azure\tests\LogForwarderTests.cs(17,10): error CS0246: The type or namespace name 'TestCaseAttribute' could not be found (are you missing a using directive or an assembly reference?)
C:\gh\azure-sdk-for-net\sdk\extensions\Microsoft.Extensions.Azure\tests\LogForwarderTests.cs(17,10): error CS0246: The type or namespace name 'TestCase' could not be found (are you missing a using directive or an assembly reference?)
C:\gh\azure-sdk-for-net\sdk\extensions\Microsoft.Extensions.Azure\tests\LogForwarderTests.cs(18,10): error CS0246: The type or namespace name 'TestCaseAttribute' could not be found (are you missing a using directive or an assembly reference?)
C:\gh\azure-sdk-for-net\sdk\extensions\Microsoft.Extensions.Azure\tests\LogForwarderTests.cs(18,10): error CS0246: The type or namespace name 'TestCase' could not be found (are you missing a using directive or an assembly reference?)
C:\gh\azure-sdk-for-net\sdk\extensions\Microsoft.Extensions.Azure\tests\LogForwarderTests.cs(19,10): error CS0246: The type or namespace name 'TestCaseAttribute' could not be found (are you missing a using directive or an assembly reference?)
C:\gh\azure-sdk-for-net\sdk\extensions\Microsoft.Extensions.Azure\tests\LogForwarderTests.cs(19,10): error CS0246: The type or namespace name 'TestCase' could not be found (are you missing a using directive or an assembly reference?)
C:\gh\azure-sdk-for-net\sdk\extensions\Microsoft.Extensions.Azure\tests\LogForwarderTests.cs(20,10): error CS0246: The type or namespace name 'TestCaseAttribute' could not be found (are you missing a using directive or an assembly reference?)
C:\gh\azure-sdk-for-net\sdk\extensions\Microsoft.Extensions.Azure\tests\LogForwarderTests.cs(20,10): error CS0246: The type or namespace name 'TestCase' could not be found (are you missing a using directive or an assembly reference?)
C:\gh\azure-sdk-for-net\sdk\extensions\Microsoft.Extensions.Azure\tests\LogForwarderTests.cs(15,41): error CS0122: 'LogLevel' is inaccessible due to its protection level
C:\gh\azure-sdk-for-net\sdk\extensions\Microsoft.Extensions.Azure\tests\LogForwarderTests.cs(16,40): error CS0122: 'LogLevel' is inaccessible due to its protection level
C:\gh\azure-sdk-for-net\sdk\extensions\Microsoft.Extensions.Azure\tests\LogForwarderTests.cs(17,37): error CS0122: 'LogLevel' is inaccessible due to its protection level
C:\gh\azure-sdk-for-net\sdk\extensions\Microsoft.Extensions.Azure\tests\LogForwarderTests.cs(18,45): error CS0122: 'LogLevel' is inaccessible due to its protection level
C:\gh\azure-sdk-for-net\sdk\extensions\Microsoft.Extensions.Azure\tests\LogForwarderTests.cs(19,39): error CS0122: 'LogLevel' is inaccessible due to its protection level
C:\gh\azure-sdk-for-net\sdk\extensions\Microsoft.Extensions.Azure\tests\LogForwarderTests.cs(20,39): error CS0122: 'LogLevel' is inaccessible due to its protection level
C:\gh\azure-sdk-for-net\sdk\extensions\Microsoft.Extensions.Azure\tests\AzureClientFactoryTests.cs(170,10): error CS0246: The type or namespace name 'TestAttribute' could not be found (are you missing a using directive or an assembly reference?)
C:\gh\azure-sdk-for-net\sdk\extensions\Microsoft.Extensions.Azure\tests\AzureClientFactoryTests.cs(170,10): error CS0246: The type or namespace name 'Test' could not be found (are you missing a using directive or an assembly reference?)
C:\gh\azure-sdk-for-net\sdk\extensions\Microsoft.Extensions.Azure\tests\LogForwarderTests.cs(35,10): error CS0246: The type or namespace name 'TestAttribute' could not be found (are you missing a using directive or an assembly reference?)
C:\gh\azure-sdk-for-net\sdk\extensions\Microsoft.Extensions.Azure\tests\LogForwarderTests.cs(35,10): error CS0246: The type or namespace name 'Test' could not be found (are you missing a using directive or an assembly reference?)
C:\gh\azure-sdk-for-net\sdk\extensions\Microsoft.Extensions.Azure\tests\LogForwarderTests.cs(43,10): error CS0246: The type or namespace name 'TestAttribute' could not be found (are you missing a using directive or an assembly reference?)
C:\gh\azure-sdk-for-net\sdk\extensions\Microsoft.Extensions.Azure\tests\LogForwarderTests.cs(43,10): error CS0246: The type or namespace name 'Test' could not be found (are you missing a using directive or an assembly reference?)
C:\gh\azure-sdk-for-net\sdk\extensions\Microsoft.Extensions.Azure\tests\AzureClientFactoryTests.cs(185,10): error CS0246: The type or namespace name 'TestAttribute' could not be found (are you missing a using directive or an assembly reference?)
C:\gh\azure-sdk-for-net\sdk\extensions\Microsoft.Extensions.Azure\tests\AzureClientFactoryTests.cs(185,10): error CS0246: The type or namespace name 'Test' could not be found (are you missing a using directive or an assembly reference?)
C:\gh\azure-sdk-for-net\sdk\extensions\Microsoft.Extensions.Azure\tests\LogForwarderTests.cs(54,26): error CS0122: 'LogLevel' is inaccessible due to its protection level
C:\gh\azure-sdk-for-net\sdk\extensions\Microsoft.Extensions.Azure\tests\LogForwarderTests.cs(54,42): error CS0246: The type or namespace name 'EventId' could not be found (are you missing a using directive or an assembly reference?)
C:\gh\azure-sdk-for-net\sdk\extensions\Microsoft.Extensions.Azure\tests\AzureClientFactoryTests.cs(203,10): error CS0246: The type or namespace name 'TestAttribute' could not be found (are you missing a using directive or an assembly reference?)
C:\gh\azure-sdk-for-net\sdk\extensions\Microsoft.Extensions.Azure\tests\AzureClientFactoryTests.cs(203,10): error CS0246: The type or namespace name 'Test' could not be found (are you missing a using directive or an assembly reference?)
C:\gh\azure-sdk-for-net\sdk\extensions\Microsoft.Extensions.Azure\tests\AzureClientFactoryTests.cs(223,10): error CS0246: The type or namespace name 'TestAttribute' could not be found (are you missing a using directive or an assembly reference?)
C:\gh\azure-sdk-for-net\sdk\extensions\Microsoft.Extensions.Azure\tests\AzureClientFactoryTests.cs(223,10): error CS0246: The type or namespace name 'Test' could not be found (are you missing a using directive or an assembly reference?)
C:\gh\azure-sdk-for-net\sdk\extensions\Microsoft.Extensions.Azure\tests\AzureClientFactoryTests.cs(234,10): error CS0246: The type or namespace name 'TestAttribute' could not be found (are you missing a using directive or an assembly reference?)
C:\gh\azure-sdk-for-net\sdk\extensions\Microsoft.Extensions.Azure\tests\ClientFactoryTests.cs(109,10): error CS0246: The type or namespace name 'TheoryAttribute' could not be found (are you missing a using directive or an assembly reference?)
C:\gh\azure-sdk-for-net\sdk\extensions\Microsoft.Extensions.Azure\tests\AzureClientFactoryTests.cs(234,10): error CS0246: The type or namespace name 'Test' could not be found (are you missing a using directive or an assembly reference?)
C:\gh\azure-sdk-for-net\sdk\extensions\Microsoft.Extensions.Azure\tests\ClientFactoryTests.cs(109,10): error CS0246: The type or namespace name 'Theory' could not be found (are you missing a using directive or an assembly reference?)
C:\gh\azure-sdk-for-net\sdk\extensions\Microsoft.Extensions.Azure\tests\ClientFactoryTests.cs(110,10): error CS0246: The type or namespace name 'TestCaseAttribute' could not be found (are you missing a using directive or an assembly reference?)
C:\gh\azure-sdk-for-net\sdk\extensions\Microsoft.Extensions.Azure\tests\ClientFactoryTests.cs(110,10): error CS0246: The type or namespace name 'TestCase' could not be found (are you missing a using directive or an assembly reference?)
C:\gh\azure-sdk-for-net\sdk\extensions\Microsoft.Extensions.Azure\tests\ClientFactoryTests.cs(111,10): error CS0246: The type or namespace name 'TestCaseAttribute' could not be found (are you missing a using directive or an assembly reference?)
C:\gh\azure-sdk-for-net\sdk\extensions\Microsoft.Extensions.Azure\tests\ClientFactoryTests.cs(111,10): error CS0246: The type or namespace name 'TestCase' could not be found (are you missing a using directive or an assembly reference?)
C:\gh\azure-sdk-for-net\sdk\extensions\Microsoft.Extensions.Azure\tests\ClientFactoryTests.cs(112,10): error CS0246: The type or namespace name 'TestCaseAttribute' could not be found (are you missing a using directive or an assembly reference?)
C:\gh\azure-sdk-for-net\sdk\extensions\Microsoft.Extensions.Azure\tests\ClientFactoryTests.cs(112,10): error CS0246: The type or namespace name 'TestCase' could not be found (are you missing a using directive or an assembly reference?)
C:\gh\azure-sdk-for-net\sdk\extensions\Microsoft.Extensions.Azure\tests\AzureClientFactoryTests.cs(247,10): error CS0246: The type or namespace name 'TestAttribute' could not be found (are you missing a using directive or an assembly reference?)
C:\gh\azure-sdk-for-net\sdk\extensions\Microsoft.Extensions.Azure\tests\AzureClientFactoryTests.cs(247,10): error CS0246: The type or namespace name 'Test' could not be found (are you missing a using directive or an assembly reference?)
C:\gh\azure-sdk-for-net\sdk\extensions\Microsoft.Extensions.Azure\tests\ClientFactoryTests.cs(139,10): error CS0246: The type or namespace name 'TestAttribute' could not be found (are you missing a using directive or an assembly reference?)
C:\gh\azure-sdk-for-net\sdk\extensions\Microsoft.Extensions.Azure\tests\ClientFactoryTests.cs(139,10): error CS0246: The type or namespace name 'Test' could not be found (are you missing a using directive or an assembly reference?)
C:\gh\azure-sdk-for-net\sdk\extensions\Microsoft.Extensions.Azure\tests\AzureClientFactoryTests.cs(263,10): error CS0246: The type or namespace name 'TestAttribute' could not be found (are you missing a using directive or an assembly reference?)
C:\gh\azure-sdk-for-net\sdk\extensions\Microsoft.Extensions.Azure\tests\AzureClientFactoryTests.cs(263,10): error CS0246: The type or namespace name 'Test' could not be found (are you missing a using directive or an assembly reference?)
C:\gh\azure-sdk-for-net\sdk\extensions\Microsoft.Extensions.Azure\tests\ClientFactoryTests.cs(158,10): error CS0246: The type or namespace name 'TestAttribute' could not be found (are you missing a using directive or an assembly reference?)
C:\gh\azure-sdk-for-net\sdk\extensions\Microsoft.Extensions.Azure\tests\ClientFactoryTests.cs(158,10): error CS0246: The type or namespace name 'Test' could not be found (are you missing a using directive or an assembly reference?)
C:\gh\azure-sdk-for-net\sdk\extensions\Microsoft.Extensions.Azure\tests\AzureClientFactoryTests.cs(287,10): error CS0246: The type or namespace name 'TestAttribute' could not be found (are you missing a using directive or an assembly reference?)
C:\gh\azure-sdk-for-net\sdk\extensions\Microsoft.Extensions.Azure\tests\AzureClientFactoryTests.cs(287,10): error CS0246: The type or namespace name 'Test' could not be found (are you missing a using directive or an assembly reference?)
C:\gh\azure-sdk-for-net\sdk\extensions\Microsoft.Extensions.Azure\tests\AzureClientFactoryTests.cs(312,10): error CS0246: The type or namespace name 'TestAttribute' could not be found (are you missing a using directive or an assembly reference?)
C:\gh\azure-sdk-for-net\sdk\extensions\Microsoft.Extensions.Azure\tests\AzureClientFactoryTests.cs(312,10): error CS0246: The type or namespace name 'Test' could not be found (are you missing a using directive or an assembly reference?)
C:\gh\azure-sdk-for-net\sdk\extensions\Microsoft.Extensions.Azure\tests\AzureClientFactoryTests.cs(323,10): error CS0246: The type or namespace name 'TestAttribute' could not be found (are you missing a using directive or an assembly reference?)
C:\gh\azure-sdk-for-net\sdk\extensions\Microsoft.Extensions.Azure\tests\AzureClientFactoryTests.cs(323,10): error CS0246: The type or namespace name 'Test' could not be found (are you missing a using directive or an assembly reference?)
C:\gh\azure-sdk-for-net\sdk\extensions\Microsoft.Extensions.Azure\tests\AzureClientFactoryTests.cs(334,10): error CS0246: The type or namespace name 'TestAttribute' could not be found (are you missing a using directive or an assembly reference?)
C:\gh\azure-sdk-for-net\sdk\extensions\Microsoft.Extensions.Azure\tests\AzureClientFactoryTests.cs(334,10): error CS0246: The type or namespace name 'Test' could not be found (are you missing a using directive or an assembly reference?)
C:\gh\azure-sdk-for-net\sdk\extensions\Microsoft.Extensions.Azure\tests\AzureClientFactoryTests.cs(347,10): error CS0246: The type or namespace name 'TestAttribute' could not be found (are you missing a using directive or an assembly reference?)
C:\gh\azure-sdk-for-net\sdk\extensions\Microsoft.Extensions.Azure\tests\AzureClientFactoryTests.cs(347,10): error CS0246: The type or namespace name 'Test' could not be found (are you missing a using directive or an assembly reference?)
C:\gh\azure-sdk-for-net\sdk\extensions\Microsoft.Extensions.Azure\tests\TestClientsBuilderExtensions.cs(13,28): error CS1061: 'TBuilder' does not contain a definition for 'RegisterClientFactory' and no accessible extension method 'RegisterClientFactory' accepting a first argument of type 'TBuilder' could be found (are you missing a using directive or an assembly reference?)
C:\gh\azure-sdk-for-net\sdk\extensions\Microsoft.Extensions.Azure\tests\TestClientsBuilderExtensions.cs(19,28): error CS1061: 'TBuilder' does not contain a definition for 'RegisterClientFactory' and no accessible extension method 'RegisterClientFactory' accepting a first argument of type 'TBuilder' could be found (are you missing a using directive or an assembly reference?)
C:\gh\azure-sdk-for-net\sdk\extensions\Microsoft.Extensions.Azure\tests\ClientFactoryTests.cs(19,13): error CS0246: The type or namespace name 'IConfiguration' could not be found (are you missing a using directive or an assembly reference?)
C:\gh\azure-sdk-for-net\sdk\extensions\Microsoft.Extensions.Azure\tests\ClientFactoryTests.cs(22,38): error CS0122: 'ClientFactory' is inaccessible due to its protection level
C:\gh\azure-sdk-for-net\sdk\extensions\Microsoft.Extensions.Azure\tests\ClientFactoryTests.cs(24,13): error CS0103: The name 'Assert' does not exist in the current context
C:\gh\azure-sdk-for-net\sdk\extensions\Microsoft.Extensions.Azure\tests\ClientFactoryTests.cs(25,13): error CS0103: The name 'Assert' does not exist in the current context
C:\gh\azure-sdk-for-net\sdk\extensions\Microsoft.Extensions.Azure\tests\TestClientsBuilderExtensions.cs(25,28): error CS1061: 'TBuilder' does not contain a definition for 'RegisterClientFactory' and no accessible extension method 'RegisterClientFactory' accepting a first argument of type 'TBuilder' could be found (are you missing a using directive or an assembly reference?)
C:\gh\azure-sdk-for-net\sdk\extensions\Microsoft.Extensions.Azure\tests\TestClientsBuilderExtensions.cs(31,28): error CS1061: 'TBuilder' does not contain a definition for 'RegisterClientFactory' and no accessible extension method 'RegisterClientFactory' accepting a first argument of type 'TBuilder' could be found (are you missing a using directive or an assembly reference?)
C:\gh\azure-sdk-for-net\sdk\extensions\Microsoft.Extensions.Azure\tests\TestClientsBuilderExtensions.cs(37,28): error CS1061: 'TBuilder' does not contain a definition for 'RegisterClientFactory' and no accessible extension method 'RegisterClientFactory' accepting a first argument of type 'TBuilder' could be found (are you missing a using directive or an assembly reference?)
C:\gh\azure-sdk-for-net\sdk\extensions\Microsoft.Extensions.Azure\tests\AzureClientFactoryTests.cs(19,41): error CS0246: The type or namespace name 'ServiceCollection' could not be found (are you missing a using directive or an assembly reference?)
C:\gh\azure-sdk-for-net\sdk\extensions\Microsoft.Extensions.Azure\tests\AzureClientFactoryTests.cs(20,13): error CS0518: Predefined type 'System.Void' is not defined or imported
C:\gh\azure-sdk-for-net\sdk\extensions\Microsoft.Extensions.Azure\tests\AzureClientFactoryTests.cs(22,13): error CS0246: The type or namespace name 'ServiceProvider' could not be found (are you missing a using directive or an assembly reference?)
C:\gh\azure-sdk-for-net\sdk\extensions\Microsoft.Extensions.Azure\tests\AzureClientFactoryTests.cs(25,33): error CS0518: Predefined type 'System.String' is not defined or imported
C:\gh\azure-sdk-for-net\sdk\extensions\Microsoft.Extensions.Azure\tests\AzureClientFactoryTests.cs(27,13): error CS0103: The name 'Assert' does not exist in the current context
C:\gh\azure-sdk-for-net\sdk\extensions\Microsoft.Extensions.Azure\tests\AzureClientFactoryTests.cs(28,13): error CS0103: The name 'Assert' does not exist in the current context
C:\gh\azure-sdk-for-net\sdk\extensions\Microsoft.Extensions.Azure\tests\TestClientsBuilderExtensions.cs(43,28): error CS1061: 'TBuilder' does not contain a definition for 'RegisterClientFactory' and no accessible extension method 'RegisterClientFactory' accepting a first argument of type 'TBuilder' could be found (are you missing a using directive or an assembly reference?)
C:\gh\azure-sdk-for-net\sdk\extensions\Microsoft.Extensions.Azure\tests\LogForwarderTests.cs(24,40): error CS0518: Predefined type 'System.Void' is not defined or imported
C:\gh\azure-sdk-for-net\sdk\extensions\Microsoft.Extensions.Azure\tests\LogForwarderTests.cs(24,20): error CS0246: The type or namespace name 'IDisposable' could not be found (are you missing a using directive or an assembly reference?)
C:\gh\azure-sdk-for-net\sdk\extensions\Microsoft.Extensions.Azure\tests\LogForwarderTests.cs(24,20): error CS1674: 'AzureEventSourceLogForwarder': type used in a using statement must be implicitly convertible to 'System.IDisposable'.
C:\gh\azure-sdk-for-net\sdk\extensions\Microsoft.Extensions.Azure\tests\LogForwarderTests.cs(26,27): error CS0246: The type or namespace name 'IDisposable' could not be found (are you missing a using directive or an assembly reference?)
C:\gh\azure-sdk-for-net\sdk\extensions\Microsoft.Extensions.Azure\tests\LogForwarderTests.cs(26,17): error CS0518: Predefined type 'System.Void' is not defined or imported
C:\gh\azure-sdk-for-net\sdk\extensions\Microsoft.Extensions.Azure\tests\LogForwarderTests.cs(31,13): error CS0103: The name 'Assert' does not exist in the current context
C:\gh\azure-sdk-for-net\sdk\extensions\Microsoft.Extensions.Azure\tests\LogForwarderTests.cs(32,13): error CS0103: The name 'Assert' does not exist in the current context
C:\gh\azure-sdk-for-net\sdk\extensions\Microsoft.Extensions.Azure\tests\ClientFactoryTests.cs(31,13): error CS0246: The type or namespace name 'IConfiguration' could not be found (are you missing a using directive or an assembly reference?)
C:\gh\azure-sdk-for-net\sdk\extensions\Microsoft.Extensions.Azure\tests\ClientFactoryTests.cs(34,38): error CS0122: 'ClientFactory' is inaccessible due to its protection level
C:\gh\azure-sdk-for-net\sdk\extensions\Microsoft.Extensions.Azure\tests\ClientFactoryTests.cs(36,13): error CS0103: The name 'Assert' does not exist in the current context
C:\gh\azure-sdk-for-net\sdk\extensions\Microsoft.Extensions.Azure\tests\ClientFactoryTests.cs(37,13): error CS0103: The name 'Assert' does not exist in the current context
C:\gh\azure-sdk-for-net\sdk\extensions\Microsoft.Extensions.Azure\tests\AzureComponentFactoryTests.cs(21,41): error CS0246: The type or namespace name 'ServiceCollection' could not be found (are you missing a using directive or an assembly reference?)
C:\gh\azure-sdk-for-net\sdk\extensions\Microsoft.Extensions.Azure\tests\AzureComponentFactoryTests.cs(22,13): error CS0518: Predefined type 'System.Void' is not defined or imported
C:\gh\azure-sdk-for-net\sdk\extensions\Microsoft.Extensions.Azure\tests\AzureComponentFactoryTests.cs(24,13): error CS0246: The type or namespace name 'ServiceProvider' could not be found (are you missing a using directive or an assembly reference?)
C:\gh\azure-sdk-for-net\sdk\extensions\Microsoft.Extensions.Azure\tests\AzureComponentFactoryTests.cs(26,176): error CS0246: The type or namespace name 'EnvironmentCredential' could not be found (are you missing a using directive or an assembly reference?)
C:\gh\azure-sdk-for-net\sdk\extensions\Microsoft.Extensions.Azure\tests\AzureComponentFactoryTests.cs(26,76): error CS0518: Predefined type 'System.Object' is not defined or imported
C:\gh\azure-sdk-for-net\sdk\extensions\Microsoft.Extensions.Azure\tests\AzureComponentFactoryTests.cs(28,13): error CS0103: The name 'Assert' does not exist in the current context
C:\gh\azure-sdk-for-net\sdk\extensions\Microsoft.Extensions.Azure\tests\AzureComponentFactoryTests.cs(29,13): error CS0103: The name 'Assert' does not exist in the current context
C:\gh\azure-sdk-for-net\sdk\extensions\Microsoft.Extensions.Azure\tests\AzureComponentFactoryTests.cs(29,33): error CS0246: The type or namespace name 'EnvironmentCredential' could not be found (are you missing a using directive or an assembly reference?)
C:\gh\azure-sdk-for-net\sdk\extensions\Microsoft.Extensions.Azure\tests\LogForwarderTests.cs(38,39): error CS0518: Predefined type 'System.Void' is not defined or imported
C:\gh\azure-sdk-for-net\sdk\extensions\Microsoft.Extensions.Azure\tests\LogForwarderTests.cs(38,13): error CS0246: The type or namespace name 'IDisposable' could not be found (are you missing a using directive or an assembly reference?)
C:\gh\azure-sdk-for-net\sdk\extensions\Microsoft.Extensions.Azure\tests\LogForwarderTests.cs(38,13): error CS1674: 'AzureEventSourceLogForwarder': type used in a using statement must be implicitly convertible to 'System.IDisposable'.
C:\gh\azure-sdk-for-net\sdk\extensions\Microsoft.Extensions.Azure\tests\LogForwarderTests.cs(39,23): error CS0246: The type or namespace name 'IDisposable' could not be found (are you missing a using directive or an assembly reference?)
C:\gh\azure-sdk-for-net\sdk\extensions\Microsoft.Extensions.Azure\tests\LogForwarderTests.cs(39,13): error CS0518: Predefined type 'System.Void' is not defined or imported
C:\gh\azure-sdk-for-net\sdk\extensions\Microsoft.Extensions.Azure\tests\LogForwarderTests.cs(46,33): error CS0518: Predefined type 'System.Void' is not defined or imported
C:\gh\azure-sdk-for-net\sdk\extensions\Microsoft.Extensions.Azure\tests\LogForwarderTests.cs(47,23): error CS0246: The type or namespace name 'IDisposable' could not be found (are you missing a using directive or an assembly reference?)
C:\gh\azure-sdk-for-net\sdk\extensions\Microsoft.Extensions.Azure\tests\LogForwarderTests.cs(47,13): error CS0518: Predefined type 'System.Void' is not defined or imported
C:\gh\azure-sdk-for-net\sdk\extensions\Microsoft.Extensions.Azure\tests\LogForwarderTests.cs(55,27): error CS0122: 'LogLevel' is inaccessible due to its protection level
C:\gh\azure-sdk-for-net\sdk\extensions\Microsoft.Extensions.Azure\tests\LogForwarderTests.cs(55,43): error CS0246: The type or namespace name 'EventId' could not be found (are you missing a using directive or an assembly reference?)
C:\gh\azure-sdk-for-net\sdk\extensions\Microsoft.Extensions.Azure\tests\ClientFactoryTests.cs(43,13): error CS0246: The type or namespace name 'IConfiguration' could not be found (are you missing a using directive or an assembly reference?)
C:\gh\azure-sdk-for-net\sdk\extensions\Microsoft.Extensions.Azure\tests\ClientFactoryTests.cs(46,38): error CS0122: 'ClientFactory' is inaccessible due to its protection level
C:\gh\azure-sdk-for-net\sdk\extensions\Microsoft.Extensions.Azure\tests\ClientFactoryTests.cs(48,13): error CS0103: The name 'Assert' does not exist in the current context
C:\gh\azure-sdk-for-net\sdk\extensions\Microsoft.Extensions.Azure\tests\ClientFactoryTests.cs(49,13): error CS0103: The name 'Assert' does not exist in the current context
C:\gh\azure-sdk-for-net\sdk\extensions\Microsoft.Extensions.Azure\tests\AzureClientFactoryTests.cs(34,41): error CS0246: The type or namespace name 'ServiceCollection' could not be found (are you missing a using directive or an assembly reference?)
C:\gh\azure-sdk-for-net\sdk\extensions\Microsoft.Extensions.Azure\tests\AzureClientFactoryTests.cs(35,13): error CS0518: Predefined type 'System.Void' is not defined or imported
C:\gh\azure-sdk-for-net\sdk\extensions\Microsoft.Extensions.Azure\tests\AzureClientFactoryTests.cs(37,13): error CS0246: The type or namespace name 'ServiceProvider' could not be found (are you missing a using directive or an assembly reference?)
C:\gh\azure-sdk-for-net\sdk\extensions\Microsoft.Extensions.Azure\tests\AzureClientFactoryTests.cs(40,33): error CS0518: Predefined type 'System.String' is not defined or imported
C:\gh\azure-sdk-for-net\sdk\extensions\Microsoft.Extensions.Azure\tests\AzureClientFactoryTests.cs(41,40): error CS0518: Predefined type 'System.String' is not defined or imported
C:\gh\azure-sdk-for-net\sdk\extensions\Microsoft.Extensions.Azure\tests\AzureClientFactoryTests.cs(43,13): error CS0103: The name 'Assert' does not exist in the current context
C:\gh\azure-sdk-for-net\sdk\extensions\Microsoft.Extensions.Azure\tests\AzureComponentFactoryTests.cs(40,41): error CS0246: The type or namespace name 'ServiceCollection' could not be found (are you missing a using directive or an assembly reference?)
C:\gh\azure-sdk-for-net\sdk\extensions\Microsoft.Extensions.Azure\tests\AzureComponentFactoryTests.cs(41,13): error CS0518: Predefined type 'System.Void' is not defined or imported
C:\gh\azure-sdk-for-net\sdk\extensions\Microsoft.Extensions.Azure\tests\AzureComponentFactoryTests.cs(43,13): error CS0246: The type or namespace name 'ServiceProvider' could not be found (are you missing a using directive or an assembly reference?)
C:\gh\azure-sdk-for-net\sdk\extensions\Microsoft.Extensions.Azure\tests\AzureComponentFactoryTests.cs(45,13): error CS0246: The type or namespace name 'TokenCredential' could not be found (are you missing a using directive or an assembly reference?)
C:\gh\azure-sdk-for-net\sdk\extensions\Microsoft.Extensions.Azure\tests\AzureComponentFactoryTests.cs(45,42): error CS0246: The type or namespace name 'TokenCredential' could not be found (are you missing a using directive or an assembly reference?)
C:\gh\azure-sdk-for-net\sdk\extensions\Microsoft.Extensions.Azure\tests\AzureComponentFactoryTests.cs(47,13): error CS0103: The name 'Assert' does not exist in the current context
C:\gh\azure-sdk-for-net\sdk\extensions\Microsoft.Extensions.Azure\tests\AzureComponentFactoryTests.cs(47,33): error CS0246: The type or namespace name 'ClientSecretCredential' could not be found (are you missing a using directive or an assembly reference?)
C:\gh\azure-sdk-for-net\sdk\extensions\Microsoft.Extensions.Azure\tests\AzureComponentFactoryTests.cs(48,43): error CS0246: The type or namespace name 'ClientSecretCredential' could not be found (are you missing a using directive or an assembly reference?)
C:\gh\azure-sdk-for-net\sdk\extensions\Microsoft.Extensions.Azure\tests\AzureComponentFactoryTests.cs(50,13): error CS0103: The name 'Assert' does not exist in the current context
C:\gh\azure-sdk-for-net\sdk\extensions\Microsoft.Extensions.Azure\tests\AzureComponentFactoryTests.cs(51,13): error CS0103: The name 'Assert' does not exist in the current context
C:\gh\azure-sdk-for-net\sdk\extensions\Microsoft.Extensions.Azure\tests\AzureComponentFactoryTests.cs(52,13): error CS0103: The name 'Assert' does not exist in the current context
C:\gh\azure-sdk-for-net\sdk\extensions\Microsoft.Extensions.Azure\tests\ClientFactoryTests.cs(55,13): error CS0246: The type or namespace name 'IConfiguration' could not be found (are you missing a using directive or an assembly reference?)
C:\gh\azure-sdk-for-net\sdk\extensions\Microsoft.Extensions.Azure\tests\ClientFactoryTests.cs(60,38): error CS0122: 'ClientFactory' is inaccessible due to its protection level
C:\gh\azure-sdk-for-net\sdk\extensions\Microsoft.Extensions.Azure\tests\ClientFactoryTests.cs(62,13): error CS0103: The name 'Assert' does not exist in the current context
C:\gh\azure-sdk-for-net\sdk\extensions\Microsoft.Extensions.Azure\tests\ClientFactoryTests.cs(63,13): error CS0103: The name 'Assert' does not exist in the current context
C:\gh\azure-sdk-for-net\sdk\extensions\Microsoft.Extensions.Azure\tests\ClientFactoryTests.cs(64,13): error CS0103: The name 'Assert' does not exist in the current context
C:\gh\azure-sdk-for-net\sdk\extensions\Microsoft.Extensions.Azure\tests\ClientFactoryTests.cs(70,13): error CS0246: The type or namespace name 'IConfiguration' could not be found (are you missing a using directive or an assembly reference?)
C:\gh\azure-sdk-for-net\sdk\extensions\Microsoft.Extensions.Azure\tests\ClientFactoryTests.cs(76,38): error CS0122: 'ClientFactory' is inaccessible due to its protection level
C:\gh\azure-sdk-for-net\sdk\extensions\Microsoft.Extensions.Azure\tests\ClientFactoryTests.cs(78,13): error CS0103: The name 'Assert' does not exist in the current context
C:\gh\azure-sdk-for-net\sdk\extensions\Microsoft.Extensions.Azure\tests\ClientFactoryTests.cs(79,13): error CS0103: The name 'Assert' does not exist in the current context
C:\gh\azure-sdk-for-net\sdk\extensions\Microsoft.Extensions.Azure\tests\ClientFactoryTests.cs(80,13): error CS0103: The name 'Assert' does not exist in the current context
C:\gh\azure-sdk-for-net\sdk\extensions\Microsoft.Extensions.Azure\tests\AzureClientFactoryTests.cs(49,41): error CS0246: The type or namespace name 'ServiceCollection' could not be found (are you missing a using directive or an assembly reference?)
C:\gh\azure-sdk-for-net\sdk\extensions\Microsoft.Extensions.Azure\tests\AzureClientFactoryTests.cs(50,13): error CS0518: Predefined type 'System.Void' is not defined or imported
C:\gh\azure-sdk-for-net\sdk\extensions\Microsoft.Extensions.Azure\tests\AzureClientFactoryTests.cs(53,13): error CS0246: The type or namespace name 'ServiceProvider' could not be found (are you missing a using directive or an assembly reference?)
C:\gh\azure-sdk-for-net\sdk\extensions\Microsoft.Extensions.Azure\tests\AzureClientFactoryTests.cs(56,33): error CS0518: Predefined type 'System.String' is not defined or imported
C:\gh\azure-sdk-for-net\sdk\extensions\Microsoft.Extensions.Azure\tests\AzureClientFactoryTests.cs(58,13): error CS0103: The name 'Assert' does not exist in the current context
C:\gh\azure-sdk-for-net\sdk\extensions\Microsoft.Extensions.Azure\tests\AzureClientFactoryTests.cs(59,13): error CS0103: The name 'Assert' does not exist in the current context
C:\gh\azure-sdk-for-net\sdk\extensions\Microsoft.Extensions.Azure\tests\AzureComponentFactoryTests.cs(60,41): error CS0246: The type or namespace name 'ServiceCollection' could not be found (are you missing a using directive or an assembly reference?)
C:\gh\azure-sdk-for-net\sdk\extensions\Microsoft.Extensions.Azure\tests\AzureComponentFactoryTests.cs(61,13): error CS0518: Predefined type 'System.Void' is not defined or imported
C:\gh\azure-sdk-for-net\sdk\extensions\Microsoft.Extensions.Azure\tests\AzureComponentFactoryTests.cs(63,13): error CS0246: The type or namespace name 'ServiceProvider' could not be found (are you missing a using directive or an assembly reference?)
C:\gh\azure-sdk-for-net\sdk\extensions\Microsoft.Extensions.Azure\tests\AzureComponentFactoryTests.cs(65,13): error CS0246: The type or namespace name 'TokenCredential' could not be found (are you missing a using directive or an assembly reference?)
C:\gh\azure-sdk-for-net\sdk\extensions\Microsoft.Extensions.Azure\tests\AzureComponentFactoryTests.cs(65,42): error CS0246: The type or namespace name 'TokenCredential' could not be found (are you missing a using directive or an assembly reference?)
C:\gh\azure-sdk-for-net\sdk\extensions\Microsoft.Extensions.Azure\tests\AzureComponentFactoryTests.cs(67,13): error CS0103: The name 'Assert' does not exist in the current context
C:\gh\azure-sdk-for-net\sdk\extensions\Microsoft.Extensions.Azure\tests\AzureComponentFactoryTests.cs(67,33): error CS0246: The type or namespace name 'EnvironmentCredential' could not be found (are you missing a using directive or an assembly reference?)
C:\gh\azure-sdk-for-net\sdk\extensions\Microsoft.Extensions.Azure\tests\ClientFactoryTests.cs(86,13): error CS0246: The type or namespace name 'IConfiguration' could not be found (are you missing a using directive or an assembly reference?)
C:\gh\azure-sdk-for-net\sdk\extensions\Microsoft.Extensions.Azure\tests\ClientFactoryTests.cs(90,29): error CS0103: The name 'Assert' does not exist in the current context
C:\gh\azure-sdk-for-net\sdk\extensions\Microsoft.Extensions.Azure\tests\ClientFactoryTests.cs(91,13): error CS0103: The name 'Assert' does not exist in the current context
C:\gh\azure-sdk-for-net\sdk\extensions\Microsoft.Extensions.Azure\tests\AzureComponentFactoryTests.cs(76,41): error CS0246: The type or namespace name 'ServiceCollection' could not be found (are you missing a using directive or an assembly reference?)
C:\gh\azure-sdk-for-net\sdk\extensions\Microsoft.Extensions.Azure\tests\AzureComponentFactoryTests.cs(77,13): error CS0518: Predefined type 'System.Void' is not defined or imported
C:\gh\azure-sdk-for-net\sdk\extensions\Microsoft.Extensions.Azure\tests\AzureComponentFactoryTests.cs(79,13): error CS0246: The type or namespace name 'ServiceProvider' could not be found (are you missing a using directive or an assembly reference?)
C:\gh\azure-sdk-for-net\sdk\extensions\Microsoft.Extensions.Azure\tests\AzureComponentFactoryTests.cs(81,46): error CS0518: Predefined type 'System.Object' is not defined or imported
C:\gh\azure-sdk-for-net\sdk\extensions\Microsoft.Extensions.Azure\tests\AzureComponentFactoryTests.cs(83,13): error CS0103: The name 'Assert' does not exist in the current context
C:\gh\azure-sdk-for-net\sdk\extensions\Microsoft.Extensions.Azure\tests\ClientFactoryTests.cs(97,13): error CS0246: The type or namespace name 'IConfiguration' could not be found (are you missing a using directive or an assembly reference?)
C:\gh\azure-sdk-for-net\sdk\extensions\Microsoft.Extensions.Azure\tests\ClientFactoryTests.cs(100,29): error CS0103: The name 'Assert' does not exist in the current context
C:\gh\azure-sdk-for-net\sdk\extensions\Microsoft.Extensions.Azure\tests\ClientFactoryTests.cs(101,13): error CS0103: The name 'Assert' does not exist in the current context
C:\gh\azure-sdk-for-net\sdk\extensions\Microsoft.Extensions.Azure\tests\AzureClientFactoryTests.cs(65,41): error CS0246: The type or namespace name 'ServiceCollection' could not be found (are you missing a using directive or an assembly reference?)
C:\gh\azure-sdk-for-net\sdk\extensions\Microsoft.Extensions.Azure\tests\AzureClientFactoryTests.cs(66,13): error CS0518: Predefined type 'System.Void' is not defined or imported
C:\gh\azure-sdk-for-net\sdk\extensions\Microsoft.Extensions.Azure\tests\AzureClientFactoryTests.cs(69,13): error CS0246: The type or namespace name 'ServiceProvider' could not be found (are you missing a using directive or an assembly reference?)
C:\gh\azure-sdk-for-net\sdk\extensions\Microsoft.Extensions.Azure\tests\AzureClientFactoryTests.cs(72,33): error CS0518: Predefined type 'System.String' is not defined or imported
C:\gh\azure-sdk-for-net\sdk\extensions\Microsoft.Extensions.Azure\tests\AzureClientFactoryTests.cs(74,13): error CS0103: The name 'Assert' does not exist in the current context
C:\gh\azure-sdk-for-net\sdk\extensions\Microsoft.Extensions.Azure\tests\AzureClientFactoryTests.cs(75,13): error CS0103: The name 'Assert' does not exist in the current context
C:\gh\azure-sdk-for-net\sdk\extensions\Microsoft.Extensions.Azure\tests\AzureComponentFactoryTests.cs(92,41): error CS0246: The type or namespace name 'ServiceCollection' could not be found (are you missing a using directive or an assembly reference?)
C:\gh\azure-sdk-for-net\sdk\extensions\Microsoft.Extensions.Azure\tests\AzureComponentFactoryTests.cs(93,13): error CS0518: Predefined type 'System.Void' is not defined or imported
C:\gh\azure-sdk-for-net\sdk\extensions\Microsoft.Extensions.Azure\tests\AzureComponentFactoryTests.cs(95,13): error CS0246: The type or namespace name 'ServiceProvider' could not be found (are you missing a using directive or an assembly reference?)
C:\gh\azure-sdk-for-net\sdk\extensions\Microsoft.Extensions.Azure\tests\AzureComponentFactoryTests.cs(97,60): error CS0518: Predefined type 'System.Object' is not defined or imported
C:\gh\azure-sdk-for-net\sdk\extensions\Microsoft.Extensions.Azure\tests\AzureComponentFactoryTests.cs(99,13): error CS0103: The name 'Assert' does not exist in the current context
C:\gh\azure-sdk-for-net\sdk\extensions\Microsoft.Extensions.Azure\tests\ClientFactoryTests.cs(120,13): error CS0246: The type or namespace name 'IConfiguration' could not be found (are you missing a using directive or an assembly reference?)
C:\gh\azure-sdk-for-net\sdk\extensions\Microsoft.Extensions.Azure\tests\ClientFactoryTests.cs(128,30): error CS0122: 'ClientFactory' is inaccessible due to its protection level
C:\gh\azure-sdk-for-net\sdk\extensions\Microsoft.Extensions.Azure\tests\ClientFactoryTests.cs(130,13): error CS0103: The name 'Assert' does not exist in the current context
C:\gh\azure-sdk-for-net\sdk\extensions\Microsoft.Extensions.Azure\tests\ClientFactoryTests.cs(130,33): error CS0246: The type or namespace name 'ClientCertificateCredential' could not be found (are you missing a using directive or an assembly reference?)
C:\gh\azure-sdk-for-net\sdk\extensions\Microsoft.Extensions.Azure\tests\ClientFactoryTests.cs(131,48): error CS0246: The type or namespace name 'ClientCertificateCredential' could not be found (are you missing a using directive or an assembly reference?)
C:\gh\azure-sdk-for-net\sdk\extensions\Microsoft.Extensions.Azure\tests\ClientFactoryTests.cs(133,13): error CS0103: The name 'Assert' does not exist in the current context
C:\gh\azure-sdk-for-net\sdk\extensions\Microsoft.Extensions.Azure\tests\ClientFactoryTests.cs(136,13): error CS0103: The name 'Assert' does not exist in the current context
C:\gh\azure-sdk-for-net\sdk\extensions\Microsoft.Extensions.Azure\tests\AzureComponentFactoryTests.cs(108,41): error CS0246: The type or namespace name 'ServiceCollection' could not be found (are you missing a using directive or an assembly reference?)
C:\gh\azure-sdk-for-net\sdk\extensions\Microsoft.Extensions.Azure\tests\AzureComponentFactoryTests.cs(109,13): error CS0518: Predefined type 'System.Void' is not defined or imported
C:\gh\azure-sdk-for-net\sdk\extensions\Microsoft.Extensions.Azure\tests\AzureComponentFactoryTests.cs(111,13): error CS0246: The type or namespace name 'ServiceProvider' could not be found (are you missing a using directive or an assembly reference?)
C:\gh\azure-sdk-for-net\sdk\extensions\Microsoft.Extensions.Azure\tests\AzureComponentFactoryTests.cs(113,60): error CS0518: Predefined type 'System.Object' is not defined or imported
C:\gh\azure-sdk-for-net\sdk\extensions\Microsoft.Extensions.Azure\tests\AzureComponentFactoryTests.cs(115,13): error CS0103: The name 'Assert' does not exist in the current context
C:\gh\azure-sdk-for-net\sdk\extensions\Microsoft.Extensions.Azure\tests\AzureComponentFactoryTests.cs(116,13): error CS0103: The name 'Assert' does not exist in the current context
C:\gh\azure-sdk-for-net\sdk\extensions\Microsoft.Extensions.Azure\tests\AzureClientFactoryTests.cs(81,41): error CS0246: The type or namespace name 'ServiceCollection' could not be found (are you missing a using directive or an assembly reference?)
C:\gh\azure-sdk-for-net\sdk\extensions\Microsoft.Extensions.Azure\tests\AzureClientFactoryTests.cs(82,13): error CS0518: Predefined type 'System.Void' is not defined or imported
C:\gh\azure-sdk-for-net\sdk\extensions\Microsoft.Extensions.Azure\tests\AzureClientFactoryTests.cs(83,13): error CS0518: Predefined type 'System.Void' is not defined or imported
C:\gh\azure-sdk-for-net\sdk\extensions\Microsoft.Extensions.Azure\tests\AzureClientFactoryTests.cs(85,13): error CS0246: The type or namespace name 'ServiceProvider' could not be found (are you missing a using directive or an assembly reference?)
C:\gh\azure-sdk-for-net\sdk\extensions\Microsoft.Extensions.Azure\tests\AzureClientFactoryTests.cs(88,33): error CS0518: Predefined type 'System.String' is not defined or imported
C:\gh\azure-sdk-for-net\sdk\extensions\Microsoft.Extensions.Azure\tests\AzureClientFactoryTests.cs(90,13): error CS0103: The name 'Assert' does not exist in the current context
C:\gh\azure-sdk-for-net\sdk\extensions\Microsoft.Extensions.Azure\tests\ClientFactoryTests.cs(142,13): error CS0246: The type or namespace name 'IConfiguration' could not be found (are you missing a using directive or an assembly reference?)
C:\gh\azure-sdk-for-net\sdk\extensions\Microsoft.Extensions.Azure\tests\ClientFactoryTests.cs(148,30): error CS0122: 'ClientFactory' is inaccessible due to its protection level
C:\gh\azure-sdk-for-net\sdk\extensions\Microsoft.Extensions.Azure\tests\ClientFactoryTests.cs(150,13): error CS0103: The name 'Assert' does not exist in the current context
C:\gh\azure-sdk-for-net\sdk\extensions\Microsoft.Extensions.Azure\tests\ClientFactoryTests.cs(150,33): error CS0246: The type or namespace name 'ClientSecretCredential' could not be found (are you missing a using directive or an assembly reference?)
C:\gh\azure-sdk-for-net\sdk\extensions\Microsoft.Extensions.Azure\tests\ClientFactoryTests.cs(151,43): error CS0246: The type or namespace name 'ClientSecretCredential' could not be found (are you missing a using directive or an assembly reference?)
C:\gh\azure-sdk-for-net\sdk\extensions\Microsoft.Extensions.Azure\tests\ClientFactoryTests.cs(153,13): error CS0103: The name 'Assert' does not exist in the current context
C:\gh\azure-sdk-for-net\sdk\extensions\Microsoft.Extensions.Azure\tests\ClientFactoryTests.cs(154,13): error CS0103: The name 'Assert' does not exist in the current context
C:\gh\azure-sdk-for-net\sdk\extensions\Microsoft.Extensions.Azure\tests\ClientFactoryTests.cs(155,13): error CS0103: The name 'Assert' does not exist in the current context
C:\gh\azure-sdk-for-net\sdk\extensions\Microsoft.Extensions.Azure\tests\AzureComponentFactoryTests.cs(124,41): error CS0246: The type or namespace name 'ServiceCollection' could not be found (are you missing a using directive or an assembly reference?)
C:\gh\azure-sdk-for-net\sdk\extensions\Microsoft.Extensions.Azure\tests\AzureComponentFactoryTests.cs(125,13): error CS0518: Predefined type 'System.Void' is not defined or imported
C:\gh\azure-sdk-for-net\sdk\extensions\Microsoft.Extensions.Azure\tests\AzureComponentFactoryTests.cs(127,13): error CS0246: The type or namespace name 'ServiceProvider' could not be found (are you missing a using directive or an assembly reference?)
C:\gh\azure-sdk-for-net\sdk\extensions\Microsoft.Extensions.Azure\tests\AzureComponentFactoryTests.cs(129,60): error CS0518: Predefined type 'System.Object' is not defined or imported
C:\gh\azure-sdk-for-net\sdk\extensions\Microsoft.Extensions.Azure\tests\AzureComponentFactoryTests.cs(131,13): error CS0103: The name 'Assert' does not exist in the current context
C:\gh\azure-sdk-for-net\sdk\extensions\Microsoft.Extensions.Azure\tests\AzureComponentFactoryTests.cs(131,46): error CS1061: 'TestClientOptions' does not contain a definition for 'Diagnostics' and no accessible extension method 'Diagnostics' accepting a first argument of type 'TestClientOptions' could be found (are you missing a using directive or an assembly reference?)
C:\gh\azure-sdk-for-net\sdk\extensions\Microsoft.Extensions.Azure\tests\ClientFactoryTests.cs(161,13): error CS0246: The type or namespace name 'IConfiguration' could not be found (are you missing a using directive or an assembly reference?)
C:\gh\azure-sdk-for-net\sdk\extensions\Microsoft.Extensions.Azure\tests\ClientFactoryTests.cs(164,53): error CS0122: 'ClientFactory' is inaccessible due to its protection level
C:\gh\azure-sdk-for-net\sdk\extensions\Microsoft.Extensions.Azure\tests\ClientFactoryTests.cs(166,13): error CS0103: The name 'Assert' does not exist in the current context
C:\gh\azure-sdk-for-net\sdk\extensions\Microsoft.Extensions.Azure\tests\ClientFactoryTests.cs(167,13): error CS0103: The name 'Assert' does not exist in the current context
C:\gh\azure-sdk-for-net\sdk\extensions\Microsoft.Extensions.Azure\tests\AzureComponentFactoryTests.cs(136,24): error CS0246: The type or namespace name 'ConfigurationBuilder' could not be found (are you missing a using directive or an assembly reference?)
C:\gh\azure-sdk-for-net\sdk\extensions\Microsoft.Extensions.Azure\tests\ClientFactoryTests.cs(172,24): error CS0246: The type or namespace name 'ConfigurationBuilder' could not be found (are you missing a using directive or an assembly reference?)
C:\gh\azure-sdk-for-net\sdk\extensions\Microsoft.Extensions.Azure\tests\AzureClientFactoryTests.cs(96,41): error CS0246: The type or namespace name 'ServiceCollection' could not be found (are you missing a using directive or an assembly reference?)
C:\gh\azure-sdk-for-net\sdk\extensions\Microsoft.Extensions.Azure\tests\AzureClientFactoryTests.cs(97,13): error CS0518: Predefined type 'System.Void' is not defined or imported
C:\gh\azure-sdk-for-net\sdk\extensions\Microsoft.Extensions.Azure\tests\AzureClientFactoryTests.cs(102,13): error CS0246: The type or namespace name 'ServiceProvider' could not be found (are you missing a using directive or an assembly reference?)
C:\gh\azure-sdk-for-net\sdk\extensions\Microsoft.Extensions.Azure\tests\AzureClientFactoryTests.cs(105,33): error CS0518: Predefined type 'System.String' is not defined or imported
C:\gh\azure-sdk-for-net\sdk\extensions\Microsoft.Extensions.Azure\tests\AzureClientFactoryTests.cs(106,38): error CS0518: Predefined type 'System.String' is not defined or imported
C:\gh\azure-sdk-for-net\sdk\extensions\Microsoft.Extensions.Azure\tests\AzureClientFactoryTests.cs(108,13): error CS0103: The name 'Assert' does not exist in the current context
C:\gh\azure-sdk-for-net\sdk\extensions\Microsoft.Extensions.Azure\tests\AzureClientFactoryTests.cs(109,13): error CS0103: The name 'Assert' does not exist in the current context
C:\gh\azure-sdk-for-net\sdk\extensions\Microsoft.Extensions.Azure\tests\AzureClientFactoryTests.cs(111,13): error CS0103: The name 'Assert' does not exist in the current context
C:\gh\azure-sdk-for-net\sdk\extensions\Microsoft.Extensions.Azure\tests\AzureClientFactoryTests.cs(112,13): error CS0103: The name 'Assert' does not exist in the current context
C:\gh\azure-sdk-for-net\sdk\extensions\Microsoft.Extensions.Azure\tests\AzureClientFactoryTests.cs(114,13): error CS0103: The name 'Assert' does not exist in the current context
C:\gh\azure-sdk-for-net\sdk\extensions\Microsoft.Extensions.Azure\tests\AzureClientFactoryTests.cs(121,41): error CS0246: The type or namespace name 'ServiceCollection' could not be found (are you missing a using directive or an assembly reference?)
C:\gh\azure-sdk-for-net\sdk\extensions\Microsoft.Extensions.Azure\tests\AzureClientFactoryTests.cs(122,13): error CS0518: Predefined type 'System.Void' is not defined or imported
C:\gh\azure-sdk-for-net\sdk\extensions\Microsoft.Extensions.Azure\tests\AzureClientFactoryTests.cs(124,13): error CS0246: The type or namespace name 'ServiceProvider' could not be found (are you missing a using directive or an assembly reference?)
C:\gh\azure-sdk-for-net\sdk\extensions\Microsoft.Extensions.Azure\tests\AzureClientFactoryTests.cs(127,33): error CS0518: Predefined type 'System.String' is not defined or imported
C:\gh\azure-sdk-for-net\sdk\extensions\Microsoft.Extensions.Azure\tests\AzureClientFactoryTests.cs(129,13): error CS0103: The name 'Assert' does not exist in the current context
C:\gh\azure-sdk-for-net\sdk\extensions\Microsoft.Extensions.Azure\tests\AzureClientFactoryTests.cs(130,13): error CS0103: The name 'Assert' does not exist in the current context
C:\gh\azure-sdk-for-net\sdk\extensions\Microsoft.Extensions.Azure\tests\AzureClientFactoryTests.cs(143,41): error CS0246: The type or namespace name 'ServiceCollection' could not be found (are you missing a using directive or an assembly reference?)
C:\gh\azure-sdk-for-net\sdk\extensions\Microsoft.Extensions.Azure\tests\AzureClientFactoryTests.cs(144,13): error CS0518: Predefined type 'System.Void' is not defined or imported
C:\gh\azure-sdk-for-net\sdk\extensions\Microsoft.Extensions.Azure\tests\AzureClientFactoryTests.cs(146,13): error CS0246: The type or namespace name 'ServiceProvider' could not be found (are you missing a using directive or an assembly reference?)
C:\gh\azure-sdk-for-net\sdk\extensions\Microsoft.Extensions.Azure\tests\AzureClientFactoryTests.cs(149,33): error CS0518: Predefined type 'System.String' is not defined or imported
C:\gh\azure-sdk-for-net\sdk\extensions\Microsoft.Extensions.Azure\tests\AzureClientFactoryTests.cs(151,13): error CS0103: The name 'Assert' does not exist in the current context
C:\gh\azure-sdk-for-net\sdk\extensions\Microsoft.Extensions.Azure\tests\AzureClientFactoryTests.cs(152,13): error CS0103: The name 'Assert' does not exist in the current context
C:\gh\azure-sdk-for-net\sdk\extensions\Microsoft.Extensions.Azure\tests\AzureClientFactoryTests.cs(153,13): error CS0103: The name 'Assert' does not exist in the current context
C:\gh\azure-sdk-for-net\sdk\extensions\Microsoft.Extensions.Azure\tests\AzureClientFactoryTests.cs(154,13): error CS0103: The name 'Assert' does not exist in the current context
C:\gh\azure-sdk-for-net\sdk\extensions\Microsoft.Extensions.Azure\tests\AzureClientFactoryTests.cs(160,41): error CS0246: The type or namespace name 'ServiceCollection' could not be found (are you missing a using directive or an assembly reference?)
C:\gh\azure-sdk-for-net\sdk\extensions\Microsoft.Extensions.Azure\tests\AzureClientFactoryTests.cs(161,13): error CS0518: Predefined type 'System.Void' is not defined or imported
C:\gh\azure-sdk-for-net\sdk\extensions\Microsoft.Extensions.Azure\tests\AzureClientFactoryTests.cs(163,13): error CS0246: The type or namespace name 'ServiceProvider' could not be found (are you missing a using directive or an assembly reference?)
C:\gh\azure-sdk-for-net\sdk\extensions\Microsoft.Extensions.Azure\tests\AzureClientFactoryTests.cs(165,29): error CS0103: The name 'Assert' does not exist in the current context
C:\gh\azure-sdk-for-net\sdk\extensions\Microsoft.Extensions.Azure\tests\AzureClientFactoryTests.cs(167,13): error CS0103: The name 'Assert' does not exist in the current context
C:\gh\azure-sdk-for-net\sdk\extensions\Microsoft.Extensions.Azure\tests\AzureClientFactoryTests.cs(173,41): error CS0246: The type or namespace name 'ServiceCollection' could not be found (are you missing a using directive or an assembly reference?)
C:\gh\azure-sdk-for-net\sdk\extensions\Microsoft.Extensions.Azure\tests\AzureClientFactoryTests.cs(174,13): error CS0518: Predefined type 'System.Void' is not defined or imported
C:\gh\azure-sdk-for-net\sdk\extensions\Microsoft.Extensions.Azure\tests\AzureClientFactoryTests.cs(175,13): error CS0246: The type or namespace name 'ServiceProvider' could not be found (are you missing a using directive or an assembly reference?)
C:\gh\azure-sdk-for-net\sdk\extensions\Microsoft.Extensions.Azure\tests\AzureClientFactoryTests.cs(178,29): error CS0103: The name 'Assert' does not exist in the current context
C:\gh\azure-sdk-for-net\sdk\extensions\Microsoft.Extensions.Azure\tests\AzureClientFactoryTests.cs(179,34): error CS0103: The name 'Assert' does not exist in the current context
C:\gh\azure-sdk-for-net\sdk\extensions\Microsoft.Extensions.Azure\tests\AzureClientFactoryTests.cs(181,13): error CS0103: The name 'Assert' does not exist in the current context
C:\gh\azure-sdk-for-net\sdk\extensions\Microsoft.Extensions.Azure\tests\AzureClientFactoryTests.cs(182,13): error CS0103: The name 'Assert' does not exist in the current context
C:\gh\azure-sdk-for-net\sdk\extensions\Microsoft.Extensions.Azure\tests\AzureClientFactoryTests.cs(188,41): error CS0246: The type or namespace name 'ServiceCollection' could not be found (are you missing a using directive or an assembly reference?)
C:\gh\azure-sdk-for-net\sdk\extensions\Microsoft.Extensions.Azure\tests\AzureClientFactoryTests.cs(189,13): error CS0518: Predefined type 'System.Void' is not defined or imported
C:\gh\azure-sdk-for-net\sdk\extensions\Microsoft.Extensions.Azure\tests\AzureClientFactoryTests.cs(194,13): error CS0246: The type or namespace name 'ServiceProvider' could not be found (are you missing a using directive or an assembly reference?)
C:\gh\azure-sdk-for-net\sdk\extensions\Microsoft.Extensions.Azure\tests\AzureClientFactoryTests.cs(199,13): error CS0103: The name 'Assert' does not exist in the current context
C:\gh\azure-sdk-for-net\sdk\extensions\Microsoft.Extensions.Azure\tests\AzureClientFactoryTests.cs(199,63): error CS1061: 'TestClientOptions' does not contain a definition for 'Diagnostics' and no accessible extension method 'Diagnostics' accepting a first argument of type 'TestClientOptions' could be found (are you missing a using directive or an assembly reference?)
C:\gh\azure-sdk-for-net\sdk\extensions\Microsoft.Extensions.Azure\tests\AzureClientFactoryTests.cs(200,13): error CS0103: The name 'Assert' does not exist in the current context
C:\gh\azure-sdk-for-net\sdk\extensions\Microsoft.Extensions.Azure\tests\AzureClientFactoryTests.cs(200,78): error CS1061: 'TestClientOptions' does not contain a definition for 'Diagnostics' and no accessible extension method 'Diagnostics' accepting a first argument of type 'TestClientOptions' could be found (are you missing a using directive or an assembly reference?)
C:\gh\azure-sdk-for-net\sdk\extensions\Microsoft.Extensions.Azure\tests\AzureClientFactoryTests.cs(208,41): error CS0246: The type or namespace name 'ServiceCollection' could not be found (are you missing a using directive or an assembly reference?)
C:\gh\azure-sdk-for-net\sdk\extensions\Microsoft.Extensions.Azure\tests\AzureClientFactoryTests.cs(209,13): error CS0518: Predefined type 'System.Void' is not defined or imported
C:\gh\azure-sdk-for-net\sdk\extensions\Microsoft.Extensions.Azure\tests\AzureClientFactoryTests.cs(214,13): error CS0246: The type or namespace name 'ServiceProvider' could not be found (are you missing a using directive or an assembly reference?)
C:\gh\azure-sdk-for-net\sdk\extensions\Microsoft.Extensions.Azure\tests\AzureClientFactoryTests.cs(219,13): error CS0103: The name 'Assert' does not exist in the current context
C:\gh\azure-sdk-for-net\sdk\extensions\Microsoft.Extensions.Azure\tests\AzureClientFactoryTests.cs(219,63): error CS1061: 'TestClientOptions' does not contain a definition for 'Diagnostics' and no accessible extension method 'Diagnostics' accepting a first argument of type 'TestClientOptions' could be found (are you missing a using directive or an assembly reference?)
C:\gh\azure-sdk-for-net\sdk\extensions\Microsoft.Extensions.Azure\tests\AzureClientFactoryTests.cs(220,13): error CS0103: The name 'Assert' does not exist in the current context
C:\gh\azure-sdk-for-net\sdk\extensions\Microsoft.Extensions.Azure\tests\AzureClientFactoryTests.cs(220,78): error CS1061: 'TestClientOptions' does not contain a definition for 'Diagnostics' and no accessible extension method 'Diagnostics' accepting a first argument of type 'TestClientOptions' could be found (are you missing a using directive or an assembly reference?)
C:\gh\azure-sdk-for-net\sdk\extensions\Microsoft.Extensions.Azure\tests\AzureClientFactoryTests.cs(226,41): error CS0246: The type or namespace name 'ServiceCollection' could not be found (are you missing a using directive or an assembly reference?)
C:\gh\azure-sdk-for-net\sdk\extensions\Microsoft.Extensions.Azure\tests\AzureClientFactoryTests.cs(227,13): error CS0518: Predefined type 'System.Void' is not defined or imported
C:\gh\azure-sdk-for-net\sdk\extensions\Microsoft.Extensions.Azure\tests\AzureClientFactoryTests.cs(228,13): error CS0246: The type or namespace name 'ServiceProvider' could not be found (are you missing a using directive or an assembly reference?)
C:\gh\azure-sdk-for-net\sdk\extensions\Microsoft.Extensions.Azure\tests\AzureClientFactoryTests.cs(231,13): error CS0103: The name 'Assert' does not exist in the current context
C:\gh\azure-sdk-for-net\sdk\extensions\Microsoft.Extensions.Azure\tests\AzureClientFactoryTests.cs(237,41): error CS0246: The type or namespace name 'ServiceCollection' could not be found (are you missing a using directive or an assembly reference?)
C:\gh\azure-sdk-for-net\sdk\extensions\Microsoft.Extensions.Azure\tests\AzureClientFactoryTests.cs(238,46): error CS0246: The type or namespace name 'ManagedIdentityCredential' could not be found (are you missing a using directive or an assembly reference?)
C:\gh\azure-sdk-for-net\sdk\extensions\Microsoft.Extensions.Azure\tests\AzureClientFactoryTests.cs(239,13): error CS0518: Predefined type 'System.Void' is not defined or imported
C:\gh\azure-sdk-for-net\sdk\extensions\Microsoft.Extensions.Azure\tests\AzureClientFactoryTests.cs(241,13): error CS0246: The type or namespace name 'ServiceProvider' could not be found (are you missing a using directive or an assembly reference?)
C:\gh\azure-sdk-for-net\sdk\extensions\Microsoft.Extensions.Azure\tests\AzureClientFactoryTests.cs(244,13): error CS0103: The name 'Assert' does not exist in the current context
C:\gh\azure-sdk-for-net\sdk\extensions\Microsoft.Extensions.Azure\tests\AzureClientFactoryTests.cs(250,41): error CS0246: The type or namespace name 'ServiceCollection' could not be found (are you missing a using directive or an assembly reference?)
C:\gh\azure-sdk-for-net\sdk\extensions\Microsoft.Extensions.Azure\tests\AzureClientFactoryTests.cs(251,46): error CS0246: The type or namespace name 'ManagedIdentityCredential' could not be found (are you missing a using directive or an assembly reference?)
C:\gh\azure-sdk-for-net\sdk\extensions\Microsoft.Extensions.Azure\tests\AzureClientFactoryTests.cs(252,13): error CS0518: Predefined type 'System.Void' is not defined or imported
C:\gh\azure-sdk-for-net\sdk\extensions\Microsoft.Extensions.Azure\tests\AzureClientFactoryTests.cs(257,13): error CS0246: The type or namespace name 'ServiceProvider' could not be found (are you missing a using directive or an assembly reference?)
C:\gh\azure-sdk-for-net\sdk\extensions\Microsoft.Extensions.Azure\tests\AzureClientFactoryTests.cs(260,13): error CS0103: The name 'Assert' does not exist in the current context
C:\gh\azure-sdk-for-net\sdk\extensions\Microsoft.Extensions.Azure\tests\AzureClientFactoryTests.cs(270,41): error CS0246: The type or namespace name 'ServiceCollection' could not be found (are you missing a using directive or an assembly reference?)
C:\gh\azure-sdk-for-net\sdk\extensions\Microsoft.Extensions.Azure\tests\AzureClientFactoryTests.cs(271,13): error CS0518: Predefined type 'System.Void' is not defined or imported
C:\gh\azure-sdk-for-net\sdk\extensions\Microsoft.Extensions.Azure\tests\AzureClientFactoryTests.cs(276,13): error CS0246: The type or namespace name 'ServiceProvider' could not be found (are you missing a using directive or an assembly reference?)
C:\gh\azure-sdk-for-net\sdk\extensions\Microsoft.Extensions.Azure\tests\AzureClientFactoryTests.cs(279,13): error CS0103: The name 'Assert' does not exist in the current context
C:\gh\azure-sdk-for-net\sdk\extensions\Microsoft.Extensions.Azure\tests\AzureClientFactoryTests.cs(279,33): error CS0246: The type or namespace name 'ClientSecretCredential' could not be found (are you missing a using directive or an assembly reference?)
C:\gh\azure-sdk-for-net\sdk\extensions\Microsoft.Extensions.Azure\tests\AzureClientFactoryTests.cs(280,43): error CS0246: The type or namespace name 'ClientSecretCredential' could not be found (are you missing a using directive or an assembly reference?)
C:\gh\azure-sdk-for-net\sdk\extensions\Microsoft.Extensions.Azure\tests\AzureClientFactoryTests.cs(282,13): error CS0103: The name 'Assert' does not exist in the current context
C:\gh\azure-sdk-for-net\sdk\extensions\Microsoft.Extensions.Azure\tests\AzureClientFactoryTests.cs(283,13): error CS0103: The name 'Assert' does not exist in the current context
C:\gh\azure-sdk-for-net\sdk\extensions\Microsoft.Extensions.Azure\tests\AzureClientFactoryTests.cs(284,13): error CS0103: The name 'Assert' does not exist in the current context
C:\gh\azure-sdk-for-net\sdk\extensions\Microsoft.Extensions.Azure\tests\AzureClientFactoryTests.cs(296,41): error CS0246: The type or namespace name 'ServiceCollection' could not be found (are you missing a using directive or an assembly reference?)
C:\gh\azure-sdk-for-net\sdk\extensions\Microsoft.Extensions.Azure\tests\AzureClientFactoryTests.cs(297,13): error CS0518: Predefined type 'System.Void' is not defined or imported
C:\gh\azure-sdk-for-net\sdk\extensions\Microsoft.Extensions.Azure\tests\AzureClientFactoryTests.cs(300,13): error CS0246: The type or namespace name 'ServiceProvider' could not be found (are you missing a using directive or an assembly reference?)
C:\gh\azure-sdk-for-net\sdk\extensions\Microsoft.Extensions.Azure\tests\AzureClientFactoryTests.cs(303,13): error CS0103: The name 'Assert' does not exist in the current context
C:\gh\azure-sdk-for-net\sdk\extensions\Microsoft.Extensions.Azure\tests\AzureClientFactoryTests.cs(303,33): error CS0246: The type or namespace name 'ClientSecretCredential' could not be found (are you missing a using directive or an assembly reference?)
C:\gh\azure-sdk-for-net\sdk\extensions\Microsoft.Extensions.Azure\tests\AzureClientFactoryTests.cs(304,43): error CS0246: The type or namespace name 'ClientSecretCredential' could not be found (are you missing a using directive or an assembly reference?)
C:\gh\azure-sdk-for-net\sdk\extensions\Microsoft.Extensions.Azure\tests\AzureClientFactoryTests.cs(306,13): error CS0103: The name 'Assert' does not exist in the current context
C:\gh\azure-sdk-for-net\sdk\extensions\Microsoft.Extensions.Azure\tests\AzureClientFactoryTests.cs(307,13): error CS0103: The name 'Assert' does not exist in the current context
C:\gh\azure-sdk-for-net\sdk\extensions\Microsoft.Extensions.Azure\tests\AzureClientFactoryTests.cs(308,13): error CS0103: The name 'Assert' does not exist in the current context
C:\gh\azure-sdk-for-net\sdk\extensions\Microsoft.Extensions.Azure\tests\AzureClientFactoryTests.cs(309,13): error CS0103: The name 'Assert' does not exist in the current context
C:\gh\azure-sdk-for-net\sdk\extensions\Microsoft.Extensions.Azure\tests\AzureClientFactoryTests.cs(315,41): error CS0246: The type or namespace name 'ServiceCollection' could not be found (are you missing a using directive or an assembly reference?)
C:\gh\azure-sdk-for-net\sdk\extensions\Microsoft.Extensions.Azure\tests\AzureClientFactoryTests.cs(316,13): error CS0518: Predefined type 'System.Void' is not defined or imported
C:\gh\azure-sdk-for-net\sdk\extensions\Microsoft.Extensions.Azure\tests\AzureClientFactoryTests.cs(318,13): error CS0246: The type or namespace name 'ServiceProvider' could not be found (are you missing a using directive or an assembly reference?)
C:\gh\azure-sdk-for-net\sdk\extensions\Microsoft.Extensions.Azure\tests\AzureClientFactoryTests.cs(320,13): error CS0103: The name 'Assert' does not exist in the current context
C:\gh\azure-sdk-for-net\sdk\extensions\Microsoft.Extensions.Azure\tests\AzureClientFactoryTests.cs(326,41): error CS0246: The type or namespace name 'ServiceCollection' could not be found (are you missing a using directive or an assembly reference?)
C:\gh\azure-sdk-for-net\sdk\extensions\Microsoft.Extensions.Azure\tests\AzureClientFactoryTests.cs(327,13): error CS0518: Predefined type 'System.Void' is not defined or imported
C:\gh\azure-sdk-for-net\sdk\extensions\Microsoft.Extensions.Azure\tests\AzureClientFactoryTests.cs(329,13): error CS0246: The type or namespace name 'ServiceProvider' could not be found (are you missing a using directive or an assembly reference?)
C:\gh\azure-sdk-for-net\sdk\extensions\Microsoft.Extensions.Azure\tests\AzureClientFactoryTests.cs(330,51): error CS0103: The name 'Assert' does not exist in the current context
C:\gh\azure-sdk-for-net\sdk\extensions\Microsoft.Extensions.Azure\tests\AzureClientFactoryTests.cs(331,13): error CS0103: The name 'Assert' does not exist in the current context
C:\gh\azure-sdk-for-net\sdk\extensions\Microsoft.Extensions.Azure\tests\AzureClientFactoryTests.cs(337,41): error CS0246: The type or namespace name 'ServiceCollection' could not be found (are you missing a using directive or an assembly reference?)
C:\gh\azure-sdk-for-net\sdk\extensions\Microsoft.Extensions.Azure\tests\AzureClientFactoryTests.cs(338,13): error CS0518: Predefined type 'System.Void' is not defined or imported
C:\gh\azure-sdk-for-net\sdk\extensions\Microsoft.Extensions.Azure\tests\AzureClientFactoryTests.cs(339,13): error CS0246: The type or namespace name 'ServiceProvider' could not be found (are you missing a using directive or an assembly reference?)
C:\gh\azure-sdk-for-net\sdk\extensions\Microsoft.Extensions.Azure\tests\AzureClientFactoryTests.cs(342,13): error CS0103: The name 'Assert' does not exist in the current context
C:\gh\azure-sdk-for-net\sdk\extensions\Microsoft.Extensions.Azure\tests\AzureClientFactoryTests.cs(343,13): error CS0103: The name 'Assert' does not exist in the current context
C:\gh\azure-sdk-for-net\sdk\extensions\Microsoft.Extensions.Azure\tests\AzureClientFactoryTests.cs(344,13): error CS0103: The name 'Assert' does not exist in the current context
C:\gh\azure-sdk-for-net\sdk\extensions\Microsoft.Extensions.Azure\tests\AzureClientFactoryTests.cs(350,41): error CS0246: The type or namespace name 'ServiceCollection' could not be found (are you missing a using directive or an assembly reference?)
C:\gh\azure-sdk-for-net\sdk\extensions\Microsoft.Extensions.Azure\tests\AzureClientFactoryTests.cs(351,13): error CS0518: Predefined type 'System.Void' is not defined or imported
C:\gh\azure-sdk-for-net\sdk\extensions\Microsoft.Extensions.Azure\tests\AzureClientFactoryTests.cs(352,13): error CS0246: The type or namespace name 'ServiceProvider' could not be found (are you missing a using directive or an assembly reference?)
C:\gh\azure-sdk-for-net\sdk\extensions\Microsoft.Extensions.Azure\tests\AzureClientFactoryTests.cs(355,13): error CS0103: The name 'Assert' does not exist in the current context
C:\gh\azure-sdk-for-net\sdk\extensions\Microsoft.Extensions.Azure\tests\AzureClientFactoryTests.cs(356,13): error CS0103: The name 'Assert' does not exist in the current context
C:\gh\azure-sdk-for-net\sdk\extensions\Microsoft.Extensions.Azure\tests\AzureClientFactoryTests.cs(357,13): error CS0103: The name 'Assert' does not exist in the current context
C:\gh\azure-sdk-for-net\sdk\extensions\Microsoft.Extensions.Azure\tests\AzureClientFactoryTests.cs(362,24): error CS0246: The type or namespace name 'ConfigurationBuilder' could not be found (are you missing a using directive or an assembly reference?)
C:\gh\azure-sdk-for-net\sdk\extensions\Microsoft.Extensions.Azure\tests\ClientFactoryTests.cs(7,1): hidden CS8019: Unnecessary using directive.
C:\gh\azure-sdk-for-net\artifacts\obj\Microsoft.Extensions.Azure.Tests\Debug\net461\.NETFramework,Version=v4.6.1.AssemblyAttributes.cs(2,1): hidden CS8019: Unnecessary using directive.
C:\gh\azure-sdk-for-net\sdk\extensions\Microsoft.Extensions.Azure\tests\AzureComponentFactoryTests.cs(8,1): hidden CS8019: Unnecessary using directive.
C:\gh\azure-sdk-for-net\sdk\extensions\Microsoft.Extensions.Azure\tests\ClientFactoryTests.cs(9,1): hidden CS8019: Unnecessary using directive.
C:\gh\azure-sdk-for-net\sdk\extensions\Microsoft.Extensions.Azure\tests\TestClientOptions.cs(4,1): hidden CS8019: Unnecessary using directive.
C:\gh\azure-sdk-for-net\sdk\extensions\Microsoft.Extensions.Azure\tests\LogForwarderTests.cs(9,1): hidden CS8019: Unnecessary using directive.
C:\gh\azure-sdk-for-net\artifacts\obj\Microsoft.Extensions.Azure.Tests\Debug\net461\.NETFramework,Version=v4.6.1.AssemblyAttributes.cs(3,1): hidden CS8019: Unnecessary using directive.
C:\gh\azure-sdk-for-net\sdk\extensions\Microsoft.Extensions.Azure\tests\TestClientOptionsMultipleParameters.cs(4,1): hidden CS8019: Unnecessary using directive.
C:\gh\azure-sdk-for-net\artifacts\obj\Microsoft.Extensions.Azure.Tests\Debug\net461\Microsoft.Extensions.Azure.Tests.AssemblyInfo.cs(12,1): hidden CS8019: Unnecessary using directive.
C:\gh\azure-sdk-for-net\sdk\extensions\Microsoft.Extensions.Azure\tests\AzureComponentFactoryTests.cs(5,1): hidden CS8019: Unnecessary using directive.
C:\gh\azure-sdk-for-net\sdk\extensions\Microsoft.Extensions.Azure\tests\ClientFactoryTests.cs(8,1): hidden CS8019: Unnecessary using directive.
C:\gh\azure-sdk-for-net\sdk\extensions\Microsoft.Extensions.Azure\tests\AzureComponentFactoryTests.cs(9,1): hidden CS8019: Unnecessary using directive.
C:\gh\azure-sdk-for-net\sdk\extensions\Microsoft.Extensions.Azure\tests\AzureComponentFactoryTests.cs(7,1): hidden CS8019: Unnecessary using directive.
C:\gh\azure-sdk-for-net\sdk\extensions\Microsoft.Extensions.Azure\tests\LogForwarderTests.cs(8,1): hidden CS8019: Unnecessary using directive.
C:\gh\azure-sdk-for-net\sdk\extensions\Microsoft.Extensions.Azure\tests\AzureClientFactoryTests.cs(6,1): hidden CS8019: Unnecessary using directive.
C:\gh\azure-sdk-for-net\sdk\extensions\Microsoft.Extensions.Azure\tests\AzureClientFactoryTests.cs(9,1): hidden CS8019: Unnecessary using directive.
C:\gh\azure-sdk-for-net\sdk\extensions\Microsoft.Extensions.Azure\tests\AzureClientFactoryTests.cs(10,1): hidden CS8019: Unnecessary using directive.
C:\gh\azure-sdk-for-net\sdk\extensions\Microsoft.Extensions.Azure\tests\AzureClientFactoryTests.cs(8,1): hidden CS8019: Unnecessary using directive.
C:\gh\azure-sdk-for-net\sdk\extensions\Microsoft.Extensions.Azure\tests\ClientFactoryTests.cs(10,1): hidden CS8019: Unnecessary using directive.
C:\gh\azure-sdk-for-net\artifacts\obj\Microsoft.Extensions.Azure.Tests\Debug\net461\Microsoft.Extensions.Azure.Tests.AssemblyInfo.cs(11,1): hidden CS8019: Unnecessary using directive.
