C:\gh\azure-sdk-for-net\common\Perf\Azure.Test.Perf\IPerfTest.cs(10,49): error CS0246: The type or namespace name 'IAsyncDisposable' could not be found (are you missing a using directive or an assembly reference?)
C:\gh\azure-sdk-for-net\common\Perf\Azure.Test.Perf\PerfTransport.cs(40,44): error CS0246: The type or namespace name 'HttpPipelineTransport' could not be found (are you missing a using directive or an assembly reference?)
C:\gh\azure-sdk-for-net\common\Perf\Azure.Test.Perf\PerfTransport.cs(70,36): error CS0246: The type or namespace name 'HttpMessage' could not be found (are you missing a using directive or an assembly reference?)
C:\gh\azure-sdk-for-net\common\Perf\Azure.Test.Perf\PerfTransport.cs(64,52): error CS0246: The type or namespace name 'HttpMessage' could not be found (are you missing a using directive or an assembly reference?)
C:\gh\azure-sdk-for-net\common\Perf\Azure.Test.Perf\PerfTransport.cs(64,29): error CS0246: The type or namespace name 'ValueTask' could not be found (are you missing a using directive or an assembly reference?)
C:\gh\azure-sdk-for-net\common\Perf\Azure.Test.Perf\PerfTransport.cs(42,30): error CS0246: The type or namespace name 'HttpPipelineTransport' could not be found (are you missing a using directive or an assembly reference?)
C:\gh\azure-sdk-for-net\common\Perf\Azure.Test.Perf\PerfTransport.cs(58,42): error CS0246: The type or namespace name 'HttpMessage' could not be found (are you missing a using directive or an assembly reference?)
C:\gh\azure-sdk-for-net\common\Perf\Azure.Test.Perf\PerfTest.cs(62,24): error CS0246: The type or namespace name 'ValueTask' could not be found (are you missing a using directive or an assembly reference?)
C:\gh\azure-sdk-for-net\common\Perf\Azure.Test.Perf\PerfTransport.cs(53,29): error CS0246: The type or namespace name 'Request' could not be found (are you missing a using directive or an assembly reference?)
C:\gh\azure-sdk-for-net\common\Perf\Azure.Test.Perf\PerfTransport.cs(46,39): error CS0246: The type or namespace name 'HttpPipelineTransport' could not be found (are you missing a using directive or an assembly reference?)
C:\gh\azure-sdk-for-net\common\Perf\Azure.Test.Perf\PerfTransport.cs(13,23): error CS0246: The type or namespace name 'HttpPipelineTransport' could not be found (are you missing a using directive or an assembly reference?)
C:\gh\azure-sdk-for-net\common\Perf\Azure.Test.Perf\PerfProgram.cs(25,24): error CS0246: The type or namespace name 'Channel<>' could not be found (are you missing a using directive or an assembly reference?)
C:\gh\azure-sdk-for-net\common\Perf\Azure.Test.Perf\PerfProgram.cs(25,32): error CS8179: Predefined type 'System.ValueTuple`2' is not defined or imported
C:\gh\azure-sdk-for-net\common\Perf\Azure.Test.Perf\PerfTest.cs(50,22): error CS0246: The type or namespace name 'ValueTask' could not be found (are you missing a using directive or an assembly reference?)
C:\gh\azure-sdk-for-net\common\PerfStressShared\PerfStressUtilities.cs(18,38): error CS0246: The type or namespace name 'Parser' could not be found (are you missing a using directive or an assembly reference?)
C:\gh\azure-sdk-for-net\common\Perf\Azure.Test.Perf\CountOptions.cs(4,7): error CS0246: The type or namespace name 'CommandLine' could not be found (are you missing a using directive or an assembly reference?)
C:\gh\azure-sdk-for-net\common\Perf\Azure.Test.Perf\PerfOptions.cs(4,7): error CS0246: The type or namespace name 'CommandLine' could not be found (are you missing a using directive or an assembly reference?)
C:\gh\azure-sdk-for-net\common\Perf\Azure.Test.Perf\PerfProgram.cs(5,7): error CS0246: The type or namespace name 'CommandLine' could not be found (are you missing a using directive or an assembly reference?)
C:\gh\azure-sdk-for-net\common\Perf\Azure.Test.Perf\PerfProgram.cs(12,19): error CS0234: The type or namespace name 'Json' does not exist in the namespace 'System.Text' (are you missing an assembly reference?)
C:\gh\azure-sdk-for-net\common\Perf\Azure.Test.Perf\PerfProgram.cs(14,24): error CS0234: The type or namespace name 'Channels' does not exist in the namespace 'System.Threading' (are you missing an assembly reference?)
C:\gh\azure-sdk-for-net\common\Perf\Azure.Test.Perf\PerfTransport.cs(4,13): error CS0234: The type or namespace name 'Core' does not exist in the namespace 'Azure' (are you missing an assembly reference?)
C:\gh\azure-sdk-for-net\common\Perf\Azure.Test.Perf\PerfTransport.cs(5,13): error CS0234: The type or namespace name 'Core' does not exist in the namespace 'Azure' (are you missing an assembly reference?)
C:\gh\azure-sdk-for-net\common\Perf\Azure.Test.Perf\SizeOptions.cs(4,7): error CS0246: The type or namespace name 'CommandLine' could not be found (are you missing a using directive or an assembly reference?)
C:\gh\azure-sdk-for-net\common\PerfStressShared\PerfStressUtilities.cs(4,7): error CS0246: The type or namespace name 'CommandLine' could not be found (are you missing a using directive or an assembly reference?)
C:\gh\azure-sdk-for-net\common\Perf\Azure.Test.Perf\PerfTransport.cs(53,37): error CS0115: 'PerfTransport.ChangeUriTransport.CreateRequest()': no suitable method found to override
C:\gh\azure-sdk-for-net\common\Perf\Azure.Test.Perf\PerfOptions.cs(10,10): error CS0246: The type or namespace name 'OptionAttribute' could not be found (are you missing a using directive or an assembly reference?)
C:\gh\azure-sdk-for-net\common\Perf\Azure.Test.Perf\PerfOptions.cs(10,10): error CS0246: The type or namespace name 'Option' could not be found (are you missing a using directive or an assembly reference?)
C:\gh\azure-sdk-for-net\common\Perf\Azure.Test.Perf\PerfOptions.cs(10,34): error CS0246: The type or namespace name 'Default' could not be found (are you missing a using directive or an assembly reference?)
C:\gh\azure-sdk-for-net\common\Perf\Azure.Test.Perf\PerfOptions.cs(10,48): error CS0246: The type or namespace name 'HelpText' could not be found (are you missing a using directive or an assembly reference?)
C:\gh\azure-sdk-for-net\common\Perf\Azure.Test.Perf\SizeOptions.cs(10,10): error CS0246: The type or namespace name 'OptionAttribute' could not be found (are you missing a using directive or an assembly reference?)
C:\gh\azure-sdk-for-net\common\Perf\Azure.Test.Perf\SizeOptions.cs(10,10): error CS0246: The type or namespace name 'Option' could not be found (are you missing a using directive or an assembly reference?)
C:\gh\azure-sdk-for-net\common\Perf\Azure.Test.Perf\SizeOptions.cs(10,30): error CS0246: The type or namespace name 'Default' could not be found (are you missing a using directive or an assembly reference?)
C:\gh\azure-sdk-for-net\common\Perf\Azure.Test.Perf\SizeOptions.cs(10,46): error CS0246: The type or namespace name 'HelpText' could not be found (are you missing a using directive or an assembly reference?)
C:\gh\azure-sdk-for-net\common\Perf\Azure.Test.Perf\PerfOptions.cs(13,10): error CS0246: The type or namespace name 'OptionAttribute' could not be found (are you missing a using directive or an assembly reference?)
C:\gh\azure-sdk-for-net\common\Perf\Azure.Test.Perf\PerfOptions.cs(13,10): error CS0246: The type or namespace name 'Option' could not be found (are you missing a using directive or an assembly reference?)
C:\gh\azure-sdk-for-net\common\Perf\Azure.Test.Perf\PerfOptions.cs(13,25): error CS0246: The type or namespace name 'HelpText' could not be found (are you missing a using directive or an assembly reference?)
C:\gh\azure-sdk-for-net\common\Perf\Azure.Test.Perf\PerfOptions.cs(16,10): error CS0246: The type or namespace name 'OptionAttribute' could not be found (are you missing a using directive or an assembly reference?)
C:\gh\azure-sdk-for-net\common\Perf\Azure.Test.Perf\PerfOptions.cs(16,10): error CS0246: The type or namespace name 'Option' could not be found (are you missing a using directive or an assembly reference?)
C:\gh\azure-sdk-for-net\common\Perf\Azure.Test.Perf\PerfOptions.cs(16,29): error CS0246: The type or namespace name 'HelpText' could not be found (are you missing a using directive or an assembly reference?)
C:\gh\azure-sdk-for-net\common\Perf\Azure.Test.Perf\PerfOptions.cs(19,10): error CS0246: The type or namespace name 'OptionAttribute' could not be found (are you missing a using directive or an assembly reference?)
C:\gh\azure-sdk-for-net\common\Perf\Azure.Test.Perf\PerfOptions.cs(19,10): error CS0246: The type or namespace name 'Option' could not be found (are you missing a using directive or an assembly reference?)
C:\gh\azure-sdk-for-net\common\Perf\Azure.Test.Perf\PerfOptions.cs(19,36): error CS0246: The type or namespace name 'Default' could not be found (are you missing a using directive or an assembly reference?)
C:\gh\azure-sdk-for-net\common\Perf\Azure.Test.Perf\PerfOptions.cs(19,49): error CS0246: The type or namespace name 'HelpText' could not be found (are you missing a using directive or an assembly reference?)
C:\gh\azure-sdk-for-net\common\Perf\Azure.Test.Perf\PerfOptions.cs(22,10): error CS0246: The type or namespace name 'OptionAttribute' could not be found (are you missing a using directive or an assembly reference?)
C:\gh\azure-sdk-for-net\common\Perf\Azure.Test.Perf\PerfOptions.cs(22,10): error CS0246: The type or namespace name 'Option' could not be found (are you missing a using directive or an assembly reference?)
C:\gh\azure-sdk-for-net\common\Perf\Azure.Test.Perf\PerfOptions.cs(22,35): error CS0246: The type or namespace name 'HelpText' could not be found (are you missing a using directive or an assembly reference?)
C:\gh\azure-sdk-for-net\common\Perf\Azure.Test.Perf\PerfOptions.cs(25,10): error CS0246: The type or namespace name 'OptionAttribute' could not be found (are you missing a using directive or an assembly reference?)
C:\gh\azure-sdk-for-net\common\Perf\Azure.Test.Perf\PerfOptions.cs(25,10): error CS0246: The type or namespace name 'Option' could not be found (are you missing a using directive or an assembly reference?)
C:\gh\azure-sdk-for-net\common\Perf\Azure.Test.Perf\PerfOptions.cs(25,33): error CS0246: The type or namespace name 'HelpText' could not be found (are you missing a using directive or an assembly reference?)
C:\gh\azure-sdk-for-net\common\Perf\Azure.Test.Perf\PerfOptions.cs(28,10): error CS0246: The type or namespace name 'OptionAttribute' could not be found (are you missing a using directive or an assembly reference?)
C:\gh\azure-sdk-for-net\common\Perf\Azure.Test.Perf\PerfOptions.cs(28,10): error CS0246: The type or namespace name 'Option' could not be found (are you missing a using directive or an assembly reference?)
C:\gh\azure-sdk-for-net\common\Perf\Azure.Test.Perf\PerfOptions.cs(28,31): error CS0246: The type or namespace name 'HelpText' could not be found (are you missing a using directive or an assembly reference?)
C:\gh\azure-sdk-for-net\common\Perf\Azure.Test.Perf\CountOptions.cs(10,10): error CS0246: The type or namespace name 'OptionAttribute' could not be found (are you missing a using directive or an assembly reference?)
C:\gh\azure-sdk-for-net\common\Perf\Azure.Test.Perf\CountOptions.cs(10,10): error CS0246: The type or namespace name 'Option' could not be found (are you missing a using directive or an assembly reference?)
C:\gh\azure-sdk-for-net\common\Perf\Azure.Test.Perf\CountOptions.cs(10,31): error CS0246: The type or namespace name 'Default' could not be found (are you missing a using directive or an assembly reference?)
C:\gh\azure-sdk-for-net\common\Perf\Azure.Test.Perf\CountOptions.cs(10,45): error CS0246: The type or namespace name 'HelpText' could not be found (are you missing a using directive or an assembly reference?)
C:\gh\azure-sdk-for-net\common\Perf\Azure.Test.Perf\PerfOptions.cs(31,10): error CS0246: The type or namespace name 'OptionAttribute' could not be found (are you missing a using directive or an assembly reference?)
C:\gh\azure-sdk-for-net\common\Perf\Azure.Test.Perf\PerfOptions.cs(31,10): error CS0246: The type or namespace name 'Option' could not be found (are you missing a using directive or an assembly reference?)
C:\gh\azure-sdk-for-net\common\Perf\Azure.Test.Perf\PerfOptions.cs(31,34): error CS0246: The type or namespace name 'Default' could not be found (are you missing a using directive or an assembly reference?)
C:\gh\azure-sdk-for-net\common\Perf\Azure.Test.Perf\PerfOptions.cs(31,47): error CS0246: The type or namespace name 'HelpText' could not be found (are you missing a using directive or an assembly reference?)
C:\gh\azure-sdk-for-net\common\Perf\Azure.Test.Perf\PerfOptions.cs(34,10): error CS0246: The type or namespace name 'OptionAttribute' could not be found (are you missing a using directive or an assembly reference?)
C:\gh\azure-sdk-for-net\common\Perf\Azure.Test.Perf\PerfOptions.cs(34,10): error CS0246: The type or namespace name 'Option' could not be found (are you missing a using directive or an assembly reference?)
C:\gh\azure-sdk-for-net\common\Perf\Azure.Test.Perf\PerfOptions.cs(34,25): error CS0246: The type or namespace name 'HelpText' could not be found (are you missing a using directive or an assembly reference?)
C:\gh\azure-sdk-for-net\common\Perf\Azure.Test.Perf\PerfOptions.cs(37,10): error CS0246: The type or namespace name 'OptionAttribute' could not be found (are you missing a using directive or an assembly reference?)
C:\gh\azure-sdk-for-net\common\Perf\Azure.Test.Perf\PerfOptions.cs(37,10): error CS0246: The type or namespace name 'Option' could not be found (are you missing a using directive or an assembly reference?)
C:\gh\azure-sdk-for-net\common\Perf\Azure.Test.Perf\PerfOptions.cs(37,30): error CS0246: The type or namespace name 'HelpText' could not be found (are you missing a using directive or an assembly reference?)
C:\gh\azure-sdk-for-net\common\Perf\Azure.Test.Perf\PerfOptions.cs(40,10): error CS0246: The type or namespace name 'OptionAttribute' could not be found (are you missing a using directive or an assembly reference?)
C:\gh\azure-sdk-for-net\common\Perf\Azure.Test.Perf\PerfOptions.cs(40,10): error CS0246: The type or namespace name 'Option' could not be found (are you missing a using directive or an assembly reference?)
C:\gh\azure-sdk-for-net\common\Perf\Azure.Test.Perf\PerfOptions.cs(40,36): error CS0246: The type or namespace name 'Default' could not be found (are you missing a using directive or an assembly reference?)
C:\gh\azure-sdk-for-net\common\Perf\Azure.Test.Perf\PerfOptions.cs(40,49): error CS0246: The type or namespace name 'HelpText' could not be found (are you missing a using directive or an assembly reference?)
C:\gh\azure-sdk-for-net\common\Perf\Azure.Test.Perf\PerfOptions.cs(43,10): error CS0246: The type or namespace name 'OptionAttribute' could not be found (are you missing a using directive or an assembly reference?)
C:\gh\azure-sdk-for-net\common\Perf\Azure.Test.Perf\PerfOptions.cs(43,10): error CS0246: The type or namespace name 'Option' could not be found (are you missing a using directive or an assembly reference?)
C:\gh\azure-sdk-for-net\common\Perf\Azure.Test.Perf\PerfOptions.cs(43,25): error CS0246: The type or namespace name 'HelpText' could not be found (are you missing a using directive or an assembly reference?)
C:\gh\azure-sdk-for-net\common\Perf\Azure.Test.Perf\PerfOptions.cs(46,10): error CS0246: The type or namespace name 'OptionAttribute' could not be found (are you missing a using directive or an assembly reference?)
C:\gh\azure-sdk-for-net\common\Perf\Azure.Test.Perf\PerfOptions.cs(46,10): error CS0246: The type or namespace name 'Option' could not be found (are you missing a using directive or an assembly reference?)
C:\gh\azure-sdk-for-net\common\Perf\Azure.Test.Perf\PerfOptions.cs(46,32): error CS0246: The type or namespace name 'Default' could not be found (are you missing a using directive or an assembly reference?)
C:\gh\azure-sdk-for-net\common\Perf\Azure.Test.Perf\PerfOptions.cs(46,45): error CS0246: The type or namespace name 'HelpText' could not be found (are you missing a using directive or an assembly reference?)
C:\gh\azure-sdk-for-net\common\PerfStressShared\PerfStressUtilities.cs(24,25): error CS0246: The type or namespace name 'Parser' could not be found (are you missing a using directive or an assembly reference?)
C:\gh\azure-sdk-for-net\common\PerfStressShared\PerfStressUtilities.cs(18,65): error CS0246: The type or namespace name 'Parser' could not be found (are you missing a using directive or an assembly reference?)
C:\gh\azure-sdk-for-net\common\PerfStressShared\PerfStressUtilities.cs(18,83): error CS0246: The type or namespace name 'Parser' could not be found (are you missing a using directive or an assembly reference?)
C:\gh\azure-sdk-for-net\common\Perf\Azure.Test.Perf\PerfTransport.cs(20,21): error CS0117: 'HttpClientHandler' does not contain a definition for 'ServerCertificateCustomValidationCallback'
C:\gh\azure-sdk-for-net\common\Perf\Azure.Test.Perf\PerfTransport.cs(28,43): error CS0246: The type or namespace name 'HttpClientTransport' could not be found (are you missing a using directive or an assembly reference?)
C:\gh\azure-sdk-for-net\common\Perf\Azure.Test.Perf\PerfTest.cs(50,32): error CS0161: 'PerfTest<TOptions>.DisposeAsync()': not all code paths return a value
C:\gh\azure-sdk-for-net\common\PerfStressShared\PerfStressUtilities.cs(55,39): error CS0246: The type or namespace name 'VerbAttribute' could not be found (are you missing a using directive or an assembly reference?)
C:\gh\azure-sdk-for-net\common\Perf\Azure.Test.Perf\PerfProgram.cs(79,31): error CS0103: The name 'JsonSerializer' does not exist in the current context
C:\gh\azure-sdk-for-net\common\Perf\Azure.Test.Perf\PerfProgram.cs(79,88): error CS0246: The type or namespace name 'JsonSerializerOptions' could not be found (are you missing a using directive or an assembly reference?)
C:\gh\azure-sdk-for-net\common\Perf\Azure.Test.Perf\PerfProgram.cs(170,56): error CS1061: 'IPerfTest' does not contain a definition for 'DisposeAsync' and no accessible extension method 'DisposeAsync' accepting a first argument of type 'IPerfTest' could be found (are you missing a using directive or an assembly reference?)
C:\gh\azure-sdk-for-net\common\Perf\Azure.Test.Perf\PerfProgram.cs(234,38): error CS0103: The name 'Channel' does not exist in the current context
C:\gh\azure-sdk-for-net\common\Perf\Azure.Test.Perf\PerfProgram.cs(234,62): error CS0246: The type or namespace name 'ValueTuple<,>' could not be found (are you missing a using directive or an assembly reference?)
C:\gh\azure-sdk-for-net\common\Perf\Azure.Test.Perf\PerfProgram.cs(316,35): error CS0103: The name 'JsonSerializer' does not exist in the current context
C:\gh\azure-sdk-for-net\common\Perf\Azure.Test.Perf\PerfProgram.cs(367,13): error CS8137: Cannot define a class or member that utilizes tuples because the compiler required type 'System.Runtime.CompilerServices.TupleElementNamesAttribute' cannot be found. Are you missing a reference?
C:\gh\azure-sdk-for-net\common\Perf\Azure.Test.Perf\PerfProgram.cs(367,13): error CS8179: Predefined type 'System.ValueTuple`2' is not defined or imported
C:\gh\azure-sdk-for-net\common\Perf\Azure.Test.Perf\PerfProgram.cs(367,63): error CS8179: Predefined type 'System.ValueTuple`2' is not defined or imported
C:\gh\azure-sdk-for-net\common\Perf\Azure.Test.Perf\PerfProgram.cs(421,60): error CS0103: The name 'ValueTuple' does not exist in the current context
C:\gh\azure-sdk-for-net\common\PerfStressShared\PerfStressUtilities.cs(4,1): hidden CS8019: Unnecessary using directive.
C:\gh\azure-sdk-for-net\common\Perf\Azure.Test.Perf\CountOptions.cs(4,1): hidden CS8019: Unnecessary using directive.
C:\gh\azure-sdk-for-net\common\Perf\Azure.Test.Perf\PerfTransport.cs(7,1): hidden CS8019: Unnecessary using directive.
C:\gh\azure-sdk-for-net\artifacts\obj\Azure.Test.Perf\Debug\net461\Azure.Test.Perf.AssemblyInfo.cs(11,1): hidden CS8019: Unnecessary using directive.
C:\gh\azure-sdk-for-net\common\Perf\Azure.Test.Perf\PerfProgram.cs(5,1): hidden CS8019: Unnecessary using directive.
C:\gh\azure-sdk-for-net\common\Perf\Azure.Test.Perf\PerfProgram.cs(14,1): hidden CS8019: Unnecessary using directive.
C:\gh\azure-sdk-for-net\common\Perf\Azure.Test.Perf\SizeOptions.cs(4,1): hidden CS8019: Unnecessary using directive.
C:\gh\azure-sdk-for-net\common\Perf\Azure.Test.Perf\PerfTransport.cs(5,1): hidden CS8019: Unnecessary using directive.
C:\gh\azure-sdk-for-net\common\Perf\Azure.Test.Perf\PerfProgram.cs(12,1): hidden CS8019: Unnecessary using directive.
C:\gh\azure-sdk-for-net\artifacts\obj\Azure.Test.Perf\Debug\net461\.NETFramework,Version=v4.6.1.AssemblyAttributes.cs(2,1): hidden CS8019: Unnecessary using directive.
C:\gh\azure-sdk-for-net\artifacts\obj\Azure.Test.Perf\Debug\net461\Azure.Test.Perf.AssemblyInfo.cs(12,1): hidden CS8019: Unnecessary using directive.
C:\gh\azure-sdk-for-net\artifacts\obj\Azure.Test.Perf\Debug\net461\.NETFramework,Version=v4.6.1.AssemblyAttributes.cs(3,1): hidden CS8019: Unnecessary using directive.
C:\gh\azure-sdk-for-net\common\Perf\Azure.Test.Perf\PerfTransport.cs(4,1): hidden CS8019: Unnecessary using directive.
C:\gh\azure-sdk-for-net\common\Perf\Azure.Test.Perf\PerfOptions.cs(4,1): hidden CS8019: Unnecessary using directive.
