C:\gh\azure-sdk-for-net\sdk\confluent\Microsoft.Azure.Management.Confluent\tests\Tests\ConfluentTest.cs(83,72): error CS0518: Predefined type 'System.Object' is not defined or imported
C:\gh\azure-sdk-for-net\sdk\confluent\Microsoft.Azure.Management.Confluent\tests\Tests\ConfluentTest.cs(83,72): error CS0246: The type or namespace name 'MockContext' could not be found (are you missing a using directive or an assembly reference?)
C:\gh\azure-sdk-for-net\sdk\confluent\Microsoft.Azure.Management.Confluent\tests\Tests\ConfluentTest.cs(83,17): error CS0518: Predefined type 'System.Object' is not defined or imported
C:\gh\azure-sdk-for-net\sdk\confluent\Microsoft.Azure.Management.Confluent\tests\Tests\ConfluentTest.cs(78,70): error CS0518: Predefined type 'System.Object' is not defined or imported
C:\gh\azure-sdk-for-net\sdk\confluent\Microsoft.Azure.Management.Confluent\tests\Tests\ConfluentTest.cs(78,70): error CS0246: The type or namespace name 'MockContext' could not be found (are you missing a using directive or an assembly reference?)
C:\gh\azure-sdk-for-net\sdk\confluent\Microsoft.Azure.Management.Confluent\tests\Tests\ConfluentTest.cs(78,17): error CS0518: Predefined type 'System.Object' is not defined or imported
C:\gh\azure-sdk-for-net\sdk\confluent\Microsoft.Azure.Management.Confluent\tests\Tests\ConfluentTest.cs(78,17): error CS0246: The type or namespace name 'ResourceManagementClient' could not be found (are you missing a using directive or an assembly reference?)
C:\gh\azure-sdk-for-net\sdk\confluent\Microsoft.Azure.Management.Confluent\tests\Tests\ConfluentTest.cs(76,35): error CS0518: Predefined type 'System.String' is not defined or imported
C:\gh\azure-sdk-for-net\sdk\confluent\Microsoft.Azure.Management.Confluent\tests\Tests\ConfluentTest.cs(76,17): error CS0518: Predefined type 'System.String' is not defined or imported
C:\gh\azure-sdk-for-net\sdk\confluent\Microsoft.Azure.Management.Confluent\tests\Tests\ConfluentTest.cs(70,59): error CS0518: Predefined type 'System.Object' is not defined or imported
C:\gh\azure-sdk-for-net\sdk\confluent\Microsoft.Azure.Management.Confluent\tests\Tests\ConfluentTest.cs(70,59): error CS0246: The type or namespace name 'MockContext' could not be found (are you missing a using directive or an assembly reference?)
C:\gh\azure-sdk-for-net\sdk\confluent\Microsoft.Azure.Management.Confluent\tests\Tests\ConfluentTest.cs(70,80): error CS0518: Predefined type 'System.String' is not defined or imported
C:\gh\azure-sdk-for-net\sdk\confluent\Microsoft.Azure.Management.Confluent\tests\Tests\ConfluentTest.cs(70,17): error CS0518: Predefined type 'System.Object' is not defined or imported
C:\gh\azure-sdk-for-net\sdk\confluent\Microsoft.Azure.Management.Confluent\tests\Tests\ConfluentTest.cs(70,17): error CS0246: The type or namespace name 'IPage<>' could not be found (are you missing a using directive or an assembly reference?)
C:\gh\azure-sdk-for-net\sdk\confluent\Microsoft.Azure.Management.Confluent\tests\Tests\ConfluentTest.cs(70,23): error CS0518: Predefined type 'System.Object' is not defined or imported
C:\gh\azure-sdk-for-net\sdk\confluent\Microsoft.Azure.Management.Confluent\tests\Tests\ConfluentTest.cs(64,37): error CS0518: Predefined type 'System.Object' is not defined or imported
C:\gh\azure-sdk-for-net\sdk\confluent\Microsoft.Azure.Management.Confluent\tests\Tests\ConfluentTest.cs(64,37): error CS0246: The type or namespace name 'MockContext' could not be found (are you missing a using directive or an assembly reference?)
C:\gh\azure-sdk-for-net\sdk\confluent\Microsoft.Azure.Management.Confluent\tests\Tests\ConfluentTest.cs(64,58): error CS0518: Predefined type 'System.String' is not defined or imported
C:\gh\azure-sdk-for-net\sdk\confluent\Microsoft.Azure.Management.Confluent\tests\Tests\ConfluentTest.cs(64,73): error CS0518: Predefined type 'System.String' is not defined or imported
C:\gh\azure-sdk-for-net\sdk\confluent\Microsoft.Azure.Management.Confluent\tests\Tests\ConfluentTest.cs(64,17): error CS0518: Predefined type 'System.Void' is not defined or imported
C:\gh\azure-sdk-for-net\sdk\confluent\Microsoft.Azure.Management.Confluent\tests\Tests\ConfluentTest.cs(48,53): error CS0518: Predefined type 'System.Object' is not defined or imported
C:\gh\azure-sdk-for-net\sdk\confluent\Microsoft.Azure.Management.Confluent\tests\Tests\ConfluentTest.cs(48,53): error CS0246: The type or namespace name 'MockContext' could not be found (are you missing a using directive or an assembly reference?)
C:\gh\azure-sdk-for-net\sdk\confluent\Microsoft.Azure.Management.Confluent\tests\Tests\ConfluentTest.cs(48,74): error CS0518: Predefined type 'System.String' is not defined or imported
C:\gh\azure-sdk-for-net\sdk\confluent\Microsoft.Azure.Management.Confluent\tests\Tests\ConfluentTest.cs(48,89): error CS0518: Predefined type 'System.String' is not defined or imported
C:\gh\azure-sdk-for-net\sdk\confluent\Microsoft.Azure.Management.Confluent\tests\Tests\ConfluentTest.cs(48,17): error CS0518: Predefined type 'System.Object' is not defined or imported
C:\gh\azure-sdk-for-net\sdk\confluent\Microsoft.Azure.Management.Confluent\tests\Tests\ConfluentTest.cs(42,42): error CS0518: Predefined type 'System.Object' is not defined or imported
C:\gh\azure-sdk-for-net\sdk\confluent\Microsoft.Azure.Management.Confluent\tests\Tests\ConfluentTest.cs(42,42): error CS0246: The type or namespace name 'MockContext' could not be found (are you missing a using directive or an assembly reference?)
C:\gh\azure-sdk-for-net\sdk\confluent\Microsoft.Azure.Management.Confluent\tests\Tests\ConfluentTest.cs(42,63): error CS0518: Predefined type 'System.String' is not defined or imported
C:\gh\azure-sdk-for-net\sdk\confluent\Microsoft.Azure.Management.Confluent\tests\Tests\ConfluentTest.cs(42,17): error CS0518: Predefined type 'System.Void' is not defined or imported
C:\gh\azure-sdk-for-net\sdk\confluent\Microsoft.Azure.Management.Confluent\tests\Tests\ConfluentTest.cs(31,51): error CS0518: Predefined type 'System.Object' is not defined or imported
C:\gh\azure-sdk-for-net\sdk\confluent\Microsoft.Azure.Management.Confluent\tests\Tests\ConfluentTest.cs(31,51): error CS0246: The type or namespace name 'MockContext' could not be found (are you missing a using directive or an assembly reference?)
C:\gh\azure-sdk-for-net\sdk\confluent\Microsoft.Azure.Management.Confluent\tests\Tests\ConfluentTest.cs(31,72): error CS0518: Predefined type 'System.String' is not defined or imported
C:\gh\azure-sdk-for-net\sdk\confluent\Microsoft.Azure.Management.Confluent\tests\Tests\ConfluentTest.cs(31,17): error CS0518: Predefined type 'System.Object' is not defined or imported
C:\gh\azure-sdk-for-net\sdk\confluent\Microsoft.Azure.Management.Confluent\tests\Tests\ConfluentTest.cs(31,17): error CS0246: The type or namespace name 'ResourceGroup' could not be found (are you missing a using directive or an assembly reference?)
C:\gh\azure-sdk-for-net\sdk\confluent\Microsoft.Azure.Management.Confluent\tests\Tests\ConfluentTest.cs(15,16): error CS0518: Predefined type 'System.Void' is not defined or imported
C:\gh\azure-sdk-for-net\sdk\confluent\Microsoft.Azure.Management.Confluent\tests\Tests\ConfluentTest.cs(12,18): error CS0518: Predefined type 'System.Object' is not defined or imported
C:\gh\azure-sdk-for-net\eng\mgmt\DisableTestRunParallel.cs(7,12): error CS0246: The type or namespace name 'CollectionBehaviorAttribute' could not be found (are you missing a using directive or an assembly reference?)
C:\gh\azure-sdk-for-net\eng\mgmt\DisableTestRunParallel.cs(7,12): error CS0246: The type or namespace name 'CollectionBehavior' could not be found (are you missing a using directive or an assembly reference?)
C:\gh\azure-sdk-for-net\artifacts\obj\Microsoft.Azure.Management.Confluent.Tests\Debug\netcoreapp2.0\.NETCoreApp,Version=v2.0.AssemblyAttributes.cs(4,20): error CS0400: The type or namespace name 'System' could not be found in the global namespace (are you missing an assembly reference?)
C:\gh\azure-sdk-for-net\artifacts\obj\Microsoft.Azure.Management.Confluent.Tests\Debug\netcoreapp2.0\Microsoft.Azure.Management.Confluent.Tests.AssemblyInfo.cs(14,12): error CS0246: The type or namespace name 'System' could not be found (are you missing a using directive or an assembly reference?)
C:\gh\azure-sdk-for-net\artifacts\obj\Microsoft.Azure.Management.Confluent.Tests\Debug\netcoreapp2.0\Microsoft.Azure.Management.Confluent.Tests.AssemblyInfo.cs(15,12): error CS0246: The type or namespace name 'System' could not be found (are you missing a using directive or an assembly reference?)
C:\gh\azure-sdk-for-net\artifacts\obj\Microsoft.Azure.Management.Confluent.Tests\Debug\netcoreapp2.0\Microsoft.Azure.Management.Confluent.Tests.AssemblyInfo.cs(16,12): error CS0246: The type or namespace name 'System' could not be found (are you missing a using directive or an assembly reference?)
C:\gh\azure-sdk-for-net\eng\mgmt\DisableTestRunParallel.cs(7,31): error CS0246: The type or namespace name 'DisableTestParallelization' could not be found (are you missing a using directive or an assembly reference?)
C:\gh\azure-sdk-for-net\eng\mgmt\DisableTestRunParallel.cs(7,60): error CS0518: Predefined type 'System.Boolean' is not defined or imported
C:\gh\azure-sdk-for-net\eng\mgmt\DisableTestRunParallel.cs(7,66): error CS0246: The type or namespace name 'MaxParallelThreads' could not be found (are you missing a using directive or an assembly reference?)
C:\gh\azure-sdk-for-net\eng\mgmt\DisableTestRunParallel.cs(7,87): error CS0518: Predefined type 'System.Int32' is not defined or imported
C:\gh\azure-sdk-for-net\artifacts\obj\Microsoft.Azure.Management.Confluent.Tests\Debug\netcoreapp2.0\.NETCoreApp,Version=v2.0.AssemblyAttributes.cs(4,71): error CS0518: Predefined type 'System.String' is not defined or imported
C:\gh\azure-sdk-for-net\artifacts\obj\Microsoft.Azure.Management.Confluent.Tests\Debug\netcoreapp2.0\.NETCoreApp,Version=v2.0.AssemblyAttributes.cs(4,99): error CS0246: The type or namespace name 'FrameworkDisplayName' could not be found (are you missing a using directive or an assembly reference?)
C:\gh\azure-sdk-for-net\artifacts\obj\Microsoft.Azure.Management.Confluent.Tests\Debug\netcoreapp2.0\.NETCoreApp,Version=v2.0.AssemblyAttributes.cs(4,122): error CS0518: Predefined type 'System.String' is not defined or imported
C:\gh\azure-sdk-for-net\artifacts\obj\Microsoft.Azure.Management.Confluent.Tests\Debug\netcoreapp2.0\Microsoft.Azure.Management.Confluent.Tests.AssemblyInfo.cs(14,56): error CS0518: Predefined type 'System.String' is not defined or imported
C:\gh\azure-sdk-for-net\artifacts\obj\Microsoft.Azure.Management.Confluent.Tests\Debug\netcoreapp2.0\Microsoft.Azure.Management.Confluent.Tests.AssemblyInfo.cs(14,70): error CS0518: Predefined type 'System.String' is not defined or imported
C:\gh\azure-sdk-for-net\artifacts\obj\Microsoft.Azure.Management.Confluent.Tests\Debug\netcoreapp2.0\Microsoft.Azure.Management.Confluent.Tests.AssemblyInfo.cs(15,68): error CS0518: Predefined type 'System.String' is not defined or imported
C:\gh\azure-sdk-for-net\artifacts\obj\Microsoft.Azure.Management.Confluent.Tests\Debug\netcoreapp2.0\Microsoft.Azure.Management.Confluent.Tests.AssemblyInfo.cs(16,56): error CS0518: Predefined type 'System.String' is not defined or imported
C:\gh\azure-sdk-for-net\artifacts\obj\Microsoft.Azure.Management.Confluent.Tests\Debug\netcoreapp2.0\Microsoft.Azure.Management.Confluent.Tests.AssemblyInfo.cs(16,73): error CS0518: Predefined type 'System.String' is not defined or imported
C:\gh\azure-sdk-for-net\sdk\confluent\Microsoft.Azure.Management.Confluent\tests\Tests\ConfluentTest.cs(3,34): error CS0234: The type or namespace name 'Resources' does not exist in the namespace 'Microsoft.Azure.Management' (are you missing an assembly reference?)
C:\gh\azure-sdk-for-net\sdk\confluent\Microsoft.Azure.Management.Confluent\tests\Tests\ConfluentTest.cs(4,34): error CS0234: The type or namespace name 'Resources' does not exist in the namespace 'Microsoft.Azure.Management' (are you missing an assembly reference?)
C:\gh\azure-sdk-for-net\sdk\confluent\Microsoft.Azure.Management.Confluent\tests\Tests\ConfluentTest.cs(5,17): error CS0234: The type or namespace name 'Rest' does not exist in the namespace 'Microsoft' (are you missing an assembly reference?)
C:\gh\azure-sdk-for-net\sdk\confluent\Microsoft.Azure.Management.Confluent\tests\Tests\ConfluentTest.cs(6,17): error CS0234: The type or namespace name 'Rest' does not exist in the namespace 'Microsoft' (are you missing an assembly reference?)
C:\gh\azure-sdk-for-net\sdk\confluent\Microsoft.Azure.Management.Confluent\tests\Tests\ConfluentTest.cs(7,7): error CS0246: The type or namespace name 'System' could not be found (are you missing a using directive or an assembly reference?)
C:\gh\azure-sdk-for-net\sdk\confluent\Microsoft.Azure.Management.Confluent\tests\Tests\ConfluentTest.cs(8,7): error CS0246: The type or namespace name 'Xunit' could not be found (are you missing a using directive or an assembly reference?)
C:\gh\azure-sdk-for-net\eng\mgmt\DisableTestRunParallel.cs(4,7): error CS0246: The type or namespace name 'System' could not be found (are you missing a using directive or an assembly reference?)
C:\gh\azure-sdk-for-net\eng\mgmt\DisableTestRunParallel.cs(5,7): error CS0246: The type or namespace name 'Xunit' could not be found (are you missing a using directive or an assembly reference?)
C:\gh\azure-sdk-for-net\artifacts\obj\Microsoft.Azure.Management.Confluent.Tests\Debug\netcoreapp2.0\.NETCoreApp,Version=v2.0.AssemblyAttributes.cs(2,7): error CS0246: The type or namespace name 'System' could not be found (are you missing a using directive or an assembly reference?)
C:\gh\azure-sdk-for-net\artifacts\obj\Microsoft.Azure.Management.Confluent.Tests\Debug\netcoreapp2.0\.NETCoreApp,Version=v2.0.AssemblyAttributes.cs(3,7): error CS0246: The type or namespace name 'System' could not be found (are you missing a using directive or an assembly reference?)
C:\gh\azure-sdk-for-net\artifacts\obj\Microsoft.Azure.Management.Confluent.Tests\Debug\netcoreapp2.0\Microsoft.Azure.Management.Confluent.Tests.AssemblyInfo.cs(11,7): error CS0246: The type or namespace name 'System' could not be found (are you missing a using directive or an assembly reference?)
C:\gh\azure-sdk-for-net\artifacts\obj\Microsoft.Azure.Management.Confluent.Tests\Debug\netcoreapp2.0\Microsoft.Azure.Management.Confluent.Tests.AssemblyInfo.cs(12,7): error CS0246: The type or namespace name 'System' could not be found (are you missing a using directive or an assembly reference?)
C:\gh\azure-sdk-for-net\sdk\confluent\Microsoft.Azure.Management.Confluent\tests\Tests\ConfluentTest.cs(14,10): error CS0518: Predefined type 'System.Object' is not defined or imported
C:\gh\azure-sdk-for-net\sdk\confluent\Microsoft.Azure.Management.Confluent\tests\Tests\ConfluentTest.cs(14,10): error CS0246: The type or namespace name 'FactAttribute' could not be found (are you missing a using directive or an assembly reference?)
C:\gh\azure-sdk-for-net\sdk\confluent\Microsoft.Azure.Management.Confluent\tests\Tests\ConfluentTest.cs(14,10): error CS0246: The type or namespace name 'Fact' could not be found (are you missing a using directive or an assembly reference?)
C:\gh\azure-sdk-for-net\sdk\confluent\Microsoft.Azure.Management.Confluent\tests\Tests\ConfluentTest.cs(18,31): error CS0518: Predefined type 'System.Object' is not defined or imported
C:\gh\azure-sdk-for-net\sdk\confluent\Microsoft.Azure.Management.Confluent\tests\Tests\ConfluentTest.cs(18,31): error CS0103: The name 'MockContext' does not exist in the current context
C:\gh\azure-sdk-for-net\sdk\confluent\Microsoft.Azure.Management.Confluent\tests\Tests\ConfluentTest.cs(18,49): error CS0518: Predefined type 'System.Object' is not defined or imported
C:\gh\azure-sdk-for-net\sdk\confluent\Microsoft.Azure.Management.Confluent\tests\Tests\ConfluentTest.cs(18,49): error CS0103: The name 'GetType' does not exist in the current context
C:\gh\azure-sdk-for-net\sdk\confluent\Microsoft.Azure.Management.Confluent\tests\Tests\ConfluentTest.cs(19,17): error CS0518: Predefined type 'System.String' is not defined or imported
C:\gh\azure-sdk-for-net\sdk\confluent\Microsoft.Azure.Management.Confluent\tests\Tests\ConfluentTest.cs(19,33): error CS0518: Predefined type 'System.Object' is not defined or imported
C:\gh\azure-sdk-for-net\sdk\confluent\Microsoft.Azure.Management.Confluent\tests\Tests\ConfluentTest.cs(19,44): error CS0518: Predefined type 'System.String' is not defined or imported
C:\gh\azure-sdk-for-net\sdk\confluent\Microsoft.Azure.Management.Confluent\tests\Tests\ConfluentTest.cs(20,17): error CS0518: Predefined type 'System.String' is not defined or imported
C:\gh\azure-sdk-for-net\sdk\confluent\Microsoft.Azure.Management.Confluent\tests\Tests\ConfluentTest.cs(20,39): error CS0518: Predefined type 'System.Object' is not defined or imported
C:\gh\azure-sdk-for-net\sdk\confluent\Microsoft.Azure.Management.Confluent\tests\Tests\ConfluentTest.cs(20,50): error CS0518: Predefined type 'System.String' is not defined or imported
C:\gh\azure-sdk-for-net\sdk\confluent\Microsoft.Azure.Management.Confluent\tests\Tests\ConfluentTest.cs(22,17): error CS0518: Predefined type 'System.Object' is not defined or imported
C:\gh\azure-sdk-for-net\sdk\confluent\Microsoft.Azure.Management.Confluent\tests\Tests\ConfluentTest.cs(23,17): error CS0518: Predefined type 'System.Object' is not defined or imported
C:\gh\azure-sdk-for-net\sdk\confluent\Microsoft.Azure.Management.Confluent\tests\Tests\ConfluentTest.cs(23,43): error CS0518: Predefined type 'System.Object' is not defined or imported
C:\gh\azure-sdk-for-net\sdk\confluent\Microsoft.Azure.Management.Confluent\tests\Tests\ConfluentTest.cs(24,17): error CS0518: Predefined type 'System.Object' is not defined or imported
C:\gh\azure-sdk-for-net\sdk\confluent\Microsoft.Azure.Management.Confluent\tests\Tests\ConfluentTest.cs(24,17): error CS0103: The name 'Assert' does not exist in the current context
C:\gh\azure-sdk-for-net\sdk\confluent\Microsoft.Azure.Management.Confluent\tests\Tests\ConfluentTest.cs(26,17): error CS0518: Predefined type 'System.Object' is not defined or imported
C:\gh\azure-sdk-for-net\sdk\confluent\Microsoft.Azure.Management.Confluent\tests\Tests\ConfluentTest.cs(27,17): error CS0518: Predefined type 'System.Object' is not defined or imported
C:\gh\azure-sdk-for-net\sdk\confluent\Microsoft.Azure.Management.Confluent\tests\Tests\ConfluentTest.cs(33,13): error CS0518: Predefined type 'System.Object' is not defined or imported
C:\gh\azure-sdk-for-net\sdk\confluent\Microsoft.Azure.Management.Confluent\tests\Tests\ConfluentTest.cs(33,13): error CS0246: The type or namespace name 'ResourceManagementClient' could not be found (are you missing a using directive or an assembly reference?)
C:\gh\azure-sdk-for-net\sdk\confluent\Microsoft.Azure.Management.Confluent\tests\Tests\ConfluentTest.cs(33,47): error CS0518: Predefined type 'System.Object' is not defined or imported
C:\gh\azure-sdk-for-net\sdk\confluent\Microsoft.Azure.Management.Confluent\tests\Tests\ConfluentTest.cs(36,21): error CS0518: Predefined type 'System.Object' is not defined or imported
C:\gh\azure-sdk-for-net\sdk\confluent\Microsoft.Azure.Management.Confluent\tests\Tests\ConfluentTest.cs(36,21): error CS0246: The type or namespace name 'ResourceGroup' could not be found (are you missing a using directive or an assembly reference?)
C:\gh\azure-sdk-for-net\sdk\confluent\Microsoft.Azure.Management.Confluent\tests\Tests\ConfluentTest.cs(38,32): error CS0518: Predefined type 'System.String' is not defined or imported
C:\gh\azure-sdk-for-net\sdk\confluent\Microsoft.Azure.Management.Confluent\tests\Tests\ConfluentTest.cs(44,13): error CS0518: Predefined type 'System.Object' is not defined or imported
C:\gh\azure-sdk-for-net\sdk\confluent\Microsoft.Azure.Management.Confluent\tests\Tests\ConfluentTest.cs(44,13): error CS0246: The type or namespace name 'ResourceManagementClient' could not be found (are you missing a using directive or an assembly reference?)
C:\gh\azure-sdk-for-net\sdk\confluent\Microsoft.Azure.Management.Confluent\tests\Tests\ConfluentTest.cs(44,47): error CS0518: Predefined type 'System.Object' is not defined or imported
C:\gh\azure-sdk-for-net\sdk\confluent\Microsoft.Azure.Management.Confluent\tests\Tests\ConfluentTest.cs(50,13): error CS0518: Predefined type 'System.Object' is not defined or imported
C:\gh\azure-sdk-for-net\sdk\confluent\Microsoft.Azure.Management.Confluent\tests\Tests\ConfluentTest.cs(50,48): error CS0518: Predefined type 'System.Object' is not defined or imported
C:\gh\azure-sdk-for-net\sdk\confluent\Microsoft.Azure.Management.Confluent\tests\Tests\ConfluentTest.cs(54,21): error CS0518: Predefined type 'System.Object' is not defined or imported
C:\gh\azure-sdk-for-net\sdk\confluent\Microsoft.Azure.Management.Confluent\tests\Tests\ConfluentTest.cs(56,27): error CS0518: Predefined type 'System.String' is not defined or imported
C:\gh\azure-sdk-for-net\sdk\confluent\Microsoft.Azure.Management.Confluent\tests\Tests\ConfluentTest.cs(57,38): error CS0518: Predefined type 'System.Object' is not defined or imported
C:\gh\azure-sdk-for-net\sdk\confluent\Microsoft.Azure.Management.Confluent\tests\Tests\ConfluentTest.cs(57,93): error CS0518: Predefined type 'System.String' is not defined or imported
C:\gh\azure-sdk-for-net\sdk\confluent\Microsoft.Azure.Management.Confluent\tests\Tests\ConfluentTest.cs(57,116): error CS0518: Predefined type 'System.String' is not defined or imported
C:\gh\azure-sdk-for-net\sdk\confluent\Microsoft.Azure.Management.Confluent\tests\Tests\ConfluentTest.cs(57,140): error CS0518: Predefined type 'System.String' is not defined or imported
C:\gh\azure-sdk-for-net\sdk\confluent\Microsoft.Azure.Management.Confluent\tests\Tests\ConfluentTest.cs(57,158): error CS0518: Predefined type 'System.String' is not defined or imported
C:\gh\azure-sdk-for-net\sdk\confluent\Microsoft.Azure.Management.Confluent\tests\Tests\ConfluentTest.cs(57,185): error CS0518: Predefined type 'System.String' is not defined or imported
C:\gh\azure-sdk-for-net\sdk\confluent\Microsoft.Azure.Management.Confluent\tests\Tests\ConfluentTest.cs(57,38): error CS0518: Predefined type 'System.Void' is not defined or imported
C:\gh\azure-sdk-for-net\sdk\confluent\Microsoft.Azure.Management.Confluent\tests\Tests\ConfluentTest.cs(58,37): error CS0518: Predefined type 'System.Object' is not defined or imported
C:\gh\azure-sdk-for-net\sdk\confluent\Microsoft.Azure.Management.Confluent\tests\Tests\ConfluentTest.cs(58,89): error CS0518: Predefined type 'System.String' is not defined or imported
C:\gh\azure-sdk-for-net\sdk\confluent\Microsoft.Azure.Management.Confluent\tests\Tests\ConfluentTest.cs(58,111): error CS0518: Predefined type 'System.String' is not defined or imported
C:\gh\azure-sdk-for-net\sdk\confluent\Microsoft.Azure.Management.Confluent\tests\Tests\ConfluentTest.cs(58,135): error CS0518: Predefined type 'System.String' is not defined or imported
C:\gh\azure-sdk-for-net\sdk\confluent\Microsoft.Azure.Management.Confluent\tests\Tests\ConfluentTest.cs(58,37): error CS0518: Predefined type 'System.Void' is not defined or imported
C:\gh\azure-sdk-for-net\sdk\confluent\Microsoft.Azure.Management.Confluent\tests\Tests\ConfluentTest.cs(59,31): error CS0518: Predefined type 'System.String' is not defined or imported
C:\gh\azure-sdk-for-net\sdk\confluent\Microsoft.Azure.Management.Confluent\tests\Tests\ConfluentTest.cs(54,21): error CS0518: Predefined type 'System.Void' is not defined or imported
C:\gh\azure-sdk-for-net\sdk\confluent\Microsoft.Azure.Management.Confluent\tests\Tests\ConfluentTest.cs(51,20): error CS0518: Predefined type 'System.String' is not defined or imported
C:\gh\azure-sdk-for-net\sdk\confluent\Microsoft.Azure.Management.Confluent\tests\Tests\ConfluentTest.cs(66,13): error CS0518: Predefined type 'System.Object' is not defined or imported
C:\gh\azure-sdk-for-net\sdk\confluent\Microsoft.Azure.Management.Confluent\tests\Tests\ConfluentTest.cs(66,48): error CS0518: Predefined type 'System.Object' is not defined or imported
C:\gh\azure-sdk-for-net\sdk\confluent\Microsoft.Azure.Management.Confluent\tests\Tests\ConfluentTest.cs(67,13): error CS0518: Predefined type 'System.Void' is not defined or imported
C:\gh\azure-sdk-for-net\sdk\confluent\Microsoft.Azure.Management.Confluent\tests\Tests\ConfluentTest.cs(72,13): error CS0518: Predefined type 'System.Object' is not defined or imported
C:\gh\azure-sdk-for-net\sdk\confluent\Microsoft.Azure.Management.Confluent\tests\Tests\ConfluentTest.cs(72,48): error CS0518: Predefined type 'System.Object' is not defined or imported
C:\gh\azure-sdk-for-net\sdk\confluent\Microsoft.Azure.Management.Confluent\tests\Tests\ConfluentTest.cs(73,20): error CS0246: The type or namespace name 'IPage<>' could not be found (are you missing a using directive or an assembly reference?)
C:\gh\azure-sdk-for-net\sdk\confluent\Microsoft.Azure.Management.Confluent\tests\Tests\ConfluentTest.cs(76,53): error CS0518: Predefined type 'System.Object' is not defined or imported
C:\gh\azure-sdk-for-net\sdk\confluent\Microsoft.Azure.Management.Confluent\tests\Tests\ConfluentTest.cs(76,53): error CS0103: The name 'TestUtilities' does not exist in the current context
C:\gh\azure-sdk-for-net\sdk\confluent\Microsoft.Azure.Management.Confluent\tests\Tests\ConfluentTest.cs(80,45): error CS0518: Predefined type 'System.Object' is not defined or imported
C:\gh\azure-sdk-for-net\sdk\confluent\Microsoft.Azure.Management.Confluent\tests\Tests\ConfluentTest.cs(80,45): error CS0246: The type or namespace name 'ResourceManagementClient' could not be found (are you missing a using directive or an assembly reference?)
C:\gh\azure-sdk-for-net\sdk\confluent\Microsoft.Azure.Management.Confluent\tests\Tests\ConfluentTest.cs(85,45): error CS0518: Predefined type 'System.Object' is not defined or imported
C:\gh\azure-sdk-for-net\sdk\confluent\Microsoft.Azure.Management.Confluent\tests\Tests\ConfluentTest.cs(12,18): error CS1729: 'object' does not contain a constructor that takes 0 arguments
C:\gh\azure-sdk-for-net\sdk\confluent\Microsoft.Azure.Management.Confluent\tests\Tests\ConfluentTest.cs(4,1): hidden CS8019: Unnecessary using directive.
C:\gh\azure-sdk-for-net\artifacts\obj\Microsoft.Azure.Management.Confluent.Tests\Debug\netcoreapp2.0\Microsoft.Azure.Management.Confluent.Tests.AssemblyInfo.cs(12,1): hidden CS8019: Unnecessary using directive.
C:\gh\azure-sdk-for-net\sdk\confluent\Microsoft.Azure.Management.Confluent\tests\Tests\ConfluentTest.cs(7,1): hidden CS8019: Unnecessary using directive.
C:\gh\azure-sdk-for-net\sdk\confluent\Microsoft.Azure.Management.Confluent\tests\Tests\ConfluentTest.cs(3,1): hidden CS8019: Unnecessary using directive.
C:\gh\azure-sdk-for-net\artifacts\obj\Microsoft.Azure.Management.Confluent.Tests\Debug\netcoreapp2.0\.NETCoreApp,Version=v2.0.AssemblyAttributes.cs(2,1): hidden CS8019: Unnecessary using directive.
C:\gh\azure-sdk-for-net\eng\mgmt\DisableTestRunParallel.cs(4,1): hidden CS8019: Unnecessary using directive.
C:\gh\azure-sdk-for-net\sdk\confluent\Microsoft.Azure.Management.Confluent\tests\Tests\ConfluentTest.cs(6,1): hidden CS8019: Unnecessary using directive.
C:\gh\azure-sdk-for-net\sdk\confluent\Microsoft.Azure.Management.Confluent\tests\Tests\ConfluentTest.cs(8,1): hidden CS8019: Unnecessary using directive.
C:\gh\azure-sdk-for-net\artifacts\obj\Microsoft.Azure.Management.Confluent.Tests\Debug\netcoreapp2.0\.NETCoreApp,Version=v2.0.AssemblyAttributes.cs(3,1): hidden CS8019: Unnecessary using directive.
C:\gh\azure-sdk-for-net\eng\mgmt\DisableTestRunParallel.cs(5,1): hidden CS8019: Unnecessary using directive.
C:\gh\azure-sdk-for-net\sdk\confluent\Microsoft.Azure.Management.Confluent\tests\Tests\ConfluentTest.cs(5,1): hidden CS8019: Unnecessary using directive.
C:\gh\azure-sdk-for-net\artifacts\obj\Microsoft.Azure.Management.Confluent.Tests\Debug\netcoreapp2.0\Microsoft.Azure.Management.Confluent.Tests.AssemblyInfo.cs(11,1): hidden CS8019: Unnecessary using directive.
