C:\gh\azure-sdk-for-net\sdk\tables\Azure.Data.Tables\tests\ExtractFailureContentTests.cs(23,24): error CS0246: The type or namespace name 'TablesClientDiagnostics' could not be found (are you missing a using directive or an assembly reference?)
C:\gh\azure-sdk-for-net\sdk\tables\Azure.Data.Tables\tests\samples\Sample1_CreateDeleteTable.cs(37,68): error CS1061: 'TableItem' does not contain a definition for 'Name' and no accessible extension method 'Name' accepting a first argument of type 'TableItem' could be found (are you missing a using directive or an assembly reference?)
C:\gh\azure-sdk-for-net\sdk\tables\Azure.Data.Tables\tests\QueryFilterTests.cs(35,28): error CS0103: The name 'TableOdataFilter' does not exist in the current context
C:\gh\azure-sdk-for-net\sdk\tables\Azure.Data.Tables\tests\QueryFilterTests.cs(36,28): error CS0103: The name 'TableOdataFilter' does not exist in the current context
C:\gh\azure-sdk-for-net\sdk\tables\Azure.Data.Tables\tests\QueryFilterTests.cs(37,28): error CS0103: The name 'TableOdataFilter' does not exist in the current context
C:\gh\azure-sdk-for-net\sdk\tables\Azure.Data.Tables\tests\QueryFilterTests.cs(38,28): error CS0103: The name 'TableOdataFilter' does not exist in the current context
C:\gh\azure-sdk-for-net\sdk\tables\Azure.Data.Tables\tests\QueryFilterTests.cs(39,28): error CS0103: The name 'TableOdataFilter' does not exist in the current context
C:\gh\azure-sdk-for-net\sdk\tables\Azure.Data.Tables\tests\QueryFilterTests.cs(40,28): error CS0103: The name 'TableOdataFilter' does not exist in the current context
C:\gh\azure-sdk-for-net\sdk\tables\Azure.Data.Tables\tests\QueryFilterTests.cs(41,28): error CS0103: The name 'TableOdataFilter' does not exist in the current context
C:\gh\azure-sdk-for-net\sdk\tables\Azure.Data.Tables\tests\QueryFilterTests.cs(42,28): error CS0103: The name 'TableOdataFilter' does not exist in the current context
C:\gh\azure-sdk-for-net\sdk\tables\Azure.Data.Tables\tests\QueryFilterTests.cs(43,28): error CS0103: The name 'TableOdataFilter' does not exist in the current context
C:\gh\azure-sdk-for-net\sdk\tables\Azure.Data.Tables\tests\QueryFilterTests.cs(44,28): error CS0103: The name 'TableOdataFilter' does not exist in the current context
C:\gh\azure-sdk-for-net\sdk\tables\Azure.Data.Tables\tests\QueryFilterTests.cs(45,28): error CS0103: The name 'TableOdataFilter' does not exist in the current context
C:\gh\azure-sdk-for-net\sdk\tables\Azure.Data.Tables\tests\QueryFilterTests.cs(46,28): error CS0103: The name 'TableOdataFilter' does not exist in the current context
C:\gh\azure-sdk-for-net\sdk\tables\Azure.Data.Tables\tests\samples\Sample1_CreateDeleteTableAsync.cs(32,68): error CS1061: 'TableItem' does not contain a definition for 'Name' and no accessible extension method 'Name' accepting a first argument of type 'TableItem' could be found (are you missing a using directive or an assembly reference?)
C:\gh\azure-sdk-for-net\sdk\tables\Azure.Data.Tables\tests\TableServiceClientLiveTests.cs(42,35): error CS1061: 'TableItem' does not contain a definition for 'Name' and no accessible extension method 'Name' accepting a first argument of type 'TableItem' could be found (are you missing a using directive or an assembly reference?)
C:\gh\azure-sdk-for-net\sdk\tables\Azure.Data.Tables\tests\TableClientLiveTests.cs(51,31): error CS1061: 'TableItem' does not contain a definition for 'Name' and no accessible extension method 'Name' accepting a first argument of type 'TableItem' could be found (are you missing a using directive or an assembly reference?)
C:\gh\azure-sdk-for-net\sdk\tables\Azure.Data.Tables\tests\TableClientTests.cs(52,47): error CS1503: Argument 1: cannot convert from 'System.Uri' to 'string'
C:\gh\azure-sdk-for-net\sdk\tables\Azure.Data.Tables\tests\TableClientTests.cs(52,57): error CS1503: Argument 2: cannot convert from 'Azure.AzureSasCredential' to 'string'
C:\gh\azure-sdk-for-net\sdk\tables\Azure.Data.Tables\tests\samples\Sample3_QueryTables.cs(40,41): error CS1061: 'TableItem' does not contain a definition for 'Name' and no accessible extension method 'Name' accepting a first argument of type 'TableItem' could be found (are you missing a using directive or an assembly reference?)
C:\gh\azure-sdk-for-net\sdk\tables\Azure.Data.Tables\tests\samples\Sample3_QueryTablesAsync.cs(38,41): error CS1061: 'TableItem' does not contain a definition for 'Name' and no accessible extension method 'Name' accepting a first argument of type 'TableItem' could be found (are you missing a using directive or an assembly reference?)
C:\gh\azure-sdk-for-net\sdk\tables\Azure.Data.Tables\tests\TableClientLiveTests.cs(68,71): error CS0103: The name 'TableOdataFilter' does not exist in the current context
C:\gh\azure-sdk-for-net\sdk\tables\Azure.Data.Tables\tests\TableClientLiveTests.cs(100,96): error CS1503: Argument 2: cannot convert from 'Azure.AzureSasCredential' to 'string'
C:\gh\azure-sdk-for-net\sdk\tables\Azure.Data.Tables\tests\TableClientLiveTests.cs(100,127): error CS1503: Argument 3: cannot convert from 'Azure.Data.Tables.TableClientOptions' to 'Azure.AzureSasCredential'
C:\gh\azure-sdk-for-net\sdk\tables\Azure.Data.Tables\tests\TableClientQueryExpressionTests.cs(40,84): error CS1061: 'TableItem' does not contain a definition for 'Name' and no accessible extension method 'Name' accepting a first argument of type 'TableItem' could be found (are you missing a using directive or an assembly reference?)
C:\gh\azure-sdk-for-net\sdk\tables\Azure.Data.Tables\tests\TableClientQueryExpressionTests.cs(43,84): error CS1061: 'TableItem' does not contain a definition for 'Name' and no accessible extension method 'Name' accepting a first argument of type 'TableItem' could be found (are you missing a using directive or an assembly reference?)
C:\gh\azure-sdk-for-net\sdk\tables\Azure.Data.Tables\tests\TableClientQueryExpressionTests.cs(46,84): error CS1061: 'TableItem' does not contain a definition for 'Name' and no accessible extension method 'Name' accepting a first argument of type 'TableItem' could be found (are you missing a using directive or an assembly reference?)
C:\gh\azure-sdk-for-net\sdk\tables\Azure.Data.Tables\tests\TableClientQueryExpressionTests.cs(49,84): error CS1061: 'TableItem' does not contain a definition for 'Name' and no accessible extension method 'Name' accepting a first argument of type 'TableItem' could be found (are you missing a using directive or an assembly reference?)
C:\gh\azure-sdk-for-net\sdk\tables\Azure.Data.Tables\tests\TableClientQueryExpressionTests.cs(50,86): error CS1061: 'TableItem' does not contain a definition for 'Name' and no accessible extension method 'Name' accepting a first argument of type 'TableItem' could be found (are you missing a using directive or an assembly reference?)
C:\gh\azure-sdk-for-net\sdk\tables\Azure.Data.Tables\tests\TableClientQueryExpressionTests.cs(50,122): error CS1061: 'TableItem' does not contain a definition for 'Name' and no accessible extension method 'Name' accepting a first argument of type 'TableItem' could be found (are you missing a using directive or an assembly reference?)
C:\gh\azure-sdk-for-net\sdk\tables\Azure.Data.Tables\tests\TableClientQueryExpressionTests.cs(53,84): error CS1061: 'TableItem' does not contain a definition for 'Name' and no accessible extension method 'Name' accepting a first argument of type 'TableItem' could be found (are you missing a using directive or an assembly reference?)
C:\gh\azure-sdk-for-net\sdk\tables\Azure.Data.Tables\tests\TableClientQueryExpressionTests.cs(56,84): error CS1061: 'TableItem' does not contain a definition for 'Name' and no accessible extension method 'Name' accepting a first argument of type 'TableItem' could be found (are you missing a using directive or an assembly reference?)
C:\gh\azure-sdk-for-net\sdk\tables\Azure.Data.Tables\tests\TableClientQueryExpressionTests.cs(56,107): error CS1061: 'TableItem' does not contain a definition for 'Name' and no accessible extension method 'Name' accepting a first argument of type 'TableItem' could be found (are you missing a using directive or an assembly reference?)
C:\gh\azure-sdk-for-net\sdk\tables\Azure.Data.Tables\tests\TableClientLiveTests.cs(148,87): error CS1503: Argument 2: cannot convert from 'Azure.AzureSasCredential' to 'string'
C:\gh\azure-sdk-for-net\sdk\tables\Azure.Data.Tables\tests\TableClientLiveTests.cs(148,118): error CS1503: Argument 3: cannot convert from 'Azure.Data.Tables.TableClientOptions' to 'Azure.AzureSasCredential'
C:\gh\azure-sdk-for-net\sdk\tables\Azure.Data.Tables\tests\samples\Sample4_QueryEntities.cs(68,85): error CS0411: The type arguments for method 'TableClient.CreateQueryFilter<T>(Expression<Func<T, bool>>)' cannot be inferred from the usage. Try specifying the type arguments explicitly.
C:\gh\azure-sdk-for-net\sdk\tables\Azure.Data.Tables\tests\TableServiceClientLiveTests.cs(231,79): error CS1061: 'TableItem' does not contain a definition for 'Name' and no accessible extension method 'Name' accepting a first argument of type 'TableItem' could be found (are you missing a using directive or an assembly reference?)
C:\gh\azure-sdk-for-net\sdk\tables\Azure.Data.Tables\tests\TableServiceClientLiveTests.cs(268,73): error CS1061: 'TableItem' does not contain a definition for 'Name' and no accessible extension method 'Name' accepting a first argument of type 'TableItem' could be found (are you missing a using directive or an assembly reference?)
C:\gh\azure-sdk-for-net\sdk\tables\Azure.Data.Tables\tests\TableServiceClientLiveTests.cs(272,79): error CS1061: 'TableItem' does not contain a definition for 'Name' and no accessible extension method 'Name' accepting a first argument of type 'TableItem' could be found (are you missing a using directive or an assembly reference?)
C:\gh\azure-sdk-for-net\sdk\tables\Azure.Data.Tables\tests\TableServiceClientLiveTests.cs(275,73): error CS1061: 'TableItem' does not contain a definition for 'Name' and no accessible extension method 'Name' accepting a first argument of type 'TableItem' could be found (are you missing a using directive or an assembly reference?)
C:\gh\azure-sdk-for-net\artifacts\obj\Azure.Data.Tables.Tests\Debug\net461\.NETFramework,Version=v4.6.1.AssemblyAttributes.cs(3,1): hidden CS8019: Unnecessary using directive.
C:\gh\azure-sdk-for-net\artifacts\obj\Azure.Data.Tables.Tests\Debug\net461\Azure.Data.Tables.Tests.AssemblyInfo.cs(11,1): hidden CS8019: Unnecessary using directive.
C:\gh\azure-sdk-for-net\artifacts\obj\Azure.Data.Tables.Tests\Debug\net461\.NETFramework,Version=v4.6.1.AssemblyAttributes.cs(2,1): hidden CS8019: Unnecessary using directive.
C:\gh\azure-sdk-for-net\sdk\tables\Azure.Data.Tables\tests\ExtractFailureContentTests.cs(8,1): hidden CS8019: Unnecessary using directive.
C:\gh\azure-sdk-for-net\artifacts\obj\Azure.Data.Tables.Tests\Debug\net461\Azure.Data.Tables.Tests.AssemblyInfo.cs(12,1): hidden CS8019: Unnecessary using directive.
