C:\gh\azure-sdk-for-net\sdk\cognitiveservices\Vision.ContentModerator\tests\Helpers\Constants.cs(566,76): error CS0246: The type or namespace name 'DelegatingHandler' could not be found (are you missing a using directive or an assembly reference?)
C:\gh\azure-sdk-for-net\sdk\cognitiveservices\Vision.ContentModerator\tests\Helpers\Constants.cs(832,86): error CS0246: The type or namespace name 'DelegatingHandler' could not be found (are you missing a using directive or an assembly reference?)
C:\gh\azure-sdk-for-net\eng\mgmt\DisableTestRunParallel.cs(7,12): error CS0246: The type or namespace name 'CollectionBehaviorAttribute' could not be found (are you missing a using directive or an assembly reference?)
C:\gh\azure-sdk-for-net\eng\mgmt\DisableTestRunParallel.cs(7,12): error CS0246: The type or namespace name 'CollectionBehavior' could not be found (are you missing a using directive or an assembly reference?)
C:\gh\azure-sdk-for-net\eng\mgmt\DisableTestRunParallel.cs(7,31): error CS0246: The type or namespace name 'DisableTestParallelization' could not be found (are you missing a using directive or an assembly reference?)
C:\gh\azure-sdk-for-net\eng\mgmt\DisableTestRunParallel.cs(7,66): error CS0246: The type or namespace name 'MaxParallelThreads' could not be found (are you missing a using directive or an assembly reference?)
C:\gh\azure-sdk-for-net\sdk\cognitiveservices\Vision.ContentModerator\tests\Data\Response.cs(6,17): error CS0234: The type or namespace name 'Rest' does not exist in the namespace 'Microsoft' (are you missing an assembly reference?)
C:\gh\azure-sdk-for-net\sdk\cognitiveservices\Vision.ContentModerator\tests\Data\ReviewResponse.cs(6,17): error CS0234: The type or namespace name 'Rest' does not exist in the namespace 'Microsoft' (are you missing an assembly reference?)
C:\gh\azure-sdk-for-net\sdk\cognitiveservices\Vision.ContentModerator\tests\Helpers\Constants.cs(6,18): error CS0234: The type or namespace name 'Http' does not exist in the namespace 'System.Net' (are you missing an assembly reference?)
C:\gh\azure-sdk-for-net\sdk\cognitiveservices\Vision.ContentModerator\tests\Helpers\Constants.cs(7,17): error CS0234: The type or namespace name 'Rest' does not exist in the namespace 'Microsoft' (are you missing an assembly reference?)
C:\gh\azure-sdk-for-net\sdk\cognitiveservices\Vision.ContentModerator\tests\Helpers\Constants.cs(14,17): error CS0234: The type or namespace name 'Rest' does not exist in the namespace 'Microsoft' (are you missing an assembly reference?)
C:\gh\azure-sdk-for-net\sdk\cognitiveservices\Vision.ContentModerator\tests\Helpers\Constants.cs(16,7): error CS0246: The type or namespace name 'Newtonsoft' could not be found (are you missing a using directive or an assembly reference?)
C:\gh\azure-sdk-for-net\sdk\cognitiveservices\Vision.ContentModerator\tests\Helpers\Utilities.cs(6,18): error CS0234: The type or namespace name 'Http' does not exist in the namespace 'System.Net' (are you missing an assembly reference?)
C:\gh\azure-sdk-for-net\sdk\cognitiveservices\Vision.ContentModerator\tests\Helpers\Utilities.cs(7,17): error CS0234: The type or namespace name 'Rest' does not exist in the namespace 'Microsoft' (are you missing an assembly reference?)
C:\gh\azure-sdk-for-net\sdk\cognitiveservices\Vision.ContentModerator\tests\Helpers\Utilities.cs(16,7): error CS0246: The type or namespace name 'Newtonsoft' could not be found (are you missing a using directive or an assembly reference?)
C:\gh\azure-sdk-for-net\sdk\cognitiveservices\Vision.ContentModerator\tests\Helpers\Utilities.cs(17,7): error CS0246: The type or namespace name 'Xunit' could not be found (are you missing a using directive or an assembly reference?)
C:\gh\azure-sdk-for-net\sdk\cognitiveservices\Vision.ContentModerator\tests\ImageListManagement.cs(2,18): error CS0234: The type or namespace name 'Http' does not exist in the namespace 'System.Net' (are you missing an assembly reference?)
C:\gh\azure-sdk-for-net\sdk\cognitiveservices\Vision.ContentModerator\tests\ImageListManagement.cs(3,17): error CS0234: The type or namespace name 'Rest' does not exist in the namespace 'Microsoft' (are you missing an assembly reference?)
C:\gh\azure-sdk-for-net\sdk\cognitiveservices\Vision.ContentModerator\tests\ImageListManagement.cs(6,7): error CS0246: The type or namespace name 'Newtonsoft' could not be found (are you missing a using directive or an assembly reference?)
C:\gh\azure-sdk-for-net\sdk\cognitiveservices\Vision.ContentModerator\tests\ImageListManagement.cs(12,7): error CS0246: The type or namespace name 'Xunit' could not be found (are you missing a using directive or an assembly reference?)
C:\gh\azure-sdk-for-net\sdk\cognitiveservices\Vision.ContentModerator\tests\ImageListManagement.cs(13,17): error CS0234: The type or namespace name 'Rest' does not exist in the namespace 'Microsoft' (are you missing an assembly reference?)
C:\gh\azure-sdk-for-net\sdk\cognitiveservices\Vision.ContentModerator\tests\ImageListManagement.cs(14,23): error CS0234: The type or namespace name 'Test' does not exist in the namespace 'Microsoft.Azure' (are you missing an assembly reference?)
C:\gh\azure-sdk-for-net\sdk\cognitiveservices\Vision.ContentModerator\tests\ImageModerator.cs(6,7): error CS0246: The type or namespace name 'Newtonsoft' could not be found (are you missing a using directive or an assembly reference?)
C:\gh\azure-sdk-for-net\sdk\cognitiveservices\Vision.ContentModerator\tests\ImageModerator.cs(7,7): error CS0246: The type or namespace name 'Newtonsoft' could not be found (are you missing a using directive or an assembly reference?)
C:\gh\azure-sdk-for-net\sdk\cognitiveservices\Vision.ContentModerator\tests\ImageModerator.cs(14,7): error CS0246: The type or namespace name 'Xunit' could not be found (are you missing a using directive or an assembly reference?)
C:\gh\azure-sdk-for-net\sdk\cognitiveservices\Vision.ContentModerator\tests\ImageModerator.cs(15,17): error CS0234: The type or namespace name 'Rest' does not exist in the namespace 'Microsoft' (are you missing an assembly reference?)
C:\gh\azure-sdk-for-net\sdk\cognitiveservices\Vision.ContentModerator\tests\ImageModerator.cs(16,23): error CS0234: The type or namespace name 'Test' does not exist in the namespace 'Microsoft.Azure' (are you missing an assembly reference?)
C:\gh\azure-sdk-for-net\sdk\cognitiveservices\Vision.ContentModerator\tests\ReviewAPIs.cs(6,7): error CS0246: The type or namespace name 'Newtonsoft' could not be found (are you missing a using directive or an assembly reference?)
C:\gh\azure-sdk-for-net\sdk\cognitiveservices\Vision.ContentModerator\tests\ReviewAPIs.cs(10,7): error CS0246: The type or namespace name 'Xunit' could not be found (are you missing a using directive or an assembly reference?)
C:\gh\azure-sdk-for-net\sdk\cognitiveservices\Vision.ContentModerator\tests\ReviewAPIs.cs(11,17): error CS0234: The type or namespace name 'Rest' does not exist in the namespace 'Microsoft' (are you missing an assembly reference?)
C:\gh\azure-sdk-for-net\sdk\cognitiveservices\Vision.ContentModerator\tests\ReviewAPIs.cs(12,23): error CS0234: The type or namespace name 'Test' does not exist in the namespace 'Microsoft.Azure' (are you missing an assembly reference?)
C:\gh\azure-sdk-for-net\sdk\cognitiveservices\Vision.ContentModerator\tests\TestBase.cs(11,7): error CS0246: The type or namespace name 'Xunit' could not be found (are you missing a using directive or an assembly reference?)
C:\gh\azure-sdk-for-net\sdk\cognitiveservices\Vision.ContentModerator\tests\TextListManagement.cs(4,7): error CS0246: The type or namespace name 'Newtonsoft' could not be found (are you missing a using directive or an assembly reference?)
C:\gh\azure-sdk-for-net\sdk\cognitiveservices\Vision.ContentModerator\tests\TextListManagement.cs(9,7): error CS0246: The type or namespace name 'Xunit' could not be found (are you missing a using directive or an assembly reference?)
C:\gh\azure-sdk-for-net\sdk\cognitiveservices\Vision.ContentModerator\tests\TextListManagement.cs(10,17): error CS0234: The type or namespace name 'Rest' does not exist in the namespace 'Microsoft' (are you missing an assembly reference?)
C:\gh\azure-sdk-for-net\sdk\cognitiveservices\Vision.ContentModerator\tests\TextListManagement.cs(11,23): error CS0234: The type or namespace name 'Test' does not exist in the namespace 'Microsoft.Azure' (are you missing an assembly reference?)
C:\gh\azure-sdk-for-net\sdk\cognitiveservices\Vision.ContentModerator\tests\TextModerator.cs(5,7): error CS0246: The type or namespace name 'Newtonsoft' could not be found (are you missing a using directive or an assembly reference?)
C:\gh\azure-sdk-for-net\sdk\cognitiveservices\Vision.ContentModerator\tests\TextModerator.cs(9,17): error CS0234: The type or namespace name 'Rest' does not exist in the namespace 'Microsoft' (are you missing an assembly reference?)
C:\gh\azure-sdk-for-net\sdk\cognitiveservices\Vision.ContentModerator\tests\TextModerator.cs(11,7): error CS0246: The type or namespace name 'Xunit' could not be found (are you missing a using directive or an assembly reference?)
C:\gh\azure-sdk-for-net\sdk\cognitiveservices\Vision.ContentModerator\tests\TextModerator.cs(12,17): error CS0234: The type or namespace name 'Rest' does not exist in the namespace 'Microsoft' (are you missing an assembly reference?)
C:\gh\azure-sdk-for-net\sdk\cognitiveservices\Vision.ContentModerator\tests\TextModerator.cs(13,23): error CS0234: The type or namespace name 'Test' does not exist in the namespace 'Microsoft.Azure' (are you missing an assembly reference?)
C:\gh\azure-sdk-for-net\eng\mgmt\DisableTestRunParallel.cs(5,7): error CS0246: The type or namespace name 'Xunit' could not be found (are you missing a using directive or an assembly reference?)
C:\gh\azure-sdk-for-net\sdk\cognitiveservices\Vision.ContentModerator\tests\TextModerator.cs(32,10): error CS0246: The type or namespace name 'FactAttribute' could not be found (are you missing a using directive or an assembly reference?)
C:\gh\azure-sdk-for-net\sdk\cognitiveservices\Vision.ContentModerator\tests\TextModerator.cs(32,10): error CS0246: The type or namespace name 'Fact' could not be found (are you missing a using directive or an assembly reference?)
C:\gh\azure-sdk-for-net\sdk\cognitiveservices\Vision.ContentModerator\tests\TextModerator.cs(32,15): error CS0246: The type or namespace name 'Skip' could not be found (are you missing a using directive or an assembly reference?)
C:\gh\azure-sdk-for-net\sdk\cognitiveservices\Vision.ContentModerator\tests\ImageModerator.cs(48,10): error CS0246: The type or namespace name 'FactAttribute' could not be found (are you missing a using directive or an assembly reference?)
C:\gh\azure-sdk-for-net\sdk\cognitiveservices\Vision.ContentModerator\tests\ImageModerator.cs(48,10): error CS0246: The type or namespace name 'Fact' could not be found (are you missing a using directive or an assembly reference?)
C:\gh\azure-sdk-for-net\sdk\cognitiveservices\Vision.ContentModerator\tests\ImageModerator.cs(48,15): error CS0246: The type or namespace name 'Skip' could not be found (are you missing a using directive or an assembly reference?)
C:\gh\azure-sdk-for-net\sdk\cognitiveservices\Vision.ContentModerator\tests\TextListManagement.cs(33,10): error CS0246: The type or namespace name 'FactAttribute' could not be found (are you missing a using directive or an assembly reference?)
C:\gh\azure-sdk-for-net\sdk\cognitiveservices\Vision.ContentModerator\tests\TextListManagement.cs(33,10): error CS0246: The type or namespace name 'Fact' could not be found (are you missing a using directive or an assembly reference?)
C:\gh\azure-sdk-for-net\sdk\cognitiveservices\Vision.ContentModerator\tests\TextListManagement.cs(33,15): error CS0246: The type or namespace name 'Skip' could not be found (are you missing a using directive or an assembly reference?)
C:\gh\azure-sdk-for-net\sdk\cognitiveservices\Vision.ContentModerator\tests\ImageModerator.cs(76,10): error CS0246: The type or namespace name 'FactAttribute' could not be found (are you missing a using directive or an assembly reference?)
C:\gh\azure-sdk-for-net\sdk\cognitiveservices\Vision.ContentModerator\tests\ImageModerator.cs(76,10): error CS0246: The type or namespace name 'Fact' could not be found (are you missing a using directive or an assembly reference?)
C:\gh\azure-sdk-for-net\sdk\cognitiveservices\Vision.ContentModerator\tests\ImageModerator.cs(76,15): error CS0246: The type or namespace name 'Skip' could not be found (are you missing a using directive or an assembly reference?)
C:\gh\azure-sdk-for-net\sdk\cognitiveservices\Vision.ContentModerator\tests\TextModerator.cs(59,10): error CS0246: The type or namespace name 'FactAttribute' could not be found (are you missing a using directive or an assembly reference?)
C:\gh\azure-sdk-for-net\sdk\cognitiveservices\Vision.ContentModerator\tests\TextModerator.cs(59,10): error CS0246: The type or namespace name 'Fact' could not be found (are you missing a using directive or an assembly reference?)
C:\gh\azure-sdk-for-net\sdk\cognitiveservices\Vision.ContentModerator\tests\TextModerator.cs(59,15): error CS0246: The type or namespace name 'Skip' could not be found (are you missing a using directive or an assembly reference?)
C:\gh\azure-sdk-for-net\sdk\cognitiveservices\Vision.ContentModerator\tests\TextListManagement.cs(60,10): error CS0246: The type or namespace name 'FactAttribute' could not be found (are you missing a using directive or an assembly reference?)
C:\gh\azure-sdk-for-net\sdk\cognitiveservices\Vision.ContentModerator\tests\TextListManagement.cs(60,10): error CS0246: The type or namespace name 'Fact' could not be found (are you missing a using directive or an assembly reference?)
C:\gh\azure-sdk-for-net\sdk\cognitiveservices\Vision.ContentModerator\tests\TextListManagement.cs(60,15): error CS0246: The type or namespace name 'Skip' could not be found (are you missing a using directive or an assembly reference?)
C:\gh\azure-sdk-for-net\sdk\cognitiveservices\Vision.ContentModerator\tests\ImageModerator.cs(107,10): error CS0246: The type or namespace name 'FactAttribute' could not be found (are you missing a using directive or an assembly reference?)
C:\gh\azure-sdk-for-net\sdk\cognitiveservices\Vision.ContentModerator\tests\ImageModerator.cs(107,10): error CS0246: The type or namespace name 'Fact' could not be found (are you missing a using directive or an assembly reference?)
C:\gh\azure-sdk-for-net\sdk\cognitiveservices\Vision.ContentModerator\tests\ImageModerator.cs(107,15): error CS0246: The type or namespace name 'Skip' could not be found (are you missing a using directive or an assembly reference?)
C:\gh\azure-sdk-for-net\sdk\cognitiveservices\Vision.ContentModerator\tests\TextModerator.cs(89,10): error CS0246: The type or namespace name 'FactAttribute' could not be found (are you missing a using directive or an assembly reference?)
C:\gh\azure-sdk-for-net\sdk\cognitiveservices\Vision.ContentModerator\tests\TextModerator.cs(89,10): error CS0246: The type or namespace name 'Fact' could not be found (are you missing a using directive or an assembly reference?)
C:\gh\azure-sdk-for-net\sdk\cognitiveservices\Vision.ContentModerator\tests\TextModerator.cs(89,15): error CS0246: The type or namespace name 'Skip' could not be found (are you missing a using directive or an assembly reference?)
C:\gh\azure-sdk-for-net\sdk\cognitiveservices\Vision.ContentModerator\tests\Data\ReviewResponse.cs(17,16): error CS0246: The type or namespace name 'HttpOperationResponse<>' could not be found (are you missing a using directive or an assembly reference?)
C:\gh\azure-sdk-for-net\sdk\cognitiveservices\Vision.ContentModerator\tests\Data\ReviewResponse.cs(18,16): error CS0246: The type or namespace name 'HttpOperationResponse<>' could not be found (are you missing a using directive or an assembly reference?)
C:\gh\azure-sdk-for-net\sdk\cognitiveservices\Vision.ContentModerator\tests\Data\ReviewResponse.cs(21,16): error CS0246: The type or namespace name 'HttpOperationResponse<>' could not be found (are you missing a using directive or an assembly reference?)
C:\gh\azure-sdk-for-net\sdk\cognitiveservices\Vision.ContentModerator\tests\Data\ReviewResponse.cs(22,16): error CS0246: The type or namespace name 'HttpOperationResponse<>' could not be found (are you missing a using directive or an assembly reference?)
C:\gh\azure-sdk-for-net\sdk\cognitiveservices\Vision.ContentModerator\tests\Data\ReviewResponse.cs(27,16): error CS0246: The type or namespace name 'HttpOperationResponse' could not be found (are you missing a using directive or an assembly reference?)
C:\gh\azure-sdk-for-net\sdk\cognitiveservices\Vision.ContentModerator\tests\TextListManagement.cs(87,10): error CS0246: The type or namespace name 'FactAttribute' could not be found (are you missing a using directive or an assembly reference?)
C:\gh\azure-sdk-for-net\sdk\cognitiveservices\Vision.ContentModerator\tests\TextListManagement.cs(87,10): error CS0246: The type or namespace name 'Fact' could not be found (are you missing a using directive or an assembly reference?)
C:\gh\azure-sdk-for-net\sdk\cognitiveservices\Vision.ContentModerator\tests\TextListManagement.cs(87,15): error CS0246: The type or namespace name 'Skip' could not be found (are you missing a using directive or an assembly reference?)
C:\gh\azure-sdk-for-net\sdk\cognitiveservices\Vision.ContentModerator\tests\Data\ReviewResponse.cs(28,16): error CS0246: The type or namespace name 'HttpOperationResponse<>' could not be found (are you missing a using directive or an assembly reference?)
C:\gh\azure-sdk-for-net\sdk\cognitiveservices\Vision.ContentModerator\tests\Data\ReviewResponse.cs(29,16): error CS0246: The type or namespace name 'HttpOperationResponse' could not be found (are you missing a using directive or an assembly reference?)
C:\gh\azure-sdk-for-net\sdk\cognitiveservices\Vision.ContentModerator\tests\Data\ReviewResponse.cs(30,16): error CS0246: The type or namespace name 'HttpOperationResponse' could not be found (are you missing a using directive or an assembly reference?)
C:\gh\azure-sdk-for-net\sdk\cognitiveservices\Vision.ContentModerator\tests\Data\ReviewResponse.cs(31,16): error CS0246: The type or namespace name 'HttpOperationResponse' could not be found (are you missing a using directive or an assembly reference?)
C:\gh\azure-sdk-for-net\sdk\cognitiveservices\Vision.ContentModerator\tests\ImageModerator.cs(138,10): error CS0246: The type or namespace name 'FactAttribute' could not be found (are you missing a using directive or an assembly reference?)
C:\gh\azure-sdk-for-net\sdk\cognitiveservices\Vision.ContentModerator\tests\ImageModerator.cs(138,10): error CS0246: The type or namespace name 'Fact' could not be found (are you missing a using directive or an assembly reference?)
C:\gh\azure-sdk-for-net\sdk\cognitiveservices\Vision.ContentModerator\tests\ImageModerator.cs(138,15): error CS0246: The type or namespace name 'Skip' could not be found (are you missing a using directive or an assembly reference?)
C:\gh\azure-sdk-for-net\sdk\cognitiveservices\Vision.ContentModerator\tests\ImageListManagement.cs(47,10): error CS0246: The type or namespace name 'FactAttribute' could not be found (are you missing a using directive or an assembly reference?)
C:\gh\azure-sdk-for-net\sdk\cognitiveservices\Vision.ContentModerator\tests\ImageListManagement.cs(47,10): error CS0246: The type or namespace name 'Fact' could not be found (are you missing a using directive or an assembly reference?)
C:\gh\azure-sdk-for-net\sdk\cognitiveservices\Vision.ContentModerator\tests\ImageListManagement.cs(47,15): error CS0246: The type or namespace name 'Skip' could not be found (are you missing a using directive or an assembly reference?)
C:\gh\azure-sdk-for-net\sdk\cognitiveservices\Vision.ContentModerator\tests\ReviewAPIs.cs(40,10): error CS0246: The type or namespace name 'FactAttribute' could not be found (are you missing a using directive or an assembly reference?)
C:\gh\azure-sdk-for-net\sdk\cognitiveservices\Vision.ContentModerator\tests\ReviewAPIs.cs(40,10): error CS0246: The type or namespace name 'Fact' could not be found (are you missing a using directive or an assembly reference?)
C:\gh\azure-sdk-for-net\sdk\cognitiveservices\Vision.ContentModerator\tests\ReviewAPIs.cs(40,15): error CS0246: The type or namespace name 'Skip' could not be found (are you missing a using directive or an assembly reference?)
C:\gh\azure-sdk-for-net\sdk\cognitiveservices\Vision.ContentModerator\tests\TextListManagement.cs(132,10): error CS0246: The type or namespace name 'FactAttribute' could not be found (are you missing a using directive or an assembly reference?)
C:\gh\azure-sdk-for-net\sdk\cognitiveservices\Vision.ContentModerator\tests\TextListManagement.cs(132,10): error CS0246: The type or namespace name 'Fact' could not be found (are you missing a using directive or an assembly reference?)
C:\gh\azure-sdk-for-net\sdk\cognitiveservices\Vision.ContentModerator\tests\TextListManagement.cs(132,15): error CS0246: The type or namespace name 'Skip' could not be found (are you missing a using directive or an assembly reference?)
C:\gh\azure-sdk-for-net\sdk\cognitiveservices\Vision.ContentModerator\tests\ImageModerator.cs(168,10): error CS0246: The type or namespace name 'FactAttribute' could not be found (are you missing a using directive or an assembly reference?)
C:\gh\azure-sdk-for-net\sdk\cognitiveservices\Vision.ContentModerator\tests\ImageModerator.cs(168,10): error CS0246: The type or namespace name 'Fact' could not be found (are you missing a using directive or an assembly reference?)
C:\gh\azure-sdk-for-net\sdk\cognitiveservices\Vision.ContentModerator\tests\ImageModerator.cs(168,15): error CS0246: The type or namespace name 'Skip' could not be found (are you missing a using directive or an assembly reference?)
C:\gh\azure-sdk-for-net\sdk\cognitiveservices\Vision.ContentModerator\tests\ReviewAPIs.cs(71,10): error CS0246: The type or namespace name 'FactAttribute' could not be found (are you missing a using directive or an assembly reference?)
C:\gh\azure-sdk-for-net\sdk\cognitiveservices\Vision.ContentModerator\tests\ReviewAPIs.cs(71,10): error CS0246: The type or namespace name 'Fact' could not be found (are you missing a using directive or an assembly reference?)
C:\gh\azure-sdk-for-net\sdk\cognitiveservices\Vision.ContentModerator\tests\ImageListManagement.cs(75,10): error CS0246: The type or namespace name 'FactAttribute' could not be found (are you missing a using directive or an assembly reference?)
C:\gh\azure-sdk-for-net\sdk\cognitiveservices\Vision.ContentModerator\tests\ImageListManagement.cs(75,10): error CS0246: The type or namespace name 'Fact' could not be found (are you missing a using directive or an assembly reference?)
C:\gh\azure-sdk-for-net\sdk\cognitiveservices\Vision.ContentModerator\tests\ImageListManagement.cs(75,15): error CS0246: The type or namespace name 'Skip' could not be found (are you missing a using directive or an assembly reference?)
C:\gh\azure-sdk-for-net\sdk\cognitiveservices\Vision.ContentModerator\tests\TextListManagement.cs(163,10): error CS0246: The type or namespace name 'FactAttribute' could not be found (are you missing a using directive or an assembly reference?)
C:\gh\azure-sdk-for-net\sdk\cognitiveservices\Vision.ContentModerator\tests\TextListManagement.cs(163,10): error CS0246: The type or namespace name 'Fact' could not be found (are you missing a using directive or an assembly reference?)
C:\gh\azure-sdk-for-net\sdk\cognitiveservices\Vision.ContentModerator\tests\TextListManagement.cs(163,15): error CS0246: The type or namespace name 'Skip' could not be found (are you missing a using directive or an assembly reference?)
C:\gh\azure-sdk-for-net\sdk\cognitiveservices\Vision.ContentModerator\tests\ImageModerator.cs(202,10): error CS0246: The type or namespace name 'FactAttribute' could not be found (are you missing a using directive or an assembly reference?)
C:\gh\azure-sdk-for-net\sdk\cognitiveservices\Vision.ContentModerator\tests\ImageModerator.cs(202,10): error CS0246: The type or namespace name 'Fact' could not be found (are you missing a using directive or an assembly reference?)
C:\gh\azure-sdk-for-net\sdk\cognitiveservices\Vision.ContentModerator\tests\ImageModerator.cs(202,15): error CS0246: The type or namespace name 'Skip' could not be found (are you missing a using directive or an assembly reference?)
C:\gh\azure-sdk-for-net\sdk\cognitiveservices\Vision.ContentModerator\tests\ReviewAPIs.cs(102,10): error CS0246: The type or namespace name 'FactAttribute' could not be found (are you missing a using directive or an assembly reference?)
C:\gh\azure-sdk-for-net\sdk\cognitiveservices\Vision.ContentModerator\tests\ReviewAPIs.cs(102,10): error CS0246: The type or namespace name 'Fact' could not be found (are you missing a using directive or an assembly reference?)
C:\gh\azure-sdk-for-net\sdk\cognitiveservices\Vision.ContentModerator\tests\ReviewAPIs.cs(102,15): error CS0246: The type or namespace name 'Skip' could not be found (are you missing a using directive or an assembly reference?)
C:\gh\azure-sdk-for-net\sdk\cognitiveservices\Vision.ContentModerator\tests\ImageListManagement.cs(104,10): error CS0246: The type or namespace name 'FactAttribute' could not be found (are you missing a using directive or an assembly reference?)
C:\gh\azure-sdk-for-net\sdk\cognitiveservices\Vision.ContentModerator\tests\ImageListManagement.cs(104,10): error CS0246: The type or namespace name 'Fact' could not be found (are you missing a using directive or an assembly reference?)
C:\gh\azure-sdk-for-net\sdk\cognitiveservices\Vision.ContentModerator\tests\ImageListManagement.cs(104,15): error CS0246: The type or namespace name 'Skip' could not be found (are you missing a using directive or an assembly reference?)
C:\gh\azure-sdk-for-net\sdk\cognitiveservices\Vision.ContentModerator\tests\TextListManagement.cs(197,10): error CS0246: The type or namespace name 'FactAttribute' could not be found (are you missing a using directive or an assembly reference?)
C:\gh\azure-sdk-for-net\sdk\cognitiveservices\Vision.ContentModerator\tests\TextListManagement.cs(197,10): error CS0246: The type or namespace name 'Fact' could not be found (are you missing a using directive or an assembly reference?)
C:\gh\azure-sdk-for-net\sdk\cognitiveservices\Vision.ContentModerator\tests\TextListManagement.cs(197,15): error CS0246: The type or namespace name 'Skip' could not be found (are you missing a using directive or an assembly reference?)
C:\gh\azure-sdk-for-net\sdk\cognitiveservices\Vision.ContentModerator\tests\ImageModerator.cs(242,10): error CS0246: The type or namespace name 'FactAttribute' could not be found (are you missing a using directive or an assembly reference?)
C:\gh\azure-sdk-for-net\sdk\cognitiveservices\Vision.ContentModerator\tests\ImageModerator.cs(242,10): error CS0246: The type or namespace name 'Fact' could not be found (are you missing a using directive or an assembly reference?)
C:\gh\azure-sdk-for-net\sdk\cognitiveservices\Vision.ContentModerator\tests\ImageModerator.cs(242,15): error CS0246: The type or namespace name 'Skip' could not be found (are you missing a using directive or an assembly reference?)
C:\gh\azure-sdk-for-net\sdk\cognitiveservices\Vision.ContentModerator\tests\ReviewAPIs.cs(140,10): error CS0246: The type or namespace name 'FactAttribute' could not be found (are you missing a using directive or an assembly reference?)
C:\gh\azure-sdk-for-net\sdk\cognitiveservices\Vision.ContentModerator\tests\ReviewAPIs.cs(140,10): error CS0246: The type or namespace name 'Fact' could not be found (are you missing a using directive or an assembly reference?)
C:\gh\azure-sdk-for-net\sdk\cognitiveservices\Vision.ContentModerator\tests\ReviewAPIs.cs(140,15): error CS0246: The type or namespace name 'Skip' could not be found (are you missing a using directive or an assembly reference?)
C:\gh\azure-sdk-for-net\sdk\cognitiveservices\Vision.ContentModerator\tests\ImageListManagement.cs(147,10): error CS0246: The type or namespace name 'FactAttribute' could not be found (are you missing a using directive or an assembly reference?)
C:\gh\azure-sdk-for-net\sdk\cognitiveservices\Vision.ContentModerator\tests\ImageListManagement.cs(147,10): error CS0246: The type or namespace name 'Fact' could not be found (are you missing a using directive or an assembly reference?)
C:\gh\azure-sdk-for-net\sdk\cognitiveservices\Vision.ContentModerator\tests\ImageListManagement.cs(147,15): error CS0246: The type or namespace name 'Skip' could not be found (are you missing a using directive or an assembly reference?)
C:\gh\azure-sdk-for-net\sdk\cognitiveservices\Vision.ContentModerator\tests\TextListManagement.cs(237,10): error CS0246: The type or namespace name 'FactAttribute' could not be found (are you missing a using directive or an assembly reference?)
C:\gh\azure-sdk-for-net\sdk\cognitiveservices\Vision.ContentModerator\tests\TextListManagement.cs(237,10): error CS0246: The type or namespace name 'Fact' could not be found (are you missing a using directive or an assembly reference?)
C:\gh\azure-sdk-for-net\sdk\cognitiveservices\Vision.ContentModerator\tests\TextListManagement.cs(237,15): error CS0246: The type or namespace name 'Skip' could not be found (are you missing a using directive or an assembly reference?)
C:\gh\azure-sdk-for-net\sdk\cognitiveservices\Vision.ContentModerator\tests\ImageModerator.cs(281,10): error CS0246: The type or namespace name 'FactAttribute' could not be found (are you missing a using directive or an assembly reference?)
C:\gh\azure-sdk-for-net\sdk\cognitiveservices\Vision.ContentModerator\tests\ImageModerator.cs(281,10): error CS0246: The type or namespace name 'Fact' could not be found (are you missing a using directive or an assembly reference?)
C:\gh\azure-sdk-for-net\sdk\cognitiveservices\Vision.ContentModerator\tests\ImageModerator.cs(281,15): error CS0246: The type or namespace name 'Skip' could not be found (are you missing a using directive or an assembly reference?)
C:\gh\azure-sdk-for-net\sdk\cognitiveservices\Vision.ContentModerator\tests\ReviewAPIs.cs(178,10): error CS0246: The type or namespace name 'FactAttribute' could not be found (are you missing a using directive or an assembly reference?)
C:\gh\azure-sdk-for-net\sdk\cognitiveservices\Vision.ContentModerator\tests\ReviewAPIs.cs(178,10): error CS0246: The type or namespace name 'Fact' could not be found (are you missing a using directive or an assembly reference?)
C:\gh\azure-sdk-for-net\sdk\cognitiveservices\Vision.ContentModerator\tests\ReviewAPIs.cs(178,15): error CS0246: The type or namespace name 'Skip' could not be found (are you missing a using directive or an assembly reference?)
C:\gh\azure-sdk-for-net\sdk\cognitiveservices\Vision.ContentModerator\tests\TextListManagement.cs(270,10): error CS0246: The type or namespace name 'FactAttribute' could not be found (are you missing a using directive or an assembly reference?)
C:\gh\azure-sdk-for-net\sdk\cognitiveservices\Vision.ContentModerator\tests\TextListManagement.cs(270,10): error CS0246: The type or namespace name 'Fact' could not be found (are you missing a using directive or an assembly reference?)
C:\gh\azure-sdk-for-net\sdk\cognitiveservices\Vision.ContentModerator\tests\TextListManagement.cs(270,15): error CS0246: The type or namespace name 'Skip' could not be found (are you missing a using directive or an assembly reference?)
C:\gh\azure-sdk-for-net\sdk\cognitiveservices\Vision.ContentModerator\tests\ImageListManagement.cs(179,10): error CS0246: The type or namespace name 'FactAttribute' could not be found (are you missing a using directive or an assembly reference?)
C:\gh\azure-sdk-for-net\sdk\cognitiveservices\Vision.ContentModerator\tests\ImageListManagement.cs(179,10): error CS0246: The type or namespace name 'Fact' could not be found (are you missing a using directive or an assembly reference?)
C:\gh\azure-sdk-for-net\sdk\cognitiveservices\Vision.ContentModerator\tests\ImageListManagement.cs(179,15): error CS0246: The type or namespace name 'Skip' could not be found (are you missing a using directive or an assembly reference?)
C:\gh\azure-sdk-for-net\sdk\cognitiveservices\Vision.ContentModerator\tests\ImageModerator.cs(318,10): error CS0246: The type or namespace name 'FactAttribute' could not be found (are you missing a using directive or an assembly reference?)
C:\gh\azure-sdk-for-net\sdk\cognitiveservices\Vision.ContentModerator\tests\ImageModerator.cs(318,10): error CS0246: The type or namespace name 'Fact' could not be found (are you missing a using directive or an assembly reference?)
C:\gh\azure-sdk-for-net\sdk\cognitiveservices\Vision.ContentModerator\tests\ImageModerator.cs(318,15): error CS0246: The type or namespace name 'Skip' could not be found (are you missing a using directive or an assembly reference?)
C:\gh\azure-sdk-for-net\sdk\cognitiveservices\Vision.ContentModerator\tests\ReviewAPIs.cs(205,10): error CS0246: The type or namespace name 'FactAttribute' could not be found (are you missing a using directive or an assembly reference?)
C:\gh\azure-sdk-for-net\sdk\cognitiveservices\Vision.ContentModerator\tests\ReviewAPIs.cs(205,10): error CS0246: The type or namespace name 'Fact' could not be found (are you missing a using directive or an assembly reference?)
C:\gh\azure-sdk-for-net\sdk\cognitiveservices\Vision.ContentModerator\tests\TextListManagement.cs(303,10): error CS0246: The type or namespace name 'FactAttribute' could not be found (are you missing a using directive or an assembly reference?)
C:\gh\azure-sdk-for-net\sdk\cognitiveservices\Vision.ContentModerator\tests\TextListManagement.cs(303,10): error CS0246: The type or namespace name 'Fact' could not be found (are you missing a using directive or an assembly reference?)
C:\gh\azure-sdk-for-net\sdk\cognitiveservices\Vision.ContentModerator\tests\TextListManagement.cs(303,15): error CS0246: The type or namespace name 'Skip' could not be found (are you missing a using directive or an assembly reference?)
C:\gh\azure-sdk-for-net\sdk\cognitiveservices\Vision.ContentModerator\tests\ImageListManagement.cs(211,10): error CS0246: The type or namespace name 'FactAttribute' could not be found (are you missing a using directive or an assembly reference?)
C:\gh\azure-sdk-for-net\sdk\cognitiveservices\Vision.ContentModerator\tests\ImageListManagement.cs(211,10): error CS0246: The type or namespace name 'Fact' could not be found (are you missing a using directive or an assembly reference?)
C:\gh\azure-sdk-for-net\sdk\cognitiveservices\Vision.ContentModerator\tests\ImageListManagement.cs(211,15): error CS0246: The type or namespace name 'Skip' could not be found (are you missing a using directive or an assembly reference?)
C:\gh\azure-sdk-for-net\sdk\cognitiveservices\Vision.ContentModerator\tests\ReviewAPIs.cs(232,10): error CS0246: The type or namespace name 'FactAttribute' could not be found (are you missing a using directive or an assembly reference?)
C:\gh\azure-sdk-for-net\sdk\cognitiveservices\Vision.ContentModerator\tests\ReviewAPIs.cs(232,10): error CS0246: The type or namespace name 'Fact' could not be found (are you missing a using directive or an assembly reference?)
C:\gh\azure-sdk-for-net\sdk\cognitiveservices\Vision.ContentModerator\tests\TextListManagement.cs(342,10): error CS0246: The type or namespace name 'FactAttribute' could not be found (are you missing a using directive or an assembly reference?)
C:\gh\azure-sdk-for-net\sdk\cognitiveservices\Vision.ContentModerator\tests\TextListManagement.cs(342,10): error CS0246: The type or namespace name 'Fact' could not be found (are you missing a using directive or an assembly reference?)
C:\gh\azure-sdk-for-net\sdk\cognitiveservices\Vision.ContentModerator\tests\TextListManagement.cs(342,15): error CS0246: The type or namespace name 'Skip' could not be found (are you missing a using directive or an assembly reference?)
C:\gh\azure-sdk-for-net\sdk\cognitiveservices\Vision.ContentModerator\tests\ImageListManagement.cs(248,10): error CS0246: The type or namespace name 'FactAttribute' could not be found (are you missing a using directive or an assembly reference?)
C:\gh\azure-sdk-for-net\sdk\cognitiveservices\Vision.ContentModerator\tests\ImageListManagement.cs(248,10): error CS0246: The type or namespace name 'Fact' could not be found (are you missing a using directive or an assembly reference?)
C:\gh\azure-sdk-for-net\sdk\cognitiveservices\Vision.ContentModerator\tests\ImageListManagement.cs(248,15): error CS0246: The type or namespace name 'Skip' could not be found (are you missing a using directive or an assembly reference?)
C:\gh\azure-sdk-for-net\sdk\cognitiveservices\Vision.ContentModerator\tests\ReviewAPIs.cs(259,10): error CS0246: The type or namespace name 'FactAttribute' could not be found (are you missing a using directive or an assembly reference?)
C:\gh\azure-sdk-for-net\sdk\cognitiveservices\Vision.ContentModerator\tests\ReviewAPIs.cs(259,10): error CS0246: The type or namespace name 'Fact' could not be found (are you missing a using directive or an assembly reference?)
C:\gh\azure-sdk-for-net\sdk\cognitiveservices\Vision.ContentModerator\tests\ReviewAPIs.cs(296,10): error CS0246: The type or namespace name 'FactAttribute' could not be found (are you missing a using directive or an assembly reference?)
C:\gh\azure-sdk-for-net\sdk\cognitiveservices\Vision.ContentModerator\tests\ReviewAPIs.cs(296,10): error CS0246: The type or namespace name 'Fact' could not be found (are you missing a using directive or an assembly reference?)
C:\gh\azure-sdk-for-net\sdk\cognitiveservices\Vision.ContentModerator\tests\ImageListManagement.cs(280,10): error CS0246: The type or namespace name 'FactAttribute' could not be found (are you missing a using directive or an assembly reference?)
C:\gh\azure-sdk-for-net\sdk\cognitiveservices\Vision.ContentModerator\tests\ImageListManagement.cs(280,10): error CS0246: The type or namespace name 'Fact' could not be found (are you missing a using directive or an assembly reference?)
C:\gh\azure-sdk-for-net\sdk\cognitiveservices\Vision.ContentModerator\tests\ImageListManagement.cs(280,15): error CS0246: The type or namespace name 'Skip' could not be found (are you missing a using directive or an assembly reference?)
C:\gh\azure-sdk-for-net\sdk\cognitiveservices\Vision.ContentModerator\tests\ReviewAPIs.cs(328,10): error CS0246: The type or namespace name 'FactAttribute' could not be found (are you missing a using directive or an assembly reference?)
C:\gh\azure-sdk-for-net\sdk\cognitiveservices\Vision.ContentModerator\tests\ReviewAPIs.cs(328,10): error CS0246: The type or namespace name 'Fact' could not be found (are you missing a using directive or an assembly reference?)
C:\gh\azure-sdk-for-net\sdk\cognitiveservices\Vision.ContentModerator\tests\ReviewAPIs.cs(328,15): error CS0246: The type or namespace name 'Skip' could not be found (are you missing a using directive or an assembly reference?)
C:\gh\azure-sdk-for-net\sdk\cognitiveservices\Vision.ContentModerator\tests\ImageListManagement.cs(320,10): error CS0246: The type or namespace name 'FactAttribute' could not be found (are you missing a using directive or an assembly reference?)
C:\gh\azure-sdk-for-net\sdk\cognitiveservices\Vision.ContentModerator\tests\ImageListManagement.cs(320,10): error CS0246: The type or namespace name 'Fact' could not be found (are you missing a using directive or an assembly reference?)
C:\gh\azure-sdk-for-net\sdk\cognitiveservices\Vision.ContentModerator\tests\ImageListManagement.cs(320,15): error CS0246: The type or namespace name 'Skip' could not be found (are you missing a using directive or an assembly reference?)
C:\gh\azure-sdk-for-net\sdk\cognitiveservices\Vision.ContentModerator\tests\ReviewAPIs.cs(361,10): error CS0246: The type or namespace name 'FactAttribute' could not be found (are you missing a using directive or an assembly reference?)
C:\gh\azure-sdk-for-net\sdk\cognitiveservices\Vision.ContentModerator\tests\ReviewAPIs.cs(361,10): error CS0246: The type or namespace name 'Fact' could not be found (are you missing a using directive or an assembly reference?)
C:\gh\azure-sdk-for-net\sdk\cognitiveservices\Vision.ContentModerator\tests\ReviewAPIs.cs(361,15): error CS0246: The type or namespace name 'Skip' could not be found (are you missing a using directive or an assembly reference?)
C:\gh\azure-sdk-for-net\sdk\cognitiveservices\Vision.ContentModerator\tests\ImageListManagement.cs(355,10): error CS0246: The type or namespace name 'FactAttribute' could not be found (are you missing a using directive or an assembly reference?)
C:\gh\azure-sdk-for-net\sdk\cognitiveservices\Vision.ContentModerator\tests\ImageListManagement.cs(355,10): error CS0246: The type or namespace name 'Fact' could not be found (are you missing a using directive or an assembly reference?)
C:\gh\azure-sdk-for-net\sdk\cognitiveservices\Vision.ContentModerator\tests\ImageListManagement.cs(355,15): error CS0246: The type or namespace name 'Skip' could not be found (are you missing a using directive or an assembly reference?)
C:\gh\azure-sdk-for-net\sdk\cognitiveservices\Vision.ContentModerator\tests\ReviewAPIs.cs(390,10): error CS0246: The type or namespace name 'FactAttribute' could not be found (are you missing a using directive or an assembly reference?)
C:\gh\azure-sdk-for-net\sdk\cognitiveservices\Vision.ContentModerator\tests\ReviewAPIs.cs(390,10): error CS0246: The type or namespace name 'Fact' could not be found (are you missing a using directive or an assembly reference?)
C:\gh\azure-sdk-for-net\sdk\cognitiveservices\Vision.ContentModerator\tests\ReviewAPIs.cs(390,15): error CS0246: The type or namespace name 'Skip' could not be found (are you missing a using directive or an assembly reference?)
C:\gh\azure-sdk-for-net\sdk\cognitiveservices\Vision.ContentModerator\tests\ReviewAPIs.cs(417,10): error CS0246: The type or namespace name 'FactAttribute' could not be found (are you missing a using directive or an assembly reference?)
C:\gh\azure-sdk-for-net\sdk\cognitiveservices\Vision.ContentModerator\tests\ReviewAPIs.cs(417,10): error CS0246: The type or namespace name 'Fact' could not be found (are you missing a using directive or an assembly reference?)
C:\gh\azure-sdk-for-net\sdk\cognitiveservices\Vision.ContentModerator\tests\ReviewAPIs.cs(417,15): error CS0246: The type or namespace name 'Skip' could not be found (are you missing a using directive or an assembly reference?)
C:\gh\azure-sdk-for-net\sdk\cognitiveservices\Vision.ContentModerator\tests\ReviewAPIs.cs(446,10): error CS0246: The type or namespace name 'FactAttribute' could not be found (are you missing a using directive or an assembly reference?)
C:\gh\azure-sdk-for-net\sdk\cognitiveservices\Vision.ContentModerator\tests\ReviewAPIs.cs(446,10): error CS0246: The type or namespace name 'Fact' could not be found (are you missing a using directive or an assembly reference?)
C:\gh\azure-sdk-for-net\sdk\cognitiveservices\Vision.ContentModerator\tests\ReviewAPIs.cs(446,15): error CS0246: The type or namespace name 'Skip' could not be found (are you missing a using directive or an assembly reference?)
C:\gh\azure-sdk-for-net\sdk\cognitiveservices\Vision.ContentModerator\tests\ReviewAPIs.cs(472,10): error CS0246: The type or namespace name 'FactAttribute' could not be found (are you missing a using directive or an assembly reference?)
C:\gh\azure-sdk-for-net\sdk\cognitiveservices\Vision.ContentModerator\tests\ReviewAPIs.cs(472,10): error CS0246: The type or namespace name 'Fact' could not be found (are you missing a using directive or an assembly reference?)
C:\gh\azure-sdk-for-net\sdk\cognitiveservices\Vision.ContentModerator\tests\ReviewAPIs.cs(472,15): error CS0246: The type or namespace name 'Skip' could not be found (are you missing a using directive or an assembly reference?)
C:\gh\azure-sdk-for-net\sdk\cognitiveservices\Vision.ContentModerator\tests\ReviewAPIs.cs(503,10): error CS0246: The type or namespace name 'FactAttribute' could not be found (are you missing a using directive or an assembly reference?)
C:\gh\azure-sdk-for-net\sdk\cognitiveservices\Vision.ContentModerator\tests\ReviewAPIs.cs(503,10): error CS0246: The type or namespace name 'Fact' could not be found (are you missing a using directive or an assembly reference?)
C:\gh\azure-sdk-for-net\sdk\cognitiveservices\Vision.ContentModerator\tests\ReviewAPIs.cs(503,15): error CS0246: The type or namespace name 'Skip' could not be found (are you missing a using directive or an assembly reference?)
C:\gh\azure-sdk-for-net\sdk\cognitiveservices\Vision.ContentModerator\tests\Data\Response.cs(17,16): error CS0246: The type or namespace name 'HttpOperationResponse<>' could not be found (are you missing a using directive or an assembly reference?)
C:\gh\azure-sdk-for-net\sdk\cognitiveservices\Vision.ContentModerator\tests\Data\Response.cs(18,16): error CS0246: The type or namespace name 'HttpOperationResponse<>' could not be found (are you missing a using directive or an assembly reference?)
C:\gh\azure-sdk-for-net\sdk\cognitiveservices\Vision.ContentModerator\tests\Data\Response.cs(19,16): error CS0246: The type or namespace name 'HttpOperationResponse<>' could not be found (are you missing a using directive or an assembly reference?)
C:\gh\azure-sdk-for-net\sdk\cognitiveservices\Vision.ContentModerator\tests\Data\Response.cs(20,16): error CS0246: The type or namespace name 'HttpOperationResponse<>' could not be found (are you missing a using directive or an assembly reference?)
C:\gh\azure-sdk-for-net\sdk\cognitiveservices\Vision.ContentModerator\tests\Data\Response.cs(21,16): error CS0246: The type or namespace name 'HttpOperationResponse<>' could not be found (are you missing a using directive or an assembly reference?)
C:\gh\azure-sdk-for-net\sdk\cognitiveservices\Vision.ContentModerator\tests\Data\Response.cs(22,16): error CS0246: The type or namespace name 'HttpOperationResponse<>' could not be found (are you missing a using directive or an assembly reference?)
C:\gh\azure-sdk-for-net\sdk\cognitiveservices\Vision.ContentModerator\tests\Data\Response.cs(25,16): error CS0246: The type or namespace name 'HttpOperationResponse<>' could not be found (are you missing a using directive or an assembly reference?)
C:\gh\azure-sdk-for-net\sdk\cognitiveservices\Vision.ContentModerator\tests\Data\Response.cs(26,16): error CS0246: The type or namespace name 'HttpOperationResponse<>' could not be found (are you missing a using directive or an assembly reference?)
C:\gh\azure-sdk-for-net\sdk\cognitiveservices\Vision.ContentModerator\tests\Data\Response.cs(27,16): error CS0246: The type or namespace name 'HttpOperationResponse<>' could not be found (are you missing a using directive or an assembly reference?)
C:\gh\azure-sdk-for-net\sdk\cognitiveservices\Vision.ContentModerator\tests\Data\Response.cs(28,16): error CS0246: The type or namespace name 'HttpOperationResponse<>' could not be found (are you missing a using directive or an assembly reference?)
C:\gh\azure-sdk-for-net\sdk\cognitiveservices\Vision.ContentModerator\tests\Data\Response.cs(29,16): error CS0246: The type or namespace name 'HttpOperationResponse<>' could not be found (are you missing a using directive or an assembly reference?)
C:\gh\azure-sdk-for-net\sdk\cognitiveservices\Vision.ContentModerator\tests\Data\Response.cs(30,16): error CS0246: The type or namespace name 'HttpOperationResponse<>' could not be found (are you missing a using directive or an assembly reference?)
C:\gh\azure-sdk-for-net\sdk\cognitiveservices\Vision.ContentModerator\tests\Data\Response.cs(33,16): error CS0246: The type or namespace name 'HttpOperationResponse<>' could not be found (are you missing a using directive or an assembly reference?)
C:\gh\azure-sdk-for-net\sdk\cognitiveservices\Vision.ContentModerator\tests\Data\Response.cs(34,16): error CS0246: The type or namespace name 'HttpOperationResponse<>' could not be found (are you missing a using directive or an assembly reference?)
C:\gh\azure-sdk-for-net\sdk\cognitiveservices\Vision.ContentModerator\tests\Data\Response.cs(35,16): error CS0246: The type or namespace name 'HttpOperationResponse<>' could not be found (are you missing a using directive or an assembly reference?)
C:\gh\azure-sdk-for-net\sdk\cognitiveservices\Vision.ContentModerator\tests\Data\Response.cs(36,16): error CS0246: The type or namespace name 'HttpOperationResponse<>' could not be found (are you missing a using directive or an assembly reference?)
C:\gh\azure-sdk-for-net\sdk\cognitiveservices\Vision.ContentModerator\tests\Data\Response.cs(38,16): error CS0246: The type or namespace name 'HttpOperationResponse<>' could not be found (are you missing a using directive or an assembly reference?)
C:\gh\azure-sdk-for-net\sdk\cognitiveservices\Vision.ContentModerator\tests\Data\Response.cs(39,16): error CS0246: The type or namespace name 'HttpOperationResponse<>' could not be found (are you missing a using directive or an assembly reference?)
C:\gh\azure-sdk-for-net\sdk\cognitiveservices\Vision.ContentModerator\tests\Data\Response.cs(40,16): error CS0246: The type or namespace name 'HttpOperationResponse<>' could not be found (are you missing a using directive or an assembly reference?)
C:\gh\azure-sdk-for-net\sdk\cognitiveservices\Vision.ContentModerator\tests\Data\Response.cs(41,16): error CS0246: The type or namespace name 'HttpOperationResponse<>' could not be found (are you missing a using directive or an assembly reference?)
C:\gh\azure-sdk-for-net\sdk\cognitiveservices\Vision.ContentModerator\tests\Data\Response.cs(44,16): error CS0246: The type or namespace name 'HttpOperationResponse<>' could not be found (are you missing a using directive or an assembly reference?)
C:\gh\azure-sdk-for-net\sdk\cognitiveservices\Vision.ContentModerator\tests\Data\Response.cs(45,16): error CS0246: The type or namespace name 'HttpOperationResponse<>' could not be found (are you missing a using directive or an assembly reference?)
C:\gh\azure-sdk-for-net\sdk\cognitiveservices\Vision.ContentModerator\tests\Data\Response.cs(46,16): error CS0246: The type or namespace name 'HttpOperationResponse<>' could not be found (are you missing a using directive or an assembly reference?)
C:\gh\azure-sdk-for-net\sdk\cognitiveservices\Vision.ContentModerator\tests\Data\Response.cs(47,16): error CS0246: The type or namespace name 'HttpOperationResponse<>' could not be found (are you missing a using directive or an assembly reference?)
C:\gh\azure-sdk-for-net\sdk\cognitiveservices\Vision.ContentModerator\tests\Data\Response.cs(50,16): error CS0246: The type or namespace name 'HttpOperationResponse<>' could not be found (are you missing a using directive or an assembly reference?)
C:\gh\azure-sdk-for-net\sdk\cognitiveservices\Vision.ContentModerator\tests\Data\Response.cs(51,16): error CS0246: The type or namespace name 'HttpOperationResponse<>' could not be found (are you missing a using directive or an assembly reference?)
C:\gh\azure-sdk-for-net\sdk\cognitiveservices\Vision.ContentModerator\tests\TextListManagement.cs(38,24): error CS0246: The type or namespace name 'MockContext' could not be found (are you missing a using directive or an assembly reference?)
C:\gh\azure-sdk-for-net\sdk\cognitiveservices\Vision.ContentModerator\tests\TextListManagement.cs(38,46): error CS0103: The name 'MockContext' does not exist in the current context
C:\gh\azure-sdk-for-net\sdk\cognitiveservices\Vision.ContentModerator\tests\TextListManagement.cs(41,21): error CS0103: The name 'HttpMockServer' does not exist in the current context
C:\gh\azure-sdk-for-net\sdk\cognitiveservices\Vision.ContentModerator\tests\TextListManagement.cs(42,60): error CS0103: The name 'HttpMockServer' does not exist in the current context
C:\gh\azure-sdk-for-net\sdk\cognitiveservices\Vision.ContentModerator\tests\TextListManagement.cs(44,21): error CS0103: The name 'Assert' does not exist in the current context
C:\gh\azure-sdk-for-net\sdk\cognitiveservices\Vision.ContentModerator\tests\TextListManagement.cs(45,21): error CS0103: The name 'Assert' does not exist in the current context
C:\gh\azure-sdk-for-net\sdk\cognitiveservices\Vision.ContentModerator\tests\TextListManagement.cs(50,25): error CS0103: The name 'Assert' does not exist in the current context
C:\gh\azure-sdk-for-net\sdk\cognitiveservices\Vision.ContentModerator\tests\ImageModerator.cs(53,24): error CS0246: The type or namespace name 'MockContext' could not be found (are you missing a using directive or an assembly reference?)
C:\gh\azure-sdk-for-net\sdk\cognitiveservices\Vision.ContentModerator\tests\ImageModerator.cs(53,46): error CS0103: The name 'MockContext' does not exist in the current context
C:\gh\azure-sdk-for-net\sdk\cognitiveservices\Vision.ContentModerator\tests\ImageModerator.cs(55,21): error CS0103: The name 'HttpMockServer' does not exist in the current context
C:\gh\azure-sdk-for-net\sdk\cognitiveservices\Vision.ContentModerator\tests\ImageModerator.cs(57,60): error CS0103: The name 'HttpMockServer' does not exist in the current context
C:\gh\azure-sdk-for-net\sdk\cognitiveservices\Vision.ContentModerator\tests\ImageModerator.cs(59,21): error CS0103: The name 'Assert' does not exist in the current context
C:\gh\azure-sdk-for-net\sdk\cognitiveservices\Vision.ContentModerator\tests\ImageModerator.cs(60,21): error CS0103: The name 'Assert' does not exist in the current context
C:\gh\azure-sdk-for-net\sdk\cognitiveservices\Vision.ContentModerator\tests\ImageModerator.cs(62,21): error CS0103: The name 'Assert' does not exist in the current context
C:\gh\azure-sdk-for-net\sdk\cognitiveservices\Vision.ContentModerator\tests\ImageModerator.cs(63,21): error CS0103: The name 'Assert' does not exist in the current context
C:\gh\azure-sdk-for-net\sdk\cognitiveservices\Vision.ContentModerator\tests\ImageListManagement.cs(52,24): error CS0246: The type or namespace name 'MockContext' could not be found (are you missing a using directive or an assembly reference?)
C:\gh\azure-sdk-for-net\sdk\cognitiveservices\Vision.ContentModerator\tests\ImageListManagement.cs(52,46): error CS0103: The name 'MockContext' does not exist in the current context
C:\gh\azure-sdk-for-net\sdk\cognitiveservices\Vision.ContentModerator\tests\ImageListManagement.cs(54,21): error CS0103: The name 'HttpMockServer' does not exist in the current context
C:\gh\azure-sdk-for-net\sdk\cognitiveservices\Vision.ContentModerator\tests\ImageListManagement.cs(56,60): error CS0103: The name 'HttpMockServer' does not exist in the current context
C:\gh\azure-sdk-for-net\sdk\cognitiveservices\Vision.ContentModerator\tests\ImageListManagement.cs(58,21): error CS0103: The name 'Assert' does not exist in the current context
C:\gh\azure-sdk-for-net\sdk\cognitiveservices\Vision.ContentModerator\tests\ImageListManagement.cs(59,21): error CS0103: The name 'Assert' does not exist in the current context
C:\gh\azure-sdk-for-net\sdk\cognitiveservices\Vision.ContentModerator\tests\ImageListManagement.cs(64,25): error CS0103: The name 'Assert' does not exist in the current context
C:\gh\azure-sdk-for-net\sdk\cognitiveservices\Vision.ContentModerator\tests\ReviewAPIs.cs(46,24): error CS0246: The type or namespace name 'MockContext' could not be found (are you missing a using directive or an assembly reference?)
C:\gh\azure-sdk-for-net\sdk\cognitiveservices\Vision.ContentModerator\tests\ReviewAPIs.cs(46,46): error CS0103: The name 'MockContext' does not exist in the current context
C:\gh\azure-sdk-for-net\sdk\cognitiveservices\Vision.ContentModerator\tests\ReviewAPIs.cs(50,21): error CS0103: The name 'HttpMockServer' does not exist in the current context
C:\gh\azure-sdk-for-net\sdk\cognitiveservices\Vision.ContentModerator\tests\ReviewAPIs.cs(51,60): error CS0103: The name 'HttpMockServer' does not exist in the current context
C:\gh\azure-sdk-for-net\sdk\cognitiveservices\Vision.ContentModerator\tests\ReviewAPIs.cs(55,21): error CS0103: The name 'Assert' does not exist in the current context
C:\gh\azure-sdk-for-net\sdk\cognitiveservices\Vision.ContentModerator\tests\ReviewAPIs.cs(56,21): error CS0103: The name 'Assert' does not exist in the current context
C:\gh\azure-sdk-for-net\sdk\cognitiveservices\Vision.ContentModerator\tests\ReviewAPIs.cs(58,21): error CS0103: The name 'Assert' does not exist in the current context
C:\gh\azure-sdk-for-net\sdk\cognitiveservices\Vision.ContentModerator\tests\ReviewAPIs.cs(59,21): error CS0103: The name 'Assert' does not exist in the current context
C:\gh\azure-sdk-for-net\sdk\cognitiveservices\Vision.ContentModerator\tests\ImageModerator.cs(81,24): error CS0246: The type or namespace name 'MockContext' could not be found (are you missing a using directive or an assembly reference?)
C:\gh\azure-sdk-for-net\sdk\cognitiveservices\Vision.ContentModerator\tests\ImageModerator.cs(81,46): error CS0103: The name 'MockContext' does not exist in the current context
C:\gh\azure-sdk-for-net\sdk\cognitiveservices\Vision.ContentModerator\tests\ImageModerator.cs(83,21): error CS0103: The name 'HttpMockServer' does not exist in the current context
C:\gh\azure-sdk-for-net\sdk\cognitiveservices\Vision.ContentModerator\tests\ImageModerator.cs(89,60): error CS0103: The name 'HttpMockServer' does not exist in the current context
C:\gh\azure-sdk-for-net\sdk\cognitiveservices\Vision.ContentModerator\tests\ImageModerator.cs(93,21): error CS0103: The name 'Assert' does not exist in the current context
C:\gh\azure-sdk-for-net\sdk\cognitiveservices\Vision.ContentModerator\tests\ImageModerator.cs(94,21): error CS0103: The name 'Assert' does not exist in the current context
C:\gh\azure-sdk-for-net\sdk\cognitiveservices\Vision.ContentModerator\tests\TextListManagement.cs(65,24): error CS0246: The type or namespace name 'MockContext' could not be found (are you missing a using directive or an assembly reference?)
C:\gh\azure-sdk-for-net\sdk\cognitiveservices\Vision.ContentModerator\tests\TextListManagement.cs(65,46): error CS0103: The name 'MockContext' does not exist in the current context
C:\gh\azure-sdk-for-net\sdk\cognitiveservices\Vision.ContentModerator\tests\TextListManagement.cs(71,21): error CS0103: The name 'HttpMockServer' does not exist in the current context
C:\gh\azure-sdk-for-net\sdk\cognitiveservices\Vision.ContentModerator\tests\TextListManagement.cs(72,60): error CS0103: The name 'HttpMockServer' does not exist in the current context
C:\gh\azure-sdk-for-net\sdk\cognitiveservices\Vision.ContentModerator\tests\TextListManagement.cs(75,21): error CS0103: The name 'Assert' does not exist in the current context
C:\gh\azure-sdk-for-net\sdk\cognitiveservices\Vision.ContentModerator\tests\TextListManagement.cs(76,21): error CS0103: The name 'Assert' does not exist in the current context
C:\gh\azure-sdk-for-net\sdk\cognitiveservices\Vision.ContentModerator\tests\TextListManagement.cs(77,21): error CS0103: The name 'Assert' does not exist in the current context
C:\gh\azure-sdk-for-net\sdk\cognitiveservices\Vision.ContentModerator\tests\ImageListManagement.cs(80,24): error CS0246: The type or namespace name 'MockContext' could not be found (are you missing a using directive or an assembly reference?)
C:\gh\azure-sdk-for-net\sdk\cognitiveservices\Vision.ContentModerator\tests\ImageListManagement.cs(80,46): error CS0103: The name 'MockContext' does not exist in the current context
C:\gh\azure-sdk-for-net\sdk\cognitiveservices\Vision.ContentModerator\tests\ImageListManagement.cs(87,21): error CS0103: The name 'HttpMockServer' does not exist in the current context
C:\gh\azure-sdk-for-net\sdk\cognitiveservices\Vision.ContentModerator\tests\ImageListManagement.cs(88,60): error CS0103: The name 'HttpMockServer' does not exist in the current context
C:\gh\azure-sdk-for-net\sdk\cognitiveservices\Vision.ContentModerator\tests\ImageListManagement.cs(92,21): error CS0103: The name 'Assert' does not exist in the current context
C:\gh\azure-sdk-for-net\sdk\cognitiveservices\Vision.ContentModerator\tests\ImageListManagement.cs(93,21): error CS0103: The name 'Assert' does not exist in the current context
C:\gh\azure-sdk-for-net\sdk\cognitiveservices\Vision.ContentModerator\tests\ImageListManagement.cs(94,21): error CS0103: The name 'Assert' does not exist in the current context
C:\gh\azure-sdk-for-net\sdk\cognitiveservices\Vision.ContentModerator\tests\ReviewAPIs.cs(76,24): error CS0246: The type or namespace name 'MockContext' could not be found (are you missing a using directive or an assembly reference?)
C:\gh\azure-sdk-for-net\sdk\cognitiveservices\Vision.ContentModerator\tests\ReviewAPIs.cs(76,46): error CS0103: The name 'MockContext' does not exist in the current context
C:\gh\azure-sdk-for-net\sdk\cognitiveservices\Vision.ContentModerator\tests\ReviewAPIs.cs(81,21): error CS0103: The name 'HttpMockServer' does not exist in the current context
C:\gh\azure-sdk-for-net\sdk\cognitiveservices\Vision.ContentModerator\tests\ReviewAPIs.cs(82,60): error CS0103: The name 'HttpMockServer' does not exist in the current context
C:\gh\azure-sdk-for-net\sdk\cognitiveservices\Vision.ContentModerator\tests\ReviewAPIs.cs(86,21): error CS0103: The name 'Assert' does not exist in the current context
C:\gh\azure-sdk-for-net\sdk\cognitiveservices\Vision.ContentModerator\tests\ReviewAPIs.cs(87,21): error CS0103: The name 'Assert' does not exist in the current context
C:\gh\azure-sdk-for-net\sdk\cognitiveservices\Vision.ContentModerator\tests\ReviewAPIs.cs(89,21): error CS0103: The name 'Assert' does not exist in the current context
C:\gh\azure-sdk-for-net\sdk\cognitiveservices\Vision.ContentModerator\tests\ReviewAPIs.cs(90,21): error CS0103: The name 'Assert' does not exist in the current context
C:\gh\azure-sdk-for-net\sdk\cognitiveservices\Vision.ContentModerator\tests\ImageModerator.cs(112,24): error CS0246: The type or namespace name 'MockContext' could not be found (are you missing a using directive or an assembly reference?)
C:\gh\azure-sdk-for-net\sdk\cognitiveservices\Vision.ContentModerator\tests\ImageModerator.cs(112,46): error CS0103: The name 'MockContext' does not exist in the current context
C:\gh\azure-sdk-for-net\sdk\cognitiveservices\Vision.ContentModerator\tests\ImageModerator.cs(114,21): error CS0103: The name 'HttpMockServer' does not exist in the current context
C:\gh\azure-sdk-for-net\sdk\cognitiveservices\Vision.ContentModerator\tests\ImageModerator.cs(120,60): error CS0103: The name 'HttpMockServer' does not exist in the current context
C:\gh\azure-sdk-for-net\sdk\cognitiveservices\Vision.ContentModerator\tests\ImageModerator.cs(124,21): error CS0103: The name 'Assert' does not exist in the current context
C:\gh\azure-sdk-for-net\sdk\cognitiveservices\Vision.ContentModerator\tests\ImageModerator.cs(125,21): error CS0103: The name 'Assert' does not exist in the current context
C:\gh\azure-sdk-for-net\sdk\cognitiveservices\Vision.ContentModerator\tests\ImageModerator.cs(126,21): error CS0103: The name 'Assert' does not exist in the current context
C:\gh\azure-sdk-for-net\sdk\cognitiveservices\Vision.ContentModerator\tests\TextModerator.cs(37,24): error CS0246: The type or namespace name 'MockContext' could not be found (are you missing a using directive or an assembly reference?)
C:\gh\azure-sdk-for-net\sdk\cognitiveservices\Vision.ContentModerator\tests\TextModerator.cs(37,46): error CS0103: The name 'MockContext' does not exist in the current context
C:\gh\azure-sdk-for-net\sdk\cognitiveservices\Vision.ContentModerator\tests\TextModerator.cs(39,21): error CS0103: The name 'HttpMockServer' does not exist in the current context
C:\gh\azure-sdk-for-net\sdk\cognitiveservices\Vision.ContentModerator\tests\TextModerator.cs(41,60): error CS0103: The name 'HttpMockServer' does not exist in the current context
C:\gh\azure-sdk-for-net\sdk\cognitiveservices\Vision.ContentModerator\tests\TextModerator.cs(43,21): error CS0103: The name 'Assert' does not exist in the current context
C:\gh\azure-sdk-for-net\sdk\cognitiveservices\Vision.ContentModerator\tests\TextModerator.cs(44,21): error CS0103: The name 'Assert' does not exist in the current context
C:\gh\azure-sdk-for-net\sdk\cognitiveservices\Vision.ContentModerator\tests\TextModerator.cs(46,21): error CS0103: The name 'Assert' does not exist in the current context
C:\gh\azure-sdk-for-net\sdk\cognitiveservices\Vision.ContentModerator\tests\TextModerator.cs(47,21): error CS0103: The name 'Assert' does not exist in the current context
C:\gh\azure-sdk-for-net\sdk\cognitiveservices\Vision.ContentModerator\tests\TextListManagement.cs(92,24): error CS0246: The type or namespace name 'MockContext' could not be found (are you missing a using directive or an assembly reference?)
C:\gh\azure-sdk-for-net\sdk\cognitiveservices\Vision.ContentModerator\tests\TextListManagement.cs(92,46): error CS0103: The name 'MockContext' does not exist in the current context
C:\gh\azure-sdk-for-net\sdk\cognitiveservices\Vision.ContentModerator\tests\TextListManagement.cs(111,25): error CS0103: The name 'HttpMockServer' does not exist in the current context
C:\gh\azure-sdk-for-net\sdk\cognitiveservices\Vision.ContentModerator\tests\TextListManagement.cs(112,64): error CS0103: The name 'HttpMockServer' does not exist in the current context
C:\gh\azure-sdk-for-net\sdk\cognitiveservices\Vision.ContentModerator\tests\TextListManagement.cs(116,25): error CS0103: The name 'Assert' does not exist in the current context
C:\gh\azure-sdk-for-net\sdk\cognitiveservices\Vision.ContentModerator\tests\TextListManagement.cs(117,25): error CS0103: The name 'Assert' does not exist in the current context
C:\gh\azure-sdk-for-net\sdk\cognitiveservices\Vision.ContentModerator\tests\ImageListManagement.cs(109,24): error CS0246: The type or namespace name 'MockContext' could not be found (are you missing a using directive or an assembly reference?)
C:\gh\azure-sdk-for-net\sdk\cognitiveservices\Vision.ContentModerator\tests\ImageListManagement.cs(109,46): error CS0103: The name 'MockContext' does not exist in the current context
C:\gh\azure-sdk-for-net\sdk\cognitiveservices\Vision.ContentModerator\tests\ImageListManagement.cs(127,25): error CS0103: The name 'HttpMockServer' does not exist in the current context
C:\gh\azure-sdk-for-net\sdk\cognitiveservices\Vision.ContentModerator\tests\ImageListManagement.cs(128,64): error CS0103: The name 'HttpMockServer' does not exist in the current context
C:\gh\azure-sdk-for-net\sdk\cognitiveservices\Vision.ContentModerator\tests\ImageListManagement.cs(132,25): error CS0103: The name 'Assert' does not exist in the current context
C:\gh\azure-sdk-for-net\sdk\cognitiveservices\Vision.ContentModerator\tests\ImageListManagement.cs(133,25): error CS0103: The name 'Assert' does not exist in the current context
C:\gh\azure-sdk-for-net\sdk\cognitiveservices\Vision.ContentModerator\tests\ImageModerator.cs(143,24): error CS0246: The type or namespace name 'MockContext' could not be found (are you missing a using directive or an assembly reference?)
C:\gh\azure-sdk-for-net\sdk\cognitiveservices\Vision.ContentModerator\tests\ImageModerator.cs(143,46): error CS0103: The name 'MockContext' does not exist in the current context
C:\gh\azure-sdk-for-net\sdk\cognitiveservices\Vision.ContentModerator\tests\ImageModerator.cs(145,21): error CS0103: The name 'HttpMockServer' does not exist in the current context
C:\gh\azure-sdk-for-net\sdk\cognitiveservices\Vision.ContentModerator\tests\ImageModerator.cs(148,60): error CS0103: The name 'HttpMockServer' does not exist in the current context
C:\gh\azure-sdk-for-net\sdk\cognitiveservices\Vision.ContentModerator\tests\ImageModerator.cs(153,25): error CS0103: The name 'Assert' does not exist in the current context
C:\gh\azure-sdk-for-net\sdk\cognitiveservices\Vision.ContentModerator\tests\ImageModerator.cs(154,25): error CS0103: The name 'Assert' does not exist in the current context
C:\gh\azure-sdk-for-net\sdk\cognitiveservices\Vision.ContentModerator\tests\ImageModerator.cs(155,25): error CS0103: The name 'Assert' does not exist in the current context
C:\gh\azure-sdk-for-net\sdk\cognitiveservices\Vision.ContentModerator\tests\TextListManagement.cs(137,24): error CS0246: The type or namespace name 'MockContext' could not be found (are you missing a using directive or an assembly reference?)
C:\gh\azure-sdk-for-net\sdk\cognitiveservices\Vision.ContentModerator\tests\TextListManagement.cs(137,46): error CS0103: The name 'MockContext' does not exist in the current context
C:\gh\azure-sdk-for-net\sdk\cognitiveservices\Vision.ContentModerator\tests\TextListManagement.cs(143,21): error CS0103: The name 'HttpMockServer' does not exist in the current context
C:\gh\azure-sdk-for-net\sdk\cognitiveservices\Vision.ContentModerator\tests\TextListManagement.cs(144,60): error CS0103: The name 'HttpMockServer' does not exist in the current context
C:\gh\azure-sdk-for-net\sdk\cognitiveservices\Vision.ContentModerator\tests\TextListManagement.cs(148,21): error CS0103: The name 'Assert' does not exist in the current context
C:\gh\azure-sdk-for-net\sdk\cognitiveservices\Vision.ContentModerator\tests\TextListManagement.cs(149,21): error CS0103: The name 'Assert' does not exist in the current context
C:\gh\azure-sdk-for-net\sdk\cognitiveservices\Vision.ContentModerator\tests\TextListManagement.cs(150,21): error CS0103: The name 'Assert' does not exist in the current context
C:\gh\azure-sdk-for-net\sdk\cognitiveservices\Vision.ContentModerator\tests\ReviewAPIs.cs(108,24): error CS0246: The type or namespace name 'MockContext' could not be found (are you missing a using directive or an assembly reference?)
C:\gh\azure-sdk-for-net\sdk\cognitiveservices\Vision.ContentModerator\tests\ReviewAPIs.cs(108,46): error CS0103: The name 'MockContext' does not exist in the current context
C:\gh\azure-sdk-for-net\sdk\cognitiveservices\Vision.ContentModerator\tests\ReviewAPIs.cs(115,21): error CS0103: The name 'HttpMockServer' does not exist in the current context
C:\gh\azure-sdk-for-net\sdk\cognitiveservices\Vision.ContentModerator\tests\ReviewAPIs.cs(116,60): error CS0103: The name 'HttpMockServer' does not exist in the current context
C:\gh\azure-sdk-for-net\sdk\cognitiveservices\Vision.ContentModerator\tests\ReviewAPIs.cs(121,21): error CS0103: The name 'Assert' does not exist in the current context
C:\gh\azure-sdk-for-net\sdk\cognitiveservices\Vision.ContentModerator\tests\ReviewAPIs.cs(123,21): error CS0103: The name 'Assert' does not exist in the current context
C:\gh\azure-sdk-for-net\sdk\cognitiveservices\Vision.ContentModerator\tests\ReviewAPIs.cs(125,21): error CS0103: The name 'Assert' does not exist in the current context
C:\gh\azure-sdk-for-net\sdk\cognitiveservices\Vision.ContentModerator\tests\TextModerator.cs(64,24): error CS0246: The type or namespace name 'MockContext' could not be found (are you missing a using directive or an assembly reference?)
C:\gh\azure-sdk-for-net\sdk\cognitiveservices\Vision.ContentModerator\tests\TextModerator.cs(64,46): error CS0103: The name 'MockContext' does not exist in the current context
C:\gh\azure-sdk-for-net\sdk\cognitiveservices\Vision.ContentModerator\tests\TextModerator.cs(66,21): error CS0103: The name 'HttpMockServer' does not exist in the current context
C:\gh\azure-sdk-for-net\sdk\cognitiveservices\Vision.ContentModerator\tests\TextModerator.cs(72,60): error CS0103: The name 'HttpMockServer' does not exist in the current context
C:\gh\azure-sdk-for-net\sdk\cognitiveservices\Vision.ContentModerator\tests\TextModerator.cs(76,21): error CS0103: The name 'Assert' does not exist in the current context
C:\gh\azure-sdk-for-net\sdk\cognitiveservices\Vision.ContentModerator\tests\TextModerator.cs(77,21): error CS0103: The name 'Assert' does not exist in the current context
C:\gh\azure-sdk-for-net\sdk\cognitiveservices\Vision.ContentModerator\tests\TextModerator.cs(78,21): error CS0103: The name 'Assert' does not exist in the current context
C:\gh\azure-sdk-for-net\sdk\cognitiveservices\Vision.ContentModerator\tests\TextListManagement.cs(168,24): error CS0246: The type or namespace name 'MockContext' could not be found (are you missing a using directive or an assembly reference?)
C:\gh\azure-sdk-for-net\sdk\cognitiveservices\Vision.ContentModerator\tests\TextListManagement.cs(168,46): error CS0103: The name 'MockContext' does not exist in the current context
C:\gh\azure-sdk-for-net\sdk\cognitiveservices\Vision.ContentModerator\tests\TextListManagement.cs(175,21): error CS0103: The name 'HttpMockServer' does not exist in the current context
C:\gh\azure-sdk-for-net\sdk\cognitiveservices\Vision.ContentModerator\tests\TextListManagement.cs(176,60): error CS0103: The name 'HttpMockServer' does not exist in the current context
C:\gh\azure-sdk-for-net\sdk\cognitiveservices\Vision.ContentModerator\tests\TextListManagement.cs(180,21): error CS0103: The name 'Assert' does not exist in the current context
C:\gh\azure-sdk-for-net\sdk\cognitiveservices\Vision.ContentModerator\tests\TextListManagement.cs(181,21): error CS0103: The name 'Assert' does not exist in the current context
C:\gh\azure-sdk-for-net\sdk\cognitiveservices\Vision.ContentModerator\tests\TextListManagement.cs(182,21): error CS0103: The name 'Assert' does not exist in the current context
C:\gh\azure-sdk-for-net\sdk\cognitiveservices\Vision.ContentModerator\tests\ImageListManagement.cs(152,24): error CS0246: The type or namespace name 'MockContext' could not be found (are you missing a using directive or an assembly reference?)
C:\gh\azure-sdk-for-net\sdk\cognitiveservices\Vision.ContentModerator\tests\ImageListManagement.cs(152,46): error CS0103: The name 'MockContext' does not exist in the current context
C:\gh\azure-sdk-for-net\sdk\cognitiveservices\Vision.ContentModerator\tests\ImageListManagement.cs(159,21): error CS0103: The name 'HttpMockServer' does not exist in the current context
C:\gh\azure-sdk-for-net\sdk\cognitiveservices\Vision.ContentModerator\tests\ImageListManagement.cs(160,60): error CS0103: The name 'HttpMockServer' does not exist in the current context
C:\gh\azure-sdk-for-net\sdk\cognitiveservices\Vision.ContentModerator\tests\ImageListManagement.cs(164,21): error CS0103: The name 'Assert' does not exist in the current context
C:\gh\azure-sdk-for-net\sdk\cognitiveservices\Vision.ContentModerator\tests\ImageListManagement.cs(165,21): error CS0103: The name 'Assert' does not exist in the current context
C:\gh\azure-sdk-for-net\sdk\cognitiveservices\Vision.ContentModerator\tests\ImageListManagement.cs(166,21): error CS0103: The name 'Assert' does not exist in the current context
C:\gh\azure-sdk-for-net\sdk\cognitiveservices\Vision.ContentModerator\tests\ImageModerator.cs(173,24): error CS0246: The type or namespace name 'MockContext' could not be found (are you missing a using directive or an assembly reference?)
C:\gh\azure-sdk-for-net\sdk\cognitiveservices\Vision.ContentModerator\tests\ImageModerator.cs(173,46): error CS0103: The name 'MockContext' does not exist in the current context
C:\gh\azure-sdk-for-net\sdk\cognitiveservices\Vision.ContentModerator\tests\ImageModerator.cs(175,21): error CS0103: The name 'HttpMockServer' does not exist in the current context
C:\gh\azure-sdk-for-net\sdk\cognitiveservices\Vision.ContentModerator\tests\ImageModerator.cs(180,60): error CS0103: The name 'HttpMockServer' does not exist in the current context
C:\gh\azure-sdk-for-net\sdk\cognitiveservices\Vision.ContentModerator\tests\ImageModerator.cs(184,21): error CS0103: The name 'Assert' does not exist in the current context
C:\gh\azure-sdk-for-net\sdk\cognitiveservices\Vision.ContentModerator\tests\ImageModerator.cs(185,21): error CS0103: The name 'Assert' does not exist in the current context
C:\gh\azure-sdk-for-net\sdk\cognitiveservices\Vision.ContentModerator\tests\ImageModerator.cs(186,21): error CS0103: The name 'Assert' does not exist in the current context
C:\gh\azure-sdk-for-net\sdk\cognitiveservices\Vision.ContentModerator\tests\ReviewAPIs.cs(146,24): error CS0246: The type or namespace name 'MockContext' could not be found (are you missing a using directive or an assembly reference?)
C:\gh\azure-sdk-for-net\sdk\cognitiveservices\Vision.ContentModerator\tests\ReviewAPIs.cs(146,46): error CS0103: The name 'MockContext' does not exist in the current context
C:\gh\azure-sdk-for-net\sdk\cognitiveservices\Vision.ContentModerator\tests\ReviewAPIs.cs(153,21): error CS0103: The name 'HttpMockServer' does not exist in the current context
C:\gh\azure-sdk-for-net\sdk\cognitiveservices\Vision.ContentModerator\tests\ReviewAPIs.cs(154,60): error CS0103: The name 'HttpMockServer' does not exist in the current context
C:\gh\azure-sdk-for-net\sdk\cognitiveservices\Vision.ContentModerator\tests\ReviewAPIs.cs(159,21): error CS0103: The name 'Assert' does not exist in the current context
C:\gh\azure-sdk-for-net\sdk\cognitiveservices\Vision.ContentModerator\tests\ReviewAPIs.cs(161,21): error CS0103: The name 'Assert' does not exist in the current context
C:\gh\azure-sdk-for-net\sdk\cognitiveservices\Vision.ContentModerator\tests\ReviewAPIs.cs(163,21): error CS0103: The name 'Assert' does not exist in the current context
C:\gh\azure-sdk-for-net\sdk\cognitiveservices\Vision.ContentModerator\tests\TextListManagement.cs(202,24): error CS0246: The type or namespace name 'MockContext' could not be found (are you missing a using directive or an assembly reference?)
C:\gh\azure-sdk-for-net\sdk\cognitiveservices\Vision.ContentModerator\tests\TextListManagement.cs(202,46): error CS0103: The name 'MockContext' does not exist in the current context
C:\gh\azure-sdk-for-net\sdk\cognitiveservices\Vision.ContentModerator\tests\TextListManagement.cs(209,21): error CS0103: The name 'HttpMockServer' does not exist in the current context
C:\gh\azure-sdk-for-net\sdk\cognitiveservices\Vision.ContentModerator\tests\TextListManagement.cs(210,60): error CS0103: The name 'HttpMockServer' does not exist in the current context
C:\gh\azure-sdk-for-net\sdk\cognitiveservices\Vision.ContentModerator\tests\TextListManagement.cs(215,21): error CS0103: The name 'Assert' does not exist in the current context
C:\gh\azure-sdk-for-net\sdk\cognitiveservices\Vision.ContentModerator\tests\TextListManagement.cs(216,21): error CS0103: The name 'Assert' does not exist in the current context
C:\gh\azure-sdk-for-net\sdk\cognitiveservices\Vision.ContentModerator\tests\TextListManagement.cs(217,21): error CS0103: The name 'Assert' does not exist in the current context
C:\gh\azure-sdk-for-net\sdk\cognitiveservices\Vision.ContentModerator\tests\TextListManagement.cs(218,21): error CS0103: The name 'Assert' does not exist in the current context
C:\gh\azure-sdk-for-net\sdk\cognitiveservices\Vision.ContentModerator\tests\TextModerator.cs(94,24): error CS0246: The type or namespace name 'MockContext' could not be found (are you missing a using directive or an assembly reference?)
C:\gh\azure-sdk-for-net\sdk\cognitiveservices\Vision.ContentModerator\tests\TextModerator.cs(94,46): error CS0103: The name 'MockContext' does not exist in the current context
C:\gh\azure-sdk-for-net\sdk\cognitiveservices\Vision.ContentModerator\tests\TextModerator.cs(96,21): error CS0103: The name 'HttpMockServer' does not exist in the current context
C:\gh\azure-sdk-for-net\sdk\cognitiveservices\Vision.ContentModerator\tests\TextModerator.cs(100,60): error CS0103: The name 'HttpMockServer' does not exist in the current context
C:\gh\azure-sdk-for-net\sdk\cognitiveservices\Vision.ContentModerator\tests\TextModerator.cs(103,21): error CS0103: The name 'Assert' does not exist in the current context
C:\gh\azure-sdk-for-net\sdk\cognitiveservices\Vision.ContentModerator\tests\TextModerator.cs(104,21): error CS0103: The name 'Assert' does not exist in the current context
C:\gh\azure-sdk-for-net\sdk\cognitiveservices\Vision.ContentModerator\tests\TextModerator.cs(105,21): error CS0103: The name 'Assert' does not exist in the current context
C:\gh\azure-sdk-for-net\sdk\cognitiveservices\Vision.ContentModerator\tests\ImageListManagement.cs(184,24): error CS0246: The type or namespace name 'MockContext' could not be found (are you missing a using directive or an assembly reference?)
C:\gh\azure-sdk-for-net\sdk\cognitiveservices\Vision.ContentModerator\tests\ImageListManagement.cs(184,46): error CS0103: The name 'MockContext' does not exist in the current context
C:\gh\azure-sdk-for-net\sdk\cognitiveservices\Vision.ContentModerator\tests\ImageListManagement.cs(191,21): error CS0103: The name 'HttpMockServer' does not exist in the current context
C:\gh\azure-sdk-for-net\sdk\cognitiveservices\Vision.ContentModerator\tests\ImageListManagement.cs(192,60): error CS0103: The name 'HttpMockServer' does not exist in the current context
C:\gh\azure-sdk-for-net\sdk\cognitiveservices\Vision.ContentModerator\tests\ImageListManagement.cs(196,21): error CS0103: The name 'Assert' does not exist in the current context
C:\gh\azure-sdk-for-net\sdk\cognitiveservices\Vision.ContentModerator\tests\ImageListManagement.cs(197,21): error CS0103: The name 'Assert' does not exist in the current context
C:\gh\azure-sdk-for-net\sdk\cognitiveservices\Vision.ContentModerator\tests\ImageListManagement.cs(198,21): error CS0103: The name 'Assert' does not exist in the current context
C:\gh\azure-sdk-for-net\sdk\cognitiveservices\Vision.ContentModerator\tests\TextListManagement.cs(242,24): error CS0246: The type or namespace name 'MockContext' could not be found (are you missing a using directive or an assembly reference?)
C:\gh\azure-sdk-for-net\sdk\cognitiveservices\Vision.ContentModerator\tests\TextListManagement.cs(242,46): error CS0103: The name 'MockContext' does not exist in the current context
C:\gh\azure-sdk-for-net\sdk\cognitiveservices\Vision.ContentModerator\tests\TextListManagement.cs(249,21): error CS0103: The name 'HttpMockServer' does not exist in the current context
C:\gh\azure-sdk-for-net\sdk\cognitiveservices\Vision.ContentModerator\tests\TextListManagement.cs(250,60): error CS0103: The name 'HttpMockServer' does not exist in the current context
C:\gh\azure-sdk-for-net\sdk\cognitiveservices\Vision.ContentModerator\tests\TextListManagement.cs(257,21): error CS0103: The name 'Assert' does not exist in the current context
C:\gh\azure-sdk-for-net\sdk\cognitiveservices\Vision.ContentModerator\tests\TextListManagement.cs(258,21): error CS0103: The name 'Assert' does not exist in the current context
C:\gh\azure-sdk-for-net\sdk\cognitiveservices\Vision.ContentModerator\tests\TextListManagement.cs(259,21): error CS0103: The name 'Assert' does not exist in the current context
C:\gh\azure-sdk-for-net\sdk\cognitiveservices\Vision.ContentModerator\tests\TextListManagement.cs(260,21): error CS0103: The name 'Assert' does not exist in the current context
C:\gh\azure-sdk-for-net\sdk\cognitiveservices\Vision.ContentModerator\tests\ImageModerator.cs(207,24): error CS0246: The type or namespace name 'MockContext' could not be found (are you missing a using directive or an assembly reference?)
C:\gh\azure-sdk-for-net\sdk\cognitiveservices\Vision.ContentModerator\tests\ImageModerator.cs(207,46): error CS0103: The name 'MockContext' does not exist in the current context
C:\gh\azure-sdk-for-net\sdk\cognitiveservices\Vision.ContentModerator\tests\ImageModerator.cs(209,21): error CS0103: The name 'HttpMockServer' does not exist in the current context
C:\gh\azure-sdk-for-net\sdk\cognitiveservices\Vision.ContentModerator\tests\ImageModerator.cs(215,60): error CS0103: The name 'HttpMockServer' does not exist in the current context
C:\gh\azure-sdk-for-net\sdk\cognitiveservices\Vision.ContentModerator\tests\ImageModerator.cs(218,25): error CS0246: The type or namespace name 'RestException' could not be found (are you missing a using directive or an assembly reference?)
C:\gh\azure-sdk-for-net\sdk\cognitiveservices\Vision.ContentModerator\tests\ImageModerator.cs(221,25): error CS0103: The name 'Assert' does not exist in the current context
C:\gh\azure-sdk-for-net\sdk\cognitiveservices\Vision.ContentModerator\tests\ImageModerator.cs(222,25): error CS0103: The name 'Assert' does not exist in the current context
C:\gh\azure-sdk-for-net\sdk\cognitiveservices\Vision.ContentModerator\tests\ImageModerator.cs(223,25): error CS0103: The name 'Assert' does not exist in the current context
C:\gh\azure-sdk-for-net\sdk\cognitiveservices\Vision.ContentModerator\tests\ImageModerator.cs(228,25): error CS0103: The name 'Assert' does not exist in the current context
C:\gh\azure-sdk-for-net\sdk\cognitiveservices\Vision.ContentModerator\tests\ImageModerator.cs(229,25): error CS0103: The name 'Assert' does not exist in the current context
C:\gh\azure-sdk-for-net\sdk\cognitiveservices\Vision.ContentModerator\tests\ImageModerator.cs(229,68): error CS0246: The type or namespace name 'HttpResponseMessageWrapper' could not be found (are you missing a using directive or an assembly reference?)
C:\gh\azure-sdk-for-net\sdk\cognitiveservices\Vision.ContentModerator\tests\TextListManagement.cs(275,24): error CS0246: The type or namespace name 'MockContext' could not be found (are you missing a using directive or an assembly reference?)
C:\gh\azure-sdk-for-net\sdk\cognitiveservices\Vision.ContentModerator\tests\TextListManagement.cs(275,46): error CS0103: The name 'MockContext' does not exist in the current context
C:\gh\azure-sdk-for-net\sdk\cognitiveservices\Vision.ContentModerator\tests\TextListManagement.cs(286,21): error CS0103: The name 'HttpMockServer' does not exist in the current context
C:\gh\azure-sdk-for-net\sdk\cognitiveservices\Vision.ContentModerator\tests\TextListManagement.cs(287,60): error CS0103: The name 'HttpMockServer' does not exist in the current context
C:\gh\azure-sdk-for-net\sdk\cognitiveservices\Vision.ContentModerator\tests\TextListManagement.cs(291,21): error CS0103: The name 'Assert' does not exist in the current context
C:\gh\azure-sdk-for-net\sdk\cognitiveservices\Vision.ContentModerator\tests\TextListManagement.cs(292,21): error CS0103: The name 'Assert' does not exist in the current context
C:\gh\azure-sdk-for-net\sdk\cognitiveservices\Vision.ContentModerator\tests\ReviewAPIs.cs(183,24): error CS0246: The type or namespace name 'MockContext' could not be found (are you missing a using directive or an assembly reference?)
C:\gh\azure-sdk-for-net\sdk\cognitiveservices\Vision.ContentModerator\tests\ReviewAPIs.cs(183,46): error CS0103: The name 'MockContext' does not exist in the current context
C:\gh\azure-sdk-for-net\sdk\cognitiveservices\Vision.ContentModerator\tests\ReviewAPIs.cs(186,21): error CS0103: The name 'HttpMockServer' does not exist in the current context
C:\gh\azure-sdk-for-net\sdk\cognitiveservices\Vision.ContentModerator\tests\ReviewAPIs.cs(187,60): error CS0103: The name 'HttpMockServer' does not exist in the current context
C:\gh\azure-sdk-for-net\sdk\cognitiveservices\Vision.ContentModerator\tests\ReviewAPIs.cs(191,21): error CS0103: The name 'Assert' does not exist in the current context
C:\gh\azure-sdk-for-net\sdk\cognitiveservices\Vision.ContentModerator\tests\ReviewAPIs.cs(192,21): error CS0103: The name 'Assert' does not exist in the current context
C:\gh\azure-sdk-for-net\sdk\cognitiveservices\Vision.ContentModerator\tests\ReviewAPIs.cs(194,21): error CS0103: The name 'Assert' does not exist in the current context
C:\gh\azure-sdk-for-net\sdk\cognitiveservices\Vision.ContentModerator\tests\ReviewAPIs.cs(195,21): error CS0103: The name 'Assert' does not exist in the current context
C:\gh\azure-sdk-for-net\sdk\cognitiveservices\Vision.ContentModerator\tests\ImageListManagement.cs(216,24): error CS0246: The type or namespace name 'MockContext' could not be found (are you missing a using directive or an assembly reference?)
C:\gh\azure-sdk-for-net\sdk\cognitiveservices\Vision.ContentModerator\tests\ImageListManagement.cs(216,46): error CS0103: The name 'MockContext' does not exist in the current context
C:\gh\azure-sdk-for-net\sdk\cognitiveservices\Vision.ContentModerator\tests\ImageListManagement.cs(223,21): error CS0103: The name 'HttpMockServer' does not exist in the current context
C:\gh\azure-sdk-for-net\sdk\cognitiveservices\Vision.ContentModerator\tests\ImageListManagement.cs(224,60): error CS0103: The name 'HttpMockServer' does not exist in the current context
C:\gh\azure-sdk-for-net\sdk\cognitiveservices\Vision.ContentModerator\tests\ImageListManagement.cs(229,21): error CS0103: The name 'Assert' does not exist in the current context
C:\gh\azure-sdk-for-net\sdk\cognitiveservices\Vision.ContentModerator\tests\ImageListManagement.cs(230,21): error CS0103: The name 'Assert' does not exist in the current context
C:\gh\azure-sdk-for-net\sdk\cognitiveservices\Vision.ContentModerator\tests\ImageListManagement.cs(231,21): error CS0103: The name 'Assert' does not exist in the current context
C:\gh\azure-sdk-for-net\sdk\cognitiveservices\Vision.ContentModerator\tests\ImageListManagement.cs(232,21): error CS0103: The name 'Assert' does not exist in the current context
C:\gh\azure-sdk-for-net\sdk\cognitiveservices\Vision.ContentModerator\tests\TextListManagement.cs(308,24): error CS0246: The type or namespace name 'MockContext' could not be found (are you missing a using directive or an assembly reference?)
C:\gh\azure-sdk-for-net\sdk\cognitiveservices\Vision.ContentModerator\tests\TextListManagement.cs(308,46): error CS0103: The name 'MockContext' does not exist in the current context
C:\gh\azure-sdk-for-net\sdk\cognitiveservices\Vision.ContentModerator\tests\TextListManagement.cs(321,21): error CS0103: The name 'HttpMockServer' does not exist in the current context
C:\gh\azure-sdk-for-net\sdk\cognitiveservices\Vision.ContentModerator\tests\TextListManagement.cs(322,60): error CS0103: The name 'HttpMockServer' does not exist in the current context
C:\gh\azure-sdk-for-net\sdk\cognitiveservices\Vision.ContentModerator\tests\TextListManagement.cs(328,21): error CS0103: The name 'Assert' does not exist in the current context
C:\gh\azure-sdk-for-net\sdk\cognitiveservices\Vision.ContentModerator\tests\TextListManagement.cs(329,21): error CS0103: The name 'Assert' does not exist in the current context
C:\gh\azure-sdk-for-net\sdk\cognitiveservices\Vision.ContentModerator\tests\Helpers\Constants.cs(554,41): error CS0246: The type or namespace name 'ServiceClientCredentials' could not be found (are you missing a using directive or an assembly reference?)
C:\gh\azure-sdk-for-net\sdk\cognitiveservices\Vision.ContentModerator\tests\Helpers\Constants.cs(554,41): error CS0012: The type 'DelegatingHandler' is defined in an assembly that is not referenced. You must add a reference to assembly 'System.Net.Http, Version=4.0.0.0, Culture=neutral, PublicKeyToken=b03f5f7f11d50a3a'.
C:\gh\azure-sdk-for-net\sdk\cognitiveservices\Vision.ContentModerator\tests\Helpers\Constants.cs(554,41): error CS0012: The type 'HttpClientHandler' is defined in an assembly that is not referenced. You must add a reference to assembly 'System.Net.Http, Version=4.0.0.0, Culture=neutral, PublicKeyToken=b03f5f7f11d50a3a'.
C:\gh\azure-sdk-for-net\sdk\cognitiveservices\Vision.ContentModerator\tests\Helpers\Constants.cs(571,53): error CS0246: The type or namespace name 'ServiceClientCredentials' could not be found (are you missing a using directive or an assembly reference?)
C:\gh\azure-sdk-for-net\sdk\cognitiveservices\Vision.ContentModerator\tests\Helpers\Constants.cs(571,53): error CS0012: The type 'HttpClientHandler' is defined in an assembly that is not referenced. You must add a reference to assembly 'System.Net.Http, Version=4.0.0.0, Culture=neutral, PublicKeyToken=b03f5f7f11d50a3a'.
C:\gh\azure-sdk-for-net\sdk\cognitiveservices\Vision.ContentModerator\tests\ImageModerator.cs(247,24): error CS0246: The type or namespace name 'MockContext' could not be found (are you missing a using directive or an assembly reference?)
C:\gh\azure-sdk-for-net\sdk\cognitiveservices\Vision.ContentModerator\tests\ImageModerator.cs(247,46): error CS0103: The name 'MockContext' does not exist in the current context
C:\gh\azure-sdk-for-net\sdk\cognitiveservices\Vision.ContentModerator\tests\ImageModerator.cs(249,21): error CS0103: The name 'HttpMockServer' does not exist in the current context
C:\gh\azure-sdk-for-net\sdk\cognitiveservices\Vision.ContentModerator\tests\ImageModerator.cs(256,60): error CS0103: The name 'HttpMockServer' does not exist in the current context
C:\gh\azure-sdk-for-net\sdk\cognitiveservices\Vision.ContentModerator\tests\ImageModerator.cs(259,25): error CS0246: The type or namespace name 'RestException' could not be found (are you missing a using directive or an assembly reference?)
C:\gh\azure-sdk-for-net\sdk\cognitiveservices\Vision.ContentModerator\tests\ImageModerator.cs(262,25): error CS0103: The name 'Assert' does not exist in the current context
C:\gh\azure-sdk-for-net\sdk\cognitiveservices\Vision.ContentModerator\tests\ImageModerator.cs(263,25): error CS0103: The name 'Assert' does not exist in the current context
C:\gh\azure-sdk-for-net\sdk\cognitiveservices\Vision.ContentModerator\tests\ImageModerator.cs(264,25): error CS0103: The name 'Assert' does not exist in the current context
C:\gh\azure-sdk-for-net\sdk\cognitiveservices\Vision.ContentModerator\tests\ImageModerator.cs(269,25): error CS0103: The name 'Assert' does not exist in the current context
C:\gh\azure-sdk-for-net\sdk\cognitiveservices\Vision.ContentModerator\tests\ImageModerator.cs(270,25): error CS0103: The name 'Assert' does not exist in the current context
C:\gh\azure-sdk-for-net\sdk\cognitiveservices\Vision.ContentModerator\tests\ImageModerator.cs(270,68): error CS0246: The type or namespace name 'HttpResponseMessageWrapper' could not be found (are you missing a using directive or an assembly reference?)
C:\gh\azure-sdk-for-net\sdk\cognitiveservices\Vision.ContentModerator\tests\TextListManagement.cs(347,24): error CS0246: The type or namespace name 'MockContext' could not be found (are you missing a using directive or an assembly reference?)
C:\gh\azure-sdk-for-net\sdk\cognitiveservices\Vision.ContentModerator\tests\TextListManagement.cs(347,46): error CS0103: The name 'MockContext' does not exist in the current context
C:\gh\azure-sdk-for-net\sdk\cognitiveservices\Vision.ContentModerator\tests\TextListManagement.cs(354,21): error CS0103: The name 'HttpMockServer' does not exist in the current context
C:\gh\azure-sdk-for-net\sdk\cognitiveservices\Vision.ContentModerator\tests\TextListManagement.cs(355,60): error CS0103: The name 'HttpMockServer' does not exist in the current context
C:\gh\azure-sdk-for-net\sdk\cognitiveservices\Vision.ContentModerator\tests\TextListManagement.cs(360,21): error CS0103: The name 'Assert' does not exist in the current context
C:\gh\azure-sdk-for-net\sdk\cognitiveservices\Vision.ContentModerator\tests\TextListManagement.cs(361,21): error CS0103: The name 'Assert' does not exist in the current context
C:\gh\azure-sdk-for-net\sdk\cognitiveservices\Vision.ContentModerator\tests\ReviewAPIs.cs(210,24): error CS0246: The type or namespace name 'MockContext' could not be found (are you missing a using directive or an assembly reference?)
C:\gh\azure-sdk-for-net\sdk\cognitiveservices\Vision.ContentModerator\tests\ReviewAPIs.cs(210,46): error CS0103: The name 'MockContext' does not exist in the current context
C:\gh\azure-sdk-for-net\sdk\cognitiveservices\Vision.ContentModerator\tests\ReviewAPIs.cs(213,21): error CS0103: The name 'HttpMockServer' does not exist in the current context
C:\gh\azure-sdk-for-net\sdk\cognitiveservices\Vision.ContentModerator\tests\ReviewAPIs.cs(214,60): error CS0103: The name 'HttpMockServer' does not exist in the current context
C:\gh\azure-sdk-for-net\sdk\cognitiveservices\Vision.ContentModerator\tests\ReviewAPIs.cs(218,21): error CS0103: The name 'Assert' does not exist in the current context
C:\gh\azure-sdk-for-net\sdk\cognitiveservices\Vision.ContentModerator\tests\ReviewAPIs.cs(219,21): error CS0103: The name 'Assert' does not exist in the current context
C:\gh\azure-sdk-for-net\sdk\cognitiveservices\Vision.ContentModerator\tests\ReviewAPIs.cs(221,21): error CS0103: The name 'Assert' does not exist in the current context
C:\gh\azure-sdk-for-net\sdk\cognitiveservices\Vision.ContentModerator\tests\ReviewAPIs.cs(222,21): error CS0103: The name 'Assert' does not exist in the current context
C:\gh\azure-sdk-for-net\sdk\cognitiveservices\Vision.ContentModerator\tests\ImageListManagement.cs(253,24): error CS0246: The type or namespace name 'MockContext' could not be found (are you missing a using directive or an assembly reference?)
C:\gh\azure-sdk-for-net\sdk\cognitiveservices\Vision.ContentModerator\tests\ImageListManagement.cs(253,46): error CS0103: The name 'MockContext' does not exist in the current context
C:\gh\azure-sdk-for-net\sdk\cognitiveservices\Vision.ContentModerator\tests\ImageListManagement.cs(260,21): error CS0103: The name 'HttpMockServer' does not exist in the current context
C:\gh\azure-sdk-for-net\sdk\cognitiveservices\Vision.ContentModerator\tests\ImageListManagement.cs(261,60): error CS0103: The name 'HttpMockServer' does not exist in the current context
C:\gh\azure-sdk-for-net\sdk\cognitiveservices\Vision.ContentModerator\tests\ImageListManagement.cs(266,21): error CS0103: The name 'Assert' does not exist in the current context
C:\gh\azure-sdk-for-net\sdk\cognitiveservices\Vision.ContentModerator\tests\ImageListManagement.cs(267,21): error CS0103: The name 'Assert' does not exist in the current context
C:\gh\azure-sdk-for-net\sdk\cognitiveservices\Vision.ContentModerator\tests\ImageListManagement.cs(268,21): error CS0103: The name 'Assert' does not exist in the current context
C:\gh\azure-sdk-for-net\sdk\cognitiveservices\Vision.ContentModerator\tests\ImageModerator.cs(286,24): error CS0246: The type or namespace name 'MockContext' could not be found (are you missing a using directive or an assembly reference?)
C:\gh\azure-sdk-for-net\sdk\cognitiveservices\Vision.ContentModerator\tests\ImageModerator.cs(286,46): error CS0103: The name 'MockContext' does not exist in the current context
C:\gh\azure-sdk-for-net\sdk\cognitiveservices\Vision.ContentModerator\tests\ImageModerator.cs(288,21): error CS0103: The name 'HttpMockServer' does not exist in the current context
C:\gh\azure-sdk-for-net\sdk\cognitiveservices\Vision.ContentModerator\tests\ImageModerator.cs(292,60): error CS0103: The name 'HttpMockServer' does not exist in the current context
C:\gh\azure-sdk-for-net\sdk\cognitiveservices\Vision.ContentModerator\tests\ImageModerator.cs(295,25): error CS0246: The type or namespace name 'RestException' could not be found (are you missing a using directive or an assembly reference?)
C:\gh\azure-sdk-for-net\sdk\cognitiveservices\Vision.ContentModerator\tests\ImageModerator.cs(298,25): error CS0103: The name 'Assert' does not exist in the current context
C:\gh\azure-sdk-for-net\sdk\cognitiveservices\Vision.ContentModerator\tests\ImageModerator.cs(299,25): error CS0103: The name 'Assert' does not exist in the current context
C:\gh\azure-sdk-for-net\sdk\cognitiveservices\Vision.ContentModerator\tests\ImageModerator.cs(300,25): error CS0103: The name 'Assert' does not exist in the current context
C:\gh\azure-sdk-for-net\sdk\cognitiveservices\Vision.ContentModerator\tests\ImageModerator.cs(305,25): error CS0103: The name 'Assert' does not exist in the current context
C:\gh\azure-sdk-for-net\sdk\cognitiveservices\Vision.ContentModerator\tests\ImageModerator.cs(306,25): error CS0103: The name 'Assert' does not exist in the current context
C:\gh\azure-sdk-for-net\sdk\cognitiveservices\Vision.ContentModerator\tests\ImageModerator.cs(306,68): error CS0246: The type or namespace name 'HttpResponseMessageWrapper' could not be found (are you missing a using directive or an assembly reference?)
C:\gh\azure-sdk-for-net\sdk\cognitiveservices\Vision.ContentModerator\tests\Helpers\Constants.cs(605,33): error CS0246: The type or namespace name 'HttpOperationResponse' could not be found (are you missing a using directive or an assembly reference?)
C:\gh\azure-sdk-for-net\sdk\cognitiveservices\Vision.ContentModerator\tests\Helpers\Constants.cs(605,161): error CS0246: The type or namespace name 'HttpOperationResponse' could not be found (are you missing a using directive or an assembly reference?)
C:\gh\azure-sdk-for-net\sdk\cognitiveservices\Vision.ContentModerator\tests\Helpers\Constants.cs(609,31): error CS0246: The type or namespace name 'RestException' could not be found (are you missing a using directive or an assembly reference?)
C:\gh\azure-sdk-for-net\sdk\cognitiveservices\Vision.ContentModerator\tests\Helpers\Constants.cs(610,14): error CS0246: The type or namespace name 'RestException' could not be found (are you missing a using directive or an assembly reference?)
C:\gh\azure-sdk-for-net\sdk\cognitiveservices\Vision.ContentModerator\tests\Helpers\Constants.cs(610,14): error CS0029: Cannot implicitly convert type 'Microsoft.Azure.CognitiveServices.ContentModerator.Models.APIErrorException' to 'System.Exception'
C:\gh\azure-sdk-for-net\sdk\cognitiveservices\Vision.ContentModerator\tests\Helpers\Constants.cs(617,27): error CS0246: The type or namespace name 'HttpOperationResponse<>' could not be found (are you missing a using directive or an assembly reference?)
C:\gh\azure-sdk-for-net\sdk\cognitiveservices\Vision.ContentModerator\tests\Helpers\Constants.cs(621,31): error CS0246: The type or namespace name 'RestException' could not be found (are you missing a using directive or an assembly reference?)
C:\gh\azure-sdk-for-net\sdk\cognitiveservices\Vision.ContentModerator\tests\Helpers\Constants.cs(621,31): error CS0030: Cannot convert type 'System.Exception' to 'Microsoft.Azure.CognitiveServices.ContentModerator.Models.APIErrorException'
C:\gh\azure-sdk-for-net\sdk\cognitiveservices\Vision.ContentModerator\tests\Helpers\Constants.cs(622,14): error CS0246: The type or namespace name 'RestException' could not be found (are you missing a using directive or an assembly reference?)
C:\gh\azure-sdk-for-net\sdk\cognitiveservices\Vision.ContentModerator\tests\Helpers\Constants.cs(622,14): error CS0029: Cannot implicitly convert type 'Microsoft.Azure.CognitiveServices.ContentModerator.Models.APIErrorException' to 'System.Exception'
C:\gh\azure-sdk-for-net\sdk\cognitiveservices\Vision.ContentModerator\tests\Helpers\Constants.cs(624,25): error CS0246: The type or namespace name 'HttpOperationResponse<>' could not be found (are you missing a using directive or an assembly reference?)
C:\gh\azure-sdk-for-net\sdk\cognitiveservices\Vision.ContentModerator\tests\Helpers\Constants.cs(625,37): error CS0246: The type or namespace name 'HttpOperationResponse<>' could not be found (are you missing a using directive or an assembly reference?)
C:\gh\azure-sdk-for-net\sdk\cognitiveservices\Vision.ContentModerator\tests\Helpers\Constants.cs(634,11): error CS0155: The type caught or thrown must be derived from System.Exception
C:\gh\azure-sdk-for-net\sdk\cognitiveservices\Vision.ContentModerator\tests\Helpers\Constants.cs(634,11): error CS0246: The type or namespace name 'RestException' could not be found (are you missing a using directive or an assembly reference?)
C:\gh\azure-sdk-for-net\sdk\cognitiveservices\Vision.ContentModerator\tests\ReviewAPIs.cs(237,24): error CS0246: The type or namespace name 'MockContext' could not be found (are you missing a using directive or an assembly reference?)
C:\gh\azure-sdk-for-net\sdk\cognitiveservices\Vision.ContentModerator\tests\ReviewAPIs.cs(237,46): error CS0103: The name 'MockContext' does not exist in the current context
C:\gh\azure-sdk-for-net\sdk\cognitiveservices\Vision.ContentModerator\tests\ReviewAPIs.cs(240,21): error CS0103: The name 'HttpMockServer' does not exist in the current context
C:\gh\azure-sdk-for-net\sdk\cognitiveservices\Vision.ContentModerator\tests\ReviewAPIs.cs(241,60): error CS0103: The name 'HttpMockServer' does not exist in the current context
C:\gh\azure-sdk-for-net\sdk\cognitiveservices\Vision.ContentModerator\tests\ReviewAPIs.cs(245,21): error CS0103: The name 'Assert' does not exist in the current context
C:\gh\azure-sdk-for-net\sdk\cognitiveservices\Vision.ContentModerator\tests\ReviewAPIs.cs(246,21): error CS0103: The name 'Assert' does not exist in the current context
C:\gh\azure-sdk-for-net\sdk\cognitiveservices\Vision.ContentModerator\tests\ReviewAPIs.cs(248,21): error CS0103: The name 'Assert' does not exist in the current context
C:\gh\azure-sdk-for-net\sdk\cognitiveservices\Vision.ContentModerator\tests\ReviewAPIs.cs(249,21): error CS0103: The name 'Assert' does not exist in the current context
C:\gh\azure-sdk-for-net\sdk\cognitiveservices\Vision.ContentModerator\tests\Helpers\Constants.cs(656,20): error CS0155: The type caught or thrown must be derived from System.Exception
C:\gh\azure-sdk-for-net\sdk\cognitiveservices\Vision.ContentModerator\tests\Helpers\Constants.cs(656,20): error CS0246: The type or namespace name 'RestException' could not be found (are you missing a using directive or an assembly reference?)
C:\gh\azure-sdk-for-net\sdk\cognitiveservices\Vision.ContentModerator\tests\ImageListManagement.cs(285,24): error CS0246: The type or namespace name 'MockContext' could not be found (are you missing a using directive or an assembly reference?)
C:\gh\azure-sdk-for-net\sdk\cognitiveservices\Vision.ContentModerator\tests\ImageListManagement.cs(285,46): error CS0103: The name 'MockContext' does not exist in the current context
C:\gh\azure-sdk-for-net\sdk\cognitiveservices\Vision.ContentModerator\tests\ImageListManagement.cs(294,21): error CS0103: The name 'HttpMockServer' does not exist in the current context
C:\gh\azure-sdk-for-net\sdk\cognitiveservices\Vision.ContentModerator\tests\ImageListManagement.cs(295,59): error CS0103: The name 'HttpMockServer' does not exist in the current context
C:\gh\azure-sdk-for-net\sdk\cognitiveservices\Vision.ContentModerator\tests\ImageListManagement.cs(298,25): error CS0246: The type or namespace name 'RestException' could not be found (are you missing a using directive or an assembly reference?)
C:\gh\azure-sdk-for-net\sdk\cognitiveservices\Vision.ContentModerator\tests\ImageListManagement.cs(302,25): error CS0103: The name 'HttpMockServer' does not exist in the current context
C:\gh\azure-sdk-for-net\sdk\cognitiveservices\Vision.ContentModerator\tests\ImageListManagement.cs(303,64): error CS0103: The name 'HttpMockServer' does not exist in the current context
C:\gh\azure-sdk-for-net\sdk\cognitiveservices\Vision.ContentModerator\tests\ImageListManagement.cs(308,21): error CS0103: The name 'Assert' does not exist in the current context
C:\gh\azure-sdk-for-net\sdk\cognitiveservices\Vision.ContentModerator\tests\ImageListManagement.cs(309,21): error CS0103: The name 'Assert' does not exist in the current context
C:\gh\azure-sdk-for-net\sdk\cognitiveservices\Vision.ContentModerator\tests\ImageListManagement.cs(310,21): error CS0103: The name 'Assert' does not exist in the current context
C:\gh\azure-sdk-for-net\sdk\cognitiveservices\Vision.ContentModerator\tests\ImageModerator.cs(323,24): error CS0246: The type or namespace name 'MockContext' could not be found (are you missing a using directive or an assembly reference?)
C:\gh\azure-sdk-for-net\sdk\cognitiveservices\Vision.ContentModerator\tests\ImageModerator.cs(323,46): error CS0103: The name 'MockContext' does not exist in the current context
C:\gh\azure-sdk-for-net\sdk\cognitiveservices\Vision.ContentModerator\tests\ImageModerator.cs(325,21): error CS0103: The name 'HttpMockServer' does not exist in the current context
C:\gh\azure-sdk-for-net\sdk\cognitiveservices\Vision.ContentModerator\tests\ImageModerator.cs(329,59): error CS0103: The name 'HttpMockServer' does not exist in the current context
C:\gh\azure-sdk-for-net\sdk\cognitiveservices\Vision.ContentModerator\tests\ImageModerator.cs(332,25): error CS0246: The type or namespace name 'RestException' could not be found (are you missing a using directive or an assembly reference?)
C:\gh\azure-sdk-for-net\sdk\cognitiveservices\Vision.ContentModerator\tests\ImageModerator.cs(335,25): error CS0103: The name 'Assert' does not exist in the current context
C:\gh\azure-sdk-for-net\sdk\cognitiveservices\Vision.ContentModerator\tests\ImageModerator.cs(336,25): error CS0103: The name 'Assert' does not exist in the current context
C:\gh\azure-sdk-for-net\sdk\cognitiveservices\Vision.ContentModerator\tests\ImageModerator.cs(337,25): error CS0103: The name 'Assert' does not exist in the current context
C:\gh\azure-sdk-for-net\sdk\cognitiveservices\Vision.ContentModerator\tests\ImageModerator.cs(342,25): error CS0103: The name 'Assert' does not exist in the current context
C:\gh\azure-sdk-for-net\sdk\cognitiveservices\Vision.ContentModerator\tests\ImageModerator.cs(343,25): error CS0103: The name 'Assert' does not exist in the current context
C:\gh\azure-sdk-for-net\sdk\cognitiveservices\Vision.ContentModerator\tests\ImageModerator.cs(343,68): error CS0246: The type or namespace name 'HttpResponseMessageWrapper' could not be found (are you missing a using directive or an assembly reference?)
C:\gh\azure-sdk-for-net\sdk\cognitiveservices\Vision.ContentModerator\tests\ReviewAPIs.cs(265,24): error CS0246: The type or namespace name 'MockContext' could not be found (are you missing a using directive or an assembly reference?)
C:\gh\azure-sdk-for-net\sdk\cognitiveservices\Vision.ContentModerator\tests\ReviewAPIs.cs(265,46): error CS0103: The name 'MockContext' does not exist in the current context
C:\gh\azure-sdk-for-net\sdk\cognitiveservices\Vision.ContentModerator\tests\ReviewAPIs.cs(271,21): error CS0103: The name 'HttpMockServer' does not exist in the current context
C:\gh\azure-sdk-for-net\sdk\cognitiveservices\Vision.ContentModerator\tests\ReviewAPIs.cs(272,60): error CS0103: The name 'HttpMockServer' does not exist in the current context
C:\gh\azure-sdk-for-net\sdk\cognitiveservices\Vision.ContentModerator\tests\ReviewAPIs.cs(276,21): error CS0103: The name 'Assert' does not exist in the current context
C:\gh\azure-sdk-for-net\sdk\cognitiveservices\Vision.ContentModerator\tests\ReviewAPIs.cs(277,21): error CS0103: The name 'Assert' does not exist in the current context
C:\gh\azure-sdk-for-net\sdk\cognitiveservices\Vision.ContentModerator\tests\ReviewAPIs.cs(278,21): error CS0103: The name 'Assert' does not exist in the current context
C:\gh\azure-sdk-for-net\sdk\cognitiveservices\Vision.ContentModerator\tests\ReviewAPIs.cs(280,21): error CS0103: The name 'Assert' does not exist in the current context
C:\gh\azure-sdk-for-net\sdk\cognitiveservices\Vision.ContentModerator\tests\ImageListManagement.cs(325,24): error CS0246: The type or namespace name 'MockContext' could not be found (are you missing a using directive or an assembly reference?)
C:\gh\azure-sdk-for-net\sdk\cognitiveservices\Vision.ContentModerator\tests\ImageListManagement.cs(325,46): error CS0103: The name 'MockContext' does not exist in the current context
C:\gh\azure-sdk-for-net\sdk\cognitiveservices\Vision.ContentModerator\tests\ImageListManagement.cs(336,21): error CS0103: The name 'HttpMockServer' does not exist in the current context
C:\gh\azure-sdk-for-net\sdk\cognitiveservices\Vision.ContentModerator\tests\ImageListManagement.cs(337,60): error CS0103: The name 'HttpMockServer' does not exist in the current context
C:\gh\azure-sdk-for-net\sdk\cognitiveservices\Vision.ContentModerator\tests\ImageListManagement.cs(343,21): error CS0103: The name 'Assert' does not exist in the current context
C:\gh\azure-sdk-for-net\sdk\cognitiveservices\Vision.ContentModerator\tests\ImageListManagement.cs(344,21): error CS0103: The name 'Assert' does not exist in the current context
C:\gh\azure-sdk-for-net\sdk\cognitiveservices\Vision.ContentModerator\tests\ReviewAPIs.cs(301,24): error CS0246: The type or namespace name 'MockContext' could not be found (are you missing a using directive or an assembly reference?)
C:\gh\azure-sdk-for-net\sdk\cognitiveservices\Vision.ContentModerator\tests\ReviewAPIs.cs(301,46): error CS0103: The name 'MockContext' does not exist in the current context
C:\gh\azure-sdk-for-net\sdk\cognitiveservices\Vision.ContentModerator\tests\ReviewAPIs.cs(308,21): error CS0103: The name 'HttpMockServer' does not exist in the current context
C:\gh\azure-sdk-for-net\sdk\cognitiveservices\Vision.ContentModerator\tests\ReviewAPIs.cs(309,60): error CS0103: The name 'HttpMockServer' does not exist in the current context
C:\gh\azure-sdk-for-net\sdk\cognitiveservices\Vision.ContentModerator\tests\ReviewAPIs.cs(313,21): error CS0103: The name 'Assert' does not exist in the current context
C:\gh\azure-sdk-for-net\sdk\cognitiveservices\Vision.ContentModerator\tests\ReviewAPIs.cs(314,21): error CS0103: The name 'Assert' does not exist in the current context
C:\gh\azure-sdk-for-net\sdk\cognitiveservices\Vision.ContentModerator\tests\ReviewAPIs.cs(315,21): error CS0103: The name 'Assert' does not exist in the current context
C:\gh\azure-sdk-for-net\sdk\cognitiveservices\Vision.ContentModerator\tests\ReviewAPIs.cs(317,21): error CS0103: The name 'Assert' does not exist in the current context
C:\gh\azure-sdk-for-net\sdk\cognitiveservices\Vision.ContentModerator\tests\ImageListManagement.cs(360,24): error CS0246: The type or namespace name 'MockContext' could not be found (are you missing a using directive or an assembly reference?)
C:\gh\azure-sdk-for-net\sdk\cognitiveservices\Vision.ContentModerator\tests\ImageListManagement.cs(360,46): error CS0103: The name 'MockContext' does not exist in the current context
C:\gh\azure-sdk-for-net\sdk\cognitiveservices\Vision.ContentModerator\tests\ImageListManagement.cs(367,21): error CS0103: The name 'HttpMockServer' does not exist in the current context
C:\gh\azure-sdk-for-net\sdk\cognitiveservices\Vision.ContentModerator\tests\ImageListManagement.cs(368,60): error CS0103: The name 'HttpMockServer' does not exist in the current context
C:\gh\azure-sdk-for-net\sdk\cognitiveservices\Vision.ContentModerator\tests\ImageListManagement.cs(373,21): error CS0103: The name 'Assert' does not exist in the current context
C:\gh\azure-sdk-for-net\sdk\cognitiveservices\Vision.ContentModerator\tests\ImageListManagement.cs(374,21): error CS0103: The name 'Assert' does not exist in the current context
C:\gh\azure-sdk-for-net\sdk\cognitiveservices\Vision.ContentModerator\tests\ReviewAPIs.cs(333,24): error CS0246: The type or namespace name 'MockContext' could not be found (are you missing a using directive or an assembly reference?)
C:\gh\azure-sdk-for-net\sdk\cognitiveservices\Vision.ContentModerator\tests\ReviewAPIs.cs(333,46): error CS0103: The name 'MockContext' does not exist in the current context
C:\gh\azure-sdk-for-net\sdk\cognitiveservices\Vision.ContentModerator\tests\ReviewAPIs.cs(340,21): error CS0103: The name 'HttpMockServer' does not exist in the current context
C:\gh\azure-sdk-for-net\sdk\cognitiveservices\Vision.ContentModerator\tests\ReviewAPIs.cs(341,60): error CS0103: The name 'HttpMockServer' does not exist in the current context
C:\gh\azure-sdk-for-net\sdk\cognitiveservices\Vision.ContentModerator\tests\ReviewAPIs.cs(345,21): error CS0103: The name 'Assert' does not exist in the current context
C:\gh\azure-sdk-for-net\sdk\cognitiveservices\Vision.ContentModerator\tests\ReviewAPIs.cs(346,21): error CS0103: The name 'Assert' does not exist in the current context
C:\gh\azure-sdk-for-net\sdk\cognitiveservices\Vision.ContentModerator\tests\ReviewAPIs.cs(347,21): error CS0103: The name 'Assert' does not exist in the current context
C:\gh\azure-sdk-for-net\sdk\cognitiveservices\Vision.ContentModerator\tests\ReviewAPIs.cs(349,21): error CS0103: The name 'Assert' does not exist in the current context
C:\gh\azure-sdk-for-net\sdk\cognitiveservices\Vision.ContentModerator\tests\ReviewAPIs.cs(366,24): error CS0246: The type or namespace name 'MockContext' could not be found (are you missing a using directive or an assembly reference?)
C:\gh\azure-sdk-for-net\sdk\cognitiveservices\Vision.ContentModerator\tests\ReviewAPIs.cs(366,46): error CS0103: The name 'MockContext' does not exist in the current context
C:\gh\azure-sdk-for-net\sdk\cognitiveservices\Vision.ContentModerator\tests\ReviewAPIs.cs(372,21): error CS0103: The name 'HttpMockServer' does not exist in the current context
C:\gh\azure-sdk-for-net\sdk\cognitiveservices\Vision.ContentModerator\tests\ReviewAPIs.cs(373,60): error CS0103: The name 'HttpMockServer' does not exist in the current context
C:\gh\azure-sdk-for-net\sdk\cognitiveservices\Vision.ContentModerator\tests\ReviewAPIs.cs(378,21): error CS0103: The name 'Assert' does not exist in the current context
C:\gh\azure-sdk-for-net\sdk\cognitiveservices\Vision.ContentModerator\tests\ReviewAPIs.cs(379,21): error CS0103: The name 'Assert' does not exist in the current context
C:\gh\azure-sdk-for-net\sdk\cognitiveservices\Vision.ContentModerator\tests\Helpers\Constants.cs(707,45): error CS0246: The type or namespace name 'HttpOperationResponse<>' could not be found (are you missing a using directive or an assembly reference?)
C:\gh\azure-sdk-for-net\sdk\cognitiveservices\Vision.ContentModerator\tests\Helpers\Constants.cs(711,52): error CS0246: The type or namespace name 'RestException' could not be found (are you missing a using directive or an assembly reference?)
C:\gh\azure-sdk-for-net\sdk\cognitiveservices\Vision.ContentModerator\tests\Helpers\Constants.cs(711,52): error CS0030: Cannot convert type 'System.Exception' to 'Microsoft.Azure.CognitiveServices.ContentModerator.Models.APIErrorException'
C:\gh\azure-sdk-for-net\sdk\cognitiveservices\Vision.ContentModerator\tests\Helpers\Constants.cs(712,35): error CS0246: The type or namespace name 'RestException' could not be found (are you missing a using directive or an assembly reference?)
C:\gh\azure-sdk-for-net\sdk\cognitiveservices\Vision.ContentModerator\tests\Helpers\Constants.cs(712,35): error CS0029: Cannot implicitly convert type 'Microsoft.Azure.CognitiveServices.ContentModerator.Models.APIErrorException' to 'System.Exception'
C:\gh\azure-sdk-for-net\sdk\cognitiveservices\Vision.ContentModerator\tests\Helpers\Constants.cs(714,43): error CS0246: The type or namespace name 'HttpOperationResponse<>' could not be found (are you missing a using directive or an assembly reference?)
C:\gh\azure-sdk-for-net\sdk\cognitiveservices\Vision.ContentModerator\tests\Helpers\Constants.cs(715,58): error CS0246: The type or namespace name 'HttpOperationResponse<>' could not be found (are you missing a using directive or an assembly reference?)
C:\gh\azure-sdk-for-net\sdk\cognitiveservices\Vision.ContentModerator\tests\Helpers\Constants.cs(718,42): error CS0246: The type or namespace name 'HttpOperationResponse<>' could not be found (are you missing a using directive or an assembly reference?)
C:\gh\azure-sdk-for-net\sdk\cognitiveservices\Vision.ContentModerator\tests\Helpers\Constants.cs(722,52): error CS0246: The type or namespace name 'RestException' could not be found (are you missing a using directive or an assembly reference?)
C:\gh\azure-sdk-for-net\sdk\cognitiveservices\Vision.ContentModerator\tests\Helpers\Constants.cs(722,52): error CS0030: Cannot convert type 'System.Exception' to 'Microsoft.Azure.CognitiveServices.ContentModerator.Models.APIErrorException'
C:\gh\azure-sdk-for-net\sdk\cognitiveservices\Vision.ContentModerator\tests\Helpers\Constants.cs(723,35): error CS0246: The type or namespace name 'RestException' could not be found (are you missing a using directive or an assembly reference?)
C:\gh\azure-sdk-for-net\sdk\cognitiveservices\Vision.ContentModerator\tests\Helpers\Constants.cs(723,35): error CS0029: Cannot implicitly convert type 'Microsoft.Azure.CognitiveServices.ContentModerator.Models.APIErrorException' to 'System.Exception'
C:\gh\azure-sdk-for-net\sdk\cognitiveservices\Vision.ContentModerator\tests\Helpers\Constants.cs(725,40): error CS0246: The type or namespace name 'HttpOperationResponse<>' could not be found (are you missing a using directive or an assembly reference?)
C:\gh\azure-sdk-for-net\sdk\cognitiveservices\Vision.ContentModerator\tests\Helpers\Constants.cs(726,59): error CS0246: The type or namespace name 'HttpOperationResponse<>' could not be found (are you missing a using directive or an assembly reference?)
C:\gh\azure-sdk-for-net\sdk\cognitiveservices\Vision.ContentModerator\tests\Helpers\Constants.cs(729,87): error CS0246: The type or namespace name 'HttpOperationResponse<>' could not be found (are you missing a using directive or an assembly reference?)
C:\gh\azure-sdk-for-net\sdk\cognitiveservices\Vision.ContentModerator\tests\Helpers\Constants.cs(729,170): error CS0246: The type or namespace name 'HttpOperationResponse<>' could not be found (are you missing a using directive or an assembly reference?)
C:\gh\azure-sdk-for-net\sdk\cognitiveservices\Vision.ContentModerator\tests\Helpers\Constants.cs(734,52): error CS0246: The type or namespace name 'RestException' could not be found (are you missing a using directive or an assembly reference?)
C:\gh\azure-sdk-for-net\sdk\cognitiveservices\Vision.ContentModerator\tests\Helpers\Constants.cs(735,35): error CS0246: The type or namespace name 'RestException' could not be found (are you missing a using directive or an assembly reference?)
C:\gh\azure-sdk-for-net\sdk\cognitiveservices\Vision.ContentModerator\tests\Helpers\Constants.cs(735,35): error CS0029: Cannot implicitly convert type 'Microsoft.Azure.CognitiveServices.ContentModerator.Models.APIErrorException' to 'System.Exception'
C:\gh\azure-sdk-for-net\sdk\cognitiveservices\Vision.ContentModerator\tests\Helpers\Constants.cs(741,45): error CS0246: The type or namespace name 'HttpOperationResponse<>' could not be found (are you missing a using directive or an assembly reference?)
C:\gh\azure-sdk-for-net\sdk\cognitiveservices\Vision.ContentModerator\tests\Helpers\Constants.cs(745,52): error CS0246: The type or namespace name 'RestException' could not be found (are you missing a using directive or an assembly reference?)
C:\gh\azure-sdk-for-net\sdk\cognitiveservices\Vision.ContentModerator\tests\Helpers\Constants.cs(745,52): error CS0030: Cannot convert type 'System.Exception' to 'Microsoft.Azure.CognitiveServices.ContentModerator.Models.APIErrorException'
C:\gh\azure-sdk-for-net\sdk\cognitiveservices\Vision.ContentModerator\tests\Helpers\Constants.cs(746,35): error CS0246: The type or namespace name 'RestException' could not be found (are you missing a using directive or an assembly reference?)
C:\gh\azure-sdk-for-net\sdk\cognitiveservices\Vision.ContentModerator\tests\Helpers\Constants.cs(746,35): error CS0029: Cannot implicitly convert type 'Microsoft.Azure.CognitiveServices.ContentModerator.Models.APIErrorException' to 'System.Exception'
C:\gh\azure-sdk-for-net\sdk\cognitiveservices\Vision.ContentModerator\tests\Helpers\Constants.cs(748,43): error CS0246: The type or namespace name 'HttpOperationResponse<>' could not be found (are you missing a using directive or an assembly reference?)
C:\gh\azure-sdk-for-net\sdk\cognitiveservices\Vision.ContentModerator\tests\Helpers\Constants.cs(749,58): error CS0246: The type or namespace name 'HttpOperationResponse<>' could not be found (are you missing a using directive or an assembly reference?)
C:\gh\azure-sdk-for-net\sdk\cognitiveservices\Vision.ContentModerator\tests\Helpers\Constants.cs(761,49): error CS0246: The type or namespace name 'HttpOperationResponse' could not be found (are you missing a using directive or an assembly reference?)
C:\gh\azure-sdk-for-net\sdk\cognitiveservices\Vision.ContentModerator\tests\Helpers\Constants.cs(765,52): error CS0246: The type or namespace name 'RestException' could not be found (are you missing a using directive or an assembly reference?)
C:\gh\azure-sdk-for-net\sdk\cognitiveservices\Vision.ContentModerator\tests\Helpers\Constants.cs(765,52): error CS0030: Cannot convert type 'System.Exception' to 'Microsoft.Azure.CognitiveServices.ContentModerator.Models.APIErrorException'
C:\gh\azure-sdk-for-net\sdk\cognitiveservices\Vision.ContentModerator\tests\Helpers\Constants.cs(766,35): error CS0246: The type or namespace name 'RestException' could not be found (are you missing a using directive or an assembly reference?)
C:\gh\azure-sdk-for-net\sdk\cognitiveservices\Vision.ContentModerator\tests\Helpers\Constants.cs(766,35): error CS0029: Cannot implicitly convert type 'Microsoft.Azure.CognitiveServices.ContentModerator.Models.APIErrorException' to 'System.Exception'
C:\gh\azure-sdk-for-net\sdk\cognitiveservices\Vision.ContentModerator\tests\Helpers\Constants.cs(768,47): error CS0246: The type or namespace name 'HttpOperationResponse' could not be found (are you missing a using directive or an assembly reference?)
C:\gh\azure-sdk-for-net\sdk\cognitiveservices\Vision.ContentModerator\tests\Helpers\Constants.cs(769,65): error CS0246: The type or namespace name 'HttpOperationResponse' could not be found (are you missing a using directive or an assembly reference?)
C:\gh\azure-sdk-for-net\sdk\cognitiveservices\Vision.ContentModerator\tests\Helpers\Constants.cs(774,50): error CS0246: The type or namespace name 'HttpOperationResponse' could not be found (are you missing a using directive or an assembly reference?)
C:\gh\azure-sdk-for-net\sdk\cognitiveservices\Vision.ContentModerator\tests\Helpers\Constants.cs(778,52): error CS0246: The type or namespace name 'RestException' could not be found (are you missing a using directive or an assembly reference?)
C:\gh\azure-sdk-for-net\sdk\cognitiveservices\Vision.ContentModerator\tests\Helpers\Constants.cs(778,52): error CS0030: Cannot convert type 'System.Exception' to 'Microsoft.Azure.CognitiveServices.ContentModerator.Models.APIErrorException'
C:\gh\azure-sdk-for-net\sdk\cognitiveservices\Vision.ContentModerator\tests\Helpers\Constants.cs(779,35): error CS0246: The type or namespace name 'RestException' could not be found (are you missing a using directive or an assembly reference?)
C:\gh\azure-sdk-for-net\sdk\cognitiveservices\Vision.ContentModerator\tests\Helpers\Constants.cs(779,35): error CS0029: Cannot implicitly convert type 'Microsoft.Azure.CognitiveServices.ContentModerator.Models.APIErrorException' to 'System.Exception'
C:\gh\azure-sdk-for-net\sdk\cognitiveservices\Vision.ContentModerator\tests\Helpers\Constants.cs(781,48): error CS0246: The type or namespace name 'HttpOperationResponse' could not be found (are you missing a using directive or an assembly reference?)
C:\gh\azure-sdk-for-net\sdk\cognitiveservices\Vision.ContentModerator\tests\Helpers\Constants.cs(782,68): error CS0246: The type or namespace name 'HttpOperationResponse' could not be found (are you missing a using directive or an assembly reference?)
C:\gh\azure-sdk-for-net\sdk\cognitiveservices\Vision.ContentModerator\tests\Helpers\Constants.cs(785,66): error CS0246: The type or namespace name 'HttpOperationResponse' could not be found (are you missing a using directive or an assembly reference?)
C:\gh\azure-sdk-for-net\sdk\cognitiveservices\Vision.ContentModerator\tests\Helpers\Constants.cs(789,52): error CS0246: The type or namespace name 'RestException' could not be found (are you missing a using directive or an assembly reference?)
C:\gh\azure-sdk-for-net\sdk\cognitiveservices\Vision.ContentModerator\tests\Helpers\Constants.cs(789,52): error CS0030: Cannot convert type 'System.Exception' to 'Microsoft.Azure.CognitiveServices.ContentModerator.Models.APIErrorException'
C:\gh\azure-sdk-for-net\sdk\cognitiveservices\Vision.ContentModerator\tests\Helpers\Constants.cs(790,35): error CS0246: The type or namespace name 'RestException' could not be found (are you missing a using directive or an assembly reference?)
C:\gh\azure-sdk-for-net\sdk\cognitiveservices\Vision.ContentModerator\tests\Helpers\Constants.cs(790,35): error CS0029: Cannot implicitly convert type 'Microsoft.Azure.CognitiveServices.ContentModerator.Models.APIErrorException' to 'System.Exception'
C:\gh\azure-sdk-for-net\sdk\cognitiveservices\Vision.ContentModerator\tests\Helpers\Constants.cs(792,64): error CS0246: The type or namespace name 'HttpOperationResponse' could not be found (are you missing a using directive or an assembly reference?)
C:\gh\azure-sdk-for-net\sdk\cognitiveservices\Vision.ContentModerator\tests\Helpers\Constants.cs(793,100): error CS0246: The type or namespace name 'HttpOperationResponse' could not be found (are you missing a using directive or an assembly reference?)
C:\gh\azure-sdk-for-net\sdk\cognitiveservices\Vision.ContentModerator\tests\Helpers\Constants.cs(800,20): error CS0155: The type caught or thrown must be derived from System.Exception
C:\gh\azure-sdk-for-net\sdk\cognitiveservices\Vision.ContentModerator\tests\Helpers\Constants.cs(800,20): error CS0246: The type or namespace name 'RestException' could not be found (are you missing a using directive or an assembly reference?)
C:\gh\azure-sdk-for-net\sdk\cognitiveservices\Vision.ContentModerator\tests\ReviewAPIs.cs(395,24): error CS0246: The type or namespace name 'MockContext' could not be found (are you missing a using directive or an assembly reference?)
C:\gh\azure-sdk-for-net\sdk\cognitiveservices\Vision.ContentModerator\tests\ReviewAPIs.cs(395,46): error CS0103: The name 'MockContext' does not exist in the current context
C:\gh\azure-sdk-for-net\sdk\cognitiveservices\Vision.ContentModerator\tests\ReviewAPIs.cs(400,21): error CS0103: The name 'HttpMockServer' does not exist in the current context
C:\gh\azure-sdk-for-net\sdk\cognitiveservices\Vision.ContentModerator\tests\ReviewAPIs.cs(401,60): error CS0103: The name 'HttpMockServer' does not exist in the current context
C:\gh\azure-sdk-for-net\sdk\cognitiveservices\Vision.ContentModerator\tests\ReviewAPIs.cs(406,21): error CS0103: The name 'Assert' does not exist in the current context
C:\gh\azure-sdk-for-net\sdk\cognitiveservices\Vision.ContentModerator\tests\ReviewAPIs.cs(407,21): error CS0103: The name 'Assert' does not exist in the current context
C:\gh\azure-sdk-for-net\sdk\cognitiveservices\Vision.ContentModerator\tests\Helpers\Constants.cs(821,41): error CS0246: The type or namespace name 'ServiceClientCredentials' could not be found (are you missing a using directive or an assembly reference?)
C:\gh\azure-sdk-for-net\sdk\cognitiveservices\Vision.ContentModerator\tests\Helpers\Constants.cs(821,41): error CS0012: The type 'DelegatingHandler' is defined in an assembly that is not referenced. You must add a reference to assembly 'System.Net.Http, Version=4.0.0.0, Culture=neutral, PublicKeyToken=b03f5f7f11d50a3a'.
C:\gh\azure-sdk-for-net\sdk\cognitiveservices\Vision.ContentModerator\tests\Helpers\Constants.cs(821,41): error CS0012: The type 'HttpClientHandler' is defined in an assembly that is not referenced. You must add a reference to assembly 'System.Net.Http, Version=4.0.0.0, Culture=neutral, PublicKeyToken=b03f5f7f11d50a3a'.
C:\gh\azure-sdk-for-net\sdk\cognitiveservices\Vision.ContentModerator\tests\Helpers\Constants.cs(837,53): error CS0246: The type or namespace name 'ServiceClientCredentials' could not be found (are you missing a using directive or an assembly reference?)
C:\gh\azure-sdk-for-net\sdk\cognitiveservices\Vision.ContentModerator\tests\Helpers\Constants.cs(837,53): error CS0012: The type 'HttpClientHandler' is defined in an assembly that is not referenced. You must add a reference to assembly 'System.Net.Http, Version=4.0.0.0, Culture=neutral, PublicKeyToken=b03f5f7f11d50a3a'.
C:\gh\azure-sdk-for-net\sdk\cognitiveservices\Vision.ContentModerator\tests\ReviewAPIs.cs(422,24): error CS0246: The type or namespace name 'MockContext' could not be found (are you missing a using directive or an assembly reference?)
C:\gh\azure-sdk-for-net\sdk\cognitiveservices\Vision.ContentModerator\tests\ReviewAPIs.cs(422,46): error CS0103: The name 'MockContext' does not exist in the current context
C:\gh\azure-sdk-for-net\sdk\cognitiveservices\Vision.ContentModerator\tests\ReviewAPIs.cs(427,21): error CS0103: The name 'HttpMockServer' does not exist in the current context
C:\gh\azure-sdk-for-net\sdk\cognitiveservices\Vision.ContentModerator\tests\ReviewAPIs.cs(428,60): error CS0103: The name 'HttpMockServer' does not exist in the current context
C:\gh\azure-sdk-for-net\sdk\cognitiveservices\Vision.ContentModerator\tests\ReviewAPIs.cs(433,21): error CS0103: The name 'Assert' does not exist in the current context
C:\gh\azure-sdk-for-net\sdk\cognitiveservices\Vision.ContentModerator\tests\ReviewAPIs.cs(434,21): error CS0103: The name 'Assert' does not exist in the current context
C:\gh\azure-sdk-for-net\sdk\cognitiveservices\Vision.ContentModerator\tests\ReviewAPIs.cs(435,21): error CS0103: The name 'Assert' does not exist in the current context
C:\gh\azure-sdk-for-net\sdk\cognitiveservices\Vision.ContentModerator\tests\ReviewAPIs.cs(451,24): error CS0246: The type or namespace name 'MockContext' could not be found (are you missing a using directive or an assembly reference?)
C:\gh\azure-sdk-for-net\sdk\cognitiveservices\Vision.ContentModerator\tests\ReviewAPIs.cs(451,46): error CS0103: The name 'MockContext' does not exist in the current context
C:\gh\azure-sdk-for-net\sdk\cognitiveservices\Vision.ContentModerator\tests\ReviewAPIs.cs(456,21): error CS0103: The name 'HttpMockServer' does not exist in the current context
C:\gh\azure-sdk-for-net\sdk\cognitiveservices\Vision.ContentModerator\tests\ReviewAPIs.cs(457,60): error CS0103: The name 'HttpMockServer' does not exist in the current context
C:\gh\azure-sdk-for-net\sdk\cognitiveservices\Vision.ContentModerator\tests\ReviewAPIs.cs(461,21): error CS0103: The name 'Assert' does not exist in the current context
C:\gh\azure-sdk-for-net\sdk\cognitiveservices\Vision.ContentModerator\tests\ReviewAPIs.cs(462,21): error CS0103: The name 'Assert' does not exist in the current context
C:\gh\azure-sdk-for-net\sdk\cognitiveservices\Vision.ContentModerator\tests\ReviewAPIs.cs(477,24): error CS0246: The type or namespace name 'MockContext' could not be found (are you missing a using directive or an assembly reference?)
C:\gh\azure-sdk-for-net\sdk\cognitiveservices\Vision.ContentModerator\tests\ReviewAPIs.cs(477,46): error CS0103: The name 'MockContext' does not exist in the current context
C:\gh\azure-sdk-for-net\sdk\cognitiveservices\Vision.ContentModerator\tests\ReviewAPIs.cs(485,25): error CS0103: The name 'HttpMockServer' does not exist in the current context
C:\gh\azure-sdk-for-net\sdk\cognitiveservices\Vision.ContentModerator\tests\ReviewAPIs.cs(486,64): error CS0103: The name 'HttpMockServer' does not exist in the current context
C:\gh\azure-sdk-for-net\sdk\cognitiveservices\Vision.ContentModerator\tests\ReviewAPIs.cs(492,21): error CS0103: The name 'Assert' does not exist in the current context
C:\gh\azure-sdk-for-net\sdk\cognitiveservices\Vision.ContentModerator\tests\ReviewAPIs.cs(493,21): error CS0103: The name 'Assert' does not exist in the current context
C:\gh\azure-sdk-for-net\sdk\cognitiveservices\Vision.ContentModerator\tests\ReviewAPIs.cs(508,24): error CS0246: The type or namespace name 'MockContext' could not be found (are you missing a using directive or an assembly reference?)
C:\gh\azure-sdk-for-net\sdk\cognitiveservices\Vision.ContentModerator\tests\ReviewAPIs.cs(508,46): error CS0103: The name 'MockContext' does not exist in the current context
C:\gh\azure-sdk-for-net\sdk\cognitiveservices\Vision.ContentModerator\tests\ReviewAPIs.cs(515,21): error CS0103: The name 'HttpMockServer' does not exist in the current context
C:\gh\azure-sdk-for-net\sdk\cognitiveservices\Vision.ContentModerator\tests\ReviewAPIs.cs(516,60): error CS0103: The name 'HttpMockServer' does not exist in the current context
C:\gh\azure-sdk-for-net\sdk\cognitiveservices\Vision.ContentModerator\tests\ReviewAPIs.cs(521,21): error CS0103: The name 'Assert' does not exist in the current context
C:\gh\azure-sdk-for-net\sdk\cognitiveservices\Vision.ContentModerator\tests\ReviewAPIs.cs(522,21): error CS0103: The name 'Assert' does not exist in the current context
C:\gh\azure-sdk-for-net\sdk\cognitiveservices\Vision.ContentModerator\tests\Helpers\Constants.cs(907,20): error CS0246: The type or namespace name 'HttpOperationResponse<>' could not be found (are you missing a using directive or an assembly reference?)
C:\gh\azure-sdk-for-net\sdk\cognitiveservices\Vision.ContentModerator\tests\Helpers\Constants.cs(911,52): error CS0246: The type or namespace name 'RestException' could not be found (are you missing a using directive or an assembly reference?)
C:\gh\azure-sdk-for-net\sdk\cognitiveservices\Vision.ContentModerator\tests\Helpers\Constants.cs(911,52): error CS0030: Cannot convert type 'System.Exception' to 'Microsoft.Azure.CognitiveServices.ContentModerator.Models.APIErrorException'
C:\gh\azure-sdk-for-net\sdk\cognitiveservices\Vision.ContentModerator\tests\Helpers\Constants.cs(912,35): error CS0246: The type or namespace name 'RestException' could not be found (are you missing a using directive or an assembly reference?)
C:\gh\azure-sdk-for-net\sdk\cognitiveservices\Vision.ContentModerator\tests\Helpers\Constants.cs(912,35): error CS0029: Cannot implicitly convert type 'Microsoft.Azure.CognitiveServices.ContentModerator.Models.APIErrorException' to 'System.Exception'
C:\gh\azure-sdk-for-net\sdk\cognitiveservices\Vision.ContentModerator\tests\Helpers\Constants.cs(914,36): error CS0246: The type or namespace name 'HttpOperationResponse<>' could not be found (are you missing a using directive or an assembly reference?)
C:\gh\azure-sdk-for-net\sdk\cognitiveservices\Vision.ContentModerator\tests\Helpers\Constants.cs(915,30): error CS0246: The type or namespace name 'HttpOperationResponse<>' could not be found (are you missing a using directive or an assembly reference?)
C:\gh\azure-sdk-for-net\sdk\cognitiveservices\Vision.ContentModerator\tests\Helpers\Constants.cs(918,20): error CS0246: The type or namespace name 'HttpOperationResponse<>' could not be found (are you missing a using directive or an assembly reference?)
C:\gh\azure-sdk-for-net\sdk\cognitiveservices\Vision.ContentModerator\tests\Helpers\Constants.cs(922,52): error CS0246: The type or namespace name 'RestException' could not be found (are you missing a using directive or an assembly reference?)
C:\gh\azure-sdk-for-net\sdk\cognitiveservices\Vision.ContentModerator\tests\Helpers\Constants.cs(922,52): error CS0030: Cannot convert type 'System.Exception' to 'Microsoft.Azure.CognitiveServices.ContentModerator.Models.APIErrorException'
C:\gh\azure-sdk-for-net\sdk\cognitiveservices\Vision.ContentModerator\tests\Helpers\Constants.cs(923,35): error CS0246: The type or namespace name 'RestException' could not be found (are you missing a using directive or an assembly reference?)
C:\gh\azure-sdk-for-net\sdk\cognitiveservices\Vision.ContentModerator\tests\Helpers\Constants.cs(923,35): error CS0029: Cannot implicitly convert type 'Microsoft.Azure.CognitiveServices.ContentModerator.Models.APIErrorException' to 'System.Exception'
C:\gh\azure-sdk-for-net\sdk\cognitiveservices\Vision.ContentModerator\tests\Helpers\Constants.cs(925,36): error CS0246: The type or namespace name 'HttpOperationResponse<>' could not be found (are you missing a using directive or an assembly reference?)
C:\gh\azure-sdk-for-net\sdk\cognitiveservices\Vision.ContentModerator\tests\Helpers\Constants.cs(926,34): error CS0246: The type or namespace name 'HttpOperationResponse<>' could not be found (are you missing a using directive or an assembly reference?)
C:\gh\azure-sdk-for-net\sdk\cognitiveservices\Vision.ContentModerator\tests\Helpers\Constants.cs(933,20): error CS0155: The type caught or thrown must be derived from System.Exception
C:\gh\azure-sdk-for-net\sdk\cognitiveservices\Vision.ContentModerator\tests\Helpers\Constants.cs(933,20): error CS0246: The type or namespace name 'RestException' could not be found (are you missing a using directive or an assembly reference?)
C:\gh\azure-sdk-for-net\sdk\cognitiveservices\Vision.ContentModerator\tests\Helpers\Constants.cs(966,22): error CS0246: The type or namespace name 'HttpOperationResponse<>' could not be found (are you missing a using directive or an assembly reference?)
C:\gh\azure-sdk-for-net\sdk\cognitiveservices\Vision.ContentModerator\tests\Helpers\Constants.cs(970,31): error CS0246: The type or namespace name 'RestException' could not be found (are you missing a using directive or an assembly reference?)
C:\gh\azure-sdk-for-net\sdk\cognitiveservices\Vision.ContentModerator\tests\Helpers\Constants.cs(970,31): error CS0030: Cannot convert type 'System.Exception' to 'Microsoft.Azure.CognitiveServices.ContentModerator.Models.APIErrorException'
C:\gh\azure-sdk-for-net\sdk\cognitiveservices\Vision.ContentModerator\tests\Helpers\Constants.cs(971,14): error CS0246: The type or namespace name 'RestException' could not be found (are you missing a using directive or an assembly reference?)
C:\gh\azure-sdk-for-net\sdk\cognitiveservices\Vision.ContentModerator\tests\Helpers\Constants.cs(971,14): error CS0029: Cannot implicitly convert type 'Microsoft.Azure.CognitiveServices.ContentModerator.Models.APIErrorException' to 'System.Exception'
C:\gh\azure-sdk-for-net\sdk\cognitiveservices\Vision.ContentModerator\tests\Helpers\Constants.cs(973,20): error CS0246: The type or namespace name 'HttpOperationResponse<>' could not be found (are you missing a using directive or an assembly reference?)
C:\gh\azure-sdk-for-net\sdk\cognitiveservices\Vision.ContentModerator\tests\Helpers\Constants.cs(974,30): error CS0246: The type or namespace name 'HttpOperationResponse<>' could not be found (are you missing a using directive or an assembly reference?)
C:\gh\azure-sdk-for-net\sdk\cognitiveservices\Vision.ContentModerator\tests\Helpers\Constants.cs(977,20): error CS0246: The type or namespace name 'HttpOperationResponse<>' could not be found (are you missing a using directive or an assembly reference?)
C:\gh\azure-sdk-for-net\sdk\cognitiveservices\Vision.ContentModerator\tests\Helpers\Constants.cs(981,31): error CS0246: The type or namespace name 'RestException' could not be found (are you missing a using directive or an assembly reference?)
C:\gh\azure-sdk-for-net\sdk\cognitiveservices\Vision.ContentModerator\tests\Helpers\Constants.cs(981,31): error CS0030: Cannot convert type 'System.Exception' to 'Microsoft.Azure.CognitiveServices.ContentModerator.Models.APIErrorException'
C:\gh\azure-sdk-for-net\sdk\cognitiveservices\Vision.ContentModerator\tests\Helpers\Constants.cs(982,14): error CS0246: The type or namespace name 'RestException' could not be found (are you missing a using directive or an assembly reference?)
C:\gh\azure-sdk-for-net\sdk\cognitiveservices\Vision.ContentModerator\tests\Helpers\Constants.cs(982,14): error CS0029: Cannot implicitly convert type 'Microsoft.Azure.CognitiveServices.ContentModerator.Models.APIErrorException' to 'System.Exception'
C:\gh\azure-sdk-for-net\sdk\cognitiveservices\Vision.ContentModerator\tests\Helpers\Constants.cs(984,18): error CS0246: The type or namespace name 'HttpOperationResponse<>' could not be found (are you missing a using directive or an assembly reference?)
C:\gh\azure-sdk-for-net\sdk\cognitiveservices\Vision.ContentModerator\tests\Helpers\Constants.cs(985,30): error CS0246: The type or namespace name 'HttpOperationResponse<>' could not be found (are you missing a using directive or an assembly reference?)
C:\gh\azure-sdk-for-net\sdk\cognitiveservices\Vision.ContentModerator\tests\Helpers\Constants.cs(988,20): error CS0246: The type or namespace name 'HttpOperationResponse<>' could not be found (are you missing a using directive or an assembly reference?)
C:\gh\azure-sdk-for-net\sdk\cognitiveservices\Vision.ContentModerator\tests\Helpers\Constants.cs(992,31): error CS0246: The type or namespace name 'RestException' could not be found (are you missing a using directive or an assembly reference?)
C:\gh\azure-sdk-for-net\sdk\cognitiveservices\Vision.ContentModerator\tests\Helpers\Constants.cs(992,31): error CS0030: Cannot convert type 'System.Exception' to 'Microsoft.Azure.CognitiveServices.ContentModerator.Models.APIErrorException'
C:\gh\azure-sdk-for-net\sdk\cognitiveservices\Vision.ContentModerator\tests\Helpers\Constants.cs(993,14): error CS0246: The type or namespace name 'RestException' could not be found (are you missing a using directive or an assembly reference?)
C:\gh\azure-sdk-for-net\sdk\cognitiveservices\Vision.ContentModerator\tests\Helpers\Constants.cs(993,14): error CS0029: Cannot implicitly convert type 'Microsoft.Azure.CognitiveServices.ContentModerator.Models.APIErrorException' to 'System.Exception'
C:\gh\azure-sdk-for-net\sdk\cognitiveservices\Vision.ContentModerator\tests\Helpers\Constants.cs(995,18): error CS0246: The type or namespace name 'HttpOperationResponse<>' could not be found (are you missing a using directive or an assembly reference?)
C:\gh\azure-sdk-for-net\sdk\cognitiveservices\Vision.ContentModerator\tests\Helpers\Constants.cs(996,30): error CS0246: The type or namespace name 'HttpOperationResponse<>' could not be found (are you missing a using directive or an assembly reference?)
C:\gh\azure-sdk-for-net\sdk\cognitiveservices\Vision.ContentModerator\tests\Helpers\Constants.cs(999,20): error CS0246: The type or namespace name 'HttpOperationResponse<>' could not be found (are you missing a using directive or an assembly reference?)
C:\gh\azure-sdk-for-net\sdk\cognitiveservices\Vision.ContentModerator\tests\Helpers\Constants.cs(1003,31): error CS0246: The type or namespace name 'RestException' could not be found (are you missing a using directive or an assembly reference?)
C:\gh\azure-sdk-for-net\sdk\cognitiveservices\Vision.ContentModerator\tests\Helpers\Constants.cs(1003,31): error CS0030: Cannot convert type 'System.Exception' to 'Microsoft.Azure.CognitiveServices.ContentModerator.Models.APIErrorException'
C:\gh\azure-sdk-for-net\sdk\cognitiveservices\Vision.ContentModerator\tests\Helpers\Constants.cs(1004,14): error CS0246: The type or namespace name 'RestException' could not be found (are you missing a using directive or an assembly reference?)
C:\gh\azure-sdk-for-net\sdk\cognitiveservices\Vision.ContentModerator\tests\Helpers\Constants.cs(1004,14): error CS0029: Cannot implicitly convert type 'Microsoft.Azure.CognitiveServices.ContentModerator.Models.APIErrorException' to 'System.Exception'
C:\gh\azure-sdk-for-net\sdk\cognitiveservices\Vision.ContentModerator\tests\Helpers\Constants.cs(1006,18): error CS0246: The type or namespace name 'HttpOperationResponse<>' could not be found (are you missing a using directive or an assembly reference?)
C:\gh\azure-sdk-for-net\sdk\cognitiveservices\Vision.ContentModerator\tests\Helpers\Constants.cs(1007,23): error CS0246: The type or namespace name 'HttpOperationResponse<>' could not be found (are you missing a using directive or an assembly reference?)
C:\gh\azure-sdk-for-net\sdk\cognitiveservices\Vision.ContentModerator\tests\Helpers\Constants.cs(1014,11): error CS0155: The type caught or thrown must be derived from System.Exception
C:\gh\azure-sdk-for-net\sdk\cognitiveservices\Vision.ContentModerator\tests\Helpers\Constants.cs(1014,11): error CS0246: The type or namespace name 'RestException' could not be found (are you missing a using directive or an assembly reference?)
C:\gh\azure-sdk-for-net\sdk\cognitiveservices\Vision.ContentModerator\tests\Helpers\Constants.cs(1044,44): error CS0246: The type or namespace name 'HttpOperationResponse<>' could not be found (are you missing a using directive or an assembly reference?)
C:\gh\azure-sdk-for-net\sdk\cognitiveservices\Vision.ContentModerator\tests\Helpers\Constants.cs(1048,52): error CS0246: The type or namespace name 'RestException' could not be found (are you missing a using directive or an assembly reference?)
C:\gh\azure-sdk-for-net\sdk\cognitiveservices\Vision.ContentModerator\tests\Helpers\Constants.cs(1048,52): error CS0030: Cannot convert type 'System.Exception' to 'Microsoft.Azure.CognitiveServices.ContentModerator.Models.APIErrorException'
C:\gh\azure-sdk-for-net\sdk\cognitiveservices\Vision.ContentModerator\tests\Helpers\Constants.cs(1049,35): error CS0246: The type or namespace name 'RestException' could not be found (are you missing a using directive or an assembly reference?)
C:\gh\azure-sdk-for-net\sdk\cognitiveservices\Vision.ContentModerator\tests\Helpers\Constants.cs(1049,35): error CS0029: Cannot implicitly convert type 'Microsoft.Azure.CognitiveServices.ContentModerator.Models.APIErrorException' to 'System.Exception'
C:\gh\azure-sdk-for-net\sdk\cognitiveservices\Vision.ContentModerator\tests\Helpers\Constants.cs(1051,42): error CS0246: The type or namespace name 'HttpOperationResponse<>' could not be found (are you missing a using directive or an assembly reference?)
C:\gh\azure-sdk-for-net\sdk\cognitiveservices\Vision.ContentModerator\tests\Helpers\Constants.cs(1052,55): error CS0246: The type or namespace name 'HttpOperationResponse<>' could not be found (are you missing a using directive or an assembly reference?)
C:\gh\azure-sdk-for-net\sdk\cognitiveservices\Vision.ContentModerator\tests\Helpers\Constants.cs(1056,22): error CS0246: The type or namespace name 'HttpOperationResponse<>' could not be found (are you missing a using directive or an assembly reference?)
C:\gh\azure-sdk-for-net\sdk\cognitiveservices\Vision.ContentModerator\tests\Helpers\Constants.cs(1060,31): error CS0246: The type or namespace name 'RestException' could not be found (are you missing a using directive or an assembly reference?)
C:\gh\azure-sdk-for-net\sdk\cognitiveservices\Vision.ContentModerator\tests\Helpers\Constants.cs(1060,31): error CS0030: Cannot convert type 'System.Exception' to 'Microsoft.Azure.CognitiveServices.ContentModerator.Models.APIErrorException'
C:\gh\azure-sdk-for-net\sdk\cognitiveservices\Vision.ContentModerator\tests\Helpers\Constants.cs(1061,14): error CS0246: The type or namespace name 'RestException' could not be found (are you missing a using directive or an assembly reference?)
C:\gh\azure-sdk-for-net\sdk\cognitiveservices\Vision.ContentModerator\tests\Helpers\Constants.cs(1061,14): error CS0029: Cannot implicitly convert type 'Microsoft.Azure.CognitiveServices.ContentModerator.Models.APIErrorException' to 'System.Exception'
C:\gh\azure-sdk-for-net\sdk\cognitiveservices\Vision.ContentModerator\tests\Helpers\Constants.cs(1063,20): error CS0246: The type or namespace name 'HttpOperationResponse<>' could not be found (are you missing a using directive or an assembly reference?)
C:\gh\azure-sdk-for-net\sdk\cognitiveservices\Vision.ContentModerator\tests\Helpers\Constants.cs(1064,30): error CS0246: The type or namespace name 'HttpOperationResponse<>' could not be found (are you missing a using directive or an assembly reference?)
C:\gh\azure-sdk-for-net\sdk\cognitiveservices\Vision.ContentModerator\tests\Helpers\Constants.cs(1067,20): error CS0246: The type or namespace name 'HttpOperationResponse<>' could not be found (are you missing a using directive or an assembly reference?)
C:\gh\azure-sdk-for-net\sdk\cognitiveservices\Vision.ContentModerator\tests\Helpers\Constants.cs(1071,31): error CS0246: The type or namespace name 'RestException' could not be found (are you missing a using directive or an assembly reference?)
C:\gh\azure-sdk-for-net\sdk\cognitiveservices\Vision.ContentModerator\tests\Helpers\Constants.cs(1071,31): error CS0030: Cannot convert type 'System.Exception' to 'Microsoft.Azure.CognitiveServices.ContentModerator.Models.APIErrorException'
C:\gh\azure-sdk-for-net\sdk\cognitiveservices\Vision.ContentModerator\tests\Helpers\Constants.cs(1072,14): error CS0246: The type or namespace name 'RestException' could not be found (are you missing a using directive or an assembly reference?)
C:\gh\azure-sdk-for-net\sdk\cognitiveservices\Vision.ContentModerator\tests\Helpers\Constants.cs(1072,14): error CS0029: Cannot implicitly convert type 'Microsoft.Azure.CognitiveServices.ContentModerator.Models.APIErrorException' to 'System.Exception'
C:\gh\azure-sdk-for-net\sdk\cognitiveservices\Vision.ContentModerator\tests\Helpers\Constants.cs(1074,18): error CS0246: The type or namespace name 'HttpOperationResponse<>' could not be found (are you missing a using directive or an assembly reference?)
C:\gh\azure-sdk-for-net\sdk\cognitiveservices\Vision.ContentModerator\tests\Helpers\Constants.cs(1075,30): error CS0246: The type or namespace name 'HttpOperationResponse<>' could not be found (are you missing a using directive or an assembly reference?)
C:\gh\azure-sdk-for-net\sdk\cognitiveservices\Vision.ContentModerator\tests\Helpers\Constants.cs(1078,20): error CS0246: The type or namespace name 'HttpOperationResponse<>' could not be found (are you missing a using directive or an assembly reference?)
C:\gh\azure-sdk-for-net\sdk\cognitiveservices\Vision.ContentModerator\tests\Helpers\Constants.cs(1082,31): error CS0246: The type or namespace name 'RestException' could not be found (are you missing a using directive or an assembly reference?)
C:\gh\azure-sdk-for-net\sdk\cognitiveservices\Vision.ContentModerator\tests\Helpers\Constants.cs(1082,31): error CS0030: Cannot convert type 'System.Exception' to 'Microsoft.Azure.CognitiveServices.ContentModerator.Models.APIErrorException'
C:\gh\azure-sdk-for-net\sdk\cognitiveservices\Vision.ContentModerator\tests\Helpers\Constants.cs(1083,14): error CS0246: The type or namespace name 'RestException' could not be found (are you missing a using directive or an assembly reference?)
C:\gh\azure-sdk-for-net\sdk\cognitiveservices\Vision.ContentModerator\tests\Helpers\Constants.cs(1083,14): error CS0029: Cannot implicitly convert type 'Microsoft.Azure.CognitiveServices.ContentModerator.Models.APIErrorException' to 'System.Exception'
C:\gh\azure-sdk-for-net\sdk\cognitiveservices\Vision.ContentModerator\tests\Helpers\Constants.cs(1085,18): error CS0246: The type or namespace name 'HttpOperationResponse<>' could not be found (are you missing a using directive or an assembly reference?)
C:\gh\azure-sdk-for-net\sdk\cognitiveservices\Vision.ContentModerator\tests\Helpers\Constants.cs(1086,30): error CS0246: The type or namespace name 'HttpOperationResponse<>' could not be found (are you missing a using directive or an assembly reference?)
C:\gh\azure-sdk-for-net\sdk\cognitiveservices\Vision.ContentModerator\tests\Helpers\Constants.cs(1089,20): error CS0246: The type or namespace name 'HttpOperationResponse<>' could not be found (are you missing a using directive or an assembly reference?)
C:\gh\azure-sdk-for-net\sdk\cognitiveservices\Vision.ContentModerator\tests\Helpers\Constants.cs(1093,31): error CS0246: The type or namespace name 'RestException' could not be found (are you missing a using directive or an assembly reference?)
C:\gh\azure-sdk-for-net\sdk\cognitiveservices\Vision.ContentModerator\tests\Helpers\Constants.cs(1093,31): error CS0030: Cannot convert type 'System.Exception' to 'Microsoft.Azure.CognitiveServices.ContentModerator.Models.APIErrorException'
C:\gh\azure-sdk-for-net\sdk\cognitiveservices\Vision.ContentModerator\tests\Helpers\Constants.cs(1094,14): error CS0246: The type or namespace name 'RestException' could not be found (are you missing a using directive or an assembly reference?)
C:\gh\azure-sdk-for-net\sdk\cognitiveservices\Vision.ContentModerator\tests\Helpers\Constants.cs(1094,14): error CS0029: Cannot implicitly convert type 'Microsoft.Azure.CognitiveServices.ContentModerator.Models.APIErrorException' to 'System.Exception'
C:\gh\azure-sdk-for-net\sdk\cognitiveservices\Vision.ContentModerator\tests\Helpers\Constants.cs(1096,18): error CS0246: The type or namespace name 'HttpOperationResponse<>' could not be found (are you missing a using directive or an assembly reference?)
C:\gh\azure-sdk-for-net\sdk\cognitiveservices\Vision.ContentModerator\tests\Helpers\Constants.cs(1097,23): error CS0246: The type or namespace name 'HttpOperationResponse<>' could not be found (are you missing a using directive or an assembly reference?)
C:\gh\azure-sdk-for-net\sdk\cognitiveservices\Vision.ContentModerator\tests\Helpers\Constants.cs(1106,11): error CS0155: The type caught or thrown must be derived from System.Exception
C:\gh\azure-sdk-for-net\sdk\cognitiveservices\Vision.ContentModerator\tests\Helpers\Constants.cs(1106,11): error CS0246: The type or namespace name 'RestException' could not be found (are you missing a using directive or an assembly reference?)
C:\gh\azure-sdk-for-net\sdk\cognitiveservices\Vision.ContentModerator\tests\Helpers\Utilities.cs(562,95): error CS0103: The name 'JsonConvert' does not exist in the current context
C:\gh\azure-sdk-for-net\sdk\cognitiveservices\Vision.ContentModerator\tests\Helpers\Constants.cs(1144,20): error CS0246: The type or namespace name 'HttpOperationResponse<>' could not be found (are you missing a using directive or an assembly reference?)
C:\gh\azure-sdk-for-net\sdk\cognitiveservices\Vision.ContentModerator\tests\Helpers\Constants.cs(1147,52): error CS0246: The type or namespace name 'RestException' could not be found (are you missing a using directive or an assembly reference?)
C:\gh\azure-sdk-for-net\sdk\cognitiveservices\Vision.ContentModerator\tests\Helpers\Constants.cs(1147,52): error CS0030: Cannot convert type 'System.Exception' to 'Microsoft.Azure.CognitiveServices.ContentModerator.Models.APIErrorException'
C:\gh\azure-sdk-for-net\sdk\cognitiveservices\Vision.ContentModerator\tests\Helpers\Constants.cs(1148,35): error CS0246: The type or namespace name 'RestException' could not be found (are you missing a using directive or an assembly reference?)
C:\gh\azure-sdk-for-net\sdk\cognitiveservices\Vision.ContentModerator\tests\Helpers\Constants.cs(1148,35): error CS0029: Cannot implicitly convert type 'Microsoft.Azure.CognitiveServices.ContentModerator.Models.APIErrorException' to 'System.Exception'
C:\gh\azure-sdk-for-net\sdk\cognitiveservices\Vision.ContentModerator\tests\Helpers\Constants.cs(1150,36): error CS0246: The type or namespace name 'HttpOperationResponse<>' could not be found (are you missing a using directive or an assembly reference?)
C:\gh\azure-sdk-for-net\sdk\cognitiveservices\Vision.ContentModerator\tests\Helpers\Constants.cs(1151,35): error CS0246: The type or namespace name 'HttpOperationResponse<>' could not be found (are you missing a using directive or an assembly reference?)
C:\gh\azure-sdk-for-net\sdk\cognitiveservices\Vision.ContentModerator\tests\Helpers\Constants.cs(1154,20): error CS0246: The type or namespace name 'HttpOperationResponse<>' could not be found (are you missing a using directive or an assembly reference?)
C:\gh\azure-sdk-for-net\sdk\cognitiveservices\Vision.ContentModerator\tests\Helpers\Constants.cs(1155,18): error CS0246: The type or namespace name 'HttpOperationResponse<>' could not be found (are you missing a using directive or an assembly reference?)
C:\gh\azure-sdk-for-net\sdk\cognitiveservices\Vision.ContentModerator\tests\Helpers\Constants.cs(1156,35): error CS0246: The type or namespace name 'HttpOperationResponse<>' could not be found (are you missing a using directive or an assembly reference?)
C:\gh\azure-sdk-for-net\sdk\cognitiveservices\Vision.ContentModerator\tests\Helpers\Constants.cs(1159,26): error CS0246: The type or namespace name 'HttpOperationResponse<>' could not be found (are you missing a using directive or an assembly reference?)
C:\gh\azure-sdk-for-net\sdk\cognitiveservices\Vision.ContentModerator\tests\Helpers\Constants.cs(1160,24): error CS0246: The type or namespace name 'HttpOperationResponse<>' could not be found (are you missing a using directive or an assembly reference?)
C:\gh\azure-sdk-for-net\sdk\cognitiveservices\Vision.ContentModerator\tests\Helpers\Constants.cs(1161,42): error CS0246: The type or namespace name 'HttpOperationResponse<>' could not be found (are you missing a using directive or an assembly reference?)
C:\gh\azure-sdk-for-net\sdk\cognitiveservices\Vision.ContentModerator\tests\Helpers\Constants.cs(1164,21): error CS0246: The type or namespace name 'HttpOperationResponse<>' could not be found (are you missing a using directive or an assembly reference?)
C:\gh\azure-sdk-for-net\sdk\cognitiveservices\Vision.ContentModerator\tests\Helpers\Constants.cs(1165,19): error CS0246: The type or namespace name 'HttpOperationResponse<>' could not be found (are you missing a using directive or an assembly reference?)
C:\gh\azure-sdk-for-net\sdk\cognitiveservices\Vision.ContentModerator\tests\Helpers\Constants.cs(1166,40): error CS0246: The type or namespace name 'HttpOperationResponse<>' could not be found (are you missing a using directive or an assembly reference?)
C:\gh\azure-sdk-for-net\sdk\cognitiveservices\Vision.ContentModerator\tests\Helpers\Constants.cs(1169,21): error CS0246: The type or namespace name 'HttpOperationResponse<>' could not be found (are you missing a using directive or an assembly reference?)
C:\gh\azure-sdk-for-net\sdk\cognitiveservices\Vision.ContentModerator\tests\Helpers\Constants.cs(1170,19): error CS0246: The type or namespace name 'HttpOperationResponse<>' could not be found (are you missing a using directive or an assembly reference?)
C:\gh\azure-sdk-for-net\sdk\cognitiveservices\Vision.ContentModerator\tests\Helpers\Constants.cs(1171,37): error CS0246: The type or namespace name 'HttpOperationResponse<>' could not be found (are you missing a using directive or an assembly reference?)
C:\gh\azure-sdk-for-net\sdk\cognitiveservices\Vision.ContentModerator\tests\Helpers\Constants.cs(1174,21): error CS0246: The type or namespace name 'HttpOperationResponse<>' could not be found (are you missing a using directive or an assembly reference?)
C:\gh\azure-sdk-for-net\sdk\cognitiveservices\Vision.ContentModerator\tests\Helpers\Constants.cs(1175,19): error CS0246: The type or namespace name 'HttpOperationResponse<>' could not be found (are you missing a using directive or an assembly reference?)
C:\gh\azure-sdk-for-net\sdk\cognitiveservices\Vision.ContentModerator\tests\Helpers\Constants.cs(1176,42): error CS0246: The type or namespace name 'HttpOperationResponse<>' could not be found (are you missing a using directive or an assembly reference?)
C:\gh\azure-sdk-for-net\sdk\cognitiveservices\Vision.ContentModerator\tests\Helpers\Constants.cs(1181,21): error CS0246: The type or namespace name 'HttpOperationResponse<>' could not be found (are you missing a using directive or an assembly reference?)
C:\gh\azure-sdk-for-net\sdk\cognitiveservices\Vision.ContentModerator\tests\Helpers\Constants.cs(1182,19): error CS0246: The type or namespace name 'HttpOperationResponse<>' could not be found (are you missing a using directive or an assembly reference?)
C:\gh\azure-sdk-for-net\sdk\cognitiveservices\Vision.ContentModerator\tests\Helpers\Constants.cs(1183,35): error CS0246: The type or namespace name 'HttpOperationResponse<>' could not be found (are you missing a using directive or an assembly reference?)
C:\gh\azure-sdk-for-net\sdk\cognitiveservices\Vision.ContentModerator\tests\Helpers\Constants.cs(1186,21): error CS0246: The type or namespace name 'HttpOperationResponse<>' could not be found (are you missing a using directive or an assembly reference?)
C:\gh\azure-sdk-for-net\sdk\cognitiveservices\Vision.ContentModerator\tests\Helpers\Constants.cs(1187,19): error CS0246: The type or namespace name 'HttpOperationResponse<>' could not be found (are you missing a using directive or an assembly reference?)
C:\gh\azure-sdk-for-net\sdk\cognitiveservices\Vision.ContentModerator\tests\Helpers\Constants.cs(1188,35): error CS0246: The type or namespace name 'HttpOperationResponse<>' could not be found (are you missing a using directive or an assembly reference?)
C:\gh\azure-sdk-for-net\sdk\cognitiveservices\Vision.ContentModerator\tests\Helpers\Constants.cs(1191,21): error CS0246: The type or namespace name 'HttpOperationResponse<>' could not be found (are you missing a using directive or an assembly reference?)
C:\gh\azure-sdk-for-net\sdk\cognitiveservices\Vision.ContentModerator\tests\Helpers\Constants.cs(1194,52): error CS0246: The type or namespace name 'RestException' could not be found (are you missing a using directive or an assembly reference?)
C:\gh\azure-sdk-for-net\sdk\cognitiveservices\Vision.ContentModerator\tests\Helpers\Constants.cs(1194,52): error CS0030: Cannot convert type 'System.Exception' to 'Microsoft.Azure.CognitiveServices.ContentModerator.Models.APIErrorException'
C:\gh\azure-sdk-for-net\sdk\cognitiveservices\Vision.ContentModerator\tests\Helpers\Constants.cs(1195,35): error CS0246: The type or namespace name 'RestException' could not be found (are you missing a using directive or an assembly reference?)
C:\gh\azure-sdk-for-net\sdk\cognitiveservices\Vision.ContentModerator\tests\Helpers\Constants.cs(1195,35): error CS0029: Cannot implicitly convert type 'Microsoft.Azure.CognitiveServices.ContentModerator.Models.APIErrorException' to 'System.Exception'
C:\gh\azure-sdk-for-net\sdk\cognitiveservices\Vision.ContentModerator\tests\Helpers\Constants.cs(1197,37): error CS0246: The type or namespace name 'HttpOperationResponse<>' could not be found (are you missing a using directive or an assembly reference?)
C:\gh\azure-sdk-for-net\sdk\cognitiveservices\Vision.ContentModerator\tests\Helpers\Constants.cs(1198,36): error CS0246: The type or namespace name 'HttpOperationResponse<>' could not be found (are you missing a using directive or an assembly reference?)
C:\gh\azure-sdk-for-net\sdk\cognitiveservices\Vision.ContentModerator\tests\Helpers\Constants.cs(1201,22): error CS0246: The type or namespace name 'HttpOperationResponse<>' could not be found (are you missing a using directive or an assembly reference?)
C:\gh\azure-sdk-for-net\sdk\cognitiveservices\Vision.ContentModerator\tests\Helpers\Constants.cs(1202,20): error CS0246: The type or namespace name 'HttpOperationResponse<>' could not be found (are you missing a using directive or an assembly reference?)
C:\gh\azure-sdk-for-net\sdk\cognitiveservices\Vision.ContentModerator\tests\Helpers\Constants.cs(1203,40): error CS0246: The type or namespace name 'HttpOperationResponse<>' could not be found (are you missing a using directive or an assembly reference?)
C:\gh\azure-sdk-for-net\sdk\cognitiveservices\Vision.ContentModerator\tests\Helpers\Constants.cs(1206,21): error CS0246: The type or namespace name 'HttpOperationResponse<>' could not be found (are you missing a using directive or an assembly reference?)
C:\gh\azure-sdk-for-net\sdk\cognitiveservices\Vision.ContentModerator\tests\Helpers\Constants.cs(1207,19): error CS0246: The type or namespace name 'HttpOperationResponse<>' could not be found (are you missing a using directive or an assembly reference?)
C:\gh\azure-sdk-for-net\sdk\cognitiveservices\Vision.ContentModerator\tests\Helpers\Constants.cs(1208,36): error CS0246: The type or namespace name 'HttpOperationResponse<>' could not be found (are you missing a using directive or an assembly reference?)
C:\gh\azure-sdk-for-net\sdk\cognitiveservices\Vision.ContentModerator\tests\Helpers\Constants.cs(1211,21): error CS0246: The type or namespace name 'HttpOperationResponse<>' could not be found (are you missing a using directive or an assembly reference?)
C:\gh\azure-sdk-for-net\sdk\cognitiveservices\Vision.ContentModerator\tests\Helpers\Constants.cs(1212,19): error CS0246: The type or namespace name 'HttpOperationResponse<>' could not be found (are you missing a using directive or an assembly reference?)
C:\gh\azure-sdk-for-net\sdk\cognitiveservices\Vision.ContentModerator\tests\Helpers\Constants.cs(1213,41): error CS0246: The type or namespace name 'HttpOperationResponse<>' could not be found (are you missing a using directive or an assembly reference?)
C:\gh\azure-sdk-for-net\sdk\cognitiveservices\Vision.ContentModerator\tests\Helpers\Constants.cs(1217,20): error CS0246: The type or namespace name 'HttpOperationResponse<>' could not be found (are you missing a using directive or an assembly reference?)
C:\gh\azure-sdk-for-net\sdk\cognitiveservices\Vision.ContentModerator\tests\Helpers\Constants.cs(1221,31): error CS0246: The type or namespace name 'RestException' could not be found (are you missing a using directive or an assembly reference?)
C:\gh\azure-sdk-for-net\sdk\cognitiveservices\Vision.ContentModerator\tests\Helpers\Constants.cs(1221,31): error CS0030: Cannot convert type 'System.Exception' to 'Microsoft.Azure.CognitiveServices.ContentModerator.Models.APIErrorException'
C:\gh\azure-sdk-for-net\sdk\cognitiveservices\Vision.ContentModerator\tests\Helpers\Constants.cs(1222,14): error CS0246: The type or namespace name 'RestException' could not be found (are you missing a using directive or an assembly reference?)
C:\gh\azure-sdk-for-net\sdk\cognitiveservices\Vision.ContentModerator\tests\Helpers\Constants.cs(1222,14): error CS0029: Cannot implicitly convert type 'Microsoft.Azure.CognitiveServices.ContentModerator.Models.APIErrorException' to 'System.Exception'
C:\gh\azure-sdk-for-net\sdk\cognitiveservices\Vision.ContentModerator\tests\Helpers\Constants.cs(1224,18): error CS0246: The type or namespace name 'HttpOperationResponse<>' could not be found (are you missing a using directive or an assembly reference?)
C:\gh\azure-sdk-for-net\sdk\cognitiveservices\Vision.ContentModerator\tests\Helpers\Constants.cs(1225,28): error CS0246: The type or namespace name 'HttpOperationResponse<>' could not be found (are you missing a using directive or an assembly reference?)
C:\gh\azure-sdk-for-net\sdk\cognitiveservices\Vision.ContentModerator\tests\Helpers\Constants.cs(1228,20): error CS0246: The type or namespace name 'HttpOperationResponse<>' could not be found (are you missing a using directive or an assembly reference?)
C:\gh\azure-sdk-for-net\sdk\cognitiveservices\Vision.ContentModerator\tests\Helpers\Constants.cs(1230,18): error CS0246: The type or namespace name 'HttpOperationResponse<>' could not be found (are you missing a using directive or an assembly reference?)
C:\gh\azure-sdk-for-net\sdk\cognitiveservices\Vision.ContentModerator\tests\Helpers\Constants.cs(1231,31): error CS0246: The type or namespace name 'HttpOperationResponse<>' could not be found (are you missing a using directive or an assembly reference?)
C:\gh\azure-sdk-for-net\sdk\cognitiveservices\Vision.ContentModerator\tests\Helpers\Constants.cs(1234,21): error CS0246: The type or namespace name 'HttpOperationResponse<>' could not be found (are you missing a using directive or an assembly reference?)
C:\gh\azure-sdk-for-net\sdk\cognitiveservices\Vision.ContentModerator\tests\Helpers\Constants.cs(1236,19): error CS0246: The type or namespace name 'HttpOperationResponse<>' could not be found (are you missing a using directive or an assembly reference?)
C:\gh\azure-sdk-for-net\sdk\cognitiveservices\Vision.ContentModerator\tests\Helpers\Constants.cs(1237,33): error CS0246: The type or namespace name 'HttpOperationResponse<>' could not be found (are you missing a using directive or an assembly reference?)
C:\gh\azure-sdk-for-net\sdk\cognitiveservices\Vision.ContentModerator\tests\Helpers\Constants.cs(1240,21): error CS0246: The type or namespace name 'HttpOperationResponse<>' could not be found (are you missing a using directive or an assembly reference?)
C:\gh\azure-sdk-for-net\sdk\cognitiveservices\Vision.ContentModerator\tests\Helpers\Constants.cs(1241,19): error CS0246: The type or namespace name 'HttpOperationResponse<>' could not be found (are you missing a using directive or an assembly reference?)
C:\gh\azure-sdk-for-net\sdk\cognitiveservices\Vision.ContentModerator\tests\Helpers\Constants.cs(1242,33): error CS0246: The type or namespace name 'HttpOperationResponse<>' could not be found (are you missing a using directive or an assembly reference?)
C:\gh\azure-sdk-for-net\sdk\cognitiveservices\Vision.ContentModerator\tests\Helpers\Constants.cs(1248,20): error CS0246: The type or namespace name 'HttpOperationResponse<>' could not be found (are you missing a using directive or an assembly reference?)
C:\gh\azure-sdk-for-net\sdk\cognitiveservices\Vision.ContentModerator\tests\Helpers\Constants.cs(1249,18): error CS0246: The type or namespace name 'HttpOperationResponse<>' could not be found (are you missing a using directive or an assembly reference?)
C:\gh\azure-sdk-for-net\sdk\cognitiveservices\Vision.ContentModerator\tests\Helpers\Constants.cs(1250,27): error CS0246: The type or namespace name 'HttpOperationResponse<>' could not be found (are you missing a using directive or an assembly reference?)
C:\gh\azure-sdk-for-net\sdk\cognitiveservices\Vision.ContentModerator\tests\Helpers\Constants.cs(1253,20): error CS0246: The type or namespace name 'HttpOperationResponse<>' could not be found (are you missing a using directive or an assembly reference?)
C:\gh\azure-sdk-for-net\sdk\cognitiveservices\Vision.ContentModerator\tests\Helpers\Constants.cs(1254,18): error CS0246: The type or namespace name 'HttpOperationResponse<>' could not be found (are you missing a using directive or an assembly reference?)
C:\gh\azure-sdk-for-net\sdk\cognitiveservices\Vision.ContentModerator\tests\Helpers\Constants.cs(1255,30): error CS0246: The type or namespace name 'HttpOperationResponse<>' could not be found (are you missing a using directive or an assembly reference?)
C:\gh\azure-sdk-for-net\sdk\cognitiveservices\Vision.ContentModerator\tests\Helpers\Constants.cs(1258,21): error CS0246: The type or namespace name 'HttpOperationResponse<>' could not be found (are you missing a using directive or an assembly reference?)
C:\gh\azure-sdk-for-net\sdk\cognitiveservices\Vision.ContentModerator\tests\Helpers\Constants.cs(1259,19): error CS0246: The type or namespace name 'HttpOperationResponse<>' could not be found (are you missing a using directive or an assembly reference?)
C:\gh\azure-sdk-for-net\sdk\cognitiveservices\Vision.ContentModerator\tests\Helpers\Constants.cs(1260,32): error CS0246: The type or namespace name 'HttpOperationResponse<>' could not be found (are you missing a using directive or an assembly reference?)
C:\gh\azure-sdk-for-net\sdk\cognitiveservices\Vision.ContentModerator\tests\Helpers\Constants.cs(1263,21): error CS0246: The type or namespace name 'HttpOperationResponse<>' could not be found (are you missing a using directive or an assembly reference?)
C:\gh\azure-sdk-for-net\sdk\cognitiveservices\Vision.ContentModerator\tests\Helpers\Constants.cs(1264,19): error CS0246: The type or namespace name 'HttpOperationResponse<>' could not be found (are you missing a using directive or an assembly reference?)
C:\gh\azure-sdk-for-net\sdk\cognitiveservices\Vision.ContentModerator\tests\Helpers\Constants.cs(1265,32): error CS0246: The type or namespace name 'HttpOperationResponse<>' could not be found (are you missing a using directive or an assembly reference?)
C:\gh\azure-sdk-for-net\sdk\cognitiveservices\Vision.ContentModerator\tests\Helpers\Constants.cs(1275,11): error CS0155: The type caught or thrown must be derived from System.Exception
C:\gh\azure-sdk-for-net\sdk\cognitiveservices\Vision.ContentModerator\tests\Helpers\Constants.cs(1275,11): error CS0246: The type or namespace name 'RestException' could not be found (are you missing a using directive or an assembly reference?)
C:\gh\azure-sdk-for-net\artifacts\obj\Microsoft.Azure.CognitiveServices.Vision.ContentModerator.Tests\Debug\net461\Microsoft.Azure.CognitiveServices.Vision.ContentModerator.Tests.AssemblyInfo.cs(11,1): hidden CS8019: Unnecessary using directive.
C:\gh\azure-sdk-for-net\sdk\cognitiveservices\Vision.ContentModerator\tests\Data\Response.cs(8,1): hidden CS8019: Unnecessary using directive.
C:\gh\azure-sdk-for-net\sdk\cognitiveservices\Vision.ContentModerator\tests\TextModerator.cs(13,1): hidden CS8019: Unnecessary using directive.
C:\gh\azure-sdk-for-net\sdk\cognitiveservices\Vision.ContentModerator\tests\Helpers\Constants.cs(7,1): hidden CS8019: Unnecessary using directive.
C:\gh\azure-sdk-for-net\sdk\cognitiveservices\Vision.ContentModerator\tests\Data\ReviewResponse.cs(8,1): hidden CS8019: Unnecessary using directive.
C:\gh\azure-sdk-for-net\sdk\cognitiveservices\Vision.ContentModerator\tests\Helpers\EnumExtensions.cs(6,1): hidden CS8019: Unnecessary using directive.
C:\gh\azure-sdk-for-net\sdk\cognitiveservices\Vision.ContentModerator\tests\Data\ReviewData.cs(3,1): hidden CS8019: Unnecessary using directive.
C:\gh\azure-sdk-for-net\sdk\cognitiveservices\Vision.ContentModerator\tests\Data\BadRequestResponse.cs(1,1): hidden CS8019: Unnecessary using directive.
C:\gh\azure-sdk-for-net\sdk\cognitiveservices\Vision.ContentModerator\tests\ReviewAPIs.cs(11,1): hidden CS8019: Unnecessary using directive.
C:\gh\azure-sdk-for-net\sdk\cognitiveservices\Vision.ContentModerator\tests\ImageListManagement.cs(13,1): hidden CS8019: Unnecessary using directive.
C:\gh\azure-sdk-for-net\sdk\cognitiveservices\Vision.ContentModerator\tests\TestBase.cs(8,1): hidden CS8019: Unnecessary using directive.
C:\gh\azure-sdk-for-net\sdk\cognitiveservices\Vision.ContentModerator\tests\Data\BadRequestResponse.cs(4,1): hidden CS8019: Unnecessary using directive.
C:\gh\azure-sdk-for-net\sdk\cognitiveservices\Vision.ContentModerator\tests\Helpers\Constants.cs(4,1): hidden CS8019: Unnecessary using directive.
C:\gh\azure-sdk-for-net\sdk\cognitiveservices\Vision.ContentModerator\tests\Helpers\EnumExtensions.cs(4,1): hidden CS8019: Unnecessary using directive.
C:\gh\azure-sdk-for-net\sdk\cognitiveservices\Vision.ContentModerator\tests\Helpers\Utilities.cs(16,1): hidden CS8019: Unnecessary using directive.
C:\gh\azure-sdk-for-net\sdk\cognitiveservices\Vision.ContentModerator\tests\TestBase.cs(6,1): hidden CS8019: Unnecessary using directive.
C:\gh\azure-sdk-for-net\sdk\cognitiveservices\Vision.ContentModerator\tests\Data\Response.cs(5,1): hidden CS8019: Unnecessary using directive.
C:\gh\azure-sdk-for-net\sdk\cognitiveservices\Vision.ContentModerator\tests\Data\ReviewResponse.cs(5,1): hidden CS8019: Unnecessary using directive.
C:\gh\azure-sdk-for-net\sdk\cognitiveservices\Vision.ContentModerator\tests\ReviewAPIs.cs(10,1): hidden CS8019: Unnecessary using directive.
C:\gh\azure-sdk-for-net\artifacts\obj\Microsoft.Azure.CognitiveServices.Vision.ContentModerator.Tests\Debug\net461\Microsoft.Azure.CognitiveServices.Vision.ContentModerator.Tests.AssemblyInfo.cs(12,1): hidden CS8019: Unnecessary using directive.
C:\gh\azure-sdk-for-net\sdk\cognitiveservices\Vision.ContentModerator\tests\ImageListManagement.cs(12,1): hidden CS8019: Unnecessary using directive.
C:\gh\azure-sdk-for-net\sdk\cognitiveservices\Vision.ContentModerator\tests\Data\Response.cs(6,1): hidden CS8019: Unnecessary using directive.
C:\gh\azure-sdk-for-net\sdk\cognitiveservices\Vision.ContentModerator\tests\TextListManagement.cs(11,1): hidden CS8019: Unnecessary using directive.
C:\gh\azure-sdk-for-net\sdk\cognitiveservices\Vision.ContentModerator\tests\Data\ReviewResponse.cs(6,1): hidden CS8019: Unnecessary using directive.
C:\gh\azure-sdk-for-net\sdk\cognitiveservices\Vision.ContentModerator\tests\Helpers\Utilities.cs(9,1): hidden CS8019: Unnecessary using directive.
C:\gh\azure-sdk-for-net\sdk\cognitiveservices\Vision.ContentModerator\tests\ImageModerator.cs(12,1): hidden CS8019: Unnecessary using directive.
C:\gh\azure-sdk-for-net\sdk\cognitiveservices\Vision.ContentModerator\tests\ImageListManagement.cs(2,1): hidden CS8019: Unnecessary using directive.
C:\gh\azure-sdk-for-net\sdk\cognitiveservices\Vision.ContentModerator\tests\Helpers\Utilities.cs(17,1): hidden CS8019: Unnecessary using directive.
C:\gh\azure-sdk-for-net\sdk\cognitiveservices\Vision.ContentModerator\tests\Data\BadRequestResponse.cs(3,1): hidden CS8019: Unnecessary using directive.
C:\gh\azure-sdk-for-net\sdk\cognitiveservices\Vision.ContentModerator\tests\TestBase.cs(3,1): hidden CS8019: Unnecessary using directive.
C:\gh\azure-sdk-for-net\sdk\cognitiveservices\Vision.ContentModerator\tests\Helpers\Constants.cs(3,1): hidden CS8019: Unnecessary using directive.
C:\gh\azure-sdk-for-net\eng\mgmt\DisableTestRunParallel.cs(5,1): hidden CS8019: Unnecessary using directive.
C:\gh\azure-sdk-for-net\sdk\cognitiveservices\Vision.ContentModerator\tests\ImageModerator.cs(16,1): hidden CS8019: Unnecessary using directive.
C:\gh\azure-sdk-for-net\sdk\cognitiveservices\Vision.ContentModerator\tests\Data\ReviewData.cs(5,1): hidden CS8019: Unnecessary using directive.
C:\gh\azure-sdk-for-net\sdk\cognitiveservices\Vision.ContentModerator\tests\ImageListManagement.cs(3,1): hidden CS8019: Unnecessary using directive.
C:\gh\azure-sdk-for-net\sdk\cognitiveservices\Vision.ContentModerator\tests\Data\Response.cs(4,1): hidden CS8019: Unnecessary using directive.
C:\gh\azure-sdk-for-net\sdk\cognitiveservices\Vision.ContentModerator\tests\Data\ReviewResponse.cs(4,1): hidden CS8019: Unnecessary using directive.
C:\gh\azure-sdk-for-net\sdk\cognitiveservices\Vision.ContentModerator\tests\Data\ReviewData.cs(2,1): hidden CS8019: Unnecessary using directive.
C:\gh\azure-sdk-for-net\sdk\cognitiveservices\Vision.ContentModerator\tests\ImageModerator.cs(6,1): hidden CS8019: Unnecessary using directive.
C:\gh\azure-sdk-for-net\artifacts\obj\Microsoft.Azure.CognitiveServices.Vision.ContentModerator.Tests\Debug\net461\.NETFramework,Version=v4.6.1.AssemblyAttributes.cs(3,1): hidden CS8019: Unnecessary using directive.
C:\gh\azure-sdk-for-net\sdk\cognitiveservices\Vision.ContentModerator\tests\TextModerator.cs(10,1): hidden CS8019: Unnecessary using directive.
C:\gh\azure-sdk-for-net\sdk\cognitiveservices\Vision.ContentModerator\tests\Helpers\EnumExtensions.cs(2,1): hidden CS8019: Unnecessary using directive.
C:\gh\azure-sdk-for-net\sdk\cognitiveservices\Vision.ContentModerator\tests\Helpers\Utilities.cs(6,1): hidden CS8019: Unnecessary using directive.
C:\gh\azure-sdk-for-net\sdk\cognitiveservices\Vision.ContentModerator\tests\TextListManagement.cs(10,1): hidden CS8019: Unnecessary using directive.
C:\gh\azure-sdk-for-net\sdk\cognitiveservices\Vision.ContentModerator\tests\Helpers\Utilities.cs(2,1): hidden CS8019: Unnecessary using directive.
C:\gh\azure-sdk-for-net\sdk\cognitiveservices\Vision.ContentModerator\tests\ImageModerator.cs(11,1): hidden CS8019: Unnecessary using directive.
C:\gh\azure-sdk-for-net\sdk\cognitiveservices\Vision.ContentModerator\tests\ImageListManagement.cs(6,1): hidden CS8019: Unnecessary using directive.
C:\gh\azure-sdk-for-net\sdk\cognitiveservices\Vision.ContentModerator\tests\ImageModerator.cs(7,1): hidden CS8019: Unnecessary using directive.
C:\gh\azure-sdk-for-net\sdk\cognitiveservices\Vision.ContentModerator\tests\ReviewAPIs.cs(12,1): hidden CS8019: Unnecessary using directive.
C:\gh\azure-sdk-for-net\sdk\cognitiveservices\Vision.ContentModerator\tests\Data\ReviewData.cs(1,1): hidden CS8019: Unnecessary using directive.
C:\gh\azure-sdk-for-net\artifacts\obj\Microsoft.Azure.CognitiveServices.Vision.ContentModerator.Tests\Debug\net461\.NETFramework,Version=v4.6.1.AssemblyAttributes.cs(2,1): hidden CS8019: Unnecessary using directive.
C:\gh\azure-sdk-for-net\sdk\cognitiveservices\Vision.ContentModerator\tests\ImageListManagement.cs(14,1): hidden CS8019: Unnecessary using directive.
C:\gh\azure-sdk-for-net\sdk\cognitiveservices\Vision.ContentModerator\tests\Helpers\EnumExtensions.cs(7,1): hidden CS8019: Unnecessary using directive.
C:\gh\azure-sdk-for-net\sdk\cognitiveservices\Vision.ContentModerator\tests\ImageListManagement.cs(11,1): hidden CS8019: Unnecessary using directive.
C:\gh\azure-sdk-for-net\sdk\cognitiveservices\Vision.ContentModerator\tests\Data\ReviewData.cs(4,1): hidden CS8019: Unnecessary using directive.
C:\gh\azure-sdk-for-net\sdk\cognitiveservices\Vision.ContentModerator\tests\TextListManagement.cs(4,1): hidden CS8019: Unnecessary using directive.
C:\gh\azure-sdk-for-net\sdk\cognitiveservices\Vision.ContentModerator\tests\Helpers\Utilities.cs(7,1): hidden CS8019: Unnecessary using directive.
C:\gh\azure-sdk-for-net\sdk\cognitiveservices\Vision.ContentModerator\tests\ImageModerator.cs(15,1): hidden CS8019: Unnecessary using directive.
C:\gh\azure-sdk-for-net\sdk\cognitiveservices\Vision.ContentModerator\tests\Data\BadRequestResponse.cs(5,1): hidden CS8019: Unnecessary using directive.
C:\gh\azure-sdk-for-net\sdk\cognitiveservices\Vision.ContentModerator\tests\TextModerator.cs(5,1): hidden CS8019: Unnecessary using directive.
C:\gh\azure-sdk-for-net\sdk\cognitiveservices\Vision.ContentModerator\tests\Data\Response.cs(3,1): hidden CS8019: Unnecessary using directive.
C:\gh\azure-sdk-for-net\sdk\cognitiveservices\Vision.ContentModerator\tests\TextModerator.cs(12,1): hidden CS8019: Unnecessary using directive.
C:\gh\azure-sdk-for-net\sdk\cognitiveservices\Vision.ContentModerator\tests\TextListManagement.cs(9,1): hidden CS8019: Unnecessary using directive.
C:\gh\azure-sdk-for-net\sdk\cognitiveservices\Vision.ContentModerator\tests\Helpers\Constants.cs(5,1): hidden CS8019: Unnecessary using directive.
C:\gh\azure-sdk-for-net\eng\mgmt\DisableTestRunParallel.cs(4,1): hidden CS8019: Unnecessary using directive.
C:\gh\azure-sdk-for-net\sdk\cognitiveservices\Vision.ContentModerator\tests\ImageModerator.cs(13,1): hidden CS8019: Unnecessary using directive.
C:\gh\azure-sdk-for-net\sdk\cognitiveservices\Vision.ContentModerator\tests\Data\ReviewResponse.cs(3,1): hidden CS8019: Unnecessary using directive.
C:\gh\azure-sdk-for-net\sdk\cognitiveservices\Vision.ContentModerator\tests\TextModerator.cs(2,1): hidden CS8019: Unnecessary using directive.
C:\gh\azure-sdk-for-net\sdk\cognitiveservices\Vision.ContentModerator\tests\Helpers\Utilities.cs(4,1): hidden CS8019: Unnecessary using directive.
C:\gh\azure-sdk-for-net\sdk\cognitiveservices\Vision.ContentModerator\tests\Helpers\Utilities.cs(12,1): hidden CS8019: Unnecessary using directive.
C:\gh\azure-sdk-for-net\sdk\cognitiveservices\Vision.ContentModerator\tests\ReviewAPIs.cs(6,1): hidden CS8019: Unnecessary using directive.
C:\gh\azure-sdk-for-net\sdk\cognitiveservices\Vision.ContentModerator\tests\Helpers\Constants.cs(6,1): hidden CS8019: Unnecessary using directive.
C:\gh\azure-sdk-for-net\sdk\cognitiveservices\Vision.ContentModerator\tests\TextModerator.cs(9,1): hidden CS8019: Unnecessary using directive.
C:\gh\azure-sdk-for-net\sdk\cognitiveservices\Vision.ContentModerator\tests\TestBase.cs(4,1): hidden CS8019: Unnecessary using directive.
C:\gh\azure-sdk-for-net\sdk\cognitiveservices\Vision.ContentModerator\tests\Helpers\Constants.cs(16,1): hidden CS8019: Unnecessary using directive.
C:\gh\azure-sdk-for-net\sdk\cognitiveservices\Vision.ContentModerator\tests\TestBase.cs(7,1): hidden CS8019: Unnecessary using directive.
C:\gh\azure-sdk-for-net\sdk\cognitiveservices\Vision.ContentModerator\tests\TestBase.cs(10,1): hidden CS8019: Unnecessary using directive.
C:\gh\azure-sdk-for-net\sdk\cognitiveservices\Vision.ContentModerator\tests\Helpers\Constants.cs(14,1): hidden CS8019: Unnecessary using directive.
C:\gh\azure-sdk-for-net\sdk\cognitiveservices\Vision.ContentModerator\tests\ImageModerator.cs(14,1): hidden CS8019: Unnecessary using directive.
C:\gh\azure-sdk-for-net\sdk\cognitiveservices\Vision.ContentModerator\tests\TextModerator.cs(11,1): hidden CS8019: Unnecessary using directive.
C:\gh\azure-sdk-for-net\sdk\cognitiveservices\Vision.ContentModerator\tests\TestBase.cs(11,1): hidden CS8019: Unnecessary using directive.
