C:\gh\azure-sdk-for-net\sdk\recoveryservices\Microsoft.Azure.Management.RecoveryServices\tests\TestHelpers\ClientManagementUtilities.cs(28,72): error CS0518: Predefined type 'System.Object' is not defined or imported
C:\gh\azure-sdk-for-net\sdk\recoveryservices\Microsoft.Azure.Management.RecoveryServices\tests\TestHelpers\ClientManagementUtilities.cs(28,72): error CS0246: The type or namespace name 'TestBase' could not be found (are you missing a using directive or an assembly reference?)
C:\gh\azure-sdk-for-net\sdk\recoveryservices\Microsoft.Azure.Management.RecoveryServices\tests\TestHelpers\ClientManagementUtilities.cs(28,91): error CS0518: Predefined type 'System.Object' is not defined or imported
C:\gh\azure-sdk-for-net\sdk\recoveryservices\Microsoft.Azure.Management.RecoveryServices\tests\TestHelpers\ClientManagementUtilities.cs(28,91): error CS0246: The type or namespace name 'MockContext' could not be found (are you missing a using directive or an assembly reference?)
C:\gh\azure-sdk-for-net\sdk\recoveryservices\Microsoft.Azure.Management.RecoveryServices\tests\TestHelpers\ClientManagementUtilities.cs(28,23): error CS0518: Predefined type 'System.Object' is not defined or imported
C:\gh\azure-sdk-for-net\sdk\recoveryservices\Microsoft.Azure.Management.RecoveryServices\tests\TestHelpers\ClientManagementUtilities.cs(28,23): error CS0246: The type or namespace name 'ResourceManagementClient' could not be found (are you missing a using directive or an assembly reference?)
C:\gh\azure-sdk-for-net\sdk\recoveryservices\Microsoft.Azure.Management.RecoveryServices\tests\TestHelpers\ClientManagementUtilities.cs(28,67): error CS1110: Cannot define a new extension method because the compiler required type 'System.Runtime.CompilerServices.ExtensionAttribute' cannot be found. Are you missing a reference to System.Core.dll?
C:\gh\azure-sdk-for-net\sdk\recoveryservices\Microsoft.Azure.Management.RecoveryServices\tests\ScenarioTests\VaultUsageScenarioTests.cs(23,44): error CS0246: The type or namespace name 'TestBase' could not be found (are you missing a using directive or an assembly reference?)
C:\gh\azure-sdk-for-net\sdk\recoveryservices\Microsoft.Azure.Management.RecoveryServices\tests\RecoveryServicesTestBase.cs(31,23): error CS0518: Predefined type 'System.String' is not defined or imported
C:\gh\azure-sdk-for-net\sdk\recoveryservices\Microsoft.Azure.Management.RecoveryServices\tests\TestHelpers\TestUtilities.cs(24,48): error CS0518: Predefined type 'System.Int32' is not defined or imported
C:\gh\azure-sdk-for-net\sdk\recoveryservices\Microsoft.Azure.Management.RecoveryServices\tests\TestHelpers\TestUtilities.cs(24,23): error CS0518: Predefined type 'System.String' is not defined or imported
C:\gh\azure-sdk-for-net\sdk\recoveryservices\Microsoft.Azure.Management.RecoveryServices\tests\RecoveryServicesTestBase.cs(28,45): error CS0246: The type or namespace name 'TestBase' could not be found (are you missing a using directive or an assembly reference?)
C:\gh\azure-sdk-for-net\sdk\recoveryservices\Microsoft.Azure.Management.RecoveryServices\tests\RecoveryServicesTestBase.cs(28,55): error CS0246: The type or namespace name 'IDisposable' could not be found (are you missing a using directive or an assembly reference?)
C:\gh\azure-sdk-for-net\sdk\recoveryservices\Microsoft.Azure.Management.RecoveryServices\tests\RecoveryServicesTestBase.cs(144,61): error CS0518: Predefined type 'System.String' is not defined or imported
C:\gh\azure-sdk-for-net\sdk\recoveryservices\Microsoft.Azure.Management.RecoveryServices\tests\RecoveryServicesTestBase.cs(144,16): error CS0518: Predefined type 'System.Object' is not defined or imported
C:\gh\azure-sdk-for-net\sdk\recoveryservices\Microsoft.Azure.Management.RecoveryServices\tests\RecoveryServicesTestBase.cs(144,16): error CS0246: The type or namespace name 'List<>' could not be found (are you missing a using directive or an assembly reference?)
C:\gh\azure-sdk-for-net\sdk\recoveryservices\Microsoft.Azure.Management.RecoveryServices\tests\RecoveryServicesTestBase.cs(144,21): error CS0518: Predefined type 'System.Object' is not defined or imported
C:\gh\azure-sdk-for-net\sdk\recoveryservices\Microsoft.Azure.Management.RecoveryServices\tests\TestHelpers\ClientManagementUtilities.cs(23,71): error CS0518: Predefined type 'System.Object' is not defined or imported
C:\gh\azure-sdk-for-net\sdk\recoveryservices\Microsoft.Azure.Management.RecoveryServices\tests\TestHelpers\ClientManagementUtilities.cs(23,71): error CS0246: The type or namespace name 'TestBase' could not be found (are you missing a using directive or an assembly reference?)
C:\gh\azure-sdk-for-net\sdk\recoveryservices\Microsoft.Azure.Management.RecoveryServices\tests\TestHelpers\ClientManagementUtilities.cs(23,90): error CS0518: Predefined type 'System.Object' is not defined or imported
C:\gh\azure-sdk-for-net\sdk\recoveryservices\Microsoft.Azure.Management.RecoveryServices\tests\TestHelpers\ClientManagementUtilities.cs(23,90): error CS0246: The type or namespace name 'MockContext' could not be found (are you missing a using directive or an assembly reference?)
C:\gh\azure-sdk-for-net\sdk\recoveryservices\Microsoft.Azure.Management.RecoveryServices\tests\TestHelpers\ClientManagementUtilities.cs(23,23): error CS0518: Predefined type 'System.Object' is not defined or imported
C:\gh\azure-sdk-for-net\sdk\recoveryservices\Microsoft.Azure.Management.RecoveryServices\tests\TestHelpers\ClientManagementUtilities.cs(23,66): error CS1110: Cannot define a new extension method because the compiler required type 'System.Runtime.CompilerServices.ExtensionAttribute' cannot be found. Are you missing a reference to System.Core.dll?
C:\gh\azure-sdk-for-net\sdk\recoveryservices\Microsoft.Azure.Management.RecoveryServices\tests\ScenarioTests\VaultUsageScenarioTests.cs(26,16): error CS0518: Predefined type 'System.Void' is not defined or imported
C:\gh\azure-sdk-for-net\sdk\recoveryservices\Microsoft.Azure.Management.RecoveryServices\tests\RecoveryServicesTestBase.cs(139,49): error CS0518: Predefined type 'System.String' is not defined or imported
C:\gh\azure-sdk-for-net\sdk\recoveryservices\Microsoft.Azure.Management.RecoveryServices\tests\RecoveryServicesTestBase.cs(139,16): error CS0518: Predefined type 'System.Object' is not defined or imported
C:\gh\azure-sdk-for-net\sdk\recoveryservices\Microsoft.Azure.Management.RecoveryServices\tests\RecoveryServicesTestBase.cs(139,16): error CS0246: The type or namespace name 'List<>' could not be found (are you missing a using directive or an assembly reference?)
C:\gh\azure-sdk-for-net\sdk\recoveryservices\Microsoft.Azure.Management.RecoveryServices\tests\RecoveryServicesTestBase.cs(139,21): error CS0518: Predefined type 'System.Object' is not defined or imported
C:\gh\azure-sdk-for-net\sdk\recoveryservices\Microsoft.Azure.Management.RecoveryServices\tests\RecoveryServicesTestBase.cs(31,23): error CS0518: Predefined type 'System.String' is not defined or imported
C:\gh\azure-sdk-for-net\sdk\recoveryservices\Microsoft.Azure.Management.RecoveryServices\tests\RecoveryServicesTestBase.cs(74,16): error CS0518: Predefined type 'System.Object' is not defined or imported
C:\gh\azure-sdk-for-net\sdk\recoveryservices\Microsoft.Azure.Management.RecoveryServices\tests\RecoveryServicesTestBase.cs(74,16): error CS0246: The type or namespace name 'List<>' could not be found (are you missing a using directive or an assembly reference?)
C:\gh\azure-sdk-for-net\sdk\recoveryservices\Microsoft.Azure.Management.RecoveryServices\tests\RecoveryServicesTestBase.cs(74,21): error CS0518: Predefined type 'System.Object' is not defined or imported
C:\gh\azure-sdk-for-net\sdk\recoveryservices\Microsoft.Azure.Management.RecoveryServices\tests\ScenarioTests\VaultScenarioTests.cs(26,39): error CS0246: The type or namespace name 'TestBase' could not be found (are you missing a using directive or an assembly reference?)
C:\gh\azure-sdk-for-net\sdk\recoveryservices\Microsoft.Azure.Management.RecoveryServices\tests\RecoveryServicesTestBase.cs(84,31): error CS0518: Predefined type 'System.String' is not defined or imported
C:\gh\azure-sdk-for-net\sdk\recoveryservices\Microsoft.Azure.Management.RecoveryServices\tests\RecoveryServicesTestBase.cs(84,16): error CS0518: Predefined type 'System.Object' is not defined or imported
C:\gh\azure-sdk-for-net\sdk\recoveryservices\Microsoft.Azure.Management.RecoveryServices\tests\RecoveryServicesTestBase.cs(105,66): error CS0518: Predefined type 'System.Object' is not defined or imported
C:\gh\azure-sdk-for-net\sdk\recoveryservices\Microsoft.Azure.Management.RecoveryServices\tests\RecoveryServicesTestBase.cs(105,16): error CS0518: Predefined type 'System.Object' is not defined or imported
C:\gh\azure-sdk-for-net\sdk\recoveryservices\Microsoft.Azure.Management.RecoveryServices\tests\RecoveryServicesTestBase.cs(151,16): error CS0518: Predefined type 'System.Void' is not defined or imported
C:\gh\azure-sdk-for-net\sdk\recoveryservices\Microsoft.Azure.Management.RecoveryServices\tests\RecoveryServicesTestBase.cs(30,17): error CS0518: Predefined type 'System.String' is not defined or imported
C:\gh\azure-sdk-for-net\sdk\recoveryservices\Microsoft.Azure.Management.RecoveryServices\tests\RecoveryServicesTestBase.cs(127,63): error CS0518: Predefined type 'System.Object' is not defined or imported
C:\gh\azure-sdk-for-net\sdk\recoveryservices\Microsoft.Azure.Management.RecoveryServices\tests\RecoveryServicesTestBase.cs(127,16): error CS0518: Predefined type 'System.Object' is not defined or imported
C:\gh\azure-sdk-for-net\sdk\recoveryservices\Microsoft.Azure.Management.RecoveryServices\tests\ScenarioTests\VaultScenarioTests.cs(59,16): error CS0518: Predefined type 'System.Void' is not defined or imported
C:\gh\azure-sdk-for-net\sdk\recoveryservices\Microsoft.Azure.Management.RecoveryServices\tests\TestHelpers\VaultDefinition.cs(34,23): error CS0518: Predefined type 'System.Object' is not defined or imported
C:\gh\azure-sdk-for-net\sdk\recoveryservices\Microsoft.Azure.Management.RecoveryServices\tests\TestHelpers\VaultDefinition.cs(22,32): error CS0518: Predefined type 'System.String' is not defined or imported
C:\gh\azure-sdk-for-net\sdk\recoveryservices\Microsoft.Azure.Management.RecoveryServices\tests\TestHelpers\VaultDefinition.cs(22,9): error CS0518: Predefined type 'System.Void' is not defined or imported
C:\gh\azure-sdk-for-net\sdk\recoveryservices\Microsoft.Azure.Management.RecoveryServices\tests\TestHelpers\VaultDefinition.cs(32,23): error CS0518: Predefined type 'System.Object' is not defined or imported
C:\gh\azure-sdk-for-net\sdk\recoveryservices\Microsoft.Azure.Management.RecoveryServices\tests\RecoveryServicesTestBase.cs(89,33): error CS0518: Predefined type 'System.String' is not defined or imported
C:\gh\azure-sdk-for-net\sdk\recoveryservices\Microsoft.Azure.Management.RecoveryServices\tests\RecoveryServicesTestBase.cs(89,16): error CS0518: Predefined type 'System.Void' is not defined or imported
C:\gh\azure-sdk-for-net\sdk\recoveryservices\Microsoft.Azure.Management.RecoveryServices\tests\RecoveryServicesTestBase.cs(35,41): error CS0518: Predefined type 'System.Object' is not defined or imported
C:\gh\azure-sdk-for-net\sdk\recoveryservices\Microsoft.Azure.Management.RecoveryServices\tests\RecoveryServicesTestBase.cs(35,41): error CS0246: The type or namespace name 'MockContext' could not be found (are you missing a using directive or an assembly reference?)
C:\gh\azure-sdk-for-net\sdk\recoveryservices\Microsoft.Azure.Management.RecoveryServices\tests\RecoveryServicesTestBase.cs(35,9): error CS0518: Predefined type 'System.Void' is not defined or imported
C:\gh\azure-sdk-for-net\sdk\recoveryservices\Microsoft.Azure.Management.RecoveryServices\tests\TestHelpers\VaultDefinition.cs(20,26): error CS0518: Predefined type 'System.String' is not defined or imported
C:\gh\azure-sdk-for-net\sdk\recoveryservices\Microsoft.Azure.Management.RecoveryServices\tests\RecoveryServicesTestBase.cs(79,33): error CS0518: Predefined type 'System.String' is not defined or imported
C:\gh\azure-sdk-for-net\sdk\recoveryservices\Microsoft.Azure.Management.RecoveryServices\tests\RecoveryServicesTestBase.cs(79,16): error CS0518: Predefined type 'System.Void' is not defined or imported
C:\gh\azure-sdk-for-net\sdk\recoveryservices\Microsoft.Azure.Management.RecoveryServices\tests\TestHelpers\VaultDefinition.cs(18,18): error CS0518: Predefined type 'System.Object' is not defined or imported
C:\gh\azure-sdk-for-net\sdk\recoveryservices\Microsoft.Azure.Management.RecoveryServices\tests\ScenarioTests\VaultScenarioTests.cs(29,16): error CS0518: Predefined type 'System.Void' is not defined or imported
C:\gh\azure-sdk-for-net\sdk\recoveryservices\Microsoft.Azure.Management.RecoveryServices\tests\RecoveryServicesTestBase.cs(116,66): error CS0518: Predefined type 'System.Object' is not defined or imported
C:\gh\azure-sdk-for-net\sdk\recoveryservices\Microsoft.Azure.Management.RecoveryServices\tests\RecoveryServicesTestBase.cs(116,16): error CS0518: Predefined type 'System.Object' is not defined or imported
C:\gh\azure-sdk-for-net\sdk\recoveryservices\Microsoft.Azure.Management.RecoveryServices\tests\RecoveryServicesTestBase.cs(31,41): error CS0518: Predefined type 'System.String' is not defined or imported
C:\gh\azure-sdk-for-net\sdk\recoveryservices\Microsoft.Azure.Management.RecoveryServices\tests\RecoveryServicesTestBase.cs(43,42): error CS0518: Predefined type 'System.Object' is not defined or imported
C:\gh\azure-sdk-for-net\sdk\recoveryservices\Microsoft.Azure.Management.RecoveryServices\tests\RecoveryServicesTestBase.cs(43,42): error CS0246: The type or namespace name 'ResourceManagementClient' could not be found (are you missing a using directive or an assembly reference?)
C:\gh\azure-sdk-for-net\sdk\recoveryservices\Microsoft.Azure.Management.RecoveryServices\tests\RecoveryServicesTestBase.cs(43,17): error CS0518: Predefined type 'System.Void' is not defined or imported
C:\gh\azure-sdk-for-net\sdk\recoveryservices\Microsoft.Azure.Management.RecoveryServices\tests\RecoveryServicesTestBase.cs(160,16): error CS0518: Predefined type 'System.Void' is not defined or imported
C:\gh\azure-sdk-for-net\eng\mgmt\DisableTestRunParallel.cs(7,12): error CS0246: The type or namespace name 'CollectionBehaviorAttribute' could not be found (are you missing a using directive or an assembly reference?)
C:\gh\azure-sdk-for-net\eng\mgmt\DisableTestRunParallel.cs(7,12): error CS0246: The type or namespace name 'CollectionBehavior' could not be found (are you missing a using directive or an assembly reference?)
C:\gh\azure-sdk-for-net\artifacts\obj\Microsoft.Azure.Management.RecoveryServices.Tests\Debug\netcoreapp2.0\.NETCoreApp,Version=v2.0.AssemblyAttributes.cs(4,20): error CS0400: The type or namespace name 'System' could not be found in the global namespace (are you missing an assembly reference?)
C:\gh\azure-sdk-for-net\artifacts\obj\Microsoft.Azure.Management.RecoveryServices.Tests\Debug\netcoreapp2.0\Microsoft.Azure.Management.RecoveryServices.Tests.AssemblyInfo.cs(14,12): error CS0246: The type or namespace name 'System' could not be found (are you missing a using directive or an assembly reference?)
C:\gh\azure-sdk-for-net\artifacts\obj\Microsoft.Azure.Management.RecoveryServices.Tests\Debug\netcoreapp2.0\Microsoft.Azure.Management.RecoveryServices.Tests.AssemblyInfo.cs(16,12): error CS0246: The type or namespace name 'System' could not be found (are you missing a using directive or an assembly reference?)
C:\gh\azure-sdk-for-net\artifacts\obj\Microsoft.Azure.Management.RecoveryServices.Tests\Debug\netcoreapp2.0\Microsoft.Azure.Management.RecoveryServices.Tests.AssemblyInfo.cs(17,12): error CS0246: The type or namespace name 'System' could not be found (are you missing a using directive or an assembly reference?)
C:\gh\azure-sdk-for-net\eng\mgmt\DisableTestRunParallel.cs(7,31): error CS0246: The type or namespace name 'DisableTestParallelization' could not be found (are you missing a using directive or an assembly reference?)
C:\gh\azure-sdk-for-net\eng\mgmt\DisableTestRunParallel.cs(7,60): error CS0518: Predefined type 'System.Boolean' is not defined or imported
C:\gh\azure-sdk-for-net\eng\mgmt\DisableTestRunParallel.cs(7,66): error CS0246: The type or namespace name 'MaxParallelThreads' could not be found (are you missing a using directive or an assembly reference?)
C:\gh\azure-sdk-for-net\eng\mgmt\DisableTestRunParallel.cs(7,87): error CS0518: Predefined type 'System.Int32' is not defined or imported
C:\gh\azure-sdk-for-net\artifacts\obj\Microsoft.Azure.Management.RecoveryServices.Tests\Debug\netcoreapp2.0\.NETCoreApp,Version=v2.0.AssemblyAttributes.cs(4,71): error CS0518: Predefined type 'System.String' is not defined or imported
C:\gh\azure-sdk-for-net\artifacts\obj\Microsoft.Azure.Management.RecoveryServices.Tests\Debug\netcoreapp2.0\.NETCoreApp,Version=v2.0.AssemblyAttributes.cs(4,99): error CS0246: The type or namespace name 'FrameworkDisplayName' could not be found (are you missing a using directive or an assembly reference?)
C:\gh\azure-sdk-for-net\artifacts\obj\Microsoft.Azure.Management.RecoveryServices.Tests\Debug\netcoreapp2.0\.NETCoreApp,Version=v2.0.AssemblyAttributes.cs(4,122): error CS0518: Predefined type 'System.String' is not defined or imported
C:\gh\azure-sdk-for-net\artifacts\obj\Microsoft.Azure.Management.RecoveryServices.Tests\Debug\netcoreapp2.0\Microsoft.Azure.Management.RecoveryServices.Tests.AssemblyInfo.cs(14,56): error CS0518: Predefined type 'System.String' is not defined or imported
C:\gh\azure-sdk-for-net\artifacts\obj\Microsoft.Azure.Management.RecoveryServices.Tests\Debug\netcoreapp2.0\Microsoft.Azure.Management.RecoveryServices.Tests.AssemblyInfo.cs(14,70): error CS0518: Predefined type 'System.String' is not defined or imported
C:\gh\azure-sdk-for-net\artifacts\obj\Microsoft.Azure.Management.RecoveryServices.Tests\Debug\netcoreapp2.0\Microsoft.Azure.Management.RecoveryServices.Tests.AssemblyInfo.cs(15,5): error CS0518: Predefined type 'System.String' is not defined or imported
C:\gh\azure-sdk-for-net\artifacts\obj\Microsoft.Azure.Management.RecoveryServices.Tests\Debug\netcoreapp2.0\Microsoft.Azure.Management.RecoveryServices.Tests.AssemblyInfo.cs(16,68): error CS0518: Predefined type 'System.String' is not defined or imported
C:\gh\azure-sdk-for-net\artifacts\obj\Microsoft.Azure.Management.RecoveryServices.Tests\Debug\netcoreapp2.0\Microsoft.Azure.Management.RecoveryServices.Tests.AssemblyInfo.cs(17,56): error CS0518: Predefined type 'System.String' is not defined or imported
C:\gh\azure-sdk-for-net\artifacts\obj\Microsoft.Azure.Management.RecoveryServices.Tests\Debug\netcoreapp2.0\Microsoft.Azure.Management.RecoveryServices.Tests.AssemblyInfo.cs(17,73): error CS0518: Predefined type 'System.String' is not defined or imported
C:\gh\azure-sdk-for-net\sdk\recoveryservices\Microsoft.Azure.Management.RecoveryServices\tests\RecoveryServicesTestBase.cs(17,34): error CS0234: The type or namespace name 'Resources' does not exist in the namespace 'Microsoft.Azure.Management' (are you missing an assembly reference?)
C:\gh\azure-sdk-for-net\sdk\recoveryservices\Microsoft.Azure.Management.RecoveryServices\tests\RecoveryServicesTestBase.cs(18,34): error CS0234: The type or namespace name 'Resources' does not exist in the namespace 'Microsoft.Azure.Management' (are you missing an assembly reference?)
C:\gh\azure-sdk-for-net\sdk\recoveryservices\Microsoft.Azure.Management.RecoveryServices\tests\RecoveryServicesTestBase.cs(19,17): error CS0234: The type or namespace name 'Rest' does not exist in the namespace 'Microsoft' (are you missing an assembly reference?)
C:\gh\azure-sdk-for-net\sdk\recoveryservices\Microsoft.Azure.Management.RecoveryServices\tests\RecoveryServicesTestBase.cs(20,17): error CS0234: The type or namespace name 'Rest' does not exist in the namespace 'Microsoft' (are you missing an assembly reference?)
C:\gh\azure-sdk-for-net\sdk\recoveryservices\Microsoft.Azure.Management.RecoveryServices\tests\RecoveryServicesTestBase.cs(21,7): error CS0246: The type or namespace name 'System' could not be found (are you missing a using directive or an assembly reference?)
C:\gh\azure-sdk-for-net\sdk\recoveryservices\Microsoft.Azure.Management.RecoveryServices\tests\RecoveryServicesTestBase.cs(22,7): error CS0246: The type or namespace name 'System' could not be found (are you missing a using directive or an assembly reference?)
C:\gh\azure-sdk-for-net\sdk\recoveryservices\Microsoft.Azure.Management.RecoveryServices\tests\RecoveryServicesTestBase.cs(23,7): error CS0246: The type or namespace name 'System' could not be found (are you missing a using directive or an assembly reference?)
C:\gh\azure-sdk-for-net\sdk\recoveryservices\Microsoft.Azure.Management.RecoveryServices\tests\RecoveryServicesTestBase.cs(24,7): error CS0246: The type or namespace name 'System' could not be found (are you missing a using directive or an assembly reference?)
C:\gh\azure-sdk-for-net\sdk\recoveryservices\Microsoft.Azure.Management.RecoveryServices\tests\ScenarioTests\VaultScenarioTests.cs(16,17): error CS0234: The type or namespace name 'Rest' does not exist in the namespace 'Microsoft' (are you missing an assembly reference?)
C:\gh\azure-sdk-for-net\sdk\recoveryservices\Microsoft.Azure.Management.RecoveryServices\tests\ScenarioTests\VaultScenarioTests.cs(17,17): error CS0234: The type or namespace name 'Rest' does not exist in the namespace 'Microsoft' (are you missing an assembly reference?)
C:\gh\azure-sdk-for-net\sdk\recoveryservices\Microsoft.Azure.Management.RecoveryServices\tests\ScenarioTests\VaultScenarioTests.cs(18,7): error CS0246: The type or namespace name 'System' could not be found (are you missing a using directive or an assembly reference?)
C:\gh\azure-sdk-for-net\sdk\recoveryservices\Microsoft.Azure.Management.RecoveryServices\tests\ScenarioTests\VaultScenarioTests.cs(19,7): error CS0246: The type or namespace name 'Xunit' could not be found (are you missing a using directive or an assembly reference?)
C:\gh\azure-sdk-for-net\sdk\recoveryservices\Microsoft.Azure.Management.RecoveryServices\tests\ScenarioTests\VaultScenarioTests.cs(20,7): error CS0246: The type or namespace name 'System' could not be found (are you missing a using directive or an assembly reference?)
C:\gh\azure-sdk-for-net\sdk\recoveryservices\Microsoft.Azure.Management.RecoveryServices\tests\ScenarioTests\VaultScenarioTests.cs(21,7): error CS0246: The type or namespace name 'System' could not be found (are you missing a using directive or an assembly reference?)
C:\gh\azure-sdk-for-net\sdk\recoveryservices\Microsoft.Azure.Management.RecoveryServices\tests\ScenarioTests\VaultUsageScenarioTests.cs(16,17): error CS0234: The type or namespace name 'Rest' does not exist in the namespace 'Microsoft' (are you missing an assembly reference?)
C:\gh\azure-sdk-for-net\sdk\recoveryservices\Microsoft.Azure.Management.RecoveryServices\tests\ScenarioTests\VaultUsageScenarioTests.cs(17,17): error CS0234: The type or namespace name 'Rest' does not exist in the namespace 'Microsoft' (are you missing an assembly reference?)
C:\gh\azure-sdk-for-net\sdk\recoveryservices\Microsoft.Azure.Management.RecoveryServices\tests\ScenarioTests\VaultUsageScenarioTests.cs(18,7): error CS0246: The type or namespace name 'System' could not be found (are you missing a using directive or an assembly reference?)
C:\gh\azure-sdk-for-net\sdk\recoveryservices\Microsoft.Azure.Management.RecoveryServices\tests\ScenarioTests\VaultUsageScenarioTests.cs(19,7): error CS0246: The type or namespace name 'Xunit' could not be found (are you missing a using directive or an assembly reference?)
C:\gh\azure-sdk-for-net\sdk\recoveryservices\Microsoft.Azure.Management.RecoveryServices\tests\TestHelpers\ClientManagementUtilities.cs(16,34): error CS0234: The type or namespace name 'Resources' does not exist in the namespace 'Microsoft.Azure.Management' (are you missing an assembly reference?)
C:\gh\azure-sdk-for-net\sdk\recoveryservices\Microsoft.Azure.Management.RecoveryServices\tests\TestHelpers\ClientManagementUtilities.cs(17,17): error CS0234: The type or namespace name 'Rest' does not exist in the namespace 'Microsoft' (are you missing an assembly reference?)
C:\gh\azure-sdk-for-net\sdk\recoveryservices\Microsoft.Azure.Management.RecoveryServices\tests\TestHelpers\TestUtilities.cs(16,7): error CS0246: The type or namespace name 'System' could not be found (are you missing a using directive or an assembly reference?)
C:\gh\azure-sdk-for-net\sdk\recoveryservices\Microsoft.Azure.Management.RecoveryServices\tests\TestHelpers\TestUtilities.cs(17,34): error CS0234: The type or namespace name 'Resources' does not exist in the namespace 'Microsoft.Azure.Management' (are you missing an assembly reference?)
C:\gh\azure-sdk-for-net\sdk\recoveryservices\Microsoft.Azure.Management.RecoveryServices\tests\TestHelpers\TestUtilities.cs(18,17): error CS0234: The type or namespace name 'Rest' does not exist in the namespace 'Microsoft' (are you missing an assembly reference?)
C:\gh\azure-sdk-for-net\eng\mgmt\DisableTestRunParallel.cs(4,7): error CS0246: The type or namespace name 'System' could not be found (are you missing a using directive or an assembly reference?)
C:\gh\azure-sdk-for-net\eng\mgmt\DisableTestRunParallel.cs(5,7): error CS0246: The type or namespace name 'Xunit' could not be found (are you missing a using directive or an assembly reference?)
C:\gh\azure-sdk-for-net\artifacts\obj\Microsoft.Azure.Management.RecoveryServices.Tests\Debug\netcoreapp2.0\.NETCoreApp,Version=v2.0.AssemblyAttributes.cs(2,7): error CS0246: The type or namespace name 'System' could not be found (are you missing a using directive or an assembly reference?)
C:\gh\azure-sdk-for-net\artifacts\obj\Microsoft.Azure.Management.RecoveryServices.Tests\Debug\netcoreapp2.0\.NETCoreApp,Version=v2.0.AssemblyAttributes.cs(3,7): error CS0246: The type or namespace name 'System' could not be found (are you missing a using directive or an assembly reference?)
C:\gh\azure-sdk-for-net\artifacts\obj\Microsoft.Azure.Management.RecoveryServices.Tests\Debug\netcoreapp2.0\Microsoft.Azure.Management.RecoveryServices.Tests.AssemblyInfo.cs(11,7): error CS0246: The type or namespace name 'System' could not be found (are you missing a using directive or an assembly reference?)
C:\gh\azure-sdk-for-net\artifacts\obj\Microsoft.Azure.Management.RecoveryServices.Tests\Debug\netcoreapp2.0\Microsoft.Azure.Management.RecoveryServices.Tests.AssemblyInfo.cs(12,7): error CS0246: The type or namespace name 'System' could not be found (are you missing a using directive or an assembly reference?)
C:\gh\azure-sdk-for-net\sdk\recoveryservices\Microsoft.Azure.Management.RecoveryServices\tests\TestHelpers\ClientManagementUtilities.cs(21,25): error CS0518: Predefined type 'System.Object' is not defined or imported
C:\gh\azure-sdk-for-net\sdk\recoveryservices\Microsoft.Azure.Management.RecoveryServices\tests\TestHelpers\TestUtilities.cs(22,25): error CS0518: Predefined type 'System.Object' is not defined or imported
C:\gh\azure-sdk-for-net\sdk\recoveryservices\Microsoft.Azure.Management.RecoveryServices\tests\RecoveryServicesTestBase.cs(33,58): error CS0518: Predefined type 'System.Void' is not defined or imported
C:\gh\azure-sdk-for-net\sdk\recoveryservices\Microsoft.Azure.Management.RecoveryServices\tests\TestHelpers\VaultDefinition.cs(27,16): error CS0518: Predefined type 'System.String' is not defined or imported
C:\gh\azure-sdk-for-net\sdk\recoveryservices\Microsoft.Azure.Management.RecoveryServices\tests\ScenarioTests\VaultScenarioTests.cs(28,10): error CS0518: Predefined type 'System.Object' is not defined or imported
C:\gh\azure-sdk-for-net\sdk\recoveryservices\Microsoft.Azure.Management.RecoveryServices\tests\ScenarioTests\VaultScenarioTests.cs(28,10): error CS0246: The type or namespace name 'FactAttribute' could not be found (are you missing a using directive or an assembly reference?)
C:\gh\azure-sdk-for-net\sdk\recoveryservices\Microsoft.Azure.Management.RecoveryServices\tests\ScenarioTests\VaultScenarioTests.cs(28,10): error CS0246: The type or namespace name 'Fact' could not be found (are you missing a using directive or an assembly reference?)
C:\gh\azure-sdk-for-net\sdk\recoveryservices\Microsoft.Azure.Management.RecoveryServices\tests\ScenarioTests\VaultUsageScenarioTests.cs(25,10): error CS0518: Predefined type 'System.Object' is not defined or imported
C:\gh\azure-sdk-for-net\sdk\recoveryservices\Microsoft.Azure.Management.RecoveryServices\tests\ScenarioTests\VaultUsageScenarioTests.cs(25,10): error CS0246: The type or namespace name 'FactAttribute' could not be found (are you missing a using directive or an assembly reference?)
C:\gh\azure-sdk-for-net\sdk\recoveryservices\Microsoft.Azure.Management.RecoveryServices\tests\ScenarioTests\VaultUsageScenarioTests.cs(25,10): error CS0246: The type or namespace name 'Fact' could not be found (are you missing a using directive or an assembly reference?)
C:\gh\azure-sdk-for-net\sdk\recoveryservices\Microsoft.Azure.Management.RecoveryServices\tests\ScenarioTests\VaultScenarioTests.cs(58,10): error CS0518: Predefined type 'System.Object' is not defined or imported
C:\gh\azure-sdk-for-net\sdk\recoveryservices\Microsoft.Azure.Management.RecoveryServices\tests\ScenarioTests\VaultScenarioTests.cs(58,10): error CS0246: The type or namespace name 'FactAttribute' could not be found (are you missing a using directive or an assembly reference?)
C:\gh\azure-sdk-for-net\sdk\recoveryservices\Microsoft.Azure.Management.RecoveryServices\tests\ScenarioTests\VaultScenarioTests.cs(58,10): error CS0246: The type or namespace name 'Fact' could not be found (are you missing a using directive or an assembly reference?)
C:\gh\azure-sdk-for-net\sdk\recoveryservices\Microsoft.Azure.Management.RecoveryServices\tests\RecoveryServicesTestBase.cs(33,16): error CS0518: Predefined type 'System.Object' is not defined or imported
C:\gh\azure-sdk-for-net\sdk\recoveryservices\Microsoft.Azure.Management.RecoveryServices\tests\RecoveryServicesTestBase.cs(30,40): error CS0518: Predefined type 'System.String' is not defined or imported
C:\gh\azure-sdk-for-net\sdk\recoveryservices\Microsoft.Azure.Management.RecoveryServices\tests\TestHelpers\VaultDefinition.cs(32,54): error CS0518: Predefined type 'System.Object' is not defined or imported
C:\gh\azure-sdk-for-net\sdk\recoveryservices\Microsoft.Azure.Management.RecoveryServices\tests\TestHelpers\VaultDefinition.cs(32,70): error CS0518: Predefined type 'System.String' is not defined or imported
C:\gh\azure-sdk-for-net\sdk\recoveryservices\Microsoft.Azure.Management.RecoveryServices\tests\TestHelpers\VaultDefinition.cs(34,54): error CS0518: Predefined type 'System.Object' is not defined or imported
C:\gh\azure-sdk-for-net\sdk\recoveryservices\Microsoft.Azure.Management.RecoveryServices\tests\TestHelpers\VaultDefinition.cs(34,70): error CS0518: Predefined type 'System.String' is not defined or imported
C:\gh\azure-sdk-for-net\sdk\recoveryservices\Microsoft.Azure.Management.RecoveryServices\tests\TestHelpers\ClientManagementUtilities.cs(25,45): error CS0518: Predefined type 'System.Object' is not defined or imported
C:\gh\azure-sdk-for-net\sdk\recoveryservices\Microsoft.Azure.Management.RecoveryServices\tests\TestHelpers\VaultDefinition.cs(22,16): error CS1729: 'object' does not contain a constructor that takes 0 arguments
C:\gh\azure-sdk-for-net\sdk\recoveryservices\Microsoft.Azure.Management.RecoveryServices\tests\TestHelpers\ClientManagementUtilities.cs(30,45): error CS0518: Predefined type 'System.Object' is not defined or imported
C:\gh\azure-sdk-for-net\sdk\recoveryservices\Microsoft.Azure.Management.RecoveryServices\tests\TestHelpers\ClientManagementUtilities.cs(30,45): error CS0246: The type or namespace name 'ResourceManagementClient' could not be found (are you missing a using directive or an assembly reference?)
C:\gh\azure-sdk-for-net\sdk\recoveryservices\Microsoft.Azure.Management.RecoveryServices\tests\TestHelpers\TestUtilities.cs(26,13): error CS0518: Predefined type 'System.Object' is not defined or imported
C:\gh\azure-sdk-for-net\sdk\recoveryservices\Microsoft.Azure.Management.RecoveryServices\tests\TestHelpers\TestUtilities.cs(26,13): error CS0246: The type or namespace name 'Random' could not be found (are you missing a using directive or an assembly reference?)
C:\gh\azure-sdk-for-net\sdk\recoveryservices\Microsoft.Azure.Management.RecoveryServices\tests\TestHelpers\TestUtilities.cs(26,31): error CS0518: Predefined type 'System.Object' is not defined or imported
C:\gh\azure-sdk-for-net\sdk\recoveryservices\Microsoft.Azure.Management.RecoveryServices\tests\TestHelpers\TestUtilities.cs(26,31): error CS0246: The type or namespace name 'Random' could not be found (are you missing a using directive or an assembly reference?)
C:\gh\azure-sdk-for-net\sdk\recoveryservices\Microsoft.Azure.Management.RecoveryServices\tests\TestHelpers\TestUtilities.cs(27,24): error CS0518: Predefined type 'System.Int32' is not defined or imported
C:\gh\azure-sdk-for-net\sdk\recoveryservices\Microsoft.Azure.Management.RecoveryServices\tests\TestHelpers\TestUtilities.cs(27,35): error CS0518: Predefined type 'System.Int32' is not defined or imported
C:\gh\azure-sdk-for-net\sdk\recoveryservices\Microsoft.Azure.Management.RecoveryServices\tests\TestHelpers\TestUtilities.cs(28,13): error CS0518: Predefined type 'System.Byte' is not defined or imported
C:\gh\azure-sdk-for-net\sdk\recoveryservices\Microsoft.Azure.Management.RecoveryServices\tests\TestHelpers\TestUtilities.cs(28,30): error CS0518: Predefined type 'System.Byte' is not defined or imported
C:\gh\azure-sdk-for-net\sdk\recoveryservices\Microsoft.Azure.Management.RecoveryServices\tests\TestHelpers\TestUtilities.cs(29,18): error CS0518: Predefined type 'System.Int32' is not defined or imported
C:\gh\azure-sdk-for-net\sdk\recoveryservices\Microsoft.Azure.Management.RecoveryServices\tests\TestHelpers\TestUtilities.cs(29,26): error CS0518: Predefined type 'System.Int32' is not defined or imported
C:\gh\azure-sdk-for-net\sdk\recoveryservices\Microsoft.Azure.Management.RecoveryServices\tests\TestHelpers\TestUtilities.cs(29,29): error CS0518: Predefined type 'System.Boolean' is not defined or imported
C:\gh\azure-sdk-for-net\sdk\recoveryservices\Microsoft.Azure.Management.RecoveryServices\tests\TestHelpers\TestUtilities.cs(29,29): error CS0518: Predefined type 'System.Boolean' is not defined or imported
C:\gh\azure-sdk-for-net\sdk\recoveryservices\Microsoft.Azure.Management.RecoveryServices\tests\TestHelpers\TestUtilities.cs(31,47): error CS0518: Predefined type 'System.Int32' is not defined or imported
C:\gh\azure-sdk-for-net\sdk\recoveryservices\Microsoft.Azure.Management.RecoveryServices\tests\TestHelpers\TestUtilities.cs(31,27): error CS0518: Predefined type 'System.Byte' is not defined or imported
C:\gh\azure-sdk-for-net\sdk\recoveryservices\Microsoft.Azure.Management.RecoveryServices\tests\TestHelpers\TestUtilities.cs(33,20): error CS0518: Predefined type 'System.Object' is not defined or imported
C:\gh\azure-sdk-for-net\sdk\recoveryservices\Microsoft.Azure.Management.RecoveryServices\tests\TestHelpers\TestUtilities.cs(33,20): error CS0103: The name 'Convert' does not exist in the current context
C:\gh\azure-sdk-for-net\sdk\recoveryservices\Microsoft.Azure.Management.RecoveryServices\tests\RecoveryServicesTestBase.cs(37,32): error CS0518: Predefined type 'System.Object' is not defined or imported
C:\gh\azure-sdk-for-net\sdk\recoveryservices\Microsoft.Azure.Management.RecoveryServices\tests\RecoveryServicesTestBase.cs(38,13): error CS0518: Predefined type 'System.Object' is not defined or imported
C:\gh\azure-sdk-for-net\sdk\recoveryservices\Microsoft.Azure.Management.RecoveryServices\tests\RecoveryServicesTestBase.cs(38,13): error CS0246: The type or namespace name 'ResourceManagementClient' could not be found (are you missing a using directive or an assembly reference?)
C:\gh\azure-sdk-for-net\sdk\recoveryservices\Microsoft.Azure.Management.RecoveryServices\tests\RecoveryServicesTestBase.cs(38,61): error CS0518: Predefined type 'System.Object' is not defined or imported
C:\gh\azure-sdk-for-net\sdk\recoveryservices\Microsoft.Azure.Management.RecoveryServices\tests\RecoveryServicesTestBase.cs(40,13): error CS0518: Predefined type 'System.Object' is not defined or imported
C:\gh\azure-sdk-for-net\sdk\recoveryservices\Microsoft.Azure.Management.RecoveryServices\tests\RecoveryServicesTestBase.cs(45,13): error CS0518: Predefined type 'System.Boolean' is not defined or imported
C:\gh\azure-sdk-for-net\sdk\recoveryservices\Microsoft.Azure.Management.RecoveryServices\tests\RecoveryServicesTestBase.cs(45,40): error CS0518: Predefined type 'System.Boolean' is not defined or imported
C:\gh\azure-sdk-for-net\sdk\recoveryservices\Microsoft.Azure.Management.RecoveryServices\tests\RecoveryServicesTestBase.cs(50,20): error CS0518: Predefined type 'System.Object' is not defined or imported
C:\gh\azure-sdk-for-net\sdk\recoveryservices\Microsoft.Azure.Management.RecoveryServices\tests\RecoveryServicesTestBase.cs(50,20): error CS0246: The type or namespace name 'CloudException' could not be found (are you missing a using directive or an assembly reference?)
C:\gh\azure-sdk-for-net\sdk\recoveryservices\Microsoft.Azure.Management.RecoveryServices\tests\RecoveryServicesTestBase.cs(53,39): error CS0518: Predefined type 'System.Boolean' is not defined or imported
C:\gh\azure-sdk-for-net\sdk\recoveryservices\Microsoft.Azure.Management.RecoveryServices\tests\RecoveryServicesTestBase.cs(56,17): error CS0518: Predefined type 'System.Boolean' is not defined or imported
C:\gh\azure-sdk-for-net\sdk\recoveryservices\Microsoft.Azure.Management.RecoveryServices\tests\RecoveryServicesTestBase.cs(61,25): error CS0518: Predefined type 'System.Object' is not defined or imported
C:\gh\azure-sdk-for-net\sdk\recoveryservices\Microsoft.Azure.Management.RecoveryServices\tests\RecoveryServicesTestBase.cs(61,25): error CS0246: The type or namespace name 'ResourceGroup' could not be found (are you missing a using directive or an assembly reference?)
C:\gh\azure-sdk-for-net\sdk\recoveryservices\Microsoft.Azure.Management.RecoveryServices\tests\RecoveryServicesTestBase.cs(66,24): error CS0518: Predefined type 'System.Object' is not defined or imported
C:\gh\azure-sdk-for-net\sdk\recoveryservices\Microsoft.Azure.Management.RecoveryServices\tests\RecoveryServicesTestBase.cs(66,24): error CS0246: The type or namespace name 'CloudException' could not be found (are you missing a using directive or an assembly reference?)
C:\gh\azure-sdk-for-net\sdk\recoveryservices\Microsoft.Azure.Management.RecoveryServices\tests\RecoveryServicesTestBase.cs(68,51): error CS0518: Predefined type 'System.Object' is not defined or imported
C:\gh\azure-sdk-for-net\sdk\recoveryservices\Microsoft.Azure.Management.RecoveryServices\tests\RecoveryServicesTestBase.cs(68,51): error CS0103: The name 'HttpStatusCode' does not exist in the current context
C:\gh\azure-sdk-for-net\sdk\recoveryservices\Microsoft.Azure.Management.RecoveryServices\tests\RecoveryServicesTestBase.cs(68,25): error CS0518: Predefined type 'System.Boolean' is not defined or imported
C:\gh\azure-sdk-for-net\sdk\recoveryservices\Microsoft.Azure.Management.RecoveryServices\tests\RecoveryServicesTestBase.cs(68,25): error CS0518: Predefined type 'System.Boolean' is not defined or imported
C:\gh\azure-sdk-for-net\sdk\recoveryservices\Microsoft.Azure.Management.RecoveryServices\tests\RecoveryServicesTestBase.cs(76,20): error CS0246: The type or namespace name 'IPage<>' could not be found (are you missing a using directive or an assembly reference?)
C:\gh\azure-sdk-for-net\sdk\recoveryservices\Microsoft.Azure.Management.RecoveryServices\tests\ScenarioTests\VaultScenarioTests.cs(31,13): error CS0518: Predefined type 'System.IDisposable' is not defined or imported
C:\gh\azure-sdk-for-net\sdk\recoveryservices\Microsoft.Azure.Management.RecoveryServices\tests\ScenarioTests\VaultScenarioTests.cs(31,34): error CS0518: Predefined type 'System.Object' is not defined or imported
C:\gh\azure-sdk-for-net\sdk\recoveryservices\Microsoft.Azure.Management.RecoveryServices\tests\ScenarioTests\VaultScenarioTests.cs(31,34): error CS0103: The name 'MockContext' does not exist in the current context
C:\gh\azure-sdk-for-net\sdk\recoveryservices\Microsoft.Azure.Management.RecoveryServices\tests\ScenarioTests\VaultScenarioTests.cs(31,57): error CS0518: Predefined type 'System.Object' is not defined or imported
C:\gh\azure-sdk-for-net\sdk\recoveryservices\Microsoft.Azure.Management.RecoveryServices\tests\ScenarioTests\VaultScenarioTests.cs(31,57): error CS1061: 'VaultScenarioTests' does not contain a definition for 'GetType' and no accessible extension method 'GetType' accepting a first argument of type 'VaultScenarioTests' could be found (are you missing a using directive or an assembly reference?)
C:\gh\azure-sdk-for-net\sdk\recoveryservices\Microsoft.Azure.Management.RecoveryServices\tests\ScenarioTests\VaultScenarioTests.cs(33,17): error CS0518: Predefined type 'System.IDisposable' is not defined or imported
C:\gh\azure-sdk-for-net\sdk\recoveryservices\Microsoft.Azure.Management.RecoveryServices\tests\ScenarioTests\VaultScenarioTests.cs(33,24): error CS0518: Predefined type 'System.Object' is not defined or imported
C:\gh\azure-sdk-for-net\sdk\recoveryservices\Microsoft.Azure.Management.RecoveryServices\tests\ScenarioTests\VaultScenarioTests.cs(33,68): error CS0518: Predefined type 'System.Object' is not defined or imported
C:\gh\azure-sdk-for-net\sdk\recoveryservices\Microsoft.Azure.Management.RecoveryServices\tests\ScenarioTests\VaultScenarioTests.cs(33,24): error CS1674: 'RecoveryServicesTestBase': type used in a using statement must be implicitly convertible to 'System.IDisposable'.
C:\gh\azure-sdk-for-net\sdk\recoveryservices\Microsoft.Azure.Management.RecoveryServices\tests\ScenarioTests\VaultScenarioTests.cs(35,21): error CS0518: Predefined type 'System.String' is not defined or imported
C:\gh\azure-sdk-for-net\sdk\recoveryservices\Microsoft.Azure.Management.RecoveryServices\tests\ScenarioTests\VaultScenarioTests.cs(35,40): error CS0518: Predefined type 'System.Object' is not defined or imported
C:\gh\azure-sdk-for-net\sdk\recoveryservices\Microsoft.Azure.Management.RecoveryServices\tests\ScenarioTests\VaultScenarioTests.cs(36,21): error CS0518: Predefined type 'System.String' is not defined or imported
C:\gh\azure-sdk-for-net\sdk\recoveryservices\Microsoft.Azure.Management.RecoveryServices\tests\ScenarioTests\VaultScenarioTests.cs(36,41): error CS0518: Predefined type 'System.Object' is not defined or imported
C:\gh\azure-sdk-for-net\sdk\recoveryservices\Microsoft.Azure.Management.RecoveryServices\tests\ScenarioTests\VaultScenarioTests.cs(38,34): error CS0518: Predefined type 'System.Object' is not defined or imported
C:\gh\azure-sdk-for-net\sdk\recoveryservices\Microsoft.Azure.Management.RecoveryServices\tests\ScenarioTests\VaultScenarioTests.cs(39,46): error CS0518: Predefined type 'System.Object' is not defined or imported
C:\gh\azure-sdk-for-net\sdk\recoveryservices\Microsoft.Azure.Management.RecoveryServices\tests\ScenarioTests\VaultScenarioTests.cs(40,21): error CS0518: Predefined type 'System.Object' is not defined or imported
C:\gh\azure-sdk-for-net\sdk\recoveryservices\Microsoft.Azure.Management.RecoveryServices\tests\ScenarioTests\VaultScenarioTests.cs(40,21): error CS0103: The name 'Assert' does not exist in the current context
C:\gh\azure-sdk-for-net\sdk\recoveryservices\Microsoft.Azure.Management.RecoveryServices\tests\ScenarioTests\VaultScenarioTests.cs(42,34): error CS0518: Predefined type 'System.Object' is not defined or imported
C:\gh\azure-sdk-for-net\sdk\recoveryservices\Microsoft.Azure.Management.RecoveryServices\tests\ScenarioTests\VaultScenarioTests.cs(43,47): error CS0518: Predefined type 'System.Object' is not defined or imported
C:\gh\azure-sdk-for-net\sdk\recoveryservices\Microsoft.Azure.Management.RecoveryServices\tests\ScenarioTests\VaultScenarioTests.cs(44,21): error CS0518: Predefined type 'System.Object' is not defined or imported
C:\gh\azure-sdk-for-net\sdk\recoveryservices\Microsoft.Azure.Management.RecoveryServices\tests\ScenarioTests\VaultScenarioTests.cs(44,21): error CS0103: The name 'Assert' does not exist in the current context
C:\gh\azure-sdk-for-net\sdk\recoveryservices\Microsoft.Azure.Management.RecoveryServices\tests\ScenarioTests\VaultScenarioTests.cs(45,21): error CS0518: Predefined type 'System.Object' is not defined or imported
C:\gh\azure-sdk-for-net\sdk\recoveryservices\Microsoft.Azure.Management.RecoveryServices\tests\ScenarioTests\VaultScenarioTests.cs(45,21): error CS0103: The name 'Assert' does not exist in the current context
C:\gh\azure-sdk-for-net\sdk\recoveryservices\Microsoft.Azure.Management.RecoveryServices\tests\ScenarioTests\VaultScenarioTests.cs(46,21): error CS0518: Predefined type 'System.Object' is not defined or imported
C:\gh\azure-sdk-for-net\sdk\recoveryservices\Microsoft.Azure.Management.RecoveryServices\tests\ScenarioTests\VaultScenarioTests.cs(46,21): error CS0103: The name 'Assert' does not exist in the current context
C:\gh\azure-sdk-for-net\sdk\recoveryservices\Microsoft.Azure.Management.RecoveryServices\tests\ScenarioTests\VaultScenarioTests.cs(47,21): error CS0518: Predefined type 'System.Object' is not defined or imported
C:\gh\azure-sdk-for-net\sdk\recoveryservices\Microsoft.Azure.Management.RecoveryServices\tests\ScenarioTests\VaultScenarioTests.cs(47,21): error CS0103: The name 'Assert' does not exist in the current context
C:\gh\azure-sdk-for-net\sdk\recoveryservices\Microsoft.Azure.Management.RecoveryServices\tests\ScenarioTests\VaultScenarioTests.cs(49,34): error CS0518: Predefined type 'System.Object' is not defined or imported
C:\gh\azure-sdk-for-net\sdk\recoveryservices\Microsoft.Azure.Management.RecoveryServices\tests\ScenarioTests\VaultScenarioTests.cs(50,21): error CS0518: Predefined type 'System.Object' is not defined or imported
C:\gh\azure-sdk-for-net\sdk\recoveryservices\Microsoft.Azure.Management.RecoveryServices\tests\ScenarioTests\VaultScenarioTests.cs(50,21): error CS0103: The name 'Assert' does not exist in the current context
C:\gh\azure-sdk-for-net\sdk\recoveryservices\Microsoft.Azure.Management.RecoveryServices\tests\ScenarioTests\VaultScenarioTests.cs(50,35): error CS0518: Predefined type 'System.Object' is not defined or imported
C:\gh\azure-sdk-for-net\sdk\recoveryservices\Microsoft.Azure.Management.RecoveryServices\tests\ScenarioTests\VaultScenarioTests.cs(50,35): error CS0246: The type or namespace name 'CloudException' could not be found (are you missing a using directive or an assembly reference?)
C:\gh\azure-sdk-for-net\sdk\recoveryservices\Microsoft.Azure.Management.RecoveryServices\tests\RecoveryServicesTestBase.cs(81,13): error CS0518: Predefined type 'System.Void' is not defined or imported
C:\gh\azure-sdk-for-net\sdk\recoveryservices\Microsoft.Azure.Management.RecoveryServices\tests\ScenarioTests\VaultUsageScenarioTests.cs(28,13): error CS0518: Predefined type 'System.IDisposable' is not defined or imported
C:\gh\azure-sdk-for-net\sdk\recoveryservices\Microsoft.Azure.Management.RecoveryServices\tests\ScenarioTests\VaultUsageScenarioTests.cs(28,34): error CS0518: Predefined type 'System.Object' is not defined or imported
C:\gh\azure-sdk-for-net\sdk\recoveryservices\Microsoft.Azure.Management.RecoveryServices\tests\ScenarioTests\VaultUsageScenarioTests.cs(28,34): error CS0103: The name 'MockContext' does not exist in the current context
C:\gh\azure-sdk-for-net\sdk\recoveryservices\Microsoft.Azure.Management.RecoveryServices\tests\ScenarioTests\VaultUsageScenarioTests.cs(28,57): error CS0518: Predefined type 'System.Object' is not defined or imported
C:\gh\azure-sdk-for-net\sdk\recoveryservices\Microsoft.Azure.Management.RecoveryServices\tests\ScenarioTests\VaultUsageScenarioTests.cs(28,57): error CS1061: 'VaultUsageScenarioTests' does not contain a definition for 'GetType' and no accessible extension method 'GetType' accepting a first argument of type 'VaultUsageScenarioTests' could be found (are you missing a using directive or an assembly reference?)
C:\gh\azure-sdk-for-net\sdk\recoveryservices\Microsoft.Azure.Management.RecoveryServices\tests\ScenarioTests\VaultUsageScenarioTests.cs(30,17): error CS0518: Predefined type 'System.IDisposable' is not defined or imported
C:\gh\azure-sdk-for-net\sdk\recoveryservices\Microsoft.Azure.Management.RecoveryServices\tests\ScenarioTests\VaultUsageScenarioTests.cs(30,24): error CS0518: Predefined type 'System.Object' is not defined or imported
C:\gh\azure-sdk-for-net\sdk\recoveryservices\Microsoft.Azure.Management.RecoveryServices\tests\ScenarioTests\VaultUsageScenarioTests.cs(30,68): error CS0518: Predefined type 'System.Object' is not defined or imported
C:\gh\azure-sdk-for-net\sdk\recoveryservices\Microsoft.Azure.Management.RecoveryServices\tests\ScenarioTests\VaultUsageScenarioTests.cs(30,24): error CS1674: 'RecoveryServicesTestBase': type used in a using statement must be implicitly convertible to 'System.IDisposable'.
C:\gh\azure-sdk-for-net\sdk\recoveryservices\Microsoft.Azure.Management.RecoveryServices\tests\ScenarioTests\VaultUsageScenarioTests.cs(32,21): error CS0518: Predefined type 'System.String' is not defined or imported
C:\gh\azure-sdk-for-net\sdk\recoveryservices\Microsoft.Azure.Management.RecoveryServices\tests\ScenarioTests\VaultUsageScenarioTests.cs(32,40): error CS0518: Predefined type 'System.Object' is not defined or imported
C:\gh\azure-sdk-for-net\sdk\recoveryservices\Microsoft.Azure.Management.RecoveryServices\tests\ScenarioTests\VaultUsageScenarioTests.cs(34,34): error CS0518: Predefined type 'System.Object' is not defined or imported
C:\gh\azure-sdk-for-net\sdk\recoveryservices\Microsoft.Azure.Management.RecoveryServices\tests\ScenarioTests\VaultUsageScenarioTests.cs(35,46): error CS0518: Predefined type 'System.Object' is not defined or imported
C:\gh\azure-sdk-for-net\sdk\recoveryservices\Microsoft.Azure.Management.RecoveryServices\tests\ScenarioTests\VaultUsageScenarioTests.cs(36,21): error CS0518: Predefined type 'System.Object' is not defined or imported
C:\gh\azure-sdk-for-net\sdk\recoveryservices\Microsoft.Azure.Management.RecoveryServices\tests\ScenarioTests\VaultUsageScenarioTests.cs(36,21): error CS0103: The name 'Assert' does not exist in the current context
C:\gh\azure-sdk-for-net\sdk\recoveryservices\Microsoft.Azure.Management.RecoveryServices\tests\ScenarioTests\VaultUsageScenarioTests.cs(38,47): error CS0518: Predefined type 'System.Object' is not defined or imported
C:\gh\azure-sdk-for-net\sdk\recoveryservices\Microsoft.Azure.Management.RecoveryServices\tests\ScenarioTests\VaultUsageScenarioTests.cs(39,21): error CS0518: Predefined type 'System.Object' is not defined or imported
C:\gh\azure-sdk-for-net\sdk\recoveryservices\Microsoft.Azure.Management.RecoveryServices\tests\ScenarioTests\VaultUsageScenarioTests.cs(39,21): error CS0103: The name 'Assert' does not exist in the current context
C:\gh\azure-sdk-for-net\sdk\recoveryservices\Microsoft.Azure.Management.RecoveryServices\tests\ScenarioTests\VaultUsageScenarioTests.cs(40,21): error CS0518: Predefined type 'System.Object' is not defined or imported
C:\gh\azure-sdk-for-net\sdk\recoveryservices\Microsoft.Azure.Management.RecoveryServices\tests\ScenarioTests\VaultUsageScenarioTests.cs(40,21): error CS0103: The name 'Assert' does not exist in the current context
C:\gh\azure-sdk-for-net\sdk\recoveryservices\Microsoft.Azure.Management.RecoveryServices\tests\ScenarioTests\VaultUsageScenarioTests.cs(41,21): error CS0518: Predefined type 'System.Object' is not defined or imported
C:\gh\azure-sdk-for-net\sdk\recoveryservices\Microsoft.Azure.Management.RecoveryServices\tests\ScenarioTests\VaultUsageScenarioTests.cs(41,21): error CS0103: The name 'Assert' does not exist in the current context
C:\gh\azure-sdk-for-net\sdk\recoveryservices\Microsoft.Azure.Management.RecoveryServices\tests\ScenarioTests\VaultUsageScenarioTests.cs(43,49): error CS0518: Predefined type 'System.Object' is not defined or imported
C:\gh\azure-sdk-for-net\sdk\recoveryservices\Microsoft.Azure.Management.RecoveryServices\tests\ScenarioTests\VaultUsageScenarioTests.cs(45,21): error CS0518: Predefined type 'System.Object' is not defined or imported
C:\gh\azure-sdk-for-net\sdk\recoveryservices\Microsoft.Azure.Management.RecoveryServices\tests\ScenarioTests\VaultUsageScenarioTests.cs(45,21): error CS0103: The name 'Assert' does not exist in the current context
C:\gh\azure-sdk-for-net\sdk\recoveryservices\Microsoft.Azure.Management.RecoveryServices\tests\ScenarioTests\VaultUsageScenarioTests.cs(46,21): error CS0518: Predefined type 'System.Object' is not defined or imported
C:\gh\azure-sdk-for-net\sdk\recoveryservices\Microsoft.Azure.Management.RecoveryServices\tests\ScenarioTests\VaultUsageScenarioTests.cs(46,21): error CS0103: The name 'Assert' does not exist in the current context
C:\gh\azure-sdk-for-net\sdk\recoveryservices\Microsoft.Azure.Management.RecoveryServices\tests\ScenarioTests\VaultUsageScenarioTests.cs(49,25): error CS0518: Predefined type 'System.Object' is not defined or imported
C:\gh\azure-sdk-for-net\sdk\recoveryservices\Microsoft.Azure.Management.RecoveryServices\tests\ScenarioTests\VaultUsageScenarioTests.cs(49,25): error CS0103: The name 'Assert' does not exist in the current context
C:\gh\azure-sdk-for-net\sdk\recoveryservices\Microsoft.Azure.Management.RecoveryServices\tests\ScenarioTests\VaultUsageScenarioTests.cs(50,25): error CS0518: Predefined type 'System.Object' is not defined or imported
C:\gh\azure-sdk-for-net\sdk\recoveryservices\Microsoft.Azure.Management.RecoveryServices\tests\ScenarioTests\VaultUsageScenarioTests.cs(50,25): error CS0103: The name 'Assert' does not exist in the current context
C:\gh\azure-sdk-for-net\sdk\recoveryservices\Microsoft.Azure.Management.RecoveryServices\tests\ScenarioTests\VaultUsageScenarioTests.cs(51,25): error CS0518: Predefined type 'System.Object' is not defined or imported
C:\gh\azure-sdk-for-net\sdk\recoveryservices\Microsoft.Azure.Management.RecoveryServices\tests\ScenarioTests\VaultUsageScenarioTests.cs(51,25): error CS0103: The name 'Assert' does not exist in the current context
C:\gh\azure-sdk-for-net\sdk\recoveryservices\Microsoft.Azure.Management.RecoveryServices\tests\ScenarioTests\VaultUsageScenarioTests.cs(52,25): error CS0518: Predefined type 'System.Object' is not defined or imported
C:\gh\azure-sdk-for-net\sdk\recoveryservices\Microsoft.Azure.Management.RecoveryServices\tests\ScenarioTests\VaultUsageScenarioTests.cs(52,25): error CS0103: The name 'Assert' does not exist in the current context
C:\gh\azure-sdk-for-net\sdk\recoveryservices\Microsoft.Azure.Management.RecoveryServices\tests\ScenarioTests\VaultUsageScenarioTests.cs(55,60): error CS0518: Predefined type 'System.Object' is not defined or imported
C:\gh\azure-sdk-for-net\sdk\recoveryservices\Microsoft.Azure.Management.RecoveryServices\tests\ScenarioTests\VaultUsageScenarioTests.cs(57,21): error CS0518: Predefined type 'System.Object' is not defined or imported
C:\gh\azure-sdk-for-net\sdk\recoveryservices\Microsoft.Azure.Management.RecoveryServices\tests\ScenarioTests\VaultUsageScenarioTests.cs(57,21): error CS0103: The name 'Assert' does not exist in the current context
C:\gh\azure-sdk-for-net\sdk\recoveryservices\Microsoft.Azure.Management.RecoveryServices\tests\ScenarioTests\VaultUsageScenarioTests.cs(58,21): error CS0518: Predefined type 'System.Object' is not defined or imported
C:\gh\azure-sdk-for-net\sdk\recoveryservices\Microsoft.Azure.Management.RecoveryServices\tests\ScenarioTests\VaultUsageScenarioTests.cs(58,21): error CS0103: The name 'Assert' does not exist in the current context
C:\gh\azure-sdk-for-net\sdk\recoveryservices\Microsoft.Azure.Management.RecoveryServices\tests\RecoveryServicesTestBase.cs(86,20): error CS0518: Predefined type 'System.String' is not defined or imported
C:\gh\azure-sdk-for-net\sdk\recoveryservices\Microsoft.Azure.Management.RecoveryServices\tests\ScenarioTests\VaultScenarioTests.cs(61,13): error CS0518: Predefined type 'System.IDisposable' is not defined or imported
C:\gh\azure-sdk-for-net\sdk\recoveryservices\Microsoft.Azure.Management.RecoveryServices\tests\ScenarioTests\VaultScenarioTests.cs(61,34): error CS0518: Predefined type 'System.Object' is not defined or imported
C:\gh\azure-sdk-for-net\sdk\recoveryservices\Microsoft.Azure.Management.RecoveryServices\tests\ScenarioTests\VaultScenarioTests.cs(61,34): error CS0103: The name 'MockContext' does not exist in the current context
C:\gh\azure-sdk-for-net\sdk\recoveryservices\Microsoft.Azure.Management.RecoveryServices\tests\ScenarioTests\VaultScenarioTests.cs(61,57): error CS0518: Predefined type 'System.Object' is not defined or imported
C:\gh\azure-sdk-for-net\sdk\recoveryservices\Microsoft.Azure.Management.RecoveryServices\tests\ScenarioTests\VaultScenarioTests.cs(61,57): error CS1061: 'VaultScenarioTests' does not contain a definition for 'GetType' and no accessible extension method 'GetType' accepting a first argument of type 'VaultScenarioTests' could be found (are you missing a using directive or an assembly reference?)
C:\gh\azure-sdk-for-net\sdk\recoveryservices\Microsoft.Azure.Management.RecoveryServices\tests\ScenarioTests\VaultScenarioTests.cs(63,17): error CS0518: Predefined type 'System.IDisposable' is not defined or imported
C:\gh\azure-sdk-for-net\sdk\recoveryservices\Microsoft.Azure.Management.RecoveryServices\tests\ScenarioTests\VaultScenarioTests.cs(63,24): error CS0518: Predefined type 'System.Object' is not defined or imported
C:\gh\azure-sdk-for-net\sdk\recoveryservices\Microsoft.Azure.Management.RecoveryServices\tests\ScenarioTests\VaultScenarioTests.cs(63,68): error CS0518: Predefined type 'System.Object' is not defined or imported
C:\gh\azure-sdk-for-net\sdk\recoveryservices\Microsoft.Azure.Management.RecoveryServices\tests\ScenarioTests\VaultScenarioTests.cs(63,24): error CS1674: 'RecoveryServicesTestBase': type used in a using statement must be implicitly convertible to 'System.IDisposable'.
C:\gh\azure-sdk-for-net\sdk\recoveryservices\Microsoft.Azure.Management.RecoveryServices\tests\ScenarioTests\VaultScenarioTests.cs(65,21): error CS0518: Predefined type 'System.String' is not defined or imported
C:\gh\azure-sdk-for-net\sdk\recoveryservices\Microsoft.Azure.Management.RecoveryServices\tests\ScenarioTests\VaultScenarioTests.cs(65,40): error CS0518: Predefined type 'System.Object' is not defined or imported
C:\gh\azure-sdk-for-net\sdk\recoveryservices\Microsoft.Azure.Management.RecoveryServices\tests\ScenarioTests\VaultScenarioTests.cs(67,34): error CS0518: Predefined type 'System.Object' is not defined or imported
C:\gh\azure-sdk-for-net\sdk\recoveryservices\Microsoft.Azure.Management.RecoveryServices\tests\ScenarioTests\VaultScenarioTests.cs(68,46): error CS0518: Predefined type 'System.Object' is not defined or imported
C:\gh\azure-sdk-for-net\sdk\recoveryservices\Microsoft.Azure.Management.RecoveryServices\tests\ScenarioTests\VaultScenarioTests.cs(69,21): error CS0518: Predefined type 'System.Object' is not defined or imported
C:\gh\azure-sdk-for-net\sdk\recoveryservices\Microsoft.Azure.Management.RecoveryServices\tests\ScenarioTests\VaultScenarioTests.cs(69,21): error CS0103: The name 'Assert' does not exist in the current context
C:\gh\azure-sdk-for-net\sdk\recoveryservices\Microsoft.Azure.Management.RecoveryServices\tests\ScenarioTests\VaultScenarioTests.cs(71,21): error CS0518: Predefined type 'System.Object' is not defined or imported
C:\gh\azure-sdk-for-net\sdk\recoveryservices\Microsoft.Azure.Management.RecoveryServices\tests\ScenarioTests\VaultScenarioTests.cs(74,53): error CS0518: Predefined type 'System.Object' is not defined or imported
C:\gh\azure-sdk-for-net\sdk\recoveryservices\Microsoft.Azure.Management.RecoveryServices\tests\ScenarioTests\VaultScenarioTests.cs(76,28): error CS0518: Predefined type 'System.Object' is not defined or imported
C:\gh\azure-sdk-for-net\sdk\recoveryservices\Microsoft.Azure.Management.RecoveryServices\tests\ScenarioTests\VaultScenarioTests.cs(76,28): error CS0246: The type or namespace name 'CloudException' could not be found (are you missing a using directive or an assembly reference?)
C:\gh\azure-sdk-for-net\sdk\recoveryservices\Microsoft.Azure.Management.RecoveryServices\tests\ScenarioTests\VaultScenarioTests.cs(78,55): error CS0518: Predefined type 'System.Object' is not defined or imported
C:\gh\azure-sdk-for-net\sdk\recoveryservices\Microsoft.Azure.Management.RecoveryServices\tests\ScenarioTests\VaultScenarioTests.cs(78,55): error CS0103: The name 'HttpStatusCode' does not exist in the current context
C:\gh\azure-sdk-for-net\sdk\recoveryservices\Microsoft.Azure.Management.RecoveryServices\tests\ScenarioTests\VaultScenarioTests.cs(78,29): error CS0518: Predefined type 'System.Boolean' is not defined or imported
C:\gh\azure-sdk-for-net\sdk\recoveryservices\Microsoft.Azure.Management.RecoveryServices\tests\ScenarioTests\VaultScenarioTests.cs(78,29): error CS0518: Predefined type 'System.Boolean' is not defined or imported
C:\gh\azure-sdk-for-net\sdk\recoveryservices\Microsoft.Azure.Management.RecoveryServices\tests\ScenarioTests\VaultScenarioTests.cs(84,25): error CS0246: The type or namespace name 'IResource' could not be found (are you missing a using directive or an assembly reference?)
C:\gh\azure-sdk-for-net\sdk\recoveryservices\Microsoft.Azure.Management.RecoveryServices\tests\ScenarioTests\VaultScenarioTests.cs(84,25): error CS0518: Predefined type 'System.Boolean' is not defined or imported
C:\gh\azure-sdk-for-net\sdk\recoveryservices\Microsoft.Azure.Management.RecoveryServices\tests\ScenarioTests\VaultScenarioTests.cs(86,53): error CS0518: Predefined type 'System.Object' is not defined or imported
C:\gh\azure-sdk-for-net\sdk\recoveryservices\Microsoft.Azure.Management.RecoveryServices\tests\ScenarioTests\VaultScenarioTests.cs(89,21): error CS0518: Predefined type 'System.Object' is not defined or imported
C:\gh\azure-sdk-for-net\sdk\recoveryservices\Microsoft.Azure.Management.RecoveryServices\tests\ScenarioTests\VaultScenarioTests.cs(89,21): error CS0103: The name 'Assert' does not exist in the current context
C:\gh\azure-sdk-for-net\sdk\recoveryservices\Microsoft.Azure.Management.RecoveryServices\tests\ScenarioTests\VaultScenarioTests.cs(89,49): error CS0518: Predefined type 'System.String' is not defined or imported
C:\gh\azure-sdk-for-net\sdk\recoveryservices\Microsoft.Azure.Management.RecoveryServices\tests\RecoveryServicesTestBase.cs(91,13): error CS0518: Predefined type 'System.Object' is not defined or imported
C:\gh\azure-sdk-for-net\sdk\recoveryservices\Microsoft.Azure.Management.RecoveryServices\tests\RecoveryServicesTestBase.cs(91,31): error CS0518: Predefined type 'System.Object' is not defined or imported
C:\gh\azure-sdk-for-net\sdk\recoveryservices\Microsoft.Azure.Management.RecoveryServices\tests\RecoveryServicesTestBase.cs(91,31): error CS0518: Predefined type 'System.Void' is not defined or imported
C:\gh\azure-sdk-for-net\sdk\recoveryservices\Microsoft.Azure.Management.RecoveryServices\tests\RecoveryServicesTestBase.cs(93,17): error CS0518: Predefined type 'System.String' is not defined or imported
C:\gh\azure-sdk-for-net\sdk\recoveryservices\Microsoft.Azure.Management.RecoveryServices\tests\RecoveryServicesTestBase.cs(94,17): error CS0518: Predefined type 'System.Void' is not defined or imported
C:\gh\azure-sdk-for-net\sdk\recoveryservices\Microsoft.Azure.Management.RecoveryServices\tests\RecoveryServicesTestBase.cs(94,27): error CS0518: Predefined type 'System.Object' is not defined or imported
C:\gh\azure-sdk-for-net\sdk\recoveryservices\Microsoft.Azure.Management.RecoveryServices\tests\RecoveryServicesTestBase.cs(94,27): error CS0518: Predefined type 'System.Void' is not defined or imported
C:\gh\azure-sdk-for-net\sdk\recoveryservices\Microsoft.Azure.Management.RecoveryServices\tests\RecoveryServicesTestBase.cs(96,21): error CS0518: Predefined type 'System.String' is not defined or imported
C:\gh\azure-sdk-for-net\sdk\recoveryservices\Microsoft.Azure.Management.RecoveryServices\tests\RecoveryServicesTestBase.cs(96,28): error CS0518: Predefined type 'System.Object' is not defined or imported
C:\gh\azure-sdk-for-net\sdk\recoveryservices\Microsoft.Azure.Management.RecoveryServices\tests\RecoveryServicesTestBase.cs(96,36): error CS0518: Predefined type 'System.String' is not defined or imported
C:\gh\azure-sdk-for-net\sdk\recoveryservices\Microsoft.Azure.Management.RecoveryServices\tests\RecoveryServicesTestBase.cs(98,17): error CS0518: Predefined type 'System.Void' is not defined or imported
C:\gh\azure-sdk-for-net\sdk\recoveryservices\Microsoft.Azure.Management.RecoveryServices\tests\RecoveryServicesTestBase.cs(98,34): error CS0518: Predefined type 'System.Object' is not defined or imported
C:\gh\azure-sdk-for-net\sdk\recoveryservices\Microsoft.Azure.Management.RecoveryServices\tests\RecoveryServicesTestBase.cs(98,34): error CS0518: Predefined type 'System.Void' is not defined or imported
C:\gh\azure-sdk-for-net\sdk\recoveryservices\Microsoft.Azure.Management.RecoveryServices\tests\RecoveryServicesTestBase.cs(100,13): error CS0518: Predefined type 'System.String' is not defined or imported
C:\gh\azure-sdk-for-net\sdk\recoveryservices\Microsoft.Azure.Management.RecoveryServices\tests\RecoveryServicesTestBase.cs(107,13): error CS0518: Predefined type 'System.Object' is not defined or imported
C:\gh\azure-sdk-for-net\sdk\recoveryservices\Microsoft.Azure.Management.RecoveryServices\tests\RecoveryServicesTestBase.cs(107,53): error CS0518: Predefined type 'System.Object' is not defined or imported
C:\gh\azure-sdk-for-net\sdk\recoveryservices\Microsoft.Azure.Management.RecoveryServices\tests\RecoveryServicesTestBase.cs(107,53): error CS0518: Predefined type 'System.Void' is not defined or imported
C:\gh\azure-sdk-for-net\sdk\recoveryservices\Microsoft.Azure.Management.RecoveryServices\tests\RecoveryServicesTestBase.cs(109,17): error CS0518: Predefined type 'System.String' is not defined or imported
C:\gh\azure-sdk-for-net\sdk\recoveryservices\Microsoft.Azure.Management.RecoveryServices\tests\RecoveryServicesTestBase.cs(109,29): error CS0518: Predefined type 'System.String' is not defined or imported
C:\gh\azure-sdk-for-net\sdk\recoveryservices\Microsoft.Azure.Management.RecoveryServices\tests\RecoveryServicesTestBase.cs(110,17): error CS0518: Predefined type 'System.String' is not defined or imported
C:\gh\azure-sdk-for-net\sdk\recoveryservices\Microsoft.Azure.Management.RecoveryServices\tests\RecoveryServicesTestBase.cs(110,32): error CS0518: Predefined type 'System.Object' is not defined or imported
C:\gh\azure-sdk-for-net\sdk\recoveryservices\Microsoft.Azure.Management.RecoveryServices\tests\RecoveryServicesTestBase.cs(110,46): error CS0518: Predefined type 'System.Object' is not defined or imported
C:\gh\azure-sdk-for-net\sdk\recoveryservices\Microsoft.Azure.Management.RecoveryServices\tests\RecoveryServicesTestBase.cs(110,64): error CS0518: Predefined type 'System.Int32' is not defined or imported
C:\gh\azure-sdk-for-net\sdk\recoveryservices\Microsoft.Azure.Management.RecoveryServices\tests\RecoveryServicesTestBase.cs(113,86): error CS0518: Predefined type 'System.String' is not defined or imported
C:\gh\azure-sdk-for-net\sdk\recoveryservices\Microsoft.Azure.Management.RecoveryServices\tests\RecoveryServicesTestBase.cs(113,20): error CS0518: Predefined type 'System.String' is not defined or imported
C:\gh\azure-sdk-for-net\sdk\recoveryservices\Microsoft.Azure.Management.RecoveryServices\tests\RecoveryServicesTestBase.cs(118,13): error CS0518: Predefined type 'System.Object' is not defined or imported
C:\gh\azure-sdk-for-net\sdk\recoveryservices\Microsoft.Azure.Management.RecoveryServices\tests\RecoveryServicesTestBase.cs(118,53): error CS0518: Predefined type 'System.Object' is not defined or imported
C:\gh\azure-sdk-for-net\sdk\recoveryservices\Microsoft.Azure.Management.RecoveryServices\tests\RecoveryServicesTestBase.cs(118,53): error CS0518: Predefined type 'System.Void' is not defined or imported
C:\gh\azure-sdk-for-net\sdk\recoveryservices\Microsoft.Azure.Management.RecoveryServices\tests\RecoveryServicesTestBase.cs(120,17): error CS0518: Predefined type 'System.String' is not defined or imported
C:\gh\azure-sdk-for-net\sdk\recoveryservices\Microsoft.Azure.Management.RecoveryServices\tests\RecoveryServicesTestBase.cs(120,29): error CS0518: Predefined type 'System.String' is not defined or imported
C:\gh\azure-sdk-for-net\sdk\recoveryservices\Microsoft.Azure.Management.RecoveryServices\tests\RecoveryServicesTestBase.cs(121,17): error CS0518: Predefined type 'System.String' is not defined or imported
C:\gh\azure-sdk-for-net\sdk\recoveryservices\Microsoft.Azure.Management.RecoveryServices\tests\RecoveryServicesTestBase.cs(121,32): error CS0518: Predefined type 'System.Object' is not defined or imported
C:\gh\azure-sdk-for-net\sdk\recoveryservices\Microsoft.Azure.Management.RecoveryServices\tests\RecoveryServicesTestBase.cs(121,46): error CS0518: Predefined type 'System.Object' is not defined or imported
C:\gh\azure-sdk-for-net\sdk\recoveryservices\Microsoft.Azure.Management.RecoveryServices\tests\RecoveryServicesTestBase.cs(121,64): error CS0518: Predefined type 'System.Int32' is not defined or imported
C:\gh\azure-sdk-for-net\sdk\recoveryservices\Microsoft.Azure.Management.RecoveryServices\tests\RecoveryServicesTestBase.cs(124,86): error CS0518: Predefined type 'System.String' is not defined or imported
C:\gh\azure-sdk-for-net\sdk\recoveryservices\Microsoft.Azure.Management.RecoveryServices\tests\RecoveryServicesTestBase.cs(124,20): error CS0518: Predefined type 'System.String' is not defined or imported
C:\gh\azure-sdk-for-net\sdk\recoveryservices\Microsoft.Azure.Management.RecoveryServices\tests\RecoveryServicesTestBase.cs(129,75): error CS0518: Predefined type 'System.String' is not defined or imported
C:\gh\azure-sdk-for-net\sdk\recoveryservices\Microsoft.Azure.Management.RecoveryServices\tests\RecoveryServicesTestBase.cs(129,20): error CS0518: Predefined type 'System.String' is not defined or imported
C:\gh\azure-sdk-for-net\sdk\recoveryservices\Microsoft.Azure.Management.RecoveryServices\tests\RecoveryServicesTestBase.cs(141,20): error CS0012: The type 'IEnumerable<>' is defined in an assembly that is not referenced. You must add a reference to assembly 'mscorlib, Version=4.0.0.0, Culture=neutral, PublicKeyToken=b77a5c561934e089'.
C:\gh\azure-sdk-for-net\sdk\recoveryservices\Microsoft.Azure.Management.RecoveryServices\tests\RecoveryServicesTestBase.cs(146,20): error CS0246: The type or namespace name 'IPage<>' could not be found (are you missing a using directive or an assembly reference?)
C:\gh\azure-sdk-for-net\sdk\recoveryservices\Microsoft.Azure.Management.RecoveryServices\tests\RecoveryServicesTestBase.cs(146,20): error CS0012: The type 'IEnumerable<>' is defined in an assembly that is not referenced. You must add a reference to assembly 'mscorlib, Version=4.0.0.0, Culture=neutral, PublicKeyToken=b77a5c561934e089'.
C:\gh\azure-sdk-for-net\sdk\recoveryservices\Microsoft.Azure.Management.RecoveryServices\tests\RecoveryServicesTestBase.cs(153,26): error CS0246: The type or namespace name 'IPage<>' could not be found (are you missing a using directive or an assembly reference?)
C:\gh\azure-sdk-for-net\sdk\recoveryservices\Microsoft.Azure.Management.RecoveryServices\tests\RecoveryServicesTestBase.cs(156,17): error CS0518: Predefined type 'System.Void' is not defined or imported
C:\gh\azure-sdk-for-net\sdk\recoveryservices\Microsoft.Azure.Management.RecoveryServices\tests\RecoveryServicesTestBase.cs(162,13): error CS0518: Predefined type 'System.Object' is not defined or imported
C:\gh\azure-sdk-for-net\sdk\recoveryservices\Microsoft.Azure.Management.RecoveryServices\tests\RecoveryServicesTestBase.cs(163,25): error CS0518: Predefined type 'System.Object' is not defined or imported
C:\gh\azure-sdk-for-net\sdk\recoveryservices\Microsoft.Azure.Management.RecoveryServices\tests\RecoveryServicesTestBase.cs(163,25): error CS0246: The type or namespace name 'ServiceClient<>' could not be found (are you missing a using directive or an assembly reference?)
C:\gh\azure-sdk-for-net\sdk\recoveryservices\Microsoft.Azure.Management.RecoveryServices\tests\RecoveryServicesTestBase.cs(163,25): error CS0122: 'RecoveryServicesClient.Dispose(bool)' is inaccessible due to its protection level
C:\gh\azure-sdk-for-net\sdk\recoveryservices\Microsoft.Azure.Management.RecoveryServices\tests\RecoveryServicesTestBase.cs(23,1): hidden CS8019: Unnecessary using directive.
C:\gh\azure-sdk-for-net\sdk\recoveryservices\Microsoft.Azure.Management.RecoveryServices\tests\ScenarioTests\VaultScenarioTests.cs(19,1): hidden CS8019: Unnecessary using directive.
C:\gh\azure-sdk-for-net\sdk\recoveryservices\Microsoft.Azure.Management.RecoveryServices\tests\TestHelpers\ClientManagementUtilities.cs(16,1): hidden CS8019: Unnecessary using directive.
C:\gh\azure-sdk-for-net\sdk\recoveryservices\Microsoft.Azure.Management.RecoveryServices\tests\ScenarioTests\VaultScenarioTests.cs(17,1): hidden CS8019: Unnecessary using directive.
C:\gh\azure-sdk-for-net\sdk\recoveryservices\Microsoft.Azure.Management.RecoveryServices\tests\TestHelpers\TestUtilities.cs(18,1): hidden CS8019: Unnecessary using directive.
C:\gh\azure-sdk-for-net\sdk\recoveryservices\Microsoft.Azure.Management.RecoveryServices\tests\RecoveryServicesTestBase.cs(19,1): hidden CS8019: Unnecessary using directive.
C:\gh\azure-sdk-for-net\sdk\recoveryservices\Microsoft.Azure.Management.RecoveryServices\tests\RecoveryServicesTestBase.cs(22,1): hidden CS8019: Unnecessary using directive.
C:\gh\azure-sdk-for-net\sdk\recoveryservices\Microsoft.Azure.Management.RecoveryServices\tests\ScenarioTests\VaultScenarioTests.cs(22,1): hidden CS8019: Unnecessary using directive.
C:\gh\azure-sdk-for-net\sdk\recoveryservices\Microsoft.Azure.Management.RecoveryServices\tests\ScenarioTests\VaultUsageScenarioTests.cs(16,1): hidden CS8019: Unnecessary using directive.
C:\gh\azure-sdk-for-net\sdk\recoveryservices\Microsoft.Azure.Management.RecoveryServices\tests\ScenarioTests\VaultScenarioTests.cs(20,1): hidden CS8019: Unnecessary using directive.
C:\gh\azure-sdk-for-net\artifacts\obj\Microsoft.Azure.Management.RecoveryServices.Tests\Debug\netcoreapp2.0\.NETCoreApp,Version=v2.0.AssemblyAttributes.cs(2,1): hidden CS8019: Unnecessary using directive.
C:\gh\azure-sdk-for-net\sdk\recoveryservices\Microsoft.Azure.Management.RecoveryServices\tests\ScenarioTests\VaultScenarioTests.cs(18,1): hidden CS8019: Unnecessary using directive.
C:\gh\azure-sdk-for-net\sdk\recoveryservices\Microsoft.Azure.Management.RecoveryServices\tests\ScenarioTests\VaultScenarioTests.cs(21,1): hidden CS8019: Unnecessary using directive.
C:\gh\azure-sdk-for-net\artifacts\obj\Microsoft.Azure.Management.RecoveryServices.Tests\Debug\netcoreapp2.0\Microsoft.Azure.Management.RecoveryServices.Tests.AssemblyInfo.cs(11,1): hidden CS8019: Unnecessary using directive.
C:\gh\azure-sdk-for-net\artifacts\obj\Microsoft.Azure.Management.RecoveryServices.Tests\Debug\netcoreapp2.0\.NETCoreApp,Version=v2.0.AssemblyAttributes.cs(3,1): hidden CS8019: Unnecessary using directive.
C:\gh\azure-sdk-for-net\sdk\recoveryservices\Microsoft.Azure.Management.RecoveryServices\tests\RecoveryServicesTestBase.cs(18,1): hidden CS8019: Unnecessary using directive.
C:\gh\azure-sdk-for-net\sdk\recoveryservices\Microsoft.Azure.Management.RecoveryServices\tests\TestHelpers\TestUtilities.cs(16,1): hidden CS8019: Unnecessary using directive.
C:\gh\azure-sdk-for-net\sdk\recoveryservices\Microsoft.Azure.Management.RecoveryServices\tests\ScenarioTests\VaultUsageScenarioTests.cs(19,1): hidden CS8019: Unnecessary using directive.
C:\gh\azure-sdk-for-net\eng\mgmt\DisableTestRunParallel.cs(5,1): hidden CS8019: Unnecessary using directive.
C:\gh\azure-sdk-for-net\eng\mgmt\DisableTestRunParallel.cs(4,1): hidden CS8019: Unnecessary using directive.
C:\gh\azure-sdk-for-net\sdk\recoveryservices\Microsoft.Azure.Management.RecoveryServices\tests\TestHelpers\TestUtilities.cs(17,1): hidden CS8019: Unnecessary using directive.
C:\gh\azure-sdk-for-net\sdk\recoveryservices\Microsoft.Azure.Management.RecoveryServices\tests\RecoveryServicesTestBase.cs(24,1): hidden CS8019: Unnecessary using directive.
C:\gh\azure-sdk-for-net\sdk\recoveryservices\Microsoft.Azure.Management.RecoveryServices\tests\ScenarioTests\VaultUsageScenarioTests.cs(17,1): hidden CS8019: Unnecessary using directive.
C:\gh\azure-sdk-for-net\sdk\recoveryservices\Microsoft.Azure.Management.RecoveryServices\tests\TestHelpers\ClientManagementUtilities.cs(17,1): hidden CS8019: Unnecessary using directive.
C:\gh\azure-sdk-for-net\sdk\recoveryservices\Microsoft.Azure.Management.RecoveryServices\tests\ScenarioTests\VaultScenarioTests.cs(16,1): hidden CS8019: Unnecessary using directive.
C:\gh\azure-sdk-for-net\artifacts\obj\Microsoft.Azure.Management.RecoveryServices.Tests\Debug\netcoreapp2.0\Microsoft.Azure.Management.RecoveryServices.Tests.AssemblyInfo.cs(12,1): hidden CS8019: Unnecessary using directive.
C:\gh\azure-sdk-for-net\sdk\recoveryservices\Microsoft.Azure.Management.RecoveryServices\tests\RecoveryServicesTestBase.cs(21,1): hidden CS8019: Unnecessary using directive.
C:\gh\azure-sdk-for-net\sdk\recoveryservices\Microsoft.Azure.Management.RecoveryServices\tests\RecoveryServicesTestBase.cs(20,1): hidden CS8019: Unnecessary using directive.
C:\gh\azure-sdk-for-net\sdk\recoveryservices\Microsoft.Azure.Management.RecoveryServices\tests\ScenarioTests\VaultUsageScenarioTests.cs(18,1): hidden CS8019: Unnecessary using directive.
C:\gh\azure-sdk-for-net\sdk\recoveryservices\Microsoft.Azure.Management.RecoveryServices\tests\RecoveryServicesTestBase.cs(17,1): hidden CS8019: Unnecessary using directive.
