C:\gh\azure-sdk-for-net\sdk\storage\Azure.Storage.Files.Shares\tests\ShareClientTests.cs(42,54): error CS0246: The type or namespace name 'AzureSasCredential' could not be found (are you missing a using directive or an assembly reference?)
C:\gh\azure-sdk-for-net\sdk\storage\Azure.Storage.Files.Shares\tests\ServiceClientTests.cs(35,63): error CS0246: The type or namespace name 'AzureSasCredential' could not be found (are you missing a using directive or an assembly reference?)
C:\gh\azure-sdk-for-net\sdk\storage\Azure.Storage.Files.Shares\tests\ServiceClientTests.cs(52,78): error CS0246: The type or namespace name 'AzureSasCredential' could not be found (are you missing a using directive or an assembly reference?)
C:\gh\azure-sdk-for-net\sdk\storage\Azure.Storage.Files.Shares\tests\ServiceClientTests.cs(52,50): error CS0246: The type or namespace name 'AzureSasCredential' could not be found (are you missing a using directive or an assembly reference?)
C:\gh\azure-sdk-for-net\sdk\storage\Azure.Storage.Files.Shares\tests\DirectoryClientTests.cs(84,80): error CS0246: The type or namespace name 'AzureSasCredential' could not be found (are you missing a using directive or an assembly reference?)
C:\gh\azure-sdk-for-net\sdk\storage\Azure.Storage.Files.Shares\tests\DirectoryClientTests.cs(84,50): error CS0246: The type or namespace name 'AzureSasCredential' could not be found (are you missing a using directive or an assembly reference?)
C:\gh\azure-sdk-for-net\sdk\storage\Azure.Storage.Files.Shares\tests\DirectoryClientTests.cs(84,71): error CS1503: Argument 1: cannot convert from 'System.Uri' to 'string'
C:\gh\azure-sdk-for-net\sdk\storage\Azure.Storage.Files.Shares\tests\DirectoryClientTests.cs(84,105): error CS1503: Argument 3: cannot convert from 'Azure.Storage.Files.Shares.ShareClientOptions' to 'string'
C:\gh\azure-sdk-for-net\sdk\storage\Azure.Storage.Files.Shares\tests\FileTestBase.cs(103,21): error CS0246: The type or namespace name 'AzureSasCredential' could not be found (are you missing a using directive or an assembly reference?)
C:\gh\azure-sdk-for-net\sdk\storage\Azure.Storage.Files.Shares\tests\FileTestBase.cs(112,21): error CS0246: The type or namespace name 'AzureSasCredential' could not be found (are you missing a using directive or an assembly reference?)
C:\gh\azure-sdk-for-net\sdk\storage\Azure.Storage.Files.Shares\tests\FileTestBase.cs(121,21): error CS0246: The type or namespace name 'AzureSasCredential' could not be found (are you missing a using directive or an assembly reference?)
C:\gh\azure-sdk-for-net\sdk\storage\Azure.Storage.Files.Shares\tests\ServiceClientTests.cs(69,48): error CS0246: The type or namespace name 'AzureSasCredential' could not be found (are you missing a using directive or an assembly reference?)
C:\gh\azure-sdk-for-net\sdk\storage\Azure.Storage.Files.Shares\tests\ServiceClientTests.cs(69,27): error CS0246: The type or namespace name 'AzureSasCredential' could not be found (are you missing a using directive or an assembly reference?)
C:\gh\azure-sdk-for-net\sdk\storage\Azure.Storage.Files.Shares\tests\ServiceClientTests.cs(69,39): error CS1503: Argument 1: cannot convert from 'System.Uri' to 'string'
C:\gh\azure-sdk-for-net\sdk\storage\Azure.Storage.Files.Shares\tests\ServiceClientTests.cs(70,66): error CS0103: The name 'AzureSasCredential' does not exist in the current context
C:\gh\azure-sdk-for-net\sdk\storage\Azure.Storage.Files.Shares\tests\FileTestBase.cs(130,21): error CS0246: The type or namespace name 'AzureSasCredential' could not be found (are you missing a using directive or an assembly reference?)
C:\gh\azure-sdk-for-net\sdk\storage\Azure.Storage.Files.Shares\tests\ShareClientTests.cs(84,25): error CS0246: The type or namespace name 'AzureSasCredential' could not be found (are you missing a using directive or an assembly reference?)
C:\gh\azure-sdk-for-net\sdk\storage\Azure.Storage.Files.Shares\tests\FileTestBase.cs(139,21): error CS0246: The type or namespace name 'AzureSasCredential' could not be found (are you missing a using directive or an assembly reference?)
C:\gh\azure-sdk-for-net\sdk\storage\Azure.Storage.Files.Shares\tests\FileTestBase.cs(145,21): error CS0246: The type or namespace name 'AzureSasCredential' could not be found (are you missing a using directive or an assembly reference?)
C:\gh\azure-sdk-for-net\sdk\storage\Azure.Storage.Files.Shares\tests\FileTestBase.cs(151,21): error CS0246: The type or namespace name 'AzureSasCredential' could not be found (are you missing a using directive or an assembly reference?)
C:\gh\azure-sdk-for-net\sdk\storage\Azure.Storage.Files.Shares\tests\DirectoryClientTests.cs(102,57): error CS0246: The type or namespace name 'AzureSasCredential' could not be found (are you missing a using directive or an assembly reference?)
C:\gh\azure-sdk-for-net\sdk\storage\Azure.Storage.Files.Shares\tests\DirectoryClientTests.cs(102,27): error CS0246: The type or namespace name 'AzureSasCredential' could not be found (are you missing a using directive or an assembly reference?)
C:\gh\azure-sdk-for-net\sdk\storage\Azure.Storage.Files.Shares\tests\DirectoryClientTests.cs(103,66): error CS0103: The name 'AzureSasCredential' does not exist in the current context
C:\gh\azure-sdk-for-net\sdk\storage\Azure.Storage.Files.Shares\tests\ServiceClientTests.cs(93,21): error CS0246: The type or namespace name 'AzureSasCredential' could not be found (are you missing a using directive or an assembly reference?)
C:\gh\azure-sdk-for-net\sdk\storage\Azure.Storage.Files.Shares\tests\ShareClientTests.cs(133,71): error CS0246: The type or namespace name 'AzureSasCredential' could not be found (are you missing a using directive or an assembly reference?)
C:\gh\azure-sdk-for-net\sdk\storage\Azure.Storage.Files.Shares\tests\ShareClientTests.cs(133,50): error CS0246: The type or namespace name 'AzureSasCredential' could not be found (are you missing a using directive or an assembly reference?)
C:\gh\azure-sdk-for-net\sdk\storage\Azure.Storage.Files.Shares\tests\ShareClientTests.cs(133,62): error CS1503: Argument 1: cannot convert from 'System.Uri' to 'string'
C:\gh\azure-sdk-for-net\sdk\storage\Azure.Storage.Files.Shares\tests\FileClientTests.cs(89,75): error CS0246: The type or namespace name 'AzureSasCredential' could not be found (are you missing a using directive or an assembly reference?)
C:\gh\azure-sdk-for-net\sdk\storage\Azure.Storage.Files.Shares\tests\FileClientTests.cs(89,50): error CS0246: The type or namespace name 'AzureSasCredential' could not be found (are you missing a using directive or an assembly reference?)
C:\gh\azure-sdk-for-net\sdk\storage\Azure.Storage.Files.Shares\tests\FileClientTests.cs(89,66): error CS1503: Argument 1: cannot convert from 'System.Uri' to 'string'
C:\gh\azure-sdk-for-net\sdk\storage\Azure.Storage.Files.Shares\tests\FileClientTests.cs(89,100): error CS1503: Argument 3: cannot convert from 'Azure.Storage.Files.Shares.ShareClientOptions' to 'string'
C:\gh\azure-sdk-for-net\sdk\storage\Azure.Storage.Files.Shares\tests\FileSasBuilderTests.cs(139,46): error CS0246: The type or namespace name 'AzureSasCredential' could not be found (are you missing a using directive or an assembly reference?)
C:\gh\azure-sdk-for-net\sdk\storage\Azure.Storage.Files.Shares\tests\FileClientTests.cs(107,52): error CS0246: The type or namespace name 'AzureSasCredential' could not be found (are you missing a using directive or an assembly reference?)
C:\gh\azure-sdk-for-net\sdk\storage\Azure.Storage.Files.Shares\tests\FileClientTests.cs(107,27): error CS0246: The type or namespace name 'AzureSasCredential' could not be found (are you missing a using directive or an assembly reference?)
C:\gh\azure-sdk-for-net\sdk\storage\Azure.Storage.Files.Shares\tests\FileClientTests.cs(108,66): error CS0103: The name 'AzureSasCredential' does not exist in the current context
C:\gh\azure-sdk-for-net\sdk\storage\Azure.Storage.Files.Shares\tests\FileSasBuilderTests.cs(191,46): error CS0246: The type or namespace name 'AzureSasCredential' could not be found (are you missing a using directive or an assembly reference?)
C:\gh\azure-sdk-for-net\sdk\storage\Azure.Storage.Files.Shares\tests\ShareClientTests.cs(151,48): error CS0246: The type or namespace name 'AzureSasCredential' could not be found (are you missing a using directive or an assembly reference?)
C:\gh\azure-sdk-for-net\sdk\storage\Azure.Storage.Files.Shares\tests\ShareClientTests.cs(151,27): error CS0246: The type or namespace name 'AzureSasCredential' could not be found (are you missing a using directive or an assembly reference?)
C:\gh\azure-sdk-for-net\sdk\storage\Azure.Storage.Files.Shares\tests\ShareClientTests.cs(151,39): error CS1503: Argument 1: cannot convert from 'System.Uri' to 'string'
C:\gh\azure-sdk-for-net\sdk\storage\Azure.Storage.Files.Shares\tests\ShareClientTests.cs(152,66): error CS0103: The name 'AzureSasCredential' does not exist in the current context
C:\gh\azure-sdk-for-net\sdk\storage\Azure.Storage.Files.Shares\tests\ServiceClientTests.cs(172,21): error CS0246: The type or namespace name 'AzureSasCredential' could not be found (are you missing a using directive or an assembly reference?)
C:\gh\azure-sdk-for-net\sdk\storage\Azure.Storage.Files.Shares\tests\DirectoryClientTests.cs(328,79): error CS0246: The type or namespace name 'AzureSasCredential' could not be found (are you missing a using directive or an assembly reference?)
C:\gh\azure-sdk-for-net\sdk\storage\Azure.Storage.Files.Shares\tests\ShareClientTests.cs(437,72): error CS0246: The type or namespace name 'AzureSasCredential' could not be found (are you missing a using directive or an assembly reference?)
C:\gh\azure-sdk-for-net\sdk\storage\Azure.Storage.Files.Shares\tests\ServiceClientTests.cs(322,21): error CS0246: The type or namespace name 'AzureSasCredential' could not be found (are you missing a using directive or an assembly reference?)
C:\gh\azure-sdk-for-net\sdk\storage\Azure.Storage.Files.Shares\tests\DirectoryClientTests.cs(414,54): error CS0246: The type or namespace name 'AzureSasCredential' could not be found (are you missing a using directive or an assembly reference?)
C:\gh\azure-sdk-for-net\sdk\storage\Azure.Storage.Files.Shares\tests\ShareClientTests.cs(486,72): error CS0246: The type or namespace name 'AzureSasCredential' could not be found (are you missing a using directive or an assembly reference?)
C:\gh\azure-sdk-for-net\sdk\storage\Azure.Storage.Files.Shares\tests\ShareClientTests.cs(532,72): error CS0246: The type or namespace name 'AzureSasCredential' could not be found (are you missing a using directive or an assembly reference?)
C:\gh\azure-sdk-for-net\sdk\storage\Azure.Storage.Files.Shares\tests\ServiceClientTests.cs(450,62): error CS0246: The type or namespace name 'AzureSasCredential' could not be found (are you missing a using directive or an assembly reference?)
C:\gh\azure-sdk-for-net\sdk\storage\Azure.Storage.Files.Shares\tests\ServiceClientTests.cs(456,62): error CS0246: The type or namespace name 'AzureSasCredential' could not be found (are you missing a using directive or an assembly reference?)
C:\gh\azure-sdk-for-net\sdk\storage\Azure.Storage.Files.Shares\tests\ServiceClientTests.cs(462,62): error CS0246: The type or namespace name 'AzureSasCredential' could not be found (are you missing a using directive or an assembly reference?)
C:\gh\azure-sdk-for-net\sdk\storage\Azure.Storage.Files.Shares\tests\FileClientTests.cs(483,54): error CS0246: The type or namespace name 'AzureSasCredential' could not be found (are you missing a using directive or an assembly reference?)
C:\gh\azure-sdk-for-net\sdk\storage\Azure.Storage.Files.Shares\tests\ServiceClientTests.cs(486,64): error CS0246: The type or namespace name 'AzureSasCredential' could not be found (are you missing a using directive or an assembly reference?)
C:\gh\azure-sdk-for-net\sdk\storage\Azure.Storage.Files.Shares\tests\ServiceClientTests.cs(493,64): error CS0246: The type or namespace name 'AzureSasCredential' could not be found (are you missing a using directive or an assembly reference?)
C:\gh\azure-sdk-for-net\sdk\storage\Azure.Storage.Files.Shares\tests\ServiceClientTests.cs(500,64): error CS0246: The type or namespace name 'AzureSasCredential' could not be found (are you missing a using directive or an assembly reference?)
C:\gh\azure-sdk-for-net\sdk\storage\Azure.Storage.Files.Shares\tests\ServiceClientTests.cs(520,69): error CS0246: The type or namespace name 'AzureSasCredential' could not be found (are you missing a using directive or an assembly reference?)
C:\gh\azure-sdk-for-net\sdk\storage\Azure.Storage.Files.Shares\tests\ServiceClientTests.cs(550,69): error CS0246: The type or namespace name 'AzureSasCredential' could not be found (are you missing a using directive or an assembly reference?)
C:\gh\azure-sdk-for-net\sdk\storage\Azure.Storage.Files.Shares\tests\FileClientTests.cs(568,54): error CS0246: The type or namespace name 'AzureSasCredential' could not be found (are you missing a using directive or an assembly reference?)
C:\gh\azure-sdk-for-net\sdk\storage\Azure.Storage.Files.Shares\tests\ServiceClientTests.cs(582,69): error CS0246: The type or namespace name 'AzureSasCredential' could not be found (are you missing a using directive or an assembly reference?)
C:\gh\azure-sdk-for-net\sdk\storage\Azure.Storage.Files.Shares\tests\FileClientTests.cs(869,66): error CS0246: The type or namespace name 'AzureSasCredential' could not be found (are you missing a using directive or an assembly reference?)
C:\gh\azure-sdk-for-net\sdk\storage\Azure.Storage.Files.Shares\tests\ShareClientTests.cs(1167,60): error CS0246: The type or namespace name 'AzureSasCredential' could not be found (are you missing a using directive or an assembly reference?)
C:\gh\azure-sdk-for-net\sdk\storage\Azure.Storage.Files.Shares\tests\DirectoryClientTests.cs(1160,67): error CS0246: The type or namespace name 'AzureSasCredential' could not be found (are you missing a using directive or an assembly reference?)
C:\gh\azure-sdk-for-net\sdk\storage\Azure.Storage.Files.Shares\tests\DirectoryClientTests.cs(1175,68): error CS0246: The type or namespace name 'AzureSasCredential' could not be found (are you missing a using directive or an assembly reference?)
C:\gh\azure-sdk-for-net\sdk\storage\Azure.Storage.Files.Shares\tests\DirectoryClientTests.cs(1181,68): error CS0246: The type or namespace name 'AzureSasCredential' could not be found (are you missing a using directive or an assembly reference?)
C:\gh\azure-sdk-for-net\sdk\storage\Azure.Storage.Files.Shares\tests\DirectoryClientTests.cs(1199,67): error CS0246: The type or namespace name 'AzureSasCredential' could not be found (are you missing a using directive or an assembly reference?)
C:\gh\azure-sdk-for-net\sdk\storage\Azure.Storage.Files.Shares\tests\DirectoryClientTests.cs(1216,68): error CS0246: The type or namespace name 'AzureSasCredential' could not be found (are you missing a using directive or an assembly reference?)
C:\gh\azure-sdk-for-net\sdk\storage\Azure.Storage.Files.Shares\tests\DirectoryClientTests.cs(1223,68): error CS0246: The type or namespace name 'AzureSasCredential' could not be found (are you missing a using directive or an assembly reference?)
C:\gh\azure-sdk-for-net\sdk\storage\Azure.Storage.Files.Shares\tests\DirectoryClientTests.cs(1242,67): error CS0246: The type or namespace name 'AzureSasCredential' could not be found (are you missing a using directive or an assembly reference?)
C:\gh\azure-sdk-for-net\sdk\storage\Azure.Storage.Files.Shares\tests\DirectoryClientTests.cs(1259,68): error CS0246: The type or namespace name 'AzureSasCredential' could not be found (are you missing a using directive or an assembly reference?)
C:\gh\azure-sdk-for-net\sdk\storage\Azure.Storage.Files.Shares\tests\DirectoryClientTests.cs(1266,68): error CS0246: The type or namespace name 'AzureSasCredential' could not be found (are you missing a using directive or an assembly reference?)
C:\gh\azure-sdk-for-net\sdk\storage\Azure.Storage.Files.Shares\tests\DirectoryClientTests.cs(1366,73): error CS0246: The type or namespace name 'AzureSasCredential' could not be found (are you missing a using directive or an assembly reference?)
C:\gh\azure-sdk-for-net\sdk\storage\Azure.Storage.Files.Shares\tests\DirectoryClientTests.cs(1399,73): error CS0246: The type or namespace name 'AzureSasCredential' could not be found (are you missing a using directive or an assembly reference?)
C:\gh\azure-sdk-for-net\sdk\storage\Azure.Storage.Files.Shares\tests\FileClientTests.cs(1770,21): error CS0246: The type or namespace name 'AzureSasCredential' could not be found (are you missing a using directive or an assembly reference?)
C:\gh\azure-sdk-for-net\sdk\storage\Azure.Storage.Files.Shares\tests\ShareClientTests.cs(2103,58): error CS0246: The type or namespace name 'AzureSasCredential' could not be found (are you missing a using directive or an assembly reference?)
C:\gh\azure-sdk-for-net\sdk\storage\Azure.Storage.Files.Shares\tests\ShareClientTests.cs(2109,59): error CS0246: The type or namespace name 'AzureSasCredential' could not be found (are you missing a using directive or an assembly reference?)
C:\gh\azure-sdk-for-net\sdk\storage\Azure.Storage.Files.Shares\tests\ShareClientTests.cs(2116,59): error CS0246: The type or namespace name 'AzureSasCredential' could not be found (are you missing a using directive or an assembly reference?)
C:\gh\azure-sdk-for-net\sdk\storage\Azure.Storage.Files.Shares\tests\ShareClientTests.cs(2122,59): error CS0246: The type or namespace name 'AzureSasCredential' could not be found (are you missing a using directive or an assembly reference?)
C:\gh\azure-sdk-for-net\sdk\storage\Azure.Storage.Files.Shares\tests\ShareClientTests.cs(2140,54): error CS0246: The type or namespace name 'AzureSasCredential' could not be found (are you missing a using directive or an assembly reference?)
C:\gh\azure-sdk-for-net\sdk\storage\Azure.Storage.Files.Shares\tests\ShareClientTests.cs(2147,55): error CS0246: The type or namespace name 'AzureSasCredential' could not be found (are you missing a using directive or an assembly reference?)
C:\gh\azure-sdk-for-net\sdk\storage\Azure.Storage.Files.Shares\tests\ShareClientTests.cs(2155,55): error CS0246: The type or namespace name 'AzureSasCredential' could not be found (are you missing a using directive or an assembly reference?)
C:\gh\azure-sdk-for-net\sdk\storage\Azure.Storage.Files.Shares\tests\ShareClientTests.cs(2162,55): error CS0246: The type or namespace name 'AzureSasCredential' could not be found (are you missing a using directive or an assembly reference?)
C:\gh\azure-sdk-for-net\sdk\storage\Azure.Storage.Files.Shares\tests\ShareClientTests.cs(2181,54): error CS0246: The type or namespace name 'AzureSasCredential' could not be found (are you missing a using directive or an assembly reference?)
C:\gh\azure-sdk-for-net\sdk\storage\Azure.Storage.Files.Shares\tests\ShareClientTests.cs(2188,55): error CS0246: The type or namespace name 'AzureSasCredential' could not be found (are you missing a using directive or an assembly reference?)
C:\gh\azure-sdk-for-net\sdk\storage\Azure.Storage.Files.Shares\tests\ShareClientTests.cs(2196,55): error CS0246: The type or namespace name 'AzureSasCredential' could not be found (are you missing a using directive or an assembly reference?)
C:\gh\azure-sdk-for-net\sdk\storage\Azure.Storage.Files.Shares\tests\ShareClientTests.cs(2203,55): error CS0246: The type or namespace name 'AzureSasCredential' could not be found (are you missing a using directive or an assembly reference?)
C:\gh\azure-sdk-for-net\sdk\storage\Azure.Storage.Files.Shares\tests\ShareClientTests.cs(2219,54): error CS0246: The type or namespace name 'AzureSasCredential' could not be found (are you missing a using directive or an assembly reference?)
C:\gh\azure-sdk-for-net\sdk\storage\Azure.Storage.Files.Shares\tests\ShareClientTests.cs(2243,54): error CS0246: The type or namespace name 'AzureSasCredential' could not be found (are you missing a using directive or an assembly reference?)
C:\gh\azure-sdk-for-net\sdk\storage\Azure.Storage.Files.Shares\tests\ShareClientTests.cs(2268,60): error CS0246: The type or namespace name 'AzureSasCredential' could not be found (are you missing a using directive or an assembly reference?)
C:\gh\azure-sdk-for-net\sdk\storage\Azure.Storage.Files.Shares\tests\ShareClientTests.cs(2298,60): error CS0246: The type or namespace name 'AzureSasCredential' could not be found (are you missing a using directive or an assembly reference?)
C:\gh\azure-sdk-for-net\sdk\storage\Azure.Storage.Files.Shares\tests\ShareClientTests.cs(2333,60): error CS0246: The type or namespace name 'AzureSasCredential' could not be found (are you missing a using directive or an assembly reference?)
C:\gh\azure-sdk-for-net\sdk\storage\Azure.Storage.Files.Shares\tests\FileClientTests.cs(2374,21): error CS0246: The type or namespace name 'AzureSasCredential' could not be found (are you missing a using directive or an assembly reference?)
C:\gh\azure-sdk-for-net\sdk\storage\Azure.Storage.Files.Shares\tests\FileClientTests.cs(2595,21): error CS0246: The type or namespace name 'AzureSasCredential' could not be found (are you missing a using directive or an assembly reference?)
C:\gh\azure-sdk-for-net\sdk\storage\Azure.Storage.Files.Shares\tests\FileClientTests.cs(4011,62): error CS0246: The type or namespace name 'AzureSasCredential' could not be found (are you missing a using directive or an assembly reference?)
C:\gh\azure-sdk-for-net\sdk\storage\Azure.Storage.Files.Shares\tests\FileClientTests.cs(4026,63): error CS0246: The type or namespace name 'AzureSasCredential' could not be found (are you missing a using directive or an assembly reference?)
C:\gh\azure-sdk-for-net\sdk\storage\Azure.Storage.Files.Shares\tests\FileClientTests.cs(4032,63): error CS0246: The type or namespace name 'AzureSasCredential' could not be found (are you missing a using directive or an assembly reference?)
C:\gh\azure-sdk-for-net\sdk\storage\Azure.Storage.Files.Shares\tests\FileClientTests.cs(4131,63): error CS0246: The type or namespace name 'AzureSasCredential' could not be found (are you missing a using directive or an assembly reference?)
C:\gh\azure-sdk-for-net\sdk\storage\Azure.Storage.Files.Shares\tests\FileClientTests.cs(4164,68): error CS0246: The type or namespace name 'AzureSasCredential' could not be found (are you missing a using directive or an assembly reference?)
C:\gh\azure-sdk-for-net\sdk\storage\Azure.Storage.Files.Shares\tests\FileClientTests.cs(18,1): hidden CS8019: Unnecessary using directive.
C:\gh\azure-sdk-for-net\artifacts\obj\Azure.Storage.Files.Shares.Tests\Debug\net461\.NETFramework,Version=v4.6.1.AssemblyAttributes.cs(3,1): hidden CS8019: Unnecessary using directive.
C:\gh\azure-sdk-for-net\sdk\storage\Azure.Storage.Common\tests\Shared\StorageRecordedTestSanitizer.cs(9,1): hidden CS8019: Unnecessary using directive.
C:\gh\azure-sdk-for-net\sdk\storage\Azure.Storage.Common\tests\Shared\RecordedClientRequestIdPolicy.cs(5,1): hidden CS8019: Unnecessary using directive.
C:\gh\azure-sdk-for-net\sdk\storage\Azure.Storage.Files.Shares\tests\FileClientTests.cs(11,1): hidden CS8019: Unnecessary using directive.
C:\gh\azure-sdk-for-net\sdk\storage\Azure.Storage.Common\tests\Shared\TenantConfiguration.cs(5,1): hidden CS8019: Unnecessary using directive.
C:\gh\azure-sdk-for-net\sdk\storage\Azure.Storage.Common\tests\Shared\StorageRecordedTestSanitizer.cs(7,1): hidden CS8019: Unnecessary using directive.
C:\gh\azure-sdk-for-net\artifacts\obj\Azure.Storage.Files.Shares.Tests\Debug\net461\.NETFramework,Version=v4.6.1.AssemblyAttributes.cs(2,1): hidden CS8019: Unnecessary using directive.
C:\gh\azure-sdk-for-net\sdk\storage\Azure.Storage.Common\tests\Shared\TenantConfiguration.cs(8,1): hidden CS8019: Unnecessary using directive.
C:\gh\azure-sdk-for-net\sdk\storage\Azure.Storage.Common\tests\Shared\KeyVaultConfiguration.cs(5,1): hidden CS8019: Unnecessary using directive.
C:\gh\azure-sdk-for-net\sdk\storage\Azure.Storage.Files.Shares\tests\FileUriBuilderTests.cs(8,1): hidden CS8019: Unnecessary using directive.
C:\gh\azure-sdk-for-net\sdk\storage\Azure.Storage.Files.Shares\tests\DirectoryClientTests.cs(6,1): hidden CS8019: Unnecessary using directive.
C:\gh\azure-sdk-for-net\sdk\storage\Azure.Storage.Common\tests\Shared\TestResponseClassifier.cs(4,1): hidden CS8019: Unnecessary using directive.
C:\gh\azure-sdk-for-net\sdk\storage\Azure.Storage.Common\tests\Shared\RecordedClientRequestIdPolicy.cs(4,1): hidden CS8019: Unnecessary using directive.
C:\gh\azure-sdk-for-net\sdk\storage\Azure.Storage.Common\tests\Shared\TenantConfiguration.cs(9,1): hidden CS8019: Unnecessary using directive.
C:\gh\azure-sdk-for-net\sdk\storage\Azure.Storage.Common\tests\Shared\RecordedClientRequestIdPolicy.cs(7,1): hidden CS8019: Unnecessary using directive.
C:\gh\azure-sdk-for-net\sdk\storage\Azure.Storage.Common\tests\Shared\FaultyDownloadPipelinePolicy.cs(7,1): hidden CS8019: Unnecessary using directive.
C:\gh\azure-sdk-for-net\sdk\storage\Azure.Storage.Common\tests\Shared\StorageTestBase.cs(6,1): hidden CS8019: Unnecessary using directive.
C:\gh\azure-sdk-for-net\sdk\storage\Azure.Storage.Common\tests\Shared\TestProgress.cs(6,1): hidden CS8019: Unnecessary using directive.
C:\gh\azure-sdk-for-net\sdk\storage\Azure.Storage.Files.Shares\tests\ShareClientTests.cs(16,1): hidden CS8019: Unnecessary using directive.
C:\gh\azure-sdk-for-net\sdk\storage\Azure.Storage.Common\tests\Shared\KeyVaultConfiguration.cs(4,1): hidden CS8019: Unnecessary using directive.
C:\gh\azure-sdk-for-net\sdk\storage\Azure.Storage.Common\tests\Shared\FaultyDownloadPipelinePolicy.cs(8,1): hidden CS8019: Unnecessary using directive.
C:\gh\azure-sdk-for-net\artifacts\obj\Azure.Storage.Files.Shares.Tests\Debug\net461\Azure.Storage.Files.Shares.Tests.AssemblyInfo.cs(11,1): hidden CS8019: Unnecessary using directive.
C:\gh\azure-sdk-for-net\sdk\storage\Azure.Storage.Files.Shares\tests\ShareClientTests.cs(8,1): hidden CS8019: Unnecessary using directive.
C:\gh\azure-sdk-for-net\sdk\storage\Azure.Storage.Files.Shares\tests\ShareClientTests.cs(17,1): hidden CS8019: Unnecessary using directive.
C:\gh\azure-sdk-for-net\sdk\storage\Azure.Storage.Files.Shares\tests\FileUriBuilderTests.cs(6,1): hidden CS8019: Unnecessary using directive.
C:\gh\azure-sdk-for-net\sdk\storage\Azure.Storage.Common\tests\Shared\FaultyDownloadPipelinePolicy.cs(6,1): hidden CS8019: Unnecessary using directive.
C:\gh\azure-sdk-for-net\sdk\storage\Azure.Storage.Files.Shares\tests\FileClientTests.cs(8,1): hidden CS8019: Unnecessary using directive.
C:\gh\azure-sdk-for-net\sdk\storage\Azure.Storage.Common\tests\Shared\KeyVaultConfiguration.cs(6,1): hidden CS8019: Unnecessary using directive.
C:\gh\azure-sdk-for-net\sdk\storage\Azure.Storage.Common\tests\Shared\TestResponseClassifier.cs(6,1): hidden CS8019: Unnecessary using directive.
C:\gh\azure-sdk-for-net\artifacts\obj\Azure.Storage.Files.Shares.Tests\Debug\net461\Azure.Storage.Files.Shares.Tests.AssemblyInfo.cs(12,1): hidden CS8019: Unnecessary using directive.
C:\gh\azure-sdk-for-net\sdk\storage\Azure.Storage.Files.Shares\tests\DirectoryClientTests.cs(10,1): hidden CS8019: Unnecessary using directive.
C:\gh\azure-sdk-for-net\sdk\storage\Azure.Storage.Common\tests\Shared\StorageRecordedTestSanitizer.cs(8,1): hidden CS8019: Unnecessary using directive.
