C:\gh\azure-sdk-for-net\sdk\signalr\Microsoft.Azure.Management.SignalR\tests\Helpers\SignalRTestUtilities.cs(18,22): error CS0518: Predefined type 'System.String' is not defined or imported
C:\gh\azure-sdk-for-net\sdk\signalr\Microsoft.Azure.Management.SignalR\tests\Helpers\SignalRTestUtilities.cs(19,22): error CS0518: Predefined type 'System.String' is not defined or imported
C:\gh\azure-sdk-for-net\sdk\signalr\Microsoft.Azure.Management.SignalR\tests\Helpers\SignalRTestUtilities.cs(20,22): error CS0518: Predefined type 'System.String' is not defined or imported
C:\gh\azure-sdk-for-net\sdk\signalr\Microsoft.Azure.Management.SignalR\tests\Helpers\SignalRTestUtilities.cs(153,46): error CS0518: Predefined type 'System.Object' is not defined or imported
C:\gh\azure-sdk-for-net\sdk\signalr\Microsoft.Azure.Management.SignalR\tests\Helpers\SignalRTestUtilities.cs(153,24): error CS0518: Predefined type 'System.Void' is not defined or imported
C:\gh\azure-sdk-for-net\sdk\signalr\Microsoft.Azure.Management.SignalR\tests\Helpers\RecordedDelegatingHandler.cs(12,46): error CS0246: The type or namespace name 'DelegatingHandler' could not be found (are you missing a using directive or an assembly reference?)
C:\gh\azure-sdk-for-net\sdk\signalr\Microsoft.Azure.Management.SignalR\tests\Helpers\RecordedDelegatingHandler.cs(47,70): error CS0518: Predefined type 'System.Object' is not defined or imported
C:\gh\azure-sdk-for-net\sdk\signalr\Microsoft.Azure.Management.SignalR\tests\Helpers\RecordedDelegatingHandler.cs(47,70): error CS0246: The type or namespace name 'HttpRequestMessage' could not be found (are you missing a using directive or an assembly reference?)
C:\gh\azure-sdk-for-net\sdk\signalr\Microsoft.Azure.Management.SignalR\tests\Helpers\RecordedDelegatingHandler.cs(47,98): error CS0518: Predefined type 'System.Object' is not defined or imported
C:\gh\azure-sdk-for-net\sdk\signalr\Microsoft.Azure.Management.SignalR\tests\Helpers\RecordedDelegatingHandler.cs(47,98): error CS0246: The type or namespace name 'System' could not be found (are you missing a using directive or an assembly reference?)
C:\gh\azure-sdk-for-net\sdk\signalr\Microsoft.Azure.Management.SignalR\tests\Helpers\RecordedDelegatingHandler.cs(47,34): error CS0518: Predefined type 'System.Object' is not defined or imported
C:\gh\azure-sdk-for-net\sdk\signalr\Microsoft.Azure.Management.SignalR\tests\Helpers\RecordedDelegatingHandler.cs(47,34): error CS0246: The type or namespace name 'Task<>' could not be found (are you missing a using directive or an assembly reference?)
C:\gh\azure-sdk-for-net\sdk\signalr\Microsoft.Azure.Management.SignalR\tests\Helpers\RecordedDelegatingHandler.cs(47,39): error CS0518: Predefined type 'System.Object' is not defined or imported
C:\gh\azure-sdk-for-net\sdk\signalr\Microsoft.Azure.Management.SignalR\tests\Helpers\RecordedDelegatingHandler.cs(47,39): error CS0246: The type or namespace name 'HttpResponseMessage' could not be found (are you missing a using directive or an assembly reference?)
C:\gh\azure-sdk-for-net\sdk\signalr\Microsoft.Azure.Management.SignalR\tests\Helpers\RecordedDelegatingHandler.cs(45,17): error CS0518: Predefined type 'System.Int32' is not defined or imported
C:\gh\azure-sdk-for-net\sdk\signalr\Microsoft.Azure.Management.SignalR\tests\Helpers\SignalRTestUtilities.cs(143,59): error CS0518: Predefined type 'System.Object' is not defined or imported
C:\gh\azure-sdk-for-net\sdk\signalr\Microsoft.Azure.Management.SignalR\tests\Helpers\SignalRTestUtilities.cs(143,23): error CS0518: Predefined type 'System.Void' is not defined or imported
C:\gh\azure-sdk-for-net\sdk\signalr\Microsoft.Azure.Management.SignalR\tests\Helpers\RecordedDelegatingHandler.cs(14,17): error CS0518: Predefined type 'System.Object' is not defined or imported
C:\gh\azure-sdk-for-net\sdk\signalr\Microsoft.Azure.Management.SignalR\tests\Helpers\RecordedDelegatingHandler.cs(14,17): error CS0246: The type or namespace name 'HttpResponseMessage' could not be found (are you missing a using directive or an assembly reference?)
C:\gh\azure-sdk-for-net\sdk\signalr\Microsoft.Azure.Management.SignalR\tests\Helpers\SignalRTestUtilities.cs(134,56): error CS0518: Predefined type 'System.Object' is not defined or imported
C:\gh\azure-sdk-for-net\sdk\signalr\Microsoft.Azure.Management.SignalR\tests\Helpers\SignalRTestUtilities.cs(134,23): error CS0518: Predefined type 'System.Void' is not defined or imported
C:\gh\azure-sdk-for-net\sdk\signalr\Microsoft.Azure.Management.SignalR\tests\Helpers\RecordedDelegatingHandler.cs(22,42): error CS0518: Predefined type 'System.Object' is not defined or imported
C:\gh\azure-sdk-for-net\sdk\signalr\Microsoft.Azure.Management.SignalR\tests\Helpers\RecordedDelegatingHandler.cs(22,42): error CS0246: The type or namespace name 'HttpResponseMessage' could not be found (are you missing a using directive or an assembly reference?)
C:\gh\azure-sdk-for-net\sdk\signalr\Microsoft.Azure.Management.SignalR\tests\Helpers\RecordedDelegatingHandler.cs(22,9): error CS0518: Predefined type 'System.Void' is not defined or imported
C:\gh\azure-sdk-for-net\sdk\signalr\Microsoft.Azure.Management.SignalR\tests\Helpers\SignalRTestUtilities.cs(66,53): error CS0518: Predefined type 'System.Object' is not defined or imported
C:\gh\azure-sdk-for-net\sdk\signalr\Microsoft.Azure.Management.SignalR\tests\Helpers\SignalRTestUtilities.cs(66,85): error CS0518: Predefined type 'System.String' is not defined or imported
C:\gh\azure-sdk-for-net\sdk\signalr\Microsoft.Azure.Management.SignalR\tests\Helpers\SignalRTestUtilities.cs(66,111): error CS0518: Predefined type 'System.String' is not defined or imported
C:\gh\azure-sdk-for-net\sdk\signalr\Microsoft.Azure.Management.SignalR\tests\Helpers\SignalRTestUtilities.cs(66,128): error CS0518: Predefined type 'System.Boolean' is not defined or imported
C:\gh\azure-sdk-for-net\sdk\signalr\Microsoft.Azure.Management.SignalR\tests\Helpers\SignalRTestUtilities.cs(66,153): error CS0518: Predefined type 'System.Int32' is not defined or imported
C:\gh\azure-sdk-for-net\sdk\signalr\Microsoft.Azure.Management.SignalR\tests\Helpers\SignalRTestUtilities.cs(66,23): error CS0518: Predefined type 'System.Object' is not defined or imported
C:\gh\azure-sdk-for-net\sdk\signalr\Microsoft.Azure.Management.SignalR\tests\Tests\SignalRTests.cs(128,50): error CS0518: Predefined type 'System.Object' is not defined or imported
C:\gh\azure-sdk-for-net\sdk\signalr\Microsoft.Azure.Management.SignalR\tests\Tests\SignalRTests.cs(128,89): error CS0518: Predefined type 'System.Object' is not defined or imported
C:\gh\azure-sdk-for-net\sdk\signalr\Microsoft.Azure.Management.SignalR\tests\Tests\SignalRTests.cs(128,89): error CS0246: The type or namespace name 'ResourceGroup' could not be found (are you missing a using directive or an assembly reference?)
C:\gh\azure-sdk-for-net\sdk\signalr\Microsoft.Azure.Management.SignalR\tests\Tests\SignalRTests.cs(128,118): error CS0518: Predefined type 'System.Object' is not defined or imported
C:\gh\azure-sdk-for-net\sdk\signalr\Microsoft.Azure.Management.SignalR\tests\Tests\SignalRTests.cs(128,143): error CS0518: Predefined type 'System.Boolean' is not defined or imported
C:\gh\azure-sdk-for-net\sdk\signalr\Microsoft.Azure.Management.SignalR\tests\Tests\SignalRTests.cs(128,160): error CS0518: Predefined type 'System.Int32' is not defined or imported
C:\gh\azure-sdk-for-net\sdk\signalr\Microsoft.Azure.Management.SignalR\tests\Tests\SignalRTests.cs(128,17): error CS0518: Predefined type 'System.Void' is not defined or imported
C:\gh\azure-sdk-for-net\sdk\signalr\Microsoft.Azure.Management.SignalR\tests\Helpers\SignalRTestUtilities.cs(22,32): error CS0518: Predefined type 'System.Object' is not defined or imported
C:\gh\azure-sdk-for-net\sdk\signalr\Microsoft.Azure.Management.SignalR\tests\Helpers\SignalRTestUtilities.cs(22,32): error CS0246: The type or namespace name 'Dictionary<,>' could not be found (are you missing a using directive or an assembly reference?)
C:\gh\azure-sdk-for-net\sdk\signalr\Microsoft.Azure.Management.SignalR\tests\Helpers\SignalRTestUtilities.cs(22,43): error CS0518: Predefined type 'System.String' is not defined or imported
C:\gh\azure-sdk-for-net\sdk\signalr\Microsoft.Azure.Management.SignalR\tests\Helpers\SignalRTestUtilities.cs(22,51): error CS0518: Predefined type 'System.String' is not defined or imported
C:\gh\azure-sdk-for-net\sdk\signalr\Microsoft.Azure.Management.SignalR\tests\Helpers\RecordedDelegatingHandler.cs(16,9): error CS0518: Predefined type 'System.Void' is not defined or imported
C:\gh\azure-sdk-for-net\sdk\signalr\Microsoft.Azure.Management.SignalR\tests\Helpers\SignalRTestUtilities.cs(56,57): error CS0518: Predefined type 'System.Object' is not defined or imported
C:\gh\azure-sdk-for-net\sdk\signalr\Microsoft.Azure.Management.SignalR\tests\Helpers\SignalRTestUtilities.cs(56,57): error CS0246: The type or namespace name 'ResourceManagementClient' could not be found (are you missing a using directive or an assembly reference?)
C:\gh\azure-sdk-for-net\sdk\signalr\Microsoft.Azure.Management.SignalR\tests\Helpers\SignalRTestUtilities.cs(56,90): error CS0518: Predefined type 'System.String' is not defined or imported
C:\gh\azure-sdk-for-net\sdk\signalr\Microsoft.Azure.Management.SignalR\tests\Helpers\SignalRTestUtilities.cs(56,23): error CS0518: Predefined type 'System.Object' is not defined or imported
C:\gh\azure-sdk-for-net\sdk\signalr\Microsoft.Azure.Management.SignalR\tests\Helpers\SignalRTestUtilities.cs(56,23): error CS0246: The type or namespace name 'ResourceGroup' could not be found (are you missing a using directive or an assembly reference?)
C:\gh\azure-sdk-for-net\sdk\signalr\Microsoft.Azure.Management.SignalR\tests\Helpers\SignalRTestUtilities.cs(34,56): error CS0518: Predefined type 'System.Object' is not defined or imported
C:\gh\azure-sdk-for-net\sdk\signalr\Microsoft.Azure.Management.SignalR\tests\Helpers\SignalRTestUtilities.cs(34,56): error CS0246: The type or namespace name 'ResourceManagementClient' could not be found (are you missing a using directive or an assembly reference?)
C:\gh\azure-sdk-for-net\sdk\signalr\Microsoft.Azure.Management.SignalR\tests\Helpers\SignalRTestUtilities.cs(34,23): error CS0518: Predefined type 'System.String' is not defined or imported
C:\gh\azure-sdk-for-net\sdk\signalr\Microsoft.Azure.Management.SignalR\tests\Helpers\SignalRTestUtilities.cs(49,74): error CS0518: Predefined type 'System.Object' is not defined or imported
C:\gh\azure-sdk-for-net\sdk\signalr\Microsoft.Azure.Management.SignalR\tests\Helpers\SignalRTestUtilities.cs(49,74): error CS0246: The type or namespace name 'MockContext' could not be found (are you missing a using directive or an assembly reference?)
C:\gh\azure-sdk-for-net\sdk\signalr\Microsoft.Azure.Management.SignalR\tests\Helpers\SignalRTestUtilities.cs(49,95): error CS0518: Predefined type 'System.Object' is not defined or imported
C:\gh\azure-sdk-for-net\sdk\signalr\Microsoft.Azure.Management.SignalR\tests\Helpers\SignalRTestUtilities.cs(49,23): error CS0518: Predefined type 'System.Object' is not defined or imported
C:\gh\azure-sdk-for-net\sdk\signalr\Microsoft.Azure.Management.SignalR\tests\Helpers\SignalRTestUtilities.cs(42,76): error CS0518: Predefined type 'System.Object' is not defined or imported
C:\gh\azure-sdk-for-net\sdk\signalr\Microsoft.Azure.Management.SignalR\tests\Helpers\SignalRTestUtilities.cs(42,76): error CS0246: The type or namespace name 'MockContext' could not be found (are you missing a using directive or an assembly reference?)
C:\gh\azure-sdk-for-net\sdk\signalr\Microsoft.Azure.Management.SignalR\tests\Helpers\SignalRTestUtilities.cs(42,97): error CS0518: Predefined type 'System.Object' is not defined or imported
C:\gh\azure-sdk-for-net\sdk\signalr\Microsoft.Azure.Management.SignalR\tests\Helpers\SignalRTestUtilities.cs(42,23): error CS0518: Predefined type 'System.Object' is not defined or imported
C:\gh\azure-sdk-for-net\sdk\signalr\Microsoft.Azure.Management.SignalR\tests\Helpers\SignalRTestUtilities.cs(42,23): error CS0246: The type or namespace name 'ResourceManagementClient' could not be found (are you missing a using directive or an assembly reference?)
C:\gh\azure-sdk-for-net\sdk\signalr\Microsoft.Azure.Management.SignalR\tests\Helpers\SignalRTestUtilities.cs(19,55): error CS0518: Predefined type 'System.String' is not defined or imported
C:\gh\azure-sdk-for-net\sdk\signalr\Microsoft.Azure.Management.SignalR\tests\Helpers\SignalRTestUtilities.cs(18,48): error CS0518: Predefined type 'System.String' is not defined or imported
C:\gh\azure-sdk-for-net\sdk\signalr\Microsoft.Azure.Management.SignalR\tests\Helpers\SignalRTestUtilities.cs(27,32): error CS0518: Predefined type 'System.Object' is not defined or imported
C:\gh\azure-sdk-for-net\sdk\signalr\Microsoft.Azure.Management.SignalR\tests\Helpers\SignalRTestUtilities.cs(27,32): error CS0246: The type or namespace name 'Dictionary<,>' could not be found (are you missing a using directive or an assembly reference?)
C:\gh\azure-sdk-for-net\sdk\signalr\Microsoft.Azure.Management.SignalR\tests\Helpers\SignalRTestUtilities.cs(27,43): error CS0518: Predefined type 'System.String' is not defined or imported
C:\gh\azure-sdk-for-net\sdk\signalr\Microsoft.Azure.Management.SignalR\tests\Helpers\SignalRTestUtilities.cs(27,51): error CS0518: Predefined type 'System.String' is not defined or imported
C:\gh\azure-sdk-for-net\sdk\signalr\Microsoft.Azure.Management.SignalR\tests\Tests\SignalRTests.cs(100,16): error CS0518: Predefined type 'System.Void' is not defined or imported
C:\gh\azure-sdk-for-net\sdk\signalr\Microsoft.Azure.Management.SignalR\tests\Tests\SignalRTests.cs(79,16): error CS0518: Predefined type 'System.Void' is not defined or imported
C:\gh\azure-sdk-for-net\sdk\signalr\Microsoft.Azure.Management.SignalR\tests\Tests\SignalRTests.cs(128,175): error CS0518: Predefined type 'System.Int32' is not defined or imported
C:\gh\azure-sdk-for-net\sdk\signalr\Microsoft.Azure.Management.SignalR\tests\Tests\SignalRTests.cs(59,16): error CS0518: Predefined type 'System.Void' is not defined or imported
C:\gh\azure-sdk-for-net\sdk\signalr\Microsoft.Azure.Management.SignalR\tests\Helpers\SignalRTestUtilities.cs(20,70): error CS0518: Predefined type 'System.String' is not defined or imported
C:\gh\azure-sdk-for-net\sdk\signalr\Microsoft.Azure.Management.SignalR\tests\Tests\SignalRTests.cs(17,16): error CS0518: Predefined type 'System.Void' is not defined or imported
C:\gh\azure-sdk-for-net\sdk\signalr\Microsoft.Azure.Management.SignalR\tests\Tests\SignalRTests.cs(14,18): error CS0518: Predefined type 'System.Object' is not defined or imported
C:\gh\azure-sdk-for-net\sdk\signalr\Microsoft.Azure.Management.SignalR\tests\Properties\AssemblyInfo.cs(11,12): error CS0246: The type or namespace name 'AssemblyTitleAttribute' could not be found (are you missing a using directive or an assembly reference?)
C:\gh\azure-sdk-for-net\sdk\signalr\Microsoft.Azure.Management.SignalR\tests\Properties\AssemblyInfo.cs(11,12): error CS0246: The type or namespace name 'AssemblyTitle' could not be found (are you missing a using directive or an assembly reference?)
C:\gh\azure-sdk-for-net\sdk\signalr\Microsoft.Azure.Management.SignalR\tests\Properties\AssemblyInfo.cs(12,12): error CS0246: The type or namespace name 'AssemblyDescriptionAttribute' could not be found (are you missing a using directive or an assembly reference?)
C:\gh\azure-sdk-for-net\sdk\signalr\Microsoft.Azure.Management.SignalR\tests\Properties\AssemblyInfo.cs(12,12): error CS0246: The type or namespace name 'AssemblyDescription' could not be found (are you missing a using directive or an assembly reference?)
C:\gh\azure-sdk-for-net\sdk\signalr\Microsoft.Azure.Management.SignalR\tests\Properties\AssemblyInfo.cs(13,12): error CS0246: The type or namespace name 'AssemblyConfigurationAttribute' could not be found (are you missing a using directive or an assembly reference?)
C:\gh\azure-sdk-for-net\sdk\signalr\Microsoft.Azure.Management.SignalR\tests\Properties\AssemblyInfo.cs(13,12): error CS0246: The type or namespace name 'AssemblyConfiguration' could not be found (are you missing a using directive or an assembly reference?)
C:\gh\azure-sdk-for-net\sdk\signalr\Microsoft.Azure.Management.SignalR\tests\Properties\AssemblyInfo.cs(14,12): error CS0246: The type or namespace name 'AssemblyCompanyAttribute' could not be found (are you missing a using directive or an assembly reference?)
C:\gh\azure-sdk-for-net\sdk\signalr\Microsoft.Azure.Management.SignalR\tests\Properties\AssemblyInfo.cs(14,12): error CS0246: The type or namespace name 'AssemblyCompany' could not be found (are you missing a using directive or an assembly reference?)
C:\gh\azure-sdk-for-net\sdk\signalr\Microsoft.Azure.Management.SignalR\tests\Properties\AssemblyInfo.cs(15,12): error CS0246: The type or namespace name 'AssemblyProductAttribute' could not be found (are you missing a using directive or an assembly reference?)
C:\gh\azure-sdk-for-net\sdk\signalr\Microsoft.Azure.Management.SignalR\tests\Properties\AssemblyInfo.cs(15,12): error CS0246: The type or namespace name 'AssemblyProduct' could not be found (are you missing a using directive or an assembly reference?)
C:\gh\azure-sdk-for-net\sdk\signalr\Microsoft.Azure.Management.SignalR\tests\Properties\AssemblyInfo.cs(16,12): error CS0246: The type or namespace name 'AssemblyCopyrightAttribute' could not be found (are you missing a using directive or an assembly reference?)
C:\gh\azure-sdk-for-net\sdk\signalr\Microsoft.Azure.Management.SignalR\tests\Properties\AssemblyInfo.cs(16,12): error CS0246: The type or namespace name 'AssemblyCopyright' could not be found (are you missing a using directive or an assembly reference?)
C:\gh\azure-sdk-for-net\sdk\signalr\Microsoft.Azure.Management.SignalR\tests\Properties\AssemblyInfo.cs(17,12): error CS0246: The type or namespace name 'AssemblyTrademarkAttribute' could not be found (are you missing a using directive or an assembly reference?)
C:\gh\azure-sdk-for-net\sdk\signalr\Microsoft.Azure.Management.SignalR\tests\Properties\AssemblyInfo.cs(17,12): error CS0246: The type or namespace name 'AssemblyTrademark' could not be found (are you missing a using directive or an assembly reference?)
C:\gh\azure-sdk-for-net\sdk\signalr\Microsoft.Azure.Management.SignalR\tests\Properties\AssemblyInfo.cs(18,12): error CS0246: The type or namespace name 'AssemblyCultureAttribute' could not be found (are you missing a using directive or an assembly reference?)
C:\gh\azure-sdk-for-net\sdk\signalr\Microsoft.Azure.Management.SignalR\tests\Properties\AssemblyInfo.cs(18,12): error CS0246: The type or namespace name 'AssemblyCulture' could not be found (are you missing a using directive or an assembly reference?)
C:\gh\azure-sdk-for-net\sdk\signalr\Microsoft.Azure.Management.SignalR\tests\Properties\AssemblyInfo.cs(23,12): error CS0246: The type or namespace name 'ComVisibleAttribute' could not be found (are you missing a using directive or an assembly reference?)
C:\gh\azure-sdk-for-net\sdk\signalr\Microsoft.Azure.Management.SignalR\tests\Properties\AssemblyInfo.cs(23,12): error CS0246: The type or namespace name 'ComVisible' could not be found (are you missing a using directive or an assembly reference?)
C:\gh\azure-sdk-for-net\sdk\signalr\Microsoft.Azure.Management.SignalR\tests\Properties\AssemblyInfo.cs(26,12): error CS0246: The type or namespace name 'GuidAttribute' could not be found (are you missing a using directive or an assembly reference?)
C:\gh\azure-sdk-for-net\sdk\signalr\Microsoft.Azure.Management.SignalR\tests\Properties\AssemblyInfo.cs(26,12): error CS0246: The type or namespace name 'Guid' could not be found (are you missing a using directive or an assembly reference?)
C:\gh\azure-sdk-for-net\sdk\signalr\Microsoft.Azure.Management.SignalR\tests\Properties\AssemblyInfo.cs(38,12): error CS0246: The type or namespace name 'AssemblyVersionAttribute' could not be found (are you missing a using directive or an assembly reference?)
C:\gh\azure-sdk-for-net\sdk\signalr\Microsoft.Azure.Management.SignalR\tests\Properties\AssemblyInfo.cs(38,12): error CS0246: The type or namespace name 'AssemblyVersion' could not be found (are you missing a using directive or an assembly reference?)
C:\gh\azure-sdk-for-net\sdk\signalr\Microsoft.Azure.Management.SignalR\tests\Properties\AssemblyInfo.cs(39,12): error CS0246: The type or namespace name 'AssemblyFileVersionAttribute' could not be found (are you missing a using directive or an assembly reference?)
C:\gh\azure-sdk-for-net\sdk\signalr\Microsoft.Azure.Management.SignalR\tests\Properties\AssemblyInfo.cs(39,12): error CS0246: The type or namespace name 'AssemblyFileVersion' could not be found (are you missing a using directive or an assembly reference?)
C:\gh\azure-sdk-for-net\eng\mgmt\DisableTestRunParallel.cs(7,12): error CS0246: The type or namespace name 'CollectionBehaviorAttribute' could not be found (are you missing a using directive or an assembly reference?)
C:\gh\azure-sdk-for-net\eng\mgmt\DisableTestRunParallel.cs(7,12): error CS0246: The type or namespace name 'CollectionBehavior' could not be found (are you missing a using directive or an assembly reference?)
C:\gh\azure-sdk-for-net\artifacts\obj\Microsoft.Azure.Management.SignalR.Tests\Debug\netcoreapp2.0\.NETCoreApp,Version=v2.0.AssemblyAttributes.cs(4,20): error CS0400: The type or namespace name 'System' could not be found in the global namespace (are you missing an assembly reference?)
C:\gh\azure-sdk-for-net\artifacts\obj\Microsoft.Azure.Management.SignalR.Tests\Debug\netcoreapp2.0\Microsoft.Azure.Management.SignalR.Tests.AssemblyInfo.cs(14,12): error CS0246: The type or namespace name 'System' could not be found (are you missing a using directive or an assembly reference?)
C:\gh\azure-sdk-for-net\artifacts\obj\Microsoft.Azure.Management.SignalR.Tests\Debug\netcoreapp2.0\Microsoft.Azure.Management.SignalR.Tests.AssemblyInfo.cs(15,12): error CS0246: The type or namespace name 'System' could not be found (are you missing a using directive or an assembly reference?)
C:\gh\azure-sdk-for-net\artifacts\obj\Microsoft.Azure.Management.SignalR.Tests\Debug\netcoreapp2.0\Microsoft.Azure.Management.SignalR.Tests.AssemblyInfo.cs(16,12): error CS0246: The type or namespace name 'System' could not be found (are you missing a using directive or an assembly reference?)
C:\gh\azure-sdk-for-net\sdk\signalr\Microsoft.Azure.Management.SignalR\tests\Properties\AssemblyInfo.cs(11,26): error CS0518: Predefined type 'System.String' is not defined or imported
C:\gh\azure-sdk-for-net\sdk\signalr\Microsoft.Azure.Management.SignalR\tests\Properties\AssemblyInfo.cs(12,32): error CS0518: Predefined type 'System.String' is not defined or imported
C:\gh\azure-sdk-for-net\sdk\signalr\Microsoft.Azure.Management.SignalR\tests\Properties\AssemblyInfo.cs(13,34): error CS0518: Predefined type 'System.String' is not defined or imported
C:\gh\azure-sdk-for-net\sdk\signalr\Microsoft.Azure.Management.SignalR\tests\Properties\AssemblyInfo.cs(14,28): error CS0518: Predefined type 'System.String' is not defined or imported
C:\gh\azure-sdk-for-net\sdk\signalr\Microsoft.Azure.Management.SignalR\tests\Properties\AssemblyInfo.cs(15,28): error CS0518: Predefined type 'System.String' is not defined or imported
C:\gh\azure-sdk-for-net\sdk\signalr\Microsoft.Azure.Management.SignalR\tests\Properties\AssemblyInfo.cs(16,30): error CS0518: Predefined type 'System.String' is not defined or imported
C:\gh\azure-sdk-for-net\sdk\signalr\Microsoft.Azure.Management.SignalR\tests\Properties\AssemblyInfo.cs(17,30): error CS0518: Predefined type 'System.String' is not defined or imported
C:\gh\azure-sdk-for-net\sdk\signalr\Microsoft.Azure.Management.SignalR\tests\Properties\AssemblyInfo.cs(18,28): error CS0518: Predefined type 'System.String' is not defined or imported
C:\gh\azure-sdk-for-net\sdk\signalr\Microsoft.Azure.Management.SignalR\tests\Properties\AssemblyInfo.cs(23,23): error CS0518: Predefined type 'System.Boolean' is not defined or imported
C:\gh\azure-sdk-for-net\sdk\signalr\Microsoft.Azure.Management.SignalR\tests\Properties\AssemblyInfo.cs(26,17): error CS0518: Predefined type 'System.String' is not defined or imported
C:\gh\azure-sdk-for-net\sdk\signalr\Microsoft.Azure.Management.SignalR\tests\Properties\AssemblyInfo.cs(38,28): error CS0518: Predefined type 'System.String' is not defined or imported
C:\gh\azure-sdk-for-net\sdk\signalr\Microsoft.Azure.Management.SignalR\tests\Properties\AssemblyInfo.cs(39,32): error CS0518: Predefined type 'System.String' is not defined or imported
C:\gh\azure-sdk-for-net\eng\mgmt\DisableTestRunParallel.cs(7,31): error CS0246: The type or namespace name 'DisableTestParallelization' could not be found (are you missing a using directive or an assembly reference?)
C:\gh\azure-sdk-for-net\eng\mgmt\DisableTestRunParallel.cs(7,60): error CS0518: Predefined type 'System.Boolean' is not defined or imported
C:\gh\azure-sdk-for-net\eng\mgmt\DisableTestRunParallel.cs(7,66): error CS0246: The type or namespace name 'MaxParallelThreads' could not be found (are you missing a using directive or an assembly reference?)
C:\gh\azure-sdk-for-net\eng\mgmt\DisableTestRunParallel.cs(7,87): error CS0518: Predefined type 'System.Int32' is not defined or imported
C:\gh\azure-sdk-for-net\artifacts\obj\Microsoft.Azure.Management.SignalR.Tests\Debug\netcoreapp2.0\.NETCoreApp,Version=v2.0.AssemblyAttributes.cs(4,71): error CS0518: Predefined type 'System.String' is not defined or imported
C:\gh\azure-sdk-for-net\artifacts\obj\Microsoft.Azure.Management.SignalR.Tests\Debug\netcoreapp2.0\.NETCoreApp,Version=v2.0.AssemblyAttributes.cs(4,99): error CS0246: The type or namespace name 'FrameworkDisplayName' could not be found (are you missing a using directive or an assembly reference?)
C:\gh\azure-sdk-for-net\artifacts\obj\Microsoft.Azure.Management.SignalR.Tests\Debug\netcoreapp2.0\.NETCoreApp,Version=v2.0.AssemblyAttributes.cs(4,122): error CS0518: Predefined type 'System.String' is not defined or imported
C:\gh\azure-sdk-for-net\artifacts\obj\Microsoft.Azure.Management.SignalR.Tests\Debug\netcoreapp2.0\Microsoft.Azure.Management.SignalR.Tests.AssemblyInfo.cs(14,56): error CS0518: Predefined type 'System.String' is not defined or imported
C:\gh\azure-sdk-for-net\artifacts\obj\Microsoft.Azure.Management.SignalR.Tests\Debug\netcoreapp2.0\Microsoft.Azure.Management.SignalR.Tests.AssemblyInfo.cs(14,70): error CS0518: Predefined type 'System.String' is not defined or imported
C:\gh\azure-sdk-for-net\artifacts\obj\Microsoft.Azure.Management.SignalR.Tests\Debug\netcoreapp2.0\Microsoft.Azure.Management.SignalR.Tests.AssemblyInfo.cs(15,68): error CS0518: Predefined type 'System.String' is not defined or imported
C:\gh\azure-sdk-for-net\artifacts\obj\Microsoft.Azure.Management.SignalR.Tests\Debug\netcoreapp2.0\Microsoft.Azure.Management.SignalR.Tests.AssemblyInfo.cs(16,56): error CS0518: Predefined type 'System.String' is not defined or imported
C:\gh\azure-sdk-for-net\artifacts\obj\Microsoft.Azure.Management.SignalR.Tests\Debug\netcoreapp2.0\Microsoft.Azure.Management.SignalR.Tests.AssemblyInfo.cs(16,73): error CS0518: Predefined type 'System.String' is not defined or imported
C:\gh\azure-sdk-for-net\sdk\signalr\Microsoft.Azure.Management.SignalR\tests\Helpers\RecordedDelegatingHandler.cs(1,7): error CS0246: The type or namespace name 'System' could not be found (are you missing a using directive or an assembly reference?)
C:\gh\azure-sdk-for-net\sdk\signalr\Microsoft.Azure.Management.SignalR\tests\Helpers\RecordedDelegatingHandler.cs(2,7): error CS0246: The type or namespace name 'System' could not be found (are you missing a using directive or an assembly reference?)
C:\gh\azure-sdk-for-net\sdk\signalr\Microsoft.Azure.Management.SignalR\tests\Helpers\RecordedDelegatingHandler.cs(3,7): error CS0246: The type or namespace name 'System' could not be found (are you missing a using directive or an assembly reference?)
C:\gh\azure-sdk-for-net\sdk\signalr\Microsoft.Azure.Management.SignalR\tests\Helpers\RecordedDelegatingHandler.cs(4,7): error CS0246: The type or namespace name 'System' could not be found (are you missing a using directive or an assembly reference?)
C:\gh\azure-sdk-for-net\sdk\signalr\Microsoft.Azure.Management.SignalR\tests\Helpers\RecordedDelegatingHandler.cs(5,7): error CS0246: The type or namespace name 'System' could not be found (are you missing a using directive or an assembly reference?)
C:\gh\azure-sdk-for-net\sdk\signalr\Microsoft.Azure.Management.SignalR\tests\Helpers\RecordedDelegatingHandler.cs(6,7): error CS0246: The type or namespace name 'System' could not be found (are you missing a using directive or an assembly reference?)
C:\gh\azure-sdk-for-net\sdk\signalr\Microsoft.Azure.Management.SignalR\tests\Helpers\RecordedDelegatingHandler.cs(7,7): error CS0246: The type or namespace name 'System' could not be found (are you missing a using directive or an assembly reference?)
C:\gh\azure-sdk-for-net\sdk\signalr\Microsoft.Azure.Management.SignalR\tests\Helpers\RecordedDelegatingHandler.cs(8,7): error CS0246: The type or namespace name 'System' could not be found (are you missing a using directive or an assembly reference?)
C:\gh\azure-sdk-for-net\sdk\signalr\Microsoft.Azure.Management.SignalR\tests\Helpers\SignalRTestUtilities.cs(1,34): error CS0234: The type or namespace name 'Resources' does not exist in the namespace 'Microsoft.Azure.Management' (are you missing an assembly reference?)
C:\gh\azure-sdk-for-net\sdk\signalr\Microsoft.Azure.Management.SignalR\tests\Helpers\SignalRTestUtilities.cs(2,34): error CS0234: The type or namespace name 'Resources' does not exist in the namespace 'Microsoft.Azure.Management' (are you missing an assembly reference?)
C:\gh\azure-sdk-for-net\sdk\signalr\Microsoft.Azure.Management.SignalR\tests\Helpers\SignalRTestUtilities.cs(5,17): error CS0234: The type or namespace name 'Rest' does not exist in the namespace 'Microsoft' (are you missing an assembly reference?)
C:\gh\azure-sdk-for-net\sdk\signalr\Microsoft.Azure.Management.SignalR\tests\Helpers\SignalRTestUtilities.cs(6,7): error CS0246: The type or namespace name 'System' could not be found (are you missing a using directive or an assembly reference?)
C:\gh\azure-sdk-for-net\sdk\signalr\Microsoft.Azure.Management.SignalR\tests\Helpers\SignalRTestUtilities.cs(7,7): error CS0246: The type or namespace name 'System' could not be found (are you missing a using directive or an assembly reference?)
C:\gh\azure-sdk-for-net\sdk\signalr\Microsoft.Azure.Management.SignalR\tests\Helpers\SignalRTestUtilities.cs(8,7): error CS0246: The type or namespace name 'System' could not be found (are you missing a using directive or an assembly reference?)
C:\gh\azure-sdk-for-net\sdk\signalr\Microsoft.Azure.Management.SignalR\tests\Helpers\SignalRTestUtilities.cs(9,7): error CS0246: The type or namespace name 'System' could not be found (are you missing a using directive or an assembly reference?)
C:\gh\azure-sdk-for-net\sdk\signalr\Microsoft.Azure.Management.SignalR\tests\Helpers\SignalRTestUtilities.cs(10,7): error CS0246: The type or namespace name 'System' could not be found (are you missing a using directive or an assembly reference?)
C:\gh\azure-sdk-for-net\sdk\signalr\Microsoft.Azure.Management.SignalR\tests\Helpers\SignalRTestUtilities.cs(11,7): error CS0246: The type or namespace name 'Xunit' could not be found (are you missing a using directive or an assembly reference?)
C:\gh\azure-sdk-for-net\sdk\signalr\Microsoft.Azure.Management.SignalR\tests\Properties\AssemblyInfo.cs(4,7): error CS0246: The type or namespace name 'System' could not be found (are you missing a using directive or an assembly reference?)
C:\gh\azure-sdk-for-net\sdk\signalr\Microsoft.Azure.Management.SignalR\tests\Properties\AssemblyInfo.cs(5,7): error CS0246: The type or namespace name 'System' could not be found (are you missing a using directive or an assembly reference?)
C:\gh\azure-sdk-for-net\sdk\signalr\Microsoft.Azure.Management.SignalR\tests\Properties\AssemblyInfo.cs(6,7): error CS0246: The type or namespace name 'System' could not be found (are you missing a using directive or an assembly reference?)
C:\gh\azure-sdk-for-net\sdk\signalr\Microsoft.Azure.Management.SignalR\tests\Tests\SignalRTests.cs(1,34): error CS0234: The type or namespace name 'Resources' does not exist in the namespace 'Microsoft.Azure.Management' (are you missing an assembly reference?)
C:\gh\azure-sdk-for-net\sdk\signalr\Microsoft.Azure.Management.SignalR\tests\Tests\SignalRTests.cs(4,17): error CS0234: The type or namespace name 'Rest' does not exist in the namespace 'Microsoft' (are you missing an assembly reference?)
C:\gh\azure-sdk-for-net\sdk\signalr\Microsoft.Azure.Management.SignalR\tests\Tests\SignalRTests.cs(5,7): error CS0246: The type or namespace name 'System' could not be found (are you missing a using directive or an assembly reference?)
C:\gh\azure-sdk-for-net\sdk\signalr\Microsoft.Azure.Management.SignalR\tests\Tests\SignalRTests.cs(6,7): error CS0246: The type or namespace name 'System' could not be found (are you missing a using directive or an assembly reference?)
C:\gh\azure-sdk-for-net\sdk\signalr\Microsoft.Azure.Management.SignalR\tests\Tests\SignalRTests.cs(7,7): error CS0246: The type or namespace name 'System' could not be found (are you missing a using directive or an assembly reference?)
C:\gh\azure-sdk-for-net\sdk\signalr\Microsoft.Azure.Management.SignalR\tests\Tests\SignalRTests.cs(8,7): error CS0246: The type or namespace name 'System' could not be found (are you missing a using directive or an assembly reference?)
C:\gh\azure-sdk-for-net\sdk\signalr\Microsoft.Azure.Management.SignalR\tests\Tests\SignalRTests.cs(9,7): error CS0246: The type or namespace name 'System' could not be found (are you missing a using directive or an assembly reference?)
C:\gh\azure-sdk-for-net\sdk\signalr\Microsoft.Azure.Management.SignalR\tests\Tests\SignalRTests.cs(10,7): error CS0246: The type or namespace name 'Xunit' could not be found (are you missing a using directive or an assembly reference?)
C:\gh\azure-sdk-for-net\eng\mgmt\DisableTestRunParallel.cs(4,7): error CS0246: The type or namespace name 'System' could not be found (are you missing a using directive or an assembly reference?)
C:\gh\azure-sdk-for-net\eng\mgmt\DisableTestRunParallel.cs(5,7): error CS0246: The type or namespace name 'Xunit' could not be found (are you missing a using directive or an assembly reference?)
C:\gh\azure-sdk-for-net\artifacts\obj\Microsoft.Azure.Management.SignalR.Tests\Debug\netcoreapp2.0\.NETCoreApp,Version=v2.0.AssemblyAttributes.cs(2,7): error CS0246: The type or namespace name 'System' could not be found (are you missing a using directive or an assembly reference?)
C:\gh\azure-sdk-for-net\artifacts\obj\Microsoft.Azure.Management.SignalR.Tests\Debug\netcoreapp2.0\.NETCoreApp,Version=v2.0.AssemblyAttributes.cs(3,7): error CS0246: The type or namespace name 'System' could not be found (are you missing a using directive or an assembly reference?)
C:\gh\azure-sdk-for-net\artifacts\obj\Microsoft.Azure.Management.SignalR.Tests\Debug\netcoreapp2.0\Microsoft.Azure.Management.SignalR.Tests.AssemblyInfo.cs(11,7): error CS0246: The type or namespace name 'System' could not be found (are you missing a using directive or an assembly reference?)
C:\gh\azure-sdk-for-net\artifacts\obj\Microsoft.Azure.Management.SignalR.Tests\Debug\netcoreapp2.0\Microsoft.Azure.Management.SignalR.Tests.AssemblyInfo.cs(12,7): error CS0246: The type or namespace name 'System' could not be found (are you missing a using directive or an assembly reference?)
C:\gh\azure-sdk-for-net\sdk\signalr\Microsoft.Azure.Management.SignalR\tests\Helpers\SignalRTestUtilities.cs(16,25): error CS0518: Predefined type 'System.Object' is not defined or imported
C:\gh\azure-sdk-for-net\sdk\signalr\Microsoft.Azure.Management.SignalR\tests\Tests\SignalRTests.cs(16,10): error CS0518: Predefined type 'System.Object' is not defined or imported
C:\gh\azure-sdk-for-net\sdk\signalr\Microsoft.Azure.Management.SignalR\tests\Tests\SignalRTests.cs(16,10): error CS0246: The type or namespace name 'FactAttribute' could not be found (are you missing a using directive or an assembly reference?)
C:\gh\azure-sdk-for-net\sdk\signalr\Microsoft.Azure.Management.SignalR\tests\Tests\SignalRTests.cs(16,10): error CS0246: The type or namespace name 'Fact' could not be found (are you missing a using directive or an assembly reference?)
C:\gh\azure-sdk-for-net\sdk\signalr\Microsoft.Azure.Management.SignalR\tests\Helpers\SignalRTestUtilities.cs(66,146): error CS0518: Predefined type 'System.Boolean' is not defined or imported
C:\gh\azure-sdk-for-net\sdk\signalr\Microsoft.Azure.Management.SignalR\tests\Helpers\SignalRTestUtilities.cs(66,168): error CS0518: Predefined type 'System.Int32' is not defined or imported
C:\gh\azure-sdk-for-net\sdk\signalr\Microsoft.Azure.Management.SignalR\tests\Tests\SignalRTests.cs(58,10): error CS0518: Predefined type 'System.Object' is not defined or imported
C:\gh\azure-sdk-for-net\sdk\signalr\Microsoft.Azure.Management.SignalR\tests\Tests\SignalRTests.cs(58,10): error CS0246: The type or namespace name 'FactAttribute' could not be found (are you missing a using directive or an assembly reference?)
C:\gh\azure-sdk-for-net\sdk\signalr\Microsoft.Azure.Management.SignalR\tests\Tests\SignalRTests.cs(58,10): error CS0246: The type or namespace name 'Fact' could not be found (are you missing a using directive or an assembly reference?)
C:\gh\azure-sdk-for-net\sdk\signalr\Microsoft.Azure.Management.SignalR\tests\Helpers\RecordedDelegatingHandler.cs(29,57): error CS0518: Predefined type 'System.Void' is not defined or imported
C:\gh\azure-sdk-for-net\sdk\signalr\Microsoft.Azure.Management.SignalR\tests\Tests\SignalRTests.cs(78,10): error CS0518: Predefined type 'System.Object' is not defined or imported
C:\gh\azure-sdk-for-net\sdk\signalr\Microsoft.Azure.Management.SignalR\tests\Tests\SignalRTests.cs(78,10): error CS0246: The type or namespace name 'FactAttribute' could not be found (are you missing a using directive or an assembly reference?)
C:\gh\azure-sdk-for-net\sdk\signalr\Microsoft.Azure.Management.SignalR\tests\Tests\SignalRTests.cs(78,10): error CS0246: The type or namespace name 'Fact' could not be found (are you missing a using directive or an assembly reference?)
C:\gh\azure-sdk-for-net\sdk\signalr\Microsoft.Azure.Management.SignalR\tests\Tests\SignalRTests.cs(99,10): error CS0518: Predefined type 'System.Object' is not defined or imported
C:\gh\azure-sdk-for-net\sdk\signalr\Microsoft.Azure.Management.SignalR\tests\Tests\SignalRTests.cs(99,10): error CS0246: The type or namespace name 'FactAttribute' could not be found (are you missing a using directive or an assembly reference?)
C:\gh\azure-sdk-for-net\sdk\signalr\Microsoft.Azure.Management.SignalR\tests\Tests\SignalRTests.cs(99,10): error CS0246: The type or namespace name 'Fact' could not be found (are you missing a using directive or an assembly reference?)
C:\gh\azure-sdk-for-net\sdk\signalr\Microsoft.Azure.Management.SignalR\tests\Helpers\RecordedDelegatingHandler.cs(31,67): error CS0518: Predefined type 'System.Void' is not defined or imported
C:\gh\azure-sdk-for-net\sdk\signalr\Microsoft.Azure.Management.SignalR\tests\Helpers\RecordedDelegatingHandler.cs(33,38): error CS0518: Predefined type 'System.Void' is not defined or imported
C:\gh\azure-sdk-for-net\sdk\signalr\Microsoft.Azure.Management.SignalR\tests\Helpers\RecordedDelegatingHandler.cs(35,57): error CS0518: Predefined type 'System.Void' is not defined or imported
C:\gh\azure-sdk-for-net\sdk\signalr\Microsoft.Azure.Management.SignalR\tests\Helpers\RecordedDelegatingHandler.cs(37,57): error CS0518: Predefined type 'System.Void' is not defined or imported
C:\gh\azure-sdk-for-net\sdk\signalr\Microsoft.Azure.Management.SignalR\tests\Helpers\RecordedDelegatingHandler.cs(39,41): error CS0518: Predefined type 'System.Void' is not defined or imported
C:\gh\azure-sdk-for-net\sdk\signalr\Microsoft.Azure.Management.SignalR\tests\Helpers\RecordedDelegatingHandler.cs(41,31): error CS0518: Predefined type 'System.Void' is not defined or imported
C:\gh\azure-sdk-for-net\sdk\signalr\Microsoft.Azure.Management.SignalR\tests\Helpers\RecordedDelegatingHandler.cs(43,42): error CS0518: Predefined type 'System.Void' is not defined or imported
C:\gh\azure-sdk-for-net\sdk\signalr\Microsoft.Azure.Management.SignalR\tests\Helpers\RecordedDelegatingHandler.cs(29,16): error CS0518: Predefined type 'System.Object' is not defined or imported
C:\gh\azure-sdk-for-net\sdk\signalr\Microsoft.Azure.Management.SignalR\tests\Helpers\RecordedDelegatingHandler.cs(29,16): error CS0246: The type or namespace name 'HttpStatusCode' could not be found (are you missing a using directive or an assembly reference?)
C:\gh\azure-sdk-for-net\sdk\signalr\Microsoft.Azure.Management.SignalR\tests\Helpers\RecordedDelegatingHandler.cs(31,16): error CS0518: Predefined type 'System.Object' is not defined or imported
C:\gh\azure-sdk-for-net\sdk\signalr\Microsoft.Azure.Management.SignalR\tests\Helpers\RecordedDelegatingHandler.cs(31,16): error CS0246: The type or namespace name 'HttpStatusCode' could not be found (are you missing a using directive or an assembly reference?)
C:\gh\azure-sdk-for-net\sdk\signalr\Microsoft.Azure.Management.SignalR\tests\Helpers\RecordedDelegatingHandler.cs(33,16): error CS0518: Predefined type 'System.String' is not defined or imported
C:\gh\azure-sdk-for-net\sdk\signalr\Microsoft.Azure.Management.SignalR\tests\Helpers\RecordedDelegatingHandler.cs(35,16): error CS0518: Predefined type 'System.Object' is not defined or imported
C:\gh\azure-sdk-for-net\sdk\signalr\Microsoft.Azure.Management.SignalR\tests\Helpers\RecordedDelegatingHandler.cs(35,16): error CS0246: The type or namespace name 'HttpRequestHeaders' could not be found (are you missing a using directive or an assembly reference?)
C:\gh\azure-sdk-for-net\sdk\signalr\Microsoft.Azure.Management.SignalR\tests\Helpers\RecordedDelegatingHandler.cs(37,16): error CS0518: Predefined type 'System.Object' is not defined or imported
C:\gh\azure-sdk-for-net\sdk\signalr\Microsoft.Azure.Management.SignalR\tests\Helpers\RecordedDelegatingHandler.cs(37,16): error CS0246: The type or namespace name 'HttpContentHeaders' could not be found (are you missing a using directive or an assembly reference?)
C:\gh\azure-sdk-for-net\sdk\signalr\Microsoft.Azure.Management.SignalR\tests\Helpers\RecordedDelegatingHandler.cs(39,16): error CS0518: Predefined type 'System.Object' is not defined or imported
C:\gh\azure-sdk-for-net\sdk\signalr\Microsoft.Azure.Management.SignalR\tests\Helpers\RecordedDelegatingHandler.cs(39,16): error CS0246: The type or namespace name 'HttpMethod' could not be found (are you missing a using directive or an assembly reference?)
C:\gh\azure-sdk-for-net\sdk\signalr\Microsoft.Azure.Management.SignalR\tests\Helpers\RecordedDelegatingHandler.cs(41,16): error CS0518: Predefined type 'System.Object' is not defined or imported
C:\gh\azure-sdk-for-net\sdk\signalr\Microsoft.Azure.Management.SignalR\tests\Helpers\RecordedDelegatingHandler.cs(41,16): error CS0246: The type or namespace name 'Uri' could not be found (are you missing a using directive or an assembly reference?)
C:\gh\azure-sdk-for-net\sdk\signalr\Microsoft.Azure.Management.SignalR\tests\Helpers\RecordedDelegatingHandler.cs(43,16): error CS0518: Predefined type 'System.Boolean' is not defined or imported
C:\gh\azure-sdk-for-net\sdk\signalr\Microsoft.Azure.Management.SignalR\tests\Helpers\RecordedDelegatingHandler.cs(18,34): error CS0518: Predefined type 'System.Object' is not defined or imported
C:\gh\azure-sdk-for-net\sdk\signalr\Microsoft.Azure.Management.SignalR\tests\Helpers\RecordedDelegatingHandler.cs(18,34): error CS0103: The name 'HttpStatusCode' does not exist in the current context
C:\gh\azure-sdk-for-net\sdk\signalr\Microsoft.Azure.Management.SignalR\tests\Helpers\SignalRTestUtilities.cs(22,77): error CS0518: Predefined type 'System.Object' is not defined or imported
C:\gh\azure-sdk-for-net\sdk\signalr\Microsoft.Azure.Management.SignalR\tests\Helpers\SignalRTestUtilities.cs(22,77): error CS0246: The type or namespace name 'Dictionary<,>' could not be found (are you missing a using directive or an assembly reference?)
C:\gh\azure-sdk-for-net\sdk\signalr\Microsoft.Azure.Management.SignalR\tests\Helpers\SignalRTestUtilities.cs(22,88): error CS0518: Predefined type 'System.String' is not defined or imported
C:\gh\azure-sdk-for-net\sdk\signalr\Microsoft.Azure.Management.SignalR\tests\Helpers\SignalRTestUtilities.cs(22,96): error CS0518: Predefined type 'System.String' is not defined or imported
C:\gh\azure-sdk-for-net\sdk\signalr\Microsoft.Azure.Management.SignalR\tests\Helpers\SignalRTestUtilities.cs(24,15): error CS0518: Predefined type 'System.String' is not defined or imported
C:\gh\azure-sdk-for-net\sdk\signalr\Microsoft.Azure.Management.SignalR\tests\Helpers\SignalRTestUtilities.cs(24,23): error CS0518: Predefined type 'System.String' is not defined or imported
C:\gh\azure-sdk-for-net\sdk\signalr\Microsoft.Azure.Management.SignalR\tests\Helpers\SignalRTestUtilities.cs(25,15): error CS0518: Predefined type 'System.String' is not defined or imported
C:\gh\azure-sdk-for-net\sdk\signalr\Microsoft.Azure.Management.SignalR\tests\Helpers\SignalRTestUtilities.cs(25,23): error CS0518: Predefined type 'System.String' is not defined or imported
C:\gh\azure-sdk-for-net\sdk\signalr\Microsoft.Azure.Management.SignalR\tests\Helpers\SignalRTestUtilities.cs(27,80): error CS0518: Predefined type 'System.Object' is not defined or imported
C:\gh\azure-sdk-for-net\sdk\signalr\Microsoft.Azure.Management.SignalR\tests\Helpers\SignalRTestUtilities.cs(27,80): error CS0246: The type or namespace name 'Dictionary<,>' could not be found (are you missing a using directive or an assembly reference?)
C:\gh\azure-sdk-for-net\sdk\signalr\Microsoft.Azure.Management.SignalR\tests\Helpers\SignalRTestUtilities.cs(27,91): error CS0518: Predefined type 'System.String' is not defined or imported
C:\gh\azure-sdk-for-net\sdk\signalr\Microsoft.Azure.Management.SignalR\tests\Helpers\SignalRTestUtilities.cs(27,99): error CS0518: Predefined type 'System.String' is not defined or imported
C:\gh\azure-sdk-for-net\sdk\signalr\Microsoft.Azure.Management.SignalR\tests\Helpers\SignalRTestUtilities.cs(29,15): error CS0518: Predefined type 'System.String' is not defined or imported
C:\gh\azure-sdk-for-net\sdk\signalr\Microsoft.Azure.Management.SignalR\tests\Helpers\SignalRTestUtilities.cs(29,22): error CS0518: Predefined type 'System.String' is not defined or imported
C:\gh\azure-sdk-for-net\sdk\signalr\Microsoft.Azure.Management.SignalR\tests\Helpers\SignalRTestUtilities.cs(30,15): error CS0518: Predefined type 'System.String' is not defined or imported
C:\gh\azure-sdk-for-net\sdk\signalr\Microsoft.Azure.Management.SignalR\tests\Helpers\SignalRTestUtilities.cs(30,22): error CS0518: Predefined type 'System.String' is not defined or imported
C:\gh\azure-sdk-for-net\sdk\signalr\Microsoft.Azure.Management.SignalR\tests\Helpers\SignalRTestUtilities.cs(31,15): error CS0518: Predefined type 'System.String' is not defined or imported
C:\gh\azure-sdk-for-net\sdk\signalr\Microsoft.Azure.Management.SignalR\tests\Helpers\SignalRTestUtilities.cs(31,22): error CS0518: Predefined type 'System.String' is not defined or imported
C:\gh\azure-sdk-for-net\sdk\signalr\Microsoft.Azure.Management.SignalR\tests\Helpers\RecordedDelegatingHandler.cs(24,34): error CS0518: Predefined type 'System.Object' is not defined or imported
C:\gh\azure-sdk-for-net\sdk\signalr\Microsoft.Azure.Management.SignalR\tests\Helpers\RecordedDelegatingHandler.cs(24,34): error CS0103: The name 'HttpStatusCode' does not exist in the current context
C:\gh\azure-sdk-for-net\sdk\signalr\Microsoft.Azure.Management.SignalR\tests\Helpers\SignalRTestUtilities.cs(36,13): error CS0518: Predefined type 'System.Object' is not defined or imported
C:\gh\azure-sdk-for-net\sdk\signalr\Microsoft.Azure.Management.SignalR\tests\Helpers\SignalRTestUtilities.cs(36,13): error CS0246: The type or namespace name 'Provider' could not be found (are you missing a using directive or an assembly reference?)
C:\gh\azure-sdk-for-net\sdk\signalr\Microsoft.Azure.Management.SignalR\tests\Helpers\SignalRTestUtilities.cs(37,13): error CS0518: Predefined type 'System.Object' is not defined or imported
C:\gh\azure-sdk-for-net\sdk\signalr\Microsoft.Azure.Management.SignalR\tests\Helpers\SignalRTestUtilities.cs(37,13): error CS0246: The type or namespace name 'ProviderResourceType' could not be found (are you missing a using directive or an assembly reference?)
C:\gh\azure-sdk-for-net\sdk\signalr\Microsoft.Azure.Management.SignalR\tests\Helpers\SignalRTestUtilities.cs(44,37): error CS0518: Predefined type 'System.Boolean' is not defined or imported
C:\gh\azure-sdk-for-net\sdk\signalr\Microsoft.Azure.Management.SignalR\tests\Helpers\SignalRTestUtilities.cs(45,51): error CS0518: Predefined type 'System.Object' is not defined or imported
C:\gh\azure-sdk-for-net\sdk\signalr\Microsoft.Azure.Management.SignalR\tests\Helpers\SignalRTestUtilities.cs(45,51): error CS0246: The type or namespace name 'ResourceManagementClient' could not be found (are you missing a using directive or an assembly reference?)
C:\gh\azure-sdk-for-net\sdk\signalr\Microsoft.Azure.Management.SignalR\tests\Helpers\RecordedDelegatingHandler.cs(51,17): error CS0518: Predefined type 'System.Boolean' is not defined or imported
C:\gh\azure-sdk-for-net\sdk\signalr\Microsoft.Azure.Management.SignalR\tests\Helpers\RecordedDelegatingHandler.cs(51,17): error CS0518: Predefined type 'System.Boolean' is not defined or imported
C:\gh\azure-sdk-for-net\sdk\signalr\Microsoft.Azure.Management.SignalR\tests\Helpers\RecordedDelegatingHandler.cs(53,27): error CS0518: Predefined type 'System.String' is not defined or imported
C:\gh\azure-sdk-for-net\sdk\signalr\Microsoft.Azure.Management.SignalR\tests\Helpers\RecordedDelegatingHandler.cs(60,17): error CS0518: Predefined type 'System.Boolean' is not defined or imported
C:\gh\azure-sdk-for-net\sdk\signalr\Microsoft.Azure.Management.SignalR\tests\Helpers\RecordedDelegatingHandler.cs(60,17): error CS0518: Predefined type 'System.Boolean' is not defined or imported
C:\gh\azure-sdk-for-net\sdk\signalr\Microsoft.Azure.Management.SignalR\tests\Helpers\RecordedDelegatingHandler.cs(68,17): error CS0518: Predefined type 'System.Boolean' is not defined or imported
C:\gh\azure-sdk-for-net\sdk\signalr\Microsoft.Azure.Management.SignalR\tests\Helpers\RecordedDelegatingHandler.cs(74,21): error CS0518: Predefined type 'System.Boolean' is not defined or imported
C:\gh\azure-sdk-for-net\sdk\signalr\Microsoft.Azure.Management.SignalR\tests\Helpers\RecordedDelegatingHandler.cs(74,53): error CS0518: Predefined type 'System.Int32' is not defined or imported
C:\gh\azure-sdk-for-net\sdk\signalr\Microsoft.Azure.Management.SignalR\tests\Helpers\RecordedDelegatingHandler.cs(74,42): error CS0518: Predefined type 'System.Boolean' is not defined or imported
C:\gh\azure-sdk-for-net\sdk\signalr\Microsoft.Azure.Management.SignalR\tests\Helpers\RecordedDelegatingHandler.cs(74,21): error CS0518: Predefined type 'System.Boolean' is not defined or imported
C:\gh\azure-sdk-for-net\sdk\signalr\Microsoft.Azure.Management.SignalR\tests\Helpers\RecordedDelegatingHandler.cs(81,35): error CS0518: Predefined type 'System.Int32' is not defined or imported
C:\gh\azure-sdk-for-net\sdk\signalr\Microsoft.Azure.Management.SignalR\tests\Helpers\RecordedDelegatingHandler.cs(81,25): error CS0518: Predefined type 'System.Boolean' is not defined or imported
C:\gh\azure-sdk-for-net\sdk\signalr\Microsoft.Azure.Management.SignalR\tests\Helpers\RecordedDelegatingHandler.cs(81,25): error CS0518: Predefined type 'System.Boolean' is not defined or imported
C:\gh\azure-sdk-for-net\sdk\signalr\Microsoft.Azure.Management.SignalR\tests\Helpers\RecordedDelegatingHandler.cs(83,40): error CS0518: Predefined type 'System.Object' is not defined or imported
C:\gh\azure-sdk-for-net\sdk\signalr\Microsoft.Azure.Management.SignalR\tests\Helpers\RecordedDelegatingHandler.cs(83,40): error CS0246: The type or namespace name 'HttpResponseMessage' could not be found (are you missing a using directive or an assembly reference?)
C:\gh\azure-sdk-for-net\sdk\signalr\Microsoft.Azure.Management.SignalR\tests\Helpers\RecordedDelegatingHandler.cs(84,44): error CS0518: Predefined type 'System.Object' is not defined or imported
C:\gh\azure-sdk-for-net\sdk\signalr\Microsoft.Azure.Management.SignalR\tests\Helpers\RecordedDelegatingHandler.cs(84,44): error CS0246: The type or namespace name 'StringContent' could not be found (are you missing a using directive or an assembly reference?)
C:\gh\azure-sdk-for-net\sdk\signalr\Microsoft.Azure.Management.SignalR\tests\Helpers\RecordedDelegatingHandler.cs(84,58): error CS0518: Predefined type 'System.String' is not defined or imported
C:\gh\azure-sdk-for-net\sdk\signalr\Microsoft.Azure.Management.SignalR\tests\Helpers\SignalRTestUtilities.cs(51,37): error CS0518: Predefined type 'System.Boolean' is not defined or imported
C:\gh\azure-sdk-for-net\sdk\signalr\Microsoft.Azure.Management.SignalR\tests\Helpers\SignalRTestUtilities.cs(52,51): error CS0518: Predefined type 'System.Object' is not defined or imported
C:\gh\azure-sdk-for-net\sdk\signalr\Microsoft.Azure.Management.SignalR\tests\Helpers\SignalRTestUtilities.cs(59,17): error CS0518: Predefined type 'System.Object' is not defined or imported
C:\gh\azure-sdk-for-net\sdk\signalr\Microsoft.Azure.Management.SignalR\tests\Helpers\SignalRTestUtilities.cs(59,17): error CS0103: The name 'TestUtilities' does not exist in the current context
C:\gh\azure-sdk-for-net\sdk\signalr\Microsoft.Azure.Management.SignalR\tests\Helpers\SignalRTestUtilities.cs(59,44): error CS0518: Predefined type 'System.String' is not defined or imported
C:\gh\azure-sdk-for-net\sdk\signalr\Microsoft.Azure.Management.SignalR\tests\Helpers\SignalRTestUtilities.cs(60,21): error CS0518: Predefined type 'System.Object' is not defined or imported
C:\gh\azure-sdk-for-net\sdk\signalr\Microsoft.Azure.Management.SignalR\tests\Helpers\SignalRTestUtilities.cs(60,21): error CS0246: The type or namespace name 'ResourceGroup' could not be found (are you missing a using directive or an assembly reference?)
C:\gh\azure-sdk-for-net\sdk\signalr\Microsoft.Azure.Management.SignalR\tests\Helpers\SignalRTestUtilities.cs(62,44): error CS0518: Predefined type 'System.Object' is not defined or imported
C:\gh\azure-sdk-for-net\sdk\signalr\Microsoft.Azure.Management.SignalR\tests\Tests\SignalRTests.cs(19,31): error CS0518: Predefined type 'System.Object' is not defined or imported
C:\gh\azure-sdk-for-net\sdk\signalr\Microsoft.Azure.Management.SignalR\tests\Tests\SignalRTests.cs(19,80): error CS0518: Predefined type 'System.Object' is not defined or imported
C:\gh\azure-sdk-for-net\sdk\signalr\Microsoft.Azure.Management.SignalR\tests\Tests\SignalRTests.cs(19,80): error CS0103: The name 'HttpStatusCode' does not exist in the current context
C:\gh\azure-sdk-for-net\sdk\signalr\Microsoft.Azure.Management.SignalR\tests\Tests\SignalRTests.cs(21,13): error CS0518: Predefined type 'System.IDisposable' is not defined or imported
C:\gh\azure-sdk-for-net\sdk\signalr\Microsoft.Azure.Management.SignalR\tests\Tests\SignalRTests.cs(21,34): error CS0518: Predefined type 'System.Object' is not defined or imported
C:\gh\azure-sdk-for-net\sdk\signalr\Microsoft.Azure.Management.SignalR\tests\Tests\SignalRTests.cs(21,34): error CS0103: The name 'MockContext' does not exist in the current context
C:\gh\azure-sdk-for-net\sdk\signalr\Microsoft.Azure.Management.SignalR\tests\Tests\SignalRTests.cs(21,57): error CS0518: Predefined type 'System.Object' is not defined or imported
C:\gh\azure-sdk-for-net\sdk\signalr\Microsoft.Azure.Management.SignalR\tests\Tests\SignalRTests.cs(21,57): error CS1061: 'SignalRTests' does not contain a definition for 'GetType' and no accessible extension method 'GetType' accepting a first argument of type 'SignalRTests' could be found (are you missing a using directive or an assembly reference?)
C:\gh\azure-sdk-for-net\sdk\signalr\Microsoft.Azure.Management.SignalR\tests\Tests\SignalRTests.cs(23,38): error CS0518: Predefined type 'System.Object' is not defined or imported
C:\gh\azure-sdk-for-net\sdk\signalr\Microsoft.Azure.Management.SignalR\tests\Tests\SignalRTests.cs(23,59): error CS0518: Predefined type 'System.Object' is not defined or imported
C:\gh\azure-sdk-for-net\sdk\signalr\Microsoft.Azure.Management.SignalR\tests\Tests\SignalRTests.cs(24,37): error CS0518: Predefined type 'System.Object' is not defined or imported
C:\gh\azure-sdk-for-net\sdk\signalr\Microsoft.Azure.Management.SignalR\tests\Tests\SignalRTests.cs(24,58): error CS0518: Predefined type 'System.Object' is not defined or imported
C:\gh\azure-sdk-for-net\sdk\signalr\Microsoft.Azure.Management.SignalR\tests\Tests\SignalRTests.cs(27,32): error CS0518: Predefined type 'System.Object' is not defined or imported
C:\gh\azure-sdk-for-net\sdk\signalr\Microsoft.Azure.Management.SignalR\tests\Tests\SignalRTests.cs(27,53): error CS0518: Predefined type 'System.Object' is not defined or imported
C:\gh\azure-sdk-for-net\sdk\signalr\Microsoft.Azure.Management.SignalR\tests\Tests\SignalRTests.cs(28,37): error CS0518: Predefined type 'System.Object' is not defined or imported
C:\gh\azure-sdk-for-net\sdk\signalr\Microsoft.Azure.Management.SignalR\tests\Tests\SignalRTests.cs(28,58): error CS0518: Predefined type 'System.Object' is not defined or imported
C:\gh\azure-sdk-for-net\sdk\signalr\Microsoft.Azure.Management.SignalR\tests\Tests\SignalRTests.cs(31,35): error CS0518: Predefined type 'System.Object' is not defined or imported
C:\gh\azure-sdk-for-net\sdk\signalr\Microsoft.Azure.Management.SignalR\tests\Tests\SignalRTests.cs(31,35): error CS0103: The name 'TestUtilities' does not exist in the current context
C:\gh\azure-sdk-for-net\sdk\signalr\Microsoft.Azure.Management.SignalR\tests\Tests\SignalRTests.cs(31,62): error CS0518: Predefined type 'System.String' is not defined or imported
C:\gh\azure-sdk-for-net\sdk\signalr\Microsoft.Azure.Management.SignalR\tests\Tests\SignalRTests.cs(34,25): error CS0518: Predefined type 'System.Object' is not defined or imported
C:\gh\azure-sdk-for-net\sdk\signalr\Microsoft.Azure.Management.SignalR\tests\Tests\SignalRTests.cs(34,25): error CS0518: Predefined type 'System.Void' is not defined or imported
C:\gh\azure-sdk-for-net\sdk\signalr\Microsoft.Azure.Management.SignalR\tests\Tests\SignalRTests.cs(36,25): error CS0518: Predefined type 'System.String' is not defined or imported
C:\gh\azure-sdk-for-net\sdk\signalr\Microsoft.Azure.Management.SignalR\tests\Tests\SignalRTests.cs(36,32): error CS0518: Predefined type 'System.Object' is not defined or imported
C:\gh\azure-sdk-for-net\sdk\signalr\Microsoft.Azure.Management.SignalR\tests\Tests\SignalRTests.cs(37,25): error CS0518: Predefined type 'System.String' is not defined or imported
C:\gh\azure-sdk-for-net\sdk\signalr\Microsoft.Azure.Management.SignalR\tests\Tests\SignalRTests.cs(32,40): error CS0518: Predefined type 'System.String' is not defined or imported
C:\gh\azure-sdk-for-net\sdk\signalr\Microsoft.Azure.Management.SignalR\tests\Tests\SignalRTests.cs(40,17): error CS0518: Predefined type 'System.Object' is not defined or imported
C:\gh\azure-sdk-for-net\sdk\signalr\Microsoft.Azure.Management.SignalR\tests\Tests\SignalRTests.cs(40,17): error CS0103: The name 'Assert' does not exist in the current context
C:\gh\azure-sdk-for-net\sdk\signalr\Microsoft.Azure.Management.SignalR\tests\Tests\SignalRTests.cs(40,46): error CS0518: Predefined type 'System.Nullable`1' is not defined or imported
C:\gh\azure-sdk-for-net\sdk\signalr\Microsoft.Azure.Management.SignalR\tests\Tests\SignalRTests.cs(41,17): error CS0518: Predefined type 'System.Object' is not defined or imported
C:\gh\azure-sdk-for-net\sdk\signalr\Microsoft.Azure.Management.SignalR\tests\Tests\SignalRTests.cs(41,17): error CS0103: The name 'Assert' does not exist in the current context
C:\gh\azure-sdk-for-net\sdk\signalr\Microsoft.Azure.Management.SignalR\tests\Tests\SignalRTests.cs(41,46): error CS0518: Predefined type 'System.String' is not defined or imported
C:\gh\azure-sdk-for-net\sdk\signalr\Microsoft.Azure.Management.SignalR\tests\Tests\SignalRTests.cs(42,17): error CS0518: Predefined type 'System.Object' is not defined or imported
C:\gh\azure-sdk-for-net\sdk\signalr\Microsoft.Azure.Management.SignalR\tests\Tests\SignalRTests.cs(42,17): error CS0103: The name 'Assert' does not exist in the current context
C:\gh\azure-sdk-for-net\sdk\signalr\Microsoft.Azure.Management.SignalR\tests\Tests\SignalRTests.cs(42,46): error CS0518: Predefined type 'System.String' is not defined or imported
C:\gh\azure-sdk-for-net\sdk\signalr\Microsoft.Azure.Management.SignalR\tests\Tests\SignalRTests.cs(44,31): error CS0518: Predefined type 'System.Object' is not defined or imported
C:\gh\azure-sdk-for-net\sdk\signalr\Microsoft.Azure.Management.SignalR\tests\Tests\SignalRTests.cs(44,52): error CS0518: Predefined type 'System.Object' is not defined or imported
C:\gh\azure-sdk-for-net\sdk\signalr\Microsoft.Azure.Management.SignalR\tests\Tests\SignalRTests.cs(44,111): error CS0518: Predefined type 'System.String' is not defined or imported
C:\gh\azure-sdk-for-net\sdk\signalr\Microsoft.Azure.Management.SignalR\tests\Tests\SignalRTests.cs(47,25): error CS0518: Predefined type 'System.Object' is not defined or imported
C:\gh\azure-sdk-for-net\sdk\signalr\Microsoft.Azure.Management.SignalR\tests\Tests\SignalRTests.cs(47,25): error CS0518: Predefined type 'System.Void' is not defined or imported
C:\gh\azure-sdk-for-net\sdk\signalr\Microsoft.Azure.Management.SignalR\tests\Tests\SignalRTests.cs(49,25): error CS0518: Predefined type 'System.String' is not defined or imported
C:\gh\azure-sdk-for-net\sdk\signalr\Microsoft.Azure.Management.SignalR\tests\Tests\SignalRTests.cs(49,32): error CS0518: Predefined type 'System.Object' is not defined or imported
C:\gh\azure-sdk-for-net\sdk\signalr\Microsoft.Azure.Management.SignalR\tests\Tests\SignalRTests.cs(50,25): error CS0518: Predefined type 'System.String' is not defined or imported
C:\gh\azure-sdk-for-net\sdk\signalr\Microsoft.Azure.Management.SignalR\tests\Tests\SignalRTests.cs(45,36): error CS0518: Predefined type 'System.String' is not defined or imported
C:\gh\azure-sdk-for-net\sdk\signalr\Microsoft.Azure.Management.SignalR\tests\Tests\SignalRTests.cs(52,17): error CS0518: Predefined type 'System.Object' is not defined or imported
C:\gh\azure-sdk-for-net\sdk\signalr\Microsoft.Azure.Management.SignalR\tests\Tests\SignalRTests.cs(52,17): error CS0103: The name 'Assert' does not exist in the current context
C:\gh\azure-sdk-for-net\sdk\signalr\Microsoft.Azure.Management.SignalR\tests\Tests\SignalRTests.cs(52,47): error CS0518: Predefined type 'System.Nullable`1' is not defined or imported
C:\gh\azure-sdk-for-net\sdk\signalr\Microsoft.Azure.Management.SignalR\tests\Tests\SignalRTests.cs(53,17): error CS0518: Predefined type 'System.Object' is not defined or imported
C:\gh\azure-sdk-for-net\sdk\signalr\Microsoft.Azure.Management.SignalR\tests\Tests\SignalRTests.cs(53,17): error CS0103: The name 'Assert' does not exist in the current context
C:\gh\azure-sdk-for-net\sdk\signalr\Microsoft.Azure.Management.SignalR\tests\Tests\SignalRTests.cs(53,30): error CS0518: Predefined type 'System.String' is not defined or imported
C:\gh\azure-sdk-for-net\sdk\signalr\Microsoft.Azure.Management.SignalR\tests\Tests\SignalRTests.cs(53,64): error CS0518: Predefined type 'System.String' is not defined or imported
C:\gh\azure-sdk-for-net\sdk\signalr\Microsoft.Azure.Management.SignalR\tests\Tests\SignalRTests.cs(54,17): error CS0518: Predefined type 'System.Object' is not defined or imported
C:\gh\azure-sdk-for-net\sdk\signalr\Microsoft.Azure.Management.SignalR\tests\Tests\SignalRTests.cs(54,17): error CS0103: The name 'Assert' does not exist in the current context
C:\gh\azure-sdk-for-net\sdk\signalr\Microsoft.Azure.Management.SignalR\tests\Tests\SignalRTests.cs(54,30): error CS0518: Predefined type 'System.String' is not defined or imported
C:\gh\azure-sdk-for-net\sdk\signalr\Microsoft.Azure.Management.SignalR\tests\Tests\SignalRTests.cs(54,106): error CS0518: Predefined type 'System.String' is not defined or imported
C:\gh\azure-sdk-for-net\sdk\signalr\Microsoft.Azure.Management.SignalR\tests\Helpers\SignalRTestUtilities.cs(68,13): error CS0518: Predefined type 'System.Object' is not defined or imported
C:\gh\azure-sdk-for-net\sdk\signalr\Microsoft.Azure.Management.SignalR\tests\Helpers\SignalRTestUtilities.cs(69,17): error CS0518: Predefined type 'System.Boolean' is not defined or imported
C:\gh\azure-sdk-for-net\sdk\signalr\Microsoft.Azure.Management.SignalR\tests\Helpers\SignalRTestUtilities.cs(71,27): error CS0518: Predefined type 'System.Object' is not defined or imported
C:\gh\azure-sdk-for-net\sdk\signalr\Microsoft.Azure.Management.SignalR\tests\Helpers\SignalRTestUtilities.cs(71,27): error CS0518: Predefined type 'System.Void' is not defined or imported
C:\gh\azure-sdk-for-net\sdk\signalr\Microsoft.Azure.Management.SignalR\tests\Helpers\SignalRTestUtilities.cs(73,21): error CS0518: Predefined type 'System.String' is not defined or imported
C:\gh\azure-sdk-for-net\sdk\signalr\Microsoft.Azure.Management.SignalR\tests\Helpers\SignalRTestUtilities.cs(73,28): error CS0518: Predefined type 'System.String' is not defined or imported
C:\gh\azure-sdk-for-net\sdk\signalr\Microsoft.Azure.Management.SignalR\tests\Helpers\SignalRTestUtilities.cs(74,21): error CS0518: Predefined type 'System.String' is not defined or imported
C:\gh\azure-sdk-for-net\sdk\signalr\Microsoft.Azure.Management.SignalR\tests\Helpers\SignalRTestUtilities.cs(74,28): error CS0518: Predefined type 'System.String' is not defined or imported
C:\gh\azure-sdk-for-net\sdk\signalr\Microsoft.Azure.Management.SignalR\tests\Helpers\SignalRTestUtilities.cs(75,21): error CS0518: Predefined type 'System.String' is not defined or imported
C:\gh\azure-sdk-for-net\sdk\signalr\Microsoft.Azure.Management.SignalR\tests\Helpers\SignalRTestUtilities.cs(75,28): error CS0518: Predefined type 'System.String' is not defined or imported
C:\gh\azure-sdk-for-net\sdk\signalr\Microsoft.Azure.Management.SignalR\tests\Helpers\SignalRTestUtilities.cs(76,21): error CS0518: Predefined type 'System.Nullable`1' is not defined or imported
C:\gh\azure-sdk-for-net\sdk\signalr\Microsoft.Azure.Management.SignalR\tests\Helpers\SignalRTestUtilities.cs(81,27): error CS0518: Predefined type 'System.Object' is not defined or imported
C:\gh\azure-sdk-for-net\sdk\signalr\Microsoft.Azure.Management.SignalR\tests\Helpers\SignalRTestUtilities.cs(81,27): error CS0518: Predefined type 'System.Void' is not defined or imported
C:\gh\azure-sdk-for-net\sdk\signalr\Microsoft.Azure.Management.SignalR\tests\Helpers\SignalRTestUtilities.cs(83,21): error CS0518: Predefined type 'System.String' is not defined or imported
C:\gh\azure-sdk-for-net\sdk\signalr\Microsoft.Azure.Management.SignalR\tests\Helpers\SignalRTestUtilities.cs(83,28): error CS0518: Predefined type 'System.String' is not defined or imported
C:\gh\azure-sdk-for-net\sdk\signalr\Microsoft.Azure.Management.SignalR\tests\Helpers\SignalRTestUtilities.cs(84,21): error CS0518: Predefined type 'System.String' is not defined or imported
C:\gh\azure-sdk-for-net\sdk\signalr\Microsoft.Azure.Management.SignalR\tests\Helpers\SignalRTestUtilities.cs(84,28): error CS0518: Predefined type 'System.String' is not defined or imported
C:\gh\azure-sdk-for-net\sdk\signalr\Microsoft.Azure.Management.SignalR\tests\Helpers\SignalRTestUtilities.cs(85,21): error CS0518: Predefined type 'System.String' is not defined or imported
C:\gh\azure-sdk-for-net\sdk\signalr\Microsoft.Azure.Management.SignalR\tests\Helpers\SignalRTestUtilities.cs(85,28): error CS0518: Predefined type 'System.String' is not defined or imported
C:\gh\azure-sdk-for-net\sdk\signalr\Microsoft.Azure.Management.SignalR\tests\Helpers\SignalRTestUtilities.cs(91,17): error CS0518: Predefined type 'System.Object' is not defined or imported
C:\gh\azure-sdk-for-net\sdk\signalr\Microsoft.Azure.Management.SignalR\tests\Helpers\SignalRTestUtilities.cs(91,17): error CS0103: The name 'TestUtilities' does not exist in the current context
C:\gh\azure-sdk-for-net\sdk\signalr\Microsoft.Azure.Management.SignalR\tests\Helpers\SignalRTestUtilities.cs(91,44): error CS0518: Predefined type 'System.String' is not defined or imported
C:\gh\azure-sdk-for-net\sdk\signalr\Microsoft.Azure.Management.SignalR\tests\Helpers\SignalRTestUtilities.cs(92,21): error CS0518: Predefined type 'System.Object' is not defined or imported
C:\gh\azure-sdk-for-net\sdk\signalr\Microsoft.Azure.Management.SignalR\tests\Helpers\SignalRTestUtilities.cs(92,21): error CS0518: Predefined type 'System.Void' is not defined or imported
C:\gh\azure-sdk-for-net\sdk\signalr\Microsoft.Azure.Management.SignalR\tests\Helpers\SignalRTestUtilities.cs(94,21): error CS0518: Predefined type 'System.String' is not defined or imported
C:\gh\azure-sdk-for-net\sdk\signalr\Microsoft.Azure.Management.SignalR\tests\Helpers\SignalRTestUtilities.cs(95,21): error CS0518: Predefined type 'System.Void' is not defined or imported
C:\gh\azure-sdk-for-net\sdk\signalr\Microsoft.Azure.Management.SignalR\tests\Helpers\SignalRTestUtilities.cs(96,21): error CS0246: The type or namespace name 'IDictionary<,>' could not be found (are you missing a using directive or an assembly reference?)
C:\gh\azure-sdk-for-net\sdk\signalr\Microsoft.Azure.Management.SignalR\tests\Helpers\SignalRTestUtilities.cs(97,21): error CS0246: The type or namespace name 'IList<>' could not be found (are you missing a using directive or an assembly reference?)
C:\gh\azure-sdk-for-net\sdk\signalr\Microsoft.Azure.Management.SignalR\tests\Helpers\SignalRTestUtilities.cs(97,36): error CS0518: Predefined type 'System.Object' is not defined or imported
C:\gh\azure-sdk-for-net\sdk\signalr\Microsoft.Azure.Management.SignalR\tests\Helpers\SignalRTestUtilities.cs(97,36): error CS0246: The type or namespace name 'List<>' could not be found (are you missing a using directive or an assembly reference?)
C:\gh\azure-sdk-for-net\sdk\signalr\Microsoft.Azure.Management.SignalR\tests\Helpers\SignalRTestUtilities.cs(97,41): error CS0518: Predefined type 'System.Object' is not defined or imported
C:\gh\azure-sdk-for-net\sdk\signalr\Microsoft.Azure.Management.SignalR\tests\Helpers\SignalRTestUtilities.cs(99,29): error CS0518: Predefined type 'System.Object' is not defined or imported
C:\gh\azure-sdk-for-net\sdk\signalr\Microsoft.Azure.Management.SignalR\tests\Helpers\SignalRTestUtilities.cs(99,29): error CS0518: Predefined type 'System.Void' is not defined or imported
C:\gh\azure-sdk-for-net\sdk\signalr\Microsoft.Azure.Management.SignalR\tests\Helpers\SignalRTestUtilities.cs(100,29): error CS0518: Predefined type 'System.String' is not defined or imported
C:\gh\azure-sdk-for-net\sdk\signalr\Microsoft.Azure.Management.SignalR\tests\Helpers\SignalRTestUtilities.cs(100,36): error CS0518: Predefined type 'System.Object' is not defined or imported
C:\gh\azure-sdk-for-net\sdk\signalr\Microsoft.Azure.Management.SignalR\tests\Helpers\SignalRTestUtilities.cs(100,49): error CS0518: Predefined type 'System.String' is not defined or imported
C:\gh\azure-sdk-for-net\sdk\signalr\Microsoft.Azure.Management.SignalR\tests\Helpers\SignalRTestUtilities.cs(101,29): error CS0518: Predefined type 'System.String' is not defined or imported
C:\gh\azure-sdk-for-net\sdk\signalr\Microsoft.Azure.Management.SignalR\tests\Helpers\SignalRTestUtilities.cs(101,37): error CS0518: Predefined type 'System.String' is not defined or imported
C:\gh\azure-sdk-for-net\sdk\signalr\Microsoft.Azure.Management.SignalR\tests\Helpers\SignalRTestUtilities.cs(104,21): error CS0518: Predefined type 'System.String' is not defined or imported
C:\gh\azure-sdk-for-net\sdk\signalr\Microsoft.Azure.Management.SignalR\tests\Helpers\SignalRTestUtilities.cs(104,28): error CS0518: Predefined type 'System.Object' is not defined or imported
C:\gh\azure-sdk-for-net\sdk\signalr\Microsoft.Azure.Management.SignalR\tests\Helpers\SignalRTestUtilities.cs(104,40): error CS0518: Predefined type 'System.String' is not defined or imported
C:\gh\azure-sdk-for-net\sdk\signalr\Microsoft.Azure.Management.SignalR\tests\Helpers\SignalRTestUtilities.cs(105,21): error CS0518: Predefined type 'System.Void' is not defined or imported
C:\gh\azure-sdk-for-net\sdk\signalr\Microsoft.Azure.Management.SignalR\tests\Helpers\SignalRTestUtilities.cs(105,36): error CS0518: Predefined type 'System.Object' is not defined or imported
C:\gh\azure-sdk-for-net\sdk\signalr\Microsoft.Azure.Management.SignalR\tests\Helpers\SignalRTestUtilities.cs(105,36): error CS0518: Predefined type 'System.Void' is not defined or imported
C:\gh\azure-sdk-for-net\sdk\signalr\Microsoft.Azure.Management.SignalR\tests\Helpers\SignalRTestUtilities.cs(107,25): error CS0246: The type or namespace name 'IList<>' could not be found (are you missing a using directive or an assembly reference?)
C:\gh\azure-sdk-for-net\sdk\signalr\Microsoft.Azure.Management.SignalR\tests\Helpers\SignalRTestUtilities.cs(107,41): error CS0518: Predefined type 'System.Object' is not defined or imported
C:\gh\azure-sdk-for-net\sdk\signalr\Microsoft.Azure.Management.SignalR\tests\Helpers\SignalRTestUtilities.cs(107,41): error CS0246: The type or namespace name 'List<>' could not be found (are you missing a using directive or an assembly reference?)
C:\gh\azure-sdk-for-net\sdk\signalr\Microsoft.Azure.Management.SignalR\tests\Helpers\SignalRTestUtilities.cs(107,46): error CS0518: Predefined type 'System.Object' is not defined or imported
C:\gh\azure-sdk-for-net\sdk\signalr\Microsoft.Azure.Management.SignalR\tests\Helpers\SignalRTestUtilities.cs(109,33): error CS0518: Predefined type 'System.Object' is not defined or imported
C:\gh\azure-sdk-for-net\sdk\signalr\Microsoft.Azure.Management.SignalR\tests\Helpers\SignalRTestUtilities.cs(109,33): error CS0518: Predefined type 'System.Void' is not defined or imported
C:\gh\azure-sdk-for-net\sdk\signalr\Microsoft.Azure.Management.SignalR\tests\Helpers\SignalRTestUtilities.cs(111,33): error CS0518: Predefined type 'System.String' is not defined or imported
C:\gh\azure-sdk-for-net\sdk\signalr\Microsoft.Azure.Management.SignalR\tests\Helpers\SignalRTestUtilities.cs(111,47): error CS0518: Predefined type 'System.String' is not defined or imported
C:\gh\azure-sdk-for-net\sdk\signalr\Microsoft.Azure.Management.SignalR\tests\Helpers\SignalRTestUtilities.cs(115,21): error CS0518: Predefined type 'System.Void' is not defined or imported
C:\gh\azure-sdk-for-net\sdk\signalr\Microsoft.Azure.Management.SignalR\tests\Helpers\SignalRTestUtilities.cs(115,39): error CS0518: Predefined type 'System.Object' is not defined or imported
C:\gh\azure-sdk-for-net\sdk\signalr\Microsoft.Azure.Management.SignalR\tests\Helpers\SignalRTestUtilities.cs(115,39): error CS0518: Predefined type 'System.Void' is not defined or imported
C:\gh\azure-sdk-for-net\sdk\signalr\Microsoft.Azure.Management.SignalR\tests\Helpers\SignalRTestUtilities.cs(117,25): error CS0518: Predefined type 'System.String' is not defined or imported
C:\gh\azure-sdk-for-net\sdk\signalr\Microsoft.Azure.Management.SignalR\tests\Helpers\SignalRTestUtilities.cs(117,41): error CS0518: Predefined type 'System.Object' is not defined or imported
C:\gh\azure-sdk-for-net\sdk\signalr\Microsoft.Azure.Management.SignalR\tests\Helpers\SignalRTestUtilities.cs(117,51): error CS0518: Predefined type 'System.String' is not defined or imported
C:\gh\azure-sdk-for-net\sdk\signalr\Microsoft.Azure.Management.SignalR\tests\Helpers\SignalRTestUtilities.cs(118,25): error CS0518: Predefined type 'System.Void' is not defined or imported
C:\gh\azure-sdk-for-net\sdk\signalr\Microsoft.Azure.Management.SignalR\tests\Helpers\SignalRTestUtilities.cs(118,45): error CS0518: Predefined type 'System.Object' is not defined or imported
C:\gh\azure-sdk-for-net\sdk\signalr\Microsoft.Azure.Management.SignalR\tests\Helpers\SignalRTestUtilities.cs(118,45): error CS0518: Predefined type 'System.Void' is not defined or imported
C:\gh\azure-sdk-for-net\sdk\signalr\Microsoft.Azure.Management.SignalR\tests\Helpers\SignalRTestUtilities.cs(120,29): error CS0246: The type or namespace name 'IList<>' could not be found (are you missing a using directive or an assembly reference?)
C:\gh\azure-sdk-for-net\sdk\signalr\Microsoft.Azure.Management.SignalR\tests\Helpers\SignalRTestUtilities.cs(120,41): error CS0518: Predefined type 'System.Object' is not defined or imported
C:\gh\azure-sdk-for-net\sdk\signalr\Microsoft.Azure.Management.SignalR\tests\Helpers\SignalRTestUtilities.cs(120,41): error CS0246: The type or namespace name 'List<>' could not be found (are you missing a using directive or an assembly reference?)
C:\gh\azure-sdk-for-net\sdk\signalr\Microsoft.Azure.Management.SignalR\tests\Helpers\SignalRTestUtilities.cs(120,46): error CS0518: Predefined type 'System.String' is not defined or imported
C:\gh\azure-sdk-for-net\sdk\signalr\Microsoft.Azure.Management.SignalR\tests\Helpers\SignalRTestUtilities.cs(120,56): error CS0518: Predefined type 'System.Object' is not defined or imported
C:\gh\azure-sdk-for-net\sdk\signalr\Microsoft.Azure.Management.SignalR\tests\Helpers\SignalRTestUtilities.cs(120,75): error CS0518: Predefined type 'System.String' is not defined or imported
C:\gh\azure-sdk-for-net\sdk\signalr\Microsoft.Azure.Management.SignalR\tests\Helpers\SignalRTestUtilities.cs(122,25): error CS0246: The type or namespace name 'IList<>' could not be found (are you missing a using directive or an assembly reference?)
C:\gh\azure-sdk-for-net\sdk\signalr\Microsoft.Azure.Management.SignalR\tests\Helpers\SignalRTestUtilities.cs(122,48): error CS0518: Predefined type 'System.Object' is not defined or imported
C:\gh\azure-sdk-for-net\sdk\signalr\Microsoft.Azure.Management.SignalR\tests\Helpers\SignalRTestUtilities.cs(122,48): error CS0246: The type or namespace name 'List<>' could not be found (are you missing a using directive or an assembly reference?)
C:\gh\azure-sdk-for-net\sdk\signalr\Microsoft.Azure.Management.SignalR\tests\Helpers\SignalRTestUtilities.cs(122,53): error CS0518: Predefined type 'System.Object' is not defined or imported
C:\gh\azure-sdk-for-net\sdk\signalr\Microsoft.Azure.Management.SignalR\tests\Helpers\SignalRTestUtilities.cs(124,33): error CS0518: Predefined type 'System.Object' is not defined or imported
C:\gh\azure-sdk-for-net\sdk\signalr\Microsoft.Azure.Management.SignalR\tests\Helpers\SignalRTestUtilities.cs(124,33): error CS0518: Predefined type 'System.Void' is not defined or imported
C:\gh\azure-sdk-for-net\sdk\signalr\Microsoft.Azure.Management.SignalR\tests\Helpers\SignalRTestUtilities.cs(126,33): error CS0518: Predefined type 'System.String' is not defined or imported
C:\gh\azure-sdk-for-net\sdk\signalr\Microsoft.Azure.Management.SignalR\tests\Helpers\SignalRTestUtilities.cs(126,40): error CS0518: Predefined type 'System.String' is not defined or imported
C:\gh\azure-sdk-for-net\sdk\signalr\Microsoft.Azure.Management.SignalR\tests\Helpers\SignalRTestUtilities.cs(127,33): error CS0246: The type or namespace name 'IList<>' could not be found (are you missing a using directive or an assembly reference?)
C:\gh\azure-sdk-for-net\sdk\signalr\Microsoft.Azure.Management.SignalR\tests\Helpers\SignalRTestUtilities.cs(127,45): error CS0518: Predefined type 'System.Object' is not defined or imported
C:\gh\azure-sdk-for-net\sdk\signalr\Microsoft.Azure.Management.SignalR\tests\Helpers\SignalRTestUtilities.cs(127,45): error CS0246: The type or namespace name 'List<>' could not be found (are you missing a using directive or an assembly reference?)
C:\gh\azure-sdk-for-net\sdk\signalr\Microsoft.Azure.Management.SignalR\tests\Helpers\SignalRTestUtilities.cs(127,50): error CS0518: Predefined type 'System.String' is not defined or imported
C:\gh\azure-sdk-for-net\sdk\signalr\Microsoft.Azure.Management.SignalR\tests\Helpers\SignalRTestUtilities.cs(127,60): error CS0518: Predefined type 'System.Object' is not defined or imported
C:\gh\azure-sdk-for-net\sdk\signalr\Microsoft.Azure.Management.SignalR\tests\Helpers\SignalRTestUtilities.cs(127,79): error CS0518: Predefined type 'System.String' is not defined or imported
C:\gh\azure-sdk-for-net\sdk\signalr\Microsoft.Azure.Management.SignalR\tests\Helpers\SignalRTestUtilities.cs(89,20): error CS0518: Predefined type 'System.String' is not defined or imported
C:\gh\azure-sdk-for-net\sdk\signalr\Microsoft.Azure.Management.SignalR\tests\Tests\SignalRTests.cs(61,31): error CS0518: Predefined type 'System.Object' is not defined or imported
C:\gh\azure-sdk-for-net\sdk\signalr\Microsoft.Azure.Management.SignalR\tests\Tests\SignalRTests.cs(61,80): error CS0518: Predefined type 'System.Object' is not defined or imported
C:\gh\azure-sdk-for-net\sdk\signalr\Microsoft.Azure.Management.SignalR\tests\Tests\SignalRTests.cs(61,80): error CS0103: The name 'HttpStatusCode' does not exist in the current context
C:\gh\azure-sdk-for-net\sdk\signalr\Microsoft.Azure.Management.SignalR\tests\Tests\SignalRTests.cs(63,13): error CS0518: Predefined type 'System.IDisposable' is not defined or imported
C:\gh\azure-sdk-for-net\sdk\signalr\Microsoft.Azure.Management.SignalR\tests\Tests\SignalRTests.cs(63,34): error CS0518: Predefined type 'System.Object' is not defined or imported
C:\gh\azure-sdk-for-net\sdk\signalr\Microsoft.Azure.Management.SignalR\tests\Tests\SignalRTests.cs(63,34): error CS0103: The name 'MockContext' does not exist in the current context
C:\gh\azure-sdk-for-net\sdk\signalr\Microsoft.Azure.Management.SignalR\tests\Tests\SignalRTests.cs(63,57): error CS0518: Predefined type 'System.Object' is not defined or imported
C:\gh\azure-sdk-for-net\sdk\signalr\Microsoft.Azure.Management.SignalR\tests\Tests\SignalRTests.cs(63,57): error CS1061: 'SignalRTests' does not contain a definition for 'GetType' and no accessible extension method 'GetType' accepting a first argument of type 'SignalRTests' could be found (are you missing a using directive or an assembly reference?)
C:\gh\azure-sdk-for-net\sdk\signalr\Microsoft.Azure.Management.SignalR\tests\Tests\SignalRTests.cs(65,38): error CS0518: Predefined type 'System.Object' is not defined or imported
C:\gh\azure-sdk-for-net\sdk\signalr\Microsoft.Azure.Management.SignalR\tests\Tests\SignalRTests.cs(65,59): error CS0518: Predefined type 'System.Object' is not defined or imported
C:\gh\azure-sdk-for-net\sdk\signalr\Microsoft.Azure.Management.SignalR\tests\Tests\SignalRTests.cs(66,37): error CS0518: Predefined type 'System.Object' is not defined or imported
C:\gh\azure-sdk-for-net\sdk\signalr\Microsoft.Azure.Management.SignalR\tests\Tests\SignalRTests.cs(66,58): error CS0518: Predefined type 'System.Object' is not defined or imported
C:\gh\azure-sdk-for-net\sdk\signalr\Microsoft.Azure.Management.SignalR\tests\Tests\SignalRTests.cs(68,32): error CS0518: Predefined type 'System.Object' is not defined or imported
C:\gh\azure-sdk-for-net\sdk\signalr\Microsoft.Azure.Management.SignalR\tests\Tests\SignalRTests.cs(68,53): error CS0518: Predefined type 'System.Object' is not defined or imported
C:\gh\azure-sdk-for-net\sdk\signalr\Microsoft.Azure.Management.SignalR\tests\Tests\SignalRTests.cs(69,37): error CS0518: Predefined type 'System.Object' is not defined or imported
C:\gh\azure-sdk-for-net\sdk\signalr\Microsoft.Azure.Management.SignalR\tests\Tests\SignalRTests.cs(69,58): error CS0518: Predefined type 'System.Object' is not defined or imported
C:\gh\azure-sdk-for-net\sdk\signalr\Microsoft.Azure.Management.SignalR\tests\Tests\SignalRTests.cs(71,35): error CS0518: Predefined type 'System.Object' is not defined or imported
C:\gh\azure-sdk-for-net\sdk\signalr\Microsoft.Azure.Management.SignalR\tests\Tests\SignalRTests.cs(71,35): error CS0103: The name 'TestUtilities' does not exist in the current context
C:\gh\azure-sdk-for-net\sdk\signalr\Microsoft.Azure.Management.SignalR\tests\Tests\SignalRTests.cs(71,62): error CS0518: Predefined type 'System.String' is not defined or imported
C:\gh\azure-sdk-for-net\sdk\signalr\Microsoft.Azure.Management.SignalR\tests\Tests\SignalRTests.cs(73,31): error CS0518: Predefined type 'System.Object' is not defined or imported
C:\gh\azure-sdk-for-net\sdk\signalr\Microsoft.Azure.Management.SignalR\tests\Tests\SignalRTests.cs(73,52): error CS0518: Predefined type 'System.Object' is not defined or imported
C:\gh\azure-sdk-for-net\sdk\signalr\Microsoft.Azure.Management.SignalR\tests\Tests\SignalRTests.cs(73,123): error CS0518: Predefined type 'System.Boolean' is not defined or imported
C:\gh\azure-sdk-for-net\sdk\signalr\Microsoft.Azure.Management.SignalR\tests\Tests\SignalRTests.cs(74,17): error CS0518: Predefined type 'System.Object' is not defined or imported
C:\gh\azure-sdk-for-net\sdk\signalr\Microsoft.Azure.Management.SignalR\tests\Tests\SignalRTests.cs(74,84): error CS0518: Predefined type 'System.Boolean' is not defined or imported
C:\gh\azure-sdk-for-net\sdk\signalr\Microsoft.Azure.Management.SignalR\tests\Helpers\SignalRTestUtilities.cs(136,13): error CS0518: Predefined type 'System.Object' is not defined or imported
C:\gh\azure-sdk-for-net\sdk\signalr\Microsoft.Azure.Management.SignalR\tests\Helpers\SignalRTestUtilities.cs(137,13): error CS0518: Predefined type 'System.Object' is not defined or imported
C:\gh\azure-sdk-for-net\sdk\signalr\Microsoft.Azure.Management.SignalR\tests\Helpers\SignalRTestUtilities.cs(137,13): error CS0103: The name 'Assert' does not exist in the current context
C:\gh\azure-sdk-for-net\sdk\signalr\Microsoft.Azure.Management.SignalR\tests\Helpers\SignalRTestUtilities.cs(137,37): error CS0246: The type or namespace name 'IDictionary<,>' could not be found (are you missing a using directive or an assembly reference?)
C:\gh\azure-sdk-for-net\sdk\signalr\Microsoft.Azure.Management.SignalR\tests\Helpers\SignalRTestUtilities.cs(138,13): error CS0518: Predefined type 'System.Object' is not defined or imported
C:\gh\azure-sdk-for-net\sdk\signalr\Microsoft.Azure.Management.SignalR\tests\Helpers\SignalRTestUtilities.cs(138,13): error CS0103: The name 'Assert' does not exist in the current context
C:\gh\azure-sdk-for-net\sdk\signalr\Microsoft.Azure.Management.SignalR\tests\Helpers\SignalRTestUtilities.cs(138,26): error CS0518: Predefined type 'System.Int32' is not defined or imported
C:\gh\azure-sdk-for-net\sdk\signalr\Microsoft.Azure.Management.SignalR\tests\Helpers\SignalRTestUtilities.cs(138,38): error CS0246: The type or namespace name 'IDictionary<,>' could not be found (are you missing a using directive or an assembly reference?)
C:\gh\azure-sdk-for-net\sdk\signalr\Microsoft.Azure.Management.SignalR\tests\Helpers\SignalRTestUtilities.cs(139,13): error CS0518: Predefined type 'System.Object' is not defined or imported
C:\gh\azure-sdk-for-net\sdk\signalr\Microsoft.Azure.Management.SignalR\tests\Helpers\SignalRTestUtilities.cs(139,13): error CS0103: The name 'Assert' does not exist in the current context
C:\gh\azure-sdk-for-net\sdk\signalr\Microsoft.Azure.Management.SignalR\tests\Helpers\SignalRTestUtilities.cs(139,26): error CS0518: Predefined type 'System.String' is not defined or imported
C:\gh\azure-sdk-for-net\sdk\signalr\Microsoft.Azure.Management.SignalR\tests\Helpers\SignalRTestUtilities.cs(139,45): error CS0246: The type or namespace name 'IDictionary<,>' could not be found (are you missing a using directive or an assembly reference?)
C:\gh\azure-sdk-for-net\sdk\signalr\Microsoft.Azure.Management.SignalR\tests\Helpers\SignalRTestUtilities.cs(139,50): error CS0518: Predefined type 'System.String' is not defined or imported
C:\gh\azure-sdk-for-net\sdk\signalr\Microsoft.Azure.Management.SignalR\tests\Helpers\SignalRTestUtilities.cs(140,13): error CS0518: Predefined type 'System.Object' is not defined or imported
C:\gh\azure-sdk-for-net\sdk\signalr\Microsoft.Azure.Management.SignalR\tests\Helpers\SignalRTestUtilities.cs(140,13): error CS0103: The name 'Assert' does not exist in the current context
C:\gh\azure-sdk-for-net\sdk\signalr\Microsoft.Azure.Management.SignalR\tests\Helpers\SignalRTestUtilities.cs(140,26): error CS0518: Predefined type 'System.String' is not defined or imported
C:\gh\azure-sdk-for-net\sdk\signalr\Microsoft.Azure.Management.SignalR\tests\Helpers\SignalRTestUtilities.cs(140,45): error CS0246: The type or namespace name 'IDictionary<,>' could not be found (are you missing a using directive or an assembly reference?)
C:\gh\azure-sdk-for-net\sdk\signalr\Microsoft.Azure.Management.SignalR\tests\Helpers\SignalRTestUtilities.cs(140,50): error CS0518: Predefined type 'System.String' is not defined or imported
C:\gh\azure-sdk-for-net\sdk\signalr\Microsoft.Azure.Management.SignalR\tests\Helpers\SignalRTestUtilities.cs(145,13): error CS0518: Predefined type 'System.Object' is not defined or imported
C:\gh\azure-sdk-for-net\sdk\signalr\Microsoft.Azure.Management.SignalR\tests\Helpers\SignalRTestUtilities.cs(146,13): error CS0518: Predefined type 'System.Object' is not defined or imported
C:\gh\azure-sdk-for-net\sdk\signalr\Microsoft.Azure.Management.SignalR\tests\Helpers\SignalRTestUtilities.cs(146,13): error CS0103: The name 'Assert' does not exist in the current context
C:\gh\azure-sdk-for-net\sdk\signalr\Microsoft.Azure.Management.SignalR\tests\Helpers\SignalRTestUtilities.cs(146,37): error CS0246: The type or namespace name 'IDictionary<,>' could not be found (are you missing a using directive or an assembly reference?)
C:\gh\azure-sdk-for-net\sdk\signalr\Microsoft.Azure.Management.SignalR\tests\Helpers\SignalRTestUtilities.cs(147,13): error CS0518: Predefined type 'System.Object' is not defined or imported
C:\gh\azure-sdk-for-net\sdk\signalr\Microsoft.Azure.Management.SignalR\tests\Helpers\SignalRTestUtilities.cs(147,13): error CS0103: The name 'Assert' does not exist in the current context
C:\gh\azure-sdk-for-net\sdk\signalr\Microsoft.Azure.Management.SignalR\tests\Helpers\SignalRTestUtilities.cs(147,26): error CS0518: Predefined type 'System.Int32' is not defined or imported
C:\gh\azure-sdk-for-net\sdk\signalr\Microsoft.Azure.Management.SignalR\tests\Helpers\SignalRTestUtilities.cs(147,38): error CS0246: The type or namespace name 'IDictionary<,>' could not be found (are you missing a using directive or an assembly reference?)
C:\gh\azure-sdk-for-net\sdk\signalr\Microsoft.Azure.Management.SignalR\tests\Helpers\SignalRTestUtilities.cs(148,13): error CS0518: Predefined type 'System.Object' is not defined or imported
C:\gh\azure-sdk-for-net\sdk\signalr\Microsoft.Azure.Management.SignalR\tests\Helpers\SignalRTestUtilities.cs(148,13): error CS0103: The name 'Assert' does not exist in the current context
C:\gh\azure-sdk-for-net\sdk\signalr\Microsoft.Azure.Management.SignalR\tests\Helpers\SignalRTestUtilities.cs(148,26): error CS0518: Predefined type 'System.String' is not defined or imported
C:\gh\azure-sdk-for-net\sdk\signalr\Microsoft.Azure.Management.SignalR\tests\Helpers\SignalRTestUtilities.cs(148,45): error CS0246: The type or namespace name 'IDictionary<,>' could not be found (are you missing a using directive or an assembly reference?)
C:\gh\azure-sdk-for-net\sdk\signalr\Microsoft.Azure.Management.SignalR\tests\Helpers\SignalRTestUtilities.cs(148,50): error CS0518: Predefined type 'System.String' is not defined or imported
C:\gh\azure-sdk-for-net\sdk\signalr\Microsoft.Azure.Management.SignalR\tests\Helpers\SignalRTestUtilities.cs(149,13): error CS0518: Predefined type 'System.Object' is not defined or imported
C:\gh\azure-sdk-for-net\sdk\signalr\Microsoft.Azure.Management.SignalR\tests\Helpers\SignalRTestUtilities.cs(149,13): error CS0103: The name 'Assert' does not exist in the current context
C:\gh\azure-sdk-for-net\sdk\signalr\Microsoft.Azure.Management.SignalR\tests\Helpers\SignalRTestUtilities.cs(149,26): error CS0518: Predefined type 'System.String' is not defined or imported
C:\gh\azure-sdk-for-net\sdk\signalr\Microsoft.Azure.Management.SignalR\tests\Helpers\SignalRTestUtilities.cs(149,45): error CS0246: The type or namespace name 'IDictionary<,>' could not be found (are you missing a using directive or an assembly reference?)
C:\gh\azure-sdk-for-net\sdk\signalr\Microsoft.Azure.Management.SignalR\tests\Helpers\SignalRTestUtilities.cs(149,50): error CS0518: Predefined type 'System.String' is not defined or imported
C:\gh\azure-sdk-for-net\sdk\signalr\Microsoft.Azure.Management.SignalR\tests\Helpers\SignalRTestUtilities.cs(150,13): error CS0518: Predefined type 'System.Object' is not defined or imported
C:\gh\azure-sdk-for-net\sdk\signalr\Microsoft.Azure.Management.SignalR\tests\Helpers\SignalRTestUtilities.cs(150,13): error CS0103: The name 'Assert' does not exist in the current context
C:\gh\azure-sdk-for-net\sdk\signalr\Microsoft.Azure.Management.SignalR\tests\Helpers\SignalRTestUtilities.cs(150,26): error CS0518: Predefined type 'System.String' is not defined or imported
C:\gh\azure-sdk-for-net\sdk\signalr\Microsoft.Azure.Management.SignalR\tests\Helpers\SignalRTestUtilities.cs(150,45): error CS0246: The type or namespace name 'IDictionary<,>' could not be found (are you missing a using directive or an assembly reference?)
C:\gh\azure-sdk-for-net\sdk\signalr\Microsoft.Azure.Management.SignalR\tests\Helpers\SignalRTestUtilities.cs(150,50): error CS0518: Predefined type 'System.String' is not defined or imported
C:\gh\azure-sdk-for-net\sdk\signalr\Microsoft.Azure.Management.SignalR\tests\Helpers\SignalRTestUtilities.cs(155,13): error CS0518: Predefined type 'System.Object' is not defined or imported
C:\gh\azure-sdk-for-net\sdk\signalr\Microsoft.Azure.Management.SignalR\tests\Helpers\SignalRTestUtilities.cs(155,13): error CS0103: The name 'Assert' does not exist in the current context
C:\gh\azure-sdk-for-net\sdk\signalr\Microsoft.Azure.Management.SignalR\tests\Helpers\SignalRTestUtilities.cs(156,13): error CS0518: Predefined type 'System.Object' is not defined or imported
C:\gh\azure-sdk-for-net\sdk\signalr\Microsoft.Azure.Management.SignalR\tests\Helpers\SignalRTestUtilities.cs(156,13): error CS0103: The name 'Assert' does not exist in the current context
C:\gh\azure-sdk-for-net\sdk\signalr\Microsoft.Azure.Management.SignalR\tests\Helpers\SignalRTestUtilities.cs(156,37): error CS0518: Predefined type 'System.String' is not defined or imported
C:\gh\azure-sdk-for-net\sdk\signalr\Microsoft.Azure.Management.SignalR\tests\Helpers\SignalRTestUtilities.cs(157,13): error CS0518: Predefined type 'System.Object' is not defined or imported
C:\gh\azure-sdk-for-net\sdk\signalr\Microsoft.Azure.Management.SignalR\tests\Helpers\SignalRTestUtilities.cs(157,13): error CS0103: The name 'Assert' does not exist in the current context
C:\gh\azure-sdk-for-net\sdk\signalr\Microsoft.Azure.Management.SignalR\tests\Helpers\SignalRTestUtilities.cs(157,37): error CS0518: Predefined type 'System.String' is not defined or imported
C:\gh\azure-sdk-for-net\sdk\signalr\Microsoft.Azure.Management.SignalR\tests\Helpers\SignalRTestUtilities.cs(158,13): error CS0518: Predefined type 'System.Object' is not defined or imported
C:\gh\azure-sdk-for-net\sdk\signalr\Microsoft.Azure.Management.SignalR\tests\Helpers\SignalRTestUtilities.cs(158,13): error CS0103: The name 'Assert' does not exist in the current context
C:\gh\azure-sdk-for-net\sdk\signalr\Microsoft.Azure.Management.SignalR\tests\Helpers\SignalRTestUtilities.cs(158,37): error CS0518: Predefined type 'System.String' is not defined or imported
C:\gh\azure-sdk-for-net\sdk\signalr\Microsoft.Azure.Management.SignalR\tests\Helpers\SignalRTestUtilities.cs(159,13): error CS0518: Predefined type 'System.Object' is not defined or imported
C:\gh\azure-sdk-for-net\sdk\signalr\Microsoft.Azure.Management.SignalR\tests\Helpers\SignalRTestUtilities.cs(159,13): error CS0103: The name 'Assert' does not exist in the current context
C:\gh\azure-sdk-for-net\sdk\signalr\Microsoft.Azure.Management.SignalR\tests\Helpers\SignalRTestUtilities.cs(159,37): error CS0518: Predefined type 'System.String' is not defined or imported
C:\gh\azure-sdk-for-net\sdk\signalr\Microsoft.Azure.Management.SignalR\tests\Tests\SignalRTests.cs(81,31): error CS0518: Predefined type 'System.Object' is not defined or imported
C:\gh\azure-sdk-for-net\sdk\signalr\Microsoft.Azure.Management.SignalR\tests\Tests\SignalRTests.cs(81,80): error CS0518: Predefined type 'System.Object' is not defined or imported
C:\gh\azure-sdk-for-net\sdk\signalr\Microsoft.Azure.Management.SignalR\tests\Tests\SignalRTests.cs(81,80): error CS0103: The name 'HttpStatusCode' does not exist in the current context
C:\gh\azure-sdk-for-net\sdk\signalr\Microsoft.Azure.Management.SignalR\tests\Tests\SignalRTests.cs(83,13): error CS0518: Predefined type 'System.IDisposable' is not defined or imported
C:\gh\azure-sdk-for-net\sdk\signalr\Microsoft.Azure.Management.SignalR\tests\Tests\SignalRTests.cs(83,34): error CS0518: Predefined type 'System.Object' is not defined or imported
C:\gh\azure-sdk-for-net\sdk\signalr\Microsoft.Azure.Management.SignalR\tests\Tests\SignalRTests.cs(83,34): error CS0103: The name 'MockContext' does not exist in the current context
C:\gh\azure-sdk-for-net\sdk\signalr\Microsoft.Azure.Management.SignalR\tests\Tests\SignalRTests.cs(83,57): error CS0518: Predefined type 'System.Object' is not defined or imported
C:\gh\azure-sdk-for-net\sdk\signalr\Microsoft.Azure.Management.SignalR\tests\Tests\SignalRTests.cs(83,57): error CS1061: 'SignalRTests' does not contain a definition for 'GetType' and no accessible extension method 'GetType' accepting a first argument of type 'SignalRTests' could be found (are you missing a using directive or an assembly reference?)
C:\gh\azure-sdk-for-net\sdk\signalr\Microsoft.Azure.Management.SignalR\tests\Tests\SignalRTests.cs(85,38): error CS0518: Predefined type 'System.Object' is not defined or imported
C:\gh\azure-sdk-for-net\sdk\signalr\Microsoft.Azure.Management.SignalR\tests\Tests\SignalRTests.cs(85,59): error CS0518: Predefined type 'System.Object' is not defined or imported
C:\gh\azure-sdk-for-net\sdk\signalr\Microsoft.Azure.Management.SignalR\tests\Tests\SignalRTests.cs(86,37): error CS0518: Predefined type 'System.Object' is not defined or imported
C:\gh\azure-sdk-for-net\sdk\signalr\Microsoft.Azure.Management.SignalR\tests\Tests\SignalRTests.cs(86,58): error CS0518: Predefined type 'System.Object' is not defined or imported
C:\gh\azure-sdk-for-net\sdk\signalr\Microsoft.Azure.Management.SignalR\tests\Tests\SignalRTests.cs(88,32): error CS0518: Predefined type 'System.Object' is not defined or imported
C:\gh\azure-sdk-for-net\sdk\signalr\Microsoft.Azure.Management.SignalR\tests\Tests\SignalRTests.cs(88,53): error CS0518: Predefined type 'System.Object' is not defined or imported
C:\gh\azure-sdk-for-net\sdk\signalr\Microsoft.Azure.Management.SignalR\tests\Tests\SignalRTests.cs(89,37): error CS0518: Predefined type 'System.Object' is not defined or imported
C:\gh\azure-sdk-for-net\sdk\signalr\Microsoft.Azure.Management.SignalR\tests\Tests\SignalRTests.cs(89,58): error CS0518: Predefined type 'System.Object' is not defined or imported
C:\gh\azure-sdk-for-net\sdk\signalr\Microsoft.Azure.Management.SignalR\tests\Tests\SignalRTests.cs(91,35): error CS0518: Predefined type 'System.Object' is not defined or imported
C:\gh\azure-sdk-for-net\sdk\signalr\Microsoft.Azure.Management.SignalR\tests\Tests\SignalRTests.cs(91,35): error CS0103: The name 'TestUtilities' does not exist in the current context
C:\gh\azure-sdk-for-net\sdk\signalr\Microsoft.Azure.Management.SignalR\tests\Tests\SignalRTests.cs(91,62): error CS0518: Predefined type 'System.String' is not defined or imported
C:\gh\azure-sdk-for-net\sdk\signalr\Microsoft.Azure.Management.SignalR\tests\Tests\SignalRTests.cs(93,32): error CS0518: Predefined type 'System.Int32' is not defined or imported
C:\gh\azure-sdk-for-net\sdk\signalr\Microsoft.Azure.Management.SignalR\tests\Tests\SignalRTests.cs(94,31): error CS0518: Predefined type 'System.Object' is not defined or imported
C:\gh\azure-sdk-for-net\sdk\signalr\Microsoft.Azure.Management.SignalR\tests\Tests\SignalRTests.cs(94,52): error CS0518: Predefined type 'System.Object' is not defined or imported
C:\gh\azure-sdk-for-net\sdk\signalr\Microsoft.Azure.Management.SignalR\tests\Tests\SignalRTests.cs(94,123): error CS0518: Predefined type 'System.Boolean' is not defined or imported
C:\gh\azure-sdk-for-net\sdk\signalr\Microsoft.Azure.Management.SignalR\tests\Tests\SignalRTests.cs(95,17): error CS0518: Predefined type 'System.Object' is not defined or imported
C:\gh\azure-sdk-for-net\sdk\signalr\Microsoft.Azure.Management.SignalR\tests\Tests\SignalRTests.cs(95,84): error CS0518: Predefined type 'System.Boolean' is not defined or imported
C:\gh\azure-sdk-for-net\sdk\signalr\Microsoft.Azure.Management.SignalR\tests\Tests\SignalRTests.cs(102,31): error CS0518: Predefined type 'System.Object' is not defined or imported
C:\gh\azure-sdk-for-net\sdk\signalr\Microsoft.Azure.Management.SignalR\tests\Tests\SignalRTests.cs(102,80): error CS0518: Predefined type 'System.Object' is not defined or imported
C:\gh\azure-sdk-for-net\sdk\signalr\Microsoft.Azure.Management.SignalR\tests\Tests\SignalRTests.cs(102,80): error CS0103: The name 'HttpStatusCode' does not exist in the current context
C:\gh\azure-sdk-for-net\sdk\signalr\Microsoft.Azure.Management.SignalR\tests\Tests\SignalRTests.cs(104,13): error CS0518: Predefined type 'System.IDisposable' is not defined or imported
C:\gh\azure-sdk-for-net\sdk\signalr\Microsoft.Azure.Management.SignalR\tests\Tests\SignalRTests.cs(104,34): error CS0518: Predefined type 'System.Object' is not defined or imported
C:\gh\azure-sdk-for-net\sdk\signalr\Microsoft.Azure.Management.SignalR\tests\Tests\SignalRTests.cs(104,34): error CS0103: The name 'MockContext' does not exist in the current context
C:\gh\azure-sdk-for-net\sdk\signalr\Microsoft.Azure.Management.SignalR\tests\Tests\SignalRTests.cs(104,57): error CS0518: Predefined type 'System.Object' is not defined or imported
C:\gh\azure-sdk-for-net\sdk\signalr\Microsoft.Azure.Management.SignalR\tests\Tests\SignalRTests.cs(104,57): error CS1061: 'SignalRTests' does not contain a definition for 'GetType' and no accessible extension method 'GetType' accepting a first argument of type 'SignalRTests' could be found (are you missing a using directive or an assembly reference?)
C:\gh\azure-sdk-for-net\sdk\signalr\Microsoft.Azure.Management.SignalR\tests\Tests\SignalRTests.cs(106,38): error CS0518: Predefined type 'System.Object' is not defined or imported
C:\gh\azure-sdk-for-net\sdk\signalr\Microsoft.Azure.Management.SignalR\tests\Tests\SignalRTests.cs(106,59): error CS0518: Predefined type 'System.Object' is not defined or imported
C:\gh\azure-sdk-for-net\sdk\signalr\Microsoft.Azure.Management.SignalR\tests\Tests\SignalRTests.cs(107,37): error CS0518: Predefined type 'System.Object' is not defined or imported
C:\gh\azure-sdk-for-net\sdk\signalr\Microsoft.Azure.Management.SignalR\tests\Tests\SignalRTests.cs(107,58): error CS0518: Predefined type 'System.Object' is not defined or imported
C:\gh\azure-sdk-for-net\sdk\signalr\Microsoft.Azure.Management.SignalR\tests\Tests\SignalRTests.cs(109,32): error CS0518: Predefined type 'System.Object' is not defined or imported
C:\gh\azure-sdk-for-net\sdk\signalr\Microsoft.Azure.Management.SignalR\tests\Tests\SignalRTests.cs(109,53): error CS0518: Predefined type 'System.Object' is not defined or imported
C:\gh\azure-sdk-for-net\sdk\signalr\Microsoft.Azure.Management.SignalR\tests\Tests\SignalRTests.cs(111,30): error CS0246: The type or namespace name 'IPage<>' could not be found (are you missing a using directive or an assembly reference?)
C:\gh\azure-sdk-for-net\sdk\signalr\Microsoft.Azure.Management.SignalR\tests\Tests\SignalRTests.cs(112,17): error CS0518: Predefined type 'System.Object' is not defined or imported
C:\gh\azure-sdk-for-net\sdk\signalr\Microsoft.Azure.Management.SignalR\tests\Tests\SignalRTests.cs(112,17): error CS0103: The name 'Assert' does not exist in the current context
C:\gh\azure-sdk-for-net\sdk\signalr\Microsoft.Azure.Management.SignalR\tests\Tests\SignalRTests.cs(115,17): error CS0518: Predefined type 'System.Object' is not defined or imported
C:\gh\azure-sdk-for-net\sdk\signalr\Microsoft.Azure.Management.SignalR\tests\Tests\SignalRTests.cs(115,17): error CS0103: The name 'Assert' does not exist in the current context
C:\gh\azure-sdk-for-net\sdk\signalr\Microsoft.Azure.Management.SignalR\tests\Tests\SignalRTests.cs(116,17): error CS0518: Predefined type 'System.Object' is not defined or imported
C:\gh\azure-sdk-for-net\sdk\signalr\Microsoft.Azure.Management.SignalR\tests\Tests\SignalRTests.cs(116,17): error CS0103: The name 'Assert' does not exist in the current context
C:\gh\azure-sdk-for-net\sdk\signalr\Microsoft.Azure.Management.SignalR\tests\Tests\SignalRTests.cs(117,17): error CS0518: Predefined type 'System.Object' is not defined or imported
C:\gh\azure-sdk-for-net\sdk\signalr\Microsoft.Azure.Management.SignalR\tests\Tests\SignalRTests.cs(117,17): error CS0103: The name 'Assert' does not exist in the current context
C:\gh\azure-sdk-for-net\sdk\signalr\Microsoft.Azure.Management.SignalR\tests\Tests\SignalRTests.cs(118,17): error CS0518: Predefined type 'System.Object' is not defined or imported
C:\gh\azure-sdk-for-net\sdk\signalr\Microsoft.Azure.Management.SignalR\tests\Tests\SignalRTests.cs(118,17): error CS0103: The name 'Assert' does not exist in the current context
C:\gh\azure-sdk-for-net\sdk\signalr\Microsoft.Azure.Management.SignalR\tests\Tests\SignalRTests.cs(119,17): error CS0518: Predefined type 'System.Object' is not defined or imported
C:\gh\azure-sdk-for-net\sdk\signalr\Microsoft.Azure.Management.SignalR\tests\Tests\SignalRTests.cs(119,17): error CS0103: The name 'Assert' does not exist in the current context
C:\gh\azure-sdk-for-net\sdk\signalr\Microsoft.Azure.Management.SignalR\tests\Tests\SignalRTests.cs(120,17): error CS0518: Predefined type 'System.Object' is not defined or imported
C:\gh\azure-sdk-for-net\sdk\signalr\Microsoft.Azure.Management.SignalR\tests\Tests\SignalRTests.cs(120,17): error CS0103: The name 'Assert' does not exist in the current context
C:\gh\azure-sdk-for-net\sdk\signalr\Microsoft.Azure.Management.SignalR\tests\Tests\SignalRTests.cs(121,17): error CS0518: Predefined type 'System.Object' is not defined or imported
C:\gh\azure-sdk-for-net\sdk\signalr\Microsoft.Azure.Management.SignalR\tests\Tests\SignalRTests.cs(121,17): error CS0103: The name 'Assert' does not exist in the current context
C:\gh\azure-sdk-for-net\sdk\signalr\Microsoft.Azure.Management.SignalR\tests\Tests\SignalRTests.cs(122,17): error CS0518: Predefined type 'System.Object' is not defined or imported
C:\gh\azure-sdk-for-net\sdk\signalr\Microsoft.Azure.Management.SignalR\tests\Tests\SignalRTests.cs(122,17): error CS0103: The name 'Assert' does not exist in the current context
C:\gh\azure-sdk-for-net\sdk\signalr\Microsoft.Azure.Management.SignalR\tests\Tests\SignalRTests.cs(131,13): error CS0518: Predefined type 'System.Object' is not defined or imported
C:\gh\azure-sdk-for-net\sdk\signalr\Microsoft.Azure.Management.SignalR\tests\Tests\SignalRTests.cs(131,34): error CS0518: Predefined type 'System.Object' is not defined or imported
C:\gh\azure-sdk-for-net\sdk\signalr\Microsoft.Azure.Management.SignalR\tests\Tests\SignalRTests.cs(132,13): error CS0518: Predefined type 'System.Object' is not defined or imported
C:\gh\azure-sdk-for-net\sdk\signalr\Microsoft.Azure.Management.SignalR\tests\Tests\SignalRTests.cs(132,13): error CS0103: The name 'Assert' does not exist in the current context
C:\gh\azure-sdk-for-net\sdk\signalr\Microsoft.Azure.Management.SignalR\tests\Tests\SignalRTests.cs(133,17): error CS0518: Predefined type 'System.Boolean' is not defined or imported
C:\gh\azure-sdk-for-net\sdk\signalr\Microsoft.Azure.Management.SignalR\tests\Tests\SignalRTests.cs(135,17): error CS0518: Predefined type 'System.Object' is not defined or imported
C:\gh\azure-sdk-for-net\sdk\signalr\Microsoft.Azure.Management.SignalR\tests\Tests\SignalRTests.cs(135,17): error CS0103: The name 'Assert' does not exist in the current context
C:\gh\azure-sdk-for-net\sdk\signalr\Microsoft.Azure.Management.SignalR\tests\Tests\SignalRTests.cs(135,30): error CS0518: Predefined type 'System.Object' is not defined or imported
C:\gh\azure-sdk-for-net\sdk\signalr\Microsoft.Azure.Management.SignalR\tests\Tests\SignalRTests.cs(135,45): error CS0518: Predefined type 'System.String' is not defined or imported
C:\gh\azure-sdk-for-net\sdk\signalr\Microsoft.Azure.Management.SignalR\tests\Tests\SignalRTests.cs(135,67): error CS0518: Predefined type 'System.String' is not defined or imported
C:\gh\azure-sdk-for-net\sdk\signalr\Microsoft.Azure.Management.SignalR\tests\Tests\SignalRTests.cs(136,17): error CS0518: Predefined type 'System.Object' is not defined or imported
C:\gh\azure-sdk-for-net\sdk\signalr\Microsoft.Azure.Management.SignalR\tests\Tests\SignalRTests.cs(136,17): error CS0103: The name 'Assert' does not exist in the current context
C:\gh\azure-sdk-for-net\sdk\signalr\Microsoft.Azure.Management.SignalR\tests\Tests\SignalRTests.cs(136,30): error CS0518: Predefined type 'System.String' is not defined or imported
C:\gh\azure-sdk-for-net\sdk\signalr\Microsoft.Azure.Management.SignalR\tests\Tests\SignalRTests.cs(136,57): error CS0518: Predefined type 'System.String' is not defined or imported
C:\gh\azure-sdk-for-net\sdk\signalr\Microsoft.Azure.Management.SignalR\tests\Tests\SignalRTests.cs(137,17): error CS0518: Predefined type 'System.Object' is not defined or imported
C:\gh\azure-sdk-for-net\sdk\signalr\Microsoft.Azure.Management.SignalR\tests\Tests\SignalRTests.cs(137,17): error CS0103: The name 'Assert' does not exist in the current context
C:\gh\azure-sdk-for-net\sdk\signalr\Microsoft.Azure.Management.SignalR\tests\Tests\SignalRTests.cs(137,30): error CS0518: Predefined type 'System.String' is not defined or imported
C:\gh\azure-sdk-for-net\sdk\signalr\Microsoft.Azure.Management.SignalR\tests\Tests\SignalRTests.cs(137,48): error CS0518: Predefined type 'System.String' is not defined or imported
C:\gh\azure-sdk-for-net\sdk\signalr\Microsoft.Azure.Management.SignalR\tests\Tests\SignalRTests.cs(138,17): error CS0518: Predefined type 'System.Object' is not defined or imported
C:\gh\azure-sdk-for-net\sdk\signalr\Microsoft.Azure.Management.SignalR\tests\Tests\SignalRTests.cs(138,17): error CS0103: The name 'Assert' does not exist in the current context
C:\gh\azure-sdk-for-net\sdk\signalr\Microsoft.Azure.Management.SignalR\tests\Tests\SignalRTests.cs(138,52): error CS0518: Predefined type 'System.Nullable`1' is not defined or imported
C:\gh\azure-sdk-for-net\sdk\signalr\Microsoft.Azure.Management.SignalR\tests\Tests\SignalRTests.cs(142,17): error CS0518: Predefined type 'System.Object' is not defined or imported
C:\gh\azure-sdk-for-net\sdk\signalr\Microsoft.Azure.Management.SignalR\tests\Tests\SignalRTests.cs(142,17): error CS0103: The name 'Assert' does not exist in the current context
C:\gh\azure-sdk-for-net\sdk\signalr\Microsoft.Azure.Management.SignalR\tests\Tests\SignalRTests.cs(142,30): error CS0518: Predefined type 'System.Object' is not defined or imported
C:\gh\azure-sdk-for-net\sdk\signalr\Microsoft.Azure.Management.SignalR\tests\Tests\SignalRTests.cs(142,45): error CS0518: Predefined type 'System.String' is not defined or imported
C:\gh\azure-sdk-for-net\sdk\signalr\Microsoft.Azure.Management.SignalR\tests\Tests\SignalRTests.cs(142,63): error CS0518: Predefined type 'System.String' is not defined or imported
C:\gh\azure-sdk-for-net\sdk\signalr\Microsoft.Azure.Management.SignalR\tests\Tests\SignalRTests.cs(143,17): error CS0518: Predefined type 'System.Object' is not defined or imported
C:\gh\azure-sdk-for-net\sdk\signalr\Microsoft.Azure.Management.SignalR\tests\Tests\SignalRTests.cs(143,17): error CS0103: The name 'Assert' does not exist in the current context
C:\gh\azure-sdk-for-net\sdk\signalr\Microsoft.Azure.Management.SignalR\tests\Tests\SignalRTests.cs(143,30): error CS0518: Predefined type 'System.String' is not defined or imported
C:\gh\azure-sdk-for-net\sdk\signalr\Microsoft.Azure.Management.SignalR\tests\Tests\SignalRTests.cs(143,53): error CS0518: Predefined type 'System.String' is not defined or imported
C:\gh\azure-sdk-for-net\sdk\signalr\Microsoft.Azure.Management.SignalR\tests\Tests\SignalRTests.cs(144,17): error CS0518: Predefined type 'System.Object' is not defined or imported
C:\gh\azure-sdk-for-net\sdk\signalr\Microsoft.Azure.Management.SignalR\tests\Tests\SignalRTests.cs(144,17): error CS0103: The name 'Assert' does not exist in the current context
C:\gh\azure-sdk-for-net\sdk\signalr\Microsoft.Azure.Management.SignalR\tests\Tests\SignalRTests.cs(144,30): error CS0518: Predefined type 'System.String' is not defined or imported
C:\gh\azure-sdk-for-net\sdk\signalr\Microsoft.Azure.Management.SignalR\tests\Tests\SignalRTests.cs(144,48): error CS0518: Predefined type 'System.String' is not defined or imported
C:\gh\azure-sdk-for-net\sdk\signalr\Microsoft.Azure.Management.SignalR\tests\Tests\SignalRTests.cs(145,17): error CS0518: Predefined type 'System.Object' is not defined or imported
C:\gh\azure-sdk-for-net\sdk\signalr\Microsoft.Azure.Management.SignalR\tests\Tests\SignalRTests.cs(145,17): error CS0103: The name 'Assert' does not exist in the current context
C:\gh\azure-sdk-for-net\sdk\signalr\Microsoft.Azure.Management.SignalR\tests\Tests\SignalRTests.cs(145,52): error CS0518: Predefined type 'System.Nullable`1' is not defined or imported
C:\gh\azure-sdk-for-net\sdk\signalr\Microsoft.Azure.Management.SignalR\tests\Tests\SignalRTests.cs(147,13): error CS0518: Predefined type 'System.Object' is not defined or imported
C:\gh\azure-sdk-for-net\sdk\signalr\Microsoft.Azure.Management.SignalR\tests\Tests\SignalRTests.cs(147,13): error CS0103: The name 'Assert' does not exist in the current context
C:\gh\azure-sdk-for-net\sdk\signalr\Microsoft.Azure.Management.SignalR\tests\Tests\SignalRTests.cs(147,26): error CS0518: Predefined type 'System.Object' is not defined or imported
C:\gh\azure-sdk-for-net\sdk\signalr\Microsoft.Azure.Management.SignalR\tests\Tests\SignalRTests.cs(147,44): error CS0518: Predefined type 'System.String' is not defined or imported
C:\gh\azure-sdk-for-net\sdk\signalr\Microsoft.Azure.Management.SignalR\tests\Tests\SignalRTests.cs(147,63): error CS0518: Predefined type 'System.String' is not defined or imported
C:\gh\azure-sdk-for-net\sdk\signalr\Microsoft.Azure.Management.SignalR\tests\Tests\SignalRTests.cs(148,13): error CS0518: Predefined type 'System.Object' is not defined or imported
C:\gh\azure-sdk-for-net\sdk\signalr\Microsoft.Azure.Management.SignalR\tests\Tests\SignalRTests.cs(148,13): error CS0103: The name 'Assert' does not exist in the current context
C:\gh\azure-sdk-for-net\sdk\signalr\Microsoft.Azure.Management.SignalR\tests\Tests\SignalRTests.cs(148,37): error CS0518: Predefined type 'System.String' is not defined or imported
C:\gh\azure-sdk-for-net\sdk\signalr\Microsoft.Azure.Management.SignalR\tests\Tests\SignalRTests.cs(149,13): error CS0518: Predefined type 'System.Object' is not defined or imported
C:\gh\azure-sdk-for-net\sdk\signalr\Microsoft.Azure.Management.SignalR\tests\Tests\SignalRTests.cs(149,13): error CS0103: The name 'Assert' does not exist in the current context
C:\gh\azure-sdk-for-net\sdk\signalr\Microsoft.Azure.Management.SignalR\tests\Tests\SignalRTests.cs(149,37): error CS0518: Predefined type 'System.String' is not defined or imported
C:\gh\azure-sdk-for-net\sdk\signalr\Microsoft.Azure.Management.SignalR\tests\Tests\SignalRTests.cs(150,13): error CS0518: Predefined type 'System.Object' is not defined or imported
C:\gh\azure-sdk-for-net\sdk\signalr\Microsoft.Azure.Management.SignalR\tests\Tests\SignalRTests.cs(150,13): error CS0103: The name 'Assert' does not exist in the current context
C:\gh\azure-sdk-for-net\sdk\signalr\Microsoft.Azure.Management.SignalR\tests\Tests\SignalRTests.cs(150,36): error CS0518: Predefined type 'System.Nullable`1' is not defined or imported
C:\gh\azure-sdk-for-net\sdk\signalr\Microsoft.Azure.Management.SignalR\tests\Tests\SignalRTests.cs(151,13): error CS0518: Predefined type 'System.Object' is not defined or imported
C:\gh\azure-sdk-for-net\sdk\signalr\Microsoft.Azure.Management.SignalR\tests\Tests\SignalRTests.cs(151,13): error CS0103: The name 'Assert' does not exist in the current context
C:\gh\azure-sdk-for-net\sdk\signalr\Microsoft.Azure.Management.SignalR\tests\Tests\SignalRTests.cs(151,36): error CS0518: Predefined type 'System.Nullable`1' is not defined or imported
C:\gh\azure-sdk-for-net\sdk\signalr\Microsoft.Azure.Management.SignalR\tests\Tests\SignalRTests.cs(152,13): error CS0518: Predefined type 'System.Object' is not defined or imported
C:\gh\azure-sdk-for-net\sdk\signalr\Microsoft.Azure.Management.SignalR\tests\Tests\SignalRTests.cs(152,13): error CS0103: The name 'Assert' does not exist in the current context
C:\gh\azure-sdk-for-net\sdk\signalr\Microsoft.Azure.Management.SignalR\tests\Tests\SignalRTests.cs(152,37): error CS0518: Predefined type 'System.String' is not defined or imported
C:\gh\azure-sdk-for-net\sdk\signalr\Microsoft.Azure.Management.SignalR\tests\Tests\SignalRTests.cs(153,13): error CS0518: Predefined type 'System.Object' is not defined or imported
C:\gh\azure-sdk-for-net\sdk\signalr\Microsoft.Azure.Management.SignalR\tests\Tests\SignalRTests.cs(153,13): error CS0103: The name 'Assert' does not exist in the current context
C:\gh\azure-sdk-for-net\sdk\signalr\Microsoft.Azure.Management.SignalR\tests\Tests\SignalRTests.cs(153,26): error CS0518: Predefined type 'System.Int32' is not defined or imported
C:\gh\azure-sdk-for-net\sdk\signalr\Microsoft.Azure.Management.SignalR\tests\Tests\SignalRTests.cs(153,37): error CS0246: The type or namespace name 'IList<>' could not be found (are you missing a using directive or an assembly reference?)
C:\gh\azure-sdk-for-net\sdk\signalr\Microsoft.Azure.Management.SignalR\tests\Tests\SignalRTests.cs(154,13): error CS0518: Predefined type 'System.Object' is not defined or imported
C:\gh\azure-sdk-for-net\sdk\signalr\Microsoft.Azure.Management.SignalR\tests\Tests\SignalRTests.cs(154,13): error CS0103: The name 'Assert' does not exist in the current context
C:\gh\azure-sdk-for-net\sdk\signalr\Microsoft.Azure.Management.SignalR\tests\Tests\SignalRTests.cs(154,26): error CS0518: Predefined type 'System.String' is not defined or imported
C:\gh\azure-sdk-for-net\sdk\signalr\Microsoft.Azure.Management.SignalR\tests\Tests\SignalRTests.cs(154,45): error CS0246: The type or namespace name 'IList<>' could not be found (are you missing a using directive or an assembly reference?)
C:\gh\azure-sdk-for-net\sdk\signalr\Microsoft.Azure.Management.SignalR\tests\Tests\SignalRTests.cs(155,13): error CS0518: Predefined type 'System.Object' is not defined or imported
C:\gh\azure-sdk-for-net\sdk\signalr\Microsoft.Azure.Management.SignalR\tests\Tests\SignalRTests.cs(155,13): error CS0103: The name 'Assert' does not exist in the current context
C:\gh\azure-sdk-for-net\sdk\signalr\Microsoft.Azure.Management.SignalR\tests\Tests\SignalRTests.cs(155,26): error CS0518: Predefined type 'System.Int32' is not defined or imported
C:\gh\azure-sdk-for-net\sdk\signalr\Microsoft.Azure.Management.SignalR\tests\Tests\SignalRTests.cs(155,42): error CS0246: The type or namespace name 'IList<>' could not be found (are you missing a using directive or an assembly reference?)
C:\gh\azure-sdk-for-net\sdk\signalr\Microsoft.Azure.Management.SignalR\tests\Tests\SignalRTests.cs(156,13): error CS0518: Predefined type 'System.Object' is not defined or imported
C:\gh\azure-sdk-for-net\sdk\signalr\Microsoft.Azure.Management.SignalR\tests\Tests\SignalRTests.cs(156,13): error CS0103: The name 'Assert' does not exist in the current context
C:\gh\azure-sdk-for-net\sdk\signalr\Microsoft.Azure.Management.SignalR\tests\Tests\SignalRTests.cs(156,26): error CS0518: Predefined type 'System.String' is not defined or imported
C:\gh\azure-sdk-for-net\sdk\signalr\Microsoft.Azure.Management.SignalR\tests\Tests\SignalRTests.cs(156,44): error CS0246: The type or namespace name 'IList<>' could not be found (are you missing a using directive or an assembly reference?)
C:\gh\azure-sdk-for-net\sdk\signalr\Microsoft.Azure.Management.SignalR\tests\Tests\SignalRTests.cs(157,13): error CS0518: Predefined type 'System.Object' is not defined or imported
C:\gh\azure-sdk-for-net\sdk\signalr\Microsoft.Azure.Management.SignalR\tests\Tests\SignalRTests.cs(157,13): error CS0103: The name 'Assert' does not exist in the current context
C:\gh\azure-sdk-for-net\sdk\signalr\Microsoft.Azure.Management.SignalR\tests\Tests\SignalRTests.cs(157,26): error CS0518: Predefined type 'System.String' is not defined or imported
C:\gh\azure-sdk-for-net\sdk\signalr\Microsoft.Azure.Management.SignalR\tests\Tests\SignalRTests.cs(157,45): error CS0518: Predefined type 'System.String' is not defined or imported
C:\gh\azure-sdk-for-net\sdk\signalr\Microsoft.Azure.Management.SignalR\tests\Tests\SignalRTests.cs(158,13): error CS0518: Predefined type 'System.Object' is not defined or imported
C:\gh\azure-sdk-for-net\sdk\signalr\Microsoft.Azure.Management.SignalR\tests\Tests\SignalRTests.cs(158,13): error CS0103: The name 'Assert' does not exist in the current context
C:\gh\azure-sdk-for-net\sdk\signalr\Microsoft.Azure.Management.SignalR\tests\Tests\SignalRTests.cs(158,26): error CS0518: Predefined type 'System.Int32' is not defined or imported
C:\gh\azure-sdk-for-net\sdk\signalr\Microsoft.Azure.Management.SignalR\tests\Tests\SignalRTests.cs(158,46): error CS0246: The type or namespace name 'IList<>' could not be found (are you missing a using directive or an assembly reference?)
C:\gh\azure-sdk-for-net\sdk\signalr\Microsoft.Azure.Management.SignalR\tests\Tests\SignalRTests.cs(161,42): error CS0246: The type or namespace name 'IPage<>' could not be found (are you missing a using directive or an assembly reference?)
C:\gh\azure-sdk-for-net\sdk\signalr\Microsoft.Azure.Management.SignalR\tests\Tests\SignalRTests.cs(162,13): error CS0518: Predefined type 'System.Object' is not defined or imported
C:\gh\azure-sdk-for-net\sdk\signalr\Microsoft.Azure.Management.SignalR\tests\Tests\SignalRTests.cs(162,13): error CS0103: The name 'Assert' does not exist in the current context
C:\gh\azure-sdk-for-net\sdk\signalr\Microsoft.Azure.Management.SignalR\tests\Tests\SignalRTests.cs(164,13): error CS0518: Predefined type 'System.Object' is not defined or imported
C:\gh\azure-sdk-for-net\sdk\signalr\Microsoft.Azure.Management.SignalR\tests\Tests\SignalRTests.cs(164,34): error CS0518: Predefined type 'System.Object' is not defined or imported
C:\gh\azure-sdk-for-net\sdk\signalr\Microsoft.Azure.Management.SignalR\tests\Tests\SignalRTests.cs(167,77): error CS0518: Predefined type 'System.String' is not defined or imported
C:\gh\azure-sdk-for-net\sdk\signalr\Microsoft.Azure.Management.SignalR\tests\Tests\SignalRTests.cs(167,23): error CS0518: Predefined type 'System.String' is not defined or imported
C:\gh\azure-sdk-for-net\sdk\signalr\Microsoft.Azure.Management.SignalR\tests\Tests\SignalRTests.cs(168,13): error CS0518: Predefined type 'System.Object' is not defined or imported
C:\gh\azure-sdk-for-net\sdk\signalr\Microsoft.Azure.Management.SignalR\tests\Tests\SignalRTests.cs(168,34): error CS0518: Predefined type 'System.Object' is not defined or imported
C:\gh\azure-sdk-for-net\sdk\signalr\Microsoft.Azure.Management.SignalR\tests\Tests\SignalRTests.cs(171,83): error CS0518: Predefined type 'System.String' is not defined or imported
C:\gh\azure-sdk-for-net\sdk\signalr\Microsoft.Azure.Management.SignalR\tests\Tests\SignalRTests.cs(171,24): error CS0518: Predefined type 'System.String' is not defined or imported
C:\gh\azure-sdk-for-net\sdk\signalr\Microsoft.Azure.Management.SignalR\tests\Tests\SignalRTests.cs(172,13): error CS0518: Predefined type 'System.Object' is not defined or imported
C:\gh\azure-sdk-for-net\sdk\signalr\Microsoft.Azure.Management.SignalR\tests\Tests\SignalRTests.cs(172,13): error CS0103: The name 'Assert' does not exist in the current context
C:\gh\azure-sdk-for-net\sdk\signalr\Microsoft.Azure.Management.SignalR\tests\Tests\SignalRTests.cs(173,13): error CS0518: Predefined type 'System.Object' is not defined or imported
C:\gh\azure-sdk-for-net\sdk\signalr\Microsoft.Azure.Management.SignalR\tests\Tests\SignalRTests.cs(173,13): error CS0103: The name 'Assert' does not exist in the current context
C:\gh\azure-sdk-for-net\sdk\signalr\Microsoft.Azure.Management.SignalR\tests\Tests\SignalRTests.cs(173,34): error CS0518: Predefined type 'System.String' is not defined or imported
C:\gh\azure-sdk-for-net\sdk\signalr\Microsoft.Azure.Management.SignalR\tests\Tests\SignalRTests.cs(174,13): error CS0518: Predefined type 'System.Object' is not defined or imported
C:\gh\azure-sdk-for-net\sdk\signalr\Microsoft.Azure.Management.SignalR\tests\Tests\SignalRTests.cs(174,13): error CS0103: The name 'Assert' does not exist in the current context
C:\gh\azure-sdk-for-net\sdk\signalr\Microsoft.Azure.Management.SignalR\tests\Tests\SignalRTests.cs(174,34): error CS0518: Predefined type 'System.String' is not defined or imported
C:\gh\azure-sdk-for-net\sdk\signalr\Microsoft.Azure.Management.SignalR\tests\Tests\SignalRTests.cs(175,13): error CS0518: Predefined type 'System.Object' is not defined or imported
C:\gh\azure-sdk-for-net\sdk\signalr\Microsoft.Azure.Management.SignalR\tests\Tests\SignalRTests.cs(175,13): error CS0103: The name 'Assert' does not exist in the current context
C:\gh\azure-sdk-for-net\sdk\signalr\Microsoft.Azure.Management.SignalR\tests\Tests\SignalRTests.cs(175,34): error CS0518: Predefined type 'System.String' is not defined or imported
C:\gh\azure-sdk-for-net\sdk\signalr\Microsoft.Azure.Management.SignalR\tests\Tests\SignalRTests.cs(176,13): error CS0518: Predefined type 'System.Object' is not defined or imported
C:\gh\azure-sdk-for-net\sdk\signalr\Microsoft.Azure.Management.SignalR\tests\Tests\SignalRTests.cs(176,13): error CS0103: The name 'Assert' does not exist in the current context
C:\gh\azure-sdk-for-net\sdk\signalr\Microsoft.Azure.Management.SignalR\tests\Tests\SignalRTests.cs(176,34): error CS0518: Predefined type 'System.String' is not defined or imported
C:\gh\azure-sdk-for-net\sdk\signalr\Microsoft.Azure.Management.SignalR\tests\Tests\SignalRTests.cs(179,24): error CS0518: Predefined type 'System.Boolean' is not defined or imported
C:\gh\azure-sdk-for-net\sdk\signalr\Microsoft.Azure.Management.SignalR\tests\Tests\SignalRTests.cs(179,37): error CS0518: Predefined type 'System.Int32' is not defined or imported
C:\gh\azure-sdk-for-net\sdk\signalr\Microsoft.Azure.Management.SignalR\tests\Tests\SignalRTests.cs(179,41): error CS0518: Predefined type 'System.Int32' is not defined or imported
C:\gh\azure-sdk-for-net\sdk\signalr\Microsoft.Azure.Management.SignalR\tests\Tests\SignalRTests.cs(180,80): error CS0518: Predefined type 'System.String' is not defined or imported
C:\gh\azure-sdk-for-net\sdk\signalr\Microsoft.Azure.Management.SignalR\tests\Tests\SignalRTests.cs(180,90): error CS0518: Predefined type 'System.Object' is not defined or imported
C:\gh\azure-sdk-for-net\sdk\signalr\Microsoft.Azure.Management.SignalR\tests\Tests\SignalRTests.cs(180,90): error CS0518: Predefined type 'System.Void' is not defined or imported
C:\gh\azure-sdk-for-net\sdk\signalr\Microsoft.Azure.Management.SignalR\tests\Tests\SignalRTests.cs(182,17): error CS0246: The type or namespace name 'IDictionary<,>' could not be found (are you missing a using directive or an assembly reference?)
C:\gh\azure-sdk-for-net\sdk\signalr\Microsoft.Azure.Management.SignalR\tests\Tests\SignalRTests.cs(182,24): error CS0518: Predefined type 'System.Object' is not defined or imported
C:\gh\azure-sdk-for-net\sdk\signalr\Microsoft.Azure.Management.SignalR\tests\Tests\SignalRTests.cs(183,17): error CS0518: Predefined type 'System.Void' is not defined or imported
C:\gh\azure-sdk-for-net\sdk\signalr\Microsoft.Azure.Management.SignalR\tests\Tests\SignalRTests.cs(183,27): error CS0518: Predefined type 'System.Object' is not defined or imported
C:\gh\azure-sdk-for-net\sdk\signalr\Microsoft.Azure.Management.SignalR\tests\Tests\SignalRTests.cs(183,27): error CS0518: Predefined type 'System.Void' is not defined or imported
C:\gh\azure-sdk-for-net\sdk\signalr\Microsoft.Azure.Management.SignalR\tests\Tests\SignalRTests.cs(185,21): error CS0518: Predefined type 'System.String' is not defined or imported
C:\gh\azure-sdk-for-net\sdk\signalr\Microsoft.Azure.Management.SignalR\tests\Tests\SignalRTests.cs(185,28): error CS0518: Predefined type 'System.Boolean' is not defined or imported
C:\gh\azure-sdk-for-net\sdk\signalr\Microsoft.Azure.Management.SignalR\tests\Tests\SignalRTests.cs(185,41): error CS0518: Predefined type 'System.String' is not defined or imported
C:\gh\azure-sdk-for-net\sdk\signalr\Microsoft.Azure.Management.SignalR\tests\Tests\SignalRTests.cs(185,53): error CS0518: Predefined type 'System.String' is not defined or imported
C:\gh\azure-sdk-for-net\sdk\signalr\Microsoft.Azure.Management.SignalR\tests\Tests\SignalRTests.cs(186,21): error CS0518: Predefined type 'System.String' is not defined or imported
C:\gh\azure-sdk-for-net\sdk\signalr\Microsoft.Azure.Management.SignalR\tests\Tests\SignalRTests.cs(186,28): error CS0518: Predefined type 'System.Boolean' is not defined or imported
C:\gh\azure-sdk-for-net\sdk\signalr\Microsoft.Azure.Management.SignalR\tests\Tests\SignalRTests.cs(186,41): error CS0518: Predefined type 'System.String' is not defined or imported
C:\gh\azure-sdk-for-net\sdk\signalr\Microsoft.Azure.Management.SignalR\tests\Tests\SignalRTests.cs(186,50): error CS0518: Predefined type 'System.String' is not defined or imported
C:\gh\azure-sdk-for-net\sdk\signalr\Microsoft.Azure.Management.SignalR\tests\Tests\SignalRTests.cs(187,21): error CS0518: Predefined type 'System.String' is not defined or imported
C:\gh\azure-sdk-for-net\sdk\signalr\Microsoft.Azure.Management.SignalR\tests\Tests\SignalRTests.cs(187,28): error CS0518: Predefined type 'System.Boolean' is not defined or imported
C:\gh\azure-sdk-for-net\sdk\signalr\Microsoft.Azure.Management.SignalR\tests\Tests\SignalRTests.cs(187,41): error CS0518: Predefined type 'System.String' is not defined or imported
C:\gh\azure-sdk-for-net\sdk\signalr\Microsoft.Azure.Management.SignalR\tests\Tests\SignalRTests.cs(187,48): error CS0518: Predefined type 'System.String' is not defined or imported
C:\gh\azure-sdk-for-net\sdk\signalr\Microsoft.Azure.Management.SignalR\tests\Tests\SignalRTests.cs(188,21): error CS0518: Predefined type 'System.Nullable`1' is not defined or imported
C:\gh\azure-sdk-for-net\sdk\signalr\Microsoft.Azure.Management.SignalR\tests\Tests\SignalRTests.cs(190,17): error CS0518: Predefined type 'System.String' is not defined or imported
C:\gh\azure-sdk-for-net\sdk\signalr\Microsoft.Azure.Management.SignalR\tests\Tests\SignalRTests.cs(190,34): error CS0518: Predefined type 'System.Object' is not defined or imported
C:\gh\azure-sdk-for-net\sdk\signalr\Microsoft.Azure.Management.SignalR\tests\Tests\SignalRTests.cs(190,34): error CS0103: The name 'TestUtilities' does not exist in the current context
C:\gh\azure-sdk-for-net\sdk\signalr\Microsoft.Azure.Management.SignalR\tests\Tests\SignalRTests.cs(190,61): error CS0518: Predefined type 'System.String' is not defined or imported
C:\gh\azure-sdk-for-net\sdk\signalr\Microsoft.Azure.Management.SignalR\tests\Tests\SignalRTests.cs(191,17): error CS0246: The type or namespace name 'IList<>' could not be found (are you missing a using directive or an assembly reference?)
C:\gh\azure-sdk-for-net\sdk\signalr\Microsoft.Azure.Management.SignalR\tests\Tests\SignalRTests.cs(191,32): error CS0518: Predefined type 'System.Object' is not defined or imported
C:\gh\azure-sdk-for-net\sdk\signalr\Microsoft.Azure.Management.SignalR\tests\Tests\SignalRTests.cs(191,32): error CS0246: The type or namespace name 'List<>' could not be found (are you missing a using directive or an assembly reference?)
C:\gh\azure-sdk-for-net\sdk\signalr\Microsoft.Azure.Management.SignalR\tests\Tests\SignalRTests.cs(191,37): error CS0518: Predefined type 'System.Object' is not defined or imported
C:\gh\azure-sdk-for-net\sdk\signalr\Microsoft.Azure.Management.SignalR\tests\Tests\SignalRTests.cs(192,29): error CS0518: Predefined type 'System.Object' is not defined or imported
C:\gh\azure-sdk-for-net\sdk\signalr\Microsoft.Azure.Management.SignalR\tests\Tests\SignalRTests.cs(192,29): error CS0518: Predefined type 'System.Void' is not defined or imported
C:\gh\azure-sdk-for-net\sdk\signalr\Microsoft.Azure.Management.SignalR\tests\Tests\SignalRTests.cs(192,46): error CS0518: Predefined type 'System.String' is not defined or imported
C:\gh\azure-sdk-for-net\sdk\signalr\Microsoft.Azure.Management.SignalR\tests\Tests\SignalRTests.cs(192,54): error CS0518: Predefined type 'System.String' is not defined or imported
C:\gh\azure-sdk-for-net\sdk\signalr\Microsoft.Azure.Management.SignalR\tests\Tests\SignalRTests.cs(194,17): error CS0518: Predefined type 'System.Void' is not defined or imported
C:\gh\azure-sdk-for-net\sdk\signalr\Microsoft.Azure.Management.SignalR\tests\Tests\SignalRTests.cs(194,28): error CS0518: Predefined type 'System.Object' is not defined or imported
C:\gh\azure-sdk-for-net\sdk\signalr\Microsoft.Azure.Management.SignalR\tests\Tests\SignalRTests.cs(194,28): error CS0518: Predefined type 'System.Void' is not defined or imported
C:\gh\azure-sdk-for-net\sdk\signalr\Microsoft.Azure.Management.SignalR\tests\Tests\SignalRTests.cs(196,21): error CS0246: The type or namespace name 'IList<>' could not be found (are you missing a using directive or an assembly reference?)
C:\gh\azure-sdk-for-net\sdk\signalr\Microsoft.Azure.Management.SignalR\tests\Tests\SignalRTests.cs(196,42): error CS0518: Predefined type 'System.Object' is not defined or imported
C:\gh\azure-sdk-for-net\sdk\signalr\Microsoft.Azure.Management.SignalR\tests\Tests\SignalRTests.cs(196,42): error CS0246: The type or namespace name 'List<>' could not be found (are you missing a using directive or an assembly reference?)
C:\gh\azure-sdk-for-net\sdk\signalr\Microsoft.Azure.Management.SignalR\tests\Tests\SignalRTests.cs(196,47): error CS0518: Predefined type 'System.String' is not defined or imported
C:\gh\azure-sdk-for-net\sdk\signalr\Microsoft.Azure.Management.SignalR\tests\Tests\SignalRTests.cs(198,29): error CS0518: Predefined type 'System.String' is not defined or imported
C:\gh\azure-sdk-for-net\sdk\signalr\Microsoft.Azure.Management.SignalR\tests\Tests\SignalRTests.cs(199,29): error CS0518: Predefined type 'System.String' is not defined or imported
C:\gh\azure-sdk-for-net\sdk\signalr\Microsoft.Azure.Management.SignalR\tests\Tests\SignalRTests.cs(180,23): error CS0518: Predefined type 'System.String' is not defined or imported
C:\gh\azure-sdk-for-net\sdk\signalr\Microsoft.Azure.Management.SignalR\tests\Tests\SignalRTests.cs(205,13): error CS0518: Predefined type 'System.Object' is not defined or imported
C:\gh\azure-sdk-for-net\sdk\signalr\Microsoft.Azure.Management.SignalR\tests\Tests\SignalRTests.cs(205,34): error CS0518: Predefined type 'System.Object' is not defined or imported
C:\gh\azure-sdk-for-net\sdk\signalr\Microsoft.Azure.Management.SignalR\tests\Tests\SignalRTests.cs(206,13): error CS0518: Predefined type 'System.Object' is not defined or imported
C:\gh\azure-sdk-for-net\sdk\signalr\Microsoft.Azure.Management.SignalR\tests\Tests\SignalRTests.cs(206,13): error CS0103: The name 'Assert' does not exist in the current context
C:\gh\azure-sdk-for-net\sdk\signalr\Microsoft.Azure.Management.SignalR\tests\Tests\SignalRTests.cs(207,17): error CS0518: Predefined type 'System.Boolean' is not defined or imported
C:\gh\azure-sdk-for-net\sdk\signalr\Microsoft.Azure.Management.SignalR\tests\Tests\SignalRTests.cs(209,17): error CS0518: Predefined type 'System.Object' is not defined or imported
C:\gh\azure-sdk-for-net\sdk\signalr\Microsoft.Azure.Management.SignalR\tests\Tests\SignalRTests.cs(209,17): error CS0103: The name 'Assert' does not exist in the current context
C:\gh\azure-sdk-for-net\sdk\signalr\Microsoft.Azure.Management.SignalR\tests\Tests\SignalRTests.cs(209,30): error CS0518: Predefined type 'System.Object' is not defined or imported
C:\gh\azure-sdk-for-net\sdk\signalr\Microsoft.Azure.Management.SignalR\tests\Tests\SignalRTests.cs(209,45): error CS0518: Predefined type 'System.String' is not defined or imported
C:\gh\azure-sdk-for-net\sdk\signalr\Microsoft.Azure.Management.SignalR\tests\Tests\SignalRTests.cs(209,63): error CS0518: Predefined type 'System.String' is not defined or imported
C:\gh\azure-sdk-for-net\sdk\signalr\Microsoft.Azure.Management.SignalR\tests\Tests\SignalRTests.cs(210,17): error CS0518: Predefined type 'System.Object' is not defined or imported
C:\gh\azure-sdk-for-net\sdk\signalr\Microsoft.Azure.Management.SignalR\tests\Tests\SignalRTests.cs(210,17): error CS0103: The name 'Assert' does not exist in the current context
C:\gh\azure-sdk-for-net\sdk\signalr\Microsoft.Azure.Management.SignalR\tests\Tests\SignalRTests.cs(210,30): error CS0518: Predefined type 'System.String' is not defined or imported
C:\gh\azure-sdk-for-net\sdk\signalr\Microsoft.Azure.Management.SignalR\tests\Tests\SignalRTests.cs(210,53): error CS0518: Predefined type 'System.String' is not defined or imported
C:\gh\azure-sdk-for-net\sdk\signalr\Microsoft.Azure.Management.SignalR\tests\Tests\SignalRTests.cs(211,17): error CS0518: Predefined type 'System.Object' is not defined or imported
C:\gh\azure-sdk-for-net\sdk\signalr\Microsoft.Azure.Management.SignalR\tests\Tests\SignalRTests.cs(211,17): error CS0103: The name 'Assert' does not exist in the current context
C:\gh\azure-sdk-for-net\sdk\signalr\Microsoft.Azure.Management.SignalR\tests\Tests\SignalRTests.cs(211,30): error CS0518: Predefined type 'System.String' is not defined or imported
C:\gh\azure-sdk-for-net\sdk\signalr\Microsoft.Azure.Management.SignalR\tests\Tests\SignalRTests.cs(211,48): error CS0518: Predefined type 'System.String' is not defined or imported
C:\gh\azure-sdk-for-net\sdk\signalr\Microsoft.Azure.Management.SignalR\tests\Tests\SignalRTests.cs(212,17): error CS0518: Predefined type 'System.Object' is not defined or imported
C:\gh\azure-sdk-for-net\sdk\signalr\Microsoft.Azure.Management.SignalR\tests\Tests\SignalRTests.cs(212,17): error CS0103: The name 'Assert' does not exist in the current context
C:\gh\azure-sdk-for-net\sdk\signalr\Microsoft.Azure.Management.SignalR\tests\Tests\SignalRTests.cs(212,52): error CS0518: Predefined type 'System.Nullable`1' is not defined or imported
C:\gh\azure-sdk-for-net\sdk\signalr\Microsoft.Azure.Management.SignalR\tests\Tests\SignalRTests.cs(216,17): error CS0518: Predefined type 'System.Object' is not defined or imported
C:\gh\azure-sdk-for-net\sdk\signalr\Microsoft.Azure.Management.SignalR\tests\Tests\SignalRTests.cs(216,17): error CS0103: The name 'Assert' does not exist in the current context
C:\gh\azure-sdk-for-net\sdk\signalr\Microsoft.Azure.Management.SignalR\tests\Tests\SignalRTests.cs(216,30): error CS0518: Predefined type 'System.Object' is not defined or imported
C:\gh\azure-sdk-for-net\sdk\signalr\Microsoft.Azure.Management.SignalR\tests\Tests\SignalRTests.cs(216,45): error CS0518: Predefined type 'System.String' is not defined or imported
C:\gh\azure-sdk-for-net\sdk\signalr\Microsoft.Azure.Management.SignalR\tests\Tests\SignalRTests.cs(216,67): error CS0518: Predefined type 'System.String' is not defined or imported
C:\gh\azure-sdk-for-net\sdk\signalr\Microsoft.Azure.Management.SignalR\tests\Tests\SignalRTests.cs(217,17): error CS0518: Predefined type 'System.Object' is not defined or imported
C:\gh\azure-sdk-for-net\sdk\signalr\Microsoft.Azure.Management.SignalR\tests\Tests\SignalRTests.cs(217,17): error CS0103: The name 'Assert' does not exist in the current context
C:\gh\azure-sdk-for-net\sdk\signalr\Microsoft.Azure.Management.SignalR\tests\Tests\SignalRTests.cs(217,30): error CS0518: Predefined type 'System.String' is not defined or imported
C:\gh\azure-sdk-for-net\sdk\signalr\Microsoft.Azure.Management.SignalR\tests\Tests\SignalRTests.cs(217,57): error CS0518: Predefined type 'System.String' is not defined or imported
C:\gh\azure-sdk-for-net\sdk\signalr\Microsoft.Azure.Management.SignalR\tests\Tests\SignalRTests.cs(218,17): error CS0518: Predefined type 'System.Object' is not defined or imported
C:\gh\azure-sdk-for-net\sdk\signalr\Microsoft.Azure.Management.SignalR\tests\Tests\SignalRTests.cs(218,17): error CS0103: The name 'Assert' does not exist in the current context
C:\gh\azure-sdk-for-net\sdk\signalr\Microsoft.Azure.Management.SignalR\tests\Tests\SignalRTests.cs(218,30): error CS0518: Predefined type 'System.String' is not defined or imported
C:\gh\azure-sdk-for-net\sdk\signalr\Microsoft.Azure.Management.SignalR\tests\Tests\SignalRTests.cs(218,48): error CS0518: Predefined type 'System.String' is not defined or imported
C:\gh\azure-sdk-for-net\sdk\signalr\Microsoft.Azure.Management.SignalR\tests\Tests\SignalRTests.cs(219,17): error CS0518: Predefined type 'System.Object' is not defined or imported
C:\gh\azure-sdk-for-net\sdk\signalr\Microsoft.Azure.Management.SignalR\tests\Tests\SignalRTests.cs(219,17): error CS0103: The name 'Assert' does not exist in the current context
C:\gh\azure-sdk-for-net\sdk\signalr\Microsoft.Azure.Management.SignalR\tests\Tests\SignalRTests.cs(219,52): error CS0518: Predefined type 'System.Nullable`1' is not defined or imported
C:\gh\azure-sdk-for-net\sdk\signalr\Microsoft.Azure.Management.SignalR\tests\Tests\SignalRTests.cs(221,13): error CS0518: Predefined type 'System.Object' is not defined or imported
C:\gh\azure-sdk-for-net\sdk\signalr\Microsoft.Azure.Management.SignalR\tests\Tests\SignalRTests.cs(221,13): error CS0103: The name 'Assert' does not exist in the current context
C:\gh\azure-sdk-for-net\sdk\signalr\Microsoft.Azure.Management.SignalR\tests\Tests\SignalRTests.cs(221,26): error CS0518: Predefined type 'System.Object' is not defined or imported
C:\gh\azure-sdk-for-net\sdk\signalr\Microsoft.Azure.Management.SignalR\tests\Tests\SignalRTests.cs(221,44): error CS0518: Predefined type 'System.String' is not defined or imported
C:\gh\azure-sdk-for-net\sdk\signalr\Microsoft.Azure.Management.SignalR\tests\Tests\SignalRTests.cs(221,63): error CS0518: Predefined type 'System.String' is not defined or imported
C:\gh\azure-sdk-for-net\sdk\signalr\Microsoft.Azure.Management.SignalR\tests\Tests\SignalRTests.cs(222,13): error CS0518: Predefined type 'System.Object' is not defined or imported
C:\gh\azure-sdk-for-net\sdk\signalr\Microsoft.Azure.Management.SignalR\tests\Tests\SignalRTests.cs(222,13): error CS0103: The name 'Assert' does not exist in the current context
C:\gh\azure-sdk-for-net\sdk\signalr\Microsoft.Azure.Management.SignalR\tests\Tests\SignalRTests.cs(222,37): error CS0518: Predefined type 'System.String' is not defined or imported
C:\gh\azure-sdk-for-net\sdk\signalr\Microsoft.Azure.Management.SignalR\tests\Tests\SignalRTests.cs(223,13): error CS0518: Predefined type 'System.Object' is not defined or imported
C:\gh\azure-sdk-for-net\sdk\signalr\Microsoft.Azure.Management.SignalR\tests\Tests\SignalRTests.cs(223,13): error CS0103: The name 'Assert' does not exist in the current context
C:\gh\azure-sdk-for-net\sdk\signalr\Microsoft.Azure.Management.SignalR\tests\Tests\SignalRTests.cs(223,37): error CS0518: Predefined type 'System.String' is not defined or imported
C:\gh\azure-sdk-for-net\sdk\signalr\Microsoft.Azure.Management.SignalR\tests\Tests\SignalRTests.cs(224,13): error CS0518: Predefined type 'System.Object' is not defined or imported
C:\gh\azure-sdk-for-net\sdk\signalr\Microsoft.Azure.Management.SignalR\tests\Tests\SignalRTests.cs(224,13): error CS0103: The name 'Assert' does not exist in the current context
C:\gh\azure-sdk-for-net\sdk\signalr\Microsoft.Azure.Management.SignalR\tests\Tests\SignalRTests.cs(224,36): error CS0518: Predefined type 'System.Nullable`1' is not defined or imported
C:\gh\azure-sdk-for-net\sdk\signalr\Microsoft.Azure.Management.SignalR\tests\Tests\SignalRTests.cs(225,13): error CS0518: Predefined type 'System.Object' is not defined or imported
C:\gh\azure-sdk-for-net\sdk\signalr\Microsoft.Azure.Management.SignalR\tests\Tests\SignalRTests.cs(225,13): error CS0103: The name 'Assert' does not exist in the current context
C:\gh\azure-sdk-for-net\sdk\signalr\Microsoft.Azure.Management.SignalR\tests\Tests\SignalRTests.cs(225,36): error CS0518: Predefined type 'System.Nullable`1' is not defined or imported
C:\gh\azure-sdk-for-net\sdk\signalr\Microsoft.Azure.Management.SignalR\tests\Tests\SignalRTests.cs(226,13): error CS0518: Predefined type 'System.Object' is not defined or imported
C:\gh\azure-sdk-for-net\sdk\signalr\Microsoft.Azure.Management.SignalR\tests\Tests\SignalRTests.cs(226,13): error CS0103: The name 'Assert' does not exist in the current context
C:\gh\azure-sdk-for-net\sdk\signalr\Microsoft.Azure.Management.SignalR\tests\Tests\SignalRTests.cs(226,37): error CS0518: Predefined type 'System.String' is not defined or imported
C:\gh\azure-sdk-for-net\sdk\signalr\Microsoft.Azure.Management.SignalR\tests\Tests\SignalRTests.cs(227,13): error CS0518: Predefined type 'System.Object' is not defined or imported
C:\gh\azure-sdk-for-net\sdk\signalr\Microsoft.Azure.Management.SignalR\tests\Tests\SignalRTests.cs(227,13): error CS0103: The name 'Assert' does not exist in the current context
C:\gh\azure-sdk-for-net\sdk\signalr\Microsoft.Azure.Management.SignalR\tests\Tests\SignalRTests.cs(227,26): error CS0518: Predefined type 'System.Int32' is not defined or imported
C:\gh\azure-sdk-for-net\sdk\signalr\Microsoft.Azure.Management.SignalR\tests\Tests\SignalRTests.cs(227,37): error CS0246: The type or namespace name 'IList<>' could not be found (are you missing a using directive or an assembly reference?)
C:\gh\azure-sdk-for-net\sdk\signalr\Microsoft.Azure.Management.SignalR\tests\Tests\SignalRTests.cs(228,13): error CS0518: Predefined type 'System.Object' is not defined or imported
C:\gh\azure-sdk-for-net\sdk\signalr\Microsoft.Azure.Management.SignalR\tests\Tests\SignalRTests.cs(228,13): error CS0103: The name 'Assert' does not exist in the current context
C:\gh\azure-sdk-for-net\sdk\signalr\Microsoft.Azure.Management.SignalR\tests\Tests\SignalRTests.cs(228,26): error CS0518: Predefined type 'System.String' is not defined or imported
C:\gh\azure-sdk-for-net\sdk\signalr\Microsoft.Azure.Management.SignalR\tests\Tests\SignalRTests.cs(228,48): error CS0246: The type or namespace name 'IList<>' could not be found (are you missing a using directive or an assembly reference?)
C:\gh\azure-sdk-for-net\sdk\signalr\Microsoft.Azure.Management.SignalR\tests\Tests\SignalRTests.cs(229,13): error CS0518: Predefined type 'System.Object' is not defined or imported
C:\gh\azure-sdk-for-net\sdk\signalr\Microsoft.Azure.Management.SignalR\tests\Tests\SignalRTests.cs(229,13): error CS0103: The name 'Assert' does not exist in the current context
C:\gh\azure-sdk-for-net\sdk\signalr\Microsoft.Azure.Management.SignalR\tests\Tests\SignalRTests.cs(229,26): error CS0518: Predefined type 'System.Int32' is not defined or imported
C:\gh\azure-sdk-for-net\sdk\signalr\Microsoft.Azure.Management.SignalR\tests\Tests\SignalRTests.cs(229,42): error CS0246: The type or namespace name 'IList<>' could not be found (are you missing a using directive or an assembly reference?)
C:\gh\azure-sdk-for-net\sdk\signalr\Microsoft.Azure.Management.SignalR\tests\Tests\SignalRTests.cs(230,13): error CS0518: Predefined type 'System.Object' is not defined or imported
C:\gh\azure-sdk-for-net\sdk\signalr\Microsoft.Azure.Management.SignalR\tests\Tests\SignalRTests.cs(230,13): error CS0103: The name 'Assert' does not exist in the current context
C:\gh\azure-sdk-for-net\sdk\signalr\Microsoft.Azure.Management.SignalR\tests\Tests\SignalRTests.cs(230,26): error CS0518: Predefined type 'System.String' is not defined or imported
C:\gh\azure-sdk-for-net\sdk\signalr\Microsoft.Azure.Management.SignalR\tests\Tests\SignalRTests.cs(230,67): error CS0246: The type or namespace name 'IList<>' could not be found (are you missing a using directive or an assembly reference?)
C:\gh\azure-sdk-for-net\sdk\signalr\Microsoft.Azure.Management.SignalR\tests\Tests\SignalRTests.cs(231,13): error CS0518: Predefined type 'System.Object' is not defined or imported
C:\gh\azure-sdk-for-net\sdk\signalr\Microsoft.Azure.Management.SignalR\tests\Tests\SignalRTests.cs(231,13): error CS0103: The name 'Assert' does not exist in the current context
C:\gh\azure-sdk-for-net\sdk\signalr\Microsoft.Azure.Management.SignalR\tests\Tests\SignalRTests.cs(231,26): error CS0518: Predefined type 'System.String' is not defined or imported
C:\gh\azure-sdk-for-net\sdk\signalr\Microsoft.Azure.Management.SignalR\tests\Tests\SignalRTests.cs(231,62): error CS0246: The type or namespace name 'IList<>' could not be found (are you missing a using directive or an assembly reference?)
C:\gh\azure-sdk-for-net\sdk\signalr\Microsoft.Azure.Management.SignalR\tests\Tests\SignalRTests.cs(234,79): error CS0518: Predefined type 'System.String' is not defined or imported
C:\gh\azure-sdk-for-net\sdk\signalr\Microsoft.Azure.Management.SignalR\tests\Tests\SignalRTests.cs(234,20): error CS0518: Predefined type 'System.String' is not defined or imported
C:\gh\azure-sdk-for-net\sdk\signalr\Microsoft.Azure.Management.SignalR\tests\Tests\SignalRTests.cs(235,13): error CS0518: Predefined type 'System.Object' is not defined or imported
C:\gh\azure-sdk-for-net\sdk\signalr\Microsoft.Azure.Management.SignalR\tests\Tests\SignalRTests.cs(235,13): error CS0103: The name 'Assert' does not exist in the current context
C:\gh\azure-sdk-for-net\sdk\signalr\Microsoft.Azure.Management.SignalR\tests\Tests\SignalRTests.cs(236,13): error CS0518: Predefined type 'System.Object' is not defined or imported
C:\gh\azure-sdk-for-net\sdk\signalr\Microsoft.Azure.Management.SignalR\tests\Tests\SignalRTests.cs(236,13): error CS0103: The name 'Assert' does not exist in the current context
C:\gh\azure-sdk-for-net\sdk\signalr\Microsoft.Azure.Management.SignalR\tests\Tests\SignalRTests.cs(236,34): error CS0518: Predefined type 'System.String' is not defined or imported
C:\gh\azure-sdk-for-net\sdk\signalr\Microsoft.Azure.Management.SignalR\tests\Tests\SignalRTests.cs(237,13): error CS0518: Predefined type 'System.Object' is not defined or imported
C:\gh\azure-sdk-for-net\sdk\signalr\Microsoft.Azure.Management.SignalR\tests\Tests\SignalRTests.cs(237,13): error CS0103: The name 'Assert' does not exist in the current context
C:\gh\azure-sdk-for-net\sdk\signalr\Microsoft.Azure.Management.SignalR\tests\Tests\SignalRTests.cs(237,34): error CS0518: Predefined type 'System.String' is not defined or imported
C:\gh\azure-sdk-for-net\sdk\signalr\Microsoft.Azure.Management.SignalR\tests\Tests\SignalRTests.cs(238,13): error CS0518: Predefined type 'System.Object' is not defined or imported
C:\gh\azure-sdk-for-net\sdk\signalr\Microsoft.Azure.Management.SignalR\tests\Tests\SignalRTests.cs(238,13): error CS0103: The name 'Assert' does not exist in the current context
C:\gh\azure-sdk-for-net\sdk\signalr\Microsoft.Azure.Management.SignalR\tests\Tests\SignalRTests.cs(238,34): error CS0518: Predefined type 'System.String' is not defined or imported
C:\gh\azure-sdk-for-net\sdk\signalr\Microsoft.Azure.Management.SignalR\tests\Tests\SignalRTests.cs(239,13): error CS0518: Predefined type 'System.Object' is not defined or imported
C:\gh\azure-sdk-for-net\sdk\signalr\Microsoft.Azure.Management.SignalR\tests\Tests\SignalRTests.cs(239,13): error CS0103: The name 'Assert' does not exist in the current context
C:\gh\azure-sdk-for-net\sdk\signalr\Microsoft.Azure.Management.SignalR\tests\Tests\SignalRTests.cs(239,34): error CS0518: Predefined type 'System.String' is not defined or imported
C:\gh\azure-sdk-for-net\sdk\signalr\Microsoft.Azure.Management.SignalR\tests\Tests\SignalRTests.cs(242,92): error CS0518: Predefined type 'System.String' is not defined or imported
C:\gh\azure-sdk-for-net\sdk\signalr\Microsoft.Azure.Management.SignalR\tests\Tests\SignalRTests.cs(242,102): error CS0518: Predefined type 'System.Object' is not defined or imported
C:\gh\azure-sdk-for-net\sdk\signalr\Microsoft.Azure.Management.SignalR\tests\Tests\SignalRTests.cs(242,102): error CS0518: Predefined type 'System.Void' is not defined or imported
C:\gh\azure-sdk-for-net\sdk\signalr\Microsoft.Azure.Management.SignalR\tests\Tests\SignalRTests.cs(244,17): error CS0518: Predefined type 'System.String' is not defined or imported
C:\gh\azure-sdk-for-net\sdk\signalr\Microsoft.Azure.Management.SignalR\tests\Tests\SignalRTests.cs(244,27): error CS0518: Predefined type 'System.String' is not defined or imported
C:\gh\azure-sdk-for-net\sdk\signalr\Microsoft.Azure.Management.SignalR\tests\Tests\SignalRTests.cs(242,28): error CS0518: Predefined type 'System.String' is not defined or imported
C:\gh\azure-sdk-for-net\sdk\signalr\Microsoft.Azure.Management.SignalR\tests\Tests\SignalRTests.cs(254,83): error CS0518: Predefined type 'System.String' is not defined or imported
C:\gh\azure-sdk-for-net\sdk\signalr\Microsoft.Azure.Management.SignalR\tests\Tests\SignalRTests.cs(254,24): error CS0518: Predefined type 'System.String' is not defined or imported
C:\gh\azure-sdk-for-net\sdk\signalr\Microsoft.Azure.Management.SignalR\tests\Tests\SignalRTests.cs(255,13): error CS0518: Predefined type 'System.Object' is not defined or imported
C:\gh\azure-sdk-for-net\sdk\signalr\Microsoft.Azure.Management.SignalR\tests\Tests\SignalRTests.cs(255,13): error CS0103: The name 'Assert' does not exist in the current context
C:\gh\azure-sdk-for-net\sdk\signalr\Microsoft.Azure.Management.SignalR\tests\Tests\SignalRTests.cs(256,13): error CS0518: Predefined type 'System.Object' is not defined or imported
C:\gh\azure-sdk-for-net\sdk\signalr\Microsoft.Azure.Management.SignalR\tests\Tests\SignalRTests.cs(256,13): error CS0103: The name 'Assert' does not exist in the current context
C:\gh\azure-sdk-for-net\sdk\signalr\Microsoft.Azure.Management.SignalR\tests\Tests\SignalRTests.cs(256,34): error CS0518: Predefined type 'System.String' is not defined or imported
C:\gh\azure-sdk-for-net\sdk\signalr\Microsoft.Azure.Management.SignalR\tests\Tests\SignalRTests.cs(256,55): error CS0518: Predefined type 'System.String' is not defined or imported
C:\gh\azure-sdk-for-net\sdk\signalr\Microsoft.Azure.Management.SignalR\tests\Tests\SignalRTests.cs(257,13): error CS0518: Predefined type 'System.Object' is not defined or imported
C:\gh\azure-sdk-for-net\sdk\signalr\Microsoft.Azure.Management.SignalR\tests\Tests\SignalRTests.cs(257,13): error CS0103: The name 'Assert' does not exist in the current context
C:\gh\azure-sdk-for-net\sdk\signalr\Microsoft.Azure.Management.SignalR\tests\Tests\SignalRTests.cs(257,34): error CS0518: Predefined type 'System.String' is not defined or imported
C:\gh\azure-sdk-for-net\sdk\signalr\Microsoft.Azure.Management.SignalR\tests\Tests\SignalRTests.cs(257,68): error CS0518: Predefined type 'System.String' is not defined or imported
C:\gh\azure-sdk-for-net\sdk\signalr\Microsoft.Azure.Management.SignalR\tests\Tests\SignalRTests.cs(258,13): error CS0518: Predefined type 'System.Object' is not defined or imported
C:\gh\azure-sdk-for-net\sdk\signalr\Microsoft.Azure.Management.SignalR\tests\Tests\SignalRTests.cs(258,13): error CS0103: The name 'Assert' does not exist in the current context
C:\gh\azure-sdk-for-net\sdk\signalr\Microsoft.Azure.Management.SignalR\tests\Tests\SignalRTests.cs(258,31): error CS0518: Predefined type 'System.String' is not defined or imported
C:\gh\azure-sdk-for-net\sdk\signalr\Microsoft.Azure.Management.SignalR\tests\Tests\SignalRTests.cs(258,54): error CS0518: Predefined type 'System.String' is not defined or imported
C:\gh\azure-sdk-for-net\sdk\signalr\Microsoft.Azure.Management.SignalR\tests\Tests\SignalRTests.cs(259,13): error CS0518: Predefined type 'System.Object' is not defined or imported
C:\gh\azure-sdk-for-net\sdk\signalr\Microsoft.Azure.Management.SignalR\tests\Tests\SignalRTests.cs(259,13): error CS0103: The name 'Assert' does not exist in the current context
C:\gh\azure-sdk-for-net\sdk\signalr\Microsoft.Azure.Management.SignalR\tests\Tests\SignalRTests.cs(259,31): error CS0518: Predefined type 'System.String' is not defined or imported
C:\gh\azure-sdk-for-net\sdk\signalr\Microsoft.Azure.Management.SignalR\tests\Tests\SignalRTests.cs(259,67): error CS0518: Predefined type 'System.String' is not defined or imported
C:\gh\azure-sdk-for-net\sdk\signalr\Microsoft.Azure.Management.SignalR\tests\Tests\SignalRTests.cs(262,92): error CS0518: Predefined type 'System.String' is not defined or imported
C:\gh\azure-sdk-for-net\sdk\signalr\Microsoft.Azure.Management.SignalR\tests\Tests\SignalRTests.cs(262,102): error CS0518: Predefined type 'System.Object' is not defined or imported
C:\gh\azure-sdk-for-net\sdk\signalr\Microsoft.Azure.Management.SignalR\tests\Tests\SignalRTests.cs(262,102): error CS0518: Predefined type 'System.Void' is not defined or imported
C:\gh\azure-sdk-for-net\sdk\signalr\Microsoft.Azure.Management.SignalR\tests\Tests\SignalRTests.cs(264,17): error CS0518: Predefined type 'System.String' is not defined or imported
C:\gh\azure-sdk-for-net\sdk\signalr\Microsoft.Azure.Management.SignalR\tests\Tests\SignalRTests.cs(264,27): error CS0518: Predefined type 'System.String' is not defined or imported
C:\gh\azure-sdk-for-net\sdk\signalr\Microsoft.Azure.Management.SignalR\tests\Tests\SignalRTests.cs(262,28): error CS0518: Predefined type 'System.String' is not defined or imported
C:\gh\azure-sdk-for-net\sdk\signalr\Microsoft.Azure.Management.SignalR\tests\Tests\SignalRTests.cs(274,83): error CS0518: Predefined type 'System.String' is not defined or imported
C:\gh\azure-sdk-for-net\sdk\signalr\Microsoft.Azure.Management.SignalR\tests\Tests\SignalRTests.cs(274,24): error CS0518: Predefined type 'System.String' is not defined or imported
C:\gh\azure-sdk-for-net\sdk\signalr\Microsoft.Azure.Management.SignalR\tests\Tests\SignalRTests.cs(275,13): error CS0518: Predefined type 'System.Object' is not defined or imported
C:\gh\azure-sdk-for-net\sdk\signalr\Microsoft.Azure.Management.SignalR\tests\Tests\SignalRTests.cs(275,13): error CS0103: The name 'Assert' does not exist in the current context
C:\gh\azure-sdk-for-net\sdk\signalr\Microsoft.Azure.Management.SignalR\tests\Tests\SignalRTests.cs(276,13): error CS0518: Predefined type 'System.Object' is not defined or imported
C:\gh\azure-sdk-for-net\sdk\signalr\Microsoft.Azure.Management.SignalR\tests\Tests\SignalRTests.cs(276,13): error CS0103: The name 'Assert' does not exist in the current context
C:\gh\azure-sdk-for-net\sdk\signalr\Microsoft.Azure.Management.SignalR\tests\Tests\SignalRTests.cs(276,35): error CS0518: Predefined type 'System.String' is not defined or imported
C:\gh\azure-sdk-for-net\sdk\signalr\Microsoft.Azure.Management.SignalR\tests\Tests\SignalRTests.cs(276,56): error CS0518: Predefined type 'System.String' is not defined or imported
C:\gh\azure-sdk-for-net\sdk\signalr\Microsoft.Azure.Management.SignalR\tests\Tests\SignalRTests.cs(277,13): error CS0518: Predefined type 'System.Object' is not defined or imported
C:\gh\azure-sdk-for-net\sdk\signalr\Microsoft.Azure.Management.SignalR\tests\Tests\SignalRTests.cs(277,13): error CS0103: The name 'Assert' does not exist in the current context
C:\gh\azure-sdk-for-net\sdk\signalr\Microsoft.Azure.Management.SignalR\tests\Tests\SignalRTests.cs(277,35): error CS0518: Predefined type 'System.String' is not defined or imported
C:\gh\azure-sdk-for-net\sdk\signalr\Microsoft.Azure.Management.SignalR\tests\Tests\SignalRTests.cs(277,69): error CS0518: Predefined type 'System.String' is not defined or imported
C:\gh\azure-sdk-for-net\sdk\signalr\Microsoft.Azure.Management.SignalR\tests\Tests\SignalRTests.cs(278,13): error CS0518: Predefined type 'System.Object' is not defined or imported
C:\gh\azure-sdk-for-net\sdk\signalr\Microsoft.Azure.Management.SignalR\tests\Tests\SignalRTests.cs(278,13): error CS0103: The name 'Assert' does not exist in the current context
C:\gh\azure-sdk-for-net\sdk\signalr\Microsoft.Azure.Management.SignalR\tests\Tests\SignalRTests.cs(278,38): error CS0518: Predefined type 'System.String' is not defined or imported
C:\gh\azure-sdk-for-net\sdk\signalr\Microsoft.Azure.Management.SignalR\tests\Tests\SignalRTests.cs(278,61): error CS0518: Predefined type 'System.String' is not defined or imported
C:\gh\azure-sdk-for-net\sdk\signalr\Microsoft.Azure.Management.SignalR\tests\Tests\SignalRTests.cs(279,13): error CS0518: Predefined type 'System.Object' is not defined or imported
C:\gh\azure-sdk-for-net\sdk\signalr\Microsoft.Azure.Management.SignalR\tests\Tests\SignalRTests.cs(279,13): error CS0103: The name 'Assert' does not exist in the current context
C:\gh\azure-sdk-for-net\sdk\signalr\Microsoft.Azure.Management.SignalR\tests\Tests\SignalRTests.cs(279,38): error CS0518: Predefined type 'System.String' is not defined or imported
C:\gh\azure-sdk-for-net\sdk\signalr\Microsoft.Azure.Management.SignalR\tests\Tests\SignalRTests.cs(279,74): error CS0518: Predefined type 'System.String' is not defined or imported
C:\gh\azure-sdk-for-net\sdk\signalr\Microsoft.Azure.Management.SignalR\tests\Tests\SignalRTests.cs(282,70): error CS0518: Predefined type 'System.String' is not defined or imported
C:\gh\azure-sdk-for-net\sdk\signalr\Microsoft.Azure.Management.SignalR\tests\Tests\SignalRTests.cs(282,13): error CS0518: Predefined type 'System.Void' is not defined or imported
C:\gh\azure-sdk-for-net\sdk\signalr\Microsoft.Azure.Management.SignalR\tests\Tests\SignalRTests.cs(285,70): error CS0518: Predefined type 'System.String' is not defined or imported
C:\gh\azure-sdk-for-net\sdk\signalr\Microsoft.Azure.Management.SignalR\tests\Tests\SignalRTests.cs(285,13): error CS0518: Predefined type 'System.Void' is not defined or imported
C:\gh\azure-sdk-for-net\sdk\signalr\Microsoft.Azure.Management.SignalR\tests\Tests\SignalRTests.cs(14,18): error CS1729: 'object' does not contain a constructor that takes 0 arguments
C:\gh\azure-sdk-for-net\sdk\signalr\Microsoft.Azure.Management.SignalR\tests\Tests\SignalRTests.cs(5,1): hidden CS8019: Unnecessary using directive.
C:\gh\azure-sdk-for-net\sdk\signalr\Microsoft.Azure.Management.SignalR\tests\Tests\SignalRTests.cs(4,1): hidden CS8019: Unnecessary using directive.
C:\gh\azure-sdk-for-net\sdk\signalr\Microsoft.Azure.Management.SignalR\tests\Helpers\RecordedDelegatingHandler.cs(4,1): hidden CS8019: Unnecessary using directive.
C:\gh\azure-sdk-for-net\sdk\signalr\Microsoft.Azure.Management.SignalR\tests\Helpers\SignalRTestUtilities.cs(6,1): hidden CS8019: Unnecessary using directive.
C:\gh\azure-sdk-for-net\artifacts\obj\Microsoft.Azure.Management.SignalR.Tests\Debug\netcoreapp2.0\.NETCoreApp,Version=v2.0.AssemblyAttributes.cs(2,1): hidden CS8019: Unnecessary using directive.
C:\gh\azure-sdk-for-net\sdk\signalr\Microsoft.Azure.Management.SignalR\tests\Tests\SignalRTests.cs(7,1): hidden CS8019: Unnecessary using directive.
C:\gh\azure-sdk-for-net\sdk\signalr\Microsoft.Azure.Management.SignalR\tests\Helpers\SignalRTestUtilities.cs(7,1): hidden CS8019: Unnecessary using directive.
C:\gh\azure-sdk-for-net\sdk\signalr\Microsoft.Azure.Management.SignalR\tests\Helpers\RecordedDelegatingHandler.cs(5,1): hidden CS8019: Unnecessary using directive.
C:\gh\azure-sdk-for-net\sdk\signalr\Microsoft.Azure.Management.SignalR\tests\Properties\AssemblyInfo.cs(6,1): hidden CS8019: Unnecessary using directive.
C:\gh\azure-sdk-for-net\sdk\signalr\Microsoft.Azure.Management.SignalR\tests\Helpers\SignalRTestUtilities.cs(10,1): hidden CS8019: Unnecessary using directive.
C:\gh\azure-sdk-for-net\artifacts\obj\Microsoft.Azure.Management.SignalR.Tests\Debug\netcoreapp2.0\.NETCoreApp,Version=v2.0.AssemblyAttributes.cs(3,1): hidden CS8019: Unnecessary using directive.
C:\gh\azure-sdk-for-net\sdk\signalr\Microsoft.Azure.Management.SignalR\tests\Helpers\RecordedDelegatingHandler.cs(3,1): hidden CS8019: Unnecessary using directive.
C:\gh\azure-sdk-for-net\sdk\signalr\Microsoft.Azure.Management.SignalR\tests\Helpers\RecordedDelegatingHandler.cs(6,1): hidden CS8019: Unnecessary using directive.
C:\gh\azure-sdk-for-net\sdk\signalr\Microsoft.Azure.Management.SignalR\tests\Helpers\SignalRTestUtilities.cs(2,1): hidden CS8019: Unnecessary using directive.
C:\gh\azure-sdk-for-net\artifacts\obj\Microsoft.Azure.Management.SignalR.Tests\Debug\netcoreapp2.0\Microsoft.Azure.Management.SignalR.Tests.AssemblyInfo.cs(11,1): hidden CS8019: Unnecessary using directive.
C:\gh\azure-sdk-for-net\sdk\signalr\Microsoft.Azure.Management.SignalR\tests\Tests\SignalRTests.cs(9,1): hidden CS8019: Unnecessary using directive.
C:\gh\azure-sdk-for-net\sdk\signalr\Microsoft.Azure.Management.SignalR\tests\Helpers\RecordedDelegatingHandler.cs(1,1): hidden CS8019: Unnecessary using directive.
C:\gh\azure-sdk-for-net\eng\mgmt\DisableTestRunParallel.cs(5,1): hidden CS8019: Unnecessary using directive.
C:\gh\azure-sdk-for-net\sdk\signalr\Microsoft.Azure.Management.SignalR\tests\Tests\SignalRTests.cs(6,1): hidden CS8019: Unnecessary using directive.
C:\gh\azure-sdk-for-net\eng\mgmt\DisableTestRunParallel.cs(4,1): hidden CS8019: Unnecessary using directive.
C:\gh\azure-sdk-for-net\sdk\signalr\Microsoft.Azure.Management.SignalR\tests\Helpers\SignalRTestUtilities.cs(11,1): hidden CS8019: Unnecessary using directive.
C:\gh\azure-sdk-for-net\sdk\signalr\Microsoft.Azure.Management.SignalR\tests\Helpers\RecordedDelegatingHandler.cs(2,1): hidden CS8019: Unnecessary using directive.
C:\gh\azure-sdk-for-net\sdk\signalr\Microsoft.Azure.Management.SignalR\tests\Tests\SignalRTests.cs(1,1): hidden CS8019: Unnecessary using directive.
C:\gh\azure-sdk-for-net\sdk\signalr\Microsoft.Azure.Management.SignalR\tests\Helpers\SignalRTestUtilities.cs(9,1): hidden CS8019: Unnecessary using directive.
C:\gh\azure-sdk-for-net\sdk\signalr\Microsoft.Azure.Management.SignalR\tests\Tests\SignalRTests.cs(10,1): hidden CS8019: Unnecessary using directive.
C:\gh\azure-sdk-for-net\artifacts\obj\Microsoft.Azure.Management.SignalR.Tests\Debug\netcoreapp2.0\Microsoft.Azure.Management.SignalR.Tests.AssemblyInfo.cs(12,1): hidden CS8019: Unnecessary using directive.
C:\gh\azure-sdk-for-net\sdk\signalr\Microsoft.Azure.Management.SignalR\tests\Helpers\SignalRTestUtilities.cs(1,1): hidden CS8019: Unnecessary using directive.
C:\gh\azure-sdk-for-net\sdk\signalr\Microsoft.Azure.Management.SignalR\tests\Tests\SignalRTests.cs(8,1): hidden CS8019: Unnecessary using directive.
C:\gh\azure-sdk-for-net\sdk\signalr\Microsoft.Azure.Management.SignalR\tests\Helpers\SignalRTestUtilities.cs(5,1): hidden CS8019: Unnecessary using directive.
C:\gh\azure-sdk-for-net\sdk\signalr\Microsoft.Azure.Management.SignalR\tests\Helpers\RecordedDelegatingHandler.cs(8,1): hidden CS8019: Unnecessary using directive.
C:\gh\azure-sdk-for-net\sdk\signalr\Microsoft.Azure.Management.SignalR\tests\Helpers\RecordedDelegatingHandler.cs(7,1): hidden CS8019: Unnecessary using directive.
C:\gh\azure-sdk-for-net\sdk\signalr\Microsoft.Azure.Management.SignalR\tests\Properties\AssemblyInfo.cs(5,1): hidden CS8019: Unnecessary using directive.
C:\gh\azure-sdk-for-net\sdk\signalr\Microsoft.Azure.Management.SignalR\tests\Helpers\SignalRTestUtilities.cs(8,1): hidden CS8019: Unnecessary using directive.
C:\gh\azure-sdk-for-net\sdk\signalr\Microsoft.Azure.Management.SignalR\tests\Properties\AssemblyInfo.cs(4,1): hidden CS8019: Unnecessary using directive.
