C:\gh\azure-sdk-for-net\sdk\monitor\Microsoft.OpenTelemetry.Exporter.AzureMonitor\tests\Microsoft.OpenTelemetry.Exporter.AzureMonitor.Tests\TagsTests.cs(322,24): error CS0246: The type or namespace name 'Activity' could not be found (are you missing a using directive or an assembly reference?)
C:\gh\azure-sdk-for-net\sdk\monitor\Microsoft.OpenTelemetry.Exporter.AzureMonitor\tests\Microsoft.OpenTelemetry.Exporter.AzureMonitor.Tests\TelemetryPartATests.cs(147,13): error CS0246: The type or namespace name 'Resource' could not be found (are you missing a using directive or an assembly reference?)
C:\gh\azure-sdk-for-net\sdk\monitor\Microsoft.OpenTelemetry.Exporter.AzureMonitor\tests\Microsoft.OpenTelemetry.Exporter.AzureMonitor.Tests\TelemetryPartATests.cs(148,13): error CS0246: The type or namespace name 'ActivityKind' could not be found (are you missing a using directive or an assembly reference?)
C:\gh\azure-sdk-for-net\sdk\monitor\Microsoft.OpenTelemetry.Exporter.AzureMonitor\tests\Microsoft.OpenTelemetry.Exporter.AzureMonitor.Tests\TelemetryPartATests.cs(142,24): error CS0246: The type or namespace name 'Activity' could not be found (are you missing a using directive or an assembly reference?)
C:\gh\azure-sdk-for-net\sdk\monitor\Microsoft.OpenTelemetry.Exporter.AzureMonitor\tests\Microsoft.OpenTelemetry.Exporter.AzureMonitor.Tests\TelemetryPartATests.cs(148,33): error CS0103: The name 'ActivityKind' does not exist in the current context
C:\gh\azure-sdk-for-net\sdk\monitor\Microsoft.OpenTelemetry.Exporter.AzureMonitor\tests\Microsoft.OpenTelemetry.Exporter.AzureMonitor.Tests\AzureMonitorTraceExporterTests.cs(4,7): error CS0246: The type or namespace name 'OpenTelemetry' could not be found (are you missing a using directive or an assembly reference?)
C:\gh\azure-sdk-for-net\sdk\monitor\Microsoft.OpenTelemetry.Exporter.AzureMonitor\tests\Microsoft.OpenTelemetry.Exporter.AzureMonitor.Tests\AzureMonitorTraceExporterTests.cs(8,7): error CS0246: The type or namespace name 'Xunit' could not be found (are you missing a using directive or an assembly reference?)
C:\gh\azure-sdk-for-net\sdk\monitor\Microsoft.OpenTelemetry.Exporter.AzureMonitor\tests\Microsoft.OpenTelemetry.Exporter.AzureMonitor.Tests\ConnectionString\ConnectionStringParserTests.cs(5,7): error CS0246: The type or namespace name 'Xunit' could not be found (are you missing a using directive or an assembly reference?)
C:\gh\azure-sdk-for-net\sdk\monitor\Microsoft.OpenTelemetry.Exporter.AzureMonitor\tests\Microsoft.OpenTelemetry.Exporter.AzureMonitor.Tests\ConnectionString\ConnectionStringParser_BuildUriTests.cs(5,7): error CS0246: The type or namespace name 'Xunit' could not be found (are you missing a using directive or an assembly reference?)
C:\gh\azure-sdk-for-net\sdk\monitor\Microsoft.OpenTelemetry.Exporter.AzureMonitor\tests\Microsoft.OpenTelemetry.Exporter.AzureMonitor.Tests\ConnectionString\ConnectionStringTests.cs(9,46): error CS0122: 'ConnectionString' is inaccessible due to its protection level
C:\gh\azure-sdk-for-net\sdk\monitor\Microsoft.OpenTelemetry.Exporter.AzureMonitor\tests\Microsoft.OpenTelemetry.Exporter.AzureMonitor.Tests\ConnectionString\ConnectionStringTests.cs(6,7): error CS0246: The type or namespace name 'Xunit' could not be found (are you missing a using directive or an assembly reference?)
C:\gh\azure-sdk-for-net\sdk\monitor\Microsoft.OpenTelemetry.Exporter.AzureMonitor\tests\Microsoft.OpenTelemetry.Exporter.AzureMonitor.Tests\ExceptionExtensionsTests.cs(7,7): error CS0246: The type or namespace name 'Xunit' could not be found (are you missing a using directive or an assembly reference?)
C:\gh\azure-sdk-for-net\sdk\monitor\Microsoft.OpenTelemetry.Exporter.AzureMonitor\tests\Microsoft.OpenTelemetry.Exporter.AzureMonitor.Tests\HttpHelperTests.cs(5,7): error CS0246: The type or namespace name 'Xunit' could not be found (are you missing a using directive or an assembly reference?)
C:\gh\azure-sdk-for-net\sdk\monitor\Microsoft.OpenTelemetry.Exporter.AzureMonitor\tests\Microsoft.OpenTelemetry.Exporter.AzureMonitor.Tests\NDJsonWriterTests.cs(5,7): error CS0246: The type or namespace name 'Xunit' could not be found (are you missing a using directive or an assembly reference?)
C:\gh\azure-sdk-for-net\sdk\monitor\Microsoft.OpenTelemetry.Exporter.AzureMonitor\tests\Microsoft.OpenTelemetry.Exporter.AzureMonitor.Tests\TagsTests.cs(4,7): error CS0246: The type or namespace name 'OpenTelemetry' could not be found (are you missing a using directive or an assembly reference?)
C:\gh\azure-sdk-for-net\sdk\monitor\Microsoft.OpenTelemetry.Exporter.AzureMonitor\tests\Microsoft.OpenTelemetry.Exporter.AzureMonitor.Tests\TagsTests.cs(8,7): error CS0246: The type or namespace name 'Xunit' could not be found (are you missing a using directive or an assembly reference?)
C:\gh\azure-sdk-for-net\sdk\monitor\Microsoft.OpenTelemetry.Exporter.AzureMonitor\tests\Microsoft.OpenTelemetry.Exporter.AzureMonitor.Tests\TelemetryPartATests.cs(8,7): error CS0246: The type or namespace name 'Xunit' could not be found (are you missing a using directive or an assembly reference?)
C:\gh\azure-sdk-for-net\sdk\monitor\Microsoft.OpenTelemetry.Exporter.AzureMonitor\tests\Microsoft.OpenTelemetry.Exporter.AzureMonitor.Tests\TelemetryPartATests.cs(11,7): error CS0246: The type or namespace name 'OpenTelemetry' could not be found (are you missing a using directive or an assembly reference?)
C:\gh\azure-sdk-for-net\sdk\monitor\Microsoft.OpenTelemetry.Exporter.AzureMonitor\tests\Microsoft.OpenTelemetry.Exporter.AzureMonitor.Tests\NDJsonWriterTests.cs(11,10): error CS0246: The type or namespace name 'FactAttribute' could not be found (are you missing a using directive or an assembly reference?)
C:\gh\azure-sdk-for-net\sdk\monitor\Microsoft.OpenTelemetry.Exporter.AzureMonitor\tests\Microsoft.OpenTelemetry.Exporter.AzureMonitor.Tests\ConnectionString\ConnectionStringParser_BuildUriTests.cs(15,10): error CS0246: The type or namespace name 'FactAttribute' could not be found (are you missing a using directive or an assembly reference?)
C:\gh\azure-sdk-for-net\sdk\monitor\Microsoft.OpenTelemetry.Exporter.AzureMonitor\tests\Microsoft.OpenTelemetry.Exporter.AzureMonitor.Tests\ConnectionString\ConnectionStringParser_BuildUriTests.cs(15,10): error CS0246: The type or namespace name 'Fact' could not be found (are you missing a using directive or an assembly reference?)
C:\gh\azure-sdk-for-net\sdk\monitor\Microsoft.OpenTelemetry.Exporter.AzureMonitor\tests\Microsoft.OpenTelemetry.Exporter.AzureMonitor.Tests\NDJsonWriterTests.cs(11,10): error CS0246: The type or namespace name 'Fact' could not be found (are you missing a using directive or an assembly reference?)
C:\gh\azure-sdk-for-net\sdk\monitor\Microsoft.OpenTelemetry.Exporter.AzureMonitor\tests\Microsoft.OpenTelemetry.Exporter.AzureMonitor.Tests\ConnectionString\ConnectionStringParserTests.cs(11,10): error CS0246: The type or namespace name 'FactAttribute' could not be found (are you missing a using directive or an assembly reference?)
C:\gh\azure-sdk-for-net\sdk\monitor\Microsoft.OpenTelemetry.Exporter.AzureMonitor\tests\Microsoft.OpenTelemetry.Exporter.AzureMonitor.Tests\ConnectionString\ConnectionStringParserTests.cs(11,10): error CS0246: The type or namespace name 'Fact' could not be found (are you missing a using directive or an assembly reference?)
C:\gh\azure-sdk-for-net\sdk\monitor\Microsoft.OpenTelemetry.Exporter.AzureMonitor\tests\Microsoft.OpenTelemetry.Exporter.AzureMonitor.Tests\ConnectionString\ConnectionStringTests.cs(18,10): error CS0246: The type or namespace name 'FactAttribute' could not be found (are you missing a using directive or an assembly reference?)
C:\gh\azure-sdk-for-net\sdk\monitor\Microsoft.OpenTelemetry.Exporter.AzureMonitor\tests\Microsoft.OpenTelemetry.Exporter.AzureMonitor.Tests\ConnectionString\ConnectionStringTests.cs(18,10): error CS0246: The type or namespace name 'Fact' could not be found (are you missing a using directive or an assembly reference?)
C:\gh\azure-sdk-for-net\sdk\monitor\Microsoft.OpenTelemetry.Exporter.AzureMonitor\tests\Microsoft.OpenTelemetry.Exporter.AzureMonitor.Tests\HttpHelperTests.cs(11,10): error CS0246: The type or namespace name 'FactAttribute' could not be found (are you missing a using directive or an assembly reference?)
C:\gh\azure-sdk-for-net\sdk\monitor\Microsoft.OpenTelemetry.Exporter.AzureMonitor\tests\Microsoft.OpenTelemetry.Exporter.AzureMonitor.Tests\HttpHelperTests.cs(11,10): error CS0246: The type or namespace name 'Fact' could not be found (are you missing a using directive or an assembly reference?)
C:\gh\azure-sdk-for-net\sdk\monitor\Microsoft.OpenTelemetry.Exporter.AzureMonitor\tests\Microsoft.OpenTelemetry.Exporter.AzureMonitor.Tests\AzureMonitorTraceExporterTests.cs(14,10): error CS0246: The type or namespace name 'FactAttribute' could not be found (are you missing a using directive or an assembly reference?)
C:\gh\azure-sdk-for-net\sdk\monitor\Microsoft.OpenTelemetry.Exporter.AzureMonitor\tests\Microsoft.OpenTelemetry.Exporter.AzureMonitor.Tests\AzureMonitorTraceExporterTests.cs(14,10): error CS0246: The type or namespace name 'Fact' could not be found (are you missing a using directive or an assembly reference?)
C:\gh\azure-sdk-for-net\sdk\monitor\Microsoft.OpenTelemetry.Exporter.AzureMonitor\tests\Microsoft.OpenTelemetry.Exporter.AzureMonitor.Tests\ExceptionExtensionsTests.cs(15,10): error CS0246: The type or namespace name 'FactAttribute' could not be found (are you missing a using directive or an assembly reference?)
C:\gh\azure-sdk-for-net\sdk\monitor\Microsoft.OpenTelemetry.Exporter.AzureMonitor\tests\Microsoft.OpenTelemetry.Exporter.AzureMonitor.Tests\ExceptionExtensionsTests.cs(15,10): error CS0246: The type or namespace name 'Fact' could not be found (are you missing a using directive or an assembly reference?)
C:\gh\azure-sdk-for-net\sdk\monitor\Microsoft.OpenTelemetry.Exporter.AzureMonitor\tests\Microsoft.OpenTelemetry.Exporter.AzureMonitor.Tests\ConnectionString\ConnectionStringParserTests.cs(20,10): error CS0246: The type or namespace name 'FactAttribute' could not be found (are you missing a using directive or an assembly reference?)
C:\gh\azure-sdk-for-net\sdk\monitor\Microsoft.OpenTelemetry.Exporter.AzureMonitor\tests\Microsoft.OpenTelemetry.Exporter.AzureMonitor.Tests\ConnectionString\ConnectionStringParserTests.cs(20,10): error CS0246: The type or namespace name 'Fact' could not be found (are you missing a using directive or an assembly reference?)
C:\gh\azure-sdk-for-net\sdk\monitor\Microsoft.OpenTelemetry.Exporter.AzureMonitor\tests\Microsoft.OpenTelemetry.Exporter.AzureMonitor.Tests\ConnectionString\ConnectionStringTests.cs(28,10): error CS0246: The type or namespace name 'FactAttribute' could not be found (are you missing a using directive or an assembly reference?)
C:\gh\azure-sdk-for-net\sdk\monitor\Microsoft.OpenTelemetry.Exporter.AzureMonitor\tests\Microsoft.OpenTelemetry.Exporter.AzureMonitor.Tests\ConnectionString\ConnectionStringTests.cs(28,10): error CS0246: The type or namespace name 'Fact' could not be found (are you missing a using directive or an assembly reference?)
C:\gh\azure-sdk-for-net\sdk\monitor\Microsoft.OpenTelemetry.Exporter.AzureMonitor\tests\Microsoft.OpenTelemetry.Exporter.AzureMonitor.Tests\ConnectionString\ConnectionStringParser_BuildUriTests.cs(28,10): error CS0246: The type or namespace name 'FactAttribute' could not be found (are you missing a using directive or an assembly reference?)
C:\gh\azure-sdk-for-net\sdk\monitor\Microsoft.OpenTelemetry.Exporter.AzureMonitor\tests\Microsoft.OpenTelemetry.Exporter.AzureMonitor.Tests\ConnectionString\ConnectionStringParser_BuildUriTests.cs(28,10): error CS0246: The type or namespace name 'Fact' could not be found (are you missing a using directive or an assembly reference?)
C:\gh\azure-sdk-for-net\sdk\monitor\Microsoft.OpenTelemetry.Exporter.AzureMonitor\tests\Microsoft.OpenTelemetry.Exporter.AzureMonitor.Tests\TagsTests.cs(27,10): error CS0246: The type or namespace name 'FactAttribute' could not be found (are you missing a using directive or an assembly reference?)
C:\gh\azure-sdk-for-net\sdk\monitor\Microsoft.OpenTelemetry.Exporter.AzureMonitor\tests\Microsoft.OpenTelemetry.Exporter.AzureMonitor.Tests\TagsTests.cs(27,10): error CS0246: The type or namespace name 'Fact' could not be found (are you missing a using directive or an assembly reference?)
C:\gh\azure-sdk-for-net\sdk\monitor\Microsoft.OpenTelemetry.Exporter.AzureMonitor\tests\Microsoft.OpenTelemetry.Exporter.AzureMonitor.Tests\ConnectionString\ConnectionStringParserTests.cs(29,10): error CS0246: The type or namespace name 'FactAttribute' could not be found (are you missing a using directive or an assembly reference?)
C:\gh\azure-sdk-for-net\sdk\monitor\Microsoft.OpenTelemetry.Exporter.AzureMonitor\tests\Microsoft.OpenTelemetry.Exporter.AzureMonitor.Tests\ConnectionString\ConnectionStringParserTests.cs(29,10): error CS0246: The type or namespace name 'Fact' could not be found (are you missing a using directive or an assembly reference?)
C:\gh\azure-sdk-for-net\sdk\monitor\Microsoft.OpenTelemetry.Exporter.AzureMonitor\tests\Microsoft.OpenTelemetry.Exporter.AzureMonitor.Tests\ConnectionString\ConnectionStringTests.cs(38,10): error CS0246: The type or namespace name 'FactAttribute' could not be found (are you missing a using directive or an assembly reference?)
C:\gh\azure-sdk-for-net\sdk\monitor\Microsoft.OpenTelemetry.Exporter.AzureMonitor\tests\Microsoft.OpenTelemetry.Exporter.AzureMonitor.Tests\ConnectionString\ConnectionStringTests.cs(38,10): error CS0246: The type or namespace name 'Fact' could not be found (are you missing a using directive or an assembly reference?)
C:\gh\azure-sdk-for-net\sdk\monitor\Microsoft.OpenTelemetry.Exporter.AzureMonitor\tests\Microsoft.OpenTelemetry.Exporter.AzureMonitor.Tests\TelemetryPartATests.cs(39,10): error CS0246: The type or namespace name 'FactAttribute' could not be found (are you missing a using directive or an assembly reference?)
C:\gh\azure-sdk-for-net\sdk\monitor\Microsoft.OpenTelemetry.Exporter.AzureMonitor\tests\Microsoft.OpenTelemetry.Exporter.AzureMonitor.Tests\TelemetryPartATests.cs(39,10): error CS0246: The type or namespace name 'Fact' could not be found (are you missing a using directive or an assembly reference?)
C:\gh\azure-sdk-for-net\sdk\monitor\Microsoft.OpenTelemetry.Exporter.AzureMonitor\tests\Microsoft.OpenTelemetry.Exporter.AzureMonitor.Tests\ExceptionExtensionsTests.cs(31,10): error CS0246: The type or namespace name 'FactAttribute' could not be found (are you missing a using directive or an assembly reference?)
C:\gh\azure-sdk-for-net\sdk\monitor\Microsoft.OpenTelemetry.Exporter.AzureMonitor\tests\Microsoft.OpenTelemetry.Exporter.AzureMonitor.Tests\ExceptionExtensionsTests.cs(31,10): error CS0246: The type or namespace name 'Fact' could not be found (are you missing a using directive or an assembly reference?)
C:\gh\azure-sdk-for-net\sdk\monitor\Microsoft.OpenTelemetry.Exporter.AzureMonitor\tests\Microsoft.OpenTelemetry.Exporter.AzureMonitor.Tests\ConnectionString\ConnectionStringParserTests.cs(38,10): error CS0246: The type or namespace name 'FactAttribute' could not be found (are you missing a using directive or an assembly reference?)
C:\gh\azure-sdk-for-net\sdk\monitor\Microsoft.OpenTelemetry.Exporter.AzureMonitor\tests\Microsoft.OpenTelemetry.Exporter.AzureMonitor.Tests\ConnectionString\ConnectionStringParserTests.cs(38,10): error CS0246: The type or namespace name 'Fact' could not be found (are you missing a using directive or an assembly reference?)
C:\gh\azure-sdk-for-net\sdk\monitor\Microsoft.OpenTelemetry.Exporter.AzureMonitor\tests\Microsoft.OpenTelemetry.Exporter.AzureMonitor.Tests\ConnectionString\ConnectionStringTests.cs(52,10): error CS0246: The type or namespace name 'FactAttribute' could not be found (are you missing a using directive or an assembly reference?)
C:\gh\azure-sdk-for-net\sdk\monitor\Microsoft.OpenTelemetry.Exporter.AzureMonitor\tests\Microsoft.OpenTelemetry.Exporter.AzureMonitor.Tests\ConnectionString\ConnectionStringTests.cs(52,10): error CS0246: The type or namespace name 'Fact' could not be found (are you missing a using directive or an assembly reference?)
C:\gh\azure-sdk-for-net\sdk\monitor\Microsoft.OpenTelemetry.Exporter.AzureMonitor\tests\Microsoft.OpenTelemetry.Exporter.AzureMonitor.Tests\AzureMonitorTraceExporterTests.cs(27,10): error CS0246: The type or namespace name 'FactAttribute' could not be found (are you missing a using directive or an assembly reference?)
C:\gh\azure-sdk-for-net\sdk\monitor\Microsoft.OpenTelemetry.Exporter.AzureMonitor\tests\Microsoft.OpenTelemetry.Exporter.AzureMonitor.Tests\AzureMonitorTraceExporterTests.cs(27,10): error CS0246: The type or namespace name 'Fact' could not be found (are you missing a using directive or an assembly reference?)
C:\gh\azure-sdk-for-net\sdk\monitor\Microsoft.OpenTelemetry.Exporter.AzureMonitor\tests\Microsoft.OpenTelemetry.Exporter.AzureMonitor.Tests\ConnectionString\ConnectionStringParser_BuildUriTests.cs(41,10): error CS0246: The type or namespace name 'FactAttribute' could not be found (are you missing a using directive or an assembly reference?)
C:\gh\azure-sdk-for-net\sdk\monitor\Microsoft.OpenTelemetry.Exporter.AzureMonitor\tests\Microsoft.OpenTelemetry.Exporter.AzureMonitor.Tests\ConnectionString\ConnectionStringParser_BuildUriTests.cs(41,10): error CS0246: The type or namespace name 'Fact' could not be found (are you missing a using directive or an assembly reference?)
C:\gh\azure-sdk-for-net\sdk\monitor\Microsoft.OpenTelemetry.Exporter.AzureMonitor\tests\Microsoft.OpenTelemetry.Exporter.AzureMonitor.Tests\TagsTests.cs(44,10): error CS0246: The type or namespace name 'FactAttribute' could not be found (are you missing a using directive or an assembly reference?)
C:\gh\azure-sdk-for-net\sdk\monitor\Microsoft.OpenTelemetry.Exporter.AzureMonitor\tests\Microsoft.OpenTelemetry.Exporter.AzureMonitor.Tests\TagsTests.cs(44,10): error CS0246: The type or namespace name 'Fact' could not be found (are you missing a using directive or an assembly reference?)
C:\gh\azure-sdk-for-net\sdk\monitor\Microsoft.OpenTelemetry.Exporter.AzureMonitor\tests\Microsoft.OpenTelemetry.Exporter.AzureMonitor.Tests\ConnectionString\ConnectionStringTests.cs(65,10): error CS0246: The type or namespace name 'FactAttribute' could not be found (are you missing a using directive or an assembly reference?)
C:\gh\azure-sdk-for-net\sdk\monitor\Microsoft.OpenTelemetry.Exporter.AzureMonitor\tests\Microsoft.OpenTelemetry.Exporter.AzureMonitor.Tests\ConnectionString\ConnectionStringTests.cs(65,10): error CS0246: The type or namespace name 'Fact' could not be found (are you missing a using directive or an assembly reference?)
C:\gh\azure-sdk-for-net\sdk\monitor\Microsoft.OpenTelemetry.Exporter.AzureMonitor\tests\Microsoft.OpenTelemetry.Exporter.AzureMonitor.Tests\ConnectionString\ConnectionStringParserTests.cs(47,10): error CS0246: The type or namespace name 'FactAttribute' could not be found (are you missing a using directive or an assembly reference?)
C:\gh\azure-sdk-for-net\sdk\monitor\Microsoft.OpenTelemetry.Exporter.AzureMonitor\tests\Microsoft.OpenTelemetry.Exporter.AzureMonitor.Tests\ConnectionString\ConnectionStringParserTests.cs(47,10): error CS0246: The type or namespace name 'Fact' could not be found (are you missing a using directive or an assembly reference?)
C:\gh\azure-sdk-for-net\sdk\monitor\Microsoft.OpenTelemetry.Exporter.AzureMonitor\tests\Microsoft.OpenTelemetry.Exporter.AzureMonitor.Tests\ConnectionString\ConnectionStringTests.cs(71,10): error CS0246: The type or namespace name 'FactAttribute' could not be found (are you missing a using directive or an assembly reference?)
C:\gh\azure-sdk-for-net\sdk\monitor\Microsoft.OpenTelemetry.Exporter.AzureMonitor\tests\Microsoft.OpenTelemetry.Exporter.AzureMonitor.Tests\ConnectionString\ConnectionStringTests.cs(71,10): error CS0246: The type or namespace name 'Fact' could not be found (are you missing a using directive or an assembly reference?)
C:\gh\azure-sdk-for-net\sdk\monitor\Microsoft.OpenTelemetry.Exporter.AzureMonitor\tests\Microsoft.OpenTelemetry.Exporter.AzureMonitor.Tests\TelemetryPartATests.cs(48,10): error CS0246: The type or namespace name 'FactAttribute' could not be found (are you missing a using directive or an assembly reference?)
C:\gh\azure-sdk-for-net\sdk\monitor\Microsoft.OpenTelemetry.Exporter.AzureMonitor\tests\Microsoft.OpenTelemetry.Exporter.AzureMonitor.Tests\TelemetryPartATests.cs(48,10): error CS0246: The type or namespace name 'Fact' could not be found (are you missing a using directive or an assembly reference?)
C:\gh\azure-sdk-for-net\sdk\monitor\Microsoft.OpenTelemetry.Exporter.AzureMonitor\tests\Microsoft.OpenTelemetry.Exporter.AzureMonitor.Tests\ConnectionString\ConnectionStringParser_BuildUriTests.cs(54,10): error CS0246: The type or namespace name 'FactAttribute' could not be found (are you missing a using directive or an assembly reference?)
C:\gh\azure-sdk-for-net\sdk\monitor\Microsoft.OpenTelemetry.Exporter.AzureMonitor\tests\Microsoft.OpenTelemetry.Exporter.AzureMonitor.Tests\ConnectionString\ConnectionStringParser_BuildUriTests.cs(54,10): error CS0246: The type or namespace name 'Fact' could not be found (are you missing a using directive or an assembly reference?)
C:\gh\azure-sdk-for-net\sdk\monitor\Microsoft.OpenTelemetry.Exporter.AzureMonitor\tests\Microsoft.OpenTelemetry.Exporter.AzureMonitor.Tests\AzureMonitorTraceExporterTests.cs(39,10): error CS0246: The type or namespace name 'FactAttribute' could not be found (are you missing a using directive or an assembly reference?)
C:\gh\azure-sdk-for-net\sdk\monitor\Microsoft.OpenTelemetry.Exporter.AzureMonitor\tests\Microsoft.OpenTelemetry.Exporter.AzureMonitor.Tests\AzureMonitorTraceExporterTests.cs(39,10): error CS0246: The type or namespace name 'Fact' could not be found (are you missing a using directive or an assembly reference?)
C:\gh\azure-sdk-for-net\sdk\monitor\Microsoft.OpenTelemetry.Exporter.AzureMonitor\tests\Microsoft.OpenTelemetry.Exporter.AzureMonitor.Tests\TagsTests.cs(61,10): error CS0246: The type or namespace name 'FactAttribute' could not be found (are you missing a using directive or an assembly reference?)
C:\gh\azure-sdk-for-net\sdk\monitor\Microsoft.OpenTelemetry.Exporter.AzureMonitor\tests\Microsoft.OpenTelemetry.Exporter.AzureMonitor.Tests\TagsTests.cs(61,10): error CS0246: The type or namespace name 'Fact' could not be found (are you missing a using directive or an assembly reference?)
C:\gh\azure-sdk-for-net\sdk\monitor\Microsoft.OpenTelemetry.Exporter.AzureMonitor\tests\Microsoft.OpenTelemetry.Exporter.AzureMonitor.Tests\ConnectionString\ConnectionStringTests.cs(77,10): error CS0246: The type or namespace name 'FactAttribute' could not be found (are you missing a using directive or an assembly reference?)
C:\gh\azure-sdk-for-net\sdk\monitor\Microsoft.OpenTelemetry.Exporter.AzureMonitor\tests\Microsoft.OpenTelemetry.Exporter.AzureMonitor.Tests\ConnectionString\ConnectionStringTests.cs(77,10): error CS0246: The type or namespace name 'Fact' could not be found (are you missing a using directive or an assembly reference?)
C:\gh\azure-sdk-for-net\sdk\monitor\Microsoft.OpenTelemetry.Exporter.AzureMonitor\tests\Microsoft.OpenTelemetry.Exporter.AzureMonitor.Tests\ConnectionString\ConnectionStringParser_BuildUriTests.cs(65,10): error CS0246: The type or namespace name 'FactAttribute' could not be found (are you missing a using directive or an assembly reference?)
C:\gh\azure-sdk-for-net\sdk\monitor\Microsoft.OpenTelemetry.Exporter.AzureMonitor\tests\Microsoft.OpenTelemetry.Exporter.AzureMonitor.Tests\ConnectionString\ConnectionStringParser_BuildUriTests.cs(65,10): error CS0246: The type or namespace name 'Fact' could not be found (are you missing a using directive or an assembly reference?)
C:\gh\azure-sdk-for-net\sdk\monitor\Microsoft.OpenTelemetry.Exporter.AzureMonitor\tests\Microsoft.OpenTelemetry.Exporter.AzureMonitor.Tests\ConnectionString\ConnectionStringParserTests.cs(56,10): error CS0246: The type or namespace name 'FactAttribute' could not be found (are you missing a using directive or an assembly reference?)
C:\gh\azure-sdk-for-net\sdk\monitor\Microsoft.OpenTelemetry.Exporter.AzureMonitor\tests\Microsoft.OpenTelemetry.Exporter.AzureMonitor.Tests\ConnectionString\ConnectionStringParserTests.cs(56,10): error CS0246: The type or namespace name 'Fact' could not be found (are you missing a using directive or an assembly reference?)
C:\gh\azure-sdk-for-net\sdk\monitor\Microsoft.OpenTelemetry.Exporter.AzureMonitor\tests\Microsoft.OpenTelemetry.Exporter.AzureMonitor.Tests\ConnectionString\ConnectionStringTests.cs(83,10): error CS0246: The type or namespace name 'FactAttribute' could not be found (are you missing a using directive or an assembly reference?)
C:\gh\azure-sdk-for-net\sdk\monitor\Microsoft.OpenTelemetry.Exporter.AzureMonitor\tests\Microsoft.OpenTelemetry.Exporter.AzureMonitor.Tests\ConnectionString\ConnectionStringTests.cs(83,10): error CS0246: The type or namespace name 'Fact' could not be found (are you missing a using directive or an assembly reference?)
C:\gh\azure-sdk-for-net\sdk\monitor\Microsoft.OpenTelemetry.Exporter.AzureMonitor\tests\Microsoft.OpenTelemetry.Exporter.AzureMonitor.Tests\AzureMonitorTraceExporterTests.cs(45,10): error CS0246: The type or namespace name 'FactAttribute' could not be found (are you missing a using directive or an assembly reference?)
C:\gh\azure-sdk-for-net\sdk\monitor\Microsoft.OpenTelemetry.Exporter.AzureMonitor\tests\Microsoft.OpenTelemetry.Exporter.AzureMonitor.Tests\AzureMonitorTraceExporterTests.cs(45,10): error CS0246: The type or namespace name 'Fact' could not be found (are you missing a using directive or an assembly reference?)
C:\gh\azure-sdk-for-net\sdk\monitor\Microsoft.OpenTelemetry.Exporter.AzureMonitor\tests\Microsoft.OpenTelemetry.Exporter.AzureMonitor.Tests\ConnectionString\ConnectionStringParserTests.cs(65,10): error CS0246: The type or namespace name 'FactAttribute' could not be found (are you missing a using directive or an assembly reference?)
C:\gh\azure-sdk-for-net\sdk\monitor\Microsoft.OpenTelemetry.Exporter.AzureMonitor\tests\Microsoft.OpenTelemetry.Exporter.AzureMonitor.Tests\ConnectionString\ConnectionStringParserTests.cs(65,10): error CS0246: The type or namespace name 'Fact' could not be found (are you missing a using directive or an assembly reference?)
C:\gh\azure-sdk-for-net\sdk\monitor\Microsoft.OpenTelemetry.Exporter.AzureMonitor\tests\Microsoft.OpenTelemetry.Exporter.AzureMonitor.Tests\ConnectionString\ConnectionStringTests.cs(89,10): error CS0246: The type or namespace name 'FactAttribute' could not be found (are you missing a using directive or an assembly reference?)
C:\gh\azure-sdk-for-net\sdk\monitor\Microsoft.OpenTelemetry.Exporter.AzureMonitor\tests\Microsoft.OpenTelemetry.Exporter.AzureMonitor.Tests\ConnectionString\ConnectionStringTests.cs(89,10): error CS0246: The type or namespace name 'Fact' could not be found (are you missing a using directive or an assembly reference?)
C:\gh\azure-sdk-for-net\sdk\monitor\Microsoft.OpenTelemetry.Exporter.AzureMonitor\tests\Microsoft.OpenTelemetry.Exporter.AzureMonitor.Tests\TagsTests.cs(88,10): error CS0246: The type or namespace name 'FactAttribute' could not be found (are you missing a using directive or an assembly reference?)
C:\gh\azure-sdk-for-net\sdk\monitor\Microsoft.OpenTelemetry.Exporter.AzureMonitor\tests\Microsoft.OpenTelemetry.Exporter.AzureMonitor.Tests\TagsTests.cs(88,10): error CS0246: The type or namespace name 'Fact' could not be found (are you missing a using directive or an assembly reference?)
C:\gh\azure-sdk-for-net\sdk\monitor\Microsoft.OpenTelemetry.Exporter.AzureMonitor\tests\Microsoft.OpenTelemetry.Exporter.AzureMonitor.Tests\ConnectionString\ConnectionStringParserTests.cs(74,10): error CS0246: The type or namespace name 'FactAttribute' could not be found (are you missing a using directive or an assembly reference?)
C:\gh\azure-sdk-for-net\sdk\monitor\Microsoft.OpenTelemetry.Exporter.AzureMonitor\tests\Microsoft.OpenTelemetry.Exporter.AzureMonitor.Tests\ConnectionString\ConnectionStringParserTests.cs(74,10): error CS0246: The type or namespace name 'Fact' could not be found (are you missing a using directive or an assembly reference?)
C:\gh\azure-sdk-for-net\sdk\monitor\Microsoft.OpenTelemetry.Exporter.AzureMonitor\tests\Microsoft.OpenTelemetry.Exporter.AzureMonitor.Tests\TelemetryPartATests.cs(59,10): error CS0246: The type or namespace name 'FactAttribute' could not be found (are you missing a using directive or an assembly reference?)
C:\gh\azure-sdk-for-net\sdk\monitor\Microsoft.OpenTelemetry.Exporter.AzureMonitor\tests\Microsoft.OpenTelemetry.Exporter.AzureMonitor.Tests\TelemetryPartATests.cs(59,10): error CS0246: The type or namespace name 'Fact' could not be found (are you missing a using directive or an assembly reference?)
C:\gh\azure-sdk-for-net\sdk\monitor\Microsoft.OpenTelemetry.Exporter.AzureMonitor\tests\Microsoft.OpenTelemetry.Exporter.AzureMonitor.Tests\ConnectionString\ConnectionStringParserTests.cs(83,10): error CS0246: The type or namespace name 'FactAttribute' could not be found (are you missing a using directive or an assembly reference?)
C:\gh\azure-sdk-for-net\sdk\monitor\Microsoft.OpenTelemetry.Exporter.AzureMonitor\tests\Microsoft.OpenTelemetry.Exporter.AzureMonitor.Tests\ConnectionString\ConnectionStringParserTests.cs(83,10): error CS0246: The type or namespace name 'Fact' could not be found (are you missing a using directive or an assembly reference?)
C:\gh\azure-sdk-for-net\sdk\monitor\Microsoft.OpenTelemetry.Exporter.AzureMonitor\tests\Microsoft.OpenTelemetry.Exporter.AzureMonitor.Tests\AzureMonitorTraceExporterTests.cs(53,10): error CS0246: The type or namespace name 'FactAttribute' could not be found (are you missing a using directive or an assembly reference?)
C:\gh\azure-sdk-for-net\sdk\monitor\Microsoft.OpenTelemetry.Exporter.AzureMonitor\tests\Microsoft.OpenTelemetry.Exporter.AzureMonitor.Tests\AzureMonitorTraceExporterTests.cs(53,10): error CS0246: The type or namespace name 'Fact' could not be found (are you missing a using directive or an assembly reference?)
C:\gh\azure-sdk-for-net\sdk\monitor\Microsoft.OpenTelemetry.Exporter.AzureMonitor\tests\Microsoft.OpenTelemetry.Exporter.AzureMonitor.Tests\ConnectionString\ConnectionStringParserTests.cs(92,10): error CS0246: The type or namespace name 'FactAttribute' could not be found (are you missing a using directive or an assembly reference?)
C:\gh\azure-sdk-for-net\sdk\monitor\Microsoft.OpenTelemetry.Exporter.AzureMonitor\tests\Microsoft.OpenTelemetry.Exporter.AzureMonitor.Tests\ConnectionString\ConnectionStringParserTests.cs(92,10): error CS0246: The type or namespace name 'Fact' could not be found (are you missing a using directive or an assembly reference?)
C:\gh\azure-sdk-for-net\sdk\monitor\Microsoft.OpenTelemetry.Exporter.AzureMonitor\tests\Microsoft.OpenTelemetry.Exporter.AzureMonitor.Tests\TagsTests.cs(106,10): error CS0246: The type or namespace name 'FactAttribute' could not be found (are you missing a using directive or an assembly reference?)
C:\gh\azure-sdk-for-net\sdk\monitor\Microsoft.OpenTelemetry.Exporter.AzureMonitor\tests\Microsoft.OpenTelemetry.Exporter.AzureMonitor.Tests\TagsTests.cs(106,10): error CS0246: The type or namespace name 'Fact' could not be found (are you missing a using directive or an assembly reference?)
C:\gh\azure-sdk-for-net\sdk\monitor\Microsoft.OpenTelemetry.Exporter.AzureMonitor\tests\Microsoft.OpenTelemetry.Exporter.AzureMonitor.Tests\ConnectionString\ConnectionStringParserTests.cs(101,10): error CS0246: The type or namespace name 'FactAttribute' could not be found (are you missing a using directive or an assembly reference?)
C:\gh\azure-sdk-for-net\sdk\monitor\Microsoft.OpenTelemetry.Exporter.AzureMonitor\tests\Microsoft.OpenTelemetry.Exporter.AzureMonitor.Tests\ConnectionString\ConnectionStringParserTests.cs(101,10): error CS0246: The type or namespace name 'Fact' could not be found (are you missing a using directive or an assembly reference?)
C:\gh\azure-sdk-for-net\sdk\monitor\Microsoft.OpenTelemetry.Exporter.AzureMonitor\tests\Microsoft.OpenTelemetry.Exporter.AzureMonitor.Tests\ConnectionString\ConnectionStringParserTests.cs(110,10): error CS0246: The type or namespace name 'FactAttribute' could not be found (are you missing a using directive or an assembly reference?)
C:\gh\azure-sdk-for-net\sdk\monitor\Microsoft.OpenTelemetry.Exporter.AzureMonitor\tests\Microsoft.OpenTelemetry.Exporter.AzureMonitor.Tests\ConnectionString\ConnectionStringParserTests.cs(110,10): error CS0246: The type or namespace name 'Fact' could not be found (are you missing a using directive or an assembly reference?)
C:\gh\azure-sdk-for-net\sdk\monitor\Microsoft.OpenTelemetry.Exporter.AzureMonitor\tests\Microsoft.OpenTelemetry.Exporter.AzureMonitor.Tests\HttpHelperTests.cs(21,10): error CS0246: The type or namespace name 'TheoryAttribute' could not be found (are you missing a using directive or an assembly reference?)
C:\gh\azure-sdk-for-net\sdk\monitor\Microsoft.OpenTelemetry.Exporter.AzureMonitor\tests\Microsoft.OpenTelemetry.Exporter.AzureMonitor.Tests\HttpHelperTests.cs(21,10): error CS0246: The type or namespace name 'Theory' could not be found (are you missing a using directive or an assembly reference?)
C:\gh\azure-sdk-for-net\sdk\monitor\Microsoft.OpenTelemetry.Exporter.AzureMonitor\tests\Microsoft.OpenTelemetry.Exporter.AzureMonitor.Tests\HttpHelperTests.cs(22,10): error CS0246: The type or namespace name 'InlineDataAttribute' could not be found (are you missing a using directive or an assembly reference?)
C:\gh\azure-sdk-for-net\sdk\monitor\Microsoft.OpenTelemetry.Exporter.AzureMonitor\tests\Microsoft.OpenTelemetry.Exporter.AzureMonitor.Tests\HttpHelperTests.cs(22,10): error CS0246: The type or namespace name 'InlineData' could not be found (are you missing a using directive or an assembly reference?)
C:\gh\azure-sdk-for-net\sdk\monitor\Microsoft.OpenTelemetry.Exporter.AzureMonitor\tests\Microsoft.OpenTelemetry.Exporter.AzureMonitor.Tests\HttpHelperTests.cs(23,10): error CS0246: The type or namespace name 'InlineDataAttribute' could not be found (are you missing a using directive or an assembly reference?)
C:\gh\azure-sdk-for-net\sdk\monitor\Microsoft.OpenTelemetry.Exporter.AzureMonitor\tests\Microsoft.OpenTelemetry.Exporter.AzureMonitor.Tests\HttpHelperTests.cs(23,10): error CS0246: The type or namespace name 'InlineData' could not be found (are you missing a using directive or an assembly reference?)
C:\gh\azure-sdk-for-net\sdk\monitor\Microsoft.OpenTelemetry.Exporter.AzureMonitor\tests\Microsoft.OpenTelemetry.Exporter.AzureMonitor.Tests\HttpHelperTests.cs(24,10): error CS0246: The type or namespace name 'InlineDataAttribute' could not be found (are you missing a using directive or an assembly reference?)
C:\gh\azure-sdk-for-net\sdk\monitor\Microsoft.OpenTelemetry.Exporter.AzureMonitor\tests\Microsoft.OpenTelemetry.Exporter.AzureMonitor.Tests\HttpHelperTests.cs(24,10): error CS0246: The type or namespace name 'InlineData' could not be found (are you missing a using directive or an assembly reference?)
C:\gh\azure-sdk-for-net\sdk\monitor\Microsoft.OpenTelemetry.Exporter.AzureMonitor\tests\Microsoft.OpenTelemetry.Exporter.AzureMonitor.Tests\HttpHelperTests.cs(22,21): error CS0122: 'SemanticConventions' is inaccessible due to its protection level
C:\gh\azure-sdk-for-net\sdk\monitor\Microsoft.OpenTelemetry.Exporter.AzureMonitor\tests\Microsoft.OpenTelemetry.Exporter.AzureMonitor.Tests\HttpHelperTests.cs(23,21): error CS0122: 'SemanticConventions' is inaccessible due to its protection level
C:\gh\azure-sdk-for-net\sdk\monitor\Microsoft.OpenTelemetry.Exporter.AzureMonitor\tests\Microsoft.OpenTelemetry.Exporter.AzureMonitor.Tests\HttpHelperTests.cs(24,21): error CS0122: 'SemanticConventions' is inaccessible due to its protection level
C:\gh\azure-sdk-for-net\sdk\monitor\Microsoft.OpenTelemetry.Exporter.AzureMonitor\tests\Microsoft.OpenTelemetry.Exporter.AzureMonitor.Tests\ConnectionString\ConnectionStringParserTests.cs(119,10): error CS0246: The type or namespace name 'FactAttribute' could not be found (are you missing a using directive or an assembly reference?)
C:\gh\azure-sdk-for-net\sdk\monitor\Microsoft.OpenTelemetry.Exporter.AzureMonitor\tests\Microsoft.OpenTelemetry.Exporter.AzureMonitor.Tests\ConnectionString\ConnectionStringParserTests.cs(119,10): error CS0246: The type or namespace name 'Fact' could not be found (are you missing a using directive or an assembly reference?)
C:\gh\azure-sdk-for-net\sdk\monitor\Microsoft.OpenTelemetry.Exporter.AzureMonitor\tests\Microsoft.OpenTelemetry.Exporter.AzureMonitor.Tests\ConnectionString\ConnectionStringParserTests.cs(128,10): error CS0246: The type or namespace name 'FactAttribute' could not be found (are you missing a using directive or an assembly reference?)
C:\gh\azure-sdk-for-net\sdk\monitor\Microsoft.OpenTelemetry.Exporter.AzureMonitor\tests\Microsoft.OpenTelemetry.Exporter.AzureMonitor.Tests\ConnectionString\ConnectionStringParserTests.cs(128,10): error CS0246: The type or namespace name 'Fact' could not be found (are you missing a using directive or an assembly reference?)
C:\gh\azure-sdk-for-net\sdk\monitor\Microsoft.OpenTelemetry.Exporter.AzureMonitor\tests\Microsoft.OpenTelemetry.Exporter.AzureMonitor.Tests\TagsTests.cs(137,10): error CS0246: The type or namespace name 'FactAttribute' could not be found (are you missing a using directive or an assembly reference?)
C:\gh\azure-sdk-for-net\sdk\monitor\Microsoft.OpenTelemetry.Exporter.AzureMonitor\tests\Microsoft.OpenTelemetry.Exporter.AzureMonitor.Tests\TagsTests.cs(137,10): error CS0246: The type or namespace name 'Fact' could not be found (are you missing a using directive or an assembly reference?)
C:\gh\azure-sdk-for-net\sdk\monitor\Microsoft.OpenTelemetry.Exporter.AzureMonitor\tests\Microsoft.OpenTelemetry.Exporter.AzureMonitor.Tests\ConnectionString\ConnectionStringParserTests.cs(137,10): error CS0246: The type or namespace name 'FactAttribute' could not be found (are you missing a using directive or an assembly reference?)
C:\gh\azure-sdk-for-net\sdk\monitor\Microsoft.OpenTelemetry.Exporter.AzureMonitor\tests\Microsoft.OpenTelemetry.Exporter.AzureMonitor.Tests\ConnectionString\ConnectionStringParserTests.cs(137,10): error CS0246: The type or namespace name 'Fact' could not be found (are you missing a using directive or an assembly reference?)
C:\gh\azure-sdk-for-net\sdk\monitor\Microsoft.OpenTelemetry.Exporter.AzureMonitor\tests\Microsoft.OpenTelemetry.Exporter.AzureMonitor.Tests\HttpHelperTests.cs(41,10): error CS0246: The type or namespace name 'FactAttribute' could not be found (are you missing a using directive or an assembly reference?)
C:\gh\azure-sdk-for-net\sdk\monitor\Microsoft.OpenTelemetry.Exporter.AzureMonitor\tests\Microsoft.OpenTelemetry.Exporter.AzureMonitor.Tests\HttpHelperTests.cs(41,10): error CS0246: The type or namespace name 'Fact' could not be found (are you missing a using directive or an assembly reference?)
C:\gh\azure-sdk-for-net\sdk\monitor\Microsoft.OpenTelemetry.Exporter.AzureMonitor\tests\Microsoft.OpenTelemetry.Exporter.AzureMonitor.Tests\ConnectionString\ConnectionStringParserTests.cs(146,10): error CS0246: The type or namespace name 'FactAttribute' could not be found (are you missing a using directive or an assembly reference?)
C:\gh\azure-sdk-for-net\sdk\monitor\Microsoft.OpenTelemetry.Exporter.AzureMonitor\tests\Microsoft.OpenTelemetry.Exporter.AzureMonitor.Tests\ConnectionString\ConnectionStringParserTests.cs(146,10): error CS0246: The type or namespace name 'Fact' could not be found (are you missing a using directive or an assembly reference?)
C:\gh\azure-sdk-for-net\sdk\monitor\Microsoft.OpenTelemetry.Exporter.AzureMonitor\tests\Microsoft.OpenTelemetry.Exporter.AzureMonitor.Tests\TelemetryPartATests.cs(69,10): error CS0246: The type or namespace name 'FactAttribute' could not be found (are you missing a using directive or an assembly reference?)
C:\gh\azure-sdk-for-net\sdk\monitor\Microsoft.OpenTelemetry.Exporter.AzureMonitor\tests\Microsoft.OpenTelemetry.Exporter.AzureMonitor.Tests\TelemetryPartATests.cs(69,10): error CS0246: The type or namespace name 'Fact' could not be found (are you missing a using directive or an assembly reference?)
C:\gh\azure-sdk-for-net\sdk\monitor\Microsoft.OpenTelemetry.Exporter.AzureMonitor\tests\Microsoft.OpenTelemetry.Exporter.AzureMonitor.Tests\TagsTests.cs(168,10): error CS0246: The type or namespace name 'FactAttribute' could not be found (are you missing a using directive or an assembly reference?)
C:\gh\azure-sdk-for-net\sdk\monitor\Microsoft.OpenTelemetry.Exporter.AzureMonitor\tests\Microsoft.OpenTelemetry.Exporter.AzureMonitor.Tests\TagsTests.cs(168,10): error CS0246: The type or namespace name 'Fact' could not be found (are you missing a using directive or an assembly reference?)
C:\gh\azure-sdk-for-net\sdk\monitor\Microsoft.OpenTelemetry.Exporter.AzureMonitor\tests\Microsoft.OpenTelemetry.Exporter.AzureMonitor.Tests\TelemetryPartATests.cs(80,10): error CS0246: The type or namespace name 'FactAttribute' could not be found (are you missing a using directive or an assembly reference?)
C:\gh\azure-sdk-for-net\sdk\monitor\Microsoft.OpenTelemetry.Exporter.AzureMonitor\tests\Microsoft.OpenTelemetry.Exporter.AzureMonitor.Tests\TelemetryPartATests.cs(80,10): error CS0246: The type or namespace name 'Fact' could not be found (are you missing a using directive or an assembly reference?)
C:\gh\azure-sdk-for-net\sdk\monitor\Microsoft.OpenTelemetry.Exporter.AzureMonitor\tests\Microsoft.OpenTelemetry.Exporter.AzureMonitor.Tests\TagsTests.cs(192,10): error CS0246: The type or namespace name 'FactAttribute' could not be found (are you missing a using directive or an assembly reference?)
C:\gh\azure-sdk-for-net\sdk\monitor\Microsoft.OpenTelemetry.Exporter.AzureMonitor\tests\Microsoft.OpenTelemetry.Exporter.AzureMonitor.Tests\TagsTests.cs(192,10): error CS0246: The type or namespace name 'Fact' could not be found (are you missing a using directive or an assembly reference?)
C:\gh\azure-sdk-for-net\sdk\monitor\Microsoft.OpenTelemetry.Exporter.AzureMonitor\tests\Microsoft.OpenTelemetry.Exporter.AzureMonitor.Tests\TelemetryPartATests.cs(90,10): error CS0246: The type or namespace name 'FactAttribute' could not be found (are you missing a using directive or an assembly reference?)
C:\gh\azure-sdk-for-net\sdk\monitor\Microsoft.OpenTelemetry.Exporter.AzureMonitor\tests\Microsoft.OpenTelemetry.Exporter.AzureMonitor.Tests\TelemetryPartATests.cs(90,10): error CS0246: The type or namespace name 'Fact' could not be found (are you missing a using directive or an assembly reference?)
C:\gh\azure-sdk-for-net\sdk\monitor\Microsoft.OpenTelemetry.Exporter.AzureMonitor\tests\Microsoft.OpenTelemetry.Exporter.AzureMonitor.Tests\TagsTests.cs(216,10): error CS0246: The type or namespace name 'FactAttribute' could not be found (are you missing a using directive or an assembly reference?)
C:\gh\azure-sdk-for-net\sdk\monitor\Microsoft.OpenTelemetry.Exporter.AzureMonitor\tests\Microsoft.OpenTelemetry.Exporter.AzureMonitor.Tests\TagsTests.cs(216,10): error CS0246: The type or namespace name 'Fact' could not be found (are you missing a using directive or an assembly reference?)
C:\gh\azure-sdk-for-net\sdk\monitor\Microsoft.OpenTelemetry.Exporter.AzureMonitor\tests\Microsoft.OpenTelemetry.Exporter.AzureMonitor.Tests\HttpHelperTests.cs(53,10): error CS0246: The type or namespace name 'TheoryAttribute' could not be found (are you missing a using directive or an assembly reference?)
C:\gh\azure-sdk-for-net\sdk\monitor\Microsoft.OpenTelemetry.Exporter.AzureMonitor\tests\Microsoft.OpenTelemetry.Exporter.AzureMonitor.Tests\HttpHelperTests.cs(53,10): error CS0246: The type or namespace name 'Theory' could not be found (are you missing a using directive or an assembly reference?)
C:\gh\azure-sdk-for-net\sdk\monitor\Microsoft.OpenTelemetry.Exporter.AzureMonitor\tests\Microsoft.OpenTelemetry.Exporter.AzureMonitor.Tests\HttpHelperTests.cs(54,10): error CS0246: The type or namespace name 'InlineDataAttribute' could not be found (are you missing a using directive or an assembly reference?)
C:\gh\azure-sdk-for-net\sdk\monitor\Microsoft.OpenTelemetry.Exporter.AzureMonitor\tests\Microsoft.OpenTelemetry.Exporter.AzureMonitor.Tests\HttpHelperTests.cs(54,10): error CS0246: The type or namespace name 'InlineData' could not be found (are you missing a using directive or an assembly reference?)
C:\gh\azure-sdk-for-net\sdk\monitor\Microsoft.OpenTelemetry.Exporter.AzureMonitor\tests\Microsoft.OpenTelemetry.Exporter.AzureMonitor.Tests\HttpHelperTests.cs(55,10): error CS0246: The type or namespace name 'InlineDataAttribute' could not be found (are you missing a using directive or an assembly reference?)
C:\gh\azure-sdk-for-net\sdk\monitor\Microsoft.OpenTelemetry.Exporter.AzureMonitor\tests\Microsoft.OpenTelemetry.Exporter.AzureMonitor.Tests\HttpHelperTests.cs(55,10): error CS0246: The type or namespace name 'InlineData' could not be found (are you missing a using directive or an assembly reference?)
C:\gh\azure-sdk-for-net\sdk\monitor\Microsoft.OpenTelemetry.Exporter.AzureMonitor\tests\Microsoft.OpenTelemetry.Exporter.AzureMonitor.Tests\HttpHelperTests.cs(56,10): error CS0246: The type or namespace name 'InlineDataAttribute' could not be found (are you missing a using directive or an assembly reference?)
C:\gh\azure-sdk-for-net\sdk\monitor\Microsoft.OpenTelemetry.Exporter.AzureMonitor\tests\Microsoft.OpenTelemetry.Exporter.AzureMonitor.Tests\HttpHelperTests.cs(56,10): error CS0246: The type or namespace name 'InlineData' could not be found (are you missing a using directive or an assembly reference?)
C:\gh\azure-sdk-for-net\sdk\monitor\Microsoft.OpenTelemetry.Exporter.AzureMonitor\tests\Microsoft.OpenTelemetry.Exporter.AzureMonitor.Tests\TelemetryPartATests.cs(100,10): error CS0246: The type or namespace name 'FactAttribute' could not be found (are you missing a using directive or an assembly reference?)
C:\gh\azure-sdk-for-net\sdk\monitor\Microsoft.OpenTelemetry.Exporter.AzureMonitor\tests\Microsoft.OpenTelemetry.Exporter.AzureMonitor.Tests\TelemetryPartATests.cs(100,10): error CS0246: The type or namespace name 'Fact' could not be found (are you missing a using directive or an assembly reference?)
C:\gh\azure-sdk-for-net\sdk\monitor\Microsoft.OpenTelemetry.Exporter.AzureMonitor\tests\Microsoft.OpenTelemetry.Exporter.AzureMonitor.Tests\TagsTests.cs(240,10): error CS0246: The type or namespace name 'FactAttribute' could not be found (are you missing a using directive or an assembly reference?)
C:\gh\azure-sdk-for-net\sdk\monitor\Microsoft.OpenTelemetry.Exporter.AzureMonitor\tests\Microsoft.OpenTelemetry.Exporter.AzureMonitor.Tests\TagsTests.cs(240,10): error CS0246: The type or namespace name 'Fact' could not be found (are you missing a using directive or an assembly reference?)
C:\gh\azure-sdk-for-net\sdk\monitor\Microsoft.OpenTelemetry.Exporter.AzureMonitor\tests\Microsoft.OpenTelemetry.Exporter.AzureMonitor.Tests\TelemetryPartATests.cs(110,10): error CS0246: The type or namespace name 'FactAttribute' could not be found (are you missing a using directive or an assembly reference?)
C:\gh\azure-sdk-for-net\sdk\monitor\Microsoft.OpenTelemetry.Exporter.AzureMonitor\tests\Microsoft.OpenTelemetry.Exporter.AzureMonitor.Tests\TelemetryPartATests.cs(110,10): error CS0246: The type or namespace name 'Fact' could not be found (are you missing a using directive or an assembly reference?)
C:\gh\azure-sdk-for-net\sdk\monitor\Microsoft.OpenTelemetry.Exporter.AzureMonitor\tests\Microsoft.OpenTelemetry.Exporter.AzureMonitor.Tests\TagsTests.cs(264,10): error CS0246: The type or namespace name 'FactAttribute' could not be found (are you missing a using directive or an assembly reference?)
C:\gh\azure-sdk-for-net\sdk\monitor\Microsoft.OpenTelemetry.Exporter.AzureMonitor\tests\Microsoft.OpenTelemetry.Exporter.AzureMonitor.Tests\TagsTests.cs(264,10): error CS0246: The type or namespace name 'Fact' could not be found (are you missing a using directive or an assembly reference?)
C:\gh\azure-sdk-for-net\sdk\monitor\Microsoft.OpenTelemetry.Exporter.AzureMonitor\tests\Microsoft.OpenTelemetry.Exporter.AzureMonitor.Tests\TelemetryPartATests.cs(124,10): error CS0246: The type or namespace name 'FactAttribute' could not be found (are you missing a using directive or an assembly reference?)
C:\gh\azure-sdk-for-net\sdk\monitor\Microsoft.OpenTelemetry.Exporter.AzureMonitor\tests\Microsoft.OpenTelemetry.Exporter.AzureMonitor.Tests\TelemetryPartATests.cs(124,10): error CS0246: The type or namespace name 'Fact' could not be found (are you missing a using directive or an assembly reference?)
C:\gh\azure-sdk-for-net\sdk\monitor\Microsoft.OpenTelemetry.Exporter.AzureMonitor\tests\Microsoft.OpenTelemetry.Exporter.AzureMonitor.Tests\TagsTests.cs(288,10): error CS0246: The type or namespace name 'FactAttribute' could not be found (are you missing a using directive or an assembly reference?)
C:\gh\azure-sdk-for-net\sdk\monitor\Microsoft.OpenTelemetry.Exporter.AzureMonitor\tests\Microsoft.OpenTelemetry.Exporter.AzureMonitor.Tests\TagsTests.cs(288,10): error CS0246: The type or namespace name 'Fact' could not be found (are you missing a using directive or an assembly reference?)
C:\gh\azure-sdk-for-net\sdk\monitor\Microsoft.OpenTelemetry.Exporter.AzureMonitor\tests\Microsoft.OpenTelemetry.Exporter.AzureMonitor.Tests\HttpHelperTests.cs(78,10): error CS0246: The type or namespace name 'TheoryAttribute' could not be found (are you missing a using directive or an assembly reference?)
C:\gh\azure-sdk-for-net\sdk\monitor\Microsoft.OpenTelemetry.Exporter.AzureMonitor\tests\Microsoft.OpenTelemetry.Exporter.AzureMonitor.Tests\HttpHelperTests.cs(78,10): error CS0246: The type or namespace name 'Theory' could not be found (are you missing a using directive or an assembly reference?)
C:\gh\azure-sdk-for-net\sdk\monitor\Microsoft.OpenTelemetry.Exporter.AzureMonitor\tests\Microsoft.OpenTelemetry.Exporter.AzureMonitor.Tests\HttpHelperTests.cs(79,10): error CS0246: The type or namespace name 'InlineDataAttribute' could not be found (are you missing a using directive or an assembly reference?)
C:\gh\azure-sdk-for-net\sdk\monitor\Microsoft.OpenTelemetry.Exporter.AzureMonitor\tests\Microsoft.OpenTelemetry.Exporter.AzureMonitor.Tests\HttpHelperTests.cs(79,10): error CS0246: The type or namespace name 'InlineData' could not be found (are you missing a using directive or an assembly reference?)
C:\gh\azure-sdk-for-net\sdk\monitor\Microsoft.OpenTelemetry.Exporter.AzureMonitor\tests\Microsoft.OpenTelemetry.Exporter.AzureMonitor.Tests\HttpHelperTests.cs(80,10): error CS0246: The type or namespace name 'InlineDataAttribute' could not be found (are you missing a using directive or an assembly reference?)
C:\gh\azure-sdk-for-net\sdk\monitor\Microsoft.OpenTelemetry.Exporter.AzureMonitor\tests\Microsoft.OpenTelemetry.Exporter.AzureMonitor.Tests\HttpHelperTests.cs(80,10): error CS0246: The type or namespace name 'InlineData' could not be found (are you missing a using directive or an assembly reference?)
C:\gh\azure-sdk-for-net\sdk\monitor\Microsoft.OpenTelemetry.Exporter.AzureMonitor\tests\Microsoft.OpenTelemetry.Exporter.AzureMonitor.Tests\HttpHelperTests.cs(81,10): error CS0246: The type or namespace name 'InlineDataAttribute' could not be found (are you missing a using directive or an assembly reference?)
C:\gh\azure-sdk-for-net\sdk\monitor\Microsoft.OpenTelemetry.Exporter.AzureMonitor\tests\Microsoft.OpenTelemetry.Exporter.AzureMonitor.Tests\HttpHelperTests.cs(81,10): error CS0246: The type or namespace name 'InlineData' could not be found (are you missing a using directive or an assembly reference?)
C:\gh\azure-sdk-for-net\sdk\monitor\Microsoft.OpenTelemetry.Exporter.AzureMonitor\tests\Microsoft.OpenTelemetry.Exporter.AzureMonitor.Tests\HttpHelperTests.cs(95,10): error CS0246: The type or namespace name 'TheoryAttribute' could not be found (are you missing a using directive or an assembly reference?)
C:\gh\azure-sdk-for-net\sdk\monitor\Microsoft.OpenTelemetry.Exporter.AzureMonitor\tests\Microsoft.OpenTelemetry.Exporter.AzureMonitor.Tests\HttpHelperTests.cs(95,10): error CS0246: The type or namespace name 'Theory' could not be found (are you missing a using directive or an assembly reference?)
C:\gh\azure-sdk-for-net\sdk\monitor\Microsoft.OpenTelemetry.Exporter.AzureMonitor\tests\Microsoft.OpenTelemetry.Exporter.AzureMonitor.Tests\HttpHelperTests.cs(96,10): error CS0246: The type or namespace name 'InlineDataAttribute' could not be found (are you missing a using directive or an assembly reference?)
C:\gh\azure-sdk-for-net\sdk\monitor\Microsoft.OpenTelemetry.Exporter.AzureMonitor\tests\Microsoft.OpenTelemetry.Exporter.AzureMonitor.Tests\HttpHelperTests.cs(96,10): error CS0246: The type or namespace name 'InlineData' could not be found (are you missing a using directive or an assembly reference?)
C:\gh\azure-sdk-for-net\sdk\monitor\Microsoft.OpenTelemetry.Exporter.AzureMonitor\tests\Microsoft.OpenTelemetry.Exporter.AzureMonitor.Tests\HttpHelperTests.cs(97,10): error CS0246: The type or namespace name 'InlineDataAttribute' could not be found (are you missing a using directive or an assembly reference?)
C:\gh\azure-sdk-for-net\sdk\monitor\Microsoft.OpenTelemetry.Exporter.AzureMonitor\tests\Microsoft.OpenTelemetry.Exporter.AzureMonitor.Tests\HttpHelperTests.cs(97,10): error CS0246: The type or namespace name 'InlineData' could not be found (are you missing a using directive or an assembly reference?)
C:\gh\azure-sdk-for-net\sdk\monitor\Microsoft.OpenTelemetry.Exporter.AzureMonitor\tests\Microsoft.OpenTelemetry.Exporter.AzureMonitor.Tests\HttpHelperTests.cs(98,10): error CS0246: The type or namespace name 'InlineDataAttribute' could not be found (are you missing a using directive or an assembly reference?)
C:\gh\azure-sdk-for-net\sdk\monitor\Microsoft.OpenTelemetry.Exporter.AzureMonitor\tests\Microsoft.OpenTelemetry.Exporter.AzureMonitor.Tests\HttpHelperTests.cs(98,10): error CS0246: The type or namespace name 'InlineData' could not be found (are you missing a using directive or an assembly reference?)
C:\gh\azure-sdk-for-net\sdk\monitor\Microsoft.OpenTelemetry.Exporter.AzureMonitor\tests\Microsoft.OpenTelemetry.Exporter.AzureMonitor.Tests\HttpHelperTests.cs(99,10): error CS0246: The type or namespace name 'InlineDataAttribute' could not be found (are you missing a using directive or an assembly reference?)
C:\gh\azure-sdk-for-net\sdk\monitor\Microsoft.OpenTelemetry.Exporter.AzureMonitor\tests\Microsoft.OpenTelemetry.Exporter.AzureMonitor.Tests\HttpHelperTests.cs(99,10): error CS0246: The type or namespace name 'InlineData' could not be found (are you missing a using directive or an assembly reference?)
C:\gh\azure-sdk-for-net\sdk\monitor\Microsoft.OpenTelemetry.Exporter.AzureMonitor\tests\Microsoft.OpenTelemetry.Exporter.AzureMonitor.Tests\HttpHelperTests.cs(115,10): error CS0246: The type or namespace name 'TheoryAttribute' could not be found (are you missing a using directive or an assembly reference?)
C:\gh\azure-sdk-for-net\sdk\monitor\Microsoft.OpenTelemetry.Exporter.AzureMonitor\tests\Microsoft.OpenTelemetry.Exporter.AzureMonitor.Tests\HttpHelperTests.cs(115,10): error CS0246: The type or namespace name 'Theory' could not be found (are you missing a using directive or an assembly reference?)
C:\gh\azure-sdk-for-net\sdk\monitor\Microsoft.OpenTelemetry.Exporter.AzureMonitor\tests\Microsoft.OpenTelemetry.Exporter.AzureMonitor.Tests\HttpHelperTests.cs(116,10): error CS0246: The type or namespace name 'InlineDataAttribute' could not be found (are you missing a using directive or an assembly reference?)
C:\gh\azure-sdk-for-net\sdk\monitor\Microsoft.OpenTelemetry.Exporter.AzureMonitor\tests\Microsoft.OpenTelemetry.Exporter.AzureMonitor.Tests\HttpHelperTests.cs(116,10): error CS0246: The type or namespace name 'InlineData' could not be found (are you missing a using directive or an assembly reference?)
C:\gh\azure-sdk-for-net\sdk\monitor\Microsoft.OpenTelemetry.Exporter.AzureMonitor\tests\Microsoft.OpenTelemetry.Exporter.AzureMonitor.Tests\HttpHelperTests.cs(117,10): error CS0246: The type or namespace name 'InlineDataAttribute' could not be found (are you missing a using directive or an assembly reference?)
C:\gh\azure-sdk-for-net\sdk\monitor\Microsoft.OpenTelemetry.Exporter.AzureMonitor\tests\Microsoft.OpenTelemetry.Exporter.AzureMonitor.Tests\HttpHelperTests.cs(117,10): error CS0246: The type or namespace name 'InlineData' could not be found (are you missing a using directive or an assembly reference?)
C:\gh\azure-sdk-for-net\sdk\monitor\Microsoft.OpenTelemetry.Exporter.AzureMonitor\tests\Microsoft.OpenTelemetry.Exporter.AzureMonitor.Tests\HttpHelperTests.cs(132,10): error CS0246: The type or namespace name 'TheoryAttribute' could not be found (are you missing a using directive or an assembly reference?)
C:\gh\azure-sdk-for-net\sdk\monitor\Microsoft.OpenTelemetry.Exporter.AzureMonitor\tests\Microsoft.OpenTelemetry.Exporter.AzureMonitor.Tests\HttpHelperTests.cs(132,10): error CS0246: The type or namespace name 'Theory' could not be found (are you missing a using directive or an assembly reference?)
C:\gh\azure-sdk-for-net\sdk\monitor\Microsoft.OpenTelemetry.Exporter.AzureMonitor\tests\Microsoft.OpenTelemetry.Exporter.AzureMonitor.Tests\HttpHelperTests.cs(133,10): error CS0246: The type or namespace name 'InlineDataAttribute' could not be found (are you missing a using directive or an assembly reference?)
C:\gh\azure-sdk-for-net\sdk\monitor\Microsoft.OpenTelemetry.Exporter.AzureMonitor\tests\Microsoft.OpenTelemetry.Exporter.AzureMonitor.Tests\HttpHelperTests.cs(133,10): error CS0246: The type or namespace name 'InlineData' could not be found (are you missing a using directive or an assembly reference?)
C:\gh\azure-sdk-for-net\sdk\monitor\Microsoft.OpenTelemetry.Exporter.AzureMonitor\tests\Microsoft.OpenTelemetry.Exporter.AzureMonitor.Tests\HttpHelperTests.cs(134,10): error CS0246: The type or namespace name 'InlineDataAttribute' could not be found (are you missing a using directive or an assembly reference?)
C:\gh\azure-sdk-for-net\sdk\monitor\Microsoft.OpenTelemetry.Exporter.AzureMonitor\tests\Microsoft.OpenTelemetry.Exporter.AzureMonitor.Tests\HttpHelperTests.cs(134,10): error CS0246: The type or namespace name 'InlineData' could not be found (are you missing a using directive or an assembly reference?)
C:\gh\azure-sdk-for-net\sdk\monitor\Microsoft.OpenTelemetry.Exporter.AzureMonitor\tests\Microsoft.OpenTelemetry.Exporter.AzureMonitor.Tests\HttpHelperTests.cs(148,10): error CS0246: The type or namespace name 'TheoryAttribute' could not be found (are you missing a using directive or an assembly reference?)
C:\gh\azure-sdk-for-net\sdk\monitor\Microsoft.OpenTelemetry.Exporter.AzureMonitor\tests\Microsoft.OpenTelemetry.Exporter.AzureMonitor.Tests\HttpHelperTests.cs(148,10): error CS0246: The type or namespace name 'Theory' could not be found (are you missing a using directive or an assembly reference?)
C:\gh\azure-sdk-for-net\sdk\monitor\Microsoft.OpenTelemetry.Exporter.AzureMonitor\tests\Microsoft.OpenTelemetry.Exporter.AzureMonitor.Tests\HttpHelperTests.cs(149,10): error CS0246: The type or namespace name 'InlineDataAttribute' could not be found (are you missing a using directive or an assembly reference?)
C:\gh\azure-sdk-for-net\sdk\monitor\Microsoft.OpenTelemetry.Exporter.AzureMonitor\tests\Microsoft.OpenTelemetry.Exporter.AzureMonitor.Tests\HttpHelperTests.cs(149,10): error CS0246: The type or namespace name 'InlineData' could not be found (are you missing a using directive or an assembly reference?)
C:\gh\azure-sdk-for-net\sdk\monitor\Microsoft.OpenTelemetry.Exporter.AzureMonitor\tests\Microsoft.OpenTelemetry.Exporter.AzureMonitor.Tests\HttpHelperTests.cs(150,10): error CS0246: The type or namespace name 'InlineDataAttribute' could not be found (are you missing a using directive or an assembly reference?)
C:\gh\azure-sdk-for-net\sdk\monitor\Microsoft.OpenTelemetry.Exporter.AzureMonitor\tests\Microsoft.OpenTelemetry.Exporter.AzureMonitor.Tests\HttpHelperTests.cs(150,10): error CS0246: The type or namespace name 'InlineData' could not be found (are you missing a using directive or an assembly reference?)
C:\gh\azure-sdk-for-net\sdk\monitor\Microsoft.OpenTelemetry.Exporter.AzureMonitor\tests\Microsoft.OpenTelemetry.Exporter.AzureMonitor.Tests\HttpHelperTests.cs(151,10): error CS0246: The type or namespace name 'InlineDataAttribute' could not be found (are you missing a using directive or an assembly reference?)
C:\gh\azure-sdk-for-net\sdk\monitor\Microsoft.OpenTelemetry.Exporter.AzureMonitor\tests\Microsoft.OpenTelemetry.Exporter.AzureMonitor.Tests\HttpHelperTests.cs(151,10): error CS0246: The type or namespace name 'InlineData' could not be found (are you missing a using directive or an assembly reference?)
C:\gh\azure-sdk-for-net\sdk\monitor\Microsoft.OpenTelemetry.Exporter.AzureMonitor\tests\Microsoft.OpenTelemetry.Exporter.AzureMonitor.Tests\HttpHelperTests.cs(152,10): error CS0246: The type or namespace name 'InlineDataAttribute' could not be found (are you missing a using directive or an assembly reference?)
C:\gh\azure-sdk-for-net\sdk\monitor\Microsoft.OpenTelemetry.Exporter.AzureMonitor\tests\Microsoft.OpenTelemetry.Exporter.AzureMonitor.Tests\HttpHelperTests.cs(152,10): error CS0246: The type or namespace name 'InlineData' could not be found (are you missing a using directive or an assembly reference?)
C:\gh\azure-sdk-for-net\sdk\monitor\Microsoft.OpenTelemetry.Exporter.AzureMonitor\tests\Microsoft.OpenTelemetry.Exporter.AzureMonitor.Tests\HttpHelperTests.cs(175,10): error CS0246: The type or namespace name 'FactAttribute' could not be found (are you missing a using directive or an assembly reference?)
C:\gh\azure-sdk-for-net\sdk\monitor\Microsoft.OpenTelemetry.Exporter.AzureMonitor\tests\Microsoft.OpenTelemetry.Exporter.AzureMonitor.Tests\HttpHelperTests.cs(175,10): error CS0246: The type or namespace name 'Fact' could not be found (are you missing a using directive or an assembly reference?)
C:\gh\azure-sdk-for-net\sdk\monitor\Microsoft.OpenTelemetry.Exporter.AzureMonitor\tests\Microsoft.OpenTelemetry.Exporter.AzureMonitor.Tests\ConnectionString\ConnectionStringTests.cs(23,13): error CS0103: The name 'Assert' does not exist in the current context
C:\gh\azure-sdk-for-net\sdk\monitor\Microsoft.OpenTelemetry.Exporter.AzureMonitor\tests\Microsoft.OpenTelemetry.Exporter.AzureMonitor.Tests\ConnectionString\ConnectionStringTests.cs(24,13): error CS0103: The name 'Assert' does not exist in the current context
C:\gh\azure-sdk-for-net\sdk\monitor\Microsoft.OpenTelemetry.Exporter.AzureMonitor\tests\Microsoft.OpenTelemetry.Exporter.AzureMonitor.Tests\ConnectionString\ConnectionStringTests.cs(25,13): error CS0103: The name 'Assert' does not exist in the current context
C:\gh\azure-sdk-for-net\sdk\monitor\Microsoft.OpenTelemetry.Exporter.AzureMonitor\tests\Microsoft.OpenTelemetry.Exporter.AzureMonitor.Tests\ConnectionString\ConnectionStringParserTests.cs(14,13): error CS0103: The name 'Assert' does not exist in the current context
C:\gh\azure-sdk-for-net\sdk\monitor\Microsoft.OpenTelemetry.Exporter.AzureMonitor\tests\Microsoft.OpenTelemetry.Exporter.AzureMonitor.Tests\AzureMonitorTraceExporterTests.cs(20,62): error CS0518: Predefined type 'System.Void' is not defined or imported
C:\gh\azure-sdk-for-net\sdk\monitor\Microsoft.OpenTelemetry.Exporter.AzureMonitor\tests\Microsoft.OpenTelemetry.Exporter.AzureMonitor.Tests\AzureMonitorTraceExporterTests.cs(20,92): error CS0518: Predefined type 'System.String' is not defined or imported
C:\gh\azure-sdk-for-net\sdk\monitor\Microsoft.OpenTelemetry.Exporter.AzureMonitor\tests\Microsoft.OpenTelemetry.Exporter.AzureMonitor.Tests\AzureMonitorTraceExporterTests.cs(20,32): error CS0518: Predefined type 'System.Void' is not defined or imported
C:\gh\azure-sdk-for-net\sdk\monitor\Microsoft.OpenTelemetry.Exporter.AzureMonitor\tests\Microsoft.OpenTelemetry.Exporter.AzureMonitor.Tests\AzureMonitorTraceExporterTests.cs(23,13): error CS0103: The name 'Assert' does not exist in the current context
C:\gh\azure-sdk-for-net\sdk\monitor\Microsoft.OpenTelemetry.Exporter.AzureMonitor\tests\Microsoft.OpenTelemetry.Exporter.AzureMonitor.Tests\AzureMonitorTraceExporterTests.cs(24,13): error CS0103: The name 'Assert' does not exist in the current context
C:\gh\azure-sdk-for-net\sdk\monitor\Microsoft.OpenTelemetry.Exporter.AzureMonitor\tests\Microsoft.OpenTelemetry.Exporter.AzureMonitor.Tests\HttpHelperTests.cs(14,29): error CS0122: 'AzMonList' is inaccessible due to its protection level
C:\gh\azure-sdk-for-net\sdk\monitor\Microsoft.OpenTelemetry.Exporter.AzureMonitor\tests\Microsoft.OpenTelemetry.Exporter.AzureMonitor.Tests\HttpHelperTests.cs(16,23): error CS1061: 'AzMonList' does not contain a definition for 'GenerateUrlAndAuthority' and no accessible extension method 'GenerateUrlAndAuthority' accepting a first argument of type 'AzMonList' could be found (are you missing a using directive or an assembly reference?)
C:\gh\azure-sdk-for-net\sdk\monitor\Microsoft.OpenTelemetry.Exporter.AzureMonitor\tests\Microsoft.OpenTelemetry.Exporter.AzureMonitor.Tests\HttpHelperTests.cs(17,13): error CS0103: The name 'Assert' does not exist in the current context
C:\gh\azure-sdk-for-net\sdk\monitor\Microsoft.OpenTelemetry.Exporter.AzureMonitor\tests\Microsoft.OpenTelemetry.Exporter.AzureMonitor.Tests\HttpHelperTests.cs(18,13): error CS0103: The name 'Assert' does not exist in the current context
C:\gh\azure-sdk-for-net\sdk\monitor\Microsoft.OpenTelemetry.Exporter.AzureMonitor\tests\Microsoft.OpenTelemetry.Exporter.AzureMonitor.Tests\ConnectionString\ConnectionStringParserTests.cs(23,13): error CS0103: The name 'Assert' does not exist in the current context
C:\gh\azure-sdk-for-net\sdk\monitor\Microsoft.OpenTelemetry.Exporter.AzureMonitor\tests\Microsoft.OpenTelemetry.Exporter.AzureMonitor.Tests\ExceptionExtensionsTests.cs(26,13): error CS0122: 'ExceptionExtensions' is inaccessible due to its protection level
C:\gh\azure-sdk-for-net\sdk\monitor\Microsoft.OpenTelemetry.Exporter.AzureMonitor\tests\Microsoft.OpenTelemetry.Exporter.AzureMonitor.Tests\ExceptionExtensionsTests.cs(28,13): error CS0103: The name 'Assert' does not exist in the current context
C:\gh\azure-sdk-for-net\sdk\monitor\Microsoft.OpenTelemetry.Exporter.AzureMonitor\tests\Microsoft.OpenTelemetry.Exporter.AzureMonitor.Tests\ConnectionString\ConnectionStringTests.cs(33,13): error CS0103: The name 'Assert' does not exist in the current context
C:\gh\azure-sdk-for-net\sdk\monitor\Microsoft.OpenTelemetry.Exporter.AzureMonitor\tests\Microsoft.OpenTelemetry.Exporter.AzureMonitor.Tests\ConnectionString\ConnectionStringTests.cs(34,13): error CS0103: The name 'Assert' does not exist in the current context
C:\gh\azure-sdk-for-net\sdk\monitor\Microsoft.OpenTelemetry.Exporter.AzureMonitor\tests\Microsoft.OpenTelemetry.Exporter.AzureMonitor.Tests\ConnectionString\ConnectionStringTests.cs(35,13): error CS0103: The name 'Assert' does not exist in the current context
C:\gh\azure-sdk-for-net\sdk\monitor\Microsoft.OpenTelemetry.Exporter.AzureMonitor\tests\Microsoft.OpenTelemetry.Exporter.AzureMonitor.Tests\ConnectionString\ConnectionStringParserTests.cs(34,44): error CS0122: 'Constants' is inaccessible due to its protection level
C:\gh\azure-sdk-for-net\sdk\monitor\Microsoft.OpenTelemetry.Exporter.AzureMonitor\tests\Microsoft.OpenTelemetry.Exporter.AzureMonitor.Tests\ExceptionExtensionsTests.cs(34,13): error CS0122: 'ExceptionExtensions' is inaccessible due to its protection level
C:\gh\azure-sdk-for-net\sdk\monitor\Microsoft.OpenTelemetry.Exporter.AzureMonitor\tests\Microsoft.OpenTelemetry.Exporter.AzureMonitor.Tests\ExceptionExtensionsTests.cs(35,13): error CS0103: The name 'Assert' does not exist in the current context
C:\gh\azure-sdk-for-net\sdk\monitor\Microsoft.OpenTelemetry.Exporter.AzureMonitor\tests\Microsoft.OpenTelemetry.Exporter.AzureMonitor.Tests\NDJsonWriterTests.cs(14,30): error CS0122: 'NDJsonWriter' is inaccessible due to its protection level
C:\gh\azure-sdk-for-net\sdk\monitor\Microsoft.OpenTelemetry.Exporter.AzureMonitor\tests\Microsoft.OpenTelemetry.Exporter.AzureMonitor.Tests\NDJsonWriterTests.cs(14,30): error CS0518: Predefined type 'System.Void' is not defined or imported
C:\gh\azure-sdk-for-net\sdk\monitor\Microsoft.OpenTelemetry.Exporter.AzureMonitor\tests\Microsoft.OpenTelemetry.Exporter.AzureMonitor.Tests\NDJsonWriterTests.cs(15,20): error CS0246: The type or namespace name 'IDisposable' could not be found (are you missing a using directive or an assembly reference?)
C:\gh\azure-sdk-for-net\sdk\monitor\Microsoft.OpenTelemetry.Exporter.AzureMonitor\tests\Microsoft.OpenTelemetry.Exporter.AzureMonitor.Tests\NDJsonWriterTests.cs(15,20): error CS0122: 'NDJsonWriter.JsonWriter' is inaccessible due to its protection level
C:\gh\azure-sdk-for-net\sdk\monitor\Microsoft.OpenTelemetry.Exporter.AzureMonitor\tests\Microsoft.OpenTelemetry.Exporter.AzureMonitor.Tests\NDJsonWriterTests.cs(16,20): error CS0246: The type or namespace name 'IDisposable' could not be found (are you missing a using directive or an assembly reference?)
C:\gh\azure-sdk-for-net\sdk\monitor\Microsoft.OpenTelemetry.Exporter.AzureMonitor\tests\Microsoft.OpenTelemetry.Exporter.AzureMonitor.Tests\NDJsonWriterTests.cs(16,20): error CS0122: 'NDJsonWriter.JsonWriter' is inaccessible due to its protection level
C:\gh\azure-sdk-for-net\sdk\monitor\Microsoft.OpenTelemetry.Exporter.AzureMonitor\tests\Microsoft.OpenTelemetry.Exporter.AzureMonitor.Tests\NDJsonWriterTests.cs(17,20): error CS0246: The type or namespace name 'IDisposable' could not be found (are you missing a using directive or an assembly reference?)
C:\gh\azure-sdk-for-net\sdk\monitor\Microsoft.OpenTelemetry.Exporter.AzureMonitor\tests\Microsoft.OpenTelemetry.Exporter.AzureMonitor.Tests\NDJsonWriterTests.cs(17,20): error CS0122: 'NDJsonWriter.JsonWriter' is inaccessible due to its protection level
C:\gh\azure-sdk-for-net\sdk\monitor\Microsoft.OpenTelemetry.Exporter.AzureMonitor\tests\Microsoft.OpenTelemetry.Exporter.AzureMonitor.Tests\NDJsonWriterTests.cs(18,20): error CS0246: The type or namespace name 'IDisposable' could not be found (are you missing a using directive or an assembly reference?)
C:\gh\azure-sdk-for-net\sdk\monitor\Microsoft.OpenTelemetry.Exporter.AzureMonitor\tests\Microsoft.OpenTelemetry.Exporter.AzureMonitor.Tests\NDJsonWriterTests.cs(18,20): error CS0122: 'NDJsonWriter.WriteNewLine()' is inaccessible due to its protection level
C:\gh\azure-sdk-for-net\sdk\monitor\Microsoft.OpenTelemetry.Exporter.AzureMonitor\tests\Microsoft.OpenTelemetry.Exporter.AzureMonitor.Tests\NDJsonWriterTests.cs(19,20): error CS0246: The type or namespace name 'IDisposable' could not be found (are you missing a using directive or an assembly reference?)
C:\gh\azure-sdk-for-net\sdk\monitor\Microsoft.OpenTelemetry.Exporter.AzureMonitor\tests\Microsoft.OpenTelemetry.Exporter.AzureMonitor.Tests\NDJsonWriterTests.cs(19,20): error CS0122: 'NDJsonWriter.JsonWriter' is inaccessible due to its protection level
C:\gh\azure-sdk-for-net\sdk\monitor\Microsoft.OpenTelemetry.Exporter.AzureMonitor\tests\Microsoft.OpenTelemetry.Exporter.AzureMonitor.Tests\NDJsonWriterTests.cs(20,20): error CS0246: The type or namespace name 'IDisposable' could not be found (are you missing a using directive or an assembly reference?)
C:\gh\azure-sdk-for-net\sdk\monitor\Microsoft.OpenTelemetry.Exporter.AzureMonitor\tests\Microsoft.OpenTelemetry.Exporter.AzureMonitor.Tests\NDJsonWriterTests.cs(20,20): error CS0122: 'NDJsonWriter.JsonWriter' is inaccessible due to its protection level
C:\gh\azure-sdk-for-net\sdk\monitor\Microsoft.OpenTelemetry.Exporter.AzureMonitor\tests\Microsoft.OpenTelemetry.Exporter.AzureMonitor.Tests\NDJsonWriterTests.cs(21,20): error CS0246: The type or namespace name 'IDisposable' could not be found (are you missing a using directive or an assembly reference?)
C:\gh\azure-sdk-for-net\sdk\monitor\Microsoft.OpenTelemetry.Exporter.AzureMonitor\tests\Microsoft.OpenTelemetry.Exporter.AzureMonitor.Tests\NDJsonWriterTests.cs(21,20): error CS0122: 'NDJsonWriter.JsonWriter' is inaccessible due to its protection level
C:\gh\azure-sdk-for-net\sdk\monitor\Microsoft.OpenTelemetry.Exporter.AzureMonitor\tests\Microsoft.OpenTelemetry.Exporter.AzureMonitor.Tests\NDJsonWriterTests.cs(23,13): error CS0103: The name 'Assert' does not exist in the current context
C:\gh\azure-sdk-for-net\sdk\monitor\Microsoft.OpenTelemetry.Exporter.AzureMonitor\tests\Microsoft.OpenTelemetry.Exporter.AzureMonitor.Tests\NDJsonWriterTests.cs(23,110): error CS0246: The type or namespace name 'IDisposable' could not be found (are you missing a using directive or an assembly reference?)
C:\gh\azure-sdk-for-net\sdk\monitor\Microsoft.OpenTelemetry.Exporter.AzureMonitor\tests\Microsoft.OpenTelemetry.Exporter.AzureMonitor.Tests\NDJsonWriterTests.cs(23,110): error CS0122: 'NDJsonWriter.ToBytes()' is inaccessible due to its protection level
C:\gh\azure-sdk-for-net\sdk\monitor\Microsoft.OpenTelemetry.Exporter.AzureMonitor\tests\Microsoft.OpenTelemetry.Exporter.AzureMonitor.Tests\NDJsonWriterTests.cs(24,20): error CS0246: The type or namespace name 'IDisposable' could not be found (are you missing a using directive or an assembly reference?)
C:\gh\azure-sdk-for-net\sdk\monitor\Microsoft.OpenTelemetry.Exporter.AzureMonitor\tests\Microsoft.OpenTelemetry.Exporter.AzureMonitor.Tests\NDJsonWriterTests.cs(24,20): error CS0122: 'NDJsonWriter.Dispose()' is inaccessible due to its protection level
C:\gh\azure-sdk-for-net\sdk\monitor\Microsoft.OpenTelemetry.Exporter.AzureMonitor\tests\Microsoft.OpenTelemetry.Exporter.AzureMonitor.Tests\ConnectionString\ConnectionStringParser_BuildUriTests.cs(18,26): error CS0122: 'ConnectionStringParser' is inaccessible due to its protection level
C:\gh\azure-sdk-for-net\sdk\monitor\Microsoft.OpenTelemetry.Exporter.AzureMonitor\tests\Microsoft.OpenTelemetry.Exporter.AzureMonitor.Tests\ConnectionString\ConnectionStringParser_BuildUriTests.cs(24,13): error CS0103: The name 'Assert' does not exist in the current context
C:\gh\azure-sdk-for-net\sdk\monitor\Microsoft.OpenTelemetry.Exporter.AzureMonitor\tests\Microsoft.OpenTelemetry.Exporter.AzureMonitor.Tests\ConnectionString\ConnectionStringParser_BuildUriTests.cs(25,13): error CS0103: The name 'Assert' does not exist in the current context
C:\gh\azure-sdk-for-net\sdk\monitor\Microsoft.OpenTelemetry.Exporter.AzureMonitor\tests\Microsoft.OpenTelemetry.Exporter.AzureMonitor.Tests\AzureMonitorTraceExporterTests.cs(32,62): error CS0518: Predefined type 'System.Void' is not defined or imported
C:\gh\azure-sdk-for-net\sdk\monitor\Microsoft.OpenTelemetry.Exporter.AzureMonitor\tests\Microsoft.OpenTelemetry.Exporter.AzureMonitor.Tests\AzureMonitorTraceExporterTests.cs(32,92): error CS0518: Predefined type 'System.String' is not defined or imported
C:\gh\azure-sdk-for-net\sdk\monitor\Microsoft.OpenTelemetry.Exporter.AzureMonitor\tests\Microsoft.OpenTelemetry.Exporter.AzureMonitor.Tests\AzureMonitorTraceExporterTests.cs(32,32): error CS0518: Predefined type 'System.Void' is not defined or imported
C:\gh\azure-sdk-for-net\sdk\monitor\Microsoft.OpenTelemetry.Exporter.AzureMonitor\tests\Microsoft.OpenTelemetry.Exporter.AzureMonitor.Tests\AzureMonitorTraceExporterTests.cs(35,13): error CS0103: The name 'Assert' does not exist in the current context
C:\gh\azure-sdk-for-net\sdk\monitor\Microsoft.OpenTelemetry.Exporter.AzureMonitor\tests\Microsoft.OpenTelemetry.Exporter.AzureMonitor.Tests\AzureMonitorTraceExporterTests.cs(36,13): error CS0103: The name 'Assert' does not exist in the current context
C:\gh\azure-sdk-for-net\sdk\monitor\Microsoft.OpenTelemetry.Exporter.AzureMonitor\tests\Microsoft.OpenTelemetry.Exporter.AzureMonitor.Tests\AzureMonitorTraceExporterTests.cs(36,43): error CS0122: 'Constants' is inaccessible due to its protection level
C:\gh\azure-sdk-for-net\sdk\monitor\Microsoft.OpenTelemetry.Exporter.AzureMonitor\tests\Microsoft.OpenTelemetry.Exporter.AzureMonitor.Tests\TagsTests.cs(16,13): error CS0103: The name 'Activity' does not exist in the current context
C:\gh\azure-sdk-for-net\sdk\monitor\Microsoft.OpenTelemetry.Exporter.AzureMonitor\tests\Microsoft.OpenTelemetry.Exporter.AzureMonitor.Tests\TagsTests.cs(16,40): error CS0103: The name 'ActivityIdFormat' does not exist in the current context
C:\gh\azure-sdk-for-net\sdk\monitor\Microsoft.OpenTelemetry.Exporter.AzureMonitor\tests\Microsoft.OpenTelemetry.Exporter.AzureMonitor.Tests\TagsTests.cs(17,13): error CS0103: The name 'Activity' does not exist in the current context
C:\gh\azure-sdk-for-net\sdk\monitor\Microsoft.OpenTelemetry.Exporter.AzureMonitor\tests\Microsoft.OpenTelemetry.Exporter.AzureMonitor.Tests\TagsTests.cs(19,32): error CS0246: The type or namespace name 'ActivityListener' could not be found (are you missing a using directive or an assembly reference?)
C:\gh\azure-sdk-for-net\sdk\monitor\Microsoft.OpenTelemetry.Exporter.AzureMonitor\tests\Microsoft.OpenTelemetry.Exporter.AzureMonitor.Tests\TagsTests.cs(22,31): error CS0246: The type or namespace name 'ActivityCreationOptions<>' could not be found (are you missing a using directive or an assembly reference?)
C:\gh\azure-sdk-for-net\sdk\monitor\Microsoft.OpenTelemetry.Exporter.AzureMonitor\tests\Microsoft.OpenTelemetry.Exporter.AzureMonitor.Tests\TagsTests.cs(22,55): error CS0246: The type or namespace name 'ActivityContext' could not be found (are you missing a using directive or an assembly reference?)
C:\gh\azure-sdk-for-net\sdk\monitor\Microsoft.OpenTelemetry.Exporter.AzureMonitor\tests\Microsoft.OpenTelemetry.Exporter.AzureMonitor.Tests\TagsTests.cs(25,13): error CS0103: The name 'ActivitySource' does not exist in the current context
C:\gh\azure-sdk-for-net\sdk\monitor\Microsoft.OpenTelemetry.Exporter.AzureMonitor\tests\Microsoft.OpenTelemetry.Exporter.AzureMonitor.Tests\ConnectionString\ConnectionStringTests.cs(43,13): error CS0103: The name 'Assert' does not exist in the current context
C:\gh\azure-sdk-for-net\sdk\monitor\Microsoft.OpenTelemetry.Exporter.AzureMonitor\tests\Microsoft.OpenTelemetry.Exporter.AzureMonitor.Tests\ConnectionString\ConnectionStringTests.cs(44,13): error CS0103: The name 'Assert' does not exist in the current context
C:\gh\azure-sdk-for-net\sdk\monitor\Microsoft.OpenTelemetry.Exporter.AzureMonitor\tests\Microsoft.OpenTelemetry.Exporter.AzureMonitor.Tests\ConnectionString\ConnectionStringTests.cs(45,13): error CS0103: The name 'Assert' does not exist in the current context
C:\gh\azure-sdk-for-net\sdk\monitor\Microsoft.OpenTelemetry.Exporter.AzureMonitor\tests\Microsoft.OpenTelemetry.Exporter.AzureMonitor.Tests\ConnectionString\ConnectionStringParser_BuildUriTests.cs(31,26): error CS0122: 'ConnectionStringParser' is inaccessible due to its protection level
C:\gh\azure-sdk-for-net\sdk\monitor\Microsoft.OpenTelemetry.Exporter.AzureMonitor\tests\Microsoft.OpenTelemetry.Exporter.AzureMonitor.Tests\ConnectionString\ConnectionStringParser_BuildUriTests.cs(37,13): error CS0103: The name 'Assert' does not exist in the current context
C:\gh\azure-sdk-for-net\sdk\monitor\Microsoft.OpenTelemetry.Exporter.AzureMonitor\tests\Microsoft.OpenTelemetry.Exporter.AzureMonitor.Tests\ConnectionString\ConnectionStringParser_BuildUriTests.cs(38,13): error CS0103: The name 'Assert' does not exist in the current context
C:\gh\azure-sdk-for-net\sdk\monitor\Microsoft.OpenTelemetry.Exporter.AzureMonitor\tests\Microsoft.OpenTelemetry.Exporter.AzureMonitor.Tests\AzureMonitorTraceExporterTests.cs(42,13): error CS0103: The name 'Assert' does not exist in the current context
C:\gh\azure-sdk-for-net\sdk\monitor\Microsoft.OpenTelemetry.Exporter.AzureMonitor\tests\Microsoft.OpenTelemetry.Exporter.AzureMonitor.Tests\TelemetryPartATests.cs(21,13): error CS0103: The name 'Activity' does not exist in the current context
C:\gh\azure-sdk-for-net\sdk\monitor\Microsoft.OpenTelemetry.Exporter.AzureMonitor\tests\Microsoft.OpenTelemetry.Exporter.AzureMonitor.Tests\TelemetryPartATests.cs(21,40): error CS0103: The name 'ActivityIdFormat' does not exist in the current context
C:\gh\azure-sdk-for-net\sdk\monitor\Microsoft.OpenTelemetry.Exporter.AzureMonitor\tests\Microsoft.OpenTelemetry.Exporter.AzureMonitor.Tests\TelemetryPartATests.cs(22,13): error CS0103: The name 'Activity' does not exist in the current context
C:\gh\azure-sdk-for-net\sdk\monitor\Microsoft.OpenTelemetry.Exporter.AzureMonitor\tests\Microsoft.OpenTelemetry.Exporter.AzureMonitor.Tests\TelemetryPartATests.cs(24,32): error CS0246: The type or namespace name 'ActivityListener' could not be found (are you missing a using directive or an assembly reference?)
C:\gh\azure-sdk-for-net\sdk\monitor\Microsoft.OpenTelemetry.Exporter.AzureMonitor\tests\Microsoft.OpenTelemetry.Exporter.AzureMonitor.Tests\TelemetryPartATests.cs(27,31): error CS0246: The type or namespace name 'ActivityCreationOptions<>' could not be found (are you missing a using directive or an assembly reference?)
C:\gh\azure-sdk-for-net\sdk\monitor\Microsoft.OpenTelemetry.Exporter.AzureMonitor\tests\Microsoft.OpenTelemetry.Exporter.AzureMonitor.Tests\TelemetryPartATests.cs(27,55): error CS0246: The type or namespace name 'ActivityContext' could not be found (are you missing a using directive or an assembly reference?)
C:\gh\azure-sdk-for-net\sdk\monitor\Microsoft.OpenTelemetry.Exporter.AzureMonitor\tests\Microsoft.OpenTelemetry.Exporter.AzureMonitor.Tests\TelemetryPartATests.cs(30,13): error CS0103: The name 'ActivitySource' does not exist in the current context
C:\gh\azure-sdk-for-net\sdk\monitor\Microsoft.OpenTelemetry.Exporter.AzureMonitor\tests\Microsoft.OpenTelemetry.Exporter.AzureMonitor.Tests\TelemetryPartATests.cs(35,13): error CS0122: 'TelemetryPartA' is inaccessible due to its protection level
C:\gh\azure-sdk-for-net\sdk\monitor\Microsoft.OpenTelemetry.Exporter.AzureMonitor\tests\Microsoft.OpenTelemetry.Exporter.AzureMonitor.Tests\TelemetryPartATests.cs(36,13): error CS0122: 'TelemetryPartA' is inaccessible due to its protection level
C:\gh\azure-sdk-for-net\sdk\monitor\Microsoft.OpenTelemetry.Exporter.AzureMonitor\tests\Microsoft.OpenTelemetry.Exporter.AzureMonitor.Tests\HttpHelperTests.cs(27,29): error CS0122: 'AzMonList' is inaccessible due to its protection level
C:\gh\azure-sdk-for-net\sdk\monitor\Microsoft.OpenTelemetry.Exporter.AzureMonitor\tests\Microsoft.OpenTelemetry.Exporter.AzureMonitor.Tests\HttpHelperTests.cs(28,13): error CS0122: 'AzMonList' is inaccessible due to its protection level
C:\gh\azure-sdk-for-net\sdk\monitor\Microsoft.OpenTelemetry.Exporter.AzureMonitor\tests\Microsoft.OpenTelemetry.Exporter.AzureMonitor.Tests\HttpHelperTests.cs(30,23): error CS1061: 'AzMonList' does not contain a definition for 'GenerateUrlAndAuthority' and no accessible extension method 'GenerateUrlAndAuthority' accepting a first argument of type 'AzMonList' could be found (are you missing a using directive or an assembly reference?)
C:\gh\azure-sdk-for-net\sdk\monitor\Microsoft.OpenTelemetry.Exporter.AzureMonitor\tests\Microsoft.OpenTelemetry.Exporter.AzureMonitor.Tests\HttpHelperTests.cs(31,13): error CS0103: The name 'Assert' does not exist in the current context
C:\gh\azure-sdk-for-net\sdk\monitor\Microsoft.OpenTelemetry.Exporter.AzureMonitor\tests\Microsoft.OpenTelemetry.Exporter.AzureMonitor.Tests\HttpHelperTests.cs(32,13): error CS0103: The name 'Assert' does not exist in the current context
C:\gh\azure-sdk-for-net\sdk\monitor\Microsoft.OpenTelemetry.Exporter.AzureMonitor\tests\Microsoft.OpenTelemetry.Exporter.AzureMonitor.Tests\HttpHelperTests.cs(34,13): error CS0122: 'AzMonList' is inaccessible due to its protection level
C:\gh\azure-sdk-for-net\sdk\monitor\Microsoft.OpenTelemetry.Exporter.AzureMonitor\tests\Microsoft.OpenTelemetry.Exporter.AzureMonitor.Tests\HttpHelperTests.cs(35,13): error CS0122: 'AzMonList' is inaccessible due to its protection level
C:\gh\azure-sdk-for-net\sdk\monitor\Microsoft.OpenTelemetry.Exporter.AzureMonitor\tests\Microsoft.OpenTelemetry.Exporter.AzureMonitor.Tests\HttpHelperTests.cs(36,23): error CS1061: 'AzMonList' does not contain a definition for 'GenerateUrlAndAuthority' and no accessible extension method 'GenerateUrlAndAuthority' accepting a first argument of type 'AzMonList' could be found (are you missing a using directive or an assembly reference?)
C:\gh\azure-sdk-for-net\sdk\monitor\Microsoft.OpenTelemetry.Exporter.AzureMonitor\tests\Microsoft.OpenTelemetry.Exporter.AzureMonitor.Tests\HttpHelperTests.cs(37,13): error CS0103: The name 'Assert' does not exist in the current context
C:\gh\azure-sdk-for-net\sdk\monitor\Microsoft.OpenTelemetry.Exporter.AzureMonitor\tests\Microsoft.OpenTelemetry.Exporter.AzureMonitor.Tests\HttpHelperTests.cs(38,13): error CS0103: The name 'Assert' does not exist in the current context
C:\gh\azure-sdk-for-net\sdk\monitor\Microsoft.OpenTelemetry.Exporter.AzureMonitor\tests\Microsoft.OpenTelemetry.Exporter.AzureMonitor.Tests\ConnectionString\ConnectionStringParser_BuildUriTests.cs(44,26): error CS0122: 'ConnectionStringParser' is inaccessible due to its protection level
C:\gh\azure-sdk-for-net\sdk\monitor\Microsoft.OpenTelemetry.Exporter.AzureMonitor\tests\Microsoft.OpenTelemetry.Exporter.AzureMonitor.Tests\ConnectionString\ConnectionStringParser_BuildUriTests.cs(50,13): error CS0103: The name 'Assert' does not exist in the current context
C:\gh\azure-sdk-for-net\sdk\monitor\Microsoft.OpenTelemetry.Exporter.AzureMonitor\tests\Microsoft.OpenTelemetry.Exporter.AzureMonitor.Tests\ConnectionString\ConnectionStringParser_BuildUriTests.cs(51,13): error CS0103: The name 'Assert' does not exist in the current context
C:\gh\azure-sdk-for-net\sdk\monitor\Microsoft.OpenTelemetry.Exporter.AzureMonitor\tests\Microsoft.OpenTelemetry.Exporter.AzureMonitor.Tests\AzureMonitorTraceExporterTests.cs(50,13): error CS0103: The name 'Assert' does not exist in the current context
C:\gh\azure-sdk-for-net\sdk\monitor\Microsoft.OpenTelemetry.Exporter.AzureMonitor\tests\Microsoft.OpenTelemetry.Exporter.AzureMonitor.Tests\ConnectionString\ConnectionStringTests.cs(57,13): error CS0103: The name 'Assert' does not exist in the current context
C:\gh\azure-sdk-for-net\sdk\monitor\Microsoft.OpenTelemetry.Exporter.AzureMonitor\tests\Microsoft.OpenTelemetry.Exporter.AzureMonitor.Tests\ConnectionString\ConnectionStringTests.cs(58,13): error CS0103: The name 'Assert' does not exist in the current context
C:\gh\azure-sdk-for-net\sdk\monitor\Microsoft.OpenTelemetry.Exporter.AzureMonitor\tests\Microsoft.OpenTelemetry.Exporter.AzureMonitor.Tests\ConnectionString\ConnectionStringTests.cs(59,13): error CS0103: The name 'Assert' does not exist in the current context
C:\gh\azure-sdk-for-net\sdk\monitor\Microsoft.OpenTelemetry.Exporter.AzureMonitor\tests\Microsoft.OpenTelemetry.Exporter.AzureMonitor.Tests\ConnectionString\ConnectionStringTests.cs(60,13): error CS0103: The name 'Assert' does not exist in the current context
C:\gh\azure-sdk-for-net\sdk\monitor\Microsoft.OpenTelemetry.Exporter.AzureMonitor\tests\Microsoft.OpenTelemetry.Exporter.AzureMonitor.Tests\ConnectionString\ConnectionStringTests.cs(61,13): error CS0103: The name 'Assert' does not exist in the current context
C:\gh\azure-sdk-for-net\sdk\monitor\Microsoft.OpenTelemetry.Exporter.AzureMonitor\tests\Microsoft.OpenTelemetry.Exporter.AzureMonitor.Tests\ConnectionString\ConnectionStringTests.cs(62,13): error CS0103: The name 'Assert' does not exist in the current context
C:\gh\azure-sdk-for-net\sdk\monitor\Microsoft.OpenTelemetry.Exporter.AzureMonitor\tests\Microsoft.OpenTelemetry.Exporter.AzureMonitor.Tests\ConnectionString\ConnectionStringParserTests.cs(86,13): error CS0103: The name 'Assert' does not exist in the current context
C:\gh\azure-sdk-for-net\sdk\monitor\Microsoft.OpenTelemetry.Exporter.AzureMonitor\tests\Microsoft.OpenTelemetry.Exporter.AzureMonitor.Tests\TelemetryPartATests.cs(42,13): error CS0122: 'TelemetryPartA' is inaccessible due to its protection level
C:\gh\azure-sdk-for-net\sdk\monitor\Microsoft.OpenTelemetry.Exporter.AzureMonitor\tests\Microsoft.OpenTelemetry.Exporter.AzureMonitor.Tests\TelemetryPartATests.cs(44,13): error CS0122: 'Assert' is inaccessible due to its protection level
C:\gh\azure-sdk-for-net\sdk\monitor\Microsoft.OpenTelemetry.Exporter.AzureMonitor\tests\Microsoft.OpenTelemetry.Exporter.AzureMonitor.Tests\TelemetryPartATests.cs(44,25): error CS0122: 'TelemetryPartA' is inaccessible due to its protection level
C:\gh\azure-sdk-for-net\sdk\monitor\Microsoft.OpenTelemetry.Exporter.AzureMonitor\tests\Microsoft.OpenTelemetry.Exporter.AzureMonitor.Tests\TelemetryPartATests.cs(45,13): error CS0122: 'Assert' is inaccessible due to its protection level
C:\gh\azure-sdk-for-net\sdk\monitor\Microsoft.OpenTelemetry.Exporter.AzureMonitor\tests\Microsoft.OpenTelemetry.Exporter.AzureMonitor.Tests\TelemetryPartATests.cs(45,25): error CS0122: 'TelemetryPartA' is inaccessible due to its protection level
C:\gh\azure-sdk-for-net\sdk\monitor\Microsoft.OpenTelemetry.Exporter.AzureMonitor\tests\Microsoft.OpenTelemetry.Exporter.AzureMonitor.Tests\TagsTests.cs(30,35): error CS0122: 'TagEnumerationState' is inaccessible due to its protection level
C:\gh\azure-sdk-for-net\sdk\monitor\Microsoft.OpenTelemetry.Exporter.AzureMonitor\tests\Microsoft.OpenTelemetry.Exporter.AzureMonitor.Tests\TagsTests.cs(30,35): error CS0518: Predefined type 'System.Void' is not defined or imported
C:\gh\azure-sdk-for-net\sdk\monitor\Microsoft.OpenTelemetry.Exporter.AzureMonitor\tests\Microsoft.OpenTelemetry.Exporter.AzureMonitor.Tests\TagsTests.cs(32,29): error CS0122: 'AzMonList' is inaccessible due to its protection level
C:\gh\azure-sdk-for-net\sdk\monitor\Microsoft.OpenTelemetry.Exporter.AzureMonitor\tests\Microsoft.OpenTelemetry.Exporter.AzureMonitor.Tests\TagsTests.cs(33,29): error CS0122: 'AzMonList' is inaccessible due to its protection level
C:\gh\azure-sdk-for-net\sdk\monitor\Microsoft.OpenTelemetry.Exporter.AzureMonitor\tests\Microsoft.OpenTelemetry.Exporter.AzureMonitor.Tests\TagsTests.cs(39,13): error CS0122: 'Assert' is inaccessible due to its protection level
C:\gh\azure-sdk-for-net\sdk\monitor\Microsoft.OpenTelemetry.Exporter.AzureMonitor\tests\Microsoft.OpenTelemetry.Exporter.AzureMonitor.Tests\TagsTests.cs(39,26): error CS0122: 'PartBType' is inaccessible due to its protection level
C:\gh\azure-sdk-for-net\sdk\monitor\Microsoft.OpenTelemetry.Exporter.AzureMonitor\tests\Microsoft.OpenTelemetry.Exporter.AzureMonitor.Tests\TagsTests.cs(39,36): error CS0518: Predefined type 'System.Enum' is not defined or imported
C:\gh\azure-sdk-for-net\sdk\monitor\Microsoft.OpenTelemetry.Exporter.AzureMonitor\tests\Microsoft.OpenTelemetry.Exporter.AzureMonitor.Tests\TagsTests.cs(39,57): error CS0122: 'TagEnumerationState.activityType' is inaccessible due to its protection level
C:\gh\azure-sdk-for-net\sdk\monitor\Microsoft.OpenTelemetry.Exporter.AzureMonitor\tests\Microsoft.OpenTelemetry.Exporter.AzureMonitor.Tests\TagsTests.cs(40,13): error CS0122: 'Assert' is inaccessible due to its protection level
C:\gh\azure-sdk-for-net\sdk\monitor\Microsoft.OpenTelemetry.Exporter.AzureMonitor\tests\Microsoft.OpenTelemetry.Exporter.AzureMonitor.Tests\TagsTests.cs(40,38): error CS0122: 'TagEnumerationState.PartBTags' is inaccessible due to its protection level
C:\gh\azure-sdk-for-net\sdk\monitor\Microsoft.OpenTelemetry.Exporter.AzureMonitor\tests\Microsoft.OpenTelemetry.Exporter.AzureMonitor.Tests\TagsTests.cs(41,13): error CS0122: 'Assert' is inaccessible due to its protection level
C:\gh\azure-sdk-for-net\sdk\monitor\Microsoft.OpenTelemetry.Exporter.AzureMonitor\tests\Microsoft.OpenTelemetry.Exporter.AzureMonitor.Tests\TagsTests.cs(41,38): error CS0122: 'TagEnumerationState.PartCTags' is inaccessible due to its protection level
C:\gh\azure-sdk-for-net\sdk\monitor\Microsoft.OpenTelemetry.Exporter.AzureMonitor\tests\Microsoft.OpenTelemetry.Exporter.AzureMonitor.Tests\ConnectionString\ConnectionStringParserTests.cs(95,13): error CS0103: The name 'Assert' does not exist in the current context
C:\gh\azure-sdk-for-net\sdk\monitor\Microsoft.OpenTelemetry.Exporter.AzureMonitor\tests\Microsoft.OpenTelemetry.Exporter.AzureMonitor.Tests\ConnectionString\ConnectionStringTests.cs(68,13): error CS0103: The name 'Assert' does not exist in the current context
C:\gh\azure-sdk-for-net\sdk\monitor\Microsoft.OpenTelemetry.Exporter.AzureMonitor\tests\Microsoft.OpenTelemetry.Exporter.AzureMonitor.Tests\ConnectionString\ConnectionStringParser_BuildUriTests.cs(57,13): error CS0103: The name 'Assert' does not exist in the current context
C:\gh\azure-sdk-for-net\sdk\monitor\Microsoft.OpenTelemetry.Exporter.AzureMonitor\tests\Microsoft.OpenTelemetry.Exporter.AzureMonitor.Tests\AzureMonitorTraceExporterTests.cs(56,13): error CS0246: The type or namespace name 'TracerProviderBuilder' could not be found (are you missing a using directive or an assembly reference?)
C:\gh\azure-sdk-for-net\sdk\monitor\Microsoft.OpenTelemetry.Exporter.AzureMonitor\tests\Microsoft.OpenTelemetry.Exporter.AzureMonitor.Tests\AzureMonitorTraceExporterTests.cs(57,13): error CS0103: The name 'Assert' does not exist in the current context
C:\gh\azure-sdk-for-net\sdk\monitor\Microsoft.OpenTelemetry.Exporter.AzureMonitor\tests\Microsoft.OpenTelemetry.Exporter.AzureMonitor.Tests\ConnectionString\ConnectionStringParserTests.cs(104,13): error CS0103: The name 'Assert' does not exist in the current context
C:\gh\azure-sdk-for-net\sdk\monitor\Microsoft.OpenTelemetry.Exporter.AzureMonitor\tests\Microsoft.OpenTelemetry.Exporter.AzureMonitor.Tests\ConnectionString\ConnectionStringTests.cs(74,13): error CS0103: The name 'Assert' does not exist in the current context
C:\gh\azure-sdk-for-net\sdk\monitor\Microsoft.OpenTelemetry.Exporter.AzureMonitor\tests\Microsoft.OpenTelemetry.Exporter.AzureMonitor.Tests\ConnectionString\ConnectionStringParserTests.cs(113,13): error CS0103: The name 'Assert' does not exist in the current context
C:\gh\azure-sdk-for-net\sdk\monitor\Microsoft.OpenTelemetry.Exporter.AzureMonitor\tests\Microsoft.OpenTelemetry.Exporter.AzureMonitor.Tests\HttpHelperTests.cs(44,29): error CS0122: 'AzMonList' is inaccessible due to its protection level
C:\gh\azure-sdk-for-net\sdk\monitor\Microsoft.OpenTelemetry.Exporter.AzureMonitor\tests\Microsoft.OpenTelemetry.Exporter.AzureMonitor.Tests\HttpHelperTests.cs(45,13): error CS0122: 'AzMonList' is inaccessible due to its protection level
C:\gh\azure-sdk-for-net\sdk\monitor\Microsoft.OpenTelemetry.Exporter.AzureMonitor\tests\Microsoft.OpenTelemetry.Exporter.AzureMonitor.Tests\HttpHelperTests.cs(45,75): error CS0122: 'SemanticConventions' is inaccessible due to its protection level
C:\gh\azure-sdk-for-net\sdk\monitor\Microsoft.OpenTelemetry.Exporter.AzureMonitor\tests\Microsoft.OpenTelemetry.Exporter.AzureMonitor.Tests\HttpHelperTests.cs(46,13): error CS0122: 'AzMonList' is inaccessible due to its protection level
C:\gh\azure-sdk-for-net\sdk\monitor\Microsoft.OpenTelemetry.Exporter.AzureMonitor\tests\Microsoft.OpenTelemetry.Exporter.AzureMonitor.Tests\HttpHelperTests.cs(46,75): error CS0122: 'SemanticConventions' is inaccessible due to its protection level
C:\gh\azure-sdk-for-net\sdk\monitor\Microsoft.OpenTelemetry.Exporter.AzureMonitor\tests\Microsoft.OpenTelemetry.Exporter.AzureMonitor.Tests\HttpHelperTests.cs(48,23): error CS1061: 'AzMonList' does not contain a definition for 'GenerateUrlAndAuthority' and no accessible extension method 'GenerateUrlAndAuthority' accepting a first argument of type 'AzMonList' could be found (are you missing a using directive or an assembly reference?)
C:\gh\azure-sdk-for-net\sdk\monitor\Microsoft.OpenTelemetry.Exporter.AzureMonitor\tests\Microsoft.OpenTelemetry.Exporter.AzureMonitor.Tests\HttpHelperTests.cs(49,13): error CS0103: The name 'Assert' does not exist in the current context
C:\gh\azure-sdk-for-net\sdk\monitor\Microsoft.OpenTelemetry.Exporter.AzureMonitor\tests\Microsoft.OpenTelemetry.Exporter.AzureMonitor.Tests\HttpHelperTests.cs(50,13): error CS0103: The name 'Assert' does not exist in the current context
C:\gh\azure-sdk-for-net\sdk\monitor\Microsoft.OpenTelemetry.Exporter.AzureMonitor\tests\Microsoft.OpenTelemetry.Exporter.AzureMonitor.Tests\ConnectionString\ConnectionStringTests.cs(80,13): error CS0103: The name 'Assert' does not exist in the current context
C:\gh\azure-sdk-for-net\sdk\monitor\Microsoft.OpenTelemetry.Exporter.AzureMonitor\tests\Microsoft.OpenTelemetry.Exporter.AzureMonitor.Tests\ConnectionString\ConnectionStringParser_BuildUriTests.cs(68,26): error CS0122: 'ConnectionStringParser' is inaccessible due to its protection level
C:\gh\azure-sdk-for-net\sdk\monitor\Microsoft.OpenTelemetry.Exporter.AzureMonitor\tests\Microsoft.OpenTelemetry.Exporter.AzureMonitor.Tests\ConnectionString\ConnectionStringParser_BuildUriTests.cs(74,13): error CS0103: The name 'Assert' does not exist in the current context
C:\gh\azure-sdk-for-net\sdk\monitor\Microsoft.OpenTelemetry.Exporter.AzureMonitor\tests\Microsoft.OpenTelemetry.Exporter.AzureMonitor.Tests\ConnectionString\ConnectionStringParser_BuildUriTests.cs(75,13): error CS0103: The name 'Assert' does not exist in the current context
C:\gh\azure-sdk-for-net\sdk\monitor\Microsoft.OpenTelemetry.Exporter.AzureMonitor\tests\Microsoft.OpenTelemetry.Exporter.AzureMonitor.Tests\TelemetryPartATests.cs(51,38): error CS0246: The type or namespace name 'Activity' could not be found (are you missing a using directive or an assembly reference?)
C:\gh\azure-sdk-for-net\sdk\monitor\Microsoft.OpenTelemetry.Exporter.AzureMonitor\tests\Microsoft.OpenTelemetry.Exporter.AzureMonitor.Tests\TelemetryPartATests.cs(52,62): error CS0103: The name 'Resources' does not exist in the current context
C:\gh\azure-sdk-for-net\sdk\monitor\Microsoft.OpenTelemetry.Exporter.AzureMonitor\tests\Microsoft.OpenTelemetry.Exporter.AzureMonitor.Tests\TelemetryPartATests.cs(54,13): error CS0122: 'TelemetryPartA' is inaccessible due to its protection level
C:\gh\azure-sdk-for-net\sdk\monitor\Microsoft.OpenTelemetry.Exporter.AzureMonitor\tests\Microsoft.OpenTelemetry.Exporter.AzureMonitor.Tests\TelemetryPartATests.cs(55,13): error CS0122: 'Assert' is inaccessible due to its protection level
C:\gh\azure-sdk-for-net\sdk\monitor\Microsoft.OpenTelemetry.Exporter.AzureMonitor\tests\Microsoft.OpenTelemetry.Exporter.AzureMonitor.Tests\TelemetryPartATests.cs(55,25): error CS0122: 'TelemetryPartA' is inaccessible due to its protection level
C:\gh\azure-sdk-for-net\sdk\monitor\Microsoft.OpenTelemetry.Exporter.AzureMonitor\tests\Microsoft.OpenTelemetry.Exporter.AzureMonitor.Tests\TelemetryPartATests.cs(56,13): error CS0122: 'Assert' is inaccessible due to its protection level
C:\gh\azure-sdk-for-net\sdk\monitor\Microsoft.OpenTelemetry.Exporter.AzureMonitor\tests\Microsoft.OpenTelemetry.Exporter.AzureMonitor.Tests\TelemetryPartATests.cs(56,25): error CS0122: 'TelemetryPartA' is inaccessible due to its protection level
C:\gh\azure-sdk-for-net\sdk\monitor\Microsoft.OpenTelemetry.Exporter.AzureMonitor\tests\Microsoft.OpenTelemetry.Exporter.AzureMonitor.Tests\ConnectionString\ConnectionStringTests.cs(86,13): error CS0103: The name 'Assert' does not exist in the current context
C:\gh\azure-sdk-for-net\sdk\monitor\Microsoft.OpenTelemetry.Exporter.AzureMonitor\tests\Microsoft.OpenTelemetry.Exporter.AzureMonitor.Tests\ConnectionString\ConnectionStringParserTests.cs(122,13): error CS0103: The name 'Assert' does not exist in the current context
C:\gh\azure-sdk-for-net\sdk\monitor\Microsoft.OpenTelemetry.Exporter.AzureMonitor\tests\Microsoft.OpenTelemetry.Exporter.AzureMonitor.Tests\ConnectionString\ConnectionStringTests.cs(92,13): error CS0103: The name 'Assert' does not exist in the current context
C:\gh\azure-sdk-for-net\sdk\monitor\Microsoft.OpenTelemetry.Exporter.AzureMonitor\tests\Microsoft.OpenTelemetry.Exporter.AzureMonitor.Tests\ConnectionString\ConnectionStringParserTests.cs(131,13): error CS0103: The name 'Assert' does not exist in the current context
C:\gh\azure-sdk-for-net\sdk\monitor\Microsoft.OpenTelemetry.Exporter.AzureMonitor\tests\Microsoft.OpenTelemetry.Exporter.AzureMonitor.Tests\TagsTests.cs(47,35): error CS0122: 'TagEnumerationState' is inaccessible due to its protection level
C:\gh\azure-sdk-for-net\sdk\monitor\Microsoft.OpenTelemetry.Exporter.AzureMonitor\tests\Microsoft.OpenTelemetry.Exporter.AzureMonitor.Tests\TagsTests.cs(47,35): error CS0518: Predefined type 'System.Void' is not defined or imported
C:\gh\azure-sdk-for-net\sdk\monitor\Microsoft.OpenTelemetry.Exporter.AzureMonitor\tests\Microsoft.OpenTelemetry.Exporter.AzureMonitor.Tests\TagsTests.cs(49,29): error CS0122: 'AzMonList' is inaccessible due to its protection level
C:\gh\azure-sdk-for-net\sdk\monitor\Microsoft.OpenTelemetry.Exporter.AzureMonitor\tests\Microsoft.OpenTelemetry.Exporter.AzureMonitor.Tests\TagsTests.cs(50,29): error CS0122: 'AzMonList' is inaccessible due to its protection level
C:\gh\azure-sdk-for-net\sdk\monitor\Microsoft.OpenTelemetry.Exporter.AzureMonitor\tests\Microsoft.OpenTelemetry.Exporter.AzureMonitor.Tests\TagsTests.cs(56,13): error CS0122: 'Assert' is inaccessible due to its protection level
C:\gh\azure-sdk-for-net\sdk\monitor\Microsoft.OpenTelemetry.Exporter.AzureMonitor\tests\Microsoft.OpenTelemetry.Exporter.AzureMonitor.Tests\TagsTests.cs(56,26): error CS0122: 'PartBType' is inaccessible due to its protection level
C:\gh\azure-sdk-for-net\sdk\monitor\Microsoft.OpenTelemetry.Exporter.AzureMonitor\tests\Microsoft.OpenTelemetry.Exporter.AzureMonitor.Tests\TagsTests.cs(56,36): error CS0518: Predefined type 'System.Enum' is not defined or imported
C:\gh\azure-sdk-for-net\sdk\monitor\Microsoft.OpenTelemetry.Exporter.AzureMonitor\tests\Microsoft.OpenTelemetry.Exporter.AzureMonitor.Tests\TagsTests.cs(56,57): error CS0122: 'TagEnumerationState.activityType' is inaccessible due to its protection level
C:\gh\azure-sdk-for-net\sdk\monitor\Microsoft.OpenTelemetry.Exporter.AzureMonitor\tests\Microsoft.OpenTelemetry.Exporter.AzureMonitor.Tests\TagsTests.cs(57,13): error CS0122: 'Assert' is inaccessible due to its protection level
C:\gh\azure-sdk-for-net\sdk\monitor\Microsoft.OpenTelemetry.Exporter.AzureMonitor\tests\Microsoft.OpenTelemetry.Exporter.AzureMonitor.Tests\TagsTests.cs(57,38): error CS0122: 'TagEnumerationState.PartBTags' is inaccessible due to its protection level
C:\gh\azure-sdk-for-net\sdk\monitor\Microsoft.OpenTelemetry.Exporter.AzureMonitor\tests\Microsoft.OpenTelemetry.Exporter.AzureMonitor.Tests\TagsTests.cs(58,13): error CS0122: 'Assert' is inaccessible due to its protection level
C:\gh\azure-sdk-for-net\sdk\monitor\Microsoft.OpenTelemetry.Exporter.AzureMonitor\tests\Microsoft.OpenTelemetry.Exporter.AzureMonitor.Tests\TagsTests.cs(58,38): error CS0122: 'TagEnumerationState.PartCTags' is inaccessible due to its protection level
C:\gh\azure-sdk-for-net\sdk\monitor\Microsoft.OpenTelemetry.Exporter.AzureMonitor\tests\Microsoft.OpenTelemetry.Exporter.AzureMonitor.Tests\ConnectionString\ConnectionStringParserTests.cs(140,13): error CS0103: The name 'Assert' does not exist in the current context
C:\gh\azure-sdk-for-net\sdk\monitor\Microsoft.OpenTelemetry.Exporter.AzureMonitor\tests\Microsoft.OpenTelemetry.Exporter.AzureMonitor.Tests\AzureMonitorTraceExporterTests.cs(75,44): error CS0122: 'AzureMonitorTransmitter' is inaccessible due to its protection level
C:\gh\azure-sdk-for-net\sdk\monitor\Microsoft.OpenTelemetry.Exporter.AzureMonitor\tests\Microsoft.OpenTelemetry.Exporter.AzureMonitor.Tests\AzureMonitorTraceExporterTests.cs(79,31): error CS0122: 'ApplicationInsightsRestClient' is inaccessible due to its protection level
C:\gh\azure-sdk-for-net\sdk\monitor\Microsoft.OpenTelemetry.Exporter.AzureMonitor\tests\Microsoft.OpenTelemetry.Exporter.AzureMonitor.Tests\ConnectionString\ConnectionStringParserTests.cs(149,13): error CS0103: The name 'Assert' does not exist in the current context
C:\gh\azure-sdk-for-net\sdk\monitor\Microsoft.OpenTelemetry.Exporter.AzureMonitor\tests\Microsoft.OpenTelemetry.Exporter.AzureMonitor.Tests\TelemetryPartATests.cs(62,38): error CS0246: The type or namespace name 'Activity' could not be found (are you missing a using directive or an assembly reference?)
C:\gh\azure-sdk-for-net\sdk\monitor\Microsoft.OpenTelemetry.Exporter.AzureMonitor\tests\Microsoft.OpenTelemetry.Exporter.AzureMonitor.Tests\TelemetryPartATests.cs(63,62): error CS0103: The name 'Resources' does not exist in the current context
C:\gh\azure-sdk-for-net\sdk\monitor\Microsoft.OpenTelemetry.Exporter.AzureMonitor\tests\Microsoft.OpenTelemetry.Exporter.AzureMonitor.Tests\TelemetryPartATests.cs(64,13): error CS0122: 'TelemetryPartA' is inaccessible due to its protection level
C:\gh\azure-sdk-for-net\sdk\monitor\Microsoft.OpenTelemetry.Exporter.AzureMonitor\tests\Microsoft.OpenTelemetry.Exporter.AzureMonitor.Tests\TelemetryPartATests.cs(65,13): error CS0122: 'Assert' is inaccessible due to its protection level
C:\gh\azure-sdk-for-net\sdk\monitor\Microsoft.OpenTelemetry.Exporter.AzureMonitor\tests\Microsoft.OpenTelemetry.Exporter.AzureMonitor.Tests\TelemetryPartATests.cs(65,40): error CS0122: 'TelemetryPartA' is inaccessible due to its protection level
C:\gh\azure-sdk-for-net\sdk\monitor\Microsoft.OpenTelemetry.Exporter.AzureMonitor\tests\Microsoft.OpenTelemetry.Exporter.AzureMonitor.Tests\TelemetryPartATests.cs(66,13): error CS0122: 'Assert' is inaccessible due to its protection level
C:\gh\azure-sdk-for-net\sdk\monitor\Microsoft.OpenTelemetry.Exporter.AzureMonitor\tests\Microsoft.OpenTelemetry.Exporter.AzureMonitor.Tests\TelemetryPartATests.cs(66,39): error CS0122: 'TelemetryPartA' is inaccessible due to its protection level
C:\gh\azure-sdk-for-net\sdk\monitor\Microsoft.OpenTelemetry.Exporter.AzureMonitor\tests\Microsoft.OpenTelemetry.Exporter.AzureMonitor.Tests\ConnectionString\ConnectionStringParserTests.cs(157,13): error CS0122: 'ConnectionStringParser' is inaccessible due to its protection level
C:\gh\azure-sdk-for-net\sdk\monitor\Microsoft.OpenTelemetry.Exporter.AzureMonitor\tests\Microsoft.OpenTelemetry.Exporter.AzureMonitor.Tests\ConnectionString\ConnectionStringParserTests.cs(159,13): error CS0103: The name 'Assert' does not exist in the current context
C:\gh\azure-sdk-for-net\sdk\monitor\Microsoft.OpenTelemetry.Exporter.AzureMonitor\tests\Microsoft.OpenTelemetry.Exporter.AzureMonitor.Tests\ConnectionString\ConnectionStringParserTests.cs(160,13): error CS0103: The name 'Assert' does not exist in the current context
C:\gh\azure-sdk-for-net\sdk\monitor\Microsoft.OpenTelemetry.Exporter.AzureMonitor\tests\Microsoft.OpenTelemetry.Exporter.AzureMonitor.Tests\HttpHelperTests.cs(59,29): error CS0122: 'AzMonList' is inaccessible due to its protection level
C:\gh\azure-sdk-for-net\sdk\monitor\Microsoft.OpenTelemetry.Exporter.AzureMonitor\tests\Microsoft.OpenTelemetry.Exporter.AzureMonitor.Tests\HttpHelperTests.cs(60,13): error CS0122: 'AzMonList' is inaccessible due to its protection level
C:\gh\azure-sdk-for-net\sdk\monitor\Microsoft.OpenTelemetry.Exporter.AzureMonitor\tests\Microsoft.OpenTelemetry.Exporter.AzureMonitor.Tests\HttpHelperTests.cs(60,75): error CS0122: 'SemanticConventions' is inaccessible due to its protection level
C:\gh\azure-sdk-for-net\sdk\monitor\Microsoft.OpenTelemetry.Exporter.AzureMonitor\tests\Microsoft.OpenTelemetry.Exporter.AzureMonitor.Tests\HttpHelperTests.cs(61,13): error CS0122: 'AzMonList' is inaccessible due to its protection level
C:\gh\azure-sdk-for-net\sdk\monitor\Microsoft.OpenTelemetry.Exporter.AzureMonitor\tests\Microsoft.OpenTelemetry.Exporter.AzureMonitor.Tests\HttpHelperTests.cs(61,75): error CS0122: 'SemanticConventions' is inaccessible due to its protection level
C:\gh\azure-sdk-for-net\sdk\monitor\Microsoft.OpenTelemetry.Exporter.AzureMonitor\tests\Microsoft.OpenTelemetry.Exporter.AzureMonitor.Tests\HttpHelperTests.cs(62,13): error CS0122: 'AzMonList' is inaccessible due to its protection level
C:\gh\azure-sdk-for-net\sdk\monitor\Microsoft.OpenTelemetry.Exporter.AzureMonitor\tests\Microsoft.OpenTelemetry.Exporter.AzureMonitor.Tests\HttpHelperTests.cs(62,75): error CS0122: 'SemanticConventions' is inaccessible due to its protection level
C:\gh\azure-sdk-for-net\sdk\monitor\Microsoft.OpenTelemetry.Exporter.AzureMonitor\tests\Microsoft.OpenTelemetry.Exporter.AzureMonitor.Tests\HttpHelperTests.cs(64,23): error CS1061: 'AzMonList' does not contain a definition for 'GenerateUrlAndAuthority' and no accessible extension method 'GenerateUrlAndAuthority' accepting a first argument of type 'AzMonList' could be found (are you missing a using directive or an assembly reference?)
C:\gh\azure-sdk-for-net\sdk\monitor\Microsoft.OpenTelemetry.Exporter.AzureMonitor\tests\Microsoft.OpenTelemetry.Exporter.AzureMonitor.Tests\HttpHelperTests.cs(68,17): error CS0103: The name 'Assert' does not exist in the current context
C:\gh\azure-sdk-for-net\sdk\monitor\Microsoft.OpenTelemetry.Exporter.AzureMonitor\tests\Microsoft.OpenTelemetry.Exporter.AzureMonitor.Tests\HttpHelperTests.cs(69,17): error CS0103: The name 'Assert' does not exist in the current context
C:\gh\azure-sdk-for-net\sdk\monitor\Microsoft.OpenTelemetry.Exporter.AzureMonitor\tests\Microsoft.OpenTelemetry.Exporter.AzureMonitor.Tests\HttpHelperTests.cs(73,17): error CS0103: The name 'Assert' does not exist in the current context
C:\gh\azure-sdk-for-net\sdk\monitor\Microsoft.OpenTelemetry.Exporter.AzureMonitor\tests\Microsoft.OpenTelemetry.Exporter.AzureMonitor.Tests\HttpHelperTests.cs(74,17): error CS0103: The name 'Assert' does not exist in the current context
C:\gh\azure-sdk-for-net\sdk\monitor\Microsoft.OpenTelemetry.Exporter.AzureMonitor\tests\Microsoft.OpenTelemetry.Exporter.AzureMonitor.Tests\TelemetryPartATests.cs(72,38): error CS0246: The type or namespace name 'Activity' could not be found (are you missing a using directive or an assembly reference?)
C:\gh\azure-sdk-for-net\sdk\monitor\Microsoft.OpenTelemetry.Exporter.AzureMonitor\tests\Microsoft.OpenTelemetry.Exporter.AzureMonitor.Tests\TelemetryPartATests.cs(73,62): error CS0103: The name 'Resources' does not exist in the current context
C:\gh\azure-sdk-for-net\sdk\monitor\Microsoft.OpenTelemetry.Exporter.AzureMonitor\tests\Microsoft.OpenTelemetry.Exporter.AzureMonitor.Tests\TelemetryPartATests.cs(74,13): error CS0122: 'TelemetryPartA' is inaccessible due to its protection level
C:\gh\azure-sdk-for-net\sdk\monitor\Microsoft.OpenTelemetry.Exporter.AzureMonitor\tests\Microsoft.OpenTelemetry.Exporter.AzureMonitor.Tests\TelemetryPartATests.cs(76,13): error CS0122: 'Assert' is inaccessible due to its protection level
C:\gh\azure-sdk-for-net\sdk\monitor\Microsoft.OpenTelemetry.Exporter.AzureMonitor\tests\Microsoft.OpenTelemetry.Exporter.AzureMonitor.Tests\TelemetryPartATests.cs(76,25): error CS0122: 'TelemetryPartA' is inaccessible due to its protection level
C:\gh\azure-sdk-for-net\sdk\monitor\Microsoft.OpenTelemetry.Exporter.AzureMonitor\tests\Microsoft.OpenTelemetry.Exporter.AzureMonitor.Tests\TelemetryPartATests.cs(77,13): error CS0122: 'Assert' is inaccessible due to its protection level
C:\gh\azure-sdk-for-net\sdk\monitor\Microsoft.OpenTelemetry.Exporter.AzureMonitor\tests\Microsoft.OpenTelemetry.Exporter.AzureMonitor.Tests\TelemetryPartATests.cs(77,25): error CS0122: 'TelemetryPartA' is inaccessible due to its protection level
C:\gh\azure-sdk-for-net\sdk\monitor\Microsoft.OpenTelemetry.Exporter.AzureMonitor\tests\Microsoft.OpenTelemetry.Exporter.AzureMonitor.Tests\TelemetryPartATests.cs(83,38): error CS0246: The type or namespace name 'Activity' could not be found (are you missing a using directive or an assembly reference?)
C:\gh\azure-sdk-for-net\sdk\monitor\Microsoft.OpenTelemetry.Exporter.AzureMonitor\tests\Microsoft.OpenTelemetry.Exporter.AzureMonitor.Tests\TelemetryPartATests.cs(84,62): error CS0103: The name 'Resources' does not exist in the current context
C:\gh\azure-sdk-for-net\sdk\monitor\Microsoft.OpenTelemetry.Exporter.AzureMonitor\tests\Microsoft.OpenTelemetry.Exporter.AzureMonitor.Tests\TelemetryPartATests.cs(85,13): error CS0122: 'TelemetryPartA' is inaccessible due to its protection level
C:\gh\azure-sdk-for-net\sdk\monitor\Microsoft.OpenTelemetry.Exporter.AzureMonitor\tests\Microsoft.OpenTelemetry.Exporter.AzureMonitor.Tests\TelemetryPartATests.cs(86,13): error CS0122: 'Assert' is inaccessible due to its protection level
C:\gh\azure-sdk-for-net\sdk\monitor\Microsoft.OpenTelemetry.Exporter.AzureMonitor\tests\Microsoft.OpenTelemetry.Exporter.AzureMonitor.Tests\TelemetryPartATests.cs(86,25): error CS0122: 'TelemetryPartA' is inaccessible due to its protection level
C:\gh\azure-sdk-for-net\sdk\monitor\Microsoft.OpenTelemetry.Exporter.AzureMonitor\tests\Microsoft.OpenTelemetry.Exporter.AzureMonitor.Tests\TelemetryPartATests.cs(87,13): error CS0122: 'Assert' is inaccessible due to its protection level
C:\gh\azure-sdk-for-net\sdk\monitor\Microsoft.OpenTelemetry.Exporter.AzureMonitor\tests\Microsoft.OpenTelemetry.Exporter.AzureMonitor.Tests\TelemetryPartATests.cs(87,25): error CS0122: 'TelemetryPartA' is inaccessible due to its protection level
C:\gh\azure-sdk-for-net\sdk\monitor\Microsoft.OpenTelemetry.Exporter.AzureMonitor\tests\Microsoft.OpenTelemetry.Exporter.AzureMonitor.Tests\TagsTests.cs(64,35): error CS0122: 'TagEnumerationState' is inaccessible due to its protection level
C:\gh\azure-sdk-for-net\sdk\monitor\Microsoft.OpenTelemetry.Exporter.AzureMonitor\tests\Microsoft.OpenTelemetry.Exporter.AzureMonitor.Tests\TagsTests.cs(64,35): error CS0518: Predefined type 'System.Void' is not defined or imported
C:\gh\azure-sdk-for-net\sdk\monitor\Microsoft.OpenTelemetry.Exporter.AzureMonitor\tests\Microsoft.OpenTelemetry.Exporter.AzureMonitor.Tests\TagsTests.cs(66,29): error CS0122: 'AzMonList' is inaccessible due to its protection level
C:\gh\azure-sdk-for-net\sdk\monitor\Microsoft.OpenTelemetry.Exporter.AzureMonitor\tests\Microsoft.OpenTelemetry.Exporter.AzureMonitor.Tests\TagsTests.cs(67,29): error CS0122: 'AzMonList' is inaccessible due to its protection level
C:\gh\azure-sdk-for-net\sdk\monitor\Microsoft.OpenTelemetry.Exporter.AzureMonitor\tests\Microsoft.OpenTelemetry.Exporter.AzureMonitor.Tests\TagsTests.cs(80,13): error CS0122: 'Assert' is inaccessible due to its protection level
C:\gh\azure-sdk-for-net\sdk\monitor\Microsoft.OpenTelemetry.Exporter.AzureMonitor\tests\Microsoft.OpenTelemetry.Exporter.AzureMonitor.Tests\TagsTests.cs(80,26): error CS0122: 'PartBType' is inaccessible due to its protection level
C:\gh\azure-sdk-for-net\sdk\monitor\Microsoft.OpenTelemetry.Exporter.AzureMonitor\tests\Microsoft.OpenTelemetry.Exporter.AzureMonitor.Tests\TagsTests.cs(80,36): error CS0518: Predefined type 'System.Enum' is not defined or imported
C:\gh\azure-sdk-for-net\sdk\monitor\Microsoft.OpenTelemetry.Exporter.AzureMonitor\tests\Microsoft.OpenTelemetry.Exporter.AzureMonitor.Tests\TagsTests.cs(80,57): error CS0122: 'TagEnumerationState.activityType' is inaccessible due to its protection level
C:\gh\azure-sdk-for-net\sdk\monitor\Microsoft.OpenTelemetry.Exporter.AzureMonitor\tests\Microsoft.OpenTelemetry.Exporter.AzureMonitor.Tests\TagsTests.cs(81,13): error CS0122: 'Assert' is inaccessible due to its protection level
C:\gh\azure-sdk-for-net\sdk\monitor\Microsoft.OpenTelemetry.Exporter.AzureMonitor\tests\Microsoft.OpenTelemetry.Exporter.AzureMonitor.Tests\TagsTests.cs(81,38): error CS0122: 'TagEnumerationState.PartBTags' is inaccessible due to its protection level
C:\gh\azure-sdk-for-net\sdk\monitor\Microsoft.OpenTelemetry.Exporter.AzureMonitor\tests\Microsoft.OpenTelemetry.Exporter.AzureMonitor.Tests\TagsTests.cs(82,13): error CS0122: 'Assert' is inaccessible due to its protection level
C:\gh\azure-sdk-for-net\sdk\monitor\Microsoft.OpenTelemetry.Exporter.AzureMonitor\tests\Microsoft.OpenTelemetry.Exporter.AzureMonitor.Tests\TagsTests.cs(82,41): error CS0122: 'TagEnumerationState.PartCTags' is inaccessible due to its protection level
C:\gh\azure-sdk-for-net\sdk\monitor\Microsoft.OpenTelemetry.Exporter.AzureMonitor\tests\Microsoft.OpenTelemetry.Exporter.AzureMonitor.Tests\TagsTests.cs(83,13): error CS0122: 'Assert' is inaccessible due to its protection level
C:\gh\azure-sdk-for-net\sdk\monitor\Microsoft.OpenTelemetry.Exporter.AzureMonitor\tests\Microsoft.OpenTelemetry.Exporter.AzureMonitor.Tests\TagsTests.cs(83,25): error CS0122: 'AzMonList' is inaccessible due to its protection level
C:\gh\azure-sdk-for-net\sdk\monitor\Microsoft.OpenTelemetry.Exporter.AzureMonitor\tests\Microsoft.OpenTelemetry.Exporter.AzureMonitor.Tests\TagsTests.cs(83,63): error CS0122: 'TagEnumerationState.PartCTags' is inaccessible due to its protection level
C:\gh\azure-sdk-for-net\sdk\monitor\Microsoft.OpenTelemetry.Exporter.AzureMonitor\tests\Microsoft.OpenTelemetry.Exporter.AzureMonitor.Tests\TagsTests.cs(84,13): error CS0122: 'Assert' is inaccessible due to its protection level
C:\gh\azure-sdk-for-net\sdk\monitor\Microsoft.OpenTelemetry.Exporter.AzureMonitor\tests\Microsoft.OpenTelemetry.Exporter.AzureMonitor.Tests\TagsTests.cs(84,34): error CS0122: 'AzMonList' is inaccessible due to its protection level
C:\gh\azure-sdk-for-net\sdk\monitor\Microsoft.OpenTelemetry.Exporter.AzureMonitor\tests\Microsoft.OpenTelemetry.Exporter.AzureMonitor.Tests\TagsTests.cs(84,72): error CS0122: 'TagEnumerationState.PartCTags' is inaccessible due to its protection level
C:\gh\azure-sdk-for-net\sdk\monitor\Microsoft.OpenTelemetry.Exporter.AzureMonitor\tests\Microsoft.OpenTelemetry.Exporter.AzureMonitor.Tests\TagsTests.cs(85,13): error CS0122: 'Assert' is inaccessible due to its protection level
C:\gh\azure-sdk-for-net\sdk\monitor\Microsoft.OpenTelemetry.Exporter.AzureMonitor\tests\Microsoft.OpenTelemetry.Exporter.AzureMonitor.Tests\TagsTests.cs(85,40): error CS0122: 'AzMonList' is inaccessible due to its protection level
C:\gh\azure-sdk-for-net\sdk\monitor\Microsoft.OpenTelemetry.Exporter.AzureMonitor\tests\Microsoft.OpenTelemetry.Exporter.AzureMonitor.Tests\TagsTests.cs(85,78): error CS0122: 'TagEnumerationState.PartCTags' is inaccessible due to its protection level
C:\gh\azure-sdk-for-net\sdk\monitor\Microsoft.OpenTelemetry.Exporter.AzureMonitor\tests\Microsoft.OpenTelemetry.Exporter.AzureMonitor.Tests\TelemetryPartATests.cs(93,38): error CS0246: The type or namespace name 'Activity' could not be found (are you missing a using directive or an assembly reference?)
C:\gh\azure-sdk-for-net\sdk\monitor\Microsoft.OpenTelemetry.Exporter.AzureMonitor\tests\Microsoft.OpenTelemetry.Exporter.AzureMonitor.Tests\TelemetryPartATests.cs(94,62): error CS0103: The name 'Resources' does not exist in the current context
C:\gh\azure-sdk-for-net\sdk\monitor\Microsoft.OpenTelemetry.Exporter.AzureMonitor\tests\Microsoft.OpenTelemetry.Exporter.AzureMonitor.Tests\TelemetryPartATests.cs(95,13): error CS0122: 'TelemetryPartA' is inaccessible due to its protection level
C:\gh\azure-sdk-for-net\sdk\monitor\Microsoft.OpenTelemetry.Exporter.AzureMonitor\tests\Microsoft.OpenTelemetry.Exporter.AzureMonitor.Tests\TelemetryPartATests.cs(96,13): error CS0122: 'Assert' is inaccessible due to its protection level
C:\gh\azure-sdk-for-net\sdk\monitor\Microsoft.OpenTelemetry.Exporter.AzureMonitor\tests\Microsoft.OpenTelemetry.Exporter.AzureMonitor.Tests\TelemetryPartATests.cs(96,40): error CS0122: 'TelemetryPartA' is inaccessible due to its protection level
C:\gh\azure-sdk-for-net\sdk\monitor\Microsoft.OpenTelemetry.Exporter.AzureMonitor\tests\Microsoft.OpenTelemetry.Exporter.AzureMonitor.Tests\TelemetryPartATests.cs(97,13): error CS0122: 'Assert' is inaccessible due to its protection level
C:\gh\azure-sdk-for-net\sdk\monitor\Microsoft.OpenTelemetry.Exporter.AzureMonitor\tests\Microsoft.OpenTelemetry.Exporter.AzureMonitor.Tests\TelemetryPartATests.cs(97,44): error CS0122: 'TelemetryPartA' is inaccessible due to its protection level
C:\gh\azure-sdk-for-net\sdk\monitor\Microsoft.OpenTelemetry.Exporter.AzureMonitor\tests\Microsoft.OpenTelemetry.Exporter.AzureMonitor.Tests\HttpHelperTests.cs(84,29): error CS0122: 'AzMonList' is inaccessible due to its protection level
C:\gh\azure-sdk-for-net\sdk\monitor\Microsoft.OpenTelemetry.Exporter.AzureMonitor\tests\Microsoft.OpenTelemetry.Exporter.AzureMonitor.Tests\HttpHelperTests.cs(85,13): error CS0122: 'AzMonList' is inaccessible due to its protection level
C:\gh\azure-sdk-for-net\sdk\monitor\Microsoft.OpenTelemetry.Exporter.AzureMonitor\tests\Microsoft.OpenTelemetry.Exporter.AzureMonitor.Tests\HttpHelperTests.cs(85,75): error CS0122: 'SemanticConventions' is inaccessible due to its protection level
C:\gh\azure-sdk-for-net\sdk\monitor\Microsoft.OpenTelemetry.Exporter.AzureMonitor\tests\Microsoft.OpenTelemetry.Exporter.AzureMonitor.Tests\HttpHelperTests.cs(86,13): error CS0122: 'AzMonList' is inaccessible due to its protection level
C:\gh\azure-sdk-for-net\sdk\monitor\Microsoft.OpenTelemetry.Exporter.AzureMonitor\tests\Microsoft.OpenTelemetry.Exporter.AzureMonitor.Tests\HttpHelperTests.cs(86,75): error CS0122: 'SemanticConventions' is inaccessible due to its protection level
C:\gh\azure-sdk-for-net\sdk\monitor\Microsoft.OpenTelemetry.Exporter.AzureMonitor\tests\Microsoft.OpenTelemetry.Exporter.AzureMonitor.Tests\HttpHelperTests.cs(87,13): error CS0122: 'AzMonList' is inaccessible due to its protection level
C:\gh\azure-sdk-for-net\sdk\monitor\Microsoft.OpenTelemetry.Exporter.AzureMonitor\tests\Microsoft.OpenTelemetry.Exporter.AzureMonitor.Tests\HttpHelperTests.cs(87,75): error CS0122: 'SemanticConventions' is inaccessible due to its protection level
C:\gh\azure-sdk-for-net\sdk\monitor\Microsoft.OpenTelemetry.Exporter.AzureMonitor\tests\Microsoft.OpenTelemetry.Exporter.AzureMonitor.Tests\HttpHelperTests.cs(89,23): error CS1061: 'AzMonList' does not contain a definition for 'GenerateUrlAndAuthority' and no accessible extension method 'GenerateUrlAndAuthority' accepting a first argument of type 'AzMonList' could be found (are you missing a using directive or an assembly reference?)
C:\gh\azure-sdk-for-net\sdk\monitor\Microsoft.OpenTelemetry.Exporter.AzureMonitor\tests\Microsoft.OpenTelemetry.Exporter.AzureMonitor.Tests\HttpHelperTests.cs(91,13): error CS0103: The name 'Assert' does not exist in the current context
C:\gh\azure-sdk-for-net\sdk\monitor\Microsoft.OpenTelemetry.Exporter.AzureMonitor\tests\Microsoft.OpenTelemetry.Exporter.AzureMonitor.Tests\HttpHelperTests.cs(92,13): error CS0103: The name 'Assert' does not exist in the current context
C:\gh\azure-sdk-for-net\sdk\monitor\Microsoft.OpenTelemetry.Exporter.AzureMonitor\tests\Microsoft.OpenTelemetry.Exporter.AzureMonitor.Tests\TelemetryPartATests.cs(103,38): error CS0246: The type or namespace name 'Activity' could not be found (are you missing a using directive or an assembly reference?)
C:\gh\azure-sdk-for-net\sdk\monitor\Microsoft.OpenTelemetry.Exporter.AzureMonitor\tests\Microsoft.OpenTelemetry.Exporter.AzureMonitor.Tests\TelemetryPartATests.cs(104,62): error CS0103: The name 'Resources' does not exist in the current context
C:\gh\azure-sdk-for-net\sdk\monitor\Microsoft.OpenTelemetry.Exporter.AzureMonitor\tests\Microsoft.OpenTelemetry.Exporter.AzureMonitor.Tests\TelemetryPartATests.cs(105,13): error CS0122: 'TelemetryPartA' is inaccessible due to its protection level
C:\gh\azure-sdk-for-net\sdk\monitor\Microsoft.OpenTelemetry.Exporter.AzureMonitor\tests\Microsoft.OpenTelemetry.Exporter.AzureMonitor.Tests\TelemetryPartATests.cs(106,13): error CS0122: 'Assert' is inaccessible due to its protection level
C:\gh\azure-sdk-for-net\sdk\monitor\Microsoft.OpenTelemetry.Exporter.AzureMonitor\tests\Microsoft.OpenTelemetry.Exporter.AzureMonitor.Tests\TelemetryPartATests.cs(106,53): error CS0122: 'TelemetryPartA' is inaccessible due to its protection level
C:\gh\azure-sdk-for-net\sdk\monitor\Microsoft.OpenTelemetry.Exporter.AzureMonitor\tests\Microsoft.OpenTelemetry.Exporter.AzureMonitor.Tests\TelemetryPartATests.cs(107,13): error CS0122: 'Assert' is inaccessible due to its protection level
C:\gh\azure-sdk-for-net\sdk\monitor\Microsoft.OpenTelemetry.Exporter.AzureMonitor\tests\Microsoft.OpenTelemetry.Exporter.AzureMonitor.Tests\TelemetryPartATests.cs(107,44): error CS0122: 'TelemetryPartA' is inaccessible due to its protection level
C:\gh\azure-sdk-for-net\sdk\monitor\Microsoft.OpenTelemetry.Exporter.AzureMonitor\tests\Microsoft.OpenTelemetry.Exporter.AzureMonitor.Tests\TagsTests.cs(91,35): error CS0122: 'TagEnumerationState' is inaccessible due to its protection level
C:\gh\azure-sdk-for-net\sdk\monitor\Microsoft.OpenTelemetry.Exporter.AzureMonitor\tests\Microsoft.OpenTelemetry.Exporter.AzureMonitor.Tests\TagsTests.cs(91,35): error CS0518: Predefined type 'System.Void' is not defined or imported
C:\gh\azure-sdk-for-net\sdk\monitor\Microsoft.OpenTelemetry.Exporter.AzureMonitor\tests\Microsoft.OpenTelemetry.Exporter.AzureMonitor.Tests\TagsTests.cs(93,29): error CS0122: 'AzMonList' is inaccessible due to its protection level
C:\gh\azure-sdk-for-net\sdk\monitor\Microsoft.OpenTelemetry.Exporter.AzureMonitor\tests\Microsoft.OpenTelemetry.Exporter.AzureMonitor.Tests\TagsTests.cs(94,29): error CS0122: 'AzMonList' is inaccessible due to its protection level
C:\gh\azure-sdk-for-net\sdk\monitor\Microsoft.OpenTelemetry.Exporter.AzureMonitor\tests\Microsoft.OpenTelemetry.Exporter.AzureMonitor.Tests\TagsTests.cs(101,13): error CS0122: 'Assert' is inaccessible due to its protection level
C:\gh\azure-sdk-for-net\sdk\monitor\Microsoft.OpenTelemetry.Exporter.AzureMonitor\tests\Microsoft.OpenTelemetry.Exporter.AzureMonitor.Tests\TagsTests.cs(101,26): error CS0122: 'PartBType' is inaccessible due to its protection level
C:\gh\azure-sdk-for-net\sdk\monitor\Microsoft.OpenTelemetry.Exporter.AzureMonitor\tests\Microsoft.OpenTelemetry.Exporter.AzureMonitor.Tests\TagsTests.cs(101,36): error CS0518: Predefined type 'System.Enum' is not defined or imported
C:\gh\azure-sdk-for-net\sdk\monitor\Microsoft.OpenTelemetry.Exporter.AzureMonitor\tests\Microsoft.OpenTelemetry.Exporter.AzureMonitor.Tests\TagsTests.cs(101,57): error CS0122: 'TagEnumerationState.activityType' is inaccessible due to its protection level
C:\gh\azure-sdk-for-net\sdk\monitor\Microsoft.OpenTelemetry.Exporter.AzureMonitor\tests\Microsoft.OpenTelemetry.Exporter.AzureMonitor.Tests\TagsTests.cs(102,13): error CS0122: 'Assert' is inaccessible due to its protection level
C:\gh\azure-sdk-for-net\sdk\monitor\Microsoft.OpenTelemetry.Exporter.AzureMonitor\tests\Microsoft.OpenTelemetry.Exporter.AzureMonitor.Tests\TagsTests.cs(102,38): error CS0122: 'TagEnumerationState.PartBTags' is inaccessible due to its protection level
C:\gh\azure-sdk-for-net\sdk\monitor\Microsoft.OpenTelemetry.Exporter.AzureMonitor\tests\Microsoft.OpenTelemetry.Exporter.AzureMonitor.Tests\TagsTests.cs(103,13): error CS0122: 'Assert' is inaccessible due to its protection level
C:\gh\azure-sdk-for-net\sdk\monitor\Microsoft.OpenTelemetry.Exporter.AzureMonitor\tests\Microsoft.OpenTelemetry.Exporter.AzureMonitor.Tests\TagsTests.cs(103,35): error CS0122: 'AzMonList' is inaccessible due to its protection level
C:\gh\azure-sdk-for-net\sdk\monitor\Microsoft.OpenTelemetry.Exporter.AzureMonitor\tests\Microsoft.OpenTelemetry.Exporter.AzureMonitor.Tests\TagsTests.cs(103,73): error CS0122: 'TagEnumerationState.PartCTags' is inaccessible due to its protection level
C:\gh\azure-sdk-for-net\sdk\monitor\Microsoft.OpenTelemetry.Exporter.AzureMonitor\tests\Microsoft.OpenTelemetry.Exporter.AzureMonitor.Tests\HttpHelperTests.cs(102,29): error CS0122: 'AzMonList' is inaccessible due to its protection level
C:\gh\azure-sdk-for-net\sdk\monitor\Microsoft.OpenTelemetry.Exporter.AzureMonitor\tests\Microsoft.OpenTelemetry.Exporter.AzureMonitor.Tests\HttpHelperTests.cs(103,13): error CS0122: 'AzMonList' is inaccessible due to its protection level
C:\gh\azure-sdk-for-net\sdk\monitor\Microsoft.OpenTelemetry.Exporter.AzureMonitor\tests\Microsoft.OpenTelemetry.Exporter.AzureMonitor.Tests\HttpHelperTests.cs(103,75): error CS0122: 'SemanticConventions' is inaccessible due to its protection level
C:\gh\azure-sdk-for-net\sdk\monitor\Microsoft.OpenTelemetry.Exporter.AzureMonitor\tests\Microsoft.OpenTelemetry.Exporter.AzureMonitor.Tests\HttpHelperTests.cs(104,13): error CS0122: 'AzMonList' is inaccessible due to its protection level
C:\gh\azure-sdk-for-net\sdk\monitor\Microsoft.OpenTelemetry.Exporter.AzureMonitor\tests\Microsoft.OpenTelemetry.Exporter.AzureMonitor.Tests\HttpHelperTests.cs(104,75): error CS0122: 'SemanticConventions' is inaccessible due to its protection level
C:\gh\azure-sdk-for-net\sdk\monitor\Microsoft.OpenTelemetry.Exporter.AzureMonitor\tests\Microsoft.OpenTelemetry.Exporter.AzureMonitor.Tests\HttpHelperTests.cs(105,13): error CS0122: 'AzMonList' is inaccessible due to its protection level
C:\gh\azure-sdk-for-net\sdk\monitor\Microsoft.OpenTelemetry.Exporter.AzureMonitor\tests\Microsoft.OpenTelemetry.Exporter.AzureMonitor.Tests\HttpHelperTests.cs(105,75): error CS0122: 'SemanticConventions' is inaccessible due to its protection level
C:\gh\azure-sdk-for-net\sdk\monitor\Microsoft.OpenTelemetry.Exporter.AzureMonitor\tests\Microsoft.OpenTelemetry.Exporter.AzureMonitor.Tests\HttpHelperTests.cs(106,13): error CS0122: 'AzMonList' is inaccessible due to its protection level
C:\gh\azure-sdk-for-net\sdk\monitor\Microsoft.OpenTelemetry.Exporter.AzureMonitor\tests\Microsoft.OpenTelemetry.Exporter.AzureMonitor.Tests\HttpHelperTests.cs(106,75): error CS0122: 'SemanticConventions' is inaccessible due to its protection level
C:\gh\azure-sdk-for-net\sdk\monitor\Microsoft.OpenTelemetry.Exporter.AzureMonitor\tests\Microsoft.OpenTelemetry.Exporter.AzureMonitor.Tests\HttpHelperTests.cs(108,23): error CS1061: 'AzMonList' does not contain a definition for 'GenerateUrlAndAuthority' and no accessible extension method 'GenerateUrlAndAuthority' accepting a first argument of type 'AzMonList' could be found (are you missing a using directive or an assembly reference?)
C:\gh\azure-sdk-for-net\sdk\monitor\Microsoft.OpenTelemetry.Exporter.AzureMonitor\tests\Microsoft.OpenTelemetry.Exporter.AzureMonitor.Tests\HttpHelperTests.cs(111,13): error CS0103: The name 'Assert' does not exist in the current context
C:\gh\azure-sdk-for-net\sdk\monitor\Microsoft.OpenTelemetry.Exporter.AzureMonitor\tests\Microsoft.OpenTelemetry.Exporter.AzureMonitor.Tests\HttpHelperTests.cs(112,13): error CS0103: The name 'Assert' does not exist in the current context
C:\gh\azure-sdk-for-net\sdk\monitor\Microsoft.OpenTelemetry.Exporter.AzureMonitor\tests\Microsoft.OpenTelemetry.Exporter.AzureMonitor.Tests\TelemetryPartATests.cs(114,33): error CS0122: 'TelemetryPartA' is inaccessible due to its protection level
C:\gh\azure-sdk-for-net\sdk\monitor\Microsoft.OpenTelemetry.Exporter.AzureMonitor\tests\Microsoft.OpenTelemetry.Exporter.AzureMonitor.Tests\TelemetryPartATests.cs(115,13): error CS0122: 'Assert' is inaccessible due to its protection level
C:\gh\azure-sdk-for-net\sdk\monitor\Microsoft.OpenTelemetry.Exporter.AzureMonitor\tests\Microsoft.OpenTelemetry.Exporter.AzureMonitor.Tests\TelemetryPartATests.cs(115,60): error CS0246: The type or namespace name 'IUtf8JsonSerializable' could not be found (are you missing a using directive or an assembly reference?)
C:\gh\azure-sdk-for-net\sdk\monitor\Microsoft.OpenTelemetry.Exporter.AzureMonitor\tests\Microsoft.OpenTelemetry.Exporter.AzureMonitor.Tests\TelemetryPartATests.cs(115,60): error CS0122: 'TelemetryItem.Name' is inaccessible due to its protection level
C:\gh\azure-sdk-for-net\sdk\monitor\Microsoft.OpenTelemetry.Exporter.AzureMonitor\tests\Microsoft.OpenTelemetry.Exporter.AzureMonitor.Tests\TelemetryPartATests.cs(116,13): error CS0122: 'Assert' is inaccessible due to its protection level
C:\gh\azure-sdk-for-net\sdk\monitor\Microsoft.OpenTelemetry.Exporter.AzureMonitor\tests\Microsoft.OpenTelemetry.Exporter.AzureMonitor.Tests\TelemetryPartATests.cs(116,102): error CS0246: The type or namespace name 'IUtf8JsonSerializable' could not be found (are you missing a using directive or an assembly reference?)
C:\gh\azure-sdk-for-net\sdk\monitor\Microsoft.OpenTelemetry.Exporter.AzureMonitor\tests\Microsoft.OpenTelemetry.Exporter.AzureMonitor.Tests\TelemetryPartATests.cs(116,102): error CS0122: 'TelemetryItem.Time' is inaccessible due to its protection level
C:\gh\azure-sdk-for-net\sdk\monitor\Microsoft.OpenTelemetry.Exporter.AzureMonitor\tests\Microsoft.OpenTelemetry.Exporter.AzureMonitor.Tests\TelemetryPartATests.cs(117,13): error CS0122: 'Assert' is inaccessible due to its protection level
C:\gh\azure-sdk-for-net\sdk\monitor\Microsoft.OpenTelemetry.Exporter.AzureMonitor\tests\Microsoft.OpenTelemetry.Exporter.AzureMonitor.Tests\TelemetryPartATests.cs(117,39): error CS0246: The type or namespace name 'IUtf8JsonSerializable' could not be found (are you missing a using directive or an assembly reference?)
C:\gh\azure-sdk-for-net\sdk\monitor\Microsoft.OpenTelemetry.Exporter.AzureMonitor\tests\Microsoft.OpenTelemetry.Exporter.AzureMonitor.Tests\TelemetryPartATests.cs(117,44): error CS0122: 'ContextTagKeys' is inaccessible due to its protection level
C:\gh\azure-sdk-for-net\sdk\monitor\Microsoft.OpenTelemetry.Exporter.AzureMonitor\tests\Microsoft.OpenTelemetry.Exporter.AzureMonitor.Tests\TelemetryPartATests.cs(117,39): error CS0122: 'TelemetryItem.Tags' is inaccessible due to its protection level
C:\gh\azure-sdk-for-net\sdk\monitor\Microsoft.OpenTelemetry.Exporter.AzureMonitor\tests\Microsoft.OpenTelemetry.Exporter.AzureMonitor.Tests\TelemetryPartATests.cs(118,13): error CS0122: 'Assert' is inaccessible due to its protection level
C:\gh\azure-sdk-for-net\sdk\monitor\Microsoft.OpenTelemetry.Exporter.AzureMonitor\tests\Microsoft.OpenTelemetry.Exporter.AzureMonitor.Tests\TelemetryPartATests.cs(118,39): error CS0246: The type or namespace name 'IUtf8JsonSerializable' could not be found (are you missing a using directive or an assembly reference?)
C:\gh\azure-sdk-for-net\sdk\monitor\Microsoft.OpenTelemetry.Exporter.AzureMonitor\tests\Microsoft.OpenTelemetry.Exporter.AzureMonitor.Tests\TelemetryPartATests.cs(118,44): error CS0122: 'ContextTagKeys' is inaccessible due to its protection level
C:\gh\azure-sdk-for-net\sdk\monitor\Microsoft.OpenTelemetry.Exporter.AzureMonitor\tests\Microsoft.OpenTelemetry.Exporter.AzureMonitor.Tests\TelemetryPartATests.cs(118,39): error CS0122: 'TelemetryItem.Tags' is inaccessible due to its protection level
C:\gh\azure-sdk-for-net\sdk\monitor\Microsoft.OpenTelemetry.Exporter.AzureMonitor\tests\Microsoft.OpenTelemetry.Exporter.AzureMonitor.Tests\TelemetryPartATests.cs(119,13): error CS0122: 'Assert' is inaccessible due to its protection level
C:\gh\azure-sdk-for-net\sdk\monitor\Microsoft.OpenTelemetry.Exporter.AzureMonitor\tests\Microsoft.OpenTelemetry.Exporter.AzureMonitor.Tests\TelemetryPartATests.cs(119,42): error CS0246: The type or namespace name 'IUtf8JsonSerializable' could not be found (are you missing a using directive or an assembly reference?)
C:\gh\azure-sdk-for-net\sdk\monitor\Microsoft.OpenTelemetry.Exporter.AzureMonitor\tests\Microsoft.OpenTelemetry.Exporter.AzureMonitor.Tests\TelemetryPartATests.cs(119,47): error CS0122: 'ContextTagKeys' is inaccessible due to its protection level
C:\gh\azure-sdk-for-net\sdk\monitor\Microsoft.OpenTelemetry.Exporter.AzureMonitor\tests\Microsoft.OpenTelemetry.Exporter.AzureMonitor.Tests\TelemetryPartATests.cs(119,42): error CS0122: 'TelemetryItem.Tags' is inaccessible due to its protection level
C:\gh\azure-sdk-for-net\sdk\monitor\Microsoft.OpenTelemetry.Exporter.AzureMonitor\tests\Microsoft.OpenTelemetry.Exporter.AzureMonitor.Tests\TelemetryPartATests.cs(120,13): error CS0122: 'Assert' is inaccessible due to its protection level
C:\gh\azure-sdk-for-net\sdk\monitor\Microsoft.OpenTelemetry.Exporter.AzureMonitor\tests\Microsoft.OpenTelemetry.Exporter.AzureMonitor.Tests\TelemetryPartATests.cs(120,42): error CS0246: The type or namespace name 'IUtf8JsonSerializable' could not be found (are you missing a using directive or an assembly reference?)
C:\gh\azure-sdk-for-net\sdk\monitor\Microsoft.OpenTelemetry.Exporter.AzureMonitor\tests\Microsoft.OpenTelemetry.Exporter.AzureMonitor.Tests\TelemetryPartATests.cs(120,47): error CS0122: 'ContextTagKeys' is inaccessible due to its protection level
C:\gh\azure-sdk-for-net\sdk\monitor\Microsoft.OpenTelemetry.Exporter.AzureMonitor\tests\Microsoft.OpenTelemetry.Exporter.AzureMonitor.Tests\TelemetryPartATests.cs(120,42): error CS0122: 'TelemetryItem.Tags' is inaccessible due to its protection level
C:\gh\azure-sdk-for-net\sdk\monitor\Microsoft.OpenTelemetry.Exporter.AzureMonitor\tests\Microsoft.OpenTelemetry.Exporter.AzureMonitor.Tests\TelemetryPartATests.cs(121,13): error CS0122: 'Assert' is inaccessible due to its protection level
C:\gh\azure-sdk-for-net\sdk\monitor\Microsoft.OpenTelemetry.Exporter.AzureMonitor\tests\Microsoft.OpenTelemetry.Exporter.AzureMonitor.Tests\TagsTests.cs(109,35): error CS0122: 'TagEnumerationState' is inaccessible due to its protection level
C:\gh\azure-sdk-for-net\sdk\monitor\Microsoft.OpenTelemetry.Exporter.AzureMonitor\tests\Microsoft.OpenTelemetry.Exporter.AzureMonitor.Tests\TagsTests.cs(109,35): error CS0518: Predefined type 'System.Void' is not defined or imported
C:\gh\azure-sdk-for-net\sdk\monitor\Microsoft.OpenTelemetry.Exporter.AzureMonitor\tests\Microsoft.OpenTelemetry.Exporter.AzureMonitor.Tests\TagsTests.cs(111,29): error CS0122: 'AzMonList' is inaccessible due to its protection level
C:\gh\azure-sdk-for-net\sdk\monitor\Microsoft.OpenTelemetry.Exporter.AzureMonitor\tests\Microsoft.OpenTelemetry.Exporter.AzureMonitor.Tests\TagsTests.cs(112,29): error CS0122: 'AzMonList' is inaccessible due to its protection level
C:\gh\azure-sdk-for-net\sdk\monitor\Microsoft.OpenTelemetry.Exporter.AzureMonitor\tests\Microsoft.OpenTelemetry.Exporter.AzureMonitor.Tests\TagsTests.cs(117,18): error CS0122: 'SemanticConventions' is inaccessible due to its protection level
C:\gh\azure-sdk-for-net\sdk\monitor\Microsoft.OpenTelemetry.Exporter.AzureMonitor\tests\Microsoft.OpenTelemetry.Exporter.AzureMonitor.Tests\TagsTests.cs(118,18): error CS0122: 'SemanticConventions' is inaccessible due to its protection level
C:\gh\azure-sdk-for-net\sdk\monitor\Microsoft.OpenTelemetry.Exporter.AzureMonitor\tests\Microsoft.OpenTelemetry.Exporter.AzureMonitor.Tests\TagsTests.cs(119,18): error CS0122: 'SemanticConventions' is inaccessible due to its protection level
C:\gh\azure-sdk-for-net\sdk\monitor\Microsoft.OpenTelemetry.Exporter.AzureMonitor\tests\Microsoft.OpenTelemetry.Exporter.AzureMonitor.Tests\TagsTests.cs(120,18): error CS0122: 'SemanticConventions' is inaccessible due to its protection level
C:\gh\azure-sdk-for-net\sdk\monitor\Microsoft.OpenTelemetry.Exporter.AzureMonitor\tests\Microsoft.OpenTelemetry.Exporter.AzureMonitor.Tests\TagsTests.cs(121,18): error CS0122: 'SemanticConventions' is inaccessible due to its protection level
C:\gh\azure-sdk-for-net\sdk\monitor\Microsoft.OpenTelemetry.Exporter.AzureMonitor\tests\Microsoft.OpenTelemetry.Exporter.AzureMonitor.Tests\TagsTests.cs(127,13): error CS0122: 'Assert' is inaccessible due to its protection level
C:\gh\azure-sdk-for-net\sdk\monitor\Microsoft.OpenTelemetry.Exporter.AzureMonitor\tests\Microsoft.OpenTelemetry.Exporter.AzureMonitor.Tests\TagsTests.cs(127,26): error CS0122: 'PartBType' is inaccessible due to its protection level
C:\gh\azure-sdk-for-net\sdk\monitor\Microsoft.OpenTelemetry.Exporter.AzureMonitor\tests\Microsoft.OpenTelemetry.Exporter.AzureMonitor.Tests\TagsTests.cs(127,36): error CS0518: Predefined type 'System.Enum' is not defined or imported
C:\gh\azure-sdk-for-net\sdk\monitor\Microsoft.OpenTelemetry.Exporter.AzureMonitor\tests\Microsoft.OpenTelemetry.Exporter.AzureMonitor.Tests\TagsTests.cs(127,54): error CS0122: 'TagEnumerationState.activityType' is inaccessible due to its protection level
C:\gh\azure-sdk-for-net\sdk\monitor\Microsoft.OpenTelemetry.Exporter.AzureMonitor\tests\Microsoft.OpenTelemetry.Exporter.AzureMonitor.Tests\TagsTests.cs(128,13): error CS0122: 'Assert' is inaccessible due to its protection level
C:\gh\azure-sdk-for-net\sdk\monitor\Microsoft.OpenTelemetry.Exporter.AzureMonitor\tests\Microsoft.OpenTelemetry.Exporter.AzureMonitor.Tests\TagsTests.cs(128,41): error CS0122: 'TagEnumerationState.PartBTags' is inaccessible due to its protection level
C:\gh\azure-sdk-for-net\sdk\monitor\Microsoft.OpenTelemetry.Exporter.AzureMonitor\tests\Microsoft.OpenTelemetry.Exporter.AzureMonitor.Tests\TagsTests.cs(129,13): error CS0122: 'Assert' is inaccessible due to its protection level
C:\gh\azure-sdk-for-net\sdk\monitor\Microsoft.OpenTelemetry.Exporter.AzureMonitor\tests\Microsoft.OpenTelemetry.Exporter.AzureMonitor.Tests\TagsTests.cs(129,35): error CS0122: 'AzMonList' is inaccessible due to its protection level
C:\gh\azure-sdk-for-net\sdk\monitor\Microsoft.OpenTelemetry.Exporter.AzureMonitor\tests\Microsoft.OpenTelemetry.Exporter.AzureMonitor.Tests\TagsTests.cs(129,73): error CS0122: 'TagEnumerationState.PartBTags' is inaccessible due to its protection level
C:\gh\azure-sdk-for-net\sdk\monitor\Microsoft.OpenTelemetry.Exporter.AzureMonitor\tests\Microsoft.OpenTelemetry.Exporter.AzureMonitor.Tests\TagsTests.cs(129,84): error CS0122: 'SemanticConventions' is inaccessible due to its protection level
C:\gh\azure-sdk-for-net\sdk\monitor\Microsoft.OpenTelemetry.Exporter.AzureMonitor\tests\Microsoft.OpenTelemetry.Exporter.AzureMonitor.Tests\TagsTests.cs(130,13): error CS0122: 'Assert' is inaccessible due to its protection level
C:\gh\azure-sdk-for-net\sdk\monitor\Microsoft.OpenTelemetry.Exporter.AzureMonitor\tests\Microsoft.OpenTelemetry.Exporter.AzureMonitor.Tests\TagsTests.cs(130,39): error CS0122: 'AzMonList' is inaccessible due to its protection level
C:\gh\azure-sdk-for-net\sdk\monitor\Microsoft.OpenTelemetry.Exporter.AzureMonitor\tests\Microsoft.OpenTelemetry.Exporter.AzureMonitor.Tests\TagsTests.cs(130,77): error CS0122: 'TagEnumerationState.PartBTags' is inaccessible due to its protection level
C:\gh\azure-sdk-for-net\sdk\monitor\Microsoft.OpenTelemetry.Exporter.AzureMonitor\tests\Microsoft.OpenTelemetry.Exporter.AzureMonitor.Tests\TagsTests.cs(130,88): error CS0122: 'SemanticConventions' is inaccessible due to its protection level
C:\gh\azure-sdk-for-net\sdk\monitor\Microsoft.OpenTelemetry.Exporter.AzureMonitor\tests\Microsoft.OpenTelemetry.Exporter.AzureMonitor.Tests\TagsTests.cs(131,13): error CS0122: 'Assert' is inaccessible due to its protection level
C:\gh\azure-sdk-for-net\sdk\monitor\Microsoft.OpenTelemetry.Exporter.AzureMonitor\tests\Microsoft.OpenTelemetry.Exporter.AzureMonitor.Tests\TagsTests.cs(131,34): error CS0122: 'AzMonList' is inaccessible due to its protection level
C:\gh\azure-sdk-for-net\sdk\monitor\Microsoft.OpenTelemetry.Exporter.AzureMonitor\tests\Microsoft.OpenTelemetry.Exporter.AzureMonitor.Tests\TagsTests.cs(131,72): error CS0122: 'TagEnumerationState.PartBTags' is inaccessible due to its protection level
C:\gh\azure-sdk-for-net\sdk\monitor\Microsoft.OpenTelemetry.Exporter.AzureMonitor\tests\Microsoft.OpenTelemetry.Exporter.AzureMonitor.Tests\TagsTests.cs(131,83): error CS0122: 'SemanticConventions' is inaccessible due to its protection level
C:\gh\azure-sdk-for-net\sdk\monitor\Microsoft.OpenTelemetry.Exporter.AzureMonitor\tests\Microsoft.OpenTelemetry.Exporter.AzureMonitor.Tests\TagsTests.cs(132,13): error CS0122: 'Assert' is inaccessible due to its protection level
C:\gh\azure-sdk-for-net\sdk\monitor\Microsoft.OpenTelemetry.Exporter.AzureMonitor\tests\Microsoft.OpenTelemetry.Exporter.AzureMonitor.Tests\TagsTests.cs(132,39): error CS0122: 'AzMonList' is inaccessible due to its protection level
C:\gh\azure-sdk-for-net\sdk\monitor\Microsoft.OpenTelemetry.Exporter.AzureMonitor\tests\Microsoft.OpenTelemetry.Exporter.AzureMonitor.Tests\TagsTests.cs(132,77): error CS0122: 'TagEnumerationState.PartBTags' is inaccessible due to its protection level
C:\gh\azure-sdk-for-net\sdk\monitor\Microsoft.OpenTelemetry.Exporter.AzureMonitor\tests\Microsoft.OpenTelemetry.Exporter.AzureMonitor.Tests\TagsTests.cs(132,88): error CS0122: 'SemanticConventions' is inaccessible due to its protection level
C:\gh\azure-sdk-for-net\sdk\monitor\Microsoft.OpenTelemetry.Exporter.AzureMonitor\tests\Microsoft.OpenTelemetry.Exporter.AzureMonitor.Tests\TagsTests.cs(133,13): error CS0122: 'Assert' is inaccessible due to its protection level
C:\gh\azure-sdk-for-net\sdk\monitor\Microsoft.OpenTelemetry.Exporter.AzureMonitor\tests\Microsoft.OpenTelemetry.Exporter.AzureMonitor.Tests\TagsTests.cs(133,39): error CS0122: 'TagEnumerationState.PartCTags' is inaccessible due to its protection level
C:\gh\azure-sdk-for-net\sdk\monitor\Microsoft.OpenTelemetry.Exporter.AzureMonitor\tests\Microsoft.OpenTelemetry.Exporter.AzureMonitor.Tests\TagsTests.cs(134,13): error CS0122: 'Assert' is inaccessible due to its protection level
C:\gh\azure-sdk-for-net\sdk\monitor\Microsoft.OpenTelemetry.Exporter.AzureMonitor\tests\Microsoft.OpenTelemetry.Exporter.AzureMonitor.Tests\TagsTests.cs(134,34): error CS0122: 'AzMonList' is inaccessible due to its protection level
C:\gh\azure-sdk-for-net\sdk\monitor\Microsoft.OpenTelemetry.Exporter.AzureMonitor\tests\Microsoft.OpenTelemetry.Exporter.AzureMonitor.Tests\TagsTests.cs(134,72): error CS0122: 'TagEnumerationState.PartCTags' is inaccessible due to its protection level
C:\gh\azure-sdk-for-net\sdk\monitor\Microsoft.OpenTelemetry.Exporter.AzureMonitor\tests\Microsoft.OpenTelemetry.Exporter.AzureMonitor.Tests\TagsTests.cs(134,83): error CS0122: 'SemanticConventions' is inaccessible due to its protection level
C:\gh\azure-sdk-for-net\sdk\monitor\Microsoft.OpenTelemetry.Exporter.AzureMonitor\tests\Microsoft.OpenTelemetry.Exporter.AzureMonitor.Tests\HttpHelperTests.cs(120,29): error CS0122: 'AzMonList' is inaccessible due to its protection level
C:\gh\azure-sdk-for-net\sdk\monitor\Microsoft.OpenTelemetry.Exporter.AzureMonitor\tests\Microsoft.OpenTelemetry.Exporter.AzureMonitor.Tests\HttpHelperTests.cs(121,13): error CS0122: 'AzMonList' is inaccessible due to its protection level
C:\gh\azure-sdk-for-net\sdk\monitor\Microsoft.OpenTelemetry.Exporter.AzureMonitor\tests\Microsoft.OpenTelemetry.Exporter.AzureMonitor.Tests\HttpHelperTests.cs(121,75): error CS0122: 'SemanticConventions' is inaccessible due to its protection level
C:\gh\azure-sdk-for-net\sdk\monitor\Microsoft.OpenTelemetry.Exporter.AzureMonitor\tests\Microsoft.OpenTelemetry.Exporter.AzureMonitor.Tests\HttpHelperTests.cs(122,13): error CS0122: 'AzMonList' is inaccessible due to its protection level
C:\gh\azure-sdk-for-net\sdk\monitor\Microsoft.OpenTelemetry.Exporter.AzureMonitor\tests\Microsoft.OpenTelemetry.Exporter.AzureMonitor.Tests\HttpHelperTests.cs(122,75): error CS0122: 'SemanticConventions' is inaccessible due to its protection level
C:\gh\azure-sdk-for-net\sdk\monitor\Microsoft.OpenTelemetry.Exporter.AzureMonitor\tests\Microsoft.OpenTelemetry.Exporter.AzureMonitor.Tests\HttpHelperTests.cs(123,13): error CS0122: 'AzMonList' is inaccessible due to its protection level
C:\gh\azure-sdk-for-net\sdk\monitor\Microsoft.OpenTelemetry.Exporter.AzureMonitor\tests\Microsoft.OpenTelemetry.Exporter.AzureMonitor.Tests\HttpHelperTests.cs(123,75): error CS0122: 'SemanticConventions' is inaccessible due to its protection level
C:\gh\azure-sdk-for-net\sdk\monitor\Microsoft.OpenTelemetry.Exporter.AzureMonitor\tests\Microsoft.OpenTelemetry.Exporter.AzureMonitor.Tests\HttpHelperTests.cs(124,13): error CS0122: 'AzMonList' is inaccessible due to its protection level
C:\gh\azure-sdk-for-net\sdk\monitor\Microsoft.OpenTelemetry.Exporter.AzureMonitor\tests\Microsoft.OpenTelemetry.Exporter.AzureMonitor.Tests\HttpHelperTests.cs(124,75): error CS0122: 'SemanticConventions' is inaccessible due to its protection level
C:\gh\azure-sdk-for-net\sdk\monitor\Microsoft.OpenTelemetry.Exporter.AzureMonitor\tests\Microsoft.OpenTelemetry.Exporter.AzureMonitor.Tests\HttpHelperTests.cs(126,23): error CS1061: 'AzMonList' does not contain a definition for 'GenerateUrlAndAuthority' and no accessible extension method 'GenerateUrlAndAuthority' accepting a first argument of type 'AzMonList' could be found (are you missing a using directive or an assembly reference?)
C:\gh\azure-sdk-for-net\sdk\monitor\Microsoft.OpenTelemetry.Exporter.AzureMonitor\tests\Microsoft.OpenTelemetry.Exporter.AzureMonitor.Tests\HttpHelperTests.cs(128,13): error CS0103: The name 'Assert' does not exist in the current context
C:\gh\azure-sdk-for-net\sdk\monitor\Microsoft.OpenTelemetry.Exporter.AzureMonitor\tests\Microsoft.OpenTelemetry.Exporter.AzureMonitor.Tests\HttpHelperTests.cs(129,13): error CS0103: The name 'Assert' does not exist in the current context
C:\gh\azure-sdk-for-net\sdk\monitor\Microsoft.OpenTelemetry.Exporter.AzureMonitor\tests\Microsoft.OpenTelemetry.Exporter.AzureMonitor.Tests\TelemetryPartATests.cs(128,27): error CS0103: The name 'Resources' does not exist in the current context
C:\gh\azure-sdk-for-net\sdk\monitor\Microsoft.OpenTelemetry.Exporter.AzureMonitor\tests\Microsoft.OpenTelemetry.Exporter.AzureMonitor.Tests\TelemetryPartATests.cs(130,33): error CS0122: 'TelemetryPartA' is inaccessible due to its protection level
C:\gh\azure-sdk-for-net\sdk\monitor\Microsoft.OpenTelemetry.Exporter.AzureMonitor\tests\Microsoft.OpenTelemetry.Exporter.AzureMonitor.Tests\TelemetryPartATests.cs(131,13): error CS0122: 'Assert' is inaccessible due to its protection level
C:\gh\azure-sdk-for-net\sdk\monitor\Microsoft.OpenTelemetry.Exporter.AzureMonitor\tests\Microsoft.OpenTelemetry.Exporter.AzureMonitor.Tests\TelemetryPartATests.cs(131,60): error CS0246: The type or namespace name 'IUtf8JsonSerializable' could not be found (are you missing a using directive or an assembly reference?)
C:\gh\azure-sdk-for-net\sdk\monitor\Microsoft.OpenTelemetry.Exporter.AzureMonitor\tests\Microsoft.OpenTelemetry.Exporter.AzureMonitor.Tests\TelemetryPartATests.cs(131,60): error CS0122: 'TelemetryItem.Name' is inaccessible due to its protection level
C:\gh\azure-sdk-for-net\sdk\monitor\Microsoft.OpenTelemetry.Exporter.AzureMonitor\tests\Microsoft.OpenTelemetry.Exporter.AzureMonitor.Tests\TelemetryPartATests.cs(132,13): error CS0122: 'Assert' is inaccessible due to its protection level
C:\gh\azure-sdk-for-net\sdk\monitor\Microsoft.OpenTelemetry.Exporter.AzureMonitor\tests\Microsoft.OpenTelemetry.Exporter.AzureMonitor.Tests\TelemetryPartATests.cs(132,102): error CS0246: The type or namespace name 'IUtf8JsonSerializable' could not be found (are you missing a using directive or an assembly reference?)
C:\gh\azure-sdk-for-net\sdk\monitor\Microsoft.OpenTelemetry.Exporter.AzureMonitor\tests\Microsoft.OpenTelemetry.Exporter.AzureMonitor.Tests\TelemetryPartATests.cs(132,102): error CS0122: 'TelemetryItem.Time' is inaccessible due to its protection level
C:\gh\azure-sdk-for-net\sdk\monitor\Microsoft.OpenTelemetry.Exporter.AzureMonitor\tests\Microsoft.OpenTelemetry.Exporter.AzureMonitor.Tests\TelemetryPartATests.cs(133,13): error CS0122: 'Assert' is inaccessible due to its protection level
C:\gh\azure-sdk-for-net\sdk\monitor\Microsoft.OpenTelemetry.Exporter.AzureMonitor\tests\Microsoft.OpenTelemetry.Exporter.AzureMonitor.Tests\TelemetryPartATests.cs(133,54): error CS0246: The type or namespace name 'IUtf8JsonSerializable' could not be found (are you missing a using directive or an assembly reference?)
C:\gh\azure-sdk-for-net\sdk\monitor\Microsoft.OpenTelemetry.Exporter.AzureMonitor\tests\Microsoft.OpenTelemetry.Exporter.AzureMonitor.Tests\TelemetryPartATests.cs(133,59): error CS0122: 'ContextTagKeys' is inaccessible due to its protection level
C:\gh\azure-sdk-for-net\sdk\monitor\Microsoft.OpenTelemetry.Exporter.AzureMonitor\tests\Microsoft.OpenTelemetry.Exporter.AzureMonitor.Tests\TelemetryPartATests.cs(133,54): error CS0122: 'TelemetryItem.Tags' is inaccessible due to its protection level
C:\gh\azure-sdk-for-net\sdk\monitor\Microsoft.OpenTelemetry.Exporter.AzureMonitor\tests\Microsoft.OpenTelemetry.Exporter.AzureMonitor.Tests\TelemetryPartATests.cs(134,13): error CS0122: 'Assert' is inaccessible due to its protection level
C:\gh\azure-sdk-for-net\sdk\monitor\Microsoft.OpenTelemetry.Exporter.AzureMonitor\tests\Microsoft.OpenTelemetry.Exporter.AzureMonitor.Tests\TelemetryPartATests.cs(134,55): error CS0246: The type or namespace name 'IUtf8JsonSerializable' could not be found (are you missing a using directive or an assembly reference?)
C:\gh\azure-sdk-for-net\sdk\monitor\Microsoft.OpenTelemetry.Exporter.AzureMonitor\tests\Microsoft.OpenTelemetry.Exporter.AzureMonitor.Tests\TelemetryPartATests.cs(134,60): error CS0122: 'ContextTagKeys' is inaccessible due to its protection level
C:\gh\azure-sdk-for-net\sdk\monitor\Microsoft.OpenTelemetry.Exporter.AzureMonitor\tests\Microsoft.OpenTelemetry.Exporter.AzureMonitor.Tests\TelemetryPartATests.cs(134,55): error CS0122: 'TelemetryItem.Tags' is inaccessible due to its protection level
C:\gh\azure-sdk-for-net\sdk\monitor\Microsoft.OpenTelemetry.Exporter.AzureMonitor\tests\Microsoft.OpenTelemetry.Exporter.AzureMonitor.Tests\TelemetryPartATests.cs(135,13): error CS0122: 'Assert' is inaccessible due to its protection level
C:\gh\azure-sdk-for-net\sdk\monitor\Microsoft.OpenTelemetry.Exporter.AzureMonitor\tests\Microsoft.OpenTelemetry.Exporter.AzureMonitor.Tests\TelemetryPartATests.cs(135,72): error CS0246: The type or namespace name 'IUtf8JsonSerializable' could not be found (are you missing a using directive or an assembly reference?)
C:\gh\azure-sdk-for-net\sdk\monitor\Microsoft.OpenTelemetry.Exporter.AzureMonitor\tests\Microsoft.OpenTelemetry.Exporter.AzureMonitor.Tests\TelemetryPartATests.cs(135,77): error CS0122: 'ContextTagKeys' is inaccessible due to its protection level
C:\gh\azure-sdk-for-net\sdk\monitor\Microsoft.OpenTelemetry.Exporter.AzureMonitor\tests\Microsoft.OpenTelemetry.Exporter.AzureMonitor.Tests\TelemetryPartATests.cs(135,72): error CS0122: 'TelemetryItem.Tags' is inaccessible due to its protection level
C:\gh\azure-sdk-for-net\sdk\monitor\Microsoft.OpenTelemetry.Exporter.AzureMonitor\tests\Microsoft.OpenTelemetry.Exporter.AzureMonitor.Tests\TelemetryPartATests.cs(136,13): error CS0122: 'Assert' is inaccessible due to its protection level
C:\gh\azure-sdk-for-net\sdk\monitor\Microsoft.OpenTelemetry.Exporter.AzureMonitor\tests\Microsoft.OpenTelemetry.Exporter.AzureMonitor.Tests\TelemetryPartATests.cs(136,26): error CS0122: 'SdkVersionUtils' is inaccessible due to its protection level
C:\gh\azure-sdk-for-net\sdk\monitor\Microsoft.OpenTelemetry.Exporter.AzureMonitor\tests\Microsoft.OpenTelemetry.Exporter.AzureMonitor.Tests\TelemetryPartATests.cs(136,68): error CS0246: The type or namespace name 'IUtf8JsonSerializable' could not be found (are you missing a using directive or an assembly reference?)
C:\gh\azure-sdk-for-net\sdk\monitor\Microsoft.OpenTelemetry.Exporter.AzureMonitor\tests\Microsoft.OpenTelemetry.Exporter.AzureMonitor.Tests\TelemetryPartATests.cs(136,73): error CS0122: 'ContextTagKeys' is inaccessible due to its protection level
C:\gh\azure-sdk-for-net\sdk\monitor\Microsoft.OpenTelemetry.Exporter.AzureMonitor\tests\Microsoft.OpenTelemetry.Exporter.AzureMonitor.Tests\TelemetryPartATests.cs(136,68): error CS0122: 'TelemetryItem.Tags' is inaccessible due to its protection level
C:\gh\azure-sdk-for-net\sdk\monitor\Microsoft.OpenTelemetry.Exporter.AzureMonitor\tests\Microsoft.OpenTelemetry.Exporter.AzureMonitor.Tests\TelemetryPartATests.cs(137,13): error CS0122: 'Assert' is inaccessible due to its protection level
C:\gh\azure-sdk-for-net\sdk\monitor\Microsoft.OpenTelemetry.Exporter.AzureMonitor\tests\Microsoft.OpenTelemetry.Exporter.AzureMonitor.Tests\TagsTests.cs(140,35): error CS0122: 'TagEnumerationState' is inaccessible due to its protection level
C:\gh\azure-sdk-for-net\sdk\monitor\Microsoft.OpenTelemetry.Exporter.AzureMonitor\tests\Microsoft.OpenTelemetry.Exporter.AzureMonitor.Tests\TagsTests.cs(140,35): error CS0518: Predefined type 'System.Void' is not defined or imported
C:\gh\azure-sdk-for-net\sdk\monitor\Microsoft.OpenTelemetry.Exporter.AzureMonitor\tests\Microsoft.OpenTelemetry.Exporter.AzureMonitor.Tests\TagsTests.cs(142,29): error CS0122: 'AzMonList' is inaccessible due to its protection level
C:\gh\azure-sdk-for-net\sdk\monitor\Microsoft.OpenTelemetry.Exporter.AzureMonitor\tests\Microsoft.OpenTelemetry.Exporter.AzureMonitor.Tests\TagsTests.cs(143,29): error CS0122: 'AzMonList' is inaccessible due to its protection level
C:\gh\azure-sdk-for-net\sdk\monitor\Microsoft.OpenTelemetry.Exporter.AzureMonitor\tests\Microsoft.OpenTelemetry.Exporter.AzureMonitor.Tests\TagsTests.cs(148,18): error CS0122: 'SemanticConventions' is inaccessible due to its protection level
C:\gh\azure-sdk-for-net\sdk\monitor\Microsoft.OpenTelemetry.Exporter.AzureMonitor\tests\Microsoft.OpenTelemetry.Exporter.AzureMonitor.Tests\TagsTests.cs(149,18): error CS0122: 'SemanticConventions' is inaccessible due to its protection level
C:\gh\azure-sdk-for-net\sdk\monitor\Microsoft.OpenTelemetry.Exporter.AzureMonitor\tests\Microsoft.OpenTelemetry.Exporter.AzureMonitor.Tests\TagsTests.cs(150,18): error CS0122: 'SemanticConventions' is inaccessible due to its protection level
C:\gh\azure-sdk-for-net\sdk\monitor\Microsoft.OpenTelemetry.Exporter.AzureMonitor\tests\Microsoft.OpenTelemetry.Exporter.AzureMonitor.Tests\TagsTests.cs(157,13): error CS0122: 'Assert' is inaccessible due to its protection level
C:\gh\azure-sdk-for-net\sdk\monitor\Microsoft.OpenTelemetry.Exporter.AzureMonitor\tests\Microsoft.OpenTelemetry.Exporter.AzureMonitor.Tests\TagsTests.cs(157,26): error CS0122: 'PartBType' is inaccessible due to its protection level
C:\gh\azure-sdk-for-net\sdk\monitor\Microsoft.OpenTelemetry.Exporter.AzureMonitor\tests\Microsoft.OpenTelemetry.Exporter.AzureMonitor.Tests\TagsTests.cs(157,36): error CS0518: Predefined type 'System.Enum' is not defined or imported
C:\gh\azure-sdk-for-net\sdk\monitor\Microsoft.OpenTelemetry.Exporter.AzureMonitor\tests\Microsoft.OpenTelemetry.Exporter.AzureMonitor.Tests\TagsTests.cs(157,54): error CS0122: 'TagEnumerationState.activityType' is inaccessible due to its protection level
C:\gh\azure-sdk-for-net\sdk\monitor\Microsoft.OpenTelemetry.Exporter.AzureMonitor\tests\Microsoft.OpenTelemetry.Exporter.AzureMonitor.Tests\TagsTests.cs(158,13): error CS0122: 'Assert' is inaccessible due to its protection level
C:\gh\azure-sdk-for-net\sdk\monitor\Microsoft.OpenTelemetry.Exporter.AzureMonitor\tests\Microsoft.OpenTelemetry.Exporter.AzureMonitor.Tests\TagsTests.cs(158,41): error CS0122: 'TagEnumerationState.PartBTags' is inaccessible due to its protection level
C:\gh\azure-sdk-for-net\sdk\monitor\Microsoft.OpenTelemetry.Exporter.AzureMonitor\tests\Microsoft.OpenTelemetry.Exporter.AzureMonitor.Tests\TagsTests.cs(159,13): error CS0122: 'Assert' is inaccessible due to its protection level
C:\gh\azure-sdk-for-net\sdk\monitor\Microsoft.OpenTelemetry.Exporter.AzureMonitor\tests\Microsoft.OpenTelemetry.Exporter.AzureMonitor.Tests\TagsTests.cs(159,39): error CS0122: 'TagEnumerationState.PartCTags' is inaccessible due to its protection level
C:\gh\azure-sdk-for-net\sdk\monitor\Microsoft.OpenTelemetry.Exporter.AzureMonitor\tests\Microsoft.OpenTelemetry.Exporter.AzureMonitor.Tests\TagsTests.cs(161,13): error CS0122: 'Assert' is inaccessible due to its protection level
C:\gh\azure-sdk-for-net\sdk\monitor\Microsoft.OpenTelemetry.Exporter.AzureMonitor\tests\Microsoft.OpenTelemetry.Exporter.AzureMonitor.Tests\TagsTests.cs(161,35): error CS0122: 'AzMonList' is inaccessible due to its protection level
C:\gh\azure-sdk-for-net\sdk\monitor\Microsoft.OpenTelemetry.Exporter.AzureMonitor\tests\Microsoft.OpenTelemetry.Exporter.AzureMonitor.Tests\TagsTests.cs(161,73): error CS0122: 'TagEnumerationState.PartBTags' is inaccessible due to its protection level
C:\gh\azure-sdk-for-net\sdk\monitor\Microsoft.OpenTelemetry.Exporter.AzureMonitor\tests\Microsoft.OpenTelemetry.Exporter.AzureMonitor.Tests\TagsTests.cs(161,84): error CS0122: 'SemanticConventions' is inaccessible due to its protection level
C:\gh\azure-sdk-for-net\sdk\monitor\Microsoft.OpenTelemetry.Exporter.AzureMonitor\tests\Microsoft.OpenTelemetry.Exporter.AzureMonitor.Tests\TagsTests.cs(162,13): error CS0122: 'Assert' is inaccessible due to its protection level
C:\gh\azure-sdk-for-net\sdk\monitor\Microsoft.OpenTelemetry.Exporter.AzureMonitor\tests\Microsoft.OpenTelemetry.Exporter.AzureMonitor.Tests\TagsTests.cs(162,39): error CS0122: 'AzMonList' is inaccessible due to its protection level
C:\gh\azure-sdk-for-net\sdk\monitor\Microsoft.OpenTelemetry.Exporter.AzureMonitor\tests\Microsoft.OpenTelemetry.Exporter.AzureMonitor.Tests\TagsTests.cs(162,77): error CS0122: 'TagEnumerationState.PartBTags' is inaccessible due to its protection level
C:\gh\azure-sdk-for-net\sdk\monitor\Microsoft.OpenTelemetry.Exporter.AzureMonitor\tests\Microsoft.OpenTelemetry.Exporter.AzureMonitor.Tests\TagsTests.cs(162,88): error CS0122: 'SemanticConventions' is inaccessible due to its protection level
C:\gh\azure-sdk-for-net\sdk\monitor\Microsoft.OpenTelemetry.Exporter.AzureMonitor\tests\Microsoft.OpenTelemetry.Exporter.AzureMonitor.Tests\TagsTests.cs(163,13): error CS0122: 'Assert' is inaccessible due to its protection level
C:\gh\azure-sdk-for-net\sdk\monitor\Microsoft.OpenTelemetry.Exporter.AzureMonitor\tests\Microsoft.OpenTelemetry.Exporter.AzureMonitor.Tests\TagsTests.cs(163,34): error CS0122: 'AzMonList' is inaccessible due to its protection level
C:\gh\azure-sdk-for-net\sdk\monitor\Microsoft.OpenTelemetry.Exporter.AzureMonitor\tests\Microsoft.OpenTelemetry.Exporter.AzureMonitor.Tests\TagsTests.cs(163,72): error CS0122: 'TagEnumerationState.PartBTags' is inaccessible due to its protection level
C:\gh\azure-sdk-for-net\sdk\monitor\Microsoft.OpenTelemetry.Exporter.AzureMonitor\tests\Microsoft.OpenTelemetry.Exporter.AzureMonitor.Tests\TagsTests.cs(163,83): error CS0122: 'SemanticConventions' is inaccessible due to its protection level
C:\gh\azure-sdk-for-net\sdk\monitor\Microsoft.OpenTelemetry.Exporter.AzureMonitor\tests\Microsoft.OpenTelemetry.Exporter.AzureMonitor.Tests\TagsTests.cs(165,13): error CS0122: 'Assert' is inaccessible due to its protection level
C:\gh\azure-sdk-for-net\sdk\monitor\Microsoft.OpenTelemetry.Exporter.AzureMonitor\tests\Microsoft.OpenTelemetry.Exporter.AzureMonitor.Tests\TagsTests.cs(165,35): error CS0122: 'AzMonList' is inaccessible due to its protection level
C:\gh\azure-sdk-for-net\sdk\monitor\Microsoft.OpenTelemetry.Exporter.AzureMonitor\tests\Microsoft.OpenTelemetry.Exporter.AzureMonitor.Tests\TagsTests.cs(165,73): error CS0122: 'TagEnumerationState.PartCTags' is inaccessible due to its protection level
C:\gh\azure-sdk-for-net\sdk\monitor\Microsoft.OpenTelemetry.Exporter.AzureMonitor\tests\Microsoft.OpenTelemetry.Exporter.AzureMonitor.Tests\HttpHelperTests.cs(137,29): error CS0122: 'AzMonList' is inaccessible due to its protection level
C:\gh\azure-sdk-for-net\sdk\monitor\Microsoft.OpenTelemetry.Exporter.AzureMonitor\tests\Microsoft.OpenTelemetry.Exporter.AzureMonitor.Tests\HttpHelperTests.cs(138,13): error CS0122: 'AzMonList' is inaccessible due to its protection level
C:\gh\azure-sdk-for-net\sdk\monitor\Microsoft.OpenTelemetry.Exporter.AzureMonitor\tests\Microsoft.OpenTelemetry.Exporter.AzureMonitor.Tests\HttpHelperTests.cs(138,75): error CS0122: 'SemanticConventions' is inaccessible due to its protection level
C:\gh\azure-sdk-for-net\sdk\monitor\Microsoft.OpenTelemetry.Exporter.AzureMonitor\tests\Microsoft.OpenTelemetry.Exporter.AzureMonitor.Tests\HttpHelperTests.cs(139,13): error CS0122: 'AzMonList' is inaccessible due to its protection level
C:\gh\azure-sdk-for-net\sdk\monitor\Microsoft.OpenTelemetry.Exporter.AzureMonitor\tests\Microsoft.OpenTelemetry.Exporter.AzureMonitor.Tests\HttpHelperTests.cs(139,75): error CS0122: 'SemanticConventions' is inaccessible due to its protection level
C:\gh\azure-sdk-for-net\sdk\monitor\Microsoft.OpenTelemetry.Exporter.AzureMonitor\tests\Microsoft.OpenTelemetry.Exporter.AzureMonitor.Tests\HttpHelperTests.cs(140,13): error CS0122: 'AzMonList' is inaccessible due to its protection level
C:\gh\azure-sdk-for-net\sdk\monitor\Microsoft.OpenTelemetry.Exporter.AzureMonitor\tests\Microsoft.OpenTelemetry.Exporter.AzureMonitor.Tests\HttpHelperTests.cs(140,75): error CS0122: 'SemanticConventions' is inaccessible due to its protection level
C:\gh\azure-sdk-for-net\sdk\monitor\Microsoft.OpenTelemetry.Exporter.AzureMonitor\tests\Microsoft.OpenTelemetry.Exporter.AzureMonitor.Tests\HttpHelperTests.cs(141,13): error CS0122: 'AzMonList' is inaccessible due to its protection level
C:\gh\azure-sdk-for-net\sdk\monitor\Microsoft.OpenTelemetry.Exporter.AzureMonitor\tests\Microsoft.OpenTelemetry.Exporter.AzureMonitor.Tests\HttpHelperTests.cs(141,75): error CS0122: 'SemanticConventions' is inaccessible due to its protection level
C:\gh\azure-sdk-for-net\sdk\monitor\Microsoft.OpenTelemetry.Exporter.AzureMonitor\tests\Microsoft.OpenTelemetry.Exporter.AzureMonitor.Tests\HttpHelperTests.cs(143,23): error CS1061: 'AzMonList' does not contain a definition for 'GenerateUrlAndAuthority' and no accessible extension method 'GenerateUrlAndAuthority' accepting a first argument of type 'AzMonList' could be found (are you missing a using directive or an assembly reference?)
C:\gh\azure-sdk-for-net\sdk\monitor\Microsoft.OpenTelemetry.Exporter.AzureMonitor\tests\Microsoft.OpenTelemetry.Exporter.AzureMonitor.Tests\HttpHelperTests.cs(144,13): error CS0103: The name 'Assert' does not exist in the current context
C:\gh\azure-sdk-for-net\sdk\monitor\Microsoft.OpenTelemetry.Exporter.AzureMonitor\tests\Microsoft.OpenTelemetry.Exporter.AzureMonitor.Tests\HttpHelperTests.cs(145,13): error CS0103: The name 'Assert' does not exist in the current context
C:\gh\azure-sdk-for-net\sdk\monitor\Microsoft.OpenTelemetry.Exporter.AzureMonitor\tests\Microsoft.OpenTelemetry.Exporter.AzureMonitor.Tests\TagsTests.cs(171,35): error CS0122: 'TagEnumerationState' is inaccessible due to its protection level
C:\gh\azure-sdk-for-net\sdk\monitor\Microsoft.OpenTelemetry.Exporter.AzureMonitor\tests\Microsoft.OpenTelemetry.Exporter.AzureMonitor.Tests\TagsTests.cs(171,35): error CS0518: Predefined type 'System.Void' is not defined or imported
C:\gh\azure-sdk-for-net\sdk\monitor\Microsoft.OpenTelemetry.Exporter.AzureMonitor\tests\Microsoft.OpenTelemetry.Exporter.AzureMonitor.Tests\TagsTests.cs(173,29): error CS0122: 'AzMonList' is inaccessible due to its protection level
C:\gh\azure-sdk-for-net\sdk\monitor\Microsoft.OpenTelemetry.Exporter.AzureMonitor\tests\Microsoft.OpenTelemetry.Exporter.AzureMonitor.Tests\TagsTests.cs(174,29): error CS0122: 'AzMonList' is inaccessible due to its protection level
C:\gh\azure-sdk-for-net\sdk\monitor\Microsoft.OpenTelemetry.Exporter.AzureMonitor\tests\Microsoft.OpenTelemetry.Exporter.AzureMonitor.Tests\TagsTests.cs(185,13): error CS0122: 'Assert' is inaccessible due to its protection level
C:\gh\azure-sdk-for-net\sdk\monitor\Microsoft.OpenTelemetry.Exporter.AzureMonitor\tests\Microsoft.OpenTelemetry.Exporter.AzureMonitor.Tests\TagsTests.cs(185,26): error CS0122: 'PartBType' is inaccessible due to its protection level
C:\gh\azure-sdk-for-net\sdk\monitor\Microsoft.OpenTelemetry.Exporter.AzureMonitor\tests\Microsoft.OpenTelemetry.Exporter.AzureMonitor.Tests\TagsTests.cs(185,36): error CS0518: Predefined type 'System.Enum' is not defined or imported
C:\gh\azure-sdk-for-net\sdk\monitor\Microsoft.OpenTelemetry.Exporter.AzureMonitor\tests\Microsoft.OpenTelemetry.Exporter.AzureMonitor.Tests\TagsTests.cs(185,57): error CS0122: 'TagEnumerationState.activityType' is inaccessible due to its protection level
C:\gh\azure-sdk-for-net\sdk\monitor\Microsoft.OpenTelemetry.Exporter.AzureMonitor\tests\Microsoft.OpenTelemetry.Exporter.AzureMonitor.Tests\TagsTests.cs(186,13): error CS0122: 'Assert' is inaccessible due to its protection level
C:\gh\azure-sdk-for-net\sdk\monitor\Microsoft.OpenTelemetry.Exporter.AzureMonitor\tests\Microsoft.OpenTelemetry.Exporter.AzureMonitor.Tests\TagsTests.cs(186,38): error CS0122: 'TagEnumerationState.PartBTags' is inaccessible due to its protection level
C:\gh\azure-sdk-for-net\sdk\monitor\Microsoft.OpenTelemetry.Exporter.AzureMonitor\tests\Microsoft.OpenTelemetry.Exporter.AzureMonitor.Tests\TagsTests.cs(187,13): error CS0122: 'Assert' is inaccessible due to its protection level
C:\gh\azure-sdk-for-net\sdk\monitor\Microsoft.OpenTelemetry.Exporter.AzureMonitor\tests\Microsoft.OpenTelemetry.Exporter.AzureMonitor.Tests\TagsTests.cs(187,39): error CS0122: 'TagEnumerationState.PartCTags' is inaccessible due to its protection level
C:\gh\azure-sdk-for-net\sdk\monitor\Microsoft.OpenTelemetry.Exporter.AzureMonitor\tests\Microsoft.OpenTelemetry.Exporter.AzureMonitor.Tests\TagsTests.cs(189,13): error CS0122: 'Assert' is inaccessible due to its protection level
C:\gh\azure-sdk-for-net\sdk\monitor\Microsoft.OpenTelemetry.Exporter.AzureMonitor\tests\Microsoft.OpenTelemetry.Exporter.AzureMonitor.Tests\TagsTests.cs(189,35): error CS0122: 'AzMonList' is inaccessible due to its protection level
C:\gh\azure-sdk-for-net\sdk\monitor\Microsoft.OpenTelemetry.Exporter.AzureMonitor\tests\Microsoft.OpenTelemetry.Exporter.AzureMonitor.Tests\TagsTests.cs(189,73): error CS0122: 'TagEnumerationState.PartCTags' is inaccessible due to its protection level
C:\gh\azure-sdk-for-net\sdk\monitor\Microsoft.OpenTelemetry.Exporter.AzureMonitor\tests\Microsoft.OpenTelemetry.Exporter.AzureMonitor.Tests\TagsTests.cs(195,35): error CS0122: 'TagEnumerationState' is inaccessible due to its protection level
C:\gh\azure-sdk-for-net\sdk\monitor\Microsoft.OpenTelemetry.Exporter.AzureMonitor\tests\Microsoft.OpenTelemetry.Exporter.AzureMonitor.Tests\TagsTests.cs(195,35): error CS0518: Predefined type 'System.Void' is not defined or imported
C:\gh\azure-sdk-for-net\sdk\monitor\Microsoft.OpenTelemetry.Exporter.AzureMonitor\tests\Microsoft.OpenTelemetry.Exporter.AzureMonitor.Tests\TagsTests.cs(197,29): error CS0122: 'AzMonList' is inaccessible due to its protection level
C:\gh\azure-sdk-for-net\sdk\monitor\Microsoft.OpenTelemetry.Exporter.AzureMonitor\tests\Microsoft.OpenTelemetry.Exporter.AzureMonitor.Tests\TagsTests.cs(198,29): error CS0122: 'AzMonList' is inaccessible due to its protection level
C:\gh\azure-sdk-for-net\sdk\monitor\Microsoft.OpenTelemetry.Exporter.AzureMonitor\tests\Microsoft.OpenTelemetry.Exporter.AzureMonitor.Tests\TagsTests.cs(209,13): error CS0122: 'Assert' is inaccessible due to its protection level
C:\gh\azure-sdk-for-net\sdk\monitor\Microsoft.OpenTelemetry.Exporter.AzureMonitor\tests\Microsoft.OpenTelemetry.Exporter.AzureMonitor.Tests\TagsTests.cs(209,26): error CS0122: 'PartBType' is inaccessible due to its protection level
C:\gh\azure-sdk-for-net\sdk\monitor\Microsoft.OpenTelemetry.Exporter.AzureMonitor\tests\Microsoft.OpenTelemetry.Exporter.AzureMonitor.Tests\TagsTests.cs(209,36): error CS0518: Predefined type 'System.Enum' is not defined or imported
C:\gh\azure-sdk-for-net\sdk\monitor\Microsoft.OpenTelemetry.Exporter.AzureMonitor\tests\Microsoft.OpenTelemetry.Exporter.AzureMonitor.Tests\TagsTests.cs(209,57): error CS0122: 'TagEnumerationState.activityType' is inaccessible due to its protection level
C:\gh\azure-sdk-for-net\sdk\monitor\Microsoft.OpenTelemetry.Exporter.AzureMonitor\tests\Microsoft.OpenTelemetry.Exporter.AzureMonitor.Tests\TagsTests.cs(210,13): error CS0122: 'Assert' is inaccessible due to its protection level
C:\gh\azure-sdk-for-net\sdk\monitor\Microsoft.OpenTelemetry.Exporter.AzureMonitor\tests\Microsoft.OpenTelemetry.Exporter.AzureMonitor.Tests\TagsTests.cs(210,38): error CS0122: 'TagEnumerationState.PartBTags' is inaccessible due to its protection level
C:\gh\azure-sdk-for-net\sdk\monitor\Microsoft.OpenTelemetry.Exporter.AzureMonitor\tests\Microsoft.OpenTelemetry.Exporter.AzureMonitor.Tests\TagsTests.cs(211,13): error CS0122: 'Assert' is inaccessible due to its protection level
C:\gh\azure-sdk-for-net\sdk\monitor\Microsoft.OpenTelemetry.Exporter.AzureMonitor\tests\Microsoft.OpenTelemetry.Exporter.AzureMonitor.Tests\TagsTests.cs(211,39): error CS0122: 'TagEnumerationState.PartCTags' is inaccessible due to its protection level
C:\gh\azure-sdk-for-net\sdk\monitor\Microsoft.OpenTelemetry.Exporter.AzureMonitor\tests\Microsoft.OpenTelemetry.Exporter.AzureMonitor.Tests\TagsTests.cs(213,13): error CS0122: 'Assert' is inaccessible due to its protection level
C:\gh\azure-sdk-for-net\sdk\monitor\Microsoft.OpenTelemetry.Exporter.AzureMonitor\tests\Microsoft.OpenTelemetry.Exporter.AzureMonitor.Tests\TagsTests.cs(213,41): error CS0122: 'AzMonList' is inaccessible due to its protection level
C:\gh\azure-sdk-for-net\sdk\monitor\Microsoft.OpenTelemetry.Exporter.AzureMonitor\tests\Microsoft.OpenTelemetry.Exporter.AzureMonitor.Tests\TagsTests.cs(213,79): error CS0122: 'TagEnumerationState.PartCTags' is inaccessible due to its protection level
C:\gh\azure-sdk-for-net\sdk\monitor\Microsoft.OpenTelemetry.Exporter.AzureMonitor\tests\Microsoft.OpenTelemetry.Exporter.AzureMonitor.Tests\HttpHelperTests.cs(155,29): error CS0122: 'AzMonList' is inaccessible due to its protection level
C:\gh\azure-sdk-for-net\sdk\monitor\Microsoft.OpenTelemetry.Exporter.AzureMonitor\tests\Microsoft.OpenTelemetry.Exporter.AzureMonitor.Tests\HttpHelperTests.cs(157,12): error CS0122: 'AzMonList' is inaccessible due to its protection level
C:\gh\azure-sdk-for-net\sdk\monitor\Microsoft.OpenTelemetry.Exporter.AzureMonitor\tests\Microsoft.OpenTelemetry.Exporter.AzureMonitor.Tests\HttpHelperTests.cs(157,74): error CS0122: 'SemanticConventions' is inaccessible due to its protection level
C:\gh\azure-sdk-for-net\sdk\monitor\Microsoft.OpenTelemetry.Exporter.AzureMonitor\tests\Microsoft.OpenTelemetry.Exporter.AzureMonitor.Tests\HttpHelperTests.cs(161,16): error CS0122: 'AzMonList' is inaccessible due to its protection level
C:\gh\azure-sdk-for-net\sdk\monitor\Microsoft.OpenTelemetry.Exporter.AzureMonitor\tests\Microsoft.OpenTelemetry.Exporter.AzureMonitor.Tests\HttpHelperTests.cs(161,78): error CS0122: 'SemanticConventions' is inaccessible due to its protection level
C:\gh\azure-sdk-for-net\sdk\monitor\Microsoft.OpenTelemetry.Exporter.AzureMonitor\tests\Microsoft.OpenTelemetry.Exporter.AzureMonitor.Tests\HttpHelperTests.cs(166,16): error CS0122: 'AzMonList' is inaccessible due to its protection level
C:\gh\azure-sdk-for-net\sdk\monitor\Microsoft.OpenTelemetry.Exporter.AzureMonitor\tests\Microsoft.OpenTelemetry.Exporter.AzureMonitor.Tests\HttpHelperTests.cs(166,78): error CS0122: 'SemanticConventions' is inaccessible due to its protection level
C:\gh\azure-sdk-for-net\sdk\monitor\Microsoft.OpenTelemetry.Exporter.AzureMonitor\tests\Microsoft.OpenTelemetry.Exporter.AzureMonitor.Tests\HttpHelperTests.cs(169,23): error CS1061: 'AzMonList' does not contain a definition for 'GenerateUrlAndAuthority' and no accessible extension method 'GenerateUrlAndAuthority' accepting a first argument of type 'AzMonList' could be found (are you missing a using directive or an assembly reference?)
C:\gh\azure-sdk-for-net\sdk\monitor\Microsoft.OpenTelemetry.Exporter.AzureMonitor\tests\Microsoft.OpenTelemetry.Exporter.AzureMonitor.Tests\HttpHelperTests.cs(171,13): error CS0103: The name 'Assert' does not exist in the current context
C:\gh\azure-sdk-for-net\sdk\monitor\Microsoft.OpenTelemetry.Exporter.AzureMonitor\tests\Microsoft.OpenTelemetry.Exporter.AzureMonitor.Tests\HttpHelperTests.cs(172,13): error CS0103: The name 'Assert' does not exist in the current context
C:\gh\azure-sdk-for-net\sdk\monitor\Microsoft.OpenTelemetry.Exporter.AzureMonitor\tests\Microsoft.OpenTelemetry.Exporter.AzureMonitor.Tests\HttpHelperTests.cs(178,29): error CS0122: 'AzMonList' is inaccessible due to its protection level
C:\gh\azure-sdk-for-net\sdk\monitor\Microsoft.OpenTelemetry.Exporter.AzureMonitor\tests\Microsoft.OpenTelemetry.Exporter.AzureMonitor.Tests\HttpHelperTests.cs(179,13): error CS0122: 'AzMonList' is inaccessible due to its protection level
C:\gh\azure-sdk-for-net\sdk\monitor\Microsoft.OpenTelemetry.Exporter.AzureMonitor\tests\Microsoft.OpenTelemetry.Exporter.AzureMonitor.Tests\HttpHelperTests.cs(179,75): error CS0122: 'SemanticConventions' is inaccessible due to its protection level
C:\gh\azure-sdk-for-net\sdk\monitor\Microsoft.OpenTelemetry.Exporter.AzureMonitor\tests\Microsoft.OpenTelemetry.Exporter.AzureMonitor.Tests\HttpHelperTests.cs(181,23): error CS1061: 'AzMonList' does not contain a definition for 'GenerateUrlAndAuthority' and no accessible extension method 'GenerateUrlAndAuthority' accepting a first argument of type 'AzMonList' could be found (are you missing a using directive or an assembly reference?)
C:\gh\azure-sdk-for-net\sdk\monitor\Microsoft.OpenTelemetry.Exporter.AzureMonitor\tests\Microsoft.OpenTelemetry.Exporter.AzureMonitor.Tests\HttpHelperTests.cs(182,13): error CS0103: The name 'Assert' does not exist in the current context
C:\gh\azure-sdk-for-net\sdk\monitor\Microsoft.OpenTelemetry.Exporter.AzureMonitor\tests\Microsoft.OpenTelemetry.Exporter.AzureMonitor.Tests\HttpHelperTests.cs(183,13): error CS0103: The name 'Assert' does not exist in the current context
C:\gh\azure-sdk-for-net\sdk\monitor\Microsoft.OpenTelemetry.Exporter.AzureMonitor\tests\Microsoft.OpenTelemetry.Exporter.AzureMonitor.Tests\TagsTests.cs(219,35): error CS0122: 'TagEnumerationState' is inaccessible due to its protection level
C:\gh\azure-sdk-for-net\sdk\monitor\Microsoft.OpenTelemetry.Exporter.AzureMonitor\tests\Microsoft.OpenTelemetry.Exporter.AzureMonitor.Tests\TagsTests.cs(219,35): error CS0518: Predefined type 'System.Void' is not defined or imported
C:\gh\azure-sdk-for-net\sdk\monitor\Microsoft.OpenTelemetry.Exporter.AzureMonitor\tests\Microsoft.OpenTelemetry.Exporter.AzureMonitor.Tests\TagsTests.cs(221,29): error CS0122: 'AzMonList' is inaccessible due to its protection level
C:\gh\azure-sdk-for-net\sdk\monitor\Microsoft.OpenTelemetry.Exporter.AzureMonitor\tests\Microsoft.OpenTelemetry.Exporter.AzureMonitor.Tests\TagsTests.cs(222,29): error CS0122: 'AzMonList' is inaccessible due to its protection level
C:\gh\azure-sdk-for-net\sdk\monitor\Microsoft.OpenTelemetry.Exporter.AzureMonitor\tests\Microsoft.OpenTelemetry.Exporter.AzureMonitor.Tests\TagsTests.cs(233,13): error CS0122: 'Assert' is inaccessible due to its protection level
C:\gh\azure-sdk-for-net\sdk\monitor\Microsoft.OpenTelemetry.Exporter.AzureMonitor\tests\Microsoft.OpenTelemetry.Exporter.AzureMonitor.Tests\TagsTests.cs(233,26): error CS0122: 'PartBType' is inaccessible due to its protection level
C:\gh\azure-sdk-for-net\sdk\monitor\Microsoft.OpenTelemetry.Exporter.AzureMonitor\tests\Microsoft.OpenTelemetry.Exporter.AzureMonitor.Tests\TagsTests.cs(233,36): error CS0518: Predefined type 'System.Enum' is not defined or imported
C:\gh\azure-sdk-for-net\sdk\monitor\Microsoft.OpenTelemetry.Exporter.AzureMonitor\tests\Microsoft.OpenTelemetry.Exporter.AzureMonitor.Tests\TagsTests.cs(233,57): error CS0122: 'TagEnumerationState.activityType' is inaccessible due to its protection level
C:\gh\azure-sdk-for-net\sdk\monitor\Microsoft.OpenTelemetry.Exporter.AzureMonitor\tests\Microsoft.OpenTelemetry.Exporter.AzureMonitor.Tests\TagsTests.cs(234,13): error CS0122: 'Assert' is inaccessible due to its protection level
C:\gh\azure-sdk-for-net\sdk\monitor\Microsoft.OpenTelemetry.Exporter.AzureMonitor\tests\Microsoft.OpenTelemetry.Exporter.AzureMonitor.Tests\TagsTests.cs(234,38): error CS0122: 'TagEnumerationState.PartBTags' is inaccessible due to its protection level
C:\gh\azure-sdk-for-net\sdk\monitor\Microsoft.OpenTelemetry.Exporter.AzureMonitor\tests\Microsoft.OpenTelemetry.Exporter.AzureMonitor.Tests\TagsTests.cs(235,13): error CS0122: 'Assert' is inaccessible due to its protection level
C:\gh\azure-sdk-for-net\sdk\monitor\Microsoft.OpenTelemetry.Exporter.AzureMonitor\tests\Microsoft.OpenTelemetry.Exporter.AzureMonitor.Tests\TagsTests.cs(235,39): error CS0122: 'TagEnumerationState.PartCTags' is inaccessible due to its protection level
C:\gh\azure-sdk-for-net\sdk\monitor\Microsoft.OpenTelemetry.Exporter.AzureMonitor\tests\Microsoft.OpenTelemetry.Exporter.AzureMonitor.Tests\TagsTests.cs(237,13): error CS0122: 'Assert' is inaccessible due to its protection level
C:\gh\azure-sdk-for-net\sdk\monitor\Microsoft.OpenTelemetry.Exporter.AzureMonitor\tests\Microsoft.OpenTelemetry.Exporter.AzureMonitor.Tests\TagsTests.cs(237,47): error CS0122: 'AzMonList' is inaccessible due to its protection level
C:\gh\azure-sdk-for-net\sdk\monitor\Microsoft.OpenTelemetry.Exporter.AzureMonitor\tests\Microsoft.OpenTelemetry.Exporter.AzureMonitor.Tests\TagsTests.cs(237,85): error CS0122: 'TagEnumerationState.PartCTags' is inaccessible due to its protection level
C:\gh\azure-sdk-for-net\sdk\monitor\Microsoft.OpenTelemetry.Exporter.AzureMonitor\tests\Microsoft.OpenTelemetry.Exporter.AzureMonitor.Tests\TelemetryPartATests.cs(153,27): error CS0103: The name 'ActivityTraceId' does not exist in the current context
C:\gh\azure-sdk-for-net\sdk\monitor\Microsoft.OpenTelemetry.Exporter.AzureMonitor\tests\Microsoft.OpenTelemetry.Exporter.AzureMonitor.Tests\TelemetryPartATests.cs(155,32): error CS0103: The name 'ActivitySpanId' does not exist in the current context
C:\gh\azure-sdk-for-net\sdk\monitor\Microsoft.OpenTelemetry.Exporter.AzureMonitor\tests\Microsoft.OpenTelemetry.Exporter.AzureMonitor.Tests\TelemetryPartATests.cs(178,35): error CS0246: The type or namespace name 'ActivityEvent' could not be found (are you missing a using directive or an assembly reference?)
C:\gh\azure-sdk-for-net\sdk\monitor\Microsoft.OpenTelemetry.Exporter.AzureMonitor\tests\Microsoft.OpenTelemetry.Exporter.AzureMonitor.Tests\TelemetryPartATests.cs(180,21): error CS0246: The type or namespace name 'ActivityEvent' could not be found (are you missing a using directive or an assembly reference?)
C:\gh\azure-sdk-for-net\sdk\monitor\Microsoft.OpenTelemetry.Exporter.AzureMonitor\tests\Microsoft.OpenTelemetry.Exporter.AzureMonitor.Tests\TelemetryPartATests.cs(183,25): error CS0246: The type or namespace name 'ActivityTagsCollection' could not be found (are you missing a using directive or an assembly reference?)
C:\gh\azure-sdk-for-net\sdk\monitor\Microsoft.OpenTelemetry.Exporter.AzureMonitor\tests\Microsoft.OpenTelemetry.Exporter.AzureMonitor.Tests\TelemetryPartATests.cs(187,21): error CS0246: The type or namespace name 'ActivityEvent' could not be found (are you missing a using directive or an assembly reference?)
C:\gh\azure-sdk-for-net\sdk\monitor\Microsoft.OpenTelemetry.Exporter.AzureMonitor\tests\Microsoft.OpenTelemetry.Exporter.AzureMonitor.Tests\TelemetryPartATests.cs(190,25): error CS0246: The type or namespace name 'ActivityTagsCollection' could not be found (are you missing a using directive or an assembly reference?)
C:\gh\azure-sdk-for-net\sdk\monitor\Microsoft.OpenTelemetry.Exporter.AzureMonitor\tests\Microsoft.OpenTelemetry.Exporter.AzureMonitor.Tests\TelemetryPartATests.cs(196,32): error CS0103: The name 'ActivitySpanId' does not exist in the current context
C:\gh\azure-sdk-for-net\sdk\monitor\Microsoft.OpenTelemetry.Exporter.AzureMonitor\tests\Microsoft.OpenTelemetry.Exporter.AzureMonitor.Tests\TelemetryPartATests.cs(198,38): error CS0246: The type or namespace name 'ActivitySource' could not be found (are you missing a using directive or an assembly reference?)
C:\gh\azure-sdk-for-net\sdk\monitor\Microsoft.OpenTelemetry.Exporter.AzureMonitor\tests\Microsoft.OpenTelemetry.Exporter.AzureMonitor.Tests\TelemetryPartATests.cs(206,29): error CS0246: The type or namespace name 'ActivityLink' could not be found (are you missing a using directive or an assembly reference?)
C:\gh\azure-sdk-for-net\sdk\monitor\Microsoft.OpenTelemetry.Exporter.AzureMonitor\tests\Microsoft.OpenTelemetry.Exporter.AzureMonitor.Tests\TelemetryPartATests.cs(206,46): error CS0246: The type or namespace name 'ActivityContext' could not be found (are you missing a using directive or an assembly reference?)
C:\gh\azure-sdk-for-net\sdk\monitor\Microsoft.OpenTelemetry.Exporter.AzureMonitor\tests\Microsoft.OpenTelemetry.Exporter.AzureMonitor.Tests\TelemetryPartATests.cs(209,29): error CS0103: The name 'ActivityTraceFlags' does not exist in the current context
C:\gh\azure-sdk-for-net\sdk\monitor\Microsoft.OpenTelemetry.Exporter.AzureMonitor\tests\Microsoft.OpenTelemetry.Exporter.AzureMonitor.Tests\TelemetryPartATests.cs(216,36): error CS0246: The type or namespace name 'ActivityContext' could not be found (are you missing a using directive or an assembly reference?)
C:\gh\azure-sdk-for-net\sdk\monitor\Microsoft.OpenTelemetry.Exporter.AzureMonitor\tests\Microsoft.OpenTelemetry.Exporter.AzureMonitor.Tests\TelemetryPartATests.cs(216,75): error CS0103: The name 'ActivityTraceFlags' does not exist in the current context
C:\gh\azure-sdk-for-net\sdk\monitor\Microsoft.OpenTelemetry.Exporter.AzureMonitor\tests\Microsoft.OpenTelemetry.Exporter.AzureMonitor.Tests\TagsTests.cs(243,35): error CS0122: 'TagEnumerationState' is inaccessible due to its protection level
C:\gh\azure-sdk-for-net\sdk\monitor\Microsoft.OpenTelemetry.Exporter.AzureMonitor\tests\Microsoft.OpenTelemetry.Exporter.AzureMonitor.Tests\TagsTests.cs(243,35): error CS0518: Predefined type 'System.Void' is not defined or imported
C:\gh\azure-sdk-for-net\sdk\monitor\Microsoft.OpenTelemetry.Exporter.AzureMonitor\tests\Microsoft.OpenTelemetry.Exporter.AzureMonitor.Tests\TagsTests.cs(245,29): error CS0122: 'AzMonList' is inaccessible due to its protection level
C:\gh\azure-sdk-for-net\sdk\monitor\Microsoft.OpenTelemetry.Exporter.AzureMonitor\tests\Microsoft.OpenTelemetry.Exporter.AzureMonitor.Tests\TagsTests.cs(246,29): error CS0122: 'AzMonList' is inaccessible due to its protection level
C:\gh\azure-sdk-for-net\sdk\monitor\Microsoft.OpenTelemetry.Exporter.AzureMonitor\tests\Microsoft.OpenTelemetry.Exporter.AzureMonitor.Tests\TagsTests.cs(257,13): error CS0122: 'Assert' is inaccessible due to its protection level
C:\gh\azure-sdk-for-net\sdk\monitor\Microsoft.OpenTelemetry.Exporter.AzureMonitor\tests\Microsoft.OpenTelemetry.Exporter.AzureMonitor.Tests\TagsTests.cs(257,26): error CS0122: 'PartBType' is inaccessible due to its protection level
C:\gh\azure-sdk-for-net\sdk\monitor\Microsoft.OpenTelemetry.Exporter.AzureMonitor\tests\Microsoft.OpenTelemetry.Exporter.AzureMonitor.Tests\TagsTests.cs(257,36): error CS0518: Predefined type 'System.Enum' is not defined or imported
C:\gh\azure-sdk-for-net\sdk\monitor\Microsoft.OpenTelemetry.Exporter.AzureMonitor\tests\Microsoft.OpenTelemetry.Exporter.AzureMonitor.Tests\TagsTests.cs(257,57): error CS0122: 'TagEnumerationState.activityType' is inaccessible due to its protection level
C:\gh\azure-sdk-for-net\sdk\monitor\Microsoft.OpenTelemetry.Exporter.AzureMonitor\tests\Microsoft.OpenTelemetry.Exporter.AzureMonitor.Tests\TagsTests.cs(258,13): error CS0122: 'Assert' is inaccessible due to its protection level
C:\gh\azure-sdk-for-net\sdk\monitor\Microsoft.OpenTelemetry.Exporter.AzureMonitor\tests\Microsoft.OpenTelemetry.Exporter.AzureMonitor.Tests\TagsTests.cs(258,38): error CS0122: 'TagEnumerationState.PartBTags' is inaccessible due to its protection level
C:\gh\azure-sdk-for-net\sdk\monitor\Microsoft.OpenTelemetry.Exporter.AzureMonitor\tests\Microsoft.OpenTelemetry.Exporter.AzureMonitor.Tests\TagsTests.cs(259,13): error CS0122: 'Assert' is inaccessible due to its protection level
C:\gh\azure-sdk-for-net\sdk\monitor\Microsoft.OpenTelemetry.Exporter.AzureMonitor\tests\Microsoft.OpenTelemetry.Exporter.AzureMonitor.Tests\TagsTests.cs(259,39): error CS0122: 'TagEnumerationState.PartCTags' is inaccessible due to its protection level
C:\gh\azure-sdk-for-net\sdk\monitor\Microsoft.OpenTelemetry.Exporter.AzureMonitor\tests\Microsoft.OpenTelemetry.Exporter.AzureMonitor.Tests\TagsTests.cs(261,13): error CS0122: 'Assert' is inaccessible due to its protection level
C:\gh\azure-sdk-for-net\sdk\monitor\Microsoft.OpenTelemetry.Exporter.AzureMonitor\tests\Microsoft.OpenTelemetry.Exporter.AzureMonitor.Tests\TagsTests.cs(261,45): error CS0122: 'AzMonList' is inaccessible due to its protection level
C:\gh\azure-sdk-for-net\sdk\monitor\Microsoft.OpenTelemetry.Exporter.AzureMonitor\tests\Microsoft.OpenTelemetry.Exporter.AzureMonitor.Tests\TagsTests.cs(261,83): error CS0122: 'TagEnumerationState.PartCTags' is inaccessible due to its protection level
C:\gh\azure-sdk-for-net\sdk\monitor\Microsoft.OpenTelemetry.Exporter.AzureMonitor\tests\Microsoft.OpenTelemetry.Exporter.AzureMonitor.Tests\TagsTests.cs(267,35): error CS0122: 'TagEnumerationState' is inaccessible due to its protection level
C:\gh\azure-sdk-for-net\sdk\monitor\Microsoft.OpenTelemetry.Exporter.AzureMonitor\tests\Microsoft.OpenTelemetry.Exporter.AzureMonitor.Tests\TagsTests.cs(267,35): error CS0518: Predefined type 'System.Void' is not defined or imported
C:\gh\azure-sdk-for-net\sdk\monitor\Microsoft.OpenTelemetry.Exporter.AzureMonitor\tests\Microsoft.OpenTelemetry.Exporter.AzureMonitor.Tests\TagsTests.cs(269,29): error CS0122: 'AzMonList' is inaccessible due to its protection level
C:\gh\azure-sdk-for-net\sdk\monitor\Microsoft.OpenTelemetry.Exporter.AzureMonitor\tests\Microsoft.OpenTelemetry.Exporter.AzureMonitor.Tests\TagsTests.cs(270,29): error CS0122: 'AzMonList' is inaccessible due to its protection level
C:\gh\azure-sdk-for-net\sdk\monitor\Microsoft.OpenTelemetry.Exporter.AzureMonitor\tests\Microsoft.OpenTelemetry.Exporter.AzureMonitor.Tests\TagsTests.cs(281,13): error CS0122: 'Assert' is inaccessible due to its protection level
C:\gh\azure-sdk-for-net\sdk\monitor\Microsoft.OpenTelemetry.Exporter.AzureMonitor\tests\Microsoft.OpenTelemetry.Exporter.AzureMonitor.Tests\TagsTests.cs(281,26): error CS0122: 'PartBType' is inaccessible due to its protection level
C:\gh\azure-sdk-for-net\sdk\monitor\Microsoft.OpenTelemetry.Exporter.AzureMonitor\tests\Microsoft.OpenTelemetry.Exporter.AzureMonitor.Tests\TagsTests.cs(281,36): error CS0518: Predefined type 'System.Enum' is not defined or imported
C:\gh\azure-sdk-for-net\sdk\monitor\Microsoft.OpenTelemetry.Exporter.AzureMonitor\tests\Microsoft.OpenTelemetry.Exporter.AzureMonitor.Tests\TagsTests.cs(281,57): error CS0122: 'TagEnumerationState.activityType' is inaccessible due to its protection level
C:\gh\azure-sdk-for-net\sdk\monitor\Microsoft.OpenTelemetry.Exporter.AzureMonitor\tests\Microsoft.OpenTelemetry.Exporter.AzureMonitor.Tests\TagsTests.cs(282,13): error CS0122: 'Assert' is inaccessible due to its protection level
C:\gh\azure-sdk-for-net\sdk\monitor\Microsoft.OpenTelemetry.Exporter.AzureMonitor\tests\Microsoft.OpenTelemetry.Exporter.AzureMonitor.Tests\TagsTests.cs(282,38): error CS0122: 'TagEnumerationState.PartBTags' is inaccessible due to its protection level
C:\gh\azure-sdk-for-net\sdk\monitor\Microsoft.OpenTelemetry.Exporter.AzureMonitor\tests\Microsoft.OpenTelemetry.Exporter.AzureMonitor.Tests\TagsTests.cs(283,13): error CS0122: 'Assert' is inaccessible due to its protection level
C:\gh\azure-sdk-for-net\sdk\monitor\Microsoft.OpenTelemetry.Exporter.AzureMonitor\tests\Microsoft.OpenTelemetry.Exporter.AzureMonitor.Tests\TagsTests.cs(283,39): error CS0122: 'TagEnumerationState.PartCTags' is inaccessible due to its protection level
C:\gh\azure-sdk-for-net\sdk\monitor\Microsoft.OpenTelemetry.Exporter.AzureMonitor\tests\Microsoft.OpenTelemetry.Exporter.AzureMonitor.Tests\TagsTests.cs(285,13): error CS0122: 'Assert' is inaccessible due to its protection level
C:\gh\azure-sdk-for-net\sdk\monitor\Microsoft.OpenTelemetry.Exporter.AzureMonitor\tests\Microsoft.OpenTelemetry.Exporter.AzureMonitor.Tests\TagsTests.cs(285,230): error CS0122: 'AzMonList' is inaccessible due to its protection level
C:\gh\azure-sdk-for-net\sdk\monitor\Microsoft.OpenTelemetry.Exporter.AzureMonitor\tests\Microsoft.OpenTelemetry.Exporter.AzureMonitor.Tests\TagsTests.cs(285,268): error CS0122: 'TagEnumerationState.PartCTags' is inaccessible due to its protection level
C:\gh\azure-sdk-for-net\sdk\monitor\Microsoft.OpenTelemetry.Exporter.AzureMonitor\tests\Microsoft.OpenTelemetry.Exporter.AzureMonitor.Tests\TagsTests.cs(291,35): error CS0122: 'TagEnumerationState' is inaccessible due to its protection level
C:\gh\azure-sdk-for-net\sdk\monitor\Microsoft.OpenTelemetry.Exporter.AzureMonitor\tests\Microsoft.OpenTelemetry.Exporter.AzureMonitor.Tests\TagsTests.cs(291,35): error CS0518: Predefined type 'System.Void' is not defined or imported
C:\gh\azure-sdk-for-net\sdk\monitor\Microsoft.OpenTelemetry.Exporter.AzureMonitor\tests\Microsoft.OpenTelemetry.Exporter.AzureMonitor.Tests\TagsTests.cs(293,29): error CS0122: 'AzMonList' is inaccessible due to its protection level
C:\gh\azure-sdk-for-net\sdk\monitor\Microsoft.OpenTelemetry.Exporter.AzureMonitor\tests\Microsoft.OpenTelemetry.Exporter.AzureMonitor.Tests\TagsTests.cs(294,29): error CS0122: 'AzMonList' is inaccessible due to its protection level
C:\gh\azure-sdk-for-net\sdk\monitor\Microsoft.OpenTelemetry.Exporter.AzureMonitor\tests\Microsoft.OpenTelemetry.Exporter.AzureMonitor.Tests\TagsTests.cs(310,13): error CS0122: 'Assert' is inaccessible due to its protection level
C:\gh\azure-sdk-for-net\sdk\monitor\Microsoft.OpenTelemetry.Exporter.AzureMonitor\tests\Microsoft.OpenTelemetry.Exporter.AzureMonitor.Tests\TagsTests.cs(310,26): error CS0122: 'PartBType' is inaccessible due to its protection level
C:\gh\azure-sdk-for-net\sdk\monitor\Microsoft.OpenTelemetry.Exporter.AzureMonitor\tests\Microsoft.OpenTelemetry.Exporter.AzureMonitor.Tests\TagsTests.cs(310,36): error CS0518: Predefined type 'System.Enum' is not defined or imported
C:\gh\azure-sdk-for-net\sdk\monitor\Microsoft.OpenTelemetry.Exporter.AzureMonitor\tests\Microsoft.OpenTelemetry.Exporter.AzureMonitor.Tests\TagsTests.cs(310,57): error CS0122: 'TagEnumerationState.activityType' is inaccessible due to its protection level
C:\gh\azure-sdk-for-net\sdk\monitor\Microsoft.OpenTelemetry.Exporter.AzureMonitor\tests\Microsoft.OpenTelemetry.Exporter.AzureMonitor.Tests\TagsTests.cs(311,13): error CS0122: 'Assert' is inaccessible due to its protection level
C:\gh\azure-sdk-for-net\sdk\monitor\Microsoft.OpenTelemetry.Exporter.AzureMonitor\tests\Microsoft.OpenTelemetry.Exporter.AzureMonitor.Tests\TagsTests.cs(311,38): error CS0122: 'TagEnumerationState.PartBTags' is inaccessible due to its protection level
C:\gh\azure-sdk-for-net\sdk\monitor\Microsoft.OpenTelemetry.Exporter.AzureMonitor\tests\Microsoft.OpenTelemetry.Exporter.AzureMonitor.Tests\TagsTests.cs(312,13): error CS0122: 'Assert' is inaccessible due to its protection level
C:\gh\azure-sdk-for-net\sdk\monitor\Microsoft.OpenTelemetry.Exporter.AzureMonitor\tests\Microsoft.OpenTelemetry.Exporter.AzureMonitor.Tests\TagsTests.cs(312,41): error CS0122: 'TagEnumerationState.PartCTags' is inaccessible due to its protection level
C:\gh\azure-sdk-for-net\sdk\monitor\Microsoft.OpenTelemetry.Exporter.AzureMonitor\tests\Microsoft.OpenTelemetry.Exporter.AzureMonitor.Tests\TagsTests.cs(314,13): error CS0122: 'Assert' is inaccessible due to its protection level
C:\gh\azure-sdk-for-net\sdk\monitor\Microsoft.OpenTelemetry.Exporter.AzureMonitor\tests\Microsoft.OpenTelemetry.Exporter.AzureMonitor.Tests\TagsTests.cs(314,29): error CS0122: 'AzMonList' is inaccessible due to its protection level
C:\gh\azure-sdk-for-net\sdk\monitor\Microsoft.OpenTelemetry.Exporter.AzureMonitor\tests\Microsoft.OpenTelemetry.Exporter.AzureMonitor.Tests\TagsTests.cs(314,67): error CS0122: 'TagEnumerationState.PartCTags' is inaccessible due to its protection level
C:\gh\azure-sdk-for-net\sdk\monitor\Microsoft.OpenTelemetry.Exporter.AzureMonitor\tests\Microsoft.OpenTelemetry.Exporter.AzureMonitor.Tests\TagsTests.cs(315,13): error CS0122: 'Assert' is inaccessible due to its protection level
C:\gh\azure-sdk-for-net\sdk\monitor\Microsoft.OpenTelemetry.Exporter.AzureMonitor\tests\Microsoft.OpenTelemetry.Exporter.AzureMonitor.Tests\TagsTests.cs(315,31): error CS0122: 'AzMonList' is inaccessible due to its protection level
C:\gh\azure-sdk-for-net\sdk\monitor\Microsoft.OpenTelemetry.Exporter.AzureMonitor\tests\Microsoft.OpenTelemetry.Exporter.AzureMonitor.Tests\TagsTests.cs(315,69): error CS0122: 'TagEnumerationState.PartCTags' is inaccessible due to its protection level
C:\gh\azure-sdk-for-net\sdk\monitor\Microsoft.OpenTelemetry.Exporter.AzureMonitor\tests\Microsoft.OpenTelemetry.Exporter.AzureMonitor.Tests\TagsTests.cs(316,13): error CS0122: 'Assert' is inaccessible due to its protection level
C:\gh\azure-sdk-for-net\sdk\monitor\Microsoft.OpenTelemetry.Exporter.AzureMonitor\tests\Microsoft.OpenTelemetry.Exporter.AzureMonitor.Tests\TagsTests.cs(316,34): error CS0122: 'AzMonList' is inaccessible due to its protection level
C:\gh\azure-sdk-for-net\sdk\monitor\Microsoft.OpenTelemetry.Exporter.AzureMonitor\tests\Microsoft.OpenTelemetry.Exporter.AzureMonitor.Tests\TagsTests.cs(316,72): error CS0122: 'TagEnumerationState.PartCTags' is inaccessible due to its protection level
C:\gh\azure-sdk-for-net\sdk\monitor\Microsoft.OpenTelemetry.Exporter.AzureMonitor\tests\Microsoft.OpenTelemetry.Exporter.AzureMonitor.Tests\TagsTests.cs(317,13): error CS0122: 'Assert' is inaccessible due to its protection level
C:\gh\azure-sdk-for-net\sdk\monitor\Microsoft.OpenTelemetry.Exporter.AzureMonitor\tests\Microsoft.OpenTelemetry.Exporter.AzureMonitor.Tests\TagsTests.cs(317,32): error CS0122: 'AzMonList' is inaccessible due to its protection level
C:\gh\azure-sdk-for-net\sdk\monitor\Microsoft.OpenTelemetry.Exporter.AzureMonitor\tests\Microsoft.OpenTelemetry.Exporter.AzureMonitor.Tests\TagsTests.cs(317,70): error CS0122: 'TagEnumerationState.PartCTags' is inaccessible due to its protection level
C:\gh\azure-sdk-for-net\sdk\monitor\Microsoft.OpenTelemetry.Exporter.AzureMonitor\tests\Microsoft.OpenTelemetry.Exporter.AzureMonitor.Tests\TagsTests.cs(318,13): error CS0122: 'Assert' is inaccessible due to its protection level
C:\gh\azure-sdk-for-net\sdk\monitor\Microsoft.OpenTelemetry.Exporter.AzureMonitor\tests\Microsoft.OpenTelemetry.Exporter.AzureMonitor.Tests\TagsTests.cs(318,96): error CS0122: 'AzMonList' is inaccessible due to its protection level
C:\gh\azure-sdk-for-net\sdk\monitor\Microsoft.OpenTelemetry.Exporter.AzureMonitor\tests\Microsoft.OpenTelemetry.Exporter.AzureMonitor.Tests\TagsTests.cs(318,134): error CS0122: 'TagEnumerationState.PartCTags' is inaccessible due to its protection level
C:\gh\azure-sdk-for-net\sdk\monitor\Microsoft.OpenTelemetry.Exporter.AzureMonitor\tests\Microsoft.OpenTelemetry.Exporter.AzureMonitor.Tests\TagsTests.cs(319,13): error CS0122: 'Assert' is inaccessible due to its protection level
C:\gh\azure-sdk-for-net\sdk\monitor\Microsoft.OpenTelemetry.Exporter.AzureMonitor\tests\Microsoft.OpenTelemetry.Exporter.AzureMonitor.Tests\TagsTests.cs(319,35): error CS0122: 'AzMonList' is inaccessible due to its protection level
C:\gh\azure-sdk-for-net\sdk\monitor\Microsoft.OpenTelemetry.Exporter.AzureMonitor\tests\Microsoft.OpenTelemetry.Exporter.AzureMonitor.Tests\TagsTests.cs(319,73): error CS0122: 'TagEnumerationState.PartCTags' is inaccessible due to its protection level
C:\gh\azure-sdk-for-net\sdk\monitor\Microsoft.OpenTelemetry.Exporter.AzureMonitor\tests\Microsoft.OpenTelemetry.Exporter.AzureMonitor.Tests\TagsTests.cs(327,27): error CS0103: The name 'ActivityTraceId' does not exist in the current context
C:\gh\azure-sdk-for-net\sdk\monitor\Microsoft.OpenTelemetry.Exporter.AzureMonitor\tests\Microsoft.OpenTelemetry.Exporter.AzureMonitor.Tests\TagsTests.cs(329,32): error CS0103: The name 'ActivitySpanId' does not exist in the current context
C:\gh\azure-sdk-for-net\sdk\monitor\Microsoft.OpenTelemetry.Exporter.AzureMonitor\tests\Microsoft.OpenTelemetry.Exporter.AzureMonitor.Tests\TagsTests.cs(341,38): error CS0246: The type or namespace name 'ActivitySource' could not be found (are you missing a using directive or an assembly reference?)
C:\gh\azure-sdk-for-net\sdk\monitor\Microsoft.OpenTelemetry.Exporter.AzureMonitor\tests\Microsoft.OpenTelemetry.Exporter.AzureMonitor.Tests\TagsTests.cs(345,17): error CS0103: The name 'ActivityKind' does not exist in the current context
C:\gh\azure-sdk-for-net\sdk\monitor\Microsoft.OpenTelemetry.Exporter.AzureMonitor\tests\Microsoft.OpenTelemetry.Exporter.AzureMonitor.Tests\TagsTests.cs(346,36): error CS0246: The type or namespace name 'ActivityContext' could not be found (are you missing a using directive or an assembly reference?)
C:\gh\azure-sdk-for-net\sdk\monitor\Microsoft.OpenTelemetry.Exporter.AzureMonitor\tests\Microsoft.OpenTelemetry.Exporter.AzureMonitor.Tests\TagsTests.cs(346,75): error CS0103: The name 'ActivityTraceFlags' does not exist in the current context
C:\gh\azure-sdk-for-net\sdk\monitor\Microsoft.OpenTelemetry.Exporter.AzureMonitor\tests\Microsoft.OpenTelemetry.Exporter.AzureMonitor.Tests\TelemetryPartATests.cs(8,1): hidden CS8019: Unnecessary using directive.
C:\gh\azure-sdk-for-net\sdk\monitor\Microsoft.OpenTelemetry.Exporter.AzureMonitor\tests\Microsoft.OpenTelemetry.Exporter.AzureMonitor.Tests\HttpHelperTests.cs(5,1): hidden CS8019: Unnecessary using directive.
C:\gh\azure-sdk-for-net\sdk\monitor\Microsoft.OpenTelemetry.Exporter.AzureMonitor\tests\Microsoft.OpenTelemetry.Exporter.AzureMonitor.Tests\ConnectionString\ConnectionStringTests.cs(6,1): hidden CS8019: Unnecessary using directive.
C:\gh\azure-sdk-for-net\sdk\monitor\Microsoft.OpenTelemetry.Exporter.AzureMonitor\tests\Microsoft.OpenTelemetry.Exporter.AzureMonitor.Tests\TagsTests.cs(8,1): hidden CS8019: Unnecessary using directive.
C:\gh\azure-sdk-for-net\sdk\monitor\Microsoft.OpenTelemetry.Exporter.AzureMonitor\tests\Microsoft.OpenTelemetry.Exporter.AzureMonitor.Tests\ExceptionExtensionsTests.cs(7,1): hidden CS8019: Unnecessary using directive.
C:\gh\azure-sdk-for-net\artifacts\obj\Microsoft.OpenTelemetry.Exporter.AzureMonitor.Tests\Debug\net461\.NETFramework,Version=v4.6.1.AssemblyAttributes.cs(2,1): hidden CS8019: Unnecessary using directive.
C:\gh\azure-sdk-for-net\artifacts\obj\Microsoft.OpenTelemetry.Exporter.AzureMonitor.Tests\Debug\net461\Microsoft.OpenTelemetry.Exporter.AzureMonitor.Tests.AssemblyInfo.cs(11,1): hidden CS8019: Unnecessary using directive.
C:\gh\azure-sdk-for-net\artifacts\obj\Microsoft.OpenTelemetry.Exporter.AzureMonitor.Tests\Debug\net461\.NETFramework,Version=v4.6.1.AssemblyAttributes.cs(3,1): hidden CS8019: Unnecessary using directive.
C:\gh\azure-sdk-for-net\sdk\monitor\Microsoft.OpenTelemetry.Exporter.AzureMonitor\tests\Microsoft.OpenTelemetry.Exporter.AzureMonitor.Tests\TagsTests.cs(7,1): hidden CS8019: Unnecessary using directive.
C:\gh\azure-sdk-for-net\sdk\monitor\Microsoft.OpenTelemetry.Exporter.AzureMonitor\tests\Microsoft.OpenTelemetry.Exporter.AzureMonitor.Tests\ConnectionString\ConnectionStringParser_BuildUriTests.cs(5,1): hidden CS8019: Unnecessary using directive.
C:\gh\azure-sdk-for-net\sdk\monitor\Microsoft.OpenTelemetry.Exporter.AzureMonitor\tests\Microsoft.OpenTelemetry.Exporter.AzureMonitor.Tests\TelemetryPartATests.cs(6,1): hidden CS8019: Unnecessary using directive.
C:\gh\azure-sdk-for-net\artifacts\obj\Microsoft.OpenTelemetry.Exporter.AzureMonitor.Tests\Debug\net461\Microsoft.OpenTelemetry.Exporter.AzureMonitor.Tests.AssemblyInfo.cs(12,1): hidden CS8019: Unnecessary using directive.
C:\gh\azure-sdk-for-net\sdk\monitor\Microsoft.OpenTelemetry.Exporter.AzureMonitor\tests\Microsoft.OpenTelemetry.Exporter.AzureMonitor.Tests\AzureMonitorTraceExporterTests.cs(4,1): hidden CS8019: Unnecessary using directive.
C:\gh\azure-sdk-for-net\sdk\monitor\Microsoft.OpenTelemetry.Exporter.AzureMonitor\tests\Microsoft.OpenTelemetry.Exporter.AzureMonitor.Tests\TelemetryPartATests.cs(11,1): hidden CS8019: Unnecessary using directive.
C:\gh\azure-sdk-for-net\sdk\monitor\Microsoft.OpenTelemetry.Exporter.AzureMonitor\tests\Microsoft.OpenTelemetry.Exporter.AzureMonitor.Tests\TagsTests.cs(4,1): hidden CS8019: Unnecessary using directive.
C:\gh\azure-sdk-for-net\sdk\monitor\Microsoft.OpenTelemetry.Exporter.AzureMonitor\tests\Microsoft.OpenTelemetry.Exporter.AzureMonitor.Tests\NDJsonWriterTests.cs(5,1): hidden CS8019: Unnecessary using directive.
C:\gh\azure-sdk-for-net\sdk\monitor\Microsoft.OpenTelemetry.Exporter.AzureMonitor\tests\Microsoft.OpenTelemetry.Exporter.AzureMonitor.Tests\AzureMonitorTraceExporterTests.cs(8,1): hidden CS8019: Unnecessary using directive.
C:\gh\azure-sdk-for-net\sdk\monitor\Microsoft.OpenTelemetry.Exporter.AzureMonitor\tests\Microsoft.OpenTelemetry.Exporter.AzureMonitor.Tests\TelemetryPartATests.cs(10,1): hidden CS8019: Unnecessary using directive.
C:\gh\azure-sdk-for-net\sdk\monitor\Microsoft.OpenTelemetry.Exporter.AzureMonitor\tests\Microsoft.OpenTelemetry.Exporter.AzureMonitor.Tests\ConnectionString\ConnectionStringParserTests.cs(5,1): hidden CS8019: Unnecessary using directive.
