C:\gh\azure-sdk-for-net\artifacts\obj\AzureDotNetSDK-TestProject\Debug\netcoreapp2.0\.NETCoreApp,Version=v2.0.AssemblyAttributes.cs(4,20): error CS0400: The type or namespace name 'System' could not be found in the global namespace (are you missing an assembly reference?)
C:\gh\azure-sdk-for-net\artifacts\obj\AzureDotNetSDK-TestProject\Debug\netcoreapp2.0\AzureDotNetSDK-TestProject.AssemblyInfo.cs(14,12): error CS0246: The type or namespace name 'System' could not be found (are you missing a using directive or an assembly reference?)
C:\gh\azure-sdk-for-net\artifacts\obj\AzureDotNetSDK-TestProject\Debug\netcoreapp2.0\AzureDotNetSDK-TestProject.AssemblyInfo.cs(15,12): error CS0246: The type or namespace name 'System' could not be found (are you missing a using directive or an assembly reference?)
C:\gh\azure-sdk-for-net\artifacts\obj\AzureDotNetSDK-TestProject\Debug\netcoreapp2.0\.NETCoreApp,Version=v2.0.AssemblyAttributes.cs(4,71): error CS0518: Predefined type 'System.String' is not defined or imported
C:\gh\azure-sdk-for-net\artifacts\obj\AzureDotNetSDK-TestProject\Debug\netcoreapp2.0\.NETCoreApp,Version=v2.0.AssemblyAttributes.cs(4,99): error CS0246: The type or namespace name 'FrameworkDisplayName' could not be found (are you missing a using directive or an assembly reference?)
C:\gh\azure-sdk-for-net\artifacts\obj\AzureDotNetSDK-TestProject\Debug\netcoreapp2.0\.NETCoreApp,Version=v2.0.AssemblyAttributes.cs(4,122): error CS0518: Predefined type 'System.String' is not defined or imported
C:\gh\azure-sdk-for-net\artifacts\obj\AzureDotNetSDK-TestProject\Debug\netcoreapp2.0\AzureDotNetSDK-TestProject.AssemblyInfo.cs(14,68): error CS0518: Predefined type 'System.String' is not defined or imported
C:\gh\azure-sdk-for-net\artifacts\obj\AzureDotNetSDK-TestProject\Debug\netcoreapp2.0\AzureDotNetSDK-TestProject.AssemblyInfo.cs(15,56): error CS0518: Predefined type 'System.String' is not defined or imported
C:\gh\azure-sdk-for-net\artifacts\obj\AzureDotNetSDK-TestProject\Debug\netcoreapp2.0\AzureDotNetSDK-TestProject.AssemblyInfo.cs(15,73): error CS0518: Predefined type 'System.String' is not defined or imported
C:\gh\azure-sdk-for-net\tools\ProjectTemplates\AzureDotNetSDK-TestProject\Class1.cs(1,7): error CS0246: The type or namespace name 'System' could not be found (are you missing a using directive or an assembly reference?)
C:\gh\azure-sdk-for-net\artifacts\obj\AzureDotNetSDK-TestProject\Debug\netcoreapp2.0\.NETCoreApp,Version=v2.0.AssemblyAttributes.cs(2,7): error CS0246: The type or namespace name 'System' could not be found (are you missing a using directive or an assembly reference?)
C:\gh\azure-sdk-for-net\artifacts\obj\AzureDotNetSDK-TestProject\Debug\netcoreapp2.0\.NETCoreApp,Version=v2.0.AssemblyAttributes.cs(3,7): error CS0246: The type or namespace name 'System' could not be found (are you missing a using directive or an assembly reference?)
C:\gh\azure-sdk-for-net\artifacts\obj\AzureDotNetSDK-TestProject\Debug\netcoreapp2.0\AzureDotNetSDK-TestProject.AssemblyInfo.cs(11,7): error CS0246: The type or namespace name 'System' could not be found (are you missing a using directive or an assembly reference?)
C:\gh\azure-sdk-for-net\artifacts\obj\AzureDotNetSDK-TestProject\Debug\netcoreapp2.0\AzureDotNetSDK-TestProject.AssemblyInfo.cs(12,7): error CS0246: The type or namespace name 'System' could not be found (are you missing a using directive or an assembly reference?)
C:\gh\azure-sdk-for-net\tools\ProjectTemplates\AzureDotNetSDK-TestProject\Class1.cs(5,18): error CS0518: Predefined type 'System.Object' is not defined or imported
C:\gh\azure-sdk-for-net\tools\ProjectTemplates\AzureDotNetSDK-TestProject\Class1.cs(5,18): error CS1729: 'object' does not contain a constructor that takes 0 arguments
C:\gh\azure-sdk-for-net\tools\ProjectTemplates\AzureDotNetSDK-TestProject\Class1.cs(1,1): hidden CS8019: Unnecessary using directive.
C:\gh\azure-sdk-for-net\artifacts\obj\AzureDotNetSDK-TestProject\Debug\netcoreapp2.0\.NETCoreApp,Version=v2.0.AssemblyAttributes.cs(2,1): hidden CS8019: Unnecessary using directive.
C:\gh\azure-sdk-for-net\artifacts\obj\AzureDotNetSDK-TestProject\Debug\netcoreapp2.0\AzureDotNetSDK-TestProject.AssemblyInfo.cs(12,1): hidden CS8019: Unnecessary using directive.
C:\gh\azure-sdk-for-net\artifacts\obj\AzureDotNetSDK-TestProject\Debug\netcoreapp2.0\.NETCoreApp,Version=v2.0.AssemblyAttributes.cs(3,1): hidden CS8019: Unnecessary using directive.
C:\gh\azure-sdk-for-net\artifacts\obj\AzureDotNetSDK-TestProject\Debug\netcoreapp2.0\AzureDotNetSDK-TestProject.AssemblyInfo.cs(11,1): hidden CS8019: Unnecessary using directive.
