C:\gh\azure-sdk-for-net\sdk\mgmtcommon\AppAuthentication\Azure.Services.AppAuthentication.Unit.Tests\Properties\AssemblyInfo.cs(3,12): error CS0246: The type or namespace name 'CollectionBehaviorAttribute' could not be found (are you missing a using directive or an assembly reference?)
C:\gh\azure-sdk-for-net\sdk\mgmtcommon\AppAuthentication\Azure.Services.AppAuthentication.Unit.Tests\Properties\AssemblyInfo.cs(3,12): error CS0246: The type or namespace name 'CollectionBehavior' could not be found (are you missing a using directive or an assembly reference?)
C:\gh\azure-sdk-for-net\sdk\mgmtcommon\AppAuthentication\Azure.Services.AppAuthentication.Unit.Tests\Properties\AssemblyInfo.cs(3,31): error CS0246: The type or namespace name 'DisableTestParallelization' could not be found (are you missing a using directive or an assembly reference?)
C:\gh\azure-sdk-for-net\sdk\mgmtcommon\AppAuthentication\Azure.Services.AppAuthentication.Unit.Tests\Mocks\MockAuthenticationContext.cs(93,99): error CS0246: The type or namespace name 'IClientAssertionCertificate' could not be found (are you missing a using directive or an assembly reference?)
C:\gh\azure-sdk-for-net\sdk\mgmtcommon\AppAuthentication\Azure.Services.AppAuthentication.Unit.Tests\Mocks\MockAuthenticationContext.cs(83,116): error CS0246: The type or namespace name 'UserCredential' could not be found (are you missing a using directive or an assembly reference?)
C:\gh\azure-sdk-for-net\sdk\mgmtcommon\AppAuthentication\Azure.Services.AppAuthentication.Unit.Tests\Mocks\MockAuthenticationContext.cs(88,99): error CS0246: The type or namespace name 'ClientCredential' could not be found (are you missing a using directive or an assembly reference?)
C:\gh\azure-sdk-for-net\sdk\mgmtcommon\AppAuthentication\Azure.Services.AppAuthentication.Unit.Tests\Mocks\MockHttpClientFactory.cs(7,44): error CS0246: The type or namespace name 'IHttpClientFactory' could not be found (are you missing a using directive or an assembly reference?)
C:\gh\azure-sdk-for-net\sdk\mgmtcommon\AppAuthentication\Azure.Services.AppAuthentication.Unit.Tests\AzureCliAccessTokenProviderTests.cs(68,10): error CS0246: The type or namespace name 'FactAttribute' could not be found (are you missing a using directive or an assembly reference?)
C:\gh\azure-sdk-for-net\sdk\mgmtcommon\AppAuthentication\Azure.Services.AppAuthentication.Unit.Tests\AzureCliAccessTokenProviderTests.cs(68,10): error CS0246: The type or namespace name 'Fact' could not be found (are you missing a using directive or an assembly reference?)
C:\gh\azure-sdk-for-net\sdk\mgmtcommon\AppAuthentication\Azure.Services.AppAuthentication.Unit.Tests\KeyVaultClientTests.cs(113,10): error CS0246: The type or namespace name 'FactAttribute' could not be found (are you missing a using directive or an assembly reference?)
C:\gh\azure-sdk-for-net\sdk\mgmtcommon\AppAuthentication\Azure.Services.AppAuthentication.Unit.Tests\KeyVaultClientTests.cs(113,10): error CS0246: The type or namespace name 'Fact' could not be found (are you missing a using directive or an assembly reference?)
C:\gh\azure-sdk-for-net\sdk\mgmtcommon\AppAuthentication\Azure.Services.AppAuthentication.Unit.Tests\KeyVaultClientTests.cs(98,10): error CS0246: The type or namespace name 'FactAttribute' could not be found (are you missing a using directive or an assembly reference?)
C:\gh\azure-sdk-for-net\sdk\mgmtcommon\AppAuthentication\Azure.Services.AppAuthentication.Unit.Tests\KeyVaultClientTests.cs(98,10): error CS0246: The type or namespace name 'Fact' could not be found (are you missing a using directive or an assembly reference?)
C:\gh\azure-sdk-for-net\sdk\mgmtcommon\AppAuthentication\Azure.Services.AppAuthentication.Unit.Tests\AzureCliAccessTokenProviderTests.cs(50,10): error CS0246: The type or namespace name 'FactAttribute' could not be found (are you missing a using directive or an assembly reference?)
C:\gh\azure-sdk-for-net\sdk\mgmtcommon\AppAuthentication\Azure.Services.AppAuthentication.Unit.Tests\AzureCliAccessTokenProviderTests.cs(50,10): error CS0246: The type or namespace name 'Fact' could not be found (are you missing a using directive or an assembly reference?)
C:\gh\azure-sdk-for-net\sdk\mgmtcommon\AppAuthentication\Azure.Services.AppAuthentication.Unit.Tests\ClientSecretAccessTokenProviderTests.cs(70,10): error CS0246: The type or namespace name 'FactAttribute' could not be found (are you missing a using directive or an assembly reference?)
C:\gh\azure-sdk-for-net\sdk\mgmtcommon\AppAuthentication\Azure.Services.AppAuthentication.Unit.Tests\ClientSecretAccessTokenProviderTests.cs(70,10): error CS0246: The type or namespace name 'Fact' could not be found (are you missing a using directive or an assembly reference?)
C:\gh\azure-sdk-for-net\sdk\mgmtcommon\AppAuthentication\Azure.Services.AppAuthentication.Unit.Tests\ClientCertificateAccessTokenProviderTests.cs(272,10): error CS0246: The type or namespace name 'FactAttribute' could not be found (are you missing a using directive or an assembly reference?)
C:\gh\azure-sdk-for-net\sdk\mgmtcommon\AppAuthentication\Azure.Services.AppAuthentication.Unit.Tests\ClientCertificateAccessTokenProviderTests.cs(272,10): error CS0246: The type or namespace name 'Fact' could not be found (are you missing a using directive or an assembly reference?)
C:\gh\azure-sdk-for-net\sdk\mgmtcommon\AppAuthentication\Azure.Services.AppAuthentication.Unit.Tests\AzureCliAccessTokenProviderTests.cs(34,10): error CS0246: The type or namespace name 'FactAttribute' could not be found (are you missing a using directive or an assembly reference?)
C:\gh\azure-sdk-for-net\sdk\mgmtcommon\AppAuthentication\Azure.Services.AppAuthentication.Unit.Tests\AzureCliAccessTokenProviderTests.cs(34,10): error CS0246: The type or namespace name 'Fact' could not be found (are you missing a using directive or an assembly reference?)
C:\gh\azure-sdk-for-net\sdk\mgmtcommon\AppAuthentication\Azure.Services.AppAuthentication.Unit.Tests\ClientSecretAccessTokenProviderTests.cs(52,10): error CS0246: The type or namespace name 'FactAttribute' could not be found (are you missing a using directive or an assembly reference?)
C:\gh\azure-sdk-for-net\sdk\mgmtcommon\AppAuthentication\Azure.Services.AppAuthentication.Unit.Tests\ClientSecretAccessTokenProviderTests.cs(52,10): error CS0246: The type or namespace name 'Fact' could not be found (are you missing a using directive or an assembly reference?)
C:\gh\azure-sdk-for-net\sdk\mgmtcommon\AppAuthentication\Azure.Services.AppAuthentication.Unit.Tests\KeyVaultClientTests.cs(81,10): error CS0246: The type or namespace name 'FactAttribute' could not be found (are you missing a using directive or an assembly reference?)
C:\gh\azure-sdk-for-net\sdk\mgmtcommon\AppAuthentication\Azure.Services.AppAuthentication.Unit.Tests\KeyVaultClientTests.cs(81,10): error CS0246: The type or namespace name 'Fact' could not be found (are you missing a using directive or an assembly reference?)
C:\gh\azure-sdk-for-net\sdk\mgmtcommon\AppAuthentication\Azure.Services.AppAuthentication.Unit.Tests\ClientCertificateAccessTokenProviderTests.cs(238,10): error CS0246: The type or namespace name 'TheoryAttribute' could not be found (are you missing a using directive or an assembly reference?)
C:\gh\azure-sdk-for-net\sdk\mgmtcommon\AppAuthentication\Azure.Services.AppAuthentication.Unit.Tests\ClientCertificateAccessTokenProviderTests.cs(238,10): error CS0246: The type or namespace name 'Theory' could not be found (are you missing a using directive or an assembly reference?)
C:\gh\azure-sdk-for-net\sdk\mgmtcommon\AppAuthentication\Azure.Services.AppAuthentication.Unit.Tests\ClientCertificateAccessTokenProviderTests.cs(239,10): error CS0246: The type or namespace name 'InlineDataAttribute' could not be found (are you missing a using directive or an assembly reference?)
C:\gh\azure-sdk-for-net\sdk\mgmtcommon\AppAuthentication\Azure.Services.AppAuthentication.Unit.Tests\ClientCertificateAccessTokenProviderTests.cs(239,10): error CS0246: The type or namespace name 'InlineData' could not be found (are you missing a using directive or an assembly reference?)
C:\gh\azure-sdk-for-net\sdk\mgmtcommon\AppAuthentication\Azure.Services.AppAuthentication.Unit.Tests\ClientCertificateAccessTokenProviderTests.cs(240,10): error CS0246: The type or namespace name 'InlineDataAttribute' could not be found (are you missing a using directive or an assembly reference?)
C:\gh\azure-sdk-for-net\sdk\mgmtcommon\AppAuthentication\Azure.Services.AppAuthentication.Unit.Tests\ClientCertificateAccessTokenProviderTests.cs(240,10): error CS0246: The type or namespace name 'InlineData' could not be found (are you missing a using directive or an assembly reference?)
C:\gh\azure-sdk-for-net\sdk\mgmtcommon\AppAuthentication\Azure.Services.AppAuthentication.Unit.Tests\AzureCliAccessTokenProviderTests.cs(15,10): error CS0246: The type or namespace name 'FactAttribute' could not be found (are you missing a using directive or an assembly reference?)
C:\gh\azure-sdk-for-net\sdk\mgmtcommon\AppAuthentication\Azure.Services.AppAuthentication.Unit.Tests\AzureCliAccessTokenProviderTests.cs(15,10): error CS0246: The type or namespace name 'Fact' could not be found (are you missing a using directive or an assembly reference?)
C:\gh\azure-sdk-for-net\sdk\mgmtcommon\AppAuthentication\Azure.Services.AppAuthentication.Unit.Tests\ClientSecretAccessTokenProviderTests.cs(36,10): error CS0246: The type or namespace name 'FactAttribute' could not be found (are you missing a using directive or an assembly reference?)
C:\gh\azure-sdk-for-net\sdk\mgmtcommon\AppAuthentication\Azure.Services.AppAuthentication.Unit.Tests\ClientSecretAccessTokenProviderTests.cs(36,10): error CS0246: The type or namespace name 'Fact' could not be found (are you missing a using directive or an assembly reference?)
C:\gh\azure-sdk-for-net\sdk\mgmtcommon\AppAuthentication\Azure.Services.AppAuthentication.Unit.Tests\AzureServiceTokenProviderTests.cs(371,10): error CS0246: The type or namespace name 'FactAttribute' could not be found (are you missing a using directive or an assembly reference?)
C:\gh\azure-sdk-for-net\sdk\mgmtcommon\AppAuthentication\Azure.Services.AppAuthentication.Unit.Tests\AzureServiceTokenProviderTests.cs(371,10): error CS0246: The type or namespace name 'Fact' could not be found (are you missing a using directive or an assembly reference?)
C:\gh\azure-sdk-for-net\sdk\mgmtcommon\AppAuthentication\Azure.Services.AppAuthentication.Unit.Tests\KeyVaultClientTests.cs(69,10): error CS0246: The type or namespace name 'FactAttribute' could not be found (are you missing a using directive or an assembly reference?)
C:\gh\azure-sdk-for-net\sdk\mgmtcommon\AppAuthentication\Azure.Services.AppAuthentication.Unit.Tests\KeyVaultClientTests.cs(69,10): error CS0246: The type or namespace name 'Fact' could not be found (are you missing a using directive or an assembly reference?)
C:\gh\azure-sdk-for-net\sdk\mgmtcommon\AppAuthentication\Azure.Services.AppAuthentication.Unit.Tests\AzureServiceTokenProviderTests.cs(353,10): error CS0246: The type or namespace name 'FactAttribute' could not be found (are you missing a using directive or an assembly reference?)
C:\gh\azure-sdk-for-net\sdk\mgmtcommon\AppAuthentication\Azure.Services.AppAuthentication.Unit.Tests\AzureServiceTokenProviderTests.cs(353,10): error CS0246: The type or namespace name 'Fact' could not be found (are you missing a using directive or an assembly reference?)
C:\gh\azure-sdk-for-net\sdk\mgmtcommon\AppAuthentication\Azure.Services.AppAuthentication.Unit.Tests\ClientSecretAccessTokenProviderTests.cs(16,10): error CS0246: The type or namespace name 'FactAttribute' could not be found (are you missing a using directive or an assembly reference?)
C:\gh\azure-sdk-for-net\sdk\mgmtcommon\AppAuthentication\Azure.Services.AppAuthentication.Unit.Tests\ClientSecretAccessTokenProviderTests.cs(16,10): error CS0246: The type or namespace name 'Fact' could not be found (are you missing a using directive or an assembly reference?)
C:\gh\azure-sdk-for-net\sdk\mgmtcommon\AppAuthentication\Azure.Services.AppAuthentication.Unit.Tests\ClientCertificateAccessTokenProviderTests.cs(223,10): error CS0246: The type or namespace name 'FactAttribute' could not be found (are you missing a using directive or an assembly reference?)
C:\gh\azure-sdk-for-net\sdk\mgmtcommon\AppAuthentication\Azure.Services.AppAuthentication.Unit.Tests\ClientCertificateAccessTokenProviderTests.cs(223,10): error CS0246: The type or namespace name 'Fact' could not be found (are you missing a using directive or an assembly reference?)
C:\gh\azure-sdk-for-net\sdk\mgmtcommon\AppAuthentication\Azure.Services.AppAuthentication.Unit.Tests\KeyVaultClientTests.cs(57,10): error CS0246: The type or namespace name 'FactAttribute' could not be found (are you missing a using directive or an assembly reference?)
C:\gh\azure-sdk-for-net\sdk\mgmtcommon\AppAuthentication\Azure.Services.AppAuthentication.Unit.Tests\KeyVaultClientTests.cs(57,10): error CS0246: The type or namespace name 'Fact' could not be found (are you missing a using directive or an assembly reference?)
C:\gh\azure-sdk-for-net\sdk\mgmtcommon\AppAuthentication\Azure.Services.AppAuthentication.Unit.Tests\MsiAccessTokenProviderTests.cs(343,10): error CS0246: The type or namespace name 'FactAttribute' could not be found (are you missing a using directive or an assembly reference?)
C:\gh\azure-sdk-for-net\sdk\mgmtcommon\AppAuthentication\Azure.Services.AppAuthentication.Unit.Tests\MsiAccessTokenProviderTests.cs(343,10): error CS0246: The type or namespace name 'Fact' could not be found (are you missing a using directive or an assembly reference?)
C:\gh\azure-sdk-for-net\sdk\mgmtcommon\AppAuthentication\Azure.Services.AppAuthentication.Unit.Tests\KeyVaultClientTests.cs(46,10): error CS0246: The type or namespace name 'FactAttribute' could not be found (are you missing a using directive or an assembly reference?)
C:\gh\azure-sdk-for-net\sdk\mgmtcommon\AppAuthentication\Azure.Services.AppAuthentication.Unit.Tests\KeyVaultClientTests.cs(46,10): error CS0246: The type or namespace name 'Fact' could not be found (are you missing a using directive or an assembly reference?)
C:\gh\azure-sdk-for-net\sdk\mgmtcommon\AppAuthentication\Azure.Services.AppAuthentication.Unit.Tests\AzureServiceTokenProviderTests.cs(271,10): error CS0246: The type or namespace name 'FactAttribute' could not be found (are you missing a using directive or an assembly reference?)
C:\gh\azure-sdk-for-net\sdk\mgmtcommon\AppAuthentication\Azure.Services.AppAuthentication.Unit.Tests\AzureServiceTokenProviderTests.cs(271,10): error CS0246: The type or namespace name 'Fact' could not be found (are you missing a using directive or an assembly reference?)
C:\gh\azure-sdk-for-net\sdk\mgmtcommon\AppAuthentication\Azure.Services.AppAuthentication.Unit.Tests\MsiAccessTokenProviderTests.cs(312,10): error CS0246: The type or namespace name 'TheoryAttribute' could not be found (are you missing a using directive or an assembly reference?)
C:\gh\azure-sdk-for-net\sdk\mgmtcommon\AppAuthentication\Azure.Services.AppAuthentication.Unit.Tests\MsiAccessTokenProviderTests.cs(312,10): error CS0246: The type or namespace name 'Theory' could not be found (are you missing a using directive or an assembly reference?)
C:\gh\azure-sdk-for-net\sdk\mgmtcommon\AppAuthentication\Azure.Services.AppAuthentication.Unit.Tests\MsiAccessTokenProviderTests.cs(313,10): error CS0246: The type or namespace name 'InlineDataAttribute' could not be found (are you missing a using directive or an assembly reference?)
C:\gh\azure-sdk-for-net\sdk\mgmtcommon\AppAuthentication\Azure.Services.AppAuthentication.Unit.Tests\MsiAccessTokenProviderTests.cs(313,10): error CS0246: The type or namespace name 'InlineData' could not be found (are you missing a using directive or an assembly reference?)
C:\gh\azure-sdk-for-net\sdk\mgmtcommon\AppAuthentication\Azure.Services.AppAuthentication.Unit.Tests\MsiAccessTokenProviderTests.cs(314,10): error CS0246: The type or namespace name 'InlineDataAttribute' could not be found (are you missing a using directive or an assembly reference?)
C:\gh\azure-sdk-for-net\sdk\mgmtcommon\AppAuthentication\Azure.Services.AppAuthentication.Unit.Tests\MsiAccessTokenProviderTests.cs(314,10): error CS0246: The type or namespace name 'InlineData' could not be found (are you missing a using directive or an assembly reference?)
C:\gh\azure-sdk-for-net\sdk\mgmtcommon\AppAuthentication\Azure.Services.AppAuthentication.Unit.Tests\ClientCertificateAccessTokenProviderTests.cs(168,10): error CS0246: The type or namespace name 'FactAttribute' could not be found (are you missing a using directive or an assembly reference?)
C:\gh\azure-sdk-for-net\sdk\mgmtcommon\AppAuthentication\Azure.Services.AppAuthentication.Unit.Tests\ClientCertificateAccessTokenProviderTests.cs(168,10): error CS0246: The type or namespace name 'Fact' could not be found (are you missing a using directive or an assembly reference?)
C:\gh\azure-sdk-for-net\sdk\mgmtcommon\AppAuthentication\Azure.Services.AppAuthentication.Unit.Tests\ProcessManagerTests.cs(16,10): error CS0246: The type or namespace name 'FactAttribute' could not be found (are you missing a using directive or an assembly reference?)
C:\gh\azure-sdk-for-net\sdk\mgmtcommon\AppAuthentication\Azure.Services.AppAuthentication.Unit.Tests\ProcessManagerTests.cs(16,10): error CS0246: The type or namespace name 'Fact' could not be found (are you missing a using directive or an assembly reference?)
C:\gh\azure-sdk-for-net\sdk\mgmtcommon\AppAuthentication\Azure.Services.AppAuthentication.Unit.Tests\KeyVaultClientTests.cs(35,10): error CS0246: The type or namespace name 'FactAttribute' could not be found (are you missing a using directive or an assembly reference?)
C:\gh\azure-sdk-for-net\sdk\mgmtcommon\AppAuthentication\Azure.Services.AppAuthentication.Unit.Tests\KeyVaultClientTests.cs(35,10): error CS0246: The type or namespace name 'Fact' could not be found (are you missing a using directive or an assembly reference?)
C:\gh\azure-sdk-for-net\sdk\mgmtcommon\AppAuthentication\Azure.Services.AppAuthentication.Unit.Tests\AzureServiceTokenProviderTests.cs(241,10): error CS0246: The type or namespace name 'FactAttribute' could not be found (are you missing a using directive or an assembly reference?)
C:\gh\azure-sdk-for-net\sdk\mgmtcommon\AppAuthentication\Azure.Services.AppAuthentication.Unit.Tests\AzureServiceTokenProviderTests.cs(241,10): error CS0246: The type or namespace name 'Fact' could not be found (are you missing a using directive or an assembly reference?)
C:\gh\azure-sdk-for-net\sdk\mgmtcommon\AppAuthentication\Azure.Services.AppAuthentication.Unit.Tests\KeyVaultClientTests.cs(24,10): error CS0246: The type or namespace name 'FactAttribute' could not be found (are you missing a using directive or an assembly reference?)
C:\gh\azure-sdk-for-net\sdk\mgmtcommon\AppAuthentication\Azure.Services.AppAuthentication.Unit.Tests\KeyVaultClientTests.cs(24,10): error CS0246: The type or namespace name 'Fact' could not be found (are you missing a using directive or an assembly reference?)
C:\gh\azure-sdk-for-net\sdk\mgmtcommon\AppAuthentication\Azure.Services.AppAuthentication.Unit.Tests\MsiAccessTokenProviderTests.cs(277,10): error CS0246: The type or namespace name 'TheoryAttribute' could not be found (are you missing a using directive or an assembly reference?)
C:\gh\azure-sdk-for-net\sdk\mgmtcommon\AppAuthentication\Azure.Services.AppAuthentication.Unit.Tests\MsiAccessTokenProviderTests.cs(277,10): error CS0246: The type or namespace name 'Theory' could not be found (are you missing a using directive or an assembly reference?)
C:\gh\azure-sdk-for-net\sdk\mgmtcommon\AppAuthentication\Azure.Services.AppAuthentication.Unit.Tests\MsiAccessTokenProviderTests.cs(278,10): error CS0246: The type or namespace name 'InlineDataAttribute' could not be found (are you missing a using directive or an assembly reference?)
C:\gh\azure-sdk-for-net\sdk\mgmtcommon\AppAuthentication\Azure.Services.AppAuthentication.Unit.Tests\MsiAccessTokenProviderTests.cs(278,10): error CS0246: The type or namespace name 'InlineData' could not be found (are you missing a using directive or an assembly reference?)
C:\gh\azure-sdk-for-net\sdk\mgmtcommon\AppAuthentication\Azure.Services.AppAuthentication.Unit.Tests\MsiAccessTokenProviderTests.cs(279,10): error CS0246: The type or namespace name 'InlineDataAttribute' could not be found (are you missing a using directive or an assembly reference?)
C:\gh\azure-sdk-for-net\sdk\mgmtcommon\AppAuthentication\Azure.Services.AppAuthentication.Unit.Tests\MsiAccessTokenProviderTests.cs(279,10): error CS0246: The type or namespace name 'InlineData' could not be found (are you missing a using directive or an assembly reference?)
C:\gh\azure-sdk-for-net\sdk\mgmtcommon\AppAuthentication\Azure.Services.AppAuthentication.Unit.Tests\MsiAccessTokenProviderTests.cs(280,10): error CS0246: The type or namespace name 'InlineDataAttribute' could not be found (are you missing a using directive or an assembly reference?)
C:\gh\azure-sdk-for-net\sdk\mgmtcommon\AppAuthentication\Azure.Services.AppAuthentication.Unit.Tests\MsiAccessTokenProviderTests.cs(280,10): error CS0246: The type or namespace name 'InlineData' could not be found (are you missing a using directive or an assembly reference?)
C:\gh\azure-sdk-for-net\sdk\mgmtcommon\AppAuthentication\Azure.Services.AppAuthentication.Unit.Tests\KeyVaultClientTests.cs(13,10): error CS0246: The type or namespace name 'FactAttribute' could not be found (are you missing a using directive or an assembly reference?)
C:\gh\azure-sdk-for-net\sdk\mgmtcommon\AppAuthentication\Azure.Services.AppAuthentication.Unit.Tests\KeyVaultClientTests.cs(13,10): error CS0246: The type or namespace name 'Fact' could not be found (are you missing a using directive or an assembly reference?)
C:\gh\azure-sdk-for-net\sdk\mgmtcommon\AppAuthentication\Azure.Services.AppAuthentication.Unit.Tests\AzureServiceTokenProviderTests.cs(190,10): error CS0246: The type or namespace name 'FactAttribute' could not be found (are you missing a using directive or an assembly reference?)
C:\gh\azure-sdk-for-net\sdk\mgmtcommon\AppAuthentication\Azure.Services.AppAuthentication.Unit.Tests\AzureServiceTokenProviderTests.cs(190,10): error CS0246: The type or namespace name 'Fact' could not be found (are you missing a using directive or an assembly reference?)
C:\gh\azure-sdk-for-net\sdk\mgmtcommon\AppAuthentication\Azure.Services.AppAuthentication.Unit.Tests\SqlAppAuthenticationProviderTests.cs(25,10): error CS0246: The type or namespace name 'FactAttribute' could not be found (are you missing a using directive or an assembly reference?)
C:\gh\azure-sdk-for-net\sdk\mgmtcommon\AppAuthentication\Azure.Services.AppAuthentication.Unit.Tests\SqlAppAuthenticationProviderTests.cs(25,10): error CS0246: The type or namespace name 'Fact' could not be found (are you missing a using directive or an assembly reference?)
C:\gh\azure-sdk-for-net\sdk\mgmtcommon\AppAuthentication\Azure.Services.AppAuthentication.Unit.Tests\MsiAccessTokenProviderTests.cs(262,10): error CS0246: The type or namespace name 'FactAttribute' could not be found (are you missing a using directive or an assembly reference?)
C:\gh\azure-sdk-for-net\sdk\mgmtcommon\AppAuthentication\Azure.Services.AppAuthentication.Unit.Tests\MsiAccessTokenProviderTests.cs(262,10): error CS0246: The type or namespace name 'Fact' could not be found (are you missing a using directive or an assembly reference?)
C:\gh\azure-sdk-for-net\sdk\mgmtcommon\AppAuthentication\Azure.Services.AppAuthentication.Unit.Tests\SqlAppAuthenticationProviderTests.cs(13,10): error CS0246: The type or namespace name 'FactAttribute' could not be found (are you missing a using directive or an assembly reference?)
C:\gh\azure-sdk-for-net\sdk\mgmtcommon\AppAuthentication\Azure.Services.AppAuthentication.Unit.Tests\SqlAppAuthenticationProviderTests.cs(13,10): error CS0246: The type or namespace name 'Fact' could not be found (are you missing a using directive or an assembly reference?)
C:\gh\azure-sdk-for-net\sdk\mgmtcommon\AppAuthentication\Azure.Services.AppAuthentication.Unit.Tests\ClientCertificateAccessTokenProviderTests.cs(55,10): error CS0246: The type or namespace name 'FactAttribute' could not be found (are you missing a using directive or an assembly reference?)
C:\gh\azure-sdk-for-net\sdk\mgmtcommon\AppAuthentication\Azure.Services.AppAuthentication.Unit.Tests\ClientCertificateAccessTokenProviderTests.cs(55,10): error CS0246: The type or namespace name 'Fact' could not be found (are you missing a using directive or an assembly reference?)
C:\gh\azure-sdk-for-net\sdk\mgmtcommon\AppAuthentication\Azure.Services.AppAuthentication.Unit.Tests\ClientCertificateAccessTokenProviderTests.cs(29,10): error CS0246: The type or namespace name 'FactAttribute' could not be found (are you missing a using directive or an assembly reference?)
C:\gh\azure-sdk-for-net\sdk\mgmtcommon\AppAuthentication\Azure.Services.AppAuthentication.Unit.Tests\ClientCertificateAccessTokenProviderTests.cs(29,10): error CS0246: The type or namespace name 'Fact' could not be found (are you missing a using directive or an assembly reference?)
C:\gh\azure-sdk-for-net\sdk\mgmtcommon\AppAuthentication\Azure.Services.AppAuthentication.Unit.Tests\AzureServiceTokenProviderTests.cs(152,10): error CS0246: The type or namespace name 'FactAttribute' could not be found (are you missing a using directive or an assembly reference?)
C:\gh\azure-sdk-for-net\sdk\mgmtcommon\AppAuthentication\Azure.Services.AppAuthentication.Unit.Tests\AzureServiceTokenProviderTests.cs(152,10): error CS0246: The type or namespace name 'Fact' could not be found (are you missing a using directive or an assembly reference?)
C:\gh\azure-sdk-for-net\sdk\mgmtcommon\AppAuthentication\Azure.Services.AppAuthentication.Unit.Tests\VisualStudioAccessTokenProviderTests.cs(102,10): error CS0246: The type or namespace name 'FactAttribute' could not be found (are you missing a using directive or an assembly reference?)
C:\gh\azure-sdk-for-net\sdk\mgmtcommon\AppAuthentication\Azure.Services.AppAuthentication.Unit.Tests\VisualStudioAccessTokenProviderTests.cs(102,10): error CS0246: The type or namespace name 'Fact' could not be found (are you missing a using directive or an assembly reference?)
C:\gh\azure-sdk-for-net\sdk\mgmtcommon\AppAuthentication\Azure.Services.AppAuthentication.Unit.Tests\MsiAccessTokenProviderTests.cs(244,10): error CS0246: The type or namespace name 'FactAttribute' could not be found (are you missing a using directive or an assembly reference?)
C:\gh\azure-sdk-for-net\sdk\mgmtcommon\AppAuthentication\Azure.Services.AppAuthentication.Unit.Tests\MsiAccessTokenProviderTests.cs(244,10): error CS0246: The type or namespace name 'Fact' could not be found (are you missing a using directive or an assembly reference?)
C:\gh\azure-sdk-for-net\sdk\mgmtcommon\AppAuthentication\Azure.Services.AppAuthentication.Unit.Tests\VisualStudioAccessTokenProviderTests.cs(81,10): error CS0246: The type or namespace name 'FactAttribute' could not be found (are you missing a using directive or an assembly reference?)
C:\gh\azure-sdk-for-net\sdk\mgmtcommon\AppAuthentication\Azure.Services.AppAuthentication.Unit.Tests\VisualStudioAccessTokenProviderTests.cs(81,10): error CS0246: The type or namespace name 'Fact' could not be found (are you missing a using directive or an assembly reference?)
C:\gh\azure-sdk-for-net\sdk\mgmtcommon\AppAuthentication\Azure.Services.AppAuthentication.Unit.Tests\AzureServiceTokenProviderTests.cs(119,10): error CS0246: The type or namespace name 'FactAttribute' could not be found (are you missing a using directive or an assembly reference?)
C:\gh\azure-sdk-for-net\sdk\mgmtcommon\AppAuthentication\Azure.Services.AppAuthentication.Unit.Tests\AzureServiceTokenProviderTests.cs(119,10): error CS0246: The type or namespace name 'Fact' could not be found (are you missing a using directive or an assembly reference?)
C:\gh\azure-sdk-for-net\sdk\mgmtcommon\AppAuthentication\Azure.Services.AppAuthentication.Unit.Tests\MsiAccessTokenProviderTests.cs(224,10): error CS0246: The type or namespace name 'FactAttribute' could not be found (are you missing a using directive or an assembly reference?)
C:\gh\azure-sdk-for-net\sdk\mgmtcommon\AppAuthentication\Azure.Services.AppAuthentication.Unit.Tests\MsiAccessTokenProviderTests.cs(224,10): error CS0246: The type or namespace name 'Fact' could not be found (are you missing a using directive or an assembly reference?)
C:\gh\azure-sdk-for-net\sdk\mgmtcommon\AppAuthentication\Azure.Services.AppAuthentication.Unit.Tests\AzureServiceTokenProviderTests.cs(37,10): error CS0246: The type or namespace name 'FactAttribute' could not be found (are you missing a using directive or an assembly reference?)
C:\gh\azure-sdk-for-net\sdk\mgmtcommon\AppAuthentication\Azure.Services.AppAuthentication.Unit.Tests\AzureServiceTokenProviderTests.cs(37,10): error CS0246: The type or namespace name 'Fact' could not be found (are you missing a using directive or an assembly reference?)
C:\gh\azure-sdk-for-net\sdk\mgmtcommon\AppAuthentication\Azure.Services.AppAuthentication.Unit.Tests\VisualStudioAccessTokenProviderTests.cs(63,10): error CS0246: The type or namespace name 'FactAttribute' could not be found (are you missing a using directive or an assembly reference?)
C:\gh\azure-sdk-for-net\sdk\mgmtcommon\AppAuthentication\Azure.Services.AppAuthentication.Unit.Tests\VisualStudioAccessTokenProviderTests.cs(63,10): error CS0246: The type or namespace name 'Fact' could not be found (are you missing a using directive or an assembly reference?)
C:\gh\azure-sdk-for-net\sdk\mgmtcommon\AppAuthentication\Azure.Services.AppAuthentication.Unit.Tests\WindowsAuthenticationAccessTokenProviderTests.cs(69,10): error CS0246: The type or namespace name 'FactAttribute' could not be found (are you missing a using directive or an assembly reference?)
C:\gh\azure-sdk-for-net\sdk\mgmtcommon\AppAuthentication\Azure.Services.AppAuthentication.Unit.Tests\WindowsAuthenticationAccessTokenProviderTests.cs(69,10): error CS0246: The type or namespace name 'Fact' could not be found (are you missing a using directive or an assembly reference?)
C:\gh\azure-sdk-for-net\sdk\mgmtcommon\AppAuthentication\Azure.Services.AppAuthentication.Unit.Tests\MsiAccessTokenProviderTests.cs(203,10): error CS0246: The type or namespace name 'FactAttribute' could not be found (are you missing a using directive or an assembly reference?)
C:\gh\azure-sdk-for-net\sdk\mgmtcommon\AppAuthentication\Azure.Services.AppAuthentication.Unit.Tests\MsiAccessTokenProviderTests.cs(203,10): error CS0246: The type or namespace name 'Fact' could not be found (are you missing a using directive or an assembly reference?)
C:\gh\azure-sdk-for-net\sdk\mgmtcommon\AppAuthentication\Azure.Services.AppAuthentication.Unit.Tests\VisualStudioAccessTokenProviderTests.cs(42,10): error CS0246: The type or namespace name 'FactAttribute' could not be found (are you missing a using directive or an assembly reference?)
C:\gh\azure-sdk-for-net\sdk\mgmtcommon\AppAuthentication\Azure.Services.AppAuthentication.Unit.Tests\VisualStudioAccessTokenProviderTests.cs(42,10): error CS0246: The type or namespace name 'Fact' could not be found (are you missing a using directive or an assembly reference?)
C:\gh\azure-sdk-for-net\sdk\mgmtcommon\AppAuthentication\Azure.Services.AppAuthentication.Unit.Tests\MsiAccessTokenProviderTests.cs(158,10): error CS0246: The type or namespace name 'TheoryAttribute' could not be found (are you missing a using directive or an assembly reference?)
C:\gh\azure-sdk-for-net\sdk\mgmtcommon\AppAuthentication\Azure.Services.AppAuthentication.Unit.Tests\MsiAccessTokenProviderTests.cs(158,10): error CS0246: The type or namespace name 'Theory' could not be found (are you missing a using directive or an assembly reference?)
C:\gh\azure-sdk-for-net\sdk\mgmtcommon\AppAuthentication\Azure.Services.AppAuthentication.Unit.Tests\MsiAccessTokenProviderTests.cs(159,10): error CS0246: The type or namespace name 'InlineDataAttribute' could not be found (are you missing a using directive or an assembly reference?)
C:\gh\azure-sdk-for-net\sdk\mgmtcommon\AppAuthentication\Azure.Services.AppAuthentication.Unit.Tests\MsiAccessTokenProviderTests.cs(159,10): error CS0246: The type or namespace name 'InlineData' could not be found (are you missing a using directive or an assembly reference?)
C:\gh\azure-sdk-for-net\sdk\mgmtcommon\AppAuthentication\Azure.Services.AppAuthentication.Unit.Tests\MsiAccessTokenProviderTests.cs(160,10): error CS0246: The type or namespace name 'InlineDataAttribute' could not be found (are you missing a using directive or an assembly reference?)
C:\gh\azure-sdk-for-net\sdk\mgmtcommon\AppAuthentication\Azure.Services.AppAuthentication.Unit.Tests\MsiAccessTokenProviderTests.cs(160,10): error CS0246: The type or namespace name 'InlineData' could not be found (are you missing a using directive or an assembly reference?)
C:\gh\azure-sdk-for-net\sdk\mgmtcommon\AppAuthentication\Azure.Services.AppAuthentication.Unit.Tests\WindowsAuthenticationAccessTokenProviderTests.cs(51,10): error CS0246: The type or namespace name 'FactAttribute' could not be found (are you missing a using directive or an assembly reference?)
C:\gh\azure-sdk-for-net\sdk\mgmtcommon\AppAuthentication\Azure.Services.AppAuthentication.Unit.Tests\WindowsAuthenticationAccessTokenProviderTests.cs(51,10): error CS0246: The type or namespace name 'Fact' could not be found (are you missing a using directive or an assembly reference?)
C:\gh\azure-sdk-for-net\sdk\mgmtcommon\AppAuthentication\Azure.Services.AppAuthentication.Unit.Tests\VisualStudioAccessTokenProviderTests.cs(23,10): error CS0246: The type or namespace name 'FactAttribute' could not be found (are you missing a using directive or an assembly reference?)
C:\gh\azure-sdk-for-net\sdk\mgmtcommon\AppAuthentication\Azure.Services.AppAuthentication.Unit.Tests\VisualStudioAccessTokenProviderTests.cs(23,10): error CS0246: The type or namespace name 'Fact' could not be found (are you missing a using directive or an assembly reference?)
C:\gh\azure-sdk-for-net\sdk\mgmtcommon\AppAuthentication\Azure.Services.AppAuthentication.Unit.Tests\MsiAccessTokenProviderTests.cs(103,10): error CS0246: The type or namespace name 'TheoryAttribute' could not be found (are you missing a using directive or an assembly reference?)
C:\gh\azure-sdk-for-net\sdk\mgmtcommon\AppAuthentication\Azure.Services.AppAuthentication.Unit.Tests\MsiAccessTokenProviderTests.cs(103,10): error CS0246: The type or namespace name 'Theory' could not be found (are you missing a using directive or an assembly reference?)
C:\gh\azure-sdk-for-net\sdk\mgmtcommon\AppAuthentication\Azure.Services.AppAuthentication.Unit.Tests\MsiAccessTokenProviderTests.cs(104,10): error CS0246: The type or namespace name 'InlineDataAttribute' could not be found (are you missing a using directive or an assembly reference?)
C:\gh\azure-sdk-for-net\sdk\mgmtcommon\AppAuthentication\Azure.Services.AppAuthentication.Unit.Tests\MsiAccessTokenProviderTests.cs(104,10): error CS0246: The type or namespace name 'InlineData' could not be found (are you missing a using directive or an assembly reference?)
C:\gh\azure-sdk-for-net\sdk\mgmtcommon\AppAuthentication\Azure.Services.AppAuthentication.Unit.Tests\MsiAccessTokenProviderTests.cs(105,10): error CS0246: The type or namespace name 'InlineDataAttribute' could not be found (are you missing a using directive or an assembly reference?)
C:\gh\azure-sdk-for-net\sdk\mgmtcommon\AppAuthentication\Azure.Services.AppAuthentication.Unit.Tests\MsiAccessTokenProviderTests.cs(105,10): error CS0246: The type or namespace name 'InlineData' could not be found (are you missing a using directive or an assembly reference?)
C:\gh\azure-sdk-for-net\sdk\mgmtcommon\AppAuthentication\Azure.Services.AppAuthentication.Unit.Tests\WindowsAuthenticationAccessTokenProviderTests.cs(35,10): error CS0246: The type or namespace name 'FactAttribute' could not be found (are you missing a using directive or an assembly reference?)
C:\gh\azure-sdk-for-net\sdk\mgmtcommon\AppAuthentication\Azure.Services.AppAuthentication.Unit.Tests\WindowsAuthenticationAccessTokenProviderTests.cs(35,10): error CS0246: The type or namespace name 'Fact' could not be found (are you missing a using directive or an assembly reference?)
C:\gh\azure-sdk-for-net\sdk\mgmtcommon\AppAuthentication\Azure.Services.AppAuthentication.Unit.Tests\WindowsAuthenticationAccessTokenProviderTests.cs(19,10): error CS0246: The type or namespace name 'FactAttribute' could not be found (are you missing a using directive or an assembly reference?)
C:\gh\azure-sdk-for-net\sdk\mgmtcommon\AppAuthentication\Azure.Services.AppAuthentication.Unit.Tests\WindowsAuthenticationAccessTokenProviderTests.cs(19,10): error CS0246: The type or namespace name 'Fact' could not be found (are you missing a using directive or an assembly reference?)
C:\gh\azure-sdk-for-net\sdk\mgmtcommon\AppAuthentication\Azure.Services.AppAuthentication.Unit.Tests\MsiAccessTokenProviderTests.cs(89,10): error CS0246: The type or namespace name 'FactAttribute' could not be found (are you missing a using directive or an assembly reference?)
C:\gh\azure-sdk-for-net\sdk\mgmtcommon\AppAuthentication\Azure.Services.AppAuthentication.Unit.Tests\MsiAccessTokenProviderTests.cs(89,10): error CS0246: The type or namespace name 'Fact' could not be found (are you missing a using directive or an assembly reference?)
C:\gh\azure-sdk-for-net\sdk\mgmtcommon\AppAuthentication\Azure.Services.AppAuthentication.Unit.Tests\MsiAccessTokenProviderTests.cs(71,10): error CS0246: The type or namespace name 'FactAttribute' could not be found (are you missing a using directive or an assembly reference?)
C:\gh\azure-sdk-for-net\sdk\mgmtcommon\AppAuthentication\Azure.Services.AppAuthentication.Unit.Tests\MsiAccessTokenProviderTests.cs(71,10): error CS0246: The type or namespace name 'Fact' could not be found (are you missing a using directive or an assembly reference?)
C:\gh\azure-sdk-for-net\sdk\mgmtcommon\AppAuthentication\Azure.Services.AppAuthentication.Unit.Tests\MsiAccessTokenProviderTests.cs(33,10): error CS0246: The type or namespace name 'TheoryAttribute' could not be found (are you missing a using directive or an assembly reference?)
C:\gh\azure-sdk-for-net\sdk\mgmtcommon\AppAuthentication\Azure.Services.AppAuthentication.Unit.Tests\MsiAccessTokenProviderTests.cs(33,10): error CS0246: The type or namespace name 'Theory' could not be found (are you missing a using directive or an assembly reference?)
C:\gh\azure-sdk-for-net\sdk\mgmtcommon\AppAuthentication\Azure.Services.AppAuthentication.Unit.Tests\MsiAccessTokenProviderTests.cs(34,10): error CS0246: The type or namespace name 'InlineDataAttribute' could not be found (are you missing a using directive or an assembly reference?)
C:\gh\azure-sdk-for-net\sdk\mgmtcommon\AppAuthentication\Azure.Services.AppAuthentication.Unit.Tests\MsiAccessTokenProviderTests.cs(34,10): error CS0246: The type or namespace name 'InlineData' could not be found (are you missing a using directive or an assembly reference?)
C:\gh\azure-sdk-for-net\sdk\mgmtcommon\AppAuthentication\Azure.Services.AppAuthentication.Unit.Tests\MsiAccessTokenProviderTests.cs(35,10): error CS0246: The type or namespace name 'InlineDataAttribute' could not be found (are you missing a using directive or an assembly reference?)
C:\gh\azure-sdk-for-net\sdk\mgmtcommon\AppAuthentication\Azure.Services.AppAuthentication.Unit.Tests\MsiAccessTokenProviderTests.cs(35,10): error CS0246: The type or namespace name 'InlineData' could not be found (are you missing a using directive or an assembly reference?)
C:\gh\azure-sdk-for-net\sdk\mgmtcommon\AppAuthentication\Azure.Services.AppAuthentication.Unit.Tests\AzureCliAccessTokenProviderTests.cs(6,7): error CS0246: The type or namespace name 'Xunit' could not be found (are you missing a using directive or an assembly reference?)
C:\gh\azure-sdk-for-net\sdk\mgmtcommon\AppAuthentication\Azure.Services.AppAuthentication.Unit.Tests\AzureServiceTokenProviderExceptionTests.cs(8,7): error CS0246: The type or namespace name 'Xunit' could not be found (are you missing a using directive or an assembly reference?)
C:\gh\azure-sdk-for-net\sdk\mgmtcommon\AppAuthentication\Azure.Services.AppAuthentication.Unit.Tests\AzureServiceTokenProviderFactoryTests.cs(6,7): error CS0246: The type or namespace name 'Xunit' could not be found (are you missing a using directive or an assembly reference?)
C:\gh\azure-sdk-for-net\sdk\mgmtcommon\AppAuthentication\Azure.Services.AppAuthentication.Unit.Tests\AzureServiceTokenProviderTests.cs(13,7): error CS0246: The type or namespace name 'Xunit' could not be found (are you missing a using directive or an assembly reference?)
C:\gh\azure-sdk-for-net\sdk\mgmtcommon\AppAuthentication\Azure.Services.AppAuthentication.Unit.Tests\ClientCertificateAccessTokenProviderTests.cs(9,7): error CS0246: The type or namespace name 'Xunit' could not be found (are you missing a using directive or an assembly reference?)
C:\gh\azure-sdk-for-net\sdk\mgmtcommon\AppAuthentication\Azure.Services.AppAuthentication.Unit.Tests\ClientSecretAccessTokenProviderTests.cs(6,7): error CS0246: The type or namespace name 'Xunit' could not be found (are you missing a using directive or an assembly reference?)
C:\gh\azure-sdk-for-net\sdk\mgmtcommon\AppAuthentication\Azure.Services.AppAuthentication.Unit.Tests\KeyVaultClientTests.cs(5,7): error CS0246: The type or namespace name 'Xunit' could not be found (are you missing a using directive or an assembly reference?)
C:\gh\azure-sdk-for-net\sdk\mgmtcommon\AppAuthentication\Azure.Services.AppAuthentication.Unit.Tests\Mocks\MockAuthenticationContext.cs(7,17): error CS0234: The type or namespace name 'IdentityModel' does not exist in the namespace 'Microsoft' (are you missing an assembly reference?)
C:\gh\azure-sdk-for-net\sdk\mgmtcommon\AppAuthentication\Azure.Services.AppAuthentication.Unit.Tests\Mocks\MockHttpClientFactory.cs(3,17): error CS0234: The type or namespace name 'IdentityModel' does not exist in the namespace 'Microsoft' (are you missing an assembly reference?)
C:\gh\azure-sdk-for-net\sdk\mgmtcommon\AppAuthentication\Azure.Services.AppAuthentication.Unit.Tests\MsiAccessTokenProviderTests.cs(12,7): error CS0246: The type or namespace name 'Xunit' could not be found (are you missing a using directive or an assembly reference?)
C:\gh\azure-sdk-for-net\sdk\mgmtcommon\AppAuthentication\Azure.Services.AppAuthentication.Unit.Tests\ProcessManagerTests.cs(10,7): error CS0246: The type or namespace name 'Xunit' could not be found (are you missing a using directive or an assembly reference?)
C:\gh\azure-sdk-for-net\sdk\mgmtcommon\AppAuthentication\Azure.Services.AppAuthentication.Unit.Tests\Properties\AssemblyInfo.cs(1,7): error CS0246: The type or namespace name 'Xunit' could not be found (are you missing a using directive or an assembly reference?)
C:\gh\azure-sdk-for-net\sdk\mgmtcommon\AppAuthentication\Azure.Services.AppAuthentication.Unit.Tests\SqlAppAuthenticationProviderTests.cs(7,7): error CS0246: The type or namespace name 'Xunit' could not be found (are you missing a using directive or an assembly reference?)
C:\gh\azure-sdk-for-net\sdk\mgmtcommon\AppAuthentication\Azure.Services.AppAuthentication.Unit.Tests\UriHelperTests.cs(1,7): error CS0246: The type or namespace name 'Xunit' could not be found (are you missing a using directive or an assembly reference?)
C:\gh\azure-sdk-for-net\sdk\mgmtcommon\AppAuthentication\Azure.Services.AppAuthentication.Unit.Tests\VisualStudioAccessTokenProviderTests.cs(5,7): error CS0246: The type or namespace name 'Xunit' could not be found (are you missing a using directive or an assembly reference?)
C:\gh\azure-sdk-for-net\sdk\mgmtcommon\AppAuthentication\Azure.Services.AppAuthentication.Unit.Tests\VisualStudioTokenProviderFileTests.cs(4,7): error CS0246: The type or namespace name 'Xunit' could not be found (are you missing a using directive or an assembly reference?)
C:\gh\azure-sdk-for-net\sdk\mgmtcommon\AppAuthentication\Azure.Services.AppAuthentication.Unit.Tests\WindowsAuthenticationAccessTokenProviderTests.cs(4,7): error CS0246: The type or namespace name 'Xunit' could not be found (are you missing a using directive or an assembly reference?)
C:\gh\azure-sdk-for-net\sdk\mgmtcommon\AppAuthentication\Azure.Services.AppAuthentication.Unit.Tests\Mocks\MockAuthenticationContext.cs(16,48): error CS0535: 'MockAuthenticationContext' does not implement interface member 'IAuthenticationContext.AcquireTokenAsync(string, string, string, UserCredential)'
C:\gh\azure-sdk-for-net\sdk\mgmtcommon\AppAuthentication\Azure.Services.AppAuthentication.Unit.Tests\Mocks\MockAuthenticationContext.cs(16,48): error CS0535: 'MockAuthenticationContext' does not implement interface member 'IAuthenticationContext.AcquireTokenAsync(string, string, ClientCredential)'
C:\gh\azure-sdk-for-net\sdk\mgmtcommon\AppAuthentication\Azure.Services.AppAuthentication.Unit.Tests\Mocks\MockAuthenticationContext.cs(16,48): error CS0535: 'MockAuthenticationContext' does not implement interface member 'IAuthenticationContext.AcquireTokenAsync(string, string, IClientAssertionCertificate)'
C:\gh\azure-sdk-for-net\sdk\mgmtcommon\AppAuthentication\Azure.Services.AppAuthentication.Unit.Tests\AzureServiceTokenProviderFactoryTests.cs(16,10): error CS0246: The type or namespace name 'FactAttribute' could not be found (are you missing a using directive or an assembly reference?)
C:\gh\azure-sdk-for-net\sdk\mgmtcommon\AppAuthentication\Azure.Services.AppAuthentication.Unit.Tests\AzureServiceTokenProviderFactoryTests.cs(16,10): error CS0246: The type or namespace name 'Fact' could not be found (are you missing a using directive or an assembly reference?)
C:\gh\azure-sdk-for-net\sdk\mgmtcommon\AppAuthentication\Azure.Services.AppAuthentication.Unit.Tests\AzureServiceTokenProviderExceptionTests.cs(14,10): error CS0246: The type or namespace name 'FactAttribute' could not be found (are you missing a using directive or an assembly reference?)
C:\gh\azure-sdk-for-net\sdk\mgmtcommon\AppAuthentication\Azure.Services.AppAuthentication.Unit.Tests\AzureServiceTokenProviderExceptionTests.cs(14,10): error CS0246: The type or namespace name 'Fact' could not be found (are you missing a using directive or an assembly reference?)
C:\gh\azure-sdk-for-net\sdk\mgmtcommon\AppAuthentication\Azure.Services.AppAuthentication.Unit.Tests\ClientSecretAccessTokenProviderTests.cs(86,10): error CS0246: The type or namespace name 'FactAttribute' could not be found (are you missing a using directive or an assembly reference?)
C:\gh\azure-sdk-for-net\sdk\mgmtcommon\AppAuthentication\Azure.Services.AppAuthentication.Unit.Tests\ClientSecretAccessTokenProviderTests.cs(86,10): error CS0246: The type or namespace name 'Fact' could not be found (are you missing a using directive or an assembly reference?)
C:\gh\azure-sdk-for-net\sdk\mgmtcommon\AppAuthentication\Azure.Services.AppAuthentication.Unit.Tests\ClientSecretAccessTokenProviderTests.cs(106,10): error CS0246: The type or namespace name 'FactAttribute' could not be found (are you missing a using directive or an assembly reference?)
C:\gh\azure-sdk-for-net\sdk\mgmtcommon\AppAuthentication\Azure.Services.AppAuthentication.Unit.Tests\ClientSecretAccessTokenProviderTests.cs(106,10): error CS0246: The type or namespace name 'Fact' could not be found (are you missing a using directive or an assembly reference?)
C:\gh\azure-sdk-for-net\sdk\mgmtcommon\AppAuthentication\Azure.Services.AppAuthentication.Unit.Tests\AzureServiceTokenProviderFactoryTests.cs(33,10): error CS0246: The type or namespace name 'FactAttribute' could not be found (are you missing a using directive or an assembly reference?)
C:\gh\azure-sdk-for-net\sdk\mgmtcommon\AppAuthentication\Azure.Services.AppAuthentication.Unit.Tests\AzureServiceTokenProviderFactoryTests.cs(33,10): error CS0246: The type or namespace name 'Fact' could not be found (are you missing a using directive or an assembly reference?)
C:\gh\azure-sdk-for-net\sdk\mgmtcommon\AppAuthentication\Azure.Services.AppAuthentication.Unit.Tests\ClientCertificateAccessTokenProviderTests.cs(80,10): error CS0246: The type or namespace name 'FactAttribute' could not be found (are you missing a using directive or an assembly reference?)
C:\gh\azure-sdk-for-net\sdk\mgmtcommon\AppAuthentication\Azure.Services.AppAuthentication.Unit.Tests\ClientCertificateAccessTokenProviderTests.cs(80,10): error CS0246: The type or namespace name 'Fact' could not be found (are you missing a using directive or an assembly reference?)
C:\gh\azure-sdk-for-net\sdk\mgmtcommon\AppAuthentication\Azure.Services.AppAuthentication.Unit.Tests\AzureServiceTokenProviderFactoryTests.cs(44,10): error CS0246: The type or namespace name 'FactAttribute' could not be found (are you missing a using directive or an assembly reference?)
C:\gh\azure-sdk-for-net\sdk\mgmtcommon\AppAuthentication\Azure.Services.AppAuthentication.Unit.Tests\AzureServiceTokenProviderFactoryTests.cs(44,10): error CS0246: The type or namespace name 'Fact' could not be found (are you missing a using directive or an assembly reference?)
C:\gh\azure-sdk-for-net\sdk\mgmtcommon\AppAuthentication\Azure.Services.AppAuthentication.Unit.Tests\AzureServiceTokenProviderFactoryTests.cs(55,10): error CS0246: The type or namespace name 'FactAttribute' could not be found (are you missing a using directive or an assembly reference?)
C:\gh\azure-sdk-for-net\sdk\mgmtcommon\AppAuthentication\Azure.Services.AppAuthentication.Unit.Tests\AzureServiceTokenProviderFactoryTests.cs(55,10): error CS0246: The type or namespace name 'Fact' could not be found (are you missing a using directive or an assembly reference?)
C:\gh\azure-sdk-for-net\sdk\mgmtcommon\AppAuthentication\Azure.Services.AppAuthentication.Unit.Tests\AzureServiceTokenProviderTests.cs(179,10): error CS0246: The type or namespace name 'FactAttribute' could not be found (are you missing a using directive or an assembly reference?)
C:\gh\azure-sdk-for-net\sdk\mgmtcommon\AppAuthentication\Azure.Services.AppAuthentication.Unit.Tests\AzureServiceTokenProviderTests.cs(179,10): error CS0246: The type or namespace name 'Fact' could not be found (are you missing a using directive or an assembly reference?)
C:\gh\azure-sdk-for-net\sdk\mgmtcommon\AppAuthentication\Azure.Services.AppAuthentication.Unit.Tests\SqlAppAuthenticationProviderTests.cs(37,10): error CS0246: The type or namespace name 'FactAttribute' could not be found (are you missing a using directive or an assembly reference?)
C:\gh\azure-sdk-for-net\sdk\mgmtcommon\AppAuthentication\Azure.Services.AppAuthentication.Unit.Tests\SqlAppAuthenticationProviderTests.cs(37,10): error CS0246: The type or namespace name 'Fact' could not be found (are you missing a using directive or an assembly reference?)
C:\gh\azure-sdk-for-net\sdk\mgmtcommon\AppAuthentication\Azure.Services.AppAuthentication.Unit.Tests\UriHelperTests.cs(7,10): error CS0246: The type or namespace name 'FactAttribute' could not be found (are you missing a using directive or an assembly reference?)
C:\gh\azure-sdk-for-net\sdk\mgmtcommon\AppAuthentication\Azure.Services.AppAuthentication.Unit.Tests\UriHelperTests.cs(7,10): error CS0246: The type or namespace name 'Fact' could not be found (are you missing a using directive or an assembly reference?)
C:\gh\azure-sdk-for-net\sdk\mgmtcommon\AppAuthentication\Azure.Services.AppAuthentication.Unit.Tests\ClientCertificateAccessTokenProviderTests.cs(105,10): error CS0246: The type or namespace name 'FactAttribute' could not be found (are you missing a using directive or an assembly reference?)
C:\gh\azure-sdk-for-net\sdk\mgmtcommon\AppAuthentication\Azure.Services.AppAuthentication.Unit.Tests\ClientCertificateAccessTokenProviderTests.cs(105,10): error CS0246: The type or namespace name 'Fact' could not be found (are you missing a using directive or an assembly reference?)
C:\gh\azure-sdk-for-net\sdk\mgmtcommon\AppAuthentication\Azure.Services.AppAuthentication.Unit.Tests\AzureServiceTokenProviderFactoryTests.cs(70,10): error CS0246: The type or namespace name 'FactAttribute' could not be found (are you missing a using directive or an assembly reference?)
C:\gh\azure-sdk-for-net\sdk\mgmtcommon\AppAuthentication\Azure.Services.AppAuthentication.Unit.Tests\AzureServiceTokenProviderFactoryTests.cs(70,10): error CS0246: The type or namespace name 'Fact' could not be found (are you missing a using directive or an assembly reference?)
C:\gh\azure-sdk-for-net\sdk\mgmtcommon\AppAuthentication\Azure.Services.AppAuthentication.Unit.Tests\SqlAppAuthenticationProviderTests.cs(45,10): error CS0246: The type or namespace name 'FactAttribute' could not be found (are you missing a using directive or an assembly reference?)
C:\gh\azure-sdk-for-net\sdk\mgmtcommon\AppAuthentication\Azure.Services.AppAuthentication.Unit.Tests\UriHelperTests.cs(16,10): error CS0246: The type or namespace name 'FactAttribute' could not be found (are you missing a using directive or an assembly reference?)
C:\gh\azure-sdk-for-net\sdk\mgmtcommon\AppAuthentication\Azure.Services.AppAuthentication.Unit.Tests\SqlAppAuthenticationProviderTests.cs(45,10): error CS0246: The type or namespace name 'Fact' could not be found (are you missing a using directive or an assembly reference?)
C:\gh\azure-sdk-for-net\sdk\mgmtcommon\AppAuthentication\Azure.Services.AppAuthentication.Unit.Tests\UriHelperTests.cs(16,10): error CS0246: The type or namespace name 'Fact' could not be found (are you missing a using directive or an assembly reference?)
C:\gh\azure-sdk-for-net\sdk\mgmtcommon\AppAuthentication\Azure.Services.AppAuthentication.Unit.Tests\UriHelperTests.cs(24,10): error CS0246: The type or namespace name 'FactAttribute' could not be found (are you missing a using directive or an assembly reference?)
C:\gh\azure-sdk-for-net\sdk\mgmtcommon\AppAuthentication\Azure.Services.AppAuthentication.Unit.Tests\UriHelperTests.cs(24,10): error CS0246: The type or namespace name 'Fact' could not be found (are you missing a using directive or an assembly reference?)
C:\gh\azure-sdk-for-net\sdk\mgmtcommon\AppAuthentication\Azure.Services.AppAuthentication.Unit.Tests\AzureServiceTokenProviderFactoryTests.cs(81,10): error CS0246: The type or namespace name 'FactAttribute' could not be found (are you missing a using directive or an assembly reference?)
C:\gh\azure-sdk-for-net\sdk\mgmtcommon\AppAuthentication\Azure.Services.AppAuthentication.Unit.Tests\AzureServiceTokenProviderFactoryTests.cs(81,10): error CS0246: The type or namespace name 'Fact' could not be found (are you missing a using directive or an assembly reference?)
C:\gh\azure-sdk-for-net\sdk\mgmtcommon\AppAuthentication\Azure.Services.AppAuthentication.Unit.Tests\VisualStudioTokenProviderFileTests.cs(10,10): error CS0246: The type or namespace name 'FactAttribute' could not be found (are you missing a using directive or an assembly reference?)
C:\gh\azure-sdk-for-net\sdk\mgmtcommon\AppAuthentication\Azure.Services.AppAuthentication.Unit.Tests\VisualStudioTokenProviderFileTests.cs(10,10): error CS0246: The type or namespace name 'Fact' could not be found (are you missing a using directive or an assembly reference?)
C:\gh\azure-sdk-for-net\sdk\mgmtcommon\AppAuthentication\Azure.Services.AppAuthentication.Unit.Tests\UriHelperTests.cs(32,10): error CS0246: The type or namespace name 'FactAttribute' could not be found (are you missing a using directive or an assembly reference?)
C:\gh\azure-sdk-for-net\sdk\mgmtcommon\AppAuthentication\Azure.Services.AppAuthentication.Unit.Tests\UriHelperTests.cs(32,10): error CS0246: The type or namespace name 'Fact' could not be found (are you missing a using directive or an assembly reference?)
C:\gh\azure-sdk-for-net\sdk\mgmtcommon\AppAuthentication\Azure.Services.AppAuthentication.Unit.Tests\AzureServiceTokenProviderFactoryTests.cs(92,10): error CS0246: The type or namespace name 'FactAttribute' could not be found (are you missing a using directive or an assembly reference?)
C:\gh\azure-sdk-for-net\sdk\mgmtcommon\AppAuthentication\Azure.Services.AppAuthentication.Unit.Tests\AzureServiceTokenProviderFactoryTests.cs(92,10): error CS0246: The type or namespace name 'Fact' could not be found (are you missing a using directive or an assembly reference?)
C:\gh\azure-sdk-for-net\sdk\mgmtcommon\AppAuthentication\Azure.Services.AppAuthentication.Unit.Tests\VisualStudioTokenProviderFileTests.cs(25,10): error CS0246: The type or namespace name 'FactAttribute' could not be found (are you missing a using directive or an assembly reference?)
C:\gh\azure-sdk-for-net\sdk\mgmtcommon\AppAuthentication\Azure.Services.AppAuthentication.Unit.Tests\VisualStudioTokenProviderFileTests.cs(25,10): error CS0246: The type or namespace name 'Fact' could not be found (are you missing a using directive or an assembly reference?)
C:\gh\azure-sdk-for-net\sdk\mgmtcommon\AppAuthentication\Azure.Services.AppAuthentication.Unit.Tests\AzureServiceTokenProviderTests.cs(211,10): error CS0246: The type or namespace name 'FactAttribute' could not be found (are you missing a using directive or an assembly reference?)
C:\gh\azure-sdk-for-net\sdk\mgmtcommon\AppAuthentication\Azure.Services.AppAuthentication.Unit.Tests\AzureServiceTokenProviderTests.cs(211,10): error CS0246: The type or namespace name 'Fact' could not be found (are you missing a using directive or an assembly reference?)
C:\gh\azure-sdk-for-net\sdk\mgmtcommon\AppAuthentication\Azure.Services.AppAuthentication.Unit.Tests\ClientCertificateAccessTokenProviderTests.cs(130,10): error CS0246: The type or namespace name 'FactAttribute' could not be found (are you missing a using directive or an assembly reference?)
C:\gh\azure-sdk-for-net\sdk\mgmtcommon\AppAuthentication\Azure.Services.AppAuthentication.Unit.Tests\ClientCertificateAccessTokenProviderTests.cs(130,10): error CS0246: The type or namespace name 'Fact' could not be found (are you missing a using directive or an assembly reference?)
C:\gh\azure-sdk-for-net\sdk\mgmtcommon\AppAuthentication\Azure.Services.AppAuthentication.Unit.Tests\UriHelperTests.cs(40,10): error CS0246: The type or namespace name 'FactAttribute' could not be found (are you missing a using directive or an assembly reference?)
C:\gh\azure-sdk-for-net\sdk\mgmtcommon\AppAuthentication\Azure.Services.AppAuthentication.Unit.Tests\UriHelperTests.cs(40,10): error CS0246: The type or namespace name 'Fact' could not be found (are you missing a using directive or an assembly reference?)
C:\gh\azure-sdk-for-net\sdk\mgmtcommon\AppAuthentication\Azure.Services.AppAuthentication.Unit.Tests\AzureServiceTokenProviderFactoryTests.cs(107,10): error CS0246: The type or namespace name 'FactAttribute' could not be found (are you missing a using directive or an assembly reference?)
C:\gh\azure-sdk-for-net\sdk\mgmtcommon\AppAuthentication\Azure.Services.AppAuthentication.Unit.Tests\AzureServiceTokenProviderFactoryTests.cs(107,10): error CS0246: The type or namespace name 'Fact' could not be found (are you missing a using directive or an assembly reference?)
C:\gh\azure-sdk-for-net\sdk\mgmtcommon\AppAuthentication\Azure.Services.AppAuthentication.Unit.Tests\VisualStudioTokenProviderFileTests.cs(42,10): error CS0246: The type or namespace name 'FactAttribute' could not be found (are you missing a using directive or an assembly reference?)
C:\gh\azure-sdk-for-net\sdk\mgmtcommon\AppAuthentication\Azure.Services.AppAuthentication.Unit.Tests\VisualStudioTokenProviderFileTests.cs(42,10): error CS0246: The type or namespace name 'Fact' could not be found (are you missing a using directive or an assembly reference?)
C:\gh\azure-sdk-for-net\sdk\mgmtcommon\AppAuthentication\Azure.Services.AppAuthentication.Unit.Tests\UriHelperTests.cs(47,10): error CS0246: The type or namespace name 'FactAttribute' could not be found (are you missing a using directive or an assembly reference?)
C:\gh\azure-sdk-for-net\sdk\mgmtcommon\AppAuthentication\Azure.Services.AppAuthentication.Unit.Tests\UriHelperTests.cs(47,10): error CS0246: The type or namespace name 'Fact' could not be found (are you missing a using directive or an assembly reference?)
C:\gh\azure-sdk-for-net\sdk\mgmtcommon\AppAuthentication\Azure.Services.AppAuthentication.Unit.Tests\AzureServiceTokenProviderFactoryTests.cs(118,10): error CS0246: The type or namespace name 'FactAttribute' could not be found (are you missing a using directive or an assembly reference?)
C:\gh\azure-sdk-for-net\sdk\mgmtcommon\AppAuthentication\Azure.Services.AppAuthentication.Unit.Tests\AzureServiceTokenProviderFactoryTests.cs(118,10): error CS0246: The type or namespace name 'Fact' could not be found (are you missing a using directive or an assembly reference?)
C:\gh\azure-sdk-for-net\sdk\mgmtcommon\AppAuthentication\Azure.Services.AppAuthentication.Unit.Tests\AzureServiceTokenProviderTests.cs(227,10): error CS0246: The type or namespace name 'FactAttribute' could not be found (are you missing a using directive or an assembly reference?)
C:\gh\azure-sdk-for-net\sdk\mgmtcommon\AppAuthentication\Azure.Services.AppAuthentication.Unit.Tests\AzureServiceTokenProviderTests.cs(227,10): error CS0246: The type or namespace name 'Fact' could not be found (are you missing a using directive or an assembly reference?)
C:\gh\azure-sdk-for-net\sdk\mgmtcommon\AppAuthentication\Azure.Services.AppAuthentication.Unit.Tests\ClientCertificateAccessTokenProviderTests.cs(151,10): error CS0246: The type or namespace name 'FactAttribute' could not be found (are you missing a using directive or an assembly reference?)
C:\gh\azure-sdk-for-net\sdk\mgmtcommon\AppAuthentication\Azure.Services.AppAuthentication.Unit.Tests\ClientCertificateAccessTokenProviderTests.cs(151,10): error CS0246: The type or namespace name 'Fact' could not be found (are you missing a using directive or an assembly reference?)
C:\gh\azure-sdk-for-net\sdk\mgmtcommon\AppAuthentication\Azure.Services.AppAuthentication.Unit.Tests\AzureServiceTokenProviderFactoryTests.cs(129,10): error CS0246: The type or namespace name 'FactAttribute' could not be found (are you missing a using directive or an assembly reference?)
C:\gh\azure-sdk-for-net\sdk\mgmtcommon\AppAuthentication\Azure.Services.AppAuthentication.Unit.Tests\AzureServiceTokenProviderFactoryTests.cs(129,10): error CS0246: The type or namespace name 'Fact' could not be found (are you missing a using directive or an assembly reference?)
C:\gh\azure-sdk-for-net\sdk\mgmtcommon\AppAuthentication\Azure.Services.AppAuthentication.Unit.Tests\AzureServiceTokenProviderTests.cs(305,10): error CS0246: The type or namespace name 'FactAttribute' could not be found (are you missing a using directive or an assembly reference?)
C:\gh\azure-sdk-for-net\sdk\mgmtcommon\AppAuthentication\Azure.Services.AppAuthentication.Unit.Tests\AzureServiceTokenProviderTests.cs(305,10): error CS0246: The type or namespace name 'Fact' could not be found (are you missing a using directive or an assembly reference?)
C:\gh\azure-sdk-for-net\sdk\mgmtcommon\AppAuthentication\Azure.Services.AppAuthentication.Unit.Tests\ClientCertificateAccessTokenProviderTests.cs(195,10): error CS0246: The type or namespace name 'FactAttribute' could not be found (are you missing a using directive or an assembly reference?)
C:\gh\azure-sdk-for-net\sdk\mgmtcommon\AppAuthentication\Azure.Services.AppAuthentication.Unit.Tests\ClientCertificateAccessTokenProviderTests.cs(195,10): error CS0246: The type or namespace name 'Fact' could not be found (are you missing a using directive or an assembly reference?)
C:\gh\azure-sdk-for-net\sdk\mgmtcommon\AppAuthentication\Azure.Services.AppAuthentication.Unit.Tests\AzureServiceTokenProviderFactoryTests.cs(140,10): error CS0246: The type or namespace name 'FactAttribute' could not be found (are you missing a using directive or an assembly reference?)
C:\gh\azure-sdk-for-net\sdk\mgmtcommon\AppAuthentication\Azure.Services.AppAuthentication.Unit.Tests\AzureServiceTokenProviderFactoryTests.cs(140,10): error CS0246: The type or namespace name 'Fact' could not be found (are you missing a using directive or an assembly reference?)
C:\gh\azure-sdk-for-net\sdk\mgmtcommon\AppAuthentication\Azure.Services.AppAuthentication.Unit.Tests\AzureServiceTokenProviderTests.cs(344,10): error CS0246: The type or namespace name 'FactAttribute' could not be found (are you missing a using directive or an assembly reference?)
C:\gh\azure-sdk-for-net\sdk\mgmtcommon\AppAuthentication\Azure.Services.AppAuthentication.Unit.Tests\AzureServiceTokenProviderTests.cs(344,10): error CS0246: The type or namespace name 'Fact' could not be found (are you missing a using directive or an assembly reference?)
C:\gh\azure-sdk-for-net\sdk\mgmtcommon\AppAuthentication\Azure.Services.AppAuthentication.Unit.Tests\AzureServiceTokenProviderFactoryTests.cs(156,10): error CS0246: The type or namespace name 'FactAttribute' could not be found (are you missing a using directive or an assembly reference?)
C:\gh\azure-sdk-for-net\sdk\mgmtcommon\AppAuthentication\Azure.Services.AppAuthentication.Unit.Tests\AzureServiceTokenProviderFactoryTests.cs(156,10): error CS0246: The type or namespace name 'Fact' could not be found (are you missing a using directive or an assembly reference?)
C:\gh\azure-sdk-for-net\sdk\mgmtcommon\AppAuthentication\Azure.Services.AppAuthentication.Unit.Tests\AzureServiceTokenProviderFactoryTests.cs(165,10): error CS0246: The type or namespace name 'FactAttribute' could not be found (are you missing a using directive or an assembly reference?)
C:\gh\azure-sdk-for-net\sdk\mgmtcommon\AppAuthentication\Azure.Services.AppAuthentication.Unit.Tests\AzureServiceTokenProviderFactoryTests.cs(165,10): error CS0246: The type or namespace name 'Fact' could not be found (are you missing a using directive or an assembly reference?)
C:\gh\azure-sdk-for-net\sdk\mgmtcommon\AppAuthentication\Azure.Services.AppAuthentication.Unit.Tests\AzureServiceTokenProviderTests.cs(390,10): error CS0246: The type or namespace name 'FactAttribute' could not be found (are you missing a using directive or an assembly reference?)
C:\gh\azure-sdk-for-net\sdk\mgmtcommon\AppAuthentication\Azure.Services.AppAuthentication.Unit.Tests\AzureServiceTokenProviderTests.cs(390,10): error CS0246: The type or namespace name 'Fact' could not be found (are you missing a using directive or an assembly reference?)
C:\gh\azure-sdk-for-net\sdk\mgmtcommon\AppAuthentication\Azure.Services.AppAuthentication.Unit.Tests\AzureServiceTokenProviderFactoryTests.cs(174,10): error CS0246: The type or namespace name 'FactAttribute' could not be found (are you missing a using directive or an assembly reference?)
C:\gh\azure-sdk-for-net\sdk\mgmtcommon\AppAuthentication\Azure.Services.AppAuthentication.Unit.Tests\AzureServiceTokenProviderFactoryTests.cs(174,10): error CS0246: The type or namespace name 'Fact' could not be found (are you missing a using directive or an assembly reference?)
C:\gh\azure-sdk-for-net\sdk\mgmtcommon\AppAuthentication\Azure.Services.AppAuthentication.Unit.Tests\AzureServiceTokenProviderFactoryTests.cs(208,10): error CS0246: The type or namespace name 'FactAttribute' could not be found (are you missing a using directive or an assembly reference?)
C:\gh\azure-sdk-for-net\sdk\mgmtcommon\AppAuthentication\Azure.Services.AppAuthentication.Unit.Tests\AzureServiceTokenProviderFactoryTests.cs(208,10): error CS0246: The type or namespace name 'Fact' could not be found (are you missing a using directive or an assembly reference?)
C:\gh\azure-sdk-for-net\sdk\mgmtcommon\AppAuthentication\Azure.Services.AppAuthentication.Unit.Tests\AzureServiceTokenProviderFactoryTests.cs(217,10): error CS0246: The type or namespace name 'TheoryAttribute' could not be found (are you missing a using directive or an assembly reference?)
C:\gh\azure-sdk-for-net\sdk\mgmtcommon\AppAuthentication\Azure.Services.AppAuthentication.Unit.Tests\AzureServiceTokenProviderFactoryTests.cs(217,10): error CS0246: The type or namespace name 'Theory' could not be found (are you missing a using directive or an assembly reference?)
C:\gh\azure-sdk-for-net\sdk\mgmtcommon\AppAuthentication\Azure.Services.AppAuthentication.Unit.Tests\AzureServiceTokenProviderFactoryTests.cs(218,10): error CS0246: The type or namespace name 'InlineDataAttribute' could not be found (are you missing a using directive or an assembly reference?)
C:\gh\azure-sdk-for-net\sdk\mgmtcommon\AppAuthentication\Azure.Services.AppAuthentication.Unit.Tests\AzureServiceTokenProviderFactoryTests.cs(218,10): error CS0246: The type or namespace name 'InlineData' could not be found (are you missing a using directive or an assembly reference?)
C:\gh\azure-sdk-for-net\sdk\mgmtcommon\AppAuthentication\Azure.Services.AppAuthentication.Unit.Tests\AzureServiceTokenProviderFactoryTests.cs(219,10): error CS0246: The type or namespace name 'InlineDataAttribute' could not be found (are you missing a using directive or an assembly reference?)
C:\gh\azure-sdk-for-net\sdk\mgmtcommon\AppAuthentication\Azure.Services.AppAuthentication.Unit.Tests\AzureServiceTokenProviderFactoryTests.cs(219,10): error CS0246: The type or namespace name 'InlineData' could not be found (are you missing a using directive or an assembly reference?)
C:\gh\azure-sdk-for-net\sdk\mgmtcommon\AppAuthentication\Azure.Services.AppAuthentication.Unit.Tests\AzureServiceTokenProviderFactoryTests.cs(220,10): error CS0246: The type or namespace name 'InlineDataAttribute' could not be found (are you missing a using directive or an assembly reference?)
C:\gh\azure-sdk-for-net\sdk\mgmtcommon\AppAuthentication\Azure.Services.AppAuthentication.Unit.Tests\AzureServiceTokenProviderFactoryTests.cs(220,10): error CS0246: The type or namespace name 'InlineData' could not be found (are you missing a using directive or an assembly reference?)
C:\gh\azure-sdk-for-net\sdk\mgmtcommon\AppAuthentication\Azure.Services.AppAuthentication.Unit.Tests\AzureServiceTokenProviderFactoryTests.cs(221,10): error CS0246: The type or namespace name 'InlineDataAttribute' could not be found (are you missing a using directive or an assembly reference?)
C:\gh\azure-sdk-for-net\sdk\mgmtcommon\AppAuthentication\Azure.Services.AppAuthentication.Unit.Tests\AzureServiceTokenProviderFactoryTests.cs(221,10): error CS0246: The type or namespace name 'InlineData' could not be found (are you missing a using directive or an assembly reference?)
C:\gh\azure-sdk-for-net\sdk\mgmtcommon\AppAuthentication\Azure.Services.AppAuthentication.Unit.Tests\AzureServiceTokenProviderFactoryTests.cs(222,10): error CS0246: The type or namespace name 'InlineDataAttribute' could not be found (are you missing a using directive or an assembly reference?)
C:\gh\azure-sdk-for-net\sdk\mgmtcommon\AppAuthentication\Azure.Services.AppAuthentication.Unit.Tests\AzureServiceTokenProviderFactoryTests.cs(222,10): error CS0246: The type or namespace name 'InlineData' could not be found (are you missing a using directive or an assembly reference?)
C:\gh\azure-sdk-for-net\sdk\mgmtcommon\AppAuthentication\Azure.Services.AppAuthentication.Unit.Tests\AzureServiceTokenProviderFactoryTests.cs(223,10): error CS0246: The type or namespace name 'InlineDataAttribute' could not be found (are you missing a using directive or an assembly reference?)
C:\gh\azure-sdk-for-net\sdk\mgmtcommon\AppAuthentication\Azure.Services.AppAuthentication.Unit.Tests\AzureServiceTokenProviderFactoryTests.cs(223,10): error CS0246: The type or namespace name 'InlineData' could not be found (are you missing a using directive or an assembly reference?)
C:\gh\azure-sdk-for-net\sdk\mgmtcommon\AppAuthentication\Azure.Services.AppAuthentication.Unit.Tests\AzureServiceTokenProviderFactoryTests.cs(230,10): error CS0246: The type or namespace name 'TheoryAttribute' could not be found (are you missing a using directive or an assembly reference?)
C:\gh\azure-sdk-for-net\sdk\mgmtcommon\AppAuthentication\Azure.Services.AppAuthentication.Unit.Tests\AzureServiceTokenProviderFactoryTests.cs(230,10): error CS0246: The type or namespace name 'Theory' could not be found (are you missing a using directive or an assembly reference?)
C:\gh\azure-sdk-for-net\sdk\mgmtcommon\AppAuthentication\Azure.Services.AppAuthentication.Unit.Tests\AzureServiceTokenProviderFactoryTests.cs(231,10): error CS0246: The type or namespace name 'InlineDataAttribute' could not be found (are you missing a using directive or an assembly reference?)
C:\gh\azure-sdk-for-net\sdk\mgmtcommon\AppAuthentication\Azure.Services.AppAuthentication.Unit.Tests\AzureServiceTokenProviderFactoryTests.cs(231,10): error CS0246: The type or namespace name 'InlineData' could not be found (are you missing a using directive or an assembly reference?)
C:\gh\azure-sdk-for-net\sdk\mgmtcommon\AppAuthentication\Azure.Services.AppAuthentication.Unit.Tests\AzureServiceTokenProviderFactoryTests.cs(232,10): error CS0246: The type or namespace name 'InlineDataAttribute' could not be found (are you missing a using directive or an assembly reference?)
C:\gh\azure-sdk-for-net\sdk\mgmtcommon\AppAuthentication\Azure.Services.AppAuthentication.Unit.Tests\AzureServiceTokenProviderFactoryTests.cs(232,10): error CS0246: The type or namespace name 'InlineData' could not be found (are you missing a using directive or an assembly reference?)
C:\gh\azure-sdk-for-net\sdk\mgmtcommon\AppAuthentication\Azure.Services.AppAuthentication.Unit.Tests\AzureServiceTokenProviderFactoryTests.cs(233,10): error CS0246: The type or namespace name 'InlineDataAttribute' could not be found (are you missing a using directive or an assembly reference?)
C:\gh\azure-sdk-for-net\sdk\mgmtcommon\AppAuthentication\Azure.Services.AppAuthentication.Unit.Tests\AzureServiceTokenProviderFactoryTests.cs(233,10): error CS0246: The type or namespace name 'InlineData' could not be found (are you missing a using directive or an assembly reference?)
C:\gh\azure-sdk-for-net\sdk\mgmtcommon\AppAuthentication\Azure.Services.AppAuthentication.Unit.Tests\AzureServiceTokenProviderFactoryTests.cs(234,10): error CS0246: The type or namespace name 'InlineDataAttribute' could not be found (are you missing a using directive or an assembly reference?)
C:\gh\azure-sdk-for-net\sdk\mgmtcommon\AppAuthentication\Azure.Services.AppAuthentication.Unit.Tests\AzureServiceTokenProviderFactoryTests.cs(234,10): error CS0246: The type or namespace name 'InlineData' could not be found (are you missing a using directive or an assembly reference?)
C:\gh\azure-sdk-for-net\sdk\mgmtcommon\AppAuthentication\Azure.Services.AppAuthentication.Unit.Tests\AzureServiceTokenProviderFactoryTests.cs(235,10): error CS0246: The type or namespace name 'InlineDataAttribute' could not be found (are you missing a using directive or an assembly reference?)
C:\gh\azure-sdk-for-net\sdk\mgmtcommon\AppAuthentication\Azure.Services.AppAuthentication.Unit.Tests\AzureServiceTokenProviderFactoryTests.cs(235,10): error CS0246: The type or namespace name 'InlineData' could not be found (are you missing a using directive or an assembly reference?)
C:\gh\azure-sdk-for-net\sdk\mgmtcommon\AppAuthentication\Azure.Services.AppAuthentication.Unit.Tests\AzureServiceTokenProviderFactoryTests.cs(236,10): error CS0246: The type or namespace name 'InlineDataAttribute' could not be found (are you missing a using directive or an assembly reference?)
C:\gh\azure-sdk-for-net\sdk\mgmtcommon\AppAuthentication\Azure.Services.AppAuthentication.Unit.Tests\AzureServiceTokenProviderFactoryTests.cs(236,10): error CS0246: The type or namespace name 'InlineData' could not be found (are you missing a using directive or an assembly reference?)
C:\gh\azure-sdk-for-net\sdk\mgmtcommon\AppAuthentication\Azure.Services.AppAuthentication.Unit.Tests\AzureServiceTokenProviderFactoryTests.cs(237,10): error CS0246: The type or namespace name 'InlineDataAttribute' could not be found (are you missing a using directive or an assembly reference?)
C:\gh\azure-sdk-for-net\sdk\mgmtcommon\AppAuthentication\Azure.Services.AppAuthentication.Unit.Tests\AzureServiceTokenProviderFactoryTests.cs(237,10): error CS0246: The type or namespace name 'InlineData' could not be found (are you missing a using directive or an assembly reference?)
C:\gh\azure-sdk-for-net\sdk\mgmtcommon\AppAuthentication\Azure.Services.AppAuthentication.Unit.Tests\UriHelperTests.cs(10,13): error CS0103: The name 'Assert' does not exist in the current context
C:\gh\azure-sdk-for-net\sdk\mgmtcommon\AppAuthentication\Azure.Services.AppAuthentication.Unit.Tests\UriHelperTests.cs(12,13): error CS0103: The name 'Assert' does not exist in the current context
C:\gh\azure-sdk-for-net\sdk\mgmtcommon\AppAuthentication\Azure.Services.AppAuthentication.Unit.Tests\UriHelperTests.cs(19,13): error CS0103: The name 'Assert' does not exist in the current context
C:\gh\azure-sdk-for-net\sdk\mgmtcommon\AppAuthentication\Azure.Services.AppAuthentication.Unit.Tests\UriHelperTests.cs(20,13): error CS0103: The name 'Assert' does not exist in the current context
C:\gh\azure-sdk-for-net\sdk\mgmtcommon\AppAuthentication\Azure.Services.AppAuthentication.Unit.Tests\UriHelperTests.cs(21,13): error CS0103: The name 'Assert' does not exist in the current context
C:\gh\azure-sdk-for-net\sdk\mgmtcommon\AppAuthentication\Azure.Services.AppAuthentication.Unit.Tests\SqlAppAuthenticationProviderTests.cs(20,35): error CS0103: The name 'Assert' does not exist in the current context
C:\gh\azure-sdk-for-net\sdk\mgmtcommon\AppAuthentication\Azure.Services.AppAuthentication.Unit.Tests\SqlAppAuthenticationProviderTests.cs(22,13): error CS0103: The name 'Assert' does not exist in the current context
C:\gh\azure-sdk-for-net\sdk\mgmtcommon\AppAuthentication\Azure.Services.AppAuthentication.Unit.Tests\UriHelperTests.cs(27,13): error CS0103: The name 'Assert' does not exist in the current context
C:\gh\azure-sdk-for-net\sdk\mgmtcommon\AppAuthentication\Azure.Services.AppAuthentication.Unit.Tests\UriHelperTests.cs(28,13): error CS0103: The name 'Assert' does not exist in the current context
C:\gh\azure-sdk-for-net\sdk\mgmtcommon\AppAuthentication\Azure.Services.AppAuthentication.Unit.Tests\UriHelperTests.cs(29,13): error CS0103: The name 'Assert' does not exist in the current context
C:\gh\azure-sdk-for-net\sdk\mgmtcommon\AppAuthentication\Azure.Services.AppAuthentication.Unit.Tests\VisualStudioTokenProviderFileTests.cs(15,13): error CS0103: The name 'Assert' does not exist in the current context
C:\gh\azure-sdk-for-net\sdk\mgmtcommon\AppAuthentication\Azure.Services.AppAuthentication.Unit.Tests\VisualStudioTokenProviderFileTests.cs(16,13): error CS0103: The name 'Assert' does not exist in the current context
C:\gh\azure-sdk-for-net\sdk\mgmtcommon\AppAuthentication\Azure.Services.AppAuthentication.Unit.Tests\VisualStudioTokenProviderFileTests.cs(17,13): error CS0103: The name 'Assert' does not exist in the current context
C:\gh\azure-sdk-for-net\sdk\mgmtcommon\AppAuthentication\Azure.Services.AppAuthentication.Unit.Tests\VisualStudioTokenProviderFileTests.cs(19,13): error CS0103: The name 'Assert' does not exist in the current context
C:\gh\azure-sdk-for-net\sdk\mgmtcommon\AppAuthentication\Azure.Services.AppAuthentication.Unit.Tests\VisualStudioTokenProviderFileTests.cs(20,13): error CS0103: The name 'Assert' does not exist in the current context
C:\gh\azure-sdk-for-net\sdk\mgmtcommon\AppAuthentication\Azure.Services.AppAuthentication.Unit.Tests\VisualStudioTokenProviderFileTests.cs(22,13): error CS0103: The name 'Assert' does not exist in the current context
C:\gh\azure-sdk-for-net\sdk\mgmtcommon\AppAuthentication\Azure.Services.AppAuthentication.Unit.Tests\UriHelperTests.cs(35,13): error CS0103: The name 'Assert' does not exist in the current context
C:\gh\azure-sdk-for-net\sdk\mgmtcommon\AppAuthentication\Azure.Services.AppAuthentication.Unit.Tests\UriHelperTests.cs(36,13): error CS0103: The name 'Assert' does not exist in the current context
C:\gh\azure-sdk-for-net\sdk\mgmtcommon\AppAuthentication\Azure.Services.AppAuthentication.Unit.Tests\UriHelperTests.cs(37,13): error CS0103: The name 'Assert' does not exist in the current context
C:\gh\azure-sdk-for-net\sdk\mgmtcommon\AppAuthentication\Azure.Services.AppAuthentication.Unit.Tests\UriHelperTests.cs(43,13): error CS0103: The name 'Assert' does not exist in the current context
C:\gh\azure-sdk-for-net\sdk\mgmtcommon\AppAuthentication\Azure.Services.AppAuthentication.Unit.Tests\UriHelperTests.cs(44,13): error CS0103: The name 'Assert' does not exist in the current context
C:\gh\azure-sdk-for-net\sdk\mgmtcommon\AppAuthentication\Azure.Services.AppAuthentication.Unit.Tests\SqlAppAuthenticationProviderTests.cs(32,35): error CS0103: The name 'Assert' does not exist in the current context
C:\gh\azure-sdk-for-net\sdk\mgmtcommon\AppAuthentication\Azure.Services.AppAuthentication.Unit.Tests\SqlAppAuthenticationProviderTests.cs(34,13): error CS0103: The name 'Assert' does not exist in the current context
C:\gh\azure-sdk-for-net\sdk\mgmtcommon\AppAuthentication\Azure.Services.AppAuthentication.Unit.Tests\SqlAppAuthenticationProviderTests.cs(42,13): error CS0103: The name 'Assert' does not exist in the current context
C:\gh\azure-sdk-for-net\sdk\mgmtcommon\AppAuthentication\Azure.Services.AppAuthentication.Unit.Tests\UriHelperTests.cs(50,13): error CS0103: The name 'Assert' does not exist in the current context
C:\gh\azure-sdk-for-net\sdk\mgmtcommon\AppAuthentication\Azure.Services.AppAuthentication.Unit.Tests\UriHelperTests.cs(51,13): error CS0103: The name 'Assert' does not exist in the current context
C:\gh\azure-sdk-for-net\sdk\mgmtcommon\AppAuthentication\Azure.Services.AppAuthentication.Unit.Tests\UriHelperTests.cs(52,13): error CS0103: The name 'Assert' does not exist in the current context
C:\gh\azure-sdk-for-net\sdk\mgmtcommon\AppAuthentication\Azure.Services.AppAuthentication.Unit.Tests\SqlAppAuthenticationProviderTests.cs(50,13): error CS0103: The name 'Assert' does not exist in the current context
C:\gh\azure-sdk-for-net\sdk\mgmtcommon\AppAuthentication\Azure.Services.AppAuthentication.Unit.Tests\AzureServiceTokenProviderExceptionTests.cs(29,13): error CS0103: The name 'Assert' does not exist in the current context
C:\gh\azure-sdk-for-net\sdk\mgmtcommon\AppAuthentication\Azure.Services.AppAuthentication.Unit.Tests\ProcessManagerTests.cs(30,19): error CS0122: 'Assert' is inaccessible due to its protection level
C:\gh\azure-sdk-for-net\sdk\mgmtcommon\AppAuthentication\Azure.Services.AppAuthentication.Unit.Tests\MsiAccessTokenProviderTests.cs(79,35): error CS0122: 'Assert' is inaccessible due to its protection level
C:\gh\azure-sdk-for-net\sdk\mgmtcommon\AppAuthentication\Azure.Services.AppAuthentication.Unit.Tests\MsiAccessTokenProviderTests.cs(81,13): error CS0122: 'Assert' is inaccessible due to its protection level
C:\gh\azure-sdk-for-net\sdk\mgmtcommon\AppAuthentication\Azure.Services.AppAuthentication.Unit.Tests\MsiAccessTokenProviderTests.cs(82,13): error CS0122: 'Assert' is inaccessible due to its protection level
C:\gh\azure-sdk-for-net\sdk\mgmtcommon\AppAuthentication\Azure.Services.AppAuthentication.Unit.Tests\AzureServiceTokenProviderFactoryTests.cs(20,13): error CS0103: The name 'Assert' does not exist in the current context
C:\gh\azure-sdk-for-net\sdk\mgmtcommon\AppAuthentication\Azure.Services.AppAuthentication.Unit.Tests\AzureServiceTokenProviderFactoryTests.cs(21,13): error CS0103: The name 'Assert' does not exist in the current context
C:\gh\azure-sdk-for-net\sdk\mgmtcommon\AppAuthentication\Azure.Services.AppAuthentication.Unit.Tests\AzureServiceTokenProviderFactoryTests.cs(22,13): error CS0103: The name 'Assert' does not exist in the current context
C:\gh\azure-sdk-for-net\sdk\mgmtcommon\AppAuthentication\Azure.Services.AppAuthentication.Unit.Tests\AzureServiceTokenProviderFactoryTests.cs(25,13): error CS0103: The name 'Assert' does not exist in the current context
C:\gh\azure-sdk-for-net\sdk\mgmtcommon\AppAuthentication\Azure.Services.AppAuthentication.Unit.Tests\AzureServiceTokenProviderFactoryTests.cs(26,13): error CS0103: The name 'Assert' does not exist in the current context
C:\gh\azure-sdk-for-net\sdk\mgmtcommon\AppAuthentication\Azure.Services.AppAuthentication.Unit.Tests\AzureServiceTokenProviderFactoryTests.cs(27,13): error CS0103: The name 'Assert' does not exist in the current context
C:\gh\azure-sdk-for-net\sdk\mgmtcommon\AppAuthentication\Azure.Services.AppAuthentication.Unit.Tests\AzureServiceTokenProviderFactoryTests.cs(36,29): error CS0103: The name 'Assert' does not exist in the current context
C:\gh\azure-sdk-for-net\sdk\mgmtcommon\AppAuthentication\Azure.Services.AppAuthentication.Unit.Tests\AzureServiceTokenProviderFactoryTests.cs(38,13): error CS0103: The name 'Assert' does not exist in the current context
C:\gh\azure-sdk-for-net\sdk\mgmtcommon\AppAuthentication\Azure.Services.AppAuthentication.Unit.Tests\MsiAccessTokenProviderTests.cs(97,35): error CS0122: 'Assert' is inaccessible due to its protection level
C:\gh\azure-sdk-for-net\sdk\mgmtcommon\AppAuthentication\Azure.Services.AppAuthentication.Unit.Tests\MsiAccessTokenProviderTests.cs(99,13): error CS0122: 'Assert' is inaccessible due to its protection level
C:\gh\azure-sdk-for-net\sdk\mgmtcommon\AppAuthentication\Azure.Services.AppAuthentication.Unit.Tests\MsiAccessTokenProviderTests.cs(100,13): error CS0122: 'Assert' is inaccessible due to its protection level
C:\gh\azure-sdk-for-net\sdk\mgmtcommon\AppAuthentication\Azure.Services.AppAuthentication.Unit.Tests\VisualStudioTokenProviderFileTests.cs(30,13): error CS0103: The name 'Assert' does not exist in the current context
C:\gh\azure-sdk-for-net\sdk\mgmtcommon\AppAuthentication\Azure.Services.AppAuthentication.Unit.Tests\VisualStudioTokenProviderFileTests.cs(31,13): error CS0103: The name 'Assert' does not exist in the current context
C:\gh\azure-sdk-for-net\sdk\mgmtcommon\AppAuthentication\Azure.Services.AppAuthentication.Unit.Tests\VisualStudioTokenProviderFileTests.cs(32,13): error CS0103: The name 'Assert' does not exist in the current context
C:\gh\azure-sdk-for-net\sdk\mgmtcommon\AppAuthentication\Azure.Services.AppAuthentication.Unit.Tests\VisualStudioTokenProviderFileTests.cs(34,13): error CS0103: The name 'Assert' does not exist in the current context
C:\gh\azure-sdk-for-net\sdk\mgmtcommon\AppAuthentication\Azure.Services.AppAuthentication.Unit.Tests\VisualStudioTokenProviderFileTests.cs(35,13): error CS0103: The name 'Assert' does not exist in the current context
C:\gh\azure-sdk-for-net\sdk\mgmtcommon\AppAuthentication\Azure.Services.AppAuthentication.Unit.Tests\VisualStudioTokenProviderFileTests.cs(36,13): error CS0103: The name 'Assert' does not exist in the current context
C:\gh\azure-sdk-for-net\sdk\mgmtcommon\AppAuthentication\Azure.Services.AppAuthentication.Unit.Tests\VisualStudioTokenProviderFileTests.cs(38,13): error CS0103: The name 'Assert' does not exist in the current context
C:\gh\azure-sdk-for-net\sdk\mgmtcommon\AppAuthentication\Azure.Services.AppAuthentication.Unit.Tests\VisualStudioTokenProviderFileTests.cs(39,13): error CS0103: The name 'Assert' does not exist in the current context
C:\gh\azure-sdk-for-net\sdk\mgmtcommon\AppAuthentication\Azure.Services.AppAuthentication.Unit.Tests\AzureServiceTokenProviderFactoryTests.cs(47,29): error CS0103: The name 'Assert' does not exist in the current context
C:\gh\azure-sdk-for-net\sdk\mgmtcommon\AppAuthentication\Azure.Services.AppAuthentication.Unit.Tests\AzureServiceTokenProviderFactoryTests.cs(49,13): error CS0103: The name 'Assert' does not exist in the current context
C:\gh\azure-sdk-for-net\sdk\mgmtcommon\AppAuthentication\Azure.Services.AppAuthentication.Unit.Tests\WindowsAuthenticationAccessTokenProviderTests.cs(58,35): error CS0103: The name 'Assert' does not exist in the current context
C:\gh\azure-sdk-for-net\sdk\mgmtcommon\AppAuthentication\Azure.Services.AppAuthentication.Unit.Tests\WindowsAuthenticationAccessTokenProviderTests.cs(60,13): error CS0103: The name 'Assert' does not exist in the current context
C:\gh\azure-sdk-for-net\sdk\mgmtcommon\AppAuthentication\Azure.Services.AppAuthentication.Unit.Tests\WindowsAuthenticationAccessTokenProviderTests.cs(61,13): error CS0103: The name 'Assert' does not exist in the current context
C:\gh\azure-sdk-for-net\sdk\mgmtcommon\AppAuthentication\Azure.Services.AppAuthentication.Unit.Tests\VisualStudioTokenProviderFileTests.cs(45,35): error CS0103: The name 'Assert' does not exist in the current context
C:\gh\azure-sdk-for-net\sdk\mgmtcommon\AppAuthentication\Azure.Services.AppAuthentication.Unit.Tests\VisualStudioTokenProviderFileTests.cs(47,13): error CS0103: The name 'Assert' does not exist in the current context
C:\gh\azure-sdk-for-net\sdk\mgmtcommon\AppAuthentication\Azure.Services.AppAuthentication.Unit.Tests\VisualStudioTokenProviderFileTests.cs(48,13): error CS0103: The name 'Assert' does not exist in the current context
C:\gh\azure-sdk-for-net\sdk\mgmtcommon\AppAuthentication\Azure.Services.AppAuthentication.Unit.Tests\VisualStudioAccessTokenProviderTests.cs(51,35): error CS0103: The name 'Assert' does not exist in the current context
C:\gh\azure-sdk-for-net\sdk\mgmtcommon\AppAuthentication\Azure.Services.AppAuthentication.Unit.Tests\VisualStudioAccessTokenProviderTests.cs(53,13): error CS0103: The name 'Assert' does not exist in the current context
C:\gh\azure-sdk-for-net\sdk\mgmtcommon\AppAuthentication\Azure.Services.AppAuthentication.Unit.Tests\VisualStudioAccessTokenProviderTests.cs(54,13): error CS0103: The name 'Assert' does not exist in the current context
C:\gh\azure-sdk-for-net\sdk\mgmtcommon\AppAuthentication\Azure.Services.AppAuthentication.Unit.Tests\VisualStudioAccessTokenProviderTests.cs(55,13): error CS0103: The name 'Assert' does not exist in the current context
C:\gh\azure-sdk-for-net\sdk\mgmtcommon\AppAuthentication\Azure.Services.AppAuthentication.Unit.Tests\VisualStudioAccessTokenProviderTests.cs(56,13): error CS0103: The name 'Assert' does not exist in the current context
C:\gh\azure-sdk-for-net\sdk\mgmtcommon\AppAuthentication\Azure.Services.AppAuthentication.Unit.Tests\KeyVaultClientTests.cs(20,35): error CS0103: The name 'Assert' does not exist in the current context
C:\gh\azure-sdk-for-net\sdk\mgmtcommon\AppAuthentication\Azure.Services.AppAuthentication.Unit.Tests\KeyVaultClientTests.cs(21,13): error CS0103: The name 'Assert' does not exist in the current context
C:\gh\azure-sdk-for-net\sdk\mgmtcommon\AppAuthentication\Azure.Services.AppAuthentication.Unit.Tests\AzureCliAccessTokenProviderTests.cs(41,35): error CS0103: The name 'Assert' does not exist in the current context
C:\gh\azure-sdk-for-net\sdk\mgmtcommon\AppAuthentication\Azure.Services.AppAuthentication.Unit.Tests\AzureCliAccessTokenProviderTests.cs(43,13): error CS0103: The name 'Assert' does not exist in the current context
C:\gh\azure-sdk-for-net\sdk\mgmtcommon\AppAuthentication\Azure.Services.AppAuthentication.Unit.Tests\AzureServiceTokenProviderFactoryTests.cs(58,29): error CS0103: The name 'Assert' does not exist in the current context
C:\gh\azure-sdk-for-net\sdk\mgmtcommon\AppAuthentication\Azure.Services.AppAuthentication.Unit.Tests\AzureServiceTokenProviderFactoryTests.cs(60,13): error CS0103: The name 'Assert' does not exist in the current context
C:\gh\azure-sdk-for-net\sdk\mgmtcommon\AppAuthentication\Azure.Services.AppAuthentication.Unit.Tests\AzureServiceTokenProviderFactoryTests.cs(62,25): error CS0103: The name 'Assert' does not exist in the current context
C:\gh\azure-sdk-for-net\sdk\mgmtcommon\AppAuthentication\Azure.Services.AppAuthentication.Unit.Tests\AzureServiceTokenProviderFactoryTests.cs(64,13): error CS0103: The name 'Assert' does not exist in the current context
C:\gh\azure-sdk-for-net\sdk\mgmtcommon\AppAuthentication\Azure.Services.AppAuthentication.Unit.Tests\ClientSecretAccessTokenProviderTests.cs(41,35): error CS0103: The name 'Assert' does not exist in the current context
C:\gh\azure-sdk-for-net\sdk\mgmtcommon\AppAuthentication\Azure.Services.AppAuthentication.Unit.Tests\ClientSecretAccessTokenProviderTests.cs(43,13): error CS0103: The name 'Assert' does not exist in the current context
C:\gh\azure-sdk-for-net\sdk\mgmtcommon\AppAuthentication\Azure.Services.AppAuthentication.Unit.Tests\ClientSecretAccessTokenProviderTests.cs(44,13): error CS0103: The name 'Assert' does not exist in the current context
C:\gh\azure-sdk-for-net\sdk\mgmtcommon\AppAuthentication\Azure.Services.AppAuthentication.Unit.Tests\ClientSecretAccessTokenProviderTests.cs(45,13): error CS0103: The name 'Assert' does not exist in the current context
C:\gh\azure-sdk-for-net\sdk\mgmtcommon\AppAuthentication\Azure.Services.AppAuthentication.Unit.Tests\AzureServiceTokenProviderFactoryTests.cs(73,29): error CS0103: The name 'Assert' does not exist in the current context
C:\gh\azure-sdk-for-net\sdk\mgmtcommon\AppAuthentication\Azure.Services.AppAuthentication.Unit.Tests\AzureServiceTokenProviderFactoryTests.cs(75,13): error CS0103: The name 'Assert' does not exist in the current context
C:\gh\azure-sdk-for-net\sdk\mgmtcommon\AppAuthentication\Azure.Services.AppAuthentication.Unit.Tests\ClientCertificateAccessTokenProviderTests.cs(70,35): error CS0103: The name 'Assert' does not exist in the current context
C:\gh\azure-sdk-for-net\sdk\mgmtcommon\AppAuthentication\Azure.Services.AppAuthentication.Unit.Tests\ClientCertificateAccessTokenProviderTests.cs(72,13): error CS0103: The name 'Assert' does not exist in the current context
C:\gh\azure-sdk-for-net\sdk\mgmtcommon\AppAuthentication\Azure.Services.AppAuthentication.Unit.Tests\AzureServiceTokenProviderFactoryTests.cs(84,29): error CS0103: The name 'Assert' does not exist in the current context
C:\gh\azure-sdk-for-net\sdk\mgmtcommon\AppAuthentication\Azure.Services.AppAuthentication.Unit.Tests\AzureServiceTokenProviderFactoryTests.cs(86,13): error CS0103: The name 'Assert' does not exist in the current context
C:\gh\azure-sdk-for-net\sdk\mgmtcommon\AppAuthentication\Azure.Services.AppAuthentication.Unit.Tests\KeyVaultClientTests.cs(31,35): error CS0103: The name 'Assert' does not exist in the current context
C:\gh\azure-sdk-for-net\sdk\mgmtcommon\AppAuthentication\Azure.Services.AppAuthentication.Unit.Tests\KeyVaultClientTests.cs(32,13): error CS0103: The name 'Assert' does not exist in the current context
C:\gh\azure-sdk-for-net\sdk\mgmtcommon\AppAuthentication\Azure.Services.AppAuthentication.Unit.Tests\WindowsAuthenticationAccessTokenProviderTests.cs(76,35): error CS0103: The name 'Assert' does not exist in the current context
C:\gh\azure-sdk-for-net\sdk\mgmtcommon\AppAuthentication\Azure.Services.AppAuthentication.Unit.Tests\WindowsAuthenticationAccessTokenProviderTests.cs(78,13): error CS0103: The name 'Assert' does not exist in the current context
C:\gh\azure-sdk-for-net\sdk\mgmtcommon\AppAuthentication\Azure.Services.AppAuthentication.Unit.Tests\WindowsAuthenticationAccessTokenProviderTests.cs(79,13): error CS0103: The name 'Assert' does not exist in the current context
C:\gh\azure-sdk-for-net\sdk\mgmtcommon\AppAuthentication\Azure.Services.AppAuthentication.Unit.Tests\WindowsAuthenticationAccessTokenProviderTests.cs(80,13): error CS0103: The name 'Assert' does not exist in the current context
C:\gh\azure-sdk-for-net\sdk\mgmtcommon\AppAuthentication\Azure.Services.AppAuthentication.Unit.Tests\AzureCliAccessTokenProviderTests.cs(57,35): error CS0103: The name 'Assert' does not exist in the current context
C:\gh\azure-sdk-for-net\sdk\mgmtcommon\AppAuthentication\Azure.Services.AppAuthentication.Unit.Tests\AzureCliAccessTokenProviderTests.cs(59,13): error CS0103: The name 'Assert' does not exist in the current context
C:\gh\azure-sdk-for-net\sdk\mgmtcommon\AppAuthentication\Azure.Services.AppAuthentication.Unit.Tests\AzureCliAccessTokenProviderTests.cs(60,13): error CS0103: The name 'Assert' does not exist in the current context
C:\gh\azure-sdk-for-net\sdk\mgmtcommon\AppAuthentication\Azure.Services.AppAuthentication.Unit.Tests\AzureServiceTokenProviderFactoryTests.cs(95,29): error CS0103: The name 'Assert' does not exist in the current context
C:\gh\azure-sdk-for-net\sdk\mgmtcommon\AppAuthentication\Azure.Services.AppAuthentication.Unit.Tests\AzureServiceTokenProviderFactoryTests.cs(97,13): error CS0103: The name 'Assert' does not exist in the current context
C:\gh\azure-sdk-for-net\sdk\mgmtcommon\AppAuthentication\Azure.Services.AppAuthentication.Unit.Tests\AzureServiceTokenProviderFactoryTests.cs(99,25): error CS0103: The name 'Assert' does not exist in the current context
C:\gh\azure-sdk-for-net\sdk\mgmtcommon\AppAuthentication\Azure.Services.AppAuthentication.Unit.Tests\AzureServiceTokenProviderFactoryTests.cs(101,13): error CS0103: The name 'Assert' does not exist in the current context
C:\gh\azure-sdk-for-net\sdk\mgmtcommon\AppAuthentication\Azure.Services.AppAuthentication.Unit.Tests\VisualStudioAccessTokenProviderTests.cs(70,35): error CS0103: The name 'Assert' does not exist in the current context
C:\gh\azure-sdk-for-net\sdk\mgmtcommon\AppAuthentication\Azure.Services.AppAuthentication.Unit.Tests\VisualStudioAccessTokenProviderTests.cs(72,13): error CS0103: The name 'Assert' does not exist in the current context
C:\gh\azure-sdk-for-net\sdk\mgmtcommon\AppAuthentication\Azure.Services.AppAuthentication.Unit.Tests\VisualStudioAccessTokenProviderTests.cs(73,13): error CS0103: The name 'Assert' does not exist in the current context
C:\gh\azure-sdk-for-net\sdk\mgmtcommon\AppAuthentication\Azure.Services.AppAuthentication.Unit.Tests\VisualStudioAccessTokenProviderTests.cs(74,13): error CS0103: The name 'Assert' does not exist in the current context
C:\gh\azure-sdk-for-net\sdk\mgmtcommon\AppAuthentication\Azure.Services.AppAuthentication.Unit.Tests\AzureServiceTokenProviderFactoryTests.cs(110,29): error CS0103: The name 'Assert' does not exist in the current context
C:\gh\azure-sdk-for-net\sdk\mgmtcommon\AppAuthentication\Azure.Services.AppAuthentication.Unit.Tests\AzureServiceTokenProviderFactoryTests.cs(112,13): error CS0103: The name 'Assert' does not exist in the current context
C:\gh\azure-sdk-for-net\sdk\mgmtcommon\AppAuthentication\Azure.Services.AppAuthentication.Unit.Tests\ClientCertificateAccessTokenProviderTests.cs(91,29): error CS0103: The name 'Assert' does not exist in the current context
C:\gh\azure-sdk-for-net\sdk\mgmtcommon\AppAuthentication\Azure.Services.AppAuthentication.Unit.Tests\ClientCertificateAccessTokenProviderTests.cs(94,13): error CS0103: The name 'Assert' does not exist in the current context
C:\gh\azure-sdk-for-net\sdk\mgmtcommon\AppAuthentication\Azure.Services.AppAuthentication.Unit.Tests\ClientCertificateAccessTokenProviderTests.cs(96,25): error CS0103: The name 'Assert' does not exist in the current context
C:\gh\azure-sdk-for-net\sdk\mgmtcommon\AppAuthentication\Azure.Services.AppAuthentication.Unit.Tests\ClientCertificateAccessTokenProviderTests.cs(99,13): error CS0103: The name 'Assert' does not exist in the current context
C:\gh\azure-sdk-for-net\sdk\mgmtcommon\AppAuthentication\Azure.Services.AppAuthentication.Unit.Tests\ClientSecretAccessTokenProviderTests.cs(57,35): error CS0103: The name 'Assert' does not exist in the current context
C:\gh\azure-sdk-for-net\sdk\mgmtcommon\AppAuthentication\Azure.Services.AppAuthentication.Unit.Tests\ClientSecretAccessTokenProviderTests.cs(59,13): error CS0103: The name 'Assert' does not exist in the current context
C:\gh\azure-sdk-for-net\sdk\mgmtcommon\AppAuthentication\Azure.Services.AppAuthentication.Unit.Tests\ClientSecretAccessTokenProviderTests.cs(60,13): error CS0103: The name 'Assert' does not exist in the current context
C:\gh\azure-sdk-for-net\sdk\mgmtcommon\AppAuthentication\Azure.Services.AppAuthentication.Unit.Tests\ClientSecretAccessTokenProviderTests.cs(61,13): error CS0103: The name 'Assert' does not exist in the current context
C:\gh\azure-sdk-for-net\sdk\mgmtcommon\AppAuthentication\Azure.Services.AppAuthentication.Unit.Tests\ClientSecretAccessTokenProviderTests.cs(62,13): error CS0103: The name 'Assert' does not exist in the current context
C:\gh\azure-sdk-for-net\sdk\mgmtcommon\AppAuthentication\Azure.Services.AppAuthentication.Unit.Tests\KeyVaultClientTests.cs(42,35): error CS0103: The name 'Assert' does not exist in the current context
C:\gh\azure-sdk-for-net\sdk\mgmtcommon\AppAuthentication\Azure.Services.AppAuthentication.Unit.Tests\KeyVaultClientTests.cs(43,13): error CS0103: The name 'Assert' does not exist in the current context
C:\gh\azure-sdk-for-net\sdk\mgmtcommon\AppAuthentication\Azure.Services.AppAuthentication.Unit.Tests\AzureServiceTokenProviderFactoryTests.cs(121,29): error CS0103: The name 'Assert' does not exist in the current context
C:\gh\azure-sdk-for-net\sdk\mgmtcommon\AppAuthentication\Azure.Services.AppAuthentication.Unit.Tests\AzureServiceTokenProviderFactoryTests.cs(123,13): error CS0103: The name 'Assert' does not exist in the current context
C:\gh\azure-sdk-for-net\sdk\mgmtcommon\AppAuthentication\Azure.Services.AppAuthentication.Unit.Tests\AzureServiceTokenProviderFactoryTests.cs(134,13): error CS0103: The name 'Assert' does not exist in the current context
C:\gh\azure-sdk-for-net\sdk\mgmtcommon\AppAuthentication\Azure.Services.AppAuthentication.Unit.Tests\AzureServiceTokenProviderFactoryTests.cs(135,13): error CS0103: The name 'Assert' does not exist in the current context
C:\gh\azure-sdk-for-net\sdk\mgmtcommon\AppAuthentication\Azure.Services.AppAuthentication.Unit.Tests\AzureServiceTokenProviderFactoryTests.cs(136,13): error CS0103: The name 'Assert' does not exist in the current context
C:\gh\azure-sdk-for-net\sdk\mgmtcommon\AppAuthentication\Azure.Services.AppAuthentication.Unit.Tests\MsiAccessTokenProviderTests.cs(214,35): error CS0122: 'Assert' is inaccessible due to its protection level
C:\gh\azure-sdk-for-net\sdk\mgmtcommon\AppAuthentication\Azure.Services.AppAuthentication.Unit.Tests\MsiAccessTokenProviderTests.cs(216,13): error CS0122: 'Assert' is inaccessible due to its protection level
C:\gh\azure-sdk-for-net\sdk\mgmtcommon\AppAuthentication\Azure.Services.AppAuthentication.Unit.Tests\MsiAccessTokenProviderTests.cs(217,13): error CS0122: 'Assert' is inaccessible due to its protection level
C:\gh\azure-sdk-for-net\sdk\mgmtcommon\AppAuthentication\Azure.Services.AppAuthentication.Unit.Tests\AzureCliAccessTokenProviderTests.cs(75,35): error CS0103: The name 'Assert' does not exist in the current context
C:\gh\azure-sdk-for-net\sdk\mgmtcommon\AppAuthentication\Azure.Services.AppAuthentication.Unit.Tests\AzureCliAccessTokenProviderTests.cs(77,13): error CS0103: The name 'Assert' does not exist in the current context
C:\gh\azure-sdk-for-net\sdk\mgmtcommon\AppAuthentication\Azure.Services.AppAuthentication.Unit.Tests\AzureServiceTokenProviderFactoryTests.cs(144,13): error CS0103: The name 'Assert' does not exist in the current context
C:\gh\azure-sdk-for-net\sdk\mgmtcommon\AppAuthentication\Azure.Services.AppAuthentication.Unit.Tests\AzureServiceTokenProviderFactoryTests.cs(145,13): error CS0103: The name 'Assert' does not exist in the current context
C:\gh\azure-sdk-for-net\sdk\mgmtcommon\AppAuthentication\Azure.Services.AppAuthentication.Unit.Tests\AzureServiceTokenProviderTests.cs(82,13): error CS0103: The name 'Assert' does not exist in the current context
C:\gh\azure-sdk-for-net\sdk\mgmtcommon\AppAuthentication\Azure.Services.AppAuthentication.Unit.Tests\AzureServiceTokenProviderTests.cs(93,13): error CS0103: The name 'Assert' does not exist in the current context
C:\gh\azure-sdk-for-net\sdk\mgmtcommon\AppAuthentication\Azure.Services.AppAuthentication.Unit.Tests\AzureServiceTokenProviderTests.cs(112,13): error CS0103: The name 'Assert' does not exist in the current context
C:\gh\azure-sdk-for-net\sdk\mgmtcommon\AppAuthentication\Azure.Services.AppAuthentication.Unit.Tests\AzureServiceTokenProviderFactoryTests.cs(160,13): error CS0103: The name 'Assert' does not exist in the current context
C:\gh\azure-sdk-for-net\sdk\mgmtcommon\AppAuthentication\Azure.Services.AppAuthentication.Unit.Tests\AzureServiceTokenProviderFactoryTests.cs(161,13): error CS0103: The name 'Assert' does not exist in the current context
C:\gh\azure-sdk-for-net\sdk\mgmtcommon\AppAuthentication\Azure.Services.AppAuthentication.Unit.Tests\AzureServiceTokenProviderFactoryTests.cs(162,13): error CS0103: The name 'Assert' does not exist in the current context
C:\gh\azure-sdk-for-net\sdk\mgmtcommon\AppAuthentication\Azure.Services.AppAuthentication.Unit.Tests\VisualStudioAccessTokenProviderTests.cs(89,35): error CS0103: The name 'Assert' does not exist in the current context
C:\gh\azure-sdk-for-net\sdk\mgmtcommon\AppAuthentication\Azure.Services.AppAuthentication.Unit.Tests\VisualStudioAccessTokenProviderTests.cs(91,13): error CS0103: The name 'Assert' does not exist in the current context
C:\gh\azure-sdk-for-net\sdk\mgmtcommon\AppAuthentication\Azure.Services.AppAuthentication.Unit.Tests\VisualStudioAccessTokenProviderTests.cs(92,13): error CS0103: The name 'Assert' does not exist in the current context
C:\gh\azure-sdk-for-net\sdk\mgmtcommon\AppAuthentication\Azure.Services.AppAuthentication.Unit.Tests\VisualStudioAccessTokenProviderTests.cs(93,13): error CS0103: The name 'Assert' does not exist in the current context
C:\gh\azure-sdk-for-net\sdk\mgmtcommon\AppAuthentication\Azure.Services.AppAuthentication.Unit.Tests\VisualStudioAccessTokenProviderTests.cs(94,13): error CS0103: The name 'Assert' does not exist in the current context
C:\gh\azure-sdk-for-net\sdk\mgmtcommon\AppAuthentication\Azure.Services.AppAuthentication.Unit.Tests\AzureServiceTokenProviderFactoryTests.cs(169,13): error CS0103: The name 'Assert' does not exist in the current context
C:\gh\azure-sdk-for-net\sdk\mgmtcommon\AppAuthentication\Azure.Services.AppAuthentication.Unit.Tests\AzureServiceTokenProviderFactoryTests.cs(170,13): error CS0103: The name 'Assert' does not exist in the current context
C:\gh\azure-sdk-for-net\sdk\mgmtcommon\AppAuthentication\Azure.Services.AppAuthentication.Unit.Tests\AzureServiceTokenProviderFactoryTests.cs(171,13): error CS0103: The name 'Assert' does not exist in the current context
C:\gh\azure-sdk-for-net\sdk\mgmtcommon\AppAuthentication\Azure.Services.AppAuthentication.Unit.Tests\KeyVaultClientTests.cs(53,35): error CS0103: The name 'Assert' does not exist in the current context
C:\gh\azure-sdk-for-net\sdk\mgmtcommon\AppAuthentication\Azure.Services.AppAuthentication.Unit.Tests\KeyVaultClientTests.cs(54,13): error CS0103: The name 'Assert' does not exist in the current context
C:\gh\azure-sdk-for-net\sdk\mgmtcommon\AppAuthentication\Azure.Services.AppAuthentication.Unit.Tests\ClientCertificateAccessTokenProviderTests.cs(116,29): error CS0103: The name 'Assert' does not exist in the current context
C:\gh\azure-sdk-for-net\sdk\mgmtcommon\AppAuthentication\Azure.Services.AppAuthentication.Unit.Tests\ClientCertificateAccessTokenProviderTests.cs(119,13): error CS0103: The name 'Assert' does not exist in the current context
C:\gh\azure-sdk-for-net\sdk\mgmtcommon\AppAuthentication\Azure.Services.AppAuthentication.Unit.Tests\ClientCertificateAccessTokenProviderTests.cs(121,25): error CS0103: The name 'Assert' does not exist in the current context
C:\gh\azure-sdk-for-net\sdk\mgmtcommon\AppAuthentication\Azure.Services.AppAuthentication.Unit.Tests\ClientCertificateAccessTokenProviderTests.cs(124,13): error CS0103: The name 'Assert' does not exist in the current context
C:\gh\azure-sdk-for-net\sdk\mgmtcommon\AppAuthentication\Azure.Services.AppAuthentication.Unit.Tests\ClientSecretAccessTokenProviderTests.cs(75,35): error CS0103: The name 'Assert' does not exist in the current context
C:\gh\azure-sdk-for-net\sdk\mgmtcommon\AppAuthentication\Azure.Services.AppAuthentication.Unit.Tests\ClientSecretAccessTokenProviderTests.cs(77,13): error CS0103: The name 'Assert' does not exist in the current context
C:\gh\azure-sdk-for-net\sdk\mgmtcommon\AppAuthentication\Azure.Services.AppAuthentication.Unit.Tests\ClientSecretAccessTokenProviderTests.cs(78,13): error CS0103: The name 'Assert' does not exist in the current context
C:\gh\azure-sdk-for-net\sdk\mgmtcommon\AppAuthentication\Azure.Services.AppAuthentication.Unit.Tests\ClientSecretAccessTokenProviderTests.cs(79,13): error CS0103: The name 'Assert' does not exist in the current context
C:\gh\azure-sdk-for-net\sdk\mgmtcommon\AppAuthentication\Azure.Services.AppAuthentication.Unit.Tests\ClientSecretAccessTokenProviderTests.cs(80,13): error CS0103: The name 'Assert' does not exist in the current context
C:\gh\azure-sdk-for-net\sdk\mgmtcommon\AppAuthentication\Azure.Services.AppAuthentication.Unit.Tests\ClientSecretAccessTokenProviderTests.cs(93,29): error CS0103: The name 'Assert' does not exist in the current context
C:\gh\azure-sdk-for-net\sdk\mgmtcommon\AppAuthentication\Azure.Services.AppAuthentication.Unit.Tests\ClientSecretAccessTokenProviderTests.cs(95,13): error CS0103: The name 'Assert' does not exist in the current context
C:\gh\azure-sdk-for-net\sdk\mgmtcommon\AppAuthentication\Azure.Services.AppAuthentication.Unit.Tests\ClientSecretAccessTokenProviderTests.cs(98,25): error CS0103: The name 'Assert' does not exist in the current context
C:\gh\azure-sdk-for-net\sdk\mgmtcommon\AppAuthentication\Azure.Services.AppAuthentication.Unit.Tests\ClientSecretAccessTokenProviderTests.cs(100,13): error CS0103: The name 'Assert' does not exist in the current context
C:\gh\azure-sdk-for-net\sdk\mgmtcommon\AppAuthentication\Azure.Services.AppAuthentication.Unit.Tests\AzureServiceTokenProviderTests.cs(130,13): error CS0103: The name 'Assert' does not exist in the current context
C:\gh\azure-sdk-for-net\sdk\mgmtcommon\AppAuthentication\Azure.Services.AppAuthentication.Unit.Tests\AzureServiceTokenProviderTests.cs(133,13): error CS0103: The name 'Assert' does not exist in the current context
C:\gh\azure-sdk-for-net\sdk\mgmtcommon\AppAuthentication\Azure.Services.AppAuthentication.Unit.Tests\AzureServiceTokenProviderTests.cs(136,13): error CS0103: The name 'Assert' does not exist in the current context
C:\gh\azure-sdk-for-net\sdk\mgmtcommon\AppAuthentication\Azure.Services.AppAuthentication.Unit.Tests\AzureServiceTokenProviderTests.cs(139,13): error CS0103: The name 'Assert' does not exist in the current context
C:\gh\azure-sdk-for-net\sdk\mgmtcommon\AppAuthentication\Azure.Services.AppAuthentication.Unit.Tests\AzureServiceTokenProviderTests.cs(142,13): error CS0103: The name 'Assert' does not exist in the current context
C:\gh\azure-sdk-for-net\sdk\mgmtcommon\AppAuthentication\Azure.Services.AppAuthentication.Unit.Tests\VisualStudioAccessTokenProviderTests.cs(110,35): error CS0103: The name 'Assert' does not exist in the current context
C:\gh\azure-sdk-for-net\sdk\mgmtcommon\AppAuthentication\Azure.Services.AppAuthentication.Unit.Tests\VisualStudioAccessTokenProviderTests.cs(112,13): error CS0103: The name 'Assert' does not exist in the current context
C:\gh\azure-sdk-for-net\sdk\mgmtcommon\AppAuthentication\Azure.Services.AppAuthentication.Unit.Tests\MsiAccessTokenProviderTests.cs(234,35): error CS0122: 'Assert' is inaccessible due to its protection level
C:\gh\azure-sdk-for-net\sdk\mgmtcommon\AppAuthentication\Azure.Services.AppAuthentication.Unit.Tests\MsiAccessTokenProviderTests.cs(236,13): error CS0122: 'Assert' is inaccessible due to its protection level
C:\gh\azure-sdk-for-net\sdk\mgmtcommon\AppAuthentication\Azure.Services.AppAuthentication.Unit.Tests\MsiAccessTokenProviderTests.cs(237,13): error CS0122: 'Assert' is inaccessible due to its protection level
C:\gh\azure-sdk-for-net\sdk\mgmtcommon\AppAuthentication\Azure.Services.AppAuthentication.Unit.Tests\ClientCertificateAccessTokenProviderTests.cs(137,29): error CS0103: The name 'Assert' does not exist in the current context
C:\gh\azure-sdk-for-net\sdk\mgmtcommon\AppAuthentication\Azure.Services.AppAuthentication.Unit.Tests\ClientCertificateAccessTokenProviderTests.cs(140,13): error CS0103: The name 'Assert' does not exist in the current context
C:\gh\azure-sdk-for-net\sdk\mgmtcommon\AppAuthentication\Azure.Services.AppAuthentication.Unit.Tests\ClientCertificateAccessTokenProviderTests.cs(142,25): error CS0103: The name 'Assert' does not exist in the current context
C:\gh\azure-sdk-for-net\sdk\mgmtcommon\AppAuthentication\Azure.Services.AppAuthentication.Unit.Tests\ClientCertificateAccessTokenProviderTests.cs(145,13): error CS0103: The name 'Assert' does not exist in the current context
C:\gh\azure-sdk-for-net\sdk\mgmtcommon\AppAuthentication\Azure.Services.AppAuthentication.Unit.Tests\ClientSecretAccessTokenProviderTests.cs(113,29): error CS0103: The name 'Assert' does not exist in the current context
C:\gh\azure-sdk-for-net\sdk\mgmtcommon\AppAuthentication\Azure.Services.AppAuthentication.Unit.Tests\ClientSecretAccessTokenProviderTests.cs(115,13): error CS0103: The name 'Assert' does not exist in the current context
C:\gh\azure-sdk-for-net\sdk\mgmtcommon\AppAuthentication\Azure.Services.AppAuthentication.Unit.Tests\ClientSecretAccessTokenProviderTests.cs(118,25): error CS0103: The name 'Assert' does not exist in the current context
C:\gh\azure-sdk-for-net\sdk\mgmtcommon\AppAuthentication\Azure.Services.AppAuthentication.Unit.Tests\ClientSecretAccessTokenProviderTests.cs(120,13): error CS0103: The name 'Assert' does not exist in the current context
C:\gh\azure-sdk-for-net\sdk\mgmtcommon\AppAuthentication\Azure.Services.AppAuthentication.Unit.Tests\KeyVaultClientTests.cs(64,35): error CS0103: The name 'Assert' does not exist in the current context
C:\gh\azure-sdk-for-net\sdk\mgmtcommon\AppAuthentication\Azure.Services.AppAuthentication.Unit.Tests\KeyVaultClientTests.cs(65,13): error CS0103: The name 'Assert' does not exist in the current context
C:\gh\azure-sdk-for-net\sdk\mgmtcommon\AppAuthentication\Azure.Services.AppAuthentication.Unit.Tests\KeyVaultClientTests.cs(66,13): error CS0103: The name 'Assert' does not exist in the current context
C:\gh\azure-sdk-for-net\sdk\mgmtcommon\AppAuthentication\Azure.Services.AppAuthentication.Unit.Tests\AzureServiceTokenProviderFactoryTests.cs(178,13): error CS0103: The name 'Assert' does not exist in the current context
C:\gh\azure-sdk-for-net\sdk\mgmtcommon\AppAuthentication\Azure.Services.AppAuthentication.Unit.Tests\AzureServiceTokenProviderFactoryTests.cs(179,13): error CS0103: The name 'Assert' does not exist in the current context
C:\gh\azure-sdk-for-net\sdk\mgmtcommon\AppAuthentication\Azure.Services.AppAuthentication.Unit.Tests\AzureServiceTokenProviderFactoryTests.cs(180,13): error CS0103: The name 'Assert' does not exist in the current context
C:\gh\azure-sdk-for-net\sdk\mgmtcommon\AppAuthentication\Azure.Services.AppAuthentication.Unit.Tests\AzureServiceTokenProviderFactoryTests.cs(183,13): error CS0103: The name 'Assert' does not exist in the current context
C:\gh\azure-sdk-for-net\sdk\mgmtcommon\AppAuthentication\Azure.Services.AppAuthentication.Unit.Tests\AzureServiceTokenProviderFactoryTests.cs(184,13): error CS0103: The name 'Assert' does not exist in the current context
C:\gh\azure-sdk-for-net\sdk\mgmtcommon\AppAuthentication\Azure.Services.AppAuthentication.Unit.Tests\AzureServiceTokenProviderFactoryTests.cs(185,13): error CS0103: The name 'Assert' does not exist in the current context
C:\gh\azure-sdk-for-net\sdk\mgmtcommon\AppAuthentication\Azure.Services.AppAuthentication.Unit.Tests\AzureServiceTokenProviderFactoryTests.cs(188,13): error CS0103: The name 'Assert' does not exist in the current context
C:\gh\azure-sdk-for-net\sdk\mgmtcommon\AppAuthentication\Azure.Services.AppAuthentication.Unit.Tests\AzureServiceTokenProviderFactoryTests.cs(189,13): error CS0103: The name 'Assert' does not exist in the current context
C:\gh\azure-sdk-for-net\sdk\mgmtcommon\AppAuthentication\Azure.Services.AppAuthentication.Unit.Tests\AzureServiceTokenProviderFactoryTests.cs(190,13): error CS0103: The name 'Assert' does not exist in the current context
C:\gh\azure-sdk-for-net\sdk\mgmtcommon\AppAuthentication\Azure.Services.AppAuthentication.Unit.Tests\AzureServiceTokenProviderFactoryTests.cs(193,13): error CS0103: The name 'Assert' does not exist in the current context
C:\gh\azure-sdk-for-net\sdk\mgmtcommon\AppAuthentication\Azure.Services.AppAuthentication.Unit.Tests\AzureServiceTokenProviderFactoryTests.cs(194,13): error CS0103: The name 'Assert' does not exist in the current context
C:\gh\azure-sdk-for-net\sdk\mgmtcommon\AppAuthentication\Azure.Services.AppAuthentication.Unit.Tests\AzureServiceTokenProviderFactoryTests.cs(195,13): error CS0103: The name 'Assert' does not exist in the current context
C:\gh\azure-sdk-for-net\sdk\mgmtcommon\AppAuthentication\Azure.Services.AppAuthentication.Unit.Tests\AzureServiceTokenProviderFactoryTests.cs(198,13): error CS0103: The name 'Assert' does not exist in the current context
C:\gh\azure-sdk-for-net\sdk\mgmtcommon\AppAuthentication\Azure.Services.AppAuthentication.Unit.Tests\AzureServiceTokenProviderFactoryTests.cs(199,13): error CS0103: The name 'Assert' does not exist in the current context
C:\gh\azure-sdk-for-net\sdk\mgmtcommon\AppAuthentication\Azure.Services.AppAuthentication.Unit.Tests\AzureServiceTokenProviderFactoryTests.cs(200,13): error CS0103: The name 'Assert' does not exist in the current context
C:\gh\azure-sdk-for-net\sdk\mgmtcommon\AppAuthentication\Azure.Services.AppAuthentication.Unit.Tests\AzureServiceTokenProviderFactoryTests.cs(203,13): error CS0103: The name 'Assert' does not exist in the current context
C:\gh\azure-sdk-for-net\sdk\mgmtcommon\AppAuthentication\Azure.Services.AppAuthentication.Unit.Tests\AzureServiceTokenProviderFactoryTests.cs(204,13): error CS0103: The name 'Assert' does not exist in the current context
C:\gh\azure-sdk-for-net\sdk\mgmtcommon\AppAuthentication\Azure.Services.AppAuthentication.Unit.Tests\AzureServiceTokenProviderFactoryTests.cs(205,13): error CS0103: The name 'Assert' does not exist in the current context
C:\gh\azure-sdk-for-net\sdk\mgmtcommon\AppAuthentication\Azure.Services.AppAuthentication.Unit.Tests\AzureServiceTokenProviderFactoryTests.cs(212,13): error CS0103: The name 'Assert' does not exist in the current context
C:\gh\azure-sdk-for-net\sdk\mgmtcommon\AppAuthentication\Azure.Services.AppAuthentication.Unit.Tests\AzureServiceTokenProviderFactoryTests.cs(213,13): error CS0103: The name 'Assert' does not exist in the current context
C:\gh\azure-sdk-for-net\sdk\mgmtcommon\AppAuthentication\Azure.Services.AppAuthentication.Unit.Tests\AzureServiceTokenProviderFactoryTests.cs(214,13): error CS0103: The name 'Assert' does not exist in the current context
C:\gh\azure-sdk-for-net\sdk\mgmtcommon\AppAuthentication\Azure.Services.AppAuthentication.Unit.Tests\AzureServiceTokenProviderFactoryTests.cs(227,13): error CS0103: The name 'Assert' does not exist in the current context
C:\gh\azure-sdk-for-net\sdk\mgmtcommon\AppAuthentication\Azure.Services.AppAuthentication.Unit.Tests\ClientCertificateAccessTokenProviderTests.cs(162,29): error CS0103: The name 'Assert' does not exist in the current context
C:\gh\azure-sdk-for-net\sdk\mgmtcommon\AppAuthentication\Azure.Services.AppAuthentication.Unit.Tests\ClientCertificateAccessTokenProviderTests.cs(165,13): error CS0103: The name 'Assert' does not exist in the current context
C:\gh\azure-sdk-for-net\sdk\mgmtcommon\AppAuthentication\Azure.Services.AppAuthentication.Unit.Tests\AzureServiceTokenProviderFactoryTests.cs(240,29): error CS0103: The name 'Assert' does not exist in the current context
C:\gh\azure-sdk-for-net\sdk\mgmtcommon\AppAuthentication\Azure.Services.AppAuthentication.Unit.Tests\AzureServiceTokenProviderFactoryTests.cs(241,13): error CS0103: The name 'Assert' does not exist in the current context
C:\gh\azure-sdk-for-net\sdk\mgmtcommon\AppAuthentication\Azure.Services.AppAuthentication.Unit.Tests\MsiAccessTokenProviderTests.cs(257,35): error CS0122: 'Assert' is inaccessible due to its protection level
C:\gh\azure-sdk-for-net\sdk\mgmtcommon\AppAuthentication\Azure.Services.AppAuthentication.Unit.Tests\MsiAccessTokenProviderTests.cs(259,13): error CS0122: 'Assert' is inaccessible due to its protection level
C:\gh\azure-sdk-for-net\sdk\mgmtcommon\AppAuthentication\Azure.Services.AppAuthentication.Unit.Tests\KeyVaultClientTests.cs(76,35): error CS0103: The name 'Assert' does not exist in the current context
C:\gh\azure-sdk-for-net\sdk\mgmtcommon\AppAuthentication\Azure.Services.AppAuthentication.Unit.Tests\KeyVaultClientTests.cs(77,13): error CS0103: The name 'Assert' does not exist in the current context
C:\gh\azure-sdk-for-net\sdk\mgmtcommon\AppAuthentication\Azure.Services.AppAuthentication.Unit.Tests\KeyVaultClientTests.cs(78,13): error CS0103: The name 'Assert' does not exist in the current context
C:\gh\azure-sdk-for-net\sdk\mgmtcommon\AppAuthentication\Azure.Services.AppAuthentication.Unit.Tests\MsiAccessTokenProviderTests.cs(271,35): error CS0122: 'Assert' is inaccessible due to its protection level
C:\gh\azure-sdk-for-net\sdk\mgmtcommon\AppAuthentication\Azure.Services.AppAuthentication.Unit.Tests\MsiAccessTokenProviderTests.cs(273,13): error CS0122: 'Assert' is inaccessible due to its protection level
C:\gh\azure-sdk-for-net\sdk\mgmtcommon\AppAuthentication\Azure.Services.AppAuthentication.Unit.Tests\MsiAccessTokenProviderTests.cs(274,13): error CS0122: 'Assert' is inaccessible due to its protection level
C:\gh\azure-sdk-for-net\sdk\mgmtcommon\AppAuthentication\Azure.Services.AppAuthentication.Unit.Tests\AzureServiceTokenProviderTests.cs(160,19): error CS0103: The name 'Assert' does not exist in the current context
C:\gh\azure-sdk-for-net\sdk\mgmtcommon\AppAuthentication\Azure.Services.AppAuthentication.Unit.Tests\AzureServiceTokenProviderTests.cs(163,13): error CS0103: The name 'Assert' does not exist in the current context
C:\gh\azure-sdk-for-net\sdk\mgmtcommon\AppAuthentication\Azure.Services.AppAuthentication.Unit.Tests\AzureServiceTokenProviderTests.cs(165,35): error CS0103: The name 'Assert' does not exist in the current context
C:\gh\azure-sdk-for-net\sdk\mgmtcommon\AppAuthentication\Azure.Services.AppAuthentication.Unit.Tests\AzureServiceTokenProviderTests.cs(169,13): error CS0103: The name 'Assert' does not exist in the current context
C:\gh\azure-sdk-for-net\sdk\mgmtcommon\AppAuthentication\Azure.Services.AppAuthentication.Unit.Tests\AzureServiceTokenProviderTests.cs(172,13): error CS0103: The name 'Assert' does not exist in the current context
C:\gh\azure-sdk-for-net\sdk\mgmtcommon\AppAuthentication\Azure.Services.AppAuthentication.Unit.Tests\AzureServiceTokenProviderTests.cs(173,13): error CS0103: The name 'Assert' does not exist in the current context
C:\gh\azure-sdk-for-net\sdk\mgmtcommon\AppAuthentication\Azure.Services.AppAuthentication.Unit.Tests\ClientCertificateAccessTokenProviderTests.cs(210,29): error CS0103: The name 'Assert' does not exist in the current context
C:\gh\azure-sdk-for-net\sdk\mgmtcommon\AppAuthentication\Azure.Services.AppAuthentication.Unit.Tests\ClientCertificateAccessTokenProviderTests.cs(215,13): error CS0103: The name 'Assert' does not exist in the current context
C:\gh\azure-sdk-for-net\sdk\mgmtcommon\AppAuthentication\Azure.Services.AppAuthentication.Unit.Tests\ClientCertificateAccessTokenProviderTests.cs(216,13): error CS0103: The name 'Assert' does not exist in the current context
C:\gh\azure-sdk-for-net\sdk\mgmtcommon\AppAuthentication\Azure.Services.AppAuthentication.Unit.Tests\KeyVaultClientTests.cs(91,35): error CS0103: The name 'Assert' does not exist in the current context
C:\gh\azure-sdk-for-net\sdk\mgmtcommon\AppAuthentication\Azure.Services.AppAuthentication.Unit.Tests\KeyVaultClientTests.cs(92,13): error CS0103: The name 'Assert' does not exist in the current context
C:\gh\azure-sdk-for-net\sdk\mgmtcommon\AppAuthentication\Azure.Services.AppAuthentication.Unit.Tests\KeyVaultClientTests.cs(93,13): error CS0103: The name 'Assert' does not exist in the current context
C:\gh\azure-sdk-for-net\sdk\mgmtcommon\AppAuthentication\Azure.Services.AppAuthentication.Unit.Tests\KeyVaultClientTests.cs(94,13): error CS0103: The name 'Assert' does not exist in the current context
C:\gh\azure-sdk-for-net\sdk\mgmtcommon\AppAuthentication\Azure.Services.AppAuthentication.Unit.Tests\KeyVaultClientTests.cs(95,13): error CS0103: The name 'Assert' does not exist in the current context
C:\gh\azure-sdk-for-net\sdk\mgmtcommon\AppAuthentication\Azure.Services.AppAuthentication.Unit.Tests\AzureServiceTokenProviderTests.cs(182,29): error CS0103: The name 'Assert' does not exist in the current context
C:\gh\azure-sdk-for-net\sdk\mgmtcommon\AppAuthentication\Azure.Services.AppAuthentication.Unit.Tests\AzureServiceTokenProviderTests.cs(184,13): error CS0103: The name 'Assert' does not exist in the current context
C:\gh\azure-sdk-for-net\sdk\mgmtcommon\AppAuthentication\Azure.Services.AppAuthentication.Unit.Tests\MsiAccessTokenProviderTests.cs(297,35): error CS0122: 'Assert' is inaccessible due to its protection level
C:\gh\azure-sdk-for-net\sdk\mgmtcommon\AppAuthentication\Azure.Services.AppAuthentication.Unit.Tests\MsiAccessTokenProviderTests.cs(299,13): error CS0122: 'Assert' is inaccessible due to its protection level
C:\gh\azure-sdk-for-net\sdk\mgmtcommon\AppAuthentication\Azure.Services.AppAuthentication.Unit.Tests\MsiAccessTokenProviderTests.cs(303,17): error CS0122: 'Assert' is inaccessible due to its protection level
C:\gh\azure-sdk-for-net\sdk\mgmtcommon\AppAuthentication\Azure.Services.AppAuthentication.Unit.Tests\MsiAccessTokenProviderTests.cs(307,17): error CS0122: 'Assert' is inaccessible due to its protection level
C:\gh\azure-sdk-for-net\sdk\mgmtcommon\AppAuthentication\Azure.Services.AppAuthentication.Unit.Tests\MsiAccessTokenProviderTests.cs(308,17): error CS0122: 'Assert' is inaccessible due to its protection level
C:\gh\azure-sdk-for-net\sdk\mgmtcommon\AppAuthentication\Azure.Services.AppAuthentication.Unit.Tests\KeyVaultClientTests.cs(109,35): error CS0103: The name 'Assert' does not exist in the current context
C:\gh\azure-sdk-for-net\sdk\mgmtcommon\AppAuthentication\Azure.Services.AppAuthentication.Unit.Tests\KeyVaultClientTests.cs(110,13): error CS0103: The name 'Assert' does not exist in the current context
C:\gh\azure-sdk-for-net\sdk\mgmtcommon\AppAuthentication\Azure.Services.AppAuthentication.Unit.Tests\ClientCertificateAccessTokenProviderTests.cs(231,35): error CS0103: The name 'Assert' does not exist in the current context
C:\gh\azure-sdk-for-net\sdk\mgmtcommon\AppAuthentication\Azure.Services.AppAuthentication.Unit.Tests\ClientCertificateAccessTokenProviderTests.cs(233,13): error CS0103: The name 'Assert' does not exist in the current context
C:\gh\azure-sdk-for-net\sdk\mgmtcommon\AppAuthentication\Azure.Services.AppAuthentication.Unit.Tests\ClientCertificateAccessTokenProviderTests.cs(234,13): error CS0103: The name 'Assert' does not exist in the current context
C:\gh\azure-sdk-for-net\sdk\mgmtcommon\AppAuthentication\Azure.Services.AppAuthentication.Unit.Tests\ClientCertificateAccessTokenProviderTests.cs(235,13): error CS0103: The name 'Assert' does not exist in the current context
C:\gh\azure-sdk-for-net\sdk\mgmtcommon\AppAuthentication\Azure.Services.AppAuthentication.Unit.Tests\MsiAccessTokenProviderTests.cs(334,35): error CS0122: 'Assert' is inaccessible due to its protection level
C:\gh\azure-sdk-for-net\sdk\mgmtcommon\AppAuthentication\Azure.Services.AppAuthentication.Unit.Tests\MsiAccessTokenProviderTests.cs(338,13): error CS0122: 'Assert' is inaccessible due to its protection level
C:\gh\azure-sdk-for-net\sdk\mgmtcommon\AppAuthentication\Azure.Services.AppAuthentication.Unit.Tests\MsiAccessTokenProviderTests.cs(339,13): error CS0122: 'Assert' is inaccessible due to its protection level
C:\gh\azure-sdk-for-net\sdk\mgmtcommon\AppAuthentication\Azure.Services.AppAuthentication.Unit.Tests\KeyVaultClientTests.cs(123,35): error CS0103: The name 'Assert' does not exist in the current context
C:\gh\azure-sdk-for-net\sdk\mgmtcommon\AppAuthentication\Azure.Services.AppAuthentication.Unit.Tests\KeyVaultClientTests.cs(124,13): error CS0103: The name 'Assert' does not exist in the current context
C:\gh\azure-sdk-for-net\sdk\mgmtcommon\AppAuthentication\Azure.Services.AppAuthentication.Unit.Tests\KeyVaultClientTests.cs(125,13): error CS0103: The name 'Assert' does not exist in the current context
C:\gh\azure-sdk-for-net\sdk\mgmtcommon\AppAuthentication\Azure.Services.AppAuthentication.Unit.Tests\AzureServiceTokenProviderTests.cs(198,35): error CS0103: The name 'Assert' does not exist in the current context
C:\gh\azure-sdk-for-net\sdk\mgmtcommon\AppAuthentication\Azure.Services.AppAuthentication.Unit.Tests\AzureServiceTokenProviderTests.cs(200,13): error CS0103: The name 'Assert' does not exist in the current context
C:\gh\azure-sdk-for-net\sdk\mgmtcommon\AppAuthentication\Azure.Services.AppAuthentication.Unit.Tests\AzureServiceTokenProviderTests.cs(202,31): error CS0103: The name 'Assert' does not exist in the current context
C:\gh\azure-sdk-for-net\sdk\mgmtcommon\AppAuthentication\Azure.Services.AppAuthentication.Unit.Tests\AzureServiceTokenProviderTests.cs(204,13): error CS0103: The name 'Assert' does not exist in the current context
C:\gh\azure-sdk-for-net\sdk\mgmtcommon\AppAuthentication\Azure.Services.AppAuthentication.Unit.Tests\AzureServiceTokenProviderTests.cs(214,29): error CS0103: The name 'Assert' does not exist in the current context
C:\gh\azure-sdk-for-net\sdk\mgmtcommon\AppAuthentication\Azure.Services.AppAuthentication.Unit.Tests\AzureServiceTokenProviderTests.cs(216,13): error CS0103: The name 'Assert' does not exist in the current context
C:\gh\azure-sdk-for-net\sdk\mgmtcommon\AppAuthentication\Azure.Services.AppAuthentication.Unit.Tests\AzureServiceTokenProviderTests.cs(218,25): error CS0103: The name 'Assert' does not exist in the current context
C:\gh\azure-sdk-for-net\sdk\mgmtcommon\AppAuthentication\Azure.Services.AppAuthentication.Unit.Tests\AzureServiceTokenProviderTests.cs(220,13): error CS0103: The name 'Assert' does not exist in the current context
C:\gh\azure-sdk-for-net\sdk\mgmtcommon\AppAuthentication\Azure.Services.AppAuthentication.Unit.Tests\AzureServiceTokenProviderTests.cs(235,13): error CS0103: The name 'Assert' does not exist in the current context
C:\gh\azure-sdk-for-net\sdk\mgmtcommon\AppAuthentication\Azure.Services.AppAuthentication.Unit.Tests\AzureServiceTokenProviderTests.cs(236,13): error CS0103: The name 'Assert' does not exist in the current context
C:\gh\azure-sdk-for-net\sdk\mgmtcommon\AppAuthentication\Azure.Services.AppAuthentication.Unit.Tests\ClientCertificateAccessTokenProviderTests.cs(288,35): error CS0103: The name 'Assert' does not exist in the current context
C:\gh\azure-sdk-for-net\sdk\mgmtcommon\AppAuthentication\Azure.Services.AppAuthentication.Unit.Tests\ClientCertificateAccessTokenProviderTests.cs(290,13): error CS0103: The name 'Assert' does not exist in the current context
C:\gh\azure-sdk-for-net\sdk\mgmtcommon\AppAuthentication\Azure.Services.AppAuthentication.Unit.Tests\ClientCertificateAccessTokenProviderTests.cs(291,13): error CS0103: The name 'Assert' does not exist in the current context
C:\gh\azure-sdk-for-net\sdk\mgmtcommon\AppAuthentication\Azure.Services.AppAuthentication.Unit.Tests\ClientCertificateAccessTokenProviderTests.cs(292,13): error CS0103: The name 'Assert' does not exist in the current context
C:\gh\azure-sdk-for-net\sdk\mgmtcommon\AppAuthentication\Azure.Services.AppAuthentication.Unit.Tests\ClientCertificateAccessTokenProviderTests.cs(293,13): error CS0103: The name 'Assert' does not exist in the current context
C:\gh\azure-sdk-for-net\sdk\mgmtcommon\AppAuthentication\Azure.Services.AppAuthentication.Unit.Tests\ClientCertificateAccessTokenProviderTests.cs(294,13): error CS0103: The name 'Assert' does not exist in the current context
C:\gh\azure-sdk-for-net\sdk\mgmtcommon\AppAuthentication\Azure.Services.AppAuthentication.Unit.Tests\AzureServiceTokenProviderTests.cs(263,13): error CS0103: The name 'Assert' does not exist in the current context
C:\gh\azure-sdk-for-net\sdk\mgmtcommon\AppAuthentication\Azure.Services.AppAuthentication.Unit.Tests\AzureServiceTokenProviderTests.cs(266,13): error CS0103: The name 'Assert' does not exist in the current context
C:\gh\azure-sdk-for-net\sdk\mgmtcommon\AppAuthentication\Azure.Services.AppAuthentication.Unit.Tests\AzureServiceTokenProviderTests.cs(293,13): error CS0103: The name 'Assert' does not exist in the current context
C:\gh\azure-sdk-for-net\sdk\mgmtcommon\AppAuthentication\Azure.Services.AppAuthentication.Unit.Tests\AzureServiceTokenProviderTests.cs(296,13): error CS0103: The name 'Assert' does not exist in the current context
C:\gh\azure-sdk-for-net\sdk\mgmtcommon\AppAuthentication\Azure.Services.AppAuthentication.Unit.Tests\AzureServiceTokenProviderTests.cs(327,29): error CS0103: The name 'Assert' does not exist in the current context
C:\gh\azure-sdk-for-net\sdk\mgmtcommon\AppAuthentication\Azure.Services.AppAuthentication.Unit.Tests\AzureServiceTokenProviderTests.cs(328,13): error CS0103: The name 'Assert' does not exist in the current context
C:\gh\azure-sdk-for-net\sdk\mgmtcommon\AppAuthentication\Azure.Services.AppAuthentication.Unit.Tests\AzureServiceTokenProviderTests.cs(331,13): error CS0103: The name 'Assert' does not exist in the current context
C:\gh\azure-sdk-for-net\sdk\mgmtcommon\AppAuthentication\Azure.Services.AppAuthentication.Unit.Tests\AzureServiceTokenProviderTests.cs(334,13): error CS0103: The name 'Assert' does not exist in the current context
C:\gh\azure-sdk-for-net\sdk\mgmtcommon\AppAuthentication\Azure.Services.AppAuthentication.Unit.Tests\AzureServiceTokenProviderTests.cs(359,136): error CS1503: Argument 3: cannot convert from 'Microsoft.Azure.Services.AppAuthentication.Unit.Tests.Mocks.MockHttpClientFactory' to 'IHttpClientFactory'
C:\gh\azure-sdk-for-net\sdk\mgmtcommon\AppAuthentication\Azure.Services.AppAuthentication.Unit.Tests\AzureServiceTokenProviderTests.cs(362,35): error CS0103: The name 'Assert' does not exist in the current context
C:\gh\azure-sdk-for-net\sdk\mgmtcommon\AppAuthentication\Azure.Services.AppAuthentication.Unit.Tests\AzureServiceTokenProviderTests.cs(365,13): error CS0103: The name 'Assert' does not exist in the current context
C:\gh\azure-sdk-for-net\sdk\mgmtcommon\AppAuthentication\Azure.Services.AppAuthentication.Unit.Tests\AzureServiceTokenProviderTests.cs(381,35): error CS0103: The name 'Assert' does not exist in the current context
C:\gh\azure-sdk-for-net\sdk\mgmtcommon\AppAuthentication\Azure.Services.AppAuthentication.Unit.Tests\AzureServiceTokenProviderTests.cs(384,13): error CS0103: The name 'Assert' does not exist in the current context
C:\gh\azure-sdk-for-net\sdk\mgmtcommon\AppAuthentication\Azure.Services.AppAuthentication.Unit.Tests\AzureServiceTokenProviderTests.cs(422,13): error CS0103: The name 'Assert' does not exist in the current context
C:\gh\azure-sdk-for-net\sdk\mgmtcommon\AppAuthentication\Azure.Services.AppAuthentication.Unit.Tests\AzureServiceTokenProviderTests.cs(423,13): error CS0103: The name 'Assert' does not exist in the current context
C:\gh\azure-sdk-for-net\sdk\mgmtcommon\AppAuthentication\Azure.Services.AppAuthentication.Unit.Tests\AzureServiceTokenProviderTests.cs(7,1): hidden CS8019: Unnecessary using directive.
C:\gh\azure-sdk-for-net\artifacts\obj\Microsoft.Azure.Services.AppAuthentication.Unit.Tests\Debug\net472\.NETFramework,Version=v4.7.2.AssemblyAttributes.cs(2,1): hidden CS8019: Unnecessary using directive.
C:\gh\azure-sdk-for-net\sdk\mgmtcommon\AppAuthentication\Azure.Services.AppAuthentication.Unit.Tests\ClientCertificateAccessTokenProviderTests.cs(9,1): hidden CS8019: Unnecessary using directive.
C:\gh\azure-sdk-for-net\sdk\mgmtcommon\AppAuthentication\Azure.Services.AppAuthentication.Unit.Tests\AzureServiceTokenProviderFactoryTests.cs(6,1): hidden CS8019: Unnecessary using directive.
C:\gh\azure-sdk-for-net\sdk\mgmtcommon\AppAuthentication\Azure.Services.AppAuthentication.Unit.Tests\Mocks\MockHttpClientFactory.cs(3,1): hidden CS8019: Unnecessary using directive.
C:\gh\azure-sdk-for-net\sdk\mgmtcommon\AppAuthentication\Azure.Services.AppAuthentication.Unit.Tests\AzureServiceTokenProviderTests.cs(13,1): hidden CS8019: Unnecessary using directive.
C:\gh\azure-sdk-for-net\sdk\mgmtcommon\AppAuthentication\Azure.Services.AppAuthentication.Unit.Tests\VisualStudioTokenProviderFileTests.cs(4,1): hidden CS8019: Unnecessary using directive.
C:\gh\azure-sdk-for-net\sdk\mgmtcommon\AppAuthentication\Azure.Services.AppAuthentication.Unit.Tests\AzureServiceTokenProviderExceptionTests.cs(8,1): hidden CS8019: Unnecessary using directive.
C:\gh\azure-sdk-for-net\sdk\mgmtcommon\AppAuthentication\Azure.Services.AppAuthentication.Unit.Tests\AzureServiceTokenProviderTests.cs(8,1): hidden CS8019: Unnecessary using directive.
C:\gh\azure-sdk-for-net\sdk\mgmtcommon\AppAuthentication\Azure.Services.AppAuthentication.Unit.Tests\MsiAccessTokenProviderTests.cs(12,1): hidden CS8019: Unnecessary using directive.
C:\gh\azure-sdk-for-net\sdk\mgmtcommon\AppAuthentication\Azure.Services.AppAuthentication.Unit.Tests\ClientSecretAccessTokenProviderTests.cs(6,1): hidden CS8019: Unnecessary using directive.
C:\gh\azure-sdk-for-net\sdk\mgmtcommon\AppAuthentication\Azure.Services.AppAuthentication.Unit.Tests\KeyVaultClientTests.cs(5,1): hidden CS8019: Unnecessary using directive.
C:\gh\azure-sdk-for-net\sdk\mgmtcommon\AppAuthentication\Azure.Services.AppAuthentication.Unit.Tests\Mocks\MockKeyVault.cs(7,1): hidden CS8019: Unnecessary using directive.
C:\gh\azure-sdk-for-net\sdk\mgmtcommon\AppAuthentication\Azure.Services.AppAuthentication.Unit.Tests\AzureCliAccessTokenProviderTests.cs(6,1): hidden CS8019: Unnecessary using directive.
C:\gh\azure-sdk-for-net\sdk\mgmtcommon\AppAuthentication\Azure.Services.AppAuthentication.Unit.Tests\ProcessManagerTests.cs(10,1): hidden CS8019: Unnecessary using directive.
C:\gh\azure-sdk-for-net\sdk\mgmtcommon\AppAuthentication\Azure.Services.AppAuthentication.Unit.Tests\VisualStudioAccessTokenProviderTests.cs(5,1): hidden CS8019: Unnecessary using directive.
C:\gh\azure-sdk-for-net\sdk\mgmtcommon\AppAuthentication\Azure.Services.AppAuthentication.Unit.Tests\SqlAppAuthenticationProviderTests.cs(7,1): hidden CS8019: Unnecessary using directive.
C:\gh\azure-sdk-for-net\artifacts\obj\Microsoft.Azure.Services.AppAuthentication.Unit.Tests\Debug\net472\Microsoft.Azure.Services.AppAuthentication.Unit.Tests.AssemblyInfo.cs(12,1): hidden CS8019: Unnecessary using directive.
C:\gh\azure-sdk-for-net\sdk\mgmtcommon\AppAuthentication\Azure.Services.AppAuthentication.Unit.Tests\ProcessManagerTests.cs(7,1): hidden CS8019: Unnecessary using directive.
C:\gh\azure-sdk-for-net\sdk\mgmtcommon\AppAuthentication\Azure.Services.AppAuthentication.Unit.Tests\Properties\AssemblyInfo.cs(1,1): hidden CS8019: Unnecessary using directive.
C:\gh\azure-sdk-for-net\sdk\mgmtcommon\AppAuthentication\Azure.Services.AppAuthentication.Unit.Tests\ProcessManagerTests.cs(6,1): hidden CS8019: Unnecessary using directive.
C:\gh\azure-sdk-for-net\sdk\mgmtcommon\AppAuthentication\Azure.Services.AppAuthentication.Unit.Tests\Mocks\MockAuthenticationContext.cs(7,1): hidden CS8019: Unnecessary using directive.
C:\gh\azure-sdk-for-net\artifacts\obj\Microsoft.Azure.Services.AppAuthentication.Unit.Tests\Debug\net472\.NETFramework,Version=v4.7.2.AssemblyAttributes.cs(3,1): hidden CS8019: Unnecessary using directive.
C:\gh\azure-sdk-for-net\sdk\mgmtcommon\AppAuthentication\Azure.Services.AppAuthentication.Unit.Tests\UriHelperTests.cs(1,1): hidden CS8019: Unnecessary using directive.
C:\gh\azure-sdk-for-net\sdk\mgmtcommon\AppAuthentication\Azure.Services.AppAuthentication.Unit.Tests\WindowsAuthenticationAccessTokenProviderTests.cs(4,1): hidden CS8019: Unnecessary using directive.
C:\gh\azure-sdk-for-net\sdk\mgmtcommon\AppAuthentication\Azure.Services.AppAuthentication.Unit.Tests\MsiAccessTokenProviderTests.cs(8,1): hidden CS8019: Unnecessary using directive.
C:\gh\azure-sdk-for-net\artifacts\obj\Microsoft.Azure.Services.AppAuthentication.Unit.Tests\Debug\net472\Microsoft.Azure.Services.AppAuthentication.Unit.Tests.AssemblyInfo.cs(11,1): hidden CS8019: Unnecessary using directive.
