C:\gh\azure-sdk-for-net\sdk\formrecognizer\Azure.AI.FormRecognizer\tests\Models\FormRecognizerModelFactoryTests.cs(374,57): error CS0117: 'FormRecognizerModelFactory' does not contain a definition for 'FieldValueWithCountryCodeValueType'
C:\gh\azure-sdk-for-net\sdk\formrecognizer\Azure.AI.FormRecognizer\tests\Models\FormRecognizerModelFactoryTests.cs(395,57): error CS0117: 'FormRecognizerModelFactory' does not contain a definition for 'FieldValueWithGenderValueType'
C:\gh\azure-sdk-for-net\sdk\formrecognizer\Azure.AI.FormRecognizer\tests\Models\FormRecognizerModelFactoryTests.cs(439,34): error CS7036: There is no argument given that corresponds to the required formal parameter 'style' of 'TextAppearance.TextAppearance(TextStyle)'
C:\gh\azure-sdk-for-net\sdk\formrecognizer\Azure.AI.FormRecognizer\tests\Models\FormRecognizerModelFactoryTests.cs(441,55): error CS1501: No overload for method 'FormLine' takes 5 arguments
C:\gh\azure-sdk-for-net\sdk\formrecognizer\Azure.AI.FormRecognizer\tests\Models\FormRecognizerModelFactoryTests.cs(454,32): error CS1729: 'FormLine' does not contain a constructor that takes 5 arguments
C:\gh\azure-sdk-for-net\sdk\formrecognizer\Azure.AI.FormRecognizer\tests\Models\FormRecognizerModelFactoryTests.cs(455,33): error CS1729: 'FormTable' does not contain a constructor that takes 5 arguments
C:\gh\azure-sdk-for-net\sdk\formrecognizer\Azure.AI.FormRecognizer\tests\Models\FormRecognizerModelFactoryTests.cs(548,56): error CS1501: No overload for method 'FormTable' takes 5 arguments
C:\gh\azure-sdk-for-net\sdk\formrecognizer\Azure.AI.FormRecognizer\tests\Models\FormRecognizerModelFactoryTests.cs(650,61): error CS0117: 'FormRecognizerModelFactory' does not contain a definition for 'TextAppearance'
C:\gh\azure-sdk-for-net\sdk\formrecognizer\Azure.AI.FormRecognizer\tests\Models\FormRecognizerModelFactoryTests.cs(661,56): error CS0117: 'FormRecognizerModelFactory' does not contain a definition for 'TextStyle'
C:\gh\azure-sdk-for-net\sdk\formrecognizer\Azure.AI.FormRecognizer\tests\FormRecognizerClient\FormRecognizerClientMockTests.cs(10,1): hidden CS8019: Unnecessary using directive.
C:\gh\azure-sdk-for-net\artifacts\obj\Azure.AI.FormRecognizer.Tests\Debug\net461\Azure.AI.FormRecognizer.Tests.AssemblyInfo.cs(12,1): hidden CS8019: Unnecessary using directive.
C:\gh\azure-sdk-for-net\artifacts\obj\Azure.AI.FormRecognizer.Tests\Debug\net461\.NETFramework,Version=v4.6.1.AssemblyAttributes.cs(2,1): hidden CS8019: Unnecessary using directive.
C:\gh\azure-sdk-for-net\artifacts\obj\Azure.AI.FormRecognizer.Tests\Debug\net461\Azure.AI.FormRecognizer.Tests.AssemblyInfo.cs(11,1): hidden CS8019: Unnecessary using directive.
C:\gh\azure-sdk-for-net\sdk\formrecognizer\Azure.AI.FormRecognizer\tests\FormRecognizerClient\FormRecognizerClientTests.cs(9,1): hidden CS8019: Unnecessary using directive.
C:\gh\azure-sdk-for-net\artifacts\obj\Azure.AI.FormRecognizer.Tests\Debug\net461\.NETFramework,Version=v4.6.1.AssemblyAttributes.cs(3,1): hidden CS8019: Unnecessary using directive.
