C:\gh\azure-sdk-for-net\sdk\websites\Microsoft.Azure.Management.WebSites\tests\ScenarioTests\WebSiteSlot.ScenarioTests.cs(18,45): error CS0246: The type or namespace name 'TestBase' could not be found (are you missing a using directive or an assembly reference?)
C:\gh\azure-sdk-for-net\sdk\websites\Microsoft.Azure.Management.WebSites\tests\Helpers\ResourceGroupHelper.cs(33,79): error CS0246: The type or namespace name 'TestBase' could not be found (are you missing a using directive or an assembly reference?)
C:\gh\azure-sdk-for-net\sdk\websites\Microsoft.Azure.Management.WebSites\tests\Helpers\ResourceGroupHelper.cs(33,98): error CS0246: The type or namespace name 'MockContext' could not be found (are you missing a using directive or an assembly reference?)
C:\gh\azure-sdk-for-net\sdk\websites\Microsoft.Azure.Management.WebSites\tests\Helpers\ResourceGroupHelper.cs(22,81): error CS0246: The type or namespace name 'TestBase' could not be found (are you missing a using directive or an assembly reference?)
C:\gh\azure-sdk-for-net\sdk\websites\Microsoft.Azure.Management.WebSites\tests\Helpers\ResourceGroupHelper.cs(22,100): error CS0246: The type or namespace name 'MockContext' could not be found (are you missing a using directive or an assembly reference?)
C:\gh\azure-sdk-for-net\sdk\websites\Microsoft.Azure.Management.WebSites\tests\Helpers\ResourceGroupHelper.cs(22,23): error CS0246: The type or namespace name 'ResourceManagementClient' could not be found (are you missing a using directive or an assembly reference?)
C:\gh\azure-sdk-for-net\sdk\websites\Microsoft.Azure.Management.WebSites\tests\Helpers\ResourceGroupHelper.cs(45,50): error CS0246: The type or namespace name 'ResourceManagementClient' could not be found (are you missing a using directive or an assembly reference?)
C:\gh\azure-sdk-for-net\sdk\websites\Microsoft.Azure.Management.WebSites\tests\Customizations\WebSiteCloudException.cs(16,11): error CS0246: The type or namespace name 'CloudException' could not be found (are you missing a using directive or an assembly reference?)
C:\gh\azure-sdk-for-net\sdk\websites\Microsoft.Azure.Management.WebSites\tests\ScenarioTests\ResourceHealthMetadata.ScenarioTests.cs(17,48): error CS0246: The type or namespace name 'TestBase' could not be found (are you missing a using directive or an assembly reference?)
C:\gh\azure-sdk-for-net\sdk\websites\Microsoft.Azure.Management.WebSites\tests\ScenarioTests\WebSite.Backup.ScenarioTests.cs(17,47): error CS0246: The type or namespace name 'TestBase' could not be found (are you missing a using directive or an assembly reference?)
C:\gh\azure-sdk-for-net\sdk\websites\Microsoft.Azure.Management.WebSites\tests\ScenarioTests\WebHostingPlan.ScenarioTests.cs(19,48): error CS0246: The type or namespace name 'TestBase' could not be found (are you missing a using directive or an assembly reference?)
C:\gh\azure-sdk-for-net\sdk\websites\Microsoft.Azure.Management.WebSites\tests\ScenarioTests\Recommendations.ScenarioTests.cs(17,48): error CS0246: The type or namespace name 'TestBase' could not be found (are you missing a using directive or an assembly reference?)
C:\gh\azure-sdk-for-net\sdk\websites\Microsoft.Azure.Management.WebSites\tests\Customizations\WebSiteCloudException.cs(79,31): error CS0246: The type or namespace name 'CloudException' could not be found (are you missing a using directive or an assembly reference?)
C:\gh\azure-sdk-for-net\sdk\websites\Microsoft.Azure.Management.WebSites\tests\ScenarioTests\WebSite.ScenarioTests.cs(26,41): error CS0246: The type or namespace name 'TestBase' could not be found (are you missing a using directive or an assembly reference?)
C:\gh\azure-sdk-for-net\sdk\websites\Microsoft.Azure.Management.WebSites\tests\ScenarioTests\WebSite.ScenarioTests.cs(28,181): error CS0246: The type or namespace name 'ResourceManagementClient' could not be found (are you missing a using directive or an assembly reference?)
C:\gh\azure-sdk-for-net\eng\mgmt\DisableTestRunParallel.cs(7,12): error CS0246: The type or namespace name 'CollectionBehaviorAttribute' could not be found (are you missing a using directive or an assembly reference?)
C:\gh\azure-sdk-for-net\eng\mgmt\DisableTestRunParallel.cs(7,12): error CS0246: The type or namespace name 'CollectionBehavior' could not be found (are you missing a using directive or an assembly reference?)
C:\gh\azure-sdk-for-net\eng\mgmt\DisableTestRunParallel.cs(7,31): error CS0246: The type or namespace name 'DisableTestParallelization' could not be found (are you missing a using directive or an assembly reference?)
C:\gh\azure-sdk-for-net\eng\mgmt\DisableTestRunParallel.cs(7,66): error CS0246: The type or namespace name 'MaxParallelThreads' could not be found (are you missing a using directive or an assembly reference?)
C:\gh\azure-sdk-for-net\sdk\websites\Microsoft.Azure.Management.WebSites\tests\Customizations\WebSiteCloudException.cs(7,17): error CS0234: The type or namespace name 'Rest' does not exist in the namespace 'Microsoft' (are you missing an assembly reference?)
C:\gh\azure-sdk-for-net\sdk\websites\Microsoft.Azure.Management.WebSites\tests\Customizations\WebSiteCloudException.cs(8,7): error CS0246: The type or namespace name 'Newtonsoft' could not be found (are you missing a using directive or an assembly reference?)
C:\gh\azure-sdk-for-net\sdk\websites\Microsoft.Azure.Management.WebSites\tests\Helpers\ResourceGroupHelper.cs(7,34): error CS0234: The type or namespace name 'Resources' does not exist in the namespace 'Microsoft.Azure.Management' (are you missing an assembly reference?)
C:\gh\azure-sdk-for-net\sdk\websites\Microsoft.Azure.Management.WebSites\tests\Helpers\ResourceGroupHelper.cs(9,17): error CS0234: The type or namespace name 'Rest' does not exist in the namespace 'Microsoft' (are you missing an assembly reference?)
C:\gh\azure-sdk-for-net\sdk\websites\Microsoft.Azure.Management.WebSites\tests\Helpers\ResourceGroupHelper.cs(10,17): error CS0234: The type or namespace name 'Rest' does not exist in the namespace 'Microsoft' (are you missing an assembly reference?)
C:\gh\azure-sdk-for-net\sdk\websites\Microsoft.Azure.Management.WebSites\tests\Helpers\ResourceGroupHelper.cs(11,17): error CS0234: The type or namespace name 'Rest' does not exist in the namespace 'Microsoft' (are you missing an assembly reference?)
C:\gh\azure-sdk-for-net\sdk\websites\Microsoft.Azure.Management.WebSites\tests\ScenarioTests\Recommendations.ScenarioTests.cs(7,34): error CS0234: The type or namespace name 'Resources' does not exist in the namespace 'Microsoft.Azure.Management' (are you missing an assembly reference?)
C:\gh\azure-sdk-for-net\sdk\websites\Microsoft.Azure.Management.WebSites\tests\ScenarioTests\Recommendations.ScenarioTests.cs(8,34): error CS0234: The type or namespace name 'Resources' does not exist in the namespace 'Microsoft.Azure.Management' (are you missing an assembly reference?)
C:\gh\azure-sdk-for-net\sdk\websites\Microsoft.Azure.Management.WebSites\tests\ScenarioTests\Recommendations.ScenarioTests.cs(11,17): error CS0234: The type or namespace name 'Rest' does not exist in the namespace 'Microsoft' (are you missing an assembly reference?)
C:\gh\azure-sdk-for-net\sdk\websites\Microsoft.Azure.Management.WebSites\tests\ScenarioTests\Recommendations.ScenarioTests.cs(13,7): error CS0246: The type or namespace name 'Xunit' could not be found (are you missing a using directive or an assembly reference?)
C:\gh\azure-sdk-for-net\sdk\websites\Microsoft.Azure.Management.WebSites\tests\ScenarioTests\ResourceHealthMetadata.ScenarioTests.cs(7,34): error CS0234: The type or namespace name 'Resources' does not exist in the namespace 'Microsoft.Azure.Management' (are you missing an assembly reference?)
C:\gh\azure-sdk-for-net\sdk\websites\Microsoft.Azure.Management.WebSites\tests\ScenarioTests\ResourceHealthMetadata.ScenarioTests.cs(8,34): error CS0234: The type or namespace name 'Resources' does not exist in the namespace 'Microsoft.Azure.Management' (are you missing an assembly reference?)
C:\gh\azure-sdk-for-net\sdk\websites\Microsoft.Azure.Management.WebSites\tests\ScenarioTests\ResourceHealthMetadata.ScenarioTests.cs(11,17): error CS0234: The type or namespace name 'Rest' does not exist in the namespace 'Microsoft' (are you missing an assembly reference?)
C:\gh\azure-sdk-for-net\sdk\websites\Microsoft.Azure.Management.WebSites\tests\ScenarioTests\ResourceHealthMetadata.ScenarioTests.cs(13,7): error CS0246: The type or namespace name 'Xunit' could not be found (are you missing a using directive or an assembly reference?)
C:\gh\azure-sdk-for-net\sdk\websites\Microsoft.Azure.Management.WebSites\tests\ScenarioTests\SourceControls.ScenarioTests.cs(8,17): error CS0234: The type or namespace name 'Rest' does not exist in the namespace 'Microsoft' (are you missing an assembly reference?)
C:\gh\azure-sdk-for-net\sdk\websites\Microsoft.Azure.Management.WebSites\tests\ScenarioTests\SourceControls.ScenarioTests.cs(10,7): error CS0246: The type or namespace name 'Xunit' could not be found (are you missing a using directive or an assembly reference?)
C:\gh\azure-sdk-for-net\sdk\websites\Microsoft.Azure.Management.WebSites\tests\ScenarioTests\WebHostingPlan.ScenarioTests.cs(8,34): error CS0234: The type or namespace name 'Resources' does not exist in the namespace 'Microsoft.Azure.Management' (are you missing an assembly reference?)
C:\gh\azure-sdk-for-net\sdk\websites\Microsoft.Azure.Management.WebSites\tests\ScenarioTests\WebHostingPlan.ScenarioTests.cs(9,34): error CS0234: The type or namespace name 'Resources' does not exist in the namespace 'Microsoft.Azure.Management' (are you missing an assembly reference?)
C:\gh\azure-sdk-for-net\sdk\websites\Microsoft.Azure.Management.WebSites\tests\ScenarioTests\WebHostingPlan.ScenarioTests.cs(12,17): error CS0234: The type or namespace name 'Rest' does not exist in the namespace 'Microsoft' (are you missing an assembly reference?)
C:\gh\azure-sdk-for-net\sdk\websites\Microsoft.Azure.Management.WebSites\tests\ScenarioTests\WebHostingPlan.ScenarioTests.cs(13,23): error CS0234: The type or namespace name 'Test' does not exist in the namespace 'Microsoft.Azure' (are you missing an assembly reference?)
C:\gh\azure-sdk-for-net\sdk\websites\Microsoft.Azure.Management.WebSites\tests\ScenarioTests\WebHostingPlan.ScenarioTests.cs(15,7): error CS0246: The type or namespace name 'Xunit' could not be found (are you missing a using directive or an assembly reference?)
C:\gh\azure-sdk-for-net\sdk\websites\Microsoft.Azure.Management.WebSites\tests\ScenarioTests\WebSite.Backup.ScenarioTests.cs(7,34): error CS0234: The type or namespace name 'Resources' does not exist in the namespace 'Microsoft.Azure.Management' (are you missing an assembly reference?)
C:\gh\azure-sdk-for-net\sdk\websites\Microsoft.Azure.Management.WebSites\tests\ScenarioTests\WebSite.Backup.ScenarioTests.cs(8,34): error CS0234: The type or namespace name 'Resources' does not exist in the namespace 'Microsoft.Azure.Management' (are you missing an assembly reference?)
C:\gh\azure-sdk-for-net\sdk\websites\Microsoft.Azure.Management.WebSites\tests\ScenarioTests\WebSite.Backup.ScenarioTests.cs(11,17): error CS0234: The type or namespace name 'Rest' does not exist in the namespace 'Microsoft' (are you missing an assembly reference?)
C:\gh\azure-sdk-for-net\sdk\websites\Microsoft.Azure.Management.WebSites\tests\ScenarioTests\WebSite.Backup.ScenarioTests.cs(13,7): error CS0246: The type or namespace name 'Xunit' could not be found (are you missing a using directive or an assembly reference?)
C:\gh\azure-sdk-for-net\sdk\websites\Microsoft.Azure.Management.WebSites\tests\ScenarioTests\WebSite.ScenarioTests.cs(14,34): error CS0234: The type or namespace name 'Resources' does not exist in the namespace 'Microsoft.Azure.Management' (are you missing an assembly reference?)
C:\gh\azure-sdk-for-net\sdk\websites\Microsoft.Azure.Management.WebSites\tests\ScenarioTests\WebSite.ScenarioTests.cs(15,34): error CS0234: The type or namespace name 'Resources' does not exist in the namespace 'Microsoft.Azure.Management' (are you missing an assembly reference?)
C:\gh\azure-sdk-for-net\sdk\websites\Microsoft.Azure.Management.WebSites\tests\ScenarioTests\WebSite.ScenarioTests.cs(18,17): error CS0234: The type or namespace name 'Rest' does not exist in the namespace 'Microsoft' (are you missing an assembly reference?)
C:\gh\azure-sdk-for-net\sdk\websites\Microsoft.Azure.Management.WebSites\tests\ScenarioTests\WebSite.ScenarioTests.cs(19,17): error CS0234: The type or namespace name 'Rest' does not exist in the namespace 'Microsoft' (are you missing an assembly reference?)
C:\gh\azure-sdk-for-net\sdk\websites\Microsoft.Azure.Management.WebSites\tests\ScenarioTests\WebSite.ScenarioTests.cs(20,23): error CS0234: The type or namespace name 'Test' does not exist in the namespace 'Microsoft.Azure' (are you missing an assembly reference?)
C:\gh\azure-sdk-for-net\sdk\websites\Microsoft.Azure.Management.WebSites\tests\ScenarioTests\WebSite.ScenarioTests.cs(22,7): error CS0246: The type or namespace name 'Xunit' could not be found (are you missing a using directive or an assembly reference?)
C:\gh\azure-sdk-for-net\sdk\websites\Microsoft.Azure.Management.WebSites\tests\ScenarioTests\WebSiteSlot.ScenarioTests.cs(8,34): error CS0234: The type or namespace name 'Resources' does not exist in the namespace 'Microsoft.Azure.Management' (are you missing an assembly reference?)
C:\gh\azure-sdk-for-net\sdk\websites\Microsoft.Azure.Management.WebSites\tests\ScenarioTests\WebSiteSlot.ScenarioTests.cs(9,34): error CS0234: The type or namespace name 'Resources' does not exist in the namespace 'Microsoft.Azure.Management' (are you missing an assembly reference?)
C:\gh\azure-sdk-for-net\sdk\websites\Microsoft.Azure.Management.WebSites\tests\ScenarioTests\WebSiteSlot.ScenarioTests.cs(12,17): error CS0234: The type or namespace name 'Rest' does not exist in the namespace 'Microsoft' (are you missing an assembly reference?)
C:\gh\azure-sdk-for-net\sdk\websites\Microsoft.Azure.Management.WebSites\tests\ScenarioTests\WebSiteSlot.ScenarioTests.cs(14,7): error CS0246: The type or namespace name 'Xunit' could not be found (are you missing a using directive or an assembly reference?)
C:\gh\azure-sdk-for-net\eng\mgmt\DisableTestRunParallel.cs(5,7): error CS0246: The type or namespace name 'Xunit' could not be found (are you missing a using directive or an assembly reference?)
C:\gh\azure-sdk-for-net\sdk\websites\Microsoft.Azure.Management.WebSites\tests\ScenarioTests\Recommendations.ScenarioTests.cs(19,10): error CS0246: The type or namespace name 'FactAttribute' could not be found (are you missing a using directive or an assembly reference?)
C:\gh\azure-sdk-for-net\sdk\websites\Microsoft.Azure.Management.WebSites\tests\ScenarioTests\Recommendations.ScenarioTests.cs(19,10): error CS0246: The type or namespace name 'Fact' could not be found (are you missing a using directive or an assembly reference?)
C:\gh\azure-sdk-for-net\sdk\websites\Microsoft.Azure.Management.WebSites\tests\ScenarioTests\SourceControls.ScenarioTests.cs(14,48): error CS0246: The type or namespace name 'TestBase' could not be found (are you missing a using directive or an assembly reference?)
C:\gh\azure-sdk-for-net\sdk\websites\Microsoft.Azure.Management.WebSites\tests\ScenarioTests\ResourceHealthMetadata.ScenarioTests.cs(19,10): error CS0246: The type or namespace name 'FactAttribute' could not be found (are you missing a using directive or an assembly reference?)
C:\gh\azure-sdk-for-net\sdk\websites\Microsoft.Azure.Management.WebSites\tests\ScenarioTests\ResourceHealthMetadata.ScenarioTests.cs(19,10): error CS0246: The type or namespace name 'Fact' could not be found (are you missing a using directive or an assembly reference?)
C:\gh\azure-sdk-for-net\sdk\websites\Microsoft.Azure.Management.WebSites\tests\ScenarioTests\WebSite.Backup.ScenarioTests.cs(19,10): error CS0246: The type or namespace name 'FactAttribute' could not be found (are you missing a using directive or an assembly reference?)
C:\gh\azure-sdk-for-net\sdk\websites\Microsoft.Azure.Management.WebSites\tests\ScenarioTests\WebSite.Backup.ScenarioTests.cs(19,10): error CS0246: The type or namespace name 'Fact' could not be found (are you missing a using directive or an assembly reference?)
C:\gh\azure-sdk-for-net\sdk\websites\Microsoft.Azure.Management.WebSites\tests\ScenarioTests\WebHostingPlan.ScenarioTests.cs(21,10): error CS0246: The type or namespace name 'FactAttribute' could not be found (are you missing a using directive or an assembly reference?)
C:\gh\azure-sdk-for-net\sdk\websites\Microsoft.Azure.Management.WebSites\tests\ScenarioTests\WebHostingPlan.ScenarioTests.cs(21,10): error CS0246: The type or namespace name 'Fact' could not be found (are you missing a using directive or an assembly reference?)
C:\gh\azure-sdk-for-net\sdk\websites\Microsoft.Azure.Management.WebSites\tests\ScenarioTests\WebSiteSlot.ScenarioTests.cs(20,10): error CS0246: The type or namespace name 'FactAttribute' could not be found (are you missing a using directive or an assembly reference?)
C:\gh\azure-sdk-for-net\sdk\websites\Microsoft.Azure.Management.WebSites\tests\ScenarioTests\WebSiteSlot.ScenarioTests.cs(20,10): error CS0246: The type or namespace name 'Fact' could not be found (are you missing a using directive or an assembly reference?)
C:\gh\azure-sdk-for-net\sdk\websites\Microsoft.Azure.Management.WebSites\tests\ScenarioTests\ResourceHealthMetadata.ScenarioTests.cs(82,10): error CS0246: The type or namespace name 'FactAttribute' could not be found (are you missing a using directive or an assembly reference?)
C:\gh\azure-sdk-for-net\sdk\websites\Microsoft.Azure.Management.WebSites\tests\ScenarioTests\ResourceHealthMetadata.ScenarioTests.cs(82,10): error CS0246: The type or namespace name 'Fact' could not be found (are you missing a using directive or an assembly reference?)
C:\gh\azure-sdk-for-net\sdk\websites\Microsoft.Azure.Management.WebSites\tests\ScenarioTests\WebSite.ScenarioTests.cs(30,10): error CS0246: The type or namespace name 'FactAttribute' could not be found (are you missing a using directive or an assembly reference?)
C:\gh\azure-sdk-for-net\sdk\websites\Microsoft.Azure.Management.WebSites\tests\ScenarioTests\WebSite.ScenarioTests.cs(30,10): error CS0246: The type or namespace name 'Fact' could not be found (are you missing a using directive or an assembly reference?)
C:\gh\azure-sdk-for-net\sdk\websites\Microsoft.Azure.Management.WebSites\tests\ScenarioTests\WebSiteSlot.ScenarioTests.cs(74,10): error CS0246: The type or namespace name 'FactAttribute' could not be found (are you missing a using directive or an assembly reference?)
C:\gh\azure-sdk-for-net\sdk\websites\Microsoft.Azure.Management.WebSites\tests\ScenarioTests\WebSiteSlot.ScenarioTests.cs(74,10): error CS0246: The type or namespace name 'Fact' could not be found (are you missing a using directive or an assembly reference?)
C:\gh\azure-sdk-for-net\sdk\websites\Microsoft.Azure.Management.WebSites\tests\ScenarioTests\WebHostingPlan.ScenarioTests.cs(60,10): error CS0246: The type or namespace name 'FactAttribute' could not be found (are you missing a using directive or an assembly reference?)
C:\gh\azure-sdk-for-net\sdk\websites\Microsoft.Azure.Management.WebSites\tests\ScenarioTests\WebHostingPlan.ScenarioTests.cs(60,10): error CS0246: The type or namespace name 'Fact' could not be found (are you missing a using directive or an assembly reference?)
C:\gh\azure-sdk-for-net\sdk\websites\Microsoft.Azure.Management.WebSites\tests\ScenarioTests\WebSiteSlot.ScenarioTests.cs(130,10): error CS0246: The type or namespace name 'FactAttribute' could not be found (are you missing a using directive or an assembly reference?)
C:\gh\azure-sdk-for-net\sdk\websites\Microsoft.Azure.Management.WebSites\tests\ScenarioTests\WebSiteSlot.ScenarioTests.cs(130,10): error CS0246: The type or namespace name 'Fact' could not be found (are you missing a using directive or an assembly reference?)
C:\gh\azure-sdk-for-net\sdk\websites\Microsoft.Azure.Management.WebSites\tests\ScenarioTests\WebHostingPlan.ScenarioTests.cs(110,10): error CS0246: The type or namespace name 'FactAttribute' could not be found (are you missing a using directive or an assembly reference?)
C:\gh\azure-sdk-for-net\sdk\websites\Microsoft.Azure.Management.WebSites\tests\ScenarioTests\WebHostingPlan.ScenarioTests.cs(110,10): error CS0246: The type or namespace name 'Fact' could not be found (are you missing a using directive or an assembly reference?)
C:\gh\azure-sdk-for-net\sdk\websites\Microsoft.Azure.Management.WebSites\tests\ScenarioTests\WebSite.ScenarioTests.cs(49,10): error CS0246: The type or namespace name 'FactAttribute' could not be found (are you missing a using directive or an assembly reference?)
C:\gh\azure-sdk-for-net\sdk\websites\Microsoft.Azure.Management.WebSites\tests\ScenarioTests\WebSite.ScenarioTests.cs(49,10): error CS0246: The type or namespace name 'Fact' could not be found (are you missing a using directive or an assembly reference?)
C:\gh\azure-sdk-for-net\sdk\websites\Microsoft.Azure.Management.WebSites\tests\ScenarioTests\WebHostingPlan.ScenarioTests.cs(150,10): error CS0246: The type or namespace name 'FactAttribute' could not be found (are you missing a using directive or an assembly reference?)
C:\gh\azure-sdk-for-net\sdk\websites\Microsoft.Azure.Management.WebSites\tests\ScenarioTests\WebHostingPlan.ScenarioTests.cs(150,10): error CS0246: The type or namespace name 'Fact' could not be found (are you missing a using directive or an assembly reference?)
C:\gh\azure-sdk-for-net\sdk\websites\Microsoft.Azure.Management.WebSites\tests\ScenarioTests\WebSite.ScenarioTests.cs(65,10): error CS0246: The type or namespace name 'FactAttribute' could not be found (are you missing a using directive or an assembly reference?)
C:\gh\azure-sdk-for-net\sdk\websites\Microsoft.Azure.Management.WebSites\tests\ScenarioTests\WebSite.ScenarioTests.cs(65,10): error CS0246: The type or namespace name 'Fact' could not be found (are you missing a using directive or an assembly reference?)
C:\gh\azure-sdk-for-net\sdk\websites\Microsoft.Azure.Management.WebSites\tests\ScenarioTests\WebSite.ScenarioTests.cs(94,10): error CS0246: The type or namespace name 'FactAttribute' could not be found (are you missing a using directive or an assembly reference?)
C:\gh\azure-sdk-for-net\sdk\websites\Microsoft.Azure.Management.WebSites\tests\ScenarioTests\WebSite.ScenarioTests.cs(94,10): error CS0246: The type or namespace name 'Fact' could not be found (are you missing a using directive or an assembly reference?)
C:\gh\azure-sdk-for-net\sdk\websites\Microsoft.Azure.Management.WebSites\tests\ScenarioTests\WebSite.ScenarioTests.cs(125,10): error CS0246: The type or namespace name 'FactAttribute' could not be found (are you missing a using directive or an assembly reference?)
C:\gh\azure-sdk-for-net\sdk\websites\Microsoft.Azure.Management.WebSites\tests\ScenarioTests\WebSite.ScenarioTests.cs(125,10): error CS0246: The type or namespace name 'Fact' could not be found (are you missing a using directive or an assembly reference?)
C:\gh\azure-sdk-for-net\sdk\websites\Microsoft.Azure.Management.WebSites\tests\ScenarioTests\WebSite.ScenarioTests.cs(220,10): error CS0246: The type or namespace name 'FactAttribute' could not be found (are you missing a using directive or an assembly reference?)
C:\gh\azure-sdk-for-net\sdk\websites\Microsoft.Azure.Management.WebSites\tests\ScenarioTests\WebSite.ScenarioTests.cs(220,10): error CS0246: The type or namespace name 'Fact' could not be found (are you missing a using directive or an assembly reference?)
C:\gh\azure-sdk-for-net\sdk\websites\Microsoft.Azure.Management.WebSites\tests\ScenarioTests\WebSite.ScenarioTests.cs(259,10): error CS0246: The type or namespace name 'FactAttribute' could not be found (are you missing a using directive or an assembly reference?)
C:\gh\azure-sdk-for-net\sdk\websites\Microsoft.Azure.Management.WebSites\tests\ScenarioTests\WebSite.ScenarioTests.cs(259,10): error CS0246: The type or namespace name 'Fact' could not be found (are you missing a using directive or an assembly reference?)
C:\gh\azure-sdk-for-net\sdk\websites\Microsoft.Azure.Management.WebSites\tests\ScenarioTests\WebSite.ScenarioTests.cs(259,15): error CS0246: The type or namespace name 'Skip' could not be found (are you missing a using directive or an assembly reference?)
C:\gh\azure-sdk-for-net\sdk\websites\Microsoft.Azure.Management.WebSites\tests\ScenarioTests\WebSite.ScenarioTests.cs(338,10): error CS0246: The type or namespace name 'FactAttribute' could not be found (are you missing a using directive or an assembly reference?)
C:\gh\azure-sdk-for-net\sdk\websites\Microsoft.Azure.Management.WebSites\tests\ScenarioTests\WebSite.ScenarioTests.cs(338,10): error CS0246: The type or namespace name 'Fact' could not be found (are you missing a using directive or an assembly reference?)
C:\gh\azure-sdk-for-net\sdk\websites\Microsoft.Azure.Management.WebSites\tests\ScenarioTests\WebSite.ScenarioTests.cs(411,10): error CS0246: The type or namespace name 'FactAttribute' could not be found (are you missing a using directive or an assembly reference?)
C:\gh\azure-sdk-for-net\sdk\websites\Microsoft.Azure.Management.WebSites\tests\ScenarioTests\WebSite.ScenarioTests.cs(411,10): error CS0246: The type or namespace name 'Fact' could not be found (are you missing a using directive or an assembly reference?)
C:\gh\azure-sdk-for-net\sdk\websites\Microsoft.Azure.Management.WebSites\tests\ScenarioTests\WebSite.ScenarioTests.cs(411,15): error CS0246: The type or namespace name 'Skip' could not be found (are you missing a using directive or an assembly reference?)
C:\gh\azure-sdk-for-net\sdk\websites\Microsoft.Azure.Management.WebSites\tests\Customizations\WebSiteCloudException.cs(57,15): error CS1729: 'CloudException' does not contain a constructor that takes 2 arguments
C:\gh\azure-sdk-for-net\sdk\websites\Microsoft.Azure.Management.WebSites\tests\ScenarioTests\WebSite.ScenarioTests.cs(38,21): error CS0103: The name 'Assert' does not exist in the current context
C:\gh\azure-sdk-for-net\sdk\websites\Microsoft.Azure.Management.WebSites\tests\ScenarioTests\WebSite.ScenarioTests.cs(41,21): error CS0103: The name 'Assert' does not exist in the current context
C:\gh\azure-sdk-for-net\sdk\websites\Microsoft.Azure.Management.WebSites\tests\ScenarioTests\WebSite.ScenarioTests.cs(42,21): error CS0103: The name 'Assert' does not exist in the current context
C:\gh\azure-sdk-for-net\sdk\websites\Microsoft.Azure.Management.WebSites\tests\ScenarioTests\WebSite.ScenarioTests.cs(43,21): error CS0103: The name 'Assert' does not exist in the current context
C:\gh\azure-sdk-for-net\sdk\websites\Microsoft.Azure.Management.WebSites\tests\ScenarioTests\WebSite.ScenarioTests.cs(44,21): error CS0103: The name 'Assert' does not exist in the current context
C:\gh\azure-sdk-for-net\sdk\websites\Microsoft.Azure.Management.WebSites\tests\ScenarioTests\WebSite.ScenarioTests.cs(45,21): error CS0103: The name 'Assert' does not exist in the current context
C:\gh\azure-sdk-for-net\sdk\websites\Microsoft.Azure.Management.WebSites\tests\ScenarioTests\WebSiteSlot.ScenarioTests.cs(23,34): error CS0103: The name 'MockContext' does not exist in the current context
C:\gh\azure-sdk-for-net\sdk\websites\Microsoft.Azure.Management.WebSites\tests\ScenarioTests\WebSiteSlot.ScenarioTests.cs(23,24): error CS0815: Cannot assign void to an implicitly-typed variable
C:\gh\azure-sdk-for-net\sdk\websites\Microsoft.Azure.Management.WebSites\tests\ScenarioTests\WebSiteSlot.ScenarioTests.cs(28,38): error CS0103: The name 'TestUtilities' does not exist in the current context
C:\gh\azure-sdk-for-net\sdk\websites\Microsoft.Azure.Management.WebSites\tests\ScenarioTests\WebSiteSlot.ScenarioTests.cs(29,44): error CS0103: The name 'TestUtilities' does not exist in the current context
C:\gh\azure-sdk-for-net\sdk\websites\Microsoft.Azure.Management.WebSites\tests\ScenarioTests\WebSiteSlot.ScenarioTests.cs(30,34): error CS0103: The name 'TestUtilities' does not exist in the current context
C:\gh\azure-sdk-for-net\sdk\websites\Microsoft.Azure.Management.WebSites\tests\ScenarioTests\WebSiteSlot.ScenarioTests.cs(38,25): error CS0246: The type or namespace name 'ResourceGroup' could not be found (are you missing a using directive or an assembly reference?)
C:\gh\azure-sdk-for-net\sdk\websites\Microsoft.Azure.Management.WebSites\tests\ScenarioTests\WebSiteSlot.ScenarioTests.cs(68,45): error CS0012: The type 'IPage<>' is defined in an assembly that is not referenced. You must add a reference to assembly 'Microsoft.Rest.ClientRuntime.Azure, Version=3.0.0.0, Culture=neutral, PublicKeyToken=31bf3856ad364e35'.
C:\gh\azure-sdk-for-net\sdk\websites\Microsoft.Azure.Management.WebSites\tests\ScenarioTests\WebSiteSlot.ScenarioTests.cs(69,17): error CS0103: The name 'Assert' does not exist in the current context
C:\gh\azure-sdk-for-net\sdk\websites\Microsoft.Azure.Management.WebSites\tests\ScenarioTests\WebSiteSlot.ScenarioTests.cs(70,17): error CS0103: The name 'Assert' does not exist in the current context
C:\gh\azure-sdk-for-net\sdk\websites\Microsoft.Azure.Management.WebSites\tests\ScenarioTests\Recommendations.ScenarioTests.cs(22,34): error CS0103: The name 'MockContext' does not exist in the current context
C:\gh\azure-sdk-for-net\sdk\websites\Microsoft.Azure.Management.WebSites\tests\ScenarioTests\Recommendations.ScenarioTests.cs(22,24): error CS0815: Cannot assign void to an implicitly-typed variable
C:\gh\azure-sdk-for-net\sdk\websites\Microsoft.Azure.Management.WebSites\tests\ScenarioTests\Recommendations.ScenarioTests.cs(27,35): error CS0103: The name 'TestUtilities' does not exist in the current context
C:\gh\azure-sdk-for-net\sdk\websites\Microsoft.Azure.Management.WebSites\tests\ScenarioTests\Recommendations.ScenarioTests.cs(28,44): error CS0103: The name 'TestUtilities' does not exist in the current context
C:\gh\azure-sdk-for-net\sdk\websites\Microsoft.Azure.Management.WebSites\tests\ScenarioTests\Recommendations.ScenarioTests.cs(31,35): error CS0103: The name 'TestUtilities' does not exist in the current context
C:\gh\azure-sdk-for-net\sdk\websites\Microsoft.Azure.Management.WebSites\tests\ScenarioTests\Recommendations.ScenarioTests.cs(34,25): error CS0246: The type or namespace name 'ResourceGroup' could not be found (are you missing a using directive or an assembly reference?)
C:\gh\azure-sdk-for-net\sdk\websites\Microsoft.Azure.Management.WebSites\tests\ScenarioTests\Recommendations.ScenarioTests.cs(57,46): error CS0012: The type 'IPage<>' is defined in an assembly that is not referenced. You must add a reference to assembly 'Microsoft.Rest.ClientRuntime.Azure, Version=3.0.0.0, Culture=neutral, PublicKeyToken=31bf3856ad364e35'.
C:\gh\azure-sdk-for-net\sdk\websites\Microsoft.Azure.Management.WebSites\tests\ScenarioTests\Recommendations.ScenarioTests.cs(59,17): error CS0103: The name 'Assert' does not exist in the current context
C:\gh\azure-sdk-for-net\sdk\websites\Microsoft.Azure.Management.WebSites\tests\ScenarioTests\Recommendations.ScenarioTests.cs(60,17): error CS0103: The name 'Assert' does not exist in the current context
C:\gh\azure-sdk-for-net\sdk\websites\Microsoft.Azure.Management.WebSites\tests\ScenarioTests\Recommendations.ScenarioTests.cs(66,21): error CS0103: The name 'Assert' does not exist in the current context
C:\gh\azure-sdk-for-net\sdk\websites\Microsoft.Azure.Management.WebSites\tests\ScenarioTests\Recommendations.ScenarioTests.cs(67,21): error CS0103: The name 'Assert' does not exist in the current context
C:\gh\azure-sdk-for-net\sdk\websites\Microsoft.Azure.Management.WebSites\tests\ScenarioTests\Recommendations.ScenarioTests.cs(68,21): error CS0103: The name 'Assert' does not exist in the current context
C:\gh\azure-sdk-for-net\sdk\websites\Microsoft.Azure.Management.WebSites\tests\ScenarioTests\Recommendations.ScenarioTests.cs(69,21): error CS0103: The name 'Assert' does not exist in the current context
C:\gh\azure-sdk-for-net\sdk\websites\Microsoft.Azure.Management.WebSites\tests\ScenarioTests\Recommendations.ScenarioTests.cs(70,21): error CS0103: The name 'Assert' does not exist in the current context
C:\gh\azure-sdk-for-net\sdk\websites\Microsoft.Azure.Management.WebSites\tests\ScenarioTests\Recommendations.ScenarioTests.cs(71,21): error CS0103: The name 'Assert' does not exist in the current context
C:\gh\azure-sdk-for-net\sdk\websites\Microsoft.Azure.Management.WebSites\tests\ScenarioTests\Recommendations.ScenarioTests.cs(72,21): error CS0103: The name 'Assert' does not exist in the current context
C:\gh\azure-sdk-for-net\sdk\websites\Microsoft.Azure.Management.WebSites\tests\ScenarioTests\Recommendations.ScenarioTests.cs(79,42): error CS0012: The type 'IPage<>' is defined in an assembly that is not referenced. You must add a reference to assembly 'Microsoft.Rest.ClientRuntime.Azure, Version=3.0.0.0, Culture=neutral, PublicKeyToken=31bf3856ad364e35'.
C:\gh\azure-sdk-for-net\sdk\websites\Microsoft.Azure.Management.WebSites\tests\ScenarioTests\Recommendations.ScenarioTests.cs(81,17): error CS0103: The name 'Assert' does not exist in the current context
C:\gh\azure-sdk-for-net\sdk\websites\Microsoft.Azure.Management.WebSites\tests\ScenarioTests\Recommendations.ScenarioTests.cs(82,17): error CS0103: The name 'Assert' does not exist in the current context
C:\gh\azure-sdk-for-net\sdk\websites\Microsoft.Azure.Management.WebSites\tests\Customizations\WebSiteCloudException.cs(101,13): error CS0246: The type or namespace name 'CloudException' could not be found (are you missing a using directive or an assembly reference?)
C:\gh\azure-sdk-for-net\sdk\websites\Microsoft.Azure.Management.WebSites\tests\ScenarioTests\WebSite.ScenarioTests.cs(55,36): error CS0012: The type 'IPage<>' is defined in an assembly that is not referenced. You must add a reference to assembly 'Microsoft.Rest.ClientRuntime.Azure, Version=3.0.0.0, Culture=neutral, PublicKeyToken=31bf3856ad364e35'.
C:\gh\azure-sdk-for-net\sdk\websites\Microsoft.Azure.Management.WebSites\tests\ScenarioTests\WebSite.ScenarioTests.cs(57,21): error CS0103: The name 'Assert' does not exist in the current context
C:\gh\azure-sdk-for-net\sdk\websites\Microsoft.Azure.Management.WebSites\tests\ScenarioTests\WebSite.ScenarioTests.cs(58,21): error CS0103: The name 'Assert' does not exist in the current context
C:\gh\azure-sdk-for-net\sdk\websites\Microsoft.Azure.Management.WebSites\tests\ScenarioTests\WebSite.ScenarioTests.cs(61,21): error CS0103: The name 'Assert' does not exist in the current context
C:\gh\azure-sdk-for-net\sdk\websites\Microsoft.Azure.Management.WebSites\tests\Helpers\ResourceGroupHelper.cs(24,51): error CS0246: The type or namespace name 'ResourceManagementClient' could not be found (are you missing a using directive or an assembly reference?)
C:\gh\azure-sdk-for-net\sdk\websites\Microsoft.Azure.Management.WebSites\tests\ScenarioTests\WebHostingPlan.ScenarioTests.cs(24,34): error CS0103: The name 'MockContext' does not exist in the current context
C:\gh\azure-sdk-for-net\sdk\websites\Microsoft.Azure.Management.WebSites\tests\ScenarioTests\WebHostingPlan.ScenarioTests.cs(24,24): error CS0815: Cannot assign void to an implicitly-typed variable
C:\gh\azure-sdk-for-net\sdk\websites\Microsoft.Azure.Management.WebSites\tests\ScenarioTests\WebHostingPlan.ScenarioTests.cs(29,45): error CS0103: The name 'TestUtilities' does not exist in the current context
C:\gh\azure-sdk-for-net\sdk\websites\Microsoft.Azure.Management.WebSites\tests\ScenarioTests\WebHostingPlan.ScenarioTests.cs(30,44): error CS0103: The name 'TestUtilities' does not exist in the current context
C:\gh\azure-sdk-for-net\sdk\websites\Microsoft.Azure.Management.WebSites\tests\ScenarioTests\WebHostingPlan.ScenarioTests.cs(35,25): error CS0246: The type or namespace name 'ResourceGroup' could not be found (are you missing a using directive or an assembly reference?)
C:\gh\azure-sdk-for-net\sdk\websites\Microsoft.Azure.Management.WebSites\tests\ScenarioTests\WebHostingPlan.ScenarioTests.cs(53,17): error CS0103: The name 'Assert' does not exist in the current context
C:\gh\azure-sdk-for-net\sdk\websites\Microsoft.Azure.Management.WebSites\tests\ScenarioTests\WebHostingPlan.ScenarioTests.cs(54,17): error CS0103: The name 'Assert' does not exist in the current context
C:\gh\azure-sdk-for-net\sdk\websites\Microsoft.Azure.Management.WebSites\tests\ScenarioTests\WebHostingPlan.ScenarioTests.cs(55,17): error CS0103: The name 'Assert' does not exist in the current context
C:\gh\azure-sdk-for-net\sdk\websites\Microsoft.Azure.Management.WebSites\tests\ScenarioTests\WebHostingPlan.ScenarioTests.cs(56,17): error CS0103: The name 'Assert' does not exist in the current context
C:\gh\azure-sdk-for-net\sdk\websites\Microsoft.Azure.Management.WebSites\tests\Customizations\WebSiteCloudException.cs(118,21): error CS0246: The type or namespace name 'JObject' could not be found (are you missing a using directive or an assembly reference?)
C:\gh\azure-sdk-for-net\sdk\websites\Microsoft.Azure.Management.WebSites\tests\Customizations\WebSiteCloudException.cs(118,40): error CS0103: The name 'JObject' does not exist in the current context
C:\gh\azure-sdk-for-net\sdk\websites\Microsoft.Azure.Management.WebSites\tests\Customizations\WebSiteCloudException.cs(121,25): error CS0246: The type or namespace name 'JToken' could not be found (are you missing a using directive or an assembly reference?)
C:\gh\azure-sdk-for-net\sdk\websites\Microsoft.Azure.Management.WebSites\tests\ScenarioTests\WebSite.Backup.ScenarioTests.cs(22,34): error CS0103: The name 'MockContext' does not exist in the current context
C:\gh\azure-sdk-for-net\sdk\websites\Microsoft.Azure.Management.WebSites\tests\ScenarioTests\WebSite.Backup.ScenarioTests.cs(22,24): error CS0815: Cannot assign void to an implicitly-typed variable
C:\gh\azure-sdk-for-net\sdk\websites\Microsoft.Azure.Management.WebSites\tests\ScenarioTests\WebSite.Backup.ScenarioTests.cs(27,35): error CS0103: The name 'TestUtilities' does not exist in the current context
C:\gh\azure-sdk-for-net\sdk\websites\Microsoft.Azure.Management.WebSites\tests\ScenarioTests\WebSite.Backup.ScenarioTests.cs(28,44): error CS0103: The name 'TestUtilities' does not exist in the current context
C:\gh\azure-sdk-for-net\sdk\websites\Microsoft.Azure.Management.WebSites\tests\ScenarioTests\WebSite.Backup.ScenarioTests.cs(31,35): error CS0103: The name 'TestUtilities' does not exist in the current context
C:\gh\azure-sdk-for-net\sdk\websites\Microsoft.Azure.Management.WebSites\tests\ScenarioTests\WebSite.Backup.ScenarioTests.cs(34,25): error CS0246: The type or namespace name 'ResourceGroup' could not be found (are you missing a using directive or an assembly reference?)
C:\gh\azure-sdk-for-net\sdk\websites\Microsoft.Azure.Management.WebSites\tests\ScenarioTests\WebSite.Backup.ScenarioTests.cs(57,38): error CS0012: The type 'IPage<>' is defined in an assembly that is not referenced. You must add a reference to assembly 'Microsoft.Rest.ClientRuntime.Azure, Version=3.0.0.0, Culture=neutral, PublicKeyToken=31bf3856ad364e35'.
C:\gh\azure-sdk-for-net\sdk\websites\Microsoft.Azure.Management.WebSites\tests\ScenarioTests\WebSite.Backup.ScenarioTests.cs(58,17): error CS0103: The name 'Assert' does not exist in the current context
C:\gh\azure-sdk-for-net\sdk\websites\Microsoft.Azure.Management.WebSites\tests\ScenarioTests\WebSite.Backup.ScenarioTests.cs(84,17): error CS0103: The name 'Assert' does not exist in the current context
C:\gh\azure-sdk-for-net\sdk\websites\Microsoft.Azure.Management.WebSites\tests\ScenarioTests\WebSite.Backup.ScenarioTests.cs(85,17): error CS0103: The name 'Assert' does not exist in the current context
C:\gh\azure-sdk-for-net\sdk\websites\Microsoft.Azure.Management.WebSites\tests\ScenarioTests\WebSite.Backup.ScenarioTests.cs(86,17): error CS0103: The name 'Assert' does not exist in the current context
C:\gh\azure-sdk-for-net\sdk\websites\Microsoft.Azure.Management.WebSites\tests\ScenarioTests\WebSite.Backup.ScenarioTests.cs(87,17): error CS0103: The name 'Assert' does not exist in the current context
C:\gh\azure-sdk-for-net\sdk\websites\Microsoft.Azure.Management.WebSites\tests\ScenarioTests\WebSite.Backup.ScenarioTests.cs(88,17): error CS0103: The name 'Assert' does not exist in the current context
C:\gh\azure-sdk-for-net\sdk\websites\Microsoft.Azure.Management.WebSites\tests\ScenarioTests\WebSite.Backup.ScenarioTests.cs(94,42): error CS0012: The type 'IPage<>' is defined in an assembly that is not referenced. You must add a reference to assembly 'Microsoft.Rest.ClientRuntime.Azure, Version=3.0.0.0, Culture=neutral, PublicKeyToken=31bf3856ad364e35'.
C:\gh\azure-sdk-for-net\sdk\websites\Microsoft.Azure.Management.WebSites\tests\ScenarioTests\WebSite.Backup.ScenarioTests.cs(96,17): error CS0103: The name 'Assert' does not exist in the current context
C:\gh\azure-sdk-for-net\sdk\websites\Microsoft.Azure.Management.WebSites\tests\ScenarioTests\WebSite.ScenarioTests.cs(76,21): error CS0103: The name 'Assert' does not exist in the current context
C:\gh\azure-sdk-for-net\sdk\websites\Microsoft.Azure.Management.WebSites\tests\ScenarioTests\WebSite.ScenarioTests.cs(77,21): error CS0103: The name 'Assert' does not exist in the current context
C:\gh\azure-sdk-for-net\sdk\websites\Microsoft.Azure.Management.WebSites\tests\ScenarioTests\WebSite.ScenarioTests.cs(81,21): error CS0103: The name 'Assert' does not exist in the current context
C:\gh\azure-sdk-for-net\sdk\websites\Microsoft.Azure.Management.WebSites\tests\ScenarioTests\WebSite.ScenarioTests.cs(82,21): error CS0103: The name 'Assert' does not exist in the current context
C:\gh\azure-sdk-for-net\sdk\websites\Microsoft.Azure.Management.WebSites\tests\ScenarioTests\WebSite.ScenarioTests.cs(88,36): error CS0012: The type 'IPage<>' is defined in an assembly that is not referenced. You must add a reference to assembly 'Microsoft.Rest.ClientRuntime.Azure, Version=3.0.0.0, Culture=neutral, PublicKeyToken=31bf3856ad364e35'.
C:\gh\azure-sdk-for-net\sdk\websites\Microsoft.Azure.Management.WebSites\tests\ScenarioTests\WebSite.ScenarioTests.cs(90,21): error CS0103: The name 'Assert' does not exist in the current context
C:\gh\azure-sdk-for-net\sdk\websites\Microsoft.Azure.Management.WebSites\tests\ScenarioTests\WebSiteSlot.ScenarioTests.cs(77,34): error CS0103: The name 'MockContext' does not exist in the current context
C:\gh\azure-sdk-for-net\sdk\websites\Microsoft.Azure.Management.WebSites\tests\ScenarioTests\WebSiteSlot.ScenarioTests.cs(77,24): error CS0815: Cannot assign void to an implicitly-typed variable
C:\gh\azure-sdk-for-net\sdk\websites\Microsoft.Azure.Management.WebSites\tests\ScenarioTests\WebSiteSlot.ScenarioTests.cs(82,38): error CS0103: The name 'TestUtilities' does not exist in the current context
C:\gh\azure-sdk-for-net\sdk\websites\Microsoft.Azure.Management.WebSites\tests\ScenarioTests\WebSiteSlot.ScenarioTests.cs(83,44): error CS0103: The name 'TestUtilities' does not exist in the current context
C:\gh\azure-sdk-for-net\sdk\websites\Microsoft.Azure.Management.WebSites\tests\ScenarioTests\WebSiteSlot.ScenarioTests.cs(84,34): error CS0103: The name 'TestUtilities' does not exist in the current context
C:\gh\azure-sdk-for-net\sdk\websites\Microsoft.Azure.Management.WebSites\tests\ScenarioTests\WebSiteSlot.ScenarioTests.cs(92,25): error CS0246: The type or namespace name 'ResourceGroup' could not be found (are you missing a using directive or an assembly reference?)
C:\gh\azure-sdk-for-net\sdk\websites\Microsoft.Azure.Management.WebSites\tests\ScenarioTests\WebSiteSlot.ScenarioTests.cs(122,36): error CS0012: The type 'IPage<>' is defined in an assembly that is not referenced. You must add a reference to assembly 'Microsoft.Rest.ClientRuntime.Azure, Version=3.0.0.0, Culture=neutral, PublicKeyToken=31bf3856ad364e35'.
C:\gh\azure-sdk-for-net\sdk\websites\Microsoft.Azure.Management.WebSites\tests\ScenarioTests\WebSiteSlot.ScenarioTests.cs(124,17): error CS0103: The name 'Assert' does not exist in the current context
C:\gh\azure-sdk-for-net\sdk\websites\Microsoft.Azure.Management.WebSites\tests\ScenarioTests\WebSiteSlot.ScenarioTests.cs(125,17): error CS0103: The name 'Assert' does not exist in the current context
C:\gh\azure-sdk-for-net\sdk\websites\Microsoft.Azure.Management.WebSites\tests\ScenarioTests\WebSiteSlot.ScenarioTests.cs(126,17): error CS0103: The name 'Assert' does not exist in the current context
C:\gh\azure-sdk-for-net\sdk\websites\Microsoft.Azure.Management.WebSites\tests\ScenarioTests\ResourceHealthMetadata.ScenarioTests.cs(22,34): error CS0103: The name 'MockContext' does not exist in the current context
C:\gh\azure-sdk-for-net\sdk\websites\Microsoft.Azure.Management.WebSites\tests\ScenarioTests\ResourceHealthMetadata.ScenarioTests.cs(22,24): error CS0815: Cannot assign void to an implicitly-typed variable
C:\gh\azure-sdk-for-net\sdk\websites\Microsoft.Azure.Management.WebSites\tests\ScenarioTests\ResourceHealthMetadata.ScenarioTests.cs(27,35): error CS0103: The name 'TestUtilities' does not exist in the current context
C:\gh\azure-sdk-for-net\sdk\websites\Microsoft.Azure.Management.WebSites\tests\ScenarioTests\ResourceHealthMetadata.ScenarioTests.cs(28,44): error CS0103: The name 'TestUtilities' does not exist in the current context
C:\gh\azure-sdk-for-net\sdk\websites\Microsoft.Azure.Management.WebSites\tests\ScenarioTests\ResourceHealthMetadata.ScenarioTests.cs(31,35): error CS0103: The name 'TestUtilities' does not exist in the current context
C:\gh\azure-sdk-for-net\sdk\websites\Microsoft.Azure.Management.WebSites\tests\ScenarioTests\ResourceHealthMetadata.ScenarioTests.cs(34,25): error CS0246: The type or namespace name 'ResourceGroup' could not be found (are you missing a using directive or an assembly reference?)
C:\gh\azure-sdk-for-net\sdk\websites\Microsoft.Azure.Management.WebSites\tests\ScenarioTests\ResourceHealthMetadata.ScenarioTests.cs(57,54): error CS0012: The type 'IPage<>' is defined in an assembly that is not referenced. You must add a reference to assembly 'Microsoft.Rest.ClientRuntime.Azure, Version=3.0.0.0, Culture=neutral, PublicKeyToken=31bf3856ad364e35'.
C:\gh\azure-sdk-for-net\sdk\websites\Microsoft.Azure.Management.WebSites\tests\ScenarioTests\ResourceHealthMetadata.ScenarioTests.cs(59,17): error CS0103: The name 'Assert' does not exist in the current context
C:\gh\azure-sdk-for-net\sdk\websites\Microsoft.Azure.Management.WebSites\tests\ScenarioTests\ResourceHealthMetadata.ScenarioTests.cs(61,21): error CS0103: The name 'Assert' does not exist in the current context
C:\gh\azure-sdk-for-net\sdk\websites\Microsoft.Azure.Management.WebSites\tests\ScenarioTests\ResourceHealthMetadata.ScenarioTests.cs(68,21): error CS0103: The name 'Assert' does not exist in the current context
C:\gh\azure-sdk-for-net\sdk\websites\Microsoft.Azure.Management.WebSites\tests\ScenarioTests\ResourceHealthMetadata.ScenarioTests.cs(69,21): error CS0103: The name 'Assert' does not exist in the current context
C:\gh\azure-sdk-for-net\sdk\websites\Microsoft.Azure.Management.WebSites\tests\ScenarioTests\ResourceHealthMetadata.ScenarioTests.cs(76,42): error CS0012: The type 'IPage<>' is defined in an assembly that is not referenced. You must add a reference to assembly 'Microsoft.Rest.ClientRuntime.Azure, Version=3.0.0.0, Culture=neutral, PublicKeyToken=31bf3856ad364e35'.
C:\gh\azure-sdk-for-net\sdk\websites\Microsoft.Azure.Management.WebSites\tests\ScenarioTests\ResourceHealthMetadata.ScenarioTests.cs(78,17): error CS0103: The name 'Assert' does not exist in the current context
C:\gh\azure-sdk-for-net\sdk\websites\Microsoft.Azure.Management.WebSites\tests\ScenarioTests\WebSite.ScenarioTests.cs(105,21): error CS0103: The name 'Assert' does not exist in the current context
C:\gh\azure-sdk-for-net\sdk\websites\Microsoft.Azure.Management.WebSites\tests\ScenarioTests\WebSite.ScenarioTests.cs(106,21): error CS0103: The name 'Assert' does not exist in the current context
C:\gh\azure-sdk-for-net\sdk\websites\Microsoft.Azure.Management.WebSites\tests\ScenarioTests\WebSite.ScenarioTests.cs(118,21): error CS0103: The name 'Assert' does not exist in the current context
C:\gh\azure-sdk-for-net\sdk\websites\Microsoft.Azure.Management.WebSites\tests\ScenarioTests\WebSite.ScenarioTests.cs(119,21): error CS0103: The name 'Assert' does not exist in the current context
C:\gh\azure-sdk-for-net\sdk\websites\Microsoft.Azure.Management.WebSites\tests\ScenarioTests\ResourceHealthMetadata.ScenarioTests.cs(85,34): error CS0103: The name 'MockContext' does not exist in the current context
C:\gh\azure-sdk-for-net\sdk\websites\Microsoft.Azure.Management.WebSites\tests\ScenarioTests\ResourceHealthMetadata.ScenarioTests.cs(85,24): error CS0815: Cannot assign void to an implicitly-typed variable
C:\gh\azure-sdk-for-net\sdk\websites\Microsoft.Azure.Management.WebSites\tests\ScenarioTests\ResourceHealthMetadata.ScenarioTests.cs(90,35): error CS0103: The name 'TestUtilities' does not exist in the current context
C:\gh\azure-sdk-for-net\sdk\websites\Microsoft.Azure.Management.WebSites\tests\ScenarioTests\ResourceHealthMetadata.ScenarioTests.cs(91,44): error CS0103: The name 'TestUtilities' does not exist in the current context
C:\gh\azure-sdk-for-net\sdk\websites\Microsoft.Azure.Management.WebSites\tests\ScenarioTests\ResourceHealthMetadata.ScenarioTests.cs(94,35): error CS0103: The name 'TestUtilities' does not exist in the current context
C:\gh\azure-sdk-for-net\sdk\websites\Microsoft.Azure.Management.WebSites\tests\ScenarioTests\ResourceHealthMetadata.ScenarioTests.cs(97,25): error CS0246: The type or namespace name 'ResourceGroup' could not be found (are you missing a using directive or an assembly reference?)
C:\gh\azure-sdk-for-net\sdk\websites\Microsoft.Azure.Management.WebSites\tests\ScenarioTests\ResourceHealthMetadata.ScenarioTests.cs(124,21): error CS0103: The name 'Assert' does not exist in the current context
C:\gh\azure-sdk-for-net\sdk\websites\Microsoft.Azure.Management.WebSites\tests\ScenarioTests\ResourceHealthMetadata.ScenarioTests.cs(125,21): error CS0103: The name 'Assert' does not exist in the current context
C:\gh\azure-sdk-for-net\sdk\websites\Microsoft.Azure.Management.WebSites\tests\ScenarioTests\ResourceHealthMetadata.ScenarioTests.cs(132,42): error CS0012: The type 'IPage<>' is defined in an assembly that is not referenced. You must add a reference to assembly 'Microsoft.Rest.ClientRuntime.Azure, Version=3.0.0.0, Culture=neutral, PublicKeyToken=31bf3856ad364e35'.
C:\gh\azure-sdk-for-net\sdk\websites\Microsoft.Azure.Management.WebSites\tests\ScenarioTests\ResourceHealthMetadata.ScenarioTests.cs(134,17): error CS0103: The name 'Assert' does not exist in the current context
C:\gh\azure-sdk-for-net\sdk\websites\Microsoft.Azure.Management.WebSites\tests\ScenarioTests\WebHostingPlan.ScenarioTests.cs(63,34): error CS0103: The name 'MockContext' does not exist in the current context
C:\gh\azure-sdk-for-net\sdk\websites\Microsoft.Azure.Management.WebSites\tests\ScenarioTests\WebHostingPlan.ScenarioTests.cs(63,24): error CS0815: Cannot assign void to an implicitly-typed variable
C:\gh\azure-sdk-for-net\sdk\websites\Microsoft.Azure.Management.WebSites\tests\ScenarioTests\WebHostingPlan.ScenarioTests.cs(68,35): error CS0103: The name 'TestUtilities' does not exist in the current context
C:\gh\azure-sdk-for-net\sdk\websites\Microsoft.Azure.Management.WebSites\tests\ScenarioTests\WebHostingPlan.ScenarioTests.cs(69,35): error CS0103: The name 'TestUtilities' does not exist in the current context
C:\gh\azure-sdk-for-net\sdk\websites\Microsoft.Azure.Management.WebSites\tests\ScenarioTests\WebHostingPlan.ScenarioTests.cs(70,44): error CS0103: The name 'TestUtilities' does not exist in the current context
C:\gh\azure-sdk-for-net\sdk\websites\Microsoft.Azure.Management.WebSites\tests\ScenarioTests\WebHostingPlan.ScenarioTests.cs(75,25): error CS0246: The type or namespace name 'ResourceGroup' could not be found (are you missing a using directive or an assembly reference?)
C:\gh\azure-sdk-for-net\sdk\websites\Microsoft.Azure.Management.WebSites\tests\ScenarioTests\WebHostingPlan.ScenarioTests.cs(101,46): error CS0012: The type 'IPage<>' is defined in an assembly that is not referenced. You must add a reference to assembly 'Microsoft.Rest.ClientRuntime.Azure, Version=3.0.0.0, Culture=neutral, PublicKeyToken=31bf3856ad364e35'.
C:\gh\azure-sdk-for-net\sdk\websites\Microsoft.Azure.Management.WebSites\tests\ScenarioTests\WebHostingPlan.ScenarioTests.cs(105,17): error CS0103: The name 'Assert' does not exist in the current context
C:\gh\azure-sdk-for-net\sdk\websites\Microsoft.Azure.Management.WebSites\tests\ScenarioTests\WebHostingPlan.ScenarioTests.cs(106,17): error CS0103: The name 'Assert' does not exist in the current context
C:\gh\azure-sdk-for-net\sdk\websites\Microsoft.Azure.Management.WebSites\tests\ScenarioTests\WebSiteSlot.ScenarioTests.cs(133,34): error CS0103: The name 'MockContext' does not exist in the current context
C:\gh\azure-sdk-for-net\sdk\websites\Microsoft.Azure.Management.WebSites\tests\ScenarioTests\WebSiteSlot.ScenarioTests.cs(133,24): error CS0815: Cannot assign void to an implicitly-typed variable
C:\gh\azure-sdk-for-net\sdk\websites\Microsoft.Azure.Management.WebSites\tests\ScenarioTests\WebSiteSlot.ScenarioTests.cs(138,38): error CS0103: The name 'TestUtilities' does not exist in the current context
C:\gh\azure-sdk-for-net\sdk\websites\Microsoft.Azure.Management.WebSites\tests\ScenarioTests\WebSiteSlot.ScenarioTests.cs(139,44): error CS0103: The name 'TestUtilities' does not exist in the current context
C:\gh\azure-sdk-for-net\sdk\websites\Microsoft.Azure.Management.WebSites\tests\ScenarioTests\WebSiteSlot.ScenarioTests.cs(140,34): error CS0103: The name 'TestUtilities' does not exist in the current context
C:\gh\azure-sdk-for-net\sdk\websites\Microsoft.Azure.Management.WebSites\tests\ScenarioTests\WebSiteSlot.ScenarioTests.cs(148,25): error CS0246: The type or namespace name 'ResourceGroup' could not be found (are you missing a using directive or an assembly reference?)
C:\gh\azure-sdk-for-net\sdk\websites\Microsoft.Azure.Management.WebSites\tests\ScenarioTests\WebSiteSlot.ScenarioTests.cs(180,32): error CS0012: The type 'IPage<>' is defined in an assembly that is not referenced. You must add a reference to assembly 'Microsoft.Rest.ClientRuntime.Azure, Version=3.0.0.0, Culture=neutral, PublicKeyToken=31bf3856ad364e35'.
C:\gh\azure-sdk-for-net\sdk\websites\Microsoft.Azure.Management.WebSites\tests\ScenarioTests\WebSiteSlot.ScenarioTests.cs(182,17): error CS0103: The name 'Assert' does not exist in the current context
C:\gh\azure-sdk-for-net\sdk\websites\Microsoft.Azure.Management.WebSites\tests\ScenarioTests\WebHostingPlan.ScenarioTests.cs(113,34): error CS0103: The name 'MockContext' does not exist in the current context
C:\gh\azure-sdk-for-net\sdk\websites\Microsoft.Azure.Management.WebSites\tests\ScenarioTests\WebHostingPlan.ScenarioTests.cs(113,24): error CS0815: Cannot assign void to an implicitly-typed variable
C:\gh\azure-sdk-for-net\sdk\websites\Microsoft.Azure.Management.WebSites\tests\ScenarioTests\WebHostingPlan.ScenarioTests.cs(118,34): error CS0103: The name 'TestUtilities' does not exist in the current context
C:\gh\azure-sdk-for-net\sdk\websites\Microsoft.Azure.Management.WebSites\tests\ScenarioTests\WebHostingPlan.ScenarioTests.cs(119,44): error CS0103: The name 'TestUtilities' does not exist in the current context
C:\gh\azure-sdk-for-net\sdk\websites\Microsoft.Azure.Management.WebSites\tests\ScenarioTests\WebHostingPlan.ScenarioTests.cs(124,25): error CS0246: The type or namespace name 'ResourceGroup' could not be found (are you missing a using directive or an assembly reference?)
C:\gh\azure-sdk-for-net\sdk\websites\Microsoft.Azure.Management.WebSites\tests\ScenarioTests\WebHostingPlan.ScenarioTests.cs(129,17): error CS0012: The type 'IPage<>' is defined in an assembly that is not referenced. You must add a reference to assembly 'Microsoft.Rest.ClientRuntime.Azure, Version=3.0.0.0, Culture=neutral, PublicKeyToken=31bf3856ad364e35'.
C:\gh\azure-sdk-for-net\sdk\websites\Microsoft.Azure.Management.WebSites\tests\ScenarioTests\WebHostingPlan.ScenarioTests.cs(144,46): error CS0012: The type 'IPage<>' is defined in an assembly that is not referenced. You must add a reference to assembly 'Microsoft.Rest.ClientRuntime.Azure, Version=3.0.0.0, Culture=neutral, PublicKeyToken=31bf3856ad364e35'.
C:\gh\azure-sdk-for-net\sdk\websites\Microsoft.Azure.Management.WebSites\tests\ScenarioTests\WebHostingPlan.ScenarioTests.cs(146,17): error CS0103: The name 'Assert' does not exist in the current context
C:\gh\azure-sdk-for-net\sdk\websites\Microsoft.Azure.Management.WebSites\tests\ScenarioTests\WebHostingPlan.ScenarioTests.cs(153,34): error CS0103: The name 'MockContext' does not exist in the current context
C:\gh\azure-sdk-for-net\sdk\websites\Microsoft.Azure.Management.WebSites\tests\ScenarioTests\WebHostingPlan.ScenarioTests.cs(153,24): error CS0815: Cannot assign void to an implicitly-typed variable
C:\gh\azure-sdk-for-net\sdk\websites\Microsoft.Azure.Management.WebSites\tests\ScenarioTests\WebHostingPlan.ScenarioTests.cs(158,38): error CS0103: The name 'TestUtilities' does not exist in the current context
C:\gh\azure-sdk-for-net\sdk\websites\Microsoft.Azure.Management.WebSites\tests\ScenarioTests\WebHostingPlan.ScenarioTests.cs(159,45): error CS0103: The name 'TestUtilities' does not exist in the current context
C:\gh\azure-sdk-for-net\sdk\websites\Microsoft.Azure.Management.WebSites\tests\ScenarioTests\WebHostingPlan.ScenarioTests.cs(160,44): error CS0103: The name 'TestUtilities' does not exist in the current context
C:\gh\azure-sdk-for-net\sdk\websites\Microsoft.Azure.Management.WebSites\tests\ScenarioTests\WebHostingPlan.ScenarioTests.cs(166,25): error CS0246: The type or namespace name 'ResourceGroup' could not be found (are you missing a using directive or an assembly reference?)
C:\gh\azure-sdk-for-net\sdk\websites\Microsoft.Azure.Management.WebSites\tests\ScenarioTests\WebHostingPlan.ScenarioTests.cs(193,17): error CS0103: The name 'Assert' does not exist in the current context
C:\gh\azure-sdk-for-net\sdk\websites\Microsoft.Azure.Management.WebSites\tests\ScenarioTests\WebHostingPlan.ScenarioTests.cs(194,17): error CS0103: The name 'Assert' does not exist in the current context
C:\gh\azure-sdk-for-net\sdk\websites\Microsoft.Azure.Management.WebSites\tests\ScenarioTests\WebHostingPlan.ScenarioTests.cs(195,17): error CS0103: The name 'Assert' does not exist in the current context
C:\gh\azure-sdk-for-net\sdk\websites\Microsoft.Azure.Management.WebSites\tests\ScenarioTests\WebHostingPlan.ScenarioTests.cs(196,17): error CS0103: The name 'Assert' does not exist in the current context
C:\gh\azure-sdk-for-net\sdk\websites\Microsoft.Azure.Management.WebSites\tests\ScenarioTests\WebSite.ScenarioTests.cs(140,21): error CS0103: The name 'Assert' does not exist in the current context
C:\gh\azure-sdk-for-net\sdk\websites\Microsoft.Azure.Management.WebSites\tests\ScenarioTests\WebSite.ScenarioTests.cs(141,21): error CS0103: The name 'Assert' does not exist in the current context
C:\gh\azure-sdk-for-net\sdk\websites\Microsoft.Azure.Management.WebSites\tests\ScenarioTests\WebSite.ScenarioTests.cs(145,21): error CS0103: The name 'Assert' does not exist in the current context
C:\gh\azure-sdk-for-net\sdk\websites\Microsoft.Azure.Management.WebSites\tests\ScenarioTests\WebSite.ScenarioTests.cs(146,21): error CS0103: The name 'Assert' does not exist in the current context
C:\gh\azure-sdk-for-net\sdk\websites\Microsoft.Azure.Management.WebSites\tests\ScenarioTests\WebSite.ScenarioTests.cs(159,21): error CS0103: The name 'Assert' does not exist in the current context
C:\gh\azure-sdk-for-net\sdk\websites\Microsoft.Azure.Management.WebSites\tests\ScenarioTests\WebSite.ScenarioTests.cs(160,21): error CS0103: The name 'Assert' does not exist in the current context
C:\gh\azure-sdk-for-net\sdk\websites\Microsoft.Azure.Management.WebSites\tests\ScenarioTests\WebSite.ScenarioTests.cs(164,21): error CS0103: The name 'Assert' does not exist in the current context
C:\gh\azure-sdk-for-net\sdk\websites\Microsoft.Azure.Management.WebSites\tests\ScenarioTests\WebSite.ScenarioTests.cs(165,21): error CS0103: The name 'Assert' does not exist in the current context
C:\gh\azure-sdk-for-net\sdk\websites\Microsoft.Azure.Management.WebSites\tests\ScenarioTests\WebSite.ScenarioTests.cs(184,21): error CS0103: The name 'Assert' does not exist in the current context
C:\gh\azure-sdk-for-net\sdk\websites\Microsoft.Azure.Management.WebSites\tests\ScenarioTests\WebSite.ScenarioTests.cs(185,21): error CS0103: The name 'Assert' does not exist in the current context
C:\gh\azure-sdk-for-net\sdk\websites\Microsoft.Azure.Management.WebSites\tests\ScenarioTests\WebSite.ScenarioTests.cs(189,21): error CS0103: The name 'Assert' does not exist in the current context
C:\gh\azure-sdk-for-net\sdk\websites\Microsoft.Azure.Management.WebSites\tests\ScenarioTests\WebSite.ScenarioTests.cs(190,21): error CS0103: The name 'Assert' does not exist in the current context
C:\gh\azure-sdk-for-net\sdk\websites\Microsoft.Azure.Management.WebSites\tests\ScenarioTests\WebSite.ScenarioTests.cs(198,21): error CS0103: The name 'Assert' does not exist in the current context
C:\gh\azure-sdk-for-net\sdk\websites\Microsoft.Azure.Management.WebSites\tests\ScenarioTests\WebSite.ScenarioTests.cs(199,21): error CS0103: The name 'Assert' does not exist in the current context
C:\gh\azure-sdk-for-net\sdk\websites\Microsoft.Azure.Management.WebSites\tests\ScenarioTests\WebSite.ScenarioTests.cs(200,21): error CS0103: The name 'Assert' does not exist in the current context
C:\gh\azure-sdk-for-net\sdk\websites\Microsoft.Azure.Management.WebSites\tests\ScenarioTests\WebSite.ScenarioTests.cs(208,21): error CS0103: The name 'Assert' does not exist in the current context
C:\gh\azure-sdk-for-net\sdk\websites\Microsoft.Azure.Management.WebSites\tests\ScenarioTests\WebSite.ScenarioTests.cs(210,21): error CS0103: The name 'Assert' does not exist in the current context
C:\gh\azure-sdk-for-net\sdk\websites\Microsoft.Azure.Management.WebSites\tests\ScenarioTests\WebSite.ScenarioTests.cs(241,21): error CS0103: The name 'Assert' does not exist in the current context
C:\gh\azure-sdk-for-net\sdk\websites\Microsoft.Azure.Management.WebSites\tests\ScenarioTests\WebSite.ScenarioTests.cs(242,21): error CS0103: The name 'Assert' does not exist in the current context
C:\gh\azure-sdk-for-net\sdk\websites\Microsoft.Azure.Management.WebSites\tests\ScenarioTests\WebSite.ScenarioTests.cs(244,21): error CS0103: The name 'Assert' does not exist in the current context
C:\gh\azure-sdk-for-net\sdk\websites\Microsoft.Azure.Management.WebSites\tests\ScenarioTests\WebSite.ScenarioTests.cs(245,21): error CS0103: The name 'Assert' does not exist in the current context
C:\gh\azure-sdk-for-net\sdk\websites\Microsoft.Azure.Management.WebSites\tests\ScenarioTests\WebSite.ScenarioTests.cs(247,21): error CS0103: The name 'Assert' does not exist in the current context
C:\gh\azure-sdk-for-net\sdk\websites\Microsoft.Azure.Management.WebSites\tests\ScenarioTests\WebSite.ScenarioTests.cs(249,21): error CS0103: The name 'Assert' does not exist in the current context
C:\gh\azure-sdk-for-net\sdk\websites\Microsoft.Azure.Management.WebSites\tests\ScenarioTests\WebSite.ScenarioTests.cs(250,21): error CS0103: The name 'Assert' does not exist in the current context
C:\gh\azure-sdk-for-net\sdk\websites\Microsoft.Azure.Management.WebSites\tests\ScenarioTests\WebSite.ScenarioTests.cs(295,34): error CS0103: The name 'MockContext' does not exist in the current context
C:\gh\azure-sdk-for-net\sdk\websites\Microsoft.Azure.Management.WebSites\tests\ScenarioTests\WebSite.ScenarioTests.cs(295,24): error CS0815: Cannot assign void to an implicitly-typed variable
C:\gh\azure-sdk-for-net\sdk\websites\Microsoft.Azure.Management.WebSites\tests\ScenarioTests\WebSite.ScenarioTests.cs(300,35): error CS0103: The name 'TestUtilities' does not exist in the current context
C:\gh\azure-sdk-for-net\sdk\websites\Microsoft.Azure.Management.WebSites\tests\ScenarioTests\WebSite.ScenarioTests.cs(301,41): error CS0103: The name 'TestUtilities' does not exist in the current context
C:\gh\azure-sdk-for-net\sdk\websites\Microsoft.Azure.Management.WebSites\tests\ScenarioTests\WebSite.ScenarioTests.cs(302,42): error CS0103: The name 'TestUtilities' does not exist in the current context
C:\gh\azure-sdk-for-net\sdk\websites\Microsoft.Azure.Management.WebSites\tests\ScenarioTests\WebSite.ScenarioTests.cs(306,25): error CS0246: The type or namespace name 'ResourceGroup' could not be found (are you missing a using directive or an assembly reference?)
C:\gh\azure-sdk-for-net\sdk\websites\Microsoft.Azure.Management.WebSites\tests\ScenarioTests\WebSite.ScenarioTests.cs(329,17): error CS0103: The name 'Assert' does not exist in the current context
C:\gh\azure-sdk-for-net\sdk\websites\Microsoft.Azure.Management.WebSites\tests\ScenarioTests\WebSite.ScenarioTests.cs(330,17): error CS0103: The name 'Assert' does not exist in the current context
C:\gh\azure-sdk-for-net\sdk\websites\Microsoft.Azure.Management.WebSites\tests\ScenarioTests\WebSite.ScenarioTests.cs(331,17): error CS0103: The name 'Assert' does not exist in the current context
C:\gh\azure-sdk-for-net\sdk\websites\Microsoft.Azure.Management.WebSites\tests\ScenarioTests\WebSite.ScenarioTests.cs(332,17): error CS0103: The name 'Assert' does not exist in the current context
C:\gh\azure-sdk-for-net\sdk\websites\Microsoft.Azure.Management.WebSites\tests\ScenarioTests\WebSite.ScenarioTests.cs(341,34): error CS0103: The name 'MockContext' does not exist in the current context
C:\gh\azure-sdk-for-net\sdk\websites\Microsoft.Azure.Management.WebSites\tests\ScenarioTests\WebSite.ScenarioTests.cs(341,24): error CS0815: Cannot assign void to an implicitly-typed variable
C:\gh\azure-sdk-for-net\sdk\websites\Microsoft.Azure.Management.WebSites\tests\ScenarioTests\WebSite.ScenarioTests.cs(346,31): error CS0103: The name 'TestUtilities' does not exist in the current context
C:\gh\azure-sdk-for-net\sdk\websites\Microsoft.Azure.Management.WebSites\tests\ScenarioTests\WebSite.ScenarioTests.cs(347,41): error CS0103: The name 'TestUtilities' does not exist in the current context
C:\gh\azure-sdk-for-net\sdk\websites\Microsoft.Azure.Management.WebSites\tests\ScenarioTests\WebSite.ScenarioTests.cs(352,32): error CS0103: The name 'TestUtilities' does not exist in the current context
C:\gh\azure-sdk-for-net\sdk\websites\Microsoft.Azure.Management.WebSites\tests\ScenarioTests\WebSite.ScenarioTests.cs(355,25): error CS0246: The type or namespace name 'ResourceGroup' could not be found (are you missing a using directive or an assembly reference?)
C:\gh\azure-sdk-for-net\sdk\websites\Microsoft.Azure.Management.WebSites\tests\ScenarioTests\WebSite.ScenarioTests.cs(397,17): error CS0103: The name 'Assert' does not exist in the current context
C:\gh\azure-sdk-for-net\sdk\websites\Microsoft.Azure.Management.WebSites\tests\ScenarioTests\WebSite.ScenarioTests.cs(399,17): error CS0103: The name 'Assert' does not exist in the current context
C:\gh\azure-sdk-for-net\sdk\websites\Microsoft.Azure.Management.WebSites\tests\ScenarioTests\WebSite.ScenarioTests.cs(400,17): error CS0103: The name 'Assert' does not exist in the current context
C:\gh\azure-sdk-for-net\sdk\websites\Microsoft.Azure.Management.WebSites\tests\ScenarioTests\WebSite.ScenarioTests.cs(401,17): error CS0103: The name 'Assert' does not exist in the current context
C:\gh\azure-sdk-for-net\sdk\websites\Microsoft.Azure.Management.WebSites\tests\ScenarioTests\WebSite.ScenarioTests.cs(402,17): error CS0103: The name 'Assert' does not exist in the current context
C:\gh\azure-sdk-for-net\sdk\websites\Microsoft.Azure.Management.WebSites\tests\ScenarioTests\WebSite.ScenarioTests.cs(418,45): error CS0103: The name 'TestUtilities' does not exist in the current context
C:\gh\azure-sdk-for-net\sdk\websites\Microsoft.Azure.Management.WebSites\tests\ScenarioTests\WebSite.ScenarioTests.cs(432,21): error CS0103: The name 'ServiceClientTracing' does not exist in the current context
C:\gh\azure-sdk-for-net\sdk\websites\Microsoft.Azure.Management.WebSites\tests\ScenarioTests\WebSite.ScenarioTests.cs(434,21): error CS0103: The name 'ServiceClientTracing' does not exist in the current context
C:\gh\azure-sdk-for-net\sdk\websites\Microsoft.Azure.Management.WebSites\tests\ScenarioTests\WebSite.ScenarioTests.cs(441,13): error CS0103: The name 'Assert' does not exist in the current context
C:\gh\azure-sdk-for-net\sdk\websites\Microsoft.Azure.Management.WebSites\tests\ScenarioTests\WebSite.ScenarioTests.cs(443,13): error CS0103: The name 'Assert' does not exist in the current context
C:\gh\azure-sdk-for-net\sdk\websites\Microsoft.Azure.Management.WebSites\tests\ScenarioTests\ResourceHealthMetadata.ScenarioTests.cs(6,1): hidden CS8019: Unnecessary using directive.
C:\gh\azure-sdk-for-net\sdk\websites\Microsoft.Azure.Management.WebSites\tests\ScenarioTests\SourceControls.ScenarioTests.cs(7,1): hidden CS8019: Unnecessary using directive.
C:\gh\azure-sdk-for-net\sdk\websites\Microsoft.Azure.Management.WebSites\tests\ScenarioTests\WebHostingPlan.ScenarioTests.cs(7,1): hidden CS8019: Unnecessary using directive.
C:\gh\azure-sdk-for-net\sdk\websites\Microsoft.Azure.Management.WebSites\tests\ScenarioTests\WebSite.ScenarioTests.cs(12,1): hidden CS8019: Unnecessary using directive.
C:\gh\azure-sdk-for-net\sdk\websites\Microsoft.Azure.Management.WebSites\tests\ScenarioTests\WebSite.ScenarioTests.cs(18,1): hidden CS8019: Unnecessary using directive.
C:\gh\azure-sdk-for-net\sdk\websites\Microsoft.Azure.Management.WebSites\tests\ScenarioTests\ResourceHealthMetadata.ScenarioTests.cs(7,1): hidden CS8019: Unnecessary using directive.
C:\gh\azure-sdk-for-net\sdk\websites\Microsoft.Azure.Management.WebSites\tests\ScenarioTests\WebHostingPlan.ScenarioTests.cs(8,1): hidden CS8019: Unnecessary using directive.
C:\gh\azure-sdk-for-net\sdk\websites\Microsoft.Azure.Management.WebSites\tests\Customizations\WebSiteCloudException.cs(8,1): hidden CS8019: Unnecessary using directive.
C:\gh\azure-sdk-for-net\eng\mgmt\DisableTestRunParallel.cs(5,1): hidden CS8019: Unnecessary using directive.
C:\gh\azure-sdk-for-net\sdk\websites\Microsoft.Azure.Management.WebSites\tests\Helpers\ResourceGroupHelper.cs(11,1): hidden CS8019: Unnecessary using directive.
C:\gh\azure-sdk-for-net\sdk\websites\Microsoft.Azure.Management.WebSites\tests\ScenarioTests\WebSite.ScenarioTests.cs(14,1): hidden CS8019: Unnecessary using directive.
C:\gh\azure-sdk-for-net\sdk\websites\Microsoft.Azure.Management.WebSites\tests\ScenarioTests\WebSite.ScenarioTests.cs(19,1): hidden CS8019: Unnecessary using directive.
C:\gh\azure-sdk-for-net\sdk\websites\Microsoft.Azure.Management.WebSites\tests\Helpers\ResourceManagementClientUndoHandlers.cs(6,5): hidden CS8019: Unnecessary using directive.
C:\gh\azure-sdk-for-net\sdk\websites\Microsoft.Azure.Management.WebSites\tests\ScenarioTests\WebSite.ScenarioTests.cs(20,1): hidden CS8019: Unnecessary using directive.
C:\gh\azure-sdk-for-net\artifacts\obj\Microsoft.Azure.Management.WebSites.Tests\Debug\netcoreapp3.1\.NETCoreApp,Version=v3.1.AssemblyAttributes.cs(3,1): hidden CS8019: Unnecessary using directive.
C:\gh\azure-sdk-for-net\sdk\websites\Microsoft.Azure.Management.WebSites\tests\ScenarioTests\SourceControls.ScenarioTests.cs(10,1): hidden CS8019: Unnecessary using directive.
C:\gh\azure-sdk-for-net\sdk\websites\Microsoft.Azure.Management.WebSites\tests\Helpers\ResourceManagementClientUndoHandlers.cs(7,5): hidden CS8019: Unnecessary using directive.
C:\gh\azure-sdk-for-net\sdk\websites\Microsoft.Azure.Management.WebSites\tests\ScenarioTests\WebHostingPlan.ScenarioTests.cs(9,1): hidden CS8019: Unnecessary using directive.
C:\gh\azure-sdk-for-net\sdk\websites\Microsoft.Azure.Management.WebSites\tests\ScenarioTests\Recommendations.ScenarioTests.cs(11,1): hidden CS8019: Unnecessary using directive.
C:\gh\azure-sdk-for-net\sdk\websites\Microsoft.Azure.Management.WebSites\tests\Helpers\ResourceManagementClientUndoHandlers.cs(8,5): hidden CS8019: Unnecessary using directive.
C:\gh\azure-sdk-for-net\sdk\websites\Microsoft.Azure.Management.WebSites\tests\ScenarioTests\ResourceHealthMetadata.ScenarioTests.cs(4,1): hidden CS8019: Unnecessary using directive.
C:\gh\azure-sdk-for-net\sdk\websites\Microsoft.Azure.Management.WebSites\tests\Helpers\WebSitesHelper.cs(6,1): hidden CS8019: Unnecessary using directive.
C:\gh\azure-sdk-for-net\sdk\websites\Microsoft.Azure.Management.WebSites\tests\Helpers\WebSitesHelper.cs(7,1): hidden CS8019: Unnecessary using directive.
C:\gh\azure-sdk-for-net\sdk\websites\Microsoft.Azure.Management.WebSites\tests\Helpers\WebSitesHelper.cs(8,1): hidden CS8019: Unnecessary using directive.
C:\gh\azure-sdk-for-net\sdk\websites\Microsoft.Azure.Management.WebSites\tests\ScenarioTests\Recommendations.ScenarioTests.cs(6,1): hidden CS8019: Unnecessary using directive.
C:\gh\azure-sdk-for-net\sdk\websites\Microsoft.Azure.Management.WebSites\tests\ScenarioTests\ResourceHealthMetadata.ScenarioTests.cs(8,1): hidden CS8019: Unnecessary using directive.
C:\gh\azure-sdk-for-net\sdk\websites\Microsoft.Azure.Management.WebSites\tests\ScenarioTests\WebSite.Backup.ScenarioTests.cs(11,1): hidden CS8019: Unnecessary using directive.
C:\gh\azure-sdk-for-net\artifacts\obj\Microsoft.Azure.Management.WebSites.Tests\Debug\netcoreapp3.1\.NETCoreApp,Version=v3.1.AssemblyAttributes.cs(2,1): hidden CS8019: Unnecessary using directive.
C:\gh\azure-sdk-for-net\sdk\websites\Microsoft.Azure.Management.WebSites\tests\ScenarioTests\ResourceHealthMetadata.ScenarioTests.cs(13,1): hidden CS8019: Unnecessary using directive.
C:\gh\azure-sdk-for-net\sdk\websites\Microsoft.Azure.Management.WebSites\tests\ScenarioTests\Recommendations.ScenarioTests.cs(7,1): hidden CS8019: Unnecessary using directive.
C:\gh\azure-sdk-for-net\sdk\websites\Microsoft.Azure.Management.WebSites\tests\ScenarioTests\WebSite.ScenarioTests.cs(9,1): hidden CS8019: Unnecessary using directive.
C:\gh\azure-sdk-for-net\sdk\websites\Microsoft.Azure.Management.WebSites\tests\Helpers\ResourceManagementClientUndoHandlers.cs(9,5): hidden CS8019: Unnecessary using directive.
C:\gh\azure-sdk-for-net\sdk\websites\Microsoft.Azure.Management.WebSites\tests\ScenarioTests\WebSiteSlot.ScenarioTests.cs(12,1): hidden CS8019: Unnecessary using directive.
C:\gh\azure-sdk-for-net\sdk\websites\Microsoft.Azure.Management.WebSites\tests\Helpers\ResourceGroupHelper.cs(9,1): hidden CS8019: Unnecessary using directive.
C:\gh\azure-sdk-for-net\sdk\websites\Microsoft.Azure.Management.WebSites\tests\ScenarioTests\WebSite.Backup.ScenarioTests.cs(6,1): hidden CS8019: Unnecessary using directive.
C:\gh\azure-sdk-for-net\sdk\websites\Microsoft.Azure.Management.WebSites\tests\ScenarioTests\WebHostingPlan.ScenarioTests.cs(4,1): hidden CS8019: Unnecessary using directive.
C:\gh\azure-sdk-for-net\sdk\websites\Microsoft.Azure.Management.WebSites\tests\ScenarioTests\WebSite.ScenarioTests.cs(15,1): hidden CS8019: Unnecessary using directive.
C:\gh\azure-sdk-for-net\sdk\websites\Microsoft.Azure.Management.WebSites\tests\ScenarioTests\WebSite.Backup.ScenarioTests.cs(7,1): hidden CS8019: Unnecessary using directive.
C:\gh\azure-sdk-for-net\sdk\websites\Microsoft.Azure.Management.WebSites\tests\ScenarioTests\WebSiteSlot.ScenarioTests.cs(7,1): hidden CS8019: Unnecessary using directive.
C:\gh\azure-sdk-for-net\sdk\websites\Microsoft.Azure.Management.WebSites\tests\ScenarioTests\WebSite.ScenarioTests.cs(6,1): hidden CS8019: Unnecessary using directive.
C:\gh\azure-sdk-for-net\sdk\websites\Microsoft.Azure.Management.WebSites\tests\ScenarioTests\WebSiteSlot.ScenarioTests.cs(8,1): hidden CS8019: Unnecessary using directive.
C:\gh\azure-sdk-for-net\sdk\websites\Microsoft.Azure.Management.WebSites\tests\ScenarioTests\WebHostingPlan.ScenarioTests.cs(15,1): hidden CS8019: Unnecessary using directive.
C:\gh\azure-sdk-for-net\sdk\websites\Microsoft.Azure.Management.WebSites\tests\Helpers\ResourceGroupHelper.cs(10,1): hidden CS8019: Unnecessary using directive.
C:\gh\azure-sdk-for-net\sdk\websites\Microsoft.Azure.Management.WebSites\tests\ScenarioTests\SourceControls.ScenarioTests.cs(8,1): hidden CS8019: Unnecessary using directive.
C:\gh\azure-sdk-for-net\sdk\websites\Microsoft.Azure.Management.WebSites\tests\ScenarioTests\SourceControls.ScenarioTests.cs(9,1): hidden CS8019: Unnecessary using directive.
C:\gh\azure-sdk-for-net\sdk\websites\Microsoft.Azure.Management.WebSites\tests\ScenarioTests\WebSite.ScenarioTests.cs(10,1): hidden CS8019: Unnecessary using directive.
C:\gh\azure-sdk-for-net\sdk\websites\Microsoft.Azure.Management.WebSites\tests\ScenarioTests\Recommendations.ScenarioTests.cs(4,1): hidden CS8019: Unnecessary using directive.
C:\gh\azure-sdk-for-net\sdk\websites\Microsoft.Azure.Management.WebSites\tests\Customizations\WebSiteCloudException.cs(7,1): hidden CS8019: Unnecessary using directive.
C:\gh\azure-sdk-for-net\artifacts\obj\Microsoft.Azure.Management.WebSites.Tests\Debug\netcoreapp3.1\Microsoft.Azure.Management.WebSites.Tests.AssemblyInfo.cs(12,1): hidden CS8019: Unnecessary using directive.
C:\gh\azure-sdk-for-net\sdk\websites\Microsoft.Azure.Management.WebSites\tests\ScenarioTests\Recommendations.ScenarioTests.cs(8,1): hidden CS8019: Unnecessary using directive.
C:\gh\azure-sdk-for-net\sdk\websites\Microsoft.Azure.Management.WebSites\tests\ScenarioTests\Recommendations.ScenarioTests.cs(13,1): hidden CS8019: Unnecessary using directive.
C:\gh\azure-sdk-for-net\sdk\websites\Microsoft.Azure.Management.WebSites\tests\ScenarioTests\SourceControls.ScenarioTests.cs(6,1): hidden CS8019: Unnecessary using directive.
C:\gh\azure-sdk-for-net\sdk\websites\Microsoft.Azure.Management.WebSites\tests\ScenarioTests\WebSiteSlot.ScenarioTests.cs(9,1): hidden CS8019: Unnecessary using directive.
C:\gh\azure-sdk-for-net\sdk\websites\Microsoft.Azure.Management.WebSites\tests\ScenarioTests\WebHostingPlan.ScenarioTests.cs(13,1): hidden CS8019: Unnecessary using directive.
C:\gh\azure-sdk-for-net\eng\mgmt\DisableTestRunParallel.cs(4,1): hidden CS8019: Unnecessary using directive.
C:\gh\azure-sdk-for-net\sdk\websites\Microsoft.Azure.Management.WebSites\tests\ScenarioTests\WebSite.Backup.ScenarioTests.cs(8,1): hidden CS8019: Unnecessary using directive.
C:\gh\azure-sdk-for-net\sdk\websites\Microsoft.Azure.Management.WebSites\tests\ScenarioTests\SourceControls.ScenarioTests.cs(4,1): hidden CS8019: Unnecessary using directive.
C:\gh\azure-sdk-for-net\sdk\websites\Microsoft.Azure.Management.WebSites\tests\ScenarioTests\SourceControls.ScenarioTests.cs(5,1): hidden CS8019: Unnecessary using directive.
C:\gh\azure-sdk-for-net\sdk\websites\Microsoft.Azure.Management.WebSites\tests\ScenarioTests\WebSite.ScenarioTests.cs(22,1): hidden CS8019: Unnecessary using directive.
C:\gh\azure-sdk-for-net\sdk\websites\Microsoft.Azure.Management.WebSites\tests\ScenarioTests\WebSite.Backup.ScenarioTests.cs(13,1): hidden CS8019: Unnecessary using directive.
C:\gh\azure-sdk-for-net\sdk\websites\Microsoft.Azure.Management.WebSites\tests\Helpers\ResourceGroupHelper.cs(7,1): hidden CS8019: Unnecessary using directive.
C:\gh\azure-sdk-for-net\sdk\websites\Microsoft.Azure.Management.WebSites\tests\ScenarioTests\ResourceHealthMetadata.ScenarioTests.cs(11,1): hidden CS8019: Unnecessary using directive.
C:\gh\azure-sdk-for-net\sdk\websites\Microsoft.Azure.Management.WebSites\tests\ScenarioTests\WebSiteSlot.ScenarioTests.cs(14,1): hidden CS8019: Unnecessary using directive.
C:\gh\azure-sdk-for-net\sdk\websites\Microsoft.Azure.Management.WebSites\tests\ScenarioTests\WebHostingPlan.ScenarioTests.cs(12,1): hidden CS8019: Unnecessary using directive.
C:\gh\azure-sdk-for-net\sdk\websites\Microsoft.Azure.Management.WebSites\tests\Helpers\ResourceManagementClientUndoHandlers.cs(10,5): hidden CS8019: Unnecessary using directive.
C:\gh\azure-sdk-for-net\artifacts\obj\Microsoft.Azure.Management.WebSites.Tests\Debug\netcoreapp3.1\Microsoft.Azure.Management.WebSites.Tests.AssemblyInfo.cs(11,1): hidden CS8019: Unnecessary using directive.
C:\gh\azure-sdk-for-net\sdk\websites\Microsoft.Azure.Management.WebSites\tests\Properties\AssemblyInfo.cs(5,1): hidden CS8019: Unnecessary using directive.
