C:\gh\azure-sdk-for-net\eng\mgmt\DisableTestRunParallel.cs(7,12): error CS0246: The type or namespace name 'CollectionBehaviorAttribute' could not be found (are you missing a using directive or an assembly reference?)
C:\gh\azure-sdk-for-net\eng\mgmt\DisableTestRunParallel.cs(7,12): error CS0246: The type or namespace name 'CollectionBehavior' could not be found (are you missing a using directive or an assembly reference?)
C:\gh\azure-sdk-for-net\eng\mgmt\DisableTestRunParallel.cs(7,31): error CS0246: The type or namespace name 'DisableTestParallelization' could not be found (are you missing a using directive or an assembly reference?)
C:\gh\azure-sdk-for-net\eng\mgmt\DisableTestRunParallel.cs(7,66): error CS0246: The type or namespace name 'MaxParallelThreads' could not be found (are you missing a using directive or an assembly reference?)
C:\gh\azure-sdk-for-net\sdk\cognitiveservices\Search.BingAutoSuggest\tests\AutoSuggestTests.cs(1,23): error CS0234: The type or namespace name 'Test' does not exist in the namespace 'Microsoft.Azure' (are you missing an assembly reference?)
C:\gh\azure-sdk-for-net\sdk\cognitiveservices\Search.BingAutoSuggest\tests\AutoSuggestTests.cs(3,17): error CS0234: The type or namespace name 'Rest' does not exist in the namespace 'Microsoft' (are you missing an assembly reference?)
C:\gh\azure-sdk-for-net\sdk\cognitiveservices\Search.BingAutoSuggest\tests\AutoSuggestTests.cs(5,7): error CS0246: The type or namespace name 'Xunit' could not be found (are you missing a using directive or an assembly reference?)
C:\gh\azure-sdk-for-net\eng\mgmt\DisableTestRunParallel.cs(5,7): error CS0246: The type or namespace name 'Xunit' could not be found (are you missing a using directive or an assembly reference?)
C:\gh\azure-sdk-for-net\sdk\cognitiveservices\Search.BingAutoSuggest\tests\AutoSuggestTests.cs(13,10): error CS0246: The type or namespace name 'FactAttribute' could not be found (are you missing a using directive or an assembly reference?)
C:\gh\azure-sdk-for-net\sdk\cognitiveservices\Search.BingAutoSuggest\tests\AutoSuggestTests.cs(13,10): error CS0246: The type or namespace name 'Fact' could not be found (are you missing a using directive or an assembly reference?)
C:\gh\azure-sdk-for-net\sdk\cognitiveservices\Search.BingAutoSuggest\tests\AutoSuggestTests.cs(16,20): error CS0246: The type or namespace name 'MockContext' could not be found (are you missing a using directive or an assembly reference?)
C:\gh\azure-sdk-for-net\sdk\cognitiveservices\Search.BingAutoSuggest\tests\AutoSuggestTests.cs(16,42): error CS0103: The name 'MockContext' does not exist in the current context
C:\gh\azure-sdk-for-net\sdk\cognitiveservices\Search.BingAutoSuggest\tests\AutoSuggestTests.cs(18,17): error CS0103: The name 'HttpMockServer' does not exist in the current context
C:\gh\azure-sdk-for-net\sdk\cognitiveservices\Search.BingAutoSuggest\tests\AutoSuggestTests.cs(20,105): error CS0103: The name 'HttpMockServer' does not exist in the current context
C:\gh\azure-sdk-for-net\sdk\cognitiveservices\Search.BingAutoSuggest\tests\AutoSuggestTests.cs(20,34): error CS0246: The type or namespace name 'ServiceClientCredentials' could not be found (are you missing a using directive or an assembly reference?)
C:\gh\azure-sdk-for-net\sdk\cognitiveservices\Search.BingAutoSuggest\tests\AutoSuggestTests.cs(20,34): error CS0012: The type 'HttpClient' is defined in an assembly that is not referenced. You must add a reference to assembly 'System.Net.Http, Version=4.0.0.0, Culture=neutral, PublicKeyToken=b03f5f7f11d50a3a'.
C:\gh\azure-sdk-for-net\sdk\cognitiveservices\Search.BingAutoSuggest\tests\AutoSuggestTests.cs(20,34): error CS0012: The type 'HttpClientHandler' is defined in an assembly that is not referenced. You must add a reference to assembly 'System.Net.Http, Version=4.0.0.0, Culture=neutral, PublicKeyToken=b03f5f7f11d50a3a'.
C:\gh\azure-sdk-for-net\sdk\cognitiveservices\Search.BingAutoSuggest\tests\AutoSuggestTests.cs(20,34): error CS0012: The type 'DelegatingHandler' is defined in an assembly that is not referenced. You must add a reference to assembly 'System.Net.Http, Version=4.0.0.0, Culture=neutral, PublicKeyToken=b03f5f7f11d50a3a'.
C:\gh\azure-sdk-for-net\sdk\cognitiveservices\Search.BingAutoSuggest\tests\AutoSuggestTests.cs(21,35): error CS0246: The type or namespace name 'ServiceClient<>' could not be found (are you missing a using directive or an assembly reference?)
C:\gh\azure-sdk-for-net\sdk\cognitiveservices\Search.BingAutoSuggest\tests\AutoSuggestTests.cs(21,28): error CS0246: The type or namespace name 'ServiceClient<>' could not be found (are you missing a using directive or an assembly reference?)
C:\gh\azure-sdk-for-net\sdk\cognitiveservices\Search.BingAutoSuggest\tests\AutoSuggestTests.cs(23,17): error CS0103: The name 'Assert' does not exist in the current context
C:\gh\azure-sdk-for-net\sdk\cognitiveservices\Search.BingAutoSuggest\tests\AutoSuggestTests.cs(24,17): error CS0103: The name 'Assert' does not exist in the current context
C:\gh\azure-sdk-for-net\sdk\cognitiveservices\Search.BingAutoSuggest\tests\AutoSuggestTests.cs(25,17): error CS0103: The name 'Assert' does not exist in the current context
C:\gh\azure-sdk-for-net\sdk\cognitiveservices\Search.BingAutoSuggest\tests\AutoSuggestTests.cs(26,17): error CS0103: The name 'Assert' does not exist in the current context
C:\gh\azure-sdk-for-net\sdk\cognitiveservices\Search.BingAutoSuggest\tests\AutoSuggestTests.cs(28,17): error CS0103: The name 'Assert' does not exist in the current context
C:\gh\azure-sdk-for-net\sdk\cognitiveservices\Search.BingAutoSuggest\tests\AutoSuggestTests.cs(29,17): error CS0103: The name 'Assert' does not exist in the current context
C:\gh\azure-sdk-for-net\sdk\cognitiveservices\Search.BingAutoSuggest\tests\AutoSuggestTests.cs(32,21): error CS0103: The name 'Assert' does not exist in the current context
C:\gh\azure-sdk-for-net\sdk\cognitiveservices\Search.BingAutoSuggest\tests\AutoSuggestTests.cs(33,21): error CS0103: The name 'Assert' does not exist in the current context
C:\gh\azure-sdk-for-net\sdk\cognitiveservices\Search.BingAutoSuggest\tests\AutoSuggestTests.cs(34,21): error CS0103: The name 'Assert' does not exist in the current context
C:\gh\azure-sdk-for-net\sdk\cognitiveservices\Search.BingAutoSuggest\tests\AutoSuggestTests.cs(35,21): error CS0103: The name 'Assert' does not exist in the current context
C:\gh\azure-sdk-for-net\sdk\cognitiveservices\Search.BingAutoSuggest\tests\AutoSuggestTests.cs(36,21): error CS0103: The name 'Assert' does not exist in the current context
C:\gh\azure-sdk-for-net\artifacts\obj\Microsoft.Azure.CognitiveServices.Search.BingAutoSuggest.Tests\Debug\net461\.NETFramework,Version=v4.6.1.AssemblyAttributes.cs(2,1): hidden CS8019: Unnecessary using directive.
C:\gh\azure-sdk-for-net\sdk\cognitiveservices\Search.BingAutoSuggest\tests\AutoSuggestTests.cs(3,1): hidden CS8019: Unnecessary using directive.
C:\gh\azure-sdk-for-net\artifacts\obj\Microsoft.Azure.CognitiveServices.Search.BingAutoSuggest.Tests\Debug\net461\Microsoft.Azure.CognitiveServices.Search.BingAutoSuggest.Tests.AssemblyInfo.cs(11,1): hidden CS8019: Unnecessary using directive.
C:\gh\azure-sdk-for-net\sdk\cognitiveservices\Search.BingAutoSuggest\tests\AutoSuggestTests.cs(5,1): hidden CS8019: Unnecessary using directive.
C:\gh\azure-sdk-for-net\artifacts\obj\Microsoft.Azure.CognitiveServices.Search.BingAutoSuggest.Tests\Debug\net461\.NETFramework,Version=v4.6.1.AssemblyAttributes.cs(3,1): hidden CS8019: Unnecessary using directive.
C:\gh\azure-sdk-for-net\artifacts\obj\Microsoft.Azure.CognitiveServices.Search.BingAutoSuggest.Tests\Debug\net461\Microsoft.Azure.CognitiveServices.Search.BingAutoSuggest.Tests.AssemblyInfo.cs(12,1): hidden CS8019: Unnecessary using directive.
C:\gh\azure-sdk-for-net\eng\mgmt\DisableTestRunParallel.cs(4,1): hidden CS8019: Unnecessary using directive.
C:\gh\azure-sdk-for-net\sdk\cognitiveservices\Search.BingAutoSuggest\tests\AutoSuggestTests.cs(1,1): hidden CS8019: Unnecessary using directive.
C:\gh\azure-sdk-for-net\eng\mgmt\DisableTestRunParallel.cs(5,1): hidden CS8019: Unnecessary using directive.
C:\gh\azure-sdk-for-net\sdk\cognitiveservices\Search.BingAutoSuggest\tests\AutoSuggestTests.cs(4,1): hidden CS8019: Unnecessary using directive.
