C:\gh\azure-sdk-for-net\sdk\monitor\Microsoft.OpenTelemetry.Exporter.AzureMonitor\tests\Microsoft.OpenTelemetry.Exporter.AzureMonitor.Integration.Tests\TestFramework\VerifyTelemetryItem.cs(53,40): error CS0122: 'TelemetryItem' is inaccessible due to its protection level
C:\gh\azure-sdk-for-net\sdk\monitor\Microsoft.OpenTelemetry.Exporter.AzureMonitor\tests\Microsoft.OpenTelemetry.Exporter.AzureMonitor.Integration.Tests\BasicTests.cs(17,31): error CS0246: The type or namespace name 'IClassFixture<>' could not be found (are you missing a using directive or an assembly reference?)
C:\gh\azure-sdk-for-net\sdk\monitor\Microsoft.OpenTelemetry.Exporter.AzureMonitor\tests\Microsoft.OpenTelemetry.Exporter.AzureMonitor.Integration.Tests\BasicTests.cs(17,45): error CS0246: The type or namespace name 'WebApplicationFactory<>' could not be found (are you missing a using directive or an assembly reference?)
C:\gh\azure-sdk-for-net\sdk\monitor\Microsoft.OpenTelemetry.Exporter.AzureMonitor\tests\Microsoft.OpenTelemetry.Exporter.AzureMonitor.Integration.Tests\OpenTelemetryTests.cs(16,39): error CS0246: The type or namespace name 'IClassFixture<>' could not be found (are you missing a using directive or an assembly reference?)
C:\gh\azure-sdk-for-net\sdk\monitor\Microsoft.OpenTelemetry.Exporter.AzureMonitor\tests\Microsoft.OpenTelemetry.Exporter.AzureMonitor.Integration.Tests\OpenTelemetryTests.cs(19,26): error CS0246: The type or namespace name 'ITestOutputHelper' could not be found (are you missing a using directive or an assembly reference?)
C:\gh\azure-sdk-for-net\sdk\monitor\Microsoft.OpenTelemetry.Exporter.AzureMonitor\tests\Microsoft.OpenTelemetry.Exporter.AzureMonitor.Integration.Tests\TestFramework\ExpectedTelemetryItemValues.cs(15,16): error CS0122: 'SeverityLevel' is inaccessible due to its protection level
C:\gh\azure-sdk-for-net\sdk\monitor\Microsoft.OpenTelemetry.Exporter.AzureMonitor\tests\Microsoft.OpenTelemetry.Exporter.AzureMonitor.Integration.Tests\OpenTelemetryTests.cs(61,61): error CS0122: 'TelemetryItem' is inaccessible due to its protection level
C:\gh\azure-sdk-for-net\sdk\monitor\Microsoft.OpenTelemetry.Exporter.AzureMonitor\tests\Microsoft.OpenTelemetry.Exporter.AzureMonitor.Integration.Tests\TestFramework\OpenTelemetryWebApplicationFactory.cs(23,65): error CS0246: The type or namespace name 'WebApplicationFactory<>' could not be found (are you missing a using directive or an assembly reference?)
C:\gh\azure-sdk-for-net\sdk\monitor\Microsoft.OpenTelemetry.Exporter.AzureMonitor\tests\Microsoft.OpenTelemetry.Exporter.AzureMonitor.Integration.Tests\TestFramework\MockTransmitter.cs(14,38): error CS0122: 'ITransmitter' is inaccessible due to its protection level
C:\gh\azure-sdk-for-net\sdk\monitor\Microsoft.OpenTelemetry.Exporter.AzureMonitor\tests\Microsoft.OpenTelemetry.Exporter.AzureMonitor.Integration.Tests\TestFramework\MockTransmitter.cs(16,30): error CS0122: 'TelemetryItem' is inaccessible due to its protection level
C:\gh\azure-sdk-for-net\sdk\monitor\Microsoft.OpenTelemetry.Exporter.AzureMonitor\tests\Microsoft.OpenTelemetry.Exporter.AzureMonitor.Integration.Tests\TestFramework\OpenTelemetryWebApplicationFactory.cs(29,17): error CS0246: The type or namespace name 'BaseProcessor<>' could not be found (are you missing a using directive or an assembly reference?)
C:\gh\azure-sdk-for-net\sdk\monitor\Microsoft.OpenTelemetry.Exporter.AzureMonitor\tests\Microsoft.OpenTelemetry.Exporter.AzureMonitor.Integration.Tests\TestFramework\OpenTelemetryWebApplicationFactory.cs(29,31): error CS0246: The type or namespace name 'Activity' could not be found (are you missing a using directive or an assembly reference?)
C:\gh\azure-sdk-for-net\sdk\monitor\Microsoft.OpenTelemetry.Exporter.AzureMonitor\tests\Microsoft.OpenTelemetry.Exporter.AzureMonitor.Integration.Tests\BasicTests.cs(27,10): error CS0246: The type or namespace name 'TheoryAttribute' could not be found (are you missing a using directive or an assembly reference?)
C:\gh\azure-sdk-for-net\sdk\monitor\Microsoft.OpenTelemetry.Exporter.AzureMonitor\tests\Microsoft.OpenTelemetry.Exporter.AzureMonitor.Integration.Tests\BasicTests.cs(27,10): error CS0246: The type or namespace name 'Theory' could not be found (are you missing a using directive or an assembly reference?)
C:\gh\azure-sdk-for-net\sdk\monitor\Microsoft.OpenTelemetry.Exporter.AzureMonitor\tests\Microsoft.OpenTelemetry.Exporter.AzureMonitor.Integration.Tests\BasicTests.cs(28,10): error CS0246: The type or namespace name 'InlineDataAttribute' could not be found (are you missing a using directive or an assembly reference?)
C:\gh\azure-sdk-for-net\sdk\monitor\Microsoft.OpenTelemetry.Exporter.AzureMonitor\tests\Microsoft.OpenTelemetry.Exporter.AzureMonitor.Integration.Tests\BasicTests.cs(28,10): error CS0246: The type or namespace name 'InlineData' could not be found (are you missing a using directive or an assembly reference?)
C:\gh\azure-sdk-for-net\sdk\monitor\Microsoft.OpenTelemetry.Exporter.AzureMonitor\tests\Microsoft.OpenTelemetry.Exporter.AzureMonitor.Integration.Tests\BasicTests.cs(29,10): error CS0246: The type or namespace name 'InlineDataAttribute' could not be found (are you missing a using directive or an assembly reference?)
C:\gh\azure-sdk-for-net\sdk\monitor\Microsoft.OpenTelemetry.Exporter.AzureMonitor\tests\Microsoft.OpenTelemetry.Exporter.AzureMonitor.Integration.Tests\BasicTests.cs(29,10): error CS0246: The type or namespace name 'InlineData' could not be found (are you missing a using directive or an assembly reference?)
C:\gh\azure-sdk-for-net\sdk\monitor\Microsoft.OpenTelemetry.Exporter.AzureMonitor\tests\Microsoft.OpenTelemetry.Exporter.AzureMonitor.Integration.Tests\TestFramework\OpenTelemetryWebApplicationFactory.cs(31,50): error CS0246: The type or namespace name 'IWebHostBuilder' could not be found (are you missing a using directive or an assembly reference?)
C:\gh\azure-sdk-for-net\sdk\monitor\Microsoft.OpenTelemetry.Exporter.AzureMonitor\tests\Microsoft.OpenTelemetry.Exporter.AzureMonitor.Integration.Tests\BasicTests.cs(19,26): error CS0246: The type or namespace name 'WebApplicationFactory<>' could not be found (are you missing a using directive or an assembly reference?)
C:\gh\azure-sdk-for-net\sdk\monitor\Microsoft.OpenTelemetry.Exporter.AzureMonitor\tests\Microsoft.OpenTelemetry.Exporter.AzureMonitor.Integration.Tests\TestFramework\MockTransmitter.cs(18,54): error CS0122: 'TelemetryItem' is inaccessible due to its protection level
C:\gh\azure-sdk-for-net\sdk\monitor\Microsoft.OpenTelemetry.Exporter.AzureMonitor\tests\Microsoft.OpenTelemetry.Exporter.AzureMonitor.Integration.Tests\TestFramework\MockTransmitter.cs(18,16): error CS0246: The type or namespace name 'ValueTask<>' could not be found (are you missing a using directive or an assembly reference?)
C:\gh\azure-sdk-for-net\sdk\monitor\Microsoft.OpenTelemetry.Exporter.AzureMonitor\tests\Microsoft.OpenTelemetry.Exporter.AzureMonitor.Integration.Tests\TestFramework\VerifyTelemetryItem.cs(43,45): error CS0122: 'TelemetryItem' is inaccessible due to its protection level
C:\gh\azure-sdk-for-net\sdk\monitor\Microsoft.OpenTelemetry.Exporter.AzureMonitor\tests\Microsoft.OpenTelemetry.Exporter.AzureMonitor.Integration.Tests\TestFramework\VerifyTelemetryItem.cs(33,42): error CS0122: 'TelemetryItem' is inaccessible due to its protection level
C:\gh\azure-sdk-for-net\sdk\monitor\Microsoft.OpenTelemetry.Exporter.AzureMonitor\tests\Microsoft.OpenTelemetry.Exporter.AzureMonitor.Integration.Tests\OpenTelemetryTests.cs(32,10): error CS0246: The type or namespace name 'FactAttribute' could not be found (are you missing a using directive or an assembly reference?)
C:\gh\azure-sdk-for-net\sdk\monitor\Microsoft.OpenTelemetry.Exporter.AzureMonitor\tests\Microsoft.OpenTelemetry.Exporter.AzureMonitor.Integration.Tests\OpenTelemetryTests.cs(32,10): error CS0246: The type or namespace name 'Fact' could not be found (are you missing a using directive or an assembly reference?)
C:\gh\azure-sdk-for-net\sdk\monitor\Microsoft.OpenTelemetry.Exporter.AzureMonitor\tests\Microsoft.OpenTelemetry.Exporter.AzureMonitor.Integration.Tests\BasicTests.cs(21,27): error CS0246: The type or namespace name 'WebApplicationFactory<>' could not be found (are you missing a using directive or an assembly reference?)
C:\gh\azure-sdk-for-net\sdk\monitor\Microsoft.OpenTelemetry.Exporter.AzureMonitor\tests\Microsoft.OpenTelemetry.Exporter.AzureMonitor.Integration.Tests\TestFramework\VerifyTelemetryItem.cs(15,35): error CS0122: 'TelemetryItem' is inaccessible due to its protection level
C:\gh\azure-sdk-for-net\sdk\monitor\Microsoft.OpenTelemetry.Exporter.AzureMonitor\tests\Microsoft.OpenTelemetry.Exporter.AzureMonitor.Integration.Tests\TestFramework\VerifyTelemetryItem.cs(15,64): error CS0246: The type or namespace name 'ActivityKind' could not be found (are you missing a using directive or an assembly reference?)
C:\gh\azure-sdk-for-net\sdk\monitor\Microsoft.OpenTelemetry.Exporter.AzureMonitor\tests\Microsoft.OpenTelemetry.Exporter.AzureMonitor.Integration.Tests\OpenTelemetryTests.cs(21,105): error CS0246: The type or namespace name 'ITestOutputHelper' could not be found (are you missing a using directive or an assembly reference?)
C:\gh\azure-sdk-for-net\sdk\monitor\Microsoft.OpenTelemetry.Exporter.AzureMonitor\tests\Microsoft.OpenTelemetry.Exporter.AzureMonitor.Integration.Tests\TelemetryItemTests.cs(124,52): error CS0246: The type or namespace name 'ILogger<>' could not be found (are you missing a using directive or an assembly reference?)
C:\gh\azure-sdk-for-net\sdk\monitor\Microsoft.OpenTelemetry.Exporter.AzureMonitor\tests\Microsoft.OpenTelemetry.Exporter.AzureMonitor.Integration.Tests\TelemetryItemTests.cs(124,17): error CS0122: 'TelemetryItem' is inaccessible due to its protection level
C:\gh\azure-sdk-for-net\sdk\monitor\Microsoft.OpenTelemetry.Exporter.AzureMonitor\tests\Microsoft.OpenTelemetry.Exporter.AzureMonitor.Integration.Tests\TelemetryItemTests.cs(94,54): error CS0246: The type or namespace name 'ActivitySource' could not be found (are you missing a using directive or an assembly reference?)
C:\gh\azure-sdk-for-net\sdk\monitor\Microsoft.OpenTelemetry.Exporter.AzureMonitor\tests\Microsoft.OpenTelemetry.Exporter.AzureMonitor.Integration.Tests\TelemetryItemTests.cs(94,17): error CS0122: 'TelemetryItem' is inaccessible due to its protection level
C:\gh\azure-sdk-for-net\sdk\monitor\Microsoft.OpenTelemetry.Exporter.AzureMonitor\tests\Microsoft.OpenTelemetry.Exporter.AzureMonitor.Integration.Tests\TelemetryItemTests.cs(75,35): error CS0122: 'LogLevel' is inaccessible due to its protection level
C:\gh\azure-sdk-for-net\sdk\monitor\Microsoft.OpenTelemetry.Exporter.AzureMonitor\tests\Microsoft.OpenTelemetry.Exporter.AzureMonitor.Integration.Tests\TelemetryItemTests.cs(41,36): error CS0246: The type or namespace name 'ActivityKind' could not be found (are you missing a using directive or an assembly reference?)
C:\gh\azure-sdk-for-net\sdk\monitor\Microsoft.OpenTelemetry.Exporter.AzureMonitor\tests\Microsoft.OpenTelemetry.Exporter.AzureMonitor.Integration.Tests\Properties\AssemblyInfo.cs(5,12): error CS0246: The type or namespace name 'CollectionBehaviorAttribute' could not be found (are you missing a using directive or an assembly reference?)
C:\gh\azure-sdk-for-net\sdk\monitor\Microsoft.OpenTelemetry.Exporter.AzureMonitor\tests\Microsoft.OpenTelemetry.Exporter.AzureMonitor.Integration.Tests\Properties\AssemblyInfo.cs(5,12): error CS0246: The type or namespace name 'CollectionBehavior' could not be found (are you missing a using directive or an assembly reference?)
C:\gh\azure-sdk-for-net\sdk\monitor\Microsoft.OpenTelemetry.Exporter.AzureMonitor\tests\Microsoft.OpenTelemetry.Exporter.AzureMonitor.Integration.Tests\Properties\AssemblyInfo.cs(5,31): error CS0103: The name 'CollectionBehavior' does not exist in the current context
C:\gh\azure-sdk-for-net\sdk\monitor\Microsoft.OpenTelemetry.Exporter.AzureMonitor\tests\Microsoft.OpenTelemetry.Exporter.AzureMonitor.Integration.Tests\Properties\AssemblyInfo.cs(5,73): error CS0246: The type or namespace name 'DisableTestParallelization' could not be found (are you missing a using directive or an assembly reference?)
C:\gh\azure-sdk-for-net\sdk\monitor\Microsoft.OpenTelemetry.Exporter.AzureMonitor\tests\Microsoft.OpenTelemetry.Exporter.AzureMonitor.Integration.Tests\BasicTests.cs(8,17): error CS0234: The type or namespace name 'AspNetCore' does not exist in the namespace 'Microsoft' (are you missing an assembly reference?)
C:\gh\azure-sdk-for-net\sdk\monitor\Microsoft.OpenTelemetry.Exporter.AzureMonitor\tests\Microsoft.OpenTelemetry.Exporter.AzureMonitor.Integration.Tests\BasicTests.cs(10,7): error CS0246: The type or namespace name 'Xunit' could not be found (are you missing a using directive or an assembly reference?)
C:\gh\azure-sdk-for-net\sdk\monitor\Microsoft.OpenTelemetry.Exporter.AzureMonitor\tests\Microsoft.OpenTelemetry.Exporter.AzureMonitor.Integration.Tests\OpenTelemetryTests.cs(11,7): error CS0246: The type or namespace name 'Xunit' could not be found (are you missing a using directive or an assembly reference?)
C:\gh\azure-sdk-for-net\sdk\monitor\Microsoft.OpenTelemetry.Exporter.AzureMonitor\tests\Microsoft.OpenTelemetry.Exporter.AzureMonitor.Integration.Tests\OpenTelemetryTests.cs(12,7): error CS0246: The type or namespace name 'Xunit' could not be found (are you missing a using directive or an assembly reference?)
C:\gh\azure-sdk-for-net\sdk\monitor\Microsoft.OpenTelemetry.Exporter.AzureMonitor\tests\Microsoft.OpenTelemetry.Exporter.AzureMonitor.Integration.Tests\Properties\AssemblyInfo.cs(4,7): error CS0246: The type or namespace name 'Xunit' could not be found (are you missing a using directive or an assembly reference?)
C:\gh\azure-sdk-for-net\sdk\monitor\Microsoft.OpenTelemetry.Exporter.AzureMonitor\tests\Microsoft.OpenTelemetry.Exporter.AzureMonitor.Integration.Tests\TelemetryItemTests.cs(9,28): error CS0234: The type or namespace name 'DependencyInjection' does not exist in the namespace 'Microsoft.Extensions' (are you missing an assembly reference?)
C:\gh\azure-sdk-for-net\sdk\monitor\Microsoft.OpenTelemetry.Exporter.AzureMonitor\tests\Microsoft.OpenTelemetry.Exporter.AzureMonitor.Integration.Tests\TelemetryItemTests.cs(14,7): error CS0246: The type or namespace name 'OpenTelemetry' could not be found (are you missing a using directive or an assembly reference?)
C:\gh\azure-sdk-for-net\sdk\monitor\Microsoft.OpenTelemetry.Exporter.AzureMonitor\tests\Microsoft.OpenTelemetry.Exporter.AzureMonitor.Integration.Tests\TelemetryItemTests.cs(15,7): error CS0246: The type or namespace name 'OpenTelemetry' could not be found (are you missing a using directive or an assembly reference?)
C:\gh\azure-sdk-for-net\sdk\monitor\Microsoft.OpenTelemetry.Exporter.AzureMonitor\tests\Microsoft.OpenTelemetry.Exporter.AzureMonitor.Integration.Tests\TelemetryItemTests.cs(16,7): error CS0246: The type or namespace name 'OpenTelemetry' could not be found (are you missing a using directive or an assembly reference?)
C:\gh\azure-sdk-for-net\sdk\monitor\Microsoft.OpenTelemetry.Exporter.AzureMonitor\tests\Microsoft.OpenTelemetry.Exporter.AzureMonitor.Integration.Tests\TelemetryItemTests.cs(18,7): error CS0246: The type or namespace name 'Xunit' could not be found (are you missing a using directive or an assembly reference?)
C:\gh\azure-sdk-for-net\sdk\monitor\Microsoft.OpenTelemetry.Exporter.AzureMonitor\tests\Microsoft.OpenTelemetry.Exporter.AzureMonitor.Integration.Tests\TestFramework\OpenTelemetryWebApplicationFactory.cs(6,17): error CS0234: The type or namespace name 'AspNetCore' does not exist in the namespace 'Microsoft' (are you missing an assembly reference?)
C:\gh\azure-sdk-for-net\sdk\monitor\Microsoft.OpenTelemetry.Exporter.AzureMonitor\tests\Microsoft.OpenTelemetry.Exporter.AzureMonitor.Integration.Tests\TestFramework\OpenTelemetryWebApplicationFactory.cs(7,17): error CS0234: The type or namespace name 'AspNetCore' does not exist in the namespace 'Microsoft' (are you missing an assembly reference?)
C:\gh\azure-sdk-for-net\sdk\monitor\Microsoft.OpenTelemetry.Exporter.AzureMonitor\tests\Microsoft.OpenTelemetry.Exporter.AzureMonitor.Integration.Tests\TestFramework\OpenTelemetryWebApplicationFactory.cs(8,28): error CS0234: The type or namespace name 'DependencyInjection' does not exist in the namespace 'Microsoft.Extensions' (are you missing an assembly reference?)
C:\gh\azure-sdk-for-net\sdk\monitor\Microsoft.OpenTelemetry.Exporter.AzureMonitor\tests\Microsoft.OpenTelemetry.Exporter.AzureMonitor.Integration.Tests\TestFramework\OpenTelemetryWebApplicationFactory.cs(11,7): error CS0246: The type or namespace name 'OpenTelemetry' could not be found (are you missing a using directive or an assembly reference?)
C:\gh\azure-sdk-for-net\sdk\monitor\Microsoft.OpenTelemetry.Exporter.AzureMonitor\tests\Microsoft.OpenTelemetry.Exporter.AzureMonitor.Integration.Tests\TestFramework\OpenTelemetryWebApplicationFactory.cs(12,7): error CS0246: The type or namespace name 'OpenTelemetry' could not be found (are you missing a using directive or an assembly reference?)
C:\gh\azure-sdk-for-net\sdk\monitor\Microsoft.OpenTelemetry.Exporter.AzureMonitor\tests\Microsoft.OpenTelemetry.Exporter.AzureMonitor.Integration.Tests\TestFramework\VerifyTelemetryItem.cs(9,7): error CS0246: The type or namespace name 'Xunit' could not be found (are you missing a using directive or an assembly reference?)
C:\gh\azure-sdk-for-net\sdk\monitor\Microsoft.OpenTelemetry.Exporter.AzureMonitor\tests\Microsoft.OpenTelemetry.Exporter.AzureMonitor.Integration.Tests\TestFramework\OpenTelemetryWebApplicationFactory.cs(25,32): error CS0122: 'TelemetryItem' is inaccessible due to its protection level
C:\gh\azure-sdk-for-net\sdk\monitor\Microsoft.OpenTelemetry.Exporter.AzureMonitor\tests\Microsoft.OpenTelemetry.Exporter.AzureMonitor.Integration.Tests\TelemetryItemTests.cs(35,10): error CS0246: The type or namespace name 'TheoryAttribute' could not be found (are you missing a using directive or an assembly reference?)
C:\gh\azure-sdk-for-net\sdk\monitor\Microsoft.OpenTelemetry.Exporter.AzureMonitor\tests\Microsoft.OpenTelemetry.Exporter.AzureMonitor.Integration.Tests\TelemetryItemTests.cs(35,10): error CS0246: The type or namespace name 'Theory' could not be found (are you missing a using directive or an assembly reference?)
C:\gh\azure-sdk-for-net\sdk\monitor\Microsoft.OpenTelemetry.Exporter.AzureMonitor\tests\Microsoft.OpenTelemetry.Exporter.AzureMonitor.Integration.Tests\TelemetryItemTests.cs(36,10): error CS0246: The type or namespace name 'InlineDataAttribute' could not be found (are you missing a using directive or an assembly reference?)
C:\gh\azure-sdk-for-net\sdk\monitor\Microsoft.OpenTelemetry.Exporter.AzureMonitor\tests\Microsoft.OpenTelemetry.Exporter.AzureMonitor.Integration.Tests\TelemetryItemTests.cs(36,10): error CS0246: The type or namespace name 'InlineData' could not be found (are you missing a using directive or an assembly reference?)
C:\gh\azure-sdk-for-net\sdk\monitor\Microsoft.OpenTelemetry.Exporter.AzureMonitor\tests\Microsoft.OpenTelemetry.Exporter.AzureMonitor.Integration.Tests\TelemetryItemTests.cs(37,10): error CS0246: The type or namespace name 'InlineDataAttribute' could not be found (are you missing a using directive or an assembly reference?)
C:\gh\azure-sdk-for-net\sdk\monitor\Microsoft.OpenTelemetry.Exporter.AzureMonitor\tests\Microsoft.OpenTelemetry.Exporter.AzureMonitor.Integration.Tests\TelemetryItemTests.cs(37,10): error CS0246: The type or namespace name 'InlineData' could not be found (are you missing a using directive or an assembly reference?)
C:\gh\azure-sdk-for-net\sdk\monitor\Microsoft.OpenTelemetry.Exporter.AzureMonitor\tests\Microsoft.OpenTelemetry.Exporter.AzureMonitor.Integration.Tests\TelemetryItemTests.cs(38,10): error CS0246: The type or namespace name 'InlineDataAttribute' could not be found (are you missing a using directive or an assembly reference?)
C:\gh\azure-sdk-for-net\sdk\monitor\Microsoft.OpenTelemetry.Exporter.AzureMonitor\tests\Microsoft.OpenTelemetry.Exporter.AzureMonitor.Integration.Tests\TelemetryItemTests.cs(38,10): error CS0246: The type or namespace name 'InlineData' could not be found (are you missing a using directive or an assembly reference?)
C:\gh\azure-sdk-for-net\sdk\monitor\Microsoft.OpenTelemetry.Exporter.AzureMonitor\tests\Microsoft.OpenTelemetry.Exporter.AzureMonitor.Integration.Tests\TelemetryItemTests.cs(39,10): error CS0246: The type or namespace name 'InlineDataAttribute' could not be found (are you missing a using directive or an assembly reference?)
C:\gh\azure-sdk-for-net\sdk\monitor\Microsoft.OpenTelemetry.Exporter.AzureMonitor\tests\Microsoft.OpenTelemetry.Exporter.AzureMonitor.Integration.Tests\TelemetryItemTests.cs(39,10): error CS0246: The type or namespace name 'InlineData' could not be found (are you missing a using directive or an assembly reference?)
C:\gh\azure-sdk-for-net\sdk\monitor\Microsoft.OpenTelemetry.Exporter.AzureMonitor\tests\Microsoft.OpenTelemetry.Exporter.AzureMonitor.Integration.Tests\TelemetryItemTests.cs(40,10): error CS0246: The type or namespace name 'InlineDataAttribute' could not be found (are you missing a using directive or an assembly reference?)
C:\gh\azure-sdk-for-net\sdk\monitor\Microsoft.OpenTelemetry.Exporter.AzureMonitor\tests\Microsoft.OpenTelemetry.Exporter.AzureMonitor.Integration.Tests\TelemetryItemTests.cs(40,10): error CS0246: The type or namespace name 'InlineData' could not be found (are you missing a using directive or an assembly reference?)
C:\gh\azure-sdk-for-net\sdk\monitor\Microsoft.OpenTelemetry.Exporter.AzureMonitor\tests\Microsoft.OpenTelemetry.Exporter.AzureMonitor.Integration.Tests\TelemetryItemTests.cs(36,21): error CS0103: The name 'ActivityKind' does not exist in the current context
C:\gh\azure-sdk-for-net\sdk\monitor\Microsoft.OpenTelemetry.Exporter.AzureMonitor\tests\Microsoft.OpenTelemetry.Exporter.AzureMonitor.Integration.Tests\TelemetryItemTests.cs(37,21): error CS0103: The name 'ActivityKind' does not exist in the current context
C:\gh\azure-sdk-for-net\sdk\monitor\Microsoft.OpenTelemetry.Exporter.AzureMonitor\tests\Microsoft.OpenTelemetry.Exporter.AzureMonitor.Integration.Tests\TelemetryItemTests.cs(38,21): error CS0103: The name 'ActivityKind' does not exist in the current context
C:\gh\azure-sdk-for-net\sdk\monitor\Microsoft.OpenTelemetry.Exporter.AzureMonitor\tests\Microsoft.OpenTelemetry.Exporter.AzureMonitor.Integration.Tests\TelemetryItemTests.cs(39,21): error CS0103: The name 'ActivityKind' does not exist in the current context
C:\gh\azure-sdk-for-net\sdk\monitor\Microsoft.OpenTelemetry.Exporter.AzureMonitor\tests\Microsoft.OpenTelemetry.Exporter.AzureMonitor.Integration.Tests\TelemetryItemTests.cs(40,21): error CS0103: The name 'ActivityKind' does not exist in the current context
C:\gh\azure-sdk-for-net\sdk\monitor\Microsoft.OpenTelemetry.Exporter.AzureMonitor\tests\Microsoft.OpenTelemetry.Exporter.AzureMonitor.Integration.Tests\TelemetryItemTests.cs(68,10): error CS0246: The type or namespace name 'TheoryAttribute' could not be found (are you missing a using directive or an assembly reference?)
C:\gh\azure-sdk-for-net\sdk\monitor\Microsoft.OpenTelemetry.Exporter.AzureMonitor\tests\Microsoft.OpenTelemetry.Exporter.AzureMonitor.Integration.Tests\TelemetryItemTests.cs(68,10): error CS0246: The type or namespace name 'Theory' could not be found (are you missing a using directive or an assembly reference?)
C:\gh\azure-sdk-for-net\sdk\monitor\Microsoft.OpenTelemetry.Exporter.AzureMonitor\tests\Microsoft.OpenTelemetry.Exporter.AzureMonitor.Integration.Tests\TelemetryItemTests.cs(69,10): error CS0246: The type or namespace name 'InlineDataAttribute' could not be found (are you missing a using directive or an assembly reference?)
C:\gh\azure-sdk-for-net\sdk\monitor\Microsoft.OpenTelemetry.Exporter.AzureMonitor\tests\Microsoft.OpenTelemetry.Exporter.AzureMonitor.Integration.Tests\TelemetryItemTests.cs(69,10): error CS0246: The type or namespace name 'InlineData' could not be found (are you missing a using directive or an assembly reference?)
C:\gh\azure-sdk-for-net\sdk\monitor\Microsoft.OpenTelemetry.Exporter.AzureMonitor\tests\Microsoft.OpenTelemetry.Exporter.AzureMonitor.Integration.Tests\TelemetryItemTests.cs(70,10): error CS0246: The type or namespace name 'InlineDataAttribute' could not be found (are you missing a using directive or an assembly reference?)
C:\gh\azure-sdk-for-net\sdk\monitor\Microsoft.OpenTelemetry.Exporter.AzureMonitor\tests\Microsoft.OpenTelemetry.Exporter.AzureMonitor.Integration.Tests\TelemetryItemTests.cs(70,10): error CS0246: The type or namespace name 'InlineData' could not be found (are you missing a using directive or an assembly reference?)
C:\gh\azure-sdk-for-net\sdk\monitor\Microsoft.OpenTelemetry.Exporter.AzureMonitor\tests\Microsoft.OpenTelemetry.Exporter.AzureMonitor.Integration.Tests\TelemetryItemTests.cs(71,10): error CS0246: The type or namespace name 'InlineDataAttribute' could not be found (are you missing a using directive or an assembly reference?)
C:\gh\azure-sdk-for-net\sdk\monitor\Microsoft.OpenTelemetry.Exporter.AzureMonitor\tests\Microsoft.OpenTelemetry.Exporter.AzureMonitor.Integration.Tests\TelemetryItemTests.cs(71,10): error CS0246: The type or namespace name 'InlineData' could not be found (are you missing a using directive or an assembly reference?)
C:\gh\azure-sdk-for-net\sdk\monitor\Microsoft.OpenTelemetry.Exporter.AzureMonitor\tests\Microsoft.OpenTelemetry.Exporter.AzureMonitor.Integration.Tests\TelemetryItemTests.cs(72,10): error CS0246: The type or namespace name 'InlineDataAttribute' could not be found (are you missing a using directive or an assembly reference?)
C:\gh\azure-sdk-for-net\sdk\monitor\Microsoft.OpenTelemetry.Exporter.AzureMonitor\tests\Microsoft.OpenTelemetry.Exporter.AzureMonitor.Integration.Tests\TelemetryItemTests.cs(72,10): error CS0246: The type or namespace name 'InlineData' could not be found (are you missing a using directive or an assembly reference?)
C:\gh\azure-sdk-for-net\sdk\monitor\Microsoft.OpenTelemetry.Exporter.AzureMonitor\tests\Microsoft.OpenTelemetry.Exporter.AzureMonitor.Integration.Tests\TelemetryItemTests.cs(73,10): error CS0246: The type or namespace name 'InlineDataAttribute' could not be found (are you missing a using directive or an assembly reference?)
C:\gh\azure-sdk-for-net\sdk\monitor\Microsoft.OpenTelemetry.Exporter.AzureMonitor\tests\Microsoft.OpenTelemetry.Exporter.AzureMonitor.Integration.Tests\TelemetryItemTests.cs(73,10): error CS0246: The type or namespace name 'InlineData' could not be found (are you missing a using directive or an assembly reference?)
C:\gh\azure-sdk-for-net\sdk\monitor\Microsoft.OpenTelemetry.Exporter.AzureMonitor\tests\Microsoft.OpenTelemetry.Exporter.AzureMonitor.Integration.Tests\TelemetryItemTests.cs(74,10): error CS0246: The type or namespace name 'InlineDataAttribute' could not be found (are you missing a using directive or an assembly reference?)
C:\gh\azure-sdk-for-net\sdk\monitor\Microsoft.OpenTelemetry.Exporter.AzureMonitor\tests\Microsoft.OpenTelemetry.Exporter.AzureMonitor.Integration.Tests\TelemetryItemTests.cs(74,10): error CS0246: The type or namespace name 'InlineData' could not be found (are you missing a using directive or an assembly reference?)
C:\gh\azure-sdk-for-net\sdk\monitor\Microsoft.OpenTelemetry.Exporter.AzureMonitor\tests\Microsoft.OpenTelemetry.Exporter.AzureMonitor.Integration.Tests\TelemetryItemTests.cs(69,21): error CS0122: 'LogLevel' is inaccessible due to its protection level
C:\gh\azure-sdk-for-net\sdk\monitor\Microsoft.OpenTelemetry.Exporter.AzureMonitor\tests\Microsoft.OpenTelemetry.Exporter.AzureMonitor.Integration.Tests\TelemetryItemTests.cs(70,21): error CS0122: 'LogLevel' is inaccessible due to its protection level
C:\gh\azure-sdk-for-net\sdk\monitor\Microsoft.OpenTelemetry.Exporter.AzureMonitor\tests\Microsoft.OpenTelemetry.Exporter.AzureMonitor.Integration.Tests\TelemetryItemTests.cs(71,21): error CS0122: 'LogLevel' is inaccessible due to its protection level
C:\gh\azure-sdk-for-net\sdk\monitor\Microsoft.OpenTelemetry.Exporter.AzureMonitor\tests\Microsoft.OpenTelemetry.Exporter.AzureMonitor.Integration.Tests\TelemetryItemTests.cs(72,21): error CS0122: 'LogLevel' is inaccessible due to its protection level
C:\gh\azure-sdk-for-net\sdk\monitor\Microsoft.OpenTelemetry.Exporter.AzureMonitor\tests\Microsoft.OpenTelemetry.Exporter.AzureMonitor.Integration.Tests\TelemetryItemTests.cs(73,21): error CS0122: 'LogLevel' is inaccessible due to its protection level
C:\gh\azure-sdk-for-net\sdk\monitor\Microsoft.OpenTelemetry.Exporter.AzureMonitor\tests\Microsoft.OpenTelemetry.Exporter.AzureMonitor.Integration.Tests\TelemetryItemTests.cs(74,21): error CS0122: 'LogLevel' is inaccessible due to its protection level
C:\gh\azure-sdk-for-net\sdk\monitor\Microsoft.OpenTelemetry.Exporter.AzureMonitor\tests\Microsoft.OpenTelemetry.Exporter.AzureMonitor.Integration.Tests\TelemetryItemTests.cs(160,10): error CS0246: The type or namespace name 'FactAttribute' could not be found (are you missing a using directive or an assembly reference?)
C:\gh\azure-sdk-for-net\sdk\monitor\Microsoft.OpenTelemetry.Exporter.AzureMonitor\tests\Microsoft.OpenTelemetry.Exporter.AzureMonitor.Integration.Tests\TelemetryItemTests.cs(160,10): error CS0246: The type or namespace name 'Fact' could not be found (are you missing a using directive or an assembly reference?)
C:\gh\azure-sdk-for-net\sdk\monitor\Microsoft.OpenTelemetry.Exporter.AzureMonitor\tests\Microsoft.OpenTelemetry.Exporter.AzureMonitor.Integration.Tests\TestFramework\MockTransmitter.cs(16,80): error CS0122: 'TelemetryItem' is inaccessible due to its protection level
C:\gh\azure-sdk-for-net\sdk\monitor\Microsoft.OpenTelemetry.Exporter.AzureMonitor\tests\Microsoft.OpenTelemetry.Exporter.AzureMonitor.Integration.Tests\BasicTests.cs(34,55): error CS1503: Argument 2: cannot convert from 'string' to 'bool'
C:\gh\azure-sdk-for-net\sdk\monitor\Microsoft.OpenTelemetry.Exporter.AzureMonitor\tests\Microsoft.OpenTelemetry.Exporter.AzureMonitor.Integration.Tests\BasicTests.cs(40,13): error CS0103: The name 'Assert' does not exist in the current context
C:\gh\azure-sdk-for-net\sdk\monitor\Microsoft.OpenTelemetry.Exporter.AzureMonitor\tests\Microsoft.OpenTelemetry.Exporter.AzureMonitor.Integration.Tests\TestFramework\MockTransmitter.cs(25,24): error CS0246: The type or namespace name 'ValueTask<>' could not be found (are you missing a using directive or an assembly reference?)
C:\gh\azure-sdk-for-net\sdk\monitor\Microsoft.OpenTelemetry.Exporter.AzureMonitor\tests\Microsoft.OpenTelemetry.Exporter.AzureMonitor.Integration.Tests\TestFramework\VerifyTelemetryItem.cs(19,22): error CS0103: The name 'ActivityKind' does not exist in the current context
C:\gh\azure-sdk-for-net\sdk\monitor\Microsoft.OpenTelemetry.Exporter.AzureMonitor\tests\Microsoft.OpenTelemetry.Exporter.AzureMonitor.Integration.Tests\TestFramework\VerifyTelemetryItem.cs(20,22): error CS0103: The name 'ActivityKind' does not exist in the current context
C:\gh\azure-sdk-for-net\sdk\monitor\Microsoft.OpenTelemetry.Exporter.AzureMonitor\tests\Microsoft.OpenTelemetry.Exporter.AzureMonitor.Integration.Tests\TestFramework\VerifyTelemetryItem.cs(21,22): error CS0103: The name 'ActivityKind' does not exist in the current context
C:\gh\azure-sdk-for-net\sdk\monitor\Microsoft.OpenTelemetry.Exporter.AzureMonitor\tests\Microsoft.OpenTelemetry.Exporter.AzureMonitor.Integration.Tests\TestFramework\VerifyTelemetryItem.cs(24,22): error CS0103: The name 'ActivityKind' does not exist in the current context
C:\gh\azure-sdk-for-net\sdk\monitor\Microsoft.OpenTelemetry.Exporter.AzureMonitor\tests\Microsoft.OpenTelemetry.Exporter.AzureMonitor.Integration.Tests\TestFramework\VerifyTelemetryItem.cs(25,22): error CS0103: The name 'ActivityKind' does not exist in the current context
C:\gh\azure-sdk-for-net\sdk\monitor\Microsoft.OpenTelemetry.Exporter.AzureMonitor\tests\Microsoft.OpenTelemetry.Exporter.AzureMonitor.Integration.Tests\TestFramework\OpenTelemetryWebApplicationFactory.cs(33,42): error CS0246: The type or namespace name 'BatchExportProcessor<>' could not be found (are you missing a using directive or an assembly reference?)
C:\gh\azure-sdk-for-net\sdk\monitor\Microsoft.OpenTelemetry.Exporter.AzureMonitor\tests\Microsoft.OpenTelemetry.Exporter.AzureMonitor.Integration.Tests\TestFramework\OpenTelemetryWebApplicationFactory.cs(33,63): error CS0246: The type or namespace name 'Activity' could not be found (are you missing a using directive or an assembly reference?)
C:\gh\azure-sdk-for-net\sdk\monitor\Microsoft.OpenTelemetry.Exporter.AzureMonitor\tests\Microsoft.OpenTelemetry.Exporter.AzureMonitor.Integration.Tests\TestFramework\OpenTelemetryWebApplicationFactory.cs(34,30): error CS0518: Predefined type 'System.Void' is not defined or imported
C:\gh\azure-sdk-for-net\sdk\monitor\Microsoft.OpenTelemetry.Exporter.AzureMonitor\tests\Microsoft.OpenTelemetry.Exporter.AzureMonitor.Integration.Tests\TestFramework\OpenTelemetryWebApplicationFactory.cs(36,21): error CS0518: Predefined type 'System.String' is not defined or imported
C:\gh\azure-sdk-for-net\sdk\monitor\Microsoft.OpenTelemetry.Exporter.AzureMonitor\tests\Microsoft.OpenTelemetry.Exporter.AzureMonitor.Integration.Tests\TestFramework\OpenTelemetryWebApplicationFactory.cs(33,77): error CS0518: Predefined type 'System.Void' is not defined or imported
C:\gh\azure-sdk-for-net\sdk\monitor\Microsoft.OpenTelemetry.Exporter.AzureMonitor\tests\Microsoft.OpenTelemetry.Exporter.AzureMonitor.Integration.Tests\TestFramework\OpenTelemetryWebApplicationFactory.cs(38,17): error CS1739: The best overload for 'AzureMonitorTraceExporter' does not have a parameter named 'transmitter'
C:\gh\azure-sdk-for-net\sdk\monitor\Microsoft.OpenTelemetry.Exporter.AzureMonitor\tests\Microsoft.OpenTelemetry.Exporter.AzureMonitor.Integration.Tests\TelemetryItemTests.cs(79,32): error CS0246: The type or namespace name 'Activity' could not be found (are you missing a using directive or an assembly reference?)
C:\gh\azure-sdk-for-net\sdk\monitor\Microsoft.OpenTelemetry.Exporter.AzureMonitor\tests\Microsoft.OpenTelemetry.Exporter.AzureMonitor.Integration.Tests\TestFramework\VerifyTelemetryItem.cs(35,13): error CS0122: 'Assert' is inaccessible due to its protection level
C:\gh\azure-sdk-for-net\sdk\monitor\Microsoft.OpenTelemetry.Exporter.AzureMonitor\tests\Microsoft.OpenTelemetry.Exporter.AzureMonitor.Integration.Tests\TestFramework\VerifyTelemetryItem.cs(35,51): error CS0246: The type or namespace name 'IUtf8JsonSerializable' could not be found (are you missing a using directive or an assembly reference?)
C:\gh\azure-sdk-for-net\sdk\monitor\Microsoft.OpenTelemetry.Exporter.AzureMonitor\tests\Microsoft.OpenTelemetry.Exporter.AzureMonitor.Integration.Tests\TestFramework\VerifyTelemetryItem.cs(35,51): error CS0122: 'TelemetryItem.Name' is inaccessible due to its protection level
C:\gh\azure-sdk-for-net\sdk\monitor\Microsoft.OpenTelemetry.Exporter.AzureMonitor\tests\Microsoft.OpenTelemetry.Exporter.AzureMonitor.Integration.Tests\TestFramework\VerifyTelemetryItem.cs(36,13): error CS0122: 'Assert' is inaccessible due to its protection level
C:\gh\azure-sdk-for-net\sdk\monitor\Microsoft.OpenTelemetry.Exporter.AzureMonitor\tests\Microsoft.OpenTelemetry.Exporter.AzureMonitor.Integration.Tests\TestFramework\VerifyTelemetryItem.cs(36,33): error CS0122: 'RequestData' is inaccessible due to its protection level
C:\gh\azure-sdk-for-net\sdk\monitor\Microsoft.OpenTelemetry.Exporter.AzureMonitor\tests\Microsoft.OpenTelemetry.Exporter.AzureMonitor.Integration.Tests\TestFramework\VerifyTelemetryItem.cs(36,61): error CS0246: The type or namespace name 'IUtf8JsonSerializable' could not be found (are you missing a using directive or an assembly reference?)
C:\gh\azure-sdk-for-net\sdk\monitor\Microsoft.OpenTelemetry.Exporter.AzureMonitor\tests\Microsoft.OpenTelemetry.Exporter.AzureMonitor.Integration.Tests\TestFramework\VerifyTelemetryItem.cs(36,61): error CS0122: 'TelemetryItem.Data' is inaccessible due to its protection level
C:\gh\azure-sdk-for-net\sdk\monitor\Microsoft.OpenTelemetry.Exporter.AzureMonitor\tests\Microsoft.OpenTelemetry.Exporter.AzureMonitor.Integration.Tests\TestFramework\VerifyTelemetryItem.cs(38,51): error CS0246: The type or namespace name 'IUtf8JsonSerializable' could not be found (are you missing a using directive or an assembly reference?)
C:\gh\azure-sdk-for-net\sdk\monitor\Microsoft.OpenTelemetry.Exporter.AzureMonitor\tests\Microsoft.OpenTelemetry.Exporter.AzureMonitor.Integration.Tests\TestFramework\VerifyTelemetryItem.cs(38,51): error CS0122: 'TelemetryItem.Data' is inaccessible due to its protection level
C:\gh\azure-sdk-for-net\sdk\monitor\Microsoft.OpenTelemetry.Exporter.AzureMonitor\tests\Microsoft.OpenTelemetry.Exporter.AzureMonitor.Integration.Tests\TestFramework\VerifyTelemetryItem.cs(38,25): error CS0122: 'RequestData' is inaccessible due to its protection level
C:\gh\azure-sdk-for-net\sdk\monitor\Microsoft.OpenTelemetry.Exporter.AzureMonitor\tests\Microsoft.OpenTelemetry.Exporter.AzureMonitor.Integration.Tests\TestFramework\VerifyTelemetryItem.cs(39,13): error CS0122: 'Assert' is inaccessible due to its protection level
C:\gh\azure-sdk-for-net\sdk\monitor\Microsoft.OpenTelemetry.Exporter.AzureMonitor\tests\Microsoft.OpenTelemetry.Exporter.AzureMonitor.Integration.Tests\TestFramework\VerifyTelemetryItem.cs(39,50): error CS0246: The type or namespace name 'IUtf8JsonSerializable' could not be found (are you missing a using directive or an assembly reference?)
C:\gh\azure-sdk-for-net\sdk\monitor\Microsoft.OpenTelemetry.Exporter.AzureMonitor\tests\Microsoft.OpenTelemetry.Exporter.AzureMonitor.Integration.Tests\TestFramework\VerifyTelemetryItem.cs(39,50): error CS0122: 'RequestData.Name' is inaccessible due to its protection level
C:\gh\azure-sdk-for-net\sdk\monitor\Microsoft.OpenTelemetry.Exporter.AzureMonitor\tests\Microsoft.OpenTelemetry.Exporter.AzureMonitor.Integration.Tests\TestFramework\VerifyTelemetryItem.cs(40,13): error CS0122: 'Assert' is inaccessible due to its protection level
C:\gh\azure-sdk-for-net\sdk\monitor\Microsoft.OpenTelemetry.Exporter.AzureMonitor\tests\Microsoft.OpenTelemetry.Exporter.AzureMonitor.Integration.Tests\TestFramework\VerifyTelemetryItem.cs(40,62): error CS0246: The type or namespace name 'IUtf8JsonSerializable' could not be found (are you missing a using directive or an assembly reference?)
C:\gh\azure-sdk-for-net\sdk\monitor\Microsoft.OpenTelemetry.Exporter.AzureMonitor\tests\Microsoft.OpenTelemetry.Exporter.AzureMonitor.Integration.Tests\TestFramework\VerifyTelemetryItem.cs(40,62): error CS0122: 'RequestData.Properties' is inaccessible due to its protection level
C:\gh\azure-sdk-for-net\sdk\monitor\Microsoft.OpenTelemetry.Exporter.AzureMonitor\tests\Microsoft.OpenTelemetry.Exporter.AzureMonitor.Integration.Tests\OpenTelemetryTests.cs(38,39): error CS1061: 'OpenTelemetryWebApplicationFactory<Startup>' does not contain a definition for 'CreateClient' and no accessible extension method 'CreateClient' accepting a first argument of type 'OpenTelemetryWebApplicationFactory<Startup>' could be found (are you missing a using directive or an assembly reference?)
C:\gh\azure-sdk-for-net\sdk\monitor\Microsoft.OpenTelemetry.Exporter.AzureMonitor\tests\Microsoft.OpenTelemetry.Exporter.AzureMonitor.Integration.Tests\OpenTelemetryTests.cs(49,13): error CS0103: The name 'Assert' does not exist in the current context
C:\gh\azure-sdk-for-net\sdk\monitor\Microsoft.OpenTelemetry.Exporter.AzureMonitor\tests\Microsoft.OpenTelemetry.Exporter.AzureMonitor.Integration.Tests\OpenTelemetryTests.cs(53,53): error CS0246: The type or namespace name 'IUtf8JsonSerializable' could not be found (are you missing a using directive or an assembly reference?)
C:\gh\azure-sdk-for-net\sdk\monitor\Microsoft.OpenTelemetry.Exporter.AzureMonitor\tests\Microsoft.OpenTelemetry.Exporter.AzureMonitor.Integration.Tests\OpenTelemetryTests.cs(53,53): error CS0122: 'TelemetryItem.Data' is inaccessible due to its protection level
C:\gh\azure-sdk-for-net\sdk\monitor\Microsoft.OpenTelemetry.Exporter.AzureMonitor\tests\Microsoft.OpenTelemetry.Exporter.AzureMonitor.Integration.Tests\OpenTelemetryTests.cs(53,36): error CS0122: 'RequestData' is inaccessible due to its protection level
C:\gh\azure-sdk-for-net\sdk\monitor\Microsoft.OpenTelemetry.Exporter.AzureMonitor\tests\Microsoft.OpenTelemetry.Exporter.AzureMonitor.Integration.Tests\OpenTelemetryTests.cs(54,13): error CS0103: The name 'Assert' does not exist in the current context
C:\gh\azure-sdk-for-net\sdk\monitor\Microsoft.OpenTelemetry.Exporter.AzureMonitor\tests\Microsoft.OpenTelemetry.Exporter.AzureMonitor.Integration.Tests\OpenTelemetryTests.cs(54,34): error CS0246: The type or namespace name 'IUtf8JsonSerializable' could not be found (are you missing a using directive or an assembly reference?)
C:\gh\azure-sdk-for-net\sdk\monitor\Microsoft.OpenTelemetry.Exporter.AzureMonitor\tests\Microsoft.OpenTelemetry.Exporter.AzureMonitor.Integration.Tests\OpenTelemetryTests.cs(54,34): error CS0122: 'RequestData.Url' is inaccessible due to its protection level
C:\gh\azure-sdk-for-net\sdk\monitor\Microsoft.OpenTelemetry.Exporter.AzureMonitor\tests\Microsoft.OpenTelemetry.Exporter.AzureMonitor.Integration.Tests\TestFramework\VerifyTelemetryItem.cs(45,13): error CS0122: 'Assert' is inaccessible due to its protection level
C:\gh\azure-sdk-for-net\sdk\monitor\Microsoft.OpenTelemetry.Exporter.AzureMonitor\tests\Microsoft.OpenTelemetry.Exporter.AzureMonitor.Integration.Tests\TestFramework\VerifyTelemetryItem.cs(45,60): error CS0246: The type or namespace name 'IUtf8JsonSerializable' could not be found (are you missing a using directive or an assembly reference?)
C:\gh\azure-sdk-for-net\sdk\monitor\Microsoft.OpenTelemetry.Exporter.AzureMonitor\tests\Microsoft.OpenTelemetry.Exporter.AzureMonitor.Integration.Tests\TestFramework\VerifyTelemetryItem.cs(45,60): error CS0122: 'TelemetryItem.Name' is inaccessible due to its protection level
C:\gh\azure-sdk-for-net\sdk\monitor\Microsoft.OpenTelemetry.Exporter.AzureMonitor\tests\Microsoft.OpenTelemetry.Exporter.AzureMonitor.Integration.Tests\TestFramework\VerifyTelemetryItem.cs(46,13): error CS0122: 'Assert' is inaccessible due to its protection level
C:\gh\azure-sdk-for-net\sdk\monitor\Microsoft.OpenTelemetry.Exporter.AzureMonitor\tests\Microsoft.OpenTelemetry.Exporter.AzureMonitor.Integration.Tests\TestFramework\VerifyTelemetryItem.cs(46,33): error CS0122: 'RemoteDependencyData' is inaccessible due to its protection level
C:\gh\azure-sdk-for-net\sdk\monitor\Microsoft.OpenTelemetry.Exporter.AzureMonitor\tests\Microsoft.OpenTelemetry.Exporter.AzureMonitor.Integration.Tests\TestFramework\VerifyTelemetryItem.cs(46,70): error CS0246: The type or namespace name 'IUtf8JsonSerializable' could not be found (are you missing a using directive or an assembly reference?)
C:\gh\azure-sdk-for-net\sdk\monitor\Microsoft.OpenTelemetry.Exporter.AzureMonitor\tests\Microsoft.OpenTelemetry.Exporter.AzureMonitor.Integration.Tests\TestFramework\VerifyTelemetryItem.cs(46,70): error CS0122: 'TelemetryItem.Data' is inaccessible due to its protection level
C:\gh\azure-sdk-for-net\sdk\monitor\Microsoft.OpenTelemetry.Exporter.AzureMonitor\tests\Microsoft.OpenTelemetry.Exporter.AzureMonitor.Integration.Tests\TestFramework\VerifyTelemetryItem.cs(48,60): error CS0246: The type or namespace name 'IUtf8JsonSerializable' could not be found (are you missing a using directive or an assembly reference?)
C:\gh\azure-sdk-for-net\sdk\monitor\Microsoft.OpenTelemetry.Exporter.AzureMonitor\tests\Microsoft.OpenTelemetry.Exporter.AzureMonitor.Integration.Tests\TestFramework\VerifyTelemetryItem.cs(48,60): error CS0122: 'TelemetryItem.Data' is inaccessible due to its protection level
C:\gh\azure-sdk-for-net\sdk\monitor\Microsoft.OpenTelemetry.Exporter.AzureMonitor\tests\Microsoft.OpenTelemetry.Exporter.AzureMonitor.Integration.Tests\TestFramework\VerifyTelemetryItem.cs(48,25): error CS0122: 'RemoteDependencyData' is inaccessible due to its protection level
C:\gh\azure-sdk-for-net\sdk\monitor\Microsoft.OpenTelemetry.Exporter.AzureMonitor\tests\Microsoft.OpenTelemetry.Exporter.AzureMonitor.Integration.Tests\TestFramework\VerifyTelemetryItem.cs(49,13): error CS0122: 'Assert' is inaccessible due to its protection level
C:\gh\azure-sdk-for-net\sdk\monitor\Microsoft.OpenTelemetry.Exporter.AzureMonitor\tests\Microsoft.OpenTelemetry.Exporter.AzureMonitor.Integration.Tests\TestFramework\VerifyTelemetryItem.cs(49,50): error CS0246: The type or namespace name 'IUtf8JsonSerializable' could not be found (are you missing a using directive or an assembly reference?)
C:\gh\azure-sdk-for-net\sdk\monitor\Microsoft.OpenTelemetry.Exporter.AzureMonitor\tests\Microsoft.OpenTelemetry.Exporter.AzureMonitor.Integration.Tests\TestFramework\VerifyTelemetryItem.cs(49,50): error CS0122: 'RemoteDependencyData.Name' is inaccessible due to its protection level
C:\gh\azure-sdk-for-net\sdk\monitor\Microsoft.OpenTelemetry.Exporter.AzureMonitor\tests\Microsoft.OpenTelemetry.Exporter.AzureMonitor.Integration.Tests\TestFramework\VerifyTelemetryItem.cs(50,13): error CS0122: 'Assert' is inaccessible due to its protection level
C:\gh\azure-sdk-for-net\sdk\monitor\Microsoft.OpenTelemetry.Exporter.AzureMonitor\tests\Microsoft.OpenTelemetry.Exporter.AzureMonitor.Integration.Tests\TestFramework\VerifyTelemetryItem.cs(50,62): error CS0246: The type or namespace name 'IUtf8JsonSerializable' could not be found (are you missing a using directive or an assembly reference?)
C:\gh\azure-sdk-for-net\sdk\monitor\Microsoft.OpenTelemetry.Exporter.AzureMonitor\tests\Microsoft.OpenTelemetry.Exporter.AzureMonitor.Integration.Tests\TestFramework\VerifyTelemetryItem.cs(50,62): error CS0122: 'RemoteDependencyData.Properties' is inaccessible due to its protection level
C:\gh\azure-sdk-for-net\sdk\monitor\Microsoft.OpenTelemetry.Exporter.AzureMonitor\tests\Microsoft.OpenTelemetry.Exporter.AzureMonitor.Integration.Tests\OpenTelemetryTests.cs(65,44): error CS0246: The type or namespace name 'IUtf8JsonSerializable' could not be found (are you missing a using directive or an assembly reference?)
C:\gh\azure-sdk-for-net\sdk\monitor\Microsoft.OpenTelemetry.Exporter.AzureMonitor\tests\Microsoft.OpenTelemetry.Exporter.AzureMonitor.Integration.Tests\OpenTelemetryTests.cs(65,44): error CS0122: 'TelemetryItem.Name' is inaccessible due to its protection level
C:\gh\azure-sdk-for-net\sdk\monitor\Microsoft.OpenTelemetry.Exporter.AzureMonitor\tests\Microsoft.OpenTelemetry.Exporter.AzureMonitor.Integration.Tests\OpenTelemetryTests.cs(67,26): error CS0246: The type or namespace name 'IUtf8JsonSerializable' could not be found (are you missing a using directive or an assembly reference?)
C:\gh\azure-sdk-for-net\sdk\monitor\Microsoft.OpenTelemetry.Exporter.AzureMonitor\tests\Microsoft.OpenTelemetry.Exporter.AzureMonitor.Integration.Tests\OpenTelemetryTests.cs(67,26): error CS0122: 'TelemetryItem.Data' is inaccessible due to its protection level
C:\gh\azure-sdk-for-net\sdk\monitor\Microsoft.OpenTelemetry.Exporter.AzureMonitor\tests\Microsoft.OpenTelemetry.Exporter.AzureMonitor.Integration.Tests\OpenTelemetryTests.cs(67,50): error CS0122: 'RequestData' is inaccessible due to its protection level
C:\gh\azure-sdk-for-net\sdk\monitor\Microsoft.OpenTelemetry.Exporter.AzureMonitor\tests\Microsoft.OpenTelemetry.Exporter.AzureMonitor.Integration.Tests\OpenTelemetryTests.cs(69,60): error CS0246: The type or namespace name 'IUtf8JsonSerializable' could not be found (are you missing a using directive or an assembly reference?)
C:\gh\azure-sdk-for-net\sdk\monitor\Microsoft.OpenTelemetry.Exporter.AzureMonitor\tests\Microsoft.OpenTelemetry.Exporter.AzureMonitor.Integration.Tests\OpenTelemetryTests.cs(69,60): error CS0122: 'RequestData.Url' is inaccessible due to its protection level
C:\gh\azure-sdk-for-net\sdk\monitor\Microsoft.OpenTelemetry.Exporter.AzureMonitor\tests\Microsoft.OpenTelemetry.Exporter.AzureMonitor.Integration.Tests\TestFramework\VerifyTelemetryItem.cs(55,13): error CS0122: 'Assert' is inaccessible due to its protection level
C:\gh\azure-sdk-for-net\sdk\monitor\Microsoft.OpenTelemetry.Exporter.AzureMonitor\tests\Microsoft.OpenTelemetry.Exporter.AzureMonitor.Integration.Tests\TestFramework\VerifyTelemetryItem.cs(55,51): error CS0246: The type or namespace name 'IUtf8JsonSerializable' could not be found (are you missing a using directive or an assembly reference?)
C:\gh\azure-sdk-for-net\sdk\monitor\Microsoft.OpenTelemetry.Exporter.AzureMonitor\tests\Microsoft.OpenTelemetry.Exporter.AzureMonitor.Integration.Tests\TestFramework\VerifyTelemetryItem.cs(55,51): error CS0122: 'TelemetryItem.Name' is inaccessible due to its protection level
C:\gh\azure-sdk-for-net\sdk\monitor\Microsoft.OpenTelemetry.Exporter.AzureMonitor\tests\Microsoft.OpenTelemetry.Exporter.AzureMonitor.Integration.Tests\TestFramework\VerifyTelemetryItem.cs(56,13): error CS0122: 'Assert' is inaccessible due to its protection level
C:\gh\azure-sdk-for-net\sdk\monitor\Microsoft.OpenTelemetry.Exporter.AzureMonitor\tests\Microsoft.OpenTelemetry.Exporter.AzureMonitor.Integration.Tests\TestFramework\VerifyTelemetryItem.cs(56,33): error CS0122: 'MessageData' is inaccessible due to its protection level
C:\gh\azure-sdk-for-net\sdk\monitor\Microsoft.OpenTelemetry.Exporter.AzureMonitor\tests\Microsoft.OpenTelemetry.Exporter.AzureMonitor.Integration.Tests\TestFramework\VerifyTelemetryItem.cs(56,61): error CS0246: The type or namespace name 'IUtf8JsonSerializable' could not be found (are you missing a using directive or an assembly reference?)
C:\gh\azure-sdk-for-net\sdk\monitor\Microsoft.OpenTelemetry.Exporter.AzureMonitor\tests\Microsoft.OpenTelemetry.Exporter.AzureMonitor.Integration.Tests\TestFramework\VerifyTelemetryItem.cs(56,61): error CS0122: 'TelemetryItem.Data' is inaccessible due to its protection level
C:\gh\azure-sdk-for-net\sdk\monitor\Microsoft.OpenTelemetry.Exporter.AzureMonitor\tests\Microsoft.OpenTelemetry.Exporter.AzureMonitor.Integration.Tests\TestFramework\VerifyTelemetryItem.cs(58,51): error CS0246: The type or namespace name 'IUtf8JsonSerializable' could not be found (are you missing a using directive or an assembly reference?)
C:\gh\azure-sdk-for-net\sdk\monitor\Microsoft.OpenTelemetry.Exporter.AzureMonitor\tests\Microsoft.OpenTelemetry.Exporter.AzureMonitor.Integration.Tests\TestFramework\VerifyTelemetryItem.cs(58,51): error CS0122: 'TelemetryItem.Data' is inaccessible due to its protection level
C:\gh\azure-sdk-for-net\sdk\monitor\Microsoft.OpenTelemetry.Exporter.AzureMonitor\tests\Microsoft.OpenTelemetry.Exporter.AzureMonitor.Integration.Tests\TestFramework\VerifyTelemetryItem.cs(58,25): error CS0122: 'MessageData' is inaccessible due to its protection level
C:\gh\azure-sdk-for-net\sdk\monitor\Microsoft.OpenTelemetry.Exporter.AzureMonitor\tests\Microsoft.OpenTelemetry.Exporter.AzureMonitor.Integration.Tests\TestFramework\VerifyTelemetryItem.cs(59,13): error CS0122: 'Assert' is inaccessible due to its protection level
C:\gh\azure-sdk-for-net\sdk\monitor\Microsoft.OpenTelemetry.Exporter.AzureMonitor\tests\Microsoft.OpenTelemetry.Exporter.AzureMonitor.Integration.Tests\TestFramework\VerifyTelemetryItem.cs(59,53): error CS0246: The type or namespace name 'IUtf8JsonSerializable' could not be found (are you missing a using directive or an assembly reference?)
C:\gh\azure-sdk-for-net\sdk\monitor\Microsoft.OpenTelemetry.Exporter.AzureMonitor\tests\Microsoft.OpenTelemetry.Exporter.AzureMonitor.Integration.Tests\TestFramework\VerifyTelemetryItem.cs(59,53): error CS0122: 'MessageData.Message' is inaccessible due to its protection level
C:\gh\azure-sdk-for-net\sdk\monitor\Microsoft.OpenTelemetry.Exporter.AzureMonitor\tests\Microsoft.OpenTelemetry.Exporter.AzureMonitor.Integration.Tests\TestFramework\VerifyTelemetryItem.cs(60,13): error CS0122: 'Assert' is inaccessible due to its protection level
C:\gh\azure-sdk-for-net\sdk\monitor\Microsoft.OpenTelemetry.Exporter.AzureMonitor\tests\Microsoft.OpenTelemetry.Exporter.AzureMonitor.Integration.Tests\TestFramework\VerifyTelemetryItem.cs(60,59): error CS0246: The type or namespace name 'IUtf8JsonSerializable' could not be found (are you missing a using directive or an assembly reference?)
C:\gh\azure-sdk-for-net\sdk\monitor\Microsoft.OpenTelemetry.Exporter.AzureMonitor\tests\Microsoft.OpenTelemetry.Exporter.AzureMonitor.Integration.Tests\TestFramework\VerifyTelemetryItem.cs(60,59): error CS0122: 'MessageData.SeverityLevel' is inaccessible due to its protection level
C:\gh\azure-sdk-for-net\sdk\monitor\Microsoft.OpenTelemetry.Exporter.AzureMonitor\tests\Microsoft.OpenTelemetry.Exporter.AzureMonitor.Integration.Tests\TestFramework\VerifyTelemetryItem.cs(61,13): error CS0122: 'Assert' is inaccessible due to its protection level
C:\gh\azure-sdk-for-net\sdk\monitor\Microsoft.OpenTelemetry.Exporter.AzureMonitor\tests\Microsoft.OpenTelemetry.Exporter.AzureMonitor.Integration.Tests\TestFramework\VerifyTelemetryItem.cs(61,61): error CS0246: The type or namespace name 'IUtf8JsonSerializable' could not be found (are you missing a using directive or an assembly reference?)
C:\gh\azure-sdk-for-net\sdk\monitor\Microsoft.OpenTelemetry.Exporter.AzureMonitor\tests\Microsoft.OpenTelemetry.Exporter.AzureMonitor.Integration.Tests\TestFramework\VerifyTelemetryItem.cs(61,61): error CS0122: 'TelemetryItem.Tags' is inaccessible due to its protection level
C:\gh\azure-sdk-for-net\sdk\monitor\Microsoft.OpenTelemetry.Exporter.AzureMonitor\tests\Microsoft.OpenTelemetry.Exporter.AzureMonitor.Integration.Tests\TestFramework\VerifyTelemetryItem.cs(62,13): error CS0122: 'Assert' is inaccessible due to its protection level
C:\gh\azure-sdk-for-net\sdk\monitor\Microsoft.OpenTelemetry.Exporter.AzureMonitor\tests\Microsoft.OpenTelemetry.Exporter.AzureMonitor.Integration.Tests\TestFramework\VerifyTelemetryItem.cs(62,62): error CS0246: The type or namespace name 'IUtf8JsonSerializable' could not be found (are you missing a using directive or an assembly reference?)
C:\gh\azure-sdk-for-net\sdk\monitor\Microsoft.OpenTelemetry.Exporter.AzureMonitor\tests\Microsoft.OpenTelemetry.Exporter.AzureMonitor.Integration.Tests\TestFramework\VerifyTelemetryItem.cs(62,62): error CS0122: 'TelemetryItem.Tags' is inaccessible due to its protection level
C:\gh\azure-sdk-for-net\sdk\monitor\Microsoft.OpenTelemetry.Exporter.AzureMonitor\tests\Microsoft.OpenTelemetry.Exporter.AzureMonitor.Integration.Tests\TelemetryItemTests.cs(98,44): error CS0246: The type or namespace name 'ActivitySource' could not be found (are you missing a using directive or an assembly reference?)
C:\gh\azure-sdk-for-net\sdk\monitor\Microsoft.OpenTelemetry.Exporter.AzureMonitor\tests\Microsoft.OpenTelemetry.Exporter.AzureMonitor.Integration.Tests\TelemetryItemTests.cs(101,33): error CS0246: The type or namespace name 'BatchExportProcessor<>' could not be found (are you missing a using directive or an assembly reference?)
C:\gh\azure-sdk-for-net\sdk\monitor\Microsoft.OpenTelemetry.Exporter.AzureMonitor\tests\Microsoft.OpenTelemetry.Exporter.AzureMonitor.Integration.Tests\TelemetryItemTests.cs(101,54): error CS0246: The type or namespace name 'Activity' could not be found (are you missing a using directive or an assembly reference?)
C:\gh\azure-sdk-for-net\sdk\monitor\Microsoft.OpenTelemetry.Exporter.AzureMonitor\tests\Microsoft.OpenTelemetry.Exporter.AzureMonitor.Integration.Tests\TelemetryItemTests.cs(102,30): error CS0518: Predefined type 'System.Void' is not defined or imported
C:\gh\azure-sdk-for-net\sdk\monitor\Microsoft.OpenTelemetry.Exporter.AzureMonitor\tests\Microsoft.OpenTelemetry.Exporter.AzureMonitor.Integration.Tests\TelemetryItemTests.cs(104,21): error CS0518: Predefined type 'System.String' is not defined or imported
C:\gh\azure-sdk-for-net\sdk\monitor\Microsoft.OpenTelemetry.Exporter.AzureMonitor\tests\Microsoft.OpenTelemetry.Exporter.AzureMonitor.Integration.Tests\TelemetryItemTests.cs(101,68): error CS0518: Predefined type 'System.Void' is not defined or imported
C:\gh\azure-sdk-for-net\sdk\monitor\Microsoft.OpenTelemetry.Exporter.AzureMonitor\tests\Microsoft.OpenTelemetry.Exporter.AzureMonitor.Integration.Tests\TelemetryItemTests.cs(106,17): error CS1739: The best overload for 'AzureMonitorTraceExporter' does not have a parameter named 'transmitter'
C:\gh\azure-sdk-for-net\sdk\monitor\Microsoft.OpenTelemetry.Exporter.AzureMonitor\tests\Microsoft.OpenTelemetry.Exporter.AzureMonitor.Integration.Tests\TelemetryItemTests.cs(108,40): error CS0103: The name 'Sdk' does not exist in the current context
C:\gh\azure-sdk-for-net\sdk\monitor\Microsoft.OpenTelemetry.Exporter.AzureMonitor\tests\Microsoft.OpenTelemetry.Exporter.AzureMonitor.Integration.Tests\TelemetryItemTests.cs(109,33): error CS0246: The type or namespace name 'AlwaysOnSampler' could not be found (are you missing a using directive or an assembly reference?)
C:\gh\azure-sdk-for-net\sdk\monitor\Microsoft.OpenTelemetry.Exporter.AzureMonitor\tests\Microsoft.OpenTelemetry.Exporter.AzureMonitor.Integration.Tests\TelemetryItemTests.cs(120,13): error CS0122: 'Assert' is inaccessible due to its protection level
C:\gh\azure-sdk-for-net\sdk\monitor\Microsoft.OpenTelemetry.Exporter.AzureMonitor\tests\Microsoft.OpenTelemetry.Exporter.AzureMonitor.Integration.Tests\TelemetryItemTests.cs(128,33): error CS0246: The type or namespace name 'BatchExportProcessor<>' could not be found (are you missing a using directive or an assembly reference?)
C:\gh\azure-sdk-for-net\sdk\monitor\Microsoft.OpenTelemetry.Exporter.AzureMonitor\tests\Microsoft.OpenTelemetry.Exporter.AzureMonitor.Integration.Tests\TelemetryItemTests.cs(128,54): error CS0246: The type or namespace name 'LogRecord' could not be found (are you missing a using directive or an assembly reference?)
C:\gh\azure-sdk-for-net\sdk\monitor\Microsoft.OpenTelemetry.Exporter.AzureMonitor\tests\Microsoft.OpenTelemetry.Exporter.AzureMonitor.Integration.Tests\TelemetryItemTests.cs(128,69): error CS0122: 'AzureMonitorLogExporter' is inaccessible due to its protection level
C:\gh\azure-sdk-for-net\sdk\monitor\Microsoft.OpenTelemetry.Exporter.AzureMonitor\tests\Microsoft.OpenTelemetry.Exporter.AzureMonitor.Integration.Tests\TelemetryItemTests.cs(129,30): error CS0518: Predefined type 'System.Void' is not defined or imported
C:\gh\azure-sdk-for-net\sdk\monitor\Microsoft.OpenTelemetry.Exporter.AzureMonitor\tests\Microsoft.OpenTelemetry.Exporter.AzureMonitor.Integration.Tests\TelemetryItemTests.cs(131,21): error CS0518: Predefined type 'System.String' is not defined or imported
C:\gh\azure-sdk-for-net\sdk\monitor\Microsoft.OpenTelemetry.Exporter.AzureMonitor\tests\Microsoft.OpenTelemetry.Exporter.AzureMonitor.Integration.Tests\TelemetryItemTests.cs(128,69): error CS0518: Predefined type 'System.Void' is not defined or imported
C:\gh\azure-sdk-for-net\sdk\monitor\Microsoft.OpenTelemetry.Exporter.AzureMonitor\tests\Microsoft.OpenTelemetry.Exporter.AzureMonitor.Integration.Tests\TelemetryItemTests.cs(135,41): error CS0246: The type or namespace name 'ServiceCollection' could not be found (are you missing a using directive or an assembly reference?)
C:\gh\azure-sdk-for-net\sdk\monitor\Microsoft.OpenTelemetry.Exporter.AzureMonitor\tests\Microsoft.OpenTelemetry.Exporter.AzureMonitor.Integration.Tests\TelemetryItemTests.cs(143,61): error CS0246: The type or namespace name 'ILogger<>' could not be found (are you missing a using directive or an assembly reference?)
C:\gh\azure-sdk-for-net\sdk\monitor\Microsoft.OpenTelemetry.Exporter.AzureMonitor\tests\Microsoft.OpenTelemetry.Exporter.AzureMonitor.Integration.Tests\TelemetryItemTests.cs(151,13): error CS0122: 'Assert' is inaccessible due to its protection level
C:\gh\azure-sdk-for-net\sdk\monitor\Microsoft.OpenTelemetry.Exporter.AzureMonitor\tests\Microsoft.OpenTelemetry.Exporter.AzureMonitor.Integration.Tests\TelemetryItemTests.cs(165,44): error CS0246: The type or namespace name 'ActivitySource' could not be found (are you missing a using directive or an assembly reference?)
C:\gh\azure-sdk-for-net\sdk\monitor\Microsoft.OpenTelemetry.Exporter.AzureMonitor\tests\Microsoft.OpenTelemetry.Exporter.AzureMonitor.Integration.Tests\TelemetryItemTests.cs(169,51): error CS0518: Predefined type 'System.Void' is not defined or imported
C:\gh\azure-sdk-for-net\sdk\monitor\Microsoft.OpenTelemetry.Exporter.AzureMonitor\tests\Microsoft.OpenTelemetry.Exporter.AzureMonitor.Integration.Tests\TelemetryItemTests.cs(171,17): error CS0518: Predefined type 'System.String' is not defined or imported
C:\gh\azure-sdk-for-net\sdk\monitor\Microsoft.OpenTelemetry.Exporter.AzureMonitor\tests\Microsoft.OpenTelemetry.Exporter.AzureMonitor.Integration.Tests\TelemetryItemTests.cs(174,34): error CS0246: The type or namespace name 'BatchExportProcessor<>' could not be found (are you missing a using directive or an assembly reference?)
C:\gh\azure-sdk-for-net\sdk\monitor\Microsoft.OpenTelemetry.Exporter.AzureMonitor\tests\Microsoft.OpenTelemetry.Exporter.AzureMonitor.Integration.Tests\TelemetryItemTests.cs(174,55): error CS0246: The type or namespace name 'Activity' could not be found (are you missing a using directive or an assembly reference?)
C:\gh\azure-sdk-for-net\sdk\monitor\Microsoft.OpenTelemetry.Exporter.AzureMonitor\tests\Microsoft.OpenTelemetry.Exporter.AzureMonitor.Integration.Tests\TelemetryItemTests.cs(174,69): error CS0518: Predefined type 'System.Void' is not defined or imported
C:\gh\azure-sdk-for-net\sdk\monitor\Microsoft.OpenTelemetry.Exporter.AzureMonitor\tests\Microsoft.OpenTelemetry.Exporter.AzureMonitor.Integration.Tests\TelemetryItemTests.cs(176,17): error CS1739: The best overload for 'AzureMonitorTraceExporter' does not have a parameter named 'transmitter'
C:\gh\azure-sdk-for-net\sdk\monitor\Microsoft.OpenTelemetry.Exporter.AzureMonitor\tests\Microsoft.OpenTelemetry.Exporter.AzureMonitor.Integration.Tests\TelemetryItemTests.cs(178,34): error CS0246: The type or namespace name 'BatchExportProcessor<>' could not be found (are you missing a using directive or an assembly reference?)
C:\gh\azure-sdk-for-net\sdk\monitor\Microsoft.OpenTelemetry.Exporter.AzureMonitor\tests\Microsoft.OpenTelemetry.Exporter.AzureMonitor.Integration.Tests\TelemetryItemTests.cs(178,55): error CS0246: The type or namespace name 'LogRecord' could not be found (are you missing a using directive or an assembly reference?)
C:\gh\azure-sdk-for-net\sdk\monitor\Microsoft.OpenTelemetry.Exporter.AzureMonitor\tests\Microsoft.OpenTelemetry.Exporter.AzureMonitor.Integration.Tests\TelemetryItemTests.cs(178,70): error CS0122: 'AzureMonitorLogExporter' is inaccessible due to its protection level
C:\gh\azure-sdk-for-net\sdk\monitor\Microsoft.OpenTelemetry.Exporter.AzureMonitor\tests\Microsoft.OpenTelemetry.Exporter.AzureMonitor.Integration.Tests\TelemetryItemTests.cs(178,70): error CS0518: Predefined type 'System.Void' is not defined or imported
C:\gh\azure-sdk-for-net\sdk\monitor\Microsoft.OpenTelemetry.Exporter.AzureMonitor\tests\Microsoft.OpenTelemetry.Exporter.AzureMonitor.Integration.Tests\TelemetryItemTests.cs(182,40): error CS0103: The name 'Sdk' does not exist in the current context
C:\gh\azure-sdk-for-net\sdk\monitor\Microsoft.OpenTelemetry.Exporter.AzureMonitor\tests\Microsoft.OpenTelemetry.Exporter.AzureMonitor.Integration.Tests\TelemetryItemTests.cs(183,33): error CS0246: The type or namespace name 'AlwaysOnSampler' could not be found (are you missing a using directive or an assembly reference?)
C:\gh\azure-sdk-for-net\sdk\monitor\Microsoft.OpenTelemetry.Exporter.AzureMonitor\tests\Microsoft.OpenTelemetry.Exporter.AzureMonitor.Integration.Tests\TelemetryItemTests.cs(188,41): error CS0246: The type or namespace name 'ServiceCollection' could not be found (are you missing a using directive or an assembly reference?)
C:\gh\azure-sdk-for-net\sdk\monitor\Microsoft.OpenTelemetry.Exporter.AzureMonitor\tests\Microsoft.OpenTelemetry.Exporter.AzureMonitor.Integration.Tests\TelemetryItemTests.cs(196,61): error CS0246: The type or namespace name 'ILogger<>' could not be found (are you missing a using directive or an assembly reference?)
C:\gh\azure-sdk-for-net\sdk\monitor\Microsoft.OpenTelemetry.Exporter.AzureMonitor\tests\Microsoft.OpenTelemetry.Exporter.AzureMonitor.Integration.Tests\TelemetryItemTests.cs(199,93): error CS0103: The name 'ActivityKind' does not exist in the current context
C:\gh\azure-sdk-for-net\sdk\monitor\Microsoft.OpenTelemetry.Exporter.AzureMonitor\tests\Microsoft.OpenTelemetry.Exporter.AzureMonitor.Integration.Tests\TelemetryItemTests.cs(211,13): error CS0122: 'Assert' is inaccessible due to its protection level
C:\gh\azure-sdk-for-net\sdk\monitor\Microsoft.OpenTelemetry.Exporter.AzureMonitor\tests\Microsoft.OpenTelemetry.Exporter.AzureMonitor.Integration.Tests\TelemetryItemTests.cs(212,13): error CS0122: 'Assert' is inaccessible due to its protection level
C:\gh\azure-sdk-for-net\sdk\monitor\Microsoft.OpenTelemetry.Exporter.AzureMonitor\tests\Microsoft.OpenTelemetry.Exporter.AzureMonitor.Integration.Tests\TelemetryItemTests.cs(214,77): error CS0246: The type or namespace name 'IUtf8JsonSerializable' could not be found (are you missing a using directive or an assembly reference?)
C:\gh\azure-sdk-for-net\sdk\monitor\Microsoft.OpenTelemetry.Exporter.AzureMonitor\tests\Microsoft.OpenTelemetry.Exporter.AzureMonitor.Integration.Tests\TelemetryItemTests.cs(214,77): error CS0122: 'TelemetryItem.Name' is inaccessible due to its protection level
C:\gh\azure-sdk-for-net\sdk\monitor\Microsoft.OpenTelemetry.Exporter.AzureMonitor\tests\Microsoft.OpenTelemetry.Exporter.AzureMonitor.Integration.Tests\TelemetryItemTests.cs(215,82): error CS0246: The type or namespace name 'IUtf8JsonSerializable' could not be found (are you missing a using directive or an assembly reference?)
C:\gh\azure-sdk-for-net\sdk\monitor\Microsoft.OpenTelemetry.Exporter.AzureMonitor\tests\Microsoft.OpenTelemetry.Exporter.AzureMonitor.Integration.Tests\TelemetryItemTests.cs(215,82): error CS0122: 'TelemetryItem.Name' is inaccessible due to its protection level
C:\gh\azure-sdk-for-net\sdk\monitor\Microsoft.OpenTelemetry.Exporter.AzureMonitor\tests\Microsoft.OpenTelemetry.Exporter.AzureMonitor.Integration.Tests\TelemetryItemTests.cs(217,32): error CS0122: 'RequestData' is inaccessible due to its protection level
C:\gh\azure-sdk-for-net\sdk\monitor\Microsoft.OpenTelemetry.Exporter.AzureMonitor\tests\Microsoft.OpenTelemetry.Exporter.AzureMonitor.Integration.Tests\TelemetryItemTests.cs(217,77): error CS0246: The type or namespace name 'IUtf8JsonSerializable' could not be found (are you missing a using directive or an assembly reference?)
C:\gh\azure-sdk-for-net\sdk\monitor\Microsoft.OpenTelemetry.Exporter.AzureMonitor\tests\Microsoft.OpenTelemetry.Exporter.AzureMonitor.Integration.Tests\TelemetryItemTests.cs(220,13): error CS0122: 'Assert' is inaccessible due to its protection level
C:\gh\azure-sdk-for-net\sdk\monitor\Microsoft.OpenTelemetry.Exporter.AzureMonitor\tests\Microsoft.OpenTelemetry.Exporter.AzureMonitor.Integration.Tests\TelemetryItemTests.cs(221,13): error CS0122: 'Assert' is inaccessible due to its protection level
C:\gh\azure-sdk-for-net\sdk\monitor\Microsoft.OpenTelemetry.Exporter.AzureMonitor\tests\Microsoft.OpenTelemetry.Exporter.AzureMonitor.Integration.Tests\TelemetryItemTests.cs(18,1): hidden CS8019: Unnecessary using directive.
C:\gh\azure-sdk-for-net\sdk\monitor\Microsoft.OpenTelemetry.Exporter.AzureMonitor\tests\Microsoft.OpenTelemetry.Exporter.AzureMonitor.Integration.Tests\TelemetryItemTests.cs(15,1): hidden CS8019: Unnecessary using directive.
C:\gh\azure-sdk-for-net\sdk\monitor\Microsoft.OpenTelemetry.Exporter.AzureMonitor\tests\Microsoft.OpenTelemetry.Exporter.AzureMonitor.Integration.Tests\OpenTelemetryTests.cs(11,1): hidden CS8019: Unnecessary using directive.
C:\gh\azure-sdk-for-net\sdk\monitor\Microsoft.OpenTelemetry.Exporter.AzureMonitor\tests\Microsoft.OpenTelemetry.Exporter.AzureMonitor.Integration.Tests\TestFramework\OpenTelemetryWebApplicationFactory.cs(7,1): hidden CS8019: Unnecessary using directive.
C:\gh\azure-sdk-for-net\sdk\monitor\Microsoft.OpenTelemetry.Exporter.AzureMonitor\tests\Microsoft.OpenTelemetry.Exporter.AzureMonitor.Integration.Tests\TestFramework\OpenTelemetryWebApplicationFactory.cs(8,1): hidden CS8019: Unnecessary using directive.
C:\gh\azure-sdk-for-net\artifacts\obj\Integration.Tests\Debug\net461\Integration.Tests.AssemblyInfo.cs(12,1): hidden CS8019: Unnecessary using directive.
C:\gh\azure-sdk-for-net\sdk\monitor\Microsoft.OpenTelemetry.Exporter.AzureMonitor\tests\Microsoft.OpenTelemetry.Exporter.AzureMonitor.Integration.Tests\TestFramework\VerifyTelemetryItem.cs(7,1): hidden CS8019: Unnecessary using directive.
C:\gh\azure-sdk-for-net\sdk\monitor\Microsoft.OpenTelemetry.Exporter.AzureMonitor\tests\Microsoft.OpenTelemetry.Exporter.AzureMonitor.Integration.Tests\BasicTests.cs(10,1): hidden CS8019: Unnecessary using directive.
C:\gh\azure-sdk-for-net\artifacts\obj\Integration.Tests\Debug\net461\.NETFramework,Version=v4.6.1.AssemblyAttributes.cs(2,1): hidden CS8019: Unnecessary using directive.
C:\gh\azure-sdk-for-net\sdk\monitor\Microsoft.OpenTelemetry.Exporter.AzureMonitor\tests\Microsoft.OpenTelemetry.Exporter.AzureMonitor.Integration.Tests\TestFramework\OpenTelemetryWebApplicationFactory.cs(12,1): hidden CS8019: Unnecessary using directive.
C:\gh\azure-sdk-for-net\sdk\monitor\Microsoft.OpenTelemetry.Exporter.AzureMonitor\tests\Microsoft.OpenTelemetry.Exporter.AzureMonitor.Integration.Tests\BasicTests.cs(8,1): hidden CS8019: Unnecessary using directive.
C:\gh\azure-sdk-for-net\sdk\monitor\Microsoft.OpenTelemetry.Exporter.AzureMonitor\tests\Microsoft.OpenTelemetry.Exporter.AzureMonitor.Integration.Tests\TelemetryItemTests.cs(14,1): hidden CS8019: Unnecessary using directive.
C:\gh\azure-sdk-for-net\sdk\monitor\Microsoft.OpenTelemetry.Exporter.AzureMonitor\tests\Microsoft.OpenTelemetry.Exporter.AzureMonitor.Integration.Tests\TestFramework\OpenTelemetryWebApplicationFactory.cs(6,1): hidden CS8019: Unnecessary using directive.
C:\gh\azure-sdk-for-net\sdk\monitor\Microsoft.OpenTelemetry.Exporter.AzureMonitor\tests\Microsoft.OpenTelemetry.Exporter.AzureMonitor.Integration.Tests\TelemetryItemTests.cs(16,1): hidden CS8019: Unnecessary using directive.
C:\gh\azure-sdk-for-net\sdk\monitor\Microsoft.OpenTelemetry.Exporter.AzureMonitor\tests\Microsoft.OpenTelemetry.Exporter.AzureMonitor.Integration.Tests\TelemetryItemTests.cs(6,1): hidden CS8019: Unnecessary using directive.
C:\gh\azure-sdk-for-net\artifacts\obj\Integration.Tests\Debug\net461\.NETFramework,Version=v4.6.1.AssemblyAttributes.cs(3,1): hidden CS8019: Unnecessary using directive.
C:\gh\azure-sdk-for-net\sdk\monitor\Microsoft.OpenTelemetry.Exporter.AzureMonitor\tests\Microsoft.OpenTelemetry.Exporter.AzureMonitor.Integration.Tests\BasicTests.cs(7,1): hidden CS8019: Unnecessary using directive.
C:\gh\azure-sdk-for-net\sdk\monitor\Microsoft.OpenTelemetry.Exporter.AzureMonitor\tests\Microsoft.OpenTelemetry.Exporter.AzureMonitor.Integration.Tests\OpenTelemetryTests.cs(12,1): hidden CS8019: Unnecessary using directive.
C:\gh\azure-sdk-for-net\sdk\monitor\Microsoft.OpenTelemetry.Exporter.AzureMonitor\tests\Microsoft.OpenTelemetry.Exporter.AzureMonitor.Integration.Tests\TestFramework\VerifyTelemetryItem.cs(9,1): hidden CS8019: Unnecessary using directive.
C:\gh\azure-sdk-for-net\sdk\monitor\Microsoft.OpenTelemetry.Exporter.AzureMonitor\tests\Microsoft.OpenTelemetry.Exporter.AzureMonitor.Integration.Tests\TestFramework\VerifyTelemetryItem.cs(5,1): hidden CS8019: Unnecessary using directive.
C:\gh\azure-sdk-for-net\sdk\monitor\Microsoft.OpenTelemetry.Exporter.AzureMonitor\tests\Microsoft.OpenTelemetry.Exporter.AzureMonitor.Integration.Tests\TestFramework\ExpectedTelemetryItemValues.cs(6,1): hidden CS8019: Unnecessary using directive.
C:\gh\azure-sdk-for-net\sdk\monitor\Microsoft.OpenTelemetry.Exporter.AzureMonitor\tests\Microsoft.OpenTelemetry.Exporter.AzureMonitor.Integration.Tests\OpenTelemetryTests.cs(8,1): hidden CS8019: Unnecessary using directive.
C:\gh\azure-sdk-for-net\sdk\monitor\Microsoft.OpenTelemetry.Exporter.AzureMonitor\tests\Microsoft.OpenTelemetry.Exporter.AzureMonitor.Integration.Tests\TestFramework\OpenTelemetryWebApplicationFactory.cs(13,1): hidden CS8019: Unnecessary using directive.
C:\gh\azure-sdk-for-net\sdk\monitor\Microsoft.OpenTelemetry.Exporter.AzureMonitor\tests\Microsoft.OpenTelemetry.Exporter.AzureMonitor.Integration.Tests\Properties\AssemblyInfo.cs(4,1): hidden CS8019: Unnecessary using directive.
C:\gh\azure-sdk-for-net\sdk\monitor\Microsoft.OpenTelemetry.Exporter.AzureMonitor\tests\Microsoft.OpenTelemetry.Exporter.AzureMonitor.Integration.Tests\TelemetryItemTests.cs(9,1): hidden CS8019: Unnecessary using directive.
C:\gh\azure-sdk-for-net\sdk\monitor\Microsoft.OpenTelemetry.Exporter.AzureMonitor\tests\Microsoft.OpenTelemetry.Exporter.AzureMonitor.Integration.Tests\TestFramework\OpenTelemetryWebApplicationFactory.cs(11,1): hidden CS8019: Unnecessary using directive.
C:\gh\azure-sdk-for-net\artifacts\obj\Integration.Tests\Debug\net461\Integration.Tests.AssemblyInfo.cs(11,1): hidden CS8019: Unnecessary using directive.
C:\gh\azure-sdk-for-net\sdk\monitor\Microsoft.OpenTelemetry.Exporter.AzureMonitor\tests\Microsoft.OpenTelemetry.Exporter.AzureMonitor.Integration.Tests\TelemetryItemTests.cs(10,1): hidden CS8019: Unnecessary using directive.
C:\gh\azure-sdk-for-net\sdk\monitor\Microsoft.OpenTelemetry.Exporter.AzureMonitor\tests\Microsoft.OpenTelemetry.Exporter.AzureMonitor.Integration.Tests\TestFramework\MockTransmitter.cs(10,1): hidden CS8019: Unnecessary using directive.
