C:\gh\azure-sdk-for-net\sdk\batch\Microsoft.Azure.Batch\tests\IntegrationTestCommon\IntegrationTestCommon.cs(26,23): error CS0246: The type or namespace name 'BatchManagementClient' could not be found (are you missing a using directive or an assembly reference?)
C:\gh\azure-sdk-for-net\sdk\batch\Microsoft.Azure.Batch\tests\IntegrationTestCommon\IntegrationTestCommon.cs(71,24): error CS0246: The type or namespace name 'ServiceClientCredentials' could not be found (are you missing a using directive or an assembly reference?)
C:\gh\azure-sdk-for-net\eng\mgmt\DisableTestRunParallel.cs(7,12): error CS0246: The type or namespace name 'CollectionBehaviorAttribute' could not be found (are you missing a using directive or an assembly reference?)
C:\gh\azure-sdk-for-net\eng\mgmt\DisableTestRunParallel.cs(7,12): error CS0246: The type or namespace name 'CollectionBehavior' could not be found (are you missing a using directive or an assembly reference?)
C:\gh\azure-sdk-for-net\eng\mgmt\DisableTestRunParallel.cs(7,31): error CS0246: The type or namespace name 'DisableTestParallelization' could not be found (are you missing a using directive or an assembly reference?)
C:\gh\azure-sdk-for-net\eng\mgmt\DisableTestRunParallel.cs(7,66): error CS0246: The type or namespace name 'MaxParallelThreads' could not be found (are you missing a using directive or an assembly reference?)
C:\gh\azure-sdk-for-net\sdk\batch\Microsoft.Azure.Batch\tests\IntegrationTestCommon\Helpers\CertificateCredentialsNetCore.cs(1,17): error CS0234: The type or namespace name 'Rest' does not exist in the namespace 'Microsoft' (are you missing an assembly reference?)
C:\gh\azure-sdk-for-net\sdk\batch\Microsoft.Azure.Batch\tests\IntegrationTestCommon\Helpers\CertificateCredentialsNetCore.cs(3,18): error CS0234: The type or namespace name 'Http' does not exist in the namespace 'System.Net' (are you missing an assembly reference?)
C:\gh\azure-sdk-for-net\eng\mgmt\DisableTestRunParallel.cs(5,7): error CS0246: The type or namespace name 'Xunit' could not be found (are you missing a using directive or an assembly reference?)
C:\gh\azure-sdk-for-net\sdk\batch\Microsoft.Azure.Batch\tests\IntegrationTestCommon\CertificateBuilder.cs(10,11): error CS0246: The type or namespace name 'Org' could not be found (are you missing a using directive or an assembly reference?)
C:\gh\azure-sdk-for-net\sdk\batch\Microsoft.Azure.Batch\tests\IntegrationTestCommon\CertificateBuilder.cs(11,11): error CS0246: The type or namespace name 'Org' could not be found (are you missing a using directive or an assembly reference?)
C:\gh\azure-sdk-for-net\sdk\batch\Microsoft.Azure.Batch\tests\IntegrationTestCommon\CertificateBuilder.cs(12,11): error CS0246: The type or namespace name 'Org' could not be found (are you missing a using directive or an assembly reference?)
C:\gh\azure-sdk-for-net\sdk\batch\Microsoft.Azure.Batch\tests\IntegrationTestCommon\CertificateBuilder.cs(13,11): error CS0246: The type or namespace name 'Org' could not be found (are you missing a using directive or an assembly reference?)
C:\gh\azure-sdk-for-net\sdk\batch\Microsoft.Azure.Batch\tests\IntegrationTestCommon\CertificateBuilder.cs(14,11): error CS0246: The type or namespace name 'Org' could not be found (are you missing a using directive or an assembly reference?)
C:\gh\azure-sdk-for-net\sdk\batch\Microsoft.Azure.Batch\tests\IntegrationTestCommon\CertificateBuilder.cs(15,11): error CS0246: The type or namespace name 'Org' could not be found (are you missing a using directive or an assembly reference?)
C:\gh\azure-sdk-for-net\sdk\batch\Microsoft.Azure.Batch\tests\IntegrationTestCommon\CertificateBuilder.cs(16,11): error CS0246: The type or namespace name 'Org' could not be found (are you missing a using directive or an assembly reference?)
C:\gh\azure-sdk-for-net\sdk\batch\Microsoft.Azure.Batch\tests\IntegrationTestCommon\CertificateBuilder.cs(18,11): error CS0246: The type or namespace name 'Org' could not be found (are you missing a using directive or an assembly reference?)
C:\gh\azure-sdk-for-net\sdk\batch\Microsoft.Azure.Batch\tests\IntegrationTestCommon\CertificateBuilder.cs(19,11): error CS0246: The type or namespace name 'Org' could not be found (are you missing a using directive or an assembly reference?)
C:\gh\azure-sdk-for-net\sdk\batch\Microsoft.Azure.Batch\tests\IntegrationTestCommon\IntegrationTestCommon.cs(16,27): error CS0234: The type or namespace name 'Management' does not exist in the namespace 'Microsoft.Azure' (are you missing an assembly reference?)
C:\gh\azure-sdk-for-net\sdk\batch\Microsoft.Azure.Batch\tests\IntegrationTestCommon\IntegrationTestCommon.cs(17,27): error CS0234: The type or namespace name 'Management' does not exist in the namespace 'Microsoft.Azure' (are you missing an assembly reference?)
C:\gh\azure-sdk-for-net\sdk\batch\Microsoft.Azure.Batch\tests\IntegrationTestCommon\IntegrationTestCommon.cs(18,21): error CS0234: The type or namespace name 'IdentityModel' does not exist in the namespace 'Microsoft' (are you missing an assembly reference?)
C:\gh\azure-sdk-for-net\sdk\batch\Microsoft.Azure.Batch\tests\IntegrationTestCommon\IntegrationTestCommon.cs(21,21): error CS0234: The type or namespace name 'Rest' does not exist in the namespace 'Microsoft' (are you missing an assembly reference?)
C:\gh\azure-sdk-for-net\sdk\batch\Microsoft.Azure.Batch\tests\IntegrationTestCommon\IntegrationTestCommon.cs(22,11): error CS0246: The type or namespace name 'Azure' could not be found (are you missing a using directive or an assembly reference?)
C:\gh\azure-sdk-for-net\sdk\batch\Microsoft.Azure.Batch\tests\IntegrationTestCommon\IntegrationTestCommon.cs(28,13): error CS0246: The type or namespace name 'ServiceClientCredentials' could not be found (are you missing a using directive or an assembly reference?)
C:\gh\azure-sdk-for-net\sdk\batch\Microsoft.Azure.Batch\tests\IntegrationTestCommon\IntegrationTestCommon.cs(33,35): error CS0246: The type or namespace name 'TokenCredentials' could not be found (are you missing a using directive or an assembly reference?)
C:\gh\azure-sdk-for-net\sdk\batch\Microsoft.Azure.Batch\tests\IntegrationTestCommon\IntegrationTestCommon.cs(42,40): error CS0246: The type or namespace name 'BatchManagementClient' could not be found (are you missing a using directive or an assembly reference?)
C:\gh\azure-sdk-for-net\sdk\batch\Microsoft.Azure.Batch\tests\IntegrationTestCommon\IntegrationTestCommon.cs(64,35): error CS0246: The type or namespace name 'AuthenticationContext' could not be found (are you missing a using directive or an assembly reference?)
C:\gh\azure-sdk-for-net\sdk\batch\Microsoft.Azure.Batch\tests\IntegrationTestCommon\IntegrationTestCommon.cs(66,80): error CS0246: The type or namespace name 'ClientCredential' could not be found (are you missing a using directive or an assembly reference?)
C:\gh\azure-sdk-for-net\sdk\batch\Microsoft.Azure.Batch\tests\IntegrationTestCommon\CertificateBuilder.cs(41,33): error CS0246: The type or namespace name 'X509Name' could not be found (are you missing a using directive or an assembly reference?)
C:\gh\azure-sdk-for-net\sdk\batch\Microsoft.Azure.Batch\tests\IntegrationTestCommon\CertificateBuilder.cs(45,39): error CS0246: The type or namespace name 'CryptoApiRandomGenerator' could not be found (are you missing a using directive or an assembly reference?)
C:\gh\azure-sdk-for-net\sdk\batch\Microsoft.Azure.Batch\tests\IntegrationTestCommon\CertificateBuilder.cs(46,30): error CS0246: The type or namespace name 'SecureRandom' could not be found (are you missing a using directive or an assembly reference?)
C:\gh\azure-sdk-for-net\sdk\batch\Microsoft.Azure.Batch\tests\IntegrationTestCommon\CertificateBuilder.cs(47,47): error CS0246: The type or namespace name 'KeyGenerationParameters' could not be found (are you missing a using directive or an assembly reference?)
C:\gh\azure-sdk-for-net\sdk\batch\Microsoft.Azure.Batch\tests\IntegrationTestCommon\CertificateBuilder.cs(48,40): error CS0246: The type or namespace name 'RsaKeyPairGenerator' could not be found (are you missing a using directive or an assembly reference?)
C:\gh\azure-sdk-for-net\sdk\batch\Microsoft.Azure.Batch\tests\IntegrationTestCommon\CertificateBuilder.cs(53,13): error CS0246: The type or namespace name 'ISignatureFactory' could not be found (are you missing a using directive or an assembly reference?)
C:\gh\azure-sdk-for-net\sdk\batch\Microsoft.Azure.Batch\tests\IntegrationTestCommon\CertificateBuilder.cs(53,54): error CS0246: The type or namespace name 'Asn1SignatureFactory' could not be found (are you missing a using directive or an assembly reference?)
C:\gh\azure-sdk-for-net\sdk\batch\Microsoft.Azure.Batch\tests\IntegrationTestCommon\CertificateBuilder.cs(56,44): error CS0246: The type or namespace name 'X509V3CertificateGenerator' could not be found (are you missing a using directive or an assembly reference?)
C:\gh\azure-sdk-for-net\sdk\batch\Microsoft.Azure.Batch\tests\IntegrationTestCommon\CertificateBuilder.cs(57,47): error CS0103: The name 'X509Extensions' does not exist in the current context
C:\gh\azure-sdk-for-net\sdk\batch\Microsoft.Azure.Batch\tests\IntegrationTestCommon\CertificateBuilder.cs(57,93): error CS0246: The type or namespace name 'ExtendedKeyUsage' could not be found (are you missing a using directive or an assembly reference?)
C:\gh\azure-sdk-for-net\sdk\batch\Microsoft.Azure.Batch\tests\IntegrationTestCommon\CertificateBuilder.cs(57,110): error CS0103: The name 'KeyPurposeID' does not exist in the current context
C:\gh\azure-sdk-for-net\sdk\batch\Microsoft.Azure.Batch\tests\IntegrationTestCommon\CertificateBuilder.cs(58,54): error CS0246: The type or namespace name 'BigInteger' could not be found (are you missing a using directive or an assembly reference?)
C:\gh\azure-sdk-for-net\sdk\batch\Microsoft.Azure.Batch\tests\IntegrationTestCommon\CertificateBuilder.cs(67,29): error CS0246: The type or namespace name 'Pkcs12Store' could not be found (are you missing a using directive or an assembly reference?)
C:\gh\azure-sdk-for-net\sdk\batch\Microsoft.Azure.Batch\tests\IntegrationTestCommon\CertificateBuilder.cs(69,40): error CS0246: The type or namespace name 'X509CertificateEntry' could not be found (are you missing a using directive or an assembly reference?)
C:\gh\azure-sdk-for-net\sdk\batch\Microsoft.Azure.Batch\tests\IntegrationTestCommon\CertificateBuilder.cs(71,49): error CS0246: The type or namespace name 'AsymmetricKeyEntry' could not be found (are you missing a using directive or an assembly reference?)
C:\gh\azure-sdk-for-net\sdk\batch\Microsoft.Azure.Batch\tests\IntegrationTestCommon\IntegrationTestCommon.cs(104,24): error CS0246: The type or namespace name 'CertificateCredentials' could not be found (are you missing a using directive or an assembly reference?)
C:\gh\azure-sdk-for-net\sdk\batch\Microsoft.Azure.Batch\tests\IntegrationTestCommon\IntegrationTestCommon.cs(112,19): error CS0246: The type or namespace name 'BatchManagementClient' could not be found (are you missing a using directive or an assembly reference?)
C:\gh\azure-sdk-for-net\sdk\batch\Microsoft.Azure.Batch\tests\IntegrationTestCommon\IntegrationTestCommon.cs(128,13): error CS0246: The type or namespace name 'BatchAccount' could not be found (are you missing a using directive or an assembly reference?)
C:\gh\azure-sdk-for-net\sdk\batch\Microsoft.Azure.Batch\tests\IntegrationTestCommon\IntegrationTestCommon.cs(139,44): error CS0246: The type or namespace name 'BatchAccountUpdateParameters' could not be found (are you missing a using directive or an assembly reference?)
C:\gh\azure-sdk-for-net\sdk\batch\Microsoft.Azure.Batch\tests\IntegrationTestCommon\IntegrationTestCommon.cs(141,39): error CS0246: The type or namespace name 'AutoStorageBaseProperties' could not be found (are you missing a using directive or an assembly reference?)
C:\gh\azure-sdk-for-net\sdk\batch\Microsoft.Azure.Batch\tests\IntegrationTestCommon\IntegrationTestCommon.cs(166,20): error CS0246: The type or namespace name 'ZipArchive' could not be found (are you missing a using directive or an assembly reference?)
C:\gh\azure-sdk-for-net\sdk\batch\Microsoft.Azure.Batch\tests\IntegrationTestCommon\IntegrationTestCommon.cs(166,41): error CS0246: The type or namespace name 'ZipArchive' could not be found (are you missing a using directive or an assembly reference?)
C:\gh\azure-sdk-for-net\sdk\batch\Microsoft.Azure.Batch\tests\IntegrationTestCommon\IntegrationTestCommon.cs(166,79): error CS0103: The name 'ZipArchiveMode' does not exist in the current context
C:\gh\azure-sdk-for-net\sdk\batch\Microsoft.Azure.Batch\tests\IntegrationTestCommon\IntegrationTestCommon.cs(168,17): error CS0246: The type or namespace name 'ZipArchiveEntry' could not be found (are you missing a using directive or an assembly reference?)
C:\gh\azure-sdk-for-net\sdk\batch\Microsoft.Azure.Batch\tests\IntegrationTestCommon\IntegrationTestCommon.cs(176,13): error CS0246: The type or namespace name 'BlockBlobClient' could not be found (are you missing a using directive or an assembly reference?)
C:\gh\azure-sdk-for-net\sdk\batch\Microsoft.Azure.Batch\tests\IntegrationTestCommon\IntegrationTestCommon.cs(176,46): error CS0246: The type or namespace name 'BlockBlobClient' could not be found (are you missing a using directive or an assembly reference?)
C:\gh\azure-sdk-for-net\sdk\batch\Microsoft.Azure.Batch\tests\IntegrationTestCommon\IntegrationTestCommon.cs(22,5): hidden CS8019: Unnecessary using directive.
C:\gh\azure-sdk-for-net\sdk\batch\Microsoft.Azure.Batch\tests\IntegrationTestCommon\Helpers\CertificateCredentialsNetCore.cs(3,1): hidden CS8019: Unnecessary using directive.
C:\gh\azure-sdk-for-net\sdk\batch\Microsoft.Azure.Batch\tests\IntegrationTestCommon\CertificateBuilder.cs(14,5): hidden CS8019: Unnecessary using directive.
C:\gh\azure-sdk-for-net\sdk\batch\Microsoft.Azure.Batch\tests\IntegrationTestCommon\CertificateBuilder.cs(16,5): hidden CS8019: Unnecessary using directive.
C:\gh\azure-sdk-for-net\eng\mgmt\DisableTestRunParallel.cs(5,1): hidden CS8019: Unnecessary using directive.
C:\gh\azure-sdk-for-net\eng\mgmt\DisableTestRunParallel.cs(4,1): hidden CS8019: Unnecessary using directive.
C:\gh\azure-sdk-for-net\sdk\batch\Microsoft.Azure.Batch\tests\IntegrationTestCommon\CertificateBuilder.cs(13,5): hidden CS8019: Unnecessary using directive.
C:\gh\azure-sdk-for-net\sdk\batch\Microsoft.Azure.Batch\tests\IntegrationTestCommon\Helpers\CertificateCredentialsNetCore.cs(4,1): hidden CS8019: Unnecessary using directive.
C:\gh\azure-sdk-for-net\sdk\batch\Microsoft.Azure.Batch\tests\IntegrationTestCommon\IntegrationTestCommon.cs(21,5): hidden CS8019: Unnecessary using directive.
C:\gh\azure-sdk-for-net\sdk\batch\Microsoft.Azure.Batch\tests\IntegrationTestCommon\IntegrationTestCommon.cs(16,5): hidden CS8019: Unnecessary using directive.
C:\gh\azure-sdk-for-net\sdk\batch\Microsoft.Azure.Batch\tests\IntegrationTestCommon\IntegrationTestCommon.cs(9,5): hidden CS8019: Unnecessary using directive.
C:\gh\azure-sdk-for-net\sdk\batch\Microsoft.Azure.Batch\tests\IntegrationTestCommon\CertificateBuilder.cs(19,5): hidden CS8019: Unnecessary using directive.
C:\gh\azure-sdk-for-net\artifacts\obj\Microsoft.Azure.Batch.IntegrationTestCommon\Debug\net461\Microsoft.Azure.Batch.IntegrationTestCommon.AssemblyInfo.cs(11,1): hidden CS8019: Unnecessary using directive.
C:\gh\azure-sdk-for-net\sdk\batch\Microsoft.Azure.Batch\tests\IntegrationTestCommon\CertificateBuilder.cs(15,5): hidden CS8019: Unnecessary using directive.
C:\gh\azure-sdk-for-net\sdk\batch\Microsoft.Azure.Batch\tests\IntegrationTestCommon\CertificateBuilder.cs(18,5): hidden CS8019: Unnecessary using directive.
C:\gh\azure-sdk-for-net\sdk\batch\Microsoft.Azure.Batch\tests\IntegrationTestCommon\Helpers\CertificateCredentialsNetCore.cs(1,1): hidden CS8019: Unnecessary using directive.
C:\gh\azure-sdk-for-net\artifacts\obj\Microsoft.Azure.Batch.IntegrationTestCommon\Debug\net461\.NETFramework,Version=v4.6.1.AssemblyAttributes.cs(2,1): hidden CS8019: Unnecessary using directive.
C:\gh\azure-sdk-for-net\sdk\batch\Microsoft.Azure.Batch\tests\IntegrationTestCommon\Helpers\CertificateCredentialsNetCore.cs(2,1): hidden CS8019: Unnecessary using directive.
C:\gh\azure-sdk-for-net\sdk\batch\Microsoft.Azure.Batch\tests\IntegrationTestCommon\CertificateBuilder.cs(8,5): hidden CS8019: Unnecessary using directive.
C:\gh\azure-sdk-for-net\artifacts\obj\Microsoft.Azure.Batch.IntegrationTestCommon\Debug\net461\.NETFramework,Version=v4.6.1.AssemblyAttributes.cs(3,1): hidden CS8019: Unnecessary using directive.
C:\gh\azure-sdk-for-net\sdk\batch\Microsoft.Azure.Batch\tests\IntegrationTestCommon\IntegrationTestCommon.cs(18,5): hidden CS8019: Unnecessary using directive.
C:\gh\azure-sdk-for-net\artifacts\obj\Microsoft.Azure.Batch.IntegrationTestCommon\Debug\net461\Microsoft.Azure.Batch.IntegrationTestCommon.AssemblyInfo.cs(12,1): hidden CS8019: Unnecessary using directive.
C:\gh\azure-sdk-for-net\sdk\batch\Microsoft.Azure.Batch\tests\IntegrationTestCommon\CertificateBuilder.cs(10,5): hidden CS8019: Unnecessary using directive.
C:\gh\azure-sdk-for-net\sdk\batch\Microsoft.Azure.Batch\tests\IntegrationTestCommon\CertificateBuilder.cs(12,5): hidden CS8019: Unnecessary using directive.
C:\gh\azure-sdk-for-net\sdk\batch\Microsoft.Azure.Batch\tests\IntegrationTestCommon\CertificateBuilder.cs(11,5): hidden CS8019: Unnecessary using directive.
C:\gh\azure-sdk-for-net\sdk\batch\Microsoft.Azure.Batch\tests\IntegrationTestCommon\IntegrationTestCommon.cs(15,5): hidden CS8019: Unnecessary using directive.
C:\gh\azure-sdk-for-net\sdk\batch\Microsoft.Azure.Batch\tests\IntegrationTestCommon\IntegrationTestCommon.cs(17,5): hidden CS8019: Unnecessary using directive.
