C:\gh\azure-sdk-for-net\sdk\core\Azure.Core.Experimental\tests\perf\StronglyTypedReadingBenchmark.cs(15,24): error CS0246: The type or namespace name 'JsonElement' could not be found (are you missing a using directive or an assembly reference?)
C:\gh\azure-sdk-for-net\sdk\core\Azure.Core.Experimental\tests\perf\DynamicReadingBenchmark.cs(6,7): error CS0246: The type or namespace name 'BenchmarkDotNet' could not be found (are you missing a using directive or an assembly reference?)
C:\gh\azure-sdk-for-net\sdk\core\Azure.Core.Experimental\tests\perf\DynamicReadingBenchmark.cs(7,7): error CS0246: The type or namespace name 'Newtonsoft' could not be found (are you missing a using directive or an assembly reference?)
C:\gh\azure-sdk-for-net\sdk\core\Azure.Core.Experimental\tests\perf\FirstReadBenchmark.cs(4,19): error CS0234: The type or namespace name 'Json' does not exist in the namespace 'System.Text' (are you missing an assembly reference?)
C:\gh\azure-sdk-for-net\sdk\core\Azure.Core.Experimental\tests\perf\FirstReadBenchmark.cs(6,7): error CS0246: The type or namespace name 'BenchmarkDotNet' could not be found (are you missing a using directive or an assembly reference?)
C:\gh\azure-sdk-for-net\sdk\core\Azure.Core.Experimental\tests\perf\Program.cs(4,7): error CS0246: The type or namespace name 'BenchmarkDotNet' could not be found (are you missing a using directive or an assembly reference?)
C:\gh\azure-sdk-for-net\sdk\core\Azure.Core.Experimental\tests\perf\StronglyTypedReadingBenchmark.cs(4,19): error CS0234: The type or namespace name 'Json' does not exist in the namespace 'System.Text' (are you missing an assembly reference?)
C:\gh\azure-sdk-for-net\sdk\core\Azure.Core.Experimental\tests\perf\StronglyTypedReadingBenchmark.cs(6,7): error CS0246: The type or namespace name 'BenchmarkDotNet' could not be found (are you missing a using directive or an assembly reference?)
C:\gh\azure-sdk-for-net\sdk\core\Azure.Core.Experimental\tests\perf\StronglyTypedReadingBenchmark.cs(10,6): error CS0246: The type or namespace name 'MemoryDiagnoserAttribute' could not be found (are you missing a using directive or an assembly reference?)
C:\gh\azure-sdk-for-net\sdk\core\Azure.Core.Experimental\tests\perf\StronglyTypedReadingBenchmark.cs(10,6): error CS0246: The type or namespace name 'MemoryDiagnoser' could not be found (are you missing a using directive or an assembly reference?)
C:\gh\azure-sdk-for-net\sdk\core\Azure.Core.Experimental\tests\perf\FirstReadBenchmark.cs(10,6): error CS0246: The type or namespace name 'MemoryDiagnoserAttribute' could not be found (are you missing a using directive or an assembly reference?)
C:\gh\azure-sdk-for-net\sdk\core\Azure.Core.Experimental\tests\perf\FirstReadBenchmark.cs(10,6): error CS0246: The type or namespace name 'MemoryDiagnoser' could not be found (are you missing a using directive or an assembly reference?)
C:\gh\azure-sdk-for-net\sdk\core\Azure.Core.Experimental\tests\perf\DynamicReadingBenchmark.cs(11,6): error CS0246: The type or namespace name 'MemoryDiagnoserAttribute' could not be found (are you missing a using directive or an assembly reference?)
C:\gh\azure-sdk-for-net\sdk\core\Azure.Core.Experimental\tests\perf\DynamicReadingBenchmark.cs(11,6): error CS0246: The type or namespace name 'MemoryDiagnoser' could not be found (are you missing a using directive or an assembly reference?)
C:\gh\azure-sdk-for-net\sdk\core\Azure.Core.Experimental\tests\perf\DynamicReadingBenchmark.cs(12,6): error CS0246: The type or namespace name 'InProcessAttribute' could not be found (are you missing a using directive or an assembly reference?)
C:\gh\azure-sdk-for-net\sdk\core\Azure.Core.Experimental\tests\perf\DynamicReadingBenchmark.cs(12,6): error CS0246: The type or namespace name 'InProcess' could not be found (are you missing a using directive or an assembly reference?)
C:\gh\azure-sdk-for-net\sdk\core\Azure.Core.Experimental\tests\perf\StronglyTypedReadingBenchmark.cs(18,10): error CS0246: The type or namespace name 'BenchmarkAttribute' could not be found (are you missing a using directive or an assembly reference?)
C:\gh\azure-sdk-for-net\sdk\core\Azure.Core.Experimental\tests\perf\StronglyTypedReadingBenchmark.cs(18,10): error CS0246: The type or namespace name 'Benchmark' could not be found (are you missing a using directive or an assembly reference?)
C:\gh\azure-sdk-for-net\sdk\core\Azure.Core.Experimental\tests\perf\StronglyTypedReadingBenchmark.cs(18,20): error CS0246: The type or namespace name 'Baseline' could not be found (are you missing a using directive or an assembly reference?)
C:\gh\azure-sdk-for-net\sdk\core\Azure.Core.Experimental\tests\perf\FirstReadBenchmark.cs(15,10): error CS0246: The type or namespace name 'BenchmarkAttribute' could not be found (are you missing a using directive or an assembly reference?)
C:\gh\azure-sdk-for-net\sdk\core\Azure.Core.Experimental\tests\perf\FirstReadBenchmark.cs(15,10): error CS0246: The type or namespace name 'Benchmark' could not be found (are you missing a using directive or an assembly reference?)
C:\gh\azure-sdk-for-net\sdk\core\Azure.Core.Experimental\tests\perf\FirstReadBenchmark.cs(15,20): error CS0246: The type or namespace name 'Baseline' could not be found (are you missing a using directive or an assembly reference?)
C:\gh\azure-sdk-for-net\sdk\core\Azure.Core.Experimental\tests\perf\StronglyTypedReadingBenchmark.cs(24,10): error CS0246: The type or namespace name 'BenchmarkAttribute' could not be found (are you missing a using directive or an assembly reference?)
C:\gh\azure-sdk-for-net\sdk\core\Azure.Core.Experimental\tests\perf\StronglyTypedReadingBenchmark.cs(24,10): error CS0246: The type or namespace name 'Benchmark' could not be found (are you missing a using directive or an assembly reference?)
C:\gh\azure-sdk-for-net\sdk\core\Azure.Core.Experimental\tests\perf\FirstReadBenchmark.cs(21,10): error CS0246: The type or namespace name 'BenchmarkAttribute' could not be found (are you missing a using directive or an assembly reference?)
C:\gh\azure-sdk-for-net\sdk\core\Azure.Core.Experimental\tests\perf\FirstReadBenchmark.cs(21,10): error CS0246: The type or namespace name 'Benchmark' could not be found (are you missing a using directive or an assembly reference?)
C:\gh\azure-sdk-for-net\sdk\core\Azure.Core.Experimental\tests\perf\DynamicReadingBenchmark.cs(27,10): error CS0246: The type or namespace name 'BenchmarkAttribute' could not be found (are you missing a using directive or an assembly reference?)
C:\gh\azure-sdk-for-net\sdk\core\Azure.Core.Experimental\tests\perf\DynamicReadingBenchmark.cs(27,10): error CS0246: The type or namespace name 'Benchmark' could not be found (are you missing a using directive or an assembly reference?)
C:\gh\azure-sdk-for-net\sdk\core\Azure.Core.Experimental\tests\perf\DynamicReadingBenchmark.cs(27,20): error CS0246: The type or namespace name 'Baseline' could not be found (are you missing a using directive or an assembly reference?)
C:\gh\azure-sdk-for-net\sdk\core\Azure.Core.Experimental\tests\perf\DynamicReadingBenchmark.cs(33,10): error CS0246: The type or namespace name 'BenchmarkAttribute' could not be found (are you missing a using directive or an assembly reference?)
C:\gh\azure-sdk-for-net\sdk\core\Azure.Core.Experimental\tests\perf\DynamicReadingBenchmark.cs(33,10): error CS0246: The type or namespace name 'Benchmark' could not be found (are you missing a using directive or an assembly reference?)
C:\gh\azure-sdk-for-net\sdk\core\Azure.Core.Experimental\tests\perf\DynamicReadingBenchmark.cs(38,10): error CS0246: The type or namespace name 'BenchmarkAttribute' could not be found (are you missing a using directive or an assembly reference?)
C:\gh\azure-sdk-for-net\sdk\core\Azure.Core.Experimental\tests\perf\DynamicReadingBenchmark.cs(38,10): error CS0246: The type or namespace name 'Benchmark' could not be found (are you missing a using directive or an assembly reference?)
C:\gh\azure-sdk-for-net\sdk\core\Azure.Core.Experimental\tests\perf\Program.cs(12,13): error CS0103: The name 'BenchmarkSwitcher' does not exist in the current context
C:\gh\azure-sdk-for-net\sdk\core\Azure.Core.Experimental\tests\perf\StronglyTypedReadingBenchmark.cs(15,47): error CS0103: The name 'JsonDocument' does not exist in the current context
C:\gh\azure-sdk-for-net\sdk\core\Azure.Core.Experimental\tests\perf\DynamicReadingBenchmark.cs(19,57): error CS0103: The name 'JObject' does not exist in the current context
C:\gh\azure-sdk-for-net\sdk\core\Azure.Core.Experimental\tests\perf\FirstReadBenchmark.cs(18,20): error CS0103: The name 'JsonDocument' does not exist in the current context
C:\gh\azure-sdk-for-net\sdk\core\Azure.Core.Experimental\tests\perf\DynamicReadingBenchmark.cs(6,1): hidden CS8019: Unnecessary using directive.
C:\gh\azure-sdk-for-net\sdk\core\Azure.Core.Experimental\tests\perf\Program.cs(4,1): hidden CS8019: Unnecessary using directive.
C:\gh\azure-sdk-for-net\artifacts\obj\Azure.Core.Experimental.Performance\Debug\net461\.NETFramework,Version=v4.6.1.AssemblyAttributes.cs(2,1): hidden CS8019: Unnecessary using directive.
C:\gh\azure-sdk-for-net\sdk\core\Azure.Core.Experimental\tests\perf\FirstReadBenchmark.cs(4,1): hidden CS8019: Unnecessary using directive.
C:\gh\azure-sdk-for-net\sdk\core\Azure.Core.Experimental\tests\perf\StronglyTypedReadingBenchmark.cs(4,1): hidden CS8019: Unnecessary using directive.
C:\gh\azure-sdk-for-net\artifacts\obj\Azure.Core.Experimental.Performance\Debug\net461\Azure.Core.Experimental.Performance.AssemblyInfo.cs(11,1): hidden CS8019: Unnecessary using directive.
C:\gh\azure-sdk-for-net\sdk\core\Azure.Core.Experimental\tests\perf\FirstReadBenchmark.cs(6,1): hidden CS8019: Unnecessary using directive.
C:\gh\azure-sdk-for-net\sdk\core\Azure.Core.Experimental\tests\perf\StronglyTypedReadingBenchmark.cs(6,1): hidden CS8019: Unnecessary using directive.
C:\gh\azure-sdk-for-net\artifacts\obj\Azure.Core.Experimental.Performance\Debug\net461\.NETFramework,Version=v4.6.1.AssemblyAttributes.cs(3,1): hidden CS8019: Unnecessary using directive.
C:\gh\azure-sdk-for-net\artifacts\obj\Azure.Core.Experimental.Performance\Debug\net461\Azure.Core.Experimental.Performance.AssemblyInfo.cs(12,1): hidden CS8019: Unnecessary using directive.
C:\gh\azure-sdk-for-net\sdk\core\Azure.Core.Experimental\tests\perf\DynamicReadingBenchmark.cs(7,1): hidden CS8019: Unnecessary using directive.
