C:\gh\azure-sdk-for-net\sdk\storage\Azure.Storage.Blobs\tests\BlobTestBase.cs(104,21): error CS0246: The type or namespace name 'AzureSasCredential' could not be found (are you missing a using directive or an assembly reference?)
C:\gh\azure-sdk-for-net\sdk\storage\Azure.Storage.Blobs\tests\BlobTestBase.cs(113,22): error CS0246: The type or namespace name 'AzureSasCredential' could not be found (are you missing a using directive or an assembly reference?)
C:\gh\azure-sdk-for-net\sdk\storage\Azure.Storage.Blobs\tests\BlobTestBase.cs(123,22): error CS0246: The type or namespace name 'AzureSasCredential' could not be found (are you missing a using directive or an assembly reference?)
C:\gh\azure-sdk-for-net\sdk\storage\Azure.Storage.Blobs\tests\BlobTestBase.cs(135,22): error CS0246: The type or namespace name 'AzureSasCredential' could not be found (are you missing a using directive or an assembly reference?)
C:\gh\azure-sdk-for-net\sdk\storage\Azure.Storage.Blobs\tests\BlobTestBase.cs(158,21): error CS0246: The type or namespace name 'AzureSasCredential' could not be found (are you missing a using directive or an assembly reference?)
C:\gh\azure-sdk-for-net\sdk\storage\Azure.Storage.Blobs\tests\BlobTestBase.cs(200,21): error CS0246: The type or namespace name 'AzureSasCredential' could not be found (are you missing a using directive or an assembly reference?)
C:\gh\azure-sdk-for-net\sdk\storage\Azure.Storage.Blobs\tests\BlobTestBase.cs(209,21): error CS0246: The type or namespace name 'AzureSasCredential' could not be found (are you missing a using directive or an assembly reference?)
C:\gh\azure-sdk-for-net\sdk\storage\Azure.Storage.Blobs\tests\BlobTestBase.cs(218,21): error CS0246: The type or namespace name 'AzureSasCredential' could not be found (are you missing a using directive or an assembly reference?)
C:\gh\azure-sdk-for-net\sdk\storage\Azure.Storage.Blobs\tests\BlobTestBase.cs(228,21): error CS0246: The type or namespace name 'AzureSasCredential' could not be found (are you missing a using directive or an assembly reference?)
C:\gh\azure-sdk-for-net\sdk\storage\Azure.Storage.Blobs\tests\BlobTestBase.cs(238,21): error CS0246: The type or namespace name 'AzureSasCredential' could not be found (are you missing a using directive or an assembly reference?)
C:\gh\azure-sdk-for-net\sdk\storage\Azure.Storage.Blobs\tests\BlobTestBase.cs(249,21): error CS0246: The type or namespace name 'AzureSasCredential' could not be found (are you missing a using directive or an assembly reference?)
C:\gh\azure-sdk-for-net\sdk\storage\Azure.Storage.Blobs.Batch\tests\BlobBatchClientTests.cs(220,98): error CS0246: The type or namespace name 'AzureSasCredential' could not be found (are you missing a using directive or an assembly reference?)
C:\gh\azure-sdk-for-net\sdk\storage\Azure.Storage.Blobs.Batch\tests\BlobBatchClientTests.cs(220,57): error CS0246: The type or namespace name 'AzureSasCredential' could not be found (are you missing a using directive or an assembly reference?)
C:\gh\azure-sdk-for-net\sdk\storage\Azure.Storage.Common\tests\Shared\TenantConfiguration.cs(9,1): hidden CS8019: Unnecessary using directive.
C:\gh\azure-sdk-for-net\sdk\storage\Azure.Storage.Common\tests\Shared\KeyVaultConfiguration.cs(6,1): hidden CS8019: Unnecessary using directive.
C:\gh\azure-sdk-for-net\artifacts\obj\Azure.Storage.Blobs.Batch.Tests\Debug\net461\Azure.Storage.Blobs.Batch.Tests.AssemblyInfo.cs(11,1): hidden CS8019: Unnecessary using directive.
C:\gh\azure-sdk-for-net\sdk\storage\Azure.Storage.Common\tests\Shared\TestProgress.cs(6,1): hidden CS8019: Unnecessary using directive.
C:\gh\azure-sdk-for-net\sdk\storage\Azure.Storage.Common\tests\Shared\FaultyDownloadPipelinePolicy.cs(7,1): hidden CS8019: Unnecessary using directive.
C:\gh\azure-sdk-for-net\sdk\storage\Azure.Storage.Common\tests\Shared\StorageTestBase.cs(6,1): hidden CS8019: Unnecessary using directive.
C:\gh\azure-sdk-for-net\sdk\storage\Azure.Storage.Common\tests\Shared\TestResponseClassifier.cs(6,1): hidden CS8019: Unnecessary using directive.
C:\gh\azure-sdk-for-net\sdk\storage\Azure.Storage.Common\tests\Shared\FaultyDownloadPipelinePolicy.cs(8,1): hidden CS8019: Unnecessary using directive.
C:\gh\azure-sdk-for-net\artifacts\obj\Azure.Storage.Blobs.Batch.Tests\Debug\net461\Azure.Storage.Blobs.Batch.Tests.AssemblyInfo.cs(12,1): hidden CS8019: Unnecessary using directive.
C:\gh\azure-sdk-for-net\sdk\storage\Azure.Storage.Common\tests\Shared\KeyVaultConfiguration.cs(5,1): hidden CS8019: Unnecessary using directive.
C:\gh\azure-sdk-for-net\sdk\storage\Azure.Storage.Common\tests\Shared\FaultyDownloadPipelinePolicy.cs(6,1): hidden CS8019: Unnecessary using directive.
C:\gh\azure-sdk-for-net\sdk\storage\Azure.Storage.Blobs.Batch\tests\BlobBatchClientTests.cs(12,1): hidden CS8019: Unnecessary using directive.
C:\gh\azure-sdk-for-net\sdk\storage\Azure.Storage.Common\tests\Shared\StorageRecordedTestSanitizer.cs(8,1): hidden CS8019: Unnecessary using directive.
C:\gh\azure-sdk-for-net\sdk\storage\Azure.Storage.Common\tests\Shared\KeyVaultConfiguration.cs(4,1): hidden CS8019: Unnecessary using directive.
C:\gh\azure-sdk-for-net\artifacts\obj\Azure.Storage.Blobs.Batch.Tests\Debug\net461\.NETFramework,Version=v4.6.1.AssemblyAttributes.cs(3,1): hidden CS8019: Unnecessary using directive.
C:\gh\azure-sdk-for-net\sdk\storage\Azure.Storage.Common\tests\Shared\TestResponseClassifier.cs(4,1): hidden CS8019: Unnecessary using directive.
C:\gh\azure-sdk-for-net\sdk\storage\Azure.Storage.Common\tests\Shared\RecordedClientRequestIdPolicy.cs(5,1): hidden CS8019: Unnecessary using directive.
C:\gh\azure-sdk-for-net\sdk\storage\Azure.Storage.Common\tests\Shared\TenantConfiguration.cs(5,1): hidden CS8019: Unnecessary using directive.
C:\gh\azure-sdk-for-net\sdk\storage\Azure.Storage.Common\tests\Shared\StorageRecordedTestSanitizer.cs(9,1): hidden CS8019: Unnecessary using directive.
C:\gh\azure-sdk-for-net\sdk\storage\Azure.Storage.Common\tests\Shared\TenantConfiguration.cs(8,1): hidden CS8019: Unnecessary using directive.
C:\gh\azure-sdk-for-net\artifacts\obj\Azure.Storage.Blobs.Batch.Tests\Debug\net461\.NETFramework,Version=v4.6.1.AssemblyAttributes.cs(2,1): hidden CS8019: Unnecessary using directive.
C:\gh\azure-sdk-for-net\sdk\storage\Azure.Storage.Common\tests\Shared\RecordedClientRequestIdPolicy.cs(4,1): hidden CS8019: Unnecessary using directive.
C:\gh\azure-sdk-for-net\sdk\storage\Azure.Storage.Common\tests\Shared\StorageRecordedTestSanitizer.cs(7,1): hidden CS8019: Unnecessary using directive.
C:\gh\azure-sdk-for-net\sdk\storage\Azure.Storage.Common\tests\Shared\RecordedClientRequestIdPolicy.cs(7,1): hidden CS8019: Unnecessary using directive.
C:\gh\azure-sdk-for-net\sdk\storage\Azure.Storage.Blobs\tests\BlobTestBase.cs(11,1): hidden CS8019: Unnecessary using directive.
