C:\gh\azure-sdk-for-net\eng\mgmt\DisableTestRunParallel.cs(7,12): error CS0246: The type or namespace name 'CollectionBehaviorAttribute' could not be found (are you missing a using directive or an assembly reference?)
C:\gh\azure-sdk-for-net\eng\mgmt\DisableTestRunParallel.cs(7,12): error CS0246: The type or namespace name 'CollectionBehavior' could not be found (are you missing a using directive or an assembly reference?)
C:\gh\azure-sdk-for-net\eng\mgmt\DisableTestRunParallel.cs(7,31): error CS0246: The type or namespace name 'DisableTestParallelization' could not be found (are you missing a using directive or an assembly reference?)
C:\gh\azure-sdk-for-net\eng\mgmt\DisableTestRunParallel.cs(7,66): error CS0246: The type or namespace name 'MaxParallelThreads' could not be found (are you missing a using directive or an assembly reference?)
C:\gh\azure-sdk-for-net\sdk\keyvault\Microsoft.Azure.KeyVault\tests\TestFramework\KeyVaultTestFixture.cs(34,16): error CS0246: The type or namespace name 'RetryPolicy' could not be found (are you missing a using directive or an assembly reference?)
C:\gh\azure-sdk-for-net\sdk\keyvault\Microsoft.Azure.KeyVault\tests\TestFramework\TestKeyVaultCredential.cs(15,39): error CS0246: The type or namespace name 'ServiceClientCredentials' could not be found (are you missing a using directive or an assembly reference?)
C:\gh\azure-sdk-for-net\sdk\keyvault\Microsoft.Azure.KeyVault\tests\TestFramework\KeyVaultTestFixture.cs(235,16): error CS0246: The type or namespace name 'DelegatingHandler' could not be found (are you missing a using directive or an assembly reference?)
C:\gh\azure-sdk-for-net\sdk\keyvault\Microsoft.Azure.KeyVault\tests\TestFramework\SoftDeleteErrorDetectionStrategy.cs(12,53): error CS0246: The type or namespace name 'ITransientErrorDetectionStrategy' could not be found (are you missing a using directive or an assembly reference?)
C:\gh\azure-sdk-for-net\sdk\keyvault\Microsoft.Azure.KeyVault\tests\TestFramework\TestKeyVaultCredential.cs(13,43): error CS0246: The type or namespace name 'ServiceClientCredentials' could not be found (are you missing a using directive or an assembly reference?)
C:\gh\azure-sdk-for-net\sdk\keyvault\Microsoft.Azure.KeyVault\tests\TestFramework\TestHttpMessageHandler.cs(11,43): error CS0246: The type or namespace name 'DelegatingHandler' could not be found (are you missing a using directive or an assembly reference?)
C:\gh\azure-sdk-for-net\sdk\keyvault\Microsoft.Azure.KeyVault\tests\TestFramework\TestHttpMessageHandler.cs(13,64): error CS0246: The type or namespace name 'HttpRequestMessage' could not be found (are you missing a using directive or an assembly reference?)
C:\gh\azure-sdk-for-net\sdk\keyvault\Microsoft.Azure.KeyVault\tests\TestFramework\TestHttpMessageHandler.cs(13,33): error CS0246: The type or namespace name 'HttpResponseMessage' could not be found (are you missing a using directive or an assembly reference?)
C:\gh\azure-sdk-for-net\sdk\keyvault\Microsoft.Azure.KeyVault\tests\TestFramework\TestKeyVaultCredential.cs(19,54): error CS0246: The type or namespace name 'ServiceClientCredentials' could not be found (are you missing a using directive or an assembly reference?)
C:\gh\azure-sdk-for-net\sdk\keyvault\Microsoft.Azure.KeyVault\tests\TestFramework\TestKeyVaultCredential.cs(19,54): error CS0246: The type or namespace name 'HttpRequestMessage' could not be found (are you missing a using directive or an assembly reference?)
C:\gh\azure-sdk-for-net\sdk\keyvault\Microsoft.Azure.KeyVault\tests\TestFramework\TestKeyVaultCredential.cs(20,13): error CS0246: The type or namespace name 'ServiceClientCredentials' could not be found (are you missing a using directive or an assembly reference?)
C:\gh\azure-sdk-for-net\sdk\keyvault\Microsoft.Azure.KeyVault\tests\TestFramework\TestKeyVaultCredential.cs(19,25): error CS0246: The type or namespace name 'ServiceClientCredentials' could not be found (are you missing a using directive or an assembly reference?)
C:\gh\azure-sdk-for-net\sdk\keyvault\Microsoft.Azure.KeyVault\tests\TestFramework\KeyVaultTestFixture.cs(41,17): error CS0246: The type or namespace name 'TokenCache' could not be found (are you missing a using directive or an assembly reference?)
C:\gh\azure-sdk-for-net\sdk\keyvault\Microsoft.Azure.KeyVault\tests\TestFramework\KeyVaultTestFixture.cs(42,17): error CS0246: The type or namespace name 'DeviceCodeResult' could not be found (are you missing a using directive or an assembly reference?)
C:\gh\azure-sdk-for-net\sdk\keyvault\Microsoft.Azure.KeyVault\tests\TestFramework\KeyVaultTestFixture.cs(33,16): error CS0246: The type or namespace name 'ClientCredential' could not be found (are you missing a using directive or an assembly reference?)
C:\gh\azure-sdk-for-net\sdk\keyvault\Microsoft.Azure.KeyVault\tests\TestFramework\KeyVaultTestFixture.cs(107,54): error CS0246: The type or namespace name 'GraphRbacManagementClient' could not be found (are you missing a using directive or an assembly reference?)
C:\gh\azure-sdk-for-net\sdk\keyvault\Microsoft.Azure.KeyVault\tests\TestFramework\KeyVaultTestFixture.cs(107,24): error CS0246: The type or namespace name 'Application' could not be found (are you missing a using directive or an assembly reference?)
C:\gh\azure-sdk-for-net\sdk\keyvault\Microsoft.Azure.KeyVault\tests\TestFramework\KeyVaultTestFixture.cs(95,64): error CS0246: The type or namespace name 'Application' could not be found (are you missing a using directive or an assembly reference?)
C:\gh\azure-sdk-for-net\sdk\keyvault\Microsoft.Azure.KeyVault\tests\TestFramework\KeyVaultTestFixture.cs(96,13): error CS0246: The type or namespace name 'GraphRbacManagementClient' could not be found (are you missing a using directive or an assembly reference?)
C:\gh\azure-sdk-for-net\sdk\keyvault\Microsoft.Azure.KeyVault\tests\TestFramework\KeyVaultTestFixture.cs(95,24): error CS0246: The type or namespace name 'ServicePrincipal' could not be found (are you missing a using directive or an assembly reference?)
C:\gh\azure-sdk-for-net\sdk\keyvault\Microsoft.Azure.KeyVault\tests\TestFramework\KeyVaultTestFixture.cs(80,51): error CS0246: The type or namespace name 'ResourceManagementClient' could not be found (are you missing a using directive or an assembly reference?)
C:\gh\azure-sdk-for-net\sdk\keyvault\Microsoft.Azure.KeyVault\tests\TestFramework\KeyVaultTestFixture.cs(7,18): error CS0234: The type or namespace name 'Http' does not exist in the namespace 'System.Net' (are you missing an assembly reference?)
C:\gh\azure-sdk-for-net\sdk\keyvault\Microsoft.Azure.KeyVault\tests\TestFramework\KeyVaultTestFixture.cs(9,23): error CS0234: The type or namespace name 'Graph' does not exist in the namespace 'Microsoft.Azure' (are you missing an assembly reference?)
C:\gh\azure-sdk-for-net\sdk\keyvault\Microsoft.Azure.KeyVault\tests\TestFramework\KeyVaultTestFixture.cs(10,23): error CS0234: The type or namespace name 'Graph' does not exist in the namespace 'Microsoft.Azure' (are you missing an assembly reference?)
C:\gh\azure-sdk-for-net\sdk\keyvault\Microsoft.Azure.KeyVault\tests\TestFramework\KeyVaultTestFixture.cs(13,32): error CS0234: The type or namespace name 'WebKey' does not exist in the namespace 'Microsoft.Azure.KeyVault' (are you missing an assembly reference?)
C:\gh\azure-sdk-for-net\sdk\keyvault\Microsoft.Azure.KeyVault\tests\TestFramework\KeyVaultTestFixture.cs(14,23): error CS0234: The type or namespace name 'Test' does not exist in the namespace 'Microsoft.Azure' (are you missing an assembly reference?)
C:\gh\azure-sdk-for-net\sdk\keyvault\Microsoft.Azure.KeyVault\tests\TestFramework\KeyVaultTestFixture.cs(15,17): error CS0234: The type or namespace name 'IdentityModel' does not exist in the namespace 'Microsoft' (are you missing an assembly reference?)
C:\gh\azure-sdk-for-net\sdk\keyvault\Microsoft.Azure.KeyVault\tests\TestFramework\KeyVaultTestFixture.cs(16,17): error CS0234: The type or namespace name 'Rest' does not exist in the namespace 'Microsoft' (are you missing an assembly reference?)
C:\gh\azure-sdk-for-net\sdk\keyvault\Microsoft.Azure.KeyVault\tests\TestFramework\KeyVaultTestFixture.cs(17,23): error CS0234: The type or namespace name 'Management' does not exist in the namespace 'Microsoft.Azure' (are you missing an assembly reference?)
C:\gh\azure-sdk-for-net\sdk\keyvault\Microsoft.Azure.KeyVault\tests\TestFramework\KeyVaultTestFixture.cs(19,17): error CS0234: The type or namespace name 'Rest' does not exist in the namespace 'Microsoft' (are you missing an assembly reference?)
C:\gh\azure-sdk-for-net\sdk\keyvault\Microsoft.Azure.KeyVault\tests\TestFramework\SoftDeleteErrorDetectionStrategy.cs(2,17): error CS0234: The type or namespace name 'Rest' does not exist in the namespace 'Microsoft' (are you missing an assembly reference?)
C:\gh\azure-sdk-for-net\sdk\keyvault\Microsoft.Azure.KeyVault\tests\TestFramework\TestConfigurationManager.cs(5,17): error CS0234: The type or namespace name 'Extensions' does not exist in the namespace 'Microsoft' (are you missing an assembly reference?)
C:\gh\azure-sdk-for-net\sdk\keyvault\Microsoft.Azure.KeyVault\tests\TestFramework\TestHttpMessageHandler.cs(6,19): error CS0234: The type or namespace name 'Http' does not exist in the namespace 'System.Net' (are you missing an assembly reference?)
C:\gh\azure-sdk-for-net\sdk\keyvault\Microsoft.Azure.KeyVault\tests\TestFramework\TestKeyVaultCredential.cs(5,18): error CS0234: The type or namespace name 'Http' does not exist in the namespace 'System.Net' (are you missing an assembly reference?)
C:\gh\azure-sdk-for-net\sdk\keyvault\Microsoft.Azure.KeyVault\tests\TestFramework\TestKeyVaultCredential.cs(9,23): error CS0234: The type or namespace name 'Test' does not exist in the namespace 'Microsoft.Azure' (are you missing an assembly reference?)
C:\gh\azure-sdk-for-net\eng\mgmt\DisableTestRunParallel.cs(5,7): error CS0246: The type or namespace name 'Xunit' could not be found (are you missing a using directive or an assembly reference?)
C:\gh\azure-sdk-for-net\sdk\keyvault\Microsoft.Azure.KeyVault\tests\TestFramework\SoftDeleteErrorDetectionStrategy.cs(20,35): error CS0246: The type or namespace name 'RestException' could not be found (are you missing a using directive or an assembly reference?)
C:\gh\azure-sdk-for-net\sdk\keyvault\Microsoft.Azure.KeyVault\tests\TestFramework\SoftDeleteErrorDetectionStrategy.cs(20,35): error CS0039: Cannot convert type 'System.Exception' to 'Microsoft.Azure.KeyVault.Models.KeyVaultErrorException' via a reference conversion, boxing conversion, unboxing conversion, wrapping conversion, or null type conversion
C:\gh\azure-sdk-for-net\sdk\keyvault\Microsoft.Azure.KeyVault\tests\TestFramework\SoftDeleteErrorDetectionStrategy.cs(23,37): error CS0246: The type or namespace name 'HttpResponseMessageWrapper' could not be found (are you missing a using directive or an assembly reference?)
C:\gh\azure-sdk-for-net\sdk\keyvault\Microsoft.Azure.KeyVault\tests\TestFramework\SoftDeleteErrorDetectionStrategy.cs(24,37): error CS0246: The type or namespace name 'HttpResponseMessageWrapper' could not be found (are you missing a using directive or an assembly reference?)
C:\gh\azure-sdk-for-net\sdk\keyvault\Microsoft.Azure.KeyVault\tests\TestFramework\TestKeyVaultCredential.cs(22,17): error CS0246: The type or namespace name 'ServiceClientCredentials' could not be found (are you missing a using directive or an assembly reference?)
C:\gh\azure-sdk-for-net\sdk\keyvault\Microsoft.Azure.KeyVault\tests\TestFramework\TestKeyVaultCredential.cs(22,17): error CS0103: The name 'HttpMockServer' does not exist in the current context
C:\gh\azure-sdk-for-net\sdk\keyvault\Microsoft.Azure.KeyVault\tests\TestFramework\TestKeyVaultCredential.cs(22,40): error CS0246: The type or namespace name 'ServiceClientCredentials' could not be found (are you missing a using directive or an assembly reference?)
C:\gh\azure-sdk-for-net\sdk\keyvault\Microsoft.Azure.KeyVault\tests\TestFramework\TestKeyVaultCredential.cs(22,40): error CS0103: The name 'HttpRecorderMode' does not exist in the current context
C:\gh\azure-sdk-for-net\sdk\keyvault\Microsoft.Azure.KeyVault\tests\TestFramework\TestKeyVaultCredential.cs(24,29): error CS0246: The type or namespace name 'ServiceClientCredentials' could not be found (are you missing a using directive or an assembly reference?)
C:\gh\azure-sdk-for-net\sdk\keyvault\Microsoft.Azure.KeyVault\tests\TestFramework\TestKeyVaultCredential.cs(24,24): error CS0012: The type 'HttpRequestMessage' is defined in an assembly that is not referenced. You must add a reference to assembly 'System.Net.Http, Version=4.0.0.0, Culture=neutral, PublicKeyToken=b03f5f7f11d50a3a'.
C:\gh\azure-sdk-for-net\sdk\keyvault\Microsoft.Azure.KeyVault\tests\TestFramework\TestKeyVaultCredential.cs(28,24): error CS0246: The type or namespace name 'ServiceClientCredentials' could not be found (are you missing a using directive or an assembly reference?)
C:\gh\azure-sdk-for-net\sdk\keyvault\Microsoft.Azure.KeyVault\tests\TestFramework\TestHttpMessageHandler.cs(27,37): error CS1503: Argument 1: cannot convert from 'System.Uri' to 'string'
C:\gh\azure-sdk-for-net\sdk\keyvault\Microsoft.Azure.KeyVault\tests\TestFramework\TestHttpMessageHandler.cs(33,76): error CS0246: The type or namespace name 'HttpResponseMessage' could not be found (are you missing a using directive or an assembly reference?)
C:\gh\azure-sdk-for-net\sdk\keyvault\Microsoft.Azure.KeyVault\tests\TestFramework\KeyVaultTestFixture.cs(48,41): error CS0103: The name 'HttpMockServer' does not exist in the current context
C:\gh\azure-sdk-for-net\sdk\keyvault\Microsoft.Azure.KeyVault\tests\TestFramework\KeyVaultTestFixture.cs(48,64): error CS0103: The name 'HttpRecorderMode' does not exist in the current context
C:\gh\azure-sdk-for-net\sdk\keyvault\Microsoft.Azure.KeyVault\tests\TestFramework\KeyVaultTestFixture.cs(51,36): error CS0012: The type 'DelegatingHandler' is defined in an assembly that is not referenced. You must add a reference to assembly 'System.Net.Http, Version=4.0.0.0, Culture=neutral, PublicKeyToken=b03f5f7f11d50a3a'.
C:\gh\azure-sdk-for-net\sdk\keyvault\Microsoft.Azure.KeyVault\tests\TestFramework\KeyVaultTestFixture.cs(51,36): error CS0012: The type 'HttpClient' is defined in an assembly that is not referenced. You must add a reference to assembly 'System.Net.Http, Version=4.0.0.0, Culture=neutral, PublicKeyToken=b03f5f7f11d50a3a'.
C:\gh\azure-sdk-for-net\sdk\keyvault\Microsoft.Azure.KeyVault\tests\TestFramework\KeyVaultTestFixture.cs(51,36): error CS0246: The type or namespace name 'ServiceClientCredentials' could not be found (are you missing a using directive or an assembly reference?)
C:\gh\azure-sdk-for-net\sdk\keyvault\Microsoft.Azure.KeyVault\tests\TestFramework\KeyVaultTestFixture.cs(51,36): error CS0012: The type 'HttpClientHandler' is defined in an assembly that is not referenced. You must add a reference to assembly 'System.Net.Http, Version=4.0.0.0, Culture=neutral, PublicKeyToken=b03f5f7f11d50a3a'.
C:\gh\azure-sdk-for-net\sdk\keyvault\Microsoft.Azure.KeyVault\tests\TestFramework\KeyVaultTestFixture.cs(54,43): error CS0246: The type or namespace name 'ServiceClient<>' could not be found (are you missing a using directive or an assembly reference?)
C:\gh\azure-sdk-for-net\sdk\keyvault\Microsoft.Azure.KeyVault\tests\TestFramework\KeyVaultTestFixture.cs(54,81): error CS0103: The name 'JsonWebKeyType' does not exist in the current context
C:\gh\azure-sdk-for-net\sdk\keyvault\Microsoft.Azure.KeyVault\tests\TestFramework\KeyVaultTestFixture.cs(55,21): error CS0103: The name 'JsonWebKeyOperation' does not exist in the current context
C:\gh\azure-sdk-for-net\sdk\keyvault\Microsoft.Azure.KeyVault\tests\TestFramework\KeyVaultTestFixture.cs(54,34): error CS0246: The type or namespace name 'ServiceClient<>' could not be found (are you missing a using directive or an assembly reference?)
C:\gh\azure-sdk-for-net\sdk\keyvault\Microsoft.Azure.KeyVault\tests\TestFramework\KeyVaultTestFixture.cs(54,34): error CS0246: The type or namespace name 'IAzureClient' could not be found (are you missing a using directive or an assembly reference?)
C:\gh\azure-sdk-for-net\sdk\keyvault\Microsoft.Azure.KeyVault\tests\TestFramework\KeyVaultTestFixture.cs(56,62): error CS0012: The type 'JsonWebKey' is defined in an assembly that is not referenced. You must add a reference to assembly 'Microsoft.Azure.KeyVault.WebKey, Version=3.0.5.0, Culture=neutral, PublicKeyToken=31bf3856ad364e35'.
C:\gh\azure-sdk-for-net\sdk\keyvault\Microsoft.Azure.KeyVault\tests\TestFramework\KeyVaultTestFixture.cs(59,34): error CS0246: The type or namespace name 'TokenCache' could not be found (are you missing a using directive or an assembly reference?)
C:\gh\azure-sdk-for-net\sdk\keyvault\Microsoft.Azure.KeyVault\tests\TestFramework\KeyVaultTestFixture.cs(61,37): error CS0246: The type or namespace name 'RetryPolicy<>' could not be found (are you missing a using directive or an assembly reference?)
C:\gh\azure-sdk-for-net\sdk\keyvault\Microsoft.Azure.KeyVault\tests\TestFramework\KeyVaultTestFixture.cs(61,87): error CS0246: The type or namespace name 'ExponentialBackoffRetryStrategy' could not be found (are you missing a using directive or an assembly reference?)
C:\gh\azure-sdk-for-net\sdk\keyvault\Microsoft.Azure.KeyVault\tests\TestFramework\KeyVaultTestFixture.cs(64,37): error CS0246: The type or namespace name 'RetryPolicy<>' could not be found (are you missing a using directive or an assembly reference?)
C:\gh\azure-sdk-for-net\sdk\keyvault\Microsoft.Azure.KeyVault\tests\TestFramework\KeyVaultTestFixture.cs(64,88): error CS0246: The type or namespace name 'FixedIntervalRetryStrategy' could not be found (are you missing a using directive or an assembly reference?)
C:\gh\azure-sdk-for-net\sdk\keyvault\Microsoft.Azure.KeyVault\tests\TestFramework\TestConfigurationManager.cs(29,34): error CS0246: The type or namespace name 'ConfigurationBuilder' could not be found (are you missing a using directive or an assembly reference?)
C:\gh\azure-sdk-for-net\sdk\keyvault\Microsoft.Azure.KeyVault\tests\TestFramework\KeyVaultTestFixture.cs(70,13): error CS0103: The name 'HttpMockServer' does not exist in the current context
C:\gh\azure-sdk-for-net\sdk\keyvault\Microsoft.Azure.KeyVault\tests\TestFramework\KeyVaultTestFixture.cs(70,56): error CS0246: The type or namespace name 'FileSystemUtils' could not be found (are you missing a using directive or an assembly reference?)
C:\gh\azure-sdk-for-net\sdk\keyvault\Microsoft.Azure.KeyVault\tests\TestFramework\KeyVaultTestFixture.cs(71,13): error CS0103: The name 'HttpMockServer' does not exist in the current context
C:\gh\azure-sdk-for-net\sdk\keyvault\Microsoft.Azure.KeyVault\tests\TestFramework\KeyVaultTestFixture.cs(71,64): error CS0103: The name 'HttpRecorderMode' does not exist in the current context
C:\gh\azure-sdk-for-net\sdk\keyvault\Microsoft.Azure.KeyVault\tests\TestFramework\KeyVaultTestFixture.cs(72,13): error CS0103: The name 'HttpMockServer' does not exist in the current context
C:\gh\azure-sdk-for-net\sdk\keyvault\Microsoft.Azure.KeyVault\tests\TestFramework\KeyVaultTestFixture.cs(74,17): error CS0103: The name 'HttpMockServer' does not exist in the current context
C:\gh\azure-sdk-for-net\sdk\keyvault\Microsoft.Azure.KeyVault\tests\TestFramework\KeyVaultTestFixture.cs(74,40): error CS0103: The name 'HttpRecorderMode' does not exist in the current context
C:\gh\azure-sdk-for-net\sdk\keyvault\Microsoft.Azure.KeyVault\tests\TestFramework\KeyVaultTestFixture.cs(98,34): error CS0246: The type or namespace name 'ServicePrincipalCreateParameters' could not be found (are you missing a using directive or an assembly reference?)
C:\gh\azure-sdk-for-net\sdk\keyvault\Microsoft.Azure.KeyVault\tests\TestFramework\KeyVaultTestFixture.cs(109,55): error CS0246: The type or namespace name 'ApplicationCreateParameters' could not be found (are you missing a using directive or an assembly reference?)
C:\gh\azure-sdk-for-net\sdk\keyvault\Microsoft.Azure.KeyVault\tests\TestFramework\KeyVaultTestFixture.cs(117,25): error CS0246: The type or namespace name 'PasswordCredential' could not be found (are you missing a using directive or an assembly reference?)
C:\gh\azure-sdk-for-net\sdk\keyvault\Microsoft.Azure.KeyVault\tests\TestFramework\KeyVaultTestFixture.cs(155,45): error CS0246: The type or namespace name 'ClientCredential' could not be found (are you missing a using directive or an assembly reference?)
C:\gh\azure-sdk-for-net\sdk\keyvault\Microsoft.Azure.KeyVault\tests\TestFramework\KeyVaultTestFixture.cs(166,31): error CS0246: The type or namespace name 'AuthenticationContext' could not be found (are you missing a using directive or an assembly reference?)
C:\gh\azure-sdk-for-net\sdk\keyvault\Microsoft.Azure.KeyVault\tests\TestFramework\KeyVaultTestFixture.cs(175,31): error CS0246: The type or namespace name 'AuthenticationContext' could not be found (are you missing a using directive or an assembly reference?)
C:\gh\azure-sdk-for-net\sdk\keyvault\Microsoft.Azure.KeyVault\tests\TestFramework\KeyVaultTestFixture.cs(195,32): error CS0012: The type 'DelegatingHandler' is defined in an assembly that is not referenced. You must add a reference to assembly 'System.Net.Http, Version=4.0.0.0, Culture=neutral, PublicKeyToken=b03f5f7f11d50a3a'.
C:\gh\azure-sdk-for-net\sdk\keyvault\Microsoft.Azure.KeyVault\tests\TestFramework\KeyVaultTestFixture.cs(195,32): error CS0012: The type 'HttpClient' is defined in an assembly that is not referenced. You must add a reference to assembly 'System.Net.Http, Version=4.0.0.0, Culture=neutral, PublicKeyToken=b03f5f7f11d50a3a'.
C:\gh\azure-sdk-for-net\sdk\keyvault\Microsoft.Azure.KeyVault\tests\TestFramework\KeyVaultTestFixture.cs(195,32): error CS0246: The type or namespace name 'ServiceClientCredentials' could not be found (are you missing a using directive or an assembly reference?)
C:\gh\azure-sdk-for-net\sdk\keyvault\Microsoft.Azure.KeyVault\tests\TestFramework\KeyVaultTestFixture.cs(195,32): error CS0012: The type 'HttpClientHandler' is defined in an assembly that is not referenced. You must add a reference to assembly 'System.Net.Http, Version=4.0.0.0, Culture=neutral, PublicKeyToken=b03f5f7f11d50a3a'.
C:\gh\azure-sdk-for-net\sdk\keyvault\Microsoft.Azure.KeyVault\tests\TestFramework\KeyVaultTestFixture.cs(201,32): error CS0012: The type 'DelegatingHandler' is defined in an assembly that is not referenced. You must add a reference to assembly 'System.Net.Http, Version=4.0.0.0, Culture=neutral, PublicKeyToken=b03f5f7f11d50a3a'.
C:\gh\azure-sdk-for-net\sdk\keyvault\Microsoft.Azure.KeyVault\tests\TestFramework\KeyVaultTestFixture.cs(201,32): error CS0012: The type 'HttpClient' is defined in an assembly that is not referenced. You must add a reference to assembly 'System.Net.Http, Version=4.0.0.0, Culture=neutral, PublicKeyToken=b03f5f7f11d50a3a'.
C:\gh\azure-sdk-for-net\sdk\keyvault\Microsoft.Azure.KeyVault\tests\TestFramework\KeyVaultTestFixture.cs(201,32): error CS0246: The type or namespace name 'ServiceClientCredentials' could not be found (are you missing a using directive or an assembly reference?)
C:\gh\azure-sdk-for-net\sdk\keyvault\Microsoft.Azure.KeyVault\tests\TestFramework\KeyVaultTestFixture.cs(201,32): error CS0012: The type 'HttpClientHandler' is defined in an assembly that is not referenced. You must add a reference to assembly 'System.Net.Http, Version=4.0.0.0, Culture=neutral, PublicKeyToken=b03f5f7f11d50a3a'.
C:\gh\azure-sdk-for-net\sdk\keyvault\Microsoft.Azure.KeyVault\tests\TestFramework\KeyVaultTestFixture.cs(237,13): error CS0246: The type or namespace name 'HttpMockServer' could not be found (are you missing a using directive or an assembly reference?)
C:\gh\azure-sdk-for-net\sdk\keyvault\Microsoft.Azure.KeyVault\tests\TestFramework\KeyVaultTestFixture.cs(237,37): error CS0103: The name 'HttpMockServer' does not exist in the current context
C:\gh\azure-sdk-for-net\sdk\keyvault\Microsoft.Azure.KeyVault\tests\TestFramework\KeyVaultTestFixture.cs(239,24): error CS0246: The type or namespace name 'DelegatingHandler' could not be found (are you missing a using directive or an assembly reference?)
C:\gh\azure-sdk-for-net\sdk\keyvault\Microsoft.Azure.KeyVault\tests\TestFramework\KeyVaultTestFixture.cs(243,17): error CS0103: The name 'HttpMockServer' does not exist in the current context
C:\gh\azure-sdk-for-net\sdk\keyvault\Microsoft.Azure.KeyVault\tests\TestFramework\KeyVaultTestFixture.cs(243,40): error CS0103: The name 'HttpRecorderMode' does not exist in the current context
C:\gh\azure-sdk-for-net\sdk\keyvault\Microsoft.Azure.KeyVault\tests\TestFramework\KeyVaultTestFixture.cs(245,31): error CS0103: The name 'TestEnvironmentFactory' does not exist in the current context
C:\gh\azure-sdk-for-net\sdk\keyvault\Microsoft.Azure.KeyVault\tests\TestFramework\KeyVaultTestFixture.cs(246,35): error CS0246: The type or namespace name 'MockContext' could not be found (are you missing a using directive or an assembly reference?)
C:\gh\azure-sdk-for-net\sdk\keyvault\Microsoft.Azure.KeyVault\tests\TestFramework\KeyVaultTestFixture.cs(248,64): error CS0246: The type or namespace name 'ResourceManagementClient' could not be found (are you missing a using directive or an assembly reference?)
C:\gh\azure-sdk-for-net\sdk\keyvault\Microsoft.Azure.KeyVault\tests\TestFramework\KeyVaultTestFixture.cs(249,60): error CS0246: The type or namespace name 'GraphRbacManagementClient' could not be found (are you missing a using directive or an assembly reference?)
C:\gh\azure-sdk-for-net\sdk\keyvault\Microsoft.Azure.KeyVault\tests\TestFramework\TestKeyVaultCredential.cs(5,1): hidden CS8019: Unnecessary using directive.
C:\gh\azure-sdk-for-net\sdk\keyvault\Microsoft.Azure.KeyVault\tests\TestFramework\TestConfigurationManager.cs(5,1): hidden CS8019: Unnecessary using directive.
C:\gh\azure-sdk-for-net\sdk\keyvault\Microsoft.Azure.KeyVault\tests\TestFramework\KeyVaultTestFixture.cs(7,1): hidden CS8019: Unnecessary using directive.
C:\gh\azure-sdk-for-net\sdk\keyvault\Microsoft.Azure.KeyVault\tests\TestFramework\TestHttpMessageHandler.cs(6,1): hidden CS8019: Unnecessary using directive.
C:\gh\azure-sdk-for-net\sdk\keyvault\Microsoft.Azure.KeyVault\tests\TestFramework\KeyVaultTestFixture.cs(17,1): hidden CS8019: Unnecessary using directive.
C:\gh\azure-sdk-for-net\eng\mgmt\DisableTestRunParallel.cs(5,1): hidden CS8019: Unnecessary using directive.
C:\gh\azure-sdk-for-net\eng\mgmt\DisableTestRunParallel.cs(4,1): hidden CS8019: Unnecessary using directive.
C:\gh\azure-sdk-for-net\sdk\keyvault\Microsoft.Azure.KeyVault\tests\TestFramework\KeyVaultTestFixture.cs(10,1): hidden CS8019: Unnecessary using directive.
C:\gh\azure-sdk-for-net\artifacts\obj\Microsoft.Azure.KeyVault.TestFramework\Debug\net461\Microsoft.Azure.KeyVault.TestFramework.AssemblyInfo.cs(12,1): hidden CS8019: Unnecessary using directive.
C:\gh\azure-sdk-for-net\sdk\keyvault\Microsoft.Azure.KeyVault\tests\TestFramework\TestKeyVaultCredential.cs(9,1): hidden CS8019: Unnecessary using directive.
C:\gh\azure-sdk-for-net\sdk\keyvault\Microsoft.Azure.KeyVault\tests\TestFramework\KeyVaultTestFixture.cs(9,1): hidden CS8019: Unnecessary using directive.
C:\gh\azure-sdk-for-net\sdk\keyvault\Microsoft.Azure.KeyVault\tests\TestFramework\SoftDeleteErrorDetectionStrategy.cs(2,1): hidden CS8019: Unnecessary using directive.
C:\gh\azure-sdk-for-net\sdk\keyvault\Microsoft.Azure.KeyVault\tests\TestFramework\KeyVaultTestFixture.cs(13,1): hidden CS8019: Unnecessary using directive.
C:\gh\azure-sdk-for-net\sdk\keyvault\Microsoft.Azure.KeyVault\tests\TestFramework\KeyVaultTestFixture.cs(14,1): hidden CS8019: Unnecessary using directive.
C:\gh\azure-sdk-for-net\sdk\keyvault\Microsoft.Azure.KeyVault\tests\TestFramework\KeyVaultTestFixture.cs(19,1): hidden CS8019: Unnecessary using directive.
C:\gh\azure-sdk-for-net\sdk\keyvault\Microsoft.Azure.KeyVault\tests\TestFramework\KeyVaultTestFixture.cs(15,1): hidden CS8019: Unnecessary using directive.
C:\gh\azure-sdk-for-net\sdk\keyvault\Microsoft.Azure.KeyVault\tests\TestFramework\KeyVaultTestFixture.cs(18,1): hidden CS8019: Unnecessary using directive.
C:\gh\azure-sdk-for-net\artifacts\obj\Microsoft.Azure.KeyVault.TestFramework\Debug\net461\.NETFramework,Version=v4.6.1.AssemblyAttributes.cs(2,1): hidden CS8019: Unnecessary using directive.
C:\gh\azure-sdk-for-net\sdk\keyvault\Microsoft.Azure.KeyVault\tests\TestFramework\KeyVaultTestFixture.cs(16,1): hidden CS8019: Unnecessary using directive.
C:\gh\azure-sdk-for-net\artifacts\obj\Microsoft.Azure.KeyVault.TestFramework\Debug\net461\.NETFramework,Version=v4.6.1.AssemblyAttributes.cs(3,1): hidden CS8019: Unnecessary using directive.
C:\gh\azure-sdk-for-net\artifacts\obj\Microsoft.Azure.KeyVault.TestFramework\Debug\net461\Microsoft.Azure.KeyVault.TestFramework.AssemblyInfo.cs(11,1): hidden CS8019: Unnecessary using directive.
