C:\gh\azure-sdk-for-net\eng\mgmt\DisableTestRunParallel.cs(7,12): error CS0246: The type or namespace name 'CollectionBehaviorAttribute' could not be found (are you missing a using directive or an assembly reference?)
C:\gh\azure-sdk-for-net\eng\mgmt\DisableTestRunParallel.cs(7,12): error CS0246: The type or namespace name 'CollectionBehavior' could not be found (are you missing a using directive or an assembly reference?)
C:\gh\azure-sdk-for-net\eng\mgmt\DisableTestRunParallel.cs(7,31): error CS0246: The type or namespace name 'DisableTestParallelization' could not be found (are you missing a using directive or an assembly reference?)
C:\gh\azure-sdk-for-net\eng\mgmt\DisableTestRunParallel.cs(7,66): error CS0246: The type or namespace name 'MaxParallelThreads' could not be found (are you missing a using directive or an assembly reference?)
C:\gh\azure-sdk-for-net\sdk\keyvault\Microsoft.Azure.KeyVault.WebKey\tests\WebKeyAesValidationTest.cs(6,7): error CS0246: The type or namespace name 'Newtonsoft' could not be found (are you missing a using directive or an assembly reference?)
C:\gh\azure-sdk-for-net\sdk\keyvault\Microsoft.Azure.KeyVault.WebKey\tests\WebKeyAesValidationTest.cs(10,7): error CS0246: The type or namespace name 'Xunit' could not be found (are you missing a using directive or an assembly reference?)
C:\gh\azure-sdk-for-net\sdk\keyvault\Microsoft.Azure.KeyVault.WebKey\tests\WebKeyEcValidationTest.cs(8,7): error CS0246: The type or namespace name 'Newtonsoft' could not be found (are you missing a using directive or an assembly reference?)
C:\gh\azure-sdk-for-net\sdk\keyvault\Microsoft.Azure.KeyVault.WebKey\tests\WebKeyEcValidationTest.cs(9,7): error CS0246: The type or namespace name 'Xunit' could not be found (are you missing a using directive or an assembly reference?)
C:\gh\azure-sdk-for-net\sdk\keyvault\Microsoft.Azure.KeyVault.WebKey\tests\WebKeyHsmRsaValidationTest.cs(6,7): error CS0246: The type or namespace name 'Newtonsoft' could not be found (are you missing a using directive or an assembly reference?)
C:\gh\azure-sdk-for-net\sdk\keyvault\Microsoft.Azure.KeyVault.WebKey\tests\WebKeyHsmRsaValidationTest.cs(7,7): error CS0246: The type or namespace name 'Xunit' could not be found (are you missing a using directive or an assembly reference?)
C:\gh\azure-sdk-for-net\sdk\keyvault\Microsoft.Azure.KeyVault.WebKey\tests\WebKeyOperationsTest.cs(10,7): error CS0246: The type or namespace name 'Xunit' could not be found (are you missing a using directive or an assembly reference?)
C:\gh\azure-sdk-for-net\sdk\keyvault\Microsoft.Azure.KeyVault.WebKey\tests\WebKeyRsaValidationTest.cs(6,7): error CS0246: The type or namespace name 'Newtonsoft' could not be found (are you missing a using directive or an assembly reference?)
C:\gh\azure-sdk-for-net\sdk\keyvault\Microsoft.Azure.KeyVault.WebKey\tests\WebKeyRsaValidationTest.cs(12,7): error CS0246: The type or namespace name 'Xunit' could not be found (are you missing a using directive or an assembly reference?)
C:\gh\azure-sdk-for-net\sdk\keyvault\Microsoft.Azure.KeyVault.WebKey\tests\WebKeySerializationTest.cs(7,7): error CS0246: The type or namespace name 'Newtonsoft' could not be found (are you missing a using directive or an assembly reference?)
C:\gh\azure-sdk-for-net\sdk\keyvault\Microsoft.Azure.KeyVault.WebKey\tests\WebKeySerializationTest.cs(8,7): error CS0246: The type or namespace name 'Xunit' could not be found (are you missing a using directive or an assembly reference?)
C:\gh\azure-sdk-for-net\eng\mgmt\DisableTestRunParallel.cs(5,7): error CS0246: The type or namespace name 'Xunit' could not be found (are you missing a using directive or an assembly reference?)
C:\gh\azure-sdk-for-net\sdk\keyvault\Microsoft.Azure.KeyVault.WebKey\tests\WebKeySerializationTest.cs(14,10): error CS0246: The type or namespace name 'FactAttribute' could not be found (are you missing a using directive or an assembly reference?)
C:\gh\azure-sdk-for-net\sdk\keyvault\Microsoft.Azure.KeyVault.WebKey\tests\WebKeySerializationTest.cs(14,10): error CS0246: The type or namespace name 'Fact' could not be found (are you missing a using directive or an assembly reference?)
C:\gh\azure-sdk-for-net\sdk\keyvault\Microsoft.Azure.KeyVault.WebKey\tests\WebKeyHsmRsaValidationTest.cs(16,10): error CS0246: The type or namespace name 'FactAttribute' could not be found (are you missing a using directive or an assembly reference?)
C:\gh\azure-sdk-for-net\sdk\keyvault\Microsoft.Azure.KeyVault.WebKey\tests\WebKeyHsmRsaValidationTest.cs(16,10): error CS0246: The type or namespace name 'Fact' could not be found (are you missing a using directive or an assembly reference?)
C:\gh\azure-sdk-for-net\sdk\keyvault\Microsoft.Azure.KeyVault.WebKey\tests\WebKeyEcValidationTest.cs(20,10): error CS0246: The type or namespace name 'FactAttribute' could not be found (are you missing a using directive or an assembly reference?)
C:\gh\azure-sdk-for-net\sdk\keyvault\Microsoft.Azure.KeyVault.WebKey\tests\WebKeyEcValidationTest.cs(20,10): error CS0246: The type or namespace name 'Fact' could not be found (are you missing a using directive or an assembly reference?)
C:\gh\azure-sdk-for-net\sdk\keyvault\Microsoft.Azure.KeyVault.WebKey\tests\WebKeySerializationTest.cs(27,10): error CS0246: The type or namespace name 'FactAttribute' could not be found (are you missing a using directive or an assembly reference?)
C:\gh\azure-sdk-for-net\sdk\keyvault\Microsoft.Azure.KeyVault.WebKey\tests\WebKeySerializationTest.cs(27,10): error CS0246: The type or namespace name 'Fact' could not be found (are you missing a using directive or an assembly reference?)
C:\gh\azure-sdk-for-net\sdk\keyvault\Microsoft.Azure.KeyVault.WebKey\tests\WebKeyHsmRsaValidationTest.cs(29,10): error CS0246: The type or namespace name 'FactAttribute' could not be found (are you missing a using directive or an assembly reference?)
C:\gh\azure-sdk-for-net\sdk\keyvault\Microsoft.Azure.KeyVault.WebKey\tests\WebKeyHsmRsaValidationTest.cs(29,10): error CS0246: The type or namespace name 'Fact' could not be found (are you missing a using directive or an assembly reference?)
C:\gh\azure-sdk-for-net\sdk\keyvault\Microsoft.Azure.KeyVault.WebKey\tests\WebKeyAesValidationTest.cs(16,10): error CS0246: The type or namespace name 'FactAttribute' could not be found (are you missing a using directive or an assembly reference?)
C:\gh\azure-sdk-for-net\sdk\keyvault\Microsoft.Azure.KeyVault.WebKey\tests\WebKeyAesValidationTest.cs(16,10): error CS0246: The type or namespace name 'Fact' could not be found (are you missing a using directive or an assembly reference?)
C:\gh\azure-sdk-for-net\sdk\keyvault\Microsoft.Azure.KeyVault.WebKey\tests\WebKeySerializationTest.cs(38,10): error CS0246: The type or namespace name 'FactAttribute' could not be found (are you missing a using directive or an assembly reference?)
C:\gh\azure-sdk-for-net\sdk\keyvault\Microsoft.Azure.KeyVault.WebKey\tests\WebKeySerializationTest.cs(38,10): error CS0246: The type or namespace name 'Fact' could not be found (are you missing a using directive or an assembly reference?)
C:\gh\azure-sdk-for-net\sdk\keyvault\Microsoft.Azure.KeyVault.WebKey\tests\WebKeyOperationsTest.cs(16,10): error CS0246: The type or namespace name 'FactAttribute' could not be found (are you missing a using directive or an assembly reference?)
C:\gh\azure-sdk-for-net\sdk\keyvault\Microsoft.Azure.KeyVault.WebKey\tests\WebKeyOperationsTest.cs(16,10): error CS0246: The type or namespace name 'Fact' could not be found (are you missing a using directive or an assembly reference?)
C:\gh\azure-sdk-for-net\sdk\keyvault\Microsoft.Azure.KeyVault.WebKey\tests\WebKeyEcValidationTest.cs(38,10): error CS0246: The type or namespace name 'FactAttribute' could not be found (are you missing a using directive or an assembly reference?)
C:\gh\azure-sdk-for-net\sdk\keyvault\Microsoft.Azure.KeyVault.WebKey\tests\WebKeyEcValidationTest.cs(38,10): error CS0246: The type or namespace name 'Fact' could not be found (are you missing a using directive or an assembly reference?)
C:\gh\azure-sdk-for-net\sdk\keyvault\Microsoft.Azure.KeyVault.WebKey\tests\WebKeySerializationTest.cs(49,10): error CS0246: The type or namespace name 'FactAttribute' could not be found (are you missing a using directive or an assembly reference?)
C:\gh\azure-sdk-for-net\sdk\keyvault\Microsoft.Azure.KeyVault.WebKey\tests\WebKeySerializationTest.cs(49,10): error CS0246: The type or namespace name 'Fact' could not be found (are you missing a using directive or an assembly reference?)
C:\gh\azure-sdk-for-net\sdk\keyvault\Microsoft.Azure.KeyVault.WebKey\tests\WebKeyAesValidationTest.cs(36,10): error CS0246: The type or namespace name 'FactAttribute' could not be found (are you missing a using directive or an assembly reference?)
C:\gh\azure-sdk-for-net\sdk\keyvault\Microsoft.Azure.KeyVault.WebKey\tests\WebKeyAesValidationTest.cs(36,10): error CS0246: The type or namespace name 'Fact' could not be found (are you missing a using directive or an assembly reference?)
C:\gh\azure-sdk-for-net\sdk\keyvault\Microsoft.Azure.KeyVault.WebKey\tests\WebKeyRsaValidationTest.cs(94,10): error CS0246: The type or namespace name 'FactAttribute' could not be found (are you missing a using directive or an assembly reference?)
C:\gh\azure-sdk-for-net\sdk\keyvault\Microsoft.Azure.KeyVault.WebKey\tests\WebKeyRsaValidationTest.cs(94,10): error CS0246: The type or namespace name 'Fact' could not be found (are you missing a using directive or an assembly reference?)
C:\gh\azure-sdk-for-net\sdk\keyvault\Microsoft.Azure.KeyVault.WebKey\tests\WebKeyOperationsTest.cs(25,10): error CS0246: The type or namespace name 'FactAttribute' could not be found (are you missing a using directive or an assembly reference?)
C:\gh\azure-sdk-for-net\sdk\keyvault\Microsoft.Azure.KeyVault.WebKey\tests\WebKeyOperationsTest.cs(25,10): error CS0246: The type or namespace name 'Fact' could not be found (are you missing a using directive or an assembly reference?)
C:\gh\azure-sdk-for-net\sdk\keyvault\Microsoft.Azure.KeyVault.WebKey\tests\WebKeyAesValidationTest.cs(44,10): error CS0246: The type or namespace name 'FactAttribute' could not be found (are you missing a using directive or an assembly reference?)
C:\gh\azure-sdk-for-net\sdk\keyvault\Microsoft.Azure.KeyVault.WebKey\tests\WebKeyAesValidationTest.cs(44,10): error CS0246: The type or namespace name 'Fact' could not be found (are you missing a using directive or an assembly reference?)
C:\gh\azure-sdk-for-net\sdk\keyvault\Microsoft.Azure.KeyVault.WebKey\tests\WebKeyEcValidationTest.cs(192,10): error CS0246: The type or namespace name 'FactAttribute' could not be found (are you missing a using directive or an assembly reference?)
C:\gh\azure-sdk-for-net\sdk\keyvault\Microsoft.Azure.KeyVault.WebKey\tests\WebKeyEcValidationTest.cs(192,10): error CS0246: The type or namespace name 'Fact' could not be found (are you missing a using directive or an assembly reference?)
C:\gh\azure-sdk-for-net\sdk\keyvault\Microsoft.Azure.KeyVault.WebKey\tests\WebKeyRsaValidationTest.cs(105,10): error CS0246: The type or namespace name 'FactAttribute' could not be found (are you missing a using directive or an assembly reference?)
C:\gh\azure-sdk-for-net\sdk\keyvault\Microsoft.Azure.KeyVault.WebKey\tests\WebKeyRsaValidationTest.cs(105,10): error CS0246: The type or namespace name 'Fact' could not be found (are you missing a using directive or an assembly reference?)
C:\gh\azure-sdk-for-net\sdk\keyvault\Microsoft.Azure.KeyVault.WebKey\tests\WebKeyRsaValidationTest.cs(127,10): error CS0246: The type or namespace name 'FactAttribute' could not be found (are you missing a using directive or an assembly reference?)
C:\gh\azure-sdk-for-net\sdk\keyvault\Microsoft.Azure.KeyVault.WebKey\tests\WebKeyRsaValidationTest.cs(127,10): error CS0246: The type or namespace name 'Fact' could not be found (are you missing a using directive or an assembly reference?)
C:\gh\azure-sdk-for-net\sdk\keyvault\Microsoft.Azure.KeyVault.WebKey\tests\WebKeyRsaValidationTest.cs(149,10): error CS0246: The type or namespace name 'FactAttribute' could not be found (are you missing a using directive or an assembly reference?)
C:\gh\azure-sdk-for-net\sdk\keyvault\Microsoft.Azure.KeyVault.WebKey\tests\WebKeyRsaValidationTest.cs(149,10): error CS0246: The type or namespace name 'Fact' could not be found (are you missing a using directive or an assembly reference?)
C:\gh\azure-sdk-for-net\sdk\keyvault\Microsoft.Azure.KeyVault.WebKey\tests\WebKeyRsaValidationTest.cs(192,10): error CS0246: The type or namespace name 'FactAttribute' could not be found (are you missing a using directive or an assembly reference?)
C:\gh\azure-sdk-for-net\sdk\keyvault\Microsoft.Azure.KeyVault.WebKey\tests\WebKeyRsaValidationTest.cs(192,10): error CS0246: The type or namespace name 'Fact' could not be found (are you missing a using directive or an assembly reference?)
C:\gh\azure-sdk-for-net\sdk\keyvault\Microsoft.Azure.KeyVault.WebKey\tests\WebKeyHsmRsaValidationTest.cs(19,26): error CS0103: The name 'JsonConvert' does not exist in the current context
C:\gh\azure-sdk-for-net\sdk\keyvault\Microsoft.Azure.KeyVault.WebKey\tests\WebKeyHsmRsaValidationTest.cs(20,24): error CS0103: The name 'JsonConvert' does not exist in the current context
C:\gh\azure-sdk-for-net\sdk\keyvault\Microsoft.Azure.KeyVault.WebKey\tests\WebKeyHsmRsaValidationTest.cs(22,13): error CS0103: The name 'Assert' does not exist in the current context
C:\gh\azure-sdk-for-net\sdk\keyvault\Microsoft.Azure.KeyVault.WebKey\tests\WebKeyHsmRsaValidationTest.cs(23,13): error CS0103: The name 'Assert' does not exist in the current context
C:\gh\azure-sdk-for-net\sdk\keyvault\Microsoft.Azure.KeyVault.WebKey\tests\WebKeyHsmRsaValidationTest.cs(25,13): error CS0103: The name 'Assert' does not exist in the current context
C:\gh\azure-sdk-for-net\sdk\keyvault\Microsoft.Azure.KeyVault.WebKey\tests\WebKeyHsmRsaValidationTest.cs(26,13): error CS0103: The name 'Assert' does not exist in the current context
C:\gh\azure-sdk-for-net\sdk\keyvault\Microsoft.Azure.KeyVault.WebKey\tests\WebKeySerializationTest.cs(22,32): error CS0103: The name 'JsonConvert' does not exist in the current context
C:\gh\azure-sdk-for-net\sdk\keyvault\Microsoft.Azure.KeyVault.WebKey\tests\WebKeySerializationTest.cs(24,13): error CS0103: The name 'Assert' does not exist in the current context
C:\gh\azure-sdk-for-net\sdk\keyvault\Microsoft.Azure.KeyVault.WebKey\tests\WebKeySerializationTest.cs(33,32): error CS0103: The name 'JsonConvert' does not exist in the current context
C:\gh\azure-sdk-for-net\sdk\keyvault\Microsoft.Azure.KeyVault.WebKey\tests\WebKeySerializationTest.cs(35,13): error CS0103: The name 'Assert' does not exist in the current context
C:\gh\azure-sdk-for-net\sdk\keyvault\Microsoft.Azure.KeyVault.WebKey\tests\WebKeyAesValidationTest.cs(22,17): error CS0103: The name 'Assert' does not exist in the current context
C:\gh\azure-sdk-for-net\sdk\keyvault\Microsoft.Azure.KeyVault.WebKey\tests\WebKeyAesValidationTest.cs(23,17): error CS0103: The name 'Assert' does not exist in the current context
C:\gh\azure-sdk-for-net\sdk\keyvault\Microsoft.Azure.KeyVault.WebKey\tests\WebKeyAesValidationTest.cs(30,17): error CS0103: The name 'Assert' does not exist in the current context
C:\gh\azure-sdk-for-net\sdk\keyvault\Microsoft.Azure.KeyVault.WebKey\tests\WebKeyAesValidationTest.cs(31,17): error CS0103: The name 'Assert' does not exist in the current context
C:\gh\azure-sdk-for-net\sdk\keyvault\Microsoft.Azure.KeyVault.WebKey\tests\WebKeyAesValidationTest.cs(32,17): error CS0103: The name 'Assert' does not exist in the current context
C:\gh\azure-sdk-for-net\sdk\keyvault\Microsoft.Azure.KeyVault.WebKey\tests\WebKeySerializationTest.cs(44,32): error CS0103: The name 'JsonConvert' does not exist in the current context
C:\gh\azure-sdk-for-net\sdk\keyvault\Microsoft.Azure.KeyVault.WebKey\tests\WebKeySerializationTest.cs(46,13): error CS0103: The name 'Assert' does not exist in the current context
C:\gh\azure-sdk-for-net\sdk\keyvault\Microsoft.Azure.KeyVault.WebKey\tests\WebKeyEcValidationTest.cs(59,13): error CS0103: The name 'Assert' does not exist in the current context
C:\gh\azure-sdk-for-net\sdk\keyvault\Microsoft.Azure.KeyVault.WebKey\tests\WebKeyEcValidationTest.cs(65,35): error CS0103: The name 'JsonConvert' does not exist in the current context
C:\gh\azure-sdk-for-net\sdk\keyvault\Microsoft.Azure.KeyVault.WebKey\tests\WebKeyAesValidationTest.cs(41,13): error CS0103: The name 'Assert' does not exist in the current context
C:\gh\azure-sdk-for-net\sdk\keyvault\Microsoft.Azure.KeyVault.WebKey\tests\WebKeySerializationTest.cs(60,32): error CS0103: The name 'JsonConvert' does not exist in the current context
C:\gh\azure-sdk-for-net\sdk\keyvault\Microsoft.Azure.KeyVault.WebKey\tests\WebKeySerializationTest.cs(62,13): error CS0103: The name 'Assert' does not exist in the current context
C:\gh\azure-sdk-for-net\sdk\keyvault\Microsoft.Azure.KeyVault.WebKey\tests\WebKeyRsaValidationTest.cs(99,27): error CS0103: The name 'JsonConvert' does not exist in the current context
C:\gh\azure-sdk-for-net\sdk\keyvault\Microsoft.Azure.KeyVault.WebKey\tests\WebKeyOperationsTest.cs(31,13): error CS0103: The name 'Assert' does not exist in the current context
C:\gh\azure-sdk-for-net\sdk\keyvault\Microsoft.Azure.KeyVault.WebKey\tests\WebKeyOperationsTest.cs(37,13): error CS0103: The name 'Assert' does not exist in the current context
C:\gh\azure-sdk-for-net\sdk\keyvault\Microsoft.Azure.KeyVault.WebKey\tests\WebKeyOperationsTest.cs(40,13): error CS0103: The name 'Assert' does not exist in the current context
C:\gh\azure-sdk-for-net\sdk\keyvault\Microsoft.Azure.KeyVault.WebKey\tests\WebKeyOperationsTest.cs(45,13): error CS0103: The name 'Assert' does not exist in the current context
C:\gh\azure-sdk-for-net\sdk\keyvault\Microsoft.Azure.KeyVault.WebKey\tests\WebKeyOperationsTest.cs(53,13): error CS0103: The name 'Assert' does not exist in the current context
C:\gh\azure-sdk-for-net\sdk\keyvault\Microsoft.Azure.KeyVault.WebKey\tests\WebKeyHsmRsaValidationTest.cs(32,26): error CS0103: The name 'JsonConvert' does not exist in the current context
C:\gh\azure-sdk-for-net\sdk\keyvault\Microsoft.Azure.KeyVault.WebKey\tests\WebKeyHsmRsaValidationTest.cs(33,24): error CS0103: The name 'JsonConvert' does not exist in the current context
C:\gh\azure-sdk-for-net\sdk\keyvault\Microsoft.Azure.KeyVault.WebKey\tests\WebKeyHsmRsaValidationTest.cs(35,13): error CS0103: The name 'Assert' does not exist in the current context
C:\gh\azure-sdk-for-net\sdk\keyvault\Microsoft.Azure.KeyVault.WebKey\tests\WebKeyHsmRsaValidationTest.cs(38,13): error CS0103: The name 'Assert' does not exist in the current context
C:\gh\azure-sdk-for-net\sdk\keyvault\Microsoft.Azure.KeyVault.WebKey\tests\WebKeyHsmRsaValidationTest.cs(39,13): error CS0103: The name 'Assert' does not exist in the current context
C:\gh\azure-sdk-for-net\sdk\keyvault\Microsoft.Azure.KeyVault.WebKey\tests\WebKeyHsmRsaValidationTest.cs(40,13): error CS0103: The name 'Assert' does not exist in the current context
C:\gh\azure-sdk-for-net\sdk\keyvault\Microsoft.Azure.KeyVault.WebKey\tests\WebKeyHsmRsaValidationTest.cs(43,13): error CS0103: The name 'Assert' does not exist in the current context
C:\gh\azure-sdk-for-net\sdk\keyvault\Microsoft.Azure.KeyVault.WebKey\tests\WebKeyHsmRsaValidationTest.cs(45,13): error CS0103: The name 'Assert' does not exist in the current context
C:\gh\azure-sdk-for-net\sdk\keyvault\Microsoft.Azure.KeyVault.WebKey\tests\WebKeyAesValidationTest.cs(50,13): error CS0103: The name 'Assert' does not exist in the current context
C:\gh\azure-sdk-for-net\sdk\keyvault\Microsoft.Azure.KeyVault.WebKey\tests\WebKeyAesValidationTest.cs(51,13): error CS0103: The name 'Assert' does not exist in the current context
C:\gh\azure-sdk-for-net\sdk\keyvault\Microsoft.Azure.KeyVault.WebKey\tests\WebKeyAesValidationTest.cs(54,13): error CS0103: The name 'Assert' does not exist in the current context
C:\gh\azure-sdk-for-net\sdk\keyvault\Microsoft.Azure.KeyVault.WebKey\tests\WebKeyRsaValidationTest.cs(110,34): error CS0103: The name 'JsonConvert' does not exist in the current context
C:\gh\azure-sdk-for-net\sdk\keyvault\Microsoft.Azure.KeyVault.WebKey\tests\WebKeyRsaValidationTest.cs(113,17): error CS0103: The name 'Assert' does not exist in the current context
C:\gh\azure-sdk-for-net\sdk\keyvault\Microsoft.Azure.KeyVault.WebKey\tests\WebKeyRsaValidationTest.cs(114,17): error CS0103: The name 'Assert' does not exist in the current context
C:\gh\azure-sdk-for-net\sdk\keyvault\Microsoft.Azure.KeyVault.WebKey\tests\WebKeyRsaValidationTest.cs(115,17): error CS0103: The name 'Assert' does not exist in the current context
C:\gh\azure-sdk-for-net\sdk\keyvault\Microsoft.Azure.KeyVault.WebKey\tests\WebKeyRsaValidationTest.cs(116,17): error CS0103: The name 'Assert' does not exist in the current context
C:\gh\azure-sdk-for-net\sdk\keyvault\Microsoft.Azure.KeyVault.WebKey\tests\WebKeyRsaValidationTest.cs(117,17): error CS0103: The name 'Assert' does not exist in the current context
C:\gh\azure-sdk-for-net\sdk\keyvault\Microsoft.Azure.KeyVault.WebKey\tests\WebKeyRsaValidationTest.cs(118,17): error CS0103: The name 'Assert' does not exist in the current context
C:\gh\azure-sdk-for-net\sdk\keyvault\Microsoft.Azure.KeyVault.WebKey\tests\WebKeyRsaValidationTest.cs(132,33): error CS0103: The name 'JsonConvert' does not exist in the current context
C:\gh\azure-sdk-for-net\sdk\keyvault\Microsoft.Azure.KeyVault.WebKey\tests\WebKeyRsaValidationTest.cs(135,30): error CS0103: The name 'JsonConvert' does not exist in the current context
C:\gh\azure-sdk-for-net\sdk\keyvault\Microsoft.Azure.KeyVault.WebKey\tests\WebKeyRsaValidationTest.cs(138,17): error CS0103: The name 'Assert' does not exist in the current context
C:\gh\azure-sdk-for-net\sdk\keyvault\Microsoft.Azure.KeyVault.WebKey\tests\WebKeyRsaValidationTest.cs(145,17): error CS0103: The name 'Assert' does not exist in the current context
C:\gh\azure-sdk-for-net\sdk\keyvault\Microsoft.Azure.KeyVault.WebKey\tests\WebKeyEcValidationTest.cs(108,23): error CS0103: The name 'JsonConvert' does not exist in the current context
C:\gh\azure-sdk-for-net\sdk\keyvault\Microsoft.Azure.KeyVault.WebKey\tests\WebKeyEcValidationTest.cs(112,25): error CS0103: The name 'JsonConvert' does not exist in the current context
C:\gh\azure-sdk-for-net\sdk\keyvault\Microsoft.Azure.KeyVault.WebKey\tests\WebKeyEcValidationTest.cs(113,13): error CS0103: The name 'Assert' does not exist in the current context
C:\gh\azure-sdk-for-net\sdk\keyvault\Microsoft.Azure.KeyVault.WebKey\tests\WebKeyEcValidationTest.cs(115,24): error CS0103: The name 'JsonConvert' does not exist in the current context
C:\gh\azure-sdk-for-net\sdk\keyvault\Microsoft.Azure.KeyVault.WebKey\tests\WebKeyEcValidationTest.cs(118,13): error CS0103: The name 'Assert' does not exist in the current context
C:\gh\azure-sdk-for-net\sdk\keyvault\Microsoft.Azure.KeyVault.WebKey\tests\WebKeyEcValidationTest.cs(122,13): error CS0103: The name 'Assert' does not exist in the current context
C:\gh\azure-sdk-for-net\sdk\keyvault\Microsoft.Azure.KeyVault.WebKey\tests\WebKeyEcValidationTest.cs(127,13): error CS0103: The name 'Assert' does not exist in the current context
C:\gh\azure-sdk-for-net\sdk\keyvault\Microsoft.Azure.KeyVault.WebKey\tests\WebKeyEcValidationTest.cs(132,13): error CS0103: The name 'Assert' does not exist in the current context
C:\gh\azure-sdk-for-net\sdk\keyvault\Microsoft.Azure.KeyVault.WebKey\tests\WebKeyEcValidationTest.cs(137,13): error CS0103: The name 'Assert' does not exist in the current context
C:\gh\azure-sdk-for-net\sdk\keyvault\Microsoft.Azure.KeyVault.WebKey\tests\WebKeyAesValidationTest.cs(114,20): error CS0103: The name 'JsonConvert' does not exist in the current context
C:\gh\azure-sdk-for-net\sdk\keyvault\Microsoft.Azure.KeyVault.WebKey\tests\WebKeyRsaValidationTest.cs(156,40): error CS0103: The name 'JsonConvert' does not exist in the current context
C:\gh\azure-sdk-for-net\sdk\keyvault\Microsoft.Azure.KeyVault.WebKey\tests\WebKeyRsaValidationTest.cs(160,21): error CS0103: The name 'Assert' does not exist in the current context
C:\gh\azure-sdk-for-net\sdk\keyvault\Microsoft.Azure.KeyVault.WebKey\tests\WebKeyRsaValidationTest.cs(164,21): error CS0103: The name 'Assert' does not exist in the current context
C:\gh\azure-sdk-for-net\sdk\keyvault\Microsoft.Azure.KeyVault.WebKey\tests\WebKeyRsaValidationTest.cs(170,21): error CS0103: The name 'Assert' does not exist in the current context
C:\gh\azure-sdk-for-net\sdk\keyvault\Microsoft.Azure.KeyVault.WebKey\tests\WebKeyEcValidationTest.cs(175,13): error CS0103: The name 'Assert' does not exist in the current context
C:\gh\azure-sdk-for-net\sdk\keyvault\Microsoft.Azure.KeyVault.WebKey\tests\WebKeyEcValidationTest.cs(179,13): error CS0103: The name 'Assert' does not exist in the current context
C:\gh\azure-sdk-for-net\sdk\keyvault\Microsoft.Azure.KeyVault.WebKey\tests\WebKeyEcValidationTest.cs(185,13): error CS0103: The name 'Assert' does not exist in the current context
C:\gh\azure-sdk-for-net\sdk\keyvault\Microsoft.Azure.KeyVault.WebKey\tests\WebKeyEcValidationTest.cs(189,13): error CS0103: The name 'Assert' does not exist in the current context
C:\gh\azure-sdk-for-net\sdk\keyvault\Microsoft.Azure.KeyVault.WebKey\tests\WebKeyRsaValidationTest.cs(199,31): error CS0103: The name 'JsonConvert' does not exist in the current context
C:\gh\azure-sdk-for-net\sdk\keyvault\Microsoft.Azure.KeyVault.WebKey\tests\WebKeyRsaValidationTest.cs(217,36): error CS0103: The name 'JsonConvert' does not exist in the current context
C:\gh\azure-sdk-for-net\sdk\keyvault\Microsoft.Azure.KeyVault.WebKey\tests\WebKeyRsaValidationTest.cs(218,17): error CS0103: The name 'Assert' does not exist in the current context
C:\gh\azure-sdk-for-net\sdk\keyvault\Microsoft.Azure.KeyVault.WebKey\tests\WebKeyEcValidationTest.cs(210,23): error CS0103: The name 'JsonConvert' does not exist in the current context
C:\gh\azure-sdk-for-net\sdk\keyvault\Microsoft.Azure.KeyVault.WebKey\tests\WebKeyEcValidationTest.cs(215,13): error CS0103: The name 'Assert' does not exist in the current context
C:\gh\azure-sdk-for-net\sdk\keyvault\Microsoft.Azure.KeyVault.WebKey\tests\WebKeyEcValidationTest.cs(219,13): error CS0103: The name 'Assert' does not exist in the current context
C:\gh\azure-sdk-for-net\sdk\keyvault\Microsoft.Azure.KeyVault.WebKey\tests\WebKeyEcValidationTest.cs(223,13): error CS0103: The name 'Assert' does not exist in the current context
C:\gh\azure-sdk-for-net\sdk\keyvault\Microsoft.Azure.KeyVault.WebKey\tests\WebKeyEcValidationTest.cs(237,13): error CS0103: The name 'Assert' does not exist in the current context
C:\gh\azure-sdk-for-net\sdk\keyvault\Microsoft.Azure.KeyVault.WebKey\tests\WebKeyEcValidationTest.cs(240,13): error CS0103: The name 'Assert' does not exist in the current context
C:\gh\azure-sdk-for-net\sdk\keyvault\Microsoft.Azure.KeyVault.WebKey\tests\WebKeyEcValidationTest.cs(246,13): error CS0103: The name 'Assert' does not exist in the current context
C:\gh\azure-sdk-for-net\sdk\keyvault\Microsoft.Azure.KeyVault.WebKey\tests\WebKeyEcValidationTest.cs(247,13): error CS0103: The name 'Assert' does not exist in the current context
C:\gh\azure-sdk-for-net\sdk\keyvault\Microsoft.Azure.KeyVault.WebKey\tests\WebKeyEcValidationTest.cs(248,13): error CS0103: The name 'Assert' does not exist in the current context
C:\gh\azure-sdk-for-net\sdk\keyvault\Microsoft.Azure.KeyVault.WebKey\tests\WebKeyEcValidationTest.cs(249,13): error CS0103: The name 'Assert' does not exist in the current context
C:\gh\azure-sdk-for-net\sdk\keyvault\Microsoft.Azure.KeyVault.WebKey\tests\WebKeyEcValidationTest.cs(251,17): error CS0103: The name 'Assert' does not exist in the current context
C:\gh\azure-sdk-for-net\sdk\keyvault\Microsoft.Azure.KeyVault.WebKey\tests\WebKeyEcValidationTest.cs(253,13): error CS0103: The name 'Assert' does not exist in the current context
C:\gh\azure-sdk-for-net\sdk\keyvault\Microsoft.Azure.KeyVault.WebKey\tests\WebKeyRsaValidationTest.cs(344,20): error CS0103: The name 'JsonConvert' does not exist in the current context
C:\gh\azure-sdk-for-net\sdk\keyvault\Microsoft.Azure.KeyVault.WebKey\tests\WebKeySerializationTest.cs(7,1): hidden CS8019: Unnecessary using directive.
C:\gh\azure-sdk-for-net\sdk\keyvault\Microsoft.Azure.KeyVault.WebKey\tests\WebKeyOperationsTest.cs(10,1): hidden CS8019: Unnecessary using directive.
C:\gh\azure-sdk-for-net\sdk\keyvault\Microsoft.Azure.KeyVault.WebKey\tests\WebKeySerializationTest.cs(8,1): hidden CS8019: Unnecessary using directive.
C:\gh\azure-sdk-for-net\artifacts\obj\Microsoft.Azure.KeyVault.WebKey.Tests\Debug\net461\Microsoft.Azure.KeyVault.WebKey.Tests.AssemblyInfo.cs(11,1): hidden CS8019: Unnecessary using directive.
C:\gh\azure-sdk-for-net\artifacts\obj\Microsoft.Azure.KeyVault.WebKey.Tests\Debug\net461\.NETFramework,Version=v4.6.1.AssemblyAttributes.cs(2,1): hidden CS8019: Unnecessary using directive.
C:\gh\azure-sdk-for-net\sdk\keyvault\Microsoft.Azure.KeyVault.WebKey\tests\WebKeyHsmRsaValidationTest.cs(6,1): hidden CS8019: Unnecessary using directive.
C:\gh\azure-sdk-for-net\artifacts\obj\Microsoft.Azure.KeyVault.WebKey.Tests\Debug\net461\.NETFramework,Version=v4.6.1.AssemblyAttributes.cs(3,1): hidden CS8019: Unnecessary using directive.
C:\gh\azure-sdk-for-net\sdk\keyvault\Microsoft.Azure.KeyVault.WebKey\tests\WebKeyAesValidationTest.cs(10,1): hidden CS8019: Unnecessary using directive.
C:\gh\azure-sdk-for-net\sdk\keyvault\Microsoft.Azure.KeyVault.WebKey\tests\WebKeyHsmRsaValidationTest.cs(7,1): hidden CS8019: Unnecessary using directive.
C:\gh\azure-sdk-for-net\eng\mgmt\DisableTestRunParallel.cs(5,1): hidden CS8019: Unnecessary using directive.
C:\gh\azure-sdk-for-net\eng\mgmt\DisableTestRunParallel.cs(4,1): hidden CS8019: Unnecessary using directive.
C:\gh\azure-sdk-for-net\artifacts\obj\Microsoft.Azure.KeyVault.WebKey.Tests\Debug\net461\Microsoft.Azure.KeyVault.WebKey.Tests.AssemblyInfo.cs(12,1): hidden CS8019: Unnecessary using directive.
C:\gh\azure-sdk-for-net\sdk\keyvault\Microsoft.Azure.KeyVault.WebKey\tests\WebKeyAesValidationTest.cs(6,1): hidden CS8019: Unnecessary using directive.
C:\gh\azure-sdk-for-net\sdk\keyvault\Microsoft.Azure.KeyVault.WebKey\tests\WebKeyRsaValidationTest.cs(6,1): hidden CS8019: Unnecessary using directive.
C:\gh\azure-sdk-for-net\sdk\keyvault\Microsoft.Azure.KeyVault.WebKey\tests\WebKeyAesValidationTest.cs(7,1): hidden CS8019: Unnecessary using directive.
C:\gh\azure-sdk-for-net\sdk\keyvault\Microsoft.Azure.KeyVault.WebKey\tests\WebKeyEcValidationTest.cs(8,1): hidden CS8019: Unnecessary using directive.
C:\gh\azure-sdk-for-net\sdk\keyvault\Microsoft.Azure.KeyVault.WebKey\tests\WebKeyOperationsTest.cs(8,1): hidden CS8019: Unnecessary using directive.
C:\gh\azure-sdk-for-net\sdk\keyvault\Microsoft.Azure.KeyVault.WebKey\tests\WebKeyRsaValidationTest.cs(12,1): hidden CS8019: Unnecessary using directive.
C:\gh\azure-sdk-for-net\sdk\keyvault\Microsoft.Azure.KeyVault.WebKey\tests\WebKeyEcValidationTest.cs(9,1): hidden CS8019: Unnecessary using directive.
