C:\gh\azure-sdk-for-net\sdk\batch\Microsoft.Azure.Batch.Conventions.Files\tests\UnitTests\Utilities\FakeBatchServiceClient.cs(29,50): error CS0246: The type or namespace name 'BatchServiceClient' could not be found (are you missing a using directive or an assembly reference?)
C:\gh\azure-sdk-for-net\sdk\batch\Microsoft.Azure.Batch.Conventions.Files\tests\UnitTests\Utilities\FakeBatchServiceClient.cs(56,39): error CS0246: The type or namespace name 'DelegatingHandler' could not be found (are you missing a using directive or an assembly reference?)
C:\gh\azure-sdk-for-net\sdk\batch\Microsoft.Azure.Batch.Conventions.Files\tests\UnitTests\Utilities\FakeBatchServiceClient.cs(65,68): error CS0246: The type or namespace name 'HttpRequestMessage' could not be found (are you missing a using directive or an assembly reference?)
C:\gh\azure-sdk-for-net\sdk\batch\Microsoft.Azure.Batch.Conventions.Files\tests\UnitTests\Utilities\FakeBatchServiceClient.cs(65,37): error CS0246: The type or namespace name 'HttpResponseMessage' could not be found (are you missing a using directive or an assembly reference?)
C:\gh\azure-sdk-for-net\sdk\batch\Microsoft.Azure.Batch.Conventions.Files\tests\UnitTests\Utilities\FakeBatchServiceClient.cs(58,35): error CS0246: The type or namespace name 'HttpRequestMessage' could not be found (are you missing a using directive or an assembly reference?)
C:\gh\azure-sdk-for-net\sdk\batch\Microsoft.Azure.Batch.Conventions.Files\tests\UnitTests\Utilities\FakeBatchServiceClient.cs(58,55): error CS0246: The type or namespace name 'HttpResponseMessage' could not be found (are you missing a using directive or an assembly reference?)
C:\gh\azure-sdk-for-net\eng\mgmt\DisableTestRunParallel.cs(7,12): error CS0246: The type or namespace name 'CollectionBehaviorAttribute' could not be found (are you missing a using directive or an assembly reference?)
C:\gh\azure-sdk-for-net\eng\mgmt\DisableTestRunParallel.cs(7,12): error CS0246: The type or namespace name 'CollectionBehavior' could not be found (are you missing a using directive or an assembly reference?)
C:\gh\azure-sdk-for-net\eng\mgmt\DisableTestRunParallel.cs(7,31): error CS0246: The type or namespace name 'DisableTestParallelization' could not be found (are you missing a using directive or an assembly reference?)
C:\gh\azure-sdk-for-net\eng\mgmt\DisableTestRunParallel.cs(7,66): error CS0246: The type or namespace name 'MaxParallelThreads' could not be found (are you missing a using directive or an assembly reference?)
C:\gh\azure-sdk-for-net\sdk\batch\Microsoft.Azure.Batch.Conventions.Files\tests\UnitTests\Utilities\FakeBatchServiceClient.cs(60,39): error CS0246: The type or namespace name 'HttpRequestMessage' could not be found (are you missing a using directive or an assembly reference?)
C:\gh\azure-sdk-for-net\sdk\batch\Microsoft.Azure.Batch.Conventions.Files\tests\UnitTests\Utilities\FakeBatchServiceClient.cs(60,59): error CS0246: The type or namespace name 'HttpResponseMessage' could not be found (are you missing a using directive or an assembly reference?)
C:\gh\azure-sdk-for-net\sdk\batch\Microsoft.Azure.Batch.Conventions.Files\tests\UnitTests\Utilities\FakeBatchServiceClient.cs(47,23): error CS0246: The type or namespace name 'HttpResponseMessage' could not be found (are you missing a using directive or an assembly reference?)
C:\gh\azure-sdk-for-net\sdk\batch\Microsoft.Azure.Batch.Conventions.Files\tests\UnitTests\Utilities\FakeBatchServiceClient.cs(31,44): error CS0246: The type or namespace name 'HttpRequestMessage' could not be found (are you missing a using directive or an assembly reference?)
C:\gh\azure-sdk-for-net\sdk\batch\Microsoft.Azure.Batch.Conventions.Files\tests\UnitTests\Utilities\FakeBatchServiceClient.cs(31,64): error CS0246: The type or namespace name 'HttpResponseMessage' could not be found (are you missing a using directive or an assembly reference?)
C:\gh\azure-sdk-for-net\sdk\batch\Microsoft.Azure.Batch.Conventions.Files\tests\UnitTests\JobOutputStorageUnitTests.cs(114,10): error CS0246: The type or namespace name 'FactAttribute' could not be found (are you missing a using directive or an assembly reference?)
C:\gh\azure-sdk-for-net\sdk\batch\Microsoft.Azure.Batch.Conventions.Files\tests\UnitTests\JobOutputStorageUnitTests.cs(114,10): error CS0246: The type or namespace name 'Fact' could not be found (are you missing a using directive or an assembly reference?)
C:\gh\azure-sdk-for-net\sdk\batch\Microsoft.Azure.Batch.Conventions.Files\tests\UnitTests\JobOutputStorageUnitTests.cs(107,10): error CS0246: The type or namespace name 'FactAttribute' could not be found (are you missing a using directive or an assembly reference?)
C:\gh\azure-sdk-for-net\sdk\batch\Microsoft.Azure.Batch.Conventions.Files\tests\UnitTests\JobOutputStorageUnitTests.cs(107,10): error CS0246: The type or namespace name 'Fact' could not be found (are you missing a using directive or an assembly reference?)
C:\gh\azure-sdk-for-net\sdk\batch\Microsoft.Azure.Batch.Conventions.Files\tests\UnitTests\OutputFileReferenceUnitTests.cs(138,10): error CS0246: The type or namespace name 'FactAttribute' could not be found (are you missing a using directive or an assembly reference?)
C:\gh\azure-sdk-for-net\sdk\batch\Microsoft.Azure.Batch.Conventions.Files\tests\UnitTests\OutputFileReferenceUnitTests.cs(138,10): error CS0246: The type or namespace name 'Fact' could not be found (are you missing a using directive or an assembly reference?)
C:\gh\azure-sdk-for-net\sdk\batch\Microsoft.Azure.Batch.Conventions.Files\tests\UnitTests\JobOutputStorageUnitTests.cs(100,10): error CS0246: The type or namespace name 'FactAttribute' could not be found (are you missing a using directive or an assembly reference?)
C:\gh\azure-sdk-for-net\sdk\batch\Microsoft.Azure.Batch.Conventions.Files\tests\UnitTests\JobOutputStorageUnitTests.cs(100,10): error CS0246: The type or namespace name 'Fact' could not be found (are you missing a using directive or an assembly reference?)
C:\gh\azure-sdk-for-net\sdk\batch\Microsoft.Azure.Batch.Conventions.Files\tests\UnitTests\OutputFileReferenceUnitTests.cs(123,10): error CS0246: The type or namespace name 'FactAttribute' could not be found (are you missing a using directive or an assembly reference?)
C:\gh\azure-sdk-for-net\sdk\batch\Microsoft.Azure.Batch.Conventions.Files\tests\UnitTests\OutputFileReferenceUnitTests.cs(123,10): error CS0246: The type or namespace name 'Fact' could not be found (are you missing a using directive or an assembly reference?)
C:\gh\azure-sdk-for-net\sdk\batch\Microsoft.Azure.Batch.Conventions.Files\tests\UnitTests\TaskOutputStorageUnitTests.cs(170,10): error CS0246: The type or namespace name 'FactAttribute' could not be found (are you missing a using directive or an assembly reference?)
C:\gh\azure-sdk-for-net\sdk\batch\Microsoft.Azure.Batch.Conventions.Files\tests\UnitTests\TaskOutputStorageUnitTests.cs(170,10): error CS0246: The type or namespace name 'Fact' could not be found (are you missing a using directive or an assembly reference?)
C:\gh\azure-sdk-for-net\sdk\batch\Microsoft.Azure.Batch.Conventions.Files\tests\UnitTests\TaskOutputStorageUnitTests.cs(163,10): error CS0246: The type or namespace name 'FactAttribute' could not be found (are you missing a using directive or an assembly reference?)
C:\gh\azure-sdk-for-net\sdk\batch\Microsoft.Azure.Batch.Conventions.Files\tests\UnitTests\TaskOutputStorageUnitTests.cs(163,10): error CS0246: The type or namespace name 'Fact' could not be found (are you missing a using directive or an assembly reference?)
C:\gh\azure-sdk-for-net\sdk\batch\Microsoft.Azure.Batch.Conventions.Files\tests\UnitTests\JobOutputStorageUnitTests.cs(86,10): error CS0246: The type or namespace name 'FactAttribute' could not be found (are you missing a using directive or an assembly reference?)
C:\gh\azure-sdk-for-net\sdk\batch\Microsoft.Azure.Batch.Conventions.Files\tests\UnitTests\JobOutputStorageUnitTests.cs(86,10): error CS0246: The type or namespace name 'Fact' could not be found (are you missing a using directive or an assembly reference?)
C:\gh\azure-sdk-for-net\sdk\batch\Microsoft.Azure.Batch.Conventions.Files\tests\UnitTests\OutputFileReferenceUnitTests.cs(111,10): error CS0246: The type or namespace name 'FactAttribute' could not be found (are you missing a using directive or an assembly reference?)
C:\gh\azure-sdk-for-net\sdk\batch\Microsoft.Azure.Batch.Conventions.Files\tests\UnitTests\OutputFileReferenceUnitTests.cs(111,10): error CS0246: The type or namespace name 'Fact' could not be found (are you missing a using directive or an assembly reference?)
C:\gh\azure-sdk-for-net\sdk\batch\Microsoft.Azure.Batch.Conventions.Files\tests\UnitTests\Generators\BatchIdGenerator.cs(69,33): error CS0246: The type or namespace name 'Gen<>' could not be found (are you missing a using directive or an assembly reference?)
C:\gh\azure-sdk-for-net\sdk\batch\Microsoft.Azure.Batch.Conventions.Files\tests\UnitTests\Utilities\ContainerNameUtilsTests.cs(28,6): error CS0246: The type or namespace name 'PropertiesAttribute' could not be found (are you missing a using directive or an assembly reference?)
C:\gh\azure-sdk-for-net\sdk\batch\Microsoft.Azure.Batch.Conventions.Files\tests\UnitTests\Utilities\ContainerNameUtilsTests.cs(28,6): error CS0246: The type or namespace name 'Properties' could not be found (are you missing a using directive or an assembly reference?)
C:\gh\azure-sdk-for-net\sdk\batch\Microsoft.Azure.Batch.Conventions.Files\tests\UnitTests\Utilities\ContainerNameUtilsTests.cs(28,17): error CS0246: The type or namespace name 'Arbitrary' could not be found (are you missing a using directive or an assembly reference?)
C:\gh\azure-sdk-for-net\sdk\batch\Microsoft.Azure.Batch.Conventions.Files\tests\UnitTests\TaskOutputStorageUnitTests.cs(156,10): error CS0246: The type or namespace name 'FactAttribute' could not be found (are you missing a using directive or an assembly reference?)
C:\gh\azure-sdk-for-net\sdk\batch\Microsoft.Azure.Batch.Conventions.Files\tests\UnitTests\TaskOutputStorageUnitTests.cs(156,10): error CS0246: The type or namespace name 'Fact' could not be found (are you missing a using directive or an assembly reference?)
C:\gh\azure-sdk-for-net\sdk\batch\Microsoft.Azure.Batch.Conventions.Files\tests\UnitTests\JobOutputStorageUnitTests.cs(79,10): error CS0246: The type or namespace name 'FactAttribute' could not be found (are you missing a using directive or an assembly reference?)
C:\gh\azure-sdk-for-net\sdk\batch\Microsoft.Azure.Batch.Conventions.Files\tests\UnitTests\JobOutputStorageUnitTests.cs(79,10): error CS0246: The type or namespace name 'Fact' could not be found (are you missing a using directive or an assembly reference?)
C:\gh\azure-sdk-for-net\sdk\batch\Microsoft.Azure.Batch.Conventions.Files\tests\UnitTests\OutputFileReferenceUnitTests.cs(98,10): error CS0246: The type or namespace name 'FactAttribute' could not be found (are you missing a using directive or an assembly reference?)
C:\gh\azure-sdk-for-net\sdk\batch\Microsoft.Azure.Batch.Conventions.Files\tests\UnitTests\OutputFileReferenceUnitTests.cs(98,10): error CS0246: The type or namespace name 'Fact' could not be found (are you missing a using directive or an assembly reference?)
C:\gh\azure-sdk-for-net\sdk\batch\Microsoft.Azure.Batch.Conventions.Files\tests\UnitTests\OutputFileReferenceUnitTests.cs(86,10): error CS0246: The type or namespace name 'FactAttribute' could not be found (are you missing a using directive or an assembly reference?)
C:\gh\azure-sdk-for-net\sdk\batch\Microsoft.Azure.Batch.Conventions.Files\tests\UnitTests\OutputFileReferenceUnitTests.cs(86,10): error CS0246: The type or namespace name 'Fact' could not be found (are you missing a using directive or an assembly reference?)
C:\gh\azure-sdk-for-net\sdk\batch\Microsoft.Azure.Batch.Conventions.Files\tests\UnitTests\TaskOutputStorageUnitTests.cs(142,10): error CS0246: The type or namespace name 'FactAttribute' could not be found (are you missing a using directive or an assembly reference?)
C:\gh\azure-sdk-for-net\sdk\batch\Microsoft.Azure.Batch.Conventions.Files\tests\UnitTests\TaskOutputStorageUnitTests.cs(142,10): error CS0246: The type or namespace name 'Fact' could not be found (are you missing a using directive or an assembly reference?)
C:\gh\azure-sdk-for-net\sdk\batch\Microsoft.Azure.Batch.Conventions.Files\tests\UnitTests\TaskOutputStorageUnitTests.cs(135,10): error CS0246: The type or namespace name 'FactAttribute' could not be found (are you missing a using directive or an assembly reference?)
C:\gh\azure-sdk-for-net\sdk\batch\Microsoft.Azure.Batch.Conventions.Files\tests\UnitTests\TaskOutputStorageUnitTests.cs(135,10): error CS0246: The type or namespace name 'Fact' could not be found (are you missing a using directive or an assembly reference?)
C:\gh\azure-sdk-for-net\sdk\batch\Microsoft.Azure.Batch.Conventions.Files\tests\UnitTests\JobOutputStorageUnitTests.cs(72,10): error CS0246: The type or namespace name 'FactAttribute' could not be found (are you missing a using directive or an assembly reference?)
C:\gh\azure-sdk-for-net\sdk\batch\Microsoft.Azure.Batch.Conventions.Files\tests\UnitTests\JobOutputStorageUnitTests.cs(72,10): error CS0246: The type or namespace name 'Fact' could not be found (are you missing a using directive or an assembly reference?)
C:\gh\azure-sdk-for-net\sdk\batch\Microsoft.Azure.Batch.Conventions.Files\tests\UnitTests\TaskOutputStorageUnitTests.cs(128,10): error CS0246: The type or namespace name 'FactAttribute' could not be found (are you missing a using directive or an assembly reference?)
C:\gh\azure-sdk-for-net\sdk\batch\Microsoft.Azure.Batch.Conventions.Files\tests\UnitTests\TaskOutputStorageUnitTests.cs(128,10): error CS0246: The type or namespace name 'Fact' could not be found (are you missing a using directive or an assembly reference?)
C:\gh\azure-sdk-for-net\sdk\batch\Microsoft.Azure.Batch.Conventions.Files\tests\UnitTests\JobOutputStorageUnitTests.cs(65,10): error CS0246: The type or namespace name 'FactAttribute' could not be found (are you missing a using directive or an assembly reference?)
C:\gh\azure-sdk-for-net\sdk\batch\Microsoft.Azure.Batch.Conventions.Files\tests\UnitTests\JobOutputStorageUnitTests.cs(65,10): error CS0246: The type or namespace name 'Fact' could not be found (are you missing a using directive or an assembly reference?)
C:\gh\azure-sdk-for-net\sdk\batch\Microsoft.Azure.Batch.Conventions.Files\tests\UnitTests\JobOutputStorageUnitTests.cs(58,10): error CS0246: The type or namespace name 'FactAttribute' could not be found (are you missing a using directive or an assembly reference?)
C:\gh\azure-sdk-for-net\sdk\batch\Microsoft.Azure.Batch.Conventions.Files\tests\UnitTests\JobOutputStorageUnitTests.cs(58,10): error CS0246: The type or namespace name 'Fact' could not be found (are you missing a using directive or an assembly reference?)
C:\gh\azure-sdk-for-net\sdk\batch\Microsoft.Azure.Batch.Conventions.Files\tests\UnitTests\TaskOutputStorageUnitTests.cs(121,10): error CS0246: The type or namespace name 'FactAttribute' could not be found (are you missing a using directive or an assembly reference?)
C:\gh\azure-sdk-for-net\sdk\batch\Microsoft.Azure.Batch.Conventions.Files\tests\UnitTests\TaskOutputStorageUnitTests.cs(121,10): error CS0246: The type or namespace name 'Fact' could not be found (are you missing a using directive or an assembly reference?)
C:\gh\azure-sdk-for-net\sdk\batch\Microsoft.Azure.Batch.Conventions.Files\tests\UnitTests\CloudJobExtensionsUnitTests.cs(30,6): error CS0246: The type or namespace name 'PropertiesAttribute' could not be found (are you missing a using directive or an assembly reference?)
C:\gh\azure-sdk-for-net\sdk\batch\Microsoft.Azure.Batch.Conventions.Files\tests\UnitTests\CloudJobExtensionsUnitTests.cs(30,6): error CS0246: The type or namespace name 'Properties' could not be found (are you missing a using directive or an assembly reference?)
C:\gh\azure-sdk-for-net\sdk\batch\Microsoft.Azure.Batch.Conventions.Files\tests\UnitTests\CloudJobExtensionsUnitTests.cs(30,17): error CS0246: The type or namespace name 'Arbitrary' could not be found (are you missing a using directive or an assembly reference?)
C:\gh\azure-sdk-for-net\sdk\batch\Microsoft.Azure.Batch.Conventions.Files\tests\UnitTests\CloudJobExtensionsUnitTests.cs(55,10): error CS0246: The type or namespace name 'FactAttribute' could not be found (are you missing a using directive or an assembly reference?)
C:\gh\azure-sdk-for-net\sdk\batch\Microsoft.Azure.Batch.Conventions.Files\tests\UnitTests\CloudJobExtensionsUnitTests.cs(55,10): error CS0246: The type or namespace name 'Fact' could not be found (are you missing a using directive or an assembly reference?)
C:\gh\azure-sdk-for-net\sdk\batch\Microsoft.Azure.Batch.Conventions.Files\tests\UnitTests\JobOutputStorageUnitTests.cs(42,10): error CS0246: The type or namespace name 'FactAttribute' could not be found (are you missing a using directive or an assembly reference?)
C:\gh\azure-sdk-for-net\sdk\batch\Microsoft.Azure.Batch.Conventions.Files\tests\UnitTests\JobOutputStorageUnitTests.cs(42,10): error CS0246: The type or namespace name 'Fact' could not be found (are you missing a using directive or an assembly reference?)
C:\gh\azure-sdk-for-net\sdk\batch\Microsoft.Azure.Batch.Conventions.Files\tests\UnitTests\TaskOutputStorageUnitTests.cs(114,10): error CS0246: The type or namespace name 'FactAttribute' could not be found (are you missing a using directive or an assembly reference?)
C:\gh\azure-sdk-for-net\sdk\batch\Microsoft.Azure.Batch.Conventions.Files\tests\UnitTests\TaskOutputStorageUnitTests.cs(114,10): error CS0246: The type or namespace name 'Fact' could not be found (are you missing a using directive or an assembly reference?)
C:\gh\azure-sdk-for-net\sdk\batch\Microsoft.Azure.Batch.Conventions.Files\tests\UnitTests\JobOutputStorageUnitTests.cs(35,10): error CS0246: The type or namespace name 'FactAttribute' could not be found (are you missing a using directive or an assembly reference?)
C:\gh\azure-sdk-for-net\sdk\batch\Microsoft.Azure.Batch.Conventions.Files\tests\UnitTests\JobOutputStorageUnitTests.cs(35,10): error CS0246: The type or namespace name 'Fact' could not be found (are you missing a using directive or an assembly reference?)
C:\gh\azure-sdk-for-net\sdk\batch\Microsoft.Azure.Batch.Conventions.Files\tests\UnitTests\JobOutputStorageUnitTests.cs(28,10): error CS0246: The type or namespace name 'FactAttribute' could not be found (are you missing a using directive or an assembly reference?)
C:\gh\azure-sdk-for-net\sdk\batch\Microsoft.Azure.Batch.Conventions.Files\tests\UnitTests\JobOutputStorageUnitTests.cs(28,10): error CS0246: The type or namespace name 'Fact' could not be found (are you missing a using directive or an assembly reference?)
C:\gh\azure-sdk-for-net\sdk\batch\Microsoft.Azure.Batch.Conventions.Files\tests\UnitTests\TaskOutputStorageUnitTests.cs(99,10): error CS0246: The type or namespace name 'FactAttribute' could not be found (are you missing a using directive or an assembly reference?)
C:\gh\azure-sdk-for-net\sdk\batch\Microsoft.Azure.Batch.Conventions.Files\tests\UnitTests\TaskOutputStorageUnitTests.cs(99,10): error CS0246: The type or namespace name 'Fact' could not be found (are you missing a using directive or an assembly reference?)
C:\gh\azure-sdk-for-net\sdk\batch\Microsoft.Azure.Batch.Conventions.Files\tests\UnitTests\TaskOutputStorageUnitTests.cs(92,10): error CS0246: The type or namespace name 'FactAttribute' could not be found (are you missing a using directive or an assembly reference?)
C:\gh\azure-sdk-for-net\sdk\batch\Microsoft.Azure.Batch.Conventions.Files\tests\UnitTests\TaskOutputStorageUnitTests.cs(92,10): error CS0246: The type or namespace name 'Fact' could not be found (are you missing a using directive or an assembly reference?)
C:\gh\azure-sdk-for-net\sdk\batch\Microsoft.Azure.Batch.Conventions.Files\tests\UnitTests\TaskOutputStorageUnitTests.cs(85,10): error CS0246: The type or namespace name 'FactAttribute' could not be found (are you missing a using directive or an assembly reference?)
C:\gh\azure-sdk-for-net\sdk\batch\Microsoft.Azure.Batch.Conventions.Files\tests\UnitTests\TaskOutputStorageUnitTests.cs(85,10): error CS0246: The type or namespace name 'Fact' could not be found (are you missing a using directive or an assembly reference?)
C:\gh\azure-sdk-for-net\sdk\batch\Microsoft.Azure.Batch.Conventions.Files\tests\UnitTests\TaskOutputStorageUnitTests.cs(78,10): error CS0246: The type or namespace name 'FactAttribute' could not be found (are you missing a using directive or an assembly reference?)
C:\gh\azure-sdk-for-net\sdk\batch\Microsoft.Azure.Batch.Conventions.Files\tests\UnitTests\TaskOutputStorageUnitTests.cs(78,10): error CS0246: The type or namespace name 'Fact' could not be found (are you missing a using directive or an assembly reference?)
C:\gh\azure-sdk-for-net\sdk\batch\Microsoft.Azure.Batch.Conventions.Files\tests\UnitTests\TaskOutputStorageUnitTests.cs(71,10): error CS0246: The type or namespace name 'FactAttribute' could not be found (are you missing a using directive or an assembly reference?)
C:\gh\azure-sdk-for-net\sdk\batch\Microsoft.Azure.Batch.Conventions.Files\tests\UnitTests\TaskOutputStorageUnitTests.cs(71,10): error CS0246: The type or namespace name 'Fact' could not be found (are you missing a using directive or an assembly reference?)
C:\gh\azure-sdk-for-net\sdk\batch\Microsoft.Azure.Batch.Conventions.Files\tests\UnitTests\TaskOutputStorageUnitTests.cs(64,10): error CS0246: The type or namespace name 'FactAttribute' could not be found (are you missing a using directive or an assembly reference?)
C:\gh\azure-sdk-for-net\sdk\batch\Microsoft.Azure.Batch.Conventions.Files\tests\UnitTests\TaskOutputStorageUnitTests.cs(64,10): error CS0246: The type or namespace name 'Fact' could not be found (are you missing a using directive or an assembly reference?)
C:\gh\azure-sdk-for-net\sdk\batch\Microsoft.Azure.Batch.Conventions.Files\tests\UnitTests\TaskOutputStorageUnitTests.cs(57,10): error CS0246: The type or namespace name 'FactAttribute' could not be found (are you missing a using directive or an assembly reference?)
C:\gh\azure-sdk-for-net\sdk\batch\Microsoft.Azure.Batch.Conventions.Files\tests\UnitTests\TaskOutputStorageUnitTests.cs(57,10): error CS0246: The type or namespace name 'Fact' could not be found (are you missing a using directive or an assembly reference?)
C:\gh\azure-sdk-for-net\sdk\batch\Microsoft.Azure.Batch.Conventions.Files\tests\UnitTests\TaskOutputStorageUnitTests.cs(42,10): error CS0246: The type or namespace name 'FactAttribute' could not be found (are you missing a using directive or an assembly reference?)
C:\gh\azure-sdk-for-net\sdk\batch\Microsoft.Azure.Batch.Conventions.Files\tests\UnitTests\TaskOutputStorageUnitTests.cs(42,10): error CS0246: The type or namespace name 'Fact' could not be found (are you missing a using directive or an assembly reference?)
C:\gh\azure-sdk-for-net\sdk\batch\Microsoft.Azure.Batch.Conventions.Files\tests\UnitTests\TaskOutputStorageUnitTests.cs(35,10): error CS0246: The type or namespace name 'FactAttribute' could not be found (are you missing a using directive or an assembly reference?)
C:\gh\azure-sdk-for-net\sdk\batch\Microsoft.Azure.Batch.Conventions.Files\tests\UnitTests\TaskOutputStorageUnitTests.cs(35,10): error CS0246: The type or namespace name 'Fact' could not be found (are you missing a using directive or an assembly reference?)
C:\gh\azure-sdk-for-net\sdk\batch\Microsoft.Azure.Batch.Conventions.Files\tests\UnitTests\TaskOutputStorageUnitTests.cs(28,10): error CS0246: The type or namespace name 'FactAttribute' could not be found (are you missing a using directive or an assembly reference?)
C:\gh\azure-sdk-for-net\sdk\batch\Microsoft.Azure.Batch.Conventions.Files\tests\UnitTests\TaskOutputStorageUnitTests.cs(28,10): error CS0246: The type or namespace name 'Fact' could not be found (are you missing a using directive or an assembly reference?)
C:\gh\azure-sdk-for-net\sdk\batch\Microsoft.Azure.Batch.Conventions.Files\tests\UnitTests\Generators\BatchIdGenerator.cs(51,33): error CS0246: The type or namespace name 'Gen<>' could not be found (are you missing a using directive or an assembly reference?)
C:\gh\azure-sdk-for-net\sdk\batch\Microsoft.Azure.Batch.Conventions.Files\tests\UnitTests\CloudJobExtensionsUnitTests.cs(15,8): error CS0246: The type or namespace name 'FsCheck' could not be found (are you missing a using directive or an assembly reference?)
C:\gh\azure-sdk-for-net\sdk\batch\Microsoft.Azure.Batch.Conventions.Files\tests\UnitTests\CloudJobExtensionsUnitTests.cs(19,17): error CS0234: The type or namespace name 'WindowsAzure' does not exist in the namespace 'Microsoft' (are you missing an assembly reference?)
C:\gh\azure-sdk-for-net\sdk\batch\Microsoft.Azure.Batch.Conventions.Files\tests\UnitTests\CloudJobExtensionsUnitTests.cs(20,17): error CS0234: The type or namespace name 'WindowsAzure' does not exist in the namespace 'Microsoft' (are you missing an assembly reference?)
C:\gh\azure-sdk-for-net\sdk\batch\Microsoft.Azure.Batch.Conventions.Files\tests\UnitTests\CloudJobExtensionsUnitTests.cs(26,7): error CS0246: The type or namespace name 'Xunit' could not be found (are you missing a using directive or an assembly reference?)
C:\gh\azure-sdk-for-net\sdk\batch\Microsoft.Azure.Batch.Conventions.Files\tests\UnitTests\CloudTaskExtensionsUnitTests.cs(16,17): error CS0234: The type or namespace name 'WindowsAzure' does not exist in the namespace 'Microsoft' (are you missing an assembly reference?)
C:\gh\azure-sdk-for-net\sdk\batch\Microsoft.Azure.Batch.Conventions.Files\tests\UnitTests\CloudTaskExtensionsUnitTests.cs(17,17): error CS0234: The type or namespace name 'WindowsAzure' does not exist in the namespace 'Microsoft' (are you missing an assembly reference?)
C:\gh\azure-sdk-for-net\sdk\batch\Microsoft.Azure.Batch.Conventions.Files\tests\UnitTests\CloudTaskExtensionsUnitTests.cs(23,7): error CS0246: The type or namespace name 'Xunit' could not be found (are you missing a using directive or an assembly reference?)
C:\gh\azure-sdk-for-net\sdk\batch\Microsoft.Azure.Batch.Conventions.Files\tests\UnitTests\Generators\BatchIdGenerator.cs(15,8): error CS0246: The type or namespace name 'FsCheck' could not be found (are you missing a using directive or an assembly reference?)
C:\gh\azure-sdk-for-net\sdk\batch\Microsoft.Azure.Batch.Conventions.Files\tests\UnitTests\JobOutputKindUnitTests.cs(20,7): error CS0246: The type or namespace name 'Xunit' could not be found (are you missing a using directive or an assembly reference?)
C:\gh\azure-sdk-for-net\sdk\batch\Microsoft.Azure.Batch.Conventions.Files\tests\UnitTests\JobOutputStorageUnitTests.cs(20,7): error CS0246: The type or namespace name 'Xunit' could not be found (are you missing a using directive or an assembly reference?)
C:\gh\azure-sdk-for-net\sdk\batch\Microsoft.Azure.Batch.Conventions.Files\tests\UnitTests\OutputFileReferenceUnitTests.cs(15,18): error CS0234: The type or namespace name 'WindowsAzure' does not exist in the namespace 'Microsoft' (are you missing an assembly reference?)
C:\gh\azure-sdk-for-net\sdk\batch\Microsoft.Azure.Batch.Conventions.Files\tests\UnitTests\OutputFileReferenceUnitTests.cs(21,7): error CS0246: The type or namespace name 'Xunit' could not be found (are you missing a using directive or an assembly reference?)
C:\gh\azure-sdk-for-net\sdk\batch\Microsoft.Azure.Batch.Conventions.Files\tests\UnitTests\OutputFileReferenceUnitTests.cs(22,17): error CS0234: The type or namespace name 'WindowsAzure' does not exist in the namespace 'Microsoft' (are you missing an assembly reference?)
C:\gh\azure-sdk-for-net\sdk\batch\Microsoft.Azure.Batch.Conventions.Files\tests\UnitTests\OutputFileReferenceUnitTests.cs(26,7): error CS0246: The type or namespace name 'NSubstitute' could not be found (are you missing a using directive or an assembly reference?)
C:\gh\azure-sdk-for-net\sdk\batch\Microsoft.Azure.Batch.Conventions.Files\tests\UnitTests\TaskOutputKindUnitTests.cs(20,7): error CS0246: The type or namespace name 'Xunit' could not be found (are you missing a using directive or an assembly reference?)
C:\gh\azure-sdk-for-net\sdk\batch\Microsoft.Azure.Batch.Conventions.Files\tests\UnitTests\TaskOutputStorageUnitTests.cs(20,7): error CS0246: The type or namespace name 'Xunit' could not be found (are you missing a using directive or an assembly reference?)
C:\gh\azure-sdk-for-net\sdk\batch\Microsoft.Azure.Batch.Conventions.Files\tests\UnitTests\Utilities\ContainerNameUtilsTests.cs(15,8): error CS0246: The type or namespace name 'FsCheck' could not be found (are you missing a using directive or an assembly reference?)
C:\gh\azure-sdk-for-net\sdk\batch\Microsoft.Azure.Batch.Conventions.Files\tests\UnitTests\Utilities\ContainerNameUtilsTests.cs(16,7): error CS0246: The type or namespace name 'FsCheck' could not be found (are you missing a using directive or an assembly reference?)
C:\gh\azure-sdk-for-net\sdk\batch\Microsoft.Azure.Batch.Conventions.Files\tests\UnitTests\Utilities\ContainerNameUtilsTests.cs(24,7): error CS0246: The type or namespace name 'Xunit' could not be found (are you missing a using directive or an assembly reference?)
C:\gh\azure-sdk-for-net\sdk\batch\Microsoft.Azure.Batch.Conventions.Files\tests\UnitTests\Utilities\FakeBatchServiceClient.cs(15,30): error CS0234: The type or namespace name 'Protocol' does not exist in the namespace 'Microsoft.Azure.Batch' (are you missing an assembly reference?)
C:\gh\azure-sdk-for-net\sdk\batch\Microsoft.Azure.Batch.Conventions.Files\tests\UnitTests\Utilities\FakeBatchServiceClient.cs(16,7): error CS0246: The type or namespace name 'Newtonsoft' could not be found (are you missing a using directive or an assembly reference?)
C:\gh\azure-sdk-for-net\sdk\batch\Microsoft.Azure.Batch.Conventions.Files\tests\UnitTests\Utilities\FakeBatchServiceClient.cs(21,18): error CS0234: The type or namespace name 'Http' does not exist in the namespace 'System.Net' (are you missing an assembly reference?)
C:\gh\azure-sdk-for-net\sdk\batch\Microsoft.Azure.Batch.Conventions.Files\tests\UnitTests\Utilities\UrlUtilsTests.cs(21,7): error CS0246: The type or namespace name 'Xunit' could not be found (are you missing a using directive or an assembly reference?)
C:\gh\azure-sdk-for-net\eng\mgmt\DisableTestRunParallel.cs(5,7): error CS0246: The type or namespace name 'Xunit' could not be found (are you missing a using directive or an assembly reference?)
C:\gh\azure-sdk-for-net\sdk\batch\Microsoft.Azure.Batch.Conventions.Files\tests\UnitTests\Generators\BatchIdGenerator.cs(48,23): error CS0246: The type or namespace name 'Arbitrary<>' could not be found (are you missing a using directive or an assembly reference?)
C:\gh\azure-sdk-for-net\sdk\batch\Microsoft.Azure.Batch.Conventions.Files\tests\UnitTests\Generators\BatchIdGenerator.cs(49,23): error CS0246: The type or namespace name 'Arbitrary<>' could not be found (are you missing a using directive or an assembly reference?)
C:\gh\azure-sdk-for-net\sdk\batch\Microsoft.Azure.Batch.Conventions.Files\tests\UnitTests\OutputFileReferenceUnitTests.cs(32,10): error CS0246: The type or namespace name 'FactAttribute' could not be found (are you missing a using directive or an assembly reference?)
C:\gh\azure-sdk-for-net\sdk\batch\Microsoft.Azure.Batch.Conventions.Files\tests\UnitTests\OutputFileReferenceUnitTests.cs(32,10): error CS0246: The type or namespace name 'Fact' could not be found (are you missing a using directive or an assembly reference?)
C:\gh\azure-sdk-for-net\sdk\batch\Microsoft.Azure.Batch.Conventions.Files\tests\UnitTests\CloudTaskExtensionsUnitTests.cs(29,10): error CS0246: The type or namespace name 'FactAttribute' could not be found (are you missing a using directive or an assembly reference?)
C:\gh\azure-sdk-for-net\sdk\batch\Microsoft.Azure.Batch.Conventions.Files\tests\UnitTests\CloudTaskExtensionsUnitTests.cs(29,10): error CS0246: The type or namespace name 'Fact' could not be found (are you missing a using directive or an assembly reference?)
C:\gh\azure-sdk-for-net\sdk\batch\Microsoft.Azure.Batch.Conventions.Files\tests\UnitTests\CloudJobExtensionsUnitTests.cs(33,10): error CS0246: The type or namespace name 'FactAttribute' could not be found (are you missing a using directive or an assembly reference?)
C:\gh\azure-sdk-for-net\sdk\batch\Microsoft.Azure.Batch.Conventions.Files\tests\UnitTests\CloudJobExtensionsUnitTests.cs(33,10): error CS0246: The type or namespace name 'Fact' could not be found (are you missing a using directive or an assembly reference?)
C:\gh\azure-sdk-for-net\sdk\batch\Microsoft.Azure.Batch.Conventions.Files\tests\UnitTests\TaskOutputStorageUnitTests.cs(149,10): error CS0246: The type or namespace name 'FactAttribute' could not be found (are you missing a using directive or an assembly reference?)
C:\gh\azure-sdk-for-net\sdk\batch\Microsoft.Azure.Batch.Conventions.Files\tests\UnitTests\TaskOutputStorageUnitTests.cs(149,10): error CS0246: The type or namespace name 'Fact' could not be found (are you missing a using directive or an assembly reference?)
C:\gh\azure-sdk-for-net\sdk\batch\Microsoft.Azure.Batch.Conventions.Files\tests\UnitTests\JobOutputKindUnitTests.cs(28,10): error CS0246: The type or namespace name 'FactAttribute' could not be found (are you missing a using directive or an assembly reference?)
C:\gh\azure-sdk-for-net\sdk\batch\Microsoft.Azure.Batch.Conventions.Files\tests\UnitTests\JobOutputKindUnitTests.cs(28,10): error CS0246: The type or namespace name 'Fact' could not be found (are you missing a using directive or an assembly reference?)
C:\gh\azure-sdk-for-net\sdk\batch\Microsoft.Azure.Batch.Conventions.Files\tests\UnitTests\JobOutputStorageUnitTests.cs(93,10): error CS0246: The type or namespace name 'FactAttribute' could not be found (are you missing a using directive or an assembly reference?)
C:\gh\azure-sdk-for-net\sdk\batch\Microsoft.Azure.Batch.Conventions.Files\tests\UnitTests\JobOutputStorageUnitTests.cs(93,10): error CS0246: The type or namespace name 'Fact' could not be found (are you missing a using directive or an assembly reference?)
C:\gh\azure-sdk-for-net\sdk\batch\Microsoft.Azure.Batch.Conventions.Files\tests\UnitTests\TaskOutputKindUnitTests.cs(28,10): error CS0246: The type or namespace name 'FactAttribute' could not be found (are you missing a using directive or an assembly reference?)
C:\gh\azure-sdk-for-net\sdk\batch\Microsoft.Azure.Batch.Conventions.Files\tests\UnitTests\TaskOutputKindUnitTests.cs(28,10): error CS0246: The type or namespace name 'Fact' could not be found (are you missing a using directive or an assembly reference?)
C:\gh\azure-sdk-for-net\sdk\batch\Microsoft.Azure.Batch.Conventions.Files\tests\UnitTests\OutputFileReferenceUnitTests.cs(43,10): error CS0246: The type or namespace name 'FactAttribute' could not be found (are you missing a using directive or an assembly reference?)
C:\gh\azure-sdk-for-net\sdk\batch\Microsoft.Azure.Batch.Conventions.Files\tests\UnitTests\TaskOutputStorageUnitTests.cs(177,10): error CS0246: The type or namespace name 'FactAttribute' could not be found (are you missing a using directive or an assembly reference?)
C:\gh\azure-sdk-for-net\sdk\batch\Microsoft.Azure.Batch.Conventions.Files\tests\UnitTests\TaskOutputStorageUnitTests.cs(177,10): error CS0246: The type or namespace name 'Fact' could not be found (are you missing a using directive or an assembly reference?)
C:\gh\azure-sdk-for-net\sdk\batch\Microsoft.Azure.Batch.Conventions.Files\tests\UnitTests\OutputFileReferenceUnitTests.cs(43,10): error CS0246: The type or namespace name 'Fact' could not be found (are you missing a using directive or an assembly reference?)
C:\gh\azure-sdk-for-net\sdk\batch\Microsoft.Azure.Batch.Conventions.Files\tests\UnitTests\CloudTaskExtensionsUnitTests.cs(38,10): error CS0246: The type or namespace name 'FactAttribute' could not be found (are you missing a using directive or an assembly reference?)
C:\gh\azure-sdk-for-net\sdk\batch\Microsoft.Azure.Batch.Conventions.Files\tests\UnitTests\CloudTaskExtensionsUnitTests.cs(38,10): error CS0246: The type or namespace name 'Fact' could not be found (are you missing a using directive or an assembly reference?)
C:\gh\azure-sdk-for-net\sdk\batch\Microsoft.Azure.Batch.Conventions.Files\tests\UnitTests\JobOutputKindUnitTests.cs(34,10): error CS0246: The type or namespace name 'FactAttribute' could not be found (are you missing a using directive or an assembly reference?)
C:\gh\azure-sdk-for-net\sdk\batch\Microsoft.Azure.Batch.Conventions.Files\tests\UnitTests\JobOutputKindUnitTests.cs(34,10): error CS0246: The type or namespace name 'Fact' could not be found (are you missing a using directive or an assembly reference?)
C:\gh\azure-sdk-for-net\sdk\batch\Microsoft.Azure.Batch.Conventions.Files\tests\UnitTests\TaskOutputKindUnitTests.cs(34,10): error CS0246: The type or namespace name 'FactAttribute' could not be found (are you missing a using directive or an assembly reference?)
C:\gh\azure-sdk-for-net\sdk\batch\Microsoft.Azure.Batch.Conventions.Files\tests\UnitTests\TaskOutputKindUnitTests.cs(34,10): error CS0246: The type or namespace name 'Fact' could not be found (are you missing a using directive or an assembly reference?)
C:\gh\azure-sdk-for-net\sdk\batch\Microsoft.Azure.Batch.Conventions.Files\tests\UnitTests\JobOutputStorageUnitTests.cs(121,10): error CS0246: The type or namespace name 'FactAttribute' could not be found (are you missing a using directive or an assembly reference?)
C:\gh\azure-sdk-for-net\sdk\batch\Microsoft.Azure.Batch.Conventions.Files\tests\UnitTests\JobOutputStorageUnitTests.cs(121,10): error CS0246: The type or namespace name 'Fact' could not be found (are you missing a using directive or an assembly reference?)
C:\gh\azure-sdk-for-net\sdk\batch\Microsoft.Azure.Batch.Conventions.Files\tests\UnitTests\CloudJobExtensionsUnitTests.cs(42,10): error CS0246: The type or namespace name 'FactAttribute' could not be found (are you missing a using directive or an assembly reference?)
C:\gh\azure-sdk-for-net\sdk\batch\Microsoft.Azure.Batch.Conventions.Files\tests\UnitTests\CloudJobExtensionsUnitTests.cs(42,10): error CS0246: The type or namespace name 'Fact' could not be found (are you missing a using directive or an assembly reference?)
C:\gh\azure-sdk-for-net\sdk\batch\Microsoft.Azure.Batch.Conventions.Files\tests\UnitTests\JobOutputKindUnitTests.cs(40,10): error CS0246: The type or namespace name 'FactAttribute' could not be found (are you missing a using directive or an assembly reference?)
C:\gh\azure-sdk-for-net\sdk\batch\Microsoft.Azure.Batch.Conventions.Files\tests\UnitTests\JobOutputKindUnitTests.cs(40,10): error CS0246: The type or namespace name 'Fact' could not be found (are you missing a using directive or an assembly reference?)
C:\gh\azure-sdk-for-net\sdk\batch\Microsoft.Azure.Batch.Conventions.Files\tests\UnitTests\CloudTaskExtensionsUnitTests.cs(56,10): error CS0246: The type or namespace name 'FactAttribute' could not be found (are you missing a using directive or an assembly reference?)
C:\gh\azure-sdk-for-net\sdk\batch\Microsoft.Azure.Batch.Conventions.Files\tests\UnitTests\CloudTaskExtensionsUnitTests.cs(56,10): error CS0246: The type or namespace name 'Fact' could not be found (are you missing a using directive or an assembly reference?)
C:\gh\azure-sdk-for-net\sdk\batch\Microsoft.Azure.Batch.Conventions.Files\tests\UnitTests\Utilities\UrlUtilsTests.cs(27,10): error CS0246: The type or namespace name 'FactAttribute' could not be found (are you missing a using directive or an assembly reference?)
C:\gh\azure-sdk-for-net\sdk\batch\Microsoft.Azure.Batch.Conventions.Files\tests\UnitTests\Utilities\UrlUtilsTests.cs(27,10): error CS0246: The type or namespace name 'Fact' could not be found (are you missing a using directive or an assembly reference?)
C:\gh\azure-sdk-for-net\sdk\batch\Microsoft.Azure.Batch.Conventions.Files\tests\UnitTests\TaskOutputKindUnitTests.cs(40,10): error CS0246: The type or namespace name 'FactAttribute' could not be found (are you missing a using directive or an assembly reference?)
C:\gh\azure-sdk-for-net\sdk\batch\Microsoft.Azure.Batch.Conventions.Files\tests\UnitTests\TaskOutputKindUnitTests.cs(40,10): error CS0246: The type or namespace name 'Fact' could not be found (are you missing a using directive or an assembly reference?)
C:\gh\azure-sdk-for-net\sdk\batch\Microsoft.Azure.Batch.Conventions.Files\tests\UnitTests\Utilities\ContainerNameUtilsTests.cs(34,10): error CS0246: The type or namespace name 'PropertyAttribute' could not be found (are you missing a using directive or an assembly reference?)
C:\gh\azure-sdk-for-net\sdk\batch\Microsoft.Azure.Batch.Conventions.Files\tests\UnitTests\Utilities\ContainerNameUtilsTests.cs(34,10): error CS0246: The type or namespace name 'Property' could not be found (are you missing a using directive or an assembly reference?)
C:\gh\azure-sdk-for-net\sdk\batch\Microsoft.Azure.Batch.Conventions.Files\tests\UnitTests\OutputFileReferenceUnitTests.cs(54,10): error CS0246: The type or namespace name 'FactAttribute' could not be found (are you missing a using directive or an assembly reference?)
C:\gh\azure-sdk-for-net\sdk\batch\Microsoft.Azure.Batch.Conventions.Files\tests\UnitTests\OutputFileReferenceUnitTests.cs(54,10): error CS0246: The type or namespace name 'Fact' could not be found (are you missing a using directive or an assembly reference?)
C:\gh\azure-sdk-for-net\sdk\batch\Microsoft.Azure.Batch.Conventions.Files\tests\UnitTests\JobOutputKindUnitTests.cs(46,10): error CS0246: The type or namespace name 'FactAttribute' could not be found (are you missing a using directive or an assembly reference?)
C:\gh\azure-sdk-for-net\sdk\batch\Microsoft.Azure.Batch.Conventions.Files\tests\UnitTests\JobOutputKindUnitTests.cs(46,10): error CS0246: The type or namespace name 'Fact' could not be found (are you missing a using directive or an assembly reference?)
C:\gh\azure-sdk-for-net\sdk\batch\Microsoft.Azure.Batch.Conventions.Files\tests\UnitTests\JobOutputKindUnitTests.cs(54,10): error CS0246: The type or namespace name 'FactAttribute' could not be found (are you missing a using directive or an assembly reference?)
C:\gh\azure-sdk-for-net\sdk\batch\Microsoft.Azure.Batch.Conventions.Files\tests\UnitTests\JobOutputKindUnitTests.cs(54,10): error CS0246: The type or namespace name 'Fact' could not be found (are you missing a using directive or an assembly reference?)
C:\gh\azure-sdk-for-net\sdk\batch\Microsoft.Azure.Batch.Conventions.Files\tests\UnitTests\TaskOutputKindUnitTests.cs(46,10): error CS0246: The type or namespace name 'FactAttribute' could not be found (are you missing a using directive or an assembly reference?)
C:\gh\azure-sdk-for-net\sdk\batch\Microsoft.Azure.Batch.Conventions.Files\tests\UnitTests\TaskOutputKindUnitTests.cs(46,10): error CS0246: The type or namespace name 'Fact' could not be found (are you missing a using directive or an assembly reference?)
C:\gh\azure-sdk-for-net\sdk\batch\Microsoft.Azure.Batch.Conventions.Files\tests\UnitTests\Utilities\ContainerNameUtilsTests.cs(41,10): error CS0246: The type or namespace name 'PropertyAttribute' could not be found (are you missing a using directive or an assembly reference?)
C:\gh\azure-sdk-for-net\sdk\batch\Microsoft.Azure.Batch.Conventions.Files\tests\UnitTests\Utilities\ContainerNameUtilsTests.cs(41,10): error CS0246: The type or namespace name 'Property' could not be found (are you missing a using directive or an assembly reference?)
C:\gh\azure-sdk-for-net\sdk\batch\Microsoft.Azure.Batch.Conventions.Files\tests\UnitTests\CloudJobExtensionsUnitTests.cs(64,10): error CS0246: The type or namespace name 'PropertyAttribute' could not be found (are you missing a using directive or an assembly reference?)
C:\gh\azure-sdk-for-net\sdk\batch\Microsoft.Azure.Batch.Conventions.Files\tests\UnitTests\CloudJobExtensionsUnitTests.cs(64,10): error CS0246: The type or namespace name 'Property' could not be found (are you missing a using directive or an assembly reference?)
C:\gh\azure-sdk-for-net\sdk\batch\Microsoft.Azure.Batch.Conventions.Files\tests\UnitTests\Utilities\UrlUtilsTests.cs(34,10): error CS0246: The type or namespace name 'FactAttribute' could not be found (are you missing a using directive or an assembly reference?)
C:\gh\azure-sdk-for-net\sdk\batch\Microsoft.Azure.Batch.Conventions.Files\tests\UnitTests\Utilities\UrlUtilsTests.cs(34,10): error CS0246: The type or namespace name 'Fact' could not be found (are you missing a using directive or an assembly reference?)
C:\gh\azure-sdk-for-net\sdk\batch\Microsoft.Azure.Batch.Conventions.Files\tests\UnitTests\JobOutputKindUnitTests.cs(62,10): error CS0246: The type or namespace name 'FactAttribute' could not be found (are you missing a using directive or an assembly reference?)
C:\gh\azure-sdk-for-net\sdk\batch\Microsoft.Azure.Batch.Conventions.Files\tests\UnitTests\JobOutputKindUnitTests.cs(62,10): error CS0246: The type or namespace name 'Fact' could not be found (are you missing a using directive or an assembly reference?)
C:\gh\azure-sdk-for-net\sdk\batch\Microsoft.Azure.Batch.Conventions.Files\tests\UnitTests\OutputFileReferenceUnitTests.cs(65,10): error CS0246: The type or namespace name 'FactAttribute' could not be found (are you missing a using directive or an assembly reference?)
C:\gh\azure-sdk-for-net\sdk\batch\Microsoft.Azure.Batch.Conventions.Files\tests\UnitTests\OutputFileReferenceUnitTests.cs(65,10): error CS0246: The type or namespace name 'Fact' could not be found (are you missing a using directive or an assembly reference?)
C:\gh\azure-sdk-for-net\sdk\batch\Microsoft.Azure.Batch.Conventions.Files\tests\UnitTests\Utilities\ContainerNameUtilsTests.cs(55,10): error CS0246: The type or namespace name 'PropertyAttribute' could not be found (are you missing a using directive or an assembly reference?)
C:\gh\azure-sdk-for-net\sdk\batch\Microsoft.Azure.Batch.Conventions.Files\tests\UnitTests\Utilities\ContainerNameUtilsTests.cs(55,10): error CS0246: The type or namespace name 'Property' could not be found (are you missing a using directive or an assembly reference?)
C:\gh\azure-sdk-for-net\sdk\batch\Microsoft.Azure.Batch.Conventions.Files\tests\UnitTests\CloudJobExtensionsUnitTests.cs(77,10): error CS0246: The type or namespace name 'FactAttribute' could not be found (are you missing a using directive or an assembly reference?)
C:\gh\azure-sdk-for-net\sdk\batch\Microsoft.Azure.Batch.Conventions.Files\tests\UnitTests\CloudJobExtensionsUnitTests.cs(77,10): error CS0246: The type or namespace name 'Fact' could not be found (are you missing a using directive or an assembly reference?)
C:\gh\azure-sdk-for-net\sdk\batch\Microsoft.Azure.Batch.Conventions.Files\tests\UnitTests\JobOutputKindUnitTests.cs(69,10): error CS0246: The type or namespace name 'FactAttribute' could not be found (are you missing a using directive or an assembly reference?)
C:\gh\azure-sdk-for-net\sdk\batch\Microsoft.Azure.Batch.Conventions.Files\tests\UnitTests\JobOutputKindUnitTests.cs(69,10): error CS0246: The type or namespace name 'Fact' could not be found (are you missing a using directive or an assembly reference?)
C:\gh\azure-sdk-for-net\sdk\batch\Microsoft.Azure.Batch.Conventions.Files\tests\UnitTests\TaskOutputKindUnitTests.cs(52,10): error CS0246: The type or namespace name 'FactAttribute' could not be found (are you missing a using directive or an assembly reference?)
C:\gh\azure-sdk-for-net\sdk\batch\Microsoft.Azure.Batch.Conventions.Files\tests\UnitTests\TaskOutputKindUnitTests.cs(52,10): error CS0246: The type or namespace name 'Fact' could not be found (are you missing a using directive or an assembly reference?)
C:\gh\azure-sdk-for-net\sdk\batch\Microsoft.Azure.Batch.Conventions.Files\tests\UnitTests\Utilities\UrlUtilsTests.cs(41,10): error CS0246: The type or namespace name 'FactAttribute' could not be found (are you missing a using directive or an assembly reference?)
C:\gh\azure-sdk-for-net\sdk\batch\Microsoft.Azure.Batch.Conventions.Files\tests\UnitTests\Utilities\UrlUtilsTests.cs(41,10): error CS0246: The type or namespace name 'Fact' could not be found (are you missing a using directive or an assembly reference?)
C:\gh\azure-sdk-for-net\sdk\batch\Microsoft.Azure.Batch.Conventions.Files\tests\UnitTests\CloudJobExtensionsUnitTests.cs(85,10): error CS0246: The type or namespace name 'FactAttribute' could not be found (are you missing a using directive or an assembly reference?)
C:\gh\azure-sdk-for-net\sdk\batch\Microsoft.Azure.Batch.Conventions.Files\tests\UnitTests\CloudJobExtensionsUnitTests.cs(85,10): error CS0246: The type or namespace name 'Fact' could not be found (are you missing a using directive or an assembly reference?)
C:\gh\azure-sdk-for-net\sdk\batch\Microsoft.Azure.Batch.Conventions.Files\tests\UnitTests\TaskOutputKindUnitTests.cs(58,10): error CS0246: The type or namespace name 'FactAttribute' could not be found (are you missing a using directive or an assembly reference?)
C:\gh\azure-sdk-for-net\sdk\batch\Microsoft.Azure.Batch.Conventions.Files\tests\UnitTests\TaskOutputKindUnitTests.cs(58,10): error CS0246: The type or namespace name 'Fact' could not be found (are you missing a using directive or an assembly reference?)
C:\gh\azure-sdk-for-net\sdk\batch\Microsoft.Azure.Batch.Conventions.Files\tests\UnitTests\JobOutputKindUnitTests.cs(77,10): error CS0246: The type or namespace name 'FactAttribute' could not be found (are you missing a using directive or an assembly reference?)
C:\gh\azure-sdk-for-net\sdk\batch\Microsoft.Azure.Batch.Conventions.Files\tests\UnitTests\JobOutputKindUnitTests.cs(77,10): error CS0246: The type or namespace name 'Fact' could not be found (are you missing a using directive or an assembly reference?)
C:\gh\azure-sdk-for-net\sdk\batch\Microsoft.Azure.Batch.Conventions.Files\tests\UnitTests\OutputFileReferenceUnitTests.cs(76,10): error CS0246: The type or namespace name 'FactAttribute' could not be found (are you missing a using directive or an assembly reference?)
C:\gh\azure-sdk-for-net\sdk\batch\Microsoft.Azure.Batch.Conventions.Files\tests\UnitTests\OutputFileReferenceUnitTests.cs(76,10): error CS0246: The type or namespace name 'Fact' could not be found (are you missing a using directive or an assembly reference?)
C:\gh\azure-sdk-for-net\sdk\batch\Microsoft.Azure.Batch.Conventions.Files\tests\UnitTests\Utilities\ContainerNameUtilsTests.cs(66,10): error CS0246: The type or namespace name 'PropertyAttribute' could not be found (are you missing a using directive or an assembly reference?)
C:\gh\azure-sdk-for-net\sdk\batch\Microsoft.Azure.Batch.Conventions.Files\tests\UnitTests\Utilities\ContainerNameUtilsTests.cs(66,10): error CS0246: The type or namespace name 'Property' could not be found (are you missing a using directive or an assembly reference?)
C:\gh\azure-sdk-for-net\sdk\batch\Microsoft.Azure.Batch.Conventions.Files\tests\UnitTests\TaskOutputKindUnitTests.cs(66,10): error CS0246: The type or namespace name 'FactAttribute' could not be found (are you missing a using directive or an assembly reference?)
C:\gh\azure-sdk-for-net\sdk\batch\Microsoft.Azure.Batch.Conventions.Files\tests\UnitTests\TaskOutputKindUnitTests.cs(66,10): error CS0246: The type or namespace name 'Fact' could not be found (are you missing a using directive or an assembly reference?)
C:\gh\azure-sdk-for-net\sdk\batch\Microsoft.Azure.Batch.Conventions.Files\tests\UnitTests\Utilities\UrlUtilsTests.cs(48,10): error CS0246: The type or namespace name 'FactAttribute' could not be found (are you missing a using directive or an assembly reference?)
C:\gh\azure-sdk-for-net\sdk\batch\Microsoft.Azure.Batch.Conventions.Files\tests\UnitTests\Utilities\UrlUtilsTests.cs(48,10): error CS0246: The type or namespace name 'Fact' could not be found (are you missing a using directive or an assembly reference?)
C:\gh\azure-sdk-for-net\sdk\batch\Microsoft.Azure.Batch.Conventions.Files\tests\UnitTests\CloudJobExtensionsUnitTests.cs(94,10): error CS0246: The type or namespace name 'FactAttribute' could not be found (are you missing a using directive or an assembly reference?)
C:\gh\azure-sdk-for-net\sdk\batch\Microsoft.Azure.Batch.Conventions.Files\tests\UnitTests\CloudJobExtensionsUnitTests.cs(94,10): error CS0246: The type or namespace name 'Fact' could not be found (are you missing a using directive or an assembly reference?)
C:\gh\azure-sdk-for-net\sdk\batch\Microsoft.Azure.Batch.Conventions.Files\tests\UnitTests\JobOutputKindUnitTests.cs(85,10): error CS0246: The type or namespace name 'FactAttribute' could not be found (are you missing a using directive or an assembly reference?)
C:\gh\azure-sdk-for-net\sdk\batch\Microsoft.Azure.Batch.Conventions.Files\tests\UnitTests\JobOutputKindUnitTests.cs(85,10): error CS0246: The type or namespace name 'Fact' could not be found (are you missing a using directive or an assembly reference?)
C:\gh\azure-sdk-for-net\sdk\batch\Microsoft.Azure.Batch.Conventions.Files\tests\UnitTests\TaskOutputKindUnitTests.cs(74,10): error CS0246: The type or namespace name 'FactAttribute' could not be found (are you missing a using directive or an assembly reference?)
C:\gh\azure-sdk-for-net\sdk\batch\Microsoft.Azure.Batch.Conventions.Files\tests\UnitTests\TaskOutputKindUnitTests.cs(74,10): error CS0246: The type or namespace name 'Fact' could not be found (are you missing a using directive or an assembly reference?)
C:\gh\azure-sdk-for-net\sdk\batch\Microsoft.Azure.Batch.Conventions.Files\tests\UnitTests\Utilities\ContainerNameUtilsTests.cs(73,10): error CS0246: The type or namespace name 'PropertyAttribute' could not be found (are you missing a using directive or an assembly reference?)
C:\gh\azure-sdk-for-net\sdk\batch\Microsoft.Azure.Batch.Conventions.Files\tests\UnitTests\Utilities\ContainerNameUtilsTests.cs(73,10): error CS0246: The type or namespace name 'Property' could not be found (are you missing a using directive or an assembly reference?)
C:\gh\azure-sdk-for-net\sdk\batch\Microsoft.Azure.Batch.Conventions.Files\tests\UnitTests\TaskOutputKindUnitTests.cs(81,10): error CS0246: The type or namespace name 'FactAttribute' could not be found (are you missing a using directive or an assembly reference?)
C:\gh\azure-sdk-for-net\sdk\batch\Microsoft.Azure.Batch.Conventions.Files\tests\UnitTests\TaskOutputKindUnitTests.cs(81,10): error CS0246: The type or namespace name 'Fact' could not be found (are you missing a using directive or an assembly reference?)
C:\gh\azure-sdk-for-net\sdk\batch\Microsoft.Azure.Batch.Conventions.Files\tests\UnitTests\CloudJobExtensionsUnitTests.cs(107,10): error CS0246: The type or namespace name 'FactAttribute' could not be found (are you missing a using directive or an assembly reference?)
C:\gh\azure-sdk-for-net\sdk\batch\Microsoft.Azure.Batch.Conventions.Files\tests\UnitTests\CloudJobExtensionsUnitTests.cs(107,10): error CS0246: The type or namespace name 'Fact' could not be found (are you missing a using directive or an assembly reference?)
C:\gh\azure-sdk-for-net\sdk\batch\Microsoft.Azure.Batch.Conventions.Files\tests\UnitTests\JobOutputKindUnitTests.cs(92,10): error CS0246: The type or namespace name 'FactAttribute' could not be found (are you missing a using directive or an assembly reference?)
C:\gh\azure-sdk-for-net\sdk\batch\Microsoft.Azure.Batch.Conventions.Files\tests\UnitTests\JobOutputKindUnitTests.cs(92,10): error CS0246: The type or namespace name 'Fact' could not be found (are you missing a using directive or an assembly reference?)
C:\gh\azure-sdk-for-net\sdk\batch\Microsoft.Azure.Batch.Conventions.Files\tests\UnitTests\Utilities\UrlUtilsTests.cs(55,10): error CS0246: The type or namespace name 'FactAttribute' could not be found (are you missing a using directive or an assembly reference?)
C:\gh\azure-sdk-for-net\sdk\batch\Microsoft.Azure.Batch.Conventions.Files\tests\UnitTests\Utilities\UrlUtilsTests.cs(55,10): error CS0246: The type or namespace name 'Fact' could not be found (are you missing a using directive or an assembly reference?)
C:\gh\azure-sdk-for-net\sdk\batch\Microsoft.Azure.Batch.Conventions.Files\tests\UnitTests\TaskOutputKindUnitTests.cs(89,10): error CS0246: The type or namespace name 'FactAttribute' could not be found (are you missing a using directive or an assembly reference?)
C:\gh\azure-sdk-for-net\sdk\batch\Microsoft.Azure.Batch.Conventions.Files\tests\UnitTests\TaskOutputKindUnitTests.cs(89,10): error CS0246: The type or namespace name 'Fact' could not be found (are you missing a using directive or an assembly reference?)
C:\gh\azure-sdk-for-net\sdk\batch\Microsoft.Azure.Batch.Conventions.Files\tests\UnitTests\CloudJobExtensionsUnitTests.cs(120,10): error CS0246: The type or namespace name 'FactAttribute' could not be found (are you missing a using directive or an assembly reference?)
C:\gh\azure-sdk-for-net\sdk\batch\Microsoft.Azure.Batch.Conventions.Files\tests\UnitTests\CloudJobExtensionsUnitTests.cs(120,10): error CS0246: The type or namespace name 'Fact' could not be found (are you missing a using directive or an assembly reference?)
C:\gh\azure-sdk-for-net\sdk\batch\Microsoft.Azure.Batch.Conventions.Files\tests\UnitTests\Utilities\ContainerNameUtilsTests.cs(81,10): error CS0246: The type or namespace name 'PropertyAttribute' could not be found (are you missing a using directive or an assembly reference?)
C:\gh\azure-sdk-for-net\sdk\batch\Microsoft.Azure.Batch.Conventions.Files\tests\UnitTests\Utilities\ContainerNameUtilsTests.cs(81,10): error CS0246: The type or namespace name 'Property' could not be found (are you missing a using directive or an assembly reference?)
C:\gh\azure-sdk-for-net\sdk\batch\Microsoft.Azure.Batch.Conventions.Files\tests\UnitTests\JobOutputKindUnitTests.cs(100,10): error CS0246: The type or namespace name 'FactAttribute' could not be found (are you missing a using directive or an assembly reference?)
C:\gh\azure-sdk-for-net\sdk\batch\Microsoft.Azure.Batch.Conventions.Files\tests\UnitTests\JobOutputKindUnitTests.cs(100,10): error CS0246: The type or namespace name 'Fact' could not be found (are you missing a using directive or an assembly reference?)
C:\gh\azure-sdk-for-net\sdk\batch\Microsoft.Azure.Batch.Conventions.Files\tests\UnitTests\TaskOutputKindUnitTests.cs(97,10): error CS0246: The type or namespace name 'FactAttribute' could not be found (are you missing a using directive or an assembly reference?)
C:\gh\azure-sdk-for-net\sdk\batch\Microsoft.Azure.Batch.Conventions.Files\tests\UnitTests\TaskOutputKindUnitTests.cs(97,10): error CS0246: The type or namespace name 'Fact' could not be found (are you missing a using directive or an assembly reference?)
C:\gh\azure-sdk-for-net\sdk\batch\Microsoft.Azure.Batch.Conventions.Files\tests\UnitTests\Utilities\UrlUtilsTests.cs(62,10): error CS0246: The type or namespace name 'FactAttribute' could not be found (are you missing a using directive or an assembly reference?)
C:\gh\azure-sdk-for-net\sdk\batch\Microsoft.Azure.Batch.Conventions.Files\tests\UnitTests\Utilities\UrlUtilsTests.cs(62,10): error CS0246: The type or namespace name 'Fact' could not be found (are you missing a using directive or an assembly reference?)
C:\gh\azure-sdk-for-net\sdk\batch\Microsoft.Azure.Batch.Conventions.Files\tests\UnitTests\TaskOutputKindUnitTests.cs(104,10): error CS0246: The type or namespace name 'FactAttribute' could not be found (are you missing a using directive or an assembly reference?)
C:\gh\azure-sdk-for-net\sdk\batch\Microsoft.Azure.Batch.Conventions.Files\tests\UnitTests\TaskOutputKindUnitTests.cs(104,10): error CS0246: The type or namespace name 'Fact' could not be found (are you missing a using directive or an assembly reference?)
C:\gh\azure-sdk-for-net\sdk\batch\Microsoft.Azure.Batch.Conventions.Files\tests\UnitTests\CloudJobExtensionsUnitTests.cs(133,10): error CS0246: The type or namespace name 'FactAttribute' could not be found (are you missing a using directive or an assembly reference?)
C:\gh\azure-sdk-for-net\sdk\batch\Microsoft.Azure.Batch.Conventions.Files\tests\UnitTests\CloudJobExtensionsUnitTests.cs(133,10): error CS0246: The type or namespace name 'Fact' could not be found (are you missing a using directive or an assembly reference?)
C:\gh\azure-sdk-for-net\sdk\batch\Microsoft.Azure.Batch.Conventions.Files\tests\UnitTests\JobOutputKindUnitTests.cs(108,10): error CS0246: The type or namespace name 'FactAttribute' could not be found (are you missing a using directive or an assembly reference?)
C:\gh\azure-sdk-for-net\sdk\batch\Microsoft.Azure.Batch.Conventions.Files\tests\UnitTests\JobOutputKindUnitTests.cs(108,10): error CS0246: The type or namespace name 'Fact' could not be found (are you missing a using directive or an assembly reference?)
C:\gh\azure-sdk-for-net\sdk\batch\Microsoft.Azure.Batch.Conventions.Files\tests\UnitTests\Utilities\ContainerNameUtilsTests.cs(88,10): error CS0246: The type or namespace name 'PropertyAttribute' could not be found (are you missing a using directive or an assembly reference?)
C:\gh\azure-sdk-for-net\sdk\batch\Microsoft.Azure.Batch.Conventions.Files\tests\UnitTests\Utilities\ContainerNameUtilsTests.cs(88,10): error CS0246: The type or namespace name 'Property' could not be found (are you missing a using directive or an assembly reference?)
C:\gh\azure-sdk-for-net\sdk\batch\Microsoft.Azure.Batch.Conventions.Files\tests\UnitTests\TaskOutputKindUnitTests.cs(112,10): error CS0246: The type or namespace name 'FactAttribute' could not be found (are you missing a using directive or an assembly reference?)
C:\gh\azure-sdk-for-net\sdk\batch\Microsoft.Azure.Batch.Conventions.Files\tests\UnitTests\TaskOutputKindUnitTests.cs(112,10): error CS0246: The type or namespace name 'Fact' could not be found (are you missing a using directive or an assembly reference?)
C:\gh\azure-sdk-for-net\sdk\batch\Microsoft.Azure.Batch.Conventions.Files\tests\UnitTests\TaskOutputKindUnitTests.cs(120,10): error CS0246: The type or namespace name 'FactAttribute' could not be found (are you missing a using directive or an assembly reference?)
C:\gh\azure-sdk-for-net\sdk\batch\Microsoft.Azure.Batch.Conventions.Files\tests\UnitTests\TaskOutputKindUnitTests.cs(120,10): error CS0246: The type or namespace name 'Fact' could not be found (are you missing a using directive or an assembly reference?)
C:\gh\azure-sdk-for-net\sdk\batch\Microsoft.Azure.Batch.Conventions.Files\tests\UnitTests\Utilities\UrlUtilsTests.cs(69,10): error CS0246: The type or namespace name 'FactAttribute' could not be found (are you missing a using directive or an assembly reference?)
C:\gh\azure-sdk-for-net\sdk\batch\Microsoft.Azure.Batch.Conventions.Files\tests\UnitTests\Utilities\UrlUtilsTests.cs(69,10): error CS0246: The type or namespace name 'Fact' could not be found (are you missing a using directive or an assembly reference?)
C:\gh\azure-sdk-for-net\sdk\batch\Microsoft.Azure.Batch.Conventions.Files\tests\UnitTests\JobOutputKindUnitTests.cs(115,10): error CS0246: The type or namespace name 'FactAttribute' could not be found (are you missing a using directive or an assembly reference?)
C:\gh\azure-sdk-for-net\sdk\batch\Microsoft.Azure.Batch.Conventions.Files\tests\UnitTests\JobOutputKindUnitTests.cs(115,10): error CS0246: The type or namespace name 'Fact' could not be found (are you missing a using directive or an assembly reference?)
C:\gh\azure-sdk-for-net\sdk\batch\Microsoft.Azure.Batch.Conventions.Files\tests\UnitTests\TaskOutputKindUnitTests.cs(127,10): error CS0246: The type or namespace name 'FactAttribute' could not be found (are you missing a using directive or an assembly reference?)
C:\gh\azure-sdk-for-net\sdk\batch\Microsoft.Azure.Batch.Conventions.Files\tests\UnitTests\TaskOutputKindUnitTests.cs(127,10): error CS0246: The type or namespace name 'Fact' could not be found (are you missing a using directive or an assembly reference?)
C:\gh\azure-sdk-for-net\sdk\batch\Microsoft.Azure.Batch.Conventions.Files\tests\UnitTests\JobOutputKindUnitTests.cs(122,10): error CS0246: The type or namespace name 'FactAttribute' could not be found (are you missing a using directive or an assembly reference?)
C:\gh\azure-sdk-for-net\sdk\batch\Microsoft.Azure.Batch.Conventions.Files\tests\UnitTests\JobOutputKindUnitTests.cs(122,10): error CS0246: The type or namespace name 'Fact' could not be found (are you missing a using directive or an assembly reference?)
C:\gh\azure-sdk-for-net\sdk\batch\Microsoft.Azure.Batch.Conventions.Files\tests\UnitTests\TaskOutputKindUnitTests.cs(134,10): error CS0246: The type or namespace name 'FactAttribute' could not be found (are you missing a using directive or an assembly reference?)
C:\gh\azure-sdk-for-net\sdk\batch\Microsoft.Azure.Batch.Conventions.Files\tests\UnitTests\TaskOutputKindUnitTests.cs(134,10): error CS0246: The type or namespace name 'Fact' could not be found (are you missing a using directive or an assembly reference?)
C:\gh\azure-sdk-for-net\sdk\batch\Microsoft.Azure.Batch.Conventions.Files\tests\UnitTests\Utilities\UrlUtilsTests.cs(76,10): error CS0246: The type or namespace name 'FactAttribute' could not be found (are you missing a using directive or an assembly reference?)
C:\gh\azure-sdk-for-net\sdk\batch\Microsoft.Azure.Batch.Conventions.Files\tests\UnitTests\Utilities\UrlUtilsTests.cs(76,10): error CS0246: The type or namespace name 'Fact' could not be found (are you missing a using directive or an assembly reference?)
C:\gh\azure-sdk-for-net\sdk\batch\Microsoft.Azure.Batch.Conventions.Files\tests\UnitTests\TaskOutputKindUnitTests.cs(142,10): error CS0246: The type or namespace name 'FactAttribute' could not be found (are you missing a using directive or an assembly reference?)
C:\gh\azure-sdk-for-net\sdk\batch\Microsoft.Azure.Batch.Conventions.Files\tests\UnitTests\TaskOutputKindUnitTests.cs(142,10): error CS0246: The type or namespace name 'Fact' could not be found (are you missing a using directive or an assembly reference?)
C:\gh\azure-sdk-for-net\sdk\batch\Microsoft.Azure.Batch.Conventions.Files\tests\UnitTests\JobOutputKindUnitTests.cs(130,10): error CS0246: The type or namespace name 'FactAttribute' could not be found (are you missing a using directive or an assembly reference?)
C:\gh\azure-sdk-for-net\sdk\batch\Microsoft.Azure.Batch.Conventions.Files\tests\UnitTests\JobOutputKindUnitTests.cs(130,10): error CS0246: The type or namespace name 'Fact' could not be found (are you missing a using directive or an assembly reference?)
C:\gh\azure-sdk-for-net\sdk\batch\Microsoft.Azure.Batch.Conventions.Files\tests\UnitTests\TaskOutputKindUnitTests.cs(150,10): error CS0246: The type or namespace name 'FactAttribute' could not be found (are you missing a using directive or an assembly reference?)
C:\gh\azure-sdk-for-net\sdk\batch\Microsoft.Azure.Batch.Conventions.Files\tests\UnitTests\TaskOutputKindUnitTests.cs(150,10): error CS0246: The type or namespace name 'Fact' could not be found (are you missing a using directive or an assembly reference?)
C:\gh\azure-sdk-for-net\sdk\batch\Microsoft.Azure.Batch.Conventions.Files\tests\UnitTests\JobOutputKindUnitTests.cs(138,10): error CS0246: The type or namespace name 'FactAttribute' could not be found (are you missing a using directive or an assembly reference?)
C:\gh\azure-sdk-for-net\sdk\batch\Microsoft.Azure.Batch.Conventions.Files\tests\UnitTests\JobOutputKindUnitTests.cs(138,10): error CS0246: The type or namespace name 'Fact' could not be found (are you missing a using directive or an assembly reference?)
C:\gh\azure-sdk-for-net\sdk\batch\Microsoft.Azure.Batch.Conventions.Files\tests\UnitTests\TaskOutputKindUnitTests.cs(157,10): error CS0246: The type or namespace name 'FactAttribute' could not be found (are you missing a using directive or an assembly reference?)
C:\gh\azure-sdk-for-net\sdk\batch\Microsoft.Azure.Batch.Conventions.Files\tests\UnitTests\TaskOutputKindUnitTests.cs(157,10): error CS0246: The type or namespace name 'Fact' could not be found (are you missing a using directive or an assembly reference?)
C:\gh\azure-sdk-for-net\sdk\batch\Microsoft.Azure.Batch.Conventions.Files\tests\UnitTests\Utilities\UrlUtilsTests.cs(83,10): error CS0246: The type or namespace name 'FactAttribute' could not be found (are you missing a using directive or an assembly reference?)
C:\gh\azure-sdk-for-net\sdk\batch\Microsoft.Azure.Batch.Conventions.Files\tests\UnitTests\Utilities\UrlUtilsTests.cs(83,10): error CS0246: The type or namespace name 'Fact' could not be found (are you missing a using directive or an assembly reference?)
C:\gh\azure-sdk-for-net\sdk\batch\Microsoft.Azure.Batch.Conventions.Files\tests\UnitTests\TaskOutputKindUnitTests.cs(164,10): error CS0246: The type or namespace name 'FactAttribute' could not be found (are you missing a using directive or an assembly reference?)
C:\gh\azure-sdk-for-net\sdk\batch\Microsoft.Azure.Batch.Conventions.Files\tests\UnitTests\TaskOutputKindUnitTests.cs(164,10): error CS0246: The type or namespace name 'Fact' could not be found (are you missing a using directive or an assembly reference?)
C:\gh\azure-sdk-for-net\sdk\batch\Microsoft.Azure.Batch.Conventions.Files\tests\UnitTests\JobOutputKindUnitTests.cs(145,10): error CS0246: The type or namespace name 'FactAttribute' could not be found (are you missing a using directive or an assembly reference?)
C:\gh\azure-sdk-for-net\sdk\batch\Microsoft.Azure.Batch.Conventions.Files\tests\UnitTests\JobOutputKindUnitTests.cs(145,10): error CS0246: The type or namespace name 'Fact' could not be found (are you missing a using directive or an assembly reference?)
C:\gh\azure-sdk-for-net\sdk\batch\Microsoft.Azure.Batch.Conventions.Files\tests\UnitTests\TaskOutputKindUnitTests.cs(171,10): error CS0246: The type or namespace name 'FactAttribute' could not be found (are you missing a using directive or an assembly reference?)
C:\gh\azure-sdk-for-net\sdk\batch\Microsoft.Azure.Batch.Conventions.Files\tests\UnitTests\TaskOutputKindUnitTests.cs(171,10): error CS0246: The type or namespace name 'Fact' could not be found (are you missing a using directive or an assembly reference?)
C:\gh\azure-sdk-for-net\sdk\batch\Microsoft.Azure.Batch.Conventions.Files\tests\UnitTests\JobOutputKindUnitTests.cs(152,10): error CS0246: The type or namespace name 'FactAttribute' could not be found (are you missing a using directive or an assembly reference?)
C:\gh\azure-sdk-for-net\sdk\batch\Microsoft.Azure.Batch.Conventions.Files\tests\UnitTests\JobOutputKindUnitTests.cs(152,10): error CS0246: The type or namespace name 'Fact' could not be found (are you missing a using directive or an assembly reference?)
C:\gh\azure-sdk-for-net\sdk\batch\Microsoft.Azure.Batch.Conventions.Files\tests\UnitTests\Utilities\UrlUtilsTests.cs(90,10): error CS0246: The type or namespace name 'FactAttribute' could not be found (are you missing a using directive or an assembly reference?)
C:\gh\azure-sdk-for-net\sdk\batch\Microsoft.Azure.Batch.Conventions.Files\tests\UnitTests\Utilities\UrlUtilsTests.cs(90,10): error CS0246: The type or namespace name 'Fact' could not be found (are you missing a using directive or an assembly reference?)
C:\gh\azure-sdk-for-net\sdk\batch\Microsoft.Azure.Batch.Conventions.Files\tests\UnitTests\JobOutputKindUnitTests.cs(159,10): error CS0246: The type or namespace name 'FactAttribute' could not be found (are you missing a using directive or an assembly reference?)
C:\gh\azure-sdk-for-net\sdk\batch\Microsoft.Azure.Batch.Conventions.Files\tests\UnitTests\JobOutputKindUnitTests.cs(159,10): error CS0246: The type or namespace name 'Fact' could not be found (are you missing a using directive or an assembly reference?)
C:\gh\azure-sdk-for-net\sdk\batch\Microsoft.Azure.Batch.Conventions.Files\tests\UnitTests\Utilities\ContainerNameUtilsTests.cs(95,10): error CS0246: The type or namespace name 'TheoryAttribute' could not be found (are you missing a using directive or an assembly reference?)
C:\gh\azure-sdk-for-net\sdk\batch\Microsoft.Azure.Batch.Conventions.Files\tests\UnitTests\Utilities\ContainerNameUtilsTests.cs(95,10): error CS0246: The type or namespace name 'Theory' could not be found (are you missing a using directive or an assembly reference?)
C:\gh\azure-sdk-for-net\sdk\batch\Microsoft.Azure.Batch.Conventions.Files\tests\UnitTests\Utilities\ContainerNameUtilsTests.cs(96,10): error CS0246: The type or namespace name 'InlineDataAttribute' could not be found (are you missing a using directive or an assembly reference?)
C:\gh\azure-sdk-for-net\sdk\batch\Microsoft.Azure.Batch.Conventions.Files\tests\UnitTests\Utilities\ContainerNameUtilsTests.cs(96,10): error CS0246: The type or namespace name 'InlineData' could not be found (are you missing a using directive or an assembly reference?)
C:\gh\azure-sdk-for-net\sdk\batch\Microsoft.Azure.Batch.Conventions.Files\tests\UnitTests\Utilities\ContainerNameUtilsTests.cs(97,10): error CS0246: The type or namespace name 'InlineDataAttribute' could not be found (are you missing a using directive or an assembly reference?)
C:\gh\azure-sdk-for-net\sdk\batch\Microsoft.Azure.Batch.Conventions.Files\tests\UnitTests\Utilities\ContainerNameUtilsTests.cs(97,10): error CS0246: The type or namespace name 'InlineData' could not be found (are you missing a using directive or an assembly reference?)
C:\gh\azure-sdk-for-net\sdk\batch\Microsoft.Azure.Batch.Conventions.Files\tests\UnitTests\Utilities\ContainerNameUtilsTests.cs(98,10): error CS0246: The type or namespace name 'InlineDataAttribute' could not be found (are you missing a using directive or an assembly reference?)
C:\gh\azure-sdk-for-net\sdk\batch\Microsoft.Azure.Batch.Conventions.Files\tests\UnitTests\Utilities\ContainerNameUtilsTests.cs(98,10): error CS0246: The type or namespace name 'InlineData' could not be found (are you missing a using directive or an assembly reference?)
C:\gh\azure-sdk-for-net\sdk\batch\Microsoft.Azure.Batch.Conventions.Files\tests\UnitTests\Utilities\ContainerNameUtilsTests.cs(99,10): error CS0246: The type or namespace name 'InlineDataAttribute' could not be found (are you missing a using directive or an assembly reference?)
C:\gh\azure-sdk-for-net\sdk\batch\Microsoft.Azure.Batch.Conventions.Files\tests\UnitTests\Utilities\ContainerNameUtilsTests.cs(99,10): error CS0246: The type or namespace name 'InlineData' could not be found (are you missing a using directive or an assembly reference?)
C:\gh\azure-sdk-for-net\sdk\batch\Microsoft.Azure.Batch.Conventions.Files\tests\UnitTests\Utilities\ContainerNameUtilsTests.cs(105,10): error CS0246: The type or namespace name 'TheoryAttribute' could not be found (are you missing a using directive or an assembly reference?)
C:\gh\azure-sdk-for-net\sdk\batch\Microsoft.Azure.Batch.Conventions.Files\tests\UnitTests\Utilities\ContainerNameUtilsTests.cs(105,10): error CS0246: The type or namespace name 'Theory' could not be found (are you missing a using directive or an assembly reference?)
C:\gh\azure-sdk-for-net\sdk\batch\Microsoft.Azure.Batch.Conventions.Files\tests\UnitTests\Utilities\ContainerNameUtilsTests.cs(106,10): error CS0246: The type or namespace name 'InlineDataAttribute' could not be found (are you missing a using directive or an assembly reference?)
C:\gh\azure-sdk-for-net\sdk\batch\Microsoft.Azure.Batch.Conventions.Files\tests\UnitTests\Utilities\ContainerNameUtilsTests.cs(106,10): error CS0246: The type or namespace name 'InlineData' could not be found (are you missing a using directive or an assembly reference?)
C:\gh\azure-sdk-for-net\sdk\batch\Microsoft.Azure.Batch.Conventions.Files\tests\UnitTests\Utilities\ContainerNameUtilsTests.cs(107,10): error CS0246: The type or namespace name 'InlineDataAttribute' could not be found (are you missing a using directive or an assembly reference?)
C:\gh\azure-sdk-for-net\sdk\batch\Microsoft.Azure.Batch.Conventions.Files\tests\UnitTests\Utilities\ContainerNameUtilsTests.cs(107,10): error CS0246: The type or namespace name 'InlineData' could not be found (are you missing a using directive or an assembly reference?)
C:\gh\azure-sdk-for-net\sdk\batch\Microsoft.Azure.Batch.Conventions.Files\tests\UnitTests\Utilities\ContainerNameUtilsTests.cs(108,10): error CS0246: The type or namespace name 'InlineDataAttribute' could not be found (are you missing a using directive or an assembly reference?)
C:\gh\azure-sdk-for-net\sdk\batch\Microsoft.Azure.Batch.Conventions.Files\tests\UnitTests\Utilities\ContainerNameUtilsTests.cs(108,10): error CS0246: The type or namespace name 'InlineData' could not be found (are you missing a using directive or an assembly reference?)
C:\gh\azure-sdk-for-net\sdk\batch\Microsoft.Azure.Batch.Conventions.Files\tests\UnitTests\Utilities\ContainerNameUtilsTests.cs(109,10): error CS0246: The type or namespace name 'InlineDataAttribute' could not be found (are you missing a using directive or an assembly reference?)
C:\gh\azure-sdk-for-net\sdk\batch\Microsoft.Azure.Batch.Conventions.Files\tests\UnitTests\Utilities\ContainerNameUtilsTests.cs(109,10): error CS0246: The type or namespace name 'InlineData' could not be found (are you missing a using directive or an assembly reference?)
C:\gh\azure-sdk-for-net\sdk\batch\Microsoft.Azure.Batch.Conventions.Files\tests\UnitTests\Utilities\ContainerNameUtilsTests.cs(110,10): error CS0246: The type or namespace name 'InlineDataAttribute' could not be found (are you missing a using directive or an assembly reference?)
C:\gh\azure-sdk-for-net\sdk\batch\Microsoft.Azure.Batch.Conventions.Files\tests\UnitTests\Utilities\ContainerNameUtilsTests.cs(110,10): error CS0246: The type or namespace name 'InlineData' could not be found (are you missing a using directive or an assembly reference?)
C:\gh\azure-sdk-for-net\sdk\batch\Microsoft.Azure.Batch.Conventions.Files\tests\UnitTests\Utilities\ContainerNameUtilsTests.cs(111,10): error CS0246: The type or namespace name 'InlineDataAttribute' could not be found (are you missing a using directive or an assembly reference?)
C:\gh\azure-sdk-for-net\sdk\batch\Microsoft.Azure.Batch.Conventions.Files\tests\UnitTests\Utilities\ContainerNameUtilsTests.cs(111,10): error CS0246: The type or namespace name 'InlineData' could not be found (are you missing a using directive or an assembly reference?)
C:\gh\azure-sdk-for-net\sdk\batch\Microsoft.Azure.Batch.Conventions.Files\tests\UnitTests\Utilities\ContainerNameUtilsTests.cs(112,10): error CS0246: The type or namespace name 'InlineDataAttribute' could not be found (are you missing a using directive or an assembly reference?)
C:\gh\azure-sdk-for-net\sdk\batch\Microsoft.Azure.Batch.Conventions.Files\tests\UnitTests\Utilities\ContainerNameUtilsTests.cs(112,10): error CS0246: The type or namespace name 'InlineData' could not be found (are you missing a using directive or an assembly reference?)
C:\gh\azure-sdk-for-net\sdk\batch\Microsoft.Azure.Batch.Conventions.Files\tests\UnitTests\Utilities\ContainerNameUtilsTests.cs(113,10): error CS0246: The type or namespace name 'InlineDataAttribute' could not be found (are you missing a using directive or an assembly reference?)
C:\gh\azure-sdk-for-net\sdk\batch\Microsoft.Azure.Batch.Conventions.Files\tests\UnitTests\Utilities\ContainerNameUtilsTests.cs(113,10): error CS0246: The type or namespace name 'InlineData' could not be found (are you missing a using directive or an assembly reference?)
C:\gh\azure-sdk-for-net\sdk\batch\Microsoft.Azure.Batch.Conventions.Files\tests\UnitTests\JobOutputKindUnitTests.cs(31,13): error CS0103: The name 'Assert' does not exist in the current context
C:\gh\azure-sdk-for-net\sdk\batch\Microsoft.Azure.Batch.Conventions.Files\tests\UnitTests\TaskOutputKindUnitTests.cs(31,13): error CS0103: The name 'Assert' does not exist in the current context
C:\gh\azure-sdk-for-net\sdk\batch\Microsoft.Azure.Batch.Conventions.Files\tests\UnitTests\Utilities\FakeBatchServiceClient.cs(32,15): error CS1729: 'BatchServiceClient' does not contain a constructor that takes 1 arguments
C:\gh\azure-sdk-for-net\sdk\batch\Microsoft.Azure.Batch.Conventions.Files\tests\UnitTests\Utilities\FakeBatchServiceClient.cs(34,18): error CS1061: 'FakeBatchServiceClient' does not contain a definition for 'BatchUrl' and no accessible extension method 'BatchUrl' accepting a first argument of type 'FakeBatchServiceClient' could be found (are you missing a using directive or an assembly reference?)
C:\gh\azure-sdk-for-net\sdk\batch\Microsoft.Azure.Batch.Conventions.Files\tests\UnitTests\JobOutputKindUnitTests.cs(37,13): error CS0103: The name 'Assert' does not exist in the current context
C:\gh\azure-sdk-for-net\sdk\batch\Microsoft.Azure.Batch.Conventions.Files\tests\UnitTests\TaskOutputKindUnitTests.cs(37,13): error CS0103: The name 'Assert' does not exist in the current context
C:\gh\azure-sdk-for-net\sdk\batch\Microsoft.Azure.Batch.Conventions.Files\tests\UnitTests\OutputFileReferenceUnitTests.cs(35,28): error CS0103: The name 'Substitute' does not exist in the current context
C:\gh\azure-sdk-for-net\sdk\batch\Microsoft.Azure.Batch.Conventions.Files\tests\UnitTests\OutputFileReferenceUnitTests.cs(35,43): error CS0246: The type or namespace name 'ICloudBlob' could not be found (are you missing a using directive or an assembly reference?)
C:\gh\azure-sdk-for-net\sdk\batch\Microsoft.Azure.Batch.Conventions.Files\tests\UnitTests\OutputFileReferenceUnitTests.cs(38,33): error CS0246: The type or namespace name 'IListBlobItem' could not be found (are you missing a using directive or an assembly reference?)
C:\gh\azure-sdk-for-net\sdk\batch\Microsoft.Azure.Batch.Conventions.Files\tests\UnitTests\OutputFileReferenceUnitTests.cs(38,33): error CS0246: The type or namespace name 'ICloudBlob' could not be found (are you missing a using directive or an assembly reference?)
C:\gh\azure-sdk-for-net\sdk\batch\Microsoft.Azure.Batch.Conventions.Files\tests\UnitTests\OutputFileReferenceUnitTests.cs(40,13): error CS0103: The name 'Assert' does not exist in the current context
C:\gh\azure-sdk-for-net\sdk\batch\Microsoft.Azure.Batch.Conventions.Files\tests\UnitTests\Utilities\UrlUtilsTests.cs(30,22): error CS0103: The name 'Assert' does not exist in the current context
C:\gh\azure-sdk-for-net\sdk\batch\Microsoft.Azure.Batch.Conventions.Files\tests\UnitTests\Utilities\UrlUtilsTests.cs(31,13): error CS0103: The name 'Assert' does not exist in the current context
C:\gh\azure-sdk-for-net\sdk\batch\Microsoft.Azure.Batch.Conventions.Files\tests\UnitTests\JobOutputStorageUnitTests.cs(31,28): error CS0103: The name 'Assert' does not exist in the current context
C:\gh\azure-sdk-for-net\sdk\batch\Microsoft.Azure.Batch.Conventions.Files\tests\UnitTests\JobOutputStorageUnitTests.cs(32,13): error CS0103: The name 'Assert' does not exist in the current context
C:\gh\azure-sdk-for-net\sdk\batch\Microsoft.Azure.Batch.Conventions.Files\tests\UnitTests\Utilities\ContainerNameUtilsTests.cs(38,13): error CS0103: The name 'Assert' does not exist in the current context
C:\gh\azure-sdk-for-net\sdk\batch\Microsoft.Azure.Batch.Conventions.Files\tests\UnitTests\JobOutputKindUnitTests.cs(43,13): error CS0103: The name 'Assert' does not exist in the current context
C:\gh\azure-sdk-for-net\sdk\batch\Microsoft.Azure.Batch.Conventions.Files\tests\UnitTests\CloudTaskExtensionsUnitTests.cs(32,13): error CS0246: The type or namespace name 'CloudTask' could not be found (are you missing a using directive or an assembly reference?)
C:\gh\azure-sdk-for-net\sdk\batch\Microsoft.Azure.Batch.Conventions.Files\tests\UnitTests\CloudTaskExtensionsUnitTests.cs(33,13): error CS0246: The type or namespace name 'CloudStorageAccount' could not be found (are you missing a using directive or an assembly reference?)
C:\gh\azure-sdk-for-net\sdk\batch\Microsoft.Azure.Batch.Conventions.Files\tests\UnitTests\CloudTaskExtensionsUnitTests.cs(33,54): error CS0246: The type or namespace name 'CloudStorageAccount' could not be found (are you missing a using directive or an assembly reference?)
C:\gh\azure-sdk-for-net\sdk\batch\Microsoft.Azure.Batch.Conventions.Files\tests\UnitTests\CloudTaskExtensionsUnitTests.cs(33,78): error CS0246: The type or namespace name 'StorageCredentials' could not be found (are you missing a using directive or an assembly reference?)
C:\gh\azure-sdk-for-net\sdk\batch\Microsoft.Azure.Batch.Conventions.Files\tests\UnitTests\CloudTaskExtensionsUnitTests.cs(34,22): error CS0103: The name 'Assert' does not exist in the current context
C:\gh\azure-sdk-for-net\sdk\batch\Microsoft.Azure.Batch.Conventions.Files\tests\UnitTests\CloudTaskExtensionsUnitTests.cs(35,13): error CS0103: The name 'Assert' does not exist in the current context
C:\gh\azure-sdk-for-net\sdk\batch\Microsoft.Azure.Batch.Conventions.Files\tests\UnitTests\TaskOutputKindUnitTests.cs(43,13): error CS0103: The name 'Assert' does not exist in the current context
C:\gh\azure-sdk-for-net\sdk\batch\Microsoft.Azure.Batch.Conventions.Files\tests\UnitTests\TaskOutputStorageUnitTests.cs(31,28): error CS0103: The name 'Assert' does not exist in the current context
C:\gh\azure-sdk-for-net\sdk\batch\Microsoft.Azure.Batch.Conventions.Files\tests\UnitTests\TaskOutputStorageUnitTests.cs(32,13): error CS0103: The name 'Assert' does not exist in the current context
C:\gh\azure-sdk-for-net\sdk\batch\Microsoft.Azure.Batch.Conventions.Files\tests\UnitTests\CloudJobExtensionsUnitTests.cs(36,13): error CS0246: The type or namespace name 'CloudJob' could not be found (are you missing a using directive or an assembly reference?)
C:\gh\azure-sdk-for-net\sdk\batch\Microsoft.Azure.Batch.Conventions.Files\tests\UnitTests\CloudJobExtensionsUnitTests.cs(37,13): error CS0246: The type or namespace name 'CloudStorageAccount' could not be found (are you missing a using directive or an assembly reference?)
C:\gh\azure-sdk-for-net\sdk\batch\Microsoft.Azure.Batch.Conventions.Files\tests\UnitTests\CloudJobExtensionsUnitTests.cs(37,54): error CS0246: The type or namespace name 'CloudStorageAccount' could not be found (are you missing a using directive or an assembly reference?)
C:\gh\azure-sdk-for-net\sdk\batch\Microsoft.Azure.Batch.Conventions.Files\tests\UnitTests\CloudJobExtensionsUnitTests.cs(37,78): error CS0246: The type or namespace name 'StorageCredentials' could not be found (are you missing a using directive or an assembly reference?)
C:\gh\azure-sdk-for-net\sdk\batch\Microsoft.Azure.Batch.Conventions.Files\tests\UnitTests\CloudJobExtensionsUnitTests.cs(38,22): error CS0103: The name 'Assert' does not exist in the current context
C:\gh\azure-sdk-for-net\sdk\batch\Microsoft.Azure.Batch.Conventions.Files\tests\UnitTests\CloudJobExtensionsUnitTests.cs(39,13): error CS0103: The name 'Assert' does not exist in the current context
C:\gh\azure-sdk-for-net\sdk\batch\Microsoft.Azure.Batch.Conventions.Files\tests\UnitTests\TaskOutputKindUnitTests.cs(49,13): error CS0103: The name 'Assert' does not exist in the current context
C:\gh\azure-sdk-for-net\sdk\batch\Microsoft.Azure.Batch.Conventions.Files\tests\UnitTests\OutputFileReferenceUnitTests.cs(46,28): error CS0103: The name 'Substitute' does not exist in the current context
C:\gh\azure-sdk-for-net\sdk\batch\Microsoft.Azure.Batch.Conventions.Files\tests\UnitTests\OutputFileReferenceUnitTests.cs(46,43): error CS0246: The type or namespace name 'ICloudBlob' could not be found (are you missing a using directive or an assembly reference?)
C:\gh\azure-sdk-for-net\sdk\batch\Microsoft.Azure.Batch.Conventions.Files\tests\UnitTests\OutputFileReferenceUnitTests.cs(49,33): error CS0246: The type or namespace name 'IListBlobItem' could not be found (are you missing a using directive or an assembly reference?)
C:\gh\azure-sdk-for-net\sdk\batch\Microsoft.Azure.Batch.Conventions.Files\tests\UnitTests\OutputFileReferenceUnitTests.cs(49,33): error CS0246: The type or namespace name 'ICloudBlob' could not be found (are you missing a using directive or an assembly reference?)
C:\gh\azure-sdk-for-net\sdk\batch\Microsoft.Azure.Batch.Conventions.Files\tests\UnitTests\OutputFileReferenceUnitTests.cs(51,13): error CS0103: The name 'Assert' does not exist in the current context
C:\gh\azure-sdk-for-net\sdk\batch\Microsoft.Azure.Batch.Conventions.Files\tests\UnitTests\JobOutputKindUnitTests.cs(51,13): error CS0103: The name 'Assert' does not exist in the current context
C:\gh\azure-sdk-for-net\sdk\batch\Microsoft.Azure.Batch.Conventions.Files\tests\UnitTests\Utilities\FakeBatchServiceClient.cs(49,24): error CS0246: The type or namespace name 'HttpResponseMessage' could not be found (are you missing a using directive or an assembly reference?)
C:\gh\azure-sdk-for-net\sdk\batch\Microsoft.Azure.Batch.Conventions.Files\tests\UnitTests\Utilities\FakeBatchServiceClient.cs(52,31): error CS0246: The type or namespace name 'StringContent' could not be found (are you missing a using directive or an assembly reference?)
C:\gh\azure-sdk-for-net\sdk\batch\Microsoft.Azure.Batch.Conventions.Files\tests\UnitTests\Utilities\FakeBatchServiceClient.cs(52,45): error CS0103: The name 'JsonConvert' does not exist in the current context
C:\gh\azure-sdk-for-net\sdk\batch\Microsoft.Azure.Batch.Conventions.Files\tests\UnitTests\Utilities\UrlUtilsTests.cs(37,22): error CS0103: The name 'Assert' does not exist in the current context
C:\gh\azure-sdk-for-net\sdk\batch\Microsoft.Azure.Batch.Conventions.Files\tests\UnitTests\Utilities\UrlUtilsTests.cs(38,13): error CS0103: The name 'Assert' does not exist in the current context
C:\gh\azure-sdk-for-net\sdk\batch\Microsoft.Azure.Batch.Conventions.Files\tests\UnitTests\JobOutputStorageUnitTests.cs(38,28): error CS0103: The name 'Assert' does not exist in the current context
C:\gh\azure-sdk-for-net\sdk\batch\Microsoft.Azure.Batch.Conventions.Files\tests\UnitTests\JobOutputStorageUnitTests.cs(39,13): error CS0103: The name 'Assert' does not exist in the current context
C:\gh\azure-sdk-for-net\sdk\batch\Microsoft.Azure.Batch.Conventions.Files\tests\UnitTests\TaskOutputKindUnitTests.cs(55,13): error CS0103: The name 'Assert' does not exist in the current context
C:\gh\azure-sdk-for-net\sdk\batch\Microsoft.Azure.Batch.Conventions.Files\tests\UnitTests\TaskOutputStorageUnitTests.cs(38,28): error CS0103: The name 'Assert' does not exist in the current context
C:\gh\azure-sdk-for-net\sdk\batch\Microsoft.Azure.Batch.Conventions.Files\tests\UnitTests\TaskOutputStorageUnitTests.cs(39,13): error CS0103: The name 'Assert' does not exist in the current context
C:\gh\azure-sdk-for-net\sdk\batch\Microsoft.Azure.Batch.Conventions.Files\tests\UnitTests\Utilities\ContainerNameUtilsTests.cs(45,13): error CS0103: The name 'Assert' does not exist in the current context
C:\gh\azure-sdk-for-net\sdk\batch\Microsoft.Azure.Batch.Conventions.Files\tests\UnitTests\Utilities\ContainerNameUtilsTests.cs(46,23): error CS0103: The name 'Assert' does not exist in the current context
C:\gh\azure-sdk-for-net\sdk\batch\Microsoft.Azure.Batch.Conventions.Files\tests\UnitTests\JobOutputKindUnitTests.cs(59,13): error CS0103: The name 'Assert' does not exist in the current context
C:\gh\azure-sdk-for-net\sdk\batch\Microsoft.Azure.Batch.Conventions.Files\tests\UnitTests\OutputFileReferenceUnitTests.cs(57,28): error CS0103: The name 'Substitute' does not exist in the current context
C:\gh\azure-sdk-for-net\sdk\batch\Microsoft.Azure.Batch.Conventions.Files\tests\UnitTests\OutputFileReferenceUnitTests.cs(57,43): error CS0246: The type or namespace name 'ICloudBlob' could not be found (are you missing a using directive or an assembly reference?)
C:\gh\azure-sdk-for-net\sdk\batch\Microsoft.Azure.Batch.Conventions.Files\tests\UnitTests\OutputFileReferenceUnitTests.cs(60,33): error CS0246: The type or namespace name 'IListBlobItem' could not be found (are you missing a using directive or an assembly reference?)
C:\gh\azure-sdk-for-net\sdk\batch\Microsoft.Azure.Batch.Conventions.Files\tests\UnitTests\OutputFileReferenceUnitTests.cs(60,33): error CS0246: The type or namespace name 'ICloudBlob' could not be found (are you missing a using directive or an assembly reference?)
C:\gh\azure-sdk-for-net\sdk\batch\Microsoft.Azure.Batch.Conventions.Files\tests\UnitTests\OutputFileReferenceUnitTests.cs(62,13): error CS0103: The name 'Assert' does not exist in the current context
C:\gh\azure-sdk-for-net\sdk\batch\Microsoft.Azure.Batch.Conventions.Files\tests\UnitTests\Utilities\UrlUtilsTests.cs(44,22): error CS0103: The name 'Assert' does not exist in the current context
C:\gh\azure-sdk-for-net\sdk\batch\Microsoft.Azure.Batch.Conventions.Files\tests\UnitTests\Utilities\UrlUtilsTests.cs(45,13): error CS0103: The name 'Assert' does not exist in the current context
C:\gh\azure-sdk-for-net\sdk\batch\Microsoft.Azure.Batch.Conventions.Files\tests\UnitTests\TaskOutputKindUnitTests.cs(63,13): error CS0103: The name 'Assert' does not exist in the current context
C:\gh\azure-sdk-for-net\sdk\batch\Microsoft.Azure.Batch.Conventions.Files\tests\UnitTests\JobOutputStorageUnitTests.cs(45,28): error CS0103: The name 'Assert' does not exist in the current context
C:\gh\azure-sdk-for-net\sdk\batch\Microsoft.Azure.Batch.Conventions.Files\tests\UnitTests\JobOutputStorageUnitTests.cs(46,13): error CS0103: The name 'Assert' does not exist in the current context
C:\gh\azure-sdk-for-net\sdk\batch\Microsoft.Azure.Batch.Conventions.Files\tests\UnitTests\TaskOutputStorageUnitTests.cs(45,28): error CS0103: The name 'Assert' does not exist in the current context
C:\gh\azure-sdk-for-net\sdk\batch\Microsoft.Azure.Batch.Conventions.Files\tests\UnitTests\TaskOutputStorageUnitTests.cs(46,13): error CS0103: The name 'Assert' does not exist in the current context
C:\gh\azure-sdk-for-net\sdk\batch\Microsoft.Azure.Batch.Conventions.Files\tests\UnitTests\JobOutputKindUnitTests.cs(66,13): error CS0103: The name 'Assert' does not exist in the current context
C:\gh\azure-sdk-for-net\sdk\batch\Microsoft.Azure.Batch.Conventions.Files\tests\UnitTests\CloudTaskExtensionsUnitTests.cs(41,42): error CS0234: The type or namespace name 'Protocol' does not exist in the namespace 'Microsoft.Azure.Batch' (are you missing an assembly reference?)
C:\gh\azure-sdk-for-net\sdk\batch\Microsoft.Azure.Batch.Conventions.Files\tests\UnitTests\CloudTaskExtensionsUnitTests.cs(47,38): error CS0103: The name 'BatchClient' does not exist in the current context
C:\gh\azure-sdk-for-net\sdk\batch\Microsoft.Azure.Batch.Conventions.Files\tests\UnitTests\CloudTaskExtensionsUnitTests.cs(49,17): error CS0246: The type or namespace name 'CloudTask' could not be found (are you missing a using directive or an assembly reference?)
C:\gh\azure-sdk-for-net\sdk\batch\Microsoft.Azure.Batch.Conventions.Files\tests\UnitTests\CloudTaskExtensionsUnitTests.cs(50,17): error CS0246: The type or namespace name 'CloudStorageAccount' could not be found (are you missing a using directive or an assembly reference?)
C:\gh\azure-sdk-for-net\sdk\batch\Microsoft.Azure.Batch.Conventions.Files\tests\UnitTests\CloudTaskExtensionsUnitTests.cs(51,26): error CS0103: The name 'Assert' does not exist in the current context
C:\gh\azure-sdk-for-net\sdk\batch\Microsoft.Azure.Batch.Conventions.Files\tests\UnitTests\CloudTaskExtensionsUnitTests.cs(52,17): error CS0103: The name 'Assert' does not exist in the current context
C:\gh\azure-sdk-for-net\sdk\batch\Microsoft.Azure.Batch.Conventions.Files\tests\UnitTests\TaskOutputKindUnitTests.cs(71,13): error CS0103: The name 'Assert' does not exist in the current context
C:\gh\azure-sdk-for-net\sdk\batch\Microsoft.Azure.Batch.Conventions.Files\tests\UnitTests\OutputFileReferenceUnitTests.cs(68,28): error CS0103: The name 'Substitute' does not exist in the current context
C:\gh\azure-sdk-for-net\sdk\batch\Microsoft.Azure.Batch.Conventions.Files\tests\UnitTests\OutputFileReferenceUnitTests.cs(68,43): error CS0246: The type or namespace name 'ICloudBlob' could not be found (are you missing a using directive or an assembly reference?)
C:\gh\azure-sdk-for-net\sdk\batch\Microsoft.Azure.Batch.Conventions.Files\tests\UnitTests\OutputFileReferenceUnitTests.cs(71,33): error CS0246: The type or namespace name 'IListBlobItem' could not be found (are you missing a using directive or an assembly reference?)
C:\gh\azure-sdk-for-net\sdk\batch\Microsoft.Azure.Batch.Conventions.Files\tests\UnitTests\OutputFileReferenceUnitTests.cs(71,33): error CS0246: The type or namespace name 'ICloudBlob' could not be found (are you missing a using directive or an assembly reference?)
C:\gh\azure-sdk-for-net\sdk\batch\Microsoft.Azure.Batch.Conventions.Files\tests\UnitTests\OutputFileReferenceUnitTests.cs(73,13): error CS0103: The name 'Assert' does not exist in the current context
C:\gh\azure-sdk-for-net\sdk\batch\Microsoft.Azure.Batch.Conventions.Files\tests\UnitTests\JobOutputStorageUnitTests.cs(61,28): error CS0103: The name 'Assert' does not exist in the current context
C:\gh\azure-sdk-for-net\sdk\batch\Microsoft.Azure.Batch.Conventions.Files\tests\UnitTests\JobOutputStorageUnitTests.cs(62,13): error CS0103: The name 'Assert' does not exist in the current context
C:\gh\azure-sdk-for-net\sdk\batch\Microsoft.Azure.Batch.Conventions.Files\tests\UnitTests\Utilities\UrlUtilsTests.cs(51,22): error CS0103: The name 'Assert' does not exist in the current context
C:\gh\azure-sdk-for-net\sdk\batch\Microsoft.Azure.Batch.Conventions.Files\tests\UnitTests\Utilities\UrlUtilsTests.cs(52,13): error CS0103: The name 'Assert' does not exist in the current context
C:\gh\azure-sdk-for-net\sdk\batch\Microsoft.Azure.Batch.Conventions.Files\tests\UnitTests\TaskOutputStorageUnitTests.cs(60,28): error CS0103: The name 'Assert' does not exist in the current context
C:\gh\azure-sdk-for-net\sdk\batch\Microsoft.Azure.Batch.Conventions.Files\tests\UnitTests\TaskOutputStorageUnitTests.cs(61,13): error CS0103: The name 'Assert' does not exist in the current context
C:\gh\azure-sdk-for-net\sdk\batch\Microsoft.Azure.Batch.Conventions.Files\tests\UnitTests\CloudJobExtensionsUnitTests.cs(45,38): error CS0103: The name 'BatchClient' does not exist in the current context
C:\gh\azure-sdk-for-net\sdk\batch\Microsoft.Azure.Batch.Conventions.Files\tests\UnitTests\CloudJobExtensionsUnitTests.cs(47,17): error CS0246: The type or namespace name 'CloudJob' could not be found (are you missing a using directive or an assembly reference?)
C:\gh\azure-sdk-for-net\sdk\batch\Microsoft.Azure.Batch.Conventions.Files\tests\UnitTests\CloudJobExtensionsUnitTests.cs(49,17): error CS0246: The type or namespace name 'CloudStorageAccount' could not be found (are you missing a using directive or an assembly reference?)
C:\gh\azure-sdk-for-net\sdk\batch\Microsoft.Azure.Batch.Conventions.Files\tests\UnitTests\CloudJobExtensionsUnitTests.cs(50,26): error CS0103: The name 'Assert' does not exist in the current context
C:\gh\azure-sdk-for-net\sdk\batch\Microsoft.Azure.Batch.Conventions.Files\tests\UnitTests\CloudJobExtensionsUnitTests.cs(51,17): error CS0103: The name 'Assert' does not exist in the current context
C:\gh\azure-sdk-for-net\sdk\batch\Microsoft.Azure.Batch.Conventions.Files\tests\UnitTests\OutputFileReferenceUnitTests.cs(79,28): error CS0103: The name 'Substitute' does not exist in the current context
C:\gh\azure-sdk-for-net\sdk\batch\Microsoft.Azure.Batch.Conventions.Files\tests\UnitTests\OutputFileReferenceUnitTests.cs(79,43): error CS0246: The type or namespace name 'ICloudBlob' could not be found (are you missing a using directive or an assembly reference?)
C:\gh\azure-sdk-for-net\sdk\batch\Microsoft.Azure.Batch.Conventions.Files\tests\UnitTests\OutputFileReferenceUnitTests.cs(81,33): error CS0246: The type or namespace name 'IListBlobItem' could not be found (are you missing a using directive or an assembly reference?)
C:\gh\azure-sdk-for-net\sdk\batch\Microsoft.Azure.Batch.Conventions.Files\tests\UnitTests\OutputFileReferenceUnitTests.cs(81,33): error CS0246: The type or namespace name 'ICloudBlob' could not be found (are you missing a using directive or an assembly reference?)
C:\gh\azure-sdk-for-net\sdk\batch\Microsoft.Azure.Batch.Conventions.Files\tests\UnitTests\OutputFileReferenceUnitTests.cs(83,13): error CS0103: The name 'Assert' does not exist in the current context
C:\gh\azure-sdk-for-net\sdk\batch\Microsoft.Azure.Batch.Conventions.Files\tests\UnitTests\OutputFileReferenceUnitTests.cs(83,46): error CS0246: The type or namespace name 'ICloudBlob' could not be found (are you missing a using directive or an assembly reference?)
C:\gh\azure-sdk-for-net\sdk\batch\Microsoft.Azure.Batch.Conventions.Files\tests\UnitTests\TaskOutputKindUnitTests.cs(78,13): error CS0103: The name 'Assert' does not exist in the current context
C:\gh\azure-sdk-for-net\sdk\batch\Microsoft.Azure.Batch.Conventions.Files\tests\UnitTests\Utilities\UrlUtilsTests.cs(58,22): error CS0103: The name 'Assert' does not exist in the current context
C:\gh\azure-sdk-for-net\sdk\batch\Microsoft.Azure.Batch.Conventions.Files\tests\UnitTests\Utilities\UrlUtilsTests.cs(59,13): error CS0103: The name 'Assert' does not exist in the current context
C:\gh\azure-sdk-for-net\sdk\batch\Microsoft.Azure.Batch.Conventions.Files\tests\UnitTests\JobOutputStorageUnitTests.cs(68,28): error CS0103: The name 'Assert' does not exist in the current context
C:\gh\azure-sdk-for-net\sdk\batch\Microsoft.Azure.Batch.Conventions.Files\tests\UnitTests\JobOutputStorageUnitTests.cs(69,13): error CS0103: The name 'Assert' does not exist in the current context
C:\gh\azure-sdk-for-net\sdk\batch\Microsoft.Azure.Batch.Conventions.Files\tests\UnitTests\TaskOutputStorageUnitTests.cs(67,28): error CS0103: The name 'Assert' does not exist in the current context
C:\gh\azure-sdk-for-net\sdk\batch\Microsoft.Azure.Batch.Conventions.Files\tests\UnitTests\TaskOutputStorageUnitTests.cs(68,13): error CS0103: The name 'Assert' does not exist in the current context
C:\gh\azure-sdk-for-net\sdk\batch\Microsoft.Azure.Batch.Conventions.Files\tests\UnitTests\JobOutputKindUnitTests.cs(74,13): error CS0103: The name 'Assert' does not exist in the current context
C:\gh\azure-sdk-for-net\sdk\batch\Microsoft.Azure.Batch.Conventions.Files\tests\UnitTests\TaskOutputKindUnitTests.cs(86,13): error CS0103: The name 'Assert' does not exist in the current context
C:\gh\azure-sdk-for-net\sdk\batch\Microsoft.Azure.Batch.Conventions.Files\tests\UnitTests\Utilities\ContainerNameUtilsTests.cs(62,13): error CS0103: The name 'Assert' does not exist in the current context
C:\gh\azure-sdk-for-net\sdk\batch\Microsoft.Azure.Batch.Conventions.Files\tests\UnitTests\Utilities\ContainerNameUtilsTests.cs(63,22): error CS0103: The name 'Assert' does not exist in the current context
C:\gh\azure-sdk-for-net\sdk\batch\Microsoft.Azure.Batch.Conventions.Files\tests\UnitTests\OutputFileReferenceUnitTests.cs(89,28): error CS0103: The name 'Substitute' does not exist in the current context
C:\gh\azure-sdk-for-net\sdk\batch\Microsoft.Azure.Batch.Conventions.Files\tests\UnitTests\OutputFileReferenceUnitTests.cs(89,43): error CS0246: The type or namespace name 'ICloudBlob' could not be found (are you missing a using directive or an assembly reference?)
C:\gh\azure-sdk-for-net\sdk\batch\Microsoft.Azure.Batch.Conventions.Files\tests\UnitTests\OutputFileReferenceUnitTests.cs(91,33): error CS0246: The type or namespace name 'IListBlobItem' could not be found (are you missing a using directive or an assembly reference?)
C:\gh\azure-sdk-for-net\sdk\batch\Microsoft.Azure.Batch.Conventions.Files\tests\UnitTests\OutputFileReferenceUnitTests.cs(91,33): error CS0246: The type or namespace name 'ICloudBlob' could not be found (are you missing a using directive or an assembly reference?)
C:\gh\azure-sdk-for-net\sdk\batch\Microsoft.Azure.Batch.Conventions.Files\tests\UnitTests\CloudJobExtensionsUnitTests.cs(58,13): error CS0246: The type or namespace name 'CloudJob' could not be found (are you missing a using directive or an assembly reference?)
C:\gh\azure-sdk-for-net\sdk\batch\Microsoft.Azure.Batch.Conventions.Files\tests\UnitTests\CloudJobExtensionsUnitTests.cs(59,13): error CS0246: The type or namespace name 'CloudStorageAccount' could not be found (are you missing a using directive or an assembly reference?)
C:\gh\azure-sdk-for-net\sdk\batch\Microsoft.Azure.Batch.Conventions.Files\tests\UnitTests\CloudJobExtensionsUnitTests.cs(59,54): error CS0246: The type or namespace name 'CloudStorageAccount' could not be found (are you missing a using directive or an assembly reference?)
C:\gh\azure-sdk-for-net\sdk\batch\Microsoft.Azure.Batch.Conventions.Files\tests\UnitTests\CloudJobExtensionsUnitTests.cs(59,78): error CS0246: The type or namespace name 'StorageCredentials' could not be found (are you missing a using directive or an assembly reference?)
C:\gh\azure-sdk-for-net\sdk\batch\Microsoft.Azure.Batch.Conventions.Files\tests\UnitTests\CloudJobExtensionsUnitTests.cs(60,28): error CS0103: The name 'Assert' does not exist in the current context
C:\gh\azure-sdk-for-net\sdk\batch\Microsoft.Azure.Batch.Conventions.Files\tests\UnitTests\CloudJobExtensionsUnitTests.cs(61,13): error CS0103: The name 'Assert' does not exist in the current context
C:\gh\azure-sdk-for-net\sdk\batch\Microsoft.Azure.Batch.Conventions.Files\tests\UnitTests\JobOutputKindUnitTests.cs(82,13): error CS0103: The name 'Assert' does not exist in the current context
C:\gh\azure-sdk-for-net\sdk\batch\Microsoft.Azure.Batch.Conventions.Files\tests\UnitTests\Utilities\UrlUtilsTests.cs(65,22): error CS0103: The name 'Assert' does not exist in the current context
C:\gh\azure-sdk-for-net\sdk\batch\Microsoft.Azure.Batch.Conventions.Files\tests\UnitTests\Utilities\UrlUtilsTests.cs(66,13): error CS0103: The name 'Assert' does not exist in the current context
C:\gh\azure-sdk-for-net\sdk\batch\Microsoft.Azure.Batch.Conventions.Files\tests\UnitTests\TaskOutputKindUnitTests.cs(94,13): error CS0103: The name 'Assert' does not exist in the current context
C:\gh\azure-sdk-for-net\sdk\batch\Microsoft.Azure.Batch.Conventions.Files\tests\UnitTests\Utilities\ContainerNameUtilsTests.cs(70,13): error CS0103: The name 'Assert' does not exist in the current context
C:\gh\azure-sdk-for-net\sdk\batch\Microsoft.Azure.Batch.Conventions.Files\tests\UnitTests\TaskOutputStorageUnitTests.cs(74,28): error CS0103: The name 'Assert' does not exist in the current context
C:\gh\azure-sdk-for-net\sdk\batch\Microsoft.Azure.Batch.Conventions.Files\tests\UnitTests\TaskOutputStorageUnitTests.cs(75,13): error CS0103: The name 'Assert' does not exist in the current context
C:\gh\azure-sdk-for-net\sdk\batch\Microsoft.Azure.Batch.Conventions.Files\tests\UnitTests\JobOutputStorageUnitTests.cs(75,28): error CS0103: The name 'Assert' does not exist in the current context
C:\gh\azure-sdk-for-net\sdk\batch\Microsoft.Azure.Batch.Conventions.Files\tests\UnitTests\JobOutputStorageUnitTests.cs(76,13): error CS0103: The name 'Assert' does not exist in the current context
C:\gh\azure-sdk-for-net\sdk\batch\Microsoft.Azure.Batch.Conventions.Files\tests\UnitTests\JobOutputKindUnitTests.cs(89,13): error CS0103: The name 'Assert' does not exist in the current context
C:\gh\azure-sdk-for-net\sdk\batch\Microsoft.Azure.Batch.Conventions.Files\tests\UnitTests\Utilities\UrlUtilsTests.cs(73,13): error CS0103: The name 'Assert' does not exist in the current context
C:\gh\azure-sdk-for-net\sdk\batch\Microsoft.Azure.Batch.Conventions.Files\tests\UnitTests\TaskOutputKindUnitTests.cs(101,13): error CS0103: The name 'Assert' does not exist in the current context
C:\gh\azure-sdk-for-net\sdk\batch\Microsoft.Azure.Batch.Conventions.Files\tests\UnitTests\OutputFileReferenceUnitTests.cs(101,28): error CS0103: The name 'Substitute' does not exist in the current context
C:\gh\azure-sdk-for-net\sdk\batch\Microsoft.Azure.Batch.Conventions.Files\tests\UnitTests\OutputFileReferenceUnitTests.cs(101,43): error CS0246: The type or namespace name 'ICloudBlob' could not be found (are you missing a using directive or an assembly reference?)
C:\gh\azure-sdk-for-net\sdk\batch\Microsoft.Azure.Batch.Conventions.Files\tests\UnitTests\OutputFileReferenceUnitTests.cs(103,33): error CS0246: The type or namespace name 'IListBlobItem' could not be found (are you missing a using directive or an assembly reference?)
C:\gh\azure-sdk-for-net\sdk\batch\Microsoft.Azure.Batch.Conventions.Files\tests\UnitTests\OutputFileReferenceUnitTests.cs(103,33): error CS0246: The type or namespace name 'ICloudBlob' could not be found (are you missing a using directive or an assembly reference?)
C:\gh\azure-sdk-for-net\sdk\batch\Microsoft.Azure.Batch.Conventions.Files\tests\UnitTests\CloudTaskExtensionsUnitTests.cs(60,28): error CS0246: The type or namespace name 'CloudTask' could not be found (are you missing a using directive or an assembly reference?)
C:\gh\azure-sdk-for-net\sdk\batch\Microsoft.Azure.Batch.Conventions.Files\tests\UnitTests\CloudTaskExtensionsUnitTests.cs(62,31): error CS0246: The type or namespace name 'CloudJob' could not be found (are you missing a using directive or an assembly reference?)
C:\gh\azure-sdk-for-net\sdk\batch\Microsoft.Azure.Batch.Conventions.Files\tests\UnitTests\CloudTaskExtensionsUnitTests.cs(62,31): error CS0246: The type or namespace name 'CloudTask' could not be found (are you missing a using directive or an assembly reference?)
C:\gh\azure-sdk-for-net\sdk\batch\Microsoft.Azure.Batch.Conventions.Files\tests\UnitTests\CloudTaskExtensionsUnitTests.cs(63,13): error CS0103: The name 'Assert' does not exist in the current context
C:\gh\azure-sdk-for-net\sdk\batch\Microsoft.Azure.Batch.Conventions.Files\tests\UnitTests\CloudTaskExtensionsUnitTests.cs(65,27): error CS0246: The type or namespace name 'CloudJob' could not be found (are you missing a using directive or an assembly reference?)
C:\gh\azure-sdk-for-net\sdk\batch\Microsoft.Azure.Batch.Conventions.Files\tests\UnitTests\CloudTaskExtensionsUnitTests.cs(65,27): error CS0246: The type or namespace name 'CloudTask' could not be found (are you missing a using directive or an assembly reference?)
C:\gh\azure-sdk-for-net\sdk\batch\Microsoft.Azure.Batch.Conventions.Files\tests\UnitTests\CloudTaskExtensionsUnitTests.cs(66,13): error CS0103: The name 'Assert' does not exist in the current context
C:\gh\azure-sdk-for-net\sdk\batch\Microsoft.Azure.Batch.Conventions.Files\tests\UnitTests\CloudTaskExtensionsUnitTests.cs(68,27): error CS0246: The type or namespace name 'CloudJob' could not be found (are you missing a using directive or an assembly reference?)
C:\gh\azure-sdk-for-net\sdk\batch\Microsoft.Azure.Batch.Conventions.Files\tests\UnitTests\CloudTaskExtensionsUnitTests.cs(68,27): error CS0246: The type or namespace name 'CloudTask' could not be found (are you missing a using directive or an assembly reference?)
C:\gh\azure-sdk-for-net\sdk\batch\Microsoft.Azure.Batch.Conventions.Files\tests\UnitTests\CloudTaskExtensionsUnitTests.cs(69,13): error CS0103: The name 'Assert' does not exist in the current context
C:\gh\azure-sdk-for-net\sdk\batch\Microsoft.Azure.Batch.Conventions.Files\tests\UnitTests\CloudTaskExtensionsUnitTests.cs(71,27): error CS0246: The type or namespace name 'CloudJob' could not be found (are you missing a using directive or an assembly reference?)
C:\gh\azure-sdk-for-net\sdk\batch\Microsoft.Azure.Batch.Conventions.Files\tests\UnitTests\CloudTaskExtensionsUnitTests.cs(71,27): error CS0246: The type or namespace name 'CloudTask' could not be found (are you missing a using directive or an assembly reference?)
C:\gh\azure-sdk-for-net\sdk\batch\Microsoft.Azure.Batch.Conventions.Files\tests\UnitTests\CloudTaskExtensionsUnitTests.cs(72,13): error CS0103: The name 'Assert' does not exist in the current context
C:\gh\azure-sdk-for-net\sdk\batch\Microsoft.Azure.Batch.Conventions.Files\tests\UnitTests\Utilities\UrlUtilsTests.cs(80,13): error CS0103: The name 'Assert' does not exist in the current context
C:\gh\azure-sdk-for-net\sdk\batch\Microsoft.Azure.Batch.Conventions.Files\tests\UnitTests\JobOutputKindUnitTests.cs(97,13): error CS0103: The name 'Assert' does not exist in the current context
C:\gh\azure-sdk-for-net\sdk\batch\Microsoft.Azure.Batch.Conventions.Files\tests\UnitTests\TaskOutputKindUnitTests.cs(109,13): error CS0103: The name 'Assert' does not exist in the current context
C:\gh\azure-sdk-for-net\sdk\batch\Microsoft.Azure.Batch.Conventions.Files\tests\UnitTests\TaskOutputStorageUnitTests.cs(81,28): error CS0103: The name 'Assert' does not exist in the current context
C:\gh\azure-sdk-for-net\sdk\batch\Microsoft.Azure.Batch.Conventions.Files\tests\UnitTests\TaskOutputStorageUnitTests.cs(82,13): error CS0103: The name 'Assert' does not exist in the current context
C:\gh\azure-sdk-for-net\sdk\batch\Microsoft.Azure.Batch.Conventions.Files\tests\UnitTests\Utilities\UrlUtilsTests.cs(87,13): error CS0103: The name 'Assert' does not exist in the current context
C:\gh\azure-sdk-for-net\sdk\batch\Microsoft.Azure.Batch.Conventions.Files\tests\UnitTests\CloudJobExtensionsUnitTests.cs(67,38): error CS0103: The name 'BatchClient' does not exist in the current context
C:\gh\azure-sdk-for-net\sdk\batch\Microsoft.Azure.Batch.Conventions.Files\tests\UnitTests\CloudJobExtensionsUnitTests.cs(69,17): error CS0246: The type or namespace name 'CloudJob' could not be found (are you missing a using directive or an assembly reference?)
C:\gh\azure-sdk-for-net\sdk\batch\Microsoft.Azure.Batch.Conventions.Files\tests\UnitTests\CloudJobExtensionsUnitTests.cs(71,43): error CS0246: The type or namespace name 'CloudJob' could not be found (are you missing a using directive or an assembly reference?)
C:\gh\azure-sdk-for-net\sdk\batch\Microsoft.Azure.Batch.Conventions.Files\tests\UnitTests\CloudJobExtensionsUnitTests.cs(73,17): error CS0103: The name 'Assert' does not exist in the current context
C:\gh\azure-sdk-for-net\sdk\batch\Microsoft.Azure.Batch.Conventions.Files\tests\UnitTests\JobOutputStorageUnitTests.cs(82,28): error CS0103: The name 'Assert' does not exist in the current context
C:\gh\azure-sdk-for-net\sdk\batch\Microsoft.Azure.Batch.Conventions.Files\tests\UnitTests\JobOutputStorageUnitTests.cs(83,13): error CS0103: The name 'Assert' does not exist in the current context
C:\gh\azure-sdk-for-net\sdk\batch\Microsoft.Azure.Batch.Conventions.Files\tests\UnitTests\JobOutputKindUnitTests.cs(105,13): error CS0103: The name 'Assert' does not exist in the current context
C:\gh\azure-sdk-for-net\sdk\batch\Microsoft.Azure.Batch.Conventions.Files\tests\UnitTests\Utilities\ContainerNameUtilsTests.cs(77,13): error CS0103: The name 'Assert' does not exist in the current context
C:\gh\azure-sdk-for-net\sdk\batch\Microsoft.Azure.Batch.Conventions.Files\tests\UnitTests\Utilities\ContainerNameUtilsTests.cs(78,23): error CS0103: The name 'Assert' does not exist in the current context
C:\gh\azure-sdk-for-net\sdk\batch\Microsoft.Azure.Batch.Conventions.Files\tests\UnitTests\Utilities\UrlUtilsTests.cs(94,13): error CS0103: The name 'Assert' does not exist in the current context
C:\gh\azure-sdk-for-net\sdk\batch\Microsoft.Azure.Batch.Conventions.Files\tests\UnitTests\TaskOutputKindUnitTests.cs(117,13): error CS0103: The name 'Assert' does not exist in the current context
C:\gh\azure-sdk-for-net\sdk\batch\Microsoft.Azure.Batch.Conventions.Files\tests\UnitTests\OutputFileReferenceUnitTests.cs(114,28): error CS0103: The name 'Substitute' does not exist in the current context
C:\gh\azure-sdk-for-net\sdk\batch\Microsoft.Azure.Batch.Conventions.Files\tests\UnitTests\OutputFileReferenceUnitTests.cs(114,43): error CS0246: The type or namespace name 'ICloudBlob' could not be found (are you missing a using directive or an assembly reference?)
C:\gh\azure-sdk-for-net\sdk\batch\Microsoft.Azure.Batch.Conventions.Files\tests\UnitTests\OutputFileReferenceUnitTests.cs(116,33): error CS0246: The type or namespace name 'IListBlobItem' could not be found (are you missing a using directive or an assembly reference?)
C:\gh\azure-sdk-for-net\sdk\batch\Microsoft.Azure.Batch.Conventions.Files\tests\UnitTests\OutputFileReferenceUnitTests.cs(116,33): error CS0246: The type or namespace name 'ICloudBlob' could not be found (are you missing a using directive or an assembly reference?)
C:\gh\azure-sdk-for-net\sdk\batch\Microsoft.Azure.Batch.Conventions.Files\tests\UnitTests\Utilities\ContainerNameUtilsTests.cs(85,13): error CS0103: The name 'Assert' does not exist in the current context
C:\gh\azure-sdk-for-net\sdk\batch\Microsoft.Azure.Batch.Conventions.Files\tests\UnitTests\TaskOutputStorageUnitTests.cs(88,28): error CS0103: The name 'Assert' does not exist in the current context
C:\gh\azure-sdk-for-net\sdk\batch\Microsoft.Azure.Batch.Conventions.Files\tests\UnitTests\TaskOutputStorageUnitTests.cs(89,13): error CS0103: The name 'Assert' does not exist in the current context
C:\gh\azure-sdk-for-net\sdk\batch\Microsoft.Azure.Batch.Conventions.Files\tests\UnitTests\TaskOutputKindUnitTests.cs(124,13): error CS0103: The name 'Assert' does not exist in the current context
C:\gh\azure-sdk-for-net\sdk\batch\Microsoft.Azure.Batch.Conventions.Files\tests\UnitTests\JobOutputKindUnitTests.cs(112,13): error CS0103: The name 'Assert' does not exist in the current context
C:\gh\azure-sdk-for-net\sdk\batch\Microsoft.Azure.Batch.Conventions.Files\tests\UnitTests\CloudJobExtensionsUnitTests.cs(80,13): error CS0246: The type or namespace name 'CloudJob' could not be found (are you missing a using directive or an assembly reference?)
C:\gh\azure-sdk-for-net\sdk\batch\Microsoft.Azure.Batch.Conventions.Files\tests\UnitTests\CloudJobExtensionsUnitTests.cs(81,22): error CS0103: The name 'Assert' does not exist in the current context
C:\gh\azure-sdk-for-net\sdk\batch\Microsoft.Azure.Batch.Conventions.Files\tests\UnitTests\CloudJobExtensionsUnitTests.cs(82,13): error CS0103: The name 'Assert' does not exist in the current context
C:\gh\azure-sdk-for-net\sdk\batch\Microsoft.Azure.Batch.Conventions.Files\tests\UnitTests\TaskOutputKindUnitTests.cs(131,13): error CS0103: The name 'Assert' does not exist in the current context
C:\gh\azure-sdk-for-net\sdk\batch\Microsoft.Azure.Batch.Conventions.Files\tests\UnitTests\Utilities\ContainerNameUtilsTests.cs(92,13): error CS0103: The name 'Assert' does not exist in the current context
C:\gh\azure-sdk-for-net\sdk\batch\Microsoft.Azure.Batch.Conventions.Files\tests\UnitTests\JobOutputStorageUnitTests.cs(89,28): error CS0103: The name 'Assert' does not exist in the current context
C:\gh\azure-sdk-for-net\sdk\batch\Microsoft.Azure.Batch.Conventions.Files\tests\UnitTests\JobOutputStorageUnitTests.cs(90,13): error CS0103: The name 'Assert' does not exist in the current context
C:\gh\azure-sdk-for-net\sdk\batch\Microsoft.Azure.Batch.Conventions.Files\tests\UnitTests\TaskOutputStorageUnitTests.cs(95,28): error CS0103: The name 'Assert' does not exist in the current context
C:\gh\azure-sdk-for-net\sdk\batch\Microsoft.Azure.Batch.Conventions.Files\tests\UnitTests\TaskOutputStorageUnitTests.cs(96,13): error CS0103: The name 'Assert' does not exist in the current context
C:\gh\azure-sdk-for-net\sdk\batch\Microsoft.Azure.Batch.Conventions.Files\tests\UnitTests\OutputFileReferenceUnitTests.cs(126,28): error CS0103: The name 'Substitute' does not exist in the current context
C:\gh\azure-sdk-for-net\sdk\batch\Microsoft.Azure.Batch.Conventions.Files\tests\UnitTests\OutputFileReferenceUnitTests.cs(126,43): error CS0246: The type or namespace name 'ICloudBlob' could not be found (are you missing a using directive or an assembly reference?)
C:\gh\azure-sdk-for-net\sdk\batch\Microsoft.Azure.Batch.Conventions.Files\tests\UnitTests\OutputFileReferenceUnitTests.cs(128,33): error CS0246: The type or namespace name 'IListBlobItem' could not be found (are you missing a using directive or an assembly reference?)
C:\gh\azure-sdk-for-net\sdk\batch\Microsoft.Azure.Batch.Conventions.Files\tests\UnitTests\OutputFileReferenceUnitTests.cs(128,33): error CS0246: The type or namespace name 'ICloudBlob' could not be found (are you missing a using directive or an assembly reference?)
C:\gh\azure-sdk-for-net\sdk\batch\Microsoft.Azure.Batch.Conventions.Files\tests\UnitTests\JobOutputKindUnitTests.cs(119,13): error CS0103: The name 'Assert' does not exist in the current context
C:\gh\azure-sdk-for-net\sdk\batch\Microsoft.Azure.Batch.Conventions.Files\tests\UnitTests\Utilities\ContainerNameUtilsTests.cs(102,13): error CS0103: The name 'Assert' does not exist in the current context
C:\gh\azure-sdk-for-net\sdk\batch\Microsoft.Azure.Batch.Conventions.Files\tests\UnitTests\TaskOutputKindUnitTests.cs(139,13): error CS0103: The name 'Assert' does not exist in the current context
C:\gh\azure-sdk-for-net\sdk\batch\Microsoft.Azure.Batch.Conventions.Files\tests\UnitTests\Utilities\ContainerNameUtilsTests.cs(116,13): error CS0103: The name 'Assert' does not exist in the current context
C:\gh\azure-sdk-for-net\sdk\batch\Microsoft.Azure.Batch.Conventions.Files\tests\UnitTests\JobOutputKindUnitTests.cs(127,13): error CS0103: The name 'Assert' does not exist in the current context
C:\gh\azure-sdk-for-net\sdk\batch\Microsoft.Azure.Batch.Conventions.Files\tests\UnitTests\OutputFileReferenceUnitTests.cs(141,28): error CS0103: The name 'Substitute' does not exist in the current context
C:\gh\azure-sdk-for-net\sdk\batch\Microsoft.Azure.Batch.Conventions.Files\tests\UnitTests\OutputFileReferenceUnitTests.cs(141,43): error CS0246: The type or namespace name 'ICloudBlob' could not be found (are you missing a using directive or an assembly reference?)
C:\gh\azure-sdk-for-net\sdk\batch\Microsoft.Azure.Batch.Conventions.Files\tests\UnitTests\OutputFileReferenceUnitTests.cs(143,33): error CS0246: The type or namespace name 'IListBlobItem' could not be found (are you missing a using directive or an assembly reference?)
C:\gh\azure-sdk-for-net\sdk\batch\Microsoft.Azure.Batch.Conventions.Files\tests\UnitTests\OutputFileReferenceUnitTests.cs(143,33): error CS0246: The type or namespace name 'ICloudBlob' could not be found (are you missing a using directive or an assembly reference?)
C:\gh\azure-sdk-for-net\sdk\batch\Microsoft.Azure.Batch.Conventions.Files\tests\UnitTests\JobOutputStorageUnitTests.cs(96,22): error CS0103: The name 'Assert' does not exist in the current context
C:\gh\azure-sdk-for-net\sdk\batch\Microsoft.Azure.Batch.Conventions.Files\tests\UnitTests\JobOutputStorageUnitTests.cs(97,13): error CS0103: The name 'Assert' does not exist in the current context
C:\gh\azure-sdk-for-net\sdk\batch\Microsoft.Azure.Batch.Conventions.Files\tests\UnitTests\TaskOutputKindUnitTests.cs(147,13): error CS0103: The name 'Assert' does not exist in the current context
C:\gh\azure-sdk-for-net\sdk\batch\Microsoft.Azure.Batch.Conventions.Files\tests\UnitTests\TaskOutputStorageUnitTests.cs(102,28): error CS0103: The name 'Assert' does not exist in the current context
C:\gh\azure-sdk-for-net\sdk\batch\Microsoft.Azure.Batch.Conventions.Files\tests\UnitTests\TaskOutputStorageUnitTests.cs(103,13): error CS0103: The name 'Assert' does not exist in the current context
C:\gh\azure-sdk-for-net\sdk\batch\Microsoft.Azure.Batch.Conventions.Files\tests\UnitTests\CloudJobExtensionsUnitTests.cs(88,13): error CS0246: The type or namespace name 'CloudJob' could not be found (are you missing a using directive or an assembly reference?)
C:\gh\azure-sdk-for-net\sdk\batch\Microsoft.Azure.Batch.Conventions.Files\tests\UnitTests\CloudJobExtensionsUnitTests.cs(89,13): error CS0246: The type or namespace name 'CloudStorageAccount' could not be found (are you missing a using directive or an assembly reference?)
C:\gh\azure-sdk-for-net\sdk\batch\Microsoft.Azure.Batch.Conventions.Files\tests\UnitTests\CloudJobExtensionsUnitTests.cs(89,54): error CS0246: The type or namespace name 'CloudStorageAccount' could not be found (are you missing a using directive or an assembly reference?)
C:\gh\azure-sdk-for-net\sdk\batch\Microsoft.Azure.Batch.Conventions.Files\tests\UnitTests\CloudJobExtensionsUnitTests.cs(89,78): error CS0246: The type or namespace name 'StorageCredentials' could not be found (are you missing a using directive or an assembly reference?)
C:\gh\azure-sdk-for-net\sdk\batch\Microsoft.Azure.Batch.Conventions.Files\tests\UnitTests\CloudJobExtensionsUnitTests.cs(90,22): error CS0103: The name 'Assert' does not exist in the current context
C:\gh\azure-sdk-for-net\sdk\batch\Microsoft.Azure.Batch.Conventions.Files\tests\UnitTests\CloudJobExtensionsUnitTests.cs(91,13): error CS0103: The name 'Assert' does not exist in the current context
C:\gh\azure-sdk-for-net\sdk\batch\Microsoft.Azure.Batch.Conventions.Files\tests\UnitTests\JobOutputKindUnitTests.cs(135,13): error CS0103: The name 'Assert' does not exist in the current context
C:\gh\azure-sdk-for-net\sdk\batch\Microsoft.Azure.Batch.Conventions.Files\tests\UnitTests\TaskOutputKindUnitTests.cs(154,13): error CS0103: The name 'Assert' does not exist in the current context
C:\gh\azure-sdk-for-net\sdk\batch\Microsoft.Azure.Batch.Conventions.Files\tests\UnitTests\JobOutputKindUnitTests.cs(142,13): error CS0103: The name 'Assert' does not exist in the current context
C:\gh\azure-sdk-for-net\sdk\batch\Microsoft.Azure.Batch.Conventions.Files\tests\UnitTests\JobOutputKindUnitTests.cs(149,13): error CS0103: The name 'Assert' does not exist in the current context
C:\gh\azure-sdk-for-net\sdk\batch\Microsoft.Azure.Batch.Conventions.Files\tests\UnitTests\JobOutputStorageUnitTests.cs(103,28): error CS0103: The name 'Assert' does not exist in the current context
C:\gh\azure-sdk-for-net\sdk\batch\Microsoft.Azure.Batch.Conventions.Files\tests\UnitTests\JobOutputStorageUnitTests.cs(104,13): error CS0103: The name 'Assert' does not exist in the current context
C:\gh\azure-sdk-for-net\sdk\batch\Microsoft.Azure.Batch.Conventions.Files\tests\UnitTests\TaskOutputKindUnitTests.cs(161,13): error CS0103: The name 'Assert' does not exist in the current context
C:\gh\azure-sdk-for-net\sdk\batch\Microsoft.Azure.Batch.Conventions.Files\tests\UnitTests\TaskOutputStorageUnitTests.cs(117,28): error CS0103: The name 'Assert' does not exist in the current context
C:\gh\azure-sdk-for-net\sdk\batch\Microsoft.Azure.Batch.Conventions.Files\tests\UnitTests\TaskOutputStorageUnitTests.cs(118,13): error CS0103: The name 'Assert' does not exist in the current context
C:\gh\azure-sdk-for-net\sdk\batch\Microsoft.Azure.Batch.Conventions.Files\tests\UnitTests\JobOutputKindUnitTests.cs(155,22): error CS0103: The name 'Assert' does not exist in the current context
C:\gh\azure-sdk-for-net\sdk\batch\Microsoft.Azure.Batch.Conventions.Files\tests\UnitTests\JobOutputKindUnitTests.cs(156,13): error CS0103: The name 'Assert' does not exist in the current context
C:\gh\azure-sdk-for-net\sdk\batch\Microsoft.Azure.Batch.Conventions.Files\tests\UnitTests\JobOutputStorageUnitTests.cs(110,28): error CS0103: The name 'Assert' does not exist in the current context
C:\gh\azure-sdk-for-net\sdk\batch\Microsoft.Azure.Batch.Conventions.Files\tests\UnitTests\JobOutputStorageUnitTests.cs(111,13): error CS0103: The name 'Assert' does not exist in the current context
C:\gh\azure-sdk-for-net\sdk\batch\Microsoft.Azure.Batch.Conventions.Files\tests\UnitTests\TaskOutputKindUnitTests.cs(167,22): error CS0103: The name 'Assert' does not exist in the current context
C:\gh\azure-sdk-for-net\sdk\batch\Microsoft.Azure.Batch.Conventions.Files\tests\UnitTests\TaskOutputKindUnitTests.cs(168,13): error CS0103: The name 'Assert' does not exist in the current context
C:\gh\azure-sdk-for-net\sdk\batch\Microsoft.Azure.Batch.Conventions.Files\tests\UnitTests\Generators\BatchIdGenerator.cs(52,25): error CS0103: The name 'Gen' does not exist in the current context
C:\gh\azure-sdk-for-net\sdk\batch\Microsoft.Azure.Batch.Conventions.Files\tests\UnitTests\Generators\BatchIdGenerator.cs(53,27): error CS0103: The name 'Gen' does not exist in the current context
C:\gh\azure-sdk-for-net\sdk\batch\Microsoft.Azure.Batch.Conventions.Files\tests\UnitTests\Generators\BatchIdGenerator.cs(53,44): error CS0103: The name 'Gen' does not exist in the current context
C:\gh\azure-sdk-for-net\sdk\batch\Microsoft.Azure.Batch.Conventions.Files\tests\UnitTests\Generators\BatchIdGenerator.cs(70,25): error CS0103: The name 'Gen' does not exist in the current context
C:\gh\azure-sdk-for-net\sdk\batch\Microsoft.Azure.Batch.Conventions.Files\tests\UnitTests\Generators\BatchIdGenerator.cs(71,31): error CS0103: The name 'Gen' does not exist in the current context
C:\gh\azure-sdk-for-net\sdk\batch\Microsoft.Azure.Batch.Conventions.Files\tests\UnitTests\Generators\BatchIdGenerator.cs(72,30): error CS0103: The name 'Gen' does not exist in the current context
C:\gh\azure-sdk-for-net\sdk\batch\Microsoft.Azure.Batch.Conventions.Files\tests\UnitTests\Generators\BatchIdGenerator.cs(72,47): error CS0103: The name 'Gen' does not exist in the current context
C:\gh\azure-sdk-for-net\sdk\batch\Microsoft.Azure.Batch.Conventions.Files\tests\UnitTests\Generators\BatchIdGenerator.cs(73,29): error CS0103: The name 'Gen' does not exist in the current context
C:\gh\azure-sdk-for-net\sdk\batch\Microsoft.Azure.Batch.Conventions.Files\tests\UnitTests\TaskOutputStorageUnitTests.cs(124,28): error CS0103: The name 'Assert' does not exist in the current context
C:\gh\azure-sdk-for-net\sdk\batch\Microsoft.Azure.Batch.Conventions.Files\tests\UnitTests\TaskOutputStorageUnitTests.cs(125,13): error CS0103: The name 'Assert' does not exist in the current context
C:\gh\azure-sdk-for-net\sdk\batch\Microsoft.Azure.Batch.Conventions.Files\tests\UnitTests\Generators\BatchIdGenerator.cs(48,53): error CS0103: The name 'Arb' does not exist in the current context
C:\gh\azure-sdk-for-net\sdk\batch\Microsoft.Azure.Batch.Conventions.Files\tests\UnitTests\Generators\BatchIdGenerator.cs(49,101): error CS0103: The name 'Arb' does not exist in the current context
C:\gh\azure-sdk-for-net\sdk\batch\Microsoft.Azure.Batch.Conventions.Files\tests\UnitTests\CloudJobExtensionsUnitTests.cs(97,38): error CS0103: The name 'BatchClient' does not exist in the current context
C:\gh\azure-sdk-for-net\sdk\batch\Microsoft.Azure.Batch.Conventions.Files\tests\UnitTests\CloudJobExtensionsUnitTests.cs(99,17): error CS0246: The type or namespace name 'CloudJob' could not be found (are you missing a using directive or an assembly reference?)
C:\gh\azure-sdk-for-net\sdk\batch\Microsoft.Azure.Batch.Conventions.Files\tests\UnitTests\CloudJobExtensionsUnitTests.cs(101,17): error CS0246: The type or namespace name 'CloudStorageAccount' could not be found (are you missing a using directive or an assembly reference?)
C:\gh\azure-sdk-for-net\sdk\batch\Microsoft.Azure.Batch.Conventions.Files\tests\UnitTests\CloudJobExtensionsUnitTests.cs(102,26): error CS0103: The name 'Assert' does not exist in the current context
C:\gh\azure-sdk-for-net\sdk\batch\Microsoft.Azure.Batch.Conventions.Files\tests\UnitTests\CloudJobExtensionsUnitTests.cs(103,17): error CS0103: The name 'Assert' does not exist in the current context
C:\gh\azure-sdk-for-net\sdk\batch\Microsoft.Azure.Batch.Conventions.Files\tests\UnitTests\JobOutputStorageUnitTests.cs(117,28): error CS0103: The name 'Assert' does not exist in the current context
C:\gh\azure-sdk-for-net\sdk\batch\Microsoft.Azure.Batch.Conventions.Files\tests\UnitTests\JobOutputStorageUnitTests.cs(118,13): error CS0103: The name 'Assert' does not exist in the current context
C:\gh\azure-sdk-for-net\sdk\batch\Microsoft.Azure.Batch.Conventions.Files\tests\UnitTests\TaskOutputKindUnitTests.cs(174,22): error CS0103: The name 'Assert' does not exist in the current context
C:\gh\azure-sdk-for-net\sdk\batch\Microsoft.Azure.Batch.Conventions.Files\tests\UnitTests\TaskOutputKindUnitTests.cs(175,13): error CS0103: The name 'Assert' does not exist in the current context
C:\gh\azure-sdk-for-net\sdk\batch\Microsoft.Azure.Batch.Conventions.Files\tests\UnitTests\JobOutputKindUnitTests.cs(162,22): error CS0103: The name 'Assert' does not exist in the current context
C:\gh\azure-sdk-for-net\sdk\batch\Microsoft.Azure.Batch.Conventions.Files\tests\UnitTests\JobOutputKindUnitTests.cs(163,13): error CS0103: The name 'Assert' does not exist in the current context
C:\gh\azure-sdk-for-net\sdk\batch\Microsoft.Azure.Batch.Conventions.Files\tests\UnitTests\TaskOutputStorageUnitTests.cs(131,28): error CS0103: The name 'Assert' does not exist in the current context
C:\gh\azure-sdk-for-net\sdk\batch\Microsoft.Azure.Batch.Conventions.Files\tests\UnitTests\TaskOutputStorageUnitTests.cs(132,13): error CS0103: The name 'Assert' does not exist in the current context
C:\gh\azure-sdk-for-net\sdk\batch\Microsoft.Azure.Batch.Conventions.Files\tests\UnitTests\TaskOutputStorageUnitTests.cs(138,28): error CS0103: The name 'Assert' does not exist in the current context
C:\gh\azure-sdk-for-net\sdk\batch\Microsoft.Azure.Batch.Conventions.Files\tests\UnitTests\TaskOutputStorageUnitTests.cs(139,13): error CS0103: The name 'Assert' does not exist in the current context
C:\gh\azure-sdk-for-net\sdk\batch\Microsoft.Azure.Batch.Conventions.Files\tests\UnitTests\JobOutputStorageUnitTests.cs(127,13): error CS0103: The name 'Assert' does not exist in the current context
C:\gh\azure-sdk-for-net\sdk\batch\Microsoft.Azure.Batch.Conventions.Files\tests\UnitTests\JobOutputStorageUnitTests.cs(130,13): error CS0103: The name 'Assert' does not exist in the current context
C:\gh\azure-sdk-for-net\sdk\batch\Microsoft.Azure.Batch.Conventions.Files\tests\UnitTests\JobOutputStorageUnitTests.cs(133,13): error CS0103: The name 'Assert' does not exist in the current context
C:\gh\azure-sdk-for-net\sdk\batch\Microsoft.Azure.Batch.Conventions.Files\tests\UnitTests\TaskOutputStorageUnitTests.cs(145,28): error CS0103: The name 'Assert' does not exist in the current context
C:\gh\azure-sdk-for-net\sdk\batch\Microsoft.Azure.Batch.Conventions.Files\tests\UnitTests\TaskOutputStorageUnitTests.cs(146,13): error CS0103: The name 'Assert' does not exist in the current context
C:\gh\azure-sdk-for-net\sdk\batch\Microsoft.Azure.Batch.Conventions.Files\tests\UnitTests\CloudJobExtensionsUnitTests.cs(110,38): error CS0103: The name 'BatchClient' does not exist in the current context
C:\gh\azure-sdk-for-net\sdk\batch\Microsoft.Azure.Batch.Conventions.Files\tests\UnitTests\CloudJobExtensionsUnitTests.cs(112,17): error CS0246: The type or namespace name 'CloudJob' could not be found (are you missing a using directive or an assembly reference?)
C:\gh\azure-sdk-for-net\sdk\batch\Microsoft.Azure.Batch.Conventions.Files\tests\UnitTests\CloudJobExtensionsUnitTests.cs(114,17): error CS0246: The type or namespace name 'CloudStorageAccount' could not be found (are you missing a using directive or an assembly reference?)
C:\gh\azure-sdk-for-net\sdk\batch\Microsoft.Azure.Batch.Conventions.Files\tests\UnitTests\CloudJobExtensionsUnitTests.cs(114,58): error CS0246: The type or namespace name 'CloudStorageAccount' could not be found (are you missing a using directive or an assembly reference?)
C:\gh\azure-sdk-for-net\sdk\batch\Microsoft.Azure.Batch.Conventions.Files\tests\UnitTests\CloudJobExtensionsUnitTests.cs(114,82): error CS0246: The type or namespace name 'StorageCredentials' could not be found (are you missing a using directive or an assembly reference?)
C:\gh\azure-sdk-for-net\sdk\batch\Microsoft.Azure.Batch.Conventions.Files\tests\UnitTests\CloudJobExtensionsUnitTests.cs(115,26): error CS0103: The name 'Assert' does not exist in the current context
C:\gh\azure-sdk-for-net\sdk\batch\Microsoft.Azure.Batch.Conventions.Files\tests\UnitTests\CloudJobExtensionsUnitTests.cs(116,17): error CS0103: The name 'Assert' does not exist in the current context
C:\gh\azure-sdk-for-net\sdk\batch\Microsoft.Azure.Batch.Conventions.Files\tests\UnitTests\TaskOutputStorageUnitTests.cs(152,22): error CS0103: The name 'Assert' does not exist in the current context
C:\gh\azure-sdk-for-net\sdk\batch\Microsoft.Azure.Batch.Conventions.Files\tests\UnitTests\TaskOutputStorageUnitTests.cs(153,13): error CS0103: The name 'Assert' does not exist in the current context
C:\gh\azure-sdk-for-net\sdk\batch\Microsoft.Azure.Batch.Conventions.Files\tests\UnitTests\TaskOutputStorageUnitTests.cs(159,28): error CS0103: The name 'Assert' does not exist in the current context
C:\gh\azure-sdk-for-net\sdk\batch\Microsoft.Azure.Batch.Conventions.Files\tests\UnitTests\TaskOutputStorageUnitTests.cs(160,13): error CS0103: The name 'Assert' does not exist in the current context
C:\gh\azure-sdk-for-net\sdk\batch\Microsoft.Azure.Batch.Conventions.Files\tests\UnitTests\CloudJobExtensionsUnitTests.cs(123,38): error CS0103: The name 'BatchClient' does not exist in the current context
C:\gh\azure-sdk-for-net\sdk\batch\Microsoft.Azure.Batch.Conventions.Files\tests\UnitTests\CloudJobExtensionsUnitTests.cs(125,17): error CS0246: The type or namespace name 'CloudJob' could not be found (are you missing a using directive or an assembly reference?)
C:\gh\azure-sdk-for-net\sdk\batch\Microsoft.Azure.Batch.Conventions.Files\tests\UnitTests\CloudJobExtensionsUnitTests.cs(127,17): error CS0246: The type or namespace name 'CloudStorageAccount' could not be found (are you missing a using directive or an assembly reference?)
C:\gh\azure-sdk-for-net\sdk\batch\Microsoft.Azure.Batch.Conventions.Files\tests\UnitTests\CloudJobExtensionsUnitTests.cs(127,58): error CS0246: The type or namespace name 'CloudStorageAccount' could not be found (are you missing a using directive or an assembly reference?)
C:\gh\azure-sdk-for-net\sdk\batch\Microsoft.Azure.Batch.Conventions.Files\tests\UnitTests\CloudJobExtensionsUnitTests.cs(127,82): error CS0246: The type or namespace name 'StorageCredentials' could not be found (are you missing a using directive or an assembly reference?)
C:\gh\azure-sdk-for-net\sdk\batch\Microsoft.Azure.Batch.Conventions.Files\tests\UnitTests\CloudJobExtensionsUnitTests.cs(128,26): error CS0103: The name 'Assert' does not exist in the current context
C:\gh\azure-sdk-for-net\sdk\batch\Microsoft.Azure.Batch.Conventions.Files\tests\UnitTests\CloudJobExtensionsUnitTests.cs(129,17): error CS0103: The name 'Assert' does not exist in the current context
C:\gh\azure-sdk-for-net\sdk\batch\Microsoft.Azure.Batch.Conventions.Files\tests\UnitTests\TaskOutputStorageUnitTests.cs(166,28): error CS0103: The name 'Assert' does not exist in the current context
C:\gh\azure-sdk-for-net\sdk\batch\Microsoft.Azure.Batch.Conventions.Files\tests\UnitTests\TaskOutputStorageUnitTests.cs(167,13): error CS0103: The name 'Assert' does not exist in the current context
C:\gh\azure-sdk-for-net\sdk\batch\Microsoft.Azure.Batch.Conventions.Files\tests\UnitTests\TaskOutputStorageUnitTests.cs(173,28): error CS0103: The name 'Assert' does not exist in the current context
C:\gh\azure-sdk-for-net\sdk\batch\Microsoft.Azure.Batch.Conventions.Files\tests\UnitTests\TaskOutputStorageUnitTests.cs(174,13): error CS0103: The name 'Assert' does not exist in the current context
C:\gh\azure-sdk-for-net\sdk\batch\Microsoft.Azure.Batch.Conventions.Files\tests\UnitTests\CloudJobExtensionsUnitTests.cs(136,38): error CS0103: The name 'BatchClient' does not exist in the current context
C:\gh\azure-sdk-for-net\sdk\batch\Microsoft.Azure.Batch.Conventions.Files\tests\UnitTests\CloudJobExtensionsUnitTests.cs(138,17): error CS0246: The type or namespace name 'CloudJob' could not be found (are you missing a using directive or an assembly reference?)
C:\gh\azure-sdk-for-net\sdk\batch\Microsoft.Azure.Batch.Conventions.Files\tests\UnitTests\CloudJobExtensionsUnitTests.cs(141,28): error CS0246: The type or namespace name 'CloudJob' could not be found (are you missing a using directive or an assembly reference?)
C:\gh\azure-sdk-for-net\sdk\batch\Microsoft.Azure.Batch.Conventions.Files\tests\UnitTests\CloudJobExtensionsUnitTests.cs(141,28): error CS0246: The type or namespace name 'CloudTask' could not be found (are you missing a using directive or an assembly reference?)
C:\gh\azure-sdk-for-net\sdk\batch\Microsoft.Azure.Batch.Conventions.Files\tests\UnitTests\CloudJobExtensionsUnitTests.cs(142,17): error CS0103: The name 'Assert' does not exist in the current context
C:\gh\azure-sdk-for-net\sdk\batch\Microsoft.Azure.Batch.Conventions.Files\tests\UnitTests\CloudJobExtensionsUnitTests.cs(144,24): error CS0246: The type or namespace name 'CloudJob' could not be found (are you missing a using directive or an assembly reference?)
C:\gh\azure-sdk-for-net\sdk\batch\Microsoft.Azure.Batch.Conventions.Files\tests\UnitTests\CloudJobExtensionsUnitTests.cs(144,24): error CS0246: The type or namespace name 'CloudTask' could not be found (are you missing a using directive or an assembly reference?)
C:\gh\azure-sdk-for-net\sdk\batch\Microsoft.Azure.Batch.Conventions.Files\tests\UnitTests\CloudJobExtensionsUnitTests.cs(145,17): error CS0103: The name 'Assert' does not exist in the current context
C:\gh\azure-sdk-for-net\sdk\batch\Microsoft.Azure.Batch.Conventions.Files\tests\UnitTests\CloudJobExtensionsUnitTests.cs(147,24): error CS0246: The type or namespace name 'CloudJob' could not be found (are you missing a using directive or an assembly reference?)
C:\gh\azure-sdk-for-net\sdk\batch\Microsoft.Azure.Batch.Conventions.Files\tests\UnitTests\CloudJobExtensionsUnitTests.cs(147,24): error CS0246: The type or namespace name 'CloudTask' could not be found (are you missing a using directive or an assembly reference?)
C:\gh\azure-sdk-for-net\sdk\batch\Microsoft.Azure.Batch.Conventions.Files\tests\UnitTests\CloudJobExtensionsUnitTests.cs(148,17): error CS0103: The name 'Assert' does not exist in the current context
C:\gh\azure-sdk-for-net\sdk\batch\Microsoft.Azure.Batch.Conventions.Files\tests\UnitTests\TaskOutputStorageUnitTests.cs(184,13): error CS0103: The name 'Assert' does not exist in the current context
C:\gh\azure-sdk-for-net\sdk\batch\Microsoft.Azure.Batch.Conventions.Files\tests\UnitTests\TaskOutputStorageUnitTests.cs(187,13): error CS0103: The name 'Assert' does not exist in the current context
C:\gh\azure-sdk-for-net\sdk\batch\Microsoft.Azure.Batch.Conventions.Files\tests\UnitTests\TaskOutputStorageUnitTests.cs(190,13): error CS0103: The name 'Assert' does not exist in the current context
C:\gh\azure-sdk-for-net\sdk\batch\Microsoft.Azure.Batch.Conventions.Files\tests\UnitTests\TaskOutputStorageUnitTests.cs(193,13): error CS0103: The name 'Assert' does not exist in the current context
C:\gh\azure-sdk-for-net\sdk\batch\Microsoft.Azure.Batch.Conventions.Files\tests\UnitTests\Utilities\ContainerNameUtilsTests.cs(15,2): hidden CS8019: Unnecessary using directive.
C:\gh\azure-sdk-for-net\sdk\batch\Microsoft.Azure.Batch.Conventions.Files\tests\UnitTests\Utilities\ContainerNameUtilsTests.cs(22,1): hidden CS8019: Unnecessary using directive.
C:\gh\azure-sdk-for-net\artifacts\obj\Microsoft.Azure.Batch.Conventions.Files.Tests\Debug\net461\.NETFramework,Version=v4.6.1.AssemblyAttributes.cs(3,1): hidden CS8019: Unnecessary using directive.
C:\gh\azure-sdk-for-net\sdk\batch\Microsoft.Azure.Batch.Conventions.Files\tests\UnitTests\Utilities\ContainerNameUtilsTests.cs(23,1): hidden CS8019: Unnecessary using directive.
C:\gh\azure-sdk-for-net\sdk\batch\Microsoft.Azure.Batch.Conventions.Files\tests\UnitTests\OutputFileReferenceUnitTests.cs(15,2): hidden CS8019: Unnecessary using directive.
C:\gh\azure-sdk-for-net\sdk\batch\Microsoft.Azure.Batch.Conventions.Files\tests\UnitTests\TaskOutputKindUnitTests.cs(16,1): hidden CS8019: Unnecessary using directive.
C:\gh\azure-sdk-for-net\artifacts\obj\Microsoft.Azure.Batch.Conventions.Files.Tests\Debug\net461\Microsoft.Azure.Batch.Conventions.Files.Tests.AssemblyInfo.cs(12,1): hidden CS8019: Unnecessary using directive.
C:\gh\azure-sdk-for-net\sdk\batch\Microsoft.Azure.Batch.Conventions.Files\tests\UnitTests\Generators\BatchIdGenerator.cs(18,1): hidden CS8019: Unnecessary using directive.
C:\gh\azure-sdk-for-net\sdk\batch\Microsoft.Azure.Batch.Conventions.Files\tests\UnitTests\TaskOutputStorageUnitTests.cs(16,1): hidden CS8019: Unnecessary using directive.
C:\gh\azure-sdk-for-net\sdk\batch\Microsoft.Azure.Batch.Conventions.Files\tests\UnitTests\OutputFileReferenceUnitTests.cs(22,1): hidden CS8019: Unnecessary using directive.
C:\gh\azure-sdk-for-net\sdk\batch\Microsoft.Azure.Batch.Conventions.Files\tests\UnitTests\OutputFileReferenceUnitTests.cs(24,1): hidden CS8019: Unnecessary using directive.
C:\gh\azure-sdk-for-net\sdk\batch\Microsoft.Azure.Batch.Conventions.Files\tests\UnitTests\JobOutputStorageUnitTests.cs(17,1): hidden CS8019: Unnecessary using directive.
C:\gh\azure-sdk-for-net\sdk\batch\Microsoft.Azure.Batch.Conventions.Files\tests\UnitTests\JobOutputStorageUnitTests.cs(18,1): hidden CS8019: Unnecessary using directive.
C:\gh\azure-sdk-for-net\sdk\batch\Microsoft.Azure.Batch.Conventions.Files\tests\UnitTests\Generators\BatchIdGenerator.cs(20,1): hidden CS8019: Unnecessary using directive.
C:\gh\azure-sdk-for-net\sdk\batch\Microsoft.Azure.Batch.Conventions.Files\tests\UnitTests\Generators\BatchIdGenerator.cs(21,1): hidden CS8019: Unnecessary using directive.
C:\gh\azure-sdk-for-net\sdk\batch\Microsoft.Azure.Batch.Conventions.Files\tests\UnitTests\JobOutputKindUnitTests.cs(20,1): hidden CS8019: Unnecessary using directive.
C:\gh\azure-sdk-for-net\artifacts\obj\Microsoft.Azure.Batch.Conventions.Files.Tests\Debug\net461\.NETFramework,Version=v4.6.1.AssemblyAttributes.cs(2,1): hidden CS8019: Unnecessary using directive.
C:\gh\azure-sdk-for-net\sdk\batch\Microsoft.Azure.Batch.Conventions.Files\tests\UnitTests\CloudJobExtensionsUnitTests.cs(15,2): hidden CS8019: Unnecessary using directive.
C:\gh\azure-sdk-for-net\eng\mgmt\DisableTestRunParallel.cs(4,1): hidden CS8019: Unnecessary using directive.
C:\gh\azure-sdk-for-net\sdk\batch\Microsoft.Azure.Batch.Conventions.Files\tests\UnitTests\CloudJobExtensionsUnitTests.cs(23,1): hidden CS8019: Unnecessary using directive.
C:\gh\azure-sdk-for-net\sdk\batch\Microsoft.Azure.Batch.Conventions.Files\tests\UnitTests\CloudJobExtensionsUnitTests.cs(24,1): hidden CS8019: Unnecessary using directive.
C:\gh\azure-sdk-for-net\sdk\batch\Microsoft.Azure.Batch.Conventions.Files\tests\UnitTests\CloudJobExtensionsUnitTests.cs(19,1): hidden CS8019: Unnecessary using directive.
C:\gh\azure-sdk-for-net\sdk\batch\Microsoft.Azure.Batch.Conventions.Files\tests\UnitTests\CloudTaskExtensionsUnitTests.cs(20,1): hidden CS8019: Unnecessary using directive.
C:\gh\azure-sdk-for-net\sdk\batch\Microsoft.Azure.Batch.Conventions.Files\tests\UnitTests\CloudTaskExtensionsUnitTests.cs(21,1): hidden CS8019: Unnecessary using directive.
C:\gh\azure-sdk-for-net\sdk\batch\Microsoft.Azure.Batch.Conventions.Files\tests\UnitTests\CloudTaskExtensionsUnitTests.cs(22,1): hidden CS8019: Unnecessary using directive.
C:\gh\azure-sdk-for-net\sdk\batch\Microsoft.Azure.Batch.Conventions.Files\tests\UnitTests\CloudJobExtensionsUnitTests.cs(20,1): hidden CS8019: Unnecessary using directive.
C:\gh\azure-sdk-for-net\sdk\batch\Microsoft.Azure.Batch.Conventions.Files\tests\UnitTests\Utilities\UrlUtilsTests.cs(21,1): hidden CS8019: Unnecessary using directive.
C:\gh\azure-sdk-for-net\sdk\batch\Microsoft.Azure.Batch.Conventions.Files\tests\UnitTests\JobOutputStorageUnitTests.cs(16,1): hidden CS8019: Unnecessary using directive.
C:\gh\azure-sdk-for-net\sdk\batch\Microsoft.Azure.Batch.Conventions.Files\tests\UnitTests\Utilities\FakeBatchServiceClient.cs(21,1): hidden CS8019: Unnecessary using directive.
C:\gh\azure-sdk-for-net\sdk\batch\Microsoft.Azure.Batch.Conventions.Files\tests\UnitTests\CloudJobExtensionsUnitTests.cs(22,1): hidden CS8019: Unnecessary using directive.
C:\gh\azure-sdk-for-net\artifacts\obj\Microsoft.Azure.Batch.Conventions.Files.Tests\Debug\net461\Microsoft.Azure.Batch.Conventions.Files.Tests.AssemblyInfo.cs(11,1): hidden CS8019: Unnecessary using directive.
C:\gh\azure-sdk-for-net\sdk\batch\Microsoft.Azure.Batch.Conventions.Files\tests\UnitTests\Utilities\FakeBatchServiceClient.cs(19,1): hidden CS8019: Unnecessary using directive.
C:\gh\azure-sdk-for-net\sdk\batch\Microsoft.Azure.Batch.Conventions.Files\tests\UnitTests\CloudTaskExtensionsUnitTests.cs(17,1): hidden CS8019: Unnecessary using directive.
C:\gh\azure-sdk-for-net\sdk\batch\Microsoft.Azure.Batch.Conventions.Files\tests\UnitTests\OutputFileReferenceUnitTests.cs(25,1): hidden CS8019: Unnecessary using directive.
C:\gh\azure-sdk-for-net\sdk\batch\Microsoft.Azure.Batch.Conventions.Files\tests\UnitTests\OutputFileReferenceUnitTests.cs(26,1): hidden CS8019: Unnecessary using directive.
C:\gh\azure-sdk-for-net\sdk\batch\Microsoft.Azure.Batch.Conventions.Files\tests\UnitTests\CloudTaskExtensionsUnitTests.cs(19,1): hidden CS8019: Unnecessary using directive.
C:\gh\azure-sdk-for-net\sdk\batch\Microsoft.Azure.Batch.Conventions.Files\tests\UnitTests\TaskOutputKindUnitTests.cs(20,1): hidden CS8019: Unnecessary using directive.
C:\gh\azure-sdk-for-net\sdk\batch\Microsoft.Azure.Batch.Conventions.Files\tests\UnitTests\CloudTaskExtensionsUnitTests.cs(16,1): hidden CS8019: Unnecessary using directive.
C:\gh\azure-sdk-for-net\eng\mgmt\DisableTestRunParallel.cs(5,1): hidden CS8019: Unnecessary using directive.
C:\gh\azure-sdk-for-net\sdk\batch\Microsoft.Azure.Batch.Conventions.Files\tests\UnitTests\OutputFileReferenceUnitTests.cs(21,1): hidden CS8019: Unnecessary using directive.
C:\gh\azure-sdk-for-net\sdk\batch\Microsoft.Azure.Batch.Conventions.Files\tests\UnitTests\Utilities\FakeBatchServiceClient.cs(16,1): hidden CS8019: Unnecessary using directive.
C:\gh\azure-sdk-for-net\sdk\batch\Microsoft.Azure.Batch.Conventions.Files\tests\UnitTests\TaskOutputStorageUnitTests.cs(20,1): hidden CS8019: Unnecessary using directive.
C:\gh\azure-sdk-for-net\sdk\batch\Microsoft.Azure.Batch.Conventions.Files\tests\UnitTests\Utilities\FakeBatchServiceClient.cs(22,1): hidden CS8019: Unnecessary using directive.
C:\gh\azure-sdk-for-net\sdk\batch\Microsoft.Azure.Batch.Conventions.Files\tests\UnitTests\JobOutputKindUnitTests.cs(17,1): hidden CS8019: Unnecessary using directive.
C:\gh\azure-sdk-for-net\sdk\batch\Microsoft.Azure.Batch.Conventions.Files\tests\UnitTests\JobOutputKindUnitTests.cs(18,1): hidden CS8019: Unnecessary using directive.
C:\gh\azure-sdk-for-net\sdk\batch\Microsoft.Azure.Batch.Conventions.Files\tests\UnitTests\Utilities\FakeBatchServiceClient.cs(18,1): hidden CS8019: Unnecessary using directive.
C:\gh\azure-sdk-for-net\sdk\batch\Microsoft.Azure.Batch.Conventions.Files\tests\UnitTests\Generators\BatchIdGenerator.cs(16,1): hidden CS8019: Unnecessary using directive.
C:\gh\azure-sdk-for-net\sdk\batch\Microsoft.Azure.Batch.Conventions.Files\tests\UnitTests\JobOutputKindUnitTests.cs(19,1): hidden CS8019: Unnecessary using directive.
C:\gh\azure-sdk-for-net\sdk\batch\Microsoft.Azure.Batch.Conventions.Files\tests\UnitTests\Utilities\FakeBatchServiceClient.cs(15,2): hidden CS8019: Unnecessary using directive.
C:\gh\azure-sdk-for-net\sdk\batch\Microsoft.Azure.Batch.Conventions.Files\tests\UnitTests\Utilities\ContainerNameUtilsTests.cs(24,1): hidden CS8019: Unnecessary using directive.
C:\gh\azure-sdk-for-net\sdk\batch\Microsoft.Azure.Batch.Conventions.Files\tests\UnitTests\Utilities\UrlUtilsTests.cs(18,1): hidden CS8019: Unnecessary using directive.
C:\gh\azure-sdk-for-net\sdk\batch\Microsoft.Azure.Batch.Conventions.Files\tests\UnitTests\Utilities\UrlUtilsTests.cs(19,1): hidden CS8019: Unnecessary using directive.
C:\gh\azure-sdk-for-net\sdk\batch\Microsoft.Azure.Batch.Conventions.Files\tests\UnitTests\JobOutputKindUnitTests.cs(16,1): hidden CS8019: Unnecessary using directive.
C:\gh\azure-sdk-for-net\sdk\batch\Microsoft.Azure.Batch.Conventions.Files\tests\UnitTests\JobOutputStorageUnitTests.cs(20,1): hidden CS8019: Unnecessary using directive.
C:\gh\azure-sdk-for-net\sdk\batch\Microsoft.Azure.Batch.Conventions.Files\tests\UnitTests\Utilities\ContainerNameUtilsTests.cs(16,1): hidden CS8019: Unnecessary using directive.
C:\gh\azure-sdk-for-net\sdk\batch\Microsoft.Azure.Batch.Conventions.Files\tests\UnitTests\OutputFileReferenceUnitTests.cs(18,1): hidden CS8019: Unnecessary using directive.
C:\gh\azure-sdk-for-net\sdk\batch\Microsoft.Azure.Batch.Conventions.Files\tests\UnitTests\OutputFileReferenceUnitTests.cs(19,1): hidden CS8019: Unnecessary using directive.
C:\gh\azure-sdk-for-net\sdk\batch\Microsoft.Azure.Batch.Conventions.Files\tests\UnitTests\Generators\BatchIdGenerator.cs(15,2): hidden CS8019: Unnecessary using directive.
C:\gh\azure-sdk-for-net\sdk\batch\Microsoft.Azure.Batch.Conventions.Files\tests\UnitTests\CloudJobExtensionsUnitTests.cs(26,1): hidden CS8019: Unnecessary using directive.
C:\gh\azure-sdk-for-net\sdk\batch\Microsoft.Azure.Batch.Conventions.Files\tests\UnitTests\Utilities\UrlUtilsTests.cs(20,1): hidden CS8019: Unnecessary using directive.
C:\gh\azure-sdk-for-net\sdk\batch\Microsoft.Azure.Batch.Conventions.Files\tests\UnitTests\TaskOutputKindUnitTests.cs(17,1): hidden CS8019: Unnecessary using directive.
C:\gh\azure-sdk-for-net\sdk\batch\Microsoft.Azure.Batch.Conventions.Files\tests\UnitTests\TaskOutputKindUnitTests.cs(18,1): hidden CS8019: Unnecessary using directive.
C:\gh\azure-sdk-for-net\sdk\batch\Microsoft.Azure.Batch.Conventions.Files\tests\UnitTests\Utilities\UrlUtilsTests.cs(17,1): hidden CS8019: Unnecessary using directive.
C:\gh\azure-sdk-for-net\sdk\batch\Microsoft.Azure.Batch.Conventions.Files\tests\UnitTests\TaskOutputKindUnitTests.cs(19,1): hidden CS8019: Unnecessary using directive.
C:\gh\azure-sdk-for-net\sdk\batch\Microsoft.Azure.Batch.Conventions.Files\tests\UnitTests\CloudTaskExtensionsUnitTests.cs(23,1): hidden CS8019: Unnecessary using directive.
C:\gh\azure-sdk-for-net\sdk\batch\Microsoft.Azure.Batch.Conventions.Files\tests\UnitTests\TaskOutputStorageUnitTests.cs(17,1): hidden CS8019: Unnecessary using directive.
C:\gh\azure-sdk-for-net\sdk\batch\Microsoft.Azure.Batch.Conventions.Files\tests\UnitTests\TaskOutputStorageUnitTests.cs(18,1): hidden CS8019: Unnecessary using directive.
C:\gh\azure-sdk-for-net\sdk\batch\Microsoft.Azure.Batch.Conventions.Files\tests\UnitTests\OutputFileReferenceUnitTests.cs(17,1): hidden CS8019: Unnecessary using directive.
