C:\gh\azure-sdk-for-net\sdk\search\Azure.Search.Documents\tests\Utilities\SearchResources.Data.cs(330,31): error CS0246: The type or namespace name 'MicrosoftSpatialGeoJsonConverter' could not be found (are you missing a using directive or an assembly reference?)
C:\gh\azure-sdk-for-net\sdk\search\Azure.Search.Documents\tests\Utilities\SearchResources.Data.cs(420,31): error CS0246: The type or namespace name 'MicrosoftSpatialGeoJsonConverter' could not be found (are you missing a using directive or an assembly reference?)
C:\gh\azure-sdk-for-net\sdk\search\Azure.Search.Documents\tests\DocumentOperations\SuggestTests.cs(4,1): hidden CS8019: Unnecessary using directive.
C:\gh\azure-sdk-for-net\sdk\search\Azure.Search.Documents\tests\DocumentOperations\AutocompleteTests.cs(8,1): hidden CS8019: Unnecessary using directive.
C:\gh\azure-sdk-for-net\sdk\search\Azure.Search.Documents\tests\DocumentOperations\SearchTests.cs(14,1): hidden CS8019: Unnecessary using directive.
C:\gh\azure-sdk-for-net\sdk\search\Azure.Search.Documents\tests\Samples\Sample01_HelloWorld.cs(10,1): hidden CS8019: Unnecessary using directive.
C:\gh\azure-sdk-for-net\sdk\search\Azure.Search.Documents\tests\Batching\BatchingTests.cs(13,1): hidden CS8019: Unnecessary using directive.
C:\gh\azure-sdk-for-net\artifacts\obj\Azure.Search.Documents.Tests\Debug\net461\Azure.Search.Documents.Tests.AssemblyInfo.cs(12,1): hidden CS8019: Unnecessary using directive.
C:\gh\azure-sdk-for-net\artifacts\obj\Azure.Search.Documents.Tests\Debug\net461\.NETFramework,Version=v4.6.1.AssemblyAttributes.cs(2,1): hidden CS8019: Unnecessary using directive.
C:\gh\azure-sdk-for-net\sdk\search\Azure.Search.Documents\tests\DocumentOperations\AutocompleteTests.cs(4,1): hidden CS8019: Unnecessary using directive.
C:\gh\azure-sdk-for-net\sdk\search\Azure.Search.Documents\tests\Samples\Readme.cs(13,1): hidden CS8019: Unnecessary using directive.
C:\gh\azure-sdk-for-net\sdk\search\Azure.Search.Documents\tests\DocumentOperations\SuggestTests.cs(8,1): hidden CS8019: Unnecessary using directive.
C:\gh\azure-sdk-for-net\artifacts\obj\Azure.Search.Documents.Tests\Debug\net461\Azure.Search.Documents.Tests.AssemblyInfo.cs(11,1): hidden CS8019: Unnecessary using directive.
C:\gh\azure-sdk-for-net\sdk\search\Azure.Search.Documents\tests\Samples\Readme.cs(14,1): hidden CS8019: Unnecessary using directive.
C:\gh\azure-sdk-for-net\artifacts\obj\Azure.Search.Documents.Tests\Debug\net461\.NETFramework,Version=v4.6.1.AssemblyAttributes.cs(3,1): hidden CS8019: Unnecessary using directive.
C:\gh\azure-sdk-for-net\sdk\search\Azure.Search.Documents\tests\Utilities\SearchResources.Data.cs(10,1): hidden CS8019: Unnecessary using directive.
