C:\gh\azure-sdk-for-net\sdk\servicefabric\Microsoft.Azure.Management.ServiceFabric\tests\Tests\ServiceFabricTestBase.cs(22,72): error CS0518: Predefined type 'System.Object' is not defined or imported
C:\gh\azure-sdk-for-net\sdk\servicefabric\Microsoft.Azure.Management.ServiceFabric\tests\Tests\ServiceFabricTestBase.cs(22,72): error CS0246: The type or namespace name 'MockContext' could not be found (are you missing a using directive or an assembly reference?)
C:\gh\azure-sdk-for-net\sdk\servicefabric\Microsoft.Azure.Management.ServiceFabric\tests\Tests\ServiceFabricTestBase.cs(22,19): error CS0518: Predefined type 'System.Object' is not defined or imported
C:\gh\azure-sdk-for-net\sdk\servicefabric\Microsoft.Azure.Management.ServiceFabric\tests\Tests\ServiceFabricTestBase.cs(22,19): error CS0246: The type or namespace name 'ResourceManagementClient' could not be found (are you missing a using directive or an assembly reference?)
C:\gh\azure-sdk-for-net\sdk\servicefabric\Microsoft.Azure.Management.ServiceFabric\tests\TestHelper\RecordedDelegatingHandler.cs(13,46): error CS0246: The type or namespace name 'DelegatingHandler' could not be found (are you missing a using directive or an assembly reference?)
C:\gh\azure-sdk-for-net\sdk\servicefabric\Microsoft.Azure.Management.ServiceFabric\tests\Tests\ManagedClusters\ManagedClusterTests.cs(17,24): error CS0518: Predefined type 'System.String' is not defined or imported
C:\gh\azure-sdk-for-net\sdk\servicefabric\Microsoft.Azure.Management.ServiceFabric\tests\Tests\ManagedClusters\ManagedClusterTests.cs(18,24): error CS0518: Predefined type 'System.String' is not defined or imported
C:\gh\azure-sdk-for-net\sdk\servicefabric\Microsoft.Azure.Management.ServiceFabric\tests\Tests\ManagedClusters\ManagedClusterTests.cs(19,24): error CS0518: Predefined type 'System.String' is not defined or imported
C:\gh\azure-sdk-for-net\sdk\servicefabric\Microsoft.Azure.Management.ServiceFabric\tests\TestHelper\RecordedDelegatingHandler.cs(48,70): error CS0518: Predefined type 'System.Object' is not defined or imported
C:\gh\azure-sdk-for-net\sdk\servicefabric\Microsoft.Azure.Management.ServiceFabric\tests\TestHelper\RecordedDelegatingHandler.cs(48,70): error CS0246: The type or namespace name 'HttpRequestMessage' could not be found (are you missing a using directive or an assembly reference?)
C:\gh\azure-sdk-for-net\sdk\servicefabric\Microsoft.Azure.Management.ServiceFabric\tests\TestHelper\RecordedDelegatingHandler.cs(48,98): error CS0518: Predefined type 'System.Object' is not defined or imported
C:\gh\azure-sdk-for-net\sdk\servicefabric\Microsoft.Azure.Management.ServiceFabric\tests\TestHelper\RecordedDelegatingHandler.cs(48,98): error CS0246: The type or namespace name 'System' could not be found (are you missing a using directive or an assembly reference?)
C:\gh\azure-sdk-for-net\sdk\servicefabric\Microsoft.Azure.Management.ServiceFabric\tests\TestHelper\RecordedDelegatingHandler.cs(48,34): error CS0518: Predefined type 'System.Object' is not defined or imported
C:\gh\azure-sdk-for-net\sdk\servicefabric\Microsoft.Azure.Management.ServiceFabric\tests\TestHelper\RecordedDelegatingHandler.cs(48,34): error CS0246: The type or namespace name 'Task<>' could not be found (are you missing a using directive or an assembly reference?)
C:\gh\azure-sdk-for-net\sdk\servicefabric\Microsoft.Azure.Management.ServiceFabric\tests\TestHelper\RecordedDelegatingHandler.cs(48,39): error CS0518: Predefined type 'System.Object' is not defined or imported
C:\gh\azure-sdk-for-net\sdk\servicefabric\Microsoft.Azure.Management.ServiceFabric\tests\TestHelper\RecordedDelegatingHandler.cs(48,39): error CS0246: The type or namespace name 'HttpResponseMessage' could not be found (are you missing a using directive or an assembly reference?)
C:\gh\azure-sdk-for-net\sdk\servicefabric\Microsoft.Azure.Management.ServiceFabric\tests\Tests\ManagedClusters\ServiceFabricManagedTestBase.cs(31,72): error CS0518: Predefined type 'System.Object' is not defined or imported
C:\gh\azure-sdk-for-net\sdk\servicefabric\Microsoft.Azure.Management.ServiceFabric\tests\Tests\ManagedClusters\ServiceFabricManagedTestBase.cs(31,72): error CS0246: The type or namespace name 'MockContext' could not be found (are you missing a using directive or an assembly reference?)
C:\gh\azure-sdk-for-net\sdk\servicefabric\Microsoft.Azure.Management.ServiceFabric\tests\Tests\ManagedClusters\ServiceFabricManagedTestBase.cs(31,19): error CS0518: Predefined type 'System.Object' is not defined or imported
C:\gh\azure-sdk-for-net\sdk\servicefabric\Microsoft.Azure.Management.ServiceFabric\tests\Tests\ServiceFabricTestBase.cs(32,72): error CS0518: Predefined type 'System.Object' is not defined or imported
C:\gh\azure-sdk-for-net\sdk\servicefabric\Microsoft.Azure.Management.ServiceFabric\tests\Tests\ServiceFabricTestBase.cs(32,72): error CS0246: The type or namespace name 'MockContext' could not be found (are you missing a using directive or an assembly reference?)
C:\gh\azure-sdk-for-net\sdk\servicefabric\Microsoft.Azure.Management.ServiceFabric\tests\Tests\ServiceFabricTestBase.cs(32,19): error CS0518: Predefined type 'System.Object' is not defined or imported
C:\gh\azure-sdk-for-net\sdk\servicefabric\Microsoft.Azure.Management.ServiceFabric\tests\TestHelper\RecordedDelegatingHandler.cs(46,17): error CS0518: Predefined type 'System.Int32' is not defined or imported
C:\gh\azure-sdk-for-net\sdk\servicefabric\Microsoft.Azure.Management.ServiceFabric\tests\Tests\ManagedClusters\ServiceFabricManagedTestBase.cs(79,13): error CS0518: Predefined type 'System.Object' is not defined or imported
C:\gh\azure-sdk-for-net\sdk\servicefabric\Microsoft.Azure.Management.ServiceFabric\tests\Tests\ManagedClusters\ServiceFabricManagedTestBase.cs(80,13): error CS0518: Predefined type 'System.String' is not defined or imported
C:\gh\azure-sdk-for-net\sdk\servicefabric\Microsoft.Azure.Management.ServiceFabric\tests\Tests\ManagedClusters\ServiceFabricManagedTestBase.cs(81,13): error CS0518: Predefined type 'System.String' is not defined or imported
C:\gh\azure-sdk-for-net\sdk\servicefabric\Microsoft.Azure.Management.ServiceFabric\tests\Tests\ManagedClusters\ServiceFabricManagedTestBase.cs(82,13): error CS0518: Predefined type 'System.String' is not defined or imported
C:\gh\azure-sdk-for-net\sdk\servicefabric\Microsoft.Azure.Management.ServiceFabric\tests\Tests\ManagedClusters\ServiceFabricManagedTestBase.cs(83,13): error CS0518: Predefined type 'System.Boolean' is not defined or imported
C:\gh\azure-sdk-for-net\sdk\servicefabric\Microsoft.Azure.Management.ServiceFabric\tests\Tests\ManagedClusters\ServiceFabricManagedTestBase.cs(84,13): error CS0518: Predefined type 'System.Int32' is not defined or imported
C:\gh\azure-sdk-for-net\sdk\servicefabric\Microsoft.Azure.Management.ServiceFabric\tests\Tests\ManagedClusters\ServiceFabricManagedTestBase.cs(78,19): error CS0518: Predefined type 'System.Object' is not defined or imported
C:\gh\azure-sdk-for-net\sdk\servicefabric\Microsoft.Azure.Management.ServiceFabric\tests\TestHelper\RecordedDelegatingHandler.cs(15,17): error CS0518: Predefined type 'System.Object' is not defined or imported
C:\gh\azure-sdk-for-net\sdk\servicefabric\Microsoft.Azure.Management.ServiceFabric\tests\TestHelper\RecordedDelegatingHandler.cs(15,17): error CS0246: The type or namespace name 'HttpResponseMessage' could not be found (are you missing a using directive or an assembly reference?)
C:\gh\azure-sdk-for-net\sdk\servicefabric\Microsoft.Azure.Management.ServiceFabric\tests\Tests\ServiceFabricTestBase.cs(57,13): error CS0518: Predefined type 'System.Object' is not defined or imported
C:\gh\azure-sdk-for-net\sdk\servicefabric\Microsoft.Azure.Management.ServiceFabric\tests\Tests\ManagedClusters\ManagedClusterTests.cs(18,53): error CS0518: Predefined type 'System.String' is not defined or imported
C:\gh\azure-sdk-for-net\sdk\servicefabric\Microsoft.Azure.Management.ServiceFabric\tests\Tests\ServiceFabricTestBase.cs(57,13): error CS0246: The type or namespace name 'ResourceManagementClient' could not be found (are you missing a using directive or an assembly reference?)
C:\gh\azure-sdk-for-net\sdk\servicefabric\Microsoft.Azure.Management.ServiceFabric\tests\Tests\ServiceFabricTestBase.cs(58,13): error CS0518: Predefined type 'System.Object' is not defined or imported
C:\gh\azure-sdk-for-net\sdk\servicefabric\Microsoft.Azure.Management.ServiceFabric\tests\Tests\ServiceFabricTestBase.cs(59,13): error CS0518: Predefined type 'System.String' is not defined or imported
C:\gh\azure-sdk-for-net\sdk\servicefabric\Microsoft.Azure.Management.ServiceFabric\tests\Tests\ServiceFabricTestBase.cs(60,13): error CS0518: Predefined type 'System.String' is not defined or imported
C:\gh\azure-sdk-for-net\sdk\servicefabric\Microsoft.Azure.Management.ServiceFabric\tests\Tests\ServiceFabricTestBase.cs(61,13): error CS0518: Predefined type 'System.String' is not defined or imported
C:\gh\azure-sdk-for-net\sdk\servicefabric\Microsoft.Azure.Management.ServiceFabric\tests\Tests\ServiceFabricTestBase.cs(56,19): error CS0518: Predefined type 'System.Object' is not defined or imported
C:\gh\azure-sdk-for-net\sdk\servicefabric\Microsoft.Azure.Management.ServiceFabric\tests\Tests\ManagedClusters\ManagedClusterTests.cs(19,51): error CS0518: Predefined type 'System.String' is not defined or imported
C:\gh\azure-sdk-for-net\sdk\servicefabric\Microsoft.Azure.Management.ServiceFabric\tests\Tests\TestListClusterVersions.cs(14,16): error CS0518: Predefined type 'System.Void' is not defined or imported
C:\gh\azure-sdk-for-net\sdk\servicefabric\Microsoft.Azure.Management.ServiceFabric\tests\Tests\ServiceFabricTestBase.cs(43,13): error CS0518: Predefined type 'System.Object' is not defined or imported
C:\gh\azure-sdk-for-net\sdk\servicefabric\Microsoft.Azure.Management.ServiceFabric\tests\Tests\ServiceFabricTestBase.cs(43,13): error CS0246: The type or namespace name 'MockContext' could not be found (are you missing a using directive or an assembly reference?)
C:\gh\azure-sdk-for-net\sdk\servicefabric\Microsoft.Azure.Management.ServiceFabric\tests\Tests\ServiceFabricTestBase.cs(44,13): error CS0518: Predefined type 'System.Object' is not defined or imported
C:\gh\azure-sdk-for-net\sdk\servicefabric\Microsoft.Azure.Management.ServiceFabric\tests\Tests\ServiceFabricTestBase.cs(44,13): error CS0246: The type or namespace name 'ResourceGroup' could not be found (are you missing a using directive or an assembly reference?)
C:\gh\azure-sdk-for-net\sdk\servicefabric\Microsoft.Azure.Management.ServiceFabric\tests\Tests\ServiceFabricTestBase.cs(42,19): error CS0518: Predefined type 'System.Object' is not defined or imported
C:\gh\azure-sdk-for-net\sdk\servicefabric\Microsoft.Azure.Management.ServiceFabric\tests\Tests\ServiceFabricTestBase.cs(42,19): error CS0246: The type or namespace name 'IPage<>' could not be found (are you missing a using directive or an assembly reference?)
C:\gh\azure-sdk-for-net\sdk\servicefabric\Microsoft.Azure.Management.ServiceFabric\tests\Tests\ServiceFabricTestBase.cs(42,25): error CS0518: Predefined type 'System.Object' is not defined or imported
C:\gh\azure-sdk-for-net\sdk\servicefabric\Microsoft.Azure.Management.ServiceFabric\tests\Tests\ServiceFabricTestBase.cs(42,25): error CS0246: The type or namespace name 'GenericResource' could not be found (are you missing a using directive or an assembly reference?)
C:\gh\azure-sdk-for-net\sdk\servicefabric\Microsoft.Azure.Management.ServiceFabric\tests\Tests\TestListClusterResource.cs(30,16): error CS0518: Predefined type 'System.Void' is not defined or imported
C:\gh\azure-sdk-for-net\sdk\servicefabric\Microsoft.Azure.Management.ServiceFabric\tests\TestHelper\RecordedDelegatingHandler.cs(23,42): error CS0518: Predefined type 'System.Object' is not defined or imported
C:\gh\azure-sdk-for-net\sdk\servicefabric\Microsoft.Azure.Management.ServiceFabric\tests\TestHelper\RecordedDelegatingHandler.cs(23,42): error CS0246: The type or namespace name 'HttpResponseMessage' could not be found (are you missing a using directive or an assembly reference?)
C:\gh\azure-sdk-for-net\sdk\servicefabric\Microsoft.Azure.Management.ServiceFabric\tests\TestHelper\RecordedDelegatingHandler.cs(23,9): error CS0518: Predefined type 'System.Void' is not defined or imported
C:\gh\azure-sdk-for-net\sdk\servicefabric\Microsoft.Azure.Management.ServiceFabric\tests\Tests\ServiceFabricTestBase.cs(20,19): error CS0518: Predefined type 'System.String' is not defined or imported
C:\gh\azure-sdk-for-net\sdk\servicefabric\Microsoft.Azure.Management.ServiceFabric\tests\Tests\TestUpdateClusterResource.cs(18,16): error CS0518: Predefined type 'System.Void' is not defined or imported
C:\gh\azure-sdk-for-net\sdk\servicefabric\Microsoft.Azure.Management.ServiceFabric\tests\Tests\TestGetClusterResource.cs(18,16): error CS0518: Predefined type 'System.Void' is not defined or imported
C:\gh\azure-sdk-for-net\sdk\servicefabric\Microsoft.Azure.Management.ServiceFabric\tests\Tests\TestCreateClusterResource.cs(20,16): error CS0518: Predefined type 'System.Void' is not defined or imported
C:\gh\azure-sdk-for-net\sdk\servicefabric\Microsoft.Azure.Management.ServiceFabric\tests\Tests\TestDeleteClusterResource.cs(20,16): error CS0518: Predefined type 'System.Void' is not defined or imported
C:\gh\azure-sdk-for-net\sdk\servicefabric\Microsoft.Azure.Management.ServiceFabric\tests\Tests\ManagedClusters\ServiceFabricManagedTestBase.cs(42,13): error CS0518: Predefined type 'System.Object' is not defined or imported
C:\gh\azure-sdk-for-net\sdk\servicefabric\Microsoft.Azure.Management.ServiceFabric\tests\Tests\ManagedClusters\ServiceFabricManagedTestBase.cs(42,13): error CS0246: The type or namespace name 'ResourceManagementClient' could not be found (are you missing a using directive or an assembly reference?)
C:\gh\azure-sdk-for-net\sdk\servicefabric\Microsoft.Azure.Management.ServiceFabric\tests\Tests\ManagedClusters\ServiceFabricManagedTestBase.cs(43,13): error CS0518: Predefined type 'System.Object' is not defined or imported
C:\gh\azure-sdk-for-net\sdk\servicefabric\Microsoft.Azure.Management.ServiceFabric\tests\Tests\ManagedClusters\ServiceFabricManagedTestBase.cs(44,13): error CS0518: Predefined type 'System.String' is not defined or imported
C:\gh\azure-sdk-for-net\sdk\servicefabric\Microsoft.Azure.Management.ServiceFabric\tests\Tests\ManagedClusters\ServiceFabricManagedTestBase.cs(45,13): error CS0518: Predefined type 'System.String' is not defined or imported
C:\gh\azure-sdk-for-net\sdk\servicefabric\Microsoft.Azure.Management.ServiceFabric\tests\Tests\ManagedClusters\ServiceFabricManagedTestBase.cs(46,13): error CS0518: Predefined type 'System.String' is not defined or imported
C:\gh\azure-sdk-for-net\sdk\servicefabric\Microsoft.Azure.Management.ServiceFabric\tests\Tests\ManagedClusters\ServiceFabricManagedTestBase.cs(47,13): error CS0518: Predefined type 'System.String' is not defined or imported
C:\gh\azure-sdk-for-net\sdk\servicefabric\Microsoft.Azure.Management.ServiceFabric\tests\Tests\ManagedClusters\ServiceFabricManagedTestBase.cs(41,19): error CS0518: Predefined type 'System.Object' is not defined or imported
C:\gh\azure-sdk-for-net\sdk\servicefabric\Microsoft.Azure.Management.ServiceFabric\tests\TestHelper\RecordedDelegatingHandler.cs(17,9): error CS0518: Predefined type 'System.Void' is not defined or imported
C:\gh\azure-sdk-for-net\sdk\servicefabric\Microsoft.Azure.Management.ServiceFabric\tests\Tests\ServiceFabricTestBase.cs(18,18): error CS0518: Predefined type 'System.Object' is not defined or imported
C:\gh\azure-sdk-for-net\sdk\servicefabric\Microsoft.Azure.Management.ServiceFabric\tests\Tests\TestListClusterResource.cs(15,16): error CS0518: Predefined type 'System.Void' is not defined or imported
C:\gh\azure-sdk-for-net\sdk\servicefabric\Microsoft.Azure.Management.ServiceFabric\tests\Tests\ManagedClusters\ServiceFabricManagedTestBase.cs(21,72): error CS0518: Predefined type 'System.Object' is not defined or imported
C:\gh\azure-sdk-for-net\sdk\servicefabric\Microsoft.Azure.Management.ServiceFabric\tests\Tests\ManagedClusters\ServiceFabricManagedTestBase.cs(21,72): error CS0246: The type or namespace name 'MockContext' could not be found (are you missing a using directive or an assembly reference?)
C:\gh\azure-sdk-for-net\sdk\servicefabric\Microsoft.Azure.Management.ServiceFabric\tests\Tests\ManagedClusters\ServiceFabricManagedTestBase.cs(21,19): error CS0518: Predefined type 'System.Object' is not defined or imported
C:\gh\azure-sdk-for-net\sdk\servicefabric\Microsoft.Azure.Management.ServiceFabric\tests\Tests\ManagedClusters\ServiceFabricManagedTestBase.cs(21,19): error CS0246: The type or namespace name 'ResourceManagementClient' could not be found (are you missing a using directive or an assembly reference?)
C:\gh\azure-sdk-for-net\sdk\servicefabric\Microsoft.Azure.Management.ServiceFabric\tests\Tests\ManagedClusters\ManagedClusterTests.cs(141,16): error CS0518: Predefined type 'System.Void' is not defined or imported
C:\gh\azure-sdk-for-net\sdk\servicefabric\Microsoft.Azure.Management.ServiceFabric\tests\Tests\ManagedClusters\ManagedClusterTests.cs(17,42): error CS0518: Predefined type 'System.String' is not defined or imported
C:\gh\azure-sdk-for-net\sdk\servicefabric\Microsoft.Azure.Management.ServiceFabric\tests\Tests\ManagedClusters\ServiceFabricManagedTestBase.cs(17,18): error CS0518: Predefined type 'System.Object' is not defined or imported
C:\gh\azure-sdk-for-net\sdk\servicefabric\Microsoft.Azure.Management.ServiceFabric\tests\Tests\ManagedClusters\ManagedClusterTests.cs(86,16): error CS0518: Predefined type 'System.Void' is not defined or imported
C:\gh\azure-sdk-for-net\sdk\servicefabric\Microsoft.Azure.Management.ServiceFabric\tests\Tests\ManagedClusters\ManagedClusterTests.cs(22,16): error CS0518: Predefined type 'System.Void' is not defined or imported
C:\gh\azure-sdk-for-net\eng\mgmt\DisableTestRunParallel.cs(7,12): error CS0246: The type or namespace name 'CollectionBehaviorAttribute' could not be found (are you missing a using directive or an assembly reference?)
C:\gh\azure-sdk-for-net\eng\mgmt\DisableTestRunParallel.cs(7,12): error CS0246: The type or namespace name 'CollectionBehavior' could not be found (are you missing a using directive or an assembly reference?)
C:\gh\azure-sdk-for-net\artifacts\obj\Microsoft.Azure.Management.ServiceFabric.Test\Debug\netcoreapp2.0\.NETCoreApp,Version=v2.0.AssemblyAttributes.cs(4,20): error CS0400: The type or namespace name 'System' could not be found in the global namespace (are you missing an assembly reference?)
C:\gh\azure-sdk-for-net\artifacts\obj\Microsoft.Azure.Management.ServiceFabric.Test\Debug\netcoreapp2.0\Microsoft.Azure.Management.ServiceFabric.Test.AssemblyInfo.cs(14,12): error CS0246: The type or namespace name 'System' could not be found (are you missing a using directive or an assembly reference?)
C:\gh\azure-sdk-for-net\artifacts\obj\Microsoft.Azure.Management.ServiceFabric.Test\Debug\netcoreapp2.0\Microsoft.Azure.Management.ServiceFabric.Test.AssemblyInfo.cs(16,12): error CS0246: The type or namespace name 'System' could not be found (are you missing a using directive or an assembly reference?)
C:\gh\azure-sdk-for-net\artifacts\obj\Microsoft.Azure.Management.ServiceFabric.Test\Debug\netcoreapp2.0\Microsoft.Azure.Management.ServiceFabric.Test.AssemblyInfo.cs(17,12): error CS0246: The type or namespace name 'System' could not be found (are you missing a using directive or an assembly reference?)
C:\gh\azure-sdk-for-net\eng\mgmt\DisableTestRunParallel.cs(7,31): error CS0246: The type or namespace name 'DisableTestParallelization' could not be found (are you missing a using directive or an assembly reference?)
C:\gh\azure-sdk-for-net\eng\mgmt\DisableTestRunParallel.cs(7,60): error CS0518: Predefined type 'System.Boolean' is not defined or imported
C:\gh\azure-sdk-for-net\eng\mgmt\DisableTestRunParallel.cs(7,66): error CS0246: The type or namespace name 'MaxParallelThreads' could not be found (are you missing a using directive or an assembly reference?)
C:\gh\azure-sdk-for-net\eng\mgmt\DisableTestRunParallel.cs(7,87): error CS0518: Predefined type 'System.Int32' is not defined or imported
C:\gh\azure-sdk-for-net\artifacts\obj\Microsoft.Azure.Management.ServiceFabric.Test\Debug\netcoreapp2.0\.NETCoreApp,Version=v2.0.AssemblyAttributes.cs(4,71): error CS0518: Predefined type 'System.String' is not defined or imported
C:\gh\azure-sdk-for-net\artifacts\obj\Microsoft.Azure.Management.ServiceFabric.Test\Debug\netcoreapp2.0\.NETCoreApp,Version=v2.0.AssemblyAttributes.cs(4,99): error CS0246: The type or namespace name 'FrameworkDisplayName' could not be found (are you missing a using directive or an assembly reference?)
C:\gh\azure-sdk-for-net\artifacts\obj\Microsoft.Azure.Management.ServiceFabric.Test\Debug\netcoreapp2.0\.NETCoreApp,Version=v2.0.AssemblyAttributes.cs(4,122): error CS0518: Predefined type 'System.String' is not defined or imported
C:\gh\azure-sdk-for-net\artifacts\obj\Microsoft.Azure.Management.ServiceFabric.Test\Debug\netcoreapp2.0\Microsoft.Azure.Management.ServiceFabric.Test.AssemblyInfo.cs(14,56): error CS0518: Predefined type 'System.String' is not defined or imported
C:\gh\azure-sdk-for-net\artifacts\obj\Microsoft.Azure.Management.ServiceFabric.Test\Debug\netcoreapp2.0\Microsoft.Azure.Management.ServiceFabric.Test.AssemblyInfo.cs(14,70): error CS0518: Predefined type 'System.String' is not defined or imported
C:\gh\azure-sdk-for-net\artifacts\obj\Microsoft.Azure.Management.ServiceFabric.Test\Debug\netcoreapp2.0\Microsoft.Azure.Management.ServiceFabric.Test.AssemblyInfo.cs(15,5): error CS0518: Predefined type 'System.String' is not defined or imported
C:\gh\azure-sdk-for-net\artifacts\obj\Microsoft.Azure.Management.ServiceFabric.Test\Debug\netcoreapp2.0\Microsoft.Azure.Management.ServiceFabric.Test.AssemblyInfo.cs(16,68): error CS0518: Predefined type 'System.String' is not defined or imported
C:\gh\azure-sdk-for-net\artifacts\obj\Microsoft.Azure.Management.ServiceFabric.Test\Debug\netcoreapp2.0\Microsoft.Azure.Management.ServiceFabric.Test.AssemblyInfo.cs(17,56): error CS0518: Predefined type 'System.String' is not defined or imported
C:\gh\azure-sdk-for-net\artifacts\obj\Microsoft.Azure.Management.ServiceFabric.Test\Debug\netcoreapp2.0\Microsoft.Azure.Management.ServiceFabric.Test.AssemblyInfo.cs(17,73): error CS0518: Predefined type 'System.String' is not defined or imported
C:\gh\azure-sdk-for-net\sdk\servicefabric\Microsoft.Azure.Management.ServiceFabric\tests\Tests\TestListClusterVersions.cs(2,17): error CS0234: The type or namespace name 'Rest' does not exist in the namespace 'Microsoft' (are you missing an assembly reference?)
C:\gh\azure-sdk-for-net\sdk\servicefabric\Microsoft.Azure.Management.ServiceFabric\tests\Tests\TestListClusterVersions.cs(3,7): error CS0246: The type or namespace name 'System' could not be found (are you missing a using directive or an assembly reference?)
C:\gh\azure-sdk-for-net\sdk\servicefabric\Microsoft.Azure.Management.ServiceFabric\tests\Tests\TestListClusterVersions.cs(4,7): error CS0246: The type or namespace name 'System' could not be found (are you missing a using directive or an assembly reference?)
C:\gh\azure-sdk-for-net\sdk\servicefabric\Microsoft.Azure.Management.ServiceFabric\tests\Tests\TestListClusterVersions.cs(5,7): error CS0246: The type or namespace name 'System' could not be found (are you missing a using directive or an assembly reference?)
C:\gh\azure-sdk-for-net\sdk\servicefabric\Microsoft.Azure.Management.ServiceFabric\tests\Tests\TestListClusterVersions.cs(6,7): error CS0246: The type or namespace name 'System' could not be found (are you missing a using directive or an assembly reference?)
C:\gh\azure-sdk-for-net\sdk\servicefabric\Microsoft.Azure.Management.ServiceFabric\tests\Tests\TestListClusterVersions.cs(7,7): error CS0246: The type or namespace name 'Xunit' could not be found (are you missing a using directive or an assembly reference?)
C:\gh\azure-sdk-for-net\eng\mgmt\DisableTestRunParallel.cs(4,7): error CS0246: The type or namespace name 'System' could not be found (are you missing a using directive or an assembly reference?)
C:\gh\azure-sdk-for-net\eng\mgmt\DisableTestRunParallel.cs(5,7): error CS0246: The type or namespace name 'Xunit' could not be found (are you missing a using directive or an assembly reference?)
C:\gh\azure-sdk-for-net\artifacts\obj\Microsoft.Azure.Management.ServiceFabric.Test\Debug\netcoreapp2.0\.NETCoreApp,Version=v2.0.AssemblyAttributes.cs(2,7): error CS0246: The type or namespace name 'System' could not be found (are you missing a using directive or an assembly reference?)
C:\gh\azure-sdk-for-net\artifacts\obj\Microsoft.Azure.Management.ServiceFabric.Test\Debug\netcoreapp2.0\.NETCoreApp,Version=v2.0.AssemblyAttributes.cs(3,7): error CS0246: The type or namespace name 'System' could not be found (are you missing a using directive or an assembly reference?)
C:\gh\azure-sdk-for-net\artifacts\obj\Microsoft.Azure.Management.ServiceFabric.Test\Debug\netcoreapp2.0\Microsoft.Azure.Management.ServiceFabric.Test.AssemblyInfo.cs(11,7): error CS0246: The type or namespace name 'System' could not be found (are you missing a using directive or an assembly reference?)
C:\gh\azure-sdk-for-net\artifacts\obj\Microsoft.Azure.Management.ServiceFabric.Test\Debug\netcoreapp2.0\Microsoft.Azure.Management.ServiceFabric.Test.AssemblyInfo.cs(12,7): error CS0246: The type or namespace name 'System' could not be found (are you missing a using directive or an assembly reference?)
C:\gh\azure-sdk-for-net\sdk\servicefabric\Microsoft.Azure.Management.ServiceFabric\tests\TestHelper\RecordedDelegatingHandler.cs(7,11): error CS0246: The type or namespace name 'System' could not be found (are you missing a using directive or an assembly reference?)
C:\gh\azure-sdk-for-net\sdk\servicefabric\Microsoft.Azure.Management.ServiceFabric\tests\TestHelper\RecordedDelegatingHandler.cs(8,11): error CS0246: The type or namespace name 'System' could not be found (are you missing a using directive or an assembly reference?)
C:\gh\azure-sdk-for-net\sdk\servicefabric\Microsoft.Azure.Management.ServiceFabric\tests\TestHelper\RecordedDelegatingHandler.cs(9,11): error CS0246: The type or namespace name 'System' could not be found (are you missing a using directive or an assembly reference?)
C:\gh\azure-sdk-for-net\sdk\servicefabric\Microsoft.Azure.Management.ServiceFabric\tests\TestHelper\RecordedDelegatingHandler.cs(10,11): error CS0246: The type or namespace name 'System' could not be found (are you missing a using directive or an assembly reference?)
C:\gh\azure-sdk-for-net\sdk\servicefabric\Microsoft.Azure.Management.ServiceFabric\tests\TestHelper\RecordedDelegatingHandler.cs(11,11): error CS0246: The type or namespace name 'System' could not be found (are you missing a using directive or an assembly reference?)
C:\gh\azure-sdk-for-net\sdk\servicefabric\Microsoft.Azure.Management.ServiceFabric\tests\Tests\ManagedClusters\ManagedClusterTests.cs(6,21): error CS0234: The type or namespace name 'Rest' does not exist in the namespace 'Microsoft' (are you missing an assembly reference?)
C:\gh\azure-sdk-for-net\sdk\servicefabric\Microsoft.Azure.Management.ServiceFabric\tests\Tests\ManagedClusters\ManagedClusterTests.cs(7,11): error CS0246: The type or namespace name 'Xunit' could not be found (are you missing a using directive or an assembly reference?)
C:\gh\azure-sdk-for-net\sdk\servicefabric\Microsoft.Azure.Management.ServiceFabric\tests\Tests\ManagedClusters\ManagedClusterTests.cs(9,38): error CS0234: The type or namespace name 'Resources' does not exist in the namespace 'Microsoft.Azure.Management' (are you missing an assembly reference?)
C:\gh\azure-sdk-for-net\sdk\servicefabric\Microsoft.Azure.Management.ServiceFabric\tests\Tests\ServiceFabricTestBase.cs(6,38): error CS0234: The type or namespace name 'Resources' does not exist in the namespace 'Microsoft.Azure.Management' (are you missing an assembly reference?)
C:\gh\azure-sdk-for-net\sdk\servicefabric\Microsoft.Azure.Management.ServiceFabric\tests\Tests\ManagedClusters\ManagedClusterTests.cs(11,11): error CS0246: The type or namespace name 'System' could not be found (are you missing a using directive or an assembly reference?)
C:\gh\azure-sdk-for-net\sdk\servicefabric\Microsoft.Azure.Management.ServiceFabric\tests\Tests\ManagedClusters\ManagedClusterTests.cs(12,11): error CS0246: The type or namespace name 'System' could not be found (are you missing a using directive or an assembly reference?)
C:\gh\azure-sdk-for-net\sdk\servicefabric\Microsoft.Azure.Management.ServiceFabric\tests\Tests\ServiceFabricTestBase.cs(7,38): error CS0234: The type or namespace name 'Resources' does not exist in the namespace 'Microsoft.Azure.Management' (are you missing an assembly reference?)
C:\gh\azure-sdk-for-net\sdk\servicefabric\Microsoft.Azure.Management.ServiceFabric\tests\Tests\ManagedClusters\ManagedClusterTests.cs(13,11): error CS0246: The type or namespace name 'System' could not be found (are you missing a using directive or an assembly reference?)
C:\gh\azure-sdk-for-net\sdk\servicefabric\Microsoft.Azure.Management.ServiceFabric\tests\Tests\ServiceFabricTestBase.cs(9,21): error CS0234: The type or namespace name 'Rest' does not exist in the namespace 'Microsoft' (are you missing an assembly reference?)
C:\gh\azure-sdk-for-net\sdk\servicefabric\Microsoft.Azure.Management.ServiceFabric\tests\Tests\ServiceFabricTestBase.cs(10,21): error CS0234: The type or namespace name 'Rest' does not exist in the namespace 'Microsoft' (are you missing an assembly reference?)
C:\gh\azure-sdk-for-net\sdk\servicefabric\Microsoft.Azure.Management.ServiceFabric\tests\Tests\ServiceFabricTestBase.cs(12,11): error CS0246: The type or namespace name 'System' could not be found (are you missing a using directive or an assembly reference?)
C:\gh\azure-sdk-for-net\sdk\servicefabric\Microsoft.Azure.Management.ServiceFabric\tests\Tests\ServiceFabricTestBase.cs(14,11): error CS0246: The type or namespace name 'System' could not be found (are you missing a using directive or an assembly reference?)
C:\gh\azure-sdk-for-net\sdk\servicefabric\Microsoft.Azure.Management.ServiceFabric\tests\Tests\ServiceFabricTestBase.cs(15,11): error CS0246: The type or namespace name 'System' could not be found (are you missing a using directive or an assembly reference?)
C:\gh\azure-sdk-for-net\sdk\servicefabric\Microsoft.Azure.Management.ServiceFabric\tests\Tests\ServiceFabricTestBase.cs(16,11): error CS0246: The type or namespace name 'Xunit' could not be found (are you missing a using directive or an assembly reference?)
C:\gh\azure-sdk-for-net\sdk\servicefabric\Microsoft.Azure.Management.ServiceFabric\tests\Tests\TestCreateClusterResource.cs(6,21): error CS0234: The type or namespace name 'Rest' does not exist in the namespace 'Microsoft' (are you missing an assembly reference?)
C:\gh\azure-sdk-for-net\sdk\servicefabric\Microsoft.Azure.Management.ServiceFabric\tests\Tests\TestCreateClusterResource.cs(7,11): error CS0246: The type or namespace name 'Xunit' could not be found (are you missing a using directive or an assembly reference?)
C:\gh\azure-sdk-for-net\sdk\servicefabric\Microsoft.Azure.Management.ServiceFabric\tests\Tests\TestCreateClusterResource.cs(9,11): error CS0246: The type or namespace name 'System' could not be found (are you missing a using directive or an assembly reference?)
C:\gh\azure-sdk-for-net\sdk\servicefabric\Microsoft.Azure.Management.ServiceFabric\tests\Tests\TestCreateClusterResource.cs(10,38): error CS0234: The type or namespace name 'Resources' does not exist in the namespace 'Microsoft.Azure.Management' (are you missing an assembly reference?)
C:\gh\azure-sdk-for-net\sdk\servicefabric\Microsoft.Azure.Management.ServiceFabric\tests\Tests\TestCreateClusterResource.cs(11,38): error CS0234: The type or namespace name 'Resources' does not exist in the namespace 'Microsoft.Azure.Management' (are you missing an assembly reference?)
C:\gh\azure-sdk-for-net\sdk\servicefabric\Microsoft.Azure.Management.ServiceFabric\tests\Tests\TestCreateClusterResource.cs(12,11): error CS0246: The type or namespace name 'System' could not be found (are you missing a using directive or an assembly reference?)
C:\gh\azure-sdk-for-net\sdk\servicefabric\Microsoft.Azure.Management.ServiceFabric\tests\Tests\TestCreateClusterResource.cs(14,11): error CS0246: The type or namespace name 'System' could not be found (are you missing a using directive or an assembly reference?)
C:\gh\azure-sdk-for-net\sdk\servicefabric\Microsoft.Azure.Management.ServiceFabric\tests\Tests\TestCreateClusterResource.cs(15,11): error CS0246: The type or namespace name 'System' could not be found (are you missing a using directive or an assembly reference?)
C:\gh\azure-sdk-for-net\sdk\servicefabric\Microsoft.Azure.Management.ServiceFabric\tests\Tests\TestDeleteClusterResource.cs(6,21): error CS0234: The type or namespace name 'Rest' does not exist in the namespace 'Microsoft' (are you missing an assembly reference?)
C:\gh\azure-sdk-for-net\sdk\servicefabric\Microsoft.Azure.Management.ServiceFabric\tests\Tests\TestDeleteClusterResource.cs(7,11): error CS0246: The type or namespace name 'Xunit' could not be found (are you missing a using directive or an assembly reference?)
C:\gh\azure-sdk-for-net\sdk\servicefabric\Microsoft.Azure.Management.ServiceFabric\tests\Tests\TestDeleteClusterResource.cs(9,11): error CS0246: The type or namespace name 'System' could not be found (are you missing a using directive or an assembly reference?)
C:\gh\azure-sdk-for-net\sdk\servicefabric\Microsoft.Azure.Management.ServiceFabric\tests\Tests\TestDeleteClusterResource.cs(10,38): error CS0234: The type or namespace name 'Resources' does not exist in the namespace 'Microsoft.Azure.Management' (are you missing an assembly reference?)
C:\gh\azure-sdk-for-net\sdk\servicefabric\Microsoft.Azure.Management.ServiceFabric\tests\Tests\TestDeleteClusterResource.cs(11,38): error CS0234: The type or namespace name 'Resources' does not exist in the namespace 'Microsoft.Azure.Management' (are you missing an assembly reference?)
C:\gh\azure-sdk-for-net\sdk\servicefabric\Microsoft.Azure.Management.ServiceFabric\tests\Tests\TestDeleteClusterResource.cs(12,11): error CS0246: The type or namespace name 'System' could not be found (are you missing a using directive or an assembly reference?)
C:\gh\azure-sdk-for-net\sdk\servicefabric\Microsoft.Azure.Management.ServiceFabric\tests\Tests\TestDeleteClusterResource.cs(14,11): error CS0246: The type or namespace name 'System' could not be found (are you missing a using directive or an assembly reference?)
C:\gh\azure-sdk-for-net\sdk\servicefabric\Microsoft.Azure.Management.ServiceFabric\tests\Tests\TestDeleteClusterResource.cs(15,11): error CS0246: The type or namespace name 'System' could not be found (are you missing a using directive or an assembly reference?)
C:\gh\azure-sdk-for-net\sdk\servicefabric\Microsoft.Azure.Management.ServiceFabric\tests\Tests\TestGetClusterResource.cs(6,21): error CS0234: The type or namespace name 'Rest' does not exist in the namespace 'Microsoft' (are you missing an assembly reference?)
C:\gh\azure-sdk-for-net\sdk\servicefabric\Microsoft.Azure.Management.ServiceFabric\tests\Tests\TestGetClusterResource.cs(7,11): error CS0246: The type or namespace name 'Xunit' could not be found (are you missing a using directive or an assembly reference?)
C:\gh\azure-sdk-for-net\sdk\servicefabric\Microsoft.Azure.Management.ServiceFabric\tests\Tests\TestGetClusterResource.cs(9,11): error CS0246: The type or namespace name 'System' could not be found (are you missing a using directive or an assembly reference?)
C:\gh\azure-sdk-for-net\sdk\servicefabric\Microsoft.Azure.Management.ServiceFabric\tests\Tests\TestGetClusterResource.cs(10,38): error CS0234: The type or namespace name 'Resources' does not exist in the namespace 'Microsoft.Azure.Management' (are you missing an assembly reference?)
C:\gh\azure-sdk-for-net\sdk\servicefabric\Microsoft.Azure.Management.ServiceFabric\tests\Tests\TestGetClusterResource.cs(11,38): error CS0234: The type or namespace name 'Resources' does not exist in the namespace 'Microsoft.Azure.Management' (are you missing an assembly reference?)
C:\gh\azure-sdk-for-net\sdk\servicefabric\Microsoft.Azure.Management.ServiceFabric\tests\Tests\TestGetClusterResource.cs(12,11): error CS0246: The type or namespace name 'System' could not be found (are you missing a using directive or an assembly reference?)
C:\gh\azure-sdk-for-net\sdk\servicefabric\Microsoft.Azure.Management.ServiceFabric\tests\Tests\TestListClusterResource.cs(6,21): error CS0234: The type or namespace name 'Rest' does not exist in the namespace 'Microsoft' (are you missing an assembly reference?)
C:\gh\azure-sdk-for-net\sdk\servicefabric\Microsoft.Azure.Management.ServiceFabric\tests\Tests\TestListClusterResource.cs(7,11): error CS0246: The type or namespace name 'Xunit' could not be found (are you missing a using directive or an assembly reference?)
C:\gh\azure-sdk-for-net\sdk\servicefabric\Microsoft.Azure.Management.ServiceFabric\tests\Tests\TestListClusterResource.cs(9,11): error CS0246: The type or namespace name 'System' could not be found (are you missing a using directive or an assembly reference?)
C:\gh\azure-sdk-for-net\sdk\servicefabric\Microsoft.Azure.Management.ServiceFabric\tests\Tests\TestListClusterResource.cs(10,38): error CS0234: The type or namespace name 'Resources' does not exist in the namespace 'Microsoft.Azure.Management' (are you missing an assembly reference?)
C:\gh\azure-sdk-for-net\sdk\servicefabric\Microsoft.Azure.Management.ServiceFabric\tests\Tests\TestUpdateClusterResource.cs(6,21): error CS0234: The type or namespace name 'Rest' does not exist in the namespace 'Microsoft' (are you missing an assembly reference?)
C:\gh\azure-sdk-for-net\sdk\servicefabric\Microsoft.Azure.Management.ServiceFabric\tests\Tests\TestUpdateClusterResource.cs(7,11): error CS0246: The type or namespace name 'Xunit' could not be found (are you missing a using directive or an assembly reference?)
C:\gh\azure-sdk-for-net\sdk\servicefabric\Microsoft.Azure.Management.ServiceFabric\tests\Tests\TestUpdateClusterResource.cs(9,11): error CS0246: The type or namespace name 'System' could not be found (are you missing a using directive or an assembly reference?)
C:\gh\azure-sdk-for-net\sdk\servicefabric\Microsoft.Azure.Management.ServiceFabric\tests\Tests\TestUpdateClusterResource.cs(10,38): error CS0234: The type or namespace name 'Resources' does not exist in the namespace 'Microsoft.Azure.Management' (are you missing an assembly reference?)
C:\gh\azure-sdk-for-net\sdk\servicefabric\Microsoft.Azure.Management.ServiceFabric\tests\Tests\TestUpdateClusterResource.cs(11,11): error CS0246: The type or namespace name 'System' could not be found (are you missing a using directive or an assembly reference?)
C:\gh\azure-sdk-for-net\sdk\servicefabric\Microsoft.Azure.Management.ServiceFabric\tests\Tests\TestUpdateClusterResource.cs(13,11): error CS0246: The type or namespace name 'System' could not be found (are you missing a using directive or an assembly reference?)
C:\gh\azure-sdk-for-net\sdk\servicefabric\Microsoft.Azure.Management.ServiceFabric\tests\Tests\ManagedClusters\ServiceFabricManagedTestBase.cs(6,38): error CS0234: The type or namespace name 'Resources' does not exist in the namespace 'Microsoft.Azure.Management' (are you missing an assembly reference?)
C:\gh\azure-sdk-for-net\sdk\servicefabric\Microsoft.Azure.Management.ServiceFabric\tests\Tests\ManagedClusters\ServiceFabricManagedTestBase.cs(7,38): error CS0234: The type or namespace name 'Resources' does not exist in the namespace 'Microsoft.Azure.Management' (are you missing an assembly reference?)
C:\gh\azure-sdk-for-net\sdk\servicefabric\Microsoft.Azure.Management.ServiceFabric\tests\Tests\ManagedClusters\ServiceFabricManagedTestBase.cs(9,21): error CS0234: The type or namespace name 'Rest' does not exist in the namespace 'Microsoft' (are you missing an assembly reference?)
C:\gh\azure-sdk-for-net\sdk\servicefabric\Microsoft.Azure.Management.ServiceFabric\tests\Tests\ManagedClusters\ServiceFabricManagedTestBase.cs(10,21): error CS0234: The type or namespace name 'Rest' does not exist in the namespace 'Microsoft' (are you missing an assembly reference?)
C:\gh\azure-sdk-for-net\sdk\servicefabric\Microsoft.Azure.Management.ServiceFabric\tests\Tests\ManagedClusters\ServiceFabricManagedTestBase.cs(12,11): error CS0246: The type or namespace name 'System' could not be found (are you missing a using directive or an assembly reference?)
C:\gh\azure-sdk-for-net\sdk\servicefabric\Microsoft.Azure.Management.ServiceFabric\tests\Tests\ManagedClusters\ServiceFabricManagedTestBase.cs(14,11): error CS0246: The type or namespace name 'System' could not be found (are you missing a using directive or an assembly reference?)
C:\gh\azure-sdk-for-net\sdk\servicefabric\Microsoft.Azure.Management.ServiceFabric\tests\Tests\ManagedClusters\ServiceFabricManagedTestBase.cs(15,11): error CS0246: The type or namespace name 'Xunit' could not be found (are you missing a using directive or an assembly reference?)
C:\gh\azure-sdk-for-net\sdk\servicefabric\Microsoft.Azure.Management.ServiceFabric\tests\Tests\TestListClusterVersions.cs(13,10): error CS0518: Predefined type 'System.Object' is not defined or imported
C:\gh\azure-sdk-for-net\sdk\servicefabric\Microsoft.Azure.Management.ServiceFabric\tests\Tests\TestListClusterVersions.cs(13,10): error CS0246: The type or namespace name 'FactAttribute' could not be found (are you missing a using directive or an assembly reference?)
C:\gh\azure-sdk-for-net\sdk\servicefabric\Microsoft.Azure.Management.ServiceFabric\tests\Tests\TestListClusterVersions.cs(13,10): error CS0246: The type or namespace name 'Fact' could not be found (are you missing a using directive or an assembly reference?)
C:\gh\azure-sdk-for-net\sdk\servicefabric\Microsoft.Azure.Management.ServiceFabric\tests\Tests\TestListClusterResource.cs(14,10): error CS0518: Predefined type 'System.Object' is not defined or imported
C:\gh\azure-sdk-for-net\sdk\servicefabric\Microsoft.Azure.Management.ServiceFabric\tests\Tests\TestListClusterResource.cs(14,10): error CS0246: The type or namespace name 'FactAttribute' could not be found (are you missing a using directive or an assembly reference?)
C:\gh\azure-sdk-for-net\sdk\servicefabric\Microsoft.Azure.Management.ServiceFabric\tests\Tests\TestListClusterResource.cs(14,10): error CS0246: The type or namespace name 'Fact' could not be found (are you missing a using directive or an assembly reference?)
C:\gh\azure-sdk-for-net\sdk\servicefabric\Microsoft.Azure.Management.ServiceFabric\tests\Tests\TestCreateClusterResource.cs(19,10): error CS0518: Predefined type 'System.Object' is not defined or imported
C:\gh\azure-sdk-for-net\sdk\servicefabric\Microsoft.Azure.Management.ServiceFabric\tests\Tests\TestCreateClusterResource.cs(19,10): error CS0246: The type or namespace name 'FactAttribute' could not be found (are you missing a using directive or an assembly reference?)
C:\gh\azure-sdk-for-net\sdk\servicefabric\Microsoft.Azure.Management.ServiceFabric\tests\Tests\TestCreateClusterResource.cs(19,10): error CS0246: The type or namespace name 'Fact' could not be found (are you missing a using directive or an assembly reference?)
C:\gh\azure-sdk-for-net\sdk\servicefabric\Microsoft.Azure.Management.ServiceFabric\tests\Tests\TestUpdateClusterResource.cs(17,10): error CS0518: Predefined type 'System.Object' is not defined or imported
C:\gh\azure-sdk-for-net\sdk\servicefabric\Microsoft.Azure.Management.ServiceFabric\tests\Tests\TestUpdateClusterResource.cs(17,10): error CS0246: The type or namespace name 'FactAttribute' could not be found (are you missing a using directive or an assembly reference?)
C:\gh\azure-sdk-for-net\sdk\servicefabric\Microsoft.Azure.Management.ServiceFabric\tests\Tests\TestUpdateClusterResource.cs(17,10): error CS0246: The type or namespace name 'Fact' could not be found (are you missing a using directive or an assembly reference?)
C:\gh\azure-sdk-for-net\sdk\servicefabric\Microsoft.Azure.Management.ServiceFabric\tests\Tests\TestGetClusterResource.cs(17,10): error CS0518: Predefined type 'System.Object' is not defined or imported
C:\gh\azure-sdk-for-net\sdk\servicefabric\Microsoft.Azure.Management.ServiceFabric\tests\Tests\TestGetClusterResource.cs(17,10): error CS0246: The type or namespace name 'FactAttribute' could not be found (are you missing a using directive or an assembly reference?)
C:\gh\azure-sdk-for-net\sdk\servicefabric\Microsoft.Azure.Management.ServiceFabric\tests\Tests\TestGetClusterResource.cs(17,10): error CS0246: The type or namespace name 'Fact' could not be found (are you missing a using directive or an assembly reference?)
C:\gh\azure-sdk-for-net\sdk\servicefabric\Microsoft.Azure.Management.ServiceFabric\tests\Tests\TestDeleteClusterResource.cs(19,10): error CS0518: Predefined type 'System.Object' is not defined or imported
C:\gh\azure-sdk-for-net\sdk\servicefabric\Microsoft.Azure.Management.ServiceFabric\tests\Tests\TestDeleteClusterResource.cs(19,10): error CS0246: The type or namespace name 'FactAttribute' could not be found (are you missing a using directive or an assembly reference?)
C:\gh\azure-sdk-for-net\sdk\servicefabric\Microsoft.Azure.Management.ServiceFabric\tests\Tests\TestDeleteClusterResource.cs(19,10): error CS0246: The type or namespace name 'Fact' could not be found (are you missing a using directive or an assembly reference?)
C:\gh\azure-sdk-for-net\sdk\servicefabric\Microsoft.Azure.Management.ServiceFabric\tests\Tests\ManagedClusters\ServiceFabricManagedTestBase.cs(19,19): error CS0518: Predefined type 'System.String' is not defined or imported
C:\gh\azure-sdk-for-net\sdk\servicefabric\Microsoft.Azure.Management.ServiceFabric\tests\Tests\TestListClusterResource.cs(29,10): error CS0518: Predefined type 'System.Object' is not defined or imported
C:\gh\azure-sdk-for-net\sdk\servicefabric\Microsoft.Azure.Management.ServiceFabric\tests\Tests\TestListClusterResource.cs(29,10): error CS0246: The type or namespace name 'FactAttribute' could not be found (are you missing a using directive or an assembly reference?)
C:\gh\azure-sdk-for-net\sdk\servicefabric\Microsoft.Azure.Management.ServiceFabric\tests\Tests\TestListClusterResource.cs(29,10): error CS0246: The type or namespace name 'Fact' could not be found (are you missing a using directive or an assembly reference?)
C:\gh\azure-sdk-for-net\sdk\servicefabric\Microsoft.Azure.Management.ServiceFabric\tests\TestHelper\RecordedDelegatingHandler.cs(30,57): error CS0518: Predefined type 'System.Void' is not defined or imported
C:\gh\azure-sdk-for-net\sdk\servicefabric\Microsoft.Azure.Management.ServiceFabric\tests\Tests\ManagedClusters\ManagedClusterTests.cs(21,10): error CS0518: Predefined type 'System.Object' is not defined or imported
C:\gh\azure-sdk-for-net\sdk\servicefabric\Microsoft.Azure.Management.ServiceFabric\tests\Tests\ManagedClusters\ManagedClusterTests.cs(21,10): error CS0246: The type or namespace name 'FactAttribute' could not be found (are you missing a using directive or an assembly reference?)
C:\gh\azure-sdk-for-net\sdk\servicefabric\Microsoft.Azure.Management.ServiceFabric\tests\Tests\ManagedClusters\ManagedClusterTests.cs(21,10): error CS0246: The type or namespace name 'Fact' could not be found (are you missing a using directive or an assembly reference?)
C:\gh\azure-sdk-for-net\sdk\servicefabric\Microsoft.Azure.Management.ServiceFabric\tests\Tests\ManagedClusters\ManagedClusterTests.cs(85,10): error CS0518: Predefined type 'System.Object' is not defined or imported
C:\gh\azure-sdk-for-net\sdk\servicefabric\Microsoft.Azure.Management.ServiceFabric\tests\Tests\ManagedClusters\ManagedClusterTests.cs(85,10): error CS0246: The type or namespace name 'FactAttribute' could not be found (are you missing a using directive or an assembly reference?)
C:\gh\azure-sdk-for-net\sdk\servicefabric\Microsoft.Azure.Management.ServiceFabric\tests\Tests\ManagedClusters\ManagedClusterTests.cs(85,10): error CS0246: The type or namespace name 'Fact' could not be found (are you missing a using directive or an assembly reference?)
C:\gh\azure-sdk-for-net\sdk\servicefabric\Microsoft.Azure.Management.ServiceFabric\tests\Tests\ManagedClusters\ManagedClusterTests.cs(140,10): error CS0518: Predefined type 'System.Object' is not defined or imported
C:\gh\azure-sdk-for-net\sdk\servicefabric\Microsoft.Azure.Management.ServiceFabric\tests\Tests\ManagedClusters\ManagedClusterTests.cs(140,10): error CS0246: The type or namespace name 'FactAttribute' could not be found (are you missing a using directive or an assembly reference?)
C:\gh\azure-sdk-for-net\sdk\servicefabric\Microsoft.Azure.Management.ServiceFabric\tests\Tests\ManagedClusters\ManagedClusterTests.cs(140,10): error CS0246: The type or namespace name 'Fact' could not be found (are you missing a using directive or an assembly reference?)
C:\gh\azure-sdk-for-net\sdk\servicefabric\Microsoft.Azure.Management.ServiceFabric\tests\TestHelper\RecordedDelegatingHandler.cs(32,67): error CS0518: Predefined type 'System.Void' is not defined or imported
C:\gh\azure-sdk-for-net\sdk\servicefabric\Microsoft.Azure.Management.ServiceFabric\tests\TestHelper\RecordedDelegatingHandler.cs(34,38): error CS0518: Predefined type 'System.Void' is not defined or imported
C:\gh\azure-sdk-for-net\sdk\servicefabric\Microsoft.Azure.Management.ServiceFabric\tests\TestHelper\RecordedDelegatingHandler.cs(36,57): error CS0518: Predefined type 'System.Void' is not defined or imported
C:\gh\azure-sdk-for-net\sdk\servicefabric\Microsoft.Azure.Management.ServiceFabric\tests\TestHelper\RecordedDelegatingHandler.cs(38,57): error CS0518: Predefined type 'System.Void' is not defined or imported
C:\gh\azure-sdk-for-net\sdk\servicefabric\Microsoft.Azure.Management.ServiceFabric\tests\TestHelper\RecordedDelegatingHandler.cs(40,41): error CS0518: Predefined type 'System.Void' is not defined or imported
C:\gh\azure-sdk-for-net\sdk\servicefabric\Microsoft.Azure.Management.ServiceFabric\tests\TestHelper\RecordedDelegatingHandler.cs(42,31): error CS0518: Predefined type 'System.Void' is not defined or imported
C:\gh\azure-sdk-for-net\sdk\servicefabric\Microsoft.Azure.Management.ServiceFabric\tests\TestHelper\RecordedDelegatingHandler.cs(44,42): error CS0518: Predefined type 'System.Void' is not defined or imported
C:\gh\azure-sdk-for-net\sdk\servicefabric\Microsoft.Azure.Management.ServiceFabric\tests\TestHelper\RecordedDelegatingHandler.cs(30,16): error CS0518: Predefined type 'System.Object' is not defined or imported
C:\gh\azure-sdk-for-net\sdk\servicefabric\Microsoft.Azure.Management.ServiceFabric\tests\TestHelper\RecordedDelegatingHandler.cs(30,16): error CS0246: The type or namespace name 'HttpStatusCode' could not be found (are you missing a using directive or an assembly reference?)
C:\gh\azure-sdk-for-net\sdk\servicefabric\Microsoft.Azure.Management.ServiceFabric\tests\TestHelper\RecordedDelegatingHandler.cs(32,16): error CS0518: Predefined type 'System.Object' is not defined or imported
C:\gh\azure-sdk-for-net\sdk\servicefabric\Microsoft.Azure.Management.ServiceFabric\tests\TestHelper\RecordedDelegatingHandler.cs(32,16): error CS0246: The type or namespace name 'HttpStatusCode' could not be found (are you missing a using directive or an assembly reference?)
C:\gh\azure-sdk-for-net\sdk\servicefabric\Microsoft.Azure.Management.ServiceFabric\tests\TestHelper\RecordedDelegatingHandler.cs(34,16): error CS0518: Predefined type 'System.String' is not defined or imported
C:\gh\azure-sdk-for-net\sdk\servicefabric\Microsoft.Azure.Management.ServiceFabric\tests\TestHelper\RecordedDelegatingHandler.cs(36,16): error CS0518: Predefined type 'System.Object' is not defined or imported
C:\gh\azure-sdk-for-net\sdk\servicefabric\Microsoft.Azure.Management.ServiceFabric\tests\TestHelper\RecordedDelegatingHandler.cs(36,16): error CS0246: The type or namespace name 'HttpRequestHeaders' could not be found (are you missing a using directive or an assembly reference?)
C:\gh\azure-sdk-for-net\sdk\servicefabric\Microsoft.Azure.Management.ServiceFabric\tests\TestHelper\RecordedDelegatingHandler.cs(38,16): error CS0518: Predefined type 'System.Object' is not defined or imported
C:\gh\azure-sdk-for-net\sdk\servicefabric\Microsoft.Azure.Management.ServiceFabric\tests\TestHelper\RecordedDelegatingHandler.cs(38,16): error CS0246: The type or namespace name 'HttpContentHeaders' could not be found (are you missing a using directive or an assembly reference?)
C:\gh\azure-sdk-for-net\sdk\servicefabric\Microsoft.Azure.Management.ServiceFabric\tests\TestHelper\RecordedDelegatingHandler.cs(40,16): error CS0518: Predefined type 'System.Object' is not defined or imported
C:\gh\azure-sdk-for-net\sdk\servicefabric\Microsoft.Azure.Management.ServiceFabric\tests\TestHelper\RecordedDelegatingHandler.cs(40,16): error CS0246: The type or namespace name 'HttpMethod' could not be found (are you missing a using directive or an assembly reference?)
C:\gh\azure-sdk-for-net\sdk\servicefabric\Microsoft.Azure.Management.ServiceFabric\tests\TestHelper\RecordedDelegatingHandler.cs(42,16): error CS0518: Predefined type 'System.Object' is not defined or imported
C:\gh\azure-sdk-for-net\sdk\servicefabric\Microsoft.Azure.Management.ServiceFabric\tests\TestHelper\RecordedDelegatingHandler.cs(42,16): error CS0246: The type or namespace name 'Uri' could not be found (are you missing a using directive or an assembly reference?)
C:\gh\azure-sdk-for-net\sdk\servicefabric\Microsoft.Azure.Management.ServiceFabric\tests\TestHelper\RecordedDelegatingHandler.cs(44,16): error CS0518: Predefined type 'System.Boolean' is not defined or imported
C:\gh\azure-sdk-for-net\sdk\servicefabric\Microsoft.Azure.Management.ServiceFabric\tests\Tests\ServiceFabricTestBase.cs(20,44): error CS0518: Predefined type 'System.String' is not defined or imported
C:\gh\azure-sdk-for-net\sdk\servicefabric\Microsoft.Azure.Management.ServiceFabric\tests\Tests\ManagedClusters\ServiceFabricManagedTestBase.cs(19,44): error CS0518: Predefined type 'System.String' is not defined or imported
C:\gh\azure-sdk-for-net\sdk\servicefabric\Microsoft.Azure.Management.ServiceFabric\tests\Tests\ServiceFabricTestBase.cs(24,45): error CS0518: Predefined type 'System.Object' is not defined or imported
C:\gh\azure-sdk-for-net\sdk\servicefabric\Microsoft.Azure.Management.ServiceFabric\tests\Tests\ManagedClusters\ServiceFabricManagedTestBase.cs(23,45): error CS0518: Predefined type 'System.Object' is not defined or imported
C:\gh\azure-sdk-for-net\sdk\servicefabric\Microsoft.Azure.Management.ServiceFabric\tests\Tests\ServiceFabricTestBase.cs(24,45): error CS0246: The type or namespace name 'ResourceManagementClient' could not be found (are you missing a using directive or an assembly reference?)
C:\gh\azure-sdk-for-net\sdk\servicefabric\Microsoft.Azure.Management.ServiceFabric\tests\Tests\ManagedClusters\ServiceFabricManagedTestBase.cs(23,45): error CS0246: The type or namespace name 'ResourceManagementClient' could not be found (are you missing a using directive or an assembly reference?)
C:\gh\azure-sdk-for-net\sdk\servicefabric\Microsoft.Azure.Management.ServiceFabric\tests\Tests\ServiceFabricTestBase.cs(25,27): error CS0518: Predefined type 'System.Object' is not defined or imported
C:\gh\azure-sdk-for-net\sdk\servicefabric\Microsoft.Azure.Management.ServiceFabric\tests\Tests\ManagedClusters\ServiceFabricManagedTestBase.cs(24,27): error CS0518: Predefined type 'System.Object' is not defined or imported
C:\gh\azure-sdk-for-net\sdk\servicefabric\Microsoft.Azure.Management.ServiceFabric\tests\Tests\ServiceFabricTestBase.cs(27,38): error CS0518: Predefined type 'System.Object' is not defined or imported
C:\gh\azure-sdk-for-net\sdk\servicefabric\Microsoft.Azure.Management.ServiceFabric\tests\Tests\ManagedClusters\ServiceFabricManagedTestBase.cs(26,38): error CS0518: Predefined type 'System.Object' is not defined or imported
C:\gh\azure-sdk-for-net\sdk\servicefabric\Microsoft.Azure.Management.ServiceFabric\tests\Tests\ServiceFabricTestBase.cs(27,38): error CS0103: The name 'HttpStatusCode' does not exist in the current context
C:\gh\azure-sdk-for-net\sdk\servicefabric\Microsoft.Azure.Management.ServiceFabric\tests\Tests\ManagedClusters\ServiceFabricManagedTestBase.cs(26,38): error CS0103: The name 'HttpStatusCode' does not exist in the current context
C:\gh\azure-sdk-for-net\sdk\servicefabric\Microsoft.Azure.Management.ServiceFabric\tests\Tests\ServiceFabricTestBase.cs(28,33): error CS0518: Predefined type 'System.Boolean' is not defined or imported
C:\gh\azure-sdk-for-net\sdk\servicefabric\Microsoft.Azure.Management.ServiceFabric\tests\Tests\ManagedClusters\ServiceFabricManagedTestBase.cs(27,33): error CS0518: Predefined type 'System.Boolean' is not defined or imported
C:\gh\azure-sdk-for-net\sdk\servicefabric\Microsoft.Azure.Management.ServiceFabric\tests\Tests\ManagedClusters\ServiceFabricManagedTestBase.cs(33,45): error CS0518: Predefined type 'System.Object' is not defined or imported
C:\gh\azure-sdk-for-net\sdk\servicefabric\Microsoft.Azure.Management.ServiceFabric\tests\Tests\ManagedClusters\ServiceFabricManagedTestBase.cs(34,27): error CS0518: Predefined type 'System.Object' is not defined or imported
C:\gh\azure-sdk-for-net\sdk\servicefabric\Microsoft.Azure.Management.ServiceFabric\tests\Tests\ManagedClusters\ServiceFabricManagedTestBase.cs(36,38): error CS0518: Predefined type 'System.Object' is not defined or imported
C:\gh\azure-sdk-for-net\sdk\servicefabric\Microsoft.Azure.Management.ServiceFabric\tests\Tests\ManagedClusters\ServiceFabricManagedTestBase.cs(36,38): error CS0103: The name 'HttpStatusCode' does not exist in the current context
C:\gh\azure-sdk-for-net\sdk\servicefabric\Microsoft.Azure.Management.ServiceFabric\tests\Tests\ManagedClusters\ServiceFabricManagedTestBase.cs(37,33): error CS0518: Predefined type 'System.Boolean' is not defined or imported
C:\gh\azure-sdk-for-net\sdk\servicefabric\Microsoft.Azure.Management.ServiceFabric\tests\Tests\ServiceFabricTestBase.cs(34,45): error CS0518: Predefined type 'System.Object' is not defined or imported
C:\gh\azure-sdk-for-net\sdk\servicefabric\Microsoft.Azure.Management.ServiceFabric\tests\Tests\ServiceFabricTestBase.cs(35,27): error CS0518: Predefined type 'System.Object' is not defined or imported
C:\gh\azure-sdk-for-net\sdk\servicefabric\Microsoft.Azure.Management.ServiceFabric\tests\Tests\ServiceFabricTestBase.cs(37,38): error CS0518: Predefined type 'System.Object' is not defined or imported
C:\gh\azure-sdk-for-net\sdk\servicefabric\Microsoft.Azure.Management.ServiceFabric\tests\Tests\ServiceFabricTestBase.cs(37,38): error CS0103: The name 'HttpStatusCode' does not exist in the current context
C:\gh\azure-sdk-for-net\sdk\servicefabric\Microsoft.Azure.Management.ServiceFabric\tests\Tests\ServiceFabricTestBase.cs(38,33): error CS0518: Predefined type 'System.Boolean' is not defined or imported
C:\gh\azure-sdk-for-net\sdk\servicefabric\Microsoft.Azure.Management.ServiceFabric\tests\Tests\ServiceFabricTestBase.cs(46,33): error CS0518: Predefined type 'System.Object' is not defined or imported
C:\gh\azure-sdk-for-net\sdk\servicefabric\Microsoft.Azure.Management.ServiceFabric\tests\Tests\ServiceFabricTestBase.cs(48,29): error CS0518: Predefined type 'System.Object' is not defined or imported
C:\gh\azure-sdk-for-net\sdk\servicefabric\Microsoft.Azure.Management.ServiceFabric\tests\Tests\ServiceFabricTestBase.cs(48,39): error CS0234: The type or namespace name 'Rest' does not exist in the namespace 'Microsoft' (are you missing an assembly reference?)
C:\gh\azure-sdk-for-net\sdk\servicefabric\Microsoft.Azure.Management.ServiceFabric\tests\Tests\ServiceFabricTestBase.cs(49,17): error CS0518: Predefined type 'System.Object' is not defined or imported
C:\gh\azure-sdk-for-net\sdk\servicefabric\Microsoft.Azure.Management.ServiceFabric\tests\Tests\ServiceFabricTestBase.cs(49,17): error CS0246: The type or namespace name 'GenericResourceFilter' could not be found (are you missing a using directive or an assembly reference?)
C:\gh\azure-sdk-for-net\sdk\servicefabric\Microsoft.Azure.Management.ServiceFabric\tests\TestHelper\RecordedDelegatingHandler.cs(19,34): error CS0518: Predefined type 'System.Object' is not defined or imported
C:\gh\azure-sdk-for-net\sdk\servicefabric\Microsoft.Azure.Management.ServiceFabric\tests\TestHelper\RecordedDelegatingHandler.cs(19,34): error CS0103: The name 'HttpStatusCode' does not exist in the current context
C:\gh\azure-sdk-for-net\sdk\servicefabric\Microsoft.Azure.Management.ServiceFabric\tests\TestHelper\RecordedDelegatingHandler.cs(25,34): error CS0518: Predefined type 'System.Object' is not defined or imported
C:\gh\azure-sdk-for-net\sdk\servicefabric\Microsoft.Azure.Management.ServiceFabric\tests\TestHelper\RecordedDelegatingHandler.cs(25,34): error CS0103: The name 'HttpStatusCode' does not exist in the current context
C:\gh\azure-sdk-for-net\sdk\servicefabric\Microsoft.Azure.Management.ServiceFabric\tests\Tests\TestCreateClusterResource.cs(22,13): error CS0518: Predefined type 'System.IDisposable' is not defined or imported
C:\gh\azure-sdk-for-net\sdk\servicefabric\Microsoft.Azure.Management.ServiceFabric\tests\Tests\TestCreateClusterResource.cs(22,20): error CS0518: Predefined type 'System.Object' is not defined or imported
C:\gh\azure-sdk-for-net\sdk\servicefabric\Microsoft.Azure.Management.ServiceFabric\tests\Tests\TestCreateClusterResource.cs(22,20): error CS0246: The type or namespace name 'MockContext' could not be found (are you missing a using directive or an assembly reference?)
C:\gh\azure-sdk-for-net\sdk\servicefabric\Microsoft.Azure.Management.ServiceFabric\tests\Tests\TestCreateClusterResource.cs(22,42): error CS0518: Predefined type 'System.Object' is not defined or imported
C:\gh\azure-sdk-for-net\sdk\servicefabric\Microsoft.Azure.Management.ServiceFabric\tests\Tests\TestCreateClusterResource.cs(22,42): error CS0103: The name 'MockContext' does not exist in the current context
C:\gh\azure-sdk-for-net\sdk\servicefabric\Microsoft.Azure.Management.ServiceFabric\tests\Tests\TestCreateClusterResource.cs(22,65): error CS0518: Predefined type 'System.Object' is not defined or imported
C:\gh\azure-sdk-for-net\sdk\servicefabric\Microsoft.Azure.Management.ServiceFabric\tests\Tests\TestCreateClusterResource.cs(22,65): error CS1061: 'TestCreateClusterResource' does not contain a definition for 'GetType' and no accessible extension method 'GetType' accepting a first argument of type 'TestCreateClusterResource' could be found (are you missing a using directive or an assembly reference?)
C:\gh\azure-sdk-for-net\sdk\servicefabric\Microsoft.Azure.Management.ServiceFabric\tests\Tests\TestCreateClusterResource.cs(24,43): error CS0518: Predefined type 'System.Object' is not defined or imported
C:\gh\azure-sdk-for-net\sdk\servicefabric\Microsoft.Azure.Management.ServiceFabric\tests\Tests\TestCreateClusterResource.cs(25,37): error CS0518: Predefined type 'System.Object' is not defined or imported
C:\gh\azure-sdk-for-net\sdk\servicefabric\Microsoft.Azure.Management.ServiceFabric\tests\Tests\TestCreateClusterResource.cs(26,40): error CS0518: Predefined type 'System.String' is not defined or imported
C:\gh\azure-sdk-for-net\sdk\servicefabric\Microsoft.Azure.Management.ServiceFabric\tests\Tests\TestCreateClusterResource.cs(27,32): error CS0518: Predefined type 'System.String' is not defined or imported
C:\gh\azure-sdk-for-net\sdk\servicefabric\Microsoft.Azure.Management.ServiceFabric\tests\Tests\TestCreateClusterResource.cs(28,35): error CS0518: Predefined type 'System.String' is not defined or imported
C:\gh\azure-sdk-for-net\sdk\servicefabric\Microsoft.Azure.Management.ServiceFabric\tests\Tests\TestCreateClusterResource.cs(32,21): error CS0518: Predefined type 'System.String' is not defined or imported
C:\gh\azure-sdk-for-net\sdk\servicefabric\Microsoft.Azure.Management.ServiceFabric\tests\Tests\TestCreateClusterResource.cs(33,21): error CS0518: Predefined type 'System.Void' is not defined or imported
C:\gh\azure-sdk-for-net\sdk\servicefabric\Microsoft.Azure.Management.ServiceFabric\tests\Tests\TestCreateClusterResource.cs(35,24): error CS0518: Predefined type 'System.Object' is not defined or imported
C:\gh\azure-sdk-for-net\sdk\servicefabric\Microsoft.Azure.Management.ServiceFabric\tests\Tests\TestCreateClusterResource.cs(35,24): error CS0155: The type caught or thrown must be derived from System.Exception
C:\gh\azure-sdk-for-net\sdk\servicefabric\Microsoft.Azure.Management.ServiceFabric\tests\Tests\TestCreateClusterResource.cs(35,24): error CS0246: The type or namespace name 'RestException' could not be found (are you missing a using directive or an assembly reference?)
C:\gh\azure-sdk-for-net\sdk\servicefabric\Microsoft.Azure.Management.ServiceFabric\tests\Tests\TestCreateClusterResource.cs(37,21): error CS0518: Predefined type 'System.Object' is not defined or imported
C:\gh\azure-sdk-for-net\sdk\servicefabric\Microsoft.Azure.Management.ServiceFabric\tests\Tests\TestCreateClusterResource.cs(37,21): error CS0103: The name 'Assert' does not exist in the current context
C:\gh\azure-sdk-for-net\sdk\servicefabric\Microsoft.Azure.Management.ServiceFabric\tests\Tests\TestCreateClusterResource.cs(37,35): error CS0246: The type or namespace name 'HttpResponseMessageWrapper' could not be found (are you missing a using directive or an assembly reference?)
C:\gh\azure-sdk-for-net\sdk\servicefabric\Microsoft.Azure.Management.ServiceFabric\tests\Tests\TestCreateClusterResource.cs(37,58): error CS0518: Predefined type 'System.Object' is not defined or imported
C:\gh\azure-sdk-for-net\sdk\servicefabric\Microsoft.Azure.Management.ServiceFabric\tests\Tests\TestCreateClusterResource.cs(37,58): error CS0103: The name 'System' does not exist in the current context
C:\gh\azure-sdk-for-net\sdk\servicefabric\Microsoft.Azure.Management.ServiceFabric\tests\Tests\TestCreateClusterResource.cs(37,33): error CS0518: Predefined type 'System.Boolean' is not defined or imported
C:\gh\azure-sdk-for-net\sdk\servicefabric\Microsoft.Azure.Management.ServiceFabric\tests\Tests\TestCreateClusterResource.cs(40,17): error CS0518: Predefined type 'System.Object' is not defined or imported
C:\gh\azure-sdk-for-net\sdk\servicefabric\Microsoft.Azure.Management.ServiceFabric\tests\Tests\TestCreateClusterResource.cs(40,17): error CS0103: The name 'TestUtilities' does not exist in the current context
C:\gh\azure-sdk-for-net\sdk\servicefabric\Microsoft.Azure.Management.ServiceFabric\tests\Tests\TestCreateClusterResource.cs(40,36): error CS0518: Predefined type 'System.Object' is not defined or imported
C:\gh\azure-sdk-for-net\sdk\servicefabric\Microsoft.Azure.Management.ServiceFabric\tests\Tests\TestCreateClusterResource.cs(40,36): error CS0103: The name 'TimeSpan' does not exist in the current context
C:\gh\azure-sdk-for-net\sdk\servicefabric\Microsoft.Azure.Management.ServiceFabric\tests\Tests\TestCreateClusterResource.cs(40,57): error CS0518: Predefined type 'System.Int32' is not defined or imported
C:\gh\azure-sdk-for-net\sdk\servicefabric\Microsoft.Azure.Management.ServiceFabric\tests\Tests\TestCreateClusterResource.cs(42,31): error CS0518: Predefined type 'System.Object' is not defined or imported
C:\gh\azure-sdk-for-net\sdk\servicefabric\Microsoft.Azure.Management.ServiceFabric\tests\Tests\TestCreateClusterResource.cs(43,27): error CS0518: Predefined type 'System.String' is not defined or imported
C:\gh\azure-sdk-for-net\sdk\servicefabric\Microsoft.Azure.Management.ServiceFabric\tests\Tests\TestCreateClusterResource.cs(44,17): error CS0518: Predefined type 'System.Object' is not defined or imported
C:\gh\azure-sdk-for-net\sdk\servicefabric\Microsoft.Azure.Management.ServiceFabric\tests\Tests\TestCreateClusterResource.cs(44,17): error CS0103: The name 'Assert' does not exist in the current context
C:\gh\azure-sdk-for-net\sdk\servicefabric\Microsoft.Azure.Management.ServiceFabric\tests\Tests\TestCreateClusterResource.cs(17,18): error CS0518: Predefined type 'System.Void' is not defined or imported
C:\gh\azure-sdk-for-net\sdk\servicefabric\Microsoft.Azure.Management.ServiceFabric\tests\Tests\TestListClusterResource.cs(17,13): error CS0518: Predefined type 'System.IDisposable' is not defined or imported
C:\gh\azure-sdk-for-net\sdk\servicefabric\Microsoft.Azure.Management.ServiceFabric\tests\Tests\TestListClusterResource.cs(17,20): error CS0518: Predefined type 'System.Object' is not defined or imported
C:\gh\azure-sdk-for-net\sdk\servicefabric\Microsoft.Azure.Management.ServiceFabric\tests\Tests\TestListClusterResource.cs(17,20): error CS0246: The type or namespace name 'MockContext' could not be found (are you missing a using directive or an assembly reference?)
C:\gh\azure-sdk-for-net\sdk\servicefabric\Microsoft.Azure.Management.ServiceFabric\tests\Tests\TestListClusterResource.cs(17,42): error CS0518: Predefined type 'System.Object' is not defined or imported
C:\gh\azure-sdk-for-net\sdk\servicefabric\Microsoft.Azure.Management.ServiceFabric\tests\Tests\TestListClusterResource.cs(17,42): error CS0103: The name 'MockContext' does not exist in the current context
C:\gh\azure-sdk-for-net\sdk\servicefabric\Microsoft.Azure.Management.ServiceFabric\tests\Tests\TestListClusterResource.cs(17,65): error CS0518: Predefined type 'System.Object' is not defined or imported
C:\gh\azure-sdk-for-net\sdk\servicefabric\Microsoft.Azure.Management.ServiceFabric\tests\Tests\TestListClusterResource.cs(17,65): error CS1061: 'TestListClusterResource' does not contain a definition for 'GetType' and no accessible extension method 'GetType' accepting a first argument of type 'TestListClusterResource' could be found (are you missing a using directive or an assembly reference?)
C:\gh\azure-sdk-for-net\sdk\servicefabric\Microsoft.Azure.Management.ServiceFabric\tests\Tests\TestListClusterResource.cs(19,43): error CS0518: Predefined type 'System.Object' is not defined or imported
C:\gh\azure-sdk-for-net\sdk\servicefabric\Microsoft.Azure.Management.ServiceFabric\tests\Tests\TestListClusterResource.cs(22,17): error CS0518: Predefined type 'System.Object' is not defined or imported
C:\gh\azure-sdk-for-net\sdk\servicefabric\Microsoft.Azure.Management.ServiceFabric\tests\Tests\TestListClusterResource.cs(22,17): error CS0103: The name 'Assert' does not exist in the current context
C:\gh\azure-sdk-for-net\sdk\servicefabric\Microsoft.Azure.Management.ServiceFabric\tests\Tests\TestListClusterResource.cs(23,17): error CS0518: Predefined type 'System.Object' is not defined or imported
C:\gh\azure-sdk-for-net\sdk\servicefabric\Microsoft.Azure.Management.ServiceFabric\tests\Tests\TestListClusterResource.cs(23,17): error CS0103: The name 'Assert' does not exist in the current context
C:\gh\azure-sdk-for-net\sdk\servicefabric\Microsoft.Azure.Management.ServiceFabric\tests\Tests\TestListClusterResource.cs(24,46): error CS0012: The type 'IList<>' is defined in an assembly that is not referenced. You must add a reference to assembly 'mscorlib, Version=4.0.0.0, Culture=neutral, PublicKeyToken=b77a5c561934e089'.
C:\gh\azure-sdk-for-net\sdk\servicefabric\Microsoft.Azure.Management.ServiceFabric\tests\Tests\TestListClusterResource.cs(25,17): error CS0518: Predefined type 'System.Object' is not defined or imported
C:\gh\azure-sdk-for-net\sdk\servicefabric\Microsoft.Azure.Management.ServiceFabric\tests\Tests\TestListClusterResource.cs(25,17): error CS0103: The name 'Assert' does not exist in the current context
C:\gh\azure-sdk-for-net\sdk\servicefabric\Microsoft.Azure.Management.ServiceFabric\tests\Tests\TestDeleteClusterResource.cs(22,13): error CS0518: Predefined type 'System.IDisposable' is not defined or imported
C:\gh\azure-sdk-for-net\sdk\servicefabric\Microsoft.Azure.Management.ServiceFabric\tests\Tests\TestDeleteClusterResource.cs(22,20): error CS0518: Predefined type 'System.Object' is not defined or imported
C:\gh\azure-sdk-for-net\sdk\servicefabric\Microsoft.Azure.Management.ServiceFabric\tests\Tests\TestDeleteClusterResource.cs(22,20): error CS0246: The type or namespace name 'MockContext' could not be found (are you missing a using directive or an assembly reference?)
C:\gh\azure-sdk-for-net\sdk\servicefabric\Microsoft.Azure.Management.ServiceFabric\tests\Tests\TestDeleteClusterResource.cs(22,42): error CS0518: Predefined type 'System.Object' is not defined or imported
C:\gh\azure-sdk-for-net\sdk\servicefabric\Microsoft.Azure.Management.ServiceFabric\tests\Tests\TestDeleteClusterResource.cs(22,42): error CS0103: The name 'MockContext' does not exist in the current context
C:\gh\azure-sdk-for-net\sdk\servicefabric\Microsoft.Azure.Management.ServiceFabric\tests\Tests\TestDeleteClusterResource.cs(22,65): error CS0518: Predefined type 'System.Object' is not defined or imported
C:\gh\azure-sdk-for-net\sdk\servicefabric\Microsoft.Azure.Management.ServiceFabric\tests\Tests\TestDeleteClusterResource.cs(22,65): error CS1061: 'TestDeleteClusterResource' does not contain a definition for 'GetType' and no accessible extension method 'GetType' accepting a first argument of type 'TestDeleteClusterResource' could be found (are you missing a using directive or an assembly reference?)
C:\gh\azure-sdk-for-net\sdk\servicefabric\Microsoft.Azure.Management.ServiceFabric\tests\Tests\TestDeleteClusterResource.cs(24,43): error CS0518: Predefined type 'System.Object' is not defined or imported
C:\gh\azure-sdk-for-net\sdk\servicefabric\Microsoft.Azure.Management.ServiceFabric\tests\Tests\TestDeleteClusterResource.cs(25,37): error CS0518: Predefined type 'System.Object' is not defined or imported
C:\gh\azure-sdk-for-net\sdk\servicefabric\Microsoft.Azure.Management.ServiceFabric\tests\Tests\TestDeleteClusterResource.cs(26,40): error CS0518: Predefined type 'System.String' is not defined or imported
C:\gh\azure-sdk-for-net\sdk\servicefabric\Microsoft.Azure.Management.ServiceFabric\tests\Tests\TestDeleteClusterResource.cs(27,32): error CS0518: Predefined type 'System.String' is not defined or imported
C:\gh\azure-sdk-for-net\sdk\servicefabric\Microsoft.Azure.Management.ServiceFabric\tests\Tests\TestDeleteClusterResource.cs(28,35): error CS0518: Predefined type 'System.String' is not defined or imported
C:\gh\azure-sdk-for-net\sdk\servicefabric\Microsoft.Azure.Management.ServiceFabric\tests\Tests\TestDeleteClusterResource.cs(30,31): error CS0518: Predefined type 'System.Object' is not defined or imported
C:\gh\azure-sdk-for-net\sdk\servicefabric\Microsoft.Azure.Management.ServiceFabric\tests\Tests\TestDeleteClusterResource.cs(32,27): error CS0518: Predefined type 'System.String' is not defined or imported
C:\gh\azure-sdk-for-net\sdk\servicefabric\Microsoft.Azure.Management.ServiceFabric\tests\Tests\TestDeleteClusterResource.cs(33,17): error CS0518: Predefined type 'System.Object' is not defined or imported
C:\gh\azure-sdk-for-net\sdk\servicefabric\Microsoft.Azure.Management.ServiceFabric\tests\Tests\TestDeleteClusterResource.cs(33,17): error CS0103: The name 'Assert' does not exist in the current context
C:\gh\azure-sdk-for-net\sdk\servicefabric\Microsoft.Azure.Management.ServiceFabric\tests\Tests\TestDeleteClusterResource.cs(35,17): error CS0518: Predefined type 'System.Void' is not defined or imported
C:\gh\azure-sdk-for-net\sdk\servicefabric\Microsoft.Azure.Management.ServiceFabric\tests\Tests\TestDeleteClusterResource.cs(37,33): error CS0518: Predefined type 'System.Object' is not defined or imported
C:\gh\azure-sdk-for-net\sdk\servicefabric\Microsoft.Azure.Management.ServiceFabric\tests\Tests\TestDeleteClusterResource.cs(37,33): error CS0103: The name 'Assert' does not exist in the current context
C:\gh\azure-sdk-for-net\sdk\servicefabric\Microsoft.Azure.Management.ServiceFabric\tests\Tests\TestDeleteClusterResource.cs(37,47): error CS0518: Predefined type 'System.Object' is not defined or imported
C:\gh\azure-sdk-for-net\sdk\servicefabric\Microsoft.Azure.Management.ServiceFabric\tests\Tests\TestDeleteClusterResource.cs(42,17): error CS0518: Predefined type 'System.Object' is not defined or imported
C:\gh\azure-sdk-for-net\sdk\servicefabric\Microsoft.Azure.Management.ServiceFabric\tests\Tests\TestDeleteClusterResource.cs(42,17): error CS0103: The name 'Assert' does not exist in the current context
C:\gh\azure-sdk-for-net\sdk\servicefabric\Microsoft.Azure.Management.ServiceFabric\tests\Tests\TestDeleteClusterResource.cs(42,62): error CS0518: Predefined type 'System.Object' is not defined or imported
C:\gh\azure-sdk-for-net\sdk\servicefabric\Microsoft.Azure.Management.ServiceFabric\tests\Tests\TestDeleteClusterResource.cs(42,62): error CS0103: The name 'System' does not exist in the current context
C:\gh\azure-sdk-for-net\sdk\servicefabric\Microsoft.Azure.Management.ServiceFabric\tests\Tests\TestDeleteClusterResource.cs(42,29): error CS0518: Predefined type 'System.Boolean' is not defined or imported
C:\gh\azure-sdk-for-net\sdk\servicefabric\Microsoft.Azure.Management.ServiceFabric\tests\Tests\TestDeleteClusterResource.cs(44,71): error CS0518: Predefined type 'System.String' is not defined or imported
C:\gh\azure-sdk-for-net\sdk\servicefabric\Microsoft.Azure.Management.ServiceFabric\tests\Tests\TestDeleteClusterResource.cs(44,17): error CS0518: Predefined type 'System.Void' is not defined or imported
C:\gh\azure-sdk-for-net\sdk\servicefabric\Microsoft.Azure.Management.ServiceFabric\tests\Tests\TestDeleteClusterResource.cs(17,18): error CS0518: Predefined type 'System.Void' is not defined or imported
C:\gh\azure-sdk-for-net\sdk\servicefabric\Microsoft.Azure.Management.ServiceFabric\tests\Tests\ManagedClusters\ServiceFabricManagedTestBase.cs(49,34): error CS0518: Predefined type 'System.Object' is not defined or imported
C:\gh\azure-sdk-for-net\sdk\servicefabric\Microsoft.Azure.Management.ServiceFabric\tests\Tests\ManagedClusters\ServiceFabricManagedTestBase.cs(51,28): error CS0518: Predefined type 'System.Object' is not defined or imported
C:\gh\azure-sdk-for-net\sdk\servicefabric\Microsoft.Azure.Management.ServiceFabric\tests\Tests\ManagedClusters\ServiceFabricManagedTestBase.cs(51,28): error CS0518: Predefined type 'System.Void' is not defined or imported
C:\gh\azure-sdk-for-net\sdk\servicefabric\Microsoft.Azure.Management.ServiceFabric\tests\Tests\ManagedClusters\ServiceFabricManagedTestBase.cs(53,23): error CS0518: Predefined type 'System.String' is not defined or imported
C:\gh\azure-sdk-for-net\sdk\servicefabric\Microsoft.Azure.Management.ServiceFabric\tests\Tests\ManagedClusters\ServiceFabricManagedTestBase.cs(56,34): error CS0518: Predefined type 'System.String' is not defined or imported
C:\gh\azure-sdk-for-net\sdk\servicefabric\Microsoft.Azure.Management.ServiceFabric\tests\Tests\ManagedClusters\ServiceFabricManagedTestBase.cs(57,34): error CS0518: Predefined type 'System.String' is not defined or imported
C:\gh\azure-sdk-for-net\sdk\servicefabric\Microsoft.Azure.Management.ServiceFabric\tests\Tests\ManagedClusters\ServiceFabricManagedTestBase.cs(58,41): error CS0518: Predefined type 'System.Int32' is not defined or imported
C:\gh\azure-sdk-for-net\sdk\servicefabric\Microsoft.Azure.Management.ServiceFabric\tests\Tests\ManagedClusters\ServiceFabricManagedTestBase.cs(59,46): error CS0518: Predefined type 'System.Int32' is not defined or imported
C:\gh\azure-sdk-for-net\sdk\servicefabric\Microsoft.Azure.Management.ServiceFabric\tests\Tests\ManagedClusters\ServiceFabricManagedTestBase.cs(60,32): error CS0518: Predefined type 'System.Object' is not defined or imported
C:\gh\azure-sdk-for-net\sdk\servicefabric\Microsoft.Azure.Management.ServiceFabric\tests\Tests\ManagedClusters\ServiceFabricManagedTestBase.cs(60,32): error CS0246: The type or namespace name 'List<>' could not be found (are you missing a using directive or an assembly reference?)
C:\gh\azure-sdk-for-net\sdk\servicefabric\Microsoft.Azure.Management.ServiceFabric\tests\Tests\ManagedClusters\ServiceFabricManagedTestBase.cs(60,37): error CS0518: Predefined type 'System.Object' is not defined or imported
C:\gh\azure-sdk-for-net\sdk\servicefabric\Microsoft.Azure.Management.ServiceFabric\tests\Tests\ManagedClusters\ServiceFabricManagedTestBase.cs(62,27): error CS0518: Predefined type 'System.Object' is not defined or imported
C:\gh\azure-sdk-for-net\sdk\servicefabric\Microsoft.Azure.Management.ServiceFabric\tests\Tests\ManagedClusters\ServiceFabricManagedTestBase.cs(62,27): error CS0518: Predefined type 'System.Void' is not defined or imported
C:\gh\azure-sdk-for-net\sdk\servicefabric\Microsoft.Azure.Management.ServiceFabric\tests\Tests\ManagedClusters\ServiceFabricManagedTestBase.cs(64,27): error CS0518: Predefined type 'System.Boolean' is not defined or imported
C:\gh\azure-sdk-for-net\sdk\servicefabric\Microsoft.Azure.Management.ServiceFabric\tests\Tests\ManagedClusters\ServiceFabricManagedTestBase.cs(64,37): error CS0518: Predefined type 'System.Boolean' is not defined or imported
C:\gh\azure-sdk-for-net\sdk\servicefabric\Microsoft.Azure.Management.ServiceFabric\tests\Tests\ManagedClusters\ServiceFabricManagedTestBase.cs(65,27): error CS0518: Predefined type 'System.String' is not defined or imported
C:\gh\azure-sdk-for-net\sdk\servicefabric\Microsoft.Azure.Management.ServiceFabric\tests\Tests\ManagedClusters\ServiceFabricManagedTestBase.cs(65,40): error CS0518: Predefined type 'System.String' is not defined or imported
C:\gh\azure-sdk-for-net\sdk\servicefabric\Microsoft.Azure.Management.ServiceFabric\tests\Tests\ManagedClusters\ServiceFabricManagedTestBase.cs(49,34): error CS0518: Predefined type 'System.Void' is not defined or imported
C:\gh\azure-sdk-for-net\sdk\servicefabric\Microsoft.Azure.Management.ServiceFabric\tests\Tests\ManagedClusters\ServiceFabricManagedTestBase.cs(71,21): error CS0518: Predefined type 'System.Object' is not defined or imported
C:\gh\azure-sdk-for-net\sdk\servicefabric\Microsoft.Azure.Management.ServiceFabric\tests\Tests\ManagedClusters\ServiceFabricManagedTestBase.cs(71,21): error CS0246: The type or namespace name 'ResourceGroup' could not be found (are you missing a using directive or an assembly reference?)
C:\gh\azure-sdk-for-net\sdk\servicefabric\Microsoft.Azure.Management.ServiceFabric\tests\Tests\ManagedClusters\ServiceFabricManagedTestBase.cs(73,27): error CS0518: Predefined type 'System.String' is not defined or imported
C:\gh\azure-sdk-for-net\sdk\servicefabric\Microsoft.Azure.Management.ServiceFabric\tests\Tests\ManagedClusters\ServiceFabricManagedTestBase.cs(74,13): error CS0518: Predefined type 'System.Object' is not defined or imported
C:\gh\azure-sdk-for-net\sdk\servicefabric\Microsoft.Azure.Management.ServiceFabric\tests\Tests\ManagedClusters\ServiceFabricManagedTestBase.cs(74,13): error CS0103: The name 'Assert' does not exist in the current context
C:\gh\azure-sdk-for-net\sdk\servicefabric\Microsoft.Azure.Management.ServiceFabric\tests\Tests\TestGetClusterResource.cs(20,13): error CS0518: Predefined type 'System.IDisposable' is not defined or imported
C:\gh\azure-sdk-for-net\sdk\servicefabric\Microsoft.Azure.Management.ServiceFabric\tests\Tests\TestGetClusterResource.cs(20,20): error CS0518: Predefined type 'System.Object' is not defined or imported
C:\gh\azure-sdk-for-net\sdk\servicefabric\Microsoft.Azure.Management.ServiceFabric\tests\Tests\TestGetClusterResource.cs(20,20): error CS0246: The type or namespace name 'MockContext' could not be found (are you missing a using directive or an assembly reference?)
C:\gh\azure-sdk-for-net\sdk\servicefabric\Microsoft.Azure.Management.ServiceFabric\tests\Tests\TestGetClusterResource.cs(20,42): error CS0518: Predefined type 'System.Object' is not defined or imported
C:\gh\azure-sdk-for-net\sdk\servicefabric\Microsoft.Azure.Management.ServiceFabric\tests\Tests\TestGetClusterResource.cs(20,42): error CS0103: The name 'MockContext' does not exist in the current context
C:\gh\azure-sdk-for-net\sdk\servicefabric\Microsoft.Azure.Management.ServiceFabric\tests\Tests\TestGetClusterResource.cs(20,65): error CS0518: Predefined type 'System.Object' is not defined or imported
C:\gh\azure-sdk-for-net\sdk\servicefabric\Microsoft.Azure.Management.ServiceFabric\tests\Tests\TestGetClusterResource.cs(20,65): error CS1061: 'TestGetClusterResource' does not contain a definition for 'GetType' and no accessible extension method 'GetType' accepting a first argument of type 'TestGetClusterResource' could be found (are you missing a using directive or an assembly reference?)
C:\gh\azure-sdk-for-net\sdk\servicefabric\Microsoft.Azure.Management.ServiceFabric\tests\Tests\TestGetClusterResource.cs(22,43): error CS0518: Predefined type 'System.Object' is not defined or imported
C:\gh\azure-sdk-for-net\sdk\servicefabric\Microsoft.Azure.Management.ServiceFabric\tests\Tests\TestGetClusterResource.cs(23,37): error CS0518: Predefined type 'System.Object' is not defined or imported
C:\gh\azure-sdk-for-net\sdk\servicefabric\Microsoft.Azure.Management.ServiceFabric\tests\Tests\TestGetClusterResource.cs(27,37): error CS0518: Predefined type 'System.Object' is not defined or imported
C:\gh\azure-sdk-for-net\sdk\servicefabric\Microsoft.Azure.Management.ServiceFabric\tests\Tests\TestGetClusterResource.cs(28,25): error CS0518: Predefined type 'System.Boolean' is not defined or imported
C:\gh\azure-sdk-for-net\sdk\servicefabric\Microsoft.Azure.Management.ServiceFabric\tests\Tests\TestGetClusterResource.cs(31,39): error CS0518: Predefined type 'System.String' is not defined or imported
C:\gh\azure-sdk-for-net\sdk\servicefabric\Microsoft.Azure.Management.ServiceFabric\tests\Tests\TestGetClusterResource.cs(32,25): error CS0518: Predefined type 'System.Object' is not defined or imported
C:\gh\azure-sdk-for-net\sdk\servicefabric\Microsoft.Azure.Management.ServiceFabric\tests\Tests\TestGetClusterResource.cs(32,25): error CS0103: The name 'Assert' does not exist in the current context
C:\gh\azure-sdk-for-net\sdk\servicefabric\Microsoft.Azure.Management.ServiceFabric\tests\Tests\TestGetClusterResource.cs(35,41): error CS0518: Predefined type 'System.String' is not defined or imported
C:\gh\azure-sdk-for-net\sdk\servicefabric\Microsoft.Azure.Management.ServiceFabric\tests\Tests\TestGetClusterResource.cs(36,82): error CS0518: Predefined type 'System.Int32' is not defined or imported
C:\gh\azure-sdk-for-net\sdk\servicefabric\Microsoft.Azure.Management.ServiceFabric\tests\Tests\TestGetClusterResource.cs(36,25): error CS0518: Predefined type 'System.Boolean' is not defined or imported
C:\gh\azure-sdk-for-net\sdk\servicefabric\Microsoft.Azure.Management.ServiceFabric\tests\Tests\TestGetClusterResource.cs(36,25): error CS0518: Predefined type 'System.Boolean' is not defined or imported
C:\gh\azure-sdk-for-net\sdk\servicefabric\Microsoft.Azure.Management.ServiceFabric\tests\Tests\TestGetClusterResource.cs(40,29): error CS0518: Predefined type 'System.String' is not defined or imported
C:\gh\azure-sdk-for-net\sdk\servicefabric\Microsoft.Azure.Management.ServiceFabric\tests\Tests\TestGetClusterResource.cs(42,32): error CS0518: Predefined type 'System.Object' is not defined or imported
C:\gh\azure-sdk-for-net\sdk\servicefabric\Microsoft.Azure.Management.ServiceFabric\tests\Tests\TestGetClusterResource.cs(42,32): error CS0155: The type caught or thrown must be derived from System.Exception
C:\gh\azure-sdk-for-net\sdk\servicefabric\Microsoft.Azure.Management.ServiceFabric\tests\Tests\TestGetClusterResource.cs(42,32): error CS0246: The type or namespace name 'RestException' could not be found (are you missing a using directive or an assembly reference?)
C:\gh\azure-sdk-for-net\sdk\servicefabric\Microsoft.Azure.Management.ServiceFabric\tests\Tests\TestGetClusterResource.cs(44,29): error CS0518: Predefined type 'System.Object' is not defined or imported
C:\gh\azure-sdk-for-net\sdk\servicefabric\Microsoft.Azure.Management.ServiceFabric\tests\Tests\TestGetClusterResource.cs(44,29): error CS0103: The name 'Assert' does not exist in the current context
C:\gh\azure-sdk-for-net\sdk\servicefabric\Microsoft.Azure.Management.ServiceFabric\tests\Tests\TestGetClusterResource.cs(44,51): error CS0246: The type or namespace name 'HttpResponseMessageWrapper' could not be found (are you missing a using directive or an assembly reference?)
C:\gh\azure-sdk-for-net\sdk\servicefabric\Microsoft.Azure.Management.ServiceFabric\tests\Tests\TestGetClusterResource.cs(44,74): error CS0518: Predefined type 'System.Object' is not defined or imported
C:\gh\azure-sdk-for-net\sdk\servicefabric\Microsoft.Azure.Management.ServiceFabric\tests\Tests\TestGetClusterResource.cs(44,74): error CS0103: The name 'System' does not exist in the current context
C:\gh\azure-sdk-for-net\sdk\servicefabric\Microsoft.Azure.Management.ServiceFabric\tests\Tests\TestGetClusterResource.cs(44,41): error CS0518: Predefined type 'System.Boolean' is not defined or imported
C:\gh\azure-sdk-for-net\sdk\servicefabric\Microsoft.Azure.Management.ServiceFabric\tests\Tests\TestGetClusterResource.cs(15,18): error CS0518: Predefined type 'System.Void' is not defined or imported
C:\gh\azure-sdk-for-net\sdk\servicefabric\Microsoft.Azure.Management.ServiceFabric\tests\Tests\ManagedClusters\ServiceFabricManagedTestBase.cs(86,35): error CS0518: Predefined type 'System.Object' is not defined or imported
C:\gh\azure-sdk-for-net\sdk\servicefabric\Microsoft.Azure.Management.ServiceFabric\tests\Tests\ManagedClusters\ServiceFabricManagedTestBase.cs(89,33): error CS0518: Predefined type 'System.Int32' is not defined or imported
C:\gh\azure-sdk-for-net\sdk\servicefabric\Microsoft.Azure.Management.ServiceFabric\tests\Tests\ManagedClusters\ServiceFabricManagedTestBase.cs(90,25): error CS0518: Predefined type 'System.String' is not defined or imported
C:\gh\azure-sdk-for-net\sdk\servicefabric\Microsoft.Azure.Management.ServiceFabric\tests\Tests\ManagedClusters\ServiceFabricManagedTestBase.cs(91,35): error CS0518: Predefined type 'System.String' is not defined or imported
C:\gh\azure-sdk-for-net\sdk\servicefabric\Microsoft.Azure.Management.ServiceFabric\tests\Tests\ManagedClusters\ServiceFabricManagedTestBase.cs(92,31): error CS0518: Predefined type 'System.String' is not defined or imported
C:\gh\azure-sdk-for-net\sdk\servicefabric\Microsoft.Azure.Management.ServiceFabric\tests\Tests\ManagedClusters\ServiceFabricManagedTestBase.cs(93,29): error CS0518: Predefined type 'System.String' is not defined or imported
C:\gh\azure-sdk-for-net\sdk\servicefabric\Microsoft.Azure.Management.ServiceFabric\tests\Tests\ManagedClusters\ServiceFabricManagedTestBase.cs(94,33): error CS0518: Predefined type 'System.String' is not defined or imported
C:\gh\azure-sdk-for-net\sdk\servicefabric\Microsoft.Azure.Management.ServiceFabric\tests\Tests\ManagedClusters\ServiceFabricManagedTestBase.cs(86,35): error CS0518: Predefined type 'System.Void' is not defined or imported
C:\gh\azure-sdk-for-net\sdk\servicefabric\Microsoft.Azure.Management.ServiceFabric\tests\Tests\ManagedClusters\ServiceFabricManagedTestBase.cs(97,28): error CS0518: Predefined type 'System.String' is not defined or imported
C:\gh\azure-sdk-for-net\sdk\servicefabric\Microsoft.Azure.Management.ServiceFabric\tests\Tests\ManagedClusters\ServiceFabricManagedTestBase.cs(98,13): error CS0518: Predefined type 'System.Object' is not defined or imported
C:\gh\azure-sdk-for-net\sdk\servicefabric\Microsoft.Azure.Management.ServiceFabric\tests\Tests\ManagedClusters\ServiceFabricManagedTestBase.cs(98,13): error CS0103: The name 'Assert' does not exist in the current context
C:\gh\azure-sdk-for-net\sdk\servicefabric\Microsoft.Azure.Management.ServiceFabric\tests\Tests\ManagedClusters\ServiceFabricManagedTestBase.cs(17,18): error CS1729: 'object' does not contain a constructor that takes 0 arguments
C:\gh\azure-sdk-for-net\sdk\servicefabric\Microsoft.Azure.Management.ServiceFabric\tests\TestHelper\RecordedDelegatingHandler.cs(52,17): error CS0518: Predefined type 'System.Boolean' is not defined or imported
C:\gh\azure-sdk-for-net\sdk\servicefabric\Microsoft.Azure.Management.ServiceFabric\tests\TestHelper\RecordedDelegatingHandler.cs(52,17): error CS0518: Predefined type 'System.Boolean' is not defined or imported
C:\gh\azure-sdk-for-net\sdk\servicefabric\Microsoft.Azure.Management.ServiceFabric\tests\TestHelper\RecordedDelegatingHandler.cs(54,27): error CS0518: Predefined type 'System.String' is not defined or imported
C:\gh\azure-sdk-for-net\sdk\servicefabric\Microsoft.Azure.Management.ServiceFabric\tests\TestHelper\RecordedDelegatingHandler.cs(61,17): error CS0518: Predefined type 'System.Boolean' is not defined or imported
C:\gh\azure-sdk-for-net\sdk\servicefabric\Microsoft.Azure.Management.ServiceFabric\tests\TestHelper\RecordedDelegatingHandler.cs(61,17): error CS0518: Predefined type 'System.Boolean' is not defined or imported
C:\gh\azure-sdk-for-net\sdk\servicefabric\Microsoft.Azure.Management.ServiceFabric\tests\TestHelper\RecordedDelegatingHandler.cs(69,17): error CS0518: Predefined type 'System.Boolean' is not defined or imported
C:\gh\azure-sdk-for-net\sdk\servicefabric\Microsoft.Azure.Management.ServiceFabric\tests\TestHelper\RecordedDelegatingHandler.cs(75,21): error CS0518: Predefined type 'System.Boolean' is not defined or imported
C:\gh\azure-sdk-for-net\sdk\servicefabric\Microsoft.Azure.Management.ServiceFabric\tests\TestHelper\RecordedDelegatingHandler.cs(75,53): error CS0518: Predefined type 'System.Int32' is not defined or imported
C:\gh\azure-sdk-for-net\sdk\servicefabric\Microsoft.Azure.Management.ServiceFabric\tests\TestHelper\RecordedDelegatingHandler.cs(75,42): error CS0518: Predefined type 'System.Boolean' is not defined or imported
C:\gh\azure-sdk-for-net\sdk\servicefabric\Microsoft.Azure.Management.ServiceFabric\tests\TestHelper\RecordedDelegatingHandler.cs(75,21): error CS0518: Predefined type 'System.Boolean' is not defined or imported
C:\gh\azure-sdk-for-net\sdk\servicefabric\Microsoft.Azure.Management.ServiceFabric\tests\TestHelper\RecordedDelegatingHandler.cs(82,35): error CS0518: Predefined type 'System.Int32' is not defined or imported
C:\gh\azure-sdk-for-net\sdk\servicefabric\Microsoft.Azure.Management.ServiceFabric\tests\TestHelper\RecordedDelegatingHandler.cs(82,25): error CS0518: Predefined type 'System.Boolean' is not defined or imported
C:\gh\azure-sdk-for-net\sdk\servicefabric\Microsoft.Azure.Management.ServiceFabric\tests\TestHelper\RecordedDelegatingHandler.cs(82,25): error CS0518: Predefined type 'System.Boolean' is not defined or imported
C:\gh\azure-sdk-for-net\sdk\servicefabric\Microsoft.Azure.Management.ServiceFabric\tests\TestHelper\RecordedDelegatingHandler.cs(84,21): error CS0518: Predefined type 'System.Object' is not defined or imported
C:\gh\azure-sdk-for-net\sdk\servicefabric\Microsoft.Azure.Management.ServiceFabric\tests\TestHelper\RecordedDelegatingHandler.cs(84,21): error CS0246: The type or namespace name 'HttpResponseMessage' could not be found (are you missing a using directive or an assembly reference?)
C:\gh\azure-sdk-for-net\sdk\servicefabric\Microsoft.Azure.Management.ServiceFabric\tests\TestHelper\RecordedDelegatingHandler.cs(84,56): error CS0518: Predefined type 'System.Object' is not defined or imported
C:\gh\azure-sdk-for-net\sdk\servicefabric\Microsoft.Azure.Management.ServiceFabric\tests\TestHelper\RecordedDelegatingHandler.cs(84,56): error CS0246: The type or namespace name 'HttpResponseMessage' could not be found (are you missing a using directive or an assembly reference?)
C:\gh\azure-sdk-for-net\sdk\servicefabric\Microsoft.Azure.Management.ServiceFabric\tests\TestHelper\RecordedDelegatingHandler.cs(85,44): error CS0518: Predefined type 'System.Object' is not defined or imported
C:\gh\azure-sdk-for-net\sdk\servicefabric\Microsoft.Azure.Management.ServiceFabric\tests\TestHelper\RecordedDelegatingHandler.cs(85,44): error CS0246: The type or namespace name 'StringContent' could not be found (are you missing a using directive or an assembly reference?)
C:\gh\azure-sdk-for-net\sdk\servicefabric\Microsoft.Azure.Management.ServiceFabric\tests\TestHelper\RecordedDelegatingHandler.cs(85,58): error CS0518: Predefined type 'System.String' is not defined or imported
C:\gh\azure-sdk-for-net\sdk\servicefabric\Microsoft.Azure.Management.ServiceFabric\tests\Tests\TestListClusterVersions.cs(16,28): error CS0518: Predefined type 'System.String' is not defined or imported
C:\gh\azure-sdk-for-net\sdk\servicefabric\Microsoft.Azure.Management.ServiceFabric\tests\Tests\TestListClusterVersions.cs(17,13): error CS0518: Predefined type 'System.IDisposable' is not defined or imported
C:\gh\azure-sdk-for-net\sdk\servicefabric\Microsoft.Azure.Management.ServiceFabric\tests\Tests\TestListClusterVersions.cs(17,20): error CS0518: Predefined type 'System.Object' is not defined or imported
C:\gh\azure-sdk-for-net\sdk\servicefabric\Microsoft.Azure.Management.ServiceFabric\tests\Tests\TestListClusterVersions.cs(17,20): error CS0246: The type or namespace name 'MockContext' could not be found (are you missing a using directive or an assembly reference?)
C:\gh\azure-sdk-for-net\sdk\servicefabric\Microsoft.Azure.Management.ServiceFabric\tests\Tests\TestListClusterVersions.cs(17,42): error CS0518: Predefined type 'System.Object' is not defined or imported
C:\gh\azure-sdk-for-net\sdk\servicefabric\Microsoft.Azure.Management.ServiceFabric\tests\Tests\TestListClusterVersions.cs(17,42): error CS0103: The name 'MockContext' does not exist in the current context
C:\gh\azure-sdk-for-net\sdk\servicefabric\Microsoft.Azure.Management.ServiceFabric\tests\Tests\TestListClusterVersions.cs(17,65): error CS0518: Predefined type 'System.Object' is not defined or imported
C:\gh\azure-sdk-for-net\sdk\servicefabric\Microsoft.Azure.Management.ServiceFabric\tests\Tests\TestListClusterVersions.cs(17,65): error CS1061: 'TestListClusterVersions' does not contain a definition for 'GetType' and no accessible extension method 'GetType' accepting a first argument of type 'TestListClusterVersions' could be found (are you missing a using directive or an assembly reference?)
C:\gh\azure-sdk-for-net\sdk\servicefabric\Microsoft.Azure.Management.ServiceFabric\tests\Tests\TestListClusterVersions.cs(19,43): error CS0518: Predefined type 'System.Object' is not defined or imported
C:\gh\azure-sdk-for-net\sdk\servicefabric\Microsoft.Azure.Management.ServiceFabric\tests\Tests\TestListClusterVersions.cs(21,35): error CS0518: Predefined type 'System.String' is not defined or imported
C:\gh\azure-sdk-for-net\sdk\servicefabric\Microsoft.Azure.Management.ServiceFabric\tests\Tests\TestListClusterVersions.cs(22,39): error CS0518: Predefined type 'System.String' is not defined or imported
C:\gh\azure-sdk-for-net\sdk\servicefabric\Microsoft.Azure.Management.ServiceFabric\tests\Tests\TestListClusterVersions.cs(24,17): error CS0518: Predefined type 'System.Object' is not defined or imported
C:\gh\azure-sdk-for-net\sdk\servicefabric\Microsoft.Azure.Management.ServiceFabric\tests\Tests\TestListClusterVersions.cs(24,17): error CS0103: The name 'Assert' does not exist in the current context
C:\gh\azure-sdk-for-net\sdk\servicefabric\Microsoft.Azure.Management.ServiceFabric\tests\Tests\TestListClusterVersions.cs(25,48): error CS0012: The type 'IList<>' is defined in an assembly that is not referenced. You must add a reference to assembly 'mscorlib, Version=4.0.0.0, Culture=neutral, PublicKeyToken=b77a5c561934e089'.
C:\gh\azure-sdk-for-net\sdk\servicefabric\Microsoft.Azure.Management.ServiceFabric\tests\Tests\TestListClusterVersions.cs(28,17): error CS0518: Predefined type 'System.Object' is not defined or imported
C:\gh\azure-sdk-for-net\sdk\servicefabric\Microsoft.Azure.Management.ServiceFabric\tests\Tests\TestListClusterVersions.cs(28,17): error CS0103: The name 'Assert' does not exist in the current context
C:\gh\azure-sdk-for-net\sdk\servicefabric\Microsoft.Azure.Management.ServiceFabric\tests\Tests\TestListClusterVersions.cs(29,17): error CS0518: Predefined type 'System.Object' is not defined or imported
C:\gh\azure-sdk-for-net\sdk\servicefabric\Microsoft.Azure.Management.ServiceFabric\tests\Tests\TestListClusterVersions.cs(29,17): error CS0103: The name 'Assert' does not exist in the current context
C:\gh\azure-sdk-for-net\sdk\servicefabric\Microsoft.Azure.Management.ServiceFabric\tests\Tests\TestListClusterVersions.cs(29,75): error CS0518: Predefined type 'System.Boolean' is not defined or imported
C:\gh\azure-sdk-for-net\sdk\servicefabric\Microsoft.Azure.Management.ServiceFabric\tests\Tests\TestListClusterVersions.cs(29,109): error CS0518: Predefined type 'System.Boolean' is not defined or imported
C:\gh\azure-sdk-for-net\sdk\servicefabric\Microsoft.Azure.Management.ServiceFabric\tests\Tests\TestListClusterVersions.cs(30,17): error CS0518: Predefined type 'System.Object' is not defined or imported
C:\gh\azure-sdk-for-net\sdk\servicefabric\Microsoft.Azure.Management.ServiceFabric\tests\Tests\TestListClusterVersions.cs(30,17): error CS0103: The name 'Assert' does not exist in the current context
C:\gh\azure-sdk-for-net\sdk\servicefabric\Microsoft.Azure.Management.ServiceFabric\tests\Tests\TestListClusterVersions.cs(30,79): error CS0518: Predefined type 'System.Boolean' is not defined or imported
C:\gh\azure-sdk-for-net\sdk\servicefabric\Microsoft.Azure.Management.ServiceFabric\tests\Tests\TestListClusterVersions.cs(30,114): error CS0518: Predefined type 'System.Boolean' is not defined or imported
C:\gh\azure-sdk-for-net\sdk\servicefabric\Microsoft.Azure.Management.ServiceFabric\tests\Tests\TestListClusterVersions.cs(11,18): error CS0518: Predefined type 'System.Void' is not defined or imported
C:\gh\azure-sdk-for-net\sdk\servicefabric\Microsoft.Azure.Management.ServiceFabric\tests\Tests\TestListClusterResource.cs(32,13): error CS0518: Predefined type 'System.IDisposable' is not defined or imported
C:\gh\azure-sdk-for-net\sdk\servicefabric\Microsoft.Azure.Management.ServiceFabric\tests\Tests\TestListClusterResource.cs(32,20): error CS0518: Predefined type 'System.Object' is not defined or imported
C:\gh\azure-sdk-for-net\sdk\servicefabric\Microsoft.Azure.Management.ServiceFabric\tests\Tests\TestListClusterResource.cs(32,20): error CS0246: The type or namespace name 'MockContext' could not be found (are you missing a using directive or an assembly reference?)
C:\gh\azure-sdk-for-net\sdk\servicefabric\Microsoft.Azure.Management.ServiceFabric\tests\Tests\TestListClusterResource.cs(32,42): error CS0518: Predefined type 'System.Object' is not defined or imported
C:\gh\azure-sdk-for-net\sdk\servicefabric\Microsoft.Azure.Management.ServiceFabric\tests\Tests\TestListClusterResource.cs(32,42): error CS0103: The name 'MockContext' does not exist in the current context
C:\gh\azure-sdk-for-net\sdk\servicefabric\Microsoft.Azure.Management.ServiceFabric\tests\Tests\TestListClusterResource.cs(32,65): error CS0518: Predefined type 'System.Object' is not defined or imported
C:\gh\azure-sdk-for-net\sdk\servicefabric\Microsoft.Azure.Management.ServiceFabric\tests\Tests\TestListClusterResource.cs(32,65): error CS1061: 'TestListClusterResource' does not contain a definition for 'GetType' and no accessible extension method 'GetType' accepting a first argument of type 'TestListClusterResource' could be found (are you missing a using directive or an assembly reference?)
C:\gh\azure-sdk-for-net\sdk\servicefabric\Microsoft.Azure.Management.ServiceFabric\tests\Tests\TestListClusterResource.cs(34,43): error CS0518: Predefined type 'System.Object' is not defined or imported
C:\gh\azure-sdk-for-net\sdk\servicefabric\Microsoft.Azure.Management.ServiceFabric\tests\Tests\TestListClusterResource.cs(35,37): error CS0518: Predefined type 'System.Object' is not defined or imported
C:\gh\azure-sdk-for-net\sdk\servicefabric\Microsoft.Azure.Management.ServiceFabric\tests\Tests\TestListClusterResource.cs(39,37): error CS0518: Predefined type 'System.Object' is not defined or imported
C:\gh\azure-sdk-for-net\sdk\servicefabric\Microsoft.Azure.Management.ServiceFabric\tests\Tests\TestListClusterResource.cs(40,25): error CS0518: Predefined type 'System.Boolean' is not defined or imported
C:\gh\azure-sdk-for-net\sdk\servicefabric\Microsoft.Azure.Management.ServiceFabric\tests\Tests\TestListClusterResource.cs(42,40): error CS0518: Predefined type 'System.String' is not defined or imported
C:\gh\azure-sdk-for-net\sdk\servicefabric\Microsoft.Azure.Management.ServiceFabric\tests\Tests\TestListClusterResource.cs(42,40): error CS0246: The type or namespace name 'IPage<>' could not be found (are you missing a using directive or an assembly reference?)
C:\gh\azure-sdk-for-net\sdk\servicefabric\Microsoft.Azure.Management.ServiceFabric\tests\Tests\TestListClusterResource.cs(43,25): error CS0518: Predefined type 'System.Object' is not defined or imported
C:\gh\azure-sdk-for-net\sdk\servicefabric\Microsoft.Azure.Management.ServiceFabric\tests\Tests\TestListClusterResource.cs(43,25): error CS0103: The name 'Assert' does not exist in the current context
C:\gh\azure-sdk-for-net\sdk\servicefabric\Microsoft.Azure.Management.ServiceFabric\tests\Tests\TestListClusterResource.cs(49,25): error CS0518: Predefined type 'System.Object' is not defined or imported
C:\gh\azure-sdk-for-net\sdk\servicefabric\Microsoft.Azure.Management.ServiceFabric\tests\Tests\TestListClusterResource.cs(49,25): error CS0103: The name 'Assert' does not exist in the current context
C:\gh\azure-sdk-for-net\sdk\servicefabric\Microsoft.Azure.Management.ServiceFabric\tests\Tests\TestListClusterResource.cs(51,30): error CS0518: Predefined type 'System.Int32' is not defined or imported
C:\gh\azure-sdk-for-net\sdk\servicefabric\Microsoft.Azure.Management.ServiceFabric\tests\Tests\TestListClusterResource.cs(51,38): error CS0518: Predefined type 'System.Int32' is not defined or imported
C:\gh\azure-sdk-for-net\sdk\servicefabric\Microsoft.Azure.Management.ServiceFabric\tests\Tests\TestListClusterResource.cs(51,41): error CS0518: Predefined type 'System.Boolean' is not defined or imported
C:\gh\azure-sdk-for-net\sdk\servicefabric\Microsoft.Azure.Management.ServiceFabric\tests\Tests\TestListClusterResource.cs(51,41): error CS0518: Predefined type 'System.Boolean' is not defined or imported
C:\gh\azure-sdk-for-net\sdk\servicefabric\Microsoft.Azure.Management.ServiceFabric\tests\Tests\TestListClusterResource.cs(53,29): error CS0518: Predefined type 'System.Object' is not defined or imported
C:\gh\azure-sdk-for-net\sdk\servicefabric\Microsoft.Azure.Management.ServiceFabric\tests\Tests\TestListClusterResource.cs(53,29): error CS0103: The name 'Assert' does not exist in the current context
C:\gh\azure-sdk-for-net\sdk\servicefabric\Microsoft.Azure.Management.ServiceFabric\tests\Tests\TestListClusterResource.cs(53,41): error CS0518: Predefined type 'System.Boolean' is not defined or imported
C:\gh\azure-sdk-for-net\sdk\servicefabric\Microsoft.Azure.Management.ServiceFabric\tests\Tests\TestListClusterResource.cs(12,18): error CS0518: Predefined type 'System.Void' is not defined or imported
C:\gh\azure-sdk-for-net\sdk\servicefabric\Microsoft.Azure.Management.ServiceFabric\tests\Tests\TestUpdateClusterResource.cs(20,13): error CS0518: Predefined type 'System.IDisposable' is not defined or imported
C:\gh\azure-sdk-for-net\sdk\servicefabric\Microsoft.Azure.Management.ServiceFabric\tests\Tests\TestUpdateClusterResource.cs(20,20): error CS0518: Predefined type 'System.Object' is not defined or imported
C:\gh\azure-sdk-for-net\sdk\servicefabric\Microsoft.Azure.Management.ServiceFabric\tests\Tests\TestUpdateClusterResource.cs(20,20): error CS0246: The type or namespace name 'MockContext' could not be found (are you missing a using directive or an assembly reference?)
C:\gh\azure-sdk-for-net\sdk\servicefabric\Microsoft.Azure.Management.ServiceFabric\tests\Tests\TestUpdateClusterResource.cs(20,42): error CS0518: Predefined type 'System.Object' is not defined or imported
C:\gh\azure-sdk-for-net\sdk\servicefabric\Microsoft.Azure.Management.ServiceFabric\tests\Tests\TestUpdateClusterResource.cs(20,42): error CS0103: The name 'MockContext' does not exist in the current context
C:\gh\azure-sdk-for-net\sdk\servicefabric\Microsoft.Azure.Management.ServiceFabric\tests\Tests\TestUpdateClusterResource.cs(20,65): error CS0518: Predefined type 'System.Object' is not defined or imported
C:\gh\azure-sdk-for-net\sdk\servicefabric\Microsoft.Azure.Management.ServiceFabric\tests\Tests\TestUpdateClusterResource.cs(20,65): error CS1061: 'TestUpdateClusterResource' does not contain a definition for 'GetType' and no accessible extension method 'GetType' accepting a first argument of type 'TestUpdateClusterResource' could be found (are you missing a using directive or an assembly reference?)
C:\gh\azure-sdk-for-net\sdk\servicefabric\Microsoft.Azure.Management.ServiceFabric\tests\Tests\TestUpdateClusterResource.cs(22,43): error CS0518: Predefined type 'System.Object' is not defined or imported
C:\gh\azure-sdk-for-net\sdk\servicefabric\Microsoft.Azure.Management.ServiceFabric\tests\Tests\TestUpdateClusterResource.cs(23,37): error CS0518: Predefined type 'System.Object' is not defined or imported
C:\gh\azure-sdk-for-net\sdk\servicefabric\Microsoft.Azure.Management.ServiceFabric\tests\Tests\TestUpdateClusterResource.cs(28,37): error CS0518: Predefined type 'System.Object' is not defined or imported
C:\gh\azure-sdk-for-net\sdk\servicefabric\Microsoft.Azure.Management.ServiceFabric\tests\Tests\TestUpdateClusterResource.cs(29,25): error CS0518: Predefined type 'System.Boolean' is not defined or imported
C:\gh\azure-sdk-for-net\sdk\servicefabric\Microsoft.Azure.Management.ServiceFabric\tests\Tests\TestUpdateClusterResource.cs(32,39): error CS0518: Predefined type 'System.String' is not defined or imported
C:\gh\azure-sdk-for-net\sdk\servicefabric\Microsoft.Azure.Management.ServiceFabric\tests\Tests\TestUpdateClusterResource.cs(33,58): error CS0518: Predefined type 'System.String' is not defined or imported
C:\gh\azure-sdk-for-net\sdk\servicefabric\Microsoft.Azure.Management.ServiceFabric\tests\Tests\TestUpdateClusterResource.cs(33,67): error CS0518: Predefined type 'System.Object' is not defined or imported
C:\gh\azure-sdk-for-net\sdk\servicefabric\Microsoft.Azure.Management.ServiceFabric\tests\Tests\TestUpdateClusterResource.cs(33,67): error CS0103: The name 'StringComparison' does not exist in the current context
C:\gh\azure-sdk-for-net\sdk\servicefabric\Microsoft.Azure.Management.ServiceFabric\tests\Tests\TestUpdateClusterResource.cs(33,29): error CS0518: Predefined type 'System.Boolean' is not defined or imported
C:\gh\azure-sdk-for-net\sdk\servicefabric\Microsoft.Azure.Management.ServiceFabric\tests\Tests\TestUpdateClusterResource.cs(39,33): error CS0518: Predefined type 'System.Object' is not defined or imported
C:\gh\azure-sdk-for-net\sdk\servicefabric\Microsoft.Azure.Management.ServiceFabric\tests\Tests\TestUpdateClusterResource.cs(39,33): error CS0518: Predefined type 'System.Void' is not defined or imported
C:\gh\azure-sdk-for-net\sdk\servicefabric\Microsoft.Azure.Management.ServiceFabric\tests\Tests\TestUpdateClusterResource.cs(41,33): error CS0012: The type 'IList<>' is defined in an assembly that is not referenced. You must add a reference to assembly 'mscorlib, Version=4.0.0.0, Culture=neutral, PublicKeyToken=b77a5c561934e089'.
C:\gh\azure-sdk-for-net\sdk\servicefabric\Microsoft.Azure.Management.ServiceFabric\tests\Tests\TestUpdateClusterResource.cs(41,54): error CS0518: Predefined type 'System.Object' is not defined or imported
C:\gh\azure-sdk-for-net\sdk\servicefabric\Microsoft.Azure.Management.ServiceFabric\tests\Tests\TestUpdateClusterResource.cs(41,54): error CS0246: The type or namespace name 'List<>' could not be found (are you missing a using directive or an assembly reference?)
C:\gh\azure-sdk-for-net\sdk\servicefabric\Microsoft.Azure.Management.ServiceFabric\tests\Tests\TestUpdateClusterResource.cs(41,59): error CS0518: Predefined type 'System.Object' is not defined or imported
C:\gh\azure-sdk-for-net\sdk\servicefabric\Microsoft.Azure.Management.ServiceFabric\tests\Tests\TestUpdateClusterResource.cs(43,41): error CS0518: Predefined type 'System.Object' is not defined or imported
C:\gh\azure-sdk-for-net\sdk\servicefabric\Microsoft.Azure.Management.ServiceFabric\tests\Tests\TestUpdateClusterResource.cs(43,41): error CS0518: Predefined type 'System.Void' is not defined or imported
C:\gh\azure-sdk-for-net\sdk\servicefabric\Microsoft.Azure.Management.ServiceFabric\tests\Tests\TestUpdateClusterResource.cs(45,41): error CS0518: Predefined type 'System.String' is not defined or imported
C:\gh\azure-sdk-for-net\sdk\servicefabric\Microsoft.Azure.Management.ServiceFabric\tests\Tests\TestUpdateClusterResource.cs(45,48): error CS0518: Predefined type 'System.String' is not defined or imported
C:\gh\azure-sdk-for-net\sdk\servicefabric\Microsoft.Azure.Management.ServiceFabric\tests\Tests\TestUpdateClusterResource.cs(46,41): error CS0012: The type 'IList<>' is defined in an assembly that is not referenced. You must add a reference to assembly 'mscorlib, Version=4.0.0.0, Culture=neutral, PublicKeyToken=b77a5c561934e089'.
C:\gh\azure-sdk-for-net\sdk\servicefabric\Microsoft.Azure.Management.ServiceFabric\tests\Tests\TestUpdateClusterResource.cs(46,58): error CS0518: Predefined type 'System.Object' is not defined or imported
C:\gh\azure-sdk-for-net\sdk\servicefabric\Microsoft.Azure.Management.ServiceFabric\tests\Tests\TestUpdateClusterResource.cs(46,58): error CS0246: The type or namespace name 'List<>' could not be found (are you missing a using directive or an assembly reference?)
C:\gh\azure-sdk-for-net\sdk\servicefabric\Microsoft.Azure.Management.ServiceFabric\tests\Tests\TestUpdateClusterResource.cs(46,63): error CS0518: Predefined type 'System.Object' is not defined or imported
C:\gh\azure-sdk-for-net\sdk\servicefabric\Microsoft.Azure.Management.ServiceFabric\tests\Tests\TestUpdateClusterResource.cs(48,49): error CS0518: Predefined type 'System.Object' is not defined or imported
C:\gh\azure-sdk-for-net\sdk\servicefabric\Microsoft.Azure.Management.ServiceFabric\tests\Tests\TestUpdateClusterResource.cs(48,49): error CS0518: Predefined type 'System.Void' is not defined or imported
C:\gh\azure-sdk-for-net\sdk\servicefabric\Microsoft.Azure.Management.ServiceFabric\tests\Tests\TestUpdateClusterResource.cs(50,49): error CS0518: Predefined type 'System.String' is not defined or imported
C:\gh\azure-sdk-for-net\sdk\servicefabric\Microsoft.Azure.Management.ServiceFabric\tests\Tests\TestUpdateClusterResource.cs(50,56): error CS0518: Predefined type 'System.String' is not defined or imported
C:\gh\azure-sdk-for-net\sdk\servicefabric\Microsoft.Azure.Management.ServiceFabric\tests\Tests\TestUpdateClusterResource.cs(51,49): error CS0518: Predefined type 'System.String' is not defined or imported
C:\gh\azure-sdk-for-net\sdk\servicefabric\Microsoft.Azure.Management.ServiceFabric\tests\Tests\TestUpdateClusterResource.cs(51,57): error CS0518: Predefined type 'System.String' is not defined or imported
C:\gh\azure-sdk-for-net\sdk\servicefabric\Microsoft.Azure.Management.ServiceFabric\tests\Tests\TestUpdateClusterResource.cs(38,25): error CS0518: Predefined type 'System.String' is not defined or imported
C:\gh\azure-sdk-for-net\sdk\servicefabric\Microsoft.Azure.Management.ServiceFabric\tests\Tests\TestUpdateClusterResource.cs(58,35): error CS0518: Predefined type 'System.String' is not defined or imported
C:\gh\azure-sdk-for-net\sdk\servicefabric\Microsoft.Azure.Management.ServiceFabric\tests\Tests\TestUpdateClusterResource.cs(59,32): error CS0518: Predefined type 'System.String' is not defined or imported
C:\gh\azure-sdk-for-net\sdk\servicefabric\Microsoft.Azure.Management.ServiceFabric\tests\Tests\TestUpdateClusterResource.cs(59,69): error CS0518: Predefined type 'System.String' is not defined or imported
C:\gh\azure-sdk-for-net\sdk\servicefabric\Microsoft.Azure.Management.ServiceFabric\tests\Tests\TestUpdateClusterResource.cs(59,77): error CS0518: Predefined type 'System.Boolean' is not defined or imported
C:\gh\azure-sdk-for-net\sdk\servicefabric\Microsoft.Azure.Management.ServiceFabric\tests\Tests\TestUpdateClusterResource.cs(59,86): error CS0518: Predefined type 'System.Int32' is not defined or imported
C:\gh\azure-sdk-for-net\sdk\servicefabric\Microsoft.Azure.Management.ServiceFabric\tests\Tests\TestUpdateClusterResource.cs(59,32): error CS0518: Predefined type 'System.Boolean' is not defined or imported
C:\gh\azure-sdk-for-net\sdk\servicefabric\Microsoft.Azure.Management.ServiceFabric\tests\Tests\TestUpdateClusterResource.cs(59,32): error CS0518: Predefined type 'System.Boolean' is not defined or imported
C:\gh\azure-sdk-for-net\sdk\servicefabric\Microsoft.Azure.Management.ServiceFabric\tests\Tests\TestUpdateClusterResource.cs(61,39): error CS0518: Predefined type 'System.String' is not defined or imported
C:\gh\azure-sdk-for-net\sdk\servicefabric\Microsoft.Azure.Management.ServiceFabric\tests\Tests\TestUpdateClusterResource.cs(62,29): error CS0518: Predefined type 'System.Object' is not defined or imported
C:\gh\azure-sdk-for-net\sdk\servicefabric\Microsoft.Azure.Management.ServiceFabric\tests\Tests\TestUpdateClusterResource.cs(62,29): error CS0103: The name 'TestUtilities' does not exist in the current context
C:\gh\azure-sdk-for-net\sdk\servicefabric\Microsoft.Azure.Management.ServiceFabric\tests\Tests\TestUpdateClusterResource.cs(62,48): error CS0518: Predefined type 'System.Object' is not defined or imported
C:\gh\azure-sdk-for-net\sdk\servicefabric\Microsoft.Azure.Management.ServiceFabric\tests\Tests\TestUpdateClusterResource.cs(62,48): error CS0103: The name 'TimeSpan' does not exist in the current context
C:\gh\azure-sdk-for-net\sdk\servicefabric\Microsoft.Azure.Management.ServiceFabric\tests\Tests\TestUpdateClusterResource.cs(62,69): error CS0518: Predefined type 'System.Int32' is not defined or imported
C:\gh\azure-sdk-for-net\sdk\servicefabric\Microsoft.Azure.Management.ServiceFabric\tests\Tests\TestUpdateClusterResource.cs(70,25): error CS0518: Predefined type 'System.Object' is not defined or imported
C:\gh\azure-sdk-for-net\sdk\servicefabric\Microsoft.Azure.Management.ServiceFabric\tests\Tests\TestUpdateClusterResource.cs(70,25): error CS0103: The name 'Assert' does not exist in the current context
C:\gh\azure-sdk-for-net\sdk\servicefabric\Microsoft.Azure.Management.ServiceFabric\tests\Tests\TestUpdateClusterResource.cs(70,48): error CS0518: Predefined type 'System.String' is not defined or imported
C:\gh\azure-sdk-for-net\sdk\servicefabric\Microsoft.Azure.Management.ServiceFabric\tests\Tests\TestUpdateClusterResource.cs(70,37): error CS0518: Predefined type 'System.Boolean' is not defined or imported
C:\gh\azure-sdk-for-net\sdk\servicefabric\Microsoft.Azure.Management.ServiceFabric\tests\Tests\TestUpdateClusterResource.cs(15,18): error CS0518: Predefined type 'System.Void' is not defined or imported
C:\gh\azure-sdk-for-net\sdk\servicefabric\Microsoft.Azure.Management.ServiceFabric\tests\Tests\ServiceFabricTestBase.cs(63,29): error CS0518: Predefined type 'System.String' is not defined or imported
C:\gh\azure-sdk-for-net\sdk\servicefabric\Microsoft.Azure.Management.ServiceFabric\tests\Tests\ServiceFabricTestBase.cs(69,34): error CS0518: Predefined type 'System.Object' is not defined or imported
C:\gh\azure-sdk-for-net\sdk\servicefabric\Microsoft.Azure.Management.ServiceFabric\tests\Tests\ServiceFabricTestBase.cs(71,37): error CS0518: Predefined type 'System.String' is not defined or imported
C:\gh\azure-sdk-for-net\sdk\servicefabric\Microsoft.Azure.Management.ServiceFabric\tests\Tests\ServiceFabricTestBase.cs(72,39): error CS0518: Predefined type 'System.String' is not defined or imported
C:\gh\azure-sdk-for-net\sdk\servicefabric\Microsoft.Azure.Management.ServiceFabric\tests\Tests\ServiceFabricTestBase.cs(73,34): error CS0518: Predefined type 'System.Object' is not defined or imported
C:\gh\azure-sdk-for-net\sdk\servicefabric\Microsoft.Azure.Management.ServiceFabric\tests\Tests\ServiceFabricTestBase.cs(73,34): error CS0246: The type or namespace name 'List<>' could not be found (are you missing a using directive or an assembly reference?)
C:\gh\azure-sdk-for-net\sdk\servicefabric\Microsoft.Azure.Management.ServiceFabric\tests\Tests\ServiceFabricTestBase.cs(73,39): error CS0518: Predefined type 'System.Object' is not defined or imported
C:\gh\azure-sdk-for-net\sdk\servicefabric\Microsoft.Azure.Management.ServiceFabric\tests\Tests\ServiceFabricTestBase.cs(75,27): error CS0518: Predefined type 'System.Object' is not defined or imported
C:\gh\azure-sdk-for-net\sdk\servicefabric\Microsoft.Azure.Management.ServiceFabric\tests\Tests\ServiceFabricTestBase.cs(75,27): error CS0518: Predefined type 'System.Void' is not defined or imported
C:\gh\azure-sdk-for-net\sdk\servicefabric\Microsoft.Azure.Management.ServiceFabric\tests\Tests\ServiceFabricTestBase.cs(77,27): error CS0518: Predefined type 'System.Void' is not defined or imported
C:\gh\azure-sdk-for-net\sdk\servicefabric\Microsoft.Azure.Management.ServiceFabric\tests\Tests\ServiceFabricTestBase.cs(77,50): error CS0518: Predefined type 'System.Object' is not defined or imported
C:\gh\azure-sdk-for-net\sdk\servicefabric\Microsoft.Azure.Management.ServiceFabric\tests\Tests\ServiceFabricTestBase.cs(77,50): error CS0518: Predefined type 'System.Void' is not defined or imported
C:\gh\azure-sdk-for-net\sdk\servicefabric\Microsoft.Azure.Management.ServiceFabric\tests\Tests\ServiceFabricTestBase.cs(79,31): error CS0518: Predefined type 'System.Int32' is not defined or imported
C:\gh\azure-sdk-for-net\sdk\servicefabric\Microsoft.Azure.Management.ServiceFabric\tests\Tests\ServiceFabricTestBase.cs(79,43): error CS0518: Predefined type 'System.Int32' is not defined or imported
C:\gh\azure-sdk-for-net\sdk\servicefabric\Microsoft.Azure.Management.ServiceFabric\tests\Tests\ServiceFabricTestBase.cs(80,31): error CS0518: Predefined type 'System.Int32' is not defined or imported
C:\gh\azure-sdk-for-net\sdk\servicefabric\Microsoft.Azure.Management.ServiceFabric\tests\Tests\ServiceFabricTestBase.cs(80,41): error CS0518: Predefined type 'System.Int32' is not defined or imported
C:\gh\azure-sdk-for-net\sdk\servicefabric\Microsoft.Azure.Management.ServiceFabric\tests\Tests\ServiceFabricTestBase.cs(82,27): error CS0518: Predefined type 'System.String' is not defined or imported
C:\gh\azure-sdk-for-net\sdk\servicefabric\Microsoft.Azure.Management.ServiceFabric\tests\Tests\ServiceFabricTestBase.cs(82,45): error CS0518: Predefined type 'System.String' is not defined or imported
C:\gh\azure-sdk-for-net\sdk\servicefabric\Microsoft.Azure.Management.ServiceFabric\tests\Tests\ServiceFabricTestBase.cs(83,27): error CS0518: Predefined type 'System.Void' is not defined or imported
C:\gh\azure-sdk-for-net\sdk\servicefabric\Microsoft.Azure.Management.ServiceFabric\tests\Tests\ServiceFabricTestBase.cs(83,48): error CS0518: Predefined type 'System.Object' is not defined or imported
C:\gh\azure-sdk-for-net\sdk\servicefabric\Microsoft.Azure.Management.ServiceFabric\tests\Tests\ServiceFabricTestBase.cs(83,48): error CS0518: Predefined type 'System.Void' is not defined or imported
C:\gh\azure-sdk-for-net\sdk\servicefabric\Microsoft.Azure.Management.ServiceFabric\tests\Tests\ServiceFabricTestBase.cs(85,31): error CS0518: Predefined type 'System.Int32' is not defined or imported
C:\gh\azure-sdk-for-net\sdk\servicefabric\Microsoft.Azure.Management.ServiceFabric\tests\Tests\ServiceFabricTestBase.cs(85,43): error CS0518: Predefined type 'System.Int32' is not defined or imported
C:\gh\azure-sdk-for-net\sdk\servicefabric\Microsoft.Azure.Management.ServiceFabric\tests\Tests\ServiceFabricTestBase.cs(86,31): error CS0518: Predefined type 'System.Int32' is not defined or imported
C:\gh\azure-sdk-for-net\sdk\servicefabric\Microsoft.Azure.Management.ServiceFabric\tests\Tests\ServiceFabricTestBase.cs(86,41): error CS0518: Predefined type 'System.Int32' is not defined or imported
C:\gh\azure-sdk-for-net\sdk\servicefabric\Microsoft.Azure.Management.ServiceFabric\tests\Tests\ServiceFabricTestBase.cs(88,27): error CS0518: Predefined type 'System.Boolean' is not defined or imported
C:\gh\azure-sdk-for-net\sdk\servicefabric\Microsoft.Azure.Management.ServiceFabric\tests\Tests\ServiceFabricTestBase.cs(88,39): error CS0518: Predefined type 'System.Boolean' is not defined or imported
C:\gh\azure-sdk-for-net\sdk\servicefabric\Microsoft.Azure.Management.ServiceFabric\tests\Tests\ServiceFabricTestBase.cs(89,27): error CS0518: Predefined type 'System.String' is not defined or imported
C:\gh\azure-sdk-for-net\sdk\servicefabric\Microsoft.Azure.Management.ServiceFabric\tests\Tests\ServiceFabricTestBase.cs(89,34): error CS0518: Predefined type 'System.String' is not defined or imported
C:\gh\azure-sdk-for-net\sdk\servicefabric\Microsoft.Azure.Management.ServiceFabric\tests\Tests\ServiceFabricTestBase.cs(90,27): error CS0518: Predefined type 'System.Int32' is not defined or imported
C:\gh\azure-sdk-for-net\sdk\servicefabric\Microsoft.Azure.Management.ServiceFabric\tests\Tests\ServiceFabricTestBase.cs(90,58): error CS0518: Predefined type 'System.Int32' is not defined or imported
C:\gh\azure-sdk-for-net\sdk\servicefabric\Microsoft.Azure.Management.ServiceFabric\tests\Tests\ServiceFabricTestBase.cs(91,27): error CS0012: The type 'IDictionary<,>' is defined in an assembly that is not referenced. You must add a reference to assembly 'mscorlib, Version=4.0.0.0, Culture=neutral, PublicKeyToken=b77a5c561934e089'.
C:\gh\azure-sdk-for-net\sdk\servicefabric\Microsoft.Azure.Management.ServiceFabric\tests\Tests\ServiceFabricTestBase.cs(92,27): error CS0518: Predefined type 'System.Int32' is not defined or imported
C:\gh\azure-sdk-for-net\sdk\servicefabric\Microsoft.Azure.Management.ServiceFabric\tests\Tests\ServiceFabricTestBase.cs(92,53): error CS0518: Predefined type 'System.Int32' is not defined or imported
C:\gh\azure-sdk-for-net\sdk\servicefabric\Microsoft.Azure.Management.ServiceFabric\tests\Tests\ServiceFabricTestBase.cs(93,27): error CS0012: The type 'IDictionary<,>' is defined in an assembly that is not referenced. You must add a reference to assembly 'mscorlib, Version=4.0.0.0, Culture=neutral, PublicKeyToken=b77a5c561934e089'.
C:\gh\azure-sdk-for-net\sdk\servicefabric\Microsoft.Azure.Management.ServiceFabric\tests\Tests\ServiceFabricTestBase.cs(94,27): error CS0518: Predefined type 'System.Int32' is not defined or imported
C:\gh\azure-sdk-for-net\sdk\servicefabric\Microsoft.Azure.Management.ServiceFabric\tests\Tests\ServiceFabricTestBase.cs(94,45): error CS0518: Predefined type 'System.Int32' is not defined or imported
C:\gh\azure-sdk-for-net\sdk\servicefabric\Microsoft.Azure.Management.ServiceFabric\tests\Tests\ServiceFabricTestBase.cs(95,27): error CS0012: The type 'Nullable<>' is defined in an assembly that is not referenced. You must add a reference to assembly 'mscorlib, Version=4.0.0.0, Culture=neutral, PublicKeyToken=b77a5c561934e089'.
C:\gh\azure-sdk-for-net\sdk\servicefabric\Microsoft.Azure.Management.ServiceFabric\tests\Tests\ServiceFabricTestBase.cs(100,25): error CS0518: Predefined type 'System.String' is not defined or imported
C:\gh\azure-sdk-for-net\sdk\servicefabric\Microsoft.Azure.Management.ServiceFabric\tests\Tests\ServiceFabricTestBase.cs(101,28): error CS0518: Predefined type 'System.String' is not defined or imported
C:\gh\azure-sdk-for-net\sdk\servicefabric\Microsoft.Azure.Management.ServiceFabric\tests\Tests\ServiceFabricTestBase.cs(69,34): error CS0518: Predefined type 'System.Void' is not defined or imported
C:\gh\azure-sdk-for-net\sdk\servicefabric\Microsoft.Azure.Management.ServiceFabric\tests\Tests\ServiceFabricTestBase.cs(108,21): error CS0518: Predefined type 'System.Object' is not defined or imported
C:\gh\azure-sdk-for-net\sdk\servicefabric\Microsoft.Azure.Management.ServiceFabric\tests\Tests\ServiceFabricTestBase.cs(108,21): error CS0246: The type or namespace name 'ResourceGroup' could not be found (are you missing a using directive or an assembly reference?)
C:\gh\azure-sdk-for-net\sdk\servicefabric\Microsoft.Azure.Management.ServiceFabric\tests\Tests\ServiceFabricTestBase.cs(110,27): error CS0518: Predefined type 'System.String' is not defined or imported
C:\gh\azure-sdk-for-net\sdk\servicefabric\Microsoft.Azure.Management.ServiceFabric\tests\Tests\ServiceFabricTestBase.cs(111,13): error CS0518: Predefined type 'System.Object' is not defined or imported
C:\gh\azure-sdk-for-net\sdk\servicefabric\Microsoft.Azure.Management.ServiceFabric\tests\Tests\ServiceFabricTestBase.cs(111,13): error CS0103: The name 'Assert' does not exist in the current context
C:\gh\azure-sdk-for-net\sdk\servicefabric\Microsoft.Azure.Management.ServiceFabric\tests\Tests\ServiceFabricTestBase.cs(113,23): error CS0518: Predefined type 'System.String' is not defined or imported
C:\gh\azure-sdk-for-net\sdk\servicefabric\Microsoft.Azure.Management.ServiceFabric\tests\Tests\ServiceFabricTestBase.cs(114,13): error CS0518: Predefined type 'System.Object' is not defined or imported
C:\gh\azure-sdk-for-net\sdk\servicefabric\Microsoft.Azure.Management.ServiceFabric\tests\Tests\ServiceFabricTestBase.cs(114,13): error CS0103: The name 'Assert' does not exist in the current context
C:\gh\azure-sdk-for-net\sdk\servicefabric\Microsoft.Azure.Management.ServiceFabric\tests\Tests\ServiceFabricTestBase.cs(18,18): error CS1729: 'object' does not contain a constructor that takes 0 arguments
C:\gh\azure-sdk-for-net\sdk\servicefabric\Microsoft.Azure.Management.ServiceFabric\tests\Tests\ManagedClusters\ManagedClusterTests.cs(24,13): error CS0518: Predefined type 'System.IDisposable' is not defined or imported
C:\gh\azure-sdk-for-net\sdk\servicefabric\Microsoft.Azure.Management.ServiceFabric\tests\Tests\ManagedClusters\ManagedClusterTests.cs(24,20): error CS0518: Predefined type 'System.Object' is not defined or imported
C:\gh\azure-sdk-for-net\sdk\servicefabric\Microsoft.Azure.Management.ServiceFabric\tests\Tests\ManagedClusters\ManagedClusterTests.cs(24,20): error CS0246: The type or namespace name 'MockContext' could not be found (are you missing a using directive or an assembly reference?)
C:\gh\azure-sdk-for-net\sdk\servicefabric\Microsoft.Azure.Management.ServiceFabric\tests\Tests\ManagedClusters\ManagedClusterTests.cs(24,42): error CS0518: Predefined type 'System.Object' is not defined or imported
C:\gh\azure-sdk-for-net\sdk\servicefabric\Microsoft.Azure.Management.ServiceFabric\tests\Tests\ManagedClusters\ManagedClusterTests.cs(24,42): error CS0103: The name 'MockContext' does not exist in the current context
C:\gh\azure-sdk-for-net\sdk\servicefabric\Microsoft.Azure.Management.ServiceFabric\tests\Tests\ManagedClusters\ManagedClusterTests.cs(24,65): error CS0518: Predefined type 'System.Object' is not defined or imported
C:\gh\azure-sdk-for-net\sdk\servicefabric\Microsoft.Azure.Management.ServiceFabric\tests\Tests\ManagedClusters\ManagedClusterTests.cs(24,65): error CS1061: 'ManagedClusterTests' does not contain a definition for 'GetType' and no accessible extension method 'GetType' accepting a first argument of type 'ManagedClusterTests' could be found (are you missing a using directive or an assembly reference?)
C:\gh\azure-sdk-for-net\sdk\servicefabric\Microsoft.Azure.Management.ServiceFabric\tests\Tests\ManagedClusters\ManagedClusterTests.cs(26,43): error CS0518: Predefined type 'System.Object' is not defined or imported
C:\gh\azure-sdk-for-net\sdk\servicefabric\Microsoft.Azure.Management.ServiceFabric\tests\Tests\ManagedClusters\ManagedClusterTests.cs(27,38): error CS0518: Predefined type 'System.Object' is not defined or imported
C:\gh\azure-sdk-for-net\sdk\servicefabric\Microsoft.Azure.Management.ServiceFabric\tests\Tests\ManagedClusters\ManagedClusterTests.cs(28,41): error CS0518: Predefined type 'System.Object' is not defined or imported
C:\gh\azure-sdk-for-net\sdk\servicefabric\Microsoft.Azure.Management.ServiceFabric\tests\Tests\ManagedClusters\ManagedClusterTests.cs(28,41): error CS0103: The name 'TestUtilities' does not exist in the current context
C:\gh\azure-sdk-for-net\sdk\servicefabric\Microsoft.Azure.Management.ServiceFabric\tests\Tests\ManagedClusters\ManagedClusterTests.cs(29,35): error CS0518: Predefined type 'System.Object' is not defined or imported
C:\gh\azure-sdk-for-net\sdk\servicefabric\Microsoft.Azure.Management.ServiceFabric\tests\Tests\ManagedClusters\ManagedClusterTests.cs(29,35): error CS0103: The name 'TestUtilities' does not exist in the current context
C:\gh\azure-sdk-for-net\sdk\servicefabric\Microsoft.Azure.Management.ServiceFabric\tests\Tests\ManagedClusters\ManagedClusterTests.cs(33,21): error CS0518: Predefined type 'System.String' is not defined or imported
C:\gh\azure-sdk-for-net\sdk\servicefabric\Microsoft.Azure.Management.ServiceFabric\tests\Tests\ManagedClusters\ManagedClusterTests.cs(34,21): error CS0518: Predefined type 'System.Void' is not defined or imported
C:\gh\azure-sdk-for-net\sdk\servicefabric\Microsoft.Azure.Management.ServiceFabric\tests\Tests\ManagedClusters\ManagedClusterTests.cs(35,21): error CS0518: Predefined type 'System.Object' is not defined or imported
C:\gh\azure-sdk-for-net\sdk\servicefabric\Microsoft.Azure.Management.ServiceFabric\tests\Tests\ManagedClusters\ManagedClusterTests.cs(35,21): error CS0103: The name 'TestUtilities' does not exist in the current context
C:\gh\azure-sdk-for-net\sdk\servicefabric\Microsoft.Azure.Management.ServiceFabric\tests\Tests\ManagedClusters\ManagedClusterTests.cs(35,40): error CS0518: Predefined type 'System.Object' is not defined or imported
C:\gh\azure-sdk-for-net\sdk\servicefabric\Microsoft.Azure.Management.ServiceFabric\tests\Tests\ManagedClusters\ManagedClusterTests.cs(35,40): error CS0103: The name 'TimeSpan' does not exist in the current context
C:\gh\azure-sdk-for-net\sdk\servicefabric\Microsoft.Azure.Management.ServiceFabric\tests\Tests\ManagedClusters\ManagedClusterTests.cs(35,61): error CS0518: Predefined type 'System.Int32' is not defined or imported
C:\gh\azure-sdk-for-net\sdk\servicefabric\Microsoft.Azure.Management.ServiceFabric\tests\Tests\ManagedClusters\ManagedClusterTests.cs(37,24): error CS0518: Predefined type 'System.Object' is not defined or imported
C:\gh\azure-sdk-for-net\sdk\servicefabric\Microsoft.Azure.Management.ServiceFabric\tests\Tests\ManagedClusters\ManagedClusterTests.cs(37,24): error CS0155: The type caught or thrown must be derived from System.Exception
C:\gh\azure-sdk-for-net\sdk\servicefabric\Microsoft.Azure.Management.ServiceFabric\tests\Tests\ManagedClusters\ManagedClusterTests.cs(37,24): error CS0246: The type or namespace name 'RestException' could not be found (are you missing a using directive or an assembly reference?)
C:\gh\azure-sdk-for-net\sdk\servicefabric\Microsoft.Azure.Management.ServiceFabric\tests\Tests\ManagedClusters\ManagedClusterTests.cs(39,21): error CS0518: Predefined type 'System.Object' is not defined or imported
C:\gh\azure-sdk-for-net\sdk\servicefabric\Microsoft.Azure.Management.ServiceFabric\tests\Tests\ManagedClusters\ManagedClusterTests.cs(39,21): error CS0103: The name 'Assert' does not exist in the current context
C:\gh\azure-sdk-for-net\sdk\servicefabric\Microsoft.Azure.Management.ServiceFabric\tests\Tests\ManagedClusters\ManagedClusterTests.cs(39,35): error CS0246: The type or namespace name 'HttpResponseMessageWrapper' could not be found (are you missing a using directive or an assembly reference?)
C:\gh\azure-sdk-for-net\sdk\servicefabric\Microsoft.Azure.Management.ServiceFabric\tests\Tests\ManagedClusters\ManagedClusterTests.cs(39,58): error CS0518: Predefined type 'System.Object' is not defined or imported
C:\gh\azure-sdk-for-net\sdk\servicefabric\Microsoft.Azure.Management.ServiceFabric\tests\Tests\ManagedClusters\ManagedClusterTests.cs(39,58): error CS0103: The name 'System' does not exist in the current context
C:\gh\azure-sdk-for-net\sdk\servicefabric\Microsoft.Azure.Management.ServiceFabric\tests\Tests\ManagedClusters\ManagedClusterTests.cs(39,33): error CS0518: Predefined type 'System.Boolean' is not defined or imported
C:\gh\azure-sdk-for-net\sdk\servicefabric\Microsoft.Azure.Management.ServiceFabric\tests\Tests\ManagedClusters\ManagedClusterTests.cs(42,36): error CS0518: Predefined type 'System.Object' is not defined or imported
C:\gh\azure-sdk-for-net\sdk\servicefabric\Microsoft.Azure.Management.ServiceFabric\tests\Tests\ManagedClusters\ManagedClusterTests.cs(42,141): error CS0518: Predefined type 'System.String' is not defined or imported
C:\gh\azure-sdk-for-net\sdk\servicefabric\Microsoft.Azure.Management.ServiceFabric\tests\Tests\ManagedClusters\ManagedClusterTests.cs(43,17): error CS0518: Predefined type 'System.Object' is not defined or imported
C:\gh\azure-sdk-for-net\sdk\servicefabric\Microsoft.Azure.Management.ServiceFabric\tests\Tests\ManagedClusters\ManagedClusterTests.cs(43,17): error CS0103: The name 'Assert' does not exist in the current context
C:\gh\azure-sdk-for-net\sdk\servicefabric\Microsoft.Azure.Management.ServiceFabric\tests\Tests\ManagedClusters\ManagedClusterTests.cs(44,17): error CS0518: Predefined type 'System.Object' is not defined or imported
C:\gh\azure-sdk-for-net\sdk\servicefabric\Microsoft.Azure.Management.ServiceFabric\tests\Tests\ManagedClusters\ManagedClusterTests.cs(44,17): error CS0103: The name 'Assert' does not exist in the current context
C:\gh\azure-sdk-for-net\sdk\servicefabric\Microsoft.Azure.Management.ServiceFabric\tests\Tests\ManagedClusters\ManagedClusterTests.cs(44,30): error CS0518: Predefined type 'System.String' is not defined or imported
C:\gh\azure-sdk-for-net\sdk\servicefabric\Microsoft.Azure.Management.ServiceFabric\tests\Tests\ManagedClusters\ManagedClusterTests.cs(44,51): error CS0518: Predefined type 'System.String' is not defined or imported
C:\gh\azure-sdk-for-net\sdk\servicefabric\Microsoft.Azure.Management.ServiceFabric\tests\Tests\ManagedClusters\ManagedClusterTests.cs(45,17): error CS0518: Predefined type 'System.Object' is not defined or imported
C:\gh\azure-sdk-for-net\sdk\servicefabric\Microsoft.Azure.Management.ServiceFabric\tests\Tests\ManagedClusters\ManagedClusterTests.cs(45,17): error CS0103: The name 'Assert' does not exist in the current context
C:\gh\azure-sdk-for-net\sdk\servicefabric\Microsoft.Azure.Management.ServiceFabric\tests\Tests\ManagedClusters\ManagedClusterTests.cs(45,30): error CS0518: Predefined type 'System.String' is not defined or imported
C:\gh\azure-sdk-for-net\sdk\servicefabric\Microsoft.Azure.Management.ServiceFabric\tests\Tests\ManagedClusters\ManagedClusterTests.cs(45,57): error CS0518: Predefined type 'System.String' is not defined or imported
C:\gh\azure-sdk-for-net\sdk\servicefabric\Microsoft.Azure.Management.ServiceFabric\tests\Tests\ManagedClusters\ManagedClusterTests.cs(47,32): error CS0518: Predefined type 'System.String' is not defined or imported
C:\gh\azure-sdk-for-net\sdk\servicefabric\Microsoft.Azure.Management.ServiceFabric\tests\Tests\ManagedClusters\ManagedClusterTests.cs(47,32): error CS0246: The type or namespace name 'IPage<>' could not be found (are you missing a using directive or an assembly reference?)
C:\gh\azure-sdk-for-net\sdk\servicefabric\Microsoft.Azure.Management.ServiceFabric\tests\Tests\ManagedClusters\ManagedClusterTests.cs(48,17): error CS0518: Predefined type 'System.Object' is not defined or imported
C:\gh\azure-sdk-for-net\sdk\servicefabric\Microsoft.Azure.Management.ServiceFabric\tests\Tests\ManagedClusters\ManagedClusterTests.cs(48,17): error CS0103: The name 'Assert' does not exist in the current context
C:\gh\azure-sdk-for-net\sdk\servicefabric\Microsoft.Azure.Management.ServiceFabric\tests\Tests\ManagedClusters\ManagedClusterTests.cs(50,28): error CS0518: Predefined type 'System.String' is not defined or imported
C:\gh\azure-sdk-for-net\sdk\servicefabric\Microsoft.Azure.Management.ServiceFabric\tests\Tests\ManagedClusters\ManagedClusterTests.cs(50,28): error CS0246: The type or namespace name 'IPage<>' could not be found (are you missing a using directive or an assembly reference?)
C:\gh\azure-sdk-for-net\sdk\servicefabric\Microsoft.Azure.Management.ServiceFabric\tests\Tests\ManagedClusters\ManagedClusterTests.cs(51,17): error CS0518: Predefined type 'System.Object' is not defined or imported
C:\gh\azure-sdk-for-net\sdk\servicefabric\Microsoft.Azure.Management.ServiceFabric\tests\Tests\ManagedClusters\ManagedClusterTests.cs(51,17): error CS0103: The name 'Assert' does not exist in the current context
C:\gh\azure-sdk-for-net\sdk\servicefabric\Microsoft.Azure.Management.ServiceFabric\tests\Tests\ManagedClusters\ManagedClusterTests.cs(53,25): error CS0012: The type 'Nullable<>' is defined in an assembly that is not referenced. You must add a reference to assembly 'mscorlib, Version=4.0.0.0, Culture=neutral, PublicKeyToken=b77a5c561934e089'.
C:\gh\azure-sdk-for-net\sdk\servicefabric\Microsoft.Azure.Management.ServiceFabric\tests\Tests\ManagedClusters\ManagedClusterTests.cs(53,48): error CS0518: Predefined type 'System.Int32' is not defined or imported
C:\gh\azure-sdk-for-net\sdk\servicefabric\Microsoft.Azure.Management.ServiceFabric\tests\Tests\ManagedClusters\ManagedClusterTests.cs(54,25): error CS0012: The type 'IList<>' is defined in an assembly that is not referenced. You must add a reference to assembly 'mscorlib, Version=4.0.0.0, Culture=neutral, PublicKeyToken=b77a5c561934e089'.
C:\gh\azure-sdk-for-net\sdk\servicefabric\Microsoft.Azure.Management.ServiceFabric\tests\Tests\ManagedClusters\ManagedClusterTests.cs(54,46): error CS0518: Predefined type 'System.Object' is not defined or imported
C:\gh\azure-sdk-for-net\sdk\servicefabric\Microsoft.Azure.Management.ServiceFabric\tests\Tests\ManagedClusters\ManagedClusterTests.cs(54,46): error CS0246: The type or namespace name 'List<>' could not be found (are you missing a using directive or an assembly reference?)
C:\gh\azure-sdk-for-net\sdk\servicefabric\Microsoft.Azure.Management.ServiceFabric\tests\Tests\ManagedClusters\ManagedClusterTests.cs(54,51): error CS0518: Predefined type 'System.Object' is not defined or imported
C:\gh\azure-sdk-for-net\sdk\servicefabric\Microsoft.Azure.Management.ServiceFabric\tests\Tests\ManagedClusters\ManagedClusterTests.cs(56,25): error CS0518: Predefined type 'System.Object' is not defined or imported
C:\gh\azure-sdk-for-net\sdk\servicefabric\Microsoft.Azure.Management.ServiceFabric\tests\Tests\ManagedClusters\ManagedClusterTests.cs(56,25): error CS0518: Predefined type 'System.Void' is not defined or imported
C:\gh\azure-sdk-for-net\sdk\servicefabric\Microsoft.Azure.Management.ServiceFabric\tests\Tests\ManagedClusters\ManagedClusterTests.cs(58,25): error CS0518: Predefined type 'System.String' is not defined or imported
C:\gh\azure-sdk-for-net\sdk\servicefabric\Microsoft.Azure.Management.ServiceFabric\tests\Tests\ManagedClusters\ManagedClusterTests.cs(58,32): error CS0518: Predefined type 'System.String' is not defined or imported
C:\gh\azure-sdk-for-net\sdk\servicefabric\Microsoft.Azure.Management.ServiceFabric\tests\Tests\ManagedClusters\ManagedClusterTests.cs(59,25): error CS0012: The type 'IList<>' is defined in an assembly that is not referenced. You must add a reference to assembly 'mscorlib, Version=4.0.0.0, Culture=neutral, PublicKeyToken=b77a5c561934e089'.
C:\gh\azure-sdk-for-net\sdk\servicefabric\Microsoft.Azure.Management.ServiceFabric\tests\Tests\ManagedClusters\ManagedClusterTests.cs(59,42): error CS0518: Predefined type 'System.Object' is not defined or imported
C:\gh\azure-sdk-for-net\sdk\servicefabric\Microsoft.Azure.Management.ServiceFabric\tests\Tests\ManagedClusters\ManagedClusterTests.cs(59,42): error CS0246: The type or namespace name 'List<>' could not be found (are you missing a using directive or an assembly reference?)
C:\gh\azure-sdk-for-net\sdk\servicefabric\Microsoft.Azure.Management.ServiceFabric\tests\Tests\ManagedClusters\ManagedClusterTests.cs(59,47): error CS0518: Predefined type 'System.Object' is not defined or imported
C:\gh\azure-sdk-for-net\sdk\servicefabric\Microsoft.Azure.Management.ServiceFabric\tests\Tests\ManagedClusters\ManagedClusterTests.cs(61,33): error CS0518: Predefined type 'System.Object' is not defined or imported
C:\gh\azure-sdk-for-net\sdk\servicefabric\Microsoft.Azure.Management.ServiceFabric\tests\Tests\ManagedClusters\ManagedClusterTests.cs(61,33): error CS0518: Predefined type 'System.Void' is not defined or imported
C:\gh\azure-sdk-for-net\sdk\servicefabric\Microsoft.Azure.Management.ServiceFabric\tests\Tests\ManagedClusters\ManagedClusterTests.cs(63,33): error CS0518: Predefined type 'System.String' is not defined or imported
C:\gh\azure-sdk-for-net\sdk\servicefabric\Microsoft.Azure.Management.ServiceFabric\tests\Tests\ManagedClusters\ManagedClusterTests.cs(63,40): error CS0518: Predefined type 'System.String' is not defined or imported
C:\gh\azure-sdk-for-net\sdk\servicefabric\Microsoft.Azure.Management.ServiceFabric\tests\Tests\ManagedClusters\ManagedClusterTests.cs(64,33): error CS0518: Predefined type 'System.String' is not defined or imported
C:\gh\azure-sdk-for-net\sdk\servicefabric\Microsoft.Azure.Management.ServiceFabric\tests\Tests\ManagedClusters\ManagedClusterTests.cs(64,41): error CS0518: Predefined type 'System.String' is not defined or imported
C:\gh\azure-sdk-for-net\sdk\servicefabric\Microsoft.Azure.Management.ServiceFabric\tests\Tests\ManagedClusters\ManagedClusterTests.cs(70,17): error CS0518: Predefined type 'System.String' is not defined or imported
C:\gh\azure-sdk-for-net\sdk\servicefabric\Microsoft.Azure.Management.ServiceFabric\tests\Tests\ManagedClusters\ManagedClusterTests.cs(71,27): error CS0518: Predefined type 'System.String' is not defined or imported
C:\gh\azure-sdk-for-net\sdk\servicefabric\Microsoft.Azure.Management.ServiceFabric\tests\Tests\ManagedClusters\ManagedClusterTests.cs(72,17): error CS0518: Predefined type 'System.Object' is not defined or imported
C:\gh\azure-sdk-for-net\sdk\servicefabric\Microsoft.Azure.Management.ServiceFabric\tests\Tests\ManagedClusters\ManagedClusterTests.cs(72,17): error CS0103: The name 'Assert' does not exist in the current context
C:\gh\azure-sdk-for-net\sdk\servicefabric\Microsoft.Azure.Management.ServiceFabric\tests\Tests\ManagedClusters\ManagedClusterTests.cs(72,30): error CS0518: Predefined type 'System.String' is not defined or imported
C:\gh\azure-sdk-for-net\sdk\servicefabric\Microsoft.Azure.Management.ServiceFabric\tests\Tests\ManagedClusters\ManagedClusterTests.cs(72,51): error CS0518: Predefined type 'System.String' is not defined or imported
C:\gh\azure-sdk-for-net\sdk\servicefabric\Microsoft.Azure.Management.ServiceFabric\tests\Tests\ManagedClusters\ManagedClusterTests.cs(73,17): error CS0518: Predefined type 'System.Object' is not defined or imported
C:\gh\azure-sdk-for-net\sdk\servicefabric\Microsoft.Azure.Management.ServiceFabric\tests\Tests\ManagedClusters\ManagedClusterTests.cs(73,17): error CS0103: The name 'Assert' does not exist in the current context
C:\gh\azure-sdk-for-net\sdk\servicefabric\Microsoft.Azure.Management.ServiceFabric\tests\Tests\ManagedClusters\ManagedClusterTests.cs(73,30): error CS0518: Predefined type 'System.Int32' is not defined or imported
C:\gh\azure-sdk-for-net\sdk\servicefabric\Microsoft.Azure.Management.ServiceFabric\tests\Tests\ManagedClusters\ManagedClusterTests.cs(73,45): error CS0012: The type 'Nullable<>' is defined in an assembly that is not referenced. You must add a reference to assembly 'mscorlib, Version=4.0.0.0, Culture=neutral, PublicKeyToken=b77a5c561934e089'.
C:\gh\azure-sdk-for-net\sdk\servicefabric\Microsoft.Azure.Management.ServiceFabric\tests\Tests\ManagedClusters\ManagedClusterTests.cs(74,17): error CS0518: Predefined type 'System.Object' is not defined or imported
C:\gh\azure-sdk-for-net\sdk\servicefabric\Microsoft.Azure.Management.ServiceFabric\tests\Tests\ManagedClusters\ManagedClusterTests.cs(74,17): error CS0103: The name 'Assert' does not exist in the current context
C:\gh\azure-sdk-for-net\sdk\servicefabric\Microsoft.Azure.Management.ServiceFabric\tests\Tests\ManagedClusters\ManagedClusterTests.cs(74,40): error CS0012: The type 'IList<>' is defined in an assembly that is not referenced. You must add a reference to assembly 'mscorlib, Version=4.0.0.0, Culture=neutral, PublicKeyToken=b77a5c561934e089'.
C:\gh\azure-sdk-for-net\sdk\servicefabric\Microsoft.Azure.Management.ServiceFabric\tests\Tests\ManagedClusters\ManagedClusterTests.cs(75,17): error CS0518: Predefined type 'System.Object' is not defined or imported
C:\gh\azure-sdk-for-net\sdk\servicefabric\Microsoft.Azure.Management.ServiceFabric\tests\Tests\ManagedClusters\ManagedClusterTests.cs(75,17): error CS0103: The name 'Assert' does not exist in the current context
C:\gh\azure-sdk-for-net\sdk\servicefabric\Microsoft.Azure.Management.ServiceFabric\tests\Tests\ManagedClusters\ManagedClusterTests.cs(75,39): error CS0012: The type 'IList<>' is defined in an assembly that is not referenced. You must add a reference to assembly 'mscorlib, Version=4.0.0.0, Culture=neutral, PublicKeyToken=b77a5c561934e089'.
C:\gh\azure-sdk-for-net\sdk\servicefabric\Microsoft.Azure.Management.ServiceFabric\tests\Tests\ManagedClusters\ManagedClusterTests.cs(77,17): error CS0518: Predefined type 'System.Void' is not defined or imported
C:\gh\azure-sdk-for-net\sdk\servicefabric\Microsoft.Azure.Management.ServiceFabric\tests\Tests\ManagedClusters\ManagedClusterTests.cs(78,17): error CS0518: Predefined type 'System.Object' is not defined or imported
C:\gh\azure-sdk-for-net\sdk\servicefabric\Microsoft.Azure.Management.ServiceFabric\tests\Tests\ManagedClusters\ManagedClusterTests.cs(78,17): error CS0103: The name 'Assert' does not exist in the current context
C:\gh\azure-sdk-for-net\sdk\servicefabric\Microsoft.Azure.Management.ServiceFabric\tests\Tests\ManagedClusters\ManagedClusterTests.cs(78,31): error CS0518: Predefined type 'System.Object' is not defined or imported
C:\gh\azure-sdk-for-net\sdk\servicefabric\Microsoft.Azure.Management.ServiceFabric\tests\Tests\ManagedClusters\ManagedClusterTests.cs(80,28): error CS0518: Predefined type 'System.String' is not defined or imported
C:\gh\azure-sdk-for-net\sdk\servicefabric\Microsoft.Azure.Management.ServiceFabric\tests\Tests\ManagedClusters\ManagedClusterTests.cs(80,28): error CS0246: The type or namespace name 'IPage<>' could not be found (are you missing a using directive or an assembly reference?)
C:\gh\azure-sdk-for-net\sdk\servicefabric\Microsoft.Azure.Management.ServiceFabric\tests\Tests\ManagedClusters\ManagedClusterTests.cs(81,17): error CS0518: Predefined type 'System.Object' is not defined or imported
C:\gh\azure-sdk-for-net\sdk\servicefabric\Microsoft.Azure.Management.ServiceFabric\tests\Tests\ManagedClusters\ManagedClusterTests.cs(81,17): error CS0103: The name 'Assert' does not exist in the current context
C:\gh\azure-sdk-for-net\sdk\servicefabric\Microsoft.Azure.Management.ServiceFabric\tests\Tests\ManagedClusters\ManagedClusterTests.cs(88,13): error CS0518: Predefined type 'System.IDisposable' is not defined or imported
C:\gh\azure-sdk-for-net\sdk\servicefabric\Microsoft.Azure.Management.ServiceFabric\tests\Tests\ManagedClusters\ManagedClusterTests.cs(88,20): error CS0518: Predefined type 'System.Object' is not defined or imported
C:\gh\azure-sdk-for-net\sdk\servicefabric\Microsoft.Azure.Management.ServiceFabric\tests\Tests\ManagedClusters\ManagedClusterTests.cs(88,20): error CS0246: The type or namespace name 'MockContext' could not be found (are you missing a using directive or an assembly reference?)
C:\gh\azure-sdk-for-net\sdk\servicefabric\Microsoft.Azure.Management.ServiceFabric\tests\Tests\ManagedClusters\ManagedClusterTests.cs(88,42): error CS0518: Predefined type 'System.Object' is not defined or imported
C:\gh\azure-sdk-for-net\sdk\servicefabric\Microsoft.Azure.Management.ServiceFabric\tests\Tests\ManagedClusters\ManagedClusterTests.cs(88,42): error CS0103: The name 'MockContext' does not exist in the current context
C:\gh\azure-sdk-for-net\sdk\servicefabric\Microsoft.Azure.Management.ServiceFabric\tests\Tests\ManagedClusters\ManagedClusterTests.cs(88,65): error CS0518: Predefined type 'System.Object' is not defined or imported
C:\gh\azure-sdk-for-net\sdk\servicefabric\Microsoft.Azure.Management.ServiceFabric\tests\Tests\ManagedClusters\ManagedClusterTests.cs(88,65): error CS1061: 'ManagedClusterTests' does not contain a definition for 'GetType' and no accessible extension method 'GetType' accepting a first argument of type 'ManagedClusterTests' could be found (are you missing a using directive or an assembly reference?)
C:\gh\azure-sdk-for-net\sdk\servicefabric\Microsoft.Azure.Management.ServiceFabric\tests\Tests\ManagedClusters\ManagedClusterTests.cs(90,43): error CS0518: Predefined type 'System.Object' is not defined or imported
C:\gh\azure-sdk-for-net\sdk\servicefabric\Microsoft.Azure.Management.ServiceFabric\tests\Tests\ManagedClusters\ManagedClusterTests.cs(91,38): error CS0518: Predefined type 'System.Object' is not defined or imported
C:\gh\azure-sdk-for-net\sdk\servicefabric\Microsoft.Azure.Management.ServiceFabric\tests\Tests\ManagedClusters\ManagedClusterTests.cs(92,41): error CS0518: Predefined type 'System.Object' is not defined or imported
C:\gh\azure-sdk-for-net\sdk\servicefabric\Microsoft.Azure.Management.ServiceFabric\tests\Tests\ManagedClusters\ManagedClusterTests.cs(92,41): error CS0103: The name 'TestUtilities' does not exist in the current context
C:\gh\azure-sdk-for-net\sdk\servicefabric\Microsoft.Azure.Management.ServiceFabric\tests\Tests\ManagedClusters\ManagedClusterTests.cs(93,35): error CS0518: Predefined type 'System.Object' is not defined or imported
C:\gh\azure-sdk-for-net\sdk\servicefabric\Microsoft.Azure.Management.ServiceFabric\tests\Tests\ManagedClusters\ManagedClusterTests.cs(93,35): error CS0103: The name 'TestUtilities' does not exist in the current context
C:\gh\azure-sdk-for-net\sdk\servicefabric\Microsoft.Azure.Management.ServiceFabric\tests\Tests\ManagedClusters\ManagedClusterTests.cs(94,37): error CS0518: Predefined type 'System.Object' is not defined or imported
C:\gh\azure-sdk-for-net\sdk\servicefabric\Microsoft.Azure.Management.ServiceFabric\tests\Tests\ManagedClusters\ManagedClusterTests.cs(94,37): error CS0103: The name 'TestUtilities' does not exist in the current context
C:\gh\azure-sdk-for-net\sdk\servicefabric\Microsoft.Azure.Management.ServiceFabric\tests\Tests\ManagedClusters\ManagedClusterTests.cs(94,64): error CS0518: Predefined type 'System.String' is not defined or imported
C:\gh\azure-sdk-for-net\sdk\servicefabric\Microsoft.Azure.Management.ServiceFabric\tests\Tests\ManagedClusters\ManagedClusterTests.cs(95,37): error CS0518: Predefined type 'System.Object' is not defined or imported
C:\gh\azure-sdk-for-net\sdk\servicefabric\Microsoft.Azure.Management.ServiceFabric\tests\Tests\ManagedClusters\ManagedClusterTests.cs(95,37): error CS0103: The name 'TestUtilities' does not exist in the current context
C:\gh\azure-sdk-for-net\sdk\servicefabric\Microsoft.Azure.Management.ServiceFabric\tests\Tests\ManagedClusters\ManagedClusterTests.cs(95,64): error CS0518: Predefined type 'System.String' is not defined or imported
C:\gh\azure-sdk-for-net\sdk\servicefabric\Microsoft.Azure.Management.ServiceFabric\tests\Tests\ManagedClusters\ManagedClusterTests.cs(99,21): error CS0518: Predefined type 'System.String' is not defined or imported
C:\gh\azure-sdk-for-net\sdk\servicefabric\Microsoft.Azure.Management.ServiceFabric\tests\Tests\ManagedClusters\ManagedClusterTests.cs(100,21): error CS0518: Predefined type 'System.Void' is not defined or imported
C:\gh\azure-sdk-for-net\sdk\servicefabric\Microsoft.Azure.Management.ServiceFabric\tests\Tests\ManagedClusters\ManagedClusterTests.cs(101,21): error CS0518: Predefined type 'System.Object' is not defined or imported
C:\gh\azure-sdk-for-net\sdk\servicefabric\Microsoft.Azure.Management.ServiceFabric\tests\Tests\ManagedClusters\ManagedClusterTests.cs(101,21): error CS0103: The name 'TestUtilities' does not exist in the current context
C:\gh\azure-sdk-for-net\sdk\servicefabric\Microsoft.Azure.Management.ServiceFabric\tests\Tests\ManagedClusters\ManagedClusterTests.cs(101,40): error CS0518: Predefined type 'System.Object' is not defined or imported
C:\gh\azure-sdk-for-net\sdk\servicefabric\Microsoft.Azure.Management.ServiceFabric\tests\Tests\ManagedClusters\ManagedClusterTests.cs(101,40): error CS0103: The name 'TimeSpan' does not exist in the current context
C:\gh\azure-sdk-for-net\sdk\servicefabric\Microsoft.Azure.Management.ServiceFabric\tests\Tests\ManagedClusters\ManagedClusterTests.cs(101,61): error CS0518: Predefined type 'System.Int32' is not defined or imported
C:\gh\azure-sdk-for-net\sdk\servicefabric\Microsoft.Azure.Management.ServiceFabric\tests\Tests\ManagedClusters\ManagedClusterTests.cs(103,24): error CS0518: Predefined type 'System.Object' is not defined or imported
C:\gh\azure-sdk-for-net\sdk\servicefabric\Microsoft.Azure.Management.ServiceFabric\tests\Tests\ManagedClusters\ManagedClusterTests.cs(103,24): error CS0155: The type caught or thrown must be derived from System.Exception
C:\gh\azure-sdk-for-net\sdk\servicefabric\Microsoft.Azure.Management.ServiceFabric\tests\Tests\ManagedClusters\ManagedClusterTests.cs(103,24): error CS0246: The type or namespace name 'RestException' could not be found (are you missing a using directive or an assembly reference?)
C:\gh\azure-sdk-for-net\sdk\servicefabric\Microsoft.Azure.Management.ServiceFabric\tests\Tests\ManagedClusters\ManagedClusterTests.cs(105,21): error CS0518: Predefined type 'System.Object' is not defined or imported
C:\gh\azure-sdk-for-net\sdk\servicefabric\Microsoft.Azure.Management.ServiceFabric\tests\Tests\ManagedClusters\ManagedClusterTests.cs(105,21): error CS0103: The name 'Assert' does not exist in the current context
C:\gh\azure-sdk-for-net\sdk\servicefabric\Microsoft.Azure.Management.ServiceFabric\tests\Tests\ManagedClusters\ManagedClusterTests.cs(105,35): error CS0246: The type or namespace name 'HttpResponseMessageWrapper' could not be found (are you missing a using directive or an assembly reference?)
C:\gh\azure-sdk-for-net\sdk\servicefabric\Microsoft.Azure.Management.ServiceFabric\tests\Tests\ManagedClusters\ManagedClusterTests.cs(105,58): error CS0518: Predefined type 'System.Object' is not defined or imported
C:\gh\azure-sdk-for-net\sdk\servicefabric\Microsoft.Azure.Management.ServiceFabric\tests\Tests\ManagedClusters\ManagedClusterTests.cs(105,58): error CS0103: The name 'System' does not exist in the current context
C:\gh\azure-sdk-for-net\sdk\servicefabric\Microsoft.Azure.Management.ServiceFabric\tests\Tests\ManagedClusters\ManagedClusterTests.cs(105,33): error CS0518: Predefined type 'System.Boolean' is not defined or imported
C:\gh\azure-sdk-for-net\sdk\servicefabric\Microsoft.Azure.Management.ServiceFabric\tests\Tests\ManagedClusters\ManagedClusterTests.cs(108,36): error CS0518: Predefined type 'System.Object' is not defined or imported
C:\gh\azure-sdk-for-net\sdk\servicefabric\Microsoft.Azure.Management.ServiceFabric\tests\Tests\ManagedClusters\ManagedClusterTests.cs(108,141): error CS0518: Predefined type 'System.String' is not defined or imported
C:\gh\azure-sdk-for-net\sdk\servicefabric\Microsoft.Azure.Management.ServiceFabric\tests\Tests\ManagedClusters\ManagedClusterTests.cs(109,17): error CS0518: Predefined type 'System.Object' is not defined or imported
C:\gh\azure-sdk-for-net\sdk\servicefabric\Microsoft.Azure.Management.ServiceFabric\tests\Tests\ManagedClusters\ManagedClusterTests.cs(109,17): error CS0103: The name 'Assert' does not exist in the current context
C:\gh\azure-sdk-for-net\sdk\servicefabric\Microsoft.Azure.Management.ServiceFabric\tests\Tests\ManagedClusters\ManagedClusterTests.cs(110,17): error CS0518: Predefined type 'System.Object' is not defined or imported
C:\gh\azure-sdk-for-net\sdk\servicefabric\Microsoft.Azure.Management.ServiceFabric\tests\Tests\ManagedClusters\ManagedClusterTests.cs(110,17): error CS0103: The name 'Assert' does not exist in the current context
C:\gh\azure-sdk-for-net\sdk\servicefabric\Microsoft.Azure.Management.ServiceFabric\tests\Tests\ManagedClusters\ManagedClusterTests.cs(110,30): error CS0518: Predefined type 'System.String' is not defined or imported
C:\gh\azure-sdk-for-net\sdk\servicefabric\Microsoft.Azure.Management.ServiceFabric\tests\Tests\ManagedClusters\ManagedClusterTests.cs(110,51): error CS0518: Predefined type 'System.String' is not defined or imported
C:\gh\azure-sdk-for-net\sdk\servicefabric\Microsoft.Azure.Management.ServiceFabric\tests\Tests\ManagedClusters\ManagedClusterTests.cs(111,17): error CS0518: Predefined type 'System.Object' is not defined or imported
C:\gh\azure-sdk-for-net\sdk\servicefabric\Microsoft.Azure.Management.ServiceFabric\tests\Tests\ManagedClusters\ManagedClusterTests.cs(111,17): error CS0103: The name 'Assert' does not exist in the current context
C:\gh\azure-sdk-for-net\sdk\servicefabric\Microsoft.Azure.Management.ServiceFabric\tests\Tests\ManagedClusters\ManagedClusterTests.cs(111,30): error CS0518: Predefined type 'System.String' is not defined or imported
C:\gh\azure-sdk-for-net\sdk\servicefabric\Microsoft.Azure.Management.ServiceFabric\tests\Tests\ManagedClusters\ManagedClusterTests.cs(111,57): error CS0518: Predefined type 'System.String' is not defined or imported
C:\gh\azure-sdk-for-net\sdk\servicefabric\Microsoft.Azure.Management.ServiceFabric\tests\Tests\ManagedClusters\ManagedClusterTests.cs(114,44): error CS0518: Predefined type 'System.Object' is not defined or imported
C:\gh\azure-sdk-for-net\sdk\servicefabric\Microsoft.Azure.Management.ServiceFabric\tests\Tests\ManagedClusters\ManagedClusterTests.cs(114,138): error CS0518: Predefined type 'System.Boolean' is not defined or imported
C:\gh\azure-sdk-for-net\sdk\servicefabric\Microsoft.Azure.Management.ServiceFabric\tests\Tests\ManagedClusters\ManagedClusterTests.cs(114,161): error CS0518: Predefined type 'System.Int32' is not defined or imported
C:\gh\azure-sdk-for-net\sdk\servicefabric\Microsoft.Azure.Management.ServiceFabric\tests\Tests\ManagedClusters\ManagedClusterTests.cs(115,17): error CS0518: Predefined type 'System.Object' is not defined or imported
C:\gh\azure-sdk-for-net\sdk\servicefabric\Microsoft.Azure.Management.ServiceFabric\tests\Tests\ManagedClusters\ManagedClusterTests.cs(115,17): error CS0103: The name 'Assert' does not exist in the current context
C:\gh\azure-sdk-for-net\sdk\servicefabric\Microsoft.Azure.Management.ServiceFabric\tests\Tests\ManagedClusters\ManagedClusterTests.cs(116,17): error CS0518: Predefined type 'System.Object' is not defined or imported
C:\gh\azure-sdk-for-net\sdk\servicefabric\Microsoft.Azure.Management.ServiceFabric\tests\Tests\ManagedClusters\ManagedClusterTests.cs(116,17): error CS0103: The name 'Assert' does not exist in the current context
C:\gh\azure-sdk-for-net\sdk\servicefabric\Microsoft.Azure.Management.ServiceFabric\tests\Tests\ManagedClusters\ManagedClusterTests.cs(116,30): error CS0518: Predefined type 'System.String' is not defined or imported
C:\gh\azure-sdk-for-net\sdk\servicefabric\Microsoft.Azure.Management.ServiceFabric\tests\Tests\ManagedClusters\ManagedClusterTests.cs(116,59): error CS0518: Predefined type 'System.String' is not defined or imported
C:\gh\azure-sdk-for-net\sdk\servicefabric\Microsoft.Azure.Management.ServiceFabric\tests\Tests\ManagedClusters\ManagedClusterTests.cs(118,33): error CS0246: The type or namespace name 'IPage<>' could not be found (are you missing a using directive or an assembly reference?)
C:\gh\azure-sdk-for-net\sdk\servicefabric\Microsoft.Azure.Management.ServiceFabric\tests\Tests\ManagedClusters\ManagedClusterTests.cs(119,17): error CS0518: Predefined type 'System.Object' is not defined or imported
C:\gh\azure-sdk-for-net\sdk\servicefabric\Microsoft.Azure.Management.ServiceFabric\tests\Tests\ManagedClusters\ManagedClusterTests.cs(119,17): error CS0103: The name 'Assert' does not exist in the current context
C:\gh\azure-sdk-for-net\sdk\servicefabric\Microsoft.Azure.Management.ServiceFabric\tests\Tests\ManagedClusters\ManagedClusterTests.cs(122,33): error CS0518: Predefined type 'System.Int32' is not defined or imported
C:\gh\azure-sdk-for-net\sdk\servicefabric\Microsoft.Azure.Management.ServiceFabric\tests\Tests\ManagedClusters\ManagedClusterTests.cs(122,51): error CS0518: Predefined type 'System.Int32' is not defined or imported
C:\gh\azure-sdk-for-net\sdk\servicefabric\Microsoft.Azure.Management.ServiceFabric\tests\Tests\ManagedClusters\ManagedClusterTests.cs(124,17): error CS0518: Predefined type 'System.String' is not defined or imported
C:\gh\azure-sdk-for-net\sdk\servicefabric\Microsoft.Azure.Management.ServiceFabric\tests\Tests\ManagedClusters\ManagedClusterTests.cs(125,35): error CS0518: Predefined type 'System.String' is not defined or imported
C:\gh\azure-sdk-for-net\sdk\servicefabric\Microsoft.Azure.Management.ServiceFabric\tests\Tests\ManagedClusters\ManagedClusterTests.cs(126,17): error CS0518: Predefined type 'System.Object' is not defined or imported
C:\gh\azure-sdk-for-net\sdk\servicefabric\Microsoft.Azure.Management.ServiceFabric\tests\Tests\ManagedClusters\ManagedClusterTests.cs(126,17): error CS0103: The name 'Assert' does not exist in the current context
C:\gh\azure-sdk-for-net\sdk\servicefabric\Microsoft.Azure.Management.ServiceFabric\tests\Tests\ManagedClusters\ManagedClusterTests.cs(126,30): error CS0518: Predefined type 'System.Int32' is not defined or imported
C:\gh\azure-sdk-for-net\sdk\servicefabric\Microsoft.Azure.Management.ServiceFabric\tests\Tests\ManagedClusters\ManagedClusterTests.cs(126,49): error CS0518: Predefined type 'System.Int32' is not defined or imported
C:\gh\azure-sdk-for-net\sdk\servicefabric\Microsoft.Azure.Management.ServiceFabric\tests\Tests\ManagedClusters\ManagedClusterTests.cs(129,46): error CS0518: Predefined type 'System.Object' is not defined or imported
C:\gh\azure-sdk-for-net\sdk\servicefabric\Microsoft.Azure.Management.ServiceFabric\tests\Tests\ManagedClusters\ManagedClusterTests.cs(129,140): error CS0518: Predefined type 'System.Boolean' is not defined or imported
C:\gh\azure-sdk-for-net\sdk\servicefabric\Microsoft.Azure.Management.ServiceFabric\tests\Tests\ManagedClusters\ManagedClusterTests.cs(129,164): error CS0518: Predefined type 'System.Int32' is not defined or imported
C:\gh\azure-sdk-for-net\sdk\servicefabric\Microsoft.Azure.Management.ServiceFabric\tests\Tests\ManagedClusters\ManagedClusterTests.cs(130,17): error CS0518: Predefined type 'System.Object' is not defined or imported
C:\gh\azure-sdk-for-net\sdk\servicefabric\Microsoft.Azure.Management.ServiceFabric\tests\Tests\ManagedClusters\ManagedClusterTests.cs(130,17): error CS0103: The name 'Assert' does not exist in the current context
C:\gh\azure-sdk-for-net\sdk\servicefabric\Microsoft.Azure.Management.ServiceFabric\tests\Tests\ManagedClusters\ManagedClusterTests.cs(130,48): error CS0518: Predefined type 'System.Boolean' is not defined or imported
C:\gh\azure-sdk-for-net\sdk\servicefabric\Microsoft.Azure.Management.ServiceFabric\tests\Tests\ManagedClusters\ManagedClusterTests.cs(132,29): error CS0246: The type or namespace name 'IPage<>' could not be found (are you missing a using directive or an assembly reference?)
C:\gh\azure-sdk-for-net\sdk\servicefabric\Microsoft.Azure.Management.ServiceFabric\tests\Tests\ManagedClusters\ManagedClusterTests.cs(133,17): error CS0518: Predefined type 'System.Object' is not defined or imported
C:\gh\azure-sdk-for-net\sdk\servicefabric\Microsoft.Azure.Management.ServiceFabric\tests\Tests\ManagedClusters\ManagedClusterTests.cs(133,17): error CS0103: The name 'Assert' does not exist in the current context
C:\gh\azure-sdk-for-net\sdk\servicefabric\Microsoft.Azure.Management.ServiceFabric\tests\Tests\ManagedClusters\ManagedClusterTests.cs(133,30): error CS0518: Predefined type 'System.Int32' is not defined or imported
C:\gh\azure-sdk-for-net\sdk\servicefabric\Microsoft.Azure.Management.ServiceFabric\tests\Tests\ManagedClusters\ManagedClusterTests.cs(135,17): error CS0518: Predefined type 'System.Void' is not defined or imported
C:\gh\azure-sdk-for-net\sdk\servicefabric\Microsoft.Azure.Management.ServiceFabric\tests\Tests\ManagedClusters\ManagedClusterTests.cs(136,17): error CS0518: Predefined type 'System.Object' is not defined or imported
C:\gh\azure-sdk-for-net\sdk\servicefabric\Microsoft.Azure.Management.ServiceFabric\tests\Tests\ManagedClusters\ManagedClusterTests.cs(136,17): error CS0103: The name 'Assert' does not exist in the current context
C:\gh\azure-sdk-for-net\sdk\servicefabric\Microsoft.Azure.Management.ServiceFabric\tests\Tests\ManagedClusters\ManagedClusterTests.cs(136,31): error CS0518: Predefined type 'System.Object' is not defined or imported
C:\gh\azure-sdk-for-net\sdk\servicefabric\Microsoft.Azure.Management.ServiceFabric\tests\Tests\ManagedClusters\ManagedClusterTests.cs(143,13): error CS0518: Predefined type 'System.IDisposable' is not defined or imported
C:\gh\azure-sdk-for-net\sdk\servicefabric\Microsoft.Azure.Management.ServiceFabric\tests\Tests\ManagedClusters\ManagedClusterTests.cs(143,20): error CS0518: Predefined type 'System.Object' is not defined or imported
C:\gh\azure-sdk-for-net\sdk\servicefabric\Microsoft.Azure.Management.ServiceFabric\tests\Tests\ManagedClusters\ManagedClusterTests.cs(143,20): error CS0246: The type or namespace name 'MockContext' could not be found (are you missing a using directive or an assembly reference?)
C:\gh\azure-sdk-for-net\sdk\servicefabric\Microsoft.Azure.Management.ServiceFabric\tests\Tests\ManagedClusters\ManagedClusterTests.cs(143,42): error CS0518: Predefined type 'System.Object' is not defined or imported
C:\gh\azure-sdk-for-net\sdk\servicefabric\Microsoft.Azure.Management.ServiceFabric\tests\Tests\ManagedClusters\ManagedClusterTests.cs(143,42): error CS0103: The name 'MockContext' does not exist in the current context
C:\gh\azure-sdk-for-net\sdk\servicefabric\Microsoft.Azure.Management.ServiceFabric\tests\Tests\ManagedClusters\ManagedClusterTests.cs(143,65): error CS0518: Predefined type 'System.Object' is not defined or imported
C:\gh\azure-sdk-for-net\sdk\servicefabric\Microsoft.Azure.Management.ServiceFabric\tests\Tests\ManagedClusters\ManagedClusterTests.cs(143,65): error CS1061: 'ManagedClusterTests' does not contain a definition for 'GetType' and no accessible extension method 'GetType' accepting a first argument of type 'ManagedClusterTests' could be found (are you missing a using directive or an assembly reference?)
C:\gh\azure-sdk-for-net\sdk\servicefabric\Microsoft.Azure.Management.ServiceFabric\tests\Tests\ManagedClusters\ManagedClusterTests.cs(145,43): error CS0518: Predefined type 'System.Object' is not defined or imported
C:\gh\azure-sdk-for-net\sdk\servicefabric\Microsoft.Azure.Management.ServiceFabric\tests\Tests\ManagedClusters\ManagedClusterTests.cs(146,38): error CS0518: Predefined type 'System.Object' is not defined or imported
C:\gh\azure-sdk-for-net\sdk\servicefabric\Microsoft.Azure.Management.ServiceFabric\tests\Tests\ManagedClusters\ManagedClusterTests.cs(147,41): error CS0518: Predefined type 'System.Object' is not defined or imported
C:\gh\azure-sdk-for-net\sdk\servicefabric\Microsoft.Azure.Management.ServiceFabric\tests\Tests\ManagedClusters\ManagedClusterTests.cs(147,41): error CS0103: The name 'TestUtilities' does not exist in the current context
C:\gh\azure-sdk-for-net\sdk\servicefabric\Microsoft.Azure.Management.ServiceFabric\tests\Tests\ManagedClusters\ManagedClusterTests.cs(148,35): error CS0518: Predefined type 'System.Object' is not defined or imported
C:\gh\azure-sdk-for-net\sdk\servicefabric\Microsoft.Azure.Management.ServiceFabric\tests\Tests\ManagedClusters\ManagedClusterTests.cs(148,35): error CS0103: The name 'TestUtilities' does not exist in the current context
C:\gh\azure-sdk-for-net\sdk\servicefabric\Microsoft.Azure.Management.ServiceFabric\tests\Tests\ManagedClusters\ManagedClusterTests.cs(149,36): error CS0518: Predefined type 'System.Object' is not defined or imported
C:\gh\azure-sdk-for-net\sdk\servicefabric\Microsoft.Azure.Management.ServiceFabric\tests\Tests\ManagedClusters\ManagedClusterTests.cs(149,36): error CS0103: The name 'TestUtilities' does not exist in the current context
C:\gh\azure-sdk-for-net\sdk\servicefabric\Microsoft.Azure.Management.ServiceFabric\tests\Tests\ManagedClusters\ManagedClusterTests.cs(149,63): error CS0518: Predefined type 'System.String' is not defined or imported
C:\gh\azure-sdk-for-net\sdk\servicefabric\Microsoft.Azure.Management.ServiceFabric\tests\Tests\ManagedClusters\ManagedClusterTests.cs(153,21): error CS0518: Predefined type 'System.String' is not defined or imported
C:\gh\azure-sdk-for-net\sdk\servicefabric\Microsoft.Azure.Management.ServiceFabric\tests\Tests\ManagedClusters\ManagedClusterTests.cs(154,21): error CS0518: Predefined type 'System.Void' is not defined or imported
C:\gh\azure-sdk-for-net\sdk\servicefabric\Microsoft.Azure.Management.ServiceFabric\tests\Tests\ManagedClusters\ManagedClusterTests.cs(155,21): error CS0518: Predefined type 'System.Object' is not defined or imported
C:\gh\azure-sdk-for-net\sdk\servicefabric\Microsoft.Azure.Management.ServiceFabric\tests\Tests\ManagedClusters\ManagedClusterTests.cs(155,21): error CS0103: The name 'TestUtilities' does not exist in the current context
C:\gh\azure-sdk-for-net\sdk\servicefabric\Microsoft.Azure.Management.ServiceFabric\tests\Tests\ManagedClusters\ManagedClusterTests.cs(155,40): error CS0518: Predefined type 'System.Object' is not defined or imported
C:\gh\azure-sdk-for-net\sdk\servicefabric\Microsoft.Azure.Management.ServiceFabric\tests\Tests\ManagedClusters\ManagedClusterTests.cs(155,40): error CS0103: The name 'TimeSpan' does not exist in the current context
C:\gh\azure-sdk-for-net\sdk\servicefabric\Microsoft.Azure.Management.ServiceFabric\tests\Tests\ManagedClusters\ManagedClusterTests.cs(155,61): error CS0518: Predefined type 'System.Int32' is not defined or imported
C:\gh\azure-sdk-for-net\sdk\servicefabric\Microsoft.Azure.Management.ServiceFabric\tests\Tests\ManagedClusters\ManagedClusterTests.cs(157,24): error CS0518: Predefined type 'System.Object' is not defined or imported
C:\gh\azure-sdk-for-net\sdk\servicefabric\Microsoft.Azure.Management.ServiceFabric\tests\Tests\ManagedClusters\ManagedClusterTests.cs(157,24): error CS0155: The type caught or thrown must be derived from System.Exception
C:\gh\azure-sdk-for-net\sdk\servicefabric\Microsoft.Azure.Management.ServiceFabric\tests\Tests\ManagedClusters\ManagedClusterTests.cs(157,24): error CS0246: The type or namespace name 'RestException' could not be found (are you missing a using directive or an assembly reference?)
C:\gh\azure-sdk-for-net\sdk\servicefabric\Microsoft.Azure.Management.ServiceFabric\tests\Tests\ManagedClusters\ManagedClusterTests.cs(159,21): error CS0518: Predefined type 'System.Object' is not defined or imported
C:\gh\azure-sdk-for-net\sdk\servicefabric\Microsoft.Azure.Management.ServiceFabric\tests\Tests\ManagedClusters\ManagedClusterTests.cs(159,21): error CS0103: The name 'Assert' does not exist in the current context
C:\gh\azure-sdk-for-net\sdk\servicefabric\Microsoft.Azure.Management.ServiceFabric\tests\Tests\ManagedClusters\ManagedClusterTests.cs(159,35): error CS0246: The type or namespace name 'HttpResponseMessageWrapper' could not be found (are you missing a using directive or an assembly reference?)
C:\gh\azure-sdk-for-net\sdk\servicefabric\Microsoft.Azure.Management.ServiceFabric\tests\Tests\ManagedClusters\ManagedClusterTests.cs(159,58): error CS0518: Predefined type 'System.Object' is not defined or imported
C:\gh\azure-sdk-for-net\sdk\servicefabric\Microsoft.Azure.Management.ServiceFabric\tests\Tests\ManagedClusters\ManagedClusterTests.cs(159,58): error CS0103: The name 'System' does not exist in the current context
C:\gh\azure-sdk-for-net\sdk\servicefabric\Microsoft.Azure.Management.ServiceFabric\tests\Tests\ManagedClusters\ManagedClusterTests.cs(159,33): error CS0518: Predefined type 'System.Boolean' is not defined or imported
C:\gh\azure-sdk-for-net\sdk\servicefabric\Microsoft.Azure.Management.ServiceFabric\tests\Tests\ManagedClusters\ManagedClusterTests.cs(162,36): error CS0518: Predefined type 'System.Object' is not defined or imported
C:\gh\azure-sdk-for-net\sdk\servicefabric\Microsoft.Azure.Management.ServiceFabric\tests\Tests\ManagedClusters\ManagedClusterTests.cs(162,141): error CS0518: Predefined type 'System.String' is not defined or imported
C:\gh\azure-sdk-for-net\sdk\servicefabric\Microsoft.Azure.Management.ServiceFabric\tests\Tests\ManagedClusters\ManagedClusterTests.cs(163,27): error CS0518: Predefined type 'System.String' is not defined or imported
C:\gh\azure-sdk-for-net\sdk\servicefabric\Microsoft.Azure.Management.ServiceFabric\tests\Tests\ManagedClusters\ManagedClusterTests.cs(164,17): error CS0518: Predefined type 'System.Object' is not defined or imported
C:\gh\azure-sdk-for-net\sdk\servicefabric\Microsoft.Azure.Management.ServiceFabric\tests\Tests\ManagedClusters\ManagedClusterTests.cs(164,17): error CS0103: The name 'Assert' does not exist in the current context
C:\gh\azure-sdk-for-net\sdk\servicefabric\Microsoft.Azure.Management.ServiceFabric\tests\Tests\ManagedClusters\ManagedClusterTests.cs(165,17): error CS0518: Predefined type 'System.Object' is not defined or imported
C:\gh\azure-sdk-for-net\sdk\servicefabric\Microsoft.Azure.Management.ServiceFabric\tests\Tests\ManagedClusters\ManagedClusterTests.cs(165,17): error CS0103: The name 'Assert' does not exist in the current context
C:\gh\azure-sdk-for-net\sdk\servicefabric\Microsoft.Azure.Management.ServiceFabric\tests\Tests\ManagedClusters\ManagedClusterTests.cs(165,30): error CS0518: Predefined type 'System.String' is not defined or imported
C:\gh\azure-sdk-for-net\sdk\servicefabric\Microsoft.Azure.Management.ServiceFabric\tests\Tests\ManagedClusters\ManagedClusterTests.cs(165,51): error CS0518: Predefined type 'System.String' is not defined or imported
C:\gh\azure-sdk-for-net\sdk\servicefabric\Microsoft.Azure.Management.ServiceFabric\tests\Tests\ManagedClusters\ManagedClusterTests.cs(166,17): error CS0518: Predefined type 'System.Object' is not defined or imported
C:\gh\azure-sdk-for-net\sdk\servicefabric\Microsoft.Azure.Management.ServiceFabric\tests\Tests\ManagedClusters\ManagedClusterTests.cs(166,17): error CS0103: The name 'Assert' does not exist in the current context
C:\gh\azure-sdk-for-net\sdk\servicefabric\Microsoft.Azure.Management.ServiceFabric\tests\Tests\ManagedClusters\ManagedClusterTests.cs(166,30): error CS0518: Predefined type 'System.String' is not defined or imported
C:\gh\azure-sdk-for-net\sdk\servicefabric\Microsoft.Azure.Management.ServiceFabric\tests\Tests\ManagedClusters\ManagedClusterTests.cs(166,57): error CS0518: Predefined type 'System.String' is not defined or imported
C:\gh\azure-sdk-for-net\sdk\servicefabric\Microsoft.Azure.Management.ServiceFabric\tests\Tests\ManagedClusters\ManagedClusterTests.cs(169,44): error CS0518: Predefined type 'System.Object' is not defined or imported
C:\gh\azure-sdk-for-net\sdk\servicefabric\Microsoft.Azure.Management.ServiceFabric\tests\Tests\ManagedClusters\ManagedClusterTests.cs(169,137): error CS0518: Predefined type 'System.Boolean' is not defined or imported
C:\gh\azure-sdk-for-net\sdk\servicefabric\Microsoft.Azure.Management.ServiceFabric\tests\Tests\ManagedClusters\ManagedClusterTests.cs(169,160): error CS0518: Predefined type 'System.Int32' is not defined or imported
C:\gh\azure-sdk-for-net\sdk\servicefabric\Microsoft.Azure.Management.ServiceFabric\tests\Tests\ManagedClusters\ManagedClusterTests.cs(171,38): error CS0518: Predefined type 'System.Object' is not defined or imported
C:\gh\azure-sdk-for-net\sdk\servicefabric\Microsoft.Azure.Management.ServiceFabric\tests\Tests\ManagedClusters\ManagedClusterTests.cs(171,38): error CS0518: Predefined type 'System.Void' is not defined or imported
C:\gh\azure-sdk-for-net\sdk\servicefabric\Microsoft.Azure.Management.ServiceFabric\tests\Tests\ManagedClusters\ManagedClusterTests.cs(173,21): error CS0012: The type 'IList<>' is defined in an assembly that is not referenced. You must add a reference to assembly 'mscorlib, Version=4.0.0.0, Culture=neutral, PublicKeyToken=b77a5c561934e089'.
C:\gh\azure-sdk-for-net\sdk\servicefabric\Microsoft.Azure.Management.ServiceFabric\tests\Tests\ManagedClusters\ManagedClusterTests.cs(173,33): error CS0518: Predefined type 'System.Object' is not defined or imported
C:\gh\azure-sdk-for-net\sdk\servicefabric\Microsoft.Azure.Management.ServiceFabric\tests\Tests\ManagedClusters\ManagedClusterTests.cs(173,33): error CS0246: The type or namespace name 'List<>' could not be found (are you missing a using directive or an assembly reference?)
C:\gh\azure-sdk-for-net\sdk\servicefabric\Microsoft.Azure.Management.ServiceFabric\tests\Tests\ManagedClusters\ManagedClusterTests.cs(173,38): error CS0518: Predefined type 'System.String' is not defined or imported
C:\gh\azure-sdk-for-net\sdk\servicefabric\Microsoft.Azure.Management.ServiceFabric\tests\Tests\ManagedClusters\ManagedClusterTests.cs(175,25): error CS0518: Predefined type 'System.String' is not defined or imported
C:\gh\azure-sdk-for-net\sdk\servicefabric\Microsoft.Azure.Management.ServiceFabric\tests\Tests\ManagedClusters\ManagedClusterTests.cs(175,25): error CS0518: Predefined type 'System.Object' is not defined or imported
C:\gh\azure-sdk-for-net\sdk\servicefabric\Microsoft.Azure.Management.ServiceFabric\tests\Tests\ManagedClusters\ManagedClusterTests.cs(175,25): error CS0518: Predefined type 'System.Int32' is not defined or imported
C:\gh\azure-sdk-for-net\sdk\servicefabric\Microsoft.Azure.Management.ServiceFabric\tests\Tests\ManagedClusters\ManagedClusterTests.cs(176,25): error CS0518: Predefined type 'System.String' is not defined or imported
C:\gh\azure-sdk-for-net\sdk\servicefabric\Microsoft.Azure.Management.ServiceFabric\tests\Tests\ManagedClusters\ManagedClusterTests.cs(176,25): error CS0518: Predefined type 'System.Object' is not defined or imported
C:\gh\azure-sdk-for-net\sdk\servicefabric\Microsoft.Azure.Management.ServiceFabric\tests\Tests\ManagedClusters\ManagedClusterTests.cs(176,25): error CS0518: Predefined type 'System.Int32' is not defined or imported
C:\gh\azure-sdk-for-net\sdk\servicefabric\Microsoft.Azure.Management.ServiceFabric\tests\Tests\ManagedClusters\ManagedClusterTests.cs(181,17): error CS0518: Predefined type 'System.Void' is not defined or imported
C:\gh\azure-sdk-for-net\sdk\servicefabric\Microsoft.Azure.Management.ServiceFabric\tests\Tests\ManagedClusters\ManagedClusterTests.cs(182,35): error CS0518: Predefined type 'System.String' is not defined or imported
C:\gh\azure-sdk-for-net\sdk\servicefabric\Microsoft.Azure.Management.ServiceFabric\tests\Tests\ManagedClusters\ManagedClusterTests.cs(183,17): error CS0518: Predefined type 'System.Object' is not defined or imported
C:\gh\azure-sdk-for-net\sdk\servicefabric\Microsoft.Azure.Management.ServiceFabric\tests\Tests\ManagedClusters\ManagedClusterTests.cs(183,17): error CS0103: The name 'Assert' does not exist in the current context
C:\gh\azure-sdk-for-net\sdk\servicefabric\Microsoft.Azure.Management.ServiceFabric\tests\Tests\ManagedClusters\ManagedClusterTests.cs(183,30): error CS0518: Predefined type 'System.Int32' is not defined or imported
C:\gh\azure-sdk-for-net\sdk\servicefabric\Microsoft.Azure.Management.ServiceFabric\tests\Tests\ManagedClusters\ManagedClusterTests.cs(183,49): error CS0518: Predefined type 'System.Int32' is not defined or imported
C:\gh\azure-sdk-for-net\sdk\servicefabric\Microsoft.Azure.Management.ServiceFabric\tests\Tests\ManagedClusters\ManagedClusterTests.cs(186,17): error CS0518: Predefined type 'System.Void' is not defined or imported
C:\gh\azure-sdk-for-net\sdk\servicefabric\Microsoft.Azure.Management.ServiceFabric\tests\Tests\ManagedClusters\ManagedClusterTests.cs(187,35): error CS0518: Predefined type 'System.String' is not defined or imported
C:\gh\azure-sdk-for-net\sdk\servicefabric\Microsoft.Azure.Management.ServiceFabric\tests\Tests\ManagedClusters\ManagedClusterTests.cs(188,17): error CS0518: Predefined type 'System.Object' is not defined or imported
C:\gh\azure-sdk-for-net\sdk\servicefabric\Microsoft.Azure.Management.ServiceFabric\tests\Tests\ManagedClusters\ManagedClusterTests.cs(188,17): error CS0103: The name 'Assert' does not exist in the current context
C:\gh\azure-sdk-for-net\sdk\servicefabric\Microsoft.Azure.Management.ServiceFabric\tests\Tests\ManagedClusters\ManagedClusterTests.cs(188,45): error CS0518: Predefined type 'System.Boolean' is not defined or imported
C:\gh\azure-sdk-for-net\sdk\servicefabric\Microsoft.Azure.Management.ServiceFabric\tests\Tests\ManagedClusters\ManagedClusterTests.cs(190,17): error CS0518: Predefined type 'System.Void' is not defined or imported
C:\gh\azure-sdk-for-net\sdk\servicefabric\Microsoft.Azure.Management.ServiceFabric\tests\Tests\ManagedClusters\ManagedClusterTests.cs(191,17): error CS0518: Predefined type 'System.Object' is not defined or imported
C:\gh\azure-sdk-for-net\sdk\servicefabric\Microsoft.Azure.Management.ServiceFabric\tests\Tests\ManagedClusters\ManagedClusterTests.cs(191,17): error CS0103: The name 'Assert' does not exist in the current context
C:\gh\azure-sdk-for-net\sdk\servicefabric\Microsoft.Azure.Management.ServiceFabric\tests\Tests\ManagedClusters\ManagedClusterTests.cs(191,31): error CS0518: Predefined type 'System.Object' is not defined or imported
C:\gh\azure-sdk-for-net\sdk\servicefabric\Microsoft.Azure.Management.ServiceFabric\tests\Tests\ManagedClusters\ManagedClusterTests.cs(15,18): error CS0518: Predefined type 'System.Void' is not defined or imported
C:\gh\azure-sdk-for-net\sdk\servicefabric\Microsoft.Azure.Management.ServiceFabric\tests\Tests\TestGetClusterResource.cs(10,5): hidden CS8019: Unnecessary using directive.
C:\gh\azure-sdk-for-net\sdk\servicefabric\Microsoft.Azure.Management.ServiceFabric\tests\TestHelper\RecordedDelegatingHandler.cs(10,5): hidden CS8019: Unnecessary using directive.
C:\gh\azure-sdk-for-net\sdk\servicefabric\Microsoft.Azure.Management.ServiceFabric\tests\Tests\TestDeleteClusterResource.cs(7,5): hidden CS8019: Unnecessary using directive.
C:\gh\azure-sdk-for-net\sdk\servicefabric\Microsoft.Azure.Management.ServiceFabric\tests\Tests\TestCreateClusterResource.cs(15,5): hidden CS8019: Unnecessary using directive.
C:\gh\azure-sdk-for-net\sdk\servicefabric\Microsoft.Azure.Management.ServiceFabric\tests\Tests\TestGetClusterResource.cs(6,5): hidden CS8019: Unnecessary using directive.
C:\gh\azure-sdk-for-net\artifacts\obj\Microsoft.Azure.Management.ServiceFabric.Test\Debug\netcoreapp2.0\Microsoft.Azure.Management.ServiceFabric.Test.AssemblyInfo.cs(11,1): hidden CS8019: Unnecessary using directive.
C:\gh\azure-sdk-for-net\sdk\servicefabric\Microsoft.Azure.Management.ServiceFabric\tests\Tests\TestUpdateClusterResource.cs(11,5): hidden CS8019: Unnecessary using directive.
C:\gh\azure-sdk-for-net\sdk\servicefabric\Microsoft.Azure.Management.ServiceFabric\tests\Tests\ManagedClusters\ServiceFabricManagedTestBase.cs(9,5): hidden CS8019: Unnecessary using directive.
C:\gh\azure-sdk-for-net\sdk\servicefabric\Microsoft.Azure.Management.ServiceFabric\tests\Tests\ServiceFabricTestBase.cs(6,5): hidden CS8019: Unnecessary using directive.
C:\gh\azure-sdk-for-net\sdk\servicefabric\Microsoft.Azure.Management.ServiceFabric\tests\Tests\TestListClusterVersions.cs(5,1): hidden CS8019: Unnecessary using directive.
C:\gh\azure-sdk-for-net\sdk\servicefabric\Microsoft.Azure.Management.ServiceFabric\tests\Tests\ManagedClusters\ServiceFabricManagedTestBase.cs(12,5): hidden CS8019: Unnecessary using directive.
C:\gh\azure-sdk-for-net\sdk\servicefabric\Microsoft.Azure.Management.ServiceFabric\tests\Tests\TestListClusterVersions.cs(6,1): hidden CS8019: Unnecessary using directive.
C:\gh\azure-sdk-for-net\artifacts\obj\Microsoft.Azure.Management.ServiceFabric.Test\Debug\netcoreapp2.0\.NETCoreApp,Version=v2.0.AssemblyAttributes.cs(2,1): hidden CS8019: Unnecessary using directive.
C:\gh\azure-sdk-for-net\sdk\servicefabric\Microsoft.Azure.Management.ServiceFabric\tests\Tests\ManagedClusters\ManagedClusterTests.cs(13,5): hidden CS8019: Unnecessary using directive.
C:\gh\azure-sdk-for-net\sdk\servicefabric\Microsoft.Azure.Management.ServiceFabric\tests\Tests\ServiceFabricTestBase.cs(12,5): hidden CS8019: Unnecessary using directive.
C:\gh\azure-sdk-for-net\sdk\servicefabric\Microsoft.Azure.Management.ServiceFabric\tests\Tests\TestCreateClusterResource.cs(14,5): hidden CS8019: Unnecessary using directive.
C:\gh\azure-sdk-for-net\sdk\servicefabric\Microsoft.Azure.Management.ServiceFabric\tests\Tests\TestUpdateClusterResource.cs(13,5): hidden CS8019: Unnecessary using directive.
C:\gh\azure-sdk-for-net\eng\mgmt\DisableTestRunParallel.cs(4,1): hidden CS8019: Unnecessary using directive.
C:\gh\azure-sdk-for-net\sdk\servicefabric\Microsoft.Azure.Management.ServiceFabric\tests\Tests\TestGetClusterResource.cs(7,5): hidden CS8019: Unnecessary using directive.
C:\gh\azure-sdk-for-net\sdk\servicefabric\Microsoft.Azure.Management.ServiceFabric\tests\Tests\ServiceFabricTestBase.cs(9,5): hidden CS8019: Unnecessary using directive.
C:\gh\azure-sdk-for-net\sdk\servicefabric\Microsoft.Azure.Management.ServiceFabric\tests\Tests\TestCreateClusterResource.cs(9,5): hidden CS8019: Unnecessary using directive.
C:\gh\azure-sdk-for-net\sdk\servicefabric\Microsoft.Azure.Management.ServiceFabric\tests\Tests\TestListClusterResource.cs(10,5): hidden CS8019: Unnecessary using directive.
C:\gh\azure-sdk-for-net\sdk\servicefabric\Microsoft.Azure.Management.ServiceFabric\tests\Tests\TestListClusterResource.cs(6,5): hidden CS8019: Unnecessary using directive.
C:\gh\azure-sdk-for-net\sdk\servicefabric\Microsoft.Azure.Management.ServiceFabric\tests\Tests\TestListClusterVersions.cs(4,1): hidden CS8019: Unnecessary using directive.
C:\gh\azure-sdk-for-net\sdk\servicefabric\Microsoft.Azure.Management.ServiceFabric\tests\Tests\TestUpdateClusterResource.cs(9,5): hidden CS8019: Unnecessary using directive.
C:\gh\azure-sdk-for-net\sdk\servicefabric\Microsoft.Azure.Management.ServiceFabric\tests\Tests\ManagedClusters\ServiceFabricManagedTestBase.cs(15,5): hidden CS8019: Unnecessary using directive.
C:\gh\azure-sdk-for-net\sdk\servicefabric\Microsoft.Azure.Management.ServiceFabric\tests\Tests\TestDeleteClusterResource.cs(12,5): hidden CS8019: Unnecessary using directive.
C:\gh\azure-sdk-for-net\sdk\servicefabric\Microsoft.Azure.Management.ServiceFabric\tests\Tests\TestListClusterResource.cs(7,5): hidden CS8019: Unnecessary using directive.
C:\gh\azure-sdk-for-net\sdk\servicefabric\Microsoft.Azure.Management.ServiceFabric\tests\Tests\ManagedClusters\ManagedClusterTests.cs(9,5): hidden CS8019: Unnecessary using directive.
C:\gh\azure-sdk-for-net\sdk\servicefabric\Microsoft.Azure.Management.ServiceFabric\tests\Tests\ServiceFabricTestBase.cs(16,5): hidden CS8019: Unnecessary using directive.
C:\gh\azure-sdk-for-net\sdk\servicefabric\Microsoft.Azure.Management.ServiceFabric\tests\Tests\ManagedClusters\ServiceFabricManagedTestBase.cs(14,5): hidden CS8019: Unnecessary using directive.
C:\gh\azure-sdk-for-net\sdk\servicefabric\Microsoft.Azure.Management.ServiceFabric\tests\Tests\ServiceFabricTestBase.cs(14,5): hidden CS8019: Unnecessary using directive.
C:\gh\azure-sdk-for-net\eng\mgmt\DisableTestRunParallel.cs(5,1): hidden CS8019: Unnecessary using directive.
C:\gh\azure-sdk-for-net\sdk\servicefabric\Microsoft.Azure.Management.ServiceFabric\tests\TestHelper\RecordedDelegatingHandler.cs(8,5): hidden CS8019: Unnecessary using directive.
C:\gh\azure-sdk-for-net\sdk\servicefabric\Microsoft.Azure.Management.ServiceFabric\tests\Tests\TestDeleteClusterResource.cs(11,5): hidden CS8019: Unnecessary using directive.
C:\gh\azure-sdk-for-net\sdk\servicefabric\Microsoft.Azure.Management.ServiceFabric\tests\Tests\TestCreateClusterResource.cs(10,5): hidden CS8019: Unnecessary using directive.
C:\gh\azure-sdk-for-net\sdk\servicefabric\Microsoft.Azure.Management.ServiceFabric\tests\Tests\ServiceFabricTestBase.cs(15,5): hidden CS8019: Unnecessary using directive.
C:\gh\azure-sdk-for-net\sdk\servicefabric\Microsoft.Azure.Management.ServiceFabric\tests\Tests\TestDeleteClusterResource.cs(15,5): hidden CS8019: Unnecessary using directive.
C:\gh\azure-sdk-for-net\sdk\servicefabric\Microsoft.Azure.Management.ServiceFabric\tests\Tests\TestGetClusterResource.cs(12,5): hidden CS8019: Unnecessary using directive.
C:\gh\azure-sdk-for-net\sdk\servicefabric\Microsoft.Azure.Management.ServiceFabric\tests\Tests\ManagedClusters\ServiceFabricManagedTestBase.cs(7,5): hidden CS8019: Unnecessary using directive.
C:\gh\azure-sdk-for-net\sdk\servicefabric\Microsoft.Azure.Management.ServiceFabric\tests\Tests\TestCreateClusterResource.cs(6,5): hidden CS8019: Unnecessary using directive.
C:\gh\azure-sdk-for-net\sdk\servicefabric\Microsoft.Azure.Management.ServiceFabric\tests\TestHelper\RecordedDelegatingHandler.cs(7,5): hidden CS8019: Unnecessary using directive.
C:\gh\azure-sdk-for-net\sdk\servicefabric\Microsoft.Azure.Management.ServiceFabric\tests\Tests\TestUpdateClusterResource.cs(10,5): hidden CS8019: Unnecessary using directive.
C:\gh\azure-sdk-for-net\sdk\servicefabric\Microsoft.Azure.Management.ServiceFabric\tests\Tests\ServiceFabricTestBase.cs(7,5): hidden CS8019: Unnecessary using directive.
C:\gh\azure-sdk-for-net\sdk\servicefabric\Microsoft.Azure.Management.ServiceFabric\tests\Tests\ManagedClusters\ManagedClusterTests.cs(6,5): hidden CS8019: Unnecessary using directive.
C:\gh\azure-sdk-for-net\sdk\servicefabric\Microsoft.Azure.Management.ServiceFabric\tests\Tests\TestUpdateClusterResource.cs(6,5): hidden CS8019: Unnecessary using directive.
C:\gh\azure-sdk-for-net\sdk\servicefabric\Microsoft.Azure.Management.ServiceFabric\tests\Tests\TestDeleteClusterResource.cs(14,5): hidden CS8019: Unnecessary using directive.
C:\gh\azure-sdk-for-net\sdk\servicefabric\Microsoft.Azure.Management.ServiceFabric\tests\Tests\TestListClusterVersions.cs(2,1): hidden CS8019: Unnecessary using directive.
C:\gh\azure-sdk-for-net\sdk\servicefabric\Microsoft.Azure.Management.ServiceFabric\tests\Tests\TestGetClusterResource.cs(11,5): hidden CS8019: Unnecessary using directive.
C:\gh\azure-sdk-for-net\sdk\servicefabric\Microsoft.Azure.Management.ServiceFabric\tests\Tests\TestListClusterVersions.cs(3,1): hidden CS8019: Unnecessary using directive.
C:\gh\azure-sdk-for-net\sdk\servicefabric\Microsoft.Azure.Management.ServiceFabric\tests\TestHelper\RecordedDelegatingHandler.cs(9,5): hidden CS8019: Unnecessary using directive.
C:\gh\azure-sdk-for-net\sdk\servicefabric\Microsoft.Azure.Management.ServiceFabric\tests\Tests\TestCreateClusterResource.cs(7,5): hidden CS8019: Unnecessary using directive.
C:\gh\azure-sdk-for-net\sdk\servicefabric\Microsoft.Azure.Management.ServiceFabric\tests\Tests\ManagedClusters\ManagedClusterTests.cs(7,5): hidden CS8019: Unnecessary using directive.
C:\gh\azure-sdk-for-net\sdk\servicefabric\Microsoft.Azure.Management.ServiceFabric\tests\Tests\TestDeleteClusterResource.cs(9,5): hidden CS8019: Unnecessary using directive.
C:\gh\azure-sdk-for-net\sdk\servicefabric\Microsoft.Azure.Management.ServiceFabric\tests\Tests\TestUpdateClusterResource.cs(7,5): hidden CS8019: Unnecessary using directive.
C:\gh\azure-sdk-for-net\sdk\servicefabric\Microsoft.Azure.Management.ServiceFabric\tests\Tests\TestListClusterVersions.cs(7,1): hidden CS8019: Unnecessary using directive.
C:\gh\azure-sdk-for-net\sdk\servicefabric\Microsoft.Azure.Management.ServiceFabric\tests\Tests\ManagedClusters\ServiceFabricManagedTestBase.cs(10,5): hidden CS8019: Unnecessary using directive.
C:\gh\azure-sdk-for-net\artifacts\obj\Microsoft.Azure.Management.ServiceFabric.Test\Debug\netcoreapp2.0\Microsoft.Azure.Management.ServiceFabric.Test.AssemblyInfo.cs(12,1): hidden CS8019: Unnecessary using directive.
C:\gh\azure-sdk-for-net\sdk\servicefabric\Microsoft.Azure.Management.ServiceFabric\tests\Tests\TestGetClusterResource.cs(9,5): hidden CS8019: Unnecessary using directive.
C:\gh\azure-sdk-for-net\sdk\servicefabric\Microsoft.Azure.Management.ServiceFabric\tests\Tests\ServiceFabricTestBase.cs(10,5): hidden CS8019: Unnecessary using directive.
C:\gh\azure-sdk-for-net\sdk\servicefabric\Microsoft.Azure.Management.ServiceFabric\tests\Tests\ManagedClusters\ManagedClusterTests.cs(12,5): hidden CS8019: Unnecessary using directive.
C:\gh\azure-sdk-for-net\sdk\servicefabric\Microsoft.Azure.Management.ServiceFabric\tests\Tests\TestDeleteClusterResource.cs(10,5): hidden CS8019: Unnecessary using directive.
C:\gh\azure-sdk-for-net\artifacts\obj\Microsoft.Azure.Management.ServiceFabric.Test\Debug\netcoreapp2.0\.NETCoreApp,Version=v2.0.AssemblyAttributes.cs(3,1): hidden CS8019: Unnecessary using directive.
C:\gh\azure-sdk-for-net\sdk\servicefabric\Microsoft.Azure.Management.ServiceFabric\tests\Tests\TestCreateClusterResource.cs(12,5): hidden CS8019: Unnecessary using directive.
C:\gh\azure-sdk-for-net\sdk\servicefabric\Microsoft.Azure.Management.ServiceFabric\tests\Tests\TestDeleteClusterResource.cs(6,5): hidden CS8019: Unnecessary using directive.
C:\gh\azure-sdk-for-net\sdk\servicefabric\Microsoft.Azure.Management.ServiceFabric\tests\Tests\ManagedClusters\ServiceFabricManagedTestBase.cs(6,5): hidden CS8019: Unnecessary using directive.
C:\gh\azure-sdk-for-net\sdk\servicefabric\Microsoft.Azure.Management.ServiceFabric\tests\TestHelper\RecordedDelegatingHandler.cs(11,5): hidden CS8019: Unnecessary using directive.
C:\gh\azure-sdk-for-net\sdk\servicefabric\Microsoft.Azure.Management.ServiceFabric\tests\Tests\ManagedClusters\ManagedClusterTests.cs(11,5): hidden CS8019: Unnecessary using directive.
C:\gh\azure-sdk-for-net\sdk\servicefabric\Microsoft.Azure.Management.ServiceFabric\tests\Tests\TestListClusterResource.cs(9,5): hidden CS8019: Unnecessary using directive.
C:\gh\azure-sdk-for-net\sdk\servicefabric\Microsoft.Azure.Management.ServiceFabric\tests\Tests\TestCreateClusterResource.cs(11,5): hidden CS8019: Unnecessary using directive.
