C:\gh\azure-sdk-for-net\sdk\devtestlabs\Microsoft.Azure.Management.DevTestLabs\tests\Tests\DevTestLabsTestBase.cs(30,22): error CS0518: Predefined type 'System.String' is not defined or imported
C:\gh\azure-sdk-for-net\sdk\devtestlabs\Microsoft.Azure.Management.DevTestLabs\tests\Helpers\RecordedDelegatingHandler.cs(12,46): error CS0246: The type or namespace name 'DelegatingHandler' could not be found (are you missing a using directive or an assembly reference?)
C:\gh\azure-sdk-for-net\sdk\devtestlabs\Microsoft.Azure.Management.DevTestLabs\tests\Tests\BasicTests.cs(14,23): error CS0518: Predefined type 'System.Int32' is not defined or imported
C:\gh\azure-sdk-for-net\sdk\devtestlabs\Microsoft.Azure.Management.DevTestLabs\tests\Helpers\RecordedDelegatingHandler.cs(41,70): error CS0518: Predefined type 'System.Object' is not defined or imported
C:\gh\azure-sdk-for-net\sdk\devtestlabs\Microsoft.Azure.Management.DevTestLabs\tests\Helpers\RecordedDelegatingHandler.cs(41,70): error CS0246: The type or namespace name 'HttpRequestMessage' could not be found (are you missing a using directive or an assembly reference?)
C:\gh\azure-sdk-for-net\sdk\devtestlabs\Microsoft.Azure.Management.DevTestLabs\tests\Helpers\RecordedDelegatingHandler.cs(41,98): error CS0518: Predefined type 'System.Object' is not defined or imported
C:\gh\azure-sdk-for-net\sdk\devtestlabs\Microsoft.Azure.Management.DevTestLabs\tests\Helpers\RecordedDelegatingHandler.cs(41,98): error CS0246: The type or namespace name 'System' could not be found (are you missing a using directive or an assembly reference?)
C:\gh\azure-sdk-for-net\sdk\devtestlabs\Microsoft.Azure.Management.DevTestLabs\tests\Helpers\RecordedDelegatingHandler.cs(41,34): error CS0518: Predefined type 'System.Object' is not defined or imported
C:\gh\azure-sdk-for-net\sdk\devtestlabs\Microsoft.Azure.Management.DevTestLabs\tests\Helpers\RecordedDelegatingHandler.cs(41,34): error CS0246: The type or namespace name 'Task<>' could not be found (are you missing a using directive or an assembly reference?)
C:\gh\azure-sdk-for-net\sdk\devtestlabs\Microsoft.Azure.Management.DevTestLabs\tests\Helpers\RecordedDelegatingHandler.cs(41,39): error CS0518: Predefined type 'System.Object' is not defined or imported
C:\gh\azure-sdk-for-net\sdk\devtestlabs\Microsoft.Azure.Management.DevTestLabs\tests\Helpers\RecordedDelegatingHandler.cs(41,39): error CS0246: The type or namespace name 'HttpResponseMessage' could not be found (are you missing a using directive or an assembly reference?)
C:\gh\azure-sdk-for-net\sdk\devtestlabs\Microsoft.Azure.Management.DevTestLabs\tests\Tests\DevTestLabsTestBase.cs(28,40): error CS0246: The type or namespace name 'TestBase' could not be found (are you missing a using directive or an assembly reference?)
C:\gh\azure-sdk-for-net\sdk\devtestlabs\Microsoft.Azure.Management.DevTestLabs\tests\Helpers\RecordedDelegatingHandler.cs(14,17): error CS0518: Predefined type 'System.Object' is not defined or imported
C:\gh\azure-sdk-for-net\sdk\devtestlabs\Microsoft.Azure.Management.DevTestLabs\tests\Helpers\RecordedDelegatingHandler.cs(14,17): error CS0246: The type or namespace name 'HttpResponseMessage' could not be found (are you missing a using directive or an assembly reference?)
C:\gh\azure-sdk-for-net\sdk\devtestlabs\Microsoft.Azure.Management.DevTestLabs\tests\Tests\DevTestLabsTestBase.cs(50,55): error CS0518: Predefined type 'System.Object' is not defined or imported
C:\gh\azure-sdk-for-net\sdk\devtestlabs\Microsoft.Azure.Management.DevTestLabs\tests\Tests\DevTestLabsTestBase.cs(50,55): error CS0246: The type or namespace name 'MockContext' could not be found (are you missing a using directive or an assembly reference?)
C:\gh\azure-sdk-for-net\sdk\devtestlabs\Microsoft.Azure.Management.DevTestLabs\tests\Tests\DevTestLabsTestBase.cs(50,76): error CS0518: Predefined type 'System.Object' is not defined or imported
C:\gh\azure-sdk-for-net\sdk\devtestlabs\Microsoft.Azure.Management.DevTestLabs\tests\Tests\DevTestLabsTestBase.cs(50,16): error CS0518: Predefined type 'System.Object' is not defined or imported
C:\gh\azure-sdk-for-net\sdk\devtestlabs\Microsoft.Azure.Management.DevTestLabs\tests\Tests\DevTestLabsTestBase.cs(65,16): error CS0518: Predefined type 'System.Object' is not defined or imported
C:\gh\azure-sdk-for-net\sdk\devtestlabs\Microsoft.Azure.Management.DevTestLabs\tests\Tests\DevTestLabsTestBase.cs(32,16): error CS0518: Predefined type 'System.Object' is not defined or imported
C:\gh\azure-sdk-for-net\sdk\devtestlabs\Microsoft.Azure.Management.DevTestLabs\tests\Helpers\RecordedDelegatingHandler.cs(21,42): error CS0518: Predefined type 'System.Object' is not defined or imported
C:\gh\azure-sdk-for-net\sdk\devtestlabs\Microsoft.Azure.Management.DevTestLabs\tests\Helpers\RecordedDelegatingHandler.cs(21,42): error CS0246: The type or namespace name 'HttpResponseMessage' could not be found (are you missing a using directive or an assembly reference?)
C:\gh\azure-sdk-for-net\sdk\devtestlabs\Microsoft.Azure.Management.DevTestLabs\tests\Helpers\RecordedDelegatingHandler.cs(21,9): error CS0518: Predefined type 'System.Void' is not defined or imported
C:\gh\azure-sdk-for-net\sdk\devtestlabs\Microsoft.Azure.Management.DevTestLabs\tests\Tests\DevTestLabsTestBase.cs(30,49): error CS0518: Predefined type 'System.String' is not defined or imported
C:\gh\azure-sdk-for-net\sdk\devtestlabs\Microsoft.Azure.Management.DevTestLabs\tests\Tests\BasicTests.cs(17,16): error CS0518: Predefined type 'System.Void' is not defined or imported
C:\gh\azure-sdk-for-net\sdk\devtestlabs\Microsoft.Azure.Management.DevTestLabs\tests\Tests\DevTestLabsTestBase.cs(16,9): error CS0518: Predefined type 'System.Void' is not defined or imported
C:\gh\azure-sdk-for-net\sdk\devtestlabs\Microsoft.Azure.Management.DevTestLabs\tests\Tests\DevTestLabsTestBase.cs(20,36): error CS0518: Predefined type 'System.String' is not defined or imported
C:\gh\azure-sdk-for-net\sdk\devtestlabs\Microsoft.Azure.Management.DevTestLabs\tests\Tests\DevTestLabsTestBase.cs(20,9): error CS0518: Predefined type 'System.Void' is not defined or imported
C:\gh\azure-sdk-for-net\sdk\devtestlabs\Microsoft.Azure.Management.DevTestLabs\tests\Helpers\RecordedDelegatingHandler.cs(16,9): error CS0518: Predefined type 'System.Void' is not defined or imported
C:\gh\azure-sdk-for-net\sdk\devtestlabs\Microsoft.Azure.Management.DevTestLabs\tests\Tests\DevTestLabsTestBase.cs(14,18): error CS0518: Predefined type 'System.Object' is not defined or imported
C:\gh\azure-sdk-for-net\sdk\devtestlabs\Microsoft.Azure.Management.DevTestLabs\tests\Properties\AssemblyInfo.cs(9,12): error CS0246: The type or namespace name 'AssemblyTitleAttribute' could not be found (are you missing a using directive or an assembly reference?)
C:\gh\azure-sdk-for-net\sdk\devtestlabs\Microsoft.Azure.Management.DevTestLabs\tests\Properties\AssemblyInfo.cs(9,12): error CS0246: The type or namespace name 'AssemblyTitle' could not be found (are you missing a using directive or an assembly reference?)
C:\gh\azure-sdk-for-net\sdk\devtestlabs\Microsoft.Azure.Management.DevTestLabs\tests\Properties\AssemblyInfo.cs(10,12): error CS0246: The type or namespace name 'AssemblyDescriptionAttribute' could not be found (are you missing a using directive or an assembly reference?)
C:\gh\azure-sdk-for-net\sdk\devtestlabs\Microsoft.Azure.Management.DevTestLabs\tests\Properties\AssemblyInfo.cs(10,12): error CS0246: The type or namespace name 'AssemblyDescription' could not be found (are you missing a using directive or an assembly reference?)
C:\gh\azure-sdk-for-net\sdk\devtestlabs\Microsoft.Azure.Management.DevTestLabs\tests\Properties\AssemblyInfo.cs(11,12): error CS0246: The type or namespace name 'AssemblyConfigurationAttribute' could not be found (are you missing a using directive or an assembly reference?)
C:\gh\azure-sdk-for-net\sdk\devtestlabs\Microsoft.Azure.Management.DevTestLabs\tests\Properties\AssemblyInfo.cs(11,12): error CS0246: The type or namespace name 'AssemblyConfiguration' could not be found (are you missing a using directive or an assembly reference?)
C:\gh\azure-sdk-for-net\sdk\devtestlabs\Microsoft.Azure.Management.DevTestLabs\tests\Properties\AssemblyInfo.cs(12,12): error CS0246: The type or namespace name 'AssemblyCompanyAttribute' could not be found (are you missing a using directive or an assembly reference?)
C:\gh\azure-sdk-for-net\sdk\devtestlabs\Microsoft.Azure.Management.DevTestLabs\tests\Properties\AssemblyInfo.cs(12,12): error CS0246: The type or namespace name 'AssemblyCompany' could not be found (are you missing a using directive or an assembly reference?)
C:\gh\azure-sdk-for-net\sdk\devtestlabs\Microsoft.Azure.Management.DevTestLabs\tests\Properties\AssemblyInfo.cs(13,12): error CS0246: The type or namespace name 'AssemblyProductAttribute' could not be found (are you missing a using directive or an assembly reference?)
C:\gh\azure-sdk-for-net\sdk\devtestlabs\Microsoft.Azure.Management.DevTestLabs\tests\Properties\AssemblyInfo.cs(13,12): error CS0246: The type or namespace name 'AssemblyProduct' could not be found (are you missing a using directive or an assembly reference?)
C:\gh\azure-sdk-for-net\sdk\devtestlabs\Microsoft.Azure.Management.DevTestLabs\tests\Properties\AssemblyInfo.cs(14,12): error CS0246: The type or namespace name 'AssemblyCopyrightAttribute' could not be found (are you missing a using directive or an assembly reference?)
C:\gh\azure-sdk-for-net\sdk\devtestlabs\Microsoft.Azure.Management.DevTestLabs\tests\Properties\AssemblyInfo.cs(14,12): error CS0246: The type or namespace name 'AssemblyCopyright' could not be found (are you missing a using directive or an assembly reference?)
C:\gh\azure-sdk-for-net\sdk\devtestlabs\Microsoft.Azure.Management.DevTestLabs\tests\Properties\AssemblyInfo.cs(15,12): error CS0246: The type or namespace name 'AssemblyTrademarkAttribute' could not be found (are you missing a using directive or an assembly reference?)
C:\gh\azure-sdk-for-net\sdk\devtestlabs\Microsoft.Azure.Management.DevTestLabs\tests\Properties\AssemblyInfo.cs(15,12): error CS0246: The type or namespace name 'AssemblyTrademark' could not be found (are you missing a using directive or an assembly reference?)
C:\gh\azure-sdk-for-net\sdk\devtestlabs\Microsoft.Azure.Management.DevTestLabs\tests\Properties\AssemblyInfo.cs(16,12): error CS0246: The type or namespace name 'AssemblyCultureAttribute' could not be found (are you missing a using directive or an assembly reference?)
C:\gh\azure-sdk-for-net\sdk\devtestlabs\Microsoft.Azure.Management.DevTestLabs\tests\Properties\AssemblyInfo.cs(16,12): error CS0246: The type or namespace name 'AssemblyCulture' could not be found (are you missing a using directive or an assembly reference?)
C:\gh\azure-sdk-for-net\eng\mgmt\DisableTestRunParallel.cs(7,12): error CS0246: The type or namespace name 'CollectionBehaviorAttribute' could not be found (are you missing a using directive or an assembly reference?)
C:\gh\azure-sdk-for-net\eng\mgmt\DisableTestRunParallel.cs(7,12): error CS0246: The type or namespace name 'CollectionBehavior' could not be found (are you missing a using directive or an assembly reference?)
C:\gh\azure-sdk-for-net\artifacts\obj\Microsoft.Azure.Management.DevTestLabs.Tests\Debug\netcoreapp2.0\.NETCoreApp,Version=v2.0.AssemblyAttributes.cs(4,20): error CS0400: The type or namespace name 'System' could not be found in the global namespace (are you missing an assembly reference?)
C:\gh\azure-sdk-for-net\artifacts\obj\Microsoft.Azure.Management.DevTestLabs.Tests\Debug\netcoreapp2.0\Microsoft.Azure.Management.DevTestLabs.Tests.AssemblyInfo.cs(14,12): error CS0246: The type or namespace name 'System' could not be found (are you missing a using directive or an assembly reference?)
C:\gh\azure-sdk-for-net\artifacts\obj\Microsoft.Azure.Management.DevTestLabs.Tests\Debug\netcoreapp2.0\Microsoft.Azure.Management.DevTestLabs.Tests.AssemblyInfo.cs(16,12): error CS0246: The type or namespace name 'System' could not be found (are you missing a using directive or an assembly reference?)
C:\gh\azure-sdk-for-net\artifacts\obj\Microsoft.Azure.Management.DevTestLabs.Tests\Debug\netcoreapp2.0\Microsoft.Azure.Management.DevTestLabs.Tests.AssemblyInfo.cs(17,12): error CS0246: The type or namespace name 'System' could not be found (are you missing a using directive or an assembly reference?)
C:\gh\azure-sdk-for-net\sdk\devtestlabs\Microsoft.Azure.Management.DevTestLabs\tests\Properties\AssemblyInfo.cs(9,26): error CS0518: Predefined type 'System.String' is not defined or imported
C:\gh\azure-sdk-for-net\sdk\devtestlabs\Microsoft.Azure.Management.DevTestLabs\tests\Properties\AssemblyInfo.cs(10,32): error CS0518: Predefined type 'System.String' is not defined or imported
C:\gh\azure-sdk-for-net\sdk\devtestlabs\Microsoft.Azure.Management.DevTestLabs\tests\Properties\AssemblyInfo.cs(11,34): error CS0518: Predefined type 'System.String' is not defined or imported
C:\gh\azure-sdk-for-net\sdk\devtestlabs\Microsoft.Azure.Management.DevTestLabs\tests\Properties\AssemblyInfo.cs(12,28): error CS0518: Predefined type 'System.String' is not defined or imported
C:\gh\azure-sdk-for-net\sdk\devtestlabs\Microsoft.Azure.Management.DevTestLabs\tests\Properties\AssemblyInfo.cs(13,28): error CS0518: Predefined type 'System.String' is not defined or imported
C:\gh\azure-sdk-for-net\sdk\devtestlabs\Microsoft.Azure.Management.DevTestLabs\tests\Properties\AssemblyInfo.cs(14,30): error CS0518: Predefined type 'System.String' is not defined or imported
C:\gh\azure-sdk-for-net\sdk\devtestlabs\Microsoft.Azure.Management.DevTestLabs\tests\Properties\AssemblyInfo.cs(15,30): error CS0518: Predefined type 'System.String' is not defined or imported
C:\gh\azure-sdk-for-net\sdk\devtestlabs\Microsoft.Azure.Management.DevTestLabs\tests\Properties\AssemblyInfo.cs(16,28): error CS0518: Predefined type 'System.String' is not defined or imported
C:\gh\azure-sdk-for-net\eng\mgmt\DisableTestRunParallel.cs(7,31): error CS0246: The type or namespace name 'DisableTestParallelization' could not be found (are you missing a using directive or an assembly reference?)
C:\gh\azure-sdk-for-net\eng\mgmt\DisableTestRunParallel.cs(7,60): error CS0518: Predefined type 'System.Boolean' is not defined or imported
C:\gh\azure-sdk-for-net\eng\mgmt\DisableTestRunParallel.cs(7,66): error CS0246: The type or namespace name 'MaxParallelThreads' could not be found (are you missing a using directive or an assembly reference?)
C:\gh\azure-sdk-for-net\eng\mgmt\DisableTestRunParallel.cs(7,87): error CS0518: Predefined type 'System.Int32' is not defined or imported
C:\gh\azure-sdk-for-net\artifacts\obj\Microsoft.Azure.Management.DevTestLabs.Tests\Debug\netcoreapp2.0\.NETCoreApp,Version=v2.0.AssemblyAttributes.cs(4,71): error CS0518: Predefined type 'System.String' is not defined or imported
C:\gh\azure-sdk-for-net\artifacts\obj\Microsoft.Azure.Management.DevTestLabs.Tests\Debug\netcoreapp2.0\.NETCoreApp,Version=v2.0.AssemblyAttributes.cs(4,99): error CS0246: The type or namespace name 'FrameworkDisplayName' could not be found (are you missing a using directive or an assembly reference?)
C:\gh\azure-sdk-for-net\artifacts\obj\Microsoft.Azure.Management.DevTestLabs.Tests\Debug\netcoreapp2.0\.NETCoreApp,Version=v2.0.AssemblyAttributes.cs(4,122): error CS0518: Predefined type 'System.String' is not defined or imported
C:\gh\azure-sdk-for-net\artifacts\obj\Microsoft.Azure.Management.DevTestLabs.Tests\Debug\netcoreapp2.0\Microsoft.Azure.Management.DevTestLabs.Tests.AssemblyInfo.cs(14,56): error CS0518: Predefined type 'System.String' is not defined or imported
C:\gh\azure-sdk-for-net\artifacts\obj\Microsoft.Azure.Management.DevTestLabs.Tests\Debug\netcoreapp2.0\Microsoft.Azure.Management.DevTestLabs.Tests.AssemblyInfo.cs(14,70): error CS0518: Predefined type 'System.String' is not defined or imported
C:\gh\azure-sdk-for-net\artifacts\obj\Microsoft.Azure.Management.DevTestLabs.Tests\Debug\netcoreapp2.0\Microsoft.Azure.Management.DevTestLabs.Tests.AssemblyInfo.cs(15,5): error CS0518: Predefined type 'System.String' is not defined or imported
C:\gh\azure-sdk-for-net\artifacts\obj\Microsoft.Azure.Management.DevTestLabs.Tests\Debug\netcoreapp2.0\Microsoft.Azure.Management.DevTestLabs.Tests.AssemblyInfo.cs(16,68): error CS0518: Predefined type 'System.String' is not defined or imported
C:\gh\azure-sdk-for-net\artifacts\obj\Microsoft.Azure.Management.DevTestLabs.Tests\Debug\netcoreapp2.0\Microsoft.Azure.Management.DevTestLabs.Tests.AssemblyInfo.cs(17,56): error CS0518: Predefined type 'System.String' is not defined or imported
C:\gh\azure-sdk-for-net\artifacts\obj\Microsoft.Azure.Management.DevTestLabs.Tests\Debug\netcoreapp2.0\Microsoft.Azure.Management.DevTestLabs.Tests.AssemblyInfo.cs(17,73): error CS0518: Predefined type 'System.String' is not defined or imported
C:\gh\azure-sdk-for-net\sdk\devtestlabs\Microsoft.Azure.Management.DevTestLabs\tests\Helpers\RecordedDelegatingHandler.cs(4,7): error CS0246: The type or namespace name 'System' could not be found (are you missing a using directive or an assembly reference?)
C:\gh\azure-sdk-for-net\sdk\devtestlabs\Microsoft.Azure.Management.DevTestLabs\tests\Helpers\RecordedDelegatingHandler.cs(5,7): error CS0246: The type or namespace name 'System' could not be found (are you missing a using directive or an assembly reference?)
C:\gh\azure-sdk-for-net\sdk\devtestlabs\Microsoft.Azure.Management.DevTestLabs\tests\Helpers\RecordedDelegatingHandler.cs(6,7): error CS0246: The type or namespace name 'System' could not be found (are you missing a using directive or an assembly reference?)
C:\gh\azure-sdk-for-net\sdk\devtestlabs\Microsoft.Azure.Management.DevTestLabs\tests\Helpers\RecordedDelegatingHandler.cs(7,7): error CS0246: The type or namespace name 'System' could not be found (are you missing a using directive or an assembly reference?)
C:\gh\azure-sdk-for-net\sdk\devtestlabs\Microsoft.Azure.Management.DevTestLabs\tests\Helpers\RecordedDelegatingHandler.cs(8,7): error CS0246: The type or namespace name 'System' could not be found (are you missing a using directive or an assembly reference?)
C:\gh\azure-sdk-for-net\sdk\devtestlabs\Microsoft.Azure.Management.DevTestLabs\tests\Properties\AssemblyInfo.cs(4,7): error CS0246: The type or namespace name 'System' could not be found (are you missing a using directive or an assembly reference?)
C:\gh\azure-sdk-for-net\sdk\devtestlabs\Microsoft.Azure.Management.DevTestLabs\tests\Tests\BasicTests.cs(5,17): error CS0234: The type or namespace name 'Rest' does not exist in the namespace 'Microsoft' (are you missing an assembly reference?)
C:\gh\azure-sdk-for-net\sdk\devtestlabs\Microsoft.Azure.Management.DevTestLabs\tests\Tests\BasicTests.cs(6,7): error CS0246: The type or namespace name 'System' could not be found (are you missing a using directive or an assembly reference?)
C:\gh\azure-sdk-for-net\sdk\devtestlabs\Microsoft.Azure.Management.DevTestLabs\tests\Tests\BasicTests.cs(7,7): error CS0246: The type or namespace name 'Xunit' could not be found (are you missing a using directive or an assembly reference?)
C:\gh\azure-sdk-for-net\sdk\devtestlabs\Microsoft.Azure.Management.DevTestLabs\tests\Tests\DevTestLabsTestBase.cs(6,23): error CS0234: The type or namespace name 'Test' does not exist in the namespace 'Microsoft.Azure' (are you missing an assembly reference?)
C:\gh\azure-sdk-for-net\sdk\devtestlabs\Microsoft.Azure.Management.DevTestLabs\tests\Tests\DevTestLabsTestBase.cs(7,17): error CS0234: The type or namespace name 'Rest' does not exist in the namespace 'Microsoft' (are you missing an assembly reference?)
C:\gh\azure-sdk-for-net\sdk\devtestlabs\Microsoft.Azure.Management.DevTestLabs\tests\Tests\DevTestLabsTestBase.cs(8,7): error CS0246: The type or namespace name 'System' could not be found (are you missing a using directive or an assembly reference?)
C:\gh\azure-sdk-for-net\sdk\devtestlabs\Microsoft.Azure.Management.DevTestLabs\tests\Tests\DevTestLabsTestBase.cs(9,7): error CS0246: The type or namespace name 'System' could not be found (are you missing a using directive or an assembly reference?)
C:\gh\azure-sdk-for-net\sdk\devtestlabs\Microsoft.Azure.Management.DevTestLabs\tests\Tests\DevTestLabsTestBase.cs(10,7): error CS0246: The type or namespace name 'System' could not be found (are you missing a using directive or an assembly reference?)
C:\gh\azure-sdk-for-net\eng\mgmt\DisableTestRunParallel.cs(4,7): error CS0246: The type or namespace name 'System' could not be found (are you missing a using directive or an assembly reference?)
C:\gh\azure-sdk-for-net\eng\mgmt\DisableTestRunParallel.cs(5,7): error CS0246: The type or namespace name 'Xunit' could not be found (are you missing a using directive or an assembly reference?)
C:\gh\azure-sdk-for-net\artifacts\obj\Microsoft.Azure.Management.DevTestLabs.Tests\Debug\netcoreapp2.0\.NETCoreApp,Version=v2.0.AssemblyAttributes.cs(2,7): error CS0246: The type or namespace name 'System' could not be found (are you missing a using directive or an assembly reference?)
C:\gh\azure-sdk-for-net\artifacts\obj\Microsoft.Azure.Management.DevTestLabs.Tests\Debug\netcoreapp2.0\.NETCoreApp,Version=v2.0.AssemblyAttributes.cs(3,7): error CS0246: The type or namespace name 'System' could not be found (are you missing a using directive or an assembly reference?)
C:\gh\azure-sdk-for-net\artifacts\obj\Microsoft.Azure.Management.DevTestLabs.Tests\Debug\netcoreapp2.0\Microsoft.Azure.Management.DevTestLabs.Tests.AssemblyInfo.cs(11,7): error CS0246: The type or namespace name 'System' could not be found (are you missing a using directive or an assembly reference?)
C:\gh\azure-sdk-for-net\artifacts\obj\Microsoft.Azure.Management.DevTestLabs.Tests\Debug\netcoreapp2.0\Microsoft.Azure.Management.DevTestLabs.Tests.AssemblyInfo.cs(12,7): error CS0246: The type or namespace name 'System' could not be found (are you missing a using directive or an assembly reference?)
C:\gh\azure-sdk-for-net\sdk\devtestlabs\Microsoft.Azure.Management.DevTestLabs\tests\Tests\DevTestLabsTestBase.cs(25,45): error CS0518: Predefined type 'System.Void' is not defined or imported
C:\gh\azure-sdk-for-net\sdk\devtestlabs\Microsoft.Azure.Management.DevTestLabs\tests\Tests\BasicTests.cs(14,49): error CS0518: Predefined type 'System.Int32' is not defined or imported
C:\gh\azure-sdk-for-net\sdk\devtestlabs\Microsoft.Azure.Management.DevTestLabs\tests\Tests\BasicTests.cs(16,10): error CS0518: Predefined type 'System.Object' is not defined or imported
C:\gh\azure-sdk-for-net\sdk\devtestlabs\Microsoft.Azure.Management.DevTestLabs\tests\Tests\BasicTests.cs(16,10): error CS0246: The type or namespace name 'FactAttribute' could not be found (are you missing a using directive or an assembly reference?)
C:\gh\azure-sdk-for-net\sdk\devtestlabs\Microsoft.Azure.Management.DevTestLabs\tests\Tests\BasicTests.cs(16,10): error CS0246: The type or namespace name 'Fact' could not be found (are you missing a using directive or an assembly reference?)
C:\gh\azure-sdk-for-net\sdk\devtestlabs\Microsoft.Azure.Management.DevTestLabs\tests\Tests\DevTestLabsTestBase.cs(25,16): error CS0518: Predefined type 'System.String' is not defined or imported
C:\gh\azure-sdk-for-net\sdk\devtestlabs\Microsoft.Azure.Management.DevTestLabs\tests\Helpers\RecordedDelegatingHandler.cs(27,57): error CS0518: Predefined type 'System.Void' is not defined or imported
C:\gh\azure-sdk-for-net\sdk\devtestlabs\Microsoft.Azure.Management.DevTestLabs\tests\Helpers\RecordedDelegatingHandler.cs(29,38): error CS0518: Predefined type 'System.Void' is not defined or imported
C:\gh\azure-sdk-for-net\sdk\devtestlabs\Microsoft.Azure.Management.DevTestLabs\tests\Helpers\RecordedDelegatingHandler.cs(31,57): error CS0518: Predefined type 'System.Void' is not defined or imported
C:\gh\azure-sdk-for-net\sdk\devtestlabs\Microsoft.Azure.Management.DevTestLabs\tests\Helpers\RecordedDelegatingHandler.cs(33,57): error CS0518: Predefined type 'System.Void' is not defined or imported
C:\gh\azure-sdk-for-net\sdk\devtestlabs\Microsoft.Azure.Management.DevTestLabs\tests\Helpers\RecordedDelegatingHandler.cs(35,41): error CS0518: Predefined type 'System.Void' is not defined or imported
C:\gh\azure-sdk-for-net\sdk\devtestlabs\Microsoft.Azure.Management.DevTestLabs\tests\Helpers\RecordedDelegatingHandler.cs(37,31): error CS0518: Predefined type 'System.Void' is not defined or imported
C:\gh\azure-sdk-for-net\sdk\devtestlabs\Microsoft.Azure.Management.DevTestLabs\tests\Helpers\RecordedDelegatingHandler.cs(39,42): error CS0518: Predefined type 'System.Void' is not defined or imported
C:\gh\azure-sdk-for-net\sdk\devtestlabs\Microsoft.Azure.Management.DevTestLabs\tests\Helpers\RecordedDelegatingHandler.cs(27,16): error CS0518: Predefined type 'System.Object' is not defined or imported
C:\gh\azure-sdk-for-net\sdk\devtestlabs\Microsoft.Azure.Management.DevTestLabs\tests\Helpers\RecordedDelegatingHandler.cs(27,16): error CS0246: The type or namespace name 'HttpStatusCode' could not be found (are you missing a using directive or an assembly reference?)
C:\gh\azure-sdk-for-net\sdk\devtestlabs\Microsoft.Azure.Management.DevTestLabs\tests\Helpers\RecordedDelegatingHandler.cs(29,16): error CS0518: Predefined type 'System.String' is not defined or imported
C:\gh\azure-sdk-for-net\sdk\devtestlabs\Microsoft.Azure.Management.DevTestLabs\tests\Helpers\RecordedDelegatingHandler.cs(31,16): error CS0518: Predefined type 'System.Object' is not defined or imported
C:\gh\azure-sdk-for-net\sdk\devtestlabs\Microsoft.Azure.Management.DevTestLabs\tests\Helpers\RecordedDelegatingHandler.cs(31,16): error CS0246: The type or namespace name 'HttpRequestHeaders' could not be found (are you missing a using directive or an assembly reference?)
C:\gh\azure-sdk-for-net\sdk\devtestlabs\Microsoft.Azure.Management.DevTestLabs\tests\Helpers\RecordedDelegatingHandler.cs(33,16): error CS0518: Predefined type 'System.Object' is not defined or imported
C:\gh\azure-sdk-for-net\sdk\devtestlabs\Microsoft.Azure.Management.DevTestLabs\tests\Helpers\RecordedDelegatingHandler.cs(33,16): error CS0246: The type or namespace name 'HttpContentHeaders' could not be found (are you missing a using directive or an assembly reference?)
C:\gh\azure-sdk-for-net\sdk\devtestlabs\Microsoft.Azure.Management.DevTestLabs\tests\Helpers\RecordedDelegatingHandler.cs(35,16): error CS0518: Predefined type 'System.Object' is not defined or imported
C:\gh\azure-sdk-for-net\sdk\devtestlabs\Microsoft.Azure.Management.DevTestLabs\tests\Helpers\RecordedDelegatingHandler.cs(35,16): error CS0246: The type or namespace name 'HttpMethod' could not be found (are you missing a using directive or an assembly reference?)
C:\gh\azure-sdk-for-net\sdk\devtestlabs\Microsoft.Azure.Management.DevTestLabs\tests\Helpers\RecordedDelegatingHandler.cs(37,16): error CS0518: Predefined type 'System.Object' is not defined or imported
C:\gh\azure-sdk-for-net\sdk\devtestlabs\Microsoft.Azure.Management.DevTestLabs\tests\Helpers\RecordedDelegatingHandler.cs(37,16): error CS0246: The type or namespace name 'Uri' could not be found (are you missing a using directive or an assembly reference?)
C:\gh\azure-sdk-for-net\sdk\devtestlabs\Microsoft.Azure.Management.DevTestLabs\tests\Helpers\RecordedDelegatingHandler.cs(39,16): error CS0518: Predefined type 'System.Boolean' is not defined or imported
C:\gh\azure-sdk-for-net\sdk\devtestlabs\Microsoft.Azure.Management.DevTestLabs\tests\Tests\DevTestLabsTestBase.cs(16,16): error CS1729: 'object' does not contain a constructor that takes 0 arguments
C:\gh\azure-sdk-for-net\sdk\devtestlabs\Microsoft.Azure.Management.DevTestLabs\tests\Helpers\RecordedDelegatingHandler.cs(18,34): error CS0518: Predefined type 'System.Object' is not defined or imported
C:\gh\azure-sdk-for-net\sdk\devtestlabs\Microsoft.Azure.Management.DevTestLabs\tests\Helpers\RecordedDelegatingHandler.cs(18,34): error CS0103: The name 'HttpStatusCode' does not exist in the current context
C:\gh\azure-sdk-for-net\sdk\devtestlabs\Microsoft.Azure.Management.DevTestLabs\tests\Tests\DevTestLabsTestBase.cs(20,16): error CS1729: 'object' does not contain a constructor that takes 0 arguments
C:\gh\azure-sdk-for-net\sdk\devtestlabs\Microsoft.Azure.Management.DevTestLabs\tests\Helpers\RecordedDelegatingHandler.cs(23,34): error CS0518: Predefined type 'System.Object' is not defined or imported
C:\gh\azure-sdk-for-net\sdk\devtestlabs\Microsoft.Azure.Management.DevTestLabs\tests\Helpers\RecordedDelegatingHandler.cs(23,34): error CS0103: The name 'HttpStatusCode' does not exist in the current context
C:\gh\azure-sdk-for-net\sdk\devtestlabs\Microsoft.Azure.Management.DevTestLabs\tests\Tests\DevTestLabsTestBase.cs(34,13): error CS0518: Predefined type 'System.Object' is not defined or imported
C:\gh\azure-sdk-for-net\sdk\devtestlabs\Microsoft.Azure.Management.DevTestLabs\tests\Tests\DevTestLabsTestBase.cs(34,13): error CS0103: The name 'SynchronizationContext' does not exist in the current context
C:\gh\azure-sdk-for-net\sdk\devtestlabs\Microsoft.Azure.Management.DevTestLabs\tests\Tests\DevTestLabsTestBase.cs(34,66): error CS0518: Predefined type 'System.Object' is not defined or imported
C:\gh\azure-sdk-for-net\sdk\devtestlabs\Microsoft.Azure.Management.DevTestLabs\tests\Tests\DevTestLabsTestBase.cs(34,66): error CS0246: The type or namespace name 'SynchronizationContext' could not be found (are you missing a using directive or an assembly reference?)
C:\gh\azure-sdk-for-net\sdk\devtestlabs\Microsoft.Azure.Management.DevTestLabs\tests\Tests\DevTestLabsTestBase.cs(35,13): error CS0518: Predefined type 'System.Object' is not defined or imported
C:\gh\azure-sdk-for-net\sdk\devtestlabs\Microsoft.Azure.Management.DevTestLabs\tests\Tests\DevTestLabsTestBase.cs(35,46): error CS0518: Predefined type 'System.Object' is not defined or imported
C:\gh\azure-sdk-for-net\sdk\devtestlabs\Microsoft.Azure.Management.DevTestLabs\tests\Tests\DevTestLabsTestBase.cs(36,17): error CS0518: Predefined type 'System.Object' is not defined or imported
C:\gh\azure-sdk-for-net\sdk\devtestlabs\Microsoft.Azure.Management.DevTestLabs\tests\Tests\DevTestLabsTestBase.cs(36,17): error CS0103: The name 'HttpMockServer' does not exist in the current context
C:\gh\azure-sdk-for-net\sdk\devtestlabs\Microsoft.Azure.Management.DevTestLabs\tests\Tests\DevTestLabsTestBase.cs(36,40): error CS0518: Predefined type 'System.Object' is not defined or imported
C:\gh\azure-sdk-for-net\sdk\devtestlabs\Microsoft.Azure.Management.DevTestLabs\tests\Tests\DevTestLabsTestBase.cs(36,40): error CS0103: The name 'HttpRecorderMode' does not exist in the current context
C:\gh\azure-sdk-for-net\sdk\devtestlabs\Microsoft.Azure.Management.DevTestLabs\tests\Tests\DevTestLabsTestBase.cs(36,17): error CS0518: Predefined type 'System.Boolean' is not defined or imported
C:\gh\azure-sdk-for-net\sdk\devtestlabs\Microsoft.Azure.Management.DevTestLabs\tests\Tests\DevTestLabsTestBase.cs(36,17): error CS0518: Predefined type 'System.Boolean' is not defined or imported
C:\gh\azure-sdk-for-net\sdk\devtestlabs\Microsoft.Azure.Management.DevTestLabs\tests\Tests\DevTestLabsTestBase.cs(38,35): error CS0518: Predefined type 'System.Object' is not defined or imported
C:\gh\azure-sdk-for-net\sdk\devtestlabs\Microsoft.Azure.Management.DevTestLabs\tests\Tests\DevTestLabsTestBase.cs(38,35): error CS0103: The name 'TestEnvironmentFactory' does not exist in the current context
C:\gh\azure-sdk-for-net\sdk\devtestlabs\Microsoft.Azure.Management.DevTestLabs\tests\Tests\DevTestLabsTestBase.cs(41,17): error CS0518: Predefined type 'System.Object' is not defined or imported
C:\gh\azure-sdk-for-net\sdk\devtestlabs\Microsoft.Azure.Management.DevTestLabs\tests\Tests\DevTestLabsTestBase.cs(41,17): error CS0103: The name 'HttpMockServer' does not exist in the current context
C:\gh\azure-sdk-for-net\sdk\devtestlabs\Microsoft.Azure.Management.DevTestLabs\tests\Tests\DevTestLabsTestBase.cs(43,22): error CS0518: Predefined type 'System.Object' is not defined or imported
C:\gh\azure-sdk-for-net\sdk\devtestlabs\Microsoft.Azure.Management.DevTestLabs\tests\Tests\DevTestLabsTestBase.cs(43,22): error CS0103: The name 'HttpMockServer' does not exist in the current context
C:\gh\azure-sdk-for-net\sdk\devtestlabs\Microsoft.Azure.Management.DevTestLabs\tests\Tests\DevTestLabsTestBase.cs(43,45): error CS0518: Predefined type 'System.Object' is not defined or imported
C:\gh\azure-sdk-for-net\sdk\devtestlabs\Microsoft.Azure.Management.DevTestLabs\tests\Tests\DevTestLabsTestBase.cs(43,45): error CS0103: The name 'HttpRecorderMode' does not exist in the current context
C:\gh\azure-sdk-for-net\sdk\devtestlabs\Microsoft.Azure.Management.DevTestLabs\tests\Tests\DevTestLabsTestBase.cs(43,22): error CS0518: Predefined type 'System.Boolean' is not defined or imported
C:\gh\azure-sdk-for-net\sdk\devtestlabs\Microsoft.Azure.Management.DevTestLabs\tests\Tests\DevTestLabsTestBase.cs(43,22): error CS0518: Predefined type 'System.Boolean' is not defined or imported
C:\gh\azure-sdk-for-net\sdk\devtestlabs\Microsoft.Azure.Management.DevTestLabs\tests\Tests\DevTestLabsTestBase.cs(45,41): error CS0518: Predefined type 'System.Object' is not defined or imported
C:\gh\azure-sdk-for-net\sdk\devtestlabs\Microsoft.Azure.Management.DevTestLabs\tests\Tests\DevTestLabsTestBase.cs(45,41): error CS0103: The name 'HttpMockServer' does not exist in the current context
C:\gh\azure-sdk-for-net\sdk\devtestlabs\Microsoft.Azure.Management.DevTestLabs\tests\Tests\DevTestLabsTestBase.cs(52,17): error CS0518: Predefined type 'System.Boolean' is not defined or imported
C:\gh\azure-sdk-for-net\sdk\devtestlabs\Microsoft.Azure.Management.DevTestLabs\tests\Tests\DevTestLabsTestBase.cs(54,41): error CS0518: Predefined type 'System.Boolean' is not defined or imported
C:\gh\azure-sdk-for-net\sdk\devtestlabs\Microsoft.Azure.Management.DevTestLabs\tests\Tests\DevTestLabsTestBase.cs(56,26): error CS0518: Predefined type 'System.Boolean' is not defined or imported
C:\gh\azure-sdk-for-net\sdk\devtestlabs\Microsoft.Azure.Management.DevTestLabs\tests\Tests\DevTestLabsTestBase.cs(57,42): error CS0518: Predefined type 'System.Object' is not defined or imported
C:\gh\azure-sdk-for-net\sdk\devtestlabs\Microsoft.Azure.Management.DevTestLabs\tests\Tests\DevTestLabsTestBase.cs(58,42): error CS0518: Predefined type 'System.Object' is not defined or imported
C:\gh\azure-sdk-for-net\sdk\devtestlabs\Microsoft.Azure.Management.DevTestLabs\tests\Tests\DevTestLabsTestBase.cs(60,37): error CS0518: Predefined type 'System.Object' is not defined or imported
C:\gh\azure-sdk-for-net\sdk\devtestlabs\Microsoft.Azure.Management.DevTestLabs\tests\Helpers\RecordedDelegatingHandler.cs(44,17): error CS0518: Predefined type 'System.Boolean' is not defined or imported
C:\gh\azure-sdk-for-net\sdk\devtestlabs\Microsoft.Azure.Management.DevTestLabs\tests\Helpers\RecordedDelegatingHandler.cs(44,17): error CS0518: Predefined type 'System.Boolean' is not defined or imported
C:\gh\azure-sdk-for-net\sdk\devtestlabs\Microsoft.Azure.Management.DevTestLabs\tests\Helpers\RecordedDelegatingHandler.cs(46,27): error CS0518: Predefined type 'System.String' is not defined or imported
C:\gh\azure-sdk-for-net\sdk\devtestlabs\Microsoft.Azure.Management.DevTestLabs\tests\Helpers\RecordedDelegatingHandler.cs(53,17): error CS0518: Predefined type 'System.Boolean' is not defined or imported
C:\gh\azure-sdk-for-net\sdk\devtestlabs\Microsoft.Azure.Management.DevTestLabs\tests\Helpers\RecordedDelegatingHandler.cs(53,17): error CS0518: Predefined type 'System.Boolean' is not defined or imported
C:\gh\azure-sdk-for-net\sdk\devtestlabs\Microsoft.Azure.Management.DevTestLabs\tests\Helpers\RecordedDelegatingHandler.cs(61,17): error CS0518: Predefined type 'System.Boolean' is not defined or imported
C:\gh\azure-sdk-for-net\sdk\devtestlabs\Microsoft.Azure.Management.DevTestLabs\tests\Helpers\RecordedDelegatingHandler.cs(67,21): error CS0518: Predefined type 'System.Boolean' is not defined or imported
C:\gh\azure-sdk-for-net\sdk\devtestlabs\Microsoft.Azure.Management.DevTestLabs\tests\Helpers\RecordedDelegatingHandler.cs(67,21): error CS0518: Predefined type 'System.Boolean' is not defined or imported
C:\gh\azure-sdk-for-net\sdk\devtestlabs\Microsoft.Azure.Management.DevTestLabs\tests\Helpers\RecordedDelegatingHandler.cs(73,21): error CS0518: Predefined type 'System.Object' is not defined or imported
C:\gh\azure-sdk-for-net\sdk\devtestlabs\Microsoft.Azure.Management.DevTestLabs\tests\Helpers\RecordedDelegatingHandler.cs(73,21): error CS0246: The type or namespace name 'HttpResponseMessage' could not be found (are you missing a using directive or an assembly reference?)
C:\gh\azure-sdk-for-net\sdk\devtestlabs\Microsoft.Azure.Management.DevTestLabs\tests\Helpers\RecordedDelegatingHandler.cs(73,56): error CS0518: Predefined type 'System.Object' is not defined or imported
C:\gh\azure-sdk-for-net\sdk\devtestlabs\Microsoft.Azure.Management.DevTestLabs\tests\Helpers\RecordedDelegatingHandler.cs(73,56): error CS0246: The type or namespace name 'HttpResponseMessage' could not be found (are you missing a using directive or an assembly reference?)
C:\gh\azure-sdk-for-net\sdk\devtestlabs\Microsoft.Azure.Management.DevTestLabs\tests\Helpers\RecordedDelegatingHandler.cs(74,44): error CS0518: Predefined type 'System.Object' is not defined or imported
C:\gh\azure-sdk-for-net\sdk\devtestlabs\Microsoft.Azure.Management.DevTestLabs\tests\Helpers\RecordedDelegatingHandler.cs(74,44): error CS0246: The type or namespace name 'StringContent' could not be found (are you missing a using directive or an assembly reference?)
C:\gh\azure-sdk-for-net\sdk\devtestlabs\Microsoft.Azure.Management.DevTestLabs\tests\Helpers\RecordedDelegatingHandler.cs(74,58): error CS0518: Predefined type 'System.String' is not defined or imported
C:\gh\azure-sdk-for-net\sdk\devtestlabs\Microsoft.Azure.Management.DevTestLabs\tests\Tests\BasicTests.cs(19,13): error CS0518: Predefined type 'System.IDisposable' is not defined or imported
C:\gh\azure-sdk-for-net\sdk\devtestlabs\Microsoft.Azure.Management.DevTestLabs\tests\Tests\BasicTests.cs(19,20): error CS0518: Predefined type 'System.Object' is not defined or imported
C:\gh\azure-sdk-for-net\sdk\devtestlabs\Microsoft.Azure.Management.DevTestLabs\tests\Tests\BasicTests.cs(19,20): error CS0246: The type or namespace name 'MockContext' could not be found (are you missing a using directive or an assembly reference?)
C:\gh\azure-sdk-for-net\sdk\devtestlabs\Microsoft.Azure.Management.DevTestLabs\tests\Tests\BasicTests.cs(19,42): error CS0518: Predefined type 'System.Object' is not defined or imported
C:\gh\azure-sdk-for-net\sdk\devtestlabs\Microsoft.Azure.Management.DevTestLabs\tests\Tests\BasicTests.cs(19,42): error CS0103: The name 'MockContext' does not exist in the current context
C:\gh\azure-sdk-for-net\sdk\devtestlabs\Microsoft.Azure.Management.DevTestLabs\tests\Tests\BasicTests.cs(19,65): error CS0518: Predefined type 'System.Object' is not defined or imported
C:\gh\azure-sdk-for-net\sdk\devtestlabs\Microsoft.Azure.Management.DevTestLabs\tests\Tests\BasicTests.cs(19,65): error CS1061: 'LabTests' does not contain a definition for 'GetType' and no accessible extension method 'GetType' accepting a first argument of type 'LabTests' could be found (are you missing a using directive or an assembly reference?)
C:\gh\azure-sdk-for-net\sdk\devtestlabs\Microsoft.Azure.Management.DevTestLabs\tests\Tests\BasicTests.cs(21,30): error CS0518: Predefined type 'System.Object' is not defined or imported
C:\gh\azure-sdk-for-net\sdk\devtestlabs\Microsoft.Azure.Management.DevTestLabs\tests\Tests\BasicTests.cs(23,28): error CS0246: The type or namespace name 'IPage<>' could not be found (are you missing a using directive or an assembly reference?)
C:\gh\azure-sdk-for-net\sdk\devtestlabs\Microsoft.Azure.Management.DevTestLabs\tests\Tests\BasicTests.cs(24,17): error CS0518: Predefined type 'System.Object' is not defined or imported
C:\gh\azure-sdk-for-net\sdk\devtestlabs\Microsoft.Azure.Management.DevTestLabs\tests\Tests\BasicTests.cs(24,17): error CS0103: The name 'Assert' does not exist in the current context
C:\gh\azure-sdk-for-net\sdk\devtestlabs\Microsoft.Azure.Management.DevTestLabs\tests\Tests\BasicTests.cs(11,18): error CS0518: Predefined type 'System.Void' is not defined or imported
C:\gh\azure-sdk-for-net\sdk\devtestlabs\Microsoft.Azure.Management.DevTestLabs\tests\Tests\DevTestLabsTestBase.cs(67,27): error CS0518: Predefined type 'System.Object' is not defined or imported
C:\gh\azure-sdk-for-net\sdk\devtestlabs\Microsoft.Azure.Management.DevTestLabs\tests\Tests\DevTestLabsTestBase.cs(67,27): error CS0518: Predefined type 'System.Void' is not defined or imported
C:\gh\azure-sdk-for-net\sdk\devtestlabs\Microsoft.Azure.Management.DevTestLabs\tests\Tests\DevTestLabsTestBase.cs(69,17): error CS0518: Predefined type 'System.String' is not defined or imported
C:\gh\azure-sdk-for-net\sdk\devtestlabs\Microsoft.Azure.Management.DevTestLabs\tests\Tests\DevTestLabsTestBase.cs(69,28): error CS0518: Predefined type 'System.String' is not defined or imported
C:\gh\azure-sdk-for-net\artifacts\obj\Microsoft.Azure.Management.DevTestLabs.Tests\Debug\netcoreapp2.0\Microsoft.Azure.Management.DevTestLabs.Tests.AssemblyInfo.cs(11,1): hidden CS8019: Unnecessary using directive.
C:\gh\azure-sdk-for-net\sdk\devtestlabs\Microsoft.Azure.Management.DevTestLabs\tests\Helpers\RecordedDelegatingHandler.cs(8,1): hidden CS8019: Unnecessary using directive.
C:\gh\azure-sdk-for-net\sdk\devtestlabs\Microsoft.Azure.Management.DevTestLabs\tests\Tests\DevTestLabsTestBase.cs(8,1): hidden CS8019: Unnecessary using directive.
C:\gh\azure-sdk-for-net\sdk\devtestlabs\Microsoft.Azure.Management.DevTestLabs\tests\Helpers\RecordedDelegatingHandler.cs(6,1): hidden CS8019: Unnecessary using directive.
C:\gh\azure-sdk-for-net\artifacts\obj\Microsoft.Azure.Management.DevTestLabs.Tests\Debug\netcoreapp2.0\.NETCoreApp,Version=v2.0.AssemblyAttributes.cs(2,1): hidden CS8019: Unnecessary using directive.
C:\gh\azure-sdk-for-net\sdk\devtestlabs\Microsoft.Azure.Management.DevTestLabs\tests\Tests\BasicTests.cs(6,1): hidden CS8019: Unnecessary using directive.
C:\gh\azure-sdk-for-net\artifacts\obj\Microsoft.Azure.Management.DevTestLabs.Tests\Debug\netcoreapp2.0\Microsoft.Azure.Management.DevTestLabs.Tests.AssemblyInfo.cs(12,1): hidden CS8019: Unnecessary using directive.
C:\gh\azure-sdk-for-net\sdk\devtestlabs\Microsoft.Azure.Management.DevTestLabs\tests\Helpers\RecordedDelegatingHandler.cs(4,1): hidden CS8019: Unnecessary using directive.
C:\gh\azure-sdk-for-net\eng\mgmt\DisableTestRunParallel.cs(4,1): hidden CS8019: Unnecessary using directive.
C:\gh\azure-sdk-for-net\sdk\devtestlabs\Microsoft.Azure.Management.DevTestLabs\tests\Tests\DevTestLabsTestBase.cs(7,1): hidden CS8019: Unnecessary using directive.
C:\gh\azure-sdk-for-net\sdk\devtestlabs\Microsoft.Azure.Management.DevTestLabs\tests\Tests\DevTestLabsTestBase.cs(9,1): hidden CS8019: Unnecessary using directive.
C:\gh\azure-sdk-for-net\artifacts\obj\Microsoft.Azure.Management.DevTestLabs.Tests\Debug\netcoreapp2.0\.NETCoreApp,Version=v2.0.AssemblyAttributes.cs(3,1): hidden CS8019: Unnecessary using directive.
C:\gh\azure-sdk-for-net\sdk\devtestlabs\Microsoft.Azure.Management.DevTestLabs\tests\Tests\BasicTests.cs(5,1): hidden CS8019: Unnecessary using directive.
C:\gh\azure-sdk-for-net\sdk\devtestlabs\Microsoft.Azure.Management.DevTestLabs\tests\Helpers\RecordedDelegatingHandler.cs(5,1): hidden CS8019: Unnecessary using directive.
C:\gh\azure-sdk-for-net\eng\mgmt\DisableTestRunParallel.cs(5,1): hidden CS8019: Unnecessary using directive.
C:\gh\azure-sdk-for-net\sdk\devtestlabs\Microsoft.Azure.Management.DevTestLabs\tests\Tests\BasicTests.cs(7,1): hidden CS8019: Unnecessary using directive.
C:\gh\azure-sdk-for-net\sdk\devtestlabs\Microsoft.Azure.Management.DevTestLabs\tests\Tests\DevTestLabsTestBase.cs(10,1): hidden CS8019: Unnecessary using directive.
C:\gh\azure-sdk-for-net\sdk\devtestlabs\Microsoft.Azure.Management.DevTestLabs\tests\Helpers\RecordedDelegatingHandler.cs(7,1): hidden CS8019: Unnecessary using directive.
C:\gh\azure-sdk-for-net\sdk\devtestlabs\Microsoft.Azure.Management.DevTestLabs\tests\Tests\DevTestLabsTestBase.cs(6,1): hidden CS8019: Unnecessary using directive.
C:\gh\azure-sdk-for-net\sdk\devtestlabs\Microsoft.Azure.Management.DevTestLabs\tests\Properties\AssemblyInfo.cs(4,1): hidden CS8019: Unnecessary using directive.
