C:\gh\azure-sdk-for-net\sdk\mgmtcommon\AppAuthentication\Azure.Services.AppAuthentication.TestCommon\MockUtil.cs(7,7): error CS0246: The type or namespace name 'Xunit' could not be found (are you missing a using directive or an assembly reference?)
C:\gh\azure-sdk-for-net\sdk\mgmtcommon\AppAuthentication\Azure.Services.AppAuthentication.TestCommon\Validator.cs(9,7): error CS0246: The type or namespace name 'Xunit' could not be found (are you missing a using directive or an assembly reference?)
C:\gh\azure-sdk-for-net\sdk\mgmtcommon\AppAuthentication\Azure.Services.AppAuthentication.TestCommon\MockUtil.cs(17,17): error CS0103: The name 'Assert' does not exist in the current context
C:\gh\azure-sdk-for-net\sdk\mgmtcommon\AppAuthentication\Azure.Services.AppAuthentication.TestCommon\Validator.cs(84,13): error CS0103: The name 'Assert' does not exist in the current context
C:\gh\azure-sdk-for-net\sdk\mgmtcommon\AppAuthentication\Azure.Services.AppAuthentication.TestCommon\Validator.cs(85,13): error CS0103: The name 'Assert' does not exist in the current context
C:\gh\azure-sdk-for-net\sdk\mgmtcommon\AppAuthentication\Azure.Services.AppAuthentication.TestCommon\Validator.cs(88,13): error CS0103: The name 'Assert' does not exist in the current context
C:\gh\azure-sdk-for-net\sdk\mgmtcommon\AppAuthentication\Azure.Services.AppAuthentication.TestCommon\Validator.cs(89,13): error CS0103: The name 'Assert' does not exist in the current context
C:\gh\azure-sdk-for-net\sdk\mgmtcommon\AppAuthentication\Azure.Services.AppAuthentication.TestCommon\Validator.cs(90,13): error CS0103: The name 'Assert' does not exist in the current context
C:\gh\azure-sdk-for-net\sdk\mgmtcommon\AppAuthentication\Azure.Services.AppAuthentication.TestCommon\Validator.cs(98,17): error CS0103: The name 'Assert' does not exist in the current context
C:\gh\azure-sdk-for-net\sdk\mgmtcommon\AppAuthentication\Azure.Services.AppAuthentication.TestCommon\Validator.cs(99,17): error CS0103: The name 'Assert' does not exist in the current context
C:\gh\azure-sdk-for-net\sdk\mgmtcommon\AppAuthentication\Azure.Services.AppAuthentication.TestCommon\Validator.cs(104,21): error CS0103: The name 'Assert' does not exist in the current context
C:\gh\azure-sdk-for-net\sdk\mgmtcommon\AppAuthentication\Azure.Services.AppAuthentication.TestCommon\Validator.cs(110,17): error CS0103: The name 'Assert' does not exist in the current context
C:\gh\azure-sdk-for-net\sdk\mgmtcommon\AppAuthentication\Azure.Services.AppAuthentication.TestCommon\Validator.cs(111,17): error CS0103: The name 'Assert' does not exist in the current context
C:\gh\azure-sdk-for-net\sdk\mgmtcommon\AppAuthentication\Azure.Services.AppAuthentication.TestCommon\Validator.cs(122,17): error CS0103: The name 'Assert' does not exist in the current context
C:\gh\azure-sdk-for-net\sdk\mgmtcommon\AppAuthentication\Azure.Services.AppAuthentication.TestCommon\Validator.cs(125,13): error CS0103: The name 'Assert' does not exist in the current context
C:\gh\azure-sdk-for-net\artifacts\obj\Microsoft.Azure.Services.AppAuthentication.TestCommon\Debug\net452\.NETFramework,Version=v4.5.2.AssemblyAttributes.cs(3,1): hidden CS8019: Unnecessary using directive.
C:\gh\azure-sdk-for-net\sdk\mgmtcommon\AppAuthentication\Azure.Services.AppAuthentication.TestCommon\MockUtil.cs(7,1): hidden CS8019: Unnecessary using directive.
C:\gh\azure-sdk-for-net\sdk\mgmtcommon\AppAuthentication\Azure.Services.AppAuthentication.TestCommon\MockUtil.cs(5,1): hidden CS8019: Unnecessary using directive.
C:\gh\azure-sdk-for-net\artifacts\obj\Microsoft.Azure.Services.AppAuthentication.TestCommon\Debug\net452\Microsoft.Azure.Services.AppAuthentication.TestCommon.AssemblyInfo.cs(11,1): hidden CS8019: Unnecessary using directive.
C:\gh\azure-sdk-for-net\sdk\mgmtcommon\AppAuthentication\Azure.Services.AppAuthentication.TestCommon\Validator.cs(9,1): hidden CS8019: Unnecessary using directive.
C:\gh\azure-sdk-for-net\artifacts\obj\Microsoft.Azure.Services.AppAuthentication.TestCommon\Debug\net452\Microsoft.Azure.Services.AppAuthentication.TestCommon.AssemblyInfo.cs(12,1): hidden CS8019: Unnecessary using directive.
C:\gh\azure-sdk-for-net\artifacts\obj\Microsoft.Azure.Services.AppAuthentication.TestCommon\Debug\net452\.NETFramework,Version=v4.5.2.AssemblyAttributes.cs(2,1): hidden CS8019: Unnecessary using directive.
C:\gh\azure-sdk-for-net\sdk\mgmtcommon\AppAuthentication\Azure.Services.AppAuthentication.TestCommon\MockUtil.cs(4,1): hidden CS8019: Unnecessary using directive.
