C:\gh\azure-sdk-for-net\sdk\core\Azure.Core.Amqp\tests\AmqpAddressTests.cs(5,7): error CS0246: The type or namespace name 'NUnit' could not be found (are you missing a using directive or an assembly reference?)
C:\gh\azure-sdk-for-net\sdk\core\Azure.Core.Amqp\tests\AmqpAnnotatedMessageTests.cs(8,7): error CS0246: The type or namespace name 'NUnit' could not be found (are you missing a using directive or an assembly reference?)
C:\gh\azure-sdk-for-net\sdk\core\Azure.Core.Amqp\tests\AmqpDataMessageBodyTests.cs(5,7): error CS0246: The type or namespace name 'NUnit' could not be found (are you missing a using directive or an assembly reference?)
C:\gh\azure-sdk-for-net\sdk\core\Azure.Core.Amqp\tests\AmqpMessageIdTests.cs(7,7): error CS0246: The type or namespace name 'NUnit' could not be found (are you missing a using directive or an assembly reference?)
C:\gh\azure-sdk-for-net\sdk\core\Azure.Core.Amqp\tests\AmqpDataMessageBodyTests.cs(11,10): error CS0246: The type or namespace name 'TestAttribute' could not be found (are you missing a using directive or an assembly reference?)
C:\gh\azure-sdk-for-net\sdk\core\Azure.Core.Amqp\tests\AmqpDataMessageBodyTests.cs(11,10): error CS0246: The type or namespace name 'Test' could not be found (are you missing a using directive or an assembly reference?)
C:\gh\azure-sdk-for-net\sdk\core\Azure.Core.Amqp\tests\AmqpAddressTests.cs(11,10): error CS0246: The type or namespace name 'TestAttribute' could not be found (are you missing a using directive or an assembly reference?)
C:\gh\azure-sdk-for-net\sdk\core\Azure.Core.Amqp\tests\AmqpAddressTests.cs(11,10): error CS0246: The type or namespace name 'Test' could not be found (are you missing a using directive or an assembly reference?)
C:\gh\azure-sdk-for-net\sdk\core\Azure.Core.Amqp\tests\AmqpDataMessageBodyTests.cs(20,10): error CS0246: The type or namespace name 'TestAttribute' could not be found (are you missing a using directive or an assembly reference?)
C:\gh\azure-sdk-for-net\sdk\core\Azure.Core.Amqp\tests\AmqpDataMessageBodyTests.cs(20,10): error CS0246: The type or namespace name 'Test' could not be found (are you missing a using directive or an assembly reference?)
C:\gh\azure-sdk-for-net\sdk\core\Azure.Core.Amqp\tests\AmqpAnnotatedMessageTests.cs(14,10): error CS0246: The type or namespace name 'TestAttribute' could not be found (are you missing a using directive or an assembly reference?)
C:\gh\azure-sdk-for-net\sdk\core\Azure.Core.Amqp\tests\AmqpAnnotatedMessageTests.cs(14,10): error CS0246: The type or namespace name 'Test' could not be found (are you missing a using directive or an assembly reference?)
C:\gh\azure-sdk-for-net\sdk\core\Azure.Core.Amqp\tests\AmqpAddressTests.cs(22,10): error CS0246: The type or namespace name 'TestAttribute' could not be found (are you missing a using directive or an assembly reference?)
C:\gh\azure-sdk-for-net\sdk\core\Azure.Core.Amqp\tests\AmqpAddressTests.cs(22,10): error CS0246: The type or namespace name 'Test' could not be found (are you missing a using directive or an assembly reference?)
C:\gh\azure-sdk-for-net\sdk\core\Azure.Core.Amqp\tests\AmqpMessageIdTests.cs(13,10): error CS0246: The type or namespace name 'TestAttribute' could not be found (are you missing a using directive or an assembly reference?)
C:\gh\azure-sdk-for-net\sdk\core\Azure.Core.Amqp\tests\AmqpMessageIdTests.cs(13,10): error CS0246: The type or namespace name 'Test' could not be found (are you missing a using directive or an assembly reference?)
C:\gh\azure-sdk-for-net\sdk\core\Azure.Core.Amqp\tests\AmqpMessageIdTests.cs(31,10): error CS0246: The type or namespace name 'TestAttribute' could not be found (are you missing a using directive or an assembly reference?)
C:\gh\azure-sdk-for-net\sdk\core\Azure.Core.Amqp\tests\AmqpMessageIdTests.cs(31,10): error CS0246: The type or namespace name 'Test' could not be found (are you missing a using directive or an assembly reference?)
C:\gh\azure-sdk-for-net\sdk\core\Azure.Core.Amqp\tests\AmqpDataMessageBodyTests.cs(14,56): error CS0246: The type or namespace name 'ReadOnlyMemory<>' could not be found (are you missing a using directive or an assembly reference?)
C:\gh\azure-sdk-for-net\sdk\core\Azure.Core.Amqp\tests\AmqpDataMessageBodyTests.cs(14,28): error CS0518: Predefined type 'System.Void' is not defined or imported
C:\gh\azure-sdk-for-net\sdk\core\Azure.Core.Amqp\tests\AmqpDataMessageBodyTests.cs(15,13): error CS0103: The name 'Assert' does not exist in the current context
C:\gh\azure-sdk-for-net\sdk\core\Azure.Core.Amqp\tests\AmqpDataMessageBodyTests.cs(16,13): error CS0103: The name 'Assert' does not exist in the current context
C:\gh\azure-sdk-for-net\sdk\core\Azure.Core.Amqp\tests\AmqpDataMessageBodyTests.cs(16,27): error CS0518: Predefined type 'System.Boolean' is not defined or imported
C:\gh\azure-sdk-for-net\sdk\core\Azure.Core.Amqp\tests\AmqpDataMessageBodyTests.cs(17,13): error CS0103: The name 'Assert' does not exist in the current context
C:\gh\azure-sdk-for-net\sdk\core\Azure.Core.Amqp\tests\AmqpDataMessageBodyTests.cs(23,13): error CS0103: The name 'Assert' does not exist in the current context
C:\gh\azure-sdk-for-net\sdk\core\Azure.Core.Amqp\tests\AmqpDataMessageBodyTests.cs(25,17): error CS0103: The name 'Throws' does not exist in the current context
C:\gh\azure-sdk-for-net\sdk\core\Azure.Core.Amqp\tests\AmqpAddressTests.cs(14,31): error CS0518: Predefined type 'System.Void' is not defined or imported
C:\gh\azure-sdk-for-net\sdk\core\Azure.Core.Amqp\tests\AmqpAddressTests.cs(15,13): error CS0103: The name 'Assert' does not exist in the current context
C:\gh\azure-sdk-for-net\sdk\core\Azure.Core.Amqp\tests\AmqpAddressTests.cs(15,40): error CS0518: Predefined type 'System.ValueType' is not defined or imported
C:\gh\azure-sdk-for-net\sdk\core\Azure.Core.Amqp\tests\AmqpAddressTests.cs(15,40): error CS0518: Predefined type 'System.String' is not defined or imported
C:\gh\azure-sdk-for-net\sdk\core\Azure.Core.Amqp\tests\AmqpAddressTests.cs(16,13): error CS0103: The name 'Assert' does not exist in the current context
C:\gh\azure-sdk-for-net\sdk\core\Azure.Core.Amqp\tests\AmqpAddressTests.cs(16,54): error CS0518: Predefined type 'System.ValueType' is not defined or imported
C:\gh\azure-sdk-for-net\sdk\core\Azure.Core.Amqp\tests\AmqpAddressTests.cs(16,54): error CS0518: Predefined type 'System.Int32' is not defined or imported
C:\gh\azure-sdk-for-net\sdk\core\Azure.Core.Amqp\tests\AmqpAddressTests.cs(17,13): error CS0103: The name 'Assert' does not exist in the current context
C:\gh\azure-sdk-for-net\sdk\core\Azure.Core.Amqp\tests\AmqpAddressTests.cs(17,44): error CS0518: Predefined type 'System.Void' is not defined or imported
C:\gh\azure-sdk-for-net\sdk\core\Azure.Core.Amqp\tests\AmqpAddressTests.cs(17,25): error CS0518: Predefined type 'System.ValueType' is not defined or imported
C:\gh\azure-sdk-for-net\sdk\core\Azure.Core.Amqp\tests\AmqpAddressTests.cs(17,25): error CS0518: Predefined type 'System.Boolean' is not defined or imported
C:\gh\azure-sdk-for-net\sdk\core\Azure.Core.Amqp\tests\AmqpAddressTests.cs(18,13): error CS0103: The name 'Assert' does not exist in the current context
C:\gh\azure-sdk-for-net\sdk\core\Azure.Core.Amqp\tests\AmqpAddressTests.cs(18,52): error CS0518: Predefined type 'System.Void' is not defined or imported
C:\gh\azure-sdk-for-net\sdk\core\Azure.Core.Amqp\tests\AmqpAddressTests.cs(18,40): error CS0518: Predefined type 'System.ValueType' is not defined or imported
C:\gh\azure-sdk-for-net\sdk\core\Azure.Core.Amqp\tests\AmqpAddressTests.cs(18,25): error CS0518: Predefined type 'System.ValueType' is not defined or imported
C:\gh\azure-sdk-for-net\sdk\core\Azure.Core.Amqp\tests\AmqpAddressTests.cs(18,25): error CS0518: Predefined type 'System.Boolean' is not defined or imported
C:\gh\azure-sdk-for-net\sdk\core\Azure.Core.Amqp\tests\AmqpAddressTests.cs(19,13): error CS0103: The name 'Assert' does not exist in the current context
C:\gh\azure-sdk-for-net\sdk\core\Azure.Core.Amqp\tests\AmqpAddressTests.cs(19,45): error CS0518: Predefined type 'System.Void' is not defined or imported
C:\gh\azure-sdk-for-net\sdk\core\Azure.Core.Amqp\tests\AmqpAddressTests.cs(19,26): error CS0518: Predefined type 'System.ValueType' is not defined or imported
C:\gh\azure-sdk-for-net\sdk\core\Azure.Core.Amqp\tests\AmqpAddressTests.cs(19,26): error CS0518: Predefined type 'System.Boolean' is not defined or imported
C:\gh\azure-sdk-for-net\sdk\core\Azure.Core.Amqp\tests\AmqpAddressTests.cs(25,13): error CS0103: The name 'Assert' does not exist in the current context
C:\gh\azure-sdk-for-net\sdk\core\Azure.Core.Amqp\tests\AmqpAddressTests.cs(27,17): error CS0103: The name 'Throws' does not exist in the current context
C:\gh\azure-sdk-for-net\sdk\core\Azure.Core.Amqp\tests\AmqpMessageIdTests.cs(16,33): error CS0518: Predefined type 'System.Void' is not defined or imported
C:\gh\azure-sdk-for-net\sdk\core\Azure.Core.Amqp\tests\AmqpMessageIdTests.cs(17,13): error CS0103: The name 'Assert' does not exist in the current context
C:\gh\azure-sdk-for-net\sdk\core\Azure.Core.Amqp\tests\AmqpMessageIdTests.cs(17,42): error CS0518: Predefined type 'System.ValueType' is not defined or imported
C:\gh\azure-sdk-for-net\sdk\core\Azure.Core.Amqp\tests\AmqpMessageIdTests.cs(17,42): error CS0518: Predefined type 'System.String' is not defined or imported
C:\gh\azure-sdk-for-net\sdk\core\Azure.Core.Amqp\tests\AmqpMessageIdTests.cs(19,13): error CS0103: The name 'Assert' does not exist in the current context
C:\gh\azure-sdk-for-net\sdk\core\Azure.Core.Amqp\tests\AmqpMessageIdTests.cs(19,46): error CS0518: Predefined type 'System.Void' is not defined or imported
C:\gh\azure-sdk-for-net\sdk\core\Azure.Core.Amqp\tests\AmqpMessageIdTests.cs(19,25): error CS0518: Predefined type 'System.ValueType' is not defined or imported
C:\gh\azure-sdk-for-net\sdk\core\Azure.Core.Amqp\tests\AmqpMessageIdTests.cs(19,25): error CS0518: Predefined type 'System.Boolean' is not defined or imported
C:\gh\azure-sdk-for-net\sdk\core\Azure.Core.Amqp\tests\AmqpMessageIdTests.cs(20,13): error CS0103: The name 'Assert' does not exist in the current context
C:\gh\azure-sdk-for-net\sdk\core\Azure.Core.Amqp\tests\AmqpMessageIdTests.cs(20,55): error CS0518: Predefined type 'System.Void' is not defined or imported
C:\gh\azure-sdk-for-net\sdk\core\Azure.Core.Amqp\tests\AmqpMessageIdTests.cs(20,42): error CS0518: Predefined type 'System.ValueType' is not defined or imported
C:\gh\azure-sdk-for-net\sdk\core\Azure.Core.Amqp\tests\AmqpMessageIdTests.cs(20,25): error CS0518: Predefined type 'System.ValueType' is not defined or imported
C:\gh\azure-sdk-for-net\sdk\core\Azure.Core.Amqp\tests\AmqpMessageIdTests.cs(20,25): error CS0518: Predefined type 'System.Boolean' is not defined or imported
C:\gh\azure-sdk-for-net\sdk\core\Azure.Core.Amqp\tests\AmqpMessageIdTests.cs(21,13): error CS0103: The name 'Assert' does not exist in the current context
C:\gh\azure-sdk-for-net\sdk\core\Azure.Core.Amqp\tests\AmqpMessageIdTests.cs(21,47): error CS0518: Predefined type 'System.Void' is not defined or imported
C:\gh\azure-sdk-for-net\sdk\core\Azure.Core.Amqp\tests\AmqpMessageIdTests.cs(21,26): error CS0518: Predefined type 'System.ValueType' is not defined or imported
C:\gh\azure-sdk-for-net\sdk\core\Azure.Core.Amqp\tests\AmqpMessageIdTests.cs(21,26): error CS0518: Predefined type 'System.Boolean' is not defined or imported
C:\gh\azure-sdk-for-net\sdk\core\Azure.Core.Amqp\tests\AmqpMessageIdTests.cs(23,13): error CS0103: The name 'Assert' does not exist in the current context
C:\gh\azure-sdk-for-net\sdk\core\Azure.Core.Amqp\tests\AmqpMessageIdTests.cs(23,25): error CS0518: Predefined type 'System.ValueType' is not defined or imported
C:\gh\azure-sdk-for-net\sdk\core\Azure.Core.Amqp\tests\AmqpMessageIdTests.cs(23,25): error CS0518: Predefined type 'System.Boolean' is not defined or imported
C:\gh\azure-sdk-for-net\sdk\core\Azure.Core.Amqp\tests\AmqpMessageIdTests.cs(24,13): error CS0103: The name 'Assert' does not exist in the current context
C:\gh\azure-sdk-for-net\sdk\core\Azure.Core.Amqp\tests\AmqpMessageIdTests.cs(24,26): error CS0518: Predefined type 'System.ValueType' is not defined or imported
C:\gh\azure-sdk-for-net\sdk\core\Azure.Core.Amqp\tests\AmqpMessageIdTests.cs(24,26): error CS0518: Predefined type 'System.Boolean' is not defined or imported
C:\gh\azure-sdk-for-net\sdk\core\Azure.Core.Amqp\tests\AmqpMessageIdTests.cs(25,13): error CS0103: The name 'Assert' does not exist in the current context
C:\gh\azure-sdk-for-net\sdk\core\Azure.Core.Amqp\tests\AmqpMessageIdTests.cs(25,26): error CS0518: Predefined type 'System.ValueType' is not defined or imported
C:\gh\azure-sdk-for-net\sdk\core\Azure.Core.Amqp\tests\AmqpMessageIdTests.cs(25,26): error CS0518: Predefined type 'System.Boolean' is not defined or imported
C:\gh\azure-sdk-for-net\sdk\core\Azure.Core.Amqp\tests\AmqpMessageIdTests.cs(26,13): error CS0103: The name 'Assert' does not exist in the current context
C:\gh\azure-sdk-for-net\sdk\core\Azure.Core.Amqp\tests\AmqpMessageIdTests.cs(26,26): error CS0518: Predefined type 'System.ValueType' is not defined or imported
C:\gh\azure-sdk-for-net\sdk\core\Azure.Core.Amqp\tests\AmqpMessageIdTests.cs(26,26): error CS0518: Predefined type 'System.Boolean' is not defined or imported
C:\gh\azure-sdk-for-net\sdk\core\Azure.Core.Amqp\tests\AmqpMessageIdTests.cs(27,13): error CS0103: The name 'Assert' does not exist in the current context
C:\gh\azure-sdk-for-net\sdk\core\Azure.Core.Amqp\tests\AmqpMessageIdTests.cs(27,26): error CS0518: Predefined type 'System.ValueType' is not defined or imported
C:\gh\azure-sdk-for-net\sdk\core\Azure.Core.Amqp\tests\AmqpMessageIdTests.cs(27,26): error CS0518: Predefined type 'System.Boolean' is not defined or imported
C:\gh\azure-sdk-for-net\sdk\core\Azure.Core.Amqp\tests\AmqpMessageIdTests.cs(28,13): error CS0103: The name 'Assert' does not exist in the current context
C:\gh\azure-sdk-for-net\sdk\core\Azure.Core.Amqp\tests\AmqpMessageIdTests.cs(28,26): error CS0518: Predefined type 'System.ValueType' is not defined or imported
C:\gh\azure-sdk-for-net\sdk\core\Azure.Core.Amqp\tests\AmqpMessageIdTests.cs(28,26): error CS0518: Predefined type 'System.Boolean' is not defined or imported
C:\gh\azure-sdk-for-net\sdk\core\Azure.Core.Amqp\tests\AmqpMessageIdTests.cs(34,13): error CS0103: The name 'Assert' does not exist in the current context
C:\gh\azure-sdk-for-net\sdk\core\Azure.Core.Amqp\tests\AmqpMessageIdTests.cs(36,17): error CS0103: The name 'Throws' does not exist in the current context
C:\gh\azure-sdk-for-net\sdk\core\Azure.Core.Amqp\tests\AmqpAnnotatedMessageTests.cs(17,76): error CS0246: The type or namespace name 'ReadOnlyMemory<>' could not be found (are you missing a using directive or an assembly reference?)
C:\gh\azure-sdk-for-net\sdk\core\Azure.Core.Amqp\tests\AmqpAnnotatedMessageTests.cs(17,56): error CS0518: Predefined type 'System.Void' is not defined or imported
C:\gh\azure-sdk-for-net\sdk\core\Azure.Core.Amqp\tests\AmqpAnnotatedMessageTests.cs(17,31): error CS0518: Predefined type 'System.Void' is not defined or imported
C:\gh\azure-sdk-for-net\sdk\core\Azure.Core.Amqp\tests\AmqpAnnotatedMessageTests.cs(18,21): error CS0246: The type or namespace name 'IDictionary<,>' could not be found (are you missing a using directive or an assembly reference?)
C:\gh\azure-sdk-for-net\sdk\core\Azure.Core.Amqp\tests\AmqpAnnotatedMessageTests.cs(19,21): error CS0246: The type or namespace name 'IDictionary<,>' could not be found (are you missing a using directive or an assembly reference?)
C:\gh\azure-sdk-for-net\sdk\core\Azure.Core.Amqp\tests\AmqpAnnotatedMessageTests.cs(20,21): error CS0246: The type or namespace name 'IDictionary<,>' could not be found (are you missing a using directive or an assembly reference?)
C:\gh\azure-sdk-for-net\sdk\core\Azure.Core.Amqp\tests\AmqpAnnotatedMessageTests.cs(21,21): error CS0246: The type or namespace name 'IDictionary<,>' could not be found (are you missing a using directive or an assembly reference?)
C:\gh\azure-sdk-for-net\sdk\core\Azure.Core.Amqp\tests\AmqpAnnotatedMessageTests.cs(22,28): error CS0518: Predefined type 'System.Nullable`1' is not defined or imported
C:\gh\azure-sdk-for-net\sdk\core\Azure.Core.Amqp\tests\AmqpAnnotatedMessageTests.cs(23,28): error CS0518: Predefined type 'System.Nullable`1' is not defined or imported
C:\gh\azure-sdk-for-net\sdk\core\Azure.Core.Amqp\tests\AmqpAnnotatedMessageTests.cs(24,28): error CS0518: Predefined type 'System.Nullable`1' is not defined or imported
C:\gh\azure-sdk-for-net\sdk\core\Azure.Core.Amqp\tests\AmqpAnnotatedMessageTests.cs(25,28): error CS0518: Predefined type 'System.Nullable`1' is not defined or imported
C:\gh\azure-sdk-for-net\sdk\core\Azure.Core.Amqp\tests\AmqpAnnotatedMessageTests.cs(26,28): error CS0518: Predefined type 'System.Nullable`1' is not defined or imported
C:\gh\azure-sdk-for-net\sdk\core\Azure.Core.Amqp\tests\AmqpAnnotatedMessageTests.cs(28,32): error CS0518: Predefined type 'System.Nullable`1' is not defined or imported
C:\gh\azure-sdk-for-net\sdk\core\Azure.Core.Amqp\tests\AmqpAnnotatedMessageTests.cs(29,32): error CS0518: Predefined type 'System.Nullable`1' is not defined or imported
C:\gh\azure-sdk-for-net\sdk\core\Azure.Core.Amqp\tests\AmqpAnnotatedMessageTests.cs(30,32): error CS0518: Predefined type 'System.Nullable`1' is not defined or imported
C:\gh\azure-sdk-for-net\sdk\core\Azure.Core.Amqp\tests\AmqpAnnotatedMessageTests.cs(31,32): error CS0518: Predefined type 'System.Nullable`1' is not defined or imported
C:\gh\azure-sdk-for-net\sdk\core\Azure.Core.Amqp\tests\AmqpAnnotatedMessageTests.cs(31,52): error CS0518: Predefined type 'System.Void' is not defined or imported
C:\gh\azure-sdk-for-net\sdk\core\Azure.Core.Amqp\tests\AmqpAnnotatedMessageTests.cs(32,32): error CS0518: Predefined type 'System.Nullable`1' is not defined or imported
C:\gh\azure-sdk-for-net\sdk\core\Azure.Core.Amqp\tests\AmqpAnnotatedMessageTests.cs(33,32): error CS0518: Predefined type 'System.Nullable`1' is not defined or imported
C:\gh\azure-sdk-for-net\sdk\core\Azure.Core.Amqp\tests\AmqpAnnotatedMessageTests.cs(34,32): error CS0518: Predefined type 'System.Nullable`1' is not defined or imported
C:\gh\azure-sdk-for-net\sdk\core\Azure.Core.Amqp\tests\AmqpAnnotatedMessageTests.cs(35,32): error CS0518: Predefined type 'System.Nullable`1' is not defined or imported
C:\gh\azure-sdk-for-net\sdk\core\Azure.Core.Amqp\tests\AmqpAnnotatedMessageTests.cs(35,48): error CS0518: Predefined type 'System.Void' is not defined or imported
C:\gh\azure-sdk-for-net\sdk\core\Azure.Core.Amqp\tests\AmqpAnnotatedMessageTests.cs(36,32): error CS0518: Predefined type 'System.Nullable`1' is not defined or imported
C:\gh\azure-sdk-for-net\sdk\core\Azure.Core.Amqp\tests\AmqpAnnotatedMessageTests.cs(36,46): error CS0518: Predefined type 'System.Void' is not defined or imported
C:\gh\azure-sdk-for-net\sdk\core\Azure.Core.Amqp\tests\AmqpAnnotatedMessageTests.cs(37,32): error CS0518: Predefined type 'System.Nullable`1' is not defined or imported
C:\gh\azure-sdk-for-net\sdk\core\Azure.Core.Amqp\tests\AmqpAnnotatedMessageTests.cs(38,32): error CS0518: Predefined type 'System.Nullable`1' is not defined or imported
C:\gh\azure-sdk-for-net\sdk\core\Azure.Core.Amqp\tests\AmqpAnnotatedMessageTests.cs(39,32): error CS0518: Predefined type 'System.Nullable`1' is not defined or imported
C:\gh\azure-sdk-for-net\sdk\core\Azure.Core.Amqp\tests\AmqpAnnotatedMessageTests.cs(39,41): error CS0518: Predefined type 'System.Void' is not defined or imported
C:\gh\azure-sdk-for-net\sdk\core\Azure.Core.Amqp\tests\AmqpAnnotatedMessageTests.cs(40,32): error CS0518: Predefined type 'System.Nullable`1' is not defined or imported
C:\gh\azure-sdk-for-net\sdk\core\Azure.Core.Amqp\tests\AmqpAnnotatedMessageTests.cs(42,13): error CS0103: The name 'Assert' does not exist in the current context
C:\gh\azure-sdk-for-net\sdk\core\Azure.Core.Amqp\tests\AmqpAnnotatedMessageTests.cs(43,13): error CS0103: The name 'Assert' does not exist in the current context
C:\gh\azure-sdk-for-net\sdk\core\Azure.Core.Amqp\tests\AmqpAnnotatedMessageTests.cs(43,67): error CS0246: The type or namespace name 'ReadOnlyMemory<>' could not be found (are you missing a using directive or an assembly reference?)
C:\gh\azure-sdk-for-net\sdk\core\Azure.Core.Amqp\tests\AmqpAnnotatedMessageTests.cs(43,27): error CS0518: Predefined type 'System.Boolean' is not defined or imported
C:\gh\azure-sdk-for-net\sdk\core\Azure.Core.Amqp\tests\AmqpAnnotatedMessageTests.cs(44,13): error CS0103: The name 'Assert' does not exist in the current context
C:\gh\azure-sdk-for-net\sdk\core\Azure.Core.Amqp\tests\AmqpAnnotatedMessageTests.cs(45,13): error CS0103: The name 'Assert' does not exist in the current context
C:\gh\azure-sdk-for-net\sdk\core\Azure.Core.Amqp\tests\AmqpAnnotatedMessageTests.cs(45,57): error CS0246: The type or namespace name 'IDictionary<,>' could not be found (are you missing a using directive or an assembly reference?)
C:\gh\azure-sdk-for-net\sdk\core\Azure.Core.Amqp\tests\AmqpAnnotatedMessageTests.cs(46,13): error CS0103: The name 'Assert' does not exist in the current context
C:\gh\azure-sdk-for-net\sdk\core\Azure.Core.Amqp\tests\AmqpAnnotatedMessageTests.cs(46,54): error CS0246: The type or namespace name 'IDictionary<,>' could not be found (are you missing a using directive or an assembly reference?)
C:\gh\azure-sdk-for-net\sdk\core\Azure.Core.Amqp\tests\AmqpAnnotatedMessageTests.cs(47,13): error CS0103: The name 'Assert' does not exist in the current context
C:\gh\azure-sdk-for-net\sdk\core\Azure.Core.Amqp\tests\AmqpAnnotatedMessageTests.cs(47,53): error CS0246: The type or namespace name 'IDictionary<,>' could not be found (are you missing a using directive or an assembly reference?)
C:\gh\azure-sdk-for-net\sdk\core\Azure.Core.Amqp\tests\AmqpAnnotatedMessageTests.cs(48,13): error CS0103: The name 'Assert' does not exist in the current context
C:\gh\azure-sdk-for-net\sdk\core\Azure.Core.Amqp\tests\AmqpAnnotatedMessageTests.cs(48,52): error CS0246: The type or namespace name 'IDictionary<,>' could not be found (are you missing a using directive or an assembly reference?)
C:\gh\azure-sdk-for-net\sdk\core\Azure.Core.Amqp\tests\AmqpAnnotatedMessageTests.cs(49,13): error CS0103: The name 'Assert' does not exist in the current context
C:\gh\azure-sdk-for-net\sdk\core\Azure.Core.Amqp\tests\AmqpAnnotatedMessageTests.cs(49,47): error CS0518: Predefined type 'System.Nullable`1' is not defined or imported
C:\gh\azure-sdk-for-net\sdk\core\Azure.Core.Amqp\tests\AmqpAnnotatedMessageTests.cs(50,13): error CS0103: The name 'Assert' does not exist in the current context
C:\gh\azure-sdk-for-net\sdk\core\Azure.Core.Amqp\tests\AmqpAnnotatedMessageTests.cs(50,42): error CS0518: Predefined type 'System.Nullable`1' is not defined or imported
C:\gh\azure-sdk-for-net\sdk\core\Azure.Core.Amqp\tests\AmqpAnnotatedMessageTests.cs(51,13): error CS0103: The name 'Assert' does not exist in the current context
C:\gh\azure-sdk-for-net\sdk\core\Azure.Core.Amqp\tests\AmqpAnnotatedMessageTests.cs(51,42): error CS0518: Predefined type 'System.Nullable`1' is not defined or imported
C:\gh\azure-sdk-for-net\sdk\core\Azure.Core.Amqp\tests\AmqpAnnotatedMessageTests.cs(52,13): error CS0103: The name 'Assert' does not exist in the current context
C:\gh\azure-sdk-for-net\sdk\core\Azure.Core.Amqp\tests\AmqpAnnotatedMessageTests.cs(52,47): error CS0518: Predefined type 'System.Nullable`1' is not defined or imported
C:\gh\azure-sdk-for-net\sdk\core\Azure.Core.Amqp\tests\AmqpAnnotatedMessageTests.cs(53,13): error CS0103: The name 'Assert' does not exist in the current context
C:\gh\azure-sdk-for-net\sdk\core\Azure.Core.Amqp\tests\AmqpAnnotatedMessageTests.cs(53,70): error CS0518: Predefined type 'System.Nullable`1' is not defined or imported
C:\gh\azure-sdk-for-net\sdk\core\Azure.Core.Amqp\tests\AmqpAnnotatedMessageTests.cs(54,13): error CS0103: The name 'Assert' does not exist in the current context
C:\gh\azure-sdk-for-net\sdk\core\Azure.Core.Amqp\tests\AmqpAnnotatedMessageTests.cs(54,54): error CS0518: Predefined type 'System.Nullable`1' is not defined or imported
C:\gh\azure-sdk-for-net\sdk\core\Azure.Core.Amqp\tests\AmqpAnnotatedMessageTests.cs(55,13): error CS0103: The name 'Assert' does not exist in the current context
C:\gh\azure-sdk-for-net\sdk\core\Azure.Core.Amqp\tests\AmqpAnnotatedMessageTests.cs(55,60): error CS0518: Predefined type 'System.Nullable`1' is not defined or imported
C:\gh\azure-sdk-for-net\sdk\core\Azure.Core.Amqp\tests\AmqpAnnotatedMessageTests.cs(56,13): error CS0103: The name 'Assert' does not exist in the current context
C:\gh\azure-sdk-for-net\sdk\core\Azure.Core.Amqp\tests\AmqpAnnotatedMessageTests.cs(56,68): error CS0518: Predefined type 'System.Nullable`1' is not defined or imported
C:\gh\azure-sdk-for-net\sdk\core\Azure.Core.Amqp\tests\AmqpAnnotatedMessageTests.cs(57,13): error CS0103: The name 'Assert' does not exist in the current context
C:\gh\azure-sdk-for-net\sdk\core\Azure.Core.Amqp\tests\AmqpAnnotatedMessageTests.cs(57,65): error CS0518: Predefined type 'System.Nullable`1' is not defined or imported
C:\gh\azure-sdk-for-net\sdk\core\Azure.Core.Amqp\tests\AmqpAnnotatedMessageTests.cs(58,13): error CS0103: The name 'Assert' does not exist in the current context
C:\gh\azure-sdk-for-net\sdk\core\Azure.Core.Amqp\tests\AmqpAnnotatedMessageTests.cs(58,54): error CS0518: Predefined type 'System.Nullable`1' is not defined or imported
C:\gh\azure-sdk-for-net\sdk\core\Azure.Core.Amqp\tests\AmqpAnnotatedMessageTests.cs(59,13): error CS0103: The name 'Assert' does not exist in the current context
C:\gh\azure-sdk-for-net\sdk\core\Azure.Core.Amqp\tests\AmqpAnnotatedMessageTests.cs(59,59): error CS0518: Predefined type 'System.Nullable`1' is not defined or imported
C:\gh\azure-sdk-for-net\sdk\core\Azure.Core.Amqp\tests\AmqpAnnotatedMessageTests.cs(60,13): error CS0103: The name 'Assert' does not exist in the current context
C:\gh\azure-sdk-for-net\sdk\core\Azure.Core.Amqp\tests\AmqpAnnotatedMessageTests.cs(60,51): error CS0518: Predefined type 'System.Nullable`1' is not defined or imported
C:\gh\azure-sdk-for-net\sdk\core\Azure.Core.Amqp\tests\AmqpAnnotatedMessageTests.cs(61,13): error CS0103: The name 'Assert' does not exist in the current context
C:\gh\azure-sdk-for-net\sdk\core\Azure.Core.Amqp\tests\AmqpAnnotatedMessageTests.cs(61,61): error CS0518: Predefined type 'System.Nullable`1' is not defined or imported
C:\gh\azure-sdk-for-net\sdk\core\Azure.Core.Amqp\tests\AmqpAnnotatedMessageTests.cs(62,13): error CS0103: The name 'Assert' does not exist in the current context
C:\gh\azure-sdk-for-net\sdk\core\Azure.Core.Amqp\tests\AmqpAnnotatedMessageTests.cs(62,59): error CS0518: Predefined type 'System.Nullable`1' is not defined or imported
C:\gh\azure-sdk-for-net\sdk\core\Azure.Core.Amqp\tests\AmqpAnnotatedMessageTests.cs(63,13): error CS0103: The name 'Assert' does not exist in the current context
C:\gh\azure-sdk-for-net\sdk\core\Azure.Core.Amqp\tests\AmqpAnnotatedMessageTests.cs(63,66): error CS0518: Predefined type 'System.Nullable`1' is not defined or imported
C:\gh\azure-sdk-for-net\sdk\core\Azure.Core.Amqp\tests\AmqpAnnotatedMessageTests.cs(64,13): error CS0103: The name 'Assert' does not exist in the current context
C:\gh\azure-sdk-for-net\sdk\core\Azure.Core.Amqp\tests\AmqpAnnotatedMessageTests.cs(64,59): error CS0518: Predefined type 'System.Nullable`1' is not defined or imported
C:\gh\azure-sdk-for-net\sdk\core\Azure.Core.Amqp\tests\AmqpAnnotatedMessageTests.cs(65,13): error CS0103: The name 'Assert' does not exist in the current context
C:\gh\azure-sdk-for-net\sdk\core\Azure.Core.Amqp\tests\AmqpAnnotatedMessageTests.cs(65,54): error CS0518: Predefined type 'System.Nullable`1' is not defined or imported
C:\gh\azure-sdk-for-net\sdk\core\Azure.Core.Amqp\tests\AmqpAnnotatedMessageTests.cs(66,13): error CS0103: The name 'Assert' does not exist in the current context
C:\gh\azure-sdk-for-net\sdk\core\Azure.Core.Amqp\tests\AmqpAnnotatedMessageTests.cs(66,82): error CS0518: Predefined type 'System.Nullable`1' is not defined or imported
C:\gh\azure-sdk-for-net\artifacts\obj\Azure.Core.Amqp.Tests\Debug\net461\.NETFramework,Version=v4.6.1.AssemblyAttributes.cs(3,1): hidden CS8019: Unnecessary using directive.
C:\gh\azure-sdk-for-net\sdk\core\Azure.Core.Amqp\tests\AmqpAddressTests.cs(5,1): hidden CS8019: Unnecessary using directive.
C:\gh\azure-sdk-for-net\sdk\core\Azure.Core.Amqp\tests\AmqpMessageIdTests.cs(5,1): hidden CS8019: Unnecessary using directive.
C:\gh\azure-sdk-for-net\sdk\core\Azure.Core.Amqp\tests\AmqpMessageIdTests.cs(7,1): hidden CS8019: Unnecessary using directive.
C:\gh\azure-sdk-for-net\sdk\core\Azure.Core.Amqp\tests\AmqpDataMessageBodyTests.cs(5,1): hidden CS8019: Unnecessary using directive.
C:\gh\azure-sdk-for-net\sdk\core\Azure.Core.Amqp\tests\AmqpAnnotatedMessageTests.cs(8,1): hidden CS8019: Unnecessary using directive.
C:\gh\azure-sdk-for-net\artifacts\obj\Azure.Core.Amqp.Tests\Debug\net461\Azure.Core.Amqp.Tests.AssemblyInfo.cs(11,1): hidden CS8019: Unnecessary using directive.
C:\gh\azure-sdk-for-net\artifacts\obj\Azure.Core.Amqp.Tests\Debug\net461\.NETFramework,Version=v4.6.1.AssemblyAttributes.cs(2,1): hidden CS8019: Unnecessary using directive.
C:\gh\azure-sdk-for-net\artifacts\obj\Azure.Core.Amqp.Tests\Debug\net461\Azure.Core.Amqp.Tests.AssemblyInfo.cs(12,1): hidden CS8019: Unnecessary using directive.
