C:\gh\azure-sdk-for-net\sdk\managementpartner\Microsoft.Azure.Management.ManagementPartner\tests\Tests\PartnerTests.cs(17,33): error CS0246: The type or namespace name 'TestBase' could not be found (are you missing a using directive or an assembly reference?)
C:\gh\azure-sdk-for-net\sdk\managementpartner\Microsoft.Azure.Management.ManagementPartner\tests\Tests\PartnerTests.cs(84,24): error CS0518: Predefined type 'System.String' is not defined or imported
C:\gh\azure-sdk-for-net\sdk\managementpartner\Microsoft.Azure.Management.ManagementPartner\tests\Helpers\RecordedDelegatingHandler.cs(16,9): error CS0518: Predefined type 'System.Void' is not defined or imported
C:\gh\azure-sdk-for-net\sdk\managementpartner\Microsoft.Azure.Management.ManagementPartner\tests\Helpers\RecordedDelegatingHandler.cs(12,46): error CS0246: The type or namespace name 'DelegatingHandler' could not be found (are you missing a using directive or an assembly reference?)
C:\gh\azure-sdk-for-net\sdk\managementpartner\Microsoft.Azure.Management.ManagementPartner\tests\Helpers\RecordedDelegatingHandler.cs(22,42): error CS0518: Predefined type 'System.Object' is not defined or imported
C:\gh\azure-sdk-for-net\sdk\managementpartner\Microsoft.Azure.Management.ManagementPartner\tests\Helpers\RecordedDelegatingHandler.cs(22,42): error CS0246: The type or namespace name 'HttpResponseMessage' could not be found (are you missing a using directive or an assembly reference?)
C:\gh\azure-sdk-for-net\sdk\managementpartner\Microsoft.Azure.Management.ManagementPartner\tests\Helpers\RecordedDelegatingHandler.cs(22,9): error CS0518: Predefined type 'System.Void' is not defined or imported
C:\gh\azure-sdk-for-net\sdk\managementpartner\Microsoft.Azure.Management.ManagementPartner\tests\Helpers\RecordedDelegatingHandler.cs(47,70): error CS0518: Predefined type 'System.Object' is not defined or imported
C:\gh\azure-sdk-for-net\sdk\managementpartner\Microsoft.Azure.Management.ManagementPartner\tests\Helpers\RecordedDelegatingHandler.cs(47,70): error CS0246: The type or namespace name 'HttpRequestMessage' could not be found (are you missing a using directive or an assembly reference?)
C:\gh\azure-sdk-for-net\sdk\managementpartner\Microsoft.Azure.Management.ManagementPartner\tests\Helpers\RecordedDelegatingHandler.cs(47,98): error CS0518: Predefined type 'System.Object' is not defined or imported
C:\gh\azure-sdk-for-net\sdk\managementpartner\Microsoft.Azure.Management.ManagementPartner\tests\Helpers\RecordedDelegatingHandler.cs(47,98): error CS0246: The type or namespace name 'System' could not be found (are you missing a using directive or an assembly reference?)
C:\gh\azure-sdk-for-net\sdk\managementpartner\Microsoft.Azure.Management.ManagementPartner\tests\Helpers\RecordedDelegatingHandler.cs(47,34): error CS0518: Predefined type 'System.Object' is not defined or imported
C:\gh\azure-sdk-for-net\sdk\managementpartner\Microsoft.Azure.Management.ManagementPartner\tests\Helpers\RecordedDelegatingHandler.cs(47,34): error CS0246: The type or namespace name 'Task<>' could not be found (are you missing a using directive or an assembly reference?)
C:\gh\azure-sdk-for-net\sdk\managementpartner\Microsoft.Azure.Management.ManagementPartner\tests\Helpers\RecordedDelegatingHandler.cs(47,39): error CS0518: Predefined type 'System.Object' is not defined or imported
C:\gh\azure-sdk-for-net\sdk\managementpartner\Microsoft.Azure.Management.ManagementPartner\tests\Helpers\RecordedDelegatingHandler.cs(47,39): error CS0246: The type or namespace name 'HttpResponseMessage' could not be found (are you missing a using directive or an assembly reference?)
C:\gh\azure-sdk-for-net\sdk\managementpartner\Microsoft.Azure.Management.ManagementPartner\tests\Helpers\RecordedDelegatingHandler.cs(45,17): error CS0518: Predefined type 'System.Int32' is not defined or imported
C:\gh\azure-sdk-for-net\sdk\managementpartner\Microsoft.Azure.Management.ManagementPartner\tests\Helpers\ManagementPartnerTestUtilities.cs(15,110): error CS0518: Predefined type 'System.Object' is not defined or imported
C:\gh\azure-sdk-for-net\sdk\managementpartner\Microsoft.Azure.Management.ManagementPartner\tests\Helpers\ManagementPartnerTestUtilities.cs(15,110): error CS0246: The type or namespace name 'MockContext' could not be found (are you missing a using directive or an assembly reference?)
C:\gh\azure-sdk-for-net\sdk\managementpartner\Microsoft.Azure.Management.ManagementPartner\tests\Helpers\ManagementPartnerTestUtilities.cs(15,131): error CS0518: Predefined type 'System.Object' is not defined or imported
C:\gh\azure-sdk-for-net\sdk\managementpartner\Microsoft.Azure.Management.ManagementPartner\tests\Helpers\ManagementPartnerTestUtilities.cs(15,23): error CS0518: Predefined type 'System.Object' is not defined or imported
C:\gh\azure-sdk-for-net\sdk\managementpartner\Microsoft.Azure.Management.ManagementPartner\tests\Helpers\RecordedDelegatingHandler.cs(14,17): error CS0518: Predefined type 'System.Object' is not defined or imported
C:\gh\azure-sdk-for-net\sdk\managementpartner\Microsoft.Azure.Management.ManagementPartner\tests\Helpers\RecordedDelegatingHandler.cs(14,17): error CS0246: The type or namespace name 'HttpResponseMessage' could not be found (are you missing a using directive or an assembly reference?)
C:\gh\azure-sdk-for-net\sdk\managementpartner\Microsoft.Azure.Management.ManagementPartner\tests\Tests\PartnerTests.cs(73,16): error CS0518: Predefined type 'System.Void' is not defined or imported
C:\gh\azure-sdk-for-net\sdk\managementpartner\Microsoft.Azure.Management.ManagementPartner\tests\Tests\PartnerTests.cs(20,38): error CS0518: Predefined type 'System.Object' is not defined or imported
C:\gh\azure-sdk-for-net\sdk\managementpartner\Microsoft.Azure.Management.ManagementPartner\tests\Tests\PartnerTests.cs(20,17): error CS0518: Predefined type 'System.Void' is not defined or imported
C:\gh\azure-sdk-for-net\sdk\managementpartner\Microsoft.Azure.Management.ManagementPartner\tests\Tests\PartnerTests.cs(59,16): error CS0518: Predefined type 'System.Void' is not defined or imported
C:\gh\azure-sdk-for-net\sdk\managementpartner\Microsoft.Azure.Management.ManagementPartner\tests\Tests\PartnerTests.cs(45,16): error CS0518: Predefined type 'System.Void' is not defined or imported
C:\gh\azure-sdk-for-net\sdk\managementpartner\Microsoft.Azure.Management.ManagementPartner\tests\Tests\PartnerTests.cs(32,16): error CS0518: Predefined type 'System.Void' is not defined or imported
C:\gh\azure-sdk-for-net\eng\mgmt\DisableTestRunParallel.cs(7,12): error CS0246: The type or namespace name 'CollectionBehaviorAttribute' could not be found (are you missing a using directive or an assembly reference?)
C:\gh\azure-sdk-for-net\eng\mgmt\DisableTestRunParallel.cs(7,12): error CS0246: The type or namespace name 'CollectionBehavior' could not be found (are you missing a using directive or an assembly reference?)
C:\gh\azure-sdk-for-net\artifacts\obj\Microsoft.Azure.Management.ManagementPartner.Tests\Debug\netcoreapp2.0\.NETCoreApp,Version=v2.0.AssemblyAttributes.cs(4,20): error CS0400: The type or namespace name 'System' could not be found in the global namespace (are you missing an assembly reference?)
C:\gh\azure-sdk-for-net\artifacts\obj\Microsoft.Azure.Management.ManagementPartner.Tests\Debug\netcoreapp2.0\Microsoft.Azure.Management.ManagementPartner.Tests.AssemblyInfo.cs(14,12): error CS0246: The type or namespace name 'System' could not be found (are you missing a using directive or an assembly reference?)
C:\gh\azure-sdk-for-net\artifacts\obj\Microsoft.Azure.Management.ManagementPartner.Tests\Debug\netcoreapp2.0\Microsoft.Azure.Management.ManagementPartner.Tests.AssemblyInfo.cs(16,12): error CS0246: The type or namespace name 'System' could not be found (are you missing a using directive or an assembly reference?)
C:\gh\azure-sdk-for-net\artifacts\obj\Microsoft.Azure.Management.ManagementPartner.Tests\Debug\netcoreapp2.0\Microsoft.Azure.Management.ManagementPartner.Tests.AssemblyInfo.cs(17,12): error CS0246: The type or namespace name 'System' could not be found (are you missing a using directive or an assembly reference?)
C:\gh\azure-sdk-for-net\eng\mgmt\DisableTestRunParallel.cs(7,31): error CS0246: The type or namespace name 'DisableTestParallelization' could not be found (are you missing a using directive or an assembly reference?)
C:\gh\azure-sdk-for-net\eng\mgmt\DisableTestRunParallel.cs(7,60): error CS0518: Predefined type 'System.Boolean' is not defined or imported
C:\gh\azure-sdk-for-net\eng\mgmt\DisableTestRunParallel.cs(7,66): error CS0246: The type or namespace name 'MaxParallelThreads' could not be found (are you missing a using directive or an assembly reference?)
C:\gh\azure-sdk-for-net\eng\mgmt\DisableTestRunParallel.cs(7,87): error CS0518: Predefined type 'System.Int32' is not defined or imported
C:\gh\azure-sdk-for-net\artifacts\obj\Microsoft.Azure.Management.ManagementPartner.Tests\Debug\netcoreapp2.0\.NETCoreApp,Version=v2.0.AssemblyAttributes.cs(4,71): error CS0518: Predefined type 'System.String' is not defined or imported
C:\gh\azure-sdk-for-net\artifacts\obj\Microsoft.Azure.Management.ManagementPartner.Tests\Debug\netcoreapp2.0\.NETCoreApp,Version=v2.0.AssemblyAttributes.cs(4,99): error CS0246: The type or namespace name 'FrameworkDisplayName' could not be found (are you missing a using directive or an assembly reference?)
C:\gh\azure-sdk-for-net\artifacts\obj\Microsoft.Azure.Management.ManagementPartner.Tests\Debug\netcoreapp2.0\.NETCoreApp,Version=v2.0.AssemblyAttributes.cs(4,122): error CS0518: Predefined type 'System.String' is not defined or imported
C:\gh\azure-sdk-for-net\artifacts\obj\Microsoft.Azure.Management.ManagementPartner.Tests\Debug\netcoreapp2.0\Microsoft.Azure.Management.ManagementPartner.Tests.AssemblyInfo.cs(14,56): error CS0518: Predefined type 'System.String' is not defined or imported
C:\gh\azure-sdk-for-net\artifacts\obj\Microsoft.Azure.Management.ManagementPartner.Tests\Debug\netcoreapp2.0\Microsoft.Azure.Management.ManagementPartner.Tests.AssemblyInfo.cs(14,70): error CS0518: Predefined type 'System.String' is not defined or imported
C:\gh\azure-sdk-for-net\artifacts\obj\Microsoft.Azure.Management.ManagementPartner.Tests\Debug\netcoreapp2.0\Microsoft.Azure.Management.ManagementPartner.Tests.AssemblyInfo.cs(15,5): error CS0518: Predefined type 'System.String' is not defined or imported
C:\gh\azure-sdk-for-net\artifacts\obj\Microsoft.Azure.Management.ManagementPartner.Tests\Debug\netcoreapp2.0\Microsoft.Azure.Management.ManagementPartner.Tests.AssemblyInfo.cs(16,68): error CS0518: Predefined type 'System.String' is not defined or imported
C:\gh\azure-sdk-for-net\artifacts\obj\Microsoft.Azure.Management.ManagementPartner.Tests\Debug\netcoreapp2.0\Microsoft.Azure.Management.ManagementPartner.Tests.AssemblyInfo.cs(17,56): error CS0518: Predefined type 'System.String' is not defined or imported
C:\gh\azure-sdk-for-net\artifacts\obj\Microsoft.Azure.Management.ManagementPartner.Tests\Debug\netcoreapp2.0\Microsoft.Azure.Management.ManagementPartner.Tests.AssemblyInfo.cs(17,73): error CS0518: Predefined type 'System.String' is not defined or imported
C:\gh\azure-sdk-for-net\sdk\managementpartner\Microsoft.Azure.Management.ManagementPartner\tests\Helpers\ManagementPartnerTestUtilities.cs(5,23): error CS0234: The type or namespace name 'Test' does not exist in the namespace 'Microsoft.Azure' (are you missing an assembly reference?)
C:\gh\azure-sdk-for-net\sdk\managementpartner\Microsoft.Azure.Management.ManagementPartner\tests\Helpers\ManagementPartnerTestUtilities.cs(6,17): error CS0234: The type or namespace name 'Rest' does not exist in the namespace 'Microsoft' (are you missing an assembly reference?)
C:\gh\azure-sdk-for-net\sdk\managementpartner\Microsoft.Azure.Management.ManagementPartner\tests\Helpers\ManagementPartnerTestUtilities.cs(7,7): error CS0246: The type or namespace name 'System' could not be found (are you missing a using directive or an assembly reference?)
C:\gh\azure-sdk-for-net\sdk\managementpartner\Microsoft.Azure.Management.ManagementPartner\tests\Helpers\ManagementPartnerTestUtilities.cs(8,7): error CS0246: The type or namespace name 'System' could not be found (are you missing a using directive or an assembly reference?)
C:\gh\azure-sdk-for-net\sdk\managementpartner\Microsoft.Azure.Management.ManagementPartner\tests\Helpers\ManagementPartnerTestUtilities.cs(9,7): error CS0246: The type or namespace name 'System' could not be found (are you missing a using directive or an assembly reference?)
C:\gh\azure-sdk-for-net\sdk\managementpartner\Microsoft.Azure.Management.ManagementPartner\tests\Helpers\RecordedDelegatingHandler.cs(4,7): error CS0246: The type or namespace name 'System' could not be found (are you missing a using directive or an assembly reference?)
C:\gh\azure-sdk-for-net\sdk\managementpartner\Microsoft.Azure.Management.ManagementPartner\tests\Helpers\RecordedDelegatingHandler.cs(5,7): error CS0246: The type or namespace name 'System' could not be found (are you missing a using directive or an assembly reference?)
C:\gh\azure-sdk-for-net\sdk\managementpartner\Microsoft.Azure.Management.ManagementPartner\tests\Helpers\RecordedDelegatingHandler.cs(6,7): error CS0246: The type or namespace name 'System' could not be found (are you missing a using directive or an assembly reference?)
C:\gh\azure-sdk-for-net\sdk\managementpartner\Microsoft.Azure.Management.ManagementPartner\tests\Helpers\RecordedDelegatingHandler.cs(7,7): error CS0246: The type or namespace name 'System' could not be found (are you missing a using directive or an assembly reference?)
C:\gh\azure-sdk-for-net\sdk\managementpartner\Microsoft.Azure.Management.ManagementPartner\tests\Helpers\RecordedDelegatingHandler.cs(8,7): error CS0246: The type or namespace name 'System' could not be found (are you missing a using directive or an assembly reference?)
C:\gh\azure-sdk-for-net\sdk\managementpartner\Microsoft.Azure.Management.ManagementPartner\tests\Tests\PartnerTests.cs(7,34): error CS0234: The type or namespace name 'Resources' does not exist in the namespace 'Microsoft.Azure.Management' (are you missing an assembly reference?)
C:\gh\azure-sdk-for-net\sdk\managementpartner\Microsoft.Azure.Management.ManagementPartner\tests\Tests\PartnerTests.cs(8,23): error CS0234: The type or namespace name 'Test' does not exist in the namespace 'Microsoft.Azure' (are you missing an assembly reference?)
C:\gh\azure-sdk-for-net\sdk\managementpartner\Microsoft.Azure.Management.ManagementPartner\tests\Tests\PartnerTests.cs(9,17): error CS0234: The type or namespace name 'Rest' does not exist in the namespace 'Microsoft' (are you missing an assembly reference?)
C:\gh\azure-sdk-for-net\sdk\managementpartner\Microsoft.Azure.Management.ManagementPartner\tests\Tests\PartnerTests.cs(10,7): error CS0246: The type or namespace name 'System' could not be found (are you missing a using directive or an assembly reference?)
C:\gh\azure-sdk-for-net\sdk\managementpartner\Microsoft.Azure.Management.ManagementPartner\tests\Tests\PartnerTests.cs(11,7): error CS0246: The type or namespace name 'System' could not be found (are you missing a using directive or an assembly reference?)
C:\gh\azure-sdk-for-net\sdk\managementpartner\Microsoft.Azure.Management.ManagementPartner\tests\Tests\PartnerTests.cs(12,7): error CS0246: The type or namespace name 'System' could not be found (are you missing a using directive or an assembly reference?)
C:\gh\azure-sdk-for-net\sdk\managementpartner\Microsoft.Azure.Management.ManagementPartner\tests\Tests\PartnerTests.cs(13,7): error CS0246: The type or namespace name 'Xunit' could not be found (are you missing a using directive or an assembly reference?)
C:\gh\azure-sdk-for-net\eng\mgmt\DisableTestRunParallel.cs(4,7): error CS0246: The type or namespace name 'System' could not be found (are you missing a using directive or an assembly reference?)
C:\gh\azure-sdk-for-net\eng\mgmt\DisableTestRunParallel.cs(5,7): error CS0246: The type or namespace name 'Xunit' could not be found (are you missing a using directive or an assembly reference?)
C:\gh\azure-sdk-for-net\artifacts\obj\Microsoft.Azure.Management.ManagementPartner.Tests\Debug\netcoreapp2.0\.NETCoreApp,Version=v2.0.AssemblyAttributes.cs(2,7): error CS0246: The type or namespace name 'System' could not be found (are you missing a using directive or an assembly reference?)
C:\gh\azure-sdk-for-net\artifacts\obj\Microsoft.Azure.Management.ManagementPartner.Tests\Debug\netcoreapp2.0\.NETCoreApp,Version=v2.0.AssemblyAttributes.cs(3,7): error CS0246: The type or namespace name 'System' could not be found (are you missing a using directive or an assembly reference?)
C:\gh\azure-sdk-for-net\artifacts\obj\Microsoft.Azure.Management.ManagementPartner.Tests\Debug\netcoreapp2.0\Microsoft.Azure.Management.ManagementPartner.Tests.AssemblyInfo.cs(11,7): error CS0246: The type or namespace name 'System' could not be found (are you missing a using directive or an assembly reference?)
C:\gh\azure-sdk-for-net\artifacts\obj\Microsoft.Azure.Management.ManagementPartner.Tests\Debug\netcoreapp2.0\Microsoft.Azure.Management.ManagementPartner.Tests.AssemblyInfo.cs(12,7): error CS0246: The type or namespace name 'System' could not be found (are you missing a using directive or an assembly reference?)
C:\gh\azure-sdk-for-net\sdk\managementpartner\Microsoft.Azure.Management.ManagementPartner\tests\Helpers\ManagementPartnerTestUtilities.cs(13,25): error CS0518: Predefined type 'System.Object' is not defined or imported
C:\gh\azure-sdk-for-net\sdk\managementpartner\Microsoft.Azure.Management.ManagementPartner\tests\Tests\PartnerTests.cs(31,10): error CS0518: Predefined type 'System.Object' is not defined or imported
C:\gh\azure-sdk-for-net\sdk\managementpartner\Microsoft.Azure.Management.ManagementPartner\tests\Tests\PartnerTests.cs(31,10): error CS0246: The type or namespace name 'FactAttribute' could not be found (are you missing a using directive or an assembly reference?)
C:\gh\azure-sdk-for-net\sdk\managementpartner\Microsoft.Azure.Management.ManagementPartner\tests\Tests\PartnerTests.cs(31,10): error CS0246: The type or namespace name 'Fact' could not be found (are you missing a using directive or an assembly reference?)
C:\gh\azure-sdk-for-net\sdk\managementpartner\Microsoft.Azure.Management.ManagementPartner\tests\Tests\PartnerTests.cs(44,10): error CS0518: Predefined type 'System.Object' is not defined or imported
C:\gh\azure-sdk-for-net\sdk\managementpartner\Microsoft.Azure.Management.ManagementPartner\tests\Tests\PartnerTests.cs(44,10): error CS0246: The type or namespace name 'FactAttribute' could not be found (are you missing a using directive or an assembly reference?)
C:\gh\azure-sdk-for-net\sdk\managementpartner\Microsoft.Azure.Management.ManagementPartner\tests\Tests\PartnerTests.cs(44,10): error CS0246: The type or namespace name 'Fact' could not be found (are you missing a using directive or an assembly reference?)
C:\gh\azure-sdk-for-net\sdk\managementpartner\Microsoft.Azure.Management.ManagementPartner\tests\Tests\PartnerTests.cs(58,10): error CS0518: Predefined type 'System.Object' is not defined or imported
C:\gh\azure-sdk-for-net\sdk\managementpartner\Microsoft.Azure.Management.ManagementPartner\tests\Tests\PartnerTests.cs(58,10): error CS0246: The type or namespace name 'FactAttribute' could not be found (are you missing a using directive or an assembly reference?)
C:\gh\azure-sdk-for-net\sdk\managementpartner\Microsoft.Azure.Management.ManagementPartner\tests\Tests\PartnerTests.cs(58,10): error CS0246: The type or namespace name 'Fact' could not be found (are you missing a using directive or an assembly reference?)
C:\gh\azure-sdk-for-net\sdk\managementpartner\Microsoft.Azure.Management.ManagementPartner\tests\Helpers\RecordedDelegatingHandler.cs(29,57): error CS0518: Predefined type 'System.Void' is not defined or imported
C:\gh\azure-sdk-for-net\sdk\managementpartner\Microsoft.Azure.Management.ManagementPartner\tests\Tests\PartnerTests.cs(72,10): error CS0518: Predefined type 'System.Object' is not defined or imported
C:\gh\azure-sdk-for-net\sdk\managementpartner\Microsoft.Azure.Management.ManagementPartner\tests\Tests\PartnerTests.cs(72,10): error CS0246: The type or namespace name 'FactAttribute' could not be found (are you missing a using directive or an assembly reference?)
C:\gh\azure-sdk-for-net\sdk\managementpartner\Microsoft.Azure.Management.ManagementPartner\tests\Tests\PartnerTests.cs(72,10): error CS0246: The type or namespace name 'Fact' could not be found (are you missing a using directive or an assembly reference?)
C:\gh\azure-sdk-for-net\sdk\managementpartner\Microsoft.Azure.Management.ManagementPartner\tests\Helpers\RecordedDelegatingHandler.cs(31,67): error CS0518: Predefined type 'System.Void' is not defined or imported
C:\gh\azure-sdk-for-net\sdk\managementpartner\Microsoft.Azure.Management.ManagementPartner\tests\Helpers\RecordedDelegatingHandler.cs(33,38): error CS0518: Predefined type 'System.Void' is not defined or imported
C:\gh\azure-sdk-for-net\sdk\managementpartner\Microsoft.Azure.Management.ManagementPartner\tests\Helpers\RecordedDelegatingHandler.cs(35,57): error CS0518: Predefined type 'System.Void' is not defined or imported
C:\gh\azure-sdk-for-net\sdk\managementpartner\Microsoft.Azure.Management.ManagementPartner\tests\Helpers\RecordedDelegatingHandler.cs(37,57): error CS0518: Predefined type 'System.Void' is not defined or imported
C:\gh\azure-sdk-for-net\sdk\managementpartner\Microsoft.Azure.Management.ManagementPartner\tests\Helpers\RecordedDelegatingHandler.cs(39,41): error CS0518: Predefined type 'System.Void' is not defined or imported
C:\gh\azure-sdk-for-net\sdk\managementpartner\Microsoft.Azure.Management.ManagementPartner\tests\Helpers\RecordedDelegatingHandler.cs(41,31): error CS0518: Predefined type 'System.Void' is not defined or imported
C:\gh\azure-sdk-for-net\sdk\managementpartner\Microsoft.Azure.Management.ManagementPartner\tests\Helpers\RecordedDelegatingHandler.cs(43,42): error CS0518: Predefined type 'System.Void' is not defined or imported
C:\gh\azure-sdk-for-net\sdk\managementpartner\Microsoft.Azure.Management.ManagementPartner\tests\Helpers\RecordedDelegatingHandler.cs(29,16): error CS0518: Predefined type 'System.Object' is not defined or imported
C:\gh\azure-sdk-for-net\sdk\managementpartner\Microsoft.Azure.Management.ManagementPartner\tests\Helpers\RecordedDelegatingHandler.cs(29,16): error CS0246: The type or namespace name 'HttpStatusCode' could not be found (are you missing a using directive or an assembly reference?)
C:\gh\azure-sdk-for-net\sdk\managementpartner\Microsoft.Azure.Management.ManagementPartner\tests\Helpers\RecordedDelegatingHandler.cs(31,16): error CS0518: Predefined type 'System.Object' is not defined or imported
C:\gh\azure-sdk-for-net\sdk\managementpartner\Microsoft.Azure.Management.ManagementPartner\tests\Helpers\RecordedDelegatingHandler.cs(31,16): error CS0246: The type or namespace name 'HttpStatusCode' could not be found (are you missing a using directive or an assembly reference?)
C:\gh\azure-sdk-for-net\sdk\managementpartner\Microsoft.Azure.Management.ManagementPartner\tests\Helpers\RecordedDelegatingHandler.cs(33,16): error CS0518: Predefined type 'System.String' is not defined or imported
C:\gh\azure-sdk-for-net\sdk\managementpartner\Microsoft.Azure.Management.ManagementPartner\tests\Helpers\RecordedDelegatingHandler.cs(35,16): error CS0518: Predefined type 'System.Object' is not defined or imported
C:\gh\azure-sdk-for-net\sdk\managementpartner\Microsoft.Azure.Management.ManagementPartner\tests\Helpers\RecordedDelegatingHandler.cs(35,16): error CS0246: The type or namespace name 'HttpRequestHeaders' could not be found (are you missing a using directive or an assembly reference?)
C:\gh\azure-sdk-for-net\sdk\managementpartner\Microsoft.Azure.Management.ManagementPartner\tests\Helpers\RecordedDelegatingHandler.cs(37,16): error CS0518: Predefined type 'System.Object' is not defined or imported
C:\gh\azure-sdk-for-net\sdk\managementpartner\Microsoft.Azure.Management.ManagementPartner\tests\Helpers\RecordedDelegatingHandler.cs(37,16): error CS0246: The type or namespace name 'HttpContentHeaders' could not be found (are you missing a using directive or an assembly reference?)
C:\gh\azure-sdk-for-net\sdk\managementpartner\Microsoft.Azure.Management.ManagementPartner\tests\Helpers\RecordedDelegatingHandler.cs(39,16): error CS0518: Predefined type 'System.Object' is not defined or imported
C:\gh\azure-sdk-for-net\sdk\managementpartner\Microsoft.Azure.Management.ManagementPartner\tests\Helpers\RecordedDelegatingHandler.cs(39,16): error CS0246: The type or namespace name 'HttpMethod' could not be found (are you missing a using directive or an assembly reference?)
C:\gh\azure-sdk-for-net\sdk\managementpartner\Microsoft.Azure.Management.ManagementPartner\tests\Helpers\RecordedDelegatingHandler.cs(41,16): error CS0518: Predefined type 'System.Object' is not defined or imported
C:\gh\azure-sdk-for-net\sdk\managementpartner\Microsoft.Azure.Management.ManagementPartner\tests\Helpers\RecordedDelegatingHandler.cs(41,16): error CS0246: The type or namespace name 'Uri' could not be found (are you missing a using directive or an assembly reference?)
C:\gh\azure-sdk-for-net\sdk\managementpartner\Microsoft.Azure.Management.ManagementPartner\tests\Helpers\RecordedDelegatingHandler.cs(43,16): error CS0518: Predefined type 'System.Boolean' is not defined or imported
C:\gh\azure-sdk-for-net\sdk\managementpartner\Microsoft.Azure.Management.ManagementPartner\tests\Helpers\RecordedDelegatingHandler.cs(18,34): error CS0518: Predefined type 'System.Object' is not defined or imported
C:\gh\azure-sdk-for-net\sdk\managementpartner\Microsoft.Azure.Management.ManagementPartner\tests\Helpers\RecordedDelegatingHandler.cs(18,34): error CS0103: The name 'HttpStatusCode' does not exist in the current context
C:\gh\azure-sdk-for-net\sdk\managementpartner\Microsoft.Azure.Management.ManagementPartner\tests\Helpers\RecordedDelegatingHandler.cs(24,34): error CS0518: Predefined type 'System.Object' is not defined or imported
C:\gh\azure-sdk-for-net\sdk\managementpartner\Microsoft.Azure.Management.ManagementPartner\tests\Helpers\RecordedDelegatingHandler.cs(24,34): error CS0103: The name 'HttpStatusCode' does not exist in the current context
C:\gh\azure-sdk-for-net\sdk\managementpartner\Microsoft.Azure.Management.ManagementPartner\tests\Helpers\ManagementPartnerTestUtilities.cs(17,17): error CS0518: Predefined type 'System.Boolean' is not defined or imported
C:\gh\azure-sdk-for-net\sdk\managementpartner\Microsoft.Azure.Management.ManagementPartner\tests\Helpers\ManagementPartnerTestUtilities.cs(19,41): error CS0518: Predefined type 'System.Boolean' is not defined or imported
C:\gh\azure-sdk-for-net\sdk\managementpartner\Microsoft.Azure.Management.ManagementPartner\tests\Helpers\ManagementPartnerTestUtilities.cs(22,51): error CS0518: Predefined type 'System.Object' is not defined or imported
C:\gh\azure-sdk-for-net\sdk\managementpartner\Microsoft.Azure.Management.ManagementPartner\tests\Helpers\ManagementPartnerTestUtilities.cs(23,32): error CS0518: Predefined type 'System.Object' is not defined or imported
C:\gh\azure-sdk-for-net\sdk\managementpartner\Microsoft.Azure.Management.ManagementPartner\tests\Helpers\ManagementPartnerTestUtilities.cs(23,81): error CS0518: Predefined type 'System.Object' is not defined or imported
C:\gh\azure-sdk-for-net\sdk\managementpartner\Microsoft.Azure.Management.ManagementPartner\tests\Helpers\ManagementPartnerTestUtilities.cs(23,81): error CS0103: The name 'HttpStatusCode' does not exist in the current context
C:\gh\azure-sdk-for-net\sdk\managementpartner\Microsoft.Azure.Management.ManagementPartner\tests\Tests\PartnerTests.cs(22,13): error CS0518: Predefined type 'System.Object' is not defined or imported
C:\gh\azure-sdk-for-net\sdk\managementpartner\Microsoft.Azure.Management.ManagementPartner\tests\Tests\PartnerTests.cs(22,13): error CS0103: The name 'Assert' does not exist in the current context
C:\gh\azure-sdk-for-net\sdk\managementpartner\Microsoft.Azure.Management.ManagementPartner\tests\Tests\PartnerTests.cs(23,13): error CS0518: Predefined type 'System.Object' is not defined or imported
C:\gh\azure-sdk-for-net\sdk\managementpartner\Microsoft.Azure.Management.ManagementPartner\tests\Tests\PartnerTests.cs(23,13): error CS0103: The name 'Assert' does not exist in the current context
C:\gh\azure-sdk-for-net\sdk\managementpartner\Microsoft.Azure.Management.ManagementPartner\tests\Tests\PartnerTests.cs(23,44): error CS0518: Predefined type 'System.String' is not defined or imported
C:\gh\azure-sdk-for-net\sdk\managementpartner\Microsoft.Azure.Management.ManagementPartner\tests\Tests\PartnerTests.cs(24,13): error CS0518: Predefined type 'System.Object' is not defined or imported
C:\gh\azure-sdk-for-net\sdk\managementpartner\Microsoft.Azure.Management.ManagementPartner\tests\Tests\PartnerTests.cs(24,13): error CS0103: The name 'Assert' does not exist in the current context
C:\gh\azure-sdk-for-net\sdk\managementpartner\Microsoft.Azure.Management.ManagementPartner\tests\Tests\PartnerTests.cs(24,44): error CS0518: Predefined type 'System.String' is not defined or imported
C:\gh\azure-sdk-for-net\sdk\managementpartner\Microsoft.Azure.Management.ManagementPartner\tests\Tests\PartnerTests.cs(25,13): error CS0518: Predefined type 'System.Object' is not defined or imported
C:\gh\azure-sdk-for-net\sdk\managementpartner\Microsoft.Azure.Management.ManagementPartner\tests\Tests\PartnerTests.cs(25,13): error CS0103: The name 'Assert' does not exist in the current context
C:\gh\azure-sdk-for-net\sdk\managementpartner\Microsoft.Azure.Management.ManagementPartner\tests\Tests\PartnerTests.cs(25,44): error CS0518: Predefined type 'System.Nullable`1' is not defined or imported
C:\gh\azure-sdk-for-net\sdk\managementpartner\Microsoft.Azure.Management.ManagementPartner\tests\Tests\PartnerTests.cs(26,13): error CS0518: Predefined type 'System.Object' is not defined or imported
C:\gh\azure-sdk-for-net\sdk\managementpartner\Microsoft.Azure.Management.ManagementPartner\tests\Tests\PartnerTests.cs(26,13): error CS0103: The name 'Assert' does not exist in the current context
C:\gh\azure-sdk-for-net\sdk\managementpartner\Microsoft.Azure.Management.ManagementPartner\tests\Tests\PartnerTests.cs(26,44): error CS0518: Predefined type 'System.Nullable`1' is not defined or imported
C:\gh\azure-sdk-for-net\sdk\managementpartner\Microsoft.Azure.Management.ManagementPartner\tests\Tests\PartnerTests.cs(27,13): error CS0518: Predefined type 'System.Object' is not defined or imported
C:\gh\azure-sdk-for-net\sdk\managementpartner\Microsoft.Azure.Management.ManagementPartner\tests\Tests\PartnerTests.cs(27,13): error CS0103: The name 'Assert' does not exist in the current context
C:\gh\azure-sdk-for-net\sdk\managementpartner\Microsoft.Azure.Management.ManagementPartner\tests\Tests\PartnerTests.cs(27,44): error CS0518: Predefined type 'System.String' is not defined or imported
C:\gh\azure-sdk-for-net\sdk\managementpartner\Microsoft.Azure.Management.ManagementPartner\tests\Tests\PartnerTests.cs(28,13): error CS0518: Predefined type 'System.Object' is not defined or imported
C:\gh\azure-sdk-for-net\sdk\managementpartner\Microsoft.Azure.Management.ManagementPartner\tests\Tests\PartnerTests.cs(28,13): error CS0103: The name 'Assert' does not exist in the current context
C:\gh\azure-sdk-for-net\sdk\managementpartner\Microsoft.Azure.Management.ManagementPartner\tests\Tests\PartnerTests.cs(28,44): error CS0518: Predefined type 'System.String' is not defined or imported
C:\gh\azure-sdk-for-net\sdk\managementpartner\Microsoft.Azure.Management.ManagementPartner\tests\Helpers\RecordedDelegatingHandler.cs(51,17): error CS0518: Predefined type 'System.Boolean' is not defined or imported
C:\gh\azure-sdk-for-net\sdk\managementpartner\Microsoft.Azure.Management.ManagementPartner\tests\Helpers\RecordedDelegatingHandler.cs(51,17): error CS0518: Predefined type 'System.Boolean' is not defined or imported
C:\gh\azure-sdk-for-net\sdk\managementpartner\Microsoft.Azure.Management.ManagementPartner\tests\Helpers\RecordedDelegatingHandler.cs(53,27): error CS0518: Predefined type 'System.String' is not defined or imported
C:\gh\azure-sdk-for-net\sdk\managementpartner\Microsoft.Azure.Management.ManagementPartner\tests\Helpers\RecordedDelegatingHandler.cs(60,17): error CS0518: Predefined type 'System.Boolean' is not defined or imported
C:\gh\azure-sdk-for-net\sdk\managementpartner\Microsoft.Azure.Management.ManagementPartner\tests\Helpers\RecordedDelegatingHandler.cs(60,17): error CS0518: Predefined type 'System.Boolean' is not defined or imported
C:\gh\azure-sdk-for-net\sdk\managementpartner\Microsoft.Azure.Management.ManagementPartner\tests\Helpers\RecordedDelegatingHandler.cs(68,17): error CS0518: Predefined type 'System.Boolean' is not defined or imported
C:\gh\azure-sdk-for-net\sdk\managementpartner\Microsoft.Azure.Management.ManagementPartner\tests\Helpers\RecordedDelegatingHandler.cs(74,21): error CS0518: Predefined type 'System.Boolean' is not defined or imported
C:\gh\azure-sdk-for-net\sdk\managementpartner\Microsoft.Azure.Management.ManagementPartner\tests\Helpers\RecordedDelegatingHandler.cs(74,53): error CS0518: Predefined type 'System.Int32' is not defined or imported
C:\gh\azure-sdk-for-net\sdk\managementpartner\Microsoft.Azure.Management.ManagementPartner\tests\Helpers\RecordedDelegatingHandler.cs(74,42): error CS0518: Predefined type 'System.Boolean' is not defined or imported
C:\gh\azure-sdk-for-net\sdk\managementpartner\Microsoft.Azure.Management.ManagementPartner\tests\Helpers\RecordedDelegatingHandler.cs(74,21): error CS0518: Predefined type 'System.Boolean' is not defined or imported
C:\gh\azure-sdk-for-net\sdk\managementpartner\Microsoft.Azure.Management.ManagementPartner\tests\Helpers\RecordedDelegatingHandler.cs(81,35): error CS0518: Predefined type 'System.Int32' is not defined or imported
C:\gh\azure-sdk-for-net\sdk\managementpartner\Microsoft.Azure.Management.ManagementPartner\tests\Helpers\RecordedDelegatingHandler.cs(81,25): error CS0518: Predefined type 'System.Boolean' is not defined or imported
C:\gh\azure-sdk-for-net\sdk\managementpartner\Microsoft.Azure.Management.ManagementPartner\tests\Helpers\RecordedDelegatingHandler.cs(81,25): error CS0518: Predefined type 'System.Boolean' is not defined or imported
C:\gh\azure-sdk-for-net\sdk\managementpartner\Microsoft.Azure.Management.ManagementPartner\tests\Helpers\RecordedDelegatingHandler.cs(85,21): error CS0518: Predefined type 'System.Object' is not defined or imported
C:\gh\azure-sdk-for-net\sdk\managementpartner\Microsoft.Azure.Management.ManagementPartner\tests\Helpers\RecordedDelegatingHandler.cs(85,21): error CS0246: The type or namespace name 'HttpResponseMessage' could not be found (are you missing a using directive or an assembly reference?)
C:\gh\azure-sdk-for-net\sdk\managementpartner\Microsoft.Azure.Management.ManagementPartner\tests\Helpers\RecordedDelegatingHandler.cs(85,56): error CS0518: Predefined type 'System.Object' is not defined or imported
C:\gh\azure-sdk-for-net\sdk\managementpartner\Microsoft.Azure.Management.ManagementPartner\tests\Helpers\RecordedDelegatingHandler.cs(85,56): error CS0246: The type or namespace name 'HttpResponseMessage' could not be found (are you missing a using directive or an assembly reference?)
C:\gh\azure-sdk-for-net\sdk\managementpartner\Microsoft.Azure.Management.ManagementPartner\tests\Helpers\RecordedDelegatingHandler.cs(86,44): error CS0518: Predefined type 'System.Object' is not defined or imported
C:\gh\azure-sdk-for-net\sdk\managementpartner\Microsoft.Azure.Management.ManagementPartner\tests\Helpers\RecordedDelegatingHandler.cs(86,44): error CS0246: The type or namespace name 'StringContent' could not be found (are you missing a using directive or an assembly reference?)
C:\gh\azure-sdk-for-net\sdk\managementpartner\Microsoft.Azure.Management.ManagementPartner\tests\Helpers\RecordedDelegatingHandler.cs(86,58): error CS0518: Predefined type 'System.String' is not defined or imported
C:\gh\azure-sdk-for-net\sdk\managementpartner\Microsoft.Azure.Management.ManagementPartner\tests\Tests\PartnerTests.cs(34,13): error CS0518: Predefined type 'System.String' is not defined or imported
C:\gh\azure-sdk-for-net\sdk\managementpartner\Microsoft.Azure.Management.ManagementPartner\tests\Tests\PartnerTests.cs(34,32): error CS0518: Predefined type 'System.String' is not defined or imported
C:\gh\azure-sdk-for-net\sdk\managementpartner\Microsoft.Azure.Management.ManagementPartner\tests\Tests\PartnerTests.cs(35,13): error CS0518: Predefined type 'System.Object' is not defined or imported
C:\gh\azure-sdk-for-net\sdk\managementpartner\Microsoft.Azure.Management.ManagementPartner\tests\Tests\PartnerTests.cs(35,13): error CS0103: The name 'HttpMockServer' does not exist in the current context
C:\gh\azure-sdk-for-net\sdk\managementpartner\Microsoft.Azure.Management.ManagementPartner\tests\Tests\PartnerTests.cs(35,47): error CS0518: Predefined type 'System.Object' is not defined or imported
C:\gh\azure-sdk-for-net\sdk\managementpartner\Microsoft.Azure.Management.ManagementPartner\tests\Tests\PartnerTests.cs(36,13): error CS0518: Predefined type 'System.IDisposable' is not defined or imported
C:\gh\azure-sdk-for-net\sdk\managementpartner\Microsoft.Azure.Management.ManagementPartner\tests\Tests\PartnerTests.cs(36,20): error CS0518: Predefined type 'System.Object' is not defined or imported
C:\gh\azure-sdk-for-net\sdk\managementpartner\Microsoft.Azure.Management.ManagementPartner\tests\Tests\PartnerTests.cs(36,20): error CS0246: The type or namespace name 'MockContext' could not be found (are you missing a using directive or an assembly reference?)
C:\gh\azure-sdk-for-net\sdk\managementpartner\Microsoft.Azure.Management.ManagementPartner\tests\Tests\PartnerTests.cs(36,42): error CS0518: Predefined type 'System.Object' is not defined or imported
C:\gh\azure-sdk-for-net\sdk\managementpartner\Microsoft.Azure.Management.ManagementPartner\tests\Tests\PartnerTests.cs(36,42): error CS0103: The name 'MockContext' does not exist in the current context
C:\gh\azure-sdk-for-net\sdk\managementpartner\Microsoft.Azure.Management.ManagementPartner\tests\Tests\PartnerTests.cs(36,65): error CS0518: Predefined type 'System.Object' is not defined or imported
C:\gh\azure-sdk-for-net\sdk\managementpartner\Microsoft.Azure.Management.ManagementPartner\tests\Tests\PartnerTests.cs(36,65): error CS1061: 'PartnerTests' does not contain a definition for 'GetType' and no accessible extension method 'GetType' accepting a first argument of type 'PartnerTests' could be found (are you missing a using directive or an assembly reference?)
C:\gh\azure-sdk-for-net\sdk\managementpartner\Microsoft.Azure.Management.ManagementPartner\tests\Tests\PartnerTests.cs(38,47): error CS0518: Predefined type 'System.Object' is not defined or imported
C:\gh\azure-sdk-for-net\sdk\managementpartner\Microsoft.Azure.Management.ManagementPartner\tests\Tests\PartnerTests.cs(38,78): error CS0518: Predefined type 'System.Object' is not defined or imported
C:\gh\azure-sdk-for-net\sdk\managementpartner\Microsoft.Azure.Management.ManagementPartner\tests\Tests\PartnerTests.cs(38,136): error CS0518: Predefined type 'System.Object' is not defined or imported
C:\gh\azure-sdk-for-net\sdk\managementpartner\Microsoft.Azure.Management.ManagementPartner\tests\Tests\PartnerTests.cs(38,185): error CS0518: Predefined type 'System.Object' is not defined or imported
C:\gh\azure-sdk-for-net\sdk\managementpartner\Microsoft.Azure.Management.ManagementPartner\tests\Tests\PartnerTests.cs(38,185): error CS0103: The name 'HttpStatusCode' does not exist in the current context
C:\gh\azure-sdk-for-net\sdk\managementpartner\Microsoft.Azure.Management.ManagementPartner\tests\Tests\PartnerTests.cs(39,39): error CS0246: The type or namespace name 'Task<>' could not be found (are you missing a using directive or an assembly reference?)
C:\gh\azure-sdk-for-net\sdk\managementpartner\Microsoft.Azure.Management.ManagementPartner\tests\Tests\PartnerTests.cs(40,17): error CS0518: Predefined type 'System.Object' is not defined or imported
C:\gh\azure-sdk-for-net\sdk\managementpartner\Microsoft.Azure.Management.ManagementPartner\tests\Tests\PartnerTests.cs(47,13): error CS0518: Predefined type 'System.String' is not defined or imported
C:\gh\azure-sdk-for-net\sdk\managementpartner\Microsoft.Azure.Management.ManagementPartner\tests\Tests\PartnerTests.cs(47,32): error CS0518: Predefined type 'System.String' is not defined or imported
C:\gh\azure-sdk-for-net\sdk\managementpartner\Microsoft.Azure.Management.ManagementPartner\tests\Tests\PartnerTests.cs(48,13): error CS0518: Predefined type 'System.Object' is not defined or imported
C:\gh\azure-sdk-for-net\sdk\managementpartner\Microsoft.Azure.Management.ManagementPartner\tests\Tests\PartnerTests.cs(48,13): error CS0103: The name 'HttpMockServer' does not exist in the current context
C:\gh\azure-sdk-for-net\sdk\managementpartner\Microsoft.Azure.Management.ManagementPartner\tests\Tests\PartnerTests.cs(48,47): error CS0518: Predefined type 'System.Object' is not defined or imported
C:\gh\azure-sdk-for-net\sdk\managementpartner\Microsoft.Azure.Management.ManagementPartner\tests\Tests\PartnerTests.cs(49,13): error CS0518: Predefined type 'System.IDisposable' is not defined or imported
C:\gh\azure-sdk-for-net\sdk\managementpartner\Microsoft.Azure.Management.ManagementPartner\tests\Tests\PartnerTests.cs(49,20): error CS0518: Predefined type 'System.Object' is not defined or imported
C:\gh\azure-sdk-for-net\sdk\managementpartner\Microsoft.Azure.Management.ManagementPartner\tests\Tests\PartnerTests.cs(49,20): error CS0246: The type or namespace name 'MockContext' could not be found (are you missing a using directive or an assembly reference?)
C:\gh\azure-sdk-for-net\sdk\managementpartner\Microsoft.Azure.Management.ManagementPartner\tests\Tests\PartnerTests.cs(49,42): error CS0518: Predefined type 'System.Object' is not defined or imported
C:\gh\azure-sdk-for-net\sdk\managementpartner\Microsoft.Azure.Management.ManagementPartner\tests\Tests\PartnerTests.cs(49,42): error CS0103: The name 'MockContext' does not exist in the current context
C:\gh\azure-sdk-for-net\sdk\managementpartner\Microsoft.Azure.Management.ManagementPartner\tests\Tests\PartnerTests.cs(49,65): error CS0518: Predefined type 'System.Object' is not defined or imported
C:\gh\azure-sdk-for-net\sdk\managementpartner\Microsoft.Azure.Management.ManagementPartner\tests\Tests\PartnerTests.cs(49,65): error CS1061: 'PartnerTests' does not contain a definition for 'GetType' and no accessible extension method 'GetType' accepting a first argument of type 'PartnerTests' could be found (are you missing a using directive or an assembly reference?)
C:\gh\azure-sdk-for-net\sdk\managementpartner\Microsoft.Azure.Management.ManagementPartner\tests\Tests\PartnerTests.cs(51,47): error CS0518: Predefined type 'System.Object' is not defined or imported
C:\gh\azure-sdk-for-net\sdk\managementpartner\Microsoft.Azure.Management.ManagementPartner\tests\Tests\PartnerTests.cs(51,78): error CS0518: Predefined type 'System.Object' is not defined or imported
C:\gh\azure-sdk-for-net\sdk\managementpartner\Microsoft.Azure.Management.ManagementPartner\tests\Tests\PartnerTests.cs(51,136): error CS0518: Predefined type 'System.Object' is not defined or imported
C:\gh\azure-sdk-for-net\sdk\managementpartner\Microsoft.Azure.Management.ManagementPartner\tests\Tests\PartnerTests.cs(51,185): error CS0518: Predefined type 'System.Object' is not defined or imported
C:\gh\azure-sdk-for-net\sdk\managementpartner\Microsoft.Azure.Management.ManagementPartner\tests\Tests\PartnerTests.cs(51,185): error CS0103: The name 'HttpStatusCode' does not exist in the current context
C:\gh\azure-sdk-for-net\sdk\managementpartner\Microsoft.Azure.Management.ManagementPartner\tests\Tests\PartnerTests.cs(52,31): error CS0246: The type or namespace name 'Task<>' could not be found (are you missing a using directive or an assembly reference?)
C:\gh\azure-sdk-for-net\sdk\managementpartner\Microsoft.Azure.Management.ManagementPartner\tests\Tests\PartnerTests.cs(53,17): error CS0518: Predefined type 'System.Object' is not defined or imported
C:\gh\azure-sdk-for-net\sdk\managementpartner\Microsoft.Azure.Management.ManagementPartner\tests\Tests\PartnerTests.cs(54,17): error CS0518: Predefined type 'System.Object' is not defined or imported
C:\gh\azure-sdk-for-net\sdk\managementpartner\Microsoft.Azure.Management.ManagementPartner\tests\Tests\PartnerTests.cs(54,17): error CS0103: The name 'Assert' does not exist in the current context
C:\gh\azure-sdk-for-net\sdk\managementpartner\Microsoft.Azure.Management.ManagementPartner\tests\Tests\PartnerTests.cs(61,13): error CS0518: Predefined type 'System.String' is not defined or imported
C:\gh\azure-sdk-for-net\sdk\managementpartner\Microsoft.Azure.Management.ManagementPartner\tests\Tests\PartnerTests.cs(61,32): error CS0518: Predefined type 'System.String' is not defined or imported
C:\gh\azure-sdk-for-net\sdk\managementpartner\Microsoft.Azure.Management.ManagementPartner\tests\Tests\PartnerTests.cs(62,13): error CS0518: Predefined type 'System.Object' is not defined or imported
C:\gh\azure-sdk-for-net\sdk\managementpartner\Microsoft.Azure.Management.ManagementPartner\tests\Tests\PartnerTests.cs(62,13): error CS0103: The name 'HttpMockServer' does not exist in the current context
C:\gh\azure-sdk-for-net\sdk\managementpartner\Microsoft.Azure.Management.ManagementPartner\tests\Tests\PartnerTests.cs(62,47): error CS0518: Predefined type 'System.Object' is not defined or imported
C:\gh\azure-sdk-for-net\sdk\managementpartner\Microsoft.Azure.Management.ManagementPartner\tests\Tests\PartnerTests.cs(63,13): error CS0518: Predefined type 'System.IDisposable' is not defined or imported
C:\gh\azure-sdk-for-net\sdk\managementpartner\Microsoft.Azure.Management.ManagementPartner\tests\Tests\PartnerTests.cs(63,20): error CS0518: Predefined type 'System.Object' is not defined or imported
C:\gh\azure-sdk-for-net\sdk\managementpartner\Microsoft.Azure.Management.ManagementPartner\tests\Tests\PartnerTests.cs(63,20): error CS0246: The type or namespace name 'MockContext' could not be found (are you missing a using directive or an assembly reference?)
C:\gh\azure-sdk-for-net\sdk\managementpartner\Microsoft.Azure.Management.ManagementPartner\tests\Tests\PartnerTests.cs(63,42): error CS0518: Predefined type 'System.Object' is not defined or imported
C:\gh\azure-sdk-for-net\sdk\managementpartner\Microsoft.Azure.Management.ManagementPartner\tests\Tests\PartnerTests.cs(63,42): error CS0103: The name 'MockContext' does not exist in the current context
C:\gh\azure-sdk-for-net\sdk\managementpartner\Microsoft.Azure.Management.ManagementPartner\tests\Tests\PartnerTests.cs(63,65): error CS0518: Predefined type 'System.Object' is not defined or imported
C:\gh\azure-sdk-for-net\sdk\managementpartner\Microsoft.Azure.Management.ManagementPartner\tests\Tests\PartnerTests.cs(63,65): error CS1061: 'PartnerTests' does not contain a definition for 'GetType' and no accessible extension method 'GetType' accepting a first argument of type 'PartnerTests' could be found (are you missing a using directive or an assembly reference?)
C:\gh\azure-sdk-for-net\sdk\managementpartner\Microsoft.Azure.Management.ManagementPartner\tests\Tests\PartnerTests.cs(65,47): error CS0518: Predefined type 'System.Object' is not defined or imported
C:\gh\azure-sdk-for-net\sdk\managementpartner\Microsoft.Azure.Management.ManagementPartner\tests\Tests\PartnerTests.cs(65,78): error CS0518: Predefined type 'System.Object' is not defined or imported
C:\gh\azure-sdk-for-net\sdk\managementpartner\Microsoft.Azure.Management.ManagementPartner\tests\Tests\PartnerTests.cs(65,136): error CS0518: Predefined type 'System.Object' is not defined or imported
C:\gh\azure-sdk-for-net\sdk\managementpartner\Microsoft.Azure.Management.ManagementPartner\tests\Tests\PartnerTests.cs(65,185): error CS0518: Predefined type 'System.Object' is not defined or imported
C:\gh\azure-sdk-for-net\sdk\managementpartner\Microsoft.Azure.Management.ManagementPartner\tests\Tests\PartnerTests.cs(65,185): error CS0103: The name 'HttpStatusCode' does not exist in the current context
C:\gh\azure-sdk-for-net\sdk\managementpartner\Microsoft.Azure.Management.ManagementPartner\tests\Tests\PartnerTests.cs(66,31): error CS0246: The type or namespace name 'Task<>' could not be found (are you missing a using directive or an assembly reference?)
C:\gh\azure-sdk-for-net\sdk\managementpartner\Microsoft.Azure.Management.ManagementPartner\tests\Tests\PartnerTests.cs(67,17): error CS0518: Predefined type 'System.Object' is not defined or imported
C:\gh\azure-sdk-for-net\sdk\managementpartner\Microsoft.Azure.Management.ManagementPartner\tests\Tests\PartnerTests.cs(68,17): error CS0518: Predefined type 'System.Object' is not defined or imported
C:\gh\azure-sdk-for-net\sdk\managementpartner\Microsoft.Azure.Management.ManagementPartner\tests\Tests\PartnerTests.cs(68,17): error CS0103: The name 'Assert' does not exist in the current context
C:\gh\azure-sdk-for-net\sdk\managementpartner\Microsoft.Azure.Management.ManagementPartner\tests\Tests\PartnerTests.cs(75,13): error CS0518: Predefined type 'System.String' is not defined or imported
C:\gh\azure-sdk-for-net\sdk\managementpartner\Microsoft.Azure.Management.ManagementPartner\tests\Tests\PartnerTests.cs(75,32): error CS0518: Predefined type 'System.String' is not defined or imported
C:\gh\azure-sdk-for-net\sdk\managementpartner\Microsoft.Azure.Management.ManagementPartner\tests\Tests\PartnerTests.cs(76,13): error CS0518: Predefined type 'System.Object' is not defined or imported
C:\gh\azure-sdk-for-net\sdk\managementpartner\Microsoft.Azure.Management.ManagementPartner\tests\Tests\PartnerTests.cs(76,13): error CS0103: The name 'HttpMockServer' does not exist in the current context
C:\gh\azure-sdk-for-net\sdk\managementpartner\Microsoft.Azure.Management.ManagementPartner\tests\Tests\PartnerTests.cs(76,47): error CS0518: Predefined type 'System.Object' is not defined or imported
C:\gh\azure-sdk-for-net\sdk\managementpartner\Microsoft.Azure.Management.ManagementPartner\tests\Tests\PartnerTests.cs(77,13): error CS0518: Predefined type 'System.IDisposable' is not defined or imported
C:\gh\azure-sdk-for-net\sdk\managementpartner\Microsoft.Azure.Management.ManagementPartner\tests\Tests\PartnerTests.cs(77,20): error CS0518: Predefined type 'System.Object' is not defined or imported
C:\gh\azure-sdk-for-net\sdk\managementpartner\Microsoft.Azure.Management.ManagementPartner\tests\Tests\PartnerTests.cs(77,20): error CS0246: The type or namespace name 'MockContext' could not be found (are you missing a using directive or an assembly reference?)
C:\gh\azure-sdk-for-net\sdk\managementpartner\Microsoft.Azure.Management.ManagementPartner\tests\Tests\PartnerTests.cs(77,42): error CS0518: Predefined type 'System.Object' is not defined or imported
C:\gh\azure-sdk-for-net\sdk\managementpartner\Microsoft.Azure.Management.ManagementPartner\tests\Tests\PartnerTests.cs(77,42): error CS0103: The name 'MockContext' does not exist in the current context
C:\gh\azure-sdk-for-net\sdk\managementpartner\Microsoft.Azure.Management.ManagementPartner\tests\Tests\PartnerTests.cs(77,65): error CS0518: Predefined type 'System.Object' is not defined or imported
C:\gh\azure-sdk-for-net\sdk\managementpartner\Microsoft.Azure.Management.ManagementPartner\tests\Tests\PartnerTests.cs(77,65): error CS1061: 'PartnerTests' does not contain a definition for 'GetType' and no accessible extension method 'GetType' accepting a first argument of type 'PartnerTests' could be found (are you missing a using directive or an assembly reference?)
C:\gh\azure-sdk-for-net\sdk\managementpartner\Microsoft.Azure.Management.ManagementPartner\tests\Tests\PartnerTests.cs(79,47): error CS0518: Predefined type 'System.Object' is not defined or imported
C:\gh\azure-sdk-for-net\sdk\managementpartner\Microsoft.Azure.Management.ManagementPartner\tests\Tests\PartnerTests.cs(79,78): error CS0518: Predefined type 'System.Object' is not defined or imported
C:\gh\azure-sdk-for-net\sdk\managementpartner\Microsoft.Azure.Management.ManagementPartner\tests\Tests\PartnerTests.cs(79,136): error CS0518: Predefined type 'System.Object' is not defined or imported
C:\gh\azure-sdk-for-net\sdk\managementpartner\Microsoft.Azure.Management.ManagementPartner\tests\Tests\PartnerTests.cs(79,185): error CS0518: Predefined type 'System.Object' is not defined or imported
C:\gh\azure-sdk-for-net\sdk\managementpartner\Microsoft.Azure.Management.ManagementPartner\tests\Tests\PartnerTests.cs(79,185): error CS0103: The name 'HttpStatusCode' does not exist in the current context
C:\gh\azure-sdk-for-net\sdk\managementpartner\Microsoft.Azure.Management.ManagementPartner\tests\Tests\PartnerTests.cs(80,17): error CS0246: The type or namespace name 'Task' could not be found (are you missing a using directive or an assembly reference?)
C:\gh\azure-sdk-for-net\sdk\managementpartner\Microsoft.Azure.Management.ManagementPartner\tests\Tests\PartnerTests.cs(86,13): error CS0518: Predefined type 'System.Object' is not defined or imported
C:\gh\azure-sdk-for-net\sdk\managementpartner\Microsoft.Azure.Management.ManagementPartner\tests\Tests\PartnerTests.cs(86,13): error CS0246: The type or namespace name 'System' could not be found (are you missing a using directive or an assembly reference?)
C:\gh\azure-sdk-for-net\sdk\managementpartner\Microsoft.Azure.Management.ManagementPartner\tests\Tests\PartnerTests.cs(86,44): error CS0518: Predefined type 'System.Object' is not defined or imported
C:\gh\azure-sdk-for-net\sdk\managementpartner\Microsoft.Azure.Management.ManagementPartner\tests\Tests\PartnerTests.cs(86,37): error CS0518: Predefined type 'System.Type' is not defined or imported
C:\gh\azure-sdk-for-net\sdk\managementpartner\Microsoft.Azure.Management.ManagementPartner\tests\Tests\PartnerTests.cs(87,13): error CS0518: Predefined type 'System.String' is not defined or imported
C:\gh\azure-sdk-for-net\sdk\managementpartner\Microsoft.Azure.Management.ManagementPartner\tests\Tests\PartnerTests.cs(88,20): error CS0518: Predefined type 'System.Object' is not defined or imported
C:\gh\azure-sdk-for-net\sdk\managementpartner\Microsoft.Azure.Management.ManagementPartner\tests\Tests\PartnerTests.cs(88,20): error CS0103: The name 'Path' does not exist in the current context
C:\gh\azure-sdk-for-net\sdk\managementpartner\Microsoft.Azure.Management.ManagementPartner\tests\Tests\PartnerTests.cs(88,33): error CS0518: Predefined type 'System.Object' is not defined or imported
C:\gh\azure-sdk-for-net\sdk\managementpartner\Microsoft.Azure.Management.ManagementPartner\tests\Tests\PartnerTests.cs(88,33): error CS0103: The name 'Path' does not exist in the current context
C:\gh\azure-sdk-for-net\sdk\managementpartner\Microsoft.Azure.Management.ManagementPartner\tests\Tests\PartnerTests.cs(88,79): error CS0518: Predefined type 'System.String' is not defined or imported
C:\gh\azure-sdk-for-net\sdk\managementpartner\Microsoft.Azure.Management.ManagementPartner\tests\Tests\PartnerTests.cs(7,1): hidden CS8019: Unnecessary using directive.
C:\gh\azure-sdk-for-net\sdk\managementpartner\Microsoft.Azure.Management.ManagementPartner\tests\Helpers\ManagementPartnerTestUtilities.cs(9,1): hidden CS8019: Unnecessary using directive.
C:\gh\azure-sdk-for-net\sdk\managementpartner\Microsoft.Azure.Management.ManagementPartner\tests\Tests\PartnerTests.cs(13,1): hidden CS8019: Unnecessary using directive.
C:\gh\azure-sdk-for-net\sdk\managementpartner\Microsoft.Azure.Management.ManagementPartner\tests\Helpers\ManagementPartnerTestUtilities.cs(7,1): hidden CS8019: Unnecessary using directive.
C:\gh\azure-sdk-for-net\sdk\managementpartner\Microsoft.Azure.Management.ManagementPartner\tests\Helpers\ManagementPartnerTestUtilities.cs(8,1): hidden CS8019: Unnecessary using directive.
C:\gh\azure-sdk-for-net\artifacts\obj\Microsoft.Azure.Management.ManagementPartner.Tests\Debug\netcoreapp2.0\Microsoft.Azure.Management.ManagementPartner.Tests.AssemblyInfo.cs(11,1): hidden CS8019: Unnecessary using directive.
C:\gh\azure-sdk-for-net\eng\mgmt\DisableTestRunParallel.cs(5,1): hidden CS8019: Unnecessary using directive.
C:\gh\azure-sdk-for-net\sdk\managementpartner\Microsoft.Azure.Management.ManagementPartner\tests\Helpers\RecordedDelegatingHandler.cs(6,1): hidden CS8019: Unnecessary using directive.
C:\gh\azure-sdk-for-net\eng\mgmt\DisableTestRunParallel.cs(4,1): hidden CS8019: Unnecessary using directive.
C:\gh\azure-sdk-for-net\sdk\managementpartner\Microsoft.Azure.Management.ManagementPartner\tests\Tests\PartnerTests.cs(12,1): hidden CS8019: Unnecessary using directive.
C:\gh\azure-sdk-for-net\sdk\managementpartner\Microsoft.Azure.Management.ManagementPartner\tests\Helpers\RecordedDelegatingHandler.cs(4,1): hidden CS8019: Unnecessary using directive.
C:\gh\azure-sdk-for-net\artifacts\obj\Microsoft.Azure.Management.ManagementPartner.Tests\Debug\netcoreapp2.0\.NETCoreApp,Version=v2.0.AssemblyAttributes.cs(2,1): hidden CS8019: Unnecessary using directive.
C:\gh\azure-sdk-for-net\sdk\managementpartner\Microsoft.Azure.Management.ManagementPartner\tests\Helpers\RecordedDelegatingHandler.cs(7,1): hidden CS8019: Unnecessary using directive.
C:\gh\azure-sdk-for-net\sdk\managementpartner\Microsoft.Azure.Management.ManagementPartner\tests\Tests\PartnerTests.cs(9,1): hidden CS8019: Unnecessary using directive.
C:\gh\azure-sdk-for-net\artifacts\obj\Microsoft.Azure.Management.ManagementPartner.Tests\Debug\netcoreapp2.0\.NETCoreApp,Version=v2.0.AssemblyAttributes.cs(3,1): hidden CS8019: Unnecessary using directive.
C:\gh\azure-sdk-for-net\sdk\managementpartner\Microsoft.Azure.Management.ManagementPartner\tests\Tests\PartnerTests.cs(11,1): hidden CS8019: Unnecessary using directive.
C:\gh\azure-sdk-for-net\sdk\managementpartner\Microsoft.Azure.Management.ManagementPartner\tests\Tests\PartnerTests.cs(8,1): hidden CS8019: Unnecessary using directive.
C:\gh\azure-sdk-for-net\artifacts\obj\Microsoft.Azure.Management.ManagementPartner.Tests\Debug\netcoreapp2.0\Microsoft.Azure.Management.ManagementPartner.Tests.AssemblyInfo.cs(12,1): hidden CS8019: Unnecessary using directive.
C:\gh\azure-sdk-for-net\sdk\managementpartner\Microsoft.Azure.Management.ManagementPartner\tests\Helpers\RecordedDelegatingHandler.cs(5,1): hidden CS8019: Unnecessary using directive.
C:\gh\azure-sdk-for-net\sdk\managementpartner\Microsoft.Azure.Management.ManagementPartner\tests\Tests\PartnerTests.cs(10,1): hidden CS8019: Unnecessary using directive.
C:\gh\azure-sdk-for-net\sdk\managementpartner\Microsoft.Azure.Management.ManagementPartner\tests\Helpers\RecordedDelegatingHandler.cs(8,1): hidden CS8019: Unnecessary using directive.
C:\gh\azure-sdk-for-net\sdk\managementpartner\Microsoft.Azure.Management.ManagementPartner\tests\Helpers\ManagementPartnerTestUtilities.cs(6,1): hidden CS8019: Unnecessary using directive.
C:\gh\azure-sdk-for-net\sdk\managementpartner\Microsoft.Azure.Management.ManagementPartner\tests\Helpers\ManagementPartnerTestUtilities.cs(5,1): hidden CS8019: Unnecessary using directive.
