C:\gh\azure-sdk-for-net\sdk\applicationinsights\Microsoft.Azure.Management.ApplicationInsights\tests\ScenarioTests\TestBase.cs(26,86): error CS0246: The type or namespace name 'MockContext' could not be found (are you missing a using directive or an assembly reference?)
C:\gh\azure-sdk-for-net\sdk\applicationinsights\Microsoft.Azure.Management.ApplicationInsights\tests\ScenarioTests\TestBase.cs(57,19): error CS0246: The type or namespace name 'AzureOperationResponse<>' could not be found (are you missing a using directive or an assembly reference?)
C:\gh\azure-sdk-for-net\eng\mgmt\DisableTestRunParallel.cs(7,12): error CS0246: The type or namespace name 'CollectionBehaviorAttribute' could not be found (are you missing a using directive or an assembly reference?)
C:\gh\azure-sdk-for-net\eng\mgmt\DisableTestRunParallel.cs(7,12): error CS0246: The type or namespace name 'CollectionBehavior' could not be found (are you missing a using directive or an assembly reference?)
C:\gh\azure-sdk-for-net\eng\mgmt\DisableTestRunParallel.cs(7,31): error CS0246: The type or namespace name 'DisableTestParallelization' could not be found (are you missing a using directive or an assembly reference?)
C:\gh\azure-sdk-for-net\eng\mgmt\DisableTestRunParallel.cs(7,66): error CS0246: The type or namespace name 'MaxParallelThreads' could not be found (are you missing a using directive or an assembly reference?)
C:\gh\azure-sdk-for-net\sdk\applicationinsights\Microsoft.Azure.Management.ApplicationInsights\tests\ScenarioTests\APIKeysTests.cs(7,17): error CS0234: The type or namespace name 'Rest' does not exist in the namespace 'Microsoft' (are you missing an assembly reference?)
C:\gh\azure-sdk-for-net\sdk\applicationinsights\Microsoft.Azure.Management.ApplicationInsights\tests\ScenarioTests\APIKeysTests.cs(8,17): error CS0234: The type or namespace name 'Rest' does not exist in the namespace 'Microsoft' (are you missing an assembly reference?)
C:\gh\azure-sdk-for-net\sdk\applicationinsights\Microsoft.Azure.Management.ApplicationInsights\tests\ScenarioTests\APIKeysTests.cs(11,7): error CS0246: The type or namespace name 'Xunit' could not be found (are you missing a using directive or an assembly reference?)
C:\gh\azure-sdk-for-net\sdk\applicationinsights\Microsoft.Azure.Management.ApplicationInsights\tests\ScenarioTests\ComponentsTests.cs(7,17): error CS0234: The type or namespace name 'Rest' does not exist in the namespace 'Microsoft' (are you missing an assembly reference?)
C:\gh\azure-sdk-for-net\sdk\applicationinsights\Microsoft.Azure.Management.ApplicationInsights\tests\ScenarioTests\ComponentsTests.cs(8,17): error CS0234: The type or namespace name 'Rest' does not exist in the namespace 'Microsoft' (are you missing an assembly reference?)
C:\gh\azure-sdk-for-net\sdk\applicationinsights\Microsoft.Azure.Management.ApplicationInsights\tests\ScenarioTests\ComponentsTests.cs(11,7): error CS0246: The type or namespace name 'Xunit' could not be found (are you missing a using directive or an assembly reference?)
C:\gh\azure-sdk-for-net\sdk\applicationinsights\Microsoft.Azure.Management.ApplicationInsights\tests\ScenarioTests\ContinuousExportsTests.cs(7,17): error CS0234: The type or namespace name 'Rest' does not exist in the namespace 'Microsoft' (are you missing an assembly reference?)
C:\gh\azure-sdk-for-net\sdk\applicationinsights\Microsoft.Azure.Management.ApplicationInsights\tests\ScenarioTests\ContinuousExportsTests.cs(8,17): error CS0234: The type or namespace name 'Rest' does not exist in the namespace 'Microsoft' (are you missing an assembly reference?)
C:\gh\azure-sdk-for-net\sdk\applicationinsights\Microsoft.Azure.Management.ApplicationInsights\tests\ScenarioTests\ContinuousExportsTests.cs(11,7): error CS0246: The type or namespace name 'Xunit' could not be found (are you missing a using directive or an assembly reference?)
C:\gh\azure-sdk-for-net\sdk\applicationinsights\Microsoft.Azure.Management.ApplicationInsights\tests\ScenarioTests\FeatureAndPricingTests.cs(10,7): error CS0246: The type or namespace name 'Xunit' could not be found (are you missing a using directive or an assembly reference?)
C:\gh\azure-sdk-for-net\sdk\applicationinsights\Microsoft.Azure.Management.ApplicationInsights\tests\ScenarioTests\FeatureAndPricingTests.cs(11,17): error CS0234: The type or namespace name 'Rest' does not exist in the namespace 'Microsoft' (are you missing an assembly reference?)
C:\gh\azure-sdk-for-net\sdk\applicationinsights\Microsoft.Azure.Management.ApplicationInsights\tests\ScenarioTests\FeatureAndPricingTests.cs(12,17): error CS0234: The type or namespace name 'Rest' does not exist in the namespace 'Microsoft' (are you missing an assembly reference?)
C:\gh\azure-sdk-for-net\sdk\applicationinsights\Microsoft.Azure.Management.ApplicationInsights\tests\ScenarioTests\TestBase.cs(8,23): error CS0234: The type or namespace name 'Test' does not exist in the namespace 'Microsoft.Azure' (are you missing an assembly reference?)
C:\gh\azure-sdk-for-net\sdk\applicationinsights\Microsoft.Azure.Management.ApplicationInsights\tests\ScenarioTests\TestBase.cs(9,17): error CS0234: The type or namespace name 'Rest' does not exist in the namespace 'Microsoft' (are you missing an assembly reference?)
C:\gh\azure-sdk-for-net\sdk\applicationinsights\Microsoft.Azure.Management.ApplicationInsights\tests\ScenarioTests\TestBase.cs(10,17): error CS0234: The type or namespace name 'Rest' does not exist in the namespace 'Microsoft' (are you missing an assembly reference?)
C:\gh\azure-sdk-for-net\sdk\applicationinsights\Microsoft.Azure.Management.ApplicationInsights\tests\ScenarioTests\TestBase.cs(13,7): error CS0246: The type or namespace name 'Xunit' could not be found (are you missing a using directive or an assembly reference?)
C:\gh\azure-sdk-for-net\sdk\applicationinsights\Microsoft.Azure.Management.ApplicationInsights\tests\ScenarioTests\WebtestsTests.cs(7,17): error CS0234: The type or namespace name 'Rest' does not exist in the namespace 'Microsoft' (are you missing an assembly reference?)
C:\gh\azure-sdk-for-net\sdk\applicationinsights\Microsoft.Azure.Management.ApplicationInsights\tests\ScenarioTests\WebtestsTests.cs(8,17): error CS0234: The type or namespace name 'Rest' does not exist in the namespace 'Microsoft' (are you missing an assembly reference?)
C:\gh\azure-sdk-for-net\sdk\applicationinsights\Microsoft.Azure.Management.ApplicationInsights\tests\ScenarioTests\WebtestsTests.cs(13,7): error CS0246: The type or namespace name 'Xunit' could not be found (are you missing a using directive or an assembly reference?)
C:\gh\azure-sdk-for-net\eng\mgmt\DisableTestRunParallel.cs(5,7): error CS0246: The type or namespace name 'Xunit' could not be found (are you missing a using directive or an assembly reference?)
C:\gh\azure-sdk-for-net\sdk\applicationinsights\Microsoft.Azure.Management.ApplicationInsights\tests\ScenarioTests\APIKeysTests.cs(27,10): error CS0246: The type or namespace name 'FactAttribute' could not be found (are you missing a using directive or an assembly reference?)
C:\gh\azure-sdk-for-net\sdk\applicationinsights\Microsoft.Azure.Management.ApplicationInsights\tests\ScenarioTests\APIKeysTests.cs(27,10): error CS0246: The type or namespace name 'Fact' could not be found (are you missing a using directive or an assembly reference?)
C:\gh\azure-sdk-for-net\sdk\applicationinsights\Microsoft.Azure.Management.ApplicationInsights\tests\ScenarioTests\APIKeysTests.cs(28,10): error CS0246: The type or namespace name 'TraitAttribute' could not be found (are you missing a using directive or an assembly reference?)
C:\gh\azure-sdk-for-net\sdk\applicationinsights\Microsoft.Azure.Management.ApplicationInsights\tests\ScenarioTests\APIKeysTests.cs(28,10): error CS0246: The type or namespace name 'Trait' could not be found (are you missing a using directive or an assembly reference?)
C:\gh\azure-sdk-for-net\sdk\applicationinsights\Microsoft.Azure.Management.ApplicationInsights\tests\ScenarioTests\ComponentsTests.cs(27,10): error CS0246: The type or namespace name 'FactAttribute' could not be found (are you missing a using directive or an assembly reference?)
C:\gh\azure-sdk-for-net\sdk\applicationinsights\Microsoft.Azure.Management.ApplicationInsights\tests\ScenarioTests\ComponentsTests.cs(27,10): error CS0246: The type or namespace name 'Fact' could not be found (are you missing a using directive or an assembly reference?)
C:\gh\azure-sdk-for-net\sdk\applicationinsights\Microsoft.Azure.Management.ApplicationInsights\tests\ScenarioTests\ComponentsTests.cs(28,10): error CS0246: The type or namespace name 'TraitAttribute' could not be found (are you missing a using directive or an assembly reference?)
C:\gh\azure-sdk-for-net\sdk\applicationinsights\Microsoft.Azure.Management.ApplicationInsights\tests\ScenarioTests\ComponentsTests.cs(28,10): error CS0246: The type or namespace name 'Trait' could not be found (are you missing a using directive or an assembly reference?)
C:\gh\azure-sdk-for-net\sdk\applicationinsights\Microsoft.Azure.Management.ApplicationInsights\tests\ScenarioTests\ContinuousExportsTests.cs(27,10): error CS0246: The type or namespace name 'FactAttribute' could not be found (are you missing a using directive or an assembly reference?)
C:\gh\azure-sdk-for-net\sdk\applicationinsights\Microsoft.Azure.Management.ApplicationInsights\tests\ScenarioTests\ContinuousExportsTests.cs(27,10): error CS0246: The type or namespace name 'Fact' could not be found (are you missing a using directive or an assembly reference?)
C:\gh\azure-sdk-for-net\sdk\applicationinsights\Microsoft.Azure.Management.ApplicationInsights\tests\ScenarioTests\ContinuousExportsTests.cs(28,10): error CS0246: The type or namespace name 'TraitAttribute' could not be found (are you missing a using directive or an assembly reference?)
C:\gh\azure-sdk-for-net\sdk\applicationinsights\Microsoft.Azure.Management.ApplicationInsights\tests\ScenarioTests\ContinuousExportsTests.cs(28,10): error CS0246: The type or namespace name 'Trait' could not be found (are you missing a using directive or an assembly reference?)
C:\gh\azure-sdk-for-net\sdk\applicationinsights\Microsoft.Azure.Management.ApplicationInsights\tests\ScenarioTests\FeatureAndPricingTests.cs(31,10): error CS0246: The type or namespace name 'FactAttribute' could not be found (are you missing a using directive or an assembly reference?)
C:\gh\azure-sdk-for-net\sdk\applicationinsights\Microsoft.Azure.Management.ApplicationInsights\tests\ScenarioTests\FeatureAndPricingTests.cs(31,10): error CS0246: The type or namespace name 'Fact' could not be found (are you missing a using directive or an assembly reference?)
C:\gh\azure-sdk-for-net\sdk\applicationinsights\Microsoft.Azure.Management.ApplicationInsights\tests\ScenarioTests\FeatureAndPricingTests.cs(32,10): error CS0246: The type or namespace name 'TraitAttribute' could not be found (are you missing a using directive or an assembly reference?)
C:\gh\azure-sdk-for-net\sdk\applicationinsights\Microsoft.Azure.Management.ApplicationInsights\tests\ScenarioTests\FeatureAndPricingTests.cs(32,10): error CS0246: The type or namespace name 'Trait' could not be found (are you missing a using directive or an assembly reference?)
C:\gh\azure-sdk-for-net\sdk\applicationinsights\Microsoft.Azure.Management.ApplicationInsights\tests\ScenarioTests\WebtestsTests.cs(29,10): error CS0246: The type or namespace name 'FactAttribute' could not be found (are you missing a using directive or an assembly reference?)
C:\gh\azure-sdk-for-net\sdk\applicationinsights\Microsoft.Azure.Management.ApplicationInsights\tests\ScenarioTests\WebtestsTests.cs(29,10): error CS0246: The type or namespace name 'Fact' could not be found (are you missing a using directive or an assembly reference?)
C:\gh\azure-sdk-for-net\sdk\applicationinsights\Microsoft.Azure.Management.ApplicationInsights\tests\ScenarioTests\WebtestsTests.cs(30,10): error CS0246: The type or namespace name 'TraitAttribute' could not be found (are you missing a using directive or an assembly reference?)
C:\gh\azure-sdk-for-net\sdk\applicationinsights\Microsoft.Azure.Management.ApplicationInsights\tests\ScenarioTests\WebtestsTests.cs(30,10): error CS0246: The type or namespace name 'Trait' could not be found (are you missing a using directive or an assembly reference?)
C:\gh\azure-sdk-for-net\sdk\applicationinsights\Microsoft.Azure.Management.ApplicationInsights\tests\ScenarioTests\FeatureAndPricingTests.cs(35,20): error CS0246: The type or namespace name 'MockContext' could not be found (are you missing a using directive or an assembly reference?)
C:\gh\azure-sdk-for-net\sdk\applicationinsights\Microsoft.Azure.Management.ApplicationInsights\tests\ScenarioTests\FeatureAndPricingTests.cs(35,42): error CS0103: The name 'MockContext' does not exist in the current context
C:\gh\azure-sdk-for-net\sdk\applicationinsights\Microsoft.Azure.Management.ApplicationInsights\tests\ScenarioTests\FeatureAndPricingTests.cs(43,43): error CS0012: The type 'AzureOperationResponse<>' is defined in an assembly that is not referenced. You must add a reference to assembly 'Microsoft.Rest.ClientRuntime.Azure, Version=3.0.0.0, Culture=neutral, PublicKeyToken=31bf3856ad364e35'.
C:\gh\azure-sdk-for-net\sdk\applicationinsights\Microsoft.Azure.Management.ApplicationInsights\tests\ScenarioTests\FeatureAndPricingTests.cs(48,46): error CS0012: The type 'AzureOperationResponse<>' is defined in an assembly that is not referenced. You must add a reference to assembly 'Microsoft.Rest.ClientRuntime.Azure, Version=3.0.0.0, Culture=neutral, PublicKeyToken=31bf3856ad364e35'.
C:\gh\azure-sdk-for-net\sdk\applicationinsights\Microsoft.Azure.Management.ApplicationInsights\tests\ScenarioTests\FeatureAndPricingTests.cs(43,43): error CS0012: The type 'AzureOperationResponse<>' is defined in an assembly that is not referenced. You must add a reference to assembly 'Microsoft.Rest.ClientRuntime.Azure, Version=3.0.0.0, Culture=neutral, PublicKeyToken=31bf3856ad364e35'.
C:\gh\azure-sdk-for-net\sdk\applicationinsights\Microsoft.Azure.Management.ApplicationInsights\tests\ScenarioTests\FeatureAndPricingTests.cs(49,46): error CS0012: The type 'AzureOperationResponse<>' is defined in an assembly that is not referenced. You must add a reference to assembly 'Microsoft.Rest.ClientRuntime.Azure, Version=3.0.0.0, Culture=neutral, PublicKeyToken=31bf3856ad364e35'.
C:\gh\azure-sdk-for-net\sdk\applicationinsights\Microsoft.Azure.Management.ApplicationInsights\tests\ScenarioTests\FeatureAndPricingTests.cs(51,17): error CS0103: The name 'Assert' does not exist in the current context
C:\gh\azure-sdk-for-net\sdk\applicationinsights\Microsoft.Azure.Management.ApplicationInsights\tests\ScenarioTests\FeatureAndPricingTests.cs(52,17): error CS0103: The name 'Assert' does not exist in the current context
C:\gh\azure-sdk-for-net\sdk\applicationinsights\Microsoft.Azure.Management.ApplicationInsights\tests\ScenarioTests\FeatureAndPricingTests.cs(53,17): error CS0103: The name 'Assert' does not exist in the current context
C:\gh\azure-sdk-for-net\sdk\applicationinsights\Microsoft.Azure.Management.ApplicationInsights\tests\ScenarioTests\FeatureAndPricingTests.cs(58,47): error CS0012: The type 'AzureOperationResponse<>' is defined in an assembly that is not referenced. You must add a reference to assembly 'Microsoft.Rest.ClientRuntime.Azure, Version=3.0.0.0, Culture=neutral, PublicKeyToken=31bf3856ad364e35'.
C:\gh\azure-sdk-for-net\sdk\applicationinsights\Microsoft.Azure.Management.ApplicationInsights\tests\ScenarioTests\FeatureAndPricingTests.cs(64,50): error CS0012: The type 'AzureOperationResponse<>' is defined in an assembly that is not referenced. You must add a reference to assembly 'Microsoft.Rest.ClientRuntime.Azure, Version=3.0.0.0, Culture=neutral, PublicKeyToken=31bf3856ad364e35'.
C:\gh\azure-sdk-for-net\sdk\applicationinsights\Microsoft.Azure.Management.ApplicationInsights\tests\ScenarioTests\FeatureAndPricingTests.cs(58,47): error CS0012: The type 'AzureOperationResponse<>' is defined in an assembly that is not referenced. You must add a reference to assembly 'Microsoft.Rest.ClientRuntime.Azure, Version=3.0.0.0, Culture=neutral, PublicKeyToken=31bf3856ad364e35'.
C:\gh\azure-sdk-for-net\sdk\applicationinsights\Microsoft.Azure.Management.ApplicationInsights\tests\ScenarioTests\FeatureAndPricingTests.cs(65,50): error CS0012: The type 'AzureOperationResponse<>' is defined in an assembly that is not referenced. You must add a reference to assembly 'Microsoft.Rest.ClientRuntime.Azure, Version=3.0.0.0, Culture=neutral, PublicKeyToken=31bf3856ad364e35'.
C:\gh\azure-sdk-for-net\sdk\applicationinsights\Microsoft.Azure.Management.ApplicationInsights\tests\ScenarioTests\FeatureAndPricingTests.cs(67,17): error CS0103: The name 'Assert' does not exist in the current context
C:\gh\azure-sdk-for-net\sdk\applicationinsights\Microsoft.Azure.Management.ApplicationInsights\tests\ScenarioTests\FeatureAndPricingTests.cs(68,17): error CS0103: The name 'Assert' does not exist in the current context
C:\gh\azure-sdk-for-net\sdk\applicationinsights\Microsoft.Azure.Management.ApplicationInsights\tests\ScenarioTests\FeatureAndPricingTests.cs(69,17): error CS0103: The name 'Assert' does not exist in the current context
C:\gh\azure-sdk-for-net\sdk\applicationinsights\Microsoft.Azure.Management.ApplicationInsights\tests\ScenarioTests\FeatureAndPricingTests.cs(70,17): error CS0103: The name 'Assert' does not exist in the current context
C:\gh\azure-sdk-for-net\sdk\applicationinsights\Microsoft.Azure.Management.ApplicationInsights\tests\ScenarioTests\FeatureAndPricingTests.cs(71,17): error CS0103: The name 'Assert' does not exist in the current context
C:\gh\azure-sdk-for-net\sdk\applicationinsights\Microsoft.Azure.Management.ApplicationInsights\tests\ScenarioTests\FeatureAndPricingTests.cs(74,39): error CS0012: The type 'AzureOperationResponse<>' is defined in an assembly that is not referenced. You must add a reference to assembly 'Microsoft.Rest.ClientRuntime.Azure, Version=3.0.0.0, Culture=neutral, PublicKeyToken=31bf3856ad364e35'.
C:\gh\azure-sdk-for-net\sdk\applicationinsights\Microsoft.Azure.Management.ApplicationInsights\tests\ScenarioTests\FeatureAndPricingTests.cs(79,46): error CS0012: The type 'AzureOperationResponse<>' is defined in an assembly that is not referenced. You must add a reference to assembly 'Microsoft.Rest.ClientRuntime.Azure, Version=3.0.0.0, Culture=neutral, PublicKeyToken=31bf3856ad364e35'.
C:\gh\azure-sdk-for-net\sdk\applicationinsights\Microsoft.Azure.Management.ApplicationInsights\tests\ScenarioTests\FeatureAndPricingTests.cs(74,39): error CS0012: The type 'AzureOperationResponse<>' is defined in an assembly that is not referenced. You must add a reference to assembly 'Microsoft.Rest.ClientRuntime.Azure, Version=3.0.0.0, Culture=neutral, PublicKeyToken=31bf3856ad364e35'.
C:\gh\azure-sdk-for-net\sdk\applicationinsights\Microsoft.Azure.Management.ApplicationInsights\tests\ScenarioTests\FeatureAndPricingTests.cs(80,46): error CS0012: The type 'AzureOperationResponse<>' is defined in an assembly that is not referenced. You must add a reference to assembly 'Microsoft.Rest.ClientRuntime.Azure, Version=3.0.0.0, Culture=neutral, PublicKeyToken=31bf3856ad364e35'.
C:\gh\azure-sdk-for-net\sdk\applicationinsights\Microsoft.Azure.Management.ApplicationInsights\tests\ScenarioTests\FeatureAndPricingTests.cs(82,17): error CS0103: The name 'Assert' does not exist in the current context
C:\gh\azure-sdk-for-net\sdk\applicationinsights\Microsoft.Azure.Management.ApplicationInsights\tests\ScenarioTests\FeatureAndPricingTests.cs(83,17): error CS0103: The name 'Assert' does not exist in the current context
C:\gh\azure-sdk-for-net\sdk\applicationinsights\Microsoft.Azure.Management.ApplicationInsights\tests\ScenarioTests\FeatureAndPricingTests.cs(84,17): error CS0103: The name 'Assert' does not exist in the current context
C:\gh\azure-sdk-for-net\sdk\applicationinsights\Microsoft.Azure.Management.ApplicationInsights\tests\ScenarioTests\FeatureAndPricingTests.cs(85,17): error CS0103: The name 'Assert' does not exist in the current context
C:\gh\azure-sdk-for-net\sdk\applicationinsights\Microsoft.Azure.Management.ApplicationInsights\tests\ScenarioTests\FeatureAndPricingTests.cs(86,17): error CS0103: The name 'Assert' does not exist in the current context
C:\gh\azure-sdk-for-net\sdk\applicationinsights\Microsoft.Azure.Management.ApplicationInsights\tests\ScenarioTests\ComponentsTests.cs(31,20): error CS0246: The type or namespace name 'MockContext' could not be found (are you missing a using directive or an assembly reference?)
C:\gh\azure-sdk-for-net\sdk\applicationinsights\Microsoft.Azure.Management.ApplicationInsights\tests\ScenarioTests\ComponentsTests.cs(31,42): error CS0103: The name 'MockContext' does not exist in the current context
C:\gh\azure-sdk-for-net\sdk\applicationinsights\Microsoft.Azure.Management.ApplicationInsights\tests\ScenarioTests\ComponentsTests.cs(38,48): error CS0012: The type 'AzureOperationResponse<>' is defined in an assembly that is not referenced. You must add a reference to assembly 'Microsoft.Rest.ClientRuntime.Azure, Version=3.0.0.0, Culture=neutral, PublicKeyToken=31bf3856ad364e35'.
C:\gh\azure-sdk-for-net\sdk\applicationinsights\Microsoft.Azure.Management.ApplicationInsights\tests\ScenarioTests\ComponentsTests.cs(44,54): error CS0012: The type 'AzureOperationResponse<>' is defined in an assembly that is not referenced. You must add a reference to assembly 'Microsoft.Rest.ClientRuntime.Azure, Version=3.0.0.0, Culture=neutral, PublicKeyToken=31bf3856ad364e35'.
C:\gh\azure-sdk-for-net\sdk\applicationinsights\Microsoft.Azure.Management.ApplicationInsights\tests\ScenarioTests\ComponentsTests.cs(38,48): error CS0012: The type 'AzureOperationResponse<>' is defined in an assembly that is not referenced. You must add a reference to assembly 'Microsoft.Rest.ClientRuntime.Azure, Version=3.0.0.0, Culture=neutral, PublicKeyToken=31bf3856ad364e35'.
C:\gh\azure-sdk-for-net\sdk\applicationinsights\Microsoft.Azure.Management.ApplicationInsights\tests\ScenarioTests\ComponentsTests.cs(45,54): error CS0012: The type 'AzureOperationResponse<>' is defined in an assembly that is not referenced. You must add a reference to assembly 'Microsoft.Rest.ClientRuntime.Azure, Version=3.0.0.0, Culture=neutral, PublicKeyToken=31bf3856ad364e35'.
C:\gh\azure-sdk-for-net\sdk\applicationinsights\Microsoft.Azure.Management.ApplicationInsights\tests\ScenarioTests\ComponentsTests.cs(47,17): error CS0103: The name 'Assert' does not exist in the current context
C:\gh\azure-sdk-for-net\sdk\applicationinsights\Microsoft.Azure.Management.ApplicationInsights\tests\ScenarioTests\ComponentsTests.cs(48,17): error CS0103: The name 'Assert' does not exist in the current context
C:\gh\azure-sdk-for-net\sdk\applicationinsights\Microsoft.Azure.Management.ApplicationInsights\tests\ScenarioTests\ComponentsTests.cs(49,17): error CS0103: The name 'Assert' does not exist in the current context
C:\gh\azure-sdk-for-net\sdk\applicationinsights\Microsoft.Azure.Management.ApplicationInsights\tests\ScenarioTests\ComponentsTests.cs(50,17): error CS0103: The name 'Assert' does not exist in the current context
C:\gh\azure-sdk-for-net\sdk\applicationinsights\Microsoft.Azure.Management.ApplicationInsights\tests\ScenarioTests\ComponentsTests.cs(53,49): error CS0012: The type 'AzureOperationResponse<>' is defined in an assembly that is not referenced. You must add a reference to assembly 'Microsoft.Rest.ClientRuntime.Azure, Version=3.0.0.0, Culture=neutral, PublicKeyToken=31bf3856ad364e35'.
C:\gh\azure-sdk-for-net\sdk\applicationinsights\Microsoft.Azure.Management.ApplicationInsights\tests\ScenarioTests\ComponentsTests.cs(56,54): error CS0012: The type 'AzureOperationResponse<>' is defined in an assembly that is not referenced. You must add a reference to assembly 'Microsoft.Rest.ClientRuntime.Azure, Version=3.0.0.0, Culture=neutral, PublicKeyToken=31bf3856ad364e35'.
C:\gh\azure-sdk-for-net\sdk\applicationinsights\Microsoft.Azure.Management.ApplicationInsights\tests\ScenarioTests\ComponentsTests.cs(53,49): error CS0012: The type 'AzureOperationResponse<>' is defined in an assembly that is not referenced. You must add a reference to assembly 'Microsoft.Rest.ClientRuntime.Azure, Version=3.0.0.0, Culture=neutral, PublicKeyToken=31bf3856ad364e35'.
C:\gh\azure-sdk-for-net\sdk\applicationinsights\Microsoft.Azure.Management.ApplicationInsights\tests\ScenarioTests\ComponentsTests.cs(57,54): error CS0012: The type 'AzureOperationResponse<>' is defined in an assembly that is not referenced. You must add a reference to assembly 'Microsoft.Rest.ClientRuntime.Azure, Version=3.0.0.0, Culture=neutral, PublicKeyToken=31bf3856ad364e35'.
C:\gh\azure-sdk-for-net\sdk\applicationinsights\Microsoft.Azure.Management.ApplicationInsights\tests\ScenarioTests\ComponentsTests.cs(60,17): error CS0103: The name 'Assert' does not exist in the current context
C:\gh\azure-sdk-for-net\sdk\applicationinsights\Microsoft.Azure.Management.ApplicationInsights\tests\ScenarioTests\ComponentsTests.cs(63,46): error CS0012: The type 'AzureOperationResponse<>' is defined in an assembly that is not referenced. You must add a reference to assembly 'Microsoft.Rest.ClientRuntime.Azure, Version=3.0.0.0, Culture=neutral, PublicKeyToken=31bf3856ad364e35'.
C:\gh\azure-sdk-for-net\sdk\applicationinsights\Microsoft.Azure.Management.ApplicationInsights\tests\ScenarioTests\ComponentsTests.cs(66,54): error CS0012: The type 'AzureOperationResponse<>' is defined in an assembly that is not referenced. You must add a reference to assembly 'Microsoft.Rest.ClientRuntime.Azure, Version=3.0.0.0, Culture=neutral, PublicKeyToken=31bf3856ad364e35'.
C:\gh\azure-sdk-for-net\sdk\applicationinsights\Microsoft.Azure.Management.ApplicationInsights\tests\ScenarioTests\ComponentsTests.cs(63,46): error CS0012: The type 'AzureOperationResponse<>' is defined in an assembly that is not referenced. You must add a reference to assembly 'Microsoft.Rest.ClientRuntime.Azure, Version=3.0.0.0, Culture=neutral, PublicKeyToken=31bf3856ad364e35'.
C:\gh\azure-sdk-for-net\sdk\applicationinsights\Microsoft.Azure.Management.ApplicationInsights\tests\ScenarioTests\ComponentsTests.cs(67,54): error CS0012: The type 'AzureOperationResponse<>' is defined in an assembly that is not referenced. You must add a reference to assembly 'Microsoft.Rest.ClientRuntime.Azure, Version=3.0.0.0, Culture=neutral, PublicKeyToken=31bf3856ad364e35'.
C:\gh\azure-sdk-for-net\sdk\applicationinsights\Microsoft.Azure.Management.ApplicationInsights\tests\ScenarioTests\ComponentsTests.cs(70,17): error CS0103: The name 'Assert' does not exist in the current context
C:\gh\azure-sdk-for-net\sdk\applicationinsights\Microsoft.Azure.Management.ApplicationInsights\tests\ScenarioTests\ComponentsTests.cs(72,17): error CS0103: The name 'Assert' does not exist in the current context
C:\gh\azure-sdk-for-net\sdk\applicationinsights\Microsoft.Azure.Management.ApplicationInsights\tests\ScenarioTests\ComponentsTests.cs(75,44): error CS0012: The type 'AzureOperationResponse<>' is defined in an assembly that is not referenced. You must add a reference to assembly 'Microsoft.Rest.ClientRuntime.Azure, Version=3.0.0.0, Culture=neutral, PublicKeyToken=31bf3856ad364e35'.
C:\gh\azure-sdk-for-net\sdk\applicationinsights\Microsoft.Azure.Management.ApplicationInsights\tests\ScenarioTests\ComponentsTests.cs(79,54): error CS0012: The type 'AzureOperationResponse<>' is defined in an assembly that is not referenced. You must add a reference to assembly 'Microsoft.Rest.ClientRuntime.Azure, Version=3.0.0.0, Culture=neutral, PublicKeyToken=31bf3856ad364e35'.
C:\gh\azure-sdk-for-net\sdk\applicationinsights\Microsoft.Azure.Management.ApplicationInsights\tests\ScenarioTests\ComponentsTests.cs(75,44): error CS0012: The type 'AzureOperationResponse<>' is defined in an assembly that is not referenced. You must add a reference to assembly 'Microsoft.Rest.ClientRuntime.Azure, Version=3.0.0.0, Culture=neutral, PublicKeyToken=31bf3856ad364e35'.
C:\gh\azure-sdk-for-net\sdk\applicationinsights\Microsoft.Azure.Management.ApplicationInsights\tests\ScenarioTests\ComponentsTests.cs(80,54): error CS0012: The type 'AzureOperationResponse<>' is defined in an assembly that is not referenced. You must add a reference to assembly 'Microsoft.Rest.ClientRuntime.Azure, Version=3.0.0.0, Culture=neutral, PublicKeyToken=31bf3856ad364e35'.
C:\gh\azure-sdk-for-net\sdk\applicationinsights\Microsoft.Azure.Management.ApplicationInsights\tests\ScenarioTests\ComponentsTests.cs(82,17): error CS0103: The name 'Assert' does not exist in the current context
C:\gh\azure-sdk-for-net\sdk\applicationinsights\Microsoft.Azure.Management.ApplicationInsights\tests\ScenarioTests\ComponentsTests.cs(83,17): error CS0103: The name 'Assert' does not exist in the current context
C:\gh\azure-sdk-for-net\sdk\applicationinsights\Microsoft.Azure.Management.ApplicationInsights\tests\ScenarioTests\ComponentsTests.cs(88,47): error CS0012: The type 'AzureOperationResponse<>' is defined in an assembly that is not referenced. You must add a reference to assembly 'Microsoft.Rest.ClientRuntime.Azure, Version=3.0.0.0, Culture=neutral, PublicKeyToken=31bf3856ad364e35'.
C:\gh\azure-sdk-for-net\sdk\applicationinsights\Microsoft.Azure.Management.ApplicationInsights\tests\ScenarioTests\ComponentsTests.cs(94,54): error CS0012: The type 'AzureOperationResponse<>' is defined in an assembly that is not referenced. You must add a reference to assembly 'Microsoft.Rest.ClientRuntime.Azure, Version=3.0.0.0, Culture=neutral, PublicKeyToken=31bf3856ad364e35'.
C:\gh\azure-sdk-for-net\sdk\applicationinsights\Microsoft.Azure.Management.ApplicationInsights\tests\ScenarioTests\ComponentsTests.cs(88,47): error CS0012: The type 'AzureOperationResponse<>' is defined in an assembly that is not referenced. You must add a reference to assembly 'Microsoft.Rest.ClientRuntime.Azure, Version=3.0.0.0, Culture=neutral, PublicKeyToken=31bf3856ad364e35'.
C:\gh\azure-sdk-for-net\sdk\applicationinsights\Microsoft.Azure.Management.ApplicationInsights\tests\ScenarioTests\ComponentsTests.cs(95,54): error CS0012: The type 'AzureOperationResponse<>' is defined in an assembly that is not referenced. You must add a reference to assembly 'Microsoft.Rest.ClientRuntime.Azure, Version=3.0.0.0, Culture=neutral, PublicKeyToken=31bf3856ad364e35'.
C:\gh\azure-sdk-for-net\sdk\applicationinsights\Microsoft.Azure.Management.ApplicationInsights\tests\ScenarioTests\ComponentsTests.cs(98,17): error CS0103: The name 'Assert' does not exist in the current context
C:\gh\azure-sdk-for-net\sdk\applicationinsights\Microsoft.Azure.Management.ApplicationInsights\tests\ScenarioTests\ComponentsTests.cs(99,17): error CS0103: The name 'Assert' does not exist in the current context
C:\gh\azure-sdk-for-net\sdk\applicationinsights\Microsoft.Azure.Management.ApplicationInsights\tests\ScenarioTests\ComponentsTests.cs(100,17): error CS0103: The name 'Assert' does not exist in the current context
C:\gh\azure-sdk-for-net\sdk\applicationinsights\Microsoft.Azure.Management.ApplicationInsights\tests\ScenarioTests\ComponentsTests.cs(101,17): error CS0103: The name 'Assert' does not exist in the current context
C:\gh\azure-sdk-for-net\sdk\applicationinsights\Microsoft.Azure.Management.ApplicationInsights\tests\ScenarioTests\ComponentsTests.cs(105,47): error CS0012: The type 'AzureOperationResponse' is defined in an assembly that is not referenced. You must add a reference to assembly 'Microsoft.Rest.ClientRuntime.Azure, Version=3.0.0.0, Culture=neutral, PublicKeyToken=31bf3856ad364e35'.
C:\gh\azure-sdk-for-net\sdk\applicationinsights\Microsoft.Azure.Management.ApplicationInsights\tests\ScenarioTests\ComponentsTests.cs(110,54): error CS0012: The type 'AzureOperationResponse' is defined in an assembly that is not referenced. You must add a reference to assembly 'Microsoft.Rest.ClientRuntime.Azure, Version=3.0.0.0, Culture=neutral, PublicKeyToken=31bf3856ad364e35'.
C:\gh\azure-sdk-for-net\sdk\applicationinsights\Microsoft.Azure.Management.ApplicationInsights\tests\ScenarioTests\ComponentsTests.cs(105,47): error CS0012: The type 'AzureOperationResponse' is defined in an assembly that is not referenced. You must add a reference to assembly 'Microsoft.Rest.ClientRuntime.Azure, Version=3.0.0.0, Culture=neutral, PublicKeyToken=31bf3856ad364e35'.
C:\gh\azure-sdk-for-net\sdk\applicationinsights\Microsoft.Azure.Management.ApplicationInsights\tests\ScenarioTests\ComponentsTests.cs(111,54): error CS0012: The type 'AzureOperationResponse' is defined in an assembly that is not referenced. You must add a reference to assembly 'Microsoft.Rest.ClientRuntime.Azure, Version=3.0.0.0, Culture=neutral, PublicKeyToken=31bf3856ad364e35'.
C:\gh\azure-sdk-for-net\sdk\applicationinsights\Microsoft.Azure.Management.ApplicationInsights\tests\ScenarioTests\ComponentsTests.cs(114,17): error CS0103: The name 'Assert' does not exist in the current context
C:\gh\azure-sdk-for-net\sdk\applicationinsights\Microsoft.Azure.Management.ApplicationInsights\tests\ScenarioTests\ComponentsTests.cs(114,31): error CS0246: The type or namespace name 'CloudException' could not be found (are you missing a using directive or an assembly reference?)
C:\gh\azure-sdk-for-net\sdk\applicationinsights\Microsoft.Azure.Management.ApplicationInsights\tests\ScenarioTests\ContinuousExportsTests.cs(31,20): error CS0246: The type or namespace name 'MockContext' could not be found (are you missing a using directive or an assembly reference?)
C:\gh\azure-sdk-for-net\sdk\applicationinsights\Microsoft.Azure.Management.ApplicationInsights\tests\ScenarioTests\ContinuousExportsTests.cs(31,42): error CS0103: The name 'MockContext' does not exist in the current context
C:\gh\azure-sdk-for-net\sdk\applicationinsights\Microsoft.Azure.Management.ApplicationInsights\tests\ScenarioTests\ContinuousExportsTests.cs(40,54): error CS0012: The type 'AzureOperationResponse<>' is defined in an assembly that is not referenced. You must add a reference to assembly 'Microsoft.Rest.ClientRuntime.Azure, Version=3.0.0.0, Culture=neutral, PublicKeyToken=31bf3856ad364e35'.
C:\gh\azure-sdk-for-net\sdk\applicationinsights\Microsoft.Azure.Management.ApplicationInsights\tests\ScenarioTests\ContinuousExportsTests.cs(46,58): error CS0012: The type 'AzureOperationResponse<>' is defined in an assembly that is not referenced. You must add a reference to assembly 'Microsoft.Rest.ClientRuntime.Azure, Version=3.0.0.0, Culture=neutral, PublicKeyToken=31bf3856ad364e35'.
C:\gh\azure-sdk-for-net\sdk\applicationinsights\Microsoft.Azure.Management.ApplicationInsights\tests\ScenarioTests\ContinuousExportsTests.cs(40,54): error CS0012: The type 'AzureOperationResponse<>' is defined in an assembly that is not referenced. You must add a reference to assembly 'Microsoft.Rest.ClientRuntime.Azure, Version=3.0.0.0, Culture=neutral, PublicKeyToken=31bf3856ad364e35'.
C:\gh\azure-sdk-for-net\sdk\applicationinsights\Microsoft.Azure.Management.ApplicationInsights\tests\ScenarioTests\ContinuousExportsTests.cs(47,58): error CS0012: The type 'AzureOperationResponse<>' is defined in an assembly that is not referenced. You must add a reference to assembly 'Microsoft.Rest.ClientRuntime.Azure, Version=3.0.0.0, Culture=neutral, PublicKeyToken=31bf3856ad364e35'.
C:\gh\azure-sdk-for-net\sdk\applicationinsights\Microsoft.Azure.Management.ApplicationInsights\tests\ScenarioTests\ContinuousExportsTests.cs(48,17): error CS0103: The name 'Assert' does not exist in the current context
C:\gh\azure-sdk-for-net\sdk\applicationinsights\Microsoft.Azure.Management.ApplicationInsights\tests\ScenarioTests\ContinuousExportsTests.cs(52,47): error CS0012: The type 'AzureOperationResponse<>' is defined in an assembly that is not referenced. You must add a reference to assembly 'Microsoft.Rest.ClientRuntime.Azure, Version=3.0.0.0, Culture=neutral, PublicKeyToken=31bf3856ad364e35'.
C:\gh\azure-sdk-for-net\sdk\applicationinsights\Microsoft.Azure.Management.ApplicationInsights\tests\ScenarioTests\ContinuousExportsTests.cs(57,50): error CS0012: The type 'AzureOperationResponse<>' is defined in an assembly that is not referenced. You must add a reference to assembly 'Microsoft.Rest.ClientRuntime.Azure, Version=3.0.0.0, Culture=neutral, PublicKeyToken=31bf3856ad364e35'.
C:\gh\azure-sdk-for-net\sdk\applicationinsights\Microsoft.Azure.Management.ApplicationInsights\tests\ScenarioTests\ContinuousExportsTests.cs(52,47): error CS0012: The type 'AzureOperationResponse<>' is defined in an assembly that is not referenced. You must add a reference to assembly 'Microsoft.Rest.ClientRuntime.Azure, Version=3.0.0.0, Culture=neutral, PublicKeyToken=31bf3856ad364e35'.
C:\gh\azure-sdk-for-net\sdk\applicationinsights\Microsoft.Azure.Management.ApplicationInsights\tests\ScenarioTests\ContinuousExportsTests.cs(58,50): error CS0012: The type 'AzureOperationResponse<>' is defined in an assembly that is not referenced. You must add a reference to assembly 'Microsoft.Rest.ClientRuntime.Azure, Version=3.0.0.0, Culture=neutral, PublicKeyToken=31bf3856ad364e35'.
C:\gh\azure-sdk-for-net\sdk\applicationinsights\Microsoft.Azure.Management.ApplicationInsights\tests\ScenarioTests\ContinuousExportsTests.cs(60,17): error CS0103: The name 'Assert' does not exist in the current context
C:\gh\azure-sdk-for-net\sdk\applicationinsights\Microsoft.Azure.Management.ApplicationInsights\tests\ScenarioTests\ContinuousExportsTests.cs(66,43): error CS0012: The type 'AzureOperationResponse<>' is defined in an assembly that is not referenced. You must add a reference to assembly 'Microsoft.Rest.ClientRuntime.Azure, Version=3.0.0.0, Culture=neutral, PublicKeyToken=31bf3856ad364e35'.
C:\gh\azure-sdk-for-net\sdk\applicationinsights\Microsoft.Azure.Management.ApplicationInsights\tests\ScenarioTests\ContinuousExportsTests.cs(72,46): error CS0012: The type 'AzureOperationResponse<>' is defined in an assembly that is not referenced. You must add a reference to assembly 'Microsoft.Rest.ClientRuntime.Azure, Version=3.0.0.0, Culture=neutral, PublicKeyToken=31bf3856ad364e35'.
C:\gh\azure-sdk-for-net\sdk\applicationinsights\Microsoft.Azure.Management.ApplicationInsights\tests\ScenarioTests\ContinuousExportsTests.cs(66,43): error CS0012: The type 'AzureOperationResponse<>' is defined in an assembly that is not referenced. You must add a reference to assembly 'Microsoft.Rest.ClientRuntime.Azure, Version=3.0.0.0, Culture=neutral, PublicKeyToken=31bf3856ad364e35'.
C:\gh\azure-sdk-for-net\sdk\applicationinsights\Microsoft.Azure.Management.ApplicationInsights\tests\ScenarioTests\ContinuousExportsTests.cs(73,46): error CS0012: The type 'AzureOperationResponse<>' is defined in an assembly that is not referenced. You must add a reference to assembly 'Microsoft.Rest.ClientRuntime.Azure, Version=3.0.0.0, Culture=neutral, PublicKeyToken=31bf3856ad364e35'.
C:\gh\azure-sdk-for-net\sdk\applicationinsights\Microsoft.Azure.Management.ApplicationInsights\tests\ScenarioTests\ContinuousExportsTests.cs(81,46): error CS0012: The type 'AzureOperationResponse<>' is defined in an assembly that is not referenced. You must add a reference to assembly 'Microsoft.Rest.ClientRuntime.Azure, Version=3.0.0.0, Culture=neutral, PublicKeyToken=31bf3856ad364e35'.
C:\gh\azure-sdk-for-net\sdk\applicationinsights\Microsoft.Azure.Management.ApplicationInsights\tests\ScenarioTests\ContinuousExportsTests.cs(88,50): error CS0012: The type 'AzureOperationResponse<>' is defined in an assembly that is not referenced. You must add a reference to assembly 'Microsoft.Rest.ClientRuntime.Azure, Version=3.0.0.0, Culture=neutral, PublicKeyToken=31bf3856ad364e35'.
C:\gh\azure-sdk-for-net\sdk\applicationinsights\Microsoft.Azure.Management.ApplicationInsights\tests\ScenarioTests\ContinuousExportsTests.cs(81,46): error CS0012: The type 'AzureOperationResponse<>' is defined in an assembly that is not referenced. You must add a reference to assembly 'Microsoft.Rest.ClientRuntime.Azure, Version=3.0.0.0, Culture=neutral, PublicKeyToken=31bf3856ad364e35'.
C:\gh\azure-sdk-for-net\sdk\applicationinsights\Microsoft.Azure.Management.ApplicationInsights\tests\ScenarioTests\ContinuousExportsTests.cs(89,50): error CS0012: The type 'AzureOperationResponse<>' is defined in an assembly that is not referenced. You must add a reference to assembly 'Microsoft.Rest.ClientRuntime.Azure, Version=3.0.0.0, Culture=neutral, PublicKeyToken=31bf3856ad364e35'.
C:\gh\azure-sdk-for-net\sdk\applicationinsights\Microsoft.Azure.Management.ApplicationInsights\tests\ScenarioTests\ContinuousExportsTests.cs(94,39): error CS0012: The type 'AzureOperationResponse<>' is defined in an assembly that is not referenced. You must add a reference to assembly 'Microsoft.Rest.ClientRuntime.Azure, Version=3.0.0.0, Culture=neutral, PublicKeyToken=31bf3856ad364e35'.
C:\gh\azure-sdk-for-net\sdk\applicationinsights\Microsoft.Azure.Management.ApplicationInsights\tests\ScenarioTests\ContinuousExportsTests.cs(100,46): error CS0012: The type 'AzureOperationResponse<>' is defined in an assembly that is not referenced. You must add a reference to assembly 'Microsoft.Rest.ClientRuntime.Azure, Version=3.0.0.0, Culture=neutral, PublicKeyToken=31bf3856ad364e35'.
C:\gh\azure-sdk-for-net\sdk\applicationinsights\Microsoft.Azure.Management.ApplicationInsights\tests\ScenarioTests\ContinuousExportsTests.cs(94,39): error CS0012: The type 'AzureOperationResponse<>' is defined in an assembly that is not referenced. You must add a reference to assembly 'Microsoft.Rest.ClientRuntime.Azure, Version=3.0.0.0, Culture=neutral, PublicKeyToken=31bf3856ad364e35'.
C:\gh\azure-sdk-for-net\sdk\applicationinsights\Microsoft.Azure.Management.ApplicationInsights\tests\ScenarioTests\ContinuousExportsTests.cs(101,46): error CS0012: The type 'AzureOperationResponse<>' is defined in an assembly that is not referenced. You must add a reference to assembly 'Microsoft.Rest.ClientRuntime.Azure, Version=3.0.0.0, Culture=neutral, PublicKeyToken=31bf3856ad364e35'.
C:\gh\azure-sdk-for-net\sdk\applicationinsights\Microsoft.Azure.Management.ApplicationInsights\tests\ScenarioTests\ContinuousExportsTests.cs(106,54): error CS0012: The type 'AzureOperationResponse<>' is defined in an assembly that is not referenced. You must add a reference to assembly 'Microsoft.Rest.ClientRuntime.Azure, Version=3.0.0.0, Culture=neutral, PublicKeyToken=31bf3856ad364e35'.
C:\gh\azure-sdk-for-net\sdk\applicationinsights\Microsoft.Azure.Management.ApplicationInsights\tests\ScenarioTests\ContinuousExportsTests.cs(112,58): error CS0012: The type 'AzureOperationResponse<>' is defined in an assembly that is not referenced. You must add a reference to assembly 'Microsoft.Rest.ClientRuntime.Azure, Version=3.0.0.0, Culture=neutral, PublicKeyToken=31bf3856ad364e35'.
C:\gh\azure-sdk-for-net\sdk\applicationinsights\Microsoft.Azure.Management.ApplicationInsights\tests\ScenarioTests\ContinuousExportsTests.cs(106,54): error CS0012: The type 'AzureOperationResponse<>' is defined in an assembly that is not referenced. You must add a reference to assembly 'Microsoft.Rest.ClientRuntime.Azure, Version=3.0.0.0, Culture=neutral, PublicKeyToken=31bf3856ad364e35'.
C:\gh\azure-sdk-for-net\sdk\applicationinsights\Microsoft.Azure.Management.ApplicationInsights\tests\ScenarioTests\ContinuousExportsTests.cs(113,58): error CS0012: The type 'AzureOperationResponse<>' is defined in an assembly that is not referenced. You must add a reference to assembly 'Microsoft.Rest.ClientRuntime.Azure, Version=3.0.0.0, Culture=neutral, PublicKeyToken=31bf3856ad364e35'.
C:\gh\azure-sdk-for-net\sdk\applicationinsights\Microsoft.Azure.Management.ApplicationInsights\tests\ScenarioTests\ContinuousExportsTests.cs(114,39): error CS0012: The type 'AzureOperationResponse<>' is defined in an assembly that is not referenced. You must add a reference to assembly 'Microsoft.Rest.ClientRuntime.Azure, Version=3.0.0.0, Culture=neutral, PublicKeyToken=31bf3856ad364e35'.
C:\gh\azure-sdk-for-net\sdk\applicationinsights\Microsoft.Azure.Management.ApplicationInsights\tests\ScenarioTests\ContinuousExportsTests.cs(120,46): error CS0012: The type 'AzureOperationResponse<>' is defined in an assembly that is not referenced. You must add a reference to assembly 'Microsoft.Rest.ClientRuntime.Azure, Version=3.0.0.0, Culture=neutral, PublicKeyToken=31bf3856ad364e35'.
C:\gh\azure-sdk-for-net\sdk\applicationinsights\Microsoft.Azure.Management.ApplicationInsights\tests\ScenarioTests\ContinuousExportsTests.cs(114,39): error CS0012: The type 'AzureOperationResponse<>' is defined in an assembly that is not referenced. You must add a reference to assembly 'Microsoft.Rest.ClientRuntime.Azure, Version=3.0.0.0, Culture=neutral, PublicKeyToken=31bf3856ad364e35'.
C:\gh\azure-sdk-for-net\sdk\applicationinsights\Microsoft.Azure.Management.ApplicationInsights\tests\ScenarioTests\ContinuousExportsTests.cs(121,46): error CS0012: The type 'AzureOperationResponse<>' is defined in an assembly that is not referenced. You must add a reference to assembly 'Microsoft.Rest.ClientRuntime.Azure, Version=3.0.0.0, Culture=neutral, PublicKeyToken=31bf3856ad364e35'.
C:\gh\azure-sdk-for-net\sdk\applicationinsights\Microsoft.Azure.Management.ApplicationInsights\tests\ScenarioTests\ContinuousExportsTests.cs(123,17): error CS0103: The name 'Assert' does not exist in the current context
C:\gh\azure-sdk-for-net\sdk\applicationinsights\Microsoft.Azure.Management.ApplicationInsights\tests\ScenarioTests\ContinuousExportsTests.cs(132,13): error CS0103: The name 'Assert' does not exist in the current context
C:\gh\azure-sdk-for-net\sdk\applicationinsights\Microsoft.Azure.Management.ApplicationInsights\tests\ScenarioTests\ContinuousExportsTests.cs(133,13): error CS0103: The name 'Assert' does not exist in the current context
C:\gh\azure-sdk-for-net\sdk\applicationinsights\Microsoft.Azure.Management.ApplicationInsights\tests\ScenarioTests\ContinuousExportsTests.cs(134,13): error CS0103: The name 'Assert' does not exist in the current context
C:\gh\azure-sdk-for-net\sdk\applicationinsights\Microsoft.Azure.Management.ApplicationInsights\tests\ScenarioTests\ContinuousExportsTests.cs(135,13): error CS0103: The name 'Assert' does not exist in the current context
C:\gh\azure-sdk-for-net\sdk\applicationinsights\Microsoft.Azure.Management.ApplicationInsights\tests\ScenarioTests\ContinuousExportsTests.cs(136,13): error CS0103: The name 'Assert' does not exist in the current context
C:\gh\azure-sdk-for-net\sdk\applicationinsights\Microsoft.Azure.Management.ApplicationInsights\tests\ScenarioTests\TestBase.cs(42,17): error CS0246: The type or namespace name 'TestEnvironment' could not be found (are you missing a using directive or an assembly reference?)
C:\gh\azure-sdk-for-net\sdk\applicationinsights\Microsoft.Azure.Management.ApplicationInsights\tests\ScenarioTests\TestBase.cs(42,43): error CS0246: The type or namespace name 'TestEnvironment' could not be found (are you missing a using directive or an assembly reference?)
C:\gh\azure-sdk-for-net\sdk\applicationinsights\Microsoft.Azure.Management.ApplicationInsights\tests\ScenarioTests\TestBase.cs(61,44): error CS0012: The type 'AzureOperationResponse<>' is defined in an assembly that is not referenced. You must add a reference to assembly 'Microsoft.Rest.ClientRuntime.Azure, Version=3.0.0.0, Culture=neutral, PublicKeyToken=31bf3856ad364e35'.
C:\gh\azure-sdk-for-net\sdk\applicationinsights\Microsoft.Azure.Management.ApplicationInsights\tests\ScenarioTests\TestBase.cs(67,50): error CS0012: The type 'AzureOperationResponse<>' is defined in an assembly that is not referenced. You must add a reference to assembly 'Microsoft.Rest.ClientRuntime.Azure, Version=3.0.0.0, Culture=neutral, PublicKeyToken=31bf3856ad364e35'.
C:\gh\azure-sdk-for-net\sdk\applicationinsights\Microsoft.Azure.Management.ApplicationInsights\tests\ScenarioTests\TestBase.cs(61,44): error CS0012: The type 'AzureOperationResponse<>' is defined in an assembly that is not referenced. You must add a reference to assembly 'Microsoft.Rest.ClientRuntime.Azure, Version=3.0.0.0, Culture=neutral, PublicKeyToken=31bf3856ad364e35'.
C:\gh\azure-sdk-for-net\sdk\applicationinsights\Microsoft.Azure.Management.ApplicationInsights\tests\ScenarioTests\TestBase.cs(68,50): error CS0012: The type 'AzureOperationResponse<>' is defined in an assembly that is not referenced. You must add a reference to assembly 'Microsoft.Rest.ClientRuntime.Azure, Version=3.0.0.0, Culture=neutral, PublicKeyToken=31bf3856ad364e35'.
C:\gh\azure-sdk-for-net\sdk\applicationinsights\Microsoft.Azure.Management.ApplicationInsights\tests\ScenarioTests\TestBase.cs(70,13): error CS0103: The name 'Assert' does not exist in the current context
C:\gh\azure-sdk-for-net\sdk\applicationinsights\Microsoft.Azure.Management.ApplicationInsights\tests\ScenarioTests\TestBase.cs(71,13): error CS0103: The name 'Assert' does not exist in the current context
C:\gh\azure-sdk-for-net\sdk\applicationinsights\Microsoft.Azure.Management.ApplicationInsights\tests\ScenarioTests\TestBase.cs(72,13): error CS0103: The name 'Assert' does not exist in the current context
C:\gh\azure-sdk-for-net\sdk\applicationinsights\Microsoft.Azure.Management.ApplicationInsights\tests\ScenarioTests\TestBase.cs(73,13): error CS0103: The name 'Assert' does not exist in the current context
C:\gh\azure-sdk-for-net\sdk\applicationinsights\Microsoft.Azure.Management.ApplicationInsights\tests\ScenarioTests\TestBase.cs(80,43): error CS0012: The type 'AzureOperationResponse' is defined in an assembly that is not referenced. You must add a reference to assembly 'Microsoft.Rest.ClientRuntime.Azure, Version=3.0.0.0, Culture=neutral, PublicKeyToken=31bf3856ad364e35'.
C:\gh\azure-sdk-for-net\sdk\applicationinsights\Microsoft.Azure.Management.ApplicationInsights\tests\ScenarioTests\TestBase.cs(85,50): error CS0012: The type 'AzureOperationResponse' is defined in an assembly that is not referenced. You must add a reference to assembly 'Microsoft.Rest.ClientRuntime.Azure, Version=3.0.0.0, Culture=neutral, PublicKeyToken=31bf3856ad364e35'.
C:\gh\azure-sdk-for-net\sdk\applicationinsights\Microsoft.Azure.Management.ApplicationInsights\tests\ScenarioTests\TestBase.cs(80,43): error CS0012: The type 'AzureOperationResponse' is defined in an assembly that is not referenced. You must add a reference to assembly 'Microsoft.Rest.ClientRuntime.Azure, Version=3.0.0.0, Culture=neutral, PublicKeyToken=31bf3856ad364e35'.
C:\gh\azure-sdk-for-net\sdk\applicationinsights\Microsoft.Azure.Management.ApplicationInsights\tests\ScenarioTests\TestBase.cs(86,50): error CS0012: The type 'AzureOperationResponse' is defined in an assembly that is not referenced. You must add a reference to assembly 'Microsoft.Rest.ClientRuntime.Azure, Version=3.0.0.0, Culture=neutral, PublicKeyToken=31bf3856ad364e35'.
C:\gh\azure-sdk-for-net\sdk\applicationinsights\Microsoft.Azure.Management.ApplicationInsights\tests\ScenarioTests\TestBase.cs(89,13): error CS0103: The name 'Assert' does not exist in the current context
C:\gh\azure-sdk-for-net\sdk\applicationinsights\Microsoft.Azure.Management.ApplicationInsights\tests\ScenarioTests\TestBase.cs(89,27): error CS0246: The type or namespace name 'CloudException' could not be found (are you missing a using directive or an assembly reference?)
C:\gh\azure-sdk-for-net\sdk\applicationinsights\Microsoft.Azure.Management.ApplicationInsights\tests\ScenarioTests\APIKeysTests.cs(31,20): error CS0246: The type or namespace name 'MockContext' could not be found (are you missing a using directive or an assembly reference?)
C:\gh\azure-sdk-for-net\sdk\applicationinsights\Microsoft.Azure.Management.ApplicationInsights\tests\ScenarioTests\APIKeysTests.cs(31,42): error CS0103: The name 'MockContext' does not exist in the current context
C:\gh\azure-sdk-for-net\sdk\applicationinsights\Microsoft.Azure.Management.ApplicationInsights\tests\ScenarioTests\APIKeysTests.cs(40,44): error CS0012: The type 'AzureOperationResponse<>' is defined in an assembly that is not referenced. You must add a reference to assembly 'Microsoft.Rest.ClientRuntime.Azure, Version=3.0.0.0, Culture=neutral, PublicKeyToken=31bf3856ad364e35'.
C:\gh\azure-sdk-for-net\sdk\applicationinsights\Microsoft.Azure.Management.ApplicationInsights\tests\ScenarioTests\APIKeysTests.cs(46,58): error CS0012: The type 'AzureOperationResponse<>' is defined in an assembly that is not referenced. You must add a reference to assembly 'Microsoft.Rest.ClientRuntime.Azure, Version=3.0.0.0, Culture=neutral, PublicKeyToken=31bf3856ad364e35'.
C:\gh\azure-sdk-for-net\sdk\applicationinsights\Microsoft.Azure.Management.ApplicationInsights\tests\ScenarioTests\APIKeysTests.cs(40,44): error CS0012: The type 'AzureOperationResponse<>' is defined in an assembly that is not referenced. You must add a reference to assembly 'Microsoft.Rest.ClientRuntime.Azure, Version=3.0.0.0, Culture=neutral, PublicKeyToken=31bf3856ad364e35'.
C:\gh\azure-sdk-for-net\sdk\applicationinsights\Microsoft.Azure.Management.ApplicationInsights\tests\ScenarioTests\APIKeysTests.cs(47,58): error CS0012: The type 'AzureOperationResponse<>' is defined in an assembly that is not referenced. You must add a reference to assembly 'Microsoft.Rest.ClientRuntime.Azure, Version=3.0.0.0, Culture=neutral, PublicKeyToken=31bf3856ad364e35'.
C:\gh\azure-sdk-for-net\sdk\applicationinsights\Microsoft.Azure.Management.ApplicationInsights\tests\ScenarioTests\APIKeysTests.cs(51,37): error CS0012: The type 'AzureOperationResponse<>' is defined in an assembly that is not referenced. You must add a reference to assembly 'Microsoft.Rest.ClientRuntime.Azure, Version=3.0.0.0, Culture=neutral, PublicKeyToken=31bf3856ad364e35'.
C:\gh\azure-sdk-for-net\sdk\applicationinsights\Microsoft.Azure.Management.ApplicationInsights\tests\ScenarioTests\APIKeysTests.cs(56,50): error CS0012: The type 'AzureOperationResponse<>' is defined in an assembly that is not referenced. You must add a reference to assembly 'Microsoft.Rest.ClientRuntime.Azure, Version=3.0.0.0, Culture=neutral, PublicKeyToken=31bf3856ad364e35'.
C:\gh\azure-sdk-for-net\sdk\applicationinsights\Microsoft.Azure.Management.ApplicationInsights\tests\ScenarioTests\APIKeysTests.cs(51,37): error CS0012: The type 'AzureOperationResponse<>' is defined in an assembly that is not referenced. You must add a reference to assembly 'Microsoft.Rest.ClientRuntime.Azure, Version=3.0.0.0, Culture=neutral, PublicKeyToken=31bf3856ad364e35'.
C:\gh\azure-sdk-for-net\sdk\applicationinsights\Microsoft.Azure.Management.ApplicationInsights\tests\ScenarioTests\APIKeysTests.cs(57,50): error CS0012: The type 'AzureOperationResponse<>' is defined in an assembly that is not referenced. You must add a reference to assembly 'Microsoft.Rest.ClientRuntime.Azure, Version=3.0.0.0, Culture=neutral, PublicKeyToken=31bf3856ad364e35'.
C:\gh\azure-sdk-for-net\sdk\applicationinsights\Microsoft.Azure.Management.ApplicationInsights\tests\ScenarioTests\APIKeysTests.cs(59,17): error CS0103: The name 'Assert' does not exist in the current context
C:\gh\azure-sdk-for-net\sdk\applicationinsights\Microsoft.Azure.Management.ApplicationInsights\tests\ScenarioTests\APIKeysTests.cs(66,33): error CS0012: The type 'AzureOperationResponse<>' is defined in an assembly that is not referenced. You must add a reference to assembly 'Microsoft.Rest.ClientRuntime.Azure, Version=3.0.0.0, Culture=neutral, PublicKeyToken=31bf3856ad364e35'.
C:\gh\azure-sdk-for-net\sdk\applicationinsights\Microsoft.Azure.Management.ApplicationInsights\tests\ScenarioTests\APIKeysTests.cs(72,46): error CS0012: The type 'AzureOperationResponse<>' is defined in an assembly that is not referenced. You must add a reference to assembly 'Microsoft.Rest.ClientRuntime.Azure, Version=3.0.0.0, Culture=neutral, PublicKeyToken=31bf3856ad364e35'.
C:\gh\azure-sdk-for-net\sdk\applicationinsights\Microsoft.Azure.Management.ApplicationInsights\tests\ScenarioTests\APIKeysTests.cs(66,33): error CS0012: The type 'AzureOperationResponse<>' is defined in an assembly that is not referenced. You must add a reference to assembly 'Microsoft.Rest.ClientRuntime.Azure, Version=3.0.0.0, Culture=neutral, PublicKeyToken=31bf3856ad364e35'.
C:\gh\azure-sdk-for-net\sdk\applicationinsights\Microsoft.Azure.Management.ApplicationInsights\tests\ScenarioTests\APIKeysTests.cs(73,46): error CS0012: The type 'AzureOperationResponse<>' is defined in an assembly that is not referenced. You must add a reference to assembly 'Microsoft.Rest.ClientRuntime.Azure, Version=3.0.0.0, Culture=neutral, PublicKeyToken=31bf3856ad364e35'.
C:\gh\azure-sdk-for-net\sdk\applicationinsights\Microsoft.Azure.Management.ApplicationInsights\tests\ScenarioTests\APIKeysTests.cs(78,44): error CS0012: The type 'AzureOperationResponse<>' is defined in an assembly that is not referenced. You must add a reference to assembly 'Microsoft.Rest.ClientRuntime.Azure, Version=3.0.0.0, Culture=neutral, PublicKeyToken=31bf3856ad364e35'.
C:\gh\azure-sdk-for-net\sdk\applicationinsights\Microsoft.Azure.Management.ApplicationInsights\tests\ScenarioTests\APIKeysTests.cs(84,58): error CS0012: The type 'AzureOperationResponse<>' is defined in an assembly that is not referenced. You must add a reference to assembly 'Microsoft.Rest.ClientRuntime.Azure, Version=3.0.0.0, Culture=neutral, PublicKeyToken=31bf3856ad364e35'.
C:\gh\azure-sdk-for-net\sdk\applicationinsights\Microsoft.Azure.Management.ApplicationInsights\tests\ScenarioTests\APIKeysTests.cs(78,44): error CS0012: The type 'AzureOperationResponse<>' is defined in an assembly that is not referenced. You must add a reference to assembly 'Microsoft.Rest.ClientRuntime.Azure, Version=3.0.0.0, Culture=neutral, PublicKeyToken=31bf3856ad364e35'.
C:\gh\azure-sdk-for-net\sdk\applicationinsights\Microsoft.Azure.Management.ApplicationInsights\tests\ScenarioTests\APIKeysTests.cs(85,58): error CS0012: The type 'AzureOperationResponse<>' is defined in an assembly that is not referenced. You must add a reference to assembly 'Microsoft.Rest.ClientRuntime.Azure, Version=3.0.0.0, Culture=neutral, PublicKeyToken=31bf3856ad364e35'.
C:\gh\azure-sdk-for-net\sdk\applicationinsights\Microsoft.Azure.Management.ApplicationInsights\tests\ScenarioTests\APIKeysTests.cs(88,17): error CS0103: The name 'Assert' does not exist in the current context
C:\gh\azure-sdk-for-net\sdk\applicationinsights\Microsoft.Azure.Management.ApplicationInsights\tests\ScenarioTests\APIKeysTests.cs(88,31): error CS0246: The type or namespace name 'CloudException' could not be found (are you missing a using directive or an assembly reference?)
C:\gh\azure-sdk-for-net\sdk\applicationinsights\Microsoft.Azure.Management.ApplicationInsights\tests\ScenarioTests\APIKeysTests.cs(107,13): error CS0103: The name 'Assert' does not exist in the current context
C:\gh\azure-sdk-for-net\sdk\applicationinsights\Microsoft.Azure.Management.ApplicationInsights\tests\ScenarioTests\APIKeysTests.cs(108,13): error CS0103: The name 'Assert' does not exist in the current context
C:\gh\azure-sdk-for-net\sdk\applicationinsights\Microsoft.Azure.Management.ApplicationInsights\tests\ScenarioTests\APIKeysTests.cs(109,13): error CS0103: The name 'Assert' does not exist in the current context
C:\gh\azure-sdk-for-net\sdk\applicationinsights\Microsoft.Azure.Management.ApplicationInsights\tests\ScenarioTests\APIKeysTests.cs(112,17): error CS0103: The name 'Assert' does not exist in the current context
C:\gh\azure-sdk-for-net\sdk\applicationinsights\Microsoft.Azure.Management.ApplicationInsights\tests\ScenarioTests\APIKeysTests.cs(118,17): error CS0103: The name 'Assert' does not exist in the current context
C:\gh\azure-sdk-for-net\sdk\applicationinsights\Microsoft.Azure.Management.ApplicationInsights\tests\ScenarioTests\WebtestsTests.cs(33,20): error CS0246: The type or namespace name 'MockContext' could not be found (are you missing a using directive or an assembly reference?)
C:\gh\azure-sdk-for-net\sdk\applicationinsights\Microsoft.Azure.Management.ApplicationInsights\tests\ScenarioTests\WebtestsTests.cs(33,42): error CS0103: The name 'MockContext' does not exist in the current context
C:\gh\azure-sdk-for-net\sdk\applicationinsights\Microsoft.Azure.Management.ApplicationInsights\tests\ScenarioTests\WebtestsTests.cs(43,45): error CS0012: The type 'AzureOperationResponse<>' is defined in an assembly that is not referenced. You must add a reference to assembly 'Microsoft.Rest.ClientRuntime.Azure, Version=3.0.0.0, Culture=neutral, PublicKeyToken=31bf3856ad364e35'.
C:\gh\azure-sdk-for-net\sdk\applicationinsights\Microsoft.Azure.Management.ApplicationInsights\tests\ScenarioTests\WebtestsTests.cs(49,50): error CS0012: The type 'AzureOperationResponse<>' is defined in an assembly that is not referenced. You must add a reference to assembly 'Microsoft.Rest.ClientRuntime.Azure, Version=3.0.0.0, Culture=neutral, PublicKeyToken=31bf3856ad364e35'.
C:\gh\azure-sdk-for-net\sdk\applicationinsights\Microsoft.Azure.Management.ApplicationInsights\tests\ScenarioTests\WebtestsTests.cs(43,45): error CS0012: The type 'AzureOperationResponse<>' is defined in an assembly that is not referenced. You must add a reference to assembly 'Microsoft.Rest.ClientRuntime.Azure, Version=3.0.0.0, Culture=neutral, PublicKeyToken=31bf3856ad364e35'.
C:\gh\azure-sdk-for-net\sdk\applicationinsights\Microsoft.Azure.Management.ApplicationInsights\tests\ScenarioTests\WebtestsTests.cs(50,50): error CS0012: The type 'AzureOperationResponse<>' is defined in an assembly that is not referenced. You must add a reference to assembly 'Microsoft.Rest.ClientRuntime.Azure, Version=3.0.0.0, Culture=neutral, PublicKeyToken=31bf3856ad364e35'.
C:\gh\azure-sdk-for-net\sdk\applicationinsights\Microsoft.Azure.Management.ApplicationInsights\tests\ScenarioTests\WebtestsTests.cs(52,17): error CS0103: The name 'Assert' does not exist in the current context
C:\gh\azure-sdk-for-net\sdk\applicationinsights\Microsoft.Azure.Management.ApplicationInsights\tests\ScenarioTests\WebtestsTests.cs(53,17): error CS0103: The name 'Assert' does not exist in the current context
C:\gh\azure-sdk-for-net\sdk\applicationinsights\Microsoft.Azure.Management.ApplicationInsights\tests\ScenarioTests\WebtestsTests.cs(54,17): error CS0103: The name 'Assert' does not exist in the current context
C:\gh\azure-sdk-for-net\sdk\applicationinsights\Microsoft.Azure.Management.ApplicationInsights\tests\ScenarioTests\WebtestsTests.cs(55,17): error CS0103: The name 'Assert' does not exist in the current context
C:\gh\azure-sdk-for-net\sdk\applicationinsights\Microsoft.Azure.Management.ApplicationInsights\tests\ScenarioTests\WebtestsTests.cs(58,44): error CS0012: The type 'AzureOperationResponse<>' is defined in an assembly that is not referenced. You must add a reference to assembly 'Microsoft.Rest.ClientRuntime.Azure, Version=3.0.0.0, Culture=neutral, PublicKeyToken=31bf3856ad364e35'.
C:\gh\azure-sdk-for-net\sdk\applicationinsights\Microsoft.Azure.Management.ApplicationInsights\tests\ScenarioTests\WebtestsTests.cs(61,50): error CS0012: The type 'AzureOperationResponse<>' is defined in an assembly that is not referenced. You must add a reference to assembly 'Microsoft.Rest.ClientRuntime.Azure, Version=3.0.0.0, Culture=neutral, PublicKeyToken=31bf3856ad364e35'.
C:\gh\azure-sdk-for-net\sdk\applicationinsights\Microsoft.Azure.Management.ApplicationInsights\tests\ScenarioTests\WebtestsTests.cs(58,44): error CS0012: The type 'AzureOperationResponse<>' is defined in an assembly that is not referenced. You must add a reference to assembly 'Microsoft.Rest.ClientRuntime.Azure, Version=3.0.0.0, Culture=neutral, PublicKeyToken=31bf3856ad364e35'.
C:\gh\azure-sdk-for-net\sdk\applicationinsights\Microsoft.Azure.Management.ApplicationInsights\tests\ScenarioTests\WebtestsTests.cs(62,50): error CS0012: The type 'AzureOperationResponse<>' is defined in an assembly that is not referenced. You must add a reference to assembly 'Microsoft.Rest.ClientRuntime.Azure, Version=3.0.0.0, Culture=neutral, PublicKeyToken=31bf3856ad364e35'.
C:\gh\azure-sdk-for-net\sdk\applicationinsights\Microsoft.Azure.Management.ApplicationInsights\tests\ScenarioTests\WebtestsTests.cs(64,17): error CS0103: The name 'Assert' does not exist in the current context
C:\gh\azure-sdk-for-net\sdk\applicationinsights\Microsoft.Azure.Management.ApplicationInsights\tests\ScenarioTests\WebtestsTests.cs(67,42): error CS0012: The type 'AzureOperationResponse<>' is defined in an assembly that is not referenced. You must add a reference to assembly 'Microsoft.Rest.ClientRuntime.Azure, Version=3.0.0.0, Culture=neutral, PublicKeyToken=31bf3856ad364e35'.
C:\gh\azure-sdk-for-net\sdk\applicationinsights\Microsoft.Azure.Management.ApplicationInsights\tests\ScenarioTests\WebtestsTests.cs(72,50): error CS0012: The type 'AzureOperationResponse<>' is defined in an assembly that is not referenced. You must add a reference to assembly 'Microsoft.Rest.ClientRuntime.Azure, Version=3.0.0.0, Culture=neutral, PublicKeyToken=31bf3856ad364e35'.
C:\gh\azure-sdk-for-net\sdk\applicationinsights\Microsoft.Azure.Management.ApplicationInsights\tests\ScenarioTests\WebtestsTests.cs(67,42): error CS0012: The type 'AzureOperationResponse<>' is defined in an assembly that is not referenced. You must add a reference to assembly 'Microsoft.Rest.ClientRuntime.Azure, Version=3.0.0.0, Culture=neutral, PublicKeyToken=31bf3856ad364e35'.
C:\gh\azure-sdk-for-net\sdk\applicationinsights\Microsoft.Azure.Management.ApplicationInsights\tests\ScenarioTests\WebtestsTests.cs(73,50): error CS0012: The type 'AzureOperationResponse<>' is defined in an assembly that is not referenced. You must add a reference to assembly 'Microsoft.Rest.ClientRuntime.Azure, Version=3.0.0.0, Culture=neutral, PublicKeyToken=31bf3856ad364e35'.
C:\gh\azure-sdk-for-net\sdk\applicationinsights\Microsoft.Azure.Management.ApplicationInsights\tests\ScenarioTests\WebtestsTests.cs(75,17): error CS0103: The name 'Assert' does not exist in the current context
C:\gh\azure-sdk-for-net\sdk\applicationinsights\Microsoft.Azure.Management.ApplicationInsights\tests\ScenarioTests\WebtestsTests.cs(76,17): error CS0103: The name 'Assert' does not exist in the current context
C:\gh\azure-sdk-for-net\sdk\applicationinsights\Microsoft.Azure.Management.ApplicationInsights\tests\ScenarioTests\WebtestsTests.cs(77,17): error CS0103: The name 'Assert' does not exist in the current context
C:\gh\azure-sdk-for-net\sdk\applicationinsights\Microsoft.Azure.Management.ApplicationInsights\tests\ScenarioTests\WebtestsTests.cs(78,17): error CS0103: The name 'Assert' does not exist in the current context
C:\gh\azure-sdk-for-net\sdk\applicationinsights\Microsoft.Azure.Management.ApplicationInsights\tests\ScenarioTests\WebtestsTests.cs(82,45): error CS0012: The type 'AzureOperationResponse<>' is defined in an assembly that is not referenced. You must add a reference to assembly 'Microsoft.Rest.ClientRuntime.Azure, Version=3.0.0.0, Culture=neutral, PublicKeyToken=31bf3856ad364e35'.
C:\gh\azure-sdk-for-net\sdk\applicationinsights\Microsoft.Azure.Management.ApplicationInsights\tests\ScenarioTests\WebtestsTests.cs(88,50): error CS0012: The type 'AzureOperationResponse<>' is defined in an assembly that is not referenced. You must add a reference to assembly 'Microsoft.Rest.ClientRuntime.Azure, Version=3.0.0.0, Culture=neutral, PublicKeyToken=31bf3856ad364e35'.
C:\gh\azure-sdk-for-net\sdk\applicationinsights\Microsoft.Azure.Management.ApplicationInsights\tests\ScenarioTests\WebtestsTests.cs(82,45): error CS0012: The type 'AzureOperationResponse<>' is defined in an assembly that is not referenced. You must add a reference to assembly 'Microsoft.Rest.ClientRuntime.Azure, Version=3.0.0.0, Culture=neutral, PublicKeyToken=31bf3856ad364e35'.
C:\gh\azure-sdk-for-net\sdk\applicationinsights\Microsoft.Azure.Management.ApplicationInsights\tests\ScenarioTests\WebtestsTests.cs(89,50): error CS0012: The type 'AzureOperationResponse<>' is defined in an assembly that is not referenced. You must add a reference to assembly 'Microsoft.Rest.ClientRuntime.Azure, Version=3.0.0.0, Culture=neutral, PublicKeyToken=31bf3856ad364e35'.
C:\gh\azure-sdk-for-net\sdk\applicationinsights\Microsoft.Azure.Management.ApplicationInsights\tests\ScenarioTests\WebtestsTests.cs(91,17): error CS0103: The name 'Assert' does not exist in the current context
C:\gh\azure-sdk-for-net\sdk\applicationinsights\Microsoft.Azure.Management.ApplicationInsights\tests\ScenarioTests\WebtestsTests.cs(92,17): error CS0103: The name 'Assert' does not exist in the current context
C:\gh\azure-sdk-for-net\sdk\applicationinsights\Microsoft.Azure.Management.ApplicationInsights\tests\ScenarioTests\WebtestsTests.cs(93,17): error CS0103: The name 'Assert' does not exist in the current context
C:\gh\azure-sdk-for-net\sdk\applicationinsights\Microsoft.Azure.Management.ApplicationInsights\tests\ScenarioTests\WebtestsTests.cs(94,17): error CS0103: The name 'Assert' does not exist in the current context
C:\gh\azure-sdk-for-net\sdk\applicationinsights\Microsoft.Azure.Management.ApplicationInsights\tests\ScenarioTests\WebtestsTests.cs(97,45): error CS0012: The type 'AzureOperationResponse' is defined in an assembly that is not referenced. You must add a reference to assembly 'Microsoft.Rest.ClientRuntime.Azure, Version=3.0.0.0, Culture=neutral, PublicKeyToken=31bf3856ad364e35'.
C:\gh\azure-sdk-for-net\sdk\applicationinsights\Microsoft.Azure.Management.ApplicationInsights\tests\ScenarioTests\WebtestsTests.cs(102,50): error CS0012: The type 'AzureOperationResponse' is defined in an assembly that is not referenced. You must add a reference to assembly 'Microsoft.Rest.ClientRuntime.Azure, Version=3.0.0.0, Culture=neutral, PublicKeyToken=31bf3856ad364e35'.
C:\gh\azure-sdk-for-net\sdk\applicationinsights\Microsoft.Azure.Management.ApplicationInsights\tests\ScenarioTests\WebtestsTests.cs(97,45): error CS0012: The type 'AzureOperationResponse' is defined in an assembly that is not referenced. You must add a reference to assembly 'Microsoft.Rest.ClientRuntime.Azure, Version=3.0.0.0, Culture=neutral, PublicKeyToken=31bf3856ad364e35'.
C:\gh\azure-sdk-for-net\sdk\applicationinsights\Microsoft.Azure.Management.ApplicationInsights\tests\ScenarioTests\WebtestsTests.cs(103,50): error CS0012: The type 'AzureOperationResponse' is defined in an assembly that is not referenced. You must add a reference to assembly 'Microsoft.Rest.ClientRuntime.Azure, Version=3.0.0.0, Culture=neutral, PublicKeyToken=31bf3856ad364e35'.
C:\gh\azure-sdk-for-net\sdk\applicationinsights\Microsoft.Azure.Management.ApplicationInsights\tests\ScenarioTests\WebtestsTests.cs(106,17): error CS0103: The name 'Assert' does not exist in the current context
C:\gh\azure-sdk-for-net\sdk\applicationinsights\Microsoft.Azure.Management.ApplicationInsights\tests\ScenarioTests\WebtestsTests.cs(106,31): error CS0246: The type or namespace name 'CloudException' could not be found (are you missing a using directive or an assembly reference?)
C:\gh\azure-sdk-for-net\sdk\applicationinsights\Microsoft.Azure.Management.ApplicationInsights\tests\ScenarioTests\WebtestsTests.cs(8,1): hidden CS8019: Unnecessary using directive.
C:\gh\azure-sdk-for-net\sdk\applicationinsights\Microsoft.Azure.Management.ApplicationInsights\tests\ScenarioTests\FeatureAndPricingTests.cs(12,1): hidden CS8019: Unnecessary using directive.
C:\gh\azure-sdk-for-net\sdk\applicationinsights\Microsoft.Azure.Management.ApplicationInsights\tests\ScenarioTests\ContinuousExportsTests.cs(7,1): hidden CS8019: Unnecessary using directive.
C:\gh\azure-sdk-for-net\sdk\applicationinsights\Microsoft.Azure.Management.ApplicationInsights\tests\Properties\AssemblyInfo.cs(5,1): hidden CS8019: Unnecessary using directive.
C:\gh\azure-sdk-for-net\sdk\applicationinsights\Microsoft.Azure.Management.ApplicationInsights\tests\ScenarioTests\FeatureAndPricingTests.cs(5,1): hidden CS8019: Unnecessary using directive.
C:\gh\azure-sdk-for-net\sdk\applicationinsights\Microsoft.Azure.Management.ApplicationInsights\tests\ScenarioTests\APIKeysTests.cs(7,1): hidden CS8019: Unnecessary using directive.
C:\gh\azure-sdk-for-net\sdk\applicationinsights\Microsoft.Azure.Management.ApplicationInsights\tests\ScenarioTests\ComponentsTests.cs(7,1): hidden CS8019: Unnecessary using directive.
C:\gh\azure-sdk-for-net\sdk\applicationinsights\Microsoft.Azure.Management.ApplicationInsights\tests\ScenarioTests\TestBase.cs(8,1): hidden CS8019: Unnecessary using directive.
C:\gh\azure-sdk-for-net\sdk\applicationinsights\Microsoft.Azure.Management.ApplicationInsights\tests\ScenarioTests\TestBase.cs(9,1): hidden CS8019: Unnecessary using directive.
C:\gh\azure-sdk-for-net\sdk\applicationinsights\Microsoft.Azure.Management.ApplicationInsights\tests\ScenarioTests\WebtestsTests.cs(13,1): hidden CS8019: Unnecessary using directive.
C:\gh\azure-sdk-for-net\sdk\applicationinsights\Microsoft.Azure.Management.ApplicationInsights\tests\ScenarioTests\WebtestsTests.cs(7,1): hidden CS8019: Unnecessary using directive.
C:\gh\azure-sdk-for-net\sdk\applicationinsights\Microsoft.Azure.Management.ApplicationInsights\tests\ScenarioTests\TestBase.cs(13,1): hidden CS8019: Unnecessary using directive.
C:\gh\azure-sdk-for-net\artifacts\obj\Microsoft.Azure.Management.ApplicationInsights.Tests\Debug\netcoreapp3.1\Microsoft.Azure.Management.ApplicationInsights.Tests.AssemblyInfo.cs(12,1): hidden CS8019: Unnecessary using directive.
C:\gh\azure-sdk-for-net\sdk\applicationinsights\Microsoft.Azure.Management.ApplicationInsights\tests\ScenarioTests\TestBase.cs(12,1): hidden CS8019: Unnecessary using directive.
C:\gh\azure-sdk-for-net\sdk\applicationinsights\Microsoft.Azure.Management.ApplicationInsights\tests\ScenarioTests\ContinuousExportsTests.cs(11,1): hidden CS8019: Unnecessary using directive.
C:\gh\azure-sdk-for-net\sdk\applicationinsights\Microsoft.Azure.Management.ApplicationInsights\tests\ScenarioTests\APIKeysTests.cs(11,1): hidden CS8019: Unnecessary using directive.
C:\gh\azure-sdk-for-net\artifacts\obj\Microsoft.Azure.Management.ApplicationInsights.Tests\Debug\netcoreapp3.1\.NETCoreApp,Version=v3.1.AssemblyAttributes.cs(3,1): hidden CS8019: Unnecessary using directive.
C:\gh\azure-sdk-for-net\sdk\applicationinsights\Microsoft.Azure.Management.ApplicationInsights\tests\ScenarioTests\FeatureAndPricingTests.cs(11,1): hidden CS8019: Unnecessary using directive.
C:\gh\azure-sdk-for-net\eng\mgmt\DisableTestRunParallel.cs(4,1): hidden CS8019: Unnecessary using directive.
C:\gh\azure-sdk-for-net\sdk\applicationinsights\Microsoft.Azure.Management.ApplicationInsights\tests\ScenarioTests\ContinuousExportsTests.cs(8,1): hidden CS8019: Unnecessary using directive.
C:\gh\azure-sdk-for-net\sdk\applicationinsights\Microsoft.Azure.Management.ApplicationInsights\tests\ScenarioTests\ComponentsTests.cs(11,1): hidden CS8019: Unnecessary using directive.
C:\gh\azure-sdk-for-net\sdk\applicationinsights\Microsoft.Azure.Management.ApplicationInsights\tests\ScenarioTests\APIKeysTests.cs(8,1): hidden CS8019: Unnecessary using directive.
C:\gh\azure-sdk-for-net\sdk\applicationinsights\Microsoft.Azure.Management.ApplicationInsights\tests\ScenarioTests\FeatureAndPricingTests.cs(9,1): hidden CS8019: Unnecessary using directive.
C:\gh\azure-sdk-for-net\sdk\applicationinsights\Microsoft.Azure.Management.ApplicationInsights\tests\ScenarioTests\ComponentsTests.cs(8,1): hidden CS8019: Unnecessary using directive.
C:\gh\azure-sdk-for-net\artifacts\obj\Microsoft.Azure.Management.ApplicationInsights.Tests\Debug\netcoreapp3.1\Microsoft.Azure.Management.ApplicationInsights.Tests.AssemblyInfo.cs(11,1): hidden CS8019: Unnecessary using directive.
C:\gh\azure-sdk-for-net\artifacts\obj\Microsoft.Azure.Management.ApplicationInsights.Tests\Debug\netcoreapp3.1\.NETCoreApp,Version=v3.1.AssemblyAttributes.cs(2,1): hidden CS8019: Unnecessary using directive.
C:\gh\azure-sdk-for-net\sdk\applicationinsights\Microsoft.Azure.Management.ApplicationInsights\tests\ScenarioTests\TestBase.cs(10,1): hidden CS8019: Unnecessary using directive.
C:\gh\azure-sdk-for-net\sdk\applicationinsights\Microsoft.Azure.Management.ApplicationInsights\tests\ScenarioTests\FeatureAndPricingTests.cs(10,1): hidden CS8019: Unnecessary using directive.
C:\gh\azure-sdk-for-net\sdk\applicationinsights\Microsoft.Azure.Management.ApplicationInsights\tests\ScenarioTests\FeatureAndPricingTests.cs(15,1): hidden CS8019: Unnecessary using directive.
C:\gh\azure-sdk-for-net\eng\mgmt\DisableTestRunParallel.cs(5,1): hidden CS8019: Unnecessary using directive.
C:\gh\azure-sdk-for-net\sdk\applicationinsights\Microsoft.Azure.Management.ApplicationInsights\tests\ScenarioTests\FeatureAndPricingTests.cs(6,1): hidden CS8019: Unnecessary using directive.
