C:\gh\azure-sdk-for-net\sdk\appconfiguration\Azure.ResourceManager.AppConfiguration\tests\Helper\Helper.cs(11,64): error CS0246: The type or namespace name 'ResourceGroupsOperations' could not be found (are you missing a using directive or an assembly reference?)
C:\gh\azure-sdk-for-net\common\ManagementTestShared\ResourceGroupCleanupPolicy.cs(12,47): error CS0246: The type or namespace name 'HttpPipelineSynchronousPolicy' could not be found (are you missing a using directive or an assembly reference?)
C:\gh\azure-sdk-for-net\common\ManagementTestShared\ResourceGroupCleanupPolicy.cs(22,47): error CS0246: The type or namespace name 'HttpMessage' could not be found (are you missing a using directive or an assembly reference?)
C:\gh\azure-sdk-for-net\common\ManagementTestShared\ManagementRecordedTestBase.cs(28,68): error CS0246: The type or namespace name 'Operation<>' could not be found (are you missing a using directive or an assembly reference?)
C:\gh\azure-sdk-for-net\common\ManagementTestShared\ManagementRecordedTestBase.cs(28,19): error CS0246: The type or namespace name 'ValueTask<>' could not be found (are you missing a using directive or an assembly reference?)
C:\gh\azure-sdk-for-net\common\ManagementTestShared\ManagementRecordedTestBase.cs(28,29): error CS0246: The type or namespace name 'Response<>' could not be found (are you missing a using directive or an assembly reference?)
C:\gh\azure-sdk-for-net\sdk\appconfiguration\Azure.ResourceManager.AppConfiguration\tests\AppConfigurationClientBase.cs(12,6): error CS0012: The type 'CategoryAttribute' is defined in an assembly that is not referenced. You must add a reference to assembly 'nunit.framework, Version=3.12.0.0, Culture=neutral, PublicKeyToken=2638cd05610744eb'.
C:\gh\azure-sdk-for-net\common\ManagementTestShared\ManagementRecordedTestBase.cs(67,66): error CS0246: The type or namespace name 'ProvidersOperations' could not be found (are you missing a using directive or an assembly reference?)
C:\gh\azure-sdk-for-net\sdk\appconfiguration\Azure.ResourceManager.AppConfiguration\tests\AppConfigurationClientBase.cs(68,18): error CS0246: The type or namespace name 'NetworkManagementClient' could not be found (are you missing a using directive or an assembly reference?)
C:\gh\azure-sdk-for-net\sdk\appconfiguration\Azure.ResourceManager.AppConfiguration\tests\Tests\AppConfigurationTest.cs(68,10): error CS0246: The type or namespace name 'TestAttribute' could not be found (are you missing a using directive or an assembly reference?)
C:\gh\azure-sdk-for-net\sdk\appconfiguration\Azure.ResourceManager.AppConfiguration\tests\Tests\AppConfigurationTest.cs(68,10): error CS0246: The type or namespace name 'Test' could not be found (are you missing a using directive or an assembly reference?)
C:\gh\azure-sdk-for-net\common\ManagementTestShared\ManagementRecordedTestBase.cs(40,19): error CS0246: The type or namespace name 'ResourcesManagementClient' could not be found (are you missing a using directive or an assembly reference?)
C:\gh\azure-sdk-for-net\sdk\appconfiguration\Azure.ResourceManager.AppConfiguration\tests\Tests\AppConfigurationTest.cs(41,10): error CS0246: The type or namespace name 'TestAttribute' could not be found (are you missing a using directive or an assembly reference?)
C:\gh\azure-sdk-for-net\sdk\appconfiguration\Azure.ResourceManager.AppConfiguration\tests\Tests\AppConfigurationTest.cs(41,10): error CS0246: The type or namespace name 'Test' could not be found (are you missing a using directive or an assembly reference?)
C:\gh\azure-sdk-for-net\sdk\appconfiguration\Azure.ResourceManager.AppConfiguration\tests\Tests\AppConfigurationTest.cs(35,10): error CS0246: The type or namespace name 'TearDownAttribute' could not be found (are you missing a using directive or an assembly reference?)
C:\gh\azure-sdk-for-net\sdk\appconfiguration\Azure.ResourceManager.AppConfiguration\tests\Tests\AppConfigurationTest.cs(35,10): error CS0246: The type or namespace name 'TearDown' could not be found (are you missing a using directive or an assembly reference?)
C:\gh\azure-sdk-for-net\sdk\appconfiguration\Azure.ResourceManager.AppConfiguration\tests\Properties\AssemblyInfo.cs(4,23): error CS0246: The type or namespace name 'Attribute' could not be found (are you missing a using directive or an assembly reference?)
C:\gh\azure-sdk-for-net\sdk\appconfiguration\Azure.ResourceManager.AppConfiguration\tests\Properties\AssemblyInfo.cs(4,12): error CS0518: Predefined type 'System.Void' is not defined or imported
C:\gh\azure-sdk-for-net\sdk\appconfiguration\Azure.ResourceManager.AppConfiguration\tests\AppConfigurationClientBase.cs(6,29): error CS0234: The type or namespace name 'Network' does not exist in the namespace 'Azure.ResourceManager' (are you missing an assembly reference?)
C:\gh\azure-sdk-for-net\sdk\appconfiguration\Azure.ResourceManager.AppConfiguration\tests\AppConfigurationClientBase.cs(7,29): error CS0234: The type or namespace name 'Resources' does not exist in the namespace 'Azure.ResourceManager' (are you missing an assembly reference?)
C:\gh\azure-sdk-for-net\sdk\appconfiguration\Azure.ResourceManager.AppConfiguration\tests\Helper\Helper.cs(4,29): error CS0234: The type or namespace name 'Resources' does not exist in the namespace 'Azure.ResourceManager' (are you missing an assembly reference?)
C:\gh\azure-sdk-for-net\sdk\appconfiguration\Azure.ResourceManager.AppConfiguration\tests\Helper\Helper.cs(5,29): error CS0234: The type or namespace name 'Resources' does not exist in the namespace 'Azure.ResourceManager' (are you missing an assembly reference?)
C:\gh\azure-sdk-for-net\sdk\appconfiguration\Azure.ResourceManager.AppConfiguration\tests\Tests\AppConfigurationTest.cs(9,29): error CS0234: The type or namespace name 'Network' does not exist in the namespace 'Azure.ResourceManager' (are you missing an assembly reference?)
C:\gh\azure-sdk-for-net\sdk\appconfiguration\Azure.ResourceManager.AppConfiguration\tests\Tests\AppConfigurationTest.cs(10,29): error CS0234: The type or namespace name 'Network' does not exist in the namespace 'Azure.ResourceManager' (are you missing an assembly reference?)
C:\gh\azure-sdk-for-net\sdk\appconfiguration\Azure.ResourceManager.AppConfiguration\tests\Tests\AppConfigurationTest.cs(13,7): error CS0246: The type or namespace name 'NUnit' could not be found (are you missing a using directive or an assembly reference?)
C:\gh\azure-sdk-for-net\common\ManagementTestShared\ManagementRecordedTestBase.cs(6,29): error CS0234: The type or namespace name 'Resources' does not exist in the namespace 'Azure.ResourceManager' (are you missing an assembly reference?)
C:\gh\azure-sdk-for-net\sdk\appconfiguration\Azure.ResourceManager.AppConfiguration\tests\AppConfigurationClientBase.cs(16,16): error CS0246: The type or namespace name 'ResourcesManagementClient' could not be found (are you missing a using directive or an assembly reference?)
C:\gh\azure-sdk-for-net\sdk\appconfiguration\Azure.ResourceManager.AppConfiguration\tests\AppConfigurationClientBase.cs(19,16): error CS0246: The type or namespace name 'ResourceGroupsOperations' could not be found (are you missing a using directive or an assembly reference?)
C:\gh\azure-sdk-for-net\sdk\appconfiguration\Azure.ResourceManager.AppConfiguration\tests\AppConfigurationClientBase.cs(30,16): error CS0246: The type or namespace name 'NetworkManagementClient' could not be found (are you missing a using directive or an assembly reference?)
C:\gh\azure-sdk-for-net\sdk\appconfiguration\Azure.ResourceManager.AppConfiguration\tests\AppConfigurationClientBase.cs(31,16): error CS0246: The type or namespace name 'VirtualNetworksOperations' could not be found (are you missing a using directive or an assembly reference?)
C:\gh\azure-sdk-for-net\sdk\appconfiguration\Azure.ResourceManager.AppConfiguration\tests\AppConfigurationClientBase.cs(32,16): error CS0246: The type or namespace name 'SubnetsOperations' could not be found (are you missing a using directive or an assembly reference?)
C:\gh\azure-sdk-for-net\sdk\appconfiguration\Azure.ResourceManager.AppConfiguration\tests\AppConfigurationClientBase.cs(33,16): error CS0246: The type or namespace name 'PrivateEndpointsOperations' could not be found (are you missing a using directive or an assembly reference?)
C:\gh\azure-sdk-for-net\sdk\appconfiguration\Azure.ResourceManager.AppConfiguration\tests\Tests\AppConfigurationTest.cs(26,10): error CS0246: The type or namespace name 'SetUpAttribute' could not be found (are you missing a using directive or an assembly reference?)
C:\gh\azure-sdk-for-net\sdk\appconfiguration\Azure.ResourceManager.AppConfiguration\tests\Tests\AppConfigurationTest.cs(26,10): error CS0246: The type or namespace name 'SetUp' could not be found (are you missing a using directive or an assembly reference?)
C:\gh\azure-sdk-for-net\sdk\appconfiguration\Azure.ResourceManager.AppConfiguration\tests\Helper\Helper.cs(13,87): error CS0246: The type or namespace name 'ResourceGroup' could not be found (are you missing a using directive or an assembly reference?)
C:\gh\azure-sdk-for-net\common\ManagementTestShared\ResourceGroupCleanupPolicy.cs(24,43): error CS0103: The name 'RequestMethod' does not exist in the current context
C:\gh\azure-sdk-for-net\sdk\appconfiguration\Azure.ResourceManager.AppConfiguration\tests\AppConfigurationClientBase.cs(55,66): error CS1061: 'ResourcesManagementClient' does not contain a definition for 'ResourceGroups' and no accessible extension method 'ResourceGroups' accepting a first argument of type 'ResourcesManagementClient' could be found (are you missing a using directive or an assembly reference?)
C:\gh\azure-sdk-for-net\sdk\appconfiguration\Azure.ResourceManager.AppConfiguration\tests\AppConfigurationClientBase.cs(57,65): error CS1061: 'NetworkManagementClient' does not contain a definition for 'VirtualNetworks' and no accessible extension method 'VirtualNetworks' accepting a first argument of type 'NetworkManagementClient' could be found (are you missing a using directive or an assembly reference?)
C:\gh\azure-sdk-for-net\sdk\appconfiguration\Azure.ResourceManager.AppConfiguration\tests\AppConfigurationClientBase.cs(58,57): error CS1061: 'NetworkManagementClient' does not contain a definition for 'Subnets' and no accessible extension method 'Subnets' accepting a first argument of type 'NetworkManagementClient' could be found (are you missing a using directive or an assembly reference?)
C:\gh\azure-sdk-for-net\sdk\appconfiguration\Azure.ResourceManager.AppConfiguration\tests\AppConfigurationClientBase.cs(59,66): error CS1061: 'NetworkManagementClient' does not contain a definition for 'PrivateEndpoints' and no accessible extension method 'PrivateEndpoints' accepting a first argument of type 'NetworkManagementClient' could be found (are you missing a using directive or an assembly reference?)
C:\gh\azure-sdk-for-net\common\ManagementTestShared\ManagementRecordedTestBase.cs(42,55): error CS0246: The type or namespace name 'ResourcesManagementClientOptions' could not be found (are you missing a using directive or an assembly reference?)
C:\gh\azure-sdk-for-net\common\ManagementTestShared\ManagementRecordedTestBase.cs(44,21): error CS0012: The type 'ClientOptions' is defined in an assembly that is not referenced. You must add a reference to assembly 'Azure.Core, Version=1.4.1.0, Culture=neutral, PublicKeyToken=92742159e12e44c8'.
C:\gh\azure-sdk-for-net\common\ManagementTestShared\ManagementRecordedTestBase.cs(44,46): error CS0103: The name 'HttpPipelinePosition' does not exist in the current context
C:\gh\azure-sdk-for-net\common\ManagementTestShared\ManagementRecordedTestBase.cs(44,21): error CS1061: 'T' does not contain a definition for 'AddPolicy' and no accessible extension method 'AddPolicy' accepting a first argument of type 'T' could be found (are you missing a using directive or an assembly reference?)
C:\gh\azure-sdk-for-net\common\ManagementTestShared\ManagementRecordedTestBase.cs(46,33): error CS0246: The type or namespace name 'ResourcesManagementClient' could not be found (are you missing a using directive or an assembly reference?)
C:\gh\azure-sdk-for-net\common\ManagementTestShared\ManagementRecordedTestBase.cs(48,33): error CS0012: The type 'TokenCredential' is defined in an assembly that is not referenced. You must add a reference to assembly 'Azure.Core, Version=1.4.1.0, Culture=neutral, PublicKeyToken=92742159e12e44c8'.
C:\gh\azure-sdk-for-net\sdk\appconfiguration\Azure.ResourceManager.AppConfiguration\tests\AppConfigurationClientBase.cs(65,33): error CS0012: The type 'TokenCredential' is defined in an assembly that is not referenced. You must add a reference to assembly 'Azure.Core, Version=1.4.1.0, Culture=neutral, PublicKeyToken=92742159e12e44c8'.
C:\gh\azure-sdk-for-net\sdk\appconfiguration\Azure.ResourceManager.AppConfiguration\tests\AppConfigurationClientBase.cs(66,45): error CS0518: Predefined type 'System.Void' is not defined or imported
C:\gh\azure-sdk-for-net\sdk\appconfiguration\Azure.ResourceManager.AppConfiguration\tests\AppConfigurationClientBase.cs(70,33): error CS0246: The type or namespace name 'NetworkManagementClient' could not be found (are you missing a using directive or an assembly reference?)
C:\gh\azure-sdk-for-net\sdk\appconfiguration\Azure.ResourceManager.AppConfiguration\tests\AppConfigurationClientBase.cs(71,33): error CS0012: The type 'TokenCredential' is defined in an assembly that is not referenced. You must add a reference to assembly 'Azure.Core, Version=1.4.1.0, Culture=neutral, PublicKeyToken=92742159e12e44c8'.
C:\gh\azure-sdk-for-net\sdk\appconfiguration\Azure.ResourceManager.AppConfiguration\tests\AppConfigurationClientBase.cs(72,45): error CS0246: The type or namespace name 'NetworkManagementClientOptions' could not be found (are you missing a using directive or an assembly reference?)
C:\gh\azure-sdk-for-net\sdk\appconfiguration\Azure.ResourceManager.AppConfiguration\tests\Tests\AppConfigurationTest.cs(50,55): error CS0518: Predefined type 'System.Void' is not defined or imported
C:\gh\azure-sdk-for-net\sdk\appconfiguration\Azure.ResourceManager.AppConfiguration\tests\Tests\AppConfigurationTest.cs(49,51): error CS0518: Predefined type 'System.Void' is not defined or imported
C:\gh\azure-sdk-for-net\sdk\appconfiguration\Azure.ResourceManager.AppConfiguration\tests\Tests\AppConfigurationTest.cs(48,53): error CS0246: The type or namespace name 'Task<>' could not be found (are you missing a using directive or an assembly reference?)
C:\gh\azure-sdk-for-net\sdk\appconfiguration\Azure.ResourceManager.AppConfiguration\tests\Tests\AppConfigurationTest.cs(53,13): error CS0103: The name 'Assert' does not exist in the current context
C:\gh\azure-sdk-for-net\sdk\appconfiguration\Azure.ResourceManager.AppConfiguration\tests\Tests\AppConfigurationTest.cs(54,13): error CS0103: The name 'Assert' does not exist in the current context
C:\gh\azure-sdk-for-net\sdk\appconfiguration\Azure.ResourceManager.AppConfiguration\tests\Tests\AppConfigurationTest.cs(56,38): error CS0246: The type or namespace name 'AsyncPageable<>' could not be found (are you missing a using directive or an assembly reference?)
C:\gh\azure-sdk-for-net\sdk\appconfiguration\Azure.ResourceManager.AppConfiguration\tests\Tests\AppConfigurationTest.cs(57,39): error CS0012: The type 'IAsyncEnumerable<>' is defined in an assembly that is not referenced. You must add a reference to assembly 'Microsoft.Bcl.AsyncInterfaces, Version=1.0.0.0, Culture=neutral, PublicKeyToken=cc7b13ffcd2ddd51'.
C:\gh\azure-sdk-for-net\sdk\appconfiguration\Azure.ResourceManager.AppConfiguration\tests\Tests\AppConfigurationTest.cs(58,13): error CS0103: The name 'Assert' does not exist in the current context
C:\gh\azure-sdk-for-net\sdk\appconfiguration\Azure.ResourceManager.AppConfiguration\tests\Tests\AppConfigurationTest.cs(58,25): error CS0019: Operator '>=' cannot be applied to operands of type 'method group' and 'int'
C:\gh\azure-sdk-for-net\sdk\appconfiguration\Azure.ResourceManager.AppConfiguration\tests\Tests\AppConfigurationTest.cs(60,142): error CS0518: Predefined type 'System.Void' is not defined or imported
C:\gh\azure-sdk-for-net\sdk\appconfiguration\Azure.ResourceManager.AppConfiguration\tests\Tests\AppConfigurationTest.cs(60,170): error CS0518: Predefined type 'System.String' is not defined or imported
C:\gh\azure-sdk-for-net\sdk\appconfiguration\Azure.ResourceManager.AppConfiguration\tests\Tests\AppConfigurationTest.cs(60,50): error CS0246: The type or namespace name 'Task<>' could not be found (are you missing a using directive or an assembly reference?)
C:\gh\azure-sdk-for-net\sdk\appconfiguration\Azure.ResourceManager.AppConfiguration\tests\Tests\AppConfigurationTest.cs(61,13): error CS0103: The name 'Assert' does not exist in the current context
C:\gh\azure-sdk-for-net\common\ManagementTestShared\ManagementRecordedTestBase.cs(56,48): error CS0246: The type or namespace name 'ResourcesManagementClient' could not be found (are you missing a using directive or an assembly reference?)
C:\gh\azure-sdk-for-net\common\ManagementTestShared\ManagementRecordedTestBase.cs(58,37): error CS0012: The type 'TokenCredential' is defined in an assembly that is not referenced. You must add a reference to assembly 'Azure.Core, Version=1.4.1.0, Culture=neutral, PublicKeyToken=92742159e12e44c8'.
C:\gh\azure-sdk-for-net\common\ManagementTestShared\ManagementRecordedTestBase.cs(59,25): error CS0246: The type or namespace name 'ResourcesManagementClientOptions' could not be found (are you missing a using directive or an assembly reference?)
C:\gh\azure-sdk-for-net\sdk\appconfiguration\Azure.ResourceManager.AppConfiguration\tests\Tests\AppConfigurationTest.cs(80,180): error CS0518: Predefined type 'System.Void' is not defined or imported
C:\gh\azure-sdk-for-net\sdk\appconfiguration\Azure.ResourceManager.AppConfiguration\tests\Tests\AppConfigurationTest.cs(80,147): error CS0518: Predefined type 'System.Void' is not defined or imported
C:\gh\azure-sdk-for-net\sdk\appconfiguration\Azure.ResourceManager.AppConfiguration\tests\Tests\AppConfigurationTest.cs(80,53): error CS0246: The type or namespace name 'Task<>' could not be found (are you missing a using directive or an assembly reference?)
C:\gh\azure-sdk-for-net\sdk\appconfiguration\Azure.ResourceManager.AppConfiguration\tests\Tests\AppConfigurationTest.cs(82,13): error CS0103: The name 'Assert' does not exist in the current context
C:\gh\azure-sdk-for-net\sdk\appconfiguration\Azure.ResourceManager.AppConfiguration\tests\Tests\AppConfigurationTest.cs(83,13): error CS0246: The type or namespace name 'VirtualNetwork' could not be found (are you missing a using directive or an assembly reference?)
C:\gh\azure-sdk-for-net\sdk\appconfiguration\Azure.ResourceManager.AppConfiguration\tests\Tests\AppConfigurationTest.cs(83,39): error CS0246: The type or namespace name 'VirtualNetwork' could not be found (are you missing a using directive or an assembly reference?)
C:\gh\azure-sdk-for-net\sdk\appconfiguration\Azure.ResourceManager.AppConfiguration\tests\Tests\AppConfigurationTest.cs(86,36): error CS0246: The type or namespace name 'AddressSpace' could not be found (are you missing a using directive or an assembly reference?)
C:\gh\azure-sdk-for-net\sdk\appconfiguration\Azure.ResourceManager.AppConfiguration\tests\Tests\AppConfigurationTest.cs(90,35): error CS0246: The type or namespace name 'DhcpOptions' could not be found (are you missing a using directive or an assembly reference?)
C:\gh\azure-sdk-for-net\sdk\appconfiguration\Azure.ResourceManager.AppConfiguration\tests\Tests\AppConfigurationTest.cs(94,33): error CS0246: The type or namespace name 'Subnet' could not be found (are you missing a using directive or an assembly reference?)
C:\gh\azure-sdk-for-net\sdk\appconfiguration\Azure.ResourceManager.AppConfiguration\tests\Tests\AppConfigurationTest.cs(96,103): error CS1061: 'NetworkManagementClient' does not contain a definition for 'VirtualNetworks' and no accessible extension method 'VirtualNetworks' accepting a first argument of type 'NetworkManagementClient' could be found (are you missing a using directive or an assembly reference?)
C:\gh\azure-sdk-for-net\sdk\appconfiguration\Azure.ResourceManager.AppConfiguration\tests\Tests\AppConfigurationTest.cs(97,13): error CS0103: The name 'Assert' does not exist in the current context
C:\gh\azure-sdk-for-net\sdk\appconfiguration\Azure.ResourceManager.AppConfiguration\tests\Tests\AppConfigurationTest.cs(99,37): error CS0234: The type or namespace name 'Network' does not exist in the namespace 'Azure.ResourceManager' (are you missing an assembly reference?)
C:\gh\azure-sdk-for-net\sdk\appconfiguration\Azure.ResourceManager.AppConfiguration\tests\Tests\AppConfigurationTest.cs(102,59): error CS0246: The type or namespace name 'PrivateLinkServiceConnection' could not be found (are you missing a using directive or an assembly reference?)
C:\gh\azure-sdk-for-net\sdk\appconfiguration\Azure.ResourceManager.AppConfiguration\tests\Tests\AppConfigurationTest.cs(110,34): error CS0246: The type or namespace name 'Subnet' could not be found (are you missing a using directive or an assembly reference?)
C:\gh\azure-sdk-for-net\sdk\appconfiguration\Azure.ResourceManager.AppConfiguration\tests\Tests\AppConfigurationTest.cs(98,108): error CS1061: 'PrivateEndpointsOperations' does not contain a definition for 'StartCreateOrUpdateAsync' and no accessible extension method 'StartCreateOrUpdateAsync' accepting a first argument of type 'PrivateEndpointsOperations' could be found (are you missing a using directive or an assembly reference?)
C:\gh\azure-sdk-for-net\sdk\appconfiguration\Azure.ResourceManager.AppConfiguration\tests\Tests\AppConfigurationTest.cs(113,49): error CS0246: The type or namespace name 'Task<>' could not be found (are you missing a using directive or an assembly reference?)
C:\gh\azure-sdk-for-net\sdk\appconfiguration\Azure.ResourceManager.AppConfiguration\tests\Tests\AppConfigurationTest.cs(114,13): error CS0103: The name 'Assert' does not exist in the current context
C:\gh\azure-sdk-for-net\sdk\appconfiguration\Azure.ResourceManager.AppConfiguration\tests\Tests\AppConfigurationTest.cs(122,37): error CS0518: Predefined type 'System.Void' is not defined or imported
C:\gh\azure-sdk-for-net\sdk\appconfiguration\Azure.ResourceManager.AppConfiguration\tests\Tests\AppConfigurationTest.cs(122,37): error CS1729: 'PrivateEndpoint' does not contain a constructor that takes 1 arguments
C:\gh\azure-sdk-for-net\sdk\appconfiguration\Azure.ResourceManager.AppConfiguration\tests\Tests\AppConfigurationTest.cs(123,37): error CS0518: Predefined type 'System.Void' is not defined or imported
C:\gh\azure-sdk-for-net\sdk\appconfiguration\Azure.ResourceManager.AppConfiguration\tests\Tests\AppConfigurationTest.cs(123,37): error CS1729: 'PrivateLinkServiceConnectionState' does not contain a constructor that takes 3 arguments
C:\gh\azure-sdk-for-net\sdk\appconfiguration\Azure.ResourceManager.AppConfiguration\tests\Tests\AppConfigurationTest.cs(119,33): error CS0518: Predefined type 'System.Void' is not defined or imported
C:\gh\azure-sdk-for-net\sdk\appconfiguration\Azure.ResourceManager.AppConfiguration\tests\Tests\AppConfigurationTest.cs(119,33): error CS1729: 'PrivateEndpointConnection' does not contain a constructor that takes 6 arguments
C:\gh\azure-sdk-for-net\sdk\appconfiguration\Azure.ResourceManager.AppConfiguration\tests\Tests\AppConfigurationTest.cs(118,94): error CS0246: The type or namespace name 'Task<>' could not be found (are you missing a using directive or an assembly reference?)
C:\gh\azure-sdk-for-net\sdk\appconfiguration\Azure.ResourceManager.AppConfiguration\tests\Tests\AppConfigurationTest.cs(125,13): error CS0103: The name 'Assert' does not exist in the current context
C:\gh\azure-sdk-for-net\sdk\appconfiguration\Azure.ResourceManager.AppConfiguration\tests\Tests\AppConfigurationTest.cs(126,62): error CS0246: The type or namespace name 'Task<>' could not be found (are you missing a using directive or an assembly reference?)
C:\gh\azure-sdk-for-net\sdk\appconfiguration\Azure.ResourceManager.AppConfiguration\tests\Tests\AppConfigurationTest.cs(127,13): error CS0103: The name 'Assert' does not exist in the current context
C:\gh\azure-sdk-for-net\sdk\appconfiguration\Azure.ResourceManager.AppConfiguration\tests\Tests\AppConfigurationTest.cs(129,45): error CS0246: The type or namespace name 'AsyncPageable<>' could not be found (are you missing a using directive or an assembly reference?)
C:\gh\azure-sdk-for-net\sdk\appconfiguration\Azure.ResourceManager.AppConfiguration\tests\Tests\AppConfigurationTest.cs(130,48): error CS0012: The type 'IAsyncEnumerable<>' is defined in an assembly that is not referenced. You must add a reference to assembly 'Microsoft.Bcl.AsyncInterfaces, Version=1.0.0.0, Culture=neutral, PublicKeyToken=cc7b13ffcd2ddd51'.
C:\gh\azure-sdk-for-net\sdk\appconfiguration\Azure.ResourceManager.AppConfiguration\tests\Tests\AppConfigurationTest.cs(133,54): error CS0246: The type or namespace name 'Task<>' could not be found (are you missing a using directive or an assembly reference?)
C:\gh\azure-sdk-for-net\sdk\appconfiguration\Azure.ResourceManager.AppConfiguration\tests\Tests\AppConfigurationTest.cs(134,13): error CS0103: The name 'Assert' does not exist in the current context
C:\gh\azure-sdk-for-net\sdk\appconfiguration\Azure.ResourceManager.AppConfiguration\tests\Tests\AppConfigurationTest.cs(135,50): error CS0246: The type or namespace name 'AsyncPageable<>' could not be found (are you missing a using directive or an assembly reference?)
C:\gh\azure-sdk-for-net\sdk\appconfiguration\Azure.ResourceManager.AppConfiguration\tests\Tests\AppConfigurationTest.cs(136,58): error CS0012: The type 'IAsyncEnumerable<>' is defined in an assembly that is not referenced. You must add a reference to assembly 'Microsoft.Bcl.AsyncInterfaces, Version=1.0.0.0, Culture=neutral, PublicKeyToken=cc7b13ffcd2ddd51'.
C:\gh\azure-sdk-for-net\sdk\appconfiguration\Azure.ResourceManager.AppConfiguration\tests\Tests\AppConfigurationTest.cs(137,13): error CS0103: The name 'Assert' does not exist in the current context
C:\gh\azure-sdk-for-net\sdk\appconfiguration\Azure.ResourceManager.AppConfiguration\tests\Tests\AppConfigurationTest.cs(139,56): error CS0246: The type or namespace name 'AsyncPageable<>' could not be found (are you missing a using directive or an assembly reference?)
C:\gh\azure-sdk-for-net\sdk\appconfiguration\Azure.ResourceManager.AppConfiguration\tests\Tests\AppConfigurationTest.cs(143,48): error CS0246: The type or namespace name 'Task<>' could not be found (are you missing a using directive or an assembly reference?)
C:\gh\azure-sdk-for-net\sdk\appconfiguration\Azure.ResourceManager.AppConfiguration\tests\Tests\AppConfigurationTest.cs(144,13): error CS0103: The name 'Assert' does not exist in the current context
C:\gh\azure-sdk-for-net\sdk\appconfiguration\Azure.ResourceManager.AppConfiguration\tests\Tests\AppConfigurationTest.cs(147,52): error CS0246: The type or namespace name 'AsyncPageable<>' could not be found (are you missing a using directive or an assembly reference?)
C:\gh\azure-sdk-for-net\sdk\appconfiguration\Azure.ResourceManager.AppConfiguration\tests\Tests\AppConfigurationTest.cs(148,13): error CS0103: The name 'Assert' does not exist in the current context
C:\gh\azure-sdk-for-net\sdk\appconfiguration\Azure.ResourceManager.AppConfiguration\tests\Tests\AppConfigurationTest.cs(148,27): error CS0019: Operator '>=' cannot be applied to operands of type 'method group' and 'int'
C:\gh\azure-sdk-for-net\sdk\appconfiguration\Azure.ResourceManager.AppConfiguration\tests\Tests\AppConfigurationTest.cs(151,45): error CS0246: The type or namespace name 'AsyncPageable<>' could not be found (are you missing a using directive or an assembly reference?)
C:\gh\azure-sdk-for-net\sdk\appconfiguration\Azure.ResourceManager.AppConfiguration\tests\Tests\AppConfigurationTest.cs(153,13): error CS0103: The name 'Assert' does not exist in the current context
C:\gh\azure-sdk-for-net\sdk\appconfiguration\Azure.ResourceManager.AppConfiguration\tests\Tests\AppConfigurationTest.cs(153,27): error CS0019: Operator '>=' cannot be applied to operands of type 'method group' and 'int'
C:\gh\azure-sdk-for-net\sdk\appconfiguration\Azure.ResourceManager.AppConfiguration\tests\Tests\AppConfigurationTest.cs(156,69): error CS0246: The type or namespace name 'AsyncPageable<>' could not be found (are you missing a using directive or an assembly reference?)
C:\gh\azure-sdk-for-net\sdk\appconfiguration\Azure.ResourceManager.AppConfiguration\tests\Tests\AppConfigurationTest.cs(157,13): error CS0103: The name 'Assert' does not exist in the current context
C:\gh\azure-sdk-for-net\sdk\appconfiguration\Azure.ResourceManager.AppConfiguration\tests\Tests\AppConfigurationTest.cs(157,27): error CS0019: Operator '>=' cannot be applied to operands of type 'method group' and 'int'
C:\gh\azure-sdk-for-net\sdk\appconfiguration\Azure.ResourceManager.AppConfiguration\tests\Tests\AppConfigurationTest.cs(160,55): error CS0246: The type or namespace name 'AsyncPageable<>' could not be found (are you missing a using directive or an assembly reference?)
C:\gh\azure-sdk-for-net\sdk\appconfiguration\Azure.ResourceManager.AppConfiguration\tests\Tests\AppConfigurationTest.cs(161,13): error CS0103: The name 'Assert' does not exist in the current context
C:\gh\azure-sdk-for-net\sdk\appconfiguration\Azure.ResourceManager.AppConfiguration\tests\Tests\AppConfigurationTest.cs(161,27): error CS0019: Operator '>=' cannot be applied to operands of type 'method group' and 'int'
C:\gh\azure-sdk-for-net\sdk\appconfiguration\Azure.ResourceManager.AppConfiguration\tests\Tests\AppConfigurationTest.cs(164,185): error CS0518: Predefined type 'System.Void' is not defined or imported
C:\gh\azure-sdk-for-net\sdk\appconfiguration\Azure.ResourceManager.AppConfiguration\tests\Tests\AppConfigurationTest.cs(166,17): error CS0246: The type or namespace name 'IDictionary<,>' could not be found (are you missing a using directive or an assembly reference?)
C:\gh\azure-sdk-for-net\sdk\appconfiguration\Azure.ResourceManager.AppConfiguration\tests\Tests\AppConfigurationTest.cs(167,17): error CS0518: Predefined type 'System.Void' is not defined or imported
C:\gh\azure-sdk-for-net\sdk\appconfiguration\Azure.ResourceManager.AppConfiguration\tests\Tests\AppConfigurationTest.cs(167,27): error CS0518: Predefined type 'System.Void' is not defined or imported
C:\gh\azure-sdk-for-net\sdk\appconfiguration\Azure.ResourceManager.AppConfiguration\tests\Tests\AppConfigurationTest.cs(164,91): error CS0246: The type or namespace name 'Task<>' could not be found (are you missing a using directive or an assembly reference?)
C:\gh\azure-sdk-for-net\sdk\appconfiguration\Azure.ResourceManager.AppConfiguration\tests\Tests\AppConfigurationTest.cs(169,13): error CS0103: The name 'Assert' does not exist in the current context
C:\gh\azure-sdk-for-net\sdk\appconfiguration\Azure.ResourceManager.AppConfiguration\tests\Tests\AppConfigurationTest.cs(171,97): error CS0518: Predefined type 'System.Void' is not defined or imported
C:\gh\azure-sdk-for-net\sdk\appconfiguration\Azure.ResourceManager.AppConfiguration\tests\Tests\AppConfigurationTest.cs(171,55): error CS0246: The type or namespace name 'Task<>' could not be found (are you missing a using directive or an assembly reference?)
C:\gh\azure-sdk-for-net\sdk\appconfiguration\Azure.ResourceManager.AppConfiguration\tests\Tests\AppConfigurationTest.cs(172,13): error CS0103: The name 'Assert' does not exist in the current context
C:\gh\azure-sdk-for-net\sdk\appconfiguration\Azure.ResourceManager.AppConfiguration\tests\Tests\AppConfigurationTest.cs(174,94): error CS0246: The type or namespace name 'Task<>' could not be found (are you missing a using directive or an assembly reference?)
C:\gh\azure-sdk-for-net\sdk\appconfiguration\Azure.ResourceManager.AppConfiguration\tests\Tests\AppConfigurationTest.cs(175,13): error CS0103: The name 'Assert' does not exist in the current context
C:\gh\azure-sdk-for-net\sdk\appconfiguration\Azure.ResourceManager.AppConfiguration\tests\Tests\AppConfigurationTest.cs(177,80): error CS0246: The type or namespace name 'Task<>' could not be found (are you missing a using directive or an assembly reference?)
C:\gh\azure-sdk-for-net\sdk\appconfiguration\Azure.ResourceManager.AppConfiguration\tests\Tests\AppConfigurationTest.cs(178,13): error CS0103: The name 'Assert' does not exist in the current context
C:\gh\azure-sdk-for-net\sdk\appconfiguration\Azure.ResourceManager.AppConfiguration\tests\AppConfigurationClientBase.cs(4,1): hidden CS8019: Unnecessary using directive.
C:\gh\azure-sdk-for-net\common\ManagementTestShared\ResourceGroupCleanupPolicy.cs(8,1): hidden CS8019: Unnecessary using directive.
C:\gh\azure-sdk-for-net\sdk\appconfiguration\Azure.ResourceManager.AppConfiguration\tests\AppConfigurationClientBase.cs(6,1): hidden CS8019: Unnecessary using directive.
C:\gh\azure-sdk-for-net\artifacts\obj\Azure.ResourceManager.AppConfiguration.Tests\Debug\net461\.NETFramework,Version=v4.6.1.AssemblyAttributes.cs(2,1): hidden CS8019: Unnecessary using directive.
C:\gh\azure-sdk-for-net\sdk\appconfiguration\Azure.ResourceManager.AppConfiguration\tests\Tests\AppConfigurationTest.cs(9,1): hidden CS8019: Unnecessary using directive.
C:\gh\azure-sdk-for-net\artifacts\obj\Azure.ResourceManager.AppConfiguration.Tests\Debug\net461\Azure.ResourceManager.AppConfiguration.Tests.AssemblyInfo.cs(11,1): hidden CS8019: Unnecessary using directive.
C:\gh\azure-sdk-for-net\artifacts\obj\Azure.ResourceManager.AppConfiguration.Tests\Debug\net461\.NETFramework,Version=v4.6.1.AssemblyAttributes.cs(3,1): hidden CS8019: Unnecessary using directive.
C:\gh\azure-sdk-for-net\common\ManagementTestShared\ManagementRecordedTestBase.cs(6,1): hidden CS8019: Unnecessary using directive.
C:\gh\azure-sdk-for-net\common\ManagementTestShared\ResourceGroupCleanupPolicy.cs(7,1): hidden CS8019: Unnecessary using directive.
C:\gh\azure-sdk-for-net\sdk\appconfiguration\Azure.ResourceManager.AppConfiguration\tests\Helper\Helper.cs(4,1): hidden CS8019: Unnecessary using directive.
C:\gh\azure-sdk-for-net\sdk\appconfiguration\Azure.ResourceManager.AppConfiguration\tests\AppConfigurationClientBase.cs(7,1): hidden CS8019: Unnecessary using directive.
C:\gh\azure-sdk-for-net\artifacts\obj\Azure.ResourceManager.AppConfiguration.Tests\Debug\net461\Azure.ResourceManager.AppConfiguration.Tests.AssemblyInfo.cs(12,1): hidden CS8019: Unnecessary using directive.
C:\gh\azure-sdk-for-net\sdk\appconfiguration\Azure.ResourceManager.AppConfiguration\tests\Tests\AppConfigurationTest.cs(10,1): hidden CS8019: Unnecessary using directive.
C:\gh\azure-sdk-for-net\common\ManagementTestShared\ManagementRecordedTestBase.cs(4,1): hidden CS8019: Unnecessary using directive.
C:\gh\azure-sdk-for-net\sdk\appconfiguration\Azure.ResourceManager.AppConfiguration\tests\Tests\AppConfigurationTest.cs(13,1): hidden CS8019: Unnecessary using directive.
C:\gh\azure-sdk-for-net\sdk\appconfiguration\Azure.ResourceManager.AppConfiguration\tests\Helper\Helper.cs(5,1): hidden CS8019: Unnecessary using directive.
C:\gh\azure-sdk-for-net\sdk\appconfiguration\Azure.ResourceManager.AppConfiguration\tests\Tests\AppConfigurationTest.cs(4,1): hidden CS8019: Unnecessary using directive.
