C:\gh\azure-sdk-for-net\sdk\keyvault\Microsoft.Azure.KeyVault.Extensions\tests\Tests\KeyVaultKeyResolverTests.cs(23,32): error CS0246: The type or namespace name 'IClassFixture<>' could not be found (are you missing a using directive or an assembly reference?)
C:\gh\azure-sdk-for-net\sdk\keyvault\Microsoft.Azure.KeyVault.Extensions\tests\Tests\CachingKeyResolverTests.cs(181,10): error CS0246: The type or namespace name 'FactAttribute' could not be found (are you missing a using directive or an assembly reference?)
C:\gh\azure-sdk-for-net\sdk\keyvault\Microsoft.Azure.KeyVault.Extensions\tests\Tests\CachingKeyResolverTests.cs(181,10): error CS0246: The type or namespace name 'Fact' could not be found (are you missing a using directive or an assembly reference?)
C:\gh\azure-sdk-for-net\sdk\keyvault\Microsoft.Azure.KeyVault.Extensions\tests\Tests\CachingKeyResolverTests.cs(160,10): error CS0246: The type or namespace name 'FactAttribute' could not be found (are you missing a using directive or an assembly reference?)
C:\gh\azure-sdk-for-net\sdk\keyvault\Microsoft.Azure.KeyVault.Extensions\tests\Tests\CachingKeyResolverTests.cs(160,10): error CS0246: The type or namespace name 'Fact' could not be found (are you missing a using directive or an assembly reference?)
C:\gh\azure-sdk-for-net\sdk\keyvault\Microsoft.Azure.KeyVault.Extensions\tests\Tests\CachingKeyResolverTests.cs(64,10): error CS0246: The type or namespace name 'FactAttribute' could not be found (are you missing a using directive or an assembly reference?)
C:\gh\azure-sdk-for-net\sdk\keyvault\Microsoft.Azure.KeyVault.Extensions\tests\Tests\CachingKeyResolverTests.cs(64,10): error CS0246: The type or namespace name 'Fact' could not be found (are you missing a using directive or an assembly reference?)
C:\gh\azure-sdk-for-net\sdk\keyvault\Microsoft.Azure.KeyVault.Extensions\tests\Tests\CachingKeyResolverTests.cs(27,10): error CS0246: The type or namespace name 'FactAttribute' could not be found (are you missing a using directive or an assembly reference?)
C:\gh\azure-sdk-for-net\sdk\keyvault\Microsoft.Azure.KeyVault.Extensions\tests\Tests\CachingKeyResolverTests.cs(27,10): error CS0246: The type or namespace name 'Fact' could not be found (are you missing a using directive or an assembly reference?)
C:\gh\azure-sdk-for-net\eng\mgmt\DisableTestRunParallel.cs(7,12): error CS0246: The type or namespace name 'CollectionBehaviorAttribute' could not be found (are you missing a using directive or an assembly reference?)
C:\gh\azure-sdk-for-net\eng\mgmt\DisableTestRunParallel.cs(7,12): error CS0246: The type or namespace name 'CollectionBehavior' could not be found (are you missing a using directive or an assembly reference?)
C:\gh\azure-sdk-for-net\eng\mgmt\DisableTestRunParallel.cs(7,31): error CS0246: The type or namespace name 'DisableTestParallelization' could not be found (are you missing a using directive or an assembly reference?)
C:\gh\azure-sdk-for-net\eng\mgmt\DisableTestRunParallel.cs(7,66): error CS0246: The type or namespace name 'MaxParallelThreads' could not be found (are you missing a using directive or an assembly reference?)
C:\gh\azure-sdk-for-net\sdk\keyvault\Microsoft.Azure.KeyVault.Extensions\tests\Tests\CachingKeyResolverTests.cs(12,7): error CS0246: The type or namespace name 'Moq' could not be found (are you missing a using directive or an assembly reference?)
C:\gh\azure-sdk-for-net\sdk\keyvault\Microsoft.Azure.KeyVault.Extensions\tests\Tests\CachingKeyResolverTests.cs(13,7): error CS0246: The type or namespace name 'Xunit' could not be found (are you missing a using directive or an assembly reference?)
C:\gh\azure-sdk-for-net\sdk\keyvault\Microsoft.Azure.KeyVault.Extensions\tests\Tests\CachingKeyResolverTests.cs(14,7): error CS0246: The type or namespace name 'Xunit' could not be found (are you missing a using directive or an assembly reference?)
C:\gh\azure-sdk-for-net\sdk\keyvault\Microsoft.Azure.KeyVault.Extensions\tests\Tests\KeyVaultKeyResolverTests.cs(9,32): error CS0234: The type or namespace name 'WebKey' does not exist in the namespace 'Microsoft.Azure.KeyVault' (are you missing an assembly reference?)
C:\gh\azure-sdk-for-net\sdk\keyvault\Microsoft.Azure.KeyVault.Extensions\tests\Tests\KeyVaultKeyResolverTests.cs(10,23): error CS0234: The type or namespace name 'Test' does not exist in the namespace 'Microsoft.Azure' (are you missing an assembly reference?)
C:\gh\azure-sdk-for-net\sdk\keyvault\Microsoft.Azure.KeyVault.Extensions\tests\Tests\KeyVaultKeyResolverTests.cs(11,17): error CS0234: The type or namespace name 'Rest' does not exist in the namespace 'Microsoft' (are you missing an assembly reference?)
C:\gh\azure-sdk-for-net\sdk\keyvault\Microsoft.Azure.KeyVault.Extensions\tests\Tests\KeyVaultKeyResolverTests.cs(12,7): error CS0246: The type or namespace name 'Xunit' could not be found (are you missing a using directive or an assembly reference?)
C:\gh\azure-sdk-for-net\eng\mgmt\DisableTestRunParallel.cs(5,7): error CS0246: The type or namespace name 'Xunit' could not be found (are you missing a using directive or an assembly reference?)
C:\gh\azure-sdk-for-net\sdk\keyvault\Microsoft.Azure.KeyVault.Extensions\tests\Tests\CachingKeyResolverTests.cs(104,10): error CS0246: The type or namespace name 'FactAttribute' could not be found (are you missing a using directive or an assembly reference?)
C:\gh\azure-sdk-for-net\sdk\keyvault\Microsoft.Azure.KeyVault.Extensions\tests\Tests\CachingKeyResolverTests.cs(104,10): error CS0246: The type or namespace name 'Fact' could not be found (are you missing a using directive or an assembly reference?)
C:\gh\azure-sdk-for-net\sdk\keyvault\Microsoft.Azure.KeyVault.Extensions\tests\Tests\KeyVaultKeyResolverTests.cs(73,10): error CS0246: The type or namespace name 'FactAttribute' could not be found (are you missing a using directive or an assembly reference?)
C:\gh\azure-sdk-for-net\sdk\keyvault\Microsoft.Azure.KeyVault.Extensions\tests\Tests\KeyVaultKeyResolverTests.cs(73,10): error CS0246: The type or namespace name 'Fact' could not be found (are you missing a using directive or an assembly reference?)
C:\gh\azure-sdk-for-net\sdk\keyvault\Microsoft.Azure.KeyVault.Extensions\tests\Tests\CachingKeyResolverTests.cs(128,10): error CS0246: The type or namespace name 'FactAttribute' could not be found (are you missing a using directive or an assembly reference?)
C:\gh\azure-sdk-for-net\sdk\keyvault\Microsoft.Azure.KeyVault.Extensions\tests\Tests\CachingKeyResolverTests.cs(128,10): error CS0246: The type or namespace name 'Fact' could not be found (are you missing a using directive or an assembly reference?)
C:\gh\azure-sdk-for-net\sdk\keyvault\Microsoft.Azure.KeyVault.Extensions\tests\Tests\KeyVaultKeyResolverTests.cs(109,10): error CS0246: The type or namespace name 'FactAttribute' could not be found (are you missing a using directive or an assembly reference?)
C:\gh\azure-sdk-for-net\sdk\keyvault\Microsoft.Azure.KeyVault.Extensions\tests\Tests\KeyVaultKeyResolverTests.cs(109,10): error CS0246: The type or namespace name 'Fact' could not be found (are you missing a using directive or an assembly reference?)
C:\gh\azure-sdk-for-net\sdk\keyvault\Microsoft.Azure.KeyVault.Extensions\tests\Tests\KeyVaultKeyResolverTests.cs(121,10): error CS0246: The type or namespace name 'FactAttribute' could not be found (are you missing a using directive or an assembly reference?)
C:\gh\azure-sdk-for-net\sdk\keyvault\Microsoft.Azure.KeyVault.Extensions\tests\Tests\KeyVaultKeyResolverTests.cs(121,10): error CS0246: The type or namespace name 'Fact' could not be found (are you missing a using directive or an assembly reference?)
C:\gh\azure-sdk-for-net\sdk\keyvault\Microsoft.Azure.KeyVault.Extensions\tests\Tests\KeyVaultKeyResolverTests.cs(133,10): error CS0246: The type or namespace name 'FactAttribute' could not be found (are you missing a using directive or an assembly reference?)
C:\gh\azure-sdk-for-net\sdk\keyvault\Microsoft.Azure.KeyVault.Extensions\tests\Tests\KeyVaultKeyResolverTests.cs(133,10): error CS0246: The type or namespace name 'Fact' could not be found (are you missing a using directive or an assembly reference?)
C:\gh\azure-sdk-for-net\sdk\keyvault\Microsoft.Azure.KeyVault.Extensions\tests\Tests\KeyVaultKeyResolverTests.cs(47,17): error CS0103: The name 'HttpMockServer' does not exist in the current context
C:\gh\azure-sdk-for-net\sdk\keyvault\Microsoft.Azure.KeyVault.Extensions\tests\Tests\KeyVaultKeyResolverTests.cs(47,40): error CS0103: The name 'HttpRecorderMode' does not exist in the current context
C:\gh\azure-sdk-for-net\sdk\keyvault\Microsoft.Azure.KeyVault.Extensions\tests\Tests\KeyVaultKeyResolverTests.cs(49,17): error CS0103: The name 'HttpMockServer' does not exist in the current context
C:\gh\azure-sdk-for-net\sdk\keyvault\Microsoft.Azure.KeyVault.Extensions\tests\Tests\KeyVaultKeyResolverTests.cs(50,17): error CS0103: The name 'HttpMockServer' does not exist in the current context
C:\gh\azure-sdk-for-net\sdk\keyvault\Microsoft.Azure.KeyVault.Extensions\tests\Tests\KeyVaultKeyResolverTests.cs(51,17): error CS0103: The name 'HttpMockServer' does not exist in the current context
C:\gh\azure-sdk-for-net\sdk\keyvault\Microsoft.Azure.KeyVault.Extensions\tests\Tests\KeyVaultKeyResolverTests.cs(52,17): error CS0103: The name 'HttpMockServer' does not exist in the current context
C:\gh\azure-sdk-for-net\sdk\keyvault\Microsoft.Azure.KeyVault.Extensions\tests\Tests\KeyVaultKeyResolverTests.cs(56,33): error CS0103: The name 'HttpMockServer' does not exist in the current context
C:\gh\azure-sdk-for-net\sdk\keyvault\Microsoft.Azure.KeyVault.Extensions\tests\Tests\KeyVaultKeyResolverTests.cs(57,28): error CS0103: The name 'HttpMockServer' does not exist in the current context
C:\gh\azure-sdk-for-net\sdk\keyvault\Microsoft.Azure.KeyVault.Extensions\tests\Tests\KeyVaultKeyResolverTests.cs(58,31): error CS0103: The name 'HttpMockServer' does not exist in the current context
C:\gh\azure-sdk-for-net\sdk\keyvault\Microsoft.Azure.KeyVault.Extensions\tests\Tests\KeyVaultKeyResolverTests.cs(61,22): error CS0103: The name 'HttpMockServer' does not exist in the current context
C:\gh\azure-sdk-for-net\sdk\keyvault\Microsoft.Azure.KeyVault.Extensions\tests\Tests\KeyVaultKeyResolverTests.cs(76,20): error CS0246: The type or namespace name 'MockContext' could not be found (are you missing a using directive or an assembly reference?)
C:\gh\azure-sdk-for-net\sdk\keyvault\Microsoft.Azure.KeyVault.Extensions\tests\Tests\KeyVaultKeyResolverTests.cs(76,42): error CS0103: The name 'MockContext' does not exist in the current context
C:\gh\azure-sdk-for-net\sdk\keyvault\Microsoft.Azure.KeyVault.Extensions\tests\Tests\KeyVaultKeyResolverTests.cs(82,34): error CS0246: The type or namespace name 'ServiceClient<>' could not be found (are you missing a using directive or an assembly reference?)
C:\gh\azure-sdk-for-net\sdk\keyvault\Microsoft.Azure.KeyVault.Extensions\tests\Tests\KeyVaultKeyResolverTests.cs(82,67): error CS0103: The name 'JsonWebKeyType' does not exist in the current context
C:\gh\azure-sdk-for-net\sdk\keyvault\Microsoft.Azure.KeyVault.Extensions\tests\Tests\KeyVaultKeyResolverTests.cs(82,27): error CS0246: The type or namespace name 'ServiceClient<>' could not be found (are you missing a using directive or an assembly reference?)
C:\gh\azure-sdk-for-net\sdk\keyvault\Microsoft.Azure.KeyVault.Extensions\tests\Tests\KeyVaultKeyResolverTests.cs(82,27): error CS0246: The type or namespace name 'IAzureClient' could not be found (are you missing a using directive or an assembly reference?)
C:\gh\azure-sdk-for-net\sdk\keyvault\Microsoft.Azure.KeyVault.Extensions\tests\Tests\KeyVaultKeyResolverTests.cs(93,32): error CS0246: The type or namespace name 'ServiceClient<>' could not be found (are you missing a using directive or an assembly reference?)
C:\gh\azure-sdk-for-net\sdk\keyvault\Microsoft.Azure.KeyVault.Extensions\tests\Tests\KeyVaultKeyResolverTests.cs(93,25): error CS0246: The type or namespace name 'ServiceClient<>' could not be found (are you missing a using directive or an assembly reference?)
C:\gh\azure-sdk-for-net\sdk\keyvault\Microsoft.Azure.KeyVault.Extensions\tests\Tests\KeyVaultKeyResolverTests.cs(93,25): error CS0246: The type or namespace name 'IAzureClient' could not be found (are you missing a using directive or an assembly reference?)
C:\gh\azure-sdk-for-net\sdk\keyvault\Microsoft.Azure.KeyVault.Extensions\tests\Tests\KeyVaultKeyResolverTests.cs(99,36): error CS0246: The type or namespace name 'ServiceClient<>' could not be found (are you missing a using directive or an assembly reference?)
C:\gh\azure-sdk-for-net\sdk\keyvault\Microsoft.Azure.KeyVault.Extensions\tests\Tests\KeyVaultKeyResolverTests.cs(99,29): error CS0246: The type or namespace name 'ServiceClient<>' could not be found (are you missing a using directive or an assembly reference?)
C:\gh\azure-sdk-for-net\sdk\keyvault\Microsoft.Azure.KeyVault.Extensions\tests\Tests\KeyVaultKeyResolverTests.cs(99,29): error CS0246: The type or namespace name 'IAzureClient' could not be found (are you missing a using directive or an assembly reference?)
C:\gh\azure-sdk-for-net\sdk\keyvault\Microsoft.Azure.KeyVault.Extensions\tests\Tests\KeyVaultKeyResolverTests.cs(112,20): error CS0246: The type or namespace name 'MockContext' could not be found (are you missing a using directive or an assembly reference?)
C:\gh\azure-sdk-for-net\sdk\keyvault\Microsoft.Azure.KeyVault.Extensions\tests\Tests\KeyVaultKeyResolverTests.cs(112,42): error CS0103: The name 'MockContext' does not exist in the current context
C:\gh\azure-sdk-for-net\sdk\keyvault\Microsoft.Azure.KeyVault.Extensions\tests\Tests\KeyVaultKeyResolverTests.cs(124,20): error CS0246: The type or namespace name 'MockContext' could not be found (are you missing a using directive or an assembly reference?)
C:\gh\azure-sdk-for-net\sdk\keyvault\Microsoft.Azure.KeyVault.Extensions\tests\Tests\KeyVaultKeyResolverTests.cs(124,42): error CS0103: The name 'MockContext' does not exist in the current context
C:\gh\azure-sdk-for-net\sdk\keyvault\Microsoft.Azure.KeyVault.Extensions\tests\Tests\CachingKeyResolverTests.cs(30,38): error CS0246: The type or namespace name 'Mock<>' could not be found (are you missing a using directive or an assembly reference?)
C:\gh\azure-sdk-for-net\sdk\keyvault\Microsoft.Azure.KeyVault.Extensions\tests\Tests\CachingKeyResolverTests.cs(56,71): error CS0103: The name 'Times' does not exist in the current context
C:\gh\azure-sdk-for-net\sdk\keyvault\Microsoft.Azure.KeyVault.Extensions\tests\Tests\CachingKeyResolverTests.cs(57,71): error CS0103: The name 'Times' does not exist in the current context
C:\gh\azure-sdk-for-net\sdk\keyvault\Microsoft.Azure.KeyVault.Extensions\tests\Tests\CachingKeyResolverTests.cs(58,70): error CS0103: The name 'Times' does not exist in the current context
C:\gh\azure-sdk-for-net\sdk\keyvault\Microsoft.Azure.KeyVault.Extensions\tests\Tests\KeyVaultKeyResolverTests.cs(136,20): error CS0246: The type or namespace name 'MockContext' could not be found (are you missing a using directive or an assembly reference?)
C:\gh\azure-sdk-for-net\sdk\keyvault\Microsoft.Azure.KeyVault.Extensions\tests\Tests\KeyVaultKeyResolverTests.cs(136,42): error CS0103: The name 'MockContext' does not exist in the current context
C:\gh\azure-sdk-for-net\sdk\keyvault\Microsoft.Azure.KeyVault.Extensions\tests\Tests\KeyVaultKeyResolverTests.cs(154,24): error CS0246: The type or namespace name 'ServiceClient<>' could not be found (are you missing a using directive or an assembly reference?)
C:\gh\azure-sdk-for-net\sdk\keyvault\Microsoft.Azure.KeyVault.Extensions\tests\Tests\KeyVaultKeyResolverTests.cs(154,17): error CS0246: The type or namespace name 'ServiceClient<>' could not be found (are you missing a using directive or an assembly reference?)
C:\gh\azure-sdk-for-net\sdk\keyvault\Microsoft.Azure.KeyVault.Extensions\tests\Tests\KeyVaultKeyResolverTests.cs(154,17): error CS0246: The type or namespace name 'IAzureClient' could not be found (are you missing a using directive or an assembly reference?)
C:\gh\azure-sdk-for-net\sdk\keyvault\Microsoft.Azure.KeyVault.Extensions\tests\Tests\KeyVaultKeyResolverTests.cs(167,28): error CS0246: The type or namespace name 'ServiceClient<>' could not be found (are you missing a using directive or an assembly reference?)
C:\gh\azure-sdk-for-net\sdk\keyvault\Microsoft.Azure.KeyVault.Extensions\tests\Tests\KeyVaultKeyResolverTests.cs(167,21): error CS0246: The type or namespace name 'ServiceClient<>' could not be found (are you missing a using directive or an assembly reference?)
C:\gh\azure-sdk-for-net\sdk\keyvault\Microsoft.Azure.KeyVault.Extensions\tests\Tests\KeyVaultKeyResolverTests.cs(167,21): error CS0246: The type or namespace name 'IAzureClient' could not be found (are you missing a using directive or an assembly reference?)
C:\gh\azure-sdk-for-net\sdk\keyvault\Microsoft.Azure.KeyVault.Extensions\tests\Tests\KeyVaultKeyResolverTests.cs(173,32): error CS0246: The type or namespace name 'ServiceClient<>' could not be found (are you missing a using directive or an assembly reference?)
C:\gh\azure-sdk-for-net\sdk\keyvault\Microsoft.Azure.KeyVault.Extensions\tests\Tests\KeyVaultKeyResolverTests.cs(173,25): error CS0246: The type or namespace name 'ServiceClient<>' could not be found (are you missing a using directive or an assembly reference?)
C:\gh\azure-sdk-for-net\sdk\keyvault\Microsoft.Azure.KeyVault.Extensions\tests\Tests\KeyVaultKeyResolverTests.cs(173,25): error CS0246: The type or namespace name 'IAzureClient' could not be found (are you missing a using directive or an assembly reference?)
C:\gh\azure-sdk-for-net\sdk\keyvault\Microsoft.Azure.KeyVault.Extensions\tests\Tests\CachingKeyResolverTests.cs(67,38): error CS0246: The type or namespace name 'Mock<>' could not be found (are you missing a using directive or an assembly reference?)
C:\gh\azure-sdk-for-net\sdk\keyvault\Microsoft.Azure.KeyVault.Extensions\tests\Tests\CachingKeyResolverTests.cs(74,33): error CS0246: The type or namespace name 'EmptyException' could not be found (are you missing a using directive or an assembly reference?)
C:\gh\azure-sdk-for-net\sdk\keyvault\Microsoft.Azure.KeyVault.Extensions\tests\Tests\CachingKeyResolverTests.cs(79,24): error CS0246: The type or namespace name 'EmptyException' could not be found (are you missing a using directive or an assembly reference?)
C:\gh\azure-sdk-for-net\sdk\keyvault\Microsoft.Azure.KeyVault.Extensions\tests\Tests\CachingKeyResolverTests.cs(83,38): error CS0246: The type or namespace name 'FalseException' could not be found (are you missing a using directive or an assembly reference?)
C:\gh\azure-sdk-for-net\sdk\keyvault\Microsoft.Azure.KeyVault.Extensions\tests\Tests\CachingKeyResolverTests.cs(88,24): error CS0246: The type or namespace name 'FalseException' could not be found (are you missing a using directive or an assembly reference?)
C:\gh\azure-sdk-for-net\sdk\keyvault\Microsoft.Azure.KeyVault.Extensions\tests\Tests\CachingKeyResolverTests.cs(98,70): error CS0103: The name 'Times' does not exist in the current context
C:\gh\azure-sdk-for-net\sdk\keyvault\Microsoft.Azure.KeyVault.Extensions\tests\Tests\KeyVaultKeyResolverTests.cs(182,32): error CS0246: The type or namespace name 'ServiceClient<>' could not be found (are you missing a using directive or an assembly reference?)
C:\gh\azure-sdk-for-net\sdk\keyvault\Microsoft.Azure.KeyVault.Extensions\tests\Tests\KeyVaultKeyResolverTests.cs(182,32): error CS0246: The type or namespace name 'IAzureClient' could not be found (are you missing a using directive or an assembly reference?)
C:\gh\azure-sdk-for-net\sdk\keyvault\Microsoft.Azure.KeyVault.Extensions\tests\Tests\KeyVaultKeyResolverTests.cs(187,13): error CS0103: The name 'Assert' does not exist in the current context
C:\gh\azure-sdk-for-net\sdk\keyvault\Microsoft.Azure.KeyVault.Extensions\tests\Tests\KeyVaultKeyResolverTests.cs(191,17): error CS0103: The name 'HttpMockServer' does not exist in the current context
C:\gh\azure-sdk-for-net\sdk\keyvault\Microsoft.Azure.KeyVault.Extensions\tests\Tests\KeyVaultKeyResolverTests.cs(191,40): error CS0103: The name 'HttpRecorderMode' does not exist in the current context
C:\gh\azure-sdk-for-net\sdk\keyvault\Microsoft.Azure.KeyVault.Extensions\tests\Tests\KeyVaultKeyResolverTests.cs(198,17): error CS0103: The name 'Assert' does not exist in the current context
C:\gh\azure-sdk-for-net\sdk\keyvault\Microsoft.Azure.KeyVault.Extensions\tests\Tests\KeyVaultKeyResolverTests.cs(202,28): error CS0246: The type or namespace name 'ServiceClient<>' could not be found (are you missing a using directive or an assembly reference?)
C:\gh\azure-sdk-for-net\sdk\keyvault\Microsoft.Azure.KeyVault.Extensions\tests\Tests\KeyVaultKeyResolverTests.cs(202,28): error CS0246: The type or namespace name 'IAzureClient' could not be found (are you missing a using directive or an assembly reference?)
C:\gh\azure-sdk-for-net\sdk\keyvault\Microsoft.Azure.KeyVault.Extensions\tests\Tests\KeyVaultKeyResolverTests.cs(207,13): error CS0103: The name 'Assert' does not exist in the current context
C:\gh\azure-sdk-for-net\sdk\keyvault\Microsoft.Azure.KeyVault.Extensions\tests\Tests\KeyVaultKeyResolverTests.cs(211,17): error CS0103: The name 'HttpMockServer' does not exist in the current context
C:\gh\azure-sdk-for-net\sdk\keyvault\Microsoft.Azure.KeyVault.Extensions\tests\Tests\KeyVaultKeyResolverTests.cs(211,40): error CS0103: The name 'HttpRecorderMode' does not exist in the current context
C:\gh\azure-sdk-for-net\sdk\keyvault\Microsoft.Azure.KeyVault.Extensions\tests\Tests\KeyVaultKeyResolverTests.cs(218,17): error CS0103: The name 'Assert' does not exist in the current context
C:\gh\azure-sdk-for-net\sdk\keyvault\Microsoft.Azure.KeyVault.Extensions\tests\Tests\CachingKeyResolverTests.cs(108,38): error CS0246: The type or namespace name 'Mock<>' could not be found (are you missing a using directive or an assembly reference?)
C:\gh\azure-sdk-for-net\sdk\keyvault\Microsoft.Azure.KeyVault.Extensions\tests\Tests\CachingKeyResolverTests.cs(132,38): error CS0246: The type or namespace name 'Mock<>' could not be found (are you missing a using directive or an assembly reference?)
C:\gh\azure-sdk-for-net\sdk\keyvault\Microsoft.Azure.KeyVault.Extensions\tests\Tests\CachingKeyResolverTests.cs(163,38): error CS0246: The type or namespace name 'Mock<>' could not be found (are you missing a using directive or an assembly reference?)
C:\gh\azure-sdk-for-net\sdk\keyvault\Microsoft.Azure.KeyVault.Extensions\tests\Tests\CachingKeyResolverTests.cs(164,33): error CS0246: The type or namespace name 'Mock<>' could not be found (are you missing a using directive or an assembly reference?)
C:\gh\azure-sdk-for-net\sdk\keyvault\Microsoft.Azure.KeyVault.Extensions\tests\Tests\CachingKeyResolverTests.cs(175,48): error CS0103: The name 'Times' does not exist in the current context
C:\gh\azure-sdk-for-net\sdk\keyvault\Microsoft.Azure.KeyVault.Extensions\tests\Tests\CachingKeyResolverTests.cs(184,38): error CS0246: The type or namespace name 'Mock<>' could not be found (are you missing a using directive or an assembly reference?)
C:\gh\azure-sdk-for-net\sdk\keyvault\Microsoft.Azure.KeyVault.Extensions\tests\Tests\CachingKeyResolverTests.cs(185,33): error CS0246: The type or namespace name 'Mock<>' could not be found (are you missing a using directive or an assembly reference?)
C:\gh\azure-sdk-for-net\sdk\keyvault\Microsoft.Azure.KeyVault.Extensions\tests\Tests\CachingKeyResolverTests.cs(197,52): error CS0103: The name 'Times' does not exist in the current context
C:\gh\azure-sdk-for-net\sdk\keyvault\Microsoft.Azure.KeyVault.Extensions\tests\Tests\CachingKeyResolverTests.cs(203,48): error CS0103: The name 'Times' does not exist in the current context
C:\gh\azure-sdk-for-net\sdk\keyvault\Microsoft.Azure.KeyVault.Extensions\tests\Tests\CachingKeyResolverTests.cs(204,70): error CS0103: The name 'Times' does not exist in the current context
C:\gh\azure-sdk-for-net\sdk\keyvault\Microsoft.Azure.KeyVault.Extensions\tests\Tests\CachingKeyResolverTests.cs(12,1): hidden CS8019: Unnecessary using directive.
C:\gh\azure-sdk-for-net\artifacts\obj\Microsoft.Azure.KeyVault.Extensions.Tests\Debug\net461\.NETFramework,Version=v4.6.1.AssemblyAttributes.cs(2,1): hidden CS8019: Unnecessary using directive.
C:\gh\azure-sdk-for-net\eng\mgmt\DisableTestRunParallel.cs(5,1): hidden CS8019: Unnecessary using directive.
C:\gh\azure-sdk-for-net\artifacts\obj\Microsoft.Azure.KeyVault.Extensions.Tests\Debug\net461\Microsoft.Azure.KeyVault.Extensions.Tests.AssemblyInfo.cs(12,1): hidden CS8019: Unnecessary using directive.
C:\gh\azure-sdk-for-net\sdk\keyvault\Microsoft.Azure.KeyVault.Extensions\tests\Tests\KeyVaultKeyResolverTests.cs(10,1): hidden CS8019: Unnecessary using directive.
C:\gh\azure-sdk-for-net\sdk\keyvault\Microsoft.Azure.KeyVault.Extensions\tests\Tests\CachingKeyResolverTests.cs(14,1): hidden CS8019: Unnecessary using directive.
C:\gh\azure-sdk-for-net\artifacts\obj\Microsoft.Azure.KeyVault.Extensions.Tests\Debug\net461\.NETFramework,Version=v4.6.1.AssemblyAttributes.cs(3,1): hidden CS8019: Unnecessary using directive.
C:\gh\azure-sdk-for-net\sdk\keyvault\Microsoft.Azure.KeyVault.Extensions\tests\Tests\KeyVaultKeyResolverTests.cs(12,1): hidden CS8019: Unnecessary using directive.
C:\gh\azure-sdk-for-net\sdk\keyvault\Microsoft.Azure.KeyVault.Extensions\tests\Tests\KeyVaultKeyResolverTests.cs(9,1): hidden CS8019: Unnecessary using directive.
C:\gh\azure-sdk-for-net\eng\mgmt\DisableTestRunParallel.cs(4,1): hidden CS8019: Unnecessary using directive.
C:\gh\azure-sdk-for-net\sdk\keyvault\Microsoft.Azure.KeyVault.Extensions\tests\Tests\KeyVaultKeyResolverTests.cs(11,1): hidden CS8019: Unnecessary using directive.
C:\gh\azure-sdk-for-net\sdk\keyvault\Microsoft.Azure.KeyVault.Extensions\tests\Tests\CachingKeyResolverTests.cs(10,1): hidden CS8019: Unnecessary using directive.
C:\gh\azure-sdk-for-net\artifacts\obj\Microsoft.Azure.KeyVault.Extensions.Tests\Debug\net461\Microsoft.Azure.KeyVault.Extensions.Tests.AssemblyInfo.cs(11,1): hidden CS8019: Unnecessary using directive.
C:\gh\azure-sdk-for-net\sdk\keyvault\Microsoft.Azure.KeyVault.Extensions\tests\Tests\CachingKeyResolverTests.cs(13,1): hidden CS8019: Unnecessary using directive.
C:\gh\azure-sdk-for-net\sdk\keyvault\Microsoft.Azure.KeyVault.Extensions\tests\Tests\CachingKeyResolverTests.cs(6,1): hidden CS8019: Unnecessary using directive.
