C:\gh\azure-sdk-for-net\common\ManagementTestShared\ResourceGroupCleanupPolicy.cs(12,47): error CS0246: The type or namespace name 'HttpPipelineSynchronousPolicy' could not be found (are you missing a using directive or an assembly reference?)
C:\gh\azure-sdk-for-net\common\ManagementTestShared\ResourceGroupCleanupPolicy.cs(22,47): error CS0246: The type or namespace name 'HttpMessage' could not be found (are you missing a using directive or an assembly reference?)
C:\gh\azure-sdk-for-net\sdk\dns\Azure.ResourceManager.Dns\tests\Tests\ScenarioTests.DnsTests.DnsZone.cs(12,6): error CS0246: The type or namespace name 'TestFixtureAttribute' could not be found (are you missing a using directive or an assembly reference?)
C:\gh\azure-sdk-for-net\sdk\dns\Azure.ResourceManager.Dns\tests\Tests\ScenarioTests.DnsTests.DnsZone.cs(12,6): error CS0246: The type or namespace name 'TestFixture' could not be found (are you missing a using directive or an assembly reference?)
C:\gh\azure-sdk-for-net\sdk\dns\Azure.ResourceManager.Dns\tests\Tests\ScenarioTests.DnsTests.RecordSet.cs(20,17): error CS0246: The type or namespace name 'ChangeTrackingList<>' could not be found (are you missing a using directive or an assembly reference?)
C:\gh\azure-sdk-for-net\sdk\dns\Azure.ResourceManager.Dns\tests\Tests\ScenarioTests.DnsTests.RecordSet.cs(19,17): error CS0246: The type or namespace name 'ChangeTrackingList<>' could not be found (are you missing a using directive or an assembly reference?)
C:\gh\azure-sdk-for-net\sdk\dns\Azure.ResourceManager.Dns\tests\Tests\ScenarioTests.DnsTests.RecordSet.cs(21,17): error CS0246: The type or namespace name 'ChangeTrackingList<>' could not be found (are you missing a using directive or an assembly reference?)
C:\gh\azure-sdk-for-net\sdk\dns\Azure.ResourceManager.Dns\tests\Tests\ScenarioTests.DnsTests.RecordSet.cs(22,17): error CS0246: The type or namespace name 'ChangeTrackingList<>' could not be found (are you missing a using directive or an assembly reference?)
C:\gh\azure-sdk-for-net\sdk\dns\Azure.ResourceManager.Dns\tests\Tests\ScenarioTests.DnsTests.RecordSet.cs(23,17): error CS0246: The type or namespace name 'ChangeTrackingList<>' could not be found (are you missing a using directive or an assembly reference?)
C:\gh\azure-sdk-for-net\sdk\dns\Azure.ResourceManager.Dns\tests\Tests\ScenarioTests.DnsTests.RecordSet.cs(24,17): error CS0246: The type or namespace name 'ChangeTrackingList<>' could not be found (are you missing a using directive or an assembly reference?)
C:\gh\azure-sdk-for-net\sdk\dns\Azure.ResourceManager.Dns\tests\Tests\ScenarioTests.DnsTests.RecordSet.cs(25,17): error CS0246: The type or namespace name 'ChangeTrackingList<>' could not be found (are you missing a using directive or an assembly reference?)
C:\gh\azure-sdk-for-net\sdk\dns\Azure.ResourceManager.Dns\tests\Tests\ScenarioTests.DnsTests.RecordSet.cs(26,17): error CS0246: The type or namespace name 'ChangeTrackingList<>' could not be found (are you missing a using directive or an assembly reference?)
C:\gh\azure-sdk-for-net\common\ManagementTestShared\ManagementRecordedTestBase.cs(67,66): error CS0246: The type or namespace name 'ProvidersOperations' could not be found (are you missing a using directive or an assembly reference?)
C:\gh\azure-sdk-for-net\sdk\dns\Azure.ResourceManager.Dns\tests\DnsManagementClientBase.cs(12,6): error CS0012: The type 'CategoryAttribute' is defined in an assembly that is not referenced. You must add a reference to assembly 'nunit.framework, Version=3.12.0.0, Culture=neutral, PublicKeyToken=2638cd05610744eb'.
C:\gh\azure-sdk-for-net\sdk\dns\Azure.ResourceManager.Dns\tests\Tests\ScenarioTests.DnsTests.DnsZone.cs(174,10): error CS0246: The type or namespace name 'TestCaseAttribute' could not be found (are you missing a using directive or an assembly reference?)
C:\gh\azure-sdk-for-net\sdk\dns\Azure.ResourceManager.Dns\tests\Tests\ScenarioTests.DnsTests.DnsZone.cs(174,10): error CS0246: The type or namespace name 'TestCase' could not be found (are you missing a using directive or an assembly reference?)
C:\gh\azure-sdk-for-net\sdk\dns\Azure.ResourceManager.Dns\tests\Tests\ScenarioTests.DnsTests.RecordSet.cs(13,6): error CS0246: The type or namespace name 'TestFixtureAttribute' could not be found (are you missing a using directive or an assembly reference?)
C:\gh\azure-sdk-for-net\sdk\dns\Azure.ResourceManager.Dns\tests\Tests\ScenarioTests.DnsTests.RecordSet.cs(13,6): error CS0246: The type or namespace name 'TestFixture' could not be found (are you missing a using directive or an assembly reference?)
C:\gh\azure-sdk-for-net\sdk\dns\Azure.ResourceManager.Dns\tests\Tests\ScenarioTests.DnsTests.RecordSet.cs(392,10): error CS0246: The type or namespace name 'TestCaseAttribute' could not be found (are you missing a using directive or an assembly reference?)
C:\gh\azure-sdk-for-net\sdk\dns\Azure.ResourceManager.Dns\tests\Tests\ScenarioTests.DnsTests.RecordSet.cs(392,10): error CS0246: The type or namespace name 'TestCase' could not be found (are you missing a using directive or an assembly reference?)
C:\gh\azure-sdk-for-net\common\ManagementTestShared\ManagementRecordedTestBase.cs(40,19): error CS0246: The type or namespace name 'ResourcesManagementClient' could not be found (are you missing a using directive or an assembly reference?)
C:\gh\azure-sdk-for-net\sdk\dns\Azure.ResourceManager.Dns\tests\Tests\ScenarioTests.DnsTests.RecordSet.cs(355,10): error CS0246: The type or namespace name 'TestCaseAttribute' could not be found (are you missing a using directive or an assembly reference?)
C:\gh\azure-sdk-for-net\sdk\dns\Azure.ResourceManager.Dns\tests\Tests\ScenarioTests.DnsTests.RecordSet.cs(355,10): error CS0246: The type or namespace name 'TestCase' could not be found (are you missing a using directive or an assembly reference?)
C:\gh\azure-sdk-for-net\common\ManagementTestShared\ManagementRecordedTestBase.cs(28,68): error CS0246: The type or namespace name 'Operation<>' could not be found (are you missing a using directive or an assembly reference?)
C:\gh\azure-sdk-for-net\common\ManagementTestShared\ManagementRecordedTestBase.cs(28,19): error CS0246: The type or namespace name 'ValueTask<>' could not be found (are you missing a using directive or an assembly reference?)
C:\gh\azure-sdk-for-net\common\ManagementTestShared\ManagementRecordedTestBase.cs(28,29): error CS0246: The type or namespace name 'Response<>' could not be found (are you missing a using directive or an assembly reference?)
C:\gh\azure-sdk-for-net\sdk\dns\Azure.ResourceManager.Dns\tests\Tests\ScenarioTests.DnsTests.DnsZone.cs(131,10): error CS0246: The type or namespace name 'TestCaseAttribute' could not be found (are you missing a using directive or an assembly reference?)
C:\gh\azure-sdk-for-net\sdk\dns\Azure.ResourceManager.Dns\tests\Tests\ScenarioTests.DnsTests.DnsZone.cs(131,10): error CS0246: The type or namespace name 'TestCase' could not be found (are you missing a using directive or an assembly reference?)
C:\gh\azure-sdk-for-net\sdk\dns\Azure.ResourceManager.Dns\tests\Helper.cs(15,64): error CS0246: The type or namespace name 'ResourceGroupsOperations' could not be found (are you missing a using directive or an assembly reference?)
C:\gh\azure-sdk-for-net\sdk\dns\Azure.ResourceManager.Dns\tests\Tests\ScenarioTests.DnsTests.DnsZone.cs(100,10): error CS0246: The type or namespace name 'TestCaseAttribute' could not be found (are you missing a using directive or an assembly reference?)
C:\gh\azure-sdk-for-net\sdk\dns\Azure.ResourceManager.Dns\tests\Tests\ScenarioTests.DnsTests.DnsZone.cs(100,10): error CS0246: The type or namespace name 'TestCase' could not be found (are you missing a using directive or an assembly reference?)
C:\gh\azure-sdk-for-net\sdk\dns\Azure.ResourceManager.Dns\tests\Tests\ScenarioTests.DnsTests.RecordSet.cs(340,10): error CS0246: The type or namespace name 'TestCaseAttribute' could not be found (are you missing a using directive or an assembly reference?)
C:\gh\azure-sdk-for-net\sdk\dns\Azure.ResourceManager.Dns\tests\Tests\ScenarioTests.DnsTests.RecordSet.cs(340,10): error CS0246: The type or namespace name 'TestCase' could not be found (are you missing a using directive or an assembly reference?)
C:\gh\azure-sdk-for-net\sdk\dns\Azure.ResourceManager.Dns\tests\Tests\ScenarioTests.DnsTests.RecordSet.cs(312,10): error CS0246: The type or namespace name 'TestCaseAttribute' could not be found (are you missing a using directive or an assembly reference?)
C:\gh\azure-sdk-for-net\sdk\dns\Azure.ResourceManager.Dns\tests\Tests\ScenarioTests.DnsTests.RecordSet.cs(312,10): error CS0246: The type or namespace name 'TestCase' could not be found (are you missing a using directive or an assembly reference?)
C:\gh\azure-sdk-for-net\sdk\dns\Azure.ResourceManager.Dns\tests\Tests\ScenarioTests.DnsTests.DnsZone.cs(70,10): error CS0246: The type or namespace name 'TestCaseAttribute' could not be found (are you missing a using directive or an assembly reference?)
C:\gh\azure-sdk-for-net\sdk\dns\Azure.ResourceManager.Dns\tests\Tests\ScenarioTests.DnsTests.DnsZone.cs(70,10): error CS0246: The type or namespace name 'TestCase' could not be found (are you missing a using directive or an assembly reference?)
C:\gh\azure-sdk-for-net\sdk\dns\Azure.ResourceManager.Dns\tests\Tests\ScenarioTests.DnsTests.RecordSet.cs(297,10): error CS0246: The type or namespace name 'TestCaseAttribute' could not be found (are you missing a using directive or an assembly reference?)
C:\gh\azure-sdk-for-net\sdk\dns\Azure.ResourceManager.Dns\tests\Tests\ScenarioTests.DnsTests.RecordSet.cs(297,10): error CS0246: The type or namespace name 'TestCase' could not be found (are you missing a using directive or an assembly reference?)
C:\gh\azure-sdk-for-net\sdk\dns\Azure.ResourceManager.Dns\tests\Tests\ScenarioTests.DnsTests.DnsZone.cs(50,10): error CS0246: The type or namespace name 'TestCaseAttribute' could not be found (are you missing a using directive or an assembly reference?)
C:\gh\azure-sdk-for-net\sdk\dns\Azure.ResourceManager.Dns\tests\Tests\ScenarioTests.DnsTests.DnsZone.cs(50,10): error CS0246: The type or namespace name 'TestCase' could not be found (are you missing a using directive or an assembly reference?)
C:\gh\azure-sdk-for-net\sdk\dns\Azure.ResourceManager.Dns\tests\Tests\ScenarioTests.DnsTests.RecordSet.cs(282,10): error CS0246: The type or namespace name 'TestCaseAttribute' could not be found (are you missing a using directive or an assembly reference?)
C:\gh\azure-sdk-for-net\sdk\dns\Azure.ResourceManager.Dns\tests\Tests\ScenarioTests.DnsTests.RecordSet.cs(282,10): error CS0246: The type or namespace name 'TestCase' could not be found (are you missing a using directive or an assembly reference?)
C:\gh\azure-sdk-for-net\sdk\dns\Azure.ResourceManager.Dns\tests\Tests\ScenarioTests.DnsTests.RecordSet.cs(267,10): error CS0246: The type or namespace name 'TestCaseAttribute' could not be found (are you missing a using directive or an assembly reference?)
C:\gh\azure-sdk-for-net\sdk\dns\Azure.ResourceManager.Dns\tests\Tests\ScenarioTests.DnsTests.RecordSet.cs(267,10): error CS0246: The type or namespace name 'TestCase' could not be found (are you missing a using directive or an assembly reference?)
C:\gh\azure-sdk-for-net\sdk\dns\Azure.ResourceManager.Dns\tests\Tests\ScenarioTests.DnsTests.RecordSet.cs(244,10): error CS0246: The type or namespace name 'TestCaseAttribute' could not be found (are you missing a using directive or an assembly reference?)
C:\gh\azure-sdk-for-net\sdk\dns\Azure.ResourceManager.Dns\tests\Tests\ScenarioTests.DnsTests.RecordSet.cs(244,10): error CS0246: The type or namespace name 'TestCase' could not be found (are you missing a using directive or an assembly reference?)
C:\gh\azure-sdk-for-net\sdk\dns\Azure.ResourceManager.Dns\tests\Tests\ScenarioTests.DnsTests.DnsZone.cs(28,10): error CS0246: The type or namespace name 'SetUpAttribute' could not be found (are you missing a using directive or an assembly reference?)
C:\gh\azure-sdk-for-net\sdk\dns\Azure.ResourceManager.Dns\tests\Tests\ScenarioTests.DnsTests.DnsZone.cs(28,10): error CS0246: The type or namespace name 'SetUp' could not be found (are you missing a using directive or an assembly reference?)
C:\gh\azure-sdk-for-net\sdk\dns\Azure.ResourceManager.Dns\tests\Tests\ScenarioTests.DnsTests.DnsZone.cs(44,10): error CS0246: The type or namespace name 'OneTimeTearDownAttribute' could not be found (are you missing a using directive or an assembly reference?)
C:\gh\azure-sdk-for-net\sdk\dns\Azure.ResourceManager.Dns\tests\Tests\ScenarioTests.DnsTests.DnsZone.cs(44,10): error CS0246: The type or namespace name 'OneTimeTearDown' could not be found (are you missing a using directive or an assembly reference?)
C:\gh\azure-sdk-for-net\sdk\dns\Azure.ResourceManager.Dns\tests\Tests\ScenarioTests.DnsTests.RecordSet.cs(217,10): error CS0246: The type or namespace name 'TestCaseAttribute' could not be found (are you missing a using directive or an assembly reference?)
C:\gh\azure-sdk-for-net\sdk\dns\Azure.ResourceManager.Dns\tests\Tests\ScenarioTests.DnsTests.RecordSet.cs(217,10): error CS0246: The type or namespace name 'TestCase' could not be found (are you missing a using directive or an assembly reference?)
C:\gh\azure-sdk-for-net\sdk\dns\Azure.ResourceManager.Dns\tests\Tests\ScenarioTests.DnsTests.RecordSet.cs(185,10): error CS0246: The type or namespace name 'TestCaseAttribute' could not be found (are you missing a using directive or an assembly reference?)
C:\gh\azure-sdk-for-net\sdk\dns\Azure.ResourceManager.Dns\tests\Tests\ScenarioTests.DnsTests.RecordSet.cs(185,10): error CS0246: The type or namespace name 'TestCase' could not be found (are you missing a using directive or an assembly reference?)
C:\gh\azure-sdk-for-net\sdk\dns\Azure.ResourceManager.Dns\tests\Tests\ScenarioTests.DnsTests.RecordSet.cs(152,10): error CS0246: The type or namespace name 'TestCaseAttribute' could not be found (are you missing a using directive or an assembly reference?)
C:\gh\azure-sdk-for-net\sdk\dns\Azure.ResourceManager.Dns\tests\Tests\ScenarioTests.DnsTests.RecordSet.cs(152,10): error CS0246: The type or namespace name 'TestCase' could not be found (are you missing a using directive or an assembly reference?)
C:\gh\azure-sdk-for-net\sdk\dns\Azure.ResourceManager.Dns\tests\Tests\ScenarioTests.DnsTests.RecordSet.cs(113,10): error CS0246: The type or namespace name 'TestCaseAttribute' could not be found (are you missing a using directive or an assembly reference?)
C:\gh\azure-sdk-for-net\sdk\dns\Azure.ResourceManager.Dns\tests\Tests\ScenarioTests.DnsTests.RecordSet.cs(113,10): error CS0246: The type or namespace name 'TestCase' could not be found (are you missing a using directive or an assembly reference?)
C:\gh\azure-sdk-for-net\sdk\dns\Azure.ResourceManager.Dns\tests\Tests\ScenarioTests.DnsTests.RecordSet.cs(92,10): error CS0246: The type or namespace name 'TestCaseAttribute' could not be found (are you missing a using directive or an assembly reference?)
C:\gh\azure-sdk-for-net\sdk\dns\Azure.ResourceManager.Dns\tests\Tests\ScenarioTests.DnsTests.RecordSet.cs(92,10): error CS0246: The type or namespace name 'TestCase' could not be found (are you missing a using directive or an assembly reference?)
C:\gh\azure-sdk-for-net\sdk\dns\Azure.ResourceManager.Dns\tests\Tests\ScenarioTests.DnsTests.RecordSet.cs(74,10): error CS0246: The type or namespace name 'TestCaseAttribute' could not be found (are you missing a using directive or an assembly reference?)
C:\gh\azure-sdk-for-net\sdk\dns\Azure.ResourceManager.Dns\tests\Tests\ScenarioTests.DnsTests.RecordSet.cs(74,10): error CS0246: The type or namespace name 'TestCase' could not be found (are you missing a using directive or an assembly reference?)
C:\gh\azure-sdk-for-net\sdk\dns\Azure.ResourceManager.Dns\tests\Tests\ScenarioTests.DnsTests.RecordSet.cs(50,10): error CS0246: The type or namespace name 'SetUpAttribute' could not be found (are you missing a using directive or an assembly reference?)
C:\gh\azure-sdk-for-net\sdk\dns\Azure.ResourceManager.Dns\tests\Tests\ScenarioTests.DnsTests.RecordSet.cs(50,10): error CS0246: The type or namespace name 'SetUp' could not be found (are you missing a using directive or an assembly reference?)
C:\gh\azure-sdk-for-net\sdk\dns\Azure.ResourceManager.Dns\tests\Tests\ScenarioTests.DnsTests.RecordSet.cs(68,10): error CS0246: The type or namespace name 'OneTimeTearDownAttribute' could not be found (are you missing a using directive or an assembly reference?)
C:\gh\azure-sdk-for-net\sdk\dns\Azure.ResourceManager.Dns\tests\Tests\ScenarioTests.DnsTests.RecordSet.cs(68,10): error CS0246: The type or namespace name 'OneTimeTearDown' could not be found (are you missing a using directive or an assembly reference?)
C:\gh\azure-sdk-for-net\sdk\dns\Azure.ResourceManager.Dns\tests\Properties\AssemblyInfo.cs(4,23): error CS0246: The type or namespace name 'Attribute' could not be found (are you missing a using directive or an assembly reference?)
C:\gh\azure-sdk-for-net\sdk\dns\Azure.ResourceManager.Dns\tests\Properties\AssemblyInfo.cs(4,12): error CS0518: Predefined type 'System.Void' is not defined or imported
C:\gh\azure-sdk-for-net\sdk\dns\Azure.ResourceManager.Dns\tests\DnsManagementClientBase.cs(7,29): error CS0234: The type or namespace name 'Resources' does not exist in the namespace 'Azure.ResourceManager' (are you missing an assembly reference?)
C:\gh\azure-sdk-for-net\sdk\dns\Azure.ResourceManager.Dns\tests\Helper.cs(4,29): error CS0234: The type or namespace name 'Resources' does not exist in the namespace 'Azure.ResourceManager' (are you missing an assembly reference?)
C:\gh\azure-sdk-for-net\sdk\dns\Azure.ResourceManager.Dns\tests\Helper.cs(6,29): error CS0234: The type or namespace name 'Resources' does not exist in the namespace 'Azure.ResourceManager' (are you missing an assembly reference?)
C:\gh\azure-sdk-for-net\sdk\dns\Azure.ResourceManager.Dns\tests\Tests\ScenarioTests.DnsTests.DnsZone.cs(5,7): error CS0246: The type or namespace name 'NUnit' could not be found (are you missing a using directive or an assembly reference?)
C:\gh\azure-sdk-for-net\sdk\dns\Azure.ResourceManager.Dns\tests\Tests\ScenarioTests.DnsTests.DnsZone.cs(6,29): error CS0234: The type or namespace name 'Resources' does not exist in the namespace 'Azure.ResourceManager' (are you missing an assembly reference?)
C:\gh\azure-sdk-for-net\sdk\dns\Azure.ResourceManager.Dns\tests\Tests\ScenarioTests.DnsTests.RecordSet.cs(5,7): error CS0246: The type or namespace name 'NUnit' could not be found (are you missing a using directive or an assembly reference?)
C:\gh\azure-sdk-for-net\common\ManagementTestShared\ManagementRecordedTestBase.cs(6,29): error CS0234: The type or namespace name 'Resources' does not exist in the namespace 'Azure.ResourceManager' (are you missing an assembly reference?)
C:\gh\azure-sdk-for-net\sdk\dns\Azure.ResourceManager.Dns\tests\DnsManagementClientBase.cs(16,16): error CS0246: The type or namespace name 'ResourcesManagementClient' could not be found (are you missing a using directive or an assembly reference?)
C:\gh\azure-sdk-for-net\sdk\dns\Azure.ResourceManager.Dns\tests\DnsManagementClientBase.cs(17,16): error CS0246: The type or namespace name 'ResourcesOperations' could not be found (are you missing a using directive or an assembly reference?)
C:\gh\azure-sdk-for-net\sdk\dns\Azure.ResourceManager.Dns\tests\DnsManagementClientBase.cs(18,16): error CS0246: The type or namespace name 'ProvidersOperations' could not be found (are you missing a using directive or an assembly reference?)
C:\gh\azure-sdk-for-net\sdk\dns\Azure.ResourceManager.Dns\tests\DnsManagementClientBase.cs(19,16): error CS0246: The type or namespace name 'ResourceGroupsOperations' could not be found (are you missing a using directive or an assembly reference?)
C:\gh\azure-sdk-for-net\sdk\dns\Azure.ResourceManager.Dns\tests\Tests\ScenarioTests.DnsTests.DnsZone.cs(161,10): error CS0246: The type or namespace name 'TestCaseAttribute' could not be found (are you missing a using directive or an assembly reference?)
C:\gh\azure-sdk-for-net\sdk\dns\Azure.ResourceManager.Dns\tests\Tests\ScenarioTests.DnsTests.DnsZone.cs(161,10): error CS0246: The type or namespace name 'TestCase' could not be found (are you missing a using directive or an assembly reference?)
C:\gh\azure-sdk-for-net\sdk\dns\Azure.ResourceManager.Dns\tests\Tests\ScenarioTests.DnsTests.DnsZone.cs(184,10): error CS0246: The type or namespace name 'TestCaseAttribute' could not be found (are you missing a using directive or an assembly reference?)
C:\gh\azure-sdk-for-net\sdk\dns\Azure.ResourceManager.Dns\tests\Tests\ScenarioTests.DnsTests.DnsZone.cs(184,10): error CS0246: The type or namespace name 'TestCase' could not be found (are you missing a using directive or an assembly reference?)
C:\gh\azure-sdk-for-net\sdk\dns\Azure.ResourceManager.Dns\tests\Helper.cs(17,87): error CS0246: The type or namespace name 'ResourceGroup' could not be found (are you missing a using directive or an assembly reference?)
C:\gh\azure-sdk-for-net\common\ManagementTestShared\ResourceGroupCleanupPolicy.cs(24,43): error CS0103: The name 'RequestMethod' does not exist in the current context
C:\gh\azure-sdk-for-net\sdk\dns\Azure.ResourceManager.Dns\tests\DnsManagementClientBase.cs(30,61): error CS1061: 'ResourcesManagementClient' does not contain a definition for 'Resources' and no accessible extension method 'Resources' accepting a first argument of type 'ResourcesManagementClient' could be found (are you missing a using directive or an assembly reference?)
C:\gh\azure-sdk-for-net\sdk\dns\Azure.ResourceManager.Dns\tests\DnsManagementClientBase.cs(31,69): error CS1061: 'ResourcesManagementClient' does not contain a definition for 'Providers' and no accessible extension method 'Providers' accepting a first argument of type 'ResourcesManagementClient' could be found (are you missing a using directive or an assembly reference?)
C:\gh\azure-sdk-for-net\sdk\dns\Azure.ResourceManager.Dns\tests\DnsManagementClientBase.cs(32,66): error CS1061: 'ResourcesManagementClient' does not contain a definition for 'ResourceGroups' and no accessible extension method 'ResourceGroups' accepting a first argument of type 'ResourcesManagementClient' could be found (are you missing a using directive or an assembly reference?)
C:\gh\azure-sdk-for-net\sdk\dns\Azure.ResourceManager.Dns\tests\Helper.cs(24,17): error CS0246: The type or namespace name 'IUtf8JsonSerializable' could not be found (are you missing a using directive or an assembly reference?)
C:\gh\azure-sdk-for-net\sdk\dns\Azure.ResourceManager.Dns\tests\Helper.cs(24,34): error CS0246: The type or namespace name 'IUtf8JsonSerializable' could not be found (are you missing a using directive or an assembly reference?)
C:\gh\azure-sdk-for-net\sdk\dns\Azure.ResourceManager.Dns\tests\Helper.cs(29,38): error CS0518: Predefined type 'System.String' is not defined or imported
C:\gh\azure-sdk-for-net\sdk\dns\Azure.ResourceManager.Dns\tests\Helper.cs(29,55): error CS0518: Predefined type 'System.String' is not defined or imported
C:\gh\azure-sdk-for-net\sdk\dns\Azure.ResourceManager.Dns\tests\Helper.cs(34,23): error CS0246: The type or namespace name 'IDictionary<,>' could not be found (are you missing a using directive or an assembly reference?)
C:\gh\azure-sdk-for-net\sdk\dns\Azure.ResourceManager.Dns\tests\Helper.cs(34,46): error CS0246: The type or namespace name 'IDictionary<,>' could not be found (are you missing a using directive or an assembly reference?)
C:\gh\azure-sdk-for-net\sdk\dns\Azure.ResourceManager.Dns\tests\Helper.cs(36,27): error CS0246: The type or namespace name 'IDictionary<,>' could not be found (are you missing a using directive or an assembly reference?)
C:\gh\azure-sdk-for-net\sdk\dns\Azure.ResourceManager.Dns\tests\Helper.cs(36,48): error CS0246: The type or namespace name 'IDictionary<,>' could not be found (are you missing a using directive or an assembly reference?)
C:\gh\azure-sdk-for-net\sdk\dns\Azure.ResourceManager.Dns\tests\Helper.cs(41,46): error CS0246: The type or namespace name 'IDictionary<,>' could not be found (are you missing a using directive or an assembly reference?)
C:\gh\azure-sdk-for-net\sdk\dns\Azure.ResourceManager.Dns\tests\Helper.cs(43,33): error CS0246: The type or namespace name 'IDictionary<,>' could not be found (are you missing a using directive or an assembly reference?)
C:\gh\azure-sdk-for-net\sdk\dns\Azure.ResourceManager.Dns\tests\Helper.cs(44,31): error CS0246: The type or namespace name 'IDictionary<,>' could not be found (are you missing a using directive or an assembly reference?)
C:\gh\azure-sdk-for-net\sdk\dns\Azure.ResourceManager.Dns\tests\Helper.cs(44,51): error CS0246: The type or namespace name 'IDictionary<,>' could not be found (are you missing a using directive or an assembly reference?)
C:\gh\azure-sdk-for-net\common\ManagementTestShared\ManagementRecordedTestBase.cs(42,55): error CS0246: The type or namespace name 'ResourcesManagementClientOptions' could not be found (are you missing a using directive or an assembly reference?)
C:\gh\azure-sdk-for-net\common\ManagementTestShared\ManagementRecordedTestBase.cs(44,21): error CS0012: The type 'ClientOptions' is defined in an assembly that is not referenced. You must add a reference to assembly 'Azure.Core, Version=1.4.1.0, Culture=neutral, PublicKeyToken=92742159e12e44c8'.
C:\gh\azure-sdk-for-net\common\ManagementTestShared\ManagementRecordedTestBase.cs(44,46): error CS0103: The name 'HttpPipelinePosition' does not exist in the current context
C:\gh\azure-sdk-for-net\common\ManagementTestShared\ManagementRecordedTestBase.cs(44,21): error CS1061: 'T' does not contain a definition for 'AddPolicy' and no accessible extension method 'AddPolicy' accepting a first argument of type 'T' could be found (are you missing a using directive or an assembly reference?)
C:\gh\azure-sdk-for-net\common\ManagementTestShared\ManagementRecordedTestBase.cs(46,33): error CS0246: The type or namespace name 'ResourcesManagementClient' could not be found (are you missing a using directive or an assembly reference?)
C:\gh\azure-sdk-for-net\common\ManagementTestShared\ManagementRecordedTestBase.cs(48,33): error CS0012: The type 'TokenCredential' is defined in an assembly that is not referenced. You must add a reference to assembly 'Azure.Core, Version=1.4.1.0, Culture=neutral, PublicKeyToken=92742159e12e44c8'.
C:\gh\azure-sdk-for-net\sdk\dns\Azure.ResourceManager.Dns\tests\Helper.cs(66,17): error CS0246: The type or namespace name 'IUtf8JsonSerializable' could not be found (are you missing a using directive or an assembly reference?)
C:\gh\azure-sdk-for-net\sdk\dns\Azure.ResourceManager.Dns\tests\Helper.cs(66,34): error CS0246: The type or namespace name 'IUtf8JsonSerializable' could not be found (are you missing a using directive or an assembly reference?)
C:\gh\azure-sdk-for-net\sdk\dns\Azure.ResourceManager.Dns\tests\Helper.cs(68,45): error CS0518: Predefined type 'System.String' is not defined or imported
C:\gh\azure-sdk-for-net\sdk\dns\Azure.ResourceManager.Dns\tests\Helper.cs(68,60): error CS0518: Predefined type 'System.String' is not defined or imported
C:\gh\azure-sdk-for-net\sdk\dns\Azure.ResourceManager.Dns\tests\DnsManagementClientBase.cs(40,61): error CS1061: 'ResourcesManagementClient' does not contain a definition for 'Resources' and no accessible extension method 'Resources' accepting a first argument of type 'ResourcesManagementClient' could be found (are you missing a using directive or an assembly reference?)
C:\gh\azure-sdk-for-net\sdk\dns\Azure.ResourceManager.Dns\tests\DnsManagementClientBase.cs(41,69): error CS1061: 'ResourcesManagementClient' does not contain a definition for 'Providers' and no accessible extension method 'Providers' accepting a first argument of type 'ResourcesManagementClient' could be found (are you missing a using directive or an assembly reference?)
C:\gh\azure-sdk-for-net\sdk\dns\Azure.ResourceManager.Dns\tests\DnsManagementClientBase.cs(42,66): error CS1061: 'ResourcesManagementClient' does not contain a definition for 'ResourceGroups' and no accessible extension method 'ResourceGroups' accepting a first argument of type 'ResourcesManagementClient' could be found (are you missing a using directive or an assembly reference?)
C:\gh\azure-sdk-for-net\sdk\dns\Azure.ResourceManager.Dns\tests\DnsManagementClientBase.cs(51,33): error CS0012: The type 'TokenCredential' is defined in an assembly that is not referenced. You must add a reference to assembly 'Azure.Core, Version=1.4.1.0, Culture=neutral, PublicKeyToken=92742159e12e44c8'.
C:\gh\azure-sdk-for-net\sdk\dns\Azure.ResourceManager.Dns\tests\DnsManagementClientBase.cs(51,73): error CS0518: Predefined type 'System.Void' is not defined or imported
C:\gh\azure-sdk-for-net\sdk\dns\Azure.ResourceManager.Dns\tests\Tests\ScenarioTests.DnsTests.RecordSet.cs(36,36): error CS0246: The type or namespace name 'ChangeTrackingList<>' could not be found (are you missing a using directive or an assembly reference?)
C:\gh\azure-sdk-for-net\sdk\dns\Azure.ResourceManager.Dns\tests\Tests\ScenarioTests.DnsTests.RecordSet.cs(37,33): error CS0246: The type or namespace name 'ChangeTrackingList<>' could not be found (are you missing a using directive or an assembly reference?)
C:\gh\azure-sdk-for-net\sdk\dns\Azure.ResourceManager.Dns\tests\Tests\ScenarioTests.DnsTests.RecordSet.cs(38,34): error CS0246: The type or namespace name 'ChangeTrackingList<>' could not be found (are you missing a using directive or an assembly reference?)
C:\gh\azure-sdk-for-net\sdk\dns\Azure.ResourceManager.Dns\tests\Tests\ScenarioTests.DnsTests.RecordSet.cs(39,34): error CS0246: The type or namespace name 'ChangeTrackingList<>' could not be found (are you missing a using directive or an assembly reference?)
C:\gh\azure-sdk-for-net\sdk\dns\Azure.ResourceManager.Dns\tests\Tests\ScenarioTests.DnsTests.RecordSet.cs(40,35): error CS0246: The type or namespace name 'ChangeTrackingList<>' could not be found (are you missing a using directive or an assembly reference?)
C:\gh\azure-sdk-for-net\sdk\dns\Azure.ResourceManager.Dns\tests\Tests\ScenarioTests.DnsTests.RecordSet.cs(41,35): error CS0246: The type or namespace name 'ChangeTrackingList<>' could not be found (are you missing a using directive or an assembly reference?)
C:\gh\azure-sdk-for-net\sdk\dns\Azure.ResourceManager.Dns\tests\Tests\ScenarioTests.DnsTests.RecordSet.cs(42,35): error CS0246: The type or namespace name 'ChangeTrackingList<>' could not be found (are you missing a using directive or an assembly reference?)
C:\gh\azure-sdk-for-net\sdk\dns\Azure.ResourceManager.Dns\tests\Tests\ScenarioTests.DnsTests.RecordSet.cs(43,35): error CS0246: The type or namespace name 'ChangeTrackingList<>' could not be found (are you missing a using directive or an assembly reference?)
C:\gh\azure-sdk-for-net\common\ManagementTestShared\ManagementRecordedTestBase.cs(56,48): error CS0246: The type or namespace name 'ResourcesManagementClient' could not be found (are you missing a using directive or an assembly reference?)
C:\gh\azure-sdk-for-net\common\ManagementTestShared\ManagementRecordedTestBase.cs(58,37): error CS0012: The type 'TokenCredential' is defined in an assembly that is not referenced. You must add a reference to assembly 'Azure.Core, Version=1.4.1.0, Culture=neutral, PublicKeyToken=92742159e12e44c8'.
C:\gh\azure-sdk-for-net\common\ManagementTestShared\ManagementRecordedTestBase.cs(59,25): error CS0246: The type or namespace name 'ResourcesManagementClientOptions' could not be found (are you missing a using directive or an assembly reference?)
C:\gh\azure-sdk-for-net\sdk\dns\Azure.ResourceManager.Dns\tests\Tests\ScenarioTests.DnsTests.RecordSet.cs(58,33): error CS0518: Predefined type 'System.Void' is not defined or imported
C:\gh\azure-sdk-for-net\sdk\dns\Azure.ResourceManager.Dns\tests\Tests\ScenarioTests.DnsTests.RecordSet.cs(59,23): error CS0246: The type or namespace name 'Task<>' could not be found (are you missing a using directive or an assembly reference?)
C:\gh\azure-sdk-for-net\sdk\dns\Azure.ResourceManager.Dns\tests\Helper.cs(79,17): error CS0246: The type or namespace name 'IUtf8JsonSerializable' could not be found (are you missing a using directive or an assembly reference?)
C:\gh\azure-sdk-for-net\sdk\dns\Azure.ResourceManager.Dns\tests\Helper.cs(79,34): error CS0246: The type or namespace name 'IUtf8JsonSerializable' could not be found (are you missing a using directive or an assembly reference?)
C:\gh\azure-sdk-for-net\sdk\dns\Azure.ResourceManager.Dns\tests\Helper.cs(81,46): error CS0518: Predefined type 'System.String' is not defined or imported
C:\gh\azure-sdk-for-net\sdk\dns\Azure.ResourceManager.Dns\tests\Helper.cs(81,61): error CS0518: Predefined type 'System.String' is not defined or imported
C:\gh\azure-sdk-for-net\sdk\dns\Azure.ResourceManager.Dns\tests\Helper.cs(82,33): error CS0518: Predefined type 'System.Nullable`1' is not defined or imported
C:\gh\azure-sdk-for-net\sdk\dns\Azure.ResourceManager.Dns\tests\Helper.cs(82,47): error CS0518: Predefined type 'System.Nullable`1' is not defined or imported
C:\gh\azure-sdk-for-net\sdk\dns\Azure.ResourceManager.Dns\tests\Helper.cs(83,42): error CS0246: The type or namespace name 'IList<>' could not be found (are you missing a using directive or an assembly reference?)
C:\gh\azure-sdk-for-net\sdk\dns\Azure.ResourceManager.Dns\tests\Helper.cs(83,59): error CS0246: The type or namespace name 'IList<>' could not be found (are you missing a using directive or an assembly reference?)
C:\gh\azure-sdk-for-net\sdk\dns\Azure.ResourceManager.Dns\tests\Helper.cs(84,42): error CS0246: The type or namespace name 'IList<>' could not be found (are you missing a using directive or an assembly reference?)
C:\gh\azure-sdk-for-net\sdk\dns\Azure.ResourceManager.Dns\tests\Helper.cs(84,62): error CS0246: The type or namespace name 'IList<>' could not be found (are you missing a using directive or an assembly reference?)
C:\gh\azure-sdk-for-net\sdk\dns\Azure.ResourceManager.Dns\tests\Helper.cs(85,42): error CS0246: The type or namespace name 'IList<>' could not be found (are you missing a using directive or an assembly reference?)
C:\gh\azure-sdk-for-net\sdk\dns\Azure.ResourceManager.Dns\tests\Helper.cs(85,60): error CS0246: The type or namespace name 'IList<>' could not be found (are you missing a using directive or an assembly reference?)
C:\gh\azure-sdk-for-net\sdk\dns\Azure.ResourceManager.Dns\tests\Helper.cs(86,42): error CS0246: The type or namespace name 'IList<>' could not be found (are you missing a using directive or an assembly reference?)
C:\gh\azure-sdk-for-net\sdk\dns\Azure.ResourceManager.Dns\tests\Helper.cs(86,60): error CS0246: The type or namespace name 'IList<>' could not be found (are you missing a using directive or an assembly reference?)
C:\gh\azure-sdk-for-net\sdk\dns\Azure.ResourceManager.Dns\tests\Helper.cs(87,42): error CS0246: The type or namespace name 'IList<>' could not be found (are you missing a using directive or an assembly reference?)
C:\gh\azure-sdk-for-net\sdk\dns\Azure.ResourceManager.Dns\tests\Helper.cs(87,61): error CS0246: The type or namespace name 'IList<>' could not be found (are you missing a using directive or an assembly reference?)
C:\gh\azure-sdk-for-net\sdk\dns\Azure.ResourceManager.Dns\tests\Helper.cs(88,42): error CS0246: The type or namespace name 'IList<>' could not be found (are you missing a using directive or an assembly reference?)
C:\gh\azure-sdk-for-net\sdk\dns\Azure.ResourceManager.Dns\tests\Helper.cs(88,61): error CS0246: The type or namespace name 'IList<>' could not be found (are you missing a using directive or an assembly reference?)
C:\gh\azure-sdk-for-net\sdk\dns\Azure.ResourceManager.Dns\tests\Helper.cs(89,27): error CS0246: The type or namespace name 'IUtf8JsonSerializable' could not be found (are you missing a using directive or an assembly reference?)
C:\gh\azure-sdk-for-net\sdk\dns\Azure.ResourceManager.Dns\tests\Helper.cs(90,27): error CS0246: The type or namespace name 'IUtf8JsonSerializable' could not be found (are you missing a using directive or an assembly reference?)
C:\gh\azure-sdk-for-net\sdk\dns\Azure.ResourceManager.Dns\tests\Helper.cs(103,17): error CS0246: The type or namespace name 'IUtf8JsonSerializable' could not be found (are you missing a using directive or an assembly reference?)
C:\gh\azure-sdk-for-net\sdk\dns\Azure.ResourceManager.Dns\tests\Helper.cs(103,34): error CS0246: The type or namespace name 'IUtf8JsonSerializable' could not be found (are you missing a using directive or an assembly reference?)
C:\gh\azure-sdk-for-net\sdk\dns\Azure.ResourceManager.Dns\tests\Helper.cs(107,22): error CS0246: The type or namespace name 'IUtf8JsonSerializable' could not be found (are you missing a using directive or an assembly reference?)
C:\gh\azure-sdk-for-net\sdk\dns\Azure.ResourceManager.Dns\tests\Helper.cs(107,39): error CS0246: The type or namespace name 'IUtf8JsonSerializable' could not be found (are you missing a using directive or an assembly reference?)
C:\gh\azure-sdk-for-net\sdk\dns\Azure.ResourceManager.Dns\tests\Helper.cs(112,26): error CS0518: Predefined type 'System.String' is not defined or imported
C:\gh\azure-sdk-for-net\sdk\dns\Azure.ResourceManager.Dns\tests\Helper.cs(112,42): error CS0518: Predefined type 'System.String' is not defined or imported
C:\gh\azure-sdk-for-net\sdk\dns\Azure.ResourceManager.Dns\tests\Helper.cs(117,17): error CS0246: The type or namespace name 'IUtf8JsonSerializable' could not be found (are you missing a using directive or an assembly reference?)
C:\gh\azure-sdk-for-net\sdk\dns\Azure.ResourceManager.Dns\tests\Helper.cs(117,34): error CS0246: The type or namespace name 'IUtf8JsonSerializable' could not be found (are you missing a using directive or an assembly reference?)
C:\gh\azure-sdk-for-net\sdk\dns\Azure.ResourceManager.Dns\tests\Helper.cs(121,22): error CS0246: The type or namespace name 'IUtf8JsonSerializable' could not be found (are you missing a using directive or an assembly reference?)
C:\gh\azure-sdk-for-net\sdk\dns\Azure.ResourceManager.Dns\tests\Helper.cs(121,39): error CS0246: The type or namespace name 'IUtf8JsonSerializable' could not be found (are you missing a using directive or an assembly reference?)
C:\gh\azure-sdk-for-net\sdk\dns\Azure.ResourceManager.Dns\tests\Helper.cs(126,26): error CS0518: Predefined type 'System.String' is not defined or imported
C:\gh\azure-sdk-for-net\sdk\dns\Azure.ResourceManager.Dns\tests\Helper.cs(126,42): error CS0518: Predefined type 'System.String' is not defined or imported
C:\gh\azure-sdk-for-net\sdk\dns\Azure.ResourceManager.Dns\tests\Helper.cs(127,29): error CS0518: Predefined type 'System.Nullable`1' is not defined or imported
C:\gh\azure-sdk-for-net\sdk\dns\Azure.ResourceManager.Dns\tests\Helper.cs(127,50): error CS0518: Predefined type 'System.Nullable`1' is not defined or imported
C:\gh\azure-sdk-for-net\sdk\dns\Azure.ResourceManager.Dns\tests\Helper.cs(128,29): error CS0518: Predefined type 'System.String' is not defined or imported
C:\gh\azure-sdk-for-net\sdk\dns\Azure.ResourceManager.Dns\tests\Helper.cs(128,44): error CS0518: Predefined type 'System.String' is not defined or imported
C:\gh\azure-sdk-for-net\sdk\dns\Azure.ResourceManager.Dns\tests\Helper.cs(129,29): error CS0518: Predefined type 'System.Nullable`1' is not defined or imported
C:\gh\azure-sdk-for-net\sdk\dns\Azure.ResourceManager.Dns\tests\Helper.cs(129,50): error CS0518: Predefined type 'System.Nullable`1' is not defined or imported
C:\gh\azure-sdk-for-net\sdk\dns\Azure.ResourceManager.Dns\tests\Helper.cs(130,29): error CS0518: Predefined type 'System.Nullable`1' is not defined or imported
C:\gh\azure-sdk-for-net\sdk\dns\Azure.ResourceManager.Dns\tests\Helper.cs(130,51): error CS0518: Predefined type 'System.Nullable`1' is not defined or imported
C:\gh\azure-sdk-for-net\sdk\dns\Azure.ResourceManager.Dns\tests\Helper.cs(131,29): error CS0518: Predefined type 'System.Nullable`1' is not defined or imported
C:\gh\azure-sdk-for-net\sdk\dns\Azure.ResourceManager.Dns\tests\Helper.cs(131,49): error CS0518: Predefined type 'System.Nullable`1' is not defined or imported
C:\gh\azure-sdk-for-net\sdk\dns\Azure.ResourceManager.Dns\tests\Helper.cs(132,29): error CS0518: Predefined type 'System.Nullable`1' is not defined or imported
C:\gh\azure-sdk-for-net\sdk\dns\Azure.ResourceManager.Dns\tests\Helper.cs(132,52): error CS0518: Predefined type 'System.Nullable`1' is not defined or imported
C:\gh\azure-sdk-for-net\sdk\dns\Azure.ResourceManager.Dns\tests\Tests\ScenarioTests.DnsTests.DnsZone.cs(54,29): error CS0518: Predefined type 'System.Void' is not defined or imported
C:\gh\azure-sdk-for-net\sdk\dns\Azure.ResourceManager.Dns\tests\Tests\ScenarioTests.DnsTests.DnsZone.cs(55,19): error CS0246: The type or namespace name 'IDictionary<,>' could not be found (are you missing a using directive or an assembly reference?)
C:\gh\azure-sdk-for-net\sdk\dns\Azure.ResourceManager.Dns\tests\Tests\ScenarioTests.DnsTests.DnsZone.cs(56,34): error CS0246: The type or namespace name 'Task<>' could not be found (are you missing a using directive or an assembly reference?)
C:\gh\azure-sdk-for-net\sdk\dns\Azure.ResourceManager.Dns\tests\Tests\ScenarioTests.DnsTests.DnsZone.cs(57,13): error CS0103: The name 'Assert' does not exist in the current context
C:\gh\azure-sdk-for-net\sdk\dns\Azure.ResourceManager.Dns\tests\Tests\ScenarioTests.DnsTests.DnsZone.cs(57,27): error CS0246: The type or namespace name 'IUtf8JsonSerializable' could not be found (are you missing a using directive or an assembly reference?)
C:\gh\azure-sdk-for-net\sdk\dns\Azure.ResourceManager.Dns\tests\Tests\ScenarioTests.DnsTests.DnsZone.cs(58,30): error CS0246: The type or namespace name 'Task<>' could not be found (are you missing a using directive or an assembly reference?)
C:\gh\azure-sdk-for-net\sdk\dns\Azure.ResourceManager.Dns\tests\Tests\ScenarioTests.DnsTests.DnsZone.cs(59,13): error CS0103: The name 'Assert' does not exist in the current context
C:\gh\azure-sdk-for-net\sdk\dns\Azure.ResourceManager.Dns\tests\Tests\ScenarioTests.DnsTests.DnsZone.cs(59,27): error CS0246: The type or namespace name 'IUtf8JsonSerializable' could not be found (are you missing a using directive or an assembly reference?)
C:\gh\azure-sdk-for-net\sdk\dns\Azure.ResourceManager.Dns\tests\Tests\ScenarioTests.DnsTests.DnsZone.cs(61,19): error CS0246: The type or namespace name 'IDictionary<,>' could not be found (are you missing a using directive or an assembly reference?)
C:\gh\azure-sdk-for-net\sdk\dns\Azure.ResourceManager.Dns\tests\Tests\ScenarioTests.DnsTests.DnsZone.cs(62,19): error CS0246: The type or namespace name 'IDictionary<,>' could not be found (are you missing a using directive or an assembly reference?)
C:\gh\azure-sdk-for-net\sdk\dns\Azure.ResourceManager.Dns\tests\Tests\ScenarioTests.DnsTests.DnsZone.cs(63,19): error CS0246: The type or namespace name 'IDictionary<,>' could not be found (are you missing a using directive or an assembly reference?)
C:\gh\azure-sdk-for-net\sdk\dns\Azure.ResourceManager.Dns\tests\Tests\ScenarioTests.DnsTests.DnsZone.cs(64,30): error CS0246: The type or namespace name 'Task<>' could not be found (are you missing a using directive or an assembly reference?)
C:\gh\azure-sdk-for-net\sdk\dns\Azure.ResourceManager.Dns\tests\Tests\ScenarioTests.DnsTests.DnsZone.cs(65,13): error CS0103: The name 'Assert' does not exist in the current context
C:\gh\azure-sdk-for-net\sdk\dns\Azure.ResourceManager.Dns\tests\Tests\ScenarioTests.DnsTests.DnsZone.cs(65,27): error CS0246: The type or namespace name 'IUtf8JsonSerializable' could not be found (are you missing a using directive or an assembly reference?)
C:\gh\azure-sdk-for-net\sdk\dns\Azure.ResourceManager.Dns\tests\Tests\ScenarioTests.DnsTests.DnsZone.cs(66,71): error CS0246: The type or namespace name 'Task<>' could not be found (are you missing a using directive or an assembly reference?)
C:\gh\azure-sdk-for-net\sdk\dns\Azure.ResourceManager.Dns\tests\Tests\ScenarioTests.DnsTests.DnsZone.cs(67,13): error CS0103: The name 'Assert' does not exist in the current context
C:\gh\azure-sdk-for-net\sdk\dns\Azure.ResourceManager.Dns\tests\Helper.cs(164,34): error CS0518: Predefined type 'System.String' is not defined or imported
C:\gh\azure-sdk-for-net\sdk\dns\Azure.ResourceManager.Dns\tests\Helper.cs(164,59): error CS0518: Predefined type 'System.String' is not defined or imported
C:\gh\azure-sdk-for-net\sdk\dns\Azure.ResourceManager.Dns\tests\Tests\ScenarioTests.DnsTests.RecordSet.cs(78,32): error CS0246: The type or namespace name 'ChangeTrackingList<>' could not be found (are you missing a using directive or an assembly reference?)
C:\gh\azure-sdk-for-net\sdk\dns\Azure.ResourceManager.Dns\tests\Tests\ScenarioTests.DnsTests.RecordSet.cs(80,19): error CS0518: Predefined type 'System.Void' is not defined or imported
C:\gh\azure-sdk-for-net\sdk\dns\Azure.ResourceManager.Dns\tests\Tests\ScenarioTests.DnsTests.RecordSet.cs(80,28): error CS0518: Predefined type 'System.String' is not defined or imported
C:\gh\azure-sdk-for-net\sdk\dns\Azure.ResourceManager.Dns\tests\Tests\ScenarioTests.DnsTests.RecordSet.cs(83,38): error CS0518: Predefined type 'System.Void' is not defined or imported
C:\gh\azure-sdk-for-net\sdk\dns\Azure.ResourceManager.Dns\tests\Tests\ScenarioTests.DnsTests.RecordSet.cs(83,38): error CS1729: 'RecordSet' does not contain a constructor that takes 19 arguments
C:\gh\azure-sdk-for-net\sdk\dns\Azure.ResourceManager.Dns\tests\Tests\ScenarioTests.DnsTests.RecordSet.cs(86,49): error CS0246: The type or namespace name 'Task<>' could not be found (are you missing a using directive or an assembly reference?)
C:\gh\azure-sdk-for-net\sdk\dns\Azure.ResourceManager.Dns\tests\Tests\ScenarioTests.DnsTests.RecordSet.cs(87,13): error CS0103: The name 'Assert' does not exist in the current context
C:\gh\azure-sdk-for-net\sdk\dns\Azure.ResourceManager.Dns\tests\Tests\ScenarioTests.DnsTests.RecordSet.cs(88,13): error CS0103: The name 'Assert' does not exist in the current context
C:\gh\azure-sdk-for-net\sdk\dns\Azure.ResourceManager.Dns\tests\Tests\ScenarioTests.DnsTests.RecordSet.cs(89,49): error CS0246: The type or namespace name 'Task<>' could not be found (are you missing a using directive or an assembly reference?)
C:\gh\azure-sdk-for-net\sdk\dns\Azure.ResourceManager.Dns\tests\Tests\ScenarioTests.DnsTests.RecordSet.cs(90,13): error CS0103: The name 'Assert' does not exist in the current context
C:\gh\azure-sdk-for-net\sdk\dns\Azure.ResourceManager.Dns\tests\Helper.cs(187,65): error CS0518: Predefined type 'System.String' is not defined or imported
C:\gh\azure-sdk-for-net\sdk\dns\Azure.ResourceManager.Dns\tests\Helper.cs(188,67): error CS0518: Predefined type 'System.String' is not defined or imported
C:\gh\azure-sdk-for-net\sdk\dns\Azure.ResourceManager.Dns\tests\Helper.cs(212,34): error CS0518: Predefined type 'System.String' is not defined or imported
C:\gh\azure-sdk-for-net\sdk\dns\Azure.ResourceManager.Dns\tests\Helper.cs(212,56): error CS0518: Predefined type 'System.String' is not defined or imported
C:\gh\azure-sdk-for-net\sdk\dns\Azure.ResourceManager.Dns\tests\Helper.cs(213,37): error CS0518: Predefined type 'System.Nullable`1' is not defined or imported
C:\gh\azure-sdk-for-net\sdk\dns\Azure.ResourceManager.Dns\tests\Helper.cs(213,61): error CS0518: Predefined type 'System.Nullable`1' is not defined or imported
C:\gh\azure-sdk-for-net\sdk\dns\Azure.ResourceManager.Dns\tests\Helper.cs(236,34): error CS0518: Predefined type 'System.String' is not defined or imported
C:\gh\azure-sdk-for-net\sdk\dns\Azure.ResourceManager.Dns\tests\Helper.cs(236,55): error CS0518: Predefined type 'System.String' is not defined or imported
C:\gh\azure-sdk-for-net\sdk\dns\Azure.ResourceManager.Dns\tests\Tests\ScenarioTests.DnsTests.RecordSet.cs(96,35): error CS0246: The type or namespace name 'ChangeTrackingList<>' could not be found (are you missing a using directive or an assembly reference?)
C:\gh\azure-sdk-for-net\sdk\dns\Azure.ResourceManager.Dns\tests\Tests\ScenarioTests.DnsTests.RecordSet.cs(98,21): error CS0518: Predefined type 'System.Void' is not defined or imported
C:\gh\azure-sdk-for-net\sdk\dns\Azure.ResourceManager.Dns\tests\Tests\ScenarioTests.DnsTests.RecordSet.cs(98,33): error CS0518: Predefined type 'System.String' is not defined or imported
C:\gh\azure-sdk-for-net\sdk\dns\Azure.ResourceManager.Dns\tests\Tests\ScenarioTests.DnsTests.RecordSet.cs(99,21): error CS0518: Predefined type 'System.Void' is not defined or imported
C:\gh\azure-sdk-for-net\sdk\dns\Azure.ResourceManager.Dns\tests\Tests\ScenarioTests.DnsTests.RecordSet.cs(99,33): error CS0518: Predefined type 'System.String' is not defined or imported
C:\gh\azure-sdk-for-net\sdk\dns\Azure.ResourceManager.Dns\tests\Tests\ScenarioTests.DnsTests.RecordSet.cs(103,38): error CS0518: Predefined type 'System.Void' is not defined or imported
C:\gh\azure-sdk-for-net\sdk\dns\Azure.ResourceManager.Dns\tests\Tests\ScenarioTests.DnsTests.RecordSet.cs(103,38): error CS1729: 'RecordSet' does not contain a constructor that takes 19 arguments
C:\gh\azure-sdk-for-net\sdk\dns\Azure.ResourceManager.Dns\tests\Tests\ScenarioTests.DnsTests.RecordSet.cs(106,49): error CS0246: The type or namespace name 'Task<>' could not be found (are you missing a using directive or an assembly reference?)
C:\gh\azure-sdk-for-net\sdk\dns\Azure.ResourceManager.Dns\tests\Tests\ScenarioTests.DnsTests.RecordSet.cs(107,13): error CS0103: The name 'Assert' does not exist in the current context
C:\gh\azure-sdk-for-net\sdk\dns\Azure.ResourceManager.Dns\tests\Tests\ScenarioTests.DnsTests.RecordSet.cs(108,13): error CS0103: The name 'Assert' does not exist in the current context
C:\gh\azure-sdk-for-net\sdk\dns\Azure.ResourceManager.Dns\tests\Tests\ScenarioTests.DnsTests.RecordSet.cs(109,49): error CS0246: The type or namespace name 'Task<>' could not be found (are you missing a using directive or an assembly reference?)
C:\gh\azure-sdk-for-net\sdk\dns\Azure.ResourceManager.Dns\tests\Tests\ScenarioTests.DnsTests.RecordSet.cs(110,13): error CS0103: The name 'Assert' does not exist in the current context
C:\gh\azure-sdk-for-net\sdk\dns\Azure.ResourceManager.Dns\tests\Helper.cs(259,34): error CS0518: Predefined type 'System.String' is not defined or imported
C:\gh\azure-sdk-for-net\sdk\dns\Azure.ResourceManager.Dns\tests\Helper.cs(259,56): error CS0518: Predefined type 'System.String' is not defined or imported
C:\gh\azure-sdk-for-net\sdk\dns\Azure.ResourceManager.Dns\tests\Helper.cs(282,34): error CS0518: Predefined type 'System.Nullable`1' is not defined or imported
C:\gh\azure-sdk-for-net\sdk\dns\Azure.ResourceManager.Dns\tests\Helper.cs(282,52): error CS0518: Predefined type 'System.Nullable`1' is not defined or imported
C:\gh\azure-sdk-for-net\sdk\dns\Azure.ResourceManager.Dns\tests\Helper.cs(283,37): error CS0518: Predefined type 'System.String' is not defined or imported
C:\gh\azure-sdk-for-net\sdk\dns\Azure.ResourceManager.Dns\tests\Helper.cs(283,57): error CS0518: Predefined type 'System.String' is not defined or imported
C:\gh\azure-sdk-for-net\sdk\dns\Azure.ResourceManager.Dns\tests\Helper.cs(284,37): error CS0518: Predefined type 'System.Nullable`1' is not defined or imported
C:\gh\azure-sdk-for-net\sdk\dns\Azure.ResourceManager.Dns\tests\Helper.cs(284,57): error CS0518: Predefined type 'System.Nullable`1' is not defined or imported
C:\gh\azure-sdk-for-net\sdk\dns\Azure.ResourceManager.Dns\tests\Helper.cs(285,37): error CS0518: Predefined type 'System.Nullable`1' is not defined or imported
C:\gh\azure-sdk-for-net\sdk\dns\Azure.ResourceManager.Dns\tests\Helper.cs(285,59): error CS0518: Predefined type 'System.Nullable`1' is not defined or imported
C:\gh\azure-sdk-for-net\sdk\dns\Azure.ResourceManager.Dns\tests\Helper.cs(308,34): error CS0246: The type or namespace name 'IList<>' could not be found (are you missing a using directive or an assembly reference?)
C:\gh\azure-sdk-for-net\sdk\dns\Azure.ResourceManager.Dns\tests\Helper.cs(308,53): error CS0246: The type or namespace name 'IList<>' could not be found (are you missing a using directive or an assembly reference?)
C:\gh\azure-sdk-for-net\sdk\dns\Azure.ResourceManager.Dns\tests\Helper.cs(322,17): error CS0246: The type or namespace name 'IUtf8JsonSerializable' could not be found (are you missing a using directive or an assembly reference?)
C:\gh\azure-sdk-for-net\sdk\dns\Azure.ResourceManager.Dns\tests\Helper.cs(322,34): error CS0246: The type or namespace name 'IUtf8JsonSerializable' could not be found (are you missing a using directive or an assembly reference?)
C:\gh\azure-sdk-for-net\sdk\dns\Azure.ResourceManager.Dns\tests\Helper.cs(324,30): error CS0518: Predefined type 'System.String' is not defined or imported
C:\gh\azure-sdk-for-net\sdk\dns\Azure.ResourceManager.Dns\tests\Helper.cs(324,43): error CS0518: Predefined type 'System.String' is not defined or imported
C:\gh\azure-sdk-for-net\sdk\dns\Azure.ResourceManager.Dns\tests\Tests\ScenarioTests.DnsTests.DnsZone.cs(75,29): error CS0518: Predefined type 'System.Void' is not defined or imported
C:\gh\azure-sdk-for-net\sdk\dns\Azure.ResourceManager.Dns\tests\Tests\ScenarioTests.DnsTests.DnsZone.cs(76,19): error CS0246: The type or namespace name 'Task<>' could not be found (are you missing a using directive or an assembly reference?)
C:\gh\azure-sdk-for-net\sdk\dns\Azure.ResourceManager.Dns\tests\Tests\ScenarioTests.DnsTests.DnsZone.cs(77,25): error CS0518: Predefined type 'System.Void' is not defined or imported
C:\gh\azure-sdk-for-net\sdk\dns\Azure.ResourceManager.Dns\tests\Tests\ScenarioTests.DnsTests.DnsZone.cs(78,19): error CS0246: The type or namespace name 'Task<>' could not be found (are you missing a using directive or an assembly reference?)
C:\gh\azure-sdk-for-net\sdk\dns\Azure.ResourceManager.Dns\tests\Tests\ScenarioTests.DnsTests.DnsZone.cs(80,28): error CS0246: The type or namespace name 'AsyncPageable<>' could not be found (are you missing a using directive or an assembly reference?)
C:\gh\azure-sdk-for-net\sdk\dns\Azure.ResourceManager.Dns\tests\Tests\ScenarioTests.DnsTests.DnsZone.cs(81,35): error CS0012: The type 'IAsyncEnumerable<>' is defined in an assembly that is not referenced. You must add a reference to assembly 'Microsoft.Bcl.AsyncInterfaces, Version=1.0.0.0, Culture=neutral, PublicKeyToken=cc7b13ffcd2ddd51'.
C:\gh\azure-sdk-for-net\sdk\dns\Azure.ResourceManager.Dns\tests\Tests\ScenarioTests.DnsTests.DnsZone.cs(95,13): error CS0103: The name 'Assert' does not exist in the current context
C:\gh\azure-sdk-for-net\sdk\dns\Azure.ResourceManager.Dns\tests\Tests\ScenarioTests.DnsTests.DnsZone.cs(96,19): error CS0246: The type or namespace name 'Task<>' could not be found (are you missing a using directive or an assembly reference?)
C:\gh\azure-sdk-for-net\sdk\dns\Azure.ResourceManager.Dns\tests\Tests\ScenarioTests.DnsTests.DnsZone.cs(97,19): error CS0246: The type or namespace name 'Task<>' could not be found (are you missing a using directive or an assembly reference?)
C:\gh\azure-sdk-for-net\sdk\dns\Azure.ResourceManager.Dns\tests\Tests\ScenarioTests.DnsTests.RecordSet.cs(117,29): error CS0518: Predefined type 'System.Void' is not defined or imported
C:\gh\azure-sdk-for-net\sdk\dns\Azure.ResourceManager.Dns\tests\Tests\ScenarioTests.DnsTests.RecordSet.cs(119,19): error CS0246: The type or namespace name 'Task<>' could not be found (are you missing a using directive or an assembly reference?)
C:\gh\azure-sdk-for-net\sdk\dns\Azure.ResourceManager.Dns\tests\Tests\ScenarioTests.DnsTests.RecordSet.cs(122,35): error CS0246: The type or namespace name 'ChangeTrackingList<>' could not be found (are you missing a using directive or an assembly reference?)
C:\gh\azure-sdk-for-net\sdk\dns\Azure.ResourceManager.Dns\tests\Tests\ScenarioTests.DnsTests.RecordSet.cs(124,21): error CS0518: Predefined type 'System.Void' is not defined or imported
C:\gh\azure-sdk-for-net\sdk\dns\Azure.ResourceManager.Dns\tests\Tests\ScenarioTests.DnsTests.RecordSet.cs(124,33): error CS0518: Predefined type 'System.String' is not defined or imported
C:\gh\azure-sdk-for-net\sdk\dns\Azure.ResourceManager.Dns\tests\Tests\ScenarioTests.DnsTests.RecordSet.cs(127,38): error CS0518: Predefined type 'System.Void' is not defined or imported
C:\gh\azure-sdk-for-net\sdk\dns\Azure.ResourceManager.Dns\tests\Tests\ScenarioTests.DnsTests.RecordSet.cs(127,38): error CS1729: 'RecordSet' does not contain a constructor that takes 19 arguments
C:\gh\azure-sdk-for-net\sdk\dns\Azure.ResourceManager.Dns\tests\Tests\ScenarioTests.DnsTests.RecordSet.cs(130,49): error CS0246: The type or namespace name 'Task<>' could not be found (are you missing a using directive or an assembly reference?)
C:\gh\azure-sdk-for-net\sdk\dns\Azure.ResourceManager.Dns\tests\Tests\ScenarioTests.DnsTests.RecordSet.cs(131,13): error CS0103: The name 'Assert' does not exist in the current context
C:\gh\azure-sdk-for-net\sdk\dns\Azure.ResourceManager.Dns\tests\Tests\ScenarioTests.DnsTests.RecordSet.cs(132,32): error CS0246: The type or namespace name 'AsyncPageable<>' could not be found (are you missing a using directive or an assembly reference?)
C:\gh\azure-sdk-for-net\sdk\dns\Azure.ResourceManager.Dns\tests\Tests\ScenarioTests.DnsTests.RecordSet.cs(133,13): error CS0103: The name 'Assert' does not exist in the current context
C:\gh\azure-sdk-for-net\sdk\dns\Azure.ResourceManager.Dns\tests\Tests\ScenarioTests.DnsTests.RecordSet.cs(134,36): error CS0012: The type 'IAsyncEnumerable<>' is defined in an assembly that is not referenced. You must add a reference to assembly 'Microsoft.Bcl.AsyncInterfaces, Version=1.0.0.0, Culture=neutral, PublicKeyToken=cc7b13ffcd2ddd51'.
C:\gh\azure-sdk-for-net\sdk\dns\Azure.ResourceManager.Dns\tests\Tests\ScenarioTests.DnsTests.RecordSet.cs(135,13): error CS0103: The name 'Assert' does not exist in the current context
C:\gh\azure-sdk-for-net\sdk\dns\Azure.ResourceManager.Dns\tests\Tests\ScenarioTests.DnsTests.RecordSet.cs(145,13): error CS0103: The name 'Assert' does not exist in the current context
C:\gh\azure-sdk-for-net\sdk\dns\Azure.ResourceManager.Dns\tests\Tests\ScenarioTests.DnsTests.RecordSet.cs(146,13): error CS0103: The name 'Assert' does not exist in the current context
C:\gh\azure-sdk-for-net\sdk\dns\Azure.ResourceManager.Dns\tests\Tests\ScenarioTests.DnsTests.RecordSet.cs(146,40): error CS0246: The type or namespace name 'IList<>' could not be found (are you missing a using directive or an assembly reference?)
C:\gh\azure-sdk-for-net\sdk\dns\Azure.ResourceManager.Dns\tests\Tests\ScenarioTests.DnsTests.RecordSet.cs(147,49): error CS0246: The type or namespace name 'Task<>' could not be found (are you missing a using directive or an assembly reference?)
C:\gh\azure-sdk-for-net\sdk\dns\Azure.ResourceManager.Dns\tests\Tests\ScenarioTests.DnsTests.RecordSet.cs(149,44): error CS0246: The type or namespace name 'Task<>' could not be found (are you missing a using directive or an assembly reference?)
C:\gh\azure-sdk-for-net\sdk\dns\Azure.ResourceManager.Dns\tests\Tests\ScenarioTests.DnsTests.RecordSet.cs(150,13): error CS0103: The name 'Assert' does not exist in the current context
C:\gh\azure-sdk-for-net\sdk\dns\Azure.ResourceManager.Dns\tests\Tests\ScenarioTests.DnsTests.DnsZone.cs(105,29): error CS0518: Predefined type 'System.Void' is not defined or imported
C:\gh\azure-sdk-for-net\sdk\dns\Azure.ResourceManager.Dns\tests\Tests\ScenarioTests.DnsTests.DnsZone.cs(106,19): error CS0246: The type or namespace name 'Task<>' could not be found (are you missing a using directive or an assembly reference?)
C:\gh\azure-sdk-for-net\sdk\dns\Azure.ResourceManager.Dns\tests\Tests\ScenarioTests.DnsTests.DnsZone.cs(108,25): error CS0518: Predefined type 'System.Void' is not defined or imported
C:\gh\azure-sdk-for-net\sdk\dns\Azure.ResourceManager.Dns\tests\Tests\ScenarioTests.DnsTests.DnsZone.cs(109,19): error CS0246: The type or namespace name 'Task<>' could not be found (are you missing a using directive or an assembly reference?)
C:\gh\azure-sdk-for-net\sdk\dns\Azure.ResourceManager.Dns\tests\Tests\ScenarioTests.DnsTests.DnsZone.cs(111,28): error CS0246: The type or namespace name 'AsyncPageable<>' could not be found (are you missing a using directive or an assembly reference?)
C:\gh\azure-sdk-for-net\sdk\dns\Azure.ResourceManager.Dns\tests\Tests\ScenarioTests.DnsTests.DnsZone.cs(112,29): error CS0012: The type 'IAsyncEnumerable<>' is defined in an assembly that is not referenced. You must add a reference to assembly 'Microsoft.Bcl.AsyncInterfaces, Version=1.0.0.0, Culture=neutral, PublicKeyToken=cc7b13ffcd2ddd51'.
C:\gh\azure-sdk-for-net\sdk\dns\Azure.ResourceManager.Dns\tests\Tests\ScenarioTests.DnsTests.DnsZone.cs(117,26): error CS1061: 'T' does not contain a definition for 'Name' and no accessible extension method 'Name' accepting a first argument of type 'T' could be found (are you missing a using directive or an assembly reference?)
C:\gh\azure-sdk-for-net\sdk\dns\Azure.ResourceManager.Dns\tests\Tests\ScenarioTests.DnsTests.DnsZone.cs(121,31): error CS1061: 'T' does not contain a definition for 'Name' and no accessible extension method 'Name' accepting a first argument of type 'T' could be found (are you missing a using directive or an assembly reference?)
C:\gh\azure-sdk-for-net\sdk\dns\Azure.ResourceManager.Dns\tests\Tests\ScenarioTests.DnsTests.DnsZone.cs(126,13): error CS0103: The name 'Assert' does not exist in the current context
C:\gh\azure-sdk-for-net\sdk\dns\Azure.ResourceManager.Dns\tests\Tests\ScenarioTests.DnsTests.DnsZone.cs(127,44): error CS1061: 'ResourceGroupsOperations' does not contain a definition for 'StartDeleteAsync' and no accessible extension method 'StartDeleteAsync' accepting a first argument of type 'ResourceGroupsOperations' could be found (are you missing a using directive or an assembly reference?)
C:\gh\azure-sdk-for-net\sdk\dns\Azure.ResourceManager.Dns\tests\Tests\ScenarioTests.DnsTests.DnsZone.cs(128,53): error CS0246: The type or namespace name 'Task<>' could not be found (are you missing a using directive or an assembly reference?)
C:\gh\azure-sdk-for-net\sdk\dns\Azure.ResourceManager.Dns\tests\Tests\ScenarioTests.DnsTests.RecordSet.cs(156,29): error CS0518: Predefined type 'System.Void' is not defined or imported
C:\gh\azure-sdk-for-net\sdk\dns\Azure.ResourceManager.Dns\tests\Tests\ScenarioTests.DnsTests.RecordSet.cs(158,19): error CS0246: The type or namespace name 'Task<>' could not be found (are you missing a using directive or an assembly reference?)
C:\gh\azure-sdk-for-net\sdk\dns\Azure.ResourceManager.Dns\tests\Tests\ScenarioTests.DnsTests.RecordSet.cs(161,35): error CS0246: The type or namespace name 'ChangeTrackingList<>' could not be found (are you missing a using directive or an assembly reference?)
C:\gh\azure-sdk-for-net\sdk\dns\Azure.ResourceManager.Dns\tests\Tests\ScenarioTests.DnsTests.RecordSet.cs(163,21): error CS0518: Predefined type 'System.Void' is not defined or imported
C:\gh\azure-sdk-for-net\sdk\dns\Azure.ResourceManager.Dns\tests\Tests\ScenarioTests.DnsTests.RecordSet.cs(163,33): error CS0518: Predefined type 'System.String' is not defined or imported
C:\gh\azure-sdk-for-net\sdk\dns\Azure.ResourceManager.Dns\tests\Tests\ScenarioTests.DnsTests.RecordSet.cs(164,21): error CS0518: Predefined type 'System.Void' is not defined or imported
C:\gh\azure-sdk-for-net\sdk\dns\Azure.ResourceManager.Dns\tests\Tests\ScenarioTests.DnsTests.RecordSet.cs(164,33): error CS0518: Predefined type 'System.String' is not defined or imported
C:\gh\azure-sdk-for-net\sdk\dns\Azure.ResourceManager.Dns\tests\Tests\ScenarioTests.DnsTests.RecordSet.cs(167,38): error CS0518: Predefined type 'System.Void' is not defined or imported
C:\gh\azure-sdk-for-net\sdk\dns\Azure.ResourceManager.Dns\tests\Tests\ScenarioTests.DnsTests.RecordSet.cs(167,38): error CS1729: 'RecordSet' does not contain a constructor that takes 19 arguments
C:\gh\azure-sdk-for-net\sdk\dns\Azure.ResourceManager.Dns\tests\Tests\ScenarioTests.DnsTests.RecordSet.cs(170,49): error CS0246: The type or namespace name 'Task<>' could not be found (are you missing a using directive or an assembly reference?)
C:\gh\azure-sdk-for-net\sdk\dns\Azure.ResourceManager.Dns\tests\Tests\ScenarioTests.DnsTests.RecordSet.cs(171,13): error CS0103: The name 'Assert' does not exist in the current context
C:\gh\azure-sdk-for-net\sdk\dns\Azure.ResourceManager.Dns\tests\Tests\ScenarioTests.DnsTests.RecordSet.cs(173,34): error CS0518: Predefined type 'System.Void' is not defined or imported
C:\gh\azure-sdk-for-net\sdk\dns\Azure.ResourceManager.Dns\tests\Tests\ScenarioTests.DnsTests.RecordSet.cs(173,34): error CS1729: 'RecordSet' does not contain a constructor that takes 19 arguments
C:\gh\azure-sdk-for-net\sdk\dns\Azure.ResourceManager.Dns\tests\Tests\ScenarioTests.DnsTests.RecordSet.cs(175,45): error CS0246: The type or namespace name 'Task<>' could not be found (are you missing a using directive or an assembly reference?)
C:\gh\azure-sdk-for-net\sdk\dns\Azure.ResourceManager.Dns\tests\Tests\ScenarioTests.DnsTests.RecordSet.cs(176,32): error CS0246: The type or namespace name 'AsyncPageable<>' could not be found (are you missing a using directive or an assembly reference?)
C:\gh\azure-sdk-for-net\sdk\dns\Azure.ResourceManager.Dns\tests\Tests\ScenarioTests.DnsTests.RecordSet.cs(178,37): error CS0012: The type 'IAsyncEnumerable<>' is defined in an assembly that is not referenced. You must add a reference to assembly 'Microsoft.Bcl.AsyncInterfaces, Version=1.0.0.0, Culture=neutral, PublicKeyToken=cc7b13ffcd2ddd51'.
C:\gh\azure-sdk-for-net\sdk\dns\Azure.ResourceManager.Dns\tests\Tests\ScenarioTests.DnsTests.RecordSet.cs(179,13): error CS0103: The name 'Assert' does not exist in the current context
C:\gh\azure-sdk-for-net\sdk\dns\Azure.ResourceManager.Dns\tests\Tests\ScenarioTests.DnsTests.RecordSet.cs(180,49): error CS0246: The type or namespace name 'Task<>' could not be found (are you missing a using directive or an assembly reference?)
C:\gh\azure-sdk-for-net\sdk\dns\Azure.ResourceManager.Dns\tests\Tests\ScenarioTests.DnsTests.RecordSet.cs(181,44): error CS0246: The type or namespace name 'Task<>' could not be found (are you missing a using directive or an assembly reference?)
C:\gh\azure-sdk-for-net\sdk\dns\Azure.ResourceManager.Dns\tests\Tests\ScenarioTests.DnsTests.RecordSet.cs(182,13): error CS0103: The name 'Assert' does not exist in the current context
C:\gh\azure-sdk-for-net\sdk\dns\Azure.ResourceManager.Dns\tests\Tests\ScenarioTests.DnsTests.DnsZone.cs(137,29): error CS0518: Predefined type 'System.Void' is not defined or imported
C:\gh\azure-sdk-for-net\sdk\dns\Azure.ResourceManager.Dns\tests\Tests\ScenarioTests.DnsTests.DnsZone.cs(138,19): error CS0246: The type or namespace name 'Task<>' could not be found (are you missing a using directive or an assembly reference?)
C:\gh\azure-sdk-for-net\sdk\dns\Azure.ResourceManager.Dns\tests\Tests\ScenarioTests.DnsTests.DnsZone.cs(139,25): error CS0518: Predefined type 'System.Void' is not defined or imported
C:\gh\azure-sdk-for-net\sdk\dns\Azure.ResourceManager.Dns\tests\Tests\ScenarioTests.DnsTests.DnsZone.cs(140,19): error CS0246: The type or namespace name 'Task<>' could not be found (are you missing a using directive or an assembly reference?)
C:\gh\azure-sdk-for-net\sdk\dns\Azure.ResourceManager.Dns\tests\Tests\ScenarioTests.DnsTests.DnsZone.cs(141,28): error CS0246: The type or namespace name 'AsyncPageable<>' could not be found (are you missing a using directive or an assembly reference?)
C:\gh\azure-sdk-for-net\sdk\dns\Azure.ResourceManager.Dns\tests\Tests\ScenarioTests.DnsTests.DnsZone.cs(144,13): error CS0103: The name 'Assert' does not exist in the current context
C:\gh\azure-sdk-for-net\sdk\dns\Azure.ResourceManager.Dns\tests\Tests\ScenarioTests.DnsTests.DnsZone.cs(145,25): error CS0518: Predefined type 'System.Void' is not defined or imported
C:\gh\azure-sdk-for-net\sdk\dns\Azure.ResourceManager.Dns\tests\Tests\ScenarioTests.DnsTests.DnsZone.cs(146,19): error CS0246: The type or namespace name 'Task<>' could not be found (are you missing a using directive or an assembly reference?)
C:\gh\azure-sdk-for-net\sdk\dns\Azure.ResourceManager.Dns\tests\Tests\ScenarioTests.DnsTests.DnsZone.cs(147,24): error CS0246: The type or namespace name 'AsyncPageable<>' could not be found (are you missing a using directive or an assembly reference?)
C:\gh\azure-sdk-for-net\sdk\dns\Azure.ResourceManager.Dns\tests\Tests\ScenarioTests.DnsTests.DnsZone.cs(150,13): error CS0103: The name 'Assert' does not exist in the current context
C:\gh\azure-sdk-for-net\sdk\dns\Azure.ResourceManager.Dns\tests\Tests\ScenarioTests.DnsTests.DnsZone.cs(151,24): error CS0246: The type or namespace name 'AsyncPageable<>' could not be found (are you missing a using directive or an assembly reference?)
C:\gh\azure-sdk-for-net\sdk\dns\Azure.ResourceManager.Dns\tests\Tests\ScenarioTests.DnsTests.DnsZone.cs(154,13): error CS0103: The name 'Assert' does not exist in the current context
C:\gh\azure-sdk-for-net\sdk\dns\Azure.ResourceManager.Dns\tests\Tests\ScenarioTests.DnsTests.DnsZone.cs(156,19): error CS0246: The type or namespace name 'Task<>' could not be found (are you missing a using directive or an assembly reference?)
C:\gh\azure-sdk-for-net\sdk\dns\Azure.ResourceManager.Dns\tests\Tests\ScenarioTests.DnsTests.DnsZone.cs(157,19): error CS0246: The type or namespace name 'Task<>' could not be found (are you missing a using directive or an assembly reference?)
C:\gh\azure-sdk-for-net\sdk\dns\Azure.ResourceManager.Dns\tests\Tests\ScenarioTests.DnsTests.DnsZone.cs(158,19): error CS0246: The type or namespace name 'Task<>' could not be found (are you missing a using directive or an assembly reference?)
C:\gh\azure-sdk-for-net\sdk\dns\Azure.ResourceManager.Dns\tests\Tests\ScenarioTests.DnsTests.RecordSet.cs(189,29): error CS0518: Predefined type 'System.Void' is not defined or imported
C:\gh\azure-sdk-for-net\sdk\dns\Azure.ResourceManager.Dns\tests\Tests\ScenarioTests.DnsTests.RecordSet.cs(191,19): error CS0246: The type or namespace name 'Task<>' could not be found (are you missing a using directive or an assembly reference?)
C:\gh\azure-sdk-for-net\sdk\dns\Azure.ResourceManager.Dns\tests\Tests\ScenarioTests.DnsTests.RecordSet.cs(193,35): error CS0246: The type or namespace name 'ChangeTrackingList<>' could not be found (are you missing a using directive or an assembly reference?)
C:\gh\azure-sdk-for-net\sdk\dns\Azure.ResourceManager.Dns\tests\Tests\ScenarioTests.DnsTests.RecordSet.cs(195,21): error CS0518: Predefined type 'System.Void' is not defined or imported
C:\gh\azure-sdk-for-net\sdk\dns\Azure.ResourceManager.Dns\tests\Tests\ScenarioTests.DnsTests.RecordSet.cs(195,33): error CS0518: Predefined type 'System.String' is not defined or imported
C:\gh\azure-sdk-for-net\sdk\dns\Azure.ResourceManager.Dns\tests\Tests\ScenarioTests.DnsTests.RecordSet.cs(196,21): error CS0518: Predefined type 'System.Void' is not defined or imported
C:\gh\azure-sdk-for-net\sdk\dns\Azure.ResourceManager.Dns\tests\Tests\ScenarioTests.DnsTests.RecordSet.cs(196,33): error CS0518: Predefined type 'System.String' is not defined or imported
C:\gh\azure-sdk-for-net\sdk\dns\Azure.ResourceManager.Dns\tests\Tests\ScenarioTests.DnsTests.RecordSet.cs(199,38): error CS0518: Predefined type 'System.Void' is not defined or imported
C:\gh\azure-sdk-for-net\sdk\dns\Azure.ResourceManager.Dns\tests\Tests\ScenarioTests.DnsTests.RecordSet.cs(199,38): error CS1729: 'RecordSet' does not contain a constructor that takes 19 arguments
C:\gh\azure-sdk-for-net\sdk\dns\Azure.ResourceManager.Dns\tests\Tests\ScenarioTests.DnsTests.RecordSet.cs(202,49): error CS0246: The type or namespace name 'Task<>' could not be found (are you missing a using directive or an assembly reference?)
C:\gh\azure-sdk-for-net\sdk\dns\Azure.ResourceManager.Dns\tests\Tests\ScenarioTests.DnsTests.RecordSet.cs(203,13): error CS0103: The name 'Assert' does not exist in the current context
C:\gh\azure-sdk-for-net\sdk\dns\Azure.ResourceManager.Dns\tests\Tests\ScenarioTests.DnsTests.RecordSet.cs(205,34): error CS0518: Predefined type 'System.Void' is not defined or imported
C:\gh\azure-sdk-for-net\sdk\dns\Azure.ResourceManager.Dns\tests\Tests\ScenarioTests.DnsTests.RecordSet.cs(205,34): error CS1729: 'RecordSet' does not contain a constructor that takes 19 arguments
C:\gh\azure-sdk-for-net\sdk\dns\Azure.ResourceManager.Dns\tests\Tests\ScenarioTests.DnsTests.RecordSet.cs(207,45): error CS0246: The type or namespace name 'Task<>' could not be found (are you missing a using directive or an assembly reference?)
C:\gh\azure-sdk-for-net\sdk\dns\Azure.ResourceManager.Dns\tests\Tests\ScenarioTests.DnsTests.RecordSet.cs(208,32): error CS0246: The type or namespace name 'AsyncPageable<>' could not be found (are you missing a using directive or an assembly reference?)
C:\gh\azure-sdk-for-net\sdk\dns\Azure.ResourceManager.Dns\tests\Tests\ScenarioTests.DnsTests.RecordSet.cs(210,37): error CS0012: The type 'IAsyncEnumerable<>' is defined in an assembly that is not referenced. You must add a reference to assembly 'Microsoft.Bcl.AsyncInterfaces, Version=1.0.0.0, Culture=neutral, PublicKeyToken=cc7b13ffcd2ddd51'.
C:\gh\azure-sdk-for-net\sdk\dns\Azure.ResourceManager.Dns\tests\Tests\ScenarioTests.DnsTests.RecordSet.cs(211,13): error CS0103: The name 'Assert' does not exist in the current context
C:\gh\azure-sdk-for-net\sdk\dns\Azure.ResourceManager.Dns\tests\Tests\ScenarioTests.DnsTests.RecordSet.cs(212,49): error CS0246: The type or namespace name 'Task<>' could not be found (are you missing a using directive or an assembly reference?)
C:\gh\azure-sdk-for-net\sdk\dns\Azure.ResourceManager.Dns\tests\Tests\ScenarioTests.DnsTests.RecordSet.cs(213,44): error CS0246: The type or namespace name 'Task<>' could not be found (are you missing a using directive or an assembly reference?)
C:\gh\azure-sdk-for-net\sdk\dns\Azure.ResourceManager.Dns\tests\Tests\ScenarioTests.DnsTests.RecordSet.cs(214,13): error CS0103: The name 'Assert' does not exist in the current context
C:\gh\azure-sdk-for-net\sdk\dns\Azure.ResourceManager.Dns\tests\Tests\ScenarioTests.DnsTests.DnsZone.cs(164,28): error CS0246: The type or namespace name 'AsyncPageable<>' could not be found (are you missing a using directive or an assembly reference?)
C:\gh\azure-sdk-for-net\sdk\dns\Azure.ResourceManager.Dns\tests\Tests\ScenarioTests.DnsTests.DnsZone.cs(165,13): error CS0103: The name 'Assert' does not exist in the current context
C:\gh\azure-sdk-for-net\sdk\dns\Azure.ResourceManager.Dns\tests\Tests\ScenarioTests.DnsTests.DnsZone.cs(165,38): error CS0234: The type or namespace name 'RequestFailedException' does not exist in the namespace 'Azure' (are you missing an assembly reference?)
C:\gh\azure-sdk-for-net\sdk\dns\Azure.ResourceManager.Dns\tests\Tests\ScenarioTests.DnsTests.DnsZone.cs(167,24): error CS0246: The type or namespace name 'AsyncPageable<>' could not be found (are you missing a using directive or an assembly reference?)
C:\gh\azure-sdk-for-net\sdk\dns\Azure.ResourceManager.Dns\tests\Tests\ScenarioTests.DnsTests.DnsZone.cs(168,13): error CS0103: The name 'Assert' does not exist in the current context
C:\gh\azure-sdk-for-net\sdk\dns\Azure.ResourceManager.Dns\tests\Tests\ScenarioTests.DnsTests.DnsZone.cs(168,38): error CS0234: The type or namespace name 'RequestFailedException' does not exist in the namespace 'Azure' (are you missing an assembly reference?)
C:\gh\azure-sdk-for-net\sdk\dns\Azure.ResourceManager.Dns\tests\Tests\ScenarioTests.DnsTests.DnsZone.cs(170,24): error CS0246: The type or namespace name 'AsyncPageable<>' could not be found (are you missing a using directive or an assembly reference?)
C:\gh\azure-sdk-for-net\sdk\dns\Azure.ResourceManager.Dns\tests\Tests\ScenarioTests.DnsTests.DnsZone.cs(171,13): error CS0103: The name 'Assert' does not exist in the current context
C:\gh\azure-sdk-for-net\sdk\dns\Azure.ResourceManager.Dns\tests\Tests\ScenarioTests.DnsTests.DnsZone.cs(171,38): error CS0234: The type or namespace name 'RequestFailedException' does not exist in the namespace 'Azure' (are you missing an assembly reference?)
C:\gh\azure-sdk-for-net\sdk\dns\Azure.ResourceManager.Dns\tests\Tests\ScenarioTests.DnsTests.RecordSet.cs(222,35): error CS0246: The type or namespace name 'ChangeTrackingList<>' could not be found (are you missing a using directive or an assembly reference?)
C:\gh\azure-sdk-for-net\sdk\dns\Azure.ResourceManager.Dns\tests\Tests\ScenarioTests.DnsTests.RecordSet.cs(224,21): error CS0518: Predefined type 'System.Void' is not defined or imported
C:\gh\azure-sdk-for-net\sdk\dns\Azure.ResourceManager.Dns\tests\Tests\ScenarioTests.DnsTests.RecordSet.cs(224,33): error CS0518: Predefined type 'System.String' is not defined or imported
C:\gh\azure-sdk-for-net\sdk\dns\Azure.ResourceManager.Dns\tests\Tests\ScenarioTests.DnsTests.RecordSet.cs(227,38): error CS0518: Predefined type 'System.Void' is not defined or imported
C:\gh\azure-sdk-for-net\sdk\dns\Azure.ResourceManager.Dns\tests\Tests\ScenarioTests.DnsTests.RecordSet.cs(227,38): error CS1729: 'RecordSet' does not contain a constructor that takes 19 arguments
C:\gh\azure-sdk-for-net\sdk\dns\Azure.ResourceManager.Dns\tests\Tests\ScenarioTests.DnsTests.RecordSet.cs(230,49): error CS0246: The type or namespace name 'Task<>' could not be found (are you missing a using directive or an assembly reference?)
C:\gh\azure-sdk-for-net\sdk\dns\Azure.ResourceManager.Dns\tests\Tests\ScenarioTests.DnsTests.RecordSet.cs(231,13): error CS0103: The name 'Assert' does not exist in the current context
C:\gh\azure-sdk-for-net\sdk\dns\Azure.ResourceManager.Dns\tests\Tests\ScenarioTests.DnsTests.RecordSet.cs(232,40): error CS0246: The type or namespace name 'Task<>' could not be found (are you missing a using directive or an assembly reference?)
C:\gh\azure-sdk-for-net\sdk\dns\Azure.ResourceManager.Dns\tests\Tests\ScenarioTests.DnsTests.RecordSet.cs(239,40): error CS0246: The type or namespace name 'Task<>' could not be found (are you missing a using directive or an assembly reference?)
C:\gh\azure-sdk-for-net\sdk\dns\Azure.ResourceManager.Dns\tests\Tests\ScenarioTests.DnsTests.RecordSet.cs(240,13): error CS0103: The name 'Assert' does not exist in the current context
C:\gh\azure-sdk-for-net\sdk\dns\Azure.ResourceManager.Dns\tests\Tests\ScenarioTests.DnsTests.RecordSet.cs(241,49): error CS0246: The type or namespace name 'Task<>' could not be found (are you missing a using directive or an assembly reference?)
C:\gh\azure-sdk-for-net\sdk\dns\Azure.ResourceManager.Dns\tests\Tests\ScenarioTests.DnsTests.DnsZone.cs(177,29): error CS0518: Predefined type 'System.Void' is not defined or imported
C:\gh\azure-sdk-for-net\sdk\dns\Azure.ResourceManager.Dns\tests\Tests\ScenarioTests.DnsTests.DnsZone.cs(178,19): error CS0246: The type or namespace name 'IDictionary<,>' could not be found (are you missing a using directive or an assembly reference?)
C:\gh\azure-sdk-for-net\sdk\dns\Azure.ResourceManager.Dns\tests\Tests\ScenarioTests.DnsTests.DnsZone.cs(179,34): error CS0246: The type or namespace name 'Task<>' could not be found (are you missing a using directive or an assembly reference?)
C:\gh\azure-sdk-for-net\sdk\dns\Azure.ResourceManager.Dns\tests\Tests\ScenarioTests.DnsTests.DnsZone.cs(180,13): error CS0103: The name 'Assert' does not exist in the current context
C:\gh\azure-sdk-for-net\sdk\dns\Azure.ResourceManager.Dns\tests\Tests\ScenarioTests.DnsTests.DnsZone.cs(180,38): error CS0234: The type or namespace name 'RequestFailedException' does not exist in the namespace 'Azure' (are you missing an assembly reference?)
C:\gh\azure-sdk-for-net\sdk\dns\Azure.ResourceManager.Dns\tests\Tests\ScenarioTests.DnsTests.DnsZone.cs(181,19): error CS0246: The type or namespace name 'Task<>' could not be found (are you missing a using directive or an assembly reference?)
C:\gh\azure-sdk-for-net\sdk\dns\Azure.ResourceManager.Dns\tests\Tests\ScenarioTests.DnsTests.DnsZone.cs(187,13): error CS0103: The name 'Assert' does not exist in the current context
C:\gh\azure-sdk-for-net\sdk\dns\Azure.ResourceManager.Dns\tests\Tests\ScenarioTests.DnsTests.DnsZone.cs(187,38): error CS0234: The type or namespace name 'RequestFailedException' does not exist in the namespace 'Azure' (are you missing an assembly reference?)
C:\gh\azure-sdk-for-net\sdk\dns\Azure.ResourceManager.Dns\tests\Tests\ScenarioTests.DnsTests.RecordSet.cs(248,32): error CS0246: The type or namespace name 'ChangeTrackingList<>' could not be found (are you missing a using directive or an assembly reference?)
C:\gh\azure-sdk-for-net\sdk\dns\Azure.ResourceManager.Dns\tests\Tests\ScenarioTests.DnsTests.RecordSet.cs(250,19): error CS0518: Predefined type 'System.Void' is not defined or imported
C:\gh\azure-sdk-for-net\sdk\dns\Azure.ResourceManager.Dns\tests\Tests\ScenarioTests.DnsTests.RecordSet.cs(250,28): error CS0518: Predefined type 'System.String' is not defined or imported
C:\gh\azure-sdk-for-net\sdk\dns\Azure.ResourceManager.Dns\tests\Tests\ScenarioTests.DnsTests.RecordSet.cs(253,38): error CS0518: Predefined type 'System.Void' is not defined or imported
C:\gh\azure-sdk-for-net\sdk\dns\Azure.ResourceManager.Dns\tests\Tests\ScenarioTests.DnsTests.RecordSet.cs(253,38): error CS1729: 'RecordSet' does not contain a constructor that takes 19 arguments
C:\gh\azure-sdk-for-net\sdk\dns\Azure.ResourceManager.Dns\tests\Tests\ScenarioTests.DnsTests.RecordSet.cs(256,49): error CS0246: The type or namespace name 'Task<>' could not be found (are you missing a using directive or an assembly reference?)
C:\gh\azure-sdk-for-net\sdk\dns\Azure.ResourceManager.Dns\tests\Tests\ScenarioTests.DnsTests.RecordSet.cs(257,13): error CS0103: The name 'Assert' does not exist in the current context
C:\gh\azure-sdk-for-net\sdk\dns\Azure.ResourceManager.Dns\tests\Tests\ScenarioTests.DnsTests.RecordSet.cs(257,25): error CS0246: The type or namespace name 'IUtf8JsonSerializable' could not be found (are you missing a using directive or an assembly reference?)
C:\gh\azure-sdk-for-net\sdk\dns\Azure.ResourceManager.Dns\tests\Tests\ScenarioTests.DnsTests.RecordSet.cs(258,44): error CS0246: The type or namespace name 'Task<>' could not be found (are you missing a using directive or an assembly reference?)
C:\gh\azure-sdk-for-net\sdk\dns\Azure.ResourceManager.Dns\tests\Tests\ScenarioTests.DnsTests.RecordSet.cs(261,40): error CS0246: The type or namespace name 'Task<>' could not be found (are you missing a using directive or an assembly reference?)
C:\gh\azure-sdk-for-net\sdk\dns\Azure.ResourceManager.Dns\tests\Tests\ScenarioTests.DnsTests.RecordSet.cs(262,13): error CS0103: The name 'Assert' does not exist in the current context
C:\gh\azure-sdk-for-net\sdk\dns\Azure.ResourceManager.Dns\tests\Tests\ScenarioTests.DnsTests.RecordSet.cs(263,49): error CS0246: The type or namespace name 'Task<>' could not be found (are you missing a using directive or an assembly reference?)
C:\gh\azure-sdk-for-net\sdk\dns\Azure.ResourceManager.Dns\tests\Tests\ScenarioTests.DnsTests.RecordSet.cs(264,13): error CS0103: The name 'Assert' does not exist in the current context
C:\gh\azure-sdk-for-net\sdk\dns\Azure.ResourceManager.Dns\tests\Tests\ScenarioTests.DnsTests.RecordSet.cs(270,33): error CS0246: The type or namespace name 'ChangeTrackingList<>' could not be found (are you missing a using directive or an assembly reference?)
C:\gh\azure-sdk-for-net\sdk\dns\Azure.ResourceManager.Dns\tests\Tests\ScenarioTests.DnsTests.RecordSet.cs(272,25): error CS0518: Predefined type 'System.Void' is not defined or imported
C:\gh\azure-sdk-for-net\sdk\dns\Azure.ResourceManager.Dns\tests\Tests\ScenarioTests.DnsTests.RecordSet.cs(272,35): error CS0518: Predefined type 'System.String' is not defined or imported
C:\gh\azure-sdk-for-net\sdk\dns\Azure.ResourceManager.Dns\tests\Tests\ScenarioTests.DnsTests.RecordSet.cs(272,66): error CS0518: Predefined type 'System.Nullable`1' is not defined or imported
C:\gh\azure-sdk-for-net\sdk\dns\Azure.ResourceManager.Dns\tests\Tests\ScenarioTests.DnsTests.RecordSet.cs(273,25): error CS0518: Predefined type 'System.Void' is not defined or imported
C:\gh\azure-sdk-for-net\sdk\dns\Azure.ResourceManager.Dns\tests\Tests\ScenarioTests.DnsTests.RecordSet.cs(273,35): error CS0518: Predefined type 'System.String' is not defined or imported
C:\gh\azure-sdk-for-net\sdk\dns\Azure.ResourceManager.Dns\tests\Tests\ScenarioTests.DnsTests.RecordSet.cs(273,66): error CS0518: Predefined type 'System.Nullable`1' is not defined or imported
C:\gh\azure-sdk-for-net\sdk\dns\Azure.ResourceManager.Dns\tests\Tests\ScenarioTests.DnsTests.RecordSet.cs(276,39): error CS0518: Predefined type 'System.Void' is not defined or imported
C:\gh\azure-sdk-for-net\sdk\dns\Azure.ResourceManager.Dns\tests\Tests\ScenarioTests.DnsTests.RecordSet.cs(276,39): error CS1729: 'RecordSet' does not contain a constructor that takes 19 arguments
C:\gh\azure-sdk-for-net\sdk\dns\Azure.ResourceManager.Dns\tests\Tests\ScenarioTests.DnsTests.RecordSet.cs(278,49): error CS0246: The type or namespace name 'Task<>' could not be found (are you missing a using directive or an assembly reference?)
C:\gh\azure-sdk-for-net\sdk\dns\Azure.ResourceManager.Dns\tests\Tests\ScenarioTests.DnsTests.RecordSet.cs(279,13): error CS0103: The name 'Assert' does not exist in the current context
C:\gh\azure-sdk-for-net\sdk\dns\Azure.ResourceManager.Dns\tests\Tests\ScenarioTests.DnsTests.RecordSet.cs(279,25): error CS0246: The type or namespace name 'IUtf8JsonSerializable' could not be found (are you missing a using directive or an assembly reference?)
C:\gh\azure-sdk-for-net\sdk\dns\Azure.ResourceManager.Dns\tests\Tests\ScenarioTests.DnsTests.RecordSet.cs(285,33): error CS0246: The type or namespace name 'ChangeTrackingList<>' could not be found (are you missing a using directive or an assembly reference?)
C:\gh\azure-sdk-for-net\sdk\dns\Azure.ResourceManager.Dns\tests\Tests\ScenarioTests.DnsTests.RecordSet.cs(287,21): error CS0518: Predefined type 'System.Void' is not defined or imported
C:\gh\azure-sdk-for-net\sdk\dns\Azure.ResourceManager.Dns\tests\Tests\ScenarioTests.DnsTests.RecordSet.cs(287,31): error CS0518: Predefined type 'System.String' is not defined or imported
C:\gh\azure-sdk-for-net\sdk\dns\Azure.ResourceManager.Dns\tests\Tests\ScenarioTests.DnsTests.RecordSet.cs(288,21): error CS0518: Predefined type 'System.Void' is not defined or imported
C:\gh\azure-sdk-for-net\sdk\dns\Azure.ResourceManager.Dns\tests\Tests\ScenarioTests.DnsTests.RecordSet.cs(288,31): error CS0518: Predefined type 'System.String' is not defined or imported
C:\gh\azure-sdk-for-net\sdk\dns\Azure.ResourceManager.Dns\tests\Tests\ScenarioTests.DnsTests.RecordSet.cs(291,38): error CS0518: Predefined type 'System.Void' is not defined or imported
C:\gh\azure-sdk-for-net\sdk\dns\Azure.ResourceManager.Dns\tests\Tests\ScenarioTests.DnsTests.RecordSet.cs(291,38): error CS1729: 'RecordSet' does not contain a constructor that takes 19 arguments
C:\gh\azure-sdk-for-net\sdk\dns\Azure.ResourceManager.Dns\tests\Tests\ScenarioTests.DnsTests.RecordSet.cs(293,49): error CS0246: The type or namespace name 'Task<>' could not be found (are you missing a using directive or an assembly reference?)
C:\gh\azure-sdk-for-net\sdk\dns\Azure.ResourceManager.Dns\tests\Tests\ScenarioTests.DnsTests.RecordSet.cs(294,13): error CS0103: The name 'Assert' does not exist in the current context
C:\gh\azure-sdk-for-net\sdk\dns\Azure.ResourceManager.Dns\tests\Tests\ScenarioTests.DnsTests.RecordSet.cs(294,25): error CS0246: The type or namespace name 'IUtf8JsonSerializable' could not be found (are you missing a using directive or an assembly reference?)
C:\gh\azure-sdk-for-net\sdk\dns\Azure.ResourceManager.Dns\tests\Tests\ScenarioTests.DnsTests.RecordSet.cs(300,34): error CS0246: The type or namespace name 'ChangeTrackingList<>' could not be found (are you missing a using directive or an assembly reference?)
C:\gh\azure-sdk-for-net\sdk\dns\Azure.ResourceManager.Dns\tests\Tests\ScenarioTests.DnsTests.RecordSet.cs(302,21): error CS0518: Predefined type 'System.Void' is not defined or imported
C:\gh\azure-sdk-for-net\sdk\dns\Azure.ResourceManager.Dns\tests\Tests\ScenarioTests.DnsTests.RecordSet.cs(302,32): error CS0518: Predefined type 'System.String' is not defined or imported
C:\gh\azure-sdk-for-net\sdk\dns\Azure.ResourceManager.Dns\tests\Tests\ScenarioTests.DnsTests.RecordSet.cs(303,21): error CS0518: Predefined type 'System.Void' is not defined or imported
C:\gh\azure-sdk-for-net\sdk\dns\Azure.ResourceManager.Dns\tests\Tests\ScenarioTests.DnsTests.RecordSet.cs(303,32): error CS0518: Predefined type 'System.String' is not defined or imported
C:\gh\azure-sdk-for-net\sdk\dns\Azure.ResourceManager.Dns\tests\Tests\ScenarioTests.DnsTests.RecordSet.cs(306,40): error CS0518: Predefined type 'System.Void' is not defined or imported
C:\gh\azure-sdk-for-net\sdk\dns\Azure.ResourceManager.Dns\tests\Tests\ScenarioTests.DnsTests.RecordSet.cs(306,40): error CS1729: 'RecordSet' does not contain a constructor that takes 19 arguments
C:\gh\azure-sdk-for-net\sdk\dns\Azure.ResourceManager.Dns\tests\Tests\ScenarioTests.DnsTests.RecordSet.cs(308,49): error CS0246: The type or namespace name 'Task<>' could not be found (are you missing a using directive or an assembly reference?)
C:\gh\azure-sdk-for-net\sdk\dns\Azure.ResourceManager.Dns\tests\Tests\ScenarioTests.DnsTests.RecordSet.cs(309,13): error CS0103: The name 'Assert' does not exist in the current context
C:\gh\azure-sdk-for-net\sdk\dns\Azure.ResourceManager.Dns\tests\Tests\ScenarioTests.DnsTests.RecordSet.cs(309,25): error CS0246: The type or namespace name 'IUtf8JsonSerializable' could not be found (are you missing a using directive or an assembly reference?)
C:\gh\azure-sdk-for-net\sdk\dns\Azure.ResourceManager.Dns\tests\Tests\ScenarioTests.DnsTests.RecordSet.cs(315,34): error CS0246: The type or namespace name 'ChangeTrackingList<>' could not be found (are you missing a using directive or an assembly reference?)
C:\gh\azure-sdk-for-net\sdk\dns\Azure.ResourceManager.Dns\tests\Tests\ScenarioTests.DnsTests.RecordSet.cs(317,25): error CS0518: Predefined type 'System.Void' is not defined or imported
C:\gh\azure-sdk-for-net\sdk\dns\Azure.ResourceManager.Dns\tests\Tests\ScenarioTests.DnsTests.RecordSet.cs(319,25): error CS0518: Predefined type 'System.String' is not defined or imported
C:\gh\azure-sdk-for-net\sdk\dns\Azure.ResourceManager.Dns\tests\Tests\ScenarioTests.DnsTests.RecordSet.cs(320,25): error CS0518: Predefined type 'System.Nullable`1' is not defined or imported
C:\gh\azure-sdk-for-net\sdk\dns\Azure.ResourceManager.Dns\tests\Tests\ScenarioTests.DnsTests.RecordSet.cs(321,25): error CS0518: Predefined type 'System.Nullable`1' is not defined or imported
C:\gh\azure-sdk-for-net\sdk\dns\Azure.ResourceManager.Dns\tests\Tests\ScenarioTests.DnsTests.RecordSet.cs(322,25): error CS0518: Predefined type 'System.Nullable`1' is not defined or imported
C:\gh\azure-sdk-for-net\sdk\dns\Azure.ResourceManager.Dns\tests\Tests\ScenarioTests.DnsTests.RecordSet.cs(324,25): error CS0518: Predefined type 'System.Void' is not defined or imported
C:\gh\azure-sdk-for-net\sdk\dns\Azure.ResourceManager.Dns\tests\Tests\ScenarioTests.DnsTests.RecordSet.cs(326,25): error CS0518: Predefined type 'System.String' is not defined or imported
C:\gh\azure-sdk-for-net\sdk\dns\Azure.ResourceManager.Dns\tests\Tests\ScenarioTests.DnsTests.RecordSet.cs(327,25): error CS0518: Predefined type 'System.Nullable`1' is not defined or imported
C:\gh\azure-sdk-for-net\sdk\dns\Azure.ResourceManager.Dns\tests\Tests\ScenarioTests.DnsTests.RecordSet.cs(328,25): error CS0518: Predefined type 'System.Nullable`1' is not defined or imported
C:\gh\azure-sdk-for-net\sdk\dns\Azure.ResourceManager.Dns\tests\Tests\ScenarioTests.DnsTests.RecordSet.cs(329,25): error CS0518: Predefined type 'System.Nullable`1' is not defined or imported
C:\gh\azure-sdk-for-net\sdk\dns\Azure.ResourceManager.Dns\tests\Tests\ScenarioTests.DnsTests.RecordSet.cs(334,40): error CS0518: Predefined type 'System.Void' is not defined or imported
C:\gh\azure-sdk-for-net\sdk\dns\Azure.ResourceManager.Dns\tests\Tests\ScenarioTests.DnsTests.RecordSet.cs(334,40): error CS1729: 'RecordSet' does not contain a constructor that takes 19 arguments
C:\gh\azure-sdk-for-net\sdk\dns\Azure.ResourceManager.Dns\tests\Tests\ScenarioTests.DnsTests.RecordSet.cs(336,49): error CS0246: The type or namespace name 'Task<>' could not be found (are you missing a using directive or an assembly reference?)
C:\gh\azure-sdk-for-net\sdk\dns\Azure.ResourceManager.Dns\tests\Tests\ScenarioTests.DnsTests.RecordSet.cs(337,13): error CS0103: The name 'Assert' does not exist in the current context
C:\gh\azure-sdk-for-net\sdk\dns\Azure.ResourceManager.Dns\tests\Tests\ScenarioTests.DnsTests.RecordSet.cs(337,25): error CS0246: The type or namespace name 'IUtf8JsonSerializable' could not be found (are you missing a using directive or an assembly reference?)
C:\gh\azure-sdk-for-net\sdk\dns\Azure.ResourceManager.Dns\tests\Tests\ScenarioTests.DnsTests.RecordSet.cs(343,34): error CS0246: The type or namespace name 'ChangeTrackingList<>' could not be found (are you missing a using directive or an assembly reference?)
C:\gh\azure-sdk-for-net\sdk\dns\Azure.ResourceManager.Dns\tests\Tests\ScenarioTests.DnsTests.RecordSet.cs(345,25): error CS0518: Predefined type 'System.Void' is not defined or imported
C:\gh\azure-sdk-for-net\sdk\dns\Azure.ResourceManager.Dns\tests\Tests\ScenarioTests.DnsTests.RecordSet.cs(345,25): error CS1729: 'TxtRecord' does not contain a constructor that takes 1 arguments
C:\gh\azure-sdk-for-net\sdk\dns\Azure.ResourceManager.Dns\tests\Tests\ScenarioTests.DnsTests.RecordSet.cs(346,25): error CS0518: Predefined type 'System.Void' is not defined or imported
C:\gh\azure-sdk-for-net\sdk\dns\Azure.ResourceManager.Dns\tests\Tests\ScenarioTests.DnsTests.RecordSet.cs(346,25): error CS1729: 'TxtRecord' does not contain a constructor that takes 1 arguments
C:\gh\azure-sdk-for-net\sdk\dns\Azure.ResourceManager.Dns\tests\Tests\ScenarioTests.DnsTests.RecordSet.cs(349,40): error CS0518: Predefined type 'System.Void' is not defined or imported
C:\gh\azure-sdk-for-net\sdk\dns\Azure.ResourceManager.Dns\tests\Tests\ScenarioTests.DnsTests.RecordSet.cs(349,40): error CS1729: 'RecordSet' does not contain a constructor that takes 19 arguments
C:\gh\azure-sdk-for-net\sdk\dns\Azure.ResourceManager.Dns\tests\Tests\ScenarioTests.DnsTests.RecordSet.cs(351,49): error CS0246: The type or namespace name 'Task<>' could not be found (are you missing a using directive or an assembly reference?)
C:\gh\azure-sdk-for-net\sdk\dns\Azure.ResourceManager.Dns\tests\Tests\ScenarioTests.DnsTests.RecordSet.cs(352,13): error CS0103: The name 'Assert' does not exist in the current context
C:\gh\azure-sdk-for-net\sdk\dns\Azure.ResourceManager.Dns\tests\Tests\ScenarioTests.DnsTests.RecordSet.cs(352,25): error CS0246: The type or namespace name 'IUtf8JsonSerializable' could not be found (are you missing a using directive or an assembly reference?)
C:\gh\azure-sdk-for-net\sdk\dns\Azure.ResourceManager.Dns\tests\Tests\ScenarioTests.DnsTests.RecordSet.cs(359,32): error CS0246: The type or namespace name 'ChangeTrackingList<>' could not be found (are you missing a using directive or an assembly reference?)
C:\gh\azure-sdk-for-net\sdk\dns\Azure.ResourceManager.Dns\tests\Tests\ScenarioTests.DnsTests.RecordSet.cs(361,19): error CS0518: Predefined type 'System.Void' is not defined or imported
C:\gh\azure-sdk-for-net\sdk\dns\Azure.ResourceManager.Dns\tests\Tests\ScenarioTests.DnsTests.RecordSet.cs(361,28): error CS0518: Predefined type 'System.String' is not defined or imported
C:\gh\azure-sdk-for-net\sdk\dns\Azure.ResourceManager.Dns\tests\Tests\ScenarioTests.DnsTests.RecordSet.cs(364,38): error CS0518: Predefined type 'System.Void' is not defined or imported
C:\gh\azure-sdk-for-net\sdk\dns\Azure.ResourceManager.Dns\tests\Tests\ScenarioTests.DnsTests.RecordSet.cs(364,38): error CS1729: 'RecordSet' does not contain a constructor that takes 19 arguments
C:\gh\azure-sdk-for-net\sdk\dns\Azure.ResourceManager.Dns\tests\Tests\ScenarioTests.DnsTests.RecordSet.cs(367,49): error CS0246: The type or namespace name 'Task<>' could not be found (are you missing a using directive or an assembly reference?)
C:\gh\azure-sdk-for-net\sdk\dns\Azure.ResourceManager.Dns\tests\Tests\ScenarioTests.DnsTests.RecordSet.cs(368,13): error CS0103: The name 'Assert' does not exist in the current context
C:\gh\azure-sdk-for-net\sdk\dns\Azure.ResourceManager.Dns\tests\Tests\ScenarioTests.DnsTests.RecordSet.cs(368,25): error CS0246: The type or namespace name 'IUtf8JsonSerializable' could not be found (are you missing a using directive or an assembly reference?)
C:\gh\azure-sdk-for-net\sdk\dns\Azure.ResourceManager.Dns\tests\Tests\ScenarioTests.DnsTests.RecordSet.cs(369,44): error CS0246: The type or namespace name 'Task<>' could not be found (are you missing a using directive or an assembly reference?)
C:\gh\azure-sdk-for-net\sdk\dns\Azure.ResourceManager.Dns\tests\Tests\ScenarioTests.DnsTests.RecordSet.cs(375,29): error CS0518: Predefined type 'System.Void' is not defined or imported
C:\gh\azure-sdk-for-net\sdk\dns\Azure.ResourceManager.Dns\tests\Tests\ScenarioTests.DnsTests.RecordSet.cs(375,38): error CS0518: Predefined type 'System.String' is not defined or imported
C:\gh\azure-sdk-for-net\sdk\dns\Azure.ResourceManager.Dns\tests\Tests\ScenarioTests.DnsTests.RecordSet.cs(376,29): error CS0518: Predefined type 'System.Void' is not defined or imported
C:\gh\azure-sdk-for-net\sdk\dns\Azure.ResourceManager.Dns\tests\Tests\ScenarioTests.DnsTests.RecordSet.cs(376,38): error CS0518: Predefined type 'System.String' is not defined or imported
C:\gh\azure-sdk-for-net\sdk\dns\Azure.ResourceManager.Dns\tests\Tests\ScenarioTests.DnsTests.RecordSet.cs(377,29): error CS0518: Predefined type 'System.Void' is not defined or imported
C:\gh\azure-sdk-for-net\sdk\dns\Azure.ResourceManager.Dns\tests\Tests\ScenarioTests.DnsTests.RecordSet.cs(377,38): error CS0518: Predefined type 'System.String' is not defined or imported
C:\gh\azure-sdk-for-net\sdk\dns\Azure.ResourceManager.Dns\tests\Tests\ScenarioTests.DnsTests.RecordSet.cs(380,40): error CS0246: The type or namespace name 'Task<>' could not be found (are you missing a using directive or an assembly reference?)
C:\gh\azure-sdk-for-net\sdk\dns\Azure.ResourceManager.Dns\tests\Tests\ScenarioTests.DnsTests.RecordSet.cs(382,13): error CS0103: The name 'Assert' does not exist in the current context
C:\gh\azure-sdk-for-net\sdk\dns\Azure.ResourceManager.Dns\tests\Tests\ScenarioTests.DnsTests.RecordSet.cs(385,17): error CS0103: The name 'Assert' does not exist in the current context
C:\gh\azure-sdk-for-net\sdk\dns\Azure.ResourceManager.Dns\tests\Tests\ScenarioTests.DnsTests.RecordSet.cs(385,80): error CS0518: Predefined type 'System.String' is not defined or imported
C:\gh\azure-sdk-for-net\sdk\dns\Azure.ResourceManager.Dns\tests\Tests\ScenarioTests.DnsTests.RecordSet.cs(387,13): error CS0103: The name 'Assert' does not exist in the current context
C:\gh\azure-sdk-for-net\sdk\dns\Azure.ResourceManager.Dns\tests\Tests\ScenarioTests.DnsTests.RecordSet.cs(388,49): error CS0246: The type or namespace name 'Task<>' could not be found (are you missing a using directive or an assembly reference?)
C:\gh\azure-sdk-for-net\sdk\dns\Azure.ResourceManager.Dns\tests\Tests\ScenarioTests.DnsTests.RecordSet.cs(389,13): error CS0103: The name 'Assert' does not exist in the current context
C:\gh\azure-sdk-for-net\sdk\dns\Azure.ResourceManager.Dns\tests\Tests\ScenarioTests.DnsTests.RecordSet.cs(396,35): error CS0518: Predefined type 'System.Void' is not defined or imported
C:\gh\azure-sdk-for-net\sdk\dns\Azure.ResourceManager.Dns\tests\Tests\ScenarioTests.DnsTests.RecordSet.cs(396,49): error CS0518: Predefined type 'System.String' is not defined or imported
C:\gh\azure-sdk-for-net\sdk\dns\Azure.ResourceManager.Dns\tests\Tests\ScenarioTests.DnsTests.RecordSet.cs(398,42): error CS0518: Predefined type 'System.Void' is not defined or imported
C:\gh\azure-sdk-for-net\sdk\dns\Azure.ResourceManager.Dns\tests\Tests\ScenarioTests.DnsTests.RecordSet.cs(398,42): error CS1729: 'RecordSet' does not contain a constructor that takes 19 arguments
C:\gh\azure-sdk-for-net\sdk\dns\Azure.ResourceManager.Dns\tests\Tests\ScenarioTests.DnsTests.RecordSet.cs(401,49): error CS0246: The type or namespace name 'Task<>' could not be found (are you missing a using directive or an assembly reference?)
C:\gh\azure-sdk-for-net\sdk\dns\Azure.ResourceManager.Dns\tests\Tests\ScenarioTests.DnsTests.RecordSet.cs(405,23): error CS0246: The type or namespace name 'Task<>' could not be found (are you missing a using directive or an assembly reference?)
C:\gh\azure-sdk-for-net\sdk\dns\Azure.ResourceManager.Dns\tests\Tests\ScenarioTests.DnsTests.RecordSet.cs(414,26): error CS0234: The type or namespace name 'RequestFailedException' does not exist in the namespace 'Azure' (are you missing an assembly reference?)
C:\gh\azure-sdk-for-net\sdk\dns\Azure.ResourceManager.Dns\tests\Tests\ScenarioTests.DnsTests.RecordSet.cs(420,17): error CS0103: The name 'Assert' does not exist in the current context
C:\gh\azure-sdk-for-net\sdk\dns\Azure.ResourceManager.Dns\tests\Tests\ScenarioTests.DnsTests.DnsZone.cs(5,1): hidden CS8019: Unnecessary using directive.
C:\gh\azure-sdk-for-net\sdk\dns\Azure.ResourceManager.Dns\tests\DnsManagementClientBase.cs(7,1): hidden CS8019: Unnecessary using directive.
C:\gh\azure-sdk-for-net\artifacts\obj\Azure.ResourceManager.Dns.Tests\Debug\net461\Azure.ResourceManager.Dns.Tests.AssemblyInfo.cs(11,1): hidden CS8019: Unnecessary using directive.
C:\gh\azure-sdk-for-net\sdk\dns\Azure.ResourceManager.Dns\tests\Tests\ScenarioTests.DnsTests.DnsZone.cs(6,1): hidden CS8019: Unnecessary using directive.
C:\gh\azure-sdk-for-net\sdk\dns\Azure.ResourceManager.Dns\tests\Tests\ScenarioTests.DnsTests.RecordSet.cs(9,1): hidden CS8019: Unnecessary using directive.
C:\gh\azure-sdk-for-net\common\ManagementTestShared\ManagementRecordedTestBase.cs(4,1): hidden CS8019: Unnecessary using directive.
C:\gh\azure-sdk-for-net\common\ManagementTestShared\ResourceGroupCleanupPolicy.cs(7,1): hidden CS8019: Unnecessary using directive.
C:\gh\azure-sdk-for-net\sdk\dns\Azure.ResourceManager.Dns\tests\Helper.cs(6,1): hidden CS8019: Unnecessary using directive.
C:\gh\azure-sdk-for-net\artifacts\obj\Azure.ResourceManager.Dns.Tests\Debug\net461\Azure.ResourceManager.Dns.Tests.AssemblyInfo.cs(12,1): hidden CS8019: Unnecessary using directive.
C:\gh\azure-sdk-for-net\sdk\dns\Azure.ResourceManager.Dns\tests\DnsManagementClientBase.cs(4,1): hidden CS8019: Unnecessary using directive.
C:\gh\azure-sdk-for-net\artifacts\obj\Azure.ResourceManager.Dns.Tests\Debug\net461\.NETFramework,Version=v4.6.1.AssemblyAttributes.cs(2,1): hidden CS8019: Unnecessary using directive.
C:\gh\azure-sdk-for-net\artifacts\obj\Azure.ResourceManager.Dns.Tests\Debug\net461\.NETFramework,Version=v4.6.1.AssemblyAttributes.cs(3,1): hidden CS8019: Unnecessary using directive.
C:\gh\azure-sdk-for-net\sdk\dns\Azure.ResourceManager.Dns\tests\Helper.cs(4,1): hidden CS8019: Unnecessary using directive.
C:\gh\azure-sdk-for-net\sdk\dns\Azure.ResourceManager.Dns\tests\DnsManagementClientBase.cs(5,1): hidden CS8019: Unnecessary using directive.
C:\gh\azure-sdk-for-net\common\ManagementTestShared\ResourceGroupCleanupPolicy.cs(8,1): hidden CS8019: Unnecessary using directive.
C:\gh\azure-sdk-for-net\common\ManagementTestShared\ManagementRecordedTestBase.cs(6,1): hidden CS8019: Unnecessary using directive.
C:\gh\azure-sdk-for-net\sdk\dns\Azure.ResourceManager.Dns\tests\Tests\ScenarioTests.DnsTests.RecordSet.cs(5,1): hidden CS8019: Unnecessary using directive.
