C:\gh\azure-sdk-for-net\sdk\guestconfiguration\Microsoft.Azure.Management.GuestConfiguration\tests\Helpers\RecordedDelegatingHandler.cs(10,46): error CS0246: The type or namespace name 'DelegatingHandler' could not be found (are you missing a using directive or an assembly reference?)
C:\gh\azure-sdk-for-net\sdk\guestconfiguration\Microsoft.Azure.Management.GuestConfiguration\tests\TestSupport\GuestConfigurationTestBase.cs(22,23): error CS0518: Predefined type 'System.String' is not defined or imported
C:\gh\azure-sdk-for-net\sdk\guestconfiguration\Microsoft.Azure.Management.GuestConfiguration\tests\TestSupport\GuestConfigurationTestBase.cs(23,23): error CS0518: Predefined type 'System.String' is not defined or imported
C:\gh\azure-sdk-for-net\sdk\guestconfiguration\Microsoft.Azure.Management.GuestConfiguration\tests\TestSupport\GuestConfigurationTestBase.cs(24,23): error CS0518: Predefined type 'System.String' is not defined or imported
C:\gh\azure-sdk-for-net\sdk\guestconfiguration\Microsoft.Azure.Management.GuestConfiguration\tests\TestSupport\GuestConfigurationTestBase.cs(25,23): error CS0518: Predefined type 'System.String' is not defined or imported
C:\gh\azure-sdk-for-net\sdk\guestconfiguration\Microsoft.Azure.Management.GuestConfiguration\tests\Helpers\RecordedDelegatingHandler.cs(18,70): error CS0518: Predefined type 'System.Object' is not defined or imported
C:\gh\azure-sdk-for-net\sdk\guestconfiguration\Microsoft.Azure.Management.GuestConfiguration\tests\Helpers\RecordedDelegatingHandler.cs(18,70): error CS0246: The type or namespace name 'HttpRequestMessage' could not be found (are you missing a using directive or an assembly reference?)
C:\gh\azure-sdk-for-net\sdk\guestconfiguration\Microsoft.Azure.Management.GuestConfiguration\tests\Helpers\RecordedDelegatingHandler.cs(19,13): error CS0518: Predefined type 'System.Object' is not defined or imported
C:\gh\azure-sdk-for-net\sdk\guestconfiguration\Microsoft.Azure.Management.GuestConfiguration\tests\Helpers\RecordedDelegatingHandler.cs(19,13): error CS0246: The type or namespace name 'CancellationToken' could not be found (are you missing a using directive or an assembly reference?)
C:\gh\azure-sdk-for-net\sdk\guestconfiguration\Microsoft.Azure.Management.GuestConfiguration\tests\Helpers\RecordedDelegatingHandler.cs(18,34): error CS0518: Predefined type 'System.Object' is not defined or imported
C:\gh\azure-sdk-for-net\sdk\guestconfiguration\Microsoft.Azure.Management.GuestConfiguration\tests\Helpers\RecordedDelegatingHandler.cs(18,34): error CS0246: The type or namespace name 'Task<>' could not be found (are you missing a using directive or an assembly reference?)
C:\gh\azure-sdk-for-net\sdk\guestconfiguration\Microsoft.Azure.Management.GuestConfiguration\tests\Helpers\RecordedDelegatingHandler.cs(18,39): error CS0518: Predefined type 'System.Object' is not defined or imported
C:\gh\azure-sdk-for-net\sdk\guestconfiguration\Microsoft.Azure.Management.GuestConfiguration\tests\Helpers\RecordedDelegatingHandler.cs(18,39): error CS0246: The type or namespace name 'HttpResponseMessage' could not be found (are you missing a using directive or an assembly reference?)
C:\gh\azure-sdk-for-net\sdk\guestconfiguration\Microsoft.Azure.Management.GuestConfiguration\tests\TestSupport\GuestConfigurationTestBase.cs(20,47): error CS0246: The type or namespace name 'TestBase' could not be found (are you missing a using directive or an assembly reference?)
C:\gh\azure-sdk-for-net\sdk\guestconfiguration\Microsoft.Azure.Management.GuestConfiguration\tests\TestSupport\GuestConfigurationTestBase.cs(20,57): error CS0246: The type or namespace name 'IDisposable' could not be found (are you missing a using directive or an assembly reference?)
C:\gh\azure-sdk-for-net\sdk\guestconfiguration\Microsoft.Azure.Management.GuestConfiguration\tests\Helpers\GuestConfigurationAssignmentForPutDefinition.cs(24,16): error CS0518: Predefined type 'System.Object' is not defined or imported
C:\gh\azure-sdk-for-net\sdk\guestconfiguration\Microsoft.Azure.Management.GuestConfiguration\tests\Helpers\GuestConfigurationAssignmentForPutDefinition.cs(11,61): error CS0518: Predefined type 'System.String' is not defined or imported
C:\gh\azure-sdk-for-net\sdk\guestconfiguration\Microsoft.Azure.Management.GuestConfiguration\tests\Helpers\GuestConfigurationAssignmentForPutDefinition.cs(11,87): error CS0518: Predefined type 'System.String' is not defined or imported
C:\gh\azure-sdk-for-net\sdk\guestconfiguration\Microsoft.Azure.Management.GuestConfiguration\tests\Helpers\GuestConfigurationAssignmentForPutDefinition.cs(11,102): error CS0518: Predefined type 'System.Object' is not defined or imported
C:\gh\azure-sdk-for-net\sdk\guestconfiguration\Microsoft.Azure.Management.GuestConfiguration\tests\Helpers\GuestConfigurationAssignmentForPutDefinition.cs(11,9): error CS0518: Predefined type 'System.Void' is not defined or imported
C:\gh\azure-sdk-for-net\sdk\guestconfiguration\Microsoft.Azure.Management.GuestConfiguration\tests\TestSupport\GuestConfigurationTestBase.cs(27,43): error CS0518: Predefined type 'System.Object' is not defined or imported
C:\gh\azure-sdk-for-net\sdk\guestconfiguration\Microsoft.Azure.Management.GuestConfiguration\tests\TestSupport\GuestConfigurationTestBase.cs(27,43): error CS0246: The type or namespace name 'MockContext' could not be found (are you missing a using directive or an assembly reference?)
C:\gh\azure-sdk-for-net\sdk\guestconfiguration\Microsoft.Azure.Management.GuestConfiguration\tests\TestSupport\GuestConfigurationTestBase.cs(27,9): error CS0518: Predefined type 'System.Void' is not defined or imported
C:\gh\azure-sdk-for-net\sdk\guestconfiguration\Microsoft.Azure.Management.GuestConfiguration\tests\Helpers\ResourceGroupHelper.cs(16,76): error CS0518: Predefined type 'System.Object' is not defined or imported
C:\gh\azure-sdk-for-net\sdk\guestconfiguration\Microsoft.Azure.Management.GuestConfiguration\tests\Helpers\ResourceGroupHelper.cs(16,76): error CS0246: The type or namespace name 'MockContext' could not be found (are you missing a using directive or an assembly reference?)
C:\gh\azure-sdk-for-net\sdk\guestconfiguration\Microsoft.Azure.Management.GuestConfiguration\tests\Helpers\ResourceGroupHelper.cs(16,97): error CS0518: Predefined type 'System.Object' is not defined or imported
C:\gh\azure-sdk-for-net\sdk\guestconfiguration\Microsoft.Azure.Management.GuestConfiguration\tests\Helpers\ResourceGroupHelper.cs(16,23): error CS0518: Predefined type 'System.Object' is not defined or imported
C:\gh\azure-sdk-for-net\sdk\guestconfiguration\Microsoft.Azure.Management.GuestConfiguration\tests\ScenarioTests\GuestConfigurationTests.cs(15,23): error CS0518: Predefined type 'System.String' is not defined or imported
C:\gh\azure-sdk-for-net\sdk\guestconfiguration\Microsoft.Azure.Management.GuestConfiguration\tests\ScenarioTests\GuestConfigurationTests.cs(16,23): error CS0518: Predefined type 'System.String' is not defined or imported
C:\gh\azure-sdk-for-net\sdk\guestconfiguration\Microsoft.Azure.Management.GuestConfiguration\tests\ScenarioTests\GuestConfigurationTests.cs(17,23): error CS0518: Predefined type 'System.String' is not defined or imported
C:\gh\azure-sdk-for-net\sdk\guestconfiguration\Microsoft.Azure.Management.GuestConfiguration\tests\ScenarioTests\GuestConfigurationTests.cs(18,23): error CS0518: Predefined type 'System.String' is not defined or imported
C:\gh\azure-sdk-for-net\sdk\guestconfiguration\Microsoft.Azure.Management.GuestConfiguration\tests\Helpers\GuestConfigurationAssignmentForPutDefinition.cs(9,18): error CS0518: Predefined type 'System.Object' is not defined or imported
C:\gh\azure-sdk-for-net\sdk\guestconfiguration\Microsoft.Azure.Management.GuestConfiguration\tests\ScenarioTests\GuestConfigurationTests.cs(15,50): error CS0518: Predefined type 'System.String' is not defined or imported
C:\gh\azure-sdk-for-net\sdk\guestconfiguration\Microsoft.Azure.Management.GuestConfiguration\tests\ScenarioTests\GuestConfigurationTests.cs(17,50): error CS0518: Predefined type 'System.String' is not defined or imported
C:\gh\azure-sdk-for-net\sdk\guestconfiguration\Microsoft.Azure.Management.GuestConfiguration\tests\ScenarioTests\GuestConfigurationTests.cs(203,16): error CS0518: Predefined type 'System.Void' is not defined or imported
C:\gh\azure-sdk-for-net\sdk\guestconfiguration\Microsoft.Azure.Management.GuestConfiguration\tests\Helpers\ResourceGroupHelper.cs(21,67): error CS0518: Predefined type 'System.Object' is not defined or imported
C:\gh\azure-sdk-for-net\sdk\guestconfiguration\Microsoft.Azure.Management.GuestConfiguration\tests\Helpers\ResourceGroupHelper.cs(21,67): error CS0246: The type or namespace name 'MockContext' could not be found (are you missing a using directive or an assembly reference?)
C:\gh\azure-sdk-for-net\sdk\guestconfiguration\Microsoft.Azure.Management.GuestConfiguration\tests\Helpers\ResourceGroupHelper.cs(21,88): error CS0518: Predefined type 'System.Object' is not defined or imported
C:\gh\azure-sdk-for-net\sdk\guestconfiguration\Microsoft.Azure.Management.GuestConfiguration\tests\Helpers\ResourceGroupHelper.cs(21,23): error CS0518: Predefined type 'System.Object' is not defined or imported
C:\gh\azure-sdk-for-net\sdk\guestconfiguration\Microsoft.Azure.Management.GuestConfiguration\tests\Helpers\ResourceGroupHelper.cs(21,23): error CS0246: The type or namespace name 'ResourceManagementClient' could not be found (are you missing a using directive or an assembly reference?)
C:\gh\azure-sdk-for-net\sdk\guestconfiguration\Microsoft.Azure.Management.GuestConfiguration\tests\ScenarioTests\GuestConfigurationTests.cs(16,44): error CS0518: Predefined type 'System.String' is not defined or imported
C:\gh\azure-sdk-for-net\sdk\guestconfiguration\Microsoft.Azure.Management.GuestConfiguration\tests\ScenarioTests\GuestConfigurationTests.cs(185,16): error CS0518: Predefined type 'System.Void' is not defined or imported
C:\gh\azure-sdk-for-net\sdk\guestconfiguration\Microsoft.Azure.Management.GuestConfiguration\tests\ScenarioTests\GuestConfigurationTests.cs(18,47): error CS0518: Predefined type 'System.String' is not defined or imported
C:\gh\azure-sdk-for-net\sdk\guestconfiguration\Microsoft.Azure.Management.GuestConfiguration\tests\ScenarioTests\GuestConfigurationTests.cs(158,16): error CS0518: Predefined type 'System.Void' is not defined or imported
C:\gh\azure-sdk-for-net\sdk\guestconfiguration\Microsoft.Azure.Management.GuestConfiguration\tests\ScenarioTests\GuestConfigurationTests.cs(131,16): error CS0518: Predefined type 'System.Void' is not defined or imported
C:\gh\azure-sdk-for-net\sdk\guestconfiguration\Microsoft.Azure.Management.GuestConfiguration\tests\TestSupport\GuestConfigurationTestBase.cs(37,16): error CS0518: Predefined type 'System.Void' is not defined or imported
C:\gh\azure-sdk-for-net\sdk\guestconfiguration\Microsoft.Azure.Management.GuestConfiguration\tests\ScenarioTests\GuestConfigurationTests.cs(76,16): error CS0518: Predefined type 'System.Void' is not defined or imported
C:\gh\azure-sdk-for-net\sdk\guestconfiguration\Microsoft.Azure.Management.GuestConfiguration\tests\ScenarioTests\GuestConfigurationTests.cs(21,16): error CS0518: Predefined type 'System.Void' is not defined or imported
C:\gh\azure-sdk-for-net\sdk\guestconfiguration\Microsoft.Azure.Management.GuestConfiguration\tests\ScenarioTests\GuestConfigurationTests.cs(13,18): error CS0518: Predefined type 'System.Object' is not defined or imported
C:\gh\azure-sdk-for-net\eng\mgmt\DisableTestRunParallel.cs(7,12): error CS0246: The type or namespace name 'CollectionBehaviorAttribute' could not be found (are you missing a using directive or an assembly reference?)
C:\gh\azure-sdk-for-net\eng\mgmt\DisableTestRunParallel.cs(7,12): error CS0246: The type or namespace name 'CollectionBehavior' could not be found (are you missing a using directive or an assembly reference?)
C:\gh\azure-sdk-for-net\artifacts\obj\Microsoft.Azure.Management.GuestConfiguration.Tests\Debug\netcoreapp2.0\.NETCoreApp,Version=v2.0.AssemblyAttributes.cs(4,20): error CS0400: The type or namespace name 'System' could not be found in the global namespace (are you missing an assembly reference?)
C:\gh\azure-sdk-for-net\artifacts\obj\Microsoft.Azure.Management.GuestConfiguration.Tests\Debug\netcoreapp2.0\Microsoft.Azure.Management.GuestConfiguration.Tests.AssemblyInfo.cs(14,12): error CS0246: The type or namespace name 'System' could not be found (are you missing a using directive or an assembly reference?)
C:\gh\azure-sdk-for-net\artifacts\obj\Microsoft.Azure.Management.GuestConfiguration.Tests\Debug\netcoreapp2.0\Microsoft.Azure.Management.GuestConfiguration.Tests.AssemblyInfo.cs(16,12): error CS0246: The type or namespace name 'System' could not be found (are you missing a using directive or an assembly reference?)
C:\gh\azure-sdk-for-net\artifacts\obj\Microsoft.Azure.Management.GuestConfiguration.Tests\Debug\netcoreapp2.0\Microsoft.Azure.Management.GuestConfiguration.Tests.AssemblyInfo.cs(17,12): error CS0246: The type or namespace name 'System' could not be found (are you missing a using directive or an assembly reference?)
C:\gh\azure-sdk-for-net\eng\mgmt\DisableTestRunParallel.cs(7,31): error CS0246: The type or namespace name 'DisableTestParallelization' could not be found (are you missing a using directive or an assembly reference?)
C:\gh\azure-sdk-for-net\eng\mgmt\DisableTestRunParallel.cs(7,60): error CS0518: Predefined type 'System.Boolean' is not defined or imported
C:\gh\azure-sdk-for-net\eng\mgmt\DisableTestRunParallel.cs(7,66): error CS0246: The type or namespace name 'MaxParallelThreads' could not be found (are you missing a using directive or an assembly reference?)
C:\gh\azure-sdk-for-net\eng\mgmt\DisableTestRunParallel.cs(7,87): error CS0518: Predefined type 'System.Int32' is not defined or imported
C:\gh\azure-sdk-for-net\artifacts\obj\Microsoft.Azure.Management.GuestConfiguration.Tests\Debug\netcoreapp2.0\.NETCoreApp,Version=v2.0.AssemblyAttributes.cs(4,71): error CS0518: Predefined type 'System.String' is not defined or imported
C:\gh\azure-sdk-for-net\artifacts\obj\Microsoft.Azure.Management.GuestConfiguration.Tests\Debug\netcoreapp2.0\.NETCoreApp,Version=v2.0.AssemblyAttributes.cs(4,99): error CS0246: The type or namespace name 'FrameworkDisplayName' could not be found (are you missing a using directive or an assembly reference?)
C:\gh\azure-sdk-for-net\artifacts\obj\Microsoft.Azure.Management.GuestConfiguration.Tests\Debug\netcoreapp2.0\.NETCoreApp,Version=v2.0.AssemblyAttributes.cs(4,122): error CS0518: Predefined type 'System.String' is not defined or imported
C:\gh\azure-sdk-for-net\artifacts\obj\Microsoft.Azure.Management.GuestConfiguration.Tests\Debug\netcoreapp2.0\Microsoft.Azure.Management.GuestConfiguration.Tests.AssemblyInfo.cs(14,56): error CS0518: Predefined type 'System.String' is not defined or imported
C:\gh\azure-sdk-for-net\artifacts\obj\Microsoft.Azure.Management.GuestConfiguration.Tests\Debug\netcoreapp2.0\Microsoft.Azure.Management.GuestConfiguration.Tests.AssemblyInfo.cs(14,70): error CS0518: Predefined type 'System.String' is not defined or imported
C:\gh\azure-sdk-for-net\artifacts\obj\Microsoft.Azure.Management.GuestConfiguration.Tests\Debug\netcoreapp2.0\Microsoft.Azure.Management.GuestConfiguration.Tests.AssemblyInfo.cs(15,5): error CS0518: Predefined type 'System.String' is not defined or imported
C:\gh\azure-sdk-for-net\artifacts\obj\Microsoft.Azure.Management.GuestConfiguration.Tests\Debug\netcoreapp2.0\Microsoft.Azure.Management.GuestConfiguration.Tests.AssemblyInfo.cs(16,68): error CS0518: Predefined type 'System.String' is not defined or imported
C:\gh\azure-sdk-for-net\artifacts\obj\Microsoft.Azure.Management.GuestConfiguration.Tests\Debug\netcoreapp2.0\Microsoft.Azure.Management.GuestConfiguration.Tests.AssemblyInfo.cs(17,56): error CS0518: Predefined type 'System.String' is not defined or imported
C:\gh\azure-sdk-for-net\artifacts\obj\Microsoft.Azure.Management.GuestConfiguration.Tests\Debug\netcoreapp2.0\Microsoft.Azure.Management.GuestConfiguration.Tests.AssemblyInfo.cs(17,73): error CS0518: Predefined type 'System.String' is not defined or imported
C:\gh\azure-sdk-for-net\sdk\guestconfiguration\Microsoft.Azure.Management.GuestConfiguration\tests\TestSupport\GuestConfigurationTestBase.cs(16,24): error CS0246: The type or namespace name 'System' could not be found (are you missing a using directive or an assembly reference?)
C:\gh\azure-sdk-for-net\sdk\guestconfiguration\Microsoft.Azure.Management.GuestConfiguration\tests\TestSupport\GuestConfigurationTestBase.cs(4,7): error CS0246: The type or namespace name 'System' could not be found (are you missing a using directive or an assembly reference?)
C:\gh\azure-sdk-for-net\sdk\guestconfiguration\Microsoft.Azure.Management.GuestConfiguration\tests\TestSupport\GuestConfigurationTestBase.cs(5,7): error CS0246: The type or namespace name 'System' could not be found (are you missing a using directive or an assembly reference?)
C:\gh\azure-sdk-for-net\sdk\guestconfiguration\Microsoft.Azure.Management.GuestConfiguration\tests\TestSupport\GuestConfigurationTestBase.cs(6,7): error CS0246: The type or namespace name 'System' could not be found (are you missing a using directive or an assembly reference?)
C:\gh\azure-sdk-for-net\sdk\guestconfiguration\Microsoft.Azure.Management.GuestConfiguration\tests\TestSupport\GuestConfigurationTestBase.cs(7,7): error CS0246: The type or namespace name 'System' could not be found (are you missing a using directive or an assembly reference?)
C:\gh\azure-sdk-for-net\sdk\guestconfiguration\Microsoft.Azure.Management.GuestConfiguration\tests\TestSupport\GuestConfigurationTestBase.cs(11,34): error CS0234: The type or namespace name 'Resources' does not exist in the namespace 'Microsoft.Azure.Management' (are you missing an assembly reference?)
C:\gh\azure-sdk-for-net\sdk\guestconfiguration\Microsoft.Azure.Management.GuestConfiguration\tests\TestSupport\GuestConfigurationTestBase.cs(12,34): error CS0234: The type or namespace name 'Resources' does not exist in the namespace 'Microsoft.Azure.Management' (are you missing an assembly reference?)
C:\gh\azure-sdk-for-net\sdk\guestconfiguration\Microsoft.Azure.Management.GuestConfiguration\tests\TestSupport\GuestConfigurationTestBase.cs(13,17): error CS0234: The type or namespace name 'Rest' does not exist in the namespace 'Microsoft' (are you missing an assembly reference?)
C:\gh\azure-sdk-for-net\sdk\guestconfiguration\Microsoft.Azure.Management.GuestConfiguration\tests\TestSupport\GuestConfigurationTestBase.cs(14,17): error CS0234: The type or namespace name 'Rest' does not exist in the namespace 'Microsoft' (are you missing an assembly reference?)
C:\gh\azure-sdk-for-net\sdk\guestconfiguration\Microsoft.Azure.Management.GuestConfiguration\tests\TestSupport\GuestConfigurationTestBase.cs(15,7): error CS0246: The type or namespace name 'Newtonsoft' could not be found (are you missing a using directive or an assembly reference?)
C:\gh\azure-sdk-for-net\eng\mgmt\DisableTestRunParallel.cs(4,7): error CS0246: The type or namespace name 'System' could not be found (are you missing a using directive or an assembly reference?)
C:\gh\azure-sdk-for-net\eng\mgmt\DisableTestRunParallel.cs(5,7): error CS0246: The type or namespace name 'Xunit' could not be found (are you missing a using directive or an assembly reference?)
C:\gh\azure-sdk-for-net\artifacts\obj\Microsoft.Azure.Management.GuestConfiguration.Tests\Debug\netcoreapp2.0\.NETCoreApp,Version=v2.0.AssemblyAttributes.cs(2,7): error CS0246: The type or namespace name 'System' could not be found (are you missing a using directive or an assembly reference?)
C:\gh\azure-sdk-for-net\artifacts\obj\Microsoft.Azure.Management.GuestConfiguration.Tests\Debug\netcoreapp2.0\.NETCoreApp,Version=v2.0.AssemblyAttributes.cs(3,7): error CS0246: The type or namespace name 'System' could not be found (are you missing a using directive or an assembly reference?)
C:\gh\azure-sdk-for-net\artifacts\obj\Microsoft.Azure.Management.GuestConfiguration.Tests\Debug\netcoreapp2.0\Microsoft.Azure.Management.GuestConfiguration.Tests.AssemblyInfo.cs(11,7): error CS0246: The type or namespace name 'System' could not be found (are you missing a using directive or an assembly reference?)
C:\gh\azure-sdk-for-net\artifacts\obj\Microsoft.Azure.Management.GuestConfiguration.Tests\Debug\netcoreapp2.0\Microsoft.Azure.Management.GuestConfiguration.Tests.AssemblyInfo.cs(12,7): error CS0246: The type or namespace name 'System' could not be found (are you missing a using directive or an assembly reference?)
C:\gh\azure-sdk-for-net\sdk\guestconfiguration\Microsoft.Azure.Management.GuestConfiguration\tests\ScenarioTests\GuestConfigurationTests.cs(10,21): error CS0234: The type or namespace name 'Rest' does not exist in the namespace 'Microsoft' (are you missing an assembly reference?)
C:\gh\azure-sdk-for-net\sdk\guestconfiguration\Microsoft.Azure.Management.GuestConfiguration\tests\ScenarioTests\GuestConfigurationTests.cs(11,11): error CS0246: The type or namespace name 'Xunit' could not be found (are you missing a using directive or an assembly reference?)
C:\gh\azure-sdk-for-net\sdk\guestconfiguration\Microsoft.Azure.Management.GuestConfiguration\tests\Helpers\RecordedDelegatingHandler.cs(6,11): error CS0246: The type or namespace name 'System' could not be found (are you missing a using directive or an assembly reference?)
C:\gh\azure-sdk-for-net\sdk\guestconfiguration\Microsoft.Azure.Management.GuestConfiguration\tests\Helpers\RecordedDelegatingHandler.cs(7,11): error CS0246: The type or namespace name 'System' could not be found (are you missing a using directive or an assembly reference?)
C:\gh\azure-sdk-for-net\sdk\guestconfiguration\Microsoft.Azure.Management.GuestConfiguration\tests\Helpers\RecordedDelegatingHandler.cs(8,11): error CS0246: The type or namespace name 'System' could not be found (are you missing a using directive or an assembly reference?)
C:\gh\azure-sdk-for-net\sdk\guestconfiguration\Microsoft.Azure.Management.GuestConfiguration\tests\TestSupport\GuestConfigurationTestBase.cs(33,73): error CS0518: Predefined type 'System.Void' is not defined or imported
C:\gh\azure-sdk-for-net\sdk\guestconfiguration\Microsoft.Azure.Management.GuestConfiguration\tests\Helpers\ResourceGroupHelper.cs(6,11): error CS0246: The type or namespace name 'System' could not be found (are you missing a using directive or an assembly reference?)
C:\gh\azure-sdk-for-net\sdk\guestconfiguration\Microsoft.Azure.Management.GuestConfiguration\tests\Helpers\ResourceGroupHelper.cs(7,11): error CS0246: The type or namespace name 'System' could not be found (are you missing a using directive or an assembly reference?)
C:\gh\azure-sdk-for-net\sdk\guestconfiguration\Microsoft.Azure.Management.GuestConfiguration\tests\Helpers\ResourceGroupHelper.cs(8,11): error CS0246: The type or namespace name 'System' could not be found (are you missing a using directive or an assembly reference?)
C:\gh\azure-sdk-for-net\sdk\guestconfiguration\Microsoft.Azure.Management.GuestConfiguration\tests\Helpers\ResourceGroupHelper.cs(10,38): error CS0234: The type or namespace name 'Resources' does not exist in the namespace 'Microsoft.Azure.Management' (are you missing an assembly reference?)
C:\gh\azure-sdk-for-net\sdk\guestconfiguration\Microsoft.Azure.Management.GuestConfiguration\tests\Helpers\ResourceGroupHelper.cs(11,21): error CS0234: The type or namespace name 'Rest' does not exist in the namespace 'Microsoft' (are you missing an assembly reference?)
C:\gh\azure-sdk-for-net\sdk\guestconfiguration\Microsoft.Azure.Management.GuestConfiguration\tests\ScenarioTests\GuestConfigurationTests.cs(20,10): error CS0518: Predefined type 'System.Object' is not defined or imported
C:\gh\azure-sdk-for-net\sdk\guestconfiguration\Microsoft.Azure.Management.GuestConfiguration\tests\ScenarioTests\GuestConfigurationTests.cs(20,10): error CS0246: The type or namespace name 'FactAttribute' could not be found (are you missing a using directive or an assembly reference?)
C:\gh\azure-sdk-for-net\sdk\guestconfiguration\Microsoft.Azure.Management.GuestConfiguration\tests\ScenarioTests\GuestConfigurationTests.cs(20,10): error CS0246: The type or namespace name 'Fact' could not be found (are you missing a using directive or an assembly reference?)
C:\gh\azure-sdk-for-net\sdk\guestconfiguration\Microsoft.Azure.Management.GuestConfiguration\tests\TestSupport\GuestConfigurationTestBase.cs(22,50): error CS0518: Predefined type 'System.String' is not defined or imported
C:\gh\azure-sdk-for-net\sdk\guestconfiguration\Microsoft.Azure.Management.GuestConfiguration\tests\TestSupport\GuestConfigurationTestBase.cs(23,39): error CS0518: Predefined type 'System.String' is not defined or imported
C:\gh\azure-sdk-for-net\sdk\guestconfiguration\Microsoft.Azure.Management.GuestConfiguration\tests\TestSupport\GuestConfigurationTestBase.cs(24,41): error CS0518: Predefined type 'System.String' is not defined or imported
C:\gh\azure-sdk-for-net\sdk\guestconfiguration\Microsoft.Azure.Management.GuestConfiguration\tests\TestSupport\GuestConfigurationTestBase.cs(25,65): error CS0518: Predefined type 'System.String' is not defined or imported
C:\gh\azure-sdk-for-net\sdk\guestconfiguration\Microsoft.Azure.Management.GuestConfiguration\tests\ScenarioTests\GuestConfigurationTests.cs(75,10): error CS0518: Predefined type 'System.Object' is not defined or imported
C:\gh\azure-sdk-for-net\sdk\guestconfiguration\Microsoft.Azure.Management.GuestConfiguration\tests\ScenarioTests\GuestConfigurationTests.cs(75,10): error CS0246: The type or namespace name 'FactAttribute' could not be found (are you missing a using directive or an assembly reference?)
C:\gh\azure-sdk-for-net\sdk\guestconfiguration\Microsoft.Azure.Management.GuestConfiguration\tests\ScenarioTests\GuestConfigurationTests.cs(75,10): error CS0246: The type or namespace name 'Fact' could not be found (are you missing a using directive or an assembly reference?)
C:\gh\azure-sdk-for-net\sdk\guestconfiguration\Microsoft.Azure.Management.GuestConfiguration\tests\TestSupport\GuestConfigurationTestBase.cs(33,16): error CS0518: Predefined type 'System.Object' is not defined or imported
C:\gh\azure-sdk-for-net\sdk\guestconfiguration\Microsoft.Azure.Management.GuestConfiguration\tests\Helpers\ResourceGroupHelper.cs(13,25): error CS0518: Predefined type 'System.Object' is not defined or imported
C:\gh\azure-sdk-for-net\sdk\guestconfiguration\Microsoft.Azure.Management.GuestConfiguration\tests\ScenarioTests\GuestConfigurationTests.cs(130,10): error CS0518: Predefined type 'System.Object' is not defined or imported
C:\gh\azure-sdk-for-net\sdk\guestconfiguration\Microsoft.Azure.Management.GuestConfiguration\tests\ScenarioTests\GuestConfigurationTests.cs(130,10): error CS0246: The type or namespace name 'FactAttribute' could not be found (are you missing a using directive or an assembly reference?)
C:\gh\azure-sdk-for-net\sdk\guestconfiguration\Microsoft.Azure.Management.GuestConfiguration\tests\ScenarioTests\GuestConfigurationTests.cs(130,10): error CS0246: The type or namespace name 'Fact' could not be found (are you missing a using directive or an assembly reference?)
C:\gh\azure-sdk-for-net\sdk\guestconfiguration\Microsoft.Azure.Management.GuestConfiguration\tests\ScenarioTests\GuestConfigurationTests.cs(157,10): error CS0518: Predefined type 'System.Object' is not defined or imported
C:\gh\azure-sdk-for-net\sdk\guestconfiguration\Microsoft.Azure.Management.GuestConfiguration\tests\ScenarioTests\GuestConfigurationTests.cs(157,10): error CS0246: The type or namespace name 'FactAttribute' could not be found (are you missing a using directive or an assembly reference?)
C:\gh\azure-sdk-for-net\sdk\guestconfiguration\Microsoft.Azure.Management.GuestConfiguration\tests\ScenarioTests\GuestConfigurationTests.cs(157,10): error CS0246: The type or namespace name 'Fact' could not be found (are you missing a using directive or an assembly reference?)
C:\gh\azure-sdk-for-net\sdk\guestconfiguration\Microsoft.Azure.Management.GuestConfiguration\tests\Helpers\GuestConfigurationAssignmentForPutDefinition.cs(18,48): error CS0518: Predefined type 'System.Void' is not defined or imported
C:\gh\azure-sdk-for-net\sdk\guestconfiguration\Microsoft.Azure.Management.GuestConfiguration\tests\ScenarioTests\GuestConfigurationTests.cs(184,10): error CS0518: Predefined type 'System.Object' is not defined or imported
C:\gh\azure-sdk-for-net\sdk\guestconfiguration\Microsoft.Azure.Management.GuestConfiguration\tests\ScenarioTests\GuestConfigurationTests.cs(184,10): error CS0246: The type or namespace name 'FactAttribute' could not be found (are you missing a using directive or an assembly reference?)
C:\gh\azure-sdk-for-net\sdk\guestconfiguration\Microsoft.Azure.Management.GuestConfiguration\tests\ScenarioTests\GuestConfigurationTests.cs(184,10): error CS0246: The type or namespace name 'Fact' could not be found (are you missing a using directive or an assembly reference?)
C:\gh\azure-sdk-for-net\sdk\guestconfiguration\Microsoft.Azure.Management.GuestConfiguration\tests\ScenarioTests\GuestConfigurationTests.cs(202,10): error CS0518: Predefined type 'System.Object' is not defined or imported
C:\gh\azure-sdk-for-net\sdk\guestconfiguration\Microsoft.Azure.Management.GuestConfiguration\tests\ScenarioTests\GuestConfigurationTests.cs(202,10): error CS0246: The type or namespace name 'FactAttribute' could not be found (are you missing a using directive or an assembly reference?)
C:\gh\azure-sdk-for-net\sdk\guestconfiguration\Microsoft.Azure.Management.GuestConfiguration\tests\ScenarioTests\GuestConfigurationTests.cs(202,10): error CS0246: The type or namespace name 'Fact' could not be found (are you missing a using directive or an assembly reference?)
C:\gh\azure-sdk-for-net\sdk\guestconfiguration\Microsoft.Azure.Management.GuestConfiguration\tests\Helpers\GuestConfigurationAssignmentForPutDefinition.cs(20,37): error CS0518: Predefined type 'System.Void' is not defined or imported
C:\gh\azure-sdk-for-net\sdk\guestconfiguration\Microsoft.Azure.Management.GuestConfiguration\tests\Helpers\GuestConfigurationAssignmentForPutDefinition.cs(22,63): error CS0518: Predefined type 'System.Void' is not defined or imported
C:\gh\azure-sdk-for-net\sdk\guestconfiguration\Microsoft.Azure.Management.GuestConfiguration\tests\Helpers\GuestConfigurationAssignmentForPutDefinition.cs(18,16): error CS0518: Predefined type 'System.String' is not defined or imported
C:\gh\azure-sdk-for-net\sdk\guestconfiguration\Microsoft.Azure.Management.GuestConfiguration\tests\Helpers\GuestConfigurationAssignmentForPutDefinition.cs(20,16): error CS0518: Predefined type 'System.String' is not defined or imported
C:\gh\azure-sdk-for-net\sdk\guestconfiguration\Microsoft.Azure.Management.GuestConfiguration\tests\Helpers\GuestConfigurationAssignmentForPutDefinition.cs(22,16): error CS0518: Predefined type 'System.Object' is not defined or imported
C:\gh\azure-sdk-for-net\sdk\guestconfiguration\Microsoft.Azure.Management.GuestConfiguration\tests\Helpers\ResourceGroupHelper.cs(18,45): error CS0518: Predefined type 'System.Object' is not defined or imported
C:\gh\azure-sdk-for-net\sdk\guestconfiguration\Microsoft.Azure.Management.GuestConfiguration\tests\Helpers\ResourceGroupHelper.cs(18,71): error CS0518: Predefined type 'System.Boolean' is not defined or imported
C:\gh\azure-sdk-for-net\sdk\guestconfiguration\Microsoft.Azure.Management.GuestConfiguration\tests\Helpers\ResourceGroupHelper.cs(23,45): error CS0518: Predefined type 'System.Object' is not defined or imported
C:\gh\azure-sdk-for-net\sdk\guestconfiguration\Microsoft.Azure.Management.GuestConfiguration\tests\Helpers\ResourceGroupHelper.cs(23,45): error CS0246: The type or namespace name 'ResourceManagementClient' could not be found (are you missing a using directive or an assembly reference?)
C:\gh\azure-sdk-for-net\sdk\guestconfiguration\Microsoft.Azure.Management.GuestConfiguration\tests\Helpers\ResourceGroupHelper.cs(23,71): error CS0518: Predefined type 'System.Boolean' is not defined or imported
C:\gh\azure-sdk-for-net\sdk\guestconfiguration\Microsoft.Azure.Management.GuestConfiguration\tests\Helpers\GuestConfigurationAssignmentForPutDefinition.cs(11,16): error CS1729: 'object' does not contain a constructor that takes 0 arguments
C:\gh\azure-sdk-for-net\sdk\guestconfiguration\Microsoft.Azure.Management.GuestConfiguration\tests\TestSupport\GuestConfigurationTestBase.cs(29,31): error CS0518: Predefined type 'System.Object' is not defined or imported
C:\gh\azure-sdk-for-net\sdk\guestconfiguration\Microsoft.Azure.Management.GuestConfiguration\tests\TestSupport\GuestConfigurationTestBase.cs(29,31): error CS0518: Predefined type 'System.Void' is not defined or imported
C:\gh\azure-sdk-for-net\sdk\guestconfiguration\Microsoft.Azure.Management.GuestConfiguration\tests\TestSupport\GuestConfigurationTestBase.cs(30,40): error CS0518: Predefined type 'System.Object' is not defined or imported
C:\gh\azure-sdk-for-net\sdk\guestconfiguration\Microsoft.Azure.Management.GuestConfiguration\tests\TestSupport\GuestConfigurationTestBase.cs(30,60): error CS0518: Predefined type 'System.Object' is not defined or imported
C:\gh\azure-sdk-for-net\sdk\guestconfiguration\Microsoft.Azure.Management.GuestConfiguration\tests\TestSupport\GuestConfigurationTestBase.cs(39,38): error CS0246: The type or namespace name 'ServiceClient<>' could not be found (are you missing a using directive or an assembly reference?)
C:\gh\azure-sdk-for-net\sdk\guestconfiguration\Microsoft.Azure.Management.GuestConfiguration\tests\TestSupport\GuestConfigurationTestBase.cs(39,38): error CS0518: Predefined type 'System.Object' is not defined or imported
C:\gh\azure-sdk-for-net\sdk\guestconfiguration\Microsoft.Azure.Management.GuestConfiguration\tests\TestSupport\GuestConfigurationTestBase.cs(39,38): error CS1061: 'GuestConfigurationClient' does not contain a definition for 'Dispose' and no accessible extension method 'Dispose' accepting a first argument of type 'GuestConfigurationClient' could be found (are you missing a using directive or an assembly reference?)
C:\gh\azure-sdk-for-net\sdk\guestconfiguration\Microsoft.Azure.Management.GuestConfiguration\tests\Helpers\GuestConfigurationAssignmentForPutDefinition.cs(26,16): error CS0246: The type or namespace name 'IResource' could not be found (are you missing a using directive or an assembly reference?)
C:\gh\azure-sdk-for-net\sdk\guestconfiguration\Microsoft.Azure.Management.GuestConfiguration\tests\Helpers\GuestConfigurationAssignmentForPutDefinition.cs(26,43): error CS0012: The type 'Object' is defined in an assembly that is not referenced. You must add a reference to assembly 'mscorlib, Version=4.0.0.0, Culture=neutral, PublicKeyToken=b77a5c561934e089'.
C:\gh\azure-sdk-for-net\sdk\guestconfiguration\Microsoft.Azure.Management.GuestConfiguration\tests\Helpers\GuestConfigurationAssignmentForPutDefinition.cs(26,108): error CS0518: Predefined type 'System.String' is not defined or imported
C:\gh\azure-sdk-for-net\sdk\guestconfiguration\Microsoft.Azure.Management.GuestConfiguration\tests\Helpers\GuestConfigurationAssignmentForPutDefinition.cs(26,81): error CS0518: Predefined type 'System.Boolean' is not defined or imported
C:\gh\azure-sdk-for-net\sdk\guestconfiguration\Microsoft.Azure.Management.GuestConfiguration\tests\Helpers\GuestConfigurationAssignmentForPutDefinition.cs(26,16): error CS0518: Predefined type 'System.Boolean' is not defined or imported
C:\gh\azure-sdk-for-net\sdk\guestconfiguration\Microsoft.Azure.Management.GuestConfiguration\tests\Helpers\GuestConfigurationAssignmentForPutDefinition.cs(28,44): error CS0518: Predefined type 'System.String' is not defined or imported
C:\gh\azure-sdk-for-net\sdk\guestconfiguration\Microsoft.Azure.Management.GuestConfiguration\tests\Helpers\GuestConfigurationAssignmentForPutDefinition.cs(28,54): error CS0518: Predefined type 'System.String' is not defined or imported
C:\gh\azure-sdk-for-net\sdk\guestconfiguration\Microsoft.Azure.Management.GuestConfiguration\tests\ScenarioTests\GuestConfigurationTests.cs(23,13): error CS0518: Predefined type 'System.IDisposable' is not defined or imported
C:\gh\azure-sdk-for-net\sdk\guestconfiguration\Microsoft.Azure.Management.GuestConfiguration\tests\ScenarioTests\GuestConfigurationTests.cs(23,34): error CS0518: Predefined type 'System.Object' is not defined or imported
C:\gh\azure-sdk-for-net\sdk\guestconfiguration\Microsoft.Azure.Management.GuestConfiguration\tests\ScenarioTests\GuestConfigurationTests.cs(23,34): error CS0103: The name 'MockContext' does not exist in the current context
C:\gh\azure-sdk-for-net\sdk\guestconfiguration\Microsoft.Azure.Management.GuestConfiguration\tests\ScenarioTests\GuestConfigurationTests.cs(23,57): error CS0518: Predefined type 'System.Object' is not defined or imported
C:\gh\azure-sdk-for-net\sdk\guestconfiguration\Microsoft.Azure.Management.GuestConfiguration\tests\ScenarioTests\GuestConfigurationTests.cs(23,57): error CS1061: 'AutomationTest' does not contain a definition for 'GetType' and no accessible extension method 'GetType' accepting a first argument of type 'AutomationTest' could be found (are you missing a using directive or an assembly reference?)
C:\gh\azure-sdk-for-net\sdk\guestconfiguration\Microsoft.Azure.Management.GuestConfiguration\tests\ScenarioTests\GuestConfigurationTests.cs(25,17): error CS0518: Predefined type 'System.IDisposable' is not defined or imported
C:\gh\azure-sdk-for-net\sdk\guestconfiguration\Microsoft.Azure.Management.GuestConfiguration\tests\ScenarioTests\GuestConfigurationTests.cs(25,46): error CS0518: Predefined type 'System.Object' is not defined or imported
C:\gh\azure-sdk-for-net\sdk\guestconfiguration\Microsoft.Azure.Management.GuestConfiguration\tests\ScenarioTests\GuestConfigurationTests.cs(25,24): error CS1674: 'GuestConfigurationTestBase': type used in a using statement must be implicitly convertible to 'System.IDisposable'.
C:\gh\azure-sdk-for-net\sdk\guestconfiguration\Microsoft.Azure.Management.GuestConfiguration\tests\ScenarioTests\GuestConfigurationTests.cs(27,62): error CS0518: Predefined type 'System.Object' is not defined or imported
C:\gh\azure-sdk-for-net\sdk\guestconfiguration\Microsoft.Azure.Management.GuestConfiguration\tests\ScenarioTests\GuestConfigurationTests.cs(30,29): error CS0518: Predefined type 'System.Object' is not defined or imported
C:\gh\azure-sdk-for-net\sdk\guestconfiguration\Microsoft.Azure.Management.GuestConfiguration\tests\ScenarioTests\GuestConfigurationTests.cs(31,35): error CS0518: Predefined type 'System.String' is not defined or imported
C:\gh\azure-sdk-for-net\sdk\guestconfiguration\Microsoft.Azure.Management.GuestConfiguration\tests\ScenarioTests\GuestConfigurationTests.cs(32,41): error CS0518: Predefined type 'System.Object' is not defined or imported
C:\gh\azure-sdk-for-net\sdk\guestconfiguration\Microsoft.Azure.Management.GuestConfiguration\tests\ScenarioTests\GuestConfigurationTests.cs(32,41): error CS0518: Predefined type 'System.Void' is not defined or imported
C:\gh\azure-sdk-for-net\sdk\guestconfiguration\Microsoft.Azure.Management.GuestConfiguration\tests\ScenarioTests\GuestConfigurationTests.cs(34,29): error CS0518: Predefined type 'System.String' is not defined or imported
C:\gh\azure-sdk-for-net\sdk\guestconfiguration\Microsoft.Azure.Management.GuestConfiguration\tests\ScenarioTests\GuestConfigurationTests.cs(34,39): error CS0518: Predefined type 'System.String' is not defined or imported
C:\gh\azure-sdk-for-net\sdk\guestconfiguration\Microsoft.Azure.Management.GuestConfiguration\tests\ScenarioTests\GuestConfigurationTests.cs(35,29): error CS0518: Predefined type 'System.Void' is not defined or imported
C:\gh\azure-sdk-for-net\sdk\guestconfiguration\Microsoft.Azure.Management.GuestConfiguration\tests\ScenarioTests\GuestConfigurationTests.cs(35,54): error CS0518: Predefined type 'System.Object' is not defined or imported
C:\gh\azure-sdk-for-net\sdk\guestconfiguration\Microsoft.Azure.Management.GuestConfiguration\tests\ScenarioTests\GuestConfigurationTests.cs(35,54): error CS0518: Predefined type 'System.Void' is not defined or imported
C:\gh\azure-sdk-for-net\sdk\guestconfiguration\Microsoft.Azure.Management.GuestConfiguration\tests\ScenarioTests\GuestConfigurationTests.cs(37,33): error CS0518: Predefined type 'System.String' is not defined or imported
C:\gh\azure-sdk-for-net\sdk\guestconfiguration\Microsoft.Azure.Management.GuestConfiguration\tests\ScenarioTests\GuestConfigurationTests.cs(38,33): error CS0518: Predefined type 'System.String' is not defined or imported
C:\gh\azure-sdk-for-net\sdk\guestconfiguration\Microsoft.Azure.Management.GuestConfiguration\tests\ScenarioTests\GuestConfigurationTests.cs(38,43): error CS0518: Predefined type 'System.String' is not defined or imported
C:\gh\azure-sdk-for-net\sdk\guestconfiguration\Microsoft.Azure.Management.GuestConfiguration\tests\ScenarioTests\GuestConfigurationTests.cs(30,29): error CS0518: Predefined type 'System.Void' is not defined or imported
C:\gh\azure-sdk-for-net\sdk\guestconfiguration\Microsoft.Azure.Management.GuestConfiguration\tests\ScenarioTests\GuestConfigurationTests.cs(44,47): error CS0518: Predefined type 'System.Object' is not defined or imported
C:\gh\azure-sdk-for-net\sdk\guestconfiguration\Microsoft.Azure.Management.GuestConfiguration\tests\ScenarioTests\GuestConfigurationTests.cs(44,97): error CS0518: Predefined type 'System.Object' is not defined or imported
C:\gh\azure-sdk-for-net\sdk\guestconfiguration\Microsoft.Azure.Management.GuestConfiguration\tests\ScenarioTests\GuestConfigurationTests.cs(45,67): error CS0518: Predefined type 'System.String' is not defined or imported
C:\gh\azure-sdk-for-net\sdk\guestconfiguration\Microsoft.Azure.Management.GuestConfiguration\tests\ScenarioTests\GuestConfigurationTests.cs(44,47): error CS0518: Predefined type 'System.String' is not defined or imported
C:\gh\azure-sdk-for-net\sdk\guestconfiguration\Microsoft.Azure.Management.GuestConfiguration\tests\ScenarioTests\GuestConfigurationTests.cs(50,21): error CS0518: Predefined type 'System.Object' is not defined or imported
C:\gh\azure-sdk-for-net\sdk\guestconfiguration\Microsoft.Azure.Management.GuestConfiguration\tests\ScenarioTests\GuestConfigurationTests.cs(50,21): error CS0103: The name 'Assert' does not exist in the current context
C:\gh\azure-sdk-for-net\sdk\guestconfiguration\Microsoft.Azure.Management.GuestConfiguration\tests\ScenarioTests\GuestConfigurationTests.cs(53,49): error CS0518: Predefined type 'System.Object' is not defined or imported
C:\gh\azure-sdk-for-net\sdk\guestconfiguration\Microsoft.Azure.Management.GuestConfiguration\tests\ScenarioTests\GuestConfigurationTests.cs(53,99): error CS0518: Predefined type 'System.Object' is not defined or imported
C:\gh\azure-sdk-for-net\sdk\guestconfiguration\Microsoft.Azure.Management.GuestConfiguration\tests\ScenarioTests\GuestConfigurationTests.cs(55,67): error CS0518: Predefined type 'System.String' is not defined or imported
C:\gh\azure-sdk-for-net\sdk\guestconfiguration\Microsoft.Azure.Management.GuestConfiguration\tests\ScenarioTests\GuestConfigurationTests.cs(53,49): error CS0518: Predefined type 'System.String' is not defined or imported
C:\gh\azure-sdk-for-net\sdk\guestconfiguration\Microsoft.Azure.Management.GuestConfiguration\tests\ScenarioTests\GuestConfigurationTests.cs(58,21): error CS0518: Predefined type 'System.Object' is not defined or imported
C:\gh\azure-sdk-for-net\sdk\guestconfiguration\Microsoft.Azure.Management.GuestConfiguration\tests\ScenarioTests\GuestConfigurationTests.cs(58,21): error CS0103: The name 'Assert' does not exist in the current context
C:\gh\azure-sdk-for-net\sdk\guestconfiguration\Microsoft.Azure.Management.GuestConfiguration\tests\ScenarioTests\GuestConfigurationTests.cs(59,21): error CS0518: Predefined type 'System.Object' is not defined or imported
C:\gh\azure-sdk-for-net\sdk\guestconfiguration\Microsoft.Azure.Management.GuestConfiguration\tests\ScenarioTests\GuestConfigurationTests.cs(59,21): error CS0103: The name 'Assert' does not exist in the current context
C:\gh\azure-sdk-for-net\sdk\guestconfiguration\Microsoft.Azure.Management.GuestConfiguration\tests\ScenarioTests\GuestConfigurationTests.cs(59,76): error CS0518: Predefined type 'System.String' is not defined or imported
C:\gh\azure-sdk-for-net\sdk\guestconfiguration\Microsoft.Azure.Management.GuestConfiguration\tests\ScenarioTests\GuestConfigurationTests.cs(59,104): error CS0518: Predefined type 'System.String' is not defined or imported
C:\gh\azure-sdk-for-net\sdk\guestconfiguration\Microsoft.Azure.Management.GuestConfiguration\tests\ScenarioTests\GuestConfigurationTests.cs(62,75): error CS0518: Predefined type 'System.Object' is not defined or imported
C:\gh\azure-sdk-for-net\sdk\guestconfiguration\Microsoft.Azure.Management.GuestConfiguration\tests\ScenarioTests\GuestConfigurationTests.cs(63,47): error CS0518: Predefined type 'System.Object' is not defined or imported
C:\gh\azure-sdk-for-net\sdk\guestconfiguration\Microsoft.Azure.Management.GuestConfiguration\tests\ScenarioTests\GuestConfigurationTests.cs(63,97): error CS0518: Predefined type 'System.Object' is not defined or imported
C:\gh\azure-sdk-for-net\sdk\guestconfiguration\Microsoft.Azure.Management.GuestConfiguration\tests\ScenarioTests\GuestConfigurationTests.cs(64,42): error CS0518: Predefined type 'System.String' is not defined or imported
C:\gh\azure-sdk-for-net\sdk\guestconfiguration\Microsoft.Azure.Management.GuestConfiguration\tests\ScenarioTests\GuestConfigurationTests.cs(63,47): error CS0518: Predefined type 'System.String' is not defined or imported
C:\gh\azure-sdk-for-net\sdk\guestconfiguration\Microsoft.Azure.Management.GuestConfiguration\tests\ScenarioTests\GuestConfigurationTests.cs(69,21): error CS0518: Predefined type 'System.Object' is not defined or imported
C:\gh\azure-sdk-for-net\sdk\guestconfiguration\Microsoft.Azure.Management.GuestConfiguration\tests\ScenarioTests\GuestConfigurationTests.cs(69,21): error CS0103: The name 'Assert' does not exist in the current context
C:\gh\azure-sdk-for-net\sdk\guestconfiguration\Microsoft.Azure.Management.GuestConfiguration\tests\ScenarioTests\GuestConfigurationTests.cs(70,21): error CS0518: Predefined type 'System.Object' is not defined or imported
C:\gh\azure-sdk-for-net\sdk\guestconfiguration\Microsoft.Azure.Management.GuestConfiguration\tests\ScenarioTests\GuestConfigurationTests.cs(70,21): error CS0103: The name 'Assert' does not exist in the current context
C:\gh\azure-sdk-for-net\sdk\guestconfiguration\Microsoft.Azure.Management.GuestConfiguration\tests\ScenarioTests\GuestConfigurationTests.cs(70,62): error CS0518: Predefined type 'System.String' is not defined or imported
C:\gh\azure-sdk-for-net\sdk\guestconfiguration\Microsoft.Azure.Management.GuestConfiguration\tests\ScenarioTests\GuestConfigurationTests.cs(70,102): error CS0518: Predefined type 'System.String' is not defined or imported
C:\gh\azure-sdk-for-net\sdk\guestconfiguration\Microsoft.Azure.Management.GuestConfiguration\tests\ScenarioTests\GuestConfigurationTests.cs(78,13): error CS0518: Predefined type 'System.IDisposable' is not defined or imported
C:\gh\azure-sdk-for-net\sdk\guestconfiguration\Microsoft.Azure.Management.GuestConfiguration\tests\ScenarioTests\GuestConfigurationTests.cs(78,34): error CS0518: Predefined type 'System.Object' is not defined or imported
C:\gh\azure-sdk-for-net\sdk\guestconfiguration\Microsoft.Azure.Management.GuestConfiguration\tests\ScenarioTests\GuestConfigurationTests.cs(78,34): error CS0103: The name 'MockContext' does not exist in the current context
C:\gh\azure-sdk-for-net\sdk\guestconfiguration\Microsoft.Azure.Management.GuestConfiguration\tests\ScenarioTests\GuestConfigurationTests.cs(78,57): error CS0518: Predefined type 'System.Object' is not defined or imported
C:\gh\azure-sdk-for-net\sdk\guestconfiguration\Microsoft.Azure.Management.GuestConfiguration\tests\ScenarioTests\GuestConfigurationTests.cs(78,57): error CS1061: 'AutomationTest' does not contain a definition for 'GetType' and no accessible extension method 'GetType' accepting a first argument of type 'AutomationTest' could be found (are you missing a using directive or an assembly reference?)
C:\gh\azure-sdk-for-net\sdk\guestconfiguration\Microsoft.Azure.Management.GuestConfiguration\tests\ScenarioTests\GuestConfigurationTests.cs(80,17): error CS0518: Predefined type 'System.IDisposable' is not defined or imported
C:\gh\azure-sdk-for-net\sdk\guestconfiguration\Microsoft.Azure.Management.GuestConfiguration\tests\ScenarioTests\GuestConfigurationTests.cs(80,46): error CS0518: Predefined type 'System.Object' is not defined or imported
C:\gh\azure-sdk-for-net\sdk\guestconfiguration\Microsoft.Azure.Management.GuestConfiguration\tests\ScenarioTests\GuestConfigurationTests.cs(80,24): error CS1674: 'GuestConfigurationTestBase': type used in a using statement must be implicitly convertible to 'System.IDisposable'.
C:\gh\azure-sdk-for-net\sdk\guestconfiguration\Microsoft.Azure.Management.GuestConfiguration\tests\ScenarioTests\GuestConfigurationTests.cs(82,62): error CS0518: Predefined type 'System.Object' is not defined or imported
C:\gh\azure-sdk-for-net\sdk\guestconfiguration\Microsoft.Azure.Management.GuestConfiguration\tests\ScenarioTests\GuestConfigurationTests.cs(85,29): error CS0518: Predefined type 'System.Object' is not defined or imported
C:\gh\azure-sdk-for-net\sdk\guestconfiguration\Microsoft.Azure.Management.GuestConfiguration\tests\ScenarioTests\GuestConfigurationTests.cs(86,35): error CS0518: Predefined type 'System.String' is not defined or imported
C:\gh\azure-sdk-for-net\sdk\guestconfiguration\Microsoft.Azure.Management.GuestConfiguration\tests\ScenarioTests\GuestConfigurationTests.cs(87,41): error CS0518: Predefined type 'System.Object' is not defined or imported
C:\gh\azure-sdk-for-net\sdk\guestconfiguration\Microsoft.Azure.Management.GuestConfiguration\tests\ScenarioTests\GuestConfigurationTests.cs(87,41): error CS0518: Predefined type 'System.Void' is not defined or imported
C:\gh\azure-sdk-for-net\sdk\guestconfiguration\Microsoft.Azure.Management.GuestConfiguration\tests\ScenarioTests\GuestConfigurationTests.cs(89,29): error CS0518: Predefined type 'System.String' is not defined or imported
C:\gh\azure-sdk-for-net\sdk\guestconfiguration\Microsoft.Azure.Management.GuestConfiguration\tests\ScenarioTests\GuestConfigurationTests.cs(89,39): error CS0518: Predefined type 'System.String' is not defined or imported
C:\gh\azure-sdk-for-net\sdk\guestconfiguration\Microsoft.Azure.Management.GuestConfiguration\tests\ScenarioTests\GuestConfigurationTests.cs(90,29): error CS0518: Predefined type 'System.Void' is not defined or imported
C:\gh\azure-sdk-for-net\sdk\guestconfiguration\Microsoft.Azure.Management.GuestConfiguration\tests\ScenarioTests\GuestConfigurationTests.cs(90,54): error CS0518: Predefined type 'System.Object' is not defined or imported
C:\gh\azure-sdk-for-net\sdk\guestconfiguration\Microsoft.Azure.Management.GuestConfiguration\tests\ScenarioTests\GuestConfigurationTests.cs(90,54): error CS0518: Predefined type 'System.Void' is not defined or imported
C:\gh\azure-sdk-for-net\sdk\guestconfiguration\Microsoft.Azure.Management.GuestConfiguration\tests\ScenarioTests\GuestConfigurationTests.cs(92,33): error CS0518: Predefined type 'System.String' is not defined or imported
C:\gh\azure-sdk-for-net\sdk\guestconfiguration\Microsoft.Azure.Management.GuestConfiguration\tests\ScenarioTests\GuestConfigurationTests.cs(93,33): error CS0518: Predefined type 'System.String' is not defined or imported
C:\gh\azure-sdk-for-net\sdk\guestconfiguration\Microsoft.Azure.Management.GuestConfiguration\tests\ScenarioTests\GuestConfigurationTests.cs(93,43): error CS0518: Predefined type 'System.String' is not defined or imported
C:\gh\azure-sdk-for-net\sdk\guestconfiguration\Microsoft.Azure.Management.GuestConfiguration\tests\ScenarioTests\GuestConfigurationTests.cs(85,29): error CS0518: Predefined type 'System.Void' is not defined or imported
C:\gh\azure-sdk-for-net\sdk\guestconfiguration\Microsoft.Azure.Management.GuestConfiguration\tests\ScenarioTests\GuestConfigurationTests.cs(99,51): error CS0518: Predefined type 'System.Object' is not defined or imported
C:\gh\azure-sdk-for-net\sdk\guestconfiguration\Microsoft.Azure.Management.GuestConfiguration\tests\ScenarioTests\GuestConfigurationTests.cs(99,105): error CS0518: Predefined type 'System.Object' is not defined or imported
C:\gh\azure-sdk-for-net\sdk\guestconfiguration\Microsoft.Azure.Management.GuestConfiguration\tests\ScenarioTests\GuestConfigurationTests.cs(100,67): error CS0518: Predefined type 'System.String' is not defined or imported
C:\gh\azure-sdk-for-net\sdk\guestconfiguration\Microsoft.Azure.Management.GuestConfiguration\tests\ScenarioTests\GuestConfigurationTests.cs(99,51): error CS0518: Predefined type 'System.String' is not defined or imported
C:\gh\azure-sdk-for-net\sdk\guestconfiguration\Microsoft.Azure.Management.GuestConfiguration\tests\ScenarioTests\GuestConfigurationTests.cs(105,21): error CS0518: Predefined type 'System.Object' is not defined or imported
C:\gh\azure-sdk-for-net\sdk\guestconfiguration\Microsoft.Azure.Management.GuestConfiguration\tests\ScenarioTests\GuestConfigurationTests.cs(105,21): error CS0103: The name 'Assert' does not exist in the current context
C:\gh\azure-sdk-for-net\sdk\guestconfiguration\Microsoft.Azure.Management.GuestConfiguration\tests\ScenarioTests\GuestConfigurationTests.cs(108,53): error CS0518: Predefined type 'System.Object' is not defined or imported
C:\gh\azure-sdk-for-net\sdk\guestconfiguration\Microsoft.Azure.Management.GuestConfiguration\tests\ScenarioTests\GuestConfigurationTests.cs(108,107): error CS0518: Predefined type 'System.Object' is not defined or imported
C:\gh\azure-sdk-for-net\sdk\guestconfiguration\Microsoft.Azure.Management.GuestConfiguration\tests\ScenarioTests\GuestConfigurationTests.cs(110,67): error CS0518: Predefined type 'System.String' is not defined or imported
C:\gh\azure-sdk-for-net\sdk\guestconfiguration\Microsoft.Azure.Management.GuestConfiguration\tests\ScenarioTests\GuestConfigurationTests.cs(108,53): error CS0518: Predefined type 'System.String' is not defined or imported
C:\gh\azure-sdk-for-net\sdk\guestconfiguration\Microsoft.Azure.Management.GuestConfiguration\tests\ScenarioTests\GuestConfigurationTests.cs(113,21): error CS0518: Predefined type 'System.Object' is not defined or imported
C:\gh\azure-sdk-for-net\sdk\guestconfiguration\Microsoft.Azure.Management.GuestConfiguration\tests\ScenarioTests\GuestConfigurationTests.cs(113,21): error CS0103: The name 'Assert' does not exist in the current context
C:\gh\azure-sdk-for-net\sdk\guestconfiguration\Microsoft.Azure.Management.GuestConfiguration\tests\ScenarioTests\GuestConfigurationTests.cs(114,21): error CS0518: Predefined type 'System.Object' is not defined or imported
C:\gh\azure-sdk-for-net\sdk\guestconfiguration\Microsoft.Azure.Management.GuestConfiguration\tests\ScenarioTests\GuestConfigurationTests.cs(114,21): error CS0103: The name 'Assert' does not exist in the current context
C:\gh\azure-sdk-for-net\sdk\guestconfiguration\Microsoft.Azure.Management.GuestConfiguration\tests\ScenarioTests\GuestConfigurationTests.cs(114,76): error CS0518: Predefined type 'System.String' is not defined or imported
C:\gh\azure-sdk-for-net\sdk\guestconfiguration\Microsoft.Azure.Management.GuestConfiguration\tests\ScenarioTests\GuestConfigurationTests.cs(114,108): error CS0518: Predefined type 'System.String' is not defined or imported
C:\gh\azure-sdk-for-net\sdk\guestconfiguration\Microsoft.Azure.Management.GuestConfiguration\tests\ScenarioTests\GuestConfigurationTests.cs(117,75): error CS0518: Predefined type 'System.Object' is not defined or imported
C:\gh\azure-sdk-for-net\sdk\guestconfiguration\Microsoft.Azure.Management.GuestConfiguration\tests\ScenarioTests\GuestConfigurationTests.cs(118,51): error CS0518: Predefined type 'System.Object' is not defined or imported
C:\gh\azure-sdk-for-net\sdk\guestconfiguration\Microsoft.Azure.Management.GuestConfiguration\tests\ScenarioTests\GuestConfigurationTests.cs(118,105): error CS0518: Predefined type 'System.Object' is not defined or imported
C:\gh\azure-sdk-for-net\sdk\guestconfiguration\Microsoft.Azure.Management.GuestConfiguration\tests\ScenarioTests\GuestConfigurationTests.cs(119,42): error CS0518: Predefined type 'System.String' is not defined or imported
C:\gh\azure-sdk-for-net\sdk\guestconfiguration\Microsoft.Azure.Management.GuestConfiguration\tests\ScenarioTests\GuestConfigurationTests.cs(118,51): error CS0518: Predefined type 'System.String' is not defined or imported
C:\gh\azure-sdk-for-net\sdk\guestconfiguration\Microsoft.Azure.Management.GuestConfiguration\tests\ScenarioTests\GuestConfigurationTests.cs(124,21): error CS0518: Predefined type 'System.Object' is not defined or imported
C:\gh\azure-sdk-for-net\sdk\guestconfiguration\Microsoft.Azure.Management.GuestConfiguration\tests\ScenarioTests\GuestConfigurationTests.cs(124,21): error CS0103: The name 'Assert' does not exist in the current context
C:\gh\azure-sdk-for-net\sdk\guestconfiguration\Microsoft.Azure.Management.GuestConfiguration\tests\ScenarioTests\GuestConfigurationTests.cs(125,21): error CS0518: Predefined type 'System.Object' is not defined or imported
C:\gh\azure-sdk-for-net\sdk\guestconfiguration\Microsoft.Azure.Management.GuestConfiguration\tests\ScenarioTests\GuestConfigurationTests.cs(125,21): error CS0103: The name 'Assert' does not exist in the current context
C:\gh\azure-sdk-for-net\sdk\guestconfiguration\Microsoft.Azure.Management.GuestConfiguration\tests\ScenarioTests\GuestConfigurationTests.cs(125,62): error CS0518: Predefined type 'System.String' is not defined or imported
C:\gh\azure-sdk-for-net\sdk\guestconfiguration\Microsoft.Azure.Management.GuestConfiguration\tests\ScenarioTests\GuestConfigurationTests.cs(125,106): error CS0518: Predefined type 'System.String' is not defined or imported
C:\gh\azure-sdk-for-net\sdk\guestconfiguration\Microsoft.Azure.Management.GuestConfiguration\tests\ScenarioTests\GuestConfigurationTests.cs(133,13): error CS0518: Predefined type 'System.IDisposable' is not defined or imported
C:\gh\azure-sdk-for-net\sdk\guestconfiguration\Microsoft.Azure.Management.GuestConfiguration\tests\ScenarioTests\GuestConfigurationTests.cs(133,34): error CS0518: Predefined type 'System.Object' is not defined or imported
C:\gh\azure-sdk-for-net\sdk\guestconfiguration\Microsoft.Azure.Management.GuestConfiguration\tests\ScenarioTests\GuestConfigurationTests.cs(133,34): error CS0103: The name 'MockContext' does not exist in the current context
C:\gh\azure-sdk-for-net\sdk\guestconfiguration\Microsoft.Azure.Management.GuestConfiguration\tests\ScenarioTests\GuestConfigurationTests.cs(133,57): error CS0518: Predefined type 'System.Object' is not defined or imported
C:\gh\azure-sdk-for-net\sdk\guestconfiguration\Microsoft.Azure.Management.GuestConfiguration\tests\ScenarioTests\GuestConfigurationTests.cs(133,57): error CS1061: 'AutomationTest' does not contain a definition for 'GetType' and no accessible extension method 'GetType' accepting a first argument of type 'AutomationTest' could be found (are you missing a using directive or an assembly reference?)
C:\gh\azure-sdk-for-net\sdk\guestconfiguration\Microsoft.Azure.Management.GuestConfiguration\tests\ScenarioTests\GuestConfigurationTests.cs(135,17): error CS0518: Predefined type 'System.IDisposable' is not defined or imported
C:\gh\azure-sdk-for-net\sdk\guestconfiguration\Microsoft.Azure.Management.GuestConfiguration\tests\ScenarioTests\GuestConfigurationTests.cs(135,46): error CS0518: Predefined type 'System.Object' is not defined or imported
C:\gh\azure-sdk-for-net\sdk\guestconfiguration\Microsoft.Azure.Management.GuestConfiguration\tests\ScenarioTests\GuestConfigurationTests.cs(135,24): error CS1674: 'GuestConfigurationTestBase': type used in a using statement must be implicitly convertible to 'System.IDisposable'.
C:\gh\azure-sdk-for-net\sdk\guestconfiguration\Microsoft.Azure.Management.GuestConfiguration\tests\ScenarioTests\GuestConfigurationTests.cs(138,40): error CS0518: Predefined type 'System.Object' is not defined or imported
C:\gh\azure-sdk-for-net\sdk\guestconfiguration\Microsoft.Azure.Management.GuestConfiguration\tests\ScenarioTests\GuestConfigurationTests.cs(138,90): error CS0518: Predefined type 'System.Object' is not defined or imported
C:\gh\azure-sdk-for-net\sdk\guestconfiguration\Microsoft.Azure.Management.GuestConfiguration\tests\ScenarioTests\GuestConfigurationTests.cs(138,40): error CS0518: Predefined type 'System.String' is not defined or imported
C:\gh\azure-sdk-for-net\sdk\guestconfiguration\Microsoft.Azure.Management.GuestConfiguration\tests\ScenarioTests\GuestConfigurationTests.cs(143,21): error CS0518: Predefined type 'System.Object' is not defined or imported
C:\gh\azure-sdk-for-net\sdk\guestconfiguration\Microsoft.Azure.Management.GuestConfiguration\tests\ScenarioTests\GuestConfigurationTests.cs(143,21): error CS0103: The name 'Assert' does not exist in the current context
C:\gh\azure-sdk-for-net\sdk\guestconfiguration\Microsoft.Azure.Management.GuestConfiguration\tests\ScenarioTests\GuestConfigurationTests.cs(146,56): error CS0518: Predefined type 'System.Object' is not defined or imported
C:\gh\azure-sdk-for-net\sdk\guestconfiguration\Microsoft.Azure.Management.GuestConfiguration\tests\ScenarioTests\GuestConfigurationTests.cs(146,112): error CS0518: Predefined type 'System.Object' is not defined or imported
C:\gh\azure-sdk-for-net\sdk\guestconfiguration\Microsoft.Azure.Management.GuestConfiguration\tests\ScenarioTests\GuestConfigurationTests.cs(146,56): error CS0518: Predefined type 'System.String' is not defined or imported
C:\gh\azure-sdk-for-net\sdk\guestconfiguration\Microsoft.Azure.Management.GuestConfiguration\tests\ScenarioTests\GuestConfigurationTests.cs(151,21): error CS0518: Predefined type 'System.Object' is not defined or imported
C:\gh\azure-sdk-for-net\sdk\guestconfiguration\Microsoft.Azure.Management.GuestConfiguration\tests\ScenarioTests\GuestConfigurationTests.cs(151,21): error CS0103: The name 'Assert' does not exist in the current context
C:\gh\azure-sdk-for-net\sdk\guestconfiguration\Microsoft.Azure.Management.GuestConfiguration\tests\ScenarioTests\GuestConfigurationTests.cs(152,21): error CS0518: Predefined type 'System.Object' is not defined or imported
C:\gh\azure-sdk-for-net\sdk\guestconfiguration\Microsoft.Azure.Management.GuestConfiguration\tests\ScenarioTests\GuestConfigurationTests.cs(152,21): error CS0103: The name 'Assert' does not exist in the current context
C:\gh\azure-sdk-for-net\sdk\guestconfiguration\Microsoft.Azure.Management.GuestConfiguration\tests\ScenarioTests\GuestConfigurationTests.cs(152,62): error CS0012: The type 'IList<>' is defined in an assembly that is not referenced. You must add a reference to assembly 'mscorlib, Version=4.0.0.0, Culture=neutral, PublicKeyToken=b77a5c561934e089'.
C:\gh\azure-sdk-for-net\sdk\guestconfiguration\Microsoft.Azure.Management.GuestConfiguration\tests\ScenarioTests\GuestConfigurationTests.cs(152,77): error CS0518: Predefined type 'System.Int32' is not defined or imported
C:\gh\azure-sdk-for-net\sdk\guestconfiguration\Microsoft.Azure.Management.GuestConfiguration\tests\ScenarioTests\GuestConfigurationTests.cs(152,33): error CS0518: Predefined type 'System.Boolean' is not defined or imported
C:\gh\azure-sdk-for-net\sdk\guestconfiguration\Microsoft.Azure.Management.GuestConfiguration\tests\ScenarioTests\GuestConfigurationTests.cs(160,13): error CS0518: Predefined type 'System.IDisposable' is not defined or imported
C:\gh\azure-sdk-for-net\sdk\guestconfiguration\Microsoft.Azure.Management.GuestConfiguration\tests\ScenarioTests\GuestConfigurationTests.cs(160,34): error CS0518: Predefined type 'System.Object' is not defined or imported
C:\gh\azure-sdk-for-net\sdk\guestconfiguration\Microsoft.Azure.Management.GuestConfiguration\tests\ScenarioTests\GuestConfigurationTests.cs(160,34): error CS0103: The name 'MockContext' does not exist in the current context
C:\gh\azure-sdk-for-net\sdk\guestconfiguration\Microsoft.Azure.Management.GuestConfiguration\tests\ScenarioTests\GuestConfigurationTests.cs(160,57): error CS0518: Predefined type 'System.Object' is not defined or imported
C:\gh\azure-sdk-for-net\sdk\guestconfiguration\Microsoft.Azure.Management.GuestConfiguration\tests\ScenarioTests\GuestConfigurationTests.cs(160,57): error CS1061: 'AutomationTest' does not contain a definition for 'GetType' and no accessible extension method 'GetType' accepting a first argument of type 'AutomationTest' could be found (are you missing a using directive or an assembly reference?)
C:\gh\azure-sdk-for-net\sdk\guestconfiguration\Microsoft.Azure.Management.GuestConfiguration\tests\ScenarioTests\GuestConfigurationTests.cs(162,17): error CS0518: Predefined type 'System.IDisposable' is not defined or imported
C:\gh\azure-sdk-for-net\sdk\guestconfiguration\Microsoft.Azure.Management.GuestConfiguration\tests\ScenarioTests\GuestConfigurationTests.cs(162,46): error CS0518: Predefined type 'System.Object' is not defined or imported
C:\gh\azure-sdk-for-net\sdk\guestconfiguration\Microsoft.Azure.Management.GuestConfiguration\tests\ScenarioTests\GuestConfigurationTests.cs(162,24): error CS1674: 'GuestConfigurationTestBase': type used in a using statement must be implicitly convertible to 'System.IDisposable'.
C:\gh\azure-sdk-for-net\sdk\guestconfiguration\Microsoft.Azure.Management.GuestConfiguration\tests\ScenarioTests\GuestConfigurationTests.cs(165,44): error CS0518: Predefined type 'System.Object' is not defined or imported
C:\gh\azure-sdk-for-net\sdk\guestconfiguration\Microsoft.Azure.Management.GuestConfiguration\tests\ScenarioTests\GuestConfigurationTests.cs(165,98): error CS0518: Predefined type 'System.Object' is not defined or imported
C:\gh\azure-sdk-for-net\sdk\guestconfiguration\Microsoft.Azure.Management.GuestConfiguration\tests\ScenarioTests\GuestConfigurationTests.cs(165,44): error CS0518: Predefined type 'System.String' is not defined or imported
C:\gh\azure-sdk-for-net\sdk\guestconfiguration\Microsoft.Azure.Management.GuestConfiguration\tests\ScenarioTests\GuestConfigurationTests.cs(170,21): error CS0518: Predefined type 'System.Object' is not defined or imported
C:\gh\azure-sdk-for-net\sdk\guestconfiguration\Microsoft.Azure.Management.GuestConfiguration\tests\ScenarioTests\GuestConfigurationTests.cs(170,21): error CS0103: The name 'Assert' does not exist in the current context
C:\gh\azure-sdk-for-net\sdk\guestconfiguration\Microsoft.Azure.Management.GuestConfiguration\tests\ScenarioTests\GuestConfigurationTests.cs(173,60): error CS0518: Predefined type 'System.Object' is not defined or imported
C:\gh\azure-sdk-for-net\sdk\guestconfiguration\Microsoft.Azure.Management.GuestConfiguration\tests\ScenarioTests\GuestConfigurationTests.cs(173,120): error CS0518: Predefined type 'System.Object' is not defined or imported
C:\gh\azure-sdk-for-net\sdk\guestconfiguration\Microsoft.Azure.Management.GuestConfiguration\tests\ScenarioTests\GuestConfigurationTests.cs(173,60): error CS0518: Predefined type 'System.String' is not defined or imported
C:\gh\azure-sdk-for-net\sdk\guestconfiguration\Microsoft.Azure.Management.GuestConfiguration\tests\ScenarioTests\GuestConfigurationTests.cs(178,21): error CS0518: Predefined type 'System.Object' is not defined or imported
C:\gh\azure-sdk-for-net\sdk\guestconfiguration\Microsoft.Azure.Management.GuestConfiguration\tests\ScenarioTests\GuestConfigurationTests.cs(178,21): error CS0103: The name 'Assert' does not exist in the current context
C:\gh\azure-sdk-for-net\sdk\guestconfiguration\Microsoft.Azure.Management.GuestConfiguration\tests\ScenarioTests\GuestConfigurationTests.cs(179,21): error CS0518: Predefined type 'System.Object' is not defined or imported
C:\gh\azure-sdk-for-net\sdk\guestconfiguration\Microsoft.Azure.Management.GuestConfiguration\tests\ScenarioTests\GuestConfigurationTests.cs(179,21): error CS0103: The name 'Assert' does not exist in the current context
C:\gh\azure-sdk-for-net\sdk\guestconfiguration\Microsoft.Azure.Management.GuestConfiguration\tests\ScenarioTests\GuestConfigurationTests.cs(179,66): error CS0012: The type 'IList<>' is defined in an assembly that is not referenced. You must add a reference to assembly 'mscorlib, Version=4.0.0.0, Culture=neutral, PublicKeyToken=b77a5c561934e089'.
C:\gh\azure-sdk-for-net\sdk\guestconfiguration\Microsoft.Azure.Management.GuestConfiguration\tests\ScenarioTests\GuestConfigurationTests.cs(179,81): error CS0518: Predefined type 'System.Int32' is not defined or imported
C:\gh\azure-sdk-for-net\sdk\guestconfiguration\Microsoft.Azure.Management.GuestConfiguration\tests\ScenarioTests\GuestConfigurationTests.cs(179,33): error CS0518: Predefined type 'System.Boolean' is not defined or imported
C:\gh\azure-sdk-for-net\sdk\guestconfiguration\Microsoft.Azure.Management.GuestConfiguration\tests\ScenarioTests\GuestConfigurationTests.cs(187,13): error CS0518: Predefined type 'System.IDisposable' is not defined or imported
C:\gh\azure-sdk-for-net\sdk\guestconfiguration\Microsoft.Azure.Management.GuestConfiguration\tests\ScenarioTests\GuestConfigurationTests.cs(187,34): error CS0518: Predefined type 'System.Object' is not defined or imported
C:\gh\azure-sdk-for-net\sdk\guestconfiguration\Microsoft.Azure.Management.GuestConfiguration\tests\ScenarioTests\GuestConfigurationTests.cs(187,34): error CS0103: The name 'MockContext' does not exist in the current context
C:\gh\azure-sdk-for-net\sdk\guestconfiguration\Microsoft.Azure.Management.GuestConfiguration\tests\ScenarioTests\GuestConfigurationTests.cs(187,57): error CS0518: Predefined type 'System.Object' is not defined or imported
C:\gh\azure-sdk-for-net\sdk\guestconfiguration\Microsoft.Azure.Management.GuestConfiguration\tests\ScenarioTests\GuestConfigurationTests.cs(187,57): error CS1061: 'AutomationTest' does not contain a definition for 'GetType' and no accessible extension method 'GetType' accepting a first argument of type 'AutomationTest' could be found (are you missing a using directive or an assembly reference?)
C:\gh\azure-sdk-for-net\sdk\guestconfiguration\Microsoft.Azure.Management.GuestConfiguration\tests\ScenarioTests\GuestConfigurationTests.cs(189,17): error CS0518: Predefined type 'System.IDisposable' is not defined or imported
C:\gh\azure-sdk-for-net\sdk\guestconfiguration\Microsoft.Azure.Management.GuestConfiguration\tests\ScenarioTests\GuestConfigurationTests.cs(189,46): error CS0518: Predefined type 'System.Object' is not defined or imported
C:\gh\azure-sdk-for-net\sdk\guestconfiguration\Microsoft.Azure.Management.GuestConfiguration\tests\ScenarioTests\GuestConfigurationTests.cs(189,24): error CS1674: 'GuestConfigurationTestBase': type used in a using statement must be implicitly convertible to 'System.IDisposable'.
C:\gh\azure-sdk-for-net\sdk\guestconfiguration\Microsoft.Azure.Management.GuestConfiguration\tests\ScenarioTests\GuestConfigurationTests.cs(192,41): error CS0518: Predefined type 'System.Object' is not defined or imported
C:\gh\azure-sdk-for-net\sdk\guestconfiguration\Microsoft.Azure.Management.GuestConfiguration\tests\ScenarioTests\GuestConfigurationTests.cs(192,91): error CS0518: Predefined type 'System.Object' is not defined or imported
C:\gh\azure-sdk-for-net\sdk\guestconfiguration\Microsoft.Azure.Management.GuestConfiguration\tests\ScenarioTests\GuestConfigurationTests.cs(192,41): error CS0012: The type 'IEnumerable<>' is defined in an assembly that is not referenced. You must add a reference to assembly 'mscorlib, Version=4.0.0.0, Culture=neutral, PublicKeyToken=b77a5c561934e089'.
C:\gh\azure-sdk-for-net\sdk\guestconfiguration\Microsoft.Azure.Management.GuestConfiguration\tests\ScenarioTests\GuestConfigurationTests.cs(196,21): error CS0518: Predefined type 'System.Object' is not defined or imported
C:\gh\azure-sdk-for-net\sdk\guestconfiguration\Microsoft.Azure.Management.GuestConfiguration\tests\ScenarioTests\GuestConfigurationTests.cs(196,21): error CS0103: The name 'Assert' does not exist in the current context
C:\gh\azure-sdk-for-net\sdk\guestconfiguration\Microsoft.Azure.Management.GuestConfiguration\tests\ScenarioTests\GuestConfigurationTests.cs(197,21): error CS0518: Predefined type 'System.Object' is not defined or imported
C:\gh\azure-sdk-for-net\sdk\guestconfiguration\Microsoft.Azure.Management.GuestConfiguration\tests\ScenarioTests\GuestConfigurationTests.cs(197,21): error CS0103: The name 'Assert' does not exist in the current context
C:\gh\azure-sdk-for-net\sdk\guestconfiguration\Microsoft.Azure.Management.GuestConfiguration\tests\ScenarioTests\GuestConfigurationTests.cs(205,13): error CS0518: Predefined type 'System.IDisposable' is not defined or imported
C:\gh\azure-sdk-for-net\sdk\guestconfiguration\Microsoft.Azure.Management.GuestConfiguration\tests\ScenarioTests\GuestConfigurationTests.cs(205,34): error CS0518: Predefined type 'System.Object' is not defined or imported
C:\gh\azure-sdk-for-net\sdk\guestconfiguration\Microsoft.Azure.Management.GuestConfiguration\tests\ScenarioTests\GuestConfigurationTests.cs(205,34): error CS0103: The name 'MockContext' does not exist in the current context
C:\gh\azure-sdk-for-net\sdk\guestconfiguration\Microsoft.Azure.Management.GuestConfiguration\tests\ScenarioTests\GuestConfigurationTests.cs(205,57): error CS0518: Predefined type 'System.Object' is not defined or imported
C:\gh\azure-sdk-for-net\sdk\guestconfiguration\Microsoft.Azure.Management.GuestConfiguration\tests\ScenarioTests\GuestConfigurationTests.cs(205,57): error CS1061: 'AutomationTest' does not contain a definition for 'GetType' and no accessible extension method 'GetType' accepting a first argument of type 'AutomationTest' could be found (are you missing a using directive or an assembly reference?)
C:\gh\azure-sdk-for-net\sdk\guestconfiguration\Microsoft.Azure.Management.GuestConfiguration\tests\ScenarioTests\GuestConfigurationTests.cs(207,17): error CS0518: Predefined type 'System.IDisposable' is not defined or imported
C:\gh\azure-sdk-for-net\sdk\guestconfiguration\Microsoft.Azure.Management.GuestConfiguration\tests\ScenarioTests\GuestConfigurationTests.cs(207,46): error CS0518: Predefined type 'System.Object' is not defined or imported
C:\gh\azure-sdk-for-net\sdk\guestconfiguration\Microsoft.Azure.Management.GuestConfiguration\tests\ScenarioTests\GuestConfigurationTests.cs(207,24): error CS1674: 'GuestConfigurationTestBase': type used in a using statement must be implicitly convertible to 'System.IDisposable'.
C:\gh\azure-sdk-for-net\sdk\guestconfiguration\Microsoft.Azure.Management.GuestConfiguration\tests\ScenarioTests\GuestConfigurationTests.cs(210,45): error CS0518: Predefined type 'System.Object' is not defined or imported
C:\gh\azure-sdk-for-net\sdk\guestconfiguration\Microsoft.Azure.Management.GuestConfiguration\tests\ScenarioTests\GuestConfigurationTests.cs(210,99): error CS0518: Predefined type 'System.Object' is not defined or imported
C:\gh\azure-sdk-for-net\sdk\guestconfiguration\Microsoft.Azure.Management.GuestConfiguration\tests\ScenarioTests\GuestConfigurationTests.cs(210,45): error CS0012: The type 'IEnumerable<>' is defined in an assembly that is not referenced. You must add a reference to assembly 'mscorlib, Version=4.0.0.0, Culture=neutral, PublicKeyToken=b77a5c561934e089'.
C:\gh\azure-sdk-for-net\sdk\guestconfiguration\Microsoft.Azure.Management.GuestConfiguration\tests\ScenarioTests\GuestConfigurationTests.cs(214,21): error CS0518: Predefined type 'System.Object' is not defined or imported
C:\gh\azure-sdk-for-net\sdk\guestconfiguration\Microsoft.Azure.Management.GuestConfiguration\tests\ScenarioTests\GuestConfigurationTests.cs(214,21): error CS0103: The name 'Assert' does not exist in the current context
C:\gh\azure-sdk-for-net\sdk\guestconfiguration\Microsoft.Azure.Management.GuestConfiguration\tests\ScenarioTests\GuestConfigurationTests.cs(215,21): error CS0518: Predefined type 'System.Object' is not defined or imported
C:\gh\azure-sdk-for-net\sdk\guestconfiguration\Microsoft.Azure.Management.GuestConfiguration\tests\ScenarioTests\GuestConfigurationTests.cs(215,21): error CS0103: The name 'Assert' does not exist in the current context
C:\gh\azure-sdk-for-net\sdk\guestconfiguration\Microsoft.Azure.Management.GuestConfiguration\tests\ScenarioTests\GuestConfigurationTests.cs(13,18): error CS1729: 'object' does not contain a constructor that takes 0 arguments
C:\gh\azure-sdk-for-net\sdk\guestconfiguration\Microsoft.Azure.Management.GuestConfiguration\tests\ScenarioTests\GuestConfigurationTests.cs(11,5): hidden CS8019: Unnecessary using directive.
C:\gh\azure-sdk-for-net\sdk\guestconfiguration\Microsoft.Azure.Management.GuestConfiguration\tests\Helpers\RecordedDelegatingHandler.cs(7,5): hidden CS8019: Unnecessary using directive.
C:\gh\azure-sdk-for-net\sdk\guestconfiguration\Microsoft.Azure.Management.GuestConfiguration\tests\Helpers\ResourceGroupHelper.cs(10,5): hidden CS8019: Unnecessary using directive.
C:\gh\azure-sdk-for-net\sdk\guestconfiguration\Microsoft.Azure.Management.GuestConfiguration\tests\Helpers\ResourceGroupHelper.cs(11,5): hidden CS8019: Unnecessary using directive.
C:\gh\azure-sdk-for-net\sdk\guestconfiguration\Microsoft.Azure.Management.GuestConfiguration\tests\TestSupport\GuestConfigurationTestBase.cs(14,1): hidden CS8019: Unnecessary using directive.
C:\gh\azure-sdk-for-net\sdk\guestconfiguration\Microsoft.Azure.Management.GuestConfiguration\tests\Helpers\RecordedDelegatingHandler.cs(6,5): hidden CS8019: Unnecessary using directive.
C:\gh\azure-sdk-for-net\sdk\guestconfiguration\Microsoft.Azure.Management.GuestConfiguration\tests\ScenarioTests\GuestConfigurationTests.cs(10,5): hidden CS8019: Unnecessary using directive.
C:\gh\azure-sdk-for-net\artifacts\obj\Microsoft.Azure.Management.GuestConfiguration.Tests\Debug\netcoreapp2.0\.NETCoreApp,Version=v2.0.AssemblyAttributes.cs(2,1): hidden CS8019: Unnecessary using directive.
C:\gh\azure-sdk-for-net\sdk\guestconfiguration\Microsoft.Azure.Management.GuestConfiguration\tests\TestSupport\GuestConfigurationTestBase.cs(15,1): hidden CS8019: Unnecessary using directive.
C:\gh\azure-sdk-for-net\sdk\guestconfiguration\Microsoft.Azure.Management.GuestConfiguration\tests\TestSupport\GuestConfigurationTestBase.cs(7,1): hidden CS8019: Unnecessary using directive.
C:\gh\azure-sdk-for-net\sdk\guestconfiguration\Microsoft.Azure.Management.GuestConfiguration\tests\TestSupport\GuestConfigurationTestBase.cs(11,1): hidden CS8019: Unnecessary using directive.
C:\gh\azure-sdk-for-net\artifacts\obj\Microsoft.Azure.Management.GuestConfiguration.Tests\Debug\netcoreapp2.0\Microsoft.Azure.Management.GuestConfiguration.Tests.AssemblyInfo.cs(11,1): hidden CS8019: Unnecessary using directive.
C:\gh\azure-sdk-for-net\artifacts\obj\Microsoft.Azure.Management.GuestConfiguration.Tests\Debug\netcoreapp2.0\.NETCoreApp,Version=v2.0.AssemblyAttributes.cs(3,1): hidden CS8019: Unnecessary using directive.
C:\gh\azure-sdk-for-net\sdk\guestconfiguration\Microsoft.Azure.Management.GuestConfiguration\tests\Helpers\RecordedDelegatingHandler.cs(8,5): hidden CS8019: Unnecessary using directive.
C:\gh\azure-sdk-for-net\sdk\guestconfiguration\Microsoft.Azure.Management.GuestConfiguration\tests\TestSupport\GuestConfigurationTestBase.cs(16,1): hidden CS8019: Unnecessary using directive.
C:\gh\azure-sdk-for-net\sdk\guestconfiguration\Microsoft.Azure.Management.GuestConfiguration\tests\TestSupport\GuestConfigurationTestBase.cs(4,1): hidden CS8019: Unnecessary using directive.
C:\gh\azure-sdk-for-net\sdk\guestconfiguration\Microsoft.Azure.Management.GuestConfiguration\tests\TestSupport\GuestConfigurationTestBase.cs(6,1): hidden CS8019: Unnecessary using directive.
C:\gh\azure-sdk-for-net\sdk\guestconfiguration\Microsoft.Azure.Management.GuestConfiguration\tests\Helpers\ResourceGroupHelper.cs(7,5): hidden CS8019: Unnecessary using directive.
C:\gh\azure-sdk-for-net\sdk\guestconfiguration\Microsoft.Azure.Management.GuestConfiguration\tests\TestSupport\GuestConfigurationTestBase.cs(10,1): hidden CS8019: Unnecessary using directive.
C:\gh\azure-sdk-for-net\sdk\guestconfiguration\Microsoft.Azure.Management.GuestConfiguration\tests\TestSupport\GuestConfigurationTestBase.cs(13,1): hidden CS8019: Unnecessary using directive.
C:\gh\azure-sdk-for-net\artifacts\obj\Microsoft.Azure.Management.GuestConfiguration.Tests\Debug\netcoreapp2.0\Microsoft.Azure.Management.GuestConfiguration.Tests.AssemblyInfo.cs(12,1): hidden CS8019: Unnecessary using directive.
C:\gh\azure-sdk-for-net\sdk\guestconfiguration\Microsoft.Azure.Management.GuestConfiguration\tests\Helpers\ResourceGroupHelper.cs(6,5): hidden CS8019: Unnecessary using directive.
C:\gh\azure-sdk-for-net\sdk\guestconfiguration\Microsoft.Azure.Management.GuestConfiguration\tests\TestSupport\GuestConfigurationTestBase.cs(5,1): hidden CS8019: Unnecessary using directive.
C:\gh\azure-sdk-for-net\sdk\guestconfiguration\Microsoft.Azure.Management.GuestConfiguration\tests\Helpers\ResourceGroupHelper.cs(8,5): hidden CS8019: Unnecessary using directive.
C:\gh\azure-sdk-for-net\sdk\guestconfiguration\Microsoft.Azure.Management.GuestConfiguration\tests\TestSupport\GuestConfigurationTestBase.cs(12,1): hidden CS8019: Unnecessary using directive.
C:\gh\azure-sdk-for-net\eng\mgmt\DisableTestRunParallel.cs(5,1): hidden CS8019: Unnecessary using directive.
C:\gh\azure-sdk-for-net\eng\mgmt\DisableTestRunParallel.cs(4,1): hidden CS8019: Unnecessary using directive.
