C:\gh\azure-sdk-for-net\sdk\keyvault\Microsoft.Azure.Management.KeyVault\tests\KeyVaultTestBase.cs(21,23): error CS0518: Predefined type 'System.String' is not defined or imported
C:\gh\azure-sdk-for-net\sdk\keyvault\Microsoft.Azure.Management.KeyVault\tests\KeyVaultTestBase.cs(22,23): error CS0518: Predefined type 'System.String' is not defined or imported
C:\gh\azure-sdk-for-net\sdk\keyvault\Microsoft.Azure.Management.KeyVault\tests\KeyVaultTestBase.cs(23,23): error CS0518: Predefined type 'System.String' is not defined or imported
C:\gh\azure-sdk-for-net\sdk\keyvault\Microsoft.Azure.Management.KeyVault\tests\KeyVaultTestBase.cs(24,23): error CS0518: Predefined type 'System.String' is not defined or imported
C:\gh\azure-sdk-for-net\sdk\keyvault\Microsoft.Azure.Management.KeyVault\tests\KeyVaultTestBase.cs(25,23): error CS0518: Predefined type 'System.String' is not defined or imported
C:\gh\azure-sdk-for-net\sdk\keyvault\Microsoft.Azure.Management.KeyVault\tests\KeyVaultTestBase.cs(19,37): error CS0246: The type or namespace name 'TestBase' could not be found (are you missing a using directive or an assembly reference?)
C:\gh\azure-sdk-for-net\sdk\keyvault\Microsoft.Azure.Management.KeyVault\tests\VaultOperationsTest.cs(575,41): error CS0518: Predefined type 'System.Object' is not defined or imported
C:\gh\azure-sdk-for-net\sdk\keyvault\Microsoft.Azure.Management.KeyVault\tests\VaultOperationsTest.cs(575,41): error CS0246: The type or namespace name 'IList<>' could not be found (are you missing a using directive or an assembly reference?)
C:\gh\azure-sdk-for-net\sdk\keyvault\Microsoft.Azure.Management.KeyVault\tests\VaultOperationsTest.cs(575,47): error CS0518: Predefined type 'System.Object' is not defined or imported
C:\gh\azure-sdk-for-net\sdk\keyvault\Microsoft.Azure.Management.KeyVault\tests\VaultOperationsTest.cs(575,76): error CS0518: Predefined type 'System.Object' is not defined or imported
C:\gh\azure-sdk-for-net\sdk\keyvault\Microsoft.Azure.Management.KeyVault\tests\VaultOperationsTest.cs(575,76): error CS0246: The type or namespace name 'IList<>' could not be found (are you missing a using directive or an assembly reference?)
C:\gh\azure-sdk-for-net\sdk\keyvault\Microsoft.Azure.Management.KeyVault\tests\VaultOperationsTest.cs(575,82): error CS0518: Predefined type 'System.Object' is not defined or imported
C:\gh\azure-sdk-for-net\sdk\keyvault\Microsoft.Azure.Management.KeyVault\tests\VaultOperationsTest.cs(575,23): error CS0518: Predefined type 'System.Boolean' is not defined or imported
C:\gh\azure-sdk-for-net\sdk\keyvault\Microsoft.Azure.Management.KeyVault\tests\VaultOperationsTest.cs(575,36): error CS1110: Cannot define a new extension method because the compiler required type 'System.Runtime.CompilerServices.ExtensionAttribute' cannot be found. Are you missing a reference to System.Core.dll?
C:\gh\azure-sdk-for-net\sdk\keyvault\Microsoft.Azure.Management.KeyVault\tests\KeyVaultTestBase.cs(86,17): error CS0518: Predefined type 'System.Void' is not defined or imported
C:\gh\azure-sdk-for-net\sdk\keyvault\Microsoft.Azure.Management.KeyVault\tests\KeyVaultTestBase.cs(43,33): error CS0518: Predefined type 'System.Object' is not defined or imported
C:\gh\azure-sdk-for-net\sdk\keyvault\Microsoft.Azure.Management.KeyVault\tests\KeyVaultTestBase.cs(43,33): error CS0246: The type or namespace name 'MockContext' could not be found (are you missing a using directive or an assembly reference?)
C:\gh\azure-sdk-for-net\sdk\keyvault\Microsoft.Azure.Management.KeyVault\tests\KeyVaultTestBase.cs(43,9): error CS0518: Predefined type 'System.Void' is not defined or imported
C:\gh\azure-sdk-for-net\sdk\keyvault\Microsoft.Azure.Management.KeyVault\tests\VaultOperationsTest.cs(557,41): error CS0518: Predefined type 'System.Object' is not defined or imported
C:\gh\azure-sdk-for-net\sdk\keyvault\Microsoft.Azure.Management.KeyVault\tests\VaultOperationsTest.cs(557,55): error CS0518: Predefined type 'System.Object' is not defined or imported
C:\gh\azure-sdk-for-net\sdk\keyvault\Microsoft.Azure.Management.KeyVault\tests\VaultOperationsTest.cs(557,23): error CS0518: Predefined type 'System.Boolean' is not defined or imported
C:\gh\azure-sdk-for-net\sdk\keyvault\Microsoft.Azure.Management.KeyVault\tests\VaultOperationsTest.cs(557,36): error CS1110: Cannot define a new extension method because the compiler required type 'System.Runtime.CompilerServices.ExtensionAttribute' cannot be found. Are you missing a reference to System.Core.dll?
C:\gh\azure-sdk-for-net\sdk\keyvault\Microsoft.Azure.Management.KeyVault\tests\VaultOperationsTest.cs(545,41): error CS0518: Predefined type 'System.Object' is not defined or imported
C:\gh\azure-sdk-for-net\sdk\keyvault\Microsoft.Azure.Management.KeyVault\tests\VaultOperationsTest.cs(545,68): error CS0518: Predefined type 'System.Object' is not defined or imported
C:\gh\azure-sdk-for-net\sdk\keyvault\Microsoft.Azure.Management.KeyVault\tests\VaultOperationsTest.cs(545,23): error CS0518: Predefined type 'System.Boolean' is not defined or imported
C:\gh\azure-sdk-for-net\sdk\keyvault\Microsoft.Azure.Management.KeyVault\tests\VaultOperationsTest.cs(545,36): error CS1110: Cannot define a new extension method because the compiler required type 'System.Runtime.CompilerServices.ExtensionAttribute' cannot be found. Are you missing a reference to System.Core.dll?
C:\gh\azure-sdk-for-net\sdk\keyvault\Microsoft.Azure.Management.KeyVault\tests\VaultOperationsTest.cs(519,25): error CS0518: Predefined type 'System.Object' is not defined or imported
C:\gh\azure-sdk-for-net\sdk\keyvault\Microsoft.Azure.Management.KeyVault\tests\KeyVaultTestBase.cs(25,49): error CS0518: Predefined type 'System.String' is not defined or imported
C:\gh\azure-sdk-for-net\sdk\keyvault\Microsoft.Azure.Management.KeyVault\tests\KeyVaultTestBase.cs(24,41): error CS0518: Predefined type 'System.String' is not defined or imported
C:\gh\azure-sdk-for-net\sdk\keyvault\Microsoft.Azure.Management.KeyVault\tests\KeyVaultTestBase.cs(22,44): error CS0518: Predefined type 'System.String' is not defined or imported
C:\gh\azure-sdk-for-net\sdk\keyvault\Microsoft.Azure.Management.KeyVault\tests\KeyVaultTestBase.cs(21,44): error CS0518: Predefined type 'System.String' is not defined or imported
C:\gh\azure-sdk-for-net\sdk\keyvault\Microsoft.Azure.Management.KeyVault\tests\VaultOperationsTest.cs(521,63): error CS0518: Predefined type 'System.Object' is not defined or imported
C:\gh\azure-sdk-for-net\sdk\keyvault\Microsoft.Azure.Management.KeyVault\tests\VaultOperationsTest.cs(521,63): error CS0246: The type or namespace name 'IDictionary<,>' could not be found (are you missing a using directive or an assembly reference?)
C:\gh\azure-sdk-for-net\sdk\keyvault\Microsoft.Azure.Management.KeyVault\tests\VaultOperationsTest.cs(521,96): error CS0518: Predefined type 'System.Object' is not defined or imported
C:\gh\azure-sdk-for-net\sdk\keyvault\Microsoft.Azure.Management.KeyVault\tests\VaultOperationsTest.cs(521,96): error CS0246: The type or namespace name 'IDictionary<,>' could not be found (are you missing a using directive or an assembly reference?)
C:\gh\azure-sdk-for-net\sdk\keyvault\Microsoft.Azure.Management.KeyVault\tests\VaultOperationsTest.cs(521,23): error CS0518: Predefined type 'System.Boolean' is not defined or imported
C:\gh\azure-sdk-for-net\sdk\keyvault\Microsoft.Azure.Management.KeyVault\tests\VaultOperationsTest.cs(521,58): error CS1110: Cannot define a new extension method because the compiler required type 'System.Runtime.CompilerServices.ExtensionAttribute' cannot be found. Are you missing a reference to System.Core.dll?
C:\gh\azure-sdk-for-net\sdk\keyvault\Microsoft.Azure.Management.KeyVault\tests\VaultOperationsTest.cs(527,18): error CS0518: Predefined type 'System.Object' is not defined or imported
C:\gh\azure-sdk-for-net\sdk\keyvault\Microsoft.Azure.Management.KeyVault\tests\VaultOperationsTest.cs(527,18): error CS0246: The type or namespace name 'IDictionary<,>' could not be found (are you missing a using directive or an assembly reference?)
C:\gh\azure-sdk-for-net\sdk\keyvault\Microsoft.Azure.Management.KeyVault\tests\VaultOperationsTest.cs(527,51): error CS0518: Predefined type 'System.Object' is not defined or imported
C:\gh\azure-sdk-for-net\sdk\keyvault\Microsoft.Azure.Management.KeyVault\tests\VaultOperationsTest.cs(527,51): error CS0246: The type or namespace name 'IDictionary<,>' could not be found (are you missing a using directive or an assembly reference?)
C:\gh\azure-sdk-for-net\sdk\keyvault\Microsoft.Azure.Management.KeyVault\tests\VaultOperationsTest.cs(528,13): error CS0518: Predefined type 'System.Object' is not defined or imported
C:\gh\azure-sdk-for-net\sdk\keyvault\Microsoft.Azure.Management.KeyVault\tests\VaultOperationsTest.cs(528,13): error CS0246: The type or namespace name 'IEqualityComparer<>' could not be found (are you missing a using directive or an assembly reference?)
C:\gh\azure-sdk-for-net\sdk\keyvault\Microsoft.Azure.Management.KeyVault\tests\VaultOperationsTest.cs(526,23): error CS0518: Predefined type 'System.Boolean' is not defined or imported
C:\gh\azure-sdk-for-net\sdk\keyvault\Microsoft.Azure.Management.KeyVault\tests\VaultOperationsTest.cs(527,13): error CS1110: Cannot define a new extension method because the compiler required type 'System.Runtime.CompilerServices.ExtensionAttribute' cannot be found. Are you missing a reference to System.Core.dll?
C:\gh\azure-sdk-for-net\sdk\keyvault\Microsoft.Azure.Management.KeyVault\tests\VaultOperationsTest.cs(18,40): error CS0246: The type or namespace name 'TestBase' could not be found (are you missing a using directive or an assembly reference?)
C:\gh\azure-sdk-for-net\sdk\keyvault\Microsoft.Azure.Management.KeyVault\tests\VaultOperationsTest.cs(478,13): error CS0518: Predefined type 'System.Object' is not defined or imported
C:\gh\azure-sdk-for-net\sdk\keyvault\Microsoft.Azure.Management.KeyVault\tests\VaultOperationsTest.cs(479,13): error CS0518: Predefined type 'System.String' is not defined or imported
C:\gh\azure-sdk-for-net\sdk\keyvault\Microsoft.Azure.Management.KeyVault\tests\VaultOperationsTest.cs(480,13): error CS0518: Predefined type 'System.String' is not defined or imported
C:\gh\azure-sdk-for-net\sdk\keyvault\Microsoft.Azure.Management.KeyVault\tests\VaultOperationsTest.cs(481,13): error CS0518: Predefined type 'System.String' is not defined or imported
C:\gh\azure-sdk-for-net\sdk\keyvault\Microsoft.Azure.Management.KeyVault\tests\VaultOperationsTest.cs(482,13): error CS0518: Predefined type 'System.Object' is not defined or imported
C:\gh\azure-sdk-for-net\sdk\keyvault\Microsoft.Azure.Management.KeyVault\tests\VaultOperationsTest.cs(482,13): error CS0246: The type or namespace name 'Guid' could not be found (are you missing a using directive or an assembly reference?)
C:\gh\azure-sdk-for-net\sdk\keyvault\Microsoft.Azure.Management.KeyVault\tests\VaultOperationsTest.cs(483,13): error CS0518: Predefined type 'System.String' is not defined or imported
C:\gh\azure-sdk-for-net\sdk\keyvault\Microsoft.Azure.Management.KeyVault\tests\VaultOperationsTest.cs(484,13): error CS0518: Predefined type 'System.String' is not defined or imported
C:\gh\azure-sdk-for-net\sdk\keyvault\Microsoft.Azure.Management.KeyVault\tests\VaultOperationsTest.cs(485,13): error CS0518: Predefined type 'System.Object' is not defined or imported
C:\gh\azure-sdk-for-net\sdk\keyvault\Microsoft.Azure.Management.KeyVault\tests\VaultOperationsTest.cs(486,13): error CS0518: Predefined type 'System.Boolean' is not defined or imported
C:\gh\azure-sdk-for-net\sdk\keyvault\Microsoft.Azure.Management.KeyVault\tests\VaultOperationsTest.cs(487,13): error CS0518: Predefined type 'System.Boolean' is not defined or imported
C:\gh\azure-sdk-for-net\sdk\keyvault\Microsoft.Azure.Management.KeyVault\tests\VaultOperationsTest.cs(488,13): error CS0518: Predefined type 'System.Boolean' is not defined or imported
C:\gh\azure-sdk-for-net\sdk\keyvault\Microsoft.Azure.Management.KeyVault\tests\VaultOperationsTest.cs(489,13): error CS0518: Predefined type 'System.Boolean' is not defined or imported
C:\gh\azure-sdk-for-net\sdk\keyvault\Microsoft.Azure.Management.KeyVault\tests\VaultOperationsTest.cs(489,13): error CS0518: Predefined type 'System.Nullable`1' is not defined or imported
C:\gh\azure-sdk-for-net\sdk\keyvault\Microsoft.Azure.Management.KeyVault\tests\VaultOperationsTest.cs(490,13): error CS0518: Predefined type 'System.Object' is not defined or imported
C:\gh\azure-sdk-for-net\sdk\keyvault\Microsoft.Azure.Management.KeyVault\tests\VaultOperationsTest.cs(491,13): error CS0518: Predefined type 'System.Object' is not defined or imported
C:\gh\azure-sdk-for-net\sdk\keyvault\Microsoft.Azure.Management.KeyVault\tests\VaultOperationsTest.cs(492,13): error CS0518: Predefined type 'System.Object' is not defined or imported
C:\gh\azure-sdk-for-net\sdk\keyvault\Microsoft.Azure.Management.KeyVault\tests\VaultOperationsTest.cs(492,13): error CS0246: The type or namespace name 'Dictionary<,>' could not be found (are you missing a using directive or an assembly reference?)
C:\gh\azure-sdk-for-net\sdk\keyvault\Microsoft.Azure.Management.KeyVault\tests\VaultOperationsTest.cs(492,24): error CS0518: Predefined type 'System.String' is not defined or imported
C:\gh\azure-sdk-for-net\sdk\keyvault\Microsoft.Azure.Management.KeyVault\tests\VaultOperationsTest.cs(492,32): error CS0518: Predefined type 'System.String' is not defined or imported
C:\gh\azure-sdk-for-net\sdk\keyvault\Microsoft.Azure.Management.KeyVault\tests\VaultOperationsTest.cs(477,17): error CS0518: Predefined type 'System.Void' is not defined or imported
C:\gh\azure-sdk-for-net\sdk\keyvault\Microsoft.Azure.Management.KeyVault\tests\VaultOperationsTest.cs(443,13): error CS0518: Predefined type 'System.Object' is not defined or imported
C:\gh\azure-sdk-for-net\sdk\keyvault\Microsoft.Azure.Management.KeyVault\tests\VaultOperationsTest.cs(444,13): error CS0518: Predefined type 'System.String' is not defined or imported
C:\gh\azure-sdk-for-net\sdk\keyvault\Microsoft.Azure.Management.KeyVault\tests\VaultOperationsTest.cs(445,13): error CS0518: Predefined type 'System.String' is not defined or imported
C:\gh\azure-sdk-for-net\sdk\keyvault\Microsoft.Azure.Management.KeyVault\tests\VaultOperationsTest.cs(446,13): error CS0518: Predefined type 'System.String' is not defined or imported
C:\gh\azure-sdk-for-net\sdk\keyvault\Microsoft.Azure.Management.KeyVault\tests\VaultOperationsTest.cs(447,13): error CS0518: Predefined type 'System.Object' is not defined or imported
C:\gh\azure-sdk-for-net\sdk\keyvault\Microsoft.Azure.Management.KeyVault\tests\VaultOperationsTest.cs(447,13): error CS0246: The type or namespace name 'Guid' could not be found (are you missing a using directive or an assembly reference?)
C:\gh\azure-sdk-for-net\sdk\keyvault\Microsoft.Azure.Management.KeyVault\tests\VaultOperationsTest.cs(448,13): error CS0518: Predefined type 'System.String' is not defined or imported
C:\gh\azure-sdk-for-net\sdk\keyvault\Microsoft.Azure.Management.KeyVault\tests\VaultOperationsTest.cs(449,13): error CS0518: Predefined type 'System.String' is not defined or imported
C:\gh\azure-sdk-for-net\sdk\keyvault\Microsoft.Azure.Management.KeyVault\tests\VaultOperationsTest.cs(450,13): error CS0518: Predefined type 'System.Object' is not defined or imported
C:\gh\azure-sdk-for-net\sdk\keyvault\Microsoft.Azure.Management.KeyVault\tests\VaultOperationsTest.cs(451,13): error CS0518: Predefined type 'System.Boolean' is not defined or imported
C:\gh\azure-sdk-for-net\sdk\keyvault\Microsoft.Azure.Management.KeyVault\tests\VaultOperationsTest.cs(452,13): error CS0518: Predefined type 'System.Boolean' is not defined or imported
C:\gh\azure-sdk-for-net\sdk\keyvault\Microsoft.Azure.Management.KeyVault\tests\VaultOperationsTest.cs(453,13): error CS0518: Predefined type 'System.Boolean' is not defined or imported
C:\gh\azure-sdk-for-net\sdk\keyvault\Microsoft.Azure.Management.KeyVault\tests\VaultOperationsTest.cs(454,13): error CS0518: Predefined type 'System.Boolean' is not defined or imported
C:\gh\azure-sdk-for-net\sdk\keyvault\Microsoft.Azure.Management.KeyVault\tests\VaultOperationsTest.cs(454,13): error CS0518: Predefined type 'System.Nullable`1' is not defined or imported
C:\gh\azure-sdk-for-net\sdk\keyvault\Microsoft.Azure.Management.KeyVault\tests\VaultOperationsTest.cs(455,13): error CS0518: Predefined type 'System.Object' is not defined or imported
C:\gh\azure-sdk-for-net\sdk\keyvault\Microsoft.Azure.Management.KeyVault\tests\VaultOperationsTest.cs(456,13): error CS0518: Predefined type 'System.Object' is not defined or imported
C:\gh\azure-sdk-for-net\sdk\keyvault\Microsoft.Azure.Management.KeyVault\tests\VaultOperationsTest.cs(456,13): error CS0246: The type or namespace name 'Dictionary<,>' could not be found (are you missing a using directive or an assembly reference?)
C:\gh\azure-sdk-for-net\sdk\keyvault\Microsoft.Azure.Management.KeyVault\tests\VaultOperationsTest.cs(456,24): error CS0518: Predefined type 'System.String' is not defined or imported
C:\gh\azure-sdk-for-net\sdk\keyvault\Microsoft.Azure.Management.KeyVault\tests\VaultOperationsTest.cs(456,32): error CS0518: Predefined type 'System.String' is not defined or imported
C:\gh\azure-sdk-for-net\sdk\keyvault\Microsoft.Azure.Management.KeyVault\tests\VaultOperationsTest.cs(442,17): error CS0518: Predefined type 'System.Void' is not defined or imported
C:\gh\azure-sdk-for-net\sdk\keyvault\Microsoft.Azure.Management.KeyVault\tests\VaultOperationsTest.cs(370,16): error CS0518: Predefined type 'System.Void' is not defined or imported
C:\gh\azure-sdk-for-net\sdk\keyvault\Microsoft.Azure.Management.KeyVault\tests\VaultOperationsTest.cs(286,16): error CS0518: Predefined type 'System.Void' is not defined or imported
C:\gh\azure-sdk-for-net\sdk\keyvault\Microsoft.Azure.Management.KeyVault\tests\VaultOperationsTest.cs(224,16): error CS0518: Predefined type 'System.Void' is not defined or imported
C:\gh\azure-sdk-for-net\sdk\keyvault\Microsoft.Azure.Management.KeyVault\tests\VaultOperationsTest.cs(154,16): error CS0518: Predefined type 'System.Void' is not defined or imported
C:\gh\azure-sdk-for-net\sdk\keyvault\Microsoft.Azure.Management.KeyVault\tests\VaultOperationsTest.cs(125,16): error CS0518: Predefined type 'System.Void' is not defined or imported
C:\gh\azure-sdk-for-net\sdk\keyvault\Microsoft.Azure.Management.KeyVault\tests\VaultOperationsTest.cs(21,16): error CS0518: Predefined type 'System.Void' is not defined or imported
C:\gh\azure-sdk-for-net\eng\mgmt\DisableTestRunParallel.cs(7,12): error CS0246: The type or namespace name 'CollectionBehaviorAttribute' could not be found (are you missing a using directive or an assembly reference?)
C:\gh\azure-sdk-for-net\eng\mgmt\DisableTestRunParallel.cs(7,12): error CS0246: The type or namespace name 'CollectionBehavior' could not be found (are you missing a using directive or an assembly reference?)
C:\gh\azure-sdk-for-net\artifacts\obj\Microsoft.Azure.Management.KeyVault.Tests\Debug\netcoreapp2.0\.NETCoreApp,Version=v2.0.AssemblyAttributes.cs(4,20): error CS0400: The type or namespace name 'System' could not be found in the global namespace (are you missing an assembly reference?)
C:\gh\azure-sdk-for-net\artifacts\obj\Microsoft.Azure.Management.KeyVault.Tests\Debug\netcoreapp2.0\Microsoft.Azure.Management.KeyVault.Tests.AssemblyInfo.cs(14,12): error CS0246: The type or namespace name 'System' could not be found (are you missing a using directive or an assembly reference?)
C:\gh\azure-sdk-for-net\artifacts\obj\Microsoft.Azure.Management.KeyVault.Tests\Debug\netcoreapp2.0\Microsoft.Azure.Management.KeyVault.Tests.AssemblyInfo.cs(15,12): error CS0246: The type or namespace name 'System' could not be found (are you missing a using directive or an assembly reference?)
C:\gh\azure-sdk-for-net\artifacts\obj\Microsoft.Azure.Management.KeyVault.Tests\Debug\netcoreapp2.0\Microsoft.Azure.Management.KeyVault.Tests.AssemblyInfo.cs(16,12): error CS0246: The type or namespace name 'System' could not be found (are you missing a using directive or an assembly reference?)
C:\gh\azure-sdk-for-net\eng\mgmt\DisableTestRunParallel.cs(7,31): error CS0246: The type or namespace name 'DisableTestParallelization' could not be found (are you missing a using directive or an assembly reference?)
C:\gh\azure-sdk-for-net\eng\mgmt\DisableTestRunParallel.cs(7,60): error CS0518: Predefined type 'System.Boolean' is not defined or imported
C:\gh\azure-sdk-for-net\eng\mgmt\DisableTestRunParallel.cs(7,66): error CS0246: The type or namespace name 'MaxParallelThreads' could not be found (are you missing a using directive or an assembly reference?)
C:\gh\azure-sdk-for-net\eng\mgmt\DisableTestRunParallel.cs(7,87): error CS0518: Predefined type 'System.Int32' is not defined or imported
C:\gh\azure-sdk-for-net\artifacts\obj\Microsoft.Azure.Management.KeyVault.Tests\Debug\netcoreapp2.0\.NETCoreApp,Version=v2.0.AssemblyAttributes.cs(4,71): error CS0518: Predefined type 'System.String' is not defined or imported
C:\gh\azure-sdk-for-net\artifacts\obj\Microsoft.Azure.Management.KeyVault.Tests\Debug\netcoreapp2.0\.NETCoreApp,Version=v2.0.AssemblyAttributes.cs(4,99): error CS0246: The type or namespace name 'FrameworkDisplayName' could not be found (are you missing a using directive or an assembly reference?)
C:\gh\azure-sdk-for-net\artifacts\obj\Microsoft.Azure.Management.KeyVault.Tests\Debug\netcoreapp2.0\.NETCoreApp,Version=v2.0.AssemblyAttributes.cs(4,122): error CS0518: Predefined type 'System.String' is not defined or imported
C:\gh\azure-sdk-for-net\artifacts\obj\Microsoft.Azure.Management.KeyVault.Tests\Debug\netcoreapp2.0\Microsoft.Azure.Management.KeyVault.Tests.AssemblyInfo.cs(14,56): error CS0518: Predefined type 'System.String' is not defined or imported
C:\gh\azure-sdk-for-net\artifacts\obj\Microsoft.Azure.Management.KeyVault.Tests\Debug\netcoreapp2.0\Microsoft.Azure.Management.KeyVault.Tests.AssemblyInfo.cs(14,70): error CS0518: Predefined type 'System.String' is not defined or imported
C:\gh\azure-sdk-for-net\artifacts\obj\Microsoft.Azure.Management.KeyVault.Tests\Debug\netcoreapp2.0\Microsoft.Azure.Management.KeyVault.Tests.AssemblyInfo.cs(15,68): error CS0518: Predefined type 'System.String' is not defined or imported
C:\gh\azure-sdk-for-net\artifacts\obj\Microsoft.Azure.Management.KeyVault.Tests\Debug\netcoreapp2.0\Microsoft.Azure.Management.KeyVault.Tests.AssemblyInfo.cs(16,56): error CS0518: Predefined type 'System.String' is not defined or imported
C:\gh\azure-sdk-for-net\artifacts\obj\Microsoft.Azure.Management.KeyVault.Tests\Debug\netcoreapp2.0\Microsoft.Azure.Management.KeyVault.Tests.AssemblyInfo.cs(16,73): error CS0518: Predefined type 'System.String' is not defined or imported
C:\gh\azure-sdk-for-net\sdk\keyvault\Microsoft.Azure.Management.KeyVault\tests\KeyVaultTestBase.cs(6,7): error CS0246: The type or namespace name 'System' could not be found (are you missing a using directive or an assembly reference?)
C:\gh\azure-sdk-for-net\sdk\keyvault\Microsoft.Azure.Management.KeyVault\tests\KeyVaultTestBase.cs(7,7): error CS0246: The type or namespace name 'System' could not be found (are you missing a using directive or an assembly reference?)
C:\gh\azure-sdk-for-net\sdk\keyvault\Microsoft.Azure.Management.KeyVault\tests\KeyVaultTestBase.cs(8,23): error CS0234: The type or namespace name 'Graph' does not exist in the namespace 'Microsoft.Azure' (are you missing an assembly reference?)
C:\gh\azure-sdk-for-net\sdk\keyvault\Microsoft.Azure.Management.KeyVault\tests\KeyVaultTestBase.cs(10,34): error CS0234: The type or namespace name 'ResourceManager' does not exist in the namespace 'Microsoft.Azure.Management' (are you missing an assembly reference?)
C:\gh\azure-sdk-for-net\sdk\keyvault\Microsoft.Azure.Management.KeyVault\tests\KeyVaultTestBase.cs(11,23): error CS0234: The type or namespace name 'Test' does not exist in the namespace 'Microsoft.Azure' (are you missing an assembly reference?)
C:\gh\azure-sdk-for-net\sdk\keyvault\Microsoft.Azure.Management.KeyVault\tests\KeyVaultTestBase.cs(12,17): error CS0234: The type or namespace name 'Rest' does not exist in the namespace 'Microsoft' (are you missing an assembly reference?)
C:\gh\azure-sdk-for-net\sdk\keyvault\Microsoft.Azure.Management.KeyVault\tests\KeyVaultTestBase.cs(14,7): error CS0246: The type or namespace name 'System' could not be found (are you missing a using directive or an assembly reference?)
C:\gh\azure-sdk-for-net\sdk\keyvault\Microsoft.Azure.Management.KeyVault\tests\KeyVaultTestBase.cs(15,34): error CS0234: The type or namespace name 'ResourceManager' does not exist in the namespace 'Microsoft.Azure.Management' (are you missing an assembly reference?)
C:\gh\azure-sdk-for-net\sdk\keyvault\Microsoft.Azure.Management.KeyVault\tests\VaultOperationsTest.cs(8,34): error CS0234: The type or namespace name 'ResourceManager' does not exist in the namespace 'Microsoft.Azure.Management' (are you missing an assembly reference?)
C:\gh\azure-sdk-for-net\sdk\keyvault\Microsoft.Azure.Management.KeyVault\tests\VaultOperationsTest.cs(9,17): error CS0234: The type or namespace name 'Rest' does not exist in the namespace 'Microsoft' (are you missing an assembly reference?)
C:\gh\azure-sdk-for-net\sdk\keyvault\Microsoft.Azure.Management.KeyVault\tests\VaultOperationsTest.cs(10,17): error CS0234: The type or namespace name 'Rest' does not exist in the namespace 'Microsoft' (are you missing an assembly reference?)
C:\gh\azure-sdk-for-net\sdk\keyvault\Microsoft.Azure.Management.KeyVault\tests\VaultOperationsTest.cs(11,7): error CS0246: The type or namespace name 'System' could not be found (are you missing a using directive or an assembly reference?)
C:\gh\azure-sdk-for-net\sdk\keyvault\Microsoft.Azure.Management.KeyVault\tests\VaultOperationsTest.cs(12,7): error CS0246: The type or namespace name 'System' could not be found (are you missing a using directive or an assembly reference?)
C:\gh\azure-sdk-for-net\sdk\keyvault\Microsoft.Azure.Management.KeyVault\tests\VaultOperationsTest.cs(13,7): error CS0246: The type or namespace name 'System' could not be found (are you missing a using directive or an assembly reference?)
C:\gh\azure-sdk-for-net\sdk\keyvault\Microsoft.Azure.Management.KeyVault\tests\VaultOperationsTest.cs(14,7): error CS0246: The type or namespace name 'Xunit' could not be found (are you missing a using directive or an assembly reference?)
C:\gh\azure-sdk-for-net\eng\mgmt\DisableTestRunParallel.cs(4,7): error CS0246: The type or namespace name 'System' could not be found (are you missing a using directive or an assembly reference?)
C:\gh\azure-sdk-for-net\eng\mgmt\DisableTestRunParallel.cs(5,7): error CS0246: The type or namespace name 'Xunit' could not be found (are you missing a using directive or an assembly reference?)
C:\gh\azure-sdk-for-net\artifacts\obj\Microsoft.Azure.Management.KeyVault.Tests\Debug\netcoreapp2.0\.NETCoreApp,Version=v2.0.AssemblyAttributes.cs(2,7): error CS0246: The type or namespace name 'System' could not be found (are you missing a using directive or an assembly reference?)
C:\gh\azure-sdk-for-net\artifacts\obj\Microsoft.Azure.Management.KeyVault.Tests\Debug\netcoreapp2.0\.NETCoreApp,Version=v2.0.AssemblyAttributes.cs(3,7): error CS0246: The type or namespace name 'System' could not be found (are you missing a using directive or an assembly reference?)
C:\gh\azure-sdk-for-net\artifacts\obj\Microsoft.Azure.Management.KeyVault.Tests\Debug\netcoreapp2.0\Microsoft.Azure.Management.KeyVault.Tests.AssemblyInfo.cs(11,7): error CS0246: The type or namespace name 'System' could not be found (are you missing a using directive or an assembly reference?)
C:\gh\azure-sdk-for-net\artifacts\obj\Microsoft.Azure.Management.KeyVault.Tests\Debug\netcoreapp2.0\Microsoft.Azure.Management.KeyVault.Tests.AssemblyInfo.cs(12,7): error CS0246: The type or namespace name 'System' could not be found (are you missing a using directive or an assembly reference?)
C:\gh\azure-sdk-for-net\sdk\keyvault\Microsoft.Azure.Management.KeyVault\tests\VaultOperationsTest.cs(20,10): error CS0518: Predefined type 'System.Object' is not defined or imported
C:\gh\azure-sdk-for-net\sdk\keyvault\Microsoft.Azure.Management.KeyVault\tests\VaultOperationsTest.cs(20,10): error CS0246: The type or namespace name 'FactAttribute' could not be found (are you missing a using directive or an assembly reference?)
C:\gh\azure-sdk-for-net\sdk\keyvault\Microsoft.Azure.Management.KeyVault\tests\VaultOperationsTest.cs(20,10): error CS0246: The type or namespace name 'Fact' could not be found (are you missing a using directive or an assembly reference?)
C:\gh\azure-sdk-for-net\sdk\keyvault\Microsoft.Azure.Management.KeyVault\tests\VaultOperationsTest.cs(124,10): error CS0518: Predefined type 'System.Object' is not defined or imported
C:\gh\azure-sdk-for-net\sdk\keyvault\Microsoft.Azure.Management.KeyVault\tests\VaultOperationsTest.cs(124,10): error CS0246: The type or namespace name 'FactAttribute' could not be found (are you missing a using directive or an assembly reference?)
C:\gh\azure-sdk-for-net\sdk\keyvault\Microsoft.Azure.Management.KeyVault\tests\VaultOperationsTest.cs(124,10): error CS0246: The type or namespace name 'Fact' could not be found (are you missing a using directive or an assembly reference?)
C:\gh\azure-sdk-for-net\sdk\keyvault\Microsoft.Azure.Management.KeyVault\tests\VaultOperationsTest.cs(153,10): error CS0518: Predefined type 'System.Object' is not defined or imported
C:\gh\azure-sdk-for-net\sdk\keyvault\Microsoft.Azure.Management.KeyVault\tests\VaultOperationsTest.cs(153,10): error CS0246: The type or namespace name 'FactAttribute' could not be found (are you missing a using directive or an assembly reference?)
C:\gh\azure-sdk-for-net\sdk\keyvault\Microsoft.Azure.Management.KeyVault\tests\VaultOperationsTest.cs(153,10): error CS0246: The type or namespace name 'Fact' could not be found (are you missing a using directive or an assembly reference?)
C:\gh\azure-sdk-for-net\sdk\keyvault\Microsoft.Azure.Management.KeyVault\tests\VaultOperationsTest.cs(223,10): error CS0518: Predefined type 'System.Object' is not defined or imported
C:\gh\azure-sdk-for-net\sdk\keyvault\Microsoft.Azure.Management.KeyVault\tests\VaultOperationsTest.cs(223,10): error CS0246: The type or namespace name 'FactAttribute' could not be found (are you missing a using directive or an assembly reference?)
C:\gh\azure-sdk-for-net\sdk\keyvault\Microsoft.Azure.Management.KeyVault\tests\VaultOperationsTest.cs(223,10): error CS0246: The type or namespace name 'Fact' could not be found (are you missing a using directive or an assembly reference?)
C:\gh\azure-sdk-for-net\sdk\keyvault\Microsoft.Azure.Management.KeyVault\tests\KeyVaultTestBase.cs(27,39): error CS0518: Predefined type 'System.Void' is not defined or imported
C:\gh\azure-sdk-for-net\sdk\keyvault\Microsoft.Azure.Management.KeyVault\tests\VaultOperationsTest.cs(285,10): error CS0518: Predefined type 'System.Object' is not defined or imported
C:\gh\azure-sdk-for-net\sdk\keyvault\Microsoft.Azure.Management.KeyVault\tests\VaultOperationsTest.cs(285,10): error CS0246: The type or namespace name 'FactAttribute' could not be found (are you missing a using directive or an assembly reference?)
C:\gh\azure-sdk-for-net\sdk\keyvault\Microsoft.Azure.Management.KeyVault\tests\VaultOperationsTest.cs(285,10): error CS0246: The type or namespace name 'Fact' could not be found (are you missing a using directive or an assembly reference?)
C:\gh\azure-sdk-for-net\sdk\keyvault\Microsoft.Azure.Management.KeyVault\tests\VaultOperationsTest.cs(369,10): error CS0518: Predefined type 'System.Object' is not defined or imported
C:\gh\azure-sdk-for-net\sdk\keyvault\Microsoft.Azure.Management.KeyVault\tests\VaultOperationsTest.cs(369,10): error CS0246: The type or namespace name 'FactAttribute' could not be found (are you missing a using directive or an assembly reference?)
C:\gh\azure-sdk-for-net\sdk\keyvault\Microsoft.Azure.Management.KeyVault\tests\VaultOperationsTest.cs(369,10): error CS0246: The type or namespace name 'Fact' could not be found (are you missing a using directive or an assembly reference?)
C:\gh\azure-sdk-for-net\sdk\keyvault\Microsoft.Azure.Management.KeyVault\tests\KeyVaultTestBase.cs(28,39): error CS0518: Predefined type 'System.Void' is not defined or imported
C:\gh\azure-sdk-for-net\sdk\keyvault\Microsoft.Azure.Management.KeyVault\tests\KeyVaultTestBase.cs(29,44): error CS0518: Predefined type 'System.Void' is not defined or imported
C:\gh\azure-sdk-for-net\sdk\keyvault\Microsoft.Azure.Management.KeyVault\tests\KeyVaultTestBase.cs(30,39): error CS0518: Predefined type 'System.Void' is not defined or imported
C:\gh\azure-sdk-for-net\sdk\keyvault\Microsoft.Azure.Management.KeyVault\tests\KeyVaultTestBase.cs(31,45): error CS0518: Predefined type 'System.Void' is not defined or imported
C:\gh\azure-sdk-for-net\sdk\keyvault\Microsoft.Azure.Management.KeyVault\tests\KeyVaultTestBase.cs(33,55): error CS0518: Predefined type 'System.Void' is not defined or imported
C:\gh\azure-sdk-for-net\sdk\keyvault\Microsoft.Azure.Management.KeyVault\tests\KeyVaultTestBase.cs(34,64): error CS0518: Predefined type 'System.Void' is not defined or imported
C:\gh\azure-sdk-for-net\sdk\keyvault\Microsoft.Azure.Management.KeyVault\tests\KeyVaultTestBase.cs(35,48): error CS0518: Predefined type 'System.Void' is not defined or imported
C:\gh\azure-sdk-for-net\sdk\keyvault\Microsoft.Azure.Management.KeyVault\tests\KeyVaultTestBase.cs(36,43): error CS0518: Predefined type 'System.Void' is not defined or imported
C:\gh\azure-sdk-for-net\sdk\keyvault\Microsoft.Azure.Management.KeyVault\tests\KeyVaultTestBase.cs(37,37): error CS0518: Predefined type 'System.Void' is not defined or imported
C:\gh\azure-sdk-for-net\sdk\keyvault\Microsoft.Azure.Management.KeyVault\tests\KeyVaultTestBase.cs(38,55): error CS0518: Predefined type 'System.Void' is not defined or imported
C:\gh\azure-sdk-for-net\sdk\keyvault\Microsoft.Azure.Management.KeyVault\tests\KeyVaultTestBase.cs(39,41): error CS0518: Predefined type 'System.Void' is not defined or imported
C:\gh\azure-sdk-for-net\sdk\keyvault\Microsoft.Azure.Management.KeyVault\tests\KeyVaultTestBase.cs(40,40): error CS0518: Predefined type 'System.Void' is not defined or imported
C:\gh\azure-sdk-for-net\sdk\keyvault\Microsoft.Azure.Management.KeyVault\tests\KeyVaultTestBase.cs(41,55): error CS0518: Predefined type 'System.Void' is not defined or imported
C:\gh\azure-sdk-for-net\sdk\keyvault\Microsoft.Azure.Management.KeyVault\tests\KeyVaultTestBase.cs(23,44): error CS0518: Predefined type 'System.String' is not defined or imported
C:\gh\azure-sdk-for-net\sdk\keyvault\Microsoft.Azure.Management.KeyVault\tests\KeyVaultTestBase.cs(27,16): error CS0518: Predefined type 'System.String' is not defined or imported
C:\gh\azure-sdk-for-net\sdk\keyvault\Microsoft.Azure.Management.KeyVault\tests\KeyVaultTestBase.cs(28,16): error CS0518: Predefined type 'System.String' is not defined or imported
C:\gh\azure-sdk-for-net\sdk\keyvault\Microsoft.Azure.Management.KeyVault\tests\KeyVaultTestBase.cs(29,16): error CS0518: Predefined type 'System.String' is not defined or imported
C:\gh\azure-sdk-for-net\sdk\keyvault\Microsoft.Azure.Management.KeyVault\tests\KeyVaultTestBase.cs(30,16): error CS0518: Predefined type 'System.String' is not defined or imported
C:\gh\azure-sdk-for-net\sdk\keyvault\Microsoft.Azure.Management.KeyVault\tests\KeyVaultTestBase.cs(31,16): error CS0518: Predefined type 'System.String' is not defined or imported
C:\gh\azure-sdk-for-net\sdk\keyvault\Microsoft.Azure.Management.KeyVault\tests\KeyVaultTestBase.cs(33,16): error CS0518: Predefined type 'System.Object' is not defined or imported
C:\gh\azure-sdk-for-net\sdk\keyvault\Microsoft.Azure.Management.KeyVault\tests\KeyVaultTestBase.cs(34,16): error CS0518: Predefined type 'System.Object' is not defined or imported
C:\gh\azure-sdk-for-net\sdk\keyvault\Microsoft.Azure.Management.KeyVault\tests\KeyVaultTestBase.cs(34,16): error CS0246: The type or namespace name 'ResourceManagementClient' could not be found (are you missing a using directive or an assembly reference?)
C:\gh\azure-sdk-for-net\sdk\keyvault\Microsoft.Azure.Management.KeyVault\tests\KeyVaultTestBase.cs(35,16): error CS0518: Predefined type 'System.Object' is not defined or imported
C:\gh\azure-sdk-for-net\sdk\keyvault\Microsoft.Azure.Management.KeyVault\tests\KeyVaultTestBase.cs(36,16): error CS0518: Predefined type 'System.String' is not defined or imported
C:\gh\azure-sdk-for-net\sdk\keyvault\Microsoft.Azure.Management.KeyVault\tests\KeyVaultTestBase.cs(37,16): error CS0518: Predefined type 'System.String' is not defined or imported
C:\gh\azure-sdk-for-net\sdk\keyvault\Microsoft.Azure.Management.KeyVault\tests\KeyVaultTestBase.cs(38,16): error CS0518: Predefined type 'System.Object' is not defined or imported
C:\gh\azure-sdk-for-net\sdk\keyvault\Microsoft.Azure.Management.KeyVault\tests\KeyVaultTestBase.cs(38,16): error CS0246: The type or namespace name 'Dictionary<,>' could not be found (are you missing a using directive or an assembly reference?)
C:\gh\azure-sdk-for-net\sdk\keyvault\Microsoft.Azure.Management.KeyVault\tests\KeyVaultTestBase.cs(38,27): error CS0518: Predefined type 'System.String' is not defined or imported
C:\gh\azure-sdk-for-net\sdk\keyvault\Microsoft.Azure.Management.KeyVault\tests\KeyVaultTestBase.cs(38,35): error CS0518: Predefined type 'System.String' is not defined or imported
C:\gh\azure-sdk-for-net\sdk\keyvault\Microsoft.Azure.Management.KeyVault\tests\KeyVaultTestBase.cs(39,16): error CS0518: Predefined type 'System.Object' is not defined or imported
C:\gh\azure-sdk-for-net\sdk\keyvault\Microsoft.Azure.Management.KeyVault\tests\KeyVaultTestBase.cs(39,16): error CS0246: The type or namespace name 'Guid' could not be found (are you missing a using directive or an assembly reference?)
C:\gh\azure-sdk-for-net\sdk\keyvault\Microsoft.Azure.Management.KeyVault\tests\KeyVaultTestBase.cs(40,16): error CS0518: Predefined type 'System.String' is not defined or imported
C:\gh\azure-sdk-for-net\sdk\keyvault\Microsoft.Azure.Management.KeyVault\tests\KeyVaultTestBase.cs(41,16): error CS0518: Predefined type 'System.Object' is not defined or imported
C:\gh\azure-sdk-for-net\sdk\keyvault\Microsoft.Azure.Management.KeyVault\tests\VaultOperationsTest.cs(530,17): error CS0518: Predefined type 'System.Boolean' is not defined or imported
C:\gh\azure-sdk-for-net\sdk\keyvault\Microsoft.Azure.Management.KeyVault\tests\VaultOperationsTest.cs(530,17): error CS0518: Predefined type 'System.Boolean' is not defined or imported
C:\gh\azure-sdk-for-net\sdk\keyvault\Microsoft.Azure.Management.KeyVault\tests\VaultOperationsTest.cs(530,41): error CS0518: Predefined type 'System.Boolean' is not defined or imported
C:\gh\azure-sdk-for-net\sdk\keyvault\Microsoft.Azure.Management.KeyVault\tests\VaultOperationsTest.cs(531,18): error CS0518: Predefined type 'System.Boolean' is not defined or imported
C:\gh\azure-sdk-for-net\sdk\keyvault\Microsoft.Azure.Management.KeyVault\tests\VaultOperationsTest.cs(531,37): error CS0518: Predefined type 'System.Boolean' is not defined or imported
C:\gh\azure-sdk-for-net\sdk\keyvault\Microsoft.Azure.Management.KeyVault\tests\VaultOperationsTest.cs(531,17): error CS0518: Predefined type 'System.Boolean' is not defined or imported
C:\gh\azure-sdk-for-net\sdk\keyvault\Microsoft.Azure.Management.KeyVault\tests\VaultOperationsTest.cs(531,61): error CS0518: Predefined type 'System.Boolean' is not defined or imported
C:\gh\azure-sdk-for-net\sdk\keyvault\Microsoft.Azure.Management.KeyVault\tests\VaultOperationsTest.cs(532,17): error CS0518: Predefined type 'System.Boolean' is not defined or imported
C:\gh\azure-sdk-for-net\sdk\keyvault\Microsoft.Azure.Management.KeyVault\tests\VaultOperationsTest.cs(532,17): error CS0518: Predefined type 'System.Boolean' is not defined or imported
C:\gh\azure-sdk-for-net\sdk\keyvault\Microsoft.Azure.Management.KeyVault\tests\VaultOperationsTest.cs(532,53): error CS0518: Predefined type 'System.Boolean' is not defined or imported
C:\gh\azure-sdk-for-net\sdk\keyvault\Microsoft.Azure.Management.KeyVault\tests\VaultOperationsTest.cs(534,46): error CS0518: Predefined type 'System.Object' is not defined or imported
C:\gh\azure-sdk-for-net\sdk\keyvault\Microsoft.Azure.Management.KeyVault\tests\VaultOperationsTest.cs(534,46): error CS0103: The name 'EqualityComparer' does not exist in the current context
C:\gh\azure-sdk-for-net\sdk\keyvault\Microsoft.Azure.Management.KeyVault\tests\VaultOperationsTest.cs(539,21): error CS0518: Predefined type 'System.Boolean' is not defined or imported
C:\gh\azure-sdk-for-net\sdk\keyvault\Microsoft.Azure.Management.KeyVault\tests\VaultOperationsTest.cs(539,75): error CS0518: Predefined type 'System.Boolean' is not defined or imported
C:\gh\azure-sdk-for-net\sdk\keyvault\Microsoft.Azure.Management.KeyVault\tests\VaultOperationsTest.cs(540,21): error CS0518: Predefined type 'System.Boolean' is not defined or imported
C:\gh\azure-sdk-for-net\sdk\keyvault\Microsoft.Azure.Management.KeyVault\tests\VaultOperationsTest.cs(540,75): error CS0518: Predefined type 'System.Boolean' is not defined or imported
C:\gh\azure-sdk-for-net\sdk\keyvault\Microsoft.Azure.Management.KeyVault\tests\VaultOperationsTest.cs(542,20): error CS0518: Predefined type 'System.Boolean' is not defined or imported
C:\gh\azure-sdk-for-net\sdk\keyvault\Microsoft.Azure.Management.KeyVault\tests\KeyVaultTestBase.cs(45,27): error CS0518: Predefined type 'System.Object' is not defined or imported
C:\gh\azure-sdk-for-net\sdk\keyvault\Microsoft.Azure.Management.KeyVault\tests\KeyVaultTestBase.cs(45,27): error CS0103: The name 'TestEnvironmentFactory' does not exist in the current context
C:\gh\azure-sdk-for-net\sdk\keyvault\Microsoft.Azure.Management.KeyVault\tests\KeyVaultTestBase.cs(47,52): error CS0518: Predefined type 'System.Object' is not defined or imported
C:\gh\azure-sdk-for-net\sdk\keyvault\Microsoft.Azure.Management.KeyVault\tests\KeyVaultTestBase.cs(48,61): error CS0518: Predefined type 'System.Object' is not defined or imported
C:\gh\azure-sdk-for-net\sdk\keyvault\Microsoft.Azure.Management.KeyVault\tests\KeyVaultTestBase.cs(48,61): error CS0246: The type or namespace name 'ResourceManagementClient' could not be found (are you missing a using directive or an assembly reference?)
C:\gh\azure-sdk-for-net\sdk\keyvault\Microsoft.Azure.Management.KeyVault\tests\KeyVaultTestBase.cs(50,17): error CS0518: Predefined type 'System.Object' is not defined or imported
C:\gh\azure-sdk-for-net\sdk\keyvault\Microsoft.Azure.Management.KeyVault\tests\KeyVaultTestBase.cs(50,17): error CS0103: The name 'HttpMockServer' does not exist in the current context
C:\gh\azure-sdk-for-net\sdk\keyvault\Microsoft.Azure.Management.KeyVault\tests\KeyVaultTestBase.cs(50,40): error CS0518: Predefined type 'System.Object' is not defined or imported
C:\gh\azure-sdk-for-net\sdk\keyvault\Microsoft.Azure.Management.KeyVault\tests\KeyVaultTestBase.cs(50,40): error CS0103: The name 'HttpRecorderMode' does not exist in the current context
C:\gh\azure-sdk-for-net\sdk\keyvault\Microsoft.Azure.Management.KeyVault\tests\KeyVaultTestBase.cs(50,17): error CS0518: Predefined type 'System.Boolean' is not defined or imported
C:\gh\azure-sdk-for-net\sdk\keyvault\Microsoft.Azure.Management.KeyVault\tests\KeyVaultTestBase.cs(50,17): error CS0518: Predefined type 'System.Boolean' is not defined or imported
C:\gh\azure-sdk-for-net\sdk\keyvault\Microsoft.Azure.Management.KeyVault\tests\KeyVaultTestBase.cs(54,60): error CS0518: Predefined type 'System.Object' is not defined or imported
C:\gh\azure-sdk-for-net\sdk\keyvault\Microsoft.Azure.Management.KeyVault\tests\KeyVaultTestBase.cs(54,60): error CS0246: The type or namespace name 'GraphRbacManagementClient' could not be found (are you missing a using directive or an assembly reference?)
C:\gh\azure-sdk-for-net\sdk\keyvault\Microsoft.Azure.Management.KeyVault\tests\KeyVaultTestBase.cs(58,38): error CS0518: Predefined type 'System.Object' is not defined or imported
C:\gh\azure-sdk-for-net\sdk\keyvault\Microsoft.Azure.Management.KeyVault\tests\KeyVaultTestBase.cs(58,38): error CS0103: The name 'Guid' does not exist in the current context
C:\gh\azure-sdk-for-net\sdk\keyvault\Microsoft.Azure.Management.KeyVault\tests\KeyVaultTestBase.cs(59,17): error CS0518: Predefined type 'System.Object' is not defined or imported
C:\gh\azure-sdk-for-net\sdk\keyvault\Microsoft.Azure.Management.KeyVault\tests\KeyVaultTestBase.cs(59,17): error CS0103: The name 'HttpMockServer' does not exist in the current context
C:\gh\azure-sdk-for-net\sdk\keyvault\Microsoft.Azure.Management.KeyVault\tests\KeyVaultTestBase.cs(60,17): error CS0518: Predefined type 'System.Object' is not defined or imported
C:\gh\azure-sdk-for-net\sdk\keyvault\Microsoft.Azure.Management.KeyVault\tests\KeyVaultTestBase.cs(60,17): error CS0103: The name 'HttpMockServer' does not exist in the current context
C:\gh\azure-sdk-for-net\sdk\keyvault\Microsoft.Azure.Management.KeyVault\tests\KeyVaultTestBase.cs(61,17): error CS0518: Predefined type 'System.Object' is not defined or imported
C:\gh\azure-sdk-for-net\sdk\keyvault\Microsoft.Azure.Management.KeyVault\tests\KeyVaultTestBase.cs(61,17): error CS0103: The name 'HttpMockServer' does not exist in the current context
C:\gh\azure-sdk-for-net\sdk\keyvault\Microsoft.Azure.Management.KeyVault\tests\KeyVaultTestBase.cs(62,17): error CS0518: Predefined type 'System.Object' is not defined or imported
C:\gh\azure-sdk-for-net\sdk\keyvault\Microsoft.Azure.Management.KeyVault\tests\KeyVaultTestBase.cs(62,17): error CS0103: The name 'HttpMockServer' does not exist in the current context
C:\gh\azure-sdk-for-net\sdk\keyvault\Microsoft.Azure.Management.KeyVault\tests\KeyVaultTestBase.cs(64,22): error CS0518: Predefined type 'System.Object' is not defined or imported
C:\gh\azure-sdk-for-net\sdk\keyvault\Microsoft.Azure.Management.KeyVault\tests\KeyVaultTestBase.cs(64,22): error CS0103: The name 'HttpMockServer' does not exist in the current context
C:\gh\azure-sdk-for-net\sdk\keyvault\Microsoft.Azure.Management.KeyVault\tests\KeyVaultTestBase.cs(64,45): error CS0518: Predefined type 'System.Object' is not defined or imported
C:\gh\azure-sdk-for-net\sdk\keyvault\Microsoft.Azure.Management.KeyVault\tests\KeyVaultTestBase.cs(64,45): error CS0103: The name 'HttpRecorderMode' does not exist in the current context
C:\gh\azure-sdk-for-net\sdk\keyvault\Microsoft.Azure.Management.KeyVault\tests\KeyVaultTestBase.cs(64,22): error CS0518: Predefined type 'System.Boolean' is not defined or imported
C:\gh\azure-sdk-for-net\sdk\keyvault\Microsoft.Azure.Management.KeyVault\tests\KeyVaultTestBase.cs(64,22): error CS0518: Predefined type 'System.Boolean' is not defined or imported
C:\gh\azure-sdk-for-net\sdk\keyvault\Microsoft.Azure.Management.KeyVault\tests\KeyVaultTestBase.cs(66,28): error CS0518: Predefined type 'System.Object' is not defined or imported
C:\gh\azure-sdk-for-net\sdk\keyvault\Microsoft.Azure.Management.KeyVault\tests\KeyVaultTestBase.cs(66,28): error CS0103: The name 'HttpMockServer' does not exist in the current context
C:\gh\azure-sdk-for-net\sdk\keyvault\Microsoft.Azure.Management.KeyVault\tests\KeyVaultTestBase.cs(67,28): error CS0518: Predefined type 'System.Object' is not defined or imported
C:\gh\azure-sdk-for-net\sdk\keyvault\Microsoft.Azure.Management.KeyVault\tests\KeyVaultTestBase.cs(67,28): error CS0103: The name 'HttpMockServer' does not exist in the current context
C:\gh\azure-sdk-for-net\sdk\keyvault\Microsoft.Azure.Management.KeyVault\tests\KeyVaultTestBase.cs(68,34): error CS0518: Predefined type 'System.Object' is not defined or imported
C:\gh\azure-sdk-for-net\sdk\keyvault\Microsoft.Azure.Management.KeyVault\tests\KeyVaultTestBase.cs(68,34): error CS0103: The name 'HttpMockServer' does not exist in the current context
C:\gh\azure-sdk-for-net\sdk\keyvault\Microsoft.Azure.Management.KeyVault\tests\KeyVaultTestBase.cs(69,33): error CS0518: Predefined type 'System.Object' is not defined or imported
C:\gh\azure-sdk-for-net\sdk\keyvault\Microsoft.Azure.Management.KeyVault\tests\KeyVaultTestBase.cs(69,33): error CS0103: The name 'HttpMockServer' does not exist in the current context
C:\gh\azure-sdk-for-net\sdk\keyvault\Microsoft.Azure.Management.KeyVault\tests\KeyVaultTestBase.cs(72,58): error CS0518: Predefined type 'System.String' is not defined or imported
C:\gh\azure-sdk-for-net\sdk\keyvault\Microsoft.Azure.Management.KeyVault\tests\KeyVaultTestBase.cs(83,13): error CS0518: Predefined type 'System.Object' is not defined or imported
C:\gh\azure-sdk-for-net\sdk\keyvault\Microsoft.Azure.Management.KeyVault\tests\VaultOperationsTest.cs(547,13): error CS0518: Predefined type 'System.Object' is not defined or imported
C:\gh\azure-sdk-for-net\sdk\keyvault\Microsoft.Azure.Management.KeyVault\tests\VaultOperationsTest.cs(547,13): error CS0103: The name 'Assert' does not exist in the current context
C:\gh\azure-sdk-for-net\sdk\keyvault\Microsoft.Azure.Management.KeyVault\tests\VaultOperationsTest.cs(547,39): error CS0518: Predefined type 'System.String' is not defined or imported
C:\gh\azure-sdk-for-net\sdk\keyvault\Microsoft.Azure.Management.KeyVault\tests\VaultOperationsTest.cs(547,73): error CS0518: Predefined type 'System.String' is not defined or imported
C:\gh\azure-sdk-for-net\sdk\keyvault\Microsoft.Azure.Management.KeyVault\tests\VaultOperationsTest.cs(548,13): error CS0518: Predefined type 'System.Object' is not defined or imported
C:\gh\azure-sdk-for-net\sdk\keyvault\Microsoft.Azure.Management.KeyVault\tests\VaultOperationsTest.cs(548,13): error CS0103: The name 'Assert' does not exist in the current context
C:\gh\azure-sdk-for-net\sdk\keyvault\Microsoft.Azure.Management.KeyVault\tests\VaultOperationsTest.cs(548,39): error CS0518: Predefined type 'System.String' is not defined or imported
C:\gh\azure-sdk-for-net\sdk\keyvault\Microsoft.Azure.Management.KeyVault\tests\VaultOperationsTest.cs(548,58): error CS0518: Predefined type 'System.String' is not defined or imported
C:\gh\azure-sdk-for-net\sdk\keyvault\Microsoft.Azure.Management.KeyVault\tests\VaultOperationsTest.cs(549,13): error CS0518: Predefined type 'System.Object' is not defined or imported
C:\gh\azure-sdk-for-net\sdk\keyvault\Microsoft.Azure.Management.KeyVault\tests\VaultOperationsTest.cs(549,13): error CS0103: The name 'Assert' does not exist in the current context
C:\gh\azure-sdk-for-net\sdk\keyvault\Microsoft.Azure.Management.KeyVault\tests\VaultOperationsTest.cs(549,39): error CS0518: Predefined type 'System.String' is not defined or imported
C:\gh\azure-sdk-for-net\sdk\keyvault\Microsoft.Azure.Management.KeyVault\tests\VaultOperationsTest.cs(549,67): error CS0518: Predefined type 'System.String' is not defined or imported
C:\gh\azure-sdk-for-net\sdk\keyvault\Microsoft.Azure.Management.KeyVault\tests\VaultOperationsTest.cs(550,13): error CS0518: Predefined type 'System.Object' is not defined or imported
C:\gh\azure-sdk-for-net\sdk\keyvault\Microsoft.Azure.Management.KeyVault\tests\VaultOperationsTest.cs(550,13): error CS0103: The name 'Assert' does not exist in the current context
C:\gh\azure-sdk-for-net\sdk\keyvault\Microsoft.Azure.Management.KeyVault\tests\VaultOperationsTest.cs(550,26): error CS0518: Predefined type 'System.String' is not defined or imported
C:\gh\azure-sdk-for-net\sdk\keyvault\Microsoft.Azure.Management.KeyVault\tests\VaultOperationsTest.cs(550,75): error CS0518: Predefined type 'System.String' is not defined or imported
C:\gh\azure-sdk-for-net\sdk\keyvault\Microsoft.Azure.Management.KeyVault\tests\VaultOperationsTest.cs(551,13): error CS0518: Predefined type 'System.Object' is not defined or imported
C:\gh\azure-sdk-for-net\sdk\keyvault\Microsoft.Azure.Management.KeyVault\tests\VaultOperationsTest.cs(551,13): error CS0103: The name 'Assert' does not exist in the current context
C:\gh\azure-sdk-for-net\sdk\keyvault\Microsoft.Azure.Management.KeyVault\tests\VaultOperationsTest.cs(551,38): error CS0012: The type 'IDictionary<,>' is defined in an assembly that is not referenced. You must add a reference to assembly 'mscorlib, Version=4.0.0.0, Culture=neutral, PublicKeyToken=b77a5c561934e089'.
C:\gh\azure-sdk-for-net\sdk\keyvault\Microsoft.Azure.Management.KeyVault\tests\VaultOperationsTest.cs(551,83): error CS0012: The type 'IDictionary<,>' is defined in an assembly that is not referenced. You must add a reference to assembly 'mscorlib, Version=4.0.0.0, Culture=neutral, PublicKeyToken=b77a5c561934e089'.
C:\gh\azure-sdk-for-net\sdk\keyvault\Microsoft.Azure.Management.KeyVault\tests\VaultOperationsTest.cs(552,13): error CS0518: Predefined type 'System.Object' is not defined or imported
C:\gh\azure-sdk-for-net\sdk\keyvault\Microsoft.Azure.Management.KeyVault\tests\VaultOperationsTest.cs(552,13): error CS0103: The name 'Assert' does not exist in the current context
C:\gh\azure-sdk-for-net\sdk\keyvault\Microsoft.Azure.Management.KeyVault\tests\VaultOperationsTest.cs(552,52): error CS0012: The type 'Nullable<>' is defined in an assembly that is not referenced. You must add a reference to assembly 'mscorlib, Version=4.0.0.0, Culture=neutral, PublicKeyToken=b77a5c561934e089'.
C:\gh\azure-sdk-for-net\sdk\keyvault\Microsoft.Azure.Management.KeyVault\tests\VaultOperationsTest.cs(553,13): error CS0518: Predefined type 'System.Object' is not defined or imported
C:\gh\azure-sdk-for-net\sdk\keyvault\Microsoft.Azure.Management.KeyVault\tests\VaultOperationsTest.cs(553,13): error CS0103: The name 'Assert' does not exist in the current context
C:\gh\azure-sdk-for-net\sdk\keyvault\Microsoft.Azure.Management.KeyVault\tests\VaultOperationsTest.cs(553,52): error CS0012: The type 'Nullable<>' is defined in an assembly that is not referenced. You must add a reference to assembly 'mscorlib, Version=4.0.0.0, Culture=neutral, PublicKeyToken=b77a5c561934e089'.
C:\gh\azure-sdk-for-net\sdk\keyvault\Microsoft.Azure.Management.KeyVault\tests\VaultOperationsTest.cs(554,13): error CS0518: Predefined type 'System.Object' is not defined or imported
C:\gh\azure-sdk-for-net\sdk\keyvault\Microsoft.Azure.Management.KeyVault\tests\VaultOperationsTest.cs(554,13): error CS0103: The name 'Assert' does not exist in the current context
C:\gh\azure-sdk-for-net\sdk\keyvault\Microsoft.Azure.Management.KeyVault\tests\VaultOperationsTest.cs(554,41): error CS0518: Predefined type 'System.String' is not defined or imported
C:\gh\azure-sdk-for-net\sdk\keyvault\Microsoft.Azure.Management.KeyVault\tests\VaultOperationsTest.cs(555,20): error CS0518: Predefined type 'System.Boolean' is not defined or imported
C:\gh\azure-sdk-for-net\sdk\keyvault\Microsoft.Azure.Management.KeyVault\tests\VaultOperationsTest.cs(23,13): error CS0518: Predefined type 'System.IDisposable' is not defined or imported
C:\gh\azure-sdk-for-net\sdk\keyvault\Microsoft.Azure.Management.KeyVault\tests\VaultOperationsTest.cs(23,20): error CS0518: Predefined type 'System.Object' is not defined or imported
C:\gh\azure-sdk-for-net\sdk\keyvault\Microsoft.Azure.Management.KeyVault\tests\VaultOperationsTest.cs(23,20): error CS0246: The type or namespace name 'MockContext' could not be found (are you missing a using directive or an assembly reference?)
C:\gh\azure-sdk-for-net\sdk\keyvault\Microsoft.Azure.Management.KeyVault\tests\VaultOperationsTest.cs(23,42): error CS0518: Predefined type 'System.Object' is not defined or imported
C:\gh\azure-sdk-for-net\sdk\keyvault\Microsoft.Azure.Management.KeyVault\tests\VaultOperationsTest.cs(23,42): error CS0103: The name 'MockContext' does not exist in the current context
C:\gh\azure-sdk-for-net\sdk\keyvault\Microsoft.Azure.Management.KeyVault\tests\VaultOperationsTest.cs(23,65): error CS0518: Predefined type 'System.Object' is not defined or imported
C:\gh\azure-sdk-for-net\sdk\keyvault\Microsoft.Azure.Management.KeyVault\tests\VaultOperationsTest.cs(23,65): error CS1061: 'VaultOperationsTest' does not contain a definition for 'GetType' and no accessible extension method 'GetType' accepting a first argument of type 'VaultOperationsTest' could be found (are you missing a using directive or an assembly reference?)
C:\gh\azure-sdk-for-net\sdk\keyvault\Microsoft.Azure.Management.KeyVault\tests\VaultOperationsTest.cs(25,36): error CS0518: Predefined type 'System.Object' is not defined or imported
C:\gh\azure-sdk-for-net\sdk\keyvault\Microsoft.Azure.Management.KeyVault\tests\VaultOperationsTest.cs(26,42): error CS0012: The type 'Nullable<>' is defined in an assembly that is not referenced. You must add a reference to assembly 'mscorlib, Version=4.0.0.0, Culture=neutral, PublicKeyToken=b77a5c561934e089'.
C:\gh\azure-sdk-for-net\sdk\keyvault\Microsoft.Azure.Management.KeyVault\tests\VaultOperationsTest.cs(31,37): error CS0518: Predefined type 'System.Object' is not defined or imported
C:\gh\azure-sdk-for-net\sdk\keyvault\Microsoft.Azure.Management.KeyVault\tests\VaultOperationsTest.cs(31,37): error CS0518: Predefined type 'System.Void' is not defined or imported
C:\gh\azure-sdk-for-net\sdk\keyvault\Microsoft.Azure.Management.KeyVault\tests\VaultOperationsTest.cs(33,25): error CS0518: Predefined type 'System.String' is not defined or imported
C:\gh\azure-sdk-for-net\sdk\keyvault\Microsoft.Azure.Management.KeyVault\tests\VaultOperationsTest.cs(34,25): error CS0012: The type 'IDictionary<,>' is defined in an assembly that is not referenced. You must add a reference to assembly 'mscorlib, Version=4.0.0.0, Culture=neutral, PublicKeyToken=b77a5c561934e089'.
C:\gh\azure-sdk-for-net\sdk\keyvault\Microsoft.Azure.Management.KeyVault\tests\VaultOperationsTest.cs(35,25): error CS0518: Predefined type 'System.Void' is not defined or imported
C:\gh\azure-sdk-for-net\sdk\keyvault\Microsoft.Azure.Management.KeyVault\tests\VaultOperationsTest.cs(28,36): error CS0518: Predefined type 'System.String' is not defined or imported
C:\gh\azure-sdk-for-net\sdk\keyvault\Microsoft.Azure.Management.KeyVault\tests\VaultOperationsTest.cs(39,17): error CS0518: Predefined type 'System.Object' is not defined or imported
C:\gh\azure-sdk-for-net\sdk\keyvault\Microsoft.Azure.Management.KeyVault\tests\VaultOperationsTest.cs(45,21): error CS0518: Predefined type 'System.String' is not defined or imported
C:\gh\azure-sdk-for-net\sdk\keyvault\Microsoft.Azure.Management.KeyVault\tests\VaultOperationsTest.cs(46,21): error CS0518: Predefined type 'System.Object' is not defined or imported
C:\gh\azure-sdk-for-net\sdk\keyvault\Microsoft.Azure.Management.KeyVault\tests\VaultOperationsTest.cs(47,21): error CS0518: Predefined type 'System.Boolean' is not defined or imported
C:\gh\azure-sdk-for-net\sdk\keyvault\Microsoft.Azure.Management.KeyVault\tests\VaultOperationsTest.cs(48,21): error CS0518: Predefined type 'System.Boolean' is not defined or imported
C:\gh\azure-sdk-for-net\sdk\keyvault\Microsoft.Azure.Management.KeyVault\tests\VaultOperationsTest.cs(49,21): error CS0518: Predefined type 'System.Boolean' is not defined or imported
C:\gh\azure-sdk-for-net\sdk\keyvault\Microsoft.Azure.Management.KeyVault\tests\VaultOperationsTest.cs(50,21): error CS0518: Predefined type 'System.Boolean' is not defined or imported
C:\gh\azure-sdk-for-net\sdk\keyvault\Microsoft.Azure.Management.KeyVault\tests\VaultOperationsTest.cs(51,21): error CS0518: Predefined type 'System.Int32' is not defined or imported
C:\gh\azure-sdk-for-net\sdk\keyvault\Microsoft.Azure.Management.KeyVault\tests\VaultOperationsTest.cs(39,17): error CS0012: The type 'Object' is defined in an assembly that is not referenced. You must add a reference to assembly 'mscorlib, Version=4.0.0.0, Culture=neutral, PublicKeyToken=b77a5c561934e089'.
C:\gh\azure-sdk-for-net\sdk\keyvault\Microsoft.Azure.Management.KeyVault\tests\VaultOperationsTest.cs(57,52): error CS0518: Predefined type 'System.Object' is not defined or imported
C:\gh\azure-sdk-for-net\sdk\keyvault\Microsoft.Azure.Management.KeyVault\tests\VaultOperationsTest.cs(58,45): error CS0012: The type 'IList<>' is defined in an assembly that is not referenced. You must add a reference to assembly 'mscorlib, Version=4.0.0.0, Culture=neutral, PublicKeyToken=b77a5c561934e089'.
C:\gh\azure-sdk-for-net\sdk\keyvault\Microsoft.Azure.Management.KeyVault\tests\VaultOperationsTest.cs(58,59): error CS0518: Predefined type 'System.String' is not defined or imported
C:\gh\azure-sdk-for-net\sdk\keyvault\Microsoft.Azure.Management.KeyVault\tests\VaultOperationsTest.cs(58,70): error CS0518: Predefined type 'System.String' is not defined or imported
C:\gh\azure-sdk-for-net\sdk\keyvault\Microsoft.Azure.Management.KeyVault\tests\VaultOperationsTest.cs(58,77): error CS0518: Predefined type 'System.String' is not defined or imported
C:\gh\azure-sdk-for-net\sdk\keyvault\Microsoft.Azure.Management.KeyVault\tests\VaultOperationsTest.cs(58,55): error CS0518: Predefined type 'System.Int32' is not defined or imported
C:\gh\azure-sdk-for-net\sdk\keyvault\Microsoft.Azure.Management.KeyVault\tests\VaultOperationsTest.cs(59,45): error CS0012: The type 'IList<>' is defined in an assembly that is not referenced. You must add a reference to assembly 'mscorlib, Version=4.0.0.0, Culture=neutral, PublicKeyToken=b77a5c561934e089'.
C:\gh\azure-sdk-for-net\sdk\keyvault\Microsoft.Azure.Management.KeyVault\tests\VaultOperationsTest.cs(60,45): error CS0012: The type 'IList<>' is defined in an assembly that is not referenced. You must add a reference to assembly 'mscorlib, Version=4.0.0.0, Culture=neutral, PublicKeyToken=b77a5c561934e089'.
C:\gh\azure-sdk-for-net\sdk\keyvault\Microsoft.Azure.Management.KeyVault\tests\VaultOperationsTest.cs(60,59): error CS0518: Predefined type 'System.String' is not defined or imported
C:\gh\azure-sdk-for-net\sdk\keyvault\Microsoft.Azure.Management.KeyVault\tests\VaultOperationsTest.cs(60,70): error CS0518: Predefined type 'System.String' is not defined or imported
C:\gh\azure-sdk-for-net\sdk\keyvault\Microsoft.Azure.Management.KeyVault\tests\VaultOperationsTest.cs(60,77): error CS0518: Predefined type 'System.String' is not defined or imported
C:\gh\azure-sdk-for-net\sdk\keyvault\Microsoft.Azure.Management.KeyVault\tests\VaultOperationsTest.cs(60,55): error CS0518: Predefined type 'System.Int32' is not defined or imported
C:\gh\azure-sdk-for-net\sdk\keyvault\Microsoft.Azure.Management.KeyVault\tests\VaultOperationsTest.cs(61,58): error CS0518: Predefined type 'System.Int32' is not defined or imported
C:\gh\azure-sdk-for-net\sdk\keyvault\Microsoft.Azure.Management.KeyVault\tests\VaultOperationsTest.cs(66,37): error CS0518: Predefined type 'System.Object' is not defined or imported
C:\gh\azure-sdk-for-net\sdk\keyvault\Microsoft.Azure.Management.KeyVault\tests\VaultOperationsTest.cs(66,37): error CS0518: Predefined type 'System.Void' is not defined or imported
C:\gh\azure-sdk-for-net\sdk\keyvault\Microsoft.Azure.Management.KeyVault\tests\VaultOperationsTest.cs(68,25): error CS0518: Predefined type 'System.String' is not defined or imported
C:\gh\azure-sdk-for-net\sdk\keyvault\Microsoft.Azure.Management.KeyVault\tests\VaultOperationsTest.cs(69,25): error CS0012: The type 'IDictionary<,>' is defined in an assembly that is not referenced. You must add a reference to assembly 'mscorlib, Version=4.0.0.0, Culture=neutral, PublicKeyToken=b77a5c561934e089'.
C:\gh\azure-sdk-for-net\sdk\keyvault\Microsoft.Azure.Management.KeyVault\tests\VaultOperationsTest.cs(70,25): error CS0518: Predefined type 'System.Void' is not defined or imported
C:\gh\azure-sdk-for-net\sdk\keyvault\Microsoft.Azure.Management.KeyVault\tests\VaultOperationsTest.cs(63,35): error CS0518: Predefined type 'System.String' is not defined or imported
C:\gh\azure-sdk-for-net\sdk\keyvault\Microsoft.Azure.Management.KeyVault\tests\VaultOperationsTest.cs(74,17): error CS0518: Predefined type 'System.Object' is not defined or imported
C:\gh\azure-sdk-for-net\sdk\keyvault\Microsoft.Azure.Management.KeyVault\tests\VaultOperationsTest.cs(80,21): error CS0518: Predefined type 'System.String' is not defined or imported
C:\gh\azure-sdk-for-net\sdk\keyvault\Microsoft.Azure.Management.KeyVault\tests\VaultOperationsTest.cs(81,21): error CS0518: Predefined type 'System.Object' is not defined or imported
C:\gh\azure-sdk-for-net\sdk\keyvault\Microsoft.Azure.Management.KeyVault\tests\VaultOperationsTest.cs(82,21): error CS0518: Predefined type 'System.Boolean' is not defined or imported
C:\gh\azure-sdk-for-net\sdk\keyvault\Microsoft.Azure.Management.KeyVault\tests\VaultOperationsTest.cs(83,21): error CS0518: Predefined type 'System.Boolean' is not defined or imported
C:\gh\azure-sdk-for-net\sdk\keyvault\Microsoft.Azure.Management.KeyVault\tests\VaultOperationsTest.cs(84,21): error CS0518: Predefined type 'System.Boolean' is not defined or imported
C:\gh\azure-sdk-for-net\sdk\keyvault\Microsoft.Azure.Management.KeyVault\tests\VaultOperationsTest.cs(85,21): error CS0518: Predefined type 'System.Boolean' is not defined or imported
C:\gh\azure-sdk-for-net\sdk\keyvault\Microsoft.Azure.Management.KeyVault\tests\VaultOperationsTest.cs(86,21): error CS0518: Predefined type 'System.Int32' is not defined or imported
C:\gh\azure-sdk-for-net\sdk\keyvault\Microsoft.Azure.Management.KeyVault\tests\VaultOperationsTest.cs(74,17): error CS0012: The type 'Object' is defined in an assembly that is not referenced. You must add a reference to assembly 'mscorlib, Version=4.0.0.0, Culture=neutral, PublicKeyToken=b77a5c561934e089'.
C:\gh\azure-sdk-for-net\sdk\keyvault\Microsoft.Azure.Management.KeyVault\tests\VaultOperationsTest.cs(90,38): error CS0518: Predefined type 'System.String' is not defined or imported
C:\gh\azure-sdk-for-net\sdk\keyvault\Microsoft.Azure.Management.KeyVault\tests\VaultOperationsTest.cs(94,17): error CS0518: Predefined type 'System.Object' is not defined or imported
C:\gh\azure-sdk-for-net\sdk\keyvault\Microsoft.Azure.Management.KeyVault\tests\VaultOperationsTest.cs(100,21): error CS0518: Predefined type 'System.String' is not defined or imported
C:\gh\azure-sdk-for-net\sdk\keyvault\Microsoft.Azure.Management.KeyVault\tests\VaultOperationsTest.cs(101,21): error CS0518: Predefined type 'System.Object' is not defined or imported
C:\gh\azure-sdk-for-net\sdk\keyvault\Microsoft.Azure.Management.KeyVault\tests\VaultOperationsTest.cs(102,21): error CS0518: Predefined type 'System.Boolean' is not defined or imported
C:\gh\azure-sdk-for-net\sdk\keyvault\Microsoft.Azure.Management.KeyVault\tests\VaultOperationsTest.cs(103,21): error CS0518: Predefined type 'System.Boolean' is not defined or imported
C:\gh\azure-sdk-for-net\sdk\keyvault\Microsoft.Azure.Management.KeyVault\tests\VaultOperationsTest.cs(104,21): error CS0518: Predefined type 'System.Boolean' is not defined or imported
C:\gh\azure-sdk-for-net\sdk\keyvault\Microsoft.Azure.Management.KeyVault\tests\VaultOperationsTest.cs(105,21): error CS0518: Predefined type 'System.Boolean' is not defined or imported
C:\gh\azure-sdk-for-net\sdk\keyvault\Microsoft.Azure.Management.KeyVault\tests\VaultOperationsTest.cs(106,21): error CS0518: Predefined type 'System.Int32' is not defined or imported
C:\gh\azure-sdk-for-net\sdk\keyvault\Microsoft.Azure.Management.KeyVault\tests\VaultOperationsTest.cs(94,17): error CS0012: The type 'Object' is defined in an assembly that is not referenced. You must add a reference to assembly 'mscorlib, Version=4.0.0.0, Culture=neutral, PublicKeyToken=b77a5c561934e089'.
C:\gh\azure-sdk-for-net\sdk\keyvault\Microsoft.Azure.Management.KeyVault\tests\VaultOperationsTest.cs(111,17): error CS0518: Predefined type 'System.Void' is not defined or imported
C:\gh\azure-sdk-for-net\sdk\keyvault\Microsoft.Azure.Management.KeyVault\tests\VaultOperationsTest.cs(111,17): error CS0518: Predefined type 'System.String' is not defined or imported
C:\gh\azure-sdk-for-net\sdk\keyvault\Microsoft.Azure.Management.KeyVault\tests\VaultOperationsTest.cs(115,17): error CS0518: Predefined type 'System.Object' is not defined or imported
C:\gh\azure-sdk-for-net\sdk\keyvault\Microsoft.Azure.Management.KeyVault\tests\VaultOperationsTest.cs(115,17): error CS0103: The name 'Assert' does not exist in the current context
C:\gh\azure-sdk-for-net\sdk\keyvault\Microsoft.Azure.Management.KeyVault\tests\VaultOperationsTest.cs(115,31): error CS0518: Predefined type 'System.Object' is not defined or imported
C:\gh\azure-sdk-for-net\sdk\keyvault\Microsoft.Azure.Management.KeyVault\tests\VaultOperationsTest.cs(115,31): error CS0246: The type or namespace name 'CloudException' could not be found (are you missing a using directive or an assembly reference?)
C:\gh\azure-sdk-for-net\sdk\keyvault\Microsoft.Azure.Management.KeyVault\tests\KeyVaultTestBase.cs(88,22): error CS0518: Predefined type 'System.Object' is not defined or imported
C:\gh\azure-sdk-for-net\sdk\keyvault\Microsoft.Azure.Management.KeyVault\tests\KeyVaultTestBase.cs(88,22): error CS0103: The name 'TestUtilities' does not exist in the current context
C:\gh\azure-sdk-for-net\sdk\keyvault\Microsoft.Azure.Management.KeyVault\tests\KeyVaultTestBase.cs(88,49): error CS0518: Predefined type 'System.String' is not defined or imported
C:\gh\azure-sdk-for-net\sdk\keyvault\Microsoft.Azure.Management.KeyVault\tests\KeyVaultTestBase.cs(89,71): error CS0518: Predefined type 'System.Object' is not defined or imported
C:\gh\azure-sdk-for-net\sdk\keyvault\Microsoft.Azure.Management.KeyVault\tests\KeyVaultTestBase.cs(89,71): error CS0246: The type or namespace name 'ResourceGroup' could not be found (are you missing a using directive or an assembly reference?)
C:\gh\azure-sdk-for-net\sdk\keyvault\Microsoft.Azure.Management.KeyVault\tests\KeyVaultTestBase.cs(91,25): error CS0518: Predefined type 'System.Object' is not defined or imported
C:\gh\azure-sdk-for-net\sdk\keyvault\Microsoft.Azure.Management.KeyVault\tests\KeyVaultTestBase.cs(91,25): error CS0103: The name 'TestUtilities' does not exist in the current context
C:\gh\azure-sdk-for-net\sdk\keyvault\Microsoft.Azure.Management.KeyVault\tests\KeyVaultTestBase.cs(91,52): error CS0518: Predefined type 'System.String' is not defined or imported
C:\gh\azure-sdk-for-net\sdk\keyvault\Microsoft.Azure.Management.KeyVault\tests\KeyVaultTestBase.cs(92,28): error CS0518: Predefined type 'System.Object' is not defined or imported
C:\gh\azure-sdk-for-net\sdk\keyvault\Microsoft.Azure.Management.KeyVault\tests\KeyVaultTestBase.cs(92,28): error CS0103: The name 'Guid' does not exist in the current context
C:\gh\azure-sdk-for-net\sdk\keyvault\Microsoft.Azure.Management.KeyVault\tests\KeyVaultTestBase.cs(94,24): error CS0518: Predefined type 'System.Object' is not defined or imported
C:\gh\azure-sdk-for-net\sdk\keyvault\Microsoft.Azure.Management.KeyVault\tests\KeyVaultTestBase.cs(94,24): error CS0246: The type or namespace name 'Dictionary<,>' could not be found (are you missing a using directive or an assembly reference?)
C:\gh\azure-sdk-for-net\sdk\keyvault\Microsoft.Azure.Management.KeyVault\tests\KeyVaultTestBase.cs(94,35): error CS0518: Predefined type 'System.String' is not defined or imported
C:\gh\azure-sdk-for-net\sdk\keyvault\Microsoft.Azure.Management.KeyVault\tests\KeyVaultTestBase.cs(94,43): error CS0518: Predefined type 'System.String' is not defined or imported
C:\gh\azure-sdk-for-net\sdk\keyvault\Microsoft.Azure.Management.KeyVault\tests\KeyVaultTestBase.cs(94,55): error CS0518: Predefined type 'System.String' is not defined or imported
C:\gh\azure-sdk-for-net\sdk\keyvault\Microsoft.Azure.Management.KeyVault\tests\KeyVaultTestBase.cs(94,63): error CS0518: Predefined type 'System.String' is not defined or imported
C:\gh\azure-sdk-for-net\sdk\keyvault\Microsoft.Azure.Management.KeyVault\tests\KeyVaultTestBase.cs(94,77): error CS0518: Predefined type 'System.String' is not defined or imported
C:\gh\azure-sdk-for-net\sdk\keyvault\Microsoft.Azure.Management.KeyVault\tests\KeyVaultTestBase.cs(94,85): error CS0518: Predefined type 'System.String' is not defined or imported
C:\gh\azure-sdk-for-net\sdk\keyvault\Microsoft.Azure.Management.KeyVault\tests\KeyVaultTestBase.cs(94,99): error CS0518: Predefined type 'System.String' is not defined or imported
C:\gh\azure-sdk-for-net\sdk\keyvault\Microsoft.Azure.Management.KeyVault\tests\KeyVaultTestBase.cs(94,107): error CS0518: Predefined type 'System.String' is not defined or imported
C:\gh\azure-sdk-for-net\sdk\keyvault\Microsoft.Azure.Management.KeyVault\tests\KeyVaultTestBase.cs(95,26): error CS0518: Predefined type 'System.Object' is not defined or imported
C:\gh\azure-sdk-for-net\sdk\keyvault\Microsoft.Azure.Management.KeyVault\tests\KeyVaultTestBase.cs(95,26): error CS0518: Predefined type 'System.Void' is not defined or imported
C:\gh\azure-sdk-for-net\sdk\keyvault\Microsoft.Azure.Management.KeyVault\tests\KeyVaultTestBase.cs(97,17): error CS0012: The type 'Guid' is defined in an assembly that is not referenced. You must add a reference to assembly 'mscorlib, Version=4.0.0.0, Culture=neutral, PublicKeyToken=b77a5c561934e089'.
C:\gh\azure-sdk-for-net\sdk\keyvault\Microsoft.Azure.Management.KeyVault\tests\KeyVaultTestBase.cs(98,17): error CS0518: Predefined type 'System.String' is not defined or imported
C:\gh\azure-sdk-for-net\sdk\keyvault\Microsoft.Azure.Management.KeyVault\tests\KeyVaultTestBase.cs(99,17): error CS0518: Predefined type 'System.Void' is not defined or imported
C:\gh\azure-sdk-for-net\sdk\keyvault\Microsoft.Azure.Management.KeyVault\tests\KeyVaultTestBase.cs(99,35): error CS0518: Predefined type 'System.Object' is not defined or imported
C:\gh\azure-sdk-for-net\sdk\keyvault\Microsoft.Azure.Management.KeyVault\tests\KeyVaultTestBase.cs(99,35): error CS0518: Predefined type 'System.Void' is not defined or imported
C:\gh\azure-sdk-for-net\sdk\keyvault\Microsoft.Azure.Management.KeyVault\tests\KeyVaultTestBase.cs(101,21): error CS0012: The type 'IList<>' is defined in an assembly that is not referenced. You must add a reference to assembly 'mscorlib, Version=4.0.0.0, Culture=neutral, PublicKeyToken=b77a5c561934e089'.
C:\gh\azure-sdk-for-net\sdk\keyvault\Microsoft.Azure.Management.KeyVault\tests\KeyVaultTestBase.cs(101,32): error CS0518: Predefined type 'System.String' is not defined or imported
C:\gh\azure-sdk-for-net\sdk\keyvault\Microsoft.Azure.Management.KeyVault\tests\KeyVaultTestBase.cs(101,43): error CS0518: Predefined type 'System.Object' is not defined or imported
C:\gh\azure-sdk-for-net\sdk\keyvault\Microsoft.Azure.Management.KeyVault\tests\KeyVaultTestBase.cs(101,58): error CS0518: Predefined type 'System.String' is not defined or imported
C:\gh\azure-sdk-for-net\sdk\keyvault\Microsoft.Azure.Management.KeyVault\tests\KeyVaultTestBase.cs(101,28): error CS0518: Predefined type 'System.Int32' is not defined or imported
C:\gh\azure-sdk-for-net\sdk\keyvault\Microsoft.Azure.Management.KeyVault\tests\KeyVaultTestBase.cs(102,21): error CS0012: The type 'IList<>' is defined in an assembly that is not referenced. You must add a reference to assembly 'mscorlib, Version=4.0.0.0, Culture=neutral, PublicKeyToken=b77a5c561934e089'.
C:\gh\azure-sdk-for-net\sdk\keyvault\Microsoft.Azure.Management.KeyVault\tests\KeyVaultTestBase.cs(102,35): error CS0518: Predefined type 'System.String' is not defined or imported
C:\gh\azure-sdk-for-net\sdk\keyvault\Microsoft.Azure.Management.KeyVault\tests\KeyVaultTestBase.cs(102,46): error CS0518: Predefined type 'System.Object' is not defined or imported
C:\gh\azure-sdk-for-net\sdk\keyvault\Microsoft.Azure.Management.KeyVault\tests\KeyVaultTestBase.cs(102,64): error CS0518: Predefined type 'System.String' is not defined or imported
C:\gh\azure-sdk-for-net\sdk\keyvault\Microsoft.Azure.Management.KeyVault\tests\KeyVaultTestBase.cs(102,31): error CS0518: Predefined type 'System.Int32' is not defined or imported
C:\gh\azure-sdk-for-net\sdk\keyvault\Microsoft.Azure.Management.KeyVault\tests\KeyVaultTestBase.cs(103,21): error CS0012: The type 'IList<>' is defined in an assembly that is not referenced. You must add a reference to assembly 'mscorlib, Version=4.0.0.0, Culture=neutral, PublicKeyToken=b77a5c561934e089'.
C:\gh\azure-sdk-for-net\sdk\keyvault\Microsoft.Azure.Management.KeyVault\tests\KeyVaultTestBase.cs(103,40): error CS0518: Predefined type 'System.String' is not defined or imported
C:\gh\azure-sdk-for-net\sdk\keyvault\Microsoft.Azure.Management.KeyVault\tests\KeyVaultTestBase.cs(103,51): error CS0518: Predefined type 'System.Object' is not defined or imported
C:\gh\azure-sdk-for-net\sdk\keyvault\Microsoft.Azure.Management.KeyVault\tests\KeyVaultTestBase.cs(103,74): error CS0518: Predefined type 'System.String' is not defined or imported
C:\gh\azure-sdk-for-net\sdk\keyvault\Microsoft.Azure.Management.KeyVault\tests\KeyVaultTestBase.cs(103,36): error CS0518: Predefined type 'System.Int32' is not defined or imported
C:\gh\azure-sdk-for-net\sdk\keyvault\Microsoft.Azure.Management.KeyVault\tests\KeyVaultTestBase.cs(104,21): error CS0012: The type 'IList<>' is defined in an assembly that is not referenced. You must add a reference to assembly 'mscorlib, Version=4.0.0.0, Culture=neutral, PublicKeyToken=b77a5c561934e089'.
C:\gh\azure-sdk-for-net\sdk\keyvault\Microsoft.Azure.Management.KeyVault\tests\KeyVaultTestBase.cs(104,35): error CS0518: Predefined type 'System.String' is not defined or imported
C:\gh\azure-sdk-for-net\sdk\keyvault\Microsoft.Azure.Management.KeyVault\tests\KeyVaultTestBase.cs(104,46): error CS0518: Predefined type 'System.Object' is not defined or imported
C:\gh\azure-sdk-for-net\sdk\keyvault\Microsoft.Azure.Management.KeyVault\tests\KeyVaultTestBase.cs(104,65): error CS0518: Predefined type 'System.String' is not defined or imported
C:\gh\azure-sdk-for-net\sdk\keyvault\Microsoft.Azure.Management.KeyVault\tests\KeyVaultTestBase.cs(104,31): error CS0518: Predefined type 'System.Int32' is not defined or imported
C:\gh\azure-sdk-for-net\sdk\keyvault\Microsoft.Azure.Management.KeyVault\tests\KeyVaultTestBase.cs(108,13): error CS0518: Predefined type 'System.Object' is not defined or imported
C:\gh\azure-sdk-for-net\sdk\keyvault\Microsoft.Azure.Management.KeyVault\tests\KeyVaultTestBase.cs(108,13): error CS0246: The type or namespace name 'IList<>' could not be found (are you missing a using directive or an assembly reference?)
C:\gh\azure-sdk-for-net\sdk\keyvault\Microsoft.Azure.Management.KeyVault\tests\KeyVaultTestBase.cs(108,21): error CS0518: Predefined type 'System.Object' is not defined or imported
C:\gh\azure-sdk-for-net\sdk\keyvault\Microsoft.Azure.Management.KeyVault\tests\KeyVaultTestBase.cs(108,44): error CS0518: Predefined type 'System.Object' is not defined or imported
C:\gh\azure-sdk-for-net\sdk\keyvault\Microsoft.Azure.Management.KeyVault\tests\KeyVaultTestBase.cs(108,44): error CS0246: The type or namespace name 'List<>' could not be found (are you missing a using directive or an assembly reference?)
C:\gh\azure-sdk-for-net\sdk\keyvault\Microsoft.Azure.Management.KeyVault\tests\KeyVaultTestBase.cs(108,49): error CS0518: Predefined type 'System.Object' is not defined or imported
C:\gh\azure-sdk-for-net\sdk\keyvault\Microsoft.Azure.Management.KeyVault\tests\KeyVaultTestBase.cs(109,29): error CS0518: Predefined type 'System.Object' is not defined or imported
C:\gh\azure-sdk-for-net\sdk\keyvault\Microsoft.Azure.Management.KeyVault\tests\KeyVaultTestBase.cs(109,29): error CS0518: Predefined type 'System.Void' is not defined or imported
C:\gh\azure-sdk-for-net\sdk\keyvault\Microsoft.Azure.Management.KeyVault\tests\KeyVaultTestBase.cs(109,40): error CS0518: Predefined type 'System.String' is not defined or imported
C:\gh\azure-sdk-for-net\sdk\keyvault\Microsoft.Azure.Management.KeyVault\tests\KeyVaultTestBase.cs(109,48): error CS0518: Predefined type 'System.String' is not defined or imported
C:\gh\azure-sdk-for-net\sdk\keyvault\Microsoft.Azure.Management.KeyVault\tests\KeyVaultTestBase.cs(110,29): error CS0518: Predefined type 'System.Object' is not defined or imported
C:\gh\azure-sdk-for-net\sdk\keyvault\Microsoft.Azure.Management.KeyVault\tests\KeyVaultTestBase.cs(110,29): error CS0518: Predefined type 'System.Void' is not defined or imported
C:\gh\azure-sdk-for-net\sdk\keyvault\Microsoft.Azure.Management.KeyVault\tests\KeyVaultTestBase.cs(110,40): error CS0518: Predefined type 'System.String' is not defined or imported
C:\gh\azure-sdk-for-net\sdk\keyvault\Microsoft.Azure.Management.KeyVault\tests\KeyVaultTestBase.cs(110,48): error CS0518: Predefined type 'System.String' is not defined or imported
C:\gh\azure-sdk-for-net\sdk\keyvault\Microsoft.Azure.Management.KeyVault\tests\KeyVaultTestBase.cs(112,35): error CS0518: Predefined type 'System.Object' is not defined or imported
C:\gh\azure-sdk-for-net\sdk\keyvault\Microsoft.Azure.Management.KeyVault\tests\KeyVaultTestBase.cs(112,35): error CS0518: Predefined type 'System.Void' is not defined or imported
C:\gh\azure-sdk-for-net\sdk\keyvault\Microsoft.Azure.Management.KeyVault\tests\KeyVaultTestBase.cs(114,17): error CS0012: The type 'Nullable<>' is defined in an assembly that is not referenced. You must add a reference to assembly 'mscorlib, Version=4.0.0.0, Culture=neutral, PublicKeyToken=b77a5c561934e089'.
C:\gh\azure-sdk-for-net\sdk\keyvault\Microsoft.Azure.Management.KeyVault\tests\KeyVaultTestBase.cs(114,40): error CS0518: Predefined type 'System.Boolean' is not defined or imported
C:\gh\azure-sdk-for-net\sdk\keyvault\Microsoft.Azure.Management.KeyVault\tests\KeyVaultTestBase.cs(115,17): error CS0012: The type 'Nullable<>' is defined in an assembly that is not referenced. You must add a reference to assembly 'mscorlib, Version=4.0.0.0, Culture=neutral, PublicKeyToken=b77a5c561934e089'.
C:\gh\azure-sdk-for-net\sdk\keyvault\Microsoft.Azure.Management.KeyVault\tests\KeyVaultTestBase.cs(115,44): error CS0518: Predefined type 'System.Boolean' is not defined or imported
C:\gh\azure-sdk-for-net\sdk\keyvault\Microsoft.Azure.Management.KeyVault\tests\KeyVaultTestBase.cs(116,17): error CS0012: The type 'Nullable<>' is defined in an assembly that is not referenced. You must add a reference to assembly 'mscorlib, Version=4.0.0.0, Culture=neutral, PublicKeyToken=b77a5c561934e089'.
C:\gh\azure-sdk-for-net\sdk\keyvault\Microsoft.Azure.Management.KeyVault\tests\KeyVaultTestBase.cs(116,48): error CS0518: Predefined type 'System.Boolean' is not defined or imported
C:\gh\azure-sdk-for-net\sdk\keyvault\Microsoft.Azure.Management.KeyVault\tests\KeyVaultTestBase.cs(117,17): error CS0012: The type 'Nullable<>' is defined in an assembly that is not referenced. You must add a reference to assembly 'mscorlib, Version=4.0.0.0, Culture=neutral, PublicKeyToken=b77a5c561934e089'.
C:\gh\azure-sdk-for-net\sdk\keyvault\Microsoft.Azure.Management.KeyVault\tests\KeyVaultTestBase.cs(117,36): error CS0518: Predefined type 'System.Boolean' is not defined or imported
C:\gh\azure-sdk-for-net\sdk\keyvault\Microsoft.Azure.Management.KeyVault\tests\KeyVaultTestBase.cs(118,17): error CS0518: Predefined type 'System.Void' is not defined or imported
C:\gh\azure-sdk-for-net\sdk\keyvault\Microsoft.Azure.Management.KeyVault\tests\KeyVaultTestBase.cs(118,27): error CS0518: Predefined type 'System.Object' is not defined or imported
C:\gh\azure-sdk-for-net\sdk\keyvault\Microsoft.Azure.Management.KeyVault\tests\KeyVaultTestBase.cs(118,27): error CS0518: Predefined type 'System.Void' is not defined or imported
C:\gh\azure-sdk-for-net\sdk\keyvault\Microsoft.Azure.Management.KeyVault\tests\KeyVaultTestBase.cs(118,76): error CS0518: Predefined type 'System.Void' is not defined or imported
C:\gh\azure-sdk-for-net\sdk\keyvault\Microsoft.Azure.Management.KeyVault\tests\KeyVaultTestBase.cs(118,83): error CS0518: Predefined type 'System.Object' is not defined or imported
C:\gh\azure-sdk-for-net\sdk\keyvault\Microsoft.Azure.Management.KeyVault\tests\KeyVaultTestBase.cs(119,17): error CS0012: The type 'Guid' is defined in an assembly that is not referenced. You must add a reference to assembly 'mscorlib, Version=4.0.0.0, Culture=neutral, PublicKeyToken=b77a5c561934e089'.
C:\gh\azure-sdk-for-net\sdk\keyvault\Microsoft.Azure.Management.KeyVault\tests\KeyVaultTestBase.cs(120,17): error CS0518: Predefined type 'System.String' is not defined or imported
C:\gh\azure-sdk-for-net\sdk\keyvault\Microsoft.Azure.Management.KeyVault\tests\KeyVaultTestBase.cs(120,28): error CS0518: Predefined type 'System.String' is not defined or imported
C:\gh\azure-sdk-for-net\sdk\keyvault\Microsoft.Azure.Management.KeyVault\tests\KeyVaultTestBase.cs(121,17): error CS0518: Predefined type 'System.Void' is not defined or imported
C:\gh\azure-sdk-for-net\sdk\keyvault\Microsoft.Azure.Management.KeyVault\tests\KeyVaultTestBase.cs(121,35): error CS0518: Predefined type 'System.Object' is not defined or imported
C:\gh\azure-sdk-for-net\sdk\keyvault\Microsoft.Azure.Management.KeyVault\tests\KeyVaultTestBase.cs(121,35): error CS0518: Predefined type 'System.Void' is not defined or imported
C:\gh\azure-sdk-for-net\sdk\keyvault\Microsoft.Azure.Management.KeyVault\tests\KeyVaultTestBase.cs(121,54): error CS0518: Predefined type 'System.String' is not defined or imported
C:\gh\azure-sdk-for-net\sdk\keyvault\Microsoft.Azure.Management.KeyVault\tests\KeyVaultTestBase.cs(121,63): error CS0518: Predefined type 'System.String' is not defined or imported
C:\gh\azure-sdk-for-net\sdk\keyvault\Microsoft.Azure.Management.KeyVault\tests\KeyVaultTestBase.cs(121,80): error CS0518: Predefined type 'System.String' is not defined or imported
C:\gh\azure-sdk-for-net\sdk\keyvault\Microsoft.Azure.Management.KeyVault\tests\KeyVaultTestBase.cs(121,96): error CS0518: Predefined type 'System.String' is not defined or imported
C:\gh\azure-sdk-for-net\sdk\keyvault\Microsoft.Azure.Management.KeyVault\tests\KeyVaultTestBase.cs(121,105): error CS0012: The type 'IList<>' is defined in an assembly that is not referenced. You must add a reference to assembly 'mscorlib, Version=4.0.0.0, Culture=neutral, PublicKeyToken=b77a5c561934e089'.
C:\gh\azure-sdk-for-net\sdk\keyvault\Microsoft.Azure.Management.KeyVault\tests\KeyVaultTestBase.cs(121,124): error CS0012: The type 'IList<>' is defined in an assembly that is not referenced. You must add a reference to assembly 'mscorlib, Version=4.0.0.0, Culture=neutral, PublicKeyToken=b77a5c561934e089'.
C:\gh\azure-sdk-for-net\sdk\keyvault\Microsoft.Azure.Management.KeyVault\tests\KeyVaultTestBase.cs(122,17): error CS0012: The type 'IList<>' is defined in an assembly that is not referenced. You must add a reference to assembly 'mscorlib, Version=4.0.0.0, Culture=neutral, PublicKeyToken=b77a5c561934e089'.
C:\gh\azure-sdk-for-net\sdk\keyvault\Microsoft.Azure.Management.KeyVault\tests\KeyVaultTestBase.cs(122,34): error CS0518: Predefined type 'System.Int32' is not defined or imported
C:\gh\azure-sdk-for-net\sdk\keyvault\Microsoft.Azure.Management.KeyVault\tests\VaultOperationsTest.cs(559,13): error CS0518: Predefined type 'System.Object' is not defined or imported
C:\gh\azure-sdk-for-net\sdk\keyvault\Microsoft.Azure.Management.KeyVault\tests\VaultOperationsTest.cs(559,13): error CS0103: The name 'Assert' does not exist in the current context
C:\gh\azure-sdk-for-net\sdk\keyvault\Microsoft.Azure.Management.KeyVault\tests\VaultOperationsTest.cs(559,33): error CS0518: Predefined type 'System.String' is not defined or imported
C:\gh\azure-sdk-for-net\sdk\keyvault\Microsoft.Azure.Management.KeyVault\tests\VaultOperationsTest.cs(559,50): error CS0518: Predefined type 'System.String' is not defined or imported
C:\gh\azure-sdk-for-net\sdk\keyvault\Microsoft.Azure.Management.KeyVault\tests\VaultOperationsTest.cs(560,13): error CS0518: Predefined type 'System.Object' is not defined or imported
C:\gh\azure-sdk-for-net\sdk\keyvault\Microsoft.Azure.Management.KeyVault\tests\VaultOperationsTest.cs(560,13): error CS0103: The name 'Assert' does not exist in the current context
C:\gh\azure-sdk-for-net\sdk\keyvault\Microsoft.Azure.Management.KeyVault\tests\VaultOperationsTest.cs(560,33): error CS0518: Predefined type 'System.String' is not defined or imported
C:\gh\azure-sdk-for-net\sdk\keyvault\Microsoft.Azure.Management.KeyVault\tests\VaultOperationsTest.cs(560,46): error CS0518: Predefined type 'System.String' is not defined or imported
C:\gh\azure-sdk-for-net\sdk\keyvault\Microsoft.Azure.Management.KeyVault\tests\VaultOperationsTest.cs(561,13): error CS0518: Predefined type 'System.Object' is not defined or imported
C:\gh\azure-sdk-for-net\sdk\keyvault\Microsoft.Azure.Management.KeyVault\tests\VaultOperationsTest.cs(561,13): error CS0103: The name 'Assert' does not exist in the current context
C:\gh\azure-sdk-for-net\sdk\keyvault\Microsoft.Azure.Management.KeyVault\tests\VaultOperationsTest.cs(561,33): error CS0518: Predefined type 'System.String' is not defined or imported
C:\gh\azure-sdk-for-net\sdk\keyvault\Microsoft.Azure.Management.KeyVault\tests\VaultOperationsTest.cs(561,44): error CS0518: Predefined type 'System.String' is not defined or imported
C:\gh\azure-sdk-for-net\sdk\keyvault\Microsoft.Azure.Management.KeyVault\tests\VaultOperationsTest.cs(562,13): error CS0518: Predefined type 'System.Object' is not defined or imported
C:\gh\azure-sdk-for-net\sdk\keyvault\Microsoft.Azure.Management.KeyVault\tests\VaultOperationsTest.cs(562,13): error CS0103: The name 'Assert' does not exist in the current context
C:\gh\azure-sdk-for-net\sdk\keyvault\Microsoft.Azure.Management.KeyVault\tests\VaultOperationsTest.cs(562,32): error CS0012: The type 'IDictionary<,>' is defined in an assembly that is not referenced. You must add a reference to assembly 'mscorlib, Version=4.0.0.0, Culture=neutral, PublicKeyToken=b77a5c561934e089'.
C:\gh\azure-sdk-for-net\sdk\keyvault\Microsoft.Azure.Management.KeyVault\tests\VaultOperationsTest.cs(562,60): error CS0012: The type 'IDictionary<,>' is defined in an assembly that is not referenced. You must add a reference to assembly 'mscorlib, Version=4.0.0.0, Culture=neutral, PublicKeyToken=b77a5c561934e089'.
C:\gh\azure-sdk-for-net\sdk\keyvault\Microsoft.Azure.Management.KeyVault\tests\VaultOperationsTest.cs(564,13): error CS0518: Predefined type 'System.Object' is not defined or imported
C:\gh\azure-sdk-for-net\sdk\keyvault\Microsoft.Azure.Management.KeyVault\tests\VaultOperationsTest.cs(564,13): error CS0103: The name 'Assert' does not exist in the current context
C:\gh\azure-sdk-for-net\sdk\keyvault\Microsoft.Azure.Management.KeyVault\tests\VaultOperationsTest.cs(564,44): error CS0518: Predefined type 'System.String' is not defined or imported
C:\gh\azure-sdk-for-net\sdk\keyvault\Microsoft.Azure.Management.KeyVault\tests\VaultOperationsTest.cs(564,61): error CS0518: Predefined type 'System.Char' is not defined or imported
C:\gh\azure-sdk-for-net\sdk\keyvault\Microsoft.Azure.Management.KeyVault\tests\VaultOperationsTest.cs(564,85): error CS0518: Predefined type 'System.String' is not defined or imported
C:\gh\azure-sdk-for-net\sdk\keyvault\Microsoft.Azure.Management.KeyVault\tests\VaultOperationsTest.cs(564,102): error CS0518: Predefined type 'System.Char' is not defined or imported
C:\gh\azure-sdk-for-net\sdk\keyvault\Microsoft.Azure.Management.KeyVault\tests\VaultOperationsTest.cs(565,13): error CS0518: Predefined type 'System.Object' is not defined or imported
C:\gh\azure-sdk-for-net\sdk\keyvault\Microsoft.Azure.Management.KeyVault\tests\VaultOperationsTest.cs(565,13): error CS0103: The name 'Assert' does not exist in the current context
C:\gh\azure-sdk-for-net\sdk\keyvault\Microsoft.Azure.Management.KeyVault\tests\VaultOperationsTest.cs(565,44): error CS0012: The type 'Guid' is defined in an assembly that is not referenced. You must add a reference to assembly 'mscorlib, Version=4.0.0.0, Culture=neutral, PublicKeyToken=b77a5c561934e089'.
C:\gh\azure-sdk-for-net\sdk\keyvault\Microsoft.Azure.Management.KeyVault\tests\VaultOperationsTest.cs(565,72): error CS0012: The type 'Guid' is defined in an assembly that is not referenced. You must add a reference to assembly 'mscorlib, Version=4.0.0.0, Culture=neutral, PublicKeyToken=b77a5c561934e089'.
C:\gh\azure-sdk-for-net\sdk\keyvault\Microsoft.Azure.Management.KeyVault\tests\VaultOperationsTest.cs(566,13): error CS0518: Predefined type 'System.Object' is not defined or imported
C:\gh\azure-sdk-for-net\sdk\keyvault\Microsoft.Azure.Management.KeyVault\tests\VaultOperationsTest.cs(566,13): error CS0103: The name 'Assert' does not exist in the current context
C:\gh\azure-sdk-for-net\sdk\keyvault\Microsoft.Azure.Management.KeyVault\tests\VaultOperationsTest.cs(567,13): error CS0518: Predefined type 'System.Object' is not defined or imported
C:\gh\azure-sdk-for-net\sdk\keyvault\Microsoft.Azure.Management.KeyVault\tests\VaultOperationsTest.cs(567,13): error CS0103: The name 'Assert' does not exist in the current context
C:\gh\azure-sdk-for-net\sdk\keyvault\Microsoft.Azure.Management.KeyVault\tests\VaultOperationsTest.cs(567,44): error CS0012: The type 'Nullable<>' is defined in an assembly that is not referenced. You must add a reference to assembly 'mscorlib, Version=4.0.0.0, Culture=neutral, PublicKeyToken=b77a5c561934e089'.
C:\gh\azure-sdk-for-net\sdk\keyvault\Microsoft.Azure.Management.KeyVault\tests\VaultOperationsTest.cs(567,80): error CS0012: The type 'Nullable<>' is defined in an assembly that is not referenced. You must add a reference to assembly 'mscorlib, Version=4.0.0.0, Culture=neutral, PublicKeyToken=b77a5c561934e089'.
C:\gh\azure-sdk-for-net\sdk\keyvault\Microsoft.Azure.Management.KeyVault\tests\VaultOperationsTest.cs(568,13): error CS0518: Predefined type 'System.Object' is not defined or imported
C:\gh\azure-sdk-for-net\sdk\keyvault\Microsoft.Azure.Management.KeyVault\tests\VaultOperationsTest.cs(568,13): error CS0103: The name 'Assert' does not exist in the current context
C:\gh\azure-sdk-for-net\sdk\keyvault\Microsoft.Azure.Management.KeyVault\tests\VaultOperationsTest.cs(568,44): error CS0012: The type 'Nullable<>' is defined in an assembly that is not referenced. You must add a reference to assembly 'mscorlib, Version=4.0.0.0, Culture=neutral, PublicKeyToken=b77a5c561934e089'.
C:\gh\azure-sdk-for-net\sdk\keyvault\Microsoft.Azure.Management.KeyVault\tests\VaultOperationsTest.cs(568,92): error CS0012: The type 'Nullable<>' is defined in an assembly that is not referenced. You must add a reference to assembly 'mscorlib, Version=4.0.0.0, Culture=neutral, PublicKeyToken=b77a5c561934e089'.
C:\gh\azure-sdk-for-net\sdk\keyvault\Microsoft.Azure.Management.KeyVault\tests\VaultOperationsTest.cs(569,13): error CS0518: Predefined type 'System.Object' is not defined or imported
C:\gh\azure-sdk-for-net\sdk\keyvault\Microsoft.Azure.Management.KeyVault\tests\VaultOperationsTest.cs(569,13): error CS0103: The name 'Assert' does not exist in the current context
C:\gh\azure-sdk-for-net\sdk\keyvault\Microsoft.Azure.Management.KeyVault\tests\VaultOperationsTest.cs(569,44): error CS0012: The type 'Nullable<>' is defined in an assembly that is not referenced. You must add a reference to assembly 'mscorlib, Version=4.0.0.0, Culture=neutral, PublicKeyToken=b77a5c561934e089'.
C:\gh\azure-sdk-for-net\sdk\keyvault\Microsoft.Azure.Management.KeyVault\tests\VaultOperationsTest.cs(569,88): error CS0012: The type 'Nullable<>' is defined in an assembly that is not referenced. You must add a reference to assembly 'mscorlib, Version=4.0.0.0, Culture=neutral, PublicKeyToken=b77a5c561934e089'.
C:\gh\azure-sdk-for-net\sdk\keyvault\Microsoft.Azure.Management.KeyVault\tests\VaultOperationsTest.cs(570,13): error CS0518: Predefined type 'System.Object' is not defined or imported
C:\gh\azure-sdk-for-net\sdk\keyvault\Microsoft.Azure.Management.KeyVault\tests\VaultOperationsTest.cs(570,13): error CS0103: The name 'Assert' does not exist in the current context
C:\gh\azure-sdk-for-net\sdk\keyvault\Microsoft.Azure.Management.KeyVault\tests\VaultOperationsTest.cs(570,44): error CS0012: The type 'Nullable<>' is defined in an assembly that is not referenced. You must add a reference to assembly 'mscorlib, Version=4.0.0.0, Culture=neutral, PublicKeyToken=b77a5c561934e089'.
C:\gh\azure-sdk-for-net\sdk\keyvault\Microsoft.Azure.Management.KeyVault\tests\VaultOperationsTest.cs(570,84): error CS0012: The type 'Nullable<>' is defined in an assembly that is not referenced. You must add a reference to assembly 'mscorlib, Version=4.0.0.0, Culture=neutral, PublicKeyToken=b77a5c561934e089'.
C:\gh\azure-sdk-for-net\sdk\keyvault\Microsoft.Azure.Management.KeyVault\tests\VaultOperationsTest.cs(571,13): error CS0518: Predefined type 'System.Object' is not defined or imported
C:\gh\azure-sdk-for-net\sdk\keyvault\Microsoft.Azure.Management.KeyVault\tests\VaultOperationsTest.cs(571,13): error CS0103: The name 'Assert' does not exist in the current context
C:\gh\azure-sdk-for-net\sdk\keyvault\Microsoft.Azure.Management.KeyVault\tests\VaultOperationsTest.cs(571,43): error CS0012: The type 'IList<>' is defined in an assembly that is not referenced. You must add a reference to assembly 'mscorlib, Version=4.0.0.0, Culture=neutral, PublicKeyToken=b77a5c561934e089'.
C:\gh\azure-sdk-for-net\sdk\keyvault\Microsoft.Azure.Management.KeyVault\tests\VaultOperationsTest.cs(571,84): error CS0012: The type 'IList<>' is defined in an assembly that is not referenced. You must add a reference to assembly 'mscorlib, Version=4.0.0.0, Culture=neutral, PublicKeyToken=b77a5c561934e089'.
C:\gh\azure-sdk-for-net\sdk\keyvault\Microsoft.Azure.Management.KeyVault\tests\VaultOperationsTest.cs(572,20): error CS0518: Predefined type 'System.Boolean' is not defined or imported
C:\gh\azure-sdk-for-net\sdk\keyvault\Microsoft.Azure.Management.KeyVault\tests\VaultOperationsTest.cs(127,13): error CS0518: Predefined type 'System.IDisposable' is not defined or imported
C:\gh\azure-sdk-for-net\sdk\keyvault\Microsoft.Azure.Management.KeyVault\tests\VaultOperationsTest.cs(127,20): error CS0518: Predefined type 'System.Object' is not defined or imported
C:\gh\azure-sdk-for-net\sdk\keyvault\Microsoft.Azure.Management.KeyVault\tests\VaultOperationsTest.cs(127,20): error CS0246: The type or namespace name 'MockContext' could not be found (are you missing a using directive or an assembly reference?)
C:\gh\azure-sdk-for-net\sdk\keyvault\Microsoft.Azure.Management.KeyVault\tests\VaultOperationsTest.cs(127,42): error CS0518: Predefined type 'System.Object' is not defined or imported
C:\gh\azure-sdk-for-net\sdk\keyvault\Microsoft.Azure.Management.KeyVault\tests\VaultOperationsTest.cs(127,42): error CS0103: The name 'MockContext' does not exist in the current context
C:\gh\azure-sdk-for-net\sdk\keyvault\Microsoft.Azure.Management.KeyVault\tests\VaultOperationsTest.cs(127,65): error CS0518: Predefined type 'System.Object' is not defined or imported
C:\gh\azure-sdk-for-net\sdk\keyvault\Microsoft.Azure.Management.KeyVault\tests\VaultOperationsTest.cs(127,65): error CS1061: 'VaultOperationsTest' does not contain a definition for 'GetType' and no accessible extension method 'GetType' accepting a first argument of type 'VaultOperationsTest' could be found (are you missing a using directive or an assembly reference?)
C:\gh\azure-sdk-for-net\sdk\keyvault\Microsoft.Azure.Management.KeyVault\tests\VaultOperationsTest.cs(129,36): error CS0518: Predefined type 'System.Object' is not defined or imported
C:\gh\azure-sdk-for-net\sdk\keyvault\Microsoft.Azure.Management.KeyVault\tests\VaultOperationsTest.cs(130,33): error CS0012: The type 'Nullable<>' is defined in an assembly that is not referenced. You must add a reference to assembly 'mscorlib, Version=4.0.0.0, Culture=neutral, PublicKeyToken=b77a5c561934e089'.
C:\gh\azure-sdk-for-net\sdk\keyvault\Microsoft.Azure.Management.KeyVault\tests\VaultOperationsTest.cs(130,49): error CS0518: Predefined type 'System.Object' is not defined or imported
C:\gh\azure-sdk-for-net\sdk\keyvault\Microsoft.Azure.Management.KeyVault\tests\VaultOperationsTest.cs(130,49): error CS0103: The name 'Guid' does not exist in the current context
C:\gh\azure-sdk-for-net\sdk\keyvault\Microsoft.Azure.Management.KeyVault\tests\VaultOperationsTest.cs(131,42): error CS0012: The type 'Nullable<>' is defined in an assembly that is not referenced. You must add a reference to assembly 'mscorlib, Version=4.0.0.0, Culture=neutral, PublicKeyToken=b77a5c561934e089'.
C:\gh\azure-sdk-for-net\sdk\keyvault\Microsoft.Azure.Management.KeyVault\tests\VaultOperationsTest.cs(131,61): error CS0518: Predefined type 'System.Boolean' is not defined or imported
C:\gh\azure-sdk-for-net\sdk\keyvault\Microsoft.Azure.Management.KeyVault\tests\VaultOperationsTest.cs(136,37): error CS0518: Predefined type 'System.Object' is not defined or imported
C:\gh\azure-sdk-for-net\sdk\keyvault\Microsoft.Azure.Management.KeyVault\tests\VaultOperationsTest.cs(136,37): error CS0518: Predefined type 'System.Void' is not defined or imported
C:\gh\azure-sdk-for-net\sdk\keyvault\Microsoft.Azure.Management.KeyVault\tests\VaultOperationsTest.cs(138,25): error CS0518: Predefined type 'System.String' is not defined or imported
C:\gh\azure-sdk-for-net\sdk\keyvault\Microsoft.Azure.Management.KeyVault\tests\VaultOperationsTest.cs(139,25): error CS0012: The type 'IDictionary<,>' is defined in an assembly that is not referenced. You must add a reference to assembly 'mscorlib, Version=4.0.0.0, Culture=neutral, PublicKeyToken=b77a5c561934e089'.
C:\gh\azure-sdk-for-net\sdk\keyvault\Microsoft.Azure.Management.KeyVault\tests\VaultOperationsTest.cs(140,25): error CS0518: Predefined type 'System.Void' is not defined or imported
C:\gh\azure-sdk-for-net\sdk\keyvault\Microsoft.Azure.Management.KeyVault\tests\VaultOperationsTest.cs(133,29): error CS0518: Predefined type 'System.String' is not defined or imported
C:\gh\azure-sdk-for-net\sdk\keyvault\Microsoft.Azure.Management.KeyVault\tests\VaultOperationsTest.cs(144,17): error CS0518: Predefined type 'System.Object' is not defined or imported
C:\gh\azure-sdk-for-net\sdk\keyvault\Microsoft.Azure.Management.KeyVault\tests\VaultOperationsTest.cs(144,17): error CS0103: The name 'Assert' does not exist in the current context
C:\gh\azure-sdk-for-net\sdk\keyvault\Microsoft.Azure.Management.KeyVault\tests\VaultOperationsTest.cs(147,17): error CS0518: Predefined type 'System.Void' is not defined or imported
C:\gh\azure-sdk-for-net\sdk\keyvault\Microsoft.Azure.Management.KeyVault\tests\VaultOperationsTest.cs(147,17): error CS0518: Predefined type 'System.String' is not defined or imported
C:\gh\azure-sdk-for-net\sdk\keyvault\Microsoft.Azure.Management.KeyVault\tests\VaultOperationsTest.cs(577,17): error CS0518: Predefined type 'System.Boolean' is not defined or imported
C:\gh\azure-sdk-for-net\sdk\keyvault\Microsoft.Azure.Management.KeyVault\tests\VaultOperationsTest.cs(577,37): error CS0518: Predefined type 'System.Boolean' is not defined or imported
C:\gh\azure-sdk-for-net\sdk\keyvault\Microsoft.Azure.Management.KeyVault\tests\VaultOperationsTest.cs(577,17): error CS0518: Predefined type 'System.Boolean' is not defined or imported
C:\gh\azure-sdk-for-net\sdk\keyvault\Microsoft.Azure.Management.KeyVault\tests\VaultOperationsTest.cs(578,24): error CS0518: Predefined type 'System.Boolean' is not defined or imported
C:\gh\azure-sdk-for-net\sdk\keyvault\Microsoft.Azure.Management.KeyVault\tests\VaultOperationsTest.cs(580,17): error CS0518: Predefined type 'System.Boolean' is not defined or imported
C:\gh\azure-sdk-for-net\sdk\keyvault\Microsoft.Azure.Management.KeyVault\tests\VaultOperationsTest.cs(580,37): error CS0518: Predefined type 'System.Boolean' is not defined or imported
C:\gh\azure-sdk-for-net\sdk\keyvault\Microsoft.Azure.Management.KeyVault\tests\VaultOperationsTest.cs(580,17): error CS0518: Predefined type 'System.Boolean' is not defined or imported
C:\gh\azure-sdk-for-net\sdk\keyvault\Microsoft.Azure.Management.KeyVault\tests\VaultOperationsTest.cs(581,24): error CS0518: Predefined type 'System.Boolean' is not defined or imported
C:\gh\azure-sdk-for-net\sdk\keyvault\Microsoft.Azure.Management.KeyVault\tests\VaultOperationsTest.cs(583,17): error CS0518: Predefined type 'System.Boolean' is not defined or imported
C:\gh\azure-sdk-for-net\sdk\keyvault\Microsoft.Azure.Management.KeyVault\tests\VaultOperationsTest.cs(583,17): error CS0518: Predefined type 'System.Boolean' is not defined or imported
C:\gh\azure-sdk-for-net\sdk\keyvault\Microsoft.Azure.Management.KeyVault\tests\VaultOperationsTest.cs(584,24): error CS0518: Predefined type 'System.Boolean' is not defined or imported
C:\gh\azure-sdk-for-net\sdk\keyvault\Microsoft.Azure.Management.KeyVault\tests\VaultOperationsTest.cs(586,13): error CS0518: Predefined type 'System.Object' is not defined or imported
C:\gh\azure-sdk-for-net\sdk\keyvault\Microsoft.Azure.Management.KeyVault\tests\VaultOperationsTest.cs(586,52): error CS0518: Predefined type 'System.Object' is not defined or imported
C:\gh\azure-sdk-for-net\sdk\keyvault\Microsoft.Azure.Management.KeyVault\tests\VaultOperationsTest.cs(587,43): error CS0518: Predefined type 'System.Int32' is not defined or imported
C:\gh\azure-sdk-for-net\sdk\keyvault\Microsoft.Azure.Management.KeyVault\tests\VaultOperationsTest.cs(589,22): error CS0518: Predefined type 'System.Object' is not defined or imported
C:\gh\azure-sdk-for-net\sdk\keyvault\Microsoft.Azure.Management.KeyVault\tests\VaultOperationsTest.cs(591,42): error CS0518: Predefined type 'System.Array' is not defined or imported
C:\gh\azure-sdk-for-net\sdk\keyvault\Microsoft.Azure.Management.KeyVault\tests\VaultOperationsTest.cs(591,42): error CS0518: Predefined type 'System.Object' is not defined or imported
C:\gh\azure-sdk-for-net\sdk\keyvault\Microsoft.Azure.Management.KeyVault\tests\VaultOperationsTest.cs(591,42): error CS1061: 'AccessPolicyEntry[]' does not contain a definition for 'Where' and no accessible extension method 'Where' accepting a first argument of type 'AccessPolicyEntry[]' could be found (are you missing a using directive or an assembly reference?)
C:\gh\azure-sdk-for-net\sdk\keyvault\Microsoft.Azure.Management.KeyVault\tests\VaultOperationsTest.cs(604,21): error CS0518: Predefined type 'System.Boolean' is not defined or imported
C:\gh\azure-sdk-for-net\sdk\keyvault\Microsoft.Azure.Management.KeyVault\tests\VaultOperationsTest.cs(604,21): error CS0518: Predefined type 'System.Boolean' is not defined or imported
C:\gh\azure-sdk-for-net\sdk\keyvault\Microsoft.Azure.Management.KeyVault\tests\VaultOperationsTest.cs(605,28): error CS0518: Predefined type 'System.Boolean' is not defined or imported
C:\gh\azure-sdk-for-net\sdk\keyvault\Microsoft.Azure.Management.KeyVault\tests\VaultOperationsTest.cs(607,45): error CS0518: Predefined type 'System.Array' is not defined or imported
C:\gh\azure-sdk-for-net\sdk\keyvault\Microsoft.Azure.Management.KeyVault\tests\VaultOperationsTest.cs(607,45): error CS0518: Predefined type 'System.Object' is not defined or imported
C:\gh\azure-sdk-for-net\sdk\keyvault\Microsoft.Azure.Management.KeyVault\tests\VaultOperationsTest.cs(607,45): error CS1061: 'AccessPolicyEntry[]' does not contain a definition for 'Where' and no accessible extension method 'Where' accepting a first argument of type 'AccessPolicyEntry[]' could be found (are you missing a using directive or an assembly reference?)
C:\gh\azure-sdk-for-net\sdk\keyvault\Microsoft.Azure.Management.KeyVault\tests\VaultOperationsTest.cs(609,30): error CS0518: Predefined type 'System.Array' is not defined or imported
C:\gh\azure-sdk-for-net\sdk\keyvault\Microsoft.Azure.Management.KeyVault\tests\VaultOperationsTest.cs(609,30): error CS0518: Predefined type 'System.Object' is not defined or imported
C:\gh\azure-sdk-for-net\sdk\keyvault\Microsoft.Azure.Management.KeyVault\tests\VaultOperationsTest.cs(609,30): error CS1061: 'AccessPolicyEntry[]' does not contain a definition for 'Length' and no accessible extension method 'Length' accepting a first argument of type 'AccessPolicyEntry[]' could be found (are you missing a using directive or an assembly reference?)
C:\gh\azure-sdk-for-net\sdk\keyvault\Microsoft.Azure.Management.KeyVault\tests\VaultOperationsTest.cs(609,39): error CS0518: Predefined type 'System.Int32' is not defined or imported
C:\gh\azure-sdk-for-net\sdk\keyvault\Microsoft.Azure.Management.KeyVault\tests\VaultOperationsTest.cs(609,17): error CS0518: Predefined type 'System.Boolean' is not defined or imported
C:\gh\azure-sdk-for-net\sdk\keyvault\Microsoft.Azure.Management.KeyVault\tests\VaultOperationsTest.cs(609,17): error CS0518: Predefined type 'System.Boolean' is not defined or imported
C:\gh\azure-sdk-for-net\sdk\keyvault\Microsoft.Azure.Management.KeyVault\tests\VaultOperationsTest.cs(610,24): error CS0518: Predefined type 'System.Boolean' is not defined or imported
C:\gh\azure-sdk-for-net\sdk\keyvault\Microsoft.Azure.Management.KeyVault\tests\VaultOperationsTest.cs(612,20): error CS0518: Predefined type 'System.Boolean' is not defined or imported
C:\gh\azure-sdk-for-net\sdk\keyvault\Microsoft.Azure.Management.KeyVault\tests\VaultOperationsTest.cs(156,13): error CS0518: Predefined type 'System.IDisposable' is not defined or imported
C:\gh\azure-sdk-for-net\sdk\keyvault\Microsoft.Azure.Management.KeyVault\tests\VaultOperationsTest.cs(156,20): error CS0518: Predefined type 'System.Object' is not defined or imported
C:\gh\azure-sdk-for-net\sdk\keyvault\Microsoft.Azure.Management.KeyVault\tests\VaultOperationsTest.cs(156,20): error CS0246: The type or namespace name 'MockContext' could not be found (are you missing a using directive or an assembly reference?)
C:\gh\azure-sdk-for-net\sdk\keyvault\Microsoft.Azure.Management.KeyVault\tests\VaultOperationsTest.cs(156,42): error CS0518: Predefined type 'System.Object' is not defined or imported
C:\gh\azure-sdk-for-net\sdk\keyvault\Microsoft.Azure.Management.KeyVault\tests\VaultOperationsTest.cs(156,42): error CS0103: The name 'MockContext' does not exist in the current context
C:\gh\azure-sdk-for-net\sdk\keyvault\Microsoft.Azure.Management.KeyVault\tests\VaultOperationsTest.cs(156,65): error CS0518: Predefined type 'System.Object' is not defined or imported
C:\gh\azure-sdk-for-net\sdk\keyvault\Microsoft.Azure.Management.KeyVault\tests\VaultOperationsTest.cs(156,65): error CS1061: 'VaultOperationsTest' does not contain a definition for 'GetType' and no accessible extension method 'GetType' accepting a first argument of type 'VaultOperationsTest' could be found (are you missing a using directive or an assembly reference?)
C:\gh\azure-sdk-for-net\sdk\keyvault\Microsoft.Azure.Management.KeyVault\tests\VaultOperationsTest.cs(158,36): error CS0518: Predefined type 'System.Object' is not defined or imported
C:\gh\azure-sdk-for-net\sdk\keyvault\Microsoft.Azure.Management.KeyVault\tests\VaultOperationsTest.cs(159,33): error CS0012: The type 'Nullable<>' is defined in an assembly that is not referenced. You must add a reference to assembly 'mscorlib, Version=4.0.0.0, Culture=neutral, PublicKeyToken=b77a5c561934e089'.
C:\gh\azure-sdk-for-net\sdk\keyvault\Microsoft.Azure.Management.KeyVault\tests\VaultOperationsTest.cs(159,49): error CS0518: Predefined type 'System.Object' is not defined or imported
C:\gh\azure-sdk-for-net\sdk\keyvault\Microsoft.Azure.Management.KeyVault\tests\VaultOperationsTest.cs(159,49): error CS0103: The name 'Guid' does not exist in the current context
C:\gh\azure-sdk-for-net\sdk\keyvault\Microsoft.Azure.Management.KeyVault\tests\VaultOperationsTest.cs(160,42): error CS0012: The type 'Nullable<>' is defined in an assembly that is not referenced. You must add a reference to assembly 'mscorlib, Version=4.0.0.0, Culture=neutral, PublicKeyToken=b77a5c561934e089'.
C:\gh\azure-sdk-for-net\sdk\keyvault\Microsoft.Azure.Management.KeyVault\tests\VaultOperationsTest.cs(165,37): error CS0518: Predefined type 'System.Object' is not defined or imported
C:\gh\azure-sdk-for-net\sdk\keyvault\Microsoft.Azure.Management.KeyVault\tests\VaultOperationsTest.cs(165,37): error CS0518: Predefined type 'System.Void' is not defined or imported
C:\gh\azure-sdk-for-net\sdk\keyvault\Microsoft.Azure.Management.KeyVault\tests\VaultOperationsTest.cs(167,25): error CS0518: Predefined type 'System.String' is not defined or imported
C:\gh\azure-sdk-for-net\sdk\keyvault\Microsoft.Azure.Management.KeyVault\tests\VaultOperationsTest.cs(168,25): error CS0012: The type 'IDictionary<,>' is defined in an assembly that is not referenced. You must add a reference to assembly 'mscorlib, Version=4.0.0.0, Culture=neutral, PublicKeyToken=b77a5c561934e089'.
C:\gh\azure-sdk-for-net\sdk\keyvault\Microsoft.Azure.Management.KeyVault\tests\VaultOperationsTest.cs(169,25): error CS0518: Predefined type 'System.Void' is not defined or imported
C:\gh\azure-sdk-for-net\sdk\keyvault\Microsoft.Azure.Management.KeyVault\tests\VaultOperationsTest.cs(162,35): error CS0518: Predefined type 'System.String' is not defined or imported
C:\gh\azure-sdk-for-net\sdk\keyvault\Microsoft.Azure.Management.KeyVault\tests\VaultOperationsTest.cs(173,17): error CS0518: Predefined type 'System.Object' is not defined or imported
C:\gh\azure-sdk-for-net\sdk\keyvault\Microsoft.Azure.Management.KeyVault\tests\VaultOperationsTest.cs(179,21): error CS0518: Predefined type 'System.String' is not defined or imported
C:\gh\azure-sdk-for-net\sdk\keyvault\Microsoft.Azure.Management.KeyVault\tests\VaultOperationsTest.cs(180,21): error CS0518: Predefined type 'System.Object' is not defined or imported
C:\gh\azure-sdk-for-net\sdk\keyvault\Microsoft.Azure.Management.KeyVault\tests\VaultOperationsTest.cs(181,21): error CS0518: Predefined type 'System.Boolean' is not defined or imported
C:\gh\azure-sdk-for-net\sdk\keyvault\Microsoft.Azure.Management.KeyVault\tests\VaultOperationsTest.cs(182,21): error CS0518: Predefined type 'System.Boolean' is not defined or imported
C:\gh\azure-sdk-for-net\sdk\keyvault\Microsoft.Azure.Management.KeyVault\tests\VaultOperationsTest.cs(183,21): error CS0518: Predefined type 'System.Boolean' is not defined or imported
C:\gh\azure-sdk-for-net\sdk\keyvault\Microsoft.Azure.Management.KeyVault\tests\VaultOperationsTest.cs(184,21): error CS0518: Predefined type 'System.Boolean' is not defined or imported
C:\gh\azure-sdk-for-net\sdk\keyvault\Microsoft.Azure.Management.KeyVault\tests\VaultOperationsTest.cs(185,21): error CS0518: Predefined type 'System.Int32' is not defined or imported
C:\gh\azure-sdk-for-net\sdk\keyvault\Microsoft.Azure.Management.KeyVault\tests\VaultOperationsTest.cs(189,38): error CS0518: Predefined type 'System.String' is not defined or imported
C:\gh\azure-sdk-for-net\sdk\keyvault\Microsoft.Azure.Management.KeyVault\tests\VaultOperationsTest.cs(193,17): error CS0518: Predefined type 'System.Object' is not defined or imported
C:\gh\azure-sdk-for-net\sdk\keyvault\Microsoft.Azure.Management.KeyVault\tests\VaultOperationsTest.cs(199,21): error CS0518: Predefined type 'System.String' is not defined or imported
C:\gh\azure-sdk-for-net\sdk\keyvault\Microsoft.Azure.Management.KeyVault\tests\VaultOperationsTest.cs(200,21): error CS0518: Predefined type 'System.Object' is not defined or imported
C:\gh\azure-sdk-for-net\sdk\keyvault\Microsoft.Azure.Management.KeyVault\tests\VaultOperationsTest.cs(201,21): error CS0518: Predefined type 'System.Boolean' is not defined or imported
C:\gh\azure-sdk-for-net\sdk\keyvault\Microsoft.Azure.Management.KeyVault\tests\VaultOperationsTest.cs(202,21): error CS0518: Predefined type 'System.Boolean' is not defined or imported
C:\gh\azure-sdk-for-net\sdk\keyvault\Microsoft.Azure.Management.KeyVault\tests\VaultOperationsTest.cs(203,21): error CS0518: Predefined type 'System.Boolean' is not defined or imported
C:\gh\azure-sdk-for-net\sdk\keyvault\Microsoft.Azure.Management.KeyVault\tests\VaultOperationsTest.cs(204,21): error CS0518: Predefined type 'System.Boolean' is not defined or imported
C:\gh\azure-sdk-for-net\sdk\keyvault\Microsoft.Azure.Management.KeyVault\tests\VaultOperationsTest.cs(205,21): error CS0518: Predefined type 'System.Int32' is not defined or imported
C:\gh\azure-sdk-for-net\sdk\keyvault\Microsoft.Azure.Management.KeyVault\tests\VaultOperationsTest.cs(210,17): error CS0518: Predefined type 'System.Void' is not defined or imported
C:\gh\azure-sdk-for-net\sdk\keyvault\Microsoft.Azure.Management.KeyVault\tests\VaultOperationsTest.cs(210,17): error CS0518: Predefined type 'System.String' is not defined or imported
C:\gh\azure-sdk-for-net\sdk\keyvault\Microsoft.Azure.Management.KeyVault\tests\VaultOperationsTest.cs(214,17): error CS0518: Predefined type 'System.Object' is not defined or imported
C:\gh\azure-sdk-for-net\sdk\keyvault\Microsoft.Azure.Management.KeyVault\tests\VaultOperationsTest.cs(214,17): error CS0103: The name 'Assert' does not exist in the current context
C:\gh\azure-sdk-for-net\sdk\keyvault\Microsoft.Azure.Management.KeyVault\tests\VaultOperationsTest.cs(214,31): error CS0518: Predefined type 'System.Object' is not defined or imported
C:\gh\azure-sdk-for-net\sdk\keyvault\Microsoft.Azure.Management.KeyVault\tests\VaultOperationsTest.cs(214,31): error CS0246: The type or namespace name 'CloudException' could not be found (are you missing a using directive or an assembly reference?)
C:\gh\azure-sdk-for-net\sdk\keyvault\Microsoft.Azure.Management.KeyVault\tests\VaultOperationsTest.cs(226,13): error CS0518: Predefined type 'System.Int32' is not defined or imported
C:\gh\azure-sdk-for-net\sdk\keyvault\Microsoft.Azure.Management.KeyVault\tests\VaultOperationsTest.cs(226,21): error CS0518: Predefined type 'System.Int32' is not defined or imported
C:\gh\azure-sdk-for-net\sdk\keyvault\Microsoft.Azure.Management.KeyVault\tests\VaultOperationsTest.cs(227,13): error CS0518: Predefined type 'System.Int32' is not defined or imported
C:\gh\azure-sdk-for-net\sdk\keyvault\Microsoft.Azure.Management.KeyVault\tests\VaultOperationsTest.cs(227,23): error CS0518: Predefined type 'System.Int32' is not defined or imported
C:\gh\azure-sdk-for-net\sdk\keyvault\Microsoft.Azure.Management.KeyVault\tests\VaultOperationsTest.cs(228,13): error CS0518: Predefined type 'System.IDisposable' is not defined or imported
C:\gh\azure-sdk-for-net\sdk\keyvault\Microsoft.Azure.Management.KeyVault\tests\VaultOperationsTest.cs(228,20): error CS0518: Predefined type 'System.Object' is not defined or imported
C:\gh\azure-sdk-for-net\sdk\keyvault\Microsoft.Azure.Management.KeyVault\tests\VaultOperationsTest.cs(228,20): error CS0246: The type or namespace name 'MockContext' could not be found (are you missing a using directive or an assembly reference?)
C:\gh\azure-sdk-for-net\sdk\keyvault\Microsoft.Azure.Management.KeyVault\tests\VaultOperationsTest.cs(228,42): error CS0518: Predefined type 'System.Object' is not defined or imported
C:\gh\azure-sdk-for-net\sdk\keyvault\Microsoft.Azure.Management.KeyVault\tests\VaultOperationsTest.cs(228,42): error CS0103: The name 'MockContext' does not exist in the current context
C:\gh\azure-sdk-for-net\sdk\keyvault\Microsoft.Azure.Management.KeyVault\tests\VaultOperationsTest.cs(228,65): error CS0518: Predefined type 'System.Object' is not defined or imported
C:\gh\azure-sdk-for-net\sdk\keyvault\Microsoft.Azure.Management.KeyVault\tests\VaultOperationsTest.cs(228,65): error CS1061: 'VaultOperationsTest' does not contain a definition for 'GetType' and no accessible extension method 'GetType' accepting a first argument of type 'VaultOperationsTest' could be found (are you missing a using directive or an assembly reference?)
C:\gh\azure-sdk-for-net\sdk\keyvault\Microsoft.Azure.Management.KeyVault\tests\VaultOperationsTest.cs(230,36): error CS0518: Predefined type 'System.Object' is not defined or imported
C:\gh\azure-sdk-for-net\sdk\keyvault\Microsoft.Azure.Management.KeyVault\tests\VaultOperationsTest.cs(231,42): error CS0012: The type 'Nullable<>' is defined in an assembly that is not referenced. You must add a reference to assembly 'mscorlib, Version=4.0.0.0, Culture=neutral, PublicKeyToken=b77a5c561934e089'.
C:\gh\azure-sdk-for-net\sdk\keyvault\Microsoft.Azure.Management.KeyVault\tests\VaultOperationsTest.cs(233,17): error CS0518: Predefined type 'System.Object' is not defined or imported
C:\gh\azure-sdk-for-net\sdk\keyvault\Microsoft.Azure.Management.KeyVault\tests\VaultOperationsTest.cs(233,17): error CS0246: The type or namespace name 'List<>' could not be found (are you missing a using directive or an assembly reference?)
C:\gh\azure-sdk-for-net\sdk\keyvault\Microsoft.Azure.Management.KeyVault\tests\VaultOperationsTest.cs(233,22): error CS0518: Predefined type 'System.String' is not defined or imported
C:\gh\azure-sdk-for-net\sdk\keyvault\Microsoft.Azure.Management.KeyVault\tests\VaultOperationsTest.cs(233,48): error CS0518: Predefined type 'System.Object' is not defined or imported
C:\gh\azure-sdk-for-net\sdk\keyvault\Microsoft.Azure.Management.KeyVault\tests\VaultOperationsTest.cs(233,48): error CS0246: The type or namespace name 'List<>' could not be found (are you missing a using directive or an assembly reference?)
C:\gh\azure-sdk-for-net\sdk\keyvault\Microsoft.Azure.Management.KeyVault\tests\VaultOperationsTest.cs(233,53): error CS0518: Predefined type 'System.String' is not defined or imported
C:\gh\azure-sdk-for-net\sdk\keyvault\Microsoft.Azure.Management.KeyVault\tests\VaultOperationsTest.cs(234,17): error CS0518: Predefined type 'System.Object' is not defined or imported
C:\gh\azure-sdk-for-net\sdk\keyvault\Microsoft.Azure.Management.KeyVault\tests\VaultOperationsTest.cs(234,17): error CS0246: The type or namespace name 'List<>' could not be found (are you missing a using directive or an assembly reference?)
C:\gh\azure-sdk-for-net\sdk\keyvault\Microsoft.Azure.Management.KeyVault\tests\VaultOperationsTest.cs(234,22): error CS0518: Predefined type 'System.String' is not defined or imported
C:\gh\azure-sdk-for-net\sdk\keyvault\Microsoft.Azure.Management.KeyVault\tests\VaultOperationsTest.cs(234,50): error CS0518: Predefined type 'System.Object' is not defined or imported
C:\gh\azure-sdk-for-net\sdk\keyvault\Microsoft.Azure.Management.KeyVault\tests\VaultOperationsTest.cs(234,50): error CS0246: The type or namespace name 'List<>' could not be found (are you missing a using directive or an assembly reference?)
C:\gh\azure-sdk-for-net\sdk\keyvault\Microsoft.Azure.Management.KeyVault\tests\VaultOperationsTest.cs(234,55): error CS0518: Predefined type 'System.String' is not defined or imported
C:\gh\azure-sdk-for-net\sdk\keyvault\Microsoft.Azure.Management.KeyVault\tests\VaultOperationsTest.cs(235,22): error CS0518: Predefined type 'System.Int32' is not defined or imported
C:\gh\azure-sdk-for-net\sdk\keyvault\Microsoft.Azure.Management.KeyVault\tests\VaultOperationsTest.cs(235,30): error CS0518: Predefined type 'System.Int32' is not defined or imported
C:\gh\azure-sdk-for-net\sdk\keyvault\Microsoft.Azure.Management.KeyVault\tests\VaultOperationsTest.cs(235,33): error CS0518: Predefined type 'System.Boolean' is not defined or imported
C:\gh\azure-sdk-for-net\sdk\keyvault\Microsoft.Azure.Management.KeyVault\tests\VaultOperationsTest.cs(235,33): error CS0518: Predefined type 'System.Boolean' is not defined or imported
C:\gh\azure-sdk-for-net\sdk\keyvault\Microsoft.Azure.Management.KeyVault\tests\VaultOperationsTest.cs(237,21): error CS0518: Predefined type 'System.String' is not defined or imported
C:\gh\azure-sdk-for-net\sdk\keyvault\Microsoft.Azure.Management.KeyVault\tests\VaultOperationsTest.cs(237,40): error CS0518: Predefined type 'System.Object' is not defined or imported
C:\gh\azure-sdk-for-net\sdk\keyvault\Microsoft.Azure.Management.KeyVault\tests\VaultOperationsTest.cs(237,40): error CS0103: The name 'TestUtilities' does not exist in the current context
C:\gh\azure-sdk-for-net\sdk\keyvault\Microsoft.Azure.Management.KeyVault\tests\VaultOperationsTest.cs(237,67): error CS0518: Predefined type 'System.String' is not defined or imported
C:\gh\azure-sdk-for-net\sdk\keyvault\Microsoft.Azure.Management.KeyVault\tests\VaultOperationsTest.cs(241,41): error CS0518: Predefined type 'System.Object' is not defined or imported
C:\gh\azure-sdk-for-net\sdk\keyvault\Microsoft.Azure.Management.KeyVault\tests\VaultOperationsTest.cs(241,41): error CS0518: Predefined type 'System.Void' is not defined or imported
C:\gh\azure-sdk-for-net\sdk\keyvault\Microsoft.Azure.Management.KeyVault\tests\VaultOperationsTest.cs(243,29): error CS0518: Predefined type 'System.String' is not defined or imported
C:\gh\azure-sdk-for-net\sdk\keyvault\Microsoft.Azure.Management.KeyVault\tests\VaultOperationsTest.cs(244,29): error CS0012: The type 'IDictionary<,>' is defined in an assembly that is not referenced. You must add a reference to assembly 'mscorlib, Version=4.0.0.0, Culture=neutral, PublicKeyToken=b77a5c561934e089'.
C:\gh\azure-sdk-for-net\sdk\keyvault\Microsoft.Azure.Management.KeyVault\tests\VaultOperationsTest.cs(245,29): error CS0518: Predefined type 'System.Void' is not defined or imported
C:\gh\azure-sdk-for-net\sdk\keyvault\Microsoft.Azure.Management.KeyVault\tests\VaultOperationsTest.cs(238,40): error CS0518: Predefined type 'System.String' is not defined or imported
C:\gh\azure-sdk-for-net\sdk\keyvault\Microsoft.Azure.Management.KeyVault\tests\VaultOperationsTest.cs(249,21): error CS0518: Predefined type 'System.Object' is not defined or imported
C:\gh\azure-sdk-for-net\sdk\keyvault\Microsoft.Azure.Management.KeyVault\tests\VaultOperationsTest.cs(249,21): error CS0103: The name 'Assert' does not exist in the current context
C:\gh\azure-sdk-for-net\sdk\keyvault\Microsoft.Azure.Management.KeyVault\tests\VaultOperationsTest.cs(250,21): error CS0518: Predefined type 'System.Object' is not defined or imported
C:\gh\azure-sdk-for-net\sdk\keyvault\Microsoft.Azure.Management.KeyVault\tests\VaultOperationsTest.cs(250,21): error CS0103: The name 'Assert' does not exist in the current context
C:\gh\azure-sdk-for-net\sdk\keyvault\Microsoft.Azure.Management.KeyVault\tests\VaultOperationsTest.cs(255,30): error CS0246: The type or namespace name 'IPage<>' could not be found (are you missing a using directive or an assembly reference?)
C:\gh\azure-sdk-for-net\sdk\keyvault\Microsoft.Azure.Management.KeyVault\tests\VaultOperationsTest.cs(256,17): error CS0518: Predefined type 'System.Object' is not defined or imported
C:\gh\azure-sdk-for-net\sdk\keyvault\Microsoft.Azure.Management.KeyVault\tests\VaultOperationsTest.cs(256,17): error CS0103: The name 'Assert' does not exist in the current context
C:\gh\azure-sdk-for-net\sdk\keyvault\Microsoft.Azure.Management.KeyVault\tests\VaultOperationsTest.cs(260,21): error CS0518: Predefined type 'System.Object' is not defined or imported
C:\gh\azure-sdk-for-net\sdk\keyvault\Microsoft.Azure.Management.KeyVault\tests\VaultOperationsTest.cs(260,21): error CS0103: The name 'Assert' does not exist in the current context
C:\gh\azure-sdk-for-net\sdk\keyvault\Microsoft.Azure.Management.KeyVault\tests\VaultOperationsTest.cs(263,24): error CS0518: Predefined type 'System.Boolean' is not defined or imported
C:\gh\azure-sdk-for-net\sdk\keyvault\Microsoft.Azure.Management.KeyVault\tests\VaultOperationsTest.cs(263,24): error CS0518: Predefined type 'System.Boolean' is not defined or imported
C:\gh\azure-sdk-for-net\sdk\keyvault\Microsoft.Azure.Management.KeyVault\tests\VaultOperationsTest.cs(265,30): error CS0246: The type or namespace name 'IPage<>' could not be found (are you missing a using directive or an assembly reference?)
C:\gh\azure-sdk-for-net\sdk\keyvault\Microsoft.Azure.Management.KeyVault\tests\VaultOperationsTest.cs(266,21): error CS0518: Predefined type 'System.Object' is not defined or imported
C:\gh\azure-sdk-for-net\sdk\keyvault\Microsoft.Azure.Management.KeyVault\tests\VaultOperationsTest.cs(266,21): error CS0103: The name 'Assert' does not exist in the current context
C:\gh\azure-sdk-for-net\sdk\keyvault\Microsoft.Azure.Management.KeyVault\tests\VaultOperationsTest.cs(269,25): error CS0518: Predefined type 'System.Object' is not defined or imported
C:\gh\azure-sdk-for-net\sdk\keyvault\Microsoft.Azure.Management.KeyVault\tests\VaultOperationsTest.cs(269,25): error CS0103: The name 'Assert' does not exist in the current context
C:\gh\azure-sdk-for-net\sdk\keyvault\Microsoft.Azure.Management.KeyVault\tests\VaultOperationsTest.cs(272,17): error CS0518: Predefined type 'System.Object' is not defined or imported
C:\gh\azure-sdk-for-net\sdk\keyvault\Microsoft.Azure.Management.KeyVault\tests\VaultOperationsTest.cs(272,17): error CS0103: The name 'Assert' does not exist in the current context
C:\gh\azure-sdk-for-net\sdk\keyvault\Microsoft.Azure.Management.KeyVault\tests\VaultOperationsTest.cs(272,50): error CS0518: Predefined type 'System.Int32' is not defined or imported
C:\gh\azure-sdk-for-net\sdk\keyvault\Microsoft.Azure.Management.KeyVault\tests\VaultOperationsTest.cs(272,29): error CS0518: Predefined type 'System.Boolean' is not defined or imported
C:\gh\azure-sdk-for-net\sdk\keyvault\Microsoft.Azure.Management.KeyVault\tests\VaultOperationsTest.cs(274,33): error CS0246: The type or namespace name 'IPage<>' could not be found (are you missing a using directive or an assembly reference?)
C:\gh\azure-sdk-for-net\sdk\keyvault\Microsoft.Azure.Management.KeyVault\tests\VaultOperationsTest.cs(275,17): error CS0518: Predefined type 'System.Object' is not defined or imported
C:\gh\azure-sdk-for-net\sdk\keyvault\Microsoft.Azure.Management.KeyVault\tests\VaultOperationsTest.cs(275,17): error CS0103: The name 'Assert' does not exist in the current context
C:\gh\azure-sdk-for-net\sdk\keyvault\Microsoft.Azure.Management.KeyVault\tests\VaultOperationsTest.cs(280,21): error CS0518: Predefined type 'System.Void' is not defined or imported
C:\gh\azure-sdk-for-net\sdk\keyvault\Microsoft.Azure.Management.KeyVault\tests\VaultOperationsTest.cs(280,21): error CS0518: Predefined type 'System.String' is not defined or imported
C:\gh\azure-sdk-for-net\sdk\keyvault\Microsoft.Azure.Management.KeyVault\tests\VaultOperationsTest.cs(288,13): error CS0518: Predefined type 'System.IDisposable' is not defined or imported
C:\gh\azure-sdk-for-net\sdk\keyvault\Microsoft.Azure.Management.KeyVault\tests\VaultOperationsTest.cs(288,20): error CS0518: Predefined type 'System.Object' is not defined or imported
C:\gh\azure-sdk-for-net\sdk\keyvault\Microsoft.Azure.Management.KeyVault\tests\VaultOperationsTest.cs(288,20): error CS0246: The type or namespace name 'MockContext' could not be found (are you missing a using directive or an assembly reference?)
C:\gh\azure-sdk-for-net\sdk\keyvault\Microsoft.Azure.Management.KeyVault\tests\VaultOperationsTest.cs(288,42): error CS0518: Predefined type 'System.Object' is not defined or imported
C:\gh\azure-sdk-for-net\sdk\keyvault\Microsoft.Azure.Management.KeyVault\tests\VaultOperationsTest.cs(288,42): error CS0103: The name 'MockContext' does not exist in the current context
C:\gh\azure-sdk-for-net\sdk\keyvault\Microsoft.Azure.Management.KeyVault\tests\VaultOperationsTest.cs(288,65): error CS0518: Predefined type 'System.Object' is not defined or imported
C:\gh\azure-sdk-for-net\sdk\keyvault\Microsoft.Azure.Management.KeyVault\tests\VaultOperationsTest.cs(288,65): error CS1061: 'VaultOperationsTest' does not contain a definition for 'GetType' and no accessible extension method 'GetType' accepting a first argument of type 'VaultOperationsTest' could be found (are you missing a using directive or an assembly reference?)
C:\gh\azure-sdk-for-net\sdk\keyvault\Microsoft.Azure.Management.KeyVault\tests\VaultOperationsTest.cs(290,36): error CS0518: Predefined type 'System.Object' is not defined or imported
C:\gh\azure-sdk-for-net\sdk\keyvault\Microsoft.Azure.Management.KeyVault\tests\VaultOperationsTest.cs(295,37): error CS0518: Predefined type 'System.Object' is not defined or imported
C:\gh\azure-sdk-for-net\sdk\keyvault\Microsoft.Azure.Management.KeyVault\tests\VaultOperationsTest.cs(295,37): error CS0518: Predefined type 'System.Void' is not defined or imported
C:\gh\azure-sdk-for-net\sdk\keyvault\Microsoft.Azure.Management.KeyVault\tests\VaultOperationsTest.cs(297,25): error CS0518: Predefined type 'System.String' is not defined or imported
C:\gh\azure-sdk-for-net\sdk\keyvault\Microsoft.Azure.Management.KeyVault\tests\VaultOperationsTest.cs(298,25): error CS0012: The type 'IDictionary<,>' is defined in an assembly that is not referenced. You must add a reference to assembly 'mscorlib, Version=4.0.0.0, Culture=neutral, PublicKeyToken=b77a5c561934e089'.
C:\gh\azure-sdk-for-net\sdk\keyvault\Microsoft.Azure.Management.KeyVault\tests\VaultOperationsTest.cs(299,25): error CS0518: Predefined type 'System.Void' is not defined or imported
C:\gh\azure-sdk-for-net\sdk\keyvault\Microsoft.Azure.Management.KeyVault\tests\VaultOperationsTest.cs(292,36): error CS0518: Predefined type 'System.String' is not defined or imported
C:\gh\azure-sdk-for-net\sdk\keyvault\Microsoft.Azure.Management.KeyVault\tests\VaultOperationsTest.cs(304,17): error CS0518: Predefined type 'System.Void' is not defined or imported
C:\gh\azure-sdk-for-net\sdk\keyvault\Microsoft.Azure.Management.KeyVault\tests\VaultOperationsTest.cs(304,17): error CS0518: Predefined type 'System.String' is not defined or imported
C:\gh\azure-sdk-for-net\sdk\keyvault\Microsoft.Azure.Management.KeyVault\tests\VaultOperationsTest.cs(309,17): error CS0518: Predefined type 'System.Object' is not defined or imported
C:\gh\azure-sdk-for-net\sdk\keyvault\Microsoft.Azure.Management.KeyVault\tests\VaultOperationsTest.cs(309,17): error CS0103: The name 'Assert' does not exist in the current context
C:\gh\azure-sdk-for-net\sdk\keyvault\Microsoft.Azure.Management.KeyVault\tests\VaultOperationsTest.cs(309,31): error CS0518: Predefined type 'System.Object' is not defined or imported
C:\gh\azure-sdk-for-net\sdk\keyvault\Microsoft.Azure.Management.KeyVault\tests\VaultOperationsTest.cs(309,31): error CS0246: The type or namespace name 'CloudException' could not be found (are you missing a using directive or an assembly reference?)
C:\gh\azure-sdk-for-net\sdk\keyvault\Microsoft.Azure.Management.KeyVault\tests\VaultOperationsTest.cs(320,37): error CS0518: Predefined type 'System.Object' is not defined or imported
C:\gh\azure-sdk-for-net\sdk\keyvault\Microsoft.Azure.Management.KeyVault\tests\VaultOperationsTest.cs(320,37): error CS0518: Predefined type 'System.Void' is not defined or imported
C:\gh\azure-sdk-for-net\sdk\keyvault\Microsoft.Azure.Management.KeyVault\tests\VaultOperationsTest.cs(322,25): error CS0518: Predefined type 'System.String' is not defined or imported
C:\gh\azure-sdk-for-net\sdk\keyvault\Microsoft.Azure.Management.KeyVault\tests\VaultOperationsTest.cs(323,25): error CS0012: The type 'IDictionary<,>' is defined in an assembly that is not referenced. You must add a reference to assembly 'mscorlib, Version=4.0.0.0, Culture=neutral, PublicKeyToken=b77a5c561934e089'.
C:\gh\azure-sdk-for-net\sdk\keyvault\Microsoft.Azure.Management.KeyVault\tests\VaultOperationsTest.cs(324,25): error CS0518: Predefined type 'System.Void' is not defined or imported
C:\gh\azure-sdk-for-net\sdk\keyvault\Microsoft.Azure.Management.KeyVault\tests\VaultOperationsTest.cs(317,38): error CS0518: Predefined type 'System.String' is not defined or imported
C:\gh\azure-sdk-for-net\sdk\keyvault\Microsoft.Azure.Management.KeyVault\tests\VaultOperationsTest.cs(328,17): error CS0518: Predefined type 'System.Object' is not defined or imported
C:\gh\azure-sdk-for-net\sdk\keyvault\Microsoft.Azure.Management.KeyVault\tests\VaultOperationsTest.cs(328,17): error CS0103: The name 'Assert' does not exist in the current context
C:\gh\azure-sdk-for-net\sdk\keyvault\Microsoft.Azure.Management.KeyVault\tests\VaultOperationsTest.cs(331,17): error CS0518: Predefined type 'System.String' is not defined or imported
C:\gh\azure-sdk-for-net\sdk\keyvault\Microsoft.Azure.Management.KeyVault\tests\VaultOperationsTest.cs(336,17): error CS0518: Predefined type 'System.Void' is not defined or imported
C:\gh\azure-sdk-for-net\sdk\keyvault\Microsoft.Azure.Management.KeyVault\tests\VaultOperationsTest.cs(336,17): error CS0518: Predefined type 'System.String' is not defined or imported
C:\gh\azure-sdk-for-net\sdk\keyvault\Microsoft.Azure.Management.KeyVault\tests\VaultOperationsTest.cs(344,37): error CS0518: Predefined type 'System.Object' is not defined or imported
C:\gh\azure-sdk-for-net\sdk\keyvault\Microsoft.Azure.Management.KeyVault\tests\VaultOperationsTest.cs(344,37): error CS0518: Predefined type 'System.Void' is not defined or imported
C:\gh\azure-sdk-for-net\sdk\keyvault\Microsoft.Azure.Management.KeyVault\tests\VaultOperationsTest.cs(346,25): error CS0518: Predefined type 'System.String' is not defined or imported
C:\gh\azure-sdk-for-net\sdk\keyvault\Microsoft.Azure.Management.KeyVault\tests\VaultOperationsTest.cs(347,25): error CS0012: The type 'IDictionary<,>' is defined in an assembly that is not referenced. You must add a reference to assembly 'mscorlib, Version=4.0.0.0, Culture=neutral, PublicKeyToken=b77a5c561934e089'.
C:\gh\azure-sdk-for-net\sdk\keyvault\Microsoft.Azure.Management.KeyVault\tests\VaultOperationsTest.cs(348,25): error CS0518: Predefined type 'System.Void' is not defined or imported
C:\gh\azure-sdk-for-net\sdk\keyvault\Microsoft.Azure.Management.KeyVault\tests\VaultOperationsTest.cs(348,42): error CS0518: Predefined type 'System.Object' is not defined or imported
C:\gh\azure-sdk-for-net\sdk\keyvault\Microsoft.Azure.Management.KeyVault\tests\VaultOperationsTest.cs(348,42): error CS0518: Predefined type 'System.Void' is not defined or imported
C:\gh\azure-sdk-for-net\sdk\keyvault\Microsoft.Azure.Management.KeyVault\tests\VaultOperationsTest.cs(350,29): error CS0012: The type 'Nullable<>' is defined in an assembly that is not referenced. You must add a reference to assembly 'mscorlib, Version=4.0.0.0, Culture=neutral, PublicKeyToken=b77a5c561934e089'.
C:\gh\azure-sdk-for-net\sdk\keyvault\Microsoft.Azure.Management.KeyVault\tests\VaultOperationsTest.cs(350,42): error CS0518: Predefined type 'System.Object' is not defined or imported
C:\gh\azure-sdk-for-net\sdk\keyvault\Microsoft.Azure.Management.KeyVault\tests\VaultOperationsTest.cs(341,39): error CS0518: Predefined type 'System.String' is not defined or imported
C:\gh\azure-sdk-for-net\sdk\keyvault\Microsoft.Azure.Management.KeyVault\tests\VaultOperationsTest.cs(355,17): error CS0518: Predefined type 'System.Object' is not defined or imported
C:\gh\azure-sdk-for-net\sdk\keyvault\Microsoft.Azure.Management.KeyVault\tests\VaultOperationsTest.cs(355,17): error CS0103: The name 'Assert' does not exist in the current context
C:\gh\azure-sdk-for-net\sdk\keyvault\Microsoft.Azure.Management.KeyVault\tests\VaultOperationsTest.cs(358,17): error CS0518: Predefined type 'System.String' is not defined or imported
C:\gh\azure-sdk-for-net\sdk\keyvault\Microsoft.Azure.Management.KeyVault\tests\VaultOperationsTest.cs(363,17): error CS0518: Predefined type 'System.Void' is not defined or imported
C:\gh\azure-sdk-for-net\sdk\keyvault\Microsoft.Azure.Management.KeyVault\tests\VaultOperationsTest.cs(363,17): error CS0518: Predefined type 'System.String' is not defined or imported
C:\gh\azure-sdk-for-net\sdk\keyvault\Microsoft.Azure.Management.KeyVault\tests\VaultOperationsTest.cs(372,13): error CS0518: Predefined type 'System.Int32' is not defined or imported
C:\gh\azure-sdk-for-net\sdk\keyvault\Microsoft.Azure.Management.KeyVault\tests\VaultOperationsTest.cs(372,21): error CS0518: Predefined type 'System.Int32' is not defined or imported
C:\gh\azure-sdk-for-net\sdk\keyvault\Microsoft.Azure.Management.KeyVault\tests\VaultOperationsTest.cs(373,13): error CS0518: Predefined type 'System.IDisposable' is not defined or imported
C:\gh\azure-sdk-for-net\sdk\keyvault\Microsoft.Azure.Management.KeyVault\tests\VaultOperationsTest.cs(373,20): error CS0518: Predefined type 'System.Object' is not defined or imported
C:\gh\azure-sdk-for-net\sdk\keyvault\Microsoft.Azure.Management.KeyVault\tests\VaultOperationsTest.cs(373,20): error CS0246: The type or namespace name 'MockContext' could not be found (are you missing a using directive or an assembly reference?)
C:\gh\azure-sdk-for-net\sdk\keyvault\Microsoft.Azure.Management.KeyVault\tests\VaultOperationsTest.cs(373,42): error CS0518: Predefined type 'System.Object' is not defined or imported
C:\gh\azure-sdk-for-net\sdk\keyvault\Microsoft.Azure.Management.KeyVault\tests\VaultOperationsTest.cs(373,42): error CS0103: The name 'MockContext' does not exist in the current context
C:\gh\azure-sdk-for-net\sdk\keyvault\Microsoft.Azure.Management.KeyVault\tests\VaultOperationsTest.cs(373,65): error CS0518: Predefined type 'System.Object' is not defined or imported
C:\gh\azure-sdk-for-net\sdk\keyvault\Microsoft.Azure.Management.KeyVault\tests\VaultOperationsTest.cs(373,65): error CS1061: 'VaultOperationsTest' does not contain a definition for 'GetType' and no accessible extension method 'GetType' accepting a first argument of type 'VaultOperationsTest' could be found (are you missing a using directive or an assembly reference?)
C:\gh\azure-sdk-for-net\sdk\keyvault\Microsoft.Azure.Management.KeyVault\tests\VaultOperationsTest.cs(375,36): error CS0518: Predefined type 'System.Object' is not defined or imported
C:\gh\azure-sdk-for-net\sdk\keyvault\Microsoft.Azure.Management.KeyVault\tests\VaultOperationsTest.cs(377,17): error CS0518: Predefined type 'System.Object' is not defined or imported
C:\gh\azure-sdk-for-net\sdk\keyvault\Microsoft.Azure.Management.KeyVault\tests\VaultOperationsTest.cs(377,17): error CS0246: The type or namespace name 'List<>' could not be found (are you missing a using directive or an assembly reference?)
C:\gh\azure-sdk-for-net\sdk\keyvault\Microsoft.Azure.Management.KeyVault\tests\VaultOperationsTest.cs(377,22): error CS0518: Predefined type 'System.String' is not defined or imported
C:\gh\azure-sdk-for-net\sdk\keyvault\Microsoft.Azure.Management.KeyVault\tests\VaultOperationsTest.cs(377,48): error CS0518: Predefined type 'System.Object' is not defined or imported
C:\gh\azure-sdk-for-net\sdk\keyvault\Microsoft.Azure.Management.KeyVault\tests\VaultOperationsTest.cs(377,48): error CS0246: The type or namespace name 'List<>' could not be found (are you missing a using directive or an assembly reference?)
C:\gh\azure-sdk-for-net\sdk\keyvault\Microsoft.Azure.Management.KeyVault\tests\VaultOperationsTest.cs(377,53): error CS0518: Predefined type 'System.String' is not defined or imported
C:\gh\azure-sdk-for-net\sdk\keyvault\Microsoft.Azure.Management.KeyVault\tests\VaultOperationsTest.cs(378,17): error CS0518: Predefined type 'System.Object' is not defined or imported
C:\gh\azure-sdk-for-net\sdk\keyvault\Microsoft.Azure.Management.KeyVault\tests\VaultOperationsTest.cs(378,17): error CS0246: The type or namespace name 'List<>' could not be found (are you missing a using directive or an assembly reference?)
C:\gh\azure-sdk-for-net\sdk\keyvault\Microsoft.Azure.Management.KeyVault\tests\VaultOperationsTest.cs(378,22): error CS0518: Predefined type 'System.String' is not defined or imported
C:\gh\azure-sdk-for-net\sdk\keyvault\Microsoft.Azure.Management.KeyVault\tests\VaultOperationsTest.cs(378,50): error CS0518: Predefined type 'System.Object' is not defined or imported
C:\gh\azure-sdk-for-net\sdk\keyvault\Microsoft.Azure.Management.KeyVault\tests\VaultOperationsTest.cs(378,50): error CS0246: The type or namespace name 'List<>' could not be found (are you missing a using directive or an assembly reference?)
C:\gh\azure-sdk-for-net\sdk\keyvault\Microsoft.Azure.Management.KeyVault\tests\VaultOperationsTest.cs(378,55): error CS0518: Predefined type 'System.String' is not defined or imported
C:\gh\azure-sdk-for-net\sdk\keyvault\Microsoft.Azure.Management.KeyVault\tests\VaultOperationsTest.cs(379,22): error CS0518: Predefined type 'System.Int32' is not defined or imported
C:\gh\azure-sdk-for-net\sdk\keyvault\Microsoft.Azure.Management.KeyVault\tests\VaultOperationsTest.cs(379,30): error CS0518: Predefined type 'System.Int32' is not defined or imported
C:\gh\azure-sdk-for-net\sdk\keyvault\Microsoft.Azure.Management.KeyVault\tests\VaultOperationsTest.cs(379,33): error CS0518: Predefined type 'System.Boolean' is not defined or imported
C:\gh\azure-sdk-for-net\sdk\keyvault\Microsoft.Azure.Management.KeyVault\tests\VaultOperationsTest.cs(379,33): error CS0518: Predefined type 'System.Boolean' is not defined or imported
C:\gh\azure-sdk-for-net\sdk\keyvault\Microsoft.Azure.Management.KeyVault\tests\VaultOperationsTest.cs(381,21): error CS0518: Predefined type 'System.String' is not defined or imported
C:\gh\azure-sdk-for-net\sdk\keyvault\Microsoft.Azure.Management.KeyVault\tests\VaultOperationsTest.cs(381,40): error CS0518: Predefined type 'System.Object' is not defined or imported
C:\gh\azure-sdk-for-net\sdk\keyvault\Microsoft.Azure.Management.KeyVault\tests\VaultOperationsTest.cs(381,40): error CS0103: The name 'TestUtilities' does not exist in the current context
C:\gh\azure-sdk-for-net\sdk\keyvault\Microsoft.Azure.Management.KeyVault\tests\VaultOperationsTest.cs(381,67): error CS0518: Predefined type 'System.String' is not defined or imported
C:\gh\azure-sdk-for-net\sdk\keyvault\Microsoft.Azure.Management.KeyVault\tests\VaultOperationsTest.cs(385,41): error CS0518: Predefined type 'System.Object' is not defined or imported
C:\gh\azure-sdk-for-net\sdk\keyvault\Microsoft.Azure.Management.KeyVault\tests\VaultOperationsTest.cs(385,41): error CS0518: Predefined type 'System.Void' is not defined or imported
C:\gh\azure-sdk-for-net\sdk\keyvault\Microsoft.Azure.Management.KeyVault\tests\VaultOperationsTest.cs(387,29): error CS0518: Predefined type 'System.String' is not defined or imported
C:\gh\azure-sdk-for-net\sdk\keyvault\Microsoft.Azure.Management.KeyVault\tests\VaultOperationsTest.cs(388,29): error CS0012: The type 'IDictionary<,>' is defined in an assembly that is not referenced. You must add a reference to assembly 'mscorlib, Version=4.0.0.0, Culture=neutral, PublicKeyToken=b77a5c561934e089'.
C:\gh\azure-sdk-for-net\sdk\keyvault\Microsoft.Azure.Management.KeyVault\tests\VaultOperationsTest.cs(389,29): error CS0518: Predefined type 'System.Void' is not defined or imported
C:\gh\azure-sdk-for-net\sdk\keyvault\Microsoft.Azure.Management.KeyVault\tests\VaultOperationsTest.cs(382,40): error CS0518: Predefined type 'System.String' is not defined or imported
C:\gh\azure-sdk-for-net\sdk\keyvault\Microsoft.Azure.Management.KeyVault\tests\VaultOperationsTest.cs(393,21): error CS0518: Predefined type 'System.Object' is not defined or imported
C:\gh\azure-sdk-for-net\sdk\keyvault\Microsoft.Azure.Management.KeyVault\tests\VaultOperationsTest.cs(393,21): error CS0103: The name 'Assert' does not exist in the current context
C:\gh\azure-sdk-for-net\sdk\keyvault\Microsoft.Azure.Management.KeyVault\tests\VaultOperationsTest.cs(394,21): error CS0518: Predefined type 'System.Object' is not defined or imported
C:\gh\azure-sdk-for-net\sdk\keyvault\Microsoft.Azure.Management.KeyVault\tests\VaultOperationsTest.cs(394,21): error CS0103: The name 'Assert' does not exist in the current context
C:\gh\azure-sdk-for-net\sdk\keyvault\Microsoft.Azure.Management.KeyVault\tests\VaultOperationsTest.cs(398,21): error CS0518: Predefined type 'System.Void' is not defined or imported
C:\gh\azure-sdk-for-net\sdk\keyvault\Microsoft.Azure.Management.KeyVault\tests\VaultOperationsTest.cs(398,21): error CS0518: Predefined type 'System.String' is not defined or imported
C:\gh\azure-sdk-for-net\sdk\keyvault\Microsoft.Azure.Management.KeyVault\tests\VaultOperationsTest.cs(400,40): error CS0518: Predefined type 'System.String' is not defined or imported
C:\gh\azure-sdk-for-net\sdk\keyvault\Microsoft.Azure.Management.KeyVault\tests\VaultOperationsTest.cs(401,34): error CS0518: Predefined type 'System.Object' is not defined or imported
C:\gh\azure-sdk-for-net\sdk\keyvault\Microsoft.Azure.Management.KeyVault\tests\VaultOperationsTest.cs(401,21): error CS0012: The type 'Object' is defined in an assembly that is not referenced. You must add a reference to assembly 'mscorlib, Version=4.0.0.0, Culture=neutral, PublicKeyToken=b77a5c561934e089'.
C:\gh\azure-sdk-for-net\sdk\keyvault\Microsoft.Azure.Management.KeyVault\tests\VaultOperationsTest.cs(404,37): error CS0246: The type or namespace name 'IPage<>' could not be found (are you missing a using directive or an assembly reference?)
C:\gh\azure-sdk-for-net\sdk\keyvault\Microsoft.Azure.Management.KeyVault\tests\VaultOperationsTest.cs(405,17): error CS0518: Predefined type 'System.Object' is not defined or imported
C:\gh\azure-sdk-for-net\sdk\keyvault\Microsoft.Azure.Management.KeyVault\tests\VaultOperationsTest.cs(405,17): error CS0103: The name 'Assert' does not exist in the current context
C:\gh\azure-sdk-for-net\sdk\keyvault\Microsoft.Azure.Management.KeyVault\tests\VaultOperationsTest.cs(411,25): error CS0518: Predefined type 'System.Boolean' is not defined or imported
C:\gh\azure-sdk-for-net\sdk\keyvault\Microsoft.Azure.Management.KeyVault\tests\VaultOperationsTest.cs(414,25): error CS0518: Predefined type 'System.Void' is not defined or imported
C:\gh\azure-sdk-for-net\sdk\keyvault\Microsoft.Azure.Management.KeyVault\tests\VaultOperationsTest.cs(415,25): error CS0518: Predefined type 'System.Object' is not defined or imported
C:\gh\azure-sdk-for-net\sdk\keyvault\Microsoft.Azure.Management.KeyVault\tests\VaultOperationsTest.cs(415,25): error CS0103: The name 'Assert' does not exist in the current context
C:\gh\azure-sdk-for-net\sdk\keyvault\Microsoft.Azure.Management.KeyVault\tests\VaultOperationsTest.cs(415,39): error CS0518: Predefined type 'System.Object' is not defined or imported
C:\gh\azure-sdk-for-net\sdk\keyvault\Microsoft.Azure.Management.KeyVault\tests\VaultOperationsTest.cs(415,39): error CS0246: The type or namespace name 'CloudException' could not be found (are you missing a using directive or an assembly reference?)
C:\gh\azure-sdk-for-net\sdk\keyvault\Microsoft.Azure.Management.KeyVault\tests\VaultOperationsTest.cs(419,24): error CS0518: Predefined type 'System.Boolean' is not defined or imported
C:\gh\azure-sdk-for-net\sdk\keyvault\Microsoft.Azure.Management.KeyVault\tests\VaultOperationsTest.cs(419,24): error CS0518: Predefined type 'System.Boolean' is not defined or imported
C:\gh\azure-sdk-for-net\sdk\keyvault\Microsoft.Azure.Management.KeyVault\tests\VaultOperationsTest.cs(421,37): error CS0246: The type or namespace name 'IPage<>' could not be found (are you missing a using directive or an assembly reference?)
C:\gh\azure-sdk-for-net\sdk\keyvault\Microsoft.Azure.Management.KeyVault\tests\VaultOperationsTest.cs(422,21): error CS0518: Predefined type 'System.Object' is not defined or imported
C:\gh\azure-sdk-for-net\sdk\keyvault\Microsoft.Azure.Management.KeyVault\tests\VaultOperationsTest.cs(422,21): error CS0103: The name 'Assert' does not exist in the current context
C:\gh\azure-sdk-for-net\sdk\keyvault\Microsoft.Azure.Management.KeyVault\tests\VaultOperationsTest.cs(427,29): error CS0518: Predefined type 'System.Boolean' is not defined or imported
C:\gh\azure-sdk-for-net\sdk\keyvault\Microsoft.Azure.Management.KeyVault\tests\VaultOperationsTest.cs(430,29): error CS0518: Predefined type 'System.Void' is not defined or imported
C:\gh\azure-sdk-for-net\sdk\keyvault\Microsoft.Azure.Management.KeyVault\tests\VaultOperationsTest.cs(431,29): error CS0518: Predefined type 'System.Object' is not defined or imported
C:\gh\azure-sdk-for-net\sdk\keyvault\Microsoft.Azure.Management.KeyVault\tests\VaultOperationsTest.cs(431,29): error CS0103: The name 'Assert' does not exist in the current context
C:\gh\azure-sdk-for-net\sdk\keyvault\Microsoft.Azure.Management.KeyVault\tests\VaultOperationsTest.cs(431,43): error CS0518: Predefined type 'System.Object' is not defined or imported
C:\gh\azure-sdk-for-net\sdk\keyvault\Microsoft.Azure.Management.KeyVault\tests\VaultOperationsTest.cs(431,43): error CS0246: The type or namespace name 'CloudException' could not be found (are you missing a using directive or an assembly reference?)
C:\gh\azure-sdk-for-net\sdk\keyvault\Microsoft.Azure.Management.KeyVault\tests\VaultOperationsTest.cs(435,46): error CS0518: Predefined type 'System.Int32' is not defined or imported
C:\gh\azure-sdk-for-net\sdk\keyvault\Microsoft.Azure.Management.KeyVault\tests\VaultOperationsTest.cs(435,25): error CS0518: Predefined type 'System.Boolean' is not defined or imported
C:\gh\azure-sdk-for-net\sdk\keyvault\Microsoft.Azure.Management.KeyVault\tests\VaultOperationsTest.cs(435,25): error CS0518: Predefined type 'System.Boolean' is not defined or imported
C:\gh\azure-sdk-for-net\sdk\keyvault\Microsoft.Azure.Management.KeyVault\tests\VaultOperationsTest.cs(438,17): error CS0518: Predefined type 'System.Object' is not defined or imported
C:\gh\azure-sdk-for-net\sdk\keyvault\Microsoft.Azure.Management.KeyVault\tests\VaultOperationsTest.cs(438,17): error CS0103: The name 'Assert' does not exist in the current context
C:\gh\azure-sdk-for-net\sdk\keyvault\Microsoft.Azure.Management.KeyVault\tests\VaultOperationsTest.cs(438,50): error CS0518: Predefined type 'System.Int32' is not defined or imported
C:\gh\azure-sdk-for-net\sdk\keyvault\Microsoft.Azure.Management.KeyVault\tests\VaultOperationsTest.cs(438,29): error CS0518: Predefined type 'System.Boolean' is not defined or imported
C:\gh\azure-sdk-for-net\sdk\keyvault\Microsoft.Azure.Management.KeyVault\tests\VaultOperationsTest.cs(458,13): error CS0518: Predefined type 'System.Object' is not defined or imported
C:\gh\azure-sdk-for-net\sdk\keyvault\Microsoft.Azure.Management.KeyVault\tests\VaultOperationsTest.cs(458,13): error CS0103: The name 'Assert' does not exist in the current context
C:\gh\azure-sdk-for-net\sdk\keyvault\Microsoft.Azure.Management.KeyVault\tests\VaultOperationsTest.cs(459,13): error CS0518: Predefined type 'System.Object' is not defined or imported
C:\gh\azure-sdk-for-net\sdk\keyvault\Microsoft.Azure.Management.KeyVault\tests\VaultOperationsTest.cs(459,13): error CS0103: The name 'Assert' does not exist in the current context
C:\gh\azure-sdk-for-net\sdk\keyvault\Microsoft.Azure.Management.KeyVault\tests\VaultOperationsTest.cs(461,13): error CS0518: Predefined type 'System.String' is not defined or imported
C:\gh\azure-sdk-for-net\sdk\keyvault\Microsoft.Azure.Management.KeyVault\tests\VaultOperationsTest.cs(461,39): error CS0518: Predefined type 'System.String' is not defined or imported
C:\gh\azure-sdk-for-net\sdk\keyvault\Microsoft.Azure.Management.KeyVault\tests\VaultOperationsTest.cs(462,13): error CS0518: Predefined type 'System.String' is not defined or imported
C:\gh\azure-sdk-for-net\sdk\keyvault\Microsoft.Azure.Management.KeyVault\tests\VaultOperationsTest.cs(462,41): error CS0518: Predefined type 'System.String' is not defined or imported
C:\gh\azure-sdk-for-net\sdk\keyvault\Microsoft.Azure.Management.KeyVault\tests\VaultOperationsTest.cs(464,13): error CS0518: Predefined type 'System.Object' is not defined or imported
C:\gh\azure-sdk-for-net\sdk\keyvault\Microsoft.Azure.Management.KeyVault\tests\VaultOperationsTest.cs(464,13): error CS0103: The name 'Assert' does not exist in the current context
C:\gh\azure-sdk-for-net\sdk\keyvault\Microsoft.Azure.Management.KeyVault\tests\VaultOperationsTest.cs(464,52): error CS0518: Predefined type 'System.String' is not defined or imported
C:\gh\azure-sdk-for-net\sdk\keyvault\Microsoft.Azure.Management.KeyVault\tests\VaultOperationsTest.cs(465,13): error CS0518: Predefined type 'System.Object' is not defined or imported
C:\gh\azure-sdk-for-net\sdk\keyvault\Microsoft.Azure.Management.KeyVault\tests\VaultOperationsTest.cs(465,13): error CS0103: The name 'Assert' does not exist in the current context
C:\gh\azure-sdk-for-net\sdk\keyvault\Microsoft.Azure.Management.KeyVault\tests\VaultOperationsTest.cs(465,50): error CS0518: Predefined type 'System.String' is not defined or imported
C:\gh\azure-sdk-for-net\sdk\keyvault\Microsoft.Azure.Management.KeyVault\tests\VaultOperationsTest.cs(466,13): error CS0518: Predefined type 'System.Object' is not defined or imported
C:\gh\azure-sdk-for-net\sdk\keyvault\Microsoft.Azure.Management.KeyVault\tests\VaultOperationsTest.cs(466,13): error CS0103: The name 'Assert' does not exist in the current context
C:\gh\azure-sdk-for-net\sdk\keyvault\Microsoft.Azure.Management.KeyVault\tests\VaultOperationsTest.cs(466,61): error CS0012: The type 'Guid' is defined in an assembly that is not referenced. You must add a reference to assembly 'mscorlib, Version=4.0.0.0, Culture=neutral, PublicKeyToken=b77a5c561934e089'.
C:\gh\azure-sdk-for-net\sdk\keyvault\Microsoft.Azure.Management.KeyVault\tests\VaultOperationsTest.cs(467,13): error CS0518: Predefined type 'System.Object' is not defined or imported
C:\gh\azure-sdk-for-net\sdk\keyvault\Microsoft.Azure.Management.KeyVault\tests\VaultOperationsTest.cs(467,13): error CS0103: The name 'Assert' does not exist in the current context
C:\gh\azure-sdk-for-net\sdk\keyvault\Microsoft.Azure.Management.KeyVault\tests\VaultOperationsTest.cs(468,13): error CS0518: Predefined type 'System.Object' is not defined or imported
C:\gh\azure-sdk-for-net\sdk\keyvault\Microsoft.Azure.Management.KeyVault\tests\VaultOperationsTest.cs(468,13): error CS0103: The name 'Assert' does not exist in the current context
C:\gh\azure-sdk-for-net\sdk\keyvault\Microsoft.Azure.Management.KeyVault\tests\VaultOperationsTest.cs(468,51): error CS0518: Predefined type 'System.String' is not defined or imported
C:\gh\azure-sdk-for-net\sdk\keyvault\Microsoft.Azure.Management.KeyVault\tests\VaultOperationsTest.cs(469,13): error CS0518: Predefined type 'System.Object' is not defined or imported
C:\gh\azure-sdk-for-net\sdk\keyvault\Microsoft.Azure.Management.KeyVault\tests\VaultOperationsTest.cs(469,13): error CS0103: The name 'Assert' does not exist in the current context
C:\gh\azure-sdk-for-net\sdk\keyvault\Microsoft.Azure.Management.KeyVault\tests\VaultOperationsTest.cs(469,73): error CS0012: The type 'Nullable<>' is defined in an assembly that is not referenced. You must add a reference to assembly 'mscorlib, Version=4.0.0.0, Culture=neutral, PublicKeyToken=b77a5c561934e089'.
C:\gh\azure-sdk-for-net\sdk\keyvault\Microsoft.Azure.Management.KeyVault\tests\VaultOperationsTest.cs(470,13): error CS0518: Predefined type 'System.Object' is not defined or imported
C:\gh\azure-sdk-for-net\sdk\keyvault\Microsoft.Azure.Management.KeyVault\tests\VaultOperationsTest.cs(470,13): error CS0103: The name 'Assert' does not exist in the current context
C:\gh\azure-sdk-for-net\sdk\keyvault\Microsoft.Azure.Management.KeyVault\tests\VaultOperationsTest.cs(470,81): error CS0012: The type 'Nullable<>' is defined in an assembly that is not referenced. You must add a reference to assembly 'mscorlib, Version=4.0.0.0, Culture=neutral, PublicKeyToken=b77a5c561934e089'.
C:\gh\azure-sdk-for-net\sdk\keyvault\Microsoft.Azure.Management.KeyVault\tests\VaultOperationsTest.cs(471,13): error CS0518: Predefined type 'System.Object' is not defined or imported
C:\gh\azure-sdk-for-net\sdk\keyvault\Microsoft.Azure.Management.KeyVault\tests\VaultOperationsTest.cs(471,13): error CS0103: The name 'Assert' does not exist in the current context
C:\gh\azure-sdk-for-net\sdk\keyvault\Microsoft.Azure.Management.KeyVault\tests\VaultOperationsTest.cs(471,77): error CS0012: The type 'Nullable<>' is defined in an assembly that is not referenced. You must add a reference to assembly 'mscorlib, Version=4.0.0.0, Culture=neutral, PublicKeyToken=b77a5c561934e089'.
C:\gh\azure-sdk-for-net\sdk\keyvault\Microsoft.Azure.Management.KeyVault\tests\VaultOperationsTest.cs(472,13): error CS0518: Predefined type 'System.Object' is not defined or imported
C:\gh\azure-sdk-for-net\sdk\keyvault\Microsoft.Azure.Management.KeyVault\tests\VaultOperationsTest.cs(472,13): error CS0103: The name 'Assert' does not exist in the current context
C:\gh\azure-sdk-for-net\sdk\keyvault\Microsoft.Azure.Management.KeyVault\tests\VaultOperationsTest.cs(472,69): error CS0012: The type 'Nullable<>' is defined in an assembly that is not referenced. You must add a reference to assembly 'mscorlib, Version=4.0.0.0, Culture=neutral, PublicKeyToken=b77a5c561934e089'.
C:\gh\azure-sdk-for-net\sdk\keyvault\Microsoft.Azure.Management.KeyVault\tests\VaultOperationsTest.cs(473,13): error CS0518: Predefined type 'System.Object' is not defined or imported
C:\gh\azure-sdk-for-net\sdk\keyvault\Microsoft.Azure.Management.KeyVault\tests\VaultOperationsTest.cs(473,13): error CS0103: The name 'Assert' does not exist in the current context
C:\gh\azure-sdk-for-net\sdk\keyvault\Microsoft.Azure.Management.KeyVault\tests\VaultOperationsTest.cs(473,60): error CS0012: The type 'IDictionary<,>' is defined in an assembly that is not referenced. You must add a reference to assembly 'mscorlib, Version=4.0.0.0, Culture=neutral, PublicKeyToken=b77a5c561934e089'.
C:\gh\azure-sdk-for-net\sdk\keyvault\Microsoft.Azure.Management.KeyVault\tests\VaultOperationsTest.cs(474,13): error CS0518: Predefined type 'System.Object' is not defined or imported
C:\gh\azure-sdk-for-net\sdk\keyvault\Microsoft.Azure.Management.KeyVault\tests\VaultOperationsTest.cs(474,13): error CS0103: The name 'Assert' does not exist in the current context
C:\gh\azure-sdk-for-net\sdk\keyvault\Microsoft.Azure.Management.KeyVault\tests\VaultOperationsTest.cs(474,42): error CS0518: Predefined type 'System.Array' is not defined or imported
C:\gh\azure-sdk-for-net\sdk\keyvault\Microsoft.Azure.Management.KeyVault\tests\VaultOperationsTest.cs(474,42): error CS0518: Predefined type 'System.Object' is not defined or imported
C:\gh\azure-sdk-for-net\sdk\keyvault\Microsoft.Azure.Management.KeyVault\tests\VaultOperationsTest.cs(474,67): error CS0012: The type 'IList<>' is defined in an assembly that is not referenced. You must add a reference to assembly 'mscorlib, Version=4.0.0.0, Culture=neutral, PublicKeyToken=b77a5c561934e089'.
C:\gh\azure-sdk-for-net\sdk\keyvault\Microsoft.Azure.Management.KeyVault\tests\VaultOperationsTest.cs(494,13): error CS0518: Predefined type 'System.Object' is not defined or imported
C:\gh\azure-sdk-for-net\sdk\keyvault\Microsoft.Azure.Management.KeyVault\tests\VaultOperationsTest.cs(510,13): error CS0518: Predefined type 'System.Object' is not defined or imported
C:\gh\azure-sdk-for-net\sdk\keyvault\Microsoft.Azure.Management.KeyVault\tests\VaultOperationsTest.cs(510,13): error CS0103: The name 'Assert' does not exist in the current context
C:\gh\azure-sdk-for-net\sdk\keyvault\Microsoft.Azure.Management.KeyVault\tests\VaultOperationsTest.cs(511,13): error CS0518: Predefined type 'System.Object' is not defined or imported
C:\gh\azure-sdk-for-net\sdk\keyvault\Microsoft.Azure.Management.KeyVault\tests\VaultOperationsTest.cs(511,13): error CS0103: The name 'Assert' does not exist in the current context
C:\gh\azure-sdk-for-net\sdk\keyvault\Microsoft.Azure.Management.KeyVault\tests\VaultOperationsTest.cs(511,41): error CS0518: Predefined type 'System.String' is not defined or imported
C:\gh\azure-sdk-for-net\sdk\keyvault\Microsoft.Azure.Management.KeyVault\tests\VaultOperationsTest.cs(511,85): error CS0518: Predefined type 'System.String' is not defined or imported
C:\gh\azure-sdk-for-net\sdk\keyvault\Microsoft.Azure.Management.KeyVault\tests\VaultOperationsTest.cs(512,13): error CS0518: Predefined type 'System.Object' is not defined or imported
C:\gh\azure-sdk-for-net\sdk\keyvault\Microsoft.Azure.Management.KeyVault\tests\VaultOperationsTest.cs(512,13): error CS0103: The name 'Assert' does not exist in the current context
C:\gh\azure-sdk-for-net\sdk\keyvault\Microsoft.Azure.Management.KeyVault\tests\VaultOperationsTest.cs(512,41): error CS0518: Predefined type 'System.String' is not defined or imported
C:\gh\azure-sdk-for-net\sdk\keyvault\Microsoft.Azure.Management.KeyVault\tests\VaultOperationsTest.cs(512,78): error CS0518: Predefined type 'System.String' is not defined or imported
C:\gh\azure-sdk-for-net\sdk\keyvault\Microsoft.Azure.Management.KeyVault\tests\VaultOperationsTest.cs(513,13): error CS0518: Predefined type 'System.Object' is not defined or imported
C:\gh\azure-sdk-for-net\sdk\keyvault\Microsoft.Azure.Management.KeyVault\tests\VaultOperationsTest.cs(513,13): error CS0103: The name 'Assert' does not exist in the current context
C:\gh\azure-sdk-for-net\sdk\keyvault\Microsoft.Azure.Management.KeyVault\tests\VaultOperationsTest.cs(513,54): error CS0012: The type 'IList<>' is defined in an assembly that is not referenced. You must add a reference to assembly 'mscorlib, Version=4.0.0.0, Culture=neutral, PublicKeyToken=b77a5c561934e089'.
C:\gh\azure-sdk-for-net\sdk\keyvault\Microsoft.Azure.Management.KeyVault\tests\VaultOperationsTest.cs(513,25): error CS0518: Predefined type 'System.Boolean' is not defined or imported
C:\gh\azure-sdk-for-net\sdk\keyvault\Microsoft.Azure.Management.KeyVault\tests\VaultOperationsTest.cs(513,102): error CS0012: The type 'IList<>' is defined in an assembly that is not referenced. You must add a reference to assembly 'mscorlib, Version=4.0.0.0, Culture=neutral, PublicKeyToken=b77a5c561934e089'.
C:\gh\azure-sdk-for-net\sdk\keyvault\Microsoft.Azure.Management.KeyVault\tests\VaultOperationsTest.cs(513,119): error CS0518: Predefined type 'System.Int32' is not defined or imported
C:\gh\azure-sdk-for-net\sdk\keyvault\Microsoft.Azure.Management.KeyVault\tests\VaultOperationsTest.cs(513,73): error CS0518: Predefined type 'System.Boolean' is not defined or imported
C:\gh\azure-sdk-for-net\sdk\keyvault\Microsoft.Azure.Management.KeyVault\tests\VaultOperationsTest.cs(514,13): error CS0518: Predefined type 'System.Object' is not defined or imported
C:\gh\azure-sdk-for-net\sdk\keyvault\Microsoft.Azure.Management.KeyVault\tests\VaultOperationsTest.cs(514,13): error CS0103: The name 'Assert' does not exist in the current context
C:\gh\azure-sdk-for-net\sdk\keyvault\Microsoft.Azure.Management.KeyVault\tests\VaultOperationsTest.cs(514,41): error CS0012: The type 'IList<>' is defined in an assembly that is not referenced. You must add a reference to assembly 'mscorlib, Version=4.0.0.0, Culture=neutral, PublicKeyToken=b77a5c561934e089'.
C:\gh\azure-sdk-for-net\sdk\keyvault\Microsoft.Azure.Management.KeyVault\tests\VaultOperationsTest.cs(514,49): error CS0518: Predefined type 'System.Int32' is not defined or imported
C:\gh\azure-sdk-for-net\sdk\keyvault\Microsoft.Azure.Management.KeyVault\tests\VaultOperationsTest.cs(514,88): error CS0012: The type 'IList<>' is defined in an assembly that is not referenced. You must add a reference to assembly 'mscorlib, Version=4.0.0.0, Culture=neutral, PublicKeyToken=b77a5c561934e089'.
C:\gh\azure-sdk-for-net\sdk\keyvault\Microsoft.Azure.Management.KeyVault\tests\VaultOperationsTest.cs(514,96): error CS0518: Predefined type 'System.Int32' is not defined or imported
C:\gh\azure-sdk-for-net\sdk\keyvault\Microsoft.Azure.Management.KeyVault\tests\VaultOperationsTest.cs(515,13): error CS0518: Predefined type 'System.Object' is not defined or imported
C:\gh\azure-sdk-for-net\sdk\keyvault\Microsoft.Azure.Management.KeyVault\tests\VaultOperationsTest.cs(515,13): error CS0103: The name 'Assert' does not exist in the current context
C:\gh\azure-sdk-for-net\sdk\keyvault\Microsoft.Azure.Management.KeyVault\tests\VaultOperationsTest.cs(515,41): error CS0012: The type 'IList<>' is defined in an assembly that is not referenced. You must add a reference to assembly 'mscorlib, Version=4.0.0.0, Culture=neutral, PublicKeyToken=b77a5c561934e089'.
C:\gh\azure-sdk-for-net\sdk\keyvault\Microsoft.Azure.Management.KeyVault\tests\VaultOperationsTest.cs(515,49): error CS0518: Predefined type 'System.Int32' is not defined or imported
C:\gh\azure-sdk-for-net\sdk\keyvault\Microsoft.Azure.Management.KeyVault\tests\VaultOperationsTest.cs(515,88): error CS0012: The type 'IList<>' is defined in an assembly that is not referenced. You must add a reference to assembly 'mscorlib, Version=4.0.0.0, Culture=neutral, PublicKeyToken=b77a5c561934e089'.
C:\gh\azure-sdk-for-net\sdk\keyvault\Microsoft.Azure.Management.KeyVault\tests\VaultOperationsTest.cs(515,96): error CS0518: Predefined type 'System.Int32' is not defined or imported
C:\gh\azure-sdk-for-net\sdk\keyvault\Microsoft.Azure.Management.KeyVault\tests\VaultOperationsTest.cs(11,1): hidden CS8019: Unnecessary using directive.
C:\gh\azure-sdk-for-net\eng\mgmt\DisableTestRunParallel.cs(5,1): hidden CS8019: Unnecessary using directive.
C:\gh\azure-sdk-for-net\sdk\keyvault\Microsoft.Azure.Management.KeyVault\tests\KeyVaultTestBase.cs(12,1): hidden CS8019: Unnecessary using directive.
C:\gh\azure-sdk-for-net\eng\mgmt\DisableTestRunParallel.cs(4,1): hidden CS8019: Unnecessary using directive.
C:\gh\azure-sdk-for-net\sdk\keyvault\Microsoft.Azure.Management.KeyVault\tests\KeyVaultTestBase.cs(7,1): hidden CS8019: Unnecessary using directive.
C:\gh\azure-sdk-for-net\sdk\keyvault\Microsoft.Azure.Management.KeyVault\tests\VaultOperationsTest.cs(12,1): hidden CS8019: Unnecessary using directive.
C:\gh\azure-sdk-for-net\sdk\keyvault\Microsoft.Azure.Management.KeyVault\tests\KeyVaultTestBase.cs(11,1): hidden CS8019: Unnecessary using directive.
C:\gh\azure-sdk-for-net\sdk\keyvault\Microsoft.Azure.Management.KeyVault\tests\KeyVaultTestBase.cs(14,1): hidden CS8019: Unnecessary using directive.
C:\gh\azure-sdk-for-net\artifacts\obj\Microsoft.Azure.Management.KeyVault.Tests\Debug\netcoreapp2.0\Microsoft.Azure.Management.KeyVault.Tests.AssemblyInfo.cs(11,1): hidden CS8019: Unnecessary using directive.
C:\gh\azure-sdk-for-net\sdk\keyvault\Microsoft.Azure.Management.KeyVault\tests\KeyVaultTestBase.cs(10,1): hidden CS8019: Unnecessary using directive.
C:\gh\azure-sdk-for-net\artifacts\obj\Microsoft.Azure.Management.KeyVault.Tests\Debug\netcoreapp2.0\.NETCoreApp,Version=v2.0.AssemblyAttributes.cs(2,1): hidden CS8019: Unnecessary using directive.
C:\gh\azure-sdk-for-net\artifacts\obj\Microsoft.Azure.Management.KeyVault.Tests\Debug\netcoreapp2.0\.NETCoreApp,Version=v2.0.AssemblyAttributes.cs(3,1): hidden CS8019: Unnecessary using directive.
C:\gh\azure-sdk-for-net\sdk\keyvault\Microsoft.Azure.Management.KeyVault\tests\VaultOperationsTest.cs(9,1): hidden CS8019: Unnecessary using directive.
C:\gh\azure-sdk-for-net\sdk\keyvault\Microsoft.Azure.Management.KeyVault\tests\VaultOperationsTest.cs(8,1): hidden CS8019: Unnecessary using directive.
C:\gh\azure-sdk-for-net\sdk\keyvault\Microsoft.Azure.Management.KeyVault\tests\VaultOperationsTest.cs(14,1): hidden CS8019: Unnecessary using directive.
C:\gh\azure-sdk-for-net\artifacts\obj\Microsoft.Azure.Management.KeyVault.Tests\Debug\netcoreapp2.0\Microsoft.Azure.Management.KeyVault.Tests.AssemblyInfo.cs(12,1): hidden CS8019: Unnecessary using directive.
C:\gh\azure-sdk-for-net\sdk\keyvault\Microsoft.Azure.Management.KeyVault\tests\KeyVaultTestBase.cs(8,1): hidden CS8019: Unnecessary using directive.
C:\gh\azure-sdk-for-net\sdk\keyvault\Microsoft.Azure.Management.KeyVault\tests\VaultOperationsTest.cs(10,1): hidden CS8019: Unnecessary using directive.
C:\gh\azure-sdk-for-net\sdk\keyvault\Microsoft.Azure.Management.KeyVault\tests\VaultOperationsTest.cs(13,1): hidden CS8019: Unnecessary using directive.
C:\gh\azure-sdk-for-net\sdk\keyvault\Microsoft.Azure.Management.KeyVault\tests\KeyVaultTestBase.cs(15,1): hidden CS8019: Unnecessary using directive.
C:\gh\azure-sdk-for-net\sdk\keyvault\Microsoft.Azure.Management.KeyVault\tests\KeyVaultTestBase.cs(6,1): hidden CS8019: Unnecessary using directive.
