C:\gh\azure-sdk-for-net\sdk\mgmtcommon\Test\ClientRuntime.E2E.Tests\TestAssets\ExtendingTypes.cs(62,16): error CS0518: Predefined type 'System.String' is not defined or imported
C:\gh\azure-sdk-for-net\sdk\mgmtcommon\Test\ClientRuntime.E2E.Tests\ScenarioTests\VMTests.cs(21,15): error CS0518: Predefined type 'System.String' is not defined or imported
C:\gh\azure-sdk-for-net\sdk\mgmtcommon\Test\ClientRuntime.E2E.Tests\ScenarioTests\VMTests.cs(22,15): error CS0518: Predefined type 'System.String' is not defined or imported
C:\gh\azure-sdk-for-net\sdk\mgmtcommon\Test\ClientRuntime.E2E.Tests\ScenarioTests\VMTests.cs(23,15): error CS0518: Predefined type 'System.String' is not defined or imported
C:\gh\azure-sdk-for-net\sdk\mgmtcommon\Test\ClientRuntime.E2E.Tests\ScenarioTests\VMTests.cs(24,15): error CS0518: Predefined type 'System.String' is not defined or imported
C:\gh\azure-sdk-for-net\sdk\mgmtcommon\Test\ClientRuntime.E2E.Tests\ScenarioTests\VMTests.cs(25,15): error CS0518: Predefined type 'System.String' is not defined or imported
C:\gh\azure-sdk-for-net\sdk\mgmtcommon\Test\ClientRuntime.E2E.Tests\ScenarioTests\E2ETestBase.cs(27,15): error CS0518: Predefined type 'System.String' is not defined or imported
C:\gh\azure-sdk-for-net\sdk\mgmtcommon\Test\ClientRuntime.E2E.Tests\TestAssets\ExtendingTypes.cs(42,36): error CS0246: The type or namespace name 'ComputeManagementClient' could not be found (are you missing a using directive or an assembly reference?)
C:\gh\azure-sdk-for-net\sdk\mgmtcommon\Test\ClientRuntime.E2E.Tests\ScenarioTests\E2ETestBase.cs(726,52): error CS0518: Predefined type 'System.String' is not defined or imported
C:\gh\azure-sdk-for-net\sdk\mgmtcommon\Test\ClientRuntime.E2E.Tests\ScenarioTests\E2ETestBase.cs(726,66): error CS0518: Predefined type 'System.String' is not defined or imported
C:\gh\azure-sdk-for-net\sdk\mgmtcommon\Test\ClientRuntime.E2E.Tests\ScenarioTests\E2ETestBase.cs(726,90): error CS0518: Predefined type 'System.String' is not defined or imported
C:\gh\azure-sdk-for-net\sdk\mgmtcommon\Test\ClientRuntime.E2E.Tests\ScenarioTests\E2ETestBase.cs(726,113): error CS0518: Predefined type 'System.String' is not defined or imported
C:\gh\azure-sdk-for-net\sdk\mgmtcommon\Test\ClientRuntime.E2E.Tests\ScenarioTests\E2ETestBase.cs(726,24): error CS0518: Predefined type 'System.String' is not defined or imported
C:\gh\azure-sdk-for-net\sdk\mgmtcommon\Test\ClientRuntime.E2E.Tests\TestAssets\RecordedDelegatingHandler.cs(15,46): error CS0246: The type or namespace name 'DelegatingHandler' could not be found (are you missing a using directive or an assembly reference?)
C:\gh\azure-sdk-for-net\sdk\mgmtcommon\Test\ClientRuntime.E2E.Tests\TestAssets\RecordedDelegatingHandler.cs(44,70): error CS0518: Predefined type 'System.Object' is not defined or imported
C:\gh\azure-sdk-for-net\sdk\mgmtcommon\Test\ClientRuntime.E2E.Tests\TestAssets\RecordedDelegatingHandler.cs(44,70): error CS0246: The type or namespace name 'HttpRequestMessage' could not be found (are you missing a using directive or an assembly reference?)
C:\gh\azure-sdk-for-net\sdk\mgmtcommon\Test\ClientRuntime.E2E.Tests\TestAssets\RecordedDelegatingHandler.cs(45,13): error CS0518: Predefined type 'System.Object' is not defined or imported
C:\gh\azure-sdk-for-net\sdk\mgmtcommon\Test\ClientRuntime.E2E.Tests\TestAssets\RecordedDelegatingHandler.cs(45,13): error CS0246: The type or namespace name 'System' could not be found (are you missing a using directive or an assembly reference?)
C:\gh\azure-sdk-for-net\sdk\mgmtcommon\Test\ClientRuntime.E2E.Tests\TestAssets\RecordedDelegatingHandler.cs(44,34): error CS0518: Predefined type 'System.Object' is not defined or imported
C:\gh\azure-sdk-for-net\sdk\mgmtcommon\Test\ClientRuntime.E2E.Tests\TestAssets\RecordedDelegatingHandler.cs(44,34): error CS0246: The type or namespace name 'Task<>' could not be found (are you missing a using directive or an assembly reference?)
C:\gh\azure-sdk-for-net\sdk\mgmtcommon\Test\ClientRuntime.E2E.Tests\TestAssets\RecordedDelegatingHandler.cs(44,39): error CS0518: Predefined type 'System.Object' is not defined or imported
C:\gh\azure-sdk-for-net\sdk\mgmtcommon\Test\ClientRuntime.E2E.Tests\TestAssets\RecordedDelegatingHandler.cs(44,39): error CS0246: The type or namespace name 'HttpResponseMessage' could not be found (are you missing a using directive or an assembly reference?)
C:\gh\azure-sdk-for-net\sdk\mgmtcommon\Test\ClientRuntime.E2E.Tests\ScenarioTests\E2ETestBase.cs(738,22): error CS0518: Predefined type 'System.String' is not defined or imported
C:\gh\azure-sdk-for-net\sdk\mgmtcommon\Test\ClientRuntime.E2E.Tests\ScenarioTests\E2ETestBase.cs(739,29): error CS0518: Predefined type 'System.String' is not defined or imported
C:\gh\azure-sdk-for-net\sdk\mgmtcommon\Test\ClientRuntime.E2E.Tests\ScenarioTests\E2ETestBase.cs(740,30): error CS0518: Predefined type 'System.String' is not defined or imported
C:\gh\azure-sdk-for-net\sdk\mgmtcommon\Test\ClientRuntime.E2E.Tests\ScenarioTests\E2ETestBase.cs(741,25): error CS0518: Predefined type 'System.String' is not defined or imported
C:\gh\azure-sdk-for-net\sdk\mgmtcommon\Test\ClientRuntime.E2E.Tests\ScenarioTests\E2ETestBase.cs(744,41): error CS0518: Predefined type 'System.String' is not defined or imported
C:\gh\azure-sdk-for-net\sdk\mgmtcommon\Test\ClientRuntime.E2E.Tests\TestAssets\ExtendingTypes.cs(51,32): error CS0518: Predefined type 'System.Object' is not defined or imported
C:\gh\azure-sdk-for-net\sdk\mgmtcommon\Test\ClientRuntime.E2E.Tests\TestAssets\ExtendingTypes.cs(51,32): error CS0246: The type or namespace name 'System' could not be found (are you missing a using directive or an assembly reference?)
C:\gh\azure-sdk-for-net\sdk\mgmtcommon\Test\ClientRuntime.E2E.Tests\TestAssets\ExtendingTypes.cs(52,13): error CS0518: Predefined type 'System.Object' is not defined or imported
C:\gh\azure-sdk-for-net\sdk\mgmtcommon\Test\ClientRuntime.E2E.Tests\TestAssets\ExtendingTypes.cs(52,13): error CS0246: The type or namespace name 'ServiceClientCredentials' could not be found (are you missing a using directive or an assembly reference?)
C:\gh\azure-sdk-for-net\sdk\mgmtcommon\Test\ClientRuntime.E2E.Tests\TestAssets\ExtendingTypes.cs(53,20): error CS0518: Predefined type 'System.Object' is not defined or imported
C:\gh\azure-sdk-for-net\sdk\mgmtcommon\Test\ClientRuntime.E2E.Tests\TestAssets\ExtendingTypes.cs(53,20): error CS0246: The type or namespace name 'System' could not be found (are you missing a using directive or an assembly reference?)
C:\gh\azure-sdk-for-net\sdk\mgmtcommon\Test\ClientRuntime.E2E.Tests\TestAssets\ExtendingTypes.cs(53,13): error CS0656: Missing compiler required member 'System.ParamArrayAttribute..ctor'
C:\gh\azure-sdk-for-net\sdk\mgmtcommon\Test\ClientRuntime.E2E.Tests\TestAssets\ExtendingTypes.cs(51,9): error CS0518: Predefined type 'System.Void' is not defined or imported
C:\gh\azure-sdk-for-net\sdk\mgmtcommon\Test\ClientRuntime.E2E.Tests\ScenarioTests\E2ETestBase.cs(721,52): error CS0518: Predefined type 'System.String' is not defined or imported
C:\gh\azure-sdk-for-net\sdk\mgmtcommon\Test\ClientRuntime.E2E.Tests\ScenarioTests\E2ETestBase.cs(721,66): error CS0518: Predefined type 'System.String' is not defined or imported
C:\gh\azure-sdk-for-net\sdk\mgmtcommon\Test\ClientRuntime.E2E.Tests\ScenarioTests\E2ETestBase.cs(721,90): error CS0518: Predefined type 'System.String' is not defined or imported
C:\gh\azure-sdk-for-net\sdk\mgmtcommon\Test\ClientRuntime.E2E.Tests\ScenarioTests\E2ETestBase.cs(721,23): error CS0518: Predefined type 'System.String' is not defined or imported
C:\gh\azure-sdk-for-net\sdk\mgmtcommon\Test\ClientRuntime.E2E.Tests\ScenarioTests\E2ETestBase.cs(743,32): error CS0518: Predefined type 'System.String' is not defined or imported
C:\gh\azure-sdk-for-net\sdk\mgmtcommon\Test\ClientRuntime.E2E.Tests\TestAssets\RecordedDelegatingHandler.cs(17,26): error CS0518: Predefined type 'System.Object' is not defined or imported
C:\gh\azure-sdk-for-net\sdk\mgmtcommon\Test\ClientRuntime.E2E.Tests\TestAssets\RecordedDelegatingHandler.cs(17,26): error CS0246: The type or namespace name 'HttpResponseMessage' could not be found (are you missing a using directive or an assembly reference?)
C:\gh\azure-sdk-for-net\sdk\mgmtcommon\Test\ClientRuntime.E2E.Tests\ScenarioTests\VMTests.cs(34,16): error CS0518: Predefined type 'System.Void' is not defined or imported
C:\gh\azure-sdk-for-net\sdk\mgmtcommon\Test\ClientRuntime.E2E.Tests\TestAssets\ExtendingTypes.cs(44,32): error CS0518: Predefined type 'System.Object' is not defined or imported
C:\gh\azure-sdk-for-net\sdk\mgmtcommon\Test\ClientRuntime.E2E.Tests\TestAssets\ExtendingTypes.cs(44,32): error CS0246: The type or namespace name 'System' could not be found (are you missing a using directive or an assembly reference?)
C:\gh\azure-sdk-for-net\sdk\mgmtcommon\Test\ClientRuntime.E2E.Tests\TestAssets\ExtendingTypes.cs(45,13): error CS0518: Predefined type 'System.Object' is not defined or imported
C:\gh\azure-sdk-for-net\sdk\mgmtcommon\Test\ClientRuntime.E2E.Tests\TestAssets\ExtendingTypes.cs(45,13): error CS0246: The type or namespace name 'System' could not be found (are you missing a using directive or an assembly reference?)
C:\gh\azure-sdk-for-net\sdk\mgmtcommon\Test\ClientRuntime.E2E.Tests\TestAssets\ExtendingTypes.cs(46,20): error CS0518: Predefined type 'System.Object' is not defined or imported
C:\gh\azure-sdk-for-net\sdk\mgmtcommon\Test\ClientRuntime.E2E.Tests\TestAssets\ExtendingTypes.cs(46,20): error CS0246: The type or namespace name 'System' could not be found (are you missing a using directive or an assembly reference?)
C:\gh\azure-sdk-for-net\sdk\mgmtcommon\Test\ClientRuntime.E2E.Tests\TestAssets\ExtendingTypes.cs(46,13): error CS0656: Missing compiler required member 'System.ParamArrayAttribute..ctor'
C:\gh\azure-sdk-for-net\sdk\mgmtcommon\Test\ClientRuntime.E2E.Tests\TestAssets\ExtendingTypes.cs(44,9): error CS0518: Predefined type 'System.Void' is not defined or imported
C:\gh\azure-sdk-for-net\sdk\mgmtcommon\Test\ClientRuntime.E2E.Tests\ScenarioTests\E2ETestBase.cs(178,53): error CS0518: Predefined type 'System.String' is not defined or imported
C:\gh\azure-sdk-for-net\sdk\mgmtcommon\Test\ClientRuntime.E2E.Tests\ScenarioTests\E2ETestBase.cs(178,19): error CS0518: Predefined type 'System.Object' is not defined or imported
C:\gh\azure-sdk-for-net\sdk\mgmtcommon\Test\ClientRuntime.E2E.Tests\ScenarioTests\E2ETestBase.cs(178,19): error CS0246: The type or namespace name 'ResourceGroup' could not be found (are you missing a using directive or an assembly reference?)
C:\gh\azure-sdk-for-net\sdk\mgmtcommon\Test\ClientRuntime.E2E.Tests\ScenarioTests\E2ETestBase.cs(716,47): error CS0518: Predefined type 'System.String' is not defined or imported
C:\gh\azure-sdk-for-net\sdk\mgmtcommon\Test\ClientRuntime.E2E.Tests\ScenarioTests\E2ETestBase.cs(716,61): error CS0518: Predefined type 'System.String' is not defined or imported
C:\gh\azure-sdk-for-net\sdk\mgmtcommon\Test\ClientRuntime.E2E.Tests\ScenarioTests\E2ETestBase.cs(716,85): error CS0518: Predefined type 'System.String' is not defined or imported
C:\gh\azure-sdk-for-net\sdk\mgmtcommon\Test\ClientRuntime.E2E.Tests\ScenarioTests\E2ETestBase.cs(716,23): error CS0518: Predefined type 'System.String' is not defined or imported
C:\gh\azure-sdk-for-net\sdk\mgmtcommon\Test\ClientRuntime.E2E.Tests\ScenarioTests\E2ETestBase.cs(742,31): error CS0518: Predefined type 'System.String' is not defined or imported
C:\gh\azure-sdk-for-net\sdk\mgmtcommon\Test\ClientRuntime.E2E.Tests\ScenarioTests\E2ETestBase.cs(136,55): error CS0518: Predefined type 'System.Object' is not defined or imported
C:\gh\azure-sdk-for-net\sdk\mgmtcommon\Test\ClientRuntime.E2E.Tests\ScenarioTests\E2ETestBase.cs(136,55): error CS0246: The type or namespace name 'ResourceGroup' could not be found (are you missing a using directive or an assembly reference?)
C:\gh\azure-sdk-for-net\sdk\mgmtcommon\Test\ClientRuntime.E2E.Tests\ScenarioTests\E2ETestBase.cs(136,79): error CS0518: Predefined type 'System.String' is not defined or imported
C:\gh\azure-sdk-for-net\sdk\mgmtcommon\Test\ClientRuntime.E2E.Tests\ScenarioTests\E2ETestBase.cs(136,19): error CS0518: Predefined type 'System.Object' is not defined or imported
C:\gh\azure-sdk-for-net\sdk\mgmtcommon\Test\ClientRuntime.E2E.Tests\ScenarioTests\E2ETestBase.cs(136,19): error CS0246: The type or namespace name 'StorageAccount' could not be found (are you missing a using directive or an assembly reference?)
C:\gh\azure-sdk-for-net\sdk\mgmtcommon\Test\ClientRuntime.E2E.Tests\ScenarioTests\E2ETestBase.cs(207,53): error CS0518: Predefined type 'System.Boolean' is not defined or imported
C:\gh\azure-sdk-for-net\sdk\mgmtcommon\Test\ClientRuntime.E2E.Tests\ScenarioTests\E2ETestBase.cs(207,19): error CS0518: Predefined type 'System.Object' is not defined or imported
C:\gh\azure-sdk-for-net\sdk\mgmtcommon\Test\ClientRuntime.E2E.Tests\ScenarioTests\E2ETestBase.cs(207,19): error CS0246: The type or namespace name 'ImageReference' could not be found (are you missing a using directive or an assembly reference?)
C:\gh\azure-sdk-for-net\sdk\mgmtcommon\Test\ClientRuntime.E2E.Tests\ScenarioTests\E2ETestBase.cs(662,55): error CS0518: Predefined type 'System.String' is not defined or imported
C:\gh\azure-sdk-for-net\sdk\mgmtcommon\Test\ClientRuntime.E2E.Tests\ScenarioTests\E2ETestBase.cs(662,70): error CS0518: Predefined type 'System.String' is not defined or imported
C:\gh\azure-sdk-for-net\sdk\mgmtcommon\Test\ClientRuntime.E2E.Tests\ScenarioTests\E2ETestBase.cs(662,85): error CS0518: Predefined type 'System.String' is not defined or imported
C:\gh\azure-sdk-for-net\sdk\mgmtcommon\Test\ClientRuntime.E2E.Tests\ScenarioTests\E2ETestBase.cs(662,112): error CS0518: Predefined type 'System.Object' is not defined or imported
C:\gh\azure-sdk-for-net\sdk\mgmtcommon\Test\ClientRuntime.E2E.Tests\ScenarioTests\E2ETestBase.cs(662,112): error CS0246: The type or namespace name 'ImageReference' could not be found (are you missing a using directive or an assembly reference?)
C:\gh\azure-sdk-for-net\sdk\mgmtcommon\Test\ClientRuntime.E2E.Tests\ScenarioTests\E2ETestBase.cs(662,137): error CS0518: Predefined type 'System.String' is not defined or imported
C:\gh\azure-sdk-for-net\sdk\mgmtcommon\Test\ClientRuntime.E2E.Tests\ScenarioTests\E2ETestBase.cs(662,152): error CS0518: Predefined type 'System.String' is not defined or imported
C:\gh\azure-sdk-for-net\sdk\mgmtcommon\Test\ClientRuntime.E2E.Tests\ScenarioTests\E2ETestBase.cs(662,166): error CS0518: Predefined type 'System.Boolean' is not defined or imported
C:\gh\azure-sdk-for-net\sdk\mgmtcommon\Test\ClientRuntime.E2E.Tests\ScenarioTests\E2ETestBase.cs(662,19): error CS0518: Predefined type 'System.Object' is not defined or imported
C:\gh\azure-sdk-for-net\sdk\mgmtcommon\Test\ClientRuntime.E2E.Tests\ScenarioTests\E2ETestBase.cs(662,19): error CS0246: The type or namespace name 'VirtualMachine' could not be found (are you missing a using directive or an assembly reference?)
C:\gh\azure-sdk-for-net\sdk\mgmtcommon\Test\ClientRuntime.E2E.Tests\ScenarioTests\E2ETestBase.cs(245,13): error CS0518: Predefined type 'System.String' is not defined or imported
C:\gh\azure-sdk-for-net\sdk\mgmtcommon\Test\ClientRuntime.E2E.Tests\ScenarioTests\E2ETestBase.cs(245,28): error CS0518: Predefined type 'System.String' is not defined or imported
C:\gh\azure-sdk-for-net\sdk\mgmtcommon\Test\ClientRuntime.E2E.Tests\ScenarioTests\E2ETestBase.cs(245,43): error CS0518: Predefined type 'System.String' is not defined or imported
C:\gh\azure-sdk-for-net\sdk\mgmtcommon\Test\ClientRuntime.E2E.Tests\ScenarioTests\E2ETestBase.cs(245,58): error CS0518: Predefined type 'System.String' is not defined or imported
C:\gh\azure-sdk-for-net\sdk\mgmtcommon\Test\ClientRuntime.E2E.Tests\ScenarioTests\E2ETestBase.cs(245,85): error CS0518: Predefined type 'System.Object' is not defined or imported
C:\gh\azure-sdk-for-net\sdk\mgmtcommon\Test\ClientRuntime.E2E.Tests\ScenarioTests\E2ETestBase.cs(245,85): error CS0246: The type or namespace name 'ImageReference' could not be found (are you missing a using directive or an assembly reference?)
C:\gh\azure-sdk-for-net\sdk\mgmtcommon\Test\ClientRuntime.E2E.Tests\ScenarioTests\E2ETestBase.cs(246,17): error CS0518: Predefined type 'System.Object' is not defined or imported
C:\gh\azure-sdk-for-net\sdk\mgmtcommon\Test\ClientRuntime.E2E.Tests\ScenarioTests\E2ETestBase.cs(246,17): error CS0246: The type or namespace name 'VirtualMachine' could not be found (are you missing a using directive or an assembly reference?)
C:\gh\azure-sdk-for-net\sdk\mgmtcommon\Test\ClientRuntime.E2E.Tests\ScenarioTests\E2ETestBase.cs(247,13): error CS0518: Predefined type 'System.Object' is not defined or imported
C:\gh\azure-sdk-for-net\sdk\mgmtcommon\Test\ClientRuntime.E2E.Tests\ScenarioTests\E2ETestBase.cs(247,13): error CS0246: The type or namespace name 'Action<>' could not be found (are you missing a using directive or an assembly reference?)
C:\gh\azure-sdk-for-net\sdk\mgmtcommon\Test\ClientRuntime.E2E.Tests\ScenarioTests\E2ETestBase.cs(247,20): error CS0518: Predefined type 'System.Object' is not defined or imported
C:\gh\azure-sdk-for-net\sdk\mgmtcommon\Test\ClientRuntime.E2E.Tests\ScenarioTests\E2ETestBase.cs(247,20): error CS0246: The type or namespace name 'VirtualMachine' could not be found (are you missing a using directive or an assembly reference?)
C:\gh\azure-sdk-for-net\sdk\mgmtcommon\Test\ClientRuntime.E2E.Tests\ScenarioTests\E2ETestBase.cs(248,13): error CS0518: Predefined type 'System.Boolean' is not defined or imported
C:\gh\azure-sdk-for-net\sdk\mgmtcommon\Test\ClientRuntime.E2E.Tests\ScenarioTests\E2ETestBase.cs(249,13): error CS0518: Predefined type 'System.Boolean' is not defined or imported
C:\gh\azure-sdk-for-net\sdk\mgmtcommon\Test\ClientRuntime.E2E.Tests\ScenarioTests\E2ETestBase.cs(250,13): error CS0518: Predefined type 'System.Boolean' is not defined or imported
C:\gh\azure-sdk-for-net\sdk\mgmtcommon\Test\ClientRuntime.E2E.Tests\ScenarioTests\E2ETestBase.cs(244,19): error CS0518: Predefined type 'System.Object' is not defined or imported
C:\gh\azure-sdk-for-net\sdk\mgmtcommon\Test\ClientRuntime.E2E.Tests\ScenarioTests\E2ETestBase.cs(244,19): error CS0246: The type or namespace name 'VirtualMachine' could not be found (are you missing a using directive or an assembly reference?)
C:\gh\azure-sdk-for-net\sdk\mgmtcommon\Test\ClientRuntime.E2E.Tests\ScenarioTests\E2ETestBase.cs(27,41): error CS0518: Predefined type 'System.String' is not defined or imported
C:\gh\azure-sdk-for-net\sdk\mgmtcommon\Test\ClientRuntime.E2E.Tests\TestAssets\ExtendingTypes.cs(31,30): error CS0518: Predefined type 'System.String' is not defined or imported
C:\gh\azure-sdk-for-net\sdk\mgmtcommon\Test\ClientRuntime.E2E.Tests\TestAssets\ExtendingTypes.cs(31,16): error CS0518: Predefined type 'System.Void' is not defined or imported
C:\gh\azure-sdk-for-net\sdk\mgmtcommon\Test\ClientRuntime.E2E.Tests\TestAssets\ExtendingTypes.cs(13,41): error CS0234: The type or namespace name 'Management' does not exist in the namespace 'Microsoft.Azure' (are you missing an assembly reference?)
C:\gh\azure-sdk-for-net\sdk\mgmtcommon\Test\ClientRuntime.E2E.Tests\TestAssets\ExtendingTypes.cs(19,21): error CS0518: Predefined type 'System.Object' is not defined or imported
C:\gh\azure-sdk-for-net\sdk\mgmtcommon\Test\ClientRuntime.E2E.Tests\TestAssets\ExtendingTypes.cs(19,21): error CS0246: The type or namespace name 'VirtualMachine' could not be found (are you missing a using directive or an assembly reference?)
C:\gh\azure-sdk-for-net\sdk\mgmtcommon\Test\ClientRuntime.E2E.Tests\TestAssets\ExtendingTypes.cs(19,9): error CS0518: Predefined type 'System.Void' is not defined or imported
C:\gh\azure-sdk-for-net\sdk\mgmtcommon\Test\ClientRuntime.E2E.Tests\ScenarioTests\E2ETestBase.cs(200,43): error CS0518: Predefined type 'System.String' is not defined or imported
C:\gh\azure-sdk-for-net\sdk\mgmtcommon\Test\ClientRuntime.E2E.Tests\ScenarioTests\E2ETestBase.cs(202,13): error CS0518: Predefined type 'System.String' is not defined or imported
C:\gh\azure-sdk-for-net\sdk\mgmtcommon\Test\ClientRuntime.E2E.Tests\ScenarioTests\E2ETestBase.cs(200,23): error CS0518: Predefined type 'System.String' is not defined or imported
C:\gh\azure-sdk-for-net\sdk\mgmtcommon\Test\ClientRuntime.E2E.Tests\ScenarioTests\E2ETestBase.cs(201,13): error CS0518: Predefined type 'System.Object' is not defined or imported
C:\gh\azure-sdk-for-net\sdk\mgmtcommon\Test\ClientRuntime.E2E.Tests\ScenarioTests\E2ETestBase.cs(201,13): error CS0246: The type or namespace name 'System' could not be found (are you missing a using directive or an assembly reference?)
C:\gh\azure-sdk-for-net\sdk\mgmtcommon\Test\ClientRuntime.E2E.Tests\ScenarioTests\E2ETestBase.cs(202,31): error CS0518: Predefined type 'System.String' is not defined or imported
C:\gh\azure-sdk-for-net\sdk\mgmtcommon\Test\ClientRuntime.E2E.Tests\TestAssets\RecordedDelegatingHandler.cs(24,42): error CS0518: Predefined type 'System.Object' is not defined or imported
C:\gh\azure-sdk-for-net\sdk\mgmtcommon\Test\ClientRuntime.E2E.Tests\TestAssets\RecordedDelegatingHandler.cs(24,42): error CS0246: The type or namespace name 'HttpResponseMessage' could not be found (are you missing a using directive or an assembly reference?)
C:\gh\azure-sdk-for-net\sdk\mgmtcommon\Test\ClientRuntime.E2E.Tests\TestAssets\RecordedDelegatingHandler.cs(24,9): error CS0518: Predefined type 'System.Void' is not defined or imported
C:\gh\azure-sdk-for-net\sdk\mgmtcommon\Test\ClientRuntime.E2E.Tests\TestAssets\RecordedDelegatingHandler.cs(19,9): error CS0518: Predefined type 'System.Void' is not defined or imported
C:\gh\azure-sdk-for-net\sdk\mgmtcommon\Test\ClientRuntime.E2E.Tests\ScenarioTests\E2ETestBase.cs(622,59): error CS0518: Predefined type 'System.String' is not defined or imported
C:\gh\azure-sdk-for-net\sdk\mgmtcommon\Test\ClientRuntime.E2E.Tests\ScenarioTests\E2ETestBase.cs(622,74): error CS0518: Predefined type 'System.Object' is not defined or imported
C:\gh\azure-sdk-for-net\sdk\mgmtcommon\Test\ClientRuntime.E2E.Tests\ScenarioTests\E2ETestBase.cs(622,74): error CS0246: The type or namespace name 'Subnet' could not be found (are you missing a using directive or an assembly reference?)
C:\gh\azure-sdk-for-net\sdk\mgmtcommon\Test\ClientRuntime.E2E.Tests\ScenarioTests\E2ETestBase.cs(622,89): error CS0518: Predefined type 'System.String' is not defined or imported
C:\gh\azure-sdk-for-net\sdk\mgmtcommon\Test\ClientRuntime.E2E.Tests\ScenarioTests\E2ETestBase.cs(622,19): error CS0518: Predefined type 'System.Object' is not defined or imported
C:\gh\azure-sdk-for-net\sdk\mgmtcommon\Test\ClientRuntime.E2E.Tests\ScenarioTests\E2ETestBase.cs(622,19): error CS0246: The type or namespace name 'NetworkInterface' could not be found (are you missing a using directive or an assembly reference?)
C:\gh\azure-sdk-for-net\sdk\mgmtcommon\Test\ClientRuntime.E2E.Tests\ScenarioTests\VMTests.cs(21,31): error CS0518: Predefined type 'System.String' is not defined or imported
C:\gh\azure-sdk-for-net\sdk\mgmtcommon\Test\ClientRuntime.E2E.Tests\ScenarioTests\VMTests.cs(25,33): error CS0518: Predefined type 'System.String' is not defined or imported
C:\gh\azure-sdk-for-net\sdk\mgmtcommon\Test\ClientRuntime.E2E.Tests\ScenarioTests\VMTests.cs(23,38): error CS0518: Predefined type 'System.String' is not defined or imported
C:\gh\azure-sdk-for-net\sdk\mgmtcommon\Test\ClientRuntime.E2E.Tests\ScenarioTests\VMTests.cs(22,39): error CS0518: Predefined type 'System.String' is not defined or imported
C:\gh\azure-sdk-for-net\sdk\mgmtcommon\Test\ClientRuntime.E2E.Tests\ScenarioTests\E2ETestBase.cs(577,46): error CS0518: Predefined type 'System.String' is not defined or imported
C:\gh\azure-sdk-for-net\sdk\mgmtcommon\Test\ClientRuntime.E2E.Tests\ScenarioTests\E2ETestBase.cs(577,61): error CS0518: Predefined type 'System.Object' is not defined or imported
C:\gh\azure-sdk-for-net\sdk\mgmtcommon\Test\ClientRuntime.E2E.Tests\ScenarioTests\E2ETestBase.cs(577,61): error CS0246: The type or namespace name 'Subnet' could not be found (are you missing a using directive or an assembly reference?)
C:\gh\azure-sdk-for-net\sdk\mgmtcommon\Test\ClientRuntime.E2E.Tests\ScenarioTests\E2ETestBase.cs(577,76): error CS0518: Predefined type 'System.String' is not defined or imported
C:\gh\azure-sdk-for-net\sdk\mgmtcommon\Test\ClientRuntime.E2E.Tests\ScenarioTests\E2ETestBase.cs(577,100): error CS0518: Predefined type 'System.String' is not defined or imported
C:\gh\azure-sdk-for-net\sdk\mgmtcommon\Test\ClientRuntime.E2E.Tests\ScenarioTests\E2ETestBase.cs(577,123): error CS0518: Predefined type 'System.Object' is not defined or imported
C:\gh\azure-sdk-for-net\sdk\mgmtcommon\Test\ClientRuntime.E2E.Tests\ScenarioTests\E2ETestBase.cs(577,123): error CS0246: The type or namespace name 'NetworkSecurityGroup' could not be found (are you missing a using directive or an assembly reference?)
C:\gh\azure-sdk-for-net\sdk\mgmtcommon\Test\ClientRuntime.E2E.Tests\ScenarioTests\E2ETestBase.cs(577,19): error CS0518: Predefined type 'System.Object' is not defined or imported
C:\gh\azure-sdk-for-net\sdk\mgmtcommon\Test\ClientRuntime.E2E.Tests\ScenarioTests\E2ETestBase.cs(577,19): error CS0246: The type or namespace name 'NetworkInterface' could not be found (are you missing a using directive or an assembly reference?)
C:\gh\azure-sdk-for-net\sdk\mgmtcommon\Test\ClientRuntime.E2E.Tests\ScenarioTests\VMTests.cs(30,9): error CS0518: Predefined type 'System.Void' is not defined or imported
C:\gh\azure-sdk-for-net\sdk\mgmtcommon\Test\ClientRuntime.E2E.Tests\ScenarioTests\E2ETestBase.cs(43,28): error CS0518: Predefined type 'System.String' is not defined or imported
C:\gh\azure-sdk-for-net\sdk\mgmtcommon\Test\ClientRuntime.E2E.Tests\ScenarioTests\E2ETestBase.cs(43,9): error CS0518: Predefined type 'System.Void' is not defined or imported
C:\gh\azure-sdk-for-net\sdk\mgmtcommon\Test\ClientRuntime.E2E.Tests\ScenarioTests\E2ETestBase.cs(563,50): error CS0518: Predefined type 'System.String' is not defined or imported
C:\gh\azure-sdk-for-net\sdk\mgmtcommon\Test\ClientRuntime.E2E.Tests\ScenarioTests\E2ETestBase.cs(563,65): error CS0518: Predefined type 'System.String' is not defined or imported
C:\gh\azure-sdk-for-net\sdk\mgmtcommon\Test\ClientRuntime.E2E.Tests\ScenarioTests\E2ETestBase.cs(563,19): error CS0518: Predefined type 'System.Object' is not defined or imported
C:\gh\azure-sdk-for-net\sdk\mgmtcommon\Test\ClientRuntime.E2E.Tests\ScenarioTests\E2ETestBase.cs(563,19): error CS0246: The type or namespace name 'NetworkSecurityGroup' could not be found (are you missing a using directive or an assembly reference?)
C:\gh\azure-sdk-for-net\sdk\mgmtcommon\Test\ClientRuntime.E2E.Tests\ScenarioTests\E2ETestBase.cs(522,56): error CS0518: Predefined type 'System.String' is not defined or imported
C:\gh\azure-sdk-for-net\sdk\mgmtcommon\Test\ClientRuntime.E2E.Tests\ScenarioTests\E2ETestBase.cs(522,71): error CS0518: Predefined type 'System.Int32' is not defined or imported
C:\gh\azure-sdk-for-net\sdk\mgmtcommon\Test\ClientRuntime.E2E.Tests\ScenarioTests\E2ETestBase.cs(522,19): error CS0518: Predefined type 'System.Object' is not defined or imported
C:\gh\azure-sdk-for-net\sdk\mgmtcommon\Test\ClientRuntime.E2E.Tests\ScenarioTests\E2ETestBase.cs(522,19): error CS0246: The type or namespace name 'VirtualNetwork' could not be found (are you missing a using directive or an assembly reference?)
C:\gh\azure-sdk-for-net\sdk\mgmtcommon\Test\ClientRuntime.E2E.Tests\ScenarioTests\E2ETestBase.cs(25,18): error CS0518: Predefined type 'System.Object' is not defined or imported
C:\gh\azure-sdk-for-net\sdk\mgmtcommon\Test\ClientRuntime.E2E.Tests\ScenarioTests\E2ETestBase.cs(470,37): error CS0518: Predefined type 'System.String' is not defined or imported
C:\gh\azure-sdk-for-net\sdk\mgmtcommon\Test\ClientRuntime.E2E.Tests\ScenarioTests\E2ETestBase.cs(470,52): error CS0518: Predefined type 'System.Boolean' is not defined or imported
C:\gh\azure-sdk-for-net\sdk\mgmtcommon\Test\ClientRuntime.E2E.Tests\ScenarioTests\E2ETestBase.cs(470,19): error CS0518: Predefined type 'System.Object' is not defined or imported
C:\gh\azure-sdk-for-net\sdk\mgmtcommon\Test\ClientRuntime.E2E.Tests\ScenarioTests\E2ETestBase.cs(470,19): error CS0246: The type or namespace name 'Subnet' could not be found (are you missing a using directive or an assembly reference?)
C:\gh\azure-sdk-for-net\sdk\mgmtcommon\Test\ClientRuntime.E2E.Tests\ScenarioTests\E2ETestBase.cs(431,48): error CS0518: Predefined type 'System.String' is not defined or imported
C:\gh\azure-sdk-for-net\sdk\mgmtcommon\Test\ClientRuntime.E2E.Tests\ScenarioTests\E2ETestBase.cs(431,63): error CS0518: Predefined type 'System.String' is not defined or imported
C:\gh\azure-sdk-for-net\sdk\mgmtcommon\Test\ClientRuntime.E2E.Tests\ScenarioTests\E2ETestBase.cs(431,78): error CS0518: Predefined type 'System.Boolean' is not defined or imported
C:\gh\azure-sdk-for-net\sdk\mgmtcommon\Test\ClientRuntime.E2E.Tests\ScenarioTests\E2ETestBase.cs(431,19): error CS0518: Predefined type 'System.String' is not defined or imported
C:\gh\azure-sdk-for-net\sdk\mgmtcommon\Test\ClientRuntime.E2E.Tests\ScenarioTests\E2ETestBase.cs(392,50): error CS0518: Predefined type 'System.String' is not defined or imported
C:\gh\azure-sdk-for-net\sdk\mgmtcommon\Test\ClientRuntime.E2E.Tests\ScenarioTests\E2ETestBase.cs(392,19): error CS0518: Predefined type 'System.Object' is not defined or imported
C:\gh\azure-sdk-for-net\sdk\mgmtcommon\Test\ClientRuntime.E2E.Tests\ScenarioTests\E2ETestBase.cs(392,19): error CS0246: The type or namespace name 'PublicIPAddress' could not be found (are you missing a using directive or an assembly reference?)
C:\gh\azure-sdk-for-net\sdk\mgmtcommon\Test\ClientRuntime.E2E.Tests\ScenarioTests\E2ETestBase.cs(327,35): error CS0518: Predefined type 'System.Object' is not defined or imported
C:\gh\azure-sdk-for-net\sdk\mgmtcommon\Test\ClientRuntime.E2E.Tests\ScenarioTests\E2ETestBase.cs(327,35): error CS0246: The type or namespace name 'VirtualMachine' could not be found (are you missing a using directive or an assembly reference?)
C:\gh\azure-sdk-for-net\sdk\mgmtcommon\Test\ClientRuntime.E2E.Tests\ScenarioTests\E2ETestBase.cs(327,54): error CS0518: Predefined type 'System.Object' is not defined or imported
C:\gh\azure-sdk-for-net\sdk\mgmtcommon\Test\ClientRuntime.E2E.Tests\ScenarioTests\E2ETestBase.cs(327,54): error CS0246: The type or namespace name 'VirtualMachine' could not be found (are you missing a using directive or an assembly reference?)
C:\gh\azure-sdk-for-net\sdk\mgmtcommon\Test\ClientRuntime.E2E.Tests\ScenarioTests\E2ETestBase.cs(327,76): error CS0518: Predefined type 'System.String' is not defined or imported
C:\gh\azure-sdk-for-net\sdk\mgmtcommon\Test\ClientRuntime.E2E.Tests\ScenarioTests\E2ETestBase.cs(327,106): error CS0518: Predefined type 'System.Boolean' is not defined or imported
C:\gh\azure-sdk-for-net\sdk\mgmtcommon\Test\ClientRuntime.E2E.Tests\ScenarioTests\E2ETestBase.cs(327,19): error CS0518: Predefined type 'System.Void' is not defined or imported
C:\gh\azure-sdk-for-net\sdk\mgmtcommon\Test\ClientRuntime.E2E.Tests\ScenarioTests\E2ETestBase.cs(227,46): error CS0518: Predefined type 'System.String' is not defined or imported
C:\gh\azure-sdk-for-net\sdk\mgmtcommon\Test\ClientRuntime.E2E.Tests\ScenarioTests\E2ETestBase.cs(227,64): error CS0518: Predefined type 'System.String' is not defined or imported
C:\gh\azure-sdk-for-net\sdk\mgmtcommon\Test\ClientRuntime.E2E.Tests\ScenarioTests\E2ETestBase.cs(227,78): error CS0518: Predefined type 'System.String' is not defined or imported
C:\gh\azure-sdk-for-net\sdk\mgmtcommon\Test\ClientRuntime.E2E.Tests\ScenarioTests\E2ETestBase.cs(227,19): error CS0518: Predefined type 'System.Object' is not defined or imported
C:\gh\azure-sdk-for-net\sdk\mgmtcommon\Test\ClientRuntime.E2E.Tests\ScenarioTests\E2ETestBase.cs(227,19): error CS0246: The type or namespace name 'ImageReference' could not be found (are you missing a using directive or an assembly reference?)
C:\gh\azure-sdk-for-net\sdk\mgmtcommon\Test\ClientRuntime.E2E.Tests\ScenarioTests\E2ETestBase.cs(37,9): error CS0518: Predefined type 'System.Object' is not defined or imported
C:\gh\azure-sdk-for-net\sdk\mgmtcommon\Test\ClientRuntime.E2E.Tests\ScenarioTests\E2ETestBase.cs(37,9): error CS0246: The type or namespace name 'ImageReference' could not be found (are you missing a using directive or an assembly reference?)
C:\gh\azure-sdk-for-net\sdk\mgmtcommon\Test\ClientRuntime.E2E.Tests\ScenarioTests\E2ETestBase.cs(35,9): error CS0518: Predefined type 'System.Object' is not defined or imported
C:\gh\azure-sdk-for-net\sdk\mgmtcommon\Test\ClientRuntime.E2E.Tests\ScenarioTests\E2ETestBase.cs(35,9): error CS0246: The type or namespace name 'NetworkManagementClient' could not be found (are you missing a using directive or an assembly reference?)
C:\gh\azure-sdk-for-net\sdk\mgmtcommon\Test\ClientRuntime.E2E.Tests\ScenarioTests\E2ETestBase.cs(34,9): error CS0518: Predefined type 'System.Object' is not defined or imported
C:\gh\azure-sdk-for-net\sdk\mgmtcommon\Test\ClientRuntime.E2E.Tests\ScenarioTests\E2ETestBase.cs(34,9): error CS0246: The type or namespace name 'StorageManagementClient' could not be found (are you missing a using directive or an assembly reference?)
C:\gh\azure-sdk-for-net\sdk\mgmtcommon\Test\ClientRuntime.E2E.Tests\ScenarioTests\E2ETestBase.cs(33,9): error CS0518: Predefined type 'System.Object' is not defined or imported
C:\gh\azure-sdk-for-net\sdk\mgmtcommon\Test\ClientRuntime.E2E.Tests\ScenarioTests\E2ETestBase.cs(32,9): error CS0518: Predefined type 'System.Object' is not defined or imported
C:\gh\azure-sdk-for-net\sdk\mgmtcommon\Test\ClientRuntime.E2E.Tests\ScenarioTests\E2ETestBase.cs(32,9): error CS0246: The type or namespace name 'ResourceManagementClient' could not be found (are you missing a using directive or an assembly reference?)
C:\gh\azure-sdk-for-net\sdk\mgmtcommon\Test\ClientRuntime.E2E.Tests\ScenarioTests\E2ETestBase.cs(56,13): error CS0518: Predefined type 'System.Void' is not defined or imported
C:\gh\azure-sdk-for-net\sdk\mgmtcommon\Test\ClientRuntime.E2E.Tests\ScenarioTests\E2ETestBase.cs(31,9): error CS0518: Predefined type 'System.Object' is not defined or imported
C:\gh\azure-sdk-for-net\sdk\mgmtcommon\Test\ClientRuntime.E2E.Tests\ScenarioTests\E2ETestBase.cs(29,9): error CS0518: Predefined type 'System.String' is not defined or imported
C:\gh\azure-sdk-for-net\sdk\mgmtcommon\Test\ClientRuntime.E2E.Tests\ScenarioTests\E2ETestBase.cs(749,22): error CS0518: Predefined type 'System.String' is not defined or imported
C:\gh\azure-sdk-for-net\sdk\mgmtcommon\Test\ClientRuntime.E2E.Tests\Properties\AssemblyInfo.cs(8,12): error CS0246: The type or namespace name 'AssemblyConfigurationAttribute' could not be found (are you missing a using directive or an assembly reference?)
C:\gh\azure-sdk-for-net\sdk\mgmtcommon\Test\ClientRuntime.E2E.Tests\Properties\AssemblyInfo.cs(8,12): error CS0246: The type or namespace name 'AssemblyConfiguration' could not be found (are you missing a using directive or an assembly reference?)
C:\gh\azure-sdk-for-net\sdk\mgmtcommon\Test\ClientRuntime.E2E.Tests\Properties\AssemblyInfo.cs(9,12): error CS0246: The type or namespace name 'AssemblyCompanyAttribute' could not be found (are you missing a using directive or an assembly reference?)
C:\gh\azure-sdk-for-net\sdk\mgmtcommon\Test\ClientRuntime.E2E.Tests\Properties\AssemblyInfo.cs(9,12): error CS0246: The type or namespace name 'AssemblyCompany' could not be found (are you missing a using directive or an assembly reference?)
C:\gh\azure-sdk-for-net\sdk\mgmtcommon\Test\ClientRuntime.E2E.Tests\Properties\AssemblyInfo.cs(10,12): error CS0246: The type or namespace name 'AssemblyProductAttribute' could not be found (are you missing a using directive or an assembly reference?)
C:\gh\azure-sdk-for-net\sdk\mgmtcommon\Test\ClientRuntime.E2E.Tests\Properties\AssemblyInfo.cs(10,12): error CS0246: The type or namespace name 'AssemblyProduct' could not be found (are you missing a using directive or an assembly reference?)
C:\gh\azure-sdk-for-net\sdk\mgmtcommon\Test\ClientRuntime.E2E.Tests\Properties\AssemblyInfo.cs(11,12): error CS0246: The type or namespace name 'AssemblyTrademarkAttribute' could not be found (are you missing a using directive or an assembly reference?)
C:\gh\azure-sdk-for-net\sdk\mgmtcommon\Test\ClientRuntime.E2E.Tests\Properties\AssemblyInfo.cs(11,12): error CS0246: The type or namespace name 'AssemblyTrademark' could not be found (are you missing a using directive or an assembly reference?)
C:\gh\azure-sdk-for-net\sdk\mgmtcommon\Test\ClientRuntime.E2E.Tests\Properties\AssemblyInfo.cs(16,12): error CS0246: The type or namespace name 'ComVisibleAttribute' could not be found (are you missing a using directive or an assembly reference?)
C:\gh\azure-sdk-for-net\sdk\mgmtcommon\Test\ClientRuntime.E2E.Tests\Properties\AssemblyInfo.cs(16,12): error CS0246: The type or namespace name 'ComVisible' could not be found (are you missing a using directive or an assembly reference?)
C:\gh\azure-sdk-for-net\sdk\mgmtcommon\Test\ClientRuntime.E2E.Tests\Properties\AssemblyInfo.cs(19,12): error CS0246: The type or namespace name 'GuidAttribute' could not be found (are you missing a using directive or an assembly reference?)
C:\gh\azure-sdk-for-net\sdk\mgmtcommon\Test\ClientRuntime.E2E.Tests\Properties\AssemblyInfo.cs(19,12): error CS0246: The type or namespace name 'Guid' could not be found (are you missing a using directive or an assembly reference?)
C:\gh\azure-sdk-for-net\eng\mgmt\DisableTestRunParallel.cs(7,12): error CS0246: The type or namespace name 'CollectionBehaviorAttribute' could not be found (are you missing a using directive or an assembly reference?)
C:\gh\azure-sdk-for-net\eng\mgmt\DisableTestRunParallel.cs(7,12): error CS0246: The type or namespace name 'CollectionBehavior' could not be found (are you missing a using directive or an assembly reference?)
C:\gh\azure-sdk-for-net\artifacts\obj\ClientRuntime.E2E.Tests\Debug\netcoreapp2.0\.NETCoreApp,Version=v2.0.AssemblyAttributes.cs(4,20): error CS0400: The type or namespace name 'System' could not be found in the global namespace (are you missing an assembly reference?)
C:\gh\azure-sdk-for-net\artifacts\obj\ClientRuntime.E2E.Tests\Debug\netcoreapp2.0\ClientRuntime.E2E.Tests.AssemblyInfo.cs(14,12): error CS0246: The type or namespace name 'System' could not be found (are you missing a using directive or an assembly reference?)
C:\gh\azure-sdk-for-net\artifacts\obj\ClientRuntime.E2E.Tests\Debug\netcoreapp2.0\ClientRuntime.E2E.Tests.AssemblyInfo.cs(15,12): error CS0246: The type or namespace name 'System' could not be found (are you missing a using directive or an assembly reference?)
C:\gh\azure-sdk-for-net\artifacts\obj\ClientRuntime.E2E.Tests\Debug\netcoreapp2.0\ClientRuntime.E2E.Tests.AssemblyInfo.cs(16,12): error CS0246: The type or namespace name 'System' could not be found (are you missing a using directive or an assembly reference?)
C:\gh\azure-sdk-for-net\sdk\mgmtcommon\Test\ClientRuntime.E2E.Tests\Properties\AssemblyInfo.cs(8,34): error CS0518: Predefined type 'System.String' is not defined or imported
C:\gh\azure-sdk-for-net\sdk\mgmtcommon\Test\ClientRuntime.E2E.Tests\Properties\AssemblyInfo.cs(9,28): error CS0518: Predefined type 'System.String' is not defined or imported
C:\gh\azure-sdk-for-net\sdk\mgmtcommon\Test\ClientRuntime.E2E.Tests\Properties\AssemblyInfo.cs(10,28): error CS0518: Predefined type 'System.String' is not defined or imported
C:\gh\azure-sdk-for-net\sdk\mgmtcommon\Test\ClientRuntime.E2E.Tests\Properties\AssemblyInfo.cs(11,30): error CS0518: Predefined type 'System.String' is not defined or imported
C:\gh\azure-sdk-for-net\sdk\mgmtcommon\Test\ClientRuntime.E2E.Tests\Properties\AssemblyInfo.cs(16,23): error CS0518: Predefined type 'System.Boolean' is not defined or imported
C:\gh\azure-sdk-for-net\sdk\mgmtcommon\Test\ClientRuntime.E2E.Tests\Properties\AssemblyInfo.cs(19,17): error CS0518: Predefined type 'System.String' is not defined or imported
C:\gh\azure-sdk-for-net\eng\mgmt\DisableTestRunParallel.cs(7,31): error CS0246: The type or namespace name 'DisableTestParallelization' could not be found (are you missing a using directive or an assembly reference?)
C:\gh\azure-sdk-for-net\eng\mgmt\DisableTestRunParallel.cs(7,60): error CS0518: Predefined type 'System.Boolean' is not defined or imported
C:\gh\azure-sdk-for-net\eng\mgmt\DisableTestRunParallel.cs(7,66): error CS0246: The type or namespace name 'MaxParallelThreads' could not be found (are you missing a using directive or an assembly reference?)
C:\gh\azure-sdk-for-net\eng\mgmt\DisableTestRunParallel.cs(7,87): error CS0518: Predefined type 'System.Int32' is not defined or imported
C:\gh\azure-sdk-for-net\artifacts\obj\ClientRuntime.E2E.Tests\Debug\netcoreapp2.0\.NETCoreApp,Version=v2.0.AssemblyAttributes.cs(4,71): error CS0518: Predefined type 'System.String' is not defined or imported
C:\gh\azure-sdk-for-net\artifacts\obj\ClientRuntime.E2E.Tests\Debug\netcoreapp2.0\.NETCoreApp,Version=v2.0.AssemblyAttributes.cs(4,99): error CS0246: The type or namespace name 'FrameworkDisplayName' could not be found (are you missing a using directive or an assembly reference?)
C:\gh\azure-sdk-for-net\artifacts\obj\ClientRuntime.E2E.Tests\Debug\netcoreapp2.0\.NETCoreApp,Version=v2.0.AssemblyAttributes.cs(4,122): error CS0518: Predefined type 'System.String' is not defined or imported
C:\gh\azure-sdk-for-net\artifacts\obj\ClientRuntime.E2E.Tests\Debug\netcoreapp2.0\ClientRuntime.E2E.Tests.AssemblyInfo.cs(14,56): error CS0518: Predefined type 'System.String' is not defined or imported
C:\gh\azure-sdk-for-net\artifacts\obj\ClientRuntime.E2E.Tests\Debug\netcoreapp2.0\ClientRuntime.E2E.Tests.AssemblyInfo.cs(14,70): error CS0518: Predefined type 'System.String' is not defined or imported
C:\gh\azure-sdk-for-net\artifacts\obj\ClientRuntime.E2E.Tests\Debug\netcoreapp2.0\ClientRuntime.E2E.Tests.AssemblyInfo.cs(15,68): error CS0518: Predefined type 'System.String' is not defined or imported
C:\gh\azure-sdk-for-net\artifacts\obj\ClientRuntime.E2E.Tests\Debug\netcoreapp2.0\ClientRuntime.E2E.Tests.AssemblyInfo.cs(16,56): error CS0518: Predefined type 'System.String' is not defined or imported
C:\gh\azure-sdk-for-net\artifacts\obj\ClientRuntime.E2E.Tests\Debug\netcoreapp2.0\ClientRuntime.E2E.Tests.AssemblyInfo.cs(16,73): error CS0518: Predefined type 'System.String' is not defined or imported
C:\gh\azure-sdk-for-net\sdk\mgmtcommon\Test\ClientRuntime.E2E.Tests\Properties\AssemblyInfo.cs(1,7): error CS0246: The type or namespace name 'System' could not be found (are you missing a using directive or an assembly reference?)
C:\gh\azure-sdk-for-net\sdk\mgmtcommon\Test\ClientRuntime.E2E.Tests\Properties\AssemblyInfo.cs(2,7): error CS0246: The type or namespace name 'System' could not be found (are you missing a using directive or an assembly reference?)
C:\gh\azure-sdk-for-net\sdk\mgmtcommon\Test\ClientRuntime.E2E.Tests\Properties\AssemblyInfo.cs(3,7): error CS0246: The type or namespace name 'System' could not be found (are you missing a using directive or an assembly reference?)
C:\gh\azure-sdk-for-net\eng\mgmt\DisableTestRunParallel.cs(4,7): error CS0246: The type or namespace name 'System' could not be found (are you missing a using directive or an assembly reference?)
C:\gh\azure-sdk-for-net\eng\mgmt\DisableTestRunParallel.cs(5,7): error CS0246: The type or namespace name 'Xunit' could not be found (are you missing a using directive or an assembly reference?)
C:\gh\azure-sdk-for-net\artifacts\obj\ClientRuntime.E2E.Tests\Debug\netcoreapp2.0\.NETCoreApp,Version=v2.0.AssemblyAttributes.cs(2,7): error CS0246: The type or namespace name 'System' could not be found (are you missing a using directive or an assembly reference?)
C:\gh\azure-sdk-for-net\artifacts\obj\ClientRuntime.E2E.Tests\Debug\netcoreapp2.0\.NETCoreApp,Version=v2.0.AssemblyAttributes.cs(3,7): error CS0246: The type or namespace name 'System' could not be found (are you missing a using directive or an assembly reference?)
C:\gh\azure-sdk-for-net\artifacts\obj\ClientRuntime.E2E.Tests\Debug\netcoreapp2.0\ClientRuntime.E2E.Tests.AssemblyInfo.cs(11,7): error CS0246: The type or namespace name 'System' could not be found (are you missing a using directive or an assembly reference?)
C:\gh\azure-sdk-for-net\artifacts\obj\ClientRuntime.E2E.Tests\Debug\netcoreapp2.0\ClientRuntime.E2E.Tests.AssemblyInfo.cs(12,7): error CS0246: The type or namespace name 'System' could not be found (are you missing a using directive or an assembly reference?)
C:\gh\azure-sdk-for-net\sdk\mgmtcommon\Test\ClientRuntime.E2E.Tests\TestAssets\ExtendingTypes.cs(6,27): error CS0234: The type or namespace name 'Management' does not exist in the namespace 'Microsoft.Azure' (are you missing an assembly reference?)
C:\gh\azure-sdk-for-net\sdk\mgmtcommon\Test\ClientRuntime.E2E.Tests\TestAssets\ExtendingTypes.cs(7,27): error CS0234: The type or namespace name 'Management' does not exist in the namespace 'Microsoft.Azure' (are you missing an assembly reference?)
C:\gh\azure-sdk-for-net\sdk\mgmtcommon\Test\ClientRuntime.E2E.Tests\TestAssets\RecordedDelegatingHandler.cs(6,11): error CS0246: The type or namespace name 'System' could not be found (are you missing a using directive or an assembly reference?)
C:\gh\azure-sdk-for-net\sdk\mgmtcommon\Test\ClientRuntime.E2E.Tests\TestAssets\RecordedDelegatingHandler.cs(7,11): error CS0246: The type or namespace name 'System' could not be found (are you missing a using directive or an assembly reference?)
C:\gh\azure-sdk-for-net\sdk\mgmtcommon\Test\ClientRuntime.E2E.Tests\TestAssets\RecordedDelegatingHandler.cs(8,11): error CS0246: The type or namespace name 'System' could not be found (are you missing a using directive or an assembly reference?)
C:\gh\azure-sdk-for-net\sdk\mgmtcommon\Test\ClientRuntime.E2E.Tests\TestAssets\RecordedDelegatingHandler.cs(9,11): error CS0246: The type or namespace name 'System' could not be found (are you missing a using directive or an assembly reference?)
C:\gh\azure-sdk-for-net\sdk\mgmtcommon\Test\ClientRuntime.E2E.Tests\TestAssets\RecordedDelegatingHandler.cs(10,11): error CS0246: The type or namespace name 'System' could not be found (are you missing a using directive or an assembly reference?)
C:\gh\azure-sdk-for-net\sdk\mgmtcommon\Test\ClientRuntime.E2E.Tests\ScenarioTests\E2ETestBase.cs(6,27): error CS0234: The type or namespace name 'Management' does not exist in the namespace 'Microsoft.Azure' (are you missing an assembly reference?)
C:\gh\azure-sdk-for-net\sdk\mgmtcommon\Test\ClientRuntime.E2E.Tests\ScenarioTests\E2ETestBase.cs(7,27): error CS0234: The type or namespace name 'Management' does not exist in the namespace 'Microsoft.Azure' (are you missing an assembly reference?)
C:\gh\azure-sdk-for-net\sdk\mgmtcommon\Test\ClientRuntime.E2E.Tests\ScenarioTests\E2ETestBase.cs(8,27): error CS0234: The type or namespace name 'Management' does not exist in the namespace 'Microsoft.Azure' (are you missing an assembly reference?)
C:\gh\azure-sdk-for-net\sdk\mgmtcommon\Test\ClientRuntime.E2E.Tests\ScenarioTests\E2ETestBase.cs(9,27): error CS0234: The type or namespace name 'Management' does not exist in the namespace 'Microsoft.Azure' (are you missing an assembly reference?)
C:\gh\azure-sdk-for-net\sdk\mgmtcommon\Test\ClientRuntime.E2E.Tests\ScenarioTests\E2ETestBase.cs(10,27): error CS0234: The type or namespace name 'Management' does not exist in the namespace 'Microsoft.Azure' (are you missing an assembly reference?)
C:\gh\azure-sdk-for-net\sdk\mgmtcommon\Test\ClientRuntime.E2E.Tests\ScenarioTests\E2ETestBase.cs(11,27): error CS0234: The type or namespace name 'Management' does not exist in the namespace 'Microsoft.Azure' (are you missing an assembly reference?)
C:\gh\azure-sdk-for-net\sdk\mgmtcommon\Test\ClientRuntime.E2E.Tests\ScenarioTests\E2ETestBase.cs(12,27): error CS0234: The type or namespace name 'Management' does not exist in the namespace 'Microsoft.Azure' (are you missing an assembly reference?)
C:\gh\azure-sdk-for-net\sdk\mgmtcommon\Test\ClientRuntime.E2E.Tests\ScenarioTests\E2ETestBase.cs(13,27): error CS0234: The type or namespace name 'Management' does not exist in the namespace 'Microsoft.Azure' (are you missing an assembly reference?)
C:\gh\azure-sdk-for-net\sdk\mgmtcommon\Test\ClientRuntime.E2E.Tests\ScenarioTests\E2ETestBase.cs(17,11): error CS0246: The type or namespace name 'System' could not be found (are you missing a using directive or an assembly reference?)
C:\gh\azure-sdk-for-net\sdk\mgmtcommon\Test\ClientRuntime.E2E.Tests\ScenarioTests\E2ETestBase.cs(18,11): error CS0246: The type or namespace name 'System' could not be found (are you missing a using directive or an assembly reference?)
C:\gh\azure-sdk-for-net\sdk\mgmtcommon\Test\ClientRuntime.E2E.Tests\ScenarioTests\E2ETestBase.cs(19,11): error CS0246: The type or namespace name 'System' could not be found (are you missing a using directive or an assembly reference?)
C:\gh\azure-sdk-for-net\sdk\mgmtcommon\Test\ClientRuntime.E2E.Tests\ScenarioTests\E2ETestBase.cs(20,11): error CS0246: The type or namespace name 'System' could not be found (are you missing a using directive or an assembly reference?)
C:\gh\azure-sdk-for-net\sdk\mgmtcommon\Test\ClientRuntime.E2E.Tests\ScenarioTests\E2ETestBase.cs(21,11): error CS0246: The type or namespace name 'System' could not be found (are you missing a using directive or an assembly reference?)
C:\gh\azure-sdk-for-net\sdk\mgmtcommon\Test\ClientRuntime.E2E.Tests\ScenarioTests\E2ETestBase.cs(22,11): error CS0246: The type or namespace name 'System' could not be found (are you missing a using directive or an assembly reference?)
C:\gh\azure-sdk-for-net\sdk\mgmtcommon\Test\ClientRuntime.E2E.Tests\ScenarioTests\E2ETestBase.cs(23,11): error CS0246: The type or namespace name 'Xunit' could not be found (are you missing a using directive or an assembly reference?)
C:\gh\azure-sdk-for-net\sdk\mgmtcommon\Test\ClientRuntime.E2E.Tests\ScenarioTests\VMTests.cs(6,27): error CS0234: The type or namespace name 'Management' does not exist in the namespace 'Microsoft.Azure' (are you missing an assembly reference?)
C:\gh\azure-sdk-for-net\sdk\mgmtcommon\Test\ClientRuntime.E2E.Tests\ScenarioTests\VMTests.cs(7,27): error CS0234: The type or namespace name 'Management' does not exist in the namespace 'Microsoft.Azure' (are you missing an assembly reference?)
C:\gh\azure-sdk-for-net\sdk\mgmtcommon\Test\ClientRuntime.E2E.Tests\ScenarioTests\VMTests.cs(8,27): error CS0234: The type or namespace name 'Management' does not exist in the namespace 'Microsoft.Azure' (are you missing an assembly reference?)
C:\gh\azure-sdk-for-net\sdk\mgmtcommon\Test\ClientRuntime.E2E.Tests\ScenarioTests\VMTests.cs(9,27): error CS0234: The type or namespace name 'Management' does not exist in the namespace 'Microsoft.Azure' (are you missing an assembly reference?)
C:\gh\azure-sdk-for-net\sdk\mgmtcommon\Test\ClientRuntime.E2E.Tests\ScenarioTests\VMTests.cs(10,27): error CS0234: The type or namespace name 'Management' does not exist in the namespace 'Microsoft.Azure' (are you missing an assembly reference?)
C:\gh\azure-sdk-for-net\sdk\mgmtcommon\Test\ClientRuntime.E2E.Tests\ScenarioTests\VMTests.cs(13,16): error CS0234: The type or namespace name 'Azure' does not exist in the namespace 'Microsoft.Rest' (are you missing an assembly reference?)
C:\gh\azure-sdk-for-net\sdk\mgmtcommon\Test\ClientRuntime.E2E.Tests\ScenarioTests\VMTests.cs(14,11): error CS0246: The type or namespace name 'System' could not be found (are you missing a using directive or an assembly reference?)
C:\gh\azure-sdk-for-net\sdk\mgmtcommon\Test\ClientRuntime.E2E.Tests\ScenarioTests\VMTests.cs(15,11): error CS0246: The type or namespace name 'System' could not be found (are you missing a using directive or an assembly reference?)
C:\gh\azure-sdk-for-net\sdk\mgmtcommon\Test\ClientRuntime.E2E.Tests\ScenarioTests\VMTests.cs(16,11): error CS0246: The type or namespace name 'System' could not be found (are you missing a using directive or an assembly reference?)
C:\gh\azure-sdk-for-net\sdk\mgmtcommon\Test\ClientRuntime.E2E.Tests\ScenarioTests\VMTests.cs(17,11): error CS0246: The type or namespace name 'Xunit' could not be found (are you missing a using directive or an assembly reference?)
C:\gh\azure-sdk-for-net\sdk\mgmtcommon\Test\ClientRuntime.E2E.Tests\ScenarioTests\E2ETestBase.cs(736,25): error CS0518: Predefined type 'System.Object' is not defined or imported
C:\gh\azure-sdk-for-net\sdk\mgmtcommon\Test\ClientRuntime.E2E.Tests\ScenarioTests\E2ETestBase.cs(747,25): error CS0518: Predefined type 'System.Object' is not defined or imported
C:\gh\azure-sdk-for-net\sdk\mgmtcommon\Test\ClientRuntime.E2E.Tests\TestAssets\RecordedDelegatingHandler.cs(30,57): error CS0518: Predefined type 'System.Void' is not defined or imported
C:\gh\azure-sdk-for-net\sdk\mgmtcommon\Test\ClientRuntime.E2E.Tests\ScenarioTests\E2ETestBase.cs(749,61): error CS0518: Predefined type 'System.String' is not defined or imported
C:\gh\azure-sdk-for-net\sdk\mgmtcommon\Test\ClientRuntime.E2E.Tests\ScenarioTests\VMTests.cs(24,38): error CS0518: Predefined type 'System.String' is not defined or imported
C:\gh\azure-sdk-for-net\sdk\mgmtcommon\Test\ClientRuntime.E2E.Tests\ScenarioTests\VMTests.cs(33,10): error CS0518: Predefined type 'System.Object' is not defined or imported
C:\gh\azure-sdk-for-net\sdk\mgmtcommon\Test\ClientRuntime.E2E.Tests\ScenarioTests\VMTests.cs(33,10): error CS0246: The type or namespace name 'FactAttribute' could not be found (are you missing a using directive or an assembly reference?)
C:\gh\azure-sdk-for-net\sdk\mgmtcommon\Test\ClientRuntime.E2E.Tests\ScenarioTests\VMTests.cs(33,10): error CS0246: The type or namespace name 'Fact' could not be found (are you missing a using directive or an assembly reference?)
C:\gh\azure-sdk-for-net\sdk\mgmtcommon\Test\ClientRuntime.E2E.Tests\TestAssets\RecordedDelegatingHandler.cs(32,42): error CS0518: Predefined type 'System.Void' is not defined or imported
C:\gh\azure-sdk-for-net\sdk\mgmtcommon\Test\ClientRuntime.E2E.Tests\ScenarioTests\E2ETestBase.cs(43,48): error CS0518: Predefined type 'System.String' is not defined or imported
C:\gh\azure-sdk-for-net\sdk\mgmtcommon\Test\ClientRuntime.E2E.Tests\ScenarioTests\E2ETestBase.cs(48,19): error CS0518: Predefined type 'System.Object' is not defined or imported
C:\gh\azure-sdk-for-net\sdk\mgmtcommon\Test\ClientRuntime.E2E.Tests\ScenarioTests\E2ETestBase.cs(61,19): error CS0518: Predefined type 'System.Object' is not defined or imported
C:\gh\azure-sdk-for-net\sdk\mgmtcommon\Test\ClientRuntime.E2E.Tests\ScenarioTests\E2ETestBase.cs(61,19): error CS0246: The type or namespace name 'ResourceManagementClient' could not be found (are you missing a using directive or an assembly reference?)
C:\gh\azure-sdk-for-net\sdk\mgmtcommon\Test\ClientRuntime.E2E.Tests\ScenarioTests\E2ETestBase.cs(80,19): error CS0518: Predefined type 'System.Object' is not defined or imported
C:\gh\azure-sdk-for-net\sdk\mgmtcommon\Test\ClientRuntime.E2E.Tests\ScenarioTests\E2ETestBase.cs(98,19): error CS0518: Predefined type 'System.Object' is not defined or imported
C:\gh\azure-sdk-for-net\sdk\mgmtcommon\Test\ClientRuntime.E2E.Tests\ScenarioTests\E2ETestBase.cs(98,19): error CS0246: The type or namespace name 'StorageManagementClient' could not be found (are you missing a using directive or an assembly reference?)
C:\gh\azure-sdk-for-net\sdk\mgmtcommon\Test\ClientRuntime.E2E.Tests\ScenarioTests\E2ETestBase.cs(117,19): error CS0518: Predefined type 'System.Object' is not defined or imported
C:\gh\azure-sdk-for-net\sdk\mgmtcommon\Test\ClientRuntime.E2E.Tests\ScenarioTests\E2ETestBase.cs(117,19): error CS0246: The type or namespace name 'NetworkManagementClient' could not be found (are you missing a using directive or an assembly reference?)
C:\gh\azure-sdk-for-net\sdk\mgmtcommon\Test\ClientRuntime.E2E.Tests\ScenarioTests\E2ETestBase.cs(248,46): error CS0518: Predefined type 'System.Boolean' is not defined or imported
C:\gh\azure-sdk-for-net\sdk\mgmtcommon\Test\ClientRuntime.E2E.Tests\ScenarioTests\E2ETestBase.cs(249,34): error CS0518: Predefined type 'System.Boolean' is not defined or imported
C:\gh\azure-sdk-for-net\sdk\mgmtcommon\Test\ClientRuntime.E2E.Tests\ScenarioTests\E2ETestBase.cs(250,36): error CS0518: Predefined type 'System.Boolean' is not defined or imported
C:\gh\azure-sdk-for-net\sdk\mgmtcommon\Test\ClientRuntime.E2E.Tests\ScenarioTests\E2ETestBase.cs(327,129): error CS0518: Predefined type 'System.Boolean' is not defined or imported
C:\gh\azure-sdk-for-net\sdk\mgmtcommon\Test\ClientRuntime.E2E.Tests\ScenarioTests\E2ETestBase.cs(431,101): error CS0518: Predefined type 'System.Boolean' is not defined or imported
C:\gh\azure-sdk-for-net\sdk\mgmtcommon\Test\ClientRuntime.E2E.Tests\ScenarioTests\E2ETestBase.cs(470,72): error CS0518: Predefined type 'System.Boolean' is not defined or imported
C:\gh\azure-sdk-for-net\sdk\mgmtcommon\Test\ClientRuntime.E2E.Tests\ScenarioTests\E2ETestBase.cs(522,89): error CS0518: Predefined type 'System.Int32' is not defined or imported
C:\gh\azure-sdk-for-net\sdk\mgmtcommon\Test\ClientRuntime.E2E.Tests\ScenarioTests\E2ETestBase.cs(662,189): error CS0518: Predefined type 'System.Boolean' is not defined or imported
C:\gh\azure-sdk-for-net\sdk\mgmtcommon\Test\ClientRuntime.E2E.Tests\TestAssets\RecordedDelegatingHandler.cs(34,41): error CS0518: Predefined type 'System.Void' is not defined or imported
C:\gh\azure-sdk-for-net\sdk\mgmtcommon\Test\ClientRuntime.E2E.Tests\TestAssets\RecordedDelegatingHandler.cs(36,45): error CS0518: Predefined type 'System.Void' is not defined or imported
C:\gh\azure-sdk-for-net\sdk\mgmtcommon\Test\ClientRuntime.E2E.Tests\TestAssets\RecordedDelegatingHandler.cs(38,57): error CS0518: Predefined type 'System.Void' is not defined or imported
C:\gh\azure-sdk-for-net\sdk\mgmtcommon\Test\ClientRuntime.E2E.Tests\TestAssets\RecordedDelegatingHandler.cs(40,57): error CS0518: Predefined type 'System.Void' is not defined or imported
C:\gh\azure-sdk-for-net\sdk\mgmtcommon\Test\ClientRuntime.E2E.Tests\TestAssets\RecordedDelegatingHandler.cs(42,31): error CS0518: Predefined type 'System.Void' is not defined or imported
C:\gh\azure-sdk-for-net\sdk\mgmtcommon\Test\ClientRuntime.E2E.Tests\TestAssets\RecordedDelegatingHandler.cs(30,16): error CS0518: Predefined type 'System.Object' is not defined or imported
C:\gh\azure-sdk-for-net\sdk\mgmtcommon\Test\ClientRuntime.E2E.Tests\TestAssets\RecordedDelegatingHandler.cs(30,16): error CS0246: The type or namespace name 'HttpContentHeaders' could not be found (are you missing a using directive or an assembly reference?)
C:\gh\azure-sdk-for-net\sdk\mgmtcommon\Test\ClientRuntime.E2E.Tests\TestAssets\RecordedDelegatingHandler.cs(32,16): error CS0518: Predefined type 'System.Boolean' is not defined or imported
C:\gh\azure-sdk-for-net\sdk\mgmtcommon\Test\ClientRuntime.E2E.Tests\TestAssets\RecordedDelegatingHandler.cs(34,16): error CS0518: Predefined type 'System.Object' is not defined or imported
C:\gh\azure-sdk-for-net\sdk\mgmtcommon\Test\ClientRuntime.E2E.Tests\TestAssets\RecordedDelegatingHandler.cs(34,16): error CS0246: The type or namespace name 'HttpMethod' could not be found (are you missing a using directive or an assembly reference?)
C:\gh\azure-sdk-for-net\sdk\mgmtcommon\Test\ClientRuntime.E2E.Tests\TestAssets\RecordedDelegatingHandler.cs(36,16): error CS0518: Predefined type 'System.String' is not defined or imported
C:\gh\azure-sdk-for-net\sdk\mgmtcommon\Test\ClientRuntime.E2E.Tests\TestAssets\RecordedDelegatingHandler.cs(38,16): error CS0518: Predefined type 'System.Object' is not defined or imported
C:\gh\azure-sdk-for-net\sdk\mgmtcommon\Test\ClientRuntime.E2E.Tests\TestAssets\RecordedDelegatingHandler.cs(38,16): error CS0246: The type or namespace name 'HttpRequestHeaders' could not be found (are you missing a using directive or an assembly reference?)
C:\gh\azure-sdk-for-net\sdk\mgmtcommon\Test\ClientRuntime.E2E.Tests\TestAssets\RecordedDelegatingHandler.cs(40,16): error CS0518: Predefined type 'System.Object' is not defined or imported
C:\gh\azure-sdk-for-net\sdk\mgmtcommon\Test\ClientRuntime.E2E.Tests\TestAssets\RecordedDelegatingHandler.cs(40,16): error CS0246: The type or namespace name 'HttpStatusCode' could not be found (are you missing a using directive or an assembly reference?)
C:\gh\azure-sdk-for-net\sdk\mgmtcommon\Test\ClientRuntime.E2E.Tests\TestAssets\RecordedDelegatingHandler.cs(42,16): error CS0518: Predefined type 'System.Object' is not defined or imported
C:\gh\azure-sdk-for-net\sdk\mgmtcommon\Test\ClientRuntime.E2E.Tests\TestAssets\RecordedDelegatingHandler.cs(42,16): error CS0246: The type or namespace name 'Uri' could not be found (are you missing a using directive or an assembly reference?)
C:\gh\azure-sdk-for-net\sdk\mgmtcommon\Test\ClientRuntime.E2E.Tests\TestAssets\ExtendingTypes.cs(46,68): error CS1729: 'ComputeManagementClient' does not contain a constructor that takes 3 arguments
C:\gh\azure-sdk-for-net\sdk\mgmtcommon\Test\ClientRuntime.E2E.Tests\ScenarioTests\E2ETestBase.cs(43,16): error CS1729: 'object' does not contain a constructor that takes 0 arguments
C:\gh\azure-sdk-for-net\sdk\mgmtcommon\Test\ClientRuntime.E2E.Tests\TestAssets\ExtendingTypes.cs(53,68): error CS1729: 'ComputeManagementClient' does not contain a constructor that takes 3 arguments
C:\gh\azure-sdk-for-net\sdk\mgmtcommon\Test\ClientRuntime.E2E.Tests\TestAssets\RecordedDelegatingHandler.cs(21,34): error CS0518: Predefined type 'System.Object' is not defined or imported
C:\gh\azure-sdk-for-net\sdk\mgmtcommon\Test\ClientRuntime.E2E.Tests\TestAssets\RecordedDelegatingHandler.cs(21,34): error CS0103: The name 'HttpStatusCode' does not exist in the current context
C:\gh\azure-sdk-for-net\sdk\mgmtcommon\Test\ClientRuntime.E2E.Tests\TestAssets\ExtendingTypes.cs(64,13): error CS0518: Predefined type 'System.Object' is not defined or imported
C:\gh\azure-sdk-for-net\sdk\mgmtcommon\Test\ClientRuntime.E2E.Tests\TestAssets\ExtendingTypes.cs(64,53): error CS0518: Predefined type 'System.Object' is not defined or imported
C:\gh\azure-sdk-for-net\sdk\mgmtcommon\Test\ClientRuntime.E2E.Tests\TestAssets\ExtendingTypes.cs(64,53): error CS1061: 'MyComputeClient' does not contain a definition for 'FirstMessageHandler' and no accessible extension method 'FirstMessageHandler' accepting a first argument of type 'MyComputeClient' could be found (are you missing a using directive or an assembly reference?)
C:\gh\azure-sdk-for-net\sdk\mgmtcommon\Test\ClientRuntime.E2E.Tests\TestAssets\ExtendingTypes.cs(64,76): error CS0518: Predefined type 'System.Object' is not defined or imported
C:\gh\azure-sdk-for-net\sdk\mgmtcommon\Test\ClientRuntime.E2E.Tests\TestAssets\ExtendingTypes.cs(65,13): error CS0518: Predefined type 'System.String' is not defined or imported
C:\gh\azure-sdk-for-net\sdk\mgmtcommon\Test\ClientRuntime.E2E.Tests\TestAssets\RecordedDelegatingHandler.cs(26,34): error CS0518: Predefined type 'System.Object' is not defined or imported
C:\gh\azure-sdk-for-net\sdk\mgmtcommon\Test\ClientRuntime.E2E.Tests\TestAssets\RecordedDelegatingHandler.cs(26,34): error CS0103: The name 'HttpStatusCode' does not exist in the current context
C:\gh\azure-sdk-for-net\sdk\mgmtcommon\Test\ClientRuntime.E2E.Tests\TestAssets\ExtendingTypes.cs(20,15): error CS1729: 'Management.Compute.Models.VirtualMachine' does not contain a constructor that takes 17 arguments
C:\gh\azure-sdk-for-net\sdk\mgmtcommon\Test\ClientRuntime.E2E.Tests\TestAssets\ExtendingTypes.cs(33,13): error CS0518: Predefined type 'System.Object' is not defined or imported
C:\gh\azure-sdk-for-net\sdk\mgmtcommon\Test\ClientRuntime.E2E.Tests\TestAssets\ExtendingTypes.cs(33,13): error CS0103: The name 'VmId' does not exist in the current context
C:\gh\azure-sdk-for-net\sdk\mgmtcommon\Test\ClientRuntime.E2E.Tests\ScenarioTests\E2ETestBase.cs(65,20): error CS0518: Predefined type 'System.Boolean' is not defined or imported
C:\gh\azure-sdk-for-net\sdk\mgmtcommon\Test\ClientRuntime.E2E.Tests\ScenarioTests\E2ETestBase.cs(65,20): error CS0518: Predefined type 'System.Boolean' is not defined or imported
C:\gh\azure-sdk-for-net\sdk\mgmtcommon\Test\ClientRuntime.E2E.Tests\ScenarioTests\E2ETestBase.cs(67,38): error CS0518: Predefined type 'System.Object' is not defined or imported
C:\gh\azure-sdk-for-net\sdk\mgmtcommon\Test\ClientRuntime.E2E.Tests\ScenarioTests\E2ETestBase.cs(69,46): error CS0518: Predefined type 'System.Object' is not defined or imported
C:\gh\azure-sdk-for-net\sdk\mgmtcommon\Test\ClientRuntime.E2E.Tests\ScenarioTests\E2ETestBase.cs(69,46): error CS0103: The name 'HttpStatusCode' does not exist in the current context
C:\gh\azure-sdk-for-net\sdk\mgmtcommon\Test\ClientRuntime.E2E.Tests\ScenarioTests\E2ETestBase.cs(70,41): error CS0518: Predefined type 'System.Boolean' is not defined or imported
C:\gh\azure-sdk-for-net\sdk\mgmtcommon\Test\ClientRuntime.E2E.Tests\ScenarioTests\E2ETestBase.cs(73,68): error CS0518: Predefined type 'System.Object' is not defined or imported
C:\gh\azure-sdk-for-net\sdk\mgmtcommon\Test\ClientRuntime.E2E.Tests\ScenarioTests\E2ETestBase.cs(73,68): error CS0246: The type or namespace name 'ResourceManagementClient' could not be found (are you missing a using directive or an assembly reference?)
C:\gh\azure-sdk-for-net\sdk\mgmtcommon\Test\ClientRuntime.E2E.Tests\ScenarioTests\E2ETestBase.cs(73,51): error CS0518: Predefined type 'System.Object' is not defined or imported
C:\gh\azure-sdk-for-net\sdk\mgmtcommon\Test\ClientRuntime.E2E.Tests\ScenarioTests\E2ETestBase.cs(73,39): error CS0518: Predefined type 'System.Boolean' is not defined or imported
C:\gh\azure-sdk-for-net\sdk\mgmtcommon\Test\ClientRuntime.E2E.Tests\ScenarioTests\E2ETestBase.cs(84,20): error CS0518: Predefined type 'System.Boolean' is not defined or imported
C:\gh\azure-sdk-for-net\sdk\mgmtcommon\Test\ClientRuntime.E2E.Tests\ScenarioTests\E2ETestBase.cs(86,38): error CS0518: Predefined type 'System.Object' is not defined or imported
C:\gh\azure-sdk-for-net\sdk\mgmtcommon\Test\ClientRuntime.E2E.Tests\ScenarioTests\E2ETestBase.cs(88,46): error CS0518: Predefined type 'System.Object' is not defined or imported
C:\gh\azure-sdk-for-net\sdk\mgmtcommon\Test\ClientRuntime.E2E.Tests\ScenarioTests\E2ETestBase.cs(88,46): error CS0103: The name 'HttpStatusCode' does not exist in the current context
C:\gh\azure-sdk-for-net\sdk\mgmtcommon\Test\ClientRuntime.E2E.Tests\ScenarioTests\E2ETestBase.cs(89,41): error CS0518: Predefined type 'System.Boolean' is not defined or imported
C:\gh\azure-sdk-for-net\sdk\mgmtcommon\Test\ClientRuntime.E2E.Tests\ScenarioTests\E2ETestBase.cs(91,67): error CS0518: Predefined type 'System.Object' is not defined or imported
C:\gh\azure-sdk-for-net\sdk\mgmtcommon\Test\ClientRuntime.E2E.Tests\ScenarioTests\E2ETestBase.cs(91,50): error CS0518: Predefined type 'System.Object' is not defined or imported
C:\gh\azure-sdk-for-net\sdk\mgmtcommon\Test\ClientRuntime.E2E.Tests\ScenarioTests\E2ETestBase.cs(91,38): error CS0518: Predefined type 'System.Boolean' is not defined or imported
C:\gh\azure-sdk-for-net\sdk\mgmtcommon\Test\ClientRuntime.E2E.Tests\TestAssets\RecordedDelegatingHandler.cs(48,17): error CS0518: Predefined type 'System.Boolean' is not defined or imported
C:\gh\azure-sdk-for-net\sdk\mgmtcommon\Test\ClientRuntime.E2E.Tests\TestAssets\RecordedDelegatingHandler.cs(48,17): error CS0518: Predefined type 'System.Boolean' is not defined or imported
C:\gh\azure-sdk-for-net\sdk\mgmtcommon\Test\ClientRuntime.E2E.Tests\TestAssets\RecordedDelegatingHandler.cs(50,34): error CS0518: Predefined type 'System.String' is not defined or imported
C:\gh\azure-sdk-for-net\sdk\mgmtcommon\Test\ClientRuntime.E2E.Tests\TestAssets\RecordedDelegatingHandler.cs(57,17): error CS0518: Predefined type 'System.Boolean' is not defined or imported
C:\gh\azure-sdk-for-net\sdk\mgmtcommon\Test\ClientRuntime.E2E.Tests\TestAssets\RecordedDelegatingHandler.cs(57,17): error CS0518: Predefined type 'System.Boolean' is not defined or imported
C:\gh\azure-sdk-for-net\sdk\mgmtcommon\Test\ClientRuntime.E2E.Tests\TestAssets\RecordedDelegatingHandler.cs(65,17): error CS0518: Predefined type 'System.Boolean' is not defined or imported
C:\gh\azure-sdk-for-net\sdk\mgmtcommon\Test\ClientRuntime.E2E.Tests\TestAssets\RecordedDelegatingHandler.cs(70,17): error CS0518: Predefined type 'System.Boolean' is not defined or imported
C:\gh\azure-sdk-for-net\sdk\mgmtcommon\Test\ClientRuntime.E2E.Tests\TestAssets\RecordedDelegatingHandler.cs(70,17): error CS0518: Predefined type 'System.Boolean' is not defined or imported
C:\gh\azure-sdk-for-net\sdk\mgmtcommon\Test\ClientRuntime.E2E.Tests\TestAssets\RecordedDelegatingHandler.cs(76,36): error CS0518: Predefined type 'System.Object' is not defined or imported
C:\gh\azure-sdk-for-net\sdk\mgmtcommon\Test\ClientRuntime.E2E.Tests\TestAssets\RecordedDelegatingHandler.cs(76,36): error CS0246: The type or namespace name 'HttpResponseMessage' could not be found (are you missing a using directive or an assembly reference?)
C:\gh\azure-sdk-for-net\sdk\mgmtcommon\Test\ClientRuntime.E2E.Tests\TestAssets\RecordedDelegatingHandler.cs(77,40): error CS0518: Predefined type 'System.Object' is not defined or imported
C:\gh\azure-sdk-for-net\sdk\mgmtcommon\Test\ClientRuntime.E2E.Tests\TestAssets\RecordedDelegatingHandler.cs(77,40): error CS0246: The type or namespace name 'StringContent' could not be found (are you missing a using directive or an assembly reference?)
C:\gh\azure-sdk-for-net\sdk\mgmtcommon\Test\ClientRuntime.E2E.Tests\TestAssets\RecordedDelegatingHandler.cs(77,54): error CS0518: Predefined type 'System.String' is not defined or imported
C:\gh\azure-sdk-for-net\sdk\mgmtcommon\Test\ClientRuntime.E2E.Tests\ScenarioTests\E2ETestBase.cs(102,21): error CS0518: Predefined type 'System.Boolean' is not defined or imported
C:\gh\azure-sdk-for-net\sdk\mgmtcommon\Test\ClientRuntime.E2E.Tests\ScenarioTests\E2ETestBase.cs(102,21): error CS0518: Predefined type 'System.Boolean' is not defined or imported
C:\gh\azure-sdk-for-net\sdk\mgmtcommon\Test\ClientRuntime.E2E.Tests\ScenarioTests\E2ETestBase.cs(104,38): error CS0518: Predefined type 'System.Object' is not defined or imported
C:\gh\azure-sdk-for-net\sdk\mgmtcommon\Test\ClientRuntime.E2E.Tests\ScenarioTests\E2ETestBase.cs(106,46): error CS0518: Predefined type 'System.Object' is not defined or imported
C:\gh\azure-sdk-for-net\sdk\mgmtcommon\Test\ClientRuntime.E2E.Tests\ScenarioTests\E2ETestBase.cs(106,46): error CS0103: The name 'HttpStatusCode' does not exist in the current context
C:\gh\azure-sdk-for-net\sdk\mgmtcommon\Test\ClientRuntime.E2E.Tests\ScenarioTests\E2ETestBase.cs(107,41): error CS0518: Predefined type 'System.Boolean' is not defined or imported
C:\gh\azure-sdk-for-net\sdk\mgmtcommon\Test\ClientRuntime.E2E.Tests\ScenarioTests\E2ETestBase.cs(110,67): error CS0518: Predefined type 'System.Object' is not defined or imported
C:\gh\azure-sdk-for-net\sdk\mgmtcommon\Test\ClientRuntime.E2E.Tests\ScenarioTests\E2ETestBase.cs(110,67): error CS0246: The type or namespace name 'StorageManagementClient' could not be found (are you missing a using directive or an assembly reference?)
C:\gh\azure-sdk-for-net\sdk\mgmtcommon\Test\ClientRuntime.E2E.Tests\ScenarioTests\E2ETestBase.cs(110,50): error CS0518: Predefined type 'System.Object' is not defined or imported
C:\gh\azure-sdk-for-net\sdk\mgmtcommon\Test\ClientRuntime.E2E.Tests\ScenarioTests\E2ETestBase.cs(110,38): error CS0518: Predefined type 'System.Boolean' is not defined or imported
C:\gh\azure-sdk-for-net\sdk\mgmtcommon\Test\ClientRuntime.E2E.Tests\ScenarioTests\E2ETestBase.cs(121,21): error CS0518: Predefined type 'System.Boolean' is not defined or imported
C:\gh\azure-sdk-for-net\sdk\mgmtcommon\Test\ClientRuntime.E2E.Tests\ScenarioTests\E2ETestBase.cs(121,21): error CS0518: Predefined type 'System.Boolean' is not defined or imported
C:\gh\azure-sdk-for-net\sdk\mgmtcommon\Test\ClientRuntime.E2E.Tests\ScenarioTests\E2ETestBase.cs(123,38): error CS0518: Predefined type 'System.Object' is not defined or imported
C:\gh\azure-sdk-for-net\sdk\mgmtcommon\Test\ClientRuntime.E2E.Tests\ScenarioTests\E2ETestBase.cs(125,46): error CS0518: Predefined type 'System.Object' is not defined or imported
C:\gh\azure-sdk-for-net\sdk\mgmtcommon\Test\ClientRuntime.E2E.Tests\ScenarioTests\E2ETestBase.cs(125,46): error CS0103: The name 'HttpStatusCode' does not exist in the current context
C:\gh\azure-sdk-for-net\sdk\mgmtcommon\Test\ClientRuntime.E2E.Tests\ScenarioTests\E2ETestBase.cs(126,41): error CS0518: Predefined type 'System.Boolean' is not defined or imported
C:\gh\azure-sdk-for-net\sdk\mgmtcommon\Test\ClientRuntime.E2E.Tests\ScenarioTests\E2ETestBase.cs(129,67): error CS0518: Predefined type 'System.Object' is not defined or imported
C:\gh\azure-sdk-for-net\sdk\mgmtcommon\Test\ClientRuntime.E2E.Tests\ScenarioTests\E2ETestBase.cs(129,67): error CS0246: The type or namespace name 'NetworkManagementClient' could not be found (are you missing a using directive or an assembly reference?)
C:\gh\azure-sdk-for-net\sdk\mgmtcommon\Test\ClientRuntime.E2E.Tests\ScenarioTests\E2ETestBase.cs(129,50): error CS0518: Predefined type 'System.Object' is not defined or imported
C:\gh\azure-sdk-for-net\sdk\mgmtcommon\Test\ClientRuntime.E2E.Tests\ScenarioTests\E2ETestBase.cs(129,38): error CS0518: Predefined type 'System.Boolean' is not defined or imported
C:\gh\azure-sdk-for-net\sdk\mgmtcommon\Test\ClientRuntime.E2E.Tests\ScenarioTests\VMTests.cs(36,13): error CS0518: Predefined type 'System.String' is not defined or imported
C:\gh\azure-sdk-for-net\sdk\mgmtcommon\Test\ClientRuntime.E2E.Tests\ScenarioTests\VMTests.cs(36,33): error CS0518: Predefined type 'System.String' is not defined or imported
C:\gh\azure-sdk-for-net\sdk\mgmtcommon\Test\ClientRuntime.E2E.Tests\ScenarioTests\VMTests.cs(37,13): error CS0518: Predefined type 'System.String' is not defined or imported
C:\gh\azure-sdk-for-net\sdk\mgmtcommon\Test\ClientRuntime.E2E.Tests\ScenarioTests\VMTests.cs(37,40): error CS0518: Predefined type 'System.String' is not defined or imported
C:\gh\azure-sdk-for-net\sdk\mgmtcommon\Test\ClientRuntime.E2E.Tests\ScenarioTests\VMTests.cs(37,54): error CS0518: Predefined type 'System.String' is not defined or imported
C:\gh\azure-sdk-for-net\sdk\mgmtcommon\Test\ClientRuntime.E2E.Tests\ScenarioTests\VMTests.cs(38,13): error CS0518: Predefined type 'System.String' is not defined or imported
C:\gh\azure-sdk-for-net\sdk\mgmtcommon\Test\ClientRuntime.E2E.Tests\ScenarioTests\VMTests.cs(38,34): error CS0518: Predefined type 'System.String' is not defined or imported
C:\gh\azure-sdk-for-net\sdk\mgmtcommon\Test\ClientRuntime.E2E.Tests\ScenarioTests\VMTests.cs(38,48): error CS0518: Predefined type 'System.String' is not defined or imported
C:\gh\azure-sdk-for-net\sdk\mgmtcommon\Test\ClientRuntime.E2E.Tests\ScenarioTests\VMTests.cs(39,13): error CS0518: Predefined type 'System.String' is not defined or imported
C:\gh\azure-sdk-for-net\sdk\mgmtcommon\Test\ClientRuntime.E2E.Tests\ScenarioTests\VMTests.cs(39,29): error CS0518: Predefined type 'System.String' is not defined or imported
C:\gh\azure-sdk-for-net\sdk\mgmtcommon\Test\ClientRuntime.E2E.Tests\ScenarioTests\VMTests.cs(39,43): error CS0518: Predefined type 'System.String' is not defined or imported
C:\gh\azure-sdk-for-net\sdk\mgmtcommon\Test\ClientRuntime.E2E.Tests\ScenarioTests\VMTests.cs(40,13): error CS0518: Predefined type 'System.Object' is not defined or imported
C:\gh\azure-sdk-for-net\sdk\mgmtcommon\Test\ClientRuntime.E2E.Tests\ScenarioTests\VMTests.cs(40,13): error CS0246: The type or namespace name 'VirtualMachine' could not be found (are you missing a using directive or an assembly reference?)
C:\gh\azure-sdk-for-net\sdk\mgmtcommon\Test\ClientRuntime.E2E.Tests\ScenarioTests\VMTests.cs(41,13): error CS0518: Predefined type 'System.Object' is not defined or imported
C:\gh\azure-sdk-for-net\sdk\mgmtcommon\Test\ClientRuntime.E2E.Tests\ScenarioTests\VMTests.cs(41,13): error CS0246: The type or namespace name 'ResourceGroup' could not be found (are you missing a using directive or an assembly reference?)
C:\gh\azure-sdk-for-net\sdk\mgmtcommon\Test\ClientRuntime.E2E.Tests\ScenarioTests\VMTests.cs(45,13): error CS0518: Predefined type 'System.IDisposable' is not defined or imported
C:\gh\azure-sdk-for-net\sdk\mgmtcommon\Test\ClientRuntime.E2E.Tests\ScenarioTests\VMTests.cs(45,51): error CS0518: Predefined type 'System.Object' is not defined or imported
C:\gh\azure-sdk-for-net\sdk\mgmtcommon\Test\ClientRuntime.E2E.Tests\ScenarioTests\VMTests.cs(45,62): error CS0518: Predefined type 'System.Object' is not defined or imported
C:\gh\azure-sdk-for-net\sdk\mgmtcommon\Test\ClientRuntime.E2E.Tests\ScenarioTests\VMTests.cs(45,62): error CS1061: 'VMTests' does not contain a definition for 'GetType' and no accessible extension method 'GetType' accepting a first argument of type 'VMTests' could be found (are you missing a using directive or an assembly reference?)
C:\gh\azure-sdk-for-net\sdk\mgmtcommon\Test\ClientRuntime.E2E.Tests\ScenarioTests\VMTests.cs(45,39): error CS0518: Predefined type 'System.String' is not defined or imported
C:\gh\azure-sdk-for-net\sdk\mgmtcommon\Test\ClientRuntime.E2E.Tests\ScenarioTests\VMTests.cs(45,39): error CS0012: The type 'Type' is defined in an assembly that is not referenced. You must add a reference to assembly 'mscorlib, Version=4.0.0.0, Culture=neutral, PublicKeyToken=b77a5c561934e089'.
C:\gh\azure-sdk-for-net\sdk\mgmtcommon\Test\ClientRuntime.E2E.Tests\ScenarioTests\VMTests.cs(45,20): error CS0012: The type 'Object' is defined in an assembly that is not referenced. You must add a reference to assembly 'mscorlib, Version=4.0.0.0, Culture=neutral, PublicKeyToken=b77a5c561934e089'.
C:\gh\azure-sdk-for-net\sdk\mgmtcommon\Test\ClientRuntime.E2E.Tests\ScenarioTests\VMTests.cs(45,20): error CS1674: 'MockContext': type used in a using statement must be implicitly convertible to 'System.IDisposable'.
C:\gh\azure-sdk-for-net\sdk\mgmtcommon\Test\ClientRuntime.E2E.Tests\ScenarioTests\VMTests.cs(50,21): error CS0518: Predefined type 'System.String' is not defined or imported
C:\gh\azure-sdk-for-net\sdk\mgmtcommon\Test\ClientRuntime.E2E.Tests\ScenarioTests\VMTests.cs(50,38): error CS0518: Predefined type 'System.String' is not defined or imported
C:\gh\azure-sdk-for-net\sdk\mgmtcommon\Test\ClientRuntime.E2E.Tests\ScenarioTests\VMTests.cs(51,21): error CS0518: Predefined type 'System.String' is not defined or imported
C:\gh\azure-sdk-for-net\sdk\mgmtcommon\Test\ClientRuntime.E2E.Tests\ScenarioTests\VMTests.cs(51,37): error CS0518: Predefined type 'System.String' is not defined or imported
C:\gh\azure-sdk-for-net\sdk\mgmtcommon\Test\ClientRuntime.E2E.Tests\ScenarioTests\VMTests.cs(52,32): error CS0518: Predefined type 'System.Object' is not defined or imported
C:\gh\azure-sdk-for-net\sdk\mgmtcommon\Test\ClientRuntime.E2E.Tests\ScenarioTests\VMTests.cs(53,21): error CS0518: Predefined type 'System.Object' is not defined or imported
C:\gh\azure-sdk-for-net\sdk\mgmtcommon\Test\ClientRuntime.E2E.Tests\ScenarioTests\VMTests.cs(53,21): error CS0246: The type or namespace name 'StorageAccount' could not be found (are you missing a using directive or an assembly reference?)
C:\gh\azure-sdk-for-net\sdk\mgmtcommon\Test\ClientRuntime.E2E.Tests\ScenarioTests\VMTests.cs(53,53): error CS0518: Predefined type 'System.Object' is not defined or imported
C:\gh\azure-sdk-for-net\sdk\mgmtcommon\Test\ClientRuntime.E2E.Tests\ScenarioTests\VMTests.cs(54,21): error CS0518: Predefined type 'System.Object' is not defined or imported
C:\gh\azure-sdk-for-net\sdk\mgmtcommon\Test\ClientRuntime.E2E.Tests\ScenarioTests\VMTests.cs(54,21): error CS0246: The type or namespace name 'ImageReference' could not be found (are you missing a using directive or an assembly reference?)
C:\gh\azure-sdk-for-net\sdk\mgmtcommon\Test\ClientRuntime.E2E.Tests\ScenarioTests\VMTests.cs(54,47): error CS0518: Predefined type 'System.Object' is not defined or imported
C:\gh\azure-sdk-for-net\sdk\mgmtcommon\Test\ClientRuntime.E2E.Tests\ScenarioTests\VMTests.cs(54,83): error CS0518: Predefined type 'System.Boolean' is not defined or imported
C:\gh\azure-sdk-for-net\sdk\mgmtcommon\Test\ClientRuntime.E2E.Tests\ScenarioTests\VMTests.cs(55,21): error CS0518: Predefined type 'System.Object' is not defined or imported
C:\gh\azure-sdk-for-net\sdk\mgmtcommon\Test\ClientRuntime.E2E.Tests\ScenarioTests\VMTests.cs(55,21): error CS0246: The type or namespace name 'VirtualMachine' could not be found (are you missing a using directive or an assembly reference?)
C:\gh\azure-sdk-for-net\sdk\mgmtcommon\Test\ClientRuntime.E2E.Tests\ScenarioTests\VMTests.cs(55,41): error CS0518: Predefined type 'System.Object' is not defined or imported
C:\gh\azure-sdk-for-net\sdk\mgmtcommon\Test\ClientRuntime.E2E.Tests\ScenarioTests\VMTests.cs(58,21): error CS0518: Predefined type 'System.Object' is not defined or imported
C:\gh\azure-sdk-for-net\sdk\mgmtcommon\Test\ClientRuntime.E2E.Tests\ScenarioTests\VMTests.cs(58,40): error CS0518: Predefined type 'System.Object' is not defined or imported
C:\gh\azure-sdk-for-net\sdk\mgmtcommon\Test\ClientRuntime.E2E.Tests\ScenarioTests\VMTests.cs(59,29): error CS0518: Predefined type 'System.Object' is not defined or imported
C:\gh\azure-sdk-for-net\sdk\mgmtcommon\Test\ClientRuntime.E2E.Tests\ScenarioTests\VMTests.cs(60,21): error CS0518: Predefined type 'System.Object' is not defined or imported
C:\gh\azure-sdk-for-net\sdk\mgmtcommon\Test\ClientRuntime.E2E.Tests\ScenarioTests\VMTests.cs(60,21): error CS0246: The type or namespace name 'VirtualMachine' could not be found (are you missing a using directive or an assembly reference?)
C:\gh\azure-sdk-for-net\sdk\mgmtcommon\Test\ClientRuntime.E2E.Tests\ScenarioTests\VMTests.cs(60,59): error CS0518: Predefined type 'System.Object' is not defined or imported
C:\gh\azure-sdk-for-net\sdk\mgmtcommon\Test\ClientRuntime.E2E.Tests\ScenarioTests\VMTests.cs(60,59): error CS0246: The type or namespace name 'VirtualMachine' could not be found (are you missing a using directive or an assembly reference?)
C:\gh\azure-sdk-for-net\sdk\mgmtcommon\Test\ClientRuntime.E2E.Tests\ScenarioTests\VMTests.cs(63,21): error CS0518: Predefined type 'System.Object' is not defined or imported
C:\gh\azure-sdk-for-net\sdk\mgmtcommon\Test\ClientRuntime.E2E.Tests\ScenarioTests\VMTests.cs(63,21): error CS0246: The type or namespace name 'AzureOperationResponse<>' could not be found (are you missing a using directive or an assembly reference?)
C:\gh\azure-sdk-for-net\sdk\mgmtcommon\Test\ClientRuntime.E2E.Tests\ScenarioTests\VMTests.cs(63,44): error CS0518: Predefined type 'System.Object' is not defined or imported
C:\gh\azure-sdk-for-net\sdk\mgmtcommon\Test\ClientRuntime.E2E.Tests\ScenarioTests\VMTests.cs(63,44): error CS0246: The type or namespace name 'VirtualMachine' could not be found (are you missing a using directive or an assembly reference?)
C:\gh\azure-sdk-for-net\sdk\mgmtcommon\Test\ClientRuntime.E2E.Tests\ScenarioTests\VMTests.cs(63,79): error CS0518: Predefined type 'System.Object' is not defined or imported
C:\gh\azure-sdk-for-net\sdk\mgmtcommon\Test\ClientRuntime.E2E.Tests\ScenarioTests\VMTests.cs(63,79): error CS0246: The type or namespace name 'AzureOperationResponse<>' could not be found (are you missing a using directive or an assembly reference?)
C:\gh\azure-sdk-for-net\sdk\mgmtcommon\Test\ClientRuntime.E2E.Tests\ScenarioTests\VMTests.cs(63,102): error CS0518: Predefined type 'System.Object' is not defined or imported
C:\gh\azure-sdk-for-net\sdk\mgmtcommon\Test\ClientRuntime.E2E.Tests\ScenarioTests\VMTests.cs(63,102): error CS0246: The type or namespace name 'VirtualMachine' could not be found (are you missing a using directive or an assembly reference?)
C:\gh\azure-sdk-for-net\sdk\mgmtcommon\Test\ClientRuntime.E2E.Tests\ScenarioTests\VMTests.cs(63,74): error CS0518: Predefined type 'System.Object' is not defined or imported
C:\gh\azure-sdk-for-net\sdk\mgmtcommon\Test\ClientRuntime.E2E.Tests\ScenarioTests\VMTests.cs(63,74): error CS0103: The name 'Task' does not exist in the current context
C:\gh\azure-sdk-for-net\sdk\mgmtcommon\Test\ClientRuntime.E2E.Tests\ScenarioTests\VMTests.cs(69,21): error CS0518: Predefined type 'System.String' is not defined or imported
C:\gh\azure-sdk-for-net\sdk\mgmtcommon\Test\ClientRuntime.E2E.Tests\ScenarioTests\VMTests.cs(69,62): error CS0518: Predefined type 'System.Object' is not defined or imported
C:\gh\azure-sdk-for-net\sdk\mgmtcommon\Test\ClientRuntime.E2E.Tests\ScenarioTests\VMTests.cs(70,21): error CS0518: Predefined type 'System.Object' is not defined or imported
C:\gh\azure-sdk-for-net\sdk\mgmtcommon\Test\ClientRuntime.E2E.Tests\ScenarioTests\VMTests.cs(70,21): error CS0103: The name 'Assert' does not exist in the current context
C:\gh\azure-sdk-for-net\sdk\mgmtcommon\Test\ClientRuntime.E2E.Tests\ScenarioTests\VMTests.cs(70,61): error CS0518: Predefined type 'System.String' is not defined or imported
C:\gh\azure-sdk-for-net\sdk\mgmtcommon\Test\ClientRuntime.E2E.Tests\ScenarioTests\VMTests.cs(73,21): error CS0518: Predefined type 'System.Object' is not defined or imported
C:\gh\azure-sdk-for-net\sdk\mgmtcommon\Test\ClientRuntime.E2E.Tests\ScenarioTests\VMTests.cs(73,21): error CS0246: The type or namespace name 'VirtualMachine' could not be found (are you missing a using directive or an assembly reference?)
C:\gh\azure-sdk-for-net\sdk\mgmtcommon\Test\ClientRuntime.E2E.Tests\ScenarioTests\VMTests.cs(76,21): error CS0518: Predefined type 'System.Object' is not defined or imported
C:\gh\azure-sdk-for-net\sdk\mgmtcommon\Test\ClientRuntime.E2E.Tests\ScenarioTests\VMTests.cs(76,21): error CS0103: The name 'Assert' does not exist in the current context
C:\gh\azure-sdk-for-net\sdk\mgmtcommon\Test\ClientRuntime.E2E.Tests\ScenarioTests\VMTests.cs(78,24): error CS0518: Predefined type 'System.Object' is not defined or imported
C:\gh\azure-sdk-for-net\sdk\mgmtcommon\Test\ClientRuntime.E2E.Tests\ScenarioTests\VMTests.cs(78,24): error CS0246: The type or namespace name 'Exception' could not be found (are you missing a using directive or an assembly reference?)
C:\gh\azure-sdk-for-net\sdk\mgmtcommon\Test\ClientRuntime.E2E.Tests\ScenarioTests\VMTests.cs(80,21): error CS0518: Predefined type 'System.Object' is not defined or imported
C:\gh\azure-sdk-for-net\sdk\mgmtcommon\Test\ClientRuntime.E2E.Tests\ScenarioTests\VMTests.cs(80,21): error CS0103: The name 'Debug' does not exist in the current context
C:\gh\azure-sdk-for-net\sdk\mgmtcommon\Test\ClientRuntime.E2E.Tests\ScenarioTests\E2ETestBase.cs(138,13): error CS0518: Predefined type 'System.Object' is not defined or imported
C:\gh\azure-sdk-for-net\sdk\mgmtcommon\Test\ClientRuntime.E2E.Tests\ScenarioTests\E2ETestBase.cs(138,13): error CS0246: The type or namespace name 'StorageAccount' could not be found (are you missing a using directive or an assembly reference?)
C:\gh\azure-sdk-for-net\sdk\mgmtcommon\Test\ClientRuntime.E2E.Tests\ScenarioTests\E2ETestBase.cs(139,13): error CS0518: Predefined type 'System.String' is not defined or imported
C:\gh\azure-sdk-for-net\sdk\mgmtcommon\Test\ClientRuntime.E2E.Tests\ScenarioTests\E2ETestBase.cs(144,21): error CS0518: Predefined type 'System.Boolean' is not defined or imported
C:\gh\azure-sdk-for-net\sdk\mgmtcommon\Test\ClientRuntime.E2E.Tests\ScenarioTests\E2ETestBase.cs(151,17): error CS0518: Predefined type 'System.Boolean' is not defined or imported
C:\gh\azure-sdk-for-net\sdk\mgmtcommon\Test\ClientRuntime.E2E.Tests\ScenarioTests\E2ETestBase.cs(151,17): error CS0518: Predefined type 'System.Boolean' is not defined or imported
C:\gh\azure-sdk-for-net\sdk\mgmtcommon\Test\ClientRuntime.E2E.Tests\ScenarioTests\E2ETestBase.cs(153,36): error CS0518: Predefined type 'System.Object' is not defined or imported
C:\gh\azure-sdk-for-net\sdk\mgmtcommon\Test\ClientRuntime.E2E.Tests\ScenarioTests\E2ETestBase.cs(153,36): error CS0246: The type or namespace name 'StorageAccountCreateParameters' could not be found (are you missing a using directive or an assembly reference?)
C:\gh\azure-sdk-for-net\sdk\mgmtcommon\Test\ClientRuntime.E2E.Tests\ScenarioTests\E2ETestBase.cs(156,35): error CS0518: Predefined type 'System.Object' is not defined or imported
C:\gh\azure-sdk-for-net\sdk\mgmtcommon\Test\ClientRuntime.E2E.Tests\ScenarioTests\E2ETestBase.cs(156,35): error CS0103: The name 'AccountType' does not exist in the current context
C:\gh\azure-sdk-for-net\sdk\mgmtcommon\Test\ClientRuntime.E2E.Tests\ScenarioTests\E2ETestBase.cs(161,17): error CS0518: Predefined type 'System.Boolean' is not defined or imported
C:\gh\azure-sdk-for-net\sdk\mgmtcommon\Test\ClientRuntime.E2E.Tests\ScenarioTests\E2ETestBase.cs(161,32): error CS0518: Predefined type 'System.Boolean' is not defined or imported
C:\gh\azure-sdk-for-net\sdk\mgmtcommon\Test\ClientRuntime.E2E.Tests\ScenarioTests\E2ETestBase.cs(162,24): error CS0518: Predefined type 'System.Boolean' is not defined or imported
C:\gh\azure-sdk-for-net\sdk\mgmtcommon\Test\ClientRuntime.E2E.Tests\ScenarioTests\E2ETestBase.cs(164,21): error CS0518: Predefined type 'System.Object' is not defined or imported
C:\gh\azure-sdk-for-net\sdk\mgmtcommon\Test\ClientRuntime.E2E.Tests\ScenarioTests\E2ETestBase.cs(164,84): error CS0518: Predefined type 'System.Object' is not defined or imported
C:\gh\azure-sdk-for-net\sdk\mgmtcommon\Test\ClientRuntime.E2E.Tests\ScenarioTests\E2ETestBase.cs(164,89): error CS0518: Predefined type 'System.Object' is not defined or imported
C:\gh\azure-sdk-for-net\sdk\mgmtcommon\Test\ClientRuntime.E2E.Tests\ScenarioTests\E2ETestBase.cs(164,89): error CS0103: The name 'TimeSpan' does not exist in the current context
C:\gh\azure-sdk-for-net\sdk\mgmtcommon\Test\ClientRuntime.E2E.Tests\ScenarioTests\E2ETestBase.cs(164,110): error CS0518: Predefined type 'System.Int32' is not defined or imported
C:\gh\azure-sdk-for-net\sdk\mgmtcommon\Test\ClientRuntime.E2E.Tests\ScenarioTests\E2ETestBase.cs(164,21): error CS0518: Predefined type 'System.Void' is not defined or imported
C:\gh\azure-sdk-for-net\sdk\mgmtcommon\Test\ClientRuntime.E2E.Tests\ScenarioTests\E2ETestBase.cs(180,13): error CS0518: Predefined type 'System.Object' is not defined or imported
C:\gh\azure-sdk-for-net\sdk\mgmtcommon\Test\ClientRuntime.E2E.Tests\ScenarioTests\E2ETestBase.cs(180,13): error CS0246: The type or namespace name 'ResourceGroup' could not be found (are you missing a using directive or an assembly reference?)
C:\gh\azure-sdk-for-net\sdk\mgmtcommon\Test\ClientRuntime.E2E.Tests\ScenarioTests\E2ETestBase.cs(187,17): error CS0518: Predefined type 'System.Boolean' is not defined or imported
C:\gh\azure-sdk-for-net\sdk\mgmtcommon\Test\ClientRuntime.E2E.Tests\ScenarioTests\E2ETestBase.cs(187,17): error CS0518: Predefined type 'System.Boolean' is not defined or imported
C:\gh\azure-sdk-for-net\sdk\mgmtcommon\Test\ClientRuntime.E2E.Tests\ScenarioTests\E2ETestBase.cs(191,34): error CS0518: Predefined type 'System.Object' is not defined or imported
C:\gh\azure-sdk-for-net\sdk\mgmtcommon\Test\ClientRuntime.E2E.Tests\ScenarioTests\E2ETestBase.cs(191,34): error CS0246: The type or namespace name 'ResourceGroup' could not be found (are you missing a using directive or an assembly reference?)
C:\gh\azure-sdk-for-net\sdk\mgmtcommon\Test\ClientRuntime.E2E.Tests\ScenarioTests\E2ETestBase.cs(194,45): error CS0518: Predefined type 'System.Object' is not defined or imported
C:\gh\azure-sdk-for-net\sdk\mgmtcommon\Test\ClientRuntime.E2E.Tests\ScenarioTests\E2ETestBase.cs(194,45): error CS0246: The type or namespace name 'Dictionary<,>' could not be found (are you missing a using directive or an assembly reference?)
C:\gh\azure-sdk-for-net\sdk\mgmtcommon\Test\ClientRuntime.E2E.Tests\ScenarioTests\E2ETestBase.cs(194,56): error CS0518: Predefined type 'System.String' is not defined or imported
C:\gh\azure-sdk-for-net\sdk\mgmtcommon\Test\ClientRuntime.E2E.Tests\ScenarioTests\E2ETestBase.cs(194,64): error CS0518: Predefined type 'System.String' is not defined or imported
C:\gh\azure-sdk-for-net\sdk\mgmtcommon\Test\ClientRuntime.E2E.Tests\ScenarioTests\E2ETestBase.cs(194,86): error CS0518: Predefined type 'System.Object' is not defined or imported
C:\gh\azure-sdk-for-net\sdk\mgmtcommon\Test\ClientRuntime.E2E.Tests\ScenarioTests\E2ETestBase.cs(194,86): error CS0103: The name 'DateTime' does not exist in the current context
C:\gh\azure-sdk-for-net\sdk\mgmtcommon\Test\ClientRuntime.E2E.Tests\ScenarioTests\E2ETestBase.cs(194,111): error CS0518: Predefined type 'System.String' is not defined or imported
C:\gh\azure-sdk-for-net\sdk\mgmtcommon\Test\ClientRuntime.E2E.Tests\ScenarioTests\E2ETestBase.cs(204,20): error CS0518: Predefined type 'System.Object' is not defined or imported
C:\gh\azure-sdk-for-net\sdk\mgmtcommon\Test\ClientRuntime.E2E.Tests\ScenarioTests\E2ETestBase.cs(204,35): error CS0012: The type 'DelegatingHandler' is defined in an assembly that is not referenced. You must add a reference to assembly 'System.Net.Http, Version=4.0.0.0, Culture=neutral, PublicKeyToken=b03f5f7f11d50a3a'.
C:\gh\azure-sdk-for-net\sdk\mgmtcommon\Test\ClientRuntime.E2E.Tests\ScenarioTests\E2ETestBase.cs(204,35): error CS0518: Predefined type 'System.Object' is not defined or imported
C:\gh\azure-sdk-for-net\sdk\mgmtcommon\Test\ClientRuntime.E2E.Tests\ScenarioTests\E2ETestBase.cs(204,20): error CS0518: Predefined type 'System.String' is not defined or imported
C:\gh\azure-sdk-for-net\sdk\mgmtcommon\Test\ClientRuntime.E2E.Tests\ScenarioTests\E2ETestBase.cs(209,17): error CS0518: Predefined type 'System.Boolean' is not defined or imported
C:\gh\azure-sdk-for-net\sdk\mgmtcommon\Test\ClientRuntime.E2E.Tests\ScenarioTests\E2ETestBase.cs(211,21): error CS0518: Predefined type 'System.Boolean' is not defined or imported
C:\gh\azure-sdk-for-net\sdk\mgmtcommon\Test\ClientRuntime.E2E.Tests\ScenarioTests\E2ETestBase.cs(211,21): error CS0518: Predefined type 'System.Boolean' is not defined or imported
C:\gh\azure-sdk-for-net\sdk\mgmtcommon\Test\ClientRuntime.E2E.Tests\ScenarioTests\E2ETestBase.cs(213,47): error CS0518: Predefined type 'System.Object' is not defined or imported
C:\gh\azure-sdk-for-net\sdk\mgmtcommon\Test\ClientRuntime.E2E.Tests\ScenarioTests\E2ETestBase.cs(213,59): error CS0518: Predefined type 'System.String' is not defined or imported
C:\gh\azure-sdk-for-net\sdk\mgmtcommon\Test\ClientRuntime.E2E.Tests\ScenarioTests\E2ETestBase.cs(213,85): error CS0518: Predefined type 'System.String' is not defined or imported
C:\gh\azure-sdk-for-net\sdk\mgmtcommon\Test\ClientRuntime.E2E.Tests\ScenarioTests\E2ETestBase.cs(213,102): error CS0518: Predefined type 'System.String' is not defined or imported
C:\gh\azure-sdk-for-net\sdk\mgmtcommon\Test\ClientRuntime.E2E.Tests\ScenarioTests\E2ETestBase.cs(218,17): error CS0518: Predefined type 'System.Boolean' is not defined or imported
C:\gh\azure-sdk-for-net\sdk\mgmtcommon\Test\ClientRuntime.E2E.Tests\ScenarioTests\E2ETestBase.cs(218,17): error CS0518: Predefined type 'System.Boolean' is not defined or imported
C:\gh\azure-sdk-for-net\sdk\mgmtcommon\Test\ClientRuntime.E2E.Tests\ScenarioTests\E2ETestBase.cs(222,41): error CS0518: Predefined type 'System.Object' is not defined or imported
C:\gh\azure-sdk-for-net\sdk\mgmtcommon\Test\ClientRuntime.E2E.Tests\ScenarioTests\E2ETestBase.cs(222,53): error CS0518: Predefined type 'System.String' is not defined or imported
C:\gh\azure-sdk-for-net\sdk\mgmtcommon\Test\ClientRuntime.E2E.Tests\ScenarioTests\E2ETestBase.cs(222,66): error CS0518: Predefined type 'System.String' is not defined or imported
C:\gh\azure-sdk-for-net\sdk\mgmtcommon\Test\ClientRuntime.E2E.Tests\ScenarioTests\E2ETestBase.cs(222,82): error CS0518: Predefined type 'System.String' is not defined or imported
C:\gh\azure-sdk-for-net\sdk\mgmtcommon\Test\ClientRuntime.E2E.Tests\ScenarioTests\E2ETestBase.cs(229,29): error CS0518: Predefined type 'System.Object' is not defined or imported
C:\gh\azure-sdk-for-net\sdk\mgmtcommon\Test\ClientRuntime.E2E.Tests\ScenarioTests\E2ETestBase.cs(229,44): error CS0234: The type or namespace name 'Azure' does not exist in the namespace 'Microsoft.Rest' (are you missing an assembly reference?)
C:\gh\azure-sdk-for-net\sdk\mgmtcommon\Test\ClientRuntime.E2E.Tests\ScenarioTests\E2ETestBase.cs(229,67): error CS0518: Predefined type 'System.Object' is not defined or imported
C:\gh\azure-sdk-for-net\sdk\mgmtcommon\Test\ClientRuntime.E2E.Tests\ScenarioTests\E2ETestBase.cs(229,67): error CS0246: The type or namespace name 'VirtualMachineImageResource' could not be found (are you missing a using directive or an assembly reference?)
C:\gh\azure-sdk-for-net\sdk\mgmtcommon\Test\ClientRuntime.E2E.Tests\ScenarioTests\E2ETestBase.cs(230,25): error CS0518: Predefined type 'System.Int32' is not defined or imported
C:\gh\azure-sdk-for-net\sdk\mgmtcommon\Test\ClientRuntime.E2E.Tests\ScenarioTests\E2ETestBase.cs(231,40): error CS0518: Predefined type 'System.Object' is not defined or imported
C:\gh\azure-sdk-for-net\sdk\mgmtcommon\Test\ClientRuntime.E2E.Tests\ScenarioTests\E2ETestBase.cs(231,40): error CS1061: 'MyComputeClient' does not contain a definition for 'VirtualMachineImages' and no accessible extension method 'VirtualMachineImages' accepting a first argument of type 'MyComputeClient' could be found (are you missing a using directive or an assembly reference?)
C:\gh\azure-sdk-for-net\sdk\mgmtcommon\Test\ClientRuntime.E2E.Tests\ScenarioTests\E2ETestBase.cs(235,24): error CS0518: Predefined type 'System.Object' is not defined or imported
C:\gh\azure-sdk-for-net\sdk\mgmtcommon\Test\ClientRuntime.E2E.Tests\ScenarioTests\E2ETestBase.cs(235,24): error CS0246: The type or namespace name 'ImageReference' could not be found (are you missing a using directive or an assembly reference?)
C:\gh\azure-sdk-for-net\sdk\mgmtcommon\Test\ClientRuntime.E2E.Tests\ScenarioTests\E2ETestBase.cs(253,13): error CS0518: Predefined type 'System.Object' is not defined or imported
C:\gh\azure-sdk-for-net\sdk\mgmtcommon\Test\ClientRuntime.E2E.Tests\ScenarioTests\E2ETestBase.cs(253,13): error CS0246: The type or namespace name 'VirtualMachine' could not be found (are you missing a using directive or an assembly reference?)
C:\gh\azure-sdk-for-net\sdk\mgmtcommon\Test\ClientRuntime.E2E.Tests\ScenarioTests\E2ETestBase.cs(256,36): error CS0518: Predefined type 'System.Object' is not defined or imported
C:\gh\azure-sdk-for-net\sdk\mgmtcommon\Test\ClientRuntime.E2E.Tests\ScenarioTests\E2ETestBase.cs(256,36): error CS1061: 'MyComputeClient' does not contain a definition for 'VirtualMachines' and no accessible extension method 'VirtualMachines' accepting a first argument of type 'MyComputeClient' could be found (are you missing a using directive or an assembly reference?)
C:\gh\azure-sdk-for-net\sdk\mgmtcommon\Test\ClientRuntime.E2E.Tests\ScenarioTests\E2ETestBase.cs(258,19): error CS0518: Predefined type 'System.Object' is not defined or imported
C:\gh\azure-sdk-for-net\sdk\mgmtcommon\Test\ClientRuntime.E2E.Tests\ScenarioTests\E2ETestBase.cs(258,19): error CS0246: The type or namespace name 'Exception' could not be found (are you missing a using directive or an assembly reference?)
C:\gh\azure-sdk-for-net\sdk\mgmtcommon\Test\ClientRuntime.E2E.Tests\ScenarioTests\E2ETestBase.cs(260,17): error CS0518: Predefined type 'System.Object' is not defined or imported
C:\gh\azure-sdk-for-net\sdk\mgmtcommon\Test\ClientRuntime.E2E.Tests\ScenarioTests\E2ETestBase.cs(260,17): error CS0103: The name 'Debug' does not exist in the current context
C:\gh\azure-sdk-for-net\sdk\mgmtcommon\Test\ClientRuntime.E2E.Tests\ScenarioTests\E2ETestBase.cs(265,21): error CS0518: Predefined type 'System.Boolean' is not defined or imported
C:\gh\azure-sdk-for-net\sdk\mgmtcommon\Test\ClientRuntime.E2E.Tests\ScenarioTests\E2ETestBase.cs(265,21): error CS0518: Predefined type 'System.Boolean' is not defined or imported
C:\gh\azure-sdk-for-net\sdk\mgmtcommon\Test\ClientRuntime.E2E.Tests\ScenarioTests\E2ETestBase.cs(270,21): error CS0518: Predefined type 'System.Object' is not defined or imported
C:\gh\azure-sdk-for-net\sdk\mgmtcommon\Test\ClientRuntime.E2E.Tests\ScenarioTests\E2ETestBase.cs(270,21): error CS0246: The type or namespace name 'PublicIPAddress' could not be found (are you missing a using directive or an assembly reference?)
C:\gh\azure-sdk-for-net\sdk\mgmtcommon\Test\ClientRuntime.E2E.Tests\ScenarioTests\E2ETestBase.cs(270,66): error CS0518: Predefined type 'System.Boolean' is not defined or imported
C:\gh\azure-sdk-for-net\sdk\mgmtcommon\Test\ClientRuntime.E2E.Tests\ScenarioTests\E2ETestBase.cs(270,101): error CS0518: Predefined type 'System.Object' is not defined or imported
C:\gh\azure-sdk-for-net\sdk\mgmtcommon\Test\ClientRuntime.E2E.Tests\ScenarioTests\E2ETestBase.cs(276,21): error CS0518: Predefined type 'System.Boolean' is not defined or imported
C:\gh\azure-sdk-for-net\sdk\mgmtcommon\Test\ClientRuntime.E2E.Tests\ScenarioTests\E2ETestBase.cs(277,21): error CS0518: Predefined type 'System.Object' is not defined or imported
C:\gh\azure-sdk-for-net\sdk\mgmtcommon\Test\ClientRuntime.E2E.Tests\ScenarioTests\E2ETestBase.cs(277,21): error CS0246: The type or namespace name 'Subnet' could not be found (are you missing a using directive or an assembly reference?)
C:\gh\azure-sdk-for-net\sdk\mgmtcommon\Test\ClientRuntime.E2E.Tests\ScenarioTests\E2ETestBase.cs(277,45): error CS0518: Predefined type 'System.Object' is not defined or imported
C:\gh\azure-sdk-for-net\sdk\mgmtcommon\Test\ClientRuntime.E2E.Tests\ScenarioTests\E2ETestBase.cs(279,21): error CS0518: Predefined type 'System.Object' is not defined or imported
C:\gh\azure-sdk-for-net\sdk\mgmtcommon\Test\ClientRuntime.E2E.Tests\ScenarioTests\E2ETestBase.cs(279,21): error CS0246: The type or namespace name 'NetworkInterface' could not be found (are you missing a using directive or an assembly reference?)
C:\gh\azure-sdk-for-net\sdk\mgmtcommon\Test\ClientRuntime.E2E.Tests\ScenarioTests\E2ETestBase.cs(279,52): error CS0518: Predefined type 'System.Object' is not defined or imported
C:\gh\azure-sdk-for-net\sdk\mgmtcommon\Test\ClientRuntime.E2E.Tests\ScenarioTests\E2ETestBase.cs(282,25): error CS0518: Predefined type 'System.Boolean' is not defined or imported
C:\gh\azure-sdk-for-net\sdk\mgmtcommon\Test\ClientRuntime.E2E.Tests\ScenarioTests\E2ETestBase.cs(282,25): error CS0518: Predefined type 'System.Boolean' is not defined or imported
C:\gh\azure-sdk-for-net\sdk\mgmtcommon\Test\ClientRuntime.E2E.Tests\ScenarioTests\E2ETestBase.cs(284,21): error CS0518: Predefined type 'System.String' is not defined or imported
C:\gh\azure-sdk-for-net\sdk\mgmtcommon\Test\ClientRuntime.E2E.Tests\ScenarioTests\E2ETestBase.cs(284,37): error CS0518: Predefined type 'System.Object' is not defined or imported
C:\gh\azure-sdk-for-net\sdk\mgmtcommon\Test\ClientRuntime.E2E.Tests\ScenarioTests\E2ETestBase.cs(286,31): error CS0518: Predefined type 'System.Object' is not defined or imported
C:\gh\azure-sdk-for-net\sdk\mgmtcommon\Test\ClientRuntime.E2E.Tests\ScenarioTests\E2ETestBase.cs(288,21): error CS0518: Predefined type 'System.String' is not defined or imported
C:\gh\azure-sdk-for-net\sdk\mgmtcommon\Test\ClientRuntime.E2E.Tests\ScenarioTests\E2ETestBase.cs(288,52): error CS0518: Predefined type 'System.Object' is not defined or imported
C:\gh\azure-sdk-for-net\sdk\mgmtcommon\Test\ClientRuntime.E2E.Tests\ScenarioTests\E2ETestBase.cs(288,83): error CS0518: Predefined type 'System.Object' is not defined or imported
C:\gh\azure-sdk-for-net\sdk\mgmtcommon\Test\ClientRuntime.E2E.Tests\ScenarioTests\E2ETestBase.cs(288,83): error CS1061: 'MyComputeClient' does not contain a definition for 'SubscriptionId' and no accessible extension method 'SubscriptionId' accepting a first argument of type 'MyComputeClient' could be found (are you missing a using directive or an assembly reference?)
C:\gh\azure-sdk-for-net\sdk\mgmtcommon\Test\ClientRuntime.E2E.Tests\ScenarioTests\E2ETestBase.cs(290,21): error CS0518: Predefined type 'System.Object' is not defined or imported
C:\gh\azure-sdk-for-net\sdk\mgmtcommon\Test\ClientRuntime.E2E.Tests\ScenarioTests\E2ETestBase.cs(290,21): error CS0246: The type or namespace name 'VirtualMachine' could not be found (are you missing a using directive or an assembly reference?)
C:\gh\azure-sdk-for-net\sdk\mgmtcommon\Test\ClientRuntime.E2E.Tests\ScenarioTests\E2ETestBase.cs(291,25): error CS0518: Predefined type 'System.Boolean' is not defined or imported
C:\gh\azure-sdk-for-net\sdk\mgmtcommon\Test\ClientRuntime.E2E.Tests\ScenarioTests\E2ETestBase.cs(293,64): error CS0518: Predefined type 'System.Object' is not defined or imported
C:\gh\azure-sdk-for-net\sdk\mgmtcommon\Test\ClientRuntime.E2E.Tests\ScenarioTests\E2ETestBase.cs(293,64): error CS1061: 'MyComputeClient' does not contain a definition for 'VirtualMachines' and no accessible extension method 'VirtualMachines' accepting a first argument of type 'MyComputeClient' could be found (are you missing a using directive or an assembly reference?)
C:\gh\azure-sdk-for-net\sdk\mgmtcommon\Test\ClientRuntime.E2E.Tests\ScenarioTests\E2ETestBase.cs(297,64): error CS0518: Predefined type 'System.Object' is not defined or imported
C:\gh\azure-sdk-for-net\sdk\mgmtcommon\Test\ClientRuntime.E2E.Tests\ScenarioTests\E2ETestBase.cs(297,64): error CS1061: 'MyComputeClient' does not contain a definition for 'VirtualMachines' and no accessible extension method 'VirtualMachines' accepting a first argument of type 'MyComputeClient' could be found (are you missing a using directive or an assembly reference?)
C:\gh\azure-sdk-for-net\sdk\mgmtcommon\Test\ClientRuntime.E2E.Tests\ScenarioTests\E2ETestBase.cs(300,21): error CS0518: Predefined type 'System.Object' is not defined or imported
C:\gh\azure-sdk-for-net\sdk\mgmtcommon\Test\ClientRuntime.E2E.Tests\ScenarioTests\E2ETestBase.cs(300,21): error CS0103: The name 'Assert' does not exist in the current context
C:\gh\azure-sdk-for-net\sdk\mgmtcommon\Test\ClientRuntime.E2E.Tests\ScenarioTests\E2ETestBase.cs(300,33): error CS0518: Predefined type 'System.Boolean' is not defined or imported
C:\gh\azure-sdk-for-net\sdk\mgmtcommon\Test\ClientRuntime.E2E.Tests\ScenarioTests\E2ETestBase.cs(301,21): error CS0518: Predefined type 'System.Object' is not defined or imported
C:\gh\azure-sdk-for-net\sdk\mgmtcommon\Test\ClientRuntime.E2E.Tests\ScenarioTests\E2ETestBase.cs(301,21): error CS0103: The name 'Assert' does not exist in the current context
C:\gh\azure-sdk-for-net\sdk\mgmtcommon\Test\ClientRuntime.E2E.Tests\ScenarioTests\E2ETestBase.cs(301,103): error CS0518: Predefined type 'System.String' is not defined or imported
C:\gh\azure-sdk-for-net\sdk\mgmtcommon\Test\ClientRuntime.E2E.Tests\ScenarioTests\E2ETestBase.cs(301,108): error CS0518: Predefined type 'System.String' is not defined or imported
C:\gh\azure-sdk-for-net\sdk\mgmtcommon\Test\ClientRuntime.E2E.Tests\ScenarioTests\E2ETestBase.cs(301,33): error CS0518: Predefined type 'System.Boolean' is not defined or imported
C:\gh\azure-sdk-for-net\sdk\mgmtcommon\Test\ClientRuntime.E2E.Tests\ScenarioTests\E2ETestBase.cs(302,25): error CS0518: Predefined type 'System.Boolean' is not defined or imported
C:\gh\azure-sdk-for-net\sdk\mgmtcommon\Test\ClientRuntime.E2E.Tests\ScenarioTests\E2ETestBase.cs(304,21): error CS0518: Predefined type 'System.Object' is not defined or imported
C:\gh\azure-sdk-for-net\sdk\mgmtcommon\Test\ClientRuntime.E2E.Tests\ScenarioTests\E2ETestBase.cs(304,21): error CS0103: The name 'Assert' does not exist in the current context
C:\gh\azure-sdk-for-net\sdk\mgmtcommon\Test\ClientRuntime.E2E.Tests\ScenarioTests\E2ETestBase.cs(305,25): error CS0518: Predefined type 'System.Boolean' is not defined or imported
C:\gh\azure-sdk-for-net\sdk\mgmtcommon\Test\ClientRuntime.E2E.Tests\ScenarioTests\E2ETestBase.cs(312,40): error CS0518: Predefined type 'System.Object' is not defined or imported
C:\gh\azure-sdk-for-net\sdk\mgmtcommon\Test\ClientRuntime.E2E.Tests\ScenarioTests\E2ETestBase.cs(312,40): error CS1061: 'MyComputeClient' does not contain a definition for 'VirtualMachines' and no accessible extension method 'VirtualMachines' accepting a first argument of type 'MyComputeClient' could be found (are you missing a using directive or an assembly reference?)
C:\gh\azure-sdk-for-net\sdk\mgmtcommon\Test\ClientRuntime.E2E.Tests\ScenarioTests\E2ETestBase.cs(329,13): error CS0518: Predefined type 'System.Object' is not defined or imported
C:\gh\azure-sdk-for-net\sdk\mgmtcommon\Test\ClientRuntime.E2E.Tests\ScenarioTests\E2ETestBase.cs(329,13): error CS0103: The name 'Assert' does not exist in the current context
C:\gh\azure-sdk-for-net\sdk\mgmtcommon\Test\ClientRuntime.E2E.Tests\ScenarioTests\E2ETestBase.cs(329,25): error CS0518: Predefined type 'System.Boolean' is not defined or imported
C:\gh\azure-sdk-for-net\sdk\mgmtcommon\Test\ClientRuntime.E2E.Tests\ScenarioTests\E2ETestBase.cs(331,13): error CS0518: Predefined type 'System.Object' is not defined or imported
C:\gh\azure-sdk-for-net\sdk\mgmtcommon\Test\ClientRuntime.E2E.Tests\ScenarioTests\E2ETestBase.cs(331,13): error CS0103: The name 'Assert' does not exist in the current context
C:\gh\azure-sdk-for-net\sdk\mgmtcommon\Test\ClientRuntime.E2E.Tests\ScenarioTests\E2ETestBase.cs(331,26): error CS0518: Predefined type 'System.String' is not defined or imported
C:\gh\azure-sdk-for-net\sdk\mgmtcommon\Test\ClientRuntime.E2E.Tests\ScenarioTests\E2ETestBase.cs(333,13): error CS0518: Predefined type 'System.Object' is not defined or imported
C:\gh\azure-sdk-for-net\sdk\mgmtcommon\Test\ClientRuntime.E2E.Tests\ScenarioTests\E2ETestBase.cs(333,13): error CS0103: The name 'Assert' does not exist in the current context
C:\gh\azure-sdk-for-net\sdk\mgmtcommon\Test\ClientRuntime.E2E.Tests\ScenarioTests\E2ETestBase.cs(333,25): error CS0518: Predefined type 'System.Boolean' is not defined or imported
C:\gh\azure-sdk-for-net\sdk\mgmtcommon\Test\ClientRuntime.E2E.Tests\ScenarioTests\E2ETestBase.cs(336,13): error CS0518: Predefined type 'System.Object' is not defined or imported
C:\gh\azure-sdk-for-net\sdk\mgmtcommon\Test\ClientRuntime.E2E.Tests\ScenarioTests\E2ETestBase.cs(336,13): error CS0103: The name 'Assert' does not exist in the current context
C:\gh\azure-sdk-for-net\sdk\mgmtcommon\Test\ClientRuntime.E2E.Tests\ScenarioTests\E2ETestBase.cs(338,17): error CS0518: Predefined type 'System.Boolean' is not defined or imported
C:\gh\azure-sdk-for-net\sdk\mgmtcommon\Test\ClientRuntime.E2E.Tests\ScenarioTests\E2ETestBase.cs(338,17): error CS0518: Predefined type 'System.Boolean' is not defined or imported
C:\gh\azure-sdk-for-net\sdk\mgmtcommon\Test\ClientRuntime.E2E.Tests\ScenarioTests\E2ETestBase.cs(340,17): error CS0518: Predefined type 'System.Object' is not defined or imported
C:\gh\azure-sdk-for-net\sdk\mgmtcommon\Test\ClientRuntime.E2E.Tests\ScenarioTests\E2ETestBase.cs(340,17): error CS0103: The name 'Assert' does not exist in the current context
C:\gh\azure-sdk-for-net\sdk\mgmtcommon\Test\ClientRuntime.E2E.Tests\ScenarioTests\E2ETestBase.cs(340,29): error CS0518: Predefined type 'System.Boolean' is not defined or imported
C:\gh\azure-sdk-for-net\sdk\mgmtcommon\Test\ClientRuntime.E2E.Tests\ScenarioTests\E2ETestBase.cs(343,17): error CS0518: Predefined type 'System.Object' is not defined or imported
C:\gh\azure-sdk-for-net\sdk\mgmtcommon\Test\ClientRuntime.E2E.Tests\ScenarioTests\E2ETestBase.cs(343,17): error CS0103: The name 'Assert' does not exist in the current context
C:\gh\azure-sdk-for-net\sdk\mgmtcommon\Test\ClientRuntime.E2E.Tests\ScenarioTests\E2ETestBase.cs(343,29): error CS0518: Predefined type 'System.Boolean' is not defined or imported
C:\gh\azure-sdk-for-net\sdk\mgmtcommon\Test\ClientRuntime.E2E.Tests\ScenarioTests\E2ETestBase.cs(346,17): error CS0518: Predefined type 'System.Object' is not defined or imported
C:\gh\azure-sdk-for-net\sdk\mgmtcommon\Test\ClientRuntime.E2E.Tests\ScenarioTests\E2ETestBase.cs(346,17): error CS0103: The name 'Assert' does not exist in the current context
C:\gh\azure-sdk-for-net\sdk\mgmtcommon\Test\ClientRuntime.E2E.Tests\ScenarioTests\E2ETestBase.cs(347,17): error CS0518: Predefined type 'System.Object' is not defined or imported
C:\gh\azure-sdk-for-net\sdk\mgmtcommon\Test\ClientRuntime.E2E.Tests\ScenarioTests\E2ETestBase.cs(347,17): error CS0103: The name 'Assert' does not exist in the current context
C:\gh\azure-sdk-for-net\sdk\mgmtcommon\Test\ClientRuntime.E2E.Tests\ScenarioTests\E2ETestBase.cs(348,21): error CS0518: Predefined type 'System.Boolean' is not defined or imported
C:\gh\azure-sdk-for-net\sdk\mgmtcommon\Test\ClientRuntime.E2E.Tests\ScenarioTests\E2ETestBase.cs(348,63): error CS0518: Predefined type 'System.Boolean' is not defined or imported
C:\gh\azure-sdk-for-net\sdk\mgmtcommon\Test\ClientRuntime.E2E.Tests\ScenarioTests\E2ETestBase.cs(348,21): error CS0518: Predefined type 'System.Boolean' is not defined or imported
C:\gh\azure-sdk-for-net\sdk\mgmtcommon\Test\ClientRuntime.E2E.Tests\ScenarioTests\E2ETestBase.cs(350,21): error CS0518: Predefined type 'System.Object' is not defined or imported
C:\gh\azure-sdk-for-net\sdk\mgmtcommon\Test\ClientRuntime.E2E.Tests\ScenarioTests\E2ETestBase.cs(350,21): error CS0103: The name 'Assert' does not exist in the current context
C:\gh\azure-sdk-for-net\sdk\mgmtcommon\Test\ClientRuntime.E2E.Tests\ScenarioTests\E2ETestBase.cs(354,17): error CS0518: Predefined type 'System.Boolean' is not defined or imported
C:\gh\azure-sdk-for-net\sdk\mgmtcommon\Test\ClientRuntime.E2E.Tests\ScenarioTests\E2ETestBase.cs(354,17): error CS0518: Predefined type 'System.Boolean' is not defined or imported
C:\gh\azure-sdk-for-net\sdk\mgmtcommon\Test\ClientRuntime.E2E.Tests\ScenarioTests\E2ETestBase.cs(362,21): error CS0518: Predefined type 'System.Object' is not defined or imported
C:\gh\azure-sdk-for-net\sdk\mgmtcommon\Test\ClientRuntime.E2E.Tests\ScenarioTests\E2ETestBase.cs(362,21): error CS0103: The name 'Assert' does not exist in the current context
C:\gh\azure-sdk-for-net\sdk\mgmtcommon\Test\ClientRuntime.E2E.Tests\ScenarioTests\E2ETestBase.cs(363,21): error CS0518: Predefined type 'System.Object' is not defined or imported
C:\gh\azure-sdk-for-net\sdk\mgmtcommon\Test\ClientRuntime.E2E.Tests\ScenarioTests\E2ETestBase.cs(363,21): error CS0103: The name 'Assert' does not exist in the current context
C:\gh\azure-sdk-for-net\sdk\mgmtcommon\Test\ClientRuntime.E2E.Tests\ScenarioTests\E2ETestBase.cs(364,21): error CS0518: Predefined type 'System.Object' is not defined or imported
C:\gh\azure-sdk-for-net\sdk\mgmtcommon\Test\ClientRuntime.E2E.Tests\ScenarioTests\E2ETestBase.cs(364,21): error CS0103: The name 'Assert' does not exist in the current context
C:\gh\azure-sdk-for-net\sdk\mgmtcommon\Test\ClientRuntime.E2E.Tests\ScenarioTests\E2ETestBase.cs(365,25): error CS0518: Predefined type 'System.Boolean' is not defined or imported
C:\gh\azure-sdk-for-net\sdk\mgmtcommon\Test\ClientRuntime.E2E.Tests\ScenarioTests\E2ETestBase.cs(365,25): error CS0518: Predefined type 'System.Boolean' is not defined or imported
C:\gh\azure-sdk-for-net\sdk\mgmtcommon\Test\ClientRuntime.E2E.Tests\ScenarioTests\E2ETestBase.cs(367,25): error CS0518: Predefined type 'System.Object' is not defined or imported
C:\gh\azure-sdk-for-net\sdk\mgmtcommon\Test\ClientRuntime.E2E.Tests\ScenarioTests\E2ETestBase.cs(367,25): error CS0103: The name 'Assert' does not exist in the current context
C:\gh\azure-sdk-for-net\sdk\mgmtcommon\Test\ClientRuntime.E2E.Tests\ScenarioTests\E2ETestBase.cs(370,25): error CS0518: Predefined type 'System.Boolean' is not defined or imported
C:\gh\azure-sdk-for-net\sdk\mgmtcommon\Test\ClientRuntime.E2E.Tests\ScenarioTests\E2ETestBase.cs(370,25): error CS0518: Predefined type 'System.Boolean' is not defined or imported
C:\gh\azure-sdk-for-net\sdk\mgmtcommon\Test\ClientRuntime.E2E.Tests\ScenarioTests\E2ETestBase.cs(372,25): error CS0518: Predefined type 'System.Object' is not defined or imported
C:\gh\azure-sdk-for-net\sdk\mgmtcommon\Test\ClientRuntime.E2E.Tests\ScenarioTests\E2ETestBase.cs(372,25): error CS0103: The name 'Assert' does not exist in the current context
C:\gh\azure-sdk-for-net\sdk\mgmtcommon\Test\ClientRuntime.E2E.Tests\ScenarioTests\E2ETestBase.cs(379,21): error CS0518: Predefined type 'System.Object' is not defined or imported
C:\gh\azure-sdk-for-net\sdk\mgmtcommon\Test\ClientRuntime.E2E.Tests\ScenarioTests\E2ETestBase.cs(379,21): error CS0103: The name 'Assert' does not exist in the current context
C:\gh\azure-sdk-for-net\sdk\mgmtcommon\Test\ClientRuntime.E2E.Tests\ScenarioTests\E2ETestBase.cs(380,21): error CS0518: Predefined type 'System.Object' is not defined or imported
C:\gh\azure-sdk-for-net\sdk\mgmtcommon\Test\ClientRuntime.E2E.Tests\ScenarioTests\E2ETestBase.cs(380,21): error CS0103: The name 'Assert' does not exist in the current context
C:\gh\azure-sdk-for-net\sdk\mgmtcommon\Test\ClientRuntime.E2E.Tests\ScenarioTests\E2ETestBase.cs(381,25): error CS0518: Predefined type 'System.Boolean' is not defined or imported
C:\gh\azure-sdk-for-net\sdk\mgmtcommon\Test\ClientRuntime.E2E.Tests\ScenarioTests\E2ETestBase.cs(381,51): error CS0518: Predefined type 'System.Boolean' is not defined or imported
C:\gh\azure-sdk-for-net\sdk\mgmtcommon\Test\ClientRuntime.E2E.Tests\ScenarioTests\E2ETestBase.cs(381,25): error CS0518: Predefined type 'System.Boolean' is not defined or imported
C:\gh\azure-sdk-for-net\sdk\mgmtcommon\Test\ClientRuntime.E2E.Tests\ScenarioTests\E2ETestBase.cs(383,25): error CS0518: Predefined type 'System.Object' is not defined or imported
C:\gh\azure-sdk-for-net\sdk\mgmtcommon\Test\ClientRuntime.E2E.Tests\ScenarioTests\E2ETestBase.cs(383,25): error CS0103: The name 'Assert' does not exist in the current context
C:\gh\azure-sdk-for-net\sdk\mgmtcommon\Test\ClientRuntime.E2E.Tests\ScenarioTests\E2ETestBase.cs(384,25): error CS0518: Predefined type 'System.Object' is not defined or imported
C:\gh\azure-sdk-for-net\sdk\mgmtcommon\Test\ClientRuntime.E2E.Tests\ScenarioTests\E2ETestBase.cs(384,25): error CS0103: The name 'Assert' does not exist in the current context
C:\gh\azure-sdk-for-net\sdk\mgmtcommon\Test\ClientRuntime.E2E.Tests\ScenarioTests\E2ETestBase.cs(395,13): error CS0518: Predefined type 'System.String' is not defined or imported
C:\gh\azure-sdk-for-net\sdk\mgmtcommon\Test\ClientRuntime.E2E.Tests\ScenarioTests\E2ETestBase.cs(395,35): error CS0518: Predefined type 'System.String' is not defined or imported
C:\gh\azure-sdk-for-net\sdk\mgmtcommon\Test\ClientRuntime.E2E.Tests\ScenarioTests\E2ETestBase.cs(396,13): error CS0518: Predefined type 'System.String' is not defined or imported
C:\gh\azure-sdk-for-net\sdk\mgmtcommon\Test\ClientRuntime.E2E.Tests\ScenarioTests\E2ETestBase.cs(396,38): error CS0518: Predefined type 'System.String' is not defined or imported
C:\gh\azure-sdk-for-net\sdk\mgmtcommon\Test\ClientRuntime.E2E.Tests\ScenarioTests\E2ETestBase.cs(398,13): error CS0518: Predefined type 'System.Object' is not defined or imported
C:\gh\azure-sdk-for-net\sdk\mgmtcommon\Test\ClientRuntime.E2E.Tests\ScenarioTests\E2ETestBase.cs(398,13): error CS0246: The type or namespace name 'PublicIPAddress' could not be found (are you missing a using directive or an assembly reference?)
C:\gh\azure-sdk-for-net\sdk\mgmtcommon\Test\ClientRuntime.E2E.Tests\ScenarioTests\E2ETestBase.cs(406,16): error CS0518: Predefined type 'System.Boolean' is not defined or imported
C:\gh\azure-sdk-for-net\sdk\mgmtcommon\Test\ClientRuntime.E2E.Tests\ScenarioTests\E2ETestBase.cs(406,16): error CS0518: Predefined type 'System.Boolean' is not defined or imported
C:\gh\azure-sdk-for-net\sdk\mgmtcommon\Test\ClientRuntime.E2E.Tests\ScenarioTests\E2ETestBase.cs(408,32): error CS0518: Predefined type 'System.Object' is not defined or imported
C:\gh\azure-sdk-for-net\sdk\mgmtcommon\Test\ClientRuntime.E2E.Tests\ScenarioTests\E2ETestBase.cs(408,32): error CS0246: The type or namespace name 'PublicIPAddress' could not be found (are you missing a using directive or an assembly reference?)
C:\gh\azure-sdk-for-net\sdk\mgmtcommon\Test\ClientRuntime.E2E.Tests\ScenarioTests\E2ETestBase.cs(411,32): error CS0518: Predefined type 'System.Object' is not defined or imported
C:\gh\azure-sdk-for-net\sdk\mgmtcommon\Test\ClientRuntime.E2E.Tests\ScenarioTests\E2ETestBase.cs(411,32): error CS0246: The type or namespace name 'Dictionary<,>' could not be found (are you missing a using directive or an assembly reference?)
C:\gh\azure-sdk-for-net\sdk\mgmtcommon\Test\ClientRuntime.E2E.Tests\ScenarioTests\E2ETestBase.cs(411,43): error CS0518: Predefined type 'System.String' is not defined or imported
C:\gh\azure-sdk-for-net\sdk\mgmtcommon\Test\ClientRuntime.E2E.Tests\ScenarioTests\E2ETestBase.cs(411,51): error CS0518: Predefined type 'System.String' is not defined or imported
C:\gh\azure-sdk-for-net\sdk\mgmtcommon\Test\ClientRuntime.E2E.Tests\ScenarioTests\E2ETestBase.cs(413,26): error CS0518: Predefined type 'System.String' is not defined or imported
C:\gh\azure-sdk-for-net\sdk\mgmtcommon\Test\ClientRuntime.E2E.Tests\ScenarioTests\E2ETestBase.cs(413,33): error CS0518: Predefined type 'System.String' is not defined or imported
C:\gh\azure-sdk-for-net\sdk\mgmtcommon\Test\ClientRuntime.E2E.Tests\ScenarioTests\E2ETestBase.cs(415,48): error CS0518: Predefined type 'System.Object' is not defined or imported
C:\gh\azure-sdk-for-net\sdk\mgmtcommon\Test\ClientRuntime.E2E.Tests\ScenarioTests\E2ETestBase.cs(415,48): error CS0103: The name 'IPAllocationMethod' does not exist in the current context
C:\gh\azure-sdk-for-net\sdk\mgmtcommon\Test\ClientRuntime.E2E.Tests\ScenarioTests\E2ETestBase.cs(416,39): error CS0518: Predefined type 'System.Object' is not defined or imported
C:\gh\azure-sdk-for-net\sdk\mgmtcommon\Test\ClientRuntime.E2E.Tests\ScenarioTests\E2ETestBase.cs(416,39): error CS0246: The type or namespace name 'PublicIPAddressDnsSettings' could not be found (are you missing a using directive or an assembly reference?)
C:\gh\azure-sdk-for-net\sdk\mgmtcommon\Test\ClientRuntime.E2E.Tests\ScenarioTests\E2ETestBase.cs(434,13): error CS0518: Predefined type 'System.Object' is not defined or imported
C:\gh\azure-sdk-for-net\sdk\mgmtcommon\Test\ClientRuntime.E2E.Tests\ScenarioTests\E2ETestBase.cs(434,13): error CS0246: The type or namespace name 'AvailabilitySet' could not be found (are you missing a using directive or an assembly reference?)
C:\gh\azure-sdk-for-net\sdk\mgmtcommon\Test\ClientRuntime.E2E.Tests\ScenarioTests\E2ETestBase.cs(438,54): error CS0518: Predefined type 'System.Object' is not defined or imported
C:\gh\azure-sdk-for-net\sdk\mgmtcommon\Test\ClientRuntime.E2E.Tests\ScenarioTests\E2ETestBase.cs(438,54): error CS1061: 'MyComputeClient' does not contain a definition for 'AvailabilitySets' and no accessible extension method 'AvailabilitySets' accepting a first argument of type 'MyComputeClient' could be found (are you missing a using directive or an assembly reference?)
C:\gh\azure-sdk-for-net\sdk\mgmtcommon\Test\ClientRuntime.E2E.Tests\ScenarioTests\E2ETestBase.cs(442,16): error CS0518: Predefined type 'System.Boolean' is not defined or imported
C:\gh\azure-sdk-for-net\sdk\mgmtcommon\Test\ClientRuntime.E2E.Tests\ScenarioTests\E2ETestBase.cs(442,16): error CS0518: Predefined type 'System.Boolean' is not defined or imported
C:\gh\azure-sdk-for-net\sdk\mgmtcommon\Test\ClientRuntime.E2E.Tests\ScenarioTests\E2ETestBase.cs(444,32): error CS0518: Predefined type 'System.Object' is not defined or imported
C:\gh\azure-sdk-for-net\sdk\mgmtcommon\Test\ClientRuntime.E2E.Tests\ScenarioTests\E2ETestBase.cs(444,32): error CS0246: The type or namespace name 'AvailabilitySet' could not be found (are you missing a using directive or an assembly reference?)
C:\gh\azure-sdk-for-net\sdk\mgmtcommon\Test\ClientRuntime.E2E.Tests\ScenarioTests\E2ETestBase.cs(447,32): error CS0518: Predefined type 'System.Object' is not defined or imported
C:\gh\azure-sdk-for-net\sdk\mgmtcommon\Test\ClientRuntime.E2E.Tests\ScenarioTests\E2ETestBase.cs(447,32): error CS0246: The type or namespace name 'Dictionary<,>' could not be found (are you missing a using directive or an assembly reference?)
C:\gh\azure-sdk-for-net\sdk\mgmtcommon\Test\ClientRuntime.E2E.Tests\ScenarioTests\E2ETestBase.cs(447,43): error CS0518: Predefined type 'System.String' is not defined or imported
C:\gh\azure-sdk-for-net\sdk\mgmtcommon\Test\ClientRuntime.E2E.Tests\ScenarioTests\E2ETestBase.cs(447,51): error CS0518: Predefined type 'System.String' is not defined or imported
C:\gh\azure-sdk-for-net\sdk\mgmtcommon\Test\ClientRuntime.E2E.Tests\ScenarioTests\E2ETestBase.cs(449,26): error CS0518: Predefined type 'System.String' is not defined or imported
C:\gh\azure-sdk-for-net\sdk\mgmtcommon\Test\ClientRuntime.E2E.Tests\ScenarioTests\E2ETestBase.cs(449,32): error CS0518: Predefined type 'System.String' is not defined or imported
C:\gh\azure-sdk-for-net\sdk\mgmtcommon\Test\ClientRuntime.E2E.Tests\ScenarioTests\E2ETestBase.cs(450,26): error CS0518: Predefined type 'System.String' is not defined or imported
C:\gh\azure-sdk-for-net\sdk\mgmtcommon\Test\ClientRuntime.E2E.Tests\ScenarioTests\E2ETestBase.cs(450,37): error CS0518: Predefined type 'System.String' is not defined or imported
C:\gh\azure-sdk-for-net\sdk\mgmtcommon\Test\ClientRuntime.E2E.Tests\ScenarioTests\E2ETestBase.cs(452,48): error CS0518: Predefined type 'System.Boolean' is not defined or imported
C:\gh\azure-sdk-for-net\sdk\mgmtcommon\Test\ClientRuntime.E2E.Tests\ScenarioTests\E2ETestBase.cs(452,66): error CS0518: Predefined type 'System.Int32' is not defined or imported
C:\gh\azure-sdk-for-net\sdk\mgmtcommon\Test\ClientRuntime.E2E.Tests\ScenarioTests\E2ETestBase.cs(452,70): error CS0518: Predefined type 'System.Int32' is not defined or imported
C:\gh\azure-sdk-for-net\sdk\mgmtcommon\Test\ClientRuntime.E2E.Tests\ScenarioTests\E2ETestBase.cs(453,49): error CS0518: Predefined type 'System.Int32' is not defined or imported
C:\gh\azure-sdk-for-net\sdk\mgmtcommon\Test\ClientRuntime.E2E.Tests\ScenarioTests\E2ETestBase.cs(457,62): error CS0518: Predefined type 'System.Object' is not defined or imported
C:\gh\azure-sdk-for-net\sdk\mgmtcommon\Test\ClientRuntime.E2E.Tests\ScenarioTests\E2ETestBase.cs(457,62): error CS1061: 'MyComputeClient' does not contain a definition for 'AvailabilitySets' and no accessible extension method 'AvailabilitySets' accepting a first argument of type 'MyComputeClient' could be found (are you missing a using directive or an assembly reference?)
C:\gh\azure-sdk-for-net\sdk\mgmtcommon\Test\ClientRuntime.E2E.Tests\ScenarioTests\E2ETestBase.cs(466,26): error CS0518: Predefined type 'System.Object' is not defined or imported
C:\gh\azure-sdk-for-net\sdk\mgmtcommon\Test\ClientRuntime.E2E.Tests\ScenarioTests\E2ETestBase.cs(466,62): error CS0518: Predefined type 'System.Object' is not defined or imported
C:\gh\azure-sdk-for-net\sdk\mgmtcommon\Test\ClientRuntime.E2E.Tests\ScenarioTests\E2ETestBase.cs(466,62): error CS1061: 'MyComputeClient' does not contain a definition for 'SubscriptionId' and no accessible extension method 'SubscriptionId' accepting a first argument of type 'MyComputeClient' could be found (are you missing a using directive or an assembly reference?)
C:\gh\azure-sdk-for-net\sdk\mgmtcommon\Test\ClientRuntime.E2E.Tests\ScenarioTests\E2ETestBase.cs(474,13): error CS0518: Predefined type 'System.String' is not defined or imported
C:\gh\azure-sdk-for-net\sdk\mgmtcommon\Test\ClientRuntime.E2E.Tests\ScenarioTests\E2ETestBase.cs(474,31): error CS0518: Predefined type 'System.String' is not defined or imported
C:\gh\azure-sdk-for-net\sdk\mgmtcommon\Test\ClientRuntime.E2E.Tests\ScenarioTests\E2ETestBase.cs(475,13): error CS0518: Predefined type 'System.String' is not defined or imported
C:\gh\azure-sdk-for-net\sdk\mgmtcommon\Test\ClientRuntime.E2E.Tests\ScenarioTests\E2ETestBase.cs(475,33): error CS0518: Predefined type 'System.String' is not defined or imported
C:\gh\azure-sdk-for-net\sdk\mgmtcommon\Test\ClientRuntime.E2E.Tests\ScenarioTests\E2ETestBase.cs(477,13): error CS0518: Predefined type 'System.Object' is not defined or imported
C:\gh\azure-sdk-for-net\sdk\mgmtcommon\Test\ClientRuntime.E2E.Tests\ScenarioTests\E2ETestBase.cs(477,13): error CS0246: The type or namespace name 'Subnet' could not be found (are you missing a using directive or an assembly reference?)
C:\gh\azure-sdk-for-net\sdk\mgmtcommon\Test\ClientRuntime.E2E.Tests\ScenarioTests\E2ETestBase.cs(486,17): error CS0518: Predefined type 'System.Boolean' is not defined or imported
C:\gh\azure-sdk-for-net\sdk\mgmtcommon\Test\ClientRuntime.E2E.Tests\ScenarioTests\E2ETestBase.cs(486,17): error CS0518: Predefined type 'System.Boolean' is not defined or imported
C:\gh\azure-sdk-for-net\sdk\mgmtcommon\Test\ClientRuntime.E2E.Tests\ScenarioTests\E2ETestBase.cs(488,32): error CS0518: Predefined type 'System.Object' is not defined or imported
C:\gh\azure-sdk-for-net\sdk\mgmtcommon\Test\ClientRuntime.E2E.Tests\ScenarioTests\E2ETestBase.cs(488,32): error CS0246: The type or namespace name 'VirtualNetwork' could not be found (are you missing a using directive or an assembly reference?)
C:\gh\azure-sdk-for-net\sdk\mgmtcommon\Test\ClientRuntime.E2E.Tests\ScenarioTests\E2ETestBase.cs(491,40): error CS0518: Predefined type 'System.Object' is not defined or imported
C:\gh\azure-sdk-for-net\sdk\mgmtcommon\Test\ClientRuntime.E2E.Tests\ScenarioTests\E2ETestBase.cs(491,40): error CS0246: The type or namespace name 'AddressSpace' could not be found (are you missing a using directive or an assembly reference?)
C:\gh\azure-sdk-for-net\sdk\mgmtcommon\Test\ClientRuntime.E2E.Tests\ScenarioTests\E2ETestBase.cs(493,47): error CS0518: Predefined type 'System.Object' is not defined or imported
C:\gh\azure-sdk-for-net\sdk\mgmtcommon\Test\ClientRuntime.E2E.Tests\ScenarioTests\E2ETestBase.cs(493,47): error CS0246: The type or namespace name 'List<>' could not be found (are you missing a using directive or an assembly reference?)
C:\gh\azure-sdk-for-net\sdk\mgmtcommon\Test\ClientRuntime.E2E.Tests\ScenarioTests\E2ETestBase.cs(493,52): error CS0518: Predefined type 'System.String' is not defined or imported
C:\gh\azure-sdk-for-net\sdk\mgmtcommon\Test\ClientRuntime.E2E.Tests\ScenarioTests\E2ETestBase.cs(495,33): error CS0518: Predefined type 'System.String' is not defined or imported
C:\gh\azure-sdk-for-net\sdk\mgmtcommon\Test\ClientRuntime.E2E.Tests\ScenarioTests\E2ETestBase.cs(498,35): error CS0518: Predefined type 'System.Boolean' is not defined or imported
C:\gh\azure-sdk-for-net\sdk\mgmtcommon\Test\ClientRuntime.E2E.Tests\ScenarioTests\E2ETestBase.cs(498,62): error CS0518: Predefined type 'System.Object' is not defined or imported
C:\gh\azure-sdk-for-net\sdk\mgmtcommon\Test\ClientRuntime.E2E.Tests\ScenarioTests\E2ETestBase.cs(498,62): error CS0246: The type or namespace name 'DhcpOptions' could not be found (are you missing a using directive or an assembly reference?)
C:\gh\azure-sdk-for-net\sdk\mgmtcommon\Test\ClientRuntime.E2E.Tests\ScenarioTests\E2ETestBase.cs(500,42): error CS0518: Predefined type 'System.Object' is not defined or imported
C:\gh\azure-sdk-for-net\sdk\mgmtcommon\Test\ClientRuntime.E2E.Tests\ScenarioTests\E2ETestBase.cs(500,42): error CS0246: The type or namespace name 'List<>' could not be found (are you missing a using directive or an assembly reference?)
C:\gh\azure-sdk-for-net\sdk\mgmtcommon\Test\ClientRuntime.E2E.Tests\ScenarioTests\E2ETestBase.cs(500,47): error CS0518: Predefined type 'System.String' is not defined or imported
C:\gh\azure-sdk-for-net\sdk\mgmtcommon\Test\ClientRuntime.E2E.Tests\ScenarioTests\E2ETestBase.cs(502,33): error CS0518: Predefined type 'System.String' is not defined or imported
C:\gh\azure-sdk-for-net\sdk\mgmtcommon\Test\ClientRuntime.E2E.Tests\ScenarioTests\E2ETestBase.cs(503,33): error CS0518: Predefined type 'System.String' is not defined or imported
C:\gh\azure-sdk-for-net\sdk\mgmtcommon\Test\ClientRuntime.E2E.Tests\ScenarioTests\E2ETestBase.cs(506,35): error CS0518: Predefined type 'System.Object' is not defined or imported
C:\gh\azure-sdk-for-net\sdk\mgmtcommon\Test\ClientRuntime.E2E.Tests\ScenarioTests\E2ETestBase.cs(506,35): error CS0246: The type or namespace name 'List<>' could not be found (are you missing a using directive or an assembly reference?)
C:\gh\azure-sdk-for-net\sdk\mgmtcommon\Test\ClientRuntime.E2E.Tests\ScenarioTests\E2ETestBase.cs(506,40): error CS0518: Predefined type 'System.Object' is not defined or imported
C:\gh\azure-sdk-for-net\sdk\mgmtcommon\Test\ClientRuntime.E2E.Tests\ScenarioTests\E2ETestBase.cs(506,40): error CS0246: The type or namespace name 'Subnet' could not be found (are you missing a using directive or an assembly reference?)
C:\gh\azure-sdk-for-net\sdk\mgmtcommon\Test\ClientRuntime.E2E.Tests\ScenarioTests\E2ETestBase.cs(508,33): error CS0518: Predefined type 'System.Object' is not defined or imported
C:\gh\azure-sdk-for-net\sdk\mgmtcommon\Test\ClientRuntime.E2E.Tests\ScenarioTests\E2ETestBase.cs(508,33): error CS0246: The type or namespace name 'Subnet' could not be found (are you missing a using directive or an assembly reference?)
C:\gh\azure-sdk-for-net\sdk\mgmtcommon\Test\ClientRuntime.E2E.Tests\ScenarioTests\E2ETestBase.cs(511,49): error CS0518: Predefined type 'System.String' is not defined or imported
C:\gh\azure-sdk-for-net\sdk\mgmtcommon\Test\ClientRuntime.E2E.Tests\ScenarioTests\E2ETestBase.cs(526,13): error CS0518: Predefined type 'System.String' is not defined or imported
C:\gh\azure-sdk-for-net\sdk\mgmtcommon\Test\ClientRuntime.E2E.Tests\ScenarioTests\E2ETestBase.cs(526,31): error CS0518: Predefined type 'System.Object' is not defined or imported
C:\gh\azure-sdk-for-net\sdk\mgmtcommon\Test\ClientRuntime.E2E.Tests\ScenarioTests\E2ETestBase.cs(526,44): error CS0518: Predefined type 'System.String' is not defined or imported
C:\gh\azure-sdk-for-net\sdk\mgmtcommon\Test\ClientRuntime.E2E.Tests\ScenarioTests\E2ETestBase.cs(528,28): error CS0518: Predefined type 'System.Object' is not defined or imported
C:\gh\azure-sdk-for-net\sdk\mgmtcommon\Test\ClientRuntime.E2E.Tests\ScenarioTests\E2ETestBase.cs(528,28): error CS0246: The type or namespace name 'VirtualNetwork' could not be found (are you missing a using directive or an assembly reference?)
C:\gh\azure-sdk-for-net\sdk\mgmtcommon\Test\ClientRuntime.E2E.Tests\ScenarioTests\E2ETestBase.cs(531,36): error CS0518: Predefined type 'System.Object' is not defined or imported
C:\gh\azure-sdk-for-net\sdk\mgmtcommon\Test\ClientRuntime.E2E.Tests\ScenarioTests\E2ETestBase.cs(531,36): error CS0246: The type or namespace name 'AddressSpace' could not be found (are you missing a using directive or an assembly reference?)
C:\gh\azure-sdk-for-net\sdk\mgmtcommon\Test\ClientRuntime.E2E.Tests\ScenarioTests\E2ETestBase.cs(533,43): error CS0518: Predefined type 'System.Object' is not defined or imported
C:\gh\azure-sdk-for-net\sdk\mgmtcommon\Test\ClientRuntime.E2E.Tests\ScenarioTests\E2ETestBase.cs(533,43): error CS0246: The type or namespace name 'List<>' could not be found (are you missing a using directive or an assembly reference?)
C:\gh\azure-sdk-for-net\sdk\mgmtcommon\Test\ClientRuntime.E2E.Tests\ScenarioTests\E2ETestBase.cs(533,48): error CS0518: Predefined type 'System.String' is not defined or imported
C:\gh\azure-sdk-for-net\sdk\mgmtcommon\Test\ClientRuntime.E2E.Tests\ScenarioTests\E2ETestBase.cs(535,33): error CS0518: Predefined type 'System.String' is not defined or imported
C:\gh\azure-sdk-for-net\sdk\mgmtcommon\Test\ClientRuntime.E2E.Tests\ScenarioTests\E2ETestBase.cs(538,35): error CS0518: Predefined type 'System.Object' is not defined or imported
C:\gh\azure-sdk-for-net\sdk\mgmtcommon\Test\ClientRuntime.E2E.Tests\ScenarioTests\E2ETestBase.cs(538,35): error CS0246: The type or namespace name 'DhcpOptions' could not be found (are you missing a using directive or an assembly reference?)
C:\gh\azure-sdk-for-net\sdk\mgmtcommon\Test\ClientRuntime.E2E.Tests\ScenarioTests\E2ETestBase.cs(540,38): error CS0518: Predefined type 'System.Object' is not defined or imported
C:\gh\azure-sdk-for-net\sdk\mgmtcommon\Test\ClientRuntime.E2E.Tests\ScenarioTests\E2ETestBase.cs(540,38): error CS0246: The type or namespace name 'List<>' could not be found (are you missing a using directive or an assembly reference?)
C:\gh\azure-sdk-for-net\sdk\mgmtcommon\Test\ClientRuntime.E2E.Tests\ScenarioTests\E2ETestBase.cs(540,43): error CS0518: Predefined type 'System.String' is not defined or imported
C:\gh\azure-sdk-for-net\sdk\mgmtcommon\Test\ClientRuntime.E2E.Tests\ScenarioTests\E2ETestBase.cs(542,33): error CS0518: Predefined type 'System.String' is not defined or imported
C:\gh\azure-sdk-for-net\sdk\mgmtcommon\Test\ClientRuntime.E2E.Tests\ScenarioTests\E2ETestBase.cs(543,33): error CS0518: Predefined type 'System.String' is not defined or imported
C:\gh\azure-sdk-for-net\sdk\mgmtcommon\Test\ClientRuntime.E2E.Tests\ScenarioTests\E2ETestBase.cs(548,32): error CS0518: Predefined type 'System.Object' is not defined or imported
C:\gh\azure-sdk-for-net\sdk\mgmtcommon\Test\ClientRuntime.E2E.Tests\ScenarioTests\E2ETestBase.cs(548,32): error CS0246: The type or namespace name 'List<>' could not be found (are you missing a using directive or an assembly reference?)
C:\gh\azure-sdk-for-net\sdk\mgmtcommon\Test\ClientRuntime.E2E.Tests\ScenarioTests\E2ETestBase.cs(548,37): error CS0518: Predefined type 'System.Object' is not defined or imported
C:\gh\azure-sdk-for-net\sdk\mgmtcommon\Test\ClientRuntime.E2E.Tests\ScenarioTests\E2ETestBase.cs(548,37): error CS0246: The type or namespace name 'Subnet' could not be found (are you missing a using directive or an assembly reference?)
C:\gh\azure-sdk-for-net\sdk\mgmtcommon\Test\ClientRuntime.E2E.Tests\ScenarioTests\E2ETestBase.cs(549,18): error CS0518: Predefined type 'System.Int32' is not defined or imported
C:\gh\azure-sdk-for-net\sdk\mgmtcommon\Test\ClientRuntime.E2E.Tests\ScenarioTests\E2ETestBase.cs(549,26): error CS0518: Predefined type 'System.Int32' is not defined or imported
C:\gh\azure-sdk-for-net\sdk\mgmtcommon\Test\ClientRuntime.E2E.Tests\ScenarioTests\E2ETestBase.cs(549,29): error CS0518: Predefined type 'System.Boolean' is not defined or imported
C:\gh\azure-sdk-for-net\sdk\mgmtcommon\Test\ClientRuntime.E2E.Tests\ScenarioTests\E2ETestBase.cs(549,29): error CS0518: Predefined type 'System.Boolean' is not defined or imported
C:\gh\azure-sdk-for-net\sdk\mgmtcommon\Test\ClientRuntime.E2E.Tests\ScenarioTests\E2ETestBase.cs(551,17): error CS0518: Predefined type 'System.Object' is not defined or imported
C:\gh\azure-sdk-for-net\sdk\mgmtcommon\Test\ClientRuntime.E2E.Tests\ScenarioTests\E2ETestBase.cs(551,17): error CS0246: The type or namespace name 'Subnet' could not be found (are you missing a using directive or an assembly reference?)
C:\gh\azure-sdk-for-net\sdk\mgmtcommon\Test\ClientRuntime.E2E.Tests\ScenarioTests\E2ETestBase.cs(551,37): error CS0518: Predefined type 'System.Object' is not defined or imported
C:\gh\azure-sdk-for-net\sdk\mgmtcommon\Test\ClientRuntime.E2E.Tests\ScenarioTests\E2ETestBase.cs(551,37): error CS0246: The type or namespace name 'Subnet' could not be found (are you missing a using directive or an assembly reference?)
C:\gh\azure-sdk-for-net\sdk\mgmtcommon\Test\ClientRuntime.E2E.Tests\ScenarioTests\E2ETestBase.cs(553,28): error CS0518: Predefined type 'System.Object' is not defined or imported
C:\gh\azure-sdk-for-net\sdk\mgmtcommon\Test\ClientRuntime.E2E.Tests\ScenarioTests\E2ETestBase.cs(553,41): error CS0518: Predefined type 'System.String' is not defined or imported
C:\gh\azure-sdk-for-net\sdk\mgmtcommon\Test\ClientRuntime.E2E.Tests\ScenarioTests\E2ETestBase.cs(554,37): error CS0518: Predefined type 'System.String' is not defined or imported
C:\gh\azure-sdk-for-net\sdk\mgmtcommon\Test\ClientRuntime.E2E.Tests\ScenarioTests\E2ETestBase.cs(554,51): error CS0518: Predefined type 'System.String' is not defined or imported
C:\gh\azure-sdk-for-net\sdk\mgmtcommon\Test\ClientRuntime.E2E.Tests\ScenarioTests\E2ETestBase.cs(565,34): error CS0518: Predefined type 'System.Object' is not defined or imported
C:\gh\azure-sdk-for-net\sdk\mgmtcommon\Test\ClientRuntime.E2E.Tests\ScenarioTests\E2ETestBase.cs(565,47): error CS0518: Predefined type 'System.String' is not defined or imported
C:\gh\azure-sdk-for-net\sdk\mgmtcommon\Test\ClientRuntime.E2E.Tests\ScenarioTests\E2ETestBase.cs(566,37): error CS0518: Predefined type 'System.Object' is not defined or imported
C:\gh\azure-sdk-for-net\sdk\mgmtcommon\Test\ClientRuntime.E2E.Tests\ScenarioTests\E2ETestBase.cs(566,37): error CS0246: The type or namespace name 'NetworkSecurityGroup' could not be found (are you missing a using directive or an assembly reference?)
C:\gh\azure-sdk-for-net\sdk\mgmtcommon\Test\ClientRuntime.E2E.Tests\ScenarioTests\E2ETestBase.cs(580,23): error CS0518: Predefined type 'System.String' is not defined or imported
C:\gh\azure-sdk-for-net\sdk\mgmtcommon\Test\ClientRuntime.E2E.Tests\ScenarioTests\E2ETestBase.cs(581,13): error CS0518: Predefined type 'System.String' is not defined or imported
C:\gh\azure-sdk-for-net\sdk\mgmtcommon\Test\ClientRuntime.E2E.Tests\ScenarioTests\E2ETestBase.cs(581,35): error CS0518: Predefined type 'System.String' is not defined or imported
C:\gh\azure-sdk-for-net\sdk\mgmtcommon\Test\ClientRuntime.E2E.Tests\ScenarioTests\E2ETestBase.cs(582,13): error CS0518: Predefined type 'System.Object' is not defined or imported
C:\gh\azure-sdk-for-net\sdk\mgmtcommon\Test\ClientRuntime.E2E.Tests\ScenarioTests\E2ETestBase.cs(582,13): error CS0246: The type or namespace name 'NetworkInterface' could not be found (are you missing a using directive or an assembly reference?)
C:\gh\azure-sdk-for-net\sdk\mgmtcommon\Test\ClientRuntime.E2E.Tests\ScenarioTests\E2ETestBase.cs(589,16): error CS0518: Predefined type 'System.Boolean' is not defined or imported
C:\gh\azure-sdk-for-net\sdk\mgmtcommon\Test\ClientRuntime.E2E.Tests\ScenarioTests\E2ETestBase.cs(589,16): error CS0518: Predefined type 'System.Boolean' is not defined or imported
C:\gh\azure-sdk-for-net\sdk\mgmtcommon\Test\ClientRuntime.E2E.Tests\ScenarioTests\E2ETestBase.cs(591,41): error CS0518: Predefined type 'System.Object' is not defined or imported
C:\gh\azure-sdk-for-net\sdk\mgmtcommon\Test\ClientRuntime.E2E.Tests\ScenarioTests\E2ETestBase.cs(591,41): error CS0246: The type or namespace name 'NetworkInterface' could not be found (are you missing a using directive or an assembly reference?)
C:\gh\azure-sdk-for-net\sdk\mgmtcommon\Test\ClientRuntime.E2E.Tests\ScenarioTests\E2ETestBase.cs(594,32): error CS0518: Predefined type 'System.Object' is not defined or imported
C:\gh\azure-sdk-for-net\sdk\mgmtcommon\Test\ClientRuntime.E2E.Tests\ScenarioTests\E2ETestBase.cs(594,32): error CS0246: The type or namespace name 'Dictionary<,>' could not be found (are you missing a using directive or an assembly reference?)
C:\gh\azure-sdk-for-net\sdk\mgmtcommon\Test\ClientRuntime.E2E.Tests\ScenarioTests\E2ETestBase.cs(594,43): error CS0518: Predefined type 'System.String' is not defined or imported
C:\gh\azure-sdk-for-net\sdk\mgmtcommon\Test\ClientRuntime.E2E.Tests\ScenarioTests\E2ETestBase.cs(594,51): error CS0518: Predefined type 'System.String' is not defined or imported
C:\gh\azure-sdk-for-net\sdk\mgmtcommon\Test\ClientRuntime.E2E.Tests\ScenarioTests\E2ETestBase.cs(596,23): error CS0518: Predefined type 'System.String' is not defined or imported
C:\gh\azure-sdk-for-net\sdk\mgmtcommon\Test\ClientRuntime.E2E.Tests\ScenarioTests\E2ETestBase.cs(596,30): error CS0518: Predefined type 'System.String' is not defined or imported
C:\gh\azure-sdk-for-net\sdk\mgmtcommon\Test\ClientRuntime.E2E.Tests\ScenarioTests\E2ETestBase.cs(598,44): error CS0518: Predefined type 'System.Object' is not defined or imported
C:\gh\azure-sdk-for-net\sdk\mgmtcommon\Test\ClientRuntime.E2E.Tests\ScenarioTests\E2ETestBase.cs(598,44): error CS0246: The type or namespace name 'List<>' could not be found (are you missing a using directive or an assembly reference?)
C:\gh\azure-sdk-for-net\sdk\mgmtcommon\Test\ClientRuntime.E2E.Tests\ScenarioTests\E2ETestBase.cs(598,49): error CS0518: Predefined type 'System.Object' is not defined or imported
C:\gh\azure-sdk-for-net\sdk\mgmtcommon\Test\ClientRuntime.E2E.Tests\ScenarioTests\E2ETestBase.cs(598,49): error CS0246: The type or namespace name 'NetworkInterfaceIPConfiguration' could not be found (are you missing a using directive or an assembly reference?)
C:\gh\azure-sdk-for-net\sdk\mgmtcommon\Test\ClientRuntime.E2E.Tests\ScenarioTests\E2ETestBase.cs(600,25): error CS0518: Predefined type 'System.Object' is not defined or imported
C:\gh\azure-sdk-for-net\sdk\mgmtcommon\Test\ClientRuntime.E2E.Tests\ScenarioTests\E2ETestBase.cs(600,25): error CS0246: The type or namespace name 'NetworkInterfaceIPConfiguration' could not be found (are you missing a using directive or an assembly reference?)
C:\gh\azure-sdk-for-net\sdk\mgmtcommon\Test\ClientRuntime.E2E.Tests\ScenarioTests\E2ETestBase.cs(603,53): error CS0518: Predefined type 'System.Object' is not defined or imported
C:\gh\azure-sdk-for-net\sdk\mgmtcommon\Test\ClientRuntime.E2E.Tests\ScenarioTests\E2ETestBase.cs(603,53): error CS0103: The name 'IPAllocationMethod' does not exist in the current context
C:\gh\azure-sdk-for-net\sdk\mgmtcommon\Test\ClientRuntime.E2E.Tests\ScenarioTests\E2ETestBase.cs(610,21): error CS0518: Predefined type 'System.Boolean' is not defined or imported
C:\gh\azure-sdk-for-net\sdk\mgmtcommon\Test\ClientRuntime.E2E.Tests\ScenarioTests\E2ETestBase.cs(610,21): error CS0518: Predefined type 'System.Boolean' is not defined or imported
C:\gh\azure-sdk-for-net\sdk\mgmtcommon\Test\ClientRuntime.E2E.Tests\ScenarioTests\E2ETestBase.cs(612,52): error CS0518: Predefined type 'System.Int32' is not defined or imported
C:\gh\azure-sdk-for-net\sdk\mgmtcommon\Test\ClientRuntime.E2E.Tests\ScenarioTests\E2ETestBase.cs(612,77): error CS0518: Predefined type 'System.Object' is not defined or imported
C:\gh\azure-sdk-for-net\sdk\mgmtcommon\Test\ClientRuntime.E2E.Tests\ScenarioTests\E2ETestBase.cs(612,93): error CS0234: The type or namespace name 'Management' does not exist in the namespace 'Microsoft.Azure' (are you missing an assembly reference?)
C:\gh\azure-sdk-for-net\sdk\mgmtcommon\Test\ClientRuntime.E2E.Tests\ScenarioTests\E2ETestBase.cs(625,34): error CS0518: Predefined type 'System.Object' is not defined or imported
C:\gh\azure-sdk-for-net\sdk\mgmtcommon\Test\ClientRuntime.E2E.Tests\ScenarioTests\E2ETestBase.cs(625,47): error CS0518: Predefined type 'System.String' is not defined or imported
C:\gh\azure-sdk-for-net\sdk\mgmtcommon\Test\ClientRuntime.E2E.Tests\ScenarioTests\E2ETestBase.cs(627,13): error CS0518: Predefined type 'System.String' is not defined or imported
C:\gh\azure-sdk-for-net\sdk\mgmtcommon\Test\ClientRuntime.E2E.Tests\ScenarioTests\E2ETestBase.cs(627,35): error CS0518: Predefined type 'System.Object' is not defined or imported
C:\gh\azure-sdk-for-net\sdk\mgmtcommon\Test\ClientRuntime.E2E.Tests\ScenarioTests\E2ETestBase.cs(627,48): error CS0518: Predefined type 'System.String' is not defined or imported
C:\gh\azure-sdk-for-net\sdk\mgmtcommon\Test\ClientRuntime.E2E.Tests\ScenarioTests\E2ETestBase.cs(628,13): error CS0518: Predefined type 'System.String' is not defined or imported
C:\gh\azure-sdk-for-net\sdk\mgmtcommon\Test\ClientRuntime.E2E.Tests\ScenarioTests\E2ETestBase.cs(628,36): error CS0518: Predefined type 'System.Object' is not defined or imported
C:\gh\azure-sdk-for-net\sdk\mgmtcommon\Test\ClientRuntime.E2E.Tests\ScenarioTests\E2ETestBase.cs(628,49): error CS0518: Predefined type 'System.String' is not defined or imported
C:\gh\azure-sdk-for-net\sdk\mgmtcommon\Test\ClientRuntime.E2E.Tests\ScenarioTests\E2ETestBase.cs(630,37): error CS0518: Predefined type 'System.Object' is not defined or imported
C:\gh\azure-sdk-for-net\sdk\mgmtcommon\Test\ClientRuntime.E2E.Tests\ScenarioTests\E2ETestBase.cs(630,37): error CS0246: The type or namespace name 'NetworkInterface' could not be found (are you missing a using directive or an assembly reference?)
C:\gh\azure-sdk-for-net\sdk\mgmtcommon\Test\ClientRuntime.E2E.Tests\ScenarioTests\E2ETestBase.cs(633,28): error CS0518: Predefined type 'System.Object' is not defined or imported
C:\gh\azure-sdk-for-net\sdk\mgmtcommon\Test\ClientRuntime.E2E.Tests\ScenarioTests\E2ETestBase.cs(633,28): error CS0246: The type or namespace name 'Dictionary<,>' could not be found (are you missing a using directive or an assembly reference?)
C:\gh\azure-sdk-for-net\sdk\mgmtcommon\Test\ClientRuntime.E2E.Tests\ScenarioTests\E2ETestBase.cs(633,39): error CS0518: Predefined type 'System.String' is not defined or imported
C:\gh\azure-sdk-for-net\sdk\mgmtcommon\Test\ClientRuntime.E2E.Tests\ScenarioTests\E2ETestBase.cs(633,47): error CS0518: Predefined type 'System.String' is not defined or imported
C:\gh\azure-sdk-for-net\sdk\mgmtcommon\Test\ClientRuntime.E2E.Tests\ScenarioTests\E2ETestBase.cs(635,23): error CS0518: Predefined type 'System.String' is not defined or imported
C:\gh\azure-sdk-for-net\sdk\mgmtcommon\Test\ClientRuntime.E2E.Tests\ScenarioTests\E2ETestBase.cs(635,30): error CS0518: Predefined type 'System.String' is not defined or imported
C:\gh\azure-sdk-for-net\sdk\mgmtcommon\Test\ClientRuntime.E2E.Tests\ScenarioTests\E2ETestBase.cs(637,40): error CS0518: Predefined type 'System.Object' is not defined or imported
C:\gh\azure-sdk-for-net\sdk\mgmtcommon\Test\ClientRuntime.E2E.Tests\ScenarioTests\E2ETestBase.cs(637,40): error CS0246: The type or namespace name 'List<>' could not be found (are you missing a using directive or an assembly reference?)
C:\gh\azure-sdk-for-net\sdk\mgmtcommon\Test\ClientRuntime.E2E.Tests\ScenarioTests\E2ETestBase.cs(637,45): error CS0518: Predefined type 'System.Object' is not defined or imported
C:\gh\azure-sdk-for-net\sdk\mgmtcommon\Test\ClientRuntime.E2E.Tests\ScenarioTests\E2ETestBase.cs(637,45): error CS0246: The type or namespace name 'NetworkInterfaceIPConfiguration' could not be found (are you missing a using directive or an assembly reference?)
C:\gh\azure-sdk-for-net\sdk\mgmtcommon\Test\ClientRuntime.E2E.Tests\ScenarioTests\E2ETestBase.cs(639,25): error CS0518: Predefined type 'System.Object' is not defined or imported
C:\gh\azure-sdk-for-net\sdk\mgmtcommon\Test\ClientRuntime.E2E.Tests\ScenarioTests\E2ETestBase.cs(639,25): error CS0246: The type or namespace name 'NetworkInterfaceIPConfiguration' could not be found (are you missing a using directive or an assembly reference?)
C:\gh\azure-sdk-for-net\sdk\mgmtcommon\Test\ClientRuntime.E2E.Tests\ScenarioTests\E2ETestBase.cs(642,35): error CS0518: Predefined type 'System.Boolean' is not defined or imported
C:\gh\azure-sdk-for-net\sdk\mgmtcommon\Test\ClientRuntime.E2E.Tests\ScenarioTests\E2ETestBase.cs(643,53): error CS0518: Predefined type 'System.Object' is not defined or imported
C:\gh\azure-sdk-for-net\sdk\mgmtcommon\Test\ClientRuntime.E2E.Tests\ScenarioTests\E2ETestBase.cs(643,53): error CS0103: The name 'IPAllocationMethod' does not exist in the current context
C:\gh\azure-sdk-for-net\sdk\mgmtcommon\Test\ClientRuntime.E2E.Tests\ScenarioTests\E2ETestBase.cs(647,25): error CS0518: Predefined type 'System.Object' is not defined or imported
C:\gh\azure-sdk-for-net\sdk\mgmtcommon\Test\ClientRuntime.E2E.Tests\ScenarioTests\E2ETestBase.cs(647,25): error CS0246: The type or namespace name 'NetworkInterfaceIPConfiguration' could not be found (are you missing a using directive or an assembly reference?)
C:\gh\azure-sdk-for-net\sdk\mgmtcommon\Test\ClientRuntime.E2E.Tests\ScenarioTests\E2ETestBase.cs(650,35): error CS0518: Predefined type 'System.Boolean' is not defined or imported
C:\gh\azure-sdk-for-net\sdk\mgmtcommon\Test\ClientRuntime.E2E.Tests\ScenarioTests\E2ETestBase.cs(651,53): error CS0518: Predefined type 'System.Object' is not defined or imported
C:\gh\azure-sdk-for-net\sdk\mgmtcommon\Test\ClientRuntime.E2E.Tests\ScenarioTests\E2ETestBase.cs(651,53): error CS0103: The name 'IPAllocationMethod' does not exist in the current context
C:\gh\azure-sdk-for-net\sdk\mgmtcommon\Test\ClientRuntime.E2E.Tests\ScenarioTests\E2ETestBase.cs(665,13): error CS0518: Predefined type 'System.String' is not defined or imported
C:\gh\azure-sdk-for-net\sdk\mgmtcommon\Test\ClientRuntime.E2E.Tests\ScenarioTests\E2ETestBase.cs(665,36): error CS0518: Predefined type 'System.String' is not defined or imported
C:\gh\azure-sdk-for-net\sdk\mgmtcommon\Test\ClientRuntime.E2E.Tests\ScenarioTests\E2ETestBase.cs(666,32): error CS0518: Predefined type 'System.String' is not defined or imported
C:\gh\azure-sdk-for-net\sdk\mgmtcommon\Test\ClientRuntime.E2E.Tests\ScenarioTests\E2ETestBase.cs(666,66): error CS0518: Predefined type 'System.String' is not defined or imported
C:\gh\azure-sdk-for-net\sdk\mgmtcommon\Test\ClientRuntime.E2E.Tests\ScenarioTests\E2ETestBase.cs(667,41): error CS0518: Predefined type 'System.String' is not defined or imported
C:\gh\azure-sdk-for-net\sdk\mgmtcommon\Test\ClientRuntime.E2E.Tests\ScenarioTests\E2ETestBase.cs(667,55): error CS0518: Predefined type 'System.String' is not defined or imported
C:\gh\azure-sdk-for-net\sdk\mgmtcommon\Test\ClientRuntime.E2E.Tests\ScenarioTests\E2ETestBase.cs(667,67): error CS0518: Predefined type 'System.String' is not defined or imported
C:\gh\azure-sdk-for-net\sdk\mgmtcommon\Test\ClientRuntime.E2E.Tests\ScenarioTests\E2ETestBase.cs(668,43): error CS0518: Predefined type 'System.String' is not defined or imported
C:\gh\azure-sdk-for-net\sdk\mgmtcommon\Test\ClientRuntime.E2E.Tests\ScenarioTests\E2ETestBase.cs(668,57): error CS0518: Predefined type 'System.String' is not defined or imported
C:\gh\azure-sdk-for-net\sdk\mgmtcommon\Test\ClientRuntime.E2E.Tests\ScenarioTests\E2ETestBase.cs(668,71): error CS0518: Predefined type 'System.String' is not defined or imported
C:\gh\azure-sdk-for-net\sdk\mgmtcommon\Test\ClientRuntime.E2E.Tests\ScenarioTests\E2ETestBase.cs(670,26): error CS0518: Predefined type 'System.Object' is not defined or imported
C:\gh\azure-sdk-for-net\sdk\mgmtcommon\Test\ClientRuntime.E2E.Tests\ScenarioTests\E2ETestBase.cs(670,26): error CS0246: The type or namespace name 'VirtualMachine' could not be found (are you missing a using directive or an assembly reference?)
C:\gh\azure-sdk-for-net\sdk\mgmtcommon\Test\ClientRuntime.E2E.Tests\ScenarioTests\E2ETestBase.cs(673,28): error CS0518: Predefined type 'System.Object' is not defined or imported
C:\gh\azure-sdk-for-net\sdk\mgmtcommon\Test\ClientRuntime.E2E.Tests\ScenarioTests\E2ETestBase.cs(673,28): error CS0246: The type or namespace name 'Dictionary<,>' could not be found (are you missing a using directive or an assembly reference?)
C:\gh\azure-sdk-for-net\sdk\mgmtcommon\Test\ClientRuntime.E2E.Tests\ScenarioTests\E2ETestBase.cs(673,39): error CS0518: Predefined type 'System.String' is not defined or imported
C:\gh\azure-sdk-for-net\sdk\mgmtcommon\Test\ClientRuntime.E2E.Tests\ScenarioTests\E2ETestBase.cs(673,47): error CS0518: Predefined type 'System.String' is not defined or imported
C:\gh\azure-sdk-for-net\sdk\mgmtcommon\Test\ClientRuntime.E2E.Tests\ScenarioTests\E2ETestBase.cs(673,61): error CS0518: Predefined type 'System.String' is not defined or imported
C:\gh\azure-sdk-for-net\sdk\mgmtcommon\Test\ClientRuntime.E2E.Tests\ScenarioTests\E2ETestBase.cs(673,67): error CS0518: Predefined type 'System.String' is not defined or imported
C:\gh\azure-sdk-for-net\sdk\mgmtcommon\Test\ClientRuntime.E2E.Tests\ScenarioTests\E2ETestBase.cs(673,77): error CS0518: Predefined type 'System.String' is not defined or imported
C:\gh\azure-sdk-for-net\sdk\mgmtcommon\Test\ClientRuntime.E2E.Tests\ScenarioTests\E2ETestBase.cs(673,88): error CS0518: Predefined type 'System.String' is not defined or imported
C:\gh\azure-sdk-for-net\sdk\mgmtcommon\Test\ClientRuntime.E2E.Tests\ScenarioTests\E2ETestBase.cs(674,39): error CS0518: Predefined type 'System.Object' is not defined or imported
C:\gh\azure-sdk-for-net\sdk\mgmtcommon\Test\ClientRuntime.E2E.Tests\ScenarioTests\E2ETestBase.cs(674,55): error CS0234: The type or namespace name 'Management' does not exist in the namespace 'Microsoft.Azure' (are you missing an assembly reference?)
C:\gh\azure-sdk-for-net\sdk\mgmtcommon\Test\ClientRuntime.E2E.Tests\ScenarioTests\E2ETestBase.cs(675,39): error CS0518: Predefined type 'System.Object' is not defined or imported
C:\gh\azure-sdk-for-net\sdk\mgmtcommon\Test\ClientRuntime.E2E.Tests\ScenarioTests\E2ETestBase.cs(675,39): error CS0246: The type or namespace name 'HardwareProfile' could not be found (are you missing a using directive or an assembly reference?)
C:\gh\azure-sdk-for-net\sdk\mgmtcommon\Test\ClientRuntime.E2E.Tests\ScenarioTests\E2ETestBase.cs(677,30): error CS0518: Predefined type 'System.Object' is not defined or imported
C:\gh\azure-sdk-for-net\sdk\mgmtcommon\Test\ClientRuntime.E2E.Tests\ScenarioTests\E2ETestBase.cs(677,30): error CS0103: The name 'VirtualMachineSizeTypes' does not exist in the current context
C:\gh\azure-sdk-for-net\sdk\mgmtcommon\Test\ClientRuntime.E2E.Tests\ScenarioTests\E2ETestBase.cs(679,38): error CS0518: Predefined type 'System.Object' is not defined or imported
C:\gh\azure-sdk-for-net\sdk\mgmtcommon\Test\ClientRuntime.E2E.Tests\ScenarioTests\E2ETestBase.cs(679,38): error CS0246: The type or namespace name 'StorageProfile' could not be found (are you missing a using directive or an assembly reference?)
C:\gh\azure-sdk-for-net\sdk\mgmtcommon\Test\ClientRuntime.E2E.Tests\ScenarioTests\E2ETestBase.cs(682,34): error CS0518: Predefined type 'System.Object' is not defined or imported
C:\gh\azure-sdk-for-net\sdk\mgmtcommon\Test\ClientRuntime.E2E.Tests\ScenarioTests\E2ETestBase.cs(682,34): error CS0246: The type or namespace name 'OSDisk' could not be found (are you missing a using directive or an assembly reference?)
C:\gh\azure-sdk-for-net\sdk\mgmtcommon\Test\ClientRuntime.E2E.Tests\ScenarioTests\E2ETestBase.cs(684,35): error CS0518: Predefined type 'System.Object' is not defined or imported
C:\gh\azure-sdk-for-net\sdk\mgmtcommon\Test\ClientRuntime.E2E.Tests\ScenarioTests\E2ETestBase.cs(684,35): error CS0103: The name 'CachingTypes' does not exist in the current context
C:\gh\azure-sdk-for-net\sdk\mgmtcommon\Test\ClientRuntime.E2E.Tests\ScenarioTests\E2ETestBase.cs(685,40): error CS0518: Predefined type 'System.Object' is not defined or imported
C:\gh\azure-sdk-for-net\sdk\mgmtcommon\Test\ClientRuntime.E2E.Tests\ScenarioTests\E2ETestBase.cs(685,40): error CS0103: The name 'DiskCreateOptionTypes' does not exist in the current context
C:\gh\azure-sdk-for-net\sdk\mgmtcommon\Test\ClientRuntime.E2E.Tests\ScenarioTests\E2ETestBase.cs(686,32): error CS0518: Predefined type 'System.String' is not defined or imported
C:\gh\azure-sdk-for-net\sdk\mgmtcommon\Test\ClientRuntime.E2E.Tests\ScenarioTests\E2ETestBase.cs(687,31): error CS0518: Predefined type 'System.Boolean' is not defined or imported
C:\gh\azure-sdk-for-net\sdk\mgmtcommon\Test\ClientRuntime.E2E.Tests\ScenarioTests\E2ETestBase.cs(687,60): error CS0518: Predefined type 'System.Object' is not defined or imported
C:\gh\azure-sdk-for-net\sdk\mgmtcommon\Test\ClientRuntime.E2E.Tests\ScenarioTests\E2ETestBase.cs(687,60): error CS0246: The type or namespace name 'VirtualHardDisk' could not be found (are you missing a using directive or an assembly reference?)
C:\gh\azure-sdk-for-net\sdk\mgmtcommon\Test\ClientRuntime.E2E.Tests\ScenarioTests\E2ETestBase.cs(693,38): error CS0518: Predefined type 'System.Object' is not defined or imported
C:\gh\azure-sdk-for-net\sdk\mgmtcommon\Test\ClientRuntime.E2E.Tests\ScenarioTests\E2ETestBase.cs(693,38): error CS0246: The type or namespace name 'NetworkProfile' could not be found (are you missing a using directive or an assembly reference?)
C:\gh\azure-sdk-for-net\sdk\mgmtcommon\Test\ClientRuntime.E2E.Tests\ScenarioTests\E2ETestBase.cs(695,45): error CS0518: Predefined type 'System.Object' is not defined or imported
C:\gh\azure-sdk-for-net\sdk\mgmtcommon\Test\ClientRuntime.E2E.Tests\ScenarioTests\E2ETestBase.cs(695,45): error CS0246: The type or namespace name 'List<>' could not be found (are you missing a using directive or an assembly reference?)
C:\gh\azure-sdk-for-net\sdk\mgmtcommon\Test\ClientRuntime.E2E.Tests\ScenarioTests\E2ETestBase.cs(695,50): error CS0518: Predefined type 'System.Object' is not defined or imported
C:\gh\azure-sdk-for-net\sdk\mgmtcommon\Test\ClientRuntime.E2E.Tests\ScenarioTests\E2ETestBase.cs(695,50): error CS0246: The type or namespace name 'NetworkInterfaceReference' could not be found (are you missing a using directive or an assembly reference?)
C:\gh\azure-sdk-for-net\sdk\mgmtcommon\Test\ClientRuntime.E2E.Tests\ScenarioTests\E2ETestBase.cs(697,33): error CS0518: Predefined type 'System.Object' is not defined or imported
C:\gh\azure-sdk-for-net\sdk\mgmtcommon\Test\ClientRuntime.E2E.Tests\ScenarioTests\E2ETestBase.cs(697,33): error CS0246: The type or namespace name 'NetworkInterfaceReference' could not be found (are you missing a using directive or an assembly reference?)
C:\gh\azure-sdk-for-net\sdk\mgmtcommon\Test\ClientRuntime.E2E.Tests\ScenarioTests\E2ETestBase.cs(703,33): error CS0518: Predefined type 'System.Object' is not defined or imported
C:\gh\azure-sdk-for-net\sdk\mgmtcommon\Test\ClientRuntime.E2E.Tests\ScenarioTests\E2ETestBase.cs(703,33): error CS0246: The type or namespace name 'OSProfile' could not be found (are you missing a using directive or an assembly reference?)
C:\gh\azure-sdk-for-net\sdk\mgmtcommon\Test\ClientRuntime.E2E.Tests\ScenarioTests\E2ETestBase.cs(705,37): error CS0518: Predefined type 'System.String' is not defined or imported
C:\gh\azure-sdk-for-net\sdk\mgmtcommon\Test\ClientRuntime.E2E.Tests\ScenarioTests\E2ETestBase.cs(706,37): error CS0518: Predefined type 'System.String' is not defined or imported
C:\gh\azure-sdk-for-net\sdk\mgmtcommon\Test\ClientRuntime.E2E.Tests\ScenarioTests\E2ETestBase.cs(707,36): error CS0518: Predefined type 'System.String' is not defined or imported
C:\gh\azure-sdk-for-net\sdk\mgmtcommon\Test\ClientRuntime.E2E.Tests\ScenarioTests\E2ETestBase.cs(711,20): error CS0518: Predefined type 'System.Object' is not defined or imported
C:\gh\azure-sdk-for-net\sdk\mgmtcommon\Test\ClientRuntime.E2E.Tests\ScenarioTests\E2ETestBase.cs(711,36): error CS0234: The type or namespace name 'Management' does not exist in the namespace 'Microsoft.Azure' (are you missing an assembly reference?)
C:\gh\azure-sdk-for-net\sdk\mgmtcommon\Test\ClientRuntime.E2E.Tests\ScenarioTests\E2ETestBase.cs(711,13): error CS0518: Predefined type 'System.Type' is not defined or imported
C:\gh\azure-sdk-for-net\sdk\mgmtcommon\Test\ClientRuntime.E2E.Tests\ScenarioTests\E2ETestBase.cs(711,91): error CS0518: Predefined type 'System.String' is not defined or imported
C:\gh\azure-sdk-for-net\sdk\mgmtcommon\Test\ClientRuntime.E2E.Tests\ScenarioTests\E2ETestBase.cs(712,20): error CS0518: Predefined type 'System.Object' is not defined or imported
C:\gh\azure-sdk-for-net\sdk\mgmtcommon\Test\ClientRuntime.E2E.Tests\ScenarioTests\E2ETestBase.cs(712,36): error CS0234: The type or namespace name 'Management' does not exist in the namespace 'Microsoft.Azure' (are you missing an assembly reference?)
C:\gh\azure-sdk-for-net\sdk\mgmtcommon\Test\ClientRuntime.E2E.Tests\ScenarioTests\E2ETestBase.cs(712,13): error CS0518: Predefined type 'System.Type' is not defined or imported
C:\gh\azure-sdk-for-net\sdk\mgmtcommon\Test\ClientRuntime.E2E.Tests\ScenarioTests\E2ETestBase.cs(712,91): error CS0518: Predefined type 'System.String' is not defined or imported
C:\gh\azure-sdk-for-net\sdk\mgmtcommon\Test\ClientRuntime.E2E.Tests\ScenarioTests\E2ETestBase.cs(712,112): error CS0518: Predefined type 'System.Object' is not defined or imported
C:\gh\azure-sdk-for-net\sdk\mgmtcommon\Test\ClientRuntime.E2E.Tests\ScenarioTests\E2ETestBase.cs(712,125): error CS0518: Predefined type 'System.String' is not defined or imported
C:\gh\azure-sdk-for-net\sdk\mgmtcommon\Test\ClientRuntime.E2E.Tests\ScenarioTests\E2ETestBase.cs(718,20): error CS0518: Predefined type 'System.Object' is not defined or imported
C:\gh\azure-sdk-for-net\sdk\mgmtcommon\Test\ClientRuntime.E2E.Tests\ScenarioTests\E2ETestBase.cs(718,65): error CS0518: Predefined type 'System.Object' is not defined or imported
C:\gh\azure-sdk-for-net\sdk\mgmtcommon\Test\ClientRuntime.E2E.Tests\ScenarioTests\E2ETestBase.cs(723,20): error CS0518: Predefined type 'System.Object' is not defined or imported
C:\gh\azure-sdk-for-net\sdk\mgmtcommon\Test\ClientRuntime.E2E.Tests\ScenarioTests\E2ETestBase.cs(723,65): error CS0518: Predefined type 'System.Object' is not defined or imported
C:\gh\azure-sdk-for-net\sdk\mgmtcommon\Test\ClientRuntime.E2E.Tests\ScenarioTests\E2ETestBase.cs(728,20): error CS0518: Predefined type 'System.String' is not defined or imported
C:\gh\azure-sdk-for-net\sdk\mgmtcommon\Test\ClientRuntime.E2E.Tests\ScenarioTests\E2ETestBase.cs(728,34): error CS0518: Predefined type 'System.String' is not defined or imported
C:\gh\azure-sdk-for-net\sdk\mgmtcommon\Test\ClientRuntime.E2E.Tests\ScenarioTests\E2ETestBase.cs(729,17): error CS0518: Predefined type 'System.Object' is not defined or imported
C:\gh\azure-sdk-for-net\sdk\mgmtcommon\Test\ClientRuntime.E2E.Tests\ScenarioTests\E2ETestBase.cs(729,52): error CS0518: Predefined type 'System.Object' is not defined or imported
C:\gh\azure-sdk-for-net\sdk\mgmtcommon\Test\ClientRuntime.E2E.Tests\ScenarioTests\E2ETestBase.cs(730,17): error CS0518: Predefined type 'System.Object' is not defined or imported
C:\gh\azure-sdk-for-net\sdk\mgmtcommon\Test\ClientRuntime.E2E.Tests\ScenarioTests\E2ETestBase.cs(730,41): error CS0518: Predefined type 'System.Object' is not defined or imported
C:\gh\azure-sdk-for-net\artifacts\obj\ClientRuntime.E2E.Tests\Debug\netcoreapp2.0\.NETCoreApp,Version=v2.0.AssemblyAttributes.cs(3,1): hidden CS8019: Unnecessary using directive.
C:\gh\azure-sdk-for-net\sdk\mgmtcommon\Test\ClientRuntime.E2E.Tests\TestAssets\RecordedDelegatingHandler.cs(6,5): hidden CS8019: Unnecessary using directive.
C:\gh\azure-sdk-for-net\sdk\mgmtcommon\Test\ClientRuntime.E2E.Tests\ScenarioTests\E2ETestBase.cs(20,5): hidden CS8019: Unnecessary using directive.
C:\gh\azure-sdk-for-net\sdk\mgmtcommon\Test\ClientRuntime.E2E.Tests\ScenarioTests\E2ETestBase.cs(6,5): hidden CS8019: Unnecessary using directive.
C:\gh\azure-sdk-for-net\sdk\mgmtcommon\Test\ClientRuntime.E2E.Tests\ScenarioTests\E2ETestBase.cs(8,5): hidden CS8019: Unnecessary using directive.
C:\gh\azure-sdk-for-net\sdk\mgmtcommon\Test\ClientRuntime.E2E.Tests\ScenarioTests\VMTests.cs(15,5): hidden CS8019: Unnecessary using directive.
C:\gh\azure-sdk-for-net\sdk\mgmtcommon\Test\ClientRuntime.E2E.Tests\ScenarioTests\VMTests.cs(6,5): hidden CS8019: Unnecessary using directive.
C:\gh\azure-sdk-for-net\sdk\mgmtcommon\Test\ClientRuntime.E2E.Tests\ScenarioTests\VMTests.cs(17,5): hidden CS8019: Unnecessary using directive.
C:\gh\azure-sdk-for-net\sdk\mgmtcommon\Test\ClientRuntime.E2E.Tests\ScenarioTests\VMTests.cs(8,5): hidden CS8019: Unnecessary using directive.
C:\gh\azure-sdk-for-net\sdk\mgmtcommon\Test\ClientRuntime.E2E.Tests\ScenarioTests\VMTests.cs(9,5): hidden CS8019: Unnecessary using directive.
C:\gh\azure-sdk-for-net\sdk\mgmtcommon\Test\ClientRuntime.E2E.Tests\ScenarioTests\E2ETestBase.cs(21,5): hidden CS8019: Unnecessary using directive.
C:\gh\azure-sdk-for-net\sdk\mgmtcommon\Test\ClientRuntime.E2E.Tests\TestAssets\RecordedDelegatingHandler.cs(8,5): hidden CS8019: Unnecessary using directive.
C:\gh\azure-sdk-for-net\sdk\mgmtcommon\Test\ClientRuntime.E2E.Tests\ScenarioTests\VMTests.cs(13,5): hidden CS8019: Unnecessary using directive.
C:\gh\azure-sdk-for-net\artifacts\obj\ClientRuntime.E2E.Tests\Debug\netcoreapp2.0\ClientRuntime.E2E.Tests.AssemblyInfo.cs(11,1): hidden CS8019: Unnecessary using directive.
C:\gh\azure-sdk-for-net\sdk\mgmtcommon\Test\ClientRuntime.E2E.Tests\ScenarioTests\E2ETestBase.cs(9,5): hidden CS8019: Unnecessary using directive.
C:\gh\azure-sdk-for-net\sdk\mgmtcommon\Test\ClientRuntime.E2E.Tests\TestAssets\ExtendingTypes.cs(7,5): hidden CS8019: Unnecessary using directive.
C:\gh\azure-sdk-for-net\sdk\mgmtcommon\Test\ClientRuntime.E2E.Tests\Properties\AssemblyInfo.cs(2,1): hidden CS8019: Unnecessary using directive.
C:\gh\azure-sdk-for-net\sdk\mgmtcommon\Test\ClientRuntime.E2E.Tests\ScenarioTests\E2ETestBase.cs(12,5): hidden CS8019: Unnecessary using directive.
C:\gh\azure-sdk-for-net\eng\mgmt\DisableTestRunParallel.cs(5,1): hidden CS8019: Unnecessary using directive.
C:\gh\azure-sdk-for-net\sdk\mgmtcommon\Test\ClientRuntime.E2E.Tests\TestAssets\RecordedDelegatingHandler.cs(10,5): hidden CS8019: Unnecessary using directive.
C:\gh\azure-sdk-for-net\eng\mgmt\DisableTestRunParallel.cs(4,1): hidden CS8019: Unnecessary using directive.
C:\gh\azure-sdk-for-net\sdk\mgmtcommon\Test\ClientRuntime.E2E.Tests\ScenarioTests\VMTests.cs(10,5): hidden CS8019: Unnecessary using directive.
C:\gh\azure-sdk-for-net\sdk\mgmtcommon\Test\ClientRuntime.E2E.Tests\ScenarioTests\VMTests.cs(16,5): hidden CS8019: Unnecessary using directive.
C:\gh\azure-sdk-for-net\sdk\mgmtcommon\Test\ClientRuntime.E2E.Tests\ScenarioTests\E2ETestBase.cs(22,5): hidden CS8019: Unnecessary using directive.
C:\gh\azure-sdk-for-net\sdk\mgmtcommon\Test\ClientRuntime.E2E.Tests\ScenarioTests\E2ETestBase.cs(7,5): hidden CS8019: Unnecessary using directive.
C:\gh\azure-sdk-for-net\sdk\mgmtcommon\Test\ClientRuntime.E2E.Tests\ScenarioTests\E2ETestBase.cs(13,5): hidden CS8019: Unnecessary using directive.
C:\gh\azure-sdk-for-net\sdk\mgmtcommon\Test\ClientRuntime.E2E.Tests\ScenarioTests\VMTests.cs(14,5): hidden CS8019: Unnecessary using directive.
C:\gh\azure-sdk-for-net\sdk\mgmtcommon\Test\ClientRuntime.E2E.Tests\ScenarioTests\VMTests.cs(7,5): hidden CS8019: Unnecessary using directive.
C:\gh\azure-sdk-for-net\sdk\mgmtcommon\Test\ClientRuntime.E2E.Tests\ScenarioTests\E2ETestBase.cs(18,5): hidden CS8019: Unnecessary using directive.
C:\gh\azure-sdk-for-net\sdk\mgmtcommon\Test\ClientRuntime.E2E.Tests\Properties\AssemblyInfo.cs(1,1): hidden CS8019: Unnecessary using directive.
C:\gh\azure-sdk-for-net\sdk\mgmtcommon\Test\ClientRuntime.E2E.Tests\Properties\AssemblyInfo.cs(3,1): hidden CS8019: Unnecessary using directive.
C:\gh\azure-sdk-for-net\artifacts\obj\ClientRuntime.E2E.Tests\Debug\netcoreapp2.0\ClientRuntime.E2E.Tests.AssemblyInfo.cs(12,1): hidden CS8019: Unnecessary using directive.
C:\gh\azure-sdk-for-net\sdk\mgmtcommon\Test\ClientRuntime.E2E.Tests\ScenarioTests\E2ETestBase.cs(17,5): hidden CS8019: Unnecessary using directive.
C:\gh\azure-sdk-for-net\sdk\mgmtcommon\Test\ClientRuntime.E2E.Tests\TestAssets\RecordedDelegatingHandler.cs(9,5): hidden CS8019: Unnecessary using directive.
C:\gh\azure-sdk-for-net\sdk\mgmtcommon\Test\ClientRuntime.E2E.Tests\ScenarioTests\E2ETestBase.cs(19,5): hidden CS8019: Unnecessary using directive.
C:\gh\azure-sdk-for-net\sdk\mgmtcommon\Test\ClientRuntime.E2E.Tests\TestAssets\ExtendingTypes.cs(6,5): hidden CS8019: Unnecessary using directive.
C:\gh\azure-sdk-for-net\sdk\mgmtcommon\Test\ClientRuntime.E2E.Tests\ScenarioTests\E2ETestBase.cs(10,5): hidden CS8019: Unnecessary using directive.
C:\gh\azure-sdk-for-net\sdk\mgmtcommon\Test\ClientRuntime.E2E.Tests\TestAssets\RecordedDelegatingHandler.cs(7,5): hidden CS8019: Unnecessary using directive.
C:\gh\azure-sdk-for-net\sdk\mgmtcommon\Test\ClientRuntime.E2E.Tests\ScenarioTests\E2ETestBase.cs(11,5): hidden CS8019: Unnecessary using directive.
C:\gh\azure-sdk-for-net\artifacts\obj\ClientRuntime.E2E.Tests\Debug\netcoreapp2.0\.NETCoreApp,Version=v2.0.AssemblyAttributes.cs(2,1): hidden CS8019: Unnecessary using directive.
C:\gh\azure-sdk-for-net\sdk\mgmtcommon\Test\ClientRuntime.E2E.Tests\ScenarioTests\E2ETestBase.cs(23,5): hidden CS8019: Unnecessary using directive.
