error CS1705: Assembly 'Azure.Core.TestFramework' with identity 'Azure.Core.TestFramework, Version=1.0.0.0, Culture=neutral, PublicKeyToken=6a281e58f0dfecb7' uses 'Azure.Core, Version=1.15.0.0, Culture=neutral, PublicKeyToken=92742159e12e44c8' which has a higher version than referenced assembly 'Azure.Core' with identity 'Azure.Core, Version=1.14.0.0, Culture=neutral, PublicKeyToken=92742159e12e44c8'
error CS1705: Assembly 'Azure.Core.TestFramework' with identity 'Azure.Core.TestFramework, Version=1.0.0.0, Culture=neutral, PublicKeyToken=6a281e58f0dfecb7' uses 'Azure.Core, Version=1.15.0.0, Culture=neutral, PublicKeyToken=92742159e12e44c8' which has a higher version than referenced assembly 'Azure.Core' with identity 'Azure.Core, Version=1.14.0.0, Culture=neutral, PublicKeyToken=92742159e12e44c8'
error CS1705: Assembly 'Azure.Core.TestFramework' with identity 'Azure.Core.TestFramework, Version=1.0.0.0, Culture=neutral, PublicKeyToken=6a281e58f0dfecb7' uses 'Azure.Core, Version=1.15.0.0, Culture=neutral, PublicKeyToken=92742159e12e44c8' which has a higher version than referenced assembly 'Azure.Core' with identity 'Azure.Core, Version=1.14.0.0, Culture=neutral, PublicKeyToken=92742159e12e44c8'
C:\gh\azure-sdk-for-net\sdk\containerregistry\Azure.Containers.ContainerRegistry\tests\Authentication\ContainerRegistryChallengeAuthenticationPolicyTest.cs(26,13): error CS1705: Assembly 'Azure.Core.TestFramework' with identity 'Azure.Core.TestFramework, Version=1.0.0.0, Culture=neutral, PublicKeyToken=6a281e58f0dfecb7' uses 'Azure.Core, Version=1.15.0.0, Culture=neutral, PublicKeyToken=92742159e12e44c8' which has a higher version than referenced assembly 'Azure.Core' with identity 'Azure.Core, Version=1.14.0.0, Culture=neutral, PublicKeyToken=92742159e12e44c8'
C:\gh\azure-sdk-for-net\sdk\containerregistry\Azure.Containers.ContainerRegistry\tests\Samples\Sample04_AnonymousListTags.cs(32,58): error CS1061: 'RegistryArtifact' does not contain a definition for 'GetTagPropertiesCollection' and no accessible extension method 'GetTagPropertiesCollection' accepting a first argument of type 'RegistryArtifact' could be found (are you missing a using directive or an assembly reference?)
C:\gh\azure-sdk-for-net\sdk\containerregistry\Azure.Containers.ContainerRegistry\tests\Samples\Sample04_AnonymousListTags.cs(35,40): error CS1061: 'RegistryArtifact' does not contain a definition for 'FullyQualifiedReference' and no accessible extension method 'FullyQualifiedReference' accepting a first argument of type 'RegistryArtifact' could be found (are you missing a using directive or an assembly reference?)
C:\gh\azure-sdk-for-net\sdk\containerregistry\Azure.Containers.ContainerRegistry\tests\Samples\Sample04_AnonymousListTags.cs(38,48): error CS1061: 'RegistryArtifact' does not contain a definition for 'RegistryEndpoint' and no accessible extension method 'RegistryEndpoint' accepting a first argument of type 'RegistryArtifact' could be found (are you missing a using directive or an assembly reference?)
C:\gh\azure-sdk-for-net\sdk\containerregistry\Azure.Containers.ContainerRegistry\tests\ContainerRepositoryLiveTests.cs(29,13): error CS0246: The type or namespace name 'ContainerRepositoryProperties' could not be found (are you missing a using directive or an assembly reference?)
error CS1705: Assembly 'Azure.Core.TestFramework' with identity 'Azure.Core.TestFramework, Version=1.0.0.0, Culture=neutral, PublicKeyToken=6a281e58f0dfecb7' uses 'Azure.Core, Version=1.15.0.0, Culture=neutral, PublicKeyToken=92742159e12e44c8' which has a higher version than referenced assembly 'Azure.Core' with identity 'Azure.Core, Version=1.14.0.0, Culture=neutral, PublicKeyToken=92742159e12e44c8'
error CS1705: Assembly 'Azure.Core.TestFramework' with identity 'Azure.Core.TestFramework, Version=1.0.0.0, Culture=neutral, PublicKeyToken=6a281e58f0dfecb7' uses 'Azure.Core, Version=1.15.0.0, Culture=neutral, PublicKeyToken=92742159e12e44c8' which has a higher version than referenced assembly 'Azure.Core' with identity 'Azure.Core, Version=1.14.0.0, Culture=neutral, PublicKeyToken=92742159e12e44c8'
error CS1705: Assembly 'Azure.Core.TestFramework' with identity 'Azure.Core.TestFramework, Version=1.0.0.0, Culture=neutral, PublicKeyToken=6a281e58f0dfecb7' uses 'Azure.Core, Version=1.15.0.0, Culture=neutral, PublicKeyToken=92742159e12e44c8' which has a higher version than referenced assembly 'Azure.Core' with identity 'Azure.Core, Version=1.14.0.0, Culture=neutral, PublicKeyToken=92742159e12e44c8'
error CS1705: Assembly 'Azure.Core.TestFramework' with identity 'Azure.Core.TestFramework, Version=1.0.0.0, Culture=neutral, PublicKeyToken=6a281e58f0dfecb7' uses 'Azure.Core, Version=1.15.0.0, Culture=neutral, PublicKeyToken=92742159e12e44c8' which has a higher version than referenced assembly 'Azure.Core' with identity 'Azure.Core, Version=1.14.0.0, Culture=neutral, PublicKeyToken=92742159e12e44c8'
C:\gh\azure-sdk-for-net\sdk\containerregistry\Azure.Containers.ContainerRegistry\tests\Authentication\ContainerRegistryChallengeAuthenticationPolicyTest.cs(54,39): error CS1705: Assembly 'Azure.Core.TestFramework' with identity 'Azure.Core.TestFramework, Version=1.0.0.0, Culture=neutral, PublicKeyToken=6a281e58f0dfecb7' uses 'Azure.Core, Version=1.15.0.0, Culture=neutral, PublicKeyToken=92742159e12e44c8' which has a higher version than referenced assembly 'Azure.Core' with identity 'Azure.Core, Version=1.14.0.0, Culture=neutral, PublicKeyToken=92742159e12e44c8'
C:\gh\azure-sdk-for-net\sdk\containerregistry\Azure.Containers.ContainerRegistry\tests\Authentication\ContainerRegistryChallengeAuthenticationPolicyTest.cs(56,19): error CS1705: Assembly 'Azure.Core.TestFramework' with identity 'Azure.Core.TestFramework, Version=1.0.0.0, Culture=neutral, PublicKeyToken=6a281e58f0dfecb7' uses 'Azure.Core, Version=1.15.0.0, Culture=neutral, PublicKeyToken=92742159e12e44c8' which has a higher version than referenced assembly 'Azure.Core' with identity 'Azure.Core, Version=1.14.0.0, Culture=neutral, PublicKeyToken=92742159e12e44c8'
error CS1705: Assembly 'Azure.Core.TestFramework' with identity 'Azure.Core.TestFramework, Version=1.0.0.0, Culture=neutral, PublicKeyToken=6a281e58f0dfecb7' uses 'Azure.Core, Version=1.15.0.0, Culture=neutral, PublicKeyToken=92742159e12e44c8' which has a higher version than referenced assembly 'Azure.Core' with identity 'Azure.Core, Version=1.14.0.0, Culture=neutral, PublicKeyToken=92742159e12e44c8'
error CS1705: Assembly 'Azure.Core.TestFramework' with identity 'Azure.Core.TestFramework, Version=1.0.0.0, Culture=neutral, PublicKeyToken=6a281e58f0dfecb7' uses 'Azure.Core, Version=1.15.0.0, Culture=neutral, PublicKeyToken=92742159e12e44c8' which has a higher version than referenced assembly 'Azure.Core' with identity 'Azure.Core, Version=1.14.0.0, Culture=neutral, PublicKeyToken=92742159e12e44c8'
C:\gh\azure-sdk-for-net\sdk\containerregistry\Azure.Containers.ContainerRegistry\tests\ContainerRepositoryLiveTests.cs(42,13): error CS0246: The type or namespace name 'ContainerRepositoryProperties' could not be found (are you missing a using directive or an assembly reference?)
C:\gh\azure-sdk-for-net\sdk\containerregistry\Azure.Containers.ContainerRegistry\tests\ContainerRepositoryLiveTests.cs(43,13): error CS0246: The type or namespace name 'ContainerRepositoryProperties' could not be found (are you missing a using directive or an assembly reference?)
C:\gh\azure-sdk-for-net\sdk\containerregistry\Azure.Containers.ContainerRegistry\tests\ContainerRepositoryLiveTests.cs(46,13): error CS0246: The type or namespace name 'ContainerRepositoryProperties' could not be found (are you missing a using directive or an assembly reference?)
C:\gh\azure-sdk-for-net\sdk\containerregistry\Azure.Containers.ContainerRegistry\tests\ContainerRepositoryLiveTests.cs(47,21): error CS0246: The type or namespace name 'ContainerRepositoryProperties' could not be found (are you missing a using directive or an assembly reference?)
C:\gh\azure-sdk-for-net\sdk\containerregistry\Azure.Containers.ContainerRegistry\tests\ContainerRepositoryLiveTests.cs(46,73): error CS1061: 'ContainerRepository' does not contain a definition for 'UpdatePropertiesAsync' and no accessible extension method 'UpdatePropertiesAsync' accepting a first argument of type 'ContainerRepository' could be found (are you missing a using directive or an assembly reference?)
C:\gh\azure-sdk-for-net\sdk\containerregistry\Azure.Containers.ContainerRegistry\tests\ContainerRepositoryLiveTests.cs(61,13): error CS0246: The type or namespace name 'ContainerRepositoryProperties' could not be found (are you missing a using directive or an assembly reference?)
C:\gh\azure-sdk-for-net\sdk\containerregistry\Azure.Containers.ContainerRegistry\tests\ContainerRepositoryLiveTests.cs(69,30): error CS1061: 'ContainerRepository' does not contain a definition for 'UpdatePropertiesAsync' and no accessible extension method 'UpdatePropertiesAsync' accepting a first argument of type 'ContainerRepository' could be found (are you missing a using directive or an assembly reference?)
C:\gh\azure-sdk-for-net\sdk\containerregistry\Azure.Containers.ContainerRegistry\tests\ContainerRepositoryLiveTests.cs(82,25): error CS0246: The type or namespace name 'ContainerRepositoryProperties' could not be found (are you missing a using directive or an assembly reference?)
C:\gh\azure-sdk-for-net\sdk\containerregistry\Azure.Containers.ContainerRegistry\tests\ContainerRepositoryLiveTests.cs(81,28): error CS1061: 'ContainerRepository' does not contain a definition for 'UpdatePropertiesAsync' and no accessible extension method 'UpdatePropertiesAsync' accepting a first argument of type 'ContainerRepository' could be found (are you missing a using directive or an assembly reference?)
error CS1705: Assembly 'Azure.Core.TestFramework' with identity 'Azure.Core.TestFramework, Version=1.0.0.0, Culture=neutral, PublicKeyToken=6a281e58f0dfecb7' uses 'Azure.Core, Version=1.15.0.0, Culture=neutral, PublicKeyToken=92742159e12e44c8' which has a higher version than referenced assembly 'Azure.Core' with identity 'Azure.Core, Version=1.14.0.0, Culture=neutral, PublicKeyToken=92742159e12e44c8'
error CS1705: Assembly 'Azure.Core.TestFramework' with identity 'Azure.Core.TestFramework, Version=1.0.0.0, Culture=neutral, PublicKeyToken=6a281e58f0dfecb7' uses 'Azure.Core, Version=1.15.0.0, Culture=neutral, PublicKeyToken=92742159e12e44c8' which has a higher version than referenced assembly 'Azure.Core' with identity 'Azure.Core, Version=1.14.0.0, Culture=neutral, PublicKeyToken=92742159e12e44c8'
error CS1705: Assembly 'Azure.Core.TestFramework' with identity 'Azure.Core.TestFramework, Version=1.0.0.0, Culture=neutral, PublicKeyToken=6a281e58f0dfecb7' uses 'Azure.Core, Version=1.15.0.0, Culture=neutral, PublicKeyToken=92742159e12e44c8' which has a higher version than referenced assembly 'Azure.Core' with identity 'Azure.Core, Version=1.14.0.0, Culture=neutral, PublicKeyToken=92742159e12e44c8'
error CS1705: Assembly 'Azure.Core.TestFramework' with identity 'Azure.Core.TestFramework, Version=1.0.0.0, Culture=neutral, PublicKeyToken=6a281e58f0dfecb7' uses 'Azure.Core, Version=1.15.0.0, Culture=neutral, PublicKeyToken=92742159e12e44c8' which has a higher version than referenced assembly 'Azure.Core' with identity 'Azure.Core, Version=1.14.0.0, Culture=neutral, PublicKeyToken=92742159e12e44c8'
error CS1705: Assembly 'Azure.Core.TestFramework' with identity 'Azure.Core.TestFramework, Version=1.0.0.0, Culture=neutral, PublicKeyToken=6a281e58f0dfecb7' uses 'Azure.Core, Version=1.15.0.0, Culture=neutral, PublicKeyToken=92742159e12e44c8' which has a higher version than referenced assembly 'Azure.Core' with identity 'Azure.Core, Version=1.14.0.0, Culture=neutral, PublicKeyToken=92742159e12e44c8'
error CS1705: Assembly 'Azure.Core.TestFramework' with identity 'Azure.Core.TestFramework, Version=1.0.0.0, Culture=neutral, PublicKeyToken=6a281e58f0dfecb7' uses 'Azure.Core, Version=1.15.0.0, Culture=neutral, PublicKeyToken=92742159e12e44c8' which has a higher version than referenced assembly 'Azure.Core' with identity 'Azure.Core, Version=1.14.0.0, Culture=neutral, PublicKeyToken=92742159e12e44c8'
error CS1705: Assembly 'Azure.Core.TestFramework' with identity 'Azure.Core.TestFramework, Version=1.0.0.0, Culture=neutral, PublicKeyToken=6a281e58f0dfecb7' uses 'Azure.Core, Version=1.15.0.0, Culture=neutral, PublicKeyToken=92742159e12e44c8' which has a higher version than referenced assembly 'Azure.Core' with identity 'Azure.Core, Version=1.14.0.0, Culture=neutral, PublicKeyToken=92742159e12e44c8'
C:\gh\azure-sdk-for-net\sdk\containerregistry\Azure.Containers.ContainerRegistry\tests\Authentication\ContainerRegistryChallengeAuthenticationPolicyTest.cs(90,39): error CS1705: Assembly 'Azure.Core.TestFramework' with identity 'Azure.Core.TestFramework, Version=1.0.0.0, Culture=neutral, PublicKeyToken=6a281e58f0dfecb7' uses 'Azure.Core, Version=1.15.0.0, Culture=neutral, PublicKeyToken=92742159e12e44c8' which has a higher version than referenced assembly 'Azure.Core' with identity 'Azure.Core, Version=1.14.0.0, Culture=neutral, PublicKeyToken=92742159e12e44c8'
C:\gh\azure-sdk-for-net\sdk\containerregistry\Azure.Containers.ContainerRegistry\tests\Authentication\ContainerRegistryChallengeAuthenticationPolicyTest.cs(95,19): error CS1705: Assembly 'Azure.Core.TestFramework' with identity 'Azure.Core.TestFramework, Version=1.0.0.0, Culture=neutral, PublicKeyToken=6a281e58f0dfecb7' uses 'Azure.Core, Version=1.15.0.0, Culture=neutral, PublicKeyToken=92742159e12e44c8' which has a higher version than referenced assembly 'Azure.Core' with identity 'Azure.Core, Version=1.14.0.0, Culture=neutral, PublicKeyToken=92742159e12e44c8'
error CS1705: Assembly 'Azure.Core.TestFramework' with identity 'Azure.Core.TestFramework, Version=1.0.0.0, Culture=neutral, PublicKeyToken=6a281e58f0dfecb7' uses 'Azure.Core, Version=1.15.0.0, Culture=neutral, PublicKeyToken=92742159e12e44c8' which has a higher version than referenced assembly 'Azure.Core' with identity 'Azure.Core, Version=1.14.0.0, Culture=neutral, PublicKeyToken=92742159e12e44c8'
error CS1705: Assembly 'Azure.Core.TestFramework' with identity 'Azure.Core.TestFramework, Version=1.0.0.0, Culture=neutral, PublicKeyToken=6a281e58f0dfecb7' uses 'Azure.Core, Version=1.15.0.0, Culture=neutral, PublicKeyToken=92742159e12e44c8' which has a higher version than referenced assembly 'Azure.Core' with identity 'Azure.Core, Version=1.14.0.0, Culture=neutral, PublicKeyToken=92742159e12e44c8'
C:\gh\azure-sdk-for-net\sdk\containerregistry\Azure.Containers.ContainerRegistry\tests\Authentication\ContainerRegistryChallengeAuthenticationPolicyTest.cs(106,19): error CS1705: Assembly 'Azure.Core.TestFramework' with identity 'Azure.Core.TestFramework, Version=1.0.0.0, Culture=neutral, PublicKeyToken=6a281e58f0dfecb7' uses 'Azure.Core, Version=1.15.0.0, Culture=neutral, PublicKeyToken=92742159e12e44c8' which has a higher version than referenced assembly 'Azure.Core' with identity 'Azure.Core, Version=1.14.0.0, Culture=neutral, PublicKeyToken=92742159e12e44c8'
error CS1705: Assembly 'Azure.Core.TestFramework' with identity 'Azure.Core.TestFramework, Version=1.0.0.0, Culture=neutral, PublicKeyToken=6a281e58f0dfecb7' uses 'Azure.Core, Version=1.15.0.0, Culture=neutral, PublicKeyToken=92742159e12e44c8' which has a higher version than referenced assembly 'Azure.Core' with identity 'Azure.Core, Version=1.14.0.0, Culture=neutral, PublicKeyToken=92742159e12e44c8'
error CS1705: Assembly 'Azure.Core.TestFramework' with identity 'Azure.Core.TestFramework, Version=1.0.0.0, Culture=neutral, PublicKeyToken=6a281e58f0dfecb7' uses 'Azure.Core, Version=1.15.0.0, Culture=neutral, PublicKeyToken=92742159e12e44c8' which has a higher version than referenced assembly 'Azure.Core' with identity 'Azure.Core, Version=1.14.0.0, Culture=neutral, PublicKeyToken=92742159e12e44c8'
C:\gh\azure-sdk-for-net\sdk\containerregistry\Azure.Containers.ContainerRegistry\tests\ContainerRepositoryTests.cs(50,54): error CS1061: 'ContainerRepository' does not contain a definition for 'UpdatePropertiesAsync' and no accessible extension method 'UpdatePropertiesAsync' accepting a first argument of type 'ContainerRepository' could be found (are you missing a using directive or an assembly reference?)
error CS1705: Assembly 'Azure.Core.TestFramework' with identity 'Azure.Core.TestFramework, Version=1.0.0.0, Culture=neutral, PublicKeyToken=6a281e58f0dfecb7' uses 'Azure.Core, Version=1.15.0.0, Culture=neutral, PublicKeyToken=92742159e12e44c8' which has a higher version than referenced assembly 'Azure.Core' with identity 'Azure.Core, Version=1.14.0.0, Culture=neutral, PublicKeyToken=92742159e12e44c8'
error CS1705: Assembly 'Azure.Core.TestFramework' with identity 'Azure.Core.TestFramework, Version=1.0.0.0, Culture=neutral, PublicKeyToken=6a281e58f0dfecb7' uses 'Azure.Core, Version=1.15.0.0, Culture=neutral, PublicKeyToken=92742159e12e44c8' which has a higher version than referenced assembly 'Azure.Core' with identity 'Azure.Core, Version=1.14.0.0, Culture=neutral, PublicKeyToken=92742159e12e44c8'
C:\gh\azure-sdk-for-net\sdk\containerregistry\Azure.Containers.ContainerRegistry\tests\ContainerRepositoryLiveTests.cs(140,78): error CS1061: 'ContainerRepository' does not contain a definition for 'GetManifestPropertiesCollectionAsync' and no accessible extension method 'GetManifestPropertiesCollectionAsync' accepting a first argument of type 'ContainerRepository' could be found (are you missing a using directive or an assembly reference?)
C:\gh\azure-sdk-for-net\sdk\containerregistry\Azure.Containers.ContainerRegistry\tests\RegistryArtifactLiveTests.cs(35,74): error CS1061: 'ArtifactManifestProperties' does not contain a definition for 'RelatedArtifacts' and no accessible extension method 'RelatedArtifacts' accepting a first argument of type 'ArtifactManifestProperties' could be found (are you missing a using directive or an assembly reference?)
C:\gh\azure-sdk-for-net\sdk\containerregistry\Azure.Containers.ContainerRegistry\tests\RegistryArtifactLiveTests.cs(37,38): error CS1061: 'ArtifactManifestProperties' does not contain a definition for 'RelatedArtifacts' and no accessible extension method 'RelatedArtifacts' accepting a first argument of type 'ArtifactManifestProperties' could be found (are you missing a using directive or an assembly reference?)
C:\gh\azure-sdk-for-net\sdk\containerregistry\Azure.Containers.ContainerRegistry\tests\RegistryArtifactLiveTests.cs(42,38): error CS1061: 'ArtifactManifestProperties' does not contain a definition for 'RelatedArtifacts' and no accessible extension method 'RelatedArtifacts' accepting a first argument of type 'ArtifactManifestProperties' could be found (are you missing a using directive or an assembly reference?)
C:\gh\azure-sdk-for-net\sdk\containerregistry\Azure.Containers.ContainerRegistry\tests\ContainerRepositoryLiveTests.cs(169,78): error CS1061: 'ContainerRepository' does not contain a definition for 'GetManifestPropertiesCollectionAsync' and no accessible extension method 'GetManifestPropertiesCollectionAsync' accepting a first argument of type 'ContainerRepository' could be found (are you missing a using directive or an assembly reference?)
C:\gh\azure-sdk-for-net\sdk\containerregistry\Azure.Containers.ContainerRegistry\tests\RegistryArtifactLiveTests.cs(58,58): error CS1061: 'ArtifactManifestProperties' does not contain a definition for 'RelatedArtifacts' and no accessible extension method 'RelatedArtifacts' accepting a first argument of type 'ArtifactManifestProperties' could be found (are you missing a using directive or an assembly reference?)
error CS1705: Assembly 'Azure.Core.TestFramework' with identity 'Azure.Core.TestFramework, Version=1.0.0.0, Culture=neutral, PublicKeyToken=6a281e58f0dfecb7' uses 'Azure.Core, Version=1.15.0.0, Culture=neutral, PublicKeyToken=92742159e12e44c8' which has a higher version than referenced assembly 'Azure.Core' with identity 'Azure.Core, Version=1.14.0.0, Culture=neutral, PublicKeyToken=92742159e12e44c8'
error CS1705: Assembly 'Azure.Core.TestFramework' with identity 'Azure.Core.TestFramework, Version=1.0.0.0, Culture=neutral, PublicKeyToken=6a281e58f0dfecb7' uses 'Azure.Core, Version=1.15.0.0, Culture=neutral, PublicKeyToken=92742159e12e44c8' which has a higher version than referenced assembly 'Azure.Core' with identity 'Azure.Core, Version=1.14.0.0, Culture=neutral, PublicKeyToken=92742159e12e44c8'
error CS1705: Assembly 'Azure.Core.TestFramework' with identity 'Azure.Core.TestFramework, Version=1.0.0.0, Culture=neutral, PublicKeyToken=6a281e58f0dfecb7' uses 'Azure.Core, Version=1.15.0.0, Culture=neutral, PublicKeyToken=92742159e12e44c8' which has a higher version than referenced assembly 'Azure.Core' with identity 'Azure.Core, Version=1.14.0.0, Culture=neutral, PublicKeyToken=92742159e12e44c8'
error CS1705: Assembly 'Azure.Core.TestFramework' with identity 'Azure.Core.TestFramework, Version=1.0.0.0, Culture=neutral, PublicKeyToken=6a281e58f0dfecb7' uses 'Azure.Core, Version=1.15.0.0, Culture=neutral, PublicKeyToken=92742159e12e44c8' which has a higher version than referenced assembly 'Azure.Core' with identity 'Azure.Core, Version=1.14.0.0, Culture=neutral, PublicKeyToken=92742159e12e44c8'
error CS1705: Assembly 'Azure.Core.TestFramework' with identity 'Azure.Core.TestFramework, Version=1.0.0.0, Culture=neutral, PublicKeyToken=6a281e58f0dfecb7' uses 'Azure.Core, Version=1.15.0.0, Culture=neutral, PublicKeyToken=92742159e12e44c8' which has a higher version than referenced assembly 'Azure.Core' with identity 'Azure.Core, Version=1.14.0.0, Culture=neutral, PublicKeyToken=92742159e12e44c8'
error CS1705: Assembly 'Azure.Core.TestFramework' with identity 'Azure.Core.TestFramework, Version=1.0.0.0, Culture=neutral, PublicKeyToken=6a281e58f0dfecb7' uses 'Azure.Core, Version=1.15.0.0, Culture=neutral, PublicKeyToken=92742159e12e44c8' which has a higher version than referenced assembly 'Azure.Core' with identity 'Azure.Core, Version=1.14.0.0, Culture=neutral, PublicKeyToken=92742159e12e44c8'
C:\gh\azure-sdk-for-net\sdk\containerregistry\Azure.Containers.ContainerRegistry\tests\Authentication\ContainerRegistryChallengeAuthenticationPolicyTest.cs(145,39): error CS1705: Assembly 'Azure.Core.TestFramework' with identity 'Azure.Core.TestFramework, Version=1.0.0.0, Culture=neutral, PublicKeyToken=6a281e58f0dfecb7' uses 'Azure.Core, Version=1.15.0.0, Culture=neutral, PublicKeyToken=92742159e12e44c8' which has a higher version than referenced assembly 'Azure.Core' with identity 'Azure.Core, Version=1.14.0.0, Culture=neutral, PublicKeyToken=92742159e12e44c8'
C:\gh\azure-sdk-for-net\sdk\containerregistry\Azure.Containers.ContainerRegistry\tests\Authentication\ContainerRegistryChallengeAuthenticationPolicyTest.cs(151,19): error CS1705: Assembly 'Azure.Core.TestFramework' with identity 'Azure.Core.TestFramework, Version=1.0.0.0, Culture=neutral, PublicKeyToken=6a281e58f0dfecb7' uses 'Azure.Core, Version=1.15.0.0, Culture=neutral, PublicKeyToken=92742159e12e44c8' which has a higher version than referenced assembly 'Azure.Core' with identity 'Azure.Core, Version=1.14.0.0, Culture=neutral, PublicKeyToken=92742159e12e44c8'
error CS1705: Assembly 'Azure.Core.TestFramework' with identity 'Azure.Core.TestFramework, Version=1.0.0.0, Culture=neutral, PublicKeyToken=6a281e58f0dfecb7' uses 'Azure.Core, Version=1.15.0.0, Culture=neutral, PublicKeyToken=92742159e12e44c8' which has a higher version than referenced assembly 'Azure.Core' with identity 'Azure.Core, Version=1.14.0.0, Culture=neutral, PublicKeyToken=92742159e12e44c8'
error CS1705: Assembly 'Azure.Core.TestFramework' with identity 'Azure.Core.TestFramework, Version=1.0.0.0, Culture=neutral, PublicKeyToken=6a281e58f0dfecb7' uses 'Azure.Core, Version=1.15.0.0, Culture=neutral, PublicKeyToken=92742159e12e44c8' which has a higher version than referenced assembly 'Azure.Core' with identity 'Azure.Core, Version=1.14.0.0, Culture=neutral, PublicKeyToken=92742159e12e44c8'
C:\gh\azure-sdk-for-net\sdk\containerregistry\Azure.Containers.ContainerRegistry\tests\Authentication\ContainerRegistryChallengeAuthenticationPolicyTest.cs(162,19): error CS1705: Assembly 'Azure.Core.TestFramework' with identity 'Azure.Core.TestFramework, Version=1.0.0.0, Culture=neutral, PublicKeyToken=6a281e58f0dfecb7' uses 'Azure.Core, Version=1.15.0.0, Culture=neutral, PublicKeyToken=92742159e12e44c8' which has a higher version than referenced assembly 'Azure.Core' with identity 'Azure.Core, Version=1.14.0.0, Culture=neutral, PublicKeyToken=92742159e12e44c8'
error CS1705: Assembly 'Azure.Core.TestFramework' with identity 'Azure.Core.TestFramework, Version=1.0.0.0, Culture=neutral, PublicKeyToken=6a281e58f0dfecb7' uses 'Azure.Core, Version=1.15.0.0, Culture=neutral, PublicKeyToken=92742159e12e44c8' which has a higher version than referenced assembly 'Azure.Core' with identity 'Azure.Core, Version=1.14.0.0, Culture=neutral, PublicKeyToken=92742159e12e44c8'
error CS1705: Assembly 'Azure.Core.TestFramework' with identity 'Azure.Core.TestFramework, Version=1.0.0.0, Culture=neutral, PublicKeyToken=6a281e58f0dfecb7' uses 'Azure.Core, Version=1.15.0.0, Culture=neutral, PublicKeyToken=92742159e12e44c8' which has a higher version than referenced assembly 'Azure.Core' with identity 'Azure.Core, Version=1.14.0.0, Culture=neutral, PublicKeyToken=92742159e12e44c8'
C:\gh\azure-sdk-for-net\sdk\containerregistry\Azure.Containers.ContainerRegistry\tests\Authentication\ContainerRegistryChallengeAuthenticationPolicyTest.cs(174,19): error CS1705: Assembly 'Azure.Core.TestFramework' with identity 'Azure.Core.TestFramework, Version=1.0.0.0, Culture=neutral, PublicKeyToken=6a281e58f0dfecb7' uses 'Azure.Core, Version=1.15.0.0, Culture=neutral, PublicKeyToken=92742159e12e44c8' which has a higher version than referenced assembly 'Azure.Core' with identity 'Azure.Core, Version=1.14.0.0, Culture=neutral, PublicKeyToken=92742159e12e44c8'
error CS1705: Assembly 'Azure.Core.TestFramework' with identity 'Azure.Core.TestFramework, Version=1.0.0.0, Culture=neutral, PublicKeyToken=6a281e58f0dfecb7' uses 'Azure.Core, Version=1.15.0.0, Culture=neutral, PublicKeyToken=92742159e12e44c8' which has a higher version than referenced assembly 'Azure.Core' with identity 'Azure.Core, Version=1.14.0.0, Culture=neutral, PublicKeyToken=92742159e12e44c8'
error CS1705: Assembly 'Azure.Core.TestFramework' with identity 'Azure.Core.TestFramework, Version=1.0.0.0, Culture=neutral, PublicKeyToken=6a281e58f0dfecb7' uses 'Azure.Core, Version=1.15.0.0, Culture=neutral, PublicKeyToken=92742159e12e44c8' which has a higher version than referenced assembly 'Azure.Core' with identity 'Azure.Core, Version=1.14.0.0, Culture=neutral, PublicKeyToken=92742159e12e44c8'
C:\gh\azure-sdk-for-net\sdk\containerregistry\Azure.Containers.ContainerRegistry\tests\ContainerRepositoryLiveTests.cs(194,78): error CS1061: 'ContainerRepository' does not contain a definition for 'GetManifestPropertiesCollectionAsync' and no accessible extension method 'GetManifestPropertiesCollectionAsync' accepting a first argument of type 'ContainerRepository' could be found (are you missing a using directive or an assembly reference?)
C:\gh\azure-sdk-for-net\sdk\containerregistry\Azure.Containers.ContainerRegistry\tests\ContainerRepositoryLiveTests.cs(215,36): error CS1061: 'ContainerRepository' does not contain a definition for 'GetManifestPropertiesCollectionAsync' and no accessible extension method 'GetManifestPropertiesCollectionAsync' accepting a first argument of type 'ContainerRepository' could be found (are you missing a using directive or an assembly reference?)
error CS1705: Assembly 'Azure.Core.TestFramework' with identity 'Azure.Core.TestFramework, Version=1.0.0.0, Culture=neutral, PublicKeyToken=6a281e58f0dfecb7' uses 'Azure.Core, Version=1.15.0.0, Culture=neutral, PublicKeyToken=92742159e12e44c8' which has a higher version than referenced assembly 'Azure.Core' with identity 'Azure.Core, Version=1.14.0.0, Culture=neutral, PublicKeyToken=92742159e12e44c8'
error CS1705: Assembly 'Azure.Core.TestFramework' with identity 'Azure.Core.TestFramework, Version=1.0.0.0, Culture=neutral, PublicKeyToken=6a281e58f0dfecb7' uses 'Azure.Core, Version=1.15.0.0, Culture=neutral, PublicKeyToken=92742159e12e44c8' which has a higher version than referenced assembly 'Azure.Core' with identity 'Azure.Core, Version=1.14.0.0, Culture=neutral, PublicKeyToken=92742159e12e44c8'
C:\gh\azure-sdk-for-net\sdk\containerregistry\Azure.Containers.ContainerRegistry\tests\RegistryArtifactLiveTests.cs(87,21): error CS0117: 'ArtifactManifestProperties' does not contain a definition for 'CanList'
C:\gh\azure-sdk-for-net\sdk\containerregistry\Azure.Containers.ContainerRegistry\tests\RegistryArtifactLiveTests.cs(88,21): error CS0117: 'ArtifactManifestProperties' does not contain a definition for 'CanRead'
C:\gh\azure-sdk-for-net\sdk\containerregistry\Azure.Containers.ContainerRegistry\tests\RegistryArtifactLiveTests.cs(89,21): error CS0117: 'ArtifactManifestProperties' does not contain a definition for 'CanWrite'
C:\gh\azure-sdk-for-net\sdk\containerregistry\Azure.Containers.ContainerRegistry\tests\RegistryArtifactLiveTests.cs(90,21): error CS0117: 'ArtifactManifestProperties' does not contain a definition for 'CanDelete'
C:\gh\azure-sdk-for-net\sdk\containerregistry\Azure.Containers.ContainerRegistry\tests\RegistryArtifactLiveTests.cs(84,68): error CS1061: 'RegistryArtifact' does not contain a definition for 'UpdateManifestPropertiesAsync' and no accessible extension method 'UpdateManifestPropertiesAsync' accepting a first argument of type 'RegistryArtifact' could be found (are you missing a using directive or an assembly reference?)
C:\gh\azure-sdk-for-net\sdk\containerregistry\Azure.Containers.ContainerRegistry\tests\RegistryArtifactLiveTests.cs(94,39): error CS1061: 'ArtifactManifestProperties' does not contain a definition for 'CanList' and no accessible extension method 'CanList' accepting a first argument of type 'ArtifactManifestProperties' could be found (are you missing a using directive or an assembly reference?)
C:\gh\azure-sdk-for-net\sdk\containerregistry\Azure.Containers.ContainerRegistry\tests\RegistryArtifactLiveTests.cs(95,39): error CS1061: 'ArtifactManifestProperties' does not contain a definition for 'CanRead' and no accessible extension method 'CanRead' accepting a first argument of type 'ArtifactManifestProperties' could be found (are you missing a using directive or an assembly reference?)
C:\gh\azure-sdk-for-net\sdk\containerregistry\Azure.Containers.ContainerRegistry\tests\RegistryArtifactLiveTests.cs(96,39): error CS1061: 'ArtifactManifestProperties' does not contain a definition for 'CanWrite' and no accessible extension method 'CanWrite' accepting a first argument of type 'ArtifactManifestProperties' could be found (are you missing a using directive or an assembly reference?)
C:\gh\azure-sdk-for-net\sdk\containerregistry\Azure.Containers.ContainerRegistry\tests\RegistryArtifactLiveTests.cs(97,39): error CS1061: 'ArtifactManifestProperties' does not contain a definition for 'CanDelete' and no accessible extension method 'CanDelete' accepting a first argument of type 'ArtifactManifestProperties' could be found (are you missing a using directive or an assembly reference?)
C:\gh\azure-sdk-for-net\sdk\containerregistry\Azure.Containers.ContainerRegistry\tests\RegistryArtifactLiveTests.cs(101,46): error CS1061: 'ArtifactManifestProperties' does not contain a definition for 'CanList' and no accessible extension method 'CanList' accepting a first argument of type 'ArtifactManifestProperties' could be found (are you missing a using directive or an assembly reference?)
C:\gh\azure-sdk-for-net\sdk\containerregistry\Azure.Containers.ContainerRegistry\tests\RegistryArtifactLiveTests.cs(102,46): error CS1061: 'ArtifactManifestProperties' does not contain a definition for 'CanRead' and no accessible extension method 'CanRead' accepting a first argument of type 'ArtifactManifestProperties' could be found (are you missing a using directive or an assembly reference?)
C:\gh\azure-sdk-for-net\sdk\containerregistry\Azure.Containers.ContainerRegistry\tests\RegistryArtifactLiveTests.cs(103,46): error CS1061: 'ArtifactManifestProperties' does not contain a definition for 'CanWrite' and no accessible extension method 'CanWrite' accepting a first argument of type 'ArtifactManifestProperties' could be found (are you missing a using directive or an assembly reference?)
C:\gh\azure-sdk-for-net\sdk\containerregistry\Azure.Containers.ContainerRegistry\tests\RegistryArtifactLiveTests.cs(104,46): error CS1061: 'ArtifactManifestProperties' does not contain a definition for 'CanDelete' and no accessible extension method 'CanDelete' accepting a first argument of type 'ArtifactManifestProperties' could be found (are you missing a using directive or an assembly reference?)
C:\gh\azure-sdk-for-net\sdk\containerregistry\Azure.Containers.ContainerRegistry\tests\RegistryArtifactLiveTests.cs(107,28): error CS1061: 'RegistryArtifact' does not contain a definition for 'UpdateManifestPropertiesAsync' and no accessible extension method 'UpdateManifestPropertiesAsync' accepting a first argument of type 'RegistryArtifact' could be found (are you missing a using directive or an assembly reference?)
C:\gh\azure-sdk-for-net\sdk\containerregistry\Azure.Containers.ContainerRegistry\tests\ContainerRepositoryLiveTests.cs(255,119): error CS0103: The name 'ArtifactManifestOrderBy' does not exist in the current context
C:\gh\azure-sdk-for-net\sdk\containerregistry\Azure.Containers.ContainerRegistry\tests\ContainerRepositoryLiveTests.cs(255,82): error CS1061: 'ContainerRepository' does not contain a definition for 'GetManifestPropertiesCollectionAsync' and no accessible extension method 'GetManifestPropertiesCollectionAsync' accepting a first argument of type 'ContainerRepository' could be found (are you missing a using directive or an assembly reference?)
C:\gh\azure-sdk-for-net\sdk\containerregistry\Azure.Containers.ContainerRegistry\tests\ContainerRepositoryLiveTests.cs(262,34): error CS1061: 'ArtifactManifestProperties' does not contain a definition for 'RelatedArtifacts' and no accessible extension method 'RelatedArtifacts' accepting a first argument of type 'ArtifactManifestProperties' could be found (are you missing a using directive or an assembly reference?)
C:\gh\azure-sdk-for-net\sdk\containerregistry\Azure.Containers.ContainerRegistry\tests\ContainerRepositoryLiveTests.cs(262,71): error CS1061: 'ArtifactManifestProperties' does not contain a definition for 'RelatedArtifacts' and no accessible extension method 'RelatedArtifacts' accepting a first argument of type 'ArtifactManifestProperties' could be found (are you missing a using directive or an assembly reference?)
error CS1705: Assembly 'Azure.Core.TestFramework' with identity 'Azure.Core.TestFramework, Version=1.0.0.0, Culture=neutral, PublicKeyToken=6a281e58f0dfecb7' uses 'Azure.Core, Version=1.15.0.0, Culture=neutral, PublicKeyToken=92742159e12e44c8' which has a higher version than referenced assembly 'Azure.Core' with identity 'Azure.Core, Version=1.14.0.0, Culture=neutral, PublicKeyToken=92742159e12e44c8'
C:\gh\azure-sdk-for-net\sdk\containerregistry\Azure.Containers.ContainerRegistry\tests\ContainerRegistryRecordedTestBase.cs(35,21): error CS1705: Assembly 'Azure.Core.TestFramework' with identity 'Azure.Core.TestFramework, Version=1.0.0.0, Culture=neutral, PublicKeyToken=6a281e58f0dfecb7' uses 'Azure.Core, Version=1.15.0.0, Culture=neutral, PublicKeyToken=92742159e12e44c8' which has a higher version than referenced assembly 'Azure.Core' with identity 'Azure.Core, Version=1.14.0.0, Culture=neutral, PublicKeyToken=92742159e12e44c8'
error CS1705: Assembly 'Azure.Core.TestFramework' with identity 'Azure.Core.TestFramework, Version=1.0.0.0, Culture=neutral, PublicKeyToken=6a281e58f0dfecb7' uses 'Azure.Core, Version=1.15.0.0, Culture=neutral, PublicKeyToken=92742159e12e44c8' which has a higher version than referenced assembly 'Azure.Core' with identity 'Azure.Core, Version=1.14.0.0, Culture=neutral, PublicKeyToken=92742159e12e44c8'
C:\gh\azure-sdk-for-net\sdk\containerregistry\Azure.Containers.ContainerRegistry\tests\ContainerRegistryRecordedTestBase.cs(41,21): error CS1705: Assembly 'Azure.Core.TestFramework' with identity 'Azure.Core.TestFramework, Version=1.0.0.0, Culture=neutral, PublicKeyToken=6a281e58f0dfecb7' uses 'Azure.Core, Version=1.15.0.0, Culture=neutral, PublicKeyToken=92742159e12e44c8' which has a higher version than referenced assembly 'Azure.Core' with identity 'Azure.Core, Version=1.14.0.0, Culture=neutral, PublicKeyToken=92742159e12e44c8'
C:\gh\azure-sdk-for-net\sdk\containerregistry\Azure.Containers.ContainerRegistry\tests\RegistryArtifactLiveTests.cs(122,21): error CS0117: 'ArtifactManifestProperties' does not contain a definition for 'CanList'
C:\gh\azure-sdk-for-net\sdk\containerregistry\Azure.Containers.ContainerRegistry\tests\RegistryArtifactLiveTests.cs(123,21): error CS0117: 'ArtifactManifestProperties' does not contain a definition for 'CanRead'
C:\gh\azure-sdk-for-net\sdk\containerregistry\Azure.Containers.ContainerRegistry\tests\RegistryArtifactLiveTests.cs(124,21): error CS0117: 'ArtifactManifestProperties' does not contain a definition for 'CanWrite'
C:\gh\azure-sdk-for-net\sdk\containerregistry\Azure.Containers.ContainerRegistry\tests\RegistryArtifactLiveTests.cs(125,21): error CS0117: 'ArtifactManifestProperties' does not contain a definition for 'CanDelete'
C:\gh\azure-sdk-for-net\sdk\containerregistry\Azure.Containers.ContainerRegistry\tests\RegistryArtifactLiveTests.cs(119,71): error CS1061: 'RegistryArtifact' does not contain a definition for 'UpdateManifestPropertiesAsync' and no accessible extension method 'UpdateManifestPropertiesAsync' accepting a first argument of type 'RegistryArtifact' could be found (are you missing a using directive or an assembly reference?)
error CS1705: Assembly 'Azure.Core.TestFramework' with identity 'Azure.Core.TestFramework, Version=1.0.0.0, Culture=neutral, PublicKeyToken=6a281e58f0dfecb7' uses 'Azure.Core, Version=1.15.0.0, Culture=neutral, PublicKeyToken=92742159e12e44c8' which has a higher version than referenced assembly 'Azure.Core' with identity 'Azure.Core, Version=1.14.0.0, Culture=neutral, PublicKeyToken=92742159e12e44c8'
error CS1705: Assembly 'Azure.Core.TestFramework' with identity 'Azure.Core.TestFramework, Version=1.0.0.0, Culture=neutral, PublicKeyToken=6a281e58f0dfecb7' uses 'Azure.Core, Version=1.15.0.0, Culture=neutral, PublicKeyToken=92742159e12e44c8' which has a higher version than referenced assembly 'Azure.Core' with identity 'Azure.Core, Version=1.14.0.0, Culture=neutral, PublicKeyToken=92742159e12e44c8'
error CS1705: Assembly 'Azure.Core.TestFramework' with identity 'Azure.Core.TestFramework, Version=1.0.0.0, Culture=neutral, PublicKeyToken=6a281e58f0dfecb7' uses 'Azure.Core, Version=1.15.0.0, Culture=neutral, PublicKeyToken=92742159e12e44c8' which has a higher version than referenced assembly 'Azure.Core' with identity 'Azure.Core, Version=1.14.0.0, Culture=neutral, PublicKeyToken=92742159e12e44c8'
error CS1705: Assembly 'Azure.Core.TestFramework' with identity 'Azure.Core.TestFramework, Version=1.0.0.0, Culture=neutral, PublicKeyToken=6a281e58f0dfecb7' uses 'Azure.Core, Version=1.15.0.0, Culture=neutral, PublicKeyToken=92742159e12e44c8' which has a higher version than referenced assembly 'Azure.Core' with identity 'Azure.Core, Version=1.14.0.0, Culture=neutral, PublicKeyToken=92742159e12e44c8'
error CS1705: Assembly 'Azure.Core.TestFramework' with identity 'Azure.Core.TestFramework, Version=1.0.0.0, Culture=neutral, PublicKeyToken=6a281e58f0dfecb7' uses 'Azure.Core, Version=1.15.0.0, Culture=neutral, PublicKeyToken=92742159e12e44c8' which has a higher version than referenced assembly 'Azure.Core' with identity 'Azure.Core, Version=1.14.0.0, Culture=neutral, PublicKeyToken=92742159e12e44c8'
error CS1705: Assembly 'Azure.Core.TestFramework' with identity 'Azure.Core.TestFramework, Version=1.0.0.0, Culture=neutral, PublicKeyToken=6a281e58f0dfecb7' uses 'Azure.Core, Version=1.15.0.0, Culture=neutral, PublicKeyToken=92742159e12e44c8' which has a higher version than referenced assembly 'Azure.Core' with identity 'Azure.Core, Version=1.14.0.0, Culture=neutral, PublicKeyToken=92742159e12e44c8'
C:\gh\azure-sdk-for-net\sdk\containerregistry\Azure.Containers.ContainerRegistry\tests\Authentication\ContainerRegistryChallengeAuthenticationPolicyTest.cs(217,39): error CS1705: Assembly 'Azure.Core.TestFramework' with identity 'Azure.Core.TestFramework, Version=1.0.0.0, Culture=neutral, PublicKeyToken=6a281e58f0dfecb7' uses 'Azure.Core, Version=1.15.0.0, Culture=neutral, PublicKeyToken=92742159e12e44c8' which has a higher version than referenced assembly 'Azure.Core' with identity 'Azure.Core, Version=1.14.0.0, Culture=neutral, PublicKeyToken=92742159e12e44c8'
C:\gh\azure-sdk-for-net\sdk\containerregistry\Azure.Containers.ContainerRegistry\tests\Authentication\ContainerRegistryChallengeAuthenticationPolicyTest.cs(223,19): error CS1705: Assembly 'Azure.Core.TestFramework' with identity 'Azure.Core.TestFramework, Version=1.0.0.0, Culture=neutral, PublicKeyToken=6a281e58f0dfecb7' uses 'Azure.Core, Version=1.15.0.0, Culture=neutral, PublicKeyToken=92742159e12e44c8' which has a higher version than referenced assembly 'Azure.Core' with identity 'Azure.Core, Version=1.14.0.0, Culture=neutral, PublicKeyToken=92742159e12e44c8'
error CS1705: Assembly 'Azure.Core.TestFramework' with identity 'Azure.Core.TestFramework, Version=1.0.0.0, Culture=neutral, PublicKeyToken=6a281e58f0dfecb7' uses 'Azure.Core, Version=1.15.0.0, Culture=neutral, PublicKeyToken=92742159e12e44c8' which has a higher version than referenced assembly 'Azure.Core' with identity 'Azure.Core, Version=1.14.0.0, Culture=neutral, PublicKeyToken=92742159e12e44c8'
error CS1705: Assembly 'Azure.Core.TestFramework' with identity 'Azure.Core.TestFramework, Version=1.0.0.0, Culture=neutral, PublicKeyToken=6a281e58f0dfecb7' uses 'Azure.Core, Version=1.15.0.0, Culture=neutral, PublicKeyToken=92742159e12e44c8' which has a higher version than referenced assembly 'Azure.Core' with identity 'Azure.Core, Version=1.14.0.0, Culture=neutral, PublicKeyToken=92742159e12e44c8'
C:\gh\azure-sdk-for-net\sdk\containerregistry\Azure.Containers.ContainerRegistry\tests\Authentication\ContainerRegistryChallengeAuthenticationPolicyTest.cs(234,19): error CS1705: Assembly 'Azure.Core.TestFramework' with identity 'Azure.Core.TestFramework, Version=1.0.0.0, Culture=neutral, PublicKeyToken=6a281e58f0dfecb7' uses 'Azure.Core, Version=1.15.0.0, Culture=neutral, PublicKeyToken=92742159e12e44c8' which has a higher version than referenced assembly 'Azure.Core' with identity 'Azure.Core, Version=1.14.0.0, Culture=neutral, PublicKeyToken=92742159e12e44c8'
error CS1705: Assembly 'Azure.Core.TestFramework' with identity 'Azure.Core.TestFramework, Version=1.0.0.0, Culture=neutral, PublicKeyToken=6a281e58f0dfecb7' uses 'Azure.Core, Version=1.15.0.0, Culture=neutral, PublicKeyToken=92742159e12e44c8' which has a higher version than referenced assembly 'Azure.Core' with identity 'Azure.Core, Version=1.14.0.0, Culture=neutral, PublicKeyToken=92742159e12e44c8'
error CS1705: Assembly 'Azure.Core.TestFramework' with identity 'Azure.Core.TestFramework, Version=1.0.0.0, Culture=neutral, PublicKeyToken=6a281e58f0dfecb7' uses 'Azure.Core, Version=1.15.0.0, Culture=neutral, PublicKeyToken=92742159e12e44c8' which has a higher version than referenced assembly 'Azure.Core' with identity 'Azure.Core, Version=1.14.0.0, Culture=neutral, PublicKeyToken=92742159e12e44c8'
C:\gh\azure-sdk-for-net\sdk\containerregistry\Azure.Containers.ContainerRegistry\tests\Authentication\ContainerRegistryChallengeAuthenticationPolicyTest.cs(246,19): error CS1705: Assembly 'Azure.Core.TestFramework' with identity 'Azure.Core.TestFramework, Version=1.0.0.0, Culture=neutral, PublicKeyToken=6a281e58f0dfecb7' uses 'Azure.Core, Version=1.15.0.0, Culture=neutral, PublicKeyToken=92742159e12e44c8' which has a higher version than referenced assembly 'Azure.Core' with identity 'Azure.Core, Version=1.14.0.0, Culture=neutral, PublicKeyToken=92742159e12e44c8'
error CS1705: Assembly 'Azure.Core.TestFramework' with identity 'Azure.Core.TestFramework, Version=1.0.0.0, Culture=neutral, PublicKeyToken=6a281e58f0dfecb7' uses 'Azure.Core, Version=1.15.0.0, Culture=neutral, PublicKeyToken=92742159e12e44c8' which has a higher version than referenced assembly 'Azure.Core' with identity 'Azure.Core, Version=1.14.0.0, Culture=neutral, PublicKeyToken=92742159e12e44c8'
error CS1705: Assembly 'Azure.Core.TestFramework' with identity 'Azure.Core.TestFramework, Version=1.0.0.0, Culture=neutral, PublicKeyToken=6a281e58f0dfecb7' uses 'Azure.Core, Version=1.15.0.0, Culture=neutral, PublicKeyToken=92742159e12e44c8' which has a higher version than referenced assembly 'Azure.Core' with identity 'Azure.Core, Version=1.14.0.0, Culture=neutral, PublicKeyToken=92742159e12e44c8'
error CS1705: Assembly 'Azure.Core.TestFramework' with identity 'Azure.Core.TestFramework, Version=1.0.0.0, Culture=neutral, PublicKeyToken=6a281e58f0dfecb7' uses 'Azure.Core, Version=1.15.0.0, Culture=neutral, PublicKeyToken=92742159e12e44c8' which has a higher version than referenced assembly 'Azure.Core' with identity 'Azure.Core, Version=1.14.0.0, Culture=neutral, PublicKeyToken=92742159e12e44c8'
C:\gh\azure-sdk-for-net\sdk\containerregistry\Azure.Containers.ContainerRegistry\tests\Samples\Sample02_DeleteImages.cs(37,73): error CS0103: The name 'ArtifactManifestOrderBy' does not exist in the current context
C:\gh\azure-sdk-for-net\sdk\containerregistry\Azure.Containers.ContainerRegistry\tests\Samples\Sample02_DeleteImages.cs(37,32): error CS1061: 'ContainerRepository' does not contain a definition for 'GetManifestPropertiesCollection' and no accessible extension method 'GetManifestPropertiesCollection' accepting a first argument of type 'ContainerRepository' could be found (are you missing a using directive or an assembly reference?)
error CS1705: Assembly 'Azure.Core.TestFramework' with identity 'Azure.Core.TestFramework, Version=1.0.0.0, Culture=neutral, PublicKeyToken=6a281e58f0dfecb7' uses 'Azure.Core, Version=1.15.0.0, Culture=neutral, PublicKeyToken=92742159e12e44c8' which has a higher version than referenced assembly 'Azure.Core' with identity 'Azure.Core, Version=1.14.0.0, Culture=neutral, PublicKeyToken=92742159e12e44c8'
error CS1705: Assembly 'Azure.Core.TestFramework' with identity 'Azure.Core.TestFramework, Version=1.0.0.0, Culture=neutral, PublicKeyToken=6a281e58f0dfecb7' uses 'Azure.Core, Version=1.15.0.0, Culture=neutral, PublicKeyToken=92742159e12e44c8' which has a higher version than referenced assembly 'Azure.Core' with identity 'Azure.Core, Version=1.14.0.0, Culture=neutral, PublicKeyToken=92742159e12e44c8'
C:\gh\azure-sdk-for-net\sdk\containerregistry\Azure.Containers.ContainerRegistry\tests\Samples\Sample03_SetImageProperties.cs(34,53): error CS7036: There is no argument given that corresponds to the required formal parameter 'repository' of 'ArtifactTagProperties.ArtifactTagProperties(string, string, string, DateTimeOffset, DateTimeOffset, ContentProperties)'
C:\gh\azure-sdk-for-net\sdk\containerregistry\Azure.Containers.ContainerRegistry\tests\Samples\Sample03_SetImageProperties.cs(36,17): error CS0117: 'ArtifactTagProperties' does not contain a definition for 'CanWrite'
C:\gh\azure-sdk-for-net\sdk\containerregistry\Azure.Containers.ContainerRegistry\tests\Samples\Sample03_SetImageProperties.cs(37,17): error CS0117: 'ArtifactTagProperties' does not contain a definition for 'CanDelete'
C:\gh\azure-sdk-for-net\sdk\containerregistry\Azure.Containers.ContainerRegistry\tests\Samples\Sample03_SetImageProperties.cs(34,19): error CS1061: 'RegistryArtifact' does not contain a definition for 'UpdateTagProperties' and no accessible extension method 'UpdateTagProperties' accepting a first argument of type 'RegistryArtifact' could be found (are you missing a using directive or an assembly reference?)
C:\gh\azure-sdk-for-net\sdk\containerregistry\Azure.Containers.ContainerRegistry\tests\Samples\Sample03_SetImageProperties.cs(42,53): error CS7036: There is no argument given that corresponds to the required formal parameter 'repository' of 'ArtifactTagProperties.ArtifactTagProperties(string, string, string, DateTimeOffset, DateTimeOffset, ContentProperties)'
C:\gh\azure-sdk-for-net\sdk\containerregistry\Azure.Containers.ContainerRegistry\tests\Samples\Sample03_SetImageProperties.cs(44,17): error CS0117: 'ArtifactTagProperties' does not contain a definition for 'CanRead'
C:\gh\azure-sdk-for-net\sdk\containerregistry\Azure.Containers.ContainerRegistry\tests\Samples\Sample03_SetImageProperties.cs(45,17): error CS0117: 'ArtifactTagProperties' does not contain a definition for 'CanList'
C:\gh\azure-sdk-for-net\sdk\containerregistry\Azure.Containers.ContainerRegistry\tests\Samples\Sample03_SetImageProperties.cs(46,17): error CS0117: 'ArtifactTagProperties' does not contain a definition for 'CanWrite'
C:\gh\azure-sdk-for-net\sdk\containerregistry\Azure.Containers.ContainerRegistry\tests\Samples\Sample03_SetImageProperties.cs(47,17): error CS0117: 'ArtifactTagProperties' does not contain a definition for 'CanDelete'
C:\gh\azure-sdk-for-net\sdk\containerregistry\Azure.Containers.ContainerRegistry\tests\Samples\Sample03_SetImageProperties.cs(42,19): error CS1061: 'RegistryArtifact' does not contain a definition for 'UpdateTagProperties' and no accessible extension method 'UpdateTagProperties' accepting a first argument of type 'RegistryArtifact' could be found (are you missing a using directive or an assembly reference?)
error CS1705: Assembly 'Azure.Core.TestFramework' with identity 'Azure.Core.TestFramework, Version=1.0.0.0, Culture=neutral, PublicKeyToken=6a281e58f0dfecb7' uses 'Azure.Core, Version=1.15.0.0, Culture=neutral, PublicKeyToken=92742159e12e44c8' which has a higher version than referenced assembly 'Azure.Core' with identity 'Azure.Core, Version=1.14.0.0, Culture=neutral, PublicKeyToken=92742159e12e44c8'
C:\gh\azure-sdk-for-net\sdk\containerregistry\Azure.Containers.ContainerRegistry\tests\Samples\Sample03_SetImageProperties.cs(69,64): error CS7036: There is no argument given that corresponds to the required formal parameter 'repository' of 'ArtifactTagProperties.ArtifactTagProperties(string, string, string, DateTimeOffset, DateTimeOffset, ContentProperties)'
C:\gh\azure-sdk-for-net\sdk\containerregistry\Azure.Containers.ContainerRegistry\tests\Samples\Sample03_SetImageProperties.cs(71,17): error CS0117: 'ArtifactTagProperties' does not contain a definition for 'CanWrite'
C:\gh\azure-sdk-for-net\sdk\containerregistry\Azure.Containers.ContainerRegistry\tests\Samples\Sample03_SetImageProperties.cs(72,17): error CS0117: 'ArtifactTagProperties' does not contain a definition for 'CanDelete'
C:\gh\azure-sdk-for-net\sdk\containerregistry\Azure.Containers.ContainerRegistry\tests\Samples\Sample03_SetImageProperties.cs(69,25): error CS1061: 'RegistryArtifact' does not contain a definition for 'UpdateTagPropertiesAsync' and no accessible extension method 'UpdateTagPropertiesAsync' accepting a first argument of type 'RegistryArtifact' could be found (are you missing a using directive or an assembly reference?)
C:\gh\azure-sdk-for-net\sdk\containerregistry\Azure.Containers.ContainerRegistry\tests\Samples\Sample03_SetImageProperties.cs(77,64): error CS7036: There is no argument given that corresponds to the required formal parameter 'repository' of 'ArtifactTagProperties.ArtifactTagProperties(string, string, string, DateTimeOffset, DateTimeOffset, ContentProperties)'
C:\gh\azure-sdk-for-net\sdk\containerregistry\Azure.Containers.ContainerRegistry\tests\Samples\Sample03_SetImageProperties.cs(79,17): error CS0117: 'ArtifactTagProperties' does not contain a definition for 'CanRead'
C:\gh\azure-sdk-for-net\sdk\containerregistry\Azure.Containers.ContainerRegistry\tests\Samples\Sample03_SetImageProperties.cs(80,17): error CS0117: 'ArtifactTagProperties' does not contain a definition for 'CanList'
C:\gh\azure-sdk-for-net\sdk\containerregistry\Azure.Containers.ContainerRegistry\tests\Samples\Sample03_SetImageProperties.cs(81,17): error CS0117: 'ArtifactTagProperties' does not contain a definition for 'CanWrite'
C:\gh\azure-sdk-for-net\sdk\containerregistry\Azure.Containers.ContainerRegistry\tests\Samples\Sample03_SetImageProperties.cs(82,17): error CS0117: 'ArtifactTagProperties' does not contain a definition for 'CanDelete'
C:\gh\azure-sdk-for-net\sdk\containerregistry\Azure.Containers.ContainerRegistry\tests\Samples\Sample03_SetImageProperties.cs(77,25): error CS1061: 'RegistryArtifact' does not contain a definition for 'UpdateTagPropertiesAsync' and no accessible extension method 'UpdateTagPropertiesAsync' accepting a first argument of type 'RegistryArtifact' could be found (are you missing a using directive or an assembly reference?)
error CS1705: Assembly 'Azure.Core.TestFramework' with identity 'Azure.Core.TestFramework, Version=1.0.0.0, Culture=neutral, PublicKeyToken=6a281e58f0dfecb7' uses 'Azure.Core, Version=1.15.0.0, Culture=neutral, PublicKeyToken=92742159e12e44c8' which has a higher version than referenced assembly 'Azure.Core' with identity 'Azure.Core, Version=1.14.0.0, Culture=neutral, PublicKeyToken=92742159e12e44c8'
error CS1705: Assembly 'Azure.Core.TestFramework' with identity 'Azure.Core.TestFramework, Version=1.0.0.0, Culture=neutral, PublicKeyToken=6a281e58f0dfecb7' uses 'Azure.Core, Version=1.15.0.0, Culture=neutral, PublicKeyToken=92742159e12e44c8' which has a higher version than referenced assembly 'Azure.Core' with identity 'Azure.Core, Version=1.14.0.0, Culture=neutral, PublicKeyToken=92742159e12e44c8'
error CS1705: Assembly 'Azure.Core.TestFramework' with identity 'Azure.Core.TestFramework, Version=1.0.0.0, Culture=neutral, PublicKeyToken=6a281e58f0dfecb7' uses 'Azure.Core, Version=1.15.0.0, Culture=neutral, PublicKeyToken=92742159e12e44c8' which has a higher version than referenced assembly 'Azure.Core' with identity 'Azure.Core, Version=1.14.0.0, Culture=neutral, PublicKeyToken=92742159e12e44c8'
error CS1705: Assembly 'Azure.Core.TestFramework' with identity 'Azure.Core.TestFramework, Version=1.0.0.0, Culture=neutral, PublicKeyToken=6a281e58f0dfecb7' uses 'Azure.Core, Version=1.15.0.0, Culture=neutral, PublicKeyToken=92742159e12e44c8' which has a higher version than referenced assembly 'Azure.Core' with identity 'Azure.Core, Version=1.14.0.0, Culture=neutral, PublicKeyToken=92742159e12e44c8'
error CS1705: Assembly 'Azure.Core.TestFramework' with identity 'Azure.Core.TestFramework, Version=1.0.0.0, Culture=neutral, PublicKeyToken=6a281e58f0dfecb7' uses 'Azure.Core, Version=1.15.0.0, Culture=neutral, PublicKeyToken=92742159e12e44c8' which has a higher version than referenced assembly 'Azure.Core' with identity 'Azure.Core, Version=1.14.0.0, Culture=neutral, PublicKeyToken=92742159e12e44c8'
C:\gh\azure-sdk-for-net\sdk\containerregistry\Azure.Containers.ContainerRegistry\tests\Authentication\ContainerRegistryChallengeAuthenticationPolicyTest.cs(282,39): error CS1705: Assembly 'Azure.Core.TestFramework' with identity 'Azure.Core.TestFramework, Version=1.0.0.0, Culture=neutral, PublicKeyToken=6a281e58f0dfecb7' uses 'Azure.Core, Version=1.15.0.0, Culture=neutral, PublicKeyToken=92742159e12e44c8' which has a higher version than referenced assembly 'Azure.Core' with identity 'Azure.Core, Version=1.14.0.0, Culture=neutral, PublicKeyToken=92742159e12e44c8'
C:\gh\azure-sdk-for-net\sdk\containerregistry\Azure.Containers.ContainerRegistry\tests\Authentication\ContainerRegistryChallengeAuthenticationPolicyTest.cs(287,19): error CS1705: Assembly 'Azure.Core.TestFramework' with identity 'Azure.Core.TestFramework, Version=1.0.0.0, Culture=neutral, PublicKeyToken=6a281e58f0dfecb7' uses 'Azure.Core, Version=1.15.0.0, Culture=neutral, PublicKeyToken=92742159e12e44c8' which has a higher version than referenced assembly 'Azure.Core' with identity 'Azure.Core, Version=1.14.0.0, Culture=neutral, PublicKeyToken=92742159e12e44c8'
error CS1705: Assembly 'Azure.Core.TestFramework' with identity 'Azure.Core.TestFramework, Version=1.0.0.0, Culture=neutral, PublicKeyToken=6a281e58f0dfecb7' uses 'Azure.Core, Version=1.15.0.0, Culture=neutral, PublicKeyToken=92742159e12e44c8' which has a higher version than referenced assembly 'Azure.Core' with identity 'Azure.Core, Version=1.14.0.0, Culture=neutral, PublicKeyToken=92742159e12e44c8'
error CS1705: Assembly 'Azure.Core.TestFramework' with identity 'Azure.Core.TestFramework, Version=1.0.0.0, Culture=neutral, PublicKeyToken=6a281e58f0dfecb7' uses 'Azure.Core, Version=1.15.0.0, Culture=neutral, PublicKeyToken=92742159e12e44c8' which has a higher version than referenced assembly 'Azure.Core' with identity 'Azure.Core, Version=1.14.0.0, Culture=neutral, PublicKeyToken=92742159e12e44c8'
C:\gh\azure-sdk-for-net\sdk\containerregistry\Azure.Containers.ContainerRegistry\tests\Authentication\ContainerRegistryChallengeAuthenticationPolicyTest.cs(298,19): error CS1705: Assembly 'Azure.Core.TestFramework' with identity 'Azure.Core.TestFramework, Version=1.0.0.0, Culture=neutral, PublicKeyToken=6a281e58f0dfecb7' uses 'Azure.Core, Version=1.15.0.0, Culture=neutral, PublicKeyToken=92742159e12e44c8' which has a higher version than referenced assembly 'Azure.Core' with identity 'Azure.Core, Version=1.14.0.0, Culture=neutral, PublicKeyToken=92742159e12e44c8'
error CS1705: Assembly 'Azure.Core.TestFramework' with identity 'Azure.Core.TestFramework, Version=1.0.0.0, Culture=neutral, PublicKeyToken=6a281e58f0dfecb7' uses 'Azure.Core, Version=1.15.0.0, Culture=neutral, PublicKeyToken=92742159e12e44c8' which has a higher version than referenced assembly 'Azure.Core' with identity 'Azure.Core, Version=1.14.0.0, Culture=neutral, PublicKeyToken=92742159e12e44c8'
error CS1705: Assembly 'Azure.Core.TestFramework' with identity 'Azure.Core.TestFramework, Version=1.0.0.0, Culture=neutral, PublicKeyToken=6a281e58f0dfecb7' uses 'Azure.Core, Version=1.15.0.0, Culture=neutral, PublicKeyToken=92742159e12e44c8' which has a higher version than referenced assembly 'Azure.Core' with identity 'Azure.Core, Version=1.14.0.0, Culture=neutral, PublicKeyToken=92742159e12e44c8'
error CS1705: Assembly 'Azure.Core.TestFramework' with identity 'Azure.Core.TestFramework, Version=1.0.0.0, Culture=neutral, PublicKeyToken=6a281e58f0dfecb7' uses 'Azure.Core, Version=1.15.0.0, Culture=neutral, PublicKeyToken=92742159e12e44c8' which has a higher version than referenced assembly 'Azure.Core' with identity 'Azure.Core, Version=1.14.0.0, Culture=neutral, PublicKeyToken=92742159e12e44c8'
C:\gh\azure-sdk-for-net\sdk\containerregistry\Azure.Containers.ContainerRegistry\tests\Samples\Sample02_DeleteImages.cs(75,78): error CS0103: The name 'ArtifactManifestOrderBy' does not exist in the current context
C:\gh\azure-sdk-for-net\sdk\containerregistry\Azure.Containers.ContainerRegistry\tests\Samples\Sample02_DeleteImages.cs(75,32): error CS1061: 'ContainerRepository' does not contain a definition for 'GetManifestPropertiesCollectionAsync' and no accessible extension method 'GetManifestPropertiesCollectionAsync' accepting a first argument of type 'ContainerRepository' could be found (are you missing a using directive or an assembly reference?)
C:\gh\azure-sdk-for-net\sdk\containerregistry\Azure.Containers.ContainerRegistry\tests\Samples\Sample02_DeleteImages.cs(78,91): error CS1061: 'AsyncPageable<ArtifactManifestProperties>' does not contain a definition for 'Skip' and no accessible extension method 'Skip' accepting a first argument of type 'AsyncPageable<ArtifactManifestProperties>' could be found (are you missing a using directive or an assembly reference?)
error CS1705: Assembly 'Azure.Core.TestFramework' with identity 'Azure.Core.TestFramework, Version=1.0.0.0, Culture=neutral, PublicKeyToken=6a281e58f0dfecb7' uses 'Azure.Core, Version=1.15.0.0, Culture=neutral, PublicKeyToken=92742159e12e44c8' which has a higher version than referenced assembly 'Azure.Core' with identity 'Azure.Core, Version=1.14.0.0, Culture=neutral, PublicKeyToken=92742159e12e44c8'
error CS1705: Assembly 'Azure.Core.TestFramework' with identity 'Azure.Core.TestFramework, Version=1.0.0.0, Culture=neutral, PublicKeyToken=6a281e58f0dfecb7' uses 'Azure.Core, Version=1.15.0.0, Culture=neutral, PublicKeyToken=92742159e12e44c8' which has a higher version than referenced assembly 'Azure.Core' with identity 'Azure.Core, Version=1.14.0.0, Culture=neutral, PublicKeyToken=92742159e12e44c8'
C:\gh\azure-sdk-for-net\sdk\containerregistry\Azure.Containers.ContainerRegistry\tests\Authentication\ContainerRegistryChallengeAuthenticationPolicyTest.cs(313,39): error CS1705: Assembly 'Azure.Core.TestFramework' with identity 'Azure.Core.TestFramework, Version=1.0.0.0, Culture=neutral, PublicKeyToken=6a281e58f0dfecb7' uses 'Azure.Core, Version=1.15.0.0, Culture=neutral, PublicKeyToken=92742159e12e44c8' which has a higher version than referenced assembly 'Azure.Core' with identity 'Azure.Core, Version=1.14.0.0, Culture=neutral, PublicKeyToken=92742159e12e44c8'
C:\gh\azure-sdk-for-net\sdk\containerregistry\Azure.Containers.ContainerRegistry\tests\Authentication\ContainerRegistryChallengeAuthenticationPolicyTest.cs(315,77): error CS1705: Assembly 'Azure.Core.TestFramework' with identity 'Azure.Core.TestFramework, Version=1.0.0.0, Culture=neutral, PublicKeyToken=6a281e58f0dfecb7' uses 'Azure.Core, Version=1.15.0.0, Culture=neutral, PublicKeyToken=92742159e12e44c8' which has a higher version than referenced assembly 'Azure.Core' with identity 'Azure.Core, Version=1.14.0.0, Culture=neutral, PublicKeyToken=92742159e12e44c8'
error CS1705: Assembly 'Azure.Core.TestFramework' with identity 'Azure.Core.TestFramework, Version=1.0.0.0, Culture=neutral, PublicKeyToken=6a281e58f0dfecb7' uses 'Azure.Core, Version=1.15.0.0, Culture=neutral, PublicKeyToken=92742159e12e44c8' which has a higher version than referenced assembly 'Azure.Core' with identity 'Azure.Core, Version=1.14.0.0, Culture=neutral, PublicKeyToken=92742159e12e44c8'
error CS1705: Assembly 'Azure.Core.TestFramework' with identity 'Azure.Core.TestFramework, Version=1.0.0.0, Culture=neutral, PublicKeyToken=6a281e58f0dfecb7' uses 'Azure.Core, Version=1.15.0.0, Culture=neutral, PublicKeyToken=92742159e12e44c8' which has a higher version than referenced assembly 'Azure.Core' with identity 'Azure.Core, Version=1.14.0.0, Culture=neutral, PublicKeyToken=92742159e12e44c8'
C:\gh\azure-sdk-for-net\sdk\containerregistry\Azure.Containers.ContainerRegistry\tests\Authentication\ContainerRegistryChallengeAuthenticationPolicyTest.cs(330,39): error CS1705: Assembly 'Azure.Core.TestFramework' with identity 'Azure.Core.TestFramework, Version=1.0.0.0, Culture=neutral, PublicKeyToken=6a281e58f0dfecb7' uses 'Azure.Core, Version=1.15.0.0, Culture=neutral, PublicKeyToken=92742159e12e44c8' which has a higher version than referenced assembly 'Azure.Core' with identity 'Azure.Core, Version=1.14.0.0, Culture=neutral, PublicKeyToken=92742159e12e44c8'
C:\gh\azure-sdk-for-net\sdk\containerregistry\Azure.Containers.ContainerRegistry\tests\Authentication\ContainerRegistryChallengeAuthenticationPolicyTest.cs(335,35): error CS1705: Assembly 'Azure.Core.TestFramework' with identity 'Azure.Core.TestFramework, Version=1.0.0.0, Culture=neutral, PublicKeyToken=6a281e58f0dfecb7' uses 'Azure.Core, Version=1.15.0.0, Culture=neutral, PublicKeyToken=92742159e12e44c8' which has a higher version than referenced assembly 'Azure.Core' with identity 'Azure.Core, Version=1.14.0.0, Culture=neutral, PublicKeyToken=92742159e12e44c8'
error CS1705: Assembly 'Azure.Core.TestFramework' with identity 'Azure.Core.TestFramework, Version=1.0.0.0, Culture=neutral, PublicKeyToken=6a281e58f0dfecb7' uses 'Azure.Core, Version=1.15.0.0, Culture=neutral, PublicKeyToken=92742159e12e44c8' which has a higher version than referenced assembly 'Azure.Core' with identity 'Azure.Core, Version=1.14.0.0, Culture=neutral, PublicKeyToken=92742159e12e44c8'
error CS1705: Assembly 'Azure.Core.TestFramework' with identity 'Azure.Core.TestFramework, Version=1.0.0.0, Culture=neutral, PublicKeyToken=6a281e58f0dfecb7' uses 'Azure.Core, Version=1.15.0.0, Culture=neutral, PublicKeyToken=92742159e12e44c8' which has a higher version than referenced assembly 'Azure.Core' with identity 'Azure.Core, Version=1.14.0.0, Culture=neutral, PublicKeyToken=92742159e12e44c8'
C:\gh\azure-sdk-for-net\sdk\containerregistry\Azure.Containers.ContainerRegistry\tests\RegistryArtifactLiveTests.cs(164,66): error CS1061: 'RegistryArtifact' does not contain a definition for 'GetTagPropertiesCollectionAsync' and no accessible extension method 'GetTagPropertiesCollectionAsync' accepting a first argument of type 'RegistryArtifact' could be found (are you missing a using directive or an assembly reference?)
error CS1705: Assembly 'Azure.Core.TestFramework' with identity 'Azure.Core.TestFramework, Version=1.0.0.0, Culture=neutral, PublicKeyToken=6a281e58f0dfecb7' uses 'Azure.Core, Version=1.15.0.0, Culture=neutral, PublicKeyToken=92742159e12e44c8' which has a higher version than referenced assembly 'Azure.Core' with identity 'Azure.Core, Version=1.14.0.0, Culture=neutral, PublicKeyToken=92742159e12e44c8'
error CS1705: Assembly 'Azure.Core.TestFramework' with identity 'Azure.Core.TestFramework, Version=1.0.0.0, Culture=neutral, PublicKeyToken=6a281e58f0dfecb7' uses 'Azure.Core, Version=1.15.0.0, Culture=neutral, PublicKeyToken=92742159e12e44c8' which has a higher version than referenced assembly 'Azure.Core' with identity 'Azure.Core, Version=1.14.0.0, Culture=neutral, PublicKeyToken=92742159e12e44c8'
C:\gh\azure-sdk-for-net\sdk\containerregistry\Azure.Containers.ContainerRegistry\tests\Authentication\ContainerRegistryChallengeAuthenticationPolicyTest.cs(363,39): error CS1705: Assembly 'Azure.Core.TestFramework' with identity 'Azure.Core.TestFramework, Version=1.0.0.0, Culture=neutral, PublicKeyToken=6a281e58f0dfecb7' uses 'Azure.Core, Version=1.15.0.0, Culture=neutral, PublicKeyToken=92742159e12e44c8' which has a higher version than referenced assembly 'Azure.Core' with identity 'Azure.Core, Version=1.14.0.0, Culture=neutral, PublicKeyToken=92742159e12e44c8'
C:\gh\azure-sdk-for-net\sdk\containerregistry\Azure.Containers.ContainerRegistry\tests\Authentication\ContainerRegistryChallengeAuthenticationPolicyTest.cs(368,35): error CS1705: Assembly 'Azure.Core.TestFramework' with identity 'Azure.Core.TestFramework, Version=1.0.0.0, Culture=neutral, PublicKeyToken=6a281e58f0dfecb7' uses 'Azure.Core, Version=1.15.0.0, Culture=neutral, PublicKeyToken=92742159e12e44c8' which has a higher version than referenced assembly 'Azure.Core' with identity 'Azure.Core, Version=1.14.0.0, Culture=neutral, PublicKeyToken=92742159e12e44c8'
C:\gh\azure-sdk-for-net\sdk\containerregistry\Azure.Containers.ContainerRegistry\tests\RegistryArtifactTests.cs(52,52): error CS1061: 'RegistryArtifact' does not contain a definition for 'UpdateManifestPropertiesAsync' and no accessible extension method 'UpdateManifestPropertiesAsync' accepting a first argument of type 'RegistryArtifact' could be found (are you missing a using directive or an assembly reference?)
C:\gh\azure-sdk-for-net\sdk\containerregistry\Azure.Containers.ContainerRegistry\tests\RegistryArtifactTests.cs(56,87): error CS7036: There is no argument given that corresponds to the required formal parameter 'repository' of 'ArtifactTagProperties.ArtifactTagProperties(string, string, string, DateTimeOffset, DateTimeOffset, ContentProperties)'
C:\gh\azure-sdk-for-net\sdk\containerregistry\Azure.Containers.ContainerRegistry\tests\RegistryArtifactTests.cs(56,52): error CS1061: 'RegistryArtifact' does not contain a definition for 'UpdateTagPropertiesAsync' and no accessible extension method 'UpdateTagPropertiesAsync' accepting a first argument of type 'RegistryArtifact' could be found (are you missing a using directive or an assembly reference?)
C:\gh\azure-sdk-for-net\sdk\containerregistry\Azure.Containers.ContainerRegistry\tests\RegistryArtifactTests.cs(57,52): error CS1061: 'RegistryArtifact' does not contain a definition for 'UpdateTagPropertiesAsync' and no accessible extension method 'UpdateTagPropertiesAsync' accepting a first argument of type 'RegistryArtifact' could be found (are you missing a using directive or an assembly reference?)
C:\gh\azure-sdk-for-net\sdk\containerregistry\Azure.Containers.ContainerRegistry\tests\Samples\Sample04_AnonymousListTags.cs(60,63): error CS1061: 'RegistryArtifact' does not contain a definition for 'GetTagPropertiesCollectionAsync' and no accessible extension method 'GetTagPropertiesCollectionAsync' accepting a first argument of type 'RegistryArtifact' could be found (are you missing a using directive or an assembly reference?)
C:\gh\azure-sdk-for-net\sdk\containerregistry\Azure.Containers.ContainerRegistry\tests\Samples\Sample04_AnonymousListTags.cs(63,40): error CS1061: 'RegistryArtifact' does not contain a definition for 'FullyQualifiedReference' and no accessible extension method 'FullyQualifiedReference' accepting a first argument of type 'RegistryArtifact' could be found (are you missing a using directive or an assembly reference?)
C:\gh\azure-sdk-for-net\sdk\containerregistry\Azure.Containers.ContainerRegistry\tests\Samples\Sample04_AnonymousListTags.cs(66,48): error CS1061: 'RegistryArtifact' does not contain a definition for 'RegistryEndpoint' and no accessible extension method 'RegistryEndpoint' accepting a first argument of type 'RegistryArtifact' could be found (are you missing a using directive or an assembly reference?)
C:\gh\azure-sdk-for-net\sdk\containerregistry\Azure.Containers.ContainerRegistry\tests\RegistryArtifactLiveTests.cs(192,66): error CS1061: 'RegistryArtifact' does not contain a definition for 'GetTagPropertiesCollectionAsync' and no accessible extension method 'GetTagPropertiesCollectionAsync' accepting a first argument of type 'RegistryArtifact' could be found (are you missing a using directive or an assembly reference?)
C:\gh\azure-sdk-for-net\sdk\containerregistry\Azure.Containers.ContainerRegistry\tests\RegistryArtifactLiveTests.cs(219,66): error CS1061: 'RegistryArtifact' does not contain a definition for 'GetTagPropertiesCollectionAsync' and no accessible extension method 'GetTagPropertiesCollectionAsync' accepting a first argument of type 'RegistryArtifact' could be found (are you missing a using directive or an assembly reference?)
C:\gh\azure-sdk-for-net\sdk\containerregistry\Azure.Containers.ContainerRegistry\tests\RegistryArtifactLiveTests.cs(254,57): error CS1061: 'ArtifactTagProperties' does not contain a definition for 'RepositoryName' and no accessible extension method 'RepositoryName' accepting a first argument of type 'ArtifactTagProperties' could be found (are you missing a using directive or an assembly reference?)
C:\gh\azure-sdk-for-net\sdk\containerregistry\Azure.Containers.ContainerRegistry\tests\RegistryArtifactLiveTests.cs(274,98): error CS0103: The name 'ArtifactTagOrderBy' does not exist in the current context
C:\gh\azure-sdk-for-net\sdk\containerregistry\Azure.Containers.ContainerRegistry\tests\RegistryArtifactLiveTests.cs(274,66): error CS1061: 'RegistryArtifact' does not contain a definition for 'GetTagPropertiesCollectionAsync' and no accessible extension method 'GetTagPropertiesCollectionAsync' accepting a first argument of type 'RegistryArtifact' could be found (are you missing a using directive or an assembly reference?)
C:\gh\azure-sdk-for-net\sdk\containerregistry\Azure.Containers.ContainerRegistry\tests\RegistryArtifactLiveTests.cs(298,21): error CS7036: There is no argument given that corresponds to the required formal parameter 'repository' of 'ArtifactTagProperties.ArtifactTagProperties(string, string, string, DateTimeOffset, DateTimeOffset, ContentProperties)'
C:\gh\azure-sdk-for-net\sdk\containerregistry\Azure.Containers.ContainerRegistry\tests\RegistryArtifactLiveTests.cs(300,21): error CS0117: 'ArtifactTagProperties' does not contain a definition for 'CanList'
C:\gh\azure-sdk-for-net\sdk\containerregistry\Azure.Containers.ContainerRegistry\tests\RegistryArtifactLiveTests.cs(301,21): error CS0117: 'ArtifactTagProperties' does not contain a definition for 'CanRead'
C:\gh\azure-sdk-for-net\sdk\containerregistry\Azure.Containers.ContainerRegistry\tests\RegistryArtifactLiveTests.cs(302,21): error CS0117: 'ArtifactTagProperties' does not contain a definition for 'CanWrite'
C:\gh\azure-sdk-for-net\sdk\containerregistry\Azure.Containers.ContainerRegistry\tests\RegistryArtifactLiveTests.cs(303,21): error CS0117: 'ArtifactTagProperties' does not contain a definition for 'CanDelete'
C:\gh\azure-sdk-for-net\sdk\containerregistry\Azure.Containers.ContainerRegistry\tests\RegistryArtifactLiveTests.cs(296,63): error CS1061: 'RegistryArtifact' does not contain a definition for 'UpdateTagPropertiesAsync' and no accessible extension method 'UpdateTagPropertiesAsync' accepting a first argument of type 'RegistryArtifact' could be found (are you missing a using directive or an assembly reference?)
C:\gh\azure-sdk-for-net\sdk\containerregistry\Azure.Containers.ContainerRegistry\tests\RegistryArtifactLiveTests.cs(307,39): error CS1061: 'ArtifactTagProperties' does not contain a definition for 'CanList' and no accessible extension method 'CanList' accepting a first argument of type 'ArtifactTagProperties' could be found (are you missing a using directive or an assembly reference?)
C:\gh\azure-sdk-for-net\sdk\containerregistry\Azure.Containers.ContainerRegistry\tests\RegistryArtifactLiveTests.cs(308,39): error CS1061: 'ArtifactTagProperties' does not contain a definition for 'CanRead' and no accessible extension method 'CanRead' accepting a first argument of type 'ArtifactTagProperties' could be found (are you missing a using directive or an assembly reference?)
C:\gh\azure-sdk-for-net\sdk\containerregistry\Azure.Containers.ContainerRegistry\tests\RegistryArtifactLiveTests.cs(309,39): error CS1061: 'ArtifactTagProperties' does not contain a definition for 'CanWrite' and no accessible extension method 'CanWrite' accepting a first argument of type 'ArtifactTagProperties' could be found (are you missing a using directive or an assembly reference?)
C:\gh\azure-sdk-for-net\sdk\containerregistry\Azure.Containers.ContainerRegistry\tests\RegistryArtifactLiveTests.cs(310,39): error CS1061: 'ArtifactTagProperties' does not contain a definition for 'CanDelete' and no accessible extension method 'CanDelete' accepting a first argument of type 'ArtifactTagProperties' could be found (are you missing a using directive or an assembly reference?)
C:\gh\azure-sdk-for-net\sdk\containerregistry\Azure.Containers.ContainerRegistry\tests\RegistryArtifactLiveTests.cs(314,46): error CS1061: 'ArtifactTagProperties' does not contain a definition for 'CanList' and no accessible extension method 'CanList' accepting a first argument of type 'ArtifactTagProperties' could be found (are you missing a using directive or an assembly reference?)
C:\gh\azure-sdk-for-net\sdk\containerregistry\Azure.Containers.ContainerRegistry\tests\RegistryArtifactLiveTests.cs(315,46): error CS1061: 'ArtifactTagProperties' does not contain a definition for 'CanRead' and no accessible extension method 'CanRead' accepting a first argument of type 'ArtifactTagProperties' could be found (are you missing a using directive or an assembly reference?)
C:\gh\azure-sdk-for-net\sdk\containerregistry\Azure.Containers.ContainerRegistry\tests\RegistryArtifactLiveTests.cs(316,46): error CS1061: 'ArtifactTagProperties' does not contain a definition for 'CanWrite' and no accessible extension method 'CanWrite' accepting a first argument of type 'ArtifactTagProperties' could be found (are you missing a using directive or an assembly reference?)
C:\gh\azure-sdk-for-net\sdk\containerregistry\Azure.Containers.ContainerRegistry\tests\RegistryArtifactLiveTests.cs(317,46): error CS1061: 'ArtifactTagProperties' does not contain a definition for 'CanDelete' and no accessible extension method 'CanDelete' accepting a first argument of type 'ArtifactTagProperties' could be found (are you missing a using directive or an assembly reference?)
C:\gh\azure-sdk-for-net\sdk\containerregistry\Azure.Containers.ContainerRegistry\tests\RegistryArtifactLiveTests.cs(320,28): error CS1061: 'RegistryArtifact' does not contain a definition for 'UpdateTagPropertiesAsync' and no accessible extension method 'UpdateTagPropertiesAsync' accepting a first argument of type 'RegistryArtifact' could be found (are you missing a using directive or an assembly reference?)
C:\gh\azure-sdk-for-net\sdk\containerregistry\Azure.Containers.ContainerRegistry\tests\RegistryArtifactLiveTests.cs(334,21): error CS7036: There is no argument given that corresponds to the required formal parameter 'repository' of 'ArtifactTagProperties.ArtifactTagProperties(string, string, string, DateTimeOffset, DateTimeOffset, ContentProperties)'
C:\gh\azure-sdk-for-net\sdk\containerregistry\Azure.Containers.ContainerRegistry\tests\RegistryArtifactLiveTests.cs(336,21): error CS0117: 'ArtifactTagProperties' does not contain a definition for 'CanList'
C:\gh\azure-sdk-for-net\sdk\containerregistry\Azure.Containers.ContainerRegistry\tests\RegistryArtifactLiveTests.cs(337,21): error CS0117: 'ArtifactTagProperties' does not contain a definition for 'CanRead'
C:\gh\azure-sdk-for-net\sdk\containerregistry\Azure.Containers.ContainerRegistry\tests\RegistryArtifactLiveTests.cs(338,21): error CS0117: 'ArtifactTagProperties' does not contain a definition for 'CanWrite'
C:\gh\azure-sdk-for-net\sdk\containerregistry\Azure.Containers.ContainerRegistry\tests\RegistryArtifactLiveTests.cs(339,21): error CS0117: 'ArtifactTagProperties' does not contain a definition for 'CanDelete'
C:\gh\azure-sdk-for-net\sdk\containerregistry\Azure.Containers.ContainerRegistry\tests\RegistryArtifactLiveTests.cs(332,71): error CS1061: 'RegistryArtifact' does not contain a definition for 'UpdateTagPropertiesAsync' and no accessible extension method 'UpdateTagPropertiesAsync' accepting a first argument of type 'RegistryArtifact' could be found (are you missing a using directive or an assembly reference?)
C:\gh\azure-sdk-for-net\artifacts\obj\Azure.Containers.ContainerRegistry.Tests\Debug\net461\Azure.Containers.ContainerRegistry.Tests.AssemblyInfo.cs(11,1): hidden CS8019: Unnecessary using directive.
C:\gh\azure-sdk-for-net\sdk\containerregistry\Azure.Containers.ContainerRegistry\tests\Authentication\ContainerRegistryChallengeAuthenticationPolicyTest.cs(6,1): hidden CS8019: Unnecessary using directive.
C:\gh\azure-sdk-for-net\sdk\containerregistry\Azure.Containers.ContainerRegistry\tests\Samples\ContainerRegistrySamplesBase.cs(4,1): hidden CS8019: Unnecessary using directive.
C:\gh\azure-sdk-for-net\artifacts\obj\Azure.Containers.ContainerRegistry.Tests\Debug\net461\.NETFramework,Version=v4.6.1.AssemblyAttributes.cs(3,1): hidden CS8019: Unnecessary using directive.
C:\gh\azure-sdk-for-net\sdk\containerregistry\Azure.Containers.ContainerRegistry\tests\Samples\Sample02_DeleteImages.cs(8,1): hidden CS8019: Unnecessary using directive.
C:\gh\azure-sdk-for-net\sdk\containerregistry\Azure.Containers.ContainerRegistry\tests\Samples\Sample04_AnonymousListTags.cs(7,1): hidden CS8019: Unnecessary using directive.
C:\gh\azure-sdk-for-net\sdk\containerregistry\Azure.Containers.ContainerRegistry\tests\Authentication\ContainerRegistryChallengeAuthenticationPolicyTest.cs(5,1): hidden CS8019: Unnecessary using directive.
C:\gh\azure-sdk-for-net\artifacts\obj\Azure.Containers.ContainerRegistry.Tests\Debug\net461\.NETFramework,Version=v4.6.1.AssemblyAttributes.cs(2,1): hidden CS8019: Unnecessary using directive.
C:\gh\azure-sdk-for-net\sdk\containerregistry\Azure.Containers.ContainerRegistry\tests\Samples\Sample01_HelloWorld.cs(8,1): hidden CS8019: Unnecessary using directive.
C:\gh\azure-sdk-for-net\sdk\containerregistry\Azure.Containers.ContainerRegistry\tests\ContainerRegistryRecordedTestBase.cs(11,1): hidden CS8019: Unnecessary using directive.
C:\gh\azure-sdk-for-net\sdk\containerregistry\Azure.Containers.ContainerRegistry\tests\Samples\Sample03_SetImageProperties.cs(7,1): hidden CS8019: Unnecessary using directive.
C:\gh\azure-sdk-for-net\sdk\containerregistry\Azure.Containers.ContainerRegistry\tests\Samples\Sample02_DeleteImages.cs(9,1): hidden CS8019: Unnecessary using directive.
C:\gh\azure-sdk-for-net\sdk\containerregistry\Azure.Containers.ContainerRegistry\tests\ContainerRegistryRecordedTestSanitizer.cs(10,1): hidden CS8019: Unnecessary using directive.
C:\gh\azure-sdk-for-net\sdk\containerregistry\Azure.Containers.ContainerRegistry\tests\Samples\Sample04_AnonymousListTags.cs(8,1): hidden CS8019: Unnecessary using directive.
C:\gh\azure-sdk-for-net\artifacts\obj\Azure.Containers.ContainerRegistry.Tests\Debug\net461\Azure.Containers.ContainerRegistry.Tests.AssemblyInfo.cs(12,1): hidden CS8019: Unnecessary using directive.
C:\gh\azure-sdk-for-net\sdk\containerregistry\Azure.Containers.ContainerRegistry\tests\Samples\ContainerRegistrySamplesBase.cs(7,1): hidden CS8019: Unnecessary using directive.
C:\gh\azure-sdk-for-net\sdk\containerregistry\Azure.Containers.ContainerRegistry\tests\Samples\Sample03_SetImageProperties.cs(8,1): hidden CS8019: Unnecessary using directive.
C:\gh\azure-sdk-for-net\sdk\containerregistry\Azure.Containers.ContainerRegistry\tests\Samples\ContainerRegistrySamplesBase.cs(8,1): hidden CS8019: Unnecessary using directive.
C:\gh\azure-sdk-for-net\sdk\containerregistry\Azure.Containers.ContainerRegistry\tests\Samples\Sample01_HelloWorld.cs(10,1): hidden CS8019: Unnecessary using directive.
