C:\gh\azure-sdk-for-net\sdk\keyvault\Microsoft.Azure.KeyVault.Cryptography\tests\Tests\Cryptography\Algorithms\AesCbcHmacTests.cs(16,36): error CS0246: The type or namespace name 'IClassFixture<>' could not be found (are you missing a using directive or an assembly reference?)
C:\gh\azure-sdk-for-net\sdk\keyvault\Microsoft.Azure.KeyVault.Cryptography\tests\Tests\Cryptography\Algorithms\AesKwTests.cs(16,31): error CS0246: The type or namespace name 'IClassFixture<>' could not be found (are you missing a using directive or an assembly reference?)
C:\gh\azure-sdk-for-net\sdk\keyvault\Microsoft.Azure.KeyVault.Cryptography\tests\Tests\Cryptography\Algorithms\RsaKeyTests.cs(20,32): error CS0246: The type or namespace name 'IClassFixture<>' could not be found (are you missing a using directive or an assembly reference?)
C:\gh\azure-sdk-for-net\sdk\keyvault\Microsoft.Azure.KeyVault.Cryptography\tests\Tests\Cryptography\Algorithms\AesCbcTests.cs(16,32): error CS0246: The type or namespace name 'IClassFixture<>' could not be found (are you missing a using directive or an assembly reference?)
C:\gh\azure-sdk-for-net\sdk\keyvault\Microsoft.Azure.KeyVault.Cryptography\tests\Tests\Cryptography\Algorithms\SymmetricKeyTests.cs(16,38): error CS0246: The type or namespace name 'IClassFixture<>' could not be found (are you missing a using directive or an assembly reference?)
C:\gh\azure-sdk-for-net\sdk\keyvault\Microsoft.Azure.KeyVault.Cryptography\tests\Tests\Cryptography\Algorithms\EcKeyTests.cs(15,31): error CS0246: The type or namespace name 'IClassFixture<>' could not be found (are you missing a using directive or an assembly reference?)
C:\gh\azure-sdk-for-net\sdk\keyvault\Microsoft.Azure.KeyVault.Cryptography\tests\Tests\Cryptography\Algorithms\SymmetricKeyTests.cs(152,10): error CS0246: The type or namespace name 'FactAttribute' could not be found (are you missing a using directive or an assembly reference?)
C:\gh\azure-sdk-for-net\sdk\keyvault\Microsoft.Azure.KeyVault.Cryptography\tests\Tests\Cryptography\Algorithms\SymmetricKeyTests.cs(152,10): error CS0246: The type or namespace name 'Fact' could not be found (are you missing a using directive or an assembly reference?)
C:\gh\azure-sdk-for-net\sdk\keyvault\Microsoft.Azure.KeyVault.Cryptography\tests\Tests\Cryptography\Algorithms\RsaKeyTests.cs(107,10): error CS0246: The type or namespace name 'FactAttribute' could not be found (are you missing a using directive or an assembly reference?)
C:\gh\azure-sdk-for-net\sdk\keyvault\Microsoft.Azure.KeyVault.Cryptography\tests\Tests\Cryptography\Algorithms\RsaKeyTests.cs(107,10): error CS0246: The type or namespace name 'Fact' could not be found (are you missing a using directive or an assembly reference?)
C:\gh\azure-sdk-for-net\sdk\keyvault\Microsoft.Azure.KeyVault.Cryptography\tests\Tests\Cryptography\Algorithms\SymmetricKeyTests.cs(127,10): error CS0246: The type or namespace name 'FactAttribute' could not be found (are you missing a using directive or an assembly reference?)
C:\gh\azure-sdk-for-net\sdk\keyvault\Microsoft.Azure.KeyVault.Cryptography\tests\Tests\Cryptography\Algorithms\SymmetricKeyTests.cs(127,10): error CS0246: The type or namespace name 'Fact' could not be found (are you missing a using directive or an assembly reference?)
C:\gh\azure-sdk-for-net\sdk\keyvault\Microsoft.Azure.KeyVault.Cryptography\tests\Tests\Cryptography\Algorithms\SymmetricKeyTests.cs(102,10): error CS0246: The type or namespace name 'FactAttribute' could not be found (are you missing a using directive or an assembly reference?)
C:\gh\azure-sdk-for-net\sdk\keyvault\Microsoft.Azure.KeyVault.Cryptography\tests\Tests\Cryptography\Algorithms\SymmetricKeyTests.cs(102,10): error CS0246: The type or namespace name 'Fact' could not be found (are you missing a using directive or an assembly reference?)
C:\gh\azure-sdk-for-net\sdk\keyvault\Microsoft.Azure.KeyVault.Cryptography\tests\Tests\Cryptography\Algorithms\RsaKeyTests.cs(83,10): error CS0246: The type or namespace name 'FactAttribute' could not be found (are you missing a using directive or an assembly reference?)
C:\gh\azure-sdk-for-net\sdk\keyvault\Microsoft.Azure.KeyVault.Cryptography\tests\Tests\Cryptography\Algorithms\RsaKeyTests.cs(83,10): error CS0246: The type or namespace name 'Fact' could not be found (are you missing a using directive or an assembly reference?)
C:\gh\azure-sdk-for-net\sdk\keyvault\Microsoft.Azure.KeyVault.Cryptography\tests\Tests\Cryptography\Algorithms\SymmetricKeyTests.cs(77,10): error CS0246: The type or namespace name 'FactAttribute' could not be found (are you missing a using directive or an assembly reference?)
C:\gh\azure-sdk-for-net\sdk\keyvault\Microsoft.Azure.KeyVault.Cryptography\tests\Tests\Cryptography\Algorithms\SymmetricKeyTests.cs(77,10): error CS0246: The type or namespace name 'Fact' could not be found (are you missing a using directive or an assembly reference?)
C:\gh\azure-sdk-for-net\sdk\keyvault\Microsoft.Azure.KeyVault.Cryptography\tests\Tests\Cryptography\Algorithms\SymmetricKeyTests.cs(52,10): error CS0246: The type or namespace name 'FactAttribute' could not be found (are you missing a using directive or an assembly reference?)
C:\gh\azure-sdk-for-net\sdk\keyvault\Microsoft.Azure.KeyVault.Cryptography\tests\Tests\Cryptography\Algorithms\SymmetricKeyTests.cs(52,10): error CS0246: The type or namespace name 'Fact' could not be found (are you missing a using directive or an assembly reference?)
C:\gh\azure-sdk-for-net\sdk\keyvault\Microsoft.Azure.KeyVault.Cryptography\tests\Tests\Cryptography\Algorithms\RsaKeyTests.cs(60,10): error CS0246: The type or namespace name 'FactAttribute' could not be found (are you missing a using directive or an assembly reference?)
C:\gh\azure-sdk-for-net\sdk\keyvault\Microsoft.Azure.KeyVault.Cryptography\tests\Tests\Cryptography\Algorithms\RsaKeyTests.cs(60,10): error CS0246: The type or namespace name 'Fact' could not be found (are you missing a using directive or an assembly reference?)
C:\gh\azure-sdk-for-net\sdk\keyvault\Microsoft.Azure.KeyVault.Cryptography\tests\Tests\Cryptography\Algorithms\RsaKeyTests.cs(35,10): error CS0246: The type or namespace name 'FactAttribute' could not be found (are you missing a using directive or an assembly reference?)
C:\gh\azure-sdk-for-net\sdk\keyvault\Microsoft.Azure.KeyVault.Cryptography\tests\Tests\Cryptography\Algorithms\RsaKeyTests.cs(35,10): error CS0246: The type or namespace name 'Fact' could not be found (are you missing a using directive or an assembly reference?)
C:\gh\azure-sdk-for-net\sdk\keyvault\Microsoft.Azure.KeyVault.Cryptography\tests\Tests\Cryptography\Algorithms\SymmetricKeyTests.cs(27,10): error CS0246: The type or namespace name 'FactAttribute' could not be found (are you missing a using directive or an assembly reference?)
C:\gh\azure-sdk-for-net\sdk\keyvault\Microsoft.Azure.KeyVault.Cryptography\tests\Tests\Cryptography\Algorithms\SymmetricKeyTests.cs(27,10): error CS0246: The type or namespace name 'Fact' could not be found (are you missing a using directive or an assembly reference?)
C:\gh\azure-sdk-for-net\eng\mgmt\DisableTestRunParallel.cs(7,12): error CS0246: The type or namespace name 'CollectionBehaviorAttribute' could not be found (are you missing a using directive or an assembly reference?)
C:\gh\azure-sdk-for-net\eng\mgmt\DisableTestRunParallel.cs(7,12): error CS0246: The type or namespace name 'CollectionBehavior' could not be found (are you missing a using directive or an assembly reference?)
C:\gh\azure-sdk-for-net\eng\mgmt\DisableTestRunParallel.cs(7,31): error CS0246: The type or namespace name 'DisableTestParallelization' could not be found (are you missing a using directive or an assembly reference?)
C:\gh\azure-sdk-for-net\eng\mgmt\DisableTestRunParallel.cs(7,66): error CS0246: The type or namespace name 'MaxParallelThreads' could not be found (are you missing a using directive or an assembly reference?)
C:\gh\azure-sdk-for-net\sdk\keyvault\Microsoft.Azure.KeyVault.Cryptography\tests\Tests\Cryptography\Algorithms\AesCbcHmacTests.cs(8,7): error CS0246: The type or namespace name 'Xunit' could not be found (are you missing a using directive or an assembly reference?)
C:\gh\azure-sdk-for-net\sdk\keyvault\Microsoft.Azure.KeyVault.Cryptography\tests\Tests\Cryptography\Algorithms\AesCbcTests.cs(8,7): error CS0246: The type or namespace name 'Xunit' could not be found (are you missing a using directive or an assembly reference?)
C:\gh\azure-sdk-for-net\sdk\keyvault\Microsoft.Azure.KeyVault.Cryptography\tests\Tests\Cryptography\Algorithms\AesKwTests.cs(8,7): error CS0246: The type or namespace name 'Xunit' could not be found (are you missing a using directive or an assembly reference?)
C:\gh\azure-sdk-for-net\sdk\keyvault\Microsoft.Azure.KeyVault.Cryptography\tests\Tests\Cryptography\Algorithms\EcKeyTests.cs(7,7): error CS0246: The type or namespace name 'Newtonsoft' could not be found (are you missing a using directive or an assembly reference?)
C:\gh\azure-sdk-for-net\sdk\keyvault\Microsoft.Azure.KeyVault.Cryptography\tests\Tests\Cryptography\Algorithms\EcKeyTests.cs(8,7): error CS0246: The type or namespace name 'Xunit' could not be found (are you missing a using directive or an assembly reference?)
C:\gh\azure-sdk-for-net\sdk\keyvault\Microsoft.Azure.KeyVault.Cryptography\tests\Tests\Cryptography\Algorithms\RsaKeyTests.cs(11,7): error CS0246: The type or namespace name 'Newtonsoft' could not be found (are you missing a using directive or an assembly reference?)
C:\gh\azure-sdk-for-net\sdk\keyvault\Microsoft.Azure.KeyVault.Cryptography\tests\Tests\Cryptography\Algorithms\RsaKeyTests.cs(12,7): error CS0246: The type or namespace name 'Xunit' could not be found (are you missing a using directive or an assembly reference?)
C:\gh\azure-sdk-for-net\sdk\keyvault\Microsoft.Azure.KeyVault.Cryptography\tests\Tests\Cryptography\Algorithms\SymmetricKeyTests.cs(8,7): error CS0246: The type or namespace name 'Xunit' could not be found (are you missing a using directive or an assembly reference?)
C:\gh\azure-sdk-for-net\eng\mgmt\DisableTestRunParallel.cs(5,7): error CS0246: The type or namespace name 'Xunit' could not be found (are you missing a using directive or an assembly reference?)
C:\gh\azure-sdk-for-net\sdk\keyvault\Microsoft.Azure.KeyVault.Cryptography\tests\Tests\Cryptography\Algorithms\AesCbcTests.cs(26,10): error CS0246: The type or namespace name 'FactAttribute' could not be found (are you missing a using directive or an assembly reference?)
C:\gh\azure-sdk-for-net\sdk\keyvault\Microsoft.Azure.KeyVault.Cryptography\tests\Tests\Cryptography\Algorithms\AesCbcTests.cs(26,10): error CS0246: The type or namespace name 'Fact' could not be found (are you missing a using directive or an assembly reference?)
C:\gh\azure-sdk-for-net\sdk\keyvault\Microsoft.Azure.KeyVault.Cryptography\tests\Tests\Cryptography\Algorithms\AesKwTests.cs(26,10): error CS0246: The type or namespace name 'FactAttribute' could not be found (are you missing a using directive or an assembly reference?)
C:\gh\azure-sdk-for-net\sdk\keyvault\Microsoft.Azure.KeyVault.Cryptography\tests\Tests\Cryptography\Algorithms\AesKwTests.cs(26,10): error CS0246: The type or namespace name 'Fact' could not be found (are you missing a using directive or an assembly reference?)
C:\gh\azure-sdk-for-net\sdk\keyvault\Microsoft.Azure.KeyVault.Cryptography\tests\Tests\Cryptography\Algorithms\AesCbcHmacTests.cs(27,10): error CS0246: The type or namespace name 'FactAttribute' could not be found (are you missing a using directive or an assembly reference?)
C:\gh\azure-sdk-for-net\sdk\keyvault\Microsoft.Azure.KeyVault.Cryptography\tests\Tests\Cryptography\Algorithms\AesCbcHmacTests.cs(27,10): error CS0246: The type or namespace name 'Fact' could not be found (are you missing a using directive or an assembly reference?)
C:\gh\azure-sdk-for-net\sdk\keyvault\Microsoft.Azure.KeyVault.Cryptography\tests\Tests\Cryptography\Algorithms\AesCbcTests.cs(61,10): error CS0246: The type or namespace name 'FactAttribute' could not be found (are you missing a using directive or an assembly reference?)
C:\gh\azure-sdk-for-net\sdk\keyvault\Microsoft.Azure.KeyVault.Cryptography\tests\Tests\Cryptography\Algorithms\AesCbcTests.cs(61,10): error CS0246: The type or namespace name 'Fact' could not be found (are you missing a using directive or an assembly reference?)
C:\gh\azure-sdk-for-net\sdk\keyvault\Microsoft.Azure.KeyVault.Cryptography\tests\Tests\Cryptography\Algorithms\AesKwTests.cs(56,10): error CS0246: The type or namespace name 'FactAttribute' could not be found (are you missing a using directive or an assembly reference?)
C:\gh\azure-sdk-for-net\sdk\keyvault\Microsoft.Azure.KeyVault.Cryptography\tests\Tests\Cryptography\Algorithms\AesKwTests.cs(56,10): error CS0246: The type or namespace name 'Fact' could not be found (are you missing a using directive or an assembly reference?)
C:\gh\azure-sdk-for-net\sdk\keyvault\Microsoft.Azure.KeyVault.Cryptography\tests\Tests\Cryptography\Algorithms\AesCbcTests.cs(96,10): error CS0246: The type or namespace name 'FactAttribute' could not be found (are you missing a using directive or an assembly reference?)
C:\gh\azure-sdk-for-net\sdk\keyvault\Microsoft.Azure.KeyVault.Cryptography\tests\Tests\Cryptography\Algorithms\AesCbcTests.cs(96,10): error CS0246: The type or namespace name 'Fact' could not be found (are you missing a using directive or an assembly reference?)
C:\gh\azure-sdk-for-net\sdk\keyvault\Microsoft.Azure.KeyVault.Cryptography\tests\Tests\Cryptography\Algorithms\AesCbcTests.cs(131,10): error CS0246: The type or namespace name 'FactAttribute' could not be found (are you missing a using directive or an assembly reference?)
C:\gh\azure-sdk-for-net\sdk\keyvault\Microsoft.Azure.KeyVault.Cryptography\tests\Tests\Cryptography\Algorithms\AesCbcTests.cs(131,10): error CS0246: The type or namespace name 'Fact' could not be found (are you missing a using directive or an assembly reference?)
C:\gh\azure-sdk-for-net\sdk\keyvault\Microsoft.Azure.KeyVault.Cryptography\tests\Tests\Cryptography\Algorithms\AesKwTests.cs(86,10): error CS0246: The type or namespace name 'FactAttribute' could not be found (are you missing a using directive or an assembly reference?)
C:\gh\azure-sdk-for-net\sdk\keyvault\Microsoft.Azure.KeyVault.Cryptography\tests\Tests\Cryptography\Algorithms\AesKwTests.cs(86,10): error CS0246: The type or namespace name 'Fact' could not be found (are you missing a using directive or an assembly reference?)
C:\gh\azure-sdk-for-net\sdk\keyvault\Microsoft.Azure.KeyVault.Cryptography\tests\Tests\Cryptography\Algorithms\AesKwTests.cs(116,10): error CS0246: The type or namespace name 'FactAttribute' could not be found (are you missing a using directive or an assembly reference?)
C:\gh\azure-sdk-for-net\sdk\keyvault\Microsoft.Azure.KeyVault.Cryptography\tests\Tests\Cryptography\Algorithms\AesKwTests.cs(116,10): error CS0246: The type or namespace name 'Fact' could not be found (are you missing a using directive or an assembly reference?)
C:\gh\azure-sdk-for-net\sdk\keyvault\Microsoft.Azure.KeyVault.Cryptography\tests\Tests\Cryptography\Algorithms\AesCbcHmacTests.cs(81,10): error CS0246: The type or namespace name 'FactAttribute' could not be found (are you missing a using directive or an assembly reference?)
C:\gh\azure-sdk-for-net\sdk\keyvault\Microsoft.Azure.KeyVault.Cryptography\tests\Tests\Cryptography\Algorithms\AesCbcHmacTests.cs(81,10): error CS0246: The type or namespace name 'Fact' could not be found (are you missing a using directive or an assembly reference?)
C:\gh\azure-sdk-for-net\sdk\keyvault\Microsoft.Azure.KeyVault.Cryptography\tests\Tests\Cryptography\Algorithms\AesKwTests.cs(146,10): error CS0246: The type or namespace name 'FactAttribute' could not be found (are you missing a using directive or an assembly reference?)
C:\gh\azure-sdk-for-net\sdk\keyvault\Microsoft.Azure.KeyVault.Cryptography\tests\Tests\Cryptography\Algorithms\AesKwTests.cs(146,10): error CS0246: The type or namespace name 'Fact' could not be found (are you missing a using directive or an assembly reference?)
C:\gh\azure-sdk-for-net\sdk\keyvault\Microsoft.Azure.KeyVault.Cryptography\tests\Tests\Cryptography\Algorithms\AesCbcHmacTests.cs(137,10): error CS0246: The type or namespace name 'FactAttribute' could not be found (are you missing a using directive or an assembly reference?)
C:\gh\azure-sdk-for-net\sdk\keyvault\Microsoft.Azure.KeyVault.Cryptography\tests\Tests\Cryptography\Algorithms\AesCbcHmacTests.cs(137,10): error CS0246: The type or namespace name 'Fact' could not be found (are you missing a using directive or an assembly reference?)
C:\gh\azure-sdk-for-net\sdk\keyvault\Microsoft.Azure.KeyVault.Cryptography\tests\Tests\Cryptography\Algorithms\AesKwTests.cs(176,10): error CS0246: The type or namespace name 'FactAttribute' could not be found (are you missing a using directive or an assembly reference?)
C:\gh\azure-sdk-for-net\sdk\keyvault\Microsoft.Azure.KeyVault.Cryptography\tests\Tests\Cryptography\Algorithms\AesKwTests.cs(176,10): error CS0246: The type or namespace name 'Fact' could not be found (are you missing a using directive or an assembly reference?)
C:\gh\azure-sdk-for-net\sdk\keyvault\Microsoft.Azure.KeyVault.Cryptography\tests\Tests\Cryptography\Algorithms\EcKeyTests.cs(46,23): error CS0103: The name 'JsonConvert' does not exist in the current context
C:\gh\azure-sdk-for-net\sdk\keyvault\Microsoft.Azure.KeyVault.Cryptography\tests\Tests\Cryptography\Algorithms\EcKeyTests.cs(49,13): error CS0103: The name 'Assert' does not exist in the current context
C:\gh\azure-sdk-for-net\sdk\keyvault\Microsoft.Azure.KeyVault.Cryptography\tests\Tests\Cryptography\Algorithms\EcKeyTests.cs(50,13): error CS0103: The name 'Assert' does not exist in the current context
C:\gh\azure-sdk-for-net\sdk\keyvault\Microsoft.Azure.KeyVault.Cryptography\tests\Tests\Cryptography\Algorithms\AesKwTests.cs(41,17): error CS0103: The name 'Assert' does not exist in the current context
C:\gh\azure-sdk-for-net\sdk\keyvault\Microsoft.Azure.KeyVault.Cryptography\tests\Tests\Cryptography\Algorithms\AesKwTests.cs(49,17): error CS0103: The name 'Assert' does not exist in the current context
C:\gh\azure-sdk-for-net\sdk\keyvault\Microsoft.Azure.KeyVault.Cryptography\tests\Tests\Cryptography\Algorithms\SymmetricKeyTests.cs(40,13): error CS0103: The name 'Assert' does not exist in the current context
C:\gh\azure-sdk-for-net\sdk\keyvault\Microsoft.Azure.KeyVault.Cryptography\tests\Tests\Cryptography\Algorithms\SymmetricKeyTests.cs(41,13): error CS0103: The name 'Assert' does not exist in the current context
C:\gh\azure-sdk-for-net\sdk\keyvault\Microsoft.Azure.KeyVault.Cryptography\tests\Tests\Cryptography\Algorithms\SymmetricKeyTests.cs(46,13): error CS0103: The name 'Assert' does not exist in the current context
C:\gh\azure-sdk-for-net\sdk\keyvault\Microsoft.Azure.KeyVault.Cryptography\tests\Tests\Cryptography\Algorithms\EcKeyTests.cs(77,13): error CS0103: The name 'Assert' does not exist in the current context
C:\gh\azure-sdk-for-net\sdk\keyvault\Microsoft.Azure.KeyVault.Cryptography\tests\Tests\Cryptography\Algorithms\EcKeyTests.cs(78,13): error CS0103: The name 'Assert' does not exist in the current context
C:\gh\azure-sdk-for-net\sdk\keyvault\Microsoft.Azure.KeyVault.Cryptography\tests\Tests\Cryptography\Algorithms\RsaKeyTests.cs(45,13): error CS0103: The name 'Assert' does not exist in the current context
C:\gh\azure-sdk-for-net\sdk\keyvault\Microsoft.Azure.KeyVault.Cryptography\tests\Tests\Cryptography\Algorithms\RsaKeyTests.cs(46,13): error CS0103: The name 'Assert' does not exist in the current context
C:\gh\azure-sdk-for-net\sdk\keyvault\Microsoft.Azure.KeyVault.Cryptography\tests\Tests\Cryptography\Algorithms\RsaKeyTests.cs(53,13): error CS0103: The name 'Assert' does not exist in the current context
C:\gh\azure-sdk-for-net\sdk\keyvault\Microsoft.Azure.KeyVault.Cryptography\tests\Tests\Cryptography\Algorithms\RsaKeyTests.cs(54,13): error CS0103: The name 'Assert' does not exist in the current context
C:\gh\azure-sdk-for-net\sdk\keyvault\Microsoft.Azure.KeyVault.Cryptography\tests\Tests\Cryptography\Algorithms\AesKwTests.cs(71,17): error CS0103: The name 'Assert' does not exist in the current context
C:\gh\azure-sdk-for-net\sdk\keyvault\Microsoft.Azure.KeyVault.Cryptography\tests\Tests\Cryptography\Algorithms\AesKwTests.cs(79,17): error CS0103: The name 'Assert' does not exist in the current context
C:\gh\azure-sdk-for-net\sdk\keyvault\Microsoft.Azure.KeyVault.Cryptography\tests\Tests\Cryptography\Algorithms\AesCbcTests.cs(46,17): error CS0103: The name 'Assert' does not exist in the current context
C:\gh\azure-sdk-for-net\sdk\keyvault\Microsoft.Azure.KeyVault.Cryptography\tests\Tests\Cryptography\Algorithms\AesCbcTests.cs(54,17): error CS0103: The name 'Assert' does not exist in the current context
C:\gh\azure-sdk-for-net\sdk\keyvault\Microsoft.Azure.KeyVault.Cryptography\tests\Tests\Cryptography\Algorithms\AesCbcHmacTests.cs(63,17): error CS0103: The name 'Assert' does not exist in the current context
C:\gh\azure-sdk-for-net\sdk\keyvault\Microsoft.Azure.KeyVault.Cryptography\tests\Tests\Cryptography\Algorithms\AesCbcHmacTests.cs(64,17): error CS0103: The name 'Assert' does not exist in the current context
C:\gh\azure-sdk-for-net\sdk\keyvault\Microsoft.Azure.KeyVault.Cryptography\tests\Tests\Cryptography\Algorithms\AesCbcHmacTests.cs(72,17): error CS0103: The name 'Assert' does not exist in the current context
C:\gh\azure-sdk-for-net\sdk\keyvault\Microsoft.Azure.KeyVault.Cryptography\tests\Tests\Cryptography\Algorithms\AesCbcHmacTests.cs(73,17): error CS0103: The name 'Assert' does not exist in the current context
C:\gh\azure-sdk-for-net\sdk\keyvault\Microsoft.Azure.KeyVault.Cryptography\tests\Tests\Cryptography\Algorithms\SymmetricKeyTests.cs(65,13): error CS0103: The name 'Assert' does not exist in the current context
C:\gh\azure-sdk-for-net\sdk\keyvault\Microsoft.Azure.KeyVault.Cryptography\tests\Tests\Cryptography\Algorithms\SymmetricKeyTests.cs(66,13): error CS0103: The name 'Assert' does not exist in the current context
C:\gh\azure-sdk-for-net\sdk\keyvault\Microsoft.Azure.KeyVault.Cryptography\tests\Tests\Cryptography\Algorithms\SymmetricKeyTests.cs(71,13): error CS0103: The name 'Assert' does not exist in the current context
C:\gh\azure-sdk-for-net\sdk\keyvault\Microsoft.Azure.KeyVault.Cryptography\tests\Tests\Cryptography\Algorithms\RsaKeyTests.cs(69,13): error CS0103: The name 'Assert' does not exist in the current context
C:\gh\azure-sdk-for-net\sdk\keyvault\Microsoft.Azure.KeyVault.Cryptography\tests\Tests\Cryptography\Algorithms\RsaKeyTests.cs(70,13): error CS0103: The name 'Assert' does not exist in the current context
C:\gh\azure-sdk-for-net\sdk\keyvault\Microsoft.Azure.KeyVault.Cryptography\tests\Tests\Cryptography\Algorithms\RsaKeyTests.cs(76,13): error CS0103: The name 'Assert' does not exist in the current context
C:\gh\azure-sdk-for-net\sdk\keyvault\Microsoft.Azure.KeyVault.Cryptography\tests\Tests\Cryptography\Algorithms\RsaKeyTests.cs(77,13): error CS0103: The name 'Assert' does not exist in the current context
C:\gh\azure-sdk-for-net\sdk\keyvault\Microsoft.Azure.KeyVault.Cryptography\tests\Tests\Cryptography\Algorithms\EcKeyTests.cs(95,13): error CS0103: The name 'Assert' does not exist in the current context
C:\gh\azure-sdk-for-net\sdk\keyvault\Microsoft.Azure.KeyVault.Cryptography\tests\Tests\Cryptography\Algorithms\EcKeyTests.cs(99,13): error CS0103: The name 'Assert' does not exist in the current context
C:\gh\azure-sdk-for-net\sdk\keyvault\Microsoft.Azure.KeyVault.Cryptography\tests\Tests\Cryptography\Algorithms\EcKeyTests.cs(105,17): error CS0103: The name 'Assert' does not exist in the current context
C:\gh\azure-sdk-for-net\sdk\keyvault\Microsoft.Azure.KeyVault.Cryptography\tests\Tests\Cryptography\Algorithms\EcKeyTests.cs(112,13): error CS0103: The name 'Assert' does not exist in the current context
C:\gh\azure-sdk-for-net\sdk\keyvault\Microsoft.Azure.KeyVault.Cryptography\tests\Tests\Cryptography\Algorithms\EcKeyTests.cs(118,17): error CS0103: The name 'Assert' does not exist in the current context
C:\gh\azure-sdk-for-net\sdk\keyvault\Microsoft.Azure.KeyVault.Cryptography\tests\Tests\Cryptography\Algorithms\AesKwTests.cs(101,17): error CS0103: The name 'Assert' does not exist in the current context
C:\gh\azure-sdk-for-net\sdk\keyvault\Microsoft.Azure.KeyVault.Cryptography\tests\Tests\Cryptography\Algorithms\AesKwTests.cs(109,17): error CS0103: The name 'Assert' does not exist in the current context
C:\gh\azure-sdk-for-net\sdk\keyvault\Microsoft.Azure.KeyVault.Cryptography\tests\Tests\Cryptography\Algorithms\SymmetricKeyTests.cs(90,13): error CS0103: The name 'Assert' does not exist in the current context
C:\gh\azure-sdk-for-net\sdk\keyvault\Microsoft.Azure.KeyVault.Cryptography\tests\Tests\Cryptography\Algorithms\SymmetricKeyTests.cs(91,13): error CS0103: The name 'Assert' does not exist in the current context
C:\gh\azure-sdk-for-net\sdk\keyvault\Microsoft.Azure.KeyVault.Cryptography\tests\Tests\Cryptography\Algorithms\SymmetricKeyTests.cs(96,13): error CS0103: The name 'Assert' does not exist in the current context
C:\gh\azure-sdk-for-net\sdk\keyvault\Microsoft.Azure.KeyVault.Cryptography\tests\Tests\Cryptography\Algorithms\RsaKeyTests.cs(88,13): error CS0103: The name 'Assert' does not exist in the current context
C:\gh\azure-sdk-for-net\sdk\keyvault\Microsoft.Azure.KeyVault.Cryptography\tests\Tests\Cryptography\Algorithms\RsaKeyTests.cs(89,13): error CS0103: The name 'Assert' does not exist in the current context
C:\gh\azure-sdk-for-net\sdk\keyvault\Microsoft.Azure.KeyVault.Cryptography\tests\Tests\Cryptography\Algorithms\RsaKeyTests.cs(90,13): error CS0103: The name 'Assert' does not exist in the current context
C:\gh\azure-sdk-for-net\sdk\keyvault\Microsoft.Azure.KeyVault.Cryptography\tests\Tests\Cryptography\Algorithms\RsaKeyTests.cs(96,13): error CS0103: The name 'Assert' does not exist in the current context
C:\gh\azure-sdk-for-net\sdk\keyvault\Microsoft.Azure.KeyVault.Cryptography\tests\Tests\Cryptography\Algorithms\RsaKeyTests.cs(97,13): error CS0103: The name 'Assert' does not exist in the current context
C:\gh\azure-sdk-for-net\sdk\keyvault\Microsoft.Azure.KeyVault.Cryptography\tests\Tests\Cryptography\Algorithms\RsaKeyTests.cs(103,13): error CS0103: The name 'Assert' does not exist in the current context
C:\gh\azure-sdk-for-net\sdk\keyvault\Microsoft.Azure.KeyVault.Cryptography\tests\Tests\Cryptography\Algorithms\RsaKeyTests.cs(104,13): error CS0103: The name 'Assert' does not exist in the current context
C:\gh\azure-sdk-for-net\sdk\keyvault\Microsoft.Azure.KeyVault.Cryptography\tests\Tests\Cryptography\Algorithms\AesCbcTests.cs(81,17): error CS0103: The name 'Assert' does not exist in the current context
C:\gh\azure-sdk-for-net\sdk\keyvault\Microsoft.Azure.KeyVault.Cryptography\tests\Tests\Cryptography\Algorithms\AesCbcTests.cs(89,17): error CS0103: The name 'Assert' does not exist in the current context
C:\gh\azure-sdk-for-net\sdk\keyvault\Microsoft.Azure.KeyVault.Cryptography\tests\Tests\Cryptography\Algorithms\AesKwTests.cs(131,17): error CS0103: The name 'Assert' does not exist in the current context
C:\gh\azure-sdk-for-net\sdk\keyvault\Microsoft.Azure.KeyVault.Cryptography\tests\Tests\Cryptography\Algorithms\AesKwTests.cs(139,17): error CS0103: The name 'Assert' does not exist in the current context
C:\gh\azure-sdk-for-net\sdk\keyvault\Microsoft.Azure.KeyVault.Cryptography\tests\Tests\Cryptography\Algorithms\AesCbcHmacTests.cs(119,17): error CS0103: The name 'Assert' does not exist in the current context
C:\gh\azure-sdk-for-net\sdk\keyvault\Microsoft.Azure.KeyVault.Cryptography\tests\Tests\Cryptography\Algorithms\AesCbcHmacTests.cs(120,17): error CS0103: The name 'Assert' does not exist in the current context
C:\gh\azure-sdk-for-net\sdk\keyvault\Microsoft.Azure.KeyVault.Cryptography\tests\Tests\Cryptography\Algorithms\AesCbcHmacTests.cs(128,17): error CS0103: The name 'Assert' does not exist in the current context
C:\gh\azure-sdk-for-net\sdk\keyvault\Microsoft.Azure.KeyVault.Cryptography\tests\Tests\Cryptography\Algorithms\AesCbcHmacTests.cs(129,17): error CS0103: The name 'Assert' does not exist in the current context
C:\gh\azure-sdk-for-net\sdk\keyvault\Microsoft.Azure.KeyVault.Cryptography\tests\Tests\Cryptography\Algorithms\RsaKeyTests.cs(115,13): error CS0103: The name 'Assert' does not exist in the current context
C:\gh\azure-sdk-for-net\sdk\keyvault\Microsoft.Azure.KeyVault.Cryptography\tests\Tests\Cryptography\Algorithms\RsaKeyTests.cs(116,13): error CS0103: The name 'Assert' does not exist in the current context
C:\gh\azure-sdk-for-net\sdk\keyvault\Microsoft.Azure.KeyVault.Cryptography\tests\Tests\Cryptography\Algorithms\RsaKeyTests.cs(120,13): error CS0103: The name 'Assert' does not exist in the current context
C:\gh\azure-sdk-for-net\sdk\keyvault\Microsoft.Azure.KeyVault.Cryptography\tests\Tests\Cryptography\Algorithms\RsaKeyTests.cs(121,13): error CS0103: The name 'Assert' does not exist in the current context
C:\gh\azure-sdk-for-net\sdk\keyvault\Microsoft.Azure.KeyVault.Cryptography\tests\Tests\Cryptography\Algorithms\RsaKeyTests.cs(125,13): error CS0103: The name 'Assert' does not exist in the current context
C:\gh\azure-sdk-for-net\sdk\keyvault\Microsoft.Azure.KeyVault.Cryptography\tests\Tests\Cryptography\Algorithms\RsaKeyTests.cs(130,13): error CS0103: The name 'Assert' does not exist in the current context
C:\gh\azure-sdk-for-net\sdk\keyvault\Microsoft.Azure.KeyVault.Cryptography\tests\Tests\Cryptography\Algorithms\SymmetricKeyTests.cs(115,13): error CS0103: The name 'Assert' does not exist in the current context
C:\gh\azure-sdk-for-net\sdk\keyvault\Microsoft.Azure.KeyVault.Cryptography\tests\Tests\Cryptography\Algorithms\SymmetricKeyTests.cs(116,13): error CS0103: The name 'Assert' does not exist in the current context
C:\gh\azure-sdk-for-net\sdk\keyvault\Microsoft.Azure.KeyVault.Cryptography\tests\Tests\Cryptography\Algorithms\SymmetricKeyTests.cs(121,13): error CS0103: The name 'Assert' does not exist in the current context
C:\gh\azure-sdk-for-net\sdk\keyvault\Microsoft.Azure.KeyVault.Cryptography\tests\Tests\Cryptography\Algorithms\AesKwTests.cs(161,17): error CS0103: The name 'Assert' does not exist in the current context
C:\gh\azure-sdk-for-net\sdk\keyvault\Microsoft.Azure.KeyVault.Cryptography\tests\Tests\Cryptography\Algorithms\AesKwTests.cs(169,17): error CS0103: The name 'Assert' does not exist in the current context
C:\gh\azure-sdk-for-net\sdk\keyvault\Microsoft.Azure.KeyVault.Cryptography\tests\Tests\Cryptography\Algorithms\RsaKeyTests.cs(137,30): error CS0103: The name 'JsonConvert' does not exist in the current context
C:\gh\azure-sdk-for-net\sdk\keyvault\Microsoft.Azure.KeyVault.Cryptography\tests\Tests\Cryptography\Algorithms\AesCbcTests.cs(116,17): error CS0103: The name 'Assert' does not exist in the current context
C:\gh\azure-sdk-for-net\sdk\keyvault\Microsoft.Azure.KeyVault.Cryptography\tests\Tests\Cryptography\Algorithms\AesCbcTests.cs(124,17): error CS0103: The name 'Assert' does not exist in the current context
C:\gh\azure-sdk-for-net\sdk\keyvault\Microsoft.Azure.KeyVault.Cryptography\tests\Tests\Cryptography\Algorithms\AesKwTests.cs(191,17): error CS0103: The name 'Assert' does not exist in the current context
C:\gh\azure-sdk-for-net\sdk\keyvault\Microsoft.Azure.KeyVault.Cryptography\tests\Tests\Cryptography\Algorithms\AesKwTests.cs(199,17): error CS0103: The name 'Assert' does not exist in the current context
C:\gh\azure-sdk-for-net\sdk\keyvault\Microsoft.Azure.KeyVault.Cryptography\tests\Tests\Cryptography\Algorithms\SymmetricKeyTests.cs(140,13): error CS0103: The name 'Assert' does not exist in the current context
C:\gh\azure-sdk-for-net\sdk\keyvault\Microsoft.Azure.KeyVault.Cryptography\tests\Tests\Cryptography\Algorithms\SymmetricKeyTests.cs(141,13): error CS0103: The name 'Assert' does not exist in the current context
C:\gh\azure-sdk-for-net\sdk\keyvault\Microsoft.Azure.KeyVault.Cryptography\tests\Tests\Cryptography\Algorithms\SymmetricKeyTests.cs(146,13): error CS0103: The name 'Assert' does not exist in the current context
C:\gh\azure-sdk-for-net\sdk\keyvault\Microsoft.Azure.KeyVault.Cryptography\tests\Tests\Cryptography\Algorithms\AesCbcHmacTests.cs(176,17): error CS0103: The name 'Assert' does not exist in the current context
C:\gh\azure-sdk-for-net\sdk\keyvault\Microsoft.Azure.KeyVault.Cryptography\tests\Tests\Cryptography\Algorithms\AesCbcHmacTests.cs(177,17): error CS0103: The name 'Assert' does not exist in the current context
C:\gh\azure-sdk-for-net\sdk\keyvault\Microsoft.Azure.KeyVault.Cryptography\tests\Tests\Cryptography\Algorithms\AesCbcHmacTests.cs(185,17): error CS0103: The name 'Assert' does not exist in the current context
C:\gh\azure-sdk-for-net\sdk\keyvault\Microsoft.Azure.KeyVault.Cryptography\tests\Tests\Cryptography\Algorithms\AesCbcHmacTests.cs(186,17): error CS0103: The name 'Assert' does not exist in the current context
C:\gh\azure-sdk-for-net\sdk\keyvault\Microsoft.Azure.KeyVault.Cryptography\tests\Tests\Cryptography\Algorithms\AesCbcTests.cs(151,17): error CS0103: The name 'Assert' does not exist in the current context
C:\gh\azure-sdk-for-net\sdk\keyvault\Microsoft.Azure.KeyVault.Cryptography\tests\Tests\Cryptography\Algorithms\AesCbcTests.cs(159,17): error CS0103: The name 'Assert' does not exist in the current context
C:\gh\azure-sdk-for-net\sdk\keyvault\Microsoft.Azure.KeyVault.Cryptography\tests\Tests\Cryptography\Algorithms\SymmetricKeyTests.cs(165,13): error CS0103: The name 'Assert' does not exist in the current context
C:\gh\azure-sdk-for-net\sdk\keyvault\Microsoft.Azure.KeyVault.Cryptography\tests\Tests\Cryptography\Algorithms\SymmetricKeyTests.cs(166,13): error CS0103: The name 'Assert' does not exist in the current context
C:\gh\azure-sdk-for-net\sdk\keyvault\Microsoft.Azure.KeyVault.Cryptography\tests\Tests\Cryptography\Algorithms\SymmetricKeyTests.cs(171,13): error CS0103: The name 'Assert' does not exist in the current context
C:\gh\azure-sdk-for-net\sdk\keyvault\Microsoft.Azure.KeyVault.Cryptography\tests\Tests\Cryptography\Algorithms\RsaKeyTests.cs(11,1): hidden CS8019: Unnecessary using directive.
C:\gh\azure-sdk-for-net\sdk\keyvault\Microsoft.Azure.KeyVault.Cryptography\tests\Tests\Cryptography\Algorithms\EcKeyTests.cs(8,1): hidden CS8019: Unnecessary using directive.
C:\gh\azure-sdk-for-net\sdk\keyvault\Microsoft.Azure.KeyVault.Cryptography\tests\Tests\Cryptography\Algorithms\AesCbcHmacTests.cs(8,1): hidden CS8019: Unnecessary using directive.
C:\gh\azure-sdk-for-net\artifacts\obj\Microsoft.Azure.KeyVault.Cryptography.Tests\Debug\net461\Microsoft.Azure.KeyVault.Cryptography.Tests.AssemblyInfo.cs(11,1): hidden CS8019: Unnecessary using directive.
C:\gh\azure-sdk-for-net\sdk\keyvault\Microsoft.Azure.KeyVault.Cryptography\tests\Tests\Cryptography\Algorithms\AesCbcTests.cs(8,1): hidden CS8019: Unnecessary using directive.
C:\gh\azure-sdk-for-net\sdk\keyvault\Microsoft.Azure.KeyVault.Cryptography\tests\Tests\Cryptography\Algorithms\RsaKeyTests.cs(12,1): hidden CS8019: Unnecessary using directive.
C:\gh\azure-sdk-for-net\sdk\keyvault\Microsoft.Azure.KeyVault.Cryptography\tests\Tests\Cryptography\Algorithms\AesCbcHmacTests.cs(6,1): hidden CS8019: Unnecessary using directive.
C:\gh\azure-sdk-for-net\eng\mgmt\DisableTestRunParallel.cs(5,1): hidden CS8019: Unnecessary using directive.
C:\gh\azure-sdk-for-net\eng\mgmt\DisableTestRunParallel.cs(4,1): hidden CS8019: Unnecessary using directive.
C:\gh\azure-sdk-for-net\artifacts\obj\Microsoft.Azure.KeyVault.Cryptography.Tests\Debug\net461\.NETFramework,Version=v4.6.1.AssemblyAttributes.cs(2,1): hidden CS8019: Unnecessary using directive.
C:\gh\azure-sdk-for-net\sdk\keyvault\Microsoft.Azure.KeyVault.Cryptography\tests\Tests\Cryptography\Algorithms\AesCbcTests.cs(5,1): hidden CS8019: Unnecessary using directive.
C:\gh\azure-sdk-for-net\sdk\keyvault\Microsoft.Azure.KeyVault.Cryptography\tests\Tests\Cryptography\Algorithms\AesKwTests.cs(8,1): hidden CS8019: Unnecessary using directive.
C:\gh\azure-sdk-for-net\artifacts\obj\Microsoft.Azure.KeyVault.Cryptography.Tests\Debug\net461\Microsoft.Azure.KeyVault.Cryptography.Tests.AssemblyInfo.cs(12,1): hidden CS8019: Unnecessary using directive.
C:\gh\azure-sdk-for-net\artifacts\obj\Microsoft.Azure.KeyVault.Cryptography.Tests\Debug\net461\.NETFramework,Version=v4.6.1.AssemblyAttributes.cs(3,1): hidden CS8019: Unnecessary using directive.
C:\gh\azure-sdk-for-net\sdk\keyvault\Microsoft.Azure.KeyVault.Cryptography\tests\Tests\Cryptography\Algorithms\SymmetricKeyTests.cs(8,1): hidden CS8019: Unnecessary using directive.
C:\gh\azure-sdk-for-net\sdk\keyvault\Microsoft.Azure.KeyVault.Cryptography\tests\Tests\Cryptography\Algorithms\EcKeyTests.cs(7,1): hidden CS8019: Unnecessary using directive.
