C:\gh\azure-sdk-for-net\sdk\blueprint\Microsoft.Azure.Management.Blueprint\tests\BlueprintTestBase.cs(19,38): error CS0246: The type or namespace name 'TestBase' could not be found (are you missing a using directive or an assembly reference?)
C:\gh\azure-sdk-for-net\sdk\blueprint\Microsoft.Azure.Management.Blueprint\tests\BlueprintTestBase.cs(19,48): error CS0246: The type or namespace name 'IDisposable' could not be found (are you missing a using directive or an assembly reference?)
C:\gh\azure-sdk-for-net\sdk\blueprint\Microsoft.Azure.Management.Blueprint\tests\BlueprintTestBase.cs(23,34): error CS0518: Predefined type 'System.Object' is not defined or imported
C:\gh\azure-sdk-for-net\sdk\blueprint\Microsoft.Azure.Management.Blueprint\tests\BlueprintTestBase.cs(23,34): error CS0246: The type or namespace name 'MockContext' could not be found (are you missing a using directive or an assembly reference?)
C:\gh\azure-sdk-for-net\sdk\blueprint\Microsoft.Azure.Management.Blueprint\tests\BlueprintTestBase.cs(23,9): error CS0518: Predefined type 'System.Void' is not defined or imported
C:\gh\azure-sdk-for-net\sdk\blueprint\Microsoft.Azure.Management.Blueprint\tests\ScenarioTests\BlueprintTests.cs(564,17): error CS0518: Predefined type 'System.Object' is not defined or imported
C:\gh\azure-sdk-for-net\sdk\blueprint\Microsoft.Azure.Management.Blueprint\tests\ScenarioTests\BlueprintTests.cs(550,17): error CS0518: Predefined type 'System.Object' is not defined or imported
C:\gh\azure-sdk-for-net\sdk\blueprint\Microsoft.Azure.Management.Blueprint\tests\ScenarioTests\BlueprintTests.cs(535,17): error CS0518: Predefined type 'System.Object' is not defined or imported
C:\gh\azure-sdk-for-net\sdk\blueprint\Microsoft.Azure.Management.Blueprint\tests\BlueprintTestBase.cs(28,16): error CS0518: Predefined type 'System.Void' is not defined or imported
C:\gh\azure-sdk-for-net\sdk\blueprint\Microsoft.Azure.Management.Blueprint\tests\ScenarioTests\BlueprintTests.cs(515,17): error CS0518: Predefined type 'System.Object' is not defined or imported
C:\gh\azure-sdk-for-net\sdk\blueprint\Microsoft.Azure.Management.Blueprint\tests\ScenarioTests\BlueprintTests.cs(490,54): error CS0518: Predefined type 'System.Object' is not defined or imported
C:\gh\azure-sdk-for-net\sdk\blueprint\Microsoft.Azure.Management.Blueprint\tests\ScenarioTests\BlueprintTests.cs(490,90): error CS0518: Predefined type 'System.String' is not defined or imported
C:\gh\azure-sdk-for-net\sdk\blueprint\Microsoft.Azure.Management.Blueprint\tests\ScenarioTests\BlueprintTests.cs(490,17): error CS0518: Predefined type 'System.Object' is not defined or imported
C:\gh\azure-sdk-for-net\sdk\blueprint\Microsoft.Azure.Management.Blueprint\tests\ScenarioTests\BlueprintTests.cs(450,51): error CS0518: Predefined type 'System.Object' is not defined or imported
C:\gh\azure-sdk-for-net\sdk\blueprint\Microsoft.Azure.Management.Blueprint\tests\ScenarioTests\BlueprintTests.cs(450,51): error CS0246: The type or namespace name 'Func<>' could not be found (are you missing a using directive or an assembly reference?)
C:\gh\azure-sdk-for-net\sdk\blueprint\Microsoft.Azure.Management.Blueprint\tests\ScenarioTests\BlueprintTests.cs(450,56): error CS0518: Predefined type 'System.Object' is not defined or imported
C:\gh\azure-sdk-for-net\sdk\blueprint\Microsoft.Azure.Management.Blueprint\tests\ScenarioTests\BlueprintTests.cs(450,56): error CS0246: The type or namespace name 'Task<>' could not be found (are you missing a using directive or an assembly reference?)
C:\gh\azure-sdk-for-net\sdk\blueprint\Microsoft.Azure.Management.Blueprint\tests\ScenarioTests\BlueprintTests.cs(450,74): error CS0518: Predefined type 'System.Object' is not defined or imported
C:\gh\azure-sdk-for-net\sdk\blueprint\Microsoft.Azure.Management.Blueprint\tests\ScenarioTests\BlueprintTests.cs(450,74): error CS0246: The type or namespace name 'Func<,>' could not be found (are you missing a using directive or an assembly reference?)
C:\gh\azure-sdk-for-net\sdk\blueprint\Microsoft.Azure.Management.Blueprint\tests\ScenarioTests\BlueprintTests.cs(450,82): error CS0518: Predefined type 'System.Boolean' is not defined or imported
C:\gh\azure-sdk-for-net\sdk\blueprint\Microsoft.Azure.Management.Blueprint\tests\ScenarioTests\BlueprintTests.cs(450,99): error CS0518: Predefined type 'System.Object' is not defined or imported
C:\gh\azure-sdk-for-net\sdk\blueprint\Microsoft.Azure.Management.Blueprint\tests\ScenarioTests\BlueprintTests.cs(450,99): error CS0246: The type or namespace name 'CancellationToken' could not be found (are you missing a using directive or an assembly reference?)
C:\gh\azure-sdk-for-net\sdk\blueprint\Microsoft.Azure.Management.Blueprint\tests\ScenarioTests\BlueprintTests.cs(450,136): error CS0518: Predefined type 'System.Object' is not defined or imported
C:\gh\azure-sdk-for-net\sdk\blueprint\Microsoft.Azure.Management.Blueprint\tests\ScenarioTests\BlueprintTests.cs(450,136): error CS0246: The type or namespace name 'Func<,>' could not be found (are you missing a using directive or an assembly reference?)
C:\gh\azure-sdk-for-net\sdk\blueprint\Microsoft.Azure.Management.Blueprint\tests\ScenarioTests\BlueprintTests.cs(450,141): error CS0518: Predefined type 'System.Object' is not defined or imported
C:\gh\azure-sdk-for-net\sdk\blueprint\Microsoft.Azure.Management.Blueprint\tests\ScenarioTests\BlueprintTests.cs(450,141): error CS0246: The type or namespace name 'Exception' could not be found (are you missing a using directive or an assembly reference?)
C:\gh\azure-sdk-for-net\sdk\blueprint\Microsoft.Azure.Management.Blueprint\tests\ScenarioTests\BlueprintTests.cs(450,152): error CS0518: Predefined type 'System.Boolean' is not defined or imported
C:\gh\azure-sdk-for-net\sdk\blueprint\Microsoft.Azure.Management.Blueprint\tests\ScenarioTests\BlueprintTests.cs(450,182): error CS0518: Predefined type 'System.Object' is not defined or imported
C:\gh\azure-sdk-for-net\sdk\blueprint\Microsoft.Azure.Management.Blueprint\tests\ScenarioTests\BlueprintTests.cs(450,182): error CS0246: The type or namespace name 'TimeSpan' could not be found (are you missing a using directive or an assembly reference?)
C:\gh\azure-sdk-for-net\sdk\blueprint\Microsoft.Azure.Management.Blueprint\tests\ScenarioTests\BlueprintTests.cs(450,23): error CS0518: Predefined type 'System.Object' is not defined or imported
C:\gh\azure-sdk-for-net\sdk\blueprint\Microsoft.Azure.Management.Blueprint\tests\ScenarioTests\BlueprintTests.cs(450,23): error CS0246: The type or namespace name 'Task<>' could not be found (are you missing a using directive or an assembly reference?)
C:\gh\azure-sdk-for-net\sdk\blueprint\Microsoft.Azure.Management.Blueprint\tests\ScenarioTests\BlueprintTests.cs(350,10): error CS0518: Predefined type 'System.Object' is not defined or imported
C:\gh\azure-sdk-for-net\sdk\blueprint\Microsoft.Azure.Management.Blueprint\tests\ScenarioTests\BlueprintTests.cs(350,10): error CS0246: The type or namespace name 'FactAttribute' could not be found (are you missing a using directive or an assembly reference?)
C:\gh\azure-sdk-for-net\sdk\blueprint\Microsoft.Azure.Management.Blueprint\tests\ScenarioTests\BlueprintTests.cs(350,10): error CS0246: The type or namespace name 'Fact' could not be found (are you missing a using directive or an assembly reference?)
C:\gh\azure-sdk-for-net\sdk\blueprint\Microsoft.Azure.Management.Blueprint\tests\ScenarioTests\BlueprintTests.cs(351,22): error CS0518: Predefined type 'System.Object' is not defined or imported
C:\gh\azure-sdk-for-net\sdk\blueprint\Microsoft.Azure.Management.Blueprint\tests\ScenarioTests\BlueprintTests.cs(351,22): error CS0246: The type or namespace name 'Task' could not be found (are you missing a using directive or an assembly reference?)
C:\gh\azure-sdk-for-net\sdk\blueprint\Microsoft.Azure.Management.Blueprint\tests\ScenarioTests\BlueprintTests.cs(249,10): error CS0518: Predefined type 'System.Object' is not defined or imported
C:\gh\azure-sdk-for-net\sdk\blueprint\Microsoft.Azure.Management.Blueprint\tests\ScenarioTests\BlueprintTests.cs(249,10): error CS0246: The type or namespace name 'FactAttribute' could not be found (are you missing a using directive or an assembly reference?)
C:\gh\azure-sdk-for-net\sdk\blueprint\Microsoft.Azure.Management.Blueprint\tests\ScenarioTests\BlueprintTests.cs(249,10): error CS0246: The type or namespace name 'Fact' could not be found (are you missing a using directive or an assembly reference?)
C:\gh\azure-sdk-for-net\sdk\blueprint\Microsoft.Azure.Management.Blueprint\tests\ScenarioTests\BlueprintTests.cs(250,22): error CS0518: Predefined type 'System.Object' is not defined or imported
C:\gh\azure-sdk-for-net\sdk\blueprint\Microsoft.Azure.Management.Blueprint\tests\ScenarioTests\BlueprintTests.cs(250,22): error CS0246: The type or namespace name 'Task' could not be found (are you missing a using directive or an assembly reference?)
C:\gh\azure-sdk-for-net\sdk\blueprint\Microsoft.Azure.Management.Blueprint\tests\ScenarioTests\BlueprintTests.cs(168,10): error CS0518: Predefined type 'System.Object' is not defined or imported
C:\gh\azure-sdk-for-net\sdk\blueprint\Microsoft.Azure.Management.Blueprint\tests\ScenarioTests\BlueprintTests.cs(168,10): error CS0246: The type or namespace name 'FactAttribute' could not be found (are you missing a using directive or an assembly reference?)
C:\gh\azure-sdk-for-net\sdk\blueprint\Microsoft.Azure.Management.Blueprint\tests\ScenarioTests\BlueprintTests.cs(168,10): error CS0246: The type or namespace name 'Fact' could not be found (are you missing a using directive or an assembly reference?)
C:\gh\azure-sdk-for-net\sdk\blueprint\Microsoft.Azure.Management.Blueprint\tests\ScenarioTests\BlueprintTests.cs(169,22): error CS0518: Predefined type 'System.Object' is not defined or imported
C:\gh\azure-sdk-for-net\sdk\blueprint\Microsoft.Azure.Management.Blueprint\tests\ScenarioTests\BlueprintTests.cs(169,22): error CS0246: The type or namespace name 'Task' could not be found (are you missing a using directive or an assembly reference?)
C:\gh\azure-sdk-for-net\sdk\blueprint\Microsoft.Azure.Management.Blueprint\tests\ScenarioTests\BlueprintTests.cs(127,10): error CS0518: Predefined type 'System.Object' is not defined or imported
C:\gh\azure-sdk-for-net\sdk\blueprint\Microsoft.Azure.Management.Blueprint\tests\ScenarioTests\BlueprintTests.cs(127,10): error CS0246: The type or namespace name 'FactAttribute' could not be found (are you missing a using directive or an assembly reference?)
C:\gh\azure-sdk-for-net\sdk\blueprint\Microsoft.Azure.Management.Blueprint\tests\ScenarioTests\BlueprintTests.cs(127,10): error CS0246: The type or namespace name 'Fact' could not be found (are you missing a using directive or an assembly reference?)
C:\gh\azure-sdk-for-net\sdk\blueprint\Microsoft.Azure.Management.Blueprint\tests\ScenarioTests\BlueprintTests.cs(128,22): error CS0518: Predefined type 'System.Object' is not defined or imported
C:\gh\azure-sdk-for-net\sdk\blueprint\Microsoft.Azure.Management.Blueprint\tests\ScenarioTests\BlueprintTests.cs(128,22): error CS0246: The type or namespace name 'Task' could not be found (are you missing a using directive or an assembly reference?)
C:\gh\azure-sdk-for-net\sdk\blueprint\Microsoft.Azure.Management.Blueprint\tests\ScenarioTests\BlueprintTests.cs(82,10): error CS0518: Predefined type 'System.Object' is not defined or imported
C:\gh\azure-sdk-for-net\sdk\blueprint\Microsoft.Azure.Management.Blueprint\tests\ScenarioTests\BlueprintTests.cs(82,10): error CS0246: The type or namespace name 'FactAttribute' could not be found (are you missing a using directive or an assembly reference?)
C:\gh\azure-sdk-for-net\sdk\blueprint\Microsoft.Azure.Management.Blueprint\tests\ScenarioTests\BlueprintTests.cs(82,10): error CS0246: The type or namespace name 'Fact' could not be found (are you missing a using directive or an assembly reference?)
C:\gh\azure-sdk-for-net\sdk\blueprint\Microsoft.Azure.Management.Blueprint\tests\ScenarioTests\BlueprintTests.cs(83,22): error CS0518: Predefined type 'System.Object' is not defined or imported
C:\gh\azure-sdk-for-net\sdk\blueprint\Microsoft.Azure.Management.Blueprint\tests\ScenarioTests\BlueprintTests.cs(83,22): error CS0246: The type or namespace name 'Task' could not be found (are you missing a using directive or an assembly reference?)
C:\gh\azure-sdk-for-net\sdk\blueprint\Microsoft.Azure.Management.Blueprint\tests\ScenarioTests\BlueprintTests.cs(45,57): error CS0518: Predefined type 'System.Object' is not defined or imported
C:\gh\azure-sdk-for-net\sdk\blueprint\Microsoft.Azure.Management.Blueprint\tests\ScenarioTests\BlueprintTests.cs(45,88): error CS0518: Predefined type 'System.String' is not defined or imported
C:\gh\azure-sdk-for-net\sdk\blueprint\Microsoft.Azure.Management.Blueprint\tests\ScenarioTests\BlueprintTests.cs(45,23): error CS0518: Predefined type 'System.Object' is not defined or imported
C:\gh\azure-sdk-for-net\sdk\blueprint\Microsoft.Azure.Management.Blueprint\tests\ScenarioTests\BlueprintTests.cs(45,23): error CS0246: The type or namespace name 'Task' could not be found (are you missing a using directive or an assembly reference?)
C:\gh\azure-sdk-for-net\sdk\blueprint\Microsoft.Azure.Management.Blueprint\tests\ScenarioTests\BlueprintTests.cs(26,10): error CS0518: Predefined type 'System.Object' is not defined or imported
C:\gh\azure-sdk-for-net\sdk\blueprint\Microsoft.Azure.Management.Blueprint\tests\ScenarioTests\BlueprintTests.cs(26,10): error CS0246: The type or namespace name 'FactAttribute' could not be found (are you missing a using directive or an assembly reference?)
C:\gh\azure-sdk-for-net\sdk\blueprint\Microsoft.Azure.Management.Blueprint\tests\ScenarioTests\BlueprintTests.cs(26,10): error CS0246: The type or namespace name 'Fact' could not be found (are you missing a using directive or an assembly reference?)
C:\gh\azure-sdk-for-net\sdk\blueprint\Microsoft.Azure.Management.Blueprint\tests\ScenarioTests\BlueprintTests.cs(27,22): error CS0518: Predefined type 'System.Object' is not defined or imported
C:\gh\azure-sdk-for-net\sdk\blueprint\Microsoft.Azure.Management.Blueprint\tests\ScenarioTests\BlueprintTests.cs(27,22): error CS0246: The type or namespace name 'Task' could not be found (are you missing a using directive or an assembly reference?)
C:\gh\azure-sdk-for-net\sdk\blueprint\Microsoft.Azure.Management.Blueprint\tests\ScenarioTests\BlueprintTests.cs(20,18): error CS0518: Predefined type 'System.Object' is not defined or imported
C:\gh\azure-sdk-for-net\eng\mgmt\DisableTestRunParallel.cs(7,12): error CS0246: The type or namespace name 'CollectionBehaviorAttribute' could not be found (are you missing a using directive or an assembly reference?)
C:\gh\azure-sdk-for-net\eng\mgmt\DisableTestRunParallel.cs(7,12): error CS0246: The type or namespace name 'CollectionBehavior' could not be found (are you missing a using directive or an assembly reference?)
C:\gh\azure-sdk-for-net\artifacts\obj\Microsoft.Azure.Management.Blueprint.Tests\Debug\netcoreapp2.0\.NETCoreApp,Version=v2.0.AssemblyAttributes.cs(4,20): error CS0400: The type or namespace name 'System' could not be found in the global namespace (are you missing an assembly reference?)
C:\gh\azure-sdk-for-net\artifacts\obj\Microsoft.Azure.Management.Blueprint.Tests\Debug\netcoreapp2.0\Microsoft.Azure.Management.Blueprint.Tests.AssemblyInfo.cs(14,12): error CS0246: The type or namespace name 'System' could not be found (are you missing a using directive or an assembly reference?)
C:\gh\azure-sdk-for-net\artifacts\obj\Microsoft.Azure.Management.Blueprint.Tests\Debug\netcoreapp2.0\Microsoft.Azure.Management.Blueprint.Tests.AssemblyInfo.cs(15,12): error CS0246: The type or namespace name 'System' could not be found (are you missing a using directive or an assembly reference?)
C:\gh\azure-sdk-for-net\artifacts\obj\Microsoft.Azure.Management.Blueprint.Tests\Debug\netcoreapp2.0\Microsoft.Azure.Management.Blueprint.Tests.AssemblyInfo.cs(16,12): error CS0246: The type or namespace name 'System' could not be found (are you missing a using directive or an assembly reference?)
C:\gh\azure-sdk-for-net\eng\mgmt\DisableTestRunParallel.cs(7,31): error CS0246: The type or namespace name 'DisableTestParallelization' could not be found (are you missing a using directive or an assembly reference?)
C:\gh\azure-sdk-for-net\eng\mgmt\DisableTestRunParallel.cs(7,60): error CS0518: Predefined type 'System.Boolean' is not defined or imported
C:\gh\azure-sdk-for-net\eng\mgmt\DisableTestRunParallel.cs(7,66): error CS0246: The type or namespace name 'MaxParallelThreads' could not be found (are you missing a using directive or an assembly reference?)
C:\gh\azure-sdk-for-net\eng\mgmt\DisableTestRunParallel.cs(7,87): error CS0518: Predefined type 'System.Int32' is not defined or imported
C:\gh\azure-sdk-for-net\artifacts\obj\Microsoft.Azure.Management.Blueprint.Tests\Debug\netcoreapp2.0\.NETCoreApp,Version=v2.0.AssemblyAttributes.cs(4,71): error CS0518: Predefined type 'System.String' is not defined or imported
C:\gh\azure-sdk-for-net\artifacts\obj\Microsoft.Azure.Management.Blueprint.Tests\Debug\netcoreapp2.0\.NETCoreApp,Version=v2.0.AssemblyAttributes.cs(4,99): error CS0246: The type or namespace name 'FrameworkDisplayName' could not be found (are you missing a using directive or an assembly reference?)
C:\gh\azure-sdk-for-net\artifacts\obj\Microsoft.Azure.Management.Blueprint.Tests\Debug\netcoreapp2.0\.NETCoreApp,Version=v2.0.AssemblyAttributes.cs(4,122): error CS0518: Predefined type 'System.String' is not defined or imported
C:\gh\azure-sdk-for-net\artifacts\obj\Microsoft.Azure.Management.Blueprint.Tests\Debug\netcoreapp2.0\Microsoft.Azure.Management.Blueprint.Tests.AssemblyInfo.cs(14,56): error CS0518: Predefined type 'System.String' is not defined or imported
C:\gh\azure-sdk-for-net\artifacts\obj\Microsoft.Azure.Management.Blueprint.Tests\Debug\netcoreapp2.0\Microsoft.Azure.Management.Blueprint.Tests.AssemblyInfo.cs(14,70): error CS0518: Predefined type 'System.String' is not defined or imported
C:\gh\azure-sdk-for-net\artifacts\obj\Microsoft.Azure.Management.Blueprint.Tests\Debug\netcoreapp2.0\Microsoft.Azure.Management.Blueprint.Tests.AssemblyInfo.cs(15,68): error CS0518: Predefined type 'System.String' is not defined or imported
C:\gh\azure-sdk-for-net\artifacts\obj\Microsoft.Azure.Management.Blueprint.Tests\Debug\netcoreapp2.0\Microsoft.Azure.Management.Blueprint.Tests.AssemblyInfo.cs(16,56): error CS0518: Predefined type 'System.String' is not defined or imported
C:\gh\azure-sdk-for-net\artifacts\obj\Microsoft.Azure.Management.Blueprint.Tests\Debug\netcoreapp2.0\Microsoft.Azure.Management.Blueprint.Tests.AssemblyInfo.cs(16,73): error CS0518: Predefined type 'System.String' is not defined or imported
C:\gh\azure-sdk-for-net\eng\mgmt\DisableTestRunParallel.cs(4,7): error CS0246: The type or namespace name 'System' could not be found (are you missing a using directive or an assembly reference?)
C:\gh\azure-sdk-for-net\eng\mgmt\DisableTestRunParallel.cs(5,7): error CS0246: The type or namespace name 'Xunit' could not be found (are you missing a using directive or an assembly reference?)
C:\gh\azure-sdk-for-net\artifacts\obj\Microsoft.Azure.Management.Blueprint.Tests\Debug\netcoreapp2.0\.NETCoreApp,Version=v2.0.AssemblyAttributes.cs(2,7): error CS0246: The type or namespace name 'System' could not be found (are you missing a using directive or an assembly reference?)
C:\gh\azure-sdk-for-net\artifacts\obj\Microsoft.Azure.Management.Blueprint.Tests\Debug\netcoreapp2.0\.NETCoreApp,Version=v2.0.AssemblyAttributes.cs(3,7): error CS0246: The type or namespace name 'System' could not be found (are you missing a using directive or an assembly reference?)
C:\gh\azure-sdk-for-net\artifacts\obj\Microsoft.Azure.Management.Blueprint.Tests\Debug\netcoreapp2.0\Microsoft.Azure.Management.Blueprint.Tests.AssemblyInfo.cs(11,7): error CS0246: The type or namespace name 'System' could not be found (are you missing a using directive or an assembly reference?)
C:\gh\azure-sdk-for-net\artifacts\obj\Microsoft.Azure.Management.Blueprint.Tests\Debug\netcoreapp2.0\Microsoft.Azure.Management.Blueprint.Tests.AssemblyInfo.cs(12,7): error CS0246: The type or namespace name 'System' could not be found (are you missing a using directive or an assembly reference?)
C:\gh\azure-sdk-for-net\sdk\blueprint\Microsoft.Azure.Management.Blueprint\tests\BlueprintTestBase.cs(6,11): error CS0246: The type or namespace name 'System' could not be found (are you missing a using directive or an assembly reference?)
C:\gh\azure-sdk-for-net\sdk\blueprint\Microsoft.Azure.Management.Blueprint\tests\BlueprintTestBase.cs(7,11): error CS0246: The type or namespace name 'System' could not be found (are you missing a using directive or an assembly reference?)
C:\gh\azure-sdk-for-net\sdk\blueprint\Microsoft.Azure.Management.Blueprint\tests\BlueprintTestBase.cs(8,11): error CS0246: The type or namespace name 'System' could not be found (are you missing a using directive or an assembly reference?)
C:\gh\azure-sdk-for-net\sdk\blueprint\Microsoft.Azure.Management.Blueprint\tests\BlueprintTestBase.cs(9,11): error CS0246: The type or namespace name 'System' could not be found (are you missing a using directive or an assembly reference?)
C:\gh\azure-sdk-for-net\sdk\blueprint\Microsoft.Azure.Management.Blueprint\tests\BlueprintTestBase.cs(10,11): error CS0246: The type or namespace name 'System' could not be found (are you missing a using directive or an assembly reference?)
C:\gh\azure-sdk-for-net\sdk\blueprint\Microsoft.Azure.Management.Blueprint\tests\BlueprintTestBase.cs(13,38): error CS0234: The type or namespace name 'Resources' does not exist in the namespace 'Microsoft.Azure.Management' (are you missing an assembly reference?)
C:\gh\azure-sdk-for-net\sdk\blueprint\Microsoft.Azure.Management.Blueprint\tests\BlueprintTestBase.cs(14,38): error CS0234: The type or namespace name 'Resources' does not exist in the namespace 'Microsoft.Azure.Management' (are you missing an assembly reference?)
C:\gh\azure-sdk-for-net\sdk\blueprint\Microsoft.Azure.Management.Blueprint\tests\BlueprintTestBase.cs(15,21): error CS0234: The type or namespace name 'Rest' does not exist in the namespace 'Microsoft' (are you missing an assembly reference?)
C:\gh\azure-sdk-for-net\sdk\blueprint\Microsoft.Azure.Management.Blueprint\tests\BlueprintTestBase.cs(16,21): error CS0234: The type or namespace name 'Rest' does not exist in the namespace 'Microsoft' (are you missing an assembly reference?)
C:\gh\azure-sdk-for-net\sdk\blueprint\Microsoft.Azure.Management.Blueprint\tests\BlueprintTestBase.cs(17,11): error CS0246: The type or namespace name 'Newtonsoft' could not be found (are you missing a using directive or an assembly reference?)
C:\gh\azure-sdk-for-net\sdk\blueprint\Microsoft.Azure.Management.Blueprint\tests\ScenarioTests\BlueprintTests.cs(9,21): error CS0234: The type or namespace name 'Rest' does not exist in the namespace 'Microsoft' (are you missing an assembly reference?)
C:\gh\azure-sdk-for-net\sdk\blueprint\Microsoft.Azure.Management.Blueprint\tests\ScenarioTests\BlueprintTests.cs(10,21): error CS0234: The type or namespace name 'Rest' does not exist in the namespace 'Microsoft' (are you missing an assembly reference?)
C:\gh\azure-sdk-for-net\sdk\blueprint\Microsoft.Azure.Management.Blueprint\tests\ScenarioTests\BlueprintTests.cs(11,11): error CS0246: The type or namespace name 'Newtonsoft' could not be found (are you missing a using directive or an assembly reference?)
C:\gh\azure-sdk-for-net\sdk\blueprint\Microsoft.Azure.Management.Blueprint\tests\ScenarioTests\BlueprintTests.cs(12,11): error CS0246: The type or namespace name 'System' could not be found (are you missing a using directive or an assembly reference?)
C:\gh\azure-sdk-for-net\sdk\blueprint\Microsoft.Azure.Management.Blueprint\tests\ScenarioTests\BlueprintTests.cs(13,11): error CS0246: The type or namespace name 'System' could not be found (are you missing a using directive or an assembly reference?)
C:\gh\azure-sdk-for-net\sdk\blueprint\Microsoft.Azure.Management.Blueprint\tests\ScenarioTests\BlueprintTests.cs(14,11): error CS0246: The type or namespace name 'System' could not be found (are you missing a using directive or an assembly reference?)
C:\gh\azure-sdk-for-net\sdk\blueprint\Microsoft.Azure.Management.Blueprint\tests\ScenarioTests\BlueprintTests.cs(15,11): error CS0246: The type or namespace name 'System' could not be found (are you missing a using directive or an assembly reference?)
C:\gh\azure-sdk-for-net\sdk\blueprint\Microsoft.Azure.Management.Blueprint\tests\ScenarioTests\BlueprintTests.cs(16,11): error CS0246: The type or namespace name 'System' could not be found (are you missing a using directive or an assembly reference?)
C:\gh\azure-sdk-for-net\sdk\blueprint\Microsoft.Azure.Management.Blueprint\tests\ScenarioTests\BlueprintTests.cs(17,11): error CS0246: The type or namespace name 'System' could not be found (are you missing a using directive or an assembly reference?)
C:\gh\azure-sdk-for-net\sdk\blueprint\Microsoft.Azure.Management.Blueprint\tests\ScenarioTests\BlueprintTests.cs(18,11): error CS0246: The type or namespace name 'Xunit' could not be found (are you missing a using directive or an assembly reference?)
C:\gh\azure-sdk-for-net\sdk\blueprint\Microsoft.Azure.Management.Blueprint\tests\BlueprintTestBase.cs(21,65): error CS0518: Predefined type 'System.Void' is not defined or imported
C:\gh\azure-sdk-for-net\sdk\blueprint\Microsoft.Azure.Management.Blueprint\tests\BlueprintTestBase.cs(21,16): error CS0518: Predefined type 'System.Object' is not defined or imported
C:\gh\azure-sdk-for-net\sdk\blueprint\Microsoft.Azure.Management.Blueprint\tests\ScenarioTests\BlueprintTests.cs(450,217): error CS0518: Predefined type 'System.Object' is not defined or imported
C:\gh\azure-sdk-for-net\sdk\blueprint\Microsoft.Azure.Management.Blueprint\tests\ScenarioTests\BlueprintTests.cs(450,217): error CS0246: The type or namespace name 'TimeSpan' could not be found (are you missing a using directive or an assembly reference?)
C:\gh\azure-sdk-for-net\sdk\blueprint\Microsoft.Azure.Management.Blueprint\tests\BlueprintTestBase.cs(25,61): error CS0518: Predefined type 'System.Object' is not defined or imported
C:\gh\azure-sdk-for-net\sdk\blueprint\Microsoft.Azure.Management.Blueprint\tests\ScenarioTests\BlueprintTests.cs(29,13): error CS0518: Predefined type 'System.IDisposable' is not defined or imported
C:\gh\azure-sdk-for-net\sdk\blueprint\Microsoft.Azure.Management.Blueprint\tests\ScenarioTests\BlueprintTests.cs(29,34): error CS0518: Predefined type 'System.Object' is not defined or imported
C:\gh\azure-sdk-for-net\sdk\blueprint\Microsoft.Azure.Management.Blueprint\tests\ScenarioTests\BlueprintTests.cs(29,34): error CS0103: The name 'MockContext' does not exist in the current context
C:\gh\azure-sdk-for-net\sdk\blueprint\Microsoft.Azure.Management.Blueprint\tests\ScenarioTests\BlueprintTests.cs(29,57): error CS0518: Predefined type 'System.Object' is not defined or imported
C:\gh\azure-sdk-for-net\sdk\blueprint\Microsoft.Azure.Management.Blueprint\tests\ScenarioTests\BlueprintTests.cs(29,57): error CS1061: 'BlueprintTests' does not contain a definition for 'GetType' and no accessible extension method 'GetType' accepting a first argument of type 'BlueprintTests' could be found (are you missing a using directive or an assembly reference?)
C:\gh\azure-sdk-for-net\sdk\blueprint\Microsoft.Azure.Management.Blueprint\tests\ScenarioTests\BlueprintTests.cs(31,17): error CS0518: Predefined type 'System.IDisposable' is not defined or imported
C:\gh\azure-sdk-for-net\sdk\blueprint\Microsoft.Azure.Management.Blueprint\tests\ScenarioTests\BlueprintTests.cs(31,46): error CS0518: Predefined type 'System.Object' is not defined or imported
C:\gh\azure-sdk-for-net\sdk\blueprint\Microsoft.Azure.Management.Blueprint\tests\ScenarioTests\BlueprintTests.cs(31,24): error CS1674: 'BlueprintTestBase': type used in a using statement must be implicitly convertible to 'System.IDisposable'.
C:\gh\azure-sdk-for-net\sdk\blueprint\Microsoft.Azure.Management.Blueprint\tests\ScenarioTests\BlueprintTests.cs(33,27): error CS0518: Predefined type 'System.Object' is not defined or imported
C:\gh\azure-sdk-for-net\sdk\blueprint\Microsoft.Azure.Management.Blueprint\tests\ScenarioTests\BlueprintTests.cs(33,69): error CS0518: Predefined type 'System.String' is not defined or imported
C:\gh\azure-sdk-for-net\sdk\blueprint\Microsoft.Azure.Management.Blueprint\tests\ScenarioTests\BlueprintTests.cs(34,27): error CS0518: Predefined type 'System.Object' is not defined or imported
C:\gh\azure-sdk-for-net\sdk\blueprint\Microsoft.Azure.Management.Blueprint\tests\ScenarioTests\BlueprintTests.cs(34,69): error CS0518: Predefined type 'System.String' is not defined or imported
C:\gh\azure-sdk-for-net\sdk\blueprint\Microsoft.Azure.Management.Blueprint\tests\ScenarioTests\BlueprintTests.cs(27,27): error CS0161: 'BlueprintTests.DynamicBlueprintCRUD()': not all code paths return a value
C:\gh\azure-sdk-for-net\sdk\blueprint\Microsoft.Azure.Management.Blueprint\tests\ScenarioTests\BlueprintTests.cs(47,13): error CS0518: Predefined type 'System.String' is not defined or imported
C:\gh\azure-sdk-for-net\sdk\blueprint\Microsoft.Azure.Management.Blueprint\tests\ScenarioTests\BlueprintTests.cs(47,36): error CS0518: Predefined type 'System.String' is not defined or imported
C:\gh\azure-sdk-for-net\sdk\blueprint\Microsoft.Azure.Management.Blueprint\tests\ScenarioTests\BlueprintTests.cs(48,34): error CS0518: Predefined type 'System.String' is not defined or imported
C:\gh\azure-sdk-for-net\sdk\blueprint\Microsoft.Azure.Management.Blueprint\tests\ScenarioTests\BlueprintTests.cs(51,29): error CS0518: Predefined type 'System.Object' is not defined or imported
C:\gh\azure-sdk-for-net\sdk\blueprint\Microsoft.Azure.Management.Blueprint\tests\ScenarioTests\BlueprintTests.cs(52,19): error CS0012: The type 'Task<>' is defined in an assembly that is not referenced. You must add a reference to assembly 'mscorlib, Version=4.0.0.0, Culture=neutral, PublicKeyToken=b77a5c561934e089'.
C:\gh\azure-sdk-for-net\sdk\blueprint\Microsoft.Azure.Management.Blueprint\tests\ScenarioTests\BlueprintTests.cs(55,38): error CS0012: The type 'Task<>' is defined in an assembly that is not referenced. You must add a reference to assembly 'mscorlib, Version=4.0.0.0, Culture=neutral, PublicKeyToken=b77a5c561934e089'.
C:\gh\azure-sdk-for-net\sdk\blueprint\Microsoft.Azure.Management.Blueprint\tests\ScenarioTests\BlueprintTests.cs(56,13): error CS0518: Predefined type 'System.Object' is not defined or imported
C:\gh\azure-sdk-for-net\sdk\blueprint\Microsoft.Azure.Management.Blueprint\tests\ScenarioTests\BlueprintTests.cs(56,13): error CS0103: The name 'Assert' does not exist in the current context
C:\gh\azure-sdk-for-net\sdk\blueprint\Microsoft.Azure.Management.Blueprint\tests\ScenarioTests\BlueprintTests.cs(57,13): error CS0518: Predefined type 'System.Object' is not defined or imported
C:\gh\azure-sdk-for-net\sdk\blueprint\Microsoft.Azure.Management.Blueprint\tests\ScenarioTests\BlueprintTests.cs(57,13): error CS0103: The name 'Assert' does not exist in the current context
C:\gh\azure-sdk-for-net\sdk\blueprint\Microsoft.Azure.Management.Blueprint\tests\ScenarioTests\BlueprintTests.cs(57,26): error CS0518: Predefined type 'System.String' is not defined or imported
C:\gh\azure-sdk-for-net\sdk\blueprint\Microsoft.Azure.Management.Blueprint\tests\ScenarioTests\BlueprintTests.cs(58,13): error CS0518: Predefined type 'System.Object' is not defined or imported
C:\gh\azure-sdk-for-net\sdk\blueprint\Microsoft.Azure.Management.Blueprint\tests\ScenarioTests\BlueprintTests.cs(58,13): error CS0103: The name 'Assert' does not exist in the current context
C:\gh\azure-sdk-for-net\sdk\blueprint\Microsoft.Azure.Management.Blueprint\tests\ScenarioTests\BlueprintTests.cs(58,26): error CS0518: Predefined type 'System.Object' is not defined or imported
C:\gh\azure-sdk-for-net\sdk\blueprint\Microsoft.Azure.Management.Blueprint\tests\ScenarioTests\BlueprintTests.cs(58,58): error CS0518: Predefined type 'System.String' is not defined or imported
C:\gh\azure-sdk-for-net\sdk\blueprint\Microsoft.Azure.Management.Blueprint\tests\ScenarioTests\BlueprintTests.cs(59,13): error CS0518: Predefined type 'System.Object' is not defined or imported
C:\gh\azure-sdk-for-net\sdk\blueprint\Microsoft.Azure.Management.Blueprint\tests\ScenarioTests\BlueprintTests.cs(59,13): error CS0103: The name 'Assert' does not exist in the current context
C:\gh\azure-sdk-for-net\sdk\blueprint\Microsoft.Azure.Management.Blueprint\tests\ScenarioTests\BlueprintTests.cs(59,26): error CS0518: Predefined type 'System.Int32' is not defined or imported
C:\gh\azure-sdk-for-net\sdk\blueprint\Microsoft.Azure.Management.Blueprint\tests\ScenarioTests\BlueprintTests.cs(62,23): error CS0012: The type 'IDictionary<,>' is defined in an assembly that is not referenced. You must add a reference to assembly 'mscorlib, Version=4.0.0.0, Culture=neutral, PublicKeyToken=b77a5c561934e089'.
C:\gh\azure-sdk-for-net\sdk\blueprint\Microsoft.Azure.Management.Blueprint\tests\ScenarioTests\BlueprintTests.cs(62,38): error CS0518: Predefined type 'System.String' is not defined or imported
C:\gh\azure-sdk-for-net\sdk\blueprint\Microsoft.Azure.Management.Blueprint\tests\ScenarioTests\BlueprintTests.cs(62,66): error CS0518: Predefined type 'System.Object' is not defined or imported
C:\gh\azure-sdk-for-net\sdk\blueprint\Microsoft.Azure.Management.Blueprint\tests\ScenarioTests\BlueprintTests.cs(62,66): error CS0518: Predefined type 'System.Void' is not defined or imported
C:\gh\azure-sdk-for-net\sdk\blueprint\Microsoft.Azure.Management.Blueprint\tests\ScenarioTests\BlueprintTests.cs(62,88): error CS0518: Predefined type 'System.String' is not defined or imported
C:\gh\azure-sdk-for-net\sdk\blueprint\Microsoft.Azure.Management.Blueprint\tests\ScenarioTests\BlueprintTests.cs(62,95): error CS0518: Predefined type 'System.Object' is not defined or imported
C:\gh\azure-sdk-for-net\sdk\blueprint\Microsoft.Azure.Management.Blueprint\tests\ScenarioTests\BlueprintTests.cs(62,130): error CS0518: Predefined type 'System.String' is not defined or imported
C:\gh\azure-sdk-for-net\sdk\blueprint\Microsoft.Azure.Management.Blueprint\tests\ScenarioTests\BlueprintTests.cs(62,138): error CS0518: Predefined type 'System.String' is not defined or imported
C:\gh\azure-sdk-for-net\sdk\blueprint\Microsoft.Azure.Management.Blueprint\tests\ScenarioTests\BlueprintTests.cs(62,152): error CS0518: Predefined type 'System.String' is not defined or imported
C:\gh\azure-sdk-for-net\sdk\blueprint\Microsoft.Azure.Management.Blueprint\tests\ScenarioTests\BlueprintTests.cs(63,34): error CS0012: The type 'Task<>' is defined in an assembly that is not referenced. You must add a reference to assembly 'mscorlib, Version=4.0.0.0, Culture=neutral, PublicKeyToken=b77a5c561934e089'.
C:\gh\azure-sdk-for-net\sdk\blueprint\Microsoft.Azure.Management.Blueprint\tests\ScenarioTests\BlueprintTests.cs(64,13): error CS0518: Predefined type 'System.Object' is not defined or imported
C:\gh\azure-sdk-for-net\sdk\blueprint\Microsoft.Azure.Management.Blueprint\tests\ScenarioTests\BlueprintTests.cs(64,13): error CS0103: The name 'Assert' does not exist in the current context
C:\gh\azure-sdk-for-net\sdk\blueprint\Microsoft.Azure.Management.Blueprint\tests\ScenarioTests\BlueprintTests.cs(64,29): error CS0518: Predefined type 'System.String' is not defined or imported
C:\gh\azure-sdk-for-net\sdk\blueprint\Microsoft.Azure.Management.Blueprint\tests\ScenarioTests\BlueprintTests.cs(67,19): error CS0012: The type 'Task<>' is defined in an assembly that is not referenced. You must add a reference to assembly 'mscorlib, Version=4.0.0.0, Culture=neutral, PublicKeyToken=b77a5c561934e089'.
C:\gh\azure-sdk-for-net\sdk\blueprint\Microsoft.Azure.Management.Blueprint\tests\ScenarioTests\BlueprintTests.cs(68,36): error CS0012: The type 'Task<>' is defined in an assembly that is not referenced. You must add a reference to assembly 'mscorlib, Version=4.0.0.0, Culture=neutral, PublicKeyToken=b77a5c561934e089'.
C:\gh\azure-sdk-for-net\sdk\blueprint\Microsoft.Azure.Management.Blueprint\tests\ScenarioTests\BlueprintTests.cs(69,13): error CS0518: Predefined type 'System.Object' is not defined or imported
C:\gh\azure-sdk-for-net\sdk\blueprint\Microsoft.Azure.Management.Blueprint\tests\ScenarioTests\BlueprintTests.cs(69,13): error CS0103: The name 'Assert' does not exist in the current context
C:\gh\azure-sdk-for-net\sdk\blueprint\Microsoft.Azure.Management.Blueprint\tests\ScenarioTests\BlueprintTests.cs(69,26): error CS0518: Predefined type 'System.Int32' is not defined or imported
C:\gh\azure-sdk-for-net\sdk\blueprint\Microsoft.Azure.Management.Blueprint\tests\ScenarioTests\BlueprintTests.cs(70,13): error CS0518: Predefined type 'System.Object' is not defined or imported
C:\gh\azure-sdk-for-net\sdk\blueprint\Microsoft.Azure.Management.Blueprint\tests\ScenarioTests\BlueprintTests.cs(70,13): error CS0103: The name 'Assert' does not exist in the current context
C:\gh\azure-sdk-for-net\sdk\blueprint\Microsoft.Azure.Management.Blueprint\tests\ScenarioTests\BlueprintTests.cs(71,13): error CS0518: Predefined type 'System.Object' is not defined or imported
C:\gh\azure-sdk-for-net\sdk\blueprint\Microsoft.Azure.Management.Blueprint\tests\ScenarioTests\BlueprintTests.cs(71,13): error CS0103: The name 'Assert' does not exist in the current context
C:\gh\azure-sdk-for-net\sdk\blueprint\Microsoft.Azure.Management.Blueprint\tests\ScenarioTests\BlueprintTests.cs(74,19): error CS0012: The type 'Task<>' is defined in an assembly that is not referenced. You must add a reference to assembly 'mscorlib, Version=4.0.0.0, Culture=neutral, PublicKeyToken=b77a5c561934e089'.
C:\gh\azure-sdk-for-net\sdk\blueprint\Microsoft.Azure.Management.Blueprint\tests\ScenarioTests\BlueprintTests.cs(75,19): error CS0012: The type 'Task<>' is defined in an assembly that is not referenced. You must add a reference to assembly 'mscorlib, Version=4.0.0.0, Culture=neutral, PublicKeyToken=b77a5c561934e089'.
C:\gh\azure-sdk-for-net\sdk\blueprint\Microsoft.Azure.Management.Blueprint\tests\ScenarioTests\BlueprintTests.cs(45,28): error CS0161: 'BlueprintTests.DynamicBlueprintCRUDInternal(BlueprintTestBase, string)': not all code paths return a value
C:\gh\azure-sdk-for-net\sdk\blueprint\Microsoft.Azure.Management.Blueprint\tests\ScenarioTests\BlueprintTests.cs(85,13): error CS0518: Predefined type 'System.String' is not defined or imported
C:\gh\azure-sdk-for-net\sdk\blueprint\Microsoft.Azure.Management.Blueprint\tests\ScenarioTests\BlueprintTests.cs(85,42): error CS0518: Predefined type 'System.String' is not defined or imported
C:\gh\azure-sdk-for-net\sdk\blueprint\Microsoft.Azure.Management.Blueprint\tests\ScenarioTests\BlueprintTests.cs(86,33): error CS0518: Predefined type 'System.String' is not defined or imported
C:\gh\azure-sdk-for-net\sdk\blueprint\Microsoft.Azure.Management.Blueprint\tests\ScenarioTests\BlueprintTests.cs(87,34): error CS0518: Predefined type 'System.String' is not defined or imported
C:\gh\azure-sdk-for-net\sdk\blueprint\Microsoft.Azure.Management.Blueprint\tests\ScenarioTests\BlueprintTests.cs(89,13): error CS0518: Predefined type 'System.IDisposable' is not defined or imported
C:\gh\azure-sdk-for-net\sdk\blueprint\Microsoft.Azure.Management.Blueprint\tests\ScenarioTests\BlueprintTests.cs(89,34): error CS0518: Predefined type 'System.Object' is not defined or imported
C:\gh\azure-sdk-for-net\sdk\blueprint\Microsoft.Azure.Management.Blueprint\tests\ScenarioTests\BlueprintTests.cs(89,34): error CS0103: The name 'MockContext' does not exist in the current context
C:\gh\azure-sdk-for-net\sdk\blueprint\Microsoft.Azure.Management.Blueprint\tests\ScenarioTests\BlueprintTests.cs(89,57): error CS0518: Predefined type 'System.Object' is not defined or imported
C:\gh\azure-sdk-for-net\sdk\blueprint\Microsoft.Azure.Management.Blueprint\tests\ScenarioTests\BlueprintTests.cs(89,57): error CS1061: 'BlueprintTests' does not contain a definition for 'GetType' and no accessible extension method 'GetType' accepting a first argument of type 'BlueprintTests' could be found (are you missing a using directive or an assembly reference?)
C:\gh\azure-sdk-for-net\sdk\blueprint\Microsoft.Azure.Management.Blueprint\tests\ScenarioTests\BlueprintTests.cs(91,17): error CS0518: Predefined type 'System.IDisposable' is not defined or imported
C:\gh\azure-sdk-for-net\sdk\blueprint\Microsoft.Azure.Management.Blueprint\tests\ScenarioTests\BlueprintTests.cs(91,46): error CS0518: Predefined type 'System.Object' is not defined or imported
C:\gh\azure-sdk-for-net\sdk\blueprint\Microsoft.Azure.Management.Blueprint\tests\ScenarioTests\BlueprintTests.cs(91,24): error CS1674: 'BlueprintTestBase': type used in a using statement must be implicitly convertible to 'System.IDisposable'.
C:\gh\azure-sdk-for-net\sdk\blueprint\Microsoft.Azure.Management.Blueprint\tests\ScenarioTests\BlueprintTests.cs(94,37): error CS0518: Predefined type 'System.Object' is not defined or imported
C:\gh\azure-sdk-for-net\sdk\blueprint\Microsoft.Azure.Management.Blueprint\tests\ScenarioTests\BlueprintTests.cs(95,27): error CS0012: The type 'Task<>' is defined in an assembly that is not referenced. You must add a reference to assembly 'mscorlib, Version=4.0.0.0, Culture=neutral, PublicKeyToken=b77a5c561934e089'.
C:\gh\azure-sdk-for-net\sdk\blueprint\Microsoft.Azure.Management.Blueprint\tests\ScenarioTests\BlueprintTests.cs(98,46): error CS0012: The type 'Task<>' is defined in an assembly that is not referenced. You must add a reference to assembly 'mscorlib, Version=4.0.0.0, Culture=neutral, PublicKeyToken=b77a5c561934e089'.
C:\gh\azure-sdk-for-net\sdk\blueprint\Microsoft.Azure.Management.Blueprint\tests\ScenarioTests\BlueprintTests.cs(99,21): error CS0518: Predefined type 'System.Object' is not defined or imported
C:\gh\azure-sdk-for-net\sdk\blueprint\Microsoft.Azure.Management.Blueprint\tests\ScenarioTests\BlueprintTests.cs(99,21): error CS0103: The name 'Assert' does not exist in the current context
C:\gh\azure-sdk-for-net\sdk\blueprint\Microsoft.Azure.Management.Blueprint\tests\ScenarioTests\BlueprintTests.cs(100,21): error CS0518: Predefined type 'System.Object' is not defined or imported
C:\gh\azure-sdk-for-net\sdk\blueprint\Microsoft.Azure.Management.Blueprint\tests\ScenarioTests\BlueprintTests.cs(100,21): error CS0103: The name 'Assert' does not exist in the current context
C:\gh\azure-sdk-for-net\sdk\blueprint\Microsoft.Azure.Management.Blueprint\tests\ScenarioTests\BlueprintTests.cs(100,34): error CS0518: Predefined type 'System.String' is not defined or imported
C:\gh\azure-sdk-for-net\sdk\blueprint\Microsoft.Azure.Management.Blueprint\tests\ScenarioTests\BlueprintTests.cs(101,21): error CS0518: Predefined type 'System.Object' is not defined or imported
C:\gh\azure-sdk-for-net\sdk\blueprint\Microsoft.Azure.Management.Blueprint\tests\ScenarioTests\BlueprintTests.cs(101,21): error CS0103: The name 'Assert' does not exist in the current context
C:\gh\azure-sdk-for-net\sdk\blueprint\Microsoft.Azure.Management.Blueprint\tests\ScenarioTests\BlueprintTests.cs(101,34): error CS0518: Predefined type 'System.Object' is not defined or imported
C:\gh\azure-sdk-for-net\sdk\blueprint\Microsoft.Azure.Management.Blueprint\tests\ScenarioTests\BlueprintTests.cs(101,66): error CS0518: Predefined type 'System.String' is not defined or imported
C:\gh\azure-sdk-for-net\sdk\blueprint\Microsoft.Azure.Management.Blueprint\tests\ScenarioTests\BlueprintTests.cs(102,21): error CS0518: Predefined type 'System.Object' is not defined or imported
C:\gh\azure-sdk-for-net\sdk\blueprint\Microsoft.Azure.Management.Blueprint\tests\ScenarioTests\BlueprintTests.cs(102,21): error CS0103: The name 'Assert' does not exist in the current context
C:\gh\azure-sdk-for-net\sdk\blueprint\Microsoft.Azure.Management.Blueprint\tests\ScenarioTests\BlueprintTests.cs(102,34): error CS0518: Predefined type 'System.Int32' is not defined or imported
C:\gh\azure-sdk-for-net\sdk\blueprint\Microsoft.Azure.Management.Blueprint\tests\ScenarioTests\BlueprintTests.cs(105,31): error CS0012: The type 'IDictionary<,>' is defined in an assembly that is not referenced. You must add a reference to assembly 'mscorlib, Version=4.0.0.0, Culture=neutral, PublicKeyToken=b77a5c561934e089'.
C:\gh\azure-sdk-for-net\sdk\blueprint\Microsoft.Azure.Management.Blueprint\tests\ScenarioTests\BlueprintTests.cs(105,46): error CS0518: Predefined type 'System.String' is not defined or imported
C:\gh\azure-sdk-for-net\sdk\blueprint\Microsoft.Azure.Management.Blueprint\tests\ScenarioTests\BlueprintTests.cs(105,74): error CS0518: Predefined type 'System.Object' is not defined or imported
C:\gh\azure-sdk-for-net\sdk\blueprint\Microsoft.Azure.Management.Blueprint\tests\ScenarioTests\BlueprintTests.cs(105,74): error CS0518: Predefined type 'System.Void' is not defined or imported
C:\gh\azure-sdk-for-net\sdk\blueprint\Microsoft.Azure.Management.Blueprint\tests\ScenarioTests\BlueprintTests.cs(105,96): error CS0518: Predefined type 'System.String' is not defined or imported
C:\gh\azure-sdk-for-net\sdk\blueprint\Microsoft.Azure.Management.Blueprint\tests\ScenarioTests\BlueprintTests.cs(105,103): error CS0518: Predefined type 'System.Object' is not defined or imported
C:\gh\azure-sdk-for-net\sdk\blueprint\Microsoft.Azure.Management.Blueprint\tests\ScenarioTests\BlueprintTests.cs(105,138): error CS0518: Predefined type 'System.String' is not defined or imported
C:\gh\azure-sdk-for-net\sdk\blueprint\Microsoft.Azure.Management.Blueprint\tests\ScenarioTests\BlueprintTests.cs(105,146): error CS0518: Predefined type 'System.String' is not defined or imported
C:\gh\azure-sdk-for-net\sdk\blueprint\Microsoft.Azure.Management.Blueprint\tests\ScenarioTests\BlueprintTests.cs(105,160): error CS0518: Predefined type 'System.String' is not defined or imported
C:\gh\azure-sdk-for-net\sdk\blueprint\Microsoft.Azure.Management.Blueprint\tests\ScenarioTests\BlueprintTests.cs(106,42): error CS0012: The type 'Task<>' is defined in an assembly that is not referenced. You must add a reference to assembly 'mscorlib, Version=4.0.0.0, Culture=neutral, PublicKeyToken=b77a5c561934e089'.
C:\gh\azure-sdk-for-net\sdk\blueprint\Microsoft.Azure.Management.Blueprint\tests\ScenarioTests\BlueprintTests.cs(107,21): error CS0518: Predefined type 'System.Object' is not defined or imported
C:\gh\azure-sdk-for-net\sdk\blueprint\Microsoft.Azure.Management.Blueprint\tests\ScenarioTests\BlueprintTests.cs(107,21): error CS0103: The name 'Assert' does not exist in the current context
C:\gh\azure-sdk-for-net\sdk\blueprint\Microsoft.Azure.Management.Blueprint\tests\ScenarioTests\BlueprintTests.cs(107,37): error CS0518: Predefined type 'System.String' is not defined or imported
C:\gh\azure-sdk-for-net\sdk\blueprint\Microsoft.Azure.Management.Blueprint\tests\ScenarioTests\BlueprintTests.cs(110,27): error CS0012: The type 'Task<>' is defined in an assembly that is not referenced. You must add a reference to assembly 'mscorlib, Version=4.0.0.0, Culture=neutral, PublicKeyToken=b77a5c561934e089'.
C:\gh\azure-sdk-for-net\sdk\blueprint\Microsoft.Azure.Management.Blueprint\tests\ScenarioTests\BlueprintTests.cs(111,44): error CS0012: The type 'Task<>' is defined in an assembly that is not referenced. You must add a reference to assembly 'mscorlib, Version=4.0.0.0, Culture=neutral, PublicKeyToken=b77a5c561934e089'.
C:\gh\azure-sdk-for-net\sdk\blueprint\Microsoft.Azure.Management.Blueprint\tests\ScenarioTests\BlueprintTests.cs(112,21): error CS0518: Predefined type 'System.Object' is not defined or imported
C:\gh\azure-sdk-for-net\sdk\blueprint\Microsoft.Azure.Management.Blueprint\tests\ScenarioTests\BlueprintTests.cs(112,21): error CS0103: The name 'Assert' does not exist in the current context
C:\gh\azure-sdk-for-net\sdk\blueprint\Microsoft.Azure.Management.Blueprint\tests\ScenarioTests\BlueprintTests.cs(112,34): error CS0518: Predefined type 'System.Int32' is not defined or imported
C:\gh\azure-sdk-for-net\sdk\blueprint\Microsoft.Azure.Management.Blueprint\tests\ScenarioTests\BlueprintTests.cs(113,21): error CS0518: Predefined type 'System.Object' is not defined or imported
C:\gh\azure-sdk-for-net\sdk\blueprint\Microsoft.Azure.Management.Blueprint\tests\ScenarioTests\BlueprintTests.cs(113,21): error CS0103: The name 'Assert' does not exist in the current context
C:\gh\azure-sdk-for-net\sdk\blueprint\Microsoft.Azure.Management.Blueprint\tests\ScenarioTests\BlueprintTests.cs(114,21): error CS0518: Predefined type 'System.Object' is not defined or imported
C:\gh\azure-sdk-for-net\sdk\blueprint\Microsoft.Azure.Management.Blueprint\tests\ScenarioTests\BlueprintTests.cs(114,21): error CS0103: The name 'Assert' does not exist in the current context
C:\gh\azure-sdk-for-net\sdk\blueprint\Microsoft.Azure.Management.Blueprint\tests\ScenarioTests\BlueprintTests.cs(117,27): error CS0012: The type 'Task<>' is defined in an assembly that is not referenced. You must add a reference to assembly 'mscorlib, Version=4.0.0.0, Culture=neutral, PublicKeyToken=b77a5c561934e089'.
C:\gh\azure-sdk-for-net\sdk\blueprint\Microsoft.Azure.Management.Blueprint\tests\ScenarioTests\BlueprintTests.cs(118,27): error CS0012: The type 'Task<>' is defined in an assembly that is not referenced. You must add a reference to assembly 'mscorlib, Version=4.0.0.0, Culture=neutral, PublicKeyToken=b77a5c561934e089'.
C:\gh\azure-sdk-for-net\sdk\blueprint\Microsoft.Azure.Management.Blueprint\tests\ScenarioTests\BlueprintTests.cs(83,27): error CS0161: 'BlueprintTests.ManagementGroupBlueprintCRUD()': not all code paths return a value
C:\gh\azure-sdk-for-net\sdk\blueprint\Microsoft.Azure.Management.Blueprint\tests\ScenarioTests\BlueprintTests.cs(130,13): error CS0518: Predefined type 'System.String' is not defined or imported
C:\gh\azure-sdk-for-net\sdk\blueprint\Microsoft.Azure.Management.Blueprint\tests\ScenarioTests\BlueprintTests.cs(130,37): error CS0518: Predefined type 'System.String' is not defined or imported
C:\gh\azure-sdk-for-net\sdk\blueprint\Microsoft.Azure.Management.Blueprint\tests\ScenarioTests\BlueprintTests.cs(131,33): error CS0518: Predefined type 'System.String' is not defined or imported
C:\gh\azure-sdk-for-net\sdk\blueprint\Microsoft.Azure.Management.Blueprint\tests\ScenarioTests\BlueprintTests.cs(132,34): error CS0518: Predefined type 'System.String' is not defined or imported
C:\gh\azure-sdk-for-net\sdk\blueprint\Microsoft.Azure.Management.Blueprint\tests\ScenarioTests\BlueprintTests.cs(134,13): error CS0518: Predefined type 'System.IDisposable' is not defined or imported
C:\gh\azure-sdk-for-net\sdk\blueprint\Microsoft.Azure.Management.Blueprint\tests\ScenarioTests\BlueprintTests.cs(134,34): error CS0518: Predefined type 'System.Object' is not defined or imported
C:\gh\azure-sdk-for-net\sdk\blueprint\Microsoft.Azure.Management.Blueprint\tests\ScenarioTests\BlueprintTests.cs(134,34): error CS0103: The name 'MockContext' does not exist in the current context
C:\gh\azure-sdk-for-net\sdk\blueprint\Microsoft.Azure.Management.Blueprint\tests\ScenarioTests\BlueprintTests.cs(134,57): error CS0518: Predefined type 'System.Object' is not defined or imported
C:\gh\azure-sdk-for-net\sdk\blueprint\Microsoft.Azure.Management.Blueprint\tests\ScenarioTests\BlueprintTests.cs(134,57): error CS1061: 'BlueprintTests' does not contain a definition for 'GetType' and no accessible extension method 'GetType' accepting a first argument of type 'BlueprintTests' could be found (are you missing a using directive or an assembly reference?)
C:\gh\azure-sdk-for-net\sdk\blueprint\Microsoft.Azure.Management.Blueprint\tests\ScenarioTests\BlueprintTests.cs(136,17): error CS0518: Predefined type 'System.IDisposable' is not defined or imported
C:\gh\azure-sdk-for-net\sdk\blueprint\Microsoft.Azure.Management.Blueprint\tests\ScenarioTests\BlueprintTests.cs(136,46): error CS0518: Predefined type 'System.Object' is not defined or imported
C:\gh\azure-sdk-for-net\sdk\blueprint\Microsoft.Azure.Management.Blueprint\tests\ScenarioTests\BlueprintTests.cs(136,24): error CS1674: 'BlueprintTestBase': type used in a using statement must be implicitly convertible to 'System.IDisposable'.
C:\gh\azure-sdk-for-net\sdk\blueprint\Microsoft.Azure.Management.Blueprint\tests\ScenarioTests\BlueprintTests.cs(139,37): error CS0518: Predefined type 'System.Object' is not defined or imported
C:\gh\azure-sdk-for-net\sdk\blueprint\Microsoft.Azure.Management.Blueprint\tests\ScenarioTests\BlueprintTests.cs(140,27): error CS0012: The type 'Task<>' is defined in an assembly that is not referenced. You must add a reference to assembly 'mscorlib, Version=4.0.0.0, Culture=neutral, PublicKeyToken=b77a5c561934e089'.
C:\gh\azure-sdk-for-net\sdk\blueprint\Microsoft.Azure.Management.Blueprint\tests\ScenarioTests\BlueprintTests.cs(143,46): error CS0012: The type 'Task<>' is defined in an assembly that is not referenced. You must add a reference to assembly 'mscorlib, Version=4.0.0.0, Culture=neutral, PublicKeyToken=b77a5c561934e089'.
C:\gh\azure-sdk-for-net\sdk\blueprint\Microsoft.Azure.Management.Blueprint\tests\ScenarioTests\BlueprintTests.cs(144,21): error CS0518: Predefined type 'System.Object' is not defined or imported
C:\gh\azure-sdk-for-net\sdk\blueprint\Microsoft.Azure.Management.Blueprint\tests\ScenarioTests\BlueprintTests.cs(144,21): error CS0103: The name 'Assert' does not exist in the current context
C:\gh\azure-sdk-for-net\sdk\blueprint\Microsoft.Azure.Management.Blueprint\tests\ScenarioTests\BlueprintTests.cs(145,21): error CS0518: Predefined type 'System.Object' is not defined or imported
C:\gh\azure-sdk-for-net\sdk\blueprint\Microsoft.Azure.Management.Blueprint\tests\ScenarioTests\BlueprintTests.cs(145,21): error CS0103: The name 'Assert' does not exist in the current context
C:\gh\azure-sdk-for-net\sdk\blueprint\Microsoft.Azure.Management.Blueprint\tests\ScenarioTests\BlueprintTests.cs(145,34): error CS0518: Predefined type 'System.String' is not defined or imported
C:\gh\azure-sdk-for-net\sdk\blueprint\Microsoft.Azure.Management.Blueprint\tests\ScenarioTests\BlueprintTests.cs(146,21): error CS0518: Predefined type 'System.Object' is not defined or imported
C:\gh\azure-sdk-for-net\sdk\blueprint\Microsoft.Azure.Management.Blueprint\tests\ScenarioTests\BlueprintTests.cs(146,21): error CS0103: The name 'Assert' does not exist in the current context
C:\gh\azure-sdk-for-net\sdk\blueprint\Microsoft.Azure.Management.Blueprint\tests\ScenarioTests\BlueprintTests.cs(146,34): error CS0518: Predefined type 'System.Object' is not defined or imported
C:\gh\azure-sdk-for-net\sdk\blueprint\Microsoft.Azure.Management.Blueprint\tests\ScenarioTests\BlueprintTests.cs(146,66): error CS0518: Predefined type 'System.String' is not defined or imported
C:\gh\azure-sdk-for-net\sdk\blueprint\Microsoft.Azure.Management.Blueprint\tests\ScenarioTests\BlueprintTests.cs(147,21): error CS0518: Predefined type 'System.Object' is not defined or imported
C:\gh\azure-sdk-for-net\sdk\blueprint\Microsoft.Azure.Management.Blueprint\tests\ScenarioTests\BlueprintTests.cs(147,21): error CS0103: The name 'Assert' does not exist in the current context
C:\gh\azure-sdk-for-net\sdk\blueprint\Microsoft.Azure.Management.Blueprint\tests\ScenarioTests\BlueprintTests.cs(147,34): error CS0518: Predefined type 'System.Int32' is not defined or imported
C:\gh\azure-sdk-for-net\sdk\blueprint\Microsoft.Azure.Management.Blueprint\tests\ScenarioTests\BlueprintTests.cs(150,31): error CS0012: The type 'IDictionary<,>' is defined in an assembly that is not referenced. You must add a reference to assembly 'mscorlib, Version=4.0.0.0, Culture=neutral, PublicKeyToken=b77a5c561934e089'.
C:\gh\azure-sdk-for-net\sdk\blueprint\Microsoft.Azure.Management.Blueprint\tests\ScenarioTests\BlueprintTests.cs(150,46): error CS0518: Predefined type 'System.String' is not defined or imported
C:\gh\azure-sdk-for-net\sdk\blueprint\Microsoft.Azure.Management.Blueprint\tests\ScenarioTests\BlueprintTests.cs(150,74): error CS0518: Predefined type 'System.Object' is not defined or imported
C:\gh\azure-sdk-for-net\sdk\blueprint\Microsoft.Azure.Management.Blueprint\tests\ScenarioTests\BlueprintTests.cs(150,74): error CS0518: Predefined type 'System.Void' is not defined or imported
C:\gh\azure-sdk-for-net\sdk\blueprint\Microsoft.Azure.Management.Blueprint\tests\ScenarioTests\BlueprintTests.cs(150,96): error CS0518: Predefined type 'System.String' is not defined or imported
C:\gh\azure-sdk-for-net\sdk\blueprint\Microsoft.Azure.Management.Blueprint\tests\ScenarioTests\BlueprintTests.cs(150,103): error CS0518: Predefined type 'System.Object' is not defined or imported
C:\gh\azure-sdk-for-net\sdk\blueprint\Microsoft.Azure.Management.Blueprint\tests\ScenarioTests\BlueprintTests.cs(150,138): error CS0518: Predefined type 'System.String' is not defined or imported
C:\gh\azure-sdk-for-net\sdk\blueprint\Microsoft.Azure.Management.Blueprint\tests\ScenarioTests\BlueprintTests.cs(150,146): error CS0518: Predefined type 'System.String' is not defined or imported
C:\gh\azure-sdk-for-net\sdk\blueprint\Microsoft.Azure.Management.Blueprint\tests\ScenarioTests\BlueprintTests.cs(150,160): error CS0518: Predefined type 'System.String' is not defined or imported
C:\gh\azure-sdk-for-net\sdk\blueprint\Microsoft.Azure.Management.Blueprint\tests\ScenarioTests\BlueprintTests.cs(151,42): error CS0012: The type 'Task<>' is defined in an assembly that is not referenced. You must add a reference to assembly 'mscorlib, Version=4.0.0.0, Culture=neutral, PublicKeyToken=b77a5c561934e089'.
C:\gh\azure-sdk-for-net\sdk\blueprint\Microsoft.Azure.Management.Blueprint\tests\ScenarioTests\BlueprintTests.cs(152,21): error CS0518: Predefined type 'System.Object' is not defined or imported
C:\gh\azure-sdk-for-net\sdk\blueprint\Microsoft.Azure.Management.Blueprint\tests\ScenarioTests\BlueprintTests.cs(152,21): error CS0103: The name 'Assert' does not exist in the current context
C:\gh\azure-sdk-for-net\sdk\blueprint\Microsoft.Azure.Management.Blueprint\tests\ScenarioTests\BlueprintTests.cs(152,37): error CS0518: Predefined type 'System.String' is not defined or imported
C:\gh\azure-sdk-for-net\sdk\blueprint\Microsoft.Azure.Management.Blueprint\tests\ScenarioTests\BlueprintTests.cs(155,27): error CS0012: The type 'Task<>' is defined in an assembly that is not referenced. You must add a reference to assembly 'mscorlib, Version=4.0.0.0, Culture=neutral, PublicKeyToken=b77a5c561934e089'.
C:\gh\azure-sdk-for-net\sdk\blueprint\Microsoft.Azure.Management.Blueprint\tests\ScenarioTests\BlueprintTests.cs(156,44): error CS0012: The type 'Task<>' is defined in an assembly that is not referenced. You must add a reference to assembly 'mscorlib, Version=4.0.0.0, Culture=neutral, PublicKeyToken=b77a5c561934e089'.
C:\gh\azure-sdk-for-net\sdk\blueprint\Microsoft.Azure.Management.Blueprint\tests\ScenarioTests\BlueprintTests.cs(157,21): error CS0518: Predefined type 'System.Object' is not defined or imported
C:\gh\azure-sdk-for-net\sdk\blueprint\Microsoft.Azure.Management.Blueprint\tests\ScenarioTests\BlueprintTests.cs(157,21): error CS0103: The name 'Assert' does not exist in the current context
C:\gh\azure-sdk-for-net\sdk\blueprint\Microsoft.Azure.Management.Blueprint\tests\ScenarioTests\BlueprintTests.cs(157,34): error CS0518: Predefined type 'System.Int32' is not defined or imported
C:\gh\azure-sdk-for-net\sdk\blueprint\Microsoft.Azure.Management.Blueprint\tests\ScenarioTests\BlueprintTests.cs(158,21): error CS0518: Predefined type 'System.Object' is not defined or imported
C:\gh\azure-sdk-for-net\sdk\blueprint\Microsoft.Azure.Management.Blueprint\tests\ScenarioTests\BlueprintTests.cs(158,21): error CS0103: The name 'Assert' does not exist in the current context
C:\gh\azure-sdk-for-net\sdk\blueprint\Microsoft.Azure.Management.Blueprint\tests\ScenarioTests\BlueprintTests.cs(159,21): error CS0518: Predefined type 'System.Object' is not defined or imported
C:\gh\azure-sdk-for-net\sdk\blueprint\Microsoft.Azure.Management.Blueprint\tests\ScenarioTests\BlueprintTests.cs(159,21): error CS0103: The name 'Assert' does not exist in the current context
C:\gh\azure-sdk-for-net\sdk\blueprint\Microsoft.Azure.Management.Blueprint\tests\ScenarioTests\BlueprintTests.cs(162,27): error CS0012: The type 'Task<>' is defined in an assembly that is not referenced. You must add a reference to assembly 'mscorlib, Version=4.0.0.0, Culture=neutral, PublicKeyToken=b77a5c561934e089'.
C:\gh\azure-sdk-for-net\sdk\blueprint\Microsoft.Azure.Management.Blueprint\tests\ScenarioTests\BlueprintTests.cs(163,27): error CS0012: The type 'Task<>' is defined in an assembly that is not referenced. You must add a reference to assembly 'mscorlib, Version=4.0.0.0, Culture=neutral, PublicKeyToken=b77a5c561934e089'.
C:\gh\azure-sdk-for-net\sdk\blueprint\Microsoft.Azure.Management.Blueprint\tests\ScenarioTests\BlueprintTests.cs(128,27): error CS0161: 'BlueprintTests.SubscriptionBlueprintCRUD()': not all code paths return a value
C:\gh\azure-sdk-for-net\sdk\blueprint\Microsoft.Azure.Management.Blueprint\tests\ScenarioTests\BlueprintTests.cs(171,13): error CS0518: Predefined type 'System.String' is not defined or imported
C:\gh\azure-sdk-for-net\sdk\blueprint\Microsoft.Azure.Management.Blueprint\tests\ScenarioTests\BlueprintTests.cs(171,42): error CS0518: Predefined type 'System.String' is not defined or imported
C:\gh\azure-sdk-for-net\sdk\blueprint\Microsoft.Azure.Management.Blueprint\tests\ScenarioTests\BlueprintTests.cs(172,33): error CS0518: Predefined type 'System.String' is not defined or imported
C:\gh\azure-sdk-for-net\sdk\blueprint\Microsoft.Azure.Management.Blueprint\tests\ScenarioTests\BlueprintTests.cs(173,40): error CS0518: Predefined type 'System.String' is not defined or imported
C:\gh\azure-sdk-for-net\sdk\blueprint\Microsoft.Azure.Management.Blueprint\tests\ScenarioTests\BlueprintTests.cs(174,38): error CS0518: Predefined type 'System.String' is not defined or imported
C:\gh\azure-sdk-for-net\sdk\blueprint\Microsoft.Azure.Management.Blueprint\tests\ScenarioTests\BlueprintTests.cs(175,36): error CS0518: Predefined type 'System.String' is not defined or imported
C:\gh\azure-sdk-for-net\sdk\blueprint\Microsoft.Azure.Management.Blueprint\tests\ScenarioTests\BlueprintTests.cs(176,13): error CS0518: Predefined type 'System.IDisposable' is not defined or imported
C:\gh\azure-sdk-for-net\sdk\blueprint\Microsoft.Azure.Management.Blueprint\tests\ScenarioTests\BlueprintTests.cs(176,34): error CS0518: Predefined type 'System.Object' is not defined or imported
C:\gh\azure-sdk-for-net\sdk\blueprint\Microsoft.Azure.Management.Blueprint\tests\ScenarioTests\BlueprintTests.cs(176,34): error CS0103: The name 'MockContext' does not exist in the current context
C:\gh\azure-sdk-for-net\sdk\blueprint\Microsoft.Azure.Management.Blueprint\tests\ScenarioTests\BlueprintTests.cs(176,57): error CS0518: Predefined type 'System.Object' is not defined or imported
C:\gh\azure-sdk-for-net\sdk\blueprint\Microsoft.Azure.Management.Blueprint\tests\ScenarioTests\BlueprintTests.cs(176,57): error CS1061: 'BlueprintTests' does not contain a definition for 'GetType' and no accessible extension method 'GetType' accepting a first argument of type 'BlueprintTests' could be found (are you missing a using directive or an assembly reference?)
C:\gh\azure-sdk-for-net\sdk\blueprint\Microsoft.Azure.Management.Blueprint\tests\ScenarioTests\BlueprintTests.cs(178,17): error CS0518: Predefined type 'System.IDisposable' is not defined or imported
C:\gh\azure-sdk-for-net\sdk\blueprint\Microsoft.Azure.Management.Blueprint\tests\ScenarioTests\BlueprintTests.cs(178,46): error CS0518: Predefined type 'System.Object' is not defined or imported
C:\gh\azure-sdk-for-net\sdk\blueprint\Microsoft.Azure.Management.Blueprint\tests\ScenarioTests\BlueprintTests.cs(178,24): error CS1674: 'BlueprintTestBase': type used in a using statement must be implicitly convertible to 'System.IDisposable'.
C:\gh\azure-sdk-for-net\sdk\blueprint\Microsoft.Azure.Management.Blueprint\tests\ScenarioTests\BlueprintTests.cs(181,37): error CS0518: Predefined type 'System.Object' is not defined or imported
C:\gh\azure-sdk-for-net\sdk\blueprint\Microsoft.Azure.Management.Blueprint\tests\ScenarioTests\BlueprintTests.cs(182,27): error CS0012: The type 'Task<>' is defined in an assembly that is not referenced. You must add a reference to assembly 'mscorlib, Version=4.0.0.0, Culture=neutral, PublicKeyToken=b77a5c561934e089'.
C:\gh\azure-sdk-for-net\sdk\blueprint\Microsoft.Azure.Management.Blueprint\tests\ScenarioTests\BlueprintTests.cs(186,44): error CS0518: Predefined type 'System.Object' is not defined or imported
C:\gh\azure-sdk-for-net\sdk\blueprint\Microsoft.Azure.Management.Blueprint\tests\ScenarioTests\BlueprintTests.cs(187,27): error CS0012: The type 'Task<>' is defined in an assembly that is not referenced. You must add a reference to assembly 'mscorlib, Version=4.0.0.0, Culture=neutral, PublicKeyToken=b77a5c561934e089'.
C:\gh\azure-sdk-for-net\sdk\blueprint\Microsoft.Azure.Management.Blueprint\tests\ScenarioTests\BlueprintTests.cs(189,53): error CS0012: The type 'Task<>' is defined in an assembly that is not referenced. You must add a reference to assembly 'mscorlib, Version=4.0.0.0, Culture=neutral, PublicKeyToken=b77a5c561934e089'.
C:\gh\azure-sdk-for-net\sdk\blueprint\Microsoft.Azure.Management.Blueprint\tests\ScenarioTests\BlueprintTests.cs(189,178): error CS0518: Predefined type 'System.Object' is not defined or imported
C:\gh\azure-sdk-for-net\sdk\blueprint\Microsoft.Azure.Management.Blueprint\tests\ScenarioTests\BlueprintTests.cs(190,21): error CS0518: Predefined type 'System.Object' is not defined or imported
C:\gh\azure-sdk-for-net\sdk\blueprint\Microsoft.Azure.Management.Blueprint\tests\ScenarioTests\BlueprintTests.cs(190,21): error CS0103: The name 'Assert' does not exist in the current context
C:\gh\azure-sdk-for-net\sdk\blueprint\Microsoft.Azure.Management.Blueprint\tests\ScenarioTests\BlueprintTests.cs(190,76): error CS0518: Predefined type 'System.String' is not defined or imported
C:\gh\azure-sdk-for-net\sdk\blueprint\Microsoft.Azure.Management.Blueprint\tests\ScenarioTests\BlueprintTests.cs(191,21): error CS0518: Predefined type 'System.Object' is not defined or imported
C:\gh\azure-sdk-for-net\sdk\blueprint\Microsoft.Azure.Management.Blueprint\tests\ScenarioTests\BlueprintTests.cs(191,21): error CS0103: The name 'Assert' does not exist in the current context
C:\gh\azure-sdk-for-net\sdk\blueprint\Microsoft.Azure.Management.Blueprint\tests\ScenarioTests\BlueprintTests.cs(191,34): error CS0518: Predefined type 'System.String' is not defined or imported
C:\gh\azure-sdk-for-net\sdk\blueprint\Microsoft.Azure.Management.Blueprint\tests\ScenarioTests\BlueprintTests.cs(191,98): error CS0518: Predefined type 'System.String' is not defined or imported
C:\gh\azure-sdk-for-net\sdk\blueprint\Microsoft.Azure.Management.Blueprint\tests\ScenarioTests\BlueprintTests.cs(192,21): error CS0518: Predefined type 'System.Object' is not defined or imported
C:\gh\azure-sdk-for-net\sdk\blueprint\Microsoft.Azure.Management.Blueprint\tests\ScenarioTests\BlueprintTests.cs(192,21): error CS0103: The name 'Assert' does not exist in the current context
C:\gh\azure-sdk-for-net\sdk\blueprint\Microsoft.Azure.Management.Blueprint\tests\ScenarioTests\BlueprintTests.cs(192,34): error CS0518: Predefined type 'System.String' is not defined or imported
C:\gh\azure-sdk-for-net\sdk\blueprint\Microsoft.Azure.Management.Blueprint\tests\ScenarioTests\BlueprintTests.cs(192,75): error CS0518: Predefined type 'System.String' is not defined or imported
C:\gh\azure-sdk-for-net\sdk\blueprint\Microsoft.Azure.Management.Blueprint\tests\ScenarioTests\BlueprintTests.cs(193,21): error CS0518: Predefined type 'System.Object' is not defined or imported
C:\gh\azure-sdk-for-net\sdk\blueprint\Microsoft.Azure.Management.Blueprint\tests\ScenarioTests\BlueprintTests.cs(193,21): error CS0103: The name 'Assert' does not exist in the current context
C:\gh\azure-sdk-for-net\sdk\blueprint\Microsoft.Azure.Management.Blueprint\tests\ScenarioTests\BlueprintTests.cs(193,34): error CS0518: Predefined type 'System.Int32' is not defined or imported
C:\gh\azure-sdk-for-net\sdk\blueprint\Microsoft.Azure.Management.Blueprint\tests\ScenarioTests\BlueprintTests.cs(193,57): error CS0012: The type 'IDictionary<,>' is defined in an assembly that is not referenced. You must add a reference to assembly 'mscorlib, Version=4.0.0.0, Culture=neutral, PublicKeyToken=b77a5c561934e089'.
C:\gh\azure-sdk-for-net\sdk\blueprint\Microsoft.Azure.Management.Blueprint\tests\ScenarioTests\BlueprintTests.cs(194,21): error CS0518: Predefined type 'System.Object' is not defined or imported
C:\gh\azure-sdk-for-net\sdk\blueprint\Microsoft.Azure.Management.Blueprint\tests\ScenarioTests\BlueprintTests.cs(194,21): error CS0103: The name 'Assert' does not exist in the current context
C:\gh\azure-sdk-for-net\sdk\blueprint\Microsoft.Azure.Management.Blueprint\tests\ScenarioTests\BlueprintTests.cs(194,55): error CS0012: The type 'IDictionary<,>' is defined in an assembly that is not referenced. You must add a reference to assembly 'mscorlib, Version=4.0.0.0, Culture=neutral, PublicKeyToken=b77a5c561934e089'.
C:\gh\azure-sdk-for-net\sdk\blueprint\Microsoft.Azure.Management.Blueprint\tests\ScenarioTests\BlueprintTests.cs(195,21): error CS0518: Predefined type 'System.Object' is not defined or imported
C:\gh\azure-sdk-for-net\sdk\blueprint\Microsoft.Azure.Management.Blueprint\tests\ScenarioTests\BlueprintTests.cs(195,21): error CS0103: The name 'Assert' does not exist in the current context
C:\gh\azure-sdk-for-net\sdk\blueprint\Microsoft.Azure.Management.Blueprint\tests\ScenarioTests\BlueprintTests.cs(195,55): error CS0012: The type 'IDictionary<,>' is defined in an assembly that is not referenced. You must add a reference to assembly 'mscorlib, Version=4.0.0.0, Culture=neutral, PublicKeyToken=b77a5c561934e089'.
C:\gh\azure-sdk-for-net\sdk\blueprint\Microsoft.Azure.Management.Blueprint\tests\ScenarioTests\BlueprintTests.cs(198,38): error CS0012: The type 'IDictionary<,>' is defined in an assembly that is not referenced. You must add a reference to assembly 'mscorlib, Version=4.0.0.0, Culture=neutral, PublicKeyToken=b77a5c561934e089'.
C:\gh\azure-sdk-for-net\sdk\blueprint\Microsoft.Azure.Management.Blueprint\tests\ScenarioTests\BlueprintTests.cs(198,49): error CS0518: Predefined type 'System.String' is not defined or imported
C:\gh\azure-sdk-for-net\sdk\blueprint\Microsoft.Azure.Management.Blueprint\tests\ScenarioTests\BlueprintTests.cs(198,67): error CS0518: Predefined type 'System.Object' is not defined or imported
C:\gh\azure-sdk-for-net\sdk\blueprint\Microsoft.Azure.Management.Blueprint\tests\ScenarioTests\BlueprintTests.cs(198,67): error CS0518: Predefined type 'System.Void' is not defined or imported
C:\gh\azure-sdk-for-net\sdk\blueprint\Microsoft.Azure.Management.Blueprint\tests\ScenarioTests\BlueprintTests.cs(198,84): error CS0012: The type 'Object' is defined in an assembly that is not referenced. You must add a reference to assembly 'mscorlib, Version=4.0.0.0, Culture=neutral, PublicKeyToken=b77a5c561934e089'.
C:\gh\azure-sdk-for-net\sdk\blueprint\Microsoft.Azure.Management.Blueprint\tests\ScenarioTests\BlueprintTests.cs(198,92): error CS0518: Predefined type 'System.String' is not defined or imported
C:\gh\azure-sdk-for-net\sdk\blueprint\Microsoft.Azure.Management.Blueprint\tests\ScenarioTests\BlueprintTests.cs(199,27): error CS0012: The type 'Task<>' is defined in an assembly that is not referenced. You must add a reference to assembly 'mscorlib, Version=4.0.0.0, Culture=neutral, PublicKeyToken=b77a5c561934e089'.
C:\gh\azure-sdk-for-net\sdk\blueprint\Microsoft.Azure.Management.Blueprint\tests\ScenarioTests\BlueprintTests.cs(204,42): error CS0518: Predefined type 'System.Object' is not defined or imported
C:\gh\azure-sdk-for-net\sdk\blueprint\Microsoft.Azure.Management.Blueprint\tests\ScenarioTests\BlueprintTests.cs(205,27): error CS0012: The type 'Task<>' is defined in an assembly that is not referenced. You must add a reference to assembly 'mscorlib, Version=4.0.0.0, Culture=neutral, PublicKeyToken=b77a5c561934e089'.
C:\gh\azure-sdk-for-net\sdk\blueprint\Microsoft.Azure.Management.Blueprint\tests\ScenarioTests\BlueprintTests.cs(207,51): error CS0012: The type 'Task<>' is defined in an assembly that is not referenced. You must add a reference to assembly 'mscorlib, Version=4.0.0.0, Culture=neutral, PublicKeyToken=b77a5c561934e089'.
C:\gh\azure-sdk-for-net\sdk\blueprint\Microsoft.Azure.Management.Blueprint\tests\ScenarioTests\BlueprintTests.cs(207,174): error CS0518: Predefined type 'System.Object' is not defined or imported
C:\gh\azure-sdk-for-net\sdk\blueprint\Microsoft.Azure.Management.Blueprint\tests\ScenarioTests\BlueprintTests.cs(208,21): error CS0518: Predefined type 'System.Object' is not defined or imported
C:\gh\azure-sdk-for-net\sdk\blueprint\Microsoft.Azure.Management.Blueprint\tests\ScenarioTests\BlueprintTests.cs(208,21): error CS0103: The name 'Assert' does not exist in the current context
C:\gh\azure-sdk-for-net\sdk\blueprint\Microsoft.Azure.Management.Blueprint\tests\ScenarioTests\BlueprintTests.cs(208,72): error CS0518: Predefined type 'System.String' is not defined or imported
C:\gh\azure-sdk-for-net\sdk\blueprint\Microsoft.Azure.Management.Blueprint\tests\ScenarioTests\BlueprintTests.cs(209,21): error CS0518: Predefined type 'System.Object' is not defined or imported
C:\gh\azure-sdk-for-net\sdk\blueprint\Microsoft.Azure.Management.Blueprint\tests\ScenarioTests\BlueprintTests.cs(209,21): error CS0103: The name 'Assert' does not exist in the current context
C:\gh\azure-sdk-for-net\sdk\blueprint\Microsoft.Azure.Management.Blueprint\tests\ScenarioTests\BlueprintTests.cs(209,34): error CS0518: Predefined type 'System.String' is not defined or imported
C:\gh\azure-sdk-for-net\sdk\blueprint\Microsoft.Azure.Management.Blueprint\tests\ScenarioTests\BlueprintTests.cs(209,96): error CS0518: Predefined type 'System.String' is not defined or imported
C:\gh\azure-sdk-for-net\sdk\blueprint\Microsoft.Azure.Management.Blueprint\tests\ScenarioTests\BlueprintTests.cs(210,21): error CS0518: Predefined type 'System.Object' is not defined or imported
C:\gh\azure-sdk-for-net\sdk\blueprint\Microsoft.Azure.Management.Blueprint\tests\ScenarioTests\BlueprintTests.cs(210,21): error CS0103: The name 'Assert' does not exist in the current context
C:\gh\azure-sdk-for-net\sdk\blueprint\Microsoft.Azure.Management.Blueprint\tests\ScenarioTests\BlueprintTests.cs(210,34): error CS0518: Predefined type 'System.String' is not defined or imported
C:\gh\azure-sdk-for-net\sdk\blueprint\Microsoft.Azure.Management.Blueprint\tests\ScenarioTests\BlueprintTests.cs(210,145): error CS0518: Predefined type 'System.String' is not defined or imported
C:\gh\azure-sdk-for-net\sdk\blueprint\Microsoft.Azure.Management.Blueprint\tests\ScenarioTests\BlueprintTests.cs(211,21): error CS0518: Predefined type 'System.Object' is not defined or imported
C:\gh\azure-sdk-for-net\sdk\blueprint\Microsoft.Azure.Management.Blueprint\tests\ScenarioTests\BlueprintTests.cs(211,21): error CS0103: The name 'Assert' does not exist in the current context
C:\gh\azure-sdk-for-net\sdk\blueprint\Microsoft.Azure.Management.Blueprint\tests\ScenarioTests\BlueprintTests.cs(211,34): error CS0518: Predefined type 'System.Int32' is not defined or imported
C:\gh\azure-sdk-for-net\sdk\blueprint\Microsoft.Azure.Management.Blueprint\tests\ScenarioTests\BlueprintTests.cs(211,55): error CS0012: The type 'IDictionary<,>' is defined in an assembly that is not referenced. You must add a reference to assembly 'mscorlib, Version=4.0.0.0, Culture=neutral, PublicKeyToken=b77a5c561934e089'.
C:\gh\azure-sdk-for-net\sdk\blueprint\Microsoft.Azure.Management.Blueprint\tests\ScenarioTests\BlueprintTests.cs(212,21): error CS0518: Predefined type 'System.Object' is not defined or imported
C:\gh\azure-sdk-for-net\sdk\blueprint\Microsoft.Azure.Management.Blueprint\tests\ScenarioTests\BlueprintTests.cs(212,21): error CS0103: The name 'Assert' does not exist in the current context
C:\gh\azure-sdk-for-net\sdk\blueprint\Microsoft.Azure.Management.Blueprint\tests\ScenarioTests\BlueprintTests.cs(212,53): error CS0012: The type 'IDictionary<,>' is defined in an assembly that is not referenced. You must add a reference to assembly 'mscorlib, Version=4.0.0.0, Culture=neutral, PublicKeyToken=b77a5c561934e089'.
C:\gh\azure-sdk-for-net\sdk\blueprint\Microsoft.Azure.Management.Blueprint\tests\ScenarioTests\BlueprintTests.cs(213,21): error CS0518: Predefined type 'System.Object' is not defined or imported
C:\gh\azure-sdk-for-net\sdk\blueprint\Microsoft.Azure.Management.Blueprint\tests\ScenarioTests\BlueprintTests.cs(213,21): error CS0103: The name 'Assert' does not exist in the current context
C:\gh\azure-sdk-for-net\sdk\blueprint\Microsoft.Azure.Management.Blueprint\tests\ScenarioTests\BlueprintTests.cs(213,53): error CS0012: The type 'IDictionary<,>' is defined in an assembly that is not referenced. You must add a reference to assembly 'mscorlib, Version=4.0.0.0, Culture=neutral, PublicKeyToken=b77a5c561934e089'.
C:\gh\azure-sdk-for-net\sdk\blueprint\Microsoft.Azure.Management.Blueprint\tests\ScenarioTests\BlueprintTests.cs(215,36): error CS0012: The type 'IDictionary<,>' is defined in an assembly that is not referenced. You must add a reference to assembly 'mscorlib, Version=4.0.0.0, Culture=neutral, PublicKeyToken=b77a5c561934e089'.
C:\gh\azure-sdk-for-net\sdk\blueprint\Microsoft.Azure.Management.Blueprint\tests\ScenarioTests\BlueprintTests.cs(215,47): error CS0518: Predefined type 'System.String' is not defined or imported
C:\gh\azure-sdk-for-net\sdk\blueprint\Microsoft.Azure.Management.Blueprint\tests\ScenarioTests\BlueprintTests.cs(215,65): error CS0518: Predefined type 'System.Object' is not defined or imported
C:\gh\azure-sdk-for-net\sdk\blueprint\Microsoft.Azure.Management.Blueprint\tests\ScenarioTests\BlueprintTests.cs(215,65): error CS0518: Predefined type 'System.Void' is not defined or imported
C:\gh\azure-sdk-for-net\sdk\blueprint\Microsoft.Azure.Management.Blueprint\tests\ScenarioTests\BlueprintTests.cs(215,82): error CS0012: The type 'Object' is defined in an assembly that is not referenced. You must add a reference to assembly 'mscorlib, Version=4.0.0.0, Culture=neutral, PublicKeyToken=b77a5c561934e089'.
C:\gh\azure-sdk-for-net\sdk\blueprint\Microsoft.Azure.Management.Blueprint\tests\ScenarioTests\BlueprintTests.cs(215,90): error CS0518: Predefined type 'System.String' is not defined or imported
C:\gh\azure-sdk-for-net\sdk\blueprint\Microsoft.Azure.Management.Blueprint\tests\ScenarioTests\BlueprintTests.cs(216,27): error CS0012: The type 'Task<>' is defined in an assembly that is not referenced. You must add a reference to assembly 'mscorlib, Version=4.0.0.0, Culture=neutral, PublicKeyToken=b77a5c561934e089'.
C:\gh\azure-sdk-for-net\sdk\blueprint\Microsoft.Azure.Management.Blueprint\tests\ScenarioTests\BlueprintTests.cs(221,40): error CS0518: Predefined type 'System.Object' is not defined or imported
C:\gh\azure-sdk-for-net\sdk\blueprint\Microsoft.Azure.Management.Blueprint\tests\ScenarioTests\BlueprintTests.cs(222,27): error CS0012: The type 'Task<>' is defined in an assembly that is not referenced. You must add a reference to assembly 'mscorlib, Version=4.0.0.0, Culture=neutral, PublicKeyToken=b77a5c561934e089'.
C:\gh\azure-sdk-for-net\sdk\blueprint\Microsoft.Azure.Management.Blueprint\tests\ScenarioTests\BlueprintTests.cs(224,49): error CS0012: The type 'Task<>' is defined in an assembly that is not referenced. You must add a reference to assembly 'mscorlib, Version=4.0.0.0, Culture=neutral, PublicKeyToken=b77a5c561934e089'.
C:\gh\azure-sdk-for-net\sdk\blueprint\Microsoft.Azure.Management.Blueprint\tests\ScenarioTests\BlueprintTests.cs(224,170): error CS0518: Predefined type 'System.Object' is not defined or imported
C:\gh\azure-sdk-for-net\sdk\blueprint\Microsoft.Azure.Management.Blueprint\tests\ScenarioTests\BlueprintTests.cs(225,21): error CS0518: Predefined type 'System.Object' is not defined or imported
C:\gh\azure-sdk-for-net\sdk\blueprint\Microsoft.Azure.Management.Blueprint\tests\ScenarioTests\BlueprintTests.cs(225,21): error CS0103: The name 'Assert' does not exist in the current context
C:\gh\azure-sdk-for-net\sdk\blueprint\Microsoft.Azure.Management.Blueprint\tests\ScenarioTests\BlueprintTests.cs(225,68): error CS0518: Predefined type 'System.String' is not defined or imported
C:\gh\azure-sdk-for-net\sdk\blueprint\Microsoft.Azure.Management.Blueprint\tests\ScenarioTests\BlueprintTests.cs(226,21): error CS0518: Predefined type 'System.Object' is not defined or imported
C:\gh\azure-sdk-for-net\sdk\blueprint\Microsoft.Azure.Management.Blueprint\tests\ScenarioTests\BlueprintTests.cs(226,21): error CS0103: The name 'Assert' does not exist in the current context
C:\gh\azure-sdk-for-net\sdk\blueprint\Microsoft.Azure.Management.Blueprint\tests\ScenarioTests\BlueprintTests.cs(226,34): error CS0518: Predefined type 'System.String' is not defined or imported
C:\gh\azure-sdk-for-net\sdk\blueprint\Microsoft.Azure.Management.Blueprint\tests\ScenarioTests\BlueprintTests.cs(226,94): error CS0518: Predefined type 'System.String' is not defined or imported
C:\gh\azure-sdk-for-net\sdk\blueprint\Microsoft.Azure.Management.Blueprint\tests\ScenarioTests\BlueprintTests.cs(227,21): error CS0518: Predefined type 'System.Object' is not defined or imported
C:\gh\azure-sdk-for-net\sdk\blueprint\Microsoft.Azure.Management.Blueprint\tests\ScenarioTests\BlueprintTests.cs(227,21): error CS0103: The name 'Assert' does not exist in the current context
C:\gh\azure-sdk-for-net\sdk\blueprint\Microsoft.Azure.Management.Blueprint\tests\ScenarioTests\BlueprintTests.cs(227,34): error CS0518: Predefined type 'System.String' is not defined or imported
C:\gh\azure-sdk-for-net\sdk\blueprint\Microsoft.Azure.Management.Blueprint\tests\ScenarioTests\BlueprintTests.cs(227,141): error CS0518: Predefined type 'System.String' is not defined or imported
C:\gh\azure-sdk-for-net\sdk\blueprint\Microsoft.Azure.Management.Blueprint\tests\ScenarioTests\BlueprintTests.cs(229,34): error CS0518: Predefined type 'System.String' is not defined or imported
C:\gh\azure-sdk-for-net\sdk\blueprint\Microsoft.Azure.Management.Blueprint\tests\ScenarioTests\BlueprintTests.cs(229,48): error CS0518: Predefined type 'System.String' is not defined or imported
C:\gh\azure-sdk-for-net\sdk\blueprint\Microsoft.Azure.Management.Blueprint\tests\ScenarioTests\BlueprintTests.cs(230,27): error CS0012: The type 'Task<>' is defined in an assembly that is not referenced. You must add a reference to assembly 'mscorlib, Version=4.0.0.0, Culture=neutral, PublicKeyToken=b77a5c561934e089'.
C:\gh\azure-sdk-for-net\sdk\blueprint\Microsoft.Azure.Management.Blueprint\tests\ScenarioTests\BlueprintTests.cs(234,46): error CS0012: The type 'Task<>' is defined in an assembly that is not referenced. You must add a reference to assembly 'mscorlib, Version=4.0.0.0, Culture=neutral, PublicKeyToken=b77a5c561934e089'.
C:\gh\azure-sdk-for-net\sdk\blueprint\Microsoft.Azure.Management.Blueprint\tests\ScenarioTests\BlueprintTests.cs(235,21): error CS0518: Predefined type 'System.Object' is not defined or imported
C:\gh\azure-sdk-for-net\sdk\blueprint\Microsoft.Azure.Management.Blueprint\tests\ScenarioTests\BlueprintTests.cs(235,21): error CS0103: The name 'Assert' does not exist in the current context
C:\gh\azure-sdk-for-net\sdk\blueprint\Microsoft.Azure.Management.Blueprint\tests\ScenarioTests\BlueprintTests.cs(235,55): error CS0518: Predefined type 'System.Object' is not defined or imported
C:\gh\azure-sdk-for-net\sdk\blueprint\Microsoft.Azure.Management.Blueprint\tests\ScenarioTests\BlueprintTests.cs(236,21): error CS0518: Predefined type 'System.Object' is not defined or imported
C:\gh\azure-sdk-for-net\sdk\blueprint\Microsoft.Azure.Management.Blueprint\tests\ScenarioTests\BlueprintTests.cs(236,21): error CS0103: The name 'Assert' does not exist in the current context
C:\gh\azure-sdk-for-net\sdk\blueprint\Microsoft.Azure.Management.Blueprint\tests\ScenarioTests\BlueprintTests.cs(236,55): error CS0518: Predefined type 'System.Object' is not defined or imported
C:\gh\azure-sdk-for-net\sdk\blueprint\Microsoft.Azure.Management.Blueprint\tests\ScenarioTests\BlueprintTests.cs(237,21): error CS0518: Predefined type 'System.Object' is not defined or imported
C:\gh\azure-sdk-for-net\sdk\blueprint\Microsoft.Azure.Management.Blueprint\tests\ScenarioTests\BlueprintTests.cs(237,21): error CS0103: The name 'Assert' does not exist in the current context
C:\gh\azure-sdk-for-net\sdk\blueprint\Microsoft.Azure.Management.Blueprint\tests\ScenarioTests\BlueprintTests.cs(237,55): error CS0518: Predefined type 'System.Object' is not defined or imported
C:\gh\azure-sdk-for-net\sdk\blueprint\Microsoft.Azure.Management.Blueprint\tests\ScenarioTests\BlueprintTests.cs(240,27): error CS0012: The type 'Task<>' is defined in an assembly that is not referenced. You must add a reference to assembly 'mscorlib, Version=4.0.0.0, Culture=neutral, PublicKeyToken=b77a5c561934e089'.
C:\gh\azure-sdk-for-net\sdk\blueprint\Microsoft.Azure.Management.Blueprint\tests\ScenarioTests\BlueprintTests.cs(241,27): error CS0012: The type 'Task<>' is defined in an assembly that is not referenced. You must add a reference to assembly 'mscorlib, Version=4.0.0.0, Culture=neutral, PublicKeyToken=b77a5c561934e089'.
C:\gh\azure-sdk-for-net\sdk\blueprint\Microsoft.Azure.Management.Blueprint\tests\ScenarioTests\BlueprintTests.cs(242,27): error CS0012: The type 'Task<>' is defined in an assembly that is not referenced. You must add a reference to assembly 'mscorlib, Version=4.0.0.0, Culture=neutral, PublicKeyToken=b77a5c561934e089'.
C:\gh\azure-sdk-for-net\sdk\blueprint\Microsoft.Azure.Management.Blueprint\tests\ScenarioTests\BlueprintTests.cs(244,95): error CS0518: Predefined type 'System.String' is not defined or imported
C:\gh\azure-sdk-for-net\sdk\blueprint\Microsoft.Azure.Management.Blueprint\tests\ScenarioTests\BlueprintTests.cs(244,110): error CS0518: Predefined type 'System.String' is not defined or imported
C:\gh\azure-sdk-for-net\sdk\blueprint\Microsoft.Azure.Management.Blueprint\tests\ScenarioTests\BlueprintTests.cs(244,27): error CS0012: The type 'Task<>' is defined in an assembly that is not referenced. You must add a reference to assembly 'mscorlib, Version=4.0.0.0, Culture=neutral, PublicKeyToken=b77a5c561934e089'.
C:\gh\azure-sdk-for-net\sdk\blueprint\Microsoft.Azure.Management.Blueprint\tests\ScenarioTests\BlueprintTests.cs(169,27): error CS0161: 'BlueprintTests.ArtifactCRUD()': not all code paths return a value
C:\gh\azure-sdk-for-net\sdk\blueprint\Microsoft.Azure.Management.Blueprint\tests\ScenarioTests\BlueprintTests.cs(252,13): error CS0518: Predefined type 'System.String' is not defined or imported
C:\gh\azure-sdk-for-net\sdk\blueprint\Microsoft.Azure.Management.Blueprint\tests\ScenarioTests\BlueprintTests.cs(252,42): error CS0518: Predefined type 'System.String' is not defined or imported
C:\gh\azure-sdk-for-net\sdk\blueprint\Microsoft.Azure.Management.Blueprint\tests\ScenarioTests\BlueprintTests.cs(253,33): error CS0518: Predefined type 'System.String' is not defined or imported
C:\gh\azure-sdk-for-net\sdk\blueprint\Microsoft.Azure.Management.Blueprint\tests\ScenarioTests\BlueprintTests.cs(254,40): error CS0518: Predefined type 'System.String' is not defined or imported
C:\gh\azure-sdk-for-net\sdk\blueprint\Microsoft.Azure.Management.Blueprint\tests\ScenarioTests\BlueprintTests.cs(255,38): error CS0518: Predefined type 'System.String' is not defined or imported
C:\gh\azure-sdk-for-net\sdk\blueprint\Microsoft.Azure.Management.Blueprint\tests\ScenarioTests\BlueprintTests.cs(256,36): error CS0518: Predefined type 'System.String' is not defined or imported
C:\gh\azure-sdk-for-net\sdk\blueprint\Microsoft.Azure.Management.Blueprint\tests\ScenarioTests\BlueprintTests.cs(257,34): error CS0518: Predefined type 'System.String' is not defined or imported
C:\gh\azure-sdk-for-net\sdk\blueprint\Microsoft.Azure.Management.Blueprint\tests\ScenarioTests\BlueprintTests.cs(258,34): error CS0518: Predefined type 'System.String' is not defined or imported
C:\gh\azure-sdk-for-net\sdk\blueprint\Microsoft.Azure.Management.Blueprint\tests\ScenarioTests\BlueprintTests.cs(260,13): error CS0518: Predefined type 'System.IDisposable' is not defined or imported
C:\gh\azure-sdk-for-net\sdk\blueprint\Microsoft.Azure.Management.Blueprint\tests\ScenarioTests\BlueprintTests.cs(260,34): error CS0518: Predefined type 'System.Object' is not defined or imported
C:\gh\azure-sdk-for-net\sdk\blueprint\Microsoft.Azure.Management.Blueprint\tests\ScenarioTests\BlueprintTests.cs(260,34): error CS0103: The name 'MockContext' does not exist in the current context
C:\gh\azure-sdk-for-net\sdk\blueprint\Microsoft.Azure.Management.Blueprint\tests\ScenarioTests\BlueprintTests.cs(260,57): error CS0518: Predefined type 'System.Object' is not defined or imported
C:\gh\azure-sdk-for-net\sdk\blueprint\Microsoft.Azure.Management.Blueprint\tests\ScenarioTests\BlueprintTests.cs(260,57): error CS1061: 'BlueprintTests' does not contain a definition for 'GetType' and no accessible extension method 'GetType' accepting a first argument of type 'BlueprintTests' could be found (are you missing a using directive or an assembly reference?)
C:\gh\azure-sdk-for-net\sdk\blueprint\Microsoft.Azure.Management.Blueprint\tests\ScenarioTests\BlueprintTests.cs(262,17): error CS0518: Predefined type 'System.IDisposable' is not defined or imported
C:\gh\azure-sdk-for-net\sdk\blueprint\Microsoft.Azure.Management.Blueprint\tests\ScenarioTests\BlueprintTests.cs(262,46): error CS0518: Predefined type 'System.Object' is not defined or imported
C:\gh\azure-sdk-for-net\sdk\blueprint\Microsoft.Azure.Management.Blueprint\tests\ScenarioTests\BlueprintTests.cs(262,24): error CS1674: 'BlueprintTestBase': type used in a using statement must be implicitly convertible to 'System.IDisposable'.
C:\gh\azure-sdk-for-net\sdk\blueprint\Microsoft.Azure.Management.Blueprint\tests\ScenarioTests\BlueprintTests.cs(265,27): error CS0012: The type 'Task<>' is defined in an assembly that is not referenced. You must add a reference to assembly 'mscorlib, Version=4.0.0.0, Culture=neutral, PublicKeyToken=b77a5c561934e089'.
C:\gh\azure-sdk-for-net\sdk\blueprint\Microsoft.Azure.Management.Blueprint\tests\ScenarioTests\BlueprintTests.cs(266,27): error CS0012: The type 'Task<>' is defined in an assembly that is not referenced. You must add a reference to assembly 'mscorlib, Version=4.0.0.0, Culture=neutral, PublicKeyToken=b77a5c561934e089'.
C:\gh\azure-sdk-for-net\sdk\blueprint\Microsoft.Azure.Management.Blueprint\tests\ScenarioTests\BlueprintTests.cs(268,37): error CS0518: Predefined type 'System.Object' is not defined or imported
C:\gh\azure-sdk-for-net\sdk\blueprint\Microsoft.Azure.Management.Blueprint\tests\ScenarioTests\BlueprintTests.cs(269,27): error CS0012: The type 'Task<>' is defined in an assembly that is not referenced. You must add a reference to assembly 'mscorlib, Version=4.0.0.0, Culture=neutral, PublicKeyToken=b77a5c561934e089'.
C:\gh\azure-sdk-for-net\sdk\blueprint\Microsoft.Azure.Management.Blueprint\tests\ScenarioTests\BlueprintTests.cs(272,44): error CS0518: Predefined type 'System.Object' is not defined or imported
C:\gh\azure-sdk-for-net\sdk\blueprint\Microsoft.Azure.Management.Blueprint\tests\ScenarioTests\BlueprintTests.cs(273,27): error CS0012: The type 'Task<>' is defined in an assembly that is not referenced. You must add a reference to assembly 'mscorlib, Version=4.0.0.0, Culture=neutral, PublicKeyToken=b77a5c561934e089'.
C:\gh\azure-sdk-for-net\sdk\blueprint\Microsoft.Azure.Management.Blueprint\tests\ScenarioTests\BlueprintTests.cs(276,42): error CS0518: Predefined type 'System.Object' is not defined or imported
C:\gh\azure-sdk-for-net\sdk\blueprint\Microsoft.Azure.Management.Blueprint\tests\ScenarioTests\BlueprintTests.cs(277,27): error CS0012: The type 'Task<>' is defined in an assembly that is not referenced. You must add a reference to assembly 'mscorlib, Version=4.0.0.0, Culture=neutral, PublicKeyToken=b77a5c561934e089'.
C:\gh\azure-sdk-for-net\sdk\blueprint\Microsoft.Azure.Management.Blueprint\tests\ScenarioTests\BlueprintTests.cs(280,40): error CS0518: Predefined type 'System.Object' is not defined or imported
C:\gh\azure-sdk-for-net\sdk\blueprint\Microsoft.Azure.Management.Blueprint\tests\ScenarioTests\BlueprintTests.cs(281,27): error CS0012: The type 'Task<>' is defined in an assembly that is not referenced. You must add a reference to assembly 'mscorlib, Version=4.0.0.0, Culture=neutral, PublicKeyToken=b77a5c561934e089'.
C:\gh\azure-sdk-for-net\sdk\blueprint\Microsoft.Azure.Management.Blueprint\tests\ScenarioTests\BlueprintTests.cs(284,140): error CS0518: Predefined type 'System.String' is not defined or imported
C:\gh\azure-sdk-for-net\sdk\blueprint\Microsoft.Azure.Management.Blueprint\tests\ScenarioTests\BlueprintTests.cs(284,27): error CS0012: The type 'Task<>' is defined in an assembly that is not referenced. You must add a reference to assembly 'mscorlib, Version=4.0.0.0, Culture=neutral, PublicKeyToken=b77a5c561934e089'.
C:\gh\azure-sdk-for-net\sdk\blueprint\Microsoft.Azure.Management.Blueprint\tests\ScenarioTests\BlueprintTests.cs(287,38): error CS0012: The type 'IDictionary<,>' is defined in an assembly that is not referenced. You must add a reference to assembly 'mscorlib, Version=4.0.0.0, Culture=neutral, PublicKeyToken=b77a5c561934e089'.
C:\gh\azure-sdk-for-net\sdk\blueprint\Microsoft.Azure.Management.Blueprint\tests\ScenarioTests\BlueprintTests.cs(287,49): error CS0518: Predefined type 'System.String' is not defined or imported
C:\gh\azure-sdk-for-net\sdk\blueprint\Microsoft.Azure.Management.Blueprint\tests\ScenarioTests\BlueprintTests.cs(287,67): error CS0518: Predefined type 'System.Object' is not defined or imported
C:\gh\azure-sdk-for-net\sdk\blueprint\Microsoft.Azure.Management.Blueprint\tests\ScenarioTests\BlueprintTests.cs(287,67): error CS0518: Predefined type 'System.Void' is not defined or imported
C:\gh\azure-sdk-for-net\sdk\blueprint\Microsoft.Azure.Management.Blueprint\tests\ScenarioTests\BlueprintTests.cs(287,84): error CS0012: The type 'Object' is defined in an assembly that is not referenced. You must add a reference to assembly 'mscorlib, Version=4.0.0.0, Culture=neutral, PublicKeyToken=b77a5c561934e089'.
C:\gh\azure-sdk-for-net\sdk\blueprint\Microsoft.Azure.Management.Blueprint\tests\ScenarioTests\BlueprintTests.cs(287,92): error CS0518: Predefined type 'System.String' is not defined or imported
C:\gh\azure-sdk-for-net\sdk\blueprint\Microsoft.Azure.Management.Blueprint\tests\ScenarioTests\BlueprintTests.cs(288,140): error CS0518: Predefined type 'System.String' is not defined or imported
C:\gh\azure-sdk-for-net\sdk\blueprint\Microsoft.Azure.Management.Blueprint\tests\ScenarioTests\BlueprintTests.cs(288,27): error CS0012: The type 'Task<>' is defined in an assembly that is not referenced. You must add a reference to assembly 'mscorlib, Version=4.0.0.0, Culture=neutral, PublicKeyToken=b77a5c561934e089'.
C:\gh\azure-sdk-for-net\sdk\blueprint\Microsoft.Azure.Management.Blueprint\tests\ScenarioTests\BlueprintTests.cs(289,156): error CS0518: Predefined type 'System.String' is not defined or imported
C:\gh\azure-sdk-for-net\sdk\blueprint\Microsoft.Azure.Management.Blueprint\tests\ScenarioTests\BlueprintTests.cs(289,46): error CS0012: The type 'Task<>' is defined in an assembly that is not referenced. You must add a reference to assembly 'mscorlib, Version=4.0.0.0, Culture=neutral, PublicKeyToken=b77a5c561934e089'.
C:\gh\azure-sdk-for-net\sdk\blueprint\Microsoft.Azure.Management.Blueprint\tests\ScenarioTests\BlueprintTests.cs(292,50): error CS0012: The type 'Task<>' is defined in an assembly that is not referenced. You must add a reference to assembly 'mscorlib, Version=4.0.0.0, Culture=neutral, PublicKeyToken=b77a5c561934e089'.
C:\gh\azure-sdk-for-net\sdk\blueprint\Microsoft.Azure.Management.Blueprint\tests\ScenarioTests\BlueprintTests.cs(293,21): error CS0518: Predefined type 'System.Object' is not defined or imported
C:\gh\azure-sdk-for-net\sdk\blueprint\Microsoft.Azure.Management.Blueprint\tests\ScenarioTests\BlueprintTests.cs(293,21): error CS0103: The name 'Assert' does not exist in the current context
C:\gh\azure-sdk-for-net\sdk\blueprint\Microsoft.Azure.Management.Blueprint\tests\ScenarioTests\BlueprintTests.cs(293,34): error CS0518: Predefined type 'System.Int32' is not defined or imported
C:\gh\azure-sdk-for-net\sdk\blueprint\Microsoft.Azure.Management.Blueprint\tests\ScenarioTests\BlueprintTests.cs(296,38): error CS0518: Predefined type 'System.Object' is not defined or imported
C:\gh\azure-sdk-for-net\sdk\blueprint\Microsoft.Azure.Management.Blueprint\tests\ScenarioTests\BlueprintTests.cs(297,27): error CS0012: The type 'Task<>' is defined in an assembly that is not referenced. You must add a reference to assembly 'mscorlib, Version=4.0.0.0, Culture=neutral, PublicKeyToken=b77a5c561934e089'.
C:\gh\azure-sdk-for-net\sdk\blueprint\Microsoft.Azure.Management.Blueprint\tests\ScenarioTests\BlueprintTests.cs(298,47): error CS0012: The type 'Task<>' is defined in an assembly that is not referenced. You must add a reference to assembly 'mscorlib, Version=4.0.0.0, Culture=neutral, PublicKeyToken=b77a5c561934e089'.
C:\gh\azure-sdk-for-net\sdk\blueprint\Microsoft.Azure.Management.Blueprint\tests\ScenarioTests\BlueprintTests.cs(299,21): error CS0518: Predefined type 'System.Object' is not defined or imported
C:\gh\azure-sdk-for-net\sdk\blueprint\Microsoft.Azure.Management.Blueprint\tests\ScenarioTests\BlueprintTests.cs(299,21): error CS0103: The name 'Assert' does not exist in the current context
C:\gh\azure-sdk-for-net\sdk\blueprint\Microsoft.Azure.Management.Blueprint\tests\ScenarioTests\BlueprintTests.cs(300,21): error CS0518: Predefined type 'System.Object' is not defined or imported
C:\gh\azure-sdk-for-net\sdk\blueprint\Microsoft.Azure.Management.Blueprint\tests\ScenarioTests\BlueprintTests.cs(300,21): error CS0103: The name 'Assert' does not exist in the current context
C:\gh\azure-sdk-for-net\sdk\blueprint\Microsoft.Azure.Management.Blueprint\tests\ScenarioTests\BlueprintTests.cs(300,34): error CS0518: Predefined type 'System.String' is not defined or imported
C:\gh\azure-sdk-for-net\sdk\blueprint\Microsoft.Azure.Management.Blueprint\tests\ScenarioTests\BlueprintTests.cs(301,21): error CS0518: Predefined type 'System.Object' is not defined or imported
C:\gh\azure-sdk-for-net\sdk\blueprint\Microsoft.Azure.Management.Blueprint\tests\ScenarioTests\BlueprintTests.cs(301,21): error CS0103: The name 'Assert' does not exist in the current context
C:\gh\azure-sdk-for-net\sdk\blueprint\Microsoft.Azure.Management.Blueprint\tests\ScenarioTests\BlueprintTests.cs(301,34): error CS0518: Predefined type 'System.String' is not defined or imported
C:\gh\azure-sdk-for-net\sdk\blueprint\Microsoft.Azure.Management.Blueprint\tests\ScenarioTests\BlueprintTests.cs(301,48): error CS0518: Predefined type 'System.Object' is not defined or imported
C:\gh\azure-sdk-for-net\sdk\blueprint\Microsoft.Azure.Management.Blueprint\tests\ScenarioTests\BlueprintTests.cs(301,73): error CS0518: Predefined type 'System.String' is not defined or imported
C:\gh\azure-sdk-for-net\sdk\blueprint\Microsoft.Azure.Management.Blueprint\tests\ScenarioTests\BlueprintTests.cs(302,21): error CS0518: Predefined type 'System.Object' is not defined or imported
C:\gh\azure-sdk-for-net\sdk\blueprint\Microsoft.Azure.Management.Blueprint\tests\ScenarioTests\BlueprintTests.cs(302,21): error CS0103: The name 'Assert' does not exist in the current context
C:\gh\azure-sdk-for-net\sdk\blueprint\Microsoft.Azure.Management.Blueprint\tests\ScenarioTests\BlueprintTests.cs(302,34): error CS0518: Predefined type 'System.Int32' is not defined or imported
C:\gh\azure-sdk-for-net\sdk\blueprint\Microsoft.Azure.Management.Blueprint\tests\ScenarioTests\BlueprintTests.cs(302,48): error CS0012: The type 'IDictionary<,>' is defined in an assembly that is not referenced. You must add a reference to assembly 'mscorlib, Version=4.0.0.0, Culture=neutral, PublicKeyToken=b77a5c561934e089'.
C:\gh\azure-sdk-for-net\sdk\blueprint\Microsoft.Azure.Management.Blueprint\tests\ScenarioTests\BlueprintTests.cs(303,21): error CS0518: Predefined type 'System.Object' is not defined or imported
C:\gh\azure-sdk-for-net\sdk\blueprint\Microsoft.Azure.Management.Blueprint\tests\ScenarioTests\BlueprintTests.cs(303,21): error CS0103: The name 'Assert' does not exist in the current context
C:\gh\azure-sdk-for-net\sdk\blueprint\Microsoft.Azure.Management.Blueprint\tests\ScenarioTests\BlueprintTests.cs(303,46): error CS0012: The type 'IDictionary<,>' is defined in an assembly that is not referenced. You must add a reference to assembly 'mscorlib, Version=4.0.0.0, Culture=neutral, PublicKeyToken=b77a5c561934e089'.
C:\gh\azure-sdk-for-net\sdk\blueprint\Microsoft.Azure.Management.Blueprint\tests\ScenarioTests\BlueprintTests.cs(304,21): error CS0518: Predefined type 'System.Object' is not defined or imported
C:\gh\azure-sdk-for-net\sdk\blueprint\Microsoft.Azure.Management.Blueprint\tests\ScenarioTests\BlueprintTests.cs(304,21): error CS0103: The name 'Assert' does not exist in the current context
C:\gh\azure-sdk-for-net\sdk\blueprint\Microsoft.Azure.Management.Blueprint\tests\ScenarioTests\BlueprintTests.cs(304,34): error CS0518: Predefined type 'System.Int32' is not defined or imported
C:\gh\azure-sdk-for-net\sdk\blueprint\Microsoft.Azure.Management.Blueprint\tests\ScenarioTests\BlueprintTests.cs(304,48): error CS0012: The type 'IDictionary<,>' is defined in an assembly that is not referenced. You must add a reference to assembly 'mscorlib, Version=4.0.0.0, Culture=neutral, PublicKeyToken=b77a5c561934e089'.
C:\gh\azure-sdk-for-net\sdk\blueprint\Microsoft.Azure.Management.Blueprint\tests\ScenarioTests\BlueprintTests.cs(305,21): error CS0518: Predefined type 'System.Object' is not defined or imported
C:\gh\azure-sdk-for-net\sdk\blueprint\Microsoft.Azure.Management.Blueprint\tests\ScenarioTests\BlueprintTests.cs(305,21): error CS0103: The name 'Assert' does not exist in the current context
C:\gh\azure-sdk-for-net\sdk\blueprint\Microsoft.Azure.Management.Blueprint\tests\ScenarioTests\BlueprintTests.cs(305,46): error CS0012: The type 'IDictionary<,>' is defined in an assembly that is not referenced. You must add a reference to assembly 'mscorlib, Version=4.0.0.0, Culture=neutral, PublicKeyToken=b77a5c561934e089'.
C:\gh\azure-sdk-for-net\sdk\blueprint\Microsoft.Azure.Management.Blueprint\tests\ScenarioTests\BlueprintTests.cs(306,21): error CS0518: Predefined type 'System.Object' is not defined or imported
C:\gh\azure-sdk-for-net\sdk\blueprint\Microsoft.Azure.Management.Blueprint\tests\ScenarioTests\BlueprintTests.cs(306,21): error CS0103: The name 'Assert' does not exist in the current context
C:\gh\azure-sdk-for-net\sdk\blueprint\Microsoft.Azure.Management.Blueprint\tests\ScenarioTests\BlueprintTests.cs(306,46): error CS0012: The type 'IDictionary<,>' is defined in an assembly that is not referenced. You must add a reference to assembly 'mscorlib, Version=4.0.0.0, Culture=neutral, PublicKeyToken=b77a5c561934e089'.
C:\gh\azure-sdk-for-net\sdk\blueprint\Microsoft.Azure.Management.Blueprint\tests\ScenarioTests\BlueprintTests.cs(307,21): error CS0518: Predefined type 'System.Object' is not defined or imported
C:\gh\azure-sdk-for-net\sdk\blueprint\Microsoft.Azure.Management.Blueprint\tests\ScenarioTests\BlueprintTests.cs(307,21): error CS0103: The name 'Assert' does not exist in the current context
C:\gh\azure-sdk-for-net\sdk\blueprint\Microsoft.Azure.Management.Blueprint\tests\ScenarioTests\BlueprintTests.cs(307,46): error CS0012: The type 'IDictionary<,>' is defined in an assembly that is not referenced. You must add a reference to assembly 'mscorlib, Version=4.0.0.0, Culture=neutral, PublicKeyToken=b77a5c561934e089'.
C:\gh\azure-sdk-for-net\sdk\blueprint\Microsoft.Azure.Management.Blueprint\tests\ScenarioTests\BlueprintTests.cs(310,49): error CS0012: The type 'Task<>' is defined in an assembly that is not referenced. You must add a reference to assembly 'mscorlib, Version=4.0.0.0, Culture=neutral, PublicKeyToken=b77a5c561934e089'.
C:\gh\azure-sdk-for-net\sdk\blueprint\Microsoft.Azure.Management.Blueprint\tests\ScenarioTests\BlueprintTests.cs(311,21): error CS0518: Predefined type 'System.Object' is not defined or imported
C:\gh\azure-sdk-for-net\sdk\blueprint\Microsoft.Azure.Management.Blueprint\tests\ScenarioTests\BlueprintTests.cs(311,21): error CS0103: The name 'Assert' does not exist in the current context
C:\gh\azure-sdk-for-net\sdk\blueprint\Microsoft.Azure.Management.Blueprint\tests\ScenarioTests\BlueprintTests.cs(314,21): error CS0518: Predefined type 'System.Object' is not defined or imported
C:\gh\azure-sdk-for-net\sdk\blueprint\Microsoft.Azure.Management.Blueprint\tests\ScenarioTests\BlueprintTests.cs(314,21): error CS0246: The type or namespace name 'CancellationTokenSource' could not be found (are you missing a using directive or an assembly reference?)
C:\gh\azure-sdk-for-net\sdk\blueprint\Microsoft.Azure.Management.Blueprint\tests\ScenarioTests\BlueprintTests.cs(314,66): error CS0518: Predefined type 'System.Object' is not defined or imported
C:\gh\azure-sdk-for-net\sdk\blueprint\Microsoft.Azure.Management.Blueprint\tests\ScenarioTests\BlueprintTests.cs(314,66): error CS0246: The type or namespace name 'CancellationTokenSource' could not be found (are you missing a using directive or an assembly reference?)
C:\gh\azure-sdk-for-net\sdk\blueprint\Microsoft.Azure.Management.Blueprint\tests\ScenarioTests\BlueprintTests.cs(314,90): error CS0518: Predefined type 'System.Object' is not defined or imported
C:\gh\azure-sdk-for-net\sdk\blueprint\Microsoft.Azure.Management.Blueprint\tests\ScenarioTests\BlueprintTests.cs(314,90): error CS0103: The name 'TimeSpan' does not exist in the current context
C:\gh\azure-sdk-for-net\sdk\blueprint\Microsoft.Azure.Management.Blueprint\tests\ScenarioTests\BlueprintTests.cs(314,111): error CS0518: Predefined type 'System.Int32' is not defined or imported
C:\gh\azure-sdk-for-net\sdk\blueprint\Microsoft.Azure.Management.Blueprint\tests\ScenarioTests\BlueprintTests.cs(315,43): error CS0518: Predefined type 'System.Object' is not defined or imported
C:\gh\azure-sdk-for-net\sdk\blueprint\Microsoft.Azure.Management.Blueprint\tests\ScenarioTests\BlueprintTests.cs(317,26): error CS0518: Predefined type 'System.Object' is not defined or imported
C:\gh\azure-sdk-for-net\sdk\blueprint\Microsoft.Azure.Management.Blueprint\tests\ScenarioTests\BlueprintTests.cs(316,31): error CS0012: The type 'Task<>' is defined in an assembly that is not referenced. You must add a reference to assembly 'mscorlib, Version=4.0.0.0, Culture=neutral, PublicKeyToken=b77a5c561934e089'.
C:\gh\azure-sdk-for-net\sdk\blueprint\Microsoft.Azure.Management.Blueprint\tests\ScenarioTests\BlueprintTests.cs(317,55): error CS0246: The type or namespace name 'IResource' could not be found (are you missing a using directive or an assembly reference?)
C:\gh\azure-sdk-for-net\sdk\blueprint\Microsoft.Azure.Management.Blueprint\tests\ScenarioTests\BlueprintTests.cs(317,55): error CS0518: Predefined type 'System.Object' is not defined or imported
C:\gh\azure-sdk-for-net\sdk\blueprint\Microsoft.Azure.Management.Blueprint\tests\ScenarioTests\BlueprintTests.cs(317,48): error CS0518: Predefined type 'System.Boolean' is not defined or imported
C:\gh\azure-sdk-for-net\sdk\blueprint\Microsoft.Azure.Management.Blueprint\tests\ScenarioTests\BlueprintTests.cs(321,57): error CS0012: The type 'Task<>' is defined in an assembly that is not referenced. You must add a reference to assembly 'mscorlib, Version=4.0.0.0, Culture=neutral, PublicKeyToken=b77a5c561934e089'.
C:\gh\azure-sdk-for-net\sdk\blueprint\Microsoft.Azure.Management.Blueprint\tests\ScenarioTests\BlueprintTests.cs(322,47): error CS0518: Predefined type 'System.Object' is not defined or imported
C:\gh\azure-sdk-for-net\sdk\blueprint\Microsoft.Azure.Management.Blueprint\tests\ScenarioTests\BlueprintTests.cs(322,47): error CS0103: The name 'Assert' does not exist in the current context
C:\gh\azure-sdk-for-net\sdk\blueprint\Microsoft.Azure.Management.Blueprint\tests\ScenarioTests\BlueprintTests.cs(323,56): error CS0012: The type 'Task<>' is defined in an assembly that is not referenced. You must add a reference to assembly 'mscorlib, Version=4.0.0.0, Culture=neutral, PublicKeyToken=b77a5c561934e089'.
C:\gh\azure-sdk-for-net\sdk\blueprint\Microsoft.Azure.Management.Blueprint\tests\ScenarioTests\BlueprintTests.cs(324,21): error CS0518: Predefined type 'System.Object' is not defined or imported
C:\gh\azure-sdk-for-net\sdk\blueprint\Microsoft.Azure.Management.Blueprint\tests\ScenarioTests\BlueprintTests.cs(324,21): error CS0103: The name 'Assert' does not exist in the current context
C:\gh\azure-sdk-for-net\sdk\blueprint\Microsoft.Azure.Management.Blueprint\tests\ScenarioTests\BlueprintTests.cs(327,27): error CS0012: The type 'Task<>' is defined in an assembly that is not referenced. You must add a reference to assembly 'mscorlib, Version=4.0.0.0, Culture=neutral, PublicKeyToken=b77a5c561934e089'.
C:\gh\azure-sdk-for-net\sdk\blueprint\Microsoft.Azure.Management.Blueprint\tests\ScenarioTests\BlueprintTests.cs(329,21): error CS0518: Predefined type 'System.Object' is not defined or imported
C:\gh\azure-sdk-for-net\sdk\blueprint\Microsoft.Azure.Management.Blueprint\tests\ScenarioTests\BlueprintTests.cs(329,21): error CS0246: The type or namespace name 'CancellationTokenSource' could not be found (are you missing a using directive or an assembly reference?)
C:\gh\azure-sdk-for-net\sdk\blueprint\Microsoft.Azure.Management.Blueprint\tests\ScenarioTests\BlueprintTests.cs(329,67): error CS0518: Predefined type 'System.Object' is not defined or imported
C:\gh\azure-sdk-for-net\sdk\blueprint\Microsoft.Azure.Management.Blueprint\tests\ScenarioTests\BlueprintTests.cs(329,67): error CS0246: The type or namespace name 'CancellationTokenSource' could not be found (are you missing a using directive or an assembly reference?)
C:\gh\azure-sdk-for-net\sdk\blueprint\Microsoft.Azure.Management.Blueprint\tests\ScenarioTests\BlueprintTests.cs(329,91): error CS0518: Predefined type 'System.Object' is not defined or imported
C:\gh\azure-sdk-for-net\sdk\blueprint\Microsoft.Azure.Management.Blueprint\tests\ScenarioTests\BlueprintTests.cs(329,91): error CS0103: The name 'TimeSpan' does not exist in the current context
C:\gh\azure-sdk-for-net\sdk\blueprint\Microsoft.Azure.Management.Blueprint\tests\ScenarioTests\BlueprintTests.cs(329,112): error CS0518: Predefined type 'System.Int32' is not defined or imported
C:\gh\azure-sdk-for-net\sdk\blueprint\Microsoft.Azure.Management.Blueprint\tests\ScenarioTests\BlueprintTests.cs(330,27): error CS0518: Predefined type 'System.Object' is not defined or imported
C:\gh\azure-sdk-for-net\sdk\blueprint\Microsoft.Azure.Management.Blueprint\tests\ScenarioTests\BlueprintTests.cs(332,26): error CS0518: Predefined type 'System.Object' is not defined or imported
C:\gh\azure-sdk-for-net\sdk\blueprint\Microsoft.Azure.Management.Blueprint\tests\ScenarioTests\BlueprintTests.cs(334,26): error CS0518: Predefined type 'System.Object' is not defined or imported
C:\gh\azure-sdk-for-net\sdk\blueprint\Microsoft.Azure.Management.Blueprint\tests\ScenarioTests\BlueprintTests.cs(334,26): error CS0246: The type or namespace name 'Exception' could not be found (are you missing a using directive or an assembly reference?)
C:\gh\azure-sdk-for-net\sdk\blueprint\Microsoft.Azure.Management.Blueprint\tests\ScenarioTests\BlueprintTests.cs(331,31): error CS0012: The type 'Task<>' is defined in an assembly that is not referenced. You must add a reference to assembly 'mscorlib, Version=4.0.0.0, Culture=neutral, PublicKeyToken=b77a5c561934e089'.
C:\gh\azure-sdk-for-net\sdk\blueprint\Microsoft.Azure.Management.Blueprint\tests\ScenarioTests\BlueprintTests.cs(332,55): error CS0246: The type or namespace name 'IResource' could not be found (are you missing a using directive or an assembly reference?)
C:\gh\azure-sdk-for-net\sdk\blueprint\Microsoft.Azure.Management.Blueprint\tests\ScenarioTests\BlueprintTests.cs(332,55): error CS0518: Predefined type 'System.Object' is not defined or imported
C:\gh\azure-sdk-for-net\sdk\blueprint\Microsoft.Azure.Management.Blueprint\tests\ScenarioTests\BlueprintTests.cs(332,48): error CS0518: Predefined type 'System.Boolean' is not defined or imported
C:\gh\azure-sdk-for-net\sdk\blueprint\Microsoft.Azure.Management.Blueprint\tests\ScenarioTests\BlueprintTests.cs(336,33): error CS0518: Predefined type 'System.Boolean' is not defined or imported
C:\gh\azure-sdk-for-net\sdk\blueprint\Microsoft.Azure.Management.Blueprint\tests\ScenarioTests\BlueprintTests.cs(336,39): error CS0518: Predefined type 'System.Object' is not defined or imported
C:\gh\azure-sdk-for-net\sdk\blueprint\Microsoft.Azure.Management.Blueprint\tests\ScenarioTests\BlueprintTests.cs(336,39): error CS0246: The type or namespace name 'CloudException' could not be found (are you missing a using directive or an assembly reference?)
C:\gh\azure-sdk-for-net\sdk\blueprint\Microsoft.Azure.Management.Blueprint\tests\ScenarioTests\BlueprintTests.cs(336,64): error CS0518: Predefined type 'System.Object' is not defined or imported
C:\gh\azure-sdk-for-net\sdk\blueprint\Microsoft.Azure.Management.Blueprint\tests\ScenarioTests\BlueprintTests.cs(336,64): error CS0246: The type or namespace name 'CloudException' could not be found (are you missing a using directive or an assembly reference?)
C:\gh\azure-sdk-for-net\sdk\blueprint\Microsoft.Azure.Management.Blueprint\tests\ScenarioTests\BlueprintTests.cs(336,103): error CS0518: Predefined type 'System.Object' is not defined or imported
C:\gh\azure-sdk-for-net\sdk\blueprint\Microsoft.Azure.Management.Blueprint\tests\ScenarioTests\BlueprintTests.cs(336,103): error CS0103: The name 'HttpStatusCode' does not exist in the current context
C:\gh\azure-sdk-for-net\sdk\blueprint\Microsoft.Azure.Management.Blueprint\tests\ScenarioTests\BlueprintTests.cs(336,57): error CS0518: Predefined type 'System.Boolean' is not defined or imported
C:\gh\azure-sdk-for-net\sdk\blueprint\Microsoft.Azure.Management.Blueprint\tests\ScenarioTests\BlueprintTests.cs(336,33): error CS0518: Predefined type 'System.Boolean' is not defined or imported
C:\gh\azure-sdk-for-net\sdk\blueprint\Microsoft.Azure.Management.Blueprint\tests\ScenarioTests\BlueprintTests.cs(338,40): error CS0518: Predefined type 'System.Boolean' is not defined or imported
C:\gh\azure-sdk-for-net\sdk\blueprint\Microsoft.Azure.Management.Blueprint\tests\ScenarioTests\BlueprintTests.cs(343,140): error CS0518: Predefined type 'System.String' is not defined or imported
C:\gh\azure-sdk-for-net\sdk\blueprint\Microsoft.Azure.Management.Blueprint\tests\ScenarioTests\BlueprintTests.cs(343,27): error CS0012: The type 'Task<>' is defined in an assembly that is not referenced. You must add a reference to assembly 'mscorlib, Version=4.0.0.0, Culture=neutral, PublicKeyToken=b77a5c561934e089'.
C:\gh\azure-sdk-for-net\sdk\blueprint\Microsoft.Azure.Management.Blueprint\tests\ScenarioTests\BlueprintTests.cs(344,140): error CS0518: Predefined type 'System.String' is not defined or imported
C:\gh\azure-sdk-for-net\sdk\blueprint\Microsoft.Azure.Management.Blueprint\tests\ScenarioTests\BlueprintTests.cs(344,27): error CS0012: The type 'Task<>' is defined in an assembly that is not referenced. You must add a reference to assembly 'mscorlib, Version=4.0.0.0, Culture=neutral, PublicKeyToken=b77a5c561934e089'.
C:\gh\azure-sdk-for-net\sdk\blueprint\Microsoft.Azure.Management.Blueprint\tests\ScenarioTests\BlueprintTests.cs(345,27): error CS0012: The type 'Task<>' is defined in an assembly that is not referenced. You must add a reference to assembly 'mscorlib, Version=4.0.0.0, Culture=neutral, PublicKeyToken=b77a5c561934e089'.
C:\gh\azure-sdk-for-net\sdk\blueprint\Microsoft.Azure.Management.Blueprint\tests\ScenarioTests\BlueprintTests.cs(250,27): error CS0161: 'BlueprintTests.ManagementGroupAssignmentCRUD()': not all code paths return a value
C:\gh\azure-sdk-for-net\sdk\blueprint\Microsoft.Azure.Management.Blueprint\tests\ScenarioTests\BlueprintTests.cs(353,13): error CS0518: Predefined type 'System.String' is not defined or imported
C:\gh\azure-sdk-for-net\sdk\blueprint\Microsoft.Azure.Management.Blueprint\tests\ScenarioTests\BlueprintTests.cs(353,42): error CS0518: Predefined type 'System.String' is not defined or imported
C:\gh\azure-sdk-for-net\sdk\blueprint\Microsoft.Azure.Management.Blueprint\tests\ScenarioTests\BlueprintTests.cs(354,33): error CS0518: Predefined type 'System.String' is not defined or imported
C:\gh\azure-sdk-for-net\sdk\blueprint\Microsoft.Azure.Management.Blueprint\tests\ScenarioTests\BlueprintTests.cs(355,40): error CS0518: Predefined type 'System.String' is not defined or imported
C:\gh\azure-sdk-for-net\sdk\blueprint\Microsoft.Azure.Management.Blueprint\tests\ScenarioTests\BlueprintTests.cs(356,38): error CS0518: Predefined type 'System.String' is not defined or imported
C:\gh\azure-sdk-for-net\sdk\blueprint\Microsoft.Azure.Management.Blueprint\tests\ScenarioTests\BlueprintTests.cs(357,36): error CS0518: Predefined type 'System.String' is not defined or imported
C:\gh\azure-sdk-for-net\sdk\blueprint\Microsoft.Azure.Management.Blueprint\tests\ScenarioTests\BlueprintTests.cs(358,34): error CS0518: Predefined type 'System.String' is not defined or imported
C:\gh\azure-sdk-for-net\sdk\blueprint\Microsoft.Azure.Management.Blueprint\tests\ScenarioTests\BlueprintTests.cs(359,34): error CS0518: Predefined type 'System.String' is not defined or imported
C:\gh\azure-sdk-for-net\sdk\blueprint\Microsoft.Azure.Management.Blueprint\tests\ScenarioTests\BlueprintTests.cs(361,13): error CS0518: Predefined type 'System.IDisposable' is not defined or imported
C:\gh\azure-sdk-for-net\sdk\blueprint\Microsoft.Azure.Management.Blueprint\tests\ScenarioTests\BlueprintTests.cs(361,34): error CS0518: Predefined type 'System.Object' is not defined or imported
C:\gh\azure-sdk-for-net\sdk\blueprint\Microsoft.Azure.Management.Blueprint\tests\ScenarioTests\BlueprintTests.cs(361,34): error CS0103: The name 'MockContext' does not exist in the current context
C:\gh\azure-sdk-for-net\sdk\blueprint\Microsoft.Azure.Management.Blueprint\tests\ScenarioTests\BlueprintTests.cs(361,57): error CS0518: Predefined type 'System.Object' is not defined or imported
C:\gh\azure-sdk-for-net\sdk\blueprint\Microsoft.Azure.Management.Blueprint\tests\ScenarioTests\BlueprintTests.cs(361,57): error CS1061: 'BlueprintTests' does not contain a definition for 'GetType' and no accessible extension method 'GetType' accepting a first argument of type 'BlueprintTests' could be found (are you missing a using directive or an assembly reference?)
C:\gh\azure-sdk-for-net\sdk\blueprint\Microsoft.Azure.Management.Blueprint\tests\ScenarioTests\BlueprintTests.cs(363,17): error CS0518: Predefined type 'System.IDisposable' is not defined or imported
C:\gh\azure-sdk-for-net\sdk\blueprint\Microsoft.Azure.Management.Blueprint\tests\ScenarioTests\BlueprintTests.cs(363,46): error CS0518: Predefined type 'System.Object' is not defined or imported
C:\gh\azure-sdk-for-net\sdk\blueprint\Microsoft.Azure.Management.Blueprint\tests\ScenarioTests\BlueprintTests.cs(363,24): error CS1674: 'BlueprintTestBase': type used in a using statement must be implicitly convertible to 'System.IDisposable'.
C:\gh\azure-sdk-for-net\sdk\blueprint\Microsoft.Azure.Management.Blueprint\tests\ScenarioTests\BlueprintTests.cs(366,27): error CS0012: The type 'Task<>' is defined in an assembly that is not referenced. You must add a reference to assembly 'mscorlib, Version=4.0.0.0, Culture=neutral, PublicKeyToken=b77a5c561934e089'.
C:\gh\azure-sdk-for-net\sdk\blueprint\Microsoft.Azure.Management.Blueprint\tests\ScenarioTests\BlueprintTests.cs(367,27): error CS0012: The type 'Task<>' is defined in an assembly that is not referenced. You must add a reference to assembly 'mscorlib, Version=4.0.0.0, Culture=neutral, PublicKeyToken=b77a5c561934e089'.
C:\gh\azure-sdk-for-net\sdk\blueprint\Microsoft.Azure.Management.Blueprint\tests\ScenarioTests\BlueprintTests.cs(369,37): error CS0518: Predefined type 'System.Object' is not defined or imported
C:\gh\azure-sdk-for-net\sdk\blueprint\Microsoft.Azure.Management.Blueprint\tests\ScenarioTests\BlueprintTests.cs(370,27): error CS0012: The type 'Task<>' is defined in an assembly that is not referenced. You must add a reference to assembly 'mscorlib, Version=4.0.0.0, Culture=neutral, PublicKeyToken=b77a5c561934e089'.
C:\gh\azure-sdk-for-net\sdk\blueprint\Microsoft.Azure.Management.Blueprint\tests\ScenarioTests\BlueprintTests.cs(373,44): error CS0518: Predefined type 'System.Object' is not defined or imported
C:\gh\azure-sdk-for-net\sdk\blueprint\Microsoft.Azure.Management.Blueprint\tests\ScenarioTests\BlueprintTests.cs(374,27): error CS0012: The type 'Task<>' is defined in an assembly that is not referenced. You must add a reference to assembly 'mscorlib, Version=4.0.0.0, Culture=neutral, PublicKeyToken=b77a5c561934e089'.
C:\gh\azure-sdk-for-net\sdk\blueprint\Microsoft.Azure.Management.Blueprint\tests\ScenarioTests\BlueprintTests.cs(377,42): error CS0518: Predefined type 'System.Object' is not defined or imported
C:\gh\azure-sdk-for-net\sdk\blueprint\Microsoft.Azure.Management.Blueprint\tests\ScenarioTests\BlueprintTests.cs(378,27): error CS0012: The type 'Task<>' is defined in an assembly that is not referenced. You must add a reference to assembly 'mscorlib, Version=4.0.0.0, Culture=neutral, PublicKeyToken=b77a5c561934e089'.
C:\gh\azure-sdk-for-net\sdk\blueprint\Microsoft.Azure.Management.Blueprint\tests\ScenarioTests\BlueprintTests.cs(381,40): error CS0518: Predefined type 'System.Object' is not defined or imported
C:\gh\azure-sdk-for-net\sdk\blueprint\Microsoft.Azure.Management.Blueprint\tests\ScenarioTests\BlueprintTests.cs(382,27): error CS0012: The type 'Task<>' is defined in an assembly that is not referenced. You must add a reference to assembly 'mscorlib, Version=4.0.0.0, Culture=neutral, PublicKeyToken=b77a5c561934e089'.
C:\gh\azure-sdk-for-net\sdk\blueprint\Microsoft.Azure.Management.Blueprint\tests\ScenarioTests\BlueprintTests.cs(385,140): error CS0518: Predefined type 'System.String' is not defined or imported
C:\gh\azure-sdk-for-net\sdk\blueprint\Microsoft.Azure.Management.Blueprint\tests\ScenarioTests\BlueprintTests.cs(385,27): error CS0012: The type 'Task<>' is defined in an assembly that is not referenced. You must add a reference to assembly 'mscorlib, Version=4.0.0.0, Culture=neutral, PublicKeyToken=b77a5c561934e089'.
C:\gh\azure-sdk-for-net\sdk\blueprint\Microsoft.Azure.Management.Blueprint\tests\ScenarioTests\BlueprintTests.cs(388,38): error CS0012: The type 'IDictionary<,>' is defined in an assembly that is not referenced. You must add a reference to assembly 'mscorlib, Version=4.0.0.0, Culture=neutral, PublicKeyToken=b77a5c561934e089'.
C:\gh\azure-sdk-for-net\sdk\blueprint\Microsoft.Azure.Management.Blueprint\tests\ScenarioTests\BlueprintTests.cs(388,49): error CS0518: Predefined type 'System.String' is not defined or imported
C:\gh\azure-sdk-for-net\sdk\blueprint\Microsoft.Azure.Management.Blueprint\tests\ScenarioTests\BlueprintTests.cs(388,67): error CS0518: Predefined type 'System.Object' is not defined or imported
C:\gh\azure-sdk-for-net\sdk\blueprint\Microsoft.Azure.Management.Blueprint\tests\ScenarioTests\BlueprintTests.cs(388,67): error CS0518: Predefined type 'System.Void' is not defined or imported
C:\gh\azure-sdk-for-net\sdk\blueprint\Microsoft.Azure.Management.Blueprint\tests\ScenarioTests\BlueprintTests.cs(388,84): error CS0012: The type 'Object' is defined in an assembly that is not referenced. You must add a reference to assembly 'mscorlib, Version=4.0.0.0, Culture=neutral, PublicKeyToken=b77a5c561934e089'.
C:\gh\azure-sdk-for-net\sdk\blueprint\Microsoft.Azure.Management.Blueprint\tests\ScenarioTests\BlueprintTests.cs(388,92): error CS0518: Predefined type 'System.String' is not defined or imported
C:\gh\azure-sdk-for-net\sdk\blueprint\Microsoft.Azure.Management.Blueprint\tests\ScenarioTests\BlueprintTests.cs(389,140): error CS0518: Predefined type 'System.String' is not defined or imported
C:\gh\azure-sdk-for-net\sdk\blueprint\Microsoft.Azure.Management.Blueprint\tests\ScenarioTests\BlueprintTests.cs(389,27): error CS0012: The type 'Task<>' is defined in an assembly that is not referenced. You must add a reference to assembly 'mscorlib, Version=4.0.0.0, Culture=neutral, PublicKeyToken=b77a5c561934e089'.
C:\gh\azure-sdk-for-net\sdk\blueprint\Microsoft.Azure.Management.Blueprint\tests\ScenarioTests\BlueprintTests.cs(390,156): error CS0518: Predefined type 'System.String' is not defined or imported
C:\gh\azure-sdk-for-net\sdk\blueprint\Microsoft.Azure.Management.Blueprint\tests\ScenarioTests\BlueprintTests.cs(390,46): error CS0012: The type 'Task<>' is defined in an assembly that is not referenced. You must add a reference to assembly 'mscorlib, Version=4.0.0.0, Culture=neutral, PublicKeyToken=b77a5c561934e089'.
C:\gh\azure-sdk-for-net\sdk\blueprint\Microsoft.Azure.Management.Blueprint\tests\ScenarioTests\BlueprintTests.cs(393,50): error CS0012: The type 'Task<>' is defined in an assembly that is not referenced. You must add a reference to assembly 'mscorlib, Version=4.0.0.0, Culture=neutral, PublicKeyToken=b77a5c561934e089'.
C:\gh\azure-sdk-for-net\sdk\blueprint\Microsoft.Azure.Management.Blueprint\tests\ScenarioTests\BlueprintTests.cs(394,21): error CS0518: Predefined type 'System.Object' is not defined or imported
C:\gh\azure-sdk-for-net\sdk\blueprint\Microsoft.Azure.Management.Blueprint\tests\ScenarioTests\BlueprintTests.cs(394,21): error CS0103: The name 'Assert' does not exist in the current context
C:\gh\azure-sdk-for-net\sdk\blueprint\Microsoft.Azure.Management.Blueprint\tests\ScenarioTests\BlueprintTests.cs(394,34): error CS0518: Predefined type 'System.Int32' is not defined or imported
C:\gh\azure-sdk-for-net\sdk\blueprint\Microsoft.Azure.Management.Blueprint\tests\ScenarioTests\BlueprintTests.cs(397,38): error CS0518: Predefined type 'System.Object' is not defined or imported
C:\gh\azure-sdk-for-net\sdk\blueprint\Microsoft.Azure.Management.Blueprint\tests\ScenarioTests\BlueprintTests.cs(398,27): error CS0012: The type 'Task<>' is defined in an assembly that is not referenced. You must add a reference to assembly 'mscorlib, Version=4.0.0.0, Culture=neutral, PublicKeyToken=b77a5c561934e089'.
C:\gh\azure-sdk-for-net\sdk\blueprint\Microsoft.Azure.Management.Blueprint\tests\ScenarioTests\BlueprintTests.cs(399,47): error CS0012: The type 'Task<>' is defined in an assembly that is not referenced. You must add a reference to assembly 'mscorlib, Version=4.0.0.0, Culture=neutral, PublicKeyToken=b77a5c561934e089'.
C:\gh\azure-sdk-for-net\sdk\blueprint\Microsoft.Azure.Management.Blueprint\tests\ScenarioTests\BlueprintTests.cs(400,21): error CS0518: Predefined type 'System.Object' is not defined or imported
C:\gh\azure-sdk-for-net\sdk\blueprint\Microsoft.Azure.Management.Blueprint\tests\ScenarioTests\BlueprintTests.cs(400,21): error CS0103: The name 'Assert' does not exist in the current context
C:\gh\azure-sdk-for-net\sdk\blueprint\Microsoft.Azure.Management.Blueprint\tests\ScenarioTests\BlueprintTests.cs(401,21): error CS0518: Predefined type 'System.Object' is not defined or imported
C:\gh\azure-sdk-for-net\sdk\blueprint\Microsoft.Azure.Management.Blueprint\tests\ScenarioTests\BlueprintTests.cs(401,21): error CS0103: The name 'Assert' does not exist in the current context
C:\gh\azure-sdk-for-net\sdk\blueprint\Microsoft.Azure.Management.Blueprint\tests\ScenarioTests\BlueprintTests.cs(401,34): error CS0518: Predefined type 'System.String' is not defined or imported
C:\gh\azure-sdk-for-net\sdk\blueprint\Microsoft.Azure.Management.Blueprint\tests\ScenarioTests\BlueprintTests.cs(402,21): error CS0518: Predefined type 'System.Object' is not defined or imported
C:\gh\azure-sdk-for-net\sdk\blueprint\Microsoft.Azure.Management.Blueprint\tests\ScenarioTests\BlueprintTests.cs(402,21): error CS0103: The name 'Assert' does not exist in the current context
C:\gh\azure-sdk-for-net\sdk\blueprint\Microsoft.Azure.Management.Blueprint\tests\ScenarioTests\BlueprintTests.cs(402,34): error CS0518: Predefined type 'System.Int32' is not defined or imported
C:\gh\azure-sdk-for-net\sdk\blueprint\Microsoft.Azure.Management.Blueprint\tests\ScenarioTests\BlueprintTests.cs(402,48): error CS0012: The type 'IDictionary<,>' is defined in an assembly that is not referenced. You must add a reference to assembly 'mscorlib, Version=4.0.0.0, Culture=neutral, PublicKeyToken=b77a5c561934e089'.
C:\gh\azure-sdk-for-net\sdk\blueprint\Microsoft.Azure.Management.Blueprint\tests\ScenarioTests\BlueprintTests.cs(403,21): error CS0518: Predefined type 'System.Object' is not defined or imported
C:\gh\azure-sdk-for-net\sdk\blueprint\Microsoft.Azure.Management.Blueprint\tests\ScenarioTests\BlueprintTests.cs(403,21): error CS0103: The name 'Assert' does not exist in the current context
C:\gh\azure-sdk-for-net\sdk\blueprint\Microsoft.Azure.Management.Blueprint\tests\ScenarioTests\BlueprintTests.cs(403,46): error CS0012: The type 'IDictionary<,>' is defined in an assembly that is not referenced. You must add a reference to assembly 'mscorlib, Version=4.0.0.0, Culture=neutral, PublicKeyToken=b77a5c561934e089'.
C:\gh\azure-sdk-for-net\sdk\blueprint\Microsoft.Azure.Management.Blueprint\tests\ScenarioTests\BlueprintTests.cs(404,21): error CS0518: Predefined type 'System.Object' is not defined or imported
C:\gh\azure-sdk-for-net\sdk\blueprint\Microsoft.Azure.Management.Blueprint\tests\ScenarioTests\BlueprintTests.cs(404,21): error CS0103: The name 'Assert' does not exist in the current context
C:\gh\azure-sdk-for-net\sdk\blueprint\Microsoft.Azure.Management.Blueprint\tests\ScenarioTests\BlueprintTests.cs(404,34): error CS0518: Predefined type 'System.Int32' is not defined or imported
C:\gh\azure-sdk-for-net\sdk\blueprint\Microsoft.Azure.Management.Blueprint\tests\ScenarioTests\BlueprintTests.cs(404,48): error CS0012: The type 'IDictionary<,>' is defined in an assembly that is not referenced. You must add a reference to assembly 'mscorlib, Version=4.0.0.0, Culture=neutral, PublicKeyToken=b77a5c561934e089'.
C:\gh\azure-sdk-for-net\sdk\blueprint\Microsoft.Azure.Management.Blueprint\tests\ScenarioTests\BlueprintTests.cs(405,21): error CS0518: Predefined type 'System.Object' is not defined or imported
C:\gh\azure-sdk-for-net\sdk\blueprint\Microsoft.Azure.Management.Blueprint\tests\ScenarioTests\BlueprintTests.cs(405,21): error CS0103: The name 'Assert' does not exist in the current context
C:\gh\azure-sdk-for-net\sdk\blueprint\Microsoft.Azure.Management.Blueprint\tests\ScenarioTests\BlueprintTests.cs(405,46): error CS0012: The type 'IDictionary<,>' is defined in an assembly that is not referenced. You must add a reference to assembly 'mscorlib, Version=4.0.0.0, Culture=neutral, PublicKeyToken=b77a5c561934e089'.
C:\gh\azure-sdk-for-net\sdk\blueprint\Microsoft.Azure.Management.Blueprint\tests\ScenarioTests\BlueprintTests.cs(406,21): error CS0518: Predefined type 'System.Object' is not defined or imported
C:\gh\azure-sdk-for-net\sdk\blueprint\Microsoft.Azure.Management.Blueprint\tests\ScenarioTests\BlueprintTests.cs(406,21): error CS0103: The name 'Assert' does not exist in the current context
C:\gh\azure-sdk-for-net\sdk\blueprint\Microsoft.Azure.Management.Blueprint\tests\ScenarioTests\BlueprintTests.cs(406,46): error CS0012: The type 'IDictionary<,>' is defined in an assembly that is not referenced. You must add a reference to assembly 'mscorlib, Version=4.0.0.0, Culture=neutral, PublicKeyToken=b77a5c561934e089'.
C:\gh\azure-sdk-for-net\sdk\blueprint\Microsoft.Azure.Management.Blueprint\tests\ScenarioTests\BlueprintTests.cs(407,21): error CS0518: Predefined type 'System.Object' is not defined or imported
C:\gh\azure-sdk-for-net\sdk\blueprint\Microsoft.Azure.Management.Blueprint\tests\ScenarioTests\BlueprintTests.cs(407,21): error CS0103: The name 'Assert' does not exist in the current context
C:\gh\azure-sdk-for-net\sdk\blueprint\Microsoft.Azure.Management.Blueprint\tests\ScenarioTests\BlueprintTests.cs(407,46): error CS0012: The type 'IDictionary<,>' is defined in an assembly that is not referenced. You must add a reference to assembly 'mscorlib, Version=4.0.0.0, Culture=neutral, PublicKeyToken=b77a5c561934e089'.
C:\gh\azure-sdk-for-net\sdk\blueprint\Microsoft.Azure.Management.Blueprint\tests\ScenarioTests\BlueprintTests.cs(410,49): error CS0012: The type 'Task<>' is defined in an assembly that is not referenced. You must add a reference to assembly 'mscorlib, Version=4.0.0.0, Culture=neutral, PublicKeyToken=b77a5c561934e089'.
C:\gh\azure-sdk-for-net\sdk\blueprint\Microsoft.Azure.Management.Blueprint\tests\ScenarioTests\BlueprintTests.cs(411,21): error CS0518: Predefined type 'System.Object' is not defined or imported
C:\gh\azure-sdk-for-net\sdk\blueprint\Microsoft.Azure.Management.Blueprint\tests\ScenarioTests\BlueprintTests.cs(411,21): error CS0103: The name 'Assert' does not exist in the current context
C:\gh\azure-sdk-for-net\sdk\blueprint\Microsoft.Azure.Management.Blueprint\tests\ScenarioTests\BlueprintTests.cs(414,21): error CS0518: Predefined type 'System.Object' is not defined or imported
C:\gh\azure-sdk-for-net\sdk\blueprint\Microsoft.Azure.Management.Blueprint\tests\ScenarioTests\BlueprintTests.cs(414,21): error CS0246: The type or namespace name 'CancellationTokenSource' could not be found (are you missing a using directive or an assembly reference?)
C:\gh\azure-sdk-for-net\sdk\blueprint\Microsoft.Azure.Management.Blueprint\tests\ScenarioTests\BlueprintTests.cs(414,66): error CS0518: Predefined type 'System.Object' is not defined or imported
C:\gh\azure-sdk-for-net\sdk\blueprint\Microsoft.Azure.Management.Blueprint\tests\ScenarioTests\BlueprintTests.cs(414,66): error CS0246: The type or namespace name 'CancellationTokenSource' could not be found (are you missing a using directive or an assembly reference?)
C:\gh\azure-sdk-for-net\sdk\blueprint\Microsoft.Azure.Management.Blueprint\tests\ScenarioTests\BlueprintTests.cs(414,90): error CS0518: Predefined type 'System.Object' is not defined or imported
C:\gh\azure-sdk-for-net\sdk\blueprint\Microsoft.Azure.Management.Blueprint\tests\ScenarioTests\BlueprintTests.cs(414,90): error CS0103: The name 'TimeSpan' does not exist in the current context
C:\gh\azure-sdk-for-net\sdk\blueprint\Microsoft.Azure.Management.Blueprint\tests\ScenarioTests\BlueprintTests.cs(414,111): error CS0518: Predefined type 'System.Int32' is not defined or imported
C:\gh\azure-sdk-for-net\sdk\blueprint\Microsoft.Azure.Management.Blueprint\tests\ScenarioTests\BlueprintTests.cs(415,43): error CS0518: Predefined type 'System.Object' is not defined or imported
C:\gh\azure-sdk-for-net\sdk\blueprint\Microsoft.Azure.Management.Blueprint\tests\ScenarioTests\BlueprintTests.cs(417,26): error CS0518: Predefined type 'System.Object' is not defined or imported
C:\gh\azure-sdk-for-net\sdk\blueprint\Microsoft.Azure.Management.Blueprint\tests\ScenarioTests\BlueprintTests.cs(416,31): error CS0012: The type 'Task<>' is defined in an assembly that is not referenced. You must add a reference to assembly 'mscorlib, Version=4.0.0.0, Culture=neutral, PublicKeyToken=b77a5c561934e089'.
C:\gh\azure-sdk-for-net\sdk\blueprint\Microsoft.Azure.Management.Blueprint\tests\ScenarioTests\BlueprintTests.cs(417,55): error CS0246: The type or namespace name 'IResource' could not be found (are you missing a using directive or an assembly reference?)
C:\gh\azure-sdk-for-net\sdk\blueprint\Microsoft.Azure.Management.Blueprint\tests\ScenarioTests\BlueprintTests.cs(417,55): error CS0518: Predefined type 'System.Object' is not defined or imported
C:\gh\azure-sdk-for-net\sdk\blueprint\Microsoft.Azure.Management.Blueprint\tests\ScenarioTests\BlueprintTests.cs(417,48): error CS0518: Predefined type 'System.Boolean' is not defined or imported
C:\gh\azure-sdk-for-net\sdk\blueprint\Microsoft.Azure.Management.Blueprint\tests\ScenarioTests\BlueprintTests.cs(421,57): error CS0012: The type 'Task<>' is defined in an assembly that is not referenced. You must add a reference to assembly 'mscorlib, Version=4.0.0.0, Culture=neutral, PublicKeyToken=b77a5c561934e089'.
C:\gh\azure-sdk-for-net\sdk\blueprint\Microsoft.Azure.Management.Blueprint\tests\ScenarioTests\BlueprintTests.cs(422,47): error CS0518: Predefined type 'System.Object' is not defined or imported
C:\gh\azure-sdk-for-net\sdk\blueprint\Microsoft.Azure.Management.Blueprint\tests\ScenarioTests\BlueprintTests.cs(422,47): error CS0103: The name 'Assert' does not exist in the current context
C:\gh\azure-sdk-for-net\sdk\blueprint\Microsoft.Azure.Management.Blueprint\tests\ScenarioTests\BlueprintTests.cs(423,56): error CS0012: The type 'Task<>' is defined in an assembly that is not referenced. You must add a reference to assembly 'mscorlib, Version=4.0.0.0, Culture=neutral, PublicKeyToken=b77a5c561934e089'.
C:\gh\azure-sdk-for-net\sdk\blueprint\Microsoft.Azure.Management.Blueprint\tests\ScenarioTests\BlueprintTests.cs(424,21): error CS0518: Predefined type 'System.Object' is not defined or imported
C:\gh\azure-sdk-for-net\sdk\blueprint\Microsoft.Azure.Management.Blueprint\tests\ScenarioTests\BlueprintTests.cs(424,21): error CS0103: The name 'Assert' does not exist in the current context
C:\gh\azure-sdk-for-net\sdk\blueprint\Microsoft.Azure.Management.Blueprint\tests\ScenarioTests\BlueprintTests.cs(427,27): error CS0012: The type 'Task<>' is defined in an assembly that is not referenced. You must add a reference to assembly 'mscorlib, Version=4.0.0.0, Culture=neutral, PublicKeyToken=b77a5c561934e089'.
C:\gh\azure-sdk-for-net\sdk\blueprint\Microsoft.Azure.Management.Blueprint\tests\ScenarioTests\BlueprintTests.cs(429,21): error CS0518: Predefined type 'System.Object' is not defined or imported
C:\gh\azure-sdk-for-net\sdk\blueprint\Microsoft.Azure.Management.Blueprint\tests\ScenarioTests\BlueprintTests.cs(429,21): error CS0246: The type or namespace name 'CancellationTokenSource' could not be found (are you missing a using directive or an assembly reference?)
C:\gh\azure-sdk-for-net\sdk\blueprint\Microsoft.Azure.Management.Blueprint\tests\ScenarioTests\BlueprintTests.cs(429,67): error CS0518: Predefined type 'System.Object' is not defined or imported
C:\gh\azure-sdk-for-net\sdk\blueprint\Microsoft.Azure.Management.Blueprint\tests\ScenarioTests\BlueprintTests.cs(429,67): error CS0246: The type or namespace name 'CancellationTokenSource' could not be found (are you missing a using directive or an assembly reference?)
C:\gh\azure-sdk-for-net\sdk\blueprint\Microsoft.Azure.Management.Blueprint\tests\ScenarioTests\BlueprintTests.cs(429,91): error CS0518: Predefined type 'System.Object' is not defined or imported
C:\gh\azure-sdk-for-net\sdk\blueprint\Microsoft.Azure.Management.Blueprint\tests\ScenarioTests\BlueprintTests.cs(429,91): error CS0103: The name 'TimeSpan' does not exist in the current context
C:\gh\azure-sdk-for-net\sdk\blueprint\Microsoft.Azure.Management.Blueprint\tests\ScenarioTests\BlueprintTests.cs(429,112): error CS0518: Predefined type 'System.Int32' is not defined or imported
C:\gh\azure-sdk-for-net\sdk\blueprint\Microsoft.Azure.Management.Blueprint\tests\ScenarioTests\BlueprintTests.cs(430,27): error CS0518: Predefined type 'System.Object' is not defined or imported
C:\gh\azure-sdk-for-net\sdk\blueprint\Microsoft.Azure.Management.Blueprint\tests\ScenarioTests\BlueprintTests.cs(432,26): error CS0518: Predefined type 'System.Object' is not defined or imported
C:\gh\azure-sdk-for-net\sdk\blueprint\Microsoft.Azure.Management.Blueprint\tests\ScenarioTests\BlueprintTests.cs(434,26): error CS0518: Predefined type 'System.Object' is not defined or imported
C:\gh\azure-sdk-for-net\sdk\blueprint\Microsoft.Azure.Management.Blueprint\tests\ScenarioTests\BlueprintTests.cs(434,26): error CS0246: The type or namespace name 'Exception' could not be found (are you missing a using directive or an assembly reference?)
C:\gh\azure-sdk-for-net\sdk\blueprint\Microsoft.Azure.Management.Blueprint\tests\ScenarioTests\BlueprintTests.cs(431,31): error CS0012: The type 'Task<>' is defined in an assembly that is not referenced. You must add a reference to assembly 'mscorlib, Version=4.0.0.0, Culture=neutral, PublicKeyToken=b77a5c561934e089'.
C:\gh\azure-sdk-for-net\sdk\blueprint\Microsoft.Azure.Management.Blueprint\tests\ScenarioTests\BlueprintTests.cs(432,55): error CS0246: The type or namespace name 'IResource' could not be found (are you missing a using directive or an assembly reference?)
C:\gh\azure-sdk-for-net\sdk\blueprint\Microsoft.Azure.Management.Blueprint\tests\ScenarioTests\BlueprintTests.cs(432,55): error CS0518: Predefined type 'System.Object' is not defined or imported
C:\gh\azure-sdk-for-net\sdk\blueprint\Microsoft.Azure.Management.Blueprint\tests\ScenarioTests\BlueprintTests.cs(432,48): error CS0518: Predefined type 'System.Boolean' is not defined or imported
C:\gh\azure-sdk-for-net\sdk\blueprint\Microsoft.Azure.Management.Blueprint\tests\ScenarioTests\BlueprintTests.cs(436,33): error CS0518: Predefined type 'System.Boolean' is not defined or imported
C:\gh\azure-sdk-for-net\sdk\blueprint\Microsoft.Azure.Management.Blueprint\tests\ScenarioTests\BlueprintTests.cs(436,39): error CS0518: Predefined type 'System.Object' is not defined or imported
C:\gh\azure-sdk-for-net\sdk\blueprint\Microsoft.Azure.Management.Blueprint\tests\ScenarioTests\BlueprintTests.cs(436,39): error CS0246: The type or namespace name 'CloudException' could not be found (are you missing a using directive or an assembly reference?)
C:\gh\azure-sdk-for-net\sdk\blueprint\Microsoft.Azure.Management.Blueprint\tests\ScenarioTests\BlueprintTests.cs(436,64): error CS0518: Predefined type 'System.Object' is not defined or imported
C:\gh\azure-sdk-for-net\sdk\blueprint\Microsoft.Azure.Management.Blueprint\tests\ScenarioTests\BlueprintTests.cs(436,64): error CS0246: The type or namespace name 'CloudException' could not be found (are you missing a using directive or an assembly reference?)
C:\gh\azure-sdk-for-net\sdk\blueprint\Microsoft.Azure.Management.Blueprint\tests\ScenarioTests\BlueprintTests.cs(436,103): error CS0518: Predefined type 'System.Object' is not defined or imported
C:\gh\azure-sdk-for-net\sdk\blueprint\Microsoft.Azure.Management.Blueprint\tests\ScenarioTests\BlueprintTests.cs(436,103): error CS0103: The name 'HttpStatusCode' does not exist in the current context
C:\gh\azure-sdk-for-net\sdk\blueprint\Microsoft.Azure.Management.Blueprint\tests\ScenarioTests\BlueprintTests.cs(436,57): error CS0518: Predefined type 'System.Boolean' is not defined or imported
C:\gh\azure-sdk-for-net\sdk\blueprint\Microsoft.Azure.Management.Blueprint\tests\ScenarioTests\BlueprintTests.cs(436,33): error CS0518: Predefined type 'System.Boolean' is not defined or imported
C:\gh\azure-sdk-for-net\sdk\blueprint\Microsoft.Azure.Management.Blueprint\tests\ScenarioTests\BlueprintTests.cs(438,40): error CS0518: Predefined type 'System.Boolean' is not defined or imported
C:\gh\azure-sdk-for-net\sdk\blueprint\Microsoft.Azure.Management.Blueprint\tests\ScenarioTests\BlueprintTests.cs(443,140): error CS0518: Predefined type 'System.String' is not defined or imported
C:\gh\azure-sdk-for-net\sdk\blueprint\Microsoft.Azure.Management.Blueprint\tests\ScenarioTests\BlueprintTests.cs(443,27): error CS0012: The type 'Task<>' is defined in an assembly that is not referenced. You must add a reference to assembly 'mscorlib, Version=4.0.0.0, Culture=neutral, PublicKeyToken=b77a5c561934e089'.
C:\gh\azure-sdk-for-net\sdk\blueprint\Microsoft.Azure.Management.Blueprint\tests\ScenarioTests\BlueprintTests.cs(444,140): error CS0518: Predefined type 'System.String' is not defined or imported
C:\gh\azure-sdk-for-net\sdk\blueprint\Microsoft.Azure.Management.Blueprint\tests\ScenarioTests\BlueprintTests.cs(444,27): error CS0012: The type 'Task<>' is defined in an assembly that is not referenced. You must add a reference to assembly 'mscorlib, Version=4.0.0.0, Culture=neutral, PublicKeyToken=b77a5c561934e089'.
C:\gh\azure-sdk-for-net\sdk\blueprint\Microsoft.Azure.Management.Blueprint\tests\ScenarioTests\BlueprintTests.cs(445,27): error CS0012: The type 'Task<>' is defined in an assembly that is not referenced. You must add a reference to assembly 'mscorlib, Version=4.0.0.0, Culture=neutral, PublicKeyToken=b77a5c561934e089'.
C:\gh\azure-sdk-for-net\sdk\blueprint\Microsoft.Azure.Management.Blueprint\tests\ScenarioTests\BlueprintTests.cs(351,27): error CS0161: 'BlueprintTests.SubscriptionAssignmentCRUD()': not all code paths return a value
C:\gh\azure-sdk-for-net\sdk\blueprint\Microsoft.Azure.Management.Blueprint\tests\ScenarioTests\BlueprintTests.cs(452,44): error CS0518: Predefined type 'System.Object' is not defined or imported
C:\gh\azure-sdk-for-net\sdk\blueprint\Microsoft.Azure.Management.Blueprint\tests\ScenarioTests\BlueprintTests.cs(452,44): error CS0246: The type or namespace name 'TimeSpan' could not be found (are you missing a using directive or an assembly reference?)
C:\gh\azure-sdk-for-net\sdk\blueprint\Microsoft.Azure.Management.Blueprint\tests\ScenarioTests\BlueprintTests.cs(452,17): error CS0518: Predefined type 'System.Boolean' is not defined or imported
C:\gh\azure-sdk-for-net\sdk\blueprint\Microsoft.Azure.Management.Blueprint\tests\ScenarioTests\BlueprintTests.cs(452,17): error CS0518: Predefined type 'System.Boolean' is not defined or imported
C:\gh\azure-sdk-for-net\sdk\blueprint\Microsoft.Azure.Management.Blueprint\tests\ScenarioTests\BlueprintTests.cs(454,35): error CS0518: Predefined type 'System.Object' is not defined or imported
C:\gh\azure-sdk-for-net\sdk\blueprint\Microsoft.Azure.Management.Blueprint\tests\ScenarioTests\BlueprintTests.cs(454,35): error CS0103: The name 'TimeSpan' does not exist in the current context
C:\gh\azure-sdk-for-net\sdk\blueprint\Microsoft.Azure.Management.Blueprint\tests\ScenarioTests\BlueprintTests.cs(454,56): error CS0518: Predefined type 'System.Int32' is not defined or imported
C:\gh\azure-sdk-for-net\sdk\blueprint\Microsoft.Azure.Management.Blueprint\tests\ScenarioTests\BlueprintTests.cs(457,20): error CS0518: Predefined type 'System.Boolean' is not defined or imported
C:\gh\azure-sdk-for-net\sdk\blueprint\Microsoft.Azure.Management.Blueprint\tests\ScenarioTests\BlueprintTests.cs(464,24): error CS0518: Predefined type 'System.Object' is not defined or imported
C:\gh\azure-sdk-for-net\sdk\blueprint\Microsoft.Azure.Management.Blueprint\tests\ScenarioTests\BlueprintTests.cs(464,24): error CS0246: The type or namespace name 'Exception' could not be found (are you missing a using directive or an assembly reference?)
C:\gh\azure-sdk-for-net\sdk\blueprint\Microsoft.Azure.Management.Blueprint\tests\ScenarioTests\BlueprintTests.cs(466,25): error CS0518: Predefined type 'System.Boolean' is not defined or imported
C:\gh\azure-sdk-for-net\sdk\blueprint\Microsoft.Azure.Management.Blueprint\tests\ScenarioTests\BlueprintTests.cs(466,25): error CS0518: Predefined type 'System.Boolean' is not defined or imported
C:\gh\azure-sdk-for-net\sdk\blueprint\Microsoft.Azure.Management.Blueprint\tests\ScenarioTests\BlueprintTests.cs(468,29): error CS0518: Predefined type 'System.Boolean' is not defined or imported
C:\gh\azure-sdk-for-net\sdk\blueprint\Microsoft.Azure.Management.Blueprint\tests\ScenarioTests\BlueprintTests.cs(476,21): error CS0518: Predefined type 'System.Boolean' is not defined or imported
C:\gh\azure-sdk-for-net\sdk\blueprint\Microsoft.Azure.Management.Blueprint\tests\ScenarioTests\BlueprintTests.cs(481,21): error CS0518: Predefined type 'System.Object' is not defined or imported
C:\gh\azure-sdk-for-net\sdk\blueprint\Microsoft.Azure.Management.Blueprint\tests\ScenarioTests\BlueprintTests.cs(481,21): error CS0103: The name 'Environment' does not exist in the current context
C:\gh\azure-sdk-for-net\sdk\blueprint\Microsoft.Azure.Management.Blueprint\tests\ScenarioTests\BlueprintTests.cs(481,56): error CS0518: Predefined type 'System.String' is not defined or imported
C:\gh\azure-sdk-for-net\sdk\blueprint\Microsoft.Azure.Management.Blueprint\tests\ScenarioTests\BlueprintTests.cs(481,78): error CS0518: Predefined type 'System.String' is not defined or imported
C:\gh\azure-sdk-for-net\sdk\blueprint\Microsoft.Azure.Management.Blueprint\tests\ScenarioTests\BlueprintTests.cs(481,21): error CS0518: Predefined type 'System.Boolean' is not defined or imported
C:\gh\azure-sdk-for-net\sdk\blueprint\Microsoft.Azure.Management.Blueprint\tests\ScenarioTests\BlueprintTests.cs(481,21): error CS0518: Predefined type 'System.Boolean' is not defined or imported
C:\gh\azure-sdk-for-net\sdk\blueprint\Microsoft.Azure.Management.Blueprint\tests\ScenarioTests\BlueprintTests.cs(483,27): error CS0518: Predefined type 'System.Object' is not defined or imported
C:\gh\azure-sdk-for-net\sdk\blueprint\Microsoft.Azure.Management.Blueprint\tests\ScenarioTests\BlueprintTests.cs(483,27): error CS0103: The name 'Task' does not exist in the current context
C:\gh\azure-sdk-for-net\sdk\blueprint\Microsoft.Azure.Management.Blueprint\tests\ScenarioTests\BlueprintTests.cs(487,23): error CS0518: Predefined type 'System.Object' is not defined or imported
C:\gh\azure-sdk-for-net\sdk\blueprint\Microsoft.Azure.Management.Blueprint\tests\ScenarioTests\BlueprintTests.cs(487,23): error CS0246: The type or namespace name 'TimeoutException' could not be found (are you missing a using directive or an assembly reference?)
C:\gh\azure-sdk-for-net\sdk\blueprint\Microsoft.Azure.Management.Blueprint\tests\ScenarioTests\BlueprintTests.cs(492,13): error CS0518: Predefined type 'System.String' is not defined or imported
C:\gh\azure-sdk-for-net\sdk\blueprint\Microsoft.Azure.Management.Blueprint\tests\ScenarioTests\BlueprintTests.cs(492,29): error CS0518: Predefined type 'System.String' is not defined or imported
C:\gh\azure-sdk-for-net\sdk\blueprint\Microsoft.Azure.Management.Blueprint\tests\ScenarioTests\BlueprintTests.cs(492,28): error CS0518: Predefined type 'System.Boolean' is not defined or imported
C:\gh\azure-sdk-for-net\sdk\blueprint\Microsoft.Azure.Management.Blueprint\tests\ScenarioTests\BlueprintTests.cs(493,19): error CS0518: Predefined type 'System.String' is not defined or imported
C:\gh\azure-sdk-for-net\sdk\blueprint\Microsoft.Azure.Management.Blueprint\tests\ScenarioTests\BlueprintTests.cs(493,33): error CS0518: Predefined type 'System.Object' is not defined or imported
C:\gh\azure-sdk-for-net\sdk\blueprint\Microsoft.Azure.Management.Blueprint\tests\ScenarioTests\BlueprintTests.cs(493,58): error CS0518: Predefined type 'System.String' is not defined or imported
C:\gh\azure-sdk-for-net\sdk\blueprint\Microsoft.Azure.Management.Blueprint\tests\ScenarioTests\BlueprintTests.cs(496,24): error CS0518: Predefined type 'System.Object' is not defined or imported
C:\gh\azure-sdk-for-net\sdk\blueprint\Microsoft.Azure.Management.Blueprint\tests\ScenarioTests\BlueprintTests.cs(496,24): error CS0518: Predefined type 'System.Void' is not defined or imported
C:\gh\azure-sdk-for-net\sdk\blueprint\Microsoft.Azure.Management.Blueprint\tests\ScenarioTests\BlueprintTests.cs(498,17): error CS0518: Predefined type 'System.String' is not defined or imported
C:\gh\azure-sdk-for-net\sdk\blueprint\Microsoft.Azure.Management.Blueprint\tests\ScenarioTests\BlueprintTests.cs(498,47): error CS0518: Predefined type 'System.String' is not defined or imported
C:\gh\azure-sdk-for-net\sdk\blueprint\Microsoft.Azure.Management.Blueprint\tests\ScenarioTests\BlueprintTests.cs(499,17): error CS0518: Predefined type 'System.Void' is not defined or imported
C:\gh\azure-sdk-for-net\sdk\blueprint\Microsoft.Azure.Management.Blueprint\tests\ScenarioTests\BlueprintTests.cs(499,32): error CS0518: Predefined type 'System.Object' is not defined or imported
C:\gh\azure-sdk-for-net\sdk\blueprint\Microsoft.Azure.Management.Blueprint\tests\ScenarioTests\BlueprintTests.cs(499,32): error CS0518: Predefined type 'System.Void' is not defined or imported
C:\gh\azure-sdk-for-net\sdk\blueprint\Microsoft.Azure.Management.Blueprint\tests\ScenarioTests\BlueprintTests.cs(499,57): error CS0518: Predefined type 'System.String' is not defined or imported
C:\gh\azure-sdk-for-net\sdk\blueprint\Microsoft.Azure.Management.Blueprint\tests\ScenarioTests\BlueprintTests.cs(499,64): error CS0518: Predefined type 'System.Object' is not defined or imported
C:\gh\azure-sdk-for-net\sdk\blueprint\Microsoft.Azure.Management.Blueprint\tests\ScenarioTests\BlueprintTests.cs(499,101): error CS0518: Predefined type 'System.String' is not defined or imported
C:\gh\azure-sdk-for-net\sdk\blueprint\Microsoft.Azure.Management.Blueprint\tests\ScenarioTests\BlueprintTests.cs(500,17): error CS0518: Predefined type 'System.String' is not defined or imported
C:\gh\azure-sdk-for-net\sdk\blueprint\Microsoft.Azure.Management.Blueprint\tests\ScenarioTests\BlueprintTests.cs(500,28): error CS0518: Predefined type 'System.String' is not defined or imported
C:\gh\azure-sdk-for-net\sdk\blueprint\Microsoft.Azure.Management.Blueprint\tests\ScenarioTests\BlueprintTests.cs(501,17): error CS0518: Predefined type 'System.String' is not defined or imported
C:\gh\azure-sdk-for-net\sdk\blueprint\Microsoft.Azure.Management.Blueprint\tests\ScenarioTests\BlueprintTests.cs(502,17): error CS0012: The type 'IDictionary<,>' is defined in an assembly that is not referenced. You must add a reference to assembly 'mscorlib, Version=4.0.0.0, Culture=neutral, PublicKeyToken=b77a5c561934e089'.
C:\gh\azure-sdk-for-net\sdk\blueprint\Microsoft.Azure.Management.Blueprint\tests\ScenarioTests\BlueprintTests.cs(502,38): error CS0518: Predefined type 'System.Object' is not defined or imported
C:\gh\azure-sdk-for-net\sdk\blueprint\Microsoft.Azure.Management.Blueprint\tests\ScenarioTests\BlueprintTests.cs(502,62): error CS0518: Predefined type 'System.Object' is not defined or imported
C:\gh\azure-sdk-for-net\sdk\blueprint\Microsoft.Azure.Management.Blueprint\tests\ScenarioTests\BlueprintTests.cs(502,38): error CS0518: Predefined type 'System.Void' is not defined or imported
C:\gh\azure-sdk-for-net\sdk\blueprint\Microsoft.Azure.Management.Blueprint\tests\ScenarioTests\BlueprintTests.cs(503,17): error CS0518: Predefined type 'System.Collections.IEnumerable' is not defined or imported
C:\gh\azure-sdk-for-net\sdk\blueprint\Microsoft.Azure.Management.Blueprint\tests\ScenarioTests\BlueprintTests.cs(503,17): error CS0012: The type 'Dictionary<,>' is defined in an assembly that is not referenced. You must add a reference to assembly 'mscorlib, Version=4.0.0.0, Culture=neutral, PublicKeyToken=b77a5c561934e089'.
C:\gh\azure-sdk-for-net\sdk\blueprint\Microsoft.Azure.Management.Blueprint\tests\ScenarioTests\BlueprintTests.cs(503,17): error CS1922: Cannot initialize type 'OrdinalStringDictionary<ResourceGroupValue>' with a collection initializer because it does not implement 'System.Collections.IEnumerable'
C:\gh\azure-sdk-for-net\sdk\blueprint\Microsoft.Azure.Management.Blueprint\tests\ScenarioTests\BlueprintTests.cs(504,23): error CS0518: Predefined type 'System.String' is not defined or imported
C:\gh\azure-sdk-for-net\sdk\blueprint\Microsoft.Azure.Management.Blueprint\tests\ScenarioTests\BlueprintTests.cs(504,48): error CS0518: Predefined type 'System.Object' is not defined or imported
C:\gh\azure-sdk-for-net\sdk\blueprint\Microsoft.Azure.Management.Blueprint\tests\ScenarioTests\BlueprintTests.cs(504,48): error CS0518: Predefined type 'System.Void' is not defined or imported
C:\gh\azure-sdk-for-net\sdk\blueprint\Microsoft.Azure.Management.Blueprint\tests\ScenarioTests\BlueprintTests.cs(504,69): error CS0518: Predefined type 'System.String' is not defined or imported
C:\gh\azure-sdk-for-net\sdk\blueprint\Microsoft.Azure.Management.Blueprint\tests\ScenarioTests\BlueprintTests.cs(504,74): error CS0518: Predefined type 'System.String' is not defined or imported
C:\gh\azure-sdk-for-net\sdk\blueprint\Microsoft.Azure.Management.Blueprint\tests\ScenarioTests\BlueprintTests.cs(504,102): error CS0518: Predefined type 'System.String' is not defined or imported
C:\gh\azure-sdk-for-net\sdk\blueprint\Microsoft.Azure.Management.Blueprint\tests\ScenarioTests\BlueprintTests.cs(504,113): error CS0518: Predefined type 'System.String' is not defined or imported
C:\gh\azure-sdk-for-net\sdk\blueprint\Microsoft.Azure.Management.Blueprint\tests\ScenarioTests\BlueprintTests.cs(506,17): error CS0012: The type 'IDictionary<,>' is defined in an assembly that is not referenced. You must add a reference to assembly 'mscorlib, Version=4.0.0.0, Culture=neutral, PublicKeyToken=b77a5c561934e089'.
C:\gh\azure-sdk-for-net\sdk\blueprint\Microsoft.Azure.Management.Blueprint\tests\ScenarioTests\BlueprintTests.cs(506,34): error CS0518: Predefined type 'System.Object' is not defined or imported
C:\gh\azure-sdk-for-net\sdk\blueprint\Microsoft.Azure.Management.Blueprint\tests\ScenarioTests\BlueprintTests.cs(506,58): error CS0518: Predefined type 'System.Object' is not defined or imported
C:\gh\azure-sdk-for-net\sdk\blueprint\Microsoft.Azure.Management.Blueprint\tests\ScenarioTests\BlueprintTests.cs(506,34): error CS0518: Predefined type 'System.Void' is not defined or imported
C:\gh\azure-sdk-for-net\sdk\blueprint\Microsoft.Azure.Management.Blueprint\tests\ScenarioTests\BlueprintTests.cs(507,17): error CS0518: Predefined type 'System.Collections.IEnumerable' is not defined or imported
C:\gh\azure-sdk-for-net\sdk\blueprint\Microsoft.Azure.Management.Blueprint\tests\ScenarioTests\BlueprintTests.cs(507,17): error CS0012: The type 'Dictionary<,>' is defined in an assembly that is not referenced. You must add a reference to assembly 'mscorlib, Version=4.0.0.0, Culture=neutral, PublicKeyToken=b77a5c561934e089'.
C:\gh\azure-sdk-for-net\sdk\blueprint\Microsoft.Azure.Management.Blueprint\tests\ScenarioTests\BlueprintTests.cs(507,17): error CS1922: Cannot initialize type 'OrdinalStringDictionary<ParameterValue>' with a collection initializer because it does not implement 'System.Collections.IEnumerable'
C:\gh\azure-sdk-for-net\sdk\blueprint\Microsoft.Azure.Management.Blueprint\tests\ScenarioTests\BlueprintTests.cs(508,23): error CS0518: Predefined type 'System.String' is not defined or imported
C:\gh\azure-sdk-for-net\sdk\blueprint\Microsoft.Azure.Management.Blueprint\tests\ScenarioTests\BlueprintTests.cs(508,39): error CS0518: Predefined type 'System.Object' is not defined or imported
C:\gh\azure-sdk-for-net\sdk\blueprint\Microsoft.Azure.Management.Blueprint\tests\ScenarioTests\BlueprintTests.cs(508,39): error CS0518: Predefined type 'System.Void' is not defined or imported
C:\gh\azure-sdk-for-net\sdk\blueprint\Microsoft.Azure.Management.Blueprint\tests\ScenarioTests\BlueprintTests.cs(508,56): error CS0012: The type 'Object' is defined in an assembly that is not referenced. You must add a reference to assembly 'mscorlib, Version=4.0.0.0, Culture=neutral, PublicKeyToken=b77a5c561934e089'.
C:\gh\azure-sdk-for-net\sdk\blueprint\Microsoft.Azure.Management.Blueprint\tests\ScenarioTests\BlueprintTests.cs(508,64): error CS0518: Predefined type 'System.String' is not defined or imported
C:\gh\azure-sdk-for-net\sdk\blueprint\Microsoft.Azure.Management.Blueprint\tests\ScenarioTests\BlueprintTests.cs(509,23): error CS0518: Predefined type 'System.String' is not defined or imported
C:\gh\azure-sdk-for-net\sdk\blueprint\Microsoft.Azure.Management.Blueprint\tests\ScenarioTests\BlueprintTests.cs(509,46): error CS0518: Predefined type 'System.Object' is not defined or imported
C:\gh\azure-sdk-for-net\sdk\blueprint\Microsoft.Azure.Management.Blueprint\tests\ScenarioTests\BlueprintTests.cs(509,46): error CS0518: Predefined type 'System.Void' is not defined or imported
C:\gh\azure-sdk-for-net\sdk\blueprint\Microsoft.Azure.Management.Blueprint\tests\ScenarioTests\BlueprintTests.cs(509,63): error CS0012: The type 'Object' is defined in an assembly that is not referenced. You must add a reference to assembly 'mscorlib, Version=4.0.0.0, Culture=neutral, PublicKeyToken=b77a5c561934e089'.
C:\gh\azure-sdk-for-net\sdk\blueprint\Microsoft.Azure.Management.Blueprint\tests\ScenarioTests\BlueprintTests.cs(509,71): error CS0518: Predefined type 'System.String' is not defined or imported
C:\gh\azure-sdk-for-net\sdk\blueprint\Microsoft.Azure.Management.Blueprint\tests\ScenarioTests\BlueprintTests.cs(510,23): error CS0518: Predefined type 'System.String' is not defined or imported
C:\gh\azure-sdk-for-net\sdk\blueprint\Microsoft.Azure.Management.Blueprint\tests\ScenarioTests\BlueprintTests.cs(510,48): error CS0518: Predefined type 'System.Object' is not defined or imported
C:\gh\azure-sdk-for-net\sdk\blueprint\Microsoft.Azure.Management.Blueprint\tests\ScenarioTests\BlueprintTests.cs(510,48): error CS0518: Predefined type 'System.Void' is not defined or imported
C:\gh\azure-sdk-for-net\sdk\blueprint\Microsoft.Azure.Management.Blueprint\tests\ScenarioTests\BlueprintTests.cs(510,65): error CS0012: The type 'Object' is defined in an assembly that is not referenced. You must add a reference to assembly 'mscorlib, Version=4.0.0.0, Culture=neutral, PublicKeyToken=b77a5c561934e089'.
C:\gh\azure-sdk-for-net\sdk\blueprint\Microsoft.Azure.Management.Blueprint\tests\ScenarioTests\BlueprintTests.cs(510,73): error CS0518: Predefined type 'System.String' is not defined or imported
C:\gh\azure-sdk-for-net\sdk\blueprint\Microsoft.Azure.Management.Blueprint\tests\ScenarioTests\BlueprintTests.cs(517,33): error CS0518: Predefined type 'System.Object' is not defined or imported
C:\gh\azure-sdk-for-net\sdk\blueprint\Microsoft.Azure.Management.Blueprint\tests\ScenarioTests\BlueprintTests.cs(517,33): error CS0518: Predefined type 'System.Void' is not defined or imported
C:\gh\azure-sdk-for-net\sdk\blueprint\Microsoft.Azure.Management.Blueprint\tests\ScenarioTests\BlueprintTests.cs(519,17): error CS0518: Predefined type 'System.String' is not defined or imported
C:\gh\azure-sdk-for-net\sdk\blueprint\Microsoft.Azure.Management.Blueprint\tests\ScenarioTests\BlueprintTests.cs(519,31): error CS0518: Predefined type 'System.String' is not defined or imported
C:\gh\azure-sdk-for-net\sdk\blueprint\Microsoft.Azure.Management.Blueprint\tests\ScenarioTests\BlueprintTests.cs(520,17): error CS0518: Predefined type 'System.String' is not defined or imported
C:\gh\azure-sdk-for-net\sdk\blueprint\Microsoft.Azure.Management.Blueprint\tests\ScenarioTests\BlueprintTests.cs(520,31): error CS0518: Predefined type 'System.Object' is not defined or imported
C:\gh\azure-sdk-for-net\sdk\blueprint\Microsoft.Azure.Management.Blueprint\tests\ScenarioTests\BlueprintTests.cs(520,63): error CS0518: Predefined type 'System.String' is not defined or imported
C:\gh\azure-sdk-for-net\sdk\blueprint\Microsoft.Azure.Management.Blueprint\tests\ScenarioTests\BlueprintTests.cs(521,17): error CS0012: The type 'IDictionary<,>' is defined in an assembly that is not referenced. You must add a reference to assembly 'mscorlib, Version=4.0.0.0, Culture=neutral, PublicKeyToken=b77a5c561934e089'.
C:\gh\azure-sdk-for-net\sdk\blueprint\Microsoft.Azure.Management.Blueprint\tests\ScenarioTests\BlueprintTests.cs(521,38): error CS0518: Predefined type 'System.Object' is not defined or imported
C:\gh\azure-sdk-for-net\sdk\blueprint\Microsoft.Azure.Management.Blueprint\tests\ScenarioTests\BlueprintTests.cs(521,62): error CS0518: Predefined type 'System.Object' is not defined or imported
C:\gh\azure-sdk-for-net\sdk\blueprint\Microsoft.Azure.Management.Blueprint\tests\ScenarioTests\BlueprintTests.cs(521,38): error CS0518: Predefined type 'System.Void' is not defined or imported
C:\gh\azure-sdk-for-net\sdk\blueprint\Microsoft.Azure.Management.Blueprint\tests\ScenarioTests\BlueprintTests.cs(522,17): error CS0518: Predefined type 'System.Collections.IEnumerable' is not defined or imported
C:\gh\azure-sdk-for-net\sdk\blueprint\Microsoft.Azure.Management.Blueprint\tests\ScenarioTests\BlueprintTests.cs(522,17): error CS0012: The type 'Dictionary<,>' is defined in an assembly that is not referenced. You must add a reference to assembly 'mscorlib, Version=4.0.0.0, Culture=neutral, PublicKeyToken=b77a5c561934e089'.
C:\gh\azure-sdk-for-net\sdk\blueprint\Microsoft.Azure.Management.Blueprint\tests\ScenarioTests\BlueprintTests.cs(522,17): error CS1922: Cannot initialize type 'OrdinalStringDictionary<ResourceGroupDefinition>' with a collection initializer because it does not implement 'System.Collections.IEnumerable'
C:\gh\azure-sdk-for-net\sdk\blueprint\Microsoft.Azure.Management.Blueprint\tests\ScenarioTests\BlueprintTests.cs(523,23): error CS0518: Predefined type 'System.String' is not defined or imported
C:\gh\azure-sdk-for-net\sdk\blueprint\Microsoft.Azure.Management.Blueprint\tests\ScenarioTests\BlueprintTests.cs(523,48): error CS0518: Predefined type 'System.Object' is not defined or imported
C:\gh\azure-sdk-for-net\sdk\blueprint\Microsoft.Azure.Management.Blueprint\tests\ScenarioTests\BlueprintTests.cs(523,48): error CS0518: Predefined type 'System.Void' is not defined or imported
C:\gh\azure-sdk-for-net\sdk\blueprint\Microsoft.Azure.Management.Blueprint\tests\ScenarioTests\BlueprintTests.cs(523,73): error CS0518: Predefined type 'System.String' is not defined or imported
C:\gh\azure-sdk-for-net\sdk\blueprint\Microsoft.Azure.Management.Blueprint\tests\ScenarioTests\BlueprintTests.cs(523,85): error CS0518: Predefined type 'System.String' is not defined or imported
C:\gh\azure-sdk-for-net\sdk\blueprint\Microsoft.Azure.Management.Blueprint\tests\ScenarioTests\BlueprintTests.cs(523,107): error CS0518: Predefined type 'System.String' is not defined or imported
C:\gh\azure-sdk-for-net\sdk\blueprint\Microsoft.Azure.Management.Blueprint\tests\ScenarioTests\BlueprintTests.cs(523,121): error CS0518: Predefined type 'System.String' is not defined or imported
C:\gh\azure-sdk-for-net\sdk\blueprint\Microsoft.Azure.Management.Blueprint\tests\ScenarioTests\BlueprintTests.cs(525,17): error CS0012: The type 'IDictionary<,>' is defined in an assembly that is not referenced. You must add a reference to assembly 'mscorlib, Version=4.0.0.0, Culture=neutral, PublicKeyToken=b77a5c561934e089'.
C:\gh\azure-sdk-for-net\sdk\blueprint\Microsoft.Azure.Management.Blueprint\tests\ScenarioTests\BlueprintTests.cs(525,34): error CS0518: Predefined type 'System.Object' is not defined or imported
C:\gh\azure-sdk-for-net\sdk\blueprint\Microsoft.Azure.Management.Blueprint\tests\ScenarioTests\BlueprintTests.cs(525,58): error CS0518: Predefined type 'System.Object' is not defined or imported
C:\gh\azure-sdk-for-net\sdk\blueprint\Microsoft.Azure.Management.Blueprint\tests\ScenarioTests\BlueprintTests.cs(525,34): error CS0518: Predefined type 'System.Void' is not defined or imported
C:\gh\azure-sdk-for-net\sdk\blueprint\Microsoft.Azure.Management.Blueprint\tests\ScenarioTests\BlueprintTests.cs(526,17): error CS0518: Predefined type 'System.Collections.IEnumerable' is not defined or imported
C:\gh\azure-sdk-for-net\sdk\blueprint\Microsoft.Azure.Management.Blueprint\tests\ScenarioTests\BlueprintTests.cs(526,17): error CS0012: The type 'Dictionary<,>' is defined in an assembly that is not referenced. You must add a reference to assembly 'mscorlib, Version=4.0.0.0, Culture=neutral, PublicKeyToken=b77a5c561934e089'.
C:\gh\azure-sdk-for-net\sdk\blueprint\Microsoft.Azure.Management.Blueprint\tests\ScenarioTests\BlueprintTests.cs(526,17): error CS1922: Cannot initialize type 'OrdinalStringDictionary<ParameterDefinition>' with a collection initializer because it does not implement 'System.Collections.IEnumerable'
C:\gh\azure-sdk-for-net\sdk\blueprint\Microsoft.Azure.Management.Blueprint\tests\ScenarioTests\BlueprintTests.cs(527,23): error CS0518: Predefined type 'System.String' is not defined or imported
C:\gh\azure-sdk-for-net\sdk\blueprint\Microsoft.Azure.Management.Blueprint\tests\ScenarioTests\BlueprintTests.cs(527,39): error CS0518: Predefined type 'System.Object' is not defined or imported
C:\gh\azure-sdk-for-net\sdk\blueprint\Microsoft.Azure.Management.Blueprint\tests\ScenarioTests\BlueprintTests.cs(527,39): error CS0518: Predefined type 'System.Void' is not defined or imported
C:\gh\azure-sdk-for-net\sdk\blueprint\Microsoft.Azure.Management.Blueprint\tests\ScenarioTests\BlueprintTests.cs(527,61): error CS0518: Predefined type 'System.String' is not defined or imported
C:\gh\azure-sdk-for-net\sdk\blueprint\Microsoft.Azure.Management.Blueprint\tests\ScenarioTests\BlueprintTests.cs(527,68): error CS0518: Predefined type 'System.Object' is not defined or imported
C:\gh\azure-sdk-for-net\sdk\blueprint\Microsoft.Azure.Management.Blueprint\tests\ScenarioTests\BlueprintTests.cs(527,103): error CS0518: Predefined type 'System.String' is not defined or imported
C:\gh\azure-sdk-for-net\sdk\blueprint\Microsoft.Azure.Management.Blueprint\tests\ScenarioTests\BlueprintTests.cs(527,111): error CS0518: Predefined type 'System.String' is not defined or imported
C:\gh\azure-sdk-for-net\sdk\blueprint\Microsoft.Azure.Management.Blueprint\tests\ScenarioTests\BlueprintTests.cs(527,123): error CS0518: Predefined type 'System.String' is not defined or imported
C:\gh\azure-sdk-for-net\sdk\blueprint\Microsoft.Azure.Management.Blueprint\tests\ScenarioTests\BlueprintTests.cs(527,162): error CS0518: Predefined type 'System.String' is not defined or imported
C:\gh\azure-sdk-for-net\sdk\blueprint\Microsoft.Azure.Management.Blueprint\tests\ScenarioTests\BlueprintTests.cs(527,176): error CS0518: Predefined type 'System.String' is not defined or imported
C:\gh\azure-sdk-for-net\sdk\blueprint\Microsoft.Azure.Management.Blueprint\tests\ScenarioTests\BlueprintTests.cs(527,219): error CS0012: The type 'Object' is defined in an assembly that is not referenced. You must add a reference to assembly 'mscorlib, Version=4.0.0.0, Culture=neutral, PublicKeyToken=b77a5c561934e089'.
C:\gh\azure-sdk-for-net\sdk\blueprint\Microsoft.Azure.Management.Blueprint\tests\ScenarioTests\BlueprintTests.cs(527,234): error CS0518: Predefined type 'System.String' is not defined or imported
C:\gh\azure-sdk-for-net\sdk\blueprint\Microsoft.Azure.Management.Blueprint\tests\ScenarioTests\BlueprintTests.cs(528,23): error CS0518: Predefined type 'System.String' is not defined or imported
C:\gh\azure-sdk-for-net\sdk\blueprint\Microsoft.Azure.Management.Blueprint\tests\ScenarioTests\BlueprintTests.cs(528,46): error CS0518: Predefined type 'System.Object' is not defined or imported
C:\gh\azure-sdk-for-net\sdk\blueprint\Microsoft.Azure.Management.Blueprint\tests\ScenarioTests\BlueprintTests.cs(528,46): error CS0518: Predefined type 'System.Void' is not defined or imported
C:\gh\azure-sdk-for-net\sdk\blueprint\Microsoft.Azure.Management.Blueprint\tests\ScenarioTests\BlueprintTests.cs(528,68): error CS0518: Predefined type 'System.String' is not defined or imported
C:\gh\azure-sdk-for-net\sdk\blueprint\Microsoft.Azure.Management.Blueprint\tests\ScenarioTests\BlueprintTests.cs(528,75): error CS0518: Predefined type 'System.Object' is not defined or imported
C:\gh\azure-sdk-for-net\sdk\blueprint\Microsoft.Azure.Management.Blueprint\tests\ScenarioTests\BlueprintTests.cs(528,110): error CS0518: Predefined type 'System.String' is not defined or imported
C:\gh\azure-sdk-for-net\sdk\blueprint\Microsoft.Azure.Management.Blueprint\tests\ScenarioTests\BlueprintTests.cs(528,118): error CS0518: Predefined type 'System.String' is not defined or imported
C:\gh\azure-sdk-for-net\sdk\blueprint\Microsoft.Azure.Management.Blueprint\tests\ScenarioTests\BlueprintTests.cs(528,130): error CS0518: Predefined type 'System.String' is not defined or imported
C:\gh\azure-sdk-for-net\sdk\blueprint\Microsoft.Azure.Management.Blueprint\tests\ScenarioTests\BlueprintTests.cs(528,150): error CS0518: Predefined type 'System.String' is not defined or imported
C:\gh\azure-sdk-for-net\sdk\blueprint\Microsoft.Azure.Management.Blueprint\tests\ScenarioTests\BlueprintTests.cs(528,164): error CS0518: Predefined type 'System.String' is not defined or imported
C:\gh\azure-sdk-for-net\sdk\blueprint\Microsoft.Azure.Management.Blueprint\tests\ScenarioTests\BlueprintTests.cs(528,223): error CS0012: The type 'Object' is defined in an assembly that is not referenced. You must add a reference to assembly 'mscorlib, Version=4.0.0.0, Culture=neutral, PublicKeyToken=b77a5c561934e089'.
C:\gh\azure-sdk-for-net\sdk\blueprint\Microsoft.Azure.Management.Blueprint\tests\ScenarioTests\BlueprintTests.cs(528,238): error CS0518: Predefined type 'System.String' is not defined or imported
C:\gh\azure-sdk-for-net\sdk\blueprint\Microsoft.Azure.Management.Blueprint\tests\ScenarioTests\BlueprintTests.cs(529,23): error CS0518: Predefined type 'System.String' is not defined or imported
C:\gh\azure-sdk-for-net\sdk\blueprint\Microsoft.Azure.Management.Blueprint\tests\ScenarioTests\BlueprintTests.cs(529,48): error CS0518: Predefined type 'System.Object' is not defined or imported
C:\gh\azure-sdk-for-net\sdk\blueprint\Microsoft.Azure.Management.Blueprint\tests\ScenarioTests\BlueprintTests.cs(529,48): error CS0518: Predefined type 'System.Void' is not defined or imported
C:\gh\azure-sdk-for-net\sdk\blueprint\Microsoft.Azure.Management.Blueprint\tests\ScenarioTests\BlueprintTests.cs(529,70): error CS0518: Predefined type 'System.String' is not defined or imported
C:\gh\azure-sdk-for-net\sdk\blueprint\Microsoft.Azure.Management.Blueprint\tests\ScenarioTests\BlueprintTests.cs(529,77): error CS0518: Predefined type 'System.Object' is not defined or imported
C:\gh\azure-sdk-for-net\sdk\blueprint\Microsoft.Azure.Management.Blueprint\tests\ScenarioTests\BlueprintTests.cs(529,112): error CS0518: Predefined type 'System.String' is not defined or imported
C:\gh\azure-sdk-for-net\sdk\blueprint\Microsoft.Azure.Management.Blueprint\tests\ScenarioTests\BlueprintTests.cs(529,120): error CS0518: Predefined type 'System.String' is not defined or imported
C:\gh\azure-sdk-for-net\sdk\blueprint\Microsoft.Azure.Management.Blueprint\tests\ScenarioTests\BlueprintTests.cs(529,132): error CS0518: Predefined type 'System.String' is not defined or imported
C:\gh\azure-sdk-for-net\sdk\blueprint\Microsoft.Azure.Management.Blueprint\tests\ScenarioTests\BlueprintTests.cs(529,154): error CS0518: Predefined type 'System.String' is not defined or imported
C:\gh\azure-sdk-for-net\sdk\blueprint\Microsoft.Azure.Management.Blueprint\tests\ScenarioTests\BlueprintTests.cs(529,168): error CS0518: Predefined type 'System.String' is not defined or imported
C:\gh\azure-sdk-for-net\sdk\blueprint\Microsoft.Azure.Management.Blueprint\tests\ScenarioTests\BlueprintTests.cs(529,213): error CS0012: The type 'Object' is defined in an assembly that is not referenced. You must add a reference to assembly 'mscorlib, Version=4.0.0.0, Culture=neutral, PublicKeyToken=b77a5c561934e089'.
C:\gh\azure-sdk-for-net\sdk\blueprint\Microsoft.Azure.Management.Blueprint\tests\ScenarioTests\BlueprintTests.cs(529,228): error CS0518: Predefined type 'System.String' is not defined or imported
C:\gh\azure-sdk-for-net\sdk\blueprint\Microsoft.Azure.Management.Blueprint\tests\ScenarioTests\BlueprintTests.cs(537,24): error CS0518: Predefined type 'System.Object' is not defined or imported
C:\gh\azure-sdk-for-net\sdk\blueprint\Microsoft.Azure.Management.Blueprint\tests\ScenarioTests\BlueprintTests.cs(537,24): error CS0518: Predefined type 'System.Void' is not defined or imported
C:\gh\azure-sdk-for-net\sdk\blueprint\Microsoft.Azure.Management.Blueprint\tests\ScenarioTests\BlueprintTests.cs(539,17): error CS0518: Predefined type 'System.String' is not defined or imported
C:\gh\azure-sdk-for-net\sdk\blueprint\Microsoft.Azure.Management.Blueprint\tests\ScenarioTests\BlueprintTests.cs(539,31): error CS0518: Predefined type 'System.String' is not defined or imported
C:\gh\azure-sdk-for-net\sdk\blueprint\Microsoft.Azure.Management.Blueprint\tests\ScenarioTests\BlueprintTests.cs(540,17): error CS0518: Predefined type 'System.String' is not defined or imported
C:\gh\azure-sdk-for-net\sdk\blueprint\Microsoft.Azure.Management.Blueprint\tests\ScenarioTests\BlueprintTests.cs(540,33): error CS0518: Predefined type 'System.String' is not defined or imported
C:\gh\azure-sdk-for-net\sdk\blueprint\Microsoft.Azure.Management.Blueprint\tests\ScenarioTests\BlueprintTests.cs(541,17): error CS0012: The type 'Object' is defined in an assembly that is not referenced. You must add a reference to assembly 'mscorlib, Version=4.0.0.0, Culture=neutral, PublicKeyToken=b77a5c561934e089'.
C:\gh\azure-sdk-for-net\sdk\blueprint\Microsoft.Azure.Management.Blueprint\tests\ScenarioTests\BlueprintTests.cs(541,28): error CS0518: Predefined type 'System.Object' is not defined or imported
C:\gh\azure-sdk-for-net\sdk\blueprint\Microsoft.Azure.Management.Blueprint\tests\ScenarioTests\BlueprintTests.cs(541,28): error CS0103: The name 'JObject' does not exist in the current context
C:\gh\azure-sdk-for-net\sdk\blueprint\Microsoft.Azure.Management.Blueprint\tests\ScenarioTests\BlueprintTests.cs(541,42): error CS0518: Predefined type 'System.Object' is not defined or imported
C:\gh\azure-sdk-for-net\sdk\blueprint\Microsoft.Azure.Management.Blueprint\tests\ScenarioTests\BlueprintTests.cs(541,42): error CS0103: The name 'File' does not exist in the current context
C:\gh\azure-sdk-for-net\sdk\blueprint\Microsoft.Azure.Management.Blueprint\tests\ScenarioTests\BlueprintTests.cs(541,59): error CS0518: Predefined type 'System.Object' is not defined or imported
C:\gh\azure-sdk-for-net\sdk\blueprint\Microsoft.Azure.Management.Blueprint\tests\ScenarioTests\BlueprintTests.cs(541,59): error CS0103: The name 'Path' does not exist in the current context
C:\gh\azure-sdk-for-net\sdk\blueprint\Microsoft.Azure.Management.Blueprint\tests\ScenarioTests\BlueprintTests.cs(541,72): error CS0518: Predefined type 'System.String' is not defined or imported
C:\gh\azure-sdk-for-net\sdk\blueprint\Microsoft.Azure.Management.Blueprint\tests\ScenarioTests\BlueprintTests.cs(541,80): error CS0518: Predefined type 'System.String' is not defined or imported
C:\gh\azure-sdk-for-net\sdk\blueprint\Microsoft.Azure.Management.Blueprint\tests\ScenarioTests\BlueprintTests.cs(542,17): error CS0012: The type 'IDictionary<,>' is defined in an assembly that is not referenced. You must add a reference to assembly 'mscorlib, Version=4.0.0.0, Culture=neutral, PublicKeyToken=b77a5c561934e089'.
C:\gh\azure-sdk-for-net\sdk\blueprint\Microsoft.Azure.Management.Blueprint\tests\ScenarioTests\BlueprintTests.cs(542,34): error CS0518: Predefined type 'System.Object' is not defined or imported
C:\gh\azure-sdk-for-net\sdk\blueprint\Microsoft.Azure.Management.Blueprint\tests\ScenarioTests\BlueprintTests.cs(542,58): error CS0518: Predefined type 'System.Object' is not defined or imported
C:\gh\azure-sdk-for-net\sdk\blueprint\Microsoft.Azure.Management.Blueprint\tests\ScenarioTests\BlueprintTests.cs(542,34): error CS0518: Predefined type 'System.Void' is not defined or imported
C:\gh\azure-sdk-for-net\sdk\blueprint\Microsoft.Azure.Management.Blueprint\tests\ScenarioTests\BlueprintTests.cs(543,17): error CS0518: Predefined type 'System.Collections.IEnumerable' is not defined or imported
C:\gh\azure-sdk-for-net\sdk\blueprint\Microsoft.Azure.Management.Blueprint\tests\ScenarioTests\BlueprintTests.cs(543,17): error CS0012: The type 'Dictionary<,>' is defined in an assembly that is not referenced. You must add a reference to assembly 'mscorlib, Version=4.0.0.0, Culture=neutral, PublicKeyToken=b77a5c561934e089'.
C:\gh\azure-sdk-for-net\sdk\blueprint\Microsoft.Azure.Management.Blueprint\tests\ScenarioTests\BlueprintTests.cs(543,17): error CS1922: Cannot initialize type 'OrdinalStringDictionary<ParameterValue>' with a collection initializer because it does not implement 'System.Collections.IEnumerable'
C:\gh\azure-sdk-for-net\sdk\blueprint\Microsoft.Azure.Management.Blueprint\tests\ScenarioTests\BlueprintTests.cs(544,23): error CS0518: Predefined type 'System.String' is not defined or imported
C:\gh\azure-sdk-for-net\sdk\blueprint\Microsoft.Azure.Management.Blueprint\tests\ScenarioTests\BlueprintTests.cs(544,39): error CS0518: Predefined type 'System.Object' is not defined or imported
C:\gh\azure-sdk-for-net\sdk\blueprint\Microsoft.Azure.Management.Blueprint\tests\ScenarioTests\BlueprintTests.cs(544,39): error CS0518: Predefined type 'System.Void' is not defined or imported
C:\gh\azure-sdk-for-net\sdk\blueprint\Microsoft.Azure.Management.Blueprint\tests\ScenarioTests\BlueprintTests.cs(544,56): error CS0012: The type 'Object' is defined in an assembly that is not referenced. You must add a reference to assembly 'mscorlib, Version=4.0.0.0, Culture=neutral, PublicKeyToken=b77a5c561934e089'.
C:\gh\azure-sdk-for-net\sdk\blueprint\Microsoft.Azure.Management.Blueprint\tests\ScenarioTests\BlueprintTests.cs(544,63): error CS0518: Predefined type 'System.String' is not defined or imported
C:\gh\azure-sdk-for-net\sdk\blueprint\Microsoft.Azure.Management.Blueprint\tests\ScenarioTests\BlueprintTests.cs(545,23): error CS0518: Predefined type 'System.String' is not defined or imported
C:\gh\azure-sdk-for-net\sdk\blueprint\Microsoft.Azure.Management.Blueprint\tests\ScenarioTests\BlueprintTests.cs(545,39): error CS0518: Predefined type 'System.Object' is not defined or imported
C:\gh\azure-sdk-for-net\sdk\blueprint\Microsoft.Azure.Management.Blueprint\tests\ScenarioTests\BlueprintTests.cs(545,39): error CS0518: Predefined type 'System.Void' is not defined or imported
C:\gh\azure-sdk-for-net\sdk\blueprint\Microsoft.Azure.Management.Blueprint\tests\ScenarioTests\BlueprintTests.cs(545,56): error CS0012: The type 'Object' is defined in an assembly that is not referenced. You must add a reference to assembly 'mscorlib, Version=4.0.0.0, Culture=neutral, PublicKeyToken=b77a5c561934e089'.
C:\gh\azure-sdk-for-net\sdk\blueprint\Microsoft.Azure.Management.Blueprint\tests\ScenarioTests\BlueprintTests.cs(545,63): error CS0518: Predefined type 'System.String' is not defined or imported
C:\gh\azure-sdk-for-net\sdk\blueprint\Microsoft.Azure.Management.Blueprint\tests\ScenarioTests\BlueprintTests.cs(552,24): error CS0518: Predefined type 'System.Object' is not defined or imported
C:\gh\azure-sdk-for-net\sdk\blueprint\Microsoft.Azure.Management.Blueprint\tests\ScenarioTests\BlueprintTests.cs(552,24): error CS0518: Predefined type 'System.Void' is not defined or imported
C:\gh\azure-sdk-for-net\sdk\blueprint\Microsoft.Azure.Management.Blueprint\tests\ScenarioTests\BlueprintTests.cs(554,17): error CS0518: Predefined type 'System.String' is not defined or imported
C:\gh\azure-sdk-for-net\sdk\blueprint\Microsoft.Azure.Management.Blueprint\tests\ScenarioTests\BlueprintTests.cs(554,31): error CS0518: Predefined type 'System.String' is not defined or imported
C:\gh\azure-sdk-for-net\sdk\blueprint\Microsoft.Azure.Management.Blueprint\tests\ScenarioTests\BlueprintTests.cs(555,17): error CS0518: Predefined type 'System.String' is not defined or imported
C:\gh\azure-sdk-for-net\sdk\blueprint\Microsoft.Azure.Management.Blueprint\tests\ScenarioTests\BlueprintTests.cs(555,38): error CS0518: Predefined type 'System.String' is not defined or imported
C:\gh\azure-sdk-for-net\sdk\blueprint\Microsoft.Azure.Management.Blueprint\tests\ScenarioTests\BlueprintTests.cs(556,17): error CS0012: The type 'IDictionary<,>' is defined in an assembly that is not referenced. You must add a reference to assembly 'mscorlib, Version=4.0.0.0, Culture=neutral, PublicKeyToken=b77a5c561934e089'.
C:\gh\azure-sdk-for-net\sdk\blueprint\Microsoft.Azure.Management.Blueprint\tests\ScenarioTests\BlueprintTests.cs(556,34): error CS0518: Predefined type 'System.Object' is not defined or imported
C:\gh\azure-sdk-for-net\sdk\blueprint\Microsoft.Azure.Management.Blueprint\tests\ScenarioTests\BlueprintTests.cs(556,58): error CS0518: Predefined type 'System.Object' is not defined or imported
C:\gh\azure-sdk-for-net\sdk\blueprint\Microsoft.Azure.Management.Blueprint\tests\ScenarioTests\BlueprintTests.cs(556,34): error CS0518: Predefined type 'System.Void' is not defined or imported
C:\gh\azure-sdk-for-net\sdk\blueprint\Microsoft.Azure.Management.Blueprint\tests\ScenarioTests\BlueprintTests.cs(557,17): error CS0518: Predefined type 'System.Collections.IEnumerable' is not defined or imported
C:\gh\azure-sdk-for-net\sdk\blueprint\Microsoft.Azure.Management.Blueprint\tests\ScenarioTests\BlueprintTests.cs(557,17): error CS0012: The type 'Dictionary<,>' is defined in an assembly that is not referenced. You must add a reference to assembly 'mscorlib, Version=4.0.0.0, Culture=neutral, PublicKeyToken=b77a5c561934e089'.
C:\gh\azure-sdk-for-net\sdk\blueprint\Microsoft.Azure.Management.Blueprint\tests\ScenarioTests\BlueprintTests.cs(557,17): error CS1922: Cannot initialize type 'OrdinalStringDictionary<ParameterValue>' with a collection initializer because it does not implement 'System.Collections.IEnumerable'
C:\gh\azure-sdk-for-net\sdk\blueprint\Microsoft.Azure.Management.Blueprint\tests\ScenarioTests\BlueprintTests.cs(558,23): error CS0518: Predefined type 'System.String' is not defined or imported
C:\gh\azure-sdk-for-net\sdk\blueprint\Microsoft.Azure.Management.Blueprint\tests\ScenarioTests\BlueprintTests.cs(558,38): error CS0518: Predefined type 'System.Object' is not defined or imported
C:\gh\azure-sdk-for-net\sdk\blueprint\Microsoft.Azure.Management.Blueprint\tests\ScenarioTests\BlueprintTests.cs(558,38): error CS0518: Predefined type 'System.Void' is not defined or imported
C:\gh\azure-sdk-for-net\sdk\blueprint\Microsoft.Azure.Management.Blueprint\tests\ScenarioTests\BlueprintTests.cs(558,55): error CS0012: The type 'Object' is defined in an assembly that is not referenced. You must add a reference to assembly 'mscorlib, Version=4.0.0.0, Culture=neutral, PublicKeyToken=b77a5c561934e089'.
C:\gh\azure-sdk-for-net\sdk\blueprint\Microsoft.Azure.Management.Blueprint\tests\ScenarioTests\BlueprintTests.cs(558,62): error CS0518: Predefined type 'System.String' is not defined or imported
C:\gh\azure-sdk-for-net\sdk\blueprint\Microsoft.Azure.Management.Blueprint\tests\ScenarioTests\BlueprintTests.cs(559,23): error CS0518: Predefined type 'System.String' is not defined or imported
C:\gh\azure-sdk-for-net\sdk\blueprint\Microsoft.Azure.Management.Blueprint\tests\ScenarioTests\BlueprintTests.cs(559,39): error CS0518: Predefined type 'System.Object' is not defined or imported
C:\gh\azure-sdk-for-net\sdk\blueprint\Microsoft.Azure.Management.Blueprint\tests\ScenarioTests\BlueprintTests.cs(559,39): error CS0518: Predefined type 'System.Void' is not defined or imported
C:\gh\azure-sdk-for-net\sdk\blueprint\Microsoft.Azure.Management.Blueprint\tests\ScenarioTests\BlueprintTests.cs(559,56): error CS0012: The type 'Object' is defined in an assembly that is not referenced. You must add a reference to assembly 'mscorlib, Version=4.0.0.0, Culture=neutral, PublicKeyToken=b77a5c561934e089'.
C:\gh\azure-sdk-for-net\sdk\blueprint\Microsoft.Azure.Management.Blueprint\tests\ScenarioTests\BlueprintTests.cs(559,63): error CS0518: Predefined type 'System.String' is not defined or imported
C:\gh\azure-sdk-for-net\sdk\blueprint\Microsoft.Azure.Management.Blueprint\tests\ScenarioTests\BlueprintTests.cs(566,24): error CS0518: Predefined type 'System.Object' is not defined or imported
C:\gh\azure-sdk-for-net\sdk\blueprint\Microsoft.Azure.Management.Blueprint\tests\ScenarioTests\BlueprintTests.cs(566,24): error CS0518: Predefined type 'System.Void' is not defined or imported
C:\gh\azure-sdk-for-net\sdk\blueprint\Microsoft.Azure.Management.Blueprint\tests\ScenarioTests\BlueprintTests.cs(568,17): error CS0518: Predefined type 'System.String' is not defined or imported
C:\gh\azure-sdk-for-net\sdk\blueprint\Microsoft.Azure.Management.Blueprint\tests\ScenarioTests\BlueprintTests.cs(568,31): error CS0518: Predefined type 'System.String' is not defined or imported
C:\gh\azure-sdk-for-net\sdk\blueprint\Microsoft.Azure.Management.Blueprint\tests\ScenarioTests\BlueprintTests.cs(569,17): error CS0518: Predefined type 'System.String' is not defined or imported
C:\gh\azure-sdk-for-net\sdk\blueprint\Microsoft.Azure.Management.Blueprint\tests\ScenarioTests\BlueprintTests.cs(569,36): error CS0518: Predefined type 'System.String' is not defined or imported
C:\gh\azure-sdk-for-net\sdk\blueprint\Microsoft.Azure.Management.Blueprint\tests\ScenarioTests\BlueprintTests.cs(570,17): error CS0012: The type 'Object' is defined in an assembly that is not referenced. You must add a reference to assembly 'mscorlib, Version=4.0.0.0, Culture=neutral, PublicKeyToken=b77a5c561934e089'.
C:\gh\azure-sdk-for-net\sdk\blueprint\Microsoft.Azure.Management.Blueprint\tests\ScenarioTests\BlueprintTests.cs(570,36): error CS0518: Predefined type 'System.String' is not defined or imported
C:\gh\azure-sdk-for-net\sdk\blueprint\Microsoft.Azure.Management.Blueprint\tests\ScenarioTests\BlueprintTests.cs(571,21): error CS0518: Predefined type 'System.String' is not defined or imported
C:\gh\azure-sdk-for-net\sdk\blueprint\Microsoft.Azure.Management.Blueprint\tests\ScenarioTests\BlueprintTests.cs(572,21): error CS0518: Predefined type 'System.String' is not defined or imported
C:\gh\azure-sdk-for-net\sdk\blueprint\Microsoft.Azure.Management.Blueprint\tests\ScenarioTests\BlueprintTests.cs(570,32): error CS0518: Predefined type 'System.Int32' is not defined or imported
C:\gh\azure-sdk-for-net\sdk\blueprint\Microsoft.Azure.Management.Blueprint\tests\ScenarioTests\BlueprintTests.cs(20,18): error CS1729: 'object' does not contain a constructor that takes 0 arguments
C:\gh\azure-sdk-for-net\eng\mgmt\DisableTestRunParallel.cs(5,1): hidden CS8019: Unnecessary using directive.
C:\gh\azure-sdk-for-net\artifacts\obj\Microsoft.Azure.Management.Blueprint.Tests\Debug\netcoreapp2.0\.NETCoreApp,Version=v2.0.AssemblyAttributes.cs(2,1): hidden CS8019: Unnecessary using directive.
C:\gh\azure-sdk-for-net\sdk\blueprint\Microsoft.Azure.Management.Blueprint\tests\ScenarioTests\BlueprintTests.cs(10,5): hidden CS8019: Unnecessary using directive.
C:\gh\azure-sdk-for-net\eng\mgmt\DisableTestRunParallel.cs(4,1): hidden CS8019: Unnecessary using directive.
C:\gh\azure-sdk-for-net\sdk\blueprint\Microsoft.Azure.Management.Blueprint\tests\BlueprintTestBase.cs(15,5): hidden CS8019: Unnecessary using directive.
C:\gh\azure-sdk-for-net\artifacts\obj\Microsoft.Azure.Management.Blueprint.Tests\Debug\netcoreapp2.0\.NETCoreApp,Version=v2.0.AssemblyAttributes.cs(3,1): hidden CS8019: Unnecessary using directive.
C:\gh\azure-sdk-for-net\artifacts\obj\Microsoft.Azure.Management.Blueprint.Tests\Debug\netcoreapp2.0\Microsoft.Azure.Management.Blueprint.Tests.AssemblyInfo.cs(12,1): hidden CS8019: Unnecessary using directive.
C:\gh\azure-sdk-for-net\sdk\blueprint\Microsoft.Azure.Management.Blueprint\tests\ScenarioTests\BlueprintTests.cs(16,5): hidden CS8019: Unnecessary using directive.
C:\gh\azure-sdk-for-net\sdk\blueprint\Microsoft.Azure.Management.Blueprint\tests\BlueprintTestBase.cs(16,5): hidden CS8019: Unnecessary using directive.
C:\gh\azure-sdk-for-net\sdk\blueprint\Microsoft.Azure.Management.Blueprint\tests\BlueprintTestBase.cs(10,5): hidden CS8019: Unnecessary using directive.
C:\gh\azure-sdk-for-net\sdk\blueprint\Microsoft.Azure.Management.Blueprint\tests\BlueprintTestBase.cs(6,5): hidden CS8019: Unnecessary using directive.
C:\gh\azure-sdk-for-net\sdk\blueprint\Microsoft.Azure.Management.Blueprint\tests\BlueprintTestBase.cs(8,5): hidden CS8019: Unnecessary using directive.
C:\gh\azure-sdk-for-net\sdk\blueprint\Microsoft.Azure.Management.Blueprint\tests\BlueprintTestBase.cs(12,5): hidden CS8019: Unnecessary using directive.
C:\gh\azure-sdk-for-net\sdk\blueprint\Microsoft.Azure.Management.Blueprint\tests\ScenarioTests\BlueprintTests.cs(13,5): hidden CS8019: Unnecessary using directive.
C:\gh\azure-sdk-for-net\sdk\blueprint\Microsoft.Azure.Management.Blueprint\tests\ScenarioTests\BlueprintTests.cs(17,5): hidden CS8019: Unnecessary using directive.
C:\gh\azure-sdk-for-net\sdk\blueprint\Microsoft.Azure.Management.Blueprint\tests\ScenarioTests\BlueprintTests.cs(18,5): hidden CS8019: Unnecessary using directive.
C:\gh\azure-sdk-for-net\sdk\blueprint\Microsoft.Azure.Management.Blueprint\tests\BlueprintTestBase.cs(9,5): hidden CS8019: Unnecessary using directive.
C:\gh\azure-sdk-for-net\sdk\blueprint\Microsoft.Azure.Management.Blueprint\tests\ScenarioTests\BlueprintTests.cs(12,5): hidden CS8019: Unnecessary using directive.
C:\gh\azure-sdk-for-net\sdk\blueprint\Microsoft.Azure.Management.Blueprint\tests\ScenarioTests\BlueprintTests.cs(14,5): hidden CS8019: Unnecessary using directive.
C:\gh\azure-sdk-for-net\sdk\blueprint\Microsoft.Azure.Management.Blueprint\tests\ScenarioTests\BlueprintTests.cs(11,5): hidden CS8019: Unnecessary using directive.
C:\gh\azure-sdk-for-net\artifacts\obj\Microsoft.Azure.Management.Blueprint.Tests\Debug\netcoreapp2.0\Microsoft.Azure.Management.Blueprint.Tests.AssemblyInfo.cs(11,1): hidden CS8019: Unnecessary using directive.
C:\gh\azure-sdk-for-net\sdk\blueprint\Microsoft.Azure.Management.Blueprint\tests\BlueprintTestBase.cs(13,5): hidden CS8019: Unnecessary using directive.
C:\gh\azure-sdk-for-net\sdk\blueprint\Microsoft.Azure.Management.Blueprint\tests\ScenarioTests\BlueprintTests.cs(15,5): hidden CS8019: Unnecessary using directive.
C:\gh\azure-sdk-for-net\sdk\blueprint\Microsoft.Azure.Management.Blueprint\tests\BlueprintTestBase.cs(14,5): hidden CS8019: Unnecessary using directive.
C:\gh\azure-sdk-for-net\sdk\blueprint\Microsoft.Azure.Management.Blueprint\tests\BlueprintTestBase.cs(7,5): hidden CS8019: Unnecessary using directive.
C:\gh\azure-sdk-for-net\sdk\blueprint\Microsoft.Azure.Management.Blueprint\tests\ScenarioTests\BlueprintTests.cs(9,5): hidden CS8019: Unnecessary using directive.
C:\gh\azure-sdk-for-net\sdk\blueprint\Microsoft.Azure.Management.Blueprint\tests\BlueprintTestBase.cs(17,5): hidden CS8019: Unnecessary using directive.
