C:\gh\azure-sdk-for-net\sdk\digitaltwins\Azure.DigitalTwins.Core\tests\FakeTokenCredential.cs(14,40): error CS0246: The type or namespace name 'TokenCredential' could not be found (are you missing a using directive or an assembly reference?)
C:\gh\azure-sdk-for-net\sdk\digitaltwins\Azure.DigitalTwins.Core\tests\FakeTokenCredential.cs(21,62): error CS0246: The type or namespace name 'TokenRequestContext' could not be found (are you missing a using directive or an assembly reference?)
C:\gh\azure-sdk-for-net\sdk\digitaltwins\Azure.DigitalTwins.Core\tests\FakeTokenCredential.cs(21,25): error CS0246: The type or namespace name 'ValueTask<>' could not be found (are you missing a using directive or an assembly reference?)
C:\gh\azure-sdk-for-net\sdk\digitaltwins\Azure.DigitalTwins.Core\tests\FakeTokenCredential.cs(21,35): error CS0246: The type or namespace name 'AccessToken' could not be found (are you missing a using directive or an assembly reference?)
C:\gh\azure-sdk-for-net\sdk\digitaltwins\Azure.DigitalTwins.Core\tests\E2eTestBase.cs(16,6): error CS0246: The type or namespace name 'ParallelizableAttribute' could not be found (are you missing a using directive or an assembly reference?)
C:\gh\azure-sdk-for-net\sdk\digitaltwins\Azure.DigitalTwins.Core\tests\E2eTestBase.cs(16,6): error CS0246: The type or namespace name 'Parallelizable' could not be found (are you missing a using directive or an assembly reference?)
C:\gh\azure-sdk-for-net\sdk\digitaltwins\Azure.DigitalTwins.Core\tests\E2eTestBase.cs(16,21): error CS0103: The name 'ParallelScope' does not exist in the current context
C:\gh\azure-sdk-for-net\sdk\digitaltwins\Azure.DigitalTwins.Core\tests\FakeTokenCredential.cs(16,46): error CS0246: The type or namespace name 'TokenRequestContext' could not be found (are you missing a using directive or an assembly reference?)
C:\gh\azure-sdk-for-net\sdk\digitaltwins\Azure.DigitalTwins.Core\tests\FakeTokenCredential.cs(16,25): error CS0246: The type or namespace name 'AccessToken' could not be found (are you missing a using directive or an assembly reference?)
C:\gh\azure-sdk-for-net\sdk\digitaltwins\Azure.DigitalTwins.Core\tests\ComponentTests.cs(196,10): error CS0246: The type or namespace name 'TestAttribute' could not be found (are you missing a using directive or an assembly reference?)
C:\gh\azure-sdk-for-net\sdk\digitaltwins\Azure.DigitalTwins.Core\tests\ComponentTests.cs(196,10): error CS0246: The type or namespace name 'Test' could not be found (are you missing a using directive or an assembly reference?)
C:\gh\azure-sdk-for-net\sdk\digitaltwins\Azure.DigitalTwins.Core\tests\DigitalTwinRelationshipTests.cs(926,10): error CS0246: The type or namespace name 'TestAttribute' could not be found (are you missing a using directive or an assembly reference?)
C:\gh\azure-sdk-for-net\sdk\digitaltwins\Azure.DigitalTwins.Core\tests\DigitalTwinRelationshipTests.cs(926,10): error CS0246: The type or namespace name 'Test' could not be found (are you missing a using directive or an assembly reference?)
C:\gh\azure-sdk-for-net\sdk\digitaltwins\Azure.DigitalTwins.Core\tests\ModelsTests.cs(136,10): error CS0246: The type or namespace name 'TestAttribute' could not be found (are you missing a using directive or an assembly reference?)
C:\gh\azure-sdk-for-net\sdk\digitaltwins\Azure.DigitalTwins.Core\tests\ModelsTests.cs(136,10): error CS0246: The type or namespace name 'Test' could not be found (are you missing a using directive or an assembly reference?)
C:\gh\azure-sdk-for-net\sdk\digitaltwins\Azure.DigitalTwins.Core\tests\DigitalTwinTests.cs(466,10): error CS0246: The type or namespace name 'TestAttribute' could not be found (are you missing a using directive or an assembly reference?)
C:\gh\azure-sdk-for-net\sdk\digitaltwins\Azure.DigitalTwins.Core\tests\DigitalTwinTests.cs(466,10): error CS0246: The type or namespace name 'Test' could not be found (are you missing a using directive or an assembly reference?)
C:\gh\azure-sdk-for-net\sdk\digitaltwins\Azure.DigitalTwins.Core\tests\EventRouteTests.cs(25,10): error CS0246: The type or namespace name 'TestAttribute' could not be found (are you missing a using directive or an assembly reference?)
C:\gh\azure-sdk-for-net\sdk\digitaltwins\Azure.DigitalTwins.Core\tests\EventRouteTests.cs(25,10): error CS0246: The type or namespace name 'Test' could not be found (are you missing a using directive or an assembly reference?)
C:\gh\azure-sdk-for-net\sdk\digitaltwins\Azure.DigitalTwins.Core\tests\ModelsTests.cs(84,10): error CS0246: The type or namespace name 'TestAttribute' could not be found (are you missing a using directive or an assembly reference?)
C:\gh\azure-sdk-for-net\sdk\digitaltwins\Azure.DigitalTwins.Core\tests\ModelsTests.cs(84,10): error CS0246: The type or namespace name 'Test' could not be found (are you missing a using directive or an assembly reference?)
C:\gh\azure-sdk-for-net\sdk\digitaltwins\Azure.DigitalTwins.Core\tests\DigitalTwinTests.cs(401,10): error CS0246: The type or namespace name 'TestAttribute' could not be found (are you missing a using directive or an assembly reference?)
C:\gh\azure-sdk-for-net\sdk\digitaltwins\Azure.DigitalTwins.Core\tests\DigitalTwinTests.cs(401,10): error CS0246: The type or namespace name 'Test' could not be found (are you missing a using directive or an assembly reference?)
C:\gh\azure-sdk-for-net\sdk\digitaltwins\Azure.DigitalTwins.Core\tests\ComponentTests.cs(101,10): error CS0246: The type or namespace name 'TestAttribute' could not be found (are you missing a using directive or an assembly reference?)
C:\gh\azure-sdk-for-net\sdk\digitaltwins\Azure.DigitalTwins.Core\tests\ComponentTests.cs(101,10): error CS0246: The type or namespace name 'Test' could not be found (are you missing a using directive or an assembly reference?)
C:\gh\azure-sdk-for-net\sdk\digitaltwins\Azure.DigitalTwins.Core\tests\ModelsTests.cs(24,10): error CS0246: The type or namespace name 'TestAttribute' could not be found (are you missing a using directive or an assembly reference?)
C:\gh\azure-sdk-for-net\sdk\digitaltwins\Azure.DigitalTwins.Core\tests\ModelsTests.cs(24,10): error CS0246: The type or namespace name 'Test' could not be found (are you missing a using directive or an assembly reference?)
C:\gh\azure-sdk-for-net\sdk\digitaltwins\Azure.DigitalTwins.Core\tests\TestObjectSerializer.cs(18,41): error CS0246: The type or namespace name 'ObjectSerializer' could not be found (are you missing a using directive or an assembly reference?)
C:\gh\azure-sdk-for-net\sdk\digitaltwins\Azure.DigitalTwins.Core\tests\TestObjectSerializer.cs(46,31): error CS0246: The type or namespace name 'ValueTask' could not be found (are you missing a using directive or an assembly reference?)
C:\gh\azure-sdk-for-net\sdk\digitaltwins\Azure.DigitalTwins.Core\tests\TestObjectSerializer.cs(20,24): error CS0246: The type or namespace name 'JsonObjectSerializer' could not be found (are you missing a using directive or an assembly reference?)
C:\gh\azure-sdk-for-net\sdk\digitaltwins\Azure.DigitalTwins.Core\tests\DigitalTwinRelationshipTests.cs(816,10): error CS0246: The type or namespace name 'TestAttribute' could not be found (are you missing a using directive or an assembly reference?)
C:\gh\azure-sdk-for-net\sdk\digitaltwins\Azure.DigitalTwins.Core\tests\DigitalTwinRelationshipTests.cs(816,10): error CS0246: The type or namespace name 'Test' could not be found (are you missing a using directive or an assembly reference?)
C:\gh\azure-sdk-for-net\sdk\digitaltwins\Azure.DigitalTwins.Core\tests\QueryTests.cs(181,10): error CS0246: The type or namespace name 'TestAttribute' could not be found (are you missing a using directive or an assembly reference?)
C:\gh\azure-sdk-for-net\sdk\digitaltwins\Azure.DigitalTwins.Core\tests\QueryTests.cs(181,10): error CS0246: The type or namespace name 'Test' could not be found (are you missing a using directive or an assembly reference?)
C:\gh\azure-sdk-for-net\sdk\digitaltwins\Azure.DigitalTwins.Core\tests\TestObjectSerializer.cs(34,31): error CS0246: The type or namespace name 'ValueTask<>' could not be found (are you missing a using directive or an assembly reference?)
C:\gh\azure-sdk-for-net\sdk\digitaltwins\Azure.DigitalTwins.Core\tests\DigitalTwinTests.cs(333,10): error CS0246: The type or namespace name 'TestAttribute' could not be found (are you missing a using directive or an assembly reference?)
C:\gh\azure-sdk-for-net\sdk\digitaltwins\Azure.DigitalTwins.Core\tests\DigitalTwinTests.cs(333,10): error CS0246: The type or namespace name 'Test' could not be found (are you missing a using directive or an assembly reference?)
C:\gh\azure-sdk-for-net\sdk\digitaltwins\Azure.DigitalTwins.Core\tests\PublishTelemetryTests.cs(27,10): error CS0246: The type or namespace name 'TestAttribute' could not be found (are you missing a using directive or an assembly reference?)
C:\gh\azure-sdk-for-net\sdk\digitaltwins\Azure.DigitalTwins.Core\tests\PublishTelemetryTests.cs(27,10): error CS0246: The type or namespace name 'Test' could not be found (are you missing a using directive or an assembly reference?)
C:\gh\azure-sdk-for-net\sdk\digitaltwins\Azure.DigitalTwins.Core\tests\ComponentTests.cs(20,10): error CS0246: The type or namespace name 'TestAttribute' could not be found (are you missing a using directive or an assembly reference?)
C:\gh\azure-sdk-for-net\sdk\digitaltwins\Azure.DigitalTwins.Core\tests\ComponentTests.cs(20,10): error CS0246: The type or namespace name 'Test' could not be found (are you missing a using directive or an assembly reference?)
C:\gh\azure-sdk-for-net\sdk\digitaltwins\Azure.DigitalTwins.Core\tests\QueryTests.cs(98,10): error CS0246: The type or namespace name 'TestAttribute' could not be found (are you missing a using directive or an assembly reference?)
C:\gh\azure-sdk-for-net\sdk\digitaltwins\Azure.DigitalTwins.Core\tests\QueryTests.cs(98,10): error CS0246: The type or namespace name 'Test' could not be found (are you missing a using directive or an assembly reference?)
C:\gh\azure-sdk-for-net\sdk\digitaltwins\Azure.DigitalTwins.Core\tests\DigitalTwinRelationshipTests.cs(693,10): error CS0246: The type or namespace name 'TestAttribute' could not be found (are you missing a using directive or an assembly reference?)
C:\gh\azure-sdk-for-net\sdk\digitaltwins\Azure.DigitalTwins.Core\tests\DigitalTwinRelationshipTests.cs(693,10): error CS0246: The type or namespace name 'Test' could not be found (are you missing a using directive or an assembly reference?)
C:\gh\azure-sdk-for-net\sdk\digitaltwins\Azure.DigitalTwins.Core\tests\DigitalTwinTests.cs(266,10): error CS0246: The type or namespace name 'TestAttribute' could not be found (are you missing a using directive or an assembly reference?)
C:\gh\azure-sdk-for-net\sdk\digitaltwins\Azure.DigitalTwins.Core\tests\DigitalTwinTests.cs(266,10): error CS0246: The type or namespace name 'Test' could not be found (are you missing a using directive or an assembly reference?)
C:\gh\azure-sdk-for-net\sdk\digitaltwins\Azure.DigitalTwins.Core\tests\QueryTests.cs(25,10): error CS0246: The type or namespace name 'TestAttribute' could not be found (are you missing a using directive or an assembly reference?)
C:\gh\azure-sdk-for-net\sdk\digitaltwins\Azure.DigitalTwins.Core\tests\QueryTests.cs(25,10): error CS0246: The type or namespace name 'Test' could not be found (are you missing a using directive or an assembly reference?)
C:\gh\azure-sdk-for-net\sdk\digitaltwins\Azure.DigitalTwins.Core\tests\DigitalTwinTests.cs(216,10): error CS0246: The type or namespace name 'TestAttribute' could not be found (are you missing a using directive or an assembly reference?)
C:\gh\azure-sdk-for-net\sdk\digitaltwins\Azure.DigitalTwins.Core\tests\DigitalTwinTests.cs(216,10): error CS0246: The type or namespace name 'Test' could not be found (are you missing a using directive or an assembly reference?)
C:\gh\azure-sdk-for-net\sdk\digitaltwins\Azure.DigitalTwins.Core\tests\DigitalTwinRelationshipTests.cs(580,10): error CS0246: The type or namespace name 'TestAttribute' could not be found (are you missing a using directive or an assembly reference?)
C:\gh\azure-sdk-for-net\sdk\digitaltwins\Azure.DigitalTwins.Core\tests\DigitalTwinRelationshipTests.cs(580,10): error CS0246: The type or namespace name 'Test' could not be found (are you missing a using directive or an assembly reference?)
C:\gh\azure-sdk-for-net\sdk\digitaltwins\Azure.DigitalTwins.Core\tests\DigitalTwinTests.cs(162,10): error CS0246: The type or namespace name 'TestAttribute' could not be found (are you missing a using directive or an assembly reference?)
C:\gh\azure-sdk-for-net\sdk\digitaltwins\Azure.DigitalTwins.Core\tests\DigitalTwinTests.cs(162,10): error CS0246: The type or namespace name 'Test' could not be found (are you missing a using directive or an assembly reference?)
C:\gh\azure-sdk-for-net\sdk\digitaltwins\Azure.DigitalTwins.Core\tests\DigitalTwinTests.cs(124,10): error CS0246: The type or namespace name 'TestAttribute' could not be found (are you missing a using directive or an assembly reference?)
C:\gh\azure-sdk-for-net\sdk\digitaltwins\Azure.DigitalTwins.Core\tests\DigitalTwinRelationshipTests.cs(479,10): error CS0246: The type or namespace name 'TestAttribute' could not be found (are you missing a using directive or an assembly reference?)
C:\gh\azure-sdk-for-net\sdk\digitaltwins\Azure.DigitalTwins.Core\tests\DigitalTwinTests.cs(124,10): error CS0246: The type or namespace name 'Test' could not be found (are you missing a using directive or an assembly reference?)
C:\gh\azure-sdk-for-net\sdk\digitaltwins\Azure.DigitalTwins.Core\tests\DigitalTwinRelationshipTests.cs(479,10): error CS0246: The type or namespace name 'Test' could not be found (are you missing a using directive or an assembly reference?)
C:\gh\azure-sdk-for-net\sdk\digitaltwins\Azure.DigitalTwins.Core\tests\DigitalTwinTests.cs(23,10): error CS0246: The type or namespace name 'TestAttribute' could not be found (are you missing a using directive or an assembly reference?)
C:\gh\azure-sdk-for-net\sdk\digitaltwins\Azure.DigitalTwins.Core\tests\DigitalTwinTests.cs(23,10): error CS0246: The type or namespace name 'Test' could not be found (are you missing a using directive or an assembly reference?)
C:\gh\azure-sdk-for-net\sdk\digitaltwins\Azure.DigitalTwins.Core\tests\DigitalTwinRelationshipTests.cs(380,10): error CS0246: The type or namespace name 'TestAttribute' could not be found (are you missing a using directive or an assembly reference?)
C:\gh\azure-sdk-for-net\sdk\digitaltwins\Azure.DigitalTwins.Core\tests\DigitalTwinRelationshipTests.cs(380,10): error CS0246: The type or namespace name 'Test' could not be found (are you missing a using directive or an assembly reference?)
C:\gh\azure-sdk-for-net\sdk\digitaltwins\Azure.DigitalTwins.Core\tests\DigitalTwinRelationshipTests.cs(257,10): error CS0246: The type or namespace name 'TestAttribute' could not be found (are you missing a using directive or an assembly reference?)
C:\gh\azure-sdk-for-net\sdk\digitaltwins\Azure.DigitalTwins.Core\tests\DigitalTwinRelationshipTests.cs(257,10): error CS0246: The type or namespace name 'Test' could not be found (are you missing a using directive or an assembly reference?)
C:\gh\azure-sdk-for-net\sdk\digitaltwins\Azure.DigitalTwins.Core\tests\DigitalTwinRelationshipTests.cs(31,10): error CS0246: The type or namespace name 'TestAttribute' could not be found (are you missing a using directive or an assembly reference?)
C:\gh\azure-sdk-for-net\sdk\digitaltwins\Azure.DigitalTwins.Core\tests\DigitalTwinRelationshipTests.cs(31,10): error CS0246: The type or namespace name 'Test' could not be found (are you missing a using directive or an assembly reference?)
C:\gh\azure-sdk-for-net\sdk\digitaltwins\Azure.DigitalTwins.Core\tests\BasicRelationshipUnitTests.cs(4,19): error CS0234: The type or namespace name 'Json' does not exist in the namespace 'System.Text' (are you missing an assembly reference?)
C:\gh\azure-sdk-for-net\sdk\digitaltwins\Azure.DigitalTwins.Core\tests\BasicRelationshipUnitTests.cs(5,7): error CS0246: The type or namespace name 'FluentAssertions' could not be found (are you missing a using directive or an assembly reference?)
C:\gh\azure-sdk-for-net\sdk\digitaltwins\Azure.DigitalTwins.Core\tests\BasicRelationshipUnitTests.cs(6,7): error CS0246: The type or namespace name 'NUnit' could not be found (are you missing a using directive or an assembly reference?)
C:\gh\azure-sdk-for-net\sdk\digitaltwins\Azure.DigitalTwins.Core\tests\ComponentTests.cs(8,7): error CS0246: The type or namespace name 'FluentAssertions' could not be found (are you missing a using directive or an assembly reference?)
C:\gh\azure-sdk-for-net\sdk\digitaltwins\Azure.DigitalTwins.Core\tests\ComponentTests.cs(9,7): error CS0246: The type or namespace name 'NUnit' could not be found (are you missing a using directive or an assembly reference?)
C:\gh\azure-sdk-for-net\sdk\digitaltwins\Azure.DigitalTwins.Core\tests\DigitalTwinClientTests.cs(5,7): error CS0246: The type or namespace name 'FluentAssertions' could not be found (are you missing a using directive or an assembly reference?)
C:\gh\azure-sdk-for-net\sdk\digitaltwins\Azure.DigitalTwins.Core\tests\DigitalTwinClientTests.cs(6,7): error CS0246: The type or namespace name 'NUnit' could not be found (are you missing a using directive or an assembly reference?)
C:\gh\azure-sdk-for-net\sdk\digitaltwins\Azure.DigitalTwins.Core\tests\DigitalTwinRelationshipTests.cs(8,7): error CS0246: The type or namespace name 'FluentAssertions' could not be found (are you missing a using directive or an assembly reference?)
C:\gh\azure-sdk-for-net\sdk\digitaltwins\Azure.DigitalTwins.Core\tests\DigitalTwinRelationshipTests.cs(9,7): error CS0246: The type or namespace name 'NUnit' could not be found (are you missing a using directive or an assembly reference?)
C:\gh\azure-sdk-for-net\sdk\digitaltwins\Azure.DigitalTwins.Core\tests\DigitalTwinTests.cs(8,7): error CS0246: The type or namespace name 'FluentAssertions' could not be found (are you missing a using directive or an assembly reference?)
C:\gh\azure-sdk-for-net\sdk\digitaltwins\Azure.DigitalTwins.Core\tests\DigitalTwinTests.cs(9,7): error CS0246: The type or namespace name 'NUnit' could not be found (are you missing a using directive or an assembly reference?)
C:\gh\azure-sdk-for-net\sdk\digitaltwins\Azure.DigitalTwins.Core\tests\E2eTestBase.cs(9,7): error CS0246: The type or namespace name 'NUnit' could not be found (are you missing a using directive or an assembly reference?)
C:\gh\azure-sdk-for-net\sdk\digitaltwins\Azure.DigitalTwins.Core\tests\EnsureCorrectTestMode.cs(8,7): error CS0246: The type or namespace name 'FluentAssertions' could not be found (are you missing a using directive or an assembly reference?)
C:\gh\azure-sdk-for-net\sdk\digitaltwins\Azure.DigitalTwins.Core\tests\EnsureCorrectTestMode.cs(9,17): error CS0234: The type or namespace name 'Extensions' does not exist in the namespace 'Microsoft' (are you missing an assembly reference?)
C:\gh\azure-sdk-for-net\sdk\digitaltwins\Azure.DigitalTwins.Core\tests\EnsureCorrectTestMode.cs(10,7): error CS0246: The type or namespace name 'NUnit' could not be found (are you missing a using directive or an assembly reference?)
C:\gh\azure-sdk-for-net\sdk\digitaltwins\Azure.DigitalTwins.Core\tests\EventRouteTests.cs(7,7): error CS0246: The type or namespace name 'FluentAssertions' could not be found (are you missing a using directive or an assembly reference?)
C:\gh\azure-sdk-for-net\sdk\digitaltwins\Azure.DigitalTwins.Core\tests\EventRouteTests.cs(8,7): error CS0246: The type or namespace name 'NUnit' could not be found (are you missing a using directive or an assembly reference?)
C:\gh\azure-sdk-for-net\sdk\digitaltwins\Azure.DigitalTwins.Core\tests\ModelsTests.cs(9,7): error CS0246: The type or namespace name 'FluentAssertions' could not be found (are you missing a using directive or an assembly reference?)
C:\gh\azure-sdk-for-net\sdk\digitaltwins\Azure.DigitalTwins.Core\tests\ModelsTests.cs(10,7): error CS0246: The type or namespace name 'NUnit' could not be found (are you missing a using directive or an assembly reference?)
C:\gh\azure-sdk-for-net\sdk\digitaltwins\Azure.DigitalTwins.Core\tests\PayloadHelperUnitTests.cs(6,19): error CS0234: The type or namespace name 'Json' does not exist in the namespace 'System.Text' (are you missing an assembly reference?)
C:\gh\azure-sdk-for-net\sdk\digitaltwins\Azure.DigitalTwins.Core\tests\PayloadHelperUnitTests.cs(8,7): error CS0246: The type or namespace name 'FluentAssertions' could not be found (are you missing a using directive or an assembly reference?)
C:\gh\azure-sdk-for-net\sdk\digitaltwins\Azure.DigitalTwins.Core\tests\PayloadHelperUnitTests.cs(9,7): error CS0246: The type or namespace name 'NUnit' could not be found (are you missing a using directive or an assembly reference?)
C:\gh\azure-sdk-for-net\sdk\digitaltwins\Azure.DigitalTwins.Core\tests\PublishTelemetryTests.cs(7,19): error CS0234: The type or namespace name 'Json' does not exist in the namespace 'System.Text' (are you missing an assembly reference?)
C:\gh\azure-sdk-for-net\sdk\digitaltwins\Azure.DigitalTwins.Core\tests\PublishTelemetryTests.cs(9,7): error CS0246: The type or namespace name 'FluentAssertions' could not be found (are you missing a using directive or an assembly reference?)
C:\gh\azure-sdk-for-net\sdk\digitaltwins\Azure.DigitalTwins.Core\tests\PublishTelemetryTests.cs(10,7): error CS0246: The type or namespace name 'NUnit' could not be found (are you missing a using directive or an assembly reference?)
C:\gh\azure-sdk-for-net\sdk\digitaltwins\Azure.DigitalTwins.Core\tests\QueryTests.cs(6,19): error CS0234: The type or namespace name 'Json' does not exist in the namespace 'System.Text' (are you missing an assembly reference?)
C:\gh\azure-sdk-for-net\sdk\digitaltwins\Azure.DigitalTwins.Core\tests\QueryTests.cs(10,7): error CS0246: The type or namespace name 'FluentAssertions' could not be found (are you missing a using directive or an assembly reference?)
C:\gh\azure-sdk-for-net\sdk\digitaltwins\Azure.DigitalTwins.Core\tests\QueryTests.cs(11,7): error CS0246: The type or namespace name 'NUnit' could not be found (are you missing a using directive or an assembly reference?)
C:\gh\azure-sdk-for-net\sdk\digitaltwins\Azure.DigitalTwins.Core\tests\TestAssetDefaults.cs(6,17): error CS0234: The type or namespace name 'Extensions' does not exist in the namespace 'Microsoft' (are you missing an assembly reference?)
C:\gh\azure-sdk-for-net\sdk\digitaltwins\Azure.DigitalTwins.Core\tests\TestAssetsHelper.cs(5,19): error CS0234: The type or namespace name 'Json' does not exist in the namespace 'System.Text' (are you missing an assembly reference?)
C:\gh\azure-sdk-for-net\sdk\digitaltwins\Azure.DigitalTwins.Core\tests\TestObjectSerializer.cs(11,18): error CS0234: The type or namespace name 'Serialization' does not exist in the namespace 'Azure.Core' (are you missing an assembly reference?)
C:\gh\azure-sdk-for-net\sdk\digitaltwins\Azure.DigitalTwins.Core\tests\TestSettings.cs(8,17): error CS0234: The type or namespace name 'Extensions' does not exist in the namespace 'Microsoft' (are you missing an assembly reference?)
C:\gh\azure-sdk-for-net\sdk\digitaltwins\Azure.DigitalTwins.Core\tests\BasicRelationshipUnitTests.cs(10,6): error CS0246: The type or namespace name 'CategoryAttribute' could not be found (are you missing a using directive or an assembly reference?)
C:\gh\azure-sdk-for-net\sdk\digitaltwins\Azure.DigitalTwins.Core\tests\BasicRelationshipUnitTests.cs(10,6): error CS0246: The type or namespace name 'Category' could not be found (are you missing a using directive or an assembly reference?)
C:\gh\azure-sdk-for-net\sdk\digitaltwins\Azure.DigitalTwins.Core\tests\BasicRelationshipUnitTests.cs(11,6): error CS0246: The type or namespace name 'ParallelizableAttribute' could not be found (are you missing a using directive or an assembly reference?)
C:\gh\azure-sdk-for-net\sdk\digitaltwins\Azure.DigitalTwins.Core\tests\BasicRelationshipUnitTests.cs(11,6): error CS0246: The type or namespace name 'Parallelizable' could not be found (are you missing a using directive or an assembly reference?)
C:\gh\azure-sdk-for-net\sdk\digitaltwins\Azure.DigitalTwins.Core\tests\BasicRelationshipUnitTests.cs(11,21): error CS0103: The name 'ParallelScope' does not exist in the current context
C:\gh\azure-sdk-for-net\sdk\digitaltwins\Azure.DigitalTwins.Core\tests\BasicRelationshipUnitTests.cs(14,10): error CS0246: The type or namespace name 'TestAttribute' could not be found (are you missing a using directive or an assembly reference?)
C:\gh\azure-sdk-for-net\sdk\digitaltwins\Azure.DigitalTwins.Core\tests\BasicRelationshipUnitTests.cs(14,10): error CS0246: The type or namespace name 'Test' could not be found (are you missing a using directive or an assembly reference?)
C:\gh\azure-sdk-for-net\sdk\digitaltwins\Azure.DigitalTwins.Core\tests\DigitalTwinClientTests.cs(10,6): error CS0246: The type or namespace name 'CategoryAttribute' could not be found (are you missing a using directive or an assembly reference?)
C:\gh\azure-sdk-for-net\sdk\digitaltwins\Azure.DigitalTwins.Core\tests\DigitalTwinClientTests.cs(10,6): error CS0246: The type or namespace name 'Category' could not be found (are you missing a using directive or an assembly reference?)
C:\gh\azure-sdk-for-net\sdk\digitaltwins\Azure.DigitalTwins.Core\tests\DigitalTwinClientTests.cs(11,6): error CS0246: The type or namespace name 'ParallelizableAttribute' could not be found (are you missing a using directive or an assembly reference?)
C:\gh\azure-sdk-for-net\sdk\digitaltwins\Azure.DigitalTwins.Core\tests\DigitalTwinClientTests.cs(11,6): error CS0246: The type or namespace name 'Parallelizable' could not be found (are you missing a using directive or an assembly reference?)
C:\gh\azure-sdk-for-net\sdk\digitaltwins\Azure.DigitalTwins.Core\tests\DigitalTwinClientTests.cs(11,21): error CS0103: The name 'ParallelScope' does not exist in the current context
C:\gh\azure-sdk-for-net\sdk\digitaltwins\Azure.DigitalTwins.Core\tests\DigitalTwinClientTests.cs(16,10): error CS0246: The type or namespace name 'TestAttribute' could not be found (are you missing a using directive or an assembly reference?)
C:\gh\azure-sdk-for-net\sdk\digitaltwins\Azure.DigitalTwins.Core\tests\DigitalTwinClientTests.cs(16,10): error CS0246: The type or namespace name 'Test' could not be found (are you missing a using directive or an assembly reference?)
C:\gh\azure-sdk-for-net\sdk\digitaltwins\Azure.DigitalTwins.Core\tests\TestObjectSerializer.cs(28,32): error CS0115: 'TestObjectSerializer.Deserialize(Stream, Type, CancellationToken)': no suitable method found to override
C:\gh\azure-sdk-for-net\sdk\digitaltwins\Azure.DigitalTwins.Core\tests\TestObjectSerializer.cs(34,49): error CS0115: 'TestObjectSerializer.DeserializeAsync(Stream, Type, CancellationToken)': no suitable method found to override
C:\gh\azure-sdk-for-net\sdk\digitaltwins\Azure.DigitalTwins.Core\tests\TestObjectSerializer.cs(40,30): error CS0115: 'TestObjectSerializer.Serialize(Stream, object, Type, CancellationToken)': no suitable method found to override
C:\gh\azure-sdk-for-net\sdk\digitaltwins\Azure.DigitalTwins.Core\tests\TestObjectSerializer.cs(46,41): error CS0115: 'TestObjectSerializer.SerializeAsync(Stream, object, Type, CancellationToken)': no suitable method found to override
C:\gh\azure-sdk-for-net\sdk\digitaltwins\Azure.DigitalTwins.Core\tests\E2eTestBase.cs(30,10): error CS0246: The type or namespace name 'SetUpAttribute' could not be found (are you missing a using directive or an assembly reference?)
C:\gh\azure-sdk-for-net\sdk\digitaltwins\Azure.DigitalTwins.Core\tests\E2eTestBase.cs(30,10): error CS0246: The type or namespace name 'SetUp' could not be found (are you missing a using directive or an assembly reference?)
C:\gh\azure-sdk-for-net\sdk\digitaltwins\Azure.DigitalTwins.Core\tests\EnsureCorrectTestMode.cs(14,6): error CS0246: The type or namespace name 'CategoryAttribute' could not be found (are you missing a using directive or an assembly reference?)
C:\gh\azure-sdk-for-net\sdk\digitaltwins\Azure.DigitalTwins.Core\tests\EnsureCorrectTestMode.cs(14,6): error CS0246: The type or namespace name 'Category' could not be found (are you missing a using directive or an assembly reference?)
C:\gh\azure-sdk-for-net\sdk\digitaltwins\Azure.DigitalTwins.Core\tests\EnsureCorrectTestMode.cs(15,6): error CS0246: The type or namespace name 'ParallelizableAttribute' could not be found (are you missing a using directive or an assembly reference?)
C:\gh\azure-sdk-for-net\sdk\digitaltwins\Azure.DigitalTwins.Core\tests\EnsureCorrectTestMode.cs(15,6): error CS0246: The type or namespace name 'Parallelizable' could not be found (are you missing a using directive or an assembly reference?)
C:\gh\azure-sdk-for-net\sdk\digitaltwins\Azure.DigitalTwins.Core\tests\EnsureCorrectTestMode.cs(15,21): error CS0103: The name 'ParallelScope' does not exist in the current context
C:\gh\azure-sdk-for-net\sdk\digitaltwins\Azure.DigitalTwins.Core\tests\PayloadHelperUnitTests.cs(13,6): error CS0246: The type or namespace name 'CategoryAttribute' could not be found (are you missing a using directive or an assembly reference?)
C:\gh\azure-sdk-for-net\sdk\digitaltwins\Azure.DigitalTwins.Core\tests\PayloadHelperUnitTests.cs(13,6): error CS0246: The type or namespace name 'Category' could not be found (are you missing a using directive or an assembly reference?)
C:\gh\azure-sdk-for-net\sdk\digitaltwins\Azure.DigitalTwins.Core\tests\PayloadHelperUnitTests.cs(14,6): error CS0246: The type or namespace name 'ParallelizableAttribute' could not be found (are you missing a using directive or an assembly reference?)
C:\gh\azure-sdk-for-net\sdk\digitaltwins\Azure.DigitalTwins.Core\tests\PayloadHelperUnitTests.cs(14,6): error CS0246: The type or namespace name 'Parallelizable' could not be found (are you missing a using directive or an assembly reference?)
C:\gh\azure-sdk-for-net\sdk\digitaltwins\Azure.DigitalTwins.Core\tests\PayloadHelperUnitTests.cs(14,21): error CS0103: The name 'ParallelScope' does not exist in the current context
C:\gh\azure-sdk-for-net\sdk\digitaltwins\Azure.DigitalTwins.Core\tests\EventRouteTests.cs(77,10): error CS0246: The type or namespace name 'TestAttribute' could not be found (are you missing a using directive or an assembly reference?)
C:\gh\azure-sdk-for-net\sdk\digitaltwins\Azure.DigitalTwins.Core\tests\EventRouteTests.cs(77,10): error CS0246: The type or namespace name 'Test' could not be found (are you missing a using directive or an assembly reference?)
C:\gh\azure-sdk-for-net\sdk\digitaltwins\Azure.DigitalTwins.Core\tests\ModelsTests.cs(108,10): error CS0246: The type or namespace name 'TestAttribute' could not be found (are you missing a using directive or an assembly reference?)
C:\gh\azure-sdk-for-net\sdk\digitaltwins\Azure.DigitalTwins.Core\tests\ModelsTests.cs(108,10): error CS0246: The type or namespace name 'Test' could not be found (are you missing a using directive or an assembly reference?)
C:\gh\azure-sdk-for-net\sdk\digitaltwins\Azure.DigitalTwins.Core\tests\DigitalTwinTests.cs(90,10): error CS0246: The type or namespace name 'TestAttribute' could not be found (are you missing a using directive or an assembly reference?)
C:\gh\azure-sdk-for-net\sdk\digitaltwins\Azure.DigitalTwins.Core\tests\DigitalTwinTests.cs(90,10): error CS0246: The type or namespace name 'Test' could not be found (are you missing a using directive or an assembly reference?)
C:\gh\azure-sdk-for-net\sdk\digitaltwins\Azure.DigitalTwins.Core\tests\EventRouteTests.cs(91,10): error CS0246: The type or namespace name 'TestAttribute' could not be found (are you missing a using directive or an assembly reference?)
C:\gh\azure-sdk-for-net\sdk\digitaltwins\Azure.DigitalTwins.Core\tests\EventRouteTests.cs(91,10): error CS0246: The type or namespace name 'Test' could not be found (are you missing a using directive or an assembly reference?)
C:\gh\azure-sdk-for-net\sdk\digitaltwins\Azure.DigitalTwins.Core\tests\PayloadHelperUnitTests.cs(17,10): error CS0246: The type or namespace name 'TestAttribute' could not be found (are you missing a using directive or an assembly reference?)
C:\gh\azure-sdk-for-net\sdk\digitaltwins\Azure.DigitalTwins.Core\tests\PayloadHelperUnitTests.cs(17,10): error CS0246: The type or namespace name 'Test' could not be found (are you missing a using directive or an assembly reference?)
C:\gh\azure-sdk-for-net\sdk\digitaltwins\Azure.DigitalTwins.Core\tests\EnsureCorrectTestMode.cs(18,10): error CS0246: The type or namespace name 'TestAttribute' could not be found (are you missing a using directive or an assembly reference?)
C:\gh\azure-sdk-for-net\sdk\digitaltwins\Azure.DigitalTwins.Core\tests\EnsureCorrectTestMode.cs(18,10): error CS0246: The type or namespace name 'Test' could not be found (are you missing a using directive or an assembly reference?)
C:\gh\azure-sdk-for-net\sdk\digitaltwins\Azure.DigitalTwins.Core\tests\ModelsTests.cs(122,10): error CS0246: The type or namespace name 'TestAttribute' could not be found (are you missing a using directive or an assembly reference?)
C:\gh\azure-sdk-for-net\sdk\digitaltwins\Azure.DigitalTwins.Core\tests\ModelsTests.cs(122,10): error CS0246: The type or namespace name 'Test' could not be found (are you missing a using directive or an assembly reference?)
C:\gh\azure-sdk-for-net\sdk\digitaltwins\Azure.DigitalTwins.Core\tests\DigitalTwinTests.cs(107,10): error CS0246: The type or namespace name 'TestAttribute' could not be found (are you missing a using directive or an assembly reference?)
C:\gh\azure-sdk-for-net\sdk\digitaltwins\Azure.DigitalTwins.Core\tests\DigitalTwinTests.cs(107,10): error CS0246: The type or namespace name 'Test' could not be found (are you missing a using directive or an assembly reference?)
C:\gh\azure-sdk-for-net\sdk\digitaltwins\Azure.DigitalTwins.Core\tests\PayloadHelperUnitTests.cs(40,10): error CS0246: The type or namespace name 'TestAttribute' could not be found (are you missing a using directive or an assembly reference?)
C:\gh\azure-sdk-for-net\sdk\digitaltwins\Azure.DigitalTwins.Core\tests\PayloadHelperUnitTests.cs(40,10): error CS0246: The type or namespace name 'Test' could not be found (are you missing a using directive or an assembly reference?)
C:\gh\azure-sdk-for-net\sdk\digitaltwins\Azure.DigitalTwins.Core\tests\FakeTokenCredential.cs(18,24): error CS0246: The type or namespace name 'AccessToken' could not be found (are you missing a using directive or an assembly reference?)
C:\gh\azure-sdk-for-net\sdk\digitaltwins\Azure.DigitalTwins.Core\tests\DigitalTwinClientTests.cs(19,50): error CS0122: 'DigitalTwinsClient.GetAuthorizationScopes()' is inaccessible due to its protection level
C:\gh\azure-sdk-for-net\sdk\digitaltwins\Azure.DigitalTwins.Core\tests\DigitalTwinClientTests.cs(20,27): error CS1061: 'int' does not contain a definition for 'Should' and no accessible extension method 'Should' accepting a first argument of type 'int' could be found (are you missing a using directive or an assembly reference?)
C:\gh\azure-sdk-for-net\sdk\digitaltwins\Azure.DigitalTwins.Core\tests\DigitalTwinClientTests.cs(21,28): error CS1061: 'string' does not contain a definition for 'Should' and no accessible extension method 'Should' accepting a first argument of type 'string' could be found (are you missing a using directive or an assembly reference?)
C:\gh\azure-sdk-for-net\sdk\digitaltwins\Azure.DigitalTwins.Core\tests\BasicRelationshipUnitTests.cs(35,40): error CS0103: The name 'JsonSerializer' does not exist in the current context
C:\gh\azure-sdk-for-net\sdk\digitaltwins\Azure.DigitalTwins.Core\tests\BasicRelationshipUnitTests.cs(39,20): error CS0518: Predefined type 'System.String' is not defined or imported
C:\gh\azure-sdk-for-net\sdk\digitaltwins\Azure.DigitalTwins.Core\tests\BasicRelationshipUnitTests.cs(40,20): error CS0518: Predefined type 'System.String' is not defined or imported
C:\gh\azure-sdk-for-net\sdk\digitaltwins\Azure.DigitalTwins.Core\tests\BasicRelationshipUnitTests.cs(41,20): error CS0518: Predefined type 'System.String' is not defined or imported
C:\gh\azure-sdk-for-net\sdk\digitaltwins\Azure.DigitalTwins.Core\tests\BasicRelationshipUnitTests.cs(42,20): error CS0518: Predefined type 'System.String' is not defined or imported
C:\gh\azure-sdk-for-net\sdk\digitaltwins\Azure.DigitalTwins.Core\tests\BasicRelationshipUnitTests.cs(43,20): error CS0246: The type or namespace name 'IDictionary<,>' could not be found (are you missing a using directive or an assembly reference?)
C:\gh\azure-sdk-for-net\sdk\digitaltwins\Azure.DigitalTwins.Core\tests\FakeTokenCredential.cs(23,24): error CS0246: The type or namespace name 'ValueTask<>' could not be found (are you missing a using directive or an assembly reference?)
C:\gh\azure-sdk-for-net\sdk\digitaltwins\Azure.DigitalTwins.Core\tests\FakeTokenCredential.cs(23,34): error CS0246: The type or namespace name 'AccessToken' could not be found (are you missing a using directive or an assembly reference?)
C:\gh\azure-sdk-for-net\sdk\digitaltwins\Azure.DigitalTwins.Core\tests\FakeTokenCredential.cs(23,51): error CS0246: The type or namespace name 'AccessToken' could not be found (are you missing a using directive or an assembly reference?)
C:\gh\azure-sdk-for-net\sdk\digitaltwins\Azure.DigitalTwins.Core\tests\E2eTestBase.cs(39,17): error CS0246: The type or namespace name 'ClientOptions' could not be found (are you missing a using directive or an assembly reference?)
C:\gh\azure-sdk-for-net\sdk\digitaltwins\Azure.DigitalTwins.Core\tests\E2eTestBase.cs(41,31): error CS0518: Predefined type 'System.Void' is not defined or imported
C:\gh\azure-sdk-for-net\sdk\digitaltwins\Azure.DigitalTwins.Core\tests\E2eTestBase.cs(47,37): error CS0012: The type 'TokenCredential' is defined in an assembly that is not referenced. You must add a reference to assembly 'Azure.Core, Version=1.4.1.0, Culture=neutral, PublicKeyToken=92742159e12e44c8'.
C:\gh\azure-sdk-for-net\sdk\digitaltwins\Azure.DigitalTwins.Core\tests\E2eTestBase.cs(48,21): error CS0311: The type 'Azure.DigitalTwins.Core.DigitalTwinsClientOptions' cannot be used as type parameter 'T' in the generic type or method 'RecordedTestBase.InstrumentClientOptions<T>(T)'. There is no implicit reference conversion from 'Azure.DigitalTwins.Core.DigitalTwinsClientOptions' to 'Azure.Core.ClientOptions'.
C:\gh\azure-sdk-for-net\sdk\digitaltwins\Azure.DigitalTwins.Core\tests\E2eTestBase.cs(48,21): error CS0012: The type 'ClientOptions' is defined in an assembly that is not referenced. You must add a reference to assembly 'Azure.Core, Version=1.4.1.0, Culture=neutral, PublicKeyToken=92742159e12e44c8'.
C:\gh\azure-sdk-for-net\sdk\digitaltwins\Azure.DigitalTwins.Core\tests\E2eTestBase.cs(45,21): error CS0518: Predefined type 'System.Void' is not defined or imported
C:\gh\azure-sdk-for-net\sdk\digitaltwins\Azure.DigitalTwins.Core\tests\EnsureCorrectTestMode.cs(31,50): error CS0246: The type or namespace name 'ConfigurationBuilder' could not be found (are you missing a using directive or an assembly reference?)
C:\gh\azure-sdk-for-net\sdk\digitaltwins\Azure.DigitalTwins.Core\tests\EnsureCorrectTestMode.cs(34,13): error CS0246: The type or namespace name 'IConfiguration' could not be found (are you missing a using directive or an assembly reference?)
C:\gh\azure-sdk-for-net\sdk\digitaltwins\Azure.DigitalTwins.Core\tests\E2eTestBase.cs(57,49): error CS0518: Predefined type 'System.Void' is not defined or imported
C:\gh\azure-sdk-for-net\sdk\digitaltwins\Azure.DigitalTwins.Core\tests\E2eTestBase.cs(54,21): error CS0518: Predefined type 'System.Void' is not defined or imported
C:\gh\azure-sdk-for-net\sdk\digitaltwins\Azure.DigitalTwins.Core\tests\PayloadHelperUnitTests.cs(29,38): error CS0122: 'PayloadHelper' is inaccessible due to its protection level
C:\gh\azure-sdk-for-net\sdk\digitaltwins\Azure.DigitalTwins.Core\tests\PayloadHelperUnitTests.cs(32,29): error CS1061: 'string' does not contain a definition for 'Should' and no accessible extension method 'Should' accepting a first argument of type 'string' could be found (are you missing a using directive or an assembly reference?)
C:\gh\azure-sdk-for-net\sdk\digitaltwins\Azure.DigitalTwins.Core\tests\PayloadHelperUnitTests.cs(33,13): error CS0246: The type or namespace name 'JsonDocument' could not be found (are you missing a using directive or an assembly reference?)
C:\gh\azure-sdk-for-net\sdk\digitaltwins\Azure.DigitalTwins.Core\tests\PayloadHelperUnitTests.cs(33,39): error CS0103: The name 'JsonDocument' does not exist in the current context
C:\gh\azure-sdk-for-net\sdk\digitaltwins\Azure.DigitalTwins.Core\tests\PayloadHelperUnitTests.cs(34,58): error CS0103: The name 'JsonValueKind' does not exist in the current context
C:\gh\azure-sdk-for-net\sdk\digitaltwins\Azure.DigitalTwins.Core\tests\E2eTestBase.cs(62,66): error CS0246: The type or namespace name 'Task<>' could not be found (are you missing a using directive or an assembly reference?)
C:\gh\azure-sdk-for-net\sdk\digitaltwins\Azure.DigitalTwins.Core\tests\TestSettings.cs(45,49): error CS0246: The type or namespace name 'ConfigurationBuilder' could not be found (are you missing a using directive or an assembly reference?)
C:\gh\azure-sdk-for-net\sdk\digitaltwins\Azure.DigitalTwins.Core\tests\TestSettings.cs(56,13): error CS0246: The type or namespace name 'IConfiguration' could not be found (are you missing a using directive or an assembly reference?)
C:\gh\azure-sdk-for-net\sdk\digitaltwins\Azure.DigitalTwins.Core\tests\PayloadHelperUnitTests.cs(43,32): error CS0122: 'PayloadHelper' is inaccessible due to its protection level
C:\gh\azure-sdk-for-net\sdk\digitaltwins\Azure.DigitalTwins.Core\tests\PayloadHelperUnitTests.cs(45,17): error CS1061: 'Action' does not contain a definition for 'Should' and no accessible extension method 'Should' accepting a first argument of type 'Action' could be found (are you missing a using directive or an assembly reference?)
C:\gh\azure-sdk-for-net\sdk\digitaltwins\Azure.DigitalTwins.Core\tests\E2eTestBase.cs(67,65): error CS0246: The type or namespace name 'Task<>' could not be found (are you missing a using directive or an assembly reference?)
C:\gh\azure-sdk-for-net\sdk\digitaltwins\Azure.DigitalTwins.Core\tests\TestObjectSerializer.cs(20,63): error CS0246: The type or namespace name 'JsonObjectSerializer' could not be found (are you missing a using directive or an assembly reference?)
C:\gh\azure-sdk-for-net\sdk\digitaltwins\Azure.DigitalTwins.Core\tests\TestObjectSerializer.cs(46,41): error CS0161: 'TestObjectSerializer.SerializeAsync(Stream, object, Type, CancellationToken)': not all code paths return a value
C:\gh\azure-sdk-for-net\sdk\digitaltwins\Azure.DigitalTwins.Core\tests\EventRouteTests.cs(35,34): error CS0518: Predefined type 'System.Void' is not defined or imported
C:\gh\azure-sdk-for-net\sdk\digitaltwins\Azure.DigitalTwins.Core\tests\EventRouteTests.cs(38,13): error CS0246: The type or namespace name 'Response' could not be found (are you missing a using directive or an assembly reference?)
C:\gh\azure-sdk-for-net\sdk\digitaltwins\Azure.DigitalTwins.Core\tests\EventRouteTests.cs(38,55): error CS0246: The type or namespace name 'Task<>' could not be found (are you missing a using directive or an assembly reference?)
C:\gh\azure-sdk-for-net\sdk\digitaltwins\Azure.DigitalTwins.Core\tests\EventRouteTests.cs(42,64): error CS0246: The type or namespace name 'Task<>' could not be found (are you missing a using directive or an assembly reference?)
C:\gh\azure-sdk-for-net\sdk\digitaltwins\Azure.DigitalTwins.Core\tests\EventRouteTests.cs(43,24): error CS0518: Predefined type 'System.String' is not defined or imported
C:\gh\azure-sdk-for-net\sdk\digitaltwins\Azure.DigitalTwins.Core\tests\EventRouteTests.cs(43,69): error CS0518: Predefined type 'System.String' is not defined or imported
C:\gh\azure-sdk-for-net\sdk\digitaltwins\Azure.DigitalTwins.Core\tests\EventRouteTests.cs(44,24): error CS0518: Predefined type 'System.String' is not defined or imported
C:\gh\azure-sdk-for-net\sdk\digitaltwins\Azure.DigitalTwins.Core\tests\EventRouteTests.cs(44,63): error CS0518: Predefined type 'System.String' is not defined or imported
C:\gh\azure-sdk-for-net\sdk\digitaltwins\Azure.DigitalTwins.Core\tests\EventRouteTests.cs(45,26): error CS1061: 'string' does not contain a definition for 'Should' and no accessible extension method 'Should' accepting a first argument of type 'string' could be found (are you missing a using directive or an assembly reference?)
C:\gh\azure-sdk-for-net\sdk\digitaltwins\Azure.DigitalTwins.Core\tests\EventRouteTests.cs(45,58): error CS0518: Predefined type 'System.String' is not defined or imported
C:\gh\azure-sdk-for-net\sdk\digitaltwins\Azure.DigitalTwins.Core\tests\EventRouteTests.cs(48,13): error CS0246: The type or namespace name 'AsyncPageable<>' could not be found (are you missing a using directive or an assembly reference?)
C:\gh\azure-sdk-for-net\sdk\digitaltwins\Azure.DigitalTwins.Core\tests\EventRouteTests.cs(48,68): error CS0246: The type or namespace name 'AsyncPageable<>' could not be found (are you missing a using directive or an assembly reference?)
C:\gh\azure-sdk-for-net\sdk\digitaltwins\Azure.DigitalTwins.Core\tests\EventRouteTests.cs(52,71): error CS0518: Predefined type 'System.String' is not defined or imported
C:\gh\azure-sdk-for-net\sdk\digitaltwins\Azure.DigitalTwins.Core\tests\EventRouteTests.cs(55,32): error CS0518: Predefined type 'System.String' is not defined or imported
C:\gh\azure-sdk-for-net\sdk\digitaltwins\Azure.DigitalTwins.Core\tests\EventRouteTests.cs(55,77): error CS0518: Predefined type 'System.String' is not defined or imported
C:\gh\azure-sdk-for-net\sdk\digitaltwins\Azure.DigitalTwins.Core\tests\EventRouteTests.cs(56,32): error CS0518: Predefined type 'System.String' is not defined or imported
C:\gh\azure-sdk-for-net\sdk\digitaltwins\Azure.DigitalTwins.Core\tests\EventRouteTests.cs(56,71): error CS0518: Predefined type 'System.String' is not defined or imported
C:\gh\azure-sdk-for-net\sdk\digitaltwins\Azure.DigitalTwins.Core\tests\EventRouteTests.cs(61,35): error CS1061: 'bool' does not contain a definition for 'Should' and no accessible extension method 'Should' accepting a first argument of type 'bool' could be found (are you missing a using directive or an assembly reference?)
C:\gh\azure-sdk-for-net\sdk\digitaltwins\Azure.DigitalTwins.Core\tests\EventRouteTests.cs(64,13): error CS0246: The type or namespace name 'Response' could not be found (are you missing a using directive or an assembly reference?)
C:\gh\azure-sdk-for-net\sdk\digitaltwins\Azure.DigitalTwins.Core\tests\EventRouteTests.cs(64,55): error CS0246: The type or namespace name 'Task<>' could not be found (are you missing a using directive or an assembly reference?)
C:\gh\azure-sdk-for-net\sdk\digitaltwins\Azure.DigitalTwins.Core\tests\EventRouteTests.cs(70,48): error CS0246: The type or namespace name 'Task<>' could not be found (are you missing a using directive or an assembly reference?)
C:\gh\azure-sdk-for-net\sdk\digitaltwins\Azure.DigitalTwins.Core\tests\EventRouteTests.cs(73,17): error CS1061: 'Func<Task>' does not contain a definition for 'Should' and no accessible extension method 'Should' accepting a first argument of type 'Func<Task>' could be found (are you missing a using directive or an assembly reference?)
C:\gh\azure-sdk-for-net\sdk\digitaltwins\Azure.DigitalTwins.Core\tests\EventRouteTests.cs(73,32): error CS0246: The type or namespace name 'RequestFailedException' could not be found (are you missing a using directive or an assembly reference?)
C:\gh\azure-sdk-for-net\sdk\digitaltwins\Azure.DigitalTwins.Core\tests\E2eTestBase.cs(80,24): error CS0246: The type or namespace name 'RequestFailedException' could not be found (are you missing a using directive or an assembly reference?)
C:\gh\azure-sdk-for-net\sdk\digitaltwins\Azure.DigitalTwins.Core\tests\TestAssetsHelper.cs(56,20): error CS0103: The name 'JsonSerializer' does not exist in the current context
C:\gh\azure-sdk-for-net\sdk\digitaltwins\Azure.DigitalTwins.Core\tests\ComponentTests.cs(46,23): error CS0246: The type or namespace name 'Task<>' could not be found (are you missing a using directive or an assembly reference?)
C:\gh\azure-sdk-for-net\sdk\digitaltwins\Azure.DigitalTwins.Core\tests\ComponentTests.cs(49,17): error CS0246: The type or namespace name 'Response<>' could not be found (are you missing a using directive or an assembly reference?)
C:\gh\azure-sdk-for-net\sdk\digitaltwins\Azure.DigitalTwins.Core\tests\ComponentTests.cs(49,63): error CS0246: The type or namespace name 'Task<>' could not be found (are you missing a using directive or an assembly reference?)
C:\gh\azure-sdk-for-net\sdk\digitaltwins\Azure.DigitalTwins.Core\tests\ComponentTests.cs(59,17): error CS0246: The type or namespace name 'JsonPatchDocument' could not be found (are you missing a using directive or an assembly reference?)
C:\gh\azure-sdk-for-net\sdk\digitaltwins\Azure.DigitalTwins.Core\tests\ComponentTests.cs(59,70): error CS0246: The type or namespace name 'JsonPatchDocument' could not be found (are you missing a using directive or an assembly reference?)
C:\gh\azure-sdk-for-net\sdk\digitaltwins\Azure.DigitalTwins.Core\tests\ComponentTests.cs(62,17): error CS0246: The type or namespace name 'Response' could not be found (are you missing a using directive or an assembly reference?)
C:\gh\azure-sdk-for-net\sdk\digitaltwins\Azure.DigitalTwins.Core\tests\ComponentTests.cs(62,58): error CS0246: The type or namespace name 'Task<>' could not be found (are you missing a using directive or an assembly reference?)
C:\gh\azure-sdk-for-net\sdk\digitaltwins\Azure.DigitalTwins.Core\tests\ComponentTests.cs(74,17): error CS0103: The name 'Assert' does not exist in the current context
C:\gh\azure-sdk-for-net\sdk\digitaltwins\Azure.DigitalTwins.Core\tests\ComponentTests.cs(83,31): error CS0246: The type or namespace name 'Task<>' could not be found (are you missing a using directive or an assembly reference?)
C:\gh\azure-sdk-for-net\sdk\digitaltwins\Azure.DigitalTwins.Core\tests\ComponentTests.cs(87,31): error CS0246: The type or namespace name 'Task<>' could not be found (are you missing a using directive or an assembly reference?)
C:\gh\azure-sdk-for-net\sdk\digitaltwins\Azure.DigitalTwins.Core\tests\ComponentTests.cs(91,31): error CS0246: The type or namespace name 'Task<>' could not be found (are you missing a using directive or an assembly reference?)
C:\gh\azure-sdk-for-net\sdk\digitaltwins\Azure.DigitalTwins.Core\tests\ComponentTests.cs(96,21): error CS0103: The name 'Assert' does not exist in the current context
C:\gh\azure-sdk-for-net\sdk\digitaltwins\Azure.DigitalTwins.Core\tests\DigitalTwinTests.cs(44,23): error CS0246: The type or namespace name 'Task<>' could not be found (are you missing a using directive or an assembly reference?)
C:\gh\azure-sdk-for-net\sdk\digitaltwins\Azure.DigitalTwins.Core\tests\DigitalTwinTests.cs(47,23): error CS0246: The type or namespace name 'Task<>' could not be found (are you missing a using directive or an assembly reference?)
C:\gh\azure-sdk-for-net\sdk\digitaltwins\Azure.DigitalTwins.Core\tests\DigitalTwinTests.cs(50,17): error CS0246: The type or namespace name 'JsonPatchDocument' could not be found (are you missing a using directive or an assembly reference?)
C:\gh\azure-sdk-for-net\sdk\digitaltwins\Azure.DigitalTwins.Core\tests\DigitalTwinTests.cs(50,65): error CS0246: The type or namespace name 'JsonPatchDocument' could not be found (are you missing a using directive or an assembly reference?)
C:\gh\azure-sdk-for-net\sdk\digitaltwins\Azure.DigitalTwins.Core\tests\DigitalTwinTests.cs(55,90): error CS0103: The name 'ETag' does not exist in the current context
C:\gh\azure-sdk-for-net\sdk\digitaltwins\Azure.DigitalTwins.Core\tests\DigitalTwinTests.cs(55,23): error CS0246: The type or namespace name 'Task<>' could not be found (are you missing a using directive or an assembly reference?)
C:\gh\azure-sdk-for-net\sdk\digitaltwins\Azure.DigitalTwins.Core\tests\DigitalTwinTests.cs(58,23): error CS0246: The type or namespace name 'Task<>' could not be found (are you missing a using directive or an assembly reference?)
C:\gh\azure-sdk-for-net\sdk\digitaltwins\Azure.DigitalTwins.Core\tests\DigitalTwinTests.cs(63,27): error CS0246: The type or namespace name 'Task<>' could not be found (are you missing a using directive or an assembly reference?)
C:\gh\azure-sdk-for-net\sdk\digitaltwins\Azure.DigitalTwins.Core\tests\DigitalTwinTests.cs(66,21): error CS1061: 'Func<Task>' does not contain a definition for 'Should' and no accessible extension method 'Should' accepting a first argument of type 'Func<Task>' could be found (are you missing a using directive or an assembly reference?)
C:\gh\azure-sdk-for-net\sdk\digitaltwins\Azure.DigitalTwins.Core\tests\DigitalTwinTests.cs(66,36): error CS0246: The type or namespace name 'RequestFailedException' could not be found (are you missing a using directive or an assembly reference?)
C:\gh\azure-sdk-for-net\sdk\digitaltwins\Azure.DigitalTwins.Core\tests\DigitalTwinTests.cs(71,17): error CS0103: The name 'Assert' does not exist in the current context
C:\gh\azure-sdk-for-net\sdk\digitaltwins\Azure.DigitalTwins.Core\tests\DigitalTwinTests.cs(80,31): error CS0246: The type or namespace name 'Task<>' could not be found (are you missing a using directive or an assembly reference?)
C:\gh\azure-sdk-for-net\sdk\digitaltwins\Azure.DigitalTwins.Core\tests\DigitalTwinTests.cs(85,21): error CS0103: The name 'Assert' does not exist in the current context
C:\gh\azure-sdk-for-net\sdk\digitaltwins\Azure.DigitalTwins.Core\tests\TestAssetsHelper.cs(62,20): error CS0103: The name 'JsonSerializer' does not exist in the current context
C:\gh\azure-sdk-for-net\sdk\digitaltwins\Azure.DigitalTwins.Core\tests\TestAssetsHelper.cs(70,20): error CS0103: The name 'JsonSerializer' does not exist in the current context
C:\gh\azure-sdk-for-net\sdk\digitaltwins\Azure.DigitalTwins.Core\tests\ModelsTests.cs(45,17): error CS0246: The type or namespace name 'Response<>' could not be found (are you missing a using directive or an assembly reference?)
C:\gh\azure-sdk-for-net\sdk\digitaltwins\Azure.DigitalTwins.Core\tests\ModelsTests.cs(45,71): error CS0246: The type or namespace name 'Task<>' could not be found (are you missing a using directive or an assembly reference?)
C:\gh\azure-sdk-for-net\sdk\digitaltwins\Azure.DigitalTwins.Core\tests\ModelsTests.cs(49,17): error CS0246: The type or namespace name 'AsyncPageable<>' could not be found (are you missing a using directive or an assembly reference?)
C:\gh\azure-sdk-for-net\sdk\digitaltwins\Azure.DigitalTwins.Core\tests\ModelsTests.cs(49,63): error CS0246: The type or namespace name 'AsyncPageable<>' could not be found (are you missing a using directive or an assembly reference?)
C:\gh\azure-sdk-for-net\sdk\digitaltwins\Azure.DigitalTwins.Core\tests\ModelsTests.cs(52,48): error CS0518: Predefined type 'System.String' is not defined or imported
C:\gh\azure-sdk-for-net\sdk\digitaltwins\Azure.DigitalTwins.Core\tests\ModelsTests.cs(56,23): error CS0246: The type or namespace name 'Task<>' could not be found (are you missing a using directive or an assembly reference?)
C:\gh\azure-sdk-for-net\sdk\digitaltwins\Azure.DigitalTwins.Core\tests\ModelsTests.cs(60,17): error CS0103: The name 'Assert' does not exist in the current context
C:\gh\azure-sdk-for-net\sdk\digitaltwins\Azure.DigitalTwins.Core\tests\ModelsTests.cs(67,27): error CS0246: The type or namespace name 'Task<>' could not be found (are you missing a using directive or an assembly reference?)
C:\gh\azure-sdk-for-net\sdk\digitaltwins\Azure.DigitalTwins.Core\tests\ModelsTests.cs(68,27): error CS0246: The type or namespace name 'Task<>' could not be found (are you missing a using directive or an assembly reference?)
C:\gh\azure-sdk-for-net\sdk\digitaltwins\Azure.DigitalTwins.Core\tests\ModelsTests.cs(69,27): error CS0246: The type or namespace name 'Task<>' could not be found (are you missing a using directive or an assembly reference?)
C:\gh\azure-sdk-for-net\sdk\digitaltwins\Azure.DigitalTwins.Core\tests\ModelsTests.cs(73,21): error CS0103: The name 'Assert' does not exist in the current context
C:\gh\azure-sdk-for-net\sdk\digitaltwins\Azure.DigitalTwins.Core\tests\EventRouteTests.cs(84,48): error CS0246: The type or namespace name 'Task<>' could not be found (are you missing a using directive or an assembly reference?)
C:\gh\azure-sdk-for-net\sdk\digitaltwins\Azure.DigitalTwins.Core\tests\EventRouteTests.cs(87,17): error CS1061: 'Func<Task>' does not contain a definition for 'Should' and no accessible extension method 'Should' accepting a first argument of type 'Func<Task>' could be found (are you missing a using directive or an assembly reference?)
C:\gh\azure-sdk-for-net\sdk\digitaltwins\Azure.DigitalTwins.Core\tests\EventRouteTests.cs(87,32): error CS0246: The type or namespace name 'RequestFailedException' could not be found (are you missing a using directive or an assembly reference?)
C:\gh\azure-sdk-for-net\sdk\digitaltwins\Azure.DigitalTwins.Core\tests\E2eTestBase.cs(101,19): error CS0246: The type or namespace name 'Task<>' could not be found (are you missing a using directive or an assembly reference?)
C:\gh\azure-sdk-for-net\sdk\digitaltwins\Azure.DigitalTwins.Core\tests\E2eTestBase.cs(104,13): error CS0246: The type or namespace name 'AsyncPageable<>' could not be found (are you missing a using directive or an assembly reference?)
C:\gh\azure-sdk-for-net\sdk\digitaltwins\Azure.DigitalTwins.Core\tests\E2eTestBase.cs(104,59): error CS0246: The type or namespace name 'AsyncPageable<>' could not be found (are you missing a using directive or an assembly reference?)
C:\gh\azure-sdk-for-net\sdk\digitaltwins\Azure.DigitalTwins.Core\tests\E2eTestBase.cs(107,44): error CS0518: Predefined type 'System.String' is not defined or imported
C:\gh\azure-sdk-for-net\sdk\digitaltwins\Azure.DigitalTwins.Core\tests\TestAssetsHelper.cs(80,20): error CS0103: The name 'JsonSerializer' does not exist in the current context
C:\gh\azure-sdk-for-net\sdk\digitaltwins\Azure.DigitalTwins.Core\tests\QueryTests.cs(44,23): error CS0246: The type or namespace name 'Task<>' could not be found (are you missing a using directive or an assembly reference?)
C:\gh\azure-sdk-for-net\sdk\digitaltwins\Azure.DigitalTwins.Core\tests\QueryTests.cs(51,17): error CS0246: The type or namespace name 'AsyncPageable<>' could not be found (are you missing a using directive or an assembly reference?)
C:\gh\azure-sdk-for-net\sdk\digitaltwins\Azure.DigitalTwins.Core\tests\QueryTests.cs(51,73): error CS0246: The type or namespace name 'AsyncPageable<>' could not be found (are you missing a using directive or an assembly reference?)
C:\gh\azure-sdk-for-net\sdk\digitaltwins\Azure.DigitalTwins.Core\tests\QueryTests.cs(57,50): error CS0246: The type or namespace name 'AsyncPageable<>' could not be found (are you missing a using directive or an assembly reference?)
C:\gh\azure-sdk-for-net\sdk\digitaltwins\Azure.DigitalTwins.Core\tests\QueryTests.cs(62,66): error CS0246: The type or namespace name 'IDictionary<,>' could not be found (are you missing a using directive or an assembly reference?)
C:\gh\azure-sdk-for-net\sdk\digitaltwins\Azure.DigitalTwins.Core\tests\QueryTests.cs(62,45): error CS0246: The type or namespace name 'JsonElement' could not be found (are you missing a using directive or an assembly reference?)
C:\gh\azure-sdk-for-net\sdk\digitaltwins\Azure.DigitalTwins.Core\tests\QueryTests.cs(63,36): error CS1061: 'bool' does not contain a definition for 'Should' and no accessible extension method 'Should' accepting a first argument of type 'bool' could be found (are you missing a using directive or an assembly reference?)
C:\gh\azure-sdk-for-net\sdk\digitaltwins\Azure.DigitalTwins.Core\tests\QueryTests.cs(75,34): error CS1061: 'bool' does not contain a definition for 'Should' and no accessible extension method 'Should' accepting a first argument of type 'bool' could be found (are you missing a using directive or an assembly reference?)
C:\gh\azure-sdk-for-net\sdk\digitaltwins\Azure.DigitalTwins.Core\tests\QueryTests.cs(79,17): error CS0103: The name 'Assert' does not exist in the current context
C:\gh\azure-sdk-for-net\sdk\digitaltwins\Azure.DigitalTwins.Core\tests\QueryTests.cs(88,31): error CS0246: The type or namespace name 'Task<>' could not be found (are you missing a using directive or an assembly reference?)
C:\gh\azure-sdk-for-net\sdk\digitaltwins\Azure.DigitalTwins.Core\tests\QueryTests.cs(93,21): error CS0103: The name 'Assert' does not exist in the current context
C:\gh\azure-sdk-for-net\sdk\digitaltwins\Azure.DigitalTwins.Core\tests\DigitalTwinTests.cs(99,23): error CS0246: The type or namespace name 'Task<>' could not be found (are you missing a using directive or an assembly reference?)
C:\gh\azure-sdk-for-net\sdk\digitaltwins\Azure.DigitalTwins.Core\tests\DigitalTwinTests.cs(103,17): error CS1061: 'Func<Task>' does not contain a definition for 'Should' and no accessible extension method 'Should' accepting a first argument of type 'Func<Task>' could be found (are you missing a using directive or an assembly reference?)
C:\gh\azure-sdk-for-net\sdk\digitaltwins\Azure.DigitalTwins.Core\tests\DigitalTwinTests.cs(103,32): error CS0246: The type or namespace name 'RequestFailedException' could not be found (are you missing a using directive or an assembly reference?)
C:\gh\azure-sdk-for-net\sdk\digitaltwins\Azure.DigitalTwins.Core\tests\PublishTelemetryTests.cs(50,17): error CS0246: The type or namespace name 'Response' could not be found (are you missing a using directive or an assembly reference?)
C:\gh\azure-sdk-for-net\sdk\digitaltwins\Azure.DigitalTwins.Core\tests\PublishTelemetryTests.cs(50,59): error CS0246: The type or namespace name 'Task<>' could not be found (are you missing a using directive or an assembly reference?)
C:\gh\azure-sdk-for-net\sdk\digitaltwins\Azure.DigitalTwins.Core\tests\PublishTelemetryTests.cs(65,17): error CS0246: The type or namespace name 'Response' could not be found (are you missing a using directive or an assembly reference?)
C:\gh\azure-sdk-for-net\sdk\digitaltwins\Azure.DigitalTwins.Core\tests\PublishTelemetryTests.cs(69,21): error CS0103: The name 'JsonSerializer' does not exist in the current context
C:\gh\azure-sdk-for-net\sdk\digitaltwins\Azure.DigitalTwins.Core\tests\PublishTelemetryTests.cs(65,68): error CS0246: The type or namespace name 'Task<>' could not be found (are you missing a using directive or an assembly reference?)
C:\gh\azure-sdk-for-net\sdk\digitaltwins\Azure.DigitalTwins.Core\tests\PublishTelemetryTests.cs(78,17): error CS0103: The name 'Assert' does not exist in the current context
C:\gh\azure-sdk-for-net\sdk\digitaltwins\Azure.DigitalTwins.Core\tests\PublishTelemetryTests.cs(87,31): error CS0246: The type or namespace name 'Task<>' could not be found (are you missing a using directive or an assembly reference?)
C:\gh\azure-sdk-for-net\sdk\digitaltwins\Azure.DigitalTwins.Core\tests\PublishTelemetryTests.cs(91,31): error CS0246: The type or namespace name 'Task<>' could not be found (are you missing a using directive or an assembly reference?)
C:\gh\azure-sdk-for-net\sdk\digitaltwins\Azure.DigitalTwins.Core\tests\PublishTelemetryTests.cs(95,31): error CS0246: The type or namespace name 'Task<>' could not be found (are you missing a using directive or an assembly reference?)
C:\gh\azure-sdk-for-net\sdk\digitaltwins\Azure.DigitalTwins.Core\tests\PublishTelemetryTests.cs(99,31): error CS0246: The type or namespace name 'Task<>' could not be found (are you missing a using directive or an assembly reference?)
C:\gh\azure-sdk-for-net\sdk\digitaltwins\Azure.DigitalTwins.Core\tests\PublishTelemetryTests.cs(104,21): error CS0103: The name 'Assert' does not exist in the current context
C:\gh\azure-sdk-for-net\sdk\digitaltwins\Azure.DigitalTwins.Core\tests\TestAssetsHelper.cs(101,20): error CS0103: The name 'JsonSerializer' does not exist in the current context
C:\gh\azure-sdk-for-net\sdk\digitaltwins\Azure.DigitalTwins.Core\tests\ModelsTests.cs(100,13): error CS0246: The type or namespace name 'Response<>' could not be found (are you missing a using directive or an assembly reference?)
C:\gh\azure-sdk-for-net\sdk\digitaltwins\Azure.DigitalTwins.Core\tests\ModelsTests.cs(100,63): error CS0246: The type or namespace name 'Task<>' could not be found (are you missing a using directive or an assembly reference?)
C:\gh\azure-sdk-for-net\sdk\digitaltwins\Azure.DigitalTwins.Core\tests\EventRouteTests.cs(101,34): error CS0518: Predefined type 'System.Void' is not defined or imported
C:\gh\azure-sdk-for-net\sdk\digitaltwins\Azure.DigitalTwins.Core\tests\EventRouteTests.cs(104,48): error CS0246: The type or namespace name 'Task<>' could not be found (are you missing a using directive or an assembly reference?)
C:\gh\azure-sdk-for-net\sdk\digitaltwins\Azure.DigitalTwins.Core\tests\EventRouteTests.cs(105,17): error CS1061: 'Func<Task>' does not contain a definition for 'Should' and no accessible extension method 'Should' accepting a first argument of type 'Func<Task>' could be found (are you missing a using directive or an assembly reference?)
C:\gh\azure-sdk-for-net\sdk\digitaltwins\Azure.DigitalTwins.Core\tests\EventRouteTests.cs(105,32): error CS0246: The type or namespace name 'RequestFailedException' could not be found (are you missing a using directive or an assembly reference?)
C:\gh\azure-sdk-for-net\sdk\digitaltwins\Azure.DigitalTwins.Core\tests\TestAssetsHelper.cs(107,20): error CS0103: The name 'JsonSerializer' does not exist in the current context
C:\gh\azure-sdk-for-net\sdk\digitaltwins\Azure.DigitalTwins.Core\tests\PublishTelemetryTests.cs(124,19): error CS0246: The type or namespace name 'Task<>' could not be found (are you missing a using directive or an assembly reference?)
C:\gh\azure-sdk-for-net\sdk\digitaltwins\Azure.DigitalTwins.Core\tests\DigitalTwinTests.cs(116,23): error CS0246: The type or namespace name 'Task<>' could not be found (are you missing a using directive or an assembly reference?)
C:\gh\azure-sdk-for-net\sdk\digitaltwins\Azure.DigitalTwins.Core\tests\DigitalTwinTests.cs(120,17): error CS1061: 'Func<Task>' does not contain a definition for 'Should' and no accessible extension method 'Should' accepting a first argument of type 'Func<Task>' could be found (are you missing a using directive or an assembly reference?)
C:\gh\azure-sdk-for-net\sdk\digitaltwins\Azure.DigitalTwins.Core\tests\DigitalTwinTests.cs(120,32): error CS0246: The type or namespace name 'RequestFailedException' could not be found (are you missing a using directive or an assembly reference?)
C:\gh\azure-sdk-for-net\sdk\digitaltwins\Azure.DigitalTwins.Core\tests\ModelsTests.cs(115,48): error CS0246: The type or namespace name 'Task<>' could not be found (are you missing a using directive or an assembly reference?)
C:\gh\azure-sdk-for-net\sdk\digitaltwins\Azure.DigitalTwins.Core\tests\ModelsTests.cs(118,17): error CS1061: 'Func<Task>' does not contain a definition for 'Should' and no accessible extension method 'Should' accepting a first argument of type 'Func<Task>' could be found (are you missing a using directive or an assembly reference?)
C:\gh\azure-sdk-for-net\sdk\digitaltwins\Azure.DigitalTwins.Core\tests\ModelsTests.cs(118,32): error CS0246: The type or namespace name 'RequestFailedException' could not be found (are you missing a using directive or an assembly reference?)
C:\gh\azure-sdk-for-net\sdk\digitaltwins\Azure.DigitalTwins.Core\tests\PublishTelemetryTests.cs(130,34): error CS0518: Predefined type 'System.Void' is not defined or imported
C:\gh\azure-sdk-for-net\sdk\digitaltwins\Azure.DigitalTwins.Core\tests\PublishTelemetryTests.cs(133,13): error CS0246: The type or namespace name 'Response' could not be found (are you missing a using directive or an assembly reference?)
C:\gh\azure-sdk-for-net\sdk\digitaltwins\Azure.DigitalTwins.Core\tests\PublishTelemetryTests.cs(133,55): error CS0246: The type or namespace name 'Task<>' could not be found (are you missing a using directive or an assembly reference?)
C:\gh\azure-sdk-for-net\sdk\digitaltwins\Azure.DigitalTwins.Core\tests\ModelsTests.cs(129,48): error CS0246: The type or namespace name 'Task<>' could not be found (are you missing a using directive or an assembly reference?)
C:\gh\azure-sdk-for-net\sdk\digitaltwins\Azure.DigitalTwins.Core\tests\ModelsTests.cs(132,17): error CS1061: 'Func<Task>' does not contain a definition for 'Should' and no accessible extension method 'Should' accepting a first argument of type 'Func<Task>' could be found (are you missing a using directive or an assembly reference?)
C:\gh\azure-sdk-for-net\sdk\digitaltwins\Azure.DigitalTwins.Core\tests\ModelsTests.cs(132,32): error CS0246: The type or namespace name 'RequestFailedException' could not be found (are you missing a using directive or an assembly reference?)
C:\gh\azure-sdk-for-net\sdk\digitaltwins\Azure.DigitalTwins.Core\tests\ModelsTests.cs(153,48): error CS0246: The type or namespace name 'Task<>' could not be found (are you missing a using directive or an assembly reference?)
C:\gh\azure-sdk-for-net\sdk\digitaltwins\Azure.DigitalTwins.Core\tests\ModelsTests.cs(156,17): error CS1061: 'Func<Task>' does not contain a definition for 'Should' and no accessible extension method 'Should' accepting a first argument of type 'Func<Task>' could be found (are you missing a using directive or an assembly reference?)
C:\gh\azure-sdk-for-net\sdk\digitaltwins\Azure.DigitalTwins.Core\tests\ModelsTests.cs(156,32): error CS0246: The type or namespace name 'RequestFailedException' could not be found (are you missing a using directive or an assembly reference?)
C:\gh\azure-sdk-for-net\sdk\digitaltwins\Azure.DigitalTwins.Core\tests\DigitalTwinTests.cs(130,53): error CS0518: Predefined type 'System.Void' is not defined or imported
C:\gh\azure-sdk-for-net\sdk\digitaltwins\Azure.DigitalTwins.Core\tests\DigitalTwinTests.cs(132,17): error CS0246: The type or namespace name 'ObjectSerializer' could not be found (are you missing a using directive or an assembly reference?)
C:\gh\azure-sdk-for-net\sdk\digitaltwins\Azure.DigitalTwins.Core\tests\DigitalTwinTests.cs(137,45): error CS1061: 'bool' does not contain a definition for 'Should' and no accessible extension method 'Should' accepting a first argument of type 'bool' could be found (are you missing a using directive or an assembly reference?)
C:\gh\azure-sdk-for-net\sdk\digitaltwins\Azure.DigitalTwins.Core\tests\DigitalTwinTests.cs(138,43): error CS1061: 'bool' does not contain a definition for 'Should' and no accessible extension method 'Should' accepting a first argument of type 'bool' could be found (are you missing a using directive or an assembly reference?)
C:\gh\azure-sdk-for-net\sdk\digitaltwins\Azure.DigitalTwins.Core\tests\DigitalTwinTests.cs(152,19): error CS0246: The type or namespace name 'Task<>' could not be found (are you missing a using directive or an assembly reference?)
C:\gh\azure-sdk-for-net\sdk\digitaltwins\Azure.DigitalTwins.Core\tests\DigitalTwinTests.cs(154,30): error CS0246: The type or namespace name 'Task<>' could not be found (are you missing a using directive or an assembly reference?)
C:\gh\azure-sdk-for-net\sdk\digitaltwins\Azure.DigitalTwins.Core\tests\DigitalTwinTests.cs(157,22): error CS1061: 'BasicDigitalTwin' does not contain a definition for 'Should' and no accessible extension method 'Should' accepting a first argument of type 'BasicDigitalTwin' could be found (are you missing a using directive or an assembly reference?)
C:\gh\azure-sdk-for-net\sdk\digitaltwins\Azure.DigitalTwins.Core\tests\DigitalTwinTests.cs(158,45): error CS1061: 'bool' does not contain a definition for 'Should' and no accessible extension method 'Should' accepting a first argument of type 'bool' could be found (are you missing a using directive or an assembly reference?)
C:\gh\azure-sdk-for-net\sdk\digitaltwins\Azure.DigitalTwins.Core\tests\DigitalTwinTests.cs(159,43): error CS1061: 'bool' does not contain a definition for 'Should' and no accessible extension method 'Should' accepting a first argument of type 'bool' could be found (are you missing a using directive or an assembly reference?)
C:\gh\azure-sdk-for-net\sdk\digitaltwins\Azure.DigitalTwins.Core\tests\ComponentTests.cs(127,23): error CS0246: The type or namespace name 'Task<>' could not be found (are you missing a using directive or an assembly reference?)
C:\gh\azure-sdk-for-net\sdk\digitaltwins\Azure.DigitalTwins.Core\tests\ComponentTests.cs(130,17): error CS0246: The type or namespace name 'Response<>' could not be found (are you missing a using directive or an assembly reference?)
C:\gh\azure-sdk-for-net\sdk\digitaltwins\Azure.DigitalTwins.Core\tests\ComponentTests.cs(130,63): error CS0246: The type or namespace name 'Task<>' could not be found (are you missing a using directive or an assembly reference?)
C:\gh\azure-sdk-for-net\sdk\digitaltwins\Azure.DigitalTwins.Core\tests\ComponentTests.cs(136,17): error CS0246: The type or namespace name 'ETag' could not be found (are you missing a using directive or an assembly reference?)
C:\gh\azure-sdk-for-net\sdk\digitaltwins\Azure.DigitalTwins.Core\tests\ComponentTests.cs(136,49): error CS0246: The type or namespace name 'Task<>' could not be found (are you missing a using directive or an assembly reference?)
C:\gh\azure-sdk-for-net\sdk\digitaltwins\Azure.DigitalTwins.Core\tests\ComponentTests.cs(139,17): error CS0246: The type or namespace name 'JsonPatchDocument' could not be found (are you missing a using directive or an assembly reference?)
C:\gh\azure-sdk-for-net\sdk\digitaltwins\Azure.DigitalTwins.Core\tests\ComponentTests.cs(139,70): error CS0246: The type or namespace name 'JsonPatchDocument' could not be found (are you missing a using directive or an assembly reference?)
C:\gh\azure-sdk-for-net\sdk\digitaltwins\Azure.DigitalTwins.Core\tests\ComponentTests.cs(142,17): error CS0246: The type or namespace name 'Response' could not be found (are you missing a using directive or an assembly reference?)
C:\gh\azure-sdk-for-net\sdk\digitaltwins\Azure.DigitalTwins.Core\tests\ComponentTests.cs(142,58): error CS0246: The type or namespace name 'Task<>' could not be found (are you missing a using directive or an assembly reference?)
C:\gh\azure-sdk-for-net\sdk\digitaltwins\Azure.DigitalTwins.Core\tests\ComponentTests.cs(150,17): error CS0246: The type or namespace name 'JsonPatchDocument' could not be found (are you missing a using directive or an assembly reference?)
C:\gh\azure-sdk-for-net\sdk\digitaltwins\Azure.DigitalTwins.Core\tests\ComponentTests.cs(150,76): error CS0246: The type or namespace name 'JsonPatchDocument' could not be found (are you missing a using directive or an assembly reference?)
C:\gh\azure-sdk-for-net\sdk\digitaltwins\Azure.DigitalTwins.Core\tests\ComponentTests.cs(155,27): error CS0246: The type or namespace name 'Task<>' could not be found (are you missing a using directive or an assembly reference?)
C:\gh\azure-sdk-for-net\sdk\digitaltwins\Azure.DigitalTwins.Core\tests\ComponentTests.cs(164,21): error CS1061: 'Func<Task>' does not contain a definition for 'Should' and no accessible extension method 'Should' accepting a first argument of type 'Func<Task>' could be found (are you missing a using directive or an assembly reference?)
C:\gh\azure-sdk-for-net\sdk\digitaltwins\Azure.DigitalTwins.Core\tests\ComponentTests.cs(164,36): error CS0246: The type or namespace name 'RequestFailedException' could not be found (are you missing a using directive or an assembly reference?)
C:\gh\azure-sdk-for-net\sdk\digitaltwins\Azure.DigitalTwins.Core\tests\ComponentTests.cs(169,17): error CS0103: The name 'Assert' does not exist in the current context
C:\gh\azure-sdk-for-net\sdk\digitaltwins\Azure.DigitalTwins.Core\tests\ComponentTests.cs(178,31): error CS0246: The type or namespace name 'Task<>' could not be found (are you missing a using directive or an assembly reference?)
C:\gh\azure-sdk-for-net\sdk\digitaltwins\Azure.DigitalTwins.Core\tests\ComponentTests.cs(182,31): error CS0246: The type or namespace name 'Task<>' could not be found (are you missing a using directive or an assembly reference?)
C:\gh\azure-sdk-for-net\sdk\digitaltwins\Azure.DigitalTwins.Core\tests\ComponentTests.cs(186,31): error CS0246: The type or namespace name 'Task<>' could not be found (are you missing a using directive or an assembly reference?)
C:\gh\azure-sdk-for-net\sdk\digitaltwins\Azure.DigitalTwins.Core\tests\ComponentTests.cs(191,21): error CS0103: The name 'Assert' does not exist in the current context
C:\gh\azure-sdk-for-net\sdk\digitaltwins\Azure.DigitalTwins.Core\tests\QueryTests.cs(119,27): error CS0246: The type or namespace name 'Task<>' could not be found (are you missing a using directive or an assembly reference?)
C:\gh\azure-sdk-for-net\sdk\digitaltwins\Azure.DigitalTwins.Core\tests\QueryTests.cs(131,35): error CS0246: The type or namespace name 'AssertionException' could not be found (are you missing a using directive or an assembly reference?)
C:\gh\azure-sdk-for-net\sdk\digitaltwins\Azure.DigitalTwins.Core\tests\QueryTests.cs(134,21): error CS0246: The type or namespace name 'AsyncPageable<>' could not be found (are you missing a using directive or an assembly reference?)
C:\gh\azure-sdk-for-net\sdk\digitaltwins\Azure.DigitalTwins.Core\tests\QueryTests.cs(134,77): error CS0246: The type or namespace name 'AsyncPageable<>' could not be found (are you missing a using directive or an assembly reference?)
C:\gh\azure-sdk-for-net\sdk\digitaltwins\Azure.DigitalTwins.Core\tests\QueryTests.cs(136,36): error CS0246: The type or namespace name 'Page<>' could not be found (are you missing a using directive or an assembly reference?)
C:\gh\azure-sdk-for-net\sdk\digitaltwins\Azure.DigitalTwins.Core\tests\QueryTests.cs(149,63): error CS0246: The type or namespace name 'AsyncPageable<>' could not be found (are you missing a using directive or an assembly reference?)
C:\gh\azure-sdk-for-net\sdk\digitaltwins\Azure.DigitalTwins.Core\tests\QueryTests.cs(149,32): error CS0246: The type or namespace name 'Page<>' could not be found (are you missing a using directive or an assembly reference?)
C:\gh\azure-sdk-for-net\sdk\digitaltwins\Azure.DigitalTwins.Core\tests\QueryTests.cs(158,27): error CS1061: 'int' does not contain a definition for 'Should' and no accessible extension method 'Should' accepting a first argument of type 'int' could be found (are you missing a using directive or an assembly reference?)
C:\gh\azure-sdk-for-net\sdk\digitaltwins\Azure.DigitalTwins.Core\tests\QueryTests.cs(162,17): error CS0103: The name 'Assert' does not exist in the current context
C:\gh\azure-sdk-for-net\sdk\digitaltwins\Azure.DigitalTwins.Core\tests\QueryTests.cs(171,31): error CS0246: The type or namespace name 'Task<>' could not be found (are you missing a using directive or an assembly reference?)
C:\gh\azure-sdk-for-net\sdk\digitaltwins\Azure.DigitalTwins.Core\tests\QueryTests.cs(176,21): error CS0103: The name 'Assert' does not exist in the current context
C:\gh\azure-sdk-for-net\sdk\digitaltwins\Azure.DigitalTwins.Core\tests\DigitalTwinRelationshipTests.cs(61,23): error CS0246: The type or namespace name 'Task<>' could not be found (are you missing a using directive or an assembly reference?)
C:\gh\azure-sdk-for-net\sdk\digitaltwins\Azure.DigitalTwins.Core\tests\DigitalTwinRelationshipTests.cs(65,23): error CS0246: The type or namespace name 'Task<>' could not be found (are you missing a using directive or an assembly reference?)
C:\gh\azure-sdk-for-net\sdk\digitaltwins\Azure.DigitalTwins.Core\tests\DigitalTwinRelationshipTests.cs(69,23): error CS0246: The type or namespace name 'Task<>' could not be found (are you missing a using directive or an assembly reference?)
C:\gh\azure-sdk-for-net\sdk\digitaltwins\Azure.DigitalTwins.Core\tests\DigitalTwinRelationshipTests.cs(75,17): error CS0246: The type or namespace name 'JsonPatchDocument' could not be found (are you missing a using directive or an assembly reference?)
C:\gh\azure-sdk-for-net\sdk\digitaltwins\Azure.DigitalTwins.Core\tests\DigitalTwinRelationshipTests.cs(75,72): error CS0246: The type or namespace name 'JsonPatchDocument' could not be found (are you missing a using directive or an assembly reference?)
C:\gh\azure-sdk-for-net\sdk\digitaltwins\Azure.DigitalTwins.Core\tests\DigitalTwinRelationshipTests.cs(81,23): error CS0246: The type or namespace name 'Task<>' could not be found (are you missing a using directive or an assembly reference?)
C:\gh\azure-sdk-for-net\sdk\digitaltwins\Azure.DigitalTwins.Core\tests\DigitalTwinRelationshipTests.cs(89,23): error CS0246: The type or namespace name 'Task<>' could not be found (are you missing a using directive or an assembly reference?)
C:\gh\azure-sdk-for-net\sdk\digitaltwins\Azure.DigitalTwins.Core\tests\DigitalTwinRelationshipTests.cs(97,23): error CS0246: The type or namespace name 'Task<>' could not be found (are you missing a using directive or an assembly reference?)
C:\gh\azure-sdk-for-net\sdk\digitaltwins\Azure.DigitalTwins.Core\tests\DigitalTwinRelationshipTests.cs(105,23): error CS0246: The type or namespace name 'Task<>' could not be found (are you missing a using directive or an assembly reference?)
C:\gh\azure-sdk-for-net\sdk\digitaltwins\Azure.DigitalTwins.Core\tests\DigitalTwinRelationshipTests.cs(115,23): error CS0246: The type or namespace name 'Task<>' could not be found (are you missing a using directive or an assembly reference?)
C:\gh\azure-sdk-for-net\sdk\digitaltwins\Azure.DigitalTwins.Core\tests\DigitalTwinRelationshipTests.cs(123,17): error CS0246: The type or namespace name 'Response<>' could not be found (are you missing a using directive or an assembly reference?)
C:\gh\azure-sdk-for-net\sdk\digitaltwins\Azure.DigitalTwins.Core\tests\DigitalTwinRelationshipTests.cs(123,76): error CS0246: The type or namespace name 'Task<>' could not be found (are you missing a using directive or an assembly reference?)
C:\gh\azure-sdk-for-net\sdk\digitaltwins\Azure.DigitalTwins.Core\tests\DigitalTwinRelationshipTests.cs(130,17): error CS0246: The type or namespace name 'AsyncPageable<>' could not be found (are you missing a using directive or an assembly reference?)
C:\gh\azure-sdk-for-net\sdk\digitaltwins\Azure.DigitalTwins.Core\tests\DigitalTwinRelationshipTests.cs(130,77): error CS0246: The type or namespace name 'AsyncPageable<>' could not be found (are you missing a using directive or an assembly reference?)
C:\gh\azure-sdk-for-net\sdk\digitaltwins\Azure.DigitalTwins.Core\tests\DigitalTwinRelationshipTests.cs(137,54): error CS1061: 'int' does not contain a definition for 'Should' and no accessible extension method 'Should' accepting a first argument of type 'int' could be found (are you missing a using directive or an assembly reference?)
C:\gh\azure-sdk-for-net\sdk\digitaltwins\Azure.DigitalTwins.Core\tests\DigitalTwinRelationshipTests.cs(140,17): error CS0246: The type or namespace name 'AsyncPageable<>' could not be found (are you missing a using directive or an assembly reference?)
C:\gh\azure-sdk-for-net\sdk\digitaltwins\Azure.DigitalTwins.Core\tests\DigitalTwinRelationshipTests.cs(140,71): error CS0246: The type or namespace name 'AsyncPageable<>' could not be found (are you missing a using directive or an assembly reference?)
C:\gh\azure-sdk-for-net\sdk\digitaltwins\Azure.DigitalTwins.Core\tests\DigitalTwinRelationshipTests.cs(147,44): error CS1061: 'int' does not contain a definition for 'Should' and no accessible extension method 'Should' accepting a first argument of type 'int' could be found (are you missing a using directive or an assembly reference?)
C:\gh\azure-sdk-for-net\sdk\digitaltwins\Azure.DigitalTwins.Core\tests\DigitalTwinRelationshipTests.cs(150,17): error CS0246: The type or namespace name 'AsyncPageable<>' could not be found (are you missing a using directive or an assembly reference?)
C:\gh\azure-sdk-for-net\sdk\digitaltwins\Azure.DigitalTwins.Core\tests\DigitalTwinRelationshipTests.cs(150,74): error CS0246: The type or namespace name 'AsyncPageable<>' could not be found (are you missing a using directive or an assembly reference?)
C:\gh\azure-sdk-for-net\sdk\digitaltwins\Azure.DigitalTwins.Core\tests\DigitalTwinRelationshipTests.cs(161,39): error CS1061: 'int' does not contain a definition for 'Should' and no accessible extension method 'Should' accepting a first argument of type 'int' could be found (are you missing a using directive or an assembly reference?)
C:\gh\azure-sdk-for-net\sdk\digitaltwins\Azure.DigitalTwins.Core\tests\DigitalTwinRelationshipTests.cs(163,23): error CS0246: The type or namespace name 'Task<>' could not be found (are you missing a using directive or an assembly reference?)
C:\gh\azure-sdk-for-net\sdk\digitaltwins\Azure.DigitalTwins.Core\tests\DigitalTwinRelationshipTests.cs(169,23): error CS0246: The type or namespace name 'Task<>' could not be found (are you missing a using directive or an assembly reference?)
C:\gh\azure-sdk-for-net\sdk\digitaltwins\Azure.DigitalTwins.Core\tests\DigitalTwinRelationshipTests.cs(175,23): error CS0246: The type or namespace name 'Task<>' could not be found (are you missing a using directive or an assembly reference?)
C:\gh\azure-sdk-for-net\sdk\digitaltwins\Azure.DigitalTwins.Core\tests\DigitalTwinRelationshipTests.cs(181,23): error CS0246: The type or namespace name 'Task<>' could not be found (are you missing a using directive or an assembly reference?)
C:\gh\azure-sdk-for-net\sdk\digitaltwins\Azure.DigitalTwins.Core\tests\DigitalTwinRelationshipTests.cs(189,27): error CS0246: The type or namespace name 'Task<>' could not be found (are you missing a using directive or an assembly reference?)
C:\gh\azure-sdk-for-net\sdk\digitaltwins\Azure.DigitalTwins.Core\tests\DigitalTwinRelationshipTests.cs(195,21): error CS1061: 'Func<Task>' does not contain a definition for 'Should' and no accessible extension method 'Should' accepting a first argument of type 'Func<Task>' could be found (are you missing a using directive or an assembly reference?)
C:\gh\azure-sdk-for-net\sdk\digitaltwins\Azure.DigitalTwins.Core\tests\DigitalTwinRelationshipTests.cs(195,36): error CS0246: The type or namespace name 'RequestFailedException' could not be found (are you missing a using directive or an assembly reference?)
C:\gh\azure-sdk-for-net\sdk\digitaltwins\Azure.DigitalTwins.Core\tests\DigitalTwinRelationshipTests.cs(200,27): error CS0246: The type or namespace name 'Task<>' could not be found (are you missing a using directive or an assembly reference?)
C:\gh\azure-sdk-for-net\sdk\digitaltwins\Azure.DigitalTwins.Core\tests\DigitalTwinRelationshipTests.cs(206,21): error CS1061: 'Func<Task>' does not contain a definition for 'Should' and no accessible extension method 'Should' accepting a first argument of type 'Func<Task>' could be found (are you missing a using directive or an assembly reference?)
C:\gh\azure-sdk-for-net\sdk\digitaltwins\Azure.DigitalTwins.Core\tests\DigitalTwinRelationshipTests.cs(206,36): error CS0246: The type or namespace name 'RequestFailedException' could not be found (are you missing a using directive or an assembly reference?)
C:\gh\azure-sdk-for-net\sdk\digitaltwins\Azure.DigitalTwins.Core\tests\DigitalTwinRelationshipTests.cs(211,27): error CS0246: The type or namespace name 'Task<>' could not be found (are you missing a using directive or an assembly reference?)
C:\gh\azure-sdk-for-net\sdk\digitaltwins\Azure.DigitalTwins.Core\tests\DigitalTwinRelationshipTests.cs(217,21): error CS1061: 'Func<Task>' does not contain a definition for 'Should' and no accessible extension method 'Should' accepting a first argument of type 'Func<Task>' could be found (are you missing a using directive or an assembly reference?)
C:\gh\azure-sdk-for-net\sdk\digitaltwins\Azure.DigitalTwins.Core\tests\DigitalTwinRelationshipTests.cs(217,36): error CS0246: The type or namespace name 'RequestFailedException' could not be found (are you missing a using directive or an assembly reference?)
C:\gh\azure-sdk-for-net\sdk\digitaltwins\Azure.DigitalTwins.Core\tests\DigitalTwinRelationshipTests.cs(222,27): error CS0246: The type or namespace name 'Task<>' could not be found (are you missing a using directive or an assembly reference?)
C:\gh\azure-sdk-for-net\sdk\digitaltwins\Azure.DigitalTwins.Core\tests\DigitalTwinRelationshipTests.cs(228,21): error CS1061: 'Func<Task>' does not contain a definition for 'Should' and no accessible extension method 'Should' accepting a first argument of type 'Func<Task>' could be found (are you missing a using directive or an assembly reference?)
C:\gh\azure-sdk-for-net\sdk\digitaltwins\Azure.DigitalTwins.Core\tests\DigitalTwinRelationshipTests.cs(228,36): error CS0246: The type or namespace name 'RequestFailedException' could not be found (are you missing a using directive or an assembly reference?)
C:\gh\azure-sdk-for-net\sdk\digitaltwins\Azure.DigitalTwins.Core\tests\DigitalTwinRelationshipTests.cs(233,17): error CS0103: The name 'Assert' does not exist in the current context
C:\gh\azure-sdk-for-net\sdk\digitaltwins\Azure.DigitalTwins.Core\tests\DigitalTwinRelationshipTests.cs(242,29): error CS0246: The type or namespace name 'Task<>' could not be found (are you missing a using directive or an assembly reference?)
C:\gh\azure-sdk-for-net\sdk\digitaltwins\Azure.DigitalTwins.Core\tests\DigitalTwinRelationshipTests.cs(243,29): error CS0246: The type or namespace name 'Task<>' could not be found (are you missing a using directive or an assembly reference?)
C:\gh\azure-sdk-for-net\sdk\digitaltwins\Azure.DigitalTwins.Core\tests\DigitalTwinRelationshipTests.cs(244,29): error CS0246: The type or namespace name 'Task<>' could not be found (are you missing a using directive or an assembly reference?)
C:\gh\azure-sdk-for-net\sdk\digitaltwins\Azure.DigitalTwins.Core\tests\DigitalTwinRelationshipTests.cs(245,29): error CS0246: The type or namespace name 'Task<>' could not be found (are you missing a using directive or an assembly reference?)
C:\gh\azure-sdk-for-net\sdk\digitaltwins\Azure.DigitalTwins.Core\tests\DigitalTwinRelationshipTests.cs(246,29): error CS0246: The type or namespace name 'Task<>' could not be found (are you missing a using directive or an assembly reference?)
C:\gh\azure-sdk-for-net\sdk\digitaltwins\Azure.DigitalTwins.Core\tests\DigitalTwinRelationshipTests.cs(247,29): error CS0246: The type or namespace name 'Task<>' could not be found (are you missing a using directive or an assembly reference?)
C:\gh\azure-sdk-for-net\sdk\digitaltwins\Azure.DigitalTwins.Core\tests\DigitalTwinRelationshipTests.cs(252,21): error CS0103: The name 'Assert' does not exist in the current context
C:\gh\azure-sdk-for-net\sdk\digitaltwins\Azure.DigitalTwins.Core\tests\DigitalTwinTests.cs(182,23): error CS0246: The type or namespace name 'Task<>' could not be found (are you missing a using directive or an assembly reference?)
C:\gh\azure-sdk-for-net\sdk\digitaltwins\Azure.DigitalTwins.Core\tests\DigitalTwinTests.cs(188,106): error CS0103: The name 'ETag' does not exist in the current context
C:\gh\azure-sdk-for-net\sdk\digitaltwins\Azure.DigitalTwins.Core\tests\DigitalTwinTests.cs(188,27): error CS0246: The type or namespace name 'Task<>' could not be found (are you missing a using directive or an assembly reference?)
C:\gh\azure-sdk-for-net\sdk\digitaltwins\Azure.DigitalTwins.Core\tests\DigitalTwinTests.cs(192,21): error CS1061: 'Func<Task>' does not contain a definition for 'Should' and no accessible extension method 'Should' accepting a first argument of type 'Func<Task>' could be found (are you missing a using directive or an assembly reference?)
C:\gh\azure-sdk-for-net\sdk\digitaltwins\Azure.DigitalTwins.Core\tests\DigitalTwinTests.cs(192,36): error CS0246: The type or namespace name 'RequestFailedException' could not be found (are you missing a using directive or an assembly reference?)
C:\gh\azure-sdk-for-net\sdk\digitaltwins\Azure.DigitalTwins.Core\tests\DigitalTwinTests.cs(197,17): error CS0103: The name 'Assert' does not exist in the current context
C:\gh\azure-sdk-for-net\sdk\digitaltwins\Azure.DigitalTwins.Core\tests\DigitalTwinTests.cs(206,31): error CS0246: The type or namespace name 'Task<>' could not be found (are you missing a using directive or an assembly reference?)
C:\gh\azure-sdk-for-net\sdk\digitaltwins\Azure.DigitalTwins.Core\tests\DigitalTwinTests.cs(211,21): error CS0103: The name 'Assert' does not exist in the current context
C:\gh\azure-sdk-for-net\sdk\digitaltwins\Azure.DigitalTwins.Core\tests\QueryTests.cs(200,23): error CS0246: The type or namespace name 'Task<>' could not be found (are you missing a using directive or an assembly reference?)
C:\gh\azure-sdk-for-net\sdk\digitaltwins\Azure.DigitalTwins.Core\tests\QueryTests.cs(207,17): error CS0246: The type or namespace name 'AsyncPageable<>' could not be found (are you missing a using directive or an assembly reference?)
C:\gh\azure-sdk-for-net\sdk\digitaltwins\Azure.DigitalTwins.Core\tests\QueryTests.cs(207,31): error CS0246: The type or namespace name 'JsonElement' could not be found (are you missing a using directive or an assembly reference?)
C:\gh\azure-sdk-for-net\sdk\digitaltwins\Azure.DigitalTwins.Core\tests\QueryTests.cs(207,86): error CS0246: The type or namespace name 'JsonElement' could not be found (are you missing a using directive or an assembly reference?)
C:\gh\azure-sdk-for-net\sdk\digitaltwins\Azure.DigitalTwins.Core\tests\QueryTests.cs(207,68): error CS0246: The type or namespace name 'AsyncPageable<>' could not be found (are you missing a using directive or an assembly reference?)
C:\gh\azure-sdk-for-net\sdk\digitaltwins\Azure.DigitalTwins.Core\tests\QueryTests.cs(213,50): error CS0246: The type or namespace name 'AsyncPageable<>' could not be found (are you missing a using directive or an assembly reference?)
C:\gh\azure-sdk-for-net\sdk\digitaltwins\Azure.DigitalTwins.Core\tests\QueryTests.cs(213,64): error CS0246: The type or namespace name 'JsonElement' could not be found (are you missing a using directive or an assembly reference?)
C:\gh\azure-sdk-for-net\sdk\digitaltwins\Azure.DigitalTwins.Core\tests\QueryTests.cs(215,36): error CS0246: The type or namespace name 'JsonElement' could not be found (are you missing a using directive or an assembly reference?)
C:\gh\azure-sdk-for-net\sdk\digitaltwins\Azure.DigitalTwins.Core\tests\QueryTests.cs(218,75): error CS0103: The name 'JsonSerializer' does not exist in the current context
C:\gh\azure-sdk-for-net\sdk\digitaltwins\Azure.DigitalTwins.Core\tests\QueryTests.cs(219,69): error CS1061: 'bool' does not contain a definition for 'Should' and no accessible extension method 'Should' accepting a first argument of type 'bool' could be found (are you missing a using directive or an assembly reference?)
C:\gh\azure-sdk-for-net\sdk\digitaltwins\Azure.DigitalTwins.Core\tests\QueryTests.cs(231,30): error CS1061: 'int' does not contain a definition for 'Should' and no accessible extension method 'Should' accepting a first argument of type 'int' could be found (are you missing a using directive or an assembly reference?)
C:\gh\azure-sdk-for-net\sdk\digitaltwins\Azure.DigitalTwins.Core\tests\QueryTests.cs(235,17): error CS0103: The name 'Assert' does not exist in the current context
C:\gh\azure-sdk-for-net\sdk\digitaltwins\Azure.DigitalTwins.Core\tests\QueryTests.cs(244,31): error CS0246: The type or namespace name 'Task<>' could not be found (are you missing a using directive or an assembly reference?)
C:\gh\azure-sdk-for-net\sdk\digitaltwins\Azure.DigitalTwins.Core\tests\QueryTests.cs(249,21): error CS0103: The name 'Assert' does not exist in the current context
C:\gh\azure-sdk-for-net\sdk\digitaltwins\Azure.DigitalTwins.Core\tests\ComponentTests.cs(222,23): error CS0246: The type or namespace name 'Task<>' could not be found (are you missing a using directive or an assembly reference?)
C:\gh\azure-sdk-for-net\sdk\digitaltwins\Azure.DigitalTwins.Core\tests\ComponentTests.cs(225,17): error CS0246: The type or namespace name 'Response<>' could not be found (are you missing a using directive or an assembly reference?)
C:\gh\azure-sdk-for-net\sdk\digitaltwins\Azure.DigitalTwins.Core\tests\ComponentTests.cs(225,63): error CS0246: The type or namespace name 'Task<>' could not be found (are you missing a using directive or an assembly reference?)
C:\gh\azure-sdk-for-net\sdk\digitaltwins\Azure.DigitalTwins.Core\tests\ComponentTests.cs(232,17): error CS0246: The type or namespace name 'JsonPatchDocument' could not be found (are you missing a using directive or an assembly reference?)
C:\gh\azure-sdk-for-net\sdk\digitaltwins\Azure.DigitalTwins.Core\tests\ComponentTests.cs(232,70): error CS0246: The type or namespace name 'JsonPatchDocument' could not be found (are you missing a using directive or an assembly reference?)
C:\gh\azure-sdk-for-net\sdk\digitaltwins\Azure.DigitalTwins.Core\tests\ComponentTests.cs(235,17): error CS0246: The type or namespace name 'Response' could not be found (are you missing a using directive or an assembly reference?)
C:\gh\azure-sdk-for-net\sdk\digitaltwins\Azure.DigitalTwins.Core\tests\ComponentTests.cs(235,58): error CS0246: The type or namespace name 'Task<>' could not be found (are you missing a using directive or an assembly reference?)
C:\gh\azure-sdk-for-net\sdk\digitaltwins\Azure.DigitalTwins.Core\tests\ComponentTests.cs(243,17): error CS0246: The type or namespace name 'ETag' could not be found (are you missing a using directive or an assembly reference?)
C:\gh\azure-sdk-for-net\sdk\digitaltwins\Azure.DigitalTwins.Core\tests\ComponentTests.cs(243,49): error CS0246: The type or namespace name 'Task<>' could not be found (are you missing a using directive or an assembly reference?)
C:\gh\azure-sdk-for-net\sdk\digitaltwins\Azure.DigitalTwins.Core\tests\ComponentTests.cs(244,17): error CS0103: The name 'Assert' does not exist in the current context
C:\gh\azure-sdk-for-net\sdk\digitaltwins\Azure.DigitalTwins.Core\tests\ComponentTests.cs(247,17): error CS0246: The type or namespace name 'JsonPatchDocument' could not be found (are you missing a using directive or an assembly reference?)
C:\gh\azure-sdk-for-net\sdk\digitaltwins\Azure.DigitalTwins.Core\tests\ComponentTests.cs(247,76): error CS0246: The type or namespace name 'JsonPatchDocument' could not be found (are you missing a using directive or an assembly reference?)
C:\gh\azure-sdk-for-net\sdk\digitaltwins\Azure.DigitalTwins.Core\tests\ComponentTests.cs(252,27): error CS0246: The type or namespace name 'Task<>' could not be found (are you missing a using directive or an assembly reference?)
C:\gh\azure-sdk-for-net\sdk\digitaltwins\Azure.DigitalTwins.Core\tests\ComponentTests.cs(260,24): error CS0246: The type or namespace name 'RequestFailedException' could not be found (are you missing a using directive or an assembly reference?)
C:\gh\azure-sdk-for-net\sdk\digitaltwins\Azure.DigitalTwins.Core\tests\ComponentTests.cs(262,31): error CS0246: The type or namespace name 'AssertionException' could not be found (are you missing a using directive or an assembly reference?)
C:\gh\azure-sdk-for-net\sdk\digitaltwins\Azure.DigitalTwins.Core\tests\ComponentTests.cs(267,17): error CS0103: The name 'Assert' does not exist in the current context
C:\gh\azure-sdk-for-net\sdk\digitaltwins\Azure.DigitalTwins.Core\tests\ComponentTests.cs(276,31): error CS0246: The type or namespace name 'Task<>' could not be found (are you missing a using directive or an assembly reference?)
C:\gh\azure-sdk-for-net\sdk\digitaltwins\Azure.DigitalTwins.Core\tests\ComponentTests.cs(280,31): error CS0246: The type or namespace name 'Task<>' could not be found (are you missing a using directive or an assembly reference?)
C:\gh\azure-sdk-for-net\sdk\digitaltwins\Azure.DigitalTwins.Core\tests\ComponentTests.cs(284,31): error CS0246: The type or namespace name 'Task<>' could not be found (are you missing a using directive or an assembly reference?)
C:\gh\azure-sdk-for-net\sdk\digitaltwins\Azure.DigitalTwins.Core\tests\ComponentTests.cs(289,21): error CS0103: The name 'Assert' does not exist in the current context
C:\gh\azure-sdk-for-net\sdk\digitaltwins\Azure.DigitalTwins.Core\tests\DigitalTwinRelationshipTests.cs(279,23): error CS0246: The type or namespace name 'Task<>' could not be found (are you missing a using directive or an assembly reference?)
C:\gh\azure-sdk-for-net\sdk\digitaltwins\Azure.DigitalTwins.Core\tests\DigitalTwinRelationshipTests.cs(283,23): error CS0246: The type or namespace name 'Task<>' could not be found (are you missing a using directive or an assembly reference?)
C:\gh\azure-sdk-for-net\sdk\digitaltwins\Azure.DigitalTwins.Core\tests\DigitalTwinRelationshipTests.cs(297,27): error CS0246: The type or namespace name 'Task<>' could not be found (are you missing a using directive or an assembly reference?)
C:\gh\azure-sdk-for-net\sdk\digitaltwins\Azure.DigitalTwins.Core\tests\DigitalTwinRelationshipTests.cs(311,27): error CS0246: The type or namespace name 'Task<>' could not be found (are you missing a using directive or an assembly reference?)
C:\gh\azure-sdk-for-net\sdk\digitaltwins\Azure.DigitalTwins.Core\tests\DigitalTwinRelationshipTests.cs(320,17): error CS0246: The type or namespace name 'AsyncPageable<>' could not be found (are you missing a using directive or an assembly reference?)
C:\gh\azure-sdk-for-net\sdk\digitaltwins\Azure.DigitalTwins.Core\tests\DigitalTwinRelationshipTests.cs(320,77): error CS0246: The type or namespace name 'AsyncPageable<>' could not be found (are you missing a using directive or an assembly reference?)
C:\gh\azure-sdk-for-net\sdk\digitaltwins\Azure.DigitalTwins.Core\tests\DigitalTwinRelationshipTests.cs(323,32): error CS0246: The type or namespace name 'Page<>' could not be found (are you missing a using directive or an assembly reference?)
C:\gh\azure-sdk-for-net\sdk\digitaltwins\Azure.DigitalTwins.Core\tests\DigitalTwinRelationshipTests.cs(332,47): error CS1061: 'int' does not contain a definition for 'Should' and no accessible extension method 'Should' accepting a first argument of type 'int' could be found (are you missing a using directive or an assembly reference?)
C:\gh\azure-sdk-for-net\sdk\digitaltwins\Azure.DigitalTwins.Core\tests\DigitalTwinRelationshipTests.cs(335,17): error CS0246: The type or namespace name 'AsyncPageable<>' could not be found (are you missing a using directive or an assembly reference?)
C:\gh\azure-sdk-for-net\sdk\digitaltwins\Azure.DigitalTwins.Core\tests\DigitalTwinRelationshipTests.cs(335,74): error CS0246: The type or namespace name 'AsyncPageable<>' could not be found (are you missing a using directive or an assembly reference?)
C:\gh\azure-sdk-for-net\sdk\digitaltwins\Azure.DigitalTwins.Core\tests\DigitalTwinRelationshipTests.cs(338,32): error CS0246: The type or namespace name 'Page<>' could not be found (are you missing a using directive or an assembly reference?)
C:\gh\azure-sdk-for-net\sdk\digitaltwins\Azure.DigitalTwins.Core\tests\DigitalTwinRelationshipTests.cs(347,47): error CS1061: 'int' does not contain a definition for 'Should' and no accessible extension method 'Should' accepting a first argument of type 'int' could be found (are you missing a using directive or an assembly reference?)
C:\gh\azure-sdk-for-net\sdk\digitaltwins\Azure.DigitalTwins.Core\tests\DigitalTwinRelationshipTests.cs(351,27): error CS0246: The type or namespace name 'Task<>' could not be found (are you missing a using directive or an assembly reference?)
C:\gh\azure-sdk-for-net\sdk\digitaltwins\Azure.DigitalTwins.Core\tests\DigitalTwinRelationshipTests.cs(352,27): error CS0246: The type or namespace name 'Task<>' could not be found (are you missing a using directive or an assembly reference?)
C:\gh\azure-sdk-for-net\sdk\digitaltwins\Azure.DigitalTwins.Core\tests\DigitalTwinRelationshipTests.cs(357,17): error CS0103: The name 'Assert' does not exist in the current context
C:\gh\azure-sdk-for-net\sdk\digitaltwins\Azure.DigitalTwins.Core\tests\DigitalTwinRelationshipTests.cs(366,29): error CS0246: The type or namespace name 'Task<>' could not be found (are you missing a using directive or an assembly reference?)
C:\gh\azure-sdk-for-net\sdk\digitaltwins\Azure.DigitalTwins.Core\tests\DigitalTwinRelationshipTests.cs(367,29): error CS0246: The type or namespace name 'Task<>' could not be found (are you missing a using directive or an assembly reference?)
C:\gh\azure-sdk-for-net\sdk\digitaltwins\Azure.DigitalTwins.Core\tests\DigitalTwinRelationshipTests.cs(368,29): error CS0246: The type or namespace name 'Task<>' could not be found (are you missing a using directive or an assembly reference?)
C:\gh\azure-sdk-for-net\sdk\digitaltwins\Azure.DigitalTwins.Core\tests\DigitalTwinRelationshipTests.cs(369,29): error CS0246: The type or namespace name 'Task<>' could not be found (are you missing a using directive or an assembly reference?)
C:\gh\azure-sdk-for-net\sdk\digitaltwins\Azure.DigitalTwins.Core\tests\DigitalTwinRelationshipTests.cs(370,29): error CS0246: The type or namespace name 'Task<>' could not be found (are you missing a using directive or an assembly reference?)
C:\gh\azure-sdk-for-net\sdk\digitaltwins\Azure.DigitalTwins.Core\tests\DigitalTwinRelationshipTests.cs(375,21): error CS0103: The name 'Assert' does not exist in the current context
C:\gh\azure-sdk-for-net\sdk\digitaltwins\Azure.DigitalTwins.Core\tests\DigitalTwinTests.cs(236,23): error CS0246: The type or namespace name 'Task<>' could not be found (are you missing a using directive or an assembly reference?)
C:\gh\azure-sdk-for-net\sdk\digitaltwins\Azure.DigitalTwins.Core\tests\DigitalTwinTests.cs(239,23): error CS0246: The type or namespace name 'Task<>' could not be found (are you missing a using directive or an assembly reference?)
C:\gh\azure-sdk-for-net\sdk\digitaltwins\Azure.DigitalTwins.Core\tests\DigitalTwinTests.cs(241,20): error CS0246: The type or namespace name 'RequestFailedException' could not be found (are you missing a using directive or an assembly reference?)
C:\gh\azure-sdk-for-net\sdk\digitaltwins\Azure.DigitalTwins.Core\tests\DigitalTwinTests.cs(243,27): error CS0246: The type or namespace name 'AssertionException' could not be found (are you missing a using directive or an assembly reference?)
C:\gh\azure-sdk-for-net\sdk\digitaltwins\Azure.DigitalTwins.Core\tests\DigitalTwinTests.cs(247,17): error CS0103: The name 'Assert' does not exist in the current context
C:\gh\azure-sdk-for-net\sdk\digitaltwins\Azure.DigitalTwins.Core\tests\DigitalTwinTests.cs(256,31): error CS0246: The type or namespace name 'Task<>' could not be found (are you missing a using directive or an assembly reference?)
C:\gh\azure-sdk-for-net\sdk\digitaltwins\Azure.DigitalTwins.Core\tests\DigitalTwinTests.cs(261,21): error CS0103: The name 'Assert' does not exist in the current context
C:\gh\azure-sdk-for-net\sdk\digitaltwins\Azure.DigitalTwins.Core\tests\DigitalTwinRelationshipTests.cs(407,23): error CS0246: The type or namespace name 'Task<>' could not be found (are you missing a using directive or an assembly reference?)
C:\gh\azure-sdk-for-net\sdk\digitaltwins\Azure.DigitalTwins.Core\tests\DigitalTwinRelationshipTests.cs(411,23): error CS0246: The type or namespace name 'Task<>' could not be found (are you missing a using directive or an assembly reference?)
C:\gh\azure-sdk-for-net\sdk\digitaltwins\Azure.DigitalTwins.Core\tests\DigitalTwinRelationshipTests.cs(415,23): error CS0246: The type or namespace name 'Task<>' could not be found (are you missing a using directive or an assembly reference?)
C:\gh\azure-sdk-for-net\sdk\digitaltwins\Azure.DigitalTwins.Core\tests\DigitalTwinRelationshipTests.cs(421,17): error CS0246: The type or namespace name 'JsonPatchDocument' could not be found (are you missing a using directive or an assembly reference?)
C:\gh\azure-sdk-for-net\sdk\digitaltwins\Azure.DigitalTwins.Core\tests\DigitalTwinRelationshipTests.cs(421,72): error CS0246: The type or namespace name 'JsonPatchDocument' could not be found (are you missing a using directive or an assembly reference?)
C:\gh\azure-sdk-for-net\sdk\digitaltwins\Azure.DigitalTwins.Core\tests\DigitalTwinRelationshipTests.cs(427,23): error CS0246: The type or namespace name 'Task<>' could not be found (are you missing a using directive or an assembly reference?)
C:\gh\azure-sdk-for-net\sdk\digitaltwins\Azure.DigitalTwins.Core\tests\DigitalTwinRelationshipTests.cs(440,55): error CS0103: The name 'ETag' does not exist in the current context
C:\gh\azure-sdk-for-net\sdk\digitaltwins\Azure.DigitalTwins.Core\tests\DigitalTwinRelationshipTests.cs(436,27): error CS0246: The type or namespace name 'Task<>' could not be found (are you missing a using directive or an assembly reference?)
C:\gh\azure-sdk-for-net\sdk\digitaltwins\Azure.DigitalTwins.Core\tests\DigitalTwinRelationshipTests.cs(444,21): error CS1061: 'Func<Task>' does not contain a definition for 'Should' and no accessible extension method 'Should' accepting a first argument of type 'Func<Task>' could be found (are you missing a using directive or an assembly reference?)
C:\gh\azure-sdk-for-net\sdk\digitaltwins\Azure.DigitalTwins.Core\tests\DigitalTwinRelationshipTests.cs(444,36): error CS0246: The type or namespace name 'RequestFailedException' could not be found (are you missing a using directive or an assembly reference?)
C:\gh\azure-sdk-for-net\sdk\digitaltwins\Azure.DigitalTwins.Core\tests\DigitalTwinRelationshipTests.cs(447,23): error CS0246: The type or namespace name 'Task<>' could not be found (are you missing a using directive or an assembly reference?)
C:\gh\azure-sdk-for-net\sdk\digitaltwins\Azure.DigitalTwins.Core\tests\DigitalTwinRelationshipTests.cs(455,17): error CS0103: The name 'Assert' does not exist in the current context
C:\gh\azure-sdk-for-net\sdk\digitaltwins\Azure.DigitalTwins.Core\tests\DigitalTwinRelationshipTests.cs(464,29): error CS0246: The type or namespace name 'Task<>' could not be found (are you missing a using directive or an assembly reference?)
C:\gh\azure-sdk-for-net\sdk\digitaltwins\Azure.DigitalTwins.Core\tests\DigitalTwinRelationshipTests.cs(465,29): error CS0246: The type or namespace name 'Task<>' could not be found (are you missing a using directive or an assembly reference?)
C:\gh\azure-sdk-for-net\sdk\digitaltwins\Azure.DigitalTwins.Core\tests\DigitalTwinRelationshipTests.cs(466,29): error CS0246: The type or namespace name 'Task<>' could not be found (are you missing a using directive or an assembly reference?)
C:\gh\azure-sdk-for-net\sdk\digitaltwins\Azure.DigitalTwins.Core\tests\DigitalTwinRelationshipTests.cs(467,29): error CS0246: The type or namespace name 'Task<>' could not be found (are you missing a using directive or an assembly reference?)
C:\gh\azure-sdk-for-net\sdk\digitaltwins\Azure.DigitalTwins.Core\tests\DigitalTwinRelationshipTests.cs(468,29): error CS0246: The type or namespace name 'Task<>' could not be found (are you missing a using directive or an assembly reference?)
C:\gh\azure-sdk-for-net\sdk\digitaltwins\Azure.DigitalTwins.Core\tests\DigitalTwinRelationshipTests.cs(469,29): error CS0246: The type or namespace name 'Task<>' could not be found (are you missing a using directive or an assembly reference?)
C:\gh\azure-sdk-for-net\sdk\digitaltwins\Azure.DigitalTwins.Core\tests\DigitalTwinRelationshipTests.cs(474,21): error CS0103: The name 'Assert' does not exist in the current context
C:\gh\azure-sdk-for-net\sdk\digitaltwins\Azure.DigitalTwins.Core\tests\DigitalTwinTests.cs(287,23): error CS0246: The type or namespace name 'Task<>' could not be found (are you missing a using directive or an assembly reference?)
C:\gh\azure-sdk-for-net\sdk\digitaltwins\Azure.DigitalTwins.Core\tests\DigitalTwinTests.cs(290,17): error CS0246: The type or namespace name 'ETag' could not be found (are you missing a using directive or an assembly reference?)
C:\gh\azure-sdk-for-net\sdk\digitaltwins\Azure.DigitalTwins.Core\tests\DigitalTwinTests.cs(290,49): error CS0246: The type or namespace name 'Task<>' could not be found (are you missing a using directive or an assembly reference?)
C:\gh\azure-sdk-for-net\sdk\digitaltwins\Azure.DigitalTwins.Core\tests\DigitalTwinTests.cs(292,17): error CS0103: The name 'Assert' does not exist in the current context
C:\gh\azure-sdk-for-net\sdk\digitaltwins\Azure.DigitalTwins.Core\tests\DigitalTwinTests.cs(295,17): error CS0246: The type or namespace name 'JsonPatchDocument' could not be found (are you missing a using directive or an assembly reference?)
C:\gh\azure-sdk-for-net\sdk\digitaltwins\Azure.DigitalTwins.Core\tests\DigitalTwinTests.cs(295,65): error CS0246: The type or namespace name 'JsonPatchDocument' could not be found (are you missing a using directive or an assembly reference?)
C:\gh\azure-sdk-for-net\sdk\digitaltwins\Azure.DigitalTwins.Core\tests\DigitalTwinTests.cs(299,90): error CS0103: The name 'ETag' does not exist in the current context
C:\gh\azure-sdk-for-net\sdk\digitaltwins\Azure.DigitalTwins.Core\tests\DigitalTwinTests.cs(299,23): error CS0246: The type or namespace name 'Task<>' could not be found (are you missing a using directive or an assembly reference?)
C:\gh\azure-sdk-for-net\sdk\digitaltwins\Azure.DigitalTwins.Core\tests\DigitalTwinTests.cs(302,17): error CS0246: The type or namespace name 'JsonPatchDocument' could not be found (are you missing a using directive or an assembly reference?)
C:\gh\azure-sdk-for-net\sdk\digitaltwins\Azure.DigitalTwins.Core\tests\DigitalTwinTests.cs(302,71): error CS0246: The type or namespace name 'JsonPatchDocument' could not be found (are you missing a using directive or an assembly reference?)
C:\gh\azure-sdk-for-net\sdk\digitaltwins\Azure.DigitalTwins.Core\tests\DigitalTwinTests.cs(306,27): error CS0246: The type or namespace name 'Task<>' could not be found (are you missing a using directive or an assembly reference?)
C:\gh\azure-sdk-for-net\sdk\digitaltwins\Azure.DigitalTwins.Core\tests\DigitalTwinTests.cs(309,21): error CS1061: 'Func<Task>' does not contain a definition for 'Should' and no accessible extension method 'Should' accepting a first argument of type 'Func<Task>' could be found (are you missing a using directive or an assembly reference?)
C:\gh\azure-sdk-for-net\sdk\digitaltwins\Azure.DigitalTwins.Core\tests\DigitalTwinTests.cs(309,36): error CS0246: The type or namespace name 'RequestFailedException' could not be found (are you missing a using directive or an assembly reference?)
C:\gh\azure-sdk-for-net\sdk\digitaltwins\Azure.DigitalTwins.Core\tests\DigitalTwinTests.cs(314,17): error CS0103: The name 'Assert' does not exist in the current context
C:\gh\azure-sdk-for-net\sdk\digitaltwins\Azure.DigitalTwins.Core\tests\DigitalTwinTests.cs(323,31): error CS0246: The type or namespace name 'Task<>' could not be found (are you missing a using directive or an assembly reference?)
C:\gh\azure-sdk-for-net\sdk\digitaltwins\Azure.DigitalTwins.Core\tests\DigitalTwinTests.cs(328,21): error CS0103: The name 'Assert' does not exist in the current context
C:\gh\azure-sdk-for-net\sdk\digitaltwins\Azure.DigitalTwins.Core\tests\DigitalTwinTests.cs(354,23): error CS0246: The type or namespace name 'Task<>' could not be found (are you missing a using directive or an assembly reference?)
C:\gh\azure-sdk-for-net\sdk\digitaltwins\Azure.DigitalTwins.Core\tests\DigitalTwinTests.cs(357,17): error CS0246: The type or namespace name 'JsonPatchDocument' could not be found (are you missing a using directive or an assembly reference?)
C:\gh\azure-sdk-for-net\sdk\digitaltwins\Azure.DigitalTwins.Core\tests\DigitalTwinTests.cs(357,65): error CS0246: The type or namespace name 'JsonPatchDocument' could not be found (are you missing a using directive or an assembly reference?)
C:\gh\azure-sdk-for-net\sdk\digitaltwins\Azure.DigitalTwins.Core\tests\DigitalTwinTests.cs(361,90): error CS0103: The name 'ETag' does not exist in the current context
C:\gh\azure-sdk-for-net\sdk\digitaltwins\Azure.DigitalTwins.Core\tests\DigitalTwinTests.cs(361,23): error CS0246: The type or namespace name 'Task<>' could not be found (are you missing a using directive or an assembly reference?)
C:\gh\azure-sdk-for-net\sdk\digitaltwins\Azure.DigitalTwins.Core\tests\DigitalTwinTests.cs(364,17): error CS0246: The type or namespace name 'ETag' could not be found (are you missing a using directive or an assembly reference?)
C:\gh\azure-sdk-for-net\sdk\digitaltwins\Azure.DigitalTwins.Core\tests\DigitalTwinTests.cs(364,49): error CS0246: The type or namespace name 'Task<>' could not be found (are you missing a using directive or an assembly reference?)
C:\gh\azure-sdk-for-net\sdk\digitaltwins\Azure.DigitalTwins.Core\tests\DigitalTwinTests.cs(366,17): error CS0103: The name 'Assert' does not exist in the current context
C:\gh\azure-sdk-for-net\sdk\digitaltwins\Azure.DigitalTwins.Core\tests\DigitalTwinTests.cs(369,17): error CS0246: The type or namespace name 'JsonPatchDocument' could not be found (are you missing a using directive or an assembly reference?)
C:\gh\azure-sdk-for-net\sdk\digitaltwins\Azure.DigitalTwins.Core\tests\DigitalTwinTests.cs(369,71): error CS0246: The type or namespace name 'JsonPatchDocument' could not be found (are you missing a using directive or an assembly reference?)
C:\gh\azure-sdk-for-net\sdk\digitaltwins\Azure.DigitalTwins.Core\tests\DigitalTwinTests.cs(373,27): error CS0246: The type or namespace name 'Task<>' could not be found (are you missing a using directive or an assembly reference?)
C:\gh\azure-sdk-for-net\sdk\digitaltwins\Azure.DigitalTwins.Core\tests\DigitalTwinTests.cs(375,24): error CS0246: The type or namespace name 'RequestFailedException' could not be found (are you missing a using directive or an assembly reference?)
C:\gh\azure-sdk-for-net\sdk\digitaltwins\Azure.DigitalTwins.Core\tests\DigitalTwinTests.cs(377,31): error CS0246: The type or namespace name 'AssertionException' could not be found (are you missing a using directive or an assembly reference?)
C:\gh\azure-sdk-for-net\sdk\digitaltwins\Azure.DigitalTwins.Core\tests\DigitalTwinTests.cs(382,17): error CS0103: The name 'Assert' does not exist in the current context
C:\gh\azure-sdk-for-net\sdk\digitaltwins\Azure.DigitalTwins.Core\tests\DigitalTwinTests.cs(391,31): error CS0246: The type or namespace name 'Task<>' could not be found (are you missing a using directive or an assembly reference?)
C:\gh\azure-sdk-for-net\sdk\digitaltwins\Azure.DigitalTwins.Core\tests\DigitalTwinTests.cs(396,21): error CS0103: The name 'Assert' does not exist in the current context
C:\gh\azure-sdk-for-net\sdk\digitaltwins\Azure.DigitalTwins.Core\tests\DigitalTwinRelationshipTests.cs(506,23): error CS0246: The type or namespace name 'Task<>' could not be found (are you missing a using directive or an assembly reference?)
C:\gh\azure-sdk-for-net\sdk\digitaltwins\Azure.DigitalTwins.Core\tests\DigitalTwinRelationshipTests.cs(510,23): error CS0246: The type or namespace name 'Task<>' could not be found (are you missing a using directive or an assembly reference?)
C:\gh\azure-sdk-for-net\sdk\digitaltwins\Azure.DigitalTwins.Core\tests\DigitalTwinRelationshipTests.cs(514,23): error CS0246: The type or namespace name 'Task<>' could not be found (are you missing a using directive or an assembly reference?)
C:\gh\azure-sdk-for-net\sdk\digitaltwins\Azure.DigitalTwins.Core\tests\DigitalTwinRelationshipTests.cs(520,17): error CS0246: The type or namespace name 'JsonPatchDocument' could not be found (are you missing a using directive or an assembly reference?)
C:\gh\azure-sdk-for-net\sdk\digitaltwins\Azure.DigitalTwins.Core\tests\DigitalTwinRelationshipTests.cs(520,72): error CS0246: The type or namespace name 'JsonPatchDocument' could not be found (are you missing a using directive or an assembly reference?)
C:\gh\azure-sdk-for-net\sdk\digitaltwins\Azure.DigitalTwins.Core\tests\DigitalTwinRelationshipTests.cs(526,23): error CS0246: The type or namespace name 'Task<>' could not be found (are you missing a using directive or an assembly reference?)
C:\gh\azure-sdk-for-net\sdk\digitaltwins\Azure.DigitalTwins.Core\tests\DigitalTwinRelationshipTests.cs(536,27): error CS0246: The type or namespace name 'Task<>' could not be found (are you missing a using directive or an assembly reference?)
C:\gh\azure-sdk-for-net\sdk\digitaltwins\Azure.DigitalTwins.Core\tests\DigitalTwinRelationshipTests.cs(543,24): error CS0246: The type or namespace name 'RequestFailedException' could not be found (are you missing a using directive or an assembly reference?)
C:\gh\azure-sdk-for-net\sdk\digitaltwins\Azure.DigitalTwins.Core\tests\DigitalTwinRelationshipTests.cs(545,31): error CS0246: The type or namespace name 'AssertionException' could not be found (are you missing a using directive or an assembly reference?)
C:\gh\azure-sdk-for-net\sdk\digitaltwins\Azure.DigitalTwins.Core\tests\DigitalTwinRelationshipTests.cs(548,23): error CS0246: The type or namespace name 'Task<>' could not be found (are you missing a using directive or an assembly reference?)
C:\gh\azure-sdk-for-net\sdk\digitaltwins\Azure.DigitalTwins.Core\tests\DigitalTwinRelationshipTests.cs(556,17): error CS0103: The name 'Assert' does not exist in the current context
C:\gh\azure-sdk-for-net\sdk\digitaltwins\Azure.DigitalTwins.Core\tests\DigitalTwinRelationshipTests.cs(565,29): error CS0246: The type or namespace name 'Task<>' could not be found (are you missing a using directive or an assembly reference?)
C:\gh\azure-sdk-for-net\sdk\digitaltwins\Azure.DigitalTwins.Core\tests\DigitalTwinRelationshipTests.cs(566,29): error CS0246: The type or namespace name 'Task<>' could not be found (are you missing a using directive or an assembly reference?)
C:\gh\azure-sdk-for-net\sdk\digitaltwins\Azure.DigitalTwins.Core\tests\DigitalTwinRelationshipTests.cs(567,29): error CS0246: The type or namespace name 'Task<>' could not be found (are you missing a using directive or an assembly reference?)
C:\gh\azure-sdk-for-net\sdk\digitaltwins\Azure.DigitalTwins.Core\tests\DigitalTwinRelationshipTests.cs(568,29): error CS0246: The type or namespace name 'Task<>' could not be found (are you missing a using directive or an assembly reference?)
C:\gh\azure-sdk-for-net\sdk\digitaltwins\Azure.DigitalTwins.Core\tests\DigitalTwinRelationshipTests.cs(569,29): error CS0246: The type or namespace name 'Task<>' could not be found (are you missing a using directive or an assembly reference?)
C:\gh\azure-sdk-for-net\sdk\digitaltwins\Azure.DigitalTwins.Core\tests\DigitalTwinRelationshipTests.cs(570,29): error CS0246: The type or namespace name 'Task<>' could not be found (are you missing a using directive or an assembly reference?)
C:\gh\azure-sdk-for-net\sdk\digitaltwins\Azure.DigitalTwins.Core\tests\DigitalTwinRelationshipTests.cs(575,21): error CS0103: The name 'Assert' does not exist in the current context
C:\gh\azure-sdk-for-net\sdk\digitaltwins\Azure.DigitalTwins.Core\tests\DigitalTwinTests.cs(422,23): error CS0246: The type or namespace name 'Task<>' could not be found (are you missing a using directive or an assembly reference?)
C:\gh\azure-sdk-for-net\sdk\digitaltwins\Azure.DigitalTwins.Core\tests\DigitalTwinTests.cs(425,17): error CS0246: The type or namespace name 'ETag' could not be found (are you missing a using directive or an assembly reference?)
C:\gh\azure-sdk-for-net\sdk\digitaltwins\Azure.DigitalTwins.Core\tests\DigitalTwinTests.cs(425,49): error CS0246: The type or namespace name 'Task<>' could not be found (are you missing a using directive or an assembly reference?)
C:\gh\azure-sdk-for-net\sdk\digitaltwins\Azure.DigitalTwins.Core\tests\DigitalTwinTests.cs(428,17): error CS0246: The type or namespace name 'JsonPatchDocument' could not be found (are you missing a using directive or an assembly reference?)
C:\gh\azure-sdk-for-net\sdk\digitaltwins\Azure.DigitalTwins.Core\tests\DigitalTwinTests.cs(428,65): error CS0246: The type or namespace name 'JsonPatchDocument' could not be found (are you missing a using directive or an assembly reference?)
C:\gh\azure-sdk-for-net\sdk\digitaltwins\Azure.DigitalTwins.Core\tests\DigitalTwinTests.cs(433,90): error CS0103: The name 'ETag' does not exist in the current context
C:\gh\azure-sdk-for-net\sdk\digitaltwins\Azure.DigitalTwins.Core\tests\DigitalTwinTests.cs(433,23): error CS0246: The type or namespace name 'Task<>' could not be found (are you missing a using directive or an assembly reference?)
C:\gh\azure-sdk-for-net\sdk\digitaltwins\Azure.DigitalTwins.Core\tests\DigitalTwinTests.cs(439,27): error CS0246: The type or namespace name 'Task<>' could not be found (are you missing a using directive or an assembly reference?)
C:\gh\azure-sdk-for-net\sdk\digitaltwins\Azure.DigitalTwins.Core\tests\DigitalTwinTests.cs(442,21): error CS1061: 'Func<Task>' does not contain a definition for 'Should' and no accessible extension method 'Should' accepting a first argument of type 'Func<Task>' could be found (are you missing a using directive or an assembly reference?)
C:\gh\azure-sdk-for-net\sdk\digitaltwins\Azure.DigitalTwins.Core\tests\DigitalTwinTests.cs(442,36): error CS0246: The type or namespace name 'RequestFailedException' could not be found (are you missing a using directive or an assembly reference?)
C:\gh\azure-sdk-for-net\sdk\digitaltwins\Azure.DigitalTwins.Core\tests\DigitalTwinTests.cs(447,17): error CS0103: The name 'Assert' does not exist in the current context
C:\gh\azure-sdk-for-net\sdk\digitaltwins\Azure.DigitalTwins.Core\tests\DigitalTwinTests.cs(456,31): error CS0246: The type or namespace name 'Task<>' could not be found (are you missing a using directive or an assembly reference?)
C:\gh\azure-sdk-for-net\sdk\digitaltwins\Azure.DigitalTwins.Core\tests\DigitalTwinTests.cs(461,21): error CS0103: The name 'Assert' does not exist in the current context
C:\gh\azure-sdk-for-net\sdk\digitaltwins\Azure.DigitalTwins.Core\tests\DigitalTwinRelationshipTests.cs(607,23): error CS0246: The type or namespace name 'Task<>' could not be found (are you missing a using directive or an assembly reference?)
C:\gh\azure-sdk-for-net\sdk\digitaltwins\Azure.DigitalTwins.Core\tests\DigitalTwinRelationshipTests.cs(611,23): error CS0246: The type or namespace name 'Task<>' could not be found (are you missing a using directive or an assembly reference?)
C:\gh\azure-sdk-for-net\sdk\digitaltwins\Azure.DigitalTwins.Core\tests\DigitalTwinRelationshipTests.cs(615,23): error CS0246: The type or namespace name 'Task<>' could not be found (are you missing a using directive or an assembly reference?)
C:\gh\azure-sdk-for-net\sdk\digitaltwins\Azure.DigitalTwins.Core\tests\DigitalTwinRelationshipTests.cs(625,17): error CS0246: The type or namespace name 'ETag' could not be found (are you missing a using directive or an assembly reference?)
C:\gh\azure-sdk-for-net\sdk\digitaltwins\Azure.DigitalTwins.Core\tests\DigitalTwinRelationshipTests.cs(625,49): error CS0246: The type or namespace name 'Task<>' could not be found (are you missing a using directive or an assembly reference?)
C:\gh\azure-sdk-for-net\sdk\digitaltwins\Azure.DigitalTwins.Core\tests\DigitalTwinRelationshipTests.cs(635,17): error CS0246: The type or namespace name 'JsonPatchDocument' could not be found (are you missing a using directive or an assembly reference?)
C:\gh\azure-sdk-for-net\sdk\digitaltwins\Azure.DigitalTwins.Core\tests\DigitalTwinRelationshipTests.cs(635,72): error CS0246: The type or namespace name 'JsonPatchDocument' could not be found (are you missing a using directive or an assembly reference?)
C:\gh\azure-sdk-for-net\sdk\digitaltwins\Azure.DigitalTwins.Core\tests\DigitalTwinRelationshipTests.cs(637,23): error CS0246: The type or namespace name 'Task<>' could not be found (are you missing a using directive or an assembly reference?)
C:\gh\azure-sdk-for-net\sdk\digitaltwins\Azure.DigitalTwins.Core\tests\DigitalTwinRelationshipTests.cs(645,17): error CS0246: The type or namespace name 'JsonPatchDocument' could not be found (are you missing a using directive or an assembly reference?)
C:\gh\azure-sdk-for-net\sdk\digitaltwins\Azure.DigitalTwins.Core\tests\DigitalTwinRelationshipTests.cs(645,78): error CS0246: The type or namespace name 'JsonPatchDocument' could not be found (are you missing a using directive or an assembly reference?)
C:\gh\azure-sdk-for-net\sdk\digitaltwins\Azure.DigitalTwins.Core\tests\DigitalTwinRelationshipTests.cs(650,27): error CS0246: The type or namespace name 'Task<>' could not be found (are you missing a using directive or an assembly reference?)
C:\gh\azure-sdk-for-net\sdk\digitaltwins\Azure.DigitalTwins.Core\tests\DigitalTwinRelationshipTests.cs(659,21): error CS1061: 'Func<Task>' does not contain a definition for 'Should' and no accessible extension method 'Should' accepting a first argument of type 'Func<Task>' could be found (are you missing a using directive or an assembly reference?)
C:\gh\azure-sdk-for-net\sdk\digitaltwins\Azure.DigitalTwins.Core\tests\DigitalTwinRelationshipTests.cs(659,36): error CS0246: The type or namespace name 'RequestFailedException' could not be found (are you missing a using directive or an assembly reference?)
C:\gh\azure-sdk-for-net\sdk\digitaltwins\Azure.DigitalTwins.Core\tests\DigitalTwinRelationshipTests.cs(662,23): error CS0246: The type or namespace name 'Task<>' could not be found (are you missing a using directive or an assembly reference?)
C:\gh\azure-sdk-for-net\sdk\digitaltwins\Azure.DigitalTwins.Core\tests\DigitalTwinRelationshipTests.cs(669,17): error CS0103: The name 'Assert' does not exist in the current context
C:\gh\azure-sdk-for-net\sdk\digitaltwins\Azure.DigitalTwins.Core\tests\DigitalTwinRelationshipTests.cs(678,29): error CS0246: The type or namespace name 'Task<>' could not be found (are you missing a using directive or an assembly reference?)
C:\gh\azure-sdk-for-net\sdk\digitaltwins\Azure.DigitalTwins.Core\tests\DigitalTwinRelationshipTests.cs(679,29): error CS0246: The type or namespace name 'Task<>' could not be found (are you missing a using directive or an assembly reference?)
C:\gh\azure-sdk-for-net\sdk\digitaltwins\Azure.DigitalTwins.Core\tests\DigitalTwinRelationshipTests.cs(680,29): error CS0246: The type or namespace name 'Task<>' could not be found (are you missing a using directive or an assembly reference?)
C:\gh\azure-sdk-for-net\sdk\digitaltwins\Azure.DigitalTwins.Core\tests\DigitalTwinRelationshipTests.cs(681,29): error CS0246: The type or namespace name 'Task<>' could not be found (are you missing a using directive or an assembly reference?)
C:\gh\azure-sdk-for-net\sdk\digitaltwins\Azure.DigitalTwins.Core\tests\DigitalTwinRelationshipTests.cs(682,29): error CS0246: The type or namespace name 'Task<>' could not be found (are you missing a using directive or an assembly reference?)
C:\gh\azure-sdk-for-net\sdk\digitaltwins\Azure.DigitalTwins.Core\tests\DigitalTwinRelationshipTests.cs(683,29): error CS0246: The type or namespace name 'Task<>' could not be found (are you missing a using directive or an assembly reference?)
C:\gh\azure-sdk-for-net\sdk\digitaltwins\Azure.DigitalTwins.Core\tests\DigitalTwinRelationshipTests.cs(688,21): error CS0103: The name 'Assert' does not exist in the current context
C:\gh\azure-sdk-for-net\sdk\digitaltwins\Azure.DigitalTwins.Core\tests\DigitalTwinTests.cs(487,23): error CS0246: The type or namespace name 'Task<>' could not be found (are you missing a using directive or an assembly reference?)
C:\gh\azure-sdk-for-net\sdk\digitaltwins\Azure.DigitalTwins.Core\tests\DigitalTwinTests.cs(490,17): error CS0246: The type or namespace name 'JsonPatchDocument' could not be found (are you missing a using directive or an assembly reference?)
C:\gh\azure-sdk-for-net\sdk\digitaltwins\Azure.DigitalTwins.Core\tests\DigitalTwinTests.cs(490,65): error CS0246: The type or namespace name 'JsonPatchDocument' could not be found (are you missing a using directive or an assembly reference?)
C:\gh\azure-sdk-for-net\sdk\digitaltwins\Azure.DigitalTwins.Core\tests\DigitalTwinTests.cs(494,90): error CS0103: The name 'ETag' does not exist in the current context
C:\gh\azure-sdk-for-net\sdk\digitaltwins\Azure.DigitalTwins.Core\tests\DigitalTwinTests.cs(494,23): error CS0246: The type or namespace name 'Task<>' could not be found (are you missing a using directive or an assembly reference?)
C:\gh\azure-sdk-for-net\sdk\digitaltwins\Azure.DigitalTwins.Core\tests\DigitalTwinTests.cs(497,17): error CS0246: The type or namespace name 'ETag' could not be found (are you missing a using directive or an assembly reference?)
C:\gh\azure-sdk-for-net\sdk\digitaltwins\Azure.DigitalTwins.Core\tests\DigitalTwinTests.cs(497,44): error CS0246: The type or namespace name 'Task<>' could not be found (are you missing a using directive or an assembly reference?)
C:\gh\azure-sdk-for-net\sdk\digitaltwins\Azure.DigitalTwins.Core\tests\DigitalTwinTests.cs(498,17): error CS0103: The name 'Assert' does not exist in the current context
C:\gh\azure-sdk-for-net\sdk\digitaltwins\Azure.DigitalTwins.Core\tests\DigitalTwinTests.cs(503,27): error CS0246: The type or namespace name 'Task<>' could not be found (are you missing a using directive or an assembly reference?)
C:\gh\azure-sdk-for-net\sdk\digitaltwins\Azure.DigitalTwins.Core\tests\DigitalTwinTests.cs(505,24): error CS0246: The type or namespace name 'RequestFailedException' could not be found (are you missing a using directive or an assembly reference?)
C:\gh\azure-sdk-for-net\sdk\digitaltwins\Azure.DigitalTwins.Core\tests\DigitalTwinTests.cs(507,31): error CS0246: The type or namespace name 'AssertionException' could not be found (are you missing a using directive or an assembly reference?)
C:\gh\azure-sdk-for-net\sdk\digitaltwins\Azure.DigitalTwins.Core\tests\DigitalTwinTests.cs(512,17): error CS0103: The name 'Assert' does not exist in the current context
C:\gh\azure-sdk-for-net\sdk\digitaltwins\Azure.DigitalTwins.Core\tests\DigitalTwinTests.cs(521,31): error CS0246: The type or namespace name 'Task<>' could not be found (are you missing a using directive or an assembly reference?)
C:\gh\azure-sdk-for-net\sdk\digitaltwins\Azure.DigitalTwins.Core\tests\DigitalTwinTests.cs(526,21): error CS0103: The name 'Assert' does not exist in the current context
C:\gh\azure-sdk-for-net\sdk\digitaltwins\Azure.DigitalTwins.Core\tests\DigitalTwinRelationshipTests.cs(720,23): error CS0246: The type or namespace name 'Task<>' could not be found (are you missing a using directive or an assembly reference?)
C:\gh\azure-sdk-for-net\sdk\digitaltwins\Azure.DigitalTwins.Core\tests\DigitalTwinRelationshipTests.cs(724,23): error CS0246: The type or namespace name 'Task<>' could not be found (are you missing a using directive or an assembly reference?)
C:\gh\azure-sdk-for-net\sdk\digitaltwins\Azure.DigitalTwins.Core\tests\DigitalTwinRelationshipTests.cs(728,23): error CS0246: The type or namespace name 'Task<>' could not be found (are you missing a using directive or an assembly reference?)
C:\gh\azure-sdk-for-net\sdk\digitaltwins\Azure.DigitalTwins.Core\tests\DigitalTwinRelationshipTests.cs(738,23): error CS0246: The type or namespace name 'Task<>' could not be found (are you missing a using directive or an assembly reference?)
C:\gh\azure-sdk-for-net\sdk\digitaltwins\Azure.DigitalTwins.Core\tests\DigitalTwinRelationshipTests.cs(748,17): error CS0246: The type or namespace name 'JsonPatchDocument' could not be found (are you missing a using directive or an assembly reference?)
C:\gh\azure-sdk-for-net\sdk\digitaltwins\Azure.DigitalTwins.Core\tests\DigitalTwinRelationshipTests.cs(748,72): error CS0246: The type or namespace name 'JsonPatchDocument' could not be found (are you missing a using directive or an assembly reference?)
C:\gh\azure-sdk-for-net\sdk\digitaltwins\Azure.DigitalTwins.Core\tests\DigitalTwinRelationshipTests.cs(750,23): error CS0246: The type or namespace name 'Task<>' could not be found (are you missing a using directive or an assembly reference?)
C:\gh\azure-sdk-for-net\sdk\digitaltwins\Azure.DigitalTwins.Core\tests\DigitalTwinRelationshipTests.cs(758,17): error CS0246: The type or namespace name 'JsonPatchDocument' could not be found (are you missing a using directive or an assembly reference?)
C:\gh\azure-sdk-for-net\sdk\digitaltwins\Azure.DigitalTwins.Core\tests\DigitalTwinRelationshipTests.cs(758,78): error CS0246: The type or namespace name 'JsonPatchDocument' could not be found (are you missing a using directive or an assembly reference?)
C:\gh\azure-sdk-for-net\sdk\digitaltwins\Azure.DigitalTwins.Core\tests\DigitalTwinRelationshipTests.cs(761,17): error CS0246: The type or namespace name 'ETag' could not be found (are you missing a using directive or an assembly reference?)
C:\gh\azure-sdk-for-net\sdk\digitaltwins\Azure.DigitalTwins.Core\tests\DigitalTwinRelationshipTests.cs(761,44): error CS0246: The type or namespace name 'Task<>' could not be found (are you missing a using directive or an assembly reference?)
C:\gh\azure-sdk-for-net\sdk\digitaltwins\Azure.DigitalTwins.Core\tests\DigitalTwinRelationshipTests.cs(766,17): error CS0103: The name 'Assert' does not exist in the current context
C:\gh\azure-sdk-for-net\sdk\digitaltwins\Azure.DigitalTwins.Core\tests\DigitalTwinRelationshipTests.cs(770,27): error CS0246: The type or namespace name 'Task<>' could not be found (are you missing a using directive or an assembly reference?)
C:\gh\azure-sdk-for-net\sdk\digitaltwins\Azure.DigitalTwins.Core\tests\DigitalTwinRelationshipTests.cs(778,24): error CS0246: The type or namespace name 'RequestFailedException' could not be found (are you missing a using directive or an assembly reference?)
C:\gh\azure-sdk-for-net\sdk\digitaltwins\Azure.DigitalTwins.Core\tests\DigitalTwinRelationshipTests.cs(780,31): error CS0246: The type or namespace name 'AssertionException' could not be found (are you missing a using directive or an assembly reference?)
C:\gh\azure-sdk-for-net\sdk\digitaltwins\Azure.DigitalTwins.Core\tests\DigitalTwinRelationshipTests.cs(784,27): error CS0246: The type or namespace name 'Task<>' could not be found (are you missing a using directive or an assembly reference?)
C:\gh\azure-sdk-for-net\sdk\digitaltwins\Azure.DigitalTwins.Core\tests\DigitalTwinRelationshipTests.cs(792,17): error CS0103: The name 'Assert' does not exist in the current context
C:\gh\azure-sdk-for-net\sdk\digitaltwins\Azure.DigitalTwins.Core\tests\DigitalTwinRelationshipTests.cs(801,29): error CS0246: The type or namespace name 'Task<>' could not be found (are you missing a using directive or an assembly reference?)
C:\gh\azure-sdk-for-net\sdk\digitaltwins\Azure.DigitalTwins.Core\tests\DigitalTwinRelationshipTests.cs(802,29): error CS0246: The type or namespace name 'Task<>' could not be found (are you missing a using directive or an assembly reference?)
C:\gh\azure-sdk-for-net\sdk\digitaltwins\Azure.DigitalTwins.Core\tests\DigitalTwinRelationshipTests.cs(803,29): error CS0246: The type or namespace name 'Task<>' could not be found (are you missing a using directive or an assembly reference?)
C:\gh\azure-sdk-for-net\sdk\digitaltwins\Azure.DigitalTwins.Core\tests\DigitalTwinRelationshipTests.cs(804,29): error CS0246: The type or namespace name 'Task<>' could not be found (are you missing a using directive or an assembly reference?)
C:\gh\azure-sdk-for-net\sdk\digitaltwins\Azure.DigitalTwins.Core\tests\DigitalTwinRelationshipTests.cs(805,29): error CS0246: The type or namespace name 'Task<>' could not be found (are you missing a using directive or an assembly reference?)
C:\gh\azure-sdk-for-net\sdk\digitaltwins\Azure.DigitalTwins.Core\tests\DigitalTwinRelationshipTests.cs(806,29): error CS0246: The type or namespace name 'Task<>' could not be found (are you missing a using directive or an assembly reference?)
C:\gh\azure-sdk-for-net\sdk\digitaltwins\Azure.DigitalTwins.Core\tests\DigitalTwinRelationshipTests.cs(811,21): error CS0103: The name 'Assert' does not exist in the current context
C:\gh\azure-sdk-for-net\sdk\digitaltwins\Azure.DigitalTwins.Core\tests\DigitalTwinRelationshipTests.cs(843,23): error CS0246: The type or namespace name 'Task<>' could not be found (are you missing a using directive or an assembly reference?)
C:\gh\azure-sdk-for-net\sdk\digitaltwins\Azure.DigitalTwins.Core\tests\DigitalTwinRelationshipTests.cs(847,23): error CS0246: The type or namespace name 'Task<>' could not be found (are you missing a using directive or an assembly reference?)
C:\gh\azure-sdk-for-net\sdk\digitaltwins\Azure.DigitalTwins.Core\tests\DigitalTwinRelationshipTests.cs(851,23): error CS0246: The type or namespace name 'Task<>' could not be found (are you missing a using directive or an assembly reference?)
C:\gh\azure-sdk-for-net\sdk\digitaltwins\Azure.DigitalTwins.Core\tests\DigitalTwinRelationshipTests.cs(857,17): error CS0246: The type or namespace name 'JsonPatchDocument' could not be found (are you missing a using directive or an assembly reference?)
C:\gh\azure-sdk-for-net\sdk\digitaltwins\Azure.DigitalTwins.Core\tests\DigitalTwinRelationshipTests.cs(857,72): error CS0246: The type or namespace name 'JsonPatchDocument' could not be found (are you missing a using directive or an assembly reference?)
C:\gh\azure-sdk-for-net\sdk\digitaltwins\Azure.DigitalTwins.Core\tests\DigitalTwinRelationshipTests.cs(863,17): error CS0246: The type or namespace name 'ETag' could not be found (are you missing a using directive or an assembly reference?)
C:\gh\azure-sdk-for-net\sdk\digitaltwins\Azure.DigitalTwins.Core\tests\DigitalTwinRelationshipTests.cs(863,49): error CS0246: The type or namespace name 'Task<>' could not be found (are you missing a using directive or an assembly reference?)
C:\gh\azure-sdk-for-net\sdk\digitaltwins\Azure.DigitalTwins.Core\tests\DigitalTwinRelationshipTests.cs(873,23): error CS0246: The type or namespace name 'Task<>' could not be found (are you missing a using directive or an assembly reference?)
C:\gh\azure-sdk-for-net\sdk\digitaltwins\Azure.DigitalTwins.Core\tests\DigitalTwinRelationshipTests.cs(882,27): error CS0246: The type or namespace name 'Task<>' could not be found (are you missing a using directive or an assembly reference?)
C:\gh\azure-sdk-for-net\sdk\digitaltwins\Azure.DigitalTwins.Core\tests\DigitalTwinRelationshipTests.cs(890,21): error CS1061: 'Func<Task>' does not contain a definition for 'Should' and no accessible extension method 'Should' accepting a first argument of type 'Func<Task>' could be found (are you missing a using directive or an assembly reference?)
C:\gh\azure-sdk-for-net\sdk\digitaltwins\Azure.DigitalTwins.Core\tests\DigitalTwinRelationshipTests.cs(890,36): error CS0246: The type or namespace name 'RequestFailedException' could not be found (are you missing a using directive or an assembly reference?)
C:\gh\azure-sdk-for-net\sdk\digitaltwins\Azure.DigitalTwins.Core\tests\DigitalTwinRelationshipTests.cs(894,23): error CS0246: The type or namespace name 'Task<>' could not be found (are you missing a using directive or an assembly reference?)
C:\gh\azure-sdk-for-net\sdk\digitaltwins\Azure.DigitalTwins.Core\tests\DigitalTwinRelationshipTests.cs(902,17): error CS0103: The name 'Assert' does not exist in the current context
C:\gh\azure-sdk-for-net\sdk\digitaltwins\Azure.DigitalTwins.Core\tests\DigitalTwinRelationshipTests.cs(911,29): error CS0246: The type or namespace name 'Task<>' could not be found (are you missing a using directive or an assembly reference?)
C:\gh\azure-sdk-for-net\sdk\digitaltwins\Azure.DigitalTwins.Core\tests\DigitalTwinRelationshipTests.cs(912,29): error CS0246: The type or namespace name 'Task<>' could not be found (are you missing a using directive or an assembly reference?)
C:\gh\azure-sdk-for-net\sdk\digitaltwins\Azure.DigitalTwins.Core\tests\DigitalTwinRelationshipTests.cs(913,29): error CS0246: The type or namespace name 'Task<>' could not be found (are you missing a using directive or an assembly reference?)
C:\gh\azure-sdk-for-net\sdk\digitaltwins\Azure.DigitalTwins.Core\tests\DigitalTwinRelationshipTests.cs(914,29): error CS0246: The type or namespace name 'Task<>' could not be found (are you missing a using directive or an assembly reference?)
C:\gh\azure-sdk-for-net\sdk\digitaltwins\Azure.DigitalTwins.Core\tests\DigitalTwinRelationshipTests.cs(915,29): error CS0246: The type or namespace name 'Task<>' could not be found (are you missing a using directive or an assembly reference?)
C:\gh\azure-sdk-for-net\sdk\digitaltwins\Azure.DigitalTwins.Core\tests\DigitalTwinRelationshipTests.cs(916,29): error CS0246: The type or namespace name 'Task<>' could not be found (are you missing a using directive or an assembly reference?)
C:\gh\azure-sdk-for-net\sdk\digitaltwins\Azure.DigitalTwins.Core\tests\DigitalTwinRelationshipTests.cs(921,21): error CS0103: The name 'Assert' does not exist in the current context
C:\gh\azure-sdk-for-net\sdk\digitaltwins\Azure.DigitalTwins.Core\tests\DigitalTwinRelationshipTests.cs(953,23): error CS0246: The type or namespace name 'Task<>' could not be found (are you missing a using directive or an assembly reference?)
C:\gh\azure-sdk-for-net\sdk\digitaltwins\Azure.DigitalTwins.Core\tests\DigitalTwinRelationshipTests.cs(957,23): error CS0246: The type or namespace name 'Task<>' could not be found (are you missing a using directive or an assembly reference?)
C:\gh\azure-sdk-for-net\sdk\digitaltwins\Azure.DigitalTwins.Core\tests\DigitalTwinRelationshipTests.cs(961,23): error CS0246: The type or namespace name 'Task<>' could not be found (are you missing a using directive or an assembly reference?)
C:\gh\azure-sdk-for-net\sdk\digitaltwins\Azure.DigitalTwins.Core\tests\DigitalTwinRelationshipTests.cs(967,17): error CS0246: The type or namespace name 'JsonPatchDocument' could not be found (are you missing a using directive or an assembly reference?)
C:\gh\azure-sdk-for-net\sdk\digitaltwins\Azure.DigitalTwins.Core\tests\DigitalTwinRelationshipTests.cs(967,72): error CS0246: The type or namespace name 'JsonPatchDocument' could not be found (are you missing a using directive or an assembly reference?)
C:\gh\azure-sdk-for-net\sdk\digitaltwins\Azure.DigitalTwins.Core\tests\DigitalTwinRelationshipTests.cs(973,23): error CS0246: The type or namespace name 'Task<>' could not be found (are you missing a using directive or an assembly reference?)
C:\gh\azure-sdk-for-net\sdk\digitaltwins\Azure.DigitalTwins.Core\tests\DigitalTwinRelationshipTests.cs(983,23): error CS0246: The type or namespace name 'Task<>' could not be found (are you missing a using directive or an assembly reference?)
C:\gh\azure-sdk-for-net\sdk\digitaltwins\Azure.DigitalTwins.Core\tests\DigitalTwinRelationshipTests.cs(990,17): error CS0246: The type or namespace name 'ETag' could not be found (are you missing a using directive or an assembly reference?)
C:\gh\azure-sdk-for-net\sdk\digitaltwins\Azure.DigitalTwins.Core\tests\DigitalTwinRelationshipTests.cs(990,44): error CS0246: The type or namespace name 'Task<>' could not be found (are you missing a using directive or an assembly reference?)
C:\gh\azure-sdk-for-net\sdk\digitaltwins\Azure.DigitalTwins.Core\tests\DigitalTwinRelationshipTests.cs(996,17): error CS0103: The name 'Assert' does not exist in the current context
C:\gh\azure-sdk-for-net\sdk\digitaltwins\Azure.DigitalTwins.Core\tests\DigitalTwinRelationshipTests.cs(1000,27): error CS0246: The type or namespace name 'Task<>' could not be found (are you missing a using directive or an assembly reference?)
C:\gh\azure-sdk-for-net\sdk\digitaltwins\Azure.DigitalTwins.Core\tests\DigitalTwinRelationshipTests.cs(1007,24): error CS0246: The type or namespace name 'RequestFailedException' could not be found (are you missing a using directive or an assembly reference?)
C:\gh\azure-sdk-for-net\sdk\digitaltwins\Azure.DigitalTwins.Core\tests\DigitalTwinRelationshipTests.cs(1010,27): error CS0246: The type or namespace name 'Task<>' could not be found (are you missing a using directive or an assembly reference?)
C:\gh\azure-sdk-for-net\sdk\digitaltwins\Azure.DigitalTwins.Core\tests\DigitalTwinRelationshipTests.cs(1016,31): error CS0246: The type or namespace name 'AssertionException' could not be found (are you missing a using directive or an assembly reference?)
C:\gh\azure-sdk-for-net\sdk\digitaltwins\Azure.DigitalTwins.Core\tests\DigitalTwinRelationshipTests.cs(1021,17): error CS0103: The name 'Assert' does not exist in the current context
C:\gh\azure-sdk-for-net\sdk\digitaltwins\Azure.DigitalTwins.Core\tests\DigitalTwinRelationshipTests.cs(1030,29): error CS0246: The type or namespace name 'Task<>' could not be found (are you missing a using directive or an assembly reference?)
C:\gh\azure-sdk-for-net\sdk\digitaltwins\Azure.DigitalTwins.Core\tests\DigitalTwinRelationshipTests.cs(1031,29): error CS0246: The type or namespace name 'Task<>' could not be found (are you missing a using directive or an assembly reference?)
C:\gh\azure-sdk-for-net\sdk\digitaltwins\Azure.DigitalTwins.Core\tests\DigitalTwinRelationshipTests.cs(1032,29): error CS0246: The type or namespace name 'Task<>' could not be found (are you missing a using directive or an assembly reference?)
C:\gh\azure-sdk-for-net\sdk\digitaltwins\Azure.DigitalTwins.Core\tests\DigitalTwinRelationshipTests.cs(1033,29): error CS0246: The type or namespace name 'Task<>' could not be found (are you missing a using directive or an assembly reference?)
C:\gh\azure-sdk-for-net\sdk\digitaltwins\Azure.DigitalTwins.Core\tests\DigitalTwinRelationshipTests.cs(1034,29): error CS0246: The type or namespace name 'Task<>' could not be found (are you missing a using directive or an assembly reference?)
C:\gh\azure-sdk-for-net\sdk\digitaltwins\Azure.DigitalTwins.Core\tests\DigitalTwinRelationshipTests.cs(1035,29): error CS0246: The type or namespace name 'Task<>' could not be found (are you missing a using directive or an assembly reference?)
C:\gh\azure-sdk-for-net\sdk\digitaltwins\Azure.DigitalTwins.Core\tests\DigitalTwinRelationshipTests.cs(1040,21): error CS0103: The name 'Assert' does not exist in the current context
C:\gh\azure-sdk-for-net\sdk\digitaltwins\Azure.DigitalTwins.Core\tests\BasicRelationshipUnitTests.cs(5,1): hidden CS8019: Unnecessary using directive.
C:\gh\azure-sdk-for-net\sdk\digitaltwins\Azure.DigitalTwins.Core\tests\TestObjectSerializer.cs(10,1): hidden CS8019: Unnecessary using directive.
C:\gh\azure-sdk-for-net\sdk\digitaltwins\Azure.DigitalTwins.Core\tests\ModelsTests.cs(9,1): hidden CS8019: Unnecessary using directive.
C:\gh\azure-sdk-for-net\artifacts\obj\Azure.DigitalTwins.Core.Tests\Debug\net461\Azure.DigitalTwins.Core.Tests.AssemblyInfo.cs(11,1): hidden CS8019: Unnecessary using directive.
C:\gh\azure-sdk-for-net\sdk\digitaltwins\Azure.DigitalTwins.Core\tests\DigitalTwinTests.cs(8,1): hidden CS8019: Unnecessary using directive.
C:\gh\azure-sdk-for-net\sdk\digitaltwins\Azure.DigitalTwins.Core\tests\ComponentTests.cs(8,1): hidden CS8019: Unnecessary using directive.
C:\gh\azure-sdk-for-net\sdk\digitaltwins\Azure.DigitalTwins.Core\tests\TestAssetDefaults.cs(6,1): hidden CS8019: Unnecessary using directive.
C:\gh\azure-sdk-for-net\sdk\digitaltwins\Azure.DigitalTwins.Core\tests\PayloadHelperUnitTests.cs(7,1): hidden CS8019: Unnecessary using directive.
C:\gh\azure-sdk-for-net\sdk\digitaltwins\Azure.DigitalTwins.Core\tests\EventRouteTests.cs(7,1): hidden CS8019: Unnecessary using directive.
C:\gh\azure-sdk-for-net\sdk\digitaltwins\Azure.DigitalTwins.Core\tests\TestAssetDefaults.cs(5,1): hidden CS8019: Unnecessary using directive.
C:\gh\azure-sdk-for-net\sdk\digitaltwins\Azure.DigitalTwins.Core\tests\TestObjectSerializer.cs(5,1): hidden CS8019: Unnecessary using directive.
C:\gh\azure-sdk-for-net\sdk\digitaltwins\Azure.DigitalTwins.Core\tests\E2eTestBase.cs(9,1): hidden CS8019: Unnecessary using directive.
C:\gh\azure-sdk-for-net\sdk\digitaltwins\Azure.DigitalTwins.Core\tests\FakeTokenCredential.cs(6,1): hidden CS8019: Unnecessary using directive.
C:\gh\azure-sdk-for-net\sdk\digitaltwins\Azure.DigitalTwins.Core\tests\BasicRelationshipUnitTests.cs(6,1): hidden CS8019: Unnecessary using directive.
C:\gh\azure-sdk-for-net\sdk\digitaltwins\Azure.DigitalTwins.Core\tests\TestAssetDefaults.cs(4,1): hidden CS8019: Unnecessary using directive.
C:\gh\azure-sdk-for-net\sdk\digitaltwins\Azure.DigitalTwins.Core\tests\EnsureCorrectTestMode.cs(8,1): hidden CS8019: Unnecessary using directive.
C:\gh\azure-sdk-for-net\sdk\digitaltwins\Azure.DigitalTwins.Core\tests\ModelsTests.cs(10,1): hidden CS8019: Unnecessary using directive.
C:\gh\azure-sdk-for-net\sdk\digitaltwins\Azure.DigitalTwins.Core\tests\DigitalTwinTests.cs(9,1): hidden CS8019: Unnecessary using directive.
C:\gh\azure-sdk-for-net\sdk\digitaltwins\Azure.DigitalTwins.Core\tests\ComponentTests.cs(9,1): hidden CS8019: Unnecessary using directive.
C:\gh\azure-sdk-for-net\sdk\digitaltwins\Azure.DigitalTwins.Core\tests\EventRouteTests.cs(8,1): hidden CS8019: Unnecessary using directive.
C:\gh\azure-sdk-for-net\sdk\digitaltwins\Azure.DigitalTwins.Core\tests\DigitalTwinClientTests.cs(5,1): hidden CS8019: Unnecessary using directive.
C:\gh\azure-sdk-for-net\sdk\digitaltwins\Azure.DigitalTwins.Core\tests\DigitalTwinRelationshipTests.cs(8,1): hidden CS8019: Unnecessary using directive.
C:\gh\azure-sdk-for-net\sdk\digitaltwins\Azure.DigitalTwins.Core\tests\QueryTests.cs(10,1): hidden CS8019: Unnecessary using directive.
C:\gh\azure-sdk-for-net\sdk\digitaltwins\Azure.DigitalTwins.Core\tests\PayloadHelperUnitTests.cs(8,1): hidden CS8019: Unnecessary using directive.
C:\gh\azure-sdk-for-net\artifacts\obj\Azure.DigitalTwins.Core.Tests\Debug\net461\.NETFramework,Version=v4.6.1.AssemblyAttributes.cs(3,1): hidden CS8019: Unnecessary using directive.
C:\gh\azure-sdk-for-net\sdk\digitaltwins\Azure.DigitalTwins.Core\tests\EnsureCorrectTestMode.cs(4,1): hidden CS8019: Unnecessary using directive.
C:\gh\azure-sdk-for-net\sdk\digitaltwins\Azure.DigitalTwins.Core\tests\TestObjectSerializer.cs(11,1): hidden CS8019: Unnecessary using directive.
C:\gh\azure-sdk-for-net\sdk\digitaltwins\Azure.DigitalTwins.Core\tests\TestAssetsHelper.cs(5,1): hidden CS8019: Unnecessary using directive.
C:\gh\azure-sdk-for-net\sdk\digitaltwins\Azure.DigitalTwins.Core\tests\EnsureCorrectTestMode.cs(9,1): hidden CS8019: Unnecessary using directive.
C:\gh\azure-sdk-for-net\sdk\digitaltwins\Azure.DigitalTwins.Core\tests\PublishTelemetryTests.cs(9,1): hidden CS8019: Unnecessary using directive.
C:\gh\azure-sdk-for-net\sdk\digitaltwins\Azure.DigitalTwins.Core\tests\BasicRelationshipUnitTests.cs(4,1): hidden CS8019: Unnecessary using directive.
C:\gh\azure-sdk-for-net\sdk\digitaltwins\Azure.DigitalTwins.Core\tests\TestSettings.cs(8,1): hidden CS8019: Unnecessary using directive.
C:\gh\azure-sdk-for-net\sdk\digitaltwins\Azure.DigitalTwins.Core\tests\TestObjectSerializer.cs(8,1): hidden CS8019: Unnecessary using directive.
C:\gh\azure-sdk-for-net\sdk\digitaltwins\Azure.DigitalTwins.Core\tests\PublishTelemetryTests.cs(7,1): hidden CS8019: Unnecessary using directive.
C:\gh\azure-sdk-for-net\artifacts\obj\Azure.DigitalTwins.Core.Tests\Debug\net461\Azure.DigitalTwins.Core.Tests.AssemblyInfo.cs(12,1): hidden CS8019: Unnecessary using directive.
C:\gh\azure-sdk-for-net\sdk\digitaltwins\Azure.DigitalTwins.Core\tests\QueryTests.cs(6,1): hidden CS8019: Unnecessary using directive.
C:\gh\azure-sdk-for-net\sdk\digitaltwins\Azure.DigitalTwins.Core\tests\DigitalTwinClientTests.cs(6,1): hidden CS8019: Unnecessary using directive.
C:\gh\azure-sdk-for-net\artifacts\obj\Azure.DigitalTwins.Core.Tests\Debug\net461\.NETFramework,Version=v4.6.1.AssemblyAttributes.cs(2,1): hidden CS8019: Unnecessary using directive.
C:\gh\azure-sdk-for-net\sdk\digitaltwins\Azure.DigitalTwins.Core\tests\DigitalTwinRelationshipTests.cs(9,1): hidden CS8019: Unnecessary using directive.
C:\gh\azure-sdk-for-net\sdk\digitaltwins\Azure.DigitalTwins.Core\tests\QueryTests.cs(11,1): hidden CS8019: Unnecessary using directive.
C:\gh\azure-sdk-for-net\sdk\digitaltwins\Azure.DigitalTwins.Core\tests\PayloadHelperUnitTests.cs(9,1): hidden CS8019: Unnecessary using directive.
C:\gh\azure-sdk-for-net\sdk\digitaltwins\Azure.DigitalTwins.Core\tests\TestObjectSerializer.cs(7,1): hidden CS8019: Unnecessary using directive.
C:\gh\azure-sdk-for-net\sdk\digitaltwins\Azure.DigitalTwins.Core\tests\FakeTokenCredential.cs(7,1): hidden CS8019: Unnecessary using directive.
C:\gh\azure-sdk-for-net\sdk\digitaltwins\Azure.DigitalTwins.Core\tests\PayloadHelperUnitTests.cs(6,1): hidden CS8019: Unnecessary using directive.
C:\gh\azure-sdk-for-net\sdk\digitaltwins\Azure.DigitalTwins.Core\tests\EnsureCorrectTestMode.cs(10,1): hidden CS8019: Unnecessary using directive.
C:\gh\azure-sdk-for-net\sdk\digitaltwins\Azure.DigitalTwins.Core\tests\TestAssets.Designer.cs(12,5): hidden CS8019: Unnecessary using directive.
C:\gh\azure-sdk-for-net\sdk\digitaltwins\Azure.DigitalTwins.Core\tests\PublishTelemetryTests.cs(10,1): hidden CS8019: Unnecessary using directive.
