C:\gh\azure-sdk-for-net\sdk\mgmtcommon\TestFramework\ClientRuntime.Azure.TestFramework\SubscriptionInfo.cs(15,29): error CS0246: The type or namespace name 'JObject' could not be found (are you missing a using directive or an assembly reference?)
C:\gh\azure-sdk-for-net\sdk\mgmtcommon\TestFramework\ClientRuntime.Azure.TestFramework\ResourceGroupCleaner.cs(21,17): error CS0246: The type or namespace name 'TokenCredentials' could not be found (are you missing a using directive or an assembly reference?)
C:\gh\azure-sdk-for-net\sdk\mgmtcommon\TestFramework\ClientRuntime.Azure.TestFramework\ResourceGroupCleaner.cs(23,37): error CS0246: The type or namespace name 'TokenCredentials' could not be found (are you missing a using directive or an assembly reference?)
C:\gh\azure-sdk-for-net\sdk\mgmtcommon\TestFramework\ClientRuntime.Azure.TestFramework\TestEnvironment.cs(503,74): error CS0246: The type or namespace name 'TokenCredentials' could not be found (are you missing a using directive or an assembly reference?)
C:\gh\azure-sdk-for-net\sdk\mgmtcommon\TestFramework\ClientRuntime.Azure.TestFramework\TestEnvironment.cs(373,41): error CS0246: The type or namespace name 'ActiveDirectoryServiceSettings' could not be found (are you missing a using directive or an assembly reference?)
C:\gh\azure-sdk-for-net\sdk\mgmtcommon\TestFramework\ClientRuntime.Azure.TestFramework\TestEnvironment.cs(374,41): error CS0246: The type or namespace name 'ActiveDirectoryServiceSettings' could not be found (are you missing a using directive or an assembly reference?)
C:\gh\azure-sdk-for-net\sdk\mgmtcommon\TestFramework\ClientRuntime.Azure.TestFramework\TestEnvironment.cs(337,52): error CS0246: The type or namespace name 'ActiveDirectoryServiceSettings' could not be found (are you missing a using directive or an assembly reference?)
C:\gh\azure-sdk-for-net\sdk\mgmtcommon\TestFramework\ClientRuntime.Azure.TestFramework\ResourceGroupCleaner.cs(4,17): error CS0234: The type or namespace name 'IdentityModel' does not exist in the namespace 'Microsoft' (are you missing an assembly reference?)
C:\gh\azure-sdk-for-net\sdk\mgmtcommon\TestFramework\ClientRuntime.Azure.TestFramework\SubscriptionInfo.cs(4,7): error CS0246: The type or namespace name 'Newtonsoft' could not be found (are you missing a using directive or an assembly reference?)
C:\gh\azure-sdk-for-net\sdk\mgmtcommon\TestFramework\ClientRuntime.Azure.TestFramework\TestEnvironment.cs(5,26): error CS0234: The type or namespace name 'Azure' does not exist in the namespace 'Microsoft.Rest' (are you missing an assembly reference?)
C:\gh\azure-sdk-for-net\sdk\mgmtcommon\TestFramework\ClientRuntime.Azure.TestFramework\TestEnvironment.cs(7,11): error CS0246: The type or namespace name 'Newtonsoft' could not be found (are you missing a using directive or an assembly reference?)
C:\gh\azure-sdk-for-net\sdk\mgmtcommon\TestFramework\ClientRuntime.Azure.TestFramework\TestEnvironment.cs(15,21): error CS0234: The type or namespace name 'IdentityModel' does not exist in the namespace 'Microsoft' (are you missing an assembly reference?)
C:\gh\azure-sdk-for-net\sdk\mgmtcommon\TestFramework\ClientRuntime.Azure.TestFramework\TestEnvironment.cs(42,42): error CS0246: The type or namespace name 'TokenCredentials' could not be found (are you missing a using directive or an assembly reference?)
C:\gh\azure-sdk-for-net\sdk\mgmtcommon\TestFramework\ClientRuntime.Azure.TestFramework\TestEnvironment.cs(134,60): error CS0246: The type or namespace name 'TokenCredentials' could not be found (are you missing a using directive or an assembly reference?)
C:\gh\azure-sdk-for-net\sdk\mgmtcommon\TestFramework\ClientRuntime.Azure.TestFramework\TestEnvironment.cs(150,60): error CS0246: The type or namespace name 'TokenCredentials' could not be found (are you missing a using directive or an assembly reference?)
C:\gh\azure-sdk-for-net\sdk\mgmtcommon\TestFramework\ClientRuntime.Azure.TestFramework\TestEnvironment.cs(151,55): error CS0246: The type or namespace name 'TokenCredentials' could not be found (are you missing a using directive or an assembly reference?)
C:\gh\azure-sdk-for-net\sdk\mgmtcommon\TestFramework\ClientRuntime.Azure.TestFramework\TestEnvironment.cs(278,13): error CS0246: The type or namespace name 'ActiveDirectoryServiceSettings' could not be found (are you missing a using directive or an assembly reference?)
C:\gh\azure-sdk-for-net\sdk\mgmtcommon\TestFramework\ClientRuntime.Azure.TestFramework\TestEnvironment.cs(278,69): error CS0246: The type or namespace name 'ActiveDirectoryServiceSettings' could not be found (are you missing a using directive or an assembly reference?)
C:\gh\azure-sdk-for-net\sdk\mgmtcommon\TestFramework\ClientRuntime.Azure.TestFramework\TestEnvironment.cs(284,13): error CS0246: The type or namespace name 'ActiveDirectoryServiceSettings' could not be found (are you missing a using directive or an assembly reference?)
C:\gh\azure-sdk-for-net\sdk\mgmtcommon\TestFramework\ClientRuntime.Azure.TestFramework\TestEnvironment.cs(284,74): error CS0246: The type or namespace name 'ActiveDirectoryServiceSettings' could not be found (are you missing a using directive or an assembly reference?)
C:\gh\azure-sdk-for-net\sdk\mgmtcommon\TestFramework\ClientRuntime.Azure.TestFramework\TestEnvironment.cs(294,22): error CS0246: The type or namespace name 'TokenCredentials' could not be found (are you missing a using directive or an assembly reference?)
C:\gh\azure-sdk-for-net\sdk\mgmtcommon\TestFramework\ClientRuntime.Azure.TestFramework\TestEnvironment.cs(294,101): error CS0103: The name 'ApplicationTokenProvider' does not exist in the current context
C:\gh\azure-sdk-for-net\sdk\mgmtcommon\TestFramework\ClientRuntime.Azure.TestFramework\TestEnvironment.cs(294,78): error CS0246: The type or namespace name 'TokenCredentials' could not be found (are you missing a using directive or an assembly reference?)
C:\gh\azure-sdk-for-net\sdk\mgmtcommon\TestFramework\ClientRuntime.Azure.TestFramework\TestEnvironment.cs(305,22): error CS0246: The type or namespace name 'TokenCredentials' could not be found (are you missing a using directive or an assembly reference?)
C:\gh\azure-sdk-for-net\sdk\mgmtcommon\TestFramework\ClientRuntime.Azure.TestFramework\TestEnvironment.cs(305,101): error CS0103: The name 'UserTokenProvider' does not exist in the current context
C:\gh\azure-sdk-for-net\sdk\mgmtcommon\TestFramework\ClientRuntime.Azure.TestFramework\TestEnvironment.cs(305,78): error CS0246: The type or namespace name 'TokenCredentials' could not be found (are you missing a using directive or an assembly reference?)
C:\gh\azure-sdk-for-net\sdk\mgmtcommon\TestFramework\ClientRuntime.Azure.TestFramework\TestEnvironment.cs(340,18): error CS0246: The type or namespace name 'TokenCredentials' could not be found (are you missing a using directive or an assembly reference?)
C:\gh\azure-sdk-for-net\sdk\mgmtcommon\TestFramework\ClientRuntime.Azure.TestFramework\TestEnvironment.cs(347,84): error CS0103: The name 'UserTokenProvider' does not exist in the current context
C:\gh\azure-sdk-for-net\sdk\mgmtcommon\TestFramework\ClientRuntime.Azure.TestFramework\TestEnvironment.cs(347,61): error CS0246: The type or namespace name 'TokenCredentials' could not be found (are you missing a using directive or an assembly reference?)
C:\gh\azure-sdk-for-net\sdk\mgmtcommon\TestFramework\ClientRuntime.Azure.TestFramework\TestEnvironment.cs(353,84): error CS0103: The name 'ApplicationTokenProvider' does not exist in the current context
C:\gh\azure-sdk-for-net\sdk\mgmtcommon\TestFramework\ClientRuntime.Azure.TestFramework\TestEnvironment.cs(353,61): error CS0246: The type or namespace name 'TokenCredentials' could not be found (are you missing a using directive or an assembly reference?)
C:\gh\azure-sdk-for-net\sdk\mgmtcommon\TestFramework\ClientRuntime.Azure.TestFramework\TestEnvironment.cs(378,13): error CS0246: The type or namespace name 'ActiveDirectoryClientSettings' could not be found (are you missing a using directive or an assembly reference?)
C:\gh\azure-sdk-for-net\sdk\mgmtcommon\TestFramework\ClientRuntime.Azure.TestFramework\TestEnvironment.cs(378,64): error CS0246: The type or namespace name 'ActiveDirectoryClientSettings' could not be found (are you missing a using directive or an assembly reference?)
C:\gh\azure-sdk-for-net\sdk\mgmtcommon\TestFramework\ClientRuntime.Azure.TestFramework\TestEnvironment.cs(382,34): error CS0103: The name 'PromptBehavior' does not exist in the current context
C:\gh\azure-sdk-for-net\sdk\mgmtcommon\TestFramework\ClientRuntime.Azure.TestFramework\TestEnvironment.cs(395,18): error CS0246: The type or namespace name 'TokenCredentials' could not be found (are you missing a using directive or an assembly reference?)
C:\gh\azure-sdk-for-net\sdk\mgmtcommon\TestFramework\ClientRuntime.Azure.TestFramework\TestEnvironment.cs(395,97): error CS0103: The name 'UserTokenProvider' does not exist in the current context
C:\gh\azure-sdk-for-net\sdk\mgmtcommon\TestFramework\ClientRuntime.Azure.TestFramework\TestEnvironment.cs(395,74): error CS0246: The type or namespace name 'TokenCredentials' could not be found (are you missing a using directive or an assembly reference?)
C:\gh\azure-sdk-for-net\sdk\mgmtcommon\TestFramework\ClientRuntime.Azure.TestFramework\TestEnvironment.cs(405,22): error CS0246: The type or namespace name 'TokenCredentials' could not be found (are you missing a using directive or an assembly reference?)
C:\gh\azure-sdk-for-net\sdk\mgmtcommon\TestFramework\ClientRuntime.Azure.TestFramework\TestEnvironment.cs(405,103): error CS0103: The name 'UserTokenProvider' does not exist in the current context
C:\gh\azure-sdk-for-net\sdk\mgmtcommon\TestFramework\ClientRuntime.Azure.TestFramework\TestEnvironment.cs(405,80): error CS0246: The type or namespace name 'TokenCredentials' could not be found (are you missing a using directive or an assembly reference?)
C:\gh\azure-sdk-for-net\sdk\mgmtcommon\TestFramework\ClientRuntime.Azure.TestFramework\TestEnvironment.cs(519,30): error CS0103: The name 'JObject' does not exist in the current context
C:\gh\azure-sdk-for-net\sdk\mgmtcommon\TestFramework\ClientRuntime.Azure.TestFramework\TestEnvironment.cs(520,29): error CS0246: The type or namespace name 'JArray' could not be found (are you missing a using directive or an assembly reference?)
C:\gh\azure-sdk-for-net\sdk\mgmtcommon\TestFramework\ClientRuntime.Azure.TestFramework\TestEnvironment.cs(520,94): error CS0246: The type or namespace name 'JObject' could not be found (are you missing a using directive or an assembly reference?)
C:\gh\azure-sdk-for-net\sdk\mgmtcommon\TestFramework\ClientRuntime.Azure.TestFramework\TestEnvironment.cs(534,21): error CS0246: The type or namespace name 'TokenCredentials' could not be found (are you missing a using directive or an assembly reference?)
C:\gh\azure-sdk-for-net\sdk\mgmtcommon\TestFramework\ClientRuntime.Azure.TestFramework\TestEnvironment.cs(546,38): error CS0103: The name 'JObject' does not exist in the current context
C:\gh\azure-sdk-for-net\sdk\mgmtcommon\TestFramework\ClientRuntime.Azure.TestFramework\SubscriptionInfo.cs(5,1): hidden CS8019: Unnecessary using directive.
C:\gh\azure-sdk-for-net\sdk\mgmtcommon\TestFramework\ClientRuntime.Azure.TestFramework\TestEnvironment.cs(5,5): hidden CS8019: Unnecessary using directive.
C:\gh\azure-sdk-for-net\sdk\mgmtcommon\TestFramework\ClientRuntime.Azure.TestFramework\MockContext.cs(9,1): hidden CS8019: Unnecessary using directive.
C:\gh\azure-sdk-for-net\sdk\mgmtcommon\TestFramework\ClientRuntime.Azure.TestFramework\ConnectionStringKeys.cs(6,5): hidden CS8019: Unnecessary using directive.
C:\gh\azure-sdk-for-net\sdk\mgmtcommon\TestFramework\ClientRuntime.Azure.TestFramework\ResourceGroupCleaner.cs(10,1): hidden CS8019: Unnecessary using directive.
C:\gh\azure-sdk-for-net\sdk\mgmtcommon\TestFramework\ClientRuntime.Azure.TestFramework\ConnectionStringKeys.cs(5,5): hidden CS8019: Unnecessary using directive.
C:\gh\azure-sdk-for-net\sdk\mgmtcommon\TestFramework\ClientRuntime.Azure.TestFramework\SubscriptionInfo.cs(7,1): hidden CS8019: Unnecessary using directive.
C:\gh\azure-sdk-for-net\sdk\mgmtcommon\TestFramework\ClientRuntime.Azure.TestFramework\SubscriptionInfo.cs(4,1): hidden CS8019: Unnecessary using directive.
C:\gh\azure-sdk-for-net\artifacts\obj\Microsoft.Rest.ClientRuntime.Azure.TestFramework\Debug\net452\.NETFramework,Version=v4.5.2.AssemblyAttributes.cs(3,1): hidden CS8019: Unnecessary using directive.
C:\gh\azure-sdk-for-net\artifacts\obj\Microsoft.Rest.ClientRuntime.Azure.TestFramework\Debug\net452\Microsoft.Rest.ClientRuntime.Azure.TestFramework.AssemblyInfo.cs(12,1): hidden CS8019: Unnecessary using directive.
C:\gh\azure-sdk-for-net\sdk\mgmtcommon\TestFramework\ClientRuntime.Azure.TestFramework\TestingTracingInterceptor.cs(7,1): hidden CS8019: Unnecessary using directive.
C:\gh\azure-sdk-for-net\sdk\mgmtcommon\TestFramework\ClientRuntime.Azure.TestFramework\SubscriptionInfo.cs(8,1): hidden CS8019: Unnecessary using directive.
C:\gh\azure-sdk-for-net\sdk\mgmtcommon\TestFramework\ClientRuntime.Azure.TestFramework\SubscriptionInfo.cs(9,1): hidden CS8019: Unnecessary using directive.
C:\gh\azure-sdk-for-net\sdk\mgmtcommon\TestFramework\ClientRuntime.Azure.TestFramework\Utilities\TestUtilities.cs(7,1): hidden CS8019: Unnecessary using directive.
C:\gh\azure-sdk-for-net\sdk\mgmtcommon\TestFramework\ClientRuntime.Azure.TestFramework\TestEnvironment.cs(15,5): hidden CS8019: Unnecessary using directive.
C:\gh\azure-sdk-for-net\artifacts\obj\Microsoft.Rest.ClientRuntime.Azure.TestFramework\Debug\net452\.NETFramework,Version=v4.5.2.AssemblyAttributes.cs(2,1): hidden CS8019: Unnecessary using directive.
C:\gh\azure-sdk-for-net\sdk\mgmtcommon\TestFramework\ClientRuntime.Azure.TestFramework\SubscriptionInfo.cs(6,1): hidden CS8019: Unnecessary using directive.
C:\gh\azure-sdk-for-net\sdk\mgmtcommon\TestFramework\ClientRuntime.Azure.TestFramework\TestEnvironment.cs(7,5): hidden CS8019: Unnecessary using directive.
C:\gh\azure-sdk-for-net\sdk\mgmtcommon\TestFramework\ClientRuntime.Azure.TestFramework\MockContext.cs(7,1): hidden CS8019: Unnecessary using directive.
C:\gh\azure-sdk-for-net\sdk\mgmtcommon\TestFramework\ClientRuntime.Azure.TestFramework\ResourceGroupCleaner.cs(4,1): hidden CS8019: Unnecessary using directive.
C:\gh\azure-sdk-for-net\artifacts\obj\Microsoft.Rest.ClientRuntime.Azure.TestFramework\Debug\net452\Microsoft.Rest.ClientRuntime.Azure.TestFramework.AssemblyInfo.cs(11,1): hidden CS8019: Unnecessary using directive.
