C:\gh\azure-sdk-for-net\sdk\operationalinsights\Microsoft.Azure.Management.OperationalInsights\tests\ScenarioTests\SearchOperationsTests.Scenario.cs(25,42): error CS0246: The type or namespace name 'TestBase' could not be found (are you missing a using directive or an assembly reference?)
C:\gh\azure-sdk-for-net\sdk\operationalinsights\Microsoft.Azure.Management.OperationalInsights\tests\ScenarioTests\DataSourceOperationsTests.Scenario.cs(28,46): error CS0246: The type or namespace name 'TestBase' could not be found (are you missing a using directive or an assembly reference?)
C:\gh\azure-sdk-for-net\sdk\operationalinsights\Microsoft.Azure.Management.OperationalInsights\tests\ScenarioTests\LinkedServiceOperationsTests.Scenario.cs(26,49): error CS0246: The type or namespace name 'TestBase' could not be found (are you missing a using directive or an assembly reference?)
C:\gh\azure-sdk-for-net\sdk\operationalinsights\Microsoft.Azure.Management.OperationalInsights\tests\ScenarioTests\StorageInsightOperationsTests.Scenario.cs(26,50): error CS0246: The type or namespace name 'TestBase' could not be found (are you missing a using directive or an assembly reference?)
C:\gh\azure-sdk-for-net\sdk\operationalinsights\Microsoft.Azure.Management.OperationalInsights\tests\ScenarioTests\WorkspaceOperationsTests.Scenario.cs(28,45): error CS0246: The type or namespace name 'TestBase' could not be found (are you missing a using directive or an assembly reference?)
C:\gh\azure-sdk-for-net\sdk\operationalinsights\Microsoft.Azure.Management.OperationalInsights\tests\Helpers\TestHelper.cs(55,103): error CS0246: The type or namespace name 'TestBase' could not be found (are you missing a using directive or an assembly reference?)
C:\gh\azure-sdk-for-net\sdk\operationalinsights\Microsoft.Azure.Management.OperationalInsights\tests\Helpers\TestHelper.cs(55,122): error CS0246: The type or namespace name 'MockContext' could not be found (are you missing a using directive or an assembly reference?)
C:\gh\azure-sdk-for-net\sdk\operationalinsights\Microsoft.Azure.Management.OperationalInsights\tests\ScenarioTests\WorkspaceOperationsTests.Scenario.cs(121,10): error CS0246: The type or namespace name 'FactAttribute' could not be found (are you missing a using directive or an assembly reference?)
C:\gh\azure-sdk-for-net\sdk\operationalinsights\Microsoft.Azure.Management.OperationalInsights\tests\ScenarioTests\WorkspaceOperationsTests.Scenario.cs(121,10): error CS0246: The type or namespace name 'Fact' could not be found (are you missing a using directive or an assembly reference?)
C:\gh\azure-sdk-for-net\sdk\operationalinsights\Microsoft.Azure.Management.OperationalInsights\tests\Helpers\TestHelper.cs(45,81): error CS0246: The type or namespace name 'TestBase' could not be found (are you missing a using directive or an assembly reference?)
C:\gh\azure-sdk-for-net\sdk\operationalinsights\Microsoft.Azure.Management.OperationalInsights\tests\Helpers\TestHelper.cs(45,100): error CS0246: The type or namespace name 'MockContext' could not be found (are you missing a using directive or an assembly reference?)
C:\gh\azure-sdk-for-net\sdk\operationalinsights\Microsoft.Azure.Management.OperationalInsights\tests\Helpers\TestHelper.cs(45,23): error CS0246: The type or namespace name 'ResourceManagementClient' could not be found (are you missing a using directive or an assembly reference?)
C:\gh\azure-sdk-for-net\sdk\operationalinsights\Microsoft.Azure.Management.OperationalInsights\tests\Helpers\TestHelper.cs(67,83): error CS0246: The type or namespace name 'ResourceManagementClient' could not be found (are you missing a using directive or an assembly reference?)
C:\gh\azure-sdk-for-net\sdk\operationalinsights\Microsoft.Azure.Management.OperationalInsights\tests\Helpers\TestHelper.cs(67,23): error CS0246: The type or namespace name 'ResourceGroup' could not be found (are you missing a using directive or an assembly reference?)
C:\gh\azure-sdk-for-net\sdk\operationalinsights\Microsoft.Azure.Management.OperationalInsights\tests\Helpers\TestHelper.cs(83,74): error CS0246: The type or namespace name 'ResourceManagementClient' could not be found (are you missing a using directive or an assembly reference?)
C:\gh\azure-sdk-for-net\eng\mgmt\DisableTestRunParallel.cs(7,12): error CS0246: The type or namespace name 'CollectionBehaviorAttribute' could not be found (are you missing a using directive or an assembly reference?)
C:\gh\azure-sdk-for-net\eng\mgmt\DisableTestRunParallel.cs(7,12): error CS0246: The type or namespace name 'CollectionBehavior' could not be found (are you missing a using directive or an assembly reference?)
C:\gh\azure-sdk-for-net\eng\mgmt\DisableTestRunParallel.cs(7,31): error CS0246: The type or namespace name 'DisableTestParallelization' could not be found (are you missing a using directive or an assembly reference?)
C:\gh\azure-sdk-for-net\eng\mgmt\DisableTestRunParallel.cs(7,66): error CS0246: The type or namespace name 'MaxParallelThreads' could not be found (are you missing a using directive or an assembly reference?)
C:\gh\azure-sdk-for-net\sdk\operationalinsights\Microsoft.Azure.Management.OperationalInsights\tests\Helpers\TestHelper.cs(17,34): error CS0234: The type or namespace name 'Resources' does not exist in the namespace 'Microsoft.Azure.Management' (are you missing an assembly reference?)
C:\gh\azure-sdk-for-net\sdk\operationalinsights\Microsoft.Azure.Management.OperationalInsights\tests\Helpers\TestHelper.cs(18,34): error CS0234: The type or namespace name 'Resources' does not exist in the namespace 'Microsoft.Azure.Management' (are you missing an assembly reference?)
C:\gh\azure-sdk-for-net\sdk\operationalinsights\Microsoft.Azure.Management.OperationalInsights\tests\Helpers\TestHelper.cs(19,17): error CS0234: The type or namespace name 'Rest' does not exist in the namespace 'Microsoft' (are you missing an assembly reference?)
C:\gh\azure-sdk-for-net\sdk\operationalinsights\Microsoft.Azure.Management.OperationalInsights\tests\Helpers\TestHelper.cs(20,17): error CS0234: The type or namespace name 'Rest' does not exist in the namespace 'Microsoft' (are you missing an assembly reference?)
C:\gh\azure-sdk-for-net\sdk\operationalinsights\Microsoft.Azure.Management.OperationalInsights\tests\Helpers\TestHelper.cs(26,7): error CS0246: The type or namespace name 'Xunit' could not be found (are you missing a using directive or an assembly reference?)
C:\gh\azure-sdk-for-net\sdk\operationalinsights\Microsoft.Azure.Management.OperationalInsights\tests\ScenarioTests\DataSourceOperationsTests.Scenario.cs(17,17): error CS0234: The type or namespace name 'Rest' does not exist in the namespace 'Microsoft' (are you missing an assembly reference?)
C:\gh\azure-sdk-for-net\sdk\operationalinsights\Microsoft.Azure.Management.OperationalInsights\tests\ScenarioTests\DataSourceOperationsTests.Scenario.cs(18,17): error CS0234: The type or namespace name 'Rest' does not exist in the namespace 'Microsoft' (are you missing an assembly reference?)
C:\gh\azure-sdk-for-net\sdk\operationalinsights\Microsoft.Azure.Management.OperationalInsights\tests\ScenarioTests\DataSourceOperationsTests.Scenario.cs(19,7): error CS0246: The type or namespace name 'Newtonsoft' could not be found (are you missing a using directive or an assembly reference?)
C:\gh\azure-sdk-for-net\sdk\operationalinsights\Microsoft.Azure.Management.OperationalInsights\tests\ScenarioTests\DataSourceOperationsTests.Scenario.cs(24,7): error CS0246: The type or namespace name 'Xunit' could not be found (are you missing a using directive or an assembly reference?)
C:\gh\azure-sdk-for-net\sdk\operationalinsights\Microsoft.Azure.Management.OperationalInsights\tests\ScenarioTests\LinkedServiceOperationsTests.Scenario.cs(17,17): error CS0234: The type or namespace name 'Rest' does not exist in the namespace 'Microsoft' (are you missing an assembly reference?)
C:\gh\azure-sdk-for-net\sdk\operationalinsights\Microsoft.Azure.Management.OperationalInsights\tests\ScenarioTests\LinkedServiceOperationsTests.Scenario.cs(22,7): error CS0246: The type or namespace name 'Xunit' could not be found (are you missing a using directive or an assembly reference?)
C:\gh\azure-sdk-for-net\sdk\operationalinsights\Microsoft.Azure.Management.OperationalInsights\tests\ScenarioTests\SearchOperationsTests.Scenario.cs(17,17): error CS0234: The type or namespace name 'Rest' does not exist in the namespace 'Microsoft' (are you missing an assembly reference?)
C:\gh\azure-sdk-for-net\sdk\operationalinsights\Microsoft.Azure.Management.OperationalInsights\tests\ScenarioTests\SearchOperationsTests.Scenario.cs(21,7): error CS0246: The type or namespace name 'Xunit' could not be found (are you missing a using directive or an assembly reference?)
C:\gh\azure-sdk-for-net\sdk\operationalinsights\Microsoft.Azure.Management.OperationalInsights\tests\ScenarioTests\StorageInsightOperationsTests.Scenario.cs(17,17): error CS0234: The type or namespace name 'Rest' does not exist in the namespace 'Microsoft' (are you missing an assembly reference?)
C:\gh\azure-sdk-for-net\sdk\operationalinsights\Microsoft.Azure.Management.OperationalInsights\tests\ScenarioTests\StorageInsightOperationsTests.Scenario.cs(22,7): error CS0246: The type or namespace name 'Xunit' could not be found (are you missing a using directive or an assembly reference?)
C:\gh\azure-sdk-for-net\sdk\operationalinsights\Microsoft.Azure.Management.OperationalInsights\tests\ScenarioTests\WorkspaceOperationsTests.Scenario.cs(16,34): error CS0234: The type or namespace name 'Resources' does not exist in the namespace 'Microsoft.Azure.Management' (are you missing an assembly reference?)
C:\gh\azure-sdk-for-net\sdk\operationalinsights\Microsoft.Azure.Management.OperationalInsights\tests\ScenarioTests\WorkspaceOperationsTests.Scenario.cs(20,7): error CS0246: The type or namespace name 'Xunit' could not be found (are you missing a using directive or an assembly reference?)
C:\gh\azure-sdk-for-net\sdk\operationalinsights\Microsoft.Azure.Management.OperationalInsights\tests\ScenarioTests\WorkspaceOperationsTests.Scenario.cs(21,17): error CS0234: The type or namespace name 'Rest' does not exist in the namespace 'Microsoft' (are you missing an assembly reference?)
C:\gh\azure-sdk-for-net\eng\mgmt\DisableTestRunParallel.cs(5,7): error CS0246: The type or namespace name 'Xunit' could not be found (are you missing a using directive or an assembly reference?)
C:\gh\azure-sdk-for-net\sdk\operationalinsights\Microsoft.Azure.Management.OperationalInsights\tests\ScenarioTests\SearchOperationsTests.Scenario.cs(28,10): error CS0246: The type or namespace name 'FactAttribute' could not be found (are you missing a using directive or an assembly reference?)
C:\gh\azure-sdk-for-net\sdk\operationalinsights\Microsoft.Azure.Management.OperationalInsights\tests\ScenarioTests\SearchOperationsTests.Scenario.cs(28,10): error CS0246: The type or namespace name 'Fact' could not be found (are you missing a using directive or an assembly reference?)
C:\gh\azure-sdk-for-net\sdk\operationalinsights\Microsoft.Azure.Management.OperationalInsights\tests\ScenarioTests\WorkspaceOperationsTests.Scenario.cs(30,10): error CS0246: The type or namespace name 'FactAttribute' could not be found (are you missing a using directive or an assembly reference?)
C:\gh\azure-sdk-for-net\sdk\operationalinsights\Microsoft.Azure.Management.OperationalInsights\tests\ScenarioTests\WorkspaceOperationsTests.Scenario.cs(30,10): error CS0246: The type or namespace name 'Fact' could not be found (are you missing a using directive or an assembly reference?)
C:\gh\azure-sdk-for-net\sdk\operationalinsights\Microsoft.Azure.Management.OperationalInsights\tests\ScenarioTests\LinkedServiceOperationsTests.Scenario.cs(33,10): error CS0246: The type or namespace name 'FactAttribute' could not be found (are you missing a using directive or an assembly reference?)
C:\gh\azure-sdk-for-net\sdk\operationalinsights\Microsoft.Azure.Management.OperationalInsights\tests\ScenarioTests\LinkedServiceOperationsTests.Scenario.cs(33,10): error CS0246: The type or namespace name 'Fact' could not be found (are you missing a using directive or an assembly reference?)
C:\gh\azure-sdk-for-net\sdk\operationalinsights\Microsoft.Azure.Management.OperationalInsights\tests\ScenarioTests\SearchOperationsTests.Scenario.cs(61,10): error CS0246: The type or namespace name 'FactAttribute' could not be found (are you missing a using directive or an assembly reference?)
C:\gh\azure-sdk-for-net\sdk\operationalinsights\Microsoft.Azure.Management.OperationalInsights\tests\ScenarioTests\SearchOperationsTests.Scenario.cs(61,10): error CS0246: The type or namespace name 'Fact' could not be found (are you missing a using directive or an assembly reference?)
C:\gh\azure-sdk-for-net\sdk\operationalinsights\Microsoft.Azure.Management.OperationalInsights\tests\ScenarioTests\DataSourceOperationsTests.Scenario.cs(30,10): error CS0246: The type or namespace name 'FactAttribute' could not be found (are you missing a using directive or an assembly reference?)
C:\gh\azure-sdk-for-net\sdk\operationalinsights\Microsoft.Azure.Management.OperationalInsights\tests\ScenarioTests\DataSourceOperationsTests.Scenario.cs(30,10): error CS0246: The type or namespace name 'Fact' could not be found (are you missing a using directive or an assembly reference?)
C:\gh\azure-sdk-for-net\sdk\operationalinsights\Microsoft.Azure.Management.OperationalInsights\tests\ScenarioTests\WorkspaceOperationsTests.Scenario.cs(59,10): error CS0246: The type or namespace name 'FactAttribute' could not be found (are you missing a using directive or an assembly reference?)
C:\gh\azure-sdk-for-net\sdk\operationalinsights\Microsoft.Azure.Management.OperationalInsights\tests\ScenarioTests\WorkspaceOperationsTests.Scenario.cs(59,10): error CS0246: The type or namespace name 'Fact' could not be found (are you missing a using directive or an assembly reference?)
C:\gh\azure-sdk-for-net\sdk\operationalinsights\Microsoft.Azure.Management.OperationalInsights\tests\ScenarioTests\SearchOperationsTests.Scenario.cs(84,10): error CS0246: The type or namespace name 'FactAttribute' could not be found (are you missing a using directive or an assembly reference?)
C:\gh\azure-sdk-for-net\sdk\operationalinsights\Microsoft.Azure.Management.OperationalInsights\tests\ScenarioTests\SearchOperationsTests.Scenario.cs(84,10): error CS0246: The type or namespace name 'Fact' could not be found (are you missing a using directive or an assembly reference?)
C:\gh\azure-sdk-for-net\sdk\operationalinsights\Microsoft.Azure.Management.OperationalInsights\tests\ScenarioTests\SearchOperationsTests.Scenario.cs(126,10): error CS0246: The type or namespace name 'FactAttribute' could not be found (are you missing a using directive or an assembly reference?)
C:\gh\azure-sdk-for-net\sdk\operationalinsights\Microsoft.Azure.Management.OperationalInsights\tests\ScenarioTests\SearchOperationsTests.Scenario.cs(126,10): error CS0246: The type or namespace name 'Fact' could not be found (are you missing a using directive or an assembly reference?)
C:\gh\azure-sdk-for-net\sdk\operationalinsights\Microsoft.Azure.Management.OperationalInsights\tests\ScenarioTests\LinkedServiceOperationsTests.Scenario.cs(77,10): error CS0246: The type or namespace name 'FactAttribute' could not be found (are you missing a using directive or an assembly reference?)
C:\gh\azure-sdk-for-net\sdk\operationalinsights\Microsoft.Azure.Management.OperationalInsights\tests\ScenarioTests\LinkedServiceOperationsTests.Scenario.cs(77,10): error CS0246: The type or namespace name 'Fact' could not be found (are you missing a using directive or an assembly reference?)
C:\gh\azure-sdk-for-net\sdk\operationalinsights\Microsoft.Azure.Management.OperationalInsights\tests\ScenarioTests\DataSourceOperationsTests.Scenario.cs(100,10): error CS0246: The type or namespace name 'FactAttribute' could not be found (are you missing a using directive or an assembly reference?)
C:\gh\azure-sdk-for-net\sdk\operationalinsights\Microsoft.Azure.Management.OperationalInsights\tests\ScenarioTests\DataSourceOperationsTests.Scenario.cs(100,10): error CS0246: The type or namespace name 'Fact' could not be found (are you missing a using directive or an assembly reference?)
C:\gh\azure-sdk-for-net\sdk\operationalinsights\Microsoft.Azure.Management.OperationalInsights\tests\ScenarioTests\DataSourceOperationsTests.Scenario.cs(153,10): error CS0246: The type or namespace name 'FactAttribute' could not be found (are you missing a using directive or an assembly reference?)
C:\gh\azure-sdk-for-net\sdk\operationalinsights\Microsoft.Azure.Management.OperationalInsights\tests\ScenarioTests\DataSourceOperationsTests.Scenario.cs(153,10): error CS0246: The type or namespace name 'Fact' could not be found (are you missing a using directive or an assembly reference?)
C:\gh\azure-sdk-for-net\sdk\operationalinsights\Microsoft.Azure.Management.OperationalInsights\tests\ScenarioTests\StorageInsightOperationsTests.Scenario.cs(30,10): error CS0246: The type or namespace name 'FactAttribute' could not be found (are you missing a using directive or an assembly reference?)
C:\gh\azure-sdk-for-net\sdk\operationalinsights\Microsoft.Azure.Management.OperationalInsights\tests\ScenarioTests\StorageInsightOperationsTests.Scenario.cs(30,10): error CS0246: The type or namespace name 'Fact' could not be found (are you missing a using directive or an assembly reference?)
C:\gh\azure-sdk-for-net\sdk\operationalinsights\Microsoft.Azure.Management.OperationalInsights\tests\ScenarioTests\StorageInsightOperationsTests.Scenario.cs(123,10): error CS0246: The type or namespace name 'FactAttribute' could not be found (are you missing a using directive or an assembly reference?)
C:\gh\azure-sdk-for-net\sdk\operationalinsights\Microsoft.Azure.Management.OperationalInsights\tests\ScenarioTests\StorageInsightOperationsTests.Scenario.cs(123,10): error CS0246: The type or namespace name 'Fact' could not be found (are you missing a using directive or an assembly reference?)
C:\gh\azure-sdk-for-net\sdk\operationalinsights\Microsoft.Azure.Management.OperationalInsights\tests\Helpers\TestHelper.cs(47,45): error CS0246: The type or namespace name 'ResourceManagementClient' could not be found (are you missing a using directive or an assembly reference?)
C:\gh\azure-sdk-for-net\sdk\operationalinsights\Microsoft.Azure.Management.OperationalInsights\tests\Helpers\TestHelper.cs(69,93): error CS0246: The type or namespace name 'ResourceGroup' could not be found (are you missing a using directive or an assembly reference?)
C:\gh\azure-sdk-for-net\sdk\operationalinsights\Microsoft.Azure.Management.OperationalInsights\tests\Helpers\TestHelper.cs(71,13): error CS0103: The name 'Assert' does not exist in the current context
C:\gh\azure-sdk-for-net\sdk\operationalinsights\Microsoft.Azure.Management.OperationalInsights\tests\Helpers\TestHelper.cs(72,13): error CS0103: The name 'Assert' does not exist in the current context
C:\gh\azure-sdk-for-net\sdk\operationalinsights\Microsoft.Azure.Management.OperationalInsights\tests\Helpers\TestHelper.cs(73,13): error CS0103: The name 'Assert' does not exist in the current context
C:\gh\azure-sdk-for-net\sdk\operationalinsights\Microsoft.Azure.Management.OperationalInsights\tests\Helpers\TestHelper.cs(95,13): error CS0103: The name 'Assert' does not exist in the current context
C:\gh\azure-sdk-for-net\sdk\operationalinsights\Microsoft.Azure.Management.OperationalInsights\tests\Helpers\TestHelper.cs(96,13): error CS0103: The name 'Assert' does not exist in the current context
C:\gh\azure-sdk-for-net\sdk\operationalinsights\Microsoft.Azure.Management.OperationalInsights\tests\Helpers\TestHelper.cs(97,13): error CS0103: The name 'Assert' does not exist in the current context
C:\gh\azure-sdk-for-net\sdk\operationalinsights\Microsoft.Azure.Management.OperationalInsights\tests\Helpers\TestHelper.cs(98,13): error CS0103: The name 'Assert' does not exist in the current context
C:\gh\azure-sdk-for-net\sdk\operationalinsights\Microsoft.Azure.Management.OperationalInsights\tests\Helpers\TestHelper.cs(101,17): error CS0103: The name 'Assert' does not exist in the current context
C:\gh\azure-sdk-for-net\sdk\operationalinsights\Microsoft.Azure.Management.OperationalInsights\tests\Helpers\TestHelper.cs(106,17): error CS0103: The name 'Assert' does not exist in the current context
C:\gh\azure-sdk-for-net\sdk\operationalinsights\Microsoft.Azure.Management.OperationalInsights\tests\Helpers\TestHelper.cs(109,21): error CS0103: The name 'Assert' does not exist in the current context
C:\gh\azure-sdk-for-net\sdk\operationalinsights\Microsoft.Azure.Management.OperationalInsights\tests\Helpers\TestHelper.cs(114,17): error CS0103: The name 'Assert' does not exist in the current context
C:\gh\azure-sdk-for-net\sdk\operationalinsights\Microsoft.Azure.Management.OperationalInsights\tests\Helpers\TestHelper.cs(117,13): error CS0103: The name 'Assert' does not exist in the current context
C:\gh\azure-sdk-for-net\sdk\operationalinsights\Microsoft.Azure.Management.OperationalInsights\tests\Helpers\TestHelper.cs(121,13): error CS0103: The name 'Assert' does not exist in the current context
C:\gh\azure-sdk-for-net\sdk\operationalinsights\Microsoft.Azure.Management.OperationalInsights\tests\Helpers\TestHelper.cs(121,35): error CS1061: 'Workspace' does not contain a definition for 'PortalUrl' and no accessible extension method 'PortalUrl' accepting a first argument of type 'Workspace' could be found (are you missing a using directive or an assembly reference?)
C:\gh\azure-sdk-for-net\sdk\operationalinsights\Microsoft.Azure.Management.OperationalInsights\tests\Helpers\TestHelper.cs(122,13): error CS0103: The name 'Assert' does not exist in the current context
C:\gh\azure-sdk-for-net\sdk\operationalinsights\Microsoft.Azure.Management.OperationalInsights\tests\Helpers\TestHelper.cs(123,13): error CS0103: The name 'Assert' does not exist in the current context
C:\gh\azure-sdk-for-net\sdk\operationalinsights\Microsoft.Azure.Management.OperationalInsights\tests\Helpers\TestHelper.cs(123,42): error CS1061: 'Workspace' does not contain a definition for 'Source' and no accessible extension method 'Source' accepting a first argument of type 'Workspace' could be found (are you missing a using directive or an assembly reference?)
C:\gh\azure-sdk-for-net\sdk\operationalinsights\Microsoft.Azure.Management.OperationalInsights\tests\Helpers\TestHelper.cs(124,13): error CS0103: The name 'Assert' does not exist in the current context
C:\gh\azure-sdk-for-net\sdk\operationalinsights\Microsoft.Azure.Management.OperationalInsights\tests\Helpers\TestHelper.cs(134,13): error CS0103: The name 'Assert' does not exist in the current context
C:\gh\azure-sdk-for-net\sdk\operationalinsights\Microsoft.Azure.Management.OperationalInsights\tests\Helpers\TestHelper.cs(135,13): error CS0103: The name 'Assert' does not exist in the current context
C:\gh\azure-sdk-for-net\sdk\operationalinsights\Microsoft.Azure.Management.OperationalInsights\tests\Helpers\TestHelper.cs(136,13): error CS0103: The name 'Assert' does not exist in the current context
C:\gh\azure-sdk-for-net\sdk\operationalinsights\Microsoft.Azure.Management.OperationalInsights\tests\Helpers\TestHelper.cs(137,13): error CS0103: The name 'Assert' does not exist in the current context
C:\gh\azure-sdk-for-net\sdk\operationalinsights\Microsoft.Azure.Management.OperationalInsights\tests\Helpers\TestHelper.cs(139,13): error CS0103: The name 'Assert' does not exist in the current context
C:\gh\azure-sdk-for-net\sdk\operationalinsights\Microsoft.Azure.Management.OperationalInsights\tests\Helpers\TestHelper.cs(149,13): error CS0103: The name 'Assert' does not exist in the current context
C:\gh\azure-sdk-for-net\sdk\operationalinsights\Microsoft.Azure.Management.OperationalInsights\tests\Helpers\TestHelper.cs(150,13): error CS0103: The name 'Assert' does not exist in the current context
C:\gh\azure-sdk-for-net\sdk\operationalinsights\Microsoft.Azure.Management.OperationalInsights\tests\Helpers\TestHelper.cs(151,13): error CS0103: The name 'Assert' does not exist in the current context
C:\gh\azure-sdk-for-net\sdk\operationalinsights\Microsoft.Azure.Management.OperationalInsights\tests\Helpers\TestHelper.cs(153,13): error CS0103: The name 'Assert' does not exist in the current context
C:\gh\azure-sdk-for-net\sdk\operationalinsights\Microsoft.Azure.Management.OperationalInsights\tests\ScenarioTests\SearchOperationsTests.Scenario.cs(31,20): error CS0246: The type or namespace name 'MockContext' could not be found (are you missing a using directive or an assembly reference?)
C:\gh\azure-sdk-for-net\sdk\operationalinsights\Microsoft.Azure.Management.OperationalInsights\tests\ScenarioTests\SearchOperationsTests.Scenario.cs(31,42): error CS0103: The name 'MockContext' does not exist in the current context
C:\gh\azure-sdk-for-net\sdk\operationalinsights\Microsoft.Azure.Management.OperationalInsights\tests\ScenarioTests\SearchOperationsTests.Scenario.cs(42,17): error CS0246: The type or namespace name 'SearchParameters' could not be found (are you missing a using directive or an assembly reference?)
C:\gh\azure-sdk-for-net\sdk\operationalinsights\Microsoft.Azure.Management.OperationalInsights\tests\ScenarioTests\SearchOperationsTests.Scenario.cs(42,51): error CS0246: The type or namespace name 'SearchParameters' could not be found (are you missing a using directive or an assembly reference?)
C:\gh\azure-sdk-for-net\sdk\operationalinsights\Microsoft.Azure.Management.OperationalInsights\tests\ScenarioTests\SearchOperationsTests.Scenario.cs(45,54): error CS1061: 'IWorkspacesOperations' does not contain a definition for 'GetSearchResults' and no accessible extension method 'GetSearchResults' accepting a first argument of type 'IWorkspacesOperations' could be found (are you missing a using directive or an assembly reference?)
C:\gh\azure-sdk-for-net\sdk\operationalinsights\Microsoft.Azure.Management.OperationalInsights\tests\ScenarioTests\SearchOperationsTests.Scenario.cs(46,17): error CS0103: The name 'Assert' does not exist in the current context
C:\gh\azure-sdk-for-net\sdk\operationalinsights\Microsoft.Azure.Management.OperationalInsights\tests\ScenarioTests\SearchOperationsTests.Scenario.cs(47,17): error CS0103: The name 'Assert' does not exist in the current context
C:\gh\azure-sdk-for-net\sdk\operationalinsights\Microsoft.Azure.Management.OperationalInsights\tests\ScenarioTests\SearchOperationsTests.Scenario.cs(48,17): error CS0103: The name 'Assert' does not exist in the current context
C:\gh\azure-sdk-for-net\sdk\operationalinsights\Microsoft.Azure.Management.OperationalInsights\tests\ScenarioTests\SearchOperationsTests.Scenario.cs(49,17): error CS0103: The name 'Assert' does not exist in the current context
C:\gh\azure-sdk-for-net\sdk\operationalinsights\Microsoft.Azure.Management.OperationalInsights\tests\ScenarioTests\SearchOperationsTests.Scenario.cs(51,61): error CS1061: 'IWorkspacesOperations' does not contain a definition for 'UpdateSearchResults' and no accessible extension method 'UpdateSearchResults' accepting a first argument of type 'IWorkspacesOperations' could be found (are you missing a using directive or an assembly reference?)
C:\gh\azure-sdk-for-net\sdk\operationalinsights\Microsoft.Azure.Management.OperationalInsights\tests\ScenarioTests\SearchOperationsTests.Scenario.cs(55,17): error CS0103: The name 'Assert' does not exist in the current context
C:\gh\azure-sdk-for-net\sdk\operationalinsights\Microsoft.Azure.Management.OperationalInsights\tests\ScenarioTests\SearchOperationsTests.Scenario.cs(56,17): error CS0103: The name 'Assert' does not exist in the current context
C:\gh\azure-sdk-for-net\sdk\operationalinsights\Microsoft.Azure.Management.OperationalInsights\tests\ScenarioTests\SearchOperationsTests.Scenario.cs(57,17): error CS0103: The name 'Assert' does not exist in the current context
C:\gh\azure-sdk-for-net\sdk\operationalinsights\Microsoft.Azure.Management.OperationalInsights\tests\ScenarioTests\DataSourceOperationsTests.Scenario.cs(33,20): error CS0246: The type or namespace name 'MockContext' could not be found (are you missing a using directive or an assembly reference?)
C:\gh\azure-sdk-for-net\sdk\operationalinsights\Microsoft.Azure.Management.OperationalInsights\tests\ScenarioTests\DataSourceOperationsTests.Scenario.cs(33,42): error CS0103: The name 'MockContext' does not exist in the current context
C:\gh\azure-sdk-for-net\sdk\operationalinsights\Microsoft.Azure.Management.OperationalInsights\tests\ScenarioTests\DataSourceOperationsTests.Scenario.cs(38,44): error CS0103: The name 'TestUtilities' does not exist in the current context
C:\gh\azure-sdk-for-net\sdk\operationalinsights\Microsoft.Azure.Management.OperationalInsights\tests\ScenarioTests\DataSourceOperationsTests.Scenario.cs(42,40): error CS0103: The name 'TestUtilities' does not exist in the current context
C:\gh\azure-sdk-for-net\sdk\operationalinsights\Microsoft.Azure.Management.OperationalInsights\tests\ScenarioTests\DataSourceOperationsTests.Scenario.cs(47,31): error CS0246: The type or namespace name 'Sku' could not be found (are you missing a using directive or an assembly reference?)
C:\gh\azure-sdk-for-net\sdk\operationalinsights\Microsoft.Azure.Management.OperationalInsights\tests\ScenarioTests\DataSourceOperationsTests.Scenario.cs(58,41): error CS0103: The name 'TestUtilities' does not exist in the current context
C:\gh\azure-sdk-for-net\sdk\operationalinsights\Microsoft.Azure.Management.OperationalInsights\tests\ScenarioTests\DataSourceOperationsTests.Scenario.cs(62,34): error CS0103: The name 'JToken' does not exist in the current context
C:\gh\azure-sdk-for-net\sdk\operationalinsights\Microsoft.Azure.Management.OperationalInsights\tests\ScenarioTests\DataSourceOperationsTests.Scenario.cs(73,41): error CS0103: The name 'TestUtilities' does not exist in the current context
C:\gh\azure-sdk-for-net\sdk\operationalinsights\Microsoft.Azure.Management.OperationalInsights\tests\ScenarioTests\DataSourceOperationsTests.Scenario.cs(75,47): error CS0103: The name 'JToken' does not exist in the current context
C:\gh\azure-sdk-for-net\sdk\operationalinsights\Microsoft.Azure.Management.OperationalInsights\tests\ScenarioTests\DataSourceOperationsTests.Scenario.cs(80,75): error CS0246: The type or namespace name 'ODataQuery<>' could not be found (are you missing a using directive or an assembly reference?)
C:\gh\azure-sdk-for-net\sdk\operationalinsights\Microsoft.Azure.Management.OperationalInsights\tests\ScenarioTests\DataSourceOperationsTests.Scenario.cs(80,36): error CS0012: The type 'IPage<>' is defined in an assembly that is not referenced. You must add a reference to assembly 'Microsoft.Rest.ClientRuntime.Azure, Version=3.0.0.0, Culture=neutral, PublicKeyToken=31bf3856ad364e35'.
C:\gh\azure-sdk-for-net\sdk\operationalinsights\Microsoft.Azure.Management.OperationalInsights\tests\ScenarioTests\DataSourceOperationsTests.Scenario.cs(81,17): error CS0103: The name 'Assert' does not exist in the current context
C:\gh\azure-sdk-for-net\sdk\operationalinsights\Microsoft.Azure.Management.OperationalInsights\tests\ScenarioTests\DataSourceOperationsTests.Scenario.cs(82,17): error CS0103: The name 'Assert' does not exist in the current context
C:\gh\azure-sdk-for-net\sdk\operationalinsights\Microsoft.Azure.Management.OperationalInsights\tests\ScenarioTests\DataSourceOperationsTests.Scenario.cs(83,17): error CS0103: The name 'Assert' does not exist in the current context
C:\gh\azure-sdk-for-net\sdk\operationalinsights\Microsoft.Azure.Management.OperationalInsights\tests\ScenarioTests\DataSourceOperationsTests.Scenario.cs(84,17): error CS0103: The name 'Assert' does not exist in the current context
C:\gh\azure-sdk-for-net\sdk\operationalinsights\Microsoft.Azure.Management.OperationalInsights\tests\ScenarioTests\DataSourceOperationsTests.Scenario.cs(87,45): error CS0103: The name 'JToken' does not exist in the current context
C:\gh\azure-sdk-for-net\sdk\operationalinsights\Microsoft.Azure.Management.OperationalInsights\tests\ScenarioTests\SearchOperationsTests.Scenario.cs(64,20): error CS0246: The type or namespace name 'MockContext' could not be found (are you missing a using directive or an assembly reference?)
C:\gh\azure-sdk-for-net\sdk\operationalinsights\Microsoft.Azure.Management.OperationalInsights\tests\ScenarioTests\SearchOperationsTests.Scenario.cs(64,42): error CS0103: The name 'MockContext' does not exist in the current context
C:\gh\azure-sdk-for-net\sdk\operationalinsights\Microsoft.Azure.Management.OperationalInsights\tests\ScenarioTests\SearchOperationsTests.Scenario.cs(74,54): error CS1061: 'IWorkspacesOperations' does not contain a definition for 'GetSchema' and no accessible extension method 'GetSchema' accepting a first argument of type 'IWorkspacesOperations' could be found (are you missing a using directive or an assembly reference?)
C:\gh\azure-sdk-for-net\sdk\operationalinsights\Microsoft.Azure.Management.OperationalInsights\tests\ScenarioTests\SearchOperationsTests.Scenario.cs(76,17): error CS0103: The name 'Assert' does not exist in the current context
C:\gh\azure-sdk-for-net\sdk\operationalinsights\Microsoft.Azure.Management.OperationalInsights\tests\ScenarioTests\SearchOperationsTests.Scenario.cs(77,17): error CS0103: The name 'Assert' does not exist in the current context
C:\gh\azure-sdk-for-net\sdk\operationalinsights\Microsoft.Azure.Management.OperationalInsights\tests\ScenarioTests\SearchOperationsTests.Scenario.cs(78,17): error CS0103: The name 'Assert' does not exist in the current context
C:\gh\azure-sdk-for-net\sdk\operationalinsights\Microsoft.Azure.Management.OperationalInsights\tests\ScenarioTests\SearchOperationsTests.Scenario.cs(79,17): error CS0103: The name 'Assert' does not exist in the current context
C:\gh\azure-sdk-for-net\sdk\operationalinsights\Microsoft.Azure.Management.OperationalInsights\tests\ScenarioTests\SearchOperationsTests.Scenario.cs(80,17): error CS0103: The name 'Assert' does not exist in the current context
C:\gh\azure-sdk-for-net\sdk\operationalinsights\Microsoft.Azure.Management.OperationalInsights\tests\ScenarioTests\LinkedServiceOperationsTests.Scenario.cs(36,20): error CS0246: The type or namespace name 'MockContext' could not be found (are you missing a using directive or an assembly reference?)
C:\gh\azure-sdk-for-net\sdk\operationalinsights\Microsoft.Azure.Management.OperationalInsights\tests\ScenarioTests\LinkedServiceOperationsTests.Scenario.cs(36,42): error CS0103: The name 'MockContext' does not exist in the current context
C:\gh\azure-sdk-for-net\sdk\operationalinsights\Microsoft.Azure.Management.OperationalInsights\tests\ScenarioTests\LinkedServiceOperationsTests.Scenario.cs(58,36): error CS0012: The type 'IPage<>' is defined in an assembly that is not referenced. You must add a reference to assembly 'Microsoft.Rest.ClientRuntime.Azure, Version=3.0.0.0, Culture=neutral, PublicKeyToken=31bf3856ad364e35'.
C:\gh\azure-sdk-for-net\sdk\operationalinsights\Microsoft.Azure.Management.OperationalInsights\tests\ScenarioTests\LinkedServiceOperationsTests.Scenario.cs(59,17): error CS0103: The name 'Assert' does not exist in the current context
C:\gh\azure-sdk-for-net\sdk\operationalinsights\Microsoft.Azure.Management.OperationalInsights\tests\ScenarioTests\LinkedServiceOperationsTests.Scenario.cs(60,17): error CS0103: The name 'Assert' does not exist in the current context
C:\gh\azure-sdk-for-net\sdk\operationalinsights\Microsoft.Azure.Management.OperationalInsights\tests\ScenarioTests\WorkspaceOperationsTests.Scenario.cs(33,20): error CS0246: The type or namespace name 'MockContext' could not be found (are you missing a using directive or an assembly reference?)
C:\gh\azure-sdk-for-net\sdk\operationalinsights\Microsoft.Azure.Management.OperationalInsights\tests\ScenarioTests\WorkspaceOperationsTests.Scenario.cs(33,42): error CS0103: The name 'MockContext' does not exist in the current context
C:\gh\azure-sdk-for-net\sdk\operationalinsights\Microsoft.Azure.Management.OperationalInsights\tests\ScenarioTests\WorkspaceOperationsTests.Scenario.cs(38,44): error CS0103: The name 'TestUtilities' does not exist in the current context
C:\gh\azure-sdk-for-net\sdk\operationalinsights\Microsoft.Azure.Management.OperationalInsights\tests\ScenarioTests\WorkspaceOperationsTests.Scenario.cs(41,40): error CS0103: The name 'TestUtilities' does not exist in the current context
C:\gh\azure-sdk-for-net\sdk\operationalinsights\Microsoft.Azure.Management.OperationalInsights\tests\ScenarioTests\WorkspaceOperationsTests.Scenario.cs(46,31): error CS0246: The type or namespace name 'Sku' could not be found (are you missing a using directive or an assembly reference?)
C:\gh\azure-sdk-for-net\sdk\operationalinsights\Microsoft.Azure.Management.OperationalInsights\tests\Helpers\TestHelper.cs(163,13): error CS0103: The name 'Assert' does not exist in the current context
C:\gh\azure-sdk-for-net\sdk\operationalinsights\Microsoft.Azure.Management.OperationalInsights\tests\Helpers\TestHelper.cs(164,13): error CS0103: The name 'Assert' does not exist in the current context
C:\gh\azure-sdk-for-net\sdk\operationalinsights\Microsoft.Azure.Management.OperationalInsights\tests\Helpers\TestHelper.cs(165,13): error CS0103: The name 'Assert' does not exist in the current context
C:\gh\azure-sdk-for-net\sdk\operationalinsights\Microsoft.Azure.Management.OperationalInsights\tests\Helpers\TestHelper.cs(168,17): error CS0103: The name 'Assert' does not exist in the current context
C:\gh\azure-sdk-for-net\sdk\operationalinsights\Microsoft.Azure.Management.OperationalInsights\tests\Helpers\TestHelper.cs(171,21): error CS0103: The name 'Assert' does not exist in the current context
C:\gh\azure-sdk-for-net\sdk\operationalinsights\Microsoft.Azure.Management.OperationalInsights\tests\Helpers\TestHelper.cs(176,17): error CS0103: The name 'Assert' does not exist in the current context
C:\gh\azure-sdk-for-net\sdk\operationalinsights\Microsoft.Azure.Management.OperationalInsights\tests\Helpers\TestHelper.cs(179,13): error CS0103: The name 'Assert' does not exist in the current context
C:\gh\azure-sdk-for-net\sdk\operationalinsights\Microsoft.Azure.Management.OperationalInsights\tests\Helpers\TestHelper.cs(180,13): error CS0103: The name 'Assert' does not exist in the current context
C:\gh\azure-sdk-for-net\sdk\operationalinsights\Microsoft.Azure.Management.OperationalInsights\tests\Helpers\TestHelper.cs(181,13): error CS0103: The name 'Assert' does not exist in the current context
C:\gh\azure-sdk-for-net\sdk\operationalinsights\Microsoft.Azure.Management.OperationalInsights\tests\Helpers\TestHelper.cs(182,13): error CS0103: The name 'Assert' does not exist in the current context
C:\gh\azure-sdk-for-net\sdk\operationalinsights\Microsoft.Azure.Management.OperationalInsights\tests\Helpers\TestHelper.cs(186,17): error CS0103: The name 'Assert' does not exist in the current context
C:\gh\azure-sdk-for-net\sdk\operationalinsights\Microsoft.Azure.Management.OperationalInsights\tests\Helpers\TestHelper.cs(189,21): error CS0103: The name 'Assert' does not exist in the current context
C:\gh\azure-sdk-for-net\sdk\operationalinsights\Microsoft.Azure.Management.OperationalInsights\tests\Helpers\TestHelper.cs(194,17): error CS0103: The name 'Assert' does not exist in the current context
C:\gh\azure-sdk-for-net\sdk\operationalinsights\Microsoft.Azure.Management.OperationalInsights\tests\Helpers\TestHelper.cs(199,17): error CS0103: The name 'Assert' does not exist in the current context
C:\gh\azure-sdk-for-net\sdk\operationalinsights\Microsoft.Azure.Management.OperationalInsights\tests\Helpers\TestHelper.cs(203,21): error CS0103: The name 'Assert' does not exist in the current context
C:\gh\azure-sdk-for-net\sdk\operationalinsights\Microsoft.Azure.Management.OperationalInsights\tests\Helpers\TestHelper.cs(208,17): error CS0103: The name 'Assert' does not exist in the current context
C:\gh\azure-sdk-for-net\sdk\operationalinsights\Microsoft.Azure.Management.OperationalInsights\tests\ScenarioTests\StorageInsightOperationsTests.Scenario.cs(33,20): error CS0246: The type or namespace name 'MockContext' could not be found (are you missing a using directive or an assembly reference?)
C:\gh\azure-sdk-for-net\sdk\operationalinsights\Microsoft.Azure.Management.OperationalInsights\tests\ScenarioTests\StorageInsightOperationsTests.Scenario.cs(33,42): error CS0103: The name 'MockContext' does not exist in the current context
C:\gh\azure-sdk-for-net\sdk\operationalinsights\Microsoft.Azure.Management.OperationalInsights\tests\ScenarioTests\StorageInsightOperationsTests.Scenario.cs(38,45): error CS0103: The name 'TestUtilities' does not exist in the current context
C:\gh\azure-sdk-for-net\sdk\operationalinsights\Microsoft.Azure.Management.OperationalInsights\tests\ScenarioTests\StorageInsightOperationsTests.Scenario.cs(42,40): error CS0103: The name 'TestUtilities' does not exist in the current context
C:\gh\azure-sdk-for-net\sdk\operationalinsights\Microsoft.Azure.Management.OperationalInsights\tests\ScenarioTests\StorageInsightOperationsTests.Scenario.cs(47,31): error CS0246: The type or namespace name 'Sku' could not be found (are you missing a using directive or an assembly reference?)
C:\gh\azure-sdk-for-net\sdk\operationalinsights\Microsoft.Azure.Management.OperationalInsights\tests\ScenarioTests\StorageInsightOperationsTests.Scenario.cs(56,45): error CS0103: The name 'TestUtilities' does not exist in the current context
C:\gh\azure-sdk-for-net\sdk\operationalinsights\Microsoft.Azure.Management.OperationalInsights\tests\ScenarioTests\StorageInsightOperationsTests.Scenario.cs(57,45): error CS0103: The name 'TestUtilities' does not exist in the current context
C:\gh\azure-sdk-for-net\sdk\operationalinsights\Microsoft.Azure.Management.OperationalInsights\tests\ScenarioTests\StorageInsightOperationsTests.Scenario.cs(71,45): error CS0012: The type 'ServiceClient<>' is defined in an assembly that is not referenced. You must add a reference to assembly 'Microsoft.Rest.ClientRuntime, Version=2.0.0.0, Culture=neutral, PublicKeyToken=31bf3856ad364e35'.
C:\gh\azure-sdk-for-net\sdk\operationalinsights\Microsoft.Azure.Management.OperationalInsights\tests\ScenarioTests\StorageInsightOperationsTests.Scenario.cs(71,45): error CS1061: 'OperationalInsightsManagementClient' does not contain a definition for 'StorageInsights' and no accessible extension method 'StorageInsights' accepting a first argument of type 'OperationalInsightsManagementClient' could be found (are you missing a using directive or an assembly reference?)
C:\gh\azure-sdk-for-net\sdk\operationalinsights\Microsoft.Azure.Management.OperationalInsights\tests\ScenarioTests\StorageInsightOperationsTests.Scenario.cs(75,42): error CS0012: The type 'ServiceClient<>' is defined in an assembly that is not referenced. You must add a reference to assembly 'Microsoft.Rest.ClientRuntime, Version=2.0.0.0, Culture=neutral, PublicKeyToken=31bf3856ad364e35'.
C:\gh\azure-sdk-for-net\sdk\operationalinsights\Microsoft.Azure.Management.OperationalInsights\tests\ScenarioTests\StorageInsightOperationsTests.Scenario.cs(75,42): error CS1061: 'OperationalInsightsManagementClient' does not contain a definition for 'StorageInsights' and no accessible extension method 'StorageInsights' accepting a first argument of type 'OperationalInsightsManagementClient' could be found (are you missing a using directive or an assembly reference?)
C:\gh\azure-sdk-for-net\sdk\operationalinsights\Microsoft.Azure.Management.OperationalInsights\tests\ScenarioTests\StorageInsightOperationsTests.Scenario.cs(79,45): error CS0103: The name 'TestUtilities' does not exist in the current context
C:\gh\azure-sdk-for-net\sdk\operationalinsights\Microsoft.Azure.Management.OperationalInsights\tests\ScenarioTests\StorageInsightOperationsTests.Scenario.cs(92,41): error CS0012: The type 'ServiceClient<>' is defined in an assembly that is not referenced. You must add a reference to assembly 'Microsoft.Rest.ClientRuntime, Version=2.0.0.0, Culture=neutral, PublicKeyToken=31bf3856ad364e35'.
C:\gh\azure-sdk-for-net\sdk\operationalinsights\Microsoft.Azure.Management.OperationalInsights\tests\ScenarioTests\StorageInsightOperationsTests.Scenario.cs(92,41): error CS1061: 'OperationalInsightsManagementClient' does not contain a definition for 'StorageInsights' and no accessible extension method 'StorageInsights' accepting a first argument of type 'OperationalInsightsManagementClient' could be found (are you missing a using directive or an assembly reference?)
C:\gh\azure-sdk-for-net\sdk\operationalinsights\Microsoft.Azure.Management.OperationalInsights\tests\ScenarioTests\StorageInsightOperationsTests.Scenario.cs(96,43): error CS0012: The type 'ServiceClient<>' is defined in an assembly that is not referenced. You must add a reference to assembly 'Microsoft.Rest.ClientRuntime, Version=2.0.0.0, Culture=neutral, PublicKeyToken=31bf3856ad364e35'.
C:\gh\azure-sdk-for-net\sdk\operationalinsights\Microsoft.Azure.Management.OperationalInsights\tests\ScenarioTests\StorageInsightOperationsTests.Scenario.cs(96,43): error CS1061: 'OperationalInsightsManagementClient' does not contain a definition for 'StorageInsights' and no accessible extension method 'StorageInsights' accepting a first argument of type 'OperationalInsightsManagementClient' could be found (are you missing a using directive or an assembly reference?)
C:\gh\azure-sdk-for-net\sdk\operationalinsights\Microsoft.Azure.Management.OperationalInsights\tests\ScenarioTests\StorageInsightOperationsTests.Scenario.cs(97,17): error CS0103: The name 'Assert' does not exist in the current context
C:\gh\azure-sdk-for-net\sdk\operationalinsights\Microsoft.Azure.Management.OperationalInsights\tests\ScenarioTests\StorageInsightOperationsTests.Scenario.cs(98,17): error CS0103: The name 'Assert' does not exist in the current context
C:\gh\azure-sdk-for-net\sdk\operationalinsights\Microsoft.Azure.Management.OperationalInsights\tests\ScenarioTests\StorageInsightOperationsTests.Scenario.cs(99,17): error CS0103: The name 'Assert' does not exist in the current context
C:\gh\azure-sdk-for-net\sdk\operationalinsights\Microsoft.Azure.Management.OperationalInsights\tests\ScenarioTests\StorageInsightOperationsTests.Scenario.cs(100,17): error CS0103: The name 'Assert' does not exist in the current context
C:\gh\azure-sdk-for-net\sdk\operationalinsights\Microsoft.Azure.Management.OperationalInsights\tests\ScenarioTests\StorageInsightOperationsTests.Scenario.cs(108,45): error CS0012: The type 'ServiceClient<>' is defined in an assembly that is not referenced. You must add a reference to assembly 'Microsoft.Rest.ClientRuntime, Version=2.0.0.0, Culture=neutral, PublicKeyToken=31bf3856ad364e35'.
C:\gh\azure-sdk-for-net\sdk\operationalinsights\Microsoft.Azure.Management.OperationalInsights\tests\ScenarioTests\StorageInsightOperationsTests.Scenario.cs(108,45): error CS1061: 'OperationalInsightsManagementClient' does not contain a definition for 'StorageInsights' and no accessible extension method 'StorageInsights' accepting a first argument of type 'OperationalInsightsManagementClient' could be found (are you missing a using directive or an assembly reference?)
C:\gh\azure-sdk-for-net\sdk\operationalinsights\Microsoft.Azure.Management.OperationalInsights\tests\ScenarioTests\StorageInsightOperationsTests.Scenario.cs(116,24): error CS0012: The type 'ServiceClient<>' is defined in an assembly that is not referenced. You must add a reference to assembly 'Microsoft.Rest.ClientRuntime, Version=2.0.0.0, Culture=neutral, PublicKeyToken=31bf3856ad364e35'.
C:\gh\azure-sdk-for-net\sdk\operationalinsights\Microsoft.Azure.Management.OperationalInsights\tests\ScenarioTests\StorageInsightOperationsTests.Scenario.cs(116,24): error CS1061: 'OperationalInsightsManagementClient' does not contain a definition for 'StorageInsights' and no accessible extension method 'StorageInsights' accepting a first argument of type 'OperationalInsightsManagementClient' could be found (are you missing a using directive or an assembly reference?)
C:\gh\azure-sdk-for-net\sdk\operationalinsights\Microsoft.Azure.Management.OperationalInsights\tests\ScenarioTests\StorageInsightOperationsTests.Scenario.cs(119,87): error CS0012: The type 'ServiceClient<>' is defined in an assembly that is not referenced. You must add a reference to assembly 'Microsoft.Rest.ClientRuntime, Version=2.0.0.0, Culture=neutral, PublicKeyToken=31bf3856ad364e35'.
C:\gh\azure-sdk-for-net\sdk\operationalinsights\Microsoft.Azure.Management.OperationalInsights\tests\ScenarioTests\StorageInsightOperationsTests.Scenario.cs(119,87): error CS1061: 'OperationalInsightsManagementClient' does not contain a definition for 'StorageInsights' and no accessible extension method 'StorageInsights' accepting a first argument of type 'OperationalInsightsManagementClient' could be found (are you missing a using directive or an assembly reference?)
C:\gh\azure-sdk-for-net\sdk\operationalinsights\Microsoft.Azure.Management.OperationalInsights\tests\ScenarioTests\LinkedServiceOperationsTests.Scenario.cs(80,20): error CS0246: The type or namespace name 'MockContext' could not be found (are you missing a using directive or an assembly reference?)
C:\gh\azure-sdk-for-net\sdk\operationalinsights\Microsoft.Azure.Management.OperationalInsights\tests\ScenarioTests\LinkedServiceOperationsTests.Scenario.cs(80,42): error CS0103: The name 'MockContext' does not exist in the current context
C:\gh\azure-sdk-for-net\sdk\operationalinsights\Microsoft.Azure.Management.OperationalInsights\tests\ScenarioTests\LinkedServiceOperationsTests.Scenario.cs(86,40): error CS0103: The name 'TestUtilities' does not exist in the current context
C:\gh\azure-sdk-for-net\sdk\operationalinsights\Microsoft.Azure.Management.OperationalInsights\tests\ScenarioTests\SearchOperationsTests.Scenario.cs(87,20): error CS0246: The type or namespace name 'MockContext' could not be found (are you missing a using directive or an assembly reference?)
C:\gh\azure-sdk-for-net\sdk\operationalinsights\Microsoft.Azure.Management.OperationalInsights\tests\ScenarioTests\SearchOperationsTests.Scenario.cs(87,42): error CS0103: The name 'MockContext' does not exist in the current context
C:\gh\azure-sdk-for-net\sdk\operationalinsights\Microsoft.Azure.Management.OperationalInsights\tests\ScenarioTests\SearchOperationsTests.Scenario.cs(97,43): error CS0012: The type 'IPage<>' is defined in an assembly that is not referenced. You must add a reference to assembly 'Microsoft.Rest.ClientRuntime.Azure, Version=3.0.0.0, Culture=neutral, PublicKeyToken=31bf3856ad364e35'.
C:\gh\azure-sdk-for-net\sdk\operationalinsights\Microsoft.Azure.Management.OperationalInsights\tests\ScenarioTests\SearchOperationsTests.Scenario.cs(99,17): error CS0103: The name 'Assert' does not exist in the current context
C:\gh\azure-sdk-for-net\sdk\operationalinsights\Microsoft.Azure.Management.OperationalInsights\tests\ScenarioTests\SearchOperationsTests.Scenario.cs(100,17): error CS0103: The name 'Assert' does not exist in the current context
C:\gh\azure-sdk-for-net\sdk\operationalinsights\Microsoft.Azure.Management.OperationalInsights\tests\ScenarioTests\SearchOperationsTests.Scenario.cs(101,17): error CS0103: The name 'Assert' does not exist in the current context
C:\gh\azure-sdk-for-net\sdk\operationalinsights\Microsoft.Azure.Management.OperationalInsights\tests\ScenarioTests\SearchOperationsTests.Scenario.cs(110,17): error CS0103: The name 'Assert' does not exist in the current context
C:\gh\azure-sdk-for-net\sdk\operationalinsights\Microsoft.Azure.Management.OperationalInsights\tests\ScenarioTests\SearchOperationsTests.Scenario.cs(111,17): error CS0103: The name 'Assert' does not exist in the current context
C:\gh\azure-sdk-for-net\sdk\operationalinsights\Microsoft.Azure.Management.OperationalInsights\tests\ScenarioTests\SearchOperationsTests.Scenario.cs(112,17): error CS0103: The name 'Assert' does not exist in the current context
C:\gh\azure-sdk-for-net\sdk\operationalinsights\Microsoft.Azure.Management.OperationalInsights\tests\ScenarioTests\SearchOperationsTests.Scenario.cs(113,17): error CS0103: The name 'Assert' does not exist in the current context
C:\gh\azure-sdk-for-net\sdk\operationalinsights\Microsoft.Azure.Management.OperationalInsights\tests\ScenarioTests\SearchOperationsTests.Scenario.cs(114,17): error CS0103: The name 'Assert' does not exist in the current context
C:\gh\azure-sdk-for-net\sdk\operationalinsights\Microsoft.Azure.Management.OperationalInsights\tests\ScenarioTests\SearchOperationsTests.Scenario.cs(115,17): error CS0103: The name 'Assert' does not exist in the current context
C:\gh\azure-sdk-for-net\sdk\operationalinsights\Microsoft.Azure.Management.OperationalInsights\tests\ScenarioTests\SearchOperationsTests.Scenario.cs(116,17): error CS0103: The name 'Assert' does not exist in the current context
C:\gh\azure-sdk-for-net\sdk\operationalinsights\Microsoft.Azure.Management.OperationalInsights\tests\ScenarioTests\SearchOperationsTests.Scenario.cs(118,63): error CS1061: 'ISavedSearchesOperations' does not contain a definition for 'GetResults' and no accessible extension method 'GetResults' accepting a first argument of type 'ISavedSearchesOperations' could be found (are you missing a using directive or an assembly reference?)
C:\gh\azure-sdk-for-net\sdk\operationalinsights\Microsoft.Azure.Management.OperationalInsights\tests\ScenarioTests\SearchOperationsTests.Scenario.cs(119,17): error CS0103: The name 'Assert' does not exist in the current context
C:\gh\azure-sdk-for-net\sdk\operationalinsights\Microsoft.Azure.Management.OperationalInsights\tests\ScenarioTests\SearchOperationsTests.Scenario.cs(120,17): error CS0103: The name 'Assert' does not exist in the current context
C:\gh\azure-sdk-for-net\sdk\operationalinsights\Microsoft.Azure.Management.OperationalInsights\tests\ScenarioTests\SearchOperationsTests.Scenario.cs(121,17): error CS0103: The name 'Assert' does not exist in the current context
C:\gh\azure-sdk-for-net\sdk\operationalinsights\Microsoft.Azure.Management.OperationalInsights\tests\ScenarioTests\SearchOperationsTests.Scenario.cs(122,17): error CS0103: The name 'Assert' does not exist in the current context
C:\gh\azure-sdk-for-net\sdk\operationalinsights\Microsoft.Azure.Management.OperationalInsights\tests\Helpers\TestHelper.cs(214,13): error CS0103: The name 'Assert' does not exist in the current context
C:\gh\azure-sdk-for-net\sdk\operationalinsights\Microsoft.Azure.Management.OperationalInsights\tests\Helpers\TestHelper.cs(214,27): error CS0246: The type or namespace name 'CloudException' could not be found (are you missing a using directive or an assembly reference?)
C:\gh\azure-sdk-for-net\sdk\operationalinsights\Microsoft.Azure.Management.OperationalInsights\tests\ScenarioTests\StorageInsightOperationsTests.Scenario.cs(126,20): error CS0246: The type or namespace name 'MockContext' could not be found (are you missing a using directive or an assembly reference?)
C:\gh\azure-sdk-for-net\sdk\operationalinsights\Microsoft.Azure.Management.OperationalInsights\tests\ScenarioTests\StorageInsightOperationsTests.Scenario.cs(126,42): error CS0103: The name 'MockContext' does not exist in the current context
C:\gh\azure-sdk-for-net\sdk\operationalinsights\Microsoft.Azure.Management.OperationalInsights\tests\ScenarioTests\StorageInsightOperationsTests.Scenario.cs(131,44): error CS0103: The name 'TestUtilities' does not exist in the current context
C:\gh\azure-sdk-for-net\sdk\operationalinsights\Microsoft.Azure.Management.OperationalInsights\tests\ScenarioTests\StorageInsightOperationsTests.Scenario.cs(135,45): error CS0103: The name 'TestUtilities' does not exist in the current context
C:\gh\azure-sdk-for-net\sdk\operationalinsights\Microsoft.Azure.Management.OperationalInsights\tests\ScenarioTests\StorageInsightOperationsTests.Scenario.cs(136,45): error CS0103: The name 'TestUtilities' does not exist in the current context
C:\gh\azure-sdk-for-net\sdk\operationalinsights\Microsoft.Azure.Management.OperationalInsights\tests\ScenarioTests\StorageInsightOperationsTests.Scenario.cs(137,40): error CS0103: The name 'TestUtilities' does not exist in the current context
C:\gh\azure-sdk-for-net\sdk\operationalinsights\Microsoft.Azure.Management.OperationalInsights\tests\ScenarioTests\StorageInsightOperationsTests.Scenario.cs(149,34): error CS0012: The type 'ServiceClient<>' is defined in an assembly that is not referenced. You must add a reference to assembly 'Microsoft.Rest.ClientRuntime, Version=2.0.0.0, Culture=neutral, PublicKeyToken=31bf3856ad364e35'.
C:\gh\azure-sdk-for-net\sdk\operationalinsights\Microsoft.Azure.Management.OperationalInsights\tests\ScenarioTests\StorageInsightOperationsTests.Scenario.cs(149,34): error CS1061: 'OperationalInsightsManagementClient' does not contain a definition for 'StorageInsights' and no accessible extension method 'StorageInsights' accepting a first argument of type 'OperationalInsightsManagementClient' could be found (are you missing a using directive or an assembly reference?)
C:\gh\azure-sdk-for-net\sdk\operationalinsights\Microsoft.Azure.Management.OperationalInsights\tests\ScenarioTests\DataSourceOperationsTests.Scenario.cs(103,20): error CS0246: The type or namespace name 'MockContext' could not be found (are you missing a using directive or an assembly reference?)
C:\gh\azure-sdk-for-net\sdk\operationalinsights\Microsoft.Azure.Management.OperationalInsights\tests\ScenarioTests\DataSourceOperationsTests.Scenario.cs(103,42): error CS0103: The name 'MockContext' does not exist in the current context
C:\gh\azure-sdk-for-net\sdk\operationalinsights\Microsoft.Azure.Management.OperationalInsights\tests\ScenarioTests\DataSourceOperationsTests.Scenario.cs(108,44): error CS0103: The name 'TestUtilities' does not exist in the current context
C:\gh\azure-sdk-for-net\sdk\operationalinsights\Microsoft.Azure.Management.OperationalInsights\tests\ScenarioTests\DataSourceOperationsTests.Scenario.cs(112,40): error CS0103: The name 'TestUtilities' does not exist in the current context
C:\gh\azure-sdk-for-net\sdk\operationalinsights\Microsoft.Azure.Management.OperationalInsights\tests\ScenarioTests\DataSourceOperationsTests.Scenario.cs(117,31): error CS0246: The type or namespace name 'Sku' could not be found (are you missing a using directive or an assembly reference?)
C:\gh\azure-sdk-for-net\sdk\operationalinsights\Microsoft.Azure.Management.OperationalInsights\tests\ScenarioTests\DataSourceOperationsTests.Scenario.cs(130,57): error CS0103: The name 'TestUtilities' does not exist in the current context
C:\gh\azure-sdk-for-net\sdk\operationalinsights\Microsoft.Azure.Management.OperationalInsights\tests\ScenarioTests\DataSourceOperationsTests.Scenario.cs(134,38): error CS0103: The name 'JToken' does not exist in the current context
C:\gh\azure-sdk-for-net\sdk\operationalinsights\Microsoft.Azure.Management.OperationalInsights\tests\ScenarioTests\DataSourceOperationsTests.Scenario.cs(142,75): error CS0246: The type or namespace name 'ODataQuery<>' could not be found (are you missing a using directive or an assembly reference?)
C:\gh\azure-sdk-for-net\sdk\operationalinsights\Microsoft.Azure.Management.OperationalInsights\tests\ScenarioTests\DataSourceOperationsTests.Scenario.cs(142,36): error CS0012: The type 'IPage<>' is defined in an assembly that is not referenced. You must add a reference to assembly 'Microsoft.Rest.ClientRuntime.Azure, Version=3.0.0.0, Culture=neutral, PublicKeyToken=31bf3856ad364e35'.
C:\gh\azure-sdk-for-net\sdk\operationalinsights\Microsoft.Azure.Management.OperationalInsights\tests\ScenarioTests\DataSourceOperationsTests.Scenario.cs(143,17): error CS0103: The name 'Assert' does not exist in the current context
C:\gh\azure-sdk-for-net\sdk\operationalinsights\Microsoft.Azure.Management.OperationalInsights\tests\ScenarioTests\DataSourceOperationsTests.Scenario.cs(144,17): error CS0103: The name 'Assert' does not exist in the current context
C:\gh\azure-sdk-for-net\sdk\operationalinsights\Microsoft.Azure.Management.OperationalInsights\tests\ScenarioTests\DataSourceOperationsTests.Scenario.cs(147,44): error CS0012: The type 'IPage<>' is defined in an assembly that is not referenced. You must add a reference to assembly 'Microsoft.Rest.ClientRuntime.Azure, Version=3.0.0.0, Culture=neutral, PublicKeyToken=31bf3856ad364e35'.
C:\gh\azure-sdk-for-net\sdk\operationalinsights\Microsoft.Azure.Management.OperationalInsights\tests\ScenarioTests\DataSourceOperationsTests.Scenario.cs(148,17): error CS0103: The name 'Assert' does not exist in the current context
C:\gh\azure-sdk-for-net\sdk\operationalinsights\Microsoft.Azure.Management.OperationalInsights\tests\ScenarioTests\DataSourceOperationsTests.Scenario.cs(149,17): error CS0103: The name 'Assert' does not exist in the current context
C:\gh\azure-sdk-for-net\sdk\operationalinsights\Microsoft.Azure.Management.OperationalInsights\tests\ScenarioTests\DataSourceOperationsTests.Scenario.cs(156,20): error CS0246: The type or namespace name 'MockContext' could not be found (are you missing a using directive or an assembly reference?)
C:\gh\azure-sdk-for-net\sdk\operationalinsights\Microsoft.Azure.Management.OperationalInsights\tests\ScenarioTests\DataSourceOperationsTests.Scenario.cs(156,42): error CS0103: The name 'MockContext' does not exist in the current context
C:\gh\azure-sdk-for-net\sdk\operationalinsights\Microsoft.Azure.Management.OperationalInsights\tests\ScenarioTests\DataSourceOperationsTests.Scenario.cs(161,44): error CS0103: The name 'TestUtilities' does not exist in the current context
C:\gh\azure-sdk-for-net\sdk\operationalinsights\Microsoft.Azure.Management.OperationalInsights\tests\ScenarioTests\DataSourceOperationsTests.Scenario.cs(165,41): error CS0103: The name 'TestUtilities' does not exist in the current context
C:\gh\azure-sdk-for-net\sdk\operationalinsights\Microsoft.Azure.Management.OperationalInsights\tests\ScenarioTests\DataSourceOperationsTests.Scenario.cs(166,40): error CS0103: The name 'TestUtilities' does not exist in the current context
C:\gh\azure-sdk-for-net\sdk\operationalinsights\Microsoft.Azure.Management.OperationalInsights\tests\ScenarioTests\DataSourceOperationsTests.Scenario.cs(171,34): error CS0103: The name 'JToken' does not exist in the current context
C:\gh\azure-sdk-for-net\sdk\operationalinsights\Microsoft.Azure.Management.OperationalInsights\tests\ScenarioTests\SearchOperationsTests.Scenario.cs(129,20): error CS0246: The type or namespace name 'MockContext' could not be found (are you missing a using directive or an assembly reference?)
C:\gh\azure-sdk-for-net\sdk\operationalinsights\Microsoft.Azure.Management.OperationalInsights\tests\ScenarioTests\SearchOperationsTests.Scenario.cs(129,42): error CS0103: The name 'MockContext' does not exist in the current context
C:\gh\azure-sdk-for-net\sdk\operationalinsights\Microsoft.Azure.Management.OperationalInsights\tests\ScenarioTests\SearchOperationsTests.Scenario.cs(147,30): error CS0012: The type 'IPage<>' is defined in an assembly that is not referenced. You must add a reference to assembly 'Microsoft.Rest.ClientRuntime.Azure, Version=3.0.0.0, Culture=neutral, PublicKeyToken=31bf3856ad364e35'.
C:\gh\azure-sdk-for-net\sdk\operationalinsights\Microsoft.Azure.Management.OperationalInsights\tests\ScenarioTests\SearchOperationsTests.Scenario.cs(155,17): error CS0103: The name 'Assert' does not exist in the current context
C:\gh\azure-sdk-for-net\sdk\operationalinsights\Microsoft.Azure.Management.OperationalInsights\tests\ScenarioTests\SearchOperationsTests.Scenario.cs(156,17): error CS0103: The name 'Assert' does not exist in the current context
C:\gh\azure-sdk-for-net\sdk\operationalinsights\Microsoft.Azure.Management.OperationalInsights\tests\ScenarioTests\SearchOperationsTests.Scenario.cs(157,17): error CS0103: The name 'Assert' does not exist in the current context
C:\gh\azure-sdk-for-net\sdk\operationalinsights\Microsoft.Azure.Management.OperationalInsights\tests\ScenarioTests\SearchOperationsTests.Scenario.cs(158,17): error CS0103: The name 'Assert' does not exist in the current context
C:\gh\azure-sdk-for-net\sdk\operationalinsights\Microsoft.Azure.Management.OperationalInsights\tests\ScenarioTests\SearchOperationsTests.Scenario.cs(159,17): error CS0103: The name 'Assert' does not exist in the current context
C:\gh\azure-sdk-for-net\sdk\operationalinsights\Microsoft.Azure.Management.OperationalInsights\tests\ScenarioTests\SearchOperationsTests.Scenario.cs(160,17): error CS0103: The name 'Assert' does not exist in the current context
C:\gh\azure-sdk-for-net\sdk\operationalinsights\Microsoft.Azure.Management.OperationalInsights\tests\ScenarioTests\SearchOperationsTests.Scenario.cs(163,43): error CS0012: The type 'IPage<>' is defined in an assembly that is not referenced. You must add a reference to assembly 'Microsoft.Rest.ClientRuntime.Azure, Version=3.0.0.0, Culture=neutral, PublicKeyToken=31bf3856ad364e35'.
C:\gh\azure-sdk-for-net\sdk\operationalinsights\Microsoft.Azure.Management.OperationalInsights\tests\ScenarioTests\SearchOperationsTests.Scenario.cs(164,17): error CS0103: The name 'Assert' does not exist in the current context
C:\gh\azure-sdk-for-net\sdk\operationalinsights\Microsoft.Azure.Management.OperationalInsights\tests\ScenarioTests\SearchOperationsTests.Scenario.cs(165,17): error CS0103: The name 'Assert' does not exist in the current context
C:\gh\azure-sdk-for-net\sdk\operationalinsights\Microsoft.Azure.Management.OperationalInsights\tests\ScenarioTests\SearchOperationsTests.Scenario.cs(166,17): error CS0103: The name 'Assert' does not exist in the current context
C:\gh\azure-sdk-for-net\sdk\operationalinsights\Microsoft.Azure.Management.OperationalInsights\tests\ScenarioTests\SearchOperationsTests.Scenario.cs(167,17): error CS0103: The name 'Assert' does not exist in the current context
C:\gh\azure-sdk-for-net\sdk\operationalinsights\Microsoft.Azure.Management.OperationalInsights\tests\ScenarioTests\SearchOperationsTests.Scenario.cs(168,17): error CS0103: The name 'Assert' does not exist in the current context
C:\gh\azure-sdk-for-net\sdk\operationalinsights\Microsoft.Azure.Management.OperationalInsights\tests\ScenarioTests\SearchOperationsTests.Scenario.cs(183,17): error CS0103: The name 'Assert' does not exist in the current context
C:\gh\azure-sdk-for-net\sdk\operationalinsights\Microsoft.Azure.Management.OperationalInsights\tests\ScenarioTests\SearchOperationsTests.Scenario.cs(194,17): error CS0103: The name 'Assert' does not exist in the current context
C:\gh\azure-sdk-for-net\sdk\operationalinsights\Microsoft.Azure.Management.OperationalInsights\tests\ScenarioTests\SearchOperationsTests.Scenario.cs(195,17): error CS0103: The name 'Assert' does not exist in the current context
C:\gh\azure-sdk-for-net\sdk\operationalinsights\Microsoft.Azure.Management.OperationalInsights\tests\ScenarioTests\SearchOperationsTests.Scenario.cs(196,17): error CS0103: The name 'Assert' does not exist in the current context
C:\gh\azure-sdk-for-net\sdk\operationalinsights\Microsoft.Azure.Management.OperationalInsights\tests\ScenarioTests\SearchOperationsTests.Scenario.cs(197,17): error CS0103: The name 'Assert' does not exist in the current context
C:\gh\azure-sdk-for-net\sdk\operationalinsights\Microsoft.Azure.Management.OperationalInsights\tests\ScenarioTests\SearchOperationsTests.Scenario.cs(198,17): error CS0103: The name 'Assert' does not exist in the current context
C:\gh\azure-sdk-for-net\sdk\operationalinsights\Microsoft.Azure.Management.OperationalInsights\tests\ScenarioTests\SearchOperationsTests.Scenario.cs(199,17): error CS0103: The name 'Assert' does not exist in the current context
C:\gh\azure-sdk-for-net\sdk\operationalinsights\Microsoft.Azure.Management.OperationalInsights\tests\ScenarioTests\SearchOperationsTests.Scenario.cs(202,39): error CS0012: The type 'IPage<>' is defined in an assembly that is not referenced. You must add a reference to assembly 'Microsoft.Rest.ClientRuntime.Azure, Version=3.0.0.0, Culture=neutral, PublicKeyToken=31bf3856ad364e35'.
C:\gh\azure-sdk-for-net\sdk\operationalinsights\Microsoft.Azure.Management.OperationalInsights\tests\ScenarioTests\SearchOperationsTests.Scenario.cs(203,17): error CS0103: The name 'Assert' does not exist in the current context
C:\gh\azure-sdk-for-net\sdk\operationalinsights\Microsoft.Azure.Management.OperationalInsights\tests\ScenarioTests\SearchOperationsTests.Scenario.cs(204,17): error CS0103: The name 'Assert' does not exist in the current context
C:\gh\azure-sdk-for-net\sdk\operationalinsights\Microsoft.Azure.Management.OperationalInsights\tests\ScenarioTests\SearchOperationsTests.Scenario.cs(205,17): error CS0103: The name 'Assert' does not exist in the current context
C:\gh\azure-sdk-for-net\sdk\operationalinsights\Microsoft.Azure.Management.OperationalInsights\tests\ScenarioTests\SearchOperationsTests.Scenario.cs(206,17): error CS0103: The name 'Assert' does not exist in the current context
C:\gh\azure-sdk-for-net\sdk\operationalinsights\Microsoft.Azure.Management.OperationalInsights\tests\ScenarioTests\SearchOperationsTests.Scenario.cs(207,17): error CS0103: The name 'Assert' does not exist in the current context
C:\gh\azure-sdk-for-net\sdk\operationalinsights\Microsoft.Azure.Management.OperationalInsights\tests\ScenarioTests\SearchOperationsTests.Scenario.cs(221,17): error CS0103: The name 'Assert' does not exist in the current context
C:\gh\azure-sdk-for-net\sdk\operationalinsights\Microsoft.Azure.Management.OperationalInsights\tests\ScenarioTests\SearchOperationsTests.Scenario.cs(225,39): error CS0012: The type 'IPage<>' is defined in an assembly that is not referenced. You must add a reference to assembly 'Microsoft.Rest.ClientRuntime.Azure, Version=3.0.0.0, Culture=neutral, PublicKeyToken=31bf3856ad364e35'.
C:\gh\azure-sdk-for-net\sdk\operationalinsights\Microsoft.Azure.Management.OperationalInsights\tests\ScenarioTests\SearchOperationsTests.Scenario.cs(238,17): error CS0103: The name 'Assert' does not exist in the current context
C:\gh\azure-sdk-for-net\sdk\operationalinsights\Microsoft.Azure.Management.OperationalInsights\tests\ScenarioTests\WorkspaceOperationsTests.Scenario.cs(62,20): error CS0246: The type or namespace name 'MockContext' could not be found (are you missing a using directive or an assembly reference?)
C:\gh\azure-sdk-for-net\sdk\operationalinsights\Microsoft.Azure.Management.OperationalInsights\tests\ScenarioTests\WorkspaceOperationsTests.Scenario.cs(62,42): error CS0103: The name 'MockContext' does not exist in the current context
C:\gh\azure-sdk-for-net\sdk\operationalinsights\Microsoft.Azure.Management.OperationalInsights\tests\ScenarioTests\WorkspaceOperationsTests.Scenario.cs(67,44): error CS0103: The name 'TestUtilities' does not exist in the current context
C:\gh\azure-sdk-for-net\sdk\operationalinsights\Microsoft.Azure.Management.OperationalInsights\tests\ScenarioTests\WorkspaceOperationsTests.Scenario.cs(71,61): error CS1061: 'IWorkspacesOperations' does not contain a definition for 'ListLinkTargets' and no accessible extension method 'ListLinkTargets' accepting a first argument of type 'IWorkspacesOperations' could be found (are you missing a using directive or an assembly reference?)
C:\gh\azure-sdk-for-net\sdk\operationalinsights\Microsoft.Azure.Management.OperationalInsights\tests\ScenarioTests\WorkspaceOperationsTests.Scenario.cs(72,17): error CS0103: The name 'Assert' does not exist in the current context
C:\gh\azure-sdk-for-net\sdk\operationalinsights\Microsoft.Azure.Management.OperationalInsights\tests\ScenarioTests\WorkspaceOperationsTests.Scenario.cs(75,40): error CS0103: The name 'TestUtilities' does not exist in the current context
C:\gh\azure-sdk-for-net\sdk\operationalinsights\Microsoft.Azure.Management.OperationalInsights\tests\ScenarioTests\WorkspaceOperationsTests.Scenario.cs(80,21): error CS0200: Property or indexer 'Workspace.CustomerId' cannot be assigned to -- it is read only
C:\gh\azure-sdk-for-net\sdk\operationalinsights\Microsoft.Azure.Management.OperationalInsights\tests\ScenarioTests\WorkspaceOperationsTests.Scenario.cs(91,31): error CS0246: The type or namespace name 'Sku' could not be found (are you missing a using directive or an assembly reference?)
C:\gh\azure-sdk-for-net\sdk\operationalinsights\Microsoft.Azure.Management.OperationalInsights\tests\ScenarioTests\WorkspaceOperationsTests.Scenario.cs(101,39): error CS1929: 'IWorkspacesOperations' does not contain a definition for 'GetSharedKeys' and the best extension method overload 'SharedKeysOperationsExtensions.GetSharedKeys(ISharedKeysOperations, string, string)' requires a receiver of type 'ISharedKeysOperations'
C:\gh\azure-sdk-for-net\sdk\operationalinsights\Microsoft.Azure.Management.OperationalInsights\tests\ScenarioTests\WorkspaceOperationsTests.Scenario.cs(102,17): error CS0103: The name 'Assert' does not exist in the current context
C:\gh\azure-sdk-for-net\sdk\operationalinsights\Microsoft.Azure.Management.OperationalInsights\tests\ScenarioTests\WorkspaceOperationsTests.Scenario.cs(103,17): error CS0103: The name 'Assert' does not exist in the current context
C:\gh\azure-sdk-for-net\sdk\operationalinsights\Microsoft.Azure.Management.OperationalInsights\tests\ScenarioTests\WorkspaceOperationsTests.Scenario.cs(106,66): error CS1061: 'IWorkspacesOperations' does not contain a definition for 'ListManagementGroups' and no accessible extension method 'ListManagementGroups' accepting a first argument of type 'IWorkspacesOperations' could be found (are you missing a using directive or an assembly reference?)
C:\gh\azure-sdk-for-net\sdk\operationalinsights\Microsoft.Azure.Management.OperationalInsights\tests\ScenarioTests\WorkspaceOperationsTests.Scenario.cs(107,17): error CS0103: The name 'Assert' does not exist in the current context
C:\gh\azure-sdk-for-net\sdk\operationalinsights\Microsoft.Azure.Management.OperationalInsights\tests\ScenarioTests\WorkspaceOperationsTests.Scenario.cs(110,56): error CS1061: 'IWorkspacesOperations' does not contain a definition for 'ListUsages' and no accessible extension method 'ListUsages' accepting a first argument of type 'IWorkspacesOperations' could be found (are you missing a using directive or an assembly reference?)
C:\gh\azure-sdk-for-net\sdk\operationalinsights\Microsoft.Azure.Management.OperationalInsights\tests\ScenarioTests\WorkspaceOperationsTests.Scenario.cs(111,17): error CS0103: The name 'Assert' does not exist in the current context
C:\gh\azure-sdk-for-net\sdk\operationalinsights\Microsoft.Azure.Management.OperationalInsights\tests\ScenarioTests\WorkspaceOperationsTests.Scenario.cs(114,17): error CS0103: The name 'Assert' does not exist in the current context
C:\gh\azure-sdk-for-net\sdk\operationalinsights\Microsoft.Azure.Management.OperationalInsights\tests\ScenarioTests\WorkspaceOperationsTests.Scenario.cs(115,17): error CS0103: The name 'Assert' does not exist in the current context
C:\gh\azure-sdk-for-net\sdk\operationalinsights\Microsoft.Azure.Management.OperationalInsights\tests\ScenarioTests\WorkspaceOperationsTests.Scenario.cs(116,17): error CS0103: The name 'Assert' does not exist in the current context
C:\gh\azure-sdk-for-net\sdk\operationalinsights\Microsoft.Azure.Management.OperationalInsights\tests\ScenarioTests\WorkspaceOperationsTests.Scenario.cs(117,17): error CS0103: The name 'Assert' does not exist in the current context
C:\gh\azure-sdk-for-net\sdk\operationalinsights\Microsoft.Azure.Management.OperationalInsights\tests\ScenarioTests\WorkspaceOperationsTests.Scenario.cs(124,20): error CS0246: The type or namespace name 'MockContext' could not be found (are you missing a using directive or an assembly reference?)
C:\gh\azure-sdk-for-net\sdk\operationalinsights\Microsoft.Azure.Management.OperationalInsights\tests\ScenarioTests\WorkspaceOperationsTests.Scenario.cs(124,42): error CS0103: The name 'MockContext' does not exist in the current context
C:\gh\azure-sdk-for-net\sdk\operationalinsights\Microsoft.Azure.Management.OperationalInsights\tests\ScenarioTests\WorkspaceOperationsTests.Scenario.cs(129,44): error CS0103: The name 'TestUtilities' does not exist in the current context
C:\gh\azure-sdk-for-net\sdk\operationalinsights\Microsoft.Azure.Management.OperationalInsights\tests\ScenarioTests\WorkspaceOperationsTests.Scenario.cs(133,40): error CS0103: The name 'TestUtilities' does not exist in the current context
C:\gh\azure-sdk-for-net\sdk\operationalinsights\Microsoft.Azure.Management.OperationalInsights\tests\ScenarioTests\WorkspaceOperationsTests.Scenario.cs(138,31): error CS0246: The type or namespace name 'Sku' could not be found (are you missing a using directive or an assembly reference?)
C:\gh\azure-sdk-for-net\sdk\operationalinsights\Microsoft.Azure.Management.OperationalInsights\tests\ScenarioTests\WorkspaceOperationsTests.Scenario.cs(149,41): error CS1061: 'IWorkspacesOperations' does not contain a definition for 'EnableIntelligencePackAsync' and no accessible extension method 'EnableIntelligencePackAsync' accepting a first argument of type 'IWorkspacesOperations' could be found (are you missing a using directive or an assembly reference?)
C:\gh\azure-sdk-for-net\sdk\operationalinsights\Microsoft.Azure.Management.OperationalInsights\tests\ScenarioTests\WorkspaceOperationsTests.Scenario.cs(153,41): error CS1061: 'IWorkspacesOperations' does not contain a definition for 'EnableIntelligencePackAsync' and no accessible extension method 'EnableIntelligencePackAsync' accepting a first argument of type 'IWorkspacesOperations' could be found (are you missing a using directive or an assembly reference?)
C:\gh\azure-sdk-for-net\sdk\operationalinsights\Microsoft.Azure.Management.OperationalInsights\tests\ScenarioTests\WorkspaceOperationsTests.Scenario.cs(158,54): error CS1061: 'IWorkspacesOperations' does not contain a definition for 'ListIntelligencePacks' and no accessible extension method 'ListIntelligencePacks' accepting a first argument of type 'IWorkspacesOperations' could be found (are you missing a using directive or an assembly reference?)
C:\gh\azure-sdk-for-net\sdk\operationalinsights\Microsoft.Azure.Management.OperationalInsights\tests\ScenarioTests\WorkspaceOperationsTests.Scenario.cs(159,17): error CS0103: The name 'Assert' does not exist in the current context
C:\gh\azure-sdk-for-net\sdk\operationalinsights\Microsoft.Azure.Management.OperationalInsights\tests\ScenarioTests\WorkspaceOperationsTests.Scenario.cs(165,25): error CS0103: The name 'Assert' does not exist in the current context
C:\gh\azure-sdk-for-net\sdk\operationalinsights\Microsoft.Azure.Management.OperationalInsights\tests\ScenarioTests\WorkspaceOperationsTests.Scenario.cs(169,25): error CS0103: The name 'Assert' does not exist in the current context
C:\gh\azure-sdk-for-net\sdk\operationalinsights\Microsoft.Azure.Management.OperationalInsights\tests\ScenarioTests\WorkspaceOperationsTests.Scenario.cs(173,25): error CS0103: The name 'Assert' does not exist in the current context
C:\gh\azure-sdk-for-net\sdk\operationalinsights\Microsoft.Azure.Management.OperationalInsights\tests\ScenarioTests\WorkspaceOperationsTests.Scenario.cs(177,25): error CS0103: The name 'Assert' does not exist in the current context
C:\gh\azure-sdk-for-net\sdk\operationalinsights\Microsoft.Azure.Management.OperationalInsights\tests\ScenarioTests\WorkspaceOperationsTests.Scenario.cs(182,41): error CS1061: 'IWorkspacesOperations' does not contain a definition for 'DisableIntelligencePackAsync' and no accessible extension method 'DisableIntelligencePackAsync' accepting a first argument of type 'IWorkspacesOperations' could be found (are you missing a using directive or an assembly reference?)
C:\gh\azure-sdk-for-net\sdk\operationalinsights\Microsoft.Azure.Management.OperationalInsights\tests\ScenarioTests\WorkspaceOperationsTests.Scenario.cs(187,41): error CS1061: 'IWorkspacesOperations' does not contain a definition for 'DisableIntelligencePackAsync' and no accessible extension method 'DisableIntelligencePackAsync' accepting a first argument of type 'IWorkspacesOperations' could be found (are you missing a using directive or an assembly reference?)
C:\gh\azure-sdk-for-net\sdk\operationalinsights\Microsoft.Azure.Management.OperationalInsights\tests\ScenarioTests\WorkspaceOperationsTests.Scenario.cs(192,50): error CS1061: 'IWorkspacesOperations' does not contain a definition for 'ListIntelligencePacks' and no accessible extension method 'ListIntelligencePacks' accepting a first argument of type 'IWorkspacesOperations' could be found (are you missing a using directive or an assembly reference?)
C:\gh\azure-sdk-for-net\sdk\operationalinsights\Microsoft.Azure.Management.OperationalInsights\tests\ScenarioTests\WorkspaceOperationsTests.Scenario.cs(193,17): error CS0103: The name 'Assert' does not exist in the current context
C:\gh\azure-sdk-for-net\sdk\operationalinsights\Microsoft.Azure.Management.OperationalInsights\tests\ScenarioTests\WorkspaceOperationsTests.Scenario.cs(199,25): error CS0103: The name 'Assert' does not exist in the current context
C:\gh\azure-sdk-for-net\sdk\operationalinsights\Microsoft.Azure.Management.OperationalInsights\tests\ScenarioTests\WorkspaceOperationsTests.Scenario.cs(203,25): error CS0103: The name 'Assert' does not exist in the current context
C:\gh\azure-sdk-for-net\sdk\operationalinsights\Microsoft.Azure.Management.OperationalInsights\tests\ScenarioTests\WorkspaceOperationsTests.Scenario.cs(207,25): error CS0103: The name 'Assert' does not exist in the current context
C:\gh\azure-sdk-for-net\sdk\operationalinsights\Microsoft.Azure.Management.OperationalInsights\tests\ScenarioTests\WorkspaceOperationsTests.Scenario.cs(211,25): error CS0103: The name 'Assert' does not exist in the current context
C:\gh\azure-sdk-for-net\sdk\operationalinsights\Microsoft.Azure.Management.OperationalInsights\tests\ScenarioTests\WorkspaceOperationsTests.Scenario.cs(21,1): hidden CS8019: Unnecessary using directive.
C:\gh\azure-sdk-for-net\sdk\operationalinsights\Microsoft.Azure.Management.OperationalInsights\tests\ScenarioTests\LinkedServiceOperationsTests.Scenario.cs(22,1): hidden CS8019: Unnecessary using directive.
C:\gh\azure-sdk-for-net\sdk\operationalinsights\Microsoft.Azure.Management.OperationalInsights\tests\Helpers\TestHelper.cs(26,1): hidden CS8019: Unnecessary using directive.
C:\gh\azure-sdk-for-net\artifacts\obj\Microsoft.Azure.Management.OperationalInsights.Test\Debug\netcoreapp3.1\Microsoft.Azure.Management.OperationalInsights.Test.AssemblyInfo.cs(11,1): hidden CS8019: Unnecessary using directive.
C:\gh\azure-sdk-for-net\sdk\operationalinsights\Microsoft.Azure.Management.OperationalInsights\tests\ScenarioTests\SearchOperationsTests.Scenario.cs(21,1): hidden CS8019: Unnecessary using directive.
C:\gh\azure-sdk-for-net\sdk\operationalinsights\Microsoft.Azure.Management.OperationalInsights\tests\ScenarioTests\WorkspaceOperationsTests.Scenario.cs(20,1): hidden CS8019: Unnecessary using directive.
C:\gh\azure-sdk-for-net\sdk\operationalinsights\Microsoft.Azure.Management.OperationalInsights\tests\ScenarioTests\LinkedServiceOperationsTests.Scenario.cs(17,1): hidden CS8019: Unnecessary using directive.
C:\gh\azure-sdk-for-net\sdk\operationalinsights\Microsoft.Azure.Management.OperationalInsights\tests\ScenarioTests\StorageInsightOperationsTests.Scenario.cs(22,1): hidden CS8019: Unnecessary using directive.
C:\gh\azure-sdk-for-net\sdk\operationalinsights\Microsoft.Azure.Management.OperationalInsights\tests\Helpers\TestHelper.cs(19,1): hidden CS8019: Unnecessary using directive.
C:\gh\azure-sdk-for-net\sdk\operationalinsights\Microsoft.Azure.Management.OperationalInsights\tests\ScenarioTests\DataSourceOperationsTests.Scenario.cs(19,1): hidden CS8019: Unnecessary using directive.
C:\gh\azure-sdk-for-net\sdk\operationalinsights\Microsoft.Azure.Management.OperationalInsights\tests\ScenarioTests\WorkspaceOperationsTests.Scenario.cs(16,1): hidden CS8019: Unnecessary using directive.
C:\gh\azure-sdk-for-net\eng\mgmt\DisableTestRunParallel.cs(4,1): hidden CS8019: Unnecessary using directive.
C:\gh\azure-sdk-for-net\sdk\operationalinsights\Microsoft.Azure.Management.OperationalInsights\tests\Properties\AssemblyInfo.cs(2,1): hidden CS8019: Unnecessary using directive.
C:\gh\azure-sdk-for-net\sdk\operationalinsights\Microsoft.Azure.Management.OperationalInsights\tests\Helpers\TestHelper.cs(17,1): hidden CS8019: Unnecessary using directive.
C:\gh\azure-sdk-for-net\sdk\operationalinsights\Microsoft.Azure.Management.OperationalInsights\tests\ScenarioTests\StorageInsightOperationsTests.Scenario.cs(17,1): hidden CS8019: Unnecessary using directive.
C:\gh\azure-sdk-for-net\sdk\operationalinsights\Microsoft.Azure.Management.OperationalInsights\tests\ScenarioTests\DataSourceOperationsTests.Scenario.cs(18,1): hidden CS8019: Unnecessary using directive.
C:\gh\azure-sdk-for-net\artifacts\obj\Microsoft.Azure.Management.OperationalInsights.Test\Debug\netcoreapp3.1\.NETCoreApp,Version=v3.1.AssemblyAttributes.cs(3,1): hidden CS8019: Unnecessary using directive.
C:\gh\azure-sdk-for-net\sdk\operationalinsights\Microsoft.Azure.Management.OperationalInsights\tests\ScenarioTests\SearchOperationsTests.Scenario.cs(17,1): hidden CS8019: Unnecessary using directive.
C:\gh\azure-sdk-for-net\sdk\operationalinsights\Microsoft.Azure.Management.OperationalInsights\tests\Helpers\TestHelper.cs(24,1): hidden CS8019: Unnecessary using directive.
C:\gh\azure-sdk-for-net\sdk\operationalinsights\Microsoft.Azure.Management.OperationalInsights\tests\ScenarioTests\DataSourceOperationsTests.Scenario.cs(17,1): hidden CS8019: Unnecessary using directive.
C:\gh\azure-sdk-for-net\eng\mgmt\DisableTestRunParallel.cs(5,1): hidden CS8019: Unnecessary using directive.
C:\gh\azure-sdk-for-net\sdk\operationalinsights\Microsoft.Azure.Management.OperationalInsights\tests\ScenarioTests\DataSourceOperationsTests.Scenario.cs(24,1): hidden CS8019: Unnecessary using directive.
C:\gh\azure-sdk-for-net\sdk\operationalinsights\Microsoft.Azure.Management.OperationalInsights\tests\Helpers\TestHelper.cs(18,1): hidden CS8019: Unnecessary using directive.
C:\gh\azure-sdk-for-net\artifacts\obj\Microsoft.Azure.Management.OperationalInsights.Test\Debug\netcoreapp3.1\.NETCoreApp,Version=v3.1.AssemblyAttributes.cs(2,1): hidden CS8019: Unnecessary using directive.
C:\gh\azure-sdk-for-net\artifacts\obj\Microsoft.Azure.Management.OperationalInsights.Test\Debug\netcoreapp3.1\Microsoft.Azure.Management.OperationalInsights.Test.AssemblyInfo.cs(12,1): hidden CS8019: Unnecessary using directive.
C:\gh\azure-sdk-for-net\sdk\operationalinsights\Microsoft.Azure.Management.OperationalInsights\tests\Helpers\TestHelper.cs(25,1): hidden CS8019: Unnecessary using directive.
C:\gh\azure-sdk-for-net\sdk\operationalinsights\Microsoft.Azure.Management.OperationalInsights\tests\Helpers\TestHelper.cs(20,1): hidden CS8019: Unnecessary using directive.
