C:\gh\azure-sdk-for-net\sdk\servicebus\Microsoft.Azure.WebJobs.Extensions.ServiceBus\tests\Bindings\ServiceBusTriggerAttributeBindingProviderTests.cs(120,73): error CS0246: The type or namespace name 'AutoCompleteMessages' could not be found (are you missing a using directive or an assembly reference?)
C:\gh\azure-sdk-for-net\sdk\servicebus\Microsoft.Azure.WebJobs.Extensions.ServiceBus\tests\ServiceBusSessionsEndToEndTests.cs(716,65): error CS0115: 'ServiceBusSessionsEndToEndTests.CustomMessagingProvider.CreateSessionMessageProcessor(ServiceBusClient, string, ServiceBusSessionProcessorOptions)': no suitable method found to override
C:\gh\azure-sdk-for-net\sdk\servicebus\Microsoft.Azure.WebJobs.Extensions.ServiceBus\tests\ServiceBusEndToEndTests.cs(873,55): error CS0246: The type or namespace name 'AutoCompleteMessages' could not be found (are you missing a using directive or an assembly reference?)
C:\gh\azure-sdk-for-net\sdk\servicebus\Microsoft.Azure.WebJobs.Extensions.ServiceBus\tests\ServiceBusEndToEndTests.cs(889,54): error CS0246: The type or namespace name 'AutoCompleteMessages' could not be found (are you missing a using directive or an assembly reference?)
C:\gh\azure-sdk-for-net\sdk\servicebus\Microsoft.Azure.WebJobs.Extensions.ServiceBus\tests\ServiceBusEndToEndTests.cs(1019,58): error CS0115: 'ServiceBusEndToEndTests.CustomMessagingProvider.CreateMessageProcessor(ServiceBusClient, string, ServiceBusProcessorOptions)': no suitable method found to override
C:\gh\azure-sdk-for-net\sdk\servicebus\Microsoft.Azure.WebJobs.Extensions.ServiceBus\tests\ServiceBusEndToEndTests.cs(1043,62): error CS0507: 'ServiceBusEndToEndTests.CustomMessagingProvider.CustomMessageProcessor.BeginProcessingMessageAsync(ServiceBusMessageActions, ServiceBusReceivedMessage, CancellationToken)': cannot change access modifiers when overriding 'public' inherited member 'MessageProcessor.BeginProcessingMessageAsync(ServiceBusMessageActions, ServiceBusReceivedMessage, CancellationToken)'
C:\gh\azure-sdk-for-net\sdk\servicebus\Microsoft.Azure.WebJobs.Extensions.ServiceBus\tests\ServiceBusEndToEndTests.cs(1049,56): error CS0507: 'ServiceBusEndToEndTests.CustomMessagingProvider.CustomMessageProcessor.CompleteProcessingMessageAsync(ServiceBusMessageActions, ServiceBusReceivedMessage, FunctionResult, CancellationToken)': cannot change access modifiers when overriding 'public' inherited member 'MessageProcessor.CompleteProcessingMessageAsync(ServiceBusMessageActions, ServiceBusReceivedMessage, FunctionResult, CancellationToken)'
C:\gh\azure-sdk-for-net\sdk\servicebus\Microsoft.Azure.WebJobs.Extensions.ServiceBus\tests\Config\ServiceBusClientFactoryTests.cs(36,52): error CS1503: Argument 2: cannot convert from 'Azure.Messaging.ServiceBus.ServiceBusClientOptions' to 'Azure.Core.TokenCredential'
C:\gh\azure-sdk-for-net\sdk\servicebus\Microsoft.Azure.WebJobs.Extensions.ServiceBus\tests\Config\ServiceBusClientFactoryTests.cs(39,31): error CS1729: 'ServiceBusClientFactory' does not contain a constructor that takes 5 arguments
C:\gh\azure-sdk-for-net\sdk\servicebus\Microsoft.Azure.WebJobs.Extensions.ServiceBus\tests\Bindings\ServiceBusTriggerAttributeBindingProviderTests.cs(41,31): error CS1729: 'ServiceBusClientFactory' does not contain a constructor that takes 5 arguments
C:\gh\azure-sdk-for-net\sdk\servicebus\Microsoft.Azure.WebJobs.Extensions.ServiceBus\tests\MessageProcessorTests.cs(22,30): error CS7036: There is no argument given that corresponds to the required formal parameter 'receiver' of 'MessageProcessor.MessageProcessor(ServiceBusProcessor, ServiceBusReceiver)'
C:\gh\azure-sdk-for-net\sdk\servicebus\Microsoft.Azure.WebJobs.Extensions.ServiceBus\tests\Listeners\ServiceBusScaleMonitorTests.cs(63,31): error CS1501: No overload for method 'CreateMessageProcessor' takes 3 arguments
C:\gh\azure-sdk-for-net\sdk\servicebus\Microsoft.Azure.WebJobs.Extensions.ServiceBus\tests\Listeners\ServiceBusScaleMonitorTests.cs(67,61): error CS1503: Argument 2: cannot convert from 'Azure.Messaging.ServiceBus.ServiceBusClientOptions' to 'Azure.Core.TokenCredential'
C:\gh\azure-sdk-for-net\sdk\servicebus\Microsoft.Azure.WebJobs.Extensions.ServiceBus\tests\Listeners\ServiceBusScaleMonitorTests.cs(76,17): error CS0103: The name 'ServiceBusEntityType' does not exist in the current context
C:\gh\azure-sdk-for-net\sdk\servicebus\Microsoft.Azure.WebJobs.Extensions.ServiceBus\tests\Listeners\ServiceBusScaleMonitorTests.cs(74,29): error CS1729: 'ServiceBusListener' does not contain a constructor that takes 12 arguments
C:\gh\azure-sdk-for-net\sdk\servicebus\Microsoft.Azure.WebJobs.Extensions.ServiceBus\tests\MessagingProviderTests.cs(27,43): error CS1061: 'ServiceBusOptions' does not contain a definition for 'ToReceiverOptions' and no accessible extension method 'ToReceiverOptions' accepting a first argument of type 'ServiceBusOptions' could be found (are you missing a using directive or an assembly reference?)
C:\gh\azure-sdk-for-net\sdk\servicebus\Microsoft.Azure.WebJobs.Extensions.ServiceBus\tests\MessagingProviderTests.cs(36,92): error CS1061: 'ServiceBusOptions' does not contain a definition for 'ToReceiverOptions' and no accessible extension method 'ToReceiverOptions' accepting a first argument of type 'ServiceBusOptions' could be found (are you missing a using directive or an assembly reference?)
C:\gh\azure-sdk-for-net\sdk\servicebus\Microsoft.Azure.WebJobs.Extensions.ServiceBus\tests\Bindings\ServiceBusAttributeBindingProviderTests.cs(34,31): error CS1729: 'ServiceBusClientFactory' does not contain a constructor that takes 5 arguments
C:\gh\azure-sdk-for-net\sdk\servicebus\Microsoft.Azure.WebJobs.Extensions.ServiceBus\tests\Bindings\ServiceBusTriggerAttributeBindingProviderTests.cs(88,31): error CS1501: No overload for method 'CreateMessageProcessor' takes 3 arguments
C:\gh\azure-sdk-for-net\sdk\servicebus\Microsoft.Azure.WebJobs.Extensions.ServiceBus\tests\MessagingProviderTests.cs(45,44): error CS1501: No overload for method 'ToProcessorOptions' takes 1 arguments
C:\gh\azure-sdk-for-net\sdk\servicebus\Microsoft.Azure.WebJobs.Extensions.ServiceBus\tests\MessagingProviderTests.cs(47,38): error CS1501: No overload for method 'CreateProcessor' takes 3 arguments
C:\gh\azure-sdk-for-net\sdk\servicebus\Microsoft.Azure.WebJobs.Extensions.ServiceBus\tests\MessagingProviderTests.cs(50,39): error CS1501: No overload for method 'CreateProcessor' takes 3 arguments
C:\gh\azure-sdk-for-net\sdk\servicebus\Microsoft.Azure.WebJobs.Extensions.ServiceBus\tests\MessagingProviderTests.cs(56,82): error CS1501: No overload for method 'ToProcessorOptions' takes 1 arguments
C:\gh\azure-sdk-for-net\sdk\servicebus\Microsoft.Azure.WebJobs.Extensions.ServiceBus\tests\MessagingProviderTests.cs(67,44): error CS1501: No overload for method 'ToSessionProcessorOptions' takes 1 arguments
C:\gh\azure-sdk-for-net\sdk\servicebus\Microsoft.Azure.WebJobs.Extensions.ServiceBus\tests\MessagingProviderTests.cs(69,38): error CS1501: No overload for method 'CreateSessionProcessor' takes 3 arguments
C:\gh\azure-sdk-for-net\sdk\servicebus\Microsoft.Azure.WebJobs.Extensions.ServiceBus\tests\MessagingProviderTests.cs(72,39): error CS1501: No overload for method 'CreateSessionProcessor' takes 3 arguments
C:\gh\azure-sdk-for-net\sdk\servicebus\Microsoft.Azure.WebJobs.Extensions.ServiceBus\tests\MessagingProviderTests.cs(78,89): error CS1501: No overload for method 'ToSessionProcessorOptions' takes 1 arguments
C:\gh\azure-sdk-for-net\sdk\servicebus\Microsoft.Azure.WebJobs.Extensions.ServiceBus\tests\Listeners\ServiceBusListenerTests.cs(55,31): error CS1501: No overload for method 'CreateMessageProcessor' takes 3 arguments
C:\gh\azure-sdk-for-net\sdk\servicebus\Microsoft.Azure.WebJobs.Extensions.ServiceBus\tests\Listeners\ServiceBusListenerTests.cs(59,35): error CS1501: No overload for method 'CreateBatchMessageReceiver' takes 3 arguments
C:\gh\azure-sdk-for-net\sdk\servicebus\Microsoft.Azure.WebJobs.Extensions.ServiceBus\tests\Listeners\ServiceBusListenerTests.cs(68,17): error CS0103: The name 'ServiceBusEntityType' does not exist in the current context
C:\gh\azure-sdk-for-net\sdk\servicebus\Microsoft.Azure.WebJobs.Extensions.ServiceBus\tests\Listeners\ServiceBusListenerTests.cs(66,29): error CS1729: 'ServiceBusListener' does not contain a constructor that takes 12 arguments
C:\gh\azure-sdk-for-net\sdk\servicebus\Microsoft.Azure.WebJobs.Extensions.ServiceBus\tests\Listeners\ServiceBusScaleMonitorTests.cs(140,31): error CS1501: No overload for method 'CreateBatchMessageReceiver' takes 3 arguments
C:\gh\azure-sdk-for-net\sdk\servicebus\Microsoft.Azure.WebJobs.Extensions.ServiceBus\tests\Listeners\ServiceBusScaleMonitorTests.cs(158,31): error CS1501: No overload for method 'CreateBatchMessageReceiver' takes 3 arguments
C:\gh\azure-sdk-for-net\sdk\servicebus\Microsoft.Azure.WebJobs.Extensions.ServiceBus\tests\Listeners\ServiceBusScaleMonitorTests.cs(177,31): error CS1501: No overload for method 'CreateBatchMessageReceiver' takes 3 arguments
C:\gh\azure-sdk-for-net\sdk\servicebus\Microsoft.Azure.WebJobs.Extensions.ServiceBus\tests\Listeners\ServiceBusScaleMonitorTests.cs(196,17): error CS0103: The name 'ServiceBusEntityType' does not exist in the current context
C:\gh\azure-sdk-for-net\sdk\servicebus\Microsoft.Azure.WebJobs.Extensions.ServiceBus\tests\Listeners\ServiceBusScaleMonitorTests.cs(194,24): error CS1729: 'ServiceBusListener' does not contain a constructor that takes 12 arguments
C:\gh\azure-sdk-for-net\sdk\servicebus\Microsoft.Azure.WebJobs.Extensions.ServiceBus\tests\ServiceBusEndToEndTests.cs(261,37): error CS1061: 'ServiceBusOptions' does not contain a definition for 'JsonSerializerSettings' and no accessible extension method 'JsonSerializerSettings' accepting a first argument of type 'ServiceBusOptions' could be found (are you missing a using directive or an assembly reference?)
C:\gh\azure-sdk-for-net\sdk\servicebus\Microsoft.Azure.WebJobs.Extensions.ServiceBus\tests\ServiceBusSessionsEndToEndTests.cs(746,23): error CS7036: There is no argument given that corresponds to the required formal parameter 'processor' of 'SessionMessageProcessor.SessionMessageProcessor(ServiceBusClient, ServiceBusSessionProcessor)'
C:\gh\azure-sdk-for-net\sdk\servicebus\Microsoft.Azure.WebJobs.Extensions.ServiceBus\tests\ServiceBusEndToEndTests.cs(1038,23): error CS7036: There is no argument given that corresponds to the required formal parameter 'receiver' of 'MessageProcessor.MessageProcessor(ServiceBusProcessor, ServiceBusReceiver)'
C:\gh\azure-sdk-for-net\sdk\servicebus\Microsoft.Azure.WebJobs.Extensions.ServiceBus\tests\ServiceBusEndToEndTests.cs(711,21): error CS0117: 'ServiceBusAttribute' does not contain a definition for 'ServiceBusEntityType'
C:\gh\azure-sdk-for-net\sdk\servicebus\Microsoft.Azure.WebJobs.Extensions.ServiceBus\tests\ServiceBusEndToEndTests.cs(711,44): error CS0103: The name 'ServiceBusEntityType' does not exist in the current context
C:\gh\azure-sdk-for-net\sdk\servicebus\Microsoft.Azure.WebJobs.Extensions.ServiceBus\tests\ServiceBusEndToEndTests.cs(735,21): error CS0117: 'ServiceBusAttribute' does not contain a definition for 'ServiceBusEntityType'
C:\gh\azure-sdk-for-net\sdk\servicebus\Microsoft.Azure.WebJobs.Extensions.ServiceBus\tests\ServiceBusEndToEndTests.cs(735,44): error CS0103: The name 'ServiceBusEntityType' does not exist in the current context
C:\gh\azure-sdk-for-net\sdk\servicebus\Microsoft.Azure.WebJobs.Extensions.ServiceBus\tests\Config\ServiceBusClientFactoryTests.cs(8,1): hidden CS8019: Unnecessary using directive.
C:\gh\azure-sdk-for-net\sdk\servicebus\Microsoft.Azure.WebJobs.Extensions.ServiceBus\tests\MessagingProviderTests.cs(9,1): hidden CS8019: Unnecessary using directive.
C:\gh\azure-sdk-for-net\sdk\servicebus\Microsoft.Azure.WebJobs.Extensions.ServiceBus\tests\Bindings\ServiceBusTriggerAttributeBindingProviderTests.cs(16,1): hidden CS8019: Unnecessary using directive.
C:\gh\azure-sdk-for-net\sdk\servicebus\Microsoft.Azure.WebJobs.Extensions.ServiceBus\tests\MessageToStringConverterTests.cs(9,1): hidden CS8019: Unnecessary using directive.
C:\gh\azure-sdk-for-net\sdk\extensions\Microsoft.Azure.WebJobs.Extensions.Clients\tests\shared\JobHost.cs(9,1): hidden CS8019: Unnecessary using directive.
C:\gh\azure-sdk-for-net\sdk\servicebus\Microsoft.Azure.WebJobs.Extensions.ServiceBus\tests\Bindings\ServiceBusTriggerAttributeBindingProviderTests.cs(9,1): hidden CS8019: Unnecessary using directive.
C:\gh\azure-sdk-for-net\artifacts\obj\Microsoft.Azure.WebJobs.Extensions.ServiceBus.Tests\Debug\net461\.NETFramework,Version=v4.6.1.AssemblyAttributes.cs(2,1): hidden CS8019: Unnecessary using directive.
C:\gh\azure-sdk-for-net\sdk\servicebus\Microsoft.Azure.WebJobs.Extensions.ServiceBus\tests\MessageToStringConverterTests.cs(8,1): hidden CS8019: Unnecessary using directive.
C:\gh\azure-sdk-for-net\sdk\servicebus\Microsoft.Azure.WebJobs.Extensions.ServiceBus\tests\Config\ServiceBusClientFactoryTests.cs(13,1): hidden CS8019: Unnecessary using directive.
C:\gh\azure-sdk-for-net\sdk\servicebus\Microsoft.Azure.WebJobs.Extensions.ServiceBus\tests\Config\ServiceBusClientFactoryTests.cs(14,1): hidden CS8019: Unnecessary using directive.
C:\gh\azure-sdk-for-net\sdk\servicebus\Microsoft.Azure.WebJobs.Extensions.ServiceBus\tests\MessagingProviderTests.cs(5,1): hidden CS8019: Unnecessary using directive.
C:\gh\azure-sdk-for-net\artifacts\obj\Microsoft.Azure.WebJobs.Extensions.ServiceBus.Tests\Debug\net461\Microsoft.Azure.WebJobs.Extensions.ServiceBus.Tests.AssemblyInfo.cs(12,1): hidden CS8019: Unnecessary using directive.
C:\gh\azure-sdk-for-net\artifacts\obj\Microsoft.Azure.WebJobs.Extensions.ServiceBus.Tests\Debug\net461\.NETFramework,Version=v4.6.1.AssemblyAttributes.cs(3,1): hidden CS8019: Unnecessary using directive.
C:\gh\azure-sdk-for-net\sdk\servicebus\Microsoft.Azure.WebJobs.Extensions.ServiceBus\tests\Config\ServiceBusClientFactoryTests.cs(6,1): hidden CS8019: Unnecessary using directive.
C:\gh\azure-sdk-for-net\sdk\servicebus\Microsoft.Azure.WebJobs.Extensions.ServiceBus\tests\MessagingProviderTests.cs(7,1): hidden CS8019: Unnecessary using directive.
C:\gh\azure-sdk-for-net\sdk\extensions\Microsoft.Azure.WebJobs.Extensions.Clients\tests\shared\TestHelpers.cs(21,1): hidden CS8019: Unnecessary using directive.
C:\gh\azure-sdk-for-net\artifacts\obj\Microsoft.Azure.WebJobs.Extensions.ServiceBus.Tests\Debug\net461\Microsoft.Azure.WebJobs.Extensions.ServiceBus.Tests.AssemblyInfo.cs(11,1): hidden CS8019: Unnecessary using directive.
C:\gh\azure-sdk-for-net\sdk\extensions\Microsoft.Azure.WebJobs.Extensions.Clients\tests\shared\TestHelpers.cs(15,1): hidden CS8019: Unnecessary using directive.
C:\gh\azure-sdk-for-net\sdk\servicebus\Microsoft.Azure.WebJobs.Extensions.ServiceBus\tests\Config\ServiceBusClientFactoryTests.cs(15,1): hidden CS8019: Unnecessary using directive.
C:\gh\azure-sdk-for-net\sdk\servicebus\Microsoft.Azure.WebJobs.Extensions.ServiceBus\tests\MessageToStringConverterTests.cs(7,1): hidden CS8019: Unnecessary using directive.
C:\gh\azure-sdk-for-net\sdk\servicebus\Azure.Messaging.ServiceBus\tests\Infrastructure\ServiceBusTestEnvironment.cs(9,1): hidden CS8019: Unnecessary using directive.
