C:\gh\azure-sdk-for-net\sdk\edgegateway\Microsoft.Azure.Management.EdgeGateway\tests\Helpers\TriggerHelper.cs(47,13): error CS0518: Predefined type 'System.Object' is not defined or imported
C:\gh\azure-sdk-for-net\sdk\edgegateway\Microsoft.Azure.Management.EdgeGateway\tests\Helpers\TriggerHelper.cs(48,14): error CS0518: Predefined type 'System.String' is not defined or imported
C:\gh\azure-sdk-for-net\sdk\edgegateway\Microsoft.Azure.Management.EdgeGateway\tests\Helpers\TriggerHelper.cs(49,13): error CS0518: Predefined type 'System.String' is not defined or imported
C:\gh\azure-sdk-for-net\sdk\edgegateway\Microsoft.Azure.Management.EdgeGateway\tests\Helpers\TriggerHelper.cs(50,17): error CS0518: Predefined type 'System.String' is not defined or imported
C:\gh\azure-sdk-for-net\sdk\edgegateway\Microsoft.Azure.Management.EdgeGateway\tests\Helpers\TriggerHelper.cs(46,23): error CS0518: Predefined type 'System.Object' is not defined or imported
C:\gh\azure-sdk-for-net\sdk\edgegateway\Microsoft.Azure.Management.EdgeGateway\tests\Helpers\TriggerHelper.cs(46,23): error CS0246: The type or namespace name 'IEnumerable<>' could not be found (are you missing a using directive or an assembly reference?)
C:\gh\azure-sdk-for-net\sdk\edgegateway\Microsoft.Azure.Management.EdgeGateway\tests\Helpers\TriggerHelper.cs(46,35): error CS0518: Predefined type 'System.Object' is not defined or imported
C:\gh\azure-sdk-for-net\sdk\edgegateway\Microsoft.Azure.Management.EdgeGateway\tests\Helpers\DeviceHelper.cs(124,13): error CS0518: Predefined type 'System.Object' is not defined or imported
C:\gh\azure-sdk-for-net\sdk\edgegateway\Microsoft.Azure.Management.EdgeGateway\tests\Helpers\DeviceHelper.cs(125,13): error CS0518: Predefined type 'System.String' is not defined or imported
C:\gh\azure-sdk-for-net\sdk\edgegateway\Microsoft.Azure.Management.EdgeGateway\tests\Helpers\DeviceHelper.cs(126,17): error CS0518: Predefined type 'System.String' is not defined or imported
C:\gh\azure-sdk-for-net\sdk\edgegateway\Microsoft.Azure.Management.EdgeGateway\tests\Helpers\DeviceHelper.cs(123,23): error CS0518: Predefined type 'System.Object' is not defined or imported
C:\gh\azure-sdk-for-net\sdk\edgegateway\Microsoft.Azure.Management.EdgeGateway\tests\Helpers\DeviceHelper.cs(123,23): error CS0246: The type or namespace name 'IEnumerable<>' could not be found (are you missing a using directive or an assembly reference?)
C:\gh\azure-sdk-for-net\sdk\edgegateway\Microsoft.Azure.Management.EdgeGateway\tests\Helpers\DeviceHelper.cs(123,35): error CS0518: Predefined type 'System.Object' is not defined or imported
C:\gh\azure-sdk-for-net\sdk\edgegateway\Microsoft.Azure.Management.EdgeGateway\tests\TestConstants.cs(11,22): error CS0518: Predefined type 'System.String' is not defined or imported
C:\gh\azure-sdk-for-net\sdk\edgegateway\Microsoft.Azure.Management.EdgeGateway\tests\TestConstants.cs(16,22): error CS0518: Predefined type 'System.String' is not defined or imported
C:\gh\azure-sdk-for-net\sdk\edgegateway\Microsoft.Azure.Management.EdgeGateway\tests\TestConstants.cs(21,22): error CS0518: Predefined type 'System.String' is not defined or imported
C:\gh\azure-sdk-for-net\sdk\edgegateway\Microsoft.Azure.Management.EdgeGateway\tests\TestConstants.cs(26,22): error CS0518: Predefined type 'System.String' is not defined or imported
C:\gh\azure-sdk-for-net\sdk\edgegateway\Microsoft.Azure.Management.EdgeGateway\tests\TestConstants.cs(31,22): error CS0518: Predefined type 'System.String' is not defined or imported
C:\gh\azure-sdk-for-net\sdk\edgegateway\Microsoft.Azure.Management.EdgeGateway\tests\TestConstants.cs(36,22): error CS0518: Predefined type 'System.String' is not defined or imported
C:\gh\azure-sdk-for-net\sdk\edgegateway\Microsoft.Azure.Management.EdgeGateway\tests\Helpers\AlertHelper.cs(41,13): error CS0518: Predefined type 'System.Object' is not defined or imported
C:\gh\azure-sdk-for-net\sdk\edgegateway\Microsoft.Azure.Management.EdgeGateway\tests\Helpers\AlertHelper.cs(42,13): error CS0518: Predefined type 'System.String' is not defined or imported
C:\gh\azure-sdk-for-net\sdk\edgegateway\Microsoft.Azure.Management.EdgeGateway\tests\Helpers\AlertHelper.cs(43,17): error CS0518: Predefined type 'System.String' is not defined or imported
C:\gh\azure-sdk-for-net\sdk\edgegateway\Microsoft.Azure.Management.EdgeGateway\tests\Helpers\AlertHelper.cs(40,23): error CS0518: Predefined type 'System.Object' is not defined or imported
C:\gh\azure-sdk-for-net\sdk\edgegateway\Microsoft.Azure.Management.EdgeGateway\tests\Helpers\AlertHelper.cs(40,23): error CS0246: The type or namespace name 'IEnumerable<>' could not be found (are you missing a using directive or an assembly reference?)
C:\gh\azure-sdk-for-net\sdk\edgegateway\Microsoft.Azure.Management.EdgeGateway\tests\Helpers\AlertHelper.cs(40,35): error CS0518: Predefined type 'System.Object' is not defined or imported
C:\gh\azure-sdk-for-net\sdk\edgegateway\Microsoft.Azure.Management.EdgeGateway\tests\Helpers\DevicePatchHelper.cs(15,63): error CS0518: Predefined type 'System.Object' is not defined or imported
C:\gh\azure-sdk-for-net\sdk\edgegateway\Microsoft.Azure.Management.EdgeGateway\tests\Helpers\DevicePatchHelper.cs(15,23): error CS0518: Predefined type 'System.Object' is not defined or imported
C:\gh\azure-sdk-for-net\sdk\edgegateway\Microsoft.Azure.Management.EdgeGateway\tests\Helpers\DevicePatchHelper.cs(15,23): error CS0246: The type or namespace name 'Dictionary<,>' could not be found (are you missing a using directive or an assembly reference?)
C:\gh\azure-sdk-for-net\sdk\edgegateway\Microsoft.Azure.Management.EdgeGateway\tests\Helpers\DevicePatchHelper.cs(15,34): error CS0518: Predefined type 'System.String' is not defined or imported
C:\gh\azure-sdk-for-net\sdk\edgegateway\Microsoft.Azure.Management.EdgeGateway\tests\Helpers\DevicePatchHelper.cs(15,42): error CS0518: Predefined type 'System.String' is not defined or imported
C:\gh\azure-sdk-for-net\sdk\edgegateway\Microsoft.Azure.Management.EdgeGateway\tests\Helpers\DevicePatchHelper.cs(15,58): error CS1110: Cannot define a new extension method because the compiler required type 'System.Runtime.CompilerServices.ExtensionAttribute' cannot be found. Are you missing a reference to System.Core.dll?
C:\gh\azure-sdk-for-net\sdk\edgegateway\Microsoft.Azure.Management.EdgeGateway\tests\Helpers\RoleHelper.cs(40,13): error CS0518: Predefined type 'System.Object' is not defined or imported
C:\gh\azure-sdk-for-net\sdk\edgegateway\Microsoft.Azure.Management.EdgeGateway\tests\Helpers\RoleHelper.cs(41,14): error CS0518: Predefined type 'System.String' is not defined or imported
C:\gh\azure-sdk-for-net\sdk\edgegateway\Microsoft.Azure.Management.EdgeGateway\tests\Helpers\RoleHelper.cs(42,13): error CS0518: Predefined type 'System.String' is not defined or imported
C:\gh\azure-sdk-for-net\sdk\edgegateway\Microsoft.Azure.Management.EdgeGateway\tests\Helpers\RoleHelper.cs(43,17): error CS0518: Predefined type 'System.String' is not defined or imported
C:\gh\azure-sdk-for-net\sdk\edgegateway\Microsoft.Azure.Management.EdgeGateway\tests\Helpers\RoleHelper.cs(39,23): error CS0518: Predefined type 'System.Object' is not defined or imported
C:\gh\azure-sdk-for-net\sdk\edgegateway\Microsoft.Azure.Management.EdgeGateway\tests\Helpers\RoleHelper.cs(39,23): error CS0246: The type or namespace name 'IEnumerable<>' could not be found (are you missing a using directive or an assembly reference?)
C:\gh\azure-sdk-for-net\sdk\edgegateway\Microsoft.Azure.Management.EdgeGateway\tests\Helpers\RoleHelper.cs(39,35): error CS0518: Predefined type 'System.Object' is not defined or imported
C:\gh\azure-sdk-for-net\sdk\edgegateway\Microsoft.Azure.Management.EdgeGateway\tests\Helpers\ShareHelper.cs(69,13): error CS0518: Predefined type 'System.Object' is not defined or imported
C:\gh\azure-sdk-for-net\sdk\edgegateway\Microsoft.Azure.Management.EdgeGateway\tests\Helpers\BandwidthScheduleHelper.cs(56,13): error CS0518: Predefined type 'System.Object' is not defined or imported
C:\gh\azure-sdk-for-net\sdk\edgegateway\Microsoft.Azure.Management.EdgeGateway\tests\Helpers\BandwidthScheduleHelper.cs(57,13): error CS0518: Predefined type 'System.String' is not defined or imported
C:\gh\azure-sdk-for-net\sdk\edgegateway\Microsoft.Azure.Management.EdgeGateway\tests\Helpers\ShareHelper.cs(70,13): error CS0518: Predefined type 'System.String' is not defined or imported
C:\gh\azure-sdk-for-net\sdk\edgegateway\Microsoft.Azure.Management.EdgeGateway\tests\Helpers\BandwidthScheduleHelper.cs(58,17): error CS0518: Predefined type 'System.String' is not defined or imported
C:\gh\azure-sdk-for-net\sdk\edgegateway\Microsoft.Azure.Management.EdgeGateway\tests\Helpers\ShareHelper.cs(71,17): error CS0518: Predefined type 'System.String' is not defined or imported
C:\gh\azure-sdk-for-net\sdk\edgegateway\Microsoft.Azure.Management.EdgeGateway\tests\Helpers\BandwidthScheduleHelper.cs(55,23): error CS0518: Predefined type 'System.Object' is not defined or imported
C:\gh\azure-sdk-for-net\sdk\edgegateway\Microsoft.Azure.Management.EdgeGateway\tests\Helpers\ShareHelper.cs(68,23): error CS0518: Predefined type 'System.Object' is not defined or imported
C:\gh\azure-sdk-for-net\sdk\edgegateway\Microsoft.Azure.Management.EdgeGateway\tests\Helpers\BandwidthScheduleHelper.cs(55,23): error CS0246: The type or namespace name 'IEnumerable<>' could not be found (are you missing a using directive or an assembly reference?)
C:\gh\azure-sdk-for-net\sdk\edgegateway\Microsoft.Azure.Management.EdgeGateway\tests\Helpers\ShareHelper.cs(68,23): error CS0246: The type or namespace name 'IEnumerable<>' could not be found (are you missing a using directive or an assembly reference?)
C:\gh\azure-sdk-for-net\sdk\edgegateway\Microsoft.Azure.Management.EdgeGateway\tests\Helpers\BandwidthScheduleHelper.cs(55,35): error CS0518: Predefined type 'System.Object' is not defined or imported
C:\gh\azure-sdk-for-net\sdk\edgegateway\Microsoft.Azure.Management.EdgeGateway\tests\Helpers\ShareHelper.cs(68,35): error CS0518: Predefined type 'System.Object' is not defined or imported
C:\gh\azure-sdk-for-net\sdk\edgegateway\Microsoft.Azure.Management.EdgeGateway\tests\Helpers\UserHelper.cs(39,13): error CS0518: Predefined type 'System.Object' is not defined or imported
C:\gh\azure-sdk-for-net\sdk\edgegateway\Microsoft.Azure.Management.EdgeGateway\tests\Helpers\UserHelper.cs(40,13): error CS0518: Predefined type 'System.String' is not defined or imported
C:\gh\azure-sdk-for-net\sdk\edgegateway\Microsoft.Azure.Management.EdgeGateway\tests\Helpers\UserHelper.cs(41,17): error CS0518: Predefined type 'System.String' is not defined or imported
C:\gh\azure-sdk-for-net\sdk\edgegateway\Microsoft.Azure.Management.EdgeGateway\tests\Helpers\UserHelper.cs(38,23): error CS0518: Predefined type 'System.Object' is not defined or imported
C:\gh\azure-sdk-for-net\sdk\edgegateway\Microsoft.Azure.Management.EdgeGateway\tests\Helpers\UserHelper.cs(38,23): error CS0246: The type or namespace name 'IEnumerable<>' could not be found (are you missing a using directive or an assembly reference?)
C:\gh\azure-sdk-for-net\sdk\edgegateway\Microsoft.Azure.Management.EdgeGateway\tests\Helpers\UserHelper.cs(38,35): error CS0518: Predefined type 'System.Object' is not defined or imported
C:\gh\azure-sdk-for-net\sdk\edgegateway\Microsoft.Azure.Management.EdgeGateway\tests\Helpers\OrderHelper.cs(34,13): error CS0518: Predefined type 'System.Object' is not defined or imported
C:\gh\azure-sdk-for-net\sdk\edgegateway\Microsoft.Azure.Management.EdgeGateway\tests\Helpers\OrderHelper.cs(35,14): error CS0518: Predefined type 'System.String' is not defined or imported
C:\gh\azure-sdk-for-net\sdk\edgegateway\Microsoft.Azure.Management.EdgeGateway\tests\Helpers\OrderHelper.cs(36,13): error CS0518: Predefined type 'System.String' is not defined or imported
C:\gh\azure-sdk-for-net\sdk\edgegateway\Microsoft.Azure.Management.EdgeGateway\tests\Helpers\OrderHelper.cs(37,17): error CS0518: Predefined type 'System.String' is not defined or imported
C:\gh\azure-sdk-for-net\sdk\edgegateway\Microsoft.Azure.Management.EdgeGateway\tests\Helpers\OrderHelper.cs(33,23): error CS0518: Predefined type 'System.Object' is not defined or imported
C:\gh\azure-sdk-for-net\sdk\edgegateway\Microsoft.Azure.Management.EdgeGateway\tests\Helpers\OrderHelper.cs(33,23): error CS0246: The type or namespace name 'IEnumerable<>' could not be found (are you missing a using directive or an assembly reference?)
C:\gh\azure-sdk-for-net\sdk\edgegateway\Microsoft.Azure.Management.EdgeGateway\tests\Helpers\OrderHelper.cs(33,35): error CS0518: Predefined type 'System.Object' is not defined or imported
C:\gh\azure-sdk-for-net\sdk\edgegateway\Microsoft.Azure.Management.EdgeGateway\tests\Helpers\SacHelper.cs(51,13): error CS0518: Predefined type 'System.Object' is not defined or imported
C:\gh\azure-sdk-for-net\sdk\edgegateway\Microsoft.Azure.Management.EdgeGateway\tests\Helpers\SacHelper.cs(52,13): error CS0518: Predefined type 'System.String' is not defined or imported
C:\gh\azure-sdk-for-net\sdk\edgegateway\Microsoft.Azure.Management.EdgeGateway\tests\Helpers\SacHelper.cs(53,17): error CS0518: Predefined type 'System.String' is not defined or imported
C:\gh\azure-sdk-for-net\sdk\edgegateway\Microsoft.Azure.Management.EdgeGateway\tests\Helpers\SacHelper.cs(50,23): error CS0518: Predefined type 'System.Object' is not defined or imported
C:\gh\azure-sdk-for-net\sdk\edgegateway\Microsoft.Azure.Management.EdgeGateway\tests\Helpers\SacHelper.cs(50,23): error CS0246: The type or namespace name 'IEnumerable<>' could not be found (are you missing a using directive or an assembly reference?)
C:\gh\azure-sdk-for-net\sdk\edgegateway\Microsoft.Azure.Management.EdgeGateway\tests\Helpers\SacHelper.cs(50,35): error CS0518: Predefined type 'System.Object' is not defined or imported
C:\gh\azure-sdk-for-net\sdk\edgegateway\Microsoft.Azure.Management.EdgeGateway\tests\Helpers\DeviceHelper.cs(107,13): error CS0518: Predefined type 'System.Object' is not defined or imported
C:\gh\azure-sdk-for-net\sdk\edgegateway\Microsoft.Azure.Management.EdgeGateway\tests\Helpers\DeviceHelper.cs(108,17): error CS0518: Predefined type 'System.String' is not defined or imported
C:\gh\azure-sdk-for-net\sdk\edgegateway\Microsoft.Azure.Management.EdgeGateway\tests\Helpers\DeviceHelper.cs(106,23): error CS0518: Predefined type 'System.Object' is not defined or imported
C:\gh\azure-sdk-for-net\sdk\edgegateway\Microsoft.Azure.Management.EdgeGateway\tests\Helpers\DeviceHelper.cs(106,23): error CS0246: The type or namespace name 'IEnumerable<>' could not be found (are you missing a using directive or an assembly reference?)
C:\gh\azure-sdk-for-net\sdk\edgegateway\Microsoft.Azure.Management.EdgeGateway\tests\Helpers\DeviceHelper.cs(106,35): error CS0518: Predefined type 'System.Object' is not defined or imported
C:\gh\azure-sdk-for-net\sdk\edgegateway\Microsoft.Azure.Management.EdgeGateway\tests\Helpers\DeviceHelper.cs(90,13): error CS0518: Predefined type 'System.Object' is not defined or imported
C:\gh\azure-sdk-for-net\sdk\edgegateway\Microsoft.Azure.Management.EdgeGateway\tests\Helpers\DeviceHelper.cs(91,13): error CS0518: Predefined type 'System.String' is not defined or imported
C:\gh\azure-sdk-for-net\sdk\edgegateway\Microsoft.Azure.Management.EdgeGateway\tests\Helpers\DeviceHelper.cs(92,17): error CS0518: Predefined type 'System.String' is not defined or imported
C:\gh\azure-sdk-for-net\sdk\edgegateway\Microsoft.Azure.Management.EdgeGateway\tests\Helpers\DeviceHelper.cs(89,23): error CS0518: Predefined type 'System.Object' is not defined or imported
C:\gh\azure-sdk-for-net\sdk\edgegateway\Microsoft.Azure.Management.EdgeGateway\tests\Helpers\DeviceHelper.cs(89,23): error CS0246: The type or namespace name 'IEnumerable<>' could not be found (are you missing a using directive or an assembly reference?)
C:\gh\azure-sdk-for-net\sdk\edgegateway\Microsoft.Azure.Management.EdgeGateway\tests\Helpers\DeviceHelper.cs(89,35): error CS0518: Predefined type 'System.Object' is not defined or imported
C:\gh\azure-sdk-for-net\sdk\edgegateway\Microsoft.Azure.Management.EdgeGateway\tests\Helpers\DeviceHelper.cs(72,13): error CS0518: Predefined type 'System.Object' is not defined or imported
C:\gh\azure-sdk-for-net\sdk\edgegateway\Microsoft.Azure.Management.EdgeGateway\tests\Helpers\DeviceHelper.cs(73,13): error CS0518: Predefined type 'System.String' is not defined or imported
C:\gh\azure-sdk-for-net\sdk\edgegateway\Microsoft.Azure.Management.EdgeGateway\tests\Helpers\DeviceHelper.cs(74,17): error CS0518: Predefined type 'System.String' is not defined or imported
C:\gh\azure-sdk-for-net\sdk\edgegateway\Microsoft.Azure.Management.EdgeGateway\tests\Helpers\DeviceHelper.cs(71,23): error CS0518: Predefined type 'System.Object' is not defined or imported
C:\gh\azure-sdk-for-net\sdk\edgegateway\Microsoft.Azure.Management.EdgeGateway\tests\Helpers\DeviceHelper.cs(71,23): error CS0246: The type or namespace name 'IEnumerable<>' could not be found (are you missing a using directive or an assembly reference?)
C:\gh\azure-sdk-for-net\sdk\edgegateway\Microsoft.Azure.Management.EdgeGateway\tests\Helpers\DeviceHelper.cs(71,35): error CS0518: Predefined type 'System.Object' is not defined or imported
C:\gh\azure-sdk-for-net\sdk\edgegateway\Microsoft.Azure.Management.EdgeGateway\tests\Helpers\AlertHelper.cs(22,13): error CS0518: Predefined type 'System.Object' is not defined or imported
C:\gh\azure-sdk-for-net\sdk\edgegateway\Microsoft.Azure.Management.EdgeGateway\tests\Helpers\AlertHelper.cs(23,13): error CS0518: Predefined type 'System.String' is not defined or imported
C:\gh\azure-sdk-for-net\sdk\edgegateway\Microsoft.Azure.Management.EdgeGateway\tests\Helpers\AlertHelper.cs(24,13): error CS0518: Predefined type 'System.String' is not defined or imported
C:\gh\azure-sdk-for-net\sdk\edgegateway\Microsoft.Azure.Management.EdgeGateway\tests\Helpers\AlertHelper.cs(25,17): error CS0518: Predefined type 'System.String' is not defined or imported
C:\gh\azure-sdk-for-net\sdk\edgegateway\Microsoft.Azure.Management.EdgeGateway\tests\Helpers\AlertHelper.cs(21,23): error CS0518: Predefined type 'System.Object' is not defined or imported
C:\gh\azure-sdk-for-net\sdk\edgegateway\Microsoft.Azure.Management.EdgeGateway\tests\Helpers\AlertHelper.cs(21,23): error CS0246: The type or namespace name 'IEnumerable<>' could not be found (are you missing a using directive or an assembly reference?)
C:\gh\azure-sdk-for-net\sdk\edgegateway\Microsoft.Azure.Management.EdgeGateway\tests\Helpers\AlertHelper.cs(21,35): error CS0518: Predefined type 'System.Object' is not defined or imported
C:\gh\azure-sdk-for-net\sdk\edgegateway\Microsoft.Azure.Management.EdgeGateway\tests\Helpers\UserHelper.cs(20,13): error CS0518: Predefined type 'System.Object' is not defined or imported
C:\gh\azure-sdk-for-net\sdk\edgegateway\Microsoft.Azure.Management.EdgeGateway\tests\Helpers\UserHelper.cs(21,14): error CS0518: Predefined type 'System.String' is not defined or imported
C:\gh\azure-sdk-for-net\sdk\edgegateway\Microsoft.Azure.Management.EdgeGateway\tests\Helpers\UserHelper.cs(22,13): error CS0518: Predefined type 'System.String' is not defined or imported
C:\gh\azure-sdk-for-net\sdk\edgegateway\Microsoft.Azure.Management.EdgeGateway\tests\Helpers\UserHelper.cs(23,17): error CS0518: Predefined type 'System.String' is not defined or imported
C:\gh\azure-sdk-for-net\sdk\edgegateway\Microsoft.Azure.Management.EdgeGateway\tests\Helpers\UserHelper.cs(19,23): error CS0518: Predefined type 'System.Object' is not defined or imported
C:\gh\azure-sdk-for-net\sdk\edgegateway\Microsoft.Azure.Management.EdgeGateway\tests\Helpers\UserHelper.cs(19,23): error CS0246: The type or namespace name 'IEnumerable<>' could not be found (are you missing a using directive or an assembly reference?)
C:\gh\azure-sdk-for-net\sdk\edgegateway\Microsoft.Azure.Management.EdgeGateway\tests\Helpers\UserHelper.cs(19,35): error CS0518: Predefined type 'System.Object' is not defined or imported
C:\gh\azure-sdk-for-net\sdk\edgegateway\Microsoft.Azure.Management.EdgeGateway\tests\Helpers\SacHelper.cs(32,13): error CS0518: Predefined type 'System.Object' is not defined or imported
C:\gh\azure-sdk-for-net\sdk\edgegateway\Microsoft.Azure.Management.EdgeGateway\tests\Helpers\SacHelper.cs(33,14): error CS0518: Predefined type 'System.String' is not defined or imported
C:\gh\azure-sdk-for-net\sdk\edgegateway\Microsoft.Azure.Management.EdgeGateway\tests\Helpers\SacHelper.cs(34,13): error CS0518: Predefined type 'System.String' is not defined or imported
C:\gh\azure-sdk-for-net\sdk\edgegateway\Microsoft.Azure.Management.EdgeGateway\tests\Helpers\SacHelper.cs(35,17): error CS0518: Predefined type 'System.String' is not defined or imported
C:\gh\azure-sdk-for-net\sdk\edgegateway\Microsoft.Azure.Management.EdgeGateway\tests\Helpers\SacHelper.cs(31,23): error CS0518: Predefined type 'System.Object' is not defined or imported
C:\gh\azure-sdk-for-net\sdk\edgegateway\Microsoft.Azure.Management.EdgeGateway\tests\Helpers\SacHelper.cs(31,23): error CS0246: The type or namespace name 'IEnumerable<>' could not be found (are you missing a using directive or an assembly reference?)
C:\gh\azure-sdk-for-net\sdk\edgegateway\Microsoft.Azure.Management.EdgeGateway\tests\Helpers\SacHelper.cs(31,35): error CS0518: Predefined type 'System.Object' is not defined or imported
C:\gh\azure-sdk-for-net\sdk\edgegateway\Microsoft.Azure.Management.EdgeGateway\tests\Helpers\OrderHelper.cs(16,23): error CS0518: Predefined type 'System.Object' is not defined or imported
C:\gh\azure-sdk-for-net\sdk\edgegateway\Microsoft.Azure.Management.EdgeGateway\tests\Helpers\TriggerHelper.cs(29,23): error CS0518: Predefined type 'System.Object' is not defined or imported
C:\gh\azure-sdk-for-net\sdk\edgegateway\Microsoft.Azure.Management.EdgeGateway\tests\Helpers\RoleHelper.cs(18,48): error CS0518: Predefined type 'System.Object' is not defined or imported
C:\gh\azure-sdk-for-net\sdk\edgegateway\Microsoft.Azure.Management.EdgeGateway\tests\Helpers\RoleHelper.cs(18,91): error CS0518: Predefined type 'System.Object' is not defined or imported
C:\gh\azure-sdk-for-net\sdk\edgegateway\Microsoft.Azure.Management.EdgeGateway\tests\Helpers\RoleHelper.cs(18,23): error CS0518: Predefined type 'System.Object' is not defined or imported
C:\gh\azure-sdk-for-net\sdk\edgegateway\Microsoft.Azure.Management.EdgeGateway\tests\Helpers\ShareHelper.cs(50,13): error CS0518: Predefined type 'System.Object' is not defined or imported
C:\gh\azure-sdk-for-net\sdk\edgegateway\Microsoft.Azure.Management.EdgeGateway\tests\Helpers\ShareHelper.cs(51,14): error CS0518: Predefined type 'System.String' is not defined or imported
C:\gh\azure-sdk-for-net\sdk\edgegateway\Microsoft.Azure.Management.EdgeGateway\tests\Helpers\ShareHelper.cs(52,13): error CS0518: Predefined type 'System.String' is not defined or imported
C:\gh\azure-sdk-for-net\sdk\edgegateway\Microsoft.Azure.Management.EdgeGateway\tests\Helpers\ShareHelper.cs(53,17): error CS0518: Predefined type 'System.String' is not defined or imported
C:\gh\azure-sdk-for-net\sdk\edgegateway\Microsoft.Azure.Management.EdgeGateway\tests\Helpers\ShareHelper.cs(49,23): error CS0518: Predefined type 'System.Object' is not defined or imported
C:\gh\azure-sdk-for-net\sdk\edgegateway\Microsoft.Azure.Management.EdgeGateway\tests\Helpers\ShareHelper.cs(49,23): error CS0246: The type or namespace name 'IEnumerable<>' could not be found (are you missing a using directive or an assembly reference?)
C:\gh\azure-sdk-for-net\sdk\edgegateway\Microsoft.Azure.Management.EdgeGateway\tests\Helpers\ShareHelper.cs(49,35): error CS0518: Predefined type 'System.Object' is not defined or imported
C:\gh\azure-sdk-for-net\sdk\edgegateway\Microsoft.Azure.Management.EdgeGateway\tests\Tests\EdgeGatewayTestBase.cs(21,25): error CS0518: Predefined type 'System.String' is not defined or imported
C:\gh\azure-sdk-for-net\sdk\edgegateway\Microsoft.Azure.Management.EdgeGateway\tests\Helpers\BandwidthScheduleHelper.cs(37,13): error CS0518: Predefined type 'System.Object' is not defined or imported
C:\gh\azure-sdk-for-net\sdk\edgegateway\Microsoft.Azure.Management.EdgeGateway\tests\Helpers\BandwidthScheduleHelper.cs(38,14): error CS0518: Predefined type 'System.String' is not defined or imported
C:\gh\azure-sdk-for-net\sdk\edgegateway\Microsoft.Azure.Management.EdgeGateway\tests\Helpers\BandwidthScheduleHelper.cs(39,13): error CS0518: Predefined type 'System.String' is not defined or imported
C:\gh\azure-sdk-for-net\sdk\edgegateway\Microsoft.Azure.Management.EdgeGateway\tests\Helpers\BandwidthScheduleHelper.cs(40,17): error CS0518: Predefined type 'System.String' is not defined or imported
C:\gh\azure-sdk-for-net\sdk\edgegateway\Microsoft.Azure.Management.EdgeGateway\tests\Helpers\BandwidthScheduleHelper.cs(36,23): error CS0518: Predefined type 'System.Object' is not defined or imported
C:\gh\azure-sdk-for-net\sdk\edgegateway\Microsoft.Azure.Management.EdgeGateway\tests\Helpers\BandwidthScheduleHelper.cs(36,23): error CS0246: The type or namespace name 'IEnumerable<>' could not be found (are you missing a using directive or an assembly reference?)
C:\gh\azure-sdk-for-net\sdk\edgegateway\Microsoft.Azure.Management.EdgeGateway\tests\Helpers\BandwidthScheduleHelper.cs(36,35): error CS0518: Predefined type 'System.Object' is not defined or imported
C:\gh\azure-sdk-for-net\sdk\edgegateway\Microsoft.Azure.Management.EdgeGateway\tests\Helpers\DeviceHelper.cs(54,62): error CS0518: Predefined type 'System.Object' is not defined or imported
C:\gh\azure-sdk-for-net\sdk\edgegateway\Microsoft.Azure.Management.EdgeGateway\tests\Helpers\DeviceHelper.cs(54,23): error CS0518: Predefined type 'System.Void' is not defined or imported
C:\gh\azure-sdk-for-net\sdk\edgegateway\Microsoft.Azure.Management.EdgeGateway\tests\Helpers\DeviceHelper.cs(54,57): error CS1110: Cannot define a new extension method because the compiler required type 'System.Runtime.CompilerServices.ExtensionAttribute' cannot be found. Are you missing a reference to System.Core.dll?
C:\gh\azure-sdk-for-net\sdk\edgegateway\Microsoft.Azure.Management.EdgeGateway\tests\Tests\EdgeGatewayTestBase.cs(16,40): error CS0246: The type or namespace name 'TestBase' could not be found (are you missing a using directive or an assembly reference?)
C:\gh\azure-sdk-for-net\sdk\edgegateway\Microsoft.Azure.Management.EdgeGateway\tests\Tests\EdgeGatewayTestBase.cs(16,50): error CS0246: The type or namespace name 'IDisposable' could not be found (are you missing a using directive or an assembly reference?)
C:\gh\azure-sdk-for-net\sdk\edgegateway\Microsoft.Azure.Management.EdgeGateway\tests\Helpers\SacHelper.cs(16,61): error CS0518: Predefined type 'System.Object' is not defined or imported
C:\gh\azure-sdk-for-net\sdk\edgegateway\Microsoft.Azure.Management.EdgeGateway\tests\Helpers\SacHelper.cs(16,94): error CS0518: Predefined type 'System.String' is not defined or imported
C:\gh\azure-sdk-for-net\sdk\edgegateway\Microsoft.Azure.Management.EdgeGateway\tests\Helpers\SacHelper.cs(16,23): error CS0518: Predefined type 'System.Object' is not defined or imported
C:\gh\azure-sdk-for-net\sdk\edgegateway\Microsoft.Azure.Management.EdgeGateway\tests\Tests\AlertTests.cs(27,16): error CS0518: Predefined type 'System.Void' is not defined or imported
C:\gh\azure-sdk-for-net\sdk\edgegateway\Microsoft.Azure.Management.EdgeGateway\tests\TestConstants.cs(31,51): error CS0518: Predefined type 'System.String' is not defined or imported
C:\gh\azure-sdk-for-net\sdk\edgegateway\Microsoft.Azure.Management.EdgeGateway\tests\TestConstants.cs(16,56): error CS0518: Predefined type 'System.String' is not defined or imported
C:\gh\azure-sdk-for-net\sdk\edgegateway\Microsoft.Azure.Management.EdgeGateway\tests\Helpers\ShareHelper.cs(31,47): error CS0518: Predefined type 'System.String' is not defined or imported
C:\gh\azure-sdk-for-net\sdk\edgegateway\Microsoft.Azure.Management.EdgeGateway\tests\Helpers\ShareHelper.cs(31,61): error CS0518: Predefined type 'System.String' is not defined or imported
C:\gh\azure-sdk-for-net\sdk\edgegateway\Microsoft.Azure.Management.EdgeGateway\tests\Helpers\ShareHelper.cs(31,23): error CS0518: Predefined type 'System.Object' is not defined or imported
C:\gh\azure-sdk-for-net\sdk\edgegateway\Microsoft.Azure.Management.EdgeGateway\tests\Helpers\TriggerHelper.cs(16,23): error CS0518: Predefined type 'System.Object' is not defined or imported
C:\gh\azure-sdk-for-net\sdk\edgegateway\Microsoft.Azure.Management.EdgeGateway\tests\TestConstants.cs(11,55): error CS0518: Predefined type 'System.String' is not defined or imported
C:\gh\azure-sdk-for-net\sdk\edgegateway\Microsoft.Azure.Management.EdgeGateway\tests\Helpers\BandwidthScheduleHelper.cs(17,23): error CS0518: Predefined type 'System.Object' is not defined or imported
C:\gh\azure-sdk-for-net\sdk\edgegateway\Microsoft.Azure.Management.EdgeGateway\tests\Helpers\DeviceHelper.cs(40,65): error CS0518: Predefined type 'System.Object' is not defined or imported
C:\gh\azure-sdk-for-net\sdk\edgegateway\Microsoft.Azure.Management.EdgeGateway\tests\Helpers\DeviceHelper.cs(40,23): error CS0518: Predefined type 'System.Void' is not defined or imported
C:\gh\azure-sdk-for-net\sdk\edgegateway\Microsoft.Azure.Management.EdgeGateway\tests\Helpers\DeviceHelper.cs(40,60): error CS1110: Cannot define a new extension method because the compiler required type 'System.Runtime.CompilerServices.ExtensionAttribute' cannot be found. Are you missing a reference to System.Core.dll?
C:\gh\azure-sdk-for-net\sdk\edgegateway\Microsoft.Azure.Management.EdgeGateway\tests\Tests\BandwidthScheduleTests.cs(27,16): error CS0518: Predefined type 'System.Void' is not defined or imported
C:\gh\azure-sdk-for-net\sdk\edgegateway\Microsoft.Azure.Management.EdgeGateway\tests\Helpers\DeviceHelper.cs(20,18): error CS0518: Predefined type 'System.Object' is not defined or imported
C:\gh\azure-sdk-for-net\sdk\edgegateway\Microsoft.Azure.Management.EdgeGateway\tests\Helpers\DeviceHelper.cs(21,13): error CS0518: Predefined type 'System.String' is not defined or imported
C:\gh\azure-sdk-for-net\sdk\edgegateway\Microsoft.Azure.Management.EdgeGateway\tests\Helpers\DeviceHelper.cs(22,13): error CS0518: Predefined type 'System.Object' is not defined or imported
C:\gh\azure-sdk-for-net\sdk\edgegateway\Microsoft.Azure.Management.EdgeGateway\tests\Helpers\DeviceHelper.cs(23,13): error CS0518: Predefined type 'System.String' is not defined or imported
C:\gh\azure-sdk-for-net\sdk\edgegateway\Microsoft.Azure.Management.EdgeGateway\tests\Helpers\DeviceHelper.cs(19,23): error CS0518: Predefined type 'System.Object' is not defined or imported
C:\gh\azure-sdk-for-net\sdk\edgegateway\Microsoft.Azure.Management.EdgeGateway\tests\Helpers\DeviceHelper.cs(20,13): error CS1110: Cannot define a new extension method because the compiler required type 'System.Runtime.CompilerServices.ExtensionAttribute' cannot be found. Are you missing a reference to System.Core.dll?
C:\gh\azure-sdk-for-net\sdk\edgegateway\Microsoft.Azure.Management.EdgeGateway\tests\Helpers\ShareHelper.cs(16,47): error CS0518: Predefined type 'System.String' is not defined or imported
C:\gh\azure-sdk-for-net\sdk\edgegateway\Microsoft.Azure.Management.EdgeGateway\tests\Helpers\ShareHelper.cs(16,61): error CS0518: Predefined type 'System.String' is not defined or imported
C:\gh\azure-sdk-for-net\sdk\edgegateway\Microsoft.Azure.Management.EdgeGateway\tests\Helpers\ShareHelper.cs(16,23): error CS0518: Predefined type 'System.Object' is not defined or imported
C:\gh\azure-sdk-for-net\sdk\edgegateway\Microsoft.Azure.Management.EdgeGateway\tests\Tests\AlertTests.cs(17,27): error CS0518: Predefined type 'System.Object' is not defined or imported
C:\gh\azure-sdk-for-net\sdk\edgegateway\Microsoft.Azure.Management.EdgeGateway\tests\Tests\AlertTests.cs(17,27): error CS0246: The type or namespace name 'ITestOutputHelper' could not be found (are you missing a using directive or an assembly reference?)
C:\gh\azure-sdk-for-net\sdk\edgegateway\Microsoft.Azure.Management.EdgeGateway\tests\Tests\AlertTests.cs(17,9): error CS0518: Predefined type 'System.Void' is not defined or imported
C:\gh\azure-sdk-for-net\sdk\edgegateway\Microsoft.Azure.Management.EdgeGateway\tests\Tests\EdgeGatewayTestBase.cs(42,36): error CS0518: Predefined type 'System.Object' is not defined or imported
C:\gh\azure-sdk-for-net\sdk\edgegateway\Microsoft.Azure.Management.EdgeGateway\tests\Tests\EdgeGatewayTestBase.cs(42,36): error CS0246: The type or namespace name 'ITestOutputHelper' could not be found (are you missing a using directive or an assembly reference?)
C:\gh\azure-sdk-for-net\sdk\edgegateway\Microsoft.Azure.Management.EdgeGateway\tests\Tests\EdgeGatewayTestBase.cs(42,9): error CS0518: Predefined type 'System.Void' is not defined or imported
C:\gh\azure-sdk-for-net\sdk\edgegateway\Microsoft.Azure.Management.EdgeGateway\tests\Tests\BandwidthScheduleTests.cs(17,39): error CS0518: Predefined type 'System.Object' is not defined or imported
C:\gh\azure-sdk-for-net\sdk\edgegateway\Microsoft.Azure.Management.EdgeGateway\tests\Tests\BandwidthScheduleTests.cs(17,39): error CS0246: The type or namespace name 'ITestOutputHelper' could not be found (are you missing a using directive or an assembly reference?)
C:\gh\azure-sdk-for-net\sdk\edgegateway\Microsoft.Azure.Management.EdgeGateway\tests\Tests\BandwidthScheduleTests.cs(17,9): error CS0518: Predefined type 'System.Void' is not defined or imported
C:\gh\azure-sdk-for-net\sdk\edgegateway\Microsoft.Azure.Management.EdgeGateway\tests\Tests\DeviceExtendedInfoTests.cs(27,16): error CS0518: Predefined type 'System.Void' is not defined or imported
C:\gh\azure-sdk-for-net\sdk\edgegateway\Microsoft.Azure.Management.EdgeGateway\tests\TestConstants.cs(21,52): error CS0518: Predefined type 'System.String' is not defined or imported
C:\gh\azure-sdk-for-net\sdk\edgegateway\Microsoft.Azure.Management.EdgeGateway\tests\Tests\DeviceExtendedInfoTests.cs(17,40): error CS0518: Predefined type 'System.Object' is not defined or imported
C:\gh\azure-sdk-for-net\sdk\edgegateway\Microsoft.Azure.Management.EdgeGateway\tests\Tests\DeviceExtendedInfoTests.cs(17,40): error CS0246: The type or namespace name 'ITestOutputHelper' could not be found (are you missing a using directive or an assembly reference?)
C:\gh\azure-sdk-for-net\sdk\edgegateway\Microsoft.Azure.Management.EdgeGateway\tests\Tests\DeviceExtendedInfoTests.cs(17,9): error CS0518: Predefined type 'System.Void' is not defined or imported
C:\gh\azure-sdk-for-net\sdk\edgegateway\Microsoft.Azure.Management.EdgeGateway\tests\Tests\DeviceTests.cs(87,16): error CS0518: Predefined type 'System.Void' is not defined or imported
C:\gh\azure-sdk-for-net\sdk\edgegateway\Microsoft.Azure.Management.EdgeGateway\tests\TestConstants.cs(36,48): error CS0518: Predefined type 'System.String' is not defined or imported
C:\gh\azure-sdk-for-net\sdk\edgegateway\Microsoft.Azure.Management.EdgeGateway\tests\Tests\DeviceTests.cs(28,16): error CS0518: Predefined type 'System.Void' is not defined or imported
C:\gh\azure-sdk-for-net\sdk\edgegateway\Microsoft.Azure.Management.EdgeGateway\tests\Tests\DeviceTests.cs(18,28): error CS0518: Predefined type 'System.Object' is not defined or imported
C:\gh\azure-sdk-for-net\sdk\edgegateway\Microsoft.Azure.Management.EdgeGateway\tests\Tests\DeviceTests.cs(18,28): error CS0246: The type or namespace name 'ITestOutputHelper' could not be found (are you missing a using directive or an assembly reference?)
C:\gh\azure-sdk-for-net\sdk\edgegateway\Microsoft.Azure.Management.EdgeGateway\tests\Tests\DeviceTests.cs(18,9): error CS0518: Predefined type 'System.Void' is not defined or imported
C:\gh\azure-sdk-for-net\sdk\edgegateway\Microsoft.Azure.Management.EdgeGateway\tests\Tests\EdgeGatewayTestBase.cs(75,16): error CS0518: Predefined type 'System.Void' is not defined or imported
C:\gh\azure-sdk-for-net\sdk\edgegateway\Microsoft.Azure.Management.EdgeGateway\tests\Tests\DeviceUpdatesTests.cs(50,16): error CS0518: Predefined type 'System.Void' is not defined or imported
C:\gh\azure-sdk-for-net\sdk\edgegateway\Microsoft.Azure.Management.EdgeGateway\tests\Tests\NetworkSettingsTest.cs(26,16): error CS0518: Predefined type 'System.Void' is not defined or imported
C:\gh\azure-sdk-for-net\sdk\edgegateway\Microsoft.Azure.Management.EdgeGateway\tests\Tests\EdgeGatewayTestBase.cs(64,33): error CS0518: Predefined type 'System.Object' is not defined or imported
C:\gh\azure-sdk-for-net\sdk\edgegateway\Microsoft.Azure.Management.EdgeGateway\tests\Tests\EdgeGatewayTestBase.cs(64,33): error CS0246: The type or namespace name 'TimeSpan' could not be found (are you missing a using directive or an assembly reference?)
C:\gh\azure-sdk-for-net\sdk\edgegateway\Microsoft.Azure.Management.EdgeGateway\tests\Tests\EdgeGatewayTestBase.cs(64,23): error CS0518: Predefined type 'System.Void' is not defined or imported
C:\gh\azure-sdk-for-net\sdk\edgegateway\Microsoft.Azure.Management.EdgeGateway\tests\Tests\JobsTests.cs(16,26): error CS0518: Predefined type 'System.Object' is not defined or imported
C:\gh\azure-sdk-for-net\sdk\edgegateway\Microsoft.Azure.Management.EdgeGateway\tests\Tests\JobsTests.cs(16,26): error CS0246: The type or namespace name 'ITestOutputHelper' could not be found (are you missing a using directive or an assembly reference?)
C:\gh\azure-sdk-for-net\sdk\edgegateway\Microsoft.Azure.Management.EdgeGateway\tests\Tests\JobsTests.cs(16,9): error CS0518: Predefined type 'System.Void' is not defined or imported
C:\gh\azure-sdk-for-net\sdk\edgegateway\Microsoft.Azure.Management.EdgeGateway\tests\Tests\NetworkSettingsTest.cs(16,36): error CS0518: Predefined type 'System.Object' is not defined or imported
C:\gh\azure-sdk-for-net\sdk\edgegateway\Microsoft.Azure.Management.EdgeGateway\tests\Tests\NetworkSettingsTest.cs(16,36): error CS0246: The type or namespace name 'ITestOutputHelper' could not be found (are you missing a using directive or an assembly reference?)
C:\gh\azure-sdk-for-net\sdk\edgegateway\Microsoft.Azure.Management.EdgeGateway\tests\Tests\NetworkSettingsTest.cs(16,9): error CS0518: Predefined type 'System.Void' is not defined or imported
C:\gh\azure-sdk-for-net\sdk\edgegateway\Microsoft.Azure.Management.EdgeGateway\tests\Tests\EdgeGatewayTestBase.cs(21,43): error CS0518: Predefined type 'System.String' is not defined or imported
C:\gh\azure-sdk-for-net\sdk\edgegateway\Microsoft.Azure.Management.EdgeGateway\tests\Tests\OrderTests.cs(30,16): error CS0518: Predefined type 'System.Void' is not defined or imported
C:\gh\azure-sdk-for-net\sdk\edgegateway\Microsoft.Azure.Management.EdgeGateway\tests\Tests\DeviceUpdatesTests.cs(27,16): error CS0518: Predefined type 'System.Void' is not defined or imported
C:\gh\azure-sdk-for-net\sdk\edgegateway\Microsoft.Azure.Management.EdgeGateway\tests\Tests\RoleTests.cs(28,16): error CS0518: Predefined type 'System.Void' is not defined or imported
C:\gh\azure-sdk-for-net\sdk\edgegateway\Microsoft.Azure.Management.EdgeGateway\tests\Tests\JobsTests.cs(26,16): error CS0518: Predefined type 'System.Void' is not defined or imported
C:\gh\azure-sdk-for-net\sdk\edgegateway\Microsoft.Azure.Management.EdgeGateway\tests\Tests\OrderTests.cs(20,27): error CS0518: Predefined type 'System.Object' is not defined or imported
C:\gh\azure-sdk-for-net\sdk\edgegateway\Microsoft.Azure.Management.EdgeGateway\tests\Tests\OrderTests.cs(20,27): error CS0246: The type or namespace name 'ITestOutputHelper' could not be found (are you missing a using directive or an assembly reference?)
C:\gh\azure-sdk-for-net\sdk\edgegateway\Microsoft.Azure.Management.EdgeGateway\tests\Tests\OrderTests.cs(20,9): error CS0518: Predefined type 'System.Void' is not defined or imported
C:\gh\azure-sdk-for-net\sdk\edgegateway\Microsoft.Azure.Management.EdgeGateway\tests\Tests\DeviceUpdatesTests.cs(17,35): error CS0518: Predefined type 'System.Object' is not defined or imported
C:\gh\azure-sdk-for-net\sdk\edgegateway\Microsoft.Azure.Management.EdgeGateway\tests\Tests\DeviceUpdatesTests.cs(17,35): error CS0246: The type or namespace name 'ITestOutputHelper' could not be found (are you missing a using directive or an assembly reference?)
C:\gh\azure-sdk-for-net\sdk\edgegateway\Microsoft.Azure.Management.EdgeGateway\tests\Tests\DeviceUpdatesTests.cs(17,9): error CS0518: Predefined type 'System.Void' is not defined or imported
C:\gh\azure-sdk-for-net\sdk\edgegateway\Microsoft.Azure.Management.EdgeGateway\tests\TestConstants.cs(26,55): error CS0518: Predefined type 'System.String' is not defined or imported
C:\gh\azure-sdk-for-net\sdk\edgegateway\Microsoft.Azure.Management.EdgeGateway\tests\Tests\ShareTests.cs(29,16): error CS0518: Predefined type 'System.Void' is not defined or imported
C:\gh\azure-sdk-for-net\sdk\edgegateway\Microsoft.Azure.Management.EdgeGateway\tests\Tests\RoleTests.cs(18,26): error CS0518: Predefined type 'System.Object' is not defined or imported
C:\gh\azure-sdk-for-net\sdk\edgegateway\Microsoft.Azure.Management.EdgeGateway\tests\Tests\RoleTests.cs(18,26): error CS0246: The type or namespace name 'ITestOutputHelper' could not be found (are you missing a using directive or an assembly reference?)
C:\gh\azure-sdk-for-net\sdk\edgegateway\Microsoft.Azure.Management.EdgeGateway\tests\Tests\RoleTests.cs(18,9): error CS0518: Predefined type 'System.Void' is not defined or imported
C:\gh\azure-sdk-for-net\sdk\edgegateway\Microsoft.Azure.Management.EdgeGateway\tests\Tests\StorageAccountCredentialsTests.cs(28,16): error CS0518: Predefined type 'System.Void' is not defined or imported
C:\gh\azure-sdk-for-net\sdk\edgegateway\Microsoft.Azure.Management.EdgeGateway\tests\Tests\TriggerTests.cs(29,16): error CS0518: Predefined type 'System.Void' is not defined or imported
C:\gh\azure-sdk-for-net\sdk\edgegateway\Microsoft.Azure.Management.EdgeGateway\tests\Tests\UserTests.cs(28,16): error CS0518: Predefined type 'System.Void' is not defined or imported
C:\gh\azure-sdk-for-net\sdk\edgegateway\Microsoft.Azure.Management.EdgeGateway\tests\Tests\ShareTests.cs(19,27): error CS0518: Predefined type 'System.Object' is not defined or imported
C:\gh\azure-sdk-for-net\sdk\edgegateway\Microsoft.Azure.Management.EdgeGateway\tests\Tests\ShareTests.cs(19,27): error CS0246: The type or namespace name 'ITestOutputHelper' could not be found (are you missing a using directive or an assembly reference?)
C:\gh\azure-sdk-for-net\sdk\edgegateway\Microsoft.Azure.Management.EdgeGateway\tests\Tests\ShareTests.cs(19,9): error CS0518: Predefined type 'System.Void' is not defined or imported
C:\gh\azure-sdk-for-net\sdk\edgegateway\Microsoft.Azure.Management.EdgeGateway\tests\Tests\StorageAccountCredentialsTests.cs(18,47): error CS0518: Predefined type 'System.Object' is not defined or imported
C:\gh\azure-sdk-for-net\sdk\edgegateway\Microsoft.Azure.Management.EdgeGateway\tests\Tests\StorageAccountCredentialsTests.cs(18,47): error CS0246: The type or namespace name 'ITestOutputHelper' could not be found (are you missing a using directive or an assembly reference?)
C:\gh\azure-sdk-for-net\sdk\edgegateway\Microsoft.Azure.Management.EdgeGateway\tests\Tests\StorageAccountCredentialsTests.cs(18,9): error CS0518: Predefined type 'System.Void' is not defined or imported
C:\gh\azure-sdk-for-net\sdk\edgegateway\Microsoft.Azure.Management.EdgeGateway\tests\Tests\TriggerTests.cs(19,29): error CS0518: Predefined type 'System.Object' is not defined or imported
C:\gh\azure-sdk-for-net\sdk\edgegateway\Microsoft.Azure.Management.EdgeGateway\tests\Tests\TriggerTests.cs(19,29): error CS0246: The type or namespace name 'ITestOutputHelper' could not be found (are you missing a using directive or an assembly reference?)
C:\gh\azure-sdk-for-net\sdk\edgegateway\Microsoft.Azure.Management.EdgeGateway\tests\Tests\TriggerTests.cs(19,9): error CS0518: Predefined type 'System.Void' is not defined or imported
C:\gh\azure-sdk-for-net\sdk\edgegateway\Microsoft.Azure.Management.EdgeGateway\tests\Tests\UserTests.cs(18,26): error CS0518: Predefined type 'System.Object' is not defined or imported
C:\gh\azure-sdk-for-net\sdk\edgegateway\Microsoft.Azure.Management.EdgeGateway\tests\Tests\UserTests.cs(18,26): error CS0246: The type or namespace name 'ITestOutputHelper' could not be found (are you missing a using directive or an assembly reference?)
C:\gh\azure-sdk-for-net\sdk\edgegateway\Microsoft.Azure.Management.EdgeGateway\tests\Tests\UserTests.cs(18,9): error CS0518: Predefined type 'System.Void' is not defined or imported
C:\gh\azure-sdk-for-net\sdk\edgegateway\Microsoft.Azure.Management.EdgeGateway\tests\Tests\ShareTests.cs(83,16): error CS0518: Predefined type 'System.Void' is not defined or imported
C:\gh\azure-sdk-for-net\sdk\edgegateway\Microsoft.Azure.Management.EdgeGateway\tests\Properties\AssemblyInfo.cs(12,12): error CS0246: The type or namespace name 'AssemblyTitleAttribute' could not be found (are you missing a using directive or an assembly reference?)
C:\gh\azure-sdk-for-net\sdk\edgegateway\Microsoft.Azure.Management.EdgeGateway\tests\Properties\AssemblyInfo.cs(12,12): error CS0246: The type or namespace name 'AssemblyTitle' could not be found (are you missing a using directive or an assembly reference?)
C:\gh\azure-sdk-for-net\sdk\edgegateway\Microsoft.Azure.Management.EdgeGateway\tests\Properties\AssemblyInfo.cs(13,12): error CS0246: The type or namespace name 'AssemblyDescriptionAttribute' could not be found (are you missing a using directive or an assembly reference?)
C:\gh\azure-sdk-for-net\sdk\edgegateway\Microsoft.Azure.Management.EdgeGateway\tests\Properties\AssemblyInfo.cs(13,12): error CS0246: The type or namespace name 'AssemblyDescription' could not be found (are you missing a using directive or an assembly reference?)
C:\gh\azure-sdk-for-net\sdk\edgegateway\Microsoft.Azure.Management.EdgeGateway\tests\Properties\AssemblyInfo.cs(14,12): error CS0246: The type or namespace name 'AssemblyConfigurationAttribute' could not be found (are you missing a using directive or an assembly reference?)
C:\gh\azure-sdk-for-net\sdk\edgegateway\Microsoft.Azure.Management.EdgeGateway\tests\Properties\AssemblyInfo.cs(14,12): error CS0246: The type or namespace name 'AssemblyConfiguration' could not be found (are you missing a using directive or an assembly reference?)
C:\gh\azure-sdk-for-net\sdk\edgegateway\Microsoft.Azure.Management.EdgeGateway\tests\Properties\AssemblyInfo.cs(15,12): error CS0246: The type or namespace name 'AssemblyCompanyAttribute' could not be found (are you missing a using directive or an assembly reference?)
C:\gh\azure-sdk-for-net\sdk\edgegateway\Microsoft.Azure.Management.EdgeGateway\tests\Properties\AssemblyInfo.cs(15,12): error CS0246: The type or namespace name 'AssemblyCompany' could not be found (are you missing a using directive or an assembly reference?)
C:\gh\azure-sdk-for-net\sdk\edgegateway\Microsoft.Azure.Management.EdgeGateway\tests\Properties\AssemblyInfo.cs(16,12): error CS0246: The type or namespace name 'AssemblyProductAttribute' could not be found (are you missing a using directive or an assembly reference?)
C:\gh\azure-sdk-for-net\sdk\edgegateway\Microsoft.Azure.Management.EdgeGateway\tests\Properties\AssemblyInfo.cs(16,12): error CS0246: The type or namespace name 'AssemblyProduct' could not be found (are you missing a using directive or an assembly reference?)
C:\gh\azure-sdk-for-net\sdk\edgegateway\Microsoft.Azure.Management.EdgeGateway\tests\Properties\AssemblyInfo.cs(17,12): error CS0246: The type or namespace name 'AssemblyCopyrightAttribute' could not be found (are you missing a using directive or an assembly reference?)
C:\gh\azure-sdk-for-net\sdk\edgegateway\Microsoft.Azure.Management.EdgeGateway\tests\Properties\AssemblyInfo.cs(17,12): error CS0246: The type or namespace name 'AssemblyCopyright' could not be found (are you missing a using directive or an assembly reference?)
C:\gh\azure-sdk-for-net\sdk\edgegateway\Microsoft.Azure.Management.EdgeGateway\tests\Properties\AssemblyInfo.cs(18,12): error CS0246: The type or namespace name 'AssemblyTrademarkAttribute' could not be found (are you missing a using directive or an assembly reference?)
C:\gh\azure-sdk-for-net\sdk\edgegateway\Microsoft.Azure.Management.EdgeGateway\tests\Properties\AssemblyInfo.cs(18,12): error CS0246: The type or namespace name 'AssemblyTrademark' could not be found (are you missing a using directive or an assembly reference?)
C:\gh\azure-sdk-for-net\sdk\edgegateway\Microsoft.Azure.Management.EdgeGateway\tests\Properties\AssemblyInfo.cs(19,12): error CS0246: The type or namespace name 'AssemblyCultureAttribute' could not be found (are you missing a using directive or an assembly reference?)
C:\gh\azure-sdk-for-net\sdk\edgegateway\Microsoft.Azure.Management.EdgeGateway\tests\Properties\AssemblyInfo.cs(19,12): error CS0246: The type or namespace name 'AssemblyCulture' could not be found (are you missing a using directive or an assembly reference?)
C:\gh\azure-sdk-for-net\sdk\edgegateway\Microsoft.Azure.Management.EdgeGateway\tests\Properties\AssemblyInfo.cs(24,12): error CS0246: The type or namespace name 'ComVisibleAttribute' could not be found (are you missing a using directive or an assembly reference?)
C:\gh\azure-sdk-for-net\sdk\edgegateway\Microsoft.Azure.Management.EdgeGateway\tests\Properties\AssemblyInfo.cs(24,12): error CS0246: The type or namespace name 'ComVisible' could not be found (are you missing a using directive or an assembly reference?)
C:\gh\azure-sdk-for-net\sdk\edgegateway\Microsoft.Azure.Management.EdgeGateway\tests\Properties\AssemblyInfo.cs(27,12): error CS0246: The type or namespace name 'GuidAttribute' could not be found (are you missing a using directive or an assembly reference?)
C:\gh\azure-sdk-for-net\sdk\edgegateway\Microsoft.Azure.Management.EdgeGateway\tests\Properties\AssemblyInfo.cs(27,12): error CS0246: The type or namespace name 'Guid' could not be found (are you missing a using directive or an assembly reference?)
C:\gh\azure-sdk-for-net\sdk\edgegateway\Microsoft.Azure.Management.EdgeGateway\tests\Properties\AssemblyInfo.cs(28,12): error CS0246: The type or namespace name 'AssemblyVersionAttribute' could not be found (are you missing a using directive or an assembly reference?)
C:\gh\azure-sdk-for-net\sdk\edgegateway\Microsoft.Azure.Management.EdgeGateway\tests\Properties\AssemblyInfo.cs(28,12): error CS0246: The type or namespace name 'AssemblyVersion' could not be found (are you missing a using directive or an assembly reference?)
C:\gh\azure-sdk-for-net\sdk\edgegateway\Microsoft.Azure.Management.EdgeGateway\tests\Properties\AssemblyInfo.cs(29,12): error CS0246: The type or namespace name 'AssemblyFileVersionAttribute' could not be found (are you missing a using directive or an assembly reference?)
C:\gh\azure-sdk-for-net\sdk\edgegateway\Microsoft.Azure.Management.EdgeGateway\tests\Properties\AssemblyInfo.cs(29,12): error CS0246: The type or namespace name 'AssemblyFileVersion' could not be found (are you missing a using directive or an assembly reference?)
C:\gh\azure-sdk-for-net\eng\mgmt\DisableTestRunParallel.cs(7,12): error CS0246: The type or namespace name 'CollectionBehaviorAttribute' could not be found (are you missing a using directive or an assembly reference?)
C:\gh\azure-sdk-for-net\eng\mgmt\DisableTestRunParallel.cs(7,12): error CS0246: The type or namespace name 'CollectionBehavior' could not be found (are you missing a using directive or an assembly reference?)
C:\gh\azure-sdk-for-net\artifacts\obj\Microsoft.Azure.Management.EdgeGateway.Tests\Debug\netcoreapp2.0\.NETCoreApp,Version=v2.0.AssemblyAttributes.cs(4,20): error CS0400: The type or namespace name 'System' could not be found in the global namespace (are you missing an assembly reference?)
C:\gh\azure-sdk-for-net\artifacts\obj\Microsoft.Azure.Management.EdgeGateway.Tests\Debug\netcoreapp2.0\Microsoft.Azure.Management.EdgeGateway.Tests.AssemblyInfo.cs(14,12): error CS0246: The type or namespace name 'System' could not be found (are you missing a using directive or an assembly reference?)
C:\gh\azure-sdk-for-net\artifacts\obj\Microsoft.Azure.Management.EdgeGateway.Tests\Debug\netcoreapp2.0\Microsoft.Azure.Management.EdgeGateway.Tests.AssemblyInfo.cs(16,12): error CS0246: The type or namespace name 'System' could not be found (are you missing a using directive or an assembly reference?)
C:\gh\azure-sdk-for-net\artifacts\obj\Microsoft.Azure.Management.EdgeGateway.Tests\Debug\netcoreapp2.0\Microsoft.Azure.Management.EdgeGateway.Tests.AssemblyInfo.cs(17,12): error CS0246: The type or namespace name 'System' could not be found (are you missing a using directive or an assembly reference?)
C:\gh\azure-sdk-for-net\sdk\edgegateway\Microsoft.Azure.Management.EdgeGateway\tests\Properties\AssemblyInfo.cs(12,26): error CS0518: Predefined type 'System.String' is not defined or imported
C:\gh\azure-sdk-for-net\sdk\edgegateway\Microsoft.Azure.Management.EdgeGateway\tests\Properties\AssemblyInfo.cs(13,32): error CS0518: Predefined type 'System.String' is not defined or imported
C:\gh\azure-sdk-for-net\sdk\edgegateway\Microsoft.Azure.Management.EdgeGateway\tests\Properties\AssemblyInfo.cs(14,34): error CS0518: Predefined type 'System.String' is not defined or imported
C:\gh\azure-sdk-for-net\sdk\edgegateway\Microsoft.Azure.Management.EdgeGateway\tests\Properties\AssemblyInfo.cs(15,28): error CS0518: Predefined type 'System.String' is not defined or imported
C:\gh\azure-sdk-for-net\sdk\edgegateway\Microsoft.Azure.Management.EdgeGateway\tests\Properties\AssemblyInfo.cs(16,28): error CS0518: Predefined type 'System.String' is not defined or imported
C:\gh\azure-sdk-for-net\sdk\edgegateway\Microsoft.Azure.Management.EdgeGateway\tests\Properties\AssemblyInfo.cs(17,30): error CS0518: Predefined type 'System.String' is not defined or imported
C:\gh\azure-sdk-for-net\sdk\edgegateway\Microsoft.Azure.Management.EdgeGateway\tests\Properties\AssemblyInfo.cs(18,30): error CS0518: Predefined type 'System.String' is not defined or imported
C:\gh\azure-sdk-for-net\sdk\edgegateway\Microsoft.Azure.Management.EdgeGateway\tests\Properties\AssemblyInfo.cs(19,28): error CS0518: Predefined type 'System.String' is not defined or imported
C:\gh\azure-sdk-for-net\sdk\edgegateway\Microsoft.Azure.Management.EdgeGateway\tests\Properties\AssemblyInfo.cs(24,23): error CS0518: Predefined type 'System.Boolean' is not defined or imported
C:\gh\azure-sdk-for-net\sdk\edgegateway\Microsoft.Azure.Management.EdgeGateway\tests\Properties\AssemblyInfo.cs(27,17): error CS0518: Predefined type 'System.String' is not defined or imported
C:\gh\azure-sdk-for-net\sdk\edgegateway\Microsoft.Azure.Management.EdgeGateway\tests\Properties\AssemblyInfo.cs(28,28): error CS0518: Predefined type 'System.String' is not defined or imported
C:\gh\azure-sdk-for-net\sdk\edgegateway\Microsoft.Azure.Management.EdgeGateway\tests\Properties\AssemblyInfo.cs(29,32): error CS0518: Predefined type 'System.String' is not defined or imported
C:\gh\azure-sdk-for-net\eng\mgmt\DisableTestRunParallel.cs(7,31): error CS0246: The type or namespace name 'DisableTestParallelization' could not be found (are you missing a using directive or an assembly reference?)
C:\gh\azure-sdk-for-net\eng\mgmt\DisableTestRunParallel.cs(7,60): error CS0518: Predefined type 'System.Boolean' is not defined or imported
C:\gh\azure-sdk-for-net\eng\mgmt\DisableTestRunParallel.cs(7,66): error CS0246: The type or namespace name 'MaxParallelThreads' could not be found (are you missing a using directive or an assembly reference?)
C:\gh\azure-sdk-for-net\eng\mgmt\DisableTestRunParallel.cs(7,87): error CS0518: Predefined type 'System.Int32' is not defined or imported
C:\gh\azure-sdk-for-net\artifacts\obj\Microsoft.Azure.Management.EdgeGateway.Tests\Debug\netcoreapp2.0\.NETCoreApp,Version=v2.0.AssemblyAttributes.cs(4,71): error CS0518: Predefined type 'System.String' is not defined or imported
C:\gh\azure-sdk-for-net\artifacts\obj\Microsoft.Azure.Management.EdgeGateway.Tests\Debug\netcoreapp2.0\.NETCoreApp,Version=v2.0.AssemblyAttributes.cs(4,99): error CS0246: The type or namespace name 'FrameworkDisplayName' could not be found (are you missing a using directive or an assembly reference?)
C:\gh\azure-sdk-for-net\artifacts\obj\Microsoft.Azure.Management.EdgeGateway.Tests\Debug\netcoreapp2.0\.NETCoreApp,Version=v2.0.AssemblyAttributes.cs(4,122): error CS0518: Predefined type 'System.String' is not defined or imported
C:\gh\azure-sdk-for-net\artifacts\obj\Microsoft.Azure.Management.EdgeGateway.Tests\Debug\netcoreapp2.0\Microsoft.Azure.Management.EdgeGateway.Tests.AssemblyInfo.cs(14,56): error CS0518: Predefined type 'System.String' is not defined or imported
C:\gh\azure-sdk-for-net\artifacts\obj\Microsoft.Azure.Management.EdgeGateway.Tests\Debug\netcoreapp2.0\Microsoft.Azure.Management.EdgeGateway.Tests.AssemblyInfo.cs(14,70): error CS0518: Predefined type 'System.String' is not defined or imported
C:\gh\azure-sdk-for-net\artifacts\obj\Microsoft.Azure.Management.EdgeGateway.Tests\Debug\netcoreapp2.0\Microsoft.Azure.Management.EdgeGateway.Tests.AssemblyInfo.cs(15,5): error CS0518: Predefined type 'System.String' is not defined or imported
C:\gh\azure-sdk-for-net\artifacts\obj\Microsoft.Azure.Management.EdgeGateway.Tests\Debug\netcoreapp2.0\Microsoft.Azure.Management.EdgeGateway.Tests.AssemblyInfo.cs(16,68): error CS0518: Predefined type 'System.String' is not defined or imported
C:\gh\azure-sdk-for-net\artifacts\obj\Microsoft.Azure.Management.EdgeGateway.Tests\Debug\netcoreapp2.0\Microsoft.Azure.Management.EdgeGateway.Tests.AssemblyInfo.cs(17,56): error CS0518: Predefined type 'System.String' is not defined or imported
C:\gh\azure-sdk-for-net\artifacts\obj\Microsoft.Azure.Management.EdgeGateway.Tests\Debug\netcoreapp2.0\Microsoft.Azure.Management.EdgeGateway.Tests.AssemblyInfo.cs(17,73): error CS0518: Predefined type 'System.String' is not defined or imported
C:\gh\azure-sdk-for-net\sdk\edgegateway\Microsoft.Azure.Management.EdgeGateway\tests\Helpers\AlertHelper.cs(3,17): error CS0234: The type or namespace name 'Rest' does not exist in the namespace 'Microsoft' (are you missing an assembly reference?)
C:\gh\azure-sdk-for-net\sdk\edgegateway\Microsoft.Azure.Management.EdgeGateway\tests\Helpers\AlertHelper.cs(4,7): error CS0246: The type or namespace name 'System' could not be found (are you missing a using directive or an assembly reference?)
C:\gh\azure-sdk-for-net\sdk\edgegateway\Microsoft.Azure.Management.EdgeGateway\tests\Helpers\BandwidthScheduleHelper.cs(3,17): error CS0234: The type or namespace name 'Rest' does not exist in the namespace 'Microsoft' (are you missing an assembly reference?)
C:\gh\azure-sdk-for-net\sdk\edgegateway\Microsoft.Azure.Management.EdgeGateway\tests\Helpers\BandwidthScheduleHelper.cs(4,7): error CS0246: The type or namespace name 'System' could not be found (are you missing a using directive or an assembly reference?)
C:\gh\azure-sdk-for-net\sdk\edgegateway\Microsoft.Azure.Management.EdgeGateway\tests\Helpers\BandwidthScheduleHelper.cs(5,7): error CS0246: The type or namespace name 'System' could not be found (are you missing a using directive or an assembly reference?)
C:\gh\azure-sdk-for-net\sdk\edgegateway\Microsoft.Azure.Management.EdgeGateway\tests\Helpers\BandwidthScheduleHelper.cs(6,7): error CS0246: The type or namespace name 'System' could not be found (are you missing a using directive or an assembly reference?)
C:\gh\azure-sdk-for-net\sdk\edgegateway\Microsoft.Azure.Management.EdgeGateway\tests\Helpers\DeviceHelper.cs(3,17): error CS0234: The type or namespace name 'Rest' does not exist in the namespace 'Microsoft' (are you missing an assembly reference?)
C:\gh\azure-sdk-for-net\sdk\edgegateway\Microsoft.Azure.Management.EdgeGateway\tests\Helpers\DeviceHelper.cs(4,7): error CS0246: The type or namespace name 'System' could not be found (are you missing a using directive or an assembly reference?)
C:\gh\azure-sdk-for-net\sdk\edgegateway\Microsoft.Azure.Management.EdgeGateway\tests\Helpers\DevicePatchHelper.cs(3,7): error CS0246: The type or namespace name 'System' could not be found (are you missing a using directive or an assembly reference?)
C:\gh\azure-sdk-for-net\sdk\edgegateway\Microsoft.Azure.Management.EdgeGateway\tests\Helpers\DevicePatchHelper.cs(4,7): error CS0246: The type or namespace name 'System' could not be found (are you missing a using directive or an assembly reference?)
C:\gh\azure-sdk-for-net\sdk\edgegateway\Microsoft.Azure.Management.EdgeGateway\tests\Helpers\OrderHelper.cs(3,17): error CS0234: The type or namespace name 'Rest' does not exist in the namespace 'Microsoft' (are you missing an assembly reference?)
C:\gh\azure-sdk-for-net\sdk\edgegateway\Microsoft.Azure.Management.EdgeGateway\tests\Helpers\OrderHelper.cs(4,7): error CS0246: The type or namespace name 'System' could not be found (are you missing a using directive or an assembly reference?)
C:\gh\azure-sdk-for-net\sdk\edgegateway\Microsoft.Azure.Management.EdgeGateway\tests\Helpers\OrderHelper.cs(5,7): error CS0246: The type or namespace name 'System' could not be found (are you missing a using directive or an assembly reference?)
C:\gh\azure-sdk-for-net\sdk\edgegateway\Microsoft.Azure.Management.EdgeGateway\tests\Helpers\OrderHelper.cs(6,7): error CS0246: The type or namespace name 'System' could not be found (are you missing a using directive or an assembly reference?)
C:\gh\azure-sdk-for-net\sdk\edgegateway\Microsoft.Azure.Management.EdgeGateway\tests\Helpers\RoleHelper.cs(3,17): error CS0234: The type or namespace name 'Rest' does not exist in the namespace 'Microsoft' (are you missing an assembly reference?)
C:\gh\azure-sdk-for-net\sdk\edgegateway\Microsoft.Azure.Management.EdgeGateway\tests\Helpers\RoleHelper.cs(4,7): error CS0246: The type or namespace name 'System' could not be found (are you missing a using directive or an assembly reference?)
C:\gh\azure-sdk-for-net\sdk\edgegateway\Microsoft.Azure.Management.EdgeGateway\tests\Helpers\RoleHelper.cs(5,7): error CS0246: The type or namespace name 'System' could not be found (are you missing a using directive or an assembly reference?)
C:\gh\azure-sdk-for-net\sdk\edgegateway\Microsoft.Azure.Management.EdgeGateway\tests\Helpers\RoleHelper.cs(6,7): error CS0246: The type or namespace name 'System' could not be found (are you missing a using directive or an assembly reference?)
C:\gh\azure-sdk-for-net\sdk\edgegateway\Microsoft.Azure.Management.EdgeGateway\tests\Helpers\SacHelper.cs(3,17): error CS0234: The type or namespace name 'Rest' does not exist in the namespace 'Microsoft' (are you missing an assembly reference?)
C:\gh\azure-sdk-for-net\sdk\edgegateway\Microsoft.Azure.Management.EdgeGateway\tests\Helpers\SacHelper.cs(4,7): error CS0246: The type or namespace name 'System' could not be found (are you missing a using directive or an assembly reference?)
C:\gh\azure-sdk-for-net\sdk\edgegateway\Microsoft.Azure.Management.EdgeGateway\tests\Helpers\ShareHelper.cs(3,17): error CS0234: The type or namespace name 'Rest' does not exist in the namespace 'Microsoft' (are you missing an assembly reference?)
C:\gh\azure-sdk-for-net\sdk\edgegateway\Microsoft.Azure.Management.EdgeGateway\tests\Helpers\ShareHelper.cs(4,7): error CS0246: The type or namespace name 'System' could not be found (are you missing a using directive or an assembly reference?)
C:\gh\azure-sdk-for-net\sdk\edgegateway\Microsoft.Azure.Management.EdgeGateway\tests\Helpers\TriggerHelper.cs(3,17): error CS0234: The type or namespace name 'Rest' does not exist in the namespace 'Microsoft' (are you missing an assembly reference?)
C:\gh\azure-sdk-for-net\sdk\edgegateway\Microsoft.Azure.Management.EdgeGateway\tests\Helpers\TriggerHelper.cs(4,7): error CS0246: The type or namespace name 'System' could not be found (are you missing a using directive or an assembly reference?)
C:\gh\azure-sdk-for-net\sdk\edgegateway\Microsoft.Azure.Management.EdgeGateway\tests\Helpers\TriggerHelper.cs(5,7): error CS0246: The type or namespace name 'System' could not be found (are you missing a using directive or an assembly reference?)
C:\gh\azure-sdk-for-net\sdk\edgegateway\Microsoft.Azure.Management.EdgeGateway\tests\Helpers\UserHelper.cs(3,17): error CS0234: The type or namespace name 'Rest' does not exist in the namespace 'Microsoft' (are you missing an assembly reference?)
C:\gh\azure-sdk-for-net\sdk\edgegateway\Microsoft.Azure.Management.EdgeGateway\tests\Helpers\UserHelper.cs(4,7): error CS0246: The type or namespace name 'System' could not be found (are you missing a using directive or an assembly reference?)
C:\gh\azure-sdk-for-net\sdk\edgegateway\Microsoft.Azure.Management.EdgeGateway\tests\Properties\AssemblyInfo.cs(4,7): error CS0246: The type or namespace name 'System' could not be found (are you missing a using directive or an assembly reference?)
C:\gh\azure-sdk-for-net\sdk\edgegateway\Microsoft.Azure.Management.EdgeGateway\tests\Properties\AssemblyInfo.cs(5,7): error CS0246: The type or namespace name 'System' could not be found (are you missing a using directive or an assembly reference?)
C:\gh\azure-sdk-for-net\sdk\edgegateway\Microsoft.Azure.Management.EdgeGateway\tests\Properties\AssemblyInfo.cs(6,7): error CS0246: The type or namespace name 'System' could not be found (are you missing a using directive or an assembly reference?)
C:\gh\azure-sdk-for-net\sdk\edgegateway\Microsoft.Azure.Management.EdgeGateway\tests\Properties\AssemblyInfo.cs(7,7): error CS0246: The type or namespace name 'Xunit' could not be found (are you missing a using directive or an assembly reference?)
C:\gh\azure-sdk-for-net\sdk\edgegateway\Microsoft.Azure.Management.EdgeGateway\tests\Tests\AlertTests.cs(2,7): error CS0246: The type or namespace name 'System' could not be found (are you missing a using directive or an assembly reference?)
C:\gh\azure-sdk-for-net\sdk\edgegateway\Microsoft.Azure.Management.EdgeGateway\tests\Tests\AlertTests.cs(3,7): error CS0246: The type or namespace name 'Xunit' could not be found (are you missing a using directive or an assembly reference?)
C:\gh\azure-sdk-for-net\sdk\edgegateway\Microsoft.Azure.Management.EdgeGateway\tests\Tests\AlertTests.cs(4,7): error CS0246: The type or namespace name 'Xunit' could not be found (are you missing a using directive or an assembly reference?)
C:\gh\azure-sdk-for-net\sdk\edgegateway\Microsoft.Azure.Management.EdgeGateway\tests\Tests\BandwidthScheduleTests.cs(3,7): error CS0246: The type or namespace name 'Xunit' could not be found (are you missing a using directive or an assembly reference?)
C:\gh\azure-sdk-for-net\sdk\edgegateway\Microsoft.Azure.Management.EdgeGateway\tests\Tests\BandwidthScheduleTests.cs(4,7): error CS0246: The type or namespace name 'Xunit' could not be found (are you missing a using directive or an assembly reference?)
C:\gh\azure-sdk-for-net\sdk\edgegateway\Microsoft.Azure.Management.EdgeGateway\tests\Tests\DeviceUpdatesTests.cs(2,7): error CS0246: The type or namespace name 'Xunit' could not be found (are you missing a using directive or an assembly reference?)
C:\gh\azure-sdk-for-net\sdk\edgegateway\Microsoft.Azure.Management.EdgeGateway\tests\Tests\DeviceUpdatesTests.cs(3,7): error CS0246: The type or namespace name 'Xunit' could not be found (are you missing a using directive or an assembly reference?)
C:\gh\azure-sdk-for-net\sdk\edgegateway\Microsoft.Azure.Management.EdgeGateway\tests\Tests\JobsTests.cs(2,7): error CS0246: The type or namespace name 'Xunit' could not be found (are you missing a using directive or an assembly reference?)
C:\gh\azure-sdk-for-net\sdk\edgegateway\Microsoft.Azure.Management.EdgeGateway\tests\Tests\JobsTests.cs(3,7): error CS0246: The type or namespace name 'Xunit' could not be found (are you missing a using directive or an assembly reference?)
C:\gh\azure-sdk-for-net\sdk\edgegateway\Microsoft.Azure.Management.EdgeGateway\tests\Tests\NetworkSettingsTest.cs(2,7): error CS0246: The type or namespace name 'Xunit' could not be found (are you missing a using directive or an assembly reference?)
C:\gh\azure-sdk-for-net\sdk\edgegateway\Microsoft.Azure.Management.EdgeGateway\tests\Tests\NetworkSettingsTest.cs(3,7): error CS0246: The type or namespace name 'Xunit' could not be found (are you missing a using directive or an assembly reference?)
C:\gh\azure-sdk-for-net\sdk\edgegateway\Microsoft.Azure.Management.EdgeGateway\tests\Tests\OrderTests.cs(1,7): error CS0246: The type or namespace name 'System' could not be found (are you missing a using directive or an assembly reference?)
C:\gh\azure-sdk-for-net\sdk\edgegateway\Microsoft.Azure.Management.EdgeGateway\tests\Tests\OrderTests.cs(2,7): error CS0246: The type or namespace name 'System' could not be found (are you missing a using directive or an assembly reference?)
C:\gh\azure-sdk-for-net\sdk\edgegateway\Microsoft.Azure.Management.EdgeGateway\tests\Tests\OrderTests.cs(3,7): error CS0246: The type or namespace name 'System' could not be found (are you missing a using directive or an assembly reference?)
C:\gh\azure-sdk-for-net\sdk\edgegateway\Microsoft.Azure.Management.EdgeGateway\tests\Tests\OrderTests.cs(4,7): error CS0246: The type or namespace name 'Xunit' could not be found (are you missing a using directive or an assembly reference?)
C:\gh\azure-sdk-for-net\sdk\edgegateway\Microsoft.Azure.Management.EdgeGateway\tests\Tests\OrderTests.cs(5,7): error CS0246: The type or namespace name 'Xunit' could not be found (are you missing a using directive or an assembly reference?)
C:\gh\azure-sdk-for-net\sdk\edgegateway\Microsoft.Azure.Management.EdgeGateway\tests\Tests\RoleTests.cs(2,7): error CS0246: The type or namespace name 'Xunit' could not be found (are you missing a using directive or an assembly reference?)
C:\gh\azure-sdk-for-net\sdk\edgegateway\Microsoft.Azure.Management.EdgeGateway\tests\Tests\RoleTests.cs(3,7): error CS0246: The type or namespace name 'Xunit' could not be found (are you missing a using directive or an assembly reference?)
C:\gh\azure-sdk-for-net\sdk\edgegateway\Microsoft.Azure.Management.EdgeGateway\tests\Tests\RoleTests.cs(5,7): error CS0246: The type or namespace name 'System' could not be found (are you missing a using directive or an assembly reference?)
C:\gh\azure-sdk-for-net\sdk\edgegateway\Microsoft.Azure.Management.EdgeGateway\tests\Tests\ShareTests.cs(3,7): error CS0246: The type or namespace name 'System' could not be found (are you missing a using directive or an assembly reference?)
C:\gh\azure-sdk-for-net\sdk\edgegateway\Microsoft.Azure.Management.EdgeGateway\tests\Tests\ShareTests.cs(4,7): error CS0246: The type or namespace name 'System' could not be found (are you missing a using directive or an assembly reference?)
C:\gh\azure-sdk-for-net\sdk\edgegateway\Microsoft.Azure.Management.EdgeGateway\tests\Tests\ShareTests.cs(5,7): error CS0246: The type or namespace name 'Xunit' could not be found (are you missing a using directive or an assembly reference?)
C:\gh\azure-sdk-for-net\sdk\edgegateway\Microsoft.Azure.Management.EdgeGateway\tests\Tests\ShareTests.cs(6,7): error CS0246: The type or namespace name 'Xunit' could not be found (are you missing a using directive or an assembly reference?)
C:\gh\azure-sdk-for-net\sdk\edgegateway\Microsoft.Azure.Management.EdgeGateway\tests\Tests\StorageAccountCredentialsTests.cs(3,7): error CS0246: The type or namespace name 'Xunit' could not be found (are you missing a using directive or an assembly reference?)
C:\gh\azure-sdk-for-net\sdk\edgegateway\Microsoft.Azure.Management.EdgeGateway\tests\Tests\StorageAccountCredentialsTests.cs(4,7): error CS0246: The type or namespace name 'Xunit' could not be found (are you missing a using directive or an assembly reference?)
C:\gh\azure-sdk-for-net\sdk\edgegateway\Microsoft.Azure.Management.EdgeGateway\tests\Tests\TriggerTests.cs(3,7): error CS0246: The type or namespace name 'System' could not be found (are you missing a using directive or an assembly reference?)
C:\gh\azure-sdk-for-net\sdk\edgegateway\Microsoft.Azure.Management.EdgeGateway\tests\Tests\TriggerTests.cs(4,7): error CS0246: The type or namespace name 'System' could not be found (are you missing a using directive or an assembly reference?)
C:\gh\azure-sdk-for-net\sdk\edgegateway\Microsoft.Azure.Management.EdgeGateway\tests\Tests\TriggerTests.cs(5,7): error CS0246: The type or namespace name 'Xunit' could not be found (are you missing a using directive or an assembly reference?)
C:\gh\azure-sdk-for-net\sdk\edgegateway\Microsoft.Azure.Management.EdgeGateway\tests\Tests\TriggerTests.cs(6,7): error CS0246: The type or namespace name 'Xunit' could not be found (are you missing a using directive or an assembly reference?)
C:\gh\azure-sdk-for-net\sdk\edgegateway\Microsoft.Azure.Management.EdgeGateway\tests\Tests\UserTests.cs(3,7): error CS0246: The type or namespace name 'System' could not be found (are you missing a using directive or an assembly reference?)
C:\gh\azure-sdk-for-net\sdk\edgegateway\Microsoft.Azure.Management.EdgeGateway\tests\Tests\UserTests.cs(4,7): error CS0246: The type or namespace name 'Xunit' could not be found (are you missing a using directive or an assembly reference?)
C:\gh\azure-sdk-for-net\sdk\edgegateway\Microsoft.Azure.Management.EdgeGateway\tests\Tests\UserTests.cs(5,7): error CS0246: The type or namespace name 'Xunit' could not be found (are you missing a using directive or an assembly reference?)
C:\gh\azure-sdk-for-net\eng\mgmt\DisableTestRunParallel.cs(4,7): error CS0246: The type or namespace name 'System' could not be found (are you missing a using directive or an assembly reference?)
C:\gh\azure-sdk-for-net\eng\mgmt\DisableTestRunParallel.cs(5,7): error CS0246: The type or namespace name 'Xunit' could not be found (are you missing a using directive or an assembly reference?)
C:\gh\azure-sdk-for-net\artifacts\obj\Microsoft.Azure.Management.EdgeGateway.Tests\Debug\netcoreapp2.0\.NETCoreApp,Version=v2.0.AssemblyAttributes.cs(2,7): error CS0246: The type or namespace name 'System' could not be found (are you missing a using directive or an assembly reference?)
C:\gh\azure-sdk-for-net\artifacts\obj\Microsoft.Azure.Management.EdgeGateway.Tests\Debug\netcoreapp2.0\.NETCoreApp,Version=v2.0.AssemblyAttributes.cs(3,7): error CS0246: The type or namespace name 'System' could not be found (are you missing a using directive or an assembly reference?)
C:\gh\azure-sdk-for-net\artifacts\obj\Microsoft.Azure.Management.EdgeGateway.Tests\Debug\netcoreapp2.0\Microsoft.Azure.Management.EdgeGateway.Tests.AssemblyInfo.cs(11,7): error CS0246: The type or namespace name 'System' could not be found (are you missing a using directive or an assembly reference?)
C:\gh\azure-sdk-for-net\artifacts\obj\Microsoft.Azure.Management.EdgeGateway.Tests\Debug\netcoreapp2.0\Microsoft.Azure.Management.EdgeGateway.Tests.AssemblyInfo.cs(12,7): error CS0246: The type or namespace name 'System' could not be found (are you missing a using directive or an assembly reference?)
C:\gh\azure-sdk-for-net\sdk\edgegateway\Microsoft.Azure.Management.EdgeGateway\tests\Tests\DeviceExtendedInfoTests.cs(4,11): error CS0246: The type or namespace name 'Xunit' could not be found (are you missing a using directive or an assembly reference?)
C:\gh\azure-sdk-for-net\sdk\edgegateway\Microsoft.Azure.Management.EdgeGateway\tests\Tests\DeviceExtendedInfoTests.cs(5,11): error CS0246: The type or namespace name 'Xunit' could not be found (are you missing a using directive or an assembly reference?)
C:\gh\azure-sdk-for-net\sdk\edgegateway\Microsoft.Azure.Management.EdgeGateway\tests\Tests\DeviceTests.cs(4,11): error CS0246: The type or namespace name 'Xunit' could not be found (are you missing a using directive or an assembly reference?)
C:\gh\azure-sdk-for-net\sdk\edgegateway\Microsoft.Azure.Management.EdgeGateway\tests\Tests\DeviceTests.cs(5,11): error CS0246: The type or namespace name 'Xunit' could not be found (are you missing a using directive or an assembly reference?)
C:\gh\azure-sdk-for-net\sdk\edgegateway\Microsoft.Azure.Management.EdgeGateway\tests\Tests\DeviceTests.cs(7,11): error CS0246: The type or namespace name 'System' could not be found (are you missing a using directive or an assembly reference?)
C:\gh\azure-sdk-for-net\sdk\edgegateway\Microsoft.Azure.Management.EdgeGateway\tests\Tests\EdgeGatewayTestBase.cs(5,27): error CS0234: The type or namespace name 'Test' does not exist in the namespace 'Microsoft.Azure' (are you missing an assembly reference?)
C:\gh\azure-sdk-for-net\sdk\edgegateway\Microsoft.Azure.Management.EdgeGateway\tests\Tests\EdgeGatewayTestBase.cs(6,21): error CS0234: The type or namespace name 'Rest' does not exist in the namespace 'Microsoft' (are you missing an assembly reference?)
C:\gh\azure-sdk-for-net\sdk\edgegateway\Microsoft.Azure.Management.EdgeGateway\tests\Tests\EdgeGatewayTestBase.cs(7,11): error CS0246: The type or namespace name 'System' could not be found (are you missing a using directive or an assembly reference?)
C:\gh\azure-sdk-for-net\sdk\edgegateway\Microsoft.Azure.Management.EdgeGateway\tests\Tests\EdgeGatewayTestBase.cs(8,11): error CS0246: The type or namespace name 'System' could not be found (are you missing a using directive or an assembly reference?)
C:\gh\azure-sdk-for-net\sdk\edgegateway\Microsoft.Azure.Management.EdgeGateway\tests\Tests\EdgeGatewayTestBase.cs(9,11): error CS0246: The type or namespace name 'System' could not be found (are you missing a using directive or an assembly reference?)
C:\gh\azure-sdk-for-net\sdk\edgegateway\Microsoft.Azure.Management.EdgeGateway\tests\Tests\EdgeGatewayTestBase.cs(10,11): error CS0246: The type or namespace name 'Xunit' could not be found (are you missing a using directive or an assembly reference?)
C:\gh\azure-sdk-for-net\sdk\edgegateway\Microsoft.Azure.Management.EdgeGateway\tests\Tests\EdgeGatewayTestBase.cs(11,11): error CS0246: The type or namespace name 'Xunit' could not be found (are you missing a using directive or an assembly reference?)
C:\gh\azure-sdk-for-net\sdk\edgegateway\Microsoft.Azure.Management.EdgeGateway\tests\Helpers\AlertHelper.cs(11,33): error CS0518: Predefined type 'System.Object' is not defined or imported
C:\gh\azure-sdk-for-net\sdk\edgegateway\Microsoft.Azure.Management.EdgeGateway\tests\TestConstants.cs(6,25): error CS0518: Predefined type 'System.Object' is not defined or imported
C:\gh\azure-sdk-for-net\sdk\edgegateway\Microsoft.Azure.Management.EdgeGateway\tests\Tests\AlertTests.cs(26,10): error CS0518: Predefined type 'System.Object' is not defined or imported
C:\gh\azure-sdk-for-net\sdk\edgegateway\Microsoft.Azure.Management.EdgeGateway\tests\Tests\AlertTests.cs(26,10): error CS0246: The type or namespace name 'FactAttribute' could not be found (are you missing a using directive or an assembly reference?)
C:\gh\azure-sdk-for-net\sdk\edgegateway\Microsoft.Azure.Management.EdgeGateway\tests\Tests\AlertTests.cs(26,10): error CS0246: The type or namespace name 'Fact' could not be found (are you missing a using directive or an assembly reference?)
C:\gh\azure-sdk-for-net\sdk\edgegateway\Microsoft.Azure.Management.EdgeGateway\tests\Tests\DeviceExtendedInfoTests.cs(26,10): error CS0518: Predefined type 'System.Object' is not defined or imported
C:\gh\azure-sdk-for-net\sdk\edgegateway\Microsoft.Azure.Management.EdgeGateway\tests\Tests\DeviceUpdatesTests.cs(26,10): error CS0518: Predefined type 'System.Object' is not defined or imported
C:\gh\azure-sdk-for-net\sdk\edgegateway\Microsoft.Azure.Management.EdgeGateway\tests\Tests\DeviceExtendedInfoTests.cs(26,10): error CS0246: The type or namespace name 'FactAttribute' could not be found (are you missing a using directive or an assembly reference?)
C:\gh\azure-sdk-for-net\sdk\edgegateway\Microsoft.Azure.Management.EdgeGateway\tests\Tests\DeviceUpdatesTests.cs(26,10): error CS0246: The type or namespace name 'FactAttribute' could not be found (are you missing a using directive or an assembly reference?)
C:\gh\azure-sdk-for-net\sdk\edgegateway\Microsoft.Azure.Management.EdgeGateway\tests\Tests\DeviceExtendedInfoTests.cs(26,10): error CS0246: The type or namespace name 'Fact' could not be found (are you missing a using directive or an assembly reference?)
C:\gh\azure-sdk-for-net\sdk\edgegateway\Microsoft.Azure.Management.EdgeGateway\tests\Tests\DeviceUpdatesTests.cs(26,10): error CS0246: The type or namespace name 'Fact' could not be found (are you missing a using directive or an assembly reference?)
C:\gh\azure-sdk-for-net\sdk\edgegateway\Microsoft.Azure.Management.EdgeGateway\tests\Tests\JobsTests.cs(25,10): error CS0518: Predefined type 'System.Object' is not defined or imported
C:\gh\azure-sdk-for-net\sdk\edgegateway\Microsoft.Azure.Management.EdgeGateway\tests\Tests\JobsTests.cs(25,10): error CS0246: The type or namespace name 'FactAttribute' could not be found (are you missing a using directive or an assembly reference?)
C:\gh\azure-sdk-for-net\sdk\edgegateway\Microsoft.Azure.Management.EdgeGateway\tests\Tests\JobsTests.cs(25,10): error CS0246: The type or namespace name 'Fact' could not be found (are you missing a using directive or an assembly reference?)
C:\gh\azure-sdk-for-net\sdk\edgegateway\Microsoft.Azure.Management.EdgeGateway\tests\Tests\DeviceTests.cs(27,10): error CS0518: Predefined type 'System.Object' is not defined or imported
C:\gh\azure-sdk-for-net\sdk\edgegateway\Microsoft.Azure.Management.EdgeGateway\tests\Tests\DeviceTests.cs(27,10): error CS0246: The type or namespace name 'FactAttribute' could not be found (are you missing a using directive or an assembly reference?)
C:\gh\azure-sdk-for-net\sdk\edgegateway\Microsoft.Azure.Management.EdgeGateway\tests\Tests\DeviceTests.cs(27,10): error CS0246: The type or namespace name 'Fact' could not be found (are you missing a using directive or an assembly reference?)
C:\gh\azure-sdk-for-net\sdk\edgegateway\Microsoft.Azure.Management.EdgeGateway\tests\Tests\BandwidthScheduleTests.cs(26,10): error CS0518: Predefined type 'System.Object' is not defined or imported
C:\gh\azure-sdk-for-net\sdk\edgegateway\Microsoft.Azure.Management.EdgeGateway\tests\Tests\BandwidthScheduleTests.cs(26,10): error CS0246: The type or namespace name 'FactAttribute' could not be found (are you missing a using directive or an assembly reference?)
C:\gh\azure-sdk-for-net\sdk\edgegateway\Microsoft.Azure.Management.EdgeGateway\tests\Tests\BandwidthScheduleTests.cs(26,10): error CS0246: The type or namespace name 'Fact' could not be found (are you missing a using directive or an assembly reference?)
C:\gh\azure-sdk-for-net\sdk\edgegateway\Microsoft.Azure.Management.EdgeGateway\tests\Tests\RoleTests.cs(27,10): error CS0518: Predefined type 'System.Object' is not defined or imported
C:\gh\azure-sdk-for-net\sdk\edgegateway\Microsoft.Azure.Management.EdgeGateway\tests\Tests\OrderTests.cs(29,10): error CS0518: Predefined type 'System.Object' is not defined or imported
C:\gh\azure-sdk-for-net\sdk\edgegateway\Microsoft.Azure.Management.EdgeGateway\tests\Tests\RoleTests.cs(27,10): error CS0246: The type or namespace name 'FactAttribute' could not be found (are you missing a using directive or an assembly reference?)
C:\gh\azure-sdk-for-net\sdk\edgegateway\Microsoft.Azure.Management.EdgeGateway\tests\Tests\OrderTests.cs(29,10): error CS0246: The type or namespace name 'FactAttribute' could not be found (are you missing a using directive or an assembly reference?)
C:\gh\azure-sdk-for-net\sdk\edgegateway\Microsoft.Azure.Management.EdgeGateway\tests\Tests\RoleTests.cs(27,10): error CS0246: The type or namespace name 'Fact' could not be found (are you missing a using directive or an assembly reference?)
C:\gh\azure-sdk-for-net\sdk\edgegateway\Microsoft.Azure.Management.EdgeGateway\tests\Tests\OrderTests.cs(29,10): error CS0246: The type or namespace name 'Fact' could not be found (are you missing a using directive or an assembly reference?)
C:\gh\azure-sdk-for-net\sdk\edgegateway\Microsoft.Azure.Management.EdgeGateway\tests\Tests\NetworkSettingsTest.cs(25,10): error CS0518: Predefined type 'System.Object' is not defined or imported
C:\gh\azure-sdk-for-net\sdk\edgegateway\Microsoft.Azure.Management.EdgeGateway\tests\Tests\NetworkSettingsTest.cs(25,10): error CS0246: The type or namespace name 'FactAttribute' could not be found (are you missing a using directive or an assembly reference?)
C:\gh\azure-sdk-for-net\sdk\edgegateway\Microsoft.Azure.Management.EdgeGateway\tests\Tests\NetworkSettingsTest.cs(25,10): error CS0246: The type or namespace name 'Fact' could not be found (are you missing a using directive or an assembly reference?)
C:\gh\azure-sdk-for-net\sdk\edgegateway\Microsoft.Azure.Management.EdgeGateway\tests\Tests\ShareTests.cs(28,10): error CS0518: Predefined type 'System.Object' is not defined or imported
C:\gh\azure-sdk-for-net\sdk\edgegateway\Microsoft.Azure.Management.EdgeGateway\tests\Tests\ShareTests.cs(28,10): error CS0246: The type or namespace name 'FactAttribute' could not be found (are you missing a using directive or an assembly reference?)
C:\gh\azure-sdk-for-net\sdk\edgegateway\Microsoft.Azure.Management.EdgeGateway\tests\Tests\ShareTests.cs(28,10): error CS0246: The type or namespace name 'Fact' could not be found (are you missing a using directive or an assembly reference?)
C:\gh\azure-sdk-for-net\sdk\edgegateway\Microsoft.Azure.Management.EdgeGateway\tests\Tests\DeviceUpdatesTests.cs(49,10): error CS0518: Predefined type 'System.Object' is not defined or imported
C:\gh\azure-sdk-for-net\sdk\edgegateway\Microsoft.Azure.Management.EdgeGateway\tests\Tests\DeviceUpdatesTests.cs(49,10): error CS0246: The type or namespace name 'FactAttribute' could not be found (are you missing a using directive or an assembly reference?)
C:\gh\azure-sdk-for-net\sdk\edgegateway\Microsoft.Azure.Management.EdgeGateway\tests\Tests\DeviceUpdatesTests.cs(49,10): error CS0246: The type or namespace name 'Fact' could not be found (are you missing a using directive or an assembly reference?)
C:\gh\azure-sdk-for-net\sdk\edgegateway\Microsoft.Azure.Management.EdgeGateway\tests\Tests\DeviceTests.cs(86,10): error CS0518: Predefined type 'System.Object' is not defined or imported
C:\gh\azure-sdk-for-net\sdk\edgegateway\Microsoft.Azure.Management.EdgeGateway\tests\Tests\DeviceTests.cs(86,10): error CS0246: The type or namespace name 'FactAttribute' could not be found (are you missing a using directive or an assembly reference?)
C:\gh\azure-sdk-for-net\sdk\edgegateway\Microsoft.Azure.Management.EdgeGateway\tests\Tests\DeviceTests.cs(86,10): error CS0246: The type or namespace name 'Fact' could not be found (are you missing a using directive or an assembly reference?)
C:\gh\azure-sdk-for-net\sdk\edgegateway\Microsoft.Azure.Management.EdgeGateway\tests\Tests\ShareTests.cs(82,10): error CS0518: Predefined type 'System.Object' is not defined or imported
C:\gh\azure-sdk-for-net\sdk\edgegateway\Microsoft.Azure.Management.EdgeGateway\tests\Tests\ShareTests.cs(82,10): error CS0246: The type or namespace name 'FactAttribute' could not be found (are you missing a using directive or an assembly reference?)
C:\gh\azure-sdk-for-net\sdk\edgegateway\Microsoft.Azure.Management.EdgeGateway\tests\Tests\ShareTests.cs(82,10): error CS0246: The type or namespace name 'Fact' could not be found (are you missing a using directive or an assembly reference?)
C:\gh\azure-sdk-for-net\sdk\edgegateway\Microsoft.Azure.Management.EdgeGateway\tests\Tests\TriggerTests.cs(28,10): error CS0518: Predefined type 'System.Object' is not defined or imported
C:\gh\azure-sdk-for-net\sdk\edgegateway\Microsoft.Azure.Management.EdgeGateway\tests\Tests\TriggerTests.cs(28,10): error CS0246: The type or namespace name 'FactAttribute' could not be found (are you missing a using directive or an assembly reference?)
C:\gh\azure-sdk-for-net\sdk\edgegateway\Microsoft.Azure.Management.EdgeGateway\tests\Tests\TriggerTests.cs(28,10): error CS0246: The type or namespace name 'Fact' could not be found (are you missing a using directive or an assembly reference?)
C:\gh\azure-sdk-for-net\sdk\edgegateway\Microsoft.Azure.Management.EdgeGateway\tests\Tests\UserTests.cs(27,10): error CS0518: Predefined type 'System.Object' is not defined or imported
C:\gh\azure-sdk-for-net\sdk\edgegateway\Microsoft.Azure.Management.EdgeGateway\tests\Tests\UserTests.cs(27,10): error CS0246: The type or namespace name 'FactAttribute' could not be found (are you missing a using directive or an assembly reference?)
C:\gh\azure-sdk-for-net\sdk\edgegateway\Microsoft.Azure.Management.EdgeGateway\tests\Tests\UserTests.cs(27,10): error CS0246: The type or namespace name 'Fact' could not be found (are you missing a using directive or an assembly reference?)
C:\gh\azure-sdk-for-net\sdk\edgegateway\Microsoft.Azure.Management.EdgeGateway\tests\Tests\StorageAccountCredentialsTests.cs(27,10): error CS0518: Predefined type 'System.Object' is not defined or imported
C:\gh\azure-sdk-for-net\sdk\edgegateway\Microsoft.Azure.Management.EdgeGateway\tests\Tests\StorageAccountCredentialsTests.cs(27,10): error CS0246: The type or namespace name 'FactAttribute' could not be found (are you missing a using directive or an assembly reference?)
C:\gh\azure-sdk-for-net\sdk\edgegateway\Microsoft.Azure.Management.EdgeGateway\tests\Tests\StorageAccountCredentialsTests.cs(27,10): error CS0246: The type or namespace name 'Fact' could not be found (are you missing a using directive or an assembly reference?)
C:\gh\azure-sdk-for-net\sdk\edgegateway\Microsoft.Azure.Management.EdgeGateway\tests\Tests\EdgeGatewayTestBase.cs(26,45): error CS0518: Predefined type 'System.Void' is not defined or imported
C:\gh\azure-sdk-for-net\sdk\edgegateway\Microsoft.Azure.Management.EdgeGateway\tests\Tests\EdgeGatewayTestBase.cs(31,46): error CS0518: Predefined type 'System.Void' is not defined or imported
C:\gh\azure-sdk-for-net\sdk\edgegateway\Microsoft.Azure.Management.EdgeGateway\tests\Tests\EdgeGatewayTestBase.cs(36,58): error CS0518: Predefined type 'System.Void' is not defined or imported
C:\gh\azure-sdk-for-net\sdk\edgegateway\Microsoft.Azure.Management.EdgeGateway\tests\Tests\EdgeGatewayTestBase.cs(84,9): error CS0518: Predefined type 'System.Void' is not defined or imported
C:\gh\azure-sdk-for-net\sdk\edgegateway\Microsoft.Azure.Management.EdgeGateway\tests\Tests\EdgeGatewayTestBase.cs(26,16): error CS0518: Predefined type 'System.String' is not defined or imported
C:\gh\azure-sdk-for-net\sdk\edgegateway\Microsoft.Azure.Management.EdgeGateway\tests\Tests\EdgeGatewayTestBase.cs(31,19): error CS0518: Predefined type 'System.Object' is not defined or imported
C:\gh\azure-sdk-for-net\sdk\edgegateway\Microsoft.Azure.Management.EdgeGateway\tests\Tests\EdgeGatewayTestBase.cs(31,19): error CS0246: The type or namespace name 'MockContext' could not be found (are you missing a using directive or an assembly reference?)
C:\gh\azure-sdk-for-net\sdk\edgegateway\Microsoft.Azure.Management.EdgeGateway\tests\Tests\EdgeGatewayTestBase.cs(36,16): error CS0518: Predefined type 'System.Object' is not defined or imported
C:\gh\azure-sdk-for-net\sdk\edgegateway\Microsoft.Azure.Management.EdgeGateway\tests\Tests\DeviceExtendedInfoTests.cs(30,70): error CS0518: Predefined type 'System.Object' is not defined or imported
C:\gh\azure-sdk-for-net\sdk\edgegateway\Microsoft.Azure.Management.EdgeGateway\tests\Tests\DeviceExtendedInfoTests.cs(30,106): error CS0518: Predefined type 'System.Object' is not defined or imported
C:\gh\azure-sdk-for-net\sdk\edgegateway\Microsoft.Azure.Management.EdgeGateway\tests\Tests\DeviceExtendedInfoTests.cs(30,32): error CS0518: Predefined type 'System.String' is not defined or imported
C:\gh\azure-sdk-for-net\sdk\edgegateway\Microsoft.Azure.Management.EdgeGateway\tests\Helpers\AlertHelper.cs(28,13): error CS0518: Predefined type 'System.Object' is not defined or imported
C:\gh\azure-sdk-for-net\sdk\edgegateway\Microsoft.Azure.Management.EdgeGateway\tests\Helpers\AlertHelper.cs(28,13): error CS0246: The type or namespace name 'IPage<>' could not be found (are you missing a using directive or an assembly reference?)
C:\gh\azure-sdk-for-net\sdk\edgegateway\Microsoft.Azure.Management.EdgeGateway\tests\Helpers\AlertHelper.cs(28,19): error CS0518: Predefined type 'System.Object' is not defined or imported
C:\gh\azure-sdk-for-net\sdk\edgegateway\Microsoft.Azure.Management.EdgeGateway\tests\Helpers\AlertHelper.cs(28,38): error CS0246: The type or namespace name 'IPage<>' could not be found (are you missing a using directive or an assembly reference?)
C:\gh\azure-sdk-for-net\sdk\edgegateway\Microsoft.Azure.Management.EdgeGateway\tests\Tests\NetworkSettingsTest.cs(29,69): error CS0518: Predefined type 'System.Object' is not defined or imported
C:\gh\azure-sdk-for-net\sdk\edgegateway\Microsoft.Azure.Management.EdgeGateway\tests\Tests\NetworkSettingsTest.cs(29,104): error CS0518: Predefined type 'System.Object' is not defined or imported
C:\gh\azure-sdk-for-net\sdk\edgegateway\Microsoft.Azure.Management.EdgeGateway\tests\Tests\NetworkSettingsTest.cs(29,35): error CS0518: Predefined type 'System.String' is not defined or imported
C:\gh\azure-sdk-for-net\sdk\edgegateway\Microsoft.Azure.Management.EdgeGateway\tests\Tests\DeviceUpdatesTests.cs(30,65): error CS0518: Predefined type 'System.Object' is not defined or imported
C:\gh\azure-sdk-for-net\sdk\edgegateway\Microsoft.Azure.Management.EdgeGateway\tests\Tests\DeviceUpdatesTests.cs(30,100): error CS0518: Predefined type 'System.Object' is not defined or imported
C:\gh\azure-sdk-for-net\sdk\edgegateway\Microsoft.Azure.Management.EdgeGateway\tests\Tests\DeviceUpdatesTests.cs(30,33): error CS0518: Predefined type 'System.String' is not defined or imported
C:\gh\azure-sdk-for-net\sdk\edgegateway\Microsoft.Azure.Management.EdgeGateway\tests\Tests\DeviceUpdatesTests.cs(33,43): error CS0518: Predefined type 'System.Object' is not defined or imported
C:\gh\azure-sdk-for-net\sdk\edgegateway\Microsoft.Azure.Management.EdgeGateway\tests\Tests\DeviceUpdatesTests.cs(33,78): error CS0518: Predefined type 'System.Object' is not defined or imported
C:\gh\azure-sdk-for-net\sdk\edgegateway\Microsoft.Azure.Management.EdgeGateway\tests\Tests\DeviceUpdatesTests.cs(33,13): error CS0518: Predefined type 'System.Void' is not defined or imported
C:\gh\azure-sdk-for-net\sdk\edgegateway\Microsoft.Azure.Management.EdgeGateway\tests\Tests\DeviceUpdatesTests.cs(37,44): error CS0518: Predefined type 'System.Object' is not defined or imported
C:\gh\azure-sdk-for-net\sdk\edgegateway\Microsoft.Azure.Management.EdgeGateway\tests\Tests\DeviceUpdatesTests.cs(37,79): error CS0518: Predefined type 'System.Object' is not defined or imported
C:\gh\azure-sdk-for-net\sdk\edgegateway\Microsoft.Azure.Management.EdgeGateway\tests\Tests\DeviceUpdatesTests.cs(37,13): error CS0518: Predefined type 'System.Void' is not defined or imported
C:\gh\azure-sdk-for-net\sdk\edgegateway\Microsoft.Azure.Management.EdgeGateway\tests\Tests\DeviceUpdatesTests.cs(40,61): error CS0518: Predefined type 'System.Object' is not defined or imported
C:\gh\azure-sdk-for-net\sdk\edgegateway\Microsoft.Azure.Management.EdgeGateway\tests\Tests\DeviceUpdatesTests.cs(40,96): error CS0518: Predefined type 'System.Object' is not defined or imported
C:\gh\azure-sdk-for-net\sdk\edgegateway\Microsoft.Azure.Management.EdgeGateway\tests\Tests\DeviceUpdatesTests.cs(40,29): error CS0518: Predefined type 'System.String' is not defined or imported
C:\gh\azure-sdk-for-net\sdk\edgegateway\Microsoft.Azure.Management.EdgeGateway\tests\Tests\DeviceUpdatesTests.cs(54,43): error CS0518: Predefined type 'System.Object' is not defined or imported
C:\gh\azure-sdk-for-net\sdk\edgegateway\Microsoft.Azure.Management.EdgeGateway\tests\Tests\DeviceUpdatesTests.cs(54,78): error CS0518: Predefined type 'System.Object' is not defined or imported
C:\gh\azure-sdk-for-net\sdk\edgegateway\Microsoft.Azure.Management.EdgeGateway\tests\Tests\DeviceUpdatesTests.cs(54,13): error CS0518: Predefined type 'System.Void' is not defined or imported
C:\gh\azure-sdk-for-net\sdk\edgegateway\Microsoft.Azure.Management.EdgeGateway\tests\Tests\DeviceUpdatesTests.cs(57,65): error CS0518: Predefined type 'System.Object' is not defined or imported
C:\gh\azure-sdk-for-net\sdk\edgegateway\Microsoft.Azure.Management.EdgeGateway\tests\Tests\DeviceUpdatesTests.cs(57,100): error CS0518: Predefined type 'System.Object' is not defined or imported
C:\gh\azure-sdk-for-net\sdk\edgegateway\Microsoft.Azure.Management.EdgeGateway\tests\Tests\DeviceUpdatesTests.cs(57,33): error CS0518: Predefined type 'System.String' is not defined or imported
C:\gh\azure-sdk-for-net\sdk\edgegateway\Microsoft.Azure.Management.EdgeGateway\tests\Tests\AlertTests.cs(29,13): error CS0518: Predefined type 'System.String' is not defined or imported
C:\gh\azure-sdk-for-net\sdk\edgegateway\Microsoft.Azure.Management.EdgeGateway\tests\Tests\AlertTests.cs(31,26): error CS0518: Predefined type 'System.Object' is not defined or imported
C:\gh\azure-sdk-for-net\sdk\edgegateway\Microsoft.Azure.Management.EdgeGateway\tests\Tests\AlertTests.cs(31,40): error CS0518: Predefined type 'System.Object' is not defined or imported
C:\gh\azure-sdk-for-net\sdk\edgegateway\Microsoft.Azure.Management.EdgeGateway\tests\Tests\AlertTests.cs(31,59): error CS0518: Predefined type 'System.Object' is not defined or imported
C:\gh\azure-sdk-for-net\sdk\edgegateway\Microsoft.Azure.Management.EdgeGateway\tests\Tests\AlertTests.cs(31,94): error CS0518: Predefined type 'System.Object' is not defined or imported
C:\gh\azure-sdk-for-net\sdk\edgegateway\Microsoft.Azure.Management.EdgeGateway\tests\Tests\AlertTests.cs(33,17): error CS0518: Predefined type 'System.Boolean' is not defined or imported
C:\gh\azure-sdk-for-net\sdk\edgegateway\Microsoft.Azure.Management.EdgeGateway\tests\Tests\AlertTests.cs(33,17): error CS0518: Predefined type 'System.Boolean' is not defined or imported
C:\gh\azure-sdk-for-net\sdk\edgegateway\Microsoft.Azure.Management.EdgeGateway\tests\Tests\AlertTests.cs(36,26): error CS0518: Predefined type 'System.Object' is not defined or imported
C:\gh\azure-sdk-for-net\sdk\edgegateway\Microsoft.Azure.Management.EdgeGateway\tests\Tests\AlertTests.cs(36,40): error CS0518: Predefined type 'System.Object' is not defined or imported
C:\gh\azure-sdk-for-net\sdk\edgegateway\Microsoft.Azure.Management.EdgeGateway\tests\Tests\AlertTests.cs(39,17): error CS0518: Predefined type 'System.Boolean' is not defined or imported
C:\gh\azure-sdk-for-net\sdk\edgegateway\Microsoft.Azure.Management.EdgeGateway\tests\Tests\AlertTests.cs(39,52): error CS0518: Predefined type 'System.Int32' is not defined or imported
C:\gh\azure-sdk-for-net\sdk\edgegateway\Microsoft.Azure.Management.EdgeGateway\tests\Tests\AlertTests.cs(39,35): error CS0518: Predefined type 'System.Boolean' is not defined or imported
C:\gh\azure-sdk-for-net\sdk\edgegateway\Microsoft.Azure.Management.EdgeGateway\tests\Tests\AlertTests.cs(39,17): error CS0518: Predefined type 'System.Boolean' is not defined or imported
C:\gh\azure-sdk-for-net\sdk\edgegateway\Microsoft.Azure.Management.EdgeGateway\tests\Tests\AlertTests.cs(42,47): error CS0518: Predefined type 'System.Object' is not defined or imported
C:\gh\azure-sdk-for-net\sdk\edgegateway\Microsoft.Azure.Management.EdgeGateway\tests\Tests\AlertTests.cs(42,112): error CS0518: Predefined type 'System.Object' is not defined or imported
C:\gh\azure-sdk-for-net\sdk\edgegateway\Microsoft.Azure.Management.EdgeGateway\tests\Tests\AlertTests.cs(42,29): error CS0518: Predefined type 'System.String' is not defined or imported
C:\gh\azure-sdk-for-net\sdk\edgegateway\Microsoft.Azure.Management.EdgeGateway\tests\Tests\EdgeGatewayTestBase.cs(45,27): error CS0518: Predefined type 'System.Object' is not defined or imported
C:\gh\azure-sdk-for-net\sdk\edgegateway\Microsoft.Azure.Management.EdgeGateway\tests\Tests\EdgeGatewayTestBase.cs(45,27): error CS0246: The type or namespace name 'TestOutputHelper' could not be found (are you missing a using directive or an assembly reference?)
C:\gh\azure-sdk-for-net\sdk\edgegateway\Microsoft.Azure.Management.EdgeGateway\tests\Tests\EdgeGatewayTestBase.cs(46,13): error CS0518: Predefined type 'System.Object' is not defined or imported
C:\gh\azure-sdk-for-net\sdk\edgegateway\Microsoft.Azure.Management.EdgeGateway\tests\Tests\EdgeGatewayTestBase.cs(46,13): error CS0246: The type or namespace name 'ITest' could not be found (are you missing a using directive or an assembly reference?)
C:\gh\azure-sdk-for-net\sdk\edgegateway\Microsoft.Azure.Management.EdgeGateway\tests\Tests\EdgeGatewayTestBase.cs(46,59): error CS0518: Predefined type 'System.String' is not defined or imported
C:\gh\azure-sdk-for-net\sdk\edgegateway\Microsoft.Azure.Management.EdgeGateway\tests\Tests\EdgeGatewayTestBase.cs(46,67): error CS0518: Predefined type 'System.Object' is not defined or imported
C:\gh\azure-sdk-for-net\sdk\edgegateway\Microsoft.Azure.Management.EdgeGateway\tests\Tests\EdgeGatewayTestBase.cs(46,67): error CS0103: The name 'BindingFlags' does not exist in the current context
C:\gh\azure-sdk-for-net\sdk\edgegateway\Microsoft.Azure.Management.EdgeGateway\tests\Tests\EdgeGatewayTestBase.cs(46,92): error CS0518: Predefined type 'System.Object' is not defined or imported
C:\gh\azure-sdk-for-net\sdk\edgegateway\Microsoft.Azure.Management.EdgeGateway\tests\Tests\EdgeGatewayTestBase.cs(46,92): error CS0103: The name 'BindingFlags' does not exist in the current context
C:\gh\azure-sdk-for-net\sdk\edgegateway\Microsoft.Azure.Management.EdgeGateway\tests\Tests\EdgeGatewayTestBase.cs(46,27): error CS0518: Predefined type 'System.Object' is not defined or imported
C:\gh\azure-sdk-for-net\sdk\edgegateway\Microsoft.Azure.Management.EdgeGateway\tests\Tests\EdgeGatewayTestBase.cs(46,27): error CS0246: The type or namespace name 'ITest' could not be found (are you missing a using directive or an assembly reference?)
C:\gh\azure-sdk-for-net\sdk\edgegateway\Microsoft.Azure.Management.EdgeGateway\tests\Tests\EdgeGatewayTestBase.cs(48,28): error CS0518: Predefined type 'System.Object' is not defined or imported
C:\gh\azure-sdk-for-net\sdk\edgegateway\Microsoft.Azure.Management.EdgeGateway\tests\Tests\EdgeGatewayTestBase.cs(48,28): error CS0103: The name 'MockContext' does not exist in the current context
C:\gh\azure-sdk-for-net\sdk\edgegateway\Microsoft.Azure.Management.EdgeGateway\tests\Tests\EdgeGatewayTestBase.cs(48,51): error CS0518: Predefined type 'System.Object' is not defined or imported
C:\gh\azure-sdk-for-net\sdk\edgegateway\Microsoft.Azure.Management.EdgeGateway\tests\Tests\EdgeGatewayTestBase.cs(48,51): error CS1061: 'EdgeGatewayTestBase' does not contain a definition for 'GetType' and no accessible extension method 'GetType' accepting a first argument of type 'EdgeGatewayTestBase' could be found (are you missing a using directive or an assembly reference?)
C:\gh\azure-sdk-for-net\sdk\edgegateway\Microsoft.Azure.Management.EdgeGateway\tests\Tests\EdgeGatewayTestBase.cs(50,57): error CS0518: Predefined type 'System.Object' is not defined or imported
C:\gh\azure-sdk-for-net\sdk\edgegateway\Microsoft.Azure.Management.EdgeGateway\tests\Tests\EdgeGatewayTestBase.cs(51,27): error CS0518: Predefined type 'System.Object' is not defined or imported
C:\gh\azure-sdk-for-net\sdk\edgegateway\Microsoft.Azure.Management.EdgeGateway\tests\Tests\EdgeGatewayTestBase.cs(51,27): error CS0103: The name 'TestEnvironmentFactory' does not exist in the current context
C:\gh\azure-sdk-for-net\sdk\edgegateway\Microsoft.Azure.Management.EdgeGateway\tests\Tests\EdgeGatewayTestBase.cs(54,17): error CS0518: Predefined type 'System.Object' is not defined or imported
C:\gh\azure-sdk-for-net\sdk\edgegateway\Microsoft.Azure.Management.EdgeGateway\tests\Tests\EdgeGatewayTestBase.cs(54,17): error CS0103: The name 'HttpMockServer' does not exist in the current context
C:\gh\azure-sdk-for-net\sdk\edgegateway\Microsoft.Azure.Management.EdgeGateway\tests\Tests\EdgeGatewayTestBase.cs(54,40): error CS0518: Predefined type 'System.Object' is not defined or imported
C:\gh\azure-sdk-for-net\sdk\edgegateway\Microsoft.Azure.Management.EdgeGateway\tests\Tests\EdgeGatewayTestBase.cs(54,40): error CS0103: The name 'HttpRecorderMode' does not exist in the current context
C:\gh\azure-sdk-for-net\sdk\edgegateway\Microsoft.Azure.Management.EdgeGateway\tests\Tests\EdgeGatewayTestBase.cs(54,17): error CS0518: Predefined type 'System.Boolean' is not defined or imported
C:\gh\azure-sdk-for-net\sdk\edgegateway\Microsoft.Azure.Management.EdgeGateway\tests\Tests\EdgeGatewayTestBase.cs(54,17): error CS0518: Predefined type 'System.Boolean' is not defined or imported
C:\gh\azure-sdk-for-net\sdk\edgegateway\Microsoft.Azure.Management.EdgeGateway\tests\Tests\EdgeGatewayTestBase.cs(56,17): error CS0518: Predefined type 'System.Object' is not defined or imported
C:\gh\azure-sdk-for-net\sdk\edgegateway\Microsoft.Azure.Management.EdgeGateway\tests\Tests\EdgeGatewayTestBase.cs(56,17): error CS0103: The name 'HttpMockServer' does not exist in the current context
C:\gh\azure-sdk-for-net\sdk\edgegateway\Microsoft.Azure.Management.EdgeGateway\tests\Tests\JobsTests.cs(29,29): error CS0518: Predefined type 'System.Object' is not defined or imported
C:\gh\azure-sdk-for-net\sdk\edgegateway\Microsoft.Azure.Management.EdgeGateway\tests\Tests\JobsTests.cs(29,64): error CS0518: Predefined type 'System.String' is not defined or imported
C:\gh\azure-sdk-for-net\sdk\edgegateway\Microsoft.Azure.Management.EdgeGateway\tests\Tests\JobsTests.cs(29,104): error CS0518: Predefined type 'System.Object' is not defined or imported
C:\gh\azure-sdk-for-net\sdk\edgegateway\Microsoft.Azure.Management.EdgeGateway\tests\Tests\JobsTests.cs(29,13): error CS0518: Predefined type 'System.String' is not defined or imported
C:\gh\azure-sdk-for-net\sdk\edgegateway\Microsoft.Azure.Management.EdgeGateway\tests\Tests\BandwidthScheduleTests.cs(29,13): error CS0518: Predefined type 'System.Object' is not defined or imported
C:\gh\azure-sdk-for-net\sdk\edgegateway\Microsoft.Azure.Management.EdgeGateway\tests\Tests\BandwidthScheduleTests.cs(29,42): error CS0518: Predefined type 'System.Object' is not defined or imported
C:\gh\azure-sdk-for-net\sdk\edgegateway\Microsoft.Azure.Management.EdgeGateway\tests\Tests\BandwidthScheduleTests.cs(29,56): error CS0518: Predefined type 'System.Object' is not defined or imported
C:\gh\azure-sdk-for-net\sdk\edgegateway\Microsoft.Azure.Management.EdgeGateway\tests\Tests\BandwidthScheduleTests.cs(32,54): error CS0518: Predefined type 'System.Object' is not defined or imported
C:\gh\azure-sdk-for-net\sdk\edgegateway\Microsoft.Azure.Management.EdgeGateway\tests\Tests\BandwidthScheduleTests.cs(32,89): error CS0518: Predefined type 'System.String' is not defined or imported
C:\gh\azure-sdk-for-net\sdk\edgegateway\Microsoft.Azure.Management.EdgeGateway\tests\Tests\BandwidthScheduleTests.cs(32,113): error CS0518: Predefined type 'System.Object' is not defined or imported
C:\gh\azure-sdk-for-net\sdk\edgegateway\Microsoft.Azure.Management.EdgeGateway\tests\Tests\BandwidthScheduleTests.cs(35,67): error CS0518: Predefined type 'System.Object' is not defined or imported
C:\gh\azure-sdk-for-net\sdk\edgegateway\Microsoft.Azure.Management.EdgeGateway\tests\Tests\BandwidthScheduleTests.cs(35,102): error CS0518: Predefined type 'System.String' is not defined or imported
C:\gh\azure-sdk-for-net\sdk\edgegateway\Microsoft.Azure.Management.EdgeGateway\tests\Tests\BandwidthScheduleTests.cs(35,116): error CS0518: Predefined type 'System.Object' is not defined or imported
C:\gh\azure-sdk-for-net\sdk\edgegateway\Microsoft.Azure.Management.EdgeGateway\tests\Tests\BandwidthScheduleTests.cs(35,37): error CS0518: Predefined type 'System.String' is not defined or imported
C:\gh\azure-sdk-for-net\sdk\edgegateway\Microsoft.Azure.Management.EdgeGateway\tests\Tests\BandwidthScheduleTests.cs(38,13): error CS0518: Predefined type 'System.String' is not defined or imported
C:\gh\azure-sdk-for-net\sdk\edgegateway\Microsoft.Azure.Management.EdgeGateway\tests\Tests\BandwidthScheduleTests.cs(39,38): error CS0518: Predefined type 'System.Object' is not defined or imported
C:\gh\azure-sdk-for-net\sdk\edgegateway\Microsoft.Azure.Management.EdgeGateway\tests\Tests\BandwidthScheduleTests.cs(39,52): error CS0518: Predefined type 'System.Object' is not defined or imported
C:\gh\azure-sdk-for-net\sdk\edgegateway\Microsoft.Azure.Management.EdgeGateway\tests\Tests\BandwidthScheduleTests.cs(39,83): error CS0518: Predefined type 'System.Object' is not defined or imported
C:\gh\azure-sdk-for-net\sdk\edgegateway\Microsoft.Azure.Management.EdgeGateway\tests\Tests\BandwidthScheduleTests.cs(39,118): error CS0518: Predefined type 'System.Object' is not defined or imported
C:\gh\azure-sdk-for-net\sdk\edgegateway\Microsoft.Azure.Management.EdgeGateway\tests\Tests\BandwidthScheduleTests.cs(42,46): error CS0518: Predefined type 'System.Object' is not defined or imported
C:\gh\azure-sdk-for-net\sdk\edgegateway\Microsoft.Azure.Management.EdgeGateway\tests\Tests\BandwidthScheduleTests.cs(42,81): error CS0518: Predefined type 'System.String' is not defined or imported
C:\gh\azure-sdk-for-net\sdk\edgegateway\Microsoft.Azure.Management.EdgeGateway\tests\Tests\BandwidthScheduleTests.cs(42,95): error CS0518: Predefined type 'System.Object' is not defined or imported
C:\gh\azure-sdk-for-net\sdk\edgegateway\Microsoft.Azure.Management.EdgeGateway\tests\Tests\BandwidthScheduleTests.cs(42,13): error CS0518: Predefined type 'System.Void' is not defined or imported
C:\gh\azure-sdk-for-net\sdk\edgegateway\Microsoft.Azure.Management.EdgeGateway\tests\Tests\EdgeGatewayTestBase.cs(66,17): error CS0518: Predefined type 'System.Object' is not defined or imported
C:\gh\azure-sdk-for-net\sdk\edgegateway\Microsoft.Azure.Management.EdgeGateway\tests\Tests\EdgeGatewayTestBase.cs(66,17): error CS0103: The name 'HttpMockServer' does not exist in the current context
C:\gh\azure-sdk-for-net\sdk\edgegateway\Microsoft.Azure.Management.EdgeGateway\tests\Tests\EdgeGatewayTestBase.cs(66,40): error CS0518: Predefined type 'System.Object' is not defined or imported
C:\gh\azure-sdk-for-net\sdk\edgegateway\Microsoft.Azure.Management.EdgeGateway\tests\Tests\EdgeGatewayTestBase.cs(66,40): error CS0103: The name 'HttpRecorderMode' does not exist in the current context
C:\gh\azure-sdk-for-net\sdk\edgegateway\Microsoft.Azure.Management.EdgeGateway\tests\Tests\EdgeGatewayTestBase.cs(66,17): error CS0518: Predefined type 'System.Boolean' is not defined or imported
C:\gh\azure-sdk-for-net\sdk\edgegateway\Microsoft.Azure.Management.EdgeGateway\tests\Tests\EdgeGatewayTestBase.cs(66,17): error CS0518: Predefined type 'System.Boolean' is not defined or imported
C:\gh\azure-sdk-for-net\sdk\edgegateway\Microsoft.Azure.Management.EdgeGateway\tests\Tests\EdgeGatewayTestBase.cs(68,17): error CS0518: Predefined type 'System.Object' is not defined or imported
C:\gh\azure-sdk-for-net\sdk\edgegateway\Microsoft.Azure.Management.EdgeGateway\tests\Tests\EdgeGatewayTestBase.cs(68,17): error CS0103: The name 'Thread' does not exist in the current context
C:\gh\azure-sdk-for-net\sdk\edgegateway\Microsoft.Azure.Management.EdgeGateway\tests\Helpers\AlertHelper.cs(46,13): error CS0518: Predefined type 'System.Object' is not defined or imported
C:\gh\azure-sdk-for-net\sdk\edgegateway\Microsoft.Azure.Management.EdgeGateway\tests\Helpers\AlertHelper.cs(46,13): error CS0246: The type or namespace name 'IPage<>' could not be found (are you missing a using directive or an assembly reference?)
C:\gh\azure-sdk-for-net\sdk\edgegateway\Microsoft.Azure.Management.EdgeGateway\tests\Helpers\AlertHelper.cs(46,19): error CS0518: Predefined type 'System.Object' is not defined or imported
C:\gh\azure-sdk-for-net\sdk\edgegateway\Microsoft.Azure.Management.EdgeGateway\tests\Helpers\AlertHelper.cs(46,38): error CS0246: The type or namespace name 'IPage<>' could not be found (are you missing a using directive or an assembly reference?)
C:\gh\azure-sdk-for-net\sdk\edgegateway\Microsoft.Azure.Management.EdgeGateway\tests\Tests\EdgeGatewayTestBase.cs(77,25): error CS0246: The type or namespace name 'ServiceClient<>' could not be found (are you missing a using directive or an assembly reference?)
C:\gh\azure-sdk-for-net\sdk\edgegateway\Microsoft.Azure.Management.EdgeGateway\tests\Tests\EdgeGatewayTestBase.cs(77,25): error CS0518: Predefined type 'System.Object' is not defined or imported
C:\gh\azure-sdk-for-net\sdk\edgegateway\Microsoft.Azure.Management.EdgeGateway\tests\Tests\EdgeGatewayTestBase.cs(77,25): error CS1061: 'DataBoxEdgeManagementClient' does not contain a definition for 'Dispose' and no accessible extension method 'Dispose' accepting a first argument of type 'DataBoxEdgeManagementClient' could be found (are you missing a using directive or an assembly reference?)
C:\gh\azure-sdk-for-net\sdk\edgegateway\Microsoft.Azure.Management.EdgeGateway\tests\Tests\OrderTests.cs(32,13): error CS0518: Predefined type 'System.Object' is not defined or imported
C:\gh\azure-sdk-for-net\sdk\edgegateway\Microsoft.Azure.Management.EdgeGateway\tests\Tests\OrderTests.cs(32,27): error CS0518: Predefined type 'System.Object' is not defined or imported
C:\gh\azure-sdk-for-net\sdk\edgegateway\Microsoft.Azure.Management.EdgeGateway\tests\Tests\OrderTests.cs(32,41): error CS0518: Predefined type 'System.Object' is not defined or imported
C:\gh\azure-sdk-for-net\sdk\edgegateway\Microsoft.Azure.Management.EdgeGateway\tests\Tests\OrderTests.cs(34,42): error CS0518: Predefined type 'System.Object' is not defined or imported
C:\gh\azure-sdk-for-net\sdk\edgegateway\Microsoft.Azure.Management.EdgeGateway\tests\Tests\OrderTests.cs(34,81): error CS0518: Predefined type 'System.Object' is not defined or imported
C:\gh\azure-sdk-for-net\sdk\edgegateway\Microsoft.Azure.Management.EdgeGateway\tests\Tests\OrderTests.cs(37,31): error CS0518: Predefined type 'System.Object' is not defined or imported
C:\gh\azure-sdk-for-net\sdk\edgegateway\Microsoft.Azure.Management.EdgeGateway\tests\Tests\OrderTests.cs(37,63): error CS0518: Predefined type 'System.Object' is not defined or imported
C:\gh\azure-sdk-for-net\sdk\edgegateway\Microsoft.Azure.Management.EdgeGateway\tests\Tests\OrderTests.cs(37,13): error CS0518: Predefined type 'System.String' is not defined or imported
C:\gh\azure-sdk-for-net\sdk\edgegateway\Microsoft.Azure.Management.EdgeGateway\tests\Tests\OrderTests.cs(40,13): error CS0518: Predefined type 'System.String' is not defined or imported
C:\gh\azure-sdk-for-net\sdk\edgegateway\Microsoft.Azure.Management.EdgeGateway\tests\Tests\OrderTests.cs(41,13): error CS0518: Predefined type 'System.Object' is not defined or imported
C:\gh\azure-sdk-for-net\sdk\edgegateway\Microsoft.Azure.Management.EdgeGateway\tests\Tests\OrderTests.cs(41,27): error CS0518: Predefined type 'System.Object' is not defined or imported
C:\gh\azure-sdk-for-net\sdk\edgegateway\Microsoft.Azure.Management.EdgeGateway\tests\Tests\OrderTests.cs(41,46): error CS0518: Predefined type 'System.Object' is not defined or imported
C:\gh\azure-sdk-for-net\sdk\edgegateway\Microsoft.Azure.Management.EdgeGateway\tests\Tests\OrderTests.cs(41,78): error CS0518: Predefined type 'System.Object' is not defined or imported
C:\gh\azure-sdk-for-net\sdk\edgegateway\Microsoft.Azure.Management.EdgeGateway\tests\Tests\OrderTests.cs(44,34): error CS0518: Predefined type 'System.Object' is not defined or imported
C:\gh\azure-sdk-for-net\sdk\edgegateway\Microsoft.Azure.Management.EdgeGateway\tests\Tests\OrderTests.cs(44,66): error CS0518: Predefined type 'System.Object' is not defined or imported
C:\gh\azure-sdk-for-net\sdk\edgegateway\Microsoft.Azure.Management.EdgeGateway\tests\Tests\OrderTests.cs(44,13): error CS0518: Predefined type 'System.Void' is not defined or imported
C:\gh\azure-sdk-for-net\sdk\edgegateway\Microsoft.Azure.Management.EdgeGateway\tests\Tests\EdgeGatewayTestBase.cs(86,13): error CS0518: Predefined type 'System.Object' is not defined or imported
C:\gh\azure-sdk-for-net\sdk\edgegateway\Microsoft.Azure.Management.EdgeGateway\tests\Helpers\BandwidthScheduleHelper.cs(20,13): error CS0518: Predefined type 'System.String' is not defined or imported
C:\gh\azure-sdk-for-net\sdk\edgegateway\Microsoft.Azure.Management.EdgeGateway\tests\Helpers\BandwidthScheduleHelper.cs(20,28): error CS0518: Predefined type 'System.String' is not defined or imported
C:\gh\azure-sdk-for-net\sdk\edgegateway\Microsoft.Azure.Management.EdgeGateway\tests\Helpers\BandwidthScheduleHelper.cs(20,42): error CS0518: Predefined type 'System.String' is not defined or imported
C:\gh\azure-sdk-for-net\sdk\edgegateway\Microsoft.Azure.Management.EdgeGateway\tests\Helpers\BandwidthScheduleHelper.cs(20,57): error CS0518: Predefined type 'System.Int32' is not defined or imported
C:\gh\azure-sdk-for-net\sdk\edgegateway\Microsoft.Azure.Management.EdgeGateway\tests\Helpers\BandwidthScheduleHelper.cs(20,60): error CS0518: Predefined type 'System.Int32' is not defined or imported
C:\gh\azure-sdk-for-net\sdk\edgegateway\Microsoft.Azure.Management.EdgeGateway\tests\Helpers\BandwidthScheduleHelper.cs(20,63): error CS0518: Predefined type 'System.Int32' is not defined or imported
C:\gh\azure-sdk-for-net\sdk\edgegateway\Microsoft.Azure.Management.EdgeGateway\tests\Helpers\BandwidthScheduleHelper.cs(21,13): error CS0518: Predefined type 'System.String' is not defined or imported
C:\gh\azure-sdk-for-net\sdk\edgegateway\Microsoft.Azure.Management.EdgeGateway\tests\Helpers\BandwidthScheduleHelper.cs(21,31): error CS0518: Predefined type 'System.String' is not defined or imported
C:\gh\azure-sdk-for-net\sdk\edgegateway\Microsoft.Azure.Management.EdgeGateway\tests\Helpers\BandwidthScheduleHelper.cs(21,45): error CS0518: Predefined type 'System.String' is not defined or imported
C:\gh\azure-sdk-for-net\sdk\edgegateway\Microsoft.Azure.Management.EdgeGateway\tests\Helpers\BandwidthScheduleHelper.cs(21,60): error CS0518: Predefined type 'System.Int32' is not defined or imported
C:\gh\azure-sdk-for-net\sdk\edgegateway\Microsoft.Azure.Management.EdgeGateway\tests\Helpers\BandwidthScheduleHelper.cs(21,64): error CS0518: Predefined type 'System.Int32' is not defined or imported
C:\gh\azure-sdk-for-net\sdk\edgegateway\Microsoft.Azure.Management.EdgeGateway\tests\Helpers\BandwidthScheduleHelper.cs(21,68): error CS0518: Predefined type 'System.Int32' is not defined or imported
C:\gh\azure-sdk-for-net\sdk\edgegateway\Microsoft.Azure.Management.EdgeGateway\tests\Helpers\BandwidthScheduleHelper.cs(22,13): error CS0518: Predefined type 'System.Object' is not defined or imported
C:\gh\azure-sdk-for-net\sdk\edgegateway\Microsoft.Azure.Management.EdgeGateway\tests\Helpers\BandwidthScheduleHelper.cs(22,13): error CS0246: The type or namespace name 'List<>' could not be found (are you missing a using directive or an assembly reference?)
C:\gh\azure-sdk-for-net\sdk\edgegateway\Microsoft.Azure.Management.EdgeGateway\tests\Helpers\BandwidthScheduleHelper.cs(22,18): error CS0518: Predefined type 'System.String' is not defined or imported
C:\gh\azure-sdk-for-net\sdk\edgegateway\Microsoft.Azure.Management.EdgeGateway\tests\Helpers\BandwidthScheduleHelper.cs(22,37): error CS0518: Predefined type 'System.Object' is not defined or imported
C:\gh\azure-sdk-for-net\sdk\edgegateway\Microsoft.Azure.Management.EdgeGateway\tests\Helpers\BandwidthScheduleHelper.cs(22,37): error CS0246: The type or namespace name 'List<>' could not be found (are you missing a using directive or an assembly reference?)
C:\gh\azure-sdk-for-net\sdk\edgegateway\Microsoft.Azure.Management.EdgeGateway\tests\Helpers\BandwidthScheduleHelper.cs(22,42): error CS0518: Predefined type 'System.String' is not defined or imported
C:\gh\azure-sdk-for-net\sdk\edgegateway\Microsoft.Azure.Management.EdgeGateway\tests\Helpers\BandwidthScheduleHelper.cs(22,52): error CS0518: Predefined type 'System.String' is not defined or imported
C:\gh\azure-sdk-for-net\sdk\edgegateway\Microsoft.Azure.Management.EdgeGateway\tests\Helpers\BandwidthScheduleHelper.cs(22,62): error CS0518: Predefined type 'System.String' is not defined or imported
C:\gh\azure-sdk-for-net\sdk\edgegateway\Microsoft.Azure.Management.EdgeGateway\tests\Helpers\BandwidthScheduleHelper.cs(24,13): error CS0518: Predefined type 'System.Object' is not defined or imported
C:\gh\azure-sdk-for-net\sdk\edgegateway\Microsoft.Azure.Management.EdgeGateway\tests\Helpers\BandwidthScheduleHelper.cs(24,41): error CS0518: Predefined type 'System.Object' is not defined or imported
C:\gh\azure-sdk-for-net\sdk\edgegateway\Microsoft.Azure.Management.EdgeGateway\tests\Helpers\BandwidthScheduleHelper.cs(24,76): error CS0518: Predefined type 'System.Int32' is not defined or imported
C:\gh\azure-sdk-for-net\sdk\edgegateway\Microsoft.Azure.Management.EdgeGateway\tests\Helpers\BandwidthScheduleHelper.cs(24,41): error CS0518: Predefined type 'System.Void' is not defined or imported
C:\gh\azure-sdk-for-net\sdk\edgegateway\Microsoft.Azure.Management.EdgeGateway\tests\Tests\RoleTests.cs(30,13): error CS0518: Predefined type 'System.Object' is not defined or imported
C:\gh\azure-sdk-for-net\sdk\edgegateway\Microsoft.Azure.Management.EdgeGateway\tests\Tests\RoleTests.cs(30,119): error CS0518: Predefined type 'System.Object' is not defined or imported
C:\gh\azure-sdk-for-net\sdk\edgegateway\Microsoft.Azure.Management.EdgeGateway\tests\Tests\RoleTests.cs(30,151): error CS0518: Predefined type 'System.Object' is not defined or imported
C:\gh\azure-sdk-for-net\sdk\edgegateway\Microsoft.Azure.Management.EdgeGateway\tests\Tests\RoleTests.cs(30,191): error CS0518: Predefined type 'System.String' is not defined or imported
C:\gh\azure-sdk-for-net\sdk\edgegateway\Microsoft.Azure.Management.EdgeGateway\tests\Tests\RoleTests.cs(30,220): error CS0518: Predefined type 'System.Object' is not defined or imported
C:\gh\azure-sdk-for-net\sdk\edgegateway\Microsoft.Azure.Management.EdgeGateway\tests\Tests\RoleTests.cs(30,57): error CS0518: Predefined type 'System.String' is not defined or imported
C:\gh\azure-sdk-for-net\sdk\edgegateway\Microsoft.Azure.Management.EdgeGateway\tests\Tests\RoleTests.cs(31,13): error CS0518: Predefined type 'System.Object' is not defined or imported
C:\gh\azure-sdk-for-net\sdk\edgegateway\Microsoft.Azure.Management.EdgeGateway\tests\Tests\RoleTests.cs(31,123): error CS0518: Predefined type 'System.Object' is not defined or imported
C:\gh\azure-sdk-for-net\sdk\edgegateway\Microsoft.Azure.Management.EdgeGateway\tests\Tests\RoleTests.cs(31,155): error CS0518: Predefined type 'System.Object' is not defined or imported
C:\gh\azure-sdk-for-net\sdk\edgegateway\Microsoft.Azure.Management.EdgeGateway\tests\Tests\RoleTests.cs(31,195): error CS0518: Predefined type 'System.String' is not defined or imported
C:\gh\azure-sdk-for-net\sdk\edgegateway\Microsoft.Azure.Management.EdgeGateway\tests\Tests\RoleTests.cs(31,228): error CS0518: Predefined type 'System.Object' is not defined or imported
C:\gh\azure-sdk-for-net\sdk\edgegateway\Microsoft.Azure.Management.EdgeGateway\tests\Tests\RoleTests.cs(31,61): error CS0518: Predefined type 'System.String' is not defined or imported
C:\gh\azure-sdk-for-net\sdk\edgegateway\Microsoft.Azure.Management.EdgeGateway\tests\Tests\RoleTests.cs(33,27): error CS0518: Predefined type 'System.Object' is not defined or imported
C:\gh\azure-sdk-for-net\sdk\edgegateway\Microsoft.Azure.Management.EdgeGateway\tests\Tests\RoleTests.cs(33,41): error CS0518: Predefined type 'System.Object' is not defined or imported
C:\gh\azure-sdk-for-net\sdk\edgegateway\Microsoft.Azure.Management.EdgeGateway\tests\Tests\RoleTests.cs(36,41): error CS0518: Predefined type 'System.Object' is not defined or imported
C:\gh\azure-sdk-for-net\sdk\edgegateway\Microsoft.Azure.Management.EdgeGateway\tests\Tests\RoleTests.cs(36,73): error CS0518: Predefined type 'System.String' is not defined or imported
C:\gh\azure-sdk-for-net\sdk\edgegateway\Microsoft.Azure.Management.EdgeGateway\tests\Tests\RoleTests.cs(36,91): error CS0518: Predefined type 'System.Object' is not defined or imported
C:\gh\azure-sdk-for-net\sdk\edgegateway\Microsoft.Azure.Management.EdgeGateway\tests\Tests\RoleTests.cs(39,30): error CS0518: Predefined type 'System.Object' is not defined or imported
C:\gh\azure-sdk-for-net\sdk\edgegateway\Microsoft.Azure.Management.EdgeGateway\tests\Tests\RoleTests.cs(39,62): error CS0518: Predefined type 'System.String' is not defined or imported
C:\gh\azure-sdk-for-net\sdk\edgegateway\Microsoft.Azure.Management.EdgeGateway\tests\Tests\RoleTests.cs(39,71): error CS0518: Predefined type 'System.Object' is not defined or imported
C:\gh\azure-sdk-for-net\sdk\edgegateway\Microsoft.Azure.Management.EdgeGateway\tests\Tests\RoleTests.cs(39,13): error CS0518: Predefined type 'System.String' is not defined or imported
C:\gh\azure-sdk-for-net\sdk\edgegateway\Microsoft.Azure.Management.EdgeGateway\tests\Tests\RoleTests.cs(42,13): error CS0518: Predefined type 'System.String' is not defined or imported
C:\gh\azure-sdk-for-net\sdk\edgegateway\Microsoft.Azure.Management.EdgeGateway\tests\Tests\RoleTests.cs(43,13): error CS0518: Predefined type 'System.Object' is not defined or imported
C:\gh\azure-sdk-for-net\sdk\edgegateway\Microsoft.Azure.Management.EdgeGateway\tests\Tests\RoleTests.cs(43,27): error CS0518: Predefined type 'System.Object' is not defined or imported
C:\gh\azure-sdk-for-net\sdk\edgegateway\Microsoft.Azure.Management.EdgeGateway\tests\Tests\RoleTests.cs(43,45): error CS0518: Predefined type 'System.Object' is not defined or imported
C:\gh\azure-sdk-for-net\sdk\edgegateway\Microsoft.Azure.Management.EdgeGateway\tests\Tests\RoleTests.cs(43,77): error CS0518: Predefined type 'System.Object' is not defined or imported
C:\gh\azure-sdk-for-net\sdk\edgegateway\Microsoft.Azure.Management.EdgeGateway\tests\Tests\RoleTests.cs(46,33): error CS0518: Predefined type 'System.Object' is not defined or imported
C:\gh\azure-sdk-for-net\sdk\edgegateway\Microsoft.Azure.Management.EdgeGateway\tests\Tests\RoleTests.cs(46,65): error CS0518: Predefined type 'System.String' is not defined or imported
C:\gh\azure-sdk-for-net\sdk\edgegateway\Microsoft.Azure.Management.EdgeGateway\tests\Tests\RoleTests.cs(46,74): error CS0518: Predefined type 'System.Object' is not defined or imported
C:\gh\azure-sdk-for-net\sdk\edgegateway\Microsoft.Azure.Management.EdgeGateway\tests\Tests\RoleTests.cs(46,13): error CS0518: Predefined type 'System.Void' is not defined or imported
C:\gh\azure-sdk-for-net\sdk\edgegateway\Microsoft.Azure.Management.EdgeGateway\tests\Tests\DeviceTests.cs(31,13): error CS0518: Predefined type 'System.Object' is not defined or imported
C:\gh\azure-sdk-for-net\sdk\edgegateway\Microsoft.Azure.Management.EdgeGateway\tests\Tests\DeviceTests.cs(31,44): error CS0518: Predefined type 'System.Object' is not defined or imported
C:\gh\azure-sdk-for-net\sdk\edgegateway\Microsoft.Azure.Management.EdgeGateway\tests\Tests\DeviceTests.cs(31,44): error CS0518: Predefined type 'System.Void' is not defined or imported
C:\gh\azure-sdk-for-net\sdk\edgegateway\Microsoft.Azure.Management.EdgeGateway\tests\Tests\DeviceTests.cs(34,20): error CS0246: The type or namespace name 'IResource' could not be found (are you missing a using directive or an assembly reference?)
C:\gh\azure-sdk-for-net\sdk\edgegateway\Microsoft.Azure.Management.EdgeGateway\tests\Tests\DeviceTests.cs(34,20): error CS0518: Predefined type 'System.Object' is not defined or imported
C:\gh\azure-sdk-for-net\sdk\edgegateway\Microsoft.Azure.Management.EdgeGateway\tests\Tests\DeviceTests.cs(37,20): error CS0246: The type or namespace name 'IResource' could not be found (are you missing a using directive or an assembly reference?)
C:\gh\azure-sdk-for-net\sdk\edgegateway\Microsoft.Azure.Management.EdgeGateway\tests\Tests\DeviceTests.cs(37,20): error CS0518: Predefined type 'System.Object' is not defined or imported
C:\gh\azure-sdk-for-net\sdk\edgegateway\Microsoft.Azure.Management.EdgeGateway\tests\Tests\DeviceTests.cs(37,35): error CS0518: Predefined type 'System.Object' is not defined or imported
C:\gh\azure-sdk-for-net\sdk\edgegateway\Microsoft.Azure.Management.EdgeGateway\tests\Tests\DeviceTests.cs(37,78): error CS0518: Predefined type 'System.Object' is not defined or imported
C:\gh\azure-sdk-for-net\sdk\edgegateway\Microsoft.Azure.Management.EdgeGateway\tests\Tests\DeviceTests.cs(40,52): error CS0518: Predefined type 'System.Object' is not defined or imported
C:\gh\azure-sdk-for-net\sdk\edgegateway\Microsoft.Azure.Management.EdgeGateway\tests\Tests\DeviceTests.cs(40,87): error CS0518: Predefined type 'System.Object' is not defined or imported
C:\gh\azure-sdk-for-net\sdk\edgegateway\Microsoft.Azure.Management.EdgeGateway\tests\Tests\DeviceTests.cs(40,33): error CS0518: Predefined type 'System.String' is not defined or imported
C:\gh\azure-sdk-for-net\sdk\edgegateway\Microsoft.Azure.Management.EdgeGateway\tests\Tests\DeviceTests.cs(42,13): error CS0518: Predefined type 'System.String' is not defined or imported
C:\gh\azure-sdk-for-net\sdk\edgegateway\Microsoft.Azure.Management.EdgeGateway\tests\Tests\DeviceTests.cs(44,42): error CS0518: Predefined type 'System.Object' is not defined or imported
C:\gh\azure-sdk-for-net\sdk\edgegateway\Microsoft.Azure.Management.EdgeGateway\tests\Tests\DeviceTests.cs(44,56): error CS0518: Predefined type 'System.Object' is not defined or imported
C:\gh\azure-sdk-for-net\sdk\edgegateway\Microsoft.Azure.Management.EdgeGateway\tests\Tests\DeviceTests.cs(44,92): error CS0518: Predefined type 'System.Object' is not defined or imported
C:\gh\azure-sdk-for-net\sdk\edgegateway\Microsoft.Azure.Management.EdgeGateway\tests\Tests\DeviceTests.cs(46,17): error CS0518: Predefined type 'System.Boolean' is not defined or imported
C:\gh\azure-sdk-for-net\sdk\edgegateway\Microsoft.Azure.Management.EdgeGateway\tests\Tests\DeviceTests.cs(46,17): error CS0518: Predefined type 'System.Boolean' is not defined or imported
C:\gh\azure-sdk-for-net\sdk\edgegateway\Microsoft.Azure.Management.EdgeGateway\tests\Tests\DeviceTests.cs(49,58): error CS0518: Predefined type 'System.Object' is not defined or imported
C:\gh\azure-sdk-for-net\sdk\edgegateway\Microsoft.Azure.Management.EdgeGateway\tests\Tests\DeviceTests.cs(49,72): error CS0518: Predefined type 'System.Object' is not defined or imported
C:\gh\azure-sdk-for-net\sdk\edgegateway\Microsoft.Azure.Management.EdgeGateway\tests\Tests\DeviceTests.cs(55,41): error CS0518: Predefined type 'System.Object' is not defined or imported
C:\gh\azure-sdk-for-net\sdk\edgegateway\Microsoft.Azure.Management.EdgeGateway\tests\Tests\DeviceTests.cs(55,55): error CS0518: Predefined type 'System.Object' is not defined or imported
C:\gh\azure-sdk-for-net\sdk\edgegateway\Microsoft.Azure.Management.EdgeGateway\tests\Tests\DeviceTests.cs(57,17): error CS0518: Predefined type 'System.Boolean' is not defined or imported
C:\gh\azure-sdk-for-net\sdk\edgegateway\Microsoft.Azure.Management.EdgeGateway\tests\Tests\DeviceTests.cs(57,17): error CS0518: Predefined type 'System.Boolean' is not defined or imported
C:\gh\azure-sdk-for-net\sdk\edgegateway\Microsoft.Azure.Management.EdgeGateway\tests\Tests\DeviceTests.cs(60,57): error CS0518: Predefined type 'System.Object' is not defined or imported
C:\gh\azure-sdk-for-net\sdk\edgegateway\Microsoft.Azure.Management.EdgeGateway\tests\Tests\DeviceTests.cs(60,71): error CS0518: Predefined type 'System.Object' is not defined or imported
C:\gh\azure-sdk-for-net\sdk\edgegateway\Microsoft.Azure.Management.EdgeGateway\tests\Tests\DeviceTests.cs(64,31): error CS0246: The type or namespace name 'IResource' could not be found (are you missing a using directive or an assembly reference?)
C:\gh\azure-sdk-for-net\sdk\edgegateway\Microsoft.Azure.Management.EdgeGateway\tests\Tests\DeviceTests.cs(64,31): error CS0518: Predefined type 'System.Object' is not defined or imported
C:\gh\azure-sdk-for-net\sdk\edgegateway\Microsoft.Azure.Management.EdgeGateway\tests\Tests\DeviceTests.cs(67,35): error CS0518: Predefined type 'System.Object' is not defined or imported
C:\gh\azure-sdk-for-net\sdk\edgegateway\Microsoft.Azure.Management.EdgeGateway\tests\Tests\DeviceTests.cs(67,70): error CS0518: Predefined type 'System.Object' is not defined or imported
C:\gh\azure-sdk-for-net\sdk\edgegateway\Microsoft.Azure.Management.EdgeGateway\tests\Tests\DeviceTests.cs(67,13): error CS0518: Predefined type 'System.String' is not defined or imported
C:\gh\azure-sdk-for-net\sdk\edgegateway\Microsoft.Azure.Management.EdgeGateway\tests\Tests\DeviceTests.cs(70,35): error CS0518: Predefined type 'System.Object' is not defined or imported
C:\gh\azure-sdk-for-net\sdk\edgegateway\Microsoft.Azure.Management.EdgeGateway\tests\Tests\DeviceTests.cs(70,70): error CS0518: Predefined type 'System.Object' is not defined or imported
C:\gh\azure-sdk-for-net\sdk\edgegateway\Microsoft.Azure.Management.EdgeGateway\tests\Tests\DeviceTests.cs(70,13): error CS0518: Predefined type 'System.Void' is not defined or imported
C:\gh\azure-sdk-for-net\sdk\edgegateway\Microsoft.Azure.Management.EdgeGateway\tests\Tests\DeviceTests.cs(73,13): error CS0518: Predefined type 'System.Object' is not defined or imported
C:\gh\azure-sdk-for-net\sdk\edgegateway\Microsoft.Azure.Management.EdgeGateway\tests\Tests\DeviceTests.cs(73,48): error CS0518: Predefined type 'System.Object' is not defined or imported
C:\gh\azure-sdk-for-net\sdk\edgegateway\Microsoft.Azure.Management.EdgeGateway\tests\Tests\DeviceTests.cs(73,48): error CS0518: Predefined type 'System.Void' is not defined or imported
C:\gh\azure-sdk-for-net\sdk\edgegateway\Microsoft.Azure.Management.EdgeGateway\tests\Tests\DeviceTests.cs(76,24): error CS0246: The type or namespace name 'IResource' could not be found (are you missing a using directive or an assembly reference?)
C:\gh\azure-sdk-for-net\sdk\edgegateway\Microsoft.Azure.Management.EdgeGateway\tests\Tests\DeviceTests.cs(76,24): error CS0518: Predefined type 'System.Object' is not defined or imported
C:\gh\azure-sdk-for-net\sdk\edgegateway\Microsoft.Azure.Management.EdgeGateway\tests\Tests\DeviceTests.cs(79,24): error CS0246: The type or namespace name 'IResource' could not be found (are you missing a using directive or an assembly reference?)
C:\gh\azure-sdk-for-net\sdk\edgegateway\Microsoft.Azure.Management.EdgeGateway\tests\Tests\DeviceTests.cs(79,24): error CS0518: Predefined type 'System.Object' is not defined or imported
C:\gh\azure-sdk-for-net\sdk\edgegateway\Microsoft.Azure.Management.EdgeGateway\tests\Tests\DeviceTests.cs(79,39): error CS0518: Predefined type 'System.Object' is not defined or imported
C:\gh\azure-sdk-for-net\sdk\edgegateway\Microsoft.Azure.Management.EdgeGateway\tests\Tests\DeviceTests.cs(79,79): error CS0518: Predefined type 'System.Object' is not defined or imported
C:\gh\azure-sdk-for-net\sdk\edgegateway\Microsoft.Azure.Management.EdgeGateway\tests\Tests\UserTests.cs(31,13): error CS0518: Predefined type 'System.Object' is not defined or imported
C:\gh\azure-sdk-for-net\sdk\edgegateway\Microsoft.Azure.Management.EdgeGateway\tests\Tests\UserTests.cs(31,119): error CS0518: Predefined type 'System.Object' is not defined or imported
C:\gh\azure-sdk-for-net\sdk\edgegateway\Microsoft.Azure.Management.EdgeGateway\tests\Tests\UserTests.cs(31,154): error CS0518: Predefined type 'System.Object' is not defined or imported
C:\gh\azure-sdk-for-net\sdk\edgegateway\Microsoft.Azure.Management.EdgeGateway\tests\Tests\UserTests.cs(31,194): error CS0518: Predefined type 'System.String' is not defined or imported
C:\gh\azure-sdk-for-net\sdk\edgegateway\Microsoft.Azure.Management.EdgeGateway\tests\Tests\UserTests.cs(31,207): error CS0518: Predefined type 'System.Object' is not defined or imported
C:\gh\azure-sdk-for-net\sdk\edgegateway\Microsoft.Azure.Management.EdgeGateway\tests\Tests\UserTests.cs(31,57): error CS0518: Predefined type 'System.String' is not defined or imported
C:\gh\azure-sdk-for-net\sdk\edgegateway\Microsoft.Azure.Management.EdgeGateway\tests\Tests\UserTests.cs(32,13): error CS0518: Predefined type 'System.Object' is not defined or imported
C:\gh\azure-sdk-for-net\sdk\edgegateway\Microsoft.Azure.Management.EdgeGateway\tests\Tests\UserTests.cs(32,29): error CS0518: Predefined type 'System.Object' is not defined or imported
C:\gh\azure-sdk-for-net\sdk\edgegateway\Microsoft.Azure.Management.EdgeGateway\tests\Tests\UserTests.cs(32,29): error CS0518: Predefined type 'System.Void' is not defined or imported
C:\gh\azure-sdk-for-net\sdk\edgegateway\Microsoft.Azure.Management.EdgeGateway\tests\Tests\UserTests.cs(32,38): error CS0518: Predefined type 'System.Void' is not defined or imported
C:\gh\azure-sdk-for-net\sdk\edgegateway\Microsoft.Azure.Management.EdgeGateway\tests\Tests\UserTests.cs(35,41): error CS0518: Predefined type 'System.Object' is not defined or imported
C:\gh\azure-sdk-for-net\sdk\edgegateway\Microsoft.Azure.Management.EdgeGateway\tests\Tests\UserTests.cs(35,76): error CS0518: Predefined type 'System.String' is not defined or imported
C:\gh\azure-sdk-for-net\sdk\edgegateway\Microsoft.Azure.Management.EdgeGateway\tests\Tests\UserTests.cs(35,85): error CS0518: Predefined type 'System.Object' is not defined or imported
C:\gh\azure-sdk-for-net\sdk\edgegateway\Microsoft.Azure.Management.EdgeGateway\tests\Tests\UserTests.cs(36,41): error CS0518: Predefined type 'System.Object' is not defined or imported
C:\gh\azure-sdk-for-net\sdk\edgegateway\Microsoft.Azure.Management.EdgeGateway\tests\Tests\UserTests.cs(36,76): error CS0518: Predefined type 'System.String' is not defined or imported
C:\gh\azure-sdk-for-net\sdk\edgegateway\Microsoft.Azure.Management.EdgeGateway\tests\Tests\UserTests.cs(36,85): error CS0518: Predefined type 'System.Object' is not defined or imported
C:\gh\azure-sdk-for-net\sdk\edgegateway\Microsoft.Azure.Management.EdgeGateway\tests\Tests\UserTests.cs(39,50): error CS0518: Predefined type 'System.Object' is not defined or imported
C:\gh\azure-sdk-for-net\sdk\edgegateway\Microsoft.Azure.Management.EdgeGateway\tests\Tests\UserTests.cs(39,85): error CS0518: Predefined type 'System.String' is not defined or imported
C:\gh\azure-sdk-for-net\sdk\edgegateway\Microsoft.Azure.Management.EdgeGateway\tests\Tests\UserTests.cs(39,94): error CS0518: Predefined type 'System.Object' is not defined or imported
C:\gh\azure-sdk-for-net\sdk\edgegateway\Microsoft.Azure.Management.EdgeGateway\tests\Tests\UserTests.cs(39,33): error CS0518: Predefined type 'System.String' is not defined or imported
C:\gh\azure-sdk-for-net\sdk\edgegateway\Microsoft.Azure.Management.EdgeGateway\tests\Tests\UserTests.cs(42,13): error CS0518: Predefined type 'System.String' is not defined or imported
C:\gh\azure-sdk-for-net\sdk\edgegateway\Microsoft.Azure.Management.EdgeGateway\tests\Tests\UserTests.cs(43,33): error CS0518: Predefined type 'System.Object' is not defined or imported
C:\gh\azure-sdk-for-net\sdk\edgegateway\Microsoft.Azure.Management.EdgeGateway\tests\Tests\UserTests.cs(43,47): error CS0518: Predefined type 'System.Object' is not defined or imported
C:\gh\azure-sdk-for-net\sdk\edgegateway\Microsoft.Azure.Management.EdgeGateway\tests\Tests\UserTests.cs(43,65): error CS0518: Predefined type 'System.Object' is not defined or imported
C:\gh\azure-sdk-for-net\sdk\edgegateway\Microsoft.Azure.Management.EdgeGateway\tests\Tests\UserTests.cs(43,100): error CS0518: Predefined type 'System.Object' is not defined or imported
C:\gh\azure-sdk-for-net\sdk\edgegateway\Microsoft.Azure.Management.EdgeGateway\tests\Tests\UserTests.cs(44,17): error CS0518: Predefined type 'System.Boolean' is not defined or imported
C:\gh\azure-sdk-for-net\sdk\edgegateway\Microsoft.Azure.Management.EdgeGateway\tests\Tests\UserTests.cs(44,17): error CS0518: Predefined type 'System.Boolean' is not defined or imported
C:\gh\azure-sdk-for-net\sdk\edgegateway\Microsoft.Azure.Management.EdgeGateway\tests\Tests\UserTests.cs(46,49): error CS0518: Predefined type 'System.Object' is not defined or imported
C:\gh\azure-sdk-for-net\sdk\edgegateway\Microsoft.Azure.Management.EdgeGateway\tests\Tests\UserTests.cs(46,63): error CS0518: Predefined type 'System.Object' is not defined or imported
C:\gh\azure-sdk-for-net\sdk\edgegateway\Microsoft.Azure.Management.EdgeGateway\tests\Tests\UserTests.cs(46,81): error CS0518: Predefined type 'System.Object' is not defined or imported
C:\gh\azure-sdk-for-net\sdk\edgegateway\Microsoft.Azure.Management.EdgeGateway\tests\Tests\UserTests.cs(46,116): error CS0518: Predefined type 'System.Object' is not defined or imported
C:\gh\azure-sdk-for-net\sdk\edgegateway\Microsoft.Azure.Management.EdgeGateway\tests\Tests\UserTests.cs(50,33): error CS0518: Predefined type 'System.Object' is not defined or imported
C:\gh\azure-sdk-for-net\sdk\edgegateway\Microsoft.Azure.Management.EdgeGateway\tests\Tests\UserTests.cs(50,68): error CS0518: Predefined type 'System.String' is not defined or imported
C:\gh\azure-sdk-for-net\sdk\edgegateway\Microsoft.Azure.Management.EdgeGateway\tests\Tests\UserTests.cs(50,77): error CS0518: Predefined type 'System.Object' is not defined or imported
C:\gh\azure-sdk-for-net\sdk\edgegateway\Microsoft.Azure.Management.EdgeGateway\tests\Tests\UserTests.cs(50,13): error CS0518: Predefined type 'System.Void' is not defined or imported
C:\gh\azure-sdk-for-net\sdk\edgegateway\Microsoft.Azure.Management.EdgeGateway\tests\Helpers\BandwidthScheduleHelper.cs(43,13): error CS0518: Predefined type 'System.Object' is not defined or imported
C:\gh\azure-sdk-for-net\sdk\edgegateway\Microsoft.Azure.Management.EdgeGateway\tests\Helpers\BandwidthScheduleHelper.cs(43,13): error CS0246: The type or namespace name 'IPage<>' could not be found (are you missing a using directive or an assembly reference?)
C:\gh\azure-sdk-for-net\sdk\edgegateway\Microsoft.Azure.Management.EdgeGateway\tests\Helpers\BandwidthScheduleHelper.cs(43,19): error CS0518: Predefined type 'System.Object' is not defined or imported
C:\gh\azure-sdk-for-net\sdk\edgegateway\Microsoft.Azure.Management.EdgeGateway\tests\Helpers\BandwidthScheduleHelper.cs(43,53): error CS0246: The type or namespace name 'IPage<>' could not be found (are you missing a using directive or an assembly reference?)
C:\gh\azure-sdk-for-net\sdk\edgegateway\Microsoft.Azure.Management.EdgeGateway\tests\Tests\DeviceTests.cs(89,107): error CS0518: Predefined type 'System.Object' is not defined or imported
C:\gh\azure-sdk-for-net\sdk\edgegateway\Microsoft.Azure.Management.EdgeGateway\tests\Tests\DeviceTests.cs(89,142): error CS0518: Predefined type 'System.Object' is not defined or imported
C:\gh\azure-sdk-for-net\sdk\edgegateway\Microsoft.Azure.Management.EdgeGateway\tests\Tests\DeviceTests.cs(89,182): error CS0518: Predefined type 'System.String' is not defined or imported
C:\gh\azure-sdk-for-net\sdk\edgegateway\Microsoft.Azure.Management.EdgeGateway\tests\Tests\DeviceTests.cs(89,195): error CS0518: Predefined type 'System.Object' is not defined or imported
C:\gh\azure-sdk-for-net\sdk\edgegateway\Microsoft.Azure.Management.EdgeGateway\tests\Tests\DeviceTests.cs(89,45): error CS0518: Predefined type 'System.String' is not defined or imported
C:\gh\azure-sdk-for-net\sdk\edgegateway\Microsoft.Azure.Management.EdgeGateway\tests\Tests\DeviceTests.cs(91,59): error CS0518: Predefined type 'System.Object' is not defined or imported
C:\gh\azure-sdk-for-net\sdk\edgegateway\Microsoft.Azure.Management.EdgeGateway\tests\Tests\DeviceTests.cs(91,94): error CS0518: Predefined type 'System.Object' is not defined or imported
C:\gh\azure-sdk-for-net\sdk\edgegateway\Microsoft.Azure.Management.EdgeGateway\tests\Tests\DeviceTests.cs(91,13): error CS0518: Predefined type 'System.Void' is not defined or imported
C:\gh\azure-sdk-for-net\sdk\edgegateway\Microsoft.Azure.Management.EdgeGateway\tests\Tests\StorageAccountCredentialsTests.cs(31,13): error CS0518: Predefined type 'System.Object' is not defined or imported
C:\gh\azure-sdk-for-net\sdk\edgegateway\Microsoft.Azure.Management.EdgeGateway\tests\Tests\StorageAccountCredentialsTests.cs(31,119): error CS0518: Predefined type 'System.Object' is not defined or imported
C:\gh\azure-sdk-for-net\sdk\edgegateway\Microsoft.Azure.Management.EdgeGateway\tests\Tests\StorageAccountCredentialsTests.cs(31,154): error CS0518: Predefined type 'System.Object' is not defined or imported
C:\gh\azure-sdk-for-net\sdk\edgegateway\Microsoft.Azure.Management.EdgeGateway\tests\Tests\StorageAccountCredentialsTests.cs(31,194): error CS0518: Predefined type 'System.String' is not defined or imported
C:\gh\azure-sdk-for-net\sdk\edgegateway\Microsoft.Azure.Management.EdgeGateway\tests\Tests\StorageAccountCredentialsTests.cs(31,286): error CS0518: Predefined type 'System.Object' is not defined or imported
C:\gh\azure-sdk-for-net\sdk\edgegateway\Microsoft.Azure.Management.EdgeGateway\tests\Tests\StorageAccountCredentialsTests.cs(31,57): error CS0518: Predefined type 'System.String' is not defined or imported
C:\gh\azure-sdk-for-net\sdk\edgegateway\Microsoft.Azure.Management.EdgeGateway\tests\Tests\StorageAccountCredentialsTests.cs(32,13): error CS0518: Predefined type 'System.Object' is not defined or imported
C:\gh\azure-sdk-for-net\sdk\edgegateway\Microsoft.Azure.Management.EdgeGateway\tests\Tests\StorageAccountCredentialsTests.cs(32,45): error CS0518: Predefined type 'System.Object' is not defined or imported
C:\gh\azure-sdk-for-net\sdk\edgegateway\Microsoft.Azure.Management.EdgeGateway\tests\Tests\StorageAccountCredentialsTests.cs(32,59): error CS0518: Predefined type 'System.Object' is not defined or imported
C:\gh\azure-sdk-for-net\sdk\edgegateway\Microsoft.Azure.Management.EdgeGateway\tests\Tests\StorageAccountCredentialsTests.cs(32,89): error CS0518: Predefined type 'System.String' is not defined or imported
C:\gh\azure-sdk-for-net\sdk\edgegateway\Microsoft.Azure.Management.EdgeGateway\tests\Tests\StorageAccountCredentialsTests.cs(33,61): error CS0518: Predefined type 'System.Object' is not defined or imported
C:\gh\azure-sdk-for-net\sdk\edgegateway\Microsoft.Azure.Management.EdgeGateway\tests\Tests\StorageAccountCredentialsTests.cs(33,96): error CS0518: Predefined type 'System.String' is not defined or imported
C:\gh\azure-sdk-for-net\sdk\edgegateway\Microsoft.Azure.Management.EdgeGateway\tests\Tests\StorageAccountCredentialsTests.cs(33,110): error CS0518: Predefined type 'System.Object' is not defined or imported
C:\gh\azure-sdk-for-net\sdk\edgegateway\Microsoft.Azure.Management.EdgeGateway\tests\Tests\StorageAccountCredentialsTests.cs(35,13): error CS0518: Predefined type 'System.Object' is not defined or imported
C:\gh\azure-sdk-for-net\sdk\edgegateway\Microsoft.Azure.Management.EdgeGateway\tests\Tests\StorageAccountCredentialsTests.cs(35,45): error CS0518: Predefined type 'System.Object' is not defined or imported
C:\gh\azure-sdk-for-net\sdk\edgegateway\Microsoft.Azure.Management.EdgeGateway\tests\Tests\StorageAccountCredentialsTests.cs(35,59): error CS0518: Predefined type 'System.Object' is not defined or imported
C:\gh\azure-sdk-for-net\sdk\edgegateway\Microsoft.Azure.Management.EdgeGateway\tests\Tests\StorageAccountCredentialsTests.cs(35,89): error CS0518: Predefined type 'System.String' is not defined or imported
C:\gh\azure-sdk-for-net\sdk\edgegateway\Microsoft.Azure.Management.EdgeGateway\tests\Tests\StorageAccountCredentialsTests.cs(36,61): error CS0518: Predefined type 'System.Object' is not defined or imported
C:\gh\azure-sdk-for-net\sdk\edgegateway\Microsoft.Azure.Management.EdgeGateway\tests\Tests\StorageAccountCredentialsTests.cs(36,96): error CS0518: Predefined type 'System.String' is not defined or imported
C:\gh\azure-sdk-for-net\sdk\edgegateway\Microsoft.Azure.Management.EdgeGateway\tests\Tests\StorageAccountCredentialsTests.cs(36,110): error CS0518: Predefined type 'System.Object' is not defined or imported
C:\gh\azure-sdk-for-net\sdk\edgegateway\Microsoft.Azure.Management.EdgeGateway\tests\Tests\StorageAccountCredentialsTests.cs(39,50): error CS0518: Predefined type 'System.Object' is not defined or imported
C:\gh\azure-sdk-for-net\sdk\edgegateway\Microsoft.Azure.Management.EdgeGateway\tests\Tests\StorageAccountCredentialsTests.cs(39,85): error CS0518: Predefined type 'System.String' is not defined or imported
C:\gh\azure-sdk-for-net\sdk\edgegateway\Microsoft.Azure.Management.EdgeGateway\tests\Tests\StorageAccountCredentialsTests.cs(39,93): error CS0518: Predefined type 'System.Object' is not defined or imported
C:\gh\azure-sdk-for-net\sdk\edgegateway\Microsoft.Azure.Management.EdgeGateway\tests\Tests\StorageAccountCredentialsTests.cs(39,13): error CS0518: Predefined type 'System.String' is not defined or imported
C:\gh\azure-sdk-for-net\sdk\edgegateway\Microsoft.Azure.Management.EdgeGateway\tests\Tests\StorageAccountCredentialsTests.cs(42,13): error CS0518: Predefined type 'System.String' is not defined or imported
C:\gh\azure-sdk-for-net\sdk\edgegateway\Microsoft.Azure.Management.EdgeGateway\tests\Tests\StorageAccountCredentialsTests.cs(43,38): error CS0518: Predefined type 'System.Object' is not defined or imported
C:\gh\azure-sdk-for-net\sdk\edgegateway\Microsoft.Azure.Management.EdgeGateway\tests\Tests\StorageAccountCredentialsTests.cs(43,52): error CS0518: Predefined type 'System.Object' is not defined or imported
C:\gh\azure-sdk-for-net\sdk\edgegateway\Microsoft.Azure.Management.EdgeGateway\tests\Tests\StorageAccountCredentialsTests.cs(43,90): error CS0518: Predefined type 'System.Object' is not defined or imported
C:\gh\azure-sdk-for-net\sdk\edgegateway\Microsoft.Azure.Management.EdgeGateway\tests\Tests\StorageAccountCredentialsTests.cs(43,125): error CS0518: Predefined type 'System.Object' is not defined or imported
C:\gh\azure-sdk-for-net\sdk\edgegateway\Microsoft.Azure.Management.EdgeGateway\tests\Tests\StorageAccountCredentialsTests.cs(46,53): error CS0518: Predefined type 'System.Object' is not defined or imported
C:\gh\azure-sdk-for-net\sdk\edgegateway\Microsoft.Azure.Management.EdgeGateway\tests\Tests\StorageAccountCredentialsTests.cs(46,88): error CS0518: Predefined type 'System.String' is not defined or imported
C:\gh\azure-sdk-for-net\sdk\edgegateway\Microsoft.Azure.Management.EdgeGateway\tests\Tests\StorageAccountCredentialsTests.cs(46,96): error CS0518: Predefined type 'System.Object' is not defined or imported
C:\gh\azure-sdk-for-net\sdk\edgegateway\Microsoft.Azure.Management.EdgeGateway\tests\Tests\StorageAccountCredentialsTests.cs(46,13): error CS0518: Predefined type 'System.Void' is not defined or imported
C:\gh\azure-sdk-for-net\sdk\edgegateway\Microsoft.Azure.Management.EdgeGateway\tests\Helpers\BandwidthScheduleHelper.cs(61,13): error CS0518: Predefined type 'System.Object' is not defined or imported
C:\gh\azure-sdk-for-net\sdk\edgegateway\Microsoft.Azure.Management.EdgeGateway\tests\Helpers\BandwidthScheduleHelper.cs(61,13): error CS0246: The type or namespace name 'IPage<>' could not be found (are you missing a using directive or an assembly reference?)
C:\gh\azure-sdk-for-net\sdk\edgegateway\Microsoft.Azure.Management.EdgeGateway\tests\Helpers\BandwidthScheduleHelper.cs(61,19): error CS0518: Predefined type 'System.Object' is not defined or imported
C:\gh\azure-sdk-for-net\sdk\edgegateway\Microsoft.Azure.Management.EdgeGateway\tests\Helpers\BandwidthScheduleHelper.cs(61,53): error CS0246: The type or namespace name 'IPage<>' could not be found (are you missing a using directive or an assembly reference?)
C:\gh\azure-sdk-for-net\sdk\edgegateway\Microsoft.Azure.Management.EdgeGateway\tests\Tests\TriggerTests.cs(31,13): error CS0518: Predefined type 'System.Object' is not defined or imported
C:\gh\azure-sdk-for-net\sdk\edgegateway\Microsoft.Azure.Management.EdgeGateway\tests\Tests\TriggerTests.cs(31,35): error CS0518: Predefined type 'System.Object' is not defined or imported
C:\gh\azure-sdk-for-net\sdk\edgegateway\Microsoft.Azure.Management.EdgeGateway\tests\Tests\TriggerTests.cs(31,49): error CS0518: Predefined type 'System.Object' is not defined or imported
C:\gh\azure-sdk-for-net\sdk\edgegateway\Microsoft.Azure.Management.EdgeGateway\tests\Tests\TriggerTests.cs(34,44): error CS0518: Predefined type 'System.Object' is not defined or imported
C:\gh\azure-sdk-for-net\sdk\edgegateway\Microsoft.Azure.Management.EdgeGateway\tests\Tests\TriggerTests.cs(34,76): error CS0518: Predefined type 'System.String' is not defined or imported
C:\gh\azure-sdk-for-net\sdk\edgegateway\Microsoft.Azure.Management.EdgeGateway\tests\Tests\TriggerTests.cs(34,117): error CS0518: Predefined type 'System.Object' is not defined or imported
C:\gh\azure-sdk-for-net\sdk\edgegateway\Microsoft.Azure.Management.EdgeGateway\tests\Tests\TriggerTests.cs(38,13): error CS0518: Predefined type 'System.Object' is not defined or imported
C:\gh\azure-sdk-for-net\sdk\edgegateway\Microsoft.Azure.Management.EdgeGateway\tests\Tests\TriggerTests.cs(38,39): error CS0518: Predefined type 'System.Object' is not defined or imported
C:\gh\azure-sdk-for-net\sdk\edgegateway\Microsoft.Azure.Management.EdgeGateway\tests\Tests\TriggerTests.cs(38,53): error CS0518: Predefined type 'System.Object' is not defined or imported
C:\gh\azure-sdk-for-net\sdk\edgegateway\Microsoft.Azure.Management.EdgeGateway\tests\Tests\TriggerTests.cs(39,44): error CS0518: Predefined type 'System.Object' is not defined or imported
C:\gh\azure-sdk-for-net\sdk\edgegateway\Microsoft.Azure.Management.EdgeGateway\tests\Tests\TriggerTests.cs(39,76): error CS0518: Predefined type 'System.String' is not defined or imported
C:\gh\azure-sdk-for-net\sdk\edgegateway\Microsoft.Azure.Management.EdgeGateway\tests\Tests\TriggerTests.cs(39,120): error CS0518: Predefined type 'System.Object' is not defined or imported
C:\gh\azure-sdk-for-net\sdk\edgegateway\Microsoft.Azure.Management.EdgeGateway\tests\Tests\TriggerTests.cs(42,47): error CS0518: Predefined type 'System.Object' is not defined or imported
C:\gh\azure-sdk-for-net\sdk\edgegateway\Microsoft.Azure.Management.EdgeGateway\tests\Tests\TriggerTests.cs(42,79): error CS0518: Predefined type 'System.String' is not defined or imported
C:\gh\azure-sdk-for-net\sdk\edgegateway\Microsoft.Azure.Management.EdgeGateway\tests\Tests\TriggerTests.cs(42,106): error CS0518: Predefined type 'System.Object' is not defined or imported
C:\gh\azure-sdk-for-net\sdk\edgegateway\Microsoft.Azure.Management.EdgeGateway\tests\Tests\TriggerTests.cs(42,27): error CS0518: Predefined type 'System.String' is not defined or imported
C:\gh\azure-sdk-for-net\sdk\edgegateway\Microsoft.Azure.Management.EdgeGateway\tests\Tests\TriggerTests.cs(44,13): error CS0518: Predefined type 'System.String' is not defined or imported
C:\gh\azure-sdk-for-net\sdk\edgegateway\Microsoft.Azure.Management.EdgeGateway\tests\Tests\TriggerTests.cs(46,28): error CS0518: Predefined type 'System.Object' is not defined or imported
C:\gh\azure-sdk-for-net\sdk\edgegateway\Microsoft.Azure.Management.EdgeGateway\tests\Tests\TriggerTests.cs(46,42): error CS0518: Predefined type 'System.Object' is not defined or imported
C:\gh\azure-sdk-for-net\sdk\edgegateway\Microsoft.Azure.Management.EdgeGateway\tests\Tests\TriggerTests.cs(46,63): error CS0518: Predefined type 'System.Object' is not defined or imported
C:\gh\azure-sdk-for-net\sdk\edgegateway\Microsoft.Azure.Management.EdgeGateway\tests\Tests\TriggerTests.cs(46,95): error CS0518: Predefined type 'System.Object' is not defined or imported
C:\gh\azure-sdk-for-net\sdk\edgegateway\Microsoft.Azure.Management.EdgeGateway\tests\Tests\TriggerTests.cs(49,36): error CS0518: Predefined type 'System.Object' is not defined or imported
C:\gh\azure-sdk-for-net\sdk\edgegateway\Microsoft.Azure.Management.EdgeGateway\tests\Tests\TriggerTests.cs(49,68): error CS0518: Predefined type 'System.String' is not defined or imported
C:\gh\azure-sdk-for-net\sdk\edgegateway\Microsoft.Azure.Management.EdgeGateway\tests\Tests\TriggerTests.cs(49,95): error CS0518: Predefined type 'System.Object' is not defined or imported
C:\gh\azure-sdk-for-net\sdk\edgegateway\Microsoft.Azure.Management.EdgeGateway\tests\Tests\TriggerTests.cs(49,13): error CS0518: Predefined type 'System.Void' is not defined or imported
C:\gh\azure-sdk-for-net\sdk\edgegateway\Microsoft.Azure.Management.EdgeGateway\tests\Helpers\DeviceHelper.cs(32,20): error CS0518: Predefined type 'System.String' is not defined or imported
C:\gh\azure-sdk-for-net\sdk\edgegateway\Microsoft.Azure.Management.EdgeGateway\tests\Tests\ShareTests.cs(31,13): error CS0518: Predefined type 'System.String' is not defined or imported
C:\gh\azure-sdk-for-net\sdk\edgegateway\Microsoft.Azure.Management.EdgeGateway\tests\Tests\ShareTests.cs(32,13): error CS0518: Predefined type 'System.String' is not defined or imported
C:\gh\azure-sdk-for-net\sdk\edgegateway\Microsoft.Azure.Management.EdgeGateway\tests\Tests\ShareTests.cs(34,41): error CS0518: Predefined type 'System.Object' is not defined or imported
C:\gh\azure-sdk-for-net\sdk\edgegateway\Microsoft.Azure.Management.EdgeGateway\tests\Tests\ShareTests.cs(34,76): error CS0518: Predefined type 'System.String' is not defined or imported
C:\gh\azure-sdk-for-net\sdk\edgegateway\Microsoft.Azure.Management.EdgeGateway\tests\Tests\ShareTests.cs(34,85): error CS0518: Predefined type 'System.Object' is not defined or imported
C:\gh\azure-sdk-for-net\sdk\edgegateway\Microsoft.Azure.Management.EdgeGateway\tests\Tests\ShareTests.cs(34,24): error CS0518: Predefined type 'System.String' is not defined or imported
C:\gh\azure-sdk-for-net\sdk\edgegateway\Microsoft.Azure.Management.EdgeGateway\tests\Tests\ShareTests.cs(35,17): error CS0518: Predefined type 'System.Boolean' is not defined or imported
C:\gh\azure-sdk-for-net\sdk\edgegateway\Microsoft.Azure.Management.EdgeGateway\tests\Tests\ShareTests.cs(35,17): error CS0518: Predefined type 'System.Boolean' is not defined or imported
C:\gh\azure-sdk-for-net\sdk\edgegateway\Microsoft.Azure.Management.EdgeGateway\tests\Tests\ShareTests.cs(41,60): error CS0518: Predefined type 'System.Object' is not defined or imported
C:\gh\azure-sdk-for-net\sdk\edgegateway\Microsoft.Azure.Management.EdgeGateway\tests\Tests\ShareTests.cs(41,95): error CS0518: Predefined type 'System.String' is not defined or imported
C:\gh\azure-sdk-for-net\sdk\edgegateway\Microsoft.Azure.Management.EdgeGateway\tests\Tests\ShareTests.cs(41,103): error CS0518: Predefined type 'System.Object' is not defined or imported
C:\gh\azure-sdk-for-net\sdk\edgegateway\Microsoft.Azure.Management.EdgeGateway\tests\Tests\ShareTests.cs(41,23): error CS0518: Predefined type 'System.String' is not defined or imported
C:\gh\azure-sdk-for-net\sdk\edgegateway\Microsoft.Azure.Management.EdgeGateway\tests\Tests\ShareTests.cs(42,17): error CS0518: Predefined type 'System.Boolean' is not defined or imported
C:\gh\azure-sdk-for-net\sdk\edgegateway\Microsoft.Azure.Management.EdgeGateway\tests\Tests\ShareTests.cs(42,17): error CS0518: Predefined type 'System.Boolean' is not defined or imported
C:\gh\azure-sdk-for-net\sdk\edgegateway\Microsoft.Azure.Management.EdgeGateway\tests\Tests\ShareTests.cs(48,13): error CS0518: Predefined type 'System.Object' is not defined or imported
C:\gh\azure-sdk-for-net\sdk\edgegateway\Microsoft.Azure.Management.EdgeGateway\tests\Tests\ShareTests.cs(48,30): error CS0518: Predefined type 'System.Object' is not defined or imported
C:\gh\azure-sdk-for-net\sdk\edgegateway\Microsoft.Azure.Management.EdgeGateway\tests\Tests\ShareTests.cs(48,44): error CS0518: Predefined type 'System.Object' is not defined or imported
C:\gh\azure-sdk-for-net\sdk\edgegateway\Microsoft.Azure.Management.EdgeGateway\tests\Tests\ShareTests.cs(51,42): error CS0518: Predefined type 'System.Object' is not defined or imported
C:\gh\azure-sdk-for-net\sdk\edgegateway\Microsoft.Azure.Management.EdgeGateway\tests\Tests\ShareTests.cs(51,77): error CS0518: Predefined type 'System.String' is not defined or imported
C:\gh\azure-sdk-for-net\sdk\edgegateway\Microsoft.Azure.Management.EdgeGateway\tests\Tests\ShareTests.cs(51,95): error CS0518: Predefined type 'System.Object' is not defined or imported
C:\gh\azure-sdk-for-net\sdk\edgegateway\Microsoft.Azure.Management.EdgeGateway\tests\Tests\ShareTests.cs(54,13): error CS0518: Predefined type 'System.Object' is not defined or imported
C:\gh\azure-sdk-for-net\sdk\edgegateway\Microsoft.Azure.Management.EdgeGateway\tests\Tests\ShareTests.cs(54,30): error CS0518: Predefined type 'System.Object' is not defined or imported
C:\gh\azure-sdk-for-net\sdk\edgegateway\Microsoft.Azure.Management.EdgeGateway\tests\Tests\ShareTests.cs(54,44): error CS0518: Predefined type 'System.Object' is not defined or imported
C:\gh\azure-sdk-for-net\sdk\edgegateway\Microsoft.Azure.Management.EdgeGateway\tests\Tests\ShareTests.cs(54,69): error CS0518: Predefined type 'System.String' is not defined or imported
C:\gh\azure-sdk-for-net\sdk\edgegateway\Microsoft.Azure.Management.EdgeGateway\tests\Tests\ShareTests.cs(57,42): error CS0518: Predefined type 'System.Object' is not defined or imported
C:\gh\azure-sdk-for-net\sdk\edgegateway\Microsoft.Azure.Management.EdgeGateway\tests\Tests\ShareTests.cs(57,77): error CS0518: Predefined type 'System.String' is not defined or imported
C:\gh\azure-sdk-for-net\sdk\edgegateway\Microsoft.Azure.Management.EdgeGateway\tests\Tests\ShareTests.cs(57,95): error CS0518: Predefined type 'System.Object' is not defined or imported
C:\gh\azure-sdk-for-net\sdk\edgegateway\Microsoft.Azure.Management.EdgeGateway\tests\Tests\ShareTests.cs(60,43): error CS0518: Predefined type 'System.Object' is not defined or imported
C:\gh\azure-sdk-for-net\sdk\edgegateway\Microsoft.Azure.Management.EdgeGateway\tests\Tests\ShareTests.cs(60,78): error CS0518: Predefined type 'System.String' is not defined or imported
C:\gh\azure-sdk-for-net\sdk\edgegateway\Microsoft.Azure.Management.EdgeGateway\tests\Tests\ShareTests.cs(60,86): error CS0518: Predefined type 'System.Object' is not defined or imported
C:\gh\azure-sdk-for-net\sdk\edgegateway\Microsoft.Azure.Management.EdgeGateway\tests\Tests\ShareTests.cs(60,25): error CS0518: Predefined type 'System.String' is not defined or imported
C:\gh\azure-sdk-for-net\sdk\edgegateway\Microsoft.Azure.Management.EdgeGateway\tests\Tests\ShareTests.cs(63,13): error CS0518: Predefined type 'System.String' is not defined or imported
C:\gh\azure-sdk-for-net\sdk\edgegateway\Microsoft.Azure.Management.EdgeGateway\tests\Tests\ShareTests.cs(64,26): error CS0518: Predefined type 'System.Object' is not defined or imported
C:\gh\azure-sdk-for-net\sdk\edgegateway\Microsoft.Azure.Management.EdgeGateway\tests\Tests\ShareTests.cs(64,40): error CS0518: Predefined type 'System.Object' is not defined or imported
C:\gh\azure-sdk-for-net\sdk\edgegateway\Microsoft.Azure.Management.EdgeGateway\tests\Tests\ShareTests.cs(64,59): error CS0518: Predefined type 'System.Object' is not defined or imported
C:\gh\azure-sdk-for-net\sdk\edgegateway\Microsoft.Azure.Management.EdgeGateway\tests\Tests\ShareTests.cs(64,94): error CS0518: Predefined type 'System.Object' is not defined or imported
C:\gh\azure-sdk-for-net\sdk\edgegateway\Microsoft.Azure.Management.EdgeGateway\tests\Tests\ShareTests.cs(66,17): error CS0518: Predefined type 'System.Boolean' is not defined or imported
C:\gh\azure-sdk-for-net\sdk\edgegateway\Microsoft.Azure.Management.EdgeGateway\tests\Tests\ShareTests.cs(66,17): error CS0518: Predefined type 'System.Boolean' is not defined or imported
C:\gh\azure-sdk-for-net\sdk\edgegateway\Microsoft.Azure.Management.EdgeGateway\tests\Tests\ShareTests.cs(68,42): error CS0518: Predefined type 'System.Object' is not defined or imported
C:\gh\azure-sdk-for-net\sdk\edgegateway\Microsoft.Azure.Management.EdgeGateway\tests\Tests\ShareTests.cs(68,56): error CS0518: Predefined type 'System.Object' is not defined or imported
C:\gh\azure-sdk-for-net\sdk\edgegateway\Microsoft.Azure.Management.EdgeGateway\tests\Tests\ShareTests.cs(75,34): error CS0518: Predefined type 'System.Object' is not defined or imported
C:\gh\azure-sdk-for-net\sdk\edgegateway\Microsoft.Azure.Management.EdgeGateway\tests\Tests\ShareTests.cs(75,69): error CS0518: Predefined type 'System.String' is not defined or imported
C:\gh\azure-sdk-for-net\sdk\edgegateway\Microsoft.Azure.Management.EdgeGateway\tests\Tests\ShareTests.cs(75,77): error CS0518: Predefined type 'System.Object' is not defined or imported
C:\gh\azure-sdk-for-net\sdk\edgegateway\Microsoft.Azure.Management.EdgeGateway\tests\Tests\ShareTests.cs(75,13): error CS0518: Predefined type 'System.Void' is not defined or imported
C:\gh\azure-sdk-for-net\sdk\edgegateway\Microsoft.Azure.Management.EdgeGateway\tests\Tests\ShareTests.cs(88,35): error CS0518: Predefined type 'System.Object' is not defined or imported
C:\gh\azure-sdk-for-net\sdk\edgegateway\Microsoft.Azure.Management.EdgeGateway\tests\Tests\ShareTests.cs(88,70): error CS0518: Predefined type 'System.String' is not defined or imported
C:\gh\azure-sdk-for-net\sdk\edgegateway\Microsoft.Azure.Management.EdgeGateway\tests\Tests\ShareTests.cs(88,78): error CS0518: Predefined type 'System.Object' is not defined or imported
C:\gh\azure-sdk-for-net\sdk\edgegateway\Microsoft.Azure.Management.EdgeGateway\tests\Tests\ShareTests.cs(88,13): error CS0518: Predefined type 'System.Void' is not defined or imported
C:\gh\azure-sdk-for-net\sdk\edgegateway\Microsoft.Azure.Management.EdgeGateway\tests\Helpers\DeviceHelper.cs(42,20): error CS0518: Predefined type 'System.String' is not defined or imported
C:\gh\azure-sdk-for-net\sdk\edgegateway\Microsoft.Azure.Management.EdgeGateway\tests\Helpers\DeviceHelper.cs(42,31): error CS0518: Predefined type 'System.Object' is not defined or imported
C:\gh\azure-sdk-for-net\sdk\edgegateway\Microsoft.Azure.Management.EdgeGateway\tests\Helpers\DeviceHelper.cs(43,20): error CS0518: Predefined type 'System.Void' is not defined or imported
C:\gh\azure-sdk-for-net\sdk\edgegateway\Microsoft.Azure.Management.EdgeGateway\tests\Helpers\DeviceHelper.cs(43,30): error CS0518: Predefined type 'System.Object' is not defined or imported
C:\gh\azure-sdk-for-net\sdk\edgegateway\Microsoft.Azure.Management.EdgeGateway\tests\Helpers\DeviceHelper.cs(43,34): error CS0518: Predefined type 'System.String' is not defined or imported
C:\gh\azure-sdk-for-net\sdk\edgegateway\Microsoft.Azure.Management.EdgeGateway\tests\Helpers\DeviceHelper.cs(43,45): error CS0518: Predefined type 'System.String' is not defined or imported
C:\gh\azure-sdk-for-net\sdk\edgegateway\Microsoft.Azure.Management.EdgeGateway\tests\Helpers\DeviceHelper.cs(43,30): error CS0518: Predefined type 'System.Void' is not defined or imported
C:\gh\azure-sdk-for-net\sdk\edgegateway\Microsoft.Azure.Management.EdgeGateway\tests\Helpers\DeviceHelper.cs(44,20): error CS0246: The type or namespace name 'IDictionary<,>' could not be found (are you missing a using directive or an assembly reference?)
C:\gh\azure-sdk-for-net\sdk\edgegateway\Microsoft.Azure.Management.EdgeGateway\tests\Helpers\DeviceHelper.cs(44,31): error CS0518: Predefined type 'System.Object' is not defined or imported
C:\gh\azure-sdk-for-net\sdk\edgegateway\Microsoft.Azure.Management.EdgeGateway\tests\Helpers\DeviceHelper.cs(44,31): error CS0246: The type or namespace name 'Dictionary<,>' could not be found (are you missing a using directive or an assembly reference?)
C:\gh\azure-sdk-for-net\sdk\edgegateway\Microsoft.Azure.Management.EdgeGateway\tests\Helpers\DeviceHelper.cs(44,42): error CS0518: Predefined type 'System.String' is not defined or imported
C:\gh\azure-sdk-for-net\sdk\edgegateway\Microsoft.Azure.Management.EdgeGateway\tests\Helpers\DeviceHelper.cs(44,50): error CS0518: Predefined type 'System.String' is not defined or imported
C:\gh\azure-sdk-for-net\sdk\edgegateway\Microsoft.Azure.Management.EdgeGateway\tests\Helpers\DeviceHelper.cs(45,20): error CS0246: The type or namespace name 'IDictionary<,>' could not be found (are you missing a using directive or an assembly reference?)
C:\gh\azure-sdk-for-net\sdk\edgegateway\Microsoft.Azure.Management.EdgeGateway\tests\Helpers\DeviceHelper.cs(45,29): error CS0518: Predefined type 'System.String' is not defined or imported
C:\gh\azure-sdk-for-net\sdk\edgegateway\Microsoft.Azure.Management.EdgeGateway\tests\Helpers\DeviceHelper.cs(45,37): error CS0518: Predefined type 'System.String' is not defined or imported
C:\gh\azure-sdk-for-net\sdk\edgegateway\Microsoft.Azure.Management.EdgeGateway\tests\Helpers\DeviceHelper.cs(46,20): error CS0246: The type or namespace name 'IDictionary<,>' could not be found (are you missing a using directive or an assembly reference?)
C:\gh\azure-sdk-for-net\sdk\edgegateway\Microsoft.Azure.Management.EdgeGateway\tests\Helpers\DeviceHelper.cs(46,29): error CS0518: Predefined type 'System.String' is not defined or imported
C:\gh\azure-sdk-for-net\sdk\edgegateway\Microsoft.Azure.Management.EdgeGateway\tests\Helpers\DeviceHelper.cs(46,37): error CS0518: Predefined type 'System.String' is not defined or imported
C:\gh\azure-sdk-for-net\sdk\edgegateway\Microsoft.Azure.Management.EdgeGateway\tests\Helpers\DeviceHelper.cs(56,20): error CS0518: Predefined type 'System.String' is not defined or imported
C:\gh\azure-sdk-for-net\sdk\edgegateway\Microsoft.Azure.Management.EdgeGateway\tests\Helpers\DeviceHelper.cs(56,31): error CS0518: Predefined type 'System.Object' is not defined or imported
C:\gh\azure-sdk-for-net\sdk\edgegateway\Microsoft.Azure.Management.EdgeGateway\tests\Helpers\DeviceHelper.cs(57,20): error CS0518: Predefined type 'System.Void' is not defined or imported
C:\gh\azure-sdk-for-net\sdk\edgegateway\Microsoft.Azure.Management.EdgeGateway\tests\Helpers\DeviceHelper.cs(57,30): error CS0518: Predefined type 'System.Object' is not defined or imported
C:\gh\azure-sdk-for-net\sdk\edgegateway\Microsoft.Azure.Management.EdgeGateway\tests\Helpers\DeviceHelper.cs(57,34): error CS0518: Predefined type 'System.String' is not defined or imported
C:\gh\azure-sdk-for-net\sdk\edgegateway\Microsoft.Azure.Management.EdgeGateway\tests\Helpers\DeviceHelper.cs(57,42): error CS0518: Predefined type 'System.String' is not defined or imported
C:\gh\azure-sdk-for-net\sdk\edgegateway\Microsoft.Azure.Management.EdgeGateway\tests\Helpers\DeviceHelper.cs(57,30): error CS0518: Predefined type 'System.Void' is not defined or imported
C:\gh\azure-sdk-for-net\sdk\edgegateway\Microsoft.Azure.Management.EdgeGateway\tests\Helpers\DeviceHelper.cs(58,20): error CS0246: The type or namespace name 'IDictionary<,>' could not be found (are you missing a using directive or an assembly reference?)
C:\gh\azure-sdk-for-net\sdk\edgegateway\Microsoft.Azure.Management.EdgeGateway\tests\Helpers\DeviceHelper.cs(58,31): error CS0518: Predefined type 'System.Object' is not defined or imported
C:\gh\azure-sdk-for-net\sdk\edgegateway\Microsoft.Azure.Management.EdgeGateway\tests\Helpers\DeviceHelper.cs(58,31): error CS0246: The type or namespace name 'Dictionary<,>' could not be found (are you missing a using directive or an assembly reference?)
C:\gh\azure-sdk-for-net\sdk\edgegateway\Microsoft.Azure.Management.EdgeGateway\tests\Helpers\DeviceHelper.cs(58,42): error CS0518: Predefined type 'System.String' is not defined or imported
C:\gh\azure-sdk-for-net\sdk\edgegateway\Microsoft.Azure.Management.EdgeGateway\tests\Helpers\DeviceHelper.cs(58,50): error CS0518: Predefined type 'System.String' is not defined or imported
C:\gh\azure-sdk-for-net\sdk\edgegateway\Microsoft.Azure.Management.EdgeGateway\tests\Helpers\DeviceHelper.cs(59,20): error CS0246: The type or namespace name 'IDictionary<,>' could not be found (are you missing a using directive or an assembly reference?)
C:\gh\azure-sdk-for-net\sdk\edgegateway\Microsoft.Azure.Management.EdgeGateway\tests\Helpers\DeviceHelper.cs(59,29): error CS0518: Predefined type 'System.String' is not defined or imported
C:\gh\azure-sdk-for-net\sdk\edgegateway\Microsoft.Azure.Management.EdgeGateway\tests\Helpers\DeviceHelper.cs(59,37): error CS0518: Predefined type 'System.String' is not defined or imported
C:\gh\azure-sdk-for-net\sdk\edgegateway\Microsoft.Azure.Management.EdgeGateway\tests\Helpers\DeviceHelper.cs(60,20): error CS0246: The type or namespace name 'IDictionary<,>' could not be found (are you missing a using directive or an assembly reference?)
C:\gh\azure-sdk-for-net\sdk\edgegateway\Microsoft.Azure.Management.EdgeGateway\tests\Helpers\DeviceHelper.cs(60,29): error CS0518: Predefined type 'System.String' is not defined or imported
C:\gh\azure-sdk-for-net\sdk\edgegateway\Microsoft.Azure.Management.EdgeGateway\tests\Helpers\DeviceHelper.cs(60,37): error CS0518: Predefined type 'System.String' is not defined or imported
C:\gh\azure-sdk-for-net\sdk\edgegateway\Microsoft.Azure.Management.EdgeGateway\tests\Helpers\DeviceHelper.cs(77,13): error CS0518: Predefined type 'System.Object' is not defined or imported
C:\gh\azure-sdk-for-net\sdk\edgegateway\Microsoft.Azure.Management.EdgeGateway\tests\Helpers\DeviceHelper.cs(77,13): error CS0246: The type or namespace name 'IPage<>' could not be found (are you missing a using directive or an assembly reference?)
C:\gh\azure-sdk-for-net\sdk\edgegateway\Microsoft.Azure.Management.EdgeGateway\tests\Helpers\DeviceHelper.cs(77,19): error CS0518: Predefined type 'System.Object' is not defined or imported
C:\gh\azure-sdk-for-net\sdk\edgegateway\Microsoft.Azure.Management.EdgeGateway\tests\Helpers\DeviceHelper.cs(77,53): error CS0246: The type or namespace name 'IPage<>' could not be found (are you missing a using directive or an assembly reference?)
C:\gh\azure-sdk-for-net\sdk\edgegateway\Microsoft.Azure.Management.EdgeGateway\tests\Helpers\DeviceHelper.cs(95,13): error CS0518: Predefined type 'System.Object' is not defined or imported
C:\gh\azure-sdk-for-net\sdk\edgegateway\Microsoft.Azure.Management.EdgeGateway\tests\Helpers\DeviceHelper.cs(95,13): error CS0246: The type or namespace name 'IPage<>' could not be found (are you missing a using directive or an assembly reference?)
C:\gh\azure-sdk-for-net\sdk\edgegateway\Microsoft.Azure.Management.EdgeGateway\tests\Helpers\DeviceHelper.cs(95,19): error CS0518: Predefined type 'System.Object' is not defined or imported
C:\gh\azure-sdk-for-net\sdk\edgegateway\Microsoft.Azure.Management.EdgeGateway\tests\Helpers\DeviceHelper.cs(95,53): error CS0246: The type or namespace name 'IPage<>' could not be found (are you missing a using directive or an assembly reference?)
C:\gh\azure-sdk-for-net\sdk\edgegateway\Microsoft.Azure.Management.EdgeGateway\tests\Helpers\DeviceHelper.cs(111,13): error CS0518: Predefined type 'System.Object' is not defined or imported
C:\gh\azure-sdk-for-net\sdk\edgegateway\Microsoft.Azure.Management.EdgeGateway\tests\Helpers\DeviceHelper.cs(111,13): error CS0246: The type or namespace name 'IPage<>' could not be found (are you missing a using directive or an assembly reference?)
C:\gh\azure-sdk-for-net\sdk\edgegateway\Microsoft.Azure.Management.EdgeGateway\tests\Helpers\DeviceHelper.cs(111,19): error CS0518: Predefined type 'System.Object' is not defined or imported
C:\gh\azure-sdk-for-net\sdk\edgegateway\Microsoft.Azure.Management.EdgeGateway\tests\Helpers\DeviceHelper.cs(111,53): error CS0246: The type or namespace name 'IPage<>' could not be found (are you missing a using directive or an assembly reference?)
C:\gh\azure-sdk-for-net\sdk\edgegateway\Microsoft.Azure.Management.EdgeGateway\tests\Helpers\DeviceHelper.cs(129,13): error CS0518: Predefined type 'System.Object' is not defined or imported
C:\gh\azure-sdk-for-net\sdk\edgegateway\Microsoft.Azure.Management.EdgeGateway\tests\Helpers\DeviceHelper.cs(129,13): error CS0246: The type or namespace name 'IPage<>' could not be found (are you missing a using directive or an assembly reference?)
C:\gh\azure-sdk-for-net\sdk\edgegateway\Microsoft.Azure.Management.EdgeGateway\tests\Helpers\DeviceHelper.cs(129,19): error CS0518: Predefined type 'System.Object' is not defined or imported
C:\gh\azure-sdk-for-net\sdk\edgegateway\Microsoft.Azure.Management.EdgeGateway\tests\Helpers\DeviceHelper.cs(129,53): error CS0246: The type or namespace name 'IPage<>' could not be found (are you missing a using directive or an assembly reference?)
C:\gh\azure-sdk-for-net\sdk\edgegateway\Microsoft.Azure.Management.EdgeGateway\tests\Helpers\DevicePatchHelper.cs(17,28): error CS0518: Predefined type 'System.Object' is not defined or imported
C:\gh\azure-sdk-for-net\sdk\edgegateway\Microsoft.Azure.Management.EdgeGateway\tests\Helpers\DevicePatchHelper.cs(17,28): error CS0246: The type or namespace name 'Dictionary<,>' could not be found (are you missing a using directive or an assembly reference?)
C:\gh\azure-sdk-for-net\sdk\edgegateway\Microsoft.Azure.Management.EdgeGateway\tests\Helpers\DevicePatchHelper.cs(17,39): error CS0518: Predefined type 'System.String' is not defined or imported
C:\gh\azure-sdk-for-net\sdk\edgegateway\Microsoft.Azure.Management.EdgeGateway\tests\Helpers\DevicePatchHelper.cs(17,47): error CS0518: Predefined type 'System.String' is not defined or imported
C:\gh\azure-sdk-for-net\sdk\edgegateway\Microsoft.Azure.Management.EdgeGateway\tests\Helpers\DevicePatchHelper.cs(18,24): error CS0246: The type or namespace name 'IDictionary<,>' could not be found (are you missing a using directive or an assembly reference?)
C:\gh\azure-sdk-for-net\sdk\edgegateway\Microsoft.Azure.Management.EdgeGateway\tests\Helpers\DevicePatchHelper.cs(18,17): error CS0518: Predefined type 'System.Boolean' is not defined or imported
C:\gh\azure-sdk-for-net\sdk\edgegateway\Microsoft.Azure.Management.EdgeGateway\tests\Helpers\DevicePatchHelper.cs(18,17): error CS0518: Predefined type 'System.Boolean' is not defined or imported
C:\gh\azure-sdk-for-net\sdk\edgegateway\Microsoft.Azure.Management.EdgeGateway\tests\Helpers\DevicePatchHelper.cs(20,31): error CS0246: The type or namespace name 'IDictionary<,>' could not be found (are you missing a using directive or an assembly reference?)
C:\gh\azure-sdk-for-net\sdk\edgegateway\Microsoft.Azure.Management.EdgeGateway\tests\Helpers\DevicePatchHelper.cs(22,22): error CS0518: Predefined type 'System.String' is not defined or imported
C:\gh\azure-sdk-for-net\sdk\edgegateway\Microsoft.Azure.Management.EdgeGateway\tests\Helpers\DevicePatchHelper.cs(22,30): error CS0518: Predefined type 'System.String' is not defined or imported
C:\gh\azure-sdk-for-net\sdk\edgegateway\Microsoft.Azure.Management.EdgeGateway\tests\Helpers\DevicePatchHelper.cs(23,22): error CS0518: Predefined type 'System.String' is not defined or imported
C:\gh\azure-sdk-for-net\sdk\edgegateway\Microsoft.Azure.Management.EdgeGateway\tests\Helpers\DevicePatchHelper.cs(23,30): error CS0518: Predefined type 'System.String' is not defined or imported
C:\gh\azure-sdk-for-net\sdk\edgegateway\Microsoft.Azure.Management.EdgeGateway\tests\Helpers\OrderHelper.cs(18,13): error CS0518: Predefined type 'System.Object' is not defined or imported
C:\gh\azure-sdk-for-net\sdk\edgegateway\Microsoft.Azure.Management.EdgeGateway\tests\Helpers\OrderHelper.cs(18,49): error CS0518: Predefined type 'System.Object' is not defined or imported
C:\gh\azure-sdk-for-net\sdk\edgegateway\Microsoft.Azure.Management.EdgeGateway\tests\Helpers\OrderHelper.cs(18,64): error CS0518: Predefined type 'System.String' is not defined or imported
C:\gh\azure-sdk-for-net\sdk\edgegateway\Microsoft.Azure.Management.EdgeGateway\tests\Helpers\OrderHelper.cs(18,80): error CS0518: Predefined type 'System.String' is not defined or imported
C:\gh\azure-sdk-for-net\sdk\edgegateway\Microsoft.Azure.Management.EdgeGateway\tests\Helpers\OrderHelper.cs(18,93): error CS0518: Predefined type 'System.String' is not defined or imported
C:\gh\azure-sdk-for-net\sdk\edgegateway\Microsoft.Azure.Management.EdgeGateway\tests\Helpers\OrderHelper.cs(18,111): error CS0518: Predefined type 'System.Object' is not defined or imported
C:\gh\azure-sdk-for-net\sdk\edgegateway\Microsoft.Azure.Management.EdgeGateway\tests\Helpers\OrderHelper.cs(18,111): error CS0246: The type or namespace name 'List<>' could not be found (are you missing a using directive or an assembly reference?)
C:\gh\azure-sdk-for-net\sdk\edgegateway\Microsoft.Azure.Management.EdgeGateway\tests\Helpers\OrderHelper.cs(18,116): error CS0518: Predefined type 'System.String' is not defined or imported
C:\gh\azure-sdk-for-net\sdk\edgegateway\Microsoft.Azure.Management.EdgeGateway\tests\Helpers\OrderHelper.cs(18,128): error CS0518: Predefined type 'System.String' is not defined or imported
C:\gh\azure-sdk-for-net\sdk\edgegateway\Microsoft.Azure.Management.EdgeGateway\tests\Helpers\OrderHelper.cs(18,49): error CS0518: Predefined type 'System.Void' is not defined or imported
C:\gh\azure-sdk-for-net\sdk\edgegateway\Microsoft.Azure.Management.EdgeGateway\tests\Helpers\OrderHelper.cs(20,13): error CS0518: Predefined type 'System.Object' is not defined or imported
C:\gh\azure-sdk-for-net\sdk\edgegateway\Microsoft.Azure.Management.EdgeGateway\tests\Helpers\OrderHelper.cs(20,43): error CS0518: Predefined type 'System.Object' is not defined or imported
C:\gh\azure-sdk-for-net\sdk\edgegateway\Microsoft.Azure.Management.EdgeGateway\tests\Helpers\OrderHelper.cs(20,51): error CS0518: Predefined type 'System.String' is not defined or imported
C:\gh\azure-sdk-for-net\sdk\edgegateway\Microsoft.Azure.Management.EdgeGateway\tests\Helpers\OrderHelper.cs(20,76): error CS0518: Predefined type 'System.String' is not defined or imported
C:\gh\azure-sdk-for-net\sdk\edgegateway\Microsoft.Azure.Management.EdgeGateway\tests\Helpers\OrderHelper.cs(20,85): error CS0518: Predefined type 'System.String' is not defined or imported
C:\gh\azure-sdk-for-net\sdk\edgegateway\Microsoft.Azure.Management.EdgeGateway\tests\Helpers\OrderHelper.cs(20,96): error CS0518: Predefined type 'System.String' is not defined or imported
C:\gh\azure-sdk-for-net\sdk\edgegateway\Microsoft.Azure.Management.EdgeGateway\tests\Helpers\OrderHelper.cs(20,102): error CS0518: Predefined type 'System.String' is not defined or imported
C:\gh\azure-sdk-for-net\sdk\edgegateway\Microsoft.Azure.Management.EdgeGateway\tests\Helpers\OrderHelper.cs(20,43): error CS0518: Predefined type 'System.Void' is not defined or imported
C:\gh\azure-sdk-for-net\sdk\edgegateway\Microsoft.Azure.Management.EdgeGateway\tests\Helpers\OrderHelper.cs(21,13): error CS0518: Predefined type 'System.Object' is not defined or imported
C:\gh\azure-sdk-for-net\sdk\edgegateway\Microsoft.Azure.Management.EdgeGateway\tests\Helpers\OrderHelper.cs(21,31): error CS0518: Predefined type 'System.Object' is not defined or imported
C:\gh\azure-sdk-for-net\sdk\edgegateway\Microsoft.Azure.Management.EdgeGateway\tests\Helpers\OrderHelper.cs(21,31): error CS0518: Predefined type 'System.Void' is not defined or imported
C:\gh\azure-sdk-for-net\sdk\edgegateway\Microsoft.Azure.Management.EdgeGateway\tests\Helpers\OrderHelper.cs(40,13): error CS0518: Predefined type 'System.Object' is not defined or imported
C:\gh\azure-sdk-for-net\sdk\edgegateway\Microsoft.Azure.Management.EdgeGateway\tests\Helpers\OrderHelper.cs(40,13): error CS0246: The type or namespace name 'IPage<>' could not be found (are you missing a using directive or an assembly reference?)
C:\gh\azure-sdk-for-net\sdk\edgegateway\Microsoft.Azure.Management.EdgeGateway\tests\Helpers\OrderHelper.cs(40,19): error CS0518: Predefined type 'System.Object' is not defined or imported
C:\gh\azure-sdk-for-net\sdk\edgegateway\Microsoft.Azure.Management.EdgeGateway\tests\Helpers\OrderHelper.cs(40,38): error CS0246: The type or namespace name 'IPage<>' could not be found (are you missing a using directive or an assembly reference?)
C:\gh\azure-sdk-for-net\sdk\edgegateway\Microsoft.Azure.Management.EdgeGateway\tests\Helpers\RoleHelper.cs(20,13): error CS0518: Predefined type 'System.Object' is not defined or imported
C:\gh\azure-sdk-for-net\sdk\edgegateway\Microsoft.Azure.Management.EdgeGateway\tests\Helpers\RoleHelper.cs(20,49): error CS0518: Predefined type 'System.Object' is not defined or imported
C:\gh\azure-sdk-for-net\sdk\edgegateway\Microsoft.Azure.Management.EdgeGateway\tests\Helpers\RoleHelper.cs(20,49): error CS0518: Predefined type 'System.Void' is not defined or imported
C:\gh\azure-sdk-for-net\sdk\edgegateway\Microsoft.Azure.Management.EdgeGateway\tests\Helpers\RoleHelper.cs(20,68): error CS0518: Predefined type 'System.Void' is not defined or imported
C:\gh\azure-sdk-for-net\sdk\edgegateway\Microsoft.Azure.Management.EdgeGateway\tests\Helpers\RoleHelper.cs(20,87): error CS0518: Predefined type 'System.Object' is not defined or imported
C:\gh\azure-sdk-for-net\sdk\edgegateway\Microsoft.Azure.Management.EdgeGateway\tests\Helpers\RoleHelper.cs(20,87): error CS0518: Predefined type 'System.Void' is not defined or imported
C:\gh\azure-sdk-for-net\sdk\edgegateway\Microsoft.Azure.Management.EdgeGateway\tests\Helpers\RoleHelper.cs(21,13): error CS0518: Predefined type 'System.Object' is not defined or imported
C:\gh\azure-sdk-for-net\sdk\edgegateway\Microsoft.Azure.Management.EdgeGateway\tests\Helpers\RoleHelper.cs(21,47): error CS0518: Predefined type 'System.Object' is not defined or imported
C:\gh\azure-sdk-for-net\sdk\edgegateway\Microsoft.Azure.Management.EdgeGateway\tests\Helpers\RoleHelper.cs(21,61): error CS0518: Predefined type 'System.String' is not defined or imported
C:\gh\azure-sdk-for-net\sdk\edgegateway\Microsoft.Azure.Management.EdgeGateway\tests\Helpers\RoleHelper.cs(21,74): error CS0518: Predefined type 'System.String' is not defined or imported
C:\gh\azure-sdk-for-net\sdk\edgegateway\Microsoft.Azure.Management.EdgeGateway\tests\Helpers\RoleHelper.cs(21,47): error CS0518: Predefined type 'System.Void' is not defined or imported
C:\gh\azure-sdk-for-net\sdk\edgegateway\Microsoft.Azure.Management.EdgeGateway\tests\Helpers\RoleHelper.cs(23,13): error CS0518: Predefined type 'System.Object' is not defined or imported
C:\gh\azure-sdk-for-net\sdk\edgegateway\Microsoft.Azure.Management.EdgeGateway\tests\Helpers\RoleHelper.cs(23,53): error CS0518: Predefined type 'System.Object' is not defined or imported
C:\gh\azure-sdk-for-net\sdk\edgegateway\Microsoft.Azure.Management.EdgeGateway\tests\Helpers\RoleHelper.cs(23,53): error CS0518: Predefined type 'System.Void' is not defined or imported
C:\gh\azure-sdk-for-net\sdk\edgegateway\Microsoft.Azure.Management.EdgeGateway\tests\Helpers\RoleHelper.cs(23,72): error CS0518: Predefined type 'System.Void' is not defined or imported
C:\gh\azure-sdk-for-net\sdk\edgegateway\Microsoft.Azure.Management.EdgeGateway\tests\Helpers\RoleHelper.cs(23,91): error CS0518: Predefined type 'System.Object' is not defined or imported
C:\gh\azure-sdk-for-net\sdk\edgegateway\Microsoft.Azure.Management.EdgeGateway\tests\Helpers\RoleHelper.cs(23,91): error CS0518: Predefined type 'System.Void' is not defined or imported
C:\gh\azure-sdk-for-net\sdk\edgegateway\Microsoft.Azure.Management.EdgeGateway\tests\Helpers\RoleHelper.cs(24,13): error CS0518: Predefined type 'System.Object' is not defined or imported
C:\gh\azure-sdk-for-net\sdk\edgegateway\Microsoft.Azure.Management.EdgeGateway\tests\Helpers\RoleHelper.cs(24,51): error CS0518: Predefined type 'System.Object' is not defined or imported
C:\gh\azure-sdk-for-net\sdk\edgegateway\Microsoft.Azure.Management.EdgeGateway\tests\Helpers\RoleHelper.cs(24,65): error CS0518: Predefined type 'System.String' is not defined or imported
C:\gh\azure-sdk-for-net\sdk\edgegateway\Microsoft.Azure.Management.EdgeGateway\tests\Helpers\RoleHelper.cs(24,78): error CS0518: Predefined type 'System.String' is not defined or imported
C:\gh\azure-sdk-for-net\sdk\edgegateway\Microsoft.Azure.Management.EdgeGateway\tests\Helpers\RoleHelper.cs(24,51): error CS0518: Predefined type 'System.Void' is not defined or imported
C:\gh\azure-sdk-for-net\sdk\edgegateway\Microsoft.Azure.Management.EdgeGateway\tests\Helpers\RoleHelper.cs(26,13): error CS0518: Predefined type 'System.Object' is not defined or imported
C:\gh\azure-sdk-for-net\sdk\edgegateway\Microsoft.Azure.Management.EdgeGateway\tests\Helpers\RoleHelper.cs(26,35): error CS0518: Predefined type 'System.Object' is not defined or imported
C:\gh\azure-sdk-for-net\sdk\edgegateway\Microsoft.Azure.Management.EdgeGateway\tests\Helpers\RoleHelper.cs(26,43): error CS0518: Predefined type 'System.String' is not defined or imported
C:\gh\azure-sdk-for-net\sdk\edgegateway\Microsoft.Azure.Management.EdgeGateway\tests\Helpers\RoleHelper.cs(26,86): error CS0518: Predefined type 'System.String' is not defined or imported
C:\gh\azure-sdk-for-net\sdk\edgegateway\Microsoft.Azure.Management.EdgeGateway\tests\Helpers\RoleHelper.cs(26,35): error CS0518: Predefined type 'System.Void' is not defined or imported
C:\gh\azure-sdk-for-net\sdk\edgegateway\Microsoft.Azure.Management.EdgeGateway\tests\Helpers\RoleHelper.cs(46,13): error CS0518: Predefined type 'System.Object' is not defined or imported
C:\gh\azure-sdk-for-net\sdk\edgegateway\Microsoft.Azure.Management.EdgeGateway\tests\Helpers\RoleHelper.cs(46,13): error CS0246: The type or namespace name 'IPage<>' could not be found (are you missing a using directive or an assembly reference?)
C:\gh\azure-sdk-for-net\sdk\edgegateway\Microsoft.Azure.Management.EdgeGateway\tests\Helpers\RoleHelper.cs(46,19): error CS0518: Predefined type 'System.Object' is not defined or imported
C:\gh\azure-sdk-for-net\sdk\edgegateway\Microsoft.Azure.Management.EdgeGateway\tests\Helpers\RoleHelper.cs(46,33): error CS0246: The type or namespace name 'IPage<>' could not be found (are you missing a using directive or an assembly reference?)
C:\gh\azure-sdk-for-net\sdk\edgegateway\Microsoft.Azure.Management.EdgeGateway\tests\Helpers\SacHelper.cs(18,13): error CS0518: Predefined type 'System.Object' is not defined or imported
C:\gh\azure-sdk-for-net\sdk\edgegateway\Microsoft.Azure.Management.EdgeGateway\tests\Helpers\SacHelper.cs(18,48): error CS0518: Predefined type 'System.Object' is not defined or imported
C:\gh\azure-sdk-for-net\sdk\edgegateway\Microsoft.Azure.Management.EdgeGateway\tests\Helpers\SacHelper.cs(18,82): error CS0518: Predefined type 'System.String' is not defined or imported
C:\gh\azure-sdk-for-net\sdk\edgegateway\Microsoft.Azure.Management.EdgeGateway\tests\Helpers\SacHelper.cs(18,94): error CS0518: Predefined type 'System.String' is not defined or imported
C:\gh\azure-sdk-for-net\sdk\edgegateway\Microsoft.Azure.Management.EdgeGateway\tests\Helpers\SacHelper.cs(18,119): error CS0518: Predefined type 'System.String' is not defined or imported
C:\gh\azure-sdk-for-net\sdk\edgegateway\Microsoft.Azure.Management.EdgeGateway\tests\Helpers\SacHelper.cs(18,48): error CS0518: Predefined type 'System.Void' is not defined or imported
C:\gh\azure-sdk-for-net\sdk\edgegateway\Microsoft.Azure.Management.EdgeGateway\tests\Helpers\SacHelper.cs(38,13): error CS0518: Predefined type 'System.Object' is not defined or imported
C:\gh\azure-sdk-for-net\sdk\edgegateway\Microsoft.Azure.Management.EdgeGateway\tests\Helpers\SacHelper.cs(38,13): error CS0246: The type or namespace name 'IPage<>' could not be found (are you missing a using directive or an assembly reference?)
C:\gh\azure-sdk-for-net\sdk\edgegateway\Microsoft.Azure.Management.EdgeGateway\tests\Helpers\SacHelper.cs(38,19): error CS0518: Predefined type 'System.Object' is not defined or imported
C:\gh\azure-sdk-for-net\sdk\edgegateway\Microsoft.Azure.Management.EdgeGateway\tests\Helpers\SacHelper.cs(38,55): error CS0246: The type or namespace name 'IPage<>' could not be found (are you missing a using directive or an assembly reference?)
C:\gh\azure-sdk-for-net\sdk\edgegateway\Microsoft.Azure.Management.EdgeGateway\tests\Helpers\SacHelper.cs(56,13): error CS0518: Predefined type 'System.Object' is not defined or imported
C:\gh\azure-sdk-for-net\sdk\edgegateway\Microsoft.Azure.Management.EdgeGateway\tests\Helpers\SacHelper.cs(56,13): error CS0246: The type or namespace name 'IPage<>' could not be found (are you missing a using directive or an assembly reference?)
C:\gh\azure-sdk-for-net\sdk\edgegateway\Microsoft.Azure.Management.EdgeGateway\tests\Helpers\SacHelper.cs(56,19): error CS0518: Predefined type 'System.Object' is not defined or imported
C:\gh\azure-sdk-for-net\sdk\edgegateway\Microsoft.Azure.Management.EdgeGateway\tests\Helpers\SacHelper.cs(56,55): error CS0246: The type or namespace name 'IPage<>' could not be found (are you missing a using directive or an assembly reference?)
C:\gh\azure-sdk-for-net\sdk\edgegateway\Microsoft.Azure.Management.EdgeGateway\tests\Helpers\ShareHelper.cs(18,13): error CS0518: Predefined type 'System.Object' is not defined or imported
C:\gh\azure-sdk-for-net\sdk\edgegateway\Microsoft.Azure.Management.EdgeGateway\tests\Helpers\ShareHelper.cs(18,31): error CS0518: Predefined type 'System.Object' is not defined or imported
C:\gh\azure-sdk-for-net\sdk\edgegateway\Microsoft.Azure.Management.EdgeGateway\tests\Helpers\ShareHelper.cs(18,37): error CS0518: Predefined type 'System.String' is not defined or imported
C:\gh\azure-sdk-for-net\sdk\edgegateway\Microsoft.Azure.Management.EdgeGateway\tests\Helpers\ShareHelper.cs(18,47): error CS0518: Predefined type 'System.String' is not defined or imported
C:\gh\azure-sdk-for-net\sdk\edgegateway\Microsoft.Azure.Management.EdgeGateway\tests\Helpers\ShareHelper.cs(18,58): error CS0518: Predefined type 'System.String' is not defined or imported
C:\gh\azure-sdk-for-net\sdk\edgegateway\Microsoft.Azure.Management.EdgeGateway\tests\Helpers\ShareHelper.cs(18,77): error CS0518: Predefined type 'System.String' is not defined or imported
C:\gh\azure-sdk-for-net\sdk\edgegateway\Microsoft.Azure.Management.EdgeGateway\tests\Helpers\ShareHelper.cs(18,31): error CS0518: Predefined type 'System.Void' is not defined or imported
C:\gh\azure-sdk-for-net\sdk\edgegateway\Microsoft.Azure.Management.EdgeGateway\tests\Helpers\ShareHelper.cs(19,19): error CS0518: Predefined type 'System.Void' is not defined or imported
C:\gh\azure-sdk-for-net\sdk\edgegateway\Microsoft.Azure.Management.EdgeGateway\tests\Helpers\ShareHelper.cs(19,44): error CS0518: Predefined type 'System.Object' is not defined or imported
C:\gh\azure-sdk-for-net\sdk\edgegateway\Microsoft.Azure.Management.EdgeGateway\tests\Helpers\ShareHelper.cs(19,70): error CS0518: Predefined type 'System.String' is not defined or imported
C:\gh\azure-sdk-for-net\sdk\edgegateway\Microsoft.Azure.Management.EdgeGateway\tests\Helpers\ShareHelper.cs(19,90): error CS0518: Predefined type 'System.String' is not defined or imported
C:\gh\azure-sdk-for-net\sdk\edgegateway\Microsoft.Azure.Management.EdgeGateway\tests\Helpers\ShareHelper.cs(19,44): error CS0518: Predefined type 'System.Void' is not defined or imported
C:\gh\azure-sdk-for-net\sdk\edgegateway\Microsoft.Azure.Management.EdgeGateway\tests\Helpers\ShareHelper.cs(20,19): error CS0246: The type or namespace name 'IList<>' could not be found (are you missing a using directive or an assembly reference?)
C:\gh\azure-sdk-for-net\sdk\edgegateway\Microsoft.Azure.Management.EdgeGateway\tests\Helpers\ShareHelper.cs(20,42): error CS0518: Predefined type 'System.Object' is not defined or imported
C:\gh\azure-sdk-for-net\sdk\edgegateway\Microsoft.Azure.Management.EdgeGateway\tests\Helpers\ShareHelper.cs(20,42): error CS0246: The type or namespace name 'List<>' could not be found (are you missing a using directive or an assembly reference?)
C:\gh\azure-sdk-for-net\sdk\edgegateway\Microsoft.Azure.Management.EdgeGateway\tests\Helpers\ShareHelper.cs(20,47): error CS0518: Predefined type 'System.Object' is not defined or imported
C:\gh\azure-sdk-for-net\sdk\edgegateway\Microsoft.Azure.Management.EdgeGateway\tests\Helpers\ShareHelper.cs(21,19): error CS0246: The type or namespace name 'IList<>' could not be found (are you missing a using directive or an assembly reference?)
C:\gh\azure-sdk-for-net\sdk\edgegateway\Microsoft.Azure.Management.EdgeGateway\tests\Helpers\ShareHelper.cs(21,44): error CS0518: Predefined type 'System.Object' is not defined or imported
C:\gh\azure-sdk-for-net\sdk\edgegateway\Microsoft.Azure.Management.EdgeGateway\tests\Helpers\ShareHelper.cs(21,68): error CS0518: Predefined type 'System.String' is not defined or imported
C:\gh\azure-sdk-for-net\sdk\edgegateway\Microsoft.Azure.Management.EdgeGateway\tests\Helpers\ShareHelper.cs(21,44): error CS0518: Predefined type 'System.Void' is not defined or imported
C:\gh\azure-sdk-for-net\sdk\edgegateway\Microsoft.Azure.Management.EdgeGateway\tests\Helpers\ShareHelper.cs(33,13): error CS0518: Predefined type 'System.Object' is not defined or imported
C:\gh\azure-sdk-for-net\sdk\edgegateway\Microsoft.Azure.Management.EdgeGateway\tests\Helpers\ShareHelper.cs(33,31): error CS0518: Predefined type 'System.Object' is not defined or imported
C:\gh\azure-sdk-for-net\sdk\edgegateway\Microsoft.Azure.Management.EdgeGateway\tests\Helpers\ShareHelper.cs(33,37): error CS0518: Predefined type 'System.String' is not defined or imported
C:\gh\azure-sdk-for-net\sdk\edgegateway\Microsoft.Azure.Management.EdgeGateway\tests\Helpers\ShareHelper.cs(33,47): error CS0518: Predefined type 'System.String' is not defined or imported
C:\gh\azure-sdk-for-net\sdk\edgegateway\Microsoft.Azure.Management.EdgeGateway\tests\Helpers\ShareHelper.cs(33,58): error CS0518: Predefined type 'System.String' is not defined or imported
C:\gh\azure-sdk-for-net\sdk\edgegateway\Microsoft.Azure.Management.EdgeGateway\tests\Helpers\ShareHelper.cs(33,77): error CS0518: Predefined type 'System.String' is not defined or imported
C:\gh\azure-sdk-for-net\sdk\edgegateway\Microsoft.Azure.Management.EdgeGateway\tests\Helpers\ShareHelper.cs(33,31): error CS0518: Predefined type 'System.Void' is not defined or imported
C:\gh\azure-sdk-for-net\sdk\edgegateway\Microsoft.Azure.Management.EdgeGateway\tests\Helpers\ShareHelper.cs(34,19): error CS0518: Predefined type 'System.Void' is not defined or imported
C:\gh\azure-sdk-for-net\sdk\edgegateway\Microsoft.Azure.Management.EdgeGateway\tests\Helpers\ShareHelper.cs(34,44): error CS0518: Predefined type 'System.Object' is not defined or imported
C:\gh\azure-sdk-for-net\sdk\edgegateway\Microsoft.Azure.Management.EdgeGateway\tests\Helpers\ShareHelper.cs(34,70): error CS0518: Predefined type 'System.String' is not defined or imported
C:\gh\azure-sdk-for-net\sdk\edgegateway\Microsoft.Azure.Management.EdgeGateway\tests\Helpers\ShareHelper.cs(34,90): error CS0518: Predefined type 'System.String' is not defined or imported
C:\gh\azure-sdk-for-net\sdk\edgegateway\Microsoft.Azure.Management.EdgeGateway\tests\Helpers\ShareHelper.cs(34,44): error CS0518: Predefined type 'System.Void' is not defined or imported
C:\gh\azure-sdk-for-net\sdk\edgegateway\Microsoft.Azure.Management.EdgeGateway\tests\Helpers\ShareHelper.cs(35,19): error CS0246: The type or namespace name 'IList<>' could not be found (are you missing a using directive or an assembly reference?)
C:\gh\azure-sdk-for-net\sdk\edgegateway\Microsoft.Azure.Management.EdgeGateway\tests\Helpers\ShareHelper.cs(35,44): error CS0518: Predefined type 'System.Object' is not defined or imported
C:\gh\azure-sdk-for-net\sdk\edgegateway\Microsoft.Azure.Management.EdgeGateway\tests\Helpers\ShareHelper.cs(35,44): error CS0246: The type or namespace name 'List<>' could not be found (are you missing a using directive or an assembly reference?)
C:\gh\azure-sdk-for-net\sdk\edgegateway\Microsoft.Azure.Management.EdgeGateway\tests\Helpers\ShareHelper.cs(35,49): error CS0518: Predefined type 'System.Object' is not defined or imported
C:\gh\azure-sdk-for-net\sdk\edgegateway\Microsoft.Azure.Management.EdgeGateway\tests\Helpers\ShareHelper.cs(36,19): error CS0246: The type or namespace name 'IList<>' could not be found (are you missing a using directive or an assembly reference?)
C:\gh\azure-sdk-for-net\sdk\edgegateway\Microsoft.Azure.Management.EdgeGateway\tests\Helpers\ShareHelper.cs(36,46): error CS0518: Predefined type 'System.Object' is not defined or imported
C:\gh\azure-sdk-for-net\sdk\edgegateway\Microsoft.Azure.Management.EdgeGateway\tests\Helpers\ShareHelper.cs(36,74): error CS0518: Predefined type 'System.String' is not defined or imported
C:\gh\azure-sdk-for-net\sdk\edgegateway\Microsoft.Azure.Management.EdgeGateway\tests\Helpers\ShareHelper.cs(36,46): error CS0518: Predefined type 'System.Void' is not defined or imported
C:\gh\azure-sdk-for-net\sdk\edgegateway\Microsoft.Azure.Management.EdgeGateway\tests\Helpers\ShareHelper.cs(56,13): error CS0518: Predefined type 'System.Object' is not defined or imported
C:\gh\azure-sdk-for-net\sdk\edgegateway\Microsoft.Azure.Management.EdgeGateway\tests\Helpers\ShareHelper.cs(56,13): error CS0246: The type or namespace name 'IPage<>' could not be found (are you missing a using directive or an assembly reference?)
C:\gh\azure-sdk-for-net\sdk\edgegateway\Microsoft.Azure.Management.EdgeGateway\tests\Helpers\ShareHelper.cs(56,19): error CS0518: Predefined type 'System.Object' is not defined or imported
C:\gh\azure-sdk-for-net\sdk\edgegateway\Microsoft.Azure.Management.EdgeGateway\tests\Helpers\ShareHelper.cs(56,35): error CS0246: The type or namespace name 'IPage<>' could not be found (are you missing a using directive or an assembly reference?)
C:\gh\azure-sdk-for-net\sdk\edgegateway\Microsoft.Azure.Management.EdgeGateway\tests\Helpers\ShareHelper.cs(74,13): error CS0518: Predefined type 'System.Object' is not defined or imported
C:\gh\azure-sdk-for-net\sdk\edgegateway\Microsoft.Azure.Management.EdgeGateway\tests\Helpers\ShareHelper.cs(74,13): error CS0246: The type or namespace name 'IPage<>' could not be found (are you missing a using directive or an assembly reference?)
C:\gh\azure-sdk-for-net\sdk\edgegateway\Microsoft.Azure.Management.EdgeGateway\tests\Helpers\ShareHelper.cs(74,19): error CS0518: Predefined type 'System.Object' is not defined or imported
C:\gh\azure-sdk-for-net\sdk\edgegateway\Microsoft.Azure.Management.EdgeGateway\tests\Helpers\ShareHelper.cs(74,35): error CS0246: The type or namespace name 'IPage<>' could not be found (are you missing a using directive or an assembly reference?)
C:\gh\azure-sdk-for-net\sdk\edgegateway\Microsoft.Azure.Management.EdgeGateway\tests\Helpers\TriggerHelper.cs(18,13): error CS0518: Predefined type 'System.String' is not defined or imported
C:\gh\azure-sdk-for-net\sdk\edgegateway\Microsoft.Azure.Management.EdgeGateway\tests\Helpers\TriggerHelper.cs(18,36): error CS0518: Predefined type 'System.String' is not defined or imported
C:\gh\azure-sdk-for-net\sdk\edgegateway\Microsoft.Azure.Management.EdgeGateway\tests\Helpers\TriggerHelper.cs(19,13): error CS0518: Predefined type 'System.String' is not defined or imported
C:\gh\azure-sdk-for-net\sdk\edgegateway\Microsoft.Azure.Management.EdgeGateway\tests\Helpers\TriggerHelper.cs(19,29): error CS0518: Predefined type 'System.String' is not defined or imported
C:\gh\azure-sdk-for-net\sdk\edgegateway\Microsoft.Azure.Management.EdgeGateway\tests\Helpers\TriggerHelper.cs(20,13): error CS0518: Predefined type 'System.Object' is not defined or imported
C:\gh\azure-sdk-for-net\sdk\edgegateway\Microsoft.Azure.Management.EdgeGateway\tests\Helpers\TriggerHelper.cs(20,53): error CS0518: Predefined type 'System.Object' is not defined or imported
C:\gh\azure-sdk-for-net\sdk\edgegateway\Microsoft.Azure.Management.EdgeGateway\tests\Helpers\TriggerHelper.cs(20,74): error CS0518: Predefined type 'System.Object' is not defined or imported
C:\gh\azure-sdk-for-net\sdk\edgegateway\Microsoft.Azure.Management.EdgeGateway\tests\Helpers\TriggerHelper.cs(20,74): error CS0518: Predefined type 'System.Void' is not defined or imported
C:\gh\azure-sdk-for-net\sdk\edgegateway\Microsoft.Azure.Management.EdgeGateway\tests\Helpers\TriggerHelper.cs(20,109): error CS0518: Predefined type 'System.Object' is not defined or imported
C:\gh\azure-sdk-for-net\sdk\edgegateway\Microsoft.Azure.Management.EdgeGateway\tests\Helpers\TriggerHelper.cs(20,109): error CS0518: Predefined type 'System.Void' is not defined or imported
C:\gh\azure-sdk-for-net\sdk\edgegateway\Microsoft.Azure.Management.EdgeGateway\tests\Helpers\TriggerHelper.cs(20,149): error CS0518: Predefined type 'System.String' is not defined or imported
C:\gh\azure-sdk-for-net\sdk\edgegateway\Microsoft.Azure.Management.EdgeGateway\tests\Helpers\TriggerHelper.cs(20,53): error CS0518: Predefined type 'System.Void' is not defined or imported
C:\gh\azure-sdk-for-net\sdk\edgegateway\Microsoft.Azure.Management.EdgeGateway\tests\Helpers\TriggerHelper.cs(31,13): error CS0518: Predefined type 'System.String' is not defined or imported
C:\gh\azure-sdk-for-net\sdk\edgegateway\Microsoft.Azure.Management.EdgeGateway\tests\Helpers\TriggerHelper.cs(31,29): error CS0518: Predefined type 'System.String' is not defined or imported
C:\gh\azure-sdk-for-net\sdk\edgegateway\Microsoft.Azure.Management.EdgeGateway\tests\Helpers\TriggerHelper.cs(33,13): error CS0518: Predefined type 'System.Object' is not defined or imported
C:\gh\azure-sdk-for-net\sdk\edgegateway\Microsoft.Azure.Management.EdgeGateway\tests\Helpers\TriggerHelper.cs(33,54): error CS0518: Predefined type 'System.Object' is not defined or imported
C:\gh\azure-sdk-for-net\sdk\edgegateway\Microsoft.Azure.Management.EdgeGateway\tests\Helpers\TriggerHelper.cs(33,78): error CS0518: Predefined type 'System.Object' is not defined or imported
C:\gh\azure-sdk-for-net\sdk\edgegateway\Microsoft.Azure.Management.EdgeGateway\tests\Helpers\TriggerHelper.cs(33,78): error CS0103: The name 'DateTime' does not exist in the current context
C:\gh\azure-sdk-for-net\sdk\edgegateway\Microsoft.Azure.Management.EdgeGateway\tests\Helpers\TriggerHelper.cs(33,100): error CS0518: Predefined type 'System.String' is not defined or imported
C:\gh\azure-sdk-for-net\sdk\edgegateway\Microsoft.Azure.Management.EdgeGateway\tests\Helpers\TriggerHelper.cs(33,111): error CS0518: Predefined type 'System.String' is not defined or imported
C:\gh\azure-sdk-for-net\sdk\edgegateway\Microsoft.Azure.Management.EdgeGateway\tests\Helpers\TriggerHelper.cs(33,54): error CS0518: Predefined type 'System.Void' is not defined or imported
C:\gh\azure-sdk-for-net\sdk\edgegateway\Microsoft.Azure.Management.EdgeGateway\tests\Helpers\TriggerHelper.cs(34,13): error CS0518: Predefined type 'System.Object' is not defined or imported
C:\gh\azure-sdk-for-net\sdk\edgegateway\Microsoft.Azure.Management.EdgeGateway\tests\Helpers\TriggerHelper.cs(34,71): error CS0518: Predefined type 'System.Object' is not defined or imported
C:\gh\azure-sdk-for-net\sdk\edgegateway\Microsoft.Azure.Management.EdgeGateway\tests\Helpers\TriggerHelper.cs(34,113): error CS0518: Predefined type 'System.Object' is not defined or imported
C:\gh\azure-sdk-for-net\sdk\edgegateway\Microsoft.Azure.Management.EdgeGateway\tests\Helpers\TriggerHelper.cs(34,113): error CS0518: Predefined type 'System.Void' is not defined or imported
C:\gh\azure-sdk-for-net\sdk\edgegateway\Microsoft.Azure.Management.EdgeGateway\tests\Helpers\TriggerHelper.cs(34,153): error CS0518: Predefined type 'System.String' is not defined or imported
C:\gh\azure-sdk-for-net\sdk\edgegateway\Microsoft.Azure.Management.EdgeGateway\tests\Helpers\TriggerHelper.cs(34,71): error CS0518: Predefined type 'System.Void' is not defined or imported
C:\gh\azure-sdk-for-net\sdk\edgegateway\Microsoft.Azure.Management.EdgeGateway\tests\Helpers\TriggerHelper.cs(53,13): error CS0518: Predefined type 'System.Object' is not defined or imported
C:\gh\azure-sdk-for-net\sdk\edgegateway\Microsoft.Azure.Management.EdgeGateway\tests\Helpers\TriggerHelper.cs(53,13): error CS0246: The type or namespace name 'IPage<>' could not be found (are you missing a using directive or an assembly reference?)
C:\gh\azure-sdk-for-net\sdk\edgegateway\Microsoft.Azure.Management.EdgeGateway\tests\Helpers\TriggerHelper.cs(53,19): error CS0518: Predefined type 'System.Object' is not defined or imported
C:\gh\azure-sdk-for-net\sdk\edgegateway\Microsoft.Azure.Management.EdgeGateway\tests\Helpers\TriggerHelper.cs(53,39): error CS0246: The type or namespace name 'IPage<>' could not be found (are you missing a using directive or an assembly reference?)
C:\gh\azure-sdk-for-net\sdk\edgegateway\Microsoft.Azure.Management.EdgeGateway\tests\Helpers\UserHelper.cs(26,13): error CS0518: Predefined type 'System.Object' is not defined or imported
C:\gh\azure-sdk-for-net\sdk\edgegateway\Microsoft.Azure.Management.EdgeGateway\tests\Helpers\UserHelper.cs(26,13): error CS0246: The type or namespace name 'IPage<>' could not be found (are you missing a using directive or an assembly reference?)
C:\gh\azure-sdk-for-net\sdk\edgegateway\Microsoft.Azure.Management.EdgeGateway\tests\Helpers\UserHelper.cs(26,19): error CS0518: Predefined type 'System.Object' is not defined or imported
C:\gh\azure-sdk-for-net\sdk\edgegateway\Microsoft.Azure.Management.EdgeGateway\tests\Helpers\UserHelper.cs(26,36): error CS0246: The type or namespace name 'IPage<>' could not be found (are you missing a using directive or an assembly reference?)
C:\gh\azure-sdk-for-net\sdk\edgegateway\Microsoft.Azure.Management.EdgeGateway\tests\Helpers\UserHelper.cs(44,13): error CS0518: Predefined type 'System.Object' is not defined or imported
C:\gh\azure-sdk-for-net\sdk\edgegateway\Microsoft.Azure.Management.EdgeGateway\tests\Helpers\UserHelper.cs(44,13): error CS0246: The type or namespace name 'IPage<>' could not be found (are you missing a using directive or an assembly reference?)
C:\gh\azure-sdk-for-net\sdk\edgegateway\Microsoft.Azure.Management.EdgeGateway\tests\Helpers\UserHelper.cs(44,19): error CS0518: Predefined type 'System.Object' is not defined or imported
C:\gh\azure-sdk-for-net\sdk\edgegateway\Microsoft.Azure.Management.EdgeGateway\tests\Helpers\UserHelper.cs(44,36): error CS0246: The type or namespace name 'IPage<>' could not be found (are you missing a using directive or an assembly reference?)
C:\gh\azure-sdk-for-net\sdk\edgegateway\Microsoft.Azure.Management.EdgeGateway\tests\Tests\BandwidthScheduleTests.cs(3,1): hidden CS8019: Unnecessary using directive.
C:\gh\azure-sdk-for-net\sdk\edgegateway\Microsoft.Azure.Management.EdgeGateway\tests\Helpers\DeviceHelper.cs(3,1): hidden CS8019: Unnecessary using directive.
C:\gh\azure-sdk-for-net\sdk\edgegateway\Microsoft.Azure.Management.EdgeGateway\tests\Helpers\SacHelper.cs(4,1): hidden CS8019: Unnecessary using directive.
C:\gh\azure-sdk-for-net\sdk\edgegateway\Microsoft.Azure.Management.EdgeGateway\tests\Tests\OrderTests.cs(3,1): hidden CS8019: Unnecessary using directive.
C:\gh\azure-sdk-for-net\eng\mgmt\DisableTestRunParallel.cs(5,1): hidden CS8019: Unnecessary using directive.
C:\gh\azure-sdk-for-net\sdk\edgegateway\Microsoft.Azure.Management.EdgeGateway\tests\Tests\AlertTests.cs(4,1): hidden CS8019: Unnecessary using directive.
C:\gh\azure-sdk-for-net\sdk\edgegateway\Microsoft.Azure.Management.EdgeGateway\tests\Tests\DeviceExtendedInfoTests.cs(4,5): hidden CS8019: Unnecessary using directive.
C:\gh\azure-sdk-for-net\sdk\edgegateway\Microsoft.Azure.Management.EdgeGateway\tests\Tests\EdgeGatewayTestBase.cs(6,5): hidden CS8019: Unnecessary using directive.
C:\gh\azure-sdk-for-net\sdk\edgegateway\Microsoft.Azure.Management.EdgeGateway\tests\Tests\UserTests.cs(5,1): hidden CS8019: Unnecessary using directive.
C:\gh\azure-sdk-for-net\sdk\edgegateway\Microsoft.Azure.Management.EdgeGateway\tests\Helpers\TriggerHelper.cs(3,1): hidden CS8019: Unnecessary using directive.
C:\gh\azure-sdk-for-net\sdk\edgegateway\Microsoft.Azure.Management.EdgeGateway\tests\Tests\ShareTests.cs(4,1): hidden CS8019: Unnecessary using directive.
C:\gh\azure-sdk-for-net\sdk\edgegateway\Microsoft.Azure.Management.EdgeGateway\tests\Tests\DeviceTests.cs(5,5): hidden CS8019: Unnecessary using directive.
C:\gh\azure-sdk-for-net\sdk\edgegateway\Microsoft.Azure.Management.EdgeGateway\tests\Helpers\AlertHelper.cs(3,1): hidden CS8019: Unnecessary using directive.
C:\gh\azure-sdk-for-net\sdk\edgegateway\Microsoft.Azure.Management.EdgeGateway\tests\Helpers\OrderHelper.cs(6,1): hidden CS8019: Unnecessary using directive.
C:\gh\azure-sdk-for-net\sdk\edgegateway\Microsoft.Azure.Management.EdgeGateway\tests\Helpers\BandwidthScheduleHelper.cs(4,1): hidden CS8019: Unnecessary using directive.
C:\gh\azure-sdk-for-net\sdk\edgegateway\Microsoft.Azure.Management.EdgeGateway\tests\Tests\NetworkSettingsTest.cs(2,1): hidden CS8019: Unnecessary using directive.
C:\gh\azure-sdk-for-net\sdk\edgegateway\Microsoft.Azure.Management.EdgeGateway\tests\Tests\EdgeGatewayTestBase.cs(7,5): hidden CS8019: Unnecessary using directive.
C:\gh\azure-sdk-for-net\sdk\edgegateway\Microsoft.Azure.Management.EdgeGateway\tests\Tests\EdgeGatewayTestBase.cs(5,5): hidden CS8019: Unnecessary using directive.
C:\gh\azure-sdk-for-net\sdk\edgegateway\Microsoft.Azure.Management.EdgeGateway\tests\Tests\RoleTests.cs(5,1): hidden CS8019: Unnecessary using directive.
C:\gh\azure-sdk-for-net\sdk\edgegateway\Microsoft.Azure.Management.EdgeGateway\tests\Helpers\DevicePatchHelper.cs(4,1): hidden CS8019: Unnecessary using directive.
C:\gh\azure-sdk-for-net\sdk\edgegateway\Microsoft.Azure.Management.EdgeGateway\tests\Tests\TriggerTests.cs(3,1): hidden CS8019: Unnecessary using directive.
C:\gh\azure-sdk-for-net\sdk\edgegateway\Microsoft.Azure.Management.EdgeGateway\tests\Tests\AlertTests.cs(3,1): hidden CS8019: Unnecessary using directive.
C:\gh\azure-sdk-for-net\sdk\edgegateway\Microsoft.Azure.Management.EdgeGateway\tests\Properties\AssemblyInfo.cs(7,1): hidden CS8019: Unnecessary using directive.
C:\gh\azure-sdk-for-net\sdk\edgegateway\Microsoft.Azure.Management.EdgeGateway\tests\Properties\AssemblyInfo.cs(4,1): hidden CS8019: Unnecessary using directive.
C:\gh\azure-sdk-for-net\sdk\edgegateway\Microsoft.Azure.Management.EdgeGateway\tests\Tests\TriggerTests.cs(6,1): hidden CS8019: Unnecessary using directive.
C:\gh\azure-sdk-for-net\sdk\edgegateway\Microsoft.Azure.Management.EdgeGateway\tests\Tests\UserTests.cs(4,1): hidden CS8019: Unnecessary using directive.
C:\gh\azure-sdk-for-net\sdk\edgegateway\Microsoft.Azure.Management.EdgeGateway\tests\Properties\AssemblyInfo.cs(6,1): hidden CS8019: Unnecessary using directive.
C:\gh\azure-sdk-for-net\sdk\edgegateway\Microsoft.Azure.Management.EdgeGateway\tests\Tests\RoleTests.cs(3,1): hidden CS8019: Unnecessary using directive.
C:\gh\azure-sdk-for-net\sdk\edgegateway\Microsoft.Azure.Management.EdgeGateway\tests\Helpers\RoleHelper.cs(6,1): hidden CS8019: Unnecessary using directive.
C:\gh\azure-sdk-for-net\sdk\edgegateway\Microsoft.Azure.Management.EdgeGateway\tests\Helpers\UserHelper.cs(4,1): hidden CS8019: Unnecessary using directive.
C:\gh\azure-sdk-for-net\sdk\edgegateway\Microsoft.Azure.Management.EdgeGateway\tests\Tests\DeviceExtendedInfoTests.cs(5,5): hidden CS8019: Unnecessary using directive.
C:\gh\azure-sdk-for-net\sdk\edgegateway\Microsoft.Azure.Management.EdgeGateway\tests\Helpers\ShareHelper.cs(3,1): hidden CS8019: Unnecessary using directive.
C:\gh\azure-sdk-for-net\sdk\edgegateway\Microsoft.Azure.Management.EdgeGateway\tests\Helpers\OrderHelper.cs(4,1): hidden CS8019: Unnecessary using directive.
C:\gh\azure-sdk-for-net\sdk\edgegateway\Microsoft.Azure.Management.EdgeGateway\tests\Tests\DeviceExtendedInfoTests.cs(3,5): hidden CS8019: Unnecessary using directive.
C:\gh\azure-sdk-for-net\sdk\edgegateway\Microsoft.Azure.Management.EdgeGateway\tests\Helpers\BandwidthScheduleHelper.cs(5,1): hidden CS8019: Unnecessary using directive.
C:\gh\azure-sdk-for-net\sdk\edgegateway\Microsoft.Azure.Management.EdgeGateway\tests\Helpers\SacHelper.cs(3,1): hidden CS8019: Unnecessary using directive.
C:\gh\azure-sdk-for-net\eng\mgmt\DisableTestRunParallel.cs(4,1): hidden CS8019: Unnecessary using directive.
C:\gh\azure-sdk-for-net\sdk\edgegateway\Microsoft.Azure.Management.EdgeGateway\tests\Tests\TriggerTests.cs(5,1): hidden CS8019: Unnecessary using directive.
C:\gh\azure-sdk-for-net\sdk\edgegateway\Microsoft.Azure.Management.EdgeGateway\tests\Tests\JobsTests.cs(3,1): hidden CS8019: Unnecessary using directive.
C:\gh\azure-sdk-for-net\artifacts\obj\Microsoft.Azure.Management.EdgeGateway.Tests\Debug\netcoreapp2.0\.NETCoreApp,Version=v2.0.AssemblyAttributes.cs(3,1): hidden CS8019: Unnecessary using directive.
C:\gh\azure-sdk-for-net\sdk\edgegateway\Microsoft.Azure.Management.EdgeGateway\tests\Tests\OrderTests.cs(2,1): hidden CS8019: Unnecessary using directive.
C:\gh\azure-sdk-for-net\sdk\edgegateway\Microsoft.Azure.Management.EdgeGateway\tests\Tests\EdgeGatewayTestBase.cs(9,5): hidden CS8019: Unnecessary using directive.
C:\gh\azure-sdk-for-net\sdk\edgegateway\Microsoft.Azure.Management.EdgeGateway\tests\Tests\RoleTests.cs(2,1): hidden CS8019: Unnecessary using directive.
C:\gh\azure-sdk-for-net\sdk\edgegateway\Microsoft.Azure.Management.EdgeGateway\tests\Tests\OrderTests.cs(5,1): hidden CS8019: Unnecessary using directive.
C:\gh\azure-sdk-for-net\sdk\edgegateway\Microsoft.Azure.Management.EdgeGateway\tests\Tests\EdgeGatewayTestBase.cs(4,5): hidden CS8019: Unnecessary using directive.
C:\gh\azure-sdk-for-net\sdk\edgegateway\Microsoft.Azure.Management.EdgeGateway\tests\Helpers\BandwidthScheduleHelper.cs(3,1): hidden CS8019: Unnecessary using directive.
C:\gh\azure-sdk-for-net\sdk\edgegateway\Microsoft.Azure.Management.EdgeGateway\tests\Helpers\RoleHelper.cs(4,1): hidden CS8019: Unnecessary using directive.
C:\gh\azure-sdk-for-net\sdk\edgegateway\Microsoft.Azure.Management.EdgeGateway\tests\Tests\AlertTests.cs(2,1): hidden CS8019: Unnecessary using directive.
C:\gh\azure-sdk-for-net\sdk\edgegateway\Microsoft.Azure.Management.EdgeGateway\tests\Tests\UserTests.cs(3,1): hidden CS8019: Unnecessary using directive.
C:\gh\azure-sdk-for-net\artifacts\obj\Microsoft.Azure.Management.EdgeGateway.Tests\Debug\netcoreapp2.0\Microsoft.Azure.Management.EdgeGateway.Tests.AssemblyInfo.cs(11,1): hidden CS8019: Unnecessary using directive.
C:\gh\azure-sdk-for-net\sdk\edgegateway\Microsoft.Azure.Management.EdgeGateway\tests\Tests\EdgeGatewayTestBase.cs(10,5): hidden CS8019: Unnecessary using directive.
C:\gh\azure-sdk-for-net\sdk\edgegateway\Microsoft.Azure.Management.EdgeGateway\tests\Tests\ShareTests.cs(3,1): hidden CS8019: Unnecessary using directive.
C:\gh\azure-sdk-for-net\sdk\edgegateway\Microsoft.Azure.Management.EdgeGateway\tests\Tests\StorageAccountCredentialsTests.cs(4,1): hidden CS8019: Unnecessary using directive.
C:\gh\azure-sdk-for-net\sdk\edgegateway\Microsoft.Azure.Management.EdgeGateway\tests\Helpers\OrderHelper.cs(5,1): hidden CS8019: Unnecessary using directive.
C:\gh\azure-sdk-for-net\sdk\edgegateway\Microsoft.Azure.Management.EdgeGateway\tests\Tests\ShareTests.cs(6,1): hidden CS8019: Unnecessary using directive.
C:\gh\azure-sdk-for-net\sdk\edgegateway\Microsoft.Azure.Management.EdgeGateway\tests\Helpers\DeviceHelper.cs(4,1): hidden CS8019: Unnecessary using directive.
C:\gh\azure-sdk-for-net\sdk\edgegateway\Microsoft.Azure.Management.EdgeGateway\tests\Tests\EdgeGatewayTestBase.cs(11,5): hidden CS8019: Unnecessary using directive.
C:\gh\azure-sdk-for-net\sdk\edgegateway\Microsoft.Azure.Management.EdgeGateway\tests\Helpers\DevicePatchHelper.cs(1,1): hidden CS8019: Unnecessary using directive.
C:\gh\azure-sdk-for-net\sdk\edgegateway\Microsoft.Azure.Management.EdgeGateway\tests\Tests\JobsTests.cs(2,1): hidden CS8019: Unnecessary using directive.
C:\gh\azure-sdk-for-net\artifacts\obj\Microsoft.Azure.Management.EdgeGateway.Tests\Debug\netcoreapp2.0\.NETCoreApp,Version=v2.0.AssemblyAttributes.cs(2,1): hidden CS8019: Unnecessary using directive.
C:\gh\azure-sdk-for-net\sdk\edgegateway\Microsoft.Azure.Management.EdgeGateway\tests\Tests\OrderTests.cs(1,1): hidden CS8019: Unnecessary using directive.
C:\gh\azure-sdk-for-net\sdk\edgegateway\Microsoft.Azure.Management.EdgeGateway\tests\Helpers\TriggerHelper.cs(4,1): hidden CS8019: Unnecessary using directive.
C:\gh\azure-sdk-for-net\sdk\edgegateway\Microsoft.Azure.Management.EdgeGateway\tests\Helpers\UserHelper.cs(3,1): hidden CS8019: Unnecessary using directive.
C:\gh\azure-sdk-for-net\sdk\edgegateway\Microsoft.Azure.Management.EdgeGateway\tests\Helpers\AlertHelper.cs(4,1): hidden CS8019: Unnecessary using directive.
C:\gh\azure-sdk-for-net\sdk\edgegateway\Microsoft.Azure.Management.EdgeGateway\tests\Tests\OrderTests.cs(4,1): hidden CS8019: Unnecessary using directive.
C:\gh\azure-sdk-for-net\sdk\edgegateway\Microsoft.Azure.Management.EdgeGateway\tests\Helpers\DevicePatchHelper.cs(3,1): hidden CS8019: Unnecessary using directive.
C:\gh\azure-sdk-for-net\sdk\edgegateway\Microsoft.Azure.Management.EdgeGateway\tests\Tests\DeviceUpdatesTests.cs(3,1): hidden CS8019: Unnecessary using directive.
C:\gh\azure-sdk-for-net\sdk\edgegateway\Microsoft.Azure.Management.EdgeGateway\tests\Helpers\OrderHelper.cs(3,1): hidden CS8019: Unnecessary using directive.
C:\gh\azure-sdk-for-net\sdk\edgegateway\Microsoft.Azure.Management.EdgeGateway\tests\Tests\TriggerTests.cs(4,1): hidden CS8019: Unnecessary using directive.
C:\gh\azure-sdk-for-net\sdk\edgegateway\Microsoft.Azure.Management.EdgeGateway\tests\Helpers\RoleHelper.cs(5,1): hidden CS8019: Unnecessary using directive.
C:\gh\azure-sdk-for-net\sdk\edgegateway\Microsoft.Azure.Management.EdgeGateway\tests\Tests\BandwidthScheduleTests.cs(4,1): hidden CS8019: Unnecessary using directive.
C:\gh\azure-sdk-for-net\sdk\edgegateway\Microsoft.Azure.Management.EdgeGateway\tests\Tests\StorageAccountCredentialsTests.cs(3,1): hidden CS8019: Unnecessary using directive.
C:\gh\azure-sdk-for-net\sdk\edgegateway\Microsoft.Azure.Management.EdgeGateway\tests\Tests\ShareTests.cs(5,1): hidden CS8019: Unnecessary using directive.
C:\gh\azure-sdk-for-net\artifacts\obj\Microsoft.Azure.Management.EdgeGateway.Tests\Debug\netcoreapp2.0\Microsoft.Azure.Management.EdgeGateway.Tests.AssemblyInfo.cs(12,1): hidden CS8019: Unnecessary using directive.
C:\gh\azure-sdk-for-net\sdk\edgegateway\Microsoft.Azure.Management.EdgeGateway\tests\Tests\DeviceTests.cs(4,5): hidden CS8019: Unnecessary using directive.
C:\gh\azure-sdk-for-net\sdk\edgegateway\Microsoft.Azure.Management.EdgeGateway\tests\Properties\AssemblyInfo.cs(5,1): hidden CS8019: Unnecessary using directive.
C:\gh\azure-sdk-for-net\sdk\edgegateway\Microsoft.Azure.Management.EdgeGateway\tests\Tests\EdgeGatewayTestBase.cs(8,5): hidden CS8019: Unnecessary using directive.
C:\gh\azure-sdk-for-net\sdk\edgegateway\Microsoft.Azure.Management.EdgeGateway\tests\Helpers\BandwidthScheduleHelper.cs(6,1): hidden CS8019: Unnecessary using directive.
C:\gh\azure-sdk-for-net\sdk\edgegateway\Microsoft.Azure.Management.EdgeGateway\tests\Tests\DeviceUpdatesTests.cs(2,1): hidden CS8019: Unnecessary using directive.
C:\gh\azure-sdk-for-net\sdk\edgegateway\Microsoft.Azure.Management.EdgeGateway\tests\Helpers\RoleHelper.cs(3,1): hidden CS8019: Unnecessary using directive.
C:\gh\azure-sdk-for-net\sdk\edgegateway\Microsoft.Azure.Management.EdgeGateway\tests\Tests\DeviceTests.cs(7,5): hidden CS8019: Unnecessary using directive.
C:\gh\azure-sdk-for-net\sdk\edgegateway\Microsoft.Azure.Management.EdgeGateway\tests\Helpers\TriggerHelper.cs(5,1): hidden CS8019: Unnecessary using directive.
C:\gh\azure-sdk-for-net\sdk\edgegateway\Microsoft.Azure.Management.EdgeGateway\tests\Helpers\ShareHelper.cs(4,1): hidden CS8019: Unnecessary using directive.
C:\gh\azure-sdk-for-net\sdk\edgegateway\Microsoft.Azure.Management.EdgeGateway\tests\Tests\NetworkSettingsTest.cs(3,1): hidden CS8019: Unnecessary using directive.
