C:\gh\azure-sdk-for-net\sdk\azurestack\Microsoft.AzureStack.Management.Compute.Admin\tests\src\Helpers\AzureStackTestBase.cs(87,48): error CS0518: Predefined type 'System.Object' is not defined or imported
C:\gh\azure-sdk-for-net\sdk\azurestack\Microsoft.AzureStack.Management.Compute.Admin\tests\src\Helpers\AzureStackTestBase.cs(87,48): error CS0246: The type or namespace name 'Action' could not be found (are you missing a using directive or an assembly reference?)
C:\gh\azure-sdk-for-net\sdk\azurestack\Microsoft.AzureStack.Management.Compute.Admin\tests\src\Helpers\AzureStackTestBase.cs(87,63): error CS0518: Predefined type 'System.Object' is not defined or imported
C:\gh\azure-sdk-for-net\sdk\azurestack\Microsoft.AzureStack.Management.Compute.Admin\tests\src\Helpers\AzureStackTestBase.cs(87,63): error CS0246: The type or namespace name 'HttpStatusCode' could not be found (are you missing a using directive or an assembly reference?)
C:\gh\azure-sdk-for-net\sdk\azurestack\Microsoft.AzureStack.Management.Compute.Admin\tests\src\Helpers\AzureStackTestBase.cs(87,16): error CS0518: Predefined type 'System.Void' is not defined or imported
C:\gh\azure-sdk-for-net\sdk\azurestack\Microsoft.AzureStack.Management.Compute.Admin\tests\src\Helpers\Common.cs(271,47): error CS0518: Predefined type 'System.Object' is not defined or imported
C:\gh\azure-sdk-for-net\sdk\azurestack\Microsoft.AzureStack.Management.Compute.Admin\tests\src\Helpers\Common.cs(271,47): error CS0246: The type or namespace name 'IPage<>' could not be found (are you missing a using directive or an assembly reference?)
C:\gh\azure-sdk-for-net\sdk\azurestack\Microsoft.AzureStack.Management.Compute.Admin\tests\src\Helpers\Common.cs(271,63): error CS0518: Predefined type 'System.Object' is not defined or imported
C:\gh\azure-sdk-for-net\sdk\azurestack\Microsoft.AzureStack.Management.Compute.Admin\tests\src\Helpers\Common.cs(271,63): error CS0246: The type or namespace name 'Func<,>' could not be found (are you missing a using directive or an assembly reference?)
C:\gh\azure-sdk-for-net\sdk\azurestack\Microsoft.AzureStack.Management.Compute.Admin\tests\src\Helpers\Common.cs(271,68): error CS0518: Predefined type 'System.String' is not defined or imported
C:\gh\azure-sdk-for-net\sdk\azurestack\Microsoft.AzureStack.Management.Compute.Admin\tests\src\Helpers\Common.cs(271,76): error CS0518: Predefined type 'System.Object' is not defined or imported
C:\gh\azure-sdk-for-net\sdk\azurestack\Microsoft.AzureStack.Management.Compute.Admin\tests\src\Helpers\Common.cs(271,76): error CS0246: The type or namespace name 'IPage<>' could not be found (are you missing a using directive or an assembly reference?)
C:\gh\azure-sdk-for-net\sdk\azurestack\Microsoft.AzureStack.Management.Compute.Admin\tests\src\Helpers\Common.cs(271,19): error CS0518: Predefined type 'System.Object' is not defined or imported
C:\gh\azure-sdk-for-net\sdk\azurestack\Microsoft.AzureStack.Management.Compute.Admin\tests\src\Helpers\Common.cs(271,19): error CS0246: The type or namespace name 'IList<>' could not be found (are you missing a using directive or an assembly reference?)
C:\gh\azure-sdk-for-net\sdk\azurestack\Microsoft.AzureStack.Management.Compute.Admin\tests\src\Helpers\Common.cs(271,42): error CS1110: Cannot define a new extension method because the compiler required type 'System.Runtime.CompilerServices.ExtensionAttribute' cannot be found. Are you missing a reference to System.Core.dll?
C:\gh\azure-sdk-for-net\sdk\azurestack\Microsoft.AzureStack.Management.Compute.Admin\tests\src\Helpers\Common.cs(23,22): error CS0518: Predefined type 'System.String' is not defined or imported
C:\gh\azure-sdk-for-net\sdk\azurestack\Microsoft.AzureStack.Management.Compute.Admin\tests\src\Helpers\Common.cs(24,22): error CS0518: Predefined type 'System.Int32' is not defined or imported
C:\gh\azure-sdk-for-net\sdk\azurestack\Microsoft.AzureStack.Management.Compute.Admin\tests\src\Helpers\Common.cs(27,22): error CS0518: Predefined type 'System.Int32' is not defined or imported
C:\gh\azure-sdk-for-net\sdk\azurestack\Microsoft.AzureStack.Management.Compute.Admin\tests\src\Helpers\Common.cs(28,22): error CS0518: Predefined type 'System.Int32' is not defined or imported
C:\gh\azure-sdk-for-net\sdk\azurestack\Microsoft.AzureStack.Management.Compute.Admin\tests\src\Helpers\Common.cs(29,22): error CS0518: Predefined type 'System.Int32' is not defined or imported
C:\gh\azure-sdk-for-net\sdk\azurestack\Microsoft.AzureStack.Management.Compute.Admin\tests\src\Helpers\Common.cs(30,22): error CS0518: Predefined type 'System.Int32' is not defined or imported
C:\gh\azure-sdk-for-net\sdk\azurestack\Microsoft.AzureStack.Management.Compute.Admin\tests\src\Helpers\Common.cs(119,44): error CS0518: Predefined type 'System.Object' is not defined or imported
C:\gh\azure-sdk-for-net\sdk\azurestack\Microsoft.AzureStack.Management.Compute.Admin\tests\src\Helpers\Common.cs(119,44): error CS0246: The type or namespace name 'IPage<>' could not be found (are you missing a using directive or an assembly reference?)
C:\gh\azure-sdk-for-net\sdk\azurestack\Microsoft.AzureStack.Management.Compute.Admin\tests\src\Helpers\Common.cs(119,60): error CS0518: Predefined type 'System.Object' is not defined or imported
C:\gh\azure-sdk-for-net\sdk\azurestack\Microsoft.AzureStack.Management.Compute.Admin\tests\src\Helpers\Common.cs(119,60): error CS0246: The type or namespace name 'Func<,>' could not be found (are you missing a using directive or an assembly reference?)
C:\gh\azure-sdk-for-net\sdk\azurestack\Microsoft.AzureStack.Management.Compute.Admin\tests\src\Helpers\Common.cs(119,65): error CS0518: Predefined type 'System.String' is not defined or imported
C:\gh\azure-sdk-for-net\sdk\azurestack\Microsoft.AzureStack.Management.Compute.Admin\tests\src\Helpers\Common.cs(119,73): error CS0518: Predefined type 'System.Object' is not defined or imported
C:\gh\azure-sdk-for-net\sdk\azurestack\Microsoft.AzureStack.Management.Compute.Admin\tests\src\Helpers\Common.cs(119,73): error CS0246: The type or namespace name 'IPage<>' could not be found (are you missing a using directive or an assembly reference?)
C:\gh\azure-sdk-for-net\sdk\azurestack\Microsoft.AzureStack.Management.Compute.Admin\tests\src\Helpers\Common.cs(119,92): error CS0518: Predefined type 'System.Object' is not defined or imported
C:\gh\azure-sdk-for-net\sdk\azurestack\Microsoft.AzureStack.Management.Compute.Admin\tests\src\Helpers\Common.cs(119,92): error CS0246: The type or namespace name 'Action<>' could not be found (are you missing a using directive or an assembly reference?)
C:\gh\azure-sdk-for-net\sdk\azurestack\Microsoft.AzureStack.Management.Compute.Admin\tests\src\Helpers\Common.cs(119,23): error CS0518: Predefined type 'System.Void' is not defined or imported
C:\gh\azure-sdk-for-net\sdk\azurestack\Microsoft.AzureStack.Management.Compute.Admin\tests\src\PlatformImageTests.cs(16,23): error CS0518: Predefined type 'System.String' is not defined or imported
C:\gh\azure-sdk-for-net\sdk\azurestack\Microsoft.AzureStack.Management.Compute.Admin\tests\src\PlatformImageTests.cs(17,23): error CS0518: Predefined type 'System.String' is not defined or imported
C:\gh\azure-sdk-for-net\sdk\azurestack\Microsoft.AzureStack.Management.Compute.Admin\tests\src\PlatformImageTests.cs(18,23): error CS0518: Predefined type 'System.String' is not defined or imported
C:\gh\azure-sdk-for-net\sdk\azurestack\Microsoft.AzureStack.Management.Compute.Admin\tests\src\Helpers\AzureStackTestBase.cs(82,38): error CS0518: Predefined type 'System.Object' is not defined or imported
C:\gh\azure-sdk-for-net\sdk\azurestack\Microsoft.AzureStack.Management.Compute.Admin\tests\src\Helpers\AzureStackTestBase.cs(82,38): error CS0246: The type or namespace name 'Action' could not be found (are you missing a using directive or an assembly reference?)
C:\gh\azure-sdk-for-net\sdk\azurestack\Microsoft.AzureStack.Management.Compute.Admin\tests\src\Helpers\AzureStackTestBase.cs(82,16): error CS0518: Predefined type 'System.Void' is not defined or imported
C:\gh\azure-sdk-for-net\sdk\azurestack\Microsoft.AzureStack.Management.Compute.Admin\tests\src\DiskMigrationJobTests.cs(67,16): error CS0518: Predefined type 'System.Void' is not defined or imported
C:\gh\azure-sdk-for-net\sdk\azurestack\Microsoft.AzureStack.Management.Compute.Admin\tests\src\DiskTests.cs(100,16): error CS0518: Predefined type 'System.Void' is not defined or imported
C:\gh\azure-sdk-for-net\sdk\azurestack\Microsoft.AzureStack.Management.Compute.Admin\tests\src\Helpers\AzureStackTestBase.cs(29,28): error CS0518: Predefined type 'System.Void' is not defined or imported
C:\gh\azure-sdk-for-net\sdk\azurestack\Microsoft.AzureStack.Management.Compute.Admin\tests\src\PlatformImageTests.cs(129,16): error CS0518: Predefined type 'System.Void' is not defined or imported
C:\gh\azure-sdk-for-net\sdk\azurestack\Microsoft.AzureStack.Management.Compute.Admin\tests\src\QuotaTests.cs(239,16): error CS0518: Predefined type 'System.Void' is not defined or imported
C:\gh\azure-sdk-for-net\sdk\azurestack\Microsoft.AzureStack.Management.Compute.Admin\tests\src\Helpers\AzureStackTestBase.cs(17,27): error CS0518: Predefined type 'System.Object' is not defined or imported
C:\gh\azure-sdk-for-net\sdk\azurestack\Microsoft.AzureStack.Management.Compute.Admin\tests\src\Helpers\AzureStackTestBase.cs(45,32): error CS0518: Predefined type 'System.Object' is not defined or imported
C:\gh\azure-sdk-for-net\sdk\azurestack\Microsoft.AzureStack.Management.Compute.Admin\tests\src\Helpers\AzureStackTestBase.cs(45,32): error CS0246: The type or namespace name 'Action<>' could not be found (are you missing a using directive or an assembly reference?)
C:\gh\azure-sdk-for-net\sdk\azurestack\Microsoft.AzureStack.Management.Compute.Admin\tests\src\Helpers\AzureStackTestBase.cs(46,13): error CS0518: Predefined type 'System.Object' is not defined or imported
C:\gh\azure-sdk-for-net\sdk\azurestack\Microsoft.AzureStack.Management.Compute.Admin\tests\src\Helpers\AzureStackTestBase.cs(46,13): error CS0246: The type or namespace name 'Action' could not be found (are you missing a using directive or an assembly reference?)
C:\gh\azure-sdk-for-net\sdk\azurestack\Microsoft.AzureStack.Management.Compute.Admin\tests\src\Helpers\AzureStackTestBase.cs(47,13): error CS0518: Predefined type 'System.Object' is not defined or imported
C:\gh\azure-sdk-for-net\sdk\azurestack\Microsoft.AzureStack.Management.Compute.Admin\tests\src\Helpers\AzureStackTestBase.cs(47,13): error CS0246: The type or namespace name 'Action' could not be found (are you missing a using directive or an assembly reference?)
C:\gh\azure-sdk-for-net\sdk\azurestack\Microsoft.AzureStack.Management.Compute.Admin\tests\src\Helpers\AzureStackTestBase.cs(48,13): error CS0518: Predefined type 'System.Object' is not defined or imported
C:\gh\azure-sdk-for-net\sdk\azurestack\Microsoft.AzureStack.Management.Compute.Admin\tests\src\Helpers\AzureStackTestBase.cs(48,13): error CS0246: The type or namespace name 'HttpStatusCode' could not be found (are you missing a using directive or an assembly reference?)
C:\gh\azure-sdk-for-net\sdk\azurestack\Microsoft.AzureStack.Management.Compute.Admin\tests\src\Helpers\AzureStackTestBase.cs(50,13): error CS0518: Predefined type 'System.String' is not defined or imported
C:\gh\azure-sdk-for-net\sdk\azurestack\Microsoft.AzureStack.Management.Compute.Admin\tests\src\Helpers\AzureStackTestBase.cs(45,19): error CS0518: Predefined type 'System.Void' is not defined or imported
C:\gh\azure-sdk-for-net\sdk\azurestack\Microsoft.AzureStack.Management.Compute.Admin\tests\src\Helpers\ComputeTestBase.cs(53,48): error CS0518: Predefined type 'System.Object' is not defined or imported
C:\gh\azure-sdk-for-net\sdk\azurestack\Microsoft.AzureStack.Management.Compute.Admin\tests\src\Helpers\ComputeTestBase.cs(53,28): error CS0518: Predefined type 'System.Void' is not defined or imported
C:\gh\azure-sdk-for-net\sdk\azurestack\Microsoft.AzureStack.Management.Compute.Admin\tests\src\Helpers\RecordedDelegatingHandler.cs(24,9): error CS0518: Predefined type 'System.Void' is not defined or imported
C:\gh\azure-sdk-for-net\sdk\azurestack\Microsoft.AzureStack.Management.Compute.Admin\tests\src\Helpers\AzureStackTestBase.cs(34,19): error CS0518: Predefined type 'System.String' is not defined or imported
C:\gh\azure-sdk-for-net\sdk\azurestack\Microsoft.AzureStack.Management.Compute.Admin\tests\src\Helpers\ComputeTestBase.cs(48,44): error CS0518: Predefined type 'System.Object' is not defined or imported
C:\gh\azure-sdk-for-net\sdk\azurestack\Microsoft.AzureStack.Management.Compute.Admin\tests\src\Helpers\ComputeTestBase.cs(48,71): error CS0518: Predefined type 'System.String' is not defined or imported
C:\gh\azure-sdk-for-net\sdk\azurestack\Microsoft.AzureStack.Management.Compute.Admin\tests\src\Helpers\ComputeTestBase.cs(48,88): error CS0518: Predefined type 'System.String' is not defined or imported
C:\gh\azure-sdk-for-net\sdk\azurestack\Microsoft.AzureStack.Management.Compute.Admin\tests\src\Helpers\ComputeTestBase.cs(48,106): error CS0518: Predefined type 'System.String' is not defined or imported
C:\gh\azure-sdk-for-net\sdk\azurestack\Microsoft.AzureStack.Management.Compute.Admin\tests\src\Helpers\ComputeTestBase.cs(48,120): error CS0518: Predefined type 'System.String' is not defined or imported
C:\gh\azure-sdk-for-net\sdk\azurestack\Microsoft.AzureStack.Management.Compute.Admin\tests\src\Helpers\ComputeTestBase.cs(48,132): error CS0518: Predefined type 'System.String' is not defined or imported
C:\gh\azure-sdk-for-net\sdk\azurestack\Microsoft.AzureStack.Management.Compute.Admin\tests\src\Helpers\ComputeTestBase.cs(48,19): error CS0518: Predefined type 'System.Void' is not defined or imported
C:\gh\azure-sdk-for-net\sdk\azurestack\Microsoft.AzureStack.Management.Compute.Admin\tests\src\Helpers\RecordedDelegatingHandler.cs(16,46): error CS0246: The type or namespace name 'DelegatingHandler' could not be found (are you missing a using directive or an assembly reference?)
C:\gh\azure-sdk-for-net\sdk\azurestack\Microsoft.AzureStack.Management.Compute.Admin\tests\src\Helpers\RecordedDelegatingHandler.cs(33,42): error CS0518: Predefined type 'System.Object' is not defined or imported
C:\gh\azure-sdk-for-net\sdk\azurestack\Microsoft.AzureStack.Management.Compute.Admin\tests\src\Helpers\RecordedDelegatingHandler.cs(33,42): error CS0246: The type or namespace name 'HttpResponseMessage' could not be found (are you missing a using directive or an assembly reference?)
C:\gh\azure-sdk-for-net\sdk\azurestack\Microsoft.AzureStack.Management.Compute.Admin\tests\src\Helpers\RecordedDelegatingHandler.cs(33,9): error CS0518: Predefined type 'System.Void' is not defined or imported
C:\gh\azure-sdk-for-net\sdk\azurestack\Microsoft.AzureStack.Management.Compute.Admin\tests\src\Helpers\Common.cs(238,40): error CS0518: Predefined type 'System.Object' is not defined or imported
C:\gh\azure-sdk-for-net\sdk\azurestack\Microsoft.AzureStack.Management.Compute.Admin\tests\src\Helpers\Common.cs(238,40): error CS0246: The type or namespace name 'IEnumerable<>' could not be found (are you missing a using directive or an assembly reference?)
C:\gh\azure-sdk-for-net\sdk\azurestack\Microsoft.AzureStack.Management.Compute.Admin\tests\src\Helpers\Common.cs(238,61): error CS0518: Predefined type 'System.Object' is not defined or imported
C:\gh\azure-sdk-for-net\sdk\azurestack\Microsoft.AzureStack.Management.Compute.Admin\tests\src\Helpers\Common.cs(238,61): error CS0246: The type or namespace name 'Action<>' could not be found (are you missing a using directive or an assembly reference?)
C:\gh\azure-sdk-for-net\sdk\azurestack\Microsoft.AzureStack.Management.Compute.Admin\tests\src\Helpers\Common.cs(238,19): error CS0518: Predefined type 'System.Void' is not defined or imported
C:\gh\azure-sdk-for-net\sdk\azurestack\Microsoft.AzureStack.Management.Compute.Admin\tests\src\Helpers\Common.cs(238,35): error CS1110: Cannot define a new extension method because the compiler required type 'System.Runtime.CompilerServices.ExtensionAttribute' cannot be found. Are you missing a reference to System.Core.dll?
C:\gh\azure-sdk-for-net\sdk\azurestack\Microsoft.AzureStack.Management.Compute.Admin\tests\src\SupportedOperationsTest.cs(34,16): error CS0518: Predefined type 'System.Void' is not defined or imported
C:\gh\azure-sdk-for-net\sdk\azurestack\Microsoft.AzureStack.Management.Compute.Admin\tests\src\PlatformImageTests.cs(18,42): error CS0518: Predefined type 'System.String' is not defined or imported
C:\gh\azure-sdk-for-net\sdk\azurestack\Microsoft.AzureStack.Management.Compute.Admin\tests\src\VMExtensionTests.cs(118,16): error CS0518: Predefined type 'System.Void' is not defined or imported
C:\gh\azure-sdk-for-net\sdk\azurestack\Microsoft.AzureStack.Management.Compute.Admin\tests\src\PlatformImageTests.cs(21,48): error CS0518: Predefined type 'System.String' is not defined or imported
C:\gh\azure-sdk-for-net\sdk\azurestack\Microsoft.AzureStack.Management.Compute.Admin\tests\src\PlatformImageTests.cs(21,17): error CS0518: Predefined type 'System.Object' is not defined or imported
C:\gh\azure-sdk-for-net\sdk\azurestack\Microsoft.AzureStack.Management.Compute.Admin\tests\src\QuotaTests.cs(17,30): error CS0518: Predefined type 'System.Int32' is not defined or imported
C:\gh\azure-sdk-for-net\sdk\azurestack\Microsoft.AzureStack.Management.Compute.Admin\tests\src\QuotaTests.cs(17,39): error CS0518: Predefined type 'System.Int32' is not defined or imported
C:\gh\azure-sdk-for-net\sdk\azurestack\Microsoft.AzureStack.Management.Compute.Admin\tests\src\QuotaTests.cs(17,47): error CS0518: Predefined type 'System.Int32' is not defined or imported
C:\gh\azure-sdk-for-net\sdk\azurestack\Microsoft.AzureStack.Management.Compute.Admin\tests\src\QuotaTests.cs(17,57): error CS0518: Predefined type 'System.Int32' is not defined or imported
C:\gh\azure-sdk-for-net\sdk\azurestack\Microsoft.AzureStack.Management.Compute.Admin\tests\src\QuotaTests.cs(17,66): error CS0518: Predefined type 'System.Int32' is not defined or imported
C:\gh\azure-sdk-for-net\sdk\azurestack\Microsoft.AzureStack.Management.Compute.Admin\tests\src\QuotaTests.cs(17,76): error CS0518: Predefined type 'System.Int32' is not defined or imported
C:\gh\azure-sdk-for-net\sdk\azurestack\Microsoft.AzureStack.Management.Compute.Admin\tests\src\QuotaTests.cs(17,17): error CS0518: Predefined type 'System.Object' is not defined or imported
C:\gh\azure-sdk-for-net\sdk\azurestack\Microsoft.AzureStack.Management.Compute.Admin\tests\src\Helpers\RecordedDelegatingHandler.cs(57,70): error CS0518: Predefined type 'System.Object' is not defined or imported
C:\gh\azure-sdk-for-net\sdk\azurestack\Microsoft.AzureStack.Management.Compute.Admin\tests\src\Helpers\RecordedDelegatingHandler.cs(57,70): error CS0246: The type or namespace name 'HttpRequestMessage' could not be found (are you missing a using directive or an assembly reference?)
C:\gh\azure-sdk-for-net\sdk\azurestack\Microsoft.AzureStack.Management.Compute.Admin\tests\src\Helpers\RecordedDelegatingHandler.cs(57,98): error CS0518: Predefined type 'System.Object' is not defined or imported
C:\gh\azure-sdk-for-net\sdk\azurestack\Microsoft.AzureStack.Management.Compute.Admin\tests\src\Helpers\RecordedDelegatingHandler.cs(57,98): error CS0246: The type or namespace name 'System' could not be found (are you missing a using directive or an assembly reference?)
C:\gh\azure-sdk-for-net\sdk\azurestack\Microsoft.AzureStack.Management.Compute.Admin\tests\src\Helpers\RecordedDelegatingHandler.cs(57,34): error CS0518: Predefined type 'System.Object' is not defined or imported
C:\gh\azure-sdk-for-net\sdk\azurestack\Microsoft.AzureStack.Management.Compute.Admin\tests\src\Helpers\RecordedDelegatingHandler.cs(57,34): error CS0246: The type or namespace name 'Task<>' could not be found (are you missing a using directive or an assembly reference?)
C:\gh\azure-sdk-for-net\sdk\azurestack\Microsoft.AzureStack.Management.Compute.Admin\tests\src\Helpers\RecordedDelegatingHandler.cs(57,39): error CS0518: Predefined type 'System.Object' is not defined or imported
C:\gh\azure-sdk-for-net\sdk\azurestack\Microsoft.AzureStack.Management.Compute.Admin\tests\src\Helpers\RecordedDelegatingHandler.cs(57,39): error CS0246: The type or namespace name 'HttpResponseMessage' could not be found (are you missing a using directive or an assembly reference?)
C:\gh\azure-sdk-for-net\sdk\azurestack\Microsoft.AzureStack.Management.Compute.Admin\tests\src\Helpers\Common.cs(251,38): error CS0518: Predefined type 'System.Object' is not defined or imported
C:\gh\azure-sdk-for-net\sdk\azurestack\Microsoft.AzureStack.Management.Compute.Admin\tests\src\Helpers\Common.cs(251,38): error CS0246: The type or namespace name 'IPage<>' could not be found (are you missing a using directive or an assembly reference?)
C:\gh\azure-sdk-for-net\sdk\azurestack\Microsoft.AzureStack.Management.Compute.Admin\tests\src\Helpers\Common.cs(251,33): error CS1110: Cannot define a new extension method because the compiler required type 'System.Runtime.CompilerServices.ExtensionAttribute' cannot be found. Are you missing a reference to System.Core.dll?
C:\gh\azure-sdk-for-net\sdk\azurestack\Microsoft.AzureStack.Management.Compute.Admin\tests\src\VMExtensionTests.cs(17,17): error CS0518: Predefined type 'System.String' is not defined or imported
C:\gh\azure-sdk-for-net\sdk\azurestack\Microsoft.AzureStack.Management.Compute.Admin\tests\src\VMExtensionTests.cs(18,17): error CS0518: Predefined type 'System.String' is not defined or imported
C:\gh\azure-sdk-for-net\sdk\azurestack\Microsoft.AzureStack.Management.Compute.Admin\tests\src\VMExtensionTests.cs(19,17): error CS0518: Predefined type 'System.String' is not defined or imported
C:\gh\azure-sdk-for-net\sdk\azurestack\Microsoft.AzureStack.Management.Compute.Admin\tests\src\Helpers\Common.cs(107,51): error CS0518: Predefined type 'System.Object' is not defined or imported
C:\gh\azure-sdk-for-net\sdk\azurestack\Microsoft.AzureStack.Management.Compute.Admin\tests\src\Helpers\Common.cs(107,51): error CS0246: The type or namespace name 'Action' could not be found (are you missing a using directive or an assembly reference?)
C:\gh\azure-sdk-for-net\sdk\azurestack\Microsoft.AzureStack.Management.Compute.Admin\tests\src\Helpers\Common.cs(107,63): error CS0518: Predefined type 'System.UInt32' is not defined or imported
C:\gh\azure-sdk-for-net\sdk\azurestack\Microsoft.AzureStack.Management.Compute.Admin\tests\src\Helpers\Common.cs(107,82): error CS0518: Predefined type 'System.Int32' is not defined or imported
C:\gh\azure-sdk-for-net\sdk\azurestack\Microsoft.AzureStack.Management.Compute.Admin\tests\src\Helpers\Common.cs(107,23): error CS0518: Predefined type 'System.Boolean' is not defined or imported
C:\gh\azure-sdk-for-net\sdk\azurestack\Microsoft.AzureStack.Management.Compute.Admin\tests\src\Helpers\RecordedDelegatingHandler.cs(55,17): error CS0518: Predefined type 'System.Int32' is not defined or imported
C:\gh\azure-sdk-for-net\sdk\azurestack\Microsoft.AzureStack.Management.Compute.Admin\tests\src\Helpers\RecordedDelegatingHandler.cs(19,17): error CS0518: Predefined type 'System.Object' is not defined or imported
C:\gh\azure-sdk-for-net\sdk\azurestack\Microsoft.AzureStack.Management.Compute.Admin\tests\src\Helpers\RecordedDelegatingHandler.cs(19,17): error CS0246: The type or namespace name 'HttpResponseMessage' could not be found (are you missing a using directive or an assembly reference?)
C:\gh\azure-sdk-for-net\sdk\azurestack\Microsoft.AzureStack.Management.Compute.Admin\tests\src\VMExtensionTests.cs(22,17): error CS0518: Predefined type 'System.Object' is not defined or imported
C:\gh\azure-sdk-for-net\sdk\azurestack\Microsoft.AzureStack.Management.Compute.Admin\tests\src\Helpers\Common.cs(227,39): error CS0518: Predefined type 'System.Object' is not defined or imported
C:\gh\azure-sdk-for-net\sdk\azurestack\Microsoft.AzureStack.Management.Compute.Admin\tests\src\Helpers\Common.cs(227,39): error CS0246: The type or namespace name 'DateTime' could not be found (are you missing a using directive or an assembly reference?)
C:\gh\azure-sdk-for-net\sdk\azurestack\Microsoft.AzureStack.Management.Compute.Admin\tests\src\Helpers\Common.cs(227,58): error CS0518: Predefined type 'System.Object' is not defined or imported
C:\gh\azure-sdk-for-net\sdk\azurestack\Microsoft.AzureStack.Management.Compute.Admin\tests\src\Helpers\Common.cs(227,58): error CS0246: The type or namespace name 'TimeSpan' could not be found (are you missing a using directive or an assembly reference?)
C:\gh\azure-sdk-for-net\sdk\azurestack\Microsoft.AzureStack.Management.Compute.Admin\tests\src\Helpers\Common.cs(227,19): error CS0518: Predefined type 'System.Object' is not defined or imported
C:\gh\azure-sdk-for-net\sdk\azurestack\Microsoft.AzureStack.Management.Compute.Admin\tests\src\Helpers\Common.cs(227,19): error CS0246: The type or namespace name 'DateTime' could not be found (are you missing a using directive or an assembly reference?)
C:\gh\azure-sdk-for-net\sdk\azurestack\Microsoft.AzureStack.Management.Compute.Admin\tests\src\Helpers\Common.cs(227,34): error CS1110: Cannot define a new extension method because the compiler required type 'System.Runtime.CompilerServices.ExtensionAttribute' cannot be found. Are you missing a reference to System.Core.dll?
C:\gh\azure-sdk-for-net\sdk\azurestack\Microsoft.AzureStack.Management.Compute.Admin\tests\src\Helpers\Common.cs(210,45): error CS0518: Predefined type 'System.Object' is not defined or imported
C:\gh\azure-sdk-for-net\sdk\azurestack\Microsoft.AzureStack.Management.Compute.Admin\tests\src\Helpers\Common.cs(210,45): error CS0246: The type or namespace name 'DateTimeOffset' could not be found (are you missing a using directive or an assembly reference?)
C:\gh\azure-sdk-for-net\sdk\azurestack\Microsoft.AzureStack.Management.Compute.Admin\tests\src\Helpers\Common.cs(210,76): error CS0518: Predefined type 'System.Object' is not defined or imported
C:\gh\azure-sdk-for-net\sdk\azurestack\Microsoft.AzureStack.Management.Compute.Admin\tests\src\Helpers\Common.cs(210,76): error CS0246: The type or namespace name 'TimeSpan' could not be found (are you missing a using directive or an assembly reference?)
C:\gh\azure-sdk-for-net\sdk\azurestack\Microsoft.AzureStack.Management.Compute.Admin\tests\src\Helpers\Common.cs(210,19): error CS0518: Predefined type 'System.Object' is not defined or imported
C:\gh\azure-sdk-for-net\sdk\azurestack\Microsoft.AzureStack.Management.Compute.Admin\tests\src\Helpers\Common.cs(210,19): error CS0246: The type or namespace name 'DateTimeOffset' could not be found (are you missing a using directive or an assembly reference?)
C:\gh\azure-sdk-for-net\sdk\azurestack\Microsoft.AzureStack.Management.Compute.Admin\tests\src\Helpers\Common.cs(210,40): error CS1110: Cannot define a new extension method because the compiler required type 'System.Runtime.CompilerServices.ExtensionAttribute' cannot be found. Are you missing a reference to System.Core.dll?
C:\gh\azure-sdk-for-net\sdk\azurestack\Microsoft.AzureStack.Management.Compute.Admin\tests\src\Helpers\Common.cs(218,39): error CS0518: Predefined type 'System.Object' is not defined or imported
C:\gh\azure-sdk-for-net\sdk\azurestack\Microsoft.AzureStack.Management.Compute.Admin\tests\src\Helpers\Common.cs(218,39): error CS0246: The type or namespace name 'DateTime' could not be found (are you missing a using directive or an assembly reference?)
C:\gh\azure-sdk-for-net\sdk\azurestack\Microsoft.AzureStack.Management.Compute.Admin\tests\src\Helpers\Common.cs(218,19): error CS0518: Predefined type 'System.Object' is not defined or imported
C:\gh\azure-sdk-for-net\sdk\azurestack\Microsoft.AzureStack.Management.Compute.Admin\tests\src\Helpers\Common.cs(218,19): error CS0246: The type or namespace name 'DateTime' could not be found (are you missing a using directive or an assembly reference?)
C:\gh\azure-sdk-for-net\sdk\azurestack\Microsoft.AzureStack.Management.Compute.Admin\tests\src\Helpers\Common.cs(218,34): error CS1110: Cannot define a new extension method because the compiler required type 'System.Runtime.CompilerServices.ExtensionAttribute' cannot be found. Are you missing a reference to System.Core.dll?
C:\gh\azure-sdk-for-net\sdk\azurestack\Microsoft.AzureStack.Management.Compute.Admin\tests\src\Helpers\ComputeTestBase.cs(21,35): error CS0518: Predefined type 'System.Object' is not defined or imported
C:\gh\azure-sdk-for-net\sdk\azurestack\Microsoft.AzureStack.Management.Compute.Admin\tests\src\Helpers\ComputeTestBase.cs(21,35): error CS0246: The type or namespace name 'System' could not be found (are you missing a using directive or an assembly reference?)
C:\gh\azure-sdk-for-net\sdk\azurestack\Microsoft.AzureStack.Management.Compute.Admin\tests\src\Helpers\ComputeTestBase.cs(21,47): error CS0518: Predefined type 'System.Boolean' is not defined or imported
C:\gh\azure-sdk-for-net\sdk\azurestack\Microsoft.AzureStack.Management.Compute.Admin\tests\src\Helpers\ComputeTestBase.cs(21,19): error CS0518: Predefined type 'System.Void' is not defined or imported
C:\gh\azure-sdk-for-net\sdk\azurestack\Microsoft.AzureStack.Management.Compute.Admin\tests\src\Helpers\ComputeTestBase.cs(33,43): error CS0518: Predefined type 'System.Object' is not defined or imported
C:\gh\azure-sdk-for-net\sdk\azurestack\Microsoft.AzureStack.Management.Compute.Admin\tests\src\Helpers\ComputeTestBase.cs(33,62): error CS0518: Predefined type 'System.Object' is not defined or imported
C:\gh\azure-sdk-for-net\sdk\azurestack\Microsoft.AzureStack.Management.Compute.Admin\tests\src\Helpers\ComputeTestBase.cs(33,19): error CS0518: Predefined type 'System.Void' is not defined or imported
C:\gh\azure-sdk-for-net\sdk\azurestack\Microsoft.AzureStack.Management.Compute.Admin\tests\src\Helpers\Common.cs(202,21): error CS0518: Predefined type 'System.Object' is not defined or imported
C:\gh\azure-sdk-for-net\sdk\azurestack\Microsoft.AzureStack.Management.Compute.Admin\tests\src\SupportedOperationsTest.cs(26,40): error CS0518: Predefined type 'System.Object' is not defined or imported
C:\gh\azure-sdk-for-net\sdk\azurestack\Microsoft.AzureStack.Management.Compute.Admin\tests\src\SupportedOperationsTest.cs(26,17): error CS0518: Predefined type 'System.Void' is not defined or imported
C:\gh\azure-sdk-for-net\sdk\azurestack\Microsoft.AzureStack.Management.Compute.Admin\tests\src\SupportedOperationsTest.cs(17,38): error CS0518: Predefined type 'System.Object' is not defined or imported
C:\gh\azure-sdk-for-net\sdk\azurestack\Microsoft.AzureStack.Management.Compute.Admin\tests\src\SupportedOperationsTest.cs(17,17): error CS0518: Predefined type 'System.Void' is not defined or imported
C:\gh\azure-sdk-for-net\sdk\azurestack\Microsoft.AzureStack.Management.Compute.Admin\tests\src\DiskTests.cs(84,16): error CS0518: Predefined type 'System.Void' is not defined or imported
C:\gh\azure-sdk-for-net\sdk\azurestack\Microsoft.AzureStack.Management.Compute.Admin\tests\src\Helpers\Common.cs(190,56): error CS0518: Predefined type 'System.Object' is not defined or imported
C:\gh\azure-sdk-for-net\sdk\azurestack\Microsoft.AzureStack.Management.Compute.Admin\tests\src\Helpers\Common.cs(190,56): error CS0246: The type or namespace name 'IEnumerable<>' could not be found (are you missing a using directive or an assembly reference?)
C:\gh\azure-sdk-for-net\sdk\azurestack\Microsoft.AzureStack.Management.Compute.Admin\tests\src\Helpers\Common.cs(190,77): error CS0518: Predefined type 'System.Object' is not defined or imported
C:\gh\azure-sdk-for-net\sdk\azurestack\Microsoft.AzureStack.Management.Compute.Admin\tests\src\Helpers\Common.cs(190,77): error CS0246: The type or namespace name 'System' could not be found (are you missing a using directive or an assembly reference?)
C:\gh\azure-sdk-for-net\sdk\azurestack\Microsoft.AzureStack.Management.Compute.Admin\tests\src\Helpers\Common.cs(190,102): error CS0518: Predefined type 'System.Object' is not defined or imported
C:\gh\azure-sdk-for-net\sdk\azurestack\Microsoft.AzureStack.Management.Compute.Admin\tests\src\Helpers\Common.cs(190,102): error CS0246: The type or namespace name 'Func<,>' could not be found (are you missing a using directive or an assembly reference?)
C:\gh\azure-sdk-for-net\sdk\azurestack\Microsoft.AzureStack.Management.Compute.Admin\tests\src\Helpers\Common.cs(190,110): error CS0518: Predefined type 'System.String' is not defined or imported
C:\gh\azure-sdk-for-net\sdk\azurestack\Microsoft.AzureStack.Management.Compute.Admin\tests\src\Helpers\Common.cs(190,23): error CS0518: Predefined type 'System.Void' is not defined or imported
C:\gh\azure-sdk-for-net\sdk\azurestack\Microsoft.AzureStack.Management.Compute.Admin\tests\src\Helpers\ComputeTestBase.cs(25,44): error CS0518: Predefined type 'System.Object' is not defined or imported
C:\gh\azure-sdk-for-net\sdk\azurestack\Microsoft.AzureStack.Management.Compute.Admin\tests\src\Helpers\ComputeTestBase.cs(25,19): error CS0518: Predefined type 'System.Void' is not defined or imported
C:\gh\azure-sdk-for-net\sdk\azurestack\Microsoft.AzureStack.Management.Compute.Admin\tests\src\DiskTests.cs(31,42): error CS0518: Predefined type 'System.Object' is not defined or imported
C:\gh\azure-sdk-for-net\sdk\azurestack\Microsoft.AzureStack.Management.Compute.Admin\tests\src\DiskTests.cs(31,58): error CS0518: Predefined type 'System.Object' is not defined or imported
C:\gh\azure-sdk-for-net\sdk\azurestack\Microsoft.AzureStack.Management.Compute.Admin\tests\src\DiskTests.cs(31,17): error CS0518: Predefined type 'System.Void' is not defined or imported
C:\gh\azure-sdk-for-net\sdk\azurestack\Microsoft.AzureStack.Management.Compute.Admin\tests\src\PlatformImageTests.cs(17,40): error CS0518: Predefined type 'System.String' is not defined or imported
C:\gh\azure-sdk-for-net\sdk\azurestack\Microsoft.AzureStack.Management.Compute.Admin\tests\src\Helpers\ComputeTestBase.cs(19,24): error CS0518: Predefined type 'System.Int32' is not defined or imported
C:\gh\azure-sdk-for-net\sdk\azurestack\Microsoft.AzureStack.Management.Compute.Admin\tests\src\Helpers\Common.cs(172,51): error CS0518: Predefined type 'System.Object' is not defined or imported
C:\gh\azure-sdk-for-net\sdk\azurestack\Microsoft.AzureStack.Management.Compute.Admin\tests\src\Helpers\Common.cs(172,51): error CS0246: The type or namespace name 'IPage<>' could not be found (are you missing a using directive or an assembly reference?)
C:\gh\azure-sdk-for-net\sdk\azurestack\Microsoft.AzureStack.Management.Compute.Admin\tests\src\Helpers\Common.cs(172,67): error CS0518: Predefined type 'System.Object' is not defined or imported
C:\gh\azure-sdk-for-net\sdk\azurestack\Microsoft.AzureStack.Management.Compute.Admin\tests\src\Helpers\Common.cs(172,67): error CS0246: The type or namespace name 'Func<,>' could not be found (are you missing a using directive or an assembly reference?)
C:\gh\azure-sdk-for-net\sdk\azurestack\Microsoft.AzureStack.Management.Compute.Admin\tests\src\Helpers\Common.cs(172,72): error CS0518: Predefined type 'System.String' is not defined or imported
C:\gh\azure-sdk-for-net\sdk\azurestack\Microsoft.AzureStack.Management.Compute.Admin\tests\src\Helpers\Common.cs(172,80): error CS0518: Predefined type 'System.Object' is not defined or imported
C:\gh\azure-sdk-for-net\sdk\azurestack\Microsoft.AzureStack.Management.Compute.Admin\tests\src\Helpers\Common.cs(172,80): error CS0246: The type or namespace name 'IPage<>' could not be found (are you missing a using directive or an assembly reference?)
C:\gh\azure-sdk-for-net\sdk\azurestack\Microsoft.AzureStack.Management.Compute.Admin\tests\src\Helpers\Common.cs(172,99): error CS0518: Predefined type 'System.Object' is not defined or imported
C:\gh\azure-sdk-for-net\sdk\azurestack\Microsoft.AzureStack.Management.Compute.Admin\tests\src\Helpers\Common.cs(172,99): error CS0246: The type or namespace name 'System' could not be found (are you missing a using directive or an assembly reference?)
C:\gh\azure-sdk-for-net\sdk\azurestack\Microsoft.AzureStack.Management.Compute.Admin\tests\src\Helpers\Common.cs(172,124): error CS0518: Predefined type 'System.Object' is not defined or imported
C:\gh\azure-sdk-for-net\sdk\azurestack\Microsoft.AzureStack.Management.Compute.Admin\tests\src\Helpers\Common.cs(172,124): error CS0246: The type or namespace name 'Func<,>' could not be found (are you missing a using directive or an assembly reference?)
C:\gh\azure-sdk-for-net\sdk\azurestack\Microsoft.AzureStack.Management.Compute.Admin\tests\src\Helpers\Common.cs(172,132): error CS0518: Predefined type 'System.String' is not defined or imported
C:\gh\azure-sdk-for-net\sdk\azurestack\Microsoft.AzureStack.Management.Compute.Admin\tests\src\Helpers\Common.cs(172,23): error CS0518: Predefined type 'System.Void' is not defined or imported
C:\gh\azure-sdk-for-net\sdk\azurestack\Microsoft.AzureStack.Management.Compute.Admin\tests\src\DiskTests.cs(54,16): error CS0518: Predefined type 'System.Void' is not defined or imported
C:\gh\azure-sdk-for-net\sdk\azurestack\Microsoft.AzureStack.Management.Compute.Admin\tests\src\Helpers\ComputeTestBase.cs(15,9): error CS0518: Predefined type 'System.Void' is not defined or imported
C:\gh\azure-sdk-for-net\sdk\azurestack\Microsoft.AzureStack.Management.Compute.Admin\tests\src\DiskTests.cs(39,43): error CS0518: Predefined type 'System.Object' is not defined or imported
C:\gh\azure-sdk-for-net\sdk\azurestack\Microsoft.AzureStack.Management.Compute.Admin\tests\src\DiskTests.cs(39,43): error CS0246: The type or namespace name 'IEnumerable<>' could not be found (are you missing a using directive or an assembly reference?)
C:\gh\azure-sdk-for-net\sdk\azurestack\Microsoft.AzureStack.Management.Compute.Admin\tests\src\DiskTests.cs(39,55): error CS0518: Predefined type 'System.Object' is not defined or imported
C:\gh\azure-sdk-for-net\sdk\azurestack\Microsoft.AzureStack.Management.Compute.Admin\tests\src\DiskTests.cs(39,73): error CS0518: Predefined type 'System.Object' is not defined or imported
C:\gh\azure-sdk-for-net\sdk\azurestack\Microsoft.AzureStack.Management.Compute.Admin\tests\src\DiskTests.cs(39,73): error CS0246: The type or namespace name 'IEnumerable<>' could not be found (are you missing a using directive or an assembly reference?)
C:\gh\azure-sdk-for-net\sdk\azurestack\Microsoft.AzureStack.Management.Compute.Admin\tests\src\DiskTests.cs(39,85): error CS0518: Predefined type 'System.Object' is not defined or imported
C:\gh\azure-sdk-for-net\sdk\azurestack\Microsoft.AzureStack.Management.Compute.Admin\tests\src\DiskTests.cs(39,17): error CS0518: Predefined type 'System.Void' is not defined or imported
C:\gh\azure-sdk-for-net\sdk\azurestack\Microsoft.AzureStack.Management.Compute.Admin\tests\src\DiskMigrationJobTests.cs(29,16): error CS0518: Predefined type 'System.Void' is not defined or imported
C:\gh\azure-sdk-for-net\sdk\azurestack\Microsoft.AzureStack.Management.Compute.Admin\tests\src\Helpers\Common.cs(157,54): error CS0518: Predefined type 'System.Object' is not defined or imported
C:\gh\azure-sdk-for-net\sdk\azurestack\Microsoft.AzureStack.Management.Compute.Admin\tests\src\Helpers\Common.cs(157,54): error CS0246: The type or namespace name 'IEnumerable<>' could not be found (are you missing a using directive or an assembly reference?)
C:\gh\azure-sdk-for-net\sdk\azurestack\Microsoft.AzureStack.Management.Compute.Admin\tests\src\Helpers\Common.cs(157,75): error CS0518: Predefined type 'System.Object' is not defined or imported
C:\gh\azure-sdk-for-net\sdk\azurestack\Microsoft.AzureStack.Management.Compute.Admin\tests\src\Helpers\Common.cs(157,75): error CS0246: The type or namespace name 'System' could not be found (are you missing a using directive or an assembly reference?)
C:\gh\azure-sdk-for-net\sdk\azurestack\Microsoft.AzureStack.Management.Compute.Admin\tests\src\Helpers\Common.cs(157,99): error CS0518: Predefined type 'System.Object' is not defined or imported
C:\gh\azure-sdk-for-net\sdk\azurestack\Microsoft.AzureStack.Management.Compute.Admin\tests\src\Helpers\Common.cs(157,99): error CS0246: The type or namespace name 'Func<,>' could not be found (are you missing a using directive or an assembly reference?)
C:\gh\azure-sdk-for-net\sdk\azurestack\Microsoft.AzureStack.Management.Compute.Admin\tests\src\Helpers\Common.cs(157,107): error CS0518: Predefined type 'System.String' is not defined or imported
C:\gh\azure-sdk-for-net\sdk\azurestack\Microsoft.AzureStack.Management.Compute.Admin\tests\src\Helpers\Common.cs(157,23): error CS0518: Predefined type 'System.Void' is not defined or imported
C:\gh\azure-sdk-for-net\sdk\azurestack\Microsoft.AzureStack.Management.Compute.Admin\tests\src\DiskMigrationJobTests.cs(15,44): error CS0518: Predefined type 'System.Object' is not defined or imported
C:\gh\azure-sdk-for-net\sdk\azurestack\Microsoft.AzureStack.Management.Compute.Admin\tests\src\DiskMigrationJobTests.cs(15,17): error CS0518: Predefined type 'System.Void' is not defined or imported
C:\gh\azure-sdk-for-net\sdk\azurestack\Microsoft.AzureStack.Management.Compute.Admin\tests\src\VMExtensionTests.cs(99,16): error CS0518: Predefined type 'System.Void' is not defined or imported
C:\gh\azure-sdk-for-net\sdk\azurestack\Microsoft.AzureStack.Management.Compute.Admin\tests\src\Helpers\Common.cs(143,49): error CS0518: Predefined type 'System.Object' is not defined or imported
C:\gh\azure-sdk-for-net\sdk\azurestack\Microsoft.AzureStack.Management.Compute.Admin\tests\src\Helpers\Common.cs(143,49): error CS0246: The type or namespace name 'IPage<>' could not be found (are you missing a using directive or an assembly reference?)
C:\gh\azure-sdk-for-net\sdk\azurestack\Microsoft.AzureStack.Management.Compute.Admin\tests\src\Helpers\Common.cs(143,65): error CS0518: Predefined type 'System.Object' is not defined or imported
C:\gh\azure-sdk-for-net\sdk\azurestack\Microsoft.AzureStack.Management.Compute.Admin\tests\src\Helpers\Common.cs(143,65): error CS0246: The type or namespace name 'Func<,>' could not be found (are you missing a using directive or an assembly reference?)
C:\gh\azure-sdk-for-net\sdk\azurestack\Microsoft.AzureStack.Management.Compute.Admin\tests\src\Helpers\Common.cs(143,70): error CS0518: Predefined type 'System.String' is not defined or imported
C:\gh\azure-sdk-for-net\sdk\azurestack\Microsoft.AzureStack.Management.Compute.Admin\tests\src\Helpers\Common.cs(143,78): error CS0518: Predefined type 'System.Object' is not defined or imported
C:\gh\azure-sdk-for-net\sdk\azurestack\Microsoft.AzureStack.Management.Compute.Admin\tests\src\Helpers\Common.cs(143,78): error CS0246: The type or namespace name 'IPage<>' could not be found (are you missing a using directive or an assembly reference?)
C:\gh\azure-sdk-for-net\sdk\azurestack\Microsoft.AzureStack.Management.Compute.Admin\tests\src\Helpers\Common.cs(143,97): error CS0518: Predefined type 'System.Object' is not defined or imported
C:\gh\azure-sdk-for-net\sdk\azurestack\Microsoft.AzureStack.Management.Compute.Admin\tests\src\Helpers\Common.cs(143,97): error CS0246: The type or namespace name 'System' could not be found (are you missing a using directive or an assembly reference?)
C:\gh\azure-sdk-for-net\sdk\azurestack\Microsoft.AzureStack.Management.Compute.Admin\tests\src\Helpers\Common.cs(143,121): error CS0518: Predefined type 'System.Object' is not defined or imported
C:\gh\azure-sdk-for-net\sdk\azurestack\Microsoft.AzureStack.Management.Compute.Admin\tests\src\Helpers\Common.cs(143,121): error CS0246: The type or namespace name 'Func<,>' could not be found (are you missing a using directive or an assembly reference?)
C:\gh\azure-sdk-for-net\sdk\azurestack\Microsoft.AzureStack.Management.Compute.Admin\tests\src\Helpers\Common.cs(143,129): error CS0518: Predefined type 'System.String' is not defined or imported
C:\gh\azure-sdk-for-net\sdk\azurestack\Microsoft.AzureStack.Management.Compute.Admin\tests\src\Helpers\Common.cs(143,23): error CS0518: Predefined type 'System.Void' is not defined or imported
C:\gh\azure-sdk-for-net\sdk\azurestack\Microsoft.AzureStack.Management.Compute.Admin\tests\src\PlatformImageTests.cs(98,16): error CS0518: Predefined type 'System.Void' is not defined or imported
C:\gh\azure-sdk-for-net\sdk\azurestack\Microsoft.AzureStack.Management.Compute.Admin\tests\src\Helpers\Common.cs(87,43): error CS0518: Predefined type 'System.Object' is not defined or imported
C:\gh\azure-sdk-for-net\sdk\azurestack\Microsoft.AzureStack.Management.Compute.Admin\tests\src\Helpers\Common.cs(87,43): error CS0246: The type or namespace name 'Func<>' could not be found (are you missing a using directive or an assembly reference?)
C:\gh\azure-sdk-for-net\sdk\azurestack\Microsoft.AzureStack.Management.Compute.Admin\tests\src\Helpers\Common.cs(87,48): error CS0518: Predefined type 'System.Boolean' is not defined or imported
C:\gh\azure-sdk-for-net\sdk\azurestack\Microsoft.AzureStack.Management.Compute.Admin\tests\src\Helpers\Common.cs(87,60): error CS0518: Predefined type 'System.UInt32' is not defined or imported
C:\gh\azure-sdk-for-net\sdk\azurestack\Microsoft.AzureStack.Management.Compute.Admin\tests\src\Helpers\Common.cs(87,79): error CS0518: Predefined type 'System.Int32' is not defined or imported
C:\gh\azure-sdk-for-net\sdk\azurestack\Microsoft.AzureStack.Management.Compute.Admin\tests\src\Helpers\Common.cs(87,23): error CS0518: Predefined type 'System.Boolean' is not defined or imported
C:\gh\azure-sdk-for-net\sdk\azurestack\Microsoft.AzureStack.Management.Compute.Admin\tests\src\Helpers\Common.cs(27,41): error CS0518: Predefined type 'System.Int32' is not defined or imported
C:\gh\azure-sdk-for-net\sdk\azurestack\Microsoft.AzureStack.Management.Compute.Admin\tests\src\VMExtensionTests.cs(83,16): error CS0518: Predefined type 'System.Void' is not defined or imported
C:\gh\azure-sdk-for-net\sdk\azurestack\Microsoft.AzureStack.Management.Compute.Admin\tests\src\Helpers\Common.cs(64,49): error CS0518: Predefined type 'System.String' is not defined or imported
C:\gh\azure-sdk-for-net\sdk\azurestack\Microsoft.AzureStack.Management.Compute.Admin\tests\src\Helpers\Common.cs(64,81): error CS0518: Predefined type 'System.Boolean' is not defined or imported
C:\gh\azure-sdk-for-net\sdk\azurestack\Microsoft.AzureStack.Management.Compute.Admin\tests\src\Helpers\Common.cs(64,23): error CS0518: Predefined type 'System.String' is not defined or imported
C:\gh\azure-sdk-for-net\sdk\azurestack\Microsoft.AzureStack.Management.Compute.Admin\tests\src\Helpers\Common.cs(23,67): error CS0518: Predefined type 'System.String' is not defined or imported
C:\gh\azure-sdk-for-net\sdk\azurestack\Microsoft.AzureStack.Management.Compute.Admin\tests\src\VMExtensionTests.cs(40,33): error CS0518: Predefined type 'System.Object' is not defined or imported
C:\gh\azure-sdk-for-net\sdk\azurestack\Microsoft.AzureStack.Management.Compute.Admin\tests\src\VMExtensionTests.cs(40,55): error CS0518: Predefined type 'System.Object' is not defined or imported
C:\gh\azure-sdk-for-net\sdk\azurestack\Microsoft.AzureStack.Management.Compute.Admin\tests\src\VMExtensionTests.cs(40,74): error CS0518: Predefined type 'System.Boolean' is not defined or imported
C:\gh\azure-sdk-for-net\sdk\azurestack\Microsoft.AzureStack.Management.Compute.Admin\tests\src\VMExtensionTests.cs(40,17): error CS0518: Predefined type 'System.Void' is not defined or imported
C:\gh\azure-sdk-for-net\sdk\azurestack\Microsoft.AzureStack.Management.Compute.Admin\tests\src\Helpers\Common.cs(24,50): error CS0518: Predefined type 'System.Int32' is not defined or imported
C:\gh\azure-sdk-for-net\sdk\azurestack\Microsoft.AzureStack.Management.Compute.Admin\tests\src\Helpers\Common.cs(52,45): error CS0518: Predefined type 'System.Object' is not defined or imported
C:\gh\azure-sdk-for-net\sdk\azurestack\Microsoft.AzureStack.Management.Compute.Admin\tests\src\Helpers\Common.cs(52,45): error CS0246: The type or namespace name 'HttpClient' could not be found (are you missing a using directive or an assembly reference?)
C:\gh\azure-sdk-for-net\sdk\azurestack\Microsoft.AzureStack.Management.Compute.Admin\tests\src\Helpers\Common.cs(52,64): error CS0518: Predefined type 'System.Object' is not defined or imported
C:\gh\azure-sdk-for-net\sdk\azurestack\Microsoft.AzureStack.Management.Compute.Admin\tests\src\Helpers\Common.cs(52,64): error CS0246: The type or namespace name 'ServiceClientCredentials' could not be found (are you missing a using directive or an assembly reference?)
C:\gh\azure-sdk-for-net\sdk\azurestack\Microsoft.AzureStack.Management.Compute.Admin\tests\src\Helpers\Common.cs(52,96): error CS0518: Predefined type 'System.Object' is not defined or imported
C:\gh\azure-sdk-for-net\sdk\azurestack\Microsoft.AzureStack.Management.Compute.Admin\tests\src\Helpers\Common.cs(52,96): error CS0246: The type or namespace name 'Uri' could not be found (are you missing a using directive or an assembly reference?)
C:\gh\azure-sdk-for-net\sdk\azurestack\Microsoft.AzureStack.Management.Compute.Admin\tests\src\Helpers\Common.cs(52,23): error CS0518: Predefined type 'System.String' is not defined or imported
C:\gh\azure-sdk-for-net\sdk\azurestack\Microsoft.AzureStack.Management.Compute.Admin\tests\src\PlatformImageTests.cs(83,16): error CS0518: Predefined type 'System.Void' is not defined or imported
C:\gh\azure-sdk-for-net\sdk\azurestack\Microsoft.AzureStack.Management.Compute.Admin\tests\src\DiskTests.cs(48,47): error CS0518: Predefined type 'System.Object' is not defined or imported
C:\gh\azure-sdk-for-net\sdk\azurestack\Microsoft.AzureStack.Management.Compute.Admin\tests\src\DiskTests.cs(48,58): error CS0518: Predefined type 'System.Object' is not defined or imported
C:\gh\azure-sdk-for-net\sdk\azurestack\Microsoft.AzureStack.Management.Compute.Admin\tests\src\DiskTests.cs(48,58): error CS0246: The type or namespace name 'IEnumerable<>' could not be found (are you missing a using directive or an assembly reference?)
C:\gh\azure-sdk-for-net\sdk\azurestack\Microsoft.AzureStack.Management.Compute.Admin\tests\src\DiskTests.cs(48,70): error CS0518: Predefined type 'System.Object' is not defined or imported
C:\gh\azure-sdk-for-net\sdk\azurestack\Microsoft.AzureStack.Management.Compute.Admin\tests\src\DiskTests.cs(48,17): error CS0518: Predefined type 'System.Boolean' is not defined or imported
C:\gh\azure-sdk-for-net\sdk\azurestack\Microsoft.AzureStack.Management.Compute.Admin\tests\src\Helpers\Common.cs(40,45): error CS0518: Predefined type 'System.Object' is not defined or imported
C:\gh\azure-sdk-for-net\sdk\azurestack\Microsoft.AzureStack.Management.Compute.Admin\tests\src\Helpers\Common.cs(40,45): error CS0246: The type or namespace name 'HttpClient' could not be found (are you missing a using directive or an assembly reference?)
C:\gh\azure-sdk-for-net\sdk\azurestack\Microsoft.AzureStack.Management.Compute.Admin\tests\src\Helpers\Common.cs(40,64): error CS0518: Predefined type 'System.Object' is not defined or imported
C:\gh\azure-sdk-for-net\sdk\azurestack\Microsoft.AzureStack.Management.Compute.Admin\tests\src\Helpers\Common.cs(40,64): error CS0246: The type or namespace name 'ServiceClientCredentials' could not be found (are you missing a using directive or an assembly reference?)
C:\gh\azure-sdk-for-net\sdk\azurestack\Microsoft.AzureStack.Management.Compute.Admin\tests\src\Helpers\Common.cs(40,96): error CS0518: Predefined type 'System.String' is not defined or imported
C:\gh\azure-sdk-for-net\sdk\azurestack\Microsoft.AzureStack.Management.Compute.Admin\tests\src\Helpers\Common.cs(40,23): error CS0518: Predefined type 'System.String' is not defined or imported
C:\gh\azure-sdk-for-net\sdk\azurestack\Microsoft.AzureStack.Management.Compute.Admin\tests\src\Helpers\Common.cs(20,18): error CS0518: Predefined type 'System.Object' is not defined or imported
C:\gh\azure-sdk-for-net\sdk\azurestack\Microsoft.AzureStack.Management.Compute.Admin\tests\src\Helpers\Common.cs(28,36): error CS0518: Predefined type 'System.Int32' is not defined or imported
C:\gh\azure-sdk-for-net\sdk\azurestack\Microsoft.AzureStack.Management.Compute.Admin\tests\src\Helpers\Common.cs(29,36): error CS0518: Predefined type 'System.Int32' is not defined or imported
C:\gh\azure-sdk-for-net\sdk\azurestack\Microsoft.AzureStack.Management.Compute.Admin\tests\src\VMExtensionTests.cs(70,16): error CS0518: Predefined type 'System.Void' is not defined or imported
C:\gh\azure-sdk-for-net\sdk\azurestack\Microsoft.AzureStack.Management.Compute.Admin\tests\src\QuotaTests.cs(228,16): error CS0518: Predefined type 'System.Void' is not defined or imported
C:\gh\azure-sdk-for-net\sdk\azurestack\Microsoft.AzureStack.Management.Compute.Admin\tests\src\PlatformImageTests.cs(67,16): error CS0518: Predefined type 'System.Void' is not defined or imported
C:\gh\azure-sdk-for-net\sdk\azurestack\Microsoft.AzureStack.Management.Compute.Admin\tests\src\DiskTests.cs(14,35): error CS0518: Predefined type 'System.Object' is not defined or imported
C:\gh\azure-sdk-for-net\sdk\azurestack\Microsoft.AzureStack.Management.Compute.Admin\tests\src\DiskTests.cs(14,17): error CS0518: Predefined type 'System.Void' is not defined or imported
C:\gh\azure-sdk-for-net\sdk\azurestack\Microsoft.AzureStack.Management.Compute.Admin\tests\src\QuotaTests.cs(220,16): error CS0518: Predefined type 'System.Void' is not defined or imported
C:\gh\azure-sdk-for-net\sdk\azurestack\Microsoft.AzureStack.Management.Compute.Admin\tests\src\VMExtensionTests.cs(62,16): error CS0518: Predefined type 'System.Void' is not defined or imported
C:\gh\azure-sdk-for-net\sdk\azurestack\Microsoft.AzureStack.Management.Compute.Admin\tests\src\PlatformImageTests.cs(59,16): error CS0518: Predefined type 'System.Void' is not defined or imported
C:\gh\azure-sdk-for-net\sdk\azurestack\Microsoft.AzureStack.Management.Compute.Admin\tests\src\QuotaTests.cs(195,16): error CS0518: Predefined type 'System.Void' is not defined or imported
C:\gh\azure-sdk-for-net\sdk\azurestack\Microsoft.AzureStack.Management.Compute.Admin\tests\src\PlatformImageTests.cs(43,33): error CS0518: Predefined type 'System.Object' is not defined or imported
C:\gh\azure-sdk-for-net\sdk\azurestack\Microsoft.AzureStack.Management.Compute.Admin\tests\src\PlatformImageTests.cs(43,57): error CS0518: Predefined type 'System.Object' is not defined or imported
C:\gh\azure-sdk-for-net\sdk\azurestack\Microsoft.AzureStack.Management.Compute.Admin\tests\src\PlatformImageTests.cs(43,78): error CS0518: Predefined type 'System.Boolean' is not defined or imported
C:\gh\azure-sdk-for-net\sdk\azurestack\Microsoft.AzureStack.Management.Compute.Admin\tests\src\PlatformImageTests.cs(43,17): error CS0518: Predefined type 'System.Void' is not defined or imported
C:\gh\azure-sdk-for-net\sdk\azurestack\Microsoft.AzureStack.Management.Compute.Admin\tests\src\PlatformImageTests.cs(33,44): error CS0518: Predefined type 'System.Object' is not defined or imported
C:\gh\azure-sdk-for-net\sdk\azurestack\Microsoft.AzureStack.Management.Compute.Admin\tests\src\PlatformImageTests.cs(33,17): error CS0518: Predefined type 'System.Void' is not defined or imported
C:\gh\azure-sdk-for-net\sdk\azurestack\Microsoft.AzureStack.Management.Compute.Admin\tests\src\VMExtensionTests.cs(35,42): error CS0518: Predefined type 'System.Object' is not defined or imported
C:\gh\azure-sdk-for-net\sdk\azurestack\Microsoft.AzureStack.Management.Compute.Admin\tests\src\VMExtensionTests.cs(35,17): error CS0518: Predefined type 'System.Void' is not defined or imported
C:\gh\azure-sdk-for-net\sdk\azurestack\Microsoft.AzureStack.Management.Compute.Admin\tests\src\PlatformImageTests.cs(16,39): error CS0518: Predefined type 'System.String' is not defined or imported
C:\gh\azure-sdk-for-net\sdk\azurestack\Microsoft.AzureStack.Management.Compute.Admin\tests\src\QuotaTests.cs(147,16): error CS0518: Predefined type 'System.Void' is not defined or imported
C:\gh\azure-sdk-for-net\sdk\azurestack\Microsoft.AzureStack.Management.Compute.Admin\tests\src\QuotaTests.cs(93,42): error CS0518: Predefined type 'System.Object' is not defined or imported
C:\gh\azure-sdk-for-net\sdk\azurestack\Microsoft.AzureStack.Management.Compute.Admin\tests\src\QuotaTests.cs(93,51): error CS0518: Predefined type 'System.Int32' is not defined or imported
C:\gh\azure-sdk-for-net\sdk\azurestack\Microsoft.AzureStack.Management.Compute.Admin\tests\src\QuotaTests.cs(93,17): error CS0518: Predefined type 'System.Void' is not defined or imported
C:\gh\azure-sdk-for-net\sdk\azurestack\Microsoft.AzureStack.Management.Compute.Admin\tests\src\QuotaTests.cs(42,33): error CS0518: Predefined type 'System.Object' is not defined or imported
C:\gh\azure-sdk-for-net\sdk\azurestack\Microsoft.AzureStack.Management.Compute.Admin\tests\src\QuotaTests.cs(42,49): error CS0518: Predefined type 'System.Object' is not defined or imported
C:\gh\azure-sdk-for-net\sdk\azurestack\Microsoft.AzureStack.Management.Compute.Admin\tests\src\QuotaTests.cs(42,62): error CS0518: Predefined type 'System.Boolean' is not defined or imported
C:\gh\azure-sdk-for-net\sdk\azurestack\Microsoft.AzureStack.Management.Compute.Admin\tests\src\QuotaTests.cs(42,17): error CS0518: Predefined type 'System.Void' is not defined or imported
C:\gh\azure-sdk-for-net\sdk\azurestack\Microsoft.AzureStack.Management.Compute.Admin\tests\src\QuotaTests.cs(103,16): error CS0518: Predefined type 'System.Void' is not defined or imported
C:\gh\azure-sdk-for-net\sdk\azurestack\Microsoft.AzureStack.Management.Compute.Admin\tests\src\QuotaTests.cs(83,16): error CS0518: Predefined type 'System.Void' is not defined or imported
C:\gh\azure-sdk-for-net\sdk\azurestack\Microsoft.AzureStack.Management.Compute.Admin\tests\src\QuotaTests.cs(74,16): error CS0518: Predefined type 'System.Void' is not defined or imported
C:\gh\azure-sdk-for-net\sdk\azurestack\Microsoft.AzureStack.Management.Compute.Admin\tests\src\QuotaTests.cs(64,16): error CS0518: Predefined type 'System.Void' is not defined or imported
C:\gh\azure-sdk-for-net\sdk\azurestack\Microsoft.AzureStack.Management.Compute.Admin\tests\src\QuotaTests.cs(31,36): error CS0518: Predefined type 'System.Object' is not defined or imported
C:\gh\azure-sdk-for-net\sdk\azurestack\Microsoft.AzureStack.Management.Compute.Admin\tests\src\QuotaTests.cs(31,17): error CS0518: Predefined type 'System.Void' is not defined or imported
C:\gh\azure-sdk-for-net\sdk\azurestack\Microsoft.AzureStack.Management.Compute.Admin\tests\Properties\AssemblyInfo.cs(5,12): error CS0246: The type or namespace name 'AssemblyTitleAttribute' could not be found (are you missing a using directive or an assembly reference?)
C:\gh\azure-sdk-for-net\sdk\azurestack\Microsoft.AzureStack.Management.Compute.Admin\tests\Properties\AssemblyInfo.cs(5,12): error CS0246: The type or namespace name 'AssemblyTitle' could not be found (are you missing a using directive or an assembly reference?)
C:\gh\azure-sdk-for-net\sdk\azurestack\Microsoft.AzureStack.Management.Compute.Admin\tests\Properties\AssemblyInfo.cs(6,12): error CS0246: The type or namespace name 'AssemblyDescriptionAttribute' could not be found (are you missing a using directive or an assembly reference?)
C:\gh\azure-sdk-for-net\sdk\azurestack\Microsoft.AzureStack.Management.Compute.Admin\tests\Properties\AssemblyInfo.cs(6,12): error CS0246: The type or namespace name 'AssemblyDescription' could not be found (are you missing a using directive or an assembly reference?)
C:\gh\azure-sdk-for-net\sdk\azurestack\Microsoft.AzureStack.Management.Compute.Admin\tests\Properties\AssemblyInfo.cs(7,12): error CS0246: The type or namespace name 'AssemblyConfigurationAttribute' could not be found (are you missing a using directive or an assembly reference?)
C:\gh\azure-sdk-for-net\sdk\azurestack\Microsoft.AzureStack.Management.Compute.Admin\tests\Properties\AssemblyInfo.cs(7,12): error CS0246: The type or namespace name 'AssemblyConfiguration' could not be found (are you missing a using directive or an assembly reference?)
C:\gh\azure-sdk-for-net\sdk\azurestack\Microsoft.AzureStack.Management.Compute.Admin\tests\Properties\AssemblyInfo.cs(8,12): error CS0246: The type or namespace name 'AssemblyCompanyAttribute' could not be found (are you missing a using directive or an assembly reference?)
C:\gh\azure-sdk-for-net\sdk\azurestack\Microsoft.AzureStack.Management.Compute.Admin\tests\Properties\AssemblyInfo.cs(8,12): error CS0246: The type or namespace name 'AssemblyCompany' could not be found (are you missing a using directive or an assembly reference?)
C:\gh\azure-sdk-for-net\sdk\azurestack\Microsoft.AzureStack.Management.Compute.Admin\tests\Properties\AssemblyInfo.cs(9,12): error CS0246: The type or namespace name 'AssemblyProductAttribute' could not be found (are you missing a using directive or an assembly reference?)
C:\gh\azure-sdk-for-net\sdk\azurestack\Microsoft.AzureStack.Management.Compute.Admin\tests\Properties\AssemblyInfo.cs(9,12): error CS0246: The type or namespace name 'AssemblyProduct' could not be found (are you missing a using directive or an assembly reference?)
C:\gh\azure-sdk-for-net\sdk\azurestack\Microsoft.AzureStack.Management.Compute.Admin\tests\Properties\AssemblyInfo.cs(10,12): error CS0246: The type or namespace name 'AssemblyCopyrightAttribute' could not be found (are you missing a using directive or an assembly reference?)
C:\gh\azure-sdk-for-net\sdk\azurestack\Microsoft.AzureStack.Management.Compute.Admin\tests\Properties\AssemblyInfo.cs(10,12): error CS0246: The type or namespace name 'AssemblyCopyright' could not be found (are you missing a using directive or an assembly reference?)
C:\gh\azure-sdk-for-net\sdk\azurestack\Microsoft.AzureStack.Management.Compute.Admin\tests\Properties\AssemblyInfo.cs(11,12): error CS0246: The type or namespace name 'AssemblyTrademarkAttribute' could not be found (are you missing a using directive or an assembly reference?)
C:\gh\azure-sdk-for-net\sdk\azurestack\Microsoft.AzureStack.Management.Compute.Admin\tests\Properties\AssemblyInfo.cs(11,12): error CS0246: The type or namespace name 'AssemblyTrademark' could not be found (are you missing a using directive or an assembly reference?)
C:\gh\azure-sdk-for-net\sdk\azurestack\Microsoft.AzureStack.Management.Compute.Admin\tests\Properties\AssemblyInfo.cs(12,12): error CS0246: The type or namespace name 'AssemblyCultureAttribute' could not be found (are you missing a using directive or an assembly reference?)
C:\gh\azure-sdk-for-net\sdk\azurestack\Microsoft.AzureStack.Management.Compute.Admin\tests\Properties\AssemblyInfo.cs(12,12): error CS0246: The type or namespace name 'AssemblyCulture' could not be found (are you missing a using directive or an assembly reference?)
C:\gh\azure-sdk-for-net\sdk\azurestack\Microsoft.AzureStack.Management.Compute.Admin\tests\Properties\AssemblyInfo.cs(14,12): error CS0246: The type or namespace name 'ComVisibleAttribute' could not be found (are you missing a using directive or an assembly reference?)
C:\gh\azure-sdk-for-net\sdk\azurestack\Microsoft.AzureStack.Management.Compute.Admin\tests\Properties\AssemblyInfo.cs(14,12): error CS0246: The type or namespace name 'ComVisible' could not be found (are you missing a using directive or an assembly reference?)
C:\gh\azure-sdk-for-net\sdk\azurestack\Microsoft.AzureStack.Management.Compute.Admin\tests\Properties\AssemblyInfo.cs(16,12): error CS0246: The type or namespace name 'GuidAttribute' could not be found (are you missing a using directive or an assembly reference?)
C:\gh\azure-sdk-for-net\sdk\azurestack\Microsoft.AzureStack.Management.Compute.Admin\tests\Properties\AssemblyInfo.cs(16,12): error CS0246: The type or namespace name 'Guid' could not be found (are you missing a using directive or an assembly reference?)
C:\gh\azure-sdk-for-net\sdk\azurestack\Microsoft.AzureStack.Management.Compute.Admin\tests\Properties\AssemblyInfo.cs(18,12): error CS0246: The type or namespace name 'AssemblyVersionAttribute' could not be found (are you missing a using directive or an assembly reference?)
C:\gh\azure-sdk-for-net\sdk\azurestack\Microsoft.AzureStack.Management.Compute.Admin\tests\Properties\AssemblyInfo.cs(18,12): error CS0246: The type or namespace name 'AssemblyVersion' could not be found (are you missing a using directive or an assembly reference?)
C:\gh\azure-sdk-for-net\sdk\azurestack\Microsoft.AzureStack.Management.Compute.Admin\tests\Properties\AssemblyInfo.cs(19,12): error CS0246: The type or namespace name 'AssemblyFileVersionAttribute' could not be found (are you missing a using directive or an assembly reference?)
C:\gh\azure-sdk-for-net\sdk\azurestack\Microsoft.AzureStack.Management.Compute.Admin\tests\Properties\AssemblyInfo.cs(19,12): error CS0246: The type or namespace name 'AssemblyFileVersion' could not be found (are you missing a using directive or an assembly reference?)
C:\gh\azure-sdk-for-net\eng\mgmt\DisableTestRunParallel.cs(7,12): error CS0246: The type or namespace name 'CollectionBehaviorAttribute' could not be found (are you missing a using directive or an assembly reference?)
C:\gh\azure-sdk-for-net\eng\mgmt\DisableTestRunParallel.cs(7,12): error CS0246: The type or namespace name 'CollectionBehavior' could not be found (are you missing a using directive or an assembly reference?)
C:\gh\azure-sdk-for-net\artifacts\obj\Microsoft.AzureStack.Management.Compute.Tests\Debug\netcoreapp2.0\.NETCoreApp,Version=v2.0.AssemblyAttributes.cs(4,20): error CS0400: The type or namespace name 'System' could not be found in the global namespace (are you missing an assembly reference?)
C:\gh\azure-sdk-for-net\artifacts\obj\Microsoft.AzureStack.Management.Compute.Tests\Debug\netcoreapp2.0\Microsoft.AzureStack.Management.Compute.Tests.AssemblyInfo.cs(14,12): error CS0246: The type or namespace name 'System' could not be found (are you missing a using directive or an assembly reference?)
C:\gh\azure-sdk-for-net\artifacts\obj\Microsoft.AzureStack.Management.Compute.Tests\Debug\netcoreapp2.0\Microsoft.AzureStack.Management.Compute.Tests.AssemblyInfo.cs(16,12): error CS0246: The type or namespace name 'System' could not be found (are you missing a using directive or an assembly reference?)
C:\gh\azure-sdk-for-net\artifacts\obj\Microsoft.AzureStack.Management.Compute.Tests\Debug\netcoreapp2.0\Microsoft.AzureStack.Management.Compute.Tests.AssemblyInfo.cs(17,12): error CS0246: The type or namespace name 'System' could not be found (are you missing a using directive or an assembly reference?)
C:\gh\azure-sdk-for-net\sdk\azurestack\Microsoft.AzureStack.Management.Compute.Admin\tests\Properties\AssemblyInfo.cs(5,26): error CS0518: Predefined type 'System.String' is not defined or imported
C:\gh\azure-sdk-for-net\sdk\azurestack\Microsoft.AzureStack.Management.Compute.Admin\tests\Properties\AssemblyInfo.cs(6,32): error CS0518: Predefined type 'System.String' is not defined or imported
C:\gh\azure-sdk-for-net\sdk\azurestack\Microsoft.AzureStack.Management.Compute.Admin\tests\Properties\AssemblyInfo.cs(7,34): error CS0518: Predefined type 'System.String' is not defined or imported
C:\gh\azure-sdk-for-net\sdk\azurestack\Microsoft.AzureStack.Management.Compute.Admin\tests\Properties\AssemblyInfo.cs(8,28): error CS0518: Predefined type 'System.String' is not defined or imported
C:\gh\azure-sdk-for-net\sdk\azurestack\Microsoft.AzureStack.Management.Compute.Admin\tests\Properties\AssemblyInfo.cs(9,28): error CS0518: Predefined type 'System.String' is not defined or imported
C:\gh\azure-sdk-for-net\sdk\azurestack\Microsoft.AzureStack.Management.Compute.Admin\tests\Properties\AssemblyInfo.cs(10,30): error CS0518: Predefined type 'System.String' is not defined or imported
C:\gh\azure-sdk-for-net\sdk\azurestack\Microsoft.AzureStack.Management.Compute.Admin\tests\Properties\AssemblyInfo.cs(11,30): error CS0518: Predefined type 'System.String' is not defined or imported
C:\gh\azure-sdk-for-net\sdk\azurestack\Microsoft.AzureStack.Management.Compute.Admin\tests\Properties\AssemblyInfo.cs(12,28): error CS0518: Predefined type 'System.String' is not defined or imported
C:\gh\azure-sdk-for-net\sdk\azurestack\Microsoft.AzureStack.Management.Compute.Admin\tests\Properties\AssemblyInfo.cs(14,23): error CS0518: Predefined type 'System.Boolean' is not defined or imported
C:\gh\azure-sdk-for-net\sdk\azurestack\Microsoft.AzureStack.Management.Compute.Admin\tests\Properties\AssemblyInfo.cs(16,17): error CS0518: Predefined type 'System.String' is not defined or imported
C:\gh\azure-sdk-for-net\sdk\azurestack\Microsoft.AzureStack.Management.Compute.Admin\tests\Properties\AssemblyInfo.cs(18,28): error CS0518: Predefined type 'System.String' is not defined or imported
C:\gh\azure-sdk-for-net\sdk\azurestack\Microsoft.AzureStack.Management.Compute.Admin\tests\Properties\AssemblyInfo.cs(19,32): error CS0518: Predefined type 'System.String' is not defined or imported
C:\gh\azure-sdk-for-net\eng\mgmt\DisableTestRunParallel.cs(7,31): error CS0246: The type or namespace name 'DisableTestParallelization' could not be found (are you missing a using directive or an assembly reference?)
C:\gh\azure-sdk-for-net\eng\mgmt\DisableTestRunParallel.cs(7,60): error CS0518: Predefined type 'System.Boolean' is not defined or imported
C:\gh\azure-sdk-for-net\eng\mgmt\DisableTestRunParallel.cs(7,66): error CS0246: The type or namespace name 'MaxParallelThreads' could not be found (are you missing a using directive or an assembly reference?)
C:\gh\azure-sdk-for-net\eng\mgmt\DisableTestRunParallel.cs(7,87): error CS0518: Predefined type 'System.Int32' is not defined or imported
C:\gh\azure-sdk-for-net\artifacts\obj\Microsoft.AzureStack.Management.Compute.Tests\Debug\netcoreapp2.0\.NETCoreApp,Version=v2.0.AssemblyAttributes.cs(4,71): error CS0518: Predefined type 'System.String' is not defined or imported
C:\gh\azure-sdk-for-net\artifacts\obj\Microsoft.AzureStack.Management.Compute.Tests\Debug\netcoreapp2.0\.NETCoreApp,Version=v2.0.AssemblyAttributes.cs(4,99): error CS0246: The type or namespace name 'FrameworkDisplayName' could not be found (are you missing a using directive or an assembly reference?)
C:\gh\azure-sdk-for-net\artifacts\obj\Microsoft.AzureStack.Management.Compute.Tests\Debug\netcoreapp2.0\.NETCoreApp,Version=v2.0.AssemblyAttributes.cs(4,122): error CS0518: Predefined type 'System.String' is not defined or imported
C:\gh\azure-sdk-for-net\artifacts\obj\Microsoft.AzureStack.Management.Compute.Tests\Debug\netcoreapp2.0\Microsoft.AzureStack.Management.Compute.Tests.AssemblyInfo.cs(14,56): error CS0518: Predefined type 'System.String' is not defined or imported
C:\gh\azure-sdk-for-net\artifacts\obj\Microsoft.AzureStack.Management.Compute.Tests\Debug\netcoreapp2.0\Microsoft.AzureStack.Management.Compute.Tests.AssemblyInfo.cs(14,70): error CS0518: Predefined type 'System.String' is not defined or imported
C:\gh\azure-sdk-for-net\artifacts\obj\Microsoft.AzureStack.Management.Compute.Tests\Debug\netcoreapp2.0\Microsoft.AzureStack.Management.Compute.Tests.AssemblyInfo.cs(15,5): error CS0518: Predefined type 'System.String' is not defined or imported
C:\gh\azure-sdk-for-net\artifacts\obj\Microsoft.AzureStack.Management.Compute.Tests\Debug\netcoreapp2.0\Microsoft.AzureStack.Management.Compute.Tests.AssemblyInfo.cs(16,68): error CS0518: Predefined type 'System.String' is not defined or imported
C:\gh\azure-sdk-for-net\artifacts\obj\Microsoft.AzureStack.Management.Compute.Tests\Debug\netcoreapp2.0\Microsoft.AzureStack.Management.Compute.Tests.AssemblyInfo.cs(17,56): error CS0518: Predefined type 'System.String' is not defined or imported
C:\gh\azure-sdk-for-net\artifacts\obj\Microsoft.AzureStack.Management.Compute.Tests\Debug\netcoreapp2.0\Microsoft.AzureStack.Management.Compute.Tests.AssemblyInfo.cs(17,73): error CS0518: Predefined type 'System.String' is not defined or imported
C:\gh\azure-sdk-for-net\sdk\azurestack\Microsoft.AzureStack.Management.Compute.Admin\tests\Properties\AssemblyInfo.cs(1,7): error CS0246: The type or namespace name 'System' could not be found (are you missing a using directive or an assembly reference?)
C:\gh\azure-sdk-for-net\sdk\azurestack\Microsoft.AzureStack.Management.Compute.Admin\tests\Properties\AssemblyInfo.cs(2,7): error CS0246: The type or namespace name 'System' could not be found (are you missing a using directive or an assembly reference?)
C:\gh\azure-sdk-for-net\sdk\azurestack\Microsoft.AzureStack.Management.Compute.Admin\tests\Properties\AssemblyInfo.cs(3,7): error CS0246: The type or namespace name 'System' could not be found (are you missing a using directive or an assembly reference?)
C:\gh\azure-sdk-for-net\sdk\azurestack\Microsoft.AzureStack.Management.Compute.Admin\tests\src\DiskMigrationJobTests.cs(4,7): error CS0246: The type or namespace name 'System' could not be found (are you missing a using directive or an assembly reference?)
C:\gh\azure-sdk-for-net\sdk\azurestack\Microsoft.AzureStack.Management.Compute.Admin\tests\src\DiskMigrationJobTests.cs(5,7): error CS0246: The type or namespace name 'System' could not be found (are you missing a using directive or an assembly reference?)
C:\gh\azure-sdk-for-net\sdk\azurestack\Microsoft.AzureStack.Management.Compute.Admin\tests\src\DiskMigrationJobTests.cs(6,7): error CS0246: The type or namespace name 'System' could not be found (are you missing a using directive or an assembly reference?)
C:\gh\azure-sdk-for-net\sdk\azurestack\Microsoft.AzureStack.Management.Compute.Admin\tests\src\DiskMigrationJobTests.cs(7,7): error CS0246: The type or namespace name 'System' could not be found (are you missing a using directive or an assembly reference?)
C:\gh\azure-sdk-for-net\sdk\azurestack\Microsoft.AzureStack.Management.Compute.Admin\tests\src\DiskMigrationJobTests.cs(8,7): error CS0246: The type or namespace name 'System' could not be found (are you missing a using directive or an assembly reference?)
C:\gh\azure-sdk-for-net\sdk\azurestack\Microsoft.AzureStack.Management.Compute.Admin\tests\src\DiskMigrationJobTests.cs(9,7): error CS0246: The type or namespace name 'Xunit' could not be found (are you missing a using directive or an assembly reference?)
C:\gh\azure-sdk-for-net\sdk\azurestack\Microsoft.AzureStack.Management.Compute.Admin\tests\src\DiskTests.cs(4,7): error CS0246: The type or namespace name 'System' could not be found (are you missing a using directive or an assembly reference?)
C:\gh\azure-sdk-for-net\sdk\azurestack\Microsoft.AzureStack.Management.Compute.Admin\tests\src\DiskTests.cs(5,7): error CS0246: The type or namespace name 'System' could not be found (are you missing a using directive or an assembly reference?)
C:\gh\azure-sdk-for-net\sdk\azurestack\Microsoft.AzureStack.Management.Compute.Admin\tests\src\DiskTests.cs(6,7): error CS0246: The type or namespace name 'System' could not be found (are you missing a using directive or an assembly reference?)
C:\gh\azure-sdk-for-net\sdk\azurestack\Microsoft.AzureStack.Management.Compute.Admin\tests\src\DiskTests.cs(7,7): error CS0246: The type or namespace name 'System' could not be found (are you missing a using directive or an assembly reference?)
C:\gh\azure-sdk-for-net\sdk\azurestack\Microsoft.AzureStack.Management.Compute.Admin\tests\src\DiskTests.cs(8,7): error CS0246: The type or namespace name 'Xunit' could not be found (are you missing a using directive or an assembly reference?)
C:\gh\azure-sdk-for-net\sdk\azurestack\Microsoft.AzureStack.Management.Compute.Admin\tests\src\Helpers\AzureStackTestBase.cs(5,7): error CS0246: The type or namespace name 'System' could not be found (are you missing a using directive or an assembly reference?)
C:\gh\azure-sdk-for-net\sdk\azurestack\Microsoft.AzureStack.Management.Compute.Admin\tests\src\Helpers\AzureStackTestBase.cs(6,7): error CS0246: The type or namespace name 'System' could not be found (are you missing a using directive or an assembly reference?)
C:\gh\azure-sdk-for-net\sdk\azurestack\Microsoft.AzureStack.Management.Compute.Admin\tests\src\Helpers\AzureStackTestBase.cs(7,17): error CS0234: The type or namespace name 'Rest' does not exist in the namespace 'Microsoft' (are you missing an assembly reference?)
C:\gh\azure-sdk-for-net\sdk\azurestack\Microsoft.AzureStack.Management.Compute.Admin\tests\src\Helpers\AzureStackTestBase.cs(8,17): error CS0234: The type or namespace name 'Rest' does not exist in the namespace 'Microsoft' (are you missing an assembly reference?)
C:\gh\azure-sdk-for-net\sdk\azurestack\Microsoft.AzureStack.Management.Compute.Admin\tests\src\Helpers\AzureStackTestBase.cs(9,7): error CS0246: The type or namespace name 'Xunit' could not be found (are you missing a using directive or an assembly reference?)
C:\gh\azure-sdk-for-net\sdk\azurestack\Microsoft.AzureStack.Management.Compute.Admin\tests\src\Helpers\Common.cs(5,17): error CS0234: The type or namespace name 'Rest' does not exist in the namespace 'Microsoft' (are you missing an assembly reference?)
C:\gh\azure-sdk-for-net\sdk\azurestack\Microsoft.AzureStack.Management.Compute.Admin\tests\src\Helpers\Common.cs(6,17): error CS0234: The type or namespace name 'Rest' does not exist in the namespace 'Microsoft' (are you missing an assembly reference?)
C:\gh\azure-sdk-for-net\sdk\azurestack\Microsoft.AzureStack.Management.Compute.Admin\tests\src\Helpers\Common.cs(7,7): error CS0246: The type or namespace name 'System' could not be found (are you missing a using directive or an assembly reference?)
C:\gh\azure-sdk-for-net\sdk\azurestack\Microsoft.AzureStack.Management.Compute.Admin\tests\src\Helpers\Common.cs(8,7): error CS0246: The type or namespace name 'System' could not be found (are you missing a using directive or an assembly reference?)
C:\gh\azure-sdk-for-net\sdk\azurestack\Microsoft.AzureStack.Management.Compute.Admin\tests\src\Helpers\Common.cs(9,7): error CS0246: The type or namespace name 'System' could not be found (are you missing a using directive or an assembly reference?)
C:\gh\azure-sdk-for-net\sdk\azurestack\Microsoft.AzureStack.Management.Compute.Admin\tests\src\Helpers\Common.cs(10,7): error CS0246: The type or namespace name 'System' could not be found (are you missing a using directive or an assembly reference?)
C:\gh\azure-sdk-for-net\sdk\azurestack\Microsoft.AzureStack.Management.Compute.Admin\tests\src\Helpers\Common.cs(11,7): error CS0246: The type or namespace name 'System' could not be found (are you missing a using directive or an assembly reference?)
C:\gh\azure-sdk-for-net\sdk\azurestack\Microsoft.AzureStack.Management.Compute.Admin\tests\src\Helpers\Common.cs(12,7): error CS0246: The type or namespace name 'System' could not be found (are you missing a using directive or an assembly reference?)
C:\gh\azure-sdk-for-net\sdk\azurestack\Microsoft.AzureStack.Management.Compute.Admin\tests\src\Helpers\ComputeTestBase.cs(8,7): error CS0246: The type or namespace name 'Xunit' could not be found (are you missing a using directive or an assembly reference?)
C:\gh\azure-sdk-for-net\sdk\azurestack\Microsoft.AzureStack.Management.Compute.Admin\tests\src\Helpers\RecordedDelegatingHandler.cs(4,7): error CS0246: The type or namespace name 'System' could not be found (are you missing a using directive or an assembly reference?)
C:\gh\azure-sdk-for-net\sdk\azurestack\Microsoft.AzureStack.Management.Compute.Admin\tests\src\Helpers\RecordedDelegatingHandler.cs(5,7): error CS0246: The type or namespace name 'System' could not be found (are you missing a using directive or an assembly reference?)
C:\gh\azure-sdk-for-net\sdk\azurestack\Microsoft.AzureStack.Management.Compute.Admin\tests\src\Helpers\RecordedDelegatingHandler.cs(6,7): error CS0246: The type or namespace name 'System' could not be found (are you missing a using directive or an assembly reference?)
C:\gh\azure-sdk-for-net\sdk\azurestack\Microsoft.AzureStack.Management.Compute.Admin\tests\src\Helpers\RecordedDelegatingHandler.cs(7,7): error CS0246: The type or namespace name 'System' could not be found (are you missing a using directive or an assembly reference?)
C:\gh\azure-sdk-for-net\sdk\azurestack\Microsoft.AzureStack.Management.Compute.Admin\tests\src\Helpers\RecordedDelegatingHandler.cs(8,7): error CS0246: The type or namespace name 'System' could not be found (are you missing a using directive or an assembly reference?)
C:\gh\azure-sdk-for-net\sdk\azurestack\Microsoft.AzureStack.Management.Compute.Admin\tests\src\PlatformImageTests.cs(8,7): error CS0246: The type or namespace name 'System' could not be found (are you missing a using directive or an assembly reference?)
C:\gh\azure-sdk-for-net\sdk\azurestack\Microsoft.AzureStack.Management.Compute.Admin\tests\src\PlatformImageTests.cs(9,7): error CS0246: The type or namespace name 'System' could not be found (are you missing a using directive or an assembly reference?)
C:\gh\azure-sdk-for-net\sdk\azurestack\Microsoft.AzureStack.Management.Compute.Admin\tests\src\PlatformImageTests.cs(10,7): error CS0246: The type or namespace name 'Xunit' could not be found (are you missing a using directive or an assembly reference?)
C:\gh\azure-sdk-for-net\sdk\azurestack\Microsoft.AzureStack.Management.Compute.Admin\tests\src\QuotaTests.cs(8,7): error CS0246: The type or namespace name 'System' could not be found (are you missing a using directive or an assembly reference?)
C:\gh\azure-sdk-for-net\sdk\azurestack\Microsoft.AzureStack.Management.Compute.Admin\tests\src\QuotaTests.cs(9,7): error CS0246: The type or namespace name 'System' could not be found (are you missing a using directive or an assembly reference?)
C:\gh\azure-sdk-for-net\sdk\azurestack\Microsoft.AzureStack.Management.Compute.Admin\tests\src\QuotaTests.cs(10,7): error CS0246: The type or namespace name 'Xunit' could not be found (are you missing a using directive or an assembly reference?)
C:\gh\azure-sdk-for-net\sdk\azurestack\Microsoft.AzureStack.Management.Compute.Admin\tests\src\VMExtensionTests.cs(8,7): error CS0246: The type or namespace name 'System' could not be found (are you missing a using directive or an assembly reference?)
C:\gh\azure-sdk-for-net\sdk\azurestack\Microsoft.AzureStack.Management.Compute.Admin\tests\src\VMExtensionTests.cs(9,7): error CS0246: The type or namespace name 'System' could not be found (are you missing a using directive or an assembly reference?)
C:\gh\azure-sdk-for-net\sdk\azurestack\Microsoft.AzureStack.Management.Compute.Admin\tests\src\VMExtensionTests.cs(10,7): error CS0246: The type or namespace name 'Xunit' could not be found (are you missing a using directive or an assembly reference?)
C:\gh\azure-sdk-for-net\eng\mgmt\DisableTestRunParallel.cs(4,7): error CS0246: The type or namespace name 'System' could not be found (are you missing a using directive or an assembly reference?)
C:\gh\azure-sdk-for-net\eng\mgmt\DisableTestRunParallel.cs(5,7): error CS0246: The type or namespace name 'Xunit' could not be found (are you missing a using directive or an assembly reference?)
C:\gh\azure-sdk-for-net\artifacts\obj\Microsoft.AzureStack.Management.Compute.Tests\Debug\netcoreapp2.0\.NETCoreApp,Version=v2.0.AssemblyAttributes.cs(2,7): error CS0246: The type or namespace name 'System' could not be found (are you missing a using directive or an assembly reference?)
C:\gh\azure-sdk-for-net\artifacts\obj\Microsoft.AzureStack.Management.Compute.Tests\Debug\netcoreapp2.0\.NETCoreApp,Version=v2.0.AssemblyAttributes.cs(3,7): error CS0246: The type or namespace name 'System' could not be found (are you missing a using directive or an assembly reference?)
C:\gh\azure-sdk-for-net\artifacts\obj\Microsoft.AzureStack.Management.Compute.Tests\Debug\netcoreapp2.0\Microsoft.AzureStack.Management.Compute.Tests.AssemblyInfo.cs(11,7): error CS0246: The type or namespace name 'System' could not be found (are you missing a using directive or an assembly reference?)
C:\gh\azure-sdk-for-net\artifacts\obj\Microsoft.AzureStack.Management.Compute.Tests\Debug\netcoreapp2.0\Microsoft.AzureStack.Management.Compute.Tests.AssemblyInfo.cs(12,7): error CS0246: The type or namespace name 'System' could not be found (are you missing a using directive or an assembly reference?)
C:\gh\azure-sdk-for-net\sdk\azurestack\Microsoft.AzureStack.Management.Compute.Admin\tests\src\SupportedOperationsTest.cs(10,11): error CS0246: The type or namespace name 'System' could not be found (are you missing a using directive or an assembly reference?)
C:\gh\azure-sdk-for-net\sdk\azurestack\Microsoft.AzureStack.Management.Compute.Admin\tests\src\SupportedOperationsTest.cs(11,11): error CS0246: The type or namespace name 'System' could not be found (are you missing a using directive or an assembly reference?)
C:\gh\azure-sdk-for-net\sdk\azurestack\Microsoft.AzureStack.Management.Compute.Admin\tests\src\SupportedOperationsTest.cs(12,11): error CS0246: The type or namespace name 'Xunit' could not be found (are you missing a using directive or an assembly reference?)
C:\gh\azure-sdk-for-net\sdk\azurestack\Microsoft.AzureStack.Management.Compute.Admin\tests\src\Helpers\Common.cs(238,88): error CS0518: Predefined type 'System.Object' is not defined or imported
C:\gh\azure-sdk-for-net\sdk\azurestack\Microsoft.AzureStack.Management.Compute.Admin\tests\src\Helpers\Common.cs(238,88): error CS0246: The type or namespace name 'Action<>' could not be found (are you missing a using directive or an assembly reference?)
C:\gh\azure-sdk-for-net\sdk\azurestack\Microsoft.AzureStack.Management.Compute.Admin\tests\src\DiskTests.cs(53,10): error CS0518: Predefined type 'System.Object' is not defined or imported
C:\gh\azure-sdk-for-net\sdk\azurestack\Microsoft.AzureStack.Management.Compute.Admin\tests\src\DiskTests.cs(53,10): error CS0246: The type or namespace name 'FactAttribute' could not be found (are you missing a using directive or an assembly reference?)
C:\gh\azure-sdk-for-net\sdk\azurestack\Microsoft.AzureStack.Management.Compute.Admin\tests\src\DiskTests.cs(53,10): error CS0246: The type or namespace name 'Fact' could not be found (are you missing a using directive or an assembly reference?)
C:\gh\azure-sdk-for-net\sdk\azurestack\Microsoft.AzureStack.Management.Compute.Admin\tests\src\PlatformImageTests.cs(43,97): error CS0518: Predefined type 'System.Boolean' is not defined or imported
C:\gh\azure-sdk-for-net\sdk\azurestack\Microsoft.AzureStack.Management.Compute.Admin\tests\src\DiskMigrationJobTests.cs(28,10): error CS0518: Predefined type 'System.Object' is not defined or imported
C:\gh\azure-sdk-for-net\sdk\azurestack\Microsoft.AzureStack.Management.Compute.Admin\tests\src\DiskMigrationJobTests.cs(28,10): error CS0246: The type or namespace name 'FactAttribute' could not be found (are you missing a using directive or an assembly reference?)
C:\gh\azure-sdk-for-net\sdk\azurestack\Microsoft.AzureStack.Management.Compute.Admin\tests\src\DiskMigrationJobTests.cs(28,10): error CS0246: The type or namespace name 'Fact' could not be found (are you missing a using directive or an assembly reference?)
C:\gh\azure-sdk-for-net\sdk\azurestack\Microsoft.AzureStack.Management.Compute.Admin\tests\src\Helpers\AzureStackTestBase.cs(48,37): error CS0518: Predefined type 'System.Object' is not defined or imported
C:\gh\azure-sdk-for-net\sdk\azurestack\Microsoft.AzureStack.Management.Compute.Admin\tests\src\Helpers\AzureStackTestBase.cs(48,37): error CS0103: The name 'HttpStatusCode' does not exist in the current context
C:\gh\azure-sdk-for-net\sdk\azurestack\Microsoft.AzureStack.Management.Compute.Admin\tests\src\Helpers\AzureStackTestBase.cs(49,14): error CS0518: Predefined type 'System.Object' is not defined or imported
C:\gh\azure-sdk-for-net\sdk\azurestack\Microsoft.AzureStack.Management.Compute.Admin\tests\src\DiskTests.cs(83,10): error CS0518: Predefined type 'System.Object' is not defined or imported
C:\gh\azure-sdk-for-net\sdk\azurestack\Microsoft.AzureStack.Management.Compute.Admin\tests\src\Helpers\AzureStackTestBase.cs(49,14): error CS0246: The type or namespace name 'System' could not be found (are you missing a using directive or an assembly reference?)
C:\gh\azure-sdk-for-net\sdk\azurestack\Microsoft.AzureStack.Management.Compute.Admin\tests\src\DiskTests.cs(83,10): error CS0246: The type or namespace name 'FactAttribute' could not be found (are you missing a using directive or an assembly reference?)
C:\gh\azure-sdk-for-net\sdk\azurestack\Microsoft.AzureStack.Management.Compute.Admin\tests\src\DiskTests.cs(83,10): error CS0246: The type or namespace name 'Fact' could not be found (are you missing a using directive or an assembly reference?)
C:\gh\azure-sdk-for-net\sdk\azurestack\Microsoft.AzureStack.Management.Compute.Admin\tests\src\QuotaTests.cs(42,81): error CS0518: Predefined type 'System.Boolean' is not defined or imported
C:\gh\azure-sdk-for-net\sdk\azurestack\Microsoft.AzureStack.Management.Compute.Admin\tests\src\VMExtensionTests.cs(40,93): error CS0518: Predefined type 'System.Boolean' is not defined or imported
C:\gh\azure-sdk-for-net\sdk\azurestack\Microsoft.AzureStack.Management.Compute.Admin\tests\src\Helpers\AzureStackTestBase.cs(50,32): error CS0518: Predefined type 'System.String' is not defined or imported
C:\gh\azure-sdk-for-net\sdk\azurestack\Microsoft.AzureStack.Management.Compute.Admin\tests\src\DiskMigrationJobTests.cs(66,10): error CS0518: Predefined type 'System.Object' is not defined or imported
C:\gh\azure-sdk-for-net\sdk\azurestack\Microsoft.AzureStack.Management.Compute.Admin\tests\src\DiskMigrationJobTests.cs(66,10): error CS0246: The type or namespace name 'FactAttribute' could not be found (are you missing a using directive or an assembly reference?)
C:\gh\azure-sdk-for-net\sdk\azurestack\Microsoft.AzureStack.Management.Compute.Admin\tests\src\DiskMigrationJobTests.cs(66,10): error CS0246: The type or namespace name 'Fact' could not be found (are you missing a using directive or an assembly reference?)
C:\gh\azure-sdk-for-net\sdk\azurestack\Microsoft.AzureStack.Management.Compute.Admin\tests\src\Helpers\Common.cs(30,34): error CS0518: Predefined type 'System.Int32' is not defined or imported
C:\gh\azure-sdk-for-net\sdk\azurestack\Microsoft.AzureStack.Management.Compute.Admin\tests\src\SupportedOperationsTest.cs(33,10): error CS0518: Predefined type 'System.Object' is not defined or imported
C:\gh\azure-sdk-for-net\sdk\azurestack\Microsoft.AzureStack.Management.Compute.Admin\tests\src\SupportedOperationsTest.cs(33,10): error CS0246: The type or namespace name 'FactAttribute' could not be found (are you missing a using directive or an assembly reference?)
C:\gh\azure-sdk-for-net\sdk\azurestack\Microsoft.AzureStack.Management.Compute.Admin\tests\src\SupportedOperationsTest.cs(33,10): error CS0246: The type or namespace name 'Fact' could not be found (are you missing a using directive or an assembly reference?)
C:\gh\azure-sdk-for-net\sdk\azurestack\Microsoft.AzureStack.Management.Compute.Admin\tests\src\SupportedOperationsTest.cs(33,15): error CS0246: The type or namespace name 'Skip' could not be found (are you missing a using directive or an assembly reference?)
C:\gh\azure-sdk-for-net\sdk\azurestack\Microsoft.AzureStack.Management.Compute.Admin\tests\src\SupportedOperationsTest.cs(33,22): error CS0518: Predefined type 'System.String' is not defined or imported
C:\gh\azure-sdk-for-net\sdk\azurestack\Microsoft.AzureStack.Management.Compute.Admin\tests\src\DiskTests.cs(99,10): error CS0518: Predefined type 'System.Object' is not defined or imported
C:\gh\azure-sdk-for-net\sdk\azurestack\Microsoft.AzureStack.Management.Compute.Admin\tests\src\DiskTests.cs(99,10): error CS0246: The type or namespace name 'FactAttribute' could not be found (are you missing a using directive or an assembly reference?)
C:\gh\azure-sdk-for-net\sdk\azurestack\Microsoft.AzureStack.Management.Compute.Admin\tests\src\DiskTests.cs(99,10): error CS0246: The type or namespace name 'Fact' could not be found (are you missing a using directive or an assembly reference?)
C:\gh\azure-sdk-for-net\sdk\azurestack\Microsoft.AzureStack.Management.Compute.Admin\tests\src\PlatformImageTests.cs(58,10): error CS0518: Predefined type 'System.Object' is not defined or imported
C:\gh\azure-sdk-for-net\sdk\azurestack\Microsoft.AzureStack.Management.Compute.Admin\tests\src\PlatformImageTests.cs(58,10): error CS0246: The type or namespace name 'FactAttribute' could not be found (are you missing a using directive or an assembly reference?)
C:\gh\azure-sdk-for-net\sdk\azurestack\Microsoft.AzureStack.Management.Compute.Admin\tests\src\PlatformImageTests.cs(58,10): error CS0246: The type or namespace name 'Fact' could not be found (are you missing a using directive or an assembly reference?)
C:\gh\azure-sdk-for-net\sdk\azurestack\Microsoft.AzureStack.Management.Compute.Admin\tests\src\Helpers\Common.cs(64,65): error CS0518: Predefined type 'System.String' is not defined or imported
C:\gh\azure-sdk-for-net\sdk\azurestack\Microsoft.AzureStack.Management.Compute.Admin\tests\src\QuotaTests.cs(63,10): error CS0518: Predefined type 'System.Object' is not defined or imported
C:\gh\azure-sdk-for-net\sdk\azurestack\Microsoft.AzureStack.Management.Compute.Admin\tests\src\VMExtensionTests.cs(61,10): error CS0518: Predefined type 'System.Object' is not defined or imported
C:\gh\azure-sdk-for-net\sdk\azurestack\Microsoft.AzureStack.Management.Compute.Admin\tests\src\QuotaTests.cs(63,10): error CS0246: The type or namespace name 'FactAttribute' could not be found (are you missing a using directive or an assembly reference?)
C:\gh\azure-sdk-for-net\sdk\azurestack\Microsoft.AzureStack.Management.Compute.Admin\tests\src\VMExtensionTests.cs(61,10): error CS0246: The type or namespace name 'FactAttribute' could not be found (are you missing a using directive or an assembly reference?)
C:\gh\azure-sdk-for-net\sdk\azurestack\Microsoft.AzureStack.Management.Compute.Admin\tests\src\QuotaTests.cs(63,10): error CS0246: The type or namespace name 'Fact' could not be found (are you missing a using directive or an assembly reference?)
C:\gh\azure-sdk-for-net\sdk\azurestack\Microsoft.AzureStack.Management.Compute.Admin\tests\src\VMExtensionTests.cs(61,10): error CS0246: The type or namespace name 'Fact' could not be found (are you missing a using directive or an assembly reference?)
C:\gh\azure-sdk-for-net\sdk\azurestack\Microsoft.AzureStack.Management.Compute.Admin\tests\src\Helpers\Common.cs(64,96): error CS0518: Predefined type 'System.Boolean' is not defined or imported
C:\gh\azure-sdk-for-net\sdk\azurestack\Microsoft.AzureStack.Management.Compute.Admin\tests\src\Helpers\Common.cs(87,75): error CS0518: Predefined type 'System.Int32' is not defined or imported
C:\gh\azure-sdk-for-net\sdk\azurestack\Microsoft.AzureStack.Management.Compute.Admin\tests\src\PlatformImageTests.cs(66,10): error CS0518: Predefined type 'System.Object' is not defined or imported
C:\gh\azure-sdk-for-net\sdk\azurestack\Microsoft.AzureStack.Management.Compute.Admin\tests\src\PlatformImageTests.cs(66,10): error CS0246: The type or namespace name 'FactAttribute' could not be found (are you missing a using directive or an assembly reference?)
C:\gh\azure-sdk-for-net\sdk\azurestack\Microsoft.AzureStack.Management.Compute.Admin\tests\src\PlatformImageTests.cs(66,10): error CS0246: The type or namespace name 'Fact' could not be found (are you missing a using directive or an assembly reference?)
C:\gh\azure-sdk-for-net\sdk\azurestack\Microsoft.AzureStack.Management.Compute.Admin\tests\src\QuotaTests.cs(73,10): error CS0518: Predefined type 'System.Object' is not defined or imported
C:\gh\azure-sdk-for-net\sdk\azurestack\Microsoft.AzureStack.Management.Compute.Admin\tests\src\QuotaTests.cs(73,10): error CS0246: The type or namespace name 'FactAttribute' could not be found (are you missing a using directive or an assembly reference?)
C:\gh\azure-sdk-for-net\sdk\azurestack\Microsoft.AzureStack.Management.Compute.Admin\tests\src\QuotaTests.cs(73,10): error CS0246: The type or namespace name 'Fact' could not be found (are you missing a using directive or an assembly reference?)
C:\gh\azure-sdk-for-net\sdk\azurestack\Microsoft.AzureStack.Management.Compute.Admin\tests\src\VMExtensionTests.cs(69,10): error CS0518: Predefined type 'System.Object' is not defined or imported
C:\gh\azure-sdk-for-net\sdk\azurestack\Microsoft.AzureStack.Management.Compute.Admin\tests\src\VMExtensionTests.cs(69,10): error CS0246: The type or namespace name 'FactAttribute' could not be found (are you missing a using directive or an assembly reference?)
C:\gh\azure-sdk-for-net\sdk\azurestack\Microsoft.AzureStack.Management.Compute.Admin\tests\src\VMExtensionTests.cs(69,10): error CS0246: The type or namespace name 'Fact' could not be found (are you missing a using directive or an assembly reference?)
C:\gh\azure-sdk-for-net\sdk\azurestack\Microsoft.AzureStack.Management.Compute.Admin\tests\src\Helpers\Common.cs(87,91): error CS0518: Predefined type 'System.Int32' is not defined or imported
C:\gh\azure-sdk-for-net\sdk\azurestack\Microsoft.AzureStack.Management.Compute.Admin\tests\src\Helpers\Common.cs(87,97): error CS0518: Predefined type 'System.Object' is not defined or imported
C:\gh\azure-sdk-for-net\sdk\azurestack\Microsoft.AzureStack.Management.Compute.Admin\tests\src\Helpers\Common.cs(107,78): error CS0518: Predefined type 'System.Int32' is not defined or imported
C:\gh\azure-sdk-for-net\sdk\azurestack\Microsoft.AzureStack.Management.Compute.Admin\tests\src\PlatformImageTests.cs(82,10): error CS0518: Predefined type 'System.Object' is not defined or imported
C:\gh\azure-sdk-for-net\sdk\azurestack\Microsoft.AzureStack.Management.Compute.Admin\tests\src\PlatformImageTests.cs(82,10): error CS0246: The type or namespace name 'FactAttribute' could not be found (are you missing a using directive or an assembly reference?)
C:\gh\azure-sdk-for-net\sdk\azurestack\Microsoft.AzureStack.Management.Compute.Admin\tests\src\PlatformImageTests.cs(82,10): error CS0246: The type or namespace name 'Fact' could not be found (are you missing a using directive or an assembly reference?)
C:\gh\azure-sdk-for-net\sdk\azurestack\Microsoft.AzureStack.Management.Compute.Admin\tests\src\Helpers\RecordedDelegatingHandler.cs(39,57): error CS0518: Predefined type 'System.Void' is not defined or imported
C:\gh\azure-sdk-for-net\sdk\azurestack\Microsoft.AzureStack.Management.Compute.Admin\tests\src\QuotaTests.cs(82,10): error CS0518: Predefined type 'System.Object' is not defined or imported
C:\gh\azure-sdk-for-net\sdk\azurestack\Microsoft.AzureStack.Management.Compute.Admin\tests\src\VMExtensionTests.cs(82,10): error CS0518: Predefined type 'System.Object' is not defined or imported
C:\gh\azure-sdk-for-net\sdk\azurestack\Microsoft.AzureStack.Management.Compute.Admin\tests\src\QuotaTests.cs(82,10): error CS0246: The type or namespace name 'FactAttribute' could not be found (are you missing a using directive or an assembly reference?)
C:\gh\azure-sdk-for-net\sdk\azurestack\Microsoft.AzureStack.Management.Compute.Admin\tests\src\VMExtensionTests.cs(82,10): error CS0246: The type or namespace name 'FactAttribute' could not be found (are you missing a using directive or an assembly reference?)
C:\gh\azure-sdk-for-net\sdk\azurestack\Microsoft.AzureStack.Management.Compute.Admin\tests\src\QuotaTests.cs(82,10): error CS0246: The type or namespace name 'Fact' could not be found (are you missing a using directive or an assembly reference?)
C:\gh\azure-sdk-for-net\sdk\azurestack\Microsoft.AzureStack.Management.Compute.Admin\tests\src\VMExtensionTests.cs(82,10): error CS0246: The type or namespace name 'Fact' could not be found (are you missing a using directive or an assembly reference?)
C:\gh\azure-sdk-for-net\sdk\azurestack\Microsoft.AzureStack.Management.Compute.Admin\tests\src\PlatformImageTests.cs(97,10): error CS0518: Predefined type 'System.Object' is not defined or imported
C:\gh\azure-sdk-for-net\sdk\azurestack\Microsoft.AzureStack.Management.Compute.Admin\tests\src\PlatformImageTests.cs(97,10): error CS0246: The type or namespace name 'FactAttribute' could not be found (are you missing a using directive or an assembly reference?)
C:\gh\azure-sdk-for-net\sdk\azurestack\Microsoft.AzureStack.Management.Compute.Admin\tests\src\PlatformImageTests.cs(97,10): error CS0246: The type or namespace name 'Fact' could not be found (are you missing a using directive or an assembly reference?)
C:\gh\azure-sdk-for-net\sdk\azurestack\Microsoft.AzureStack.Management.Compute.Admin\tests\src\QuotaTests.cs(102,10): error CS0518: Predefined type 'System.Object' is not defined or imported
C:\gh\azure-sdk-for-net\sdk\azurestack\Microsoft.AzureStack.Management.Compute.Admin\tests\src\Helpers\Common.cs(107,94): error CS0518: Predefined type 'System.Int32' is not defined or imported
C:\gh\azure-sdk-for-net\sdk\azurestack\Microsoft.AzureStack.Management.Compute.Admin\tests\src\QuotaTests.cs(102,10): error CS0246: The type or namespace name 'FactAttribute' could not be found (are you missing a using directive or an assembly reference?)
C:\gh\azure-sdk-for-net\sdk\azurestack\Microsoft.AzureStack.Management.Compute.Admin\tests\src\QuotaTests.cs(102,10): error CS0246: The type or namespace name 'Fact' could not be found (are you missing a using directive or an assembly reference?)
C:\gh\azure-sdk-for-net\sdk\azurestack\Microsoft.AzureStack.Management.Compute.Admin\tests\src\VMExtensionTests.cs(97,10): error CS0518: Predefined type 'System.Object' is not defined or imported
C:\gh\azure-sdk-for-net\sdk\azurestack\Microsoft.AzureStack.Management.Compute.Admin\tests\src\Helpers\Common.cs(107,100): error CS0518: Predefined type 'System.Object' is not defined or imported
C:\gh\azure-sdk-for-net\sdk\azurestack\Microsoft.AzureStack.Management.Compute.Admin\tests\src\VMExtensionTests.cs(97,10): error CS0246: The type or namespace name 'FactAttribute' could not be found (are you missing a using directive or an assembly reference?)
C:\gh\azure-sdk-for-net\sdk\azurestack\Microsoft.AzureStack.Management.Compute.Admin\tests\src\VMExtensionTests.cs(97,10): error CS0246: The type or namespace name 'Fact' could not be found (are you missing a using directive or an assembly reference?)
C:\gh\azure-sdk-for-net\sdk\azurestack\Microsoft.AzureStack.Management.Compute.Admin\tests\src\QuotaTests.cs(146,10): error CS0518: Predefined type 'System.Object' is not defined or imported
C:\gh\azure-sdk-for-net\sdk\azurestack\Microsoft.AzureStack.Management.Compute.Admin\tests\src\VMExtensionTests.cs(117,10): error CS0518: Predefined type 'System.Object' is not defined or imported
C:\gh\azure-sdk-for-net\sdk\azurestack\Microsoft.AzureStack.Management.Compute.Admin\tests\src\QuotaTests.cs(146,10): error CS0246: The type or namespace name 'FactAttribute' could not be found (are you missing a using directive or an assembly reference?)
C:\gh\azure-sdk-for-net\sdk\azurestack\Microsoft.AzureStack.Management.Compute.Admin\tests\src\VMExtensionTests.cs(117,10): error CS0246: The type or namespace name 'FactAttribute' could not be found (are you missing a using directive or an assembly reference?)
C:\gh\azure-sdk-for-net\sdk\azurestack\Microsoft.AzureStack.Management.Compute.Admin\tests\src\QuotaTests.cs(146,10): error CS0246: The type or namespace name 'Fact' could not be found (are you missing a using directive or an assembly reference?)
C:\gh\azure-sdk-for-net\sdk\azurestack\Microsoft.AzureStack.Management.Compute.Admin\tests\src\VMExtensionTests.cs(117,10): error CS0246: The type or namespace name 'Fact' could not be found (are you missing a using directive or an assembly reference?)
C:\gh\azure-sdk-for-net\sdk\azurestack\Microsoft.AzureStack.Management.Compute.Admin\tests\src\PlatformImageTests.cs(128,10): error CS0518: Predefined type 'System.Object' is not defined or imported
C:\gh\azure-sdk-for-net\sdk\azurestack\Microsoft.AzureStack.Management.Compute.Admin\tests\src\PlatformImageTests.cs(128,10): error CS0246: The type or namespace name 'FactAttribute' could not be found (are you missing a using directive or an assembly reference?)
C:\gh\azure-sdk-for-net\sdk\azurestack\Microsoft.AzureStack.Management.Compute.Admin\tests\src\PlatformImageTests.cs(128,10): error CS0246: The type or namespace name 'Fact' could not be found (are you missing a using directive or an assembly reference?)
C:\gh\azure-sdk-for-net\sdk\azurestack\Microsoft.AzureStack.Management.Compute.Admin\tests\src\Helpers\Common.cs(119,119): error CS0518: Predefined type 'System.Object' is not defined or imported
C:\gh\azure-sdk-for-net\sdk\azurestack\Microsoft.AzureStack.Management.Compute.Admin\tests\src\Helpers\Common.cs(119,119): error CS0246: The type or namespace name 'Action<>' could not be found (are you missing a using directive or an assembly reference?)
C:\gh\azure-sdk-for-net\sdk\azurestack\Microsoft.AzureStack.Management.Compute.Admin\tests\src\QuotaTests.cs(194,10): error CS0518: Predefined type 'System.Object' is not defined or imported
C:\gh\azure-sdk-for-net\sdk\azurestack\Microsoft.AzureStack.Management.Compute.Admin\tests\src\QuotaTests.cs(194,10): error CS0246: The type or namespace name 'FactAttribute' could not be found (are you missing a using directive or an assembly reference?)
C:\gh\azure-sdk-for-net\sdk\azurestack\Microsoft.AzureStack.Management.Compute.Admin\tests\src\QuotaTests.cs(194,10): error CS0246: The type or namespace name 'Fact' could not be found (are you missing a using directive or an assembly reference?)
C:\gh\azure-sdk-for-net\sdk\azurestack\Microsoft.AzureStack.Management.Compute.Admin\tests\src\Helpers\RecordedDelegatingHandler.cs(41,67): error CS0518: Predefined type 'System.Void' is not defined or imported
C:\gh\azure-sdk-for-net\sdk\azurestack\Microsoft.AzureStack.Management.Compute.Admin\tests\src\QuotaTests.cs(219,10): error CS0518: Predefined type 'System.Object' is not defined or imported
C:\gh\azure-sdk-for-net\sdk\azurestack\Microsoft.AzureStack.Management.Compute.Admin\tests\src\QuotaTests.cs(219,10): error CS0246: The type or namespace name 'FactAttribute' could not be found (are you missing a using directive or an assembly reference?)
C:\gh\azure-sdk-for-net\sdk\azurestack\Microsoft.AzureStack.Management.Compute.Admin\tests\src\QuotaTests.cs(219,10): error CS0246: The type or namespace name 'Fact' could not be found (are you missing a using directive or an assembly reference?)
C:\gh\azure-sdk-for-net\sdk\azurestack\Microsoft.AzureStack.Management.Compute.Admin\tests\src\QuotaTests.cs(219,15): error CS0246: The type or namespace name 'Skip' could not be found (are you missing a using directive or an assembly reference?)
C:\gh\azure-sdk-for-net\sdk\azurestack\Microsoft.AzureStack.Management.Compute.Admin\tests\src\QuotaTests.cs(219,22): error CS0518: Predefined type 'System.String' is not defined or imported
C:\gh\azure-sdk-for-net\sdk\azurestack\Microsoft.AzureStack.Management.Compute.Admin\tests\src\Helpers\RecordedDelegatingHandler.cs(43,38): error CS0518: Predefined type 'System.Void' is not defined or imported
C:\gh\azure-sdk-for-net\sdk\azurestack\Microsoft.AzureStack.Management.Compute.Admin\tests\src\QuotaTests.cs(227,10): error CS0518: Predefined type 'System.Object' is not defined or imported
C:\gh\azure-sdk-for-net\sdk\azurestack\Microsoft.AzureStack.Management.Compute.Admin\tests\src\QuotaTests.cs(227,10): error CS0246: The type or namespace name 'FactAttribute' could not be found (are you missing a using directive or an assembly reference?)
C:\gh\azure-sdk-for-net\sdk\azurestack\Microsoft.AzureStack.Management.Compute.Admin\tests\src\QuotaTests.cs(227,10): error CS0246: The type or namespace name 'Fact' could not be found (are you missing a using directive or an assembly reference?)
C:\gh\azure-sdk-for-net\sdk\azurestack\Microsoft.AzureStack.Management.Compute.Admin\tests\src\QuotaTests.cs(238,10): error CS0518: Predefined type 'System.Object' is not defined or imported
C:\gh\azure-sdk-for-net\sdk\azurestack\Microsoft.AzureStack.Management.Compute.Admin\tests\src\QuotaTests.cs(238,10): error CS0246: The type or namespace name 'FactAttribute' could not be found (are you missing a using directive or an assembly reference?)
C:\gh\azure-sdk-for-net\sdk\azurestack\Microsoft.AzureStack.Management.Compute.Admin\tests\src\QuotaTests.cs(238,10): error CS0246: The type or namespace name 'Fact' could not be found (are you missing a using directive or an assembly reference?)
C:\gh\azure-sdk-for-net\sdk\azurestack\Microsoft.AzureStack.Management.Compute.Admin\tests\src\QuotaTests.cs(238,15): error CS0246: The type or namespace name 'Skip' could not be found (are you missing a using directive or an assembly reference?)
C:\gh\azure-sdk-for-net\sdk\azurestack\Microsoft.AzureStack.Management.Compute.Admin\tests\src\QuotaTests.cs(238,22): error CS0518: Predefined type 'System.String' is not defined or imported
C:\gh\azure-sdk-for-net\sdk\azurestack\Microsoft.AzureStack.Management.Compute.Admin\tests\src\Helpers\RecordedDelegatingHandler.cs(45,57): error CS0518: Predefined type 'System.Void' is not defined or imported
C:\gh\azure-sdk-for-net\sdk\azurestack\Microsoft.AzureStack.Management.Compute.Admin\tests\src\Helpers\RecordedDelegatingHandler.cs(47,57): error CS0518: Predefined type 'System.Void' is not defined or imported
C:\gh\azure-sdk-for-net\sdk\azurestack\Microsoft.AzureStack.Management.Compute.Admin\tests\src\Helpers\RecordedDelegatingHandler.cs(49,41): error CS0518: Predefined type 'System.Void' is not defined or imported
C:\gh\azure-sdk-for-net\sdk\azurestack\Microsoft.AzureStack.Management.Compute.Admin\tests\src\Helpers\RecordedDelegatingHandler.cs(51,31): error CS0518: Predefined type 'System.Void' is not defined or imported
C:\gh\azure-sdk-for-net\sdk\azurestack\Microsoft.AzureStack.Management.Compute.Admin\tests\src\Helpers\RecordedDelegatingHandler.cs(53,42): error CS0518: Predefined type 'System.Void' is not defined or imported
C:\gh\azure-sdk-for-net\sdk\azurestack\Microsoft.AzureStack.Management.Compute.Admin\tests\src\Helpers\RecordedDelegatingHandler.cs(39,16): error CS0518: Predefined type 'System.Object' is not defined or imported
C:\gh\azure-sdk-for-net\sdk\azurestack\Microsoft.AzureStack.Management.Compute.Admin\tests\src\Helpers\RecordedDelegatingHandler.cs(39,16): error CS0246: The type or namespace name 'HttpStatusCode' could not be found (are you missing a using directive or an assembly reference?)
C:\gh\azure-sdk-for-net\sdk\azurestack\Microsoft.AzureStack.Management.Compute.Admin\tests\src\Helpers\RecordedDelegatingHandler.cs(41,16): error CS0518: Predefined type 'System.Object' is not defined or imported
C:\gh\azure-sdk-for-net\sdk\azurestack\Microsoft.AzureStack.Management.Compute.Admin\tests\src\Helpers\RecordedDelegatingHandler.cs(41,16): error CS0246: The type or namespace name 'HttpStatusCode' could not be found (are you missing a using directive or an assembly reference?)
C:\gh\azure-sdk-for-net\sdk\azurestack\Microsoft.AzureStack.Management.Compute.Admin\tests\src\Helpers\RecordedDelegatingHandler.cs(43,16): error CS0518: Predefined type 'System.String' is not defined or imported
C:\gh\azure-sdk-for-net\sdk\azurestack\Microsoft.AzureStack.Management.Compute.Admin\tests\src\Helpers\RecordedDelegatingHandler.cs(45,16): error CS0518: Predefined type 'System.Object' is not defined or imported
C:\gh\azure-sdk-for-net\sdk\azurestack\Microsoft.AzureStack.Management.Compute.Admin\tests\src\Helpers\RecordedDelegatingHandler.cs(45,16): error CS0246: The type or namespace name 'HttpRequestHeaders' could not be found (are you missing a using directive or an assembly reference?)
C:\gh\azure-sdk-for-net\sdk\azurestack\Microsoft.AzureStack.Management.Compute.Admin\tests\src\Helpers\RecordedDelegatingHandler.cs(47,16): error CS0518: Predefined type 'System.Object' is not defined or imported
C:\gh\azure-sdk-for-net\sdk\azurestack\Microsoft.AzureStack.Management.Compute.Admin\tests\src\Helpers\RecordedDelegatingHandler.cs(47,16): error CS0246: The type or namespace name 'HttpContentHeaders' could not be found (are you missing a using directive or an assembly reference?)
C:\gh\azure-sdk-for-net\sdk\azurestack\Microsoft.AzureStack.Management.Compute.Admin\tests\src\Helpers\RecordedDelegatingHandler.cs(49,16): error CS0518: Predefined type 'System.Object' is not defined or imported
C:\gh\azure-sdk-for-net\sdk\azurestack\Microsoft.AzureStack.Management.Compute.Admin\tests\src\Helpers\RecordedDelegatingHandler.cs(49,16): error CS0246: The type or namespace name 'HttpMethod' could not be found (are you missing a using directive or an assembly reference?)
C:\gh\azure-sdk-for-net\sdk\azurestack\Microsoft.AzureStack.Management.Compute.Admin\tests\src\Helpers\RecordedDelegatingHandler.cs(51,16): error CS0518: Predefined type 'System.Object' is not defined or imported
C:\gh\azure-sdk-for-net\sdk\azurestack\Microsoft.AzureStack.Management.Compute.Admin\tests\src\Helpers\RecordedDelegatingHandler.cs(51,16): error CS0246: The type or namespace name 'Uri' could not be found (are you missing a using directive or an assembly reference?)
C:\gh\azure-sdk-for-net\sdk\azurestack\Microsoft.AzureStack.Management.Compute.Admin\tests\src\Helpers\RecordedDelegatingHandler.cs(53,16): error CS0518: Predefined type 'System.Boolean' is not defined or imported
C:\gh\azure-sdk-for-net\sdk\azurestack\Microsoft.AzureStack.Management.Compute.Admin\tests\src\Helpers\ComputeTestBase.cs(19,40): error CS0518: Predefined type 'System.Int32' is not defined or imported
C:\gh\azure-sdk-for-net\sdk\azurestack\Microsoft.AzureStack.Management.Compute.Admin\tests\src\Helpers\ComputeTestBase.cs(19,45): error CS0518: Predefined type 'System.Int32' is not defined or imported
C:\gh\azure-sdk-for-net\sdk\azurestack\Microsoft.AzureStack.Management.Compute.Admin\tests\src\VMExtensionTests.cs(17,36): error CS0518: Predefined type 'System.String' is not defined or imported
C:\gh\azure-sdk-for-net\sdk\azurestack\Microsoft.AzureStack.Management.Compute.Admin\tests\src\VMExtensionTests.cs(18,31): error CS0518: Predefined type 'System.String' is not defined or imported
C:\gh\azure-sdk-for-net\sdk\azurestack\Microsoft.AzureStack.Management.Compute.Admin\tests\src\VMExtensionTests.cs(19,34): error CS0518: Predefined type 'System.String' is not defined or imported
C:\gh\azure-sdk-for-net\sdk\azurestack\Microsoft.AzureStack.Management.Compute.Admin\tests\src\Helpers\Common.cs(41,20): error CS0518: Predefined type 'System.Object' is not defined or imported
C:\gh\azure-sdk-for-net\sdk\azurestack\Microsoft.AzureStack.Management.Compute.Admin\tests\src\Helpers\Common.cs(211,20): error CS0518: Predefined type 'System.Object' is not defined or imported
C:\gh\azure-sdk-for-net\sdk\azurestack\Microsoft.AzureStack.Management.Compute.Admin\tests\src\Helpers\Common.cs(41,54): error CS0518: Predefined type 'System.Object' is not defined or imported
C:\gh\azure-sdk-for-net\sdk\azurestack\Microsoft.AzureStack.Management.Compute.Admin\tests\src\Helpers\Common.cs(211,20): error CS0246: The type or namespace name 'DateTimeOffset' could not be found (are you missing a using directive or an assembly reference?)
C:\gh\azure-sdk-for-net\sdk\azurestack\Microsoft.AzureStack.Management.Compute.Admin\tests\src\Helpers\Common.cs(41,54): error CS0246: The type or namespace name 'Uri' could not be found (are you missing a using directive or an assembly reference?)
C:\gh\azure-sdk-for-net\sdk\azurestack\Microsoft.AzureStack.Management.Compute.Admin\tests\src\Helpers\Common.cs(211,105): error CS0518: Predefined type 'System.Object' is not defined or imported
C:\gh\azure-sdk-for-net\sdk\azurestack\Microsoft.AzureStack.Management.Compute.Admin\tests\src\Helpers\Common.cs(211,105): error CS0103: The name 'TimeSpan' does not exist in the current context
C:\gh\azure-sdk-for-net\sdk\azurestack\Microsoft.AzureStack.Management.Compute.Admin\tests\src\Helpers\ComputeTestBase.cs(15,16): error CS0518: Predefined type 'System.Void' is not defined or imported
C:\gh\azure-sdk-for-net\sdk\azurestack\Microsoft.AzureStack.Management.Compute.Admin\tests\src\Helpers\RecordedDelegatingHandler.cs(25,34): error CS0518: Predefined type 'System.Object' is not defined or imported
C:\gh\azure-sdk-for-net\sdk\azurestack\Microsoft.AzureStack.Management.Compute.Admin\tests\src\Helpers\RecordedDelegatingHandler.cs(25,34): error CS0103: The name 'HttpStatusCode' does not exist in the current context
C:\gh\azure-sdk-for-net\sdk\azurestack\Microsoft.AzureStack.Management.Compute.Admin\tests\src\QuotaTests.cs(18,32): error CS0518: Predefined type 'System.Object' is not defined or imported
C:\gh\azure-sdk-for-net\sdk\azurestack\Microsoft.AzureStack.Management.Compute.Admin\tests\src\QuotaTests.cs(18,32): error CS0518: Predefined type 'System.Void' is not defined or imported
C:\gh\azure-sdk-for-net\sdk\azurestack\Microsoft.AzureStack.Management.Compute.Admin\tests\src\QuotaTests.cs(20,17): error CS0012: The type 'Nullable<>' is defined in an assembly that is not referenced. You must add a reference to assembly 'mscorlib, Version=4.0.0.0, Culture=neutral, PublicKeyToken=b77a5c561934e089'.
C:\gh\azure-sdk-for-net\sdk\azurestack\Microsoft.AzureStack.Management.Compute.Admin\tests\src\QuotaTests.cs(21,17): error CS0012: The type 'Nullable<>' is defined in an assembly that is not referenced. You must add a reference to assembly 'mscorlib, Version=4.0.0.0, Culture=neutral, PublicKeyToken=b77a5c561934e089'.
C:\gh\azure-sdk-for-net\sdk\azurestack\Microsoft.AzureStack.Management.Compute.Admin\tests\src\QuotaTests.cs(22,17): error CS0012: The type 'Nullable<>' is defined in an assembly that is not referenced. You must add a reference to assembly 'mscorlib, Version=4.0.0.0, Culture=neutral, PublicKeyToken=b77a5c561934e089'.
C:\gh\azure-sdk-for-net\sdk\azurestack\Microsoft.AzureStack.Management.Compute.Admin\tests\src\QuotaTests.cs(23,17): error CS0012: The type 'Nullable<>' is defined in an assembly that is not referenced. You must add a reference to assembly 'mscorlib, Version=4.0.0.0, Culture=neutral, PublicKeyToken=b77a5c561934e089'.
C:\gh\azure-sdk-for-net\sdk\azurestack\Microsoft.AzureStack.Management.Compute.Admin\tests\src\QuotaTests.cs(24,17): error CS0012: The type 'Nullable<>' is defined in an assembly that is not referenced. You must add a reference to assembly 'mscorlib, Version=4.0.0.0, Culture=neutral, PublicKeyToken=b77a5c561934e089'.
C:\gh\azure-sdk-for-net\sdk\azurestack\Microsoft.AzureStack.Management.Compute.Admin\tests\src\QuotaTests.cs(25,17): error CS0012: The type 'Nullable<>' is defined in an assembly that is not referenced. You must add a reference to assembly 'mscorlib, Version=4.0.0.0, Culture=neutral, PublicKeyToken=b77a5c561934e089'.
C:\gh\azure-sdk-for-net\sdk\azurestack\Microsoft.AzureStack.Management.Compute.Admin\tests\src\Helpers\Common.cs(219,31): error CS0518: Predefined type 'System.Object' is not defined or imported
C:\gh\azure-sdk-for-net\sdk\azurestack\Microsoft.AzureStack.Management.Compute.Admin\tests\src\Helpers\Common.cs(219,31): error CS0103: The name 'TimeSpan' does not exist in the current context
C:\gh\azure-sdk-for-net\sdk\azurestack\Microsoft.AzureStack.Management.Compute.Admin\tests\src\Helpers\Common.cs(219,49): error CS0518: Predefined type 'System.Int32' is not defined or imported
C:\gh\azure-sdk-for-net\sdk\azurestack\Microsoft.AzureStack.Management.Compute.Admin\tests\src\Helpers\ComputeTestBase.cs(22,20): error CS0518: Predefined type 'System.Boolean' is not defined or imported
C:\gh\azure-sdk-for-net\sdk\azurestack\Microsoft.AzureStack.Management.Compute.Admin\tests\src\Helpers\ComputeTestBase.cs(22,28): error CS0518: Predefined type 'System.Object' is not defined or imported
C:\gh\azure-sdk-for-net\sdk\azurestack\Microsoft.AzureStack.Management.Compute.Admin\tests\src\Helpers\ComputeTestBase.cs(22,28): error CS0103: The name 'System' does not exist in the current context
C:\gh\azure-sdk-for-net\sdk\azurestack\Microsoft.AzureStack.Management.Compute.Admin\tests\src\Helpers\RecordedDelegatingHandler.cs(34,34): error CS0518: Predefined type 'System.Object' is not defined or imported
C:\gh\azure-sdk-for-net\sdk\azurestack\Microsoft.AzureStack.Management.Compute.Admin\tests\src\Helpers\RecordedDelegatingHandler.cs(34,34): error CS0103: The name 'HttpStatusCode' does not exist in the current context
C:\gh\azure-sdk-for-net\sdk\azurestack\Microsoft.AzureStack.Management.Compute.Admin\tests\src\Helpers\Common.cs(228,20): error CS0518: Predefined type 'System.Object' is not defined or imported
C:\gh\azure-sdk-for-net\sdk\azurestack\Microsoft.AzureStack.Management.Compute.Admin\tests\src\Helpers\Common.cs(228,20): error CS0246: The type or namespace name 'DateTimeOffset' could not be found (are you missing a using directive or an assembly reference?)
C:\gh\azure-sdk-for-net\sdk\azurestack\Microsoft.AzureStack.Management.Compute.Admin\tests\src\Helpers\Common.cs(53,31): error CS0518: Predefined type 'System.Object' is not defined or imported
C:\gh\azure-sdk-for-net\sdk\azurestack\Microsoft.AzureStack.Management.Compute.Admin\tests\src\Helpers\Common.cs(53,31): error CS0246: The type or namespace name 'HttpRequestMessage' could not be found (are you missing a using directive or an assembly reference?)
C:\gh\azure-sdk-for-net\sdk\azurestack\Microsoft.AzureStack.Management.Compute.Admin\tests\src\Helpers\Common.cs(53,50): error CS0518: Predefined type 'System.Object' is not defined or imported
C:\gh\azure-sdk-for-net\sdk\azurestack\Microsoft.AzureStack.Management.Compute.Admin\tests\src\Helpers\Common.cs(53,50): error CS0103: The name 'HttpMethod' does not exist in the current context
C:\gh\azure-sdk-for-net\sdk\azurestack\Microsoft.AzureStack.Management.Compute.Admin\tests\src\Helpers\Common.cs(54,52): error CS0518: Predefined type 'System.Object' is not defined or imported
C:\gh\azure-sdk-for-net\sdk\azurestack\Microsoft.AzureStack.Management.Compute.Admin\tests\src\Helpers\Common.cs(54,52): error CS0103: The name 'System' does not exist in the current context
C:\gh\azure-sdk-for-net\sdk\azurestack\Microsoft.AzureStack.Management.Compute.Admin\tests\src\VMExtensionTests.cs(23,24): error CS0518: Predefined type 'System.Object' is not defined or imported
C:\gh\azure-sdk-for-net\sdk\azurestack\Microsoft.AzureStack.Management.Compute.Admin\tests\src\VMExtensionTests.cs(23,24): error CS0518: Predefined type 'System.Void' is not defined or imported
C:\gh\azure-sdk-for-net\sdk\azurestack\Microsoft.AzureStack.Management.Compute.Admin\tests\src\VMExtensionTests.cs(25,17): error CS0518: Predefined type 'System.String' is not defined or imported
C:\gh\azure-sdk-for-net\sdk\azurestack\Microsoft.AzureStack.Management.Compute.Admin\tests\src\VMExtensionTests.cs(25,31): error CS0518: Predefined type 'System.String' is not defined or imported
C:\gh\azure-sdk-for-net\sdk\azurestack\Microsoft.AzureStack.Management.Compute.Admin\tests\src\VMExtensionTests.cs(26,17): error CS0012: The type 'Nullable<>' is defined in an assembly that is not referenced. You must add a reference to assembly 'mscorlib, Version=4.0.0.0, Culture=neutral, PublicKeyToken=b77a5c561934e089'.
C:\gh\azure-sdk-for-net\sdk\azurestack\Microsoft.AzureStack.Management.Compute.Admin\tests\src\VMExtensionTests.cs(26,37): error CS0518: Predefined type 'System.Boolean' is not defined or imported
C:\gh\azure-sdk-for-net\sdk\azurestack\Microsoft.AzureStack.Management.Compute.Admin\tests\src\VMExtensionTests.cs(27,17): error CS0518: Predefined type 'System.Void' is not defined or imported
C:\gh\azure-sdk-for-net\sdk\azurestack\Microsoft.AzureStack.Management.Compute.Admin\tests\src\VMExtensionTests.cs(27,34): error CS0518: Predefined type 'System.Object' is not defined or imported
C:\gh\azure-sdk-for-net\sdk\azurestack\Microsoft.AzureStack.Management.Compute.Admin\tests\src\VMExtensionTests.cs(27,44): error CS0518: Predefined type 'System.String' is not defined or imported
C:\gh\azure-sdk-for-net\sdk\azurestack\Microsoft.AzureStack.Management.Compute.Admin\tests\src\VMExtensionTests.cs(27,34): error CS0518: Predefined type 'System.Void' is not defined or imported
C:\gh\azure-sdk-for-net\sdk\azurestack\Microsoft.AzureStack.Management.Compute.Admin\tests\src\VMExtensionTests.cs(28,17): error CS0012: The type 'Nullable<>' is defined in an assembly that is not referenced. You must add a reference to assembly 'mscorlib, Version=4.0.0.0, Culture=neutral, PublicKeyToken=b77a5c561934e089'.
C:\gh\azure-sdk-for-net\sdk\azurestack\Microsoft.AzureStack.Management.Compute.Admin\tests\src\VMExtensionTests.cs(28,37): error CS0518: Predefined type 'System.Boolean' is not defined or imported
C:\gh\azure-sdk-for-net\sdk\azurestack\Microsoft.AzureStack.Management.Compute.Admin\tests\src\VMExtensionTests.cs(29,17): error CS0012: The type 'Nullable<>' is defined in an assembly that is not referenced. You must add a reference to assembly 'mscorlib, Version=4.0.0.0, Culture=neutral, PublicKeyToken=b77a5c561934e089'.
C:\gh\azure-sdk-for-net\sdk\azurestack\Microsoft.AzureStack.Management.Compute.Admin\tests\src\VMExtensionTests.cs(29,45): error CS0518: Predefined type 'System.Boolean' is not defined or imported
C:\gh\azure-sdk-for-net\sdk\azurestack\Microsoft.AzureStack.Management.Compute.Admin\tests\src\VMExtensionTests.cs(30,17): error CS0012: The type 'Nullable<>' is defined in an assembly that is not referenced. You must add a reference to assembly 'mscorlib, Version=4.0.0.0, Culture=neutral, PublicKeyToken=b77a5c561934e089'.
C:\gh\azure-sdk-for-net\sdk\azurestack\Microsoft.AzureStack.Management.Compute.Admin\tests\src\VMExtensionTests.cs(30,28): error CS0518: Predefined type 'System.Object' is not defined or imported
C:\gh\azure-sdk-for-net\sdk\azurestack\Microsoft.AzureStack.Management.Compute.Admin\tests\src\SupportedOperationsTest.cs(19,13): error CS0518: Predefined type 'System.Object' is not defined or imported
C:\gh\azure-sdk-for-net\sdk\azurestack\Microsoft.AzureStack.Management.Compute.Admin\tests\src\SupportedOperationsTest.cs(19,13): error CS0103: The name 'Assert' does not exist in the current context
C:\gh\azure-sdk-for-net\sdk\azurestack\Microsoft.AzureStack.Management.Compute.Admin\tests\src\SupportedOperationsTest.cs(20,13): error CS0518: Predefined type 'System.Object' is not defined or imported
C:\gh\azure-sdk-for-net\sdk\azurestack\Microsoft.AzureStack.Management.Compute.Admin\tests\src\SupportedOperationsTest.cs(20,13): error CS0103: The name 'Assert' does not exist in the current context
C:\gh\azure-sdk-for-net\sdk\azurestack\Microsoft.AzureStack.Management.Compute.Admin\tests\src\SupportedOperationsTest.cs(20,36): error CS0518: Predefined type 'System.String' is not defined or imported
C:\gh\azure-sdk-for-net\sdk\azurestack\Microsoft.AzureStack.Management.Compute.Admin\tests\src\SupportedOperationsTest.cs(21,13): error CS0518: Predefined type 'System.Object' is not defined or imported
C:\gh\azure-sdk-for-net\sdk\azurestack\Microsoft.AzureStack.Management.Compute.Admin\tests\src\SupportedOperationsTest.cs(21,13): error CS0103: The name 'Assert' does not exist in the current context
C:\gh\azure-sdk-for-net\sdk\azurestack\Microsoft.AzureStack.Management.Compute.Admin\tests\src\SupportedOperationsTest.cs(21,36): error CS0518: Predefined type 'System.String' is not defined or imported
C:\gh\azure-sdk-for-net\sdk\azurestack\Microsoft.AzureStack.Management.Compute.Admin\tests\src\SupportedOperationsTest.cs(22,13): error CS0518: Predefined type 'System.Object' is not defined or imported
C:\gh\azure-sdk-for-net\sdk\azurestack\Microsoft.AzureStack.Management.Compute.Admin\tests\src\SupportedOperationsTest.cs(22,13): error CS0103: The name 'Assert' does not exist in the current context
C:\gh\azure-sdk-for-net\sdk\azurestack\Microsoft.AzureStack.Management.Compute.Admin\tests\src\SupportedOperationsTest.cs(22,36): error CS0518: Predefined type 'System.String' is not defined or imported
C:\gh\azure-sdk-for-net\sdk\azurestack\Microsoft.AzureStack.Management.Compute.Admin\tests\src\SupportedOperationsTest.cs(23,13): error CS0518: Predefined type 'System.Object' is not defined or imported
C:\gh\azure-sdk-for-net\sdk\azurestack\Microsoft.AzureStack.Management.Compute.Admin\tests\src\SupportedOperationsTest.cs(23,13): error CS0103: The name 'Assert' does not exist in the current context
C:\gh\azure-sdk-for-net\sdk\azurestack\Microsoft.AzureStack.Management.Compute.Admin\tests\src\QuotaTests.cs(32,13): error CS0518: Predefined type 'System.Object' is not defined or imported
C:\gh\azure-sdk-for-net\sdk\azurestack\Microsoft.AzureStack.Management.Compute.Admin\tests\src\SupportedOperationsTest.cs(23,36): error CS0518: Predefined type 'System.String' is not defined or imported
C:\gh\azure-sdk-for-net\sdk\azurestack\Microsoft.AzureStack.Management.Compute.Admin\tests\src\QuotaTests.cs(33,13): error CS0518: Predefined type 'System.Object' is not defined or imported
C:\gh\azure-sdk-for-net\sdk\azurestack\Microsoft.AzureStack.Management.Compute.Admin\tests\src\QuotaTests.cs(33,13): error CS0103: The name 'Assert' does not exist in the current context
C:\gh\azure-sdk-for-net\sdk\azurestack\Microsoft.AzureStack.Management.Compute.Admin\tests\src\QuotaTests.cs(34,13): error CS0518: Predefined type 'System.Object' is not defined or imported
C:\gh\azure-sdk-for-net\sdk\azurestack\Microsoft.AzureStack.Management.Compute.Admin\tests\src\QuotaTests.cs(34,13): error CS0103: The name 'Assert' does not exist in the current context
C:\gh\azure-sdk-for-net\sdk\azurestack\Microsoft.AzureStack.Management.Compute.Admin\tests\src\QuotaTests.cs(34,34): error CS0012: The type 'Nullable<>' is defined in an assembly that is not referenced. You must add a reference to assembly 'mscorlib, Version=4.0.0.0, Culture=neutral, PublicKeyToken=b77a5c561934e089'.
C:\gh\azure-sdk-for-net\sdk\azurestack\Microsoft.AzureStack.Management.Compute.Admin\tests\src\QuotaTests.cs(35,13): error CS0518: Predefined type 'System.Object' is not defined or imported
C:\gh\azure-sdk-for-net\sdk\azurestack\Microsoft.AzureStack.Management.Compute.Admin\tests\src\QuotaTests.cs(35,13): error CS0103: The name 'Assert' does not exist in the current context
C:\gh\azure-sdk-for-net\sdk\azurestack\Microsoft.AzureStack.Management.Compute.Admin\tests\src\QuotaTests.cs(35,34): error CS0012: The type 'Nullable<>' is defined in an assembly that is not referenced. You must add a reference to assembly 'mscorlib, Version=4.0.0.0, Culture=neutral, PublicKeyToken=b77a5c561934e089'.
C:\gh\azure-sdk-for-net\sdk\azurestack\Microsoft.AzureStack.Management.Compute.Admin\tests\src\QuotaTests.cs(36,13): error CS0518: Predefined type 'System.Object' is not defined or imported
C:\gh\azure-sdk-for-net\sdk\azurestack\Microsoft.AzureStack.Management.Compute.Admin\tests\src\QuotaTests.cs(36,13): error CS0103: The name 'Assert' does not exist in the current context
C:\gh\azure-sdk-for-net\sdk\azurestack\Microsoft.AzureStack.Management.Compute.Admin\tests\src\QuotaTests.cs(36,34): error CS0012: The type 'Nullable<>' is defined in an assembly that is not referenced. You must add a reference to assembly 'mscorlib, Version=4.0.0.0, Culture=neutral, PublicKeyToken=b77a5c561934e089'.
C:\gh\azure-sdk-for-net\sdk\azurestack\Microsoft.AzureStack.Management.Compute.Admin\tests\src\QuotaTests.cs(37,13): error CS0518: Predefined type 'System.Object' is not defined or imported
C:\gh\azure-sdk-for-net\sdk\azurestack\Microsoft.AzureStack.Management.Compute.Admin\tests\src\QuotaTests.cs(37,13): error CS0103: The name 'Assert' does not exist in the current context
C:\gh\azure-sdk-for-net\sdk\azurestack\Microsoft.AzureStack.Management.Compute.Admin\tests\src\QuotaTests.cs(37,34): error CS0012: The type 'Nullable<>' is defined in an assembly that is not referenced. You must add a reference to assembly 'mscorlib, Version=4.0.0.0, Culture=neutral, PublicKeyToken=b77a5c561934e089'.
C:\gh\azure-sdk-for-net\sdk\azurestack\Microsoft.AzureStack.Management.Compute.Admin\tests\src\QuotaTests.cs(38,13): error CS0518: Predefined type 'System.Object' is not defined or imported
C:\gh\azure-sdk-for-net\sdk\azurestack\Microsoft.AzureStack.Management.Compute.Admin\tests\src\QuotaTests.cs(38,13): error CS0103: The name 'Assert' does not exist in the current context
C:\gh\azure-sdk-for-net\sdk\azurestack\Microsoft.AzureStack.Management.Compute.Admin\tests\src\QuotaTests.cs(38,34): error CS0012: The type 'Nullable<>' is defined in an assembly that is not referenced. You must add a reference to assembly 'mscorlib, Version=4.0.0.0, Culture=neutral, PublicKeyToken=b77a5c561934e089'.
C:\gh\azure-sdk-for-net\sdk\azurestack\Microsoft.AzureStack.Management.Compute.Admin\tests\src\QuotaTests.cs(39,13): error CS0518: Predefined type 'System.Object' is not defined or imported
C:\gh\azure-sdk-for-net\sdk\azurestack\Microsoft.AzureStack.Management.Compute.Admin\tests\src\QuotaTests.cs(39,13): error CS0103: The name 'Assert' does not exist in the current context
C:\gh\azure-sdk-for-net\sdk\azurestack\Microsoft.AzureStack.Management.Compute.Admin\tests\src\QuotaTests.cs(39,34): error CS0012: The type 'Nullable<>' is defined in an assembly that is not referenced. You must add a reference to assembly 'mscorlib, Version=4.0.0.0, Culture=neutral, PublicKeyToken=b77a5c561934e089'.
C:\gh\azure-sdk-for-net\sdk\azurestack\Microsoft.AzureStack.Management.Compute.Admin\tests\src\Helpers\Common.cs(253,13): error CS0518: Predefined type 'System.Boolean' is not defined or imported
C:\gh\azure-sdk-for-net\sdk\azurestack\Microsoft.AzureStack.Management.Compute.Admin\tests\src\Helpers\Common.cs(253,13): error CS0518: Predefined type 'System.Boolean' is not defined or imported
C:\gh\azure-sdk-for-net\sdk\azurestack\Microsoft.AzureStack.Management.Compute.Admin\tests\src\VMExtensionTests.cs(37,13): error CS0518: Predefined type 'System.Object' is not defined or imported
C:\gh\azure-sdk-for-net\sdk\azurestack\Microsoft.AzureStack.Management.Compute.Admin\tests\src\VMExtensionTests.cs(37,13): error CS0103: The name 'Assert' does not exist in the current context
C:\gh\azure-sdk-for-net\sdk\azurestack\Microsoft.AzureStack.Management.Compute.Admin\tests\src\PlatformImageTests.cs(22,24): error CS0518: Predefined type 'System.Object' is not defined or imported
C:\gh\azure-sdk-for-net\sdk\azurestack\Microsoft.AzureStack.Management.Compute.Admin\tests\src\PlatformImageTests.cs(22,24): error CS0518: Predefined type 'System.Void' is not defined or imported
C:\gh\azure-sdk-for-net\sdk\azurestack\Microsoft.AzureStack.Management.Compute.Admin\tests\src\PlatformImageTests.cs(24,17): error CS0518: Predefined type 'System.Void' is not defined or imported
C:\gh\azure-sdk-for-net\sdk\azurestack\Microsoft.AzureStack.Management.Compute.Admin\tests\src\PlatformImageTests.cs(24,30): error CS0518: Predefined type 'System.Object' is not defined or imported
C:\gh\azure-sdk-for-net\sdk\azurestack\Microsoft.AzureStack.Management.Compute.Admin\tests\src\PlatformImageTests.cs(24,30): error CS0518: Predefined type 'System.Void' is not defined or imported
C:\gh\azure-sdk-for-net\sdk\azurestack\Microsoft.AzureStack.Management.Compute.Admin\tests\src\PlatformImageTests.cs(26,21): error CS0012: The type 'Nullable<>' is defined in an assembly that is not referenced. You must add a reference to assembly 'mscorlib, Version=4.0.0.0, Culture=neutral, PublicKeyToken=b77a5c561934e089'.
C:\gh\azure-sdk-for-net\sdk\azurestack\Microsoft.AzureStack.Management.Compute.Admin\tests\src\PlatformImageTests.cs(26,30): error CS0518: Predefined type 'System.Object' is not defined or imported
C:\gh\azure-sdk-for-net\sdk\azurestack\Microsoft.AzureStack.Management.Compute.Admin\tests\src\PlatformImageTests.cs(27,21): error CS0518: Predefined type 'System.String' is not defined or imported
C:\gh\azure-sdk-for-net\sdk\azurestack\Microsoft.AzureStack.Management.Compute.Admin\tests\src\Helpers\Common.cs(65,13): error CS0518: Predefined type 'System.Object' is not defined or imported
C:\gh\azure-sdk-for-net\sdk\azurestack\Microsoft.AzureStack.Management.Compute.Admin\tests\src\Helpers\Common.cs(65,13): error CS0246: The type or namespace name 'StringBuilder' could not be found (are you missing a using directive or an assembly reference?)
C:\gh\azure-sdk-for-net\sdk\azurestack\Microsoft.AzureStack.Management.Compute.Admin\tests\src\Helpers\Common.cs(65,36): error CS0518: Predefined type 'System.Object' is not defined or imported
C:\gh\azure-sdk-for-net\sdk\azurestack\Microsoft.AzureStack.Management.Compute.Admin\tests\src\Helpers\Common.cs(65,36): error CS0246: The type or namespace name 'StringBuilder' could not be found (are you missing a using directive or an assembly reference?)
C:\gh\azure-sdk-for-net\sdk\azurestack\Microsoft.AzureStack.Management.Compute.Admin\tests\src\Helpers\Common.cs(66,17): error CS0518: Predefined type 'System.Boolean' is not defined or imported
C:\gh\azure-sdk-for-net\sdk\azurestack\Microsoft.AzureStack.Management.Compute.Admin\tests\src\Helpers\Common.cs(68,27): error CS0518: Predefined type 'System.Object' is not defined or imported
C:\gh\azure-sdk-for-net\sdk\azurestack\Microsoft.AzureStack.Management.Compute.Admin\tests\src\Helpers\Common.cs(68,27): error CS0103: The name 'Guid' does not exist in the current context
C:\gh\azure-sdk-for-net\sdk\azurestack\Microsoft.AzureStack.Management.Compute.Admin\tests\src\Helpers\Common.cs(72,17): error CS0518: Predefined type 'System.Object' is not defined or imported
C:\gh\azure-sdk-for-net\sdk\azurestack\Microsoft.AzureStack.Management.Compute.Admin\tests\src\Helpers\Common.cs(72,17): error CS0246: The type or namespace name 'Random' could not be found (are you missing a using directive or an assembly reference?)
C:\gh\azure-sdk-for-net\sdk\azurestack\Microsoft.AzureStack.Management.Compute.Admin\tests\src\Helpers\Common.cs(72,35): error CS0518: Predefined type 'System.Object' is not defined or imported
C:\gh\azure-sdk-for-net\sdk\azurestack\Microsoft.AzureStack.Management.Compute.Admin\tests\src\Helpers\Common.cs(72,35): error CS0246: The type or namespace name 'Random' could not be found (are you missing a using directive or an assembly reference?)
C:\gh\azure-sdk-for-net\sdk\azurestack\Microsoft.AzureStack.Management.Compute.Admin\tests\src\Helpers\Common.cs(73,22): error CS0518: Predefined type 'System.Int32' is not defined or imported
C:\gh\azure-sdk-for-net\sdk\azurestack\Microsoft.AzureStack.Management.Compute.Admin\tests\src\Helpers\Common.cs(73,30): error CS0518: Predefined type 'System.Int32' is not defined or imported
C:\gh\azure-sdk-for-net\sdk\azurestack\Microsoft.AzureStack.Management.Compute.Admin\tests\src\Helpers\Common.cs(73,33): error CS0518: Predefined type 'System.Boolean' is not defined or imported
C:\gh\azure-sdk-for-net\sdk\azurestack\Microsoft.AzureStack.Management.Compute.Admin\tests\src\Helpers\Common.cs(73,33): error CS0518: Predefined type 'System.Boolean' is not defined or imported
C:\gh\azure-sdk-for-net\sdk\azurestack\Microsoft.AzureStack.Management.Compute.Admin\tests\src\Helpers\Common.cs(88,30): error CS0518: Predefined type 'System.Int32' is not defined or imported
C:\gh\azure-sdk-for-net\sdk\azurestack\Microsoft.AzureStack.Management.Compute.Admin\tests\src\Helpers\Common.cs(88,20): error CS0518: Predefined type 'System.Boolean' is not defined or imported
C:\gh\azure-sdk-for-net\sdk\azurestack\Microsoft.AzureStack.Management.Compute.Admin\tests\src\Helpers\Common.cs(88,20): error CS0518: Predefined type 'System.Boolean' is not defined or imported
C:\gh\azure-sdk-for-net\sdk\azurestack\Microsoft.AzureStack.Management.Compute.Admin\tests\src\Helpers\Common.cs(90,21): error CS0518: Predefined type 'System.Boolean' is not defined or imported
C:\gh\azure-sdk-for-net\sdk\azurestack\Microsoft.AzureStack.Management.Compute.Admin\tests\src\Helpers\Common.cs(95,17): error CS0518: Predefined type 'System.Object' is not defined or imported
C:\gh\azure-sdk-for-net\sdk\azurestack\Microsoft.AzureStack.Management.Compute.Admin\tests\src\Helpers\Common.cs(95,17): error CS0103: The name 'System' does not exist in the current context
C:\gh\azure-sdk-for-net\sdk\azurestack\Microsoft.AzureStack.Management.Compute.Admin\tests\src\Helpers\Common.cs(97,31): error CS0518: Predefined type 'System.Int32' is not defined or imported
C:\gh\azure-sdk-for-net\sdk\azurestack\Microsoft.AzureStack.Management.Compute.Admin\tests\src\Helpers\Common.cs(97,20): error CS0518: Predefined type 'System.Boolean' is not defined or imported
C:\gh\azure-sdk-for-net\sdk\azurestack\Microsoft.AzureStack.Management.Compute.Admin\tests\src\Helpers\Common.cs(272,9): error CS0518: Predefined type 'System.Object' is not defined or imported
C:\gh\azure-sdk-for-net\sdk\azurestack\Microsoft.AzureStack.Management.Compute.Admin\tests\src\Helpers\Common.cs(272,9): error CS0246: The type or namespace name 'List<>' could not be found (are you missing a using directive or an assembly reference?)
C:\gh\azure-sdk-for-net\sdk\azurestack\Microsoft.AzureStack.Management.Compute.Admin\tests\src\Helpers\Common.cs(272,30): error CS0518: Predefined type 'System.Object' is not defined or imported
C:\gh\azure-sdk-for-net\sdk\azurestack\Microsoft.AzureStack.Management.Compute.Admin\tests\src\Helpers\Common.cs(272,30): error CS0246: The type or namespace name 'List<>' could not be found (are you missing a using directive or an assembly reference?)
C:\gh\azure-sdk-for-net\sdk\azurestack\Microsoft.AzureStack.Management.Compute.Admin\tests\src\Helpers\Common.cs(273,9): error CS0518: Predefined type 'System.Object' is not defined or imported
C:\gh\azure-sdk-for-net\sdk\azurestack\Microsoft.AzureStack.Management.Compute.Admin\tests\src\Helpers\Common.cs(273,30): error CS0518: Predefined type 'System.Object' is not defined or imported
C:\gh\azure-sdk-for-net\sdk\azurestack\Microsoft.AzureStack.Management.Compute.Admin\tests\src\Helpers\ComputeTestBase.cs(26,13): error CS0518: Predefined type 'System.Object' is not defined or imported
C:\gh\azure-sdk-for-net\sdk\azurestack\Microsoft.AzureStack.Management.Compute.Admin\tests\src\Helpers\ComputeTestBase.cs(26,13): error CS0103: The name 'Assert' does not exist in the current context
C:\gh\azure-sdk-for-net\sdk\azurestack\Microsoft.AzureStack.Management.Compute.Admin\tests\src\Helpers\ComputeTestBase.cs(27,13): error CS0518: Predefined type 'System.Object' is not defined or imported
C:\gh\azure-sdk-for-net\sdk\azurestack\Microsoft.AzureStack.Management.Compute.Admin\tests\src\Helpers\ComputeTestBase.cs(27,13): error CS0103: The name 'Assert' does not exist in the current context
C:\gh\azure-sdk-for-net\sdk\azurestack\Microsoft.AzureStack.Management.Compute.Admin\tests\src\Helpers\ComputeTestBase.cs(27,37): error CS0518: Predefined type 'System.String' is not defined or imported
C:\gh\azure-sdk-for-net\sdk\azurestack\Microsoft.AzureStack.Management.Compute.Admin\tests\src\Helpers\ComputeTestBase.cs(28,13): error CS0518: Predefined type 'System.Object' is not defined or imported
C:\gh\azure-sdk-for-net\sdk\azurestack\Microsoft.AzureStack.Management.Compute.Admin\tests\src\Helpers\ComputeTestBase.cs(28,13): error CS0103: The name 'Assert' does not exist in the current context
C:\gh\azure-sdk-for-net\sdk\azurestack\Microsoft.AzureStack.Management.Compute.Admin\tests\src\Helpers\ComputeTestBase.cs(28,37): error CS0518: Predefined type 'System.String' is not defined or imported
C:\gh\azure-sdk-for-net\sdk\azurestack\Microsoft.AzureStack.Management.Compute.Admin\tests\src\Helpers\ComputeTestBase.cs(29,13): error CS0518: Predefined type 'System.Object' is not defined or imported
C:\gh\azure-sdk-for-net\sdk\azurestack\Microsoft.AzureStack.Management.Compute.Admin\tests\src\Helpers\ComputeTestBase.cs(29,13): error CS0103: The name 'Assert' does not exist in the current context
C:\gh\azure-sdk-for-net\sdk\azurestack\Microsoft.AzureStack.Management.Compute.Admin\tests\src\Helpers\ComputeTestBase.cs(29,37): error CS0518: Predefined type 'System.String' is not defined or imported
C:\gh\azure-sdk-for-net\sdk\azurestack\Microsoft.AzureStack.Management.Compute.Admin\tests\src\Helpers\ComputeTestBase.cs(30,13): error CS0518: Predefined type 'System.Object' is not defined or imported
C:\gh\azure-sdk-for-net\sdk\azurestack\Microsoft.AzureStack.Management.Compute.Admin\tests\src\Helpers\ComputeTestBase.cs(30,13): error CS0103: The name 'Assert' does not exist in the current context
C:\gh\azure-sdk-for-net\sdk\azurestack\Microsoft.AzureStack.Management.Compute.Admin\tests\src\Helpers\ComputeTestBase.cs(30,37): error CS0518: Predefined type 'System.String' is not defined or imported
C:\gh\azure-sdk-for-net\sdk\azurestack\Microsoft.AzureStack.Management.Compute.Admin\tests\src\SupportedOperationsTest.cs(28,13): error CS0518: Predefined type 'System.Object' is not defined or imported
C:\gh\azure-sdk-for-net\sdk\azurestack\Microsoft.AzureStack.Management.Compute.Admin\tests\src\SupportedOperationsTest.cs(28,13): error CS0103: The name 'Assert' does not exist in the current context
C:\gh\azure-sdk-for-net\sdk\azurestack\Microsoft.AzureStack.Management.Compute.Admin\tests\src\SupportedOperationsTest.cs(29,13): error CS0518: Predefined type 'System.Object' is not defined or imported
C:\gh\azure-sdk-for-net\sdk\azurestack\Microsoft.AzureStack.Management.Compute.Admin\tests\src\SupportedOperationsTest.cs(29,13): error CS0103: The name 'Assert' does not exist in the current context
C:\gh\azure-sdk-for-net\sdk\azurestack\Microsoft.AzureStack.Management.Compute.Admin\tests\src\SupportedOperationsTest.cs(29,38): error CS0518: Predefined type 'System.String' is not defined or imported
C:\gh\azure-sdk-for-net\sdk\azurestack\Microsoft.AzureStack.Management.Compute.Admin\tests\src\SupportedOperationsTest.cs(30,13): error CS0518: Predefined type 'System.Object' is not defined or imported
C:\gh\azure-sdk-for-net\sdk\azurestack\Microsoft.AzureStack.Management.Compute.Admin\tests\src\Helpers\RecordedDelegatingHandler.cs(60,17): error CS0518: Predefined type 'System.Boolean' is not defined or imported
C:\gh\azure-sdk-for-net\sdk\azurestack\Microsoft.AzureStack.Management.Compute.Admin\tests\src\Helpers\RecordedDelegatingHandler.cs(60,17): error CS0518: Predefined type 'System.Boolean' is not defined or imported
C:\gh\azure-sdk-for-net\sdk\azurestack\Microsoft.AzureStack.Management.Compute.Admin\tests\src\Helpers\RecordedDelegatingHandler.cs(62,27): error CS0518: Predefined type 'System.String' is not defined or imported
C:\gh\azure-sdk-for-net\sdk\azurestack\Microsoft.AzureStack.Management.Compute.Admin\tests\src\Helpers\RecordedDelegatingHandler.cs(69,17): error CS0518: Predefined type 'System.Boolean' is not defined or imported
C:\gh\azure-sdk-for-net\sdk\azurestack\Microsoft.AzureStack.Management.Compute.Admin\tests\src\Helpers\RecordedDelegatingHandler.cs(69,17): error CS0518: Predefined type 'System.Boolean' is not defined or imported
C:\gh\azure-sdk-for-net\sdk\azurestack\Microsoft.AzureStack.Management.Compute.Admin\tests\src\Helpers\RecordedDelegatingHandler.cs(77,17): error CS0518: Predefined type 'System.Boolean' is not defined or imported
C:\gh\azure-sdk-for-net\sdk\azurestack\Microsoft.AzureStack.Management.Compute.Admin\tests\src\Helpers\RecordedDelegatingHandler.cs(83,21): error CS0518: Predefined type 'System.Boolean' is not defined or imported
C:\gh\azure-sdk-for-net\sdk\azurestack\Microsoft.AzureStack.Management.Compute.Admin\tests\src\Helpers\RecordedDelegatingHandler.cs(83,53): error CS0518: Predefined type 'System.Int32' is not defined or imported
C:\gh\azure-sdk-for-net\sdk\azurestack\Microsoft.AzureStack.Management.Compute.Admin\tests\src\Helpers\RecordedDelegatingHandler.cs(83,42): error CS0518: Predefined type 'System.Boolean' is not defined or imported
C:\gh\azure-sdk-for-net\sdk\azurestack\Microsoft.AzureStack.Management.Compute.Admin\tests\src\Helpers\RecordedDelegatingHandler.cs(83,21): error CS0518: Predefined type 'System.Boolean' is not defined or imported
C:\gh\azure-sdk-for-net\sdk\azurestack\Microsoft.AzureStack.Management.Compute.Admin\tests\src\Helpers\RecordedDelegatingHandler.cs(90,35): error CS0518: Predefined type 'System.Int32' is not defined or imported
C:\gh\azure-sdk-for-net\sdk\azurestack\Microsoft.AzureStack.Management.Compute.Admin\tests\src\Helpers\RecordedDelegatingHandler.cs(90,25): error CS0518: Predefined type 'System.Boolean' is not defined or imported
C:\gh\azure-sdk-for-net\sdk\azurestack\Microsoft.AzureStack.Management.Compute.Admin\tests\src\Helpers\RecordedDelegatingHandler.cs(90,25): error CS0518: Predefined type 'System.Boolean' is not defined or imported
C:\gh\azure-sdk-for-net\sdk\azurestack\Microsoft.AzureStack.Management.Compute.Admin\tests\src\Helpers\RecordedDelegatingHandler.cs(92,21): error CS0518: Predefined type 'System.Object' is not defined or imported
C:\gh\azure-sdk-for-net\sdk\azurestack\Microsoft.AzureStack.Management.Compute.Admin\tests\src\Helpers\RecordedDelegatingHandler.cs(92,21): error CS0246: The type or namespace name 'HttpResponseMessage' could not be found (are you missing a using directive or an assembly reference?)
C:\gh\azure-sdk-for-net\sdk\azurestack\Microsoft.AzureStack.Management.Compute.Admin\tests\src\Helpers\RecordedDelegatingHandler.cs(92,56): error CS0518: Predefined type 'System.Object' is not defined or imported
C:\gh\azure-sdk-for-net\sdk\azurestack\Microsoft.AzureStack.Management.Compute.Admin\tests\src\Helpers\RecordedDelegatingHandler.cs(92,56): error CS0246: The type or namespace name 'HttpResponseMessage' could not be found (are you missing a using directive or an assembly reference?)
C:\gh\azure-sdk-for-net\sdk\azurestack\Microsoft.AzureStack.Management.Compute.Admin\tests\src\Helpers\RecordedDelegatingHandler.cs(93,44): error CS0518: Predefined type 'System.Object' is not defined or imported
C:\gh\azure-sdk-for-net\sdk\azurestack\Microsoft.AzureStack.Management.Compute.Admin\tests\src\Helpers\RecordedDelegatingHandler.cs(93,44): error CS0246: The type or namespace name 'StringContent' could not be found (are you missing a using directive or an assembly reference?)
C:\gh\azure-sdk-for-net\sdk\azurestack\Microsoft.AzureStack.Management.Compute.Admin\tests\src\Helpers\RecordedDelegatingHandler.cs(93,58): error CS0518: Predefined type 'System.String' is not defined or imported
C:\gh\azure-sdk-for-net\sdk\azurestack\Microsoft.AzureStack.Management.Compute.Admin\tests\src\Helpers\Common.cs(108,13): error CS0518: Predefined type 'System.Object' is not defined or imported
C:\gh\azure-sdk-for-net\sdk\azurestack\Microsoft.AzureStack.Management.Compute.Admin\tests\src\Helpers\Common.cs(108,13): error CS0246: The type or namespace name 'Func<>' could not be found (are you missing a using directive or an assembly reference?)
C:\gh\azure-sdk-for-net\sdk\azurestack\Microsoft.AzureStack.Management.Compute.Admin\tests\src\Helpers\Common.cs(108,18): error CS0518: Predefined type 'System.Boolean' is not defined or imported
C:\gh\azure-sdk-for-net\sdk\azurestack\Microsoft.AzureStack.Management.Compute.Admin\tests\src\Helpers\Common.cs(109,20): error CS0518: Predefined type 'System.Object' is not defined or imported
C:\gh\azure-sdk-for-net\sdk\azurestack\Microsoft.AzureStack.Management.Compute.Admin\tests\src\QuotaTests.cs(43,17): error CS0518: Predefined type 'System.Boolean' is not defined or imported
C:\gh\azure-sdk-for-net\sdk\azurestack\Microsoft.AzureStack.Management.Compute.Admin\tests\src\QuotaTests.cs(45,17): error CS0518: Predefined type 'System.Object' is not defined or imported
C:\gh\azure-sdk-for-net\sdk\azurestack\Microsoft.AzureStack.Management.Compute.Admin\tests\src\QuotaTests.cs(47,17): error CS0246: The type or namespace name 'IResource' could not be found (are you missing a using directive or an assembly reference?)
C:\gh\azure-sdk-for-net\sdk\azurestack\Microsoft.AzureStack.Management.Compute.Admin\tests\src\QuotaTests.cs(47,17): error CS0518: Predefined type 'System.Boolean' is not defined or imported
C:\gh\azure-sdk-for-net\sdk\azurestack\Microsoft.AzureStack.Management.Compute.Admin\tests\src\QuotaTests.cs(49,17): error CS0518: Predefined type 'System.Object' is not defined or imported
C:\gh\azure-sdk-for-net\sdk\azurestack\Microsoft.AzureStack.Management.Compute.Admin\tests\src\QuotaTests.cs(49,17): error CS0103: The name 'Assert' does not exist in the current context
C:\gh\azure-sdk-for-net\sdk\azurestack\Microsoft.AzureStack.Management.Compute.Admin\tests\src\QuotaTests.cs(53,17): error CS0518: Predefined type 'System.Object' is not defined or imported
C:\gh\azure-sdk-for-net\sdk\azurestack\Microsoft.AzureStack.Management.Compute.Admin\tests\src\QuotaTests.cs(53,17): error CS0103: The name 'Assert' does not exist in the current context
C:\gh\azure-sdk-for-net\sdk\azurestack\Microsoft.AzureStack.Management.Compute.Admin\tests\src\QuotaTests.cs(54,17): error CS0518: Predefined type 'System.Object' is not defined or imported
C:\gh\azure-sdk-for-net\sdk\azurestack\Microsoft.AzureStack.Management.Compute.Admin\tests\src\QuotaTests.cs(54,17): error CS0103: The name 'Assert' does not exist in the current context
C:\gh\azure-sdk-for-net\sdk\azurestack\Microsoft.AzureStack.Management.Compute.Admin\tests\src\QuotaTests.cs(54,39): error CS0012: The type 'Nullable<>' is defined in an assembly that is not referenced. You must add a reference to assembly 'mscorlib, Version=4.0.0.0, Culture=neutral, PublicKeyToken=b77a5c561934e089'.
C:\gh\azure-sdk-for-net\sdk\azurestack\Microsoft.AzureStack.Management.Compute.Admin\tests\src\QuotaTests.cs(54,67): error CS0012: The type 'Nullable<>' is defined in an assembly that is not referenced. You must add a reference to assembly 'mscorlib, Version=4.0.0.0, Culture=neutral, PublicKeyToken=b77a5c561934e089'.
C:\gh\azure-sdk-for-net\sdk\azurestack\Microsoft.AzureStack.Management.Compute.Admin\tests\src\QuotaTests.cs(55,17): error CS0518: Predefined type 'System.Object' is not defined or imported
C:\gh\azure-sdk-for-net\sdk\azurestack\Microsoft.AzureStack.Management.Compute.Admin\tests\src\QuotaTests.cs(55,17): error CS0103: The name 'Assert' does not exist in the current context
C:\gh\azure-sdk-for-net\sdk\azurestack\Microsoft.AzureStack.Management.Compute.Admin\tests\src\QuotaTests.cs(55,39): error CS0012: The type 'Nullable<>' is defined in an assembly that is not referenced. You must add a reference to assembly 'mscorlib, Version=4.0.0.0, Culture=neutral, PublicKeyToken=b77a5c561934e089'.
C:\gh\azure-sdk-for-net\sdk\azurestack\Microsoft.AzureStack.Management.Compute.Admin\tests\src\QuotaTests.cs(55,57): error CS0012: The type 'Nullable<>' is defined in an assembly that is not referenced. You must add a reference to assembly 'mscorlib, Version=4.0.0.0, Culture=neutral, PublicKeyToken=b77a5c561934e089'.
C:\gh\azure-sdk-for-net\sdk\azurestack\Microsoft.AzureStack.Management.Compute.Admin\tests\src\QuotaTests.cs(56,17): error CS0518: Predefined type 'System.Object' is not defined or imported
C:\gh\azure-sdk-for-net\sdk\azurestack\Microsoft.AzureStack.Management.Compute.Admin\tests\src\QuotaTests.cs(56,17): error CS0103: The name 'Assert' does not exist in the current context
C:\gh\azure-sdk-for-net\sdk\azurestack\Microsoft.AzureStack.Management.Compute.Admin\tests\src\QuotaTests.cs(56,39): error CS0012: The type 'Nullable<>' is defined in an assembly that is not referenced. You must add a reference to assembly 'mscorlib, Version=4.0.0.0, Culture=neutral, PublicKeyToken=b77a5c561934e089'.
C:\gh\azure-sdk-for-net\sdk\azurestack\Microsoft.AzureStack.Management.Compute.Admin\tests\src\QuotaTests.cs(56,66): error CS0012: The type 'Nullable<>' is defined in an assembly that is not referenced. You must add a reference to assembly 'mscorlib, Version=4.0.0.0, Culture=neutral, PublicKeyToken=b77a5c561934e089'.
C:\gh\azure-sdk-for-net\sdk\azurestack\Microsoft.AzureStack.Management.Compute.Admin\tests\src\QuotaTests.cs(57,17): error CS0518: Predefined type 'System.Object' is not defined or imported
C:\gh\azure-sdk-for-net\sdk\azurestack\Microsoft.AzureStack.Management.Compute.Admin\tests\src\QuotaTests.cs(57,17): error CS0103: The name 'Assert' does not exist in the current context
C:\gh\azure-sdk-for-net\sdk\azurestack\Microsoft.AzureStack.Management.Compute.Admin\tests\src\QuotaTests.cs(57,39): error CS0012: The type 'Nullable<>' is defined in an assembly that is not referenced. You must add a reference to assembly 'mscorlib, Version=4.0.0.0, Culture=neutral, PublicKeyToken=b77a5c561934e089'.
C:\gh\azure-sdk-for-net\sdk\azurestack\Microsoft.AzureStack.Management.Compute.Admin\tests\src\QuotaTests.cs(57,62): error CS0012: The type 'Nullable<>' is defined in an assembly that is not referenced. You must add a reference to assembly 'mscorlib, Version=4.0.0.0, Culture=neutral, PublicKeyToken=b77a5c561934e089'.
C:\gh\azure-sdk-for-net\sdk\azurestack\Microsoft.AzureStack.Management.Compute.Admin\tests\src\QuotaTests.cs(58,17): error CS0518: Predefined type 'System.Object' is not defined or imported
C:\gh\azure-sdk-for-net\sdk\azurestack\Microsoft.AzureStack.Management.Compute.Admin\tests\src\QuotaTests.cs(58,17): error CS0103: The name 'Assert' does not exist in the current context
C:\gh\azure-sdk-for-net\sdk\azurestack\Microsoft.AzureStack.Management.Compute.Admin\tests\src\QuotaTests.cs(58,39): error CS0012: The type 'Nullable<>' is defined in an assembly that is not referenced. You must add a reference to assembly 'mscorlib, Version=4.0.0.0, Culture=neutral, PublicKeyToken=b77a5c561934e089'.
C:\gh\azure-sdk-for-net\sdk\azurestack\Microsoft.AzureStack.Management.Compute.Admin\tests\src\QuotaTests.cs(58,92): error CS0012: The type 'Nullable<>' is defined in an assembly that is not referenced. You must add a reference to assembly 'mscorlib, Version=4.0.0.0, Culture=neutral, PublicKeyToken=b77a5c561934e089'.
C:\gh\azure-sdk-for-net\sdk\azurestack\Microsoft.AzureStack.Management.Compute.Admin\tests\src\QuotaTests.cs(59,17): error CS0518: Predefined type 'System.Object' is not defined or imported
C:\gh\azure-sdk-for-net\sdk\azurestack\Microsoft.AzureStack.Management.Compute.Admin\tests\src\QuotaTests.cs(59,17): error CS0103: The name 'Assert' does not exist in the current context
C:\gh\azure-sdk-for-net\sdk\azurestack\Microsoft.AzureStack.Management.Compute.Admin\tests\src\QuotaTests.cs(59,39): error CS0012: The type 'Nullable<>' is defined in an assembly that is not referenced. You must add a reference to assembly 'mscorlib, Version=4.0.0.0, Culture=neutral, PublicKeyToken=b77a5c561934e089'.
C:\gh\azure-sdk-for-net\sdk\azurestack\Microsoft.AzureStack.Management.Compute.Admin\tests\src\QuotaTests.cs(59,91): error CS0012: The type 'Nullable<>' is defined in an assembly that is not referenced. You must add a reference to assembly 'mscorlib, Version=4.0.0.0, Culture=neutral, PublicKeyToken=b77a5c561934e089'.
C:\gh\azure-sdk-for-net\sdk\azurestack\Microsoft.AzureStack.Management.Compute.Admin\tests\src\DiskTests.cs(16,13): error CS0518: Predefined type 'System.Object' is not defined or imported
C:\gh\azure-sdk-for-net\sdk\azurestack\Microsoft.AzureStack.Management.Compute.Admin\tests\src\DiskTests.cs(16,13): error CS0103: The name 'Assert' does not exist in the current context
C:\gh\azure-sdk-for-net\sdk\azurestack\Microsoft.AzureStack.Management.Compute.Admin\tests\src\DiskTests.cs(17,13): error CS0518: Predefined type 'System.Object' is not defined or imported
C:\gh\azure-sdk-for-net\sdk\azurestack\Microsoft.AzureStack.Management.Compute.Admin\tests\src\DiskTests.cs(17,13): error CS0103: The name 'Assert' does not exist in the current context
C:\gh\azure-sdk-for-net\sdk\azurestack\Microsoft.AzureStack.Management.Compute.Admin\tests\src\DiskTests.cs(17,33): error CS0012: The type 'Nullable<>' is defined in an assembly that is not referenced. You must add a reference to assembly 'mscorlib, Version=4.0.0.0, Culture=neutral, PublicKeyToken=b77a5c561934e089'.
C:\gh\azure-sdk-for-net\sdk\azurestack\Microsoft.AzureStack.Management.Compute.Admin\tests\src\DiskTests.cs(18,13): error CS0518: Predefined type 'System.Object' is not defined or imported
C:\gh\azure-sdk-for-net\sdk\azurestack\Microsoft.AzureStack.Management.Compute.Admin\tests\src\DiskTests.cs(18,13): error CS0103: The name 'Assert' does not exist in the current context
C:\gh\azure-sdk-for-net\sdk\azurestack\Microsoft.AzureStack.Management.Compute.Admin\tests\src\DiskTests.cs(18,33): error CS0012: The type 'Nullable<>' is defined in an assembly that is not referenced. You must add a reference to assembly 'mscorlib, Version=4.0.0.0, Culture=neutral, PublicKeyToken=b77a5c561934e089'.
C:\gh\azure-sdk-for-net\sdk\azurestack\Microsoft.AzureStack.Management.Compute.Admin\tests\src\DiskTests.cs(19,13): error CS0518: Predefined type 'System.Object' is not defined or imported
C:\gh\azure-sdk-for-net\sdk\azurestack\Microsoft.AzureStack.Management.Compute.Admin\tests\src\DiskTests.cs(19,13): error CS0103: The name 'Assert' does not exist in the current context
C:\gh\azure-sdk-for-net\sdk\azurestack\Microsoft.AzureStack.Management.Compute.Admin\tests\src\DiskTests.cs(19,33): error CS0518: Predefined type 'System.String' is not defined or imported
C:\gh\azure-sdk-for-net\sdk\azurestack\Microsoft.AzureStack.Management.Compute.Admin\tests\src\DiskTests.cs(20,13): error CS0518: Predefined type 'System.Object' is not defined or imported
C:\gh\azure-sdk-for-net\sdk\azurestack\Microsoft.AzureStack.Management.Compute.Admin\tests\src\DiskTests.cs(20,13): error CS0103: The name 'Assert' does not exist in the current context
C:\gh\azure-sdk-for-net\sdk\azurestack\Microsoft.AzureStack.Management.Compute.Admin\tests\src\DiskTests.cs(20,33): error CS0518: Predefined type 'System.String' is not defined or imported
C:\gh\azure-sdk-for-net\sdk\azurestack\Microsoft.AzureStack.Management.Compute.Admin\tests\src\DiskTests.cs(21,13): error CS0518: Predefined type 'System.Object' is not defined or imported
C:\gh\azure-sdk-for-net\sdk\azurestack\Microsoft.AzureStack.Management.Compute.Admin\tests\src\DiskTests.cs(21,13): error CS0103: The name 'Assert' does not exist in the current context
C:\gh\azure-sdk-for-net\sdk\azurestack\Microsoft.AzureStack.Management.Compute.Admin\tests\src\DiskTests.cs(21,33): error CS0518: Predefined type 'System.String' is not defined or imported
C:\gh\azure-sdk-for-net\sdk\azurestack\Microsoft.AzureStack.Management.Compute.Admin\tests\src\DiskTests.cs(22,13): error CS0518: Predefined type 'System.Object' is not defined or imported
C:\gh\azure-sdk-for-net\sdk\azurestack\Microsoft.AzureStack.Management.Compute.Admin\tests\src\DiskTests.cs(22,13): error CS0103: The name 'Assert' does not exist in the current context
C:\gh\azure-sdk-for-net\sdk\azurestack\Microsoft.AzureStack.Management.Compute.Admin\tests\src\DiskTests.cs(22,33): error CS0518: Predefined type 'System.String' is not defined or imported
C:\gh\azure-sdk-for-net\sdk\azurestack\Microsoft.AzureStack.Management.Compute.Admin\tests\src\DiskTests.cs(23,13): error CS0518: Predefined type 'System.Object' is not defined or imported
C:\gh\azure-sdk-for-net\sdk\azurestack\Microsoft.AzureStack.Management.Compute.Admin\tests\src\DiskTests.cs(23,13): error CS0103: The name 'Assert' does not exist in the current context
C:\gh\azure-sdk-for-net\sdk\azurestack\Microsoft.AzureStack.Management.Compute.Admin\tests\src\DiskTests.cs(23,33): error CS0518: Predefined type 'System.String' is not defined or imported
C:\gh\azure-sdk-for-net\sdk\azurestack\Microsoft.AzureStack.Management.Compute.Admin\tests\src\DiskTests.cs(24,13): error CS0518: Predefined type 'System.Object' is not defined or imported
C:\gh\azure-sdk-for-net\sdk\azurestack\Microsoft.AzureStack.Management.Compute.Admin\tests\src\DiskTests.cs(24,13): error CS0103: The name 'Assert' does not exist in the current context
C:\gh\azure-sdk-for-net\sdk\azurestack\Microsoft.AzureStack.Management.Compute.Admin\tests\src\DiskTests.cs(24,33): error CS0518: Predefined type 'System.String' is not defined or imported
C:\gh\azure-sdk-for-net\sdk\azurestack\Microsoft.AzureStack.Management.Compute.Admin\tests\src\DiskTests.cs(25,13): error CS0518: Predefined type 'System.Object' is not defined or imported
C:\gh\azure-sdk-for-net\sdk\azurestack\Microsoft.AzureStack.Management.Compute.Admin\tests\src\DiskTests.cs(25,13): error CS0103: The name 'Assert' does not exist in the current context
C:\gh\azure-sdk-for-net\sdk\azurestack\Microsoft.AzureStack.Management.Compute.Admin\tests\src\DiskTests.cs(25,33): error CS0518: Predefined type 'System.String' is not defined or imported
C:\gh\azure-sdk-for-net\sdk\azurestack\Microsoft.AzureStack.Management.Compute.Admin\tests\src\DiskTests.cs(26,13): error CS0518: Predefined type 'System.Object' is not defined or imported
C:\gh\azure-sdk-for-net\sdk\azurestack\Microsoft.AzureStack.Management.Compute.Admin\tests\src\DiskTests.cs(26,13): error CS0103: The name 'Assert' does not exist in the current context
C:\gh\azure-sdk-for-net\sdk\azurestack\Microsoft.AzureStack.Management.Compute.Admin\tests\src\DiskTests.cs(26,33): error CS0518: Predefined type 'System.String' is not defined or imported
C:\gh\azure-sdk-for-net\sdk\azurestack\Microsoft.AzureStack.Management.Compute.Admin\tests\src\DiskTests.cs(27,13): error CS0518: Predefined type 'System.Object' is not defined or imported
C:\gh\azure-sdk-for-net\sdk\azurestack\Microsoft.AzureStack.Management.Compute.Admin\tests\src\DiskTests.cs(27,13): error CS0103: The name 'Assert' does not exist in the current context
C:\gh\azure-sdk-for-net\sdk\azurestack\Microsoft.AzureStack.Management.Compute.Admin\tests\src\DiskTests.cs(27,33): error CS0518: Predefined type 'System.String' is not defined or imported
C:\gh\azure-sdk-for-net\sdk\azurestack\Microsoft.AzureStack.Management.Compute.Admin\tests\src\DiskTests.cs(28,13): error CS0518: Predefined type 'System.Object' is not defined or imported
C:\gh\azure-sdk-for-net\sdk\azurestack\Microsoft.AzureStack.Management.Compute.Admin\tests\src\DiskTests.cs(28,13): error CS0103: The name 'Assert' does not exist in the current context
C:\gh\azure-sdk-for-net\sdk\azurestack\Microsoft.AzureStack.Management.Compute.Admin\tests\src\DiskTests.cs(28,33): error CS0518: Predefined type 'System.String' is not defined or imported
C:\gh\azure-sdk-for-net\sdk\azurestack\Microsoft.AzureStack.Management.Compute.Admin\tests\src\Helpers\AzureStackTestBase.cs(34,37): error CS0518: Predefined type 'System.String' is not defined or imported
C:\gh\azure-sdk-for-net\sdk\azurestack\Microsoft.AzureStack.Management.Compute.Admin\tests\src\PlatformImageTests.cs(34,13): error CS0518: Predefined type 'System.Object' is not defined or imported
C:\gh\azure-sdk-for-net\sdk\azurestack\Microsoft.AzureStack.Management.Compute.Admin\tests\src\PlatformImageTests.cs(34,13): error CS0103: The name 'Assert' does not exist in the current context
C:\gh\azure-sdk-for-net\sdk\azurestack\Microsoft.AzureStack.Management.Compute.Admin\tests\src\PlatformImageTests.cs(34,34): error CS0518: Predefined type 'System.String' is not defined or imported
C:\gh\azure-sdk-for-net\sdk\azurestack\Microsoft.AzureStack.Management.Compute.Admin\tests\src\PlatformImageTests.cs(35,13): error CS0518: Predefined type 'System.Object' is not defined or imported
C:\gh\azure-sdk-for-net\sdk\azurestack\Microsoft.AzureStack.Management.Compute.Admin\tests\src\PlatformImageTests.cs(35,13): error CS0103: The name 'Assert' does not exist in the current context
C:\gh\azure-sdk-for-net\sdk\azurestack\Microsoft.AzureStack.Management.Compute.Admin\tests\src\PlatformImageTests.cs(35,34): error CS0518: Predefined type 'System.String' is not defined or imported
C:\gh\azure-sdk-for-net\sdk\azurestack\Microsoft.AzureStack.Management.Compute.Admin\tests\src\PlatformImageTests.cs(36,13): error CS0518: Predefined type 'System.Object' is not defined or imported
C:\gh\azure-sdk-for-net\sdk\azurestack\Microsoft.AzureStack.Management.Compute.Admin\tests\src\PlatformImageTests.cs(36,13): error CS0103: The name 'Assert' does not exist in the current context
C:\gh\azure-sdk-for-net\sdk\azurestack\Microsoft.AzureStack.Management.Compute.Admin\tests\src\PlatformImageTests.cs(36,34): error CS0518: Predefined type 'System.String' is not defined or imported
C:\gh\azure-sdk-for-net\sdk\azurestack\Microsoft.AzureStack.Management.Compute.Admin\tests\src\PlatformImageTests.cs(38,13): error CS0518: Predefined type 'System.Object' is not defined or imported
C:\gh\azure-sdk-for-net\sdk\azurestack\Microsoft.AzureStack.Management.Compute.Admin\tests\src\PlatformImageTests.cs(38,13): error CS0103: The name 'Assert' does not exist in the current context
C:\gh\azure-sdk-for-net\sdk\azurestack\Microsoft.AzureStack.Management.Compute.Admin\tests\src\PlatformImageTests.cs(39,13): error CS0518: Predefined type 'System.Object' is not defined or imported
C:\gh\azure-sdk-for-net\sdk\azurestack\Microsoft.AzureStack.Management.Compute.Admin\tests\src\PlatformImageTests.cs(39,13): error CS0103: The name 'Assert' does not exist in the current context
C:\gh\azure-sdk-for-net\sdk\azurestack\Microsoft.AzureStack.Management.Compute.Admin\tests\src\PlatformImageTests.cs(40,13): error CS0518: Predefined type 'System.Object' is not defined or imported
C:\gh\azure-sdk-for-net\sdk\azurestack\Microsoft.AzureStack.Management.Compute.Admin\tests\src\PlatformImageTests.cs(40,13): error CS0103: The name 'Assert' does not exist in the current context
C:\gh\azure-sdk-for-net\sdk\azurestack\Microsoft.AzureStack.Management.Compute.Admin\tests\src\PlatformImageTests.cs(40,34): error CS0012: The type 'Nullable<>' is defined in an assembly that is not referenced. You must add a reference to assembly 'mscorlib, Version=4.0.0.0, Culture=neutral, PublicKeyToken=b77a5c561934e089'.
C:\gh\azure-sdk-for-net\sdk\azurestack\Microsoft.AzureStack.Management.Compute.Admin\tests\src\Helpers\ComputeTestBase.cs(34,17): error CS0246: The type or namespace name 'IResource' could not be found (are you missing a using directive or an assembly reference?)
C:\gh\azure-sdk-for-net\sdk\azurestack\Microsoft.AzureStack.Management.Compute.Admin\tests\src\Helpers\ComputeTestBase.cs(34,17): error CS0518: Predefined type 'System.Boolean' is not defined or imported
C:\gh\azure-sdk-for-net\sdk\azurestack\Microsoft.AzureStack.Management.Compute.Admin\tests\src\Helpers\ComputeTestBase.cs(36,17): error CS0518: Predefined type 'System.Object' is not defined or imported
C:\gh\azure-sdk-for-net\sdk\azurestack\Microsoft.AzureStack.Management.Compute.Admin\tests\src\Helpers\ComputeTestBase.cs(36,17): error CS0103: The name 'Assert' does not exist in the current context
C:\gh\azure-sdk-for-net\sdk\azurestack\Microsoft.AzureStack.Management.Compute.Admin\tests\src\Helpers\ComputeTestBase.cs(40,17): error CS0518: Predefined type 'System.Object' is not defined or imported
C:\gh\azure-sdk-for-net\sdk\azurestack\Microsoft.AzureStack.Management.Compute.Admin\tests\src\Helpers\ComputeTestBase.cs(40,17): error CS0103: The name 'Assert' does not exist in the current context
C:\gh\azure-sdk-for-net\sdk\azurestack\Microsoft.AzureStack.Management.Compute.Admin\tests\src\Helpers\ComputeTestBase.cs(41,17): error CS0518: Predefined type 'System.Object' is not defined or imported
C:\gh\azure-sdk-for-net\sdk\azurestack\Microsoft.AzureStack.Management.Compute.Admin\tests\src\Helpers\ComputeTestBase.cs(41,17): error CS0103: The name 'Assert' does not exist in the current context
C:\gh\azure-sdk-for-net\sdk\azurestack\Microsoft.AzureStack.Management.Compute.Admin\tests\src\Helpers\ComputeTestBase.cs(41,39): error CS0518: Predefined type 'System.String' is not defined or imported
C:\gh\azure-sdk-for-net\sdk\azurestack\Microsoft.AzureStack.Management.Compute.Admin\tests\src\Helpers\ComputeTestBase.cs(41,49): error CS0518: Predefined type 'System.String' is not defined or imported
C:\gh\azure-sdk-for-net\sdk\azurestack\Microsoft.AzureStack.Management.Compute.Admin\tests\src\Helpers\ComputeTestBase.cs(42,17): error CS0518: Predefined type 'System.Object' is not defined or imported
C:\gh\azure-sdk-for-net\sdk\azurestack\Microsoft.AzureStack.Management.Compute.Admin\tests\src\Helpers\ComputeTestBase.cs(42,17): error CS0103: The name 'Assert' does not exist in the current context
C:\gh\azure-sdk-for-net\sdk\azurestack\Microsoft.AzureStack.Management.Compute.Admin\tests\src\Helpers\ComputeTestBase.cs(42,39): error CS0518: Predefined type 'System.String' is not defined or imported
C:\gh\azure-sdk-for-net\sdk\azurestack\Microsoft.AzureStack.Management.Compute.Admin\tests\src\Helpers\ComputeTestBase.cs(42,55): error CS0518: Predefined type 'System.String' is not defined or imported
C:\gh\azure-sdk-for-net\sdk\azurestack\Microsoft.AzureStack.Management.Compute.Admin\tests\src\Helpers\ComputeTestBase.cs(43,17): error CS0518: Predefined type 'System.Object' is not defined or imported
C:\gh\azure-sdk-for-net\sdk\azurestack\Microsoft.AzureStack.Management.Compute.Admin\tests\src\Helpers\ComputeTestBase.cs(43,17): error CS0103: The name 'Assert' does not exist in the current context
C:\gh\azure-sdk-for-net\sdk\azurestack\Microsoft.AzureStack.Management.Compute.Admin\tests\src\Helpers\ComputeTestBase.cs(43,39): error CS0518: Predefined type 'System.String' is not defined or imported
C:\gh\azure-sdk-for-net\sdk\azurestack\Microsoft.AzureStack.Management.Compute.Admin\tests\src\Helpers\ComputeTestBase.cs(43,51): error CS0518: Predefined type 'System.String' is not defined or imported
C:\gh\azure-sdk-for-net\sdk\azurestack\Microsoft.AzureStack.Management.Compute.Admin\tests\src\Helpers\ComputeTestBase.cs(44,17): error CS0518: Predefined type 'System.Object' is not defined or imported
C:\gh\azure-sdk-for-net\sdk\azurestack\Microsoft.AzureStack.Management.Compute.Admin\tests\src\Helpers\ComputeTestBase.cs(44,17): error CS0103: The name 'Assert' does not exist in the current context
C:\gh\azure-sdk-for-net\sdk\azurestack\Microsoft.AzureStack.Management.Compute.Admin\tests\src\Helpers\ComputeTestBase.cs(44,39): error CS0518: Predefined type 'System.String' is not defined or imported
C:\gh\azure-sdk-for-net\sdk\azurestack\Microsoft.AzureStack.Management.Compute.Admin\tests\src\Helpers\ComputeTestBase.cs(44,51): error CS0518: Predefined type 'System.String' is not defined or imported
C:\gh\azure-sdk-for-net\sdk\azurestack\Microsoft.AzureStack.Management.Compute.Admin\tests\src\DiskTests.cs(33,13): error CS0518: Predefined type 'System.Object' is not defined or imported
C:\gh\azure-sdk-for-net\sdk\azurestack\Microsoft.AzureStack.Management.Compute.Admin\tests\src\DiskTests.cs(33,13): error CS0103: The name 'Assert' does not exist in the current context
C:\gh\azure-sdk-for-net\sdk\azurestack\Microsoft.AzureStack.Management.Compute.Admin\tests\src\DiskTests.cs(34,13): error CS0518: Predefined type 'System.Object' is not defined or imported
C:\gh\azure-sdk-for-net\sdk\azurestack\Microsoft.AzureStack.Management.Compute.Admin\tests\src\DiskTests.cs(34,13): error CS0103: The name 'Assert' does not exist in the current context
C:\gh\azure-sdk-for-net\sdk\azurestack\Microsoft.AzureStack.Management.Compute.Admin\tests\src\DiskTests.cs(36,13): error CS0518: Predefined type 'System.Object' is not defined or imported
C:\gh\azure-sdk-for-net\sdk\azurestack\Microsoft.AzureStack.Management.Compute.Admin\tests\src\DiskTests.cs(36,13): error CS0103: The name 'Assert' does not exist in the current context
C:\gh\azure-sdk-for-net\sdk\azurestack\Microsoft.AzureStack.Management.Compute.Admin\tests\src\DiskTests.cs(36,35): error CS0518: Predefined type 'System.String' is not defined or imported
C:\gh\azure-sdk-for-net\sdk\azurestack\Microsoft.AzureStack.Management.Compute.Admin\tests\src\DiskTests.cs(36,50): error CS0518: Predefined type 'System.String' is not defined or imported
C:\gh\azure-sdk-for-net\sdk\azurestack\Microsoft.AzureStack.Management.Compute.Admin\tests\src\DiskTests.cs(36,25): error CS0518: Predefined type 'System.Boolean' is not defined or imported
C:\gh\azure-sdk-for-net\sdk\azurestack\Microsoft.AzureStack.Management.Compute.Admin\tests\src\Helpers\Common.cs(125,21): error CS0518: Predefined type 'System.String' is not defined or imported
C:\gh\azure-sdk-for-net\sdk\azurestack\Microsoft.AzureStack.Management.Compute.Admin\tests\src\Helpers\Common.cs(125,21): error CS0518: Predefined type 'System.Boolean' is not defined or imported
C:\gh\azure-sdk-for-net\sdk\azurestack\Microsoft.AzureStack.Management.Compute.Admin\tests\src\PlatformImageTests.cs(44,17): error CS0518: Predefined type 'System.Boolean' is not defined or imported
C:\gh\azure-sdk-for-net\sdk\azurestack\Microsoft.AzureStack.Management.Compute.Admin\tests\src\PlatformImageTests.cs(46,17): error CS0518: Predefined type 'System.Object' is not defined or imported
C:\gh\azure-sdk-for-net\sdk\azurestack\Microsoft.AzureStack.Management.Compute.Admin\tests\src\PlatformImageTests.cs(48,17): error CS0246: The type or namespace name 'IResource' could not be found (are you missing a using directive or an assembly reference?)
C:\gh\azure-sdk-for-net\sdk\azurestack\Microsoft.AzureStack.Management.Compute.Admin\tests\src\PlatformImageTests.cs(48,17): error CS0518: Predefined type 'System.Boolean' is not defined or imported
C:\gh\azure-sdk-for-net\sdk\azurestack\Microsoft.AzureStack.Management.Compute.Admin\tests\src\PlatformImageTests.cs(50,17): error CS0518: Predefined type 'System.Object' is not defined or imported
C:\gh\azure-sdk-for-net\sdk\azurestack\Microsoft.AzureStack.Management.Compute.Admin\tests\src\PlatformImageTests.cs(50,17): error CS0103: The name 'Assert' does not exist in the current context
C:\gh\azure-sdk-for-net\sdk\azurestack\Microsoft.AzureStack.Management.Compute.Admin\tests\src\PlatformImageTests.cs(54,17): error CS0518: Predefined type 'System.Object' is not defined or imported
C:\gh\azure-sdk-for-net\sdk\azurestack\Microsoft.AzureStack.Management.Compute.Admin\tests\src\PlatformImageTests.cs(54,17): error CS0103: The name 'Assert' does not exist in the current context
C:\gh\azure-sdk-for-net\sdk\azurestack\Microsoft.AzureStack.Management.Compute.Admin\tests\src\Helpers\Common.cs(144,13): error CS0518: Predefined type 'System.IDisposable' is not defined or imported
C:\gh\azure-sdk-for-net\sdk\azurestack\Microsoft.AzureStack.Management.Compute.Admin\tests\src\Helpers\Common.cs(144,20): error CS0518: Predefined type 'System.Object' is not defined or imported
C:\gh\azure-sdk-for-net\sdk\azurestack\Microsoft.AzureStack.Management.Compute.Admin\tests\src\Helpers\Common.cs(144,20): error CS0246: The type or namespace name 'System' could not be found (are you missing a using directive or an assembly reference?)
C:\gh\azure-sdk-for-net\sdk\azurestack\Microsoft.AzureStack.Management.Compute.Admin\tests\src\Helpers\Common.cs(144,50): error CS0518: Predefined type 'System.Object' is not defined or imported
C:\gh\azure-sdk-for-net\sdk\azurestack\Microsoft.AzureStack.Management.Compute.Admin\tests\src\Helpers\Common.cs(144,50): error CS0103: The name 'System' does not exist in the current context
C:\gh\azure-sdk-for-net\sdk\azurestack\Microsoft.AzureStack.Management.Compute.Admin\tests\src\Helpers\Common.cs(146,17): error CS0518: Predefined type 'System.Object' is not defined or imported
C:\gh\azure-sdk-for-net\sdk\azurestack\Microsoft.AzureStack.Management.Compute.Admin\tests\src\VMExtensionTests.cs(41,17): error CS0518: Predefined type 'System.Boolean' is not defined or imported
C:\gh\azure-sdk-for-net\sdk\azurestack\Microsoft.AzureStack.Management.Compute.Admin\tests\src\VMExtensionTests.cs(43,17): error CS0518: Predefined type 'System.Object' is not defined or imported
C:\gh\azure-sdk-for-net\sdk\azurestack\Microsoft.AzureStack.Management.Compute.Admin\tests\src\VMExtensionTests.cs(45,17): error CS0246: The type or namespace name 'IResource' could not be found (are you missing a using directive or an assembly reference?)
C:\gh\azure-sdk-for-net\sdk\azurestack\Microsoft.AzureStack.Management.Compute.Admin\tests\src\VMExtensionTests.cs(45,17): error CS0518: Predefined type 'System.Boolean' is not defined or imported
C:\gh\azure-sdk-for-net\sdk\azurestack\Microsoft.AzureStack.Management.Compute.Admin\tests\src\VMExtensionTests.cs(47,17): error CS0518: Predefined type 'System.Object' is not defined or imported
C:\gh\azure-sdk-for-net\sdk\azurestack\Microsoft.AzureStack.Management.Compute.Admin\tests\src\VMExtensionTests.cs(47,17): error CS0103: The name 'Assert' does not exist in the current context
C:\gh\azure-sdk-for-net\sdk\azurestack\Microsoft.AzureStack.Management.Compute.Admin\tests\src\VMExtensionTests.cs(51,17): error CS0518: Predefined type 'System.Object' is not defined or imported
C:\gh\azure-sdk-for-net\sdk\azurestack\Microsoft.AzureStack.Management.Compute.Admin\tests\src\VMExtensionTests.cs(51,17): error CS0103: The name 'Assert' does not exist in the current context
C:\gh\azure-sdk-for-net\sdk\azurestack\Microsoft.AzureStack.Management.Compute.Admin\tests\src\VMExtensionTests.cs(52,17): error CS0518: Predefined type 'System.Object' is not defined or imported
C:\gh\azure-sdk-for-net\sdk\azurestack\Microsoft.AzureStack.Management.Compute.Admin\tests\src\VMExtensionTests.cs(52,17): error CS0103: The name 'Assert' does not exist in the current context
C:\gh\azure-sdk-for-net\sdk\azurestack\Microsoft.AzureStack.Management.Compute.Admin\tests\src\VMExtensionTests.cs(52,39): error CS0518: Predefined type 'System.String' is not defined or imported
C:\gh\azure-sdk-for-net\sdk\azurestack\Microsoft.AzureStack.Management.Compute.Admin\tests\src\VMExtensionTests.cs(52,58): error CS0518: Predefined type 'System.String' is not defined or imported
C:\gh\azure-sdk-for-net\sdk\azurestack\Microsoft.AzureStack.Management.Compute.Admin\tests\src\VMExtensionTests.cs(53,17): error CS0518: Predefined type 'System.Object' is not defined or imported
C:\gh\azure-sdk-for-net\sdk\azurestack\Microsoft.AzureStack.Management.Compute.Admin\tests\src\VMExtensionTests.cs(53,17): error CS0103: The name 'Assert' does not exist in the current context
C:\gh\azure-sdk-for-net\sdk\azurestack\Microsoft.AzureStack.Management.Compute.Admin\tests\src\VMExtensionTests.cs(53,39): error CS0012: The type 'Nullable<>' is defined in an assembly that is not referenced. You must add a reference to assembly 'mscorlib, Version=4.0.0.0, Culture=neutral, PublicKeyToken=b77a5c561934e089'.
C:\gh\azure-sdk-for-net\sdk\azurestack\Microsoft.AzureStack.Management.Compute.Admin\tests\src\VMExtensionTests.cs(53,64): error CS0012: The type 'Nullable<>' is defined in an assembly that is not referenced. You must add a reference to assembly 'mscorlib, Version=4.0.0.0, Culture=neutral, PublicKeyToken=b77a5c561934e089'.
C:\gh\azure-sdk-for-net\sdk\azurestack\Microsoft.AzureStack.Management.Compute.Admin\tests\src\VMExtensionTests.cs(54,17): error CS0518: Predefined type 'System.Object' is not defined or imported
C:\gh\azure-sdk-for-net\sdk\azurestack\Microsoft.AzureStack.Management.Compute.Admin\tests\src\VMExtensionTests.cs(54,17): error CS0103: The name 'Assert' does not exist in the current context
C:\gh\azure-sdk-for-net\sdk\azurestack\Microsoft.AzureStack.Management.Compute.Admin\tests\src\VMExtensionTests.cs(54,39): error CS0012: The type 'Nullable<>' is defined in an assembly that is not referenced. You must add a reference to assembly 'mscorlib, Version=4.0.0.0, Culture=neutral, PublicKeyToken=b77a5c561934e089'.
C:\gh\azure-sdk-for-net\sdk\azurestack\Microsoft.AzureStack.Management.Compute.Admin\tests\src\VMExtensionTests.cs(54,64): error CS0012: The type 'Nullable<>' is defined in an assembly that is not referenced. You must add a reference to assembly 'mscorlib, Version=4.0.0.0, Culture=neutral, PublicKeyToken=b77a5c561934e089'.
C:\gh\azure-sdk-for-net\sdk\azurestack\Microsoft.AzureStack.Management.Compute.Admin\tests\src\VMExtensionTests.cs(55,17): error CS0518: Predefined type 'System.Object' is not defined or imported
C:\gh\azure-sdk-for-net\sdk\azurestack\Microsoft.AzureStack.Management.Compute.Admin\tests\src\VMExtensionTests.cs(55,17): error CS0103: The name 'Assert' does not exist in the current context
C:\gh\azure-sdk-for-net\sdk\azurestack\Microsoft.AzureStack.Management.Compute.Admin\tests\src\VMExtensionTests.cs(55,39): error CS0012: The type 'Nullable<>' is defined in an assembly that is not referenced. You must add a reference to assembly 'mscorlib, Version=4.0.0.0, Culture=neutral, PublicKeyToken=b77a5c561934e089'.
C:\gh\azure-sdk-for-net\sdk\azurestack\Microsoft.AzureStack.Management.Compute.Admin\tests\src\VMExtensionTests.cs(55,72): error CS0012: The type 'Nullable<>' is defined in an assembly that is not referenced. You must add a reference to assembly 'mscorlib, Version=4.0.0.0, Culture=neutral, PublicKeyToken=b77a5c561934e089'.
C:\gh\azure-sdk-for-net\sdk\azurestack\Microsoft.AzureStack.Management.Compute.Admin\tests\src\VMExtensionTests.cs(56,17): error CS0518: Predefined type 'System.Object' is not defined or imported
C:\gh\azure-sdk-for-net\sdk\azurestack\Microsoft.AzureStack.Management.Compute.Admin\tests\src\VMExtensionTests.cs(56,17): error CS0103: The name 'Assert' does not exist in the current context
C:\gh\azure-sdk-for-net\sdk\azurestack\Microsoft.AzureStack.Management.Compute.Admin\tests\src\VMExtensionTests.cs(56,39): error CS0012: The type 'Nullable<>' is defined in an assembly that is not referenced. You must add a reference to assembly 'mscorlib, Version=4.0.0.0, Culture=neutral, PublicKeyToken=b77a5c561934e089'.
C:\gh\azure-sdk-for-net\sdk\azurestack\Microsoft.AzureStack.Management.Compute.Admin\tests\src\VMExtensionTests.cs(56,55): error CS0012: The type 'Nullable<>' is defined in an assembly that is not referenced. You must add a reference to assembly 'mscorlib, Version=4.0.0.0, Culture=neutral, PublicKeyToken=b77a5c561934e089'.
C:\gh\azure-sdk-for-net\sdk\azurestack\Microsoft.AzureStack.Management.Compute.Admin\tests\src\VMExtensionTests.cs(57,17): error CS0518: Predefined type 'System.Object' is not defined or imported
C:\gh\azure-sdk-for-net\sdk\azurestack\Microsoft.AzureStack.Management.Compute.Admin\tests\src\VMExtensionTests.cs(57,17): error CS0103: The name 'Assert' does not exist in the current context
C:\gh\azure-sdk-for-net\sdk\azurestack\Microsoft.AzureStack.Management.Compute.Admin\tests\src\VMExtensionTests.cs(57,39): error CS0012: The type 'Nullable<>' is defined in an assembly that is not referenced. You must add a reference to assembly 'mscorlib, Version=4.0.0.0, Culture=neutral, PublicKeyToken=b77a5c561934e089'.
C:\gh\azure-sdk-for-net\sdk\azurestack\Microsoft.AzureStack.Management.Compute.Admin\tests\src\VMExtensionTests.cs(57,64): error CS0012: The type 'Nullable<>' is defined in an assembly that is not referenced. You must add a reference to assembly 'mscorlib, Version=4.0.0.0, Culture=neutral, PublicKeyToken=b77a5c561934e089'.
C:\gh\azure-sdk-for-net\sdk\azurestack\Microsoft.AzureStack.Management.Compute.Admin\tests\src\SupportedOperationsTest.cs(36,13): error CS0518: Predefined type 'System.Object' is not defined or imported
C:\gh\azure-sdk-for-net\sdk\azurestack\Microsoft.AzureStack.Management.Compute.Admin\tests\src\Helpers\ComputeTestBase.cs(49,13): error CS0518: Predefined type 'System.Object' is not defined or imported
C:\gh\azure-sdk-for-net\sdk\azurestack\Microsoft.AzureStack.Management.Compute.Admin\tests\src\Helpers\ComputeTestBase.cs(49,20): error CS0518: Predefined type 'System.Object' is not defined or imported
C:\gh\azure-sdk-for-net\sdk\azurestack\Microsoft.AzureStack.Management.Compute.Admin\tests\src\Helpers\ComputeTestBase.cs(50,89): error CS0518: Predefined type 'System.Int32' is not defined or imported
C:\gh\azure-sdk-for-net\sdk\azurestack\Microsoft.AzureStack.Management.Compute.Admin\tests\src\Helpers\ComputeTestBase.cs(50,17): error CS0518: Predefined type 'System.Void' is not defined or imported
C:\gh\azure-sdk-for-net\sdk\azurestack\Microsoft.AzureStack.Management.Compute.Admin\tests\src\DiskTests.cs(41,13): error CS0518: Predefined type 'System.Object' is not defined or imported
C:\gh\azure-sdk-for-net\sdk\azurestack\Microsoft.AzureStack.Management.Compute.Admin\tests\src\DiskTests.cs(41,13): error CS0103: The name 'Assert' does not exist in the current context
C:\gh\azure-sdk-for-net\sdk\azurestack\Microsoft.AzureStack.Management.Compute.Admin\tests\src\DiskTests.cs(42,13): error CS0518: Predefined type 'System.Object' is not defined or imported
C:\gh\azure-sdk-for-net\sdk\azurestack\Microsoft.AzureStack.Management.Compute.Admin\tests\src\DiskTests.cs(42,13): error CS0103: The name 'Assert' does not exist in the current context
C:\gh\azure-sdk-for-net\sdk\azurestack\Microsoft.AzureStack.Management.Compute.Admin\tests\src\DiskTests.cs(43,13): error CS0518: Predefined type 'System.Object' is not defined or imported
C:\gh\azure-sdk-for-net\sdk\azurestack\Microsoft.AzureStack.Management.Compute.Admin\tests\src\DiskTests.cs(43,13): error CS0103: The name 'Assert' does not exist in the current context
C:\gh\azure-sdk-for-net\sdk\azurestack\Microsoft.AzureStack.Management.Compute.Admin\tests\src\DiskTests.cs(45,40): error CS0518: Predefined type 'System.Object' is not defined or imported
C:\gh\azure-sdk-for-net\sdk\azurestack\Microsoft.AzureStack.Management.Compute.Admin\tests\src\DiskTests.cs(45,40): error CS0103: The name 'Assert' does not exist in the current context
C:\gh\azure-sdk-for-net\sdk\azurestack\Microsoft.AzureStack.Management.Compute.Admin\tests\src\DiskTests.cs(45,52): error CS0518: Predefined type 'System.Object' is not defined or imported
C:\gh\azure-sdk-for-net\sdk\azurestack\Microsoft.AzureStack.Management.Compute.Admin\tests\src\Helpers\Common.cs(158,13): error CS0518: Predefined type 'System.IDisposable' is not defined or imported
C:\gh\azure-sdk-for-net\sdk\azurestack\Microsoft.AzureStack.Management.Compute.Admin\tests\src\Helpers\Common.cs(158,20): error CS0518: Predefined type 'System.Object' is not defined or imported
C:\gh\azure-sdk-for-net\sdk\azurestack\Microsoft.AzureStack.Management.Compute.Admin\tests\src\Helpers\Common.cs(158,20): error CS0246: The type or namespace name 'System' could not be found (are you missing a using directive or an assembly reference?)
C:\gh\azure-sdk-for-net\sdk\azurestack\Microsoft.AzureStack.Management.Compute.Admin\tests\src\Helpers\Common.cs(158,50): error CS0518: Predefined type 'System.Object' is not defined or imported
C:\gh\azure-sdk-for-net\sdk\azurestack\Microsoft.AzureStack.Management.Compute.Admin\tests\src\Helpers\Common.cs(158,50): error CS0103: The name 'System' does not exist in the current context
C:\gh\azure-sdk-for-net\sdk\azurestack\Microsoft.AzureStack.Management.Compute.Admin\tests\src\Helpers\Common.cs(160,17): error CS0518: Predefined type 'System.Object' is not defined or imported
C:\gh\azure-sdk-for-net\sdk\azurestack\Microsoft.AzureStack.Management.Compute.Admin\tests\src\Helpers\AzureStackTestBase.cs(52,13): error CS0518: Predefined type 'System.Object' is not defined or imported
C:\gh\azure-sdk-for-net\sdk\azurestack\Microsoft.AzureStack.Management.Compute.Admin\tests\src\Helpers\AzureStackTestBase.cs(52,13): error CS0246: The type or namespace name 'Exception' could not be found (are you missing a using directive or an assembly reference?)
C:\gh\azure-sdk-for-net\sdk\azurestack\Microsoft.AzureStack.Management.Compute.Admin\tests\src\Helpers\AzureStackTestBase.cs(56,35): error CS0518: Predefined type 'System.Object' is not defined or imported
C:\gh\azure-sdk-for-net\sdk\azurestack\Microsoft.AzureStack.Management.Compute.Admin\tests\src\Helpers\AzureStackTestBase.cs(57,41): error CS0518: Predefined type 'System.Boolean' is not defined or imported
C:\gh\azure-sdk-for-net\sdk\azurestack\Microsoft.AzureStack.Management.Compute.Admin\tests\src\Helpers\AzureStackTestBase.cs(59,17): error CS0518: Predefined type 'System.IDisposable' is not defined or imported
C:\gh\azure-sdk-for-net\sdk\azurestack\Microsoft.AzureStack.Management.Compute.Admin\tests\src\Helpers\AzureStackTestBase.cs(59,24): error CS0518: Predefined type 'System.Object' is not defined or imported
C:\gh\azure-sdk-for-net\sdk\azurestack\Microsoft.AzureStack.Management.Compute.Admin\tests\src\Helpers\AzureStackTestBase.cs(59,24): error CS0246: The type or namespace name 'MockContext' could not be found (are you missing a using directive or an assembly reference?)
C:\gh\azure-sdk-for-net\sdk\azurestack\Microsoft.AzureStack.Management.Compute.Admin\tests\src\Helpers\AzureStackTestBase.cs(59,46): error CS0518: Predefined type 'System.Object' is not defined or imported
C:\gh\azure-sdk-for-net\sdk\azurestack\Microsoft.AzureStack.Management.Compute.Admin\tests\src\Helpers\AzureStackTestBase.cs(59,46): error CS0103: The name 'MockContext' does not exist in the current context
C:\gh\azure-sdk-for-net\sdk\azurestack\Microsoft.AzureStack.Management.Compute.Admin\tests\src\Helpers\AzureStackTestBase.cs(59,64): error CS0518: Predefined type 'System.Type' is not defined or imported
C:\gh\azure-sdk-for-net\sdk\azurestack\Microsoft.AzureStack.Management.Compute.Admin\tests\src\Helpers\AzureStackTestBase.cs(62,21): error CS0518: Predefined type 'System.Object' is not defined or imported
C:\gh\azure-sdk-for-net\sdk\azurestack\Microsoft.AzureStack.Management.Compute.Admin\tests\src\Helpers\AzureStackTestBase.cs(62,21): error CS0518: Predefined type 'System.Object' is not defined or imported
C:\gh\azure-sdk-for-net\sdk\azurestack\Microsoft.AzureStack.Management.Compute.Admin\tests\src\Helpers\AzureStackTestBase.cs(69,20): error CS0518: Predefined type 'System.Object' is not defined or imported
C:\gh\azure-sdk-for-net\sdk\azurestack\Microsoft.AzureStack.Management.Compute.Admin\tests\src\Helpers\AzureStackTestBase.cs(69,20): error CS0246: The type or namespace name 'Exception' could not be found (are you missing a using directive or an assembly reference?)
C:\gh\azure-sdk-for-net\sdk\azurestack\Microsoft.AzureStack.Management.Compute.Admin\tests\src\Helpers\AzureStackTestBase.cs(75,21): error CS0518: Predefined type 'System.Boolean' is not defined or imported
C:\gh\azure-sdk-for-net\sdk\azurestack\Microsoft.AzureStack.Management.Compute.Admin\tests\src\Helpers\AzureStackTestBase.cs(75,21): error CS0518: Predefined type 'System.Boolean' is not defined or imported
C:\gh\azure-sdk-for-net\sdk\azurestack\Microsoft.AzureStack.Management.Compute.Admin\tests\src\Helpers\AzureStackTestBase.cs(77,31): error CS0518: Predefined type 'System.Object' is not defined or imported
C:\gh\azure-sdk-for-net\sdk\azurestack\Microsoft.AzureStack.Management.Compute.Admin\tests\src\Helpers\AzureStackTestBase.cs(77,31): error CS0246: The type or namespace name 'Exception' could not be found (are you missing a using directive or an assembly reference?)
C:\gh\azure-sdk-for-net\sdk\azurestack\Microsoft.AzureStack.Management.Compute.Admin\tests\src\Helpers\AzureStackTestBase.cs(77,41): error CS0518: Predefined type 'System.String' is not defined or imported
C:\gh\azure-sdk-for-net\sdk\azurestack\Microsoft.AzureStack.Management.Compute.Admin\tests\src\QuotaTests.cs(65,13): error CS0518: Predefined type 'System.Object' is not defined or imported
C:\gh\azure-sdk-for-net\sdk\azurestack\Microsoft.AzureStack.Management.Compute.Admin\tests\src\Helpers\AzureStackTestBase.cs(84,20): error CS0518: Predefined type 'System.Object' is not defined or imported
C:\gh\azure-sdk-for-net\sdk\azurestack\Microsoft.AzureStack.Management.Compute.Admin\tests\src\Helpers\AzureStackTestBase.cs(84,20): error CS0246: The type or namespace name 'Exception' could not be found (are you missing a using directive or an assembly reference?)
C:\gh\azure-sdk-for-net\sdk\azurestack\Microsoft.AzureStack.Management.Compute.Admin\tests\src\Helpers\ComputeTestBase.cs(55,13): error CS0518: Predefined type 'System.Object' is not defined or imported
C:\gh\azure-sdk-for-net\sdk\azurestack\Microsoft.AzureStack.Management.Compute.Admin\tests\src\Helpers\ComputeTestBase.cs(55,13): error CS0103: The name 'Assert' does not exist in the current context
C:\gh\azure-sdk-for-net\sdk\azurestack\Microsoft.AzureStack.Management.Compute.Admin\tests\src\Helpers\ComputeTestBase.cs(58,13): error CS0518: Predefined type 'System.Object' is not defined or imported
C:\gh\azure-sdk-for-net\sdk\azurestack\Microsoft.AzureStack.Management.Compute.Admin\tests\src\Helpers\ComputeTestBase.cs(58,13): error CS0103: The name 'Assert' does not exist in the current context
C:\gh\azure-sdk-for-net\sdk\azurestack\Microsoft.AzureStack.Management.Compute.Admin\tests\src\Helpers\ComputeTestBase.cs(59,13): error CS0518: Predefined type 'System.Object' is not defined or imported
C:\gh\azure-sdk-for-net\sdk\azurestack\Microsoft.AzureStack.Management.Compute.Admin\tests\src\Helpers\ComputeTestBase.cs(59,13): error CS0103: The name 'Assert' does not exist in the current context
C:\gh\azure-sdk-for-net\sdk\azurestack\Microsoft.AzureStack.Management.Compute.Admin\tests\src\Helpers\ComputeTestBase.cs(60,13): error CS0518: Predefined type 'System.Object' is not defined or imported
C:\gh\azure-sdk-for-net\sdk\azurestack\Microsoft.AzureStack.Management.Compute.Admin\tests\src\Helpers\ComputeTestBase.cs(60,13): error CS0103: The name 'Assert' does not exist in the current context
C:\gh\azure-sdk-for-net\sdk\azurestack\Microsoft.AzureStack.Management.Compute.Admin\tests\src\Helpers\ComputeTestBase.cs(61,13): error CS0518: Predefined type 'System.Object' is not defined or imported
C:\gh\azure-sdk-for-net\sdk\azurestack\Microsoft.AzureStack.Management.Compute.Admin\tests\src\Helpers\ComputeTestBase.cs(61,13): error CS0103: The name 'Assert' does not exist in the current context
C:\gh\azure-sdk-for-net\sdk\azurestack\Microsoft.AzureStack.Management.Compute.Admin\tests\src\DiskMigrationJobTests.cs(17,13): error CS0518: Predefined type 'System.Object' is not defined or imported
C:\gh\azure-sdk-for-net\sdk\azurestack\Microsoft.AzureStack.Management.Compute.Admin\tests\src\DiskMigrationJobTests.cs(17,13): error CS0103: The name 'Assert' does not exist in the current context
C:\gh\azure-sdk-for-net\sdk\azurestack\Microsoft.AzureStack.Management.Compute.Admin\tests\src\DiskMigrationJobTests.cs(18,13): error CS0518: Predefined type 'System.Object' is not defined or imported
C:\gh\azure-sdk-for-net\sdk\azurestack\Microsoft.AzureStack.Management.Compute.Admin\tests\src\DiskMigrationJobTests.cs(18,13): error CS0103: The name 'Assert' does not exist in the current context
C:\gh\azure-sdk-for-net\sdk\azurestack\Microsoft.AzureStack.Management.Compute.Admin\tests\src\DiskMigrationJobTests.cs(18,42): error CS0012: The type 'Nullable<>' is defined in an assembly that is not referenced. You must add a reference to assembly 'mscorlib, Version=4.0.0.0, Culture=neutral, PublicKeyToken=b77a5c561934e089'.
C:\gh\azure-sdk-for-net\sdk\azurestack\Microsoft.AzureStack.Management.Compute.Admin\tests\src\DiskMigrationJobTests.cs(19,13): error CS0518: Predefined type 'System.Object' is not defined or imported
C:\gh\azure-sdk-for-net\sdk\azurestack\Microsoft.AzureStack.Management.Compute.Admin\tests\src\DiskMigrationJobTests.cs(19,13): error CS0103: The name 'Assert' does not exist in the current context
C:\gh\azure-sdk-for-net\sdk\azurestack\Microsoft.AzureStack.Management.Compute.Admin\tests\src\DiskMigrationJobTests.cs(19,42): error CS0518: Predefined type 'System.String' is not defined or imported
C:\gh\azure-sdk-for-net\sdk\azurestack\Microsoft.AzureStack.Management.Compute.Admin\tests\src\DiskMigrationJobTests.cs(20,13): error CS0518: Predefined type 'System.Object' is not defined or imported
C:\gh\azure-sdk-for-net\sdk\azurestack\Microsoft.AzureStack.Management.Compute.Admin\tests\src\DiskMigrationJobTests.cs(20,13): error CS0103: The name 'Assert' does not exist in the current context
C:\gh\azure-sdk-for-net\sdk\azurestack\Microsoft.AzureStack.Management.Compute.Admin\tests\src\DiskMigrationJobTests.cs(20,42): error CS0518: Predefined type 'System.String' is not defined or imported
C:\gh\azure-sdk-for-net\sdk\azurestack\Microsoft.AzureStack.Management.Compute.Admin\tests\src\DiskMigrationJobTests.cs(21,13): error CS0518: Predefined type 'System.Object' is not defined or imported
C:\gh\azure-sdk-for-net\sdk\azurestack\Microsoft.AzureStack.Management.Compute.Admin\tests\src\DiskMigrationJobTests.cs(21,13): error CS0103: The name 'Assert' does not exist in the current context
C:\gh\azure-sdk-for-net\sdk\azurestack\Microsoft.AzureStack.Management.Compute.Admin\tests\src\DiskMigrationJobTests.cs(21,42): error CS0518: Predefined type 'System.String' is not defined or imported
C:\gh\azure-sdk-for-net\sdk\azurestack\Microsoft.AzureStack.Management.Compute.Admin\tests\src\DiskMigrationJobTests.cs(22,13): error CS0518: Predefined type 'System.Object' is not defined or imported
C:\gh\azure-sdk-for-net\sdk\azurestack\Microsoft.AzureStack.Management.Compute.Admin\tests\src\DiskMigrationJobTests.cs(22,13): error CS0103: The name 'Assert' does not exist in the current context
C:\gh\azure-sdk-for-net\sdk\azurestack\Microsoft.AzureStack.Management.Compute.Admin\tests\src\DiskMigrationJobTests.cs(22,42): error CS0518: Predefined type 'System.String' is not defined or imported
C:\gh\azure-sdk-for-net\sdk\azurestack\Microsoft.AzureStack.Management.Compute.Admin\tests\src\DiskMigrationJobTests.cs(23,13): error CS0518: Predefined type 'System.Object' is not defined or imported
C:\gh\azure-sdk-for-net\sdk\azurestack\Microsoft.AzureStack.Management.Compute.Admin\tests\src\DiskMigrationJobTests.cs(23,13): error CS0103: The name 'Assert' does not exist in the current context
C:\gh\azure-sdk-for-net\sdk\azurestack\Microsoft.AzureStack.Management.Compute.Admin\tests\src\DiskMigrationJobTests.cs(23,42): error CS0518: Predefined type 'System.String' is not defined or imported
C:\gh\azure-sdk-for-net\sdk\azurestack\Microsoft.AzureStack.Management.Compute.Admin\tests\src\DiskMigrationJobTests.cs(24,13): error CS0518: Predefined type 'System.Object' is not defined or imported
C:\gh\azure-sdk-for-net\sdk\azurestack\Microsoft.AzureStack.Management.Compute.Admin\tests\src\DiskMigrationJobTests.cs(24,13): error CS0103: The name 'Assert' does not exist in the current context
C:\gh\azure-sdk-for-net\sdk\azurestack\Microsoft.AzureStack.Management.Compute.Admin\tests\src\DiskMigrationJobTests.cs(24,42): error CS0518: Predefined type 'System.String' is not defined or imported
C:\gh\azure-sdk-for-net\sdk\azurestack\Microsoft.AzureStack.Management.Compute.Admin\tests\src\DiskMigrationJobTests.cs(25,13): error CS0518: Predefined type 'System.Object' is not defined or imported
C:\gh\azure-sdk-for-net\sdk\azurestack\Microsoft.AzureStack.Management.Compute.Admin\tests\src\DiskMigrationJobTests.cs(25,13): error CS0103: The name 'Assert' does not exist in the current context
C:\gh\azure-sdk-for-net\sdk\azurestack\Microsoft.AzureStack.Management.Compute.Admin\tests\src\DiskMigrationJobTests.cs(25,42): error CS0518: Predefined type 'System.String' is not defined or imported
C:\gh\azure-sdk-for-net\sdk\azurestack\Microsoft.AzureStack.Management.Compute.Admin\tests\src\PlatformImageTests.cs(60,13): error CS0518: Predefined type 'System.Object' is not defined or imported
C:\gh\azure-sdk-for-net\sdk\azurestack\Microsoft.AzureStack.Management.Compute.Admin\tests\src\VMExtensionTests.cs(63,13): error CS0518: Predefined type 'System.Object' is not defined or imported
C:\gh\azure-sdk-for-net\sdk\azurestack\Microsoft.AzureStack.Management.Compute.Admin\tests\src\Helpers\AzureStackTestBase.cs(89,13): error CS0518: Predefined type 'System.Object' is not defined or imported
C:\gh\azure-sdk-for-net\sdk\azurestack\Microsoft.AzureStack.Management.Compute.Admin\tests\src\Helpers\AzureStackTestBase.cs(89,13): error CS0103: The name 'Assert' does not exist in the current context
C:\gh\azure-sdk-for-net\sdk\azurestack\Microsoft.AzureStack.Management.Compute.Admin\tests\src\Helpers\AzureStackTestBase.cs(89,27): error CS0518: Predefined type 'System.Object' is not defined or imported
C:\gh\azure-sdk-for-net\sdk\azurestack\Microsoft.AzureStack.Management.Compute.Admin\tests\src\Helpers\AzureStackTestBase.cs(89,27): error CS0246: The type or namespace name 'CloudException' could not be found (are you missing a using directive or an assembly reference?)
C:\gh\azure-sdk-for-net\sdk\azurestack\Microsoft.AzureStack.Management.Compute.Admin\tests\src\Helpers\AzureStackTestBase.cs(17,27): error CS1729: 'object' does not contain a constructor that takes 0 arguments
C:\gh\azure-sdk-for-net\sdk\azurestack\Microsoft.AzureStack.Management.Compute.Admin\tests\src\Helpers\Common.cs(174,13): error CS0518: Predefined type 'System.Object' is not defined or imported
C:\gh\azure-sdk-for-net\sdk\azurestack\Microsoft.AzureStack.Management.Compute.Admin\tests\src\Helpers\Common.cs(174,13): error CS0246: The type or namespace name 'StringBuilder' could not be found (are you missing a using directive or an assembly reference?)
C:\gh\azure-sdk-for-net\sdk\azurestack\Microsoft.AzureStack.Management.Compute.Admin\tests\src\Helpers\Common.cs(174,36): error CS0518: Predefined type 'System.Object' is not defined or imported
C:\gh\azure-sdk-for-net\sdk\azurestack\Microsoft.AzureStack.Management.Compute.Admin\tests\src\Helpers\Common.cs(174,36): error CS0246: The type or namespace name 'StringBuilder' could not be found (are you missing a using directive or an assembly reference?)
C:\gh\azure-sdk-for-net\sdk\azurestack\Microsoft.AzureStack.Management.Compute.Admin\tests\src\Helpers\Common.cs(175,13): error CS0518: Predefined type 'System.Object' is not defined or imported
C:\gh\azure-sdk-for-net\sdk\azurestack\Microsoft.AzureStack.Management.Compute.Admin\tests\src\Helpers\Common.cs(175,13): error CS0246: The type or namespace name 'Action<>' could not be found (are you missing a using directive or an assembly reference?)
C:\gh\azure-sdk-for-net\sdk\azurestack\Microsoft.AzureStack.Management.Compute.Admin\tests\src\Helpers\Common.cs(176,13): error CS0518: Predefined type 'System.Object' is not defined or imported
C:\gh\azure-sdk-for-net\sdk\azurestack\Microsoft.AzureStack.Management.Compute.Admin\tests\src\Helpers\Common.cs(178,25): error CS0518: Predefined type 'System.Object' is not defined or imported
C:\gh\azure-sdk-for-net\sdk\azurestack\Microsoft.AzureStack.Management.Compute.Admin\tests\src\Helpers\Common.cs(178,25): error CS0103: The name 'Encoding' does not exist in the current context
C:\gh\azure-sdk-for-net\sdk\azurestack\Microsoft.AzureStack.Management.Compute.Admin\tests\src\Helpers\Common.cs(179,33): error CS0518: Predefined type 'System.Int32' is not defined or imported
C:\gh\azure-sdk-for-net\sdk\azurestack\Microsoft.AzureStack.Management.Compute.Admin\tests\src\Helpers\Common.cs(192,13): error CS0518: Predefined type 'System.Object' is not defined or imported
C:\gh\azure-sdk-for-net\sdk\azurestack\Microsoft.AzureStack.Management.Compute.Admin\tests\src\Helpers\Common.cs(192,13): error CS0246: The type or namespace name 'StringBuilder' could not be found (are you missing a using directive or an assembly reference?)
C:\gh\azure-sdk-for-net\sdk\azurestack\Microsoft.AzureStack.Management.Compute.Admin\tests\src\Helpers\Common.cs(192,36): error CS0518: Predefined type 'System.Object' is not defined or imported
C:\gh\azure-sdk-for-net\sdk\azurestack\Microsoft.AzureStack.Management.Compute.Admin\tests\src\Helpers\Common.cs(192,36): error CS0246: The type or namespace name 'StringBuilder' could not be found (are you missing a using directive or an assembly reference?)
C:\gh\azure-sdk-for-net\sdk\azurestack\Microsoft.AzureStack.Management.Compute.Admin\tests\src\Helpers\Common.cs(193,13): error CS0518: Predefined type 'System.Object' is not defined or imported
C:\gh\azure-sdk-for-net\sdk\azurestack\Microsoft.AzureStack.Management.Compute.Admin\tests\src\Helpers\Common.cs(193,13): error CS0246: The type or namespace name 'Action<>' could not be found (are you missing a using directive or an assembly reference?)
C:\gh\azure-sdk-for-net\sdk\azurestack\Microsoft.AzureStack.Management.Compute.Admin\tests\src\Helpers\Common.cs(195,25): error CS0518: Predefined type 'System.Object' is not defined or imported
C:\gh\azure-sdk-for-net\sdk\azurestack\Microsoft.AzureStack.Management.Compute.Admin\tests\src\Helpers\Common.cs(195,25): error CS0103: The name 'Encoding' does not exist in the current context
C:\gh\azure-sdk-for-net\sdk\azurestack\Microsoft.AzureStack.Management.Compute.Admin\tests\src\Helpers\Common.cs(196,33): error CS0518: Predefined type 'System.Int32' is not defined or imported
C:\gh\azure-sdk-for-net\sdk\azurestack\Microsoft.AzureStack.Management.Compute.Admin\tests\src\Helpers\Common.cs(20,18): error CS1729: 'object' does not contain a constructor that takes 0 arguments
C:\gh\azure-sdk-for-net\sdk\azurestack\Microsoft.AzureStack.Management.Compute.Admin\tests\src\QuotaTests.cs(75,13): error CS0518: Predefined type 'System.Object' is not defined or imported
C:\gh\azure-sdk-for-net\sdk\azurestack\Microsoft.AzureStack.Management.Compute.Admin\tests\src\PlatformImageTests.cs(68,13): error CS0518: Predefined type 'System.Object' is not defined or imported
C:\gh\azure-sdk-for-net\sdk\azurestack\Microsoft.AzureStack.Management.Compute.Admin\tests\src\VMExtensionTests.cs(71,13): error CS0518: Predefined type 'System.Object' is not defined or imported
C:\gh\azure-sdk-for-net\sdk\azurestack\Microsoft.AzureStack.Management.Compute.Admin\tests\src\QuotaTests.cs(84,13): error CS0518: Predefined type 'System.Object' is not defined or imported
C:\gh\azure-sdk-for-net\sdk\azurestack\Microsoft.AzureStack.Management.Compute.Admin\tests\src\QuotaTests.cs(94,13): error CS0518: Predefined type 'System.Object' is not defined or imported
C:\gh\azure-sdk-for-net\sdk\azurestack\Microsoft.AzureStack.Management.Compute.Admin\tests\src\QuotaTests.cs(94,13): error CS0103: The name 'Assert' does not exist in the current context
C:\gh\azure-sdk-for-net\sdk\azurestack\Microsoft.AzureStack.Management.Compute.Admin\tests\src\QuotaTests.cs(94,28): error CS0012: The type 'Nullable<>' is defined in an assembly that is not referenced. You must add a reference to assembly 'mscorlib, Version=4.0.0.0, Culture=neutral, PublicKeyToken=b77a5c561934e089'.
C:\gh\azure-sdk-for-net\sdk\azurestack\Microsoft.AzureStack.Management.Compute.Admin\tests\src\QuotaTests.cs(94,52): error CS0518: Predefined type 'System.Int32' is not defined or imported
C:\gh\azure-sdk-for-net\sdk\azurestack\Microsoft.AzureStack.Management.Compute.Admin\tests\src\QuotaTests.cs(95,13): error CS0518: Predefined type 'System.Object' is not defined or imported
C:\gh\azure-sdk-for-net\sdk\azurestack\Microsoft.AzureStack.Management.Compute.Admin\tests\src\QuotaTests.cs(95,13): error CS0103: The name 'Assert' does not exist in the current context
C:\gh\azure-sdk-for-net\sdk\azurestack\Microsoft.AzureStack.Management.Compute.Admin\tests\src\QuotaTests.cs(95,28): error CS0012: The type 'Nullable<>' is defined in an assembly that is not referenced. You must add a reference to assembly 'mscorlib, Version=4.0.0.0, Culture=neutral, PublicKeyToken=b77a5c561934e089'.
C:\gh\azure-sdk-for-net\sdk\azurestack\Microsoft.AzureStack.Management.Compute.Admin\tests\src\QuotaTests.cs(95,42): error CS0518: Predefined type 'System.Int32' is not defined or imported
C:\gh\azure-sdk-for-net\sdk\azurestack\Microsoft.AzureStack.Management.Compute.Admin\tests\src\QuotaTests.cs(96,13): error CS0518: Predefined type 'System.Object' is not defined or imported
C:\gh\azure-sdk-for-net\sdk\azurestack\Microsoft.AzureStack.Management.Compute.Admin\tests\src\QuotaTests.cs(96,13): error CS0103: The name 'Assert' does not exist in the current context
C:\gh\azure-sdk-for-net\sdk\azurestack\Microsoft.AzureStack.Management.Compute.Admin\tests\src\QuotaTests.cs(96,28): error CS0012: The type 'Nullable<>' is defined in an assembly that is not referenced. You must add a reference to assembly 'mscorlib, Version=4.0.0.0, Culture=neutral, PublicKeyToken=b77a5c561934e089'.
C:\gh\azure-sdk-for-net\sdk\azurestack\Microsoft.AzureStack.Management.Compute.Admin\tests\src\QuotaTests.cs(96,47): error CS0518: Predefined type 'System.Int32' is not defined or imported
C:\gh\azure-sdk-for-net\sdk\azurestack\Microsoft.AzureStack.Management.Compute.Admin\tests\src\QuotaTests.cs(97,13): error CS0518: Predefined type 'System.Object' is not defined or imported
C:\gh\azure-sdk-for-net\sdk\azurestack\Microsoft.AzureStack.Management.Compute.Admin\tests\src\QuotaTests.cs(97,13): error CS0103: The name 'Assert' does not exist in the current context
C:\gh\azure-sdk-for-net\sdk\azurestack\Microsoft.AzureStack.Management.Compute.Admin\tests\src\QuotaTests.cs(97,28): error CS0012: The type 'Nullable<>' is defined in an assembly that is not referenced. You must add a reference to assembly 'mscorlib, Version=4.0.0.0, Culture=neutral, PublicKeyToken=b77a5c561934e089'.
C:\gh\azure-sdk-for-net\sdk\azurestack\Microsoft.AzureStack.Management.Compute.Admin\tests\src\QuotaTests.cs(97,51): error CS0518: Predefined type 'System.Int32' is not defined or imported
C:\gh\azure-sdk-for-net\sdk\azurestack\Microsoft.AzureStack.Management.Compute.Admin\tests\src\QuotaTests.cs(98,13): error CS0518: Predefined type 'System.Object' is not defined or imported
C:\gh\azure-sdk-for-net\sdk\azurestack\Microsoft.AzureStack.Management.Compute.Admin\tests\src\QuotaTests.cs(98,13): error CS0103: The name 'Assert' does not exist in the current context
C:\gh\azure-sdk-for-net\sdk\azurestack\Microsoft.AzureStack.Management.Compute.Admin\tests\src\QuotaTests.cs(98,28): error CS0012: The type 'Nullable<>' is defined in an assembly that is not referenced. You must add a reference to assembly 'mscorlib, Version=4.0.0.0, Culture=neutral, PublicKeyToken=b77a5c561934e089'.
C:\gh\azure-sdk-for-net\sdk\azurestack\Microsoft.AzureStack.Management.Compute.Admin\tests\src\QuotaTests.cs(98,77): error CS0518: Predefined type 'System.Int32' is not defined or imported
C:\gh\azure-sdk-for-net\sdk\azurestack\Microsoft.AzureStack.Management.Compute.Admin\tests\src\QuotaTests.cs(99,13): error CS0518: Predefined type 'System.Object' is not defined or imported
C:\gh\azure-sdk-for-net\sdk\azurestack\Microsoft.AzureStack.Management.Compute.Admin\tests\src\QuotaTests.cs(99,13): error CS0103: The name 'Assert' does not exist in the current context
C:\gh\azure-sdk-for-net\sdk\azurestack\Microsoft.AzureStack.Management.Compute.Admin\tests\src\QuotaTests.cs(99,28): error CS0012: The type 'Nullable<>' is defined in an assembly that is not referenced. You must add a reference to assembly 'mscorlib, Version=4.0.0.0, Culture=neutral, PublicKeyToken=b77a5c561934e089'.
C:\gh\azure-sdk-for-net\sdk\azurestack\Microsoft.AzureStack.Management.Compute.Admin\tests\src\QuotaTests.cs(99,76): error CS0518: Predefined type 'System.Int32' is not defined or imported
C:\gh\azure-sdk-for-net\sdk\azurestack\Microsoft.AzureStack.Management.Compute.Admin\tests\src\DiskMigrationJobTests.cs(31,13): error CS0518: Predefined type 'System.String' is not defined or imported
C:\gh\azure-sdk-for-net\sdk\azurestack\Microsoft.AzureStack.Management.Compute.Admin\tests\src\DiskMigrationJobTests.cs(31,34): error CS0518: Predefined type 'System.String' is not defined or imported
C:\gh\azure-sdk-for-net\sdk\azurestack\Microsoft.AzureStack.Management.Compute.Admin\tests\src\DiskMigrationJobTests.cs(32,13): error CS0518: Predefined type 'System.Object' is not defined or imported
C:\gh\azure-sdk-for-net\sdk\azurestack\Microsoft.AzureStack.Management.Compute.Admin\tests\src\PlatformImageTests.cs(84,13): error CS0518: Predefined type 'System.Object' is not defined or imported
C:\gh\azure-sdk-for-net\sdk\azurestack\Microsoft.AzureStack.Management.Compute.Admin\tests\src\VMExtensionTests.cs(84,13): error CS0518: Predefined type 'System.Object' is not defined or imported
C:\gh\azure-sdk-for-net\sdk\azurestack\Microsoft.AzureStack.Management.Compute.Admin\tests\src\QuotaTests.cs(104,13): error CS0518: Predefined type 'System.Object' is not defined or imported
C:\gh\azure-sdk-for-net\sdk\azurestack\Microsoft.AzureStack.Management.Compute.Admin\tests\src\DiskMigrationJobTests.cs(69,13): error CS0518: Predefined type 'System.String' is not defined or imported
C:\gh\azure-sdk-for-net\sdk\azurestack\Microsoft.AzureStack.Management.Compute.Admin\tests\src\DiskMigrationJobTests.cs(69,34): error CS0518: Predefined type 'System.String' is not defined or imported
C:\gh\azure-sdk-for-net\sdk\azurestack\Microsoft.AzureStack.Management.Compute.Admin\tests\src\DiskMigrationJobTests.cs(70,13): error CS0518: Predefined type 'System.Object' is not defined or imported
C:\gh\azure-sdk-for-net\sdk\azurestack\Microsoft.AzureStack.Management.Compute.Admin\tests\src\DiskTests.cs(56,13): error CS0518: Predefined type 'System.Object' is not defined or imported
C:\gh\azure-sdk-for-net\sdk\azurestack\Microsoft.AzureStack.Management.Compute.Admin\tests\src\VMExtensionTests.cs(100,13): error CS0518: Predefined type 'System.Object' is not defined or imported
C:\gh\azure-sdk-for-net\sdk\azurestack\Microsoft.AzureStack.Management.Compute.Admin\tests\src\DiskTests.cs(86,13): error CS0518: Predefined type 'System.Object' is not defined or imported
C:\gh\azure-sdk-for-net\sdk\azurestack\Microsoft.AzureStack.Management.Compute.Admin\tests\src\DiskTests.cs(102,13): error CS0518: Predefined type 'System.Object' is not defined or imported
C:\gh\azure-sdk-for-net\sdk\azurestack\Microsoft.AzureStack.Management.Compute.Admin\tests\src\PlatformImageTests.cs(99,13): error CS0518: Predefined type 'System.Object' is not defined or imported
C:\gh\azure-sdk-for-net\sdk\azurestack\Microsoft.AzureStack.Management.Compute.Admin\tests\src\VMExtensionTests.cs(120,17): error CS0518: Predefined type 'System.Object' is not defined or imported
C:\gh\azure-sdk-for-net\sdk\azurestack\Microsoft.AzureStack.Management.Compute.Admin\tests\src\VMExtensionTests.cs(119,13): error CS0518: Predefined type 'System.Void' is not defined or imported
C:\gh\azure-sdk-for-net\sdk\azurestack\Microsoft.AzureStack.Management.Compute.Admin\tests\src\VMExtensionTests.cs(123,13): error CS0518: Predefined type 'System.Object' is not defined or imported
C:\gh\azure-sdk-for-net\sdk\azurestack\Microsoft.AzureStack.Management.Compute.Admin\tests\src\VMExtensionTests.cs(140,16): error CS1503: Argument 2: cannot convert from 'method group' to 'Action'
C:\gh\azure-sdk-for-net\sdk\azurestack\Microsoft.AzureStack.Management.Compute.Admin\tests\src\VMExtensionTests.cs(140,30): error CS1503: Argument 3: cannot convert from 'method group' to 'Action'
C:\gh\azure-sdk-for-net\sdk\azurestack\Microsoft.AzureStack.Management.Compute.Admin\tests\src\QuotaTests.cs(148,13): error CS0518: Predefined type 'System.Object' is not defined or imported
C:\gh\azure-sdk-for-net\sdk\azurestack\Microsoft.AzureStack.Management.Compute.Admin\tests\src\PlatformImageTests.cs(130,13): error CS0518: Predefined type 'System.Object' is not defined or imported
C:\gh\azure-sdk-for-net\sdk\azurestack\Microsoft.AzureStack.Management.Compute.Admin\tests\src\QuotaTests.cs(196,13): error CS0518: Predefined type 'System.Object' is not defined or imported
C:\gh\azure-sdk-for-net\sdk\azurestack\Microsoft.AzureStack.Management.Compute.Admin\tests\src\QuotaTests.cs(221,13): error CS0518: Predefined type 'System.Object' is not defined or imported
C:\gh\azure-sdk-for-net\sdk\azurestack\Microsoft.AzureStack.Management.Compute.Admin\tests\src\QuotaTests.cs(229,13): error CS0518: Predefined type 'System.Object' is not defined or imported
C:\gh\azure-sdk-for-net\sdk\azurestack\Microsoft.AzureStack.Management.Compute.Admin\tests\src\QuotaTests.cs(240,13): error CS0518: Predefined type 'System.Object' is not defined or imported
C:\gh\azure-sdk-for-net\sdk\azurestack\Microsoft.AzureStack.Management.Compute.Admin\tests\src\Helpers\Common.cs(12,1): hidden CS8019: Unnecessary using directive.
C:\gh\azure-sdk-for-net\sdk\azurestack\Microsoft.AzureStack.Management.Compute.Admin\tests\src\SupportedOperationsTest.cs(11,5): hidden CS8019: Unnecessary using directive.
C:\gh\azure-sdk-for-net\sdk\azurestack\Microsoft.AzureStack.Management.Compute.Admin\tests\src\Helpers\Common.cs(5,1): hidden CS8019: Unnecessary using directive.
C:\gh\azure-sdk-for-net\sdk\azurestack\Microsoft.AzureStack.Management.Compute.Admin\tests\src\VMExtensionTests.cs(9,1): hidden CS8019: Unnecessary using directive.
C:\gh\azure-sdk-for-net\sdk\azurestack\Microsoft.AzureStack.Management.Compute.Admin\tests\src\VMExtensionTests.cs(10,1): hidden CS8019: Unnecessary using directive.
C:\gh\azure-sdk-for-net\sdk\azurestack\Microsoft.AzureStack.Management.Compute.Admin\tests\src\Helpers\RecordedDelegatingHandler.cs(7,1): hidden CS8019: Unnecessary using directive.
C:\gh\azure-sdk-for-net\sdk\azurestack\Microsoft.AzureStack.Management.Compute.Admin\tests\src\DiskTests.cs(4,1): hidden CS8019: Unnecessary using directive.
C:\gh\azure-sdk-for-net\sdk\azurestack\Microsoft.AzureStack.Management.Compute.Admin\tests\src\Helpers\AzureStackTestBase.cs(5,1): hidden CS8019: Unnecessary using directive.
C:\gh\azure-sdk-for-net\sdk\azurestack\Microsoft.AzureStack.Management.Compute.Admin\tests\src\Helpers\RecordedDelegatingHandler.cs(4,1): hidden CS8019: Unnecessary using directive.
C:\gh\azure-sdk-for-net\sdk\azurestack\Microsoft.AzureStack.Management.Compute.Admin\tests\src\SupportedOperationsTest.cs(10,5): hidden CS8019: Unnecessary using directive.
C:\gh\azure-sdk-for-net\sdk\azurestack\Microsoft.AzureStack.Management.Compute.Admin\tests\src\VMExtensionTests.cs(8,1): hidden CS8019: Unnecessary using directive.
C:\gh\azure-sdk-for-net\eng\mgmt\DisableTestRunParallel.cs(5,1): hidden CS8019: Unnecessary using directive.
C:\gh\azure-sdk-for-net\artifacts\obj\Microsoft.AzureStack.Management.Compute.Tests\Debug\netcoreapp2.0\Microsoft.AzureStack.Management.Compute.Tests.AssemblyInfo.cs(11,1): hidden CS8019: Unnecessary using directive.
C:\gh\azure-sdk-for-net\sdk\azurestack\Microsoft.AzureStack.Management.Compute.Admin\tests\src\SupportedOperationsTest.cs(12,5): hidden CS8019: Unnecessary using directive.
C:\gh\azure-sdk-for-net\sdk\azurestack\Microsoft.AzureStack.Management.Compute.Admin\tests\src\Helpers\AzureStackTestBase.cs(9,1): hidden CS8019: Unnecessary using directive.
C:\gh\azure-sdk-for-net\sdk\azurestack\Microsoft.AzureStack.Management.Compute.Admin\tests\Properties\AssemblyInfo.cs(1,1): hidden CS8019: Unnecessary using directive.
C:\gh\azure-sdk-for-net\sdk\azurestack\Microsoft.AzureStack.Management.Compute.Admin\tests\src\Helpers\Common.cs(6,1): hidden CS8019: Unnecessary using directive.
C:\gh\azure-sdk-for-net\sdk\azurestack\Microsoft.AzureStack.Management.Compute.Admin\tests\src\Helpers\AzureStackTestBase.cs(8,1): hidden CS8019: Unnecessary using directive.
C:\gh\azure-sdk-for-net\sdk\azurestack\Microsoft.AzureStack.Management.Compute.Admin\tests\src\DiskMigrationJobTests.cs(8,1): hidden CS8019: Unnecessary using directive.
C:\gh\azure-sdk-for-net\sdk\azurestack\Microsoft.AzureStack.Management.Compute.Admin\tests\src\DiskMigrationJobTests.cs(6,1): hidden CS8019: Unnecessary using directive.
C:\gh\azure-sdk-for-net\sdk\azurestack\Microsoft.AzureStack.Management.Compute.Admin\tests\src\DiskMigrationJobTests.cs(7,1): hidden CS8019: Unnecessary using directive.
C:\gh\azure-sdk-for-net\sdk\azurestack\Microsoft.AzureStack.Management.Compute.Admin\tests\src\Helpers\Common.cs(8,1): hidden CS8019: Unnecessary using directive.
C:\gh\azure-sdk-for-net\artifacts\obj\Microsoft.AzureStack.Management.Compute.Tests\Debug\netcoreapp2.0\.NETCoreApp,Version=v2.0.AssemblyAttributes.cs(3,1): hidden CS8019: Unnecessary using directive.
C:\gh\azure-sdk-for-net\sdk\azurestack\Microsoft.AzureStack.Management.Compute.Admin\tests\src\Helpers\RecordedDelegatingHandler.cs(8,1): hidden CS8019: Unnecessary using directive.
C:\gh\azure-sdk-for-net\sdk\azurestack\Microsoft.AzureStack.Management.Compute.Admin\tests\src\DiskTests.cs(8,1): hidden CS8019: Unnecessary using directive.
C:\gh\azure-sdk-for-net\sdk\azurestack\Microsoft.AzureStack.Management.Compute.Admin\tests\src\DiskMigrationJobTests.cs(5,1): hidden CS8019: Unnecessary using directive.
C:\gh\azure-sdk-for-net\sdk\azurestack\Microsoft.AzureStack.Management.Compute.Admin\tests\Properties\AssemblyInfo.cs(2,1): hidden CS8019: Unnecessary using directive.
C:\gh\azure-sdk-for-net\sdk\azurestack\Microsoft.AzureStack.Management.Compute.Admin\tests\Properties\AssemblyInfo.cs(3,1): hidden CS8019: Unnecessary using directive.
C:\gh\azure-sdk-for-net\sdk\azurestack\Microsoft.AzureStack.Management.Compute.Admin\tests\src\QuotaTests.cs(10,1): hidden CS8019: Unnecessary using directive.
C:\gh\azure-sdk-for-net\sdk\azurestack\Microsoft.AzureStack.Management.Compute.Admin\tests\src\DiskTests.cs(6,1): hidden CS8019: Unnecessary using directive.
C:\gh\azure-sdk-for-net\sdk\azurestack\Microsoft.AzureStack.Management.Compute.Admin\tests\src\DiskTests.cs(7,1): hidden CS8019: Unnecessary using directive.
C:\gh\azure-sdk-for-net\sdk\azurestack\Microsoft.AzureStack.Management.Compute.Admin\tests\src\DiskMigrationJobTests.cs(9,1): hidden CS8019: Unnecessary using directive.
C:\gh\azure-sdk-for-net\sdk\azurestack\Microsoft.AzureStack.Management.Compute.Admin\tests\src\Helpers\Common.cs(7,1): hidden CS8019: Unnecessary using directive.
C:\gh\azure-sdk-for-net\sdk\azurestack\Microsoft.AzureStack.Management.Compute.Admin\tests\src\Helpers\Common.cs(10,1): hidden CS8019: Unnecessary using directive.
C:\gh\azure-sdk-for-net\sdk\azurestack\Microsoft.AzureStack.Management.Compute.Admin\tests\src\Helpers\Common.cs(11,1): hidden CS8019: Unnecessary using directive.
C:\gh\azure-sdk-for-net\sdk\azurestack\Microsoft.AzureStack.Management.Compute.Admin\tests\src\QuotaTests.cs(8,1): hidden CS8019: Unnecessary using directive.
C:\gh\azure-sdk-for-net\sdk\azurestack\Microsoft.AzureStack.Management.Compute.Admin\tests\src\QuotaTests.cs(9,1): hidden CS8019: Unnecessary using directive.
C:\gh\azure-sdk-for-net\sdk\azurestack\Microsoft.AzureStack.Management.Compute.Admin\tests\src\Helpers\RecordedDelegatingHandler.cs(5,1): hidden CS8019: Unnecessary using directive.
C:\gh\azure-sdk-for-net\artifacts\obj\Microsoft.AzureStack.Management.Compute.Tests\Debug\netcoreapp2.0\.NETCoreApp,Version=v2.0.AssemblyAttributes.cs(2,1): hidden CS8019: Unnecessary using directive.
C:\gh\azure-sdk-for-net\sdk\azurestack\Microsoft.AzureStack.Management.Compute.Admin\tests\src\PlatformImageTests.cs(9,1): hidden CS8019: Unnecessary using directive.
C:\gh\azure-sdk-for-net\sdk\azurestack\Microsoft.AzureStack.Management.Compute.Admin\tests\src\Helpers\AzureStackTestBase.cs(7,1): hidden CS8019: Unnecessary using directive.
C:\gh\azure-sdk-for-net\sdk\azurestack\Microsoft.AzureStack.Management.Compute.Admin\tests\src\PlatformImageTests.cs(10,1): hidden CS8019: Unnecessary using directive.
C:\gh\azure-sdk-for-net\sdk\azurestack\Microsoft.AzureStack.Management.Compute.Admin\tests\src\Helpers\RecordedDelegatingHandler.cs(6,1): hidden CS8019: Unnecessary using directive.
C:\gh\azure-sdk-for-net\sdk\azurestack\Microsoft.AzureStack.Management.Compute.Admin\tests\src\DiskMigrationJobTests.cs(4,1): hidden CS8019: Unnecessary using directive.
C:\gh\azure-sdk-for-net\sdk\azurestack\Microsoft.AzureStack.Management.Compute.Admin\tests\src\Helpers\ComputeTestBase.cs(8,1): hidden CS8019: Unnecessary using directive.
C:\gh\azure-sdk-for-net\artifacts\obj\Microsoft.AzureStack.Management.Compute.Tests\Debug\netcoreapp2.0\Microsoft.AzureStack.Management.Compute.Tests.AssemblyInfo.cs(12,1): hidden CS8019: Unnecessary using directive.
C:\gh\azure-sdk-for-net\sdk\azurestack\Microsoft.AzureStack.Management.Compute.Admin\tests\src\DiskTests.cs(5,1): hidden CS8019: Unnecessary using directive.
C:\gh\azure-sdk-for-net\eng\mgmt\DisableTestRunParallel.cs(4,1): hidden CS8019: Unnecessary using directive.
C:\gh\azure-sdk-for-net\sdk\azurestack\Microsoft.AzureStack.Management.Compute.Admin\tests\src\PlatformImageTests.cs(8,1): hidden CS8019: Unnecessary using directive.
C:\gh\azure-sdk-for-net\sdk\azurestack\Microsoft.AzureStack.Management.Compute.Admin\tests\src\Helpers\AzureStackTestBase.cs(6,1): hidden CS8019: Unnecessary using directive.
C:\gh\azure-sdk-for-net\sdk\azurestack\Microsoft.AzureStack.Management.Compute.Admin\tests\src\Helpers\Common.cs(9,1): hidden CS8019: Unnecessary using directive.
