C:\gh\azure-sdk-for-net\sdk\synapse\Azure.Analytics.Synapse.Shared\tests\SynapseTestEventListener.cs(15,17): error CS0246: The type or namespace name 'AzureEventSourceListener' could not be found (are you missing a using directive or an assembly reference?)
C:\gh\azure-sdk-for-net\sdk\synapse\Azure.Analytics.Synapse.Monitoring\tests\MonitoringClientLiveTests.cs(35,10): error CS0246: The type or namespace name 'TestAttribute' could not be found (are you missing a using directive or an assembly reference?)
C:\gh\azure-sdk-for-net\sdk\synapse\Azure.Analytics.Synapse.Monitoring\tests\MonitoringClientLiveTests.cs(35,10): error CS0246: The type or namespace name 'Test' could not be found (are you missing a using directive or an assembly reference?)
C:\gh\azure-sdk-for-net\sdk\synapse\Azure.Analytics.Synapse.Monitoring\tests\MonitoringClientTestBase.cs(12,6): error CS0246: The type or namespace name 'NonParallelizableAttribute' could not be found (are you missing a using directive or an assembly reference?)
C:\gh\azure-sdk-for-net\sdk\synapse\Azure.Analytics.Synapse.Monitoring\tests\MonitoringClientTestBase.cs(12,6): error CS0246: The type or namespace name 'NonParallelizable' could not be found (are you missing a using directive or an assembly reference?)
C:\gh\azure-sdk-for-net\sdk\synapse\Azure.Analytics.Synapse.Monitoring\tests\MonitoringClientLiveTests.cs(27,10): error CS0246: The type or namespace name 'TestAttribute' could not be found (are you missing a using directive or an assembly reference?)
C:\gh\azure-sdk-for-net\sdk\synapse\Azure.Analytics.Synapse.Monitoring\tests\MonitoringClientLiveTests.cs(27,10): error CS0246: The type or namespace name 'Test' could not be found (are you missing a using directive or an assembly reference?)
C:\gh\azure-sdk-for-net\sdk\synapse\Azure.Analytics.Synapse.Monitoring\tests\MonitoringClientLiveTests.cs(6,7): error CS0246: The type or namespace name 'NUnit' could not be found (are you missing a using directive or an assembly reference?)
C:\gh\azure-sdk-for-net\sdk\synapse\Azure.Analytics.Synapse.Monitoring\tests\MonitoringClientTestBase.cs(6,7): error CS0246: The type or namespace name 'NUnit' could not be found (are you missing a using directive or an assembly reference?)
C:\gh\azure-sdk-for-net\sdk\synapse\Azure.Analytics.Synapse.Monitoring\tests\samples\Sample1_PipelineMonitoring.cs(10,13): error CS0234: The type or namespace name 'Identity' does not exist in the namespace 'Azure' (are you missing an assembly reference?)
C:\gh\azure-sdk-for-net\sdk\synapse\Azure.Analytics.Synapse.Monitoring\tests\samples\Sample1_PipelineMonitoring.cs(11,7): error CS0246: The type or namespace name 'NUnit' could not be found (are you missing a using directive or an assembly reference?)
C:\gh\azure-sdk-for-net\sdk\synapse\Azure.Analytics.Synapse.Shared\tests\SampleFixture.cs(6,7): error CS0246: The type or namespace name 'NUnit' could not be found (are you missing a using directive or an assembly reference?)
C:\gh\azure-sdk-for-net\sdk\synapse\Azure.Analytics.Synapse.Shared\tests\SynapseTestEventListener.cs(6,18): error CS0234: The type or namespace name 'Diagnostics' does not exist in the namespace 'Azure.Core' (are you missing an assembly reference?)
C:\gh\azure-sdk-for-net\sdk\synapse\Azure.Analytics.Synapse.Shared\tests\SampleFixture.cs(10,6): error CS0012: The type 'NUnitAttribute' is defined in an assembly that is not referenced. You must add a reference to assembly 'nunit.framework, Version=3.12.0.0, Culture=neutral, PublicKeyToken=2638cd05610744eb'.
C:\gh\azure-sdk-for-net\sdk\synapse\Azure.Analytics.Synapse.Shared\tests\SampleFixture.cs(11,6): error CS0246: The type or namespace name 'NonParallelizableAttribute' could not be found (are you missing a using directive or an assembly reference?)
C:\gh\azure-sdk-for-net\sdk\synapse\Azure.Analytics.Synapse.Shared\tests\SampleFixture.cs(11,6): error CS0246: The type or namespace name 'NonParallelizable' could not be found (are you missing a using directive or an assembly reference?)
C:\gh\azure-sdk-for-net\sdk\synapse\Azure.Analytics.Synapse.Monitoring\tests\samples\Sample1_PipelineMonitoring.cs(20,10): error CS0246: The type or namespace name 'TestAttribute' could not be found (are you missing a using directive or an assembly reference?)
C:\gh\azure-sdk-for-net\sdk\synapse\Azure.Analytics.Synapse.Monitoring\tests\samples\Sample1_PipelineMonitoring.cs(20,10): error CS0246: The type or namespace name 'Test' could not be found (are you missing a using directive or an assembly reference?)
C:\gh\azure-sdk-for-net\sdk\synapse\Azure.Analytics.Synapse.Shared\tests\SampleFixture.cs(16,10): error CS0246: The type or namespace name 'SetUpAttribute' could not be found (are you missing a using directive or an assembly reference?)
C:\gh\azure-sdk-for-net\sdk\synapse\Azure.Analytics.Synapse.Shared\tests\SampleFixture.cs(16,10): error CS0246: The type or namespace name 'SetUp' could not be found (are you missing a using directive or an assembly reference?)
C:\gh\azure-sdk-for-net\sdk\synapse\Azure.Analytics.Synapse.Shared\tests\SampleFixture.cs(19,10): error CS0246: The type or namespace name 'TearDownAttribute' could not be found (are you missing a using directive or an assembly reference?)
C:\gh\azure-sdk-for-net\sdk\synapse\Azure.Analytics.Synapse.Shared\tests\SampleFixture.cs(19,10): error CS0246: The type or namespace name 'TearDown' could not be found (are you missing a using directive or an assembly reference?)
C:\gh\azure-sdk-for-net\sdk\synapse\Azure.Analytics.Synapse.Shared\tests\SynapseTestEventListener.cs(25,29): error CS0103: The name 'AzureEventSourceListener' does not exist in the current context
C:\gh\azure-sdk-for-net\sdk\synapse\Azure.Analytics.Synapse.Monitoring\tests\MonitoringClientLiveTests.cs(30,59): error CS0246: The type or namespace name 'Task<>' could not be found (are you missing a using directive or an assembly reference?)
C:\gh\azure-sdk-for-net\sdk\synapse\Azure.Analytics.Synapse.Monitoring\tests\MonitoringClientLiveTests.cs(31,13): error CS0103: The name 'Assert' does not exist in the current context
C:\gh\azure-sdk-for-net\sdk\synapse\Azure.Analytics.Synapse.Monitoring\tests\MonitoringClientLiveTests.cs(32,13): error CS0103: The name 'CollectionAssert' does not exist in the current context
C:\gh\azure-sdk-for-net\sdk\synapse\Azure.Analytics.Synapse.Monitoring\tests\MonitoringClientLiveTests.cs(32,54): error CS0246: The type or namespace name 'IReadOnlyList<>' could not be found (are you missing a using directive or an assembly reference?)
C:\gh\azure-sdk-for-net\sdk\synapse\Azure.Analytics.Synapse.Monitoring\tests\MonitoringClientLiveTests.cs(38,54): error CS0246: The type or namespace name 'Task<>' could not be found (are you missing a using directive or an assembly reference?)
C:\gh\azure-sdk-for-net\sdk\synapse\Azure.Analytics.Synapse.Monitoring\tests\MonitoringClientLiveTests.cs(39,13): error CS0103: The name 'Assert' does not exist in the current context
C:\gh\azure-sdk-for-net\sdk\synapse\Azure.Analytics.Synapse.Monitoring\tests\MonitoringClientLiveTests.cs(40,13): error CS0103: The name 'Assert' does not exist in the current context
C:\gh\azure-sdk-for-net\sdk\synapse\Azure.Analytics.Synapse.Monitoring\tests\MonitoringClientLiveTests.cs(40,39): error CS0518: Predefined type 'System.String' is not defined or imported
C:\gh\azure-sdk-for-net\sdk\synapse\Azure.Analytics.Synapse.Monitoring\tests\MonitoringClientTestBase.cs(37,13): error CS0246: The type or namespace name 'TestContext' could not be found (are you missing a using directive or an assembly reference?)
C:\gh\azure-sdk-for-net\sdk\synapse\Azure.Analytics.Synapse.Monitoring\tests\MonitoringClientTestBase.cs(37,51): error CS0103: The name 'TestContext' does not exist in the current context
C:\gh\azure-sdk-for-net\sdk\synapse\Azure.Analytics.Synapse.Monitoring\tests\MonitoringClientTestBase.cs(43,33): error CS0103: The name 'TestContext' does not exist in the current context
C:\gh\azure-sdk-for-net\sdk\synapse\Azure.Analytics.Synapse.Monitoring\tests\samples\Sample1_PipelineMonitoring.cs(25,83): error CS0246: The type or namespace name 'DefaultAzureCredential' could not be found (are you missing a using directive or an assembly reference?)
C:\gh\azure-sdk-for-net\sdk\synapse\Azure.Analytics.Synapse.Monitoring\tests\samples\Sample1_PipelineMonitoring.cs(25,43): error CS0518: Predefined type 'System.Void' is not defined or imported
C:\gh\azure-sdk-for-net\sdk\synapse\Azure.Analytics.Synapse.Monitoring\tests\samples\Sample1_PipelineMonitoring.cs(29,53): error CS0246: The type or namespace name 'Response<>' could not be found (are you missing a using directive or an assembly reference?)
C:\gh\azure-sdk-for-net\sdk\synapse\Azure.Analytics.Synapse.Monitoring\tests\samples\Sample1_PipelineMonitoring.cs(30,51): error CS0246: The type or namespace name 'IReadOnlyList<>' could not be found (are you missing a using directive or an assembly reference?)
C:\gh\azure-sdk-for-net\sdk\synapse\Azure.Analytics.Synapse.Monitoring\tests\samples\Sample1_PipelineMonitoring.cs(44,48): error CS0246: The type or namespace name 'Response<>' could not be found (are you missing a using directive or an assembly reference?)
C:\gh\azure-sdk-for-net\sdk\synapse\Azure.Analytics.Synapse.Monitoring\tests\MonitoringClientTestBase.cs(51,33): error CS0012: The type 'TokenCredential' is defined in an assembly that is not referenced. You must add a reference to assembly 'Azure.Core, Version=1.4.1.0, Culture=neutral, PublicKeyToken=92742159e12e44c8'.
C:\gh\azure-sdk-for-net\sdk\synapse\Azure.Analytics.Synapse.Monitoring\tests\MonitoringClientTestBase.cs(52,45): error CS0518: Predefined type 'System.Void' is not defined or imported
C:\gh\azure-sdk-for-net\sdk\synapse\Azure.Analytics.Synapse.Monitoring\tests\MonitoringClientTestBase.cs(49,41): error CS0518: Predefined type 'System.Void' is not defined or imported
C:\gh\azure-sdk-for-net\sdk\synapse\Azure.Analytics.Synapse.Monitoring\tests\samples\Sample1_PipelineMonitoring.cs(7,1): hidden CS8019: Unnecessary using directive.
C:\gh\azure-sdk-for-net\sdk\synapse\Azure.Analytics.Synapse.Monitoring\tests\MonitoringClientTestBase.cs(6,1): hidden CS8019: Unnecessary using directive.
C:\gh\azure-sdk-for-net\sdk\synapse\Azure.Analytics.Synapse.Monitoring\tests\samples\Sample1_PipelineMonitoring.cs(6,1): hidden CS8019: Unnecessary using directive.
C:\gh\azure-sdk-for-net\sdk\synapse\Azure.Analytics.Synapse.Shared\tests\SampleFixture.cs(6,1): hidden CS8019: Unnecessary using directive.
C:\gh\azure-sdk-for-net\artifacts\obj\Azure.Analytics.Synapse.Monitoring.Tests\Debug\net461\Azure.Analytics.Synapse.Monitoring.Tests.AssemblyInfo.cs(11,1): hidden CS8019: Unnecessary using directive.
C:\gh\azure-sdk-for-net\sdk\synapse\Azure.Analytics.Synapse.Monitoring\tests\samples\Sample1_PipelineMonitoring.cs(10,1): hidden CS8019: Unnecessary using directive.
C:\gh\azure-sdk-for-net\sdk\synapse\Azure.Analytics.Synapse.Monitoring\tests\samples\Sample1_PipelineMonitoring.cs(5,1): hidden CS8019: Unnecessary using directive.
C:\gh\azure-sdk-for-net\artifacts\obj\Azure.Analytics.Synapse.Monitoring.Tests\Debug\net461\.NETFramework,Version=v4.6.1.AssemblyAttributes.cs(2,1): hidden CS8019: Unnecessary using directive.
C:\gh\azure-sdk-for-net\artifacts\obj\Azure.Analytics.Synapse.Monitoring.Tests\Debug\net461\.NETFramework,Version=v4.6.1.AssemblyAttributes.cs(3,1): hidden CS8019: Unnecessary using directive.
C:\gh\azure-sdk-for-net\artifacts\obj\Azure.Analytics.Synapse.Monitoring.Tests\Debug\net461\Azure.Analytics.Synapse.Monitoring.Tests.AssemblyInfo.cs(12,1): hidden CS8019: Unnecessary using directive.
C:\gh\azure-sdk-for-net\sdk\synapse\Azure.Analytics.Synapse.Monitoring\tests\MonitoringClientLiveTests.cs(6,1): hidden CS8019: Unnecessary using directive.
C:\gh\azure-sdk-for-net\sdk\synapse\Azure.Analytics.Synapse.Monitoring\tests\samples\Sample1_PipelineMonitoring.cs(11,1): hidden CS8019: Unnecessary using directive.
C:\gh\azure-sdk-for-net\sdk\synapse\Azure.Analytics.Synapse.Shared\tests\SynapseTestEventListener.cs(6,1): hidden CS8019: Unnecessary using directive.
