C:\gh\azure-sdk-for-net\sdk\privatedns\Microsoft.Azure.Management.PrivateDns\tests\TestDataGenerator.cs(125,23): error CS0246: The type or namespace name 'VirtualNetwork' could not be found (are you missing a using directive or an assembly reference?)
C:\gh\azure-sdk-for-net\sdk\privatedns\Microsoft.Azure.Management.PrivateDns\tests\TestDataGenerator.cs(77,23): error CS0246: The type or namespace name 'ResourceGroup' could not be found (are you missing a using directive or an assembly reference?)
C:\gh\azure-sdk-for-net\sdk\privatedns\Microsoft.Azure.Management.PrivateDns\tests\Validation\RecordSetAssertions.cs(17,42): error CS0246: The type or namespace name 'ReferenceTypeAssertions<,>' could not be found (are you missing a using directive or an assembly reference?)
C:\gh\azure-sdk-for-net\sdk\privatedns\Microsoft.Azure.Management.PrivateDns\tests\Validation\RecordSetAssertions.cs(26,16): error CS0246: The type or namespace name 'AndConstraint<>' could not be found (are you missing a using directive or an assembly reference?)
C:\gh\azure-sdk-for-net\sdk\privatedns\Microsoft.Azure.Management.PrivateDns\tests\Extensions\NetworkManagementClientExtensions.cs(17,18): error CS0246: The type or namespace name 'NetworkManagementClient' could not be found (are you missing a using directive or an assembly reference?)
C:\gh\azure-sdk-for-net\sdk\privatedns\Microsoft.Azure.Management.PrivateDns\tests\Extensions\NetworkManagementClientExtensions.cs(16,23): error CS0246: The type or namespace name 'VirtualNetwork' could not be found (are you missing a using directive or an assembly reference?)
C:\gh\azure-sdk-for-net\sdk\privatedns\Microsoft.Azure.Management.PrivateDns\tests\ScenarioTests\BaseScenarioTests.cs(81,43): error CS0246: The type or namespace name 'ITestOutputHelper' could not be found (are you missing a using directive or an assembly reference?)
C:\gh\azure-sdk-for-net\sdk\privatedns\Microsoft.Azure.Management.PrivateDns\tests\Extensions\ResourceManagementClientExtensions.cs(57,70): error CS0246: The type or namespace name 'ResourceManagementClient' could not be found (are you missing a using directive or an assembly reference?)
C:\gh\azure-sdk-for-net\sdk\privatedns\Microsoft.Azure.Management.PrivateDns\tests\Extensions\ResourceManagementClientExtensions.cs(32,55): error CS0246: The type or namespace name 'ResourceManagementClient' could not be found (are you missing a using directive or an assembly reference?)
C:\gh\azure-sdk-for-net\sdk\privatedns\Microsoft.Azure.Management.PrivateDns\tests\ScenarioTests\BaseScenarioTests.cs(52,19): error CS0246: The type or namespace name 'ResourceGroup' could not be found (are you missing a using directive or an assembly reference?)
C:\gh\azure-sdk-for-net\sdk\privatedns\Microsoft.Azure.Management.PrivateDns\tests\Extensions\HttpResponseMessageWrapperExtensions.cs(16,57): error CS0246: The type or namespace name 'HttpResponseMessageWrapper' could not be found (are you missing a using directive or an assembly reference?)
C:\gh\azure-sdk-for-net\sdk\privatedns\Microsoft.Azure.Management.PrivateDns\tests\Helpers\ClientFactory.cs(52,13): error CS0246: The type or namespace name 'MockContext' could not be found (are you missing a using directive or an assembly reference?)
C:\gh\azure-sdk-for-net\sdk\privatedns\Microsoft.Azure.Management.PrivateDns\tests\Helpers\ClientFactory.cs(51,23): error CS0246: The type or namespace name 'NetworkManagementClient' could not be found (are you missing a using directive or an assembly reference?)
C:\gh\azure-sdk-for-net\sdk\privatedns\Microsoft.Azure.Management.PrivateDns\tests\Extensions\ResourceManagementClientExtensions.cs(17,18): error CS0246: The type or namespace name 'ResourceManagementClient' could not be found (are you missing a using directive or an assembly reference?)
C:\gh\azure-sdk-for-net\sdk\privatedns\Microsoft.Azure.Management.PrivateDns\tests\Extensions\ResourceManagementClientExtensions.cs(16,23): error CS0246: The type or namespace name 'ResourceGroup' could not be found (are you missing a using directive or an assembly reference?)
C:\gh\azure-sdk-for-net\sdk\privatedns\Microsoft.Azure.Management.PrivateDns\tests\ScenarioTests\VirtualNetworkLinkTests.cs(425,17): error CS0246: The type or namespace name 'VirtualNetwork' could not be found (are you missing a using directive or an assembly reference?)
C:\gh\azure-sdk-for-net\sdk\privatedns\Microsoft.Azure.Management.PrivateDns\tests\Helpers\ClientFactory.cs(37,13): error CS0246: The type or namespace name 'MockContext' could not be found (are you missing a using directive or an assembly reference?)
C:\gh\azure-sdk-for-net\sdk\privatedns\Microsoft.Azure.Management.PrivateDns\tests\Helpers\ClientFactory.cs(22,13): error CS0246: The type or namespace name 'MockContext' could not be found (are you missing a using directive or an assembly reference?)
C:\gh\azure-sdk-for-net\sdk\privatedns\Microsoft.Azure.Management.PrivateDns\tests\Helpers\ClientFactory.cs(21,23): error CS0246: The type or namespace name 'ResourceManagementClient' could not be found (are you missing a using directive or an assembly reference?)
C:\gh\azure-sdk-for-net\sdk\privatedns\Microsoft.Azure.Management.PrivateDns\tests\ScenarioTests\BaseScenarioTests.cs(26,34): error CS0246: The type or namespace name 'ITestOutputHelper' could not be found (are you missing a using directive or an assembly reference?)
C:\gh\azure-sdk-for-net\sdk\privatedns\Microsoft.Azure.Management.PrivateDns\tests\ScenarioTests\PrivateZoneScenarioTests.cs(24,41): error CS0246: The type or namespace name 'ITestOutputHelper' could not be found (are you missing a using directive or an assembly reference?)
C:\gh\azure-sdk-for-net\sdk\privatedns\Microsoft.Azure.Management.PrivateDns\tests\ScenarioTests\VirtualNetworkLinkTests.cs(27,48): error CS0246: The type or namespace name 'ITestOutputHelper' could not be found (are you missing a using directive or an assembly reference?)
C:\gh\azure-sdk-for-net\sdk\privatedns\Microsoft.Azure.Management.PrivateDns\tests\ScenarioTests\RecordSetScenarioTests.cs(24,39): error CS0246: The type or namespace name 'ITestOutputHelper' could not be found (are you missing a using directive or an assembly reference?)
C:\gh\azure-sdk-for-net\eng\mgmt\DisableTestRunParallel.cs(7,12): error CS0246: The type or namespace name 'CollectionBehaviorAttribute' could not be found (are you missing a using directive or an assembly reference?)
C:\gh\azure-sdk-for-net\eng\mgmt\DisableTestRunParallel.cs(7,12): error CS0246: The type or namespace name 'CollectionBehavior' could not be found (are you missing a using directive or an assembly reference?)
C:\gh\azure-sdk-for-net\eng\mgmt\DisableTestRunParallel.cs(7,31): error CS0246: The type or namespace name 'DisableTestParallelization' could not be found (are you missing a using directive or an assembly reference?)
C:\gh\azure-sdk-for-net\eng\mgmt\DisableTestRunParallel.cs(7,66): error CS0246: The type or namespace name 'MaxParallelThreads' could not be found (are you missing a using directive or an assembly reference?)
C:\gh\azure-sdk-for-net\sdk\privatedns\Microsoft.Azure.Management.PrivateDns\tests\Validation\RecordSetAssertions.cs(10,7): error CS0246: The type or namespace name 'FluentAssertions' could not be found (are you missing a using directive or an assembly reference?)
C:\gh\azure-sdk-for-net\sdk\privatedns\Microsoft.Azure.Management.PrivateDns\tests\Validation\RecordSetAssertions.cs(11,7): error CS0246: The type or namespace name 'FluentAssertions' could not be found (are you missing a using directive or an assembly reference?)
C:\gh\azure-sdk-for-net\sdk\privatedns\Microsoft.Azure.Management.PrivateDns\tests\Validation\RecordSetAssertions.cs(12,7): error CS0246: The type or namespace name 'FluentAssertions' could not be found (are you missing a using directive or an assembly reference?)
C:\gh\azure-sdk-for-net\eng\mgmt\DisableTestRunParallel.cs(5,7): error CS0246: The type or namespace name 'Xunit' could not be found (are you missing a using directive or an assembly reference?)
C:\gh\azure-sdk-for-net\sdk\privatedns\Microsoft.Azure.Management.PrivateDns\tests\TestDataGenerator.cs(12,38): error CS0234: The type or namespace name 'Network' does not exist in the namespace 'Microsoft.Azure.Management' (are you missing an assembly reference?)
C:\gh\azure-sdk-for-net\sdk\privatedns\Microsoft.Azure.Management.PrivateDns\tests\TestDataGenerator.cs(14,38): error CS0234: The type or namespace name 'Resources' does not exist in the namespace 'Microsoft.Azure.Management' (are you missing an assembly reference?)
C:\gh\azure-sdk-for-net\sdk\privatedns\Microsoft.Azure.Management.PrivateDns\tests\TestDataGenerator.cs(15,21): error CS0234: The type or namespace name 'Rest' does not exist in the namespace 'Microsoft' (are you missing an assembly reference?)
C:\gh\azure-sdk-for-net\sdk\privatedns\Microsoft.Azure.Management.PrivateDns\tests\Extensions\HttpResponseMessageWrapperExtensions.cs(10,21): error CS0234: The type or namespace name 'Rest' does not exist in the namespace 'Microsoft' (are you missing an assembly reference?)
C:\gh\azure-sdk-for-net\sdk\privatedns\Microsoft.Azure.Management.PrivateDns\tests\Extensions\HttpResponseMessageWrapperExtensions.cs(11,11): error CS0246: The type or namespace name 'Newtonsoft' could not be found (are you missing a using directive or an assembly reference?)
C:\gh\azure-sdk-for-net\sdk\privatedns\Microsoft.Azure.Management.PrivateDns\tests\Extensions\HttpResponseMessageWrapperExtensions.cs(12,11): error CS0246: The type or namespace name 'Newtonsoft' could not be found (are you missing a using directive or an assembly reference?)
C:\gh\azure-sdk-for-net\sdk\privatedns\Microsoft.Azure.Management.PrivateDns\tests\Extensions\NetworkManagementClientExtensions.cs(10,38): error CS0234: The type or namespace name 'Network' does not exist in the namespace 'Microsoft.Azure.Management' (are you missing an assembly reference?)
C:\gh\azure-sdk-for-net\sdk\privatedns\Microsoft.Azure.Management.PrivateDns\tests\Extensions\NetworkManagementClientExtensions.cs(11,38): error CS0234: The type or namespace name 'Network' does not exist in the namespace 'Microsoft.Azure.Management' (are you missing an assembly reference?)
C:\gh\azure-sdk-for-net\sdk\privatedns\Microsoft.Azure.Management.PrivateDns\tests\Extensions\NetworkManagementClientExtensions.cs(12,38): error CS0234: The type or namespace name 'Resources' does not exist in the namespace 'Microsoft.Azure.Management' (are you missing an assembly reference?)
C:\gh\azure-sdk-for-net\sdk\privatedns\Microsoft.Azure.Management.PrivateDns\tests\Extensions\ResourceManagementClientExtensions.cs(11,38): error CS0234: The type or namespace name 'Resources' does not exist in the namespace 'Microsoft.Azure.Management' (are you missing an assembly reference?)
C:\gh\azure-sdk-for-net\sdk\privatedns\Microsoft.Azure.Management.PrivateDns\tests\Extensions\ResourceManagementClientExtensions.cs(12,38): error CS0234: The type or namespace name 'Resources' does not exist in the namespace 'Microsoft.Azure.Management' (are you missing an assembly reference?)
C:\gh\azure-sdk-for-net\sdk\privatedns\Microsoft.Azure.Management.PrivateDns\tests\Extensions\HttpResponseMessageWrapperExtensions.cs(27,10): error CS0246: The type or namespace name 'JsonObjectAttribute' could not be found (are you missing a using directive or an assembly reference?)
C:\gh\azure-sdk-for-net\sdk\privatedns\Microsoft.Azure.Management.PrivateDns\tests\Extensions\HttpResponseMessageWrapperExtensions.cs(27,10): error CS0246: The type or namespace name 'JsonObject' could not be found (are you missing a using directive or an assembly reference?)
C:\gh\azure-sdk-for-net\sdk\privatedns\Microsoft.Azure.Management.PrivateDns\tests\Extensions\HttpResponseMessageWrapperExtensions.cs(27,21): error CS0246: The type or namespace name 'NamingStrategyType' could not be found (are you missing a using directive or an assembly reference?)
C:\gh\azure-sdk-for-net\sdk\privatedns\Microsoft.Azure.Management.PrivateDns\tests\Extensions\HttpResponseMessageWrapperExtensions.cs(27,49): error CS0246: The type or namespace name 'CamelCaseNamingStrategy' could not be found (are you missing a using directive or an assembly reference?)
C:\gh\azure-sdk-for-net\sdk\privatedns\Microsoft.Azure.Management.PrivateDns\tests\Helpers\ClientFactory.cs(9,38): error CS0234: The type or namespace name 'Network' does not exist in the namespace 'Microsoft.Azure.Management' (are you missing an assembly reference?)
C:\gh\azure-sdk-for-net\sdk\privatedns\Microsoft.Azure.Management.PrivateDns\tests\Helpers\ClientFactory.cs(11,38): error CS0234: The type or namespace name 'Resources' does not exist in the namespace 'Microsoft.Azure.Management' (are you missing an assembly reference?)
C:\gh\azure-sdk-for-net\sdk\privatedns\Microsoft.Azure.Management.PrivateDns\tests\Helpers\ClientFactory.cs(12,21): error CS0234: The type or namespace name 'Rest' does not exist in the namespace 'Microsoft' (are you missing an assembly reference?)
C:\gh\azure-sdk-for-net\sdk\privatedns\Microsoft.Azure.Management.PrivateDns\tests\Extensions\HttpResponseMessageWrapperExtensions.cs(30,14): error CS0246: The type or namespace name 'JsonPropertyAttribute' could not be found (are you missing a using directive or an assembly reference?)
C:\gh\azure-sdk-for-net\sdk\privatedns\Microsoft.Azure.Management.PrivateDns\tests\Extensions\HttpResponseMessageWrapperExtensions.cs(30,14): error CS0246: The type or namespace name 'JsonProperty' could not be found (are you missing a using directive or an assembly reference?)
C:\gh\azure-sdk-for-net\sdk\privatedns\Microsoft.Azure.Management.PrivateDns\tests\ScenarioTests\BaseScenarioTests.cs(14,11): error CS0246: The type or namespace name 'FluentAssertions' could not be found (are you missing a using directive or an assembly reference?)
C:\gh\azure-sdk-for-net\sdk\privatedns\Microsoft.Azure.Management.PrivateDns\tests\ScenarioTests\BaseScenarioTests.cs(17,38): error CS0234: The type or namespace name 'Resources' does not exist in the namespace 'Microsoft.Azure.Management' (are you missing an assembly reference?)
C:\gh\azure-sdk-for-net\sdk\privatedns\Microsoft.Azure.Management.PrivateDns\tests\ScenarioTests\BaseScenarioTests.cs(18,38): error CS0234: The type or namespace name 'Resources' does not exist in the namespace 'Microsoft.Azure.Management' (are you missing an assembly reference?)
C:\gh\azure-sdk-for-net\sdk\privatedns\Microsoft.Azure.Management.PrivateDns\tests\ScenarioTests\BaseScenarioTests.cs(19,21): error CS0234: The type or namespace name 'Rest' does not exist in the namespace 'Microsoft' (are you missing an assembly reference?)
C:\gh\azure-sdk-for-net\sdk\privatedns\Microsoft.Azure.Management.PrivateDns\tests\ScenarioTests\BaseScenarioTests.cs(22,11): error CS0246: The type or namespace name 'Xunit' could not be found (are you missing a using directive or an assembly reference?)
C:\gh\azure-sdk-for-net\sdk\privatedns\Microsoft.Azure.Management.PrivateDns\tests\ScenarioTests\PrivateZoneScenarioTests.cs(13,11): error CS0246: The type or namespace name 'FluentAssertions' could not be found (are you missing a using directive or an assembly reference?)
C:\gh\azure-sdk-for-net\sdk\privatedns\Microsoft.Azure.Management.PrivateDns\tests\ScenarioTests\PrivateZoneScenarioTests.cs(16,38): error CS0234: The type or namespace name 'Resources' does not exist in the namespace 'Microsoft.Azure.Management' (are you missing an assembly reference?)
C:\gh\azure-sdk-for-net\sdk\privatedns\Microsoft.Azure.Management.PrivateDns\tests\ScenarioTests\PrivateZoneScenarioTests.cs(17,21): error CS0234: The type or namespace name 'Rest' does not exist in the namespace 'Microsoft' (are you missing an assembly reference?)
C:\gh\azure-sdk-for-net\sdk\privatedns\Microsoft.Azure.Management.PrivateDns\tests\ScenarioTests\PrivateZoneScenarioTests.cs(19,11): error CS0246: The type or namespace name 'Xunit' could not be found (are you missing a using directive or an assembly reference?)
C:\gh\azure-sdk-for-net\sdk\privatedns\Microsoft.Azure.Management.PrivateDns\tests\ScenarioTests\PrivateZoneScenarioTests.cs(20,11): error CS0246: The type or namespace name 'Xunit' could not be found (are you missing a using directive or an assembly reference?)
C:\gh\azure-sdk-for-net\sdk\privatedns\Microsoft.Azure.Management.PrivateDns\tests\ScenarioTests\RecordSetScenarioTests.cs(13,11): error CS0246: The type or namespace name 'FluentAssertions' could not be found (are you missing a using directive or an assembly reference?)
C:\gh\azure-sdk-for-net\sdk\privatedns\Microsoft.Azure.Management.PrivateDns\tests\ScenarioTests\RecordSetScenarioTests.cs(16,38): error CS0234: The type or namespace name 'Resources' does not exist in the namespace 'Microsoft.Azure.Management' (are you missing an assembly reference?)
C:\gh\azure-sdk-for-net\sdk\privatedns\Microsoft.Azure.Management.PrivateDns\tests\ScenarioTests\RecordSetScenarioTests.cs(17,21): error CS0234: The type or namespace name 'Rest' does not exist in the namespace 'Microsoft' (are you missing an assembly reference?)
C:\gh\azure-sdk-for-net\sdk\privatedns\Microsoft.Azure.Management.PrivateDns\tests\ScenarioTests\RecordSetScenarioTests.cs(19,11): error CS0246: The type or namespace name 'Xunit' could not be found (are you missing a using directive or an assembly reference?)
C:\gh\azure-sdk-for-net\sdk\privatedns\Microsoft.Azure.Management.PrivateDns\tests\ScenarioTests\RecordSetScenarioTests.cs(20,11): error CS0246: The type or namespace name 'Xunit' could not be found (are you missing a using directive or an assembly reference?)
C:\gh\azure-sdk-for-net\sdk\privatedns\Microsoft.Azure.Management.PrivateDns\tests\Extensions\HttpResponseMessageWrapperExtensions.cs(34,10): error CS0246: The type or namespace name 'JsonObjectAttribute' could not be found (are you missing a using directive or an assembly reference?)
C:\gh\azure-sdk-for-net\sdk\privatedns\Microsoft.Azure.Management.PrivateDns\tests\Extensions\HttpResponseMessageWrapperExtensions.cs(34,10): error CS0246: The type or namespace name 'JsonObject' could not be found (are you missing a using directive or an assembly reference?)
C:\gh\azure-sdk-for-net\sdk\privatedns\Microsoft.Azure.Management.PrivateDns\tests\Extensions\HttpResponseMessageWrapperExtensions.cs(34,21): error CS0246: The type or namespace name 'NamingStrategyType' could not be found (are you missing a using directive or an assembly reference?)
C:\gh\azure-sdk-for-net\sdk\privatedns\Microsoft.Azure.Management.PrivateDns\tests\Extensions\HttpResponseMessageWrapperExtensions.cs(34,49): error CS0246: The type or namespace name 'CamelCaseNamingStrategy' could not be found (are you missing a using directive or an assembly reference?)
C:\gh\azure-sdk-for-net\sdk\privatedns\Microsoft.Azure.Management.PrivateDns\tests\ScenarioTests\VirtualNetworkLinkTests.cs(13,11): error CS0246: The type or namespace name 'FluentAssertions' could not be found (are you missing a using directive or an assembly reference?)
C:\gh\azure-sdk-for-net\sdk\privatedns\Microsoft.Azure.Management.PrivateDns\tests\ScenarioTests\VirtualNetworkLinkTests.cs(14,38): error CS0234: The type or namespace name 'Network' does not exist in the namespace 'Microsoft.Azure.Management' (are you missing an assembly reference?)
C:\gh\azure-sdk-for-net\sdk\privatedns\Microsoft.Azure.Management.PrivateDns\tests\ScenarioTests\VirtualNetworkLinkTests.cs(15,38): error CS0234: The type or namespace name 'Network' does not exist in the namespace 'Microsoft.Azure.Management' (are you missing an assembly reference?)
C:\gh\azure-sdk-for-net\sdk\privatedns\Microsoft.Azure.Management.PrivateDns\tests\ScenarioTests\VirtualNetworkLinkTests.cs(18,38): error CS0234: The type or namespace name 'Resources' does not exist in the namespace 'Microsoft.Azure.Management' (are you missing an assembly reference?)
C:\gh\azure-sdk-for-net\sdk\privatedns\Microsoft.Azure.Management.PrivateDns\tests\ScenarioTests\VirtualNetworkLinkTests.cs(19,21): error CS0234: The type or namespace name 'Rest' does not exist in the namespace 'Microsoft' (are you missing an assembly reference?)
C:\gh\azure-sdk-for-net\sdk\privatedns\Microsoft.Azure.Management.PrivateDns\tests\ScenarioTests\VirtualNetworkLinkTests.cs(22,11): error CS0246: The type or namespace name 'Xunit' could not be found (are you missing a using directive or an assembly reference?)
C:\gh\azure-sdk-for-net\sdk\privatedns\Microsoft.Azure.Management.PrivateDns\tests\ScenarioTests\VirtualNetworkLinkTests.cs(23,11): error CS0246: The type or namespace name 'Xunit' could not be found (are you missing a using directive or an assembly reference?)
C:\gh\azure-sdk-for-net\sdk\privatedns\Microsoft.Azure.Management.PrivateDns\tests\Validation\RecordSetAssertions.cs(24,35): error CS0115: 'RecordSetAssertions.Identifier': no suitable method found to override
C:\gh\azure-sdk-for-net\sdk\privatedns\Microsoft.Azure.Management.PrivateDns\tests\Extensions\HttpResponseMessageWrapperExtensions.cs(37,14): error CS0246: The type or namespace name 'JsonPropertyAttribute' could not be found (are you missing a using directive or an assembly reference?)
C:\gh\azure-sdk-for-net\sdk\privatedns\Microsoft.Azure.Management.PrivateDns\tests\Extensions\HttpResponseMessageWrapperExtensions.cs(37,14): error CS0246: The type or namespace name 'JsonProperty' could not be found (are you missing a using directive or an assembly reference?)
C:\gh\azure-sdk-for-net\sdk\privatedns\Microsoft.Azure.Management.PrivateDns\tests\ScenarioTests\VirtualNetworkLinkTests.cs(33,17): error CS0246: The type or namespace name 'NetworkManagementClient' could not be found (are you missing a using directive or an assembly reference?)
C:\gh\azure-sdk-for-net\sdk\privatedns\Microsoft.Azure.Management.PrivateDns\tests\ScenarioTests\BaseScenarioTests.cs(37,19): error CS0246: The type or namespace name 'MockContext' could not be found (are you missing a using directive or an assembly reference?)
C:\gh\azure-sdk-for-net\sdk\privatedns\Microsoft.Azure.Management.PrivateDns\tests\ScenarioTests\BaseScenarioTests.cs(41,19): error CS0246: The type or namespace name 'ResourceManagementClient' could not be found (are you missing a using directive or an assembly reference?)
C:\gh\azure-sdk-for-net\sdk\privatedns\Microsoft.Azure.Management.PrivateDns\tests\ScenarioTests\RecordSetScenarioTests.cs(29,10): error CS0246: The type or namespace name 'FactAttribute' could not be found (are you missing a using directive or an assembly reference?)
C:\gh\azure-sdk-for-net\sdk\privatedns\Microsoft.Azure.Management.PrivateDns\tests\ScenarioTests\RecordSetScenarioTests.cs(29,10): error CS0246: The type or namespace name 'Fact' could not be found (are you missing a using directive or an assembly reference?)
C:\gh\azure-sdk-for-net\sdk\privatedns\Microsoft.Azure.Management.PrivateDns\tests\ScenarioTests\PrivateZoneScenarioTests.cs(29,10): error CS0246: The type or namespace name 'FactAttribute' could not be found (are you missing a using directive or an assembly reference?)
C:\gh\azure-sdk-for-net\sdk\privatedns\Microsoft.Azure.Management.PrivateDns\tests\ScenarioTests\PrivateZoneScenarioTests.cs(29,10): error CS0246: The type or namespace name 'Fact' could not be found (are you missing a using directive or an assembly reference?)
C:\gh\azure-sdk-for-net\sdk\privatedns\Microsoft.Azure.Management.PrivateDns\tests\ScenarioTests\VirtualNetworkLinkTests.cs(35,10): error CS0246: The type or namespace name 'FactAttribute' could not be found (are you missing a using directive or an assembly reference?)
C:\gh\azure-sdk-for-net\sdk\privatedns\Microsoft.Azure.Management.PrivateDns\tests\ScenarioTests\VirtualNetworkLinkTests.cs(35,10): error CS0246: The type or namespace name 'Fact' could not be found (are you missing a using directive or an assembly reference?)
C:\gh\azure-sdk-for-net\sdk\privatedns\Microsoft.Azure.Management.PrivateDns\tests\ScenarioTests\RecordSetScenarioTests.cs(42,10): error CS0246: The type or namespace name 'FactAttribute' could not be found (are you missing a using directive or an assembly reference?)
C:\gh\azure-sdk-for-net\sdk\privatedns\Microsoft.Azure.Management.PrivateDns\tests\ScenarioTests\RecordSetScenarioTests.cs(42,10): error CS0246: The type or namespace name 'Fact' could not be found (are you missing a using directive or an assembly reference?)
C:\gh\azure-sdk-for-net\sdk\privatedns\Microsoft.Azure.Management.PrivateDns\tests\ScenarioTests\PrivateZoneScenarioTests.cs(56,10): error CS0246: The type or namespace name 'FactAttribute' could not be found (are you missing a using directive or an assembly reference?)
C:\gh\azure-sdk-for-net\sdk\privatedns\Microsoft.Azure.Management.PrivateDns\tests\ScenarioTests\PrivateZoneScenarioTests.cs(56,10): error CS0246: The type or namespace name 'Fact' could not be found (are you missing a using directive or an assembly reference?)
C:\gh\azure-sdk-for-net\sdk\privatedns\Microsoft.Azure.Management.PrivateDns\tests\ScenarioTests\VirtualNetworkLinkTests.cs(41,10): error CS0246: The type or namespace name 'FactAttribute' could not be found (are you missing a using directive or an assembly reference?)
C:\gh\azure-sdk-for-net\sdk\privatedns\Microsoft.Azure.Management.PrivateDns\tests\ScenarioTests\VirtualNetworkLinkTests.cs(41,10): error CS0246: The type or namespace name 'Fact' could not be found (are you missing a using directive or an assembly reference?)
C:\gh\azure-sdk-for-net\sdk\privatedns\Microsoft.Azure.Management.PrivateDns\tests\ScenarioTests\RecordSetScenarioTests.cs(62,10): error CS0246: The type or namespace name 'FactAttribute' could not be found (are you missing a using directive or an assembly reference?)
C:\gh\azure-sdk-for-net\sdk\privatedns\Microsoft.Azure.Management.PrivateDns\tests\ScenarioTests\RecordSetScenarioTests.cs(62,10): error CS0246: The type or namespace name 'Fact' could not be found (are you missing a using directive or an assembly reference?)
C:\gh\azure-sdk-for-net\sdk\privatedns\Microsoft.Azure.Management.PrivateDns\tests\ScenarioTests\RecordSetScenarioTests.cs(85,10): error CS0246: The type or namespace name 'FactAttribute' could not be found (are you missing a using directive or an assembly reference?)
C:\gh\azure-sdk-for-net\sdk\privatedns\Microsoft.Azure.Management.PrivateDns\tests\ScenarioTests\RecordSetScenarioTests.cs(85,10): error CS0246: The type or namespace name 'Fact' could not be found (are you missing a using directive or an assembly reference?)
C:\gh\azure-sdk-for-net\sdk\privatedns\Microsoft.Azure.Management.PrivateDns\tests\ScenarioTests\PrivateZoneScenarioTests.cs(73,10): error CS0246: The type or namespace name 'FactAttribute' could not be found (are you missing a using directive or an assembly reference?)
C:\gh\azure-sdk-for-net\sdk\privatedns\Microsoft.Azure.Management.PrivateDns\tests\ScenarioTests\PrivateZoneScenarioTests.cs(73,10): error CS0246: The type or namespace name 'Fact' could not be found (are you missing a using directive or an assembly reference?)
C:\gh\azure-sdk-for-net\sdk\privatedns\Microsoft.Azure.Management.PrivateDns\tests\ScenarioTests\VirtualNetworkLinkTests.cs(47,10): error CS0246: The type or namespace name 'FactAttribute' could not be found (are you missing a using directive or an assembly reference?)
C:\gh\azure-sdk-for-net\sdk\privatedns\Microsoft.Azure.Management.PrivateDns\tests\ScenarioTests\VirtualNetworkLinkTests.cs(47,10): error CS0246: The type or namespace name 'Fact' could not be found (are you missing a using directive or an assembly reference?)
C:\gh\azure-sdk-for-net\sdk\privatedns\Microsoft.Azure.Management.PrivateDns\tests\ScenarioTests\PrivateZoneScenarioTests.cs(89,10): error CS0246: The type or namespace name 'FactAttribute' could not be found (are you missing a using directive or an assembly reference?)
C:\gh\azure-sdk-for-net\sdk\privatedns\Microsoft.Azure.Management.PrivateDns\tests\ScenarioTests\PrivateZoneScenarioTests.cs(89,10): error CS0246: The type or namespace name 'Fact' could not be found (are you missing a using directive or an assembly reference?)
C:\gh\azure-sdk-for-net\sdk\privatedns\Microsoft.Azure.Management.PrivateDns\tests\ScenarioTests\RecordSetScenarioTests.cs(107,10): error CS0246: The type or namespace name 'FactAttribute' could not be found (are you missing a using directive or an assembly reference?)
C:\gh\azure-sdk-for-net\sdk\privatedns\Microsoft.Azure.Management.PrivateDns\tests\ScenarioTests\RecordSetScenarioTests.cs(107,10): error CS0246: The type or namespace name 'Fact' could not be found (are you missing a using directive or an assembly reference?)
C:\gh\azure-sdk-for-net\sdk\privatedns\Microsoft.Azure.Management.PrivateDns\tests\ScenarioTests\VirtualNetworkLinkTests.cs(66,10): error CS0246: The type or namespace name 'FactAttribute' could not be found (are you missing a using directive or an assembly reference?)
C:\gh\azure-sdk-for-net\sdk\privatedns\Microsoft.Azure.Management.PrivateDns\tests\ScenarioTests\VirtualNetworkLinkTests.cs(66,10): error CS0246: The type or namespace name 'Fact' could not be found (are you missing a using directive or an assembly reference?)
C:\gh\azure-sdk-for-net\sdk\privatedns\Microsoft.Azure.Management.PrivateDns\tests\ScenarioTests\PrivateZoneScenarioTests.cs(106,10): error CS0246: The type or namespace name 'FactAttribute' could not be found (are you missing a using directive or an assembly reference?)
C:\gh\azure-sdk-for-net\sdk\privatedns\Microsoft.Azure.Management.PrivateDns\tests\ScenarioTests\PrivateZoneScenarioTests.cs(106,10): error CS0246: The type or namespace name 'Fact' could not be found (are you missing a using directive or an assembly reference?)
C:\gh\azure-sdk-for-net\sdk\privatedns\Microsoft.Azure.Management.PrivateDns\tests\ScenarioTests\RecordSetScenarioTests.cs(127,10): error CS0246: The type or namespace name 'FactAttribute' could not be found (are you missing a using directive or an assembly reference?)
C:\gh\azure-sdk-for-net\sdk\privatedns\Microsoft.Azure.Management.PrivateDns\tests\ScenarioTests\RecordSetScenarioTests.cs(127,10): error CS0246: The type or namespace name 'Fact' could not be found (are you missing a using directive or an assembly reference?)
C:\gh\azure-sdk-for-net\sdk\privatedns\Microsoft.Azure.Management.PrivateDns\tests\ScenarioTests\VirtualNetworkLinkTests.cs(85,10): error CS0246: The type or namespace name 'FactAttribute' could not be found (are you missing a using directive or an assembly reference?)
C:\gh\azure-sdk-for-net\sdk\privatedns\Microsoft.Azure.Management.PrivateDns\tests\ScenarioTests\VirtualNetworkLinkTests.cs(85,10): error CS0246: The type or namespace name 'Fact' could not be found (are you missing a using directive or an assembly reference?)
C:\gh\azure-sdk-for-net\sdk\privatedns\Microsoft.Azure.Management.PrivateDns\tests\ScenarioTests\PrivateZoneScenarioTests.cs(121,10): error CS0246: The type or namespace name 'FactAttribute' could not be found (are you missing a using directive or an assembly reference?)
C:\gh\azure-sdk-for-net\sdk\privatedns\Microsoft.Azure.Management.PrivateDns\tests\ScenarioTests\PrivateZoneScenarioTests.cs(121,10): error CS0246: The type or namespace name 'Fact' could not be found (are you missing a using directive or an assembly reference?)
C:\gh\azure-sdk-for-net\sdk\privatedns\Microsoft.Azure.Management.PrivateDns\tests\ScenarioTests\RecordSetScenarioTests.cs(147,10): error CS0246: The type or namespace name 'FactAttribute' could not be found (are you missing a using directive or an assembly reference?)
C:\gh\azure-sdk-for-net\sdk\privatedns\Microsoft.Azure.Management.PrivateDns\tests\ScenarioTests\RecordSetScenarioTests.cs(147,10): error CS0246: The type or namespace name 'Fact' could not be found (are you missing a using directive or an assembly reference?)
C:\gh\azure-sdk-for-net\sdk\privatedns\Microsoft.Azure.Management.PrivateDns\tests\ScenarioTests\VirtualNetworkLinkTests.cs(102,10): error CS0246: The type or namespace name 'FactAttribute' could not be found (are you missing a using directive or an assembly reference?)
C:\gh\azure-sdk-for-net\sdk\privatedns\Microsoft.Azure.Management.PrivateDns\tests\ScenarioTests\VirtualNetworkLinkTests.cs(102,10): error CS0246: The type or namespace name 'Fact' could not be found (are you missing a using directive or an assembly reference?)
C:\gh\azure-sdk-for-net\sdk\privatedns\Microsoft.Azure.Management.PrivateDns\tests\ScenarioTests\PrivateZoneScenarioTests.cs(137,10): error CS0246: The type or namespace name 'FactAttribute' could not be found (are you missing a using directive or an assembly reference?)
C:\gh\azure-sdk-for-net\sdk\privatedns\Microsoft.Azure.Management.PrivateDns\tests\ScenarioTests\PrivateZoneScenarioTests.cs(137,10): error CS0246: The type or namespace name 'Fact' could not be found (are you missing a using directive or an assembly reference?)
C:\gh\azure-sdk-for-net\sdk\privatedns\Microsoft.Azure.Management.PrivateDns\tests\ScenarioTests\RecordSetScenarioTests.cs(174,10): error CS0246: The type or namespace name 'FactAttribute' could not be found (are you missing a using directive or an assembly reference?)
C:\gh\azure-sdk-for-net\sdk\privatedns\Microsoft.Azure.Management.PrivateDns\tests\ScenarioTests\RecordSetScenarioTests.cs(174,10): error CS0246: The type or namespace name 'Fact' could not be found (are you missing a using directive or an assembly reference?)
C:\gh\azure-sdk-for-net\sdk\privatedns\Microsoft.Azure.Management.PrivateDns\tests\ScenarioTests\VirtualNetworkLinkTests.cs(119,10): error CS0246: The type or namespace name 'FactAttribute' could not be found (are you missing a using directive or an assembly reference?)
C:\gh\azure-sdk-for-net\sdk\privatedns\Microsoft.Azure.Management.PrivateDns\tests\ScenarioTests\VirtualNetworkLinkTests.cs(119,10): error CS0246: The type or namespace name 'Fact' could not be found (are you missing a using directive or an assembly reference?)
C:\gh\azure-sdk-for-net\sdk\privatedns\Microsoft.Azure.Management.PrivateDns\tests\ScenarioTests\PrivateZoneScenarioTests.cs(153,10): error CS0246: The type or namespace name 'FactAttribute' could not be found (are you missing a using directive or an assembly reference?)
C:\gh\azure-sdk-for-net\sdk\privatedns\Microsoft.Azure.Management.PrivateDns\tests\ScenarioTests\PrivateZoneScenarioTests.cs(153,10): error CS0246: The type or namespace name 'Fact' could not be found (are you missing a using directive or an assembly reference?)
C:\gh\azure-sdk-for-net\sdk\privatedns\Microsoft.Azure.Management.PrivateDns\tests\ScenarioTests\RecordSetScenarioTests.cs(200,10): error CS0246: The type or namespace name 'FactAttribute' could not be found (are you missing a using directive or an assembly reference?)
C:\gh\azure-sdk-for-net\sdk\privatedns\Microsoft.Azure.Management.PrivateDns\tests\ScenarioTests\RecordSetScenarioTests.cs(200,10): error CS0246: The type or namespace name 'Fact' could not be found (are you missing a using directive or an assembly reference?)
C:\gh\azure-sdk-for-net\sdk\privatedns\Microsoft.Azure.Management.PrivateDns\tests\ScenarioTests\VirtualNetworkLinkTests.cs(136,10): error CS0246: The type or namespace name 'FactAttribute' could not be found (are you missing a using directive or an assembly reference?)
C:\gh\azure-sdk-for-net\sdk\privatedns\Microsoft.Azure.Management.PrivateDns\tests\ScenarioTests\VirtualNetworkLinkTests.cs(136,10): error CS0246: The type or namespace name 'Fact' could not be found (are you missing a using directive or an assembly reference?)
C:\gh\azure-sdk-for-net\sdk\privatedns\Microsoft.Azure.Management.PrivateDns\tests\ScenarioTests\PrivateZoneScenarioTests.cs(168,10): error CS0246: The type or namespace name 'FactAttribute' could not be found (are you missing a using directive or an assembly reference?)
C:\gh\azure-sdk-for-net\sdk\privatedns\Microsoft.Azure.Management.PrivateDns\tests\ScenarioTests\PrivateZoneScenarioTests.cs(168,10): error CS0246: The type or namespace name 'Fact' could not be found (are you missing a using directive or an assembly reference?)
C:\gh\azure-sdk-for-net\sdk\privatedns\Microsoft.Azure.Management.PrivateDns\tests\ScenarioTests\RecordSetScenarioTests.cs(212,10): error CS0246: The type or namespace name 'FactAttribute' could not be found (are you missing a using directive or an assembly reference?)
C:\gh\azure-sdk-for-net\sdk\privatedns\Microsoft.Azure.Management.PrivateDns\tests\ScenarioTests\RecordSetScenarioTests.cs(212,10): error CS0246: The type or namespace name 'Fact' could not be found (are you missing a using directive or an assembly reference?)
C:\gh\azure-sdk-for-net\sdk\privatedns\Microsoft.Azure.Management.PrivateDns\tests\ScenarioTests\PrivateZoneScenarioTests.cs(182,10): error CS0246: The type or namespace name 'FactAttribute' could not be found (are you missing a using directive or an assembly reference?)
C:\gh\azure-sdk-for-net\sdk\privatedns\Microsoft.Azure.Management.PrivateDns\tests\ScenarioTests\PrivateZoneScenarioTests.cs(182,10): error CS0246: The type or namespace name 'Fact' could not be found (are you missing a using directive or an assembly reference?)
C:\gh\azure-sdk-for-net\sdk\privatedns\Microsoft.Azure.Management.PrivateDns\tests\ScenarioTests\RecordSetScenarioTests.cs(221,10): error CS0246: The type or namespace name 'FactAttribute' could not be found (are you missing a using directive or an assembly reference?)
C:\gh\azure-sdk-for-net\sdk\privatedns\Microsoft.Azure.Management.PrivateDns\tests\ScenarioTests\RecordSetScenarioTests.cs(221,10): error CS0246: The type or namespace name 'Fact' could not be found (are you missing a using directive or an assembly reference?)
C:\gh\azure-sdk-for-net\sdk\privatedns\Microsoft.Azure.Management.PrivateDns\tests\ScenarioTests\VirtualNetworkLinkTests.cs(152,10): error CS0246: The type or namespace name 'FactAttribute' could not be found (are you missing a using directive or an assembly reference?)
C:\gh\azure-sdk-for-net\sdk\privatedns\Microsoft.Azure.Management.PrivateDns\tests\ScenarioTests\VirtualNetworkLinkTests.cs(152,10): error CS0246: The type or namespace name 'Fact' could not be found (are you missing a using directive or an assembly reference?)
C:\gh\azure-sdk-for-net\sdk\privatedns\Microsoft.Azure.Management.PrivateDns\tests\ScenarioTests\PrivateZoneScenarioTests.cs(196,10): error CS0246: The type or namespace name 'FactAttribute' could not be found (are you missing a using directive or an assembly reference?)
C:\gh\azure-sdk-for-net\sdk\privatedns\Microsoft.Azure.Management.PrivateDns\tests\ScenarioTests\PrivateZoneScenarioTests.cs(196,10): error CS0246: The type or namespace name 'Fact' could not be found (are you missing a using directive or an assembly reference?)
C:\gh\azure-sdk-for-net\sdk\privatedns\Microsoft.Azure.Management.PrivateDns\tests\ScenarioTests\RecordSetScenarioTests.cs(230,10): error CS0246: The type or namespace name 'FactAttribute' could not be found (are you missing a using directive or an assembly reference?)
C:\gh\azure-sdk-for-net\sdk\privatedns\Microsoft.Azure.Management.PrivateDns\tests\ScenarioTests\RecordSetScenarioTests.cs(230,10): error CS0246: The type or namespace name 'Fact' could not be found (are you missing a using directive or an assembly reference?)
C:\gh\azure-sdk-for-net\sdk\privatedns\Microsoft.Azure.Management.PrivateDns\tests\ScenarioTests\VirtualNetworkLinkTests.cs(168,10): error CS0246: The type or namespace name 'FactAttribute' could not be found (are you missing a using directive or an assembly reference?)
C:\gh\azure-sdk-for-net\sdk\privatedns\Microsoft.Azure.Management.PrivateDns\tests\ScenarioTests\VirtualNetworkLinkTests.cs(168,10): error CS0246: The type or namespace name 'Fact' could not be found (are you missing a using directive or an assembly reference?)
C:\gh\azure-sdk-for-net\sdk\privatedns\Microsoft.Azure.Management.PrivateDns\tests\ScenarioTests\PrivateZoneScenarioTests.cs(212,10): error CS0246: The type or namespace name 'FactAttribute' could not be found (are you missing a using directive or an assembly reference?)
C:\gh\azure-sdk-for-net\sdk\privatedns\Microsoft.Azure.Management.PrivateDns\tests\ScenarioTests\PrivateZoneScenarioTests.cs(212,10): error CS0246: The type or namespace name 'Fact' could not be found (are you missing a using directive or an assembly reference?)
C:\gh\azure-sdk-for-net\sdk\privatedns\Microsoft.Azure.Management.PrivateDns\tests\ScenarioTests\VirtualNetworkLinkTests.cs(184,10): error CS0246: The type or namespace name 'FactAttribute' could not be found (are you missing a using directive or an assembly reference?)
C:\gh\azure-sdk-for-net\sdk\privatedns\Microsoft.Azure.Management.PrivateDns\tests\ScenarioTests\VirtualNetworkLinkTests.cs(184,10): error CS0246: The type or namespace name 'Fact' could not be found (are you missing a using directive or an assembly reference?)
C:\gh\azure-sdk-for-net\sdk\privatedns\Microsoft.Azure.Management.PrivateDns\tests\ScenarioTests\RecordSetScenarioTests.cs(239,10): error CS0246: The type or namespace name 'FactAttribute' could not be found (are you missing a using directive or an assembly reference?)
C:\gh\azure-sdk-for-net\sdk\privatedns\Microsoft.Azure.Management.PrivateDns\tests\ScenarioTests\RecordSetScenarioTests.cs(239,10): error CS0246: The type or namespace name 'Fact' could not be found (are you missing a using directive or an assembly reference?)
C:\gh\azure-sdk-for-net\sdk\privatedns\Microsoft.Azure.Management.PrivateDns\tests\ScenarioTests\PrivateZoneScenarioTests.cs(228,10): error CS0246: The type or namespace name 'FactAttribute' could not be found (are you missing a using directive or an assembly reference?)
C:\gh\azure-sdk-for-net\sdk\privatedns\Microsoft.Azure.Management.PrivateDns\tests\ScenarioTests\PrivateZoneScenarioTests.cs(228,10): error CS0246: The type or namespace name 'Fact' could not be found (are you missing a using directive or an assembly reference?)
C:\gh\azure-sdk-for-net\sdk\privatedns\Microsoft.Azure.Management.PrivateDns\tests\ScenarioTests\VirtualNetworkLinkTests.cs(202,10): error CS0246: The type or namespace name 'FactAttribute' could not be found (are you missing a using directive or an assembly reference?)
C:\gh\azure-sdk-for-net\sdk\privatedns\Microsoft.Azure.Management.PrivateDns\tests\ScenarioTests\VirtualNetworkLinkTests.cs(202,10): error CS0246: The type or namespace name 'Fact' could not be found (are you missing a using directive or an assembly reference?)
C:\gh\azure-sdk-for-net\sdk\privatedns\Microsoft.Azure.Management.PrivateDns\tests\ScenarioTests\PrivateZoneScenarioTests.cs(243,10): error CS0246: The type or namespace name 'FactAttribute' could not be found (are you missing a using directive or an assembly reference?)
C:\gh\azure-sdk-for-net\sdk\privatedns\Microsoft.Azure.Management.PrivateDns\tests\ScenarioTests\PrivateZoneScenarioTests.cs(243,10): error CS0246: The type or namespace name 'Fact' could not be found (are you missing a using directive or an assembly reference?)
C:\gh\azure-sdk-for-net\sdk\privatedns\Microsoft.Azure.Management.PrivateDns\tests\ScenarioTests\RecordSetScenarioTests.cs(248,10): error CS0246: The type or namespace name 'FactAttribute' could not be found (are you missing a using directive or an assembly reference?)
C:\gh\azure-sdk-for-net\sdk\privatedns\Microsoft.Azure.Management.PrivateDns\tests\ScenarioTests\RecordSetScenarioTests.cs(248,10): error CS0246: The type or namespace name 'Fact' could not be found (are you missing a using directive or an assembly reference?)
C:\gh\azure-sdk-for-net\sdk\privatedns\Microsoft.Azure.Management.PrivateDns\tests\ScenarioTests\VirtualNetworkLinkTests.cs(220,10): error CS0246: The type or namespace name 'FactAttribute' could not be found (are you missing a using directive or an assembly reference?)
C:\gh\azure-sdk-for-net\sdk\privatedns\Microsoft.Azure.Management.PrivateDns\tests\ScenarioTests\VirtualNetworkLinkTests.cs(220,10): error CS0246: The type or namespace name 'Fact' could not be found (are you missing a using directive or an assembly reference?)
C:\gh\azure-sdk-for-net\sdk\privatedns\Microsoft.Azure.Management.PrivateDns\tests\ScenarioTests\PrivateZoneScenarioTests.cs(257,10): error CS0246: The type or namespace name 'FactAttribute' could not be found (are you missing a using directive or an assembly reference?)
C:\gh\azure-sdk-for-net\sdk\privatedns\Microsoft.Azure.Management.PrivateDns\tests\ScenarioTests\PrivateZoneScenarioTests.cs(257,10): error CS0246: The type or namespace name 'Fact' could not be found (are you missing a using directive or an assembly reference?)
C:\gh\azure-sdk-for-net\sdk\privatedns\Microsoft.Azure.Management.PrivateDns\tests\ScenarioTests\RecordSetScenarioTests.cs(257,10): error CS0246: The type or namespace name 'FactAttribute' could not be found (are you missing a using directive or an assembly reference?)
C:\gh\azure-sdk-for-net\sdk\privatedns\Microsoft.Azure.Management.PrivateDns\tests\ScenarioTests\RecordSetScenarioTests.cs(257,10): error CS0246: The type or namespace name 'Fact' could not be found (are you missing a using directive or an assembly reference?)
C:\gh\azure-sdk-for-net\sdk\privatedns\Microsoft.Azure.Management.PrivateDns\tests\ScenarioTests\PrivateZoneScenarioTests.cs(267,10): error CS0246: The type or namespace name 'FactAttribute' could not be found (are you missing a using directive or an assembly reference?)
C:\gh\azure-sdk-for-net\sdk\privatedns\Microsoft.Azure.Management.PrivateDns\tests\ScenarioTests\PrivateZoneScenarioTests.cs(267,10): error CS0246: The type or namespace name 'Fact' could not be found (are you missing a using directive or an assembly reference?)
C:\gh\azure-sdk-for-net\sdk\privatedns\Microsoft.Azure.Management.PrivateDns\tests\ScenarioTests\VirtualNetworkLinkTests.cs(237,10): error CS0246: The type or namespace name 'FactAttribute' could not be found (are you missing a using directive or an assembly reference?)
C:\gh\azure-sdk-for-net\sdk\privatedns\Microsoft.Azure.Management.PrivateDns\tests\ScenarioTests\VirtualNetworkLinkTests.cs(237,10): error CS0246: The type or namespace name 'Fact' could not be found (are you missing a using directive or an assembly reference?)
C:\gh\azure-sdk-for-net\sdk\privatedns\Microsoft.Azure.Management.PrivateDns\tests\ScenarioTests\RecordSetScenarioTests.cs(266,10): error CS0246: The type or namespace name 'FactAttribute' could not be found (are you missing a using directive or an assembly reference?)
C:\gh\azure-sdk-for-net\sdk\privatedns\Microsoft.Azure.Management.PrivateDns\tests\ScenarioTests\RecordSetScenarioTests.cs(266,10): error CS0246: The type or namespace name 'Fact' could not be found (are you missing a using directive or an assembly reference?)
C:\gh\azure-sdk-for-net\sdk\privatedns\Microsoft.Azure.Management.PrivateDns\tests\ScenarioTests\PrivateZoneScenarioTests.cs(282,10): error CS0246: The type or namespace name 'FactAttribute' could not be found (are you missing a using directive or an assembly reference?)
C:\gh\azure-sdk-for-net\sdk\privatedns\Microsoft.Azure.Management.PrivateDns\tests\ScenarioTests\PrivateZoneScenarioTests.cs(282,10): error CS0246: The type or namespace name 'Fact' could not be found (are you missing a using directive or an assembly reference?)
C:\gh\azure-sdk-for-net\sdk\privatedns\Microsoft.Azure.Management.PrivateDns\tests\ScenarioTests\VirtualNetworkLinkTests.cs(254,10): error CS0246: The type or namespace name 'FactAttribute' could not be found (are you missing a using directive or an assembly reference?)
C:\gh\azure-sdk-for-net\sdk\privatedns\Microsoft.Azure.Management.PrivateDns\tests\ScenarioTests\VirtualNetworkLinkTests.cs(254,10): error CS0246: The type or namespace name 'Fact' could not be found (are you missing a using directive or an assembly reference?)
C:\gh\azure-sdk-for-net\sdk\privatedns\Microsoft.Azure.Management.PrivateDns\tests\ScenarioTests\PrivateZoneScenarioTests.cs(300,10): error CS0246: The type or namespace name 'FactAttribute' could not be found (are you missing a using directive or an assembly reference?)
C:\gh\azure-sdk-for-net\sdk\privatedns\Microsoft.Azure.Management.PrivateDns\tests\ScenarioTests\PrivateZoneScenarioTests.cs(300,10): error CS0246: The type or namespace name 'Fact' could not be found (are you missing a using directive or an assembly reference?)
C:\gh\azure-sdk-for-net\sdk\privatedns\Microsoft.Azure.Management.PrivateDns\tests\ScenarioTests\VirtualNetworkLinkTests.cs(265,10): error CS0246: The type or namespace name 'FactAttribute' could not be found (are you missing a using directive or an assembly reference?)
C:\gh\azure-sdk-for-net\sdk\privatedns\Microsoft.Azure.Management.PrivateDns\tests\ScenarioTests\VirtualNetworkLinkTests.cs(265,10): error CS0246: The type or namespace name 'Fact' could not be found (are you missing a using directive or an assembly reference?)
C:\gh\azure-sdk-for-net\sdk\privatedns\Microsoft.Azure.Management.PrivateDns\tests\ScenarioTests\PrivateZoneScenarioTests.cs(320,10): error CS0246: The type or namespace name 'FactAttribute' could not be found (are you missing a using directive or an assembly reference?)
C:\gh\azure-sdk-for-net\sdk\privatedns\Microsoft.Azure.Management.PrivateDns\tests\ScenarioTests\PrivateZoneScenarioTests.cs(320,10): error CS0246: The type or namespace name 'Fact' could not be found (are you missing a using directive or an assembly reference?)
C:\gh\azure-sdk-for-net\sdk\privatedns\Microsoft.Azure.Management.PrivateDns\tests\ScenarioTests\VirtualNetworkLinkTests.cs(276,10): error CS0246: The type or namespace name 'FactAttribute' could not be found (are you missing a using directive or an assembly reference?)
C:\gh\azure-sdk-for-net\sdk\privatedns\Microsoft.Azure.Management.PrivateDns\tests\ScenarioTests\VirtualNetworkLinkTests.cs(276,10): error CS0246: The type or namespace name 'Fact' could not be found (are you missing a using directive or an assembly reference?)
C:\gh\azure-sdk-for-net\sdk\privatedns\Microsoft.Azure.Management.PrivateDns\tests\ScenarioTests\PrivateZoneScenarioTests.cs(336,10): error CS0246: The type or namespace name 'FactAttribute' could not be found (are you missing a using directive or an assembly reference?)
C:\gh\azure-sdk-for-net\sdk\privatedns\Microsoft.Azure.Management.PrivateDns\tests\ScenarioTests\PrivateZoneScenarioTests.cs(336,10): error CS0246: The type or namespace name 'Fact' could not be found (are you missing a using directive or an assembly reference?)
C:\gh\azure-sdk-for-net\sdk\privatedns\Microsoft.Azure.Management.PrivateDns\tests\ScenarioTests\VirtualNetworkLinkTests.cs(291,10): error CS0246: The type or namespace name 'FactAttribute' could not be found (are you missing a using directive or an assembly reference?)
C:\gh\azure-sdk-for-net\sdk\privatedns\Microsoft.Azure.Management.PrivateDns\tests\ScenarioTests\VirtualNetworkLinkTests.cs(291,10): error CS0246: The type or namespace name 'Fact' could not be found (are you missing a using directive or an assembly reference?)
C:\gh\azure-sdk-for-net\sdk\privatedns\Microsoft.Azure.Management.PrivateDns\tests\ScenarioTests\PrivateZoneScenarioTests.cs(354,10): error CS0246: The type or namespace name 'FactAttribute' could not be found (are you missing a using directive or an assembly reference?)
C:\gh\azure-sdk-for-net\sdk\privatedns\Microsoft.Azure.Management.PrivateDns\tests\ScenarioTests\PrivateZoneScenarioTests.cs(354,10): error CS0246: The type or namespace name 'Fact' could not be found (are you missing a using directive or an assembly reference?)
C:\gh\azure-sdk-for-net\sdk\privatedns\Microsoft.Azure.Management.PrivateDns\tests\ScenarioTests\VirtualNetworkLinkTests.cs(305,10): error CS0246: The type or namespace name 'FactAttribute' could not be found (are you missing a using directive or an assembly reference?)
C:\gh\azure-sdk-for-net\sdk\privatedns\Microsoft.Azure.Management.PrivateDns\tests\ScenarioTests\VirtualNetworkLinkTests.cs(305,10): error CS0246: The type or namespace name 'Fact' could not be found (are you missing a using directive or an assembly reference?)
C:\gh\azure-sdk-for-net\sdk\privatedns\Microsoft.Azure.Management.PrivateDns\tests\ScenarioTests\RecordSetScenarioTests.cs(275,10): error CS0246: The type or namespace name 'FactAttribute' could not be found (are you missing a using directive or an assembly reference?)
C:\gh\azure-sdk-for-net\sdk\privatedns\Microsoft.Azure.Management.PrivateDns\tests\ScenarioTests\RecordSetScenarioTests.cs(275,10): error CS0246: The type or namespace name 'Fact' could not be found (are you missing a using directive or an assembly reference?)
C:\gh\azure-sdk-for-net\sdk\privatedns\Microsoft.Azure.Management.PrivateDns\tests\ScenarioTests\PrivateZoneScenarioTests.cs(377,10): error CS0246: The type or namespace name 'FactAttribute' could not be found (are you missing a using directive or an assembly reference?)
C:\gh\azure-sdk-for-net\sdk\privatedns\Microsoft.Azure.Management.PrivateDns\tests\ScenarioTests\PrivateZoneScenarioTests.cs(377,10): error CS0246: The type or namespace name 'Fact' could not be found (are you missing a using directive or an assembly reference?)
C:\gh\azure-sdk-for-net\sdk\privatedns\Microsoft.Azure.Management.PrivateDns\tests\ScenarioTests\VirtualNetworkLinkTests.cs(321,10): error CS0246: The type or namespace name 'FactAttribute' could not be found (are you missing a using directive or an assembly reference?)
C:\gh\azure-sdk-for-net\sdk\privatedns\Microsoft.Azure.Management.PrivateDns\tests\ScenarioTests\VirtualNetworkLinkTests.cs(321,10): error CS0246: The type or namespace name 'Fact' could not be found (are you missing a using directive or an assembly reference?)
C:\gh\azure-sdk-for-net\sdk\privatedns\Microsoft.Azure.Management.PrivateDns\tests\ScenarioTests\PrivateZoneScenarioTests.cs(403,10): error CS0246: The type or namespace name 'FactAttribute' could not be found (are you missing a using directive or an assembly reference?)
C:\gh\azure-sdk-for-net\sdk\privatedns\Microsoft.Azure.Management.PrivateDns\tests\ScenarioTests\PrivateZoneScenarioTests.cs(403,10): error CS0246: The type or namespace name 'Fact' could not be found (are you missing a using directive or an assembly reference?)
C:\gh\azure-sdk-for-net\sdk\privatedns\Microsoft.Azure.Management.PrivateDns\tests\ScenarioTests\RecordSetScenarioTests.cs(289,10): error CS0246: The type or namespace name 'FactAttribute' could not be found (are you missing a using directive or an assembly reference?)
C:\gh\azure-sdk-for-net\sdk\privatedns\Microsoft.Azure.Management.PrivateDns\tests\ScenarioTests\RecordSetScenarioTests.cs(289,10): error CS0246: The type or namespace name 'Fact' could not be found (are you missing a using directive or an assembly reference?)
C:\gh\azure-sdk-for-net\sdk\privatedns\Microsoft.Azure.Management.PrivateDns\tests\ScenarioTests\PrivateZoneScenarioTests.cs(413,10): error CS0246: The type or namespace name 'FactAttribute' could not be found (are you missing a using directive or an assembly reference?)
C:\gh\azure-sdk-for-net\sdk\privatedns\Microsoft.Azure.Management.PrivateDns\tests\ScenarioTests\PrivateZoneScenarioTests.cs(413,10): error CS0246: The type or namespace name 'Fact' could not be found (are you missing a using directive or an assembly reference?)
C:\gh\azure-sdk-for-net\sdk\privatedns\Microsoft.Azure.Management.PrivateDns\tests\ScenarioTests\VirtualNetworkLinkTests.cs(341,10): error CS0246: The type or namespace name 'FactAttribute' could not be found (are you missing a using directive or an assembly reference?)
C:\gh\azure-sdk-for-net\sdk\privatedns\Microsoft.Azure.Management.PrivateDns\tests\ScenarioTests\VirtualNetworkLinkTests.cs(341,10): error CS0246: The type or namespace name 'Fact' could not be found (are you missing a using directive or an assembly reference?)
C:\gh\azure-sdk-for-net\sdk\privatedns\Microsoft.Azure.Management.PrivateDns\tests\ScenarioTests\VirtualNetworkLinkTests.cs(364,10): error CS0246: The type or namespace name 'FactAttribute' could not be found (are you missing a using directive or an assembly reference?)
C:\gh\azure-sdk-for-net\sdk\privatedns\Microsoft.Azure.Management.PrivateDns\tests\ScenarioTests\VirtualNetworkLinkTests.cs(364,10): error CS0246: The type or namespace name 'Fact' could not be found (are you missing a using directive or an assembly reference?)
C:\gh\azure-sdk-for-net\sdk\privatedns\Microsoft.Azure.Management.PrivateDns\tests\ScenarioTests\VirtualNetworkLinkTests.cs(375,10): error CS0246: The type or namespace name 'FactAttribute' could not be found (are you missing a using directive or an assembly reference?)
C:\gh\azure-sdk-for-net\sdk\privatedns\Microsoft.Azure.Management.PrivateDns\tests\ScenarioTests\VirtualNetworkLinkTests.cs(375,10): error CS0246: The type or namespace name 'Fact' could not be found (are you missing a using directive or an assembly reference?)
C:\gh\azure-sdk-for-net\sdk\privatedns\Microsoft.Azure.Management.PrivateDns\tests\ScenarioTests\VirtualNetworkLinkTests.cs(386,10): error CS0246: The type or namespace name 'FactAttribute' could not be found (are you missing a using directive or an assembly reference?)
C:\gh\azure-sdk-for-net\sdk\privatedns\Microsoft.Azure.Management.PrivateDns\tests\ScenarioTests\VirtualNetworkLinkTests.cs(386,10): error CS0246: The type or namespace name 'Fact' could not be found (are you missing a using directive or an assembly reference?)
C:\gh\azure-sdk-for-net\sdk\privatedns\Microsoft.Azure.Management.PrivateDns\tests\ScenarioTests\RecordSetScenarioTests.cs(306,10): error CS0246: The type or namespace name 'FactAttribute' could not be found (are you missing a using directive or an assembly reference?)
C:\gh\azure-sdk-for-net\sdk\privatedns\Microsoft.Azure.Management.PrivateDns\tests\ScenarioTests\RecordSetScenarioTests.cs(306,10): error CS0246: The type or namespace name 'Fact' could not be found (are you missing a using directive or an assembly reference?)
C:\gh\azure-sdk-for-net\sdk\privatedns\Microsoft.Azure.Management.PrivateDns\tests\ScenarioTests\RecordSetScenarioTests.cs(326,10): error CS0246: The type or namespace name 'FactAttribute' could not be found (are you missing a using directive or an assembly reference?)
C:\gh\azure-sdk-for-net\sdk\privatedns\Microsoft.Azure.Management.PrivateDns\tests\ScenarioTests\RecordSetScenarioTests.cs(326,10): error CS0246: The type or namespace name 'Fact' could not be found (are you missing a using directive or an assembly reference?)
C:\gh\azure-sdk-for-net\sdk\privatedns\Microsoft.Azure.Management.PrivateDns\tests\ScenarioTests\RecordSetScenarioTests.cs(346,10): error CS0246: The type or namespace name 'FactAttribute' could not be found (are you missing a using directive or an assembly reference?)
C:\gh\azure-sdk-for-net\sdk\privatedns\Microsoft.Azure.Management.PrivateDns\tests\ScenarioTests\RecordSetScenarioTests.cs(346,10): error CS0246: The type or namespace name 'Fact' could not be found (are you missing a using directive or an assembly reference?)
C:\gh\azure-sdk-for-net\sdk\privatedns\Microsoft.Azure.Management.PrivateDns\tests\ScenarioTests\RecordSetScenarioTests.cs(372,10): error CS0246: The type or namespace name 'FactAttribute' could not be found (are you missing a using directive or an assembly reference?)
C:\gh\azure-sdk-for-net\sdk\privatedns\Microsoft.Azure.Management.PrivateDns\tests\ScenarioTests\RecordSetScenarioTests.cs(372,10): error CS0246: The type or namespace name 'Fact' could not be found (are you missing a using directive or an assembly reference?)
C:\gh\azure-sdk-for-net\sdk\privatedns\Microsoft.Azure.Management.PrivateDns\tests\ScenarioTests\RecordSetScenarioTests.cs(400,10): error CS0246: The type or namespace name 'FactAttribute' could not be found (are you missing a using directive or an assembly reference?)
C:\gh\azure-sdk-for-net\sdk\privatedns\Microsoft.Azure.Management.PrivateDns\tests\ScenarioTests\RecordSetScenarioTests.cs(400,10): error CS0246: The type or namespace name 'Fact' could not be found (are you missing a using directive or an assembly reference?)
C:\gh\azure-sdk-for-net\sdk\privatedns\Microsoft.Azure.Management.PrivateDns\tests\ScenarioTests\RecordSetScenarioTests.cs(415,10): error CS0246: The type or namespace name 'FactAttribute' could not be found (are you missing a using directive or an assembly reference?)
C:\gh\azure-sdk-for-net\sdk\privatedns\Microsoft.Azure.Management.PrivateDns\tests\ScenarioTests\RecordSetScenarioTests.cs(415,10): error CS0246: The type or namespace name 'Fact' could not be found (are you missing a using directive or an assembly reference?)
C:\gh\azure-sdk-for-net\sdk\privatedns\Microsoft.Azure.Management.PrivateDns\tests\ScenarioTests\RecordSetScenarioTests.cs(436,10): error CS0246: The type or namespace name 'FactAttribute' could not be found (are you missing a using directive or an assembly reference?)
C:\gh\azure-sdk-for-net\sdk\privatedns\Microsoft.Azure.Management.PrivateDns\tests\ScenarioTests\RecordSetScenarioTests.cs(436,10): error CS0246: The type or namespace name 'Fact' could not be found (are you missing a using directive or an assembly reference?)
C:\gh\azure-sdk-for-net\sdk\privatedns\Microsoft.Azure.Management.PrivateDns\tests\ScenarioTests\RecordSetScenarioTests.cs(457,10): error CS0246: The type or namespace name 'FactAttribute' could not be found (are you missing a using directive or an assembly reference?)
C:\gh\azure-sdk-for-net\sdk\privatedns\Microsoft.Azure.Management.PrivateDns\tests\ScenarioTests\RecordSetScenarioTests.cs(457,10): error CS0246: The type or namespace name 'Fact' could not be found (are you missing a using directive or an assembly reference?)
C:\gh\azure-sdk-for-net\sdk\privatedns\Microsoft.Azure.Management.PrivateDns\tests\ScenarioTests\RecordSetScenarioTests.cs(482,10): error CS0246: The type or namespace name 'FactAttribute' could not be found (are you missing a using directive or an assembly reference?)
C:\gh\azure-sdk-for-net\sdk\privatedns\Microsoft.Azure.Management.PrivateDns\tests\ScenarioTests\RecordSetScenarioTests.cs(482,10): error CS0246: The type or namespace name 'Fact' could not be found (are you missing a using directive or an assembly reference?)
C:\gh\azure-sdk-for-net\sdk\privatedns\Microsoft.Azure.Management.PrivateDns\tests\ScenarioTests\RecordSetScenarioTests.cs(513,10): error CS0246: The type or namespace name 'FactAttribute' could not be found (are you missing a using directive or an assembly reference?)
C:\gh\azure-sdk-for-net\sdk\privatedns\Microsoft.Azure.Management.PrivateDns\tests\ScenarioTests\RecordSetScenarioTests.cs(513,10): error CS0246: The type or namespace name 'Fact' could not be found (are you missing a using directive or an assembly reference?)
C:\gh\azure-sdk-for-net\sdk\privatedns\Microsoft.Azure.Management.PrivateDns\tests\Validation\RecordSetAssertions.cs(21,18): error CS1061: 'RecordSetAssertions' does not contain a definition for 'Subject' and no accessible extension method 'Subject' accepting a first argument of type 'RecordSetAssertions' could be found (are you missing a using directive or an assembly reference?)
C:\gh\azure-sdk-for-net\sdk\privatedns\Microsoft.Azure.Management.PrivateDns\tests\Helpers\ClientFactory.cs(26,51): error CS0246: The type or namespace name 'ResourceManagementClient' could not be found (are you missing a using directive or an assembly reference?)
C:\gh\azure-sdk-for-net\sdk\privatedns\Microsoft.Azure.Management.PrivateDns\tests\Helpers\ClientFactory.cs(56,51): error CS0246: The type or namespace name 'NetworkManagementClient' could not be found (are you missing a using directive or an assembly reference?)
C:\gh\azure-sdk-for-net\sdk\privatedns\Microsoft.Azure.Management.PrivateDns\tests\Extensions\HttpResponseMessageWrapperExtensions.cs(23,40): error CS0103: The name 'JsonConvert' does not exist in the current context
C:\gh\azure-sdk-for-net\sdk\privatedns\Microsoft.Azure.Management.PrivateDns\tests\Validation\RecordSetAssertions.cs(33,22): error CS1061: 'RecordSetAssertions' does not contain a definition for 'Subject' and no accessible extension method 'Subject' accepting a first argument of type 'RecordSetAssertions' could be found (are you missing a using directive or an assembly reference?)
C:\gh\azure-sdk-for-net\sdk\privatedns\Microsoft.Azure.Management.PrivateDns\tests\Validation\RecordSetAssertions.cs(35,17): error CS0103: The name 'Execute' does not exist in the current context
C:\gh\azure-sdk-for-net\sdk\privatedns\Microsoft.Azure.Management.PrivateDns\tests\Validation\RecordSetAssertions.cs(38,13): error CS0103: The name 'Execute' does not exist in the current context
C:\gh\azure-sdk-for-net\sdk\privatedns\Microsoft.Azure.Management.PrivateDns\tests\Validation\RecordSetAssertions.cs(45,127): error CS1061: 'RecordSetAssertions' does not contain a definition for 'Subject' and no accessible extension method 'Subject' accepting a first argument of type 'RecordSetAssertions' could be found (are you missing a using directive or an assembly reference?)
C:\gh\azure-sdk-for-net\sdk\privatedns\Microsoft.Azure.Management.PrivateDns\tests\Validation\RecordSetAssertions.cs(47,24): error CS0246: The type or namespace name 'AndConstraint<>' could not be found (are you missing a using directive or an assembly reference?)
C:\gh\azure-sdk-for-net\sdk\privatedns\Microsoft.Azure.Management.PrivateDns\tests\ScenarioTests\BaseScenarioTests.cs(30,32): error CS0103: The name 'MockContext' does not exist in the current context
C:\gh\azure-sdk-for-net\sdk\privatedns\Microsoft.Azure.Management.PrivateDns\tests\ScenarioTests\BaseScenarioTests.cs(34,35): error CS0103: The name 'TestEnvironmentFactory' does not exist in the current context
C:\gh\azure-sdk-for-net\sdk\privatedns\Microsoft.Azure.Management.PrivateDns\tests\ScenarioTests\BaseScenarioTests.cs(66,13): error CS1929: 'PrivateZone' does not contain a definition for 'Should' and the best extension method overload 'RecordSetExtensions.Should(RecordSet)' requires a receiver of type 'RecordSet'
C:\gh\azure-sdk-for-net\sdk\privatedns\Microsoft.Azure.Management.PrivateDns\tests\ScenarioTests\VirtualNetworkLinkTests.cs(99,13): error CS1929: 'Action' does not contain a definition for 'Should' and the best extension method overload 'RecordSetExtensions.Should(RecordSet)' requires a receiver of type 'RecordSet'
C:\gh\azure-sdk-for-net\sdk\privatedns\Microsoft.Azure.Management.PrivateDns\tests\ScenarioTests\VirtualNetworkLinkTests.cs(99,60): error CS0246: The type or namespace name 'CloudException' could not be found (are you missing a using directive or an assembly reference?)
C:\gh\azure-sdk-for-net\sdk\privatedns\Microsoft.Azure.Management.PrivateDns\tests\TestDataGenerator.cs(35,20): error CS0103: The name 'TestUtilities' does not exist in the current context
C:\gh\azure-sdk-for-net\sdk\privatedns\Microsoft.Azure.Management.PrivateDns\tests\ScenarioTests\VirtualNetworkLinkTests.cs(116,13): error CS1929: 'Action' does not contain a definition for 'Should' and the best extension method overload 'RecordSetExtensions.Should(RecordSet)' requires a receiver of type 'RecordSet'
C:\gh\azure-sdk-for-net\sdk\privatedns\Microsoft.Azure.Management.PrivateDns\tests\ScenarioTests\VirtualNetworkLinkTests.cs(116,60): error CS0246: The type or namespace name 'CloudException' could not be found (are you missing a using directive or an assembly reference?)
C:\gh\azure-sdk-for-net\sdk\privatedns\Microsoft.Azure.Management.PrivateDns\tests\TestDataGenerator.cs(59,20): error CS0103: The name 'TestUtilities' does not exist in the current context
C:\gh\azure-sdk-for-net\sdk\privatedns\Microsoft.Azure.Management.PrivateDns\tests\TestDataGenerator.cs(64,20): error CS0103: The name 'TestUtilities' does not exist in the current context
C:\gh\azure-sdk-for-net\sdk\privatedns\Microsoft.Azure.Management.PrivateDns\tests\TestDataGenerator.cs(69,20): error CS0103: The name 'TestUtilities' does not exist in the current context
C:\gh\azure-sdk-for-net\sdk\privatedns\Microsoft.Azure.Management.PrivateDns\tests\ScenarioTests\BaseScenarioTests.cs(86,25): error CS0246: The type or namespace name 'ITest' could not be found (are you missing a using directive or an assembly reference?)
C:\gh\azure-sdk-for-net\sdk\privatedns\Microsoft.Azure.Management.PrivateDns\tests\TestDataGenerator.cs(74,20): error CS0103: The name 'TestUtilities' does not exist in the current context
C:\gh\azure-sdk-for-net\sdk\privatedns\Microsoft.Azure.Management.PrivateDns\tests\ScenarioTests\RecordSetScenarioTests.cs(39,13): error CS1929: 'Action' does not contain a definition for 'Should' and the best extension method overload 'RecordSetExtensions.Should(RecordSet)' requires a receiver of type 'RecordSet'
C:\gh\azure-sdk-for-net\sdk\privatedns\Microsoft.Azure.Management.PrivateDns\tests\ScenarioTests\RecordSetScenarioTests.cs(39,47): error CS0246: The type or namespace name 'CloudException' could not be found (are you missing a using directive or an assembly reference?)
C:\gh\azure-sdk-for-net\sdk\privatedns\Microsoft.Azure.Management.PrivateDns\tests\TestDataGenerator.cs(79,24): error CS0246: The type or namespace name 'ResourceGroup' could not be found (are you missing a using directive or an assembly reference?)
C:\gh\azure-sdk-for-net\sdk\privatedns\Microsoft.Azure.Management.PrivateDns\tests\ScenarioTests\VirtualNetworkLinkTests.cs(133,13): error CS1929: 'Action' does not contain a definition for 'Should' and the best extension method overload 'RecordSetExtensions.Should(RecordSet)' requires a receiver of type 'RecordSet'
C:\gh\azure-sdk-for-net\sdk\privatedns\Microsoft.Azure.Management.PrivateDns\tests\ScenarioTests\VirtualNetworkLinkTests.cs(133,59): error CS0246: The type or namespace name 'CloudException' could not be found (are you missing a using directive or an assembly reference?)
C:\gh\azure-sdk-for-net\sdk\privatedns\Microsoft.Azure.Management.PrivateDns\tests\TestDataGenerator.cs(131,24): error CS0246: The type or namespace name 'VirtualNetwork' could not be found (are you missing a using directive or an assembly reference?)
C:\gh\azure-sdk-for-net\sdk\privatedns\Microsoft.Azure.Management.PrivateDns\tests\TestDataGenerator.cs(133,36): error CS0246: The type or namespace name 'AddressSpace' could not be found (are you missing a using directive or an assembly reference?)
C:\gh\azure-sdk-for-net\sdk\privatedns\Microsoft.Azure.Management.PrivateDns\tests\TestDataGenerator.cs(140,36): error CS0246: The type or namespace name 'Subnet' could not be found (are you missing a using directive or an assembly reference?)
C:\gh\azure-sdk-for-net\sdk\privatedns\Microsoft.Azure.Management.PrivateDns\tests\TestDataGenerator.cs(142,25): error CS0246: The type or namespace name 'Subnet' could not be found (are you missing a using directive or an assembly reference?)
C:\gh\azure-sdk-for-net\sdk\privatedns\Microsoft.Azure.Management.PrivateDns\tests\ScenarioTests\RecordSetScenarioTests.cs(104,13): error CS1929: 'Action' does not contain a definition for 'Should' and the best extension method overload 'RecordSetExtensions.Should(RecordSet)' requires a receiver of type 'RecordSet'
C:\gh\azure-sdk-for-net\sdk\privatedns\Microsoft.Azure.Management.PrivateDns\tests\ScenarioTests\RecordSetScenarioTests.cs(104,51): error CS0246: The type or namespace name 'CloudException' could not be found (are you missing a using directive or an assembly reference?)
C:\gh\azure-sdk-for-net\sdk\privatedns\Microsoft.Azure.Management.PrivateDns\tests\ScenarioTests\PrivateZoneScenarioTests.cs(118,13): error CS1929: 'Action' does not contain a definition for 'Should' and the best extension method overload 'RecordSetExtensions.Should(RecordSet)' requires a receiver of type 'RecordSet'
C:\gh\azure-sdk-for-net\sdk\privatedns\Microsoft.Azure.Management.PrivateDns\tests\ScenarioTests\PrivateZoneScenarioTests.cs(118,53): error CS0246: The type or namespace name 'CloudException' could not be found (are you missing a using directive or an assembly reference?)
C:\gh\azure-sdk-for-net\sdk\privatedns\Microsoft.Azure.Management.PrivateDns\tests\ScenarioTests\RecordSetScenarioTests.cs(144,63): error CS1503: Argument 1: cannot convert from 'System.Collections.Generic.IDictionary<string, string>' to 'Microsoft.Azure.Management.PrivateDns.Models.RecordSet'
C:\gh\azure-sdk-for-net\sdk\privatedns\Microsoft.Azure.Management.PrivateDns\tests\ScenarioTests\RecordSetScenarioTests.cs(171,63): error CS1503: Argument 1: cannot convert from 'System.Collections.Generic.IDictionary<string, string>' to 'Microsoft.Azure.Management.PrivateDns.Models.RecordSet'
C:\gh\azure-sdk-for-net\sdk\privatedns\Microsoft.Azure.Management.PrivateDns\tests\ScenarioTests\VirtualNetworkLinkTests.cs(251,13): error CS1929: 'Action' does not contain a definition for 'Should' and the best extension method overload 'RecordSetExtensions.Should(RecordSet)' requires a receiver of type 'RecordSet'
C:\gh\azure-sdk-for-net\sdk\privatedns\Microsoft.Azure.Management.PrivateDns\tests\ScenarioTests\VirtualNetworkLinkTests.cs(251,59): error CS0246: The type or namespace name 'CloudException' could not be found (are you missing a using directive or an assembly reference?)
C:\gh\azure-sdk-for-net\sdk\privatedns\Microsoft.Azure.Management.PrivateDns\tests\ScenarioTests\VirtualNetworkLinkTests.cs(262,13): error CS1929: 'Action' does not contain a definition for 'Should' and the best extension method overload 'RecordSetExtensions.Should(RecordSet)' requires a receiver of type 'RecordSet'
C:\gh\azure-sdk-for-net\sdk\privatedns\Microsoft.Azure.Management.PrivateDns\tests\ScenarioTests\VirtualNetworkLinkTests.cs(262,61): error CS0246: The type or namespace name 'CloudException' could not be found (are you missing a using directive or an assembly reference?)
C:\gh\azure-sdk-for-net\sdk\privatedns\Microsoft.Azure.Management.PrivateDns\tests\ScenarioTests\RecordSetScenarioTests.cs(209,13): error CS1929: 'Action' does not contain a definition for 'Should' and the best extension method overload 'RecordSetExtensions.Should(RecordSet)' requires a receiver of type 'RecordSet'
C:\gh\azure-sdk-for-net\sdk\privatedns\Microsoft.Azure.Management.PrivateDns\tests\ScenarioTests\RecordSetScenarioTests.cs(209,50): error CS0246: The type or namespace name 'CloudException' could not be found (are you missing a using directive or an assembly reference?)
C:\gh\azure-sdk-for-net\sdk\privatedns\Microsoft.Azure.Management.PrivateDns\tests\ScenarioTests\VirtualNetworkLinkTests.cs(273,13): error CS1929: 'Action' does not contain a definition for 'Should' and the best extension method overload 'RecordSetExtensions.Should(RecordSet)' requires a receiver of type 'RecordSet'
C:\gh\azure-sdk-for-net\sdk\privatedns\Microsoft.Azure.Management.PrivateDns\tests\ScenarioTests\VirtualNetworkLinkTests.cs(273,61): error CS0246: The type or namespace name 'CloudException' could not be found (are you missing a using directive or an assembly reference?)
C:\gh\azure-sdk-for-net\sdk\privatedns\Microsoft.Azure.Management.PrivateDns\tests\ScenarioTests\PrivateZoneScenarioTests.cs(179,13): error CS1929: 'Action' does not contain a definition for 'Should' and the best extension method overload 'RecordSetExtensions.Should(RecordSet)' requires a receiver of type 'RecordSet'
C:\gh\azure-sdk-for-net\sdk\privatedns\Microsoft.Azure.Management.PrivateDns\tests\ScenarioTests\PrivateZoneScenarioTests.cs(179,45): error CS0246: The type or namespace name 'CloudException' could not be found (are you missing a using directive or an assembly reference?)
C:\gh\azure-sdk-for-net\sdk\privatedns\Microsoft.Azure.Management.PrivateDns\tests\ScenarioTests\VirtualNetworkLinkTests.cs(297,30): error CS0012: The type 'IPage<>' is defined in an assembly that is not referenced. You must add a reference to assembly 'Microsoft.Rest.ClientRuntime.Azure, Version=3.0.0.0, Culture=neutral, PublicKeyToken=31bf3856ad364e35'.
C:\gh\azure-sdk-for-net\sdk\privatedns\Microsoft.Azure.Management.PrivateDns\tests\ScenarioTests\RecordSetScenarioTests.cs(281,30): error CS0012: The type 'IPage<>' is defined in an assembly that is not referenced. You must add a reference to assembly 'Microsoft.Rest.ClientRuntime.Azure, Version=3.0.0.0, Culture=neutral, PublicKeyToken=31bf3856ad364e35'.
C:\gh\azure-sdk-for-net\sdk\privatedns\Microsoft.Azure.Management.PrivateDns\tests\ScenarioTests\RecordSetScenarioTests.cs(297,30): error CS0012: The type 'IPage<>' is defined in an assembly that is not referenced. You must add a reference to assembly 'Microsoft.Rest.ClientRuntime.Azure, Version=3.0.0.0, Culture=neutral, PublicKeyToken=31bf3856ad364e35'.
C:\gh\azure-sdk-for-net\sdk\privatedns\Microsoft.Azure.Management.PrivateDns\tests\ScenarioTests\VirtualNetworkLinkTests.cs(312,30): error CS0012: The type 'IPage<>' is defined in an assembly that is not referenced. You must add a reference to assembly 'Microsoft.Rest.ClientRuntime.Azure, Version=3.0.0.0, Culture=neutral, PublicKeyToken=31bf3856ad364e35'.
C:\gh\azure-sdk-for-net\sdk\privatedns\Microsoft.Azure.Management.PrivateDns\tests\ScenarioTests\RecordSetScenarioTests.cs(317,30): error CS0012: The type 'IPage<>' is defined in an assembly that is not referenced. You must add a reference to assembly 'Microsoft.Rest.ClientRuntime.Azure, Version=3.0.0.0, Culture=neutral, PublicKeyToken=31bf3856ad364e35'.
C:\gh\azure-sdk-for-net\sdk\privatedns\Microsoft.Azure.Management.PrivateDns\tests\ScenarioTests\VirtualNetworkLinkTests.cs(332,30): error CS0012: The type 'IPage<>' is defined in an assembly that is not referenced. You must add a reference to assembly 'Microsoft.Rest.ClientRuntime.Azure, Version=3.0.0.0, Culture=neutral, PublicKeyToken=31bf3856ad364e35'.
C:\gh\azure-sdk-for-net\sdk\privatedns\Microsoft.Azure.Management.PrivateDns\tests\ScenarioTests\RecordSetScenarioTests.cs(337,30): error CS0012: The type 'IPage<>' is defined in an assembly that is not referenced. You must add a reference to assembly 'Microsoft.Rest.ClientRuntime.Azure, Version=3.0.0.0, Culture=neutral, PublicKeyToken=31bf3856ad364e35'.
C:\gh\azure-sdk-for-net\sdk\privatedns\Microsoft.Azure.Management.PrivateDns\tests\ScenarioTests\VirtualNetworkLinkTests.cs(352,37): error CS0012: The type 'IPage<>' is defined in an assembly that is not referenced. You must add a reference to assembly 'Microsoft.Rest.ClientRuntime.Azure, Version=3.0.0.0, Culture=neutral, PublicKeyToken=31bf3856ad364e35'.
C:\gh\azure-sdk-for-net\sdk\privatedns\Microsoft.Azure.Management.PrivateDns\tests\ScenarioTests\VirtualNetworkLinkTests.cs(355,34): error CS0012: The type 'IPage<>' is defined in an assembly that is not referenced. You must add a reference to assembly 'Microsoft.Rest.ClientRuntime.Azure, Version=3.0.0.0, Culture=neutral, PublicKeyToken=31bf3856ad364e35'.
C:\gh\azure-sdk-for-net\sdk\privatedns\Microsoft.Azure.Management.PrivateDns\tests\ScenarioTests\VirtualNetworkLinkTests.cs(372,13): error CS1929: 'Action' does not contain a definition for 'Should' and the best extension method overload 'RecordSetExtensions.Should(RecordSet)' requires a receiver of type 'RecordSet'
C:\gh\azure-sdk-for-net\sdk\privatedns\Microsoft.Azure.Management.PrivateDns\tests\ScenarioTests\RecordSetScenarioTests.cs(357,37): error CS0012: The type 'IPage<>' is defined in an assembly that is not referenced. You must add a reference to assembly 'Microsoft.Rest.ClientRuntime.Azure, Version=3.0.0.0, Culture=neutral, PublicKeyToken=31bf3856ad364e35'.
C:\gh\azure-sdk-for-net\sdk\privatedns\Microsoft.Azure.Management.PrivateDns\tests\ScenarioTests\RecordSetScenarioTests.cs(360,34): error CS0012: The type 'IPage<>' is defined in an assembly that is not referenced. You must add a reference to assembly 'Microsoft.Rest.ClientRuntime.Azure, Version=3.0.0.0, Culture=neutral, PublicKeyToken=31bf3856ad364e35'.
C:\gh\azure-sdk-for-net\sdk\privatedns\Microsoft.Azure.Management.PrivateDns\tests\ScenarioTests\VirtualNetworkLinkTests.cs(383,13): error CS1929: 'Action' does not contain a definition for 'Should' and the best extension method overload 'RecordSetExtensions.Should(RecordSet)' requires a receiver of type 'RecordSet'
C:\gh\azure-sdk-for-net\sdk\privatedns\Microsoft.Azure.Management.PrivateDns\tests\ScenarioTests\PrivateZoneScenarioTests.cs(264,13): error CS1929: 'Action' does not contain a definition for 'Should' and the best extension method overload 'RecordSetExtensions.Should(RecordSet)' requires a receiver of type 'RecordSet'
C:\gh\azure-sdk-for-net\sdk\privatedns\Microsoft.Azure.Management.PrivateDns\tests\ScenarioTests\PrivateZoneScenarioTests.cs(264,47): error CS0246: The type or namespace name 'CloudException' could not be found (are you missing a using directive or an assembly reference?)
C:\gh\azure-sdk-for-net\sdk\privatedns\Microsoft.Azure.Management.PrivateDns\tests\ScenarioTests\VirtualNetworkLinkTests.cs(394,13): error CS1929: 'Action' does not contain a definition for 'Should' and the best extension method overload 'RecordSetExtensions.Should(RecordSet)' requires a receiver of type 'RecordSet'
C:\gh\azure-sdk-for-net\sdk\privatedns\Microsoft.Azure.Management.PrivateDns\tests\ScenarioTests\PrivateZoneScenarioTests.cs(273,30): error CS0012: The type 'IPage<>' is defined in an assembly that is not referenced. You must add a reference to assembly 'Microsoft.Rest.ClientRuntime.Azure, Version=3.0.0.0, Culture=neutral, PublicKeyToken=31bf3856ad364e35'.
C:\gh\azure-sdk-for-net\sdk\privatedns\Microsoft.Azure.Management.PrivateDns\tests\ScenarioTests\RecordSetScenarioTests.cs(385,37): error CS0012: The type 'IPage<>' is defined in an assembly that is not referenced. You must add a reference to assembly 'Microsoft.Rest.ClientRuntime.Azure, Version=3.0.0.0, Culture=neutral, PublicKeyToken=31bf3856ad364e35'.
C:\gh\azure-sdk-for-net\sdk\privatedns\Microsoft.Azure.Management.PrivateDns\tests\ScenarioTests\RecordSetScenarioTests.cs(388,34): error CS0012: The type 'IPage<>' is defined in an assembly that is not referenced. You must add a reference to assembly 'Microsoft.Rest.ClientRuntime.Azure, Version=3.0.0.0, Culture=neutral, PublicKeyToken=31bf3856ad364e35'.
C:\gh\azure-sdk-for-net\sdk\privatedns\Microsoft.Azure.Management.PrivateDns\tests\ScenarioTests\RecordSetScenarioTests.cs(406,30): error CS0012: The type 'IPage<>' is defined in an assembly that is not referenced. You must add a reference to assembly 'Microsoft.Rest.ClientRuntime.Azure, Version=3.0.0.0, Culture=neutral, PublicKeyToken=31bf3856ad364e35'.
C:\gh\azure-sdk-for-net\sdk\privatedns\Microsoft.Azure.Management.PrivateDns\tests\ScenarioTests\PrivateZoneScenarioTests.cs(292,30): error CS0012: The type 'IPage<>' is defined in an assembly that is not referenced. You must add a reference to assembly 'Microsoft.Rest.ClientRuntime.Azure, Version=3.0.0.0, Culture=neutral, PublicKeyToken=31bf3856ad364e35'.
C:\gh\azure-sdk-for-net\sdk\privatedns\Microsoft.Azure.Management.PrivateDns\tests\ScenarioTests\RecordSetScenarioTests.cs(425,38): error CS1929: 'IEnumerable<RecordSet>' does not contain a definition for 'Concat' and the best extension method overload 'ParallelEnumerable.Concat<?>(ParallelQuery<?>, IEnumerable<?>)' requires a receiver of type 'ParallelQuery<?>'
C:\gh\azure-sdk-for-net\sdk\privatedns\Microsoft.Azure.Management.PrivateDns\tests\ScenarioTests\RecordSetScenarioTests.cs(427,30): error CS0012: The type 'IPage<>' is defined in an assembly that is not referenced. You must add a reference to assembly 'Microsoft.Rest.ClientRuntime.Azure, Version=3.0.0.0, Culture=neutral, PublicKeyToken=31bf3856ad364e35'.
C:\gh\azure-sdk-for-net\sdk\privatedns\Microsoft.Azure.Management.PrivateDns\tests\ScenarioTests\PrivateZoneScenarioTests.cs(310,37): error CS0012: The type 'IPage<>' is defined in an assembly that is not referenced. You must add a reference to assembly 'Microsoft.Rest.ClientRuntime.Azure, Version=3.0.0.0, Culture=neutral, PublicKeyToken=31bf3856ad364e35'.
C:\gh\azure-sdk-for-net\sdk\privatedns\Microsoft.Azure.Management.PrivateDns\tests\ScenarioTests\PrivateZoneScenarioTests.cs(313,34): error CS0012: The type 'IPage<>' is defined in an assembly that is not referenced. You must add a reference to assembly 'Microsoft.Rest.ClientRuntime.Azure, Version=3.0.0.0, Culture=neutral, PublicKeyToken=31bf3856ad364e35'.
C:\gh\azure-sdk-for-net\sdk\privatedns\Microsoft.Azure.Management.PrivateDns\tests\ScenarioTests\RecordSetScenarioTests.cs(448,30): error CS0012: The type 'IPage<>' is defined in an assembly that is not referenced. You must add a reference to assembly 'Microsoft.Rest.ClientRuntime.Azure, Version=3.0.0.0, Culture=neutral, PublicKeyToken=31bf3856ad364e35'.
C:\gh\azure-sdk-for-net\sdk\privatedns\Microsoft.Azure.Management.PrivateDns\tests\ScenarioTests\RecordSetScenarioTests.cs(473,30): error CS0012: The type 'IPage<>' is defined in an assembly that is not referenced. You must add a reference to assembly 'Microsoft.Rest.ClientRuntime.Azure, Version=3.0.0.0, Culture=neutral, PublicKeyToken=31bf3856ad364e35'.
C:\gh\azure-sdk-for-net\sdk\privatedns\Microsoft.Azure.Management.PrivateDns\tests\ScenarioTests\PrivateZoneScenarioTests.cs(328,30): error CS0012: The type 'IPage<>' is defined in an assembly that is not referenced. You must add a reference to assembly 'Microsoft.Rest.ClientRuntime.Azure, Version=3.0.0.0, Culture=neutral, PublicKeyToken=31bf3856ad364e35'.
C:\gh\azure-sdk-for-net\sdk\privatedns\Microsoft.Azure.Management.PrivateDns\tests\ScenarioTests\RecordSetScenarioTests.cs(495,42): error CS1929: 'IEnumerable<RecordSet>' does not contain a definition for 'Concat' and the best extension method overload 'ParallelEnumerable.Concat<?>(ParallelQuery<?>, IEnumerable<?>)' requires a receiver of type 'ParallelQuery<?>'
C:\gh\azure-sdk-for-net\sdk\privatedns\Microsoft.Azure.Management.PrivateDns\tests\ScenarioTests\RecordSetScenarioTests.cs(497,37): error CS0012: The type 'IPage<>' is defined in an assembly that is not referenced. You must add a reference to assembly 'Microsoft.Rest.ClientRuntime.Azure, Version=3.0.0.0, Culture=neutral, PublicKeyToken=31bf3856ad364e35'.
C:\gh\azure-sdk-for-net\sdk\privatedns\Microsoft.Azure.Management.PrivateDns\tests\ScenarioTests\RecordSetScenarioTests.cs(500,34): error CS0012: The type 'IPage<>' is defined in an assembly that is not referenced. You must add a reference to assembly 'Microsoft.Rest.ClientRuntime.Azure, Version=3.0.0.0, Culture=neutral, PublicKeyToken=31bf3856ad364e35'.
C:\gh\azure-sdk-for-net\sdk\privatedns\Microsoft.Azure.Management.PrivateDns\tests\ScenarioTests\RecordSetScenarioTests.cs(530,37): error CS0012: The type 'IPage<>' is defined in an assembly that is not referenced. You must add a reference to assembly 'Microsoft.Rest.ClientRuntime.Azure, Version=3.0.0.0, Culture=neutral, PublicKeyToken=31bf3856ad364e35'.
C:\gh\azure-sdk-for-net\sdk\privatedns\Microsoft.Azure.Management.PrivateDns\tests\ScenarioTests\RecordSetScenarioTests.cs(533,34): error CS0012: The type 'IPage<>' is defined in an assembly that is not referenced. You must add a reference to assembly 'Microsoft.Rest.ClientRuntime.Azure, Version=3.0.0.0, Culture=neutral, PublicKeyToken=31bf3856ad364e35'.
C:\gh\azure-sdk-for-net\sdk\privatedns\Microsoft.Azure.Management.PrivateDns\tests\ScenarioTests\RecordSetScenarioTests.cs(567,13): error CS1929: 'Action' does not contain a definition for 'Should' and the best extension method overload 'RecordSetExtensions.Should(RecordSet)' requires a receiver of type 'RecordSet'
C:\gh\azure-sdk-for-net\sdk\privatedns\Microsoft.Azure.Management.PrivateDns\tests\ScenarioTests\PrivateZoneScenarioTests.cs(345,30): error CS0012: The type 'IPage<>' is defined in an assembly that is not referenced. You must add a reference to assembly 'Microsoft.Rest.ClientRuntime.Azure, Version=3.0.0.0, Culture=neutral, PublicKeyToken=31bf3856ad364e35'.
C:\gh\azure-sdk-for-net\sdk\privatedns\Microsoft.Azure.Management.PrivateDns\tests\ScenarioTests\PrivateZoneScenarioTests.cs(368,30): error CS0012: The type 'IPage<>' is defined in an assembly that is not referenced. You must add a reference to assembly 'Microsoft.Rest.ClientRuntime.Azure, Version=3.0.0.0, Culture=neutral, PublicKeyToken=31bf3856ad364e35'.
C:\gh\azure-sdk-for-net\sdk\privatedns\Microsoft.Azure.Management.PrivateDns\tests\ScenarioTests\RecordSetScenarioTests.cs(621,13): error CS1929: 'string' does not contain a definition for 'Should' and the best extension method overload 'RecordSetExtensions.Should(RecordSet)' requires a receiver of type 'RecordSet'
C:\gh\azure-sdk-for-net\sdk\privatedns\Microsoft.Azure.Management.PrivateDns\tests\ScenarioTests\RecordSetScenarioTests.cs(622,39): error CS0012: The type 'IPage<>' is defined in an assembly that is not referenced. You must add a reference to assembly 'Microsoft.Rest.ClientRuntime.Azure, Version=3.0.0.0, Culture=neutral, PublicKeyToken=31bf3856ad364e35'.
C:\gh\azure-sdk-for-net\sdk\privatedns\Microsoft.Azure.Management.PrivateDns\tests\ScenarioTests\PrivateZoneScenarioTests.cs(391,37): error CS0012: The type 'IPage<>' is defined in an assembly that is not referenced. You must add a reference to assembly 'Microsoft.Rest.ClientRuntime.Azure, Version=3.0.0.0, Culture=neutral, PublicKeyToken=31bf3856ad364e35'.
C:\gh\azure-sdk-for-net\sdk\privatedns\Microsoft.Azure.Management.PrivateDns\tests\ScenarioTests\PrivateZoneScenarioTests.cs(394,34): error CS0012: The type 'IPage<>' is defined in an assembly that is not referenced. You must add a reference to assembly 'Microsoft.Rest.ClientRuntime.Azure, Version=3.0.0.0, Culture=neutral, PublicKeyToken=31bf3856ad364e35'.
C:\gh\azure-sdk-for-net\sdk\privatedns\Microsoft.Azure.Management.PrivateDns\tests\ScenarioTests\PrivateZoneScenarioTests.cs(410,13): error CS1929: 'Action' does not contain a definition for 'Should' and the best extension method overload 'RecordSetExtensions.Should(RecordSet)' requires a receiver of type 'RecordSet'
C:\gh\azure-sdk-for-net\sdk\privatedns\Microsoft.Azure.Management.PrivateDns\tests\ScenarioTests\PrivateZoneScenarioTests.cs(420,13): error CS1929: 'Action' does not contain a definition for 'Should' and the best extension method overload 'RecordSetExtensions.Should(RecordSet)' requires a receiver of type 'RecordSet'
C:\gh\azure-sdk-for-net\artifacts\obj\Microsoft.Azure.Management.PrivateDns.Tests\Debug\netcoreapp3.1\.NETCoreApp,Version=v3.1.AssemblyAttributes.cs(3,1): hidden CS8019: Unnecessary using directive.
C:\gh\azure-sdk-for-net\sdk\privatedns\Microsoft.Azure.Management.PrivateDns\tests\ScenarioTests\RecordSetScenarioTests.cs(17,5): hidden CS8019: Unnecessary using directive.
C:\gh\azure-sdk-for-net\eng\mgmt\DisableTestRunParallel.cs(5,1): hidden CS8019: Unnecessary using directive.
C:\gh\azure-sdk-for-net\sdk\privatedns\Microsoft.Azure.Management.PrivateDns\tests\Validation\RecordSetAssertions.cs(11,1): hidden CS8019: Unnecessary using directive.
C:\gh\azure-sdk-for-net\artifacts\obj\Microsoft.Azure.Management.PrivateDns.Tests\Debug\netcoreapp3.1\Microsoft.Azure.Management.PrivateDns.Tests.AssemblyInfo.cs(12,1): hidden CS8019: Unnecessary using directive.
C:\gh\azure-sdk-for-net\sdk\privatedns\Microsoft.Azure.Management.PrivateDns\tests\ScenarioTests\VirtualNetworkLinkTests.cs(22,5): hidden CS8019: Unnecessary using directive.
C:\gh\azure-sdk-for-net\sdk\privatedns\Microsoft.Azure.Management.PrivateDns\tests\Properties\AssemblyInfo.cs(5,1): hidden CS8019: Unnecessary using directive.
C:\gh\azure-sdk-for-net\sdk\privatedns\Microsoft.Azure.Management.PrivateDns\tests\Extensions\HttpResponseMessageWrapperExtensions.cs(10,5): hidden CS8019: Unnecessary using directive.
C:\gh\azure-sdk-for-net\sdk\privatedns\Microsoft.Azure.Management.PrivateDns\tests\ScenarioTests\PrivateZoneScenarioTests.cs(17,5): hidden CS8019: Unnecessary using directive.
C:\gh\azure-sdk-for-net\sdk\privatedns\Microsoft.Azure.Management.PrivateDns\tests\ScenarioTests\BaseScenarioTests.cs(19,5): hidden CS8019: Unnecessary using directive.
C:\gh\azure-sdk-for-net\artifacts\obj\Microsoft.Azure.Management.PrivateDns.Tests\Debug\netcoreapp3.1\.NETCoreApp,Version=v3.1.AssemblyAttributes.cs(2,1): hidden CS8019: Unnecessary using directive.
C:\gh\azure-sdk-for-net\sdk\privatedns\Microsoft.Azure.Management.PrivateDns\tests\ScenarioTests\VirtualNetworkLinkTests.cs(14,5): hidden CS8019: Unnecessary using directive.
C:\gh\azure-sdk-for-net\sdk\privatedns\Microsoft.Azure.Management.PrivateDns\tests\ScenarioTests\BaseScenarioTests.cs(22,5): hidden CS8019: Unnecessary using directive.
C:\gh\azure-sdk-for-net\sdk\privatedns\Microsoft.Azure.Management.PrivateDns\tests\Helpers\ClientFactory.cs(12,5): hidden CS8019: Unnecessary using directive.
C:\gh\azure-sdk-for-net\sdk\privatedns\Microsoft.Azure.Management.PrivateDns\tests\Extensions\NetworkManagementClientExtensions.cs(10,5): hidden CS8019: Unnecessary using directive.
C:\gh\azure-sdk-for-net\sdk\privatedns\Microsoft.Azure.Management.PrivateDns\tests\ScenarioTests\BaseScenarioTests.cs(18,5): hidden CS8019: Unnecessary using directive.
C:\gh\azure-sdk-for-net\artifacts\obj\Microsoft.Azure.Management.PrivateDns.Tests\Debug\netcoreapp3.1\Microsoft.Azure.Management.PrivateDns.Tests.AssemblyInfo.cs(11,1): hidden CS8019: Unnecessary using directive.
C:\gh\azure-sdk-for-net\sdk\privatedns\Microsoft.Azure.Management.PrivateDns\tests\ScenarioTests\VirtualNetworkLinkTests.cs(19,5): hidden CS8019: Unnecessary using directive.
C:\gh\azure-sdk-for-net\sdk\privatedns\Microsoft.Azure.Management.PrivateDns\tests\Extensions\NetworkManagementClientExtensions.cs(12,5): hidden CS8019: Unnecessary using directive.
C:\gh\azure-sdk-for-net\sdk\privatedns\Microsoft.Azure.Management.PrivateDns\tests\Extensions\ResourceManagementClientExtensions.cs(12,5): hidden CS8019: Unnecessary using directive.
C:\gh\azure-sdk-for-net\sdk\privatedns\Microsoft.Azure.Management.PrivateDns\tests\TestDataGenerator.cs(15,5): hidden CS8019: Unnecessary using directive.
C:\gh\azure-sdk-for-net\sdk\privatedns\Microsoft.Azure.Management.PrivateDns\tests\ScenarioTests\RecordSetScenarioTests.cs(16,5): hidden CS8019: Unnecessary using directive.
C:\gh\azure-sdk-for-net\sdk\privatedns\Microsoft.Azure.Management.PrivateDns\tests\Extensions\HttpResponseMessageWrapperExtensions.cs(11,5): hidden CS8019: Unnecessary using directive.
C:\gh\azure-sdk-for-net\sdk\privatedns\Microsoft.Azure.Management.PrivateDns\tests\ScenarioTests\RecordSetScenarioTests.cs(13,5): hidden CS8019: Unnecessary using directive.
C:\gh\azure-sdk-for-net\sdk\privatedns\Microsoft.Azure.Management.PrivateDns\tests\ScenarioTests\VirtualNetworkLinkTests.cs(15,5): hidden CS8019: Unnecessary using directive.
C:\gh\azure-sdk-for-net\sdk\privatedns\Microsoft.Azure.Management.PrivateDns\tests\ScenarioTests\PrivateZoneScenarioTests.cs(13,5): hidden CS8019: Unnecessary using directive.
C:\gh\azure-sdk-for-net\sdk\privatedns\Microsoft.Azure.Management.PrivateDns\tests\ScenarioTests\RecordSetScenarioTests.cs(20,5): hidden CS8019: Unnecessary using directive.
C:\gh\azure-sdk-for-net\sdk\privatedns\Microsoft.Azure.Management.PrivateDns\tests\TestDataGenerator.cs(14,5): hidden CS8019: Unnecessary using directive.
C:\gh\azure-sdk-for-net\sdk\privatedns\Microsoft.Azure.Management.PrivateDns\tests\ScenarioTests\VirtualNetworkLinkTests.cs(13,5): hidden CS8019: Unnecessary using directive.
C:\gh\azure-sdk-for-net\sdk\privatedns\Microsoft.Azure.Management.PrivateDns\tests\ScenarioTests\PrivateZoneScenarioTests.cs(16,5): hidden CS8019: Unnecessary using directive.
C:\gh\azure-sdk-for-net\sdk\privatedns\Microsoft.Azure.Management.PrivateDns\tests\Extensions\NetworkManagementClientExtensions.cs(11,5): hidden CS8019: Unnecessary using directive.
C:\gh\azure-sdk-for-net\sdk\privatedns\Microsoft.Azure.Management.PrivateDns\tests\Validation\RecordSetAssertions.cs(10,1): hidden CS8019: Unnecessary using directive.
C:\gh\azure-sdk-for-net\eng\mgmt\DisableTestRunParallel.cs(4,1): hidden CS8019: Unnecessary using directive.
C:\gh\azure-sdk-for-net\sdk\privatedns\Microsoft.Azure.Management.PrivateDns\tests\ScenarioTests\BaseScenarioTests.cs(17,5): hidden CS8019: Unnecessary using directive.
C:\gh\azure-sdk-for-net\sdk\privatedns\Microsoft.Azure.Management.PrivateDns\tests\ScenarioTests\RecordSetScenarioTests.cs(19,5): hidden CS8019: Unnecessary using directive.
C:\gh\azure-sdk-for-net\sdk\privatedns\Microsoft.Azure.Management.PrivateDns\tests\Helpers\ClientFactory.cs(9,5): hidden CS8019: Unnecessary using directive.
C:\gh\azure-sdk-for-net\sdk\privatedns\Microsoft.Azure.Management.PrivateDns\tests\ScenarioTests\BaseScenarioTests.cs(14,5): hidden CS8019: Unnecessary using directive.
C:\gh\azure-sdk-for-net\sdk\privatedns\Microsoft.Azure.Management.PrivateDns\tests\ScenarioTests\VirtualNetworkLinkTests.cs(18,5): hidden CS8019: Unnecessary using directive.
C:\gh\azure-sdk-for-net\sdk\privatedns\Microsoft.Azure.Management.PrivateDns\tests\Validation\RecordSetAssertions.cs(12,1): hidden CS8019: Unnecessary using directive.
C:\gh\azure-sdk-for-net\sdk\privatedns\Microsoft.Azure.Management.PrivateDns\tests\Helpers\ClientFactory.cs(11,5): hidden CS8019: Unnecessary using directive.
C:\gh\azure-sdk-for-net\sdk\privatedns\Microsoft.Azure.Management.PrivateDns\tests\ScenarioTests\PrivateZoneScenarioTests.cs(20,5): hidden CS8019: Unnecessary using directive.
C:\gh\azure-sdk-for-net\sdk\privatedns\Microsoft.Azure.Management.PrivateDns\tests\Extensions\ResourceManagementClientExtensions.cs(11,5): hidden CS8019: Unnecessary using directive.
C:\gh\azure-sdk-for-net\sdk\privatedns\Microsoft.Azure.Management.PrivateDns\tests\TestDataGenerator.cs(12,5): hidden CS8019: Unnecessary using directive.
C:\gh\azure-sdk-for-net\sdk\privatedns\Microsoft.Azure.Management.PrivateDns\tests\ScenarioTests\VirtualNetworkLinkTests.cs(23,5): hidden CS8019: Unnecessary using directive.
C:\gh\azure-sdk-for-net\sdk\privatedns\Microsoft.Azure.Management.PrivateDns\tests\ScenarioTests\PrivateZoneScenarioTests.cs(19,5): hidden CS8019: Unnecessary using directive.
C:\gh\azure-sdk-for-net\sdk\privatedns\Microsoft.Azure.Management.PrivateDns\tests\Extensions\HttpResponseMessageWrapperExtensions.cs(12,5): hidden CS8019: Unnecessary using directive.
