C:\gh\azure-sdk-for-net\sdk\avs\Microsoft.Azure.Management.Avs\tests\DatastoresTests.cs(12,36): error CS0246: The type or namespace name 'TestBase' could not be found (are you missing a using directive or an assembly reference?)
C:\gh\azure-sdk-for-net\sdk\avs\Microsoft.Azure.Management.Avs\tests\ScriptingTests.cs(12,35): error CS0246: The type or namespace name 'TestBase' could not be found (are you missing a using directive or an assembly reference?)
C:\gh\azure-sdk-for-net\sdk\avs\Microsoft.Azure.Management.Avs\tests\CloudLinksTests.cs(13,36): error CS0246: The type or namespace name 'TestBase' could not be found (are you missing a using directive or an assembly reference?)
C:\gh\azure-sdk-for-net\sdk\avs\Microsoft.Azure.Management.Avs\tests\WorkloadNetworksTests.cs(14,42): error CS0246: The type or namespace name 'TestBase' could not be found (are you missing a using directive or an assembly reference?)
C:\gh\azure-sdk-for-net\sdk\avs\Microsoft.Azure.Management.Avs\tests\AvsTests.cs(13,29): error CS0246: The type or namespace name 'TestBase' could not be found (are you missing a using directive or an assembly reference?)
C:\gh\azure-sdk-for-net\sdk\avs\Microsoft.Azure.Management.Avs\tests\AddonsTests.cs(14,32): error CS0246: The type or namespace name 'TestBase' could not be found (are you missing a using directive or an assembly reference?)
C:\gh\azure-sdk-for-net\sdk\avs\Microsoft.Azure.Management.Avs\tests\GlobalReachConnectionsTests.cs(13,48): error CS0246: The type or namespace name 'TestBase' could not be found (are you missing a using directive or an assembly reference?)
C:\gh\azure-sdk-for-net\eng\mgmt\DisableTestRunParallel.cs(7,12): error CS0246: The type or namespace name 'CollectionBehaviorAttribute' could not be found (are you missing a using directive or an assembly reference?)
C:\gh\azure-sdk-for-net\eng\mgmt\DisableTestRunParallel.cs(7,12): error CS0246: The type or namespace name 'CollectionBehavior' could not be found (are you missing a using directive or an assembly reference?)
C:\gh\azure-sdk-for-net\eng\mgmt\DisableTestRunParallel.cs(7,31): error CS0246: The type or namespace name 'DisableTestParallelization' could not be found (are you missing a using directive or an assembly reference?)
C:\gh\azure-sdk-for-net\eng\mgmt\DisableTestRunParallel.cs(7,66): error CS0246: The type or namespace name 'MaxParallelThreads' could not be found (are you missing a using directive or an assembly reference?)
C:\gh\azure-sdk-for-net\sdk\avs\Microsoft.Azure.Management.Avs\tests\AddonsTests.cs(10,50): error CS0234: The type or namespace name 'ResourceManager' does not exist in the namespace 'Microsoft.Azure.Management' (are you missing an assembly reference?)
C:\gh\azure-sdk-for-net\sdk\avs\Microsoft.Azure.Management.Avs\tests\AddonsTests.cs(7,34): error CS0234: The type or namespace name 'ResourceManager' does not exist in the namespace 'Microsoft.Azure.Management' (are you missing an assembly reference?)
C:\gh\azure-sdk-for-net\sdk\avs\Microsoft.Azure.Management.Avs\tests\AddonsTests.cs(8,17): error CS0234: The type or namespace name 'Rest' does not exist in the namespace 'Microsoft' (are you missing an assembly reference?)
C:\gh\azure-sdk-for-net\sdk\avs\Microsoft.Azure.Management.Avs\tests\AddonsTests.cs(9,7): error CS0246: The type or namespace name 'Xunit' could not be found (are you missing a using directive or an assembly reference?)
C:\gh\azure-sdk-for-net\sdk\avs\Microsoft.Azure.Management.Avs\tests\AvsTests.cs(7,34): error CS0234: The type or namespace name 'ResourceManager' does not exist in the namespace 'Microsoft.Azure.Management' (are you missing an assembly reference?)
C:\gh\azure-sdk-for-net\sdk\avs\Microsoft.Azure.Management.Avs\tests\AvsTests.cs(8,17): error CS0234: The type or namespace name 'Rest' does not exist in the namespace 'Microsoft' (are you missing an assembly reference?)
C:\gh\azure-sdk-for-net\sdk\avs\Microsoft.Azure.Management.Avs\tests\AvsTests.cs(9,7): error CS0246: The type or namespace name 'Xunit' could not be found (are you missing a using directive or an assembly reference?)
C:\gh\azure-sdk-for-net\sdk\avs\Microsoft.Azure.Management.Avs\tests\CloudLinksTests.cs(7,34): error CS0234: The type or namespace name 'ResourceManager' does not exist in the namespace 'Microsoft.Azure.Management' (are you missing an assembly reference?)
C:\gh\azure-sdk-for-net\sdk\avs\Microsoft.Azure.Management.Avs\tests\CloudLinksTests.cs(8,17): error CS0234: The type or namespace name 'Rest' does not exist in the namespace 'Microsoft' (are you missing an assembly reference?)
C:\gh\azure-sdk-for-net\sdk\avs\Microsoft.Azure.Management.Avs\tests\CloudLinksTests.cs(9,7): error CS0246: The type or namespace name 'Xunit' could not be found (are you missing a using directive or an assembly reference?)
C:\gh\azure-sdk-for-net\sdk\avs\Microsoft.Azure.Management.Avs\tests\DatastoresTests.cs(6,34): error CS0234: The type or namespace name 'ResourceManager' does not exist in the namespace 'Microsoft.Azure.Management' (are you missing an assembly reference?)
C:\gh\azure-sdk-for-net\sdk\avs\Microsoft.Azure.Management.Avs\tests\DatastoresTests.cs(7,17): error CS0234: The type or namespace name 'Rest' does not exist in the namespace 'Microsoft' (are you missing an assembly reference?)
C:\gh\azure-sdk-for-net\sdk\avs\Microsoft.Azure.Management.Avs\tests\DatastoresTests.cs(8,7): error CS0246: The type or namespace name 'Xunit' could not be found (are you missing a using directive or an assembly reference?)
C:\gh\azure-sdk-for-net\sdk\avs\Microsoft.Azure.Management.Avs\tests\GlobalReachConnectionsTests.cs(7,34): error CS0234: The type or namespace name 'ResourceManager' does not exist in the namespace 'Microsoft.Azure.Management' (are you missing an assembly reference?)
C:\gh\azure-sdk-for-net\sdk\avs\Microsoft.Azure.Management.Avs\tests\GlobalReachConnectionsTests.cs(8,17): error CS0234: The type or namespace name 'Rest' does not exist in the namespace 'Microsoft' (are you missing an assembly reference?)
C:\gh\azure-sdk-for-net\sdk\avs\Microsoft.Azure.Management.Avs\tests\GlobalReachConnectionsTests.cs(9,7): error CS0246: The type or namespace name 'Xunit' could not be found (are you missing a using directive or an assembly reference?)
C:\gh\azure-sdk-for-net\sdk\avs\Microsoft.Azure.Management.Avs\tests\ScriptingTests.cs(6,34): error CS0234: The type or namespace name 'ResourceManager' does not exist in the namespace 'Microsoft.Azure.Management' (are you missing an assembly reference?)
C:\gh\azure-sdk-for-net\sdk\avs\Microsoft.Azure.Management.Avs\tests\ScriptingTests.cs(7,17): error CS0234: The type or namespace name 'Rest' does not exist in the namespace 'Microsoft' (are you missing an assembly reference?)
C:\gh\azure-sdk-for-net\sdk\avs\Microsoft.Azure.Management.Avs\tests\ScriptingTests.cs(8,7): error CS0246: The type or namespace name 'Xunit' could not be found (are you missing a using directive or an assembly reference?)
C:\gh\azure-sdk-for-net\sdk\avs\Microsoft.Azure.Management.Avs\tests\WorkloadNetworksTests.cs(6,34): error CS0234: The type or namespace name 'ResourceManager' does not exist in the namespace 'Microsoft.Azure.Management' (are you missing an assembly reference?)
C:\gh\azure-sdk-for-net\sdk\avs\Microsoft.Azure.Management.Avs\tests\WorkloadNetworksTests.cs(7,17): error CS0234: The type or namespace name 'Rest' does not exist in the namespace 'Microsoft' (are you missing an assembly reference?)
C:\gh\azure-sdk-for-net\sdk\avs\Microsoft.Azure.Management.Avs\tests\WorkloadNetworksTests.cs(8,7): error CS0246: The type or namespace name 'Xunit' could not be found (are you missing a using directive or an assembly reference?)
C:\gh\azure-sdk-for-net\eng\mgmt\DisableTestRunParallel.cs(5,7): error CS0246: The type or namespace name 'Xunit' could not be found (are you missing a using directive or an assembly reference?)
C:\gh\azure-sdk-for-net\sdk\avs\Microsoft.Azure.Management.Avs\tests\DatastoresTests.cs(14,10): error CS0246: The type or namespace name 'FactAttribute' could not be found (are you missing a using directive or an assembly reference?)
C:\gh\azure-sdk-for-net\sdk\avs\Microsoft.Azure.Management.Avs\tests\DatastoresTests.cs(14,10): error CS0246: The type or namespace name 'Fact' could not be found (are you missing a using directive or an assembly reference?)
C:\gh\azure-sdk-for-net\sdk\avs\Microsoft.Azure.Management.Avs\tests\AvsTests.cs(15,10): error CS0246: The type or namespace name 'FactAttribute' could not be found (are you missing a using directive or an assembly reference?)
C:\gh\azure-sdk-for-net\sdk\avs\Microsoft.Azure.Management.Avs\tests\AvsTests.cs(15,10): error CS0246: The type or namespace name 'Fact' could not be found (are you missing a using directive or an assembly reference?)
C:\gh\azure-sdk-for-net\sdk\avs\Microsoft.Azure.Management.Avs\tests\AddonsTests.cs(18,10): error CS0246: The type or namespace name 'FactAttribute' could not be found (are you missing a using directive or an assembly reference?)
C:\gh\azure-sdk-for-net\sdk\avs\Microsoft.Azure.Management.Avs\tests\AddonsTests.cs(18,10): error CS0246: The type or namespace name 'Fact' could not be found (are you missing a using directive or an assembly reference?)
C:\gh\azure-sdk-for-net\sdk\avs\Microsoft.Azure.Management.Avs\tests\CloudLinksTests.cs(16,10): error CS0246: The type or namespace name 'FactAttribute' could not be found (are you missing a using directive or an assembly reference?)
C:\gh\azure-sdk-for-net\sdk\avs\Microsoft.Azure.Management.Avs\tests\CloudLinksTests.cs(16,10): error CS0246: The type or namespace name 'Fact' could not be found (are you missing a using directive or an assembly reference?)
C:\gh\azure-sdk-for-net\sdk\avs\Microsoft.Azure.Management.Avs\tests\ScriptingTests.cs(14,10): error CS0246: The type or namespace name 'FactAttribute' could not be found (are you missing a using directive or an assembly reference?)
C:\gh\azure-sdk-for-net\sdk\avs\Microsoft.Azure.Management.Avs\tests\ScriptingTests.cs(14,10): error CS0246: The type or namespace name 'Fact' could not be found (are you missing a using directive or an assembly reference?)
C:\gh\azure-sdk-for-net\sdk\avs\Microsoft.Azure.Management.Avs\tests\AvsTests.cs(99,10): error CS0246: The type or namespace name 'FactAttribute' could not be found (are you missing a using directive or an assembly reference?)
C:\gh\azure-sdk-for-net\sdk\avs\Microsoft.Azure.Management.Avs\tests\AvsTests.cs(99,10): error CS0246: The type or namespace name 'Fact' could not be found (are you missing a using directive or an assembly reference?)
C:\gh\azure-sdk-for-net\sdk\avs\Microsoft.Azure.Management.Avs\tests\ScriptingTests.cs(30,10): error CS0246: The type or namespace name 'FactAttribute' could not be found (are you missing a using directive or an assembly reference?)
C:\gh\azure-sdk-for-net\sdk\avs\Microsoft.Azure.Management.Avs\tests\ScriptingTests.cs(30,10): error CS0246: The type or namespace name 'Fact' could not be found (are you missing a using directive or an assembly reference?)
C:\gh\azure-sdk-for-net\sdk\avs\Microsoft.Azure.Management.Avs\tests\WorkloadNetworksTests.cs(16,10): error CS0246: The type or namespace name 'FactAttribute' could not be found (are you missing a using directive or an assembly reference?)
C:\gh\azure-sdk-for-net\sdk\avs\Microsoft.Azure.Management.Avs\tests\WorkloadNetworksTests.cs(16,10): error CS0246: The type or namespace name 'Fact' could not be found (are you missing a using directive or an assembly reference?)
C:\gh\azure-sdk-for-net\sdk\avs\Microsoft.Azure.Management.Avs\tests\AvsTests.cs(115,10): error CS0246: The type or namespace name 'FactAttribute' could not be found (are you missing a using directive or an assembly reference?)
C:\gh\azure-sdk-for-net\sdk\avs\Microsoft.Azure.Management.Avs\tests\AvsTests.cs(115,10): error CS0246: The type or namespace name 'Fact' could not be found (are you missing a using directive or an assembly reference?)
C:\gh\azure-sdk-for-net\sdk\avs\Microsoft.Azure.Management.Avs\tests\ScriptingTests.cs(47,10): error CS0246: The type or namespace name 'FactAttribute' could not be found (are you missing a using directive or an assembly reference?)
C:\gh\azure-sdk-for-net\sdk\avs\Microsoft.Azure.Management.Avs\tests\ScriptingTests.cs(47,10): error CS0246: The type or namespace name 'Fact' could not be found (are you missing a using directive or an assembly reference?)
C:\gh\azure-sdk-for-net\sdk\avs\Microsoft.Azure.Management.Avs\tests\AvsTests.cs(142,10): error CS0246: The type or namespace name 'FactAttribute' could not be found (are you missing a using directive or an assembly reference?)
C:\gh\azure-sdk-for-net\sdk\avs\Microsoft.Azure.Management.Avs\tests\AvsTests.cs(142,10): error CS0246: The type or namespace name 'Fact' could not be found (are you missing a using directive or an assembly reference?)
C:\gh\azure-sdk-for-net\sdk\avs\Microsoft.Azure.Management.Avs\tests\WorkloadNetworksTests.cs(44,10): error CS0246: The type or namespace name 'FactAttribute' could not be found (are you missing a using directive or an assembly reference?)
C:\gh\azure-sdk-for-net\sdk\avs\Microsoft.Azure.Management.Avs\tests\WorkloadNetworksTests.cs(44,10): error CS0246: The type or namespace name 'Fact' could not be found (are you missing a using directive or an assembly reference?)
C:\gh\azure-sdk-for-net\sdk\avs\Microsoft.Azure.Management.Avs\tests\GlobalReachConnectionsTests.cs(16,10): error CS0246: The type or namespace name 'FactAttribute' could not be found (are you missing a using directive or an assembly reference?)
C:\gh\azure-sdk-for-net\sdk\avs\Microsoft.Azure.Management.Avs\tests\GlobalReachConnectionsTests.cs(16,10): error CS0246: The type or namespace name 'Fact' could not be found (are you missing a using directive or an assembly reference?)
C:\gh\azure-sdk-for-net\sdk\avs\Microsoft.Azure.Management.Avs\tests\WorkloadNetworksTests.cs(112,10): error CS0246: The type or namespace name 'FactAttribute' could not be found (are you missing a using directive or an assembly reference?)
C:\gh\azure-sdk-for-net\sdk\avs\Microsoft.Azure.Management.Avs\tests\WorkloadNetworksTests.cs(112,10): error CS0246: The type or namespace name 'Fact' could not be found (are you missing a using directive or an assembly reference?)
C:\gh\azure-sdk-for-net\sdk\avs\Microsoft.Azure.Management.Avs\tests\WorkloadNetworksTests.cs(144,10): error CS0246: The type or namespace name 'FactAttribute' could not be found (are you missing a using directive or an assembly reference?)
C:\gh\azure-sdk-for-net\sdk\avs\Microsoft.Azure.Management.Avs\tests\WorkloadNetworksTests.cs(144,10): error CS0246: The type or namespace name 'Fact' could not be found (are you missing a using directive or an assembly reference?)
C:\gh\azure-sdk-for-net\sdk\avs\Microsoft.Azure.Management.Avs\tests\CloudLinksTests.cs(19,33): error CS0103: The name 'MockContext' does not exist in the current context
C:\gh\azure-sdk-for-net\sdk\avs\Microsoft.Azure.Management.Avs\tests\WorkloadNetworksTests.cs(19,33): error CS0103: The name 'MockContext' does not exist in the current context
C:\gh\azure-sdk-for-net\sdk\avs\Microsoft.Azure.Management.Avs\tests\DatastoresTests.cs(17,33): error CS0103: The name 'MockContext' does not exist in the current context
C:\gh\azure-sdk-for-net\sdk\avs\Microsoft.Azure.Management.Avs\tests\AvsTests.cs(18,33): error CS0103: The name 'MockContext' does not exist in the current context
C:\gh\azure-sdk-for-net\sdk\avs\Microsoft.Azure.Management.Avs\tests\AvsTests.cs(19,29): error CS0103: The name 'TestUtilities' does not exist in the current context
C:\gh\azure-sdk-for-net\sdk\avs\Microsoft.Azure.Management.Avs\tests\AvsTests.cs(20,32): error CS0103: The name 'TestUtilities' does not exist in the current context
C:\gh\azure-sdk-for-net\sdk\avs\Microsoft.Azure.Management.Avs\tests\AvsTests.cs(21,34): error CS0103: The name 'TestUtilities' does not exist in the current context
C:\gh\azure-sdk-for-net\sdk\avs\Microsoft.Azure.Management.Avs\tests\AvsTests.cs(23,44): error CS0103: The name 'TestUtilities' does not exist in the current context
C:\gh\azure-sdk-for-net\sdk\avs\Microsoft.Azure.Management.Avs\tests\AvsTests.cs(24,31): error CS0103: The name 'TestUtilities' does not exist in the current context
C:\gh\azure-sdk-for-net\sdk\avs\Microsoft.Azure.Management.Avs\tests\AvsTests.cs(29,13): error CS0103: The name 'Assert' does not exist in the current context
C:\gh\azure-sdk-for-net\sdk\avs\Microsoft.Azure.Management.Avs\tests\AvsTests.cs(46,13): error CS0103: The name 'Assert' does not exist in the current context
C:\gh\azure-sdk-for-net\sdk\avs\Microsoft.Azure.Management.Avs\tests\AvsTests.cs(53,13): error CS0103: The name 'Assert' does not exist in the current context
C:\gh\azure-sdk-for-net\sdk\avs\Microsoft.Azure.Management.Avs\tests\AvsTests.cs(62,13): error CS0103: The name 'Assert' does not exist in the current context
C:\gh\azure-sdk-for-net\sdk\avs\Microsoft.Azure.Management.Avs\tests\AvsTests.cs(73,13): error CS0103: The name 'Assert' does not exist in the current context
C:\gh\azure-sdk-for-net\sdk\avs\Microsoft.Azure.Management.Avs\tests\AvsTests.cs(85,13): error CS0103: The name 'Assert' does not exist in the current context
C:\gh\azure-sdk-for-net\sdk\avs\Microsoft.Azure.Management.Avs\tests\AvsTests.cs(102,33): error CS0103: The name 'MockContext' does not exist in the current context
C:\gh\azure-sdk-for-net\sdk\avs\Microsoft.Azure.Management.Avs\tests\AvsTests.cs(118,33): error CS0103: The name 'MockContext' does not exist in the current context
C:\gh\azure-sdk-for-net\sdk\avs\Microsoft.Azure.Management.Avs\tests\AvsTests.cs(119,29): error CS0103: The name 'TestUtilities' does not exist in the current context
C:\gh\azure-sdk-for-net\sdk\avs\Microsoft.Azure.Management.Avs\tests\AvsTests.cs(120,32): error CS0103: The name 'TestUtilities' does not exist in the current context
C:\gh\azure-sdk-for-net\sdk\avs\Microsoft.Azure.Management.Avs\tests\AvsTests.cs(121,34): error CS0103: The name 'TestUtilities' does not exist in the current context
C:\gh\azure-sdk-for-net\sdk\avs\Microsoft.Azure.Management.Avs\tests\AvsTests.cs(145,33): error CS0103: The name 'MockContext' does not exist in the current context
C:\gh\azure-sdk-for-net\sdk\avs\Microsoft.Azure.Management.Avs\tests\AvsTests.cs(146,29): error CS0103: The name 'TestUtilities' does not exist in the current context
C:\gh\azure-sdk-for-net\sdk\avs\Microsoft.Azure.Management.Avs\tests\AvsTests.cs(147,32): error CS0103: The name 'TestUtilities' does not exist in the current context
C:\gh\azure-sdk-for-net\sdk\avs\Microsoft.Azure.Management.Avs\tests\AvsTests.cs(148,34): error CS0103: The name 'TestUtilities' does not exist in the current context
C:\gh\azure-sdk-for-net\sdk\avs\Microsoft.Azure.Management.Avs\tests\GlobalReachConnectionsTests.cs(19,33): error CS0103: The name 'MockContext' does not exist in the current context
C:\gh\azure-sdk-for-net\sdk\avs\Microsoft.Azure.Management.Avs\tests\WorkloadNetworksTests.cs(47,33): error CS0103: The name 'MockContext' does not exist in the current context
C:\gh\azure-sdk-for-net\sdk\avs\Microsoft.Azure.Management.Avs\tests\AddonsTests.cs(21,33): error CS0103: The name 'MockContext' does not exist in the current context
C:\gh\azure-sdk-for-net\sdk\avs\Microsoft.Azure.Management.Avs\tests\AddonsTests.cs(22,29): error CS0103: The name 'TestUtilities' does not exist in the current context
C:\gh\azure-sdk-for-net\sdk\avs\Microsoft.Azure.Management.Avs\tests\AddonsTests.cs(23,32): error CS0103: The name 'TestUtilities' does not exist in the current context
C:\gh\azure-sdk-for-net\sdk\avs\Microsoft.Azure.Management.Avs\tests\AddonsTests.cs(27,59): error CS0246: The type or namespace name 'ResourceManagementClient' could not be found (are you missing a using directive or an assembly reference?)
C:\gh\azure-sdk-for-net\sdk\avs\Microsoft.Azure.Management.Avs\tests\AddonsTests.cs(46,17): error CS0103: The name 'Assert' does not exist in the current context
C:\gh\azure-sdk-for-net\sdk\avs\Microsoft.Azure.Management.Avs\tests\AddonsTests.cs(57,17): error CS0103: The name 'Assert' does not exist in the current context
C:\gh\azure-sdk-for-net\sdk\avs\Microsoft.Azure.Management.Avs\tests\WorkloadNetworksTests.cs(115,33): error CS0103: The name 'MockContext' does not exist in the current context
C:\gh\azure-sdk-for-net\sdk\avs\Microsoft.Azure.Management.Avs\tests\WorkloadNetworksTests.cs(147,33): error CS0103: The name 'MockContext' does not exist in the current context
C:\gh\azure-sdk-for-net\sdk\avs\Microsoft.Azure.Management.Avs\tests\ScriptingTests.cs(17,33): error CS0103: The name 'MockContext' does not exist in the current context
C:\gh\azure-sdk-for-net\sdk\avs\Microsoft.Azure.Management.Avs\tests\ScriptingTests.cs(33,33): error CS0103: The name 'MockContext' does not exist in the current context
C:\gh\azure-sdk-for-net\sdk\avs\Microsoft.Azure.Management.Avs\tests\ScriptingTests.cs(50,33): error CS0103: The name 'MockContext' does not exist in the current context
C:\gh\azure-sdk-for-net\sdk\avs\Microsoft.Azure.Management.Avs\tests\ScriptingTests.cs(53,36): error CS0103: The name 'TestUtilities' does not exist in the current context
C:\gh\azure-sdk-for-net\sdk\avs\Microsoft.Azure.Management.Avs\tests\WorkloadNetworksTests.cs(6,1): hidden CS8019: Unnecessary using directive.
C:\gh\azure-sdk-for-net\sdk\avs\Microsoft.Azure.Management.Avs\tests\AvsTests.cs(9,1): hidden CS8019: Unnecessary using directive.
C:\gh\azure-sdk-for-net\sdk\avs\Microsoft.Azure.Management.Avs\tests\CloudLinksTests.cs(8,1): hidden CS8019: Unnecessary using directive.
C:\gh\azure-sdk-for-net\eng\mgmt\DisableTestRunParallel.cs(5,1): hidden CS8019: Unnecessary using directive.
C:\gh\azure-sdk-for-net\sdk\avs\Microsoft.Azure.Management.Avs\tests\CloudLinksTests.cs(7,1): hidden CS8019: Unnecessary using directive.
C:\gh\azure-sdk-for-net\sdk\avs\Microsoft.Azure.Management.Avs\tests\GlobalReachConnectionsTests.cs(4,1): hidden CS8019: Unnecessary using directive.
C:\gh\azure-sdk-for-net\sdk\avs\Microsoft.Azure.Management.Avs\tests\WorkloadNetworksTests.cs(8,1): hidden CS8019: Unnecessary using directive.
C:\gh\azure-sdk-for-net\eng\mgmt\DisableTestRunParallel.cs(4,1): hidden CS8019: Unnecessary using directive.
C:\gh\azure-sdk-for-net\artifacts\obj\Microsoft.Azure.Management.Avs.Tests\Debug\net5.0\.NETCoreApp,Version=v5.0.AssemblyAttributes.cs(2,1): hidden CS8019: Unnecessary using directive.
C:\gh\azure-sdk-for-net\artifacts\obj\Microsoft.Azure.Management.Avs.Tests\Debug\net5.0\Microsoft.Azure.Management.Avs.Tests.AssemblyInfo.cs(12,1): hidden CS8019: Unnecessary using directive.
C:\gh\azure-sdk-for-net\sdk\avs\Microsoft.Azure.Management.Avs\tests\AddonsTests.cs(8,1): hidden CS8019: Unnecessary using directive.
C:\gh\azure-sdk-for-net\artifacts\obj\Microsoft.Azure.Management.Avs.Tests\Debug\net5.0\.NETCoreApp,Version=v5.0.AssemblyAttributes.cs(3,1): hidden CS8019: Unnecessary using directive.
C:\gh\azure-sdk-for-net\sdk\avs\Microsoft.Azure.Management.Avs\tests\DatastoresTests.cs(7,1): hidden CS8019: Unnecessary using directive.
C:\gh\azure-sdk-for-net\sdk\avs\Microsoft.Azure.Management.Avs\tests\CloudLinksTests.cs(9,1): hidden CS8019: Unnecessary using directive.
C:\gh\azure-sdk-for-net\sdk\avs\Microsoft.Azure.Management.Avs\tests\AddonsTests.cs(7,1): hidden CS8019: Unnecessary using directive.
C:\gh\azure-sdk-for-net\sdk\avs\Microsoft.Azure.Management.Avs\tests\DatastoresTests.cs(6,1): hidden CS8019: Unnecessary using directive.
C:\gh\azure-sdk-for-net\sdk\avs\Microsoft.Azure.Management.Avs\tests\AddonsTests.cs(9,1): hidden CS8019: Unnecessary using directive.
C:\gh\azure-sdk-for-net\sdk\avs\Microsoft.Azure.Management.Avs\tests\GlobalReachConnectionsTests.cs(8,1): hidden CS8019: Unnecessary using directive.
C:\gh\azure-sdk-for-net\sdk\avs\Microsoft.Azure.Management.Avs\tests\DatastoresTests.cs(8,1): hidden CS8019: Unnecessary using directive.
C:\gh\azure-sdk-for-net\sdk\avs\Microsoft.Azure.Management.Avs\tests\GlobalReachConnectionsTests.cs(7,1): hidden CS8019: Unnecessary using directive.
C:\gh\azure-sdk-for-net\sdk\avs\Microsoft.Azure.Management.Avs\tests\CloudLinksTests.cs(4,1): hidden CS8019: Unnecessary using directive.
C:\gh\azure-sdk-for-net\sdk\avs\Microsoft.Azure.Management.Avs\tests\ScriptingTests.cs(7,1): hidden CS8019: Unnecessary using directive.
C:\gh\azure-sdk-for-net\sdk\avs\Microsoft.Azure.Management.Avs\tests\ScriptingTests.cs(6,1): hidden CS8019: Unnecessary using directive.
C:\gh\azure-sdk-for-net\sdk\avs\Microsoft.Azure.Management.Avs\tests\GlobalReachConnectionsTests.cs(9,1): hidden CS8019: Unnecessary using directive.
C:\gh\azure-sdk-for-net\sdk\avs\Microsoft.Azure.Management.Avs\tests\AvsTests.cs(8,1): hidden CS8019: Unnecessary using directive.
C:\gh\azure-sdk-for-net\sdk\avs\Microsoft.Azure.Management.Avs\tests\AvsTests.cs(7,1): hidden CS8019: Unnecessary using directive.
C:\gh\azure-sdk-for-net\sdk\avs\Microsoft.Azure.Management.Avs\tests\WorkloadNetworksTests.cs(7,1): hidden CS8019: Unnecessary using directive.
C:\gh\azure-sdk-for-net\artifacts\obj\Microsoft.Azure.Management.Avs.Tests\Debug\net5.0\Microsoft.Azure.Management.Avs.Tests.AssemblyInfo.cs(11,1): hidden CS8019: Unnecessary using directive.
C:\gh\azure-sdk-for-net\sdk\avs\Microsoft.Azure.Management.Avs\tests\ScriptingTests.cs(8,1): hidden CS8019: Unnecessary using directive.
