C:\gh\azure-sdk-for-net\sdk\powerbidedicated\Microsoft.Azure.Management.PowerBIDedicated\tests\ScenarioTests\CapacityOperationsTests.cs(22,44): error CS0246: The type or namespace name 'TestBase' could not be found (are you missing a using directive or an assembly reference?)
C:\gh\azure-sdk-for-net\sdk\powerbidedicated\Microsoft.Azure.Management.PowerBIDedicated\tests\ScenarioTests\CapacityOperationsTests.cs(272,16): error CS0518: Predefined type 'System.Void' is not defined or imported
C:\gh\azure-sdk-for-net\sdk\powerbidedicated\Microsoft.Azure.Management.PowerBIDedicated\tests\Helpers\PowerBIDedicatedTestUtilities.cs(31,24): error CS0518: Predefined type 'System.Object' is not defined or imported
C:\gh\azure-sdk-for-net\sdk\powerbidedicated\Microsoft.Azure.Management.PowerBIDedicated\tests\Helpers\PowerBIDedicatedTestUtilities.cs(31,24): error CS0246: The type or namespace name 'HttpClientHandler' could not be found (are you missing a using directive or an assembly reference?)
C:\gh\azure-sdk-for-net\sdk\powerbidedicated\Microsoft.Azure.Management.PowerBIDedicated\tests\Helpers\PowerBIDedicatedTestUtilities.cs(85,24): error CS0518: Predefined type 'System.Object' is not defined or imported
C:\gh\azure-sdk-for-net\sdk\powerbidedicated\Microsoft.Azure.Management.PowerBIDedicated\tests\Helpers\PowerBIDedicatedTestUtilities.cs(85,24): error CS0246: The type or namespace name 'HttpClientHandler' could not be found (are you missing a using directive or an assembly reference?)
C:\gh\azure-sdk-for-net\sdk\powerbidedicated\Microsoft.Azure.Management.PowerBIDedicated\tests\Helpers\PowerBIDedicatedTestUtilities.cs(80,88): error CS0518: Predefined type 'System.Object' is not defined or imported
C:\gh\azure-sdk-for-net\sdk\powerbidedicated\Microsoft.Azure.Management.PowerBIDedicated\tests\Helpers\PowerBIDedicatedTestUtilities.cs(80,88): error CS0246: The type or namespace name 'TestBase' could not be found (are you missing a using directive or an assembly reference?)
C:\gh\azure-sdk-for-net\sdk\powerbidedicated\Microsoft.Azure.Management.PowerBIDedicated\tests\Helpers\PowerBIDedicatedTestUtilities.cs(80,107): error CS0518: Predefined type 'System.Object' is not defined or imported
C:\gh\azure-sdk-for-net\sdk\powerbidedicated\Microsoft.Azure.Management.PowerBIDedicated\tests\Helpers\PowerBIDedicatedTestUtilities.cs(80,107): error CS0246: The type or namespace name 'MockContext' could not be found (are you missing a using directive or an assembly reference?)
C:\gh\azure-sdk-for-net\sdk\powerbidedicated\Microsoft.Azure.Management.PowerBIDedicated\tests\Helpers\PowerBIDedicatedTestUtilities.cs(80,23): error CS0518: Predefined type 'System.Object' is not defined or imported
C:\gh\azure-sdk-for-net\sdk\powerbidedicated\Microsoft.Azure.Management.PowerBIDedicated\tests\Helpers\PowerBIDedicatedTestUtilities.cs(80,83): error CS1110: Cannot define a new extension method because the compiler required type 'System.Runtime.CompilerServices.ExtensionAttribute' cannot be found. Are you missing a reference to System.Core.dll?
C:\gh\azure-sdk-for-net\sdk\powerbidedicated\Microsoft.Azure.Management.PowerBIDedicated\tests\Helpers\PowerBIDedicatedTestUtilities.cs(61,23): error CS0518: Predefined type 'System.Object' is not defined or imported
C:\gh\azure-sdk-for-net\sdk\powerbidedicated\Microsoft.Azure.Management.PowerBIDedicated\tests\Helpers\PowerBIDedicatedTestUtilities.cs(42,23): error CS0518: Predefined type 'System.String' is not defined or imported
C:\gh\azure-sdk-for-net\sdk\powerbidedicated\Microsoft.Azure.Management.PowerBIDedicated\tests\Helpers\PowerBIDedicatedTestUtilities.cs(49,23): error CS0518: Predefined type 'System.Object' is not defined or imported
C:\gh\azure-sdk-for-net\sdk\powerbidedicated\Microsoft.Azure.Management.PowerBIDedicated\tests\Helpers\PowerBIDedicatedTestUtilities.cs(49,23): error CS0246: The type or namespace name 'Dictionary<,>' could not be found (are you missing a using directive or an assembly reference?)
C:\gh\azure-sdk-for-net\sdk\powerbidedicated\Microsoft.Azure.Management.PowerBIDedicated\tests\Helpers\PowerBIDedicatedTestUtilities.cs(49,34): error CS0518: Predefined type 'System.String' is not defined or imported
C:\gh\azure-sdk-for-net\sdk\powerbidedicated\Microsoft.Azure.Management.PowerBIDedicated\tests\Helpers\PowerBIDedicatedTestUtilities.cs(49,42): error CS0518: Predefined type 'System.String' is not defined or imported
C:\gh\azure-sdk-for-net\sdk\powerbidedicated\Microsoft.Azure.Management.PowerBIDedicated\tests\Helpers\PowerBIDedicatedTestUtilities.cs(44,23): error CS0518: Predefined type 'System.Object' is not defined or imported
C:\gh\azure-sdk-for-net\sdk\powerbidedicated\Microsoft.Azure.Management.PowerBIDedicated\tests\Helpers\PowerBIDedicatedTestUtilities.cs(55,23): error CS0518: Predefined type 'System.Object' is not defined or imported
C:\gh\azure-sdk-for-net\sdk\powerbidedicated\Microsoft.Azure.Management.PowerBIDedicated\tests\Helpers\PowerBIDedicatedTestUtilities.cs(55,23): error CS0246: The type or namespace name 'IList<>' could not be found (are you missing a using directive or an assembly reference?)
C:\gh\azure-sdk-for-net\sdk\powerbidedicated\Microsoft.Azure.Management.PowerBIDedicated\tests\Helpers\PowerBIDedicatedTestUtilities.cs(55,29): error CS0518: Predefined type 'System.String' is not defined or imported
C:\gh\azure-sdk-for-net\sdk\powerbidedicated\Microsoft.Azure.Management.PowerBIDedicated\tests\Helpers\PowerBIDedicatedTestUtilities.cs(32,24): error CS0518: Predefined type 'System.Object' is not defined or imported
C:\gh\azure-sdk-for-net\sdk\powerbidedicated\Microsoft.Azure.Management.PowerBIDedicated\tests\Helpers\PowerBIDedicatedTestUtilities.cs(32,24): error CS0246: The type or namespace name 'Uri' could not be found (are you missing a using directive or an assembly reference?)
C:\gh\azure-sdk-for-net\sdk\powerbidedicated\Microsoft.Azure.Management.PowerBIDedicated\tests\Helpers\PowerBIDedicatedTestUtilities.cs(40,23): error CS0518: Predefined type 'System.String' is not defined or imported
C:\gh\azure-sdk-for-net\sdk\powerbidedicated\Microsoft.Azure.Management.PowerBIDedicated\tests\Helpers\PowerBIDedicatedTestUtilities.cs(41,23): error CS0518: Predefined type 'System.String' is not defined or imported
C:\gh\azure-sdk-for-net\sdk\powerbidedicated\Microsoft.Azure.Management.PowerBIDedicated\tests\ScenarioTests\CapacityOperationsTests.cs(168,16): error CS0518: Predefined type 'System.Void' is not defined or imported
C:\gh\azure-sdk-for-net\sdk\powerbidedicated\Microsoft.Azure.Management.PowerBIDedicated\tests\Helpers\PowerBIDedicatedTestUtilities.cs(99,23): error CS0518: Predefined type 'System.Void' is not defined or imported
C:\gh\azure-sdk-for-net\sdk\powerbidedicated\Microsoft.Azure.Management.PowerBIDedicated\tests\ScenarioTests\CapacityOperationsTests.cs(25,16): error CS0518: Predefined type 'System.Void' is not defined or imported
C:\gh\azure-sdk-for-net\sdk\powerbidedicated\Microsoft.Azure.Management.PowerBIDedicated\tests\Properties\AssemblyInfo.cs(11,12): error CS0246: The type or namespace name 'AssemblyTitleAttribute' could not be found (are you missing a using directive or an assembly reference?)
C:\gh\azure-sdk-for-net\sdk\powerbidedicated\Microsoft.Azure.Management.PowerBIDedicated\tests\Properties\AssemblyInfo.cs(11,12): error CS0246: The type or namespace name 'AssemblyTitle' could not be found (are you missing a using directive or an assembly reference?)
C:\gh\azure-sdk-for-net\sdk\powerbidedicated\Microsoft.Azure.Management.PowerBIDedicated\tests\Properties\AssemblyInfo.cs(12,12): error CS0246: The type or namespace name 'AssemblyDescriptionAttribute' could not be found (are you missing a using directive or an assembly reference?)
C:\gh\azure-sdk-for-net\sdk\powerbidedicated\Microsoft.Azure.Management.PowerBIDedicated\tests\Properties\AssemblyInfo.cs(12,12): error CS0246: The type or namespace name 'AssemblyDescription' could not be found (are you missing a using directive or an assembly reference?)
C:\gh\azure-sdk-for-net\sdk\powerbidedicated\Microsoft.Azure.Management.PowerBIDedicated\tests\Properties\AssemblyInfo.cs(13,12): error CS0246: The type or namespace name 'AssemblyConfigurationAttribute' could not be found (are you missing a using directive or an assembly reference?)
C:\gh\azure-sdk-for-net\sdk\powerbidedicated\Microsoft.Azure.Management.PowerBIDedicated\tests\Properties\AssemblyInfo.cs(13,12): error CS0246: The type or namespace name 'AssemblyConfiguration' could not be found (are you missing a using directive or an assembly reference?)
C:\gh\azure-sdk-for-net\sdk\powerbidedicated\Microsoft.Azure.Management.PowerBIDedicated\tests\Properties\AssemblyInfo.cs(14,12): error CS0246: The type or namespace name 'AssemblyCompanyAttribute' could not be found (are you missing a using directive or an assembly reference?)
C:\gh\azure-sdk-for-net\sdk\powerbidedicated\Microsoft.Azure.Management.PowerBIDedicated\tests\Properties\AssemblyInfo.cs(14,12): error CS0246: The type or namespace name 'AssemblyCompany' could not be found (are you missing a using directive or an assembly reference?)
C:\gh\azure-sdk-for-net\sdk\powerbidedicated\Microsoft.Azure.Management.PowerBIDedicated\tests\Properties\AssemblyInfo.cs(15,12): error CS0246: The type or namespace name 'AssemblyProductAttribute' could not be found (are you missing a using directive or an assembly reference?)
C:\gh\azure-sdk-for-net\sdk\powerbidedicated\Microsoft.Azure.Management.PowerBIDedicated\tests\Properties\AssemblyInfo.cs(15,12): error CS0246: The type or namespace name 'AssemblyProduct' could not be found (are you missing a using directive or an assembly reference?)
C:\gh\azure-sdk-for-net\sdk\powerbidedicated\Microsoft.Azure.Management.PowerBIDedicated\tests\Properties\AssemblyInfo.cs(16,12): error CS0246: The type or namespace name 'AssemblyCopyrightAttribute' could not be found (are you missing a using directive or an assembly reference?)
C:\gh\azure-sdk-for-net\sdk\powerbidedicated\Microsoft.Azure.Management.PowerBIDedicated\tests\Properties\AssemblyInfo.cs(16,12): error CS0246: The type or namespace name 'AssemblyCopyright' could not be found (are you missing a using directive or an assembly reference?)
C:\gh\azure-sdk-for-net\sdk\powerbidedicated\Microsoft.Azure.Management.PowerBIDedicated\tests\Properties\AssemblyInfo.cs(17,12): error CS0246: The type or namespace name 'AssemblyTrademarkAttribute' could not be found (are you missing a using directive or an assembly reference?)
C:\gh\azure-sdk-for-net\sdk\powerbidedicated\Microsoft.Azure.Management.PowerBIDedicated\tests\Properties\AssemblyInfo.cs(17,12): error CS0246: The type or namespace name 'AssemblyTrademark' could not be found (are you missing a using directive or an assembly reference?)
C:\gh\azure-sdk-for-net\sdk\powerbidedicated\Microsoft.Azure.Management.PowerBIDedicated\tests\Properties\AssemblyInfo.cs(18,12): error CS0246: The type or namespace name 'AssemblyCultureAttribute' could not be found (are you missing a using directive or an assembly reference?)
C:\gh\azure-sdk-for-net\sdk\powerbidedicated\Microsoft.Azure.Management.PowerBIDedicated\tests\Properties\AssemblyInfo.cs(18,12): error CS0246: The type or namespace name 'AssemblyCulture' could not be found (are you missing a using directive or an assembly reference?)
C:\gh\azure-sdk-for-net\sdk\powerbidedicated\Microsoft.Azure.Management.PowerBIDedicated\tests\Properties\AssemblyInfo.cs(23,12): error CS0246: The type or namespace name 'ComVisibleAttribute' could not be found (are you missing a using directive or an assembly reference?)
C:\gh\azure-sdk-for-net\sdk\powerbidedicated\Microsoft.Azure.Management.PowerBIDedicated\tests\Properties\AssemblyInfo.cs(23,12): error CS0246: The type or namespace name 'ComVisible' could not be found (are you missing a using directive or an assembly reference?)
C:\gh\azure-sdk-for-net\sdk\powerbidedicated\Microsoft.Azure.Management.PowerBIDedicated\tests\Properties\AssemblyInfo.cs(26,12): error CS0246: The type or namespace name 'GuidAttribute' could not be found (are you missing a using directive or an assembly reference?)
C:\gh\azure-sdk-for-net\sdk\powerbidedicated\Microsoft.Azure.Management.PowerBIDedicated\tests\Properties\AssemblyInfo.cs(26,12): error CS0246: The type or namespace name 'Guid' could not be found (are you missing a using directive or an assembly reference?)
C:\gh\azure-sdk-for-net\sdk\powerbidedicated\Microsoft.Azure.Management.PowerBIDedicated\tests\Properties\AssemblyInfo.cs(37,12): error CS0246: The type or namespace name 'AssemblyVersionAttribute' could not be found (are you missing a using directive or an assembly reference?)
C:\gh\azure-sdk-for-net\sdk\powerbidedicated\Microsoft.Azure.Management.PowerBIDedicated\tests\Properties\AssemblyInfo.cs(37,12): error CS0246: The type or namespace name 'AssemblyVersion' could not be found (are you missing a using directive or an assembly reference?)
C:\gh\azure-sdk-for-net\sdk\powerbidedicated\Microsoft.Azure.Management.PowerBIDedicated\tests\Properties\AssemblyInfo.cs(38,12): error CS0246: The type or namespace name 'AssemblyFileVersionAttribute' could not be found (are you missing a using directive or an assembly reference?)
C:\gh\azure-sdk-for-net\sdk\powerbidedicated\Microsoft.Azure.Management.PowerBIDedicated\tests\Properties\AssemblyInfo.cs(38,12): error CS0246: The type or namespace name 'AssemblyFileVersion' could not be found (are you missing a using directive or an assembly reference?)
C:\gh\azure-sdk-for-net\eng\mgmt\DisableTestRunParallel.cs(7,12): error CS0246: The type or namespace name 'CollectionBehaviorAttribute' could not be found (are you missing a using directive or an assembly reference?)
C:\gh\azure-sdk-for-net\eng\mgmt\DisableTestRunParallel.cs(7,12): error CS0246: The type or namespace name 'CollectionBehavior' could not be found (are you missing a using directive or an assembly reference?)
C:\gh\azure-sdk-for-net\artifacts\obj\Microsoft.Azure.Management.PowerBIDedicated.Tests\Debug\netcoreapp2.0\.NETCoreApp,Version=v2.0.AssemblyAttributes.cs(4,20): error CS0400: The type or namespace name 'System' could not be found in the global namespace (are you missing an assembly reference?)
C:\gh\azure-sdk-for-net\artifacts\obj\Microsoft.Azure.Management.PowerBIDedicated.Tests\Debug\netcoreapp2.0\Microsoft.Azure.Management.PowerBIDedicated.Tests.AssemblyInfo.cs(14,12): error CS0246: The type or namespace name 'System' could not be found (are you missing a using directive or an assembly reference?)
C:\gh\azure-sdk-for-net\artifacts\obj\Microsoft.Azure.Management.PowerBIDedicated.Tests\Debug\netcoreapp2.0\Microsoft.Azure.Management.PowerBIDedicated.Tests.AssemblyInfo.cs(16,12): error CS0246: The type or namespace name 'System' could not be found (are you missing a using directive or an assembly reference?)
C:\gh\azure-sdk-for-net\artifacts\obj\Microsoft.Azure.Management.PowerBIDedicated.Tests\Debug\netcoreapp2.0\Microsoft.Azure.Management.PowerBIDedicated.Tests.AssemblyInfo.cs(17,12): error CS0246: The type or namespace name 'System' could not be found (are you missing a using directive or an assembly reference?)
C:\gh\azure-sdk-for-net\sdk\powerbidedicated\Microsoft.Azure.Management.PowerBIDedicated\tests\Properties\AssemblyInfo.cs(11,26): error CS0518: Predefined type 'System.String' is not defined or imported
C:\gh\azure-sdk-for-net\sdk\powerbidedicated\Microsoft.Azure.Management.PowerBIDedicated\tests\Properties\AssemblyInfo.cs(12,32): error CS0518: Predefined type 'System.String' is not defined or imported
C:\gh\azure-sdk-for-net\sdk\powerbidedicated\Microsoft.Azure.Management.PowerBIDedicated\tests\Properties\AssemblyInfo.cs(13,34): error CS0518: Predefined type 'System.String' is not defined or imported
C:\gh\azure-sdk-for-net\sdk\powerbidedicated\Microsoft.Azure.Management.PowerBIDedicated\tests\Properties\AssemblyInfo.cs(14,28): error CS0518: Predefined type 'System.String' is not defined or imported
C:\gh\azure-sdk-for-net\sdk\powerbidedicated\Microsoft.Azure.Management.PowerBIDedicated\tests\Properties\AssemblyInfo.cs(15,28): error CS0518: Predefined type 'System.String' is not defined or imported
C:\gh\azure-sdk-for-net\sdk\powerbidedicated\Microsoft.Azure.Management.PowerBIDedicated\tests\Properties\AssemblyInfo.cs(16,30): error CS0518: Predefined type 'System.String' is not defined or imported
C:\gh\azure-sdk-for-net\sdk\powerbidedicated\Microsoft.Azure.Management.PowerBIDedicated\tests\Properties\AssemblyInfo.cs(17,30): error CS0518: Predefined type 'System.String' is not defined or imported
C:\gh\azure-sdk-for-net\sdk\powerbidedicated\Microsoft.Azure.Management.PowerBIDedicated\tests\Properties\AssemblyInfo.cs(18,28): error CS0518: Predefined type 'System.String' is not defined or imported
C:\gh\azure-sdk-for-net\sdk\powerbidedicated\Microsoft.Azure.Management.PowerBIDedicated\tests\Properties\AssemblyInfo.cs(23,23): error CS0518: Predefined type 'System.Boolean' is not defined or imported
C:\gh\azure-sdk-for-net\sdk\powerbidedicated\Microsoft.Azure.Management.PowerBIDedicated\tests\Properties\AssemblyInfo.cs(26,17): error CS0518: Predefined type 'System.String' is not defined or imported
C:\gh\azure-sdk-for-net\sdk\powerbidedicated\Microsoft.Azure.Management.PowerBIDedicated\tests\Properties\AssemblyInfo.cs(37,28): error CS0518: Predefined type 'System.String' is not defined or imported
C:\gh\azure-sdk-for-net\sdk\powerbidedicated\Microsoft.Azure.Management.PowerBIDedicated\tests\Properties\AssemblyInfo.cs(38,32): error CS0518: Predefined type 'System.String' is not defined or imported
C:\gh\azure-sdk-for-net\eng\mgmt\DisableTestRunParallel.cs(7,31): error CS0246: The type or namespace name 'DisableTestParallelization' could not be found (are you missing a using directive or an assembly reference?)
C:\gh\azure-sdk-for-net\eng\mgmt\DisableTestRunParallel.cs(7,60): error CS0518: Predefined type 'System.Boolean' is not defined or imported
C:\gh\azure-sdk-for-net\eng\mgmt\DisableTestRunParallel.cs(7,66): error CS0246: The type or namespace name 'MaxParallelThreads' could not be found (are you missing a using directive or an assembly reference?)
C:\gh\azure-sdk-for-net\eng\mgmt\DisableTestRunParallel.cs(7,87): error CS0518: Predefined type 'System.Int32' is not defined or imported
C:\gh\azure-sdk-for-net\artifacts\obj\Microsoft.Azure.Management.PowerBIDedicated.Tests\Debug\netcoreapp2.0\.NETCoreApp,Version=v2.0.AssemblyAttributes.cs(4,71): error CS0518: Predefined type 'System.String' is not defined or imported
C:\gh\azure-sdk-for-net\artifacts\obj\Microsoft.Azure.Management.PowerBIDedicated.Tests\Debug\netcoreapp2.0\.NETCoreApp,Version=v2.0.AssemblyAttributes.cs(4,99): error CS0246: The type or namespace name 'FrameworkDisplayName' could not be found (are you missing a using directive or an assembly reference?)
C:\gh\azure-sdk-for-net\artifacts\obj\Microsoft.Azure.Management.PowerBIDedicated.Tests\Debug\netcoreapp2.0\.NETCoreApp,Version=v2.0.AssemblyAttributes.cs(4,122): error CS0518: Predefined type 'System.String' is not defined or imported
C:\gh\azure-sdk-for-net\artifacts\obj\Microsoft.Azure.Management.PowerBIDedicated.Tests\Debug\netcoreapp2.0\Microsoft.Azure.Management.PowerBIDedicated.Tests.AssemblyInfo.cs(14,56): error CS0518: Predefined type 'System.String' is not defined or imported
C:\gh\azure-sdk-for-net\artifacts\obj\Microsoft.Azure.Management.PowerBIDedicated.Tests\Debug\netcoreapp2.0\Microsoft.Azure.Management.PowerBIDedicated.Tests.AssemblyInfo.cs(14,70): error CS0518: Predefined type 'System.String' is not defined or imported
C:\gh\azure-sdk-for-net\artifacts\obj\Microsoft.Azure.Management.PowerBIDedicated.Tests\Debug\netcoreapp2.0\Microsoft.Azure.Management.PowerBIDedicated.Tests.AssemblyInfo.cs(15,5): error CS0518: Predefined type 'System.String' is not defined or imported
C:\gh\azure-sdk-for-net\artifacts\obj\Microsoft.Azure.Management.PowerBIDedicated.Tests\Debug\netcoreapp2.0\Microsoft.Azure.Management.PowerBIDedicated.Tests.AssemblyInfo.cs(16,68): error CS0518: Predefined type 'System.String' is not defined or imported
C:\gh\azure-sdk-for-net\artifacts\obj\Microsoft.Azure.Management.PowerBIDedicated.Tests\Debug\netcoreapp2.0\Microsoft.Azure.Management.PowerBIDedicated.Tests.AssemblyInfo.cs(17,56): error CS0518: Predefined type 'System.String' is not defined or imported
C:\gh\azure-sdk-for-net\artifacts\obj\Microsoft.Azure.Management.PowerBIDedicated.Tests\Debug\netcoreapp2.0\Microsoft.Azure.Management.PowerBIDedicated.Tests.AssemblyInfo.cs(17,73): error CS0518: Predefined type 'System.String' is not defined or imported
C:\gh\azure-sdk-for-net\sdk\powerbidedicated\Microsoft.Azure.Management.PowerBIDedicated\tests\Helpers\PowerBIDedicatedTestUtilities.cs(7,24): error CS0234: The type or namespace name 'Test' does not exist in the namespace 'Microsoft.Azure' (are you missing an assembly reference?)
C:\gh\azure-sdk-for-net\sdk\powerbidedicated\Microsoft.Azure.Management.PowerBIDedicated\tests\Helpers\PowerBIDedicatedTestUtilities.cs(8,17): error CS0234: The type or namespace name 'Rest' does not exist in the namespace 'Microsoft' (are you missing an assembly reference?)
C:\gh\azure-sdk-for-net\sdk\powerbidedicated\Microsoft.Azure.Management.PowerBIDedicated\tests\Helpers\PowerBIDedicatedTestUtilities.cs(9,17): error CS0234: The type or namespace name 'Rest' does not exist in the namespace 'Microsoft' (are you missing an assembly reference?)
C:\gh\azure-sdk-for-net\sdk\powerbidedicated\Microsoft.Azure.Management.PowerBIDedicated\tests\Helpers\PowerBIDedicatedTestUtilities.cs(10,7): error CS0246: The type or namespace name 'System' could not be found (are you missing a using directive or an assembly reference?)
C:\gh\azure-sdk-for-net\sdk\powerbidedicated\Microsoft.Azure.Management.PowerBIDedicated\tests\Helpers\PowerBIDedicatedTestUtilities.cs(11,7): error CS0246: The type or namespace name 'System' could not be found (are you missing a using directive or an assembly reference?)
C:\gh\azure-sdk-for-net\sdk\powerbidedicated\Microsoft.Azure.Management.PowerBIDedicated\tests\Helpers\PowerBIDedicatedTestUtilities.cs(12,7): error CS0246: The type or namespace name 'System' could not be found (are you missing a using directive or an assembly reference?)
C:\gh\azure-sdk-for-net\sdk\powerbidedicated\Microsoft.Azure.Management.PowerBIDedicated\tests\Helpers\PowerBIDedicatedTestUtilities.cs(13,7): error CS0246: The type or namespace name 'System' could not be found (are you missing a using directive or an assembly reference?)
C:\gh\azure-sdk-for-net\sdk\powerbidedicated\Microsoft.Azure.Management.PowerBIDedicated\tests\Helpers\PowerBIDedicatedTestUtilities.cs(14,7): error CS0246: The type or namespace name 'System' could not be found (are you missing a using directive or an assembly reference?)
C:\gh\azure-sdk-for-net\sdk\powerbidedicated\Microsoft.Azure.Management.PowerBIDedicated\tests\Helpers\PowerBIDedicatedTestUtilities.cs(15,7): error CS0246: The type or namespace name 'System' could not be found (are you missing a using directive or an assembly reference?)
C:\gh\azure-sdk-for-net\sdk\powerbidedicated\Microsoft.Azure.Management.PowerBIDedicated\tests\Helpers\PowerBIDedicatedTestUtilities.cs(16,7): error CS0246: The type or namespace name 'System' could not be found (are you missing a using directive or an assembly reference?)
C:\gh\azure-sdk-for-net\sdk\powerbidedicated\Microsoft.Azure.Management.PowerBIDedicated\tests\Helpers\PowerBIDedicatedTestUtilities.cs(17,7): error CS0246: The type or namespace name 'System' could not be found (are you missing a using directive or an assembly reference?)
C:\gh\azure-sdk-for-net\sdk\powerbidedicated\Microsoft.Azure.Management.PowerBIDedicated\tests\Helpers\PowerBIDedicatedTestUtilities.cs(18,7): error CS0246: The type or namespace name 'System' could not be found (are you missing a using directive or an assembly reference?)
C:\gh\azure-sdk-for-net\sdk\powerbidedicated\Microsoft.Azure.Management.PowerBIDedicated\tests\Helpers\PowerBIDedicatedTestUtilities.cs(19,7): error CS0246: The type or namespace name 'System' could not be found (are you missing a using directive or an assembly reference?)
C:\gh\azure-sdk-for-net\sdk\powerbidedicated\Microsoft.Azure.Management.PowerBIDedicated\tests\Helpers\PowerBIDedicatedTestUtilities.cs(20,34): error CS0234: The type or namespace name 'ResourceManager' does not exist in the namespace 'Microsoft.Azure.Management' (are you missing an assembly reference?)
C:\gh\azure-sdk-for-net\sdk\powerbidedicated\Microsoft.Azure.Management.PowerBIDedicated\tests\Helpers\PowerBIDedicatedTestUtilities.cs(21,34): error CS0234: The type or namespace name 'ResourceManager' does not exist in the namespace 'Microsoft.Azure.Management' (are you missing an assembly reference?)
C:\gh\azure-sdk-for-net\sdk\powerbidedicated\Microsoft.Azure.Management.PowerBIDedicated\tests\Helpers\PowerBIDedicatedTestUtilities.cs(22,7): error CS0246: The type or namespace name 'Newtonsoft' could not be found (are you missing a using directive or an assembly reference?)
C:\gh\azure-sdk-for-net\sdk\powerbidedicated\Microsoft.Azure.Management.PowerBIDedicated\tests\Helpers\PowerBIDedicatedTestUtilities.cs(23,7): error CS0246: The type or namespace name 'Newtonsoft' could not be found (are you missing a using directive or an assembly reference?)
C:\gh\azure-sdk-for-net\sdk\powerbidedicated\Microsoft.Azure.Management.PowerBIDedicated\tests\Helpers\PowerBIDedicatedTestUtilities.cs(25,7): error CS0246: The type or namespace name 'Xunit' could not be found (are you missing a using directive or an assembly reference?)
C:\gh\azure-sdk-for-net\sdk\powerbidedicated\Microsoft.Azure.Management.PowerBIDedicated\tests\Properties\AssemblyInfo.cs(4,7): error CS0246: The type or namespace name 'System' could not be found (are you missing a using directive or an assembly reference?)
C:\gh\azure-sdk-for-net\sdk\powerbidedicated\Microsoft.Azure.Management.PowerBIDedicated\tests\Properties\AssemblyInfo.cs(5,7): error CS0246: The type or namespace name 'System' could not be found (are you missing a using directive or an assembly reference?)
C:\gh\azure-sdk-for-net\sdk\powerbidedicated\Microsoft.Azure.Management.PowerBIDedicated\tests\Properties\AssemblyInfo.cs(6,7): error CS0246: The type or namespace name 'System' could not be found (are you missing a using directive or an assembly reference?)
C:\gh\azure-sdk-for-net\sdk\powerbidedicated\Microsoft.Azure.Management.PowerBIDedicated\tests\ScenarioTests\CapacityOperationsTests.cs(9,23): error CS0234: The type or namespace name 'Test' does not exist in the namespace 'Microsoft.Azure' (are you missing an assembly reference?)
C:\gh\azure-sdk-for-net\sdk\powerbidedicated\Microsoft.Azure.Management.PowerBIDedicated\tests\ScenarioTests\CapacityOperationsTests.cs(10,23): error CS0234: The type or namespace name 'Test' does not exist in the namespace 'Microsoft.Azure' (are you missing an assembly reference?)
C:\gh\azure-sdk-for-net\sdk\powerbidedicated\Microsoft.Azure.Management.PowerBIDedicated\tests\ScenarioTests\CapacityOperationsTests.cs(11,17): error CS0234: The type or namespace name 'Rest' does not exist in the namespace 'Microsoft' (are you missing an assembly reference?)
C:\gh\azure-sdk-for-net\sdk\powerbidedicated\Microsoft.Azure.Management.PowerBIDedicated\tests\ScenarioTests\CapacityOperationsTests.cs(12,7): error CS0246: The type or namespace name 'System' could not be found (are you missing a using directive or an assembly reference?)
C:\gh\azure-sdk-for-net\sdk\powerbidedicated\Microsoft.Azure.Management.PowerBIDedicated\tests\ScenarioTests\CapacityOperationsTests.cs(13,7): error CS0246: The type or namespace name 'System' could not be found (are you missing a using directive or an assembly reference?)
C:\gh\azure-sdk-for-net\sdk\powerbidedicated\Microsoft.Azure.Management.PowerBIDedicated\tests\ScenarioTests\CapacityOperationsTests.cs(14,7): error CS0246: The type or namespace name 'System' could not be found (are you missing a using directive or an assembly reference?)
C:\gh\azure-sdk-for-net\sdk\powerbidedicated\Microsoft.Azure.Management.PowerBIDedicated\tests\ScenarioTests\CapacityOperationsTests.cs(15,7): error CS0246: The type or namespace name 'System' could not be found (are you missing a using directive or an assembly reference?)
C:\gh\azure-sdk-for-net\sdk\powerbidedicated\Microsoft.Azure.Management.PowerBIDedicated\tests\ScenarioTests\CapacityOperationsTests.cs(16,7): error CS0246: The type or namespace name 'System' could not be found (are you missing a using directive or an assembly reference?)
C:\gh\azure-sdk-for-net\sdk\powerbidedicated\Microsoft.Azure.Management.PowerBIDedicated\tests\ScenarioTests\CapacityOperationsTests.cs(17,7): error CS0246: The type or namespace name 'System' could not be found (are you missing a using directive or an assembly reference?)
C:\gh\azure-sdk-for-net\sdk\powerbidedicated\Microsoft.Azure.Management.PowerBIDedicated\tests\ScenarioTests\CapacityOperationsTests.cs(18,7): error CS0246: The type or namespace name 'Xunit' could not be found (are you missing a using directive or an assembly reference?)
C:\gh\azure-sdk-for-net\eng\mgmt\DisableTestRunParallel.cs(4,7): error CS0246: The type or namespace name 'System' could not be found (are you missing a using directive or an assembly reference?)
C:\gh\azure-sdk-for-net\eng\mgmt\DisableTestRunParallel.cs(5,7): error CS0246: The type or namespace name 'Xunit' could not be found (are you missing a using directive or an assembly reference?)
C:\gh\azure-sdk-for-net\artifacts\obj\Microsoft.Azure.Management.PowerBIDedicated.Tests\Debug\netcoreapp2.0\.NETCoreApp,Version=v2.0.AssemblyAttributes.cs(2,7): error CS0246: The type or namespace name 'System' could not be found (are you missing a using directive or an assembly reference?)
C:\gh\azure-sdk-for-net\artifacts\obj\Microsoft.Azure.Management.PowerBIDedicated.Tests\Debug\netcoreapp2.0\.NETCoreApp,Version=v2.0.AssemblyAttributes.cs(3,7): error CS0246: The type or namespace name 'System' could not be found (are you missing a using directive or an assembly reference?)
C:\gh\azure-sdk-for-net\artifacts\obj\Microsoft.Azure.Management.PowerBIDedicated.Tests\Debug\netcoreapp2.0\Microsoft.Azure.Management.PowerBIDedicated.Tests.AssemblyInfo.cs(11,7): error CS0246: The type or namespace name 'System' could not be found (are you missing a using directive or an assembly reference?)
C:\gh\azure-sdk-for-net\artifacts\obj\Microsoft.Azure.Management.PowerBIDedicated.Tests\Debug\netcoreapp2.0\Microsoft.Azure.Management.PowerBIDedicated.Tests.AssemblyInfo.cs(12,7): error CS0246: The type or namespace name 'System' could not be found (are you missing a using directive or an assembly reference?)
C:\gh\azure-sdk-for-net\sdk\powerbidedicated\Microsoft.Azure.Management.PowerBIDedicated\tests\Helpers\PowerBIDedicatedTestUtilities.cs(29,25): error CS0518: Predefined type 'System.Object' is not defined or imported
C:\gh\azure-sdk-for-net\sdk\powerbidedicated\Microsoft.Azure.Management.PowerBIDedicated\tests\ScenarioTests\CapacityOperationsTests.cs(24,10): error CS0518: Predefined type 'System.Object' is not defined or imported
C:\gh\azure-sdk-for-net\sdk\powerbidedicated\Microsoft.Azure.Management.PowerBIDedicated\tests\ScenarioTests\CapacityOperationsTests.cs(24,10): error CS0246: The type or namespace name 'FactAttribute' could not be found (are you missing a using directive or an assembly reference?)
C:\gh\azure-sdk-for-net\sdk\powerbidedicated\Microsoft.Azure.Management.PowerBIDedicated\tests\ScenarioTests\CapacityOperationsTests.cs(24,10): error CS0246: The type or namespace name 'Fact' could not be found (are you missing a using directive or an assembly reference?)
C:\gh\azure-sdk-for-net\sdk\powerbidedicated\Microsoft.Azure.Management.PowerBIDedicated\tests\ScenarioTests\CapacityOperationsTests.cs(167,10): error CS0518: Predefined type 'System.Object' is not defined or imported
C:\gh\azure-sdk-for-net\sdk\powerbidedicated\Microsoft.Azure.Management.PowerBIDedicated\tests\ScenarioTests\CapacityOperationsTests.cs(167,10): error CS0246: The type or namespace name 'FactAttribute' could not be found (are you missing a using directive or an assembly reference?)
C:\gh\azure-sdk-for-net\sdk\powerbidedicated\Microsoft.Azure.Management.PowerBIDedicated\tests\ScenarioTests\CapacityOperationsTests.cs(167,10): error CS0246: The type or namespace name 'Fact' could not be found (are you missing a using directive or an assembly reference?)
C:\gh\azure-sdk-for-net\sdk\powerbidedicated\Microsoft.Azure.Management.PowerBIDedicated\tests\ScenarioTests\CapacityOperationsTests.cs(271,10): error CS0518: Predefined type 'System.Object' is not defined or imported
C:\gh\azure-sdk-for-net\sdk\powerbidedicated\Microsoft.Azure.Management.PowerBIDedicated\tests\ScenarioTests\CapacityOperationsTests.cs(271,10): error CS0246: The type or namespace name 'FactAttribute' could not be found (are you missing a using directive or an assembly reference?)
C:\gh\azure-sdk-for-net\sdk\powerbidedicated\Microsoft.Azure.Management.PowerBIDedicated\tests\ScenarioTests\CapacityOperationsTests.cs(271,10): error CS0246: The type or namespace name 'Fact' could not be found (are you missing a using directive or an assembly reference?)
C:\gh\azure-sdk-for-net\sdk\powerbidedicated\Microsoft.Azure.Management.PowerBIDedicated\tests\Helpers\PowerBIDedicatedTestUtilities.cs(32,42): error CS0518: Predefined type 'System.Object' is not defined or imported
C:\gh\azure-sdk-for-net\sdk\powerbidedicated\Microsoft.Azure.Management.PowerBIDedicated\tests\Helpers\PowerBIDedicatedTestUtilities.cs(32,42): error CS0246: The type or namespace name 'Uri' could not be found (are you missing a using directive or an assembly reference?)
C:\gh\azure-sdk-for-net\sdk\powerbidedicated\Microsoft.Azure.Management.PowerBIDedicated\tests\Helpers\PowerBIDedicatedTestUtilities.cs(32,46): error CS0518: Predefined type 'System.String' is not defined or imported
C:\gh\azure-sdk-for-net\sdk\powerbidedicated\Microsoft.Azure.Management.PowerBIDedicated\tests\Helpers\PowerBIDedicatedTestUtilities.cs(40,53): error CS0518: Predefined type 'System.String' is not defined or imported
C:\gh\azure-sdk-for-net\sdk\powerbidedicated\Microsoft.Azure.Management.PowerBIDedicated\tests\Helpers\PowerBIDedicatedTestUtilities.cs(41,52): error CS0518: Predefined type 'System.String' is not defined or imported
C:\gh\azure-sdk-for-net\sdk\powerbidedicated\Microsoft.Azure.Management.PowerBIDedicated\tests\Helpers\PowerBIDedicatedTestUtilities.cs(42,48): error CS0518: Predefined type 'System.String' is not defined or imported
C:\gh\azure-sdk-for-net\sdk\powerbidedicated\Microsoft.Azure.Management.PowerBIDedicated\tests\Helpers\PowerBIDedicatedTestUtilities.cs(44,52): error CS0518: Predefined type 'System.Object' is not defined or imported
C:\gh\azure-sdk-for-net\sdk\powerbidedicated\Microsoft.Azure.Management.PowerBIDedicated\tests\Helpers\PowerBIDedicatedTestUtilities.cs(44,52): error CS0518: Predefined type 'System.Void' is not defined or imported
C:\gh\azure-sdk-for-net\sdk\powerbidedicated\Microsoft.Azure.Management.PowerBIDedicated\tests\Helpers\PowerBIDedicatedTestUtilities.cs(46,13): error CS0518: Predefined type 'System.String' is not defined or imported
C:\gh\azure-sdk-for-net\sdk\powerbidedicated\Microsoft.Azure.Management.PowerBIDedicated\tests\Helpers\PowerBIDedicatedTestUtilities.cs(46,20): error CS0518: Predefined type 'System.String' is not defined or imported
C:\gh\azure-sdk-for-net\sdk\powerbidedicated\Microsoft.Azure.Management.PowerBIDedicated\tests\Helpers\PowerBIDedicatedTestUtilities.cs(49,68): error CS0518: Predefined type 'System.Object' is not defined or imported
C:\gh\azure-sdk-for-net\sdk\powerbidedicated\Microsoft.Azure.Management.PowerBIDedicated\tests\Helpers\PowerBIDedicatedTestUtilities.cs(49,68): error CS0246: The type or namespace name 'Dictionary<,>' could not be found (are you missing a using directive or an assembly reference?)
C:\gh\azure-sdk-for-net\sdk\powerbidedicated\Microsoft.Azure.Management.PowerBIDedicated\tests\Helpers\PowerBIDedicatedTestUtilities.cs(49,79): error CS0518: Predefined type 'System.String' is not defined or imported
C:\gh\azure-sdk-for-net\sdk\powerbidedicated\Microsoft.Azure.Management.PowerBIDedicated\tests\Helpers\PowerBIDedicatedTestUtilities.cs(49,87): error CS0518: Predefined type 'System.String' is not defined or imported
C:\gh\azure-sdk-for-net\sdk\powerbidedicated\Microsoft.Azure.Management.PowerBIDedicated\tests\Helpers\PowerBIDedicatedTestUtilities.cs(51,14): error CS0518: Predefined type 'System.String' is not defined or imported
C:\gh\azure-sdk-for-net\sdk\powerbidedicated\Microsoft.Azure.Management.PowerBIDedicated\tests\Helpers\PowerBIDedicatedTestUtilities.cs(51,21): error CS0518: Predefined type 'System.String' is not defined or imported
C:\gh\azure-sdk-for-net\sdk\powerbidedicated\Microsoft.Azure.Management.PowerBIDedicated\tests\Helpers\PowerBIDedicatedTestUtilities.cs(52,14): error CS0518: Predefined type 'System.String' is not defined or imported
C:\gh\azure-sdk-for-net\sdk\powerbidedicated\Microsoft.Azure.Management.PowerBIDedicated\tests\Helpers\PowerBIDedicatedTestUtilities.cs(52,21): error CS0518: Predefined type 'System.String' is not defined or imported
C:\gh\azure-sdk-for-net\sdk\powerbidedicated\Microsoft.Azure.Management.PowerBIDedicated\tests\Helpers\PowerBIDedicatedTestUtilities.cs(55,65): error CS0518: Predefined type 'System.Object' is not defined or imported
C:\gh\azure-sdk-for-net\sdk\powerbidedicated\Microsoft.Azure.Management.PowerBIDedicated\tests\Helpers\PowerBIDedicatedTestUtilities.cs(55,65): error CS0246: The type or namespace name 'List<>' could not be found (are you missing a using directive or an assembly reference?)
C:\gh\azure-sdk-for-net\sdk\powerbidedicated\Microsoft.Azure.Management.PowerBIDedicated\tests\Helpers\PowerBIDedicatedTestUtilities.cs(55,70): error CS0518: Predefined type 'System.String' is not defined or imported
C:\gh\azure-sdk-for-net\sdk\powerbidedicated\Microsoft.Azure.Management.PowerBIDedicated\tests\Helpers\PowerBIDedicatedTestUtilities.cs(57,13): error CS0518: Predefined type 'System.String' is not defined or imported
C:\gh\azure-sdk-for-net\sdk\powerbidedicated\Microsoft.Azure.Management.PowerBIDedicated\tests\Helpers\PowerBIDedicatedTestUtilities.cs(58,13): error CS0518: Predefined type 'System.String' is not defined or imported
C:\gh\azure-sdk-for-net\sdk\powerbidedicated\Microsoft.Azure.Management.PowerBIDedicated\tests\Helpers\PowerBIDedicatedTestUtilities.cs(63,13): error CS0518: Predefined type 'System.Object' is not defined or imported
C:\gh\azure-sdk-for-net\sdk\powerbidedicated\Microsoft.Azure.Management.PowerBIDedicated\tests\Helpers\PowerBIDedicatedTestUtilities.cs(63,53): error CS0518: Predefined type 'System.Object' is not defined or imported
C:\gh\azure-sdk-for-net\sdk\powerbidedicated\Microsoft.Azure.Management.PowerBIDedicated\tests\Helpers\PowerBIDedicatedTestUtilities.cs(63,53): error CS0518: Predefined type 'System.Void' is not defined or imported
C:\gh\azure-sdk-for-net\sdk\powerbidedicated\Microsoft.Azure.Management.PowerBIDedicated\tests\Helpers\PowerBIDedicatedTestUtilities.cs(65,17): error CS0518: Predefined type 'System.String' is not defined or imported
C:\gh\azure-sdk-for-net\sdk\powerbidedicated\Microsoft.Azure.Management.PowerBIDedicated\tests\Helpers\PowerBIDedicatedTestUtilities.cs(66,17): error CS0012: The type 'IDictionary<,>' is defined in an assembly that is not referenced. You must add a reference to assembly 'mscorlib, Version=4.0.0.0, Culture=neutral, PublicKeyToken=b77a5c561934e089'.
C:\gh\azure-sdk-for-net\sdk\powerbidedicated\Microsoft.Azure.Management.PowerBIDedicated\tests\Helpers\PowerBIDedicatedTestUtilities.cs(67,17): error CS0518: Predefined type 'System.Void' is not defined or imported
C:\gh\azure-sdk-for-net\sdk\powerbidedicated\Microsoft.Azure.Management.PowerBIDedicated\tests\Helpers\PowerBIDedicatedTestUtilities.cs(68,17): error CS0518: Predefined type 'System.Void' is not defined or imported
C:\gh\azure-sdk-for-net\sdk\powerbidedicated\Microsoft.Azure.Management.PowerBIDedicated\tests\Helpers\PowerBIDedicatedTestUtilities.cs(68,38): error CS0518: Predefined type 'System.Object' is not defined or imported
C:\gh\azure-sdk-for-net\sdk\powerbidedicated\Microsoft.Azure.Management.PowerBIDedicated\tests\Helpers\PowerBIDedicatedTestUtilities.cs(68,38): error CS0518: Predefined type 'System.Void' is not defined or imported
C:\gh\azure-sdk-for-net\sdk\powerbidedicated\Microsoft.Azure.Management.PowerBIDedicated\tests\Helpers\PowerBIDedicatedTestUtilities.cs(82,45): error CS0518: Predefined type 'System.Object' is not defined or imported
C:\gh\azure-sdk-for-net\sdk\powerbidedicated\Microsoft.Azure.Management.PowerBIDedicated\tests\Helpers\PowerBIDedicatedTestUtilities.cs(101,17): error CS0518: Predefined type 'System.Object' is not defined or imported
C:\gh\azure-sdk-for-net\sdk\powerbidedicated\Microsoft.Azure.Management.PowerBIDedicated\tests\Helpers\PowerBIDedicatedTestUtilities.cs(101,17): error CS0103: The name 'Environment' does not exist in the current context
C:\gh\azure-sdk-for-net\sdk\powerbidedicated\Microsoft.Azure.Management.PowerBIDedicated\tests\Helpers\PowerBIDedicatedTestUtilities.cs(101,52): error CS0518: Predefined type 'System.String' is not defined or imported
C:\gh\azure-sdk-for-net\sdk\powerbidedicated\Microsoft.Azure.Management.PowerBIDedicated\tests\Helpers\PowerBIDedicatedTestUtilities.cs(101,17): error CS0518: Predefined type 'System.Boolean' is not defined or imported
C:\gh\azure-sdk-for-net\sdk\powerbidedicated\Microsoft.Azure.Management.PowerBIDedicated\tests\Helpers\PowerBIDedicatedTestUtilities.cs(102,18): error CS0518: Predefined type 'System.Object' is not defined or imported
C:\gh\azure-sdk-for-net\sdk\powerbidedicated\Microsoft.Azure.Management.PowerBIDedicated\tests\Helpers\PowerBIDedicatedTestUtilities.cs(102,18): error CS0103: The name 'Environment' does not exist in the current context
C:\gh\azure-sdk-for-net\sdk\powerbidedicated\Microsoft.Azure.Management.PowerBIDedicated\tests\Helpers\PowerBIDedicatedTestUtilities.cs(102,53): error CS0518: Predefined type 'System.String' is not defined or imported
C:\gh\azure-sdk-for-net\sdk\powerbidedicated\Microsoft.Azure.Management.PowerBIDedicated\tests\Helpers\PowerBIDedicatedTestUtilities.cs(103,24): error CS0518: Predefined type 'System.String' is not defined or imported
C:\gh\azure-sdk-for-net\sdk\powerbidedicated\Microsoft.Azure.Management.PowerBIDedicated\tests\Helpers\PowerBIDedicatedTestUtilities.cs(103,36): error CS0518: Predefined type 'System.Object' is not defined or imported
C:\gh\azure-sdk-for-net\sdk\powerbidedicated\Microsoft.Azure.Management.PowerBIDedicated\tests\Helpers\PowerBIDedicatedTestUtilities.cs(103,36): error CS0103: The name 'StringComparison' does not exist in the current context
C:\gh\azure-sdk-for-net\sdk\powerbidedicated\Microsoft.Azure.Management.PowerBIDedicated\tests\Helpers\PowerBIDedicatedTestUtilities.cs(101,17): error CS0518: Predefined type 'System.Boolean' is not defined or imported
C:\gh\azure-sdk-for-net\sdk\powerbidedicated\Microsoft.Azure.Management.PowerBIDedicated\tests\Helpers\PowerBIDedicatedTestUtilities.cs(105,17): error CS0518: Predefined type 'System.Object' is not defined or imported
C:\gh\azure-sdk-for-net\sdk\powerbidedicated\Microsoft.Azure.Management.PowerBIDedicated\tests\Helpers\PowerBIDedicatedTestUtilities.cs(105,17): error CS0103: The name 'Thread' does not exist in the current context
C:\gh\azure-sdk-for-net\sdk\powerbidedicated\Microsoft.Azure.Management.PowerBIDedicated\tests\Helpers\PowerBIDedicatedTestUtilities.cs(105,30): error CS0518: Predefined type 'System.Object' is not defined or imported
C:\gh\azure-sdk-for-net\sdk\powerbidedicated\Microsoft.Azure.Management.PowerBIDedicated\tests\Helpers\PowerBIDedicatedTestUtilities.cs(105,30): error CS0103: The name 'TimeSpan' does not exist in the current context
C:\gh\azure-sdk-for-net\sdk\powerbidedicated\Microsoft.Azure.Management.PowerBIDedicated\tests\Helpers\PowerBIDedicatedTestUtilities.cs(105,51): error CS0518: Predefined type 'System.Int32' is not defined or imported
C:\gh\azure-sdk-for-net\sdk\powerbidedicated\Microsoft.Azure.Management.PowerBIDedicated\tests\ScenarioTests\CapacityOperationsTests.cs(27,13): error CS0518: Predefined type 'System.String' is not defined or imported
C:\gh\azure-sdk-for-net\sdk\powerbidedicated\Microsoft.Azure.Management.PowerBIDedicated\tests\ScenarioTests\CapacityOperationsTests.cs(27,51): error CS0518: Predefined type 'System.Object' is not defined or imported
C:\gh\azure-sdk-for-net\sdk\powerbidedicated\Microsoft.Azure.Management.PowerBIDedicated\tests\ScenarioTests\CapacityOperationsTests.cs(27,44): error CS0518: Predefined type 'System.Type' is not defined or imported
C:\gh\azure-sdk-for-net\sdk\powerbidedicated\Microsoft.Azure.Management.PowerBIDedicated\tests\ScenarioTests\CapacityOperationsTests.cs(28,13): error CS0518: Predefined type 'System.Object' is not defined or imported
C:\gh\azure-sdk-for-net\sdk\powerbidedicated\Microsoft.Azure.Management.PowerBIDedicated\tests\ScenarioTests\CapacityOperationsTests.cs(28,13): error CS0103: The name 'HttpMockServer' does not exist in the current context
C:\gh\azure-sdk-for-net\sdk\powerbidedicated\Microsoft.Azure.Management.PowerBIDedicated\tests\ScenarioTests\CapacityOperationsTests.cs(28,47): error CS0518: Predefined type 'System.Object' is not defined or imported
C:\gh\azure-sdk-for-net\sdk\powerbidedicated\Microsoft.Azure.Management.PowerBIDedicated\tests\ScenarioTests\CapacityOperationsTests.cs(28,47): error CS0103: The name 'Path' does not exist in the current context
C:\gh\azure-sdk-for-net\sdk\powerbidedicated\Microsoft.Azure.Management.PowerBIDedicated\tests\ScenarioTests\CapacityOperationsTests.cs(28,60): error CS0518: Predefined type 'System.Object' is not defined or imported
C:\gh\azure-sdk-for-net\sdk\powerbidedicated\Microsoft.Azure.Management.PowerBIDedicated\tests\ScenarioTests\CapacityOperationsTests.cs(28,60): error CS0103: The name 'Path' does not exist in the current context
C:\gh\azure-sdk-for-net\sdk\powerbidedicated\Microsoft.Azure.Management.PowerBIDedicated\tests\ScenarioTests\CapacityOperationsTests.cs(28,106): error CS0518: Predefined type 'System.String' is not defined or imported
C:\gh\azure-sdk-for-net\sdk\powerbidedicated\Microsoft.Azure.Management.PowerBIDedicated\tests\ScenarioTests\CapacityOperationsTests.cs(30,13): error CS0518: Predefined type 'System.IDisposable' is not defined or imported
C:\gh\azure-sdk-for-net\sdk\powerbidedicated\Microsoft.Azure.Management.PowerBIDedicated\tests\ScenarioTests\CapacityOperationsTests.cs(30,34): error CS0518: Predefined type 'System.Object' is not defined or imported
C:\gh\azure-sdk-for-net\sdk\powerbidedicated\Microsoft.Azure.Management.PowerBIDedicated\tests\ScenarioTests\CapacityOperationsTests.cs(30,34): error CS0103: The name 'MockContext' does not exist in the current context
C:\gh\azure-sdk-for-net\sdk\powerbidedicated\Microsoft.Azure.Management.PowerBIDedicated\tests\ScenarioTests\CapacityOperationsTests.cs(30,57): error CS0518: Predefined type 'System.Object' is not defined or imported
C:\gh\azure-sdk-for-net\sdk\powerbidedicated\Microsoft.Azure.Management.PowerBIDedicated\tests\ScenarioTests\CapacityOperationsTests.cs(30,57): error CS1061: 'CapacityOperationsTests' does not contain a definition for 'GetType' and no accessible extension method 'GetType' accepting a first argument of type 'CapacityOperationsTests' could be found (are you missing a using directive or an assembly reference?)
C:\gh\azure-sdk-for-net\sdk\powerbidedicated\Microsoft.Azure.Management.PowerBIDedicated\tests\ScenarioTests\CapacityOperationsTests.cs(32,35): error CS0518: Predefined type 'System.Object' is not defined or imported
C:\gh\azure-sdk-for-net\sdk\powerbidedicated\Microsoft.Azure.Management.PowerBIDedicated\tests\ScenarioTests\CapacityOperationsTests.cs(34,17): error CS0518: Predefined type 'System.Object' is not defined or imported
C:\gh\azure-sdk-for-net\sdk\powerbidedicated\Microsoft.Azure.Management.PowerBIDedicated\tests\ScenarioTests\CapacityOperationsTests.cs(34,50): error CS0518: Predefined type 'System.Object' is not defined or imported
C:\gh\azure-sdk-for-net\sdk\powerbidedicated\Microsoft.Azure.Management.PowerBIDedicated\tests\ScenarioTests\CapacityOperationsTests.cs(34,80): error CS0518: Predefined type 'System.Object' is not defined or imported
C:\gh\azure-sdk-for-net\sdk\powerbidedicated\Microsoft.Azure.Management.PowerBIDedicated\tests\ScenarioTests\CapacityOperationsTests.cs(35,17): error CS0518: Predefined type 'System.Object' is not defined or imported
C:\gh\azure-sdk-for-net\sdk\powerbidedicated\Microsoft.Azure.Management.PowerBIDedicated\tests\ScenarioTests\CapacityOperationsTests.cs(41,29): error CS0518: Predefined type 'System.Object' is not defined or imported
C:\gh\azure-sdk-for-net\sdk\powerbidedicated\Microsoft.Azure.Management.PowerBIDedicated\tests\ScenarioTests\CapacityOperationsTests.cs(42,29): error CS0518: Predefined type 'System.Object' is not defined or imported
C:\gh\azure-sdk-for-net\sdk\powerbidedicated\Microsoft.Azure.Management.PowerBIDedicated\tests\ScenarioTests\CapacityOperationsTests.cs(40,25): error CS0518: Predefined type 'System.String' is not defined or imported
C:\gh\azure-sdk-for-net\sdk\powerbidedicated\Microsoft.Azure.Management.PowerBIDedicated\tests\ScenarioTests\CapacityOperationsTests.cs(45,24): error CS0518: Predefined type 'System.Object' is not defined or imported
C:\gh\azure-sdk-for-net\sdk\powerbidedicated\Microsoft.Azure.Management.PowerBIDedicated\tests\ScenarioTests\CapacityOperationsTests.cs(45,24): error CS0246: The type or namespace name 'Exception' could not be found (are you missing a using directive or an assembly reference?)
C:\gh\azure-sdk-for-net\sdk\powerbidedicated\Microsoft.Azure.Management.PowerBIDedicated\tests\ScenarioTests\CapacityOperationsTests.cs(47,21): error CS0518: Predefined type 'System.Object' is not defined or imported
C:\gh\azure-sdk-for-net\sdk\powerbidedicated\Microsoft.Azure.Management.PowerBIDedicated\tests\ScenarioTests\CapacityOperationsTests.cs(47,21): error CS0103: The name 'Console' does not exist in the current context
C:\gh\azure-sdk-for-net\sdk\powerbidedicated\Microsoft.Azure.Management.PowerBIDedicated\tests\ScenarioTests\CapacityOperationsTests.cs(50,17): error CS0518: Predefined type 'System.Object' is not defined or imported
C:\gh\azure-sdk-for-net\sdk\powerbidedicated\Microsoft.Azure.Management.PowerBIDedicated\tests\ScenarioTests\CapacityOperationsTests.cs(50,17): error CS0103: The name 'Assert' does not exist in the current context
C:\gh\azure-sdk-for-net\sdk\powerbidedicated\Microsoft.Azure.Management.PowerBIDedicated\tests\ScenarioTests\CapacityOperationsTests.cs(50,30): error CS0518: Predefined type 'System.String' is not defined or imported
C:\gh\azure-sdk-for-net\sdk\powerbidedicated\Microsoft.Azure.Management.PowerBIDedicated\tests\ScenarioTests\CapacityOperationsTests.cs(50,56): error CS0518: Predefined type 'System.String' is not defined or imported
C:\gh\azure-sdk-for-net\sdk\powerbidedicated\Microsoft.Azure.Management.PowerBIDedicated\tests\ScenarioTests\CapacityOperationsTests.cs(51,17): error CS0518: Predefined type 'System.Object' is not defined or imported
C:\gh\azure-sdk-for-net\sdk\powerbidedicated\Microsoft.Azure.Management.PowerBIDedicated\tests\ScenarioTests\CapacityOperationsTests.cs(51,17): error CS0103: The name 'Assert' does not exist in the current context
C:\gh\azure-sdk-for-net\sdk\powerbidedicated\Microsoft.Azure.Management.PowerBIDedicated\tests\ScenarioTests\CapacityOperationsTests.cs(51,30): error CS0518: Predefined type 'System.String' is not defined or imported
C:\gh\azure-sdk-for-net\sdk\powerbidedicated\Microsoft.Azure.Management.PowerBIDedicated\tests\ScenarioTests\CapacityOperationsTests.cs(51,56): error CS0518: Predefined type 'System.String' is not defined or imported
C:\gh\azure-sdk-for-net\sdk\powerbidedicated\Microsoft.Azure.Management.PowerBIDedicated\tests\ScenarioTests\CapacityOperationsTests.cs(54,62): error CS0518: Predefined type 'System.Object' is not defined or imported
C:\gh\azure-sdk-for-net\sdk\powerbidedicated\Microsoft.Azure.Management.PowerBIDedicated\tests\ScenarioTests\CapacityOperationsTests.cs(54,114): error CS0518: Predefined type 'System.Object' is not defined or imported
C:\gh\azure-sdk-for-net\sdk\powerbidedicated\Microsoft.Azure.Management.PowerBIDedicated\tests\ScenarioTests\CapacityOperationsTests.cs(54,33): error CS0518: Predefined type 'System.String' is not defined or imported
C:\gh\azure-sdk-for-net\sdk\powerbidedicated\Microsoft.Azure.Management.PowerBIDedicated\tests\ScenarioTests\CapacityOperationsTests.cs(57,17): error CS0518: Predefined type 'System.Object' is not defined or imported
C:\gh\azure-sdk-for-net\sdk\powerbidedicated\Microsoft.Azure.Management.PowerBIDedicated\tests\ScenarioTests\CapacityOperationsTests.cs(57,17): error CS0103: The name 'Assert' does not exist in the current context
C:\gh\azure-sdk-for-net\sdk\powerbidedicated\Microsoft.Azure.Management.PowerBIDedicated\tests\ScenarioTests\CapacityOperationsTests.cs(57,30): error CS0518: Predefined type 'System.Object' is not defined or imported
C:\gh\azure-sdk-for-net\sdk\powerbidedicated\Microsoft.Azure.Management.PowerBIDedicated\tests\ScenarioTests\CapacityOperationsTests.cs(57,87): error CS0518: Predefined type 'System.String' is not defined or imported
C:\gh\azure-sdk-for-net\sdk\powerbidedicated\Microsoft.Azure.Management.PowerBIDedicated\tests\ScenarioTests\CapacityOperationsTests.cs(58,17): error CS0518: Predefined type 'System.Object' is not defined or imported
C:\gh\azure-sdk-for-net\sdk\powerbidedicated\Microsoft.Azure.Management.PowerBIDedicated\tests\ScenarioTests\CapacityOperationsTests.cs(58,17): error CS0103: The name 'Assert' does not exist in the current context
C:\gh\azure-sdk-for-net\sdk\powerbidedicated\Microsoft.Azure.Management.PowerBIDedicated\tests\ScenarioTests\CapacityOperationsTests.cs(58,30): error CS0518: Predefined type 'System.Object' is not defined or imported
C:\gh\azure-sdk-for-net\sdk\powerbidedicated\Microsoft.Azure.Management.PowerBIDedicated\tests\ScenarioTests\CapacityOperationsTests.cs(58,91): error CS0518: Predefined type 'System.String' is not defined or imported
C:\gh\azure-sdk-for-net\sdk\powerbidedicated\Microsoft.Azure.Management.PowerBIDedicated\tests\ScenarioTests\CapacityOperationsTests.cs(59,17): error CS0518: Predefined type 'System.Object' is not defined or imported
C:\gh\azure-sdk-for-net\sdk\powerbidedicated\Microsoft.Azure.Management.PowerBIDedicated\tests\ScenarioTests\CapacityOperationsTests.cs(59,17): error CS0103: The name 'Assert' does not exist in the current context
C:\gh\azure-sdk-for-net\sdk\powerbidedicated\Microsoft.Azure.Management.PowerBIDedicated\tests\ScenarioTests\CapacityOperationsTests.cs(59,30): error CS0518: Predefined type 'System.Int32' is not defined or imported
C:\gh\azure-sdk-for-net\sdk\powerbidedicated\Microsoft.Azure.Management.PowerBIDedicated\tests\ScenarioTests\CapacityOperationsTests.cs(59,43): error CS0012: The type 'IDictionary<,>' is defined in an assembly that is not referenced. You must add a reference to assembly 'mscorlib, Version=4.0.0.0, Culture=neutral, PublicKeyToken=b77a5c561934e089'.
C:\gh\azure-sdk-for-net\sdk\powerbidedicated\Microsoft.Azure.Management.PowerBIDedicated\tests\ScenarioTests\CapacityOperationsTests.cs(60,17): error CS0518: Predefined type 'System.Object' is not defined or imported
C:\gh\azure-sdk-for-net\sdk\powerbidedicated\Microsoft.Azure.Management.PowerBIDedicated\tests\ScenarioTests\CapacityOperationsTests.cs(60,17): error CS0103: The name 'Assert' does not exist in the current context
C:\gh\azure-sdk-for-net\sdk\powerbidedicated\Microsoft.Azure.Management.PowerBIDedicated\tests\ScenarioTests\CapacityOperationsTests.cs(60,39): error CS0012: The type 'IDictionary<,>' is defined in an assembly that is not referenced. You must add a reference to assembly 'mscorlib, Version=4.0.0.0, Culture=neutral, PublicKeyToken=b77a5c561934e089'.
C:\gh\azure-sdk-for-net\sdk\powerbidedicated\Microsoft.Azure.Management.PowerBIDedicated\tests\ScenarioTests\CapacityOperationsTests.cs(60,56): error CS0518: Predefined type 'System.String' is not defined or imported
C:\gh\azure-sdk-for-net\sdk\powerbidedicated\Microsoft.Azure.Management.PowerBIDedicated\tests\ScenarioTests\CapacityOperationsTests.cs(61,17): error CS0518: Predefined type 'System.Object' is not defined or imported
C:\gh\azure-sdk-for-net\sdk\powerbidedicated\Microsoft.Azure.Management.PowerBIDedicated\tests\ScenarioTests\CapacityOperationsTests.cs(61,17): error CS0103: The name 'Assert' does not exist in the current context
C:\gh\azure-sdk-for-net\sdk\powerbidedicated\Microsoft.Azure.Management.PowerBIDedicated\tests\ScenarioTests\CapacityOperationsTests.cs(61,30): error CS0518: Predefined type 'System.Int32' is not defined or imported
C:\gh\azure-sdk-for-net\sdk\powerbidedicated\Microsoft.Azure.Management.PowerBIDedicated\tests\ScenarioTests\CapacityOperationsTests.cs(61,58): error CS0012: The type 'IList<>' is defined in an assembly that is not referenced. You must add a reference to assembly 'mscorlib, Version=4.0.0.0, Culture=neutral, PublicKeyToken=b77a5c561934e089'.
C:\gh\azure-sdk-for-net\sdk\powerbidedicated\Microsoft.Azure.Management.PowerBIDedicated\tests\ScenarioTests\CapacityOperationsTests.cs(62,17): error CS0518: Predefined type 'System.Object' is not defined or imported
C:\gh\azure-sdk-for-net\sdk\powerbidedicated\Microsoft.Azure.Management.PowerBIDedicated\tests\ScenarioTests\CapacityOperationsTests.cs(62,17): error CS0103: The name 'Assert' does not exist in the current context
C:\gh\azure-sdk-for-net\sdk\powerbidedicated\Microsoft.Azure.Management.PowerBIDedicated\tests\ScenarioTests\CapacityOperationsTests.cs(62,30): error CS0518: Predefined type 'System.String' is not defined or imported
C:\gh\azure-sdk-for-net\sdk\powerbidedicated\Microsoft.Azure.Management.PowerBIDedicated\tests\ScenarioTests\CapacityOperationsTests.cs(62,81): error CS0518: Predefined type 'System.String' is not defined or imported
C:\gh\azure-sdk-for-net\sdk\powerbidedicated\Microsoft.Azure.Management.PowerBIDedicated\tests\ScenarioTests\CapacityOperationsTests.cs(65,17): error CS0518: Predefined type 'System.Object' is not defined or imported
C:\gh\azure-sdk-for-net\sdk\powerbidedicated\Microsoft.Azure.Management.PowerBIDedicated\tests\ScenarioTests\CapacityOperationsTests.cs(65,17): error CS0103: The name 'Assert' does not exist in the current context
C:\gh\azure-sdk-for-net\sdk\powerbidedicated\Microsoft.Azure.Management.PowerBIDedicated\tests\ScenarioTests\CapacityOperationsTests.cs(65,39): error CS0518: Predefined type 'System.String' is not defined or imported
C:\gh\azure-sdk-for-net\sdk\powerbidedicated\Microsoft.Azure.Management.PowerBIDedicated\tests\ScenarioTests\CapacityOperationsTests.cs(65,60): error CS0518: Predefined type 'System.String' is not defined or imported
C:\gh\azure-sdk-for-net\sdk\powerbidedicated\Microsoft.Azure.Management.PowerBIDedicated\tests\ScenarioTests\CapacityOperationsTests.cs(65,29): error CS0518: Predefined type 'System.Boolean' is not defined or imported
C:\gh\azure-sdk-for-net\sdk\powerbidedicated\Microsoft.Azure.Management.PowerBIDedicated\tests\ScenarioTests\CapacityOperationsTests.cs(66,17): error CS0518: Predefined type 'System.Object' is not defined or imported
C:\gh\azure-sdk-for-net\sdk\powerbidedicated\Microsoft.Azure.Management.PowerBIDedicated\tests\ScenarioTests\CapacityOperationsTests.cs(66,17): error CS0103: The name 'Assert' does not exist in the current context
C:\gh\azure-sdk-for-net\sdk\powerbidedicated\Microsoft.Azure.Management.PowerBIDedicated\tests\ScenarioTests\CapacityOperationsTests.cs(66,39): error CS0518: Predefined type 'System.String' is not defined or imported
C:\gh\azure-sdk-for-net\sdk\powerbidedicated\Microsoft.Azure.Management.PowerBIDedicated\tests\ScenarioTests\CapacityOperationsTests.cs(66,48): error CS0518: Predefined type 'System.String' is not defined or imported
C:\gh\azure-sdk-for-net\sdk\powerbidedicated\Microsoft.Azure.Management.PowerBIDedicated\tests\ScenarioTests\CapacityOperationsTests.cs(66,29): error CS0518: Predefined type 'System.Boolean' is not defined or imported
C:\gh\azure-sdk-for-net\sdk\powerbidedicated\Microsoft.Azure.Management.PowerBIDedicated\tests\ScenarioTests\CapacityOperationsTests.cs(69,17): error CS0518: Predefined type 'System.Object' is not defined or imported
C:\gh\azure-sdk-for-net\sdk\powerbidedicated\Microsoft.Azure.Management.PowerBIDedicated\tests\ScenarioTests\CapacityOperationsTests.cs(69,17): error CS0246: The type or namespace name 'Dictionary<,>' could not be found (are you missing a using directive or an assembly reference?)
C:\gh\azure-sdk-for-net\sdk\powerbidedicated\Microsoft.Azure.Management.PowerBIDedicated\tests\ScenarioTests\CapacityOperationsTests.cs(69,28): error CS0518: Predefined type 'System.String' is not defined or imported
C:\gh\azure-sdk-for-net\sdk\powerbidedicated\Microsoft.Azure.Management.PowerBIDedicated\tests\ScenarioTests\CapacityOperationsTests.cs(69,36): error CS0518: Predefined type 'System.String' is not defined or imported
C:\gh\azure-sdk-for-net\sdk\powerbidedicated\Microsoft.Azure.Management.PowerBIDedicated\tests\ScenarioTests\CapacityOperationsTests.cs(69,62): error CS0518: Predefined type 'System.Object' is not defined or imported
C:\gh\azure-sdk-for-net\sdk\powerbidedicated\Microsoft.Azure.Management.PowerBIDedicated\tests\ScenarioTests\CapacityOperationsTests.cs(69,62): error CS0246: The type or namespace name 'Dictionary<,>' could not be found (are you missing a using directive or an assembly reference?)
C:\gh\azure-sdk-for-net\sdk\powerbidedicated\Microsoft.Azure.Management.PowerBIDedicated\tests\ScenarioTests\CapacityOperationsTests.cs(69,73): error CS0518: Predefined type 'System.String' is not defined or imported
C:\gh\azure-sdk-for-net\sdk\powerbidedicated\Microsoft.Azure.Management.PowerBIDedicated\tests\ScenarioTests\CapacityOperationsTests.cs(69,81): error CS0518: Predefined type 'System.String' is not defined or imported
C:\gh\azure-sdk-for-net\sdk\powerbidedicated\Microsoft.Azure.Management.PowerBIDedicated\tests\ScenarioTests\CapacityOperationsTests.cs(71,26): error CS0518: Predefined type 'System.String' is not defined or imported
C:\gh\azure-sdk-for-net\sdk\powerbidedicated\Microsoft.Azure.Management.PowerBIDedicated\tests\ScenarioTests\CapacityOperationsTests.cs(71,37): error CS0518: Predefined type 'System.String' is not defined or imported
C:\gh\azure-sdk-for-net\sdk\powerbidedicated\Microsoft.Azure.Management.PowerBIDedicated\tests\ScenarioTests\CapacityOperationsTests.cs(74,45): error CS0518: Predefined type 'System.Object' is not defined or imported
C:\gh\azure-sdk-for-net\sdk\powerbidedicated\Microsoft.Azure.Management.PowerBIDedicated\tests\ScenarioTests\CapacityOperationsTests.cs(75,43): error CS0518: Predefined type 'System.String' is not defined or imported
C:\gh\azure-sdk-for-net\sdk\powerbidedicated\Microsoft.Azure.Management.PowerBIDedicated\tests\ScenarioTests\CapacityOperationsTests.cs(77,17): error CS0518: Predefined type 'System.Object' is not defined or imported
C:\gh\azure-sdk-for-net\sdk\powerbidedicated\Microsoft.Azure.Management.PowerBIDedicated\tests\ScenarioTests\CapacityOperationsTests.cs(77,74): error CS0518: Predefined type 'System.Object' is not defined or imported
C:\gh\azure-sdk-for-net\sdk\powerbidedicated\Microsoft.Azure.Management.PowerBIDedicated\tests\ScenarioTests\CapacityOperationsTests.cs(77,74): error CS0518: Predefined type 'System.Void' is not defined or imported
C:\gh\azure-sdk-for-net\sdk\powerbidedicated\Microsoft.Azure.Management.PowerBIDedicated\tests\ScenarioTests\CapacityOperationsTests.cs(79,21): error CS0518: Predefined type 'System.Void' is not defined or imported
C:\gh\azure-sdk-for-net\sdk\powerbidedicated\Microsoft.Azure.Management.PowerBIDedicated\tests\ScenarioTests\CapacityOperationsTests.cs(80,21): error CS0012: The type 'IDictionary<,>' is defined in an assembly that is not referenced. You must add a reference to assembly 'mscorlib, Version=4.0.0.0, Culture=neutral, PublicKeyToken=b77a5c561934e089'.
C:\gh\azure-sdk-for-net\sdk\powerbidedicated\Microsoft.Azure.Management.PowerBIDedicated\tests\ScenarioTests\CapacityOperationsTests.cs(81,21): error CS0518: Predefined type 'System.Void' is not defined or imported
C:\gh\azure-sdk-for-net\sdk\powerbidedicated\Microsoft.Azure.Management.PowerBIDedicated\tests\ScenarioTests\CapacityOperationsTests.cs(81,42): error CS0518: Predefined type 'System.Object' is not defined or imported
C:\gh\azure-sdk-for-net\sdk\powerbidedicated\Microsoft.Azure.Management.PowerBIDedicated\tests\ScenarioTests\CapacityOperationsTests.cs(81,42): error CS0518: Predefined type 'System.Void' is not defined or imported
C:\gh\azure-sdk-for-net\sdk\powerbidedicated\Microsoft.Azure.Management.PowerBIDedicated\tests\ScenarioTests\CapacityOperationsTests.cs(84,17): error CS0518: Predefined type 'System.Object' is not defined or imported
C:\gh\azure-sdk-for-net\sdk\powerbidedicated\Microsoft.Azure.Management.PowerBIDedicated\tests\ScenarioTests\CapacityOperationsTests.cs(89,33): error CS0518: Predefined type 'System.Object' is not defined or imported
C:\gh\azure-sdk-for-net\sdk\powerbidedicated\Microsoft.Azure.Management.PowerBIDedicated\tests\ScenarioTests\CapacityOperationsTests.cs(90,33): error CS0518: Predefined type 'System.Object' is not defined or imported
C:\gh\azure-sdk-for-net\sdk\powerbidedicated\Microsoft.Azure.Management.PowerBIDedicated\tests\ScenarioTests\CapacityOperationsTests.cs(88,25): error CS0518: Predefined type 'System.String' is not defined or imported
C:\gh\azure-sdk-for-net\sdk\powerbidedicated\Microsoft.Azure.Management.PowerBIDedicated\tests\ScenarioTests\CapacityOperationsTests.cs(93,24): error CS0518: Predefined type 'System.Object' is not defined or imported
C:\gh\azure-sdk-for-net\sdk\powerbidedicated\Microsoft.Azure.Management.PowerBIDedicated\tests\ScenarioTests\CapacityOperationsTests.cs(93,24): error CS0246: The type or namespace name 'Exception' could not be found (are you missing a using directive or an assembly reference?)
C:\gh\azure-sdk-for-net\sdk\powerbidedicated\Microsoft.Azure.Management.PowerBIDedicated\tests\ScenarioTests\CapacityOperationsTests.cs(95,21): error CS0518: Predefined type 'System.Object' is not defined or imported
C:\gh\azure-sdk-for-net\sdk\powerbidedicated\Microsoft.Azure.Management.PowerBIDedicated\tests\ScenarioTests\CapacityOperationsTests.cs(95,21): error CS0103: The name 'Console' does not exist in the current context
C:\gh\azure-sdk-for-net\sdk\powerbidedicated\Microsoft.Azure.Management.PowerBIDedicated\tests\ScenarioTests\CapacityOperationsTests.cs(98,17): error CS0518: Predefined type 'System.Object' is not defined or imported
C:\gh\azure-sdk-for-net\sdk\powerbidedicated\Microsoft.Azure.Management.PowerBIDedicated\tests\ScenarioTests\CapacityOperationsTests.cs(98,17): error CS0103: The name 'Assert' does not exist in the current context
C:\gh\azure-sdk-for-net\sdk\powerbidedicated\Microsoft.Azure.Management.PowerBIDedicated\tests\ScenarioTests\CapacityOperationsTests.cs(98,30): error CS0518: Predefined type 'System.String' is not defined or imported
C:\gh\azure-sdk-for-net\sdk\powerbidedicated\Microsoft.Azure.Management.PowerBIDedicated\tests\ScenarioTests\CapacityOperationsTests.cs(98,56): error CS0518: Predefined type 'System.String' is not defined or imported
C:\gh\azure-sdk-for-net\sdk\powerbidedicated\Microsoft.Azure.Management.PowerBIDedicated\tests\ScenarioTests\CapacityOperationsTests.cs(99,17): error CS0518: Predefined type 'System.Object' is not defined or imported
C:\gh\azure-sdk-for-net\sdk\powerbidedicated\Microsoft.Azure.Management.PowerBIDedicated\tests\ScenarioTests\CapacityOperationsTests.cs(99,17): error CS0103: The name 'Assert' does not exist in the current context
C:\gh\azure-sdk-for-net\sdk\powerbidedicated\Microsoft.Azure.Management.PowerBIDedicated\tests\ScenarioTests\CapacityOperationsTests.cs(99,30): error CS0518: Predefined type 'System.String' is not defined or imported
C:\gh\azure-sdk-for-net\sdk\powerbidedicated\Microsoft.Azure.Management.PowerBIDedicated\tests\ScenarioTests\CapacityOperationsTests.cs(99,56): error CS0518: Predefined type 'System.String' is not defined or imported
C:\gh\azure-sdk-for-net\sdk\powerbidedicated\Microsoft.Azure.Management.PowerBIDedicated\tests\ScenarioTests\CapacityOperationsTests.cs(102,58): error CS0518: Predefined type 'System.Object' is not defined or imported
C:\gh\azure-sdk-for-net\sdk\powerbidedicated\Microsoft.Azure.Management.PowerBIDedicated\tests\ScenarioTests\CapacityOperationsTests.cs(102,110): error CS0518: Predefined type 'System.Object' is not defined or imported
C:\gh\azure-sdk-for-net\sdk\powerbidedicated\Microsoft.Azure.Management.PowerBIDedicated\tests\ScenarioTests\CapacityOperationsTests.cs(102,29): error CS0518: Predefined type 'System.String' is not defined or imported
C:\gh\azure-sdk-for-net\sdk\powerbidedicated\Microsoft.Azure.Management.PowerBIDedicated\tests\ScenarioTests\CapacityOperationsTests.cs(105,17): error CS0518: Predefined type 'System.Object' is not defined or imported
C:\gh\azure-sdk-for-net\sdk\powerbidedicated\Microsoft.Azure.Management.PowerBIDedicated\tests\ScenarioTests\CapacityOperationsTests.cs(105,17): error CS0103: The name 'Assert' does not exist in the current context
C:\gh\azure-sdk-for-net\sdk\powerbidedicated\Microsoft.Azure.Management.PowerBIDedicated\tests\ScenarioTests\CapacityOperationsTests.cs(105,30): error CS0518: Predefined type 'System.Object' is not defined or imported
C:\gh\azure-sdk-for-net\sdk\powerbidedicated\Microsoft.Azure.Management.PowerBIDedicated\tests\ScenarioTests\CapacityOperationsTests.cs(105,87): error CS0518: Predefined type 'System.String' is not defined or imported
C:\gh\azure-sdk-for-net\sdk\powerbidedicated\Microsoft.Azure.Management.PowerBIDedicated\tests\ScenarioTests\CapacityOperationsTests.cs(106,17): error CS0518: Predefined type 'System.Object' is not defined or imported
C:\gh\azure-sdk-for-net\sdk\powerbidedicated\Microsoft.Azure.Management.PowerBIDedicated\tests\ScenarioTests\CapacityOperationsTests.cs(106,17): error CS0103: The name 'Assert' does not exist in the current context
C:\gh\azure-sdk-for-net\sdk\powerbidedicated\Microsoft.Azure.Management.PowerBIDedicated\tests\ScenarioTests\CapacityOperationsTests.cs(106,30): error CS0518: Predefined type 'System.Object' is not defined or imported
C:\gh\azure-sdk-for-net\sdk\powerbidedicated\Microsoft.Azure.Management.PowerBIDedicated\tests\ScenarioTests\CapacityOperationsTests.cs(106,91): error CS0518: Predefined type 'System.String' is not defined or imported
C:\gh\azure-sdk-for-net\sdk\powerbidedicated\Microsoft.Azure.Management.PowerBIDedicated\tests\ScenarioTests\CapacityOperationsTests.cs(107,17): error CS0518: Predefined type 'System.Object' is not defined or imported
C:\gh\azure-sdk-for-net\sdk\powerbidedicated\Microsoft.Azure.Management.PowerBIDedicated\tests\ScenarioTests\CapacityOperationsTests.cs(107,17): error CS0103: The name 'Assert' does not exist in the current context
C:\gh\azure-sdk-for-net\sdk\powerbidedicated\Microsoft.Azure.Management.PowerBIDedicated\tests\ScenarioTests\CapacityOperationsTests.cs(107,30): error CS0518: Predefined type 'System.Int32' is not defined or imported
C:\gh\azure-sdk-for-net\sdk\powerbidedicated\Microsoft.Azure.Management.PowerBIDedicated\tests\ScenarioTests\CapacityOperationsTests.cs(107,43): error CS0012: The type 'IDictionary<,>' is defined in an assembly that is not referenced. You must add a reference to assembly 'mscorlib, Version=4.0.0.0, Culture=neutral, PublicKeyToken=b77a5c561934e089'.
C:\gh\azure-sdk-for-net\sdk\powerbidedicated\Microsoft.Azure.Management.PowerBIDedicated\tests\ScenarioTests\CapacityOperationsTests.cs(108,17): error CS0518: Predefined type 'System.Object' is not defined or imported
C:\gh\azure-sdk-for-net\sdk\powerbidedicated\Microsoft.Azure.Management.PowerBIDedicated\tests\ScenarioTests\CapacityOperationsTests.cs(108,17): error CS0103: The name 'Assert' does not exist in the current context
C:\gh\azure-sdk-for-net\sdk\powerbidedicated\Microsoft.Azure.Management.PowerBIDedicated\tests\ScenarioTests\CapacityOperationsTests.cs(108,39): error CS0012: The type 'IDictionary<,>' is defined in an assembly that is not referenced. You must add a reference to assembly 'mscorlib, Version=4.0.0.0, Culture=neutral, PublicKeyToken=b77a5c561934e089'.
C:\gh\azure-sdk-for-net\sdk\powerbidedicated\Microsoft.Azure.Management.PowerBIDedicated\tests\ScenarioTests\CapacityOperationsTests.cs(108,56): error CS0518: Predefined type 'System.String' is not defined or imported
C:\gh\azure-sdk-for-net\sdk\powerbidedicated\Microsoft.Azure.Management.PowerBIDedicated\tests\ScenarioTests\CapacityOperationsTests.cs(109,17): error CS0518: Predefined type 'System.Object' is not defined or imported
C:\gh\azure-sdk-for-net\sdk\powerbidedicated\Microsoft.Azure.Management.PowerBIDedicated\tests\ScenarioTests\CapacityOperationsTests.cs(109,17): error CS0103: The name 'Assert' does not exist in the current context
C:\gh\azure-sdk-for-net\sdk\powerbidedicated\Microsoft.Azure.Management.PowerBIDedicated\tests\ScenarioTests\CapacityOperationsTests.cs(109,30): error CS0518: Predefined type 'System.Int32' is not defined or imported
C:\gh\azure-sdk-for-net\sdk\powerbidedicated\Microsoft.Azure.Management.PowerBIDedicated\tests\ScenarioTests\CapacityOperationsTests.cs(109,58): error CS0012: The type 'IList<>' is defined in an assembly that is not referenced. You must add a reference to assembly 'mscorlib, Version=4.0.0.0, Culture=neutral, PublicKeyToken=b77a5c561934e089'.
C:\gh\azure-sdk-for-net\sdk\powerbidedicated\Microsoft.Azure.Management.PowerBIDedicated\tests\ScenarioTests\CapacityOperationsTests.cs(112,38): error CS0518: Predefined type 'System.Object' is not defined or imported
C:\gh\azure-sdk-for-net\sdk\powerbidedicated\Microsoft.Azure.Management.PowerBIDedicated\tests\ScenarioTests\CapacityOperationsTests.cs(112,90): error CS0518: Predefined type 'System.Char' is not defined or imported
C:\gh\azure-sdk-for-net\sdk\powerbidedicated\Microsoft.Azure.Management.PowerBIDedicated\tests\ScenarioTests\CapacityOperationsTests.cs(114,37): error CS0518: Predefined type 'System.Object' is not defined or imported
C:\gh\azure-sdk-for-net\sdk\powerbidedicated\Microsoft.Azure.Management.PowerBIDedicated\tests\ScenarioTests\CapacityOperationsTests.cs(113,32): error CS0518: Predefined type 'System.String' is not defined or imported
C:\gh\azure-sdk-for-net\sdk\powerbidedicated\Microsoft.Azure.Management.PowerBIDedicated\tests\ScenarioTests\CapacityOperationsTests.cs(118,58): error CS0518: Predefined type 'System.Object' is not defined or imported
C:\gh\azure-sdk-for-net\sdk\powerbidedicated\Microsoft.Azure.Management.PowerBIDedicated\tests\ScenarioTests\CapacityOperationsTests.cs(118,29): error CS0518: Predefined type 'System.String' is not defined or imported
C:\gh\azure-sdk-for-net\sdk\powerbidedicated\Microsoft.Azure.Management.PowerBIDedicated\tests\ScenarioTests\CapacityOperationsTests.cs(120,36): error CS0012: The type 'IEnumerable<>' is defined in an assembly that is not referenced. You must add a reference to assembly 'mscorlib, Version=4.0.0.0, Culture=neutral, PublicKeyToken=b77a5c561934e089'.
C:\gh\azure-sdk-for-net\sdk\powerbidedicated\Microsoft.Azure.Management.PowerBIDedicated\tests\ScenarioTests\CapacityOperationsTests.cs(120,36): error CS0246: The type or namespace name 'IPage<>' could not be found (are you missing a using directive or an assembly reference?)
C:\gh\azure-sdk-for-net\sdk\powerbidedicated\Microsoft.Azure.Management.PowerBIDedicated\tests\ScenarioTests\CapacityOperationsTests.cs(123,17): error CS0518: Predefined type 'System.Object' is not defined or imported
C:\gh\azure-sdk-for-net\sdk\powerbidedicated\Microsoft.Azure.Management.PowerBIDedicated\tests\ScenarioTests\CapacityOperationsTests.cs(123,17): error CS0103: The name 'Assert' does not exist in the current context
C:\gh\azure-sdk-for-net\sdk\powerbidedicated\Microsoft.Azure.Management.PowerBIDedicated\tests\ScenarioTests\CapacityOperationsTests.cs(123,53): error CS0518: Predefined type 'System.Int32' is not defined or imported
C:\gh\azure-sdk-for-net\sdk\powerbidedicated\Microsoft.Azure.Management.PowerBIDedicated\tests\ScenarioTests\CapacityOperationsTests.cs(123,29): error CS0518: Predefined type 'System.Boolean' is not defined or imported
C:\gh\azure-sdk-for-net\sdk\powerbidedicated\Microsoft.Azure.Management.PowerBIDedicated\tests\ScenarioTests\CapacityOperationsTests.cs(126,70): error CS0518: Predefined type 'System.Object' is not defined or imported
C:\gh\azure-sdk-for-net\sdk\powerbidedicated\Microsoft.Azure.Management.PowerBIDedicated\tests\ScenarioTests\CapacityOperationsTests.cs(126,32): error CS0012: The type 'IEnumerable<>' is defined in an assembly that is not referenced. You must add a reference to assembly 'mscorlib, Version=4.0.0.0, Culture=neutral, PublicKeyToken=b77a5c561934e089'.
C:\gh\azure-sdk-for-net\sdk\powerbidedicated\Microsoft.Azure.Management.PowerBIDedicated\tests\ScenarioTests\CapacityOperationsTests.cs(129,17): error CS0518: Predefined type 'System.Object' is not defined or imported
C:\gh\azure-sdk-for-net\sdk\powerbidedicated\Microsoft.Azure.Management.PowerBIDedicated\tests\ScenarioTests\CapacityOperationsTests.cs(129,17): error CS0103: The name 'Assert' does not exist in the current context
C:\gh\azure-sdk-for-net\sdk\powerbidedicated\Microsoft.Azure.Management.PowerBIDedicated\tests\ScenarioTests\CapacityOperationsTests.cs(129,53): error CS0518: Predefined type 'System.Int32' is not defined or imported
C:\gh\azure-sdk-for-net\sdk\powerbidedicated\Microsoft.Azure.Management.PowerBIDedicated\tests\ScenarioTests\CapacityOperationsTests.cs(129,29): error CS0518: Predefined type 'System.Boolean' is not defined or imported
C:\gh\azure-sdk-for-net\sdk\powerbidedicated\Microsoft.Azure.Management.PowerBIDedicated\tests\ScenarioTests\CapacityOperationsTests.cs(132,43): error CS0518: Predefined type 'System.Object' is not defined or imported
C:\gh\azure-sdk-for-net\sdk\powerbidedicated\Microsoft.Azure.Management.PowerBIDedicated\tests\ScenarioTests\CapacityOperationsTests.cs(132,17): error CS0518: Predefined type 'System.Void' is not defined or imported
C:\gh\azure-sdk-for-net\sdk\powerbidedicated\Microsoft.Azure.Management.PowerBIDedicated\tests\ScenarioTests\CapacityOperationsTests.cs(135,58): error CS0518: Predefined type 'System.Object' is not defined or imported
C:\gh\azure-sdk-for-net\sdk\powerbidedicated\Microsoft.Azure.Management.PowerBIDedicated\tests\ScenarioTests\CapacityOperationsTests.cs(135,29): error CS0518: Predefined type 'System.String' is not defined or imported
C:\gh\azure-sdk-for-net\sdk\powerbidedicated\Microsoft.Azure.Management.PowerBIDedicated\tests\ScenarioTests\CapacityOperationsTests.cs(137,17): error CS0518: Predefined type 'System.Object' is not defined or imported
C:\gh\azure-sdk-for-net\sdk\powerbidedicated\Microsoft.Azure.Management.PowerBIDedicated\tests\ScenarioTests\CapacityOperationsTests.cs(137,17): error CS0103: The name 'Assert' does not exist in the current context
C:\gh\azure-sdk-for-net\sdk\powerbidedicated\Microsoft.Azure.Management.PowerBIDedicated\tests\ScenarioTests\CapacityOperationsTests.cs(137,30): error CS0518: Predefined type 'System.String' is not defined or imported
C:\gh\azure-sdk-for-net\sdk\powerbidedicated\Microsoft.Azure.Management.PowerBIDedicated\tests\ScenarioTests\CapacityOperationsTests.cs(137,50): error CS0518: Predefined type 'System.String' is not defined or imported
C:\gh\azure-sdk-for-net\sdk\powerbidedicated\Microsoft.Azure.Management.PowerBIDedicated\tests\ScenarioTests\CapacityOperationsTests.cs(138,17): error CS0518: Predefined type 'System.Object' is not defined or imported
C:\gh\azure-sdk-for-net\sdk\powerbidedicated\Microsoft.Azure.Management.PowerBIDedicated\tests\ScenarioTests\CapacityOperationsTests.cs(138,17): error CS0103: The name 'Assert' does not exist in the current context
C:\gh\azure-sdk-for-net\sdk\powerbidedicated\Microsoft.Azure.Management.PowerBIDedicated\tests\ScenarioTests\CapacityOperationsTests.cs(138,30): error CS0518: Predefined type 'System.String' is not defined or imported
C:\gh\azure-sdk-for-net\sdk\powerbidedicated\Microsoft.Azure.Management.PowerBIDedicated\tests\ScenarioTests\CapacityOperationsTests.cs(138,50): error CS0518: Predefined type 'System.String' is not defined or imported
C:\gh\azure-sdk-for-net\sdk\powerbidedicated\Microsoft.Azure.Management.PowerBIDedicated\tests\ScenarioTests\CapacityOperationsTests.cs(141,42): error CS0518: Predefined type 'System.Object' is not defined or imported
C:\gh\azure-sdk-for-net\sdk\powerbidedicated\Microsoft.Azure.Management.PowerBIDedicated\tests\ScenarioTests\CapacityOperationsTests.cs(141,17): error CS0518: Predefined type 'System.Void' is not defined or imported
C:\gh\azure-sdk-for-net\sdk\powerbidedicated\Microsoft.Azure.Management.PowerBIDedicated\tests\ScenarioTests\CapacityOperationsTests.cs(144,58): error CS0518: Predefined type 'System.Object' is not defined or imported
C:\gh\azure-sdk-for-net\sdk\powerbidedicated\Microsoft.Azure.Management.PowerBIDedicated\tests\ScenarioTests\CapacityOperationsTests.cs(144,29): error CS0518: Predefined type 'System.String' is not defined or imported
C:\gh\azure-sdk-for-net\sdk\powerbidedicated\Microsoft.Azure.Management.PowerBIDedicated\tests\ScenarioTests\CapacityOperationsTests.cs(146,17): error CS0518: Predefined type 'System.Object' is not defined or imported
C:\gh\azure-sdk-for-net\sdk\powerbidedicated\Microsoft.Azure.Management.PowerBIDedicated\tests\ScenarioTests\CapacityOperationsTests.cs(146,17): error CS0103: The name 'Assert' does not exist in the current context
C:\gh\azure-sdk-for-net\sdk\powerbidedicated\Microsoft.Azure.Management.PowerBIDedicated\tests\ScenarioTests\CapacityOperationsTests.cs(146,30): error CS0518: Predefined type 'System.String' is not defined or imported
C:\gh\azure-sdk-for-net\sdk\powerbidedicated\Microsoft.Azure.Management.PowerBIDedicated\tests\ScenarioTests\CapacityOperationsTests.cs(146,53): error CS0518: Predefined type 'System.String' is not defined or imported
C:\gh\azure-sdk-for-net\sdk\powerbidedicated\Microsoft.Azure.Management.PowerBIDedicated\tests\ScenarioTests\CapacityOperationsTests.cs(147,17): error CS0518: Predefined type 'System.Object' is not defined or imported
C:\gh\azure-sdk-for-net\sdk\powerbidedicated\Microsoft.Azure.Management.PowerBIDedicated\tests\ScenarioTests\CapacityOperationsTests.cs(147,17): error CS0103: The name 'Assert' does not exist in the current context
C:\gh\azure-sdk-for-net\sdk\powerbidedicated\Microsoft.Azure.Management.PowerBIDedicated\tests\ScenarioTests\CapacityOperationsTests.cs(147,30): error CS0518: Predefined type 'System.String' is not defined or imported
C:\gh\azure-sdk-for-net\sdk\powerbidedicated\Microsoft.Azure.Management.PowerBIDedicated\tests\ScenarioTests\CapacityOperationsTests.cs(147,53): error CS0518: Predefined type 'System.String' is not defined or imported
C:\gh\azure-sdk-for-net\sdk\powerbidedicated\Microsoft.Azure.Management.PowerBIDedicated\tests\ScenarioTests\CapacityOperationsTests.cs(150,42): error CS0518: Predefined type 'System.Object' is not defined or imported
C:\gh\azure-sdk-for-net\sdk\powerbidedicated\Microsoft.Azure.Management.PowerBIDedicated\tests\ScenarioTests\CapacityOperationsTests.cs(150,17): error CS0518: Predefined type 'System.Void' is not defined or imported
C:\gh\azure-sdk-for-net\sdk\powerbidedicated\Microsoft.Azure.Management.PowerBIDedicated\tests\ScenarioTests\CapacityOperationsTests.cs(153,42): error CS0518: Predefined type 'System.Object' is not defined or imported
C:\gh\azure-sdk-for-net\sdk\powerbidedicated\Microsoft.Azure.Management.PowerBIDedicated\tests\ScenarioTests\CapacityOperationsTests.cs(153,17): error CS0518: Predefined type 'System.Void' is not defined or imported
C:\gh\azure-sdk-for-net\sdk\powerbidedicated\Microsoft.Azure.Management.PowerBIDedicated\tests\ScenarioTests\CapacityOperationsTests.cs(156,42): error CS0518: Predefined type 'System.Object' is not defined or imported
C:\gh\azure-sdk-for-net\sdk\powerbidedicated\Microsoft.Azure.Management.PowerBIDedicated\tests\ScenarioTests\CapacityOperationsTests.cs(156,94): error CS0518: Predefined type 'System.Object' is not defined or imported
C:\gh\azure-sdk-for-net\sdk\powerbidedicated\Microsoft.Azure.Management.PowerBIDedicated\tests\ScenarioTests\CapacityOperationsTests.cs(156,17): error CS0518: Predefined type 'System.Void' is not defined or imported
C:\gh\azure-sdk-for-net\sdk\powerbidedicated\Microsoft.Azure.Management.PowerBIDedicated\tests\ScenarioTests\CapacityOperationsTests.cs(160,70): error CS0518: Predefined type 'System.Object' is not defined or imported
C:\gh\azure-sdk-for-net\sdk\powerbidedicated\Microsoft.Azure.Management.PowerBIDedicated\tests\ScenarioTests\CapacityOperationsTests.cs(160,32): error CS0012: The type 'IEnumerable<>' is defined in an assembly that is not referenced. You must add a reference to assembly 'mscorlib, Version=4.0.0.0, Culture=neutral, PublicKeyToken=b77a5c561934e089'.
C:\gh\azure-sdk-for-net\sdk\powerbidedicated\Microsoft.Azure.Management.PowerBIDedicated\tests\ScenarioTests\CapacityOperationsTests.cs(163,17): error CS0518: Predefined type 'System.Object' is not defined or imported
C:\gh\azure-sdk-for-net\sdk\powerbidedicated\Microsoft.Azure.Management.PowerBIDedicated\tests\ScenarioTests\CapacityOperationsTests.cs(163,17): error CS0103: The name 'Assert' does not exist in the current context
C:\gh\azure-sdk-for-net\sdk\powerbidedicated\Microsoft.Azure.Management.PowerBIDedicated\tests\ScenarioTests\CapacityOperationsTests.cs(163,53): error CS0518: Predefined type 'System.Int32' is not defined or imported
C:\gh\azure-sdk-for-net\sdk\powerbidedicated\Microsoft.Azure.Management.PowerBIDedicated\tests\ScenarioTests\CapacityOperationsTests.cs(163,29): error CS0518: Predefined type 'System.Boolean' is not defined or imported
C:\gh\azure-sdk-for-net\sdk\powerbidedicated\Microsoft.Azure.Management.PowerBIDedicated\tests\ScenarioTests\CapacityOperationsTests.cs(170,13): error CS0518: Predefined type 'System.String' is not defined or imported
C:\gh\azure-sdk-for-net\sdk\powerbidedicated\Microsoft.Azure.Management.PowerBIDedicated\tests\ScenarioTests\CapacityOperationsTests.cs(170,51): error CS0518: Predefined type 'System.Object' is not defined or imported
C:\gh\azure-sdk-for-net\sdk\powerbidedicated\Microsoft.Azure.Management.PowerBIDedicated\tests\ScenarioTests\CapacityOperationsTests.cs(170,44): error CS0518: Predefined type 'System.Type' is not defined or imported
C:\gh\azure-sdk-for-net\sdk\powerbidedicated\Microsoft.Azure.Management.PowerBIDedicated\tests\ScenarioTests\CapacityOperationsTests.cs(171,13): error CS0518: Predefined type 'System.Object' is not defined or imported
C:\gh\azure-sdk-for-net\sdk\powerbidedicated\Microsoft.Azure.Management.PowerBIDedicated\tests\ScenarioTests\CapacityOperationsTests.cs(171,13): error CS0103: The name 'HttpMockServer' does not exist in the current context
C:\gh\azure-sdk-for-net\sdk\powerbidedicated\Microsoft.Azure.Management.PowerBIDedicated\tests\ScenarioTests\CapacityOperationsTests.cs(171,47): error CS0518: Predefined type 'System.Object' is not defined or imported
C:\gh\azure-sdk-for-net\sdk\powerbidedicated\Microsoft.Azure.Management.PowerBIDedicated\tests\ScenarioTests\CapacityOperationsTests.cs(171,47): error CS0103: The name 'Path' does not exist in the current context
C:\gh\azure-sdk-for-net\sdk\powerbidedicated\Microsoft.Azure.Management.PowerBIDedicated\tests\ScenarioTests\CapacityOperationsTests.cs(171,60): error CS0518: Predefined type 'System.Object' is not defined or imported
C:\gh\azure-sdk-for-net\sdk\powerbidedicated\Microsoft.Azure.Management.PowerBIDedicated\tests\ScenarioTests\CapacityOperationsTests.cs(171,60): error CS0103: The name 'Path' does not exist in the current context
C:\gh\azure-sdk-for-net\sdk\powerbidedicated\Microsoft.Azure.Management.PowerBIDedicated\tests\ScenarioTests\CapacityOperationsTests.cs(171,106): error CS0518: Predefined type 'System.String' is not defined or imported
C:\gh\azure-sdk-for-net\sdk\powerbidedicated\Microsoft.Azure.Management.PowerBIDedicated\tests\ScenarioTests\CapacityOperationsTests.cs(173,13): error CS0518: Predefined type 'System.IDisposable' is not defined or imported
C:\gh\azure-sdk-for-net\sdk\powerbidedicated\Microsoft.Azure.Management.PowerBIDedicated\tests\ScenarioTests\CapacityOperationsTests.cs(173,34): error CS0518: Predefined type 'System.Object' is not defined or imported
C:\gh\azure-sdk-for-net\sdk\powerbidedicated\Microsoft.Azure.Management.PowerBIDedicated\tests\ScenarioTests\CapacityOperationsTests.cs(173,34): error CS0103: The name 'MockContext' does not exist in the current context
C:\gh\azure-sdk-for-net\sdk\powerbidedicated\Microsoft.Azure.Management.PowerBIDedicated\tests\ScenarioTests\CapacityOperationsTests.cs(173,57): error CS0518: Predefined type 'System.Object' is not defined or imported
C:\gh\azure-sdk-for-net\sdk\powerbidedicated\Microsoft.Azure.Management.PowerBIDedicated\tests\ScenarioTests\CapacityOperationsTests.cs(173,57): error CS1061: 'CapacityOperationsTests' does not contain a definition for 'GetType' and no accessible extension method 'GetType' accepting a first argument of type 'CapacityOperationsTests' could be found (are you missing a using directive or an assembly reference?)
C:\gh\azure-sdk-for-net\sdk\powerbidedicated\Microsoft.Azure.Management.PowerBIDedicated\tests\ScenarioTests\CapacityOperationsTests.cs(175,35): error CS0518: Predefined type 'System.Object' is not defined or imported
C:\gh\azure-sdk-for-net\sdk\powerbidedicated\Microsoft.Azure.Management.PowerBIDedicated\tests\ScenarioTests\CapacityOperationsTests.cs(177,17): error CS0518: Predefined type 'System.Object' is not defined or imported
C:\gh\azure-sdk-for-net\sdk\powerbidedicated\Microsoft.Azure.Management.PowerBIDedicated\tests\ScenarioTests\CapacityOperationsTests.cs(177,50): error CS0518: Predefined type 'System.Object' is not defined or imported
C:\gh\azure-sdk-for-net\sdk\powerbidedicated\Microsoft.Azure.Management.PowerBIDedicated\tests\ScenarioTests\CapacityOperationsTests.cs(177,80): error CS0518: Predefined type 'System.Object' is not defined or imported
C:\gh\azure-sdk-for-net\sdk\powerbidedicated\Microsoft.Azure.Management.PowerBIDedicated\tests\ScenarioTests\CapacityOperationsTests.cs(179,17): error CS0518: Predefined type 'System.Object' is not defined or imported
C:\gh\azure-sdk-for-net\sdk\powerbidedicated\Microsoft.Azure.Management.PowerBIDedicated\tests\ScenarioTests\CapacityOperationsTests.cs(180,30): error CS0518: Predefined type 'System.Void' is not defined or imported
C:\gh\azure-sdk-for-net\sdk\powerbidedicated\Microsoft.Azure.Management.PowerBIDedicated\tests\ScenarioTests\CapacityOperationsTests.cs(180,51): error CS0012: The type 'IList<>' is defined in an assembly that is not referenced. You must add a reference to assembly 'mscorlib, Version=4.0.0.0, Culture=neutral, PublicKeyToken=b77a5c561934e089'.
C:\gh\azure-sdk-for-net\sdk\powerbidedicated\Microsoft.Azure.Management.PowerBIDedicated\tests\ScenarioTests\CapacityOperationsTests.cs(181,21): error CS0012: The type 'Object' is defined in an assembly that is not referenced. You must add a reference to assembly 'mscorlib, Version=4.0.0.0, Culture=neutral, PublicKeyToken=b77a5c561934e089'.
C:\gh\azure-sdk-for-net\sdk\powerbidedicated\Microsoft.Azure.Management.PowerBIDedicated\tests\ScenarioTests\CapacityOperationsTests.cs(181,21): error CS0518: Predefined type 'System.Boolean' is not defined or imported
C:\gh\azure-sdk-for-net\sdk\powerbidedicated\Microsoft.Azure.Management.PowerBIDedicated\tests\ScenarioTests\CapacityOperationsTests.cs(181,62): error CS0012: The type 'IList<>' is defined in an assembly that is not referenced. You must add a reference to assembly 'mscorlib, Version=4.0.0.0, Culture=neutral, PublicKeyToken=b77a5c561934e089'.
C:\gh\azure-sdk-for-net\sdk\powerbidedicated\Microsoft.Azure.Management.PowerBIDedicated\tests\ScenarioTests\CapacityOperationsTests.cs(183,17): error CS0518: Predefined type 'System.Object' is not defined or imported
C:\gh\azure-sdk-for-net\sdk\powerbidedicated\Microsoft.Azure.Management.PowerBIDedicated\tests\ScenarioTests\CapacityOperationsTests.cs(189,29): error CS0518: Predefined type 'System.Object' is not defined or imported
C:\gh\azure-sdk-for-net\sdk\powerbidedicated\Microsoft.Azure.Management.PowerBIDedicated\tests\ScenarioTests\CapacityOperationsTests.cs(190,29): error CS0518: Predefined type 'System.Object' is not defined or imported
C:\gh\azure-sdk-for-net\sdk\powerbidedicated\Microsoft.Azure.Management.PowerBIDedicated\tests\ScenarioTests\CapacityOperationsTests.cs(188,25): error CS0518: Predefined type 'System.String' is not defined or imported
C:\gh\azure-sdk-for-net\sdk\powerbidedicated\Microsoft.Azure.Management.PowerBIDedicated\tests\ScenarioTests\CapacityOperationsTests.cs(193,24): error CS0518: Predefined type 'System.Object' is not defined or imported
C:\gh\azure-sdk-for-net\sdk\powerbidedicated\Microsoft.Azure.Management.PowerBIDedicated\tests\ScenarioTests\CapacityOperationsTests.cs(193,24): error CS0246: The type or namespace name 'Exception' could not be found (are you missing a using directive or an assembly reference?)
C:\gh\azure-sdk-for-net\sdk\powerbidedicated\Microsoft.Azure.Management.PowerBIDedicated\tests\ScenarioTests\CapacityOperationsTests.cs(195,21): error CS0518: Predefined type 'System.Object' is not defined or imported
C:\gh\azure-sdk-for-net\sdk\powerbidedicated\Microsoft.Azure.Management.PowerBIDedicated\tests\ScenarioTests\CapacityOperationsTests.cs(195,21): error CS0103: The name 'Console' does not exist in the current context
C:\gh\azure-sdk-for-net\sdk\powerbidedicated\Microsoft.Azure.Management.PowerBIDedicated\tests\ScenarioTests\CapacityOperationsTests.cs(198,17): error CS0518: Predefined type 'System.Object' is not defined or imported
C:\gh\azure-sdk-for-net\sdk\powerbidedicated\Microsoft.Azure.Management.PowerBIDedicated\tests\ScenarioTests\CapacityOperationsTests.cs(198,17): error CS0103: The name 'Assert' does not exist in the current context
C:\gh\azure-sdk-for-net\sdk\powerbidedicated\Microsoft.Azure.Management.PowerBIDedicated\tests\ScenarioTests\CapacityOperationsTests.cs(198,30): error CS0518: Predefined type 'System.String' is not defined or imported
C:\gh\azure-sdk-for-net\sdk\powerbidedicated\Microsoft.Azure.Management.PowerBIDedicated\tests\ScenarioTests\CapacityOperationsTests.cs(198,56): error CS0518: Predefined type 'System.String' is not defined or imported
C:\gh\azure-sdk-for-net\sdk\powerbidedicated\Microsoft.Azure.Management.PowerBIDedicated\tests\ScenarioTests\CapacityOperationsTests.cs(199,17): error CS0518: Predefined type 'System.Object' is not defined or imported
C:\gh\azure-sdk-for-net\sdk\powerbidedicated\Microsoft.Azure.Management.PowerBIDedicated\tests\ScenarioTests\CapacityOperationsTests.cs(199,17): error CS0103: The name 'Assert' does not exist in the current context
C:\gh\azure-sdk-for-net\sdk\powerbidedicated\Microsoft.Azure.Management.PowerBIDedicated\tests\ScenarioTests\CapacityOperationsTests.cs(199,30): error CS0518: Predefined type 'System.String' is not defined or imported
C:\gh\azure-sdk-for-net\sdk\powerbidedicated\Microsoft.Azure.Management.PowerBIDedicated\tests\ScenarioTests\CapacityOperationsTests.cs(199,56): error CS0518: Predefined type 'System.String' is not defined or imported
C:\gh\azure-sdk-for-net\sdk\powerbidedicated\Microsoft.Azure.Management.PowerBIDedicated\tests\ScenarioTests\CapacityOperationsTests.cs(202,62): error CS0518: Predefined type 'System.Object' is not defined or imported
C:\gh\azure-sdk-for-net\sdk\powerbidedicated\Microsoft.Azure.Management.PowerBIDedicated\tests\ScenarioTests\CapacityOperationsTests.cs(202,114): error CS0518: Predefined type 'System.Object' is not defined or imported
C:\gh\azure-sdk-for-net\sdk\powerbidedicated\Microsoft.Azure.Management.PowerBIDedicated\tests\ScenarioTests\CapacityOperationsTests.cs(202,33): error CS0518: Predefined type 'System.String' is not defined or imported
C:\gh\azure-sdk-for-net\sdk\powerbidedicated\Microsoft.Azure.Management.PowerBIDedicated\tests\ScenarioTests\CapacityOperationsTests.cs(205,17): error CS0518: Predefined type 'System.Object' is not defined or imported
C:\gh\azure-sdk-for-net\sdk\powerbidedicated\Microsoft.Azure.Management.PowerBIDedicated\tests\ScenarioTests\CapacityOperationsTests.cs(205,17): error CS0103: The name 'Assert' does not exist in the current context
C:\gh\azure-sdk-for-net\sdk\powerbidedicated\Microsoft.Azure.Management.PowerBIDedicated\tests\ScenarioTests\CapacityOperationsTests.cs(205,30): error CS0518: Predefined type 'System.Object' is not defined or imported
C:\gh\azure-sdk-for-net\sdk\powerbidedicated\Microsoft.Azure.Management.PowerBIDedicated\tests\ScenarioTests\CapacityOperationsTests.cs(205,87): error CS0518: Predefined type 'System.String' is not defined or imported
C:\gh\azure-sdk-for-net\sdk\powerbidedicated\Microsoft.Azure.Management.PowerBIDedicated\tests\ScenarioTests\CapacityOperationsTests.cs(206,17): error CS0518: Predefined type 'System.Object' is not defined or imported
C:\gh\azure-sdk-for-net\sdk\powerbidedicated\Microsoft.Azure.Management.PowerBIDedicated\tests\ScenarioTests\CapacityOperationsTests.cs(206,17): error CS0103: The name 'Assert' does not exist in the current context
C:\gh\azure-sdk-for-net\sdk\powerbidedicated\Microsoft.Azure.Management.PowerBIDedicated\tests\ScenarioTests\CapacityOperationsTests.cs(206,30): error CS0518: Predefined type 'System.Object' is not defined or imported
C:\gh\azure-sdk-for-net\sdk\powerbidedicated\Microsoft.Azure.Management.PowerBIDedicated\tests\ScenarioTests\CapacityOperationsTests.cs(206,91): error CS0518: Predefined type 'System.String' is not defined or imported
C:\gh\azure-sdk-for-net\sdk\powerbidedicated\Microsoft.Azure.Management.PowerBIDedicated\tests\ScenarioTests\CapacityOperationsTests.cs(207,17): error CS0518: Predefined type 'System.Object' is not defined or imported
C:\gh\azure-sdk-for-net\sdk\powerbidedicated\Microsoft.Azure.Management.PowerBIDedicated\tests\ScenarioTests\CapacityOperationsTests.cs(207,17): error CS0103: The name 'Assert' does not exist in the current context
C:\gh\azure-sdk-for-net\sdk\powerbidedicated\Microsoft.Azure.Management.PowerBIDedicated\tests\ScenarioTests\CapacityOperationsTests.cs(207,47): error CS0518: Predefined type 'System.String' is not defined or imported
C:\gh\azure-sdk-for-net\sdk\powerbidedicated\Microsoft.Azure.Management.PowerBIDedicated\tests\ScenarioTests\CapacityOperationsTests.cs(207,67): error CS0518: Predefined type 'System.String' is not defined or imported
C:\gh\azure-sdk-for-net\sdk\powerbidedicated\Microsoft.Azure.Management.PowerBIDedicated\tests\ScenarioTests\CapacityOperationsTests.cs(208,17): error CS0518: Predefined type 'System.Object' is not defined or imported
C:\gh\azure-sdk-for-net\sdk\powerbidedicated\Microsoft.Azure.Management.PowerBIDedicated\tests\ScenarioTests\CapacityOperationsTests.cs(208,17): error CS0103: The name 'Assert' does not exist in the current context
C:\gh\azure-sdk-for-net\sdk\powerbidedicated\Microsoft.Azure.Management.PowerBIDedicated\tests\ScenarioTests\CapacityOperationsTests.cs(208,30): error CS0518: Predefined type 'System.Int32' is not defined or imported
C:\gh\azure-sdk-for-net\sdk\powerbidedicated\Microsoft.Azure.Management.PowerBIDedicated\tests\ScenarioTests\CapacityOperationsTests.cs(208,43): error CS0012: The type 'IDictionary<,>' is defined in an assembly that is not referenced. You must add a reference to assembly 'mscorlib, Version=4.0.0.0, Culture=neutral, PublicKeyToken=b77a5c561934e089'.
C:\gh\azure-sdk-for-net\sdk\powerbidedicated\Microsoft.Azure.Management.PowerBIDedicated\tests\ScenarioTests\CapacityOperationsTests.cs(209,17): error CS0518: Predefined type 'System.Object' is not defined or imported
C:\gh\azure-sdk-for-net\sdk\powerbidedicated\Microsoft.Azure.Management.PowerBIDedicated\tests\ScenarioTests\CapacityOperationsTests.cs(209,17): error CS0103: The name 'Assert' does not exist in the current context
C:\gh\azure-sdk-for-net\sdk\powerbidedicated\Microsoft.Azure.Management.PowerBIDedicated\tests\ScenarioTests\CapacityOperationsTests.cs(209,39): error CS0012: The type 'IDictionary<,>' is defined in an assembly that is not referenced. You must add a reference to assembly 'mscorlib, Version=4.0.0.0, Culture=neutral, PublicKeyToken=b77a5c561934e089'.
C:\gh\azure-sdk-for-net\sdk\powerbidedicated\Microsoft.Azure.Management.PowerBIDedicated\tests\ScenarioTests\CapacityOperationsTests.cs(209,56): error CS0518: Predefined type 'System.String' is not defined or imported
C:\gh\azure-sdk-for-net\sdk\powerbidedicated\Microsoft.Azure.Management.PowerBIDedicated\tests\ScenarioTests\CapacityOperationsTests.cs(210,17): error CS0518: Predefined type 'System.Object' is not defined or imported
C:\gh\azure-sdk-for-net\sdk\powerbidedicated\Microsoft.Azure.Management.PowerBIDedicated\tests\ScenarioTests\CapacityOperationsTests.cs(210,17): error CS0103: The name 'Assert' does not exist in the current context
C:\gh\azure-sdk-for-net\sdk\powerbidedicated\Microsoft.Azure.Management.PowerBIDedicated\tests\ScenarioTests\CapacityOperationsTests.cs(210,30): error CS0518: Predefined type 'System.Int32' is not defined or imported
C:\gh\azure-sdk-for-net\sdk\powerbidedicated\Microsoft.Azure.Management.PowerBIDedicated\tests\ScenarioTests\CapacityOperationsTests.cs(210,58): error CS0012: The type 'IList<>' is defined in an assembly that is not referenced. You must add a reference to assembly 'mscorlib, Version=4.0.0.0, Culture=neutral, PublicKeyToken=b77a5c561934e089'.
C:\gh\azure-sdk-for-net\sdk\powerbidedicated\Microsoft.Azure.Management.PowerBIDedicated\tests\ScenarioTests\CapacityOperationsTests.cs(213,17): error CS0518: Predefined type 'System.Object' is not defined or imported
C:\gh\azure-sdk-for-net\sdk\powerbidedicated\Microsoft.Azure.Management.PowerBIDedicated\tests\ScenarioTests\CapacityOperationsTests.cs(213,17): error CS0103: The name 'Assert' does not exist in the current context
C:\gh\azure-sdk-for-net\sdk\powerbidedicated\Microsoft.Azure.Management.PowerBIDedicated\tests\ScenarioTests\CapacityOperationsTests.cs(213,39): error CS0518: Predefined type 'System.String' is not defined or imported
C:\gh\azure-sdk-for-net\sdk\powerbidedicated\Microsoft.Azure.Management.PowerBIDedicated\tests\ScenarioTests\CapacityOperationsTests.cs(213,60): error CS0518: Predefined type 'System.String' is not defined or imported
C:\gh\azure-sdk-for-net\sdk\powerbidedicated\Microsoft.Azure.Management.PowerBIDedicated\tests\ScenarioTests\CapacityOperationsTests.cs(213,29): error CS0518: Predefined type 'System.Boolean' is not defined or imported
C:\gh\azure-sdk-for-net\sdk\powerbidedicated\Microsoft.Azure.Management.PowerBIDedicated\tests\ScenarioTests\CapacityOperationsTests.cs(214,17): error CS0518: Predefined type 'System.Object' is not defined or imported
C:\gh\azure-sdk-for-net\sdk\powerbidedicated\Microsoft.Azure.Management.PowerBIDedicated\tests\ScenarioTests\CapacityOperationsTests.cs(214,17): error CS0103: The name 'Assert' does not exist in the current context
C:\gh\azure-sdk-for-net\sdk\powerbidedicated\Microsoft.Azure.Management.PowerBIDedicated\tests\ScenarioTests\CapacityOperationsTests.cs(214,39): error CS0518: Predefined type 'System.String' is not defined or imported
C:\gh\azure-sdk-for-net\sdk\powerbidedicated\Microsoft.Azure.Management.PowerBIDedicated\tests\ScenarioTests\CapacityOperationsTests.cs(214,48): error CS0518: Predefined type 'System.String' is not defined or imported
C:\gh\azure-sdk-for-net\sdk\powerbidedicated\Microsoft.Azure.Management.PowerBIDedicated\tests\ScenarioTests\CapacityOperationsTests.cs(214,29): error CS0518: Predefined type 'System.Boolean' is not defined or imported
C:\gh\azure-sdk-for-net\sdk\powerbidedicated\Microsoft.Azure.Management.PowerBIDedicated\tests\ScenarioTests\CapacityOperationsTests.cs(217,17): error CS0518: Predefined type 'System.Object' is not defined or imported
C:\gh\azure-sdk-for-net\sdk\powerbidedicated\Microsoft.Azure.Management.PowerBIDedicated\tests\ScenarioTests\CapacityOperationsTests.cs(217,117): error CS0518: Predefined type 'System.Object' is not defined or imported
C:\gh\azure-sdk-for-net\sdk\powerbidedicated\Microsoft.Azure.Management.PowerBIDedicated\tests\ScenarioTests\CapacityOperationsTests.cs(217,169): error CS0518: Predefined type 'System.Object' is not defined or imported
C:\gh\azure-sdk-for-net\sdk\powerbidedicated\Microsoft.Azure.Management.PowerBIDedicated\tests\ScenarioTests\CapacityOperationsTests.cs(217,79): error CS0518: Predefined type 'System.String' is not defined or imported
C:\gh\azure-sdk-for-net\sdk\powerbidedicated\Microsoft.Azure.Management.PowerBIDedicated\tests\ScenarioTests\CapacityOperationsTests.cs(218,17): error CS0518: Predefined type 'System.Object' is not defined or imported
C:\gh\azure-sdk-for-net\sdk\powerbidedicated\Microsoft.Azure.Management.PowerBIDedicated\tests\ScenarioTests\CapacityOperationsTests.cs(218,58): error CS0012: The type 'IList<>' is defined in an assembly that is not referenced. You must add a reference to assembly 'mscorlib, Version=4.0.0.0, Culture=neutral, PublicKeyToken=b77a5c561934e089'.
C:\gh\azure-sdk-for-net\sdk\powerbidedicated\Microsoft.Azure.Management.PowerBIDedicated\tests\ScenarioTests\CapacityOperationsTests.cs(220,17): error CS0518: Predefined type 'System.Object' is not defined or imported
C:\gh\azure-sdk-for-net\sdk\powerbidedicated\Microsoft.Azure.Management.PowerBIDedicated\tests\ScenarioTests\CapacityOperationsTests.cs(220,74): error CS0518: Predefined type 'System.Object' is not defined or imported
C:\gh\azure-sdk-for-net\sdk\powerbidedicated\Microsoft.Azure.Management.PowerBIDedicated\tests\ScenarioTests\CapacityOperationsTests.cs(220,74): error CS0518: Predefined type 'System.Void' is not defined or imported
C:\gh\azure-sdk-for-net\sdk\powerbidedicated\Microsoft.Azure.Management.PowerBIDedicated\tests\ScenarioTests\CapacityOperationsTests.cs(222,21): error CS0518: Predefined type 'System.Void' is not defined or imported
C:\gh\azure-sdk-for-net\sdk\powerbidedicated\Microsoft.Azure.Management.PowerBIDedicated\tests\ScenarioTests\CapacityOperationsTests.cs(226,21): error CS0518: Predefined type 'System.Object' is not defined or imported
C:\gh\azure-sdk-for-net\sdk\powerbidedicated\Microsoft.Azure.Management.PowerBIDedicated\tests\ScenarioTests\CapacityOperationsTests.cs(227,21): error CS0518: Predefined type 'System.Object' is not defined or imported
C:\gh\azure-sdk-for-net\sdk\powerbidedicated\Microsoft.Azure.Management.PowerBIDedicated\tests\ScenarioTests\CapacityOperationsTests.cs(225,36): error CS0518: Predefined type 'System.String' is not defined or imported
C:\gh\azure-sdk-for-net\sdk\powerbidedicated\Microsoft.Azure.Management.PowerBIDedicated\tests\ScenarioTests\CapacityOperationsTests.cs(230,17): error CS0518: Predefined type 'System.Object' is not defined or imported
C:\gh\azure-sdk-for-net\sdk\powerbidedicated\Microsoft.Azure.Management.PowerBIDedicated\tests\ScenarioTests\CapacityOperationsTests.cs(230,17): error CS0103: The name 'Assert' does not exist in the current context
C:\gh\azure-sdk-for-net\sdk\powerbidedicated\Microsoft.Azure.Management.PowerBIDedicated\tests\ScenarioTests\CapacityOperationsTests.cs(230,30): error CS0518: Predefined type 'System.String' is not defined or imported
C:\gh\azure-sdk-for-net\sdk\powerbidedicated\Microsoft.Azure.Management.PowerBIDedicated\tests\ScenarioTests\CapacityOperationsTests.cs(230,56): error CS0518: Predefined type 'System.String' is not defined or imported
C:\gh\azure-sdk-for-net\sdk\powerbidedicated\Microsoft.Azure.Management.PowerBIDedicated\tests\ScenarioTests\CapacityOperationsTests.cs(231,17): error CS0518: Predefined type 'System.Object' is not defined or imported
C:\gh\azure-sdk-for-net\sdk\powerbidedicated\Microsoft.Azure.Management.PowerBIDedicated\tests\ScenarioTests\CapacityOperationsTests.cs(231,17): error CS0103: The name 'Assert' does not exist in the current context
C:\gh\azure-sdk-for-net\sdk\powerbidedicated\Microsoft.Azure.Management.PowerBIDedicated\tests\ScenarioTests\CapacityOperationsTests.cs(231,30): error CS0518: Predefined type 'System.String' is not defined or imported
C:\gh\azure-sdk-for-net\sdk\powerbidedicated\Microsoft.Azure.Management.PowerBIDedicated\tests\ScenarioTests\CapacityOperationsTests.cs(231,56): error CS0518: Predefined type 'System.String' is not defined or imported
C:\gh\azure-sdk-for-net\sdk\powerbidedicated\Microsoft.Azure.Management.PowerBIDedicated\tests\ScenarioTests\CapacityOperationsTests.cs(234,43): error CS0518: Predefined type 'System.Object' is not defined or imported
C:\gh\azure-sdk-for-net\sdk\powerbidedicated\Microsoft.Azure.Management.PowerBIDedicated\tests\ScenarioTests\CapacityOperationsTests.cs(234,95): error CS0518: Predefined type 'System.Object' is not defined or imported
C:\gh\azure-sdk-for-net\sdk\powerbidedicated\Microsoft.Azure.Management.PowerBIDedicated\tests\ScenarioTests\CapacityOperationsTests.cs(234,17): error CS0518: Predefined type 'System.Void' is not defined or imported
C:\gh\azure-sdk-for-net\sdk\powerbidedicated\Microsoft.Azure.Management.PowerBIDedicated\tests\ScenarioTests\CapacityOperationsTests.cs(237,58): error CS0518: Predefined type 'System.Object' is not defined or imported
C:\gh\azure-sdk-for-net\sdk\powerbidedicated\Microsoft.Azure.Management.PowerBIDedicated\tests\ScenarioTests\CapacityOperationsTests.cs(237,110): error CS0518: Predefined type 'System.Object' is not defined or imported
C:\gh\azure-sdk-for-net\sdk\powerbidedicated\Microsoft.Azure.Management.PowerBIDedicated\tests\ScenarioTests\CapacityOperationsTests.cs(237,29): error CS0518: Predefined type 'System.String' is not defined or imported
C:\gh\azure-sdk-for-net\sdk\powerbidedicated\Microsoft.Azure.Management.PowerBIDedicated\tests\ScenarioTests\CapacityOperationsTests.cs(239,17): error CS0518: Predefined type 'System.Object' is not defined or imported
C:\gh\azure-sdk-for-net\sdk\powerbidedicated\Microsoft.Azure.Management.PowerBIDedicated\tests\ScenarioTests\CapacityOperationsTests.cs(239,17): error CS0103: The name 'Assert' does not exist in the current context
C:\gh\azure-sdk-for-net\sdk\powerbidedicated\Microsoft.Azure.Management.PowerBIDedicated\tests\ScenarioTests\CapacityOperationsTests.cs(239,30): error CS0518: Predefined type 'System.String' is not defined or imported
C:\gh\azure-sdk-for-net\sdk\powerbidedicated\Microsoft.Azure.Management.PowerBIDedicated\tests\ScenarioTests\CapacityOperationsTests.cs(239,50): error CS0518: Predefined type 'System.String' is not defined or imported
C:\gh\azure-sdk-for-net\sdk\powerbidedicated\Microsoft.Azure.Management.PowerBIDedicated\tests\ScenarioTests\CapacityOperationsTests.cs(240,17): error CS0518: Predefined type 'System.Object' is not defined or imported
C:\gh\azure-sdk-for-net\sdk\powerbidedicated\Microsoft.Azure.Management.PowerBIDedicated\tests\ScenarioTests\CapacityOperationsTests.cs(240,17): error CS0103: The name 'Assert' does not exist in the current context
C:\gh\azure-sdk-for-net\sdk\powerbidedicated\Microsoft.Azure.Management.PowerBIDedicated\tests\ScenarioTests\CapacityOperationsTests.cs(240,30): error CS0518: Predefined type 'System.String' is not defined or imported
C:\gh\azure-sdk-for-net\sdk\powerbidedicated\Microsoft.Azure.Management.PowerBIDedicated\tests\ScenarioTests\CapacityOperationsTests.cs(240,50): error CS0518: Predefined type 'System.String' is not defined or imported
C:\gh\azure-sdk-for-net\sdk\powerbidedicated\Microsoft.Azure.Management.PowerBIDedicated\tests\ScenarioTests\CapacityOperationsTests.cs(242,40): error CS0518: Predefined type 'System.Object' is not defined or imported
C:\gh\azure-sdk-for-net\sdk\powerbidedicated\Microsoft.Azure.Management.PowerBIDedicated\tests\ScenarioTests\CapacityOperationsTests.cs(242,40): error CS0518: Predefined type 'System.Void' is not defined or imported
C:\gh\azure-sdk-for-net\sdk\powerbidedicated\Microsoft.Azure.Management.PowerBIDedicated\tests\ScenarioTests\CapacityOperationsTests.cs(244,21): error CS0518: Predefined type 'System.Void' is not defined or imported
C:\gh\azure-sdk-for-net\sdk\powerbidedicated\Microsoft.Azure.Management.PowerBIDedicated\tests\ScenarioTests\CapacityOperationsTests.cs(248,21): error CS0518: Predefined type 'System.Object' is not defined or imported
C:\gh\azure-sdk-for-net\sdk\powerbidedicated\Microsoft.Azure.Management.PowerBIDedicated\tests\ScenarioTests\CapacityOperationsTests.cs(249,21): error CS0518: Predefined type 'System.Object' is not defined or imported
C:\gh\azure-sdk-for-net\sdk\powerbidedicated\Microsoft.Azure.Management.PowerBIDedicated\tests\ScenarioTests\CapacityOperationsTests.cs(247,32): error CS0518: Predefined type 'System.String' is not defined or imported
C:\gh\azure-sdk-for-net\sdk\powerbidedicated\Microsoft.Azure.Management.PowerBIDedicated\tests\ScenarioTests\CapacityOperationsTests.cs(252,17): error CS0518: Predefined type 'System.Object' is not defined or imported
C:\gh\azure-sdk-for-net\sdk\powerbidedicated\Microsoft.Azure.Management.PowerBIDedicated\tests\ScenarioTests\CapacityOperationsTests.cs(252,17): error CS0103: The name 'Assert' does not exist in the current context
C:\gh\azure-sdk-for-net\sdk\powerbidedicated\Microsoft.Azure.Management.PowerBIDedicated\tests\ScenarioTests\CapacityOperationsTests.cs(252,30): error CS0518: Predefined type 'System.String' is not defined or imported
C:\gh\azure-sdk-for-net\sdk\powerbidedicated\Microsoft.Azure.Management.PowerBIDedicated\tests\ScenarioTests\CapacityOperationsTests.cs(252,53): error CS0518: Predefined type 'System.String' is not defined or imported
C:\gh\azure-sdk-for-net\sdk\powerbidedicated\Microsoft.Azure.Management.PowerBIDedicated\tests\ScenarioTests\CapacityOperationsTests.cs(253,17): error CS0518: Predefined type 'System.Object' is not defined or imported
C:\gh\azure-sdk-for-net\sdk\powerbidedicated\Microsoft.Azure.Management.PowerBIDedicated\tests\ScenarioTests\CapacityOperationsTests.cs(253,17): error CS0103: The name 'Assert' does not exist in the current context
C:\gh\azure-sdk-for-net\sdk\powerbidedicated\Microsoft.Azure.Management.PowerBIDedicated\tests\ScenarioTests\CapacityOperationsTests.cs(253,30): error CS0518: Predefined type 'System.String' is not defined or imported
C:\gh\azure-sdk-for-net\sdk\powerbidedicated\Microsoft.Azure.Management.PowerBIDedicated\tests\ScenarioTests\CapacityOperationsTests.cs(253,53): error CS0518: Predefined type 'System.String' is not defined or imported
C:\gh\azure-sdk-for-net\sdk\powerbidedicated\Microsoft.Azure.Management.PowerBIDedicated\tests\ScenarioTests\CapacityOperationsTests.cs(256,58): error CS0518: Predefined type 'System.Object' is not defined or imported
C:\gh\azure-sdk-for-net\sdk\powerbidedicated\Microsoft.Azure.Management.PowerBIDedicated\tests\ScenarioTests\CapacityOperationsTests.cs(256,110): error CS0518: Predefined type 'System.Object' is not defined or imported
C:\gh\azure-sdk-for-net\sdk\powerbidedicated\Microsoft.Azure.Management.PowerBIDedicated\tests\ScenarioTests\CapacityOperationsTests.cs(256,29): error CS0518: Predefined type 'System.String' is not defined or imported
C:\gh\azure-sdk-for-net\sdk\powerbidedicated\Microsoft.Azure.Management.PowerBIDedicated\tests\ScenarioTests\CapacityOperationsTests.cs(259,17): error CS0518: Predefined type 'System.Object' is not defined or imported
C:\gh\azure-sdk-for-net\sdk\powerbidedicated\Microsoft.Azure.Management.PowerBIDedicated\tests\ScenarioTests\CapacityOperationsTests.cs(259,17): error CS0103: The name 'Assert' does not exist in the current context
C:\gh\azure-sdk-for-net\sdk\powerbidedicated\Microsoft.Azure.Management.PowerBIDedicated\tests\ScenarioTests\CapacityOperationsTests.cs(259,30): error CS0518: Predefined type 'System.Object' is not defined or imported
C:\gh\azure-sdk-for-net\sdk\powerbidedicated\Microsoft.Azure.Management.PowerBIDedicated\tests\ScenarioTests\CapacityOperationsTests.cs(259,87): error CS0518: Predefined type 'System.String' is not defined or imported
C:\gh\azure-sdk-for-net\sdk\powerbidedicated\Microsoft.Azure.Management.PowerBIDedicated\tests\ScenarioTests\CapacityOperationsTests.cs(260,17): error CS0518: Predefined type 'System.Object' is not defined or imported
C:\gh\azure-sdk-for-net\sdk\powerbidedicated\Microsoft.Azure.Management.PowerBIDedicated\tests\ScenarioTests\CapacityOperationsTests.cs(260,17): error CS0103: The name 'Assert' does not exist in the current context
C:\gh\azure-sdk-for-net\sdk\powerbidedicated\Microsoft.Azure.Management.PowerBIDedicated\tests\ScenarioTests\CapacityOperationsTests.cs(260,30): error CS0518: Predefined type 'System.Object' is not defined or imported
C:\gh\azure-sdk-for-net\sdk\powerbidedicated\Microsoft.Azure.Management.PowerBIDedicated\tests\ScenarioTests\CapacityOperationsTests.cs(260,91): error CS0518: Predefined type 'System.String' is not defined or imported
C:\gh\azure-sdk-for-net\sdk\powerbidedicated\Microsoft.Azure.Management.PowerBIDedicated\tests\ScenarioTests\CapacityOperationsTests.cs(261,17): error CS0518: Predefined type 'System.Object' is not defined or imported
C:\gh\azure-sdk-for-net\sdk\powerbidedicated\Microsoft.Azure.Management.PowerBIDedicated\tests\ScenarioTests\CapacityOperationsTests.cs(261,17): error CS0103: The name 'Assert' does not exist in the current context
C:\gh\azure-sdk-for-net\sdk\powerbidedicated\Microsoft.Azure.Management.PowerBIDedicated\tests\ScenarioTests\CapacityOperationsTests.cs(261,47): error CS0518: Predefined type 'System.String' is not defined or imported
C:\gh\azure-sdk-for-net\sdk\powerbidedicated\Microsoft.Azure.Management.PowerBIDedicated\tests\ScenarioTests\CapacityOperationsTests.cs(261,67): error CS0518: Predefined type 'System.String' is not defined or imported
C:\gh\azure-sdk-for-net\sdk\powerbidedicated\Microsoft.Azure.Management.PowerBIDedicated\tests\ScenarioTests\CapacityOperationsTests.cs(262,17): error CS0518: Predefined type 'System.Object' is not defined or imported
C:\gh\azure-sdk-for-net\sdk\powerbidedicated\Microsoft.Azure.Management.PowerBIDedicated\tests\ScenarioTests\CapacityOperationsTests.cs(262,17): error CS0103: The name 'Assert' does not exist in the current context
C:\gh\azure-sdk-for-net\sdk\powerbidedicated\Microsoft.Azure.Management.PowerBIDedicated\tests\ScenarioTests\CapacityOperationsTests.cs(262,30): error CS0518: Predefined type 'System.Int32' is not defined or imported
C:\gh\azure-sdk-for-net\sdk\powerbidedicated\Microsoft.Azure.Management.PowerBIDedicated\tests\ScenarioTests\CapacityOperationsTests.cs(262,43): error CS0012: The type 'IDictionary<,>' is defined in an assembly that is not referenced. You must add a reference to assembly 'mscorlib, Version=4.0.0.0, Culture=neutral, PublicKeyToken=b77a5c561934e089'.
C:\gh\azure-sdk-for-net\sdk\powerbidedicated\Microsoft.Azure.Management.PowerBIDedicated\tests\ScenarioTests\CapacityOperationsTests.cs(263,17): error CS0518: Predefined type 'System.Object' is not defined or imported
C:\gh\azure-sdk-for-net\sdk\powerbidedicated\Microsoft.Azure.Management.PowerBIDedicated\tests\ScenarioTests\CapacityOperationsTests.cs(263,17): error CS0103: The name 'Assert' does not exist in the current context
C:\gh\azure-sdk-for-net\sdk\powerbidedicated\Microsoft.Azure.Management.PowerBIDedicated\tests\ScenarioTests\CapacityOperationsTests.cs(263,39): error CS0012: The type 'IDictionary<,>' is defined in an assembly that is not referenced. You must add a reference to assembly 'mscorlib, Version=4.0.0.0, Culture=neutral, PublicKeyToken=b77a5c561934e089'.
C:\gh\azure-sdk-for-net\sdk\powerbidedicated\Microsoft.Azure.Management.PowerBIDedicated\tests\ScenarioTests\CapacityOperationsTests.cs(263,56): error CS0518: Predefined type 'System.String' is not defined or imported
C:\gh\azure-sdk-for-net\sdk\powerbidedicated\Microsoft.Azure.Management.PowerBIDedicated\tests\ScenarioTests\CapacityOperationsTests.cs(264,17): error CS0518: Predefined type 'System.Object' is not defined or imported
C:\gh\azure-sdk-for-net\sdk\powerbidedicated\Microsoft.Azure.Management.PowerBIDedicated\tests\ScenarioTests\CapacityOperationsTests.cs(264,17): error CS0103: The name 'Assert' does not exist in the current context
C:\gh\azure-sdk-for-net\sdk\powerbidedicated\Microsoft.Azure.Management.PowerBIDedicated\tests\ScenarioTests\CapacityOperationsTests.cs(264,30): error CS0518: Predefined type 'System.Int32' is not defined or imported
C:\gh\azure-sdk-for-net\sdk\powerbidedicated\Microsoft.Azure.Management.PowerBIDedicated\tests\ScenarioTests\CapacityOperationsTests.cs(264,58): error CS0012: The type 'IList<>' is defined in an assembly that is not referenced. You must add a reference to assembly 'mscorlib, Version=4.0.0.0, Culture=neutral, PublicKeyToken=b77a5c561934e089'.
C:\gh\azure-sdk-for-net\sdk\powerbidedicated\Microsoft.Azure.Management.PowerBIDedicated\tests\ScenarioTests\CapacityOperationsTests.cs(267,42): error CS0518: Predefined type 'System.Object' is not defined or imported
C:\gh\azure-sdk-for-net\sdk\powerbidedicated\Microsoft.Azure.Management.PowerBIDedicated\tests\ScenarioTests\CapacityOperationsTests.cs(267,94): error CS0518: Predefined type 'System.Object' is not defined or imported
C:\gh\azure-sdk-for-net\sdk\powerbidedicated\Microsoft.Azure.Management.PowerBIDedicated\tests\ScenarioTests\CapacityOperationsTests.cs(267,17): error CS0518: Predefined type 'System.Void' is not defined or imported
C:\gh\azure-sdk-for-net\sdk\powerbidedicated\Microsoft.Azure.Management.PowerBIDedicated\tests\ScenarioTests\CapacityOperationsTests.cs(274,13): error CS0518: Predefined type 'System.String' is not defined or imported
C:\gh\azure-sdk-for-net\sdk\powerbidedicated\Microsoft.Azure.Management.PowerBIDedicated\tests\ScenarioTests\CapacityOperationsTests.cs(274,51): error CS0518: Predefined type 'System.Object' is not defined or imported
C:\gh\azure-sdk-for-net\sdk\powerbidedicated\Microsoft.Azure.Management.PowerBIDedicated\tests\ScenarioTests\CapacityOperationsTests.cs(274,44): error CS0518: Predefined type 'System.Type' is not defined or imported
C:\gh\azure-sdk-for-net\sdk\powerbidedicated\Microsoft.Azure.Management.PowerBIDedicated\tests\ScenarioTests\CapacityOperationsTests.cs(275,13): error CS0518: Predefined type 'System.Object' is not defined or imported
C:\gh\azure-sdk-for-net\sdk\powerbidedicated\Microsoft.Azure.Management.PowerBIDedicated\tests\ScenarioTests\CapacityOperationsTests.cs(275,13): error CS0103: The name 'HttpMockServer' does not exist in the current context
C:\gh\azure-sdk-for-net\sdk\powerbidedicated\Microsoft.Azure.Management.PowerBIDedicated\tests\ScenarioTests\CapacityOperationsTests.cs(275,47): error CS0518: Predefined type 'System.Object' is not defined or imported
C:\gh\azure-sdk-for-net\sdk\powerbidedicated\Microsoft.Azure.Management.PowerBIDedicated\tests\ScenarioTests\CapacityOperationsTests.cs(275,47): error CS0103: The name 'Path' does not exist in the current context
C:\gh\azure-sdk-for-net\sdk\powerbidedicated\Microsoft.Azure.Management.PowerBIDedicated\tests\ScenarioTests\CapacityOperationsTests.cs(275,60): error CS0518: Predefined type 'System.Object' is not defined or imported
C:\gh\azure-sdk-for-net\sdk\powerbidedicated\Microsoft.Azure.Management.PowerBIDedicated\tests\ScenarioTests\CapacityOperationsTests.cs(275,60): error CS0103: The name 'Path' does not exist in the current context
C:\gh\azure-sdk-for-net\sdk\powerbidedicated\Microsoft.Azure.Management.PowerBIDedicated\tests\ScenarioTests\CapacityOperationsTests.cs(275,106): error CS0518: Predefined type 'System.String' is not defined or imported
C:\gh\azure-sdk-for-net\sdk\powerbidedicated\Microsoft.Azure.Management.PowerBIDedicated\tests\ScenarioTests\CapacityOperationsTests.cs(277,13): error CS0518: Predefined type 'System.IDisposable' is not defined or imported
C:\gh\azure-sdk-for-net\sdk\powerbidedicated\Microsoft.Azure.Management.PowerBIDedicated\tests\ScenarioTests\CapacityOperationsTests.cs(277,34): error CS0518: Predefined type 'System.Object' is not defined or imported
C:\gh\azure-sdk-for-net\sdk\powerbidedicated\Microsoft.Azure.Management.PowerBIDedicated\tests\ScenarioTests\CapacityOperationsTests.cs(277,34): error CS0103: The name 'MockContext' does not exist in the current context
C:\gh\azure-sdk-for-net\sdk\powerbidedicated\Microsoft.Azure.Management.PowerBIDedicated\tests\ScenarioTests\CapacityOperationsTests.cs(277,57): error CS0518: Predefined type 'System.Object' is not defined or imported
C:\gh\azure-sdk-for-net\sdk\powerbidedicated\Microsoft.Azure.Management.PowerBIDedicated\tests\ScenarioTests\CapacityOperationsTests.cs(277,57): error CS1061: 'CapacityOperationsTests' does not contain a definition for 'GetType' and no accessible extension method 'GetType' accepting a first argument of type 'CapacityOperationsTests' could be found (are you missing a using directive or an assembly reference?)
C:\gh\azure-sdk-for-net\sdk\powerbidedicated\Microsoft.Azure.Management.PowerBIDedicated\tests\ScenarioTests\CapacityOperationsTests.cs(279,35): error CS0518: Predefined type 'System.Object' is not defined or imported
C:\gh\azure-sdk-for-net\sdk\powerbidedicated\Microsoft.Azure.Management.PowerBIDedicated\tests\ScenarioTests\CapacityOperationsTests.cs(281,17): error CS0518: Predefined type 'System.Object' is not defined or imported
C:\gh\azure-sdk-for-net\sdk\powerbidedicated\Microsoft.Azure.Management.PowerBIDedicated\tests\ScenarioTests\CapacityOperationsTests.cs(281,50): error CS0518: Predefined type 'System.Object' is not defined or imported
C:\gh\azure-sdk-for-net\sdk\powerbidedicated\Microsoft.Azure.Management.PowerBIDedicated\tests\ScenarioTests\CapacityOperationsTests.cs(281,80): error CS0518: Predefined type 'System.Object' is not defined or imported
C:\gh\azure-sdk-for-net\sdk\powerbidedicated\Microsoft.Azure.Management.PowerBIDedicated\tests\ScenarioTests\CapacityOperationsTests.cs(286,48): error CS0012: The type 'IEnumerable<>' is defined in an assembly that is not referenced. You must add a reference to assembly 'mscorlib, Version=4.0.0.0, Culture=neutral, PublicKeyToken=b77a5c561934e089'.
C:\gh\azure-sdk-for-net\sdk\powerbidedicated\Microsoft.Azure.Management.PowerBIDedicated\tests\ScenarioTests\CapacityOperationsTests.cs(286,48): error CS0246: The type or namespace name 'IPage<>' could not be found (are you missing a using directive or an assembly reference?)
C:\gh\azure-sdk-for-net\sdk\powerbidedicated\Microsoft.Azure.Management.PowerBIDedicated\tests\ScenarioTests\CapacityOperationsTests.cs(289,21): error CS0518: Predefined type 'System.Object' is not defined or imported
C:\gh\azure-sdk-for-net\sdk\powerbidedicated\Microsoft.Azure.Management.PowerBIDedicated\tests\ScenarioTests\CapacityOperationsTests.cs(289,21): error CS0103: The name 'Assert' does not exist in the current context
C:\gh\azure-sdk-for-net\sdk\powerbidedicated\Microsoft.Azure.Management.PowerBIDedicated\tests\ScenarioTests\CapacityOperationsTests.cs(289,34): error CS0518: Predefined type 'System.Int32' is not defined or imported
C:\gh\azure-sdk-for-net\sdk\powerbidedicated\Microsoft.Azure.Management.PowerBIDedicated\tests\ScenarioTests\CapacityOperationsTests.cs(291,47): error CS0518: Predefined type 'System.String' is not defined or imported
C:\gh\azure-sdk-for-net\sdk\powerbidedicated\Microsoft.Azure.Management.PowerBIDedicated\tests\ScenarioTests\CapacityOperationsTests.cs(292,52): error CS0246: The type or namespace name 'IPage<>' could not be found (are you missing a using directive or an assembly reference?)
C:\gh\azure-sdk-for-net\sdk\powerbidedicated\Microsoft.Azure.Management.PowerBIDedicated\tests\ScenarioTests\CapacityOperationsTests.cs(295,21): error CS0518: Predefined type 'System.Object' is not defined or imported
C:\gh\azure-sdk-for-net\sdk\powerbidedicated\Microsoft.Azure.Management.PowerBIDedicated\tests\ScenarioTests\CapacityOperationsTests.cs(295,21): error CS0103: The name 'Assert' does not exist in the current context
C:\gh\azure-sdk-for-net\sdk\powerbidedicated\Microsoft.Azure.Management.PowerBIDedicated\tests\ScenarioTests\CapacityOperationsTests.cs(295,34): error CS0518: Predefined type 'System.Int32' is not defined or imported
C:\gh\azure-sdk-for-net\sdk\powerbidedicated\Microsoft.Azure.Management.PowerBIDedicated\tests\ScenarioTests\CapacityOperationsTests.cs(297,24): error CS0518: Predefined type 'System.Object' is not defined or imported
C:\gh\azure-sdk-for-net\sdk\powerbidedicated\Microsoft.Azure.Management.PowerBIDedicated\tests\ScenarioTests\CapacityOperationsTests.cs(297,24): error CS0246: The type or namespace name 'Exception' could not be found (are you missing a using directive or an assembly reference?)
C:\gh\azure-sdk-for-net\sdk\powerbidedicated\Microsoft.Azure.Management.PowerBIDedicated\tests\ScenarioTests\CapacityOperationsTests.cs(299,21): error CS0518: Predefined type 'System.Object' is not defined or imported
C:\gh\azure-sdk-for-net\sdk\powerbidedicated\Microsoft.Azure.Management.PowerBIDedicated\tests\ScenarioTests\CapacityOperationsTests.cs(299,21): error CS0103: The name 'Console' does not exist in the current context
C:\gh\azure-sdk-for-net\sdk\powerbidedicated\Microsoft.Azure.Management.PowerBIDedicated\tests\Helpers\PowerBIDedicatedTestUtilities.cs(10,1): hidden CS8019: Unnecessary using directive.
C:\gh\azure-sdk-for-net\sdk\powerbidedicated\Microsoft.Azure.Management.PowerBIDedicated\tests\Helpers\PowerBIDedicatedTestUtilities.cs(24,1): hidden CS8019: Unnecessary using directive.
C:\gh\azure-sdk-for-net\eng\mgmt\DisableTestRunParallel.cs(5,1): hidden CS8019: Unnecessary using directive.
C:\gh\azure-sdk-for-net\eng\mgmt\DisableTestRunParallel.cs(4,1): hidden CS8019: Unnecessary using directive.
C:\gh\azure-sdk-for-net\sdk\powerbidedicated\Microsoft.Azure.Management.PowerBIDedicated\tests\Helpers\PowerBIDedicatedTestUtilities.cs(21,1): hidden CS8019: Unnecessary using directive.
C:\gh\azure-sdk-for-net\sdk\powerbidedicated\Microsoft.Azure.Management.PowerBIDedicated\tests\Properties\AssemblyInfo.cs(6,1): hidden CS8019: Unnecessary using directive.
C:\gh\azure-sdk-for-net\sdk\powerbidedicated\Microsoft.Azure.Management.PowerBIDedicated\tests\Helpers\PowerBIDedicatedTestUtilities.cs(11,1): hidden CS8019: Unnecessary using directive.
C:\gh\azure-sdk-for-net\sdk\powerbidedicated\Microsoft.Azure.Management.PowerBIDedicated\tests\ScenarioTests\CapacityOperationsTests.cs(6,1): hidden CS8019: Unnecessary using directive.
C:\gh\azure-sdk-for-net\sdk\powerbidedicated\Microsoft.Azure.Management.PowerBIDedicated\tests\Helpers\PowerBIDedicatedTestUtilities.cs(22,1): hidden CS8019: Unnecessary using directive.
C:\gh\azure-sdk-for-net\sdk\powerbidedicated\Microsoft.Azure.Management.PowerBIDedicated\tests\Helpers\PowerBIDedicatedTestUtilities.cs(16,1): hidden CS8019: Unnecessary using directive.
C:\gh\azure-sdk-for-net\sdk\powerbidedicated\Microsoft.Azure.Management.PowerBIDedicated\tests\Helpers\PowerBIDedicatedTestUtilities.cs(20,1): hidden CS8019: Unnecessary using directive.
C:\gh\azure-sdk-for-net\sdk\powerbidedicated\Microsoft.Azure.Management.PowerBIDedicated\tests\Helpers\PowerBIDedicatedTestUtilities.cs(19,1): hidden CS8019: Unnecessary using directive.
C:\gh\azure-sdk-for-net\sdk\powerbidedicated\Microsoft.Azure.Management.PowerBIDedicated\tests\Helpers\PowerBIDedicatedTestUtilities.cs(23,1): hidden CS8019: Unnecessary using directive.
C:\gh\azure-sdk-for-net\sdk\powerbidedicated\Microsoft.Azure.Management.PowerBIDedicated\tests\ScenarioTests\CapacityOperationsTests.cs(15,1): hidden CS8019: Unnecessary using directive.
C:\gh\azure-sdk-for-net\sdk\powerbidedicated\Microsoft.Azure.Management.PowerBIDedicated\tests\Helpers\PowerBIDedicatedTestUtilities.cs(25,1): hidden CS8019: Unnecessary using directive.
C:\gh\azure-sdk-for-net\sdk\powerbidedicated\Microsoft.Azure.Management.PowerBIDedicated\tests\Helpers\PowerBIDedicatedTestUtilities.cs(14,1): hidden CS8019: Unnecessary using directive.
C:\gh\azure-sdk-for-net\sdk\powerbidedicated\Microsoft.Azure.Management.PowerBIDedicated\tests\ScenarioTests\CapacityOperationsTests.cs(11,1): hidden CS8019: Unnecessary using directive.
C:\gh\azure-sdk-for-net\sdk\powerbidedicated\Microsoft.Azure.Management.PowerBIDedicated\tests\ScenarioTests\CapacityOperationsTests.cs(12,1): hidden CS8019: Unnecessary using directive.
C:\gh\azure-sdk-for-net\sdk\powerbidedicated\Microsoft.Azure.Management.PowerBIDedicated\tests\Helpers\PowerBIDedicatedTestUtilities.cs(8,1): hidden CS8019: Unnecessary using directive.
C:\gh\azure-sdk-for-net\sdk\powerbidedicated\Microsoft.Azure.Management.PowerBIDedicated\tests\Helpers\PowerBIDedicatedTestUtilities.cs(15,1): hidden CS8019: Unnecessary using directive.
C:\gh\azure-sdk-for-net\sdk\powerbidedicated\Microsoft.Azure.Management.PowerBIDedicated\tests\ScenarioTests\CapacityOperationsTests.cs(18,1): hidden CS8019: Unnecessary using directive.
C:\gh\azure-sdk-for-net\sdk\powerbidedicated\Microsoft.Azure.Management.PowerBIDedicated\tests\Helpers\PowerBIDedicatedTestUtilities.cs(13,1): hidden CS8019: Unnecessary using directive.
C:\gh\azure-sdk-for-net\sdk\powerbidedicated\Microsoft.Azure.Management.PowerBIDedicated\tests\ScenarioTests\CapacityOperationsTests.cs(14,1): hidden CS8019: Unnecessary using directive.
C:\gh\azure-sdk-for-net\sdk\powerbidedicated\Microsoft.Azure.Management.PowerBIDedicated\tests\ScenarioTests\CapacityOperationsTests.cs(10,1): hidden CS8019: Unnecessary using directive.
C:\gh\azure-sdk-for-net\sdk\powerbidedicated\Microsoft.Azure.Management.PowerBIDedicated\tests\Helpers\PowerBIDedicatedTestUtilities.cs(7,2): hidden CS8019: Unnecessary using directive.
C:\gh\azure-sdk-for-net\artifacts\obj\Microsoft.Azure.Management.PowerBIDedicated.Tests\Debug\netcoreapp2.0\Microsoft.Azure.Management.PowerBIDedicated.Tests.AssemblyInfo.cs(11,1): hidden CS8019: Unnecessary using directive.
C:\gh\azure-sdk-for-net\sdk\powerbidedicated\Microsoft.Azure.Management.PowerBIDedicated\tests\Helpers\PowerBIDedicatedTestUtilities.cs(18,1): hidden CS8019: Unnecessary using directive.
C:\gh\azure-sdk-for-net\sdk\powerbidedicated\Microsoft.Azure.Management.PowerBIDedicated\tests\Helpers\PowerBIDedicatedTestUtilities.cs(9,1): hidden CS8019: Unnecessary using directive.
C:\gh\azure-sdk-for-net\sdk\powerbidedicated\Microsoft.Azure.Management.PowerBIDedicated\tests\ScenarioTests\CapacityOperationsTests.cs(17,1): hidden CS8019: Unnecessary using directive.
C:\gh\azure-sdk-for-net\sdk\powerbidedicated\Microsoft.Azure.Management.PowerBIDedicated\tests\ScenarioTests\CapacityOperationsTests.cs(13,1): hidden CS8019: Unnecessary using directive.
C:\gh\azure-sdk-for-net\sdk\powerbidedicated\Microsoft.Azure.Management.PowerBIDedicated\tests\Helpers\PowerBIDedicatedTestUtilities.cs(4,1): hidden CS8019: Unnecessary using directive.
C:\gh\azure-sdk-for-net\artifacts\obj\Microsoft.Azure.Management.PowerBIDedicated.Tests\Debug\netcoreapp2.0\.NETCoreApp,Version=v2.0.AssemblyAttributes.cs(2,1): hidden CS8019: Unnecessary using directive.
C:\gh\azure-sdk-for-net\sdk\powerbidedicated\Microsoft.Azure.Management.PowerBIDedicated\tests\Helpers\PowerBIDedicatedTestUtilities.cs(17,1): hidden CS8019: Unnecessary using directive.
C:\gh\azure-sdk-for-net\sdk\powerbidedicated\Microsoft.Azure.Management.PowerBIDedicated\tests\Properties\AssemblyInfo.cs(5,1): hidden CS8019: Unnecessary using directive.
C:\gh\azure-sdk-for-net\sdk\powerbidedicated\Microsoft.Azure.Management.PowerBIDedicated\tests\Properties\AssemblyInfo.cs(4,1): hidden CS8019: Unnecessary using directive.
C:\gh\azure-sdk-for-net\sdk\powerbidedicated\Microsoft.Azure.Management.PowerBIDedicated\tests\ScenarioTests\CapacityOperationsTests.cs(9,1): hidden CS8019: Unnecessary using directive.
C:\gh\azure-sdk-for-net\sdk\powerbidedicated\Microsoft.Azure.Management.PowerBIDedicated\tests\Helpers\PowerBIDedicatedTestUtilities.cs(12,1): hidden CS8019: Unnecessary using directive.
C:\gh\azure-sdk-for-net\artifacts\obj\Microsoft.Azure.Management.PowerBIDedicated.Tests\Debug\netcoreapp2.0\.NETCoreApp,Version=v2.0.AssemblyAttributes.cs(3,1): hidden CS8019: Unnecessary using directive.
C:\gh\azure-sdk-for-net\artifacts\obj\Microsoft.Azure.Management.PowerBIDedicated.Tests\Debug\netcoreapp2.0\Microsoft.Azure.Management.PowerBIDedicated.Tests.AssemblyInfo.cs(12,1): hidden CS8019: Unnecessary using directive.
C:\gh\azure-sdk-for-net\sdk\powerbidedicated\Microsoft.Azure.Management.PowerBIDedicated\tests\ScenarioTests\CapacityOperationsTests.cs(16,1): hidden CS8019: Unnecessary using directive.
