C:\gh\azure-sdk-for-net\sdk\compute\Microsoft.Azure.Management.Compute\tests\ScenarioTests\VMTestBase.cs(901,48): error CS0246: The type or namespace name 'VirtualMachineNetworkInterfaceConfiguration' could not be found (are you missing a using directive or an assembly reference?)
C:\gh\azure-sdk-for-net\sdk\compute\Microsoft.Azure.Management.Compute\tests\ScenarioTests\VMTestBase.cs(610,26): error CS0246: The type or namespace name 'VirtualMachineNetworkInterfaceConfiguration' could not be found (are you missing a using directive or an assembly reference?)
C:\gh\azure-sdk-for-net\sdk\compute\Microsoft.Azure.Management.Compute\tests\ScenarioTests\VMAutoPatchSettingTests.cs(55,21): error CS0117: 'PatchSettings' does not contain a definition for 'AssessmentMode'
C:\gh\azure-sdk-for-net\sdk\compute\Microsoft.Azure.Management.Compute\tests\ScenarioTests\VMAutoPatchSettingTests.cs(68,21): error CS0117: 'PatchSettings' does not contain a definition for 'AssessmentMode'
C:\gh\azure-sdk-for-net\sdk\compute\Microsoft.Azure.Management.Compute\tests\ScenarioTests\VMAutoPatchSettingTests.cs(124,30): error CS1061: 'PatchSettings' does not contain a definition for 'AssessmentMode' and no accessible extension method 'AssessmentMode' accepting a first argument of type 'PatchSettings' could be found (are you missing a using directive or an assembly reference?)
C:\gh\azure-sdk-for-net\sdk\compute\Microsoft.Azure.Management.Compute\tests\ScenarioTests\VMAutoPatchSettingTests.cs(126,77): error CS1061: 'PatchSettings' does not contain a definition for 'AssessmentMode' and no accessible extension method 'AssessmentMode' accepting a first argument of type 'PatchSettings' could be found (are you missing a using directive or an assembly reference?)
C:\gh\azure-sdk-for-net\sdk\compute\Microsoft.Azure.Management.Compute\tests\ScenarioTests\VMAutoPatchSettingTests.cs(127,75): error CS1061: 'PatchSettings' does not contain a definition for 'AssessmentMode' and no accessible extension method 'AssessmentMode' accepting a first argument of type 'PatchSettings' could be found (are you missing a using directive or an assembly reference?)
C:\gh\azure-sdk-for-net\sdk\compute\Microsoft.Azure.Management.Compute\tests\ScenarioTests\VMAutoPatchSettingTests.cs(127,104): error CS1061: 'PatchSettings' does not contain a definition for 'AssessmentMode' and no accessible extension method 'AssessmentMode' accepting a first argument of type 'PatchSettings' could be found (are you missing a using directive or an assembly reference?)
C:\gh\azure-sdk-for-net\sdk\compute\Microsoft.Azure.Management.Compute\tests\ScenarioTests\VMAutoPatchSettingTests.cs(133,91): error CS1061: 'PatchSettings' does not contain a definition for 'AssessmentMode' and no accessible extension method 'AssessmentMode' accepting a first argument of type 'PatchSettings' could be found (are you missing a using directive or an assembly reference?)
C:\gh\azure-sdk-for-net\sdk\compute\Microsoft.Azure.Management.Compute\tests\ScenarioTests\VMDeleteOptionTests.cs(44,34): error CS0103: The name 'DiskDeleteOptionTypes' does not exist in the current context
C:\gh\azure-sdk-for-net\sdk\compute\Microsoft.Azure.Management.Compute\tests\ScenarioTests\VMDeleteOptionTests.cs(44,96): error CS1061: 'OSDisk' does not contain a definition for 'DeleteOption' and no accessible extension method 'DeleteOption' accepting a first argument of type 'OSDisk' could be found (are you missing a using directive or an assembly reference?)
C:\gh\azure-sdk-for-net\sdk\compute\Microsoft.Azure.Management.Compute\tests\ScenarioTests\VMDeleteOptionTests.cs(48,38): error CS0103: The name 'DiskDeleteOptionTypes' does not exist in the current context
C:\gh\azure-sdk-for-net\sdk\compute\Microsoft.Azure.Management.Compute\tests\ScenarioTests\VMDeleteOptionTests.cs(48,73): error CS1061: 'DataDisk' does not contain a definition for 'DeleteOption' and no accessible extension method 'DeleteOption' accepting a first argument of type 'DataDisk' could be found (are you missing a using directive or an assembly reference?)
C:\gh\azure-sdk-for-net\sdk\compute\Microsoft.Azure.Management.Compute\tests\ScenarioTests\UserDataTests.cs(38,122): error CS0117: 'InstanceViewTypes' does not contain a definition for 'UserData'
C:\gh\azure-sdk-for-net\sdk\compute\Microsoft.Azure.Management.Compute\tests\ScenarioTests\UserDataTests.cs(39,62): error CS1061: 'VirtualMachine' does not contain a definition for 'UserData' and no accessible extension method 'UserData' accepting a first argument of type 'VirtualMachine' could be found (are you missing a using directive or an assembly reference?)
C:\gh\azure-sdk-for-net\sdk\compute\Microsoft.Azure.Management.Compute\tests\ScenarioTests\UserDataTests.cs(41,29): error CS1061: 'VirtualMachine' does not contain a definition for 'UserData' and no accessible extension method 'UserData' accepting a first argument of type 'VirtualMachine' could be found (are you missing a using directive or an assembly reference?)
C:\gh\azure-sdk-for-net\sdk\compute\Microsoft.Azure.Management.Compute\tests\ScenarioTests\UserDataTests.cs(45,107): error CS0117: 'InstanceViewTypes' does not contain a definition for 'UserData'
C:\gh\azure-sdk-for-net\sdk\compute\Microsoft.Azure.Management.Compute\tests\ScenarioTests\UserDataTests.cs(46,62): error CS1061: 'VirtualMachine' does not contain a definition for 'UserData' and no accessible extension method 'UserData' accepting a first argument of type 'VirtualMachine' could be found (are you missing a using directive or an assembly reference?)
C:\gh\azure-sdk-for-net\sdk\compute\Microsoft.Azure.Management.Compute\tests\VMScaleSetTests\VMScaleSetVMOperationalTests.cs(369,43): error CS1929: 'IVirtualMachineScaleSetsOperations' does not contain a definition for 'Get' and the best extension method overload 'VirtualMachinesOperationsExtensions.Get(IVirtualMachinesOperations, string, string, InstanceViewTypes?)' requires a receiver of type 'IVirtualMachinesOperations'
C:\gh\azure-sdk-for-net\sdk\compute\Microsoft.Azure.Management.Compute\tests\VMScaleSetTests\VMScaleSetVMOperationalTests.cs(374,51): error CS0117: 'InstanceViewTypes' does not contain a definition for 'UserData'
C:\gh\azure-sdk-for-net\sdk\compute\Microsoft.Azure.Management.Compute\tests\VMScaleSetTests\VMScaleSetVMOperationalTests.cs(378,59): error CS1061: 'VirtualMachineScaleSetVMProfile' does not contain a definition for 'UserData' and no accessible extension method 'UserData' accepting a first argument of type 'VirtualMachineScaleSetVMProfile' could be found (are you missing a using directive or an assembly reference?)
C:\gh\azure-sdk-for-net\sdk\compute\Microsoft.Azure.Management.Compute\tests\VMScaleSetTests\VMScaleSetVMOperationalTests.cs(382,39): error CS1929: 'IVirtualMachineScaleSetsOperations' does not contain a definition for 'Get' and the best extension method overload 'VirtualMachinesOperationsExtensions.Get(IVirtualMachinesOperations, string, string, InstanceViewTypes?)' requires a receiver of type 'IVirtualMachinesOperations'
C:\gh\azure-sdk-for-net\sdk\compute\Microsoft.Azure.Management.Compute\tests\VMScaleSetTests\VMScaleSetVMOperationalTests.cs(391,55): error CS0117: 'InstanceViewTypes' does not contain a definition for 'UserData'
C:\gh\azure-sdk-for-net\sdk\compute\Microsoft.Azure.Management.Compute\tests\ScenarioTests\VMTestBase.cs(345,25): error CS1061: 'VirtualMachine' does not contain a definition for 'UserData' and no accessible extension method 'UserData' accepting a first argument of type 'VirtualMachine' could be found (are you missing a using directive or an assembly reference?)
C:\gh\azure-sdk-for-net\sdk\compute\Microsoft.Azure.Management.Compute\tests\VMScaleSetTests\VMScaleSetTestsBase.cs(449,51): error CS1061: 'VirtualMachineScaleSetVMProfile' does not contain a definition for 'UserData' and no accessible extension method 'UserData' accepting a first argument of type 'VirtualMachineScaleSetVMProfile' could be found (are you missing a using directive or an assembly reference?)
C:\gh\azure-sdk-for-net\sdk\compute\Microsoft.Azure.Management.Compute\tests\ScenarioTests\VMNetworkInterfaceTests.cs(373,21): error CS0246: The type or namespace name 'VirtualMachineNetworkInterfaceConfiguration' could not be found (are you missing a using directive or an assembly reference?)
C:\gh\azure-sdk-for-net\sdk\compute\Microsoft.Azure.Management.Compute\tests\ScenarioTests\VMNetworkInterfaceTests.cs(377,149): error CS0103: The name 'NetworkApiVersion' does not exist in the current context
C:\gh\azure-sdk-for-net\sdk\compute\Microsoft.Azure.Management.Compute\tests\ScenarioTests\VMTestBase.cs(612,18): error CS0246: The type or namespace name 'VirtualMachineNetworkInterfaceIPConfiguration' could not be found (are you missing a using directive or an assembly reference?)
C:\gh\azure-sdk-for-net\sdk\compute\Microsoft.Azure.Management.Compute\tests\ScenarioTests\VMTestBase.cs(612,86): error CS0246: The type or namespace name 'VirtualMachineNetworkInterfaceIPConfiguration' could not be found (are you missing a using directive or an assembly reference?)
C:\gh\azure-sdk-for-net\sdk\compute\Microsoft.Azure.Management.Compute\tests\ScenarioTests\VMTestBase.cs(614,29): error CS0246: The type or namespace name 'VirtualMachineNetworkInterfaceIPConfiguration' could not be found (are you missing a using directive or an assembly reference?)
C:\gh\azure-sdk-for-net\sdk\compute\Microsoft.Azure.Management.Compute\tests\ScenarioTests\VMTestBase.cs(619,64): error CS0246: The type or namespace name 'VirtualMachinePublicIPAddressConfiguration' could not be found (are you missing a using directive or an assembly reference?)
C:\gh\azure-sdk-for-net\sdk\compute\Microsoft.Azure.Management.Compute\tests\ScenarioTests\VMTestBase.cs(619,172): error CS0103: The name 'DeleteOptions' does not exist in the current context
C:\gh\azure-sdk-for-net\sdk\compute\Microsoft.Azure.Management.Compute\tests\ScenarioTests\VMTestBase.cs(622,13): error CS0246: The type or namespace name 'VirtualMachineNetworkInterfaceConfiguration' could not be found (are you missing a using directive or an assembly reference?)
C:\gh\azure-sdk-for-net\sdk\compute\Microsoft.Azure.Management.Compute\tests\ScenarioTests\VMTestBase.cs(622,75): error CS0246: The type or namespace name 'VirtualMachineNetworkInterfaceConfiguration' could not be found (are you missing a using directive or an assembly reference?)
C:\gh\azure-sdk-for-net\sdk\compute\Microsoft.Azure.Management.Compute\tests\ScenarioTests\VMTestBase.cs(622,206): error CS0103: The name 'DeleteOptions' does not exist in the current context
C:\gh\azure-sdk-for-net\sdk\compute\Microsoft.Azure.Management.Compute\tests\VMScaleSetTests\VMScaleSetNetworkProfileTests.cs(237,43): error CS1061: 'VirtualMachineScaleSetPublicIPAddressConfiguration' does not contain a definition for 'DeleteOption' and no accessible extension method 'DeleteOption' accepting a first argument of type 'VirtualMachineScaleSetPublicIPAddressConfiguration' could be found (are you missing a using directive or an assembly reference?)
C:\gh\azure-sdk-for-net\sdk\compute\Microsoft.Azure.Management.Compute\tests\VMScaleSetTests\VMScaleSetNetworkProfileTests.cs(237,58): error CS0103: The name 'DeleteOptions' does not exist in the current context
C:\gh\azure-sdk-for-net\sdk\compute\Microsoft.Azure.Management.Compute\tests\VMScaleSetTests\VMScaleSetNetworkProfileTests.cs(252,93): error CS1061: 'VirtualMachineScaleSetNetworkProfile' does not contain a definition for 'NetworkApiVersion' and no accessible extension method 'NetworkApiVersion' accepting a first argument of type 'VirtualMachineScaleSetNetworkProfile' could be found (are you missing a using directive or an assembly reference?)
C:\gh\azure-sdk-for-net\sdk\compute\Microsoft.Azure.Management.Compute\tests\VMScaleSetTests\VMScaleSetNetworkProfileTests.cs(252,113): error CS0103: The name 'NetworkApiVersion' does not exist in the current context
C:\gh\azure-sdk-for-net\sdk\compute\Microsoft.Azure.Management.Compute\tests\VMScaleSetTests\VMScaleSetNetworkProfileTests.cs(254,72): error CS1061: 'VirtualMachineScaleSetNetworkConfiguration' does not contain a definition for 'DeleteOption' and no accessible extension method 'DeleteOption' accepting a first argument of type 'VirtualMachineScaleSetNetworkConfiguration' could be found (are you missing a using directive or an assembly reference?)
C:\gh\azure-sdk-for-net\sdk\compute\Microsoft.Azure.Management.Compute\tests\VMScaleSetTests\VMScaleSetNetworkProfileTests.cs(254,87): error CS0103: The name 'DeleteOptions' does not exist in the current context
C:\gh\azure-sdk-for-net\sdk\compute\Microsoft.Azure.Management.Compute\tests\ScenarioTests\VMTestBase.cs(993,34): error CS1061: 'NetworkProfile' does not contain a definition for 'NetworkInterfaceConfigurations' and no accessible extension method 'NetworkInterfaceConfigurations' accepting a first argument of type 'NetworkProfile' could be found (are you missing a using directive or an assembly reference?)
C:\gh\azure-sdk-for-net\sdk\compute\Microsoft.Azure.Management.Compute\tests\ScenarioTests\VMTestBase.cs(993,76): error CS0246: The type or namespace name 'VirtualMachineNetworkInterfaceConfiguration' could not be found (are you missing a using directive or an assembly reference?)
C:\gh\azure-sdk-for-net\sdk\compute\Microsoft.Azure.Management.Compute\tests\ScenarioTests\VMTestBase.cs(1000,34): error CS1061: 'NetworkProfile' does not contain a definition for 'NetworkApiVersion' and no accessible extension method 'NetworkApiVersion' accepting a first argument of type 'NetworkProfile' could be found (are you missing a using directive or an assembly reference?)
C:\gh\azure-sdk-for-net\sdk\compute\Microsoft.Azure.Management.Compute\tests\DiskRPTests\DiskRPDiskAccessTests.cs(3,1): hidden CS8019: Unnecessary using directive.
C:\gh\azure-sdk-for-net\sdk\compute\Microsoft.Azure.Management.Compute\tests\ScenarioTests\VMPatchOperationsTests.cs(6,1): hidden CS8019: Unnecessary using directive.
C:\gh\azure-sdk-for-net\artifacts\obj\Microsoft.Azure.Management.Compute.Tests\Debug\netcoreapp2.0\Microsoft.Azure.Management.Compute.Tests.AssemblyInfo.cs(10,1): hidden CS8019: Unnecessary using directive.
C:\gh\azure-sdk-for-net\sdk\compute\Microsoft.Azure.Management.Compute\tests\DiskRPTests\DiskRPDiskAccessTests.cs(2,1): hidden CS8019: Unnecessary using directive.
C:\gh\azure-sdk-for-net\sdk\compute\Microsoft.Azure.Management.Compute\tests\ScenarioTests\GalleryTests.cs(10,1): hidden CS8019: Unnecessary using directive.
C:\gh\azure-sdk-for-net\sdk\compute\Microsoft.Azure.Management.Compute\tests\DiskRPTests\DiskRPDiskEncryptionSetTests.cs(8,1): hidden CS8019: Unnecessary using directive.
C:\gh\azure-sdk-for-net\sdk\compute\Microsoft.Azure.Management.Compute\tests\DiskRPTests\DiskRPScenarioTests.cs(8,1): hidden CS8019: Unnecessary using directive.
C:\gh\azure-sdk-for-net\artifacts\obj\Microsoft.Azure.Management.Compute.Tests\Debug\netcoreapp2.0\Microsoft.Azure.Management.Compute.Tests.AssemblyInfo.cs(11,1): hidden CS8019: Unnecessary using directive.
C:\gh\azure-sdk-for-net\sdk\compute\Microsoft.Azure.Management.Compute\tests\CloudServiceTests\CloudServiceTestsBase.cs(19,1): hidden CS8019: Unnecessary using directive.
C:\gh\azure-sdk-for-net\artifacts\obj\Microsoft.Azure.Management.Compute.Tests\Debug\netcoreapp2.0\.NETCoreApp,Version=v2.0.AssemblyAttributes.cs(2,1): hidden CS8019: Unnecessary using directive.
C:\gh\azure-sdk-for-net\sdk\compute\Microsoft.Azure.Management.Compute\tests\ScenarioTests\VMRunCommandsTests.cs(11,1): hidden CS8019: Unnecessary using directive.
C:\gh\azure-sdk-for-net\sdk\compute\Microsoft.Azure.Management.Compute\tests\CloudServiceTests\CloudServiceTestsBase.cs(9,1): hidden CS8019: Unnecessary using directive.
C:\gh\azure-sdk-for-net\sdk\compute\Microsoft.Azure.Management.Compute\tests\DiskRPTests\DiskRPDiskEncryptionSetTests.cs(4,1): hidden CS8019: Unnecessary using directive.
C:\gh\azure-sdk-for-net\sdk\compute\Microsoft.Azure.Management.Compute\tests\ScenarioTests\DedicatedHostTests.cs(14,1): hidden CS8019: Unnecessary using directive.
C:\gh\azure-sdk-for-net\sdk\compute\Microsoft.Azure.Management.Compute\tests\DiskRPTests\DiskRPDiskAccessTests.cs(7,1): hidden CS8019: Unnecessary using directive.
C:\gh\azure-sdk-for-net\sdk\compute\Microsoft.Azure.Management.Compute\tests\DiskRPTests\DiskRPDiskEncryptionSetTests.cs(1,1): hidden CS8019: Unnecessary using directive.
C:\gh\azure-sdk-for-net\artifacts\obj\Microsoft.Azure.Management.Compute.Tests\Debug\netcoreapp2.0\.NETCoreApp,Version=v2.0.AssemblyAttributes.cs(3,1): hidden CS8019: Unnecessary using directive.
C:\gh\azure-sdk-for-net\sdk\compute\Microsoft.Azure.Management.Compute\tests\ScenarioTests\HealthExtensionTests.cs(5,1): hidden CS8019: Unnecessary using directive.
C:\gh\azure-sdk-for-net\sdk\compute\Microsoft.Azure.Management.Compute\tests\CloudServiceTests\CloudServiceTestsBase.cs(8,1): hidden CS8019: Unnecessary using directive.
C:\gh\azure-sdk-for-net\sdk\compute\Microsoft.Azure.Management.Compute\tests\ScenarioTests\SharedGalleryTests.cs(6,1): hidden CS8019: Unnecessary using directive.
C:\gh\azure-sdk-for-net\sdk\compute\Microsoft.Azure.Management.Compute\tests\CloudServiceTests\CloudServiceTestsBase.cs(10,1): hidden CS8019: Unnecessary using directive.
C:\gh\azure-sdk-for-net\sdk\compute\Microsoft.Azure.Management.Compute\tests\DiskRPTests\DiskRPDiskEncryptionSetTests.cs(3,1): hidden CS8019: Unnecessary using directive.
C:\gh\azure-sdk-for-net\sdk\compute\Microsoft.Azure.Management.Compute\tests\ScenarioTests\VMScenarioTests.cs(11,1): hidden CS8019: Unnecessary using directive.
C:\gh\azure-sdk-for-net\sdk\compute\Microsoft.Azure.Management.Compute\tests\DiskRPTests\DiskRPDiskEncryptionSetTests.cs(2,1): hidden CS8019: Unnecessary using directive.
C:\gh\azure-sdk-for-net\sdk\compute\Microsoft.Azure.Management.Compute\tests\DiskRPTests\DiskRPScenarioTests.cs(7,1): hidden CS8019: Unnecessary using directive.
C:\gh\azure-sdk-for-net\sdk\compute\Microsoft.Azure.Management.Compute\tests\ScenarioTests\DedicatedHostTests.cs(10,1): hidden CS8019: Unnecessary using directive.
C:\gh\azure-sdk-for-net\sdk\compute\Microsoft.Azure.Management.Compute\tests\ScenarioTests\ListVMTests.cs(5,1): hidden CS8019: Unnecessary using directive.
C:\gh\azure-sdk-for-net\artifacts\obj\Microsoft.Azure.Management.Compute.Tests\Debug\netcoreapp2.0\Microsoft.Azure.Management.Compute.Tests.Program.cs(2,1): hidden CS8019: Unnecessary using directive.
C:\gh\azure-sdk-for-net\sdk\compute\Microsoft.Azure.Management.Compute\tests\CloudServiceTests\CloudServiceTestsBase.cs(24,1): hidden CS8019: Unnecessary using directive.
C:\gh\azure-sdk-for-net\sdk\compute\Microsoft.Azure.Management.Compute\tests\DiskRPTests\DiskRPDiskAccessTests.cs(5,1): hidden CS8019: Unnecessary using directive.
C:\gh\azure-sdk-for-net\sdk\compute\Microsoft.Azure.Management.Compute\tests\CloudServiceTests\CloudServiceTestsBase.cs(25,1): hidden CS8019: Unnecessary using directive.
C:\gh\azure-sdk-for-net\sdk\compute\Microsoft.Azure.Management.Compute\tests\DiskRPTests\DiskRPDiskAccessTests.cs(6,1): hidden CS8019: Unnecessary using directive.
C:\gh\azure-sdk-for-net\sdk\compute\Microsoft.Azure.Management.Compute\tests\ScenarioTests\VMPatchOperationsTests.cs(9,1): hidden CS8019: Unnecessary using directive.
C:\gh\azure-sdk-for-net\sdk\compute\Microsoft.Azure.Management.Compute\tests\CloudServiceTests\CloudServiceTestsBase.cs(20,1): hidden CS8019: Unnecessary using directive.
C:\gh\azure-sdk-for-net\sdk\compute\Microsoft.Azure.Management.Compute\tests\ScenarioTests\SharedGalleryTests.cs(2,1): hidden CS8019: Unnecessary using directive.
C:\gh\azure-sdk-for-net\sdk\compute\Microsoft.Azure.Management.Compute\tests\DiskRPTests\DiskRPDiskEncryptionSetTests.cs(7,1): hidden CS8019: Unnecessary using directive.
C:\gh\azure-sdk-for-net\sdk\compute\Microsoft.Azure.Management.Compute\tests\ScenarioTests\GalleryTests.cs(9,1): hidden CS8019: Unnecessary using directive.
C:\gh\azure-sdk-for-net\sdk\compute\Microsoft.Azure.Management.Compute\tests\ScenarioTests\VMPatchOperationsTests.cs(10,1): hidden CS8019: Unnecessary using directive.
C:\gh\azure-sdk-for-net\sdk\compute\Microsoft.Azure.Management.Compute\tests\ScenarioTests\VMPatchOperationsTests.cs(7,1): hidden CS8019: Unnecessary using directive.
C:\gh\azure-sdk-for-net\sdk\compute\Microsoft.Azure.Management.Compute\tests\Properties\AssemblyInfo.cs(7,1): hidden CS8019: Unnecessary using directive.
C:\gh\azure-sdk-for-net\sdk\compute\Microsoft.Azure.Management.Compute\tests\ScenarioTests\DedicatedHostTests.cs(5,1): hidden CS8019: Unnecessary using directive.
C:\gh\azure-sdk-for-net\sdk\compute\Microsoft.Azure.Management.Compute\tests\VMScaleSetTests\VMScaleSetVMDiskEncryptionTests.cs(5,1): hidden CS8019: Unnecessary using directive.
C:\gh\azure-sdk-for-net\sdk\compute\Microsoft.Azure.Management.Compute\tests\DiskRPTests\DiskRPScenarioTests.cs(9,1): hidden CS8019: Unnecessary using directive.
C:\gh\azure-sdk-for-net\sdk\compute\Microsoft.Azure.Management.Compute\tests\DiskRPTests\DiskRPHyperVGenerationTests.cs(5,1): hidden CS8019: Unnecessary using directive.
C:\gh\azure-sdk-for-net\sdk\compute\Microsoft.Azure.Management.Compute\tests\Properties\AssemblyInfo.cs(5,1): hidden CS8019: Unnecessary using directive.
C:\gh\azure-sdk-for-net\eng\mgmt\DisableTestRunParallel.cs(4,1): hidden CS8019: Unnecessary using directive.
C:\gh\azure-sdk-for-net\sdk\compute\Microsoft.Azure.Management.Compute\tests\ScenarioTests\VMInstanceViewPatchStatusTests.cs(7,1): hidden CS8019: Unnecessary using directive.
C:\gh\azure-sdk-for-net\sdk\compute\Microsoft.Azure.Management.Compute\tests\VMScaleSetTests\VMScaleSetVMDiskEncryptionTests.cs(4,1): hidden CS8019: Unnecessary using directive.
C:\gh\azure-sdk-for-net\sdk\compute\Microsoft.Azure.Management.Compute\tests\DiskRPTests\DiskRPHyperVGenerationTests.cs(4,1): hidden CS8019: Unnecessary using directive.
C:\gh\azure-sdk-for-net\sdk\compute\Microsoft.Azure.Management.Compute\tests\VMScaleSetTests\VMScaleSetVMDiskEncryptionTests.cs(1,1): hidden CS8019: Unnecessary using directive.
C:\gh\azure-sdk-for-net\sdk\compute\Microsoft.Azure.Management.Compute\tests\DiskRPTests\DiskRPHyperVGenerationTests.cs(1,1): hidden CS8019: Unnecessary using directive.
C:\gh\azure-sdk-for-net\sdk\compute\Microsoft.Azure.Management.Compute\tests\DiskRPTests\DiskRPDiskEncryptionSetTests.cs(6,1): hidden CS8019: Unnecessary using directive.
C:\gh\azure-sdk-for-net\sdk\compute\Microsoft.Azure.Management.Compute\tests\ScenarioTests\VMInstanceViewPatchStatusTests.cs(8,1): hidden CS8019: Unnecessary using directive.
C:\gh\azure-sdk-for-net\sdk\compute\Microsoft.Azure.Management.Compute\tests\ScenarioTests\SharedGalleryTests.cs(4,1): hidden CS8019: Unnecessary using directive.
C:\gh\azure-sdk-for-net\sdk\compute\Microsoft.Azure.Management.Compute\tests\DiskRPTests\DiskRPDiskAccessTests.cs(8,1): hidden CS8019: Unnecessary using directive.
C:\gh\azure-sdk-for-net\sdk\compute\Microsoft.Azure.Management.Compute\tests\DiskRPTests\DiskRPCreateOptionTests.cs(3,1): hidden CS8019: Unnecessary using directive.
C:\gh\azure-sdk-for-net\sdk\compute\Microsoft.Azure.Management.Compute\tests\ScenarioTests\SharedGalleryTests.cs(3,1): hidden CS8019: Unnecessary using directive.
C:\gh\azure-sdk-for-net\sdk\compute\Microsoft.Azure.Management.Compute\tests\VMScaleSetTests\VMScaleSetVMDiskEncryptionTests.cs(3,1): hidden CS8019: Unnecessary using directive.
C:\gh\azure-sdk-for-net\sdk\compute\Microsoft.Azure.Management.Compute\tests\DiskRPTests\DiskRPHyperVGenerationTests.cs(3,1): hidden CS8019: Unnecessary using directive.
C:\gh\azure-sdk-for-net\sdk\compute\Microsoft.Azure.Management.Compute\tests\DiskRPTests\DiskRPHyperVGenerationTests.cs(2,1): hidden CS8019: Unnecessary using directive.
C:\gh\azure-sdk-for-net\sdk\compute\Microsoft.Azure.Management.Compute\tests\DiskRPTests\DiskRPCreateOptionTests.cs(8,1): hidden CS8019: Unnecessary using directive.
C:\gh\azure-sdk-for-net\sdk\compute\Microsoft.Azure.Management.Compute\tests\DiskRPTests\DiskRPScenarioTests.cs(6,1): hidden CS8019: Unnecessary using directive.
C:\gh\azure-sdk-for-net\sdk\compute\Microsoft.Azure.Management.Compute\tests\DiskRPTests\DiskRPCreateOptionTests.cs(2,1): hidden CS8019: Unnecessary using directive.
C:\gh\azure-sdk-for-net\sdk\compute\Microsoft.Azure.Management.Compute\tests\VMScaleSetTests\VMScaleSetExtensionTests.cs(8,1): hidden CS8019: Unnecessary using directive.
C:\gh\azure-sdk-for-net\sdk\compute\Microsoft.Azure.Management.Compute\tests\DiskRPTests\DiskRPCreateOptionTests.cs(1,1): hidden CS8019: Unnecessary using directive.
C:\gh\azure-sdk-for-net\sdk\compute\Microsoft.Azure.Management.Compute\tests\DiskRPTests\DiskRPDiskAccessTests.cs(4,1): hidden CS8019: Unnecessary using directive.
C:\gh\azure-sdk-for-net\sdk\compute\Microsoft.Azure.Management.Compute\tests\DiskRPTests\DiskRPDiskAccessTests.cs(1,1): hidden CS8019: Unnecessary using directive.
C:\gh\azure-sdk-for-net\sdk\compute\Microsoft.Azure.Management.Compute\tests\ScenarioTests\LogAnalyticsTests.cs(14,1): hidden CS8019: Unnecessary using directive.
C:\gh\azure-sdk-for-net\sdk\compute\Microsoft.Azure.Management.Compute\tests\ScenarioTests\VMInstanceViewPatchStatusTests.cs(9,1): hidden CS8019: Unnecessary using directive.
C:\gh\azure-sdk-for-net\sdk\compute\Microsoft.Azure.Management.Compute\tests\VMScaleSetTests\VMScaleSetVMDiskEncryptionTests.cs(8,1): hidden CS8019: Unnecessary using directive.
