C:\gh\azure-sdk-for-net\common\ManagementTestShared\ResourceGroupCleanupPolicy.cs(12,47): error CS0246: The type or namespace name 'HttpPipelineSynchronousPolicy' could not be found (are you missing a using directive or an assembly reference?)
C:\gh\azure-sdk-for-net\common\ManagementTestShared\ResourceGroupCleanupPolicy.cs(22,47): error CS0246: The type or namespace name 'HttpMessage' could not be found (are you missing a using directive or an assembly reference?)
C:\gh\azure-sdk-for-net\sdk\sqlmanagement\Azure.ResourceManager.Sql\tests\CapabilitiesScenarioTests.cs(19,10): error CS0246: The type or namespace name 'TestAttribute' could not be found (are you missing a using directive or an assembly reference?)
C:\gh\azure-sdk-for-net\sdk\sqlmanagement\Azure.ResourceManager.Sql\tests\CapabilitiesScenarioTests.cs(19,10): error CS0246: The type or namespace name 'Test' could not be found (are you missing a using directive or an assembly reference?)
C:\gh\azure-sdk-for-net\common\ManagementTestShared\ManagementRecordedTestBase.cs(67,66): error CS0246: The type or namespace name 'ProvidersOperations' could not be found (are you missing a using directive or an assembly reference?)
C:\gh\azure-sdk-for-net\sdk\sqlmanagement\Azure.ResourceManager.Sql\tests\SqlManagementClientBase.cs(11,6): error CS0012: The type 'CategoryAttribute' is defined in an assembly that is not referenced. You must add a reference to assembly 'nunit.framework, Version=3.12.0.0, Culture=neutral, PublicKeyToken=2638cd05610744eb'.
C:\gh\azure-sdk-for-net\sdk\sqlmanagement\Azure.ResourceManager.Sql\tests\SqlManagementClientBase.cs(12,6): error CS0012: The type 'NUnitAttribute' is defined in an assembly that is not referenced. You must add a reference to assembly 'nunit.framework, Version=3.12.0.0, Culture=neutral, PublicKeyToken=2638cd05610744eb'.
C:\gh\azure-sdk-for-net\sdk\sqlmanagement\Azure.ResourceManager.Sql\tests\SqlManagementClientBase.cs(13,6): error CS0246: The type or namespace name 'NonParallelizableAttribute' could not be found (are you missing a using directive or an assembly reference?)
C:\gh\azure-sdk-for-net\sdk\sqlmanagement\Azure.ResourceManager.Sql\tests\SqlManagementClientBase.cs(13,6): error CS0246: The type or namespace name 'NonParallelizable' could not be found (are you missing a using directive or an assembly reference?)
C:\gh\azure-sdk-for-net\common\ManagementTestShared\ManagementRecordedTestBase.cs(40,19): error CS0246: The type or namespace name 'ResourcesManagementClient' could not be found (are you missing a using directive or an assembly reference?)
C:\gh\azure-sdk-for-net\common\ManagementTestShared\ManagementRecordedTestBase.cs(28,68): error CS0246: The type or namespace name 'Operation<>' could not be found (are you missing a using directive or an assembly reference?)
C:\gh\azure-sdk-for-net\common\ManagementTestShared\ManagementRecordedTestBase.cs(28,19): error CS0246: The type or namespace name 'ValueTask<>' could not be found (are you missing a using directive or an assembly reference?)
C:\gh\azure-sdk-for-net\common\ManagementTestShared\ManagementRecordedTestBase.cs(28,29): error CS0246: The type or namespace name 'Response<>' could not be found (are you missing a using directive or an assembly reference?)
C:\gh\azure-sdk-for-net\sdk\sqlmanagement\Azure.ResourceManager.Sql\tests\CapabilitiesScenarioTests.cs(8,7): error CS0246: The type or namespace name 'NUnit' could not be found (are you missing a using directive or an assembly reference?)
C:\gh\azure-sdk-for-net\sdk\sqlmanagement\Azure.ResourceManager.Sql\tests\SqlManagementClientBase.cs(7,7): error CS0246: The type or namespace name 'NUnit' could not be found (are you missing a using directive or an assembly reference?)
C:\gh\azure-sdk-for-net\common\ManagementTestShared\ManagementRecordedTestBase.cs(6,29): error CS0234: The type or namespace name 'Resources' does not exist in the namespace 'Azure.ResourceManager' (are you missing an assembly reference?)
C:\gh\azure-sdk-for-net\sdk\sqlmanagement\Azure.ResourceManager.Sql\tests\SqlManagementClientBase.cs(23,10): error CS0246: The type or namespace name 'SetUpAttribute' could not be found (are you missing a using directive or an assembly reference?)
C:\gh\azure-sdk-for-net\sdk\sqlmanagement\Azure.ResourceManager.Sql\tests\SqlManagementClientBase.cs(23,10): error CS0246: The type or namespace name 'SetUp' could not be found (are you missing a using directive or an assembly reference?)
C:\gh\azure-sdk-for-net\sdk\sqlmanagement\Azure.ResourceManager.Sql\tests\SqlManagementClientBase.cs(28,10): error CS0246: The type or namespace name 'TearDownAttribute' could not be found (are you missing a using directive or an assembly reference?)
C:\gh\azure-sdk-for-net\sdk\sqlmanagement\Azure.ResourceManager.Sql\tests\SqlManagementClientBase.cs(28,10): error CS0246: The type or namespace name 'TearDown' could not be found (are you missing a using directive or an assembly reference?)
C:\gh\azure-sdk-for-net\sdk\sqlmanagement\Azure.ResourceManager.Sql\tests\SqlManagementClientBase.cs(37,33): error CS0012: The type 'TokenCredential' is defined in an assembly that is not referenced. You must add a reference to assembly 'Azure.Core, Version=1.4.1.0, Culture=neutral, PublicKeyToken=92742159e12e44c8'.
C:\gh\azure-sdk-for-net\sdk\sqlmanagement\Azure.ResourceManager.Sql\tests\SqlManagementClientBase.cs(38,45): error CS0518: Predefined type 'System.Void' is not defined or imported
C:\gh\azure-sdk-for-net\common\ManagementTestShared\ResourceGroupCleanupPolicy.cs(24,43): error CS0103: The name 'RequestMethod' does not exist in the current context
C:\gh\azure-sdk-for-net\sdk\sqlmanagement\Azure.ResourceManager.Sql\tests\CapabilitiesScenarioTests.cs(27,55): error CS0246: The type or namespace name 'Task<>' could not be found (are you missing a using directive or an assembly reference?)
C:\gh\azure-sdk-for-net\sdk\sqlmanagement\Azure.ResourceManager.Sql\tests\CapabilitiesScenarioTests.cs(29,13): error CS0103: The name 'Assert' does not exist in the current context
C:\gh\azure-sdk-for-net\sdk\sqlmanagement\Azure.ResourceManager.Sql\tests\CapabilitiesScenarioTests.cs(31,64): error CS0246: The type or namespace name 'IReadOnlyList<>' could not be found (are you missing a using directive or an assembly reference?)
C:\gh\azure-sdk-for-net\sdk\sqlmanagement\Azure.ResourceManager.Sql\tests\CapabilitiesScenarioTests.cs(33,17): error CS0103: The name 'Assert' does not exist in the current context
C:\gh\azure-sdk-for-net\sdk\sqlmanagement\Azure.ResourceManager.Sql\tests\CapabilitiesScenarioTests.cs(33,34): error CS0518: Predefined type 'System.String' is not defined or imported
C:\gh\azure-sdk-for-net\sdk\sqlmanagement\Azure.ResourceManager.Sql\tests\CapabilitiesScenarioTests.cs(34,51): error CS0246: The type or namespace name 'IReadOnlyList<>' could not be found (are you missing a using directive or an assembly reference?)
C:\gh\azure-sdk-for-net\sdk\sqlmanagement\Azure.ResourceManager.Sql\tests\CapabilitiesScenarioTests.cs(36,21): error CS0103: The name 'Assert' does not exist in the current context
C:\gh\azure-sdk-for-net\sdk\sqlmanagement\Azure.ResourceManager.Sql\tests\CapabilitiesScenarioTests.cs(36,38): error CS0518: Predefined type 'System.String' is not defined or imported
C:\gh\azure-sdk-for-net\sdk\sqlmanagement\Azure.ResourceManager.Sql\tests\CapabilitiesScenarioTests.cs(37,64): error CS0246: The type or namespace name 'IReadOnlyList<>' could not be found (are you missing a using directive or an assembly reference?)
C:\gh\azure-sdk-for-net\sdk\sqlmanagement\Azure.ResourceManager.Sql\tests\CapabilitiesScenarioTests.cs(39,25): error CS0103: The name 'Assert' does not exist in the current context
C:\gh\azure-sdk-for-net\sdk\sqlmanagement\Azure.ResourceManager.Sql\tests\CapabilitiesScenarioTests.cs(39,42): error CS0518: Predefined type 'System.String' is not defined or imported
C:\gh\azure-sdk-for-net\sdk\sqlmanagement\Azure.ResourceManager.Sql\tests\CapabilitiesScenarioTests.cs(40,25): error CS0103: The name 'Assert' does not exist in the current context
C:\gh\azure-sdk-for-net\sdk\sqlmanagement\Azure.ResourceManager.Sql\tests\CapabilitiesScenarioTests.cs(41,64): error CS0246: The type or namespace name 'IReadOnlyList<>' could not be found (are you missing a using directive or an assembly reference?)
C:\gh\azure-sdk-for-net\sdk\sqlmanagement\Azure.ResourceManager.Sql\tests\CapabilitiesScenarioTests.cs(43,29): error CS0103: The name 'Assert' does not exist in the current context
C:\gh\azure-sdk-for-net\sdk\sqlmanagement\Azure.ResourceManager.Sql\tests\CapabilitiesScenarioTests.cs(44,29): error CS0103: The name 'Assert' does not exist in the current context
C:\gh\azure-sdk-for-net\common\ManagementTestShared\ManagementRecordedTestBase.cs(42,55): error CS0246: The type or namespace name 'ResourcesManagementClientOptions' could not be found (are you missing a using directive or an assembly reference?)
C:\gh\azure-sdk-for-net\common\ManagementTestShared\ManagementRecordedTestBase.cs(44,21): error CS0012: The type 'ClientOptions' is defined in an assembly that is not referenced. You must add a reference to assembly 'Azure.Core, Version=1.4.1.0, Culture=neutral, PublicKeyToken=92742159e12e44c8'.
C:\gh\azure-sdk-for-net\common\ManagementTestShared\ManagementRecordedTestBase.cs(44,46): error CS0103: The name 'HttpPipelinePosition' does not exist in the current context
C:\gh\azure-sdk-for-net\common\ManagementTestShared\ManagementRecordedTestBase.cs(44,21): error CS1061: 'T' does not contain a definition for 'AddPolicy' and no accessible extension method 'AddPolicy' accepting a first argument of type 'T' could be found (are you missing a using directive or an assembly reference?)
C:\gh\azure-sdk-for-net\common\ManagementTestShared\ManagementRecordedTestBase.cs(46,33): error CS0246: The type or namespace name 'ResourcesManagementClient' could not be found (are you missing a using directive or an assembly reference?)
C:\gh\azure-sdk-for-net\common\ManagementTestShared\ManagementRecordedTestBase.cs(48,33): error CS0012: The type 'TokenCredential' is defined in an assembly that is not referenced. You must add a reference to assembly 'Azure.Core, Version=1.4.1.0, Culture=neutral, PublicKeyToken=92742159e12e44c8'.
C:\gh\azure-sdk-for-net\common\ManagementTestShared\ManagementRecordedTestBase.cs(56,48): error CS0246: The type or namespace name 'ResourcesManagementClient' could not be found (are you missing a using directive or an assembly reference?)
C:\gh\azure-sdk-for-net\common\ManagementTestShared\ManagementRecordedTestBase.cs(58,37): error CS0012: The type 'TokenCredential' is defined in an assembly that is not referenced. You must add a reference to assembly 'Azure.Core, Version=1.4.1.0, Culture=neutral, PublicKeyToken=92742159e12e44c8'.
C:\gh\azure-sdk-for-net\common\ManagementTestShared\ManagementRecordedTestBase.cs(59,25): error CS0246: The type or namespace name 'ResourcesManagementClientOptions' could not be found (are you missing a using directive or an assembly reference?)
C:\gh\azure-sdk-for-net\common\ManagementTestShared\ManagementRecordedTestBase.cs(4,1): hidden CS8019: Unnecessary using directive.
C:\gh\azure-sdk-for-net\sdk\sqlmanagement\Azure.ResourceManager.Sql\tests\CapabilitiesScenarioTests.cs(8,1): hidden CS8019: Unnecessary using directive.
C:\gh\azure-sdk-for-net\common\ManagementTestShared\ResourceGroupCleanupPolicy.cs(7,1): hidden CS8019: Unnecessary using directive.
C:\gh\azure-sdk-for-net\artifacts\obj\Azure.ResourceManager.Sql.Tests\Debug\net461\Azure.ResourceManager.Sql.Tests.AssemblyInfo.cs(11,1): hidden CS8019: Unnecessary using directive.
C:\gh\azure-sdk-for-net\artifacts\obj\Azure.ResourceManager.Sql.Tests\Debug\net461\.NETFramework,Version=v4.6.1.AssemblyAttributes.cs(2,1): hidden CS8019: Unnecessary using directive.
C:\gh\azure-sdk-for-net\sdk\sqlmanagement\Azure.ResourceManager.Sql\tests\CapabilitiesScenarioTests.cs(4,1): hidden CS8019: Unnecessary using directive.
C:\gh\azure-sdk-for-net\common\ManagementTestShared\ManagementRecordedTestBase.cs(6,1): hidden CS8019: Unnecessary using directive.
C:\gh\azure-sdk-for-net\artifacts\obj\Azure.ResourceManager.Sql.Tests\Debug\net461\Azure.ResourceManager.Sql.Tests.AssemblyInfo.cs(12,1): hidden CS8019: Unnecessary using directive.
C:\gh\azure-sdk-for-net\artifacts\obj\Azure.ResourceManager.Sql.Tests\Debug\net461\.NETFramework,Version=v4.6.1.AssemblyAttributes.cs(3,1): hidden CS8019: Unnecessary using directive.
C:\gh\azure-sdk-for-net\common\ManagementTestShared\ResourceGroupCleanupPolicy.cs(8,1): hidden CS8019: Unnecessary using directive.
C:\gh\azure-sdk-for-net\sdk\sqlmanagement\Azure.ResourceManager.Sql\tests\SqlManagementClientBase.cs(7,1): hidden CS8019: Unnecessary using directive.
