C:\gh\azure-sdk-for-net\sdk\keyvault\Azure.Security.KeyVault.Secrets\tests\KeyVaultSecretIdentifierTests.cs(62,44): error CS0246: The type or namespace name 'TestCaseData' could not be found (are you missing a using directive or an assembly reference?)
C:\gh\azure-sdk-for-net\sdk\keyvault\Azure.Security.KeyVault.Secrets\tests\ChallengeBasedAuthenticationPolicyTests.cs(195,40): error CS0246: The type or namespace name 'TokenCredential' could not be found (are you missing a using directive or an assembly reference?)
C:\gh\azure-sdk-for-net\sdk\keyvault\Azure.Security.KeyVault.Secrets\tests\SecretClientLiveTests.cs(430,10): error CS0246: The type or namespace name 'TestAttribute' could not be found (are you missing a using directive or an assembly reference?)
C:\gh\azure-sdk-for-net\sdk\keyvault\Azure.Security.KeyVault.Secrets\tests\SecretClientLiveTests.cs(430,10): error CS0246: The type or namespace name 'Test' could not be found (are you missing a using directive or an assembly reference?)
C:\gh\azure-sdk-for-net\sdk\keyvault\Azure.Security.KeyVault.Secrets\tests\ChallengeBasedAuthenticationPolicyTests.cs(241,52): error CS0246: The type or namespace name 'JsonElement' could not be found (are you missing a using directive or an assembly reference?)
C:\gh\azure-sdk-for-net\sdk\keyvault\Azure.Security.KeyVault.Secrets\tests\ChallengeBasedAuthenticationPolicyTests.cs(241,28): error CS0246: The type or namespace name 'AccessToken' could not be found (are you missing a using directive or an assembly reference?)
C:\gh\azure-sdk-for-net\sdk\keyvault\Azure.Security.KeyVault.Secrets\tests\samples\SampleSnippets.cs(192,10): error CS0246: The type or namespace name 'IgnoreAttribute' could not be found (are you missing a using directive or an assembly reference?)
C:\gh\azure-sdk-for-net\sdk\keyvault\Azure.Security.KeyVault.Secrets\tests\samples\SampleSnippets.cs(192,10): error CS0246: The type or namespace name 'Ignore' could not be found (are you missing a using directive or an assembly reference?)
C:\gh\azure-sdk-for-net\sdk\keyvault\Azure.Security.KeyVault.Secrets\tests\samples\Sample3_GetSecretsAsync.cs(21,10): error CS0246: The type or namespace name 'TestAttribute' could not be found (are you missing a using directive or an assembly reference?)
C:\gh\azure-sdk-for-net\sdk\keyvault\Azure.Security.KeyVault.Secrets\tests\samples\Sample3_GetSecretsAsync.cs(21,10): error CS0246: The type or namespace name 'Test' could not be found (are you missing a using directive or an assembly reference?)
C:\gh\azure-sdk-for-net\sdk\keyvault\Azure.Security.KeyVault.Secrets\tests\samples\Sample2_BackupAndRestoreAsync.cs(18,10): error CS0246: The type or namespace name 'TestAttribute' could not be found (are you missing a using directive or an assembly reference?)
C:\gh\azure-sdk-for-net\sdk\keyvault\Azure.Security.KeyVault.Secrets\tests\samples\Sample2_BackupAndRestoreAsync.cs(18,10): error CS0246: The type or namespace name 'Test' could not be found (are you missing a using directive or an assembly reference?)
C:\gh\azure-sdk-for-net\sdk\keyvault\Azure.Security.KeyVault.Secrets\tests\samples\Sample2_BackupAndRestoreAsync.cs(19,10): error CS0246: The type or namespace name 'IgnoreAttribute' could not be found (are you missing a using directive or an assembly reference?)
C:\gh\azure-sdk-for-net\sdk\keyvault\Azure.Security.KeyVault.Secrets\tests\samples\Sample2_BackupAndRestoreAsync.cs(19,10): error CS0246: The type or namespace name 'Ignore' could not be found (are you missing a using directive or an assembly reference?)
C:\gh\azure-sdk-for-net\sdk\keyvault\Azure.Security.KeyVault.Secrets\tests\samples\Sample1_HelloWorldAsync.cs(18,10): error CS0246: The type or namespace name 'TestAttribute' could not be found (are you missing a using directive or an assembly reference?)
C:\gh\azure-sdk-for-net\sdk\keyvault\Azure.Security.KeyVault.Secrets\tests\samples\Sample1_HelloWorldAsync.cs(18,10): error CS0246: The type or namespace name 'Test' could not be found (are you missing a using directive or an assembly reference?)
C:\gh\azure-sdk-for-net\sdk\keyvault\Azure.Security.KeyVault.Secrets\tests\ChallengeBasedAuthenticationPolicyTests.cs(233,39): error CS0246: The type or namespace name 'AccessToken' could not be found (are you missing a using directive or an assembly reference?)
C:\gh\azure-sdk-for-net\sdk\keyvault\Azure.Security.KeyVault.Secrets\tests\ChallengeBasedAuthenticationPolicyTests.cs(212,72): error CS0246: The type or namespace name 'TokenRequestContext' could not be found (are you missing a using directive or an assembly reference?)
C:\gh\azure-sdk-for-net\sdk\keyvault\Azure.Security.KeyVault.Secrets\tests\ChallengeBasedAuthenticationPolicyTests.cs(212,35): error CS0246: The type or namespace name 'ValueTask<>' could not be found (are you missing a using directive or an assembly reference?)
C:\gh\azure-sdk-for-net\sdk\keyvault\Azure.Security.KeyVault.Secrets\tests\ChallengeBasedAuthenticationPolicyTests.cs(212,45): error CS0246: The type or namespace name 'AccessToken' could not be found (are you missing a using directive or an assembly reference?)
C:\gh\azure-sdk-for-net\sdk\keyvault\Azure.Security.KeyVault.Secrets\tests\samples\SampleSnippets.cs(158,10): error CS0246: The type or namespace name 'OneTimeTearDownAttribute' could not be found (are you missing a using directive or an assembly reference?)
C:\gh\azure-sdk-for-net\sdk\keyvault\Azure.Security.KeyVault.Secrets\tests\samples\SampleSnippets.cs(158,10): error CS0246: The type or namespace name 'OneTimeTearDown' could not be found (are you missing a using directive or an assembly reference?)
C:\gh\azure-sdk-for-net\sdk\keyvault\Azure.Security.KeyVault.Secrets\tests\ChallengeBasedAuthenticationPolicyTests.cs(197,30): error CS0246: The type or namespace name 'HttpPipeline' could not be found (are you missing a using directive or an assembly reference?)
C:\gh\azure-sdk-for-net\sdk\keyvault\Azure.Security.KeyVault.Secrets\tests\SecretClientLiveTests.cs(407,10): error CS0246: The type or namespace name 'TestAttribute' could not be found (are you missing a using directive or an assembly reference?)
C:\gh\azure-sdk-for-net\sdk\keyvault\Azure.Security.KeyVault.Secrets\tests\SecretClientLiveTests.cs(407,10): error CS0246: The type or namespace name 'Test' could not be found (are you missing a using directive or an assembly reference?)
C:\gh\azure-sdk-for-net\sdk\keyvault\Azure.Security.KeyVault.Secrets\tests\samples\SampleSnippets.cs(118,10): error CS0246: The type or namespace name 'TestAttribute' could not be found (are you missing a using directive or an assembly reference?)
C:\gh\azure-sdk-for-net\sdk\keyvault\Azure.Security.KeyVault.Secrets\tests\samples\SampleSnippets.cs(118,10): error CS0246: The type or namespace name 'Test' could not be found (are you missing a using directive or an assembly reference?)
C:\gh\azure-sdk-for-net\sdk\keyvault\Azure.Security.KeyVault.Secrets\tests\ChallengeBasedAuthenticationPolicyTests.cs(210,50): error CS0246: The type or namespace name 'TokenRequestContext' could not be found (are you missing a using directive or an assembly reference?)
C:\gh\azure-sdk-for-net\sdk\keyvault\Azure.Security.KeyVault.Secrets\tests\ChallengeBasedAuthenticationPolicyTests.cs(210,29): error CS0246: The type or namespace name 'AccessToken' could not be found (are you missing a using directive or an assembly reference?)
C:\gh\azure-sdk-for-net\sdk\keyvault\Azure.Security.KeyVault.Secrets\tests\SecretClientLiveTests.cs(385,10): error CS0246: The type or namespace name 'TestAttribute' could not be found (are you missing a using directive or an assembly reference?)
C:\gh\azure-sdk-for-net\sdk\keyvault\Azure.Security.KeyVault.Secrets\tests\SecretClientLiveTests.cs(385,10): error CS0246: The type or namespace name 'Test' could not be found (are you missing a using directive or an assembly reference?)
C:\gh\azure-sdk-for-net\sdk\keyvault\Azure.Security.KeyVault.Secrets\tests\SecretsTestBase.cs(14,6): error CS0012: The type 'NUnitAttribute' is defined in an assembly that is not referenced. You must add a reference to assembly 'nunit.framework, Version=3.12.0.0, Culture=neutral, PublicKeyToken=2638cd05610744eb'.
C:\gh\azure-sdk-for-net\sdk\keyvault\Azure.Security.KeyVault.Secrets\tests\SecretsTestBase.cs(17,6): error CS0246: The type or namespace name 'NonParallelizableAttribute' could not be found (are you missing a using directive or an assembly reference?)
C:\gh\azure-sdk-for-net\sdk\keyvault\Azure.Security.KeyVault.Secrets\tests\SecretsTestBase.cs(17,6): error CS0246: The type or namespace name 'NonParallelizable' could not be found (are you missing a using directive or an assembly reference?)
C:\gh\azure-sdk-for-net\sdk\keyvault\Azure.Security.KeyVault.Secrets\tests\SecretsTestBase.cs(14,6): error CS0518: Predefined type 'System.Enum' is not defined or imported
C:\gh\azure-sdk-for-net\sdk\keyvault\Azure.Security.KeyVault.Secrets\tests\samples\SampleSnippets.cs(57,10): error CS0246: The type or namespace name 'TestAttribute' could not be found (are you missing a using directive or an assembly reference?)
C:\gh\azure-sdk-for-net\sdk\keyvault\Azure.Security.KeyVault.Secrets\tests\samples\SampleSnippets.cs(57,10): error CS0246: The type or namespace name 'Test' could not be found (are you missing a using directive or an assembly reference?)
C:\gh\azure-sdk-for-net\sdk\keyvault\Azure.Security.KeyVault.Secrets\tests\SecretClientLiveTests.cs(353,10): error CS0246: The type or namespace name 'TestAttribute' could not be found (are you missing a using directive or an assembly reference?)
C:\gh\azure-sdk-for-net\sdk\keyvault\Azure.Security.KeyVault.Secrets\tests\SecretClientLiveTests.cs(353,10): error CS0246: The type or namespace name 'Test' could not be found (are you missing a using directive or an assembly reference?)
C:\gh\azure-sdk-for-net\sdk\keyvault\Azure.Security.KeyVault.Shared\tests\TestExtensions.cs(24,44): error CS0246: The type or namespace name 'AccessToken' could not be found (are you missing a using directive or an assembly reference?)
C:\gh\azure-sdk-for-net\sdk\keyvault\Azure.Security.KeyVault.Shared\tests\TestExtensions.cs(42,44): error CS0122: 'IJsonSerializable' is inaccessible due to its protection level
C:\gh\azure-sdk-for-net\sdk\keyvault\Azure.Security.KeyVault.Secrets\tests\SecretClientLiveTests.cs(323,10): error CS0246: The type or namespace name 'TestAttribute' could not be found (are you missing a using directive or an assembly reference?)
C:\gh\azure-sdk-for-net\sdk\keyvault\Azure.Security.KeyVault.Secrets\tests\SecretClientLiveTests.cs(323,10): error CS0246: The type or namespace name 'Test' could not be found (are you missing a using directive or an assembly reference?)
C:\gh\azure-sdk-for-net\sdk\keyvault\Azure.Security.KeyVault.Shared\tests\JsonStream.cs(34,33): error CS0122: 'IJsonSerializable' is inaccessible due to its protection level
C:\gh\azure-sdk-for-net\sdk\keyvault\Azure.Security.KeyVault.Shared\tests\JsonStream.cs(34,60): error CS0246: The type or namespace name 'JsonWriterOptions' could not be found (are you missing a using directive or an assembly reference?)
C:\gh\azure-sdk-for-net\sdk\keyvault\Azure.Security.KeyVault.Shared\tests\KeyVaultTestEventListener.cs(15,17): error CS0246: The type or namespace name 'AzureEventSourceListener' could not be found (are you missing a using directive or an assembly reference?)
C:\gh\azure-sdk-for-net\sdk\keyvault\Azure.Security.KeyVault.Shared\tests\JsonStream.cs(28,44): error CS0246: The type or namespace name 'JsonWriterOptions' could not be found (are you missing a using directive or an assembly reference?)
C:\gh\azure-sdk-for-net\sdk\keyvault\Azure.Security.KeyVault.Shared\tests\JsonStream.cs(28,16): error CS0246: The type or namespace name 'Utf8JsonWriter' could not be found (are you missing a using directive or an assembly reference?)
C:\gh\azure-sdk-for-net\sdk\keyvault\Azure.Security.KeyVault.Secrets\tests\ChallengeBasedAuthenticationPolicyTests.cs(92,10): error CS0246: The type or namespace name 'TestAttribute' could not be found (are you missing a using directive or an assembly reference?)
C:\gh\azure-sdk-for-net\sdk\keyvault\Azure.Security.KeyVault.Secrets\tests\ChallengeBasedAuthenticationPolicyTests.cs(92,10): error CS0246: The type or namespace name 'Test' could not be found (are you missing a using directive or an assembly reference?)
C:\gh\azure-sdk-for-net\sdk\keyvault\Azure.Security.KeyVault.Secrets\tests\SecretClientLiveTests.cs(298,10): error CS0246: The type or namespace name 'TestAttribute' could not be found (are you missing a using directive or an assembly reference?)
C:\gh\azure-sdk-for-net\sdk\keyvault\Azure.Security.KeyVault.Secrets\tests\SecretClientLiveTests.cs(298,10): error CS0246: The type or namespace name 'Test' could not be found (are you missing a using directive or an assembly reference?)
C:\gh\azure-sdk-for-net\sdk\keyvault\Azure.Security.KeyVault.Shared\tests\PremiumOnlyAttribute.cs(12,41): error CS0246: The type or namespace name 'NUnitAttribute' could not be found (are you missing a using directive or an assembly reference?)
C:\gh\azure-sdk-for-net\sdk\keyvault\Azure.Security.KeyVault.Shared\tests\PremiumOnlyAttribute.cs(12,57): error CS0246: The type or namespace name 'IApplyToTest' could not be found (are you missing a using directive or an assembly reference?)
C:\gh\azure-sdk-for-net\sdk\keyvault\Azure.Security.KeyVault.Shared\tests\PremiumOnlyAttribute.cs(16,33): error CS0246: The type or namespace name 'Test' could not be found (are you missing a using directive or an assembly reference?)
C:\gh\azure-sdk-for-net\sdk\keyvault\Azure.Security.KeyVault.Secrets\tests\SecretClientLiveTests.cs(265,10): error CS0246: The type or namespace name 'TestAttribute' could not be found (are you missing a using directive or an assembly reference?)
C:\gh\azure-sdk-for-net\sdk\keyvault\Azure.Security.KeyVault.Secrets\tests\SecretClientLiveTests.cs(265,10): error CS0246: The type or namespace name 'Test' could not be found (are you missing a using directive or an assembly reference?)
C:\gh\azure-sdk-for-net\sdk\keyvault\Azure.Security.KeyVault.Secrets\tests\SecretClientLiveTests.cs(266,10): error CS0246: The type or namespace name 'IgnoreAttribute' could not be found (are you missing a using directive or an assembly reference?)
C:\gh\azure-sdk-for-net\sdk\keyvault\Azure.Security.KeyVault.Secrets\tests\SecretClientLiveTests.cs(266,10): error CS0246: The type or namespace name 'Ignore' could not be found (are you missing a using directive or an assembly reference?)
C:\gh\azure-sdk-for-net\sdk\keyvault\Azure.Security.KeyVault.Secrets\tests\ChallengeBasedAuthenticationPolicyTests.cs(45,10): error CS0246: The type or namespace name 'TestCaseAttribute' could not be found (are you missing a using directive or an assembly reference?)
C:\gh\azure-sdk-for-net\sdk\keyvault\Azure.Security.KeyVault.Secrets\tests\ChallengeBasedAuthenticationPolicyTests.cs(45,10): error CS0246: The type or namespace name 'TestCase' could not be found (are you missing a using directive or an assembly reference?)
C:\gh\azure-sdk-for-net\sdk\keyvault\Azure.Security.KeyVault.Secrets\tests\ChallengeBasedAuthenticationPolicyTests.cs(46,10): error CS0246: The type or namespace name 'TestCaseAttribute' could not be found (are you missing a using directive or an assembly reference?)
C:\gh\azure-sdk-for-net\sdk\keyvault\Azure.Security.KeyVault.Secrets\tests\ChallengeBasedAuthenticationPolicyTests.cs(46,10): error CS0246: The type or namespace name 'TestCase' could not be found (are you missing a using directive or an assembly reference?)
C:\gh\azure-sdk-for-net\sdk\keyvault\Azure.Security.KeyVault.Secrets\tests\ChallengeBasedAuthenticationPolicyTests.cs(47,10): error CS0246: The type or namespace name 'TestCaseAttribute' could not be found (are you missing a using directive or an assembly reference?)
C:\gh\azure-sdk-for-net\sdk\keyvault\Azure.Security.KeyVault.Secrets\tests\ChallengeBasedAuthenticationPolicyTests.cs(47,10): error CS0246: The type or namespace name 'TestCase' could not be found (are you missing a using directive or an assembly reference?)
C:\gh\azure-sdk-for-net\sdk\keyvault\Azure.Security.KeyVault.Shared\tests\TestExtensions.cs(14,59): error CS0246: The type or namespace name 'TestCaseData' could not be found (are you missing a using directive or an assembly reference?)
C:\gh\azure-sdk-for-net\sdk\keyvault\Azure.Security.KeyVault.Shared\tests\TestExtensions.cs(14,23): error CS0246: The type or namespace name 'TestCaseData' could not be found (are you missing a using directive or an assembly reference?)
C:\gh\azure-sdk-for-net\sdk\keyvault\Azure.Security.KeyVault.Secrets\tests\SecretClientLiveTests.cs(245,10): error CS0246: The type or namespace name 'TestAttribute' could not be found (are you missing a using directive or an assembly reference?)
C:\gh\azure-sdk-for-net\sdk\keyvault\Azure.Security.KeyVault.Secrets\tests\SecretClientLiveTests.cs(245,10): error CS0246: The type or namespace name 'Test' could not be found (are you missing a using directive or an assembly reference?)
C:\gh\azure-sdk-for-net\sdk\keyvault\Azure.Security.KeyVault.Secrets\tests\SecretClientLiveTests.cs(237,10): error CS0246: The type or namespace name 'TestAttribute' could not be found (are you missing a using directive or an assembly reference?)
C:\gh\azure-sdk-for-net\sdk\keyvault\Azure.Security.KeyVault.Secrets\tests\SecretClientLiveTests.cs(237,10): error CS0246: The type or namespace name 'Test' could not be found (are you missing a using directive or an assembly reference?)
C:\gh\azure-sdk-for-net\sdk\keyvault\Azure.Security.KeyVault.Secrets\tests\SecretsTestBase.cs(77,10): error CS0246: The type or namespace name 'OneTimeTearDownAttribute' could not be found (are you missing a using directive or an assembly reference?)
C:\gh\azure-sdk-for-net\sdk\keyvault\Azure.Security.KeyVault.Secrets\tests\SecretsTestBase.cs(77,10): error CS0246: The type or namespace name 'OneTimeTearDown' could not be found (are you missing a using directive or an assembly reference?)
C:\gh\azure-sdk-for-net\sdk\keyvault\Azure.Security.KeyVault.Secrets\tests\SecretsTestBase.cs(65,10): error CS0246: The type or namespace name 'TearDownAttribute' could not be found (are you missing a using directive or an assembly reference?)
C:\gh\azure-sdk-for-net\sdk\keyvault\Azure.Security.KeyVault.Secrets\tests\SecretsTestBase.cs(65,10): error CS0246: The type or namespace name 'TearDown' could not be found (are you missing a using directive or an assembly reference?)
C:\gh\azure-sdk-for-net\sdk\keyvault\Azure.Security.KeyVault.Secrets\tests\SecretClientLiveTests.cs(222,10): error CS0246: The type or namespace name 'TestAttribute' could not be found (are you missing a using directive or an assembly reference?)
C:\gh\azure-sdk-for-net\sdk\keyvault\Azure.Security.KeyVault.Secrets\tests\SecretClientLiveTests.cs(222,10): error CS0246: The type or namespace name 'Test' could not be found (are you missing a using directive or an assembly reference?)
C:\gh\azure-sdk-for-net\sdk\keyvault\Azure.Security.KeyVault.Secrets\tests\SecretClientLiveTests.cs(209,10): error CS0246: The type or namespace name 'TestAttribute' could not be found (are you missing a using directive or an assembly reference?)
C:\gh\azure-sdk-for-net\sdk\keyvault\Azure.Security.KeyVault.Secrets\tests\SecretClientLiveTests.cs(209,10): error CS0246: The type or namespace name 'Test' could not be found (are you missing a using directive or an assembly reference?)
C:\gh\azure-sdk-for-net\sdk\keyvault\Azure.Security.KeyVault.Secrets\tests\ChallengeBasedAuthenticationPolicyTests.cs(29,10): error CS0246: The type or namespace name 'TestAttribute' could not be found (are you missing a using directive or an assembly reference?)
C:\gh\azure-sdk-for-net\sdk\keyvault\Azure.Security.KeyVault.Secrets\tests\ChallengeBasedAuthenticationPolicyTests.cs(29,10): error CS0246: The type or namespace name 'Test' could not be found (are you missing a using directive or an assembly reference?)
C:\gh\azure-sdk-for-net\sdk\keyvault\Azure.Security.KeyVault.Secrets\tests\SecretClientLiveTests.cs(154,10): error CS0246: The type or namespace name 'TestAttribute' could not be found (are you missing a using directive or an assembly reference?)
C:\gh\azure-sdk-for-net\sdk\keyvault\Azure.Security.KeyVault.Secrets\tests\SecretClientLiveTests.cs(154,10): error CS0246: The type or namespace name 'Test' could not be found (are you missing a using directive or an assembly reference?)
C:\gh\azure-sdk-for-net\sdk\keyvault\Azure.Security.KeyVault.Secrets\tests\SecretClientLiveTests.cs(138,10): error CS0246: The type or namespace name 'TestAttribute' could not be found (are you missing a using directive or an assembly reference?)
C:\gh\azure-sdk-for-net\sdk\keyvault\Azure.Security.KeyVault.Secrets\tests\SecretClientLiveTests.cs(138,10): error CS0246: The type or namespace name 'Test' could not be found (are you missing a using directive or an assembly reference?)
C:\gh\azure-sdk-for-net\sdk\keyvault\Azure.Security.KeyVault.Secrets\tests\SecretClientLiveTests.cs(116,10): error CS0246: The type or namespace name 'TestAttribute' could not be found (are you missing a using directive or an assembly reference?)
C:\gh\azure-sdk-for-net\sdk\keyvault\Azure.Security.KeyVault.Secrets\tests\SecretClientLiveTests.cs(116,10): error CS0246: The type or namespace name 'Test' could not be found (are you missing a using directive or an assembly reference?)
C:\gh\azure-sdk-for-net\sdk\keyvault\Azure.Security.KeyVault.Secrets\tests\SecretClientLiveTests.cs(52,10): error CS0246: The type or namespace name 'TestAttribute' could not be found (are you missing a using directive or an assembly reference?)
C:\gh\azure-sdk-for-net\sdk\keyvault\Azure.Security.KeyVault.Secrets\tests\SecretClientLiveTests.cs(52,10): error CS0246: The type or namespace name 'Test' could not be found (are you missing a using directive or an assembly reference?)
C:\gh\azure-sdk-for-net\sdk\keyvault\Azure.Security.KeyVault.Secrets\tests\SecretClientLiveTests.cs(37,10): error CS0246: The type or namespace name 'TestAttribute' could not be found (are you missing a using directive or an assembly reference?)
C:\gh\azure-sdk-for-net\sdk\keyvault\Azure.Security.KeyVault.Secrets\tests\SecretClientLiveTests.cs(37,10): error CS0246: The type or namespace name 'Test' could not be found (are you missing a using directive or an assembly reference?)
C:\gh\azure-sdk-for-net\sdk\keyvault\Azure.Security.KeyVault.Secrets\tests\ChallengeBasedAuthenticationPolicyTests.cs(9,19): error CS0234: The type or namespace name 'Json' does not exist in the namespace 'System.Text' (are you missing an assembly reference?)
C:\gh\azure-sdk-for-net\sdk\keyvault\Azure.Security.KeyVault.Secrets\tests\ChallengeBasedAuthenticationPolicyTests.cs(14,18): error CS0234: The type or namespace name 'Diagnostics' does not exist in the namespace 'Azure.Core' (are you missing an assembly reference?)
C:\gh\azure-sdk-for-net\sdk\keyvault\Azure.Security.KeyVault.Secrets\tests\ChallengeBasedAuthenticationPolicyTests.cs(18,7): error CS0246: The type or namespace name 'NUnit' could not be found (are you missing a using directive or an assembly reference?)
C:\gh\azure-sdk-for-net\sdk\keyvault\Azure.Security.KeyVault.Secrets\tests\KeyVaultSecretIdentifierTests.cs(6,7): error CS0246: The type or namespace name 'NUnit' could not be found (are you missing a using directive or an assembly reference?)
C:\gh\azure-sdk-for-net\sdk\keyvault\Azure.Security.KeyVault.Secrets\tests\SampleFixture.cs(6,7): error CS0246: The type or namespace name 'NUnit' could not be found (are you missing a using directive or an assembly reference?)
C:\gh\azure-sdk-for-net\sdk\keyvault\Azure.Security.KeyVault.Secrets\tests\samples\Sample1_HelloWorld.cs(4,13): error CS0234: The type or namespace name 'Identity' does not exist in the namespace 'Azure' (are you missing an assembly reference?)
C:\gh\azure-sdk-for-net\sdk\keyvault\Azure.Security.KeyVault.Secrets\tests\samples\Sample1_HelloWorld.cs(5,7): error CS0246: The type or namespace name 'NUnit' could not be found (are you missing a using directive or an assembly reference?)
C:\gh\azure-sdk-for-net\sdk\keyvault\Azure.Security.KeyVault.Secrets\tests\samples\Sample1_HelloWorldAsync.cs(4,13): error CS0234: The type or namespace name 'Identity' does not exist in the namespace 'Azure' (are you missing an assembly reference?)
C:\gh\azure-sdk-for-net\sdk\keyvault\Azure.Security.KeyVault.Secrets\tests\samples\Sample1_HelloWorldAsync.cs(5,7): error CS0246: The type or namespace name 'NUnit' could not be found (are you missing a using directive or an assembly reference?)
C:\gh\azure-sdk-for-net\sdk\keyvault\Azure.Security.KeyVault.Secrets\tests\samples\Sample2_BackupAndRestore.cs(4,13): error CS0234: The type or namespace name 'Identity' does not exist in the namespace 'Azure' (are you missing an assembly reference?)
C:\gh\azure-sdk-for-net\sdk\keyvault\Azure.Security.KeyVault.Secrets\tests\samples\Sample2_BackupAndRestore.cs(5,7): error CS0246: The type or namespace name 'NUnit' could not be found (are you missing a using directive or an assembly reference?)
C:\gh\azure-sdk-for-net\sdk\keyvault\Azure.Security.KeyVault.Secrets\tests\samples\Sample2_BackupAndRestoreAsync.cs(4,13): error CS0234: The type or namespace name 'Identity' does not exist in the namespace 'Azure' (are you missing an assembly reference?)
C:\gh\azure-sdk-for-net\sdk\keyvault\Azure.Security.KeyVault.Secrets\tests\samples\Sample2_BackupAndRestoreAsync.cs(5,7): error CS0246: The type or namespace name 'NUnit' could not be found (are you missing a using directive or an assembly reference?)
C:\gh\azure-sdk-for-net\sdk\keyvault\Azure.Security.KeyVault.Secrets\tests\samples\Sample3_GetSecrets.cs(4,13): error CS0234: The type or namespace name 'Identity' does not exist in the namespace 'Azure' (are you missing an assembly reference?)
C:\gh\azure-sdk-for-net\sdk\keyvault\Azure.Security.KeyVault.Secrets\tests\samples\Sample3_GetSecrets.cs(5,7): error CS0246: The type or namespace name 'NUnit' could not be found (are you missing a using directive or an assembly reference?)
C:\gh\azure-sdk-for-net\sdk\keyvault\Azure.Security.KeyVault.Secrets\tests\samples\Sample3_GetSecretsAsync.cs(4,13): error CS0234: The type or namespace name 'Identity' does not exist in the namespace 'Azure' (are you missing an assembly reference?)
C:\gh\azure-sdk-for-net\sdk\keyvault\Azure.Security.KeyVault.Secrets\tests\samples\Sample3_GetSecretsAsync.cs(5,7): error CS0246: The type or namespace name 'NUnit' could not be found (are you missing a using directive or an assembly reference?)
C:\gh\azure-sdk-for-net\sdk\keyvault\Azure.Security.KeyVault.Secrets\tests\samples\SampleSnippets.cs(5,13): error CS0234: The type or namespace name 'Identity' does not exist in the namespace 'Azure' (are you missing an assembly reference?)
C:\gh\azure-sdk-for-net\sdk\keyvault\Azure.Security.KeyVault.Secrets\tests\samples\SampleSnippets.cs(6,7): error CS0246: The type or namespace name 'NUnit' could not be found (are you missing a using directive or an assembly reference?)
C:\gh\azure-sdk-for-net\sdk\keyvault\Azure.Security.KeyVault.Secrets\tests\SecretClientLiveTests.cs(8,7): error CS0246: The type or namespace name 'NUnit' could not be found (are you missing a using directive or an assembly reference?)
C:\gh\azure-sdk-for-net\sdk\keyvault\Azure.Security.KeyVault.Secrets\tests\SecretClientLiveTests.cs(11,7): error CS0246: The type or namespace name 'NUnit' could not be found (are you missing a using directive or an assembly reference?)
C:\gh\azure-sdk-for-net\sdk\keyvault\Azure.Security.KeyVault.Secrets\tests\SecretClientTests.cs(6,13): error CS0234: The type or namespace name 'Identity' does not exist in the namespace 'Azure' (are you missing an assembly reference?)
C:\gh\azure-sdk-for-net\sdk\keyvault\Azure.Security.KeyVault.Secrets\tests\SecretClientTests.cs(7,7): error CS0246: The type or namespace name 'NUnit' could not be found (are you missing a using directive or an assembly reference?)
C:\gh\azure-sdk-for-net\sdk\keyvault\Azure.Security.KeyVault.Secrets\tests\SecretPropertiesTests.cs(5,7): error CS0246: The type or namespace name 'NUnit' could not be found (are you missing a using directive or an assembly reference?)
C:\gh\azure-sdk-for-net\sdk\keyvault\Azure.Security.KeyVault.Secrets\tests\SecretsTestBase.cs(10,7): error CS0246: The type or namespace name 'NUnit' could not be found (are you missing a using directive or an assembly reference?)
C:\gh\azure-sdk-for-net\sdk\keyvault\Azure.Security.KeyVault.Shared\tests\JsonStream.cs(7,19): error CS0234: The type or namespace name 'Json' does not exist in the namespace 'System.Text' (are you missing an assembly reference?)
C:\gh\azure-sdk-for-net\sdk\keyvault\Azure.Security.KeyVault.Shared\tests\KeyVaultTestEventListener.cs(6,18): error CS0234: The type or namespace name 'Diagnostics' does not exist in the namespace 'Azure.Core' (are you missing an assembly reference?)
C:\gh\azure-sdk-for-net\sdk\keyvault\Azure.Security.KeyVault.Shared\tests\PremiumOnlyAttribute.cs(5,7): error CS0246: The type or namespace name 'NUnit' could not be found (are you missing a using directive or an assembly reference?)
C:\gh\azure-sdk-for-net\sdk\keyvault\Azure.Security.KeyVault.Shared\tests\PremiumOnlyAttribute.cs(6,7): error CS0246: The type or namespace name 'NUnit' could not be found (are you missing a using directive or an assembly reference?)
C:\gh\azure-sdk-for-net\sdk\keyvault\Azure.Security.KeyVault.Shared\tests\PremiumOnlyAttribute.cs(7,7): error CS0246: The type or namespace name 'NUnit' could not be found (are you missing a using directive or an assembly reference?)
C:\gh\azure-sdk-for-net\sdk\keyvault\Azure.Security.KeyVault.Shared\tests\TestExtensions.cs(6,19): error CS0234: The type or namespace name 'Json' does not exist in the namespace 'System.Text' (are you missing an assembly reference?)
C:\gh\azure-sdk-for-net\sdk\keyvault\Azure.Security.KeyVault.Shared\tests\TestExtensions.cs(8,7): error CS0246: The type or namespace name 'NUnit' could not be found (are you missing a using directive or an assembly reference?)
C:\gh\azure-sdk-for-net\sdk\keyvault\Azure.Security.KeyVault.Secrets\tests\KeyVaultSecretIdentifierTests.cs(12,10): error CS0246: The type or namespace name 'TestCaseSourceAttribute' could not be found (are you missing a using directive or an assembly reference?)
C:\gh\azure-sdk-for-net\sdk\keyvault\Azure.Security.KeyVault.Secrets\tests\KeyVaultSecretIdentifierTests.cs(12,10): error CS0246: The type or namespace name 'TestCaseSource' could not be found (are you missing a using directive or an assembly reference?)
C:\gh\azure-sdk-for-net\sdk\keyvault\Azure.Security.KeyVault.Secrets\tests\SampleFixture.cs(10,6): error CS0012: The type 'NUnitAttribute' is defined in an assembly that is not referenced. You must add a reference to assembly 'nunit.framework, Version=3.12.0.0, Culture=neutral, PublicKeyToken=2638cd05610744eb'.
C:\gh\azure-sdk-for-net\sdk\keyvault\Azure.Security.KeyVault.Secrets\tests\SampleFixture.cs(11,6): error CS0246: The type or namespace name 'NonParallelizableAttribute' could not be found (are you missing a using directive or an assembly reference?)
C:\gh\azure-sdk-for-net\sdk\keyvault\Azure.Security.KeyVault.Secrets\tests\SampleFixture.cs(11,6): error CS0246: The type or namespace name 'NonParallelizable' could not be found (are you missing a using directive or an assembly reference?)
C:\gh\azure-sdk-for-net\sdk\keyvault\Azure.Security.KeyVault.Secrets\tests\samples\Sample1_HelloWorld.cs(18,10): error CS0246: The type or namespace name 'TestAttribute' could not be found (are you missing a using directive or an assembly reference?)
C:\gh\azure-sdk-for-net\sdk\keyvault\Azure.Security.KeyVault.Secrets\tests\samples\Sample1_HelloWorld.cs(18,10): error CS0246: The type or namespace name 'Test' could not be found (are you missing a using directive or an assembly reference?)
C:\gh\azure-sdk-for-net\sdk\keyvault\Azure.Security.KeyVault.Secrets\tests\SecretPropertiesTests.cs(11,10): error CS0246: The type or namespace name 'TestCaseAttribute' could not be found (are you missing a using directive or an assembly reference?)
C:\gh\azure-sdk-for-net\sdk\keyvault\Azure.Security.KeyVault.Secrets\tests\SecretPropertiesTests.cs(11,10): error CS0246: The type or namespace name 'TestCase' could not be found (are you missing a using directive or an assembly reference?)
C:\gh\azure-sdk-for-net\sdk\keyvault\Azure.Security.KeyVault.Secrets\tests\SecretPropertiesTests.cs(12,10): error CS0246: The type or namespace name 'TestCaseAttribute' could not be found (are you missing a using directive or an assembly reference?)
C:\gh\azure-sdk-for-net\sdk\keyvault\Azure.Security.KeyVault.Secrets\tests\SecretPropertiesTests.cs(12,10): error CS0246: The type or namespace name 'TestCase' could not be found (are you missing a using directive or an assembly reference?)
C:\gh\azure-sdk-for-net\sdk\keyvault\Azure.Security.KeyVault.Secrets\tests\SecretPropertiesTests.cs(13,10): error CS0246: The type or namespace name 'TestCaseAttribute' could not be found (are you missing a using directive or an assembly reference?)
C:\gh\azure-sdk-for-net\sdk\keyvault\Azure.Security.KeyVault.Secrets\tests\SecretPropertiesTests.cs(13,10): error CS0246: The type or namespace name 'TestCase' could not be found (are you missing a using directive or an assembly reference?)
C:\gh\azure-sdk-for-net\sdk\keyvault\Azure.Security.KeyVault.Secrets\tests\KeyVaultSecretIdentifierTests.cs(32,10): error CS0246: The type or namespace name 'TestCaseSourceAttribute' could not be found (are you missing a using directive or an assembly reference?)
C:\gh\azure-sdk-for-net\sdk\keyvault\Azure.Security.KeyVault.Secrets\tests\KeyVaultSecretIdentifierTests.cs(32,10): error CS0246: The type or namespace name 'TestCaseSource' could not be found (are you missing a using directive or an assembly reference?)
C:\gh\azure-sdk-for-net\sdk\keyvault\Azure.Security.KeyVault.Secrets\tests\SecretClientTests.cs(25,10): error CS0246: The type or namespace name 'TestAttribute' could not be found (are you missing a using directive or an assembly reference?)
C:\gh\azure-sdk-for-net\sdk\keyvault\Azure.Security.KeyVault.Secrets\tests\SecretClientTests.cs(25,10): error CS0246: The type or namespace name 'Test' could not be found (are you missing a using directive or an assembly reference?)
C:\gh\azure-sdk-for-net\sdk\keyvault\Azure.Security.KeyVault.Secrets\tests\SampleFixture.cs(16,10): error CS0246: The type or namespace name 'SetUpAttribute' could not be found (are you missing a using directive or an assembly reference?)
C:\gh\azure-sdk-for-net\sdk\keyvault\Azure.Security.KeyVault.Secrets\tests\SampleFixture.cs(16,10): error CS0246: The type or namespace name 'SetUp' could not be found (are you missing a using directive or an assembly reference?)
C:\gh\azure-sdk-for-net\sdk\keyvault\Azure.Security.KeyVault.Shared\tests\PremiumOnlyAttribute.cs(11,6): error CS0641: Attribute 'AttributeUsage' is only valid on classes derived from System.Attribute
C:\gh\azure-sdk-for-net\sdk\keyvault\Azure.Security.KeyVault.Secrets\tests\samples\Sample3_GetSecrets.cs(21,10): error CS0246: The type or namespace name 'TestAttribute' could not be found (are you missing a using directive or an assembly reference?)
C:\gh\azure-sdk-for-net\sdk\keyvault\Azure.Security.KeyVault.Secrets\tests\samples\Sample3_GetSecrets.cs(21,10): error CS0246: The type or namespace name 'Test' could not be found (are you missing a using directive or an assembly reference?)
C:\gh\azure-sdk-for-net\sdk\keyvault\Azure.Security.KeyVault.Secrets\tests\SecretClientTests.cs(35,10): error CS0246: The type or namespace name 'TestAttribute' could not be found (are you missing a using directive or an assembly reference?)
C:\gh\azure-sdk-for-net\sdk\keyvault\Azure.Security.KeyVault.Secrets\tests\SecretClientTests.cs(35,10): error CS0246: The type or namespace name 'Test' could not be found (are you missing a using directive or an assembly reference?)
C:\gh\azure-sdk-for-net\sdk\keyvault\Azure.Security.KeyVault.Secrets\tests\SecretClientTests.cs(43,10): error CS0246: The type or namespace name 'TestAttribute' could not be found (are you missing a using directive or an assembly reference?)
C:\gh\azure-sdk-for-net\sdk\keyvault\Azure.Security.KeyVault.Secrets\tests\SecretClientTests.cs(43,10): error CS0246: The type or namespace name 'Test' could not be found (are you missing a using directive or an assembly reference?)
C:\gh\azure-sdk-for-net\sdk\keyvault\Azure.Security.KeyVault.Secrets\tests\SecretClientLiveTests.cs(24,10): error CS0246: The type or namespace name 'SetUpAttribute' could not be found (are you missing a using directive or an assembly reference?)
C:\gh\azure-sdk-for-net\sdk\keyvault\Azure.Security.KeyVault.Secrets\tests\SecretClientLiveTests.cs(24,10): error CS0246: The type or namespace name 'SetUp' could not be found (are you missing a using directive or an assembly reference?)
C:\gh\azure-sdk-for-net\sdk\keyvault\Azure.Security.KeyVault.Secrets\tests\SampleFixture.cs(19,10): error CS0246: The type or namespace name 'TearDownAttribute' could not be found (are you missing a using directive or an assembly reference?)
C:\gh\azure-sdk-for-net\sdk\keyvault\Azure.Security.KeyVault.Secrets\tests\SampleFixture.cs(19,10): error CS0246: The type or namespace name 'TearDown' could not be found (are you missing a using directive or an assembly reference?)
C:\gh\azure-sdk-for-net\sdk\keyvault\Azure.Security.KeyVault.Secrets\tests\SecretPropertiesTests.cs(25,10): error CS0246: The type or namespace name 'TestCaseAttribute' could not be found (are you missing a using directive or an assembly reference?)
C:\gh\azure-sdk-for-net\sdk\keyvault\Azure.Security.KeyVault.Secrets\tests\SecretPropertiesTests.cs(25,10): error CS0246: The type or namespace name 'TestCase' could not be found (are you missing a using directive or an assembly reference?)
C:\gh\azure-sdk-for-net\sdk\keyvault\Azure.Security.KeyVault.Secrets\tests\SecretPropertiesTests.cs(26,10): error CS0246: The type or namespace name 'TestCaseAttribute' could not be found (are you missing a using directive or an assembly reference?)
C:\gh\azure-sdk-for-net\sdk\keyvault\Azure.Security.KeyVault.Secrets\tests\SecretPropertiesTests.cs(26,10): error CS0246: The type or namespace name 'TestCase' could not be found (are you missing a using directive or an assembly reference?)
C:\gh\azure-sdk-for-net\sdk\keyvault\Azure.Security.KeyVault.Secrets\tests\SecretPropertiesTests.cs(27,10): error CS0246: The type or namespace name 'TestCaseAttribute' could not be found (are you missing a using directive or an assembly reference?)
C:\gh\azure-sdk-for-net\sdk\keyvault\Azure.Security.KeyVault.Secrets\tests\SecretPropertiesTests.cs(27,10): error CS0246: The type or namespace name 'TestCase' could not be found (are you missing a using directive or an assembly reference?)
C:\gh\azure-sdk-for-net\sdk\keyvault\Azure.Security.KeyVault.Secrets\tests\samples\Sample2_BackupAndRestore.cs(18,10): error CS0246: The type or namespace name 'TestAttribute' could not be found (are you missing a using directive or an assembly reference?)
C:\gh\azure-sdk-for-net\sdk\keyvault\Azure.Security.KeyVault.Secrets\tests\samples\Sample2_BackupAndRestore.cs(18,10): error CS0246: The type or namespace name 'Test' could not be found (are you missing a using directive or an assembly reference?)
C:\gh\azure-sdk-for-net\sdk\keyvault\Azure.Security.KeyVault.Secrets\tests\samples\Sample2_BackupAndRestore.cs(19,10): error CS0246: The type or namespace name 'IgnoreAttribute' could not be found (are you missing a using directive or an assembly reference?)
C:\gh\azure-sdk-for-net\sdk\keyvault\Azure.Security.KeyVault.Secrets\tests\samples\Sample2_BackupAndRestore.cs(19,10): error CS0246: The type or namespace name 'Ignore' could not be found (are you missing a using directive or an assembly reference?)
C:\gh\azure-sdk-for-net\sdk\keyvault\Azure.Security.KeyVault.Secrets\tests\samples\SampleSnippets.cs(23,10): error CS0246: The type or namespace name 'OneTimeSetUpAttribute' could not be found (are you missing a using directive or an assembly reference?)
C:\gh\azure-sdk-for-net\sdk\keyvault\Azure.Security.KeyVault.Secrets\tests\samples\SampleSnippets.cs(23,10): error CS0246: The type or namespace name 'OneTimeSetUp' could not be found (are you missing a using directive or an assembly reference?)
C:\gh\azure-sdk-for-net\sdk\keyvault\Azure.Security.KeyVault.Secrets\tests\SecretClientTests.cs(49,10): error CS0246: The type or namespace name 'TestAttribute' could not be found (are you missing a using directive or an assembly reference?)
C:\gh\azure-sdk-for-net\sdk\keyvault\Azure.Security.KeyVault.Secrets\tests\SecretClientTests.cs(49,10): error CS0246: The type or namespace name 'Test' could not be found (are you missing a using directive or an assembly reference?)
C:\gh\azure-sdk-for-net\sdk\keyvault\Azure.Security.KeyVault.Secrets\tests\samples\SampleSnippets.cs(44,10): error CS0246: The type or namespace name 'TestAttribute' could not be found (are you missing a using directive or an assembly reference?)
C:\gh\azure-sdk-for-net\sdk\keyvault\Azure.Security.KeyVault.Secrets\tests\samples\SampleSnippets.cs(44,10): error CS0246: The type or namespace name 'Test' could not be found (are you missing a using directive or an assembly reference?)
C:\gh\azure-sdk-for-net\sdk\keyvault\Azure.Security.KeyVault.Secrets\tests\SecretClientTests.cs(56,10): error CS0246: The type or namespace name 'TestAttribute' could not be found (are you missing a using directive or an assembly reference?)
C:\gh\azure-sdk-for-net\sdk\keyvault\Azure.Security.KeyVault.Secrets\tests\SecretClientTests.cs(56,10): error CS0246: The type or namespace name 'Test' could not be found (are you missing a using directive or an assembly reference?)
C:\gh\azure-sdk-for-net\sdk\keyvault\Azure.Security.KeyVault.Secrets\tests\SecretClientLiveTests.cs(259,10): error CS0246: The type or namespace name 'TestAttribute' could not be found (are you missing a using directive or an assembly reference?)
C:\gh\azure-sdk-for-net\sdk\keyvault\Azure.Security.KeyVault.Secrets\tests\SecretClientLiveTests.cs(259,10): error CS0246: The type or namespace name 'Test' could not be found (are you missing a using directive or an assembly reference?)
C:\gh\azure-sdk-for-net\sdk\keyvault\Azure.Security.KeyVault.Secrets\tests\SecretClientTests.cs(63,10): error CS0246: The type or namespace name 'TestAttribute' could not be found (are you missing a using directive or an assembly reference?)
C:\gh\azure-sdk-for-net\sdk\keyvault\Azure.Security.KeyVault.Secrets\tests\SecretClientTests.cs(63,10): error CS0246: The type or namespace name 'Test' could not be found (are you missing a using directive or an assembly reference?)
C:\gh\azure-sdk-for-net\sdk\keyvault\Azure.Security.KeyVault.Secrets\tests\samples\SampleSnippets.cs(68,10): error CS0246: The type or namespace name 'TestAttribute' could not be found (are you missing a using directive or an assembly reference?)
C:\gh\azure-sdk-for-net\sdk\keyvault\Azure.Security.KeyVault.Secrets\tests\samples\SampleSnippets.cs(68,10): error CS0246: The type or namespace name 'Test' could not be found (are you missing a using directive or an assembly reference?)
C:\gh\azure-sdk-for-net\sdk\keyvault\Azure.Security.KeyVault.Secrets\tests\SecretClientTests.cs(70,10): error CS0246: The type or namespace name 'TestAttribute' could not be found (are you missing a using directive or an assembly reference?)
C:\gh\azure-sdk-for-net\sdk\keyvault\Azure.Security.KeyVault.Secrets\tests\SecretClientTests.cs(70,10): error CS0246: The type or namespace name 'Test' could not be found (are you missing a using directive or an assembly reference?)
C:\gh\azure-sdk-for-net\sdk\keyvault\Azure.Security.KeyVault.Secrets\tests\SecretClientTests.cs(77,10): error CS0246: The type or namespace name 'TestAttribute' could not be found (are you missing a using directive or an assembly reference?)
C:\gh\azure-sdk-for-net\sdk\keyvault\Azure.Security.KeyVault.Secrets\tests\SecretClientTests.cs(77,10): error CS0246: The type or namespace name 'Test' could not be found (are you missing a using directive or an assembly reference?)
C:\gh\azure-sdk-for-net\sdk\keyvault\Azure.Security.KeyVault.Secrets\tests\SecretClientTests.cs(84,10): error CS0246: The type or namespace name 'TestAttribute' could not be found (are you missing a using directive or an assembly reference?)
C:\gh\azure-sdk-for-net\sdk\keyvault\Azure.Security.KeyVault.Secrets\tests\SecretClientTests.cs(84,10): error CS0246: The type or namespace name 'Test' could not be found (are you missing a using directive or an assembly reference?)
C:\gh\azure-sdk-for-net\sdk\keyvault\Azure.Security.KeyVault.Secrets\tests\samples\SampleSnippets.cs(82,10): error CS0246: The type or namespace name 'TestAttribute' could not be found (are you missing a using directive or an assembly reference?)
C:\gh\azure-sdk-for-net\sdk\keyvault\Azure.Security.KeyVault.Secrets\tests\samples\SampleSnippets.cs(82,10): error CS0246: The type or namespace name 'Test' could not be found (are you missing a using directive or an assembly reference?)
C:\gh\azure-sdk-for-net\sdk\keyvault\Azure.Security.KeyVault.Secrets\tests\SecretClientTests.cs(91,10): error CS0246: The type or namespace name 'TestAttribute' could not be found (are you missing a using directive or an assembly reference?)
C:\gh\azure-sdk-for-net\sdk\keyvault\Azure.Security.KeyVault.Secrets\tests\SecretClientTests.cs(91,10): error CS0246: The type or namespace name 'Test' could not be found (are you missing a using directive or an assembly reference?)
C:\gh\azure-sdk-for-net\sdk\keyvault\Azure.Security.KeyVault.Secrets\tests\SecretClientLiveTests.cs(291,10): error CS0246: The type or namespace name 'TestAttribute' could not be found (are you missing a using directive or an assembly reference?)
C:\gh\azure-sdk-for-net\sdk\keyvault\Azure.Security.KeyVault.Secrets\tests\SecretClientLiveTests.cs(291,10): error CS0246: The type or namespace name 'Test' could not be found (are you missing a using directive or an assembly reference?)
C:\gh\azure-sdk-for-net\sdk\keyvault\Azure.Security.KeyVault.Secrets\tests\samples\SampleSnippets.cs(105,10): error CS0246: The type or namespace name 'TestAttribute' could not be found (are you missing a using directive or an assembly reference?)
C:\gh\azure-sdk-for-net\sdk\keyvault\Azure.Security.KeyVault.Secrets\tests\samples\SampleSnippets.cs(105,10): error CS0246: The type or namespace name 'Test' could not be found (are you missing a using directive or an assembly reference?)
C:\gh\azure-sdk-for-net\sdk\keyvault\Azure.Security.KeyVault.Secrets\tests\samples\SampleSnippets.cs(131,10): error CS0246: The type or namespace name 'TestAttribute' could not be found (are you missing a using directive or an assembly reference?)
C:\gh\azure-sdk-for-net\sdk\keyvault\Azure.Security.KeyVault.Secrets\tests\samples\SampleSnippets.cs(131,10): error CS0246: The type or namespace name 'Test' could not be found (are you missing a using directive or an assembly reference?)
C:\gh\azure-sdk-for-net\sdk\keyvault\Azure.Security.KeyVault.Secrets\tests\SecretClientLiveTests.cs(317,10): error CS0246: The type or namespace name 'TestAttribute' could not be found (are you missing a using directive or an assembly reference?)
C:\gh\azure-sdk-for-net\sdk\keyvault\Azure.Security.KeyVault.Secrets\tests\SecretClientLiveTests.cs(317,10): error CS0246: The type or namespace name 'Test' could not be found (are you missing a using directive or an assembly reference?)
C:\gh\azure-sdk-for-net\sdk\keyvault\Azure.Security.KeyVault.Secrets\tests\samples\SampleSnippets.cs(146,10): error CS0246: The type or namespace name 'IgnoreAttribute' could not be found (are you missing a using directive or an assembly reference?)
C:\gh\azure-sdk-for-net\sdk\keyvault\Azure.Security.KeyVault.Secrets\tests\samples\SampleSnippets.cs(146,10): error CS0246: The type or namespace name 'Ignore' could not be found (are you missing a using directive or an assembly reference?)
C:\gh\azure-sdk-for-net\sdk\keyvault\Azure.Security.KeyVault.Secrets\tests\samples\SampleSnippets.cs(172,10): error CS0246: The type or namespace name 'IgnoreAttribute' could not be found (are you missing a using directive or an assembly reference?)
C:\gh\azure-sdk-for-net\sdk\keyvault\Azure.Security.KeyVault.Secrets\tests\samples\SampleSnippets.cs(172,10): error CS0246: The type or namespace name 'Ignore' could not be found (are you missing a using directive or an assembly reference?)
C:\gh\azure-sdk-for-net\sdk\keyvault\Azure.Security.KeyVault.Secrets\tests\SecretClientLiveTests.cs(347,10): error CS0246: The type or namespace name 'TestAttribute' could not be found (are you missing a using directive or an assembly reference?)
C:\gh\azure-sdk-for-net\sdk\keyvault\Azure.Security.KeyVault.Secrets\tests\SecretClientLiveTests.cs(347,10): error CS0246: The type or namespace name 'Test' could not be found (are you missing a using directive or an assembly reference?)
C:\gh\azure-sdk-for-net\sdk\keyvault\Azure.Security.KeyVault.Secrets\tests\SecretClientLiveTests.cs(379,10): error CS0246: The type or namespace name 'TestAttribute' could not be found (are you missing a using directive or an assembly reference?)
C:\gh\azure-sdk-for-net\sdk\keyvault\Azure.Security.KeyVault.Secrets\tests\SecretClientLiveTests.cs(379,10): error CS0246: The type or namespace name 'Test' could not be found (are you missing a using directive or an assembly reference?)
C:\gh\azure-sdk-for-net\sdk\keyvault\Azure.Security.KeyVault.Shared\tests\KeyVaultTestEventListener.cs(25,29): error CS0103: The name 'AzureEventSourceListener' does not exist in the current context
C:\gh\azure-sdk-for-net\sdk\keyvault\Azure.Security.KeyVault.Shared\tests\PremiumOnlyAttribute.cs(21,33): error CS0103: The name 'RunState' does not exist in the current context
C:\gh\azure-sdk-for-net\sdk\keyvault\Azure.Security.KeyVault.Shared\tests\PremiumOnlyAttribute.cs(22,37): error CS0103: The name 'PropertyNames' does not exist in the current context
C:\gh\azure-sdk-for-net\sdk\keyvault\Azure.Security.KeyVault.Secrets\tests\KeyVaultSecretIdentifierTests.cs(17,55): error CS0246: The type or namespace name 'Uri' could not be found (are you missing a using directive or an assembly reference?)
C:\gh\azure-sdk-for-net\sdk\keyvault\Azure.Security.KeyVault.Secrets\tests\KeyVaultSecretIdentifierTests.cs(19,17): error CS0103: The name 'Assert' does not exist in the current context
C:\gh\azure-sdk-for-net\sdk\keyvault\Azure.Security.KeyVault.Secrets\tests\KeyVaultSecretIdentifierTests.cs(19,48): error CS0246: The type or namespace name 'Uri' could not be found (are you missing a using directive or an assembly reference?)
C:\gh\azure-sdk-for-net\sdk\keyvault\Azure.Security.KeyVault.Secrets\tests\KeyVaultSecretIdentifierTests.cs(20,17): error CS0103: The name 'Assert' does not exist in the current context
C:\gh\azure-sdk-for-net\sdk\keyvault\Azure.Security.KeyVault.Secrets\tests\KeyVaultSecretIdentifierTests.cs(20,54): error CS0246: The type or namespace name 'Uri' could not be found (are you missing a using directive or an assembly reference?)
C:\gh\azure-sdk-for-net\sdk\keyvault\Azure.Security.KeyVault.Secrets\tests\KeyVaultSecretIdentifierTests.cs(21,17): error CS0103: The name 'Assert' does not exist in the current context
C:\gh\azure-sdk-for-net\sdk\keyvault\Azure.Security.KeyVault.Secrets\tests\KeyVaultSecretIdentifierTests.cs(21,50): error CS0518: Predefined type 'System.String' is not defined or imported
C:\gh\azure-sdk-for-net\sdk\keyvault\Azure.Security.KeyVault.Secrets\tests\KeyVaultSecretIdentifierTests.cs(22,17): error CS0103: The name 'Assert' does not exist in the current context
C:\gh\azure-sdk-for-net\sdk\keyvault\Azure.Security.KeyVault.Secrets\tests\KeyVaultSecretIdentifierTests.cs(22,53): error CS0518: Predefined type 'System.String' is not defined or imported
C:\gh\azure-sdk-for-net\sdk\keyvault\Azure.Security.KeyVault.Shared\tests\JsonStream.cs(28,88): error CS0246: The type or namespace name 'Utf8JsonWriter' could not be found (are you missing a using directive or an assembly reference?)
C:\gh\azure-sdk-for-net\sdk\keyvault\Azure.Security.KeyVault.Secrets\tests\ChallengeBasedAuthenticationPolicyTests.cs(33,47): error CS0518: Predefined type 'System.Void' is not defined or imported
C:\gh\azure-sdk-for-net\sdk\keyvault\Azure.Security.KeyVault.Secrets\tests\ChallengeBasedAuthenticationPolicyTests.cs(35,17): error CS0246: The type or namespace name 'ClientOptions' could not be found (are you missing a using directive or an assembly reference?)
C:\gh\azure-sdk-for-net\sdk\keyvault\Azure.Security.KeyVault.Secrets\tests\ChallengeBasedAuthenticationPolicyTests.cs(35,17): error CS0117: 'SecretClientOptions' does not contain a definition for 'Transport'
C:\gh\azure-sdk-for-net\sdk\keyvault\Azure.Security.KeyVault.Secrets\tests\ChallengeBasedAuthenticationPolicyTests.cs(38,39): error CS0518: Predefined type 'System.Void' is not defined or imported
C:\gh\azure-sdk-for-net\sdk\keyvault\Azure.Security.KeyVault.Secrets\tests\ChallengeBasedAuthenticationPolicyTests.cs(40,43): error CS0246: The type or namespace name 'Task<>' could not be found (are you missing a using directive or an assembly reference?)
C:\gh\azure-sdk-for-net\sdk\keyvault\Azure.Security.KeyVault.Secrets\tests\ChallengeBasedAuthenticationPolicyTests.cs(41,13): error CS0122: 'Assert' is inaccessible due to its protection level
C:\gh\azure-sdk-for-net\sdk\keyvault\Azure.Security.KeyVault.Secrets\tests\ChallengeBasedAuthenticationPolicyTests.cs(41,52): error CS0518: Predefined type 'System.String' is not defined or imported
C:\gh\azure-sdk-for-net\sdk\keyvault\Azure.Security.KeyVault.Secrets\tests\samples\SampleSnippets.cs(32,91): error CS0246: The type or namespace name 'DefaultAzureCredential' could not be found (are you missing a using directive or an assembly reference?)
C:\gh\azure-sdk-for-net\sdk\keyvault\Azure.Security.KeyVault.Secrets\tests\samples\SampleSnippets.cs(32,30): error CS0518: Predefined type 'System.Void' is not defined or imported
C:\gh\azure-sdk-for-net\sdk\keyvault\Azure.Security.KeyVault.Secrets\tests\samples\SampleSnippets.cs(35,37): error CS0246: The type or namespace name 'Response<>' could not be found (are you missing a using directive or an assembly reference?)
C:\gh\azure-sdk-for-net\sdk\keyvault\Azure.Security.KeyVault.Secrets\tests\samples\SampleSnippets.cs(38,22): error CS0246: The type or namespace name 'Response<>' could not be found (are you missing a using directive or an assembly reference?)
C:\gh\azure-sdk-for-net\sdk\keyvault\Azure.Security.KeyVault.Shared\tests\TestExtensions.cs(27,35): error CS0246: The type or namespace name 'Utf8JsonWriter' could not be found (are you missing a using directive or an assembly reference?)
C:\gh\azure-sdk-for-net\sdk\keyvault\Azure.Security.KeyVault.Secrets\tests\SecretClientTests.cs(15,47): error CS0518: Predefined type 'System.Void' is not defined or imported
C:\gh\azure-sdk-for-net\sdk\keyvault\Azure.Security.KeyVault.Secrets\tests\SecretClientTests.cs(17,17): error CS0246: The type or namespace name 'ClientOptions' could not be found (are you missing a using directive or an assembly reference?)
C:\gh\azure-sdk-for-net\sdk\keyvault\Azure.Security.KeyVault.Secrets\tests\SecretClientTests.cs(17,17): error CS0117: 'SecretClientOptions' does not contain a definition for 'Transport'
C:\gh\azure-sdk-for-net\sdk\keyvault\Azure.Security.KeyVault.Secrets\tests\SecretClientTests.cs(20,89): error CS0246: The type or namespace name 'DefaultAzureCredential' could not be found (are you missing a using directive or an assembly reference?)
C:\gh\azure-sdk-for-net\sdk\keyvault\Azure.Security.KeyVault.Secrets\tests\SecretClientTests.cs(20,43): error CS0518: Predefined type 'System.Void' is not defined or imported
C:\gh\azure-sdk-for-net\sdk\keyvault\Azure.Security.KeyVault.Secrets\tests\KeyVaultSecretIdentifierTests.cs(35,17): error CS0518: Predefined type 'System.Boolean' is not defined or imported
C:\gh\azure-sdk-for-net\sdk\keyvault\Azure.Security.KeyVault.Secrets\tests\KeyVaultSecretIdentifierTests.cs(37,17): error CS0103: The name 'Assert' does not exist in the current context
C:\gh\azure-sdk-for-net\sdk\keyvault\Azure.Security.KeyVault.Secrets\tests\KeyVaultSecretIdentifierTests.cs(37,48): error CS0246: The type or namespace name 'Uri' could not be found (are you missing a using directive or an assembly reference?)
C:\gh\azure-sdk-for-net\sdk\keyvault\Azure.Security.KeyVault.Secrets\tests\KeyVaultSecretIdentifierTests.cs(38,17): error CS0103: The name 'Assert' does not exist in the current context
C:\gh\azure-sdk-for-net\sdk\keyvault\Azure.Security.KeyVault.Secrets\tests\KeyVaultSecretIdentifierTests.cs(38,54): error CS0246: The type or namespace name 'Uri' could not be found (are you missing a using directive or an assembly reference?)
C:\gh\azure-sdk-for-net\sdk\keyvault\Azure.Security.KeyVault.Secrets\tests\KeyVaultSecretIdentifierTests.cs(39,17): error CS0103: The name 'Assert' does not exist in the current context
C:\gh\azure-sdk-for-net\sdk\keyvault\Azure.Security.KeyVault.Secrets\tests\KeyVaultSecretIdentifierTests.cs(39,50): error CS0518: Predefined type 'System.String' is not defined or imported
C:\gh\azure-sdk-for-net\sdk\keyvault\Azure.Security.KeyVault.Secrets\tests\KeyVaultSecretIdentifierTests.cs(40,17): error CS0103: The name 'Assert' does not exist in the current context
C:\gh\azure-sdk-for-net\sdk\keyvault\Azure.Security.KeyVault.Secrets\tests\KeyVaultSecretIdentifierTests.cs(40,53): error CS0518: Predefined type 'System.String' is not defined or imported
C:\gh\azure-sdk-for-net\sdk\keyvault\Azure.Security.KeyVault.Secrets\tests\SecretsTestBase.cs(44,37): error CS0012: The type 'TokenCredential' is defined in an assembly that is not referenced. You must add a reference to assembly 'Azure.Core, Version=1.4.1.0, Culture=neutral, PublicKeyToken=92742159e12e44c8'.
C:\gh\azure-sdk-for-net\sdk\keyvault\Azure.Security.KeyVault.Secrets\tests\SecretsTestBase.cs(45,49): error CS0518: Predefined type 'System.Void' is not defined or imported
C:\gh\azure-sdk-for-net\sdk\keyvault\Azure.Security.KeyVault.Secrets\tests\SecretsTestBase.cs(42,22): error CS0518: Predefined type 'System.Void' is not defined or imported
C:\gh\azure-sdk-for-net\sdk\keyvault\Azure.Security.KeyVault.Secrets\tests\SecretClientLiveTests.cs(33,17): error CS0122: 'ChallengeBasedAuthenticationPolicy' is inaccessible due to its protection level
C:\gh\azure-sdk-for-net\sdk\keyvault\Azure.Security.KeyVault.Secrets\tests\SecretClientLiveTests.cs(33,52): error CS0246: The type or namespace name 'HttpPipelinePolicy' could not be found (are you missing a using directive or an assembly reference?)
C:\gh\azure-sdk-for-net\sdk\keyvault\Azure.Security.KeyVault.Shared\tests\JsonStream.cs(36,19): error CS0246: The type or namespace name 'Utf8JsonWriter' could not be found (are you missing a using directive or an assembly reference?)
C:\gh\azure-sdk-for-net\sdk\keyvault\Azure.Security.KeyVault.Shared\tests\JsonStream.cs(39,21): error CS0122: 'IJsonSerializable.WriteProperties(Utf8JsonWriter)' is inaccessible due to its protection level
C:\gh\azure-sdk-for-net\sdk\keyvault\Azure.Security.KeyVault.Secrets\tests\SecretPropertiesTests.cs(16,47): error CS0518: Predefined type 'System.Void' is not defined or imported
C:\gh\azure-sdk-for-net\sdk\keyvault\Azure.Security.KeyVault.Secrets\tests\SecretPropertiesTests.cs(16,47): error CS1729: 'SecretProperties' does not contain a constructor that takes 0 arguments
C:\gh\azure-sdk-for-net\sdk\keyvault\Azure.Security.KeyVault.Secrets\tests\SecretPropertiesTests.cs(19,28): error CS1061: 'SecretProperties' does not contain a definition for 'Deserialize' and no accessible extension method 'Deserialize' accepting a first argument of type 'SecretProperties' could be found (are you missing a using directive or an assembly reference?)
C:\gh\azure-sdk-for-net\sdk\keyvault\Azure.Security.KeyVault.Secrets\tests\SecretPropertiesTests.cs(22,13): error CS0103: The name 'Assert' does not exist in the current context
C:\gh\azure-sdk-for-net\sdk\keyvault\Azure.Security.KeyVault.Secrets\tests\SecretPropertiesTests.cs(22,50): error CS0518: Predefined type 'System.Boolean' is not defined or imported
C:\gh\azure-sdk-for-net\sdk\keyvault\Azure.Security.KeyVault.Shared\tests\TestExtensions.cs(45,35): error CS0246: The type or namespace name 'Utf8JsonWriter' could not be found (are you missing a using directive or an assembly reference?)
C:\gh\azure-sdk-for-net\sdk\keyvault\Azure.Security.KeyVault.Shared\tests\TestExtensions.cs(49,21): error CS0122: 'IJsonSerializable.WriteProperties(Utf8JsonWriter)' is inaccessible due to its protection level
C:\gh\azure-sdk-for-net\sdk\keyvault\Azure.Security.KeyVault.Secrets\tests\samples\SampleSnippets.cs(48,37): error CS0246: The type or namespace name 'Response<>' could not be found (are you missing a using directive or an assembly reference?)
C:\gh\azure-sdk-for-net\sdk\keyvault\Azure.Security.KeyVault.Secrets\tests\samples\SampleSnippets.cs(50,38): error CS0518: Predefined type 'System.String' is not defined or imported
C:\gh\azure-sdk-for-net\sdk\keyvault\Azure.Security.KeyVault.Secrets\tests\samples\SampleSnippets.cs(51,38): error CS0518: Predefined type 'System.String' is not defined or imported
C:\gh\azure-sdk-for-net\sdk\keyvault\Azure.Security.KeyVault.Secrets\tests\samples\SampleSnippets.cs(52,49): error CS0518: Predefined type 'System.String' is not defined or imported
C:\gh\azure-sdk-for-net\sdk\keyvault\Azure.Security.KeyVault.Secrets\tests\samples\SampleSnippets.cs(53,49): error CS0518: Predefined type 'System.Nullable`1' is not defined or imported
C:\gh\azure-sdk-for-net\sdk\keyvault\Azure.Security.KeyVault.Secrets\tests\SecretPropertiesTests.cs(30,47): error CS0518: Predefined type 'System.Void' is not defined or imported
C:\gh\azure-sdk-for-net\sdk\keyvault\Azure.Security.KeyVault.Secrets\tests\SecretPropertiesTests.cs(30,47): error CS1729: 'SecretProperties' does not contain a constructor that takes 0 arguments
C:\gh\azure-sdk-for-net\sdk\keyvault\Azure.Security.KeyVault.Secrets\tests\SecretPropertiesTests.cs(33,28): error CS1061: 'SecretProperties' does not contain a definition for 'Deserialize' and no accessible extension method 'Deserialize' accepting a first argument of type 'SecretProperties' could be found (are you missing a using directive or an assembly reference?)
C:\gh\azure-sdk-for-net\sdk\keyvault\Azure.Security.KeyVault.Secrets\tests\SecretPropertiesTests.cs(36,13): error CS0103: The name 'Assert' does not exist in the current context
C:\gh\azure-sdk-for-net\sdk\keyvault\Azure.Security.KeyVault.Secrets\tests\SecretPropertiesTests.cs(36,50): error CS0518: Predefined type 'System.Nullable`1' is not defined or imported
C:\gh\azure-sdk-for-net\sdk\keyvault\Azure.Security.KeyVault.Secrets\tests\SecretClientLiveTests.cs(42,45): error CS0246: The type or namespace name 'Task<>' could not be found (are you missing a using directive or an assembly reference?)
C:\gh\azure-sdk-for-net\sdk\keyvault\Azure.Security.KeyVault.Secrets\tests\SecretClientLiveTests.cs(43,41): error CS0518: Predefined type 'System.String' is not defined or imported
C:\gh\azure-sdk-for-net\sdk\keyvault\Azure.Security.KeyVault.Secrets\tests\SecretClientLiveTests.cs(44,45): error CS0246: The type or namespace name 'Task<>' could not be found (are you missing a using directive or an assembly reference?)
C:\gh\azure-sdk-for-net\sdk\keyvault\Azure.Security.KeyVault.Secrets\tests\SecretClientLiveTests.cs(45,19): error CS0246: The type or namespace name 'Task<>' could not be found (are you missing a using directive or an assembly reference?)
C:\gh\azure-sdk-for-net\sdk\keyvault\Azure.Security.KeyVault.Secrets\tests\SecretClientLiveTests.cs(47,97): error CS0518: Predefined type 'System.String' is not defined or imported
C:\gh\azure-sdk-for-net\sdk\keyvault\Azure.Security.KeyVault.Secrets\tests\SecretClientLiveTests.cs(47,43): error CS0246: The type or namespace name 'Task<>' could not be found (are you missing a using directive or an assembly reference?)
C:\gh\azure-sdk-for-net\sdk\keyvault\Azure.Security.KeyVault.Secrets\tests\SecretClientLiveTests.cs(49,13): error CS0103: The name 'Assert' does not exist in the current context
C:\gh\azure-sdk-for-net\sdk\keyvault\Azure.Security.KeyVault.Secrets\tests\SecretClientLiveTests.cs(49,46): error CS0518: Predefined type 'System.String' is not defined or imported
C:\gh\azure-sdk-for-net\sdk\keyvault\Azure.Security.KeyVault.Secrets\tests\KeyVaultSecretIdentifierTests.cs(65,17): error CS1729: 'TestCaseData' does not contain a constructor that takes 4 arguments
C:\gh\azure-sdk-for-net\sdk\keyvault\Azure.Security.KeyVault.Secrets\tests\SecretClientTests.cs(28,13): error CS0103: The name 'Assert' does not exist in the current context
C:\gh\azure-sdk-for-net\sdk\keyvault\Azure.Security.KeyVault.Secrets\tests\SecretClientTests.cs(29,13): error CS0103: The name 'Assert' does not exist in the current context
C:\gh\azure-sdk-for-net\sdk\keyvault\Azure.Security.KeyVault.Secrets\tests\SecretClientTests.cs(30,13): error CS0103: The name 'Assert' does not exist in the current context
C:\gh\azure-sdk-for-net\sdk\keyvault\Azure.Security.KeyVault.Secrets\tests\SecretClientTests.cs(32,13): error CS0103: The name 'Assert' does not exist in the current context
C:\gh\azure-sdk-for-net\sdk\keyvault\Azure.Security.KeyVault.Secrets\tests\samples\SampleSnippets.cs(61,43): error CS0246: The type or namespace name 'Task<>' could not be found (are you missing a using directive or an assembly reference?)
C:\gh\azure-sdk-for-net\sdk\keyvault\Azure.Security.KeyVault.Secrets\tests\samples\SampleSnippets.cs(63,38): error CS0518: Predefined type 'System.String' is not defined or imported
C:\gh\azure-sdk-for-net\sdk\keyvault\Azure.Security.KeyVault.Secrets\tests\samples\SampleSnippets.cs(64,38): error CS0518: Predefined type 'System.String' is not defined or imported
C:\gh\azure-sdk-for-net\sdk\keyvault\Azure.Security.KeyVault.Secrets\tests\samples\Sample1_HelloWorld.cs(25,69): error CS0246: The type or namespace name 'DefaultAzureCredential' could not be found (are you missing a using directive or an assembly reference?)
C:\gh\azure-sdk-for-net\sdk\keyvault\Azure.Security.KeyVault.Secrets\tests\samples\Sample1_HelloWorld.cs(25,30): error CS0518: Predefined type 'System.Void' is not defined or imported
C:\gh\azure-sdk-for-net\sdk\keyvault\Azure.Security.KeyVault.Secrets\tests\samples\Sample1_HelloWorld.cs(31,30): error CS0518: Predefined type 'System.Void' is not defined or imported
C:\gh\azure-sdk-for-net\sdk\keyvault\Azure.Security.KeyVault.Secrets\tests\samples\Sample1_HelloWorld.cs(32,31): error CS0518: Predefined type 'System.Nullable`1' is not defined or imported
C:\gh\azure-sdk-for-net\sdk\keyvault\Azure.Security.KeyVault.Secrets\tests\samples\Sample1_HelloWorld.cs(34,13): error CS0246: The type or namespace name 'Response<>' could not be found (are you missing a using directive or an assembly reference?)
C:\gh\azure-sdk-for-net\sdk\keyvault\Azure.Security.KeyVault.Secrets\tests\samples\Sample1_HelloWorld.cs(38,41): error CS0246: The type or namespace name 'Response<>' could not be found (are you missing a using directive or an assembly reference?)
C:\gh\azure-sdk-for-net\sdk\keyvault\Azure.Security.KeyVault.Secrets\tests\samples\Sample1_HelloWorld.cs(39,72): error CS0518: Predefined type 'System.String' is not defined or imported
C:\gh\azure-sdk-for-net\sdk\keyvault\Azure.Security.KeyVault.Secrets\tests\samples\Sample1_HelloWorld.cs(39,100): error CS0518: Predefined type 'System.String' is not defined or imported
C:\gh\azure-sdk-for-net\sdk\keyvault\Azure.Security.KeyVault.Secrets\tests\samples\Sample1_HelloWorld.cs(43,35): error CS0518: Predefined type 'System.Nullable`1' is not defined or imported
C:\gh\azure-sdk-for-net\sdk\keyvault\Azure.Security.KeyVault.Secrets\tests\samples\Sample1_HelloWorld.cs(43,69): error CS0518: Predefined type 'System.Nullable`1' is not defined or imported
C:\gh\azure-sdk-for-net\sdk\keyvault\Azure.Security.KeyVault.Secrets\tests\samples\Sample1_HelloWorld.cs(44,46): error CS0246: The type or namespace name 'Response<>' could not be found (are you missing a using directive or an assembly reference?)
C:\gh\azure-sdk-for-net\sdk\keyvault\Azure.Security.KeyVault.Secrets\tests\samples\Sample1_HelloWorld.cs(45,78): error CS0518: Predefined type 'System.Nullable`1' is not defined or imported
C:\gh\azure-sdk-for-net\sdk\keyvault\Azure.Security.KeyVault.Secrets\tests\samples\Sample1_HelloWorld.cs(49,38): error CS0518: Predefined type 'System.Void' is not defined or imported
C:\gh\azure-sdk-for-net\sdk\keyvault\Azure.Security.KeyVault.Secrets\tests\samples\Sample1_HelloWorld.cs(50,39): error CS0518: Predefined type 'System.Nullable`1' is not defined or imported
C:\gh\azure-sdk-for-net\sdk\keyvault\Azure.Security.KeyVault.Secrets\tests\samples\Sample1_HelloWorld.cs(52,13): error CS0246: The type or namespace name 'Response<>' could not be found (are you missing a using directive or an assembly reference?)
C:\gh\azure-sdk-for-net\sdk\keyvault\Azure.Security.KeyVault.Secrets\tests\samples\Sample1_HelloWorld.cs(56,47): error CS0518: Predefined type 'System.String' is not defined or imported
C:\gh\azure-sdk-for-net\sdk\keyvault\Azure.Security.KeyVault.Secrets\tests\samples\Sample1_HelloWorld.cs(61,31): error CS0518: Predefined type 'System.Boolean' is not defined or imported
C:\gh\azure-sdk-for-net\sdk\keyvault\Azure.Security.KeyVault.Secrets\tests\samples\Sample1_HelloWorld.cs(65,27): error CS0246: The type or namespace name 'Operation<>' could not be found (are you missing a using directive or an assembly reference?)
C:\gh\azure-sdk-for-net\sdk\keyvault\Azure.Security.KeyVault.Secrets\tests\samples\Sample1_HelloWorld.cs(65,17): error CS0246: The type or namespace name 'Response' could not be found (are you missing a using directive or an assembly reference?)
C:\gh\azure-sdk-for-net\sdk\keyvault\Azure.Security.KeyVault.Secrets\tests\samples\Sample1_HelloWorld.cs(68,13): error CS0246: The type or namespace name 'Response' could not be found (are you missing a using directive or an assembly reference?)
C:\gh\azure-sdk-for-net\sdk\keyvault\Azure.Security.KeyVault.Secrets\tests\SecretClientTests.cs(38,43): error CS0518: Predefined type 'System.Void' is not defined or imported
C:\gh\azure-sdk-for-net\sdk\keyvault\Azure.Security.KeyVault.Secrets\tests\SecretClientTests.cs(39,13): error CS0103: The name 'Assert' does not exist in the current context
C:\gh\azure-sdk-for-net\sdk\keyvault\Azure.Security.KeyVault.Secrets\tests\SecretClientTests.cs(40,13): error CS0103: The name 'Assert' does not exist in the current context
C:\gh\azure-sdk-for-net\sdk\keyvault\Azure.Security.KeyVault.Secrets\tests\SecretClientTests.cs(46,13): error CS0103: The name 'Assert' does not exist in the current context
C:\gh\azure-sdk-for-net\sdk\keyvault\Azure.Security.KeyVault.Secrets\tests\samples\SampleSnippets.cs(72,13): error CS0246: The type or namespace name 'Response<>' could not be found (are you missing a using directive or an assembly reference?)
C:\gh\azure-sdk-for-net\sdk\keyvault\Azure.Security.KeyVault.Secrets\tests\samples\SampleSnippets.cs(75,37): error CS0246: The type or namespace name 'Response<>' could not be found (are you missing a using directive or an assembly reference?)
C:\gh\azure-sdk-for-net\sdk\keyvault\Azure.Security.KeyVault.Secrets\tests\samples\SampleSnippets.cs(77,38): error CS0518: Predefined type 'System.String' is not defined or imported
C:\gh\azure-sdk-for-net\sdk\keyvault\Azure.Security.KeyVault.Secrets\tests\samples\SampleSnippets.cs(78,38): error CS0518: Predefined type 'System.String' is not defined or imported
C:\gh\azure-sdk-for-net\sdk\keyvault\Azure.Security.KeyVault.Secrets\tests\SecretsTestBase.cs(100,27): error CS0246: The type or namespace name 'Task<>' could not be found (are you missing a using directive or an assembly reference?)
C:\gh\azure-sdk-for-net\sdk\keyvault\Azure.Security.KeyVault.Secrets\tests\SecretsTestBase.cs(103,20): error CS0246: The type or namespace name 'RequestFailedException' could not be found (are you missing a using directive or an assembly reference?)
C:\gh\azure-sdk-for-net\sdk\keyvault\Azure.Security.KeyVault.Secrets\tests\SecretClientTests.cs(52,13): error CS0103: The name 'Assert' does not exist in the current context
C:\gh\azure-sdk-for-net\sdk\keyvault\Azure.Security.KeyVault.Secrets\tests\SecretClientTests.cs(53,13): error CS0103: The name 'Assert' does not exist in the current context
C:\gh\azure-sdk-for-net\sdk\keyvault\Azure.Security.KeyVault.Secrets\tests\samples\Sample2_BackupAndRestore.cs(26,69): error CS0246: The type or namespace name 'DefaultAzureCredential' could not be found (are you missing a using directive or an assembly reference?)
C:\gh\azure-sdk-for-net\sdk\keyvault\Azure.Security.KeyVault.Secrets\tests\samples\Sample2_BackupAndRestore.cs(26,30): error CS0518: Predefined type 'System.Void' is not defined or imported
C:\gh\azure-sdk-for-net\sdk\keyvault\Azure.Security.KeyVault.Secrets\tests\samples\Sample2_BackupAndRestore.cs(32,30): error CS0518: Predefined type 'System.Void' is not defined or imported
C:\gh\azure-sdk-for-net\sdk\keyvault\Azure.Security.KeyVault.Secrets\tests\samples\Sample2_BackupAndRestore.cs(33,31): error CS0518: Predefined type 'System.Nullable`1' is not defined or imported
C:\gh\azure-sdk-for-net\sdk\keyvault\Azure.Security.KeyVault.Secrets\tests\samples\Sample2_BackupAndRestore.cs(35,43): error CS0246: The type or namespace name 'Response<>' could not be found (are you missing a using directive or an assembly reference?)
C:\gh\azure-sdk-for-net\sdk\keyvault\Azure.Security.KeyVault.Secrets\tests\samples\Sample2_BackupAndRestore.cs(40,35): error CS0246: The type or namespace name 'Response<>' could not be found (are you missing a using directive or an assembly reference?)
C:\gh\azure-sdk-for-net\sdk\keyvault\Azure.Security.KeyVault.Secrets\tests\samples\Sample2_BackupAndRestore.cs(46,47): error CS0518: Predefined type 'System.String' is not defined or imported
C:\gh\azure-sdk-for-net\sdk\keyvault\Azure.Security.KeyVault.Secrets\tests\samples\Sample2_BackupAndRestore.cs(49,31): error CS0518: Predefined type 'System.Boolean' is not defined or imported
C:\gh\azure-sdk-for-net\sdk\keyvault\Azure.Security.KeyVault.Secrets\tests\samples\Sample2_BackupAndRestore.cs(53,27): error CS0246: The type or namespace name 'Operation<>' could not be found (are you missing a using directive or an assembly reference?)
C:\gh\azure-sdk-for-net\sdk\keyvault\Azure.Security.KeyVault.Secrets\tests\samples\Sample2_BackupAndRestore.cs(53,17): error CS0246: The type or namespace name 'Response' could not be found (are you missing a using directive or an assembly reference?)
C:\gh\azure-sdk-for-net\sdk\keyvault\Azure.Security.KeyVault.Secrets\tests\samples\Sample2_BackupAndRestore.cs(58,13): error CS0246: The type or namespace name 'Response' could not be found (are you missing a using directive or an assembly reference?)
C:\gh\azure-sdk-for-net\sdk\keyvault\Azure.Security.KeyVault.Secrets\tests\samples\Sample2_BackupAndRestore.cs(63,46): error CS0246: The type or namespace name 'Response<>' could not be found (are you missing a using directive or an assembly reference?)
C:\gh\azure-sdk-for-net\sdk\keyvault\Azure.Security.KeyVault.Secrets\tests\samples\Sample2_BackupAndRestore.cs(69,64): error CS0518: Predefined type 'System.String' is not defined or imported
C:\gh\azure-sdk-for-net\sdk\keyvault\Azure.Security.KeyVault.Secrets\tests\samples\Sample2_BackupAndRestore.cs(69,25): error CS0518: Predefined type 'System.String' is not defined or imported
C:\gh\azure-sdk-for-net\sdk\keyvault\Azure.Security.KeyVault.Secrets\tests\samples\Sample2_BackupAndRestore.cs(72,31): error CS0518: Predefined type 'System.Boolean' is not defined or imported
C:\gh\azure-sdk-for-net\sdk\keyvault\Azure.Security.KeyVault.Secrets\tests\samples\Sample2_BackupAndRestore.cs(76,27): error CS0246: The type or namespace name 'Operation<>' could not be found (are you missing a using directive or an assembly reference?)
C:\gh\azure-sdk-for-net\sdk\keyvault\Azure.Security.KeyVault.Secrets\tests\samples\Sample2_BackupAndRestore.cs(76,17): error CS0246: The type or namespace name 'Response' could not be found (are you missing a using directive or an assembly reference?)
C:\gh\azure-sdk-for-net\sdk\keyvault\Azure.Security.KeyVault.Secrets\tests\samples\Sample2_BackupAndRestore.cs(79,53): error CS0518: Predefined type 'System.String' is not defined or imported
C:\gh\azure-sdk-for-net\sdk\keyvault\Azure.Security.KeyVault.Secrets\tests\samples\Sample2_BackupAndRestore.cs(79,13): error CS0246: The type or namespace name 'Response' could not be found (are you missing a using directive or an assembly reference?)
C:\gh\azure-sdk-for-net\sdk\keyvault\Azure.Security.KeyVault.Secrets\tests\samples\SampleSnippets.cs(86,13): error CS0246: The type or namespace name 'Response<>' could not be found (are you missing a using directive or an assembly reference?)
C:\gh\azure-sdk-for-net\sdk\keyvault\Azure.Security.KeyVault.Secrets\tests\samples\SampleSnippets.cs(89,37): error CS0246: The type or namespace name 'Response<>' could not be found (are you missing a using directive or an assembly reference?)
C:\gh\azure-sdk-for-net\sdk\keyvault\Azure.Security.KeyVault.Secrets\tests\samples\SampleSnippets.cs(92,31): error CS0518: Predefined type 'System.String' is not defined or imported
C:\gh\azure-sdk-for-net\sdk\keyvault\Azure.Security.KeyVault.Secrets\tests\samples\SampleSnippets.cs(95,31): error CS0246: The type or namespace name 'IDictionary<,>' could not be found (are you missing a using directive or an assembly reference?)
C:\gh\azure-sdk-for-net\sdk\keyvault\Azure.Security.KeyVault.Secrets\tests\samples\SampleSnippets.cs(97,56): error CS0246: The type or namespace name 'Response<>' could not be found (are you missing a using directive or an assembly reference?)
C:\gh\azure-sdk-for-net\sdk\keyvault\Azure.Security.KeyVault.Secrets\tests\samples\SampleSnippets.cs(99,55): error CS0518: Predefined type 'System.String' is not defined or imported
C:\gh\azure-sdk-for-net\sdk\keyvault\Azure.Security.KeyVault.Secrets\tests\samples\SampleSnippets.cs(100,55): error CS0518: Predefined type 'System.String' is not defined or imported
C:\gh\azure-sdk-for-net\sdk\keyvault\Azure.Security.KeyVault.Secrets\tests\samples\SampleSnippets.cs(101,55): error CS0518: Predefined type 'System.String' is not defined or imported
C:\gh\azure-sdk-for-net\sdk\keyvault\Azure.Security.KeyVault.Secrets\tests\SecretClientTests.cs(59,13): error CS0103: The name 'Assert' does not exist in the current context
C:\gh\azure-sdk-for-net\sdk\keyvault\Azure.Security.KeyVault.Secrets\tests\SecretClientTests.cs(60,13): error CS0103: The name 'Assert' does not exist in the current context
C:\gh\azure-sdk-for-net\sdk\keyvault\Azure.Security.KeyVault.Secrets\tests\ChallengeBasedAuthenticationPolicyTests.cs(61,157): error CS0012: The type 'Request' is defined in an assembly that is not referenced. You must add a reference to assembly 'Azure.Core, Version=1.4.1.0, Culture=neutral, PublicKeyToken=92742159e12e44c8'.
C:\gh\azure-sdk-for-net\sdk\keyvault\Azure.Security.KeyVault.Secrets\tests\ChallengeBasedAuthenticationPolicyTests.cs(61,157): error CS1061: 'MockRequest' does not contain a definition for 'Method' and no accessible extension method 'Method' accepting a first argument of type 'MockRequest' could be found (are you missing a using directive or an assembly reference?)
C:\gh\azure-sdk-for-net\sdk\keyvault\Azure.Security.KeyVault.Secrets\tests\ChallengeBasedAuthenticationPolicyTests.cs(61,179): error CS0012: The type 'Request' is defined in an assembly that is not referenced. You must add a reference to assembly 'Azure.Core, Version=1.4.1.0, Culture=neutral, PublicKeyToken=92742159e12e44c8'.
C:\gh\azure-sdk-for-net\sdk\keyvault\Azure.Security.KeyVault.Secrets\tests\ChallengeBasedAuthenticationPolicyTests.cs(61,179): error CS1061: 'MockRequest' does not contain a definition for 'Uri' and no accessible extension method 'Uri' accepting a first argument of type 'MockRequest' could be found (are you missing a using directive or an assembly reference?)
C:\gh\azure-sdk-for-net\sdk\keyvault\Azure.Security.KeyVault.Secrets\tests\ChallengeBasedAuthenticationPolicyTests.cs(66,47): error CS0518: Predefined type 'System.Void' is not defined or imported
C:\gh\azure-sdk-for-net\sdk\keyvault\Azure.Security.KeyVault.Secrets\tests\ChallengeBasedAuthenticationPolicyTests.cs(68,17): error CS0246: The type or namespace name 'ClientOptions' could not be found (are you missing a using directive or an assembly reference?)
C:\gh\azure-sdk-for-net\sdk\keyvault\Azure.Security.KeyVault.Secrets\tests\ChallengeBasedAuthenticationPolicyTests.cs(68,17): error CS0117: 'SecretClientOptions' does not contain a definition for 'Transport'
C:\gh\azure-sdk-for-net\sdk\keyvault\Azure.Security.KeyVault.Secrets\tests\ChallengeBasedAuthenticationPolicyTests.cs(78,39): error CS0518: Predefined type 'System.Void' is not defined or imported
C:\gh\azure-sdk-for-net\sdk\keyvault\Azure.Security.KeyVault.Secrets\tests\ChallengeBasedAuthenticationPolicyTests.cs(80,18): error CS0246: The type or namespace name 'Response<>' could not be found (are you missing a using directive or an assembly reference?)
C:\gh\azure-sdk-for-net\sdk\keyvault\Azure.Security.KeyVault.Secrets\tests\ChallengeBasedAuthenticationPolicyTests.cs(80,63): error CS0246: The type or namespace name 'Response<>' could not be found (are you missing a using directive or an assembly reference?)
C:\gh\azure-sdk-for-net\sdk\keyvault\Azure.Security.KeyVault.Secrets\tests\ChallengeBasedAuthenticationPolicyTests.cs(83,55): error CS0246: The type or namespace name 'Task<>' could not be found (are you missing a using directive or an assembly reference?)
C:\gh\azure-sdk-for-net\sdk\keyvault\Azure.Security.KeyVault.Secrets\tests\ChallengeBasedAuthenticationPolicyTests.cs(88,17): error CS0122: 'Assert' is inaccessible due to its protection level
C:\gh\azure-sdk-for-net\sdk\keyvault\Azure.Security.KeyVault.Secrets\tests\ChallengeBasedAuthenticationPolicyTests.cs(88,56): error CS0518: Predefined type 'System.String' is not defined or imported
C:\gh\azure-sdk-for-net\sdk\keyvault\Azure.Security.KeyVault.Secrets\tests\ChallengeBasedAuthenticationPolicyTests.cs(86,13): error CS0030: Cannot convert type 'Response<Azure.Security.KeyVault.Secrets.KeyVaultSecret>' to 'Azure.Security.KeyVault.Secrets.KeyVaultSecret'
C:\gh\azure-sdk-for-net\sdk\keyvault\Azure.Security.KeyVault.Secrets\tests\ChallengeBasedAuthenticationPolicyTests.cs(86,13): error CS0518: Predefined type 'System.Object' is not defined or imported
C:\gh\azure-sdk-for-net\sdk\keyvault\Azure.Security.KeyVault.Secrets\tests\samples\Sample2_BackupAndRestore.cs(84,13): error CS0103: The name 'Assert' does not exist in the current context
C:\gh\azure-sdk-for-net\sdk\keyvault\Azure.Security.KeyVault.Secrets\tests\samples\Sample2_BackupAndRestore.cs(84,33): error CS0518: Predefined type 'System.String' is not defined or imported
C:\gh\azure-sdk-for-net\sdk\keyvault\Azure.Security.KeyVault.Secrets\tests\samples\Sample2_BackupAndRestore.cs(84,43): error CS0518: Predefined type 'System.String' is not defined or imported
C:\gh\azure-sdk-for-net\sdk\keyvault\Azure.Security.KeyVault.Secrets\tests\samples\Sample2_BackupAndRestore.cs(85,13): error CS0103: The name 'Assert' does not exist in the current context
C:\gh\azure-sdk-for-net\sdk\keyvault\Azure.Security.KeyVault.Secrets\tests\samples\Sample2_BackupAndRestore.cs(85,33): error CS0518: Predefined type 'System.String' is not defined or imported
C:\gh\azure-sdk-for-net\sdk\keyvault\Azure.Security.KeyVault.Secrets\tests\samples\Sample2_BackupAndRestore.cs(85,46): error CS0518: Predefined type 'System.String' is not defined or imported
C:\gh\azure-sdk-for-net\sdk\keyvault\Azure.Security.KeyVault.Secrets\tests\samples\Sample2_BackupAndRestore.cs(86,13): error CS0103: The name 'Assert' does not exist in the current context
C:\gh\azure-sdk-for-net\sdk\keyvault\Azure.Security.KeyVault.Secrets\tests\samples\Sample2_BackupAndRestore.cs(86,33): error CS0518: Predefined type 'System.Boolean' is not defined or imported
C:\gh\azure-sdk-for-net\sdk\keyvault\Azure.Security.KeyVault.Secrets\tests\samples\Sample2_BackupAndRestore.cs(86,46): error CS0518: Predefined type 'System.Boolean' is not defined or imported
C:\gh\azure-sdk-for-net\sdk\keyvault\Azure.Security.KeyVault.Secrets\tests\samples\Sample2_BackupAndRestore.cs(87,13): error CS0103: The name 'Assert' does not exist in the current context
C:\gh\azure-sdk-for-net\sdk\keyvault\Azure.Security.KeyVault.Secrets\tests\samples\Sample2_BackupAndRestore.cs(87,33): error CS0518: Predefined type 'System.String' is not defined or imported
C:\gh\azure-sdk-for-net\sdk\keyvault\Azure.Security.KeyVault.Secrets\tests\samples\Sample2_BackupAndRestore.cs(87,52): error CS0518: Predefined type 'System.String' is not defined or imported
C:\gh\azure-sdk-for-net\sdk\keyvault\Azure.Security.KeyVault.Secrets\tests\samples\Sample2_BackupAndRestore.cs(88,13): error CS0103: The name 'Assert' does not exist in the current context
C:\gh\azure-sdk-for-net\sdk\keyvault\Azure.Security.KeyVault.Secrets\tests\samples\Sample2_BackupAndRestore.cs(88,33): error CS0518: Predefined type 'System.Nullable`1' is not defined or imported
C:\gh\azure-sdk-for-net\sdk\keyvault\Azure.Security.KeyVault.Secrets\tests\samples\Sample2_BackupAndRestore.cs(88,48): error CS0518: Predefined type 'System.Nullable`1' is not defined or imported
C:\gh\azure-sdk-for-net\sdk\keyvault\Azure.Security.KeyVault.Secrets\tests\samples\Sample2_BackupAndRestore.cs(89,13): error CS0103: The name 'Assert' does not exist in the current context
C:\gh\azure-sdk-for-net\sdk\keyvault\Azure.Security.KeyVault.Secrets\tests\samples\Sample2_BackupAndRestore.cs(89,33): error CS0518: Predefined type 'System.Nullable`1' is not defined or imported
C:\gh\azure-sdk-for-net\sdk\keyvault\Azure.Security.KeyVault.Secrets\tests\samples\Sample2_BackupAndRestore.cs(89,48): error CS0518: Predefined type 'System.Nullable`1' is not defined or imported
C:\gh\azure-sdk-for-net\sdk\keyvault\Azure.Security.KeyVault.Secrets\tests\SecretClientTests.cs(66,13): error CS0103: The name 'Assert' does not exist in the current context
C:\gh\azure-sdk-for-net\sdk\keyvault\Azure.Security.KeyVault.Secrets\tests\SecretClientTests.cs(67,13): error CS0103: The name 'Assert' does not exist in the current context
C:\gh\azure-sdk-for-net\sdk\keyvault\Azure.Security.KeyVault.Secrets\tests\samples\Sample1_HelloWorldAsync.cs(24,69): error CS0246: The type or namespace name 'DefaultAzureCredential' could not be found (are you missing a using directive or an assembly reference?)
C:\gh\azure-sdk-for-net\sdk\keyvault\Azure.Security.KeyVault.Secrets\tests\samples\Sample1_HelloWorldAsync.cs(24,30): error CS0518: Predefined type 'System.Void' is not defined or imported
C:\gh\azure-sdk-for-net\sdk\keyvault\Azure.Security.KeyVault.Secrets\tests\samples\Sample1_HelloWorldAsync.cs(28,30): error CS0518: Predefined type 'System.Void' is not defined or imported
C:\gh\azure-sdk-for-net\sdk\keyvault\Azure.Security.KeyVault.Secrets\tests\samples\Sample1_HelloWorldAsync.cs(29,31): error CS0518: Predefined type 'System.Nullable`1' is not defined or imported
C:\gh\azure-sdk-for-net\sdk\keyvault\Azure.Security.KeyVault.Secrets\tests\samples\Sample1_HelloWorldAsync.cs(31,19): error CS0246: The type or namespace name 'Task<>' could not be found (are you missing a using directive or an assembly reference?)
C:\gh\azure-sdk-for-net\sdk\keyvault\Azure.Security.KeyVault.Secrets\tests\samples\Sample1_HelloWorldAsync.cs(33,47): error CS0246: The type or namespace name 'Task<>' could not be found (are you missing a using directive or an assembly reference?)
C:\gh\azure-sdk-for-net\sdk\keyvault\Azure.Security.KeyVault.Secrets\tests\samples\Sample1_HelloWorldAsync.cs(34,72): error CS0518: Predefined type 'System.String' is not defined or imported
C:\gh\azure-sdk-for-net\sdk\keyvault\Azure.Security.KeyVault.Secrets\tests\samples\Sample1_HelloWorldAsync.cs(34,100): error CS0518: Predefined type 'System.String' is not defined or imported
C:\gh\azure-sdk-for-net\sdk\keyvault\Azure.Security.KeyVault.Secrets\tests\samples\Sample1_HelloWorldAsync.cs(36,35): error CS0518: Predefined type 'System.Nullable`1' is not defined or imported
C:\gh\azure-sdk-for-net\sdk\keyvault\Azure.Security.KeyVault.Secrets\tests\samples\Sample1_HelloWorldAsync.cs(36,69): error CS0518: Predefined type 'System.Nullable`1' is not defined or imported
C:\gh\azure-sdk-for-net\sdk\keyvault\Azure.Security.KeyVault.Secrets\tests\samples\Sample1_HelloWorldAsync.cs(37,52): error CS0246: The type or namespace name 'Task<>' could not be found (are you missing a using directive or an assembly reference?)
C:\gh\azure-sdk-for-net\sdk\keyvault\Azure.Security.KeyVault.Secrets\tests\samples\Sample1_HelloWorldAsync.cs(38,78): error CS0518: Predefined type 'System.Nullable`1' is not defined or imported
C:\gh\azure-sdk-for-net\sdk\keyvault\Azure.Security.KeyVault.Secrets\tests\samples\Sample1_HelloWorldAsync.cs(40,38): error CS0518: Predefined type 'System.Void' is not defined or imported
C:\gh\azure-sdk-for-net\sdk\keyvault\Azure.Security.KeyVault.Secrets\tests\samples\Sample1_HelloWorldAsync.cs(41,39): error CS0518: Predefined type 'System.Nullable`1' is not defined or imported
C:\gh\azure-sdk-for-net\sdk\keyvault\Azure.Security.KeyVault.Secrets\tests\samples\Sample1_HelloWorldAsync.cs(43,19): error CS0246: The type or namespace name 'Task<>' could not be found (are you missing a using directive or an assembly reference?)
C:\gh\azure-sdk-for-net\sdk\keyvault\Azure.Security.KeyVault.Secrets\tests\samples\Sample1_HelloWorldAsync.cs(45,53): error CS0246: The type or namespace name 'Task<>' could not be found (are you missing a using directive or an assembly reference?)
C:\gh\azure-sdk-for-net\sdk\keyvault\Azure.Security.KeyVault.Secrets\tests\samples\Sample1_HelloWorldAsync.cs(49,29): error CS0246: The type or namespace name 'Operation<>' could not be found (are you missing a using directive or an assembly reference?)
C:\gh\azure-sdk-for-net\sdk\keyvault\Azure.Security.KeyVault.Secrets\tests\samples\Sample1_HelloWorldAsync.cs(49,19): error CS0246: The type or namespace name 'ValueTask<>' could not be found (are you missing a using directive or an assembly reference?)
C:\gh\azure-sdk-for-net\sdk\keyvault\Azure.Security.KeyVault.Secrets\tests\samples\Sample1_HelloWorldAsync.cs(51,19): error CS0246: The type or namespace name 'Task<>' could not be found (are you missing a using directive or an assembly reference?)
C:\gh\azure-sdk-for-net\sdk\keyvault\Azure.Security.KeyVault.Secrets\tests\samples\SampleSnippets.cs(109,13): error CS0246: The type or namespace name 'Pageable<>' could not be found (are you missing a using directive or an assembly reference?)
C:\gh\azure-sdk-for-net\sdk\keyvault\Azure.Security.KeyVault.Secrets\tests\samples\SampleSnippets.cs(109,53): error CS0246: The type or namespace name 'Pageable<>' could not be found (are you missing a using directive or an assembly reference?)
C:\gh\azure-sdk-for-net\sdk\keyvault\Azure.Security.KeyVault.Secrets\tests\samples\SampleSnippets.cs(113,52): error CS0518: Predefined type 'System.String' is not defined or imported
C:\gh\azure-sdk-for-net\sdk\keyvault\Azure.Security.KeyVault.Secrets\tests\SecretsTestBase.cs(114,20): error CS0246: The type or namespace name 'RequestFailedException' could not be found (are you missing a using directive or an assembly reference?)
C:\gh\azure-sdk-for-net\sdk\keyvault\Azure.Security.KeyVault.Secrets\tests\SecretsTestBase.cs(127,27): error CS0246: The type or namespace name 'Task<>' could not be found (are you missing a using directive or an assembly reference?)
C:\gh\azure-sdk-for-net\sdk\keyvault\Azure.Security.KeyVault.Secrets\tests\SecretsTestBase.cs(130,20): error CS0246: The type or namespace name 'RequestFailedException' could not be found (are you missing a using directive or an assembly reference?)
C:\gh\azure-sdk-for-net\sdk\keyvault\Azure.Security.KeyVault.Secrets\tests\SecretClientTests.cs(73,13): error CS0103: The name 'Assert' does not exist in the current context
C:\gh\azure-sdk-for-net\sdk\keyvault\Azure.Security.KeyVault.Secrets\tests\SecretClientTests.cs(74,13): error CS0103: The name 'Assert' does not exist in the current context
C:\gh\azure-sdk-for-net\sdk\keyvault\Azure.Security.KeyVault.Secrets\tests\SecretsTestBase.cs(142,13): error CS0103: The name 'Assert' does not exist in the current context
C:\gh\azure-sdk-for-net\sdk\keyvault\Azure.Security.KeyVault.Secrets\tests\SecretsTestBase.cs(142,33): error CS0518: Predefined type 'System.String' is not defined or imported
C:\gh\azure-sdk-for-net\sdk\keyvault\Azure.Security.KeyVault.Secrets\tests\SecretsTestBase.cs(142,44): error CS0518: Predefined type 'System.String' is not defined or imported
C:\gh\azure-sdk-for-net\sdk\keyvault\Azure.Security.KeyVault.Secrets\tests\SecretClientLiveTests.cs(56,13): error CS0246: The type or namespace name 'IResolveConstraint' could not be found (are you missing a using directive or an assembly reference?)
C:\gh\azure-sdk-for-net\sdk\keyvault\Azure.Security.KeyVault.Secrets\tests\SecretClientLiveTests.cs(56,59): error CS0103: The name 'Is' does not exist in the current context
C:\gh\azure-sdk-for-net\sdk\keyvault\Azure.Security.KeyVault.Secrets\tests\SecretClientLiveTests.cs(65,34): error CS0518: Predefined type 'System.Void' is not defined or imported
C:\gh\azure-sdk-for-net\sdk\keyvault\Azure.Security.KeyVault.Secrets\tests\SecretClientLiveTests.cs(69,25): error CS0518: Predefined type 'System.String' is not defined or imported
C:\gh\azure-sdk-for-net\sdk\keyvault\Azure.Security.KeyVault.Secrets\tests\SecretClientLiveTests.cs(70,25): error CS0518: Predefined type 'System.Nullable`1' is not defined or imported
C:\gh\azure-sdk-for-net\sdk\keyvault\Azure.Security.KeyVault.Secrets\tests\SecretClientLiveTests.cs(71,25): error CS0518: Predefined type 'System.Nullable`1' is not defined or imported
C:\gh\azure-sdk-for-net\sdk\keyvault\Azure.Security.KeyVault.Secrets\tests\SecretClientLiveTests.cs(72,25): error CS0246: The type or namespace name 'IDictionary<,>' could not be found (are you missing a using directive or an assembly reference?)
C:\gh\azure-sdk-for-net\sdk\keyvault\Azure.Security.KeyVault.Secrets\tests\SecretClientLiveTests.cs(80,35): error CS0246: The type or namespace name 'Task<>' could not be found (are you missing a using directive or an assembly reference?)
C:\gh\azure-sdk-for-net\sdk\keyvault\Azure.Security.KeyVault.Secrets\tests\SecretClientLiveTests.cs(84,48): error CS0103: The name 'Is' does not exist in the current context
C:\gh\azure-sdk-for-net\sdk\keyvault\Azure.Security.KeyVault.Secrets\tests\SecretClientLiveTests.cs(87,43): error CS0518: Predefined type 'System.String' is not defined or imported
C:\gh\azure-sdk-for-net\sdk\keyvault\Azure.Security.KeyVault.Secrets\tests\SecretClientLiveTests.cs(89,17): error CS0103: The name 'Assert' does not exist in the current context
C:\gh\azure-sdk-for-net\sdk\keyvault\Azure.Security.KeyVault.Secrets\tests\SecretClientLiveTests.cs(89,56): error CS0518: Predefined type 'System.String' is not defined or imported
C:\gh\azure-sdk-for-net\sdk\keyvault\Azure.Security.KeyVault.Secrets\tests\SecretClientLiveTests.cs(90,17): error CS0103: The name 'Assert' does not exist in the current context
C:\gh\azure-sdk-for-net\sdk\keyvault\Azure.Security.KeyVault.Secrets\tests\SecretClientLiveTests.cs(90,66): error CS0518: Predefined type 'System.String' is not defined or imported
C:\gh\azure-sdk-for-net\sdk\keyvault\Azure.Security.KeyVault.Secrets\tests\SecretClientLiveTests.cs(91,17): error CS0103: The name 'Assert' does not exist in the current context
C:\gh\azure-sdk-for-net\sdk\keyvault\Azure.Security.KeyVault.Secrets\tests\SecretClientLiveTests.cs(91,59): error CS0518: Predefined type 'System.Nullable`1' is not defined or imported
C:\gh\azure-sdk-for-net\sdk\keyvault\Azure.Security.KeyVault.Secrets\tests\SecretClientLiveTests.cs(92,17): error CS0103: The name 'Assert' does not exist in the current context
C:\gh\azure-sdk-for-net\sdk\keyvault\Azure.Security.KeyVault.Secrets\tests\SecretClientLiveTests.cs(92,59): error CS0518: Predefined type 'System.Nullable`1' is not defined or imported
C:\gh\azure-sdk-for-net\sdk\keyvault\Azure.Security.KeyVault.Secrets\tests\SecretClientLiveTests.cs(93,17): error CS0103: The name 'Assert' does not exist in the current context
C:\gh\azure-sdk-for-net\sdk\keyvault\Azure.Security.KeyVault.Secrets\tests\SecretClientLiveTests.cs(93,57): error CS0246: The type or namespace name 'IDictionary<,>' could not be found (are you missing a using directive or an assembly reference?)
C:\gh\azure-sdk-for-net\sdk\keyvault\Azure.Security.KeyVault.Secrets\tests\SecretClientLiveTests.cs(94,17): error CS0103: The name 'Assert' does not exist in the current context
C:\gh\azure-sdk-for-net\sdk\keyvault\Azure.Security.KeyVault.Secrets\tests\SecretClientLiveTests.cs(94,64): error CS0246: The type or namespace name 'IDictionary<,>' could not be found (are you missing a using directive or an assembly reference?)
C:\gh\azure-sdk-for-net\sdk\keyvault\Azure.Security.KeyVault.Secrets\tests\SecretClientLiveTests.cs(95,17): error CS0103: The name 'Assert' does not exist in the current context
C:\gh\azure-sdk-for-net\sdk\keyvault\Azure.Security.KeyVault.Secrets\tests\SecretClientLiveTests.cs(95,64): error CS0246: The type or namespace name 'IDictionary<,>' could not be found (are you missing a using directive or an assembly reference?)
C:\gh\azure-sdk-for-net\sdk\keyvault\Azure.Security.KeyVault.Secrets\tests\SecretClientLiveTests.cs(96,17): error CS0103: The name 'Assert' does not exist in the current context
C:\gh\azure-sdk-for-net\sdk\keyvault\Azure.Security.KeyVault.Secrets\tests\SecretClientLiveTests.cs(96,55): error CS0518: Predefined type 'System.String' is not defined or imported
C:\gh\azure-sdk-for-net\sdk\keyvault\Azure.Security.KeyVault.Secrets\tests\SecretClientLiveTests.cs(97,17): error CS0103: The name 'Assert' does not exist in the current context
C:\gh\azure-sdk-for-net\sdk\keyvault\Azure.Security.KeyVault.Secrets\tests\SecretClientLiveTests.cs(97,74): error CS0518: Predefined type 'System.String' is not defined or imported
C:\gh\azure-sdk-for-net\sdk\keyvault\Azure.Security.KeyVault.Secrets\tests\SecretClientLiveTests.cs(98,17): error CS0103: The name 'Assert' does not exist in the current context
C:\gh\azure-sdk-for-net\sdk\keyvault\Azure.Security.KeyVault.Secrets\tests\SecretClientLiveTests.cs(98,64): error CS0246: The type or namespace name 'Uri' could not be found (are you missing a using directive or an assembly reference?)
C:\gh\azure-sdk-for-net\sdk\keyvault\Azure.Security.KeyVault.Secrets\tests\SecretClientLiveTests.cs(99,17): error CS0103: The name 'Assert' does not exist in the current context
C:\gh\azure-sdk-for-net\sdk\keyvault\Azure.Security.KeyVault.Secrets\tests\SecretClientLiveTests.cs(99,79): error CS0518: Predefined type 'System.String' is not defined or imported
C:\gh\azure-sdk-for-net\sdk\keyvault\Azure.Security.KeyVault.Secrets\tests\SecretClientLiveTests.cs(100,17): error CS0103: The name 'Assert' does not exist in the current context
C:\gh\azure-sdk-for-net\sdk\keyvault\Azure.Security.KeyVault.Secrets\tests\SecretClientLiveTests.cs(100,50): error CS0518: Predefined type 'System.Nullable`1' is not defined or imported
C:\gh\azure-sdk-for-net\sdk\keyvault\Azure.Security.KeyVault.Secrets\tests\SecretClientLiveTests.cs(101,17): error CS0103: The name 'Assert' does not exist in the current context
C:\gh\azure-sdk-for-net\sdk\keyvault\Azure.Security.KeyVault.Secrets\tests\SecretClientLiveTests.cs(101,50): error CS0518: Predefined type 'System.Nullable`1' is not defined or imported
C:\gh\azure-sdk-for-net\sdk\keyvault\Azure.Security.KeyVault.Secrets\tests\SecretClientLiveTests.cs(103,50): error CS0246: The type or namespace name 'Task<>' could not be found (are you missing a using directive or an assembly reference?)
C:\gh\azure-sdk-for-net\sdk\keyvault\Azure.Security.KeyVault.Secrets\tests\SecretClientLiveTests.cs(109,63): error CS0246: The type or namespace name 'Task<>' could not be found (are you missing a using directive or an assembly reference?)
C:\gh\azure-sdk-for-net\sdk\keyvault\Azure.Security.KeyVault.Secrets\tests\samples\SampleSnippets.cs(122,13): error CS0246: The type or namespace name 'AsyncPageable<>' could not be found (are you missing a using directive or an assembly reference?)
C:\gh\azure-sdk-for-net\sdk\keyvault\Azure.Security.KeyVault.Secrets\tests\samples\SampleSnippets.cs(122,58): error CS0246: The type or namespace name 'AsyncPageable<>' could not be found (are you missing a using directive or an assembly reference?)
C:\gh\azure-sdk-for-net\sdk\keyvault\Azure.Security.KeyVault.Secrets\tests\samples\SampleSnippets.cs(126,52): error CS0518: Predefined type 'System.String' is not defined or imported
C:\gh\azure-sdk-for-net\sdk\keyvault\Azure.Security.KeyVault.Secrets\tests\SecretClientTests.cs(80,13): error CS0103: The name 'Assert' does not exist in the current context
C:\gh\azure-sdk-for-net\sdk\keyvault\Azure.Security.KeyVault.Secrets\tests\SecretClientTests.cs(81,13): error CS0103: The name 'Assert' does not exist in the current context
C:\gh\azure-sdk-for-net\sdk\keyvault\Azure.Security.KeyVault.Secrets\tests\SecretsTestBase.cs(150,17): error CS0103: The name 'Assert' does not exist in the current context
C:\gh\azure-sdk-for-net\sdk\keyvault\Azure.Security.KeyVault.Secrets\tests\SecretsTestBase.cs(150,37): error CS0246: The type or namespace name 'Uri' could not be found (are you missing a using directive or an assembly reference?)
C:\gh\azure-sdk-for-net\sdk\keyvault\Azure.Security.KeyVault.Secrets\tests\SecretsTestBase.cs(150,45): error CS0246: The type or namespace name 'Uri' could not be found (are you missing a using directive or an assembly reference?)
C:\gh\azure-sdk-for-net\sdk\keyvault\Azure.Security.KeyVault.Secrets\tests\SecretsTestBase.cs(153,13): error CS0103: The name 'Assert' does not exist in the current context
C:\gh\azure-sdk-for-net\sdk\keyvault\Azure.Security.KeyVault.Secrets\tests\SecretsTestBase.cs(153,33): error CS0518: Predefined type 'System.String' is not defined or imported
C:\gh\azure-sdk-for-net\sdk\keyvault\Azure.Security.KeyVault.Secrets\tests\SecretsTestBase.cs(153,50): error CS0518: Predefined type 'System.String' is not defined or imported
C:\gh\azure-sdk-for-net\sdk\keyvault\Azure.Security.KeyVault.Secrets\tests\SecretsTestBase.cs(154,13): error CS0103: The name 'Assert' does not exist in the current context
C:\gh\azure-sdk-for-net\sdk\keyvault\Azure.Security.KeyVault.Secrets\tests\SecretsTestBase.cs(154,33): error CS0246: The type or namespace name 'Uri' could not be found (are you missing a using directive or an assembly reference?)
C:\gh\azure-sdk-for-net\sdk\keyvault\Azure.Security.KeyVault.Secrets\tests\SecretsTestBase.cs(154,44): error CS0246: The type or namespace name 'Uri' could not be found (are you missing a using directive or an assembly reference?)
C:\gh\azure-sdk-for-net\sdk\keyvault\Azure.Security.KeyVault.Secrets\tests\SecretsTestBase.cs(155,13): error CS0103: The name 'Assert' does not exist in the current context
C:\gh\azure-sdk-for-net\sdk\keyvault\Azure.Security.KeyVault.Secrets\tests\SecretsTestBase.cs(155,33): error CS0518: Predefined type 'System.Boolean' is not defined or imported
C:\gh\azure-sdk-for-net\sdk\keyvault\Azure.Security.KeyVault.Secrets\tests\SecretsTestBase.cs(155,46): error CS0518: Predefined type 'System.Boolean' is not defined or imported
C:\gh\azure-sdk-for-net\sdk\keyvault\Azure.Security.KeyVault.Secrets\tests\SecretsTestBase.cs(157,13): error CS0103: The name 'Assert' does not exist in the current context
C:\gh\azure-sdk-for-net\sdk\keyvault\Azure.Security.KeyVault.Secrets\tests\SecretsTestBase.cs(157,33): error CS0518: Predefined type 'System.Nullable`1' is not defined or imported
C:\gh\azure-sdk-for-net\sdk\keyvault\Azure.Security.KeyVault.Secrets\tests\SecretsTestBase.cs(157,46): error CS0518: Predefined type 'System.Nullable`1' is not defined or imported
C:\gh\azure-sdk-for-net\sdk\keyvault\Azure.Security.KeyVault.Secrets\tests\SecretsTestBase.cs(158,13): error CS0103: The name 'Assert' does not exist in the current context
C:\gh\azure-sdk-for-net\sdk\keyvault\Azure.Security.KeyVault.Secrets\tests\SecretsTestBase.cs(158,33): error CS0518: Predefined type 'System.Nullable`1' is not defined or imported
C:\gh\azure-sdk-for-net\sdk\keyvault\Azure.Security.KeyVault.Secrets\tests\SecretsTestBase.cs(158,48): error CS0518: Predefined type 'System.Nullable`1' is not defined or imported
C:\gh\azure-sdk-for-net\sdk\keyvault\Azure.Security.KeyVault.Secrets\tests\SecretsTestBase.cs(159,13): error CS0103: The name 'Assert' does not exist in the current context
C:\gh\azure-sdk-for-net\sdk\keyvault\Azure.Security.KeyVault.Secrets\tests\SecretsTestBase.cs(159,33): error CS0518: Predefined type 'System.Nullable`1' is not defined or imported
C:\gh\azure-sdk-for-net\sdk\keyvault\Azure.Security.KeyVault.Secrets\tests\SecretsTestBase.cs(159,48): error CS0518: Predefined type 'System.Nullable`1' is not defined or imported
C:\gh\azure-sdk-for-net\sdk\keyvault\Azure.Security.KeyVault.Secrets\tests\samples\Sample3_GetSecrets.cs(28,69): error CS0246: The type or namespace name 'DefaultAzureCredential' could not be found (are you missing a using directive or an assembly reference?)
C:\gh\azure-sdk-for-net\sdk\keyvault\Azure.Security.KeyVault.Secrets\tests\samples\Sample3_GetSecrets.cs(28,30): error CS0518: Predefined type 'System.Void' is not defined or imported
C:\gh\azure-sdk-for-net\sdk\keyvault\Azure.Security.KeyVault.Secrets\tests\samples\Sample3_GetSecrets.cs(35,34): error CS0518: Predefined type 'System.Void' is not defined or imported
C:\gh\azure-sdk-for-net\sdk\keyvault\Azure.Security.KeyVault.Secrets\tests\samples\Sample3_GetSecrets.cs(36,35): error CS0518: Predefined type 'System.Nullable`1' is not defined or imported
C:\gh\azure-sdk-for-net\sdk\keyvault\Azure.Security.KeyVault.Secrets\tests\samples\Sample3_GetSecrets.cs(38,37): error CS0518: Predefined type 'System.Void' is not defined or imported
C:\gh\azure-sdk-for-net\sdk\keyvault\Azure.Security.KeyVault.Secrets\tests\samples\Sample3_GetSecrets.cs(39,38): error CS0518: Predefined type 'System.Nullable`1' is not defined or imported
C:\gh\azure-sdk-for-net\sdk\keyvault\Azure.Security.KeyVault.Secrets\tests\samples\Sample3_GetSecrets.cs(41,13): error CS0246: The type or namespace name 'Response<>' could not be found (are you missing a using directive or an assembly reference?)
C:\gh\azure-sdk-for-net\sdk\keyvault\Azure.Security.KeyVault.Secrets\tests\samples\Sample3_GetSecrets.cs(42,13): error CS0246: The type or namespace name 'Response<>' could not be found (are you missing a using directive or an assembly reference?)
C:\gh\azure-sdk-for-net\sdk\keyvault\Azure.Security.KeyVault.Secrets\tests\samples\Sample3_GetSecrets.cs(48,53): error CS0246: The type or namespace name 'Pageable<>' could not be found (are you missing a using directive or an assembly reference?)
C:\gh\azure-sdk-for-net\sdk\keyvault\Azure.Security.KeyVault.Secrets\tests\samples\Sample3_GetSecrets.cs(51,35): error CS0518: Predefined type 'System.Boolean' is not defined or imported
C:\gh\azure-sdk-for-net\sdk\keyvault\Azure.Security.KeyVault.Secrets\tests\samples\Sample3_GetSecrets.cs(53,29): error CS0518: Predefined type 'System.Nullable`1' is not defined or imported
C:\gh\azure-sdk-for-net\sdk\keyvault\Azure.Security.KeyVault.Secrets\tests\samples\Sample3_GetSecrets.cs(58,74): error CS0518: Predefined type 'System.String' is not defined or imported
C:\gh\azure-sdk-for-net\sdk\keyvault\Azure.Security.KeyVault.Secrets\tests\samples\Sample3_GetSecrets.cs(58,50): error CS0246: The type or namespace name 'Response<>' could not be found (are you missing a using directive or an assembly reference?)
C:\gh\azure-sdk-for-net\sdk\keyvault\Azure.Security.KeyVault.Secrets\tests\samples\Sample3_GetSecrets.cs(59,62): error CS0518: Predefined type 'System.String' is not defined or imported
C:\gh\azure-sdk-for-net\sdk\keyvault\Azure.Security.KeyVault.Secrets\tests\samples\Sample3_GetSecrets.cs(61,63): error CS0518: Predefined type 'System.String' is not defined or imported
C:\gh\azure-sdk-for-net\sdk\keyvault\Azure.Security.KeyVault.Secrets\tests\samples\Sample3_GetSecrets.cs(61,126): error CS0518: Predefined type 'System.String' is not defined or imported
C:\gh\azure-sdk-for-net\sdk\keyvault\Azure.Security.KeyVault.Secrets\tests\samples\Sample3_GetSecrets.cs(65,54): error CS0518: Predefined type 'System.String' is not defined or imported
C:\gh\azure-sdk-for-net\sdk\keyvault\Azure.Security.KeyVault.Secrets\tests\samples\Sample3_GetSecrets.cs(65,77): error CS0518: Predefined type 'System.String' is not defined or imported
C:\gh\azure-sdk-for-net\sdk\keyvault\Azure.Security.KeyVault.Secrets\tests\samples\Sample3_GetSecrets.cs(73,60): error CS0246: The type or namespace name 'Pageable<>' could not be found (are you missing a using directive or an assembly reference?)
C:\gh\azure-sdk-for-net\sdk\keyvault\Azure.Security.KeyVault.Secrets\tests\samples\Sample3_GetSecrets.cs(77,29): error CS0518: Predefined type 'System.Nullable`1' is not defined or imported
C:\gh\azure-sdk-for-net\sdk\keyvault\Azure.Security.KeyVault.Secrets\tests\samples\Sample3_GetSecrets.cs(82,72): error CS0518: Predefined type 'System.String' is not defined or imported
C:\gh\azure-sdk-for-net\sdk\keyvault\Azure.Security.KeyVault.Secrets\tests\samples\Sample3_GetSecrets.cs(82,85): error CS0518: Predefined type 'System.String' is not defined or imported
C:\gh\azure-sdk-for-net\sdk\keyvault\Azure.Security.KeyVault.Secrets\tests\samples\Sample3_GetSecrets.cs(82,48): error CS0246: The type or namespace name 'Response<>' could not be found (are you missing a using directive or an assembly reference?)
C:\gh\azure-sdk-for-net\sdk\keyvault\Azure.Security.KeyVault.Secrets\tests\samples\Sample3_GetSecrets.cs(83,60): error CS0518: Predefined type 'System.String' is not defined or imported
C:\gh\azure-sdk-for-net\sdk\keyvault\Azure.Security.KeyVault.Secrets\tests\samples\Sample3_GetSecrets.cs(85,54): error CS0518: Predefined type 'System.String' is not defined or imported
C:\gh\azure-sdk-for-net\sdk\keyvault\Azure.Security.KeyVault.Secrets\tests\samples\Sample3_GetSecrets.cs(89,13): error CS0246: The type or namespace name 'Response<>' could not be found (are you missing a using directive or an assembly reference?)
C:\gh\azure-sdk-for-net\sdk\keyvault\Azure.Security.KeyVault.Secrets\tests\samples\Sample3_GetSecrets.cs(93,57): error CS0518: Predefined type 'System.String' is not defined or imported
C:\gh\azure-sdk-for-net\sdk\keyvault\Azure.Security.KeyVault.Secrets\tests\samples\Sample3_GetSecrets.cs(94,60): error CS0518: Predefined type 'System.String' is not defined or imported
C:\gh\azure-sdk-for-net\sdk\keyvault\Azure.Security.KeyVault.Secrets\tests\samples\Sample3_GetSecrets.cs(97,41): error CS0518: Predefined type 'System.Boolean' is not defined or imported
C:\gh\azure-sdk-for-net\sdk\keyvault\Azure.Security.KeyVault.Secrets\tests\samples\Sample3_GetSecrets.cs(97,81): error CS0518: Predefined type 'System.Boolean' is not defined or imported
C:\gh\azure-sdk-for-net\sdk\keyvault\Azure.Security.KeyVault.Secrets\tests\samples\Sample3_GetSecrets.cs(101,37): error CS0246: The type or namespace name 'Operation<>' could not be found (are you missing a using directive or an assembly reference?)
C:\gh\azure-sdk-for-net\sdk\keyvault\Azure.Security.KeyVault.Secrets\tests\samples\Sample3_GetSecrets.cs(101,17): error CS0246: The type or namespace name 'Response' could not be found (are you missing a using directive or an assembly reference?)
C:\gh\azure-sdk-for-net\sdk\keyvault\Azure.Security.KeyVault.Secrets\tests\samples\Sample3_GetSecrets.cs(102,40): error CS0246: The type or namespace name 'Operation<>' could not be found (are you missing a using directive or an assembly reference?)
C:\gh\azure-sdk-for-net\sdk\keyvault\Azure.Security.KeyVault.Secrets\tests\samples\Sample3_GetSecrets.cs(102,17): error CS0246: The type or namespace name 'Response' could not be found (are you missing a using directive or an assembly reference?)
C:\gh\azure-sdk-for-net\sdk\keyvault\Azure.Security.KeyVault.Secrets\tests\samples\Sample3_GetSecrets.cs(107,57): error CS0246: The type or namespace name 'Pageable<>' could not be found (are you missing a using directive or an assembly reference?)
C:\gh\azure-sdk-for-net\sdk\keyvault\Azure.Security.KeyVault.Secrets\tests\samples\Sample3_GetSecrets.cs(110,72): error CS0246: The type or namespace name 'Uri' could not be found (are you missing a using directive or an assembly reference?)
C:\gh\azure-sdk-for-net\sdk\keyvault\Azure.Security.KeyVault.Secrets\tests\samples\Sample3_GetSecrets.cs(115,13): error CS0246: The type or namespace name 'Response' could not be found (are you missing a using directive or an assembly reference?)
C:\gh\azure-sdk-for-net\sdk\keyvault\Azure.Security.KeyVault.Secrets\tests\samples\Sample3_GetSecrets.cs(116,13): error CS0246: The type or namespace name 'Response' could not be found (are you missing a using directive or an assembly reference?)
C:\gh\azure-sdk-for-net\sdk\keyvault\Azure.Security.KeyVault.Secrets\tests\SecretClientTests.cs(87,13): error CS0103: The name 'Assert' does not exist in the current context
C:\gh\azure-sdk-for-net\sdk\keyvault\Azure.Security.KeyVault.Secrets\tests\SecretClientTests.cs(88,13): error CS0103: The name 'Assert' does not exist in the current context
C:\gh\azure-sdk-for-net\sdk\keyvault\Azure.Security.KeyVault.Secrets\tests\SecretsTestBase.cs(167,13): error CS0103: The name 'CollectionAssert' does not exist in the current context
C:\gh\azure-sdk-for-net\sdk\keyvault\Azure.Security.KeyVault.Secrets\tests\ChallengeBasedAuthenticationPolicyTests.cs(101,47): error CS0518: Predefined type 'System.Void' is not defined or imported
C:\gh\azure-sdk-for-net\sdk\keyvault\Azure.Security.KeyVault.Secrets\tests\ChallengeBasedAuthenticationPolicyTests.cs(103,17): error CS0246: The type or namespace name 'ClientOptions' could not be found (are you missing a using directive or an assembly reference?)
C:\gh\azure-sdk-for-net\sdk\keyvault\Azure.Security.KeyVault.Secrets\tests\ChallengeBasedAuthenticationPolicyTests.cs(103,17): error CS0117: 'SecretClientOptions' does not contain a definition for 'Transport'
C:\gh\azure-sdk-for-net\sdk\keyvault\Azure.Security.KeyVault.Secrets\tests\ChallengeBasedAuthenticationPolicyTests.cs(108,39): error CS0518: Predefined type 'System.Void' is not defined or imported
C:\gh\azure-sdk-for-net\sdk\keyvault\Azure.Security.KeyVault.Secrets\tests\ChallengeBasedAuthenticationPolicyTests.cs(110,43): error CS0246: The type or namespace name 'Task<>' could not be found (are you missing a using directive or an assembly reference?)
C:\gh\azure-sdk-for-net\sdk\keyvault\Azure.Security.KeyVault.Secrets\tests\ChallengeBasedAuthenticationPolicyTests.cs(111,13): error CS0122: 'Assert' is inaccessible due to its protection level
C:\gh\azure-sdk-for-net\sdk\keyvault\Azure.Security.KeyVault.Secrets\tests\ChallengeBasedAuthenticationPolicyTests.cs(111,52): error CS0518: Predefined type 'System.String' is not defined or imported
C:\gh\azure-sdk-for-net\sdk\keyvault\Azure.Security.KeyVault.Secrets\tests\ChallengeBasedAuthenticationPolicyTests.cs(117,23): error CS0246: The type or namespace name 'Task<>' could not be found (are you missing a using directive or an assembly reference?)
C:\gh\azure-sdk-for-net\sdk\keyvault\Azure.Security.KeyVault.Secrets\tests\ChallengeBasedAuthenticationPolicyTests.cs(118,17): error CS0122: 'Assert' is inaccessible due to its protection level
C:\gh\azure-sdk-for-net\sdk\keyvault\Azure.Security.KeyVault.Secrets\tests\ChallengeBasedAuthenticationPolicyTests.cs(120,20): error CS0246: The type or namespace name 'RequestFailedException' could not be found (are you missing a using directive or an assembly reference?)
C:\gh\azure-sdk-for-net\sdk\keyvault\Azure.Security.KeyVault.Secrets\tests\samples\SampleSnippets.cs(137,41): error CS0246: The type or namespace name 'Response<>' could not be found (are you missing a using directive or an assembly reference?)
C:\gh\azure-sdk-for-net\sdk\keyvault\Azure.Security.KeyVault.Secrets\tests\samples\SampleSnippets.cs(139,20): error CS0246: The type or namespace name 'RequestFailedException' could not be found (are you missing a using directive or an assembly reference?)
C:\gh\azure-sdk-for-net\sdk\keyvault\Azure.Security.KeyVault.Secrets\tests\SecretClientTests.cs(95,13): error CS0103: The name 'Assert' does not exist in the current context
C:\gh\azure-sdk-for-net\sdk\keyvault\Azure.Security.KeyVault.Secrets\tests\SecretClientLiveTests.cs(121,43): error CS0246: The type or namespace name 'Task<>' could not be found (are you missing a using directive or an assembly reference?)
C:\gh\azure-sdk-for-net\sdk\keyvault\Azure.Security.KeyVault.Secrets\tests\SecretClientLiveTests.cs(123,39): error CS0518: Predefined type 'System.String' is not defined or imported
C:\gh\azure-sdk-for-net\sdk\keyvault\Azure.Security.KeyVault.Secrets\tests\SecretClientLiveTests.cs(125,31): error CS0518: Predefined type 'System.Nullable`1' is not defined or imported
C:\gh\azure-sdk-for-net\sdk\keyvault\Azure.Security.KeyVault.Secrets\tests\SecretClientLiveTests.cs(127,51): error CS0246: The type or namespace name 'Task<>' could not be found (are you missing a using directive or an assembly reference?)
C:\gh\azure-sdk-for-net\sdk\keyvault\Azure.Security.KeyVault.Secrets\tests\SecretClientLiveTests.cs(131,13): error CS0103: The name 'Assert' does not exist in the current context
C:\gh\azure-sdk-for-net\sdk\keyvault\Azure.Security.KeyVault.Secrets\tests\SecretClientLiveTests.cs(131,32): error CS0246: The type or namespace name 'RequestFailedException' could not be found (are you missing a using directive or an assembly reference?)
C:\gh\azure-sdk-for-net\sdk\keyvault\Azure.Security.KeyVault.Secrets\tests\SecretClientLiveTests.cs(133,31): error CS0518: Predefined type 'System.Nullable`1' is not defined or imported
C:\gh\azure-sdk-for-net\sdk\keyvault\Azure.Security.KeyVault.Secrets\tests\SecretClientLiveTests.cs(135,19): error CS0246: The type or namespace name 'Task<>' could not be found (are you missing a using directive or an assembly reference?)
C:\gh\azure-sdk-for-net\sdk\keyvault\Azure.Security.KeyVault.Secrets\tests\samples\SampleSnippets.cs(150,47): error CS0518: Predefined type 'System.String' is not defined or imported
C:\gh\azure-sdk-for-net\sdk\keyvault\Azure.Security.KeyVault.Secrets\tests\samples\SampleSnippets.cs(153,38): error CS0518: Predefined type 'System.String' is not defined or imported
C:\gh\azure-sdk-for-net\sdk\keyvault\Azure.Security.KeyVault.Secrets\tests\samples\SampleSnippets.cs(154,38): error CS0518: Predefined type 'System.String' is not defined or imported
C:\gh\azure-sdk-for-net\sdk\keyvault\Azure.Security.KeyVault.Secrets\tests\SecretsTestBase.cs(176,17): error CS0103: The name 'Assert' does not exist in the current context
C:\gh\azure-sdk-for-net\sdk\keyvault\Azure.Security.KeyVault.Secrets\tests\SecretsTestBase.cs(181,21): error CS0103: The name 'Assert' does not exist in the current context
C:\gh\azure-sdk-for-net\sdk\keyvault\Azure.Security.KeyVault.Secrets\tests\SecretsTestBase.cs(183,17): error CS0103: The name 'Assert' does not exist in the current context
C:\gh\azure-sdk-for-net\sdk\keyvault\Azure.Security.KeyVault.Secrets\tests\samples\Sample2_BackupAndRestoreAsync.cs(25,69): error CS0246: The type or namespace name 'DefaultAzureCredential' could not be found (are you missing a using directive or an assembly reference?)
C:\gh\azure-sdk-for-net\sdk\keyvault\Azure.Security.KeyVault.Secrets\tests\samples\Sample2_BackupAndRestoreAsync.cs(25,30): error CS0518: Predefined type 'System.Void' is not defined or imported
C:\gh\azure-sdk-for-net\sdk\keyvault\Azure.Security.KeyVault.Secrets\tests\samples\Sample2_BackupAndRestoreAsync.cs(29,30): error CS0518: Predefined type 'System.Void' is not defined or imported
C:\gh\azure-sdk-for-net\sdk\keyvault\Azure.Security.KeyVault.Secrets\tests\samples\Sample2_BackupAndRestoreAsync.cs(30,31): error CS0518: Predefined type 'System.Nullable`1' is not defined or imported
C:\gh\azure-sdk-for-net\sdk\keyvault\Azure.Security.KeyVault.Secrets\tests\samples\Sample2_BackupAndRestoreAsync.cs(32,49): error CS0246: The type or namespace name 'Task<>' could not be found (are you missing a using directive or an assembly reference?)
C:\gh\azure-sdk-for-net\sdk\keyvault\Azure.Security.KeyVault.Secrets\tests\samples\Sample2_BackupAndRestoreAsync.cs(38,43): error CS0246: The type or namespace name 'Task<>' could not be found (are you missing a using directive or an assembly reference?)
C:\gh\azure-sdk-for-net\sdk\keyvault\Azure.Security.KeyVault.Secrets\tests\samples\Sample2_BackupAndRestoreAsync.cs(44,53): error CS0246: The type or namespace name 'Task<>' could not be found (are you missing a using directive or an assembly reference?)
C:\gh\azure-sdk-for-net\sdk\keyvault\Azure.Security.KeyVault.Secrets\tests\samples\Sample2_BackupAndRestoreAsync.cs(47,29): error CS0246: The type or namespace name 'Operation<>' could not be found (are you missing a using directive or an assembly reference?)
C:\gh\azure-sdk-for-net\sdk\keyvault\Azure.Security.KeyVault.Secrets\tests\samples\Sample2_BackupAndRestoreAsync.cs(47,19): error CS0246: The type or namespace name 'ValueTask<>' could not be found (are you missing a using directive or an assembly reference?)
C:\gh\azure-sdk-for-net\sdk\keyvault\Azure.Security.KeyVault.Secrets\tests\samples\Sample2_BackupAndRestoreAsync.cs(51,19): error CS0246: The type or namespace name 'Task<>' could not be found (are you missing a using directive or an assembly reference?)
C:\gh\azure-sdk-for-net\sdk\keyvault\Azure.Security.KeyVault.Secrets\tests\samples\Sample2_BackupAndRestoreAsync.cs(58,39): error CS0246: The type or namespace name 'Task<>' could not be found (are you missing a using directive or an assembly reference?)
C:\gh\azure-sdk-for-net\sdk\keyvault\Azure.Security.KeyVault.Secrets\tests\samples\Sample2_BackupAndRestoreAsync.cs(64,75): error CS0518: Predefined type 'System.String' is not defined or imported
C:\gh\azure-sdk-for-net\sdk\keyvault\Azure.Security.KeyVault.Secrets\tests\samples\Sample2_BackupAndRestoreAsync.cs(64,31): error CS0246: The type or namespace name 'Task<>' could not be found (are you missing a using directive or an assembly reference?)
C:\gh\azure-sdk-for-net\sdk\keyvault\Azure.Security.KeyVault.Secrets\tests\samples\Sample2_BackupAndRestoreAsync.cs(67,29): error CS0246: The type or namespace name 'Operation<>' could not be found (are you missing a using directive or an assembly reference?)
C:\gh\azure-sdk-for-net\sdk\keyvault\Azure.Security.KeyVault.Secrets\tests\samples\Sample2_BackupAndRestoreAsync.cs(67,19): error CS0246: The type or namespace name 'ValueTask<>' could not be found (are you missing a using directive or an assembly reference?)
C:\gh\azure-sdk-for-net\sdk\keyvault\Azure.Security.KeyVault.Secrets\tests\samples\Sample2_BackupAndRestoreAsync.cs(69,64): error CS0518: Predefined type 'System.String' is not defined or imported
C:\gh\azure-sdk-for-net\sdk\keyvault\Azure.Security.KeyVault.Secrets\tests\samples\Sample2_BackupAndRestoreAsync.cs(69,19): error CS0246: The type or namespace name 'Task<>' could not be found (are you missing a using directive or an assembly reference?)
C:\gh\azure-sdk-for-net\sdk\keyvault\Azure.Security.KeyVault.Secrets\tests\SecretClientLiveTests.cs(143,43): error CS0246: The type or namespace name 'Task<>' could not be found (are you missing a using directive or an assembly reference?)
C:\gh\azure-sdk-for-net\sdk\keyvault\Azure.Security.KeyVault.Secrets\tests\SecretClientLiveTests.cs(145,39): error CS0518: Predefined type 'System.String' is not defined or imported
C:\gh\azure-sdk-for-net\sdk\keyvault\Azure.Security.KeyVault.Secrets\tests\SecretClientLiveTests.cs(147,31): error CS0518: Predefined type 'System.Nullable`1' is not defined or imported
C:\gh\azure-sdk-for-net\sdk\keyvault\Azure.Security.KeyVault.Secrets\tests\SecretClientLiveTests.cs(147,61): error CS0518: Predefined type 'System.Nullable`1' is not defined or imported
C:\gh\azure-sdk-for-net\sdk\keyvault\Azure.Security.KeyVault.Secrets\tests\SecretClientLiveTests.cs(149,51): error CS0246: The type or namespace name 'Task<>' could not be found (are you missing a using directive or an assembly reference?)
C:\gh\azure-sdk-for-net\sdk\keyvault\Azure.Security.KeyVault.Secrets\tests\ChallengeBasedAuthenticationPolicyTests.cs(204,33): error CS0246: The type or namespace name 'HttpPipeline' could not be found (are you missing a using directive or an assembly reference?)
C:\gh\azure-sdk-for-net\sdk\keyvault\Azure.Security.KeyVault.Secrets\tests\samples\SampleSnippets.cs(162,53): error CS0246: The type or namespace name 'Task<>' could not be found (are you missing a using directive or an assembly reference?)
C:\gh\azure-sdk-for-net\sdk\keyvault\Azure.Security.KeyVault.Secrets\tests\samples\SampleSnippets.cs(165,29): error CS0246: The type or namespace name 'Operation<>' could not be found (are you missing a using directive or an assembly reference?)
C:\gh\azure-sdk-for-net\sdk\keyvault\Azure.Security.KeyVault.Secrets\tests\samples\SampleSnippets.cs(165,19): error CS0246: The type or namespace name 'ValueTask<>' could not be found (are you missing a using directive or an assembly reference?)
C:\gh\azure-sdk-for-net\sdk\keyvault\Azure.Security.KeyVault.Secrets\tests\samples\SampleSnippets.cs(168,57): error CS0518: Predefined type 'System.String' is not defined or imported
C:\gh\azure-sdk-for-net\sdk\keyvault\Azure.Security.KeyVault.Secrets\tests\samples\SampleSnippets.cs(168,19): error CS0246: The type or namespace name 'Task<>' could not be found (are you missing a using directive or an assembly reference?)
C:\gh\azure-sdk-for-net\sdk\keyvault\Azure.Security.KeyVault.Secrets\tests\samples\SampleSnippets.cs(176,47): error CS0518: Predefined type 'System.String' is not defined or imported
C:\gh\azure-sdk-for-net\sdk\keyvault\Azure.Security.KeyVault.Secrets\tests\samples\SampleSnippets.cs(180,31): error CS0518: Predefined type 'System.Boolean' is not defined or imported
C:\gh\azure-sdk-for-net\sdk\keyvault\Azure.Security.KeyVault.Secrets\tests\samples\SampleSnippets.cs(184,27): error CS0246: The type or namespace name 'Operation<>' could not be found (are you missing a using directive or an assembly reference?)
C:\gh\azure-sdk-for-net\sdk\keyvault\Azure.Security.KeyVault.Secrets\tests\samples\SampleSnippets.cs(184,17): error CS0246: The type or namespace name 'Response' could not be found (are you missing a using directive or an assembly reference?)
C:\gh\azure-sdk-for-net\sdk\keyvault\Azure.Security.KeyVault.Secrets\tests\samples\SampleSnippets.cs(188,46): error CS0518: Predefined type 'System.String' is not defined or imported
C:\gh\azure-sdk-for-net\sdk\keyvault\Azure.Security.KeyVault.Secrets\tests\samples\SampleSnippets.cs(188,13): error CS0246: The type or namespace name 'Response' could not be found (are you missing a using directive or an assembly reference?)
C:\gh\azure-sdk-for-net\sdk\keyvault\Azure.Security.KeyVault.Secrets\tests\SecretsTestBase.cs(196,69): error CS0246: The type or namespace name 'Task<>' could not be found (are you missing a using directive or an assembly reference?)
C:\gh\azure-sdk-for-net\sdk\keyvault\Azure.Security.KeyVault.Secrets\tests\SecretClientLiveTests.cs(159,41): error CS0518: Predefined type 'System.Void' is not defined or imported
C:\gh\azure-sdk-for-net\sdk\keyvault\Azure.Security.KeyVault.Secrets\tests\SecretClientLiveTests.cs(163,21): error CS0246: The type or namespace name 'IDictionary<,>' could not be found (are you missing a using directive or an assembly reference?)
C:\gh\azure-sdk-for-net\sdk\keyvault\Azure.Security.KeyVault.Secrets\tests\SecretClientLiveTests.cs(171,28): error CS0246: The type or namespace name 'Task<>' could not be found (are you missing a using directive or an assembly reference?)
C:\gh\azure-sdk-for-net\sdk\keyvault\Azure.Security.KeyVault.Secrets\tests\SecretClientLiveTests.cs(172,39): error CS0518: Predefined type 'System.String' is not defined or imported
C:\gh\azure-sdk-for-net\sdk\keyvault\Azure.Security.KeyVault.Secrets\tests\SecretClientLiveTests.cs(180,60): error CS0246: The type or namespace name 'IDictionary<,>' could not be found (are you missing a using directive or an assembly reference?)
C:\gh\azure-sdk-for-net\sdk\keyvault\Azure.Security.KeyVault.Secrets\tests\SecretClientLiveTests.cs(182,31): error CS0246: The type or namespace name 'IDictionary<,>' could not be found (are you missing a using directive or an assembly reference?)
C:\gh\azure-sdk-for-net\sdk\keyvault\Azure.Security.KeyVault.Secrets\tests\SecretClientLiveTests.cs(183,31): error CS0246: The type or namespace name 'IDictionary<,>' could not be found (are you missing a using directive or an assembly reference?)
C:\gh\azure-sdk-for-net\sdk\keyvault\Azure.Security.KeyVault.Secrets\tests\SecretClientLiveTests.cs(185,51): error CS0246: The type or namespace name 'Task<>' could not be found (are you missing a using directive or an assembly reference?)
C:\gh\azure-sdk-for-net\sdk\keyvault\Azure.Security.KeyVault.Secrets\tests\SecretClientLiveTests.cs(194,55): error CS0246: The type or namespace name 'IDictionary<,>' could not be found (are you missing a using directive or an assembly reference?)
C:\gh\azure-sdk-for-net\sdk\keyvault\Azure.Security.KeyVault.Secrets\tests\SecretClientLiveTests.cs(196,26): error CS0246: The type or namespace name 'IDictionary<,>' could not be found (are you missing a using directive or an assembly reference?)
C:\gh\azure-sdk-for-net\sdk\keyvault\Azure.Security.KeyVault.Secrets\tests\SecretClientLiveTests.cs(197,26): error CS0246: The type or namespace name 'IDictionary<,>' could not be found (are you missing a using directive or an assembly reference?)
C:\gh\azure-sdk-for-net\sdk\keyvault\Azure.Security.KeyVault.Secrets\tests\SecretClientLiveTests.cs(199,34): error CS0246: The type or namespace name 'Task<>' could not be found (are you missing a using directive or an assembly reference?)
C:\gh\azure-sdk-for-net\sdk\keyvault\Azure.Security.KeyVault.Secrets\tests\SecretClientLiveTests.cs(206,55): error CS0246: The type or namespace name 'IDictionary<,>' could not be found (are you missing a using directive or an assembly reference?)
C:\gh\azure-sdk-for-net\sdk\keyvault\Azure.Security.KeyVault.Secrets\tests\samples\SampleSnippets.cs(198,21): error CS0246: The type or namespace name 'DefaultAzureCredential' could not be found (are you missing a using directive or an assembly reference?)
C:\gh\azure-sdk-for-net\sdk\keyvault\Azure.Security.KeyVault.Secrets\tests\samples\SampleSnippets.cs(196,39): error CS0518: Predefined type 'System.Void' is not defined or imported
C:\gh\azure-sdk-for-net\sdk\keyvault\Azure.Security.KeyVault.Secrets\tests\samples\SampleSnippets.cs(204,51): error CS0518: Predefined type 'System.Void' is not defined or imported
C:\gh\azure-sdk-for-net\sdk\keyvault\Azure.Security.KeyVault.Secrets\tests\samples\SampleSnippets.cs(206,21): error CS0246: The type or namespace name 'ClientOptions' could not be found (are you missing a using directive or an assembly reference?)
C:\gh\azure-sdk-for-net\sdk\keyvault\Azure.Security.KeyVault.Secrets\tests\samples\SampleSnippets.cs(206,21): error CS0117: 'SecretClientOptions' does not contain a definition for 'Transport'
C:\gh\azure-sdk-for-net\sdk\keyvault\Azure.Security.KeyVault.Secrets\tests\samples\SampleSnippets.cs(206,37): error CS0246: The type or namespace name 'HttpClientTransport' could not be found (are you missing a using directive or an assembly reference?)
C:\gh\azure-sdk-for-net\sdk\keyvault\Azure.Security.KeyVault.Secrets\tests\samples\SampleSnippets.cs(212,25): error CS0246: The type or namespace name 'DefaultAzureCredential' could not be found (are you missing a using directive or an assembly reference?)
C:\gh\azure-sdk-for-net\sdk\keyvault\Azure.Security.KeyVault.Secrets\tests\samples\SampleSnippets.cs(210,45): error CS0518: Predefined type 'System.Void' is not defined or imported
C:\gh\azure-sdk-for-net\sdk\keyvault\Azure.Security.KeyVault.Secrets\tests\samples\SampleSnippets.cs(219,47): error CS0246: The type or namespace name 'Task<>' could not be found (are you missing a using directive or an assembly reference?)
C:\gh\azure-sdk-for-net\sdk\keyvault\Azure.Security.KeyVault.Secrets\tests\samples\SampleSnippets.cs(226,47): error CS0246: The type or namespace name 'Task<>' could not be found (are you missing a using directive or an assembly reference?)
C:\gh\azure-sdk-for-net\sdk\keyvault\Azure.Security.KeyVault.Secrets\tests\samples\SampleSnippets.cs(229,54): error CS0246: The type or namespace name 'Task<>' could not be found (are you missing a using directive or an assembly reference?)
C:\gh\azure-sdk-for-net\sdk\keyvault\Azure.Security.KeyVault.Secrets\tests\samples\SampleSnippets.cs(236,57): error CS0246: The type or namespace name 'AsyncPageable<>' could not be found (are you missing a using directive or an assembly reference?)
C:\gh\azure-sdk-for-net\sdk\keyvault\Azure.Security.KeyVault.Secrets\tests\samples\SampleSnippets.cs(238,78): error CS0518: Predefined type 'System.String' is not defined or imported
C:\gh\azure-sdk-for-net\sdk\keyvault\Azure.Security.KeyVault.Secrets\tests\samples\SampleSnippets.cs(238,51): error CS0246: The type or namespace name 'Task<>' could not be found (are you missing a using directive or an assembly reference?)
C:\gh\azure-sdk-for-net\sdk\keyvault\Azure.Security.KeyVault.Secrets\tests\samples\SampleSnippets.cs(242,51): error CS0246: The type or namespace name 'Pageable<>' could not be found (are you missing a using directive or an assembly reference?)
C:\gh\azure-sdk-for-net\sdk\keyvault\Azure.Security.KeyVault.Secrets\tests\samples\SampleSnippets.cs(244,67): error CS0518: Predefined type 'System.String' is not defined or imported
C:\gh\azure-sdk-for-net\sdk\keyvault\Azure.Security.KeyVault.Secrets\tests\samples\SampleSnippets.cs(244,45): error CS0246: The type or namespace name 'Response<>' could not be found (are you missing a using directive or an assembly reference?)
C:\gh\azure-sdk-for-net\sdk\keyvault\Azure.Security.KeyVault.Secrets\tests\samples\SampleSnippets.cs(252,63): error CS0246: The type or namespace name 'Task<>' could not be found (are you missing a using directive or an assembly reference?)
C:\gh\azure-sdk-for-net\sdk\keyvault\Azure.Security.KeyVault.Secrets\tests\samples\SampleSnippets.cs(255,43): error CS0246: The type or namespace name 'Uri' could not be found (are you missing a using directive or an assembly reference?)
C:\gh\azure-sdk-for-net\sdk\keyvault\Azure.Security.KeyVault.Secrets\tests\samples\SampleSnippets.cs(258,73): error CS0246: The type or namespace name 'Operation<>' could not be found (are you missing a using directive or an assembly reference?)
C:\gh\azure-sdk-for-net\sdk\keyvault\Azure.Security.KeyVault.Secrets\tests\samples\SampleSnippets.cs(258,57): error CS0246: The type or namespace name 'ValueTask<>' could not be found (are you missing a using directive or an assembly reference?)
C:\gh\azure-sdk-for-net\sdk\keyvault\Azure.Security.KeyVault.Secrets\tests\samples\SampleSnippets.cs(261,72): error CS0518: Predefined type 'System.String' is not defined or imported
C:\gh\azure-sdk-for-net\sdk\keyvault\Azure.Security.KeyVault.Secrets\tests\samples\SampleSnippets.cs(261,27): error CS0246: The type or namespace name 'Task<>' could not be found (are you missing a using directive or an assembly reference?)
C:\gh\azure-sdk-for-net\sdk\keyvault\Azure.Security.KeyVault.Secrets\tests\ChallengeBasedAuthenticationPolicyTests.cs(214,17): error CS0246: The type or namespace name 'Request' could not be found (are you missing a using directive or an assembly reference?)
C:\gh\azure-sdk-for-net\sdk\keyvault\Azure.Security.KeyVault.Secrets\tests\ChallengeBasedAuthenticationPolicyTests.cs(215,34): error CS0103: The name 'RequestMethod' does not exist in the current context
C:\gh\azure-sdk-for-net\sdk\keyvault\Azure.Security.KeyVault.Secrets\tests\ChallengeBasedAuthenticationPolicyTests.cs(216,37): error CS0103: The name 'HttpHeader' does not exist in the current context
C:\gh\azure-sdk-for-net\sdk\keyvault\Azure.Security.KeyVault.Secrets\tests\ChallengeBasedAuthenticationPolicyTests.cs(221,17): error CS0246: The type or namespace name 'ReadOnlyMemory<>' could not be found (are you missing a using directive or an assembly reference?)
C:\gh\azure-sdk-for-net\sdk\keyvault\Azure.Security.KeyVault.Secrets\tests\ChallengeBasedAuthenticationPolicyTests.cs(221,77): error CS1061: 'byte[]' does not contain a definition for 'AsMemory' and no accessible extension method 'AsMemory' accepting a first argument of type 'byte[]' could be found (are you missing a using directive or an assembly reference?)
C:\gh\azure-sdk-for-net\sdk\keyvault\Azure.Security.KeyVault.Secrets\tests\ChallengeBasedAuthenticationPolicyTests.cs(222,35): error CS0103: The name 'RequestContent' does not exist in the current context
C:\gh\azure-sdk-for-net\sdk\keyvault\Azure.Security.KeyVault.Secrets\tests\ChallengeBasedAuthenticationPolicyTests.cs(224,17): error CS0246: The type or namespace name 'Response' could not be found (are you missing a using directive or an assembly reference?)
C:\gh\azure-sdk-for-net\sdk\keyvault\Azure.Security.KeyVault.Secrets\tests\ChallengeBasedAuthenticationPolicyTests.cs(230,27): error CS0246: The type or namespace name 'RequestFailedException' could not be found (are you missing a using directive or an assembly reference?)
C:\gh\azure-sdk-for-net\sdk\keyvault\Azure.Security.KeyVault.Secrets\tests\samples\Sample3_GetSecretsAsync.cs(27,69): error CS0246: The type or namespace name 'DefaultAzureCredential' could not be found (are you missing a using directive or an assembly reference?)
C:\gh\azure-sdk-for-net\sdk\keyvault\Azure.Security.KeyVault.Secrets\tests\samples\Sample3_GetSecretsAsync.cs(27,30): error CS0518: Predefined type 'System.Void' is not defined or imported
C:\gh\azure-sdk-for-net\sdk\keyvault\Azure.Security.KeyVault.Secrets\tests\samples\Sample3_GetSecretsAsync.cs(32,34): error CS0518: Predefined type 'System.Void' is not defined or imported
C:\gh\azure-sdk-for-net\sdk\keyvault\Azure.Security.KeyVault.Secrets\tests\samples\Sample3_GetSecretsAsync.cs(33,35): error CS0518: Predefined type 'System.Nullable`1' is not defined or imported
C:\gh\azure-sdk-for-net\sdk\keyvault\Azure.Security.KeyVault.Secrets\tests\samples\Sample3_GetSecretsAsync.cs(35,37): error CS0518: Predefined type 'System.Void' is not defined or imported
C:\gh\azure-sdk-for-net\sdk\keyvault\Azure.Security.KeyVault.Secrets\tests\samples\Sample3_GetSecretsAsync.cs(36,38): error CS0518: Predefined type 'System.Nullable`1' is not defined or imported
C:\gh\azure-sdk-for-net\sdk\keyvault\Azure.Security.KeyVault.Secrets\tests\samples\Sample3_GetSecretsAsync.cs(38,19): error CS0246: The type or namespace name 'Task<>' could not be found (are you missing a using directive or an assembly reference?)
C:\gh\azure-sdk-for-net\sdk\keyvault\Azure.Security.KeyVault.Secrets\tests\samples\Sample3_GetSecretsAsync.cs(39,19): error CS0246: The type or namespace name 'Task<>' could not be found (are you missing a using directive or an assembly reference?)
C:\gh\azure-sdk-for-net\sdk\keyvault\Azure.Security.KeyVault.Secrets\tests\samples\Sample3_GetSecretsAsync.cs(43,55): error CS0246: The type or namespace name 'AsyncPageable<>' could not be found (are you missing a using directive or an assembly reference?)
C:\gh\azure-sdk-for-net\sdk\keyvault\Azure.Security.KeyVault.Secrets\tests\samples\Sample3_GetSecretsAsync.cs(45,35): error CS0518: Predefined type 'System.Boolean' is not defined or imported
C:\gh\azure-sdk-for-net\sdk\keyvault\Azure.Security.KeyVault.Secrets\tests\samples\Sample3_GetSecretsAsync.cs(47,29): error CS0518: Predefined type 'System.Nullable`1' is not defined or imported
C:\gh\azure-sdk-for-net\sdk\keyvault\Azure.Security.KeyVault.Secrets\tests\samples\Sample3_GetSecretsAsync.cs(52,85): error CS0518: Predefined type 'System.String' is not defined or imported
C:\gh\azure-sdk-for-net\sdk\keyvault\Azure.Security.KeyVault.Secrets\tests\samples\Sample3_GetSecretsAsync.cs(52,56): error CS0246: The type or namespace name 'Task<>' could not be found (are you missing a using directive or an assembly reference?)
C:\gh\azure-sdk-for-net\sdk\keyvault\Azure.Security.KeyVault.Secrets\tests\samples\Sample3_GetSecretsAsync.cs(53,62): error CS0518: Predefined type 'System.String' is not defined or imported
C:\gh\azure-sdk-for-net\sdk\keyvault\Azure.Security.KeyVault.Secrets\tests\samples\Sample3_GetSecretsAsync.cs(55,63): error CS0518: Predefined type 'System.String' is not defined or imported
C:\gh\azure-sdk-for-net\sdk\keyvault\Azure.Security.KeyVault.Secrets\tests\samples\Sample3_GetSecretsAsync.cs(55,126): error CS0518: Predefined type 'System.String' is not defined or imported
C:\gh\azure-sdk-for-net\sdk\keyvault\Azure.Security.KeyVault.Secrets\tests\samples\Sample3_GetSecretsAsync.cs(59,54): error CS0518: Predefined type 'System.String' is not defined or imported
C:\gh\azure-sdk-for-net\sdk\keyvault\Azure.Security.KeyVault.Secrets\tests\samples\Sample3_GetSecretsAsync.cs(59,77): error CS0518: Predefined type 'System.String' is not defined or imported
C:\gh\azure-sdk-for-net\sdk\keyvault\Azure.Security.KeyVault.Secrets\tests\samples\Sample3_GetSecretsAsync.cs(65,55): error CS0246: The type or namespace name 'AsyncPageable<>' could not be found (are you missing a using directive or an assembly reference?)
C:\gh\azure-sdk-for-net\sdk\keyvault\Azure.Security.KeyVault.Secrets\tests\samples\Sample3_GetSecretsAsync.cs(68,29): error CS0518: Predefined type 'System.Nullable`1' is not defined or imported
C:\gh\azure-sdk-for-net\sdk\keyvault\Azure.Security.KeyVault.Secrets\tests\samples\Sample3_GetSecretsAsync.cs(73,83): error CS0518: Predefined type 'System.String' is not defined or imported
C:\gh\azure-sdk-for-net\sdk\keyvault\Azure.Security.KeyVault.Secrets\tests\samples\Sample3_GetSecretsAsync.cs(73,96): error CS0518: Predefined type 'System.String' is not defined or imported
C:\gh\azure-sdk-for-net\sdk\keyvault\Azure.Security.KeyVault.Secrets\tests\samples\Sample3_GetSecretsAsync.cs(73,54): error CS0246: The type or namespace name 'Task<>' could not be found (are you missing a using directive or an assembly reference?)
C:\gh\azure-sdk-for-net\sdk\keyvault\Azure.Security.KeyVault.Secrets\tests\samples\Sample3_GetSecretsAsync.cs(74,60): error CS0518: Predefined type 'System.String' is not defined or imported
C:\gh\azure-sdk-for-net\sdk\keyvault\Azure.Security.KeyVault.Secrets\tests\samples\Sample3_GetSecretsAsync.cs(76,54): error CS0518: Predefined type 'System.String' is not defined or imported
C:\gh\azure-sdk-for-net\sdk\keyvault\Azure.Security.KeyVault.Secrets\tests\samples\Sample3_GetSecretsAsync.cs(80,19): error CS0246: The type or namespace name 'Task<>' could not be found (are you missing a using directive or an assembly reference?)
C:\gh\azure-sdk-for-net\sdk\keyvault\Azure.Security.KeyVault.Secrets\tests\samples\Sample3_GetSecretsAsync.cs(82,63): error CS0246: The type or namespace name 'Task<>' could not be found (are you missing a using directive or an assembly reference?)
C:\gh\azure-sdk-for-net\sdk\keyvault\Azure.Security.KeyVault.Secrets\tests\samples\Sample3_GetSecretsAsync.cs(83,66): error CS0246: The type or namespace name 'Task<>' could not be found (are you missing a using directive or an assembly reference?)
C:\gh\azure-sdk-for-net\sdk\keyvault\Azure.Security.KeyVault.Secrets\tests\samples\Sample3_GetSecretsAsync.cs(87,37): error CS0246: The type or namespace name 'Operation<>' could not be found (are you missing a using directive or an assembly reference?)
C:\gh\azure-sdk-for-net\sdk\keyvault\Azure.Security.KeyVault.Secrets\tests\samples\Sample3_GetSecretsAsync.cs(87,17): error CS0246: The type or namespace name 'ValueTask<>' could not be found (are you missing a using directive or an assembly reference?)
C:\gh\azure-sdk-for-net\sdk\keyvault\Azure.Security.KeyVault.Secrets\tests\samples\Sample3_GetSecretsAsync.cs(88,40): error CS0246: The type or namespace name 'Operation<>' could not be found (are you missing a using directive or an assembly reference?)
C:\gh\azure-sdk-for-net\sdk\keyvault\Azure.Security.KeyVault.Secrets\tests\samples\Sample3_GetSecretsAsync.cs(88,17): error CS0246: The type or namespace name 'ValueTask<>' could not be found (are you missing a using directive or an assembly reference?)
C:\gh\azure-sdk-for-net\sdk\keyvault\Azure.Security.KeyVault.Secrets\tests\samples\Sample3_GetSecretsAsync.cs(90,52): error CS0246: The type or namespace name 'AsyncPageable<>' could not be found (are you missing a using directive or an assembly reference?)
C:\gh\azure-sdk-for-net\sdk\keyvault\Azure.Security.KeyVault.Secrets\tests\samples\Sample3_GetSecretsAsync.cs(92,72): error CS0246: The type or namespace name 'Uri' could not be found (are you missing a using directive or an assembly reference?)
C:\gh\azure-sdk-for-net\sdk\keyvault\Azure.Security.KeyVault.Secrets\tests\samples\Sample3_GetSecretsAsync.cs(97,17): error CS0246: The type or namespace name 'Task<>' could not be found (are you missing a using directive or an assembly reference?)
C:\gh\azure-sdk-for-net\sdk\keyvault\Azure.Security.KeyVault.Secrets\tests\samples\Sample3_GetSecretsAsync.cs(98,17): error CS0246: The type or namespace name 'Task<>' could not be found (are you missing a using directive or an assembly reference?)
C:\gh\azure-sdk-for-net\sdk\keyvault\Azure.Security.KeyVault.Secrets\tests\SecretClientLiveTests.cs(214,46): error CS0246: The type or namespace name 'Task<>' could not be found (are you missing a using directive or an assembly reference?)
C:\gh\azure-sdk-for-net\sdk\keyvault\Azure.Security.KeyVault.Secrets\tests\SecretClientLiveTests.cs(215,42): error CS0518: Predefined type 'System.String' is not defined or imported
C:\gh\azure-sdk-for-net\sdk\keyvault\Azure.Security.KeyVault.Secrets\tests\SecretClientLiveTests.cs(217,43): error CS0246: The type or namespace name 'Task<>' could not be found (are you missing a using directive or an assembly reference?)
C:\gh\azure-sdk-for-net\sdk\keyvault\Azure.Security.KeyVault.Secrets\tests\ChallengeBasedAuthenticationPolicyTests.cs(143,33): error CS0012: The type 'Request' is defined in an assembly that is not referenced. You must add a reference to assembly 'Azure.Core, Version=1.4.1.0, Culture=neutral, PublicKeyToken=92742159e12e44c8'.
C:\gh\azure-sdk-for-net\sdk\keyvault\Azure.Security.KeyVault.Secrets\tests\ChallengeBasedAuthenticationPolicyTests.cs(143,33): error CS1061: 'MockRequest' does not contain a definition for 'Uri' and no accessible extension method 'Uri' accepting a first argument of type 'MockRequest' could be found (are you missing a using directive or an assembly reference?)
C:\gh\azure-sdk-for-net\sdk\keyvault\Azure.Security.KeyVault.Secrets\tests\ChallengeBasedAuthenticationPolicyTests.cs(145,49): error CS0012: The type 'Request' is defined in an assembly that is not referenced. You must add a reference to assembly 'Azure.Core, Version=1.4.1.0, Culture=neutral, PublicKeyToken=92742159e12e44c8'.
C:\gh\azure-sdk-for-net\sdk\keyvault\Azure.Security.KeyVault.Secrets\tests\ChallengeBasedAuthenticationPolicyTests.cs(145,49): error CS1061: 'MockRequest' does not contain a definition for 'Headers' and no accessible extension method 'Headers' accepting a first argument of type 'MockRequest' could be found (are you missing a using directive or an assembly reference?)
C:\gh\azure-sdk-for-net\sdk\keyvault\Azure.Security.KeyVault.Secrets\tests\ChallengeBasedAuthenticationPolicyTests.cs(148,49): error CS0518: Predefined type 'System.Void' is not defined or imported
C:\gh\azure-sdk-for-net\sdk\keyvault\Azure.Security.KeyVault.Secrets\tests\ChallengeBasedAuthenticationPolicyTests.cs(154,34): error CS0012: The type 'Response' is defined in an assembly that is not referenced. You must add a reference to assembly 'Azure.Core, Version=1.4.1.0, Culture=neutral, PublicKeyToken=92742159e12e44c8'.
C:\gh\azure-sdk-for-net\sdk\keyvault\Azure.Security.KeyVault.Secrets\tests\ChallengeBasedAuthenticationPolicyTests.cs(154,48): error CS0246: The type or namespace name 'HttpHeader' could not be found (are you missing a using directive or an assembly reference?)
C:\gh\azure-sdk-for-net\sdk\keyvault\Azure.Security.KeyVault.Secrets\tests\ChallengeBasedAuthenticationPolicyTests.cs(154,25): error CS0012: The type 'HttpHeader' is defined in an assembly that is not referenced. You must add a reference to assembly 'Azure.Core, Version=1.4.1.0, Culture=neutral, PublicKeyToken=92742159e12e44c8'.
C:\gh\azure-sdk-for-net\sdk\keyvault\Azure.Security.KeyVault.Secrets\tests\ChallengeBasedAuthenticationPolicyTests.cs(158,79): error CS0012: The type 'Request' is defined in an assembly that is not referenced. You must add a reference to assembly 'Azure.Core, Version=1.4.1.0, Culture=neutral, PublicKeyToken=92742159e12e44c8'.
C:\gh\azure-sdk-for-net\sdk\keyvault\Azure.Security.KeyVault.Secrets\tests\ChallengeBasedAuthenticationPolicyTests.cs(158,79): error CS1061: 'MockRequest' does not contain a definition for 'Uri' and no accessible extension method 'Uri' accepting a first argument of type 'MockRequest' could be found (are you missing a using directive or an assembly reference?)
C:\gh\azure-sdk-for-net\sdk\keyvault\Azure.Security.KeyVault.Secrets\tests\ChallengeBasedAuthenticationPolicyTests.cs(159,69): error CS0012: The type 'Request' is defined in an assembly that is not referenced. You must add a reference to assembly 'Azure.Core, Version=1.4.1.0, Culture=neutral, PublicKeyToken=92742159e12e44c8'.
C:\gh\azure-sdk-for-net\sdk\keyvault\Azure.Security.KeyVault.Secrets\tests\ChallengeBasedAuthenticationPolicyTests.cs(159,69): error CS1061: 'MockRequest' does not contain a definition for 'Uri' and no accessible extension method 'Uri' accepting a first argument of type 'MockRequest' could be found (are you missing a using directive or an assembly reference?)
C:\gh\azure-sdk-for-net\sdk\keyvault\Azure.Security.KeyVault.Secrets\tests\ChallengeBasedAuthenticationPolicyTests.cs(162,25): error CS0246: The type or namespace name 'AccessToken' could not be found (are you missing a using directive or an assembly reference?)
C:\gh\azure-sdk-for-net\sdk\keyvault\Azure.Security.KeyVault.Secrets\tests\ChallengeBasedAuthenticationPolicyTests.cs(162,49): error CS0246: The type or namespace name 'AccessToken' could not be found (are you missing a using directive or an assembly reference?)
C:\gh\azure-sdk-for-net\sdk\keyvault\Azure.Security.KeyVault.Secrets\tests\ChallengeBasedAuthenticationPolicyTests.cs(169,35): error CS0246: The type or namespace name 'AssertionException' could not be found (are you missing a using directive or an assembly reference?)
C:\gh\azure-sdk-for-net\sdk\keyvault\Azure.Security.KeyVault.Secrets\tests\ChallengeBasedAuthenticationPolicyTests.cs(235,24): error CS0246: The type or namespace name 'JsonDocument' could not be found (are you missing a using directive or an assembly reference?)
C:\gh\azure-sdk-for-net\sdk\keyvault\Azure.Security.KeyVault.Secrets\tests\ChallengeBasedAuthenticationPolicyTests.cs(235,50): error CS0103: The name 'JsonDocument' does not exist in the current context
C:\gh\azure-sdk-for-net\sdk\keyvault\Azure.Security.KeyVault.Secrets\tests\SecretClientLiveTests.cs(227,45): error CS0246: The type or namespace name 'Task<>' could not be found (are you missing a using directive or an assembly reference?)
C:\gh\azure-sdk-for-net\sdk\keyvault\Azure.Security.KeyVault.Secrets\tests\SecretClientLiveTests.cs(228,41): error CS0518: Predefined type 'System.String' is not defined or imported
C:\gh\azure-sdk-for-net\sdk\keyvault\Azure.Security.KeyVault.Secrets\tests\SecretClientLiveTests.cs(229,45): error CS0246: The type or namespace name 'Task<>' could not be found (are you missing a using directive or an assembly reference?)
C:\gh\azure-sdk-for-net\sdk\keyvault\Azure.Security.KeyVault.Secrets\tests\SecretClientLiveTests.cs(230,19): error CS0246: The type or namespace name 'Task<>' could not be found (are you missing a using directive or an assembly reference?)
C:\gh\azure-sdk-for-net\sdk\keyvault\Azure.Security.KeyVault.Secrets\tests\SecretClientLiveTests.cs(232,97): error CS0518: Predefined type 'System.String' is not defined or imported
C:\gh\azure-sdk-for-net\sdk\keyvault\Azure.Security.KeyVault.Secrets\tests\SecretClientLiveTests.cs(232,43): error CS0246: The type or namespace name 'Task<>' could not be found (are you missing a using directive or an assembly reference?)
C:\gh\azure-sdk-for-net\sdk\keyvault\Azure.Security.KeyVault.Secrets\tests\SecretClientLiveTests.cs(234,13): error CS0103: The name 'Assert' does not exist in the current context
C:\gh\azure-sdk-for-net\sdk\keyvault\Azure.Security.KeyVault.Secrets\tests\SecretClientLiveTests.cs(234,46): error CS0518: Predefined type 'System.String' is not defined or imported
C:\gh\azure-sdk-for-net\sdk\keyvault\Azure.Security.KeyVault.Secrets\tests\SecretsTestBase.cs(212,31): error CS0246: The type or namespace name 'Task<>' could not be found (are you missing a using directive or an assembly reference?)
C:\gh\azure-sdk-for-net\sdk\keyvault\Azure.Security.KeyVault.Secrets\tests\SecretsTestBase.cs(215,28): error CS0246: The type or namespace name 'RequestFailedException' could not be found (are you missing a using directive or an assembly reference?)
C:\gh\azure-sdk-for-net\sdk\keyvault\Azure.Security.KeyVault.Secrets\tests\SecretsTestBase.cs(217,33): error CS0246: The type or namespace name 'Response' could not be found (are you missing a using directive or an assembly reference?)
C:\gh\azure-sdk-for-net\sdk\keyvault\Azure.Security.KeyVault.Secrets\tests\ChallengeBasedAuthenticationPolicyTests.cs(246,26): error CS0246: The type or namespace name 'JsonProperty' could not be found (are you missing a using directive or an assembly reference?)
C:\gh\azure-sdk-for-net\sdk\keyvault\Azure.Security.KeyVault.Secrets\tests\ChallengeBasedAuthenticationPolicyTests.cs(260,28): error CS0246: The type or namespace name 'AccessToken' could not be found (are you missing a using directive or an assembly reference?)
C:\gh\azure-sdk-for-net\sdk\keyvault\Azure.Security.KeyVault.Secrets\tests\SecretClientLiveTests.cs(240,55): error CS0246: The type or namespace name 'AsyncPageable<>' could not be found (are you missing a using directive or an assembly reference?)
C:\gh\azure-sdk-for-net\sdk\keyvault\Azure.Security.KeyVault.Secrets\tests\SecretClientLiveTests.cs(242,13): error CS0103: The name 'Assert' does not exist in the current context
C:\gh\azure-sdk-for-net\sdk\keyvault\Azure.Security.KeyVault.Secrets\tests\SecretClientLiveTests.cs(250,43): error CS0246: The type or namespace name 'Task<>' could not be found (are you missing a using directive or an assembly reference?)
C:\gh\azure-sdk-for-net\sdk\keyvault\Azure.Security.KeyVault.Secrets\tests\SecretClientLiveTests.cs(252,39): error CS0518: Predefined type 'System.String' is not defined or imported
C:\gh\azure-sdk-for-net\sdk\keyvault\Azure.Security.KeyVault.Secrets\tests\SecretClientLiveTests.cs(254,35): error CS0246: The type or namespace name 'Task<>' could not be found (are you missing a using directive or an assembly reference?)
C:\gh\azure-sdk-for-net\sdk\keyvault\Azure.Security.KeyVault.Secrets\tests\SecretClientLiveTests.cs(256,13): error CS0103: The name 'Assert' does not exist in the current context
C:\gh\azure-sdk-for-net\sdk\keyvault\Azure.Security.KeyVault.Secrets\tests\SecretsTestBase.cs(232,69): error CS0246: The type or namespace name 'Task<>' could not be found (are you missing a using directive or an assembly reference?)
C:\gh\azure-sdk-for-net\sdk\keyvault\Azure.Security.KeyVault.Secrets\tests\SecretClientLiveTests.cs(262,13): error CS0103: The name 'Assert' does not exist in the current context
C:\gh\azure-sdk-for-net\sdk\keyvault\Azure.Security.KeyVault.Secrets\tests\SecretClientLiveTests.cs(262,32): error CS0246: The type or namespace name 'RequestFailedException' could not be found (are you missing a using directive or an assembly reference?)
C:\gh\azure-sdk-for-net\sdk\keyvault\Azure.Security.KeyVault.Secrets\tests\SecretClientLiveTests.cs(271,43): error CS0246: The type or namespace name 'Task<>' could not be found (are you missing a using directive or an assembly reference?)
C:\gh\azure-sdk-for-net\sdk\keyvault\Azure.Security.KeyVault.Secrets\tests\SecretClientLiveTests.cs(273,39): error CS0518: Predefined type 'System.String' is not defined or imported
C:\gh\azure-sdk-for-net\sdk\keyvault\Azure.Security.KeyVault.Secrets\tests\SecretClientLiveTests.cs(275,35): error CS0246: The type or namespace name 'Task<>' could not be found (are you missing a using directive or an assembly reference?)
C:\gh\azure-sdk-for-net\sdk\keyvault\Azure.Security.KeyVault.Secrets\tests\SecretClientLiveTests.cs(277,19): error CS0246: The type or namespace name 'Task<>' could not be found (are you missing a using directive or an assembly reference?)
C:\gh\azure-sdk-for-net\sdk\keyvault\Azure.Security.KeyVault.Secrets\tests\SecretClientLiveTests.cs(280,19): error CS0246: The type or namespace name 'Task<>' could not be found (are you missing a using directive or an assembly reference?)
C:\gh\azure-sdk-for-net\sdk\keyvault\Azure.Security.KeyVault.Secrets\tests\SecretClientLiveTests.cs(283,13): error CS0103: The name 'Assert' does not exist in the current context
C:\gh\azure-sdk-for-net\sdk\keyvault\Azure.Security.KeyVault.Secrets\tests\SecretClientLiveTests.cs(283,32): error CS0246: The type or namespace name 'RequestFailedException' could not be found (are you missing a using directive or an assembly reference?)
C:\gh\azure-sdk-for-net\sdk\keyvault\Azure.Security.KeyVault.Secrets\tests\SecretClientLiveTests.cs(284,13): error CS0103: The name 'Assert' does not exist in the current context
C:\gh\azure-sdk-for-net\sdk\keyvault\Azure.Security.KeyVault.Secrets\tests\SecretClientLiveTests.cs(284,32): error CS0246: The type or namespace name 'RequestFailedException' could not be found (are you missing a using directive or an assembly reference?)
C:\gh\azure-sdk-for-net\sdk\keyvault\Azure.Security.KeyVault.Secrets\tests\SecretClientLiveTests.cs(286,52): error CS0246: The type or namespace name 'Task<>' could not be found (are you missing a using directive or an assembly reference?)
C:\gh\azure-sdk-for-net\sdk\keyvault\Azure.Security.KeyVault.Secrets\tests\SecretClientLiveTests.cs(295,13): error CS0103: The name 'Assert' does not exist in the current context
C:\gh\azure-sdk-for-net\sdk\keyvault\Azure.Security.KeyVault.Secrets\tests\SecretClientLiveTests.cs(295,32): error CS0246: The type or namespace name 'RequestFailedException' could not be found (are you missing a using directive or an assembly reference?)
C:\gh\azure-sdk-for-net\sdk\keyvault\Azure.Security.KeyVault.Secrets\tests\SecretClientLiveTests.cs(303,43): error CS0246: The type or namespace name 'Task<>' could not be found (are you missing a using directive or an assembly reference?)
C:\gh\azure-sdk-for-net\sdk\keyvault\Azure.Security.KeyVault.Secrets\tests\SecretClientLiveTests.cs(305,39): error CS0518: Predefined type 'System.String' is not defined or imported
C:\gh\azure-sdk-for-net\sdk\keyvault\Azure.Security.KeyVault.Secrets\tests\SecretClientLiveTests.cs(307,59): error CS0246: The type or namespace name 'Task<>' could not be found (are you missing a using directive or an assembly reference?)
C:\gh\azure-sdk-for-net\sdk\keyvault\Azure.Security.KeyVault.Secrets\tests\SecretClientLiveTests.cs(311,13): error CS0103: The name 'Assert' does not exist in the current context
C:\gh\azure-sdk-for-net\sdk\keyvault\Azure.Security.KeyVault.Secrets\tests\SecretClientLiveTests.cs(311,42): error CS0518: Predefined type 'System.Nullable`1' is not defined or imported
C:\gh\azure-sdk-for-net\sdk\keyvault\Azure.Security.KeyVault.Secrets\tests\SecretClientLiveTests.cs(312,13): error CS0103: The name 'Assert' does not exist in the current context
C:\gh\azure-sdk-for-net\sdk\keyvault\Azure.Security.KeyVault.Secrets\tests\SecretClientLiveTests.cs(312,42): error CS0518: Predefined type 'System.Nullable`1' is not defined or imported
C:\gh\azure-sdk-for-net\sdk\keyvault\Azure.Security.KeyVault.Secrets\tests\SecretClientLiveTests.cs(314,13): error CS0103: The name 'Assert' does not exist in the current context
C:\gh\azure-sdk-for-net\sdk\keyvault\Azure.Security.KeyVault.Secrets\tests\SecretClientLiveTests.cs(314,32): error CS0246: The type or namespace name 'RequestFailedException' could not be found (are you missing a using directive or an assembly reference?)
C:\gh\azure-sdk-for-net\sdk\keyvault\Azure.Security.KeyVault.Secrets\tests\SecretClientLiveTests.cs(320,13): error CS0103: The name 'Assert' does not exist in the current context
C:\gh\azure-sdk-for-net\sdk\keyvault\Azure.Security.KeyVault.Secrets\tests\SecretClientLiveTests.cs(320,32): error CS0246: The type or namespace name 'RequestFailedException' could not be found (are you missing a using directive or an assembly reference?)
C:\gh\azure-sdk-for-net\sdk\keyvault\Azure.Security.KeyVault.Secrets\tests\SecretClientLiveTests.cs(328,43): error CS0246: The type or namespace name 'Task<>' could not be found (are you missing a using directive or an assembly reference?)
C:\gh\azure-sdk-for-net\sdk\keyvault\Azure.Security.KeyVault.Secrets\tests\SecretClientLiveTests.cs(330,39): error CS0518: Predefined type 'System.String' is not defined or imported
C:\gh\azure-sdk-for-net\sdk\keyvault\Azure.Security.KeyVault.Secrets\tests\SecretClientLiveTests.cs(332,59): error CS0246: The type or namespace name 'Task<>' could not be found (are you missing a using directive or an assembly reference?)
C:\gh\azure-sdk-for-net\sdk\keyvault\Azure.Security.KeyVault.Secrets\tests\SecretClientLiveTests.cs(337,48): error CS0246: The type or namespace name 'Task<>' could not be found (are you missing a using directive or an assembly reference?)
C:\gh\azure-sdk-for-net\sdk\keyvault\Azure.Security.KeyVault.Secrets\tests\SecretClientLiveTests.cs(339,13): error CS0103: The name 'Assert' does not exist in the current context
C:\gh\azure-sdk-for-net\sdk\keyvault\Azure.Security.KeyVault.Secrets\tests\SecretClientLiveTests.cs(339,42): error CS0518: Predefined type 'System.Nullable`1' is not defined or imported
C:\gh\azure-sdk-for-net\sdk\keyvault\Azure.Security.KeyVault.Secrets\tests\SecretClientLiveTests.cs(340,13): error CS0103: The name 'Assert' does not exist in the current context
C:\gh\azure-sdk-for-net\sdk\keyvault\Azure.Security.KeyVault.Secrets\tests\SecretClientLiveTests.cs(340,42): error CS0246: The type or namespace name 'Uri' could not be found (are you missing a using directive or an assembly reference?)
C:\gh\azure-sdk-for-net\sdk\keyvault\Azure.Security.KeyVault.Secrets\tests\SecretClientLiveTests.cs(341,13): error CS0103: The name 'Assert' does not exist in the current context
C:\gh\azure-sdk-for-net\sdk\keyvault\Azure.Security.KeyVault.Secrets\tests\SecretClientLiveTests.cs(341,42): error CS0518: Predefined type 'System.Nullable`1' is not defined or imported
C:\gh\azure-sdk-for-net\sdk\keyvault\Azure.Security.KeyVault.Secrets\tests\SecretClientLiveTests.cs(350,13): error CS0103: The name 'Assert' does not exist in the current context
C:\gh\azure-sdk-for-net\sdk\keyvault\Azure.Security.KeyVault.Secrets\tests\SecretClientLiveTests.cs(350,32): error CS0246: The type or namespace name 'RequestFailedException' could not be found (are you missing a using directive or an assembly reference?)
C:\gh\azure-sdk-for-net\sdk\keyvault\Azure.Security.KeyVault.Secrets\tests\SecretClientLiveTests.cs(358,43): error CS0246: The type or namespace name 'Task<>' could not be found (are you missing a using directive or an assembly reference?)
C:\gh\azure-sdk-for-net\sdk\keyvault\Azure.Security.KeyVault.Secrets\tests\SecretClientLiveTests.cs(360,39): error CS0518: Predefined type 'System.String' is not defined or imported
C:\gh\azure-sdk-for-net\sdk\keyvault\Azure.Security.KeyVault.Secrets\tests\SecretClientLiveTests.cs(362,59): error CS0246: The type or namespace name 'Task<>' could not be found (are you missing a using directive or an assembly reference?)
C:\gh\azure-sdk-for-net\sdk\keyvault\Azure.Security.KeyVault.Secrets\tests\SecretClientLiveTests.cs(367,61): error CS0246: The type or namespace name 'Task<>' could not be found (are you missing a using directive or an assembly reference?)
C:\gh\azure-sdk-for-net\sdk\keyvault\Azure.Security.KeyVault.Secrets\tests\SecretClientLiveTests.cs(372,52): error CS0246: The type or namespace name 'Task<>' could not be found (are you missing a using directive or an assembly reference?)
C:\gh\azure-sdk-for-net\sdk\keyvault\Azure.Security.KeyVault.Secrets\tests\SecretClientLiveTests.cs(382,13): error CS0103: The name 'Assert' does not exist in the current context
C:\gh\azure-sdk-for-net\sdk\keyvault\Azure.Security.KeyVault.Secrets\tests\SecretClientLiveTests.cs(382,32): error CS0246: The type or namespace name 'RequestFailedException' could not be found (are you missing a using directive or an assembly reference?)
C:\gh\azure-sdk-for-net\sdk\keyvault\Azure.Security.KeyVault.Secrets\tests\SecretClientLiveTests.cs(393,47): error CS0246: The type or namespace name 'Task<>' could not be found (are you missing a using directive or an assembly reference?)
C:\gh\azure-sdk-for-net\sdk\keyvault\Azure.Security.KeyVault.Secrets\tests\SecretClientLiveTests.cs(395,43): error CS0518: Predefined type 'System.String' is not defined or imported
C:\gh\azure-sdk-for-net\sdk\keyvault\Azure.Security.KeyVault.Secrets\tests\SecretClientLiveTests.cs(398,55): error CS0246: The type or namespace name 'AsyncPageable<>' could not be found (are you missing a using directive or an assembly reference?)
C:\gh\azure-sdk-for-net\sdk\keyvault\Azure.Security.KeyVault.Secrets\tests\SecretClientLiveTests.cs(402,76): error CS0518: Predefined type 'System.String' is not defined or imported
C:\gh\azure-sdk-for-net\sdk\keyvault\Azure.Security.KeyVault.Secrets\tests\SecretClientLiveTests.cs(402,98): error CS0518: Predefined type 'System.String' is not defined or imported
C:\gh\azure-sdk-for-net\sdk\keyvault\Azure.Security.KeyVault.Secrets\tests\SecretClientLiveTests.cs(415,47): error CS0246: The type or namespace name 'Task<>' could not be found (are you missing a using directive or an assembly reference?)
C:\gh\azure-sdk-for-net\sdk\keyvault\Azure.Security.KeyVault.Secrets\tests\SecretClientLiveTests.cs(419,55): error CS0518: Predefined type 'System.String' is not defined or imported
C:\gh\azure-sdk-for-net\sdk\keyvault\Azure.Security.KeyVault.Secrets\tests\SecretClientLiveTests.cs(421,55): error CS0246: The type or namespace name 'AsyncPageable<>' could not be found (are you missing a using directive or an assembly reference?)
C:\gh\azure-sdk-for-net\sdk\keyvault\Azure.Security.KeyVault.Secrets\tests\SecretClientLiveTests.cs(425,76): error CS0246: The type or namespace name 'Uri' could not be found (are you missing a using directive or an assembly reference?)
C:\gh\azure-sdk-for-net\sdk\keyvault\Azure.Security.KeyVault.Secrets\tests\SecretClientLiveTests.cs(425,96): error CS0246: The type or namespace name 'Uri' could not be found (are you missing a using directive or an assembly reference?)
C:\gh\azure-sdk-for-net\sdk\keyvault\Azure.Security.KeyVault.Secrets\tests\SecretClientLiveTests.cs(438,47): error CS0246: The type or namespace name 'Task<>' could not be found (are you missing a using directive or an assembly reference?)
C:\gh\azure-sdk-for-net\sdk\keyvault\Azure.Security.KeyVault.Secrets\tests\SecretClientLiveTests.cs(440,60): error CS0518: Predefined type 'System.String' is not defined or imported
C:\gh\azure-sdk-for-net\sdk\keyvault\Azure.Security.KeyVault.Secrets\tests\SecretClientLiveTests.cs(440,23): error CS0246: The type or namespace name 'Task<>' could not be found (are you missing a using directive or an assembly reference?)
C:\gh\azure-sdk-for-net\sdk\keyvault\Azure.Security.KeyVault.Secrets\tests\SecretClientLiveTests.cs(442,43): error CS0518: Predefined type 'System.String' is not defined or imported
C:\gh\azure-sdk-for-net\sdk\keyvault\Azure.Security.KeyVault.Secrets\tests\SecretClientLiveTests.cs(447,58): error CS0518: Predefined type 'System.String' is not defined or imported
C:\gh\azure-sdk-for-net\sdk\keyvault\Azure.Security.KeyVault.Secrets\tests\SecretClientLiveTests.cs(450,52): error CS0246: The type or namespace name 'AsyncPageable<>' could not be found (are you missing a using directive or an assembly reference?)
C:\gh\azure-sdk-for-net\sdk\keyvault\Azure.Security.KeyVault.Secrets\tests\SecretClientLiveTests.cs(454,74): error CS0518: Predefined type 'System.String' is not defined or imported
C:\gh\azure-sdk-for-net\sdk\keyvault\Azure.Security.KeyVault.Secrets\tests\SecretClientLiveTests.cs(454,96): error CS0518: Predefined type 'System.String' is not defined or imported
C:\gh\azure-sdk-for-net\sdk\keyvault\Azure.Security.KeyVault.Secrets\tests\samples\Sample2_BackupAndRestore.cs(9,1): hidden CS8019: Unnecessary using directive.
C:\gh\azure-sdk-for-net\sdk\keyvault\Azure.Security.KeyVault.Secrets\tests\ChallengeBasedAuthenticationPolicyTests.cs(14,1): hidden CS8019: Unnecessary using directive.
C:\gh\azure-sdk-for-net\sdk\keyvault\Azure.Security.KeyVault.Shared\tests\JsonStream.cs(7,1): hidden CS8019: Unnecessary using directive.
C:\gh\azure-sdk-for-net\sdk\keyvault\Azure.Security.KeyVault.Secrets\tests\samples\Sample1_HelloWorld.cs(5,1): hidden CS8019: Unnecessary using directive.
C:\gh\azure-sdk-for-net\sdk\keyvault\Azure.Security.KeyVault.Secrets\tests\ChallengeBasedAuthenticationPolicyTests.cs(13,1): hidden CS8019: Unnecessary using directive.
C:\gh\azure-sdk-for-net\artifacts\obj\Azure.Security.KeyVault.Secrets.Tests\Debug\net461\Azure.Security.KeyVault.Secrets.Tests.AssemblyInfo.cs(11,1): hidden CS8019: Unnecessary using directive.
C:\gh\azure-sdk-for-net\sdk\keyvault\Azure.Security.KeyVault.Shared\tests\TestExtensions.cs(6,1): hidden CS8019: Unnecessary using directive.
C:\gh\azure-sdk-for-net\sdk\keyvault\Azure.Security.KeyVault.Secrets\tests\ChallengeBasedAuthenticationPolicyTests.cs(6,1): hidden CS8019: Unnecessary using directive.
C:\gh\azure-sdk-for-net\sdk\keyvault\Azure.Security.KeyVault.Shared\tests\PremiumOnlyAttribute.cs(5,1): hidden CS8019: Unnecessary using directive.
C:\gh\azure-sdk-for-net\sdk\keyvault\Azure.Security.KeyVault.Shared\tests\PremiumOnlyAttribute.cs(7,1): hidden CS8019: Unnecessary using directive.
C:\gh\azure-sdk-for-net\sdk\keyvault\Azure.Security.KeyVault.Secrets\tests\samples\Sample1_HelloWorldAsync.cs(4,1): hidden CS8019: Unnecessary using directive.
C:\gh\azure-sdk-for-net\sdk\keyvault\Azure.Security.KeyVault.Secrets\tests\samples\Sample3_GetSecrets.cs(10,1): hidden CS8019: Unnecessary using directive.
C:\gh\azure-sdk-for-net\sdk\keyvault\Azure.Security.KeyVault.Secrets\tests\samples\Sample2_BackupAndRestoreAsync.cs(9,1): hidden CS8019: Unnecessary using directive.
C:\gh\azure-sdk-for-net\sdk\keyvault\Azure.Security.KeyVault.Shared\tests\TestExtensions.cs(7,1): hidden CS8019: Unnecessary using directive.
C:\gh\azure-sdk-for-net\sdk\keyvault\Azure.Security.KeyVault.Secrets\tests\SecretClientLiveTests.cs(11,1): hidden CS8019: Unnecessary using directive.
C:\gh\azure-sdk-for-net\sdk\keyvault\Azure.Security.KeyVault.Shared\tests\TestExtensions.cs(8,1): hidden CS8019: Unnecessary using directive.
C:\gh\azure-sdk-for-net\sdk\keyvault\Azure.Security.KeyVault.Shared\tests\KeyVaultTestEventListener.cs(6,1): hidden CS8019: Unnecessary using directive.
C:\gh\azure-sdk-for-net\sdk\keyvault\Azure.Security.KeyVault.Secrets\tests\SecretPropertiesTests.cs(5,1): hidden CS8019: Unnecessary using directive.
C:\gh\azure-sdk-for-net\sdk\keyvault\Azure.Security.KeyVault.Secrets\tests\SecretsTestBase.cs(10,1): hidden CS8019: Unnecessary using directive.
C:\gh\azure-sdk-for-net\sdk\keyvault\Azure.Security.KeyVault.Secrets\tests\SampleFixture.cs(6,1): hidden CS8019: Unnecessary using directive.
C:\gh\azure-sdk-for-net\sdk\keyvault\Azure.Security.KeyVault.Shared\tests\PremiumOnlyAttribute.cs(6,1): hidden CS8019: Unnecessary using directive.
C:\gh\azure-sdk-for-net\sdk\keyvault\Azure.Security.KeyVault.Secrets\tests\samples\Sample1_HelloWorldAsync.cs(9,1): hidden CS8019: Unnecessary using directive.
C:\gh\azure-sdk-for-net\sdk\keyvault\Azure.Security.KeyVault.Secrets\tests\samples\SampleSnippets.cs(5,1): hidden CS8019: Unnecessary using directive.
C:\gh\azure-sdk-for-net\artifacts\obj\Azure.Security.KeyVault.Secrets.Tests\Debug\net461\.NETFramework,Version=v4.6.1.AssemblyAttributes.cs(3,1): hidden CS8019: Unnecessary using directive.
C:\gh\azure-sdk-for-net\sdk\keyvault\Azure.Security.KeyVault.Secrets\tests\SecretClientLiveTests.cs(8,1): hidden CS8019: Unnecessary using directive.
C:\gh\azure-sdk-for-net\sdk\keyvault\Azure.Security.KeyVault.Secrets\tests\KeyVaultSecretIdentifierTests.cs(6,1): hidden CS8019: Unnecessary using directive.
C:\gh\azure-sdk-for-net\sdk\keyvault\Azure.Security.KeyVault.Secrets\tests\samples\Sample1_HelloWorldAsync.cs(5,1): hidden CS8019: Unnecessary using directive.
C:\gh\azure-sdk-for-net\sdk\keyvault\Azure.Security.KeyVault.Secrets\tests\samples\Sample3_GetSecretsAsync.cs(10,1): hidden CS8019: Unnecessary using directive.
C:\gh\azure-sdk-for-net\sdk\keyvault\Azure.Security.KeyVault.Secrets\tests\samples\Sample3_GetSecretsAsync.cs(4,1): hidden CS8019: Unnecessary using directive.
C:\gh\azure-sdk-for-net\sdk\keyvault\Azure.Security.KeyVault.Secrets\tests\samples\Sample2_BackupAndRestore.cs(4,1): hidden CS8019: Unnecessary using directive.
C:\gh\azure-sdk-for-net\sdk\keyvault\Azure.Security.KeyVault.Secrets\tests\samples\Sample3_GetSecrets.cs(4,1): hidden CS8019: Unnecessary using directive.
C:\gh\azure-sdk-for-net\sdk\keyvault\Azure.Security.KeyVault.Secrets\tests\samples\SampleSnippets.cs(6,1): hidden CS8019: Unnecessary using directive.
C:\gh\azure-sdk-for-net\sdk\keyvault\Azure.Security.KeyVault.Secrets\tests\samples\Sample2_BackupAndRestoreAsync.cs(4,1): hidden CS8019: Unnecessary using directive.
C:\gh\azure-sdk-for-net\artifacts\obj\Azure.Security.KeyVault.Secrets.Tests\Debug\net461\.NETFramework,Version=v4.6.1.AssemblyAttributes.cs(2,1): hidden CS8019: Unnecessary using directive.
C:\gh\azure-sdk-for-net\sdk\keyvault\Azure.Security.KeyVault.Secrets\tests\SecretClientTests.cs(6,1): hidden CS8019: Unnecessary using directive.
C:\gh\azure-sdk-for-net\sdk\keyvault\Azure.Security.KeyVault.Secrets\tests\ChallengeBasedAuthenticationPolicyTests.cs(18,1): hidden CS8019: Unnecessary using directive.
C:\gh\azure-sdk-for-net\sdk\keyvault\Azure.Security.KeyVault.Secrets\tests\samples\Sample1_HelloWorld.cs(9,1): hidden CS8019: Unnecessary using directive.
C:\gh\azure-sdk-for-net\sdk\keyvault\Azure.Security.KeyVault.Secrets\tests\samples\Sample3_GetSecretsAsync.cs(5,1): hidden CS8019: Unnecessary using directive.
C:\gh\azure-sdk-for-net\sdk\keyvault\Azure.Security.KeyVault.Secrets\tests\samples\Sample2_BackupAndRestore.cs(5,1): hidden CS8019: Unnecessary using directive.
C:\gh\azure-sdk-for-net\sdk\keyvault\Azure.Security.KeyVault.Secrets\tests\samples\Sample3_GetSecrets.cs(5,1): hidden CS8019: Unnecessary using directive.
C:\gh\azure-sdk-for-net\artifacts\obj\Azure.Security.KeyVault.Secrets.Tests\Debug\net461\Azure.Security.KeyVault.Secrets.Tests.AssemblyInfo.cs(12,1): hidden CS8019: Unnecessary using directive.
C:\gh\azure-sdk-for-net\sdk\keyvault\Azure.Security.KeyVault.Secrets\tests\samples\Sample1_HelloWorld.cs(4,1): hidden CS8019: Unnecessary using directive.
C:\gh\azure-sdk-for-net\sdk\keyvault\Azure.Security.KeyVault.Secrets\tests\samples\Sample2_BackupAndRestoreAsync.cs(5,1): hidden CS8019: Unnecessary using directive.
C:\gh\azure-sdk-for-net\sdk\keyvault\Azure.Security.KeyVault.Secrets\tests\SecretClientTests.cs(7,1): hidden CS8019: Unnecessary using directive.
C:\gh\azure-sdk-for-net\sdk\keyvault\Azure.Security.KeyVault.Secrets\tests\ChallengeBasedAuthenticationPolicyTests.cs(9,1): hidden CS8019: Unnecessary using directive.
C:\gh\azure-sdk-for-net\sdk\keyvault\Azure.Security.KeyVault.Secrets\tests\samples\SampleSnippets.cs(4,1): hidden CS8019: Unnecessary using directive.
