C:\gh\azure-sdk-for-net\sdk\datalake-store\Microsoft.Azure.Management.DataLake.Store\tests\ScenarioTests\FileSystemOperationTests.cs(1139,181): error CS0246: The type or namespace name 'FileType' could not be found (are you missing a using directive or an assembly reference?)
C:\gh\azure-sdk-for-net\sdk\datalake-store\Microsoft.Azure.Management.DataLake.Store\tests\ScenarioTests\FileSystemOperationTests.cs(1139,18): error CS0246: The type or namespace name 'FileStatusResult' could not be found (are you missing a using directive or an assembly reference?)
C:\gh\azure-sdk-for-net\sdk\datalake-store\Microsoft.Azure.Management.DataLake.Store\tests\ScenarioTests\FileSystemOperationTests.cs(1069,45): error CS0246: The type or namespace name 'AclStatusResult' could not be found (are you missing a using directive or an assembly reference?)
C:\gh\azure-sdk-for-net\sdk\datalake-store\Microsoft.Azure.Management.DataLake.Store\tests\ScenarioTests\FileSystemOperationTests.cs(1069,18): error CS0246: The type or namespace name 'AclStatusResult' could not be found (are you missing a using directive or an assembly reference?)
C:\gh\azure-sdk-for-net\sdk\datalake-store\Microsoft.Azure.Management.DataLake.Store\tests\TestHelpers\ClientManagementUtilities.cs(27,23): error CS0246: The type or namespace name 'ResourceManagementClient' could not be found (are you missing a using directive or an assembly reference?)
C:\gh\azure-sdk-for-net\sdk\datalake-store\Microsoft.Azure.Management.DataLake.Store\tests\TestHelpers\DataLakeStoreAndFileSystemManagementHelper.cs(21,27): error CS0246: The type or namespace name 'ResourceManagementClient' could not be found (are you missing a using directive or an assembly reference?)
C:\gh\azure-sdk-for-net\eng\mgmt\DisableTestRunParallel.cs(7,12): error CS0246: The type or namespace name 'CollectionBehaviorAttribute' could not be found (are you missing a using directive or an assembly reference?)
C:\gh\azure-sdk-for-net\eng\mgmt\DisableTestRunParallel.cs(7,12): error CS0246: The type or namespace name 'CollectionBehavior' could not be found (are you missing a using directive or an assembly reference?)
C:\gh\azure-sdk-for-net\eng\mgmt\DisableTestRunParallel.cs(7,31): error CS0246: The type or namespace name 'DisableTestParallelization' could not be found (are you missing a using directive or an assembly reference?)
C:\gh\azure-sdk-for-net\eng\mgmt\DisableTestRunParallel.cs(7,66): error CS0246: The type or namespace name 'MaxParallelThreads' could not be found (are you missing a using directive or an assembly reference?)
C:\gh\azure-sdk-for-net\sdk\datalake-store\Microsoft.Azure.Management.DataLake.Store\tests\DataTransferTests\AssertExtensions.cs(4,7): error CS0246: The type or namespace name 'Xunit' could not be found (are you missing a using directive or an assembly reference?)
C:\gh\azure-sdk-for-net\sdk\datalake-store\Microsoft.Azure.Management.DataLake.Store\tests\ScenarioTests\AccountOperationTests.cs(7,22): error CS0234: The type or namespace name 'Azure' does not exist in the namespace 'Microsoft.Rest' (are you missing an assembly reference?)
C:\gh\azure-sdk-for-net\sdk\datalake-store\Microsoft.Azure.Management.DataLake.Store\tests\ScenarioTests\AccountOperationTests.cs(13,7): error CS0246: The type or namespace name 'Xunit' could not be found (are you missing a using directive or an assembly reference?)
C:\gh\azure-sdk-for-net\sdk\datalake-store\Microsoft.Azure.Management.DataLake.Store\tests\ScenarioTests\FileSystemOperationTests.cs(10,22): error CS0234: The type or namespace name 'Azure' does not exist in the namespace 'Microsoft.Rest' (are you missing an assembly reference?)
C:\gh\azure-sdk-for-net\sdk\datalake-store\Microsoft.Azure.Management.DataLake.Store\tests\ScenarioTests\FileSystemOperationTests.cs(14,7): error CS0246: The type or namespace name 'Xunit' could not be found (are you missing a using directive or an assembly reference?)
C:\gh\azure-sdk-for-net\sdk\datalake-store\Microsoft.Azure.Management.DataLake.Store\tests\TestHelpers\ClientManagementUtilities.cs(4,34): error CS0234: The type or namespace name 'Resources' does not exist in the namespace 'Microsoft.Azure.Management' (are you missing an assembly reference?)
C:\gh\azure-sdk-for-net\sdk\datalake-store\Microsoft.Azure.Management.DataLake.Store\tests\TestHelpers\DataLakeStoreAndFileSystemManagementHelper.cs(5,34): error CS0234: The type or namespace name 'Resources' does not exist in the namespace 'Microsoft.Azure.Management' (are you missing an assembly reference?)
C:\gh\azure-sdk-for-net\sdk\datalake-store\Microsoft.Azure.Management.DataLake.Store\tests\TestHelpers\DataLakeStoreAndFileSystemManagementHelper.cs(6,34): error CS0234: The type or namespace name 'Resources' does not exist in the namespace 'Microsoft.Azure.Management' (are you missing an assembly reference?)
C:\gh\azure-sdk-for-net\sdk\datalake-store\Microsoft.Azure.Management.DataLake.Store\tests\TestHelpers\DataLakeStoreAndFileSystemManagementHelper.cs(15,7): error CS0246: The type or namespace name 'Xunit' could not be found (are you missing a using directive or an assembly reference?)
C:\gh\azure-sdk-for-net\eng\mgmt\DisableTestRunParallel.cs(5,7): error CS0246: The type or namespace name 'Xunit' could not be found (are you missing a using directive or an assembly reference?)
C:\gh\azure-sdk-for-net\sdk\datalake-store\Microsoft.Azure.Management.DataLake.Store\tests\DataTransferTests\DataLakeStoreClientTests.cs(14,11): error CS0246: The type or namespace name 'Xunit' could not be found (are you missing a using directive or an assembly reference?)
C:\gh\azure-sdk-for-net\sdk\datalake-store\Microsoft.Azure.Management.DataLake.Store\tests\DataTransferTests\MultipleSegmentUploaderTests.cs(11,11): error CS0246: The type or namespace name 'Xunit' could not be found (are you missing a using directive or an assembly reference?)
C:\gh\azure-sdk-for-net\sdk\datalake-store\Microsoft.Azure.Management.DataLake.Store\tests\DataTransferTests\SingleSegmentUploaderTests.cs(12,11): error CS0246: The type or namespace name 'Xunit' could not be found (are you missing a using directive or an assembly reference?)
C:\gh\azure-sdk-for-net\sdk\datalake-store\Microsoft.Azure.Management.DataLake.Store\tests\DataTransferTests\StringExtensionsTests.cs(11,11): error CS0246: The type or namespace name 'Xunit' could not be found (are you missing a using directive or an assembly reference?)
C:\gh\azure-sdk-for-net\sdk\datalake-store\Microsoft.Azure.Management.DataLake.Store\tests\DataTransferTests\TransferMetadataGeneratorTests.cs(13,11): error CS0246: The type or namespace name 'Xunit' could not be found (are you missing a using directive or an assembly reference?)
C:\gh\azure-sdk-for-net\sdk\datalake-store\Microsoft.Azure.Management.DataLake.Store\tests\DataTransferTests\TransferSegmentMetadataTests.cs(9,11): error CS0246: The type or namespace name 'Xunit' could not be found (are you missing a using directive or an assembly reference?)
C:\gh\azure-sdk-for-net\sdk\datalake-store\Microsoft.Azure.Management.DataLake.Store\tests\DataTransferTests\DataLakeStoreClientTests.cs(68,10): error CS0246: The type or namespace name 'FactAttribute' could not be found (are you missing a using directive or an assembly reference?)
C:\gh\azure-sdk-for-net\sdk\datalake-store\Microsoft.Azure.Management.DataLake.Store\tests\DataTransferTests\DataLakeStoreClientTests.cs(68,10): error CS0246: The type or namespace name 'Fact' could not be found (are you missing a using directive or an assembly reference?)
C:\gh\azure-sdk-for-net\sdk\datalake-store\Microsoft.Azure.Management.DataLake.Store\tests\DataTransferTests\DataLakeStoreClientTests.cs(107,10): error CS0246: The type or namespace name 'FactAttribute' could not be found (are you missing a using directive or an assembly reference?)
C:\gh\azure-sdk-for-net\sdk\datalake-store\Microsoft.Azure.Management.DataLake.Store\tests\DataTransferTests\DataLakeStoreClientTests.cs(107,10): error CS0246: The type or namespace name 'Fact' could not be found (are you missing a using directive or an assembly reference?)
C:\gh\azure-sdk-for-net\sdk\datalake-store\Microsoft.Azure.Management.DataLake.Store\tests\DataTransferTests\MultipleSegmentUploaderTests.cs(61,10): error CS0246: The type or namespace name 'FactAttribute' could not be found (are you missing a using directive or an assembly reference?)
C:\gh\azure-sdk-for-net\sdk\datalake-store\Microsoft.Azure.Management.DataLake.Store\tests\DataTransferTests\MultipleSegmentUploaderTests.cs(61,10): error CS0246: The type or namespace name 'Fact' could not be found (are you missing a using directive or an assembly reference?)
C:\gh\azure-sdk-for-net\sdk\datalake-store\Microsoft.Azure.Management.DataLake.Store\tests\DataTransferTests\DataLakeStoreClientTests.cs(157,10): error CS0246: The type or namespace name 'FactAttribute' could not be found (are you missing a using directive or an assembly reference?)
C:\gh\azure-sdk-for-net\sdk\datalake-store\Microsoft.Azure.Management.DataLake.Store\tests\DataTransferTests\DataLakeStoreClientTests.cs(157,10): error CS0246: The type or namespace name 'Fact' could not be found (are you missing a using directive or an assembly reference?)
C:\gh\azure-sdk-for-net\sdk\datalake-store\Microsoft.Azure.Management.DataLake.Store\tests\DataTransferTests\DataLakeStoreClientTests.cs(157,15): error CS0246: The type or namespace name 'Skip' could not be found (are you missing a using directive or an assembly reference?)
C:\gh\azure-sdk-for-net\sdk\datalake-store\Microsoft.Azure.Management.DataLake.Store\tests\DataTransferTests\MultipleSegmentUploaderTests.cs(82,10): error CS0246: The type or namespace name 'FactAttribute' could not be found (are you missing a using directive or an assembly reference?)
C:\gh\azure-sdk-for-net\sdk\datalake-store\Microsoft.Azure.Management.DataLake.Store\tests\DataTransferTests\MultipleSegmentUploaderTests.cs(82,10): error CS0246: The type or namespace name 'Fact' could not be found (are you missing a using directive or an assembly reference?)
C:\gh\azure-sdk-for-net\sdk\datalake-store\Microsoft.Azure.Management.DataLake.Store\tests\DataTransferTests\DataLakeStoreClientTests.cs(202,10): error CS0246: The type or namespace name 'FactAttribute' could not be found (are you missing a using directive or an assembly reference?)
C:\gh\azure-sdk-for-net\sdk\datalake-store\Microsoft.Azure.Management.DataLake.Store\tests\DataTransferTests\DataLakeStoreClientTests.cs(202,10): error CS0246: The type or namespace name 'Fact' could not be found (are you missing a using directive or an assembly reference?)
C:\gh\azure-sdk-for-net\sdk\datalake-store\Microsoft.Azure.Management.DataLake.Store\tests\DataTransferTests\DataLakeStoreClientTests.cs(202,15): error CS0246: The type or namespace name 'Skip' could not be found (are you missing a using directive or an assembly reference?)
C:\gh\azure-sdk-for-net\sdk\datalake-store\Microsoft.Azure.Management.DataLake.Store\tests\DataTransferTests\MultipleSegmentUploaderTests.cs(103,10): error CS0246: The type or namespace name 'FactAttribute' could not be found (are you missing a using directive or an assembly reference?)
C:\gh\azure-sdk-for-net\sdk\datalake-store\Microsoft.Azure.Management.DataLake.Store\tests\DataTransferTests\MultipleSegmentUploaderTests.cs(103,10): error CS0246: The type or namespace name 'Fact' could not be found (are you missing a using directive or an assembly reference?)
C:\gh\azure-sdk-for-net\sdk\datalake-store\Microsoft.Azure.Management.DataLake.Store\tests\DataTransferTests\MultipleSegmentUploaderTests.cs(125,10): error CS0246: The type or namespace name 'FactAttribute' could not be found (are you missing a using directive or an assembly reference?)
C:\gh\azure-sdk-for-net\sdk\datalake-store\Microsoft.Azure.Management.DataLake.Store\tests\DataTransferTests\MultipleSegmentUploaderTests.cs(125,10): error CS0246: The type or namespace name 'Fact' could not be found (are you missing a using directive or an assembly reference?)
C:\gh\azure-sdk-for-net\sdk\datalake-store\Microsoft.Azure.Management.DataLake.Store\tests\DataTransferTests\DataLakeStoreClientTests.cs(269,10): error CS0246: The type or namespace name 'FactAttribute' could not be found (are you missing a using directive or an assembly reference?)
C:\gh\azure-sdk-for-net\sdk\datalake-store\Microsoft.Azure.Management.DataLake.Store\tests\DataTransferTests\DataLakeStoreClientTests.cs(269,10): error CS0246: The type or namespace name 'Fact' could not be found (are you missing a using directive or an assembly reference?)
C:\gh\azure-sdk-for-net\sdk\datalake-store\Microsoft.Azure.Management.DataLake.Store\tests\DataTransferTests\SingleSegmentUploaderTests.cs(79,10): error CS0246: The type or namespace name 'FactAttribute' could not be found (are you missing a using directive or an assembly reference?)
C:\gh\azure-sdk-for-net\sdk\datalake-store\Microsoft.Azure.Management.DataLake.Store\tests\DataTransferTests\SingleSegmentUploaderTests.cs(79,10): error CS0246: The type or namespace name 'Fact' could not be found (are you missing a using directive or an assembly reference?)
C:\gh\azure-sdk-for-net\sdk\datalake-store\Microsoft.Azure.Management.DataLake.Store\tests\DataTransferTests\MultipleSegmentUploaderTests.cs(167,10): error CS0246: The type or namespace name 'FactAttribute' could not be found (are you missing a using directive or an assembly reference?)
C:\gh\azure-sdk-for-net\sdk\datalake-store\Microsoft.Azure.Management.DataLake.Store\tests\DataTransferTests\MultipleSegmentUploaderTests.cs(167,10): error CS0246: The type or namespace name 'Fact' could not be found (are you missing a using directive or an assembly reference?)
C:\gh\azure-sdk-for-net\sdk\datalake-store\Microsoft.Azure.Management.DataLake.Store\tests\DataTransferTests\SingleSegmentUploaderTests.cs(98,10): error CS0246: The type or namespace name 'FactAttribute' could not be found (are you missing a using directive or an assembly reference?)
C:\gh\azure-sdk-for-net\sdk\datalake-store\Microsoft.Azure.Management.DataLake.Store\tests\DataTransferTests\SingleSegmentUploaderTests.cs(98,10): error CS0246: The type or namespace name 'Fact' could not be found (are you missing a using directive or an assembly reference?)
C:\gh\azure-sdk-for-net\sdk\datalake-store\Microsoft.Azure.Management.DataLake.Store\tests\DataTransferTests\DataLakeStoreClientTests.cs(326,10): error CS0246: The type or namespace name 'FactAttribute' could not be found (are you missing a using directive or an assembly reference?)
C:\gh\azure-sdk-for-net\sdk\datalake-store\Microsoft.Azure.Management.DataLake.Store\tests\DataTransferTests\DataLakeStoreClientTests.cs(326,10): error CS0246: The type or namespace name 'Fact' could not be found (are you missing a using directive or an assembly reference?)
C:\gh\azure-sdk-for-net\sdk\datalake-store\Microsoft.Azure.Management.DataLake.Store\tests\DataTransferTests\SingleSegmentUploaderTests.cs(117,10): error CS0246: The type or namespace name 'FactAttribute' could not be found (are you missing a using directive or an assembly reference?)
C:\gh\azure-sdk-for-net\sdk\datalake-store\Microsoft.Azure.Management.DataLake.Store\tests\DataTransferTests\SingleSegmentUploaderTests.cs(117,10): error CS0246: The type or namespace name 'Fact' could not be found (are you missing a using directive or an assembly reference?)
C:\gh\azure-sdk-for-net\sdk\datalake-store\Microsoft.Azure.Management.DataLake.Store\tests\DataTransferTests\DataLakeStoreClientTests.cs(391,10): error CS0246: The type or namespace name 'FactAttribute' could not be found (are you missing a using directive or an assembly reference?)
C:\gh\azure-sdk-for-net\sdk\datalake-store\Microsoft.Azure.Management.DataLake.Store\tests\DataTransferTests\DataLakeStoreClientTests.cs(391,10): error CS0246: The type or namespace name 'Fact' could not be found (are you missing a using directive or an assembly reference?)
C:\gh\azure-sdk-for-net\sdk\datalake-store\Microsoft.Azure.Management.DataLake.Store\tests\DataTransferTests\TransferMetadataGeneratorTests.cs(28,10): error CS0246: The type or namespace name 'FactAttribute' could not be found (are you missing a using directive or an assembly reference?)
C:\gh\azure-sdk-for-net\sdk\datalake-store\Microsoft.Azure.Management.DataLake.Store\tests\DataTransferTests\TransferMetadataGeneratorTests.cs(28,10): error CS0246: The type or namespace name 'Fact' could not be found (are you missing a using directive or an assembly reference?)
C:\gh\azure-sdk-for-net\sdk\datalake-store\Microsoft.Azure.Management.DataLake.Store\tests\DataTransferTests\StringExtensionsTests.cs(138,10): error CS0246: The type or namespace name 'FactAttribute' could not be found (are you missing a using directive or an assembly reference?)
C:\gh\azure-sdk-for-net\sdk\datalake-store\Microsoft.Azure.Management.DataLake.Store\tests\DataTransferTests\StringExtensionsTests.cs(138,10): error CS0246: The type or namespace name 'Fact' could not be found (are you missing a using directive or an assembly reference?)
C:\gh\azure-sdk-for-net\sdk\datalake-store\Microsoft.Azure.Management.DataLake.Store\tests\DataTransferTests\SingleSegmentUploaderTests.cs(140,10): error CS0246: The type or namespace name 'FactAttribute' could not be found (are you missing a using directive or an assembly reference?)
C:\gh\azure-sdk-for-net\sdk\datalake-store\Microsoft.Azure.Management.DataLake.Store\tests\DataTransferTests\SingleSegmentUploaderTests.cs(140,10): error CS0246: The type or namespace name 'Fact' could not be found (are you missing a using directive or an assembly reference?)
C:\gh\azure-sdk-for-net\sdk\datalake-store\Microsoft.Azure.Management.DataLake.Store\tests\DataTransferTests\DataLakeStoreClientTests.cs(436,10): error CS0246: The type or namespace name 'FactAttribute' could not be found (are you missing a using directive or an assembly reference?)
C:\gh\azure-sdk-for-net\sdk\datalake-store\Microsoft.Azure.Management.DataLake.Store\tests\DataTransferTests\DataLakeStoreClientTests.cs(436,10): error CS0246: The type or namespace name 'Fact' could not be found (are you missing a using directive or an assembly reference?)
C:\gh\azure-sdk-for-net\sdk\datalake-store\Microsoft.Azure.Management.DataLake.Store\tests\DataTransferTests\TransferMetadataGeneratorTests.cs(71,10): error CS0246: The type or namespace name 'FactAttribute' could not be found (are you missing a using directive or an assembly reference?)
C:\gh\azure-sdk-for-net\sdk\datalake-store\Microsoft.Azure.Management.DataLake.Store\tests\DataTransferTests\TransferMetadataGeneratorTests.cs(71,10): error CS0246: The type or namespace name 'Fact' could not be found (are you missing a using directive or an assembly reference?)
C:\gh\azure-sdk-for-net\sdk\datalake-store\Microsoft.Azure.Management.DataLake.Store\tests\DataTransferTests\StringExtensionsTests.cs(180,10): error CS0246: The type or namespace name 'FactAttribute' could not be found (are you missing a using directive or an assembly reference?)
C:\gh\azure-sdk-for-net\sdk\datalake-store\Microsoft.Azure.Management.DataLake.Store\tests\DataTransferTests\StringExtensionsTests.cs(180,10): error CS0246: The type or namespace name 'Fact' could not be found (are you missing a using directive or an assembly reference?)
C:\gh\azure-sdk-for-net\sdk\datalake-store\Microsoft.Azure.Management.DataLake.Store\tests\DataTransferTests\SingleSegmentUploaderTests.cs(163,10): error CS0246: The type or namespace name 'FactAttribute' could not be found (are you missing a using directive or an assembly reference?)
C:\gh\azure-sdk-for-net\sdk\datalake-store\Microsoft.Azure.Management.DataLake.Store\tests\DataTransferTests\SingleSegmentUploaderTests.cs(163,10): error CS0246: The type or namespace name 'Fact' could not be found (are you missing a using directive or an assembly reference?)
C:\gh\azure-sdk-for-net\sdk\datalake-store\Microsoft.Azure.Management.DataLake.Store\tests\DataTransferTests\StringExtensionsTests.cs(222,10): error CS0246: The type or namespace name 'FactAttribute' could not be found (are you missing a using directive or an assembly reference?)
C:\gh\azure-sdk-for-net\sdk\datalake-store\Microsoft.Azure.Management.DataLake.Store\tests\DataTransferTests\StringExtensionsTests.cs(222,10): error CS0246: The type or namespace name 'Fact' could not be found (are you missing a using directive or an assembly reference?)
C:\gh\azure-sdk-for-net\sdk\datalake-store\Microsoft.Azure.Management.DataLake.Store\tests\DataTransferTests\DataLakeStoreClientTests.cs(518,10): error CS0246: The type or namespace name 'FactAttribute' could not be found (are you missing a using directive or an assembly reference?)
C:\gh\azure-sdk-for-net\sdk\datalake-store\Microsoft.Azure.Management.DataLake.Store\tests\DataTransferTests\DataLakeStoreClientTests.cs(518,10): error CS0246: The type or namespace name 'Fact' could not be found (are you missing a using directive or an assembly reference?)
C:\gh\azure-sdk-for-net\sdk\datalake-store\Microsoft.Azure.Management.DataLake.Store\tests\DataTransferTests\TransferSegmentMetadataTests.cs(25,10): error CS0246: The type or namespace name 'FactAttribute' could not be found (are you missing a using directive or an assembly reference?)
C:\gh\azure-sdk-for-net\sdk\datalake-store\Microsoft.Azure.Management.DataLake.Store\tests\DataTransferTests\TransferSegmentMetadataTests.cs(25,10): error CS0246: The type or namespace name 'Fact' could not be found (are you missing a using directive or an assembly reference?)
C:\gh\azure-sdk-for-net\sdk\datalake-store\Microsoft.Azure.Management.DataLake.Store\tests\DataTransferTests\SingleSegmentUploaderTests.cs(188,10): error CS0246: The type or namespace name 'FactAttribute' could not be found (are you missing a using directive or an assembly reference?)
C:\gh\azure-sdk-for-net\sdk\datalake-store\Microsoft.Azure.Management.DataLake.Store\tests\DataTransferTests\SingleSegmentUploaderTests.cs(188,10): error CS0246: The type or namespace name 'Fact' could not be found (are you missing a using directive or an assembly reference?)
C:\gh\azure-sdk-for-net\sdk\datalake-store\Microsoft.Azure.Management.DataLake.Store\tests\DataTransferTests\StringExtensionsTests.cs(264,10): error CS0246: The type or namespace name 'FactAttribute' could not be found (are you missing a using directive or an assembly reference?)
C:\gh\azure-sdk-for-net\sdk\datalake-store\Microsoft.Azure.Management.DataLake.Store\tests\DataTransferTests\StringExtensionsTests.cs(264,10): error CS0246: The type or namespace name 'Fact' could not be found (are you missing a using directive or an assembly reference?)
C:\gh\azure-sdk-for-net\sdk\datalake-store\Microsoft.Azure.Management.DataLake.Store\tests\DataTransferTests\TransferSegmentMetadataTests.cs(46,10): error CS0246: The type or namespace name 'FactAttribute' could not be found (are you missing a using directive or an assembly reference?)
C:\gh\azure-sdk-for-net\sdk\datalake-store\Microsoft.Azure.Management.DataLake.Store\tests\DataTransferTests\TransferSegmentMetadataTests.cs(46,10): error CS0246: The type or namespace name 'Fact' could not be found (are you missing a using directive or an assembly reference?)
C:\gh\azure-sdk-for-net\sdk\datalake-store\Microsoft.Azure.Management.DataLake.Store\tests\DataTransferTests\TransferSegmentMetadataTests.cs(79,10): error CS0246: The type or namespace name 'FactAttribute' could not be found (are you missing a using directive or an assembly reference?)
C:\gh\azure-sdk-for-net\sdk\datalake-store\Microsoft.Azure.Management.DataLake.Store\tests\DataTransferTests\TransferSegmentMetadataTests.cs(79,10): error CS0246: The type or namespace name 'Fact' could not be found (are you missing a using directive or an assembly reference?)
C:\gh\azure-sdk-for-net\sdk\datalake-store\Microsoft.Azure.Management.DataLake.Store\tests\DataTransferTests\SingleSegmentUploaderTests.cs(222,10): error CS0246: The type or namespace name 'FactAttribute' could not be found (are you missing a using directive or an assembly reference?)
C:\gh\azure-sdk-for-net\sdk\datalake-store\Microsoft.Azure.Management.DataLake.Store\tests\DataTransferTests\SingleSegmentUploaderTests.cs(222,10): error CS0246: The type or namespace name 'Fact' could not be found (are you missing a using directive or an assembly reference?)
C:\gh\azure-sdk-for-net\sdk\datalake-store\Microsoft.Azure.Management.DataLake.Store\tests\DataTransferTests\StringExtensionsTests.cs(306,10): error CS0246: The type or namespace name 'FactAttribute' could not be found (are you missing a using directive or an assembly reference?)
C:\gh\azure-sdk-for-net\sdk\datalake-store\Microsoft.Azure.Management.DataLake.Store\tests\DataTransferTests\StringExtensionsTests.cs(306,10): error CS0246: The type or namespace name 'Fact' could not be found (are you missing a using directive or an assembly reference?)
C:\gh\azure-sdk-for-net\sdk\datalake-store\Microsoft.Azure.Management.DataLake.Store\tests\ScenarioTests\AccountOperationTests.cs(20,10): error CS0246: The type or namespace name 'FactAttribute' could not be found (are you missing a using directive or an assembly reference?)
C:\gh\azure-sdk-for-net\sdk\datalake-store\Microsoft.Azure.Management.DataLake.Store\tests\ScenarioTests\AccountOperationTests.cs(20,10): error CS0246: The type or namespace name 'Fact' could not be found (are you missing a using directive or an assembly reference?)
C:\gh\azure-sdk-for-net\sdk\datalake-store\Microsoft.Azure.Management.DataLake.Store\tests\DataTransferTests\StringExtensionsTests.cs(348,10): error CS0246: The type or namespace name 'FactAttribute' could not be found (are you missing a using directive or an assembly reference?)
C:\gh\azure-sdk-for-net\sdk\datalake-store\Microsoft.Azure.Management.DataLake.Store\tests\DataTransferTests\StringExtensionsTests.cs(348,10): error CS0246: The type or namespace name 'Fact' could not be found (are you missing a using directive or an assembly reference?)
C:\gh\azure-sdk-for-net\sdk\datalake-store\Microsoft.Azure.Management.DataLake.Store\tests\DataTransferTests\SingleSegmentUploaderTests.cs(238,10): error CS0246: The type or namespace name 'FactAttribute' could not be found (are you missing a using directive or an assembly reference?)
C:\gh\azure-sdk-for-net\sdk\datalake-store\Microsoft.Azure.Management.DataLake.Store\tests\DataTransferTests\SingleSegmentUploaderTests.cs(238,10): error CS0246: The type or namespace name 'Fact' could not be found (are you missing a using directive or an assembly reference?)
C:\gh\azure-sdk-for-net\sdk\datalake-store\Microsoft.Azure.Management.DataLake.Store\tests\ScenarioTests\AccountOperationTests.cs(228,10): error CS0246: The type or namespace name 'FactAttribute' could not be found (are you missing a using directive or an assembly reference?)
C:\gh\azure-sdk-for-net\sdk\datalake-store\Microsoft.Azure.Management.DataLake.Store\tests\ScenarioTests\AccountOperationTests.cs(228,10): error CS0246: The type or namespace name 'Fact' could not be found (are you missing a using directive or an assembly reference?)
C:\gh\azure-sdk-for-net\sdk\datalake-store\Microsoft.Azure.Management.DataLake.Store\tests\ScenarioTests\AccountOperationTests.cs(453,10): error CS0246: The type or namespace name 'FactAttribute' could not be found (are you missing a using directive or an assembly reference?)
C:\gh\azure-sdk-for-net\sdk\datalake-store\Microsoft.Azure.Management.DataLake.Store\tests\ScenarioTests\AccountOperationTests.cs(453,10): error CS0246: The type or namespace name 'Fact' could not be found (are you missing a using directive or an assembly reference?)
C:\gh\azure-sdk-for-net\sdk\datalake-store\Microsoft.Azure.Management.DataLake.Store\tests\ScenarioTests\FileSystemOperationTests.cs(39,10): error CS0246: The type or namespace name 'FactAttribute' could not be found (are you missing a using directive or an assembly reference?)
C:\gh\azure-sdk-for-net\sdk\datalake-store\Microsoft.Azure.Management.DataLake.Store\tests\ScenarioTests\FileSystemOperationTests.cs(39,10): error CS0246: The type or namespace name 'Fact' could not be found (are you missing a using directive or an assembly reference?)
C:\gh\azure-sdk-for-net\sdk\datalake-store\Microsoft.Azure.Management.DataLake.Store\tests\ScenarioTests\FileSystemOperationTests.cs(52,10): error CS0246: The type or namespace name 'FactAttribute' could not be found (are you missing a using directive or an assembly reference?)
C:\gh\azure-sdk-for-net\sdk\datalake-store\Microsoft.Azure.Management.DataLake.Store\tests\ScenarioTests\FileSystemOperationTests.cs(52,10): error CS0246: The type or namespace name 'Fact' could not be found (are you missing a using directive or an assembly reference?)
C:\gh\azure-sdk-for-net\sdk\datalake-store\Microsoft.Azure.Management.DataLake.Store\tests\ScenarioTests\FileSystemOperationTests.cs(67,10): error CS0246: The type or namespace name 'FactAttribute' could not be found (are you missing a using directive or an assembly reference?)
C:\gh\azure-sdk-for-net\sdk\datalake-store\Microsoft.Azure.Management.DataLake.Store\tests\ScenarioTests\FileSystemOperationTests.cs(67,10): error CS0246: The type or namespace name 'Fact' could not be found (are you missing a using directive or an assembly reference?)
C:\gh\azure-sdk-for-net\sdk\datalake-store\Microsoft.Azure.Management.DataLake.Store\tests\ScenarioTests\FileSystemOperationTests.cs(111,10): error CS0246: The type or namespace name 'FactAttribute' could not be found (are you missing a using directive or an assembly reference?)
C:\gh\azure-sdk-for-net\sdk\datalake-store\Microsoft.Azure.Management.DataLake.Store\tests\ScenarioTests\FileSystemOperationTests.cs(111,10): error CS0246: The type or namespace name 'Fact' could not be found (are you missing a using directive or an assembly reference?)
C:\gh\azure-sdk-for-net\sdk\datalake-store\Microsoft.Azure.Management.DataLake.Store\tests\ScenarioTests\FileSystemOperationTests.cs(143,10): error CS0246: The type or namespace name 'FactAttribute' could not be found (are you missing a using directive or an assembly reference?)
C:\gh\azure-sdk-for-net\sdk\datalake-store\Microsoft.Azure.Management.DataLake.Store\tests\ScenarioTests\FileSystemOperationTests.cs(143,10): error CS0246: The type or namespace name 'Fact' could not be found (are you missing a using directive or an assembly reference?)
C:\gh\azure-sdk-for-net\sdk\datalake-store\Microsoft.Azure.Management.DataLake.Store\tests\ScenarioTests\FileSystemOperationTests.cs(170,10): error CS0246: The type or namespace name 'FactAttribute' could not be found (are you missing a using directive or an assembly reference?)
C:\gh\azure-sdk-for-net\sdk\datalake-store\Microsoft.Azure.Management.DataLake.Store\tests\ScenarioTests\FileSystemOperationTests.cs(170,10): error CS0246: The type or namespace name 'Fact' could not be found (are you missing a using directive or an assembly reference?)
C:\gh\azure-sdk-for-net\sdk\datalake-store\Microsoft.Azure.Management.DataLake.Store\tests\ScenarioTests\FileSystemOperationTests.cs(191,10): error CS0246: The type or namespace name 'FactAttribute' could not be found (are you missing a using directive or an assembly reference?)
C:\gh\azure-sdk-for-net\sdk\datalake-store\Microsoft.Azure.Management.DataLake.Store\tests\ScenarioTests\FileSystemOperationTests.cs(191,10): error CS0246: The type or namespace name 'Fact' could not be found (are you missing a using directive or an assembly reference?)
C:\gh\azure-sdk-for-net\sdk\datalake-store\Microsoft.Azure.Management.DataLake.Store\tests\ScenarioTests\FileSystemOperationTests.cs(191,15): error CS0246: The type or namespace name 'Skip' could not be found (are you missing a using directive or an assembly reference?)
C:\gh\azure-sdk-for-net\sdk\datalake-store\Microsoft.Azure.Management.DataLake.Store\tests\ScenarioTests\FileSystemOperationTests.cs(212,10): error CS0246: The type or namespace name 'FactAttribute' could not be found (are you missing a using directive or an assembly reference?)
C:\gh\azure-sdk-for-net\sdk\datalake-store\Microsoft.Azure.Management.DataLake.Store\tests\ScenarioTests\FileSystemOperationTests.cs(212,10): error CS0246: The type or namespace name 'Fact' could not be found (are you missing a using directive or an assembly reference?)
C:\gh\azure-sdk-for-net\sdk\datalake-store\Microsoft.Azure.Management.DataLake.Store\tests\ScenarioTests\FileSystemOperationTests.cs(227,10): error CS0246: The type or namespace name 'FactAttribute' could not be found (are you missing a using directive or an assembly reference?)
C:\gh\azure-sdk-for-net\sdk\datalake-store\Microsoft.Azure.Management.DataLake.Store\tests\ScenarioTests\FileSystemOperationTests.cs(227,10): error CS0246: The type or namespace name 'Fact' could not be found (are you missing a using directive or an assembly reference?)
C:\gh\azure-sdk-for-net\sdk\datalake-store\Microsoft.Azure.Management.DataLake.Store\tests\ScenarioTests\FileSystemOperationTests.cs(243,10): error CS0246: The type or namespace name 'FactAttribute' could not be found (are you missing a using directive or an assembly reference?)
C:\gh\azure-sdk-for-net\sdk\datalake-store\Microsoft.Azure.Management.DataLake.Store\tests\ScenarioTests\FileSystemOperationTests.cs(243,10): error CS0246: The type or namespace name 'Fact' could not be found (are you missing a using directive or an assembly reference?)
C:\gh\azure-sdk-for-net\sdk\datalake-store\Microsoft.Azure.Management.DataLake.Store\tests\ScenarioTests\FileSystemOperationTests.cs(268,10): error CS0246: The type or namespace name 'FactAttribute' could not be found (are you missing a using directive or an assembly reference?)
C:\gh\azure-sdk-for-net\sdk\datalake-store\Microsoft.Azure.Management.DataLake.Store\tests\ScenarioTests\FileSystemOperationTests.cs(268,10): error CS0246: The type or namespace name 'Fact' could not be found (are you missing a using directive or an assembly reference?)
C:\gh\azure-sdk-for-net\sdk\datalake-store\Microsoft.Azure.Management.DataLake.Store\tests\ScenarioTests\FileSystemOperationTests.cs(286,10): error CS0246: The type or namespace name 'FactAttribute' could not be found (are you missing a using directive or an assembly reference?)
C:\gh\azure-sdk-for-net\sdk\datalake-store\Microsoft.Azure.Management.DataLake.Store\tests\ScenarioTests\FileSystemOperationTests.cs(286,10): error CS0246: The type or namespace name 'Fact' could not be found (are you missing a using directive or an assembly reference?)
C:\gh\azure-sdk-for-net\sdk\datalake-store\Microsoft.Azure.Management.DataLake.Store\tests\ScenarioTests\FileSystemOperationTests.cs(332,10): error CS0246: The type or namespace name 'FactAttribute' could not be found (are you missing a using directive or an assembly reference?)
C:\gh\azure-sdk-for-net\sdk\datalake-store\Microsoft.Azure.Management.DataLake.Store\tests\ScenarioTests\FileSystemOperationTests.cs(332,10): error CS0246: The type or namespace name 'Fact' could not be found (are you missing a using directive or an assembly reference?)
C:\gh\azure-sdk-for-net\sdk\datalake-store\Microsoft.Azure.Management.DataLake.Store\tests\ScenarioTests\FileSystemOperationTests.cs(354,10): error CS0246: The type or namespace name 'FactAttribute' could not be found (are you missing a using directive or an assembly reference?)
C:\gh\azure-sdk-for-net\sdk\datalake-store\Microsoft.Azure.Management.DataLake.Store\tests\ScenarioTests\FileSystemOperationTests.cs(354,10): error CS0246: The type or namespace name 'Fact' could not be found (are you missing a using directive or an assembly reference?)
C:\gh\azure-sdk-for-net\sdk\datalake-store\Microsoft.Azure.Management.DataLake.Store\tests\ScenarioTests\FileSystemOperationTests.cs(376,10): error CS0246: The type or namespace name 'FactAttribute' could not be found (are you missing a using directive or an assembly reference?)
C:\gh\azure-sdk-for-net\sdk\datalake-store\Microsoft.Azure.Management.DataLake.Store\tests\ScenarioTests\FileSystemOperationTests.cs(376,10): error CS0246: The type or namespace name 'Fact' could not be found (are you missing a using directive or an assembly reference?)
C:\gh\azure-sdk-for-net\sdk\datalake-store\Microsoft.Azure.Management.DataLake.Store\tests\ScenarioTests\FileSystemOperationTests.cs(403,10): error CS0246: The type or namespace name 'FactAttribute' could not be found (are you missing a using directive or an assembly reference?)
C:\gh\azure-sdk-for-net\sdk\datalake-store\Microsoft.Azure.Management.DataLake.Store\tests\ScenarioTests\FileSystemOperationTests.cs(403,10): error CS0246: The type or namespace name 'Fact' could not be found (are you missing a using directive or an assembly reference?)
C:\gh\azure-sdk-for-net\sdk\datalake-store\Microsoft.Azure.Management.DataLake.Store\tests\ScenarioTests\FileSystemOperationTests.cs(428,10): error CS0246: The type or namespace name 'FactAttribute' could not be found (are you missing a using directive or an assembly reference?)
C:\gh\azure-sdk-for-net\sdk\datalake-store\Microsoft.Azure.Management.DataLake.Store\tests\ScenarioTests\FileSystemOperationTests.cs(428,10): error CS0246: The type or namespace name 'Fact' could not be found (are you missing a using directive or an assembly reference?)
C:\gh\azure-sdk-for-net\sdk\datalake-store\Microsoft.Azure.Management.DataLake.Store\tests\ScenarioTests\FileSystemOperationTests.cs(463,10): error CS0246: The type or namespace name 'FactAttribute' could not be found (are you missing a using directive or an assembly reference?)
C:\gh\azure-sdk-for-net\sdk\datalake-store\Microsoft.Azure.Management.DataLake.Store\tests\ScenarioTests\FileSystemOperationTests.cs(463,10): error CS0246: The type or namespace name 'Fact' could not be found (are you missing a using directive or an assembly reference?)
C:\gh\azure-sdk-for-net\sdk\datalake-store\Microsoft.Azure.Management.DataLake.Store\tests\ScenarioTests\FileSystemOperationTests.cs(486,10): error CS0246: The type or namespace name 'FactAttribute' could not be found (are you missing a using directive or an assembly reference?)
C:\gh\azure-sdk-for-net\sdk\datalake-store\Microsoft.Azure.Management.DataLake.Store\tests\ScenarioTests\FileSystemOperationTests.cs(486,10): error CS0246: The type or namespace name 'Fact' could not be found (are you missing a using directive or an assembly reference?)
C:\gh\azure-sdk-for-net\sdk\datalake-store\Microsoft.Azure.Management.DataLake.Store\tests\ScenarioTests\FileSystemOperationTests.cs(528,10): error CS0246: The type or namespace name 'FactAttribute' could not be found (are you missing a using directive or an assembly reference?)
C:\gh\azure-sdk-for-net\sdk\datalake-store\Microsoft.Azure.Management.DataLake.Store\tests\ScenarioTests\FileSystemOperationTests.cs(528,10): error CS0246: The type or namespace name 'Fact' could not be found (are you missing a using directive or an assembly reference?)
C:\gh\azure-sdk-for-net\sdk\datalake-store\Microsoft.Azure.Management.DataLake.Store\tests\ScenarioTests\FileSystemOperationTests.cs(570,10): error CS0246: The type or namespace name 'FactAttribute' could not be found (are you missing a using directive or an assembly reference?)
C:\gh\azure-sdk-for-net\sdk\datalake-store\Microsoft.Azure.Management.DataLake.Store\tests\ScenarioTests\FileSystemOperationTests.cs(570,10): error CS0246: The type or namespace name 'Fact' could not be found (are you missing a using directive or an assembly reference?)
C:\gh\azure-sdk-for-net\sdk\datalake-store\Microsoft.Azure.Management.DataLake.Store\tests\ScenarioTests\FileSystemOperationTests.cs(623,10): error CS0246: The type or namespace name 'FactAttribute' could not be found (are you missing a using directive or an assembly reference?)
C:\gh\azure-sdk-for-net\sdk\datalake-store\Microsoft.Azure.Management.DataLake.Store\tests\ScenarioTests\FileSystemOperationTests.cs(623,10): error CS0246: The type or namespace name 'Fact' could not be found (are you missing a using directive or an assembly reference?)
C:\gh\azure-sdk-for-net\sdk\datalake-store\Microsoft.Azure.Management.DataLake.Store\tests\ScenarioTests\FileSystemOperationTests.cs(684,10): error CS0246: The type or namespace name 'FactAttribute' could not be found (are you missing a using directive or an assembly reference?)
C:\gh\azure-sdk-for-net\sdk\datalake-store\Microsoft.Azure.Management.DataLake.Store\tests\ScenarioTests\FileSystemOperationTests.cs(684,10): error CS0246: The type or namespace name 'Fact' could not be found (are you missing a using directive or an assembly reference?)
C:\gh\azure-sdk-for-net\sdk\datalake-store\Microsoft.Azure.Management.DataLake.Store\tests\ScenarioTests\FileSystemOperationTests.cs(719,10): error CS0246: The type or namespace name 'FactAttribute' could not be found (are you missing a using directive or an assembly reference?)
C:\gh\azure-sdk-for-net\sdk\datalake-store\Microsoft.Azure.Management.DataLake.Store\tests\ScenarioTests\FileSystemOperationTests.cs(719,10): error CS0246: The type or namespace name 'Fact' could not be found (are you missing a using directive or an assembly reference?)
C:\gh\azure-sdk-for-net\sdk\datalake-store\Microsoft.Azure.Management.DataLake.Store\tests\ScenarioTests\FileSystemOperationTests.cs(739,10): error CS0246: The type or namespace name 'FactAttribute' could not be found (are you missing a using directive or an assembly reference?)
C:\gh\azure-sdk-for-net\sdk\datalake-store\Microsoft.Azure.Management.DataLake.Store\tests\ScenarioTests\FileSystemOperationTests.cs(739,10): error CS0246: The type or namespace name 'Fact' could not be found (are you missing a using directive or an assembly reference?)
C:\gh\azure-sdk-for-net\sdk\datalake-store\Microsoft.Azure.Management.DataLake.Store\tests\ScenarioTests\FileSystemOperationTests.cs(812,10): error CS0246: The type or namespace name 'FactAttribute' could not be found (are you missing a using directive or an assembly reference?)
C:\gh\azure-sdk-for-net\sdk\datalake-store\Microsoft.Azure.Management.DataLake.Store\tests\ScenarioTests\FileSystemOperationTests.cs(812,10): error CS0246: The type or namespace name 'Fact' could not be found (are you missing a using directive or an assembly reference?)
C:\gh\azure-sdk-for-net\sdk\datalake-store\Microsoft.Azure.Management.DataLake.Store\tests\ScenarioTests\FileSystemOperationTests.cs(877,10): error CS0246: The type or namespace name 'FactAttribute' could not be found (are you missing a using directive or an assembly reference?)
C:\gh\azure-sdk-for-net\sdk\datalake-store\Microsoft.Azure.Management.DataLake.Store\tests\ScenarioTests\FileSystemOperationTests.cs(877,10): error CS0246: The type or namespace name 'Fact' could not be found (are you missing a using directive or an assembly reference?)
C:\gh\azure-sdk-for-net\sdk\datalake-store\Microsoft.Azure.Management.DataLake.Store\tests\ScenarioTests\FileSystemOperationTests.cs(896,10): error CS0246: The type or namespace name 'FactAttribute' could not be found (are you missing a using directive or an assembly reference?)
C:\gh\azure-sdk-for-net\sdk\datalake-store\Microsoft.Azure.Management.DataLake.Store\tests\ScenarioTests\FileSystemOperationTests.cs(896,10): error CS0246: The type or namespace name 'Fact' could not be found (are you missing a using directive or an assembly reference?)
C:\gh\azure-sdk-for-net\sdk\datalake-store\Microsoft.Azure.Management.DataLake.Store\tests\ScenarioTests\FileSystemOperationTests.cs(934,10): error CS0246: The type or namespace name 'FactAttribute' could not be found (are you missing a using directive or an assembly reference?)
C:\gh\azure-sdk-for-net\sdk\datalake-store\Microsoft.Azure.Management.DataLake.Store\tests\ScenarioTests\FileSystemOperationTests.cs(934,10): error CS0246: The type or namespace name 'Fact' could not be found (are you missing a using directive or an assembly reference?)
C:\gh\azure-sdk-for-net\sdk\datalake-store\Microsoft.Azure.Management.DataLake.Store\tests\ScenarioTests\FileSystemOperationTests.cs(993,10): error CS0246: The type or namespace name 'FactAttribute' could not be found (are you missing a using directive or an assembly reference?)
C:\gh\azure-sdk-for-net\sdk\datalake-store\Microsoft.Azure.Management.DataLake.Store\tests\ScenarioTests\FileSystemOperationTests.cs(993,10): error CS0246: The type or namespace name 'Fact' could not be found (are you missing a using directive or an assembly reference?)
C:\gh\azure-sdk-for-net\sdk\datalake-store\Microsoft.Azure.Management.DataLake.Store\tests\DataTransferTests\TransferSegmentMetadataTests.cs(28,13): error CS0103: The name 'Assert' does not exist in the current context
C:\gh\azure-sdk-for-net\sdk\datalake-store\Microsoft.Azure.Management.DataLake.Store\tests\DataTransferTests\TransferSegmentMetadataTests.cs(30,13): error CS0103: The name 'Assert' does not exist in the current context
C:\gh\azure-sdk-for-net\sdk\datalake-store\Microsoft.Azure.Management.DataLake.Store\tests\DataTransferTests\TransferSegmentMetadataTests.cs(38,17): error CS0103: The name 'Assert' does not exist in the current context
C:\gh\azure-sdk-for-net\sdk\datalake-store\Microsoft.Azure.Management.DataLake.Store\tests\ScenarioTests\FileSystemOperationTests.cs(45,24): error CS0246: The type or namespace name 'ServiceClient<>' could not be found (are you missing a using directive or an assembly reference?)
C:\gh\azure-sdk-for-net\sdk\datalake-store\Microsoft.Azure.Management.DataLake.Store\tests\ScenarioTests\FileSystemOperationTests.cs(45,24): error CS0246: The type or namespace name 'IDataLakeStoreFileSystemManagementClient' could not be found (are you missing a using directive or an assembly reference?)
C:\gh\azure-sdk-for-net\sdk\datalake-store\Microsoft.Azure.Management.DataLake.Store\tests\ScenarioTests\FileSystemOperationTests.cs(45,24): error CS0246: The type or namespace name 'IAzureClient' could not be found (are you missing a using directive or an assembly reference?)
C:\gh\azure-sdk-for-net\sdk\datalake-store\Microsoft.Azure.Management.DataLake.Store\tests\ScenarioTests\FileSystemOperationTests.cs(45,24): error CS1674: 'DataLakeStoreFileSystemManagementClient': type used in a using statement must be implicitly convertible to 'System.IDisposable'.
C:\gh\azure-sdk-for-net\sdk\datalake-store\Microsoft.Azure.Management.DataLake.Store\tests\ScenarioTests\FileSystemOperationTests.cs(47,21): error CS0103: The name 'Assert' does not exist in the current context
C:\gh\azure-sdk-for-net\sdk\datalake-store\Microsoft.Azure.Management.DataLake.Store\tests\ScenarioTests\FileSystemOperationTests.cs(47,100): error CS0246: The type or namespace name 'ServiceClient<>' could not be found (are you missing a using directive or an assembly reference?)
C:\gh\azure-sdk-for-net\sdk\datalake-store\Microsoft.Azure.Management.DataLake.Store\tests\ScenarioTests\FileSystemOperationTests.cs(47,100): error CS1061: 'DataLakeStoreFileSystemManagementClient' does not contain a definition for 'HttpClient' and no accessible extension method 'HttpClient' accepting a first argument of type 'DataLakeStoreFileSystemManagementClient' could be found (are you missing a using directive or an assembly reference?)
C:\gh\azure-sdk-for-net\sdk\datalake-store\Microsoft.Azure.Management.DataLake.Store\tests\ScenarioTests\FileSystemOperationTests.cs(58,24): error CS0246: The type or namespace name 'ServiceClient<>' could not be found (are you missing a using directive or an assembly reference?)
C:\gh\azure-sdk-for-net\sdk\datalake-store\Microsoft.Azure.Management.DataLake.Store\tests\ScenarioTests\FileSystemOperationTests.cs(58,24): error CS0246: The type or namespace name 'IDataLakeStoreFileSystemManagementClient' could not be found (are you missing a using directive or an assembly reference?)
C:\gh\azure-sdk-for-net\sdk\datalake-store\Microsoft.Azure.Management.DataLake.Store\tests\ScenarioTests\FileSystemOperationTests.cs(58,24): error CS0246: The type or namespace name 'IAzureClient' could not be found (are you missing a using directive or an assembly reference?)
C:\gh\azure-sdk-for-net\sdk\datalake-store\Microsoft.Azure.Management.DataLake.Store\tests\ScenarioTests\FileSystemOperationTests.cs(58,24): error CS1674: 'DataLakeStoreFileSystemManagementClient': type used in a using statement must be implicitly convertible to 'System.IDisposable'.
C:\gh\azure-sdk-for-net\sdk\datalake-store\Microsoft.Azure.Management.DataLake.Store\tests\ScenarioTests\FileSystemOperationTests.cs(62,25): error CS0103: The name 'FileType' does not exist in the current context
C:\gh\azure-sdk-for-net\sdk\datalake-store\Microsoft.Azure.Management.DataLake.Store\tests\DataTransferTests\TransferSegmentMetadataTests.cs(49,13): error CS0103: The name 'Assert' does not exist in the current context
C:\gh\azure-sdk-for-net\sdk\datalake-store\Microsoft.Azure.Management.DataLake.Store\tests\DataTransferTests\TransferSegmentMetadataTests.cs(62,17): error CS0103: The name 'Assert' does not exist in the current context
C:\gh\azure-sdk-for-net\sdk\datalake-store\Microsoft.Azure.Management.DataLake.Store\tests\DataTransferTests\TransferSegmentMetadataTests.cs(63,17): error CS0103: The name 'Assert' does not exist in the current context
C:\gh\azure-sdk-for-net\sdk\datalake-store\Microsoft.Azure.Management.DataLake.Store\tests\DataTransferTests\TransferSegmentMetadataTests.cs(68,13): error CS0103: The name 'Assert' does not exist in the current context
C:\gh\azure-sdk-for-net\sdk\datalake-store\Microsoft.Azure.Management.DataLake.Store\tests\DataTransferTests\TransferSegmentMetadataTests.cs(71,13): error CS0103: The name 'Assert' does not exist in the current context
C:\gh\azure-sdk-for-net\sdk\datalake-store\Microsoft.Azure.Management.DataLake.Store\tests\DataTransferTests\TransferMetadataGeneratorTests.cs(100,21): error CS0103: The name 'Assert' does not exist in the current context
C:\gh\azure-sdk-for-net\sdk\datalake-store\Microsoft.Azure.Management.DataLake.Store\tests\TestHelpers\DataLakeStoreAndFileSystemManagementHelper.cs(79,13): error CS0246: The type or namespace name 'ResourceGroup' could not be found (are you missing a using directive or an assembly reference?)
C:\gh\azure-sdk-for-net\sdk\datalake-store\Microsoft.Azure.Management.DataLake.Store\tests\TestHelpers\DataLakeStoreAndFileSystemManagementHelper.cs(98,29): error CS0246: The type or namespace name 'ResourceGroup' could not be found (are you missing a using directive or an assembly reference?)
C:\gh\azure-sdk-for-net\sdk\datalake-store\Microsoft.Azure.Management.DataLake.Store\tests\DataTransferTests\TransferMetadataGeneratorTests.cs(125,25): error CS0103: The name 'Assert' does not exist in the current context
C:\gh\azure-sdk-for-net\sdk\datalake-store\Microsoft.Azure.Management.DataLake.Store\tests\DataTransferTests\TransferMetadataGeneratorTests.cs(129,25): error CS0103: The name 'Assert' does not exist in the current context
C:\gh\azure-sdk-for-net\sdk\datalake-store\Microsoft.Azure.Management.DataLake.Store\tests\DataTransferTests\TransferMetadataGeneratorTests.cs(133,25): error CS0103: The name 'Assert' does not exist in the current context
C:\gh\azure-sdk-for-net\sdk\datalake-store\Microsoft.Azure.Management.DataLake.Store\tests\DataTransferTests\TransferSegmentMetadataTests.cs(84,13): error CS0103: The name 'Assert' does not exist in the current context
C:\gh\azure-sdk-for-net\sdk\datalake-store\Microsoft.Azure.Management.DataLake.Store\tests\DataTransferTests\TransferSegmentMetadataTests.cs(87,13): error CS0103: The name 'Assert' does not exist in the current context
C:\gh\azure-sdk-for-net\sdk\datalake-store\Microsoft.Azure.Management.DataLake.Store\tests\DataTransferTests\TransferSegmentMetadataTests.cs(90,13): error CS0103: The name 'Assert' does not exist in the current context
C:\gh\azure-sdk-for-net\sdk\datalake-store\Microsoft.Azure.Management.DataLake.Store\tests\DataTransferTests\TransferSegmentMetadataTests.cs(93,13): error CS0103: The name 'Assert' does not exist in the current context
C:\gh\azure-sdk-for-net\sdk\datalake-store\Microsoft.Azure.Management.DataLake.Store\tests\DataTransferTests\TransferSegmentMetadataTests.cs(96,13): error CS0103: The name 'Assert' does not exist in the current context
C:\gh\azure-sdk-for-net\sdk\datalake-store\Microsoft.Azure.Management.DataLake.Store\tests\DataTransferTests\TransferSegmentMetadataTests.cs(111,17): error CS0103: The name 'Assert' does not exist in the current context
C:\gh\azure-sdk-for-net\sdk\datalake-store\Microsoft.Azure.Management.DataLake.Store\tests\DataTransferTests\TransferSegmentMetadataTests.cs(114,21): error CS0103: The name 'Assert' does not exist in the current context
C:\gh\azure-sdk-for-net\sdk\datalake-store\Microsoft.Azure.Management.DataLake.Store\tests\DataTransferTests\TransferSegmentMetadataTests.cs(118,17): error CS0103: The name 'Assert' does not exist in the current context
C:\gh\azure-sdk-for-net\sdk\datalake-store\Microsoft.Azure.Management.DataLake.Store\tests\ScenarioTests\FileSystemOperationTests.cs(74,24): error CS0246: The type or namespace name 'ServiceClient<>' could not be found (are you missing a using directive or an assembly reference?)
C:\gh\azure-sdk-for-net\sdk\datalake-store\Microsoft.Azure.Management.DataLake.Store\tests\ScenarioTests\FileSystemOperationTests.cs(74,24): error CS0246: The type or namespace name 'IDataLakeStoreFileSystemManagementClient' could not be found (are you missing a using directive or an assembly reference?)
C:\gh\azure-sdk-for-net\sdk\datalake-store\Microsoft.Azure.Management.DataLake.Store\tests\ScenarioTests\FileSystemOperationTests.cs(74,24): error CS0246: The type or namespace name 'IAzureClient' could not be found (are you missing a using directive or an assembly reference?)
C:\gh\azure-sdk-for-net\sdk\datalake-store\Microsoft.Azure.Management.DataLake.Store\tests\ScenarioTests\FileSystemOperationTests.cs(74,24): error CS1674: 'DataLakeStoreFileSystemManagementClient': type used in a using statement must be implicitly convertible to 'System.IDisposable'.
C:\gh\azure-sdk-for-net\sdk\datalake-store\Microsoft.Azure.Management.DataLake.Store\tests\ScenarioTests\FileSystemOperationTests.cs(78,146): error CS0103: The name 'FileType' does not exist in the current context
C:\gh\azure-sdk-for-net\sdk\datalake-store\Microsoft.Azure.Management.DataLake.Store\tests\ScenarioTests\FileSystemOperationTests.cs(81,77): error CS0246: The type or namespace name 'ServiceClient<>' could not be found (are you missing a using directive or an assembly reference?)
C:\gh\azure-sdk-for-net\sdk\datalake-store\Microsoft.Azure.Management.DataLake.Store\tests\ScenarioTests\FileSystemOperationTests.cs(81,77): error CS1061: 'DataLakeStoreFileSystemManagementClient' does not contain a definition for 'FileSystem' and no accessible extension method 'FileSystem' accepting a first argument of type 'DataLakeStoreFileSystemManagementClient' could be found (are you missing a using directive or an assembly reference?)
C:\gh\azure-sdk-for-net\sdk\datalake-store\Microsoft.Azure.Management.DataLake.Store\tests\ScenarioTests\FileSystemOperationTests.cs(82,21): error CS0103: The name 'Assert' does not exist in the current context
C:\gh\azure-sdk-for-net\sdk\datalake-store\Microsoft.Azure.Management.DataLake.Store\tests\ScenarioTests\FileSystemOperationTests.cs(87,62): error CS0246: The type or namespace name 'ServiceClient<>' could not be found (are you missing a using directive or an assembly reference?)
C:\gh\azure-sdk-for-net\sdk\datalake-store\Microsoft.Azure.Management.DataLake.Store\tests\ScenarioTests\FileSystemOperationTests.cs(87,62): error CS1061: 'DataLakeStoreFileSystemManagementClient' does not contain a definition for 'FileSystem' and no accessible extension method 'FileSystem' accepting a first argument of type 'DataLakeStoreFileSystemManagementClient' could be found (are you missing a using directive or an assembly reference?)
C:\gh\azure-sdk-for-net\sdk\datalake-store\Microsoft.Azure.Management.DataLake.Store\tests\ScenarioTests\FileSystemOperationTests.cs(87,144): error CS0103: The name 'ExpiryOptionType' does not exist in the current context
C:\gh\azure-sdk-for-net\sdk\datalake-store\Microsoft.Azure.Management.DataLake.Store\tests\ScenarioTests\FileSystemOperationTests.cs(88,73): error CS0246: The type or namespace name 'ServiceClient<>' could not be found (are you missing a using directive or an assembly reference?)
C:\gh\azure-sdk-for-net\sdk\datalake-store\Microsoft.Azure.Management.DataLake.Store\tests\ScenarioTests\FileSystemOperationTests.cs(88,73): error CS1061: 'DataLakeStoreFileSystemManagementClient' does not contain a definition for 'FileSystem' and no accessible extension method 'FileSystem' accepting a first argument of type 'DataLakeStoreFileSystemManagementClient' could be found (are you missing a using directive or an assembly reference?)
C:\gh\azure-sdk-for-net\sdk\datalake-store\Microsoft.Azure.Management.DataLake.Store\tests\ScenarioTests\FileSystemOperationTests.cs(93,62): error CS0246: The type or namespace name 'ServiceClient<>' could not be found (are you missing a using directive or an assembly reference?)
C:\gh\azure-sdk-for-net\sdk\datalake-store\Microsoft.Azure.Management.DataLake.Store\tests\ScenarioTests\FileSystemOperationTests.cs(93,62): error CS1061: 'DataLakeStoreFileSystemManagementClient' does not contain a definition for 'FileSystem' and no accessible extension method 'FileSystem' accepting a first argument of type 'DataLakeStoreFileSystemManagementClient' could be found (are you missing a using directive or an assembly reference?)
C:\gh\azure-sdk-for-net\sdk\datalake-store\Microsoft.Azure.Management.DataLake.Store\tests\ScenarioTests\FileSystemOperationTests.cs(93,144): error CS0103: The name 'ExpiryOptionType' does not exist in the current context
C:\gh\azure-sdk-for-net\sdk\datalake-store\Microsoft.Azure.Management.DataLake.Store\tests\ScenarioTests\FileSystemOperationTests.cs(94,73): error CS0246: The type or namespace name 'ServiceClient<>' could not be found (are you missing a using directive or an assembly reference?)
C:\gh\azure-sdk-for-net\sdk\datalake-store\Microsoft.Azure.Management.DataLake.Store\tests\ScenarioTests\FileSystemOperationTests.cs(94,73): error CS1061: 'DataLakeStoreFileSystemManagementClient' does not contain a definition for 'FileSystem' and no accessible extension method 'FileSystem' accepting a first argument of type 'DataLakeStoreFileSystemManagementClient' could be found (are you missing a using directive or an assembly reference?)
C:\gh\azure-sdk-for-net\sdk\datalake-store\Microsoft.Azure.Management.DataLake.Store\tests\ScenarioTests\FileSystemOperationTests.cs(99,62): error CS0246: The type or namespace name 'ServiceClient<>' could not be found (are you missing a using directive or an assembly reference?)
C:\gh\azure-sdk-for-net\sdk\datalake-store\Microsoft.Azure.Management.DataLake.Store\tests\ScenarioTests\FileSystemOperationTests.cs(99,62): error CS1061: 'DataLakeStoreFileSystemManagementClient' does not contain a definition for 'FileSystem' and no accessible extension method 'FileSystem' accepting a first argument of type 'DataLakeStoreFileSystemManagementClient' could be found (are you missing a using directive or an assembly reference?)
C:\gh\azure-sdk-for-net\sdk\datalake-store\Microsoft.Azure.Management.DataLake.Store\tests\ScenarioTests\FileSystemOperationTests.cs(99,144): error CS0103: The name 'ExpiryOptionType' does not exist in the current context
C:\gh\azure-sdk-for-net\sdk\datalake-store\Microsoft.Azure.Management.DataLake.Store\tests\ScenarioTests\FileSystemOperationTests.cs(100,73): error CS0246: The type or namespace name 'ServiceClient<>' could not be found (are you missing a using directive or an assembly reference?)
C:\gh\azure-sdk-for-net\sdk\datalake-store\Microsoft.Azure.Management.DataLake.Store\tests\ScenarioTests\FileSystemOperationTests.cs(100,73): error CS1061: 'DataLakeStoreFileSystemManagementClient' does not contain a definition for 'FileSystem' and no accessible extension method 'FileSystem' accepting a first argument of type 'DataLakeStoreFileSystemManagementClient' could be found (are you missing a using directive or an assembly reference?)
C:\gh\azure-sdk-for-net\sdk\datalake-store\Microsoft.Azure.Management.DataLake.Store\tests\ScenarioTests\FileSystemOperationTests.cs(104,62): error CS0246: The type or namespace name 'ServiceClient<>' could not be found (are you missing a using directive or an assembly reference?)
C:\gh\azure-sdk-for-net\sdk\datalake-store\Microsoft.Azure.Management.DataLake.Store\tests\ScenarioTests\FileSystemOperationTests.cs(104,62): error CS1061: 'DataLakeStoreFileSystemManagementClient' does not contain a definition for 'FileSystem' and no accessible extension method 'FileSystem' accepting a first argument of type 'DataLakeStoreFileSystemManagementClient' could be found (are you missing a using directive or an assembly reference?)
C:\gh\azure-sdk-for-net\sdk\datalake-store\Microsoft.Azure.Management.DataLake.Store\tests\ScenarioTests\FileSystemOperationTests.cs(104,144): error CS0103: The name 'ExpiryOptionType' does not exist in the current context
C:\gh\azure-sdk-for-net\sdk\datalake-store\Microsoft.Azure.Management.DataLake.Store\tests\ScenarioTests\FileSystemOperationTests.cs(105,73): error CS0246: The type or namespace name 'ServiceClient<>' could not be found (are you missing a using directive or an assembly reference?)
C:\gh\azure-sdk-for-net\sdk\datalake-store\Microsoft.Azure.Management.DataLake.Store\tests\ScenarioTests\FileSystemOperationTests.cs(105,73): error CS1061: 'DataLakeStoreFileSystemManagementClient' does not contain a definition for 'FileSystem' and no accessible extension method 'FileSystem' accepting a first argument of type 'DataLakeStoreFileSystemManagementClient' could be found (are you missing a using directive or an assembly reference?)
C:\gh\azure-sdk-for-net\sdk\datalake-store\Microsoft.Azure.Management.DataLake.Store\tests\ScenarioTests\FileSystemOperationTests.cs(106,21): error CS0103: The name 'Assert' does not exist in the current context
C:\gh\azure-sdk-for-net\sdk\datalake-store\Microsoft.Azure.Management.DataLake.Store\tests\TestHelpers\ClientManagementUtilities.cs(29,45): error CS0246: The type or namespace name 'ResourceManagementClient' could not be found (are you missing a using directive or an assembly reference?)
C:\gh\azure-sdk-for-net\sdk\datalake-store\Microsoft.Azure.Management.DataLake.Store\tests\TestHelpers\ClientManagementUtilities.cs(42,20): error CS0246: The type or namespace name 'ServiceClient<>' could not be found (are you missing a using directive or an assembly reference?)
C:\gh\azure-sdk-for-net\sdk\datalake-store\Microsoft.Azure.Management.DataLake.Store\tests\TestHelpers\ClientManagementUtilities.cs(42,20): error CS1061: 'DataLakeStoreFileSystemManagementClient' does not contain a definition for 'AdlsFileSystemDnsSuffix' and no accessible extension method 'AdlsFileSystemDnsSuffix' accepting a first argument of type 'DataLakeStoreFileSystemManagementClient' could be found (are you missing a using directive or an assembly reference?)
C:\gh\azure-sdk-for-net\sdk\datalake-store\Microsoft.Azure.Management.DataLake.Store\tests\TestHelpers\ClientManagementUtilities.cs(44,20): error CS0246: The type or namespace name 'ServiceClient<>' could not be found (are you missing a using directive or an assembly reference?)
C:\gh\azure-sdk-for-net\sdk\datalake-store\Microsoft.Azure.Management.DataLake.Store\tests\TestHelpers\ClientManagementUtilities.cs(44,20): error CS1061: 'DataLakeStoreFileSystemManagementClient' does not contain a definition for 'HttpClient' and no accessible extension method 'HttpClient' accepting a first argument of type 'DataLakeStoreFileSystemManagementClient' could be found (are you missing a using directive or an assembly reference?)
C:\gh\azure-sdk-for-net\sdk\datalake-store\Microsoft.Azure.Management.DataLake.Store\tests\ScenarioTests\FileSystemOperationTests.cs(118,24): error CS0246: The type or namespace name 'ServiceClient<>' could not be found (are you missing a using directive or an assembly reference?)
C:\gh\azure-sdk-for-net\sdk\datalake-store\Microsoft.Azure.Management.DataLake.Store\tests\ScenarioTests\FileSystemOperationTests.cs(118,24): error CS0246: The type or namespace name 'IDataLakeStoreFileSystemManagementClient' could not be found (are you missing a using directive or an assembly reference?)
C:\gh\azure-sdk-for-net\sdk\datalake-store\Microsoft.Azure.Management.DataLake.Store\tests\ScenarioTests\FileSystemOperationTests.cs(118,24): error CS0246: The type or namespace name 'IAzureClient' could not be found (are you missing a using directive or an assembly reference?)
C:\gh\azure-sdk-for-net\sdk\datalake-store\Microsoft.Azure.Management.DataLake.Store\tests\ScenarioTests\FileSystemOperationTests.cs(118,24): error CS1674: 'DataLakeStoreFileSystemManagementClient': type used in a using statement must be implicitly convertible to 'System.IDisposable'.
C:\gh\azure-sdk-for-net\sdk\datalake-store\Microsoft.Azure.Management.DataLake.Store\tests\ScenarioTests\FileSystemOperationTests.cs(121,146): error CS0103: The name 'FileType' does not exist in the current context
C:\gh\azure-sdk-for-net\sdk\datalake-store\Microsoft.Azure.Management.DataLake.Store\tests\ScenarioTests\FileSystemOperationTests.cs(124,77): error CS0246: The type or namespace name 'ServiceClient<>' could not be found (are you missing a using directive or an assembly reference?)
C:\gh\azure-sdk-for-net\sdk\datalake-store\Microsoft.Azure.Management.DataLake.Store\tests\ScenarioTests\FileSystemOperationTests.cs(124,77): error CS1061: 'DataLakeStoreFileSystemManagementClient' does not contain a definition for 'FileSystem' and no accessible extension method 'FileSystem' accepting a first argument of type 'DataLakeStoreFileSystemManagementClient' could be found (are you missing a using directive or an assembly reference?)
C:\gh\azure-sdk-for-net\sdk\datalake-store\Microsoft.Azure.Management.DataLake.Store\tests\ScenarioTests\FileSystemOperationTests.cs(125,21): error CS0103: The name 'Assert' does not exist in the current context
C:\gh\azure-sdk-for-net\sdk\datalake-store\Microsoft.Azure.Management.DataLake.Store\tests\ScenarioTests\FileSystemOperationTests.cs(129,21): error CS0103: The name 'Assert' does not exist in the current context
C:\gh\azure-sdk-for-net\sdk\datalake-store\Microsoft.Azure.Management.DataLake.Store\tests\ScenarioTests\FileSystemOperationTests.cs(129,35): error CS0246: The type or namespace name 'AdlsErrorException' could not be found (are you missing a using directive or an assembly reference?)
C:\gh\azure-sdk-for-net\sdk\datalake-store\Microsoft.Azure.Management.DataLake.Store\tests\ScenarioTests\FileSystemOperationTests.cs(133,21): error CS0103: The name 'Assert' does not exist in the current context
C:\gh\azure-sdk-for-net\sdk\datalake-store\Microsoft.Azure.Management.DataLake.Store\tests\ScenarioTests\FileSystemOperationTests.cs(133,35): error CS0246: The type or namespace name 'AdlsErrorException' could not be found (are you missing a using directive or an assembly reference?)
C:\gh\azure-sdk-for-net\sdk\datalake-store\Microsoft.Azure.Management.DataLake.Store\tests\ScenarioTests\FileSystemOperationTests.cs(136,62): error CS0246: The type or namespace name 'ServiceClient<>' could not be found (are you missing a using directive or an assembly reference?)
C:\gh\azure-sdk-for-net\sdk\datalake-store\Microsoft.Azure.Management.DataLake.Store\tests\ScenarioTests\FileSystemOperationTests.cs(136,62): error CS1061: 'DataLakeStoreFileSystemManagementClient' does not contain a definition for 'FileSystem' and no accessible extension method 'FileSystem' accepting a first argument of type 'DataLakeStoreFileSystemManagementClient' could be found (are you missing a using directive or an assembly reference?)
C:\gh\azure-sdk-for-net\sdk\datalake-store\Microsoft.Azure.Management.DataLake.Store\tests\ScenarioTests\FileSystemOperationTests.cs(136,144): error CS0103: The name 'ExpiryOptionType' does not exist in the current context
C:\gh\azure-sdk-for-net\sdk\datalake-store\Microsoft.Azure.Management.DataLake.Store\tests\ScenarioTests\FileSystemOperationTests.cs(137,73): error CS0246: The type or namespace name 'ServiceClient<>' could not be found (are you missing a using directive or an assembly reference?)
C:\gh\azure-sdk-for-net\sdk\datalake-store\Microsoft.Azure.Management.DataLake.Store\tests\ScenarioTests\FileSystemOperationTests.cs(137,73): error CS1061: 'DataLakeStoreFileSystemManagementClient' does not contain a definition for 'FileSystem' and no accessible extension method 'FileSystem' accepting a first argument of type 'DataLakeStoreFileSystemManagementClient' could be found (are you missing a using directive or an assembly reference?)
C:\gh\azure-sdk-for-net\sdk\datalake-store\Microsoft.Azure.Management.DataLake.Store\tests\ScenarioTests\FileSystemOperationTests.cs(138,21): error CS0103: The name 'Assert' does not exist in the current context
C:\gh\azure-sdk-for-net\sdk\datalake-store\Microsoft.Azure.Management.DataLake.Store\tests\DataTransferTests\AssertExtensions.cs(24,13): error CS0103: The name 'Assert' does not exist in the current context
C:\gh\azure-sdk-for-net\sdk\datalake-store\Microsoft.Azure.Management.DataLake.Store\tests\DataTransferTests\AssertExtensions.cs(28,17): error CS0103: The name 'Assert' does not exist in the current context
C:\gh\azure-sdk-for-net\sdk\datalake-store\Microsoft.Azure.Management.DataLake.Store\tests\ScenarioTests\FileSystemOperationTests.cs(149,24): error CS0246: The type or namespace name 'ServiceClient<>' could not be found (are you missing a using directive or an assembly reference?)
C:\gh\azure-sdk-for-net\sdk\datalake-store\Microsoft.Azure.Management.DataLake.Store\tests\ScenarioTests\FileSystemOperationTests.cs(149,24): error CS0246: The type or namespace name 'IDataLakeStoreFileSystemManagementClient' could not be found (are you missing a using directive or an assembly reference?)
C:\gh\azure-sdk-for-net\sdk\datalake-store\Microsoft.Azure.Management.DataLake.Store\tests\ScenarioTests\FileSystemOperationTests.cs(149,24): error CS0246: The type or namespace name 'IAzureClient' could not be found (are you missing a using directive or an assembly reference?)
C:\gh\azure-sdk-for-net\sdk\datalake-store\Microsoft.Azure.Management.DataLake.Store\tests\ScenarioTests\FileSystemOperationTests.cs(149,24): error CS1674: 'DataLakeStoreFileSystemManagementClient': type used in a using statement must be implicitly convertible to 'System.IDisposable'.
C:\gh\azure-sdk-for-net\sdk\datalake-store\Microsoft.Azure.Management.DataLake.Store\tests\ScenarioTests\FileSystemOperationTests.cs(153,25): error CS0103: The name 'FileType' does not exist in the current context
C:\gh\azure-sdk-for-net\sdk\datalake-store\Microsoft.Azure.Management.DataLake.Store\tests\ScenarioTests\FileSystemOperationTests.cs(156,146): error CS0103: The name 'FileType' does not exist in the current context
C:\gh\azure-sdk-for-net\sdk\datalake-store\Microsoft.Azure.Management.DataLake.Store\tests\ScenarioTests\FileSystemOperationTests.cs(159,87): error CS0246: The type or namespace name 'ServiceClient<>' could not be found (are you missing a using directive or an assembly reference?)
C:\gh\azure-sdk-for-net\sdk\datalake-store\Microsoft.Azure.Management.DataLake.Store\tests\ScenarioTests\FileSystemOperationTests.cs(159,87): error CS1061: 'DataLakeStoreFileSystemManagementClient' does not contain a definition for 'FileSystem' and no accessible extension method 'FileSystem' accepting a first argument of type 'DataLakeStoreFileSystemManagementClient' could be found (are you missing a using directive or an assembly reference?)
C:\gh\azure-sdk-for-net\sdk\datalake-store\Microsoft.Azure.Management.DataLake.Store\tests\ScenarioTests\FileSystemOperationTests.cs(164,21): error CS0103: The name 'Assert' does not exist in the current context
C:\gh\azure-sdk-for-net\sdk\datalake-store\Microsoft.Azure.Management.DataLake.Store\tests\ScenarioTests\FileSystemOperationTests.cs(165,21): error CS0103: The name 'Assert' does not exist in the current context
C:\gh\azure-sdk-for-net\sdk\datalake-store\Microsoft.Azure.Management.DataLake.Store\tests\ScenarioTests\FileSystemOperationTests.cs(165,34): error CS0103: The name 'FileType' does not exist in the current context
C:\gh\azure-sdk-for-net\sdk\datalake-store\Microsoft.Azure.Management.DataLake.Store\tests\DataTransferTests\DataLakeStoreClientTests.cs(73,13): error CS0103: The name 'Assert' does not exist in the current context
C:\gh\azure-sdk-for-net\sdk\datalake-store\Microsoft.Azure.Management.DataLake.Store\tests\DataTransferTests\DataLakeStoreClientTests.cs(75,13): error CS0103: The name 'Assert' does not exist in the current context
C:\gh\azure-sdk-for-net\sdk\datalake-store\Microsoft.Azure.Management.DataLake.Store\tests\DataTransferTests\DataLakeStoreClientTests.cs(82,13): error CS0103: The name 'Assert' does not exist in the current context
C:\gh\azure-sdk-for-net\sdk\datalake-store\Microsoft.Azure.Management.DataLake.Store\tests\DataTransferTests\DataLakeStoreClientTests.cs(86,13): error CS0103: The name 'Assert' does not exist in the current context
C:\gh\azure-sdk-for-net\sdk\datalake-store\Microsoft.Azure.Management.DataLake.Store\tests\DataTransferTests\DataLakeStoreClientTests.cs(90,13): error CS0103: The name 'Assert' does not exist in the current context
C:\gh\azure-sdk-for-net\sdk\datalake-store\Microsoft.Azure.Management.DataLake.Store\tests\DataTransferTests\DataLakeStoreClientTests.cs(94,13): error CS0103: The name 'Assert' does not exist in the current context
C:\gh\azure-sdk-for-net\sdk\datalake-store\Microsoft.Azure.Management.DataLake.Store\tests\DataTransferTests\DataLakeStoreClientTests.cs(97,13): error CS0103: The name 'Assert' does not exist in the current context
C:\gh\azure-sdk-for-net\sdk\datalake-store\Microsoft.Azure.Management.DataLake.Store\tests\DataTransferTests\DataLakeStoreClientTests.cs(100,13): error CS0103: The name 'Assert' does not exist in the current context
C:\gh\azure-sdk-for-net\sdk\datalake-store\Microsoft.Azure.Management.DataLake.Store\tests\ScenarioTests\FileSystemOperationTests.cs(177,21): error CS0246: The type or namespace name 'ServiceClient<>' could not be found (are you missing a using directive or an assembly reference?)
C:\gh\azure-sdk-for-net\sdk\datalake-store\Microsoft.Azure.Management.DataLake.Store\tests\ScenarioTests\FileSystemOperationTests.cs(177,21): error CS0246: The type or namespace name 'IDataLakeStoreFileSystemManagementClient' could not be found (are you missing a using directive or an assembly reference?)
C:\gh\azure-sdk-for-net\sdk\datalake-store\Microsoft.Azure.Management.DataLake.Store\tests\ScenarioTests\FileSystemOperationTests.cs(177,21): error CS0246: The type or namespace name 'IAzureClient' could not be found (are you missing a using directive or an assembly reference?)
C:\gh\azure-sdk-for-net\sdk\datalake-store\Microsoft.Azure.Management.DataLake.Store\tests\ScenarioTests\FileSystemOperationTests.cs(177,21): error CS1674: 'DataLakeStoreFileSystemManagementClient': type used in a using statement must be implicitly convertible to 'System.IDisposable'.
C:\gh\azure-sdk-for-net\sdk\datalake-store\Microsoft.Azure.Management.DataLake.Store\tests\ScenarioTests\FileSystemOperationTests.cs(181,66): error CS0246: The type or namespace name 'ServiceClient<>' could not be found (are you missing a using directive or an assembly reference?)
C:\gh\azure-sdk-for-net\sdk\datalake-store\Microsoft.Azure.Management.DataLake.Store\tests\ScenarioTests\FileSystemOperationTests.cs(181,66): error CS1061: 'DataLakeStoreFileSystemManagementClient' does not contain a definition for 'FileSystem' and no accessible extension method 'FileSystem' accepting a first argument of type 'DataLakeStoreFileSystemManagementClient' could be found (are you missing a using directive or an assembly reference?)
C:\gh\azure-sdk-for-net\sdk\datalake-store\Microsoft.Azure.Management.DataLake.Store\tests\ScenarioTests\FileSystemOperationTests.cs(183,28): error CS0246: The type or namespace name 'AdlsErrorException' could not be found (are you missing a using directive or an assembly reference?)
C:\gh\azure-sdk-for-net\sdk\datalake-store\Microsoft.Azure.Management.DataLake.Store\tests\ScenarioTests\FileSystemOperationTests.cs(185,25): error CS0103: The name 'Assert' does not exist in the current context
C:\gh\azure-sdk-for-net\sdk\datalake-store\Microsoft.Azure.Management.DataLake.Store\tests\ScenarioTests\FileSystemOperationTests.cs(185,45): error CS0246: The type or namespace name 'AdlsFileNotFoundException' could not be found (are you missing a using directive or an assembly reference?)
C:\gh\azure-sdk-for-net\sdk\datalake-store\Microsoft.Azure.Management.DataLake.Store\tests\DataTransferTests\MultipleSegmentUploaderTests.cs(229,21): error CS0103: The name 'Assert' does not exist in the current context
C:\gh\azure-sdk-for-net\sdk\datalake-store\Microsoft.Azure.Management.DataLake.Store\tests\DataTransferTests\MultipleSegmentUploaderTests.cs(232,21): error CS0103: The name 'Assert' does not exist in the current context
C:\gh\azure-sdk-for-net\sdk\datalake-store\Microsoft.Azure.Management.DataLake.Store\tests\DataTransferTests\StringExtensionsTests.cs(148,17): error CS0103: The name 'Assert' does not exist in the current context
C:\gh\azure-sdk-for-net\sdk\datalake-store\Microsoft.Azure.Management.DataLake.Store\tests\DataTransferTests\StringExtensionsTests.cs(151,17): error CS0103: The name 'Assert' does not exist in the current context
C:\gh\azure-sdk-for-net\sdk\datalake-store\Microsoft.Azure.Management.DataLake.Store\tests\DataTransferTests\StringExtensionsTests.cs(154,17): error CS0103: The name 'Assert' does not exist in the current context
C:\gh\azure-sdk-for-net\sdk\datalake-store\Microsoft.Azure.Management.DataLake.Store\tests\DataTransferTests\StringExtensionsTests.cs(157,17): error CS0103: The name 'Assert' does not exist in the current context
C:\gh\azure-sdk-for-net\sdk\datalake-store\Microsoft.Azure.Management.DataLake.Store\tests\DataTransferTests\StringExtensionsTests.cs(167,17): error CS0103: The name 'Assert' does not exist in the current context
C:\gh\azure-sdk-for-net\sdk\datalake-store\Microsoft.Azure.Management.DataLake.Store\tests\DataTransferTests\StringExtensionsTests.cs(170,17): error CS0103: The name 'Assert' does not exist in the current context
C:\gh\azure-sdk-for-net\sdk\datalake-store\Microsoft.Azure.Management.DataLake.Store\tests\DataTransferTests\StringExtensionsTests.cs(173,17): error CS0103: The name 'Assert' does not exist in the current context
C:\gh\azure-sdk-for-net\sdk\datalake-store\Microsoft.Azure.Management.DataLake.Store\tests\DataTransferTests\StringExtensionsTests.cs(176,17): error CS0103: The name 'Assert' does not exist in the current context
C:\gh\azure-sdk-for-net\sdk\datalake-store\Microsoft.Azure.Management.DataLake.Store\tests\DataTransferTests\DataLakeStoreClientTests.cs(116,13): error CS0103: The name 'Assert' does not exist in the current context
C:\gh\azure-sdk-for-net\sdk\datalake-store\Microsoft.Azure.Management.DataLake.Store\tests\DataTransferTests\DataLakeStoreClientTests.cs(121,13): error CS0103: The name 'Assert' does not exist in the current context
C:\gh\azure-sdk-for-net\sdk\datalake-store\Microsoft.Azure.Management.DataLake.Store\tests\DataTransferTests\DataLakeStoreClientTests.cs(136,13): error CS0103: The name 'Assert' does not exist in the current context
C:\gh\azure-sdk-for-net\sdk\datalake-store\Microsoft.Azure.Management.DataLake.Store\tests\DataTransferTests\DataLakeStoreClientTests.cs(141,13): error CS0103: The name 'Assert' does not exist in the current context
C:\gh\azure-sdk-for-net\sdk\datalake-store\Microsoft.Azure.Management.DataLake.Store\tests\ScenarioTests\FileSystemOperationTests.cs(198,21): error CS0246: The type or namespace name 'ServiceClient<>' could not be found (are you missing a using directive or an assembly reference?)
C:\gh\azure-sdk-for-net\sdk\datalake-store\Microsoft.Azure.Management.DataLake.Store\tests\ScenarioTests\FileSystemOperationTests.cs(198,21): error CS0246: The type or namespace name 'IDataLakeStoreFileSystemManagementClient' could not be found (are you missing a using directive or an assembly reference?)
C:\gh\azure-sdk-for-net\sdk\datalake-store\Microsoft.Azure.Management.DataLake.Store\tests\ScenarioTests\FileSystemOperationTests.cs(198,21): error CS0246: The type or namespace name 'IAzureClient' could not be found (are you missing a using directive or an assembly reference?)
C:\gh\azure-sdk-for-net\sdk\datalake-store\Microsoft.Azure.Management.DataLake.Store\tests\ScenarioTests\FileSystemOperationTests.cs(198,21): error CS1674: 'DataLakeStoreFileSystemManagementClient': type used in a using statement must be implicitly convertible to 'System.IDisposable'.
C:\gh\azure-sdk-for-net\sdk\datalake-store\Microsoft.Azure.Management.DataLake.Store\tests\ScenarioTests\FileSystemOperationTests.cs(202,66): error CS0246: The type or namespace name 'ServiceClient<>' could not be found (are you missing a using directive or an assembly reference?)
C:\gh\azure-sdk-for-net\sdk\datalake-store\Microsoft.Azure.Management.DataLake.Store\tests\ScenarioTests\FileSystemOperationTests.cs(202,66): error CS1061: 'DataLakeStoreFileSystemManagementClient' does not contain a definition for 'FileSystem' and no accessible extension method 'FileSystem' accepting a first argument of type 'DataLakeStoreFileSystemManagementClient' could be found (are you missing a using directive or an assembly reference?)
C:\gh\azure-sdk-for-net\sdk\datalake-store\Microsoft.Azure.Management.DataLake.Store\tests\ScenarioTests\FileSystemOperationTests.cs(204,28): error CS0246: The type or namespace name 'AdlsErrorException' could not be found (are you missing a using directive or an assembly reference?)
C:\gh\azure-sdk-for-net\sdk\datalake-store\Microsoft.Azure.Management.DataLake.Store\tests\ScenarioTests\FileSystemOperationTests.cs(206,25): error CS0103: The name 'Assert' does not exist in the current context
C:\gh\azure-sdk-for-net\sdk\datalake-store\Microsoft.Azure.Management.DataLake.Store\tests\ScenarioTests\FileSystemOperationTests.cs(206,45): error CS0246: The type or namespace name 'AdlsAccessControlException' could not be found (are you missing a using directive or an assembly reference?)
C:\gh\azure-sdk-for-net\sdk\datalake-store\Microsoft.Azure.Management.DataLake.Store\tests\ScenarioTests\FileSystemOperationTests.cs(219,21): error CS0246: The type or namespace name 'ServiceClient<>' could not be found (are you missing a using directive or an assembly reference?)
C:\gh\azure-sdk-for-net\sdk\datalake-store\Microsoft.Azure.Management.DataLake.Store\tests\ScenarioTests\FileSystemOperationTests.cs(219,21): error CS0246: The type or namespace name 'IDataLakeStoreFileSystemManagementClient' could not be found (are you missing a using directive or an assembly reference?)
C:\gh\azure-sdk-for-net\sdk\datalake-store\Microsoft.Azure.Management.DataLake.Store\tests\ScenarioTests\FileSystemOperationTests.cs(219,21): error CS0246: The type or namespace name 'IAzureClient' could not be found (are you missing a using directive or an assembly reference?)
C:\gh\azure-sdk-for-net\sdk\datalake-store\Microsoft.Azure.Management.DataLake.Store\tests\ScenarioTests\FileSystemOperationTests.cs(219,21): error CS1674: 'DataLakeStoreFileSystemManagementClient': type used in a using statement must be implicitly convertible to 'System.IDisposable'.
C:\gh\azure-sdk-for-net\sdk\datalake-store\Microsoft.Azure.Management.DataLake.Store\tests\ScenarioTests\FileSystemOperationTests.cs(222,146): error CS0103: The name 'FileType' does not exist in the current context
C:\gh\azure-sdk-for-net\sdk\datalake-store\Microsoft.Azure.Management.DataLake.Store\tests\DataTransferTests\DataLakeStoreClientTests.cs(183,13): error CS0103: The name 'Assert' does not exist in the current context
C:\gh\azure-sdk-for-net\sdk\datalake-store\Microsoft.Azure.Management.DataLake.Store\tests\DataTransferTests\DataLakeStoreClientTests.cs(196,13): error CS0103: The name 'Assert' does not exist in the current context
C:\gh\azure-sdk-for-net\sdk\datalake-store\Microsoft.Azure.Management.DataLake.Store\tests\DataTransferTests\SingleSegmentUploaderTests.cs(182,13): error CS0103: The name 'Assert' does not exist in the current context
C:\gh\azure-sdk-for-net\sdk\datalake-store\Microsoft.Azure.Management.DataLake.Store\tests\ScenarioTests\FileSystemOperationTests.cs(234,21): error CS0246: The type or namespace name 'ServiceClient<>' could not be found (are you missing a using directive or an assembly reference?)
C:\gh\azure-sdk-for-net\sdk\datalake-store\Microsoft.Azure.Management.DataLake.Store\tests\ScenarioTests\FileSystemOperationTests.cs(234,21): error CS0246: The type or namespace name 'IDataLakeStoreFileSystemManagementClient' could not be found (are you missing a using directive or an assembly reference?)
C:\gh\azure-sdk-for-net\sdk\datalake-store\Microsoft.Azure.Management.DataLake.Store\tests\ScenarioTests\FileSystemOperationTests.cs(234,21): error CS0246: The type or namespace name 'IAzureClient' could not be found (are you missing a using directive or an assembly reference?)
C:\gh\azure-sdk-for-net\sdk\datalake-store\Microsoft.Azure.Management.DataLake.Store\tests\ScenarioTests\FileSystemOperationTests.cs(234,21): error CS1674: 'DataLakeStoreFileSystemManagementClient': type used in a using statement must be implicitly convertible to 'System.IDisposable'.
C:\gh\azure-sdk-for-net\sdk\datalake-store\Microsoft.Azure.Management.DataLake.Store\tests\ScenarioTests\FileSystemOperationTests.cs(236,21): error CS0103: The name 'Assert' does not exist in the current context
C:\gh\azure-sdk-for-net\sdk\datalake-store\Microsoft.Azure.Management.DataLake.Store\tests\ScenarioTests\FileSystemOperationTests.cs(236,75): error CS0246: The type or namespace name 'ServiceClient<>' could not be found (are you missing a using directive or an assembly reference?)
C:\gh\azure-sdk-for-net\sdk\datalake-store\Microsoft.Azure.Management.DataLake.Store\tests\ScenarioTests\FileSystemOperationTests.cs(236,75): error CS1061: 'DataLakeStoreFileSystemManagementClient' does not contain a definition for 'FileSystem' and no accessible extension method 'FileSystem' accepting a first argument of type 'DataLakeStoreFileSystemManagementClient' could be found (are you missing a using directive or an assembly reference?)
C:\gh\azure-sdk-for-net\sdk\datalake-store\Microsoft.Azure.Management.DataLake.Store\tests\ScenarioTests\FileSystemOperationTests.cs(238,21): error CS0103: The name 'Assert' does not exist in the current context
C:\gh\azure-sdk-for-net\sdk\datalake-store\Microsoft.Azure.Management.DataLake.Store\tests\ScenarioTests\FileSystemOperationTests.cs(238,74): error CS0246: The type or namespace name 'ServiceClient<>' could not be found (are you missing a using directive or an assembly reference?)
C:\gh\azure-sdk-for-net\sdk\datalake-store\Microsoft.Azure.Management.DataLake.Store\tests\ScenarioTests\FileSystemOperationTests.cs(238,74): error CS1061: 'DataLakeStoreFileSystemManagementClient' does not contain a definition for 'FileSystem' and no accessible extension method 'FileSystem' accepting a first argument of type 'DataLakeStoreFileSystemManagementClient' could be found (are you missing a using directive or an assembly reference?)
C:\gh\azure-sdk-for-net\sdk\datalake-store\Microsoft.Azure.Management.DataLake.Store\tests\DataTransferTests\StringExtensionsTests.cs(190,17): error CS0103: The name 'Assert' does not exist in the current context
C:\gh\azure-sdk-for-net\sdk\datalake-store\Microsoft.Azure.Management.DataLake.Store\tests\DataTransferTests\StringExtensionsTests.cs(193,17): error CS0103: The name 'Assert' does not exist in the current context
C:\gh\azure-sdk-for-net\sdk\datalake-store\Microsoft.Azure.Management.DataLake.Store\tests\DataTransferTests\StringExtensionsTests.cs(196,17): error CS0103: The name 'Assert' does not exist in the current context
C:\gh\azure-sdk-for-net\sdk\datalake-store\Microsoft.Azure.Management.DataLake.Store\tests\DataTransferTests\StringExtensionsTests.cs(199,17): error CS0103: The name 'Assert' does not exist in the current context
C:\gh\azure-sdk-for-net\sdk\datalake-store\Microsoft.Azure.Management.DataLake.Store\tests\DataTransferTests\StringExtensionsTests.cs(209,17): error CS0103: The name 'Assert' does not exist in the current context
C:\gh\azure-sdk-for-net\sdk\datalake-store\Microsoft.Azure.Management.DataLake.Store\tests\DataTransferTests\StringExtensionsTests.cs(212,17): error CS0103: The name 'Assert' does not exist in the current context
C:\gh\azure-sdk-for-net\sdk\datalake-store\Microsoft.Azure.Management.DataLake.Store\tests\DataTransferTests\StringExtensionsTests.cs(215,17): error CS0103: The name 'Assert' does not exist in the current context
C:\gh\azure-sdk-for-net\sdk\datalake-store\Microsoft.Azure.Management.DataLake.Store\tests\DataTransferTests\StringExtensionsTests.cs(218,17): error CS0103: The name 'Assert' does not exist in the current context
C:\gh\azure-sdk-for-net\sdk\datalake-store\Microsoft.Azure.Management.DataLake.Store\tests\DataTransferTests\MultipleSegmentUploaderTests.cs(261,13): error CS0103: The name 'Assert' does not exist in the current context
C:\gh\azure-sdk-for-net\sdk\datalake-store\Microsoft.Azure.Management.DataLake.Store\tests\DataTransferTests\MultipleSegmentUploaderTests.cs(262,13): error CS0103: The name 'Assert' does not exist in the current context
C:\gh\azure-sdk-for-net\sdk\datalake-store\Microsoft.Azure.Management.DataLake.Store\tests\DataTransferTests\MultipleSegmentUploaderTests.cs(263,13): error CS0103: The name 'Assert' does not exist in the current context
C:\gh\azure-sdk-for-net\sdk\datalake-store\Microsoft.Azure.Management.DataLake.Store\tests\DataTransferTests\DataLakeStoreClientTests.cs(232,13): error CS0103: The name 'Assert' does not exist in the current context
C:\gh\azure-sdk-for-net\sdk\datalake-store\Microsoft.Azure.Management.DataLake.Store\tests\DataTransferTests\DataLakeStoreClientTests.cs(233,13): error CS0103: The name 'Assert' does not exist in the current context
C:\gh\azure-sdk-for-net\sdk\datalake-store\Microsoft.Azure.Management.DataLake.Store\tests\DataTransferTests\DataLakeStoreClientTests.cs(251,13): error CS0103: The name 'Assert' does not exist in the current context
C:\gh\azure-sdk-for-net\sdk\datalake-store\Microsoft.Azure.Management.DataLake.Store\tests\DataTransferTests\DataLakeStoreClientTests.cs(252,13): error CS0103: The name 'Assert' does not exist in the current context
C:\gh\azure-sdk-for-net\sdk\datalake-store\Microsoft.Azure.Management.DataLake.Store\tests\DataTransferTests\DataLakeStoreClientTests.cs(262,13): error CS0103: The name 'Assert' does not exist in the current context
C:\gh\azure-sdk-for-net\sdk\datalake-store\Microsoft.Azure.Management.DataLake.Store\tests\DataTransferTests\DataLakeStoreClientTests.cs(263,13): error CS0103: The name 'Assert' does not exist in the current context
C:\gh\azure-sdk-for-net\sdk\datalake-store\Microsoft.Azure.Management.DataLake.Store\tests\ScenarioTests\FileSystemOperationTests.cs(250,21): error CS0246: The type or namespace name 'ServiceClient<>' could not be found (are you missing a using directive or an assembly reference?)
C:\gh\azure-sdk-for-net\sdk\datalake-store\Microsoft.Azure.Management.DataLake.Store\tests\ScenarioTests\FileSystemOperationTests.cs(250,21): error CS0246: The type or namespace name 'IDataLakeStoreFileSystemManagementClient' could not be found (are you missing a using directive or an assembly reference?)
C:\gh\azure-sdk-for-net\sdk\datalake-store\Microsoft.Azure.Management.DataLake.Store\tests\ScenarioTests\FileSystemOperationTests.cs(250,21): error CS0246: The type or namespace name 'IAzureClient' could not be found (are you missing a using directive or an assembly reference?)
C:\gh\azure-sdk-for-net\sdk\datalake-store\Microsoft.Azure.Management.DataLake.Store\tests\ScenarioTests\FileSystemOperationTests.cs(250,21): error CS1674: 'DataLakeStoreFileSystemManagementClient': type used in a using statement must be implicitly convertible to 'System.IDisposable'.
C:\gh\azure-sdk-for-net\sdk\datalake-store\Microsoft.Azure.Management.DataLake.Store\tests\ScenarioTests\FileSystemOperationTests.cs(253,146): error CS0103: The name 'FileType' does not exist in the current context
C:\gh\azure-sdk-for-net\sdk\datalake-store\Microsoft.Azure.Management.DataLake.Store\tests\ScenarioTests\FileSystemOperationTests.cs(257,66): error CS0246: The type or namespace name 'ServiceClient<>' could not be found (are you missing a using directive or an assembly reference?)
C:\gh\azure-sdk-for-net\sdk\datalake-store\Microsoft.Azure.Management.DataLake.Store\tests\ScenarioTests\FileSystemOperationTests.cs(257,66): error CS1061: 'DataLakeStoreFileSystemManagementClient' does not contain a definition for 'FileSystem' and no accessible extension method 'FileSystem' accepting a first argument of type 'DataLakeStoreFileSystemManagementClient' could be found (are you missing a using directive or an assembly reference?)
C:\gh\azure-sdk-for-net\sdk\datalake-store\Microsoft.Azure.Management.DataLake.Store\tests\ScenarioTests\FileSystemOperationTests.cs(258,25): error CS0103: The name 'Assert' does not exist in the current context
C:\gh\azure-sdk-for-net\sdk\datalake-store\Microsoft.Azure.Management.DataLake.Store\tests\ScenarioTests\FileSystemOperationTests.cs(260,28): error CS0246: The type or namespace name 'AdlsErrorException' could not be found (are you missing a using directive or an assembly reference?)
C:\gh\azure-sdk-for-net\sdk\datalake-store\Microsoft.Azure.Management.DataLake.Store\tests\ScenarioTests\FileSystemOperationTests.cs(262,25): error CS0103: The name 'Assert' does not exist in the current context
C:\gh\azure-sdk-for-net\sdk\datalake-store\Microsoft.Azure.Management.DataLake.Store\tests\ScenarioTests\FileSystemOperationTests.cs(262,45): error CS0246: The type or namespace name 'AdlsFileAlreadyExistsException' could not be found (are you missing a using directive or an assembly reference?)
C:\gh\azure-sdk-for-net\sdk\datalake-store\Microsoft.Azure.Management.DataLake.Store\tests\ScenarioTests\FileSystemOperationTests.cs(275,21): error CS0246: The type or namespace name 'ServiceClient<>' could not be found (are you missing a using directive or an assembly reference?)
C:\gh\azure-sdk-for-net\sdk\datalake-store\Microsoft.Azure.Management.DataLake.Store\tests\ScenarioTests\FileSystemOperationTests.cs(275,21): error CS0246: The type or namespace name 'IDataLakeStoreFileSystemManagementClient' could not be found (are you missing a using directive or an assembly reference?)
C:\gh\azure-sdk-for-net\sdk\datalake-store\Microsoft.Azure.Management.DataLake.Store\tests\ScenarioTests\FileSystemOperationTests.cs(275,21): error CS0246: The type or namespace name 'IAzureClient' could not be found (are you missing a using directive or an assembly reference?)
C:\gh\azure-sdk-for-net\sdk\datalake-store\Microsoft.Azure.Management.DataLake.Store\tests\ScenarioTests\FileSystemOperationTests.cs(275,21): error CS1674: 'DataLakeStoreFileSystemManagementClient': type used in a using statement must be implicitly convertible to 'System.IDisposable'.
C:\gh\azure-sdk-for-net\sdk\datalake-store\Microsoft.Azure.Management.DataLake.Store\tests\ScenarioTests\FileSystemOperationTests.cs(278,146): error CS0103: The name 'FileType' does not exist in the current context
C:\gh\azure-sdk-for-net\sdk\datalake-store\Microsoft.Azure.Management.DataLake.Store\tests\DataTransferTests\StringExtensionsTests.cs(232,17): error CS0103: The name 'Assert' does not exist in the current context
C:\gh\azure-sdk-for-net\sdk\datalake-store\Microsoft.Azure.Management.DataLake.Store\tests\DataTransferTests\StringExtensionsTests.cs(235,17): error CS0103: The name 'Assert' does not exist in the current context
C:\gh\azure-sdk-for-net\sdk\datalake-store\Microsoft.Azure.Management.DataLake.Store\tests\DataTransferTests\StringExtensionsTests.cs(238,17): error CS0103: The name 'Assert' does not exist in the current context
C:\gh\azure-sdk-for-net\sdk\datalake-store\Microsoft.Azure.Management.DataLake.Store\tests\DataTransferTests\StringExtensionsTests.cs(241,17): error CS0103: The name 'Assert' does not exist in the current context
C:\gh\azure-sdk-for-net\sdk\datalake-store\Microsoft.Azure.Management.DataLake.Store\tests\DataTransferTests\StringExtensionsTests.cs(251,17): error CS0103: The name 'Assert' does not exist in the current context
C:\gh\azure-sdk-for-net\sdk\datalake-store\Microsoft.Azure.Management.DataLake.Store\tests\DataTransferTests\StringExtensionsTests.cs(254,17): error CS0103: The name 'Assert' does not exist in the current context
C:\gh\azure-sdk-for-net\sdk\datalake-store\Microsoft.Azure.Management.DataLake.Store\tests\DataTransferTests\StringExtensionsTests.cs(257,17): error CS0103: The name 'Assert' does not exist in the current context
C:\gh\azure-sdk-for-net\sdk\datalake-store\Microsoft.Azure.Management.DataLake.Store\tests\DataTransferTests\StringExtensionsTests.cs(260,17): error CS0103: The name 'Assert' does not exist in the current context
C:\gh\azure-sdk-for-net\sdk\datalake-store\Microsoft.Azure.Management.DataLake.Store\tests\DataTransferTests\SingleSegmentUploaderTests.cs(212,21): error CS0103: The name 'Assert' does not exist in the current context
C:\gh\azure-sdk-for-net\sdk\datalake-store\Microsoft.Azure.Management.DataLake.Store\tests\ScenarioTests\FileSystemOperationTests.cs(293,21): error CS0246: The type or namespace name 'ServiceClient<>' could not be found (are you missing a using directive or an assembly reference?)
C:\gh\azure-sdk-for-net\sdk\datalake-store\Microsoft.Azure.Management.DataLake.Store\tests\ScenarioTests\FileSystemOperationTests.cs(293,21): error CS0246: The type or namespace name 'IDataLakeStoreFileSystemManagementClient' could not be found (are you missing a using directive or an assembly reference?)
C:\gh\azure-sdk-for-net\sdk\datalake-store\Microsoft.Azure.Management.DataLake.Store\tests\ScenarioTests\FileSystemOperationTests.cs(293,21): error CS0246: The type or namespace name 'IAzureClient' could not be found (are you missing a using directive or an assembly reference?)
C:\gh\azure-sdk-for-net\sdk\datalake-store\Microsoft.Azure.Management.DataLake.Store\tests\ScenarioTests\FileSystemOperationTests.cs(293,21): error CS1674: 'DataLakeStoreFileSystemManagementClient': type used in a using statement must be implicitly convertible to 'System.IDisposable'.
C:\gh\azure-sdk-for-net\sdk\datalake-store\Microsoft.Azure.Management.DataLake.Store\tests\ScenarioTests\FileSystemOperationTests.cs(296,146): error CS0103: The name 'FileType' does not exist in the current context
C:\gh\azure-sdk-for-net\sdk\datalake-store\Microsoft.Azure.Management.DataLake.Store\tests\ScenarioTests\FileSystemOperationTests.cs(303,83): error CS0246: The type or namespace name 'ServiceClient<>' could not be found (are you missing a using directive or an assembly reference?)
C:\gh\azure-sdk-for-net\sdk\datalake-store\Microsoft.Azure.Management.DataLake.Store\tests\ScenarioTests\FileSystemOperationTests.cs(303,83): error CS1061: 'DataLakeStoreFileSystemManagementClient' does not contain a definition for 'FileSystem' and no accessible extension method 'FileSystem' accepting a first argument of type 'DataLakeStoreFileSystemManagementClient' could be found (are you missing a using directive or an assembly reference?)
C:\gh\azure-sdk-for-net\sdk\datalake-store\Microsoft.Azure.Management.DataLake.Store\tests\ScenarioTests\FileSystemOperationTests.cs(306,21): error CS0103: The name 'Assert' does not exist in the current context
C:\gh\azure-sdk-for-net\sdk\datalake-store\Microsoft.Azure.Management.DataLake.Store\tests\ScenarioTests\FileSystemOperationTests.cs(307,21): error CS0103: The name 'Assert' does not exist in the current context
C:\gh\azure-sdk-for-net\sdk\datalake-store\Microsoft.Azure.Management.DataLake.Store\tests\ScenarioTests\FileSystemOperationTests.cs(308,21): error CS0103: The name 'Assert' does not exist in the current context
C:\gh\azure-sdk-for-net\sdk\datalake-store\Microsoft.Azure.Management.DataLake.Store\tests\ScenarioTests\FileSystemOperationTests.cs(309,21): error CS0103: The name 'Assert' does not exist in the current context
C:\gh\azure-sdk-for-net\sdk\datalake-store\Microsoft.Azure.Management.DataLake.Store\tests\ScenarioTests\FileSystemOperationTests.cs(312,79): error CS0246: The type or namespace name 'ServiceClient<>' could not be found (are you missing a using directive or an assembly reference?)
C:\gh\azure-sdk-for-net\sdk\datalake-store\Microsoft.Azure.Management.DataLake.Store\tests\ScenarioTests\FileSystemOperationTests.cs(312,79): error CS1061: 'DataLakeStoreFileSystemManagementClient' does not contain a definition for 'FileSystem' and no accessible extension method 'FileSystem' accepting a first argument of type 'DataLakeStoreFileSystemManagementClient' could be found (are you missing a using directive or an assembly reference?)
C:\gh\azure-sdk-for-net\sdk\datalake-store\Microsoft.Azure.Management.DataLake.Store\tests\ScenarioTests\FileSystemOperationTests.cs(315,21): error CS0103: The name 'Assert' does not exist in the current context
C:\gh\azure-sdk-for-net\sdk\datalake-store\Microsoft.Azure.Management.DataLake.Store\tests\ScenarioTests\FileSystemOperationTests.cs(316,21): error CS0103: The name 'Assert' does not exist in the current context
C:\gh\azure-sdk-for-net\sdk\datalake-store\Microsoft.Azure.Management.DataLake.Store\tests\ScenarioTests\FileSystemOperationTests.cs(317,21): error CS0103: The name 'Assert' does not exist in the current context
C:\gh\azure-sdk-for-net\sdk\datalake-store\Microsoft.Azure.Management.DataLake.Store\tests\ScenarioTests\FileSystemOperationTests.cs(318,21): error CS0103: The name 'Assert' does not exist in the current context
C:\gh\azure-sdk-for-net\sdk\datalake-store\Microsoft.Azure.Management.DataLake.Store\tests\ScenarioTests\FileSystemOperationTests.cs(321,79): error CS0246: The type or namespace name 'ServiceClient<>' could not be found (are you missing a using directive or an assembly reference?)
C:\gh\azure-sdk-for-net\sdk\datalake-store\Microsoft.Azure.Management.DataLake.Store\tests\ScenarioTests\FileSystemOperationTests.cs(321,79): error CS1061: 'DataLakeStoreFileSystemManagementClient' does not contain a definition for 'FileSystem' and no accessible extension method 'FileSystem' accepting a first argument of type 'DataLakeStoreFileSystemManagementClient' could be found (are you missing a using directive or an assembly reference?)
C:\gh\azure-sdk-for-net\sdk\datalake-store\Microsoft.Azure.Management.DataLake.Store\tests\ScenarioTests\FileSystemOperationTests.cs(324,21): error CS0103: The name 'Assert' does not exist in the current context
C:\gh\azure-sdk-for-net\sdk\datalake-store\Microsoft.Azure.Management.DataLake.Store\tests\ScenarioTests\FileSystemOperationTests.cs(325,21): error CS0103: The name 'Assert' does not exist in the current context
C:\gh\azure-sdk-for-net\sdk\datalake-store\Microsoft.Azure.Management.DataLake.Store\tests\ScenarioTests\FileSystemOperationTests.cs(326,21): error CS0103: The name 'Assert' does not exist in the current context
C:\gh\azure-sdk-for-net\sdk\datalake-store\Microsoft.Azure.Management.DataLake.Store\tests\ScenarioTests\FileSystemOperationTests.cs(327,21): error CS0103: The name 'Assert' does not exist in the current context
C:\gh\azure-sdk-for-net\sdk\datalake-store\Microsoft.Azure.Management.DataLake.Store\tests\ScenarioTests\FileSystemOperationTests.cs(339,21): error CS0246: The type or namespace name 'ServiceClient<>' could not be found (are you missing a using directive or an assembly reference?)
C:\gh\azure-sdk-for-net\sdk\datalake-store\Microsoft.Azure.Management.DataLake.Store\tests\ScenarioTests\FileSystemOperationTests.cs(339,21): error CS0246: The type or namespace name 'IDataLakeStoreFileSystemManagementClient' could not be found (are you missing a using directive or an assembly reference?)
C:\gh\azure-sdk-for-net\sdk\datalake-store\Microsoft.Azure.Management.DataLake.Store\tests\ScenarioTests\FileSystemOperationTests.cs(339,21): error CS0246: The type or namespace name 'IAzureClient' could not be found (are you missing a using directive or an assembly reference?)
C:\gh\azure-sdk-for-net\sdk\datalake-store\Microsoft.Azure.Management.DataLake.Store\tests\ScenarioTests\FileSystemOperationTests.cs(339,21): error CS1674: 'DataLakeStoreFileSystemManagementClient': type used in a using statement must be implicitly convertible to 'System.IDisposable'.
C:\gh\azure-sdk-for-net\sdk\datalake-store\Microsoft.Azure.Management.DataLake.Store\tests\ScenarioTests\FileSystemOperationTests.cs(342,146): error CS0103: The name 'FileType' does not exist in the current context
C:\gh\azure-sdk-for-net\sdk\datalake-store\Microsoft.Azure.Management.DataLake.Store\tests\ScenarioTests\FileSystemOperationTests.cs(345,62): error CS0246: The type or namespace name 'ServiceClient<>' could not be found (are you missing a using directive or an assembly reference?)
C:\gh\azure-sdk-for-net\sdk\datalake-store\Microsoft.Azure.Management.DataLake.Store\tests\ScenarioTests\FileSystemOperationTests.cs(345,62): error CS1061: 'DataLakeStoreFileSystemManagementClient' does not contain a definition for 'FileSystem' and no accessible extension method 'FileSystem' accepting a first argument of type 'DataLakeStoreFileSystemManagementClient' could be found (are you missing a using directive or an assembly reference?)
C:\gh\azure-sdk-for-net\sdk\datalake-store\Microsoft.Azure.Management.DataLake.Store\tests\ScenarioTests\FileSystemOperationTests.cs(348,146): error CS0103: The name 'FileType' does not exist in the current context
C:\gh\azure-sdk-for-net\sdk\datalake-store\Microsoft.Azure.Management.DataLake.Store\tests\DataTransferTests\StringExtensionsTests.cs(274,17): error CS0103: The name 'Assert' does not exist in the current context
C:\gh\azure-sdk-for-net\sdk\datalake-store\Microsoft.Azure.Management.DataLake.Store\tests\DataTransferTests\StringExtensionsTests.cs(277,17): error CS0103: The name 'Assert' does not exist in the current context
C:\gh\azure-sdk-for-net\sdk\datalake-store\Microsoft.Azure.Management.DataLake.Store\tests\DataTransferTests\StringExtensionsTests.cs(280,17): error CS0103: The name 'Assert' does not exist in the current context
C:\gh\azure-sdk-for-net\sdk\datalake-store\Microsoft.Azure.Management.DataLake.Store\tests\DataTransferTests\StringExtensionsTests.cs(283,17): error CS0103: The name 'Assert' does not exist in the current context
C:\gh\azure-sdk-for-net\sdk\datalake-store\Microsoft.Azure.Management.DataLake.Store\tests\DataTransferTests\StringExtensionsTests.cs(293,17): error CS0103: The name 'Assert' does not exist in the current context
C:\gh\azure-sdk-for-net\sdk\datalake-store\Microsoft.Azure.Management.DataLake.Store\tests\DataTransferTests\StringExtensionsTests.cs(296,17): error CS0103: The name 'Assert' does not exist in the current context
C:\gh\azure-sdk-for-net\sdk\datalake-store\Microsoft.Azure.Management.DataLake.Store\tests\DataTransferTests\StringExtensionsTests.cs(299,17): error CS0103: The name 'Assert' does not exist in the current context
C:\gh\azure-sdk-for-net\sdk\datalake-store\Microsoft.Azure.Management.DataLake.Store\tests\DataTransferTests\StringExtensionsTests.cs(302,17): error CS0103: The name 'Assert' does not exist in the current context
C:\gh\azure-sdk-for-net\sdk\datalake-store\Microsoft.Azure.Management.DataLake.Store\tests\ScenarioTests\FileSystemOperationTests.cs(361,21): error CS0246: The type or namespace name 'ServiceClient<>' could not be found (are you missing a using directive or an assembly reference?)
C:\gh\azure-sdk-for-net\sdk\datalake-store\Microsoft.Azure.Management.DataLake.Store\tests\ScenarioTests\FileSystemOperationTests.cs(361,21): error CS0246: The type or namespace name 'IDataLakeStoreFileSystemManagementClient' could not be found (are you missing a using directive or an assembly reference?)
C:\gh\azure-sdk-for-net\sdk\datalake-store\Microsoft.Azure.Management.DataLake.Store\tests\ScenarioTests\FileSystemOperationTests.cs(361,21): error CS0246: The type or namespace name 'IAzureClient' could not be found (are you missing a using directive or an assembly reference?)
C:\gh\azure-sdk-for-net\sdk\datalake-store\Microsoft.Azure.Management.DataLake.Store\tests\ScenarioTests\FileSystemOperationTests.cs(361,21): error CS1674: 'DataLakeStoreFileSystemManagementClient': type used in a using statement must be implicitly convertible to 'System.IDisposable'.
C:\gh\azure-sdk-for-net\sdk\datalake-store\Microsoft.Azure.Management.DataLake.Store\tests\ScenarioTests\FileSystemOperationTests.cs(364,146): error CS0103: The name 'FileType' does not exist in the current context
C:\gh\azure-sdk-for-net\sdk\datalake-store\Microsoft.Azure.Management.DataLake.Store\tests\ScenarioTests\FileSystemOperationTests.cs(367,62): error CS0246: The type or namespace name 'ServiceClient<>' could not be found (are you missing a using directive or an assembly reference?)
C:\gh\azure-sdk-for-net\sdk\datalake-store\Microsoft.Azure.Management.DataLake.Store\tests\ScenarioTests\FileSystemOperationTests.cs(367,62): error CS1061: 'DataLakeStoreFileSystemManagementClient' does not contain a definition for 'FileSystem' and no accessible extension method 'FileSystem' accepting a first argument of type 'DataLakeStoreFileSystemManagementClient' could be found (are you missing a using directive or an assembly reference?)
C:\gh\azure-sdk-for-net\sdk\datalake-store\Microsoft.Azure.Management.DataLake.Store\tests\ScenarioTests\FileSystemOperationTests.cs(370,146): error CS0103: The name 'FileType' does not exist in the current context
C:\gh\azure-sdk-for-net\sdk\datalake-store\Microsoft.Azure.Management.DataLake.Store\tests\ScenarioTests\FileSystemOperationTests.cs(383,21): error CS0246: The type or namespace name 'ServiceClient<>' could not be found (are you missing a using directive or an assembly reference?)
C:\gh\azure-sdk-for-net\sdk\datalake-store\Microsoft.Azure.Management.DataLake.Store\tests\ScenarioTests\FileSystemOperationTests.cs(383,21): error CS0246: The type or namespace name 'IDataLakeStoreFileSystemManagementClient' could not be found (are you missing a using directive or an assembly reference?)
C:\gh\azure-sdk-for-net\sdk\datalake-store\Microsoft.Azure.Management.DataLake.Store\tests\ScenarioTests\FileSystemOperationTests.cs(383,21): error CS0246: The type or namespace name 'IAzureClient' could not be found (are you missing a using directive or an assembly reference?)
C:\gh\azure-sdk-for-net\sdk\datalake-store\Microsoft.Azure.Management.DataLake.Store\tests\ScenarioTests\FileSystemOperationTests.cs(383,21): error CS1674: 'DataLakeStoreFileSystemManagementClient': type used in a using statement must be implicitly convertible to 'System.IDisposable'.
C:\gh\azure-sdk-for-net\sdk\datalake-store\Microsoft.Azure.Management.DataLake.Store\tests\ScenarioTests\FileSystemOperationTests.cs(386,146): error CS0103: The name 'FileType' does not exist in the current context
C:\gh\azure-sdk-for-net\sdk\datalake-store\Microsoft.Azure.Management.DataLake.Store\tests\ScenarioTests\FileSystemOperationTests.cs(391,66): error CS0246: The type or namespace name 'ServiceClient<>' could not be found (are you missing a using directive or an assembly reference?)
C:\gh\azure-sdk-for-net\sdk\datalake-store\Microsoft.Azure.Management.DataLake.Store\tests\ScenarioTests\FileSystemOperationTests.cs(391,66): error CS1061: 'DataLakeStoreFileSystemManagementClient' does not contain a definition for 'FileSystem' and no accessible extension method 'FileSystem' accepting a first argument of type 'DataLakeStoreFileSystemManagementClient' could be found (are you missing a using directive or an assembly reference?)
C:\gh\azure-sdk-for-net\sdk\datalake-store\Microsoft.Azure.Management.DataLake.Store\tests\ScenarioTests\FileSystemOperationTests.cs(393,25): error CS0103: The name 'Assert' does not exist in the current context
C:\gh\azure-sdk-for-net\sdk\datalake-store\Microsoft.Azure.Management.DataLake.Store\tests\ScenarioTests\FileSystemOperationTests.cs(395,28): error CS0246: The type or namespace name 'AdlsErrorException' could not be found (are you missing a using directive or an assembly reference?)
C:\gh\azure-sdk-for-net\sdk\datalake-store\Microsoft.Azure.Management.DataLake.Store\tests\ScenarioTests\FileSystemOperationTests.cs(397,25): error CS0103: The name 'Assert' does not exist in the current context
C:\gh\azure-sdk-for-net\sdk\datalake-store\Microsoft.Azure.Management.DataLake.Store\tests\ScenarioTests\FileSystemOperationTests.cs(397,45): error CS0246: The type or namespace name 'AdlsBadOffsetException' could not be found (are you missing a using directive or an assembly reference?)
C:\gh\azure-sdk-for-net\sdk\datalake-store\Microsoft.Azure.Management.DataLake.Store\tests\DataTransferTests\SingleSegmentUploaderTests.cs(232,13): error CS0103: The name 'Assert' does not exist in the current context
C:\gh\azure-sdk-for-net\sdk\datalake-store\Microsoft.Azure.Management.DataLake.Store\tests\DataTransferTests\DataLakeStoreClientTests.cs(312,13): error CS0103: The name 'Assert' does not exist in the current context
C:\gh\azure-sdk-for-net\sdk\datalake-store\Microsoft.Azure.Management.DataLake.Store\tests\DataTransferTests\DataLakeStoreClientTests.cs(320,13): error CS0103: The name 'Assert' does not exist in the current context
C:\gh\azure-sdk-for-net\sdk\datalake-store\Microsoft.Azure.Management.DataLake.Store\tests\DataTransferTests\StringExtensionsTests.cs(316,17): error CS0103: The name 'Assert' does not exist in the current context
C:\gh\azure-sdk-for-net\sdk\datalake-store\Microsoft.Azure.Management.DataLake.Store\tests\DataTransferTests\StringExtensionsTests.cs(319,17): error CS0103: The name 'Assert' does not exist in the current context
C:\gh\azure-sdk-for-net\sdk\datalake-store\Microsoft.Azure.Management.DataLake.Store\tests\DataTransferTests\StringExtensionsTests.cs(322,17): error CS0103: The name 'Assert' does not exist in the current context
C:\gh\azure-sdk-for-net\sdk\datalake-store\Microsoft.Azure.Management.DataLake.Store\tests\DataTransferTests\StringExtensionsTests.cs(325,17): error CS0103: The name 'Assert' does not exist in the current context
C:\gh\azure-sdk-for-net\sdk\datalake-store\Microsoft.Azure.Management.DataLake.Store\tests\DataTransferTests\StringExtensionsTests.cs(335,17): error CS0103: The name 'Assert' does not exist in the current context
C:\gh\azure-sdk-for-net\sdk\datalake-store\Microsoft.Azure.Management.DataLake.Store\tests\DataTransferTests\StringExtensionsTests.cs(338,17): error CS0103: The name 'Assert' does not exist in the current context
C:\gh\azure-sdk-for-net\sdk\datalake-store\Microsoft.Azure.Management.DataLake.Store\tests\DataTransferTests\StringExtensionsTests.cs(341,17): error CS0103: The name 'Assert' does not exist in the current context
C:\gh\azure-sdk-for-net\sdk\datalake-store\Microsoft.Azure.Management.DataLake.Store\tests\DataTransferTests\StringExtensionsTests.cs(344,17): error CS0103: The name 'Assert' does not exist in the current context
C:\gh\azure-sdk-for-net\sdk\datalake-store\Microsoft.Azure.Management.DataLake.Store\tests\ScenarioTests\FileSystemOperationTests.cs(410,21): error CS0246: The type or namespace name 'ServiceClient<>' could not be found (are you missing a using directive or an assembly reference?)
C:\gh\azure-sdk-for-net\sdk\datalake-store\Microsoft.Azure.Management.DataLake.Store\tests\ScenarioTests\FileSystemOperationTests.cs(410,21): error CS0246: The type or namespace name 'IDataLakeStoreFileSystemManagementClient' could not be found (are you missing a using directive or an assembly reference?)
C:\gh\azure-sdk-for-net\sdk\datalake-store\Microsoft.Azure.Management.DataLake.Store\tests\ScenarioTests\FileSystemOperationTests.cs(410,21): error CS0246: The type or namespace name 'IAzureClient' could not be found (are you missing a using directive or an assembly reference?)
C:\gh\azure-sdk-for-net\sdk\datalake-store\Microsoft.Azure.Management.DataLake.Store\tests\ScenarioTests\FileSystemOperationTests.cs(410,21): error CS1674: 'DataLakeStoreFileSystemManagementClient': type used in a using statement must be implicitly convertible to 'System.IDisposable'.
C:\gh\azure-sdk-for-net\sdk\datalake-store\Microsoft.Azure.Management.DataLake.Store\tests\ScenarioTests\FileSystemOperationTests.cs(413,146): error CS0103: The name 'FileType' does not exist in the current context
C:\gh\azure-sdk-for-net\sdk\datalake-store\Microsoft.Azure.Management.DataLake.Store\tests\ScenarioTests\FileSystemOperationTests.cs(416,62): error CS0246: The type or namespace name 'ServiceClient<>' could not be found (are you missing a using directive or an assembly reference?)
C:\gh\azure-sdk-for-net\sdk\datalake-store\Microsoft.Azure.Management.DataLake.Store\tests\ScenarioTests\FileSystemOperationTests.cs(416,62): error CS1061: 'DataLakeStoreFileSystemManagementClient' does not contain a definition for 'FileSystem' and no accessible extension method 'FileSystem' accepting a first argument of type 'DataLakeStoreFileSystemManagementClient' could be found (are you missing a using directive or an assembly reference?)
C:\gh\azure-sdk-for-net\sdk\datalake-store\Microsoft.Azure.Management.DataLake.Store\tests\ScenarioTests\FileSystemOperationTests.cs(422,146): error CS0103: The name 'FileType' does not exist in the current context
C:\gh\azure-sdk-for-net\sdk\datalake-store\Microsoft.Azure.Management.DataLake.Store\tests\DataTransferTests\DataLakeStoreClientTests.cs(342,13): error CS0103: The name 'Assert' does not exist in the current context
C:\gh\azure-sdk-for-net\sdk\datalake-store\Microsoft.Azure.Management.DataLake.Store\tests\DataTransferTests\DataLakeStoreClientTests.cs(343,13): error CS0103: The name 'Assert' does not exist in the current context
C:\gh\azure-sdk-for-net\sdk\datalake-store\Microsoft.Azure.Management.DataLake.Store\tests\DataTransferTests\DataLakeStoreClientTests.cs(344,13): error CS0103: The name 'Assert' does not exist in the current context
C:\gh\azure-sdk-for-net\sdk\datalake-store\Microsoft.Azure.Management.DataLake.Store\tests\DataTransferTests\DataLakeStoreClientTests.cs(369,13): error CS0103: The name 'Assert' does not exist in the current context
C:\gh\azure-sdk-for-net\sdk\datalake-store\Microsoft.Azure.Management.DataLake.Store\tests\DataTransferTests\DataLakeStoreClientTests.cs(370,13): error CS0103: The name 'Assert' does not exist in the current context
C:\gh\azure-sdk-for-net\sdk\datalake-store\Microsoft.Azure.Management.DataLake.Store\tests\ScenarioTests\AccountOperationTests.cs(40,17): error CS0103: The name 'Assert' does not exist in the current context
C:\gh\azure-sdk-for-net\sdk\datalake-store\Microsoft.Azure.Management.DataLake.Store\tests\ScenarioTests\AccountOperationTests.cs(64,17): error CS0103: The name 'Assert' does not exist in the current context
C:\gh\azure-sdk-for-net\sdk\datalake-store\Microsoft.Azure.Management.DataLake.Store\tests\ScenarioTests\AccountOperationTests.cs(73,17): error CS0103: The name 'Assert' does not exist in the current context
C:\gh\azure-sdk-for-net\sdk\datalake-store\Microsoft.Azure.Management.DataLake.Store\tests\ScenarioTests\AccountOperationTests.cs(83,17): error CS0103: The name 'Assert' does not exist in the current context
C:\gh\azure-sdk-for-net\sdk\datalake-store\Microsoft.Azure.Management.DataLake.Store\tests\ScenarioTests\AccountOperationTests.cs(84,17): error CS0103: The name 'Assert' does not exist in the current context
C:\gh\azure-sdk-for-net\sdk\datalake-store\Microsoft.Azure.Management.DataLake.Store\tests\ScenarioTests\AccountOperationTests.cs(85,17): error CS0103: The name 'Assert' does not exist in the current context
C:\gh\azure-sdk-for-net\sdk\datalake-store\Microsoft.Azure.Management.DataLake.Store\tests\ScenarioTests\AccountOperationTests.cs(86,17): error CS0103: The name 'Assert' does not exist in the current context
C:\gh\azure-sdk-for-net\sdk\datalake-store\Microsoft.Azure.Management.DataLake.Store\tests\ScenarioTests\AccountOperationTests.cs(87,17): error CS0103: The name 'Assert' does not exist in the current context
C:\gh\azure-sdk-for-net\sdk\datalake-store\Microsoft.Azure.Management.DataLake.Store\tests\ScenarioTests\AccountOperationTests.cs(88,17): error CS0103: The name 'Assert' does not exist in the current context
C:\gh\azure-sdk-for-net\sdk\datalake-store\Microsoft.Azure.Management.DataLake.Store\tests\ScenarioTests\AccountOperationTests.cs(89,17): error CS0103: The name 'Assert' does not exist in the current context
C:\gh\azure-sdk-for-net\sdk\datalake-store\Microsoft.Azure.Management.DataLake.Store\tests\ScenarioTests\AccountOperationTests.cs(90,17): error CS0103: The name 'Assert' does not exist in the current context
C:\gh\azure-sdk-for-net\sdk\datalake-store\Microsoft.Azure.Management.DataLake.Store\tests\ScenarioTests\AccountOperationTests.cs(91,17): error CS0103: The name 'Assert' does not exist in the current context
C:\gh\azure-sdk-for-net\sdk\datalake-store\Microsoft.Azure.Management.DataLake.Store\tests\ScenarioTests\AccountOperationTests.cs(92,17): error CS0103: The name 'Assert' does not exist in the current context
C:\gh\azure-sdk-for-net\sdk\datalake-store\Microsoft.Azure.Management.DataLake.Store\tests\ScenarioTests\AccountOperationTests.cs(112,17): error CS0103: The name 'Assert' does not exist in the current context
C:\gh\azure-sdk-for-net\sdk\datalake-store\Microsoft.Azure.Management.DataLake.Store\tests\ScenarioTests\AccountOperationTests.cs(115,17): error CS0103: The name 'Assert' does not exist in the current context
C:\gh\azure-sdk-for-net\sdk\datalake-store\Microsoft.Azure.Management.DataLake.Store\tests\ScenarioTests\AccountOperationTests.cs(116,17): error CS0103: The name 'Assert' does not exist in the current context
C:\gh\azure-sdk-for-net\sdk\datalake-store\Microsoft.Azure.Management.DataLake.Store\tests\ScenarioTests\AccountOperationTests.cs(117,17): error CS0103: The name 'Assert' does not exist in the current context
C:\gh\azure-sdk-for-net\sdk\datalake-store\Microsoft.Azure.Management.DataLake.Store\tests\ScenarioTests\AccountOperationTests.cs(118,17): error CS0103: The name 'Assert' does not exist in the current context
C:\gh\azure-sdk-for-net\sdk\datalake-store\Microsoft.Azure.Management.DataLake.Store\tests\ScenarioTests\AccountOperationTests.cs(135,17): error CS0103: The name 'Assert' does not exist in the current context
C:\gh\azure-sdk-for-net\sdk\datalake-store\Microsoft.Azure.Management.DataLake.Store\tests\ScenarioTests\AccountOperationTests.cs(143,17): error CS0103: The name 'Assert' does not exist in the current context
C:\gh\azure-sdk-for-net\sdk\datalake-store\Microsoft.Azure.Management.DataLake.Store\tests\ScenarioTests\AccountOperationTests.cs(144,17): error CS0103: The name 'Assert' does not exist in the current context
C:\gh\azure-sdk-for-net\sdk\datalake-store\Microsoft.Azure.Management.DataLake.Store\tests\ScenarioTests\AccountOperationTests.cs(145,17): error CS0103: The name 'Assert' does not exist in the current context
C:\gh\azure-sdk-for-net\sdk\datalake-store\Microsoft.Azure.Management.DataLake.Store\tests\ScenarioTests\AccountOperationTests.cs(146,17): error CS0103: The name 'Assert' does not exist in the current context
C:\gh\azure-sdk-for-net\sdk\datalake-store\Microsoft.Azure.Management.DataLake.Store\tests\ScenarioTests\AccountOperationTests.cs(147,17): error CS0103: The name 'Assert' does not exist in the current context
C:\gh\azure-sdk-for-net\sdk\datalake-store\Microsoft.Azure.Management.DataLake.Store\tests\ScenarioTests\AccountOperationTests.cs(150,17): error CS0103: The name 'Assert' does not exist in the current context
C:\gh\azure-sdk-for-net\sdk\datalake-store\Microsoft.Azure.Management.DataLake.Store\tests\ScenarioTests\AccountOperationTests.cs(151,17): error CS0103: The name 'Assert' does not exist in the current context
C:\gh\azure-sdk-for-net\sdk\datalake-store\Microsoft.Azure.Management.DataLake.Store\tests\ScenarioTests\AccountOperationTests.cs(152,17): error CS0103: The name 'Assert' does not exist in the current context
C:\gh\azure-sdk-for-net\sdk\datalake-store\Microsoft.Azure.Management.DataLake.Store\tests\ScenarioTests\AccountOperationTests.cs(153,17): error CS0103: The name 'Assert' does not exist in the current context
C:\gh\azure-sdk-for-net\sdk\datalake-store\Microsoft.Azure.Management.DataLake.Store\tests\ScenarioTests\AccountOperationTests.cs(154,17): error CS0103: The name 'Assert' does not exist in the current context
C:\gh\azure-sdk-for-net\sdk\datalake-store\Microsoft.Azure.Management.DataLake.Store\tests\ScenarioTests\AccountOperationTests.cs(166,36): error CS0246: The type or namespace name 'IPage<>' could not be found (are you missing a using directive or an assembly reference?)
C:\gh\azure-sdk-for-net\sdk\datalake-store\Microsoft.Azure.Management.DataLake.Store\tests\ScenarioTests\AccountOperationTests.cs(169,17): error CS0103: The name 'Assert' does not exist in the current context
C:\gh\azure-sdk-for-net\sdk\datalake-store\Microsoft.Azure.Management.DataLake.Store\tests\ScenarioTests\AccountOperationTests.cs(173,21): error CS0246: The type or namespace name 'IPage<>' could not be found (are you missing a using directive or an assembly reference?)
C:\gh\azure-sdk-for-net\sdk\datalake-store\Microsoft.Azure.Management.DataLake.Store\tests\ScenarioTests\AccountOperationTests.cs(178,17): error CS0103: The name 'Assert' does not exist in the current context
C:\gh\azure-sdk-for-net\sdk\datalake-store\Microsoft.Azure.Management.DataLake.Store\tests\ScenarioTests\AccountOperationTests.cs(181,17): error CS0103: The name 'Assert' does not exist in the current context
C:\gh\azure-sdk-for-net\sdk\datalake-store\Microsoft.Azure.Management.DataLake.Store\tests\ScenarioTests\AccountOperationTests.cs(194,17): error CS0103: The name 'Assert' does not exist in the current context
C:\gh\azure-sdk-for-net\sdk\datalake-store\Microsoft.Azure.Management.DataLake.Store\tests\ScenarioTests\AccountOperationTests.cs(196,39): error CS0246: The type or namespace name 'IPage<>' could not be found (are you missing a using directive or an assembly reference?)
C:\gh\azure-sdk-for-net\sdk\datalake-store\Microsoft.Azure.Management.DataLake.Store\tests\ScenarioTests\AccountOperationTests.cs(198,17): error CS0103: The name 'Assert' does not exist in the current context
C:\gh\azure-sdk-for-net\sdk\datalake-store\Microsoft.Azure.Management.DataLake.Store\tests\ScenarioTests\AccountOperationTests.cs(219,17): error CS0103: The name 'Assert' does not exist in the current context
C:\gh\azure-sdk-for-net\sdk\datalake-store\Microsoft.Azure.Management.DataLake.Store\tests\ScenarioTests\FileSystemOperationTests.cs(435,21): error CS0246: The type or namespace name 'ServiceClient<>' could not be found (are you missing a using directive or an assembly reference?)
C:\gh\azure-sdk-for-net\sdk\datalake-store\Microsoft.Azure.Management.DataLake.Store\tests\ScenarioTests\FileSystemOperationTests.cs(435,21): error CS0246: The type or namespace name 'IDataLakeStoreFileSystemManagementClient' could not be found (are you missing a using directive or an assembly reference?)
C:\gh\azure-sdk-for-net\sdk\datalake-store\Microsoft.Azure.Management.DataLake.Store\tests\ScenarioTests\FileSystemOperationTests.cs(435,21): error CS0246: The type or namespace name 'IAzureClient' could not be found (are you missing a using directive or an assembly reference?)
C:\gh\azure-sdk-for-net\sdk\datalake-store\Microsoft.Azure.Management.DataLake.Store\tests\ScenarioTests\FileSystemOperationTests.cs(435,21): error CS1674: 'DataLakeStoreFileSystemManagementClient': type used in a using statement must be implicitly convertible to 'System.IDisposable'.
C:\gh\azure-sdk-for-net\sdk\datalake-store\Microsoft.Azure.Management.DataLake.Store\tests\ScenarioTests\FileSystemOperationTests.cs(440,62): error CS0246: The type or namespace name 'ServiceClient<>' could not be found (are you missing a using directive or an assembly reference?)
C:\gh\azure-sdk-for-net\sdk\datalake-store\Microsoft.Azure.Management.DataLake.Store\tests\ScenarioTests\FileSystemOperationTests.cs(440,62): error CS1061: 'DataLakeStoreFileSystemManagementClient' does not contain a definition for 'FileSystem' and no accessible extension method 'FileSystem' accepting a first argument of type 'DataLakeStoreFileSystemManagementClient' could be found (are you missing a using directive or an assembly reference?)
C:\gh\azure-sdk-for-net\sdk\datalake-store\Microsoft.Azure.Management.DataLake.Store\tests\ScenarioTests\FileSystemOperationTests.cs(441,89): error CS0103: The name 'AppendModeType' does not exist in the current context
C:\gh\azure-sdk-for-net\sdk\datalake-store\Microsoft.Azure.Management.DataLake.Store\tests\ScenarioTests\FileSystemOperationTests.cs(446,21): error CS0103: The name 'Assert' does not exist in the current context
C:\gh\azure-sdk-for-net\sdk\datalake-store\Microsoft.Azure.Management.DataLake.Store\tests\ScenarioTests\FileSystemOperationTests.cs(446,35): error CS0246: The type or namespace name 'AdlsErrorException' could not be found (are you missing a using directive or an assembly reference?)
C:\gh\azure-sdk-for-net\sdk\datalake-store\Microsoft.Azure.Management.DataLake.Store\tests\ScenarioTests\FileSystemOperationTests.cs(455,21): error CS0103: The name 'Assert' does not exist in the current context
C:\gh\azure-sdk-for-net\sdk\datalake-store\Microsoft.Azure.Management.DataLake.Store\tests\ScenarioTests\FileSystemOperationTests.cs(455,35): error CS0246: The type or namespace name 'AdlsErrorException' could not be found (are you missing a using directive or an assembly reference?)
C:\gh\azure-sdk-for-net\sdk\datalake-store\Microsoft.Azure.Management.DataLake.Store\tests\DataTransferTests\StringExtensionsTests.cs(358,17): error CS0103: The name 'Assert' does not exist in the current context
C:\gh\azure-sdk-for-net\sdk\datalake-store\Microsoft.Azure.Management.DataLake.Store\tests\DataTransferTests\StringExtensionsTests.cs(361,17): error CS0103: The name 'Assert' does not exist in the current context
C:\gh\azure-sdk-for-net\sdk\datalake-store\Microsoft.Azure.Management.DataLake.Store\tests\DataTransferTests\StringExtensionsTests.cs(364,17): error CS0103: The name 'Assert' does not exist in the current context
C:\gh\azure-sdk-for-net\sdk\datalake-store\Microsoft.Azure.Management.DataLake.Store\tests\DataTransferTests\StringExtensionsTests.cs(367,17): error CS0103: The name 'Assert' does not exist in the current context
C:\gh\azure-sdk-for-net\sdk\datalake-store\Microsoft.Azure.Management.DataLake.Store\tests\DataTransferTests\StringExtensionsTests.cs(386,17): error CS0103: The name 'Assert' does not exist in the current context
C:\gh\azure-sdk-for-net\sdk\datalake-store\Microsoft.Azure.Management.DataLake.Store\tests\DataTransferTests\StringExtensionsTests.cs(389,17): error CS0103: The name 'Assert' does not exist in the current context
C:\gh\azure-sdk-for-net\sdk\datalake-store\Microsoft.Azure.Management.DataLake.Store\tests\DataTransferTests\StringExtensionsTests.cs(393,17): error CS0103: The name 'Assert' does not exist in the current context
C:\gh\azure-sdk-for-net\sdk\datalake-store\Microsoft.Azure.Management.DataLake.Store\tests\DataTransferTests\StringExtensionsTests.cs(396,17): error CS0103: The name 'Assert' does not exist in the current context
C:\gh\azure-sdk-for-net\sdk\datalake-store\Microsoft.Azure.Management.DataLake.Store\tests\ScenarioTests\FileSystemOperationTests.cs(470,21): error CS0246: The type or namespace name 'ServiceClient<>' could not be found (are you missing a using directive or an assembly reference?)
C:\gh\azure-sdk-for-net\sdk\datalake-store\Microsoft.Azure.Management.DataLake.Store\tests\ScenarioTests\FileSystemOperationTests.cs(470,21): error CS0246: The type or namespace name 'IDataLakeStoreFileSystemManagementClient' could not be found (are you missing a using directive or an assembly reference?)
C:\gh\azure-sdk-for-net\sdk\datalake-store\Microsoft.Azure.Management.DataLake.Store\tests\ScenarioTests\FileSystemOperationTests.cs(470,21): error CS0246: The type or namespace name 'IAzureClient' could not be found (are you missing a using directive or an assembly reference?)
C:\gh\azure-sdk-for-net\sdk\datalake-store\Microsoft.Azure.Management.DataLake.Store\tests\ScenarioTests\FileSystemOperationTests.cs(470,21): error CS1674: 'DataLakeStoreFileSystemManagementClient': type used in a using statement must be implicitly convertible to 'System.IDisposable'.
C:\gh\azure-sdk-for-net\sdk\datalake-store\Microsoft.Azure.Management.DataLake.Store\tests\ScenarioTests\FileSystemOperationTests.cs(475,62): error CS0246: The type or namespace name 'ServiceClient<>' could not be found (are you missing a using directive or an assembly reference?)
C:\gh\azure-sdk-for-net\sdk\datalake-store\Microsoft.Azure.Management.DataLake.Store\tests\ScenarioTests\FileSystemOperationTests.cs(475,62): error CS1061: 'DataLakeStoreFileSystemManagementClient' does not contain a definition for 'FileSystem' and no accessible extension method 'FileSystem' accepting a first argument of type 'DataLakeStoreFileSystemManagementClient' could be found (are you missing a using directive or an assembly reference?)
C:\gh\azure-sdk-for-net\sdk\datalake-store\Microsoft.Azure.Management.DataLake.Store\tests\ScenarioTests\FileSystemOperationTests.cs(476,89): error CS0103: The name 'AppendModeType' does not exist in the current context
C:\gh\azure-sdk-for-net\sdk\datalake-store\Microsoft.Azure.Management.DataLake.Store\tests\ScenarioTests\FileSystemOperationTests.cs(481,146): error CS0103: The name 'FileType' does not exist in the current context
C:\gh\azure-sdk-for-net\sdk\datalake-store\Microsoft.Azure.Management.DataLake.Store\tests\ScenarioTests\FileSystemOperationTests.cs(493,21): error CS0246: The type or namespace name 'ServiceClient<>' could not be found (are you missing a using directive or an assembly reference?)
C:\gh\azure-sdk-for-net\sdk\datalake-store\Microsoft.Azure.Management.DataLake.Store\tests\ScenarioTests\FileSystemOperationTests.cs(493,21): error CS0246: The type or namespace name 'IDataLakeStoreFileSystemManagementClient' could not be found (are you missing a using directive or an assembly reference?)
C:\gh\azure-sdk-for-net\sdk\datalake-store\Microsoft.Azure.Management.DataLake.Store\tests\ScenarioTests\FileSystemOperationTests.cs(493,21): error CS0246: The type or namespace name 'IAzureClient' could not be found (are you missing a using directive or an assembly reference?)
C:\gh\azure-sdk-for-net\sdk\datalake-store\Microsoft.Azure.Management.DataLake.Store\tests\ScenarioTests\FileSystemOperationTests.cs(493,21): error CS1674: 'DataLakeStoreFileSystemManagementClient': type used in a using statement must be implicitly convertible to 'System.IDisposable'.
C:\gh\azure-sdk-for-net\sdk\datalake-store\Microsoft.Azure.Management.DataLake.Store\tests\ScenarioTests\FileSystemOperationTests.cs(496,147): error CS0103: The name 'FileType' does not exist in the current context
C:\gh\azure-sdk-for-net\sdk\datalake-store\Microsoft.Azure.Management.DataLake.Store\tests\ScenarioTests\FileSystemOperationTests.cs(500,147): error CS0103: The name 'FileType' does not exist in the current context
C:\gh\azure-sdk-for-net\sdk\datalake-store\Microsoft.Azure.Management.DataLake.Store\tests\ScenarioTests\FileSystemOperationTests.cs(505,62): error CS0246: The type or namespace name 'ServiceClient<>' could not be found (are you missing a using directive or an assembly reference?)
C:\gh\azure-sdk-for-net\sdk\datalake-store\Microsoft.Azure.Management.DataLake.Store\tests\ScenarioTests\FileSystemOperationTests.cs(505,62): error CS1061: 'DataLakeStoreFileSystemManagementClient' does not contain a definition for 'FileSystem' and no accessible extension method 'FileSystem' accepting a first argument of type 'DataLakeStoreFileSystemManagementClient' could be found (are you missing a using directive or an assembly reference?)
C:\gh\azure-sdk-for-net\sdk\datalake-store\Microsoft.Azure.Management.DataLake.Store\tests\ScenarioTests\FileSystemOperationTests.cs(512,25): error CS0103: The name 'FileType' does not exist in the current context
C:\gh\azure-sdk-for-net\sdk\datalake-store\Microsoft.Azure.Management.DataLake.Store\tests\ScenarioTests\FileSystemOperationTests.cs(516,21): error CS0103: The name 'Assert' does not exist in the current context
C:\gh\azure-sdk-for-net\sdk\datalake-store\Microsoft.Azure.Management.DataLake.Store\tests\ScenarioTests\FileSystemOperationTests.cs(516,35): error CS0246: The type or namespace name 'AdlsErrorException' could not be found (are you missing a using directive or an assembly reference?)
C:\gh\azure-sdk-for-net\sdk\datalake-store\Microsoft.Azure.Management.DataLake.Store\tests\ScenarioTests\FileSystemOperationTests.cs(520,21): error CS0103: The name 'Assert' does not exist in the current context
C:\gh\azure-sdk-for-net\sdk\datalake-store\Microsoft.Azure.Management.DataLake.Store\tests\ScenarioTests\FileSystemOperationTests.cs(520,35): error CS0246: The type or namespace name 'AdlsErrorException' could not be found (are you missing a using directive or an assembly reference?)
C:\gh\azure-sdk-for-net\sdk\datalake-store\Microsoft.Azure.Management.DataLake.Store\tests\DataTransferTests\SingleSegmentUploaderTests.cs(292,17): error CS0103: The name 'Assert' does not exist in the current context
C:\gh\azure-sdk-for-net\sdk\datalake-store\Microsoft.Azure.Management.DataLake.Store\tests\ScenarioTests\FileSystemOperationTests.cs(535,21): error CS0246: The type or namespace name 'ServiceClient<>' could not be found (are you missing a using directive or an assembly reference?)
C:\gh\azure-sdk-for-net\sdk\datalake-store\Microsoft.Azure.Management.DataLake.Store\tests\ScenarioTests\FileSystemOperationTests.cs(535,21): error CS0246: The type or namespace name 'IDataLakeStoreFileSystemManagementClient' could not be found (are you missing a using directive or an assembly reference?)
C:\gh\azure-sdk-for-net\sdk\datalake-store\Microsoft.Azure.Management.DataLake.Store\tests\ScenarioTests\FileSystemOperationTests.cs(535,21): error CS0246: The type or namespace name 'IAzureClient' could not be found (are you missing a using directive or an assembly reference?)
C:\gh\azure-sdk-for-net\sdk\datalake-store\Microsoft.Azure.Management.DataLake.Store\tests\ScenarioTests\FileSystemOperationTests.cs(535,21): error CS1674: 'DataLakeStoreFileSystemManagementClient': type used in a using statement must be implicitly convertible to 'System.IDisposable'.
C:\gh\azure-sdk-for-net\sdk\datalake-store\Microsoft.Azure.Management.DataLake.Store\tests\ScenarioTests\FileSystemOperationTests.cs(538,147): error CS0103: The name 'FileType' does not exist in the current context
C:\gh\azure-sdk-for-net\sdk\datalake-store\Microsoft.Azure.Management.DataLake.Store\tests\ScenarioTests\FileSystemOperationTests.cs(542,147): error CS0103: The name 'FileType' does not exist in the current context
C:\gh\azure-sdk-for-net\sdk\datalake-store\Microsoft.Azure.Management.DataLake.Store\tests\ScenarioTests\FileSystemOperationTests.cs(547,62): error CS0246: The type or namespace name 'ServiceClient<>' could not be found (are you missing a using directive or an assembly reference?)
C:\gh\azure-sdk-for-net\sdk\datalake-store\Microsoft.Azure.Management.DataLake.Store\tests\ScenarioTests\FileSystemOperationTests.cs(547,62): error CS1061: 'DataLakeStoreFileSystemManagementClient' does not contain a definition for 'FileSystem' and no accessible extension method 'FileSystem' accepting a first argument of type 'DataLakeStoreFileSystemManagementClient' could be found (are you missing a using directive or an assembly reference?)
C:\gh\azure-sdk-for-net\sdk\datalake-store\Microsoft.Azure.Management.DataLake.Store\tests\ScenarioTests\FileSystemOperationTests.cs(554,25): error CS0103: The name 'FileType' does not exist in the current context
C:\gh\azure-sdk-for-net\sdk\datalake-store\Microsoft.Azure.Management.DataLake.Store\tests\ScenarioTests\FileSystemOperationTests.cs(558,21): error CS0103: The name 'Assert' does not exist in the current context
C:\gh\azure-sdk-for-net\sdk\datalake-store\Microsoft.Azure.Management.DataLake.Store\tests\ScenarioTests\FileSystemOperationTests.cs(558,35): error CS0246: The type or namespace name 'AdlsErrorException' could not be found (are you missing a using directive or an assembly reference?)
C:\gh\azure-sdk-for-net\sdk\datalake-store\Microsoft.Azure.Management.DataLake.Store\tests\ScenarioTests\FileSystemOperationTests.cs(562,21): error CS0103: The name 'Assert' does not exist in the current context
C:\gh\azure-sdk-for-net\sdk\datalake-store\Microsoft.Azure.Management.DataLake.Store\tests\ScenarioTests\FileSystemOperationTests.cs(562,35): error CS0246: The type or namespace name 'AdlsErrorException' could not be found (are you missing a using directive or an assembly reference?)
C:\gh\azure-sdk-for-net\sdk\datalake-store\Microsoft.Azure.Management.DataLake.Store\tests\DataTransferTests\SingleSegmentUploaderTests.cs(317,13): error CS0103: The name 'Assert' does not exist in the current context
C:\gh\azure-sdk-for-net\sdk\datalake-store\Microsoft.Azure.Management.DataLake.Store\tests\DataTransferTests\SingleSegmentUploaderTests.cs(325,21): error CS0103: The name 'Assert' does not exist in the current context
C:\gh\azure-sdk-for-net\sdk\datalake-store\Microsoft.Azure.Management.DataLake.Store\tests\DataTransferTests\SingleSegmentUploaderTests.cs(326,21): error CS0103: The name 'Assert' does not exist in the current context
C:\gh\azure-sdk-for-net\sdk\datalake-store\Microsoft.Azure.Management.DataLake.Store\tests\DataTransferTests\SingleSegmentUploaderTests.cs(330,21): error CS0103: The name 'Assert' does not exist in the current context
C:\gh\azure-sdk-for-net\sdk\datalake-store\Microsoft.Azure.Management.DataLake.Store\tests\DataTransferTests\SingleSegmentUploaderTests.cs(331,21): error CS0103: The name 'Assert' does not exist in the current context
C:\gh\azure-sdk-for-net\sdk\datalake-store\Microsoft.Azure.Management.DataLake.Store\tests\ScenarioTests\FileSystemOperationTests.cs(577,21): error CS0246: The type or namespace name 'ServiceClient<>' could not be found (are you missing a using directive or an assembly reference?)
C:\gh\azure-sdk-for-net\sdk\datalake-store\Microsoft.Azure.Management.DataLake.Store\tests\ScenarioTests\FileSystemOperationTests.cs(577,21): error CS0246: The type or namespace name 'IDataLakeStoreFileSystemManagementClient' could not be found (are you missing a using directive or an assembly reference?)
C:\gh\azure-sdk-for-net\sdk\datalake-store\Microsoft.Azure.Management.DataLake.Store\tests\ScenarioTests\FileSystemOperationTests.cs(577,21): error CS0246: The type or namespace name 'IAzureClient' could not be found (are you missing a using directive or an assembly reference?)
C:\gh\azure-sdk-for-net\sdk\datalake-store\Microsoft.Azure.Management.DataLake.Store\tests\ScenarioTests\FileSystemOperationTests.cs(577,21): error CS1674: 'DataLakeStoreFileSystemManagementClient': type used in a using statement must be implicitly convertible to 'System.IDisposable'.
C:\gh\azure-sdk-for-net\sdk\datalake-store\Microsoft.Azure.Management.DataLake.Store\tests\ScenarioTests\FileSystemOperationTests.cs(583,147): error CS0103: The name 'FileType' does not exist in the current context
C:\gh\azure-sdk-for-net\sdk\datalake-store\Microsoft.Azure.Management.DataLake.Store\tests\ScenarioTests\FileSystemOperationTests.cs(588,147): error CS0103: The name 'FileType' does not exist in the current context
C:\gh\azure-sdk-for-net\sdk\datalake-store\Microsoft.Azure.Management.DataLake.Store\tests\ScenarioTests\FileSystemOperationTests.cs(593,62): error CS0246: The type or namespace name 'ServiceClient<>' could not be found (are you missing a using directive or an assembly reference?)
C:\gh\azure-sdk-for-net\sdk\datalake-store\Microsoft.Azure.Management.DataLake.Store\tests\ScenarioTests\FileSystemOperationTests.cs(593,62): error CS1061: 'DataLakeStoreFileSystemManagementClient' does not contain a definition for 'FileSystem' and no accessible extension method 'FileSystem' accepting a first argument of type 'DataLakeStoreFileSystemManagementClient' could be found (are you missing a using directive or an assembly reference?)
C:\gh\azure-sdk-for-net\sdk\datalake-store\Microsoft.Azure.Management.DataLake.Store\tests\ScenarioTests\FileSystemOperationTests.cs(601,25): error CS0103: The name 'FileType' does not exist in the current context
C:\gh\azure-sdk-for-net\sdk\datalake-store\Microsoft.Azure.Management.DataLake.Store\tests\ScenarioTests\FileSystemOperationTests.cs(605,21): error CS0103: The name 'Assert' does not exist in the current context
C:\gh\azure-sdk-for-net\sdk\datalake-store\Microsoft.Azure.Management.DataLake.Store\tests\ScenarioTests\FileSystemOperationTests.cs(605,35): error CS0246: The type or namespace name 'AdlsErrorException' could not be found (are you missing a using directive or an assembly reference?)
C:\gh\azure-sdk-for-net\sdk\datalake-store\Microsoft.Azure.Management.DataLake.Store\tests\ScenarioTests\FileSystemOperationTests.cs(609,21): error CS0103: The name 'Assert' does not exist in the current context
C:\gh\azure-sdk-for-net\sdk\datalake-store\Microsoft.Azure.Management.DataLake.Store\tests\ScenarioTests\FileSystemOperationTests.cs(609,35): error CS0246: The type or namespace name 'AdlsErrorException' could not be found (are you missing a using directive or an assembly reference?)
C:\gh\azure-sdk-for-net\sdk\datalake-store\Microsoft.Azure.Management.DataLake.Store\tests\ScenarioTests\FileSystemOperationTests.cs(615,21): error CS0103: The name 'Assert' does not exist in the current context
C:\gh\azure-sdk-for-net\sdk\datalake-store\Microsoft.Azure.Management.DataLake.Store\tests\ScenarioTests\FileSystemOperationTests.cs(615,35): error CS0246: The type or namespace name 'AdlsErrorException' could not be found (are you missing a using directive or an assembly reference?)
C:\gh\azure-sdk-for-net\sdk\datalake-store\Microsoft.Azure.Management.DataLake.Store\tests\DataTransferTests\DataLakeStoreClientTests.cs(413,13): error CS0103: The name 'Assert' does not exist in the current context
C:\gh\azure-sdk-for-net\sdk\datalake-store\Microsoft.Azure.Management.DataLake.Store\tests\DataTransferTests\DataLakeStoreClientTests.cs(414,13): error CS0103: The name 'Assert' does not exist in the current context
C:\gh\azure-sdk-for-net\sdk\datalake-store\Microsoft.Azure.Management.DataLake.Store\tests\DataTransferTests\DataLakeStoreClientTests.cs(415,13): error CS0103: The name 'Assert' does not exist in the current context
C:\gh\azure-sdk-for-net\sdk\datalake-store\Microsoft.Azure.Management.DataLake.Store\tests\DataTransferTests\DataLakeStoreClientTests.cs(459,13): error CS0103: The name 'Assert' does not exist in the current context
C:\gh\azure-sdk-for-net\sdk\datalake-store\Microsoft.Azure.Management.DataLake.Store\tests\DataTransferTests\DataLakeStoreClientTests.cs(460,13): error CS0103: The name 'Assert' does not exist in the current context
C:\gh\azure-sdk-for-net\sdk\datalake-store\Microsoft.Azure.Management.DataLake.Store\tests\DataTransferTests\DataLakeStoreClientTests.cs(461,13): error CS0103: The name 'Assert' does not exist in the current context
C:\gh\azure-sdk-for-net\sdk\datalake-store\Microsoft.Azure.Management.DataLake.Store\tests\DataTransferTests\DataLakeStoreClientTests.cs(495,13): error CS0103: The name 'Assert' does not exist in the current context
C:\gh\azure-sdk-for-net\sdk\datalake-store\Microsoft.Azure.Management.DataLake.Store\tests\DataTransferTests\DataLakeStoreClientTests.cs(496,13): error CS0103: The name 'Assert' does not exist in the current context
C:\gh\azure-sdk-for-net\sdk\datalake-store\Microsoft.Azure.Management.DataLake.Store\tests\ScenarioTests\FileSystemOperationTests.cs(630,21): error CS0246: The type or namespace name 'ServiceClient<>' could not be found (are you missing a using directive or an assembly reference?)
C:\gh\azure-sdk-for-net\sdk\datalake-store\Microsoft.Azure.Management.DataLake.Store\tests\ScenarioTests\FileSystemOperationTests.cs(630,21): error CS0246: The type or namespace name 'IDataLakeStoreFileSystemManagementClient' could not be found (are you missing a using directive or an assembly reference?)
C:\gh\azure-sdk-for-net\sdk\datalake-store\Microsoft.Azure.Management.DataLake.Store\tests\ScenarioTests\FileSystemOperationTests.cs(630,21): error CS0246: The type or namespace name 'IAzureClient' could not be found (are you missing a using directive or an assembly reference?)
C:\gh\azure-sdk-for-net\sdk\datalake-store\Microsoft.Azure.Management.DataLake.Store\tests\ScenarioTests\FileSystemOperationTests.cs(630,21): error CS1674: 'DataLakeStoreFileSystemManagementClient': type used in a using statement must be implicitly convertible to 'System.IDisposable'.
C:\gh\azure-sdk-for-net\sdk\datalake-store\Microsoft.Azure.Management.DataLake.Store\tests\ScenarioTests\FileSystemOperationTests.cs(633,146): error CS0103: The name 'FileType' does not exist in the current context
C:\gh\azure-sdk-for-net\sdk\datalake-store\Microsoft.Azure.Management.DataLake.Store\tests\ScenarioTests\FileSystemOperationTests.cs(640,85): error CS0246: The type or namespace name 'ServiceClient<>' could not be found (are you missing a using directive or an assembly reference?)
C:\gh\azure-sdk-for-net\sdk\datalake-store\Microsoft.Azure.Management.DataLake.Store\tests\ScenarioTests\FileSystemOperationTests.cs(640,85): error CS1061: 'DataLakeStoreFileSystemManagementClient' does not contain a definition for 'FileSystem' and no accessible extension method 'FileSystem' accepting a first argument of type 'DataLakeStoreFileSystemManagementClient' could be found (are you missing a using directive or an assembly reference?)
C:\gh\azure-sdk-for-net\sdk\datalake-store\Microsoft.Azure.Management.DataLake.Store\tests\ScenarioTests\FileSystemOperationTests.cs(644,21): error CS0103: The name 'Assert' does not exist in the current context
C:\gh\azure-sdk-for-net\sdk\datalake-store\Microsoft.Azure.Management.DataLake.Store\tests\ScenarioTests\FileSystemOperationTests.cs(647,25): error CS0103: The name 'FileType' does not exist in the current context
C:\gh\azure-sdk-for-net\sdk\datalake-store\Microsoft.Azure.Management.DataLake.Store\tests\ScenarioTests\FileSystemOperationTests.cs(651,21): error CS0103: The name 'Assert' does not exist in the current context
C:\gh\azure-sdk-for-net\sdk\datalake-store\Microsoft.Azure.Management.DataLake.Store\tests\ScenarioTests\FileSystemOperationTests.cs(651,35): error CS0246: The type or namespace name 'AdlsErrorException' could not be found (are you missing a using directive or an assembly reference?)
C:\gh\azure-sdk-for-net\sdk\datalake-store\Microsoft.Azure.Management.DataLake.Store\tests\ScenarioTests\FileSystemOperationTests.cs(657,87): error CS0246: The type or namespace name 'ServiceClient<>' could not be found (are you missing a using directive or an assembly reference?)
C:\gh\azure-sdk-for-net\sdk\datalake-store\Microsoft.Azure.Management.DataLake.Store\tests\ScenarioTests\FileSystemOperationTests.cs(657,87): error CS1061: 'DataLakeStoreFileSystemManagementClient' does not contain a definition for 'FileSystem' and no accessible extension method 'FileSystem' accepting a first argument of type 'DataLakeStoreFileSystemManagementClient' could be found (are you missing a using directive or an assembly reference?)
C:\gh\azure-sdk-for-net\sdk\datalake-store\Microsoft.Azure.Management.DataLake.Store\tests\ScenarioTests\FileSystemOperationTests.cs(661,21): error CS0103: The name 'Assert' does not exist in the current context
C:\gh\azure-sdk-for-net\sdk\datalake-store\Microsoft.Azure.Management.DataLake.Store\tests\ScenarioTests\FileSystemOperationTests.cs(664,25): error CS0103: The name 'FileType' does not exist in the current context
C:\gh\azure-sdk-for-net\sdk\datalake-store\Microsoft.Azure.Management.DataLake.Store\tests\ScenarioTests\FileSystemOperationTests.cs(668,87): error CS0246: The type or namespace name 'ServiceClient<>' could not be found (are you missing a using directive or an assembly reference?)
C:\gh\azure-sdk-for-net\sdk\datalake-store\Microsoft.Azure.Management.DataLake.Store\tests\ScenarioTests\FileSystemOperationTests.cs(668,87): error CS1061: 'DataLakeStoreFileSystemManagementClient' does not contain a definition for 'FileSystem' and no accessible extension method 'FileSystem' accepting a first argument of type 'DataLakeStoreFileSystemManagementClient' could be found (are you missing a using directive or an assembly reference?)
C:\gh\azure-sdk-for-net\sdk\datalake-store\Microsoft.Azure.Management.DataLake.Store\tests\ScenarioTests\FileSystemOperationTests.cs(673,21): error CS0103: The name 'Assert' does not exist in the current context
C:\gh\azure-sdk-for-net\sdk\datalake-store\Microsoft.Azure.Management.DataLake.Store\tests\ScenarioTests\FileSystemOperationTests.cs(674,21): error CS0103: The name 'Assert' does not exist in the current context
C:\gh\azure-sdk-for-net\sdk\datalake-store\Microsoft.Azure.Management.DataLake.Store\tests\ScenarioTests\FileSystemOperationTests.cs(674,34): error CS0103: The name 'FileType' does not exist in the current context
C:\gh\azure-sdk-for-net\sdk\datalake-store\Microsoft.Azure.Management.DataLake.Store\tests\ScenarioTests\FileSystemOperationTests.cs(676,21): error CS0103: The name 'Assert' does not exist in the current context
C:\gh\azure-sdk-for-net\sdk\datalake-store\Microsoft.Azure.Management.DataLake.Store\tests\ScenarioTests\FileSystemOperationTests.cs(676,35): error CS0246: The type or namespace name 'AdlsErrorException' could not be found (are you missing a using directive or an assembly reference?)
C:\gh\azure-sdk-for-net\sdk\datalake-store\Microsoft.Azure.Management.DataLake.Store\tests\ScenarioTests\FileSystemOperationTests.cs(691,21): error CS0246: The type or namespace name 'ServiceClient<>' could not be found (are you missing a using directive or an assembly reference?)
C:\gh\azure-sdk-for-net\sdk\datalake-store\Microsoft.Azure.Management.DataLake.Store\tests\ScenarioTests\FileSystemOperationTests.cs(691,21): error CS0246: The type or namespace name 'IDataLakeStoreFileSystemManagementClient' could not be found (are you missing a using directive or an assembly reference?)
C:\gh\azure-sdk-for-net\sdk\datalake-store\Microsoft.Azure.Management.DataLake.Store\tests\ScenarioTests\FileSystemOperationTests.cs(691,21): error CS0246: The type or namespace name 'IAzureClient' could not be found (are you missing a using directive or an assembly reference?)
C:\gh\azure-sdk-for-net\sdk\datalake-store\Microsoft.Azure.Management.DataLake.Store\tests\ScenarioTests\FileSystemOperationTests.cs(691,21): error CS1674: 'DataLakeStoreFileSystemManagementClient': type used in a using statement must be implicitly convertible to 'System.IDisposable'.
C:\gh\azure-sdk-for-net\sdk\datalake-store\Microsoft.Azure.Management.DataLake.Store\tests\ScenarioTests\FileSystemOperationTests.cs(695,25): error CS0103: The name 'FileType' does not exist in the current context
C:\gh\azure-sdk-for-net\sdk\datalake-store\Microsoft.Azure.Management.DataLake.Store\tests\ScenarioTests\FileSystemOperationTests.cs(704,146): error CS0103: The name 'FileType' does not exist in the current context
C:\gh\azure-sdk-for-net\sdk\datalake-store\Microsoft.Azure.Management.DataLake.Store\tests\ScenarioTests\FileSystemOperationTests.cs(726,21): error CS0246: The type or namespace name 'ServiceClient<>' could not be found (are you missing a using directive or an assembly reference?)
C:\gh\azure-sdk-for-net\sdk\datalake-store\Microsoft.Azure.Management.DataLake.Store\tests\ScenarioTests\FileSystemOperationTests.cs(726,21): error CS0246: The type or namespace name 'IDataLakeStoreFileSystemManagementClient' could not be found (are you missing a using directive or an assembly reference?)
C:\gh\azure-sdk-for-net\sdk\datalake-store\Microsoft.Azure.Management.DataLake.Store\tests\ScenarioTests\FileSystemOperationTests.cs(726,21): error CS0246: The type or namespace name 'IAzureClient' could not be found (are you missing a using directive or an assembly reference?)
C:\gh\azure-sdk-for-net\sdk\datalake-store\Microsoft.Azure.Management.DataLake.Store\tests\ScenarioTests\FileSystemOperationTests.cs(726,21): error CS1674: 'DataLakeStoreFileSystemManagementClient': type used in a using statement must be implicitly convertible to 'System.IDisposable'.
C:\gh\azure-sdk-for-net\sdk\datalake-store\Microsoft.Azure.Management.DataLake.Store\tests\ScenarioTests\FileSystemOperationTests.cs(729,146): error CS0103: The name 'FileType' does not exist in the current context
C:\gh\azure-sdk-for-net\sdk\datalake-store\Microsoft.Azure.Management.DataLake.Store\tests\DataTransferTests\DataLakeStoreClientTests.cs(637,13): error CS0103: The name 'Assert' does not exist in the current context
C:\gh\azure-sdk-for-net\sdk\datalake-store\Microsoft.Azure.Management.DataLake.Store\tests\DataTransferTests\DataLakeStoreClientTests.cs(640,17): error CS0103: The name 'Assert' does not exist in the current context
C:\gh\azure-sdk-for-net\sdk\datalake-store\Microsoft.Azure.Management.DataLake.Store\tests\DataTransferTests\DataLakeStoreClientTests.cs(641,17): error CS0103: The name 'Assert' does not exist in the current context
C:\gh\azure-sdk-for-net\sdk\datalake-store\Microsoft.Azure.Management.DataLake.Store\tests\DataTransferTests\DataLakeStoreClientTests.cs(655,13): error CS0103: The name 'Assert' does not exist in the current context
C:\gh\azure-sdk-for-net\sdk\datalake-store\Microsoft.Azure.Management.DataLake.Store\tests\DataTransferTests\DataLakeStoreClientTests.cs(656,13): error CS0103: The name 'Assert' does not exist in the current context
C:\gh\azure-sdk-for-net\sdk\datalake-store\Microsoft.Azure.Management.DataLake.Store\tests\DataTransferTests\DataLakeStoreClientTests.cs(657,13): error CS0103: The name 'Assert' does not exist in the current context
C:\gh\azure-sdk-for-net\sdk\datalake-store\Microsoft.Azure.Management.DataLake.Store\tests\DataTransferTests\DataLakeStoreClientTests.cs(663,17): error CS0103: The name 'Assert' does not exist in the current context
C:\gh\azure-sdk-for-net\sdk\datalake-store\Microsoft.Azure.Management.DataLake.Store\tests\DataTransferTests\DataLakeStoreClientTests.cs(664,17): error CS0103: The name 'Assert' does not exist in the current context
C:\gh\azure-sdk-for-net\sdk\datalake-store\Microsoft.Azure.Management.DataLake.Store\tests\DataTransferTests\DataLakeStoreClientTests.cs(670,17): error CS0103: The name 'Assert' does not exist in the current context
C:\gh\azure-sdk-for-net\sdk\datalake-store\Microsoft.Azure.Management.DataLake.Store\tests\DataTransferTests\DataLakeStoreClientTests.cs(674,13): error CS0103: The name 'Assert' does not exist in the current context
C:\gh\azure-sdk-for-net\sdk\datalake-store\Microsoft.Azure.Management.DataLake.Store\tests\DataTransferTests\DataLakeStoreClientTests.cs(685,13): error CS0103: The name 'Assert' does not exist in the current context
C:\gh\azure-sdk-for-net\sdk\datalake-store\Microsoft.Azure.Management.DataLake.Store\tests\DataTransferTests\DataLakeStoreClientTests.cs(686,13): error CS0103: The name 'Assert' does not exist in the current context
C:\gh\azure-sdk-for-net\sdk\datalake-store\Microsoft.Azure.Management.DataLake.Store\tests\DataTransferTests\DataLakeStoreClientTests.cs(687,13): error CS0103: The name 'Assert' does not exist in the current context
C:\gh\azure-sdk-for-net\sdk\datalake-store\Microsoft.Azure.Management.DataLake.Store\tests\DataTransferTests\DataLakeStoreClientTests.cs(693,13): error CS0103: The name 'Assert' does not exist in the current context
C:\gh\azure-sdk-for-net\sdk\datalake-store\Microsoft.Azure.Management.DataLake.Store\tests\ScenarioTests\AccountOperationTests.cs(279,17): error CS0103: The name 'Assert' does not exist in the current context
C:\gh\azure-sdk-for-net\sdk\datalake-store\Microsoft.Azure.Management.DataLake.Store\tests\ScenarioTests\AccountOperationTests.cs(289,17): error CS0103: The name 'Assert' does not exist in the current context
C:\gh\azure-sdk-for-net\sdk\datalake-store\Microsoft.Azure.Management.DataLake.Store\tests\ScenarioTests\AccountOperationTests.cs(290,17): error CS0103: The name 'Assert' does not exist in the current context
C:\gh\azure-sdk-for-net\sdk\datalake-store\Microsoft.Azure.Management.DataLake.Store\tests\ScenarioTests\AccountOperationTests.cs(291,17): error CS0103: The name 'Assert' does not exist in the current context
C:\gh\azure-sdk-for-net\sdk\datalake-store\Microsoft.Azure.Management.DataLake.Store\tests\ScenarioTests\AccountOperationTests.cs(292,17): error CS0103: The name 'Assert' does not exist in the current context
C:\gh\azure-sdk-for-net\sdk\datalake-store\Microsoft.Azure.Management.DataLake.Store\tests\ScenarioTests\AccountOperationTests.cs(293,17): error CS0103: The name 'Assert' does not exist in the current context
C:\gh\azure-sdk-for-net\sdk\datalake-store\Microsoft.Azure.Management.DataLake.Store\tests\ScenarioTests\AccountOperationTests.cs(294,17): error CS0103: The name 'Assert' does not exist in the current context
C:\gh\azure-sdk-for-net\sdk\datalake-store\Microsoft.Azure.Management.DataLake.Store\tests\ScenarioTests\AccountOperationTests.cs(295,17): error CS0103: The name 'Assert' does not exist in the current context
C:\gh\azure-sdk-for-net\sdk\datalake-store\Microsoft.Azure.Management.DataLake.Store\tests\ScenarioTests\AccountOperationTests.cs(296,17): error CS0103: The name 'Assert' does not exist in the current context
C:\gh\azure-sdk-for-net\sdk\datalake-store\Microsoft.Azure.Management.DataLake.Store\tests\ScenarioTests\AccountOperationTests.cs(299,17): error CS0103: The name 'Assert' does not exist in the current context
C:\gh\azure-sdk-for-net\sdk\datalake-store\Microsoft.Azure.Management.DataLake.Store\tests\ScenarioTests\AccountOperationTests.cs(300,17): error CS0103: The name 'Assert' does not exist in the current context
C:\gh\azure-sdk-for-net\sdk\datalake-store\Microsoft.Azure.Management.DataLake.Store\tests\ScenarioTests\AccountOperationTests.cs(301,17): error CS0103: The name 'Assert' does not exist in the current context
C:\gh\azure-sdk-for-net\sdk\datalake-store\Microsoft.Azure.Management.DataLake.Store\tests\ScenarioTests\AccountOperationTests.cs(302,17): error CS0103: The name 'Assert' does not exist in the current context
C:\gh\azure-sdk-for-net\sdk\datalake-store\Microsoft.Azure.Management.DataLake.Store\tests\ScenarioTests\AccountOperationTests.cs(303,17): error CS0103: The name 'Assert' does not exist in the current context
C:\gh\azure-sdk-for-net\sdk\datalake-store\Microsoft.Azure.Management.DataLake.Store\tests\ScenarioTests\AccountOperationTests.cs(304,17): error CS0103: The name 'Assert' does not exist in the current context
C:\gh\azure-sdk-for-net\sdk\datalake-store\Microsoft.Azure.Management.DataLake.Store\tests\ScenarioTests\AccountOperationTests.cs(307,17): error CS0103: The name 'Assert' does not exist in the current context
C:\gh\azure-sdk-for-net\sdk\datalake-store\Microsoft.Azure.Management.DataLake.Store\tests\ScenarioTests\AccountOperationTests.cs(308,17): error CS0103: The name 'Assert' does not exist in the current context
C:\gh\azure-sdk-for-net\sdk\datalake-store\Microsoft.Azure.Management.DataLake.Store\tests\ScenarioTests\AccountOperationTests.cs(309,17): error CS0103: The name 'Assert' does not exist in the current context
C:\gh\azure-sdk-for-net\sdk\datalake-store\Microsoft.Azure.Management.DataLake.Store\tests\ScenarioTests\AccountOperationTests.cs(310,17): error CS0103: The name 'Assert' does not exist in the current context
C:\gh\azure-sdk-for-net\sdk\datalake-store\Microsoft.Azure.Management.DataLake.Store\tests\ScenarioTests\AccountOperationTests.cs(320,17): error CS0103: The name 'Assert' does not exist in the current context
C:\gh\azure-sdk-for-net\sdk\datalake-store\Microsoft.Azure.Management.DataLake.Store\tests\ScenarioTests\AccountOperationTests.cs(321,17): error CS0103: The name 'Assert' does not exist in the current context
C:\gh\azure-sdk-for-net\sdk\datalake-store\Microsoft.Azure.Management.DataLake.Store\tests\ScenarioTests\AccountOperationTests.cs(322,17): error CS0103: The name 'Assert' does not exist in the current context
C:\gh\azure-sdk-for-net\sdk\datalake-store\Microsoft.Azure.Management.DataLake.Store\tests\ScenarioTests\AccountOperationTests.cs(340,17): error CS0103: The name 'Assert' does not exist in the current context
C:\gh\azure-sdk-for-net\sdk\datalake-store\Microsoft.Azure.Management.DataLake.Store\tests\ScenarioTests\AccountOperationTests.cs(341,17): error CS0103: The name 'Assert' does not exist in the current context
C:\gh\azure-sdk-for-net\sdk\datalake-store\Microsoft.Azure.Management.DataLake.Store\tests\ScenarioTests\AccountOperationTests.cs(342,17): error CS0103: The name 'Assert' does not exist in the current context
C:\gh\azure-sdk-for-net\sdk\datalake-store\Microsoft.Azure.Management.DataLake.Store\tests\ScenarioTests\AccountOperationTests.cs(355,17): error CS0103: The name 'Assert' does not exist in the current context
C:\gh\azure-sdk-for-net\sdk\datalake-store\Microsoft.Azure.Management.DataLake.Store\tests\ScenarioTests\AccountOperationTests.cs(356,17): error CS0103: The name 'Assert' does not exist in the current context
C:\gh\azure-sdk-for-net\sdk\datalake-store\Microsoft.Azure.Management.DataLake.Store\tests\ScenarioTests\AccountOperationTests.cs(357,17): error CS0103: The name 'Assert' does not exist in the current context
C:\gh\azure-sdk-for-net\sdk\datalake-store\Microsoft.Azure.Management.DataLake.Store\tests\ScenarioTests\AccountOperationTests.cs(375,21): error CS0103: The name 'Assert' does not exist in the current context
C:\gh\azure-sdk-for-net\sdk\datalake-store\Microsoft.Azure.Management.DataLake.Store\tests\ScenarioTests\AccountOperationTests.cs(377,24): error CS0246: The type or namespace name 'CloudException' could not be found (are you missing a using directive or an assembly reference?)
C:\gh\azure-sdk-for-net\sdk\datalake-store\Microsoft.Azure.Management.DataLake.Store\tests\ScenarioTests\AccountOperationTests.cs(379,21): error CS0103: The name 'Assert' does not exist in the current context
C:\gh\azure-sdk-for-net\sdk\datalake-store\Microsoft.Azure.Management.DataLake.Store\tests\ScenarioTests\AccountOperationTests.cs(390,17): error CS0103: The name 'Assert' does not exist in the current context
C:\gh\azure-sdk-for-net\sdk\datalake-store\Microsoft.Azure.Management.DataLake.Store\tests\ScenarioTests\AccountOperationTests.cs(391,17): error CS0103: The name 'Assert' does not exist in the current context
C:\gh\azure-sdk-for-net\sdk\datalake-store\Microsoft.Azure.Management.DataLake.Store\tests\ScenarioTests\AccountOperationTests.cs(411,17): error CS0103: The name 'Assert' does not exist in the current context
C:\gh\azure-sdk-for-net\sdk\datalake-store\Microsoft.Azure.Management.DataLake.Store\tests\ScenarioTests\AccountOperationTests.cs(412,17): error CS0103: The name 'Assert' does not exist in the current context
C:\gh\azure-sdk-for-net\sdk\datalake-store\Microsoft.Azure.Management.DataLake.Store\tests\ScenarioTests\AccountOperationTests.cs(425,17): error CS0103: The name 'Assert' does not exist in the current context
C:\gh\azure-sdk-for-net\sdk\datalake-store\Microsoft.Azure.Management.DataLake.Store\tests\ScenarioTests\AccountOperationTests.cs(426,17): error CS0103: The name 'Assert' does not exist in the current context
C:\gh\azure-sdk-for-net\sdk\datalake-store\Microsoft.Azure.Management.DataLake.Store\tests\ScenarioTests\AccountOperationTests.cs(444,21): error CS0103: The name 'Assert' does not exist in the current context
C:\gh\azure-sdk-for-net\sdk\datalake-store\Microsoft.Azure.Management.DataLake.Store\tests\ScenarioTests\AccountOperationTests.cs(446,24): error CS0246: The type or namespace name 'CloudException' could not be found (are you missing a using directive or an assembly reference?)
C:\gh\azure-sdk-for-net\sdk\datalake-store\Microsoft.Azure.Management.DataLake.Store\tests\ScenarioTests\AccountOperationTests.cs(448,21): error CS0103: The name 'Assert' does not exist in the current context
C:\gh\azure-sdk-for-net\sdk\datalake-store\Microsoft.Azure.Management.DataLake.Store\tests\ScenarioTests\FileSystemOperationTests.cs(746,21): error CS0246: The type or namespace name 'ServiceClient<>' could not be found (are you missing a using directive or an assembly reference?)
C:\gh\azure-sdk-for-net\sdk\datalake-store\Microsoft.Azure.Management.DataLake.Store\tests\ScenarioTests\FileSystemOperationTests.cs(746,21): error CS0246: The type or namespace name 'IDataLakeStoreFileSystemManagementClient' could not be found (are you missing a using directive or an assembly reference?)
C:\gh\azure-sdk-for-net\sdk\datalake-store\Microsoft.Azure.Management.DataLake.Store\tests\ScenarioTests\FileSystemOperationTests.cs(746,21): error CS0246: The type or namespace name 'IAzureClient' could not be found (are you missing a using directive or an assembly reference?)
C:\gh\azure-sdk-for-net\sdk\datalake-store\Microsoft.Azure.Management.DataLake.Store\tests\ScenarioTests\FileSystemOperationTests.cs(746,21): error CS1674: 'DataLakeStoreFileSystemManagementClient': type used in a using statement must be implicitly convertible to 'System.IDisposable'.
C:\gh\azure-sdk-for-net\sdk\datalake-store\Microsoft.Azure.Management.DataLake.Store\tests\ScenarioTests\FileSystemOperationTests.cs(748,90): error CS0246: The type or namespace name 'ServiceClient<>' could not be found (are you missing a using directive or an assembly reference?)
C:\gh\azure-sdk-for-net\sdk\datalake-store\Microsoft.Azure.Management.DataLake.Store\tests\ScenarioTests\FileSystemOperationTests.cs(748,90): error CS1061: 'DataLakeStoreFileSystemManagementClient' does not contain a definition for 'FileSystem' and no accessible extension method 'FileSystem' accepting a first argument of type 'DataLakeStoreFileSystemManagementClient' could be found (are you missing a using directive or an assembly reference?)
C:\gh\azure-sdk-for-net\sdk\datalake-store\Microsoft.Azure.Management.DataLake.Store\tests\ScenarioTests\FileSystemOperationTests.cs(764,21): error CS0103: The name 'Assert' does not exist in the current context
C:\gh\azure-sdk-for-net\sdk\datalake-store\Microsoft.Azure.Management.DataLake.Store\tests\ScenarioTests\FileSystemOperationTests.cs(767,62): error CS0246: The type or namespace name 'ServiceClient<>' could not be found (are you missing a using directive or an assembly reference?)
C:\gh\azure-sdk-for-net\sdk\datalake-store\Microsoft.Azure.Management.DataLake.Store\tests\ScenarioTests\FileSystemOperationTests.cs(767,62): error CS1061: 'DataLakeStoreFileSystemManagementClient' does not contain a definition for 'FileSystem' and no accessible extension method 'FileSystem' accepting a first argument of type 'DataLakeStoreFileSystemManagementClient' could be found (are you missing a using directive or an assembly reference?)
C:\gh\azure-sdk-for-net\sdk\datalake-store\Microsoft.Azure.Management.DataLake.Store\tests\ScenarioTests\FileSystemOperationTests.cs(772,86): error CS0246: The type or namespace name 'ServiceClient<>' could not be found (are you missing a using directive or an assembly reference?)
C:\gh\azure-sdk-for-net\sdk\datalake-store\Microsoft.Azure.Management.DataLake.Store\tests\ScenarioTests\FileSystemOperationTests.cs(772,86): error CS1061: 'DataLakeStoreFileSystemManagementClient' does not contain a definition for 'FileSystem' and no accessible extension method 'FileSystem' accepting a first argument of type 'DataLakeStoreFileSystemManagementClient' could be found (are you missing a using directive or an assembly reference?)
C:\gh\azure-sdk-for-net\sdk\datalake-store\Microsoft.Azure.Management.DataLake.Store\tests\ScenarioTests\FileSystemOperationTests.cs(777,62): error CS0246: The type or namespace name 'ServiceClient<>' could not be found (are you missing a using directive or an assembly reference?)
C:\gh\azure-sdk-for-net\sdk\datalake-store\Microsoft.Azure.Management.DataLake.Store\tests\ScenarioTests\FileSystemOperationTests.cs(777,62): error CS1061: 'DataLakeStoreFileSystemManagementClient' does not contain a definition for 'FileSystem' and no accessible extension method 'FileSystem' accepting a first argument of type 'DataLakeStoreFileSystemManagementClient' could be found (are you missing a using directive or an assembly reference?)
C:\gh\azure-sdk-for-net\sdk\datalake-store\Microsoft.Azure.Management.DataLake.Store\tests\ScenarioTests\FileSystemOperationTests.cs(784,25): error CS0103: The name 'Assert' does not exist in the current context
C:\gh\azure-sdk-for-net\sdk\datalake-store\Microsoft.Azure.Management.DataLake.Store\tests\ScenarioTests\FileSystemOperationTests.cs(788,21): error CS0103: The name 'Assert' does not exist in the current context
C:\gh\azure-sdk-for-net\sdk\datalake-store\Microsoft.Azure.Management.DataLake.Store\tests\ScenarioTests\FileSystemOperationTests.cs(789,21): error CS0103: The name 'Assert' does not exist in the current context
C:\gh\azure-sdk-for-net\sdk\datalake-store\Microsoft.Azure.Management.DataLake.Store\tests\ScenarioTests\FileSystemOperationTests.cs(792,62): error CS0246: The type or namespace name 'ServiceClient<>' could not be found (are you missing a using directive or an assembly reference?)
C:\gh\azure-sdk-for-net\sdk\datalake-store\Microsoft.Azure.Management.DataLake.Store\tests\ScenarioTests\FileSystemOperationTests.cs(792,62): error CS1061: 'DataLakeStoreFileSystemManagementClient' does not contain a definition for 'FileSystem' and no accessible extension method 'FileSystem' accepting a first argument of type 'DataLakeStoreFileSystemManagementClient' could be found (are you missing a using directive or an assembly reference?)
C:\gh\azure-sdk-for-net\sdk\datalake-store\Microsoft.Azure.Management.DataLake.Store\tests\ScenarioTests\FileSystemOperationTests.cs(797,94): error CS0246: The type or namespace name 'ServiceClient<>' could not be found (are you missing a using directive or an assembly reference?)
C:\gh\azure-sdk-for-net\sdk\datalake-store\Microsoft.Azure.Management.DataLake.Store\tests\ScenarioTests\FileSystemOperationTests.cs(797,94): error CS1061: 'DataLakeStoreFileSystemManagementClient' does not contain a definition for 'FileSystem' and no accessible extension method 'FileSystem' accepting a first argument of type 'DataLakeStoreFileSystemManagementClient' could be found (are you missing a using directive or an assembly reference?)
C:\gh\azure-sdk-for-net\sdk\datalake-store\Microsoft.Azure.Management.DataLake.Store\tests\ScenarioTests\FileSystemOperationTests.cs(803,25): error CS0103: The name 'Assert' does not exist in the current context
C:\gh\azure-sdk-for-net\sdk\datalake-store\Microsoft.Azure.Management.DataLake.Store\tests\ScenarioTests\FileSystemOperationTests.cs(806,21): error CS0103: The name 'Assert' does not exist in the current context
C:\gh\azure-sdk-for-net\sdk\datalake-store\Microsoft.Azure.Management.DataLake.Store\tests\ScenarioTests\FileSystemOperationTests.cs(807,21): error CS0103: The name 'Assert' does not exist in the current context
C:\gh\azure-sdk-for-net\sdk\datalake-store\Microsoft.Azure.Management.DataLake.Store\tests\ScenarioTests\FileSystemOperationTests.cs(820,21): error CS0246: The type or namespace name 'ServiceClient<>' could not be found (are you missing a using directive or an assembly reference?)
C:\gh\azure-sdk-for-net\sdk\datalake-store\Microsoft.Azure.Management.DataLake.Store\tests\ScenarioTests\FileSystemOperationTests.cs(820,21): error CS0246: The type or namespace name 'IDataLakeStoreFileSystemManagementClient' could not be found (are you missing a using directive or an assembly reference?)
C:\gh\azure-sdk-for-net\sdk\datalake-store\Microsoft.Azure.Management.DataLake.Store\tests\ScenarioTests\FileSystemOperationTests.cs(820,21): error CS0246: The type or namespace name 'IAzureClient' could not be found (are you missing a using directive or an assembly reference?)
C:\gh\azure-sdk-for-net\sdk\datalake-store\Microsoft.Azure.Management.DataLake.Store\tests\ScenarioTests\FileSystemOperationTests.cs(820,21): error CS1674: 'DataLakeStoreFileSystemManagementClient': type used in a using statement must be implicitly convertible to 'System.IDisposable'.
C:\gh\azure-sdk-for-net\sdk\datalake-store\Microsoft.Azure.Management.DataLake.Store\tests\ScenarioTests\FileSystemOperationTests.cs(824,66): error CS0246: The type or namespace name 'ServiceClient<>' could not be found (are you missing a using directive or an assembly reference?)
C:\gh\azure-sdk-for-net\sdk\datalake-store\Microsoft.Azure.Management.DataLake.Store\tests\ScenarioTests\FileSystemOperationTests.cs(824,66): error CS1061: 'DataLakeStoreFileSystemManagementClient' does not contain a definition for 'FileSystem' and no accessible extension method 'FileSystem' accepting a first argument of type 'DataLakeStoreFileSystemManagementClient' could be found (are you missing a using directive or an assembly reference?)
C:\gh\azure-sdk-for-net\sdk\datalake-store\Microsoft.Azure.Management.DataLake.Store\tests\ScenarioTests\FileSystemOperationTests.cs(883,24): error CS0246: The type or namespace name 'ServiceClient<>' could not be found (are you missing a using directive or an assembly reference?)
C:\gh\azure-sdk-for-net\sdk\datalake-store\Microsoft.Azure.Management.DataLake.Store\tests\ScenarioTests\FileSystemOperationTests.cs(883,24): error CS0246: The type or namespace name 'IDataLakeStoreFileSystemManagementClient' could not be found (are you missing a using directive or an assembly reference?)
C:\gh\azure-sdk-for-net\sdk\datalake-store\Microsoft.Azure.Management.DataLake.Store\tests\ScenarioTests\FileSystemOperationTests.cs(883,24): error CS0246: The type or namespace name 'IAzureClient' could not be found (are you missing a using directive or an assembly reference?)
C:\gh\azure-sdk-for-net\sdk\datalake-store\Microsoft.Azure.Management.DataLake.Store\tests\ScenarioTests\FileSystemOperationTests.cs(883,24): error CS1674: 'DataLakeStoreFileSystemManagementClient': type used in a using statement must be implicitly convertible to 'System.IDisposable'.
C:\gh\azure-sdk-for-net\sdk\datalake-store\Microsoft.Azure.Management.DataLake.Store\tests\ScenarioTests\FileSystemOperationTests.cs(885,94): error CS0246: The type or namespace name 'ServiceClient<>' could not be found (are you missing a using directive or an assembly reference?)
C:\gh\azure-sdk-for-net\sdk\datalake-store\Microsoft.Azure.Management.DataLake.Store\tests\ScenarioTests\FileSystemOperationTests.cs(885,94): error CS1061: 'DataLakeStoreFileSystemManagementClient' does not contain a definition for 'FileSystem' and no accessible extension method 'FileSystem' accepting a first argument of type 'DataLakeStoreFileSystemManagementClient' could be found (are you missing a using directive or an assembly reference?)
C:\gh\azure-sdk-for-net\sdk\datalake-store\Microsoft.Azure.Management.DataLake.Store\tests\ScenarioTests\FileSystemOperationTests.cs(888,21): error CS0103: The name 'Assert' does not exist in the current context
C:\gh\azure-sdk-for-net\sdk\datalake-store\Microsoft.Azure.Management.DataLake.Store\tests\ScenarioTests\FileSystemOperationTests.cs(889,21): error CS0103: The name 'Assert' does not exist in the current context
C:\gh\azure-sdk-for-net\sdk\datalake-store\Microsoft.Azure.Management.DataLake.Store\tests\ScenarioTests\FileSystemOperationTests.cs(890,21): error CS0103: The name 'Assert' does not exist in the current context
C:\gh\azure-sdk-for-net\sdk\datalake-store\Microsoft.Azure.Management.DataLake.Store\tests\ScenarioTests\FileSystemOperationTests.cs(891,21): error CS0103: The name 'Assert' does not exist in the current context
C:\gh\azure-sdk-for-net\sdk\datalake-store\Microsoft.Azure.Management.DataLake.Store\tests\ScenarioTests\FileSystemOperationTests.cs(902,24): error CS0246: The type or namespace name 'ServiceClient<>' could not be found (are you missing a using directive or an assembly reference?)
C:\gh\azure-sdk-for-net\sdk\datalake-store\Microsoft.Azure.Management.DataLake.Store\tests\ScenarioTests\FileSystemOperationTests.cs(902,24): error CS0246: The type or namespace name 'IDataLakeStoreFileSystemManagementClient' could not be found (are you missing a using directive or an assembly reference?)
C:\gh\azure-sdk-for-net\sdk\datalake-store\Microsoft.Azure.Management.DataLake.Store\tests\ScenarioTests\FileSystemOperationTests.cs(902,24): error CS0246: The type or namespace name 'IAzureClient' could not be found (are you missing a using directive or an assembly reference?)
C:\gh\azure-sdk-for-net\sdk\datalake-store\Microsoft.Azure.Management.DataLake.Store\tests\ScenarioTests\FileSystemOperationTests.cs(902,24): error CS1674: 'DataLakeStoreFileSystemManagementClient': type used in a using statement must be implicitly convertible to 'System.IDisposable'.
C:\gh\azure-sdk-for-net\sdk\datalake-store\Microsoft.Azure.Management.DataLake.Store\tests\ScenarioTests\FileSystemOperationTests.cs(904,94): error CS0246: The type or namespace name 'ServiceClient<>' could not be found (are you missing a using directive or an assembly reference?)
C:\gh\azure-sdk-for-net\sdk\datalake-store\Microsoft.Azure.Management.DataLake.Store\tests\ScenarioTests\FileSystemOperationTests.cs(904,94): error CS1061: 'DataLakeStoreFileSystemManagementClient' does not contain a definition for 'FileSystem' and no accessible extension method 'FileSystem' accepting a first argument of type 'DataLakeStoreFileSystemManagementClient' could be found (are you missing a using directive or an assembly reference?)
C:\gh\azure-sdk-for-net\sdk\datalake-store\Microsoft.Azure.Management.DataLake.Store\tests\ScenarioTests\FileSystemOperationTests.cs(908,21): error CS0103: The name 'Assert' does not exist in the current context
C:\gh\azure-sdk-for-net\sdk\datalake-store\Microsoft.Azure.Management.DataLake.Store\tests\ScenarioTests\FileSystemOperationTests.cs(909,21): error CS0103: The name 'Assert' does not exist in the current context
C:\gh\azure-sdk-for-net\sdk\datalake-store\Microsoft.Azure.Management.DataLake.Store\tests\ScenarioTests\FileSystemOperationTests.cs(916,62): error CS0246: The type or namespace name 'ServiceClient<>' could not be found (are you missing a using directive or an assembly reference?)
C:\gh\azure-sdk-for-net\sdk\datalake-store\Microsoft.Azure.Management.DataLake.Store\tests\ScenarioTests\FileSystemOperationTests.cs(916,62): error CS1061: 'DataLakeStoreFileSystemManagementClient' does not contain a definition for 'FileSystem' and no accessible extension method 'FileSystem' accepting a first argument of type 'DataLakeStoreFileSystemManagementClient' could be found (are you missing a using directive or an assembly reference?)
C:\gh\azure-sdk-for-net\sdk\datalake-store\Microsoft.Azure.Management.DataLake.Store\tests\ScenarioTests\FileSystemOperationTests.cs(922,90): error CS0246: The type or namespace name 'ServiceClient<>' could not be found (are you missing a using directive or an assembly reference?)
C:\gh\azure-sdk-for-net\sdk\datalake-store\Microsoft.Azure.Management.DataLake.Store\tests\ScenarioTests\FileSystemOperationTests.cs(922,90): error CS1061: 'DataLakeStoreFileSystemManagementClient' does not contain a definition for 'FileSystem' and no accessible extension method 'FileSystem' accepting a first argument of type 'DataLakeStoreFileSystemManagementClient' could be found (are you missing a using directive or an assembly reference?)
C:\gh\azure-sdk-for-net\sdk\datalake-store\Microsoft.Azure.Management.DataLake.Store\tests\ScenarioTests\FileSystemOperationTests.cs(925,21): error CS0103: The name 'Assert' does not exist in the current context
C:\gh\azure-sdk-for-net\sdk\datalake-store\Microsoft.Azure.Management.DataLake.Store\tests\ScenarioTests\FileSystemOperationTests.cs(926,21): error CS0103: The name 'Assert' does not exist in the current context
C:\gh\azure-sdk-for-net\sdk\datalake-store\Microsoft.Azure.Management.DataLake.Store\tests\ScenarioTests\FileSystemOperationTests.cs(928,21): error CS0103: The name 'Assert' does not exist in the current context
C:\gh\azure-sdk-for-net\sdk\datalake-store\Microsoft.Azure.Management.DataLake.Store\tests\ScenarioTests\FileSystemOperationTests.cs(929,21): error CS0103: The name 'Assert' does not exist in the current context
C:\gh\azure-sdk-for-net\sdk\datalake-store\Microsoft.Azure.Management.DataLake.Store\tests\ScenarioTests\AccountOperationTests.cs(486,17): error CS0103: The name 'Assert' does not exist in the current context
C:\gh\azure-sdk-for-net\sdk\datalake-store\Microsoft.Azure.Management.DataLake.Store\tests\ScenarioTests\AccountOperationTests.cs(496,17): error CS0103: The name 'Assert' does not exist in the current context
C:\gh\azure-sdk-for-net\sdk\datalake-store\Microsoft.Azure.Management.DataLake.Store\tests\ScenarioTests\AccountOperationTests.cs(497,17): error CS0103: The name 'Assert' does not exist in the current context
C:\gh\azure-sdk-for-net\sdk\datalake-store\Microsoft.Azure.Management.DataLake.Store\tests\ScenarioTests\AccountOperationTests.cs(498,17): error CS0103: The name 'Assert' does not exist in the current context
C:\gh\azure-sdk-for-net\sdk\datalake-store\Microsoft.Azure.Management.DataLake.Store\tests\ScenarioTests\AccountOperationTests.cs(499,17): error CS0103: The name 'Assert' does not exist in the current context
C:\gh\azure-sdk-for-net\sdk\datalake-store\Microsoft.Azure.Management.DataLake.Store\tests\ScenarioTests\AccountOperationTests.cs(500,17): error CS0103: The name 'Assert' does not exist in the current context
C:\gh\azure-sdk-for-net\sdk\datalake-store\Microsoft.Azure.Management.DataLake.Store\tests\ScenarioTests\AccountOperationTests.cs(501,17): error CS0103: The name 'Assert' does not exist in the current context
C:\gh\azure-sdk-for-net\sdk\datalake-store\Microsoft.Azure.Management.DataLake.Store\tests\ScenarioTests\AccountOperationTests.cs(502,17): error CS0103: The name 'Assert' does not exist in the current context
C:\gh\azure-sdk-for-net\sdk\datalake-store\Microsoft.Azure.Management.DataLake.Store\tests\ScenarioTests\AccountOperationTests.cs(503,17): error CS0103: The name 'Assert' does not exist in the current context
C:\gh\azure-sdk-for-net\sdk\datalake-store\Microsoft.Azure.Management.DataLake.Store\tests\ScenarioTests\AccountOperationTests.cs(506,17): error CS0103: The name 'Assert' does not exist in the current context
C:\gh\azure-sdk-for-net\sdk\datalake-store\Microsoft.Azure.Management.DataLake.Store\tests\ScenarioTests\AccountOperationTests.cs(507,17): error CS0103: The name 'Assert' does not exist in the current context
C:\gh\azure-sdk-for-net\sdk\datalake-store\Microsoft.Azure.Management.DataLake.Store\tests\ScenarioTests\AccountOperationTests.cs(508,17): error CS0103: The name 'Assert' does not exist in the current context
C:\gh\azure-sdk-for-net\sdk\datalake-store\Microsoft.Azure.Management.DataLake.Store\tests\ScenarioTests\AccountOperationTests.cs(511,17): error CS0103: The name 'Assert' does not exist in the current context
C:\gh\azure-sdk-for-net\sdk\datalake-store\Microsoft.Azure.Management.DataLake.Store\tests\ScenarioTests\AccountOperationTests.cs(512,17): error CS0103: The name 'Assert' does not exist in the current context
C:\gh\azure-sdk-for-net\sdk\datalake-store\Microsoft.Azure.Management.DataLake.Store\tests\ScenarioTests\AccountOperationTests.cs(513,17): error CS0103: The name 'Assert' does not exist in the current context
C:\gh\azure-sdk-for-net\sdk\datalake-store\Microsoft.Azure.Management.DataLake.Store\tests\ScenarioTests\AccountOperationTests.cs(521,17): error CS0103: The name 'Assert' does not exist in the current context
C:\gh\azure-sdk-for-net\sdk\datalake-store\Microsoft.Azure.Management.DataLake.Store\tests\ScenarioTests\AccountOperationTests.cs(522,17): error CS0103: The name 'Assert' does not exist in the current context
C:\gh\azure-sdk-for-net\sdk\datalake-store\Microsoft.Azure.Management.DataLake.Store\tests\ScenarioTests\AccountOperationTests.cs(536,17): error CS0103: The name 'Assert' does not exist in the current context
C:\gh\azure-sdk-for-net\sdk\datalake-store\Microsoft.Azure.Management.DataLake.Store\tests\ScenarioTests\AccountOperationTests.cs(554,21): error CS0103: The name 'Assert' does not exist in the current context
C:\gh\azure-sdk-for-net\sdk\datalake-store\Microsoft.Azure.Management.DataLake.Store\tests\ScenarioTests\AccountOperationTests.cs(556,24): error CS0246: The type or namespace name 'CloudException' could not be found (are you missing a using directive or an assembly reference?)
C:\gh\azure-sdk-for-net\sdk\datalake-store\Microsoft.Azure.Management.DataLake.Store\tests\ScenarioTests\AccountOperationTests.cs(558,21): error CS0103: The name 'Assert' does not exist in the current context
C:\gh\azure-sdk-for-net\sdk\datalake-store\Microsoft.Azure.Management.DataLake.Store\tests\ScenarioTests\FileSystemOperationTests.cs(940,24): error CS0246: The type or namespace name 'ServiceClient<>' could not be found (are you missing a using directive or an assembly reference?)
C:\gh\azure-sdk-for-net\sdk\datalake-store\Microsoft.Azure.Management.DataLake.Store\tests\ScenarioTests\FileSystemOperationTests.cs(940,24): error CS0246: The type or namespace name 'IDataLakeStoreFileSystemManagementClient' could not be found (are you missing a using directive or an assembly reference?)
C:\gh\azure-sdk-for-net\sdk\datalake-store\Microsoft.Azure.Management.DataLake.Store\tests\ScenarioTests\FileSystemOperationTests.cs(940,24): error CS0246: The type or namespace name 'IAzureClient' could not be found (are you missing a using directive or an assembly reference?)
C:\gh\azure-sdk-for-net\sdk\datalake-store\Microsoft.Azure.Management.DataLake.Store\tests\ScenarioTests\FileSystemOperationTests.cs(940,24): error CS1674: 'DataLakeStoreFileSystemManagementClient': type used in a using statement must be implicitly convertible to 'System.IDisposable'.
C:\gh\azure-sdk-for-net\sdk\datalake-store\Microsoft.Azure.Management.DataLake.Store\tests\ScenarioTests\FileSystemOperationTests.cs(942,94): error CS0246: The type or namespace name 'ServiceClient<>' could not be found (are you missing a using directive or an assembly reference?)
C:\gh\azure-sdk-for-net\sdk\datalake-store\Microsoft.Azure.Management.DataLake.Store\tests\ScenarioTests\FileSystemOperationTests.cs(942,94): error CS1061: 'DataLakeStoreFileSystemManagementClient' does not contain a definition for 'FileSystem' and no accessible extension method 'FileSystem' accepting a first argument of type 'DataLakeStoreFileSystemManagementClient' could be found (are you missing a using directive or an assembly reference?)
C:\gh\azure-sdk-for-net\sdk\datalake-store\Microsoft.Azure.Management.DataLake.Store\tests\ScenarioTests\FileSystemOperationTests.cs(946,21): error CS0103: The name 'Assert' does not exist in the current context
C:\gh\azure-sdk-for-net\sdk\datalake-store\Microsoft.Azure.Management.DataLake.Store\tests\ScenarioTests\FileSystemOperationTests.cs(947,21): error CS0103: The name 'Assert' does not exist in the current context
C:\gh\azure-sdk-for-net\sdk\datalake-store\Microsoft.Azure.Management.DataLake.Store\tests\ScenarioTests\FileSystemOperationTests.cs(953,62): error CS0246: The type or namespace name 'ServiceClient<>' could not be found (are you missing a using directive or an assembly reference?)
C:\gh\azure-sdk-for-net\sdk\datalake-store\Microsoft.Azure.Management.DataLake.Store\tests\ScenarioTests\FileSystemOperationTests.cs(953,62): error CS1061: 'DataLakeStoreFileSystemManagementClient' does not contain a definition for 'FileSystem' and no accessible extension method 'FileSystem' accepting a first argument of type 'DataLakeStoreFileSystemManagementClient' could be found (are you missing a using directive or an assembly reference?)
C:\gh\azure-sdk-for-net\sdk\datalake-store\Microsoft.Azure.Management.DataLake.Store\tests\ScenarioTests\FileSystemOperationTests.cs(959,90): error CS0246: The type or namespace name 'ServiceClient<>' could not be found (are you missing a using directive or an assembly reference?)
C:\gh\azure-sdk-for-net\sdk\datalake-store\Microsoft.Azure.Management.DataLake.Store\tests\ScenarioTests\FileSystemOperationTests.cs(959,90): error CS1061: 'DataLakeStoreFileSystemManagementClient' does not contain a definition for 'FileSystem' and no accessible extension method 'FileSystem' accepting a first argument of type 'DataLakeStoreFileSystemManagementClient' could be found (are you missing a using directive or an assembly reference?)
C:\gh\azure-sdk-for-net\sdk\datalake-store\Microsoft.Azure.Management.DataLake.Store\tests\ScenarioTests\FileSystemOperationTests.cs(963,21): error CS0103: The name 'Assert' does not exist in the current context
C:\gh\azure-sdk-for-net\sdk\datalake-store\Microsoft.Azure.Management.DataLake.Store\tests\ScenarioTests\FileSystemOperationTests.cs(964,21): error CS0103: The name 'Assert' does not exist in the current context
C:\gh\azure-sdk-for-net\sdk\datalake-store\Microsoft.Azure.Management.DataLake.Store\tests\ScenarioTests\FileSystemOperationTests.cs(966,21): error CS0103: The name 'Assert' does not exist in the current context
C:\gh\azure-sdk-for-net\sdk\datalake-store\Microsoft.Azure.Management.DataLake.Store\tests\ScenarioTests\FileSystemOperationTests.cs(967,21): error CS0103: The name 'Assert' does not exist in the current context
C:\gh\azure-sdk-for-net\sdk\datalake-store\Microsoft.Azure.Management.DataLake.Store\tests\ScenarioTests\FileSystemOperationTests.cs(971,62): error CS0246: The type or namespace name 'ServiceClient<>' could not be found (are you missing a using directive or an assembly reference?)
C:\gh\azure-sdk-for-net\sdk\datalake-store\Microsoft.Azure.Management.DataLake.Store\tests\ScenarioTests\FileSystemOperationTests.cs(971,62): error CS1061: 'DataLakeStoreFileSystemManagementClient' does not contain a definition for 'FileSystem' and no accessible extension method 'FileSystem' accepting a first argument of type 'DataLakeStoreFileSystemManagementClient' could be found (are you missing a using directive or an assembly reference?)
C:\gh\azure-sdk-for-net\sdk\datalake-store\Microsoft.Azure.Management.DataLake.Store\tests\ScenarioTests\FileSystemOperationTests.cs(977,90): error CS0246: The type or namespace name 'ServiceClient<>' could not be found (are you missing a using directive or an assembly reference?)
C:\gh\azure-sdk-for-net\sdk\datalake-store\Microsoft.Azure.Management.DataLake.Store\tests\ScenarioTests\FileSystemOperationTests.cs(977,90): error CS1061: 'DataLakeStoreFileSystemManagementClient' does not contain a definition for 'FileSystem' and no accessible extension method 'FileSystem' accepting a first argument of type 'DataLakeStoreFileSystemManagementClient' could be found (are you missing a using directive or an assembly reference?)
C:\gh\azure-sdk-for-net\sdk\datalake-store\Microsoft.Azure.Management.DataLake.Store\tests\ScenarioTests\FileSystemOperationTests.cs(981,21): error CS0103: The name 'Assert' does not exist in the current context
C:\gh\azure-sdk-for-net\sdk\datalake-store\Microsoft.Azure.Management.DataLake.Store\tests\ScenarioTests\FileSystemOperationTests.cs(982,21): error CS0103: The name 'Assert' does not exist in the current context
C:\gh\azure-sdk-for-net\sdk\datalake-store\Microsoft.Azure.Management.DataLake.Store\tests\ScenarioTests\FileSystemOperationTests.cs(984,21): error CS0103: The name 'Assert' does not exist in the current context
C:\gh\azure-sdk-for-net\sdk\datalake-store\Microsoft.Azure.Management.DataLake.Store\tests\ScenarioTests\FileSystemOperationTests.cs(985,21): error CS0103: The name 'Assert' does not exist in the current context
C:\gh\azure-sdk-for-net\sdk\datalake-store\Microsoft.Azure.Management.DataLake.Store\tests\ScenarioTests\FileSystemOperationTests.cs(999,24): error CS0246: The type or namespace name 'ServiceClient<>' could not be found (are you missing a using directive or an assembly reference?)
C:\gh\azure-sdk-for-net\sdk\datalake-store\Microsoft.Azure.Management.DataLake.Store\tests\ScenarioTests\FileSystemOperationTests.cs(999,24): error CS0246: The type or namespace name 'IDataLakeStoreFileSystemManagementClient' could not be found (are you missing a using directive or an assembly reference?)
C:\gh\azure-sdk-for-net\sdk\datalake-store\Microsoft.Azure.Management.DataLake.Store\tests\ScenarioTests\FileSystemOperationTests.cs(999,24): error CS0246: The type or namespace name 'IAzureClient' could not be found (are you missing a using directive or an assembly reference?)
C:\gh\azure-sdk-for-net\sdk\datalake-store\Microsoft.Azure.Management.DataLake.Store\tests\ScenarioTests\FileSystemOperationTests.cs(999,24): error CS1674: 'DataLakeStoreFileSystemManagementClient': type used in a using statement must be implicitly convertible to 'System.IDisposable'.
C:\gh\azure-sdk-for-net\sdk\datalake-store\Microsoft.Azure.Management.DataLake.Store\tests\ScenarioTests\FileSystemOperationTests.cs(1009,66): error CS0246: The type or namespace name 'ServiceClient<>' could not be found (are you missing a using directive or an assembly reference?)
C:\gh\azure-sdk-for-net\sdk\datalake-store\Microsoft.Azure.Management.DataLake.Store\tests\ScenarioTests\FileSystemOperationTests.cs(1009,66): error CS1061: 'DataLakeStoreFileSystemManagementClient' does not contain a definition for 'FileSystem' and no accessible extension method 'FileSystem' accepting a first argument of type 'DataLakeStoreFileSystemManagementClient' could be found (are you missing a using directive or an assembly reference?)
C:\gh\azure-sdk-for-net\sdk\datalake-store\Microsoft.Azure.Management.DataLake.Store\tests\ScenarioTests\FileSystemOperationTests.cs(1013,25): error CS0103: The name 'Assert' does not exist in the current context
C:\gh\azure-sdk-for-net\sdk\datalake-store\Microsoft.Azure.Management.DataLake.Store\tests\ScenarioTests\FileSystemOperationTests.cs(1015,25): error CS0103: The name 'Assert' does not exist in the current context
C:\gh\azure-sdk-for-net\sdk\datalake-store\Microsoft.Azure.Management.DataLake.Store\tests\ScenarioTests\FileSystemOperationTests.cs(1016,25): error CS0103: The name 'Assert' does not exist in the current context
C:\gh\azure-sdk-for-net\sdk\datalake-store\Microsoft.Azure.Management.DataLake.Store\tests\ScenarioTests\FileSystemOperationTests.cs(1019,66): error CS0246: The type or namespace name 'ServiceClient<>' could not be found (are you missing a using directive or an assembly reference?)
C:\gh\azure-sdk-for-net\sdk\datalake-store\Microsoft.Azure.Management.DataLake.Store\tests\ScenarioTests\FileSystemOperationTests.cs(1019,66): error CS1061: 'DataLakeStoreFileSystemManagementClient' does not contain a definition for 'FileSystem' and no accessible extension method 'FileSystem' accepting a first argument of type 'DataLakeStoreFileSystemManagementClient' could be found (are you missing a using directive or an assembly reference?)
C:\gh\azure-sdk-for-net\sdk\datalake-store\Microsoft.Azure.Management.DataLake.Store\tests\ScenarioTests\FileSystemOperationTests.cs(1029,25): error CS0103: The name 'Assert' does not exist in the current context
C:\gh\azure-sdk-for-net\sdk\datalake-store\Microsoft.Azure.Management.DataLake.Store\tests\ScenarioTests\FileSystemOperationTests.cs(1030,25): error CS0103: The name 'Assert' does not exist in the current context
C:\gh\azure-sdk-for-net\sdk\datalake-store\Microsoft.Azure.Management.DataLake.Store\tests\ScenarioTests\FileSystemOperationTests.cs(1034,66): error CS0246: The type or namespace name 'ServiceClient<>' could not be found (are you missing a using directive or an assembly reference?)
C:\gh\azure-sdk-for-net\sdk\datalake-store\Microsoft.Azure.Management.DataLake.Store\tests\ScenarioTests\FileSystemOperationTests.cs(1034,66): error CS1061: 'DataLakeStoreFileSystemManagementClient' does not contain a definition for 'FileSystem' and no accessible extension method 'FileSystem' accepting a first argument of type 'DataLakeStoreFileSystemManagementClient' could be found (are you missing a using directive or an assembly reference?)
C:\gh\azure-sdk-for-net\sdk\datalake-store\Microsoft.Azure.Management.DataLake.Store\tests\ScenarioTests\FileSystemOperationTests.cs(1035,85): error CS0246: The type or namespace name 'ServiceClient<>' could not be found (are you missing a using directive or an assembly reference?)
C:\gh\azure-sdk-for-net\sdk\datalake-store\Microsoft.Azure.Management.DataLake.Store\tests\ScenarioTests\FileSystemOperationTests.cs(1035,85): error CS1061: 'DataLakeStoreFileSystemManagementClient' does not contain a definition for 'FileSystem' and no accessible extension method 'FileSystem' accepting a first argument of type 'DataLakeStoreFileSystemManagementClient' could be found (are you missing a using directive or an assembly reference?)
C:\gh\azure-sdk-for-net\sdk\datalake-store\Microsoft.Azure.Management.DataLake.Store\tests\ScenarioTests\FileSystemOperationTests.cs(1038,25): error CS0103: The name 'Assert' does not exist in the current context
C:\gh\azure-sdk-for-net\sdk\datalake-store\Microsoft.Azure.Management.DataLake.Store\tests\ScenarioTests\FileSystemOperationTests.cs(1039,25): error CS0103: The name 'Assert' does not exist in the current context
C:\gh\azure-sdk-for-net\sdk\datalake-store\Microsoft.Azure.Management.DataLake.Store\tests\ScenarioTests\FileSystemOperationTests.cs(1043,66): error CS0246: The type or namespace name 'ServiceClient<>' could not be found (are you missing a using directive or an assembly reference?)
C:\gh\azure-sdk-for-net\sdk\datalake-store\Microsoft.Azure.Management.DataLake.Store\tests\ScenarioTests\FileSystemOperationTests.cs(1043,66): error CS1061: 'DataLakeStoreFileSystemManagementClient' does not contain a definition for 'FileSystem' and no accessible extension method 'FileSystem' accepting a first argument of type 'DataLakeStoreFileSystemManagementClient' could be found (are you missing a using directive or an assembly reference?)
C:\gh\azure-sdk-for-net\sdk\datalake-store\Microsoft.Azure.Management.DataLake.Store\tests\ScenarioTests\FileSystemOperationTests.cs(1048,29): error CS0103: The name 'FileType' does not exist in the current context
C:\gh\azure-sdk-for-net\sdk\datalake-store\Microsoft.Azure.Management.DataLake.Store\tests\ScenarioTests\FileSystemOperationTests.cs(1110,69): error CS0246: The type or namespace name 'ServiceClient<>' could not be found (are you missing a using directive or an assembly reference?)
C:\gh\azure-sdk-for-net\sdk\datalake-store\Microsoft.Azure.Management.DataLake.Store\tests\ScenarioTests\FileSystemOperationTests.cs(1110,69): error CS1061: 'DataLakeStoreFileSystemManagementClient' does not contain a definition for 'FileSystem' and no accessible extension method 'FileSystem' accepting a first argument of type 'DataLakeStoreFileSystemManagementClient' could be found (are you missing a using directive or an assembly reference?)
C:\gh\azure-sdk-for-net\sdk\datalake-store\Microsoft.Azure.Management.DataLake.Store\tests\ScenarioTests\FileSystemOperationTests.cs(1111,13): error CS0103: The name 'Assert' does not exist in the current context
C:\gh\azure-sdk-for-net\sdk\datalake-store\Microsoft.Azure.Management.DataLake.Store\tests\ScenarioTests\FileSystemOperationTests.cs(1122,58): error CS0246: The type or namespace name 'ServiceClient<>' could not be found (are you missing a using directive or an assembly reference?)
C:\gh\azure-sdk-for-net\sdk\datalake-store\Microsoft.Azure.Management.DataLake.Store\tests\ScenarioTests\FileSystemOperationTests.cs(1122,58): error CS1061: 'DataLakeStoreFileSystemManagementClient' does not contain a definition for 'FileSystem' and no accessible extension method 'FileSystem' accepting a first argument of type 'DataLakeStoreFileSystemManagementClient' could be found (are you missing a using directive or an assembly reference?)
C:\gh\azure-sdk-for-net\sdk\datalake-store\Microsoft.Azure.Management.DataLake.Store\tests\ScenarioTests\FileSystemOperationTests.cs(1126,31): error CS0103: The name 'SyncFlag' does not exist in the current context
C:\gh\azure-sdk-for-net\sdk\datalake-store\Microsoft.Azure.Management.DataLake.Store\tests\ScenarioTests\FileSystemOperationTests.cs(1130,58): error CS0246: The type or namespace name 'ServiceClient<>' could not be found (are you missing a using directive or an assembly reference?)
C:\gh\azure-sdk-for-net\sdk\datalake-store\Microsoft.Azure.Management.DataLake.Store\tests\ScenarioTests\FileSystemOperationTests.cs(1130,58): error CS1061: 'DataLakeStoreFileSystemManagementClient' does not contain a definition for 'FileSystem' and no accessible extension method 'FileSystem' accepting a first argument of type 'DataLakeStoreFileSystemManagementClient' could be found (are you missing a using directive or an assembly reference?)
C:\gh\azure-sdk-for-net\sdk\datalake-store\Microsoft.Azure.Management.DataLake.Store\tests\ScenarioTests\FileSystemOperationTests.cs(1141,72): error CS0246: The type or namespace name 'ServiceClient<>' could not be found (are you missing a using directive or an assembly reference?)
C:\gh\azure-sdk-for-net\sdk\datalake-store\Microsoft.Azure.Management.DataLake.Store\tests\ScenarioTests\FileSystemOperationTests.cs(1141,72): error CS1061: 'DataLakeStoreFileSystemManagementClient' does not contain a definition for 'FileSystem' and no accessible extension method 'FileSystem' accepting a first argument of type 'DataLakeStoreFileSystemManagementClient' could be found (are you missing a using directive or an assembly reference?)
C:\gh\azure-sdk-for-net\sdk\datalake-store\Microsoft.Azure.Management.DataLake.Store\tests\ScenarioTests\FileSystemOperationTests.cs(1142,13): error CS0103: The name 'Assert' does not exist in the current context
C:\gh\azure-sdk-for-net\sdk\datalake-store\Microsoft.Azure.Management.DataLake.Store\tests\ScenarioTests\FileSystemOperationTests.cs(1143,13): error CS0103: The name 'Assert' does not exist in the current context
C:\gh\azure-sdk-for-net\sdk\datalake-store\Microsoft.Azure.Management.DataLake.Store\tests\ScenarioTests\FileSystemOperationTests.cs(1153,80): error CS0246: The type or namespace name 'ServiceClient<>' could not be found (are you missing a using directive or an assembly reference?)
C:\gh\azure-sdk-for-net\sdk\datalake-store\Microsoft.Azure.Management.DataLake.Store\tests\ScenarioTests\FileSystemOperationTests.cs(1153,80): error CS1061: 'DataLakeStoreFileSystemManagementClient' does not contain a definition for 'FileSystem' and no accessible extension method 'FileSystem' accepting a first argument of type 'DataLakeStoreFileSystemManagementClient' could be found (are you missing a using directive or an assembly reference?)
C:\gh\azure-sdk-for-net\sdk\datalake-store\Microsoft.Azure.Management.DataLake.Store\tests\ScenarioTests\FileSystemOperationTests.cs(1154,17): error CS0103: The name 'Assert' does not exist in the current context
C:\gh\azure-sdk-for-net\sdk\datalake-store\Microsoft.Azure.Management.DataLake.Store\tests\ScenarioTests\FileSystemOperationTests.cs(1156,17): error CS0103: The name 'Assert' does not exist in the current context
C:\gh\azure-sdk-for-net\sdk\datalake-store\Microsoft.Azure.Management.DataLake.Store\tests\ScenarioTests\FileSystemOperationTests.cs(1171,89): error CS0246: The type or namespace name 'ServiceClient<>' could not be found (are you missing a using directive or an assembly reference?)
C:\gh\azure-sdk-for-net\sdk\datalake-store\Microsoft.Azure.Management.DataLake.Store\tests\ScenarioTests\FileSystemOperationTests.cs(1171,89): error CS1061: 'DataLakeStoreFileSystemManagementClient' does not contain a definition for 'FileSystem' and no accessible extension method 'FileSystem' accepting a first argument of type 'DataLakeStoreFileSystemManagementClient' could be found (are you missing a using directive or an assembly reference?)
C:\gh\azure-sdk-for-net\sdk\datalake-store\Microsoft.Azure.Management.DataLake.Store\tests\ScenarioTests\FileSystemOperationTests.cs(1171,25): error CS0815: Cannot assign void to an implicitly-typed variable
C:\gh\azure-sdk-for-net\sdk\datalake-store\Microsoft.Azure.Management.DataLake.Store\tests\ScenarioTests\FileSystemOperationTests.cs(1172,21): error CS0103: The name 'Assert' does not exist in the current context
C:\gh\azure-sdk-for-net\sdk\datalake-store\Microsoft.Azure.Management.DataLake.Store\tests\ScenarioTests\FileSystemOperationTests.cs(1176,21): error CS0103: The name 'Assert' does not exist in the current context
C:\gh\azure-sdk-for-net\sdk\datalake-store\Microsoft.Azure.Management.DataLake.Store\tests\ScenarioTests\FileSystemOperationTests.cs(1176,41): error CS0246: The type or namespace name 'AdlsErrorException' could not be found (are you missing a using directive or an assembly reference?)
C:\gh\azure-sdk-for-net\sdk\datalake-store\Microsoft.Azure.Management.DataLake.Store\tests\ScenarioTests\FileSystemOperationTests.cs(1182,85): error CS0246: The type or namespace name 'ServiceClient<>' could not be found (are you missing a using directive or an assembly reference?)
C:\gh\azure-sdk-for-net\sdk\datalake-store\Microsoft.Azure.Management.DataLake.Store\tests\ScenarioTests\FileSystemOperationTests.cs(1182,85): error CS1061: 'DataLakeStoreFileSystemManagementClient' does not contain a definition for 'FileSystem' and no accessible extension method 'FileSystem' accepting a first argument of type 'DataLakeStoreFileSystemManagementClient' could be found (are you missing a using directive or an assembly reference?)
C:\gh\azure-sdk-for-net\sdk\datalake-store\Microsoft.Azure.Management.DataLake.Store\tests\ScenarioTests\FileSystemOperationTests.cs(1182,21): error CS0815: Cannot assign void to an implicitly-typed variable
C:\gh\azure-sdk-for-net\sdk\datalake-store\Microsoft.Azure.Management.DataLake.Store\tests\ScenarioTests\FileSystemOperationTests.cs(1183,17): error CS0103: The name 'Assert' does not exist in the current context
C:\gh\azure-sdk-for-net\sdk\datalake-store\Microsoft.Azure.Management.DataLake.Store\tests\ScenarioTests\FileSystemOperationTests.cs(1194,87): error CS0246: The type or namespace name 'ServiceClient<>' could not be found (are you missing a using directive or an assembly reference?)
C:\gh\azure-sdk-for-net\sdk\datalake-store\Microsoft.Azure.Management.DataLake.Store\tests\ScenarioTests\FileSystemOperationTests.cs(1194,87): error CS1061: 'DataLakeStoreFileSystemManagementClient' does not contain a definition for 'FileSystem' and no accessible extension method 'FileSystem' accepting a first argument of type 'DataLakeStoreFileSystemManagementClient' could be found (are you missing a using directive or an assembly reference?)
C:\gh\azure-sdk-for-net\sdk\datalake-store\Microsoft.Azure.Management.DataLake.Store\tests\ScenarioTests\FileSystemOperationTests.cs(1194,25): error CS0815: Cannot assign void to an implicitly-typed variable
C:\gh\azure-sdk-for-net\sdk\datalake-store\Microsoft.Azure.Management.DataLake.Store\tests\ScenarioTests\FileSystemOperationTests.cs(1195,21): error CS0103: The name 'Assert' does not exist in the current context
C:\gh\azure-sdk-for-net\sdk\datalake-store\Microsoft.Azure.Management.DataLake.Store\tests\ScenarioTests\FileSystemOperationTests.cs(1199,21): error CS0103: The name 'Assert' does not exist in the current context
C:\gh\azure-sdk-for-net\sdk\datalake-store\Microsoft.Azure.Management.DataLake.Store\tests\ScenarioTests\FileSystemOperationTests.cs(1199,41): error CS0246: The type or namespace name 'AdlsErrorException' could not be found (are you missing a using directive or an assembly reference?)
C:\gh\azure-sdk-for-net\sdk\datalake-store\Microsoft.Azure.Management.DataLake.Store\tests\ScenarioTests\FileSystemOperationTests.cs(1205,83): error CS0246: The type or namespace name 'ServiceClient<>' could not be found (are you missing a using directive or an assembly reference?)
C:\gh\azure-sdk-for-net\sdk\datalake-store\Microsoft.Azure.Management.DataLake.Store\tests\ScenarioTests\FileSystemOperationTests.cs(1205,83): error CS1061: 'DataLakeStoreFileSystemManagementClient' does not contain a definition for 'FileSystem' and no accessible extension method 'FileSystem' accepting a first argument of type 'DataLakeStoreFileSystemManagementClient' could be found (are you missing a using directive or an assembly reference?)
C:\gh\azure-sdk-for-net\sdk\datalake-store\Microsoft.Azure.Management.DataLake.Store\tests\ScenarioTests\FileSystemOperationTests.cs(1205,21): error CS0815: Cannot assign void to an implicitly-typed variable
C:\gh\azure-sdk-for-net\sdk\datalake-store\Microsoft.Azure.Management.DataLake.Store\tests\ScenarioTests\FileSystemOperationTests.cs(1206,17): error CS0103: The name 'Assert' does not exist in the current context
C:\gh\azure-sdk-for-net\sdk\datalake-store\Microsoft.Azure.Management.DataLake.Store\tests\ScenarioTests\FileSystemOperationTests.cs(1225,13): error CS0103: The name 'Assert' does not exist in the current context
C:\gh\azure-sdk-for-net\sdk\datalake-store\Microsoft.Azure.Management.DataLake.Store\tests\ScenarioTests\AccountOperationTests.cs(13,1): hidden CS8019: Unnecessary using directive.
C:\gh\azure-sdk-for-net\sdk\datalake-store\Microsoft.Azure.Management.DataLake.Store\tests\ScenarioTests\AccountOperationTests.cs(7,1): hidden CS8019: Unnecessary using directive.
C:\gh\azure-sdk-for-net\sdk\datalake-store\Microsoft.Azure.Management.DataLake.Store\tests\DataTransferTests\SingleSegmentUploaderTests.cs(12,5): hidden CS8019: Unnecessary using directive.
C:\gh\azure-sdk-for-net\artifacts\obj\Microsoft.Azure.Management.DataLakeStore.Tests\Debug\netcoreapp3.1\Microsoft.Azure.Management.DataLakeStore.Tests.AssemblyInfo.cs(12,1): hidden CS8019: Unnecessary using directive.
C:\gh\azure-sdk-for-net\eng\mgmt\DisableTestRunParallel.cs(4,1): hidden CS8019: Unnecessary using directive.
C:\gh\azure-sdk-for-net\artifacts\obj\Microsoft.Azure.Management.DataLakeStore.Tests\Debug\netcoreapp3.1\.NETCoreApp,Version=v3.1.AssemblyAttributes.cs(2,1): hidden CS8019: Unnecessary using directive.
C:\gh\azure-sdk-for-net\sdk\datalake-store\Microsoft.Azure.Management.DataLake.Store\tests\TestHelpers\ClientManagementUtilities.cs(4,1): hidden CS8019: Unnecessary using directive.
C:\gh\azure-sdk-for-net\sdk\datalake-store\Microsoft.Azure.Management.DataLake.Store\tests\DataTransferTests\InMemoryFrontEnd.cs(12,5): hidden CS8019: Unnecessary using directive.
C:\gh\azure-sdk-for-net\sdk\datalake-store\Microsoft.Azure.Management.DataLake.Store\tests\DataTransferTests\TransferMetadataGeneratorTests.cs(13,5): hidden CS8019: Unnecessary using directive.
C:\gh\azure-sdk-for-net\sdk\datalake-store\Microsoft.Azure.Management.DataLake.Store\tests\DataTransferTests\TestHelpers.cs(12,5): hidden CS8019: Unnecessary using directive.
C:\gh\azure-sdk-for-net\sdk\datalake-store\Microsoft.Azure.Management.DataLake.Store\tests\TestHelpers\CommonTestFixture.cs(6,1): hidden CS8019: Unnecessary using directive.
C:\gh\azure-sdk-for-net\sdk\datalake-store\Microsoft.Azure.Management.DataLake.Store\tests\DataTransferTests\AssertExtensions.cs(4,1): hidden CS8019: Unnecessary using directive.
C:\gh\azure-sdk-for-net\sdk\datalake-store\Microsoft.Azure.Management.DataLake.Store\tests\DataTransferTests\StringExtensionsTests.cs(11,5): hidden CS8019: Unnecessary using directive.
C:\gh\azure-sdk-for-net\sdk\datalake-store\Microsoft.Azure.Management.DataLake.Store\tests\DataTransferTests\TestHelpers.cs(7,5): hidden CS8019: Unnecessary using directive.
C:\gh\azure-sdk-for-net\sdk\datalake-store\Microsoft.Azure.Management.DataLake.Store\tests\DataTransferTests\InMemoryFrontEnd.cs(13,5): hidden CS8019: Unnecessary using directive.
C:\gh\azure-sdk-for-net\eng\mgmt\DisableTestRunParallel.cs(5,1): hidden CS8019: Unnecessary using directive.
C:\gh\azure-sdk-for-net\artifacts\obj\Microsoft.Azure.Management.DataLakeStore.Tests\Debug\netcoreapp3.1\Microsoft.Azure.Management.DataLakeStore.Tests.AssemblyInfo.cs(11,1): hidden CS8019: Unnecessary using directive.
C:\gh\azure-sdk-for-net\sdk\datalake-store\Microsoft.Azure.Management.DataLake.Store\tests\TestHelpers\DataLakeStoreAndFileSystemManagementHelper.cs(5,1): hidden CS8019: Unnecessary using directive.
C:\gh\azure-sdk-for-net\sdk\datalake-store\Microsoft.Azure.Management.DataLake.Store\tests\TestHelpers\DataLakeStoreAndFileSystemManagementHelper.cs(7,1): hidden CS8019: Unnecessary using directive.
C:\gh\azure-sdk-for-net\sdk\datalake-store\Microsoft.Azure.Management.DataLake.Store\tests\ScenarioTests\FileSystemOperationTests.cs(16,1): hidden CS8019: Unnecessary using directive.
C:\gh\azure-sdk-for-net\sdk\datalake-store\Microsoft.Azure.Management.DataLake.Store\tests\TestHelpers\DataLakeStoreAndFileSystemManagementHelper.cs(12,1): hidden CS8019: Unnecessary using directive.
C:\gh\azure-sdk-for-net\sdk\datalake-store\Microsoft.Azure.Management.DataLake.Store\tests\ScenarioTests\FileSystemOperationTests.cs(14,1): hidden CS8019: Unnecessary using directive.
C:\gh\azure-sdk-for-net\sdk\datalake-store\Microsoft.Azure.Management.DataLake.Store\tests\ScenarioTests\AccountOperationTests.cs(6,1): hidden CS8019: Unnecessary using directive.
C:\gh\azure-sdk-for-net\sdk\datalake-store\Microsoft.Azure.Management.DataLake.Store\tests\TestHelpers\DataLakeStoreAndFileSystemManagementHelper.cs(10,1): hidden CS8019: Unnecessary using directive.
C:\gh\azure-sdk-for-net\sdk\datalake-store\Microsoft.Azure.Management.DataLake.Store\tests\TestHelpers\DataLakeStoreAndFileSystemManagementHelper.cs(13,1): hidden CS8019: Unnecessary using directive.
C:\gh\azure-sdk-for-net\sdk\datalake-store\Microsoft.Azure.Management.DataLake.Store\tests\ScenarioTests\FileSystemOperationTests.cs(10,1): hidden CS8019: Unnecessary using directive.
C:\gh\azure-sdk-for-net\sdk\datalake-store\Microsoft.Azure.Management.DataLake.Store\tests\DataTransferTests\TransferSegmentMetadataTests.cs(9,5): hidden CS8019: Unnecessary using directive.
C:\gh\azure-sdk-for-net\sdk\datalake-store\Microsoft.Azure.Management.DataLake.Store\tests\TestHelpers\DataLakeStoreAndFileSystemManagementHelper.cs(15,1): hidden CS8019: Unnecessary using directive.
C:\gh\azure-sdk-for-net\sdk\datalake-store\Microsoft.Azure.Management.DataLake.Store\tests\DataTransferTests\TestHelpers.cs(10,5): hidden CS8019: Unnecessary using directive.
C:\gh\azure-sdk-for-net\sdk\datalake-store\Microsoft.Azure.Management.DataLake.Store\tests\ScenarioTests\FileSystemOperationTests.cs(8,1): hidden CS8019: Unnecessary using directive.
C:\gh\azure-sdk-for-net\sdk\datalake-store\Microsoft.Azure.Management.DataLake.Store\tests\ScenarioTests\FileSystemOperationTests.cs(13,1): hidden CS8019: Unnecessary using directive.
C:\gh\azure-sdk-for-net\sdk\datalake-store\Microsoft.Azure.Management.DataLake.Store\tests\Properties\AssemblyInfo.cs(5,1): hidden CS8019: Unnecessary using directive.
C:\gh\azure-sdk-for-net\sdk\datalake-store\Microsoft.Azure.Management.DataLake.Store\tests\DataTransferTests\DataLakeStoreClientTests.cs(14,5): hidden CS8019: Unnecessary using directive.
C:\gh\azure-sdk-for-net\sdk\datalake-store\Microsoft.Azure.Management.DataLake.Store\tests\TestHelpers\DataLakeStoreAndFileSystemManagementHelper.cs(6,1): hidden CS8019: Unnecessary using directive.
C:\gh\azure-sdk-for-net\sdk\datalake-store\Microsoft.Azure.Management.DataLake.Store\tests\DataTransferTests\MultipleSegmentUploaderTests.cs(11,5): hidden CS8019: Unnecessary using directive.
C:\gh\azure-sdk-for-net\sdk\datalake-store\Microsoft.Azure.Management.DataLake.Store\tests\ScenarioTests\AccountOperationTests.cs(3,1): hidden CS8019: Unnecessary using directive.
C:\gh\azure-sdk-for-net\sdk\datalake-store\Microsoft.Azure.Management.DataLake.Store\tests\TestHelpers\CommonTestFixture.cs(4,1): hidden CS8019: Unnecessary using directive.
C:\gh\azure-sdk-for-net\sdk\datalake-store\Microsoft.Azure.Management.DataLake.Store\tests\DataTransferTests\InMemoryFrontEnd.cs(11,5): hidden CS8019: Unnecessary using directive.
C:\gh\azure-sdk-for-net\artifacts\obj\Microsoft.Azure.Management.DataLakeStore.Tests\Debug\netcoreapp3.1\.NETCoreApp,Version=v3.1.AssemblyAttributes.cs(3,1): hidden CS8019: Unnecessary using directive.
C:\gh\azure-sdk-for-net\sdk\datalake-store\Microsoft.Azure.Management.DataLake.Store\tests\DataTransferTests\TestHelpers.cs(11,5): hidden CS8019: Unnecessary using directive.
