C:\gh\azure-sdk-for-net\sdk\azurestack\Microsoft.AzureStack.Management.InfrastructureInsights.Admin\tests\src\Helpers\AzureStackTestBase.cs(95,38): error CS0518: Predefined type 'System.Object' is not defined or imported
C:\gh\azure-sdk-for-net\sdk\azurestack\Microsoft.AzureStack.Management.InfrastructureInsights.Admin\tests\src\Helpers\AzureStackTestBase.cs(95,38): error CS0246: The type or namespace name 'Action' could not be found (are you missing a using directive or an assembly reference?)
C:\gh\azure-sdk-for-net\sdk\azurestack\Microsoft.AzureStack.Management.InfrastructureInsights.Admin\tests\src\Helpers\AzureStackTestBase.cs(95,16): error CS0518: Predefined type 'System.Void' is not defined or imported
C:\gh\azure-sdk-for-net\sdk\azurestack\Microsoft.AzureStack.Management.InfrastructureInsights.Admin\tests\src\AlertTests.cs(193,16): error CS0518: Predefined type 'System.Void' is not defined or imported
C:\gh\azure-sdk-for-net\sdk\azurestack\Microsoft.AzureStack.Management.InfrastructureInsights.Admin\tests\src\ServiceHealthTests.cs(71,16): error CS0518: Predefined type 'System.Void' is not defined or imported
C:\gh\azure-sdk-for-net\sdk\azurestack\Microsoft.AzureStack.Management.InfrastructureInsights.Admin\tests\src\Helpers\AzureStackTestBase.cs(42,28): error CS0518: Predefined type 'System.Void' is not defined or imported
C:\gh\azure-sdk-for-net\sdk\azurestack\Microsoft.AzureStack.Management.InfrastructureInsights.Admin\tests\src\Helpers\AzureStackTestBase.cs(16,27): error CS0518: Predefined type 'System.Object' is not defined or imported
C:\gh\azure-sdk-for-net\sdk\azurestack\Microsoft.AzureStack.Management.InfrastructureInsights.Admin\tests\src\Helpers\AzureStackTestBase.cs(58,32): error CS0518: Predefined type 'System.Object' is not defined or imported
C:\gh\azure-sdk-for-net\sdk\azurestack\Microsoft.AzureStack.Management.InfrastructureInsights.Admin\tests\src\Helpers\AzureStackTestBase.cs(58,32): error CS0246: The type or namespace name 'Action<>' could not be found (are you missing a using directive or an assembly reference?)
C:\gh\azure-sdk-for-net\sdk\azurestack\Microsoft.AzureStack.Management.InfrastructureInsights.Admin\tests\src\Helpers\AzureStackTestBase.cs(59,13): error CS0518: Predefined type 'System.Object' is not defined or imported
C:\gh\azure-sdk-for-net\sdk\azurestack\Microsoft.AzureStack.Management.InfrastructureInsights.Admin\tests\src\Helpers\AzureStackTestBase.cs(59,13): error CS0246: The type or namespace name 'Action' could not be found (are you missing a using directive or an assembly reference?)
C:\gh\azure-sdk-for-net\sdk\azurestack\Microsoft.AzureStack.Management.InfrastructureInsights.Admin\tests\src\Helpers\AzureStackTestBase.cs(60,13): error CS0518: Predefined type 'System.Object' is not defined or imported
C:\gh\azure-sdk-for-net\sdk\azurestack\Microsoft.AzureStack.Management.InfrastructureInsights.Admin\tests\src\Helpers\AzureStackTestBase.cs(60,13): error CS0246: The type or namespace name 'Action' could not be found (are you missing a using directive or an assembly reference?)
C:\gh\azure-sdk-for-net\sdk\azurestack\Microsoft.AzureStack.Management.InfrastructureInsights.Admin\tests\src\Helpers\AzureStackTestBase.cs(61,13): error CS0518: Predefined type 'System.Object' is not defined or imported
C:\gh\azure-sdk-for-net\sdk\azurestack\Microsoft.AzureStack.Management.InfrastructureInsights.Admin\tests\src\Helpers\AzureStackTestBase.cs(61,13): error CS0246: The type or namespace name 'HttpStatusCode' could not be found (are you missing a using directive or an assembly reference?)
C:\gh\azure-sdk-for-net\sdk\azurestack\Microsoft.AzureStack.Management.InfrastructureInsights.Admin\tests\src\Helpers\AzureStackTestBase.cs(63,13): error CS0518: Predefined type 'System.String' is not defined or imported
C:\gh\azure-sdk-for-net\sdk\azurestack\Microsoft.AzureStack.Management.InfrastructureInsights.Admin\tests\src\Helpers\AzureStackTestBase.cs(58,19): error CS0518: Predefined type 'System.Void' is not defined or imported
C:\gh\azure-sdk-for-net\sdk\azurestack\Microsoft.AzureStack.Management.InfrastructureInsights.Admin\tests\src\ResourceHealthTests.cs(124,16): error CS0518: Predefined type 'System.Void' is not defined or imported
C:\gh\azure-sdk-for-net\sdk\azurestack\Microsoft.AzureStack.Management.InfrastructureInsights.Admin\tests\InfrastructureInsightsTestBase.cs(27,48): error CS0518: Predefined type 'System.Object' is not defined or imported
C:\gh\azure-sdk-for-net\sdk\azurestack\Microsoft.AzureStack.Management.InfrastructureInsights.Admin\tests\InfrastructureInsightsTestBase.cs(27,28): error CS0518: Predefined type 'System.Void' is not defined or imported
C:\gh\azure-sdk-for-net\sdk\azurestack\Microsoft.AzureStack.Management.InfrastructureInsights.Admin\tests\src\Helpers\AzureStackTestBase.cs(47,19): error CS0518: Predefined type 'System.String' is not defined or imported
C:\gh\azure-sdk-for-net\sdk\azurestack\Microsoft.AzureStack.Management.InfrastructureInsights.Admin\tests\InfrastructureInsightsCommon.cs(21,45): error CS0518: Predefined type 'System.Object' is not defined or imported
C:\gh\azure-sdk-for-net\sdk\azurestack\Microsoft.AzureStack.Management.InfrastructureInsights.Admin\tests\InfrastructureInsightsCommon.cs(21,23): error CS0518: Predefined type 'System.Boolean' is not defined or imported
C:\gh\azure-sdk-for-net\sdk\azurestack\Microsoft.AzureStack.Management.InfrastructureInsights.Admin\tests\src\Helpers\RecordedDelegatingHandler.cs(24,9): error CS0518: Predefined type 'System.Void' is not defined or imported
C:\gh\azure-sdk-for-net\sdk\azurestack\Microsoft.AzureStack.Management.InfrastructureInsights.Admin\tests\src\Helpers\RecordedDelegatingHandler.cs(16,46): error CS0246: The type or namespace name 'DelegatingHandler' could not be found (are you missing a using directive or an assembly reference?)
C:\gh\azure-sdk-for-net\sdk\azurestack\Microsoft.AzureStack.Management.InfrastructureInsights.Admin\tests\src\Helpers\RecordedDelegatingHandler.cs(33,42): error CS0518: Predefined type 'System.Object' is not defined or imported
C:\gh\azure-sdk-for-net\sdk\azurestack\Microsoft.AzureStack.Management.InfrastructureInsights.Admin\tests\src\Helpers\RecordedDelegatingHandler.cs(33,42): error CS0246: The type or namespace name 'HttpResponseMessage' could not be found (are you missing a using directive or an assembly reference?)
C:\gh\azure-sdk-for-net\sdk\azurestack\Microsoft.AzureStack.Management.InfrastructureInsights.Admin\tests\src\Helpers\RecordedDelegatingHandler.cs(33,9): error CS0518: Predefined type 'System.Void' is not defined or imported
C:\gh\azure-sdk-for-net\sdk\azurestack\Microsoft.AzureStack.Management.InfrastructureInsights.Admin\tests\InfrastructureInsightsCommon.cs(13,44): error CS0518: Predefined type 'System.Object' is not defined or imported
C:\gh\azure-sdk-for-net\sdk\azurestack\Microsoft.AzureStack.Management.InfrastructureInsights.Admin\tests\InfrastructureInsightsCommon.cs(13,70): error CS0518: Predefined type 'System.Object' is not defined or imported
C:\gh\azure-sdk-for-net\sdk\azurestack\Microsoft.AzureStack.Management.InfrastructureInsights.Admin\tests\InfrastructureInsightsCommon.cs(13,23): error CS0518: Predefined type 'System.Boolean' is not defined or imported
C:\gh\azure-sdk-for-net\sdk\azurestack\Microsoft.AzureStack.Management.InfrastructureInsights.Admin\tests\src\Helpers\Common.cs(268,47): error CS0518: Predefined type 'System.Object' is not defined or imported
C:\gh\azure-sdk-for-net\sdk\azurestack\Microsoft.AzureStack.Management.InfrastructureInsights.Admin\tests\src\Helpers\Common.cs(268,47): error CS0246: The type or namespace name 'IPage<>' could not be found (are you missing a using directive or an assembly reference?)
C:\gh\azure-sdk-for-net\sdk\azurestack\Microsoft.AzureStack.Management.InfrastructureInsights.Admin\tests\src\Helpers\Common.cs(268,63): error CS0518: Predefined type 'System.Object' is not defined or imported
C:\gh\azure-sdk-for-net\sdk\azurestack\Microsoft.AzureStack.Management.InfrastructureInsights.Admin\tests\src\Helpers\Common.cs(268,63): error CS0246: The type or namespace name 'Func<,>' could not be found (are you missing a using directive or an assembly reference?)
C:\gh\azure-sdk-for-net\sdk\azurestack\Microsoft.AzureStack.Management.InfrastructureInsights.Admin\tests\src\Helpers\Common.cs(268,68): error CS0518: Predefined type 'System.String' is not defined or imported
C:\gh\azure-sdk-for-net\sdk\azurestack\Microsoft.AzureStack.Management.InfrastructureInsights.Admin\tests\src\Helpers\Common.cs(268,76): error CS0518: Predefined type 'System.Object' is not defined or imported
C:\gh\azure-sdk-for-net\sdk\azurestack\Microsoft.AzureStack.Management.InfrastructureInsights.Admin\tests\src\Helpers\Common.cs(268,76): error CS0246: The type or namespace name 'IPage<>' could not be found (are you missing a using directive or an assembly reference?)
C:\gh\azure-sdk-for-net\sdk\azurestack\Microsoft.AzureStack.Management.InfrastructureInsights.Admin\tests\src\Helpers\Common.cs(268,19): error CS0518: Predefined type 'System.Object' is not defined or imported
C:\gh\azure-sdk-for-net\sdk\azurestack\Microsoft.AzureStack.Management.InfrastructureInsights.Admin\tests\src\Helpers\Common.cs(268,19): error CS0246: The type or namespace name 'IList<>' could not be found (are you missing a using directive or an assembly reference?)
C:\gh\azure-sdk-for-net\sdk\azurestack\Microsoft.AzureStack.Management.InfrastructureInsights.Admin\tests\src\Helpers\Common.cs(268,42): error CS1110: Cannot define a new extension method because the compiler required type 'System.Runtime.CompilerServices.ExtensionAttribute' cannot be found. Are you missing a reference to System.Core.dll?
C:\gh\azure-sdk-for-net\sdk\azurestack\Microsoft.AzureStack.Management.InfrastructureInsights.Admin\tests\src\Helpers\Common.cs(23,22): error CS0518: Predefined type 'System.String' is not defined or imported
C:\gh\azure-sdk-for-net\sdk\azurestack\Microsoft.AzureStack.Management.InfrastructureInsights.Admin\tests\src\Helpers\Common.cs(24,22): error CS0518: Predefined type 'System.Int32' is not defined or imported
C:\gh\azure-sdk-for-net\sdk\azurestack\Microsoft.AzureStack.Management.InfrastructureInsights.Admin\tests\src\Helpers\Common.cs(27,22): error CS0518: Predefined type 'System.Int32' is not defined or imported
C:\gh\azure-sdk-for-net\sdk\azurestack\Microsoft.AzureStack.Management.InfrastructureInsights.Admin\tests\src\Helpers\Common.cs(28,22): error CS0518: Predefined type 'System.Int32' is not defined or imported
C:\gh\azure-sdk-for-net\sdk\azurestack\Microsoft.AzureStack.Management.InfrastructureInsights.Admin\tests\src\Helpers\Common.cs(29,22): error CS0518: Predefined type 'System.Int32' is not defined or imported
C:\gh\azure-sdk-for-net\sdk\azurestack\Microsoft.AzureStack.Management.InfrastructureInsights.Admin\tests\src\Helpers\Common.cs(30,22): error CS0518: Predefined type 'System.Int32' is not defined or imported
C:\gh\azure-sdk-for-net\sdk\azurestack\Microsoft.AzureStack.Management.InfrastructureInsights.Admin\tests\src\Helpers\Common.cs(119,44): error CS0518: Predefined type 'System.Object' is not defined or imported
C:\gh\azure-sdk-for-net\sdk\azurestack\Microsoft.AzureStack.Management.InfrastructureInsights.Admin\tests\src\Helpers\Common.cs(119,44): error CS0246: The type or namespace name 'IPage<>' could not be found (are you missing a using directive or an assembly reference?)
C:\gh\azure-sdk-for-net\sdk\azurestack\Microsoft.AzureStack.Management.InfrastructureInsights.Admin\tests\src\Helpers\Common.cs(119,60): error CS0518: Predefined type 'System.Object' is not defined or imported
C:\gh\azure-sdk-for-net\sdk\azurestack\Microsoft.AzureStack.Management.InfrastructureInsights.Admin\tests\src\Helpers\Common.cs(119,60): error CS0246: The type or namespace name 'Func<,>' could not be found (are you missing a using directive or an assembly reference?)
C:\gh\azure-sdk-for-net\sdk\azurestack\Microsoft.AzureStack.Management.InfrastructureInsights.Admin\tests\src\Helpers\Common.cs(119,65): error CS0518: Predefined type 'System.String' is not defined or imported
C:\gh\azure-sdk-for-net\sdk\azurestack\Microsoft.AzureStack.Management.InfrastructureInsights.Admin\tests\src\Helpers\Common.cs(119,73): error CS0518: Predefined type 'System.Object' is not defined or imported
C:\gh\azure-sdk-for-net\sdk\azurestack\Microsoft.AzureStack.Management.InfrastructureInsights.Admin\tests\src\Helpers\Common.cs(119,73): error CS0246: The type or namespace name 'IPage<>' could not be found (are you missing a using directive or an assembly reference?)
C:\gh\azure-sdk-for-net\sdk\azurestack\Microsoft.AzureStack.Management.InfrastructureInsights.Admin\tests\src\Helpers\Common.cs(119,92): error CS0518: Predefined type 'System.Object' is not defined or imported
C:\gh\azure-sdk-for-net\sdk\azurestack\Microsoft.AzureStack.Management.InfrastructureInsights.Admin\tests\src\Helpers\Common.cs(119,92): error CS0246: The type or namespace name 'Action<>' could not be found (are you missing a using directive or an assembly reference?)
C:\gh\azure-sdk-for-net\sdk\azurestack\Microsoft.AzureStack.Management.InfrastructureInsights.Admin\tests\src\Helpers\Common.cs(119,23): error CS0518: Predefined type 'System.Void' is not defined or imported
C:\gh\azure-sdk-for-net\sdk\azurestack\Microsoft.AzureStack.Management.InfrastructureInsights.Admin\tests\InfrastructureInsightsTestBase.cs(25,26): error CS0518: Predefined type 'System.Object' is not defined or imported
C:\gh\azure-sdk-for-net\sdk\azurestack\Microsoft.AzureStack.Management.InfrastructureInsights.Admin\tests\InfrastructureInsightsTestBase.cs(25,26): error CS0246: The type or namespace name 'Func<,>' could not be found (are you missing a using directive or an assembly reference?)
C:\gh\azure-sdk-for-net\sdk\azurestack\Microsoft.AzureStack.Management.InfrastructureInsights.Admin\tests\InfrastructureInsightsTestBase.cs(25,31): error CS0518: Predefined type 'System.Object' is not defined or imported
C:\gh\azure-sdk-for-net\sdk\azurestack\Microsoft.AzureStack.Management.InfrastructureInsights.Admin\tests\InfrastructureInsightsTestBase.cs(25,41): error CS0518: Predefined type 'System.String' is not defined or imported
C:\gh\azure-sdk-for-net\sdk\azurestack\Microsoft.AzureStack.Management.InfrastructureInsights.Admin\tests\src\SupportedOperationTests.cs(36,16): error CS0518: Predefined type 'System.Void' is not defined or imported
C:\gh\azure-sdk-for-net\sdk\azurestack\Microsoft.AzureStack.Management.InfrastructureInsights.Admin\tests\InfrastructureInsightsTestBase.cs(24,26): error CS0518: Predefined type 'System.Object' is not defined or imported
C:\gh\azure-sdk-for-net\sdk\azurestack\Microsoft.AzureStack.Management.InfrastructureInsights.Admin\tests\InfrastructureInsightsTestBase.cs(24,26): error CS0246: The type or namespace name 'Func<,>' could not be found (are you missing a using directive or an assembly reference?)
C:\gh\azure-sdk-for-net\sdk\azurestack\Microsoft.AzureStack.Management.InfrastructureInsights.Admin\tests\InfrastructureInsightsTestBase.cs(24,31): error CS0518: Predefined type 'System.Object' is not defined or imported
C:\gh\azure-sdk-for-net\sdk\azurestack\Microsoft.AzureStack.Management.InfrastructureInsights.Admin\tests\InfrastructureInsightsTestBase.cs(24,48): error CS0518: Predefined type 'System.String' is not defined or imported
C:\gh\azure-sdk-for-net\sdk\azurestack\Microsoft.AzureStack.Management.InfrastructureInsights.Admin\tests\InfrastructureInsightsTestBase.cs(23,26): error CS0518: Predefined type 'System.Object' is not defined or imported
C:\gh\azure-sdk-for-net\sdk\azurestack\Microsoft.AzureStack.Management.InfrastructureInsights.Admin\tests\InfrastructureInsightsTestBase.cs(23,26): error CS0246: The type or namespace name 'Func<,>' could not be found (are you missing a using directive or an assembly reference?)
C:\gh\azure-sdk-for-net\sdk\azurestack\Microsoft.AzureStack.Management.InfrastructureInsights.Admin\tests\InfrastructureInsightsTestBase.cs(23,31): error CS0518: Predefined type 'System.Object' is not defined or imported
C:\gh\azure-sdk-for-net\sdk\azurestack\Microsoft.AzureStack.Management.InfrastructureInsights.Admin\tests\InfrastructureInsightsTestBase.cs(23,41): error CS0518: Predefined type 'System.String' is not defined or imported
C:\gh\azure-sdk-for-net\sdk\azurestack\Microsoft.AzureStack.Management.InfrastructureInsights.Admin\tests\InfrastructureInsightsTestBase.cs(22,26): error CS0518: Predefined type 'System.Object' is not defined or imported
C:\gh\azure-sdk-for-net\sdk\azurestack\Microsoft.AzureStack.Management.InfrastructureInsights.Admin\tests\InfrastructureInsightsTestBase.cs(22,26): error CS0246: The type or namespace name 'Func<,>' could not be found (are you missing a using directive or an assembly reference?)
C:\gh\azure-sdk-for-net\sdk\azurestack\Microsoft.AzureStack.Management.InfrastructureInsights.Admin\tests\InfrastructureInsightsTestBase.cs(22,31): error CS0518: Predefined type 'System.Object' is not defined or imported
C:\gh\azure-sdk-for-net\sdk\azurestack\Microsoft.AzureStack.Management.InfrastructureInsights.Admin\tests\InfrastructureInsightsTestBase.cs(22,41): error CS0518: Predefined type 'System.String' is not defined or imported
C:\gh\azure-sdk-for-net\sdk\azurestack\Microsoft.AzureStack.Management.InfrastructureInsights.Admin\tests\src\Helpers\AzureStackTestBase.cs(29,38): error CS0518: Predefined type 'System.String' is not defined or imported
C:\gh\azure-sdk-for-net\sdk\azurestack\Microsoft.AzureStack.Management.InfrastructureInsights.Admin\tests\src\Helpers\AzureStackTestBase.cs(29,19): error CS0518: Predefined type 'System.String' is not defined or imported
C:\gh\azure-sdk-for-net\sdk\azurestack\Microsoft.AzureStack.Management.InfrastructureInsights.Admin\tests\src\Helpers\Common.cs(249,38): error CS0518: Predefined type 'System.Object' is not defined or imported
C:\gh\azure-sdk-for-net\sdk\azurestack\Microsoft.AzureStack.Management.InfrastructureInsights.Admin\tests\src\Helpers\Common.cs(249,38): error CS0246: The type or namespace name 'IPage<>' could not be found (are you missing a using directive or an assembly reference?)
C:\gh\azure-sdk-for-net\sdk\azurestack\Microsoft.AzureStack.Management.InfrastructureInsights.Admin\tests\src\Helpers\Common.cs(249,33): error CS1110: Cannot define a new extension method because the compiler required type 'System.Runtime.CompilerServices.ExtensionAttribute' cannot be found. Are you missing a reference to System.Core.dll?
C:\gh\azure-sdk-for-net\sdk\azurestack\Microsoft.AzureStack.Management.InfrastructureInsights.Admin\tests\src\Helpers\Common.cs(236,40): error CS0518: Predefined type 'System.Object' is not defined or imported
C:\gh\azure-sdk-for-net\sdk\azurestack\Microsoft.AzureStack.Management.InfrastructureInsights.Admin\tests\src\Helpers\Common.cs(236,40): error CS0246: The type or namespace name 'IEnumerable<>' could not be found (are you missing a using directive or an assembly reference?)
C:\gh\azure-sdk-for-net\sdk\azurestack\Microsoft.AzureStack.Management.InfrastructureInsights.Admin\tests\src\Helpers\Common.cs(236,61): error CS0518: Predefined type 'System.Object' is not defined or imported
C:\gh\azure-sdk-for-net\sdk\azurestack\Microsoft.AzureStack.Management.InfrastructureInsights.Admin\tests\src\Helpers\Common.cs(236,61): error CS0246: The type or namespace name 'Action<>' could not be found (are you missing a using directive or an assembly reference?)
C:\gh\azure-sdk-for-net\sdk\azurestack\Microsoft.AzureStack.Management.InfrastructureInsights.Admin\tests\src\Helpers\Common.cs(236,19): error CS0518: Predefined type 'System.Void' is not defined or imported
C:\gh\azure-sdk-for-net\sdk\azurestack\Microsoft.AzureStack.Management.InfrastructureInsights.Admin\tests\src\Helpers\Common.cs(236,35): error CS1110: Cannot define a new extension method because the compiler required type 'System.Runtime.CompilerServices.ExtensionAttribute' cannot be found. Are you missing a reference to System.Core.dll?
C:\gh\azure-sdk-for-net\sdk\azurestack\Microsoft.AzureStack.Management.InfrastructureInsights.Admin\tests\src\SupportedOperationTests.cs(24,40): error CS0518: Predefined type 'System.Object' is not defined or imported
C:\gh\azure-sdk-for-net\sdk\azurestack\Microsoft.AzureStack.Management.InfrastructureInsights.Admin\tests\src\SupportedOperationTests.cs(24,17): error CS0518: Predefined type 'System.Void' is not defined or imported
C:\gh\azure-sdk-for-net\sdk\azurestack\Microsoft.AzureStack.Management.InfrastructureInsights.Admin\tests\src\SupportedOperationTests.cs(15,38): error CS0518: Predefined type 'System.Object' is not defined or imported
C:\gh\azure-sdk-for-net\sdk\azurestack\Microsoft.AzureStack.Management.InfrastructureInsights.Admin\tests\src\SupportedOperationTests.cs(15,17): error CS0518: Predefined type 'System.Void' is not defined or imported
C:\gh\azure-sdk-for-net\sdk\azurestack\Microsoft.AzureStack.Management.InfrastructureInsights.Admin\tests\src\Helpers\Common.cs(225,39): error CS0518: Predefined type 'System.Object' is not defined or imported
C:\gh\azure-sdk-for-net\sdk\azurestack\Microsoft.AzureStack.Management.InfrastructureInsights.Admin\tests\src\Helpers\Common.cs(225,39): error CS0246: The type or namespace name 'DateTime' could not be found (are you missing a using directive or an assembly reference?)
C:\gh\azure-sdk-for-net\sdk\azurestack\Microsoft.AzureStack.Management.InfrastructureInsights.Admin\tests\src\Helpers\Common.cs(225,58): error CS0518: Predefined type 'System.Object' is not defined or imported
C:\gh\azure-sdk-for-net\sdk\azurestack\Microsoft.AzureStack.Management.InfrastructureInsights.Admin\tests\src\Helpers\Common.cs(225,58): error CS0246: The type or namespace name 'TimeSpan' could not be found (are you missing a using directive or an assembly reference?)
C:\gh\azure-sdk-for-net\sdk\azurestack\Microsoft.AzureStack.Management.InfrastructureInsights.Admin\tests\src\Helpers\Common.cs(225,19): error CS0518: Predefined type 'System.Object' is not defined or imported
C:\gh\azure-sdk-for-net\sdk\azurestack\Microsoft.AzureStack.Management.InfrastructureInsights.Admin\tests\src\Helpers\Common.cs(225,19): error CS0246: The type or namespace name 'DateTime' could not be found (are you missing a using directive or an assembly reference?)
C:\gh\azure-sdk-for-net\sdk\azurestack\Microsoft.AzureStack.Management.InfrastructureInsights.Admin\tests\src\Helpers\Common.cs(225,34): error CS1110: Cannot define a new extension method because the compiler required type 'System.Runtime.CompilerServices.ExtensionAttribute' cannot be found. Are you missing a reference to System.Core.dll?
C:\gh\azure-sdk-for-net\sdk\azurestack\Microsoft.AzureStack.Management.InfrastructureInsights.Admin\tests\src\Helpers\Common.cs(208,45): error CS0518: Predefined type 'System.Object' is not defined or imported
C:\gh\azure-sdk-for-net\sdk\azurestack\Microsoft.AzureStack.Management.InfrastructureInsights.Admin\tests\src\Helpers\Common.cs(208,45): error CS0246: The type or namespace name 'DateTimeOffset' could not be found (are you missing a using directive or an assembly reference?)
C:\gh\azure-sdk-for-net\sdk\azurestack\Microsoft.AzureStack.Management.InfrastructureInsights.Admin\tests\src\Helpers\Common.cs(208,76): error CS0518: Predefined type 'System.Object' is not defined or imported
C:\gh\azure-sdk-for-net\sdk\azurestack\Microsoft.AzureStack.Management.InfrastructureInsights.Admin\tests\src\Helpers\Common.cs(208,76): error CS0246: The type or namespace name 'TimeSpan' could not be found (are you missing a using directive or an assembly reference?)
C:\gh\azure-sdk-for-net\sdk\azurestack\Microsoft.AzureStack.Management.InfrastructureInsights.Admin\tests\src\Helpers\Common.cs(208,19): error CS0518: Predefined type 'System.Object' is not defined or imported
C:\gh\azure-sdk-for-net\sdk\azurestack\Microsoft.AzureStack.Management.InfrastructureInsights.Admin\tests\src\Helpers\Common.cs(208,19): error CS0246: The type or namespace name 'DateTimeOffset' could not be found (are you missing a using directive or an assembly reference?)
C:\gh\azure-sdk-for-net\sdk\azurestack\Microsoft.AzureStack.Management.InfrastructureInsights.Admin\tests\src\Helpers\Common.cs(208,40): error CS1110: Cannot define a new extension method because the compiler required type 'System.Runtime.CompilerServices.ExtensionAttribute' cannot be found. Are you missing a reference to System.Core.dll?
C:\gh\azure-sdk-for-net\sdk\azurestack\Microsoft.AzureStack.Management.InfrastructureInsights.Admin\tests\src\Helpers\Common.cs(216,39): error CS0518: Predefined type 'System.Object' is not defined or imported
C:\gh\azure-sdk-for-net\sdk\azurestack\Microsoft.AzureStack.Management.InfrastructureInsights.Admin\tests\src\Helpers\Common.cs(216,39): error CS0246: The type or namespace name 'DateTime' could not be found (are you missing a using directive or an assembly reference?)
C:\gh\azure-sdk-for-net\sdk\azurestack\Microsoft.AzureStack.Management.InfrastructureInsights.Admin\tests\src\Helpers\Common.cs(216,19): error CS0518: Predefined type 'System.Object' is not defined or imported
C:\gh\azure-sdk-for-net\sdk\azurestack\Microsoft.AzureStack.Management.InfrastructureInsights.Admin\tests\src\Helpers\Common.cs(216,19): error CS0246: The type or namespace name 'DateTime' could not be found (are you missing a using directive or an assembly reference?)
C:\gh\azure-sdk-for-net\sdk\azurestack\Microsoft.AzureStack.Management.InfrastructureInsights.Admin\tests\src\Helpers\Common.cs(216,34): error CS1110: Cannot define a new extension method because the compiler required type 'System.Runtime.CompilerServices.ExtensionAttribute' cannot be found. Are you missing a reference to System.Core.dll?
C:\gh\azure-sdk-for-net\sdk\azurestack\Microsoft.AzureStack.Management.InfrastructureInsights.Admin\tests\src\Helpers\Common.cs(200,21): error CS0518: Predefined type 'System.Object' is not defined or imported
C:\gh\azure-sdk-for-net\sdk\azurestack\Microsoft.AzureStack.Management.InfrastructureInsights.Admin\tests\src\Helpers\Common.cs(188,56): error CS0518: Predefined type 'System.Object' is not defined or imported
C:\gh\azure-sdk-for-net\sdk\azurestack\Microsoft.AzureStack.Management.InfrastructureInsights.Admin\tests\src\Helpers\Common.cs(188,56): error CS0246: The type or namespace name 'IEnumerable<>' could not be found (are you missing a using directive or an assembly reference?)
C:\gh\azure-sdk-for-net\sdk\azurestack\Microsoft.AzureStack.Management.InfrastructureInsights.Admin\tests\src\Helpers\Common.cs(188,77): error CS0518: Predefined type 'System.Object' is not defined or imported
C:\gh\azure-sdk-for-net\sdk\azurestack\Microsoft.AzureStack.Management.InfrastructureInsights.Admin\tests\src\Helpers\Common.cs(188,77): error CS0246: The type or namespace name 'System' could not be found (are you missing a using directive or an assembly reference?)
C:\gh\azure-sdk-for-net\sdk\azurestack\Microsoft.AzureStack.Management.InfrastructureInsights.Admin\tests\src\Helpers\Common.cs(188,102): error CS0518: Predefined type 'System.Object' is not defined or imported
C:\gh\azure-sdk-for-net\sdk\azurestack\Microsoft.AzureStack.Management.InfrastructureInsights.Admin\tests\src\Helpers\Common.cs(188,102): error CS0246: The type or namespace name 'Func<,>' could not be found (are you missing a using directive or an assembly reference?)
C:\gh\azure-sdk-for-net\sdk\azurestack\Microsoft.AzureStack.Management.InfrastructureInsights.Admin\tests\src\Helpers\Common.cs(188,110): error CS0518: Predefined type 'System.String' is not defined or imported
C:\gh\azure-sdk-for-net\sdk\azurestack\Microsoft.AzureStack.Management.InfrastructureInsights.Admin\tests\src\Helpers\Common.cs(188,23): error CS0518: Predefined type 'System.Void' is not defined or imported
C:\gh\azure-sdk-for-net\sdk\azurestack\Microsoft.AzureStack.Management.InfrastructureInsights.Admin\tests\src\ResourceHealthTests.cs(36,59): error CS0518: Predefined type 'System.Object' is not defined or imported
C:\gh\azure-sdk-for-net\sdk\azurestack\Microsoft.AzureStack.Management.InfrastructureInsights.Admin\tests\src\ResourceHealthTests.cs(36,84): error CS0518: Predefined type 'System.Object' is not defined or imported
C:\gh\azure-sdk-for-net\sdk\azurestack\Microsoft.AzureStack.Management.InfrastructureInsights.Admin\tests\src\ResourceHealthTests.cs(36,17): error CS0518: Predefined type 'System.Void' is not defined or imported
C:\gh\azure-sdk-for-net\sdk\azurestack\Microsoft.AzureStack.Management.InfrastructureInsights.Admin\tests\src\Helpers\Common.cs(170,51): error CS0518: Predefined type 'System.Object' is not defined or imported
C:\gh\azure-sdk-for-net\sdk\azurestack\Microsoft.AzureStack.Management.InfrastructureInsights.Admin\tests\src\Helpers\Common.cs(170,51): error CS0246: The type or namespace name 'IPage<>' could not be found (are you missing a using directive or an assembly reference?)
C:\gh\azure-sdk-for-net\sdk\azurestack\Microsoft.AzureStack.Management.InfrastructureInsights.Admin\tests\src\Helpers\Common.cs(170,67): error CS0518: Predefined type 'System.Object' is not defined or imported
C:\gh\azure-sdk-for-net\sdk\azurestack\Microsoft.AzureStack.Management.InfrastructureInsights.Admin\tests\src\Helpers\Common.cs(170,67): error CS0246: The type or namespace name 'Func<,>' could not be found (are you missing a using directive or an assembly reference?)
C:\gh\azure-sdk-for-net\sdk\azurestack\Microsoft.AzureStack.Management.InfrastructureInsights.Admin\tests\src\Helpers\Common.cs(170,72): error CS0518: Predefined type 'System.String' is not defined or imported
C:\gh\azure-sdk-for-net\sdk\azurestack\Microsoft.AzureStack.Management.InfrastructureInsights.Admin\tests\src\Helpers\Common.cs(170,80): error CS0518: Predefined type 'System.Object' is not defined or imported
C:\gh\azure-sdk-for-net\sdk\azurestack\Microsoft.AzureStack.Management.InfrastructureInsights.Admin\tests\src\Helpers\Common.cs(170,80): error CS0246: The type or namespace name 'IPage<>' could not be found (are you missing a using directive or an assembly reference?)
C:\gh\azure-sdk-for-net\sdk\azurestack\Microsoft.AzureStack.Management.InfrastructureInsights.Admin\tests\src\Helpers\Common.cs(170,99): error CS0518: Predefined type 'System.Object' is not defined or imported
C:\gh\azure-sdk-for-net\sdk\azurestack\Microsoft.AzureStack.Management.InfrastructureInsights.Admin\tests\src\Helpers\Common.cs(170,99): error CS0246: The type or namespace name 'System' could not be found (are you missing a using directive or an assembly reference?)
C:\gh\azure-sdk-for-net\sdk\azurestack\Microsoft.AzureStack.Management.InfrastructureInsights.Admin\tests\src\Helpers\Common.cs(170,124): error CS0518: Predefined type 'System.Object' is not defined or imported
C:\gh\azure-sdk-for-net\sdk\azurestack\Microsoft.AzureStack.Management.InfrastructureInsights.Admin\tests\src\Helpers\Common.cs(170,124): error CS0246: The type or namespace name 'Func<,>' could not be found (are you missing a using directive or an assembly reference?)
C:\gh\azure-sdk-for-net\sdk\azurestack\Microsoft.AzureStack.Management.InfrastructureInsights.Admin\tests\src\Helpers\Common.cs(170,132): error CS0518: Predefined type 'System.String' is not defined or imported
C:\gh\azure-sdk-for-net\sdk\azurestack\Microsoft.AzureStack.Management.InfrastructureInsights.Admin\tests\src\Helpers\Common.cs(170,23): error CS0518: Predefined type 'System.Void' is not defined or imported
C:\gh\azure-sdk-for-net\sdk\azurestack\Microsoft.AzureStack.Management.InfrastructureInsights.Admin\tests\src\Helpers\RecordedDelegatingHandler.cs(57,70): error CS0518: Predefined type 'System.Object' is not defined or imported
C:\gh\azure-sdk-for-net\sdk\azurestack\Microsoft.AzureStack.Management.InfrastructureInsights.Admin\tests\src\Helpers\RecordedDelegatingHandler.cs(57,70): error CS0246: The type or namespace name 'HttpRequestMessage' could not be found (are you missing a using directive or an assembly reference?)
C:\gh\azure-sdk-for-net\sdk\azurestack\Microsoft.AzureStack.Management.InfrastructureInsights.Admin\tests\src\Helpers\RecordedDelegatingHandler.cs(57,98): error CS0518: Predefined type 'System.Object' is not defined or imported
C:\gh\azure-sdk-for-net\sdk\azurestack\Microsoft.AzureStack.Management.InfrastructureInsights.Admin\tests\src\Helpers\RecordedDelegatingHandler.cs(57,98): error CS0246: The type or namespace name 'System' could not be found (are you missing a using directive or an assembly reference?)
C:\gh\azure-sdk-for-net\sdk\azurestack\Microsoft.AzureStack.Management.InfrastructureInsights.Admin\tests\src\Helpers\RecordedDelegatingHandler.cs(57,34): error CS0518: Predefined type 'System.Object' is not defined or imported
C:\gh\azure-sdk-for-net\sdk\azurestack\Microsoft.AzureStack.Management.InfrastructureInsights.Admin\tests\src\Helpers\RecordedDelegatingHandler.cs(57,34): error CS0246: The type or namespace name 'Task<>' could not be found (are you missing a using directive or an assembly reference?)
C:\gh\azure-sdk-for-net\sdk\azurestack\Microsoft.AzureStack.Management.InfrastructureInsights.Admin\tests\src\Helpers\RecordedDelegatingHandler.cs(57,39): error CS0518: Predefined type 'System.Object' is not defined or imported
C:\gh\azure-sdk-for-net\sdk\azurestack\Microsoft.AzureStack.Management.InfrastructureInsights.Admin\tests\src\Helpers\RecordedDelegatingHandler.cs(57,39): error CS0246: The type or namespace name 'HttpResponseMessage' could not be found (are you missing a using directive or an assembly reference?)
C:\gh\azure-sdk-for-net\sdk\azurestack\Microsoft.AzureStack.Management.InfrastructureInsights.Admin\tests\src\Helpers\RecordedDelegatingHandler.cs(55,17): error CS0518: Predefined type 'System.Int32' is not defined or imported
C:\gh\azure-sdk-for-net\sdk\azurestack\Microsoft.AzureStack.Management.InfrastructureInsights.Admin\tests\src\ServiceHealthTests.cs(16,48): error CS0518: Predefined type 'System.Object' is not defined or imported
C:\gh\azure-sdk-for-net\sdk\azurestack\Microsoft.AzureStack.Management.InfrastructureInsights.Admin\tests\src\ServiceHealthTests.cs(16,72): error CS0518: Predefined type 'System.Object' is not defined or imported
C:\gh\azure-sdk-for-net\sdk\azurestack\Microsoft.AzureStack.Management.InfrastructureInsights.Admin\tests\src\ServiceHealthTests.cs(16,17): error CS0518: Predefined type 'System.Void' is not defined or imported
C:\gh\azure-sdk-for-net\sdk\azurestack\Microsoft.AzureStack.Management.InfrastructureInsights.Admin\tests\InfrastructureInsightsTestBase.cs(40,9): error CS0518: Predefined type 'System.Void' is not defined or imported
C:\gh\azure-sdk-for-net\sdk\azurestack\Microsoft.AzureStack.Management.InfrastructureInsights.Admin\tests\src\RegionHealthTests.cs(92,16): error CS0518: Predefined type 'System.Void' is not defined or imported
C:\gh\azure-sdk-for-net\sdk\azurestack\Microsoft.AzureStack.Management.InfrastructureInsights.Admin\tests\src\Helpers\RecordedDelegatingHandler.cs(19,17): error CS0518: Predefined type 'System.Object' is not defined or imported
C:\gh\azure-sdk-for-net\sdk\azurestack\Microsoft.AzureStack.Management.InfrastructureInsights.Admin\tests\src\Helpers\RecordedDelegatingHandler.cs(19,17): error CS0246: The type or namespace name 'HttpResponseMessage' could not be found (are you missing a using directive or an assembly reference?)
C:\gh\azure-sdk-for-net\sdk\azurestack\Microsoft.AzureStack.Management.InfrastructureInsights.Admin\tests\src\RegionHealthTests.cs(15,49): error CS0518: Predefined type 'System.Object' is not defined or imported
C:\gh\azure-sdk-for-net\sdk\azurestack\Microsoft.AzureStack.Management.InfrastructureInsights.Admin\tests\src\RegionHealthTests.cs(15,72): error CS0518: Predefined type 'System.Object' is not defined or imported
C:\gh\azure-sdk-for-net\sdk\azurestack\Microsoft.AzureStack.Management.InfrastructureInsights.Admin\tests\src\RegionHealthTests.cs(15,17): error CS0518: Predefined type 'System.Void' is not defined or imported
C:\gh\azure-sdk-for-net\sdk\azurestack\Microsoft.AzureStack.Management.InfrastructureInsights.Admin\tests\src\Helpers\Common.cs(156,54): error CS0518: Predefined type 'System.Object' is not defined or imported
C:\gh\azure-sdk-for-net\sdk\azurestack\Microsoft.AzureStack.Management.InfrastructureInsights.Admin\tests\src\Helpers\Common.cs(156,54): error CS0246: The type or namespace name 'IEnumerable<>' could not be found (are you missing a using directive or an assembly reference?)
C:\gh\azure-sdk-for-net\sdk\azurestack\Microsoft.AzureStack.Management.InfrastructureInsights.Admin\tests\src\Helpers\Common.cs(156,75): error CS0518: Predefined type 'System.Object' is not defined or imported
C:\gh\azure-sdk-for-net\sdk\azurestack\Microsoft.AzureStack.Management.InfrastructureInsights.Admin\tests\src\Helpers\Common.cs(156,75): error CS0246: The type or namespace name 'System' could not be found (are you missing a using directive or an assembly reference?)
C:\gh\azure-sdk-for-net\sdk\azurestack\Microsoft.AzureStack.Management.InfrastructureInsights.Admin\tests\src\Helpers\Common.cs(156,99): error CS0518: Predefined type 'System.Object' is not defined or imported
C:\gh\azure-sdk-for-net\sdk\azurestack\Microsoft.AzureStack.Management.InfrastructureInsights.Admin\tests\src\Helpers\Common.cs(156,99): error CS0246: The type or namespace name 'Func<,>' could not be found (are you missing a using directive or an assembly reference?)
C:\gh\azure-sdk-for-net\sdk\azurestack\Microsoft.AzureStack.Management.InfrastructureInsights.Admin\tests\src\Helpers\Common.cs(156,106): error CS0518: Predefined type 'System.String' is not defined or imported
C:\gh\azure-sdk-for-net\sdk\azurestack\Microsoft.AzureStack.Management.InfrastructureInsights.Admin\tests\src\Helpers\Common.cs(156,23): error CS0518: Predefined type 'System.Void' is not defined or imported
C:\gh\azure-sdk-for-net\sdk\azurestack\Microsoft.AzureStack.Management.InfrastructureInsights.Admin\tests\src\AlertTests.cs(147,16): error CS0518: Predefined type 'System.Void' is not defined or imported
C:\gh\azure-sdk-for-net\sdk\azurestack\Microsoft.AzureStack.Management.InfrastructureInsights.Admin\tests\src\Helpers\Common.cs(143,49): error CS0518: Predefined type 'System.Object' is not defined or imported
C:\gh\azure-sdk-for-net\sdk\azurestack\Microsoft.AzureStack.Management.InfrastructureInsights.Admin\tests\src\Helpers\Common.cs(143,49): error CS0246: The type or namespace name 'IPage<>' could not be found (are you missing a using directive or an assembly reference?)
C:\gh\azure-sdk-for-net\sdk\azurestack\Microsoft.AzureStack.Management.InfrastructureInsights.Admin\tests\src\Helpers\Common.cs(143,65): error CS0518: Predefined type 'System.Object' is not defined or imported
C:\gh\azure-sdk-for-net\sdk\azurestack\Microsoft.AzureStack.Management.InfrastructureInsights.Admin\tests\src\Helpers\Common.cs(143,65): error CS0246: The type or namespace name 'Func<,>' could not be found (are you missing a using directive or an assembly reference?)
C:\gh\azure-sdk-for-net\sdk\azurestack\Microsoft.AzureStack.Management.InfrastructureInsights.Admin\tests\src\Helpers\Common.cs(143,70): error CS0518: Predefined type 'System.String' is not defined or imported
C:\gh\azure-sdk-for-net\sdk\azurestack\Microsoft.AzureStack.Management.InfrastructureInsights.Admin\tests\src\Helpers\Common.cs(143,78): error CS0518: Predefined type 'System.Object' is not defined or imported
C:\gh\azure-sdk-for-net\sdk\azurestack\Microsoft.AzureStack.Management.InfrastructureInsights.Admin\tests\src\Helpers\Common.cs(143,78): error CS0246: The type or namespace name 'IPage<>' could not be found (are you missing a using directive or an assembly reference?)
C:\gh\azure-sdk-for-net\sdk\azurestack\Microsoft.AzureStack.Management.InfrastructureInsights.Admin\tests\src\Helpers\Common.cs(143,97): error CS0518: Predefined type 'System.Object' is not defined or imported
C:\gh\azure-sdk-for-net\sdk\azurestack\Microsoft.AzureStack.Management.InfrastructureInsights.Admin\tests\src\Helpers\Common.cs(143,97): error CS0246: The type or namespace name 'System' could not be found (are you missing a using directive or an assembly reference?)
C:\gh\azure-sdk-for-net\sdk\azurestack\Microsoft.AzureStack.Management.InfrastructureInsights.Admin\tests\src\Helpers\Common.cs(143,121): error CS0518: Predefined type 'System.Object' is not defined or imported
C:\gh\azure-sdk-for-net\sdk\azurestack\Microsoft.AzureStack.Management.InfrastructureInsights.Admin\tests\src\Helpers\Common.cs(143,121): error CS0246: The type or namespace name 'Func<,>' could not be found (are you missing a using directive or an assembly reference?)
C:\gh\azure-sdk-for-net\sdk\azurestack\Microsoft.AzureStack.Management.InfrastructureInsights.Admin\tests\src\Helpers\Common.cs(143,129): error CS0518: Predefined type 'System.String' is not defined or imported
C:\gh\azure-sdk-for-net\sdk\azurestack\Microsoft.AzureStack.Management.InfrastructureInsights.Admin\tests\src\Helpers\Common.cs(143,23): error CS0518: Predefined type 'System.Void' is not defined or imported
C:\gh\azure-sdk-for-net\sdk\azurestack\Microsoft.AzureStack.Management.InfrastructureInsights.Admin\tests\src\RegionHealthTests.cs(79,16): error CS0518: Predefined type 'System.Void' is not defined or imported
C:\gh\azure-sdk-for-net\sdk\azurestack\Microsoft.AzureStack.Management.InfrastructureInsights.Admin\tests\src\Helpers\Common.cs(107,51): error CS0518: Predefined type 'System.Object' is not defined or imported
C:\gh\azure-sdk-for-net\sdk\azurestack\Microsoft.AzureStack.Management.InfrastructureInsights.Admin\tests\src\Helpers\Common.cs(107,51): error CS0246: The type or namespace name 'Action' could not be found (are you missing a using directive or an assembly reference?)
C:\gh\azure-sdk-for-net\sdk\azurestack\Microsoft.AzureStack.Management.InfrastructureInsights.Admin\tests\src\Helpers\Common.cs(107,63): error CS0518: Predefined type 'System.UInt32' is not defined or imported
C:\gh\azure-sdk-for-net\sdk\azurestack\Microsoft.AzureStack.Management.InfrastructureInsights.Admin\tests\src\Helpers\Common.cs(107,82): error CS0518: Predefined type 'System.Int32' is not defined or imported
C:\gh\azure-sdk-for-net\sdk\azurestack\Microsoft.AzureStack.Management.InfrastructureInsights.Admin\tests\src\Helpers\Common.cs(107,23): error CS0518: Predefined type 'System.Boolean' is not defined or imported
C:\gh\azure-sdk-for-net\sdk\azurestack\Microsoft.AzureStack.Management.InfrastructureInsights.Admin\tests\src\Helpers\Common.cs(87,43): error CS0518: Predefined type 'System.Object' is not defined or imported
C:\gh\azure-sdk-for-net\sdk\azurestack\Microsoft.AzureStack.Management.InfrastructureInsights.Admin\tests\src\Helpers\Common.cs(87,43): error CS0246: The type or namespace name 'Func<>' could not be found (are you missing a using directive or an assembly reference?)
C:\gh\azure-sdk-for-net\sdk\azurestack\Microsoft.AzureStack.Management.InfrastructureInsights.Admin\tests\src\Helpers\Common.cs(87,48): error CS0518: Predefined type 'System.Boolean' is not defined or imported
C:\gh\azure-sdk-for-net\sdk\azurestack\Microsoft.AzureStack.Management.InfrastructureInsights.Admin\tests\src\Helpers\Common.cs(87,60): error CS0518: Predefined type 'System.UInt32' is not defined or imported
C:\gh\azure-sdk-for-net\sdk\azurestack\Microsoft.AzureStack.Management.InfrastructureInsights.Admin\tests\src\Helpers\Common.cs(87,79): error CS0518: Predefined type 'System.Int32' is not defined or imported
C:\gh\azure-sdk-for-net\sdk\azurestack\Microsoft.AzureStack.Management.InfrastructureInsights.Admin\tests\src\Helpers\Common.cs(87,23): error CS0518: Predefined type 'System.Boolean' is not defined or imported
C:\gh\azure-sdk-for-net\sdk\azurestack\Microsoft.AzureStack.Management.InfrastructureInsights.Admin\tests\src\Helpers\Common.cs(27,41): error CS0518: Predefined type 'System.Int32' is not defined or imported
C:\gh\azure-sdk-for-net\sdk\azurestack\Microsoft.AzureStack.Management.InfrastructureInsights.Admin\tests\src\ServiceHealthTests.cs(56,16): error CS0518: Predefined type 'System.Void' is not defined or imported
C:\gh\azure-sdk-for-net\sdk\azurestack\Microsoft.AzureStack.Management.InfrastructureInsights.Admin\tests\src\Helpers\Common.cs(64,49): error CS0518: Predefined type 'System.String' is not defined or imported
C:\gh\azure-sdk-for-net\sdk\azurestack\Microsoft.AzureStack.Management.InfrastructureInsights.Admin\tests\src\Helpers\Common.cs(64,81): error CS0518: Predefined type 'System.Boolean' is not defined or imported
C:\gh\azure-sdk-for-net\sdk\azurestack\Microsoft.AzureStack.Management.InfrastructureInsights.Admin\tests\src\Helpers\Common.cs(64,23): error CS0518: Predefined type 'System.String' is not defined or imported
C:\gh\azure-sdk-for-net\sdk\azurestack\Microsoft.AzureStack.Management.InfrastructureInsights.Admin\tests\src\RegionHealthTests.cs(70,16): error CS0518: Predefined type 'System.Void' is not defined or imported
C:\gh\azure-sdk-for-net\sdk\azurestack\Microsoft.AzureStack.Management.InfrastructureInsights.Admin\tests\src\Helpers\Common.cs(23,67): error CS0518: Predefined type 'System.String' is not defined or imported
C:\gh\azure-sdk-for-net\sdk\azurestack\Microsoft.AzureStack.Management.InfrastructureInsights.Admin\tests\src\Helpers\Common.cs(24,50): error CS0518: Predefined type 'System.Int32' is not defined or imported
C:\gh\azure-sdk-for-net\sdk\azurestack\Microsoft.AzureStack.Management.InfrastructureInsights.Admin\tests\src\Helpers\Common.cs(52,45): error CS0518: Predefined type 'System.Object' is not defined or imported
C:\gh\azure-sdk-for-net\sdk\azurestack\Microsoft.AzureStack.Management.InfrastructureInsights.Admin\tests\src\Helpers\Common.cs(52,45): error CS0246: The type or namespace name 'HttpClient' could not be found (are you missing a using directive or an assembly reference?)
C:\gh\azure-sdk-for-net\sdk\azurestack\Microsoft.AzureStack.Management.InfrastructureInsights.Admin\tests\src\Helpers\Common.cs(52,64): error CS0518: Predefined type 'System.Object' is not defined or imported
C:\gh\azure-sdk-for-net\sdk\azurestack\Microsoft.AzureStack.Management.InfrastructureInsights.Admin\tests\src\Helpers\Common.cs(52,64): error CS0246: The type or namespace name 'ServiceClientCredentials' could not be found (are you missing a using directive or an assembly reference?)
C:\gh\azure-sdk-for-net\sdk\azurestack\Microsoft.AzureStack.Management.InfrastructureInsights.Admin\tests\src\Helpers\Common.cs(52,96): error CS0518: Predefined type 'System.Object' is not defined or imported
C:\gh\azure-sdk-for-net\sdk\azurestack\Microsoft.AzureStack.Management.InfrastructureInsights.Admin\tests\src\Helpers\Common.cs(52,96): error CS0246: The type or namespace name 'Uri' could not be found (are you missing a using directive or an assembly reference?)
C:\gh\azure-sdk-for-net\sdk\azurestack\Microsoft.AzureStack.Management.InfrastructureInsights.Admin\tests\src\Helpers\Common.cs(52,23): error CS0518: Predefined type 'System.String' is not defined or imported
C:\gh\azure-sdk-for-net\sdk\azurestack\Microsoft.AzureStack.Management.InfrastructureInsights.Admin\tests\src\RegionHealthTests.cs(48,43): error CS0518: Predefined type 'System.Object' is not defined or imported
C:\gh\azure-sdk-for-net\sdk\azurestack\Microsoft.AzureStack.Management.InfrastructureInsights.Admin\tests\src\RegionHealthTests.cs(48,17): error CS0518: Predefined type 'System.Void' is not defined or imported
C:\gh\azure-sdk-for-net\sdk\azurestack\Microsoft.AzureStack.Management.InfrastructureInsights.Admin\tests\src\RegionHealthTests.cs(37,43): error CS0518: Predefined type 'System.Object' is not defined or imported
C:\gh\azure-sdk-for-net\sdk\azurestack\Microsoft.AzureStack.Management.InfrastructureInsights.Admin\tests\src\RegionHealthTests.cs(37,17): error CS0518: Predefined type 'System.Void' is not defined or imported
C:\gh\azure-sdk-for-net\sdk\azurestack\Microsoft.AzureStack.Management.InfrastructureInsights.Admin\tests\src\ServiceHealthTests.cs(43,16): error CS0518: Predefined type 'System.Void' is not defined or imported
C:\gh\azure-sdk-for-net\sdk\azurestack\Microsoft.AzureStack.Management.InfrastructureInsights.Admin\tests\src\Helpers\Common.cs(40,45): error CS0518: Predefined type 'System.Object' is not defined or imported
C:\gh\azure-sdk-for-net\sdk\azurestack\Microsoft.AzureStack.Management.InfrastructureInsights.Admin\tests\src\Helpers\Common.cs(40,45): error CS0246: The type or namespace name 'HttpClient' could not be found (are you missing a using directive or an assembly reference?)
C:\gh\azure-sdk-for-net\sdk\azurestack\Microsoft.AzureStack.Management.InfrastructureInsights.Admin\tests\src\Helpers\Common.cs(40,64): error CS0518: Predefined type 'System.Object' is not defined or imported
C:\gh\azure-sdk-for-net\sdk\azurestack\Microsoft.AzureStack.Management.InfrastructureInsights.Admin\tests\src\Helpers\Common.cs(40,64): error CS0246: The type or namespace name 'ServiceClientCredentials' could not be found (are you missing a using directive or an assembly reference?)
C:\gh\azure-sdk-for-net\sdk\azurestack\Microsoft.AzureStack.Management.InfrastructureInsights.Admin\tests\src\Helpers\Common.cs(40,96): error CS0518: Predefined type 'System.String' is not defined or imported
C:\gh\azure-sdk-for-net\sdk\azurestack\Microsoft.AzureStack.Management.InfrastructureInsights.Admin\tests\src\Helpers\Common.cs(40,23): error CS0518: Predefined type 'System.String' is not defined or imported
C:\gh\azure-sdk-for-net\sdk\azurestack\Microsoft.AzureStack.Management.InfrastructureInsights.Admin\tests\src\Helpers\Common.cs(20,18): error CS0518: Predefined type 'System.Object' is not defined or imported
C:\gh\azure-sdk-for-net\sdk\azurestack\Microsoft.AzureStack.Management.InfrastructureInsights.Admin\tests\src\Helpers\Common.cs(28,36): error CS0518: Predefined type 'System.Int32' is not defined or imported
C:\gh\azure-sdk-for-net\sdk\azurestack\Microsoft.AzureStack.Management.InfrastructureInsights.Admin\tests\src\Helpers\Common.cs(29,36): error CS0518: Predefined type 'System.Int32' is not defined or imported
C:\gh\azure-sdk-for-net\sdk\azurestack\Microsoft.AzureStack.Management.InfrastructureInsights.Admin\tests\src\ResourceHealthTests.cs(100,16): error CS0518: Predefined type 'System.Void' is not defined or imported
C:\gh\azure-sdk-for-net\sdk\azurestack\Microsoft.AzureStack.Management.InfrastructureInsights.Admin\tests\src\AlertTests.cs(128,16): error CS0518: Predefined type 'System.Void' is not defined or imported
C:\gh\azure-sdk-for-net\sdk\azurestack\Microsoft.AzureStack.Management.InfrastructureInsights.Admin\tests\src\RegionHealthTests.cs(30,38): error CS0518: Predefined type 'System.Object' is not defined or imported
C:\gh\azure-sdk-for-net\sdk\azurestack\Microsoft.AzureStack.Management.InfrastructureInsights.Admin\tests\src\RegionHealthTests.cs(30,17): error CS0518: Predefined type 'System.Void' is not defined or imported
C:\gh\azure-sdk-for-net\sdk\azurestack\Microsoft.AzureStack.Management.InfrastructureInsights.Admin\tests\src\AlertTests.cs(17,42): error CS0518: Predefined type 'System.Object' is not defined or imported
C:\gh\azure-sdk-for-net\sdk\azurestack\Microsoft.AzureStack.Management.InfrastructureInsights.Admin\tests\src\AlertTests.cs(17,58): error CS0518: Predefined type 'System.Object' is not defined or imported
C:\gh\azure-sdk-for-net\sdk\azurestack\Microsoft.AzureStack.Management.InfrastructureInsights.Admin\tests\src\AlertTests.cs(17,17): error CS0518: Predefined type 'System.Void' is not defined or imported
C:\gh\azure-sdk-for-net\sdk\azurestack\Microsoft.AzureStack.Management.InfrastructureInsights.Admin\tests\src\ServiceHealthTests.cs(27,44): error CS0518: Predefined type 'System.Object' is not defined or imported
C:\gh\azure-sdk-for-net\sdk\azurestack\Microsoft.AzureStack.Management.InfrastructureInsights.Admin\tests\src\ServiceHealthTests.cs(27,17): error CS0518: Predefined type 'System.Void' is not defined or imported
C:\gh\azure-sdk-for-net\sdk\azurestack\Microsoft.AzureStack.Management.InfrastructureInsights.Admin\tests\src\ResourceHealthTests.cs(82,16): error CS0518: Predefined type 'System.Void' is not defined or imported
C:\gh\azure-sdk-for-net\sdk\azurestack\Microsoft.AzureStack.Management.InfrastructureInsights.Admin\tests\src\AlertTests.cs(114,16): error CS0518: Predefined type 'System.Void' is not defined or imported
C:\gh\azure-sdk-for-net\sdk\azurestack\Microsoft.AzureStack.Management.InfrastructureInsights.Admin\tests\src\AlertTests.cs(101,16): error CS0518: Predefined type 'System.Void' is not defined or imported
C:\gh\azure-sdk-for-net\sdk\azurestack\Microsoft.AzureStack.Management.InfrastructureInsights.Admin\tests\src\ResourceHealthTests.cs(16,45): error CS0518: Predefined type 'System.Object' is not defined or imported
C:\gh\azure-sdk-for-net\sdk\azurestack\Microsoft.AzureStack.Management.InfrastructureInsights.Admin\tests\src\ResourceHealthTests.cs(16,17): error CS0518: Predefined type 'System.Void' is not defined or imported
C:\gh\azure-sdk-for-net\sdk\azurestack\Microsoft.AzureStack.Management.InfrastructureInsights.Admin\tests\src\AlertTests.cs(72,36): error CS0518: Predefined type 'System.Object' is not defined or imported
C:\gh\azure-sdk-for-net\sdk\azurestack\Microsoft.AzureStack.Management.InfrastructureInsights.Admin\tests\src\AlertTests.cs(72,17): error CS0518: Predefined type 'System.Void' is not defined or imported
C:\gh\azure-sdk-for-net\sdk\azurestack\Microsoft.AzureStack.Management.InfrastructureInsights.Admin\tests\Properties\AssemblyInfo.cs(5,12): error CS0246: The type or namespace name 'AssemblyTitleAttribute' could not be found (are you missing a using directive or an assembly reference?)
C:\gh\azure-sdk-for-net\sdk\azurestack\Microsoft.AzureStack.Management.InfrastructureInsights.Admin\tests\Properties\AssemblyInfo.cs(5,12): error CS0246: The type or namespace name 'AssemblyTitle' could not be found (are you missing a using directive or an assembly reference?)
C:\gh\azure-sdk-for-net\sdk\azurestack\Microsoft.AzureStack.Management.InfrastructureInsights.Admin\tests\Properties\AssemblyInfo.cs(6,12): error CS0246: The type or namespace name 'AssemblyDescriptionAttribute' could not be found (are you missing a using directive or an assembly reference?)
C:\gh\azure-sdk-for-net\sdk\azurestack\Microsoft.AzureStack.Management.InfrastructureInsights.Admin\tests\Properties\AssemblyInfo.cs(6,12): error CS0246: The type or namespace name 'AssemblyDescription' could not be found (are you missing a using directive or an assembly reference?)
C:\gh\azure-sdk-for-net\sdk\azurestack\Microsoft.AzureStack.Management.InfrastructureInsights.Admin\tests\Properties\AssemblyInfo.cs(7,12): error CS0246: The type or namespace name 'AssemblyConfigurationAttribute' could not be found (are you missing a using directive or an assembly reference?)
C:\gh\azure-sdk-for-net\sdk\azurestack\Microsoft.AzureStack.Management.InfrastructureInsights.Admin\tests\Properties\AssemblyInfo.cs(7,12): error CS0246: The type or namespace name 'AssemblyConfiguration' could not be found (are you missing a using directive or an assembly reference?)
C:\gh\azure-sdk-for-net\sdk\azurestack\Microsoft.AzureStack.Management.InfrastructureInsights.Admin\tests\Properties\AssemblyInfo.cs(8,12): error CS0246: The type or namespace name 'AssemblyCompanyAttribute' could not be found (are you missing a using directive or an assembly reference?)
C:\gh\azure-sdk-for-net\sdk\azurestack\Microsoft.AzureStack.Management.InfrastructureInsights.Admin\tests\Properties\AssemblyInfo.cs(8,12): error CS0246: The type or namespace name 'AssemblyCompany' could not be found (are you missing a using directive or an assembly reference?)
C:\gh\azure-sdk-for-net\sdk\azurestack\Microsoft.AzureStack.Management.InfrastructureInsights.Admin\tests\Properties\AssemblyInfo.cs(9,12): error CS0246: The type or namespace name 'AssemblyProductAttribute' could not be found (are you missing a using directive or an assembly reference?)
C:\gh\azure-sdk-for-net\sdk\azurestack\Microsoft.AzureStack.Management.InfrastructureInsights.Admin\tests\Properties\AssemblyInfo.cs(9,12): error CS0246: The type or namespace name 'AssemblyProduct' could not be found (are you missing a using directive or an assembly reference?)
C:\gh\azure-sdk-for-net\sdk\azurestack\Microsoft.AzureStack.Management.InfrastructureInsights.Admin\tests\Properties\AssemblyInfo.cs(10,12): error CS0246: The type or namespace name 'AssemblyCopyrightAttribute' could not be found (are you missing a using directive or an assembly reference?)
C:\gh\azure-sdk-for-net\sdk\azurestack\Microsoft.AzureStack.Management.InfrastructureInsights.Admin\tests\Properties\AssemblyInfo.cs(10,12): error CS0246: The type or namespace name 'AssemblyCopyright' could not be found (are you missing a using directive or an assembly reference?)
C:\gh\azure-sdk-for-net\sdk\azurestack\Microsoft.AzureStack.Management.InfrastructureInsights.Admin\tests\Properties\AssemblyInfo.cs(11,12): error CS0246: The type or namespace name 'AssemblyTrademarkAttribute' could not be found (are you missing a using directive or an assembly reference?)
C:\gh\azure-sdk-for-net\sdk\azurestack\Microsoft.AzureStack.Management.InfrastructureInsights.Admin\tests\Properties\AssemblyInfo.cs(11,12): error CS0246: The type or namespace name 'AssemblyTrademark' could not be found (are you missing a using directive or an assembly reference?)
C:\gh\azure-sdk-for-net\sdk\azurestack\Microsoft.AzureStack.Management.InfrastructureInsights.Admin\tests\Properties\AssemblyInfo.cs(12,12): error CS0246: The type or namespace name 'AssemblyCultureAttribute' could not be found (are you missing a using directive or an assembly reference?)
C:\gh\azure-sdk-for-net\sdk\azurestack\Microsoft.AzureStack.Management.InfrastructureInsights.Admin\tests\Properties\AssemblyInfo.cs(12,12): error CS0246: The type or namespace name 'AssemblyCulture' could not be found (are you missing a using directive or an assembly reference?)
C:\gh\azure-sdk-for-net\sdk\azurestack\Microsoft.AzureStack.Management.InfrastructureInsights.Admin\tests\Properties\AssemblyInfo.cs(14,12): error CS0246: The type or namespace name 'ComVisibleAttribute' could not be found (are you missing a using directive or an assembly reference?)
C:\gh\azure-sdk-for-net\sdk\azurestack\Microsoft.AzureStack.Management.InfrastructureInsights.Admin\tests\Properties\AssemblyInfo.cs(14,12): error CS0246: The type or namespace name 'ComVisible' could not be found (are you missing a using directive or an assembly reference?)
C:\gh\azure-sdk-for-net\sdk\azurestack\Microsoft.AzureStack.Management.InfrastructureInsights.Admin\tests\Properties\AssemblyInfo.cs(16,12): error CS0246: The type or namespace name 'GuidAttribute' could not be found (are you missing a using directive or an assembly reference?)
C:\gh\azure-sdk-for-net\sdk\azurestack\Microsoft.AzureStack.Management.InfrastructureInsights.Admin\tests\Properties\AssemblyInfo.cs(16,12): error CS0246: The type or namespace name 'Guid' could not be found (are you missing a using directive or an assembly reference?)
C:\gh\azure-sdk-for-net\sdk\azurestack\Microsoft.AzureStack.Management.InfrastructureInsights.Admin\tests\Properties\AssemblyInfo.cs(18,12): error CS0246: The type or namespace name 'AssemblyVersionAttribute' could not be found (are you missing a using directive or an assembly reference?)
C:\gh\azure-sdk-for-net\sdk\azurestack\Microsoft.AzureStack.Management.InfrastructureInsights.Admin\tests\Properties\AssemblyInfo.cs(18,12): error CS0246: The type or namespace name 'AssemblyVersion' could not be found (are you missing a using directive or an assembly reference?)
C:\gh\azure-sdk-for-net\sdk\azurestack\Microsoft.AzureStack.Management.InfrastructureInsights.Admin\tests\Properties\AssemblyInfo.cs(19,12): error CS0246: The type or namespace name 'AssemblyFileVersionAttribute' could not be found (are you missing a using directive or an assembly reference?)
C:\gh\azure-sdk-for-net\sdk\azurestack\Microsoft.AzureStack.Management.InfrastructureInsights.Admin\tests\Properties\AssemblyInfo.cs(19,12): error CS0246: The type or namespace name 'AssemblyFileVersion' could not be found (are you missing a using directive or an assembly reference?)
C:\gh\azure-sdk-for-net\eng\mgmt\DisableTestRunParallel.cs(7,12): error CS0246: The type or namespace name 'CollectionBehaviorAttribute' could not be found (are you missing a using directive or an assembly reference?)
C:\gh\azure-sdk-for-net\eng\mgmt\DisableTestRunParallel.cs(7,12): error CS0246: The type or namespace name 'CollectionBehavior' could not be found (are you missing a using directive or an assembly reference?)
C:\gh\azure-sdk-for-net\artifacts\obj\Microsoft.AzureStack.Management.InfrastructureInsights.Tests\Debug\netcoreapp2.0\.NETCoreApp,Version=v2.0.AssemblyAttributes.cs(4,20): error CS0400: The type or namespace name 'System' could not be found in the global namespace (are you missing an assembly reference?)
C:\gh\azure-sdk-for-net\artifacts\obj\Microsoft.AzureStack.Management.InfrastructureInsights.Tests\Debug\netcoreapp2.0\Microsoft.AzureStack.Management.InfrastructureInsights.Tests.AssemblyInfo.cs(14,12): error CS0246: The type or namespace name 'System' could not be found (are you missing a using directive or an assembly reference?)
C:\gh\azure-sdk-for-net\artifacts\obj\Microsoft.AzureStack.Management.InfrastructureInsights.Tests\Debug\netcoreapp2.0\Microsoft.AzureStack.Management.InfrastructureInsights.Tests.AssemblyInfo.cs(16,12): error CS0246: The type or namespace name 'System' could not be found (are you missing a using directive or an assembly reference?)
C:\gh\azure-sdk-for-net\artifacts\obj\Microsoft.AzureStack.Management.InfrastructureInsights.Tests\Debug\netcoreapp2.0\Microsoft.AzureStack.Management.InfrastructureInsights.Tests.AssemblyInfo.cs(17,12): error CS0246: The type or namespace name 'System' could not be found (are you missing a using directive or an assembly reference?)
C:\gh\azure-sdk-for-net\sdk\azurestack\Microsoft.AzureStack.Management.InfrastructureInsights.Admin\tests\Properties\AssemblyInfo.cs(5,26): error CS0518: Predefined type 'System.String' is not defined or imported
C:\gh\azure-sdk-for-net\sdk\azurestack\Microsoft.AzureStack.Management.InfrastructureInsights.Admin\tests\Properties\AssemblyInfo.cs(6,32): error CS0518: Predefined type 'System.String' is not defined or imported
C:\gh\azure-sdk-for-net\sdk\azurestack\Microsoft.AzureStack.Management.InfrastructureInsights.Admin\tests\Properties\AssemblyInfo.cs(7,34): error CS0518: Predefined type 'System.String' is not defined or imported
C:\gh\azure-sdk-for-net\sdk\azurestack\Microsoft.AzureStack.Management.InfrastructureInsights.Admin\tests\Properties\AssemblyInfo.cs(8,28): error CS0518: Predefined type 'System.String' is not defined or imported
C:\gh\azure-sdk-for-net\sdk\azurestack\Microsoft.AzureStack.Management.InfrastructureInsights.Admin\tests\Properties\AssemblyInfo.cs(9,28): error CS0518: Predefined type 'System.String' is not defined or imported
C:\gh\azure-sdk-for-net\sdk\azurestack\Microsoft.AzureStack.Management.InfrastructureInsights.Admin\tests\Properties\AssemblyInfo.cs(10,30): error CS0518: Predefined type 'System.String' is not defined or imported
C:\gh\azure-sdk-for-net\sdk\azurestack\Microsoft.AzureStack.Management.InfrastructureInsights.Admin\tests\Properties\AssemblyInfo.cs(11,30): error CS0518: Predefined type 'System.String' is not defined or imported
C:\gh\azure-sdk-for-net\sdk\azurestack\Microsoft.AzureStack.Management.InfrastructureInsights.Admin\tests\Properties\AssemblyInfo.cs(12,28): error CS0518: Predefined type 'System.String' is not defined or imported
C:\gh\azure-sdk-for-net\sdk\azurestack\Microsoft.AzureStack.Management.InfrastructureInsights.Admin\tests\Properties\AssemblyInfo.cs(14,23): error CS0518: Predefined type 'System.Boolean' is not defined or imported
C:\gh\azure-sdk-for-net\sdk\azurestack\Microsoft.AzureStack.Management.InfrastructureInsights.Admin\tests\Properties\AssemblyInfo.cs(16,17): error CS0518: Predefined type 'System.String' is not defined or imported
C:\gh\azure-sdk-for-net\sdk\azurestack\Microsoft.AzureStack.Management.InfrastructureInsights.Admin\tests\Properties\AssemblyInfo.cs(18,28): error CS0518: Predefined type 'System.String' is not defined or imported
C:\gh\azure-sdk-for-net\sdk\azurestack\Microsoft.AzureStack.Management.InfrastructureInsights.Admin\tests\Properties\AssemblyInfo.cs(19,32): error CS0518: Predefined type 'System.String' is not defined or imported
C:\gh\azure-sdk-for-net\eng\mgmt\DisableTestRunParallel.cs(7,31): error CS0246: The type or namespace name 'DisableTestParallelization' could not be found (are you missing a using directive or an assembly reference?)
C:\gh\azure-sdk-for-net\eng\mgmt\DisableTestRunParallel.cs(7,60): error CS0518: Predefined type 'System.Boolean' is not defined or imported
C:\gh\azure-sdk-for-net\eng\mgmt\DisableTestRunParallel.cs(7,66): error CS0246: The type or namespace name 'MaxParallelThreads' could not be found (are you missing a using directive or an assembly reference?)
C:\gh\azure-sdk-for-net\eng\mgmt\DisableTestRunParallel.cs(7,87): error CS0518: Predefined type 'System.Int32' is not defined or imported
C:\gh\azure-sdk-for-net\artifacts\obj\Microsoft.AzureStack.Management.InfrastructureInsights.Tests\Debug\netcoreapp2.0\.NETCoreApp,Version=v2.0.AssemblyAttributes.cs(4,71): error CS0518: Predefined type 'System.String' is not defined or imported
C:\gh\azure-sdk-for-net\artifacts\obj\Microsoft.AzureStack.Management.InfrastructureInsights.Tests\Debug\netcoreapp2.0\.NETCoreApp,Version=v2.0.AssemblyAttributes.cs(4,99): error CS0246: The type or namespace name 'FrameworkDisplayName' could not be found (are you missing a using directive or an assembly reference?)
C:\gh\azure-sdk-for-net\artifacts\obj\Microsoft.AzureStack.Management.InfrastructureInsights.Tests\Debug\netcoreapp2.0\.NETCoreApp,Version=v2.0.AssemblyAttributes.cs(4,122): error CS0518: Predefined type 'System.String' is not defined or imported
C:\gh\azure-sdk-for-net\artifacts\obj\Microsoft.AzureStack.Management.InfrastructureInsights.Tests\Debug\netcoreapp2.0\Microsoft.AzureStack.Management.InfrastructureInsights.Tests.AssemblyInfo.cs(14,56): error CS0518: Predefined type 'System.String' is not defined or imported
C:\gh\azure-sdk-for-net\artifacts\obj\Microsoft.AzureStack.Management.InfrastructureInsights.Tests\Debug\netcoreapp2.0\Microsoft.AzureStack.Management.InfrastructureInsights.Tests.AssemblyInfo.cs(14,70): error CS0518: Predefined type 'System.String' is not defined or imported
C:\gh\azure-sdk-for-net\artifacts\obj\Microsoft.AzureStack.Management.InfrastructureInsights.Tests\Debug\netcoreapp2.0\Microsoft.AzureStack.Management.InfrastructureInsights.Tests.AssemblyInfo.cs(15,5): error CS0518: Predefined type 'System.String' is not defined or imported
C:\gh\azure-sdk-for-net\artifacts\obj\Microsoft.AzureStack.Management.InfrastructureInsights.Tests\Debug\netcoreapp2.0\Microsoft.AzureStack.Management.InfrastructureInsights.Tests.AssemblyInfo.cs(16,68): error CS0518: Predefined type 'System.String' is not defined or imported
C:\gh\azure-sdk-for-net\artifacts\obj\Microsoft.AzureStack.Management.InfrastructureInsights.Tests\Debug\netcoreapp2.0\Microsoft.AzureStack.Management.InfrastructureInsights.Tests.AssemblyInfo.cs(17,56): error CS0518: Predefined type 'System.String' is not defined or imported
C:\gh\azure-sdk-for-net\artifacts\obj\Microsoft.AzureStack.Management.InfrastructureInsights.Tests\Debug\netcoreapp2.0\Microsoft.AzureStack.Management.InfrastructureInsights.Tests.AssemblyInfo.cs(17,73): error CS0518: Predefined type 'System.String' is not defined or imported
C:\gh\azure-sdk-for-net\sdk\azurestack\Microsoft.AzureStack.Management.InfrastructureInsights.Admin\tests\InfrastructureInsightsCommon.cs(1,7): error CS0246: The type or namespace name 'System' could not be found (are you missing a using directive or an assembly reference?)
C:\gh\azure-sdk-for-net\sdk\azurestack\Microsoft.AzureStack.Management.InfrastructureInsights.Admin\tests\InfrastructureInsightsCommon.cs(2,7): error CS0246: The type or namespace name 'System' could not be found (are you missing a using directive or an assembly reference?)
C:\gh\azure-sdk-for-net\sdk\azurestack\Microsoft.AzureStack.Management.InfrastructureInsights.Admin\tests\InfrastructureInsightsCommon.cs(3,7): error CS0246: The type or namespace name 'System' could not be found (are you missing a using directive or an assembly reference?)
C:\gh\azure-sdk-for-net\sdk\azurestack\Microsoft.AzureStack.Management.InfrastructureInsights.Admin\tests\InfrastructureInsightsCommon.cs(4,7): error CS0246: The type or namespace name 'System' could not be found (are you missing a using directive or an assembly reference?)
C:\gh\azure-sdk-for-net\sdk\azurestack\Microsoft.AzureStack.Management.InfrastructureInsights.Admin\tests\InfrastructureInsightsCommon.cs(5,7): error CS0246: The type or namespace name 'System' could not be found (are you missing a using directive or an assembly reference?)
C:\gh\azure-sdk-for-net\sdk\azurestack\Microsoft.AzureStack.Management.InfrastructureInsights.Admin\tests\InfrastructureInsightsTestBase.cs(8,17): error CS0234: The type or namespace name 'Rest' does not exist in the namespace 'Microsoft' (are you missing an assembly reference?)
C:\gh\azure-sdk-for-net\sdk\azurestack\Microsoft.AzureStack.Management.InfrastructureInsights.Admin\tests\InfrastructureInsightsTestBase.cs(9,7): error CS0246: The type or namespace name 'System' could not be found (are you missing a using directive or an assembly reference?)
C:\gh\azure-sdk-for-net\sdk\azurestack\Microsoft.AzureStack.Management.InfrastructureInsights.Admin\tests\InfrastructureInsightsTestBase.cs(10,7): error CS0246: The type or namespace name 'System' could not be found (are you missing a using directive or an assembly reference?)
C:\gh\azure-sdk-for-net\sdk\azurestack\Microsoft.AzureStack.Management.InfrastructureInsights.Admin\tests\InfrastructureInsightsTestBase.cs(11,7): error CS0246: The type or namespace name 'System' could not be found (are you missing a using directive or an assembly reference?)
C:\gh\azure-sdk-for-net\sdk\azurestack\Microsoft.AzureStack.Management.InfrastructureInsights.Admin\tests\InfrastructureInsightsTestBase.cs(12,7): error CS0246: The type or namespace name 'Xunit' could not be found (are you missing a using directive or an assembly reference?)
C:\gh\azure-sdk-for-net\sdk\azurestack\Microsoft.AzureStack.Management.InfrastructureInsights.Admin\tests\Properties\AssemblyInfo.cs(1,7): error CS0246: The type or namespace name 'System' could not be found (are you missing a using directive or an assembly reference?)
C:\gh\azure-sdk-for-net\sdk\azurestack\Microsoft.AzureStack.Management.InfrastructureInsights.Admin\tests\Properties\AssemblyInfo.cs(2,7): error CS0246: The type or namespace name 'System' could not be found (are you missing a using directive or an assembly reference?)
C:\gh\azure-sdk-for-net\sdk\azurestack\Microsoft.AzureStack.Management.InfrastructureInsights.Admin\tests\Properties\AssemblyInfo.cs(3,7): error CS0246: The type or namespace name 'System' could not be found (are you missing a using directive or an assembly reference?)
C:\gh\azure-sdk-for-net\sdk\azurestack\Microsoft.AzureStack.Management.InfrastructureInsights.Admin\tests\src\AlertTests.cs(6,7): error CS0246: The type or namespace name 'System' could not be found (are you missing a using directive or an assembly reference?)
C:\gh\azure-sdk-for-net\sdk\azurestack\Microsoft.AzureStack.Management.InfrastructureInsights.Admin\tests\src\AlertTests.cs(9,7): error CS0246: The type or namespace name 'Xunit' could not be found (are you missing a using directive or an assembly reference?)
C:\gh\azure-sdk-for-net\sdk\azurestack\Microsoft.AzureStack.Management.InfrastructureInsights.Admin\tests\src\Helpers\AzureStackTestBase.cs(5,7): error CS0246: The type or namespace name 'System' could not be found (are you missing a using directive or an assembly reference?)
C:\gh\azure-sdk-for-net\sdk\azurestack\Microsoft.AzureStack.Management.InfrastructureInsights.Admin\tests\src\Helpers\AzureStackTestBase.cs(6,7): error CS0246: The type or namespace name 'System' could not be found (are you missing a using directive or an assembly reference?)
C:\gh\azure-sdk-for-net\sdk\azurestack\Microsoft.AzureStack.Management.InfrastructureInsights.Admin\tests\src\Helpers\AzureStackTestBase.cs(8,17): error CS0234: The type or namespace name 'Rest' does not exist in the namespace 'Microsoft' (are you missing an assembly reference?)
C:\gh\azure-sdk-for-net\sdk\azurestack\Microsoft.AzureStack.Management.InfrastructureInsights.Admin\tests\src\Helpers\Common.cs(5,17): error CS0234: The type or namespace name 'Rest' does not exist in the namespace 'Microsoft' (are you missing an assembly reference?)
C:\gh\azure-sdk-for-net\sdk\azurestack\Microsoft.AzureStack.Management.InfrastructureInsights.Admin\tests\src\Helpers\Common.cs(6,17): error CS0234: The type or namespace name 'Rest' does not exist in the namespace 'Microsoft' (are you missing an assembly reference?)
C:\gh\azure-sdk-for-net\sdk\azurestack\Microsoft.AzureStack.Management.InfrastructureInsights.Admin\tests\src\Helpers\Common.cs(7,7): error CS0246: The type or namespace name 'System' could not be found (are you missing a using directive or an assembly reference?)
C:\gh\azure-sdk-for-net\sdk\azurestack\Microsoft.AzureStack.Management.InfrastructureInsights.Admin\tests\src\Helpers\Common.cs(8,7): error CS0246: The type or namespace name 'System' could not be found (are you missing a using directive or an assembly reference?)
C:\gh\azure-sdk-for-net\sdk\azurestack\Microsoft.AzureStack.Management.InfrastructureInsights.Admin\tests\src\Helpers\Common.cs(9,7): error CS0246: The type or namespace name 'System' could not be found (are you missing a using directive or an assembly reference?)
C:\gh\azure-sdk-for-net\sdk\azurestack\Microsoft.AzureStack.Management.InfrastructureInsights.Admin\tests\src\Helpers\Common.cs(10,7): error CS0246: The type or namespace name 'System' could not be found (are you missing a using directive or an assembly reference?)
C:\gh\azure-sdk-for-net\sdk\azurestack\Microsoft.AzureStack.Management.InfrastructureInsights.Admin\tests\src\Helpers\Common.cs(11,7): error CS0246: The type or namespace name 'System' could not be found (are you missing a using directive or an assembly reference?)
C:\gh\azure-sdk-for-net\sdk\azurestack\Microsoft.AzureStack.Management.InfrastructureInsights.Admin\tests\src\Helpers\Common.cs(12,7): error CS0246: The type or namespace name 'System' could not be found (are you missing a using directive or an assembly reference?)
C:\gh\azure-sdk-for-net\sdk\azurestack\Microsoft.AzureStack.Management.InfrastructureInsights.Admin\tests\src\Helpers\RecordedDelegatingHandler.cs(4,7): error CS0246: The type or namespace name 'System' could not be found (are you missing a using directive or an assembly reference?)
C:\gh\azure-sdk-for-net\sdk\azurestack\Microsoft.AzureStack.Management.InfrastructureInsights.Admin\tests\src\Helpers\RecordedDelegatingHandler.cs(5,7): error CS0246: The type or namespace name 'System' could not be found (are you missing a using directive or an assembly reference?)
C:\gh\azure-sdk-for-net\sdk\azurestack\Microsoft.AzureStack.Management.InfrastructureInsights.Admin\tests\src\Helpers\RecordedDelegatingHandler.cs(6,7): error CS0246: The type or namespace name 'System' could not be found (are you missing a using directive or an assembly reference?)
C:\gh\azure-sdk-for-net\sdk\azurestack\Microsoft.AzureStack.Management.InfrastructureInsights.Admin\tests\src\Helpers\RecordedDelegatingHandler.cs(7,7): error CS0246: The type or namespace name 'System' could not be found (are you missing a using directive or an assembly reference?)
C:\gh\azure-sdk-for-net\sdk\azurestack\Microsoft.AzureStack.Management.InfrastructureInsights.Admin\tests\src\Helpers\RecordedDelegatingHandler.cs(8,7): error CS0246: The type or namespace name 'System' could not be found (are you missing a using directive or an assembly reference?)
C:\gh\azure-sdk-for-net\sdk\azurestack\Microsoft.AzureStack.Management.InfrastructureInsights.Admin\tests\src\ResourceHealthTests.cs(8,7): error CS0246: The type or namespace name 'Xunit' could not be found (are you missing a using directive or an assembly reference?)
C:\gh\azure-sdk-for-net\sdk\azurestack\Microsoft.AzureStack.Management.InfrastructureInsights.Admin\tests\src\ServiceHealthTests.cs(8,7): error CS0246: The type or namespace name 'Xunit' could not be found (are you missing a using directive or an assembly reference?)
C:\gh\azure-sdk-for-net\eng\mgmt\DisableTestRunParallel.cs(4,7): error CS0246: The type or namespace name 'System' could not be found (are you missing a using directive or an assembly reference?)
C:\gh\azure-sdk-for-net\eng\mgmt\DisableTestRunParallel.cs(5,7): error CS0246: The type or namespace name 'Xunit' could not be found (are you missing a using directive or an assembly reference?)
C:\gh\azure-sdk-for-net\artifacts\obj\Microsoft.AzureStack.Management.InfrastructureInsights.Tests\Debug\netcoreapp2.0\.NETCoreApp,Version=v2.0.AssemblyAttributes.cs(2,7): error CS0246: The type or namespace name 'System' could not be found (are you missing a using directive or an assembly reference?)
C:\gh\azure-sdk-for-net\artifacts\obj\Microsoft.AzureStack.Management.InfrastructureInsights.Tests\Debug\netcoreapp2.0\.NETCoreApp,Version=v2.0.AssemblyAttributes.cs(3,7): error CS0246: The type or namespace name 'System' could not be found (are you missing a using directive or an assembly reference?)
C:\gh\azure-sdk-for-net\artifacts\obj\Microsoft.AzureStack.Management.InfrastructureInsights.Tests\Debug\netcoreapp2.0\Microsoft.AzureStack.Management.InfrastructureInsights.Tests.AssemblyInfo.cs(11,7): error CS0246: The type or namespace name 'System' could not be found (are you missing a using directive or an assembly reference?)
C:\gh\azure-sdk-for-net\artifacts\obj\Microsoft.AzureStack.Management.InfrastructureInsights.Tests\Debug\netcoreapp2.0\Microsoft.AzureStack.Management.InfrastructureInsights.Tests.AssemblyInfo.cs(12,7): error CS0246: The type or namespace name 'System' could not be found (are you missing a using directive or an assembly reference?)
C:\gh\azure-sdk-for-net\sdk\azurestack\Microsoft.AzureStack.Management.InfrastructureInsights.Admin\tests\src\RegionHealthTests.cs(10,11): error CS0246: The type or namespace name 'Xunit' could not be found (are you missing a using directive or an assembly reference?)
C:\gh\azure-sdk-for-net\sdk\azurestack\Microsoft.AzureStack.Management.InfrastructureInsights.Admin\tests\src\SupportedOperationTests.cs(10,11): error CS0246: The type or namespace name 'Xunit' could not be found (are you missing a using directive or an assembly reference?)
C:\gh\azure-sdk-for-net\sdk\azurestack\Microsoft.AzureStack.Management.InfrastructureInsights.Admin\tests\InfrastructureInsightsCommon.cs(10,11): error CS0518: Predefined type 'System.Object' is not defined or imported
C:\gh\azure-sdk-for-net\sdk\azurestack\Microsoft.AzureStack.Management.InfrastructureInsights.Admin\tests\src\Helpers\Common.cs(236,88): error CS0518: Predefined type 'System.Object' is not defined or imported
C:\gh\azure-sdk-for-net\sdk\azurestack\Microsoft.AzureStack.Management.InfrastructureInsights.Admin\tests\src\Helpers\Common.cs(236,88): error CS0246: The type or namespace name 'Action<>' could not be found (are you missing a using directive or an assembly reference?)
C:\gh\azure-sdk-for-net\sdk\azurestack\Microsoft.AzureStack.Management.InfrastructureInsights.Admin\tests\src\RegionHealthTests.cs(69,10): error CS0518: Predefined type 'System.Object' is not defined or imported
C:\gh\azure-sdk-for-net\sdk\azurestack\Microsoft.AzureStack.Management.InfrastructureInsights.Admin\tests\src\RegionHealthTests.cs(69,10): error CS0246: The type or namespace name 'FactAttribute' could not be found (are you missing a using directive or an assembly reference?)
C:\gh\azure-sdk-for-net\sdk\azurestack\Microsoft.AzureStack.Management.InfrastructureInsights.Admin\tests\src\RegionHealthTests.cs(69,10): error CS0246: The type or namespace name 'Fact' could not be found (are you missing a using directive or an assembly reference?)
C:\gh\azure-sdk-for-net\sdk\azurestack\Microsoft.AzureStack.Management.InfrastructureInsights.Admin\tests\src\AlertTests.cs(100,10): error CS0518: Predefined type 'System.Object' is not defined or imported
C:\gh\azure-sdk-for-net\sdk\azurestack\Microsoft.AzureStack.Management.InfrastructureInsights.Admin\tests\src\AlertTests.cs(100,10): error CS0246: The type or namespace name 'FactAttribute' could not be found (are you missing a using directive or an assembly reference?)
C:\gh\azure-sdk-for-net\sdk\azurestack\Microsoft.AzureStack.Management.InfrastructureInsights.Admin\tests\src\AlertTests.cs(100,10): error CS0246: The type or namespace name 'Fact' could not be found (are you missing a using directive or an assembly reference?)
C:\gh\azure-sdk-for-net\sdk\azurestack\Microsoft.AzureStack.Management.InfrastructureInsights.Admin\tests\src\Helpers\AzureStackTestBase.cs(61,37): error CS0518: Predefined type 'System.Object' is not defined or imported
C:\gh\azure-sdk-for-net\sdk\azurestack\Microsoft.AzureStack.Management.InfrastructureInsights.Admin\tests\src\Helpers\AzureStackTestBase.cs(61,37): error CS0103: The name 'HttpStatusCode' does not exist in the current context
C:\gh\azure-sdk-for-net\sdk\azurestack\Microsoft.AzureStack.Management.InfrastructureInsights.Admin\tests\src\AlertTests.cs(113,10): error CS0518: Predefined type 'System.Object' is not defined or imported
C:\gh\azure-sdk-for-net\sdk\azurestack\Microsoft.AzureStack.Management.InfrastructureInsights.Admin\tests\src\AlertTests.cs(113,10): error CS0246: The type or namespace name 'FactAttribute' could not be found (are you missing a using directive or an assembly reference?)
C:\gh\azure-sdk-for-net\sdk\azurestack\Microsoft.AzureStack.Management.InfrastructureInsights.Admin\tests\src\AlertTests.cs(113,10): error CS0246: The type or namespace name 'Fact' could not be found (are you missing a using directive or an assembly reference?)
C:\gh\azure-sdk-for-net\sdk\azurestack\Microsoft.AzureStack.Management.InfrastructureInsights.Admin\tests\src\Helpers\AzureStackTestBase.cs(62,14): error CS0518: Predefined type 'System.Object' is not defined or imported
C:\gh\azure-sdk-for-net\sdk\azurestack\Microsoft.AzureStack.Management.InfrastructureInsights.Admin\tests\src\Helpers\AzureStackTestBase.cs(62,14): error CS0246: The type or namespace name 'System' could not be found (are you missing a using directive or an assembly reference?)
C:\gh\azure-sdk-for-net\sdk\azurestack\Microsoft.AzureStack.Management.InfrastructureInsights.Admin\tests\src\RegionHealthTests.cs(78,10): error CS0518: Predefined type 'System.Object' is not defined or imported
C:\gh\azure-sdk-for-net\sdk\azurestack\Microsoft.AzureStack.Management.InfrastructureInsights.Admin\tests\src\RegionHealthTests.cs(78,10): error CS0246: The type or namespace name 'FactAttribute' could not be found (are you missing a using directive or an assembly reference?)
C:\gh\azure-sdk-for-net\sdk\azurestack\Microsoft.AzureStack.Management.InfrastructureInsights.Admin\tests\src\RegionHealthTests.cs(78,10): error CS0246: The type or namespace name 'Fact' could not be found (are you missing a using directive or an assembly reference?)
C:\gh\azure-sdk-for-net\sdk\azurestack\Microsoft.AzureStack.Management.InfrastructureInsights.Admin\tests\src\Helpers\AzureStackTestBase.cs(63,32): error CS0518: Predefined type 'System.String' is not defined or imported
C:\gh\azure-sdk-for-net\sdk\azurestack\Microsoft.AzureStack.Management.InfrastructureInsights.Admin\tests\src\AlertTests.cs(127,10): error CS0518: Predefined type 'System.Object' is not defined or imported
C:\gh\azure-sdk-for-net\sdk\azurestack\Microsoft.AzureStack.Management.InfrastructureInsights.Admin\tests\src\AlertTests.cs(127,10): error CS0246: The type or namespace name 'FactAttribute' could not be found (are you missing a using directive or an assembly reference?)
C:\gh\azure-sdk-for-net\sdk\azurestack\Microsoft.AzureStack.Management.InfrastructureInsights.Admin\tests\src\AlertTests.cs(127,10): error CS0246: The type or namespace name 'Fact' could not be found (are you missing a using directive or an assembly reference?)
C:\gh\azure-sdk-for-net\sdk\azurestack\Microsoft.AzureStack.Management.InfrastructureInsights.Admin\tests\src\Helpers\Common.cs(30,34): error CS0518: Predefined type 'System.Int32' is not defined or imported
C:\gh\azure-sdk-for-net\sdk\azurestack\Microsoft.AzureStack.Management.InfrastructureInsights.Admin\tests\src\Helpers\Common.cs(64,65): error CS0518: Predefined type 'System.String' is not defined or imported
C:\gh\azure-sdk-for-net\sdk\azurestack\Microsoft.AzureStack.Management.InfrastructureInsights.Admin\tests\src\RegionHealthTests.cs(91,10): error CS0518: Predefined type 'System.Object' is not defined or imported
C:\gh\azure-sdk-for-net\sdk\azurestack\Microsoft.AzureStack.Management.InfrastructureInsights.Admin\tests\src\RegionHealthTests.cs(91,10): error CS0246: The type or namespace name 'FactAttribute' could not be found (are you missing a using directive or an assembly reference?)
C:\gh\azure-sdk-for-net\sdk\azurestack\Microsoft.AzureStack.Management.InfrastructureInsights.Admin\tests\src\RegionHealthTests.cs(91,10): error CS0246: The type or namespace name 'Fact' could not be found (are you missing a using directive or an assembly reference?)
C:\gh\azure-sdk-for-net\sdk\azurestack\Microsoft.AzureStack.Management.InfrastructureInsights.Admin\tests\src\AlertTests.cs(146,10): error CS0518: Predefined type 'System.Object' is not defined or imported
C:\gh\azure-sdk-for-net\sdk\azurestack\Microsoft.AzureStack.Management.InfrastructureInsights.Admin\tests\src\AlertTests.cs(146,10): error CS0246: The type or namespace name 'FactAttribute' could not be found (are you missing a using directive or an assembly reference?)
C:\gh\azure-sdk-for-net\sdk\azurestack\Microsoft.AzureStack.Management.InfrastructureInsights.Admin\tests\src\AlertTests.cs(146,10): error CS0246: The type or namespace name 'Fact' could not be found (are you missing a using directive or an assembly reference?)
C:\gh\azure-sdk-for-net\sdk\azurestack\Microsoft.AzureStack.Management.InfrastructureInsights.Admin\tests\src\ServiceHealthTests.cs(42,10): error CS0518: Predefined type 'System.Object' is not defined or imported
C:\gh\azure-sdk-for-net\sdk\azurestack\Microsoft.AzureStack.Management.InfrastructureInsights.Admin\tests\src\ServiceHealthTests.cs(42,10): error CS0246: The type or namespace name 'FactAttribute' could not be found (are you missing a using directive or an assembly reference?)
C:\gh\azure-sdk-for-net\sdk\azurestack\Microsoft.AzureStack.Management.InfrastructureInsights.Admin\tests\src\ServiceHealthTests.cs(42,10): error CS0246: The type or namespace name 'Fact' could not be found (are you missing a using directive or an assembly reference?)
C:\gh\azure-sdk-for-net\sdk\azurestack\Microsoft.AzureStack.Management.InfrastructureInsights.Admin\tests\src\SupportedOperationTests.cs(35,10): error CS0518: Predefined type 'System.Object' is not defined or imported
C:\gh\azure-sdk-for-net\sdk\azurestack\Microsoft.AzureStack.Management.InfrastructureInsights.Admin\tests\src\SupportedOperationTests.cs(35,10): error CS0246: The type or namespace name 'FactAttribute' could not be found (are you missing a using directive or an assembly reference?)
C:\gh\azure-sdk-for-net\sdk\azurestack\Microsoft.AzureStack.Management.InfrastructureInsights.Admin\tests\src\SupportedOperationTests.cs(35,10): error CS0246: The type or namespace name 'Fact' could not be found (are you missing a using directive or an assembly reference?)
C:\gh\azure-sdk-for-net\sdk\azurestack\Microsoft.AzureStack.Management.InfrastructureInsights.Admin\tests\src\SupportedOperationTests.cs(35,15): error CS0246: The type or namespace name 'Skip' could not be found (are you missing a using directive or an assembly reference?)
C:\gh\azure-sdk-for-net\sdk\azurestack\Microsoft.AzureStack.Management.InfrastructureInsights.Admin\tests\src\SupportedOperationTests.cs(35,20): error CS0518: Predefined type 'System.String' is not defined or imported
C:\gh\azure-sdk-for-net\sdk\azurestack\Microsoft.AzureStack.Management.InfrastructureInsights.Admin\tests\src\Helpers\Common.cs(64,96): error CS0518: Predefined type 'System.Boolean' is not defined or imported
C:\gh\azure-sdk-for-net\sdk\azurestack\Microsoft.AzureStack.Management.InfrastructureInsights.Admin\tests\src\Helpers\Common.cs(87,75): error CS0518: Predefined type 'System.Int32' is not defined or imported
C:\gh\azure-sdk-for-net\sdk\azurestack\Microsoft.AzureStack.Management.InfrastructureInsights.Admin\tests\src\ResourceHealthTests.cs(81,10): error CS0518: Predefined type 'System.Object' is not defined or imported
C:\gh\azure-sdk-for-net\sdk\azurestack\Microsoft.AzureStack.Management.InfrastructureInsights.Admin\tests\src\ResourceHealthTests.cs(81,10): error CS0246: The type or namespace name 'FactAttribute' could not be found (are you missing a using directive or an assembly reference?)
C:\gh\azure-sdk-for-net\sdk\azurestack\Microsoft.AzureStack.Management.InfrastructureInsights.Admin\tests\src\ResourceHealthTests.cs(81,10): error CS0246: The type or namespace name 'Fact' could not be found (are you missing a using directive or an assembly reference?)
C:\gh\azure-sdk-for-net\sdk\azurestack\Microsoft.AzureStack.Management.InfrastructureInsights.Admin\tests\src\Helpers\RecordedDelegatingHandler.cs(39,57): error CS0518: Predefined type 'System.Void' is not defined or imported
C:\gh\azure-sdk-for-net\sdk\azurestack\Microsoft.AzureStack.Management.InfrastructureInsights.Admin\tests\src\Helpers\Common.cs(87,91): error CS0518: Predefined type 'System.Int32' is not defined or imported
C:\gh\azure-sdk-for-net\sdk\azurestack\Microsoft.AzureStack.Management.InfrastructureInsights.Admin\tests\src\Helpers\Common.cs(87,97): error CS0518: Predefined type 'System.Object' is not defined or imported
C:\gh\azure-sdk-for-net\sdk\azurestack\Microsoft.AzureStack.Management.InfrastructureInsights.Admin\tests\src\AlertTests.cs(192,10): error CS0518: Predefined type 'System.Object' is not defined or imported
C:\gh\azure-sdk-for-net\sdk\azurestack\Microsoft.AzureStack.Management.InfrastructureInsights.Admin\tests\src\AlertTests.cs(192,10): error CS0246: The type or namespace name 'FactAttribute' could not be found (are you missing a using directive or an assembly reference?)
C:\gh\azure-sdk-for-net\sdk\azurestack\Microsoft.AzureStack.Management.InfrastructureInsights.Admin\tests\src\AlertTests.cs(192,10): error CS0246: The type or namespace name 'Fact' could not be found (are you missing a using directive or an assembly reference?)
C:\gh\azure-sdk-for-net\sdk\azurestack\Microsoft.AzureStack.Management.InfrastructureInsights.Admin\tests\src\AlertTests.cs(192,15): error CS0246: The type or namespace name 'Skip' could not be found (are you missing a using directive or an assembly reference?)
C:\gh\azure-sdk-for-net\sdk\azurestack\Microsoft.AzureStack.Management.InfrastructureInsights.Admin\tests\src\AlertTests.cs(192,21): error CS0518: Predefined type 'System.String' is not defined or imported
C:\gh\azure-sdk-for-net\sdk\azurestack\Microsoft.AzureStack.Management.InfrastructureInsights.Admin\tests\src\ServiceHealthTests.cs(55,10): error CS0518: Predefined type 'System.Object' is not defined or imported
C:\gh\azure-sdk-for-net\sdk\azurestack\Microsoft.AzureStack.Management.InfrastructureInsights.Admin\tests\src\ServiceHealthTests.cs(55,10): error CS0246: The type or namespace name 'FactAttribute' could not be found (are you missing a using directive or an assembly reference?)
C:\gh\azure-sdk-for-net\sdk\azurestack\Microsoft.AzureStack.Management.InfrastructureInsights.Admin\tests\src\ServiceHealthTests.cs(55,10): error CS0246: The type or namespace name 'Fact' could not be found (are you missing a using directive or an assembly reference?)
C:\gh\azure-sdk-for-net\sdk\azurestack\Microsoft.AzureStack.Management.InfrastructureInsights.Admin\tests\src\Helpers\Common.cs(107,78): error CS0518: Predefined type 'System.Int32' is not defined or imported
C:\gh\azure-sdk-for-net\sdk\azurestack\Microsoft.AzureStack.Management.InfrastructureInsights.Admin\tests\src\ResourceHealthTests.cs(99,10): error CS0518: Predefined type 'System.Object' is not defined or imported
C:\gh\azure-sdk-for-net\sdk\azurestack\Microsoft.AzureStack.Management.InfrastructureInsights.Admin\tests\src\ResourceHealthTests.cs(99,10): error CS0246: The type or namespace name 'FactAttribute' could not be found (are you missing a using directive or an assembly reference?)
C:\gh\azure-sdk-for-net\sdk\azurestack\Microsoft.AzureStack.Management.InfrastructureInsights.Admin\tests\src\ResourceHealthTests.cs(99,10): error CS0246: The type or namespace name 'Fact' could not be found (are you missing a using directive or an assembly reference?)
C:\gh\azure-sdk-for-net\sdk\azurestack\Microsoft.AzureStack.Management.InfrastructureInsights.Admin\tests\src\ServiceHealthTests.cs(70,10): error CS0518: Predefined type 'System.Object' is not defined or imported
C:\gh\azure-sdk-for-net\sdk\azurestack\Microsoft.AzureStack.Management.InfrastructureInsights.Admin\tests\src\ServiceHealthTests.cs(70,10): error CS0246: The type or namespace name 'FactAttribute' could not be found (are you missing a using directive or an assembly reference?)
C:\gh\azure-sdk-for-net\sdk\azurestack\Microsoft.AzureStack.Management.InfrastructureInsights.Admin\tests\src\ServiceHealthTests.cs(70,10): error CS0246: The type or namespace name 'Fact' could not be found (are you missing a using directive or an assembly reference?)
C:\gh\azure-sdk-for-net\sdk\azurestack\Microsoft.AzureStack.Management.InfrastructureInsights.Admin\tests\src\Helpers\Common.cs(107,94): error CS0518: Predefined type 'System.Int32' is not defined or imported
C:\gh\azure-sdk-for-net\sdk\azurestack\Microsoft.AzureStack.Management.InfrastructureInsights.Admin\tests\src\Helpers\Common.cs(107,100): error CS0518: Predefined type 'System.Object' is not defined or imported
C:\gh\azure-sdk-for-net\sdk\azurestack\Microsoft.AzureStack.Management.InfrastructureInsights.Admin\tests\src\ResourceHealthTests.cs(123,10): error CS0518: Predefined type 'System.Object' is not defined or imported
C:\gh\azure-sdk-for-net\sdk\azurestack\Microsoft.AzureStack.Management.InfrastructureInsights.Admin\tests\src\ResourceHealthTests.cs(123,10): error CS0246: The type or namespace name 'FactAttribute' could not be found (are you missing a using directive or an assembly reference?)
C:\gh\azure-sdk-for-net\sdk\azurestack\Microsoft.AzureStack.Management.InfrastructureInsights.Admin\tests\src\ResourceHealthTests.cs(123,10): error CS0246: The type or namespace name 'Fact' could not be found (are you missing a using directive or an assembly reference?)
C:\gh\azure-sdk-for-net\sdk\azurestack\Microsoft.AzureStack.Management.InfrastructureInsights.Admin\tests\src\Helpers\RecordedDelegatingHandler.cs(41,67): error CS0518: Predefined type 'System.Void' is not defined or imported
C:\gh\azure-sdk-for-net\sdk\azurestack\Microsoft.AzureStack.Management.InfrastructureInsights.Admin\tests\src\Helpers\Common.cs(119,119): error CS0518: Predefined type 'System.Object' is not defined or imported
C:\gh\azure-sdk-for-net\sdk\azurestack\Microsoft.AzureStack.Management.InfrastructureInsights.Admin\tests\src\Helpers\Common.cs(119,119): error CS0246: The type or namespace name 'Action<>' could not be found (are you missing a using directive or an assembly reference?)
C:\gh\azure-sdk-for-net\sdk\azurestack\Microsoft.AzureStack.Management.InfrastructureInsights.Admin\tests\src\Helpers\RecordedDelegatingHandler.cs(43,38): error CS0518: Predefined type 'System.Void' is not defined or imported
C:\gh\azure-sdk-for-net\sdk\azurestack\Microsoft.AzureStack.Management.InfrastructureInsights.Admin\tests\src\Helpers\RecordedDelegatingHandler.cs(45,57): error CS0518: Predefined type 'System.Void' is not defined or imported
C:\gh\azure-sdk-for-net\sdk\azurestack\Microsoft.AzureStack.Management.InfrastructureInsights.Admin\tests\src\Helpers\RecordedDelegatingHandler.cs(47,57): error CS0518: Predefined type 'System.Void' is not defined or imported
C:\gh\azure-sdk-for-net\sdk\azurestack\Microsoft.AzureStack.Management.InfrastructureInsights.Admin\tests\src\Helpers\RecordedDelegatingHandler.cs(49,41): error CS0518: Predefined type 'System.Void' is not defined or imported
C:\gh\azure-sdk-for-net\sdk\azurestack\Microsoft.AzureStack.Management.InfrastructureInsights.Admin\tests\src\Helpers\RecordedDelegatingHandler.cs(51,31): error CS0518: Predefined type 'System.Void' is not defined or imported
C:\gh\azure-sdk-for-net\sdk\azurestack\Microsoft.AzureStack.Management.InfrastructureInsights.Admin\tests\src\Helpers\RecordedDelegatingHandler.cs(53,42): error CS0518: Predefined type 'System.Void' is not defined or imported
C:\gh\azure-sdk-for-net\sdk\azurestack\Microsoft.AzureStack.Management.InfrastructureInsights.Admin\tests\src\Helpers\RecordedDelegatingHandler.cs(39,16): error CS0518: Predefined type 'System.Object' is not defined or imported
C:\gh\azure-sdk-for-net\sdk\azurestack\Microsoft.AzureStack.Management.InfrastructureInsights.Admin\tests\src\Helpers\RecordedDelegatingHandler.cs(39,16): error CS0246: The type or namespace name 'HttpStatusCode' could not be found (are you missing a using directive or an assembly reference?)
C:\gh\azure-sdk-for-net\sdk\azurestack\Microsoft.AzureStack.Management.InfrastructureInsights.Admin\tests\src\Helpers\RecordedDelegatingHandler.cs(41,16): error CS0518: Predefined type 'System.Object' is not defined or imported
C:\gh\azure-sdk-for-net\sdk\azurestack\Microsoft.AzureStack.Management.InfrastructureInsights.Admin\tests\src\Helpers\RecordedDelegatingHandler.cs(41,16): error CS0246: The type or namespace name 'HttpStatusCode' could not be found (are you missing a using directive or an assembly reference?)
C:\gh\azure-sdk-for-net\sdk\azurestack\Microsoft.AzureStack.Management.InfrastructureInsights.Admin\tests\src\Helpers\RecordedDelegatingHandler.cs(43,16): error CS0518: Predefined type 'System.String' is not defined or imported
C:\gh\azure-sdk-for-net\sdk\azurestack\Microsoft.AzureStack.Management.InfrastructureInsights.Admin\tests\src\Helpers\RecordedDelegatingHandler.cs(45,16): error CS0518: Predefined type 'System.Object' is not defined or imported
C:\gh\azure-sdk-for-net\sdk\azurestack\Microsoft.AzureStack.Management.InfrastructureInsights.Admin\tests\src\Helpers\RecordedDelegatingHandler.cs(45,16): error CS0246: The type or namespace name 'HttpRequestHeaders' could not be found (are you missing a using directive or an assembly reference?)
C:\gh\azure-sdk-for-net\sdk\azurestack\Microsoft.AzureStack.Management.InfrastructureInsights.Admin\tests\src\Helpers\RecordedDelegatingHandler.cs(47,16): error CS0518: Predefined type 'System.Object' is not defined or imported
C:\gh\azure-sdk-for-net\sdk\azurestack\Microsoft.AzureStack.Management.InfrastructureInsights.Admin\tests\src\Helpers\RecordedDelegatingHandler.cs(47,16): error CS0246: The type or namespace name 'HttpContentHeaders' could not be found (are you missing a using directive or an assembly reference?)
C:\gh\azure-sdk-for-net\sdk\azurestack\Microsoft.AzureStack.Management.InfrastructureInsights.Admin\tests\src\Helpers\RecordedDelegatingHandler.cs(49,16): error CS0518: Predefined type 'System.Object' is not defined or imported
C:\gh\azure-sdk-for-net\sdk\azurestack\Microsoft.AzureStack.Management.InfrastructureInsights.Admin\tests\src\Helpers\RecordedDelegatingHandler.cs(49,16): error CS0246: The type or namespace name 'HttpMethod' could not be found (are you missing a using directive or an assembly reference?)
C:\gh\azure-sdk-for-net\sdk\azurestack\Microsoft.AzureStack.Management.InfrastructureInsights.Admin\tests\src\Helpers\RecordedDelegatingHandler.cs(51,16): error CS0518: Predefined type 'System.Object' is not defined or imported
C:\gh\azure-sdk-for-net\sdk\azurestack\Microsoft.AzureStack.Management.InfrastructureInsights.Admin\tests\src\Helpers\RecordedDelegatingHandler.cs(51,16): error CS0246: The type or namespace name 'Uri' could not be found (are you missing a using directive or an assembly reference?)
C:\gh\azure-sdk-for-net\sdk\azurestack\Microsoft.AzureStack.Management.InfrastructureInsights.Admin\tests\src\Helpers\RecordedDelegatingHandler.cs(53,16): error CS0518: Predefined type 'System.Boolean' is not defined or imported
C:\gh\azure-sdk-for-net\sdk\azurestack\Microsoft.AzureStack.Management.InfrastructureInsights.Admin\tests\src\Helpers\Common.cs(41,20): error CS0518: Predefined type 'System.Object' is not defined or imported
C:\gh\azure-sdk-for-net\sdk\azurestack\Microsoft.AzureStack.Management.InfrastructureInsights.Admin\tests\src\Helpers\Common.cs(41,54): error CS0518: Predefined type 'System.Object' is not defined or imported
C:\gh\azure-sdk-for-net\sdk\azurestack\Microsoft.AzureStack.Management.InfrastructureInsights.Admin\tests\src\Helpers\Common.cs(41,54): error CS0246: The type or namespace name 'Uri' could not be found (are you missing a using directive or an assembly reference?)
C:\gh\azure-sdk-for-net\sdk\azurestack\Microsoft.AzureStack.Management.InfrastructureInsights.Admin\tests\src\Helpers\RecordedDelegatingHandler.cs(25,34): error CS0518: Predefined type 'System.Object' is not defined or imported
C:\gh\azure-sdk-for-net\sdk\azurestack\Microsoft.AzureStack.Management.InfrastructureInsights.Admin\tests\src\Helpers\RecordedDelegatingHandler.cs(25,34): error CS0103: The name 'HttpStatusCode' does not exist in the current context
C:\gh\azure-sdk-for-net\sdk\azurestack\Microsoft.AzureStack.Management.InfrastructureInsights.Admin\tests\src\Helpers\Common.cs(209,20): error CS0518: Predefined type 'System.Object' is not defined or imported
C:\gh\azure-sdk-for-net\sdk\azurestack\Microsoft.AzureStack.Management.InfrastructureInsights.Admin\tests\src\Helpers\Common.cs(209,20): error CS0246: The type or namespace name 'DateTimeOffset' could not be found (are you missing a using directive or an assembly reference?)
C:\gh\azure-sdk-for-net\sdk\azurestack\Microsoft.AzureStack.Management.InfrastructureInsights.Admin\tests\src\Helpers\Common.cs(209,105): error CS0518: Predefined type 'System.Object' is not defined or imported
C:\gh\azure-sdk-for-net\sdk\azurestack\Microsoft.AzureStack.Management.InfrastructureInsights.Admin\tests\src\Helpers\Common.cs(209,105): error CS0103: The name 'TimeSpan' does not exist in the current context
C:\gh\azure-sdk-for-net\sdk\azurestack\Microsoft.AzureStack.Management.InfrastructureInsights.Admin\tests\src\ServiceHealthTests.cs(17,17): error CS0246: The type or namespace name 'IResource' could not be found (are you missing a using directive or an assembly reference?)
C:\gh\azure-sdk-for-net\sdk\azurestack\Microsoft.AzureStack.Management.InfrastructureInsights.Admin\tests\src\ServiceHealthTests.cs(17,17): error CS0518: Predefined type 'System.Boolean' is not defined or imported
C:\gh\azure-sdk-for-net\sdk\azurestack\Microsoft.AzureStack.Management.InfrastructureInsights.Admin\tests\src\ServiceHealthTests.cs(19,17): error CS0518: Predefined type 'System.Object' is not defined or imported
C:\gh\azure-sdk-for-net\sdk\azurestack\Microsoft.AzureStack.Management.InfrastructureInsights.Admin\tests\src\ServiceHealthTests.cs(19,17): error CS0103: The name 'Assert' does not exist in the current context
C:\gh\azure-sdk-for-net\sdk\azurestack\Microsoft.AzureStack.Management.InfrastructureInsights.Admin\tests\src\ServiceHealthTests.cs(23,17): error CS0518: Predefined type 'System.Object' is not defined or imported
C:\gh\azure-sdk-for-net\sdk\azurestack\Microsoft.AzureStack.Management.InfrastructureInsights.Admin\tests\src\ServiceHealthTests.cs(23,17): error CS0103: The name 'Assert' does not exist in the current context
C:\gh\azure-sdk-for-net\sdk\azurestack\Microsoft.AzureStack.Management.InfrastructureInsights.Admin\tests\src\ServiceHealthTests.cs(23,29): error CS0518: Predefined type 'System.Object' is not defined or imported
C:\gh\azure-sdk-for-net\sdk\azurestack\Microsoft.AzureStack.Management.InfrastructureInsights.Admin\tests\src\ServiceHealthTests.cs(23,58): error CS0518: Predefined type 'System.Object' is not defined or imported
C:\gh\azure-sdk-for-net\sdk\azurestack\Microsoft.AzureStack.Management.InfrastructureInsights.Admin\tests\src\Helpers\RecordedDelegatingHandler.cs(34,34): error CS0518: Predefined type 'System.Object' is not defined or imported
C:\gh\azure-sdk-for-net\sdk\azurestack\Microsoft.AzureStack.Management.InfrastructureInsights.Admin\tests\src\Helpers\RecordedDelegatingHandler.cs(34,34): error CS0103: The name 'HttpStatusCode' does not exist in the current context
C:\gh\azure-sdk-for-net\sdk\azurestack\Microsoft.AzureStack.Management.InfrastructureInsights.Admin\tests\src\Helpers\Common.cs(217,31): error CS0518: Predefined type 'System.Object' is not defined or imported
C:\gh\azure-sdk-for-net\sdk\azurestack\Microsoft.AzureStack.Management.InfrastructureInsights.Admin\tests\src\Helpers\Common.cs(217,31): error CS0103: The name 'TimeSpan' does not exist in the current context
C:\gh\azure-sdk-for-net\sdk\azurestack\Microsoft.AzureStack.Management.InfrastructureInsights.Admin\tests\src\Helpers\Common.cs(217,49): error CS0518: Predefined type 'System.Int32' is not defined or imported
C:\gh\azure-sdk-for-net\sdk\azurestack\Microsoft.AzureStack.Management.InfrastructureInsights.Admin\tests\src\Helpers\Common.cs(226,20): error CS0518: Predefined type 'System.Object' is not defined or imported
C:\gh\azure-sdk-for-net\sdk\azurestack\Microsoft.AzureStack.Management.InfrastructureInsights.Admin\tests\src\Helpers\Common.cs(226,20): error CS0246: The type or namespace name 'DateTimeOffset' could not be found (are you missing a using directive or an assembly reference?)
C:\gh\azure-sdk-for-net\sdk\azurestack\Microsoft.AzureStack.Management.InfrastructureInsights.Admin\tests\src\Helpers\Common.cs(53,31): error CS0518: Predefined type 'System.Object' is not defined or imported
C:\gh\azure-sdk-for-net\sdk\azurestack\Microsoft.AzureStack.Management.InfrastructureInsights.Admin\tests\src\Helpers\Common.cs(53,31): error CS0246: The type or namespace name 'HttpRequestMessage' could not be found (are you missing a using directive or an assembly reference?)
C:\gh\azure-sdk-for-net\sdk\azurestack\Microsoft.AzureStack.Management.InfrastructureInsights.Admin\tests\src\Helpers\Common.cs(53,50): error CS0518: Predefined type 'System.Object' is not defined or imported
C:\gh\azure-sdk-for-net\sdk\azurestack\Microsoft.AzureStack.Management.InfrastructureInsights.Admin\tests\src\Helpers\Common.cs(53,50): error CS0103: The name 'HttpMethod' does not exist in the current context
C:\gh\azure-sdk-for-net\sdk\azurestack\Microsoft.AzureStack.Management.InfrastructureInsights.Admin\tests\src\Helpers\Common.cs(54,52): error CS0518: Predefined type 'System.Object' is not defined or imported
C:\gh\azure-sdk-for-net\sdk\azurestack\Microsoft.AzureStack.Management.InfrastructureInsights.Admin\tests\src\Helpers\Common.cs(54,52): error CS0103: The name 'System' does not exist in the current context
C:\gh\azure-sdk-for-net\sdk\azurestack\Microsoft.AzureStack.Management.InfrastructureInsights.Admin\tests\src\SupportedOperationTests.cs(16,13): error CS0518: Predefined type 'System.Object' is not defined or imported
C:\gh\azure-sdk-for-net\sdk\azurestack\Microsoft.AzureStack.Management.InfrastructureInsights.Admin\tests\src\SupportedOperationTests.cs(16,13): error CS0103: The name 'Assert' does not exist in the current context
C:\gh\azure-sdk-for-net\sdk\azurestack\Microsoft.AzureStack.Management.InfrastructureInsights.Admin\tests\src\SupportedOperationTests.cs(18,13): error CS0518: Predefined type 'System.Object' is not defined or imported
C:\gh\azure-sdk-for-net\sdk\azurestack\Microsoft.AzureStack.Management.InfrastructureInsights.Admin\tests\src\SupportedOperationTests.cs(18,13): error CS0103: The name 'Assert' does not exist in the current context
C:\gh\azure-sdk-for-net\sdk\azurestack\Microsoft.AzureStack.Management.InfrastructureInsights.Admin\tests\src\SupportedOperationTests.cs(18,36): error CS0518: Predefined type 'System.String' is not defined or imported
C:\gh\azure-sdk-for-net\sdk\azurestack\Microsoft.AzureStack.Management.InfrastructureInsights.Admin\tests\src\SupportedOperationTests.cs(19,13): error CS0518: Predefined type 'System.Object' is not defined or imported
C:\gh\azure-sdk-for-net\sdk\azurestack\Microsoft.AzureStack.Management.InfrastructureInsights.Admin\tests\src\SupportedOperationTests.cs(19,13): error CS0103: The name 'Assert' does not exist in the current context
C:\gh\azure-sdk-for-net\sdk\azurestack\Microsoft.AzureStack.Management.InfrastructureInsights.Admin\tests\src\SupportedOperationTests.cs(19,36): error CS0518: Predefined type 'System.String' is not defined or imported
C:\gh\azure-sdk-for-net\sdk\azurestack\Microsoft.AzureStack.Management.InfrastructureInsights.Admin\tests\src\SupportedOperationTests.cs(20,13): error CS0518: Predefined type 'System.Object' is not defined or imported
C:\gh\azure-sdk-for-net\sdk\azurestack\Microsoft.AzureStack.Management.InfrastructureInsights.Admin\tests\src\SupportedOperationTests.cs(20,13): error CS0103: The name 'Assert' does not exist in the current context
C:\gh\azure-sdk-for-net\sdk\azurestack\Microsoft.AzureStack.Management.InfrastructureInsights.Admin\tests\src\SupportedOperationTests.cs(20,36): error CS0518: Predefined type 'System.String' is not defined or imported
C:\gh\azure-sdk-for-net\sdk\azurestack\Microsoft.AzureStack.Management.InfrastructureInsights.Admin\tests\src\SupportedOperationTests.cs(21,13): error CS0518: Predefined type 'System.Object' is not defined or imported
C:\gh\azure-sdk-for-net\sdk\azurestack\Microsoft.AzureStack.Management.InfrastructureInsights.Admin\tests\src\SupportedOperationTests.cs(21,13): error CS0103: The name 'Assert' does not exist in the current context
C:\gh\azure-sdk-for-net\sdk\azurestack\Microsoft.AzureStack.Management.InfrastructureInsights.Admin\tests\src\SupportedOperationTests.cs(21,36): error CS0518: Predefined type 'System.String' is not defined or imported
C:\gh\azure-sdk-for-net\sdk\azurestack\Microsoft.AzureStack.Management.InfrastructureInsights.Admin\tests\InfrastructureInsightsCommon.cs(14,17): error CS0246: The type or namespace name 'IResource' could not be found (are you missing a using directive or an assembly reference?)
C:\gh\azure-sdk-for-net\sdk\azurestack\Microsoft.AzureStack.Management.InfrastructureInsights.Admin\tests\InfrastructureInsightsCommon.cs(14,17): error CS0518: Predefined type 'System.Boolean' is not defined or imported
C:\gh\azure-sdk-for-net\sdk\azurestack\Microsoft.AzureStack.Management.InfrastructureInsights.Admin\tests\InfrastructureInsightsCommon.cs(14,42): error CS0246: The type or namespace name 'IResource' could not be found (are you missing a using directive or an assembly reference?)
C:\gh\azure-sdk-for-net\sdk\azurestack\Microsoft.AzureStack.Management.InfrastructureInsights.Admin\tests\InfrastructureInsightsCommon.cs(15,29): error CS0518: Predefined type 'System.String' is not defined or imported
C:\gh\azure-sdk-for-net\sdk\azurestack\Microsoft.AzureStack.Management.InfrastructureInsights.Admin\tests\InfrastructureInsightsCommon.cs(15,41): error CS0518: Predefined type 'System.String' is not defined or imported
C:\gh\azure-sdk-for-net\sdk\azurestack\Microsoft.AzureStack.Management.InfrastructureInsights.Admin\tests\InfrastructureInsightsCommon.cs(15,20): error CS0518: Predefined type 'System.Boolean' is not defined or imported
C:\gh\azure-sdk-for-net\sdk\azurestack\Microsoft.AzureStack.Management.InfrastructureInsights.Admin\tests\InfrastructureInsightsCommon.cs(16,26): error CS0518: Predefined type 'System.String' is not defined or imported
C:\gh\azure-sdk-for-net\sdk\azurestack\Microsoft.AzureStack.Management.InfrastructureInsights.Admin\tests\InfrastructureInsightsCommon.cs(16,44): error CS0518: Predefined type 'System.String' is not defined or imported
C:\gh\azure-sdk-for-net\sdk\azurestack\Microsoft.AzureStack.Management.InfrastructureInsights.Admin\tests\InfrastructureInsightsCommon.cs(16,17): error CS0518: Predefined type 'System.Boolean' is not defined or imported
C:\gh\azure-sdk-for-net\sdk\azurestack\Microsoft.AzureStack.Management.InfrastructureInsights.Admin\tests\InfrastructureInsightsCommon.cs(17,26): error CS0518: Predefined type 'System.String' is not defined or imported
C:\gh\azure-sdk-for-net\sdk\azurestack\Microsoft.AzureStack.Management.InfrastructureInsights.Admin\tests\InfrastructureInsightsCommon.cs(17,40): error CS0518: Predefined type 'System.String' is not defined or imported
C:\gh\azure-sdk-for-net\sdk\azurestack\Microsoft.AzureStack.Management.InfrastructureInsights.Admin\tests\InfrastructureInsightsCommon.cs(17,17): error CS0518: Predefined type 'System.Boolean' is not defined or imported
C:\gh\azure-sdk-for-net\sdk\azurestack\Microsoft.AzureStack.Management.InfrastructureInsights.Admin\tests\InfrastructureInsightsCommon.cs(18,26): error CS0518: Predefined type 'System.String' is not defined or imported
C:\gh\azure-sdk-for-net\sdk\azurestack\Microsoft.AzureStack.Management.InfrastructureInsights.Admin\tests\InfrastructureInsightsCommon.cs(18,40): error CS0518: Predefined type 'System.String' is not defined or imported
C:\gh\azure-sdk-for-net\sdk\azurestack\Microsoft.AzureStack.Management.InfrastructureInsights.Admin\tests\InfrastructureInsightsCommon.cs(18,17): error CS0518: Predefined type 'System.Boolean' is not defined or imported
C:\gh\azure-sdk-for-net\sdk\azurestack\Microsoft.AzureStack.Management.InfrastructureInsights.Admin\tests\src\Helpers\Common.cs(251,13): error CS0518: Predefined type 'System.Boolean' is not defined or imported
C:\gh\azure-sdk-for-net\sdk\azurestack\Microsoft.AzureStack.Management.InfrastructureInsights.Admin\tests\src\Helpers\Common.cs(251,13): error CS0518: Predefined type 'System.Boolean' is not defined or imported
C:\gh\azure-sdk-for-net\sdk\azurestack\Microsoft.AzureStack.Management.InfrastructureInsights.Admin\tests\InfrastructureInsightsCommon.cs(22,20): error CS0246: The type or namespace name 'IResource' could not be found (are you missing a using directive or an assembly reference?)
C:\gh\azure-sdk-for-net\sdk\azurestack\Microsoft.AzureStack.Management.InfrastructureInsights.Admin\tests\InfrastructureInsightsCommon.cs(23,26): error CS0518: Predefined type 'System.String' is not defined or imported
C:\gh\azure-sdk-for-net\sdk\azurestack\Microsoft.AzureStack.Management.InfrastructureInsights.Admin\tests\InfrastructureInsightsCommon.cs(23,17): error CS0518: Predefined type 'System.Boolean' is not defined or imported
C:\gh\azure-sdk-for-net\sdk\azurestack\Microsoft.AzureStack.Management.InfrastructureInsights.Admin\tests\InfrastructureInsightsCommon.cs(24,26): error CS0518: Predefined type 'System.String' is not defined or imported
C:\gh\azure-sdk-for-net\sdk\azurestack\Microsoft.AzureStack.Management.InfrastructureInsights.Admin\tests\InfrastructureInsightsCommon.cs(24,17): error CS0518: Predefined type 'System.Boolean' is not defined or imported
C:\gh\azure-sdk-for-net\sdk\azurestack\Microsoft.AzureStack.Management.InfrastructureInsights.Admin\tests\InfrastructureInsightsCommon.cs(25,26): error CS0518: Predefined type 'System.String' is not defined or imported
C:\gh\azure-sdk-for-net\sdk\azurestack\Microsoft.AzureStack.Management.InfrastructureInsights.Admin\tests\InfrastructureInsightsCommon.cs(25,17): error CS0518: Predefined type 'System.Boolean' is not defined or imported
C:\gh\azure-sdk-for-net\sdk\azurestack\Microsoft.AzureStack.Management.InfrastructureInsights.Admin\tests\InfrastructureInsightsCommon.cs(26,26): error CS0518: Predefined type 'System.String' is not defined or imported
C:\gh\azure-sdk-for-net\sdk\azurestack\Microsoft.AzureStack.Management.InfrastructureInsights.Admin\tests\InfrastructureInsightsCommon.cs(26,17): error CS0518: Predefined type 'System.Boolean' is not defined or imported
C:\gh\azure-sdk-for-net\sdk\azurestack\Microsoft.AzureStack.Management.InfrastructureInsights.Admin\tests\InfrastructureInsightsCommon.cs(10,11): error CS1729: 'object' does not contain a constructor that takes 0 arguments
C:\gh\azure-sdk-for-net\sdk\azurestack\Microsoft.AzureStack.Management.InfrastructureInsights.Admin\tests\src\RegionHealthTests.cs(16,17): error CS0246: The type or namespace name 'IResource' could not be found (are you missing a using directive or an assembly reference?)
C:\gh\azure-sdk-for-net\sdk\azurestack\Microsoft.AzureStack.Management.InfrastructureInsights.Admin\tests\src\RegionHealthTests.cs(16,17): error CS0518: Predefined type 'System.Boolean' is not defined or imported
C:\gh\azure-sdk-for-net\sdk\azurestack\Microsoft.AzureStack.Management.InfrastructureInsights.Admin\tests\src\RegionHealthTests.cs(18,17): error CS0518: Predefined type 'System.Object' is not defined or imported
C:\gh\azure-sdk-for-net\sdk\azurestack\Microsoft.AzureStack.Management.InfrastructureInsights.Admin\tests\src\RegionHealthTests.cs(18,17): error CS0103: The name 'Assert' does not exist in the current context
C:\gh\azure-sdk-for-net\sdk\azurestack\Microsoft.AzureStack.Management.InfrastructureInsights.Admin\tests\src\RegionHealthTests.cs(22,17): error CS0518: Predefined type 'System.Object' is not defined or imported
C:\gh\azure-sdk-for-net\sdk\azurestack\Microsoft.AzureStack.Management.InfrastructureInsights.Admin\tests\src\RegionHealthTests.cs(22,17): error CS0103: The name 'Assert' does not exist in the current context
C:\gh\azure-sdk-for-net\sdk\azurestack\Microsoft.AzureStack.Management.InfrastructureInsights.Admin\tests\src\RegionHealthTests.cs(22,29): error CS0518: Predefined type 'System.Object' is not defined or imported
C:\gh\azure-sdk-for-net\sdk\azurestack\Microsoft.AzureStack.Management.InfrastructureInsights.Admin\tests\src\RegionHealthTests.cs(22,58): error CS0518: Predefined type 'System.Object' is not defined or imported
C:\gh\azure-sdk-for-net\sdk\azurestack\Microsoft.AzureStack.Management.InfrastructureInsights.Admin\tests\src\RegionHealthTests.cs(23,17): error CS0518: Predefined type 'System.Object' is not defined or imported
C:\gh\azure-sdk-for-net\sdk\azurestack\Microsoft.AzureStack.Management.InfrastructureInsights.Admin\tests\src\RegionHealthTests.cs(23,17): error CS0103: The name 'Assert' does not exist in the current context
C:\gh\azure-sdk-for-net\sdk\azurestack\Microsoft.AzureStack.Management.InfrastructureInsights.Admin\tests\src\RegionHealthTests.cs(23,52): error CS0518: Predefined type 'System.Nullable`1' is not defined or imported
C:\gh\azure-sdk-for-net\sdk\azurestack\Microsoft.AzureStack.Management.InfrastructureInsights.Admin\tests\src\RegionHealthTests.cs(23,91): error CS0518: Predefined type 'System.Nullable`1' is not defined or imported
C:\gh\azure-sdk-for-net\sdk\azurestack\Microsoft.AzureStack.Management.InfrastructureInsights.Admin\tests\src\RegionHealthTests.cs(24,17): error CS0518: Predefined type 'System.Object' is not defined or imported
C:\gh\azure-sdk-for-net\sdk\azurestack\Microsoft.AzureStack.Management.InfrastructureInsights.Admin\tests\src\RegionHealthTests.cs(24,17): error CS0103: The name 'Assert' does not exist in the current context
C:\gh\azure-sdk-for-net\sdk\azurestack\Microsoft.AzureStack.Management.InfrastructureInsights.Admin\tests\src\RegionHealthTests.cs(24,52): error CS0518: Predefined type 'System.Nullable`1' is not defined or imported
C:\gh\azure-sdk-for-net\sdk\azurestack\Microsoft.AzureStack.Management.InfrastructureInsights.Admin\tests\src\RegionHealthTests.cs(24,90): error CS0518: Predefined type 'System.Nullable`1' is not defined or imported
C:\gh\azure-sdk-for-net\sdk\azurestack\Microsoft.AzureStack.Management.InfrastructureInsights.Admin\tests\src\RegionHealthTests.cs(26,17): error CS0518: Predefined type 'System.Object' is not defined or imported
C:\gh\azure-sdk-for-net\sdk\azurestack\Microsoft.AzureStack.Management.InfrastructureInsights.Admin\tests\src\RegionHealthTests.cs(26,17): error CS0103: The name 'Assert' does not exist in the current context
C:\gh\azure-sdk-for-net\sdk\azurestack\Microsoft.AzureStack.Management.InfrastructureInsights.Admin\tests\src\RegionHealthTests.cs(26,39): error CS0246: The type or namespace name 'IList<>' could not be found (are you missing a using directive or an assembly reference?)
C:\gh\azure-sdk-for-net\sdk\azurestack\Microsoft.AzureStack.Management.InfrastructureInsights.Admin\tests\src\RegionHealthTests.cs(26,65): error CS0246: The type or namespace name 'IList<>' could not be found (are you missing a using directive or an assembly reference?)
C:\gh\azure-sdk-for-net\sdk\azurestack\Microsoft.AzureStack.Management.InfrastructureInsights.Admin\tests\src\Helpers\Common.cs(65,13): error CS0518: Predefined type 'System.Object' is not defined or imported
C:\gh\azure-sdk-for-net\sdk\azurestack\Microsoft.AzureStack.Management.InfrastructureInsights.Admin\tests\src\Helpers\Common.cs(65,13): error CS0246: The type or namespace name 'StringBuilder' could not be found (are you missing a using directive or an assembly reference?)
C:\gh\azure-sdk-for-net\sdk\azurestack\Microsoft.AzureStack.Management.InfrastructureInsights.Admin\tests\src\Helpers\Common.cs(65,36): error CS0518: Predefined type 'System.Object' is not defined or imported
C:\gh\azure-sdk-for-net\sdk\azurestack\Microsoft.AzureStack.Management.InfrastructureInsights.Admin\tests\src\Helpers\Common.cs(65,36): error CS0246: The type or namespace name 'StringBuilder' could not be found (are you missing a using directive or an assembly reference?)
C:\gh\azure-sdk-for-net\sdk\azurestack\Microsoft.AzureStack.Management.InfrastructureInsights.Admin\tests\src\Helpers\Common.cs(66,17): error CS0518: Predefined type 'System.Boolean' is not defined or imported
C:\gh\azure-sdk-for-net\sdk\azurestack\Microsoft.AzureStack.Management.InfrastructureInsights.Admin\tests\src\Helpers\Common.cs(68,27): error CS0518: Predefined type 'System.Object' is not defined or imported
C:\gh\azure-sdk-for-net\sdk\azurestack\Microsoft.AzureStack.Management.InfrastructureInsights.Admin\tests\src\Helpers\Common.cs(68,27): error CS0103: The name 'Guid' does not exist in the current context
C:\gh\azure-sdk-for-net\sdk\azurestack\Microsoft.AzureStack.Management.InfrastructureInsights.Admin\tests\src\Helpers\Common.cs(72,17): error CS0518: Predefined type 'System.Object' is not defined or imported
C:\gh\azure-sdk-for-net\sdk\azurestack\Microsoft.AzureStack.Management.InfrastructureInsights.Admin\tests\src\Helpers\Common.cs(72,17): error CS0246: The type or namespace name 'Random' could not be found (are you missing a using directive or an assembly reference?)
C:\gh\azure-sdk-for-net\sdk\azurestack\Microsoft.AzureStack.Management.InfrastructureInsights.Admin\tests\src\Helpers\Common.cs(72,35): error CS0518: Predefined type 'System.Object' is not defined or imported
C:\gh\azure-sdk-for-net\sdk\azurestack\Microsoft.AzureStack.Management.InfrastructureInsights.Admin\tests\src\Helpers\Common.cs(72,35): error CS0246: The type or namespace name 'Random' could not be found (are you missing a using directive or an assembly reference?)
C:\gh\azure-sdk-for-net\sdk\azurestack\Microsoft.AzureStack.Management.InfrastructureInsights.Admin\tests\src\Helpers\Common.cs(73,22): error CS0518: Predefined type 'System.Int32' is not defined or imported
C:\gh\azure-sdk-for-net\sdk\azurestack\Microsoft.AzureStack.Management.InfrastructureInsights.Admin\tests\src\Helpers\Common.cs(73,30): error CS0518: Predefined type 'System.Int32' is not defined or imported
C:\gh\azure-sdk-for-net\sdk\azurestack\Microsoft.AzureStack.Management.InfrastructureInsights.Admin\tests\src\Helpers\Common.cs(73,33): error CS0518: Predefined type 'System.Boolean' is not defined or imported
C:\gh\azure-sdk-for-net\sdk\azurestack\Microsoft.AzureStack.Management.InfrastructureInsights.Admin\tests\src\Helpers\Common.cs(73,33): error CS0518: Predefined type 'System.Boolean' is not defined or imported
C:\gh\azure-sdk-for-net\sdk\azurestack\Microsoft.AzureStack.Management.InfrastructureInsights.Admin\tests\src\SupportedOperationTests.cs(25,13): error CS0518: Predefined type 'System.Object' is not defined or imported
C:\gh\azure-sdk-for-net\sdk\azurestack\Microsoft.AzureStack.Management.InfrastructureInsights.Admin\tests\src\SupportedOperationTests.cs(25,13): error CS0103: The name 'Assert' does not exist in the current context
C:\gh\azure-sdk-for-net\sdk\azurestack\Microsoft.AzureStack.Management.InfrastructureInsights.Admin\tests\src\SupportedOperationTests.cs(28,13): error CS0518: Predefined type 'System.Object' is not defined or imported
C:\gh\azure-sdk-for-net\sdk\azurestack\Microsoft.AzureStack.Management.InfrastructureInsights.Admin\tests\src\SupportedOperationTests.cs(28,13): error CS0103: The name 'Assert' does not exist in the current context
C:\gh\azure-sdk-for-net\sdk\azurestack\Microsoft.AzureStack.Management.InfrastructureInsights.Admin\tests\src\SupportedOperationTests.cs(28,38): error CS0518: Predefined type 'System.String' is not defined or imported
C:\gh\azure-sdk-for-net\sdk\azurestack\Microsoft.AzureStack.Management.InfrastructureInsights.Admin\tests\src\SupportedOperationTests.cs(29,13): error CS0518: Predefined type 'System.Object' is not defined or imported
C:\gh\azure-sdk-for-net\sdk\azurestack\Microsoft.AzureStack.Management.InfrastructureInsights.Admin\tests\src\SupportedOperationTests.cs(29,13): error CS0103: The name 'Assert' does not exist in the current context
C:\gh\azure-sdk-for-net\sdk\azurestack\Microsoft.AzureStack.Management.InfrastructureInsights.Admin\tests\src\SupportedOperationTests.cs(29,29): error CS0518: Predefined type 'System.String' is not defined or imported
C:\gh\azure-sdk-for-net\sdk\azurestack\Microsoft.AzureStack.Management.InfrastructureInsights.Admin\tests\src\SupportedOperationTests.cs(29,43): error CS0518: Predefined type 'System.String' is not defined or imported
C:\gh\azure-sdk-for-net\sdk\azurestack\Microsoft.AzureStack.Management.InfrastructureInsights.Admin\tests\src\SupportedOperationTests.cs(32,13): error CS0518: Predefined type 'System.Object' is not defined or imported
C:\gh\azure-sdk-for-net\sdk\azurestack\Microsoft.AzureStack.Management.InfrastructureInsights.Admin\tests\src\Helpers\Common.cs(269,9): error CS0518: Predefined type 'System.Object' is not defined or imported
C:\gh\azure-sdk-for-net\sdk\azurestack\Microsoft.AzureStack.Management.InfrastructureInsights.Admin\tests\src\Helpers\Common.cs(269,9): error CS0246: The type or namespace name 'List<>' could not be found (are you missing a using directive or an assembly reference?)
C:\gh\azure-sdk-for-net\sdk\azurestack\Microsoft.AzureStack.Management.InfrastructureInsights.Admin\tests\src\Helpers\Common.cs(269,30): error CS0518: Predefined type 'System.Object' is not defined or imported
C:\gh\azure-sdk-for-net\sdk\azurestack\Microsoft.AzureStack.Management.InfrastructureInsights.Admin\tests\src\Helpers\Common.cs(269,30): error CS0246: The type or namespace name 'List<>' could not be found (are you missing a using directive or an assembly reference?)
C:\gh\azure-sdk-for-net\sdk\azurestack\Microsoft.AzureStack.Management.InfrastructureInsights.Admin\tests\src\Helpers\Common.cs(270,9): error CS0518: Predefined type 'System.Object' is not defined or imported
C:\gh\azure-sdk-for-net\sdk\azurestack\Microsoft.AzureStack.Management.InfrastructureInsights.Admin\tests\src\Helpers\Common.cs(270,45): error CS0518: Predefined type 'System.Object' is not defined or imported
C:\gh\azure-sdk-for-net\sdk\azurestack\Microsoft.AzureStack.Management.InfrastructureInsights.Admin\tests\src\Helpers\AzureStackTestBase.cs(47,46): error CS0518: Predefined type 'System.String' is not defined or imported
C:\gh\azure-sdk-for-net\sdk\azurestack\Microsoft.AzureStack.Management.InfrastructureInsights.Admin\tests\src\Helpers\RecordedDelegatingHandler.cs(60,17): error CS0518: Predefined type 'System.Boolean' is not defined or imported
C:\gh\azure-sdk-for-net\sdk\azurestack\Microsoft.AzureStack.Management.InfrastructureInsights.Admin\tests\src\Helpers\RecordedDelegatingHandler.cs(60,17): error CS0518: Predefined type 'System.Boolean' is not defined or imported
C:\gh\azure-sdk-for-net\sdk\azurestack\Microsoft.AzureStack.Management.InfrastructureInsights.Admin\tests\src\Helpers\RecordedDelegatingHandler.cs(62,27): error CS0518: Predefined type 'System.String' is not defined or imported
C:\gh\azure-sdk-for-net\sdk\azurestack\Microsoft.AzureStack.Management.InfrastructureInsights.Admin\tests\src\Helpers\RecordedDelegatingHandler.cs(69,17): error CS0518: Predefined type 'System.Boolean' is not defined or imported
C:\gh\azure-sdk-for-net\sdk\azurestack\Microsoft.AzureStack.Management.InfrastructureInsights.Admin\tests\src\Helpers\RecordedDelegatingHandler.cs(69,17): error CS0518: Predefined type 'System.Boolean' is not defined or imported
C:\gh\azure-sdk-for-net\sdk\azurestack\Microsoft.AzureStack.Management.InfrastructureInsights.Admin\tests\src\Helpers\RecordedDelegatingHandler.cs(77,17): error CS0518: Predefined type 'System.Boolean' is not defined or imported
C:\gh\azure-sdk-for-net\sdk\azurestack\Microsoft.AzureStack.Management.InfrastructureInsights.Admin\tests\src\Helpers\RecordedDelegatingHandler.cs(83,21): error CS0518: Predefined type 'System.Boolean' is not defined or imported
C:\gh\azure-sdk-for-net\sdk\azurestack\Microsoft.AzureStack.Management.InfrastructureInsights.Admin\tests\src\Helpers\RecordedDelegatingHandler.cs(83,53): error CS0518: Predefined type 'System.Int32' is not defined or imported
C:\gh\azure-sdk-for-net\sdk\azurestack\Microsoft.AzureStack.Management.InfrastructureInsights.Admin\tests\src\Helpers\RecordedDelegatingHandler.cs(83,42): error CS0518: Predefined type 'System.Boolean' is not defined or imported
C:\gh\azure-sdk-for-net\sdk\azurestack\Microsoft.AzureStack.Management.InfrastructureInsights.Admin\tests\src\Helpers\RecordedDelegatingHandler.cs(83,21): error CS0518: Predefined type 'System.Boolean' is not defined or imported
C:\gh\azure-sdk-for-net\sdk\azurestack\Microsoft.AzureStack.Management.InfrastructureInsights.Admin\tests\src\Helpers\RecordedDelegatingHandler.cs(90,35): error CS0518: Predefined type 'System.Int32' is not defined or imported
C:\gh\azure-sdk-for-net\sdk\azurestack\Microsoft.AzureStack.Management.InfrastructureInsights.Admin\tests\src\Helpers\RecordedDelegatingHandler.cs(90,25): error CS0518: Predefined type 'System.Boolean' is not defined or imported
C:\gh\azure-sdk-for-net\sdk\azurestack\Microsoft.AzureStack.Management.InfrastructureInsights.Admin\tests\src\Helpers\RecordedDelegatingHandler.cs(90,25): error CS0518: Predefined type 'System.Boolean' is not defined or imported
C:\gh\azure-sdk-for-net\sdk\azurestack\Microsoft.AzureStack.Management.InfrastructureInsights.Admin\tests\src\Helpers\RecordedDelegatingHandler.cs(92,21): error CS0518: Predefined type 'System.Object' is not defined or imported
C:\gh\azure-sdk-for-net\sdk\azurestack\Microsoft.AzureStack.Management.InfrastructureInsights.Admin\tests\src\Helpers\RecordedDelegatingHandler.cs(92,21): error CS0246: The type or namespace name 'HttpResponseMessage' could not be found (are you missing a using directive or an assembly reference?)
C:\gh\azure-sdk-for-net\sdk\azurestack\Microsoft.AzureStack.Management.InfrastructureInsights.Admin\tests\src\Helpers\RecordedDelegatingHandler.cs(92,56): error CS0518: Predefined type 'System.Object' is not defined or imported
C:\gh\azure-sdk-for-net\sdk\azurestack\Microsoft.AzureStack.Management.InfrastructureInsights.Admin\tests\src\Helpers\RecordedDelegatingHandler.cs(92,56): error CS0246: The type or namespace name 'HttpResponseMessage' could not be found (are you missing a using directive or an assembly reference?)
C:\gh\azure-sdk-for-net\sdk\azurestack\Microsoft.AzureStack.Management.InfrastructureInsights.Admin\tests\src\Helpers\RecordedDelegatingHandler.cs(93,44): error CS0518: Predefined type 'System.Object' is not defined or imported
C:\gh\azure-sdk-for-net\sdk\azurestack\Microsoft.AzureStack.Management.InfrastructureInsights.Admin\tests\src\Helpers\RecordedDelegatingHandler.cs(93,44): error CS0246: The type or namespace name 'StringContent' could not be found (are you missing a using directive or an assembly reference?)
C:\gh\azure-sdk-for-net\sdk\azurestack\Microsoft.AzureStack.Management.InfrastructureInsights.Admin\tests\src\Helpers\RecordedDelegatingHandler.cs(93,58): error CS0518: Predefined type 'System.String' is not defined or imported
C:\gh\azure-sdk-for-net\sdk\azurestack\Microsoft.AzureStack.Management.InfrastructureInsights.Admin\tests\src\Helpers\Common.cs(88,30): error CS0518: Predefined type 'System.Int32' is not defined or imported
C:\gh\azure-sdk-for-net\sdk\azurestack\Microsoft.AzureStack.Management.InfrastructureInsights.Admin\tests\src\Helpers\Common.cs(88,20): error CS0518: Predefined type 'System.Boolean' is not defined or imported
C:\gh\azure-sdk-for-net\sdk\azurestack\Microsoft.AzureStack.Management.InfrastructureInsights.Admin\tests\src\Helpers\Common.cs(88,20): error CS0518: Predefined type 'System.Boolean' is not defined or imported
C:\gh\azure-sdk-for-net\sdk\azurestack\Microsoft.AzureStack.Management.InfrastructureInsights.Admin\tests\src\Helpers\Common.cs(90,21): error CS0518: Predefined type 'System.Boolean' is not defined or imported
C:\gh\azure-sdk-for-net\sdk\azurestack\Microsoft.AzureStack.Management.InfrastructureInsights.Admin\tests\src\Helpers\Common.cs(95,17): error CS0518: Predefined type 'System.Object' is not defined or imported
C:\gh\azure-sdk-for-net\sdk\azurestack\Microsoft.AzureStack.Management.InfrastructureInsights.Admin\tests\src\Helpers\Common.cs(95,17): error CS0103: The name 'System' does not exist in the current context
C:\gh\azure-sdk-for-net\sdk\azurestack\Microsoft.AzureStack.Management.InfrastructureInsights.Admin\tests\src\Helpers\Common.cs(97,31): error CS0518: Predefined type 'System.Int32' is not defined or imported
C:\gh\azure-sdk-for-net\sdk\azurestack\Microsoft.AzureStack.Management.InfrastructureInsights.Admin\tests\src\Helpers\Common.cs(97,20): error CS0518: Predefined type 'System.Boolean' is not defined or imported
C:\gh\azure-sdk-for-net\sdk\azurestack\Microsoft.AzureStack.Management.InfrastructureInsights.Admin\tests\src\RegionHealthTests.cs(31,13): error CS0518: Predefined type 'System.Object' is not defined or imported
C:\gh\azure-sdk-for-net\sdk\azurestack\Microsoft.AzureStack.Management.InfrastructureInsights.Admin\tests\src\RegionHealthTests.cs(31,13): error CS0103: The name 'Assert' does not exist in the current context
C:\gh\azure-sdk-for-net\sdk\azurestack\Microsoft.AzureStack.Management.InfrastructureInsights.Admin\tests\src\RegionHealthTests.cs(32,13): error CS0518: Predefined type 'System.Object' is not defined or imported
C:\gh\azure-sdk-for-net\sdk\azurestack\Microsoft.AzureStack.Management.InfrastructureInsights.Admin\tests\src\RegionHealthTests.cs(32,13): error CS0103: The name 'Assert' does not exist in the current context
C:\gh\azure-sdk-for-net\sdk\azurestack\Microsoft.AzureStack.Management.InfrastructureInsights.Admin\tests\src\RegionHealthTests.cs(32,36): error CS0518: Predefined type 'System.String' is not defined or imported
C:\gh\azure-sdk-for-net\sdk\azurestack\Microsoft.AzureStack.Management.InfrastructureInsights.Admin\tests\src\RegionHealthTests.cs(33,13): error CS0518: Predefined type 'System.Object' is not defined or imported
C:\gh\azure-sdk-for-net\sdk\azurestack\Microsoft.AzureStack.Management.InfrastructureInsights.Admin\tests\src\RegionHealthTests.cs(33,13): error CS0103: The name 'Assert' does not exist in the current context
C:\gh\azure-sdk-for-net\sdk\azurestack\Microsoft.AzureStack.Management.InfrastructureInsights.Admin\tests\src\RegionHealthTests.cs(33,36): error CS0518: Predefined type 'System.String' is not defined or imported
C:\gh\azure-sdk-for-net\sdk\azurestack\Microsoft.AzureStack.Management.InfrastructureInsights.Admin\tests\src\RegionHealthTests.cs(34,13): error CS0518: Predefined type 'System.Object' is not defined or imported
C:\gh\azure-sdk-for-net\sdk\azurestack\Microsoft.AzureStack.Management.InfrastructureInsights.Admin\tests\src\RegionHealthTests.cs(34,13): error CS0103: The name 'Assert' does not exist in the current context
C:\gh\azure-sdk-for-net\sdk\azurestack\Microsoft.AzureStack.Management.InfrastructureInsights.Admin\tests\src\RegionHealthTests.cs(34,36): error CS0518: Predefined type 'System.Nullable`1' is not defined or imported
C:\gh\azure-sdk-for-net\sdk\azurestack\Microsoft.AzureStack.Management.InfrastructureInsights.Admin\tests\src\Helpers\AzureStackTestBase.cs(30,30): error CS0518: Predefined type 'System.String' is not defined or imported
C:\gh\azure-sdk-for-net\sdk\azurestack\Microsoft.AzureStack.Management.InfrastructureInsights.Admin\tests\src\Helpers\AzureStackTestBase.cs(30,16): error CS0518: Predefined type 'System.Boolean' is not defined or imported
C:\gh\azure-sdk-for-net\sdk\azurestack\Microsoft.AzureStack.Management.InfrastructureInsights.Admin\tests\src\Helpers\AzureStackTestBase.cs(32,44): error CS0518: Predefined type 'System.Char' is not defined or imported
C:\gh\azure-sdk-for-net\sdk\azurestack\Microsoft.AzureStack.Management.InfrastructureInsights.Admin\tests\src\Helpers\AzureStackTestBase.cs(33,45): error CS0518: Predefined type 'System.Int32' is not defined or imported
C:\gh\azure-sdk-for-net\sdk\azurestack\Microsoft.AzureStack.Management.InfrastructureInsights.Admin\tests\src\Helpers\Common.cs(108,13): error CS0518: Predefined type 'System.Object' is not defined or imported
C:\gh\azure-sdk-for-net\sdk\azurestack\Microsoft.AzureStack.Management.InfrastructureInsights.Admin\tests\src\Helpers\Common.cs(108,13): error CS0246: The type or namespace name 'Func<>' could not be found (are you missing a using directive or an assembly reference?)
C:\gh\azure-sdk-for-net\sdk\azurestack\Microsoft.AzureStack.Management.InfrastructureInsights.Admin\tests\src\Helpers\Common.cs(108,18): error CS0518: Predefined type 'System.Boolean' is not defined or imported
C:\gh\azure-sdk-for-net\sdk\azurestack\Microsoft.AzureStack.Management.InfrastructureInsights.Admin\tests\src\Helpers\Common.cs(109,20): error CS0518: Predefined type 'System.Object' is not defined or imported
C:\gh\azure-sdk-for-net\sdk\azurestack\Microsoft.AzureStack.Management.InfrastructureInsights.Admin\tests\src\ResourceHealthTests.cs(18,13): error CS0518: Predefined type 'System.Object' is not defined or imported
C:\gh\azure-sdk-for-net\sdk\azurestack\Microsoft.AzureStack.Management.InfrastructureInsights.Admin\tests\src\ResourceHealthTests.cs(18,13): error CS0103: The name 'Assert' does not exist in the current context
C:\gh\azure-sdk-for-net\sdk\azurestack\Microsoft.AzureStack.Management.InfrastructureInsights.Admin\tests\src\ResourceHealthTests.cs(19,13): error CS0518: Predefined type 'System.Object' is not defined or imported
C:\gh\azure-sdk-for-net\sdk\azurestack\Microsoft.AzureStack.Management.InfrastructureInsights.Admin\tests\src\ResourceHealthTests.cs(19,13): error CS0103: The name 'Assert' does not exist in the current context
C:\gh\azure-sdk-for-net\sdk\azurestack\Microsoft.AzureStack.Management.InfrastructureInsights.Admin\tests\src\ResourceHealthTests.cs(19,25): error CS0518: Predefined type 'System.Object' is not defined or imported
C:\gh\azure-sdk-for-net\sdk\azurestack\Microsoft.AzureStack.Management.InfrastructureInsights.Admin\tests\src\ResourceHealthTests.cs(19,54): error CS0518: Predefined type 'System.Object' is not defined or imported
C:\gh\azure-sdk-for-net\sdk\azurestack\Microsoft.AzureStack.Management.InfrastructureInsights.Admin\tests\src\ResourceHealthTests.cs(21,13): error CS0518: Predefined type 'System.Object' is not defined or imported
C:\gh\azure-sdk-for-net\sdk\azurestack\Microsoft.AzureStack.Management.InfrastructureInsights.Admin\tests\src\ResourceHealthTests.cs(21,13): error CS0103: The name 'Assert' does not exist in the current context
C:\gh\azure-sdk-for-net\sdk\azurestack\Microsoft.AzureStack.Management.InfrastructureInsights.Admin\tests\src\ResourceHealthTests.cs(22,13): error CS0518: Predefined type 'System.Object' is not defined or imported
C:\gh\azure-sdk-for-net\sdk\azurestack\Microsoft.AzureStack.Management.InfrastructureInsights.Admin\tests\src\ResourceHealthTests.cs(22,13): error CS0103: The name 'Assert' does not exist in the current context
C:\gh\azure-sdk-for-net\sdk\azurestack\Microsoft.AzureStack.Management.InfrastructureInsights.Admin\tests\src\ResourceHealthTests.cs(22,37): error CS0518: Predefined type 'System.String' is not defined or imported
C:\gh\azure-sdk-for-net\sdk\azurestack\Microsoft.AzureStack.Management.InfrastructureInsights.Admin\tests\src\ResourceHealthTests.cs(23,13): error CS0518: Predefined type 'System.Object' is not defined or imported
C:\gh\azure-sdk-for-net\sdk\azurestack\Microsoft.AzureStack.Management.InfrastructureInsights.Admin\tests\src\ResourceHealthTests.cs(23,13): error CS0103: The name 'Assert' does not exist in the current context
C:\gh\azure-sdk-for-net\sdk\azurestack\Microsoft.AzureStack.Management.InfrastructureInsights.Admin\tests\src\ResourceHealthTests.cs(23,37): error CS0518: Predefined type 'System.String' is not defined or imported
C:\gh\azure-sdk-for-net\sdk\azurestack\Microsoft.AzureStack.Management.InfrastructureInsights.Admin\tests\src\ResourceHealthTests.cs(24,13): error CS0518: Predefined type 'System.Object' is not defined or imported
C:\gh\azure-sdk-for-net\sdk\azurestack\Microsoft.AzureStack.Management.InfrastructureInsights.Admin\tests\src\ResourceHealthTests.cs(24,13): error CS0103: The name 'Assert' does not exist in the current context
C:\gh\azure-sdk-for-net\sdk\azurestack\Microsoft.AzureStack.Management.InfrastructureInsights.Admin\tests\src\ResourceHealthTests.cs(24,37): error CS0518: Predefined type 'System.String' is not defined or imported
C:\gh\azure-sdk-for-net\sdk\azurestack\Microsoft.AzureStack.Management.InfrastructureInsights.Admin\tests\src\ResourceHealthTests.cs(25,13): error CS0518: Predefined type 'System.Object' is not defined or imported
C:\gh\azure-sdk-for-net\sdk\azurestack\Microsoft.AzureStack.Management.InfrastructureInsights.Admin\tests\src\ResourceHealthTests.cs(25,13): error CS0103: The name 'Assert' does not exist in the current context
C:\gh\azure-sdk-for-net\sdk\azurestack\Microsoft.AzureStack.Management.InfrastructureInsights.Admin\tests\src\ResourceHealthTests.cs(25,37): error CS0518: Predefined type 'System.String' is not defined or imported
C:\gh\azure-sdk-for-net\sdk\azurestack\Microsoft.AzureStack.Management.InfrastructureInsights.Admin\tests\src\ResourceHealthTests.cs(26,13): error CS0518: Predefined type 'System.Object' is not defined or imported
C:\gh\azure-sdk-for-net\sdk\azurestack\Microsoft.AzureStack.Management.InfrastructureInsights.Admin\tests\src\ResourceHealthTests.cs(26,13): error CS0103: The name 'Assert' does not exist in the current context
C:\gh\azure-sdk-for-net\sdk\azurestack\Microsoft.AzureStack.Management.InfrastructureInsights.Admin\tests\src\ResourceHealthTests.cs(26,37): error CS0518: Predefined type 'System.String' is not defined or imported
C:\gh\azure-sdk-for-net\sdk\azurestack\Microsoft.AzureStack.Management.InfrastructureInsights.Admin\tests\src\ResourceHealthTests.cs(27,13): error CS0518: Predefined type 'System.Object' is not defined or imported
C:\gh\azure-sdk-for-net\sdk\azurestack\Microsoft.AzureStack.Management.InfrastructureInsights.Admin\tests\src\ResourceHealthTests.cs(27,13): error CS0103: The name 'Assert' does not exist in the current context
C:\gh\azure-sdk-for-net\sdk\azurestack\Microsoft.AzureStack.Management.InfrastructureInsights.Admin\tests\src\ResourceHealthTests.cs(27,37): error CS0518: Predefined type 'System.String' is not defined or imported
C:\gh\azure-sdk-for-net\sdk\azurestack\Microsoft.AzureStack.Management.InfrastructureInsights.Admin\tests\src\ResourceHealthTests.cs(28,13): error CS0518: Predefined type 'System.Object' is not defined or imported
C:\gh\azure-sdk-for-net\sdk\azurestack\Microsoft.AzureStack.Management.InfrastructureInsights.Admin\tests\src\ResourceHealthTests.cs(28,13): error CS0103: The name 'Assert' does not exist in the current context
C:\gh\azure-sdk-for-net\sdk\azurestack\Microsoft.AzureStack.Management.InfrastructureInsights.Admin\tests\src\ResourceHealthTests.cs(28,37): error CS0518: Predefined type 'System.String' is not defined or imported
C:\gh\azure-sdk-for-net\sdk\azurestack\Microsoft.AzureStack.Management.InfrastructureInsights.Admin\tests\src\ResourceHealthTests.cs(29,13): error CS0518: Predefined type 'System.Object' is not defined or imported
C:\gh\azure-sdk-for-net\sdk\azurestack\Microsoft.AzureStack.Management.InfrastructureInsights.Admin\tests\src\ResourceHealthTests.cs(29,13): error CS0103: The name 'Assert' does not exist in the current context
C:\gh\azure-sdk-for-net\sdk\azurestack\Microsoft.AzureStack.Management.InfrastructureInsights.Admin\tests\src\ResourceHealthTests.cs(29,37): error CS0518: Predefined type 'System.String' is not defined or imported
C:\gh\azure-sdk-for-net\sdk\azurestack\Microsoft.AzureStack.Management.InfrastructureInsights.Admin\tests\src\ResourceHealthTests.cs(30,13): error CS0518: Predefined type 'System.Object' is not defined or imported
C:\gh\azure-sdk-for-net\sdk\azurestack\Microsoft.AzureStack.Management.InfrastructureInsights.Admin\tests\src\ResourceHealthTests.cs(30,13): error CS0103: The name 'Assert' does not exist in the current context
C:\gh\azure-sdk-for-net\sdk\azurestack\Microsoft.AzureStack.Management.InfrastructureInsights.Admin\tests\src\ResourceHealthTests.cs(30,37): error CS0518: Predefined type 'System.String' is not defined or imported
C:\gh\azure-sdk-for-net\sdk\azurestack\Microsoft.AzureStack.Management.InfrastructureInsights.Admin\tests\src\ResourceHealthTests.cs(31,13): error CS0518: Predefined type 'System.Object' is not defined or imported
C:\gh\azure-sdk-for-net\sdk\azurestack\Microsoft.AzureStack.Management.InfrastructureInsights.Admin\tests\src\ResourceHealthTests.cs(31,13): error CS0103: The name 'Assert' does not exist in the current context
C:\gh\azure-sdk-for-net\sdk\azurestack\Microsoft.AzureStack.Management.InfrastructureInsights.Admin\tests\src\ResourceHealthTests.cs(31,37): error CS0518: Predefined type 'System.String' is not defined or imported
C:\gh\azure-sdk-for-net\sdk\azurestack\Microsoft.AzureStack.Management.InfrastructureInsights.Admin\tests\src\ResourceHealthTests.cs(32,13): error CS0518: Predefined type 'System.Object' is not defined or imported
C:\gh\azure-sdk-for-net\sdk\azurestack\Microsoft.AzureStack.Management.InfrastructureInsights.Admin\tests\src\ResourceHealthTests.cs(32,13): error CS0103: The name 'Assert' does not exist in the current context
C:\gh\azure-sdk-for-net\sdk\azurestack\Microsoft.AzureStack.Management.InfrastructureInsights.Admin\tests\src\ResourceHealthTests.cs(32,37): error CS0518: Predefined type 'System.String' is not defined or imported
C:\gh\azure-sdk-for-net\sdk\azurestack\Microsoft.AzureStack.Management.InfrastructureInsights.Admin\tests\src\ResourceHealthTests.cs(33,13): error CS0518: Predefined type 'System.Object' is not defined or imported
C:\gh\azure-sdk-for-net\sdk\azurestack\Microsoft.AzureStack.Management.InfrastructureInsights.Admin\tests\src\ResourceHealthTests.cs(33,13): error CS0103: The name 'Assert' does not exist in the current context
C:\gh\azure-sdk-for-net\sdk\azurestack\Microsoft.AzureStack.Management.InfrastructureInsights.Admin\tests\src\ResourceHealthTests.cs(33,37): error CS0246: The type or namespace name 'IList<>' could not be found (are you missing a using directive or an assembly reference?)
C:\gh\azure-sdk-for-net\sdk\azurestack\Microsoft.AzureStack.Management.InfrastructureInsights.Admin\tests\InfrastructureInsightsTestBase.cs(28,13): error CS0518: Predefined type 'System.Object' is not defined or imported
C:\gh\azure-sdk-for-net\sdk\azurestack\Microsoft.AzureStack.Management.InfrastructureInsights.Admin\tests\InfrastructureInsightsTestBase.cs(28,13): error CS0103: The name 'Assert' does not exist in the current context
C:\gh\azure-sdk-for-net\sdk\azurestack\Microsoft.AzureStack.Management.InfrastructureInsights.Admin\tests\InfrastructureInsightsTestBase.cs(30,13): error CS0518: Predefined type 'System.Object' is not defined or imported
C:\gh\azure-sdk-for-net\sdk\azurestack\Microsoft.AzureStack.Management.InfrastructureInsights.Admin\tests\InfrastructureInsightsTestBase.cs(30,13): error CS0103: The name 'Assert' does not exist in the current context
C:\gh\azure-sdk-for-net\sdk\azurestack\Microsoft.AzureStack.Management.InfrastructureInsights.Admin\tests\InfrastructureInsightsTestBase.cs(31,13): error CS0518: Predefined type 'System.Object' is not defined or imported
C:\gh\azure-sdk-for-net\sdk\azurestack\Microsoft.AzureStack.Management.InfrastructureInsights.Admin\tests\InfrastructureInsightsTestBase.cs(31,13): error CS0103: The name 'Assert' does not exist in the current context
C:\gh\azure-sdk-for-net\sdk\azurestack\Microsoft.AzureStack.Management.InfrastructureInsights.Admin\tests\InfrastructureInsightsTestBase.cs(33,13): error CS0518: Predefined type 'System.Object' is not defined or imported
C:\gh\azure-sdk-for-net\sdk\azurestack\Microsoft.AzureStack.Management.InfrastructureInsights.Admin\tests\InfrastructureInsightsTestBase.cs(33,13): error CS0103: The name 'Assert' does not exist in the current context
C:\gh\azure-sdk-for-net\sdk\azurestack\Microsoft.AzureStack.Management.InfrastructureInsights.Admin\tests\InfrastructureInsightsTestBase.cs(35,13): error CS0518: Predefined type 'System.Object' is not defined or imported
C:\gh\azure-sdk-for-net\sdk\azurestack\Microsoft.AzureStack.Management.InfrastructureInsights.Admin\tests\InfrastructureInsightsTestBase.cs(35,13): error CS0103: The name 'Assert' does not exist in the current context
C:\gh\azure-sdk-for-net\sdk\azurestack\Microsoft.AzureStack.Management.InfrastructureInsights.Admin\tests\InfrastructureInsightsTestBase.cs(37,13): error CS0518: Predefined type 'System.Object' is not defined or imported
C:\gh\azure-sdk-for-net\sdk\azurestack\Microsoft.AzureStack.Management.InfrastructureInsights.Admin\tests\InfrastructureInsightsTestBase.cs(37,13): error CS0103: The name 'Assert' does not exist in the current context
C:\gh\azure-sdk-for-net\sdk\azurestack\Microsoft.AzureStack.Management.InfrastructureInsights.Admin\tests\InfrastructureInsightsTestBase.cs(37,26): error CS0518: Predefined type 'System.Object' is not defined or imported
C:\gh\azure-sdk-for-net\sdk\azurestack\Microsoft.AzureStack.Management.InfrastructureInsights.Admin\tests\InfrastructureInsightsTestBase.cs(37,26): error CS0103: The name 'String' does not exist in the current context
C:\gh\azure-sdk-for-net\sdk\azurestack\Microsoft.AzureStack.Management.InfrastructureInsights.Admin\tests\InfrastructureInsightsTestBase.cs(37,54): error CS0518: Predefined type 'System.String' is not defined or imported
C:\gh\azure-sdk-for-net\sdk\azurestack\Microsoft.AzureStack.Management.InfrastructureInsights.Admin\tests\InfrastructureInsightsTestBase.cs(40,16): error CS0518: Predefined type 'System.Void' is not defined or imported
C:\gh\azure-sdk-for-net\sdk\azurestack\Microsoft.AzureStack.Management.InfrastructureInsights.Admin\tests\src\Helpers\Common.cs(125,21): error CS0518: Predefined type 'System.String' is not defined or imported
C:\gh\azure-sdk-for-net\sdk\azurestack\Microsoft.AzureStack.Management.InfrastructureInsights.Admin\tests\src\Helpers\Common.cs(125,21): error CS0518: Predefined type 'System.Boolean' is not defined or imported
C:\gh\azure-sdk-for-net\sdk\azurestack\Microsoft.AzureStack.Management.InfrastructureInsights.Admin\tests\src\SupportedOperationTests.cs(37,13): error CS0518: Predefined type 'System.Object' is not defined or imported
C:\gh\azure-sdk-for-net\sdk\azurestack\Microsoft.AzureStack.Management.InfrastructureInsights.Admin\tests\src\RegionHealthTests.cs(39,13): error CS0518: Predefined type 'System.Object' is not defined or imported
C:\gh\azure-sdk-for-net\sdk\azurestack\Microsoft.AzureStack.Management.InfrastructureInsights.Admin\tests\src\RegionHealthTests.cs(39,13): error CS0103: The name 'Assert' does not exist in the current context
C:\gh\azure-sdk-for-net\sdk\azurestack\Microsoft.AzureStack.Management.InfrastructureInsights.Admin\tests\src\RegionHealthTests.cs(40,13): error CS0518: Predefined type 'System.Object' is not defined or imported
C:\gh\azure-sdk-for-net\sdk\azurestack\Microsoft.AzureStack.Management.InfrastructureInsights.Admin\tests\src\RegionHealthTests.cs(40,13): error CS0103: The name 'Assert' does not exist in the current context
C:\gh\azure-sdk-for-net\sdk\azurestack\Microsoft.AzureStack.Management.InfrastructureInsights.Admin\tests\src\RegionHealthTests.cs(40,41): error CS0246: The type or namespace name 'IList<>' could not be found (are you missing a using directive or an assembly reference?)
C:\gh\azure-sdk-for-net\sdk\azurestack\Microsoft.AzureStack.Management.InfrastructureInsights.Admin\tests\src\RegionHealthTests.cs(41,13): error CS0518: Predefined type 'System.Object' is not defined or imported
C:\gh\azure-sdk-for-net\sdk\azurestack\Microsoft.AzureStack.Management.InfrastructureInsights.Admin\tests\src\RegionHealthTests.cs(41,13): error CS0103: The name 'Assert' does not exist in the current context
C:\gh\azure-sdk-for-net\sdk\azurestack\Microsoft.AzureStack.Management.InfrastructureInsights.Admin\tests\src\RegionHealthTests.cs(41,41): error CS0518: Predefined type 'System.String' is not defined or imported
C:\gh\azure-sdk-for-net\sdk\azurestack\Microsoft.AzureStack.Management.InfrastructureInsights.Admin\tests\src\RegionHealthTests.cs(42,50): error CS0246: The type or namespace name 'IList<>' could not be found (are you missing a using directive or an assembly reference?)
C:\gh\azure-sdk-for-net\sdk\azurestack\Microsoft.AzureStack.Management.InfrastructureInsights.Admin\tests\src\RegionHealthTests.cs(44,17): error CS0518: Predefined type 'System.Object' is not defined or imported
C:\gh\azure-sdk-for-net\sdk\azurestack\Microsoft.AzureStack.Management.InfrastructureInsights.Admin\tests\src\ServiceHealthTests.cs(28,13): error CS0518: Predefined type 'System.Object' is not defined or imported
C:\gh\azure-sdk-for-net\sdk\azurestack\Microsoft.AzureStack.Management.InfrastructureInsights.Admin\tests\src\ServiceHealthTests.cs(28,13): error CS0103: The name 'Assert' does not exist in the current context
C:\gh\azure-sdk-for-net\sdk\azurestack\Microsoft.AzureStack.Management.InfrastructureInsights.Admin\tests\src\ServiceHealthTests.cs(30,13): error CS0518: Predefined type 'System.Object' is not defined or imported
C:\gh\azure-sdk-for-net\sdk\azurestack\Microsoft.AzureStack.Management.InfrastructureInsights.Admin\tests\src\ServiceHealthTests.cs(30,13): error CS0103: The name 'Assert' does not exist in the current context
C:\gh\azure-sdk-for-net\sdk\azurestack\Microsoft.AzureStack.Management.InfrastructureInsights.Admin\tests\src\ServiceHealthTests.cs(31,13): error CS0518: Predefined type 'System.Object' is not defined or imported
C:\gh\azure-sdk-for-net\sdk\azurestack\Microsoft.AzureStack.Management.InfrastructureInsights.Admin\tests\src\ServiceHealthTests.cs(31,13): error CS0103: The name 'Assert' does not exist in the current context
C:\gh\azure-sdk-for-net\sdk\azurestack\Microsoft.AzureStack.Management.InfrastructureInsights.Admin\tests\src\ServiceHealthTests.cs(31,52): error CS0518: Predefined type 'System.Nullable`1' is not defined or imported
C:\gh\azure-sdk-for-net\sdk\azurestack\Microsoft.AzureStack.Management.InfrastructureInsights.Admin\tests\src\ServiceHealthTests.cs(31,73): error CS0518: Predefined type 'System.Int32' is not defined or imported
C:\gh\azure-sdk-for-net\sdk\azurestack\Microsoft.AzureStack.Management.InfrastructureInsights.Admin\tests\src\ServiceHealthTests.cs(31,25): error CS0518: Predefined type 'System.Boolean' is not defined or imported
C:\gh\azure-sdk-for-net\sdk\azurestack\Microsoft.AzureStack.Management.InfrastructureInsights.Admin\tests\src\ServiceHealthTests.cs(32,13): error CS0518: Predefined type 'System.Object' is not defined or imported
C:\gh\azure-sdk-for-net\sdk\azurestack\Microsoft.AzureStack.Management.InfrastructureInsights.Admin\tests\src\ServiceHealthTests.cs(32,13): error CS0103: The name 'Assert' does not exist in the current context
C:\gh\azure-sdk-for-net\sdk\azurestack\Microsoft.AzureStack.Management.InfrastructureInsights.Admin\tests\src\ServiceHealthTests.cs(32,52): error CS0518: Predefined type 'System.Nullable`1' is not defined or imported
C:\gh\azure-sdk-for-net\sdk\azurestack\Microsoft.AzureStack.Management.InfrastructureInsights.Admin\tests\src\ServiceHealthTests.cs(32,74): error CS0518: Predefined type 'System.Int32' is not defined or imported
C:\gh\azure-sdk-for-net\sdk\azurestack\Microsoft.AzureStack.Management.InfrastructureInsights.Admin\tests\src\ServiceHealthTests.cs(32,25): error CS0518: Predefined type 'System.Boolean' is not defined or imported
C:\gh\azure-sdk-for-net\sdk\azurestack\Microsoft.AzureStack.Management.InfrastructureInsights.Admin\tests\src\ServiceHealthTests.cs(34,13): error CS0518: Predefined type 'System.Object' is not defined or imported
C:\gh\azure-sdk-for-net\sdk\azurestack\Microsoft.AzureStack.Management.InfrastructureInsights.Admin\tests\src\ServiceHealthTests.cs(34,13): error CS0103: The name 'Assert' does not exist in the current context
C:\gh\azure-sdk-for-net\sdk\azurestack\Microsoft.AzureStack.Management.InfrastructureInsights.Admin\tests\src\ServiceHealthTests.cs(34,42): error CS0518: Predefined type 'System.String' is not defined or imported
C:\gh\azure-sdk-for-net\sdk\azurestack\Microsoft.AzureStack.Management.InfrastructureInsights.Admin\tests\src\ServiceHealthTests.cs(35,13): error CS0518: Predefined type 'System.Object' is not defined or imported
C:\gh\azure-sdk-for-net\sdk\azurestack\Microsoft.AzureStack.Management.InfrastructureInsights.Admin\tests\src\ServiceHealthTests.cs(35,13): error CS0103: The name 'Assert' does not exist in the current context
C:\gh\azure-sdk-for-net\sdk\azurestack\Microsoft.AzureStack.Management.InfrastructureInsights.Admin\tests\src\ServiceHealthTests.cs(35,42): error CS0518: Predefined type 'System.String' is not defined or imported
C:\gh\azure-sdk-for-net\sdk\azurestack\Microsoft.AzureStack.Management.InfrastructureInsights.Admin\tests\src\ServiceHealthTests.cs(36,13): error CS0518: Predefined type 'System.Object' is not defined or imported
C:\gh\azure-sdk-for-net\sdk\azurestack\Microsoft.AzureStack.Management.InfrastructureInsights.Admin\tests\src\ServiceHealthTests.cs(36,13): error CS0103: The name 'Assert' does not exist in the current context
C:\gh\azure-sdk-for-net\sdk\azurestack\Microsoft.AzureStack.Management.InfrastructureInsights.Admin\tests\src\ServiceHealthTests.cs(36,42): error CS0518: Predefined type 'System.String' is not defined or imported
C:\gh\azure-sdk-for-net\sdk\azurestack\Microsoft.AzureStack.Management.InfrastructureInsights.Admin\tests\src\ServiceHealthTests.cs(37,13): error CS0518: Predefined type 'System.Object' is not defined or imported
C:\gh\azure-sdk-for-net\sdk\azurestack\Microsoft.AzureStack.Management.InfrastructureInsights.Admin\tests\src\ServiceHealthTests.cs(37,13): error CS0103: The name 'Assert' does not exist in the current context
C:\gh\azure-sdk-for-net\sdk\azurestack\Microsoft.AzureStack.Management.InfrastructureInsights.Admin\tests\src\ServiceHealthTests.cs(37,42): error CS0518: Predefined type 'System.String' is not defined or imported
C:\gh\azure-sdk-for-net\sdk\azurestack\Microsoft.AzureStack.Management.InfrastructureInsights.Admin\tests\src\ServiceHealthTests.cs(38,13): error CS0518: Predefined type 'System.Object' is not defined or imported
C:\gh\azure-sdk-for-net\sdk\azurestack\Microsoft.AzureStack.Management.InfrastructureInsights.Admin\tests\src\ServiceHealthTests.cs(38,13): error CS0103: The name 'Assert' does not exist in the current context
C:\gh\azure-sdk-for-net\sdk\azurestack\Microsoft.AzureStack.Management.InfrastructureInsights.Admin\tests\src\ServiceHealthTests.cs(38,42): error CS0518: Predefined type 'System.String' is not defined or imported
C:\gh\azure-sdk-for-net\sdk\azurestack\Microsoft.AzureStack.Management.InfrastructureInsights.Admin\tests\src\ServiceHealthTests.cs(39,13): error CS0518: Predefined type 'System.Object' is not defined or imported
C:\gh\azure-sdk-for-net\sdk\azurestack\Microsoft.AzureStack.Management.InfrastructureInsights.Admin\tests\src\ServiceHealthTests.cs(39,13): error CS0103: The name 'Assert' does not exist in the current context
C:\gh\azure-sdk-for-net\sdk\azurestack\Microsoft.AzureStack.Management.InfrastructureInsights.Admin\tests\src\ServiceHealthTests.cs(39,42): error CS0518: Predefined type 'System.String' is not defined or imported
C:\gh\azure-sdk-for-net\sdk\azurestack\Microsoft.AzureStack.Management.InfrastructureInsights.Admin\tests\src\Helpers\Common.cs(144,13): error CS0518: Predefined type 'System.IDisposable' is not defined or imported
C:\gh\azure-sdk-for-net\sdk\azurestack\Microsoft.AzureStack.Management.InfrastructureInsights.Admin\tests\src\Helpers\Common.cs(144,19): error CS0518: Predefined type 'System.Object' is not defined or imported
C:\gh\azure-sdk-for-net\sdk\azurestack\Microsoft.AzureStack.Management.InfrastructureInsights.Admin\tests\src\Helpers\Common.cs(144,19): error CS0246: The type or namespace name 'System' could not be found (are you missing a using directive or an assembly reference?)
C:\gh\azure-sdk-for-net\sdk\azurestack\Microsoft.AzureStack.Management.InfrastructureInsights.Admin\tests\src\Helpers\Common.cs(144,49): error CS0518: Predefined type 'System.Object' is not defined or imported
C:\gh\azure-sdk-for-net\sdk\azurestack\Microsoft.AzureStack.Management.InfrastructureInsights.Admin\tests\src\Helpers\Common.cs(144,49): error CS0103: The name 'System' does not exist in the current context
C:\gh\azure-sdk-for-net\sdk\azurestack\Microsoft.AzureStack.Management.InfrastructureInsights.Admin\tests\src\Helpers\Common.cs(145,17): error CS0518: Predefined type 'System.Object' is not defined or imported
C:\gh\azure-sdk-for-net\sdk\azurestack\Microsoft.AzureStack.Management.InfrastructureInsights.Admin\tests\src\Helpers\AzureStackTestBase.cs(65,13): error CS0518: Predefined type 'System.Object' is not defined or imported
C:\gh\azure-sdk-for-net\sdk\azurestack\Microsoft.AzureStack.Management.InfrastructureInsights.Admin\tests\src\Helpers\AzureStackTestBase.cs(65,13): error CS0246: The type or namespace name 'Exception' could not be found (are you missing a using directive or an assembly reference?)
C:\gh\azure-sdk-for-net\sdk\azurestack\Microsoft.AzureStack.Management.InfrastructureInsights.Admin\tests\src\Helpers\AzureStackTestBase.cs(69,35): error CS0518: Predefined type 'System.Object' is not defined or imported
C:\gh\azure-sdk-for-net\sdk\azurestack\Microsoft.AzureStack.Management.InfrastructureInsights.Admin\tests\src\Helpers\AzureStackTestBase.cs(70,41): error CS0518: Predefined type 'System.Boolean' is not defined or imported
C:\gh\azure-sdk-for-net\sdk\azurestack\Microsoft.AzureStack.Management.InfrastructureInsights.Admin\tests\src\Helpers\AzureStackTestBase.cs(72,17): error CS0518: Predefined type 'System.IDisposable' is not defined or imported
C:\gh\azure-sdk-for-net\sdk\azurestack\Microsoft.AzureStack.Management.InfrastructureInsights.Admin\tests\src\Helpers\AzureStackTestBase.cs(72,24): error CS0518: Predefined type 'System.Object' is not defined or imported
C:\gh\azure-sdk-for-net\sdk\azurestack\Microsoft.AzureStack.Management.InfrastructureInsights.Admin\tests\src\Helpers\AzureStackTestBase.cs(72,24): error CS0246: The type or namespace name 'MockContext' could not be found (are you missing a using directive or an assembly reference?)
C:\gh\azure-sdk-for-net\sdk\azurestack\Microsoft.AzureStack.Management.InfrastructureInsights.Admin\tests\src\Helpers\AzureStackTestBase.cs(72,46): error CS0518: Predefined type 'System.Object' is not defined or imported
C:\gh\azure-sdk-for-net\sdk\azurestack\Microsoft.AzureStack.Management.InfrastructureInsights.Admin\tests\src\Helpers\AzureStackTestBase.cs(72,46): error CS0103: The name 'MockContext' does not exist in the current context
C:\gh\azure-sdk-for-net\sdk\azurestack\Microsoft.AzureStack.Management.InfrastructureInsights.Admin\tests\src\Helpers\AzureStackTestBase.cs(72,64): error CS0518: Predefined type 'System.Type' is not defined or imported
C:\gh\azure-sdk-for-net\sdk\azurestack\Microsoft.AzureStack.Management.InfrastructureInsights.Admin\tests\src\Helpers\AzureStackTestBase.cs(75,21): error CS0518: Predefined type 'System.Object' is not defined or imported
C:\gh\azure-sdk-for-net\sdk\azurestack\Microsoft.AzureStack.Management.InfrastructureInsights.Admin\tests\src\Helpers\AzureStackTestBase.cs(75,21): error CS0518: Predefined type 'System.Object' is not defined or imported
C:\gh\azure-sdk-for-net\sdk\azurestack\Microsoft.AzureStack.Management.InfrastructureInsights.Admin\tests\src\Helpers\AzureStackTestBase.cs(82,20): error CS0518: Predefined type 'System.Object' is not defined or imported
C:\gh\azure-sdk-for-net\sdk\azurestack\Microsoft.AzureStack.Management.InfrastructureInsights.Admin\tests\src\Helpers\AzureStackTestBase.cs(82,20): error CS0246: The type or namespace name 'Exception' could not be found (are you missing a using directive or an assembly reference?)
C:\gh\azure-sdk-for-net\sdk\azurestack\Microsoft.AzureStack.Management.InfrastructureInsights.Admin\tests\src\Helpers\AzureStackTestBase.cs(88,21): error CS0518: Predefined type 'System.Boolean' is not defined or imported
C:\gh\azure-sdk-for-net\sdk\azurestack\Microsoft.AzureStack.Management.InfrastructureInsights.Admin\tests\src\Helpers\AzureStackTestBase.cs(88,21): error CS0518: Predefined type 'System.Boolean' is not defined or imported
C:\gh\azure-sdk-for-net\sdk\azurestack\Microsoft.AzureStack.Management.InfrastructureInsights.Admin\tests\src\Helpers\AzureStackTestBase.cs(90,31): error CS0518: Predefined type 'System.Object' is not defined or imported
C:\gh\azure-sdk-for-net\sdk\azurestack\Microsoft.AzureStack.Management.InfrastructureInsights.Admin\tests\src\Helpers\AzureStackTestBase.cs(90,31): error CS0246: The type or namespace name 'Exception' could not be found (are you missing a using directive or an assembly reference?)
C:\gh\azure-sdk-for-net\sdk\azurestack\Microsoft.AzureStack.Management.InfrastructureInsights.Admin\tests\src\Helpers\AzureStackTestBase.cs(90,41): error CS0518: Predefined type 'System.String' is not defined or imported
C:\gh\azure-sdk-for-net\sdk\azurestack\Microsoft.AzureStack.Management.InfrastructureInsights.Admin\tests\src\Helpers\AzureStackTestBase.cs(97,20): error CS0518: Predefined type 'System.Object' is not defined or imported
C:\gh\azure-sdk-for-net\sdk\azurestack\Microsoft.AzureStack.Management.InfrastructureInsights.Admin\tests\src\Helpers\AzureStackTestBase.cs(97,20): error CS0246: The type or namespace name 'Exception' could not be found (are you missing a using directive or an assembly reference?)
C:\gh\azure-sdk-for-net\sdk\azurestack\Microsoft.AzureStack.Management.InfrastructureInsights.Admin\tests\src\Helpers\AzureStackTestBase.cs(16,27): error CS1729: 'object' does not contain a constructor that takes 0 arguments
C:\gh\azure-sdk-for-net\sdk\azurestack\Microsoft.AzureStack.Management.InfrastructureInsights.Admin\tests\src\Helpers\Common.cs(157,13): error CS0518: Predefined type 'System.IDisposable' is not defined or imported
C:\gh\azure-sdk-for-net\sdk\azurestack\Microsoft.AzureStack.Management.InfrastructureInsights.Admin\tests\src\Helpers\Common.cs(157,19): error CS0518: Predefined type 'System.Object' is not defined or imported
C:\gh\azure-sdk-for-net\sdk\azurestack\Microsoft.AzureStack.Management.InfrastructureInsights.Admin\tests\src\Helpers\Common.cs(157,19): error CS0246: The type or namespace name 'System' could not be found (are you missing a using directive or an assembly reference?)
C:\gh\azure-sdk-for-net\sdk\azurestack\Microsoft.AzureStack.Management.InfrastructureInsights.Admin\tests\src\Helpers\Common.cs(157,49): error CS0518: Predefined type 'System.Object' is not defined or imported
C:\gh\azure-sdk-for-net\sdk\azurestack\Microsoft.AzureStack.Management.InfrastructureInsights.Admin\tests\src\Helpers\Common.cs(157,49): error CS0103: The name 'System' does not exist in the current context
C:\gh\azure-sdk-for-net\sdk\azurestack\Microsoft.AzureStack.Management.InfrastructureInsights.Admin\tests\src\Helpers\Common.cs(158,17): error CS0518: Predefined type 'System.Object' is not defined or imported
C:\gh\azure-sdk-for-net\sdk\azurestack\Microsoft.AzureStack.Management.InfrastructureInsights.Admin\tests\src\RegionHealthTests.cs(49,13): error CS0518: Predefined type 'System.Object' is not defined or imported
C:\gh\azure-sdk-for-net\sdk\azurestack\Microsoft.AzureStack.Management.InfrastructureInsights.Admin\tests\src\RegionHealthTests.cs(49,42): error CS0518: Predefined type 'System.Object' is not defined or imported
C:\gh\azure-sdk-for-net\sdk\azurestack\Microsoft.AzureStack.Management.InfrastructureInsights.Admin\tests\src\RegionHealthTests.cs(52,13): error CS0518: Predefined type 'System.Object' is not defined or imported
C:\gh\azure-sdk-for-net\sdk\azurestack\Microsoft.AzureStack.Management.InfrastructureInsights.Admin\tests\src\RegionHealthTests.cs(52,13): error CS0103: The name 'Assert' does not exist in the current context
C:\gh\azure-sdk-for-net\sdk\azurestack\Microsoft.AzureStack.Management.InfrastructureInsights.Admin\tests\src\RegionHealthTests.cs(53,13): error CS0518: Predefined type 'System.Object' is not defined or imported
C:\gh\azure-sdk-for-net\sdk\azurestack\Microsoft.AzureStack.Management.InfrastructureInsights.Admin\tests\src\RegionHealthTests.cs(53,13): error CS0103: The name 'Assert' does not exist in the current context
C:\gh\azure-sdk-for-net\sdk\azurestack\Microsoft.AzureStack.Management.InfrastructureInsights.Admin\tests\src\RegionHealthTests.cs(53,54): error CS0518: Predefined type 'System.Nullable`1' is not defined or imported
C:\gh\azure-sdk-for-net\sdk\azurestack\Microsoft.AzureStack.Management.InfrastructureInsights.Admin\tests\src\RegionHealthTests.cs(54,13): error CS0518: Predefined type 'System.Object' is not defined or imported
C:\gh\azure-sdk-for-net\sdk\azurestack\Microsoft.AzureStack.Management.InfrastructureInsights.Admin\tests\src\RegionHealthTests.cs(54,13): error CS0103: The name 'Assert' does not exist in the current context
C:\gh\azure-sdk-for-net\sdk\azurestack\Microsoft.AzureStack.Management.InfrastructureInsights.Admin\tests\src\RegionHealthTests.cs(54,54): error CS0518: Predefined type 'System.Nullable`1' is not defined or imported
C:\gh\azure-sdk-for-net\sdk\azurestack\Microsoft.AzureStack.Management.InfrastructureInsights.Admin\tests\src\RegionHealthTests.cs(57,13): error CS0518: Predefined type 'System.Object' is not defined or imported
C:\gh\azure-sdk-for-net\sdk\azurestack\Microsoft.AzureStack.Management.InfrastructureInsights.Admin\tests\src\RegionHealthTests.cs(57,13): error CS0103: The name 'Assert' does not exist in the current context
C:\gh\azure-sdk-for-net\sdk\azurestack\Microsoft.AzureStack.Management.InfrastructureInsights.Admin\tests\src\RegionHealthTests.cs(57,51): error CS0518: Predefined type 'System.Nullable`1' is not defined or imported
C:\gh\azure-sdk-for-net\sdk\azurestack\Microsoft.AzureStack.Management.InfrastructureInsights.Admin\tests\src\RegionHealthTests.cs(57,73): error CS0518: Predefined type 'System.Int32' is not defined or imported
C:\gh\azure-sdk-for-net\sdk\azurestack\Microsoft.AzureStack.Management.InfrastructureInsights.Admin\tests\src\RegionHealthTests.cs(57,25): error CS0518: Predefined type 'System.Boolean' is not defined or imported
C:\gh\azure-sdk-for-net\sdk\azurestack\Microsoft.AzureStack.Management.InfrastructureInsights.Admin\tests\src\RegionHealthTests.cs(58,13): error CS0518: Predefined type 'System.Object' is not defined or imported
C:\gh\azure-sdk-for-net\sdk\azurestack\Microsoft.AzureStack.Management.InfrastructureInsights.Admin\tests\src\RegionHealthTests.cs(58,13): error CS0103: The name 'Assert' does not exist in the current context
C:\gh\azure-sdk-for-net\sdk\azurestack\Microsoft.AzureStack.Management.InfrastructureInsights.Admin\tests\src\RegionHealthTests.cs(58,51): error CS0518: Predefined type 'System.Nullable`1' is not defined or imported
C:\gh\azure-sdk-for-net\sdk\azurestack\Microsoft.AzureStack.Management.InfrastructureInsights.Admin\tests\src\RegionHealthTests.cs(58,72): error CS0518: Predefined type 'System.Int32' is not defined or imported
C:\gh\azure-sdk-for-net\sdk\azurestack\Microsoft.AzureStack.Management.InfrastructureInsights.Admin\tests\src\RegionHealthTests.cs(58,25): error CS0518: Predefined type 'System.Boolean' is not defined or imported
C:\gh\azure-sdk-for-net\sdk\azurestack\Microsoft.AzureStack.Management.InfrastructureInsights.Admin\tests\src\RegionHealthTests.cs(61,13): error CS0518: Predefined type 'System.Object' is not defined or imported
C:\gh\azure-sdk-for-net\sdk\azurestack\Microsoft.AzureStack.Management.InfrastructureInsights.Admin\tests\src\RegionHealthTests.cs(61,13): error CS0103: The name 'Assert' does not exist in the current context
C:\gh\azure-sdk-for-net\sdk\azurestack\Microsoft.AzureStack.Management.InfrastructureInsights.Admin\tests\src\RegionHealthTests.cs(61,41): error CS0246: The type or namespace name 'IList<>' could not be found (are you missing a using directive or an assembly reference?)
C:\gh\azure-sdk-for-net\sdk\azurestack\Microsoft.AzureStack.Management.InfrastructureInsights.Admin\tests\src\RegionHealthTests.cs(62,55): error CS0246: The type or namespace name 'IList<>' could not be found (are you missing a using directive or an assembly reference?)
C:\gh\azure-sdk-for-net\sdk\azurestack\Microsoft.AzureStack.Management.InfrastructureInsights.Admin\tests\src\RegionHealthTests.cs(64,17): error CS0518: Predefined type 'System.Object' is not defined or imported
C:\gh\azure-sdk-for-net\sdk\azurestack\Microsoft.AzureStack.Management.InfrastructureInsights.Admin\tests\src\ResourceHealthTests.cs(37,17): error CS0246: The type or namespace name 'IResource' could not be found (are you missing a using directive or an assembly reference?)
C:\gh\azure-sdk-for-net\sdk\azurestack\Microsoft.AzureStack.Management.InfrastructureInsights.Admin\tests\src\ResourceHealthTests.cs(37,17): error CS0518: Predefined type 'System.Boolean' is not defined or imported
C:\gh\azure-sdk-for-net\sdk\azurestack\Microsoft.AzureStack.Management.InfrastructureInsights.Admin\tests\src\ResourceHealthTests.cs(39,17): error CS0518: Predefined type 'System.Object' is not defined or imported
C:\gh\azure-sdk-for-net\sdk\azurestack\Microsoft.AzureStack.Management.InfrastructureInsights.Admin\tests\src\ResourceHealthTests.cs(39,17): error CS0103: The name 'Assert' does not exist in the current context
C:\gh\azure-sdk-for-net\sdk\azurestack\Microsoft.AzureStack.Management.InfrastructureInsights.Admin\tests\src\ResourceHealthTests.cs(44,17): error CS0518: Predefined type 'System.Object' is not defined or imported
C:\gh\azure-sdk-for-net\sdk\azurestack\Microsoft.AzureStack.Management.InfrastructureInsights.Admin\tests\src\ResourceHealthTests.cs(44,17): error CS0103: The name 'Assert' does not exist in the current context
C:\gh\azure-sdk-for-net\sdk\azurestack\Microsoft.AzureStack.Management.InfrastructureInsights.Admin\tests\src\ResourceHealthTests.cs(44,29): error CS0518: Predefined type 'System.Object' is not defined or imported
C:\gh\azure-sdk-for-net\sdk\azurestack\Microsoft.AzureStack.Management.InfrastructureInsights.Admin\tests\src\ResourceHealthTests.cs(44,58): error CS0518: Predefined type 'System.Object' is not defined or imported
C:\gh\azure-sdk-for-net\sdk\azurestack\Microsoft.AzureStack.Management.InfrastructureInsights.Admin\tests\src\ResourceHealthTests.cs(45,21): error CS0518: Predefined type 'System.Object' is not defined or imported
C:\gh\azure-sdk-for-net\sdk\azurestack\Microsoft.AzureStack.Management.InfrastructureInsights.Admin\tests\src\ResourceHealthTests.cs(45,21): error CS0518: Predefined type 'System.Boolean' is not defined or imported
C:\gh\azure-sdk-for-net\sdk\azurestack\Microsoft.AzureStack.Management.InfrastructureInsights.Admin\tests\src\ResourceHealthTests.cs(47,21): error CS0518: Predefined type 'System.Object' is not defined or imported
C:\gh\azure-sdk-for-net\sdk\azurestack\Microsoft.AzureStack.Management.InfrastructureInsights.Admin\tests\src\ResourceHealthTests.cs(47,21): error CS0103: The name 'Assert' does not exist in the current context
C:\gh\azure-sdk-for-net\sdk\azurestack\Microsoft.AzureStack.Management.InfrastructureInsights.Admin\tests\src\ResourceHealthTests.cs(51,21): error CS0518: Predefined type 'System.Object' is not defined or imported
C:\gh\azure-sdk-for-net\sdk\azurestack\Microsoft.AzureStack.Management.InfrastructureInsights.Admin\tests\src\ResourceHealthTests.cs(51,21): error CS0103: The name 'Assert' does not exist in the current context
C:\gh\azure-sdk-for-net\sdk\azurestack\Microsoft.AzureStack.Management.InfrastructureInsights.Admin\tests\src\ResourceHealthTests.cs(52,21): error CS0518: Predefined type 'System.Object' is not defined or imported
C:\gh\azure-sdk-for-net\sdk\azurestack\Microsoft.AzureStack.Management.InfrastructureInsights.Admin\tests\src\ResourceHealthTests.cs(52,21): error CS0103: The name 'Assert' does not exist in the current context
C:\gh\azure-sdk-for-net\sdk\azurestack\Microsoft.AzureStack.Management.InfrastructureInsights.Admin\tests\src\ResourceHealthTests.cs(52,56): error CS0518: Predefined type 'System.Nullable`1' is not defined or imported
C:\gh\azure-sdk-for-net\sdk\azurestack\Microsoft.AzureStack.Management.InfrastructureInsights.Admin\tests\src\ResourceHealthTests.cs(52,95): error CS0518: Predefined type 'System.Nullable`1' is not defined or imported
C:\gh\azure-sdk-for-net\sdk\azurestack\Microsoft.AzureStack.Management.InfrastructureInsights.Admin\tests\src\ResourceHealthTests.cs(53,21): error CS0518: Predefined type 'System.Object' is not defined or imported
C:\gh\azure-sdk-for-net\sdk\azurestack\Microsoft.AzureStack.Management.InfrastructureInsights.Admin\tests\src\ResourceHealthTests.cs(53,21): error CS0103: The name 'Assert' does not exist in the current context
C:\gh\azure-sdk-for-net\sdk\azurestack\Microsoft.AzureStack.Management.InfrastructureInsights.Admin\tests\src\ResourceHealthTests.cs(53,56): error CS0518: Predefined type 'System.Nullable`1' is not defined or imported
C:\gh\azure-sdk-for-net\sdk\azurestack\Microsoft.AzureStack.Management.InfrastructureInsights.Admin\tests\src\ResourceHealthTests.cs(53,94): error CS0518: Predefined type 'System.Nullable`1' is not defined or imported
C:\gh\azure-sdk-for-net\sdk\azurestack\Microsoft.AzureStack.Management.InfrastructureInsights.Admin\tests\src\ResourceHealthTests.cs(56,17): error CS0518: Predefined type 'System.Object' is not defined or imported
C:\gh\azure-sdk-for-net\sdk\azurestack\Microsoft.AzureStack.Management.InfrastructureInsights.Admin\tests\src\ResourceHealthTests.cs(56,17): error CS0103: The name 'Assert' does not exist in the current context
C:\gh\azure-sdk-for-net\sdk\azurestack\Microsoft.AzureStack.Management.InfrastructureInsights.Admin\tests\src\ResourceHealthTests.cs(56,36): error CS0518: Predefined type 'System.String' is not defined or imported
C:\gh\azure-sdk-for-net\sdk\azurestack\Microsoft.AzureStack.Management.InfrastructureInsights.Admin\tests\src\ResourceHealthTests.cs(56,58): error CS0518: Predefined type 'System.String' is not defined or imported
C:\gh\azure-sdk-for-net\sdk\azurestack\Microsoft.AzureStack.Management.InfrastructureInsights.Admin\tests\src\ResourceHealthTests.cs(57,17): error CS0518: Predefined type 'System.Object' is not defined or imported
C:\gh\azure-sdk-for-net\sdk\azurestack\Microsoft.AzureStack.Management.InfrastructureInsights.Admin\tests\src\ResourceHealthTests.cs(57,17): error CS0103: The name 'Assert' does not exist in the current context
C:\gh\azure-sdk-for-net\sdk\azurestack\Microsoft.AzureStack.Management.InfrastructureInsights.Admin\tests\src\ResourceHealthTests.cs(57,36): error CS0518: Predefined type 'System.String' is not defined or imported
C:\gh\azure-sdk-for-net\sdk\azurestack\Microsoft.AzureStack.Management.InfrastructureInsights.Admin\tests\src\ResourceHealthTests.cs(57,64): error CS0518: Predefined type 'System.String' is not defined or imported
C:\gh\azure-sdk-for-net\sdk\azurestack\Microsoft.AzureStack.Management.InfrastructureInsights.Admin\tests\src\ResourceHealthTests.cs(58,17): error CS0518: Predefined type 'System.Object' is not defined or imported
C:\gh\azure-sdk-for-net\sdk\azurestack\Microsoft.AzureStack.Management.InfrastructureInsights.Admin\tests\src\ResourceHealthTests.cs(58,17): error CS0103: The name 'Assert' does not exist in the current context
C:\gh\azure-sdk-for-net\sdk\azurestack\Microsoft.AzureStack.Management.InfrastructureInsights.Admin\tests\src\ResourceHealthTests.cs(58,36): error CS0518: Predefined type 'System.String' is not defined or imported
C:\gh\azure-sdk-for-net\sdk\azurestack\Microsoft.AzureStack.Management.InfrastructureInsights.Admin\tests\src\ResourceHealthTests.cs(58,61): error CS0518: Predefined type 'System.String' is not defined or imported
C:\gh\azure-sdk-for-net\sdk\azurestack\Microsoft.AzureStack.Management.InfrastructureInsights.Admin\tests\src\ResourceHealthTests.cs(59,17): error CS0518: Predefined type 'System.Object' is not defined or imported
C:\gh\azure-sdk-for-net\sdk\azurestack\Microsoft.AzureStack.Management.InfrastructureInsights.Admin\tests\src\ResourceHealthTests.cs(59,17): error CS0103: The name 'Assert' does not exist in the current context
C:\gh\azure-sdk-for-net\sdk\azurestack\Microsoft.AzureStack.Management.InfrastructureInsights.Admin\tests\src\ResourceHealthTests.cs(59,36): error CS0518: Predefined type 'System.String' is not defined or imported
C:\gh\azure-sdk-for-net\sdk\azurestack\Microsoft.AzureStack.Management.InfrastructureInsights.Admin\tests\src\ResourceHealthTests.cs(59,58): error CS0518: Predefined type 'System.String' is not defined or imported
C:\gh\azure-sdk-for-net\sdk\azurestack\Microsoft.AzureStack.Management.InfrastructureInsights.Admin\tests\src\ResourceHealthTests.cs(61,17): error CS0518: Predefined type 'System.Object' is not defined or imported
C:\gh\azure-sdk-for-net\sdk\azurestack\Microsoft.AzureStack.Management.InfrastructureInsights.Admin\tests\src\ResourceHealthTests.cs(61,17): error CS0103: The name 'Assert' does not exist in the current context
C:\gh\azure-sdk-for-net\sdk\azurestack\Microsoft.AzureStack.Management.InfrastructureInsights.Admin\tests\src\ResourceHealthTests.cs(61,36): error CS0518: Predefined type 'System.String' is not defined or imported
C:\gh\azure-sdk-for-net\sdk\azurestack\Microsoft.AzureStack.Management.InfrastructureInsights.Admin\tests\src\ResourceHealthTests.cs(61,66): error CS0518: Predefined type 'System.String' is not defined or imported
C:\gh\azure-sdk-for-net\sdk\azurestack\Microsoft.AzureStack.Management.InfrastructureInsights.Admin\tests\src\ResourceHealthTests.cs(62,17): error CS0518: Predefined type 'System.Object' is not defined or imported
C:\gh\azure-sdk-for-net\sdk\azurestack\Microsoft.AzureStack.Management.InfrastructureInsights.Admin\tests\src\ResourceHealthTests.cs(62,17): error CS0103: The name 'Assert' does not exist in the current context
C:\gh\azure-sdk-for-net\sdk\azurestack\Microsoft.AzureStack.Management.InfrastructureInsights.Admin\tests\src\ResourceHealthTests.cs(62,36): error CS0518: Predefined type 'System.String' is not defined or imported
C:\gh\azure-sdk-for-net\sdk\azurestack\Microsoft.AzureStack.Management.InfrastructureInsights.Admin\tests\src\ResourceHealthTests.cs(62,63): error CS0518: Predefined type 'System.String' is not defined or imported
C:\gh\azure-sdk-for-net\sdk\azurestack\Microsoft.AzureStack.Management.InfrastructureInsights.Admin\tests\src\ResourceHealthTests.cs(63,17): error CS0518: Predefined type 'System.Object' is not defined or imported
C:\gh\azure-sdk-for-net\sdk\azurestack\Microsoft.AzureStack.Management.InfrastructureInsights.Admin\tests\src\ResourceHealthTests.cs(63,17): error CS0103: The name 'Assert' does not exist in the current context
C:\gh\azure-sdk-for-net\sdk\azurestack\Microsoft.AzureStack.Management.InfrastructureInsights.Admin\tests\src\ResourceHealthTests.cs(63,36): error CS0518: Predefined type 'System.String' is not defined or imported
C:\gh\azure-sdk-for-net\sdk\azurestack\Microsoft.AzureStack.Management.InfrastructureInsights.Admin\tests\src\ResourceHealthTests.cs(63,59): error CS0518: Predefined type 'System.String' is not defined or imported
C:\gh\azure-sdk-for-net\sdk\azurestack\Microsoft.AzureStack.Management.InfrastructureInsights.Admin\tests\src\ResourceHealthTests.cs(64,17): error CS0518: Predefined type 'System.Object' is not defined or imported
C:\gh\azure-sdk-for-net\sdk\azurestack\Microsoft.AzureStack.Management.InfrastructureInsights.Admin\tests\src\ResourceHealthTests.cs(64,17): error CS0103: The name 'Assert' does not exist in the current context
C:\gh\azure-sdk-for-net\sdk\azurestack\Microsoft.AzureStack.Management.InfrastructureInsights.Admin\tests\src\ResourceHealthTests.cs(64,36): error CS0518: Predefined type 'System.String' is not defined or imported
C:\gh\azure-sdk-for-net\sdk\azurestack\Microsoft.AzureStack.Management.InfrastructureInsights.Admin\tests\src\ResourceHealthTests.cs(64,59): error CS0518: Predefined type 'System.String' is not defined or imported
C:\gh\azure-sdk-for-net\sdk\azurestack\Microsoft.AzureStack.Management.InfrastructureInsights.Admin\tests\src\ResourceHealthTests.cs(65,17): error CS0518: Predefined type 'System.Object' is not defined or imported
C:\gh\azure-sdk-for-net\sdk\azurestack\Microsoft.AzureStack.Management.InfrastructureInsights.Admin\tests\src\ResourceHealthTests.cs(65,17): error CS0103: The name 'Assert' does not exist in the current context
C:\gh\azure-sdk-for-net\sdk\azurestack\Microsoft.AzureStack.Management.InfrastructureInsights.Admin\tests\src\ResourceHealthTests.cs(65,36): error CS0518: Predefined type 'System.String' is not defined or imported
C:\gh\azure-sdk-for-net\sdk\azurestack\Microsoft.AzureStack.Management.InfrastructureInsights.Admin\tests\src\ResourceHealthTests.cs(65,58): error CS0518: Predefined type 'System.String' is not defined or imported
C:\gh\azure-sdk-for-net\sdk\azurestack\Microsoft.AzureStack.Management.InfrastructureInsights.Admin\tests\src\ResourceHealthTests.cs(66,17): error CS0518: Predefined type 'System.Object' is not defined or imported
C:\gh\azure-sdk-for-net\sdk\azurestack\Microsoft.AzureStack.Management.InfrastructureInsights.Admin\tests\src\ResourceHealthTests.cs(66,17): error CS0103: The name 'Assert' does not exist in the current context
C:\gh\azure-sdk-for-net\sdk\azurestack\Microsoft.AzureStack.Management.InfrastructureInsights.Admin\tests\src\ResourceHealthTests.cs(66,36): error CS0518: Predefined type 'System.String' is not defined or imported
C:\gh\azure-sdk-for-net\sdk\azurestack\Microsoft.AzureStack.Management.InfrastructureInsights.Admin\tests\src\ResourceHealthTests.cs(66,63): error CS0518: Predefined type 'System.String' is not defined or imported
C:\gh\azure-sdk-for-net\sdk\azurestack\Microsoft.AzureStack.Management.InfrastructureInsights.Admin\tests\src\ResourceHealthTests.cs(68,27): error CS0246: The type or namespace name 'IList<>' could not be found (are you missing a using directive or an assembly reference?)
C:\gh\azure-sdk-for-net\sdk\azurestack\Microsoft.AzureStack.Management.InfrastructureInsights.Admin\tests\src\ResourceHealthTests.cs(68,21): error CS0518: Predefined type 'System.Boolean' is not defined or imported
C:\gh\azure-sdk-for-net\sdk\azurestack\Microsoft.AzureStack.Management.InfrastructureInsights.Admin\tests\src\ResourceHealthTests.cs(68,21): error CS0518: Predefined type 'System.Boolean' is not defined or imported
C:\gh\azure-sdk-for-net\sdk\azurestack\Microsoft.AzureStack.Management.InfrastructureInsights.Admin\tests\src\ResourceHealthTests.cs(70,21): error CS0518: Predefined type 'System.Object' is not defined or imported
C:\gh\azure-sdk-for-net\sdk\azurestack\Microsoft.AzureStack.Management.InfrastructureInsights.Admin\tests\src\ResourceHealthTests.cs(70,21): error CS0103: The name 'Assert' does not exist in the current context
C:\gh\azure-sdk-for-net\sdk\azurestack\Microsoft.AzureStack.Management.InfrastructureInsights.Admin\tests\src\ResourceHealthTests.cs(70,39): error CS0246: The type or namespace name 'IList<>' could not be found (are you missing a using directive or an assembly reference?)
C:\gh\azure-sdk-for-net\sdk\azurestack\Microsoft.AzureStack.Management.InfrastructureInsights.Admin\tests\src\ResourceHealthTests.cs(74,21): error CS0518: Predefined type 'System.Object' is not defined or imported
C:\gh\azure-sdk-for-net\sdk\azurestack\Microsoft.AzureStack.Management.InfrastructureInsights.Admin\tests\src\ResourceHealthTests.cs(74,21): error CS0103: The name 'Assert' does not exist in the current context
C:\gh\azure-sdk-for-net\sdk\azurestack\Microsoft.AzureStack.Management.InfrastructureInsights.Admin\tests\src\ResourceHealthTests.cs(74,42): error CS0246: The type or namespace name 'IList<>' could not be found (are you missing a using directive or an assembly reference?)
C:\gh\azure-sdk-for-net\sdk\azurestack\Microsoft.AzureStack.Management.InfrastructureInsights.Admin\tests\src\ResourceHealthTests.cs(75,21): error CS0518: Predefined type 'System.Object' is not defined or imported
C:\gh\azure-sdk-for-net\sdk\azurestack\Microsoft.AzureStack.Management.InfrastructureInsights.Admin\tests\src\ResourceHealthTests.cs(75,21): error CS0103: The name 'Assert' does not exist in the current context
C:\gh\azure-sdk-for-net\sdk\azurestack\Microsoft.AzureStack.Management.InfrastructureInsights.Admin\tests\src\ResourceHealthTests.cs(75,40): error CS0246: The type or namespace name 'IList<>' could not be found (are you missing a using directive or an assembly reference?)
C:\gh\azure-sdk-for-net\sdk\azurestack\Microsoft.AzureStack.Management.InfrastructureInsights.Admin\tests\src\ResourceHealthTests.cs(75,69): error CS0246: The type or namespace name 'IList<>' could not be found (are you missing a using directive or an assembly reference?)
C:\gh\azure-sdk-for-net\sdk\azurestack\Microsoft.AzureStack.Management.InfrastructureInsights.Admin\tests\src\Helpers\Common.cs(172,13): error CS0518: Predefined type 'System.Object' is not defined or imported
C:\gh\azure-sdk-for-net\sdk\azurestack\Microsoft.AzureStack.Management.InfrastructureInsights.Admin\tests\src\Helpers\Common.cs(172,13): error CS0246: The type or namespace name 'StringBuilder' could not be found (are you missing a using directive or an assembly reference?)
C:\gh\azure-sdk-for-net\sdk\azurestack\Microsoft.AzureStack.Management.InfrastructureInsights.Admin\tests\src\Helpers\Common.cs(172,36): error CS0518: Predefined type 'System.Object' is not defined or imported
C:\gh\azure-sdk-for-net\sdk\azurestack\Microsoft.AzureStack.Management.InfrastructureInsights.Admin\tests\src\Helpers\Common.cs(172,36): error CS0246: The type or namespace name 'StringBuilder' could not be found (are you missing a using directive or an assembly reference?)
C:\gh\azure-sdk-for-net\sdk\azurestack\Microsoft.AzureStack.Management.InfrastructureInsights.Admin\tests\src\Helpers\Common.cs(173,13): error CS0518: Predefined type 'System.Object' is not defined or imported
C:\gh\azure-sdk-for-net\sdk\azurestack\Microsoft.AzureStack.Management.InfrastructureInsights.Admin\tests\src\Helpers\Common.cs(173,13): error CS0246: The type or namespace name 'Action<>' could not be found (are you missing a using directive or an assembly reference?)
C:\gh\azure-sdk-for-net\sdk\azurestack\Microsoft.AzureStack.Management.InfrastructureInsights.Admin\tests\src\Helpers\Common.cs(174,13): error CS0518: Predefined type 'System.Object' is not defined or imported
C:\gh\azure-sdk-for-net\sdk\azurestack\Microsoft.AzureStack.Management.InfrastructureInsights.Admin\tests\src\Helpers\Common.cs(176,25): error CS0518: Predefined type 'System.Object' is not defined or imported
C:\gh\azure-sdk-for-net\sdk\azurestack\Microsoft.AzureStack.Management.InfrastructureInsights.Admin\tests\src\Helpers\Common.cs(176,25): error CS0103: The name 'Encoding' does not exist in the current context
C:\gh\azure-sdk-for-net\sdk\azurestack\Microsoft.AzureStack.Management.InfrastructureInsights.Admin\tests\src\Helpers\Common.cs(177,33): error CS0518: Predefined type 'System.Int32' is not defined or imported
C:\gh\azure-sdk-for-net\sdk\azurestack\Microsoft.AzureStack.Management.InfrastructureInsights.Admin\tests\src\RegionHealthTests.cs(71,13): error CS0518: Predefined type 'System.Object' is not defined or imported
C:\gh\azure-sdk-for-net\sdk\azurestack\Microsoft.AzureStack.Management.InfrastructureInsights.Admin\tests\src\Helpers\Common.cs(190,13): error CS0518: Predefined type 'System.Object' is not defined or imported
C:\gh\azure-sdk-for-net\sdk\azurestack\Microsoft.AzureStack.Management.InfrastructureInsights.Admin\tests\src\Helpers\Common.cs(190,13): error CS0246: The type or namespace name 'StringBuilder' could not be found (are you missing a using directive or an assembly reference?)
C:\gh\azure-sdk-for-net\sdk\azurestack\Microsoft.AzureStack.Management.InfrastructureInsights.Admin\tests\src\Helpers\Common.cs(190,36): error CS0518: Predefined type 'System.Object' is not defined or imported
C:\gh\azure-sdk-for-net\sdk\azurestack\Microsoft.AzureStack.Management.InfrastructureInsights.Admin\tests\src\Helpers\Common.cs(190,36): error CS0246: The type or namespace name 'StringBuilder' could not be found (are you missing a using directive or an assembly reference?)
C:\gh\azure-sdk-for-net\sdk\azurestack\Microsoft.AzureStack.Management.InfrastructureInsights.Admin\tests\src\Helpers\Common.cs(191,13): error CS0518: Predefined type 'System.Object' is not defined or imported
C:\gh\azure-sdk-for-net\sdk\azurestack\Microsoft.AzureStack.Management.InfrastructureInsights.Admin\tests\src\Helpers\Common.cs(191,13): error CS0246: The type or namespace name 'Action<>' could not be found (are you missing a using directive or an assembly reference?)
C:\gh\azure-sdk-for-net\sdk\azurestack\Microsoft.AzureStack.Management.InfrastructureInsights.Admin\tests\src\Helpers\Common.cs(193,25): error CS0518: Predefined type 'System.Object' is not defined or imported
C:\gh\azure-sdk-for-net\sdk\azurestack\Microsoft.AzureStack.Management.InfrastructureInsights.Admin\tests\src\Helpers\Common.cs(193,25): error CS0103: The name 'Encoding' does not exist in the current context
C:\gh\azure-sdk-for-net\sdk\azurestack\Microsoft.AzureStack.Management.InfrastructureInsights.Admin\tests\src\Helpers\Common.cs(194,33): error CS0518: Predefined type 'System.Int32' is not defined or imported
C:\gh\azure-sdk-for-net\sdk\azurestack\Microsoft.AzureStack.Management.InfrastructureInsights.Admin\tests\src\Helpers\Common.cs(20,18): error CS1729: 'object' does not contain a constructor that takes 0 arguments
C:\gh\azure-sdk-for-net\sdk\azurestack\Microsoft.AzureStack.Management.InfrastructureInsights.Admin\tests\src\AlertTests.cs(18,17): error CS0246: The type or namespace name 'IResource' could not be found (are you missing a using directive or an assembly reference?)
C:\gh\azure-sdk-for-net\sdk\azurestack\Microsoft.AzureStack.Management.InfrastructureInsights.Admin\tests\src\AlertTests.cs(18,17): error CS0518: Predefined type 'System.Boolean' is not defined or imported
C:\gh\azure-sdk-for-net\sdk\azurestack\Microsoft.AzureStack.Management.InfrastructureInsights.Admin\tests\src\AlertTests.cs(20,17): error CS0518: Predefined type 'System.Object' is not defined or imported
C:\gh\azure-sdk-for-net\sdk\azurestack\Microsoft.AzureStack.Management.InfrastructureInsights.Admin\tests\src\AlertTests.cs(20,17): error CS0103: The name 'Assert' does not exist in the current context
C:\gh\azure-sdk-for-net\sdk\azurestack\Microsoft.AzureStack.Management.InfrastructureInsights.Admin\tests\src\AlertTests.cs(24,17): error CS0518: Predefined type 'System.Object' is not defined or imported
C:\gh\azure-sdk-for-net\sdk\azurestack\Microsoft.AzureStack.Management.InfrastructureInsights.Admin\tests\src\AlertTests.cs(24,17): error CS0103: The name 'Assert' does not exist in the current context
C:\gh\azure-sdk-for-net\sdk\azurestack\Microsoft.AzureStack.Management.InfrastructureInsights.Admin\tests\src\AlertTests.cs(24,29): error CS0518: Predefined type 'System.Object' is not defined or imported
C:\gh\azure-sdk-for-net\sdk\azurestack\Microsoft.AzureStack.Management.InfrastructureInsights.Admin\tests\src\AlertTests.cs(24,58): error CS0518: Predefined type 'System.Object' is not defined or imported
C:\gh\azure-sdk-for-net\sdk\azurestack\Microsoft.AzureStack.Management.InfrastructureInsights.Admin\tests\src\AlertTests.cs(25,17): error CS0518: Predefined type 'System.Object' is not defined or imported
C:\gh\azure-sdk-for-net\sdk\azurestack\Microsoft.AzureStack.Management.InfrastructureInsights.Admin\tests\src\AlertTests.cs(25,17): error CS0103: The name 'Assert' does not exist in the current context
C:\gh\azure-sdk-for-net\sdk\azurestack\Microsoft.AzureStack.Management.InfrastructureInsights.Admin\tests\src\AlertTests.cs(25,39): error CS0518: Predefined type 'System.String' is not defined or imported
C:\gh\azure-sdk-for-net\sdk\azurestack\Microsoft.AzureStack.Management.InfrastructureInsights.Admin\tests\src\AlertTests.cs(25,54): error CS0518: Predefined type 'System.String' is not defined or imported
C:\gh\azure-sdk-for-net\sdk\azurestack\Microsoft.AzureStack.Management.InfrastructureInsights.Admin\tests\src\AlertTests.cs(27,30): error CS0246: The type or namespace name 'IDictionary<,>' could not be found (are you missing a using directive or an assembly reference?)
C:\gh\azure-sdk-for-net\sdk\azurestack\Microsoft.AzureStack.Management.InfrastructureInsights.Admin\tests\src\AlertTests.cs(27,21): error CS0518: Predefined type 'System.Boolean' is not defined or imported
C:\gh\azure-sdk-for-net\sdk\azurestack\Microsoft.AzureStack.Management.InfrastructureInsights.Admin\tests\src\AlertTests.cs(27,21): error CS0518: Predefined type 'System.Boolean' is not defined or imported
C:\gh\azure-sdk-for-net\sdk\azurestack\Microsoft.AzureStack.Management.InfrastructureInsights.Admin\tests\src\AlertTests.cs(29,21): error CS0518: Predefined type 'System.Object' is not defined or imported
C:\gh\azure-sdk-for-net\sdk\azurestack\Microsoft.AzureStack.Management.InfrastructureInsights.Admin\tests\src\AlertTests.cs(29,21): error CS0103: The name 'Assert' does not exist in the current context
C:\gh\azure-sdk-for-net\sdk\azurestack\Microsoft.AzureStack.Management.InfrastructureInsights.Admin\tests\src\AlertTests.cs(29,39): error CS0246: The type or namespace name 'IDictionary<,>' could not be found (are you missing a using directive or an assembly reference?)
C:\gh\azure-sdk-for-net\sdk\azurestack\Microsoft.AzureStack.Management.InfrastructureInsights.Admin\tests\src\AlertTests.cs(33,21): error CS0518: Predefined type 'System.Object' is not defined or imported
C:\gh\azure-sdk-for-net\sdk\azurestack\Microsoft.AzureStack.Management.InfrastructureInsights.Admin\tests\src\AlertTests.cs(33,21): error CS0103: The name 'Assert' does not exist in the current context
C:\gh\azure-sdk-for-net\sdk\azurestack\Microsoft.AzureStack.Management.InfrastructureInsights.Admin\tests\src\AlertTests.cs(33,43): error CS0246: The type or namespace name 'IDictionary<,>' could not be found (are you missing a using directive or an assembly reference?)
C:\gh\azure-sdk-for-net\sdk\azurestack\Microsoft.AzureStack.Management.InfrastructureInsights.Admin\tests\src\AlertTests.cs(33,72): error CS0246: The type or namespace name 'IDictionary<,>' could not be found (are you missing a using directive or an assembly reference?)
C:\gh\azure-sdk-for-net\sdk\azurestack\Microsoft.AzureStack.Management.InfrastructureInsights.Admin\tests\src\AlertTests.cs(36,17): error CS0518: Predefined type 'System.Object' is not defined or imported
C:\gh\azure-sdk-for-net\sdk\azurestack\Microsoft.AzureStack.Management.InfrastructureInsights.Admin\tests\src\AlertTests.cs(36,17): error CS0103: The name 'Assert' does not exist in the current context
C:\gh\azure-sdk-for-net\sdk\azurestack\Microsoft.AzureStack.Management.InfrastructureInsights.Admin\tests\src\AlertTests.cs(36,39): error CS0518: Predefined type 'System.String' is not defined or imported
C:\gh\azure-sdk-for-net\sdk\azurestack\Microsoft.AzureStack.Management.InfrastructureInsights.Admin\tests\src\AlertTests.cs(36,64): error CS0518: Predefined type 'System.String' is not defined or imported
C:\gh\azure-sdk-for-net\sdk\azurestack\Microsoft.AzureStack.Management.InfrastructureInsights.Admin\tests\src\AlertTests.cs(37,17): error CS0518: Predefined type 'System.Object' is not defined or imported
C:\gh\azure-sdk-for-net\sdk\azurestack\Microsoft.AzureStack.Management.InfrastructureInsights.Admin\tests\src\AlertTests.cs(37,17): error CS0103: The name 'Assert' does not exist in the current context
C:\gh\azure-sdk-for-net\sdk\azurestack\Microsoft.AzureStack.Management.InfrastructureInsights.Admin\tests\src\AlertTests.cs(37,39): error CS0518: Predefined type 'System.String' is not defined or imported
C:\gh\azure-sdk-for-net\sdk\azurestack\Microsoft.AzureStack.Management.InfrastructureInsights.Admin\tests\src\AlertTests.cs(37,62): error CS0518: Predefined type 'System.String' is not defined or imported
C:\gh\azure-sdk-for-net\sdk\azurestack\Microsoft.AzureStack.Management.InfrastructureInsights.Admin\tests\src\AlertTests.cs(38,17): error CS0518: Predefined type 'System.Object' is not defined or imported
C:\gh\azure-sdk-for-net\sdk\azurestack\Microsoft.AzureStack.Management.InfrastructureInsights.Admin\tests\src\AlertTests.cs(38,17): error CS0103: The name 'Assert' does not exist in the current context
C:\gh\azure-sdk-for-net\sdk\azurestack\Microsoft.AzureStack.Management.InfrastructureInsights.Admin\tests\src\AlertTests.cs(38,39): error CS0518: Predefined type 'System.String' is not defined or imported
C:\gh\azure-sdk-for-net\sdk\azurestack\Microsoft.AzureStack.Management.InfrastructureInsights.Admin\tests\src\AlertTests.cs(38,63): error CS0518: Predefined type 'System.String' is not defined or imported
C:\gh\azure-sdk-for-net\sdk\azurestack\Microsoft.AzureStack.Management.InfrastructureInsights.Admin\tests\src\AlertTests.cs(40,30): error CS0246: The type or namespace name 'IList<>' could not be found (are you missing a using directive or an assembly reference?)
C:\gh\azure-sdk-for-net\sdk\azurestack\Microsoft.AzureStack.Management.InfrastructureInsights.Admin\tests\src\AlertTests.cs(40,21): error CS0518: Predefined type 'System.Boolean' is not defined or imported
C:\gh\azure-sdk-for-net\sdk\azurestack\Microsoft.AzureStack.Management.InfrastructureInsights.Admin\tests\src\AlertTests.cs(40,21): error CS0518: Predefined type 'System.Boolean' is not defined or imported
C:\gh\azure-sdk-for-net\sdk\azurestack\Microsoft.AzureStack.Management.InfrastructureInsights.Admin\tests\src\AlertTests.cs(42,21): error CS0518: Predefined type 'System.Object' is not defined or imported
C:\gh\azure-sdk-for-net\sdk\azurestack\Microsoft.AzureStack.Management.InfrastructureInsights.Admin\tests\src\AlertTests.cs(42,21): error CS0103: The name 'Assert' does not exist in the current context
C:\gh\azure-sdk-for-net\sdk\azurestack\Microsoft.AzureStack.Management.InfrastructureInsights.Admin\tests\src\AlertTests.cs(42,39): error CS0246: The type or namespace name 'IList<>' could not be found (are you missing a using directive or an assembly reference?)
C:\gh\azure-sdk-for-net\sdk\azurestack\Microsoft.AzureStack.Management.InfrastructureInsights.Admin\tests\src\AlertTests.cs(46,21): error CS0518: Predefined type 'System.Object' is not defined or imported
C:\gh\azure-sdk-for-net\sdk\azurestack\Microsoft.AzureStack.Management.InfrastructureInsights.Admin\tests\src\AlertTests.cs(46,21): error CS0103: The name 'Assert' does not exist in the current context
C:\gh\azure-sdk-for-net\sdk\azurestack\Microsoft.AzureStack.Management.InfrastructureInsights.Admin\tests\src\AlertTests.cs(46,43): error CS0246: The type or namespace name 'IList<>' could not be found (are you missing a using directive or an assembly reference?)
C:\gh\azure-sdk-for-net\sdk\azurestack\Microsoft.AzureStack.Management.InfrastructureInsights.Admin\tests\src\AlertTests.cs(46,68): error CS0246: The type or namespace name 'IList<>' could not be found (are you missing a using directive or an assembly reference?)
C:\gh\azure-sdk-for-net\sdk\azurestack\Microsoft.AzureStack.Management.InfrastructureInsights.Admin\tests\src\AlertTests.cs(49,17): error CS0518: Predefined type 'System.Object' is not defined or imported
C:\gh\azure-sdk-for-net\sdk\azurestack\Microsoft.AzureStack.Management.InfrastructureInsights.Admin\tests\src\AlertTests.cs(49,17): error CS0103: The name 'Assert' does not exist in the current context
C:\gh\azure-sdk-for-net\sdk\azurestack\Microsoft.AzureStack.Management.InfrastructureInsights.Admin\tests\src\AlertTests.cs(49,39): error CS0518: Predefined type 'System.String' is not defined or imported
C:\gh\azure-sdk-for-net\sdk\azurestack\Microsoft.AzureStack.Management.InfrastructureInsights.Admin\tests\src\AlertTests.cs(49,54): error CS0518: Predefined type 'System.String' is not defined or imported
C:\gh\azure-sdk-for-net\sdk\azurestack\Microsoft.AzureStack.Management.InfrastructureInsights.Admin\tests\src\AlertTests.cs(50,17): error CS0518: Predefined type 'System.Object' is not defined or imported
C:\gh\azure-sdk-for-net\sdk\azurestack\Microsoft.AzureStack.Management.InfrastructureInsights.Admin\tests\src\AlertTests.cs(50,17): error CS0103: The name 'Assert' does not exist in the current context
C:\gh\azure-sdk-for-net\sdk\azurestack\Microsoft.AzureStack.Management.InfrastructureInsights.Admin\tests\src\AlertTests.cs(50,39): error CS0518: Predefined type 'System.String' is not defined or imported
C:\gh\azure-sdk-for-net\sdk\azurestack\Microsoft.AzureStack.Management.InfrastructureInsights.Admin\tests\src\AlertTests.cs(50,58): error CS0518: Predefined type 'System.String' is not defined or imported
C:\gh\azure-sdk-for-net\sdk\azurestack\Microsoft.AzureStack.Management.InfrastructureInsights.Admin\tests\src\AlertTests.cs(51,17): error CS0518: Predefined type 'System.Object' is not defined or imported
C:\gh\azure-sdk-for-net\sdk\azurestack\Microsoft.AzureStack.Management.InfrastructureInsights.Admin\tests\src\AlertTests.cs(51,17): error CS0103: The name 'Assert' does not exist in the current context
C:\gh\azure-sdk-for-net\sdk\azurestack\Microsoft.AzureStack.Management.InfrastructureInsights.Admin\tests\src\AlertTests.cs(51,39): error CS0518: Predefined type 'System.String' is not defined or imported
C:\gh\azure-sdk-for-net\sdk\azurestack\Microsoft.AzureStack.Management.InfrastructureInsights.Admin\tests\src\AlertTests.cs(51,74): error CS0518: Predefined type 'System.String' is not defined or imported
C:\gh\azure-sdk-for-net\sdk\azurestack\Microsoft.AzureStack.Management.InfrastructureInsights.Admin\tests\src\AlertTests.cs(52,17): error CS0518: Predefined type 'System.Object' is not defined or imported
C:\gh\azure-sdk-for-net\sdk\azurestack\Microsoft.AzureStack.Management.InfrastructureInsights.Admin\tests\src\AlertTests.cs(52,17): error CS0103: The name 'Assert' does not exist in the current context
C:\gh\azure-sdk-for-net\sdk\azurestack\Microsoft.AzureStack.Management.InfrastructureInsights.Admin\tests\src\AlertTests.cs(52,39): error CS0518: Predefined type 'System.String' is not defined or imported
C:\gh\azure-sdk-for-net\sdk\azurestack\Microsoft.AzureStack.Management.InfrastructureInsights.Admin\tests\src\AlertTests.cs(52,65): error CS0518: Predefined type 'System.String' is not defined or imported
C:\gh\azure-sdk-for-net\sdk\azurestack\Microsoft.AzureStack.Management.InfrastructureInsights.Admin\tests\src\AlertTests.cs(53,17): error CS0518: Predefined type 'System.Object' is not defined or imported
C:\gh\azure-sdk-for-net\sdk\azurestack\Microsoft.AzureStack.Management.InfrastructureInsights.Admin\tests\src\AlertTests.cs(53,17): error CS0103: The name 'Assert' does not exist in the current context
C:\gh\azure-sdk-for-net\sdk\azurestack\Microsoft.AzureStack.Management.InfrastructureInsights.Admin\tests\src\AlertTests.cs(53,39): error CS0518: Predefined type 'System.String' is not defined or imported
C:\gh\azure-sdk-for-net\sdk\azurestack\Microsoft.AzureStack.Management.InfrastructureInsights.Admin\tests\src\AlertTests.cs(53,67): error CS0518: Predefined type 'System.String' is not defined or imported
C:\gh\azure-sdk-for-net\sdk\azurestack\Microsoft.AzureStack.Management.InfrastructureInsights.Admin\tests\src\AlertTests.cs(55,30): error CS0246: The type or namespace name 'IList<>' could not be found (are you missing a using directive or an assembly reference?)
C:\gh\azure-sdk-for-net\sdk\azurestack\Microsoft.AzureStack.Management.InfrastructureInsights.Admin\tests\src\AlertTests.cs(55,21): error CS0518: Predefined type 'System.Boolean' is not defined or imported
C:\gh\azure-sdk-for-net\sdk\azurestack\Microsoft.AzureStack.Management.InfrastructureInsights.Admin\tests\src\AlertTests.cs(55,21): error CS0518: Predefined type 'System.Boolean' is not defined or imported
C:\gh\azure-sdk-for-net\sdk\azurestack\Microsoft.AzureStack.Management.InfrastructureInsights.Admin\tests\src\AlertTests.cs(57,21): error CS0518: Predefined type 'System.Object' is not defined or imported
C:\gh\azure-sdk-for-net\sdk\azurestack\Microsoft.AzureStack.Management.InfrastructureInsights.Admin\tests\src\AlertTests.cs(57,21): error CS0103: The name 'Assert' does not exist in the current context
C:\gh\azure-sdk-for-net\sdk\azurestack\Microsoft.AzureStack.Management.InfrastructureInsights.Admin\tests\src\AlertTests.cs(57,39): error CS0246: The type or namespace name 'IList<>' could not be found (are you missing a using directive or an assembly reference?)
C:\gh\azure-sdk-for-net\sdk\azurestack\Microsoft.AzureStack.Management.InfrastructureInsights.Admin\tests\src\AlertTests.cs(61,21): error CS0518: Predefined type 'System.Object' is not defined or imported
C:\gh\azure-sdk-for-net\sdk\azurestack\Microsoft.AzureStack.Management.InfrastructureInsights.Admin\tests\src\AlertTests.cs(61,21): error CS0103: The name 'Assert' does not exist in the current context
C:\gh\azure-sdk-for-net\sdk\azurestack\Microsoft.AzureStack.Management.InfrastructureInsights.Admin\tests\src\AlertTests.cs(61,43): error CS0246: The type or namespace name 'IList<>' could not be found (are you missing a using directive or an assembly reference?)
C:\gh\azure-sdk-for-net\sdk\azurestack\Microsoft.AzureStack.Management.InfrastructureInsights.Admin\tests\src\AlertTests.cs(61,68): error CS0246: The type or namespace name 'IList<>' could not be found (are you missing a using directive or an assembly reference?)
C:\gh\azure-sdk-for-net\sdk\azurestack\Microsoft.AzureStack.Management.InfrastructureInsights.Admin\tests\src\AlertTests.cs(64,17): error CS0518: Predefined type 'System.Object' is not defined or imported
C:\gh\azure-sdk-for-net\sdk\azurestack\Microsoft.AzureStack.Management.InfrastructureInsights.Admin\tests\src\AlertTests.cs(64,17): error CS0103: The name 'Assert' does not exist in the current context
C:\gh\azure-sdk-for-net\sdk\azurestack\Microsoft.AzureStack.Management.InfrastructureInsights.Admin\tests\src\AlertTests.cs(64,39): error CS0518: Predefined type 'System.String' is not defined or imported
C:\gh\azure-sdk-for-net\sdk\azurestack\Microsoft.AzureStack.Management.InfrastructureInsights.Admin\tests\src\AlertTests.cs(64,77): error CS0518: Predefined type 'System.String' is not defined or imported
C:\gh\azure-sdk-for-net\sdk\azurestack\Microsoft.AzureStack.Management.InfrastructureInsights.Admin\tests\src\AlertTests.cs(65,17): error CS0518: Predefined type 'System.Object' is not defined or imported
C:\gh\azure-sdk-for-net\sdk\azurestack\Microsoft.AzureStack.Management.InfrastructureInsights.Admin\tests\src\AlertTests.cs(65,17): error CS0103: The name 'Assert' does not exist in the current context
C:\gh\azure-sdk-for-net\sdk\azurestack\Microsoft.AzureStack.Management.InfrastructureInsights.Admin\tests\src\AlertTests.cs(65,39): error CS0518: Predefined type 'System.String' is not defined or imported
C:\gh\azure-sdk-for-net\sdk\azurestack\Microsoft.AzureStack.Management.InfrastructureInsights.Admin\tests\src\AlertTests.cs(65,69): error CS0518: Predefined type 'System.String' is not defined or imported
C:\gh\azure-sdk-for-net\sdk\azurestack\Microsoft.AzureStack.Management.InfrastructureInsights.Admin\tests\src\AlertTests.cs(66,17): error CS0518: Predefined type 'System.Object' is not defined or imported
C:\gh\azure-sdk-for-net\sdk\azurestack\Microsoft.AzureStack.Management.InfrastructureInsights.Admin\tests\src\AlertTests.cs(66,17): error CS0103: The name 'Assert' does not exist in the current context
C:\gh\azure-sdk-for-net\sdk\azurestack\Microsoft.AzureStack.Management.InfrastructureInsights.Admin\tests\src\AlertTests.cs(66,39): error CS0518: Predefined type 'System.String' is not defined or imported
C:\gh\azure-sdk-for-net\sdk\azurestack\Microsoft.AzureStack.Management.InfrastructureInsights.Admin\tests\src\AlertTests.cs(66,55): error CS0518: Predefined type 'System.String' is not defined or imported
C:\gh\azure-sdk-for-net\sdk\azurestack\Microsoft.AzureStack.Management.InfrastructureInsights.Admin\tests\src\AlertTests.cs(67,17): error CS0518: Predefined type 'System.Object' is not defined or imported
C:\gh\azure-sdk-for-net\sdk\azurestack\Microsoft.AzureStack.Management.InfrastructureInsights.Admin\tests\src\AlertTests.cs(67,17): error CS0103: The name 'Assert' does not exist in the current context
C:\gh\azure-sdk-for-net\sdk\azurestack\Microsoft.AzureStack.Management.InfrastructureInsights.Admin\tests\src\AlertTests.cs(67,39): error CS0518: Predefined type 'System.String' is not defined or imported
C:\gh\azure-sdk-for-net\sdk\azurestack\Microsoft.AzureStack.Management.InfrastructureInsights.Admin\tests\src\AlertTests.cs(67,52): error CS0518: Predefined type 'System.String' is not defined or imported
C:\gh\azure-sdk-for-net\sdk\azurestack\Microsoft.AzureStack.Management.InfrastructureInsights.Admin\tests\src\AlertTests.cs(68,17): error CS0518: Predefined type 'System.Object' is not defined or imported
C:\gh\azure-sdk-for-net\sdk\azurestack\Microsoft.AzureStack.Management.InfrastructureInsights.Admin\tests\src\AlertTests.cs(68,17): error CS0103: The name 'Assert' does not exist in the current context
C:\gh\azure-sdk-for-net\sdk\azurestack\Microsoft.AzureStack.Management.InfrastructureInsights.Admin\tests\src\AlertTests.cs(68,39): error CS0518: Predefined type 'System.String' is not defined or imported
C:\gh\azure-sdk-for-net\sdk\azurestack\Microsoft.AzureStack.Management.InfrastructureInsights.Admin\tests\src\AlertTests.cs(68,52): error CS0518: Predefined type 'System.String' is not defined or imported
C:\gh\azure-sdk-for-net\sdk\azurestack\Microsoft.AzureStack.Management.InfrastructureInsights.Admin\tests\src\ServiceHealthTests.cs(44,13): error CS0518: Predefined type 'System.Object' is not defined or imported
C:\gh\azure-sdk-for-net\sdk\azurestack\Microsoft.AzureStack.Management.InfrastructureInsights.Admin\tests\src\AlertTests.cs(73,13): error CS0518: Predefined type 'System.Object' is not defined or imported
C:\gh\azure-sdk-for-net\sdk\azurestack\Microsoft.AzureStack.Management.InfrastructureInsights.Admin\tests\src\AlertTests.cs(73,13): error CS0103: The name 'Assert' does not exist in the current context
C:\gh\azure-sdk-for-net\sdk\azurestack\Microsoft.AzureStack.Management.InfrastructureInsights.Admin\tests\src\AlertTests.cs(74,13): error CS0518: Predefined type 'System.Object' is not defined or imported
C:\gh\azure-sdk-for-net\sdk\azurestack\Microsoft.AzureStack.Management.InfrastructureInsights.Admin\tests\src\AlertTests.cs(74,13): error CS0103: The name 'Assert' does not exist in the current context
C:\gh\azure-sdk-for-net\sdk\azurestack\Microsoft.AzureStack.Management.InfrastructureInsights.Admin\tests\src\AlertTests.cs(74,34): error CS0518: Predefined type 'System.String' is not defined or imported
C:\gh\azure-sdk-for-net\sdk\azurestack\Microsoft.AzureStack.Management.InfrastructureInsights.Admin\tests\src\AlertTests.cs(75,13): error CS0518: Predefined type 'System.Object' is not defined or imported
C:\gh\azure-sdk-for-net\sdk\azurestack\Microsoft.AzureStack.Management.InfrastructureInsights.Admin\tests\src\AlertTests.cs(75,13): error CS0103: The name 'Assert' does not exist in the current context
C:\gh\azure-sdk-for-net\sdk\azurestack\Microsoft.AzureStack.Management.InfrastructureInsights.Admin\tests\src\AlertTests.cs(75,34): error CS0246: The type or namespace name 'IDictionary<,>' could not be found (are you missing a using directive or an assembly reference?)
C:\gh\azure-sdk-for-net\sdk\azurestack\Microsoft.AzureStack.Management.InfrastructureInsights.Admin\tests\src\AlertTests.cs(82,13): error CS0518: Predefined type 'System.Object' is not defined or imported
C:\gh\azure-sdk-for-net\sdk\azurestack\Microsoft.AzureStack.Management.InfrastructureInsights.Admin\tests\src\AlertTests.cs(82,13): error CS0103: The name 'Assert' does not exist in the current context
C:\gh\azure-sdk-for-net\sdk\azurestack\Microsoft.AzureStack.Management.InfrastructureInsights.Admin\tests\src\AlertTests.cs(82,34): error CS0518: Predefined type 'System.String' is not defined or imported
C:\gh\azure-sdk-for-net\sdk\azurestack\Microsoft.AzureStack.Management.InfrastructureInsights.Admin\tests\src\AlertTests.cs(83,13): error CS0518: Predefined type 'System.Object' is not defined or imported
C:\gh\azure-sdk-for-net\sdk\azurestack\Microsoft.AzureStack.Management.InfrastructureInsights.Admin\tests\src\AlertTests.cs(83,13): error CS0103: The name 'Assert' does not exist in the current context
C:\gh\azure-sdk-for-net\sdk\azurestack\Microsoft.AzureStack.Management.InfrastructureInsights.Admin\tests\src\AlertTests.cs(83,34): error CS0246: The type or namespace name 'IList<>' could not be found (are you missing a using directive or an assembly reference?)
C:\gh\azure-sdk-for-net\sdk\azurestack\Microsoft.AzureStack.Management.InfrastructureInsights.Admin\tests\src\AlertTests.cs(85,13): error CS0518: Predefined type 'System.Object' is not defined or imported
C:\gh\azure-sdk-for-net\sdk\azurestack\Microsoft.AzureStack.Management.InfrastructureInsights.Admin\tests\src\AlertTests.cs(85,13): error CS0103: The name 'Assert' does not exist in the current context
C:\gh\azure-sdk-for-net\sdk\azurestack\Microsoft.AzureStack.Management.InfrastructureInsights.Admin\tests\src\AlertTests.cs(85,34): error CS0518: Predefined type 'System.String' is not defined or imported
C:\gh\azure-sdk-for-net\sdk\azurestack\Microsoft.AzureStack.Management.InfrastructureInsights.Admin\tests\src\AlertTests.cs(86,13): error CS0518: Predefined type 'System.Object' is not defined or imported
C:\gh\azure-sdk-for-net\sdk\azurestack\Microsoft.AzureStack.Management.InfrastructureInsights.Admin\tests\src\AlertTests.cs(86,13): error CS0103: The name 'Assert' does not exist in the current context
C:\gh\azure-sdk-for-net\sdk\azurestack\Microsoft.AzureStack.Management.InfrastructureInsights.Admin\tests\src\AlertTests.cs(86,34): error CS0518: Predefined type 'System.String' is not defined or imported
C:\gh\azure-sdk-for-net\sdk\azurestack\Microsoft.AzureStack.Management.InfrastructureInsights.Admin\tests\src\AlertTests.cs(87,13): error CS0518: Predefined type 'System.Object' is not defined or imported
C:\gh\azure-sdk-for-net\sdk\azurestack\Microsoft.AzureStack.Management.InfrastructureInsights.Admin\tests\src\AlertTests.cs(87,13): error CS0103: The name 'Assert' does not exist in the current context
C:\gh\azure-sdk-for-net\sdk\azurestack\Microsoft.AzureStack.Management.InfrastructureInsights.Admin\tests\src\AlertTests.cs(87,34): error CS0518: Predefined type 'System.String' is not defined or imported
C:\gh\azure-sdk-for-net\sdk\azurestack\Microsoft.AzureStack.Management.InfrastructureInsights.Admin\tests\src\AlertTests.cs(88,13): error CS0518: Predefined type 'System.Object' is not defined or imported
C:\gh\azure-sdk-for-net\sdk\azurestack\Microsoft.AzureStack.Management.InfrastructureInsights.Admin\tests\src\AlertTests.cs(88,13): error CS0103: The name 'Assert' does not exist in the current context
C:\gh\azure-sdk-for-net\sdk\azurestack\Microsoft.AzureStack.Management.InfrastructureInsights.Admin\tests\src\AlertTests.cs(88,34): error CS0518: Predefined type 'System.String' is not defined or imported
C:\gh\azure-sdk-for-net\sdk\azurestack\Microsoft.AzureStack.Management.InfrastructureInsights.Admin\tests\src\AlertTests.cs(89,13): error CS0518: Predefined type 'System.Object' is not defined or imported
C:\gh\azure-sdk-for-net\sdk\azurestack\Microsoft.AzureStack.Management.InfrastructureInsights.Admin\tests\src\AlertTests.cs(89,13): error CS0103: The name 'Assert' does not exist in the current context
C:\gh\azure-sdk-for-net\sdk\azurestack\Microsoft.AzureStack.Management.InfrastructureInsights.Admin\tests\src\AlertTests.cs(89,34): error CS0246: The type or namespace name 'IList<>' could not be found (are you missing a using directive or an assembly reference?)
C:\gh\azure-sdk-for-net\sdk\azurestack\Microsoft.AzureStack.Management.InfrastructureInsights.Admin\tests\src\AlertTests.cs(90,13): error CS0518: Predefined type 'System.Object' is not defined or imported
C:\gh\azure-sdk-for-net\sdk\azurestack\Microsoft.AzureStack.Management.InfrastructureInsights.Admin\tests\src\AlertTests.cs(90,13): error CS0103: The name 'Assert' does not exist in the current context
C:\gh\azure-sdk-for-net\sdk\azurestack\Microsoft.AzureStack.Management.InfrastructureInsights.Admin\tests\src\AlertTests.cs(90,34): error CS0518: Predefined type 'System.String' is not defined or imported
C:\gh\azure-sdk-for-net\sdk\azurestack\Microsoft.AzureStack.Management.InfrastructureInsights.Admin\tests\src\AlertTests.cs(93,13): error CS0518: Predefined type 'System.Object' is not defined or imported
C:\gh\azure-sdk-for-net\sdk\azurestack\Microsoft.AzureStack.Management.InfrastructureInsights.Admin\tests\src\AlertTests.cs(93,13): error CS0103: The name 'Assert' does not exist in the current context
C:\gh\azure-sdk-for-net\sdk\azurestack\Microsoft.AzureStack.Management.InfrastructureInsights.Admin\tests\src\AlertTests.cs(93,34): error CS0518: Predefined type 'System.String' is not defined or imported
C:\gh\azure-sdk-for-net\sdk\azurestack\Microsoft.AzureStack.Management.InfrastructureInsights.Admin\tests\src\AlertTests.cs(94,13): error CS0518: Predefined type 'System.Object' is not defined or imported
C:\gh\azure-sdk-for-net\sdk\azurestack\Microsoft.AzureStack.Management.InfrastructureInsights.Admin\tests\src\AlertTests.cs(94,13): error CS0103: The name 'Assert' does not exist in the current context
C:\gh\azure-sdk-for-net\sdk\azurestack\Microsoft.AzureStack.Management.InfrastructureInsights.Admin\tests\src\AlertTests.cs(94,34): error CS0518: Predefined type 'System.String' is not defined or imported
C:\gh\azure-sdk-for-net\sdk\azurestack\Microsoft.AzureStack.Management.InfrastructureInsights.Admin\tests\src\AlertTests.cs(95,13): error CS0518: Predefined type 'System.Object' is not defined or imported
C:\gh\azure-sdk-for-net\sdk\azurestack\Microsoft.AzureStack.Management.InfrastructureInsights.Admin\tests\src\AlertTests.cs(95,13): error CS0103: The name 'Assert' does not exist in the current context
C:\gh\azure-sdk-for-net\sdk\azurestack\Microsoft.AzureStack.Management.InfrastructureInsights.Admin\tests\src\AlertTests.cs(95,34): error CS0518: Predefined type 'System.String' is not defined or imported
C:\gh\azure-sdk-for-net\sdk\azurestack\Microsoft.AzureStack.Management.InfrastructureInsights.Admin\tests\src\RegionHealthTests.cs(80,13): error CS0518: Predefined type 'System.Object' is not defined or imported
C:\gh\azure-sdk-for-net\sdk\azurestack\Microsoft.AzureStack.Management.InfrastructureInsights.Admin\tests\src\ServiceHealthTests.cs(57,13): error CS0518: Predefined type 'System.Object' is not defined or imported
C:\gh\azure-sdk-for-net\sdk\azurestack\Microsoft.AzureStack.Management.InfrastructureInsights.Admin\tests\src\RegionHealthTests.cs(93,13): error CS0518: Predefined type 'System.Object' is not defined or imported
C:\gh\azure-sdk-for-net\sdk\azurestack\Microsoft.AzureStack.Management.InfrastructureInsights.Admin\tests\src\ResourceHealthTests.cs(83,13): error CS0518: Predefined type 'System.Object' is not defined or imported
C:\gh\azure-sdk-for-net\sdk\azurestack\Microsoft.AzureStack.Management.InfrastructureInsights.Admin\tests\src\AlertTests.cs(102,13): error CS0518: Predefined type 'System.Object' is not defined or imported
C:\gh\azure-sdk-for-net\sdk\azurestack\Microsoft.AzureStack.Management.InfrastructureInsights.Admin\tests\src\ServiceHealthTests.cs(72,13): error CS0518: Predefined type 'System.Object' is not defined or imported
C:\gh\azure-sdk-for-net\sdk\azurestack\Microsoft.AzureStack.Management.InfrastructureInsights.Admin\tests\src\AlertTests.cs(115,13): error CS0518: Predefined type 'System.Object' is not defined or imported
C:\gh\azure-sdk-for-net\sdk\azurestack\Microsoft.AzureStack.Management.InfrastructureInsights.Admin\tests\src\ResourceHealthTests.cs(101,13): error CS0518: Predefined type 'System.Object' is not defined or imported
C:\gh\azure-sdk-for-net\sdk\azurestack\Microsoft.AzureStack.Management.InfrastructureInsights.Admin\tests\src\AlertTests.cs(129,13): error CS0518: Predefined type 'System.Object' is not defined or imported
C:\gh\azure-sdk-for-net\sdk\azurestack\Microsoft.AzureStack.Management.InfrastructureInsights.Admin\tests\src\ResourceHealthTests.cs(125,13): error CS0518: Predefined type 'System.Object' is not defined or imported
C:\gh\azure-sdk-for-net\sdk\azurestack\Microsoft.AzureStack.Management.InfrastructureInsights.Admin\tests\src\AlertTests.cs(149,13): error CS0518: Predefined type 'System.Object' is not defined or imported
C:\gh\azure-sdk-for-net\sdk\azurestack\Microsoft.AzureStack.Management.InfrastructureInsights.Admin\tests\src\AlertTests.cs(194,13): error CS0518: Predefined type 'System.Object' is not defined or imported
C:\gh\azure-sdk-for-net\sdk\azurestack\Microsoft.AzureStack.Management.InfrastructureInsights.Admin\tests\src\Helpers\Common.cs(6,1): hidden CS8019: Unnecessary using directive.
C:\gh\azure-sdk-for-net\sdk\azurestack\Microsoft.AzureStack.Management.InfrastructureInsights.Admin\tests\src\ResourceHealthTests.cs(8,1): hidden CS8019: Unnecessary using directive.
C:\gh\azure-sdk-for-net\sdk\azurestack\Microsoft.AzureStack.Management.InfrastructureInsights.Admin\tests\InfrastructureInsightsTestBase.cs(11,1): hidden CS8019: Unnecessary using directive.
C:\gh\azure-sdk-for-net\sdk\azurestack\Microsoft.AzureStack.Management.InfrastructureInsights.Admin\tests\src\Helpers\Common.cs(12,1): hidden CS8019: Unnecessary using directive.
C:\gh\azure-sdk-for-net\artifacts\obj\Microsoft.AzureStack.Management.InfrastructureInsights.Tests\Debug\netcoreapp2.0\Microsoft.AzureStack.Management.InfrastructureInsights.Tests.AssemblyInfo.cs(11,1): hidden CS8019: Unnecessary using directive.
C:\gh\azure-sdk-for-net\sdk\azurestack\Microsoft.AzureStack.Management.InfrastructureInsights.Admin\tests\src\AlertTests.cs(6,1): hidden CS8019: Unnecessary using directive.
C:\gh\azure-sdk-for-net\sdk\azurestack\Microsoft.AzureStack.Management.InfrastructureInsights.Admin\tests\src\RegionHealthTests.cs(10,5): hidden CS8019: Unnecessary using directive.
C:\gh\azure-sdk-for-net\sdk\azurestack\Microsoft.AzureStack.Management.InfrastructureInsights.Admin\tests\Properties\AssemblyInfo.cs(2,1): hidden CS8019: Unnecessary using directive.
C:\gh\azure-sdk-for-net\sdk\azurestack\Microsoft.AzureStack.Management.InfrastructureInsights.Admin\tests\InfrastructureInsightsCommon.cs(3,1): hidden CS8019: Unnecessary using directive.
C:\gh\azure-sdk-for-net\sdk\azurestack\Microsoft.AzureStack.Management.InfrastructureInsights.Admin\tests\src\Helpers\Common.cs(10,1): hidden CS8019: Unnecessary using directive.
C:\gh\azure-sdk-for-net\sdk\azurestack\Microsoft.AzureStack.Management.InfrastructureInsights.Admin\tests\InfrastructureInsightsTestBase.cs(9,1): hidden CS8019: Unnecessary using directive.
C:\gh\azure-sdk-for-net\sdk\azurestack\Microsoft.AzureStack.Management.InfrastructureInsights.Admin\tests\src\Helpers\AzureStackTestBase.cs(5,1): hidden CS8019: Unnecessary using directive.
C:\gh\azure-sdk-for-net\sdk\azurestack\Microsoft.AzureStack.Management.InfrastructureInsights.Admin\tests\src\Helpers\RecordedDelegatingHandler.cs(6,1): hidden CS8019: Unnecessary using directive.
C:\gh\azure-sdk-for-net\sdk\azurestack\Microsoft.AzureStack.Management.InfrastructureInsights.Admin\tests\InfrastructureInsightsTestBase.cs(10,1): hidden CS8019: Unnecessary using directive.
C:\gh\azure-sdk-for-net\sdk\azurestack\Microsoft.AzureStack.Management.InfrastructureInsights.Admin\tests\InfrastructureInsightsCommon.cs(1,1): hidden CS8019: Unnecessary using directive.
C:\gh\azure-sdk-for-net\sdk\azurestack\Microsoft.AzureStack.Management.InfrastructureInsights.Admin\tests\src\Helpers\RecordedDelegatingHandler.cs(4,1): hidden CS8019: Unnecessary using directive.
C:\gh\azure-sdk-for-net\artifacts\obj\Microsoft.AzureStack.Management.InfrastructureInsights.Tests\Debug\netcoreapp2.0\Microsoft.AzureStack.Management.InfrastructureInsights.Tests.AssemblyInfo.cs(12,1): hidden CS8019: Unnecessary using directive.
C:\gh\azure-sdk-for-net\sdk\azurestack\Microsoft.AzureStack.Management.InfrastructureInsights.Admin\tests\src\Helpers\AzureStackTestBase.cs(6,1): hidden CS8019: Unnecessary using directive.
C:\gh\azure-sdk-for-net\sdk\azurestack\Microsoft.AzureStack.Management.InfrastructureInsights.Admin\tests\src\Helpers\RecordedDelegatingHandler.cs(7,1): hidden CS8019: Unnecessary using directive.
C:\gh\azure-sdk-for-net\sdk\azurestack\Microsoft.AzureStack.Management.InfrastructureInsights.Admin\tests\InfrastructureInsightsCommon.cs(2,1): hidden CS8019: Unnecessary using directive.
C:\gh\azure-sdk-for-net\sdk\azurestack\Microsoft.AzureStack.Management.InfrastructureInsights.Admin\tests\Properties\AssemblyInfo.cs(1,1): hidden CS8019: Unnecessary using directive.
C:\gh\azure-sdk-for-net\sdk\azurestack\Microsoft.AzureStack.Management.InfrastructureInsights.Admin\tests\Properties\AssemblyInfo.cs(3,1): hidden CS8019: Unnecessary using directive.
C:\gh\azure-sdk-for-net\sdk\azurestack\Microsoft.AzureStack.Management.InfrastructureInsights.Admin\tests\src\Helpers\Common.cs(9,1): hidden CS8019: Unnecessary using directive.
C:\gh\azure-sdk-for-net\sdk\azurestack\Microsoft.AzureStack.Management.InfrastructureInsights.Admin\tests\InfrastructureInsightsCommon.cs(5,1): hidden CS8019: Unnecessary using directive.
C:\gh\azure-sdk-for-net\eng\mgmt\DisableTestRunParallel.cs(5,1): hidden CS8019: Unnecessary using directive.
C:\gh\azure-sdk-for-net\eng\mgmt\DisableTestRunParallel.cs(4,1): hidden CS8019: Unnecessary using directive.
C:\gh\azure-sdk-for-net\sdk\azurestack\Microsoft.AzureStack.Management.InfrastructureInsights.Admin\tests\InfrastructureInsightsTestBase.cs(8,1): hidden CS8019: Unnecessary using directive.
C:\gh\azure-sdk-for-net\sdk\azurestack\Microsoft.AzureStack.Management.InfrastructureInsights.Admin\tests\src\Helpers\Common.cs(7,1): hidden CS8019: Unnecessary using directive.
C:\gh\azure-sdk-for-net\artifacts\obj\Microsoft.AzureStack.Management.InfrastructureInsights.Tests\Debug\netcoreapp2.0\.NETCoreApp,Version=v2.0.AssemblyAttributes.cs(2,1): hidden CS8019: Unnecessary using directive.
C:\gh\azure-sdk-for-net\sdk\azurestack\Microsoft.AzureStack.Management.InfrastructureInsights.Admin\tests\src\Helpers\Common.cs(8,1): hidden CS8019: Unnecessary using directive.
C:\gh\azure-sdk-for-net\sdk\azurestack\Microsoft.AzureStack.Management.InfrastructureInsights.Admin\tests\src\AlertTests.cs(9,1): hidden CS8019: Unnecessary using directive.
C:\gh\azure-sdk-for-net\sdk\azurestack\Microsoft.AzureStack.Management.InfrastructureInsights.Admin\tests\src\ServiceHealthTests.cs(8,1): hidden CS8019: Unnecessary using directive.
C:\gh\azure-sdk-for-net\sdk\azurestack\Microsoft.AzureStack.Management.InfrastructureInsights.Admin\tests\InfrastructureInsightsTestBase.cs(12,1): hidden CS8019: Unnecessary using directive.
C:\gh\azure-sdk-for-net\sdk\azurestack\Microsoft.AzureStack.Management.InfrastructureInsights.Admin\tests\src\Helpers\RecordedDelegatingHandler.cs(5,1): hidden CS8019: Unnecessary using directive.
C:\gh\azure-sdk-for-net\artifacts\obj\Microsoft.AzureStack.Management.InfrastructureInsights.Tests\Debug\netcoreapp2.0\.NETCoreApp,Version=v2.0.AssemblyAttributes.cs(3,1): hidden CS8019: Unnecessary using directive.
C:\gh\azure-sdk-for-net\sdk\azurestack\Microsoft.AzureStack.Management.InfrastructureInsights.Admin\tests\src\Helpers\RecordedDelegatingHandler.cs(8,1): hidden CS8019: Unnecessary using directive.
C:\gh\azure-sdk-for-net\sdk\azurestack\Microsoft.AzureStack.Management.InfrastructureInsights.Admin\tests\InfrastructureInsightsCommon.cs(4,1): hidden CS8019: Unnecessary using directive.
C:\gh\azure-sdk-for-net\sdk\azurestack\Microsoft.AzureStack.Management.InfrastructureInsights.Admin\tests\src\Helpers\AzureStackTestBase.cs(8,1): hidden CS8019: Unnecessary using directive.
C:\gh\azure-sdk-for-net\sdk\azurestack\Microsoft.AzureStack.Management.InfrastructureInsights.Admin\tests\src\SupportedOperationTests.cs(10,5): hidden CS8019: Unnecessary using directive.
C:\gh\azure-sdk-for-net\sdk\azurestack\Microsoft.AzureStack.Management.InfrastructureInsights.Admin\tests\src\Helpers\Common.cs(11,1): hidden CS8019: Unnecessary using directive.
C:\gh\azure-sdk-for-net\sdk\azurestack\Microsoft.AzureStack.Management.InfrastructureInsights.Admin\tests\src\Helpers\Common.cs(5,1): hidden CS8019: Unnecessary using directive.
