C:\gh\azure-sdk-for-net\sdk\managedservices\Microsoft.Azure.Management.ManagedServices\tests\Helpers\ManagedServicesTestBase.cs(10,44): error CS0246: The type or namespace name 'TestBase' could not be found (are you missing a using directive or an assembly reference?)
C:\gh\azure-sdk-for-net\sdk\managedservices\Microsoft.Azure.Management.ManagedServices\tests\Helpers\ManagedServicesTestBase.cs(10,54): error CS0246: The type or namespace name 'IDisposable' could not be found (are you missing a using directive or an assembly reference?)
C:\gh\azure-sdk-for-net\sdk\managedservices\Microsoft.Azure.Management.ManagedServices\tests\ScenarioTests\RegistrationAssignmentTests.cs(13,48): error CS0246: The type or namespace name 'TestBase' could not be found (are you missing a using directive or an assembly reference?)
C:\gh\azure-sdk-for-net\sdk\managedservices\Microsoft.Azure.Management.ManagedServices\tests\Helpers\ManagedServicesTestBase.cs(14,40): error CS0518: Predefined type 'System.Object' is not defined or imported
C:\gh\azure-sdk-for-net\sdk\managedservices\Microsoft.Azure.Management.ManagedServices\tests\Helpers\ManagedServicesTestBase.cs(14,40): error CS0246: The type or namespace name 'MockContext' could not be found (are you missing a using directive or an assembly reference?)
C:\gh\azure-sdk-for-net\sdk\managedservices\Microsoft.Azure.Management.ManagedServices\tests\Helpers\ManagedServicesTestBase.cs(14,9): error CS0518: Predefined type 'System.Void' is not defined or imported
C:\gh\azure-sdk-for-net\sdk\managedservices\Microsoft.Azure.Management.ManagedServices\tests\ScenarioTests\RegistrationDefintionTests.cs(14,47): error CS0246: The type or namespace name 'TestBase' could not be found (are you missing a using directive or an assembly reference?)
C:\gh\azure-sdk-for-net\sdk\managedservices\Microsoft.Azure.Management.ManagedServices\tests\Helpers\ManagedServicesTestUtilities.cs(19,23): error CS0518: Predefined type 'System.String' is not defined or imported
C:\gh\azure-sdk-for-net\sdk\managedservices\Microsoft.Azure.Management.ManagedServices\tests\Helpers\ManagedServicesTestUtilities.cs(76,23): error CS0518: Predefined type 'System.Object' is not defined or imported
C:\gh\azure-sdk-for-net\sdk\managedservices\Microsoft.Azure.Management.ManagedServices\tests\ScenarioTests\RegistrationAssignmentTests.cs(15,10): error CS0518: Predefined type 'System.Object' is not defined or imported
C:\gh\azure-sdk-for-net\sdk\managedservices\Microsoft.Azure.Management.ManagedServices\tests\ScenarioTests\RegistrationAssignmentTests.cs(15,10): error CS0246: The type or namespace name 'FactAttribute' could not be found (are you missing a using directive or an assembly reference?)
C:\gh\azure-sdk-for-net\sdk\managedservices\Microsoft.Azure.Management.ManagedServices\tests\ScenarioTests\RegistrationAssignmentTests.cs(15,10): error CS0246: The type or namespace name 'Fact' could not be found (are you missing a using directive or an assembly reference?)
C:\gh\azure-sdk-for-net\sdk\managedservices\Microsoft.Azure.Management.ManagedServices\tests\ScenarioTests\RegistrationAssignmentTests.cs(16,22): error CS0518: Predefined type 'System.Void' is not defined or imported
C:\gh\azure-sdk-for-net\sdk\managedservices\Microsoft.Azure.Management.ManagedServices\tests\ScenarioTests\RegistrationDefintionTests.cs(16,10): error CS0518: Predefined type 'System.Object' is not defined or imported
C:\gh\azure-sdk-for-net\sdk\managedservices\Microsoft.Azure.Management.ManagedServices\tests\ScenarioTests\RegistrationDefintionTests.cs(16,10): error CS0246: The type or namespace name 'FactAttribute' could not be found (are you missing a using directive or an assembly reference?)
C:\gh\azure-sdk-for-net\sdk\managedservices\Microsoft.Azure.Management.ManagedServices\tests\ScenarioTests\RegistrationDefintionTests.cs(16,10): error CS0246: The type or namespace name 'Fact' could not be found (are you missing a using directive or an assembly reference?)
C:\gh\azure-sdk-for-net\sdk\managedservices\Microsoft.Azure.Management.ManagedServices\tests\ScenarioTests\RegistrationDefintionTests.cs(17,22): error CS0518: Predefined type 'System.Void' is not defined or imported
C:\gh\azure-sdk-for-net\sdk\managedservices\Microsoft.Azure.Management.ManagedServices\tests\Helpers\ManagedServicesTestUtilities.cs(68,23): error CS0518: Predefined type 'System.Object' is not defined or imported
C:\gh\azure-sdk-for-net\sdk\managedservices\Microsoft.Azure.Management.ManagedServices\tests\Helpers\ManagedServicesTestUtilities.cs(58,23): error CS0518: Predefined type 'System.Object' is not defined or imported
C:\gh\azure-sdk-for-net\sdk\managedservices\Microsoft.Azure.Management.ManagedServices\tests\Helpers\ManagedServicesTestBase.cs(19,16): error CS0518: Predefined type 'System.Void' is not defined or imported
C:\gh\azure-sdk-for-net\sdk\managedservices\Microsoft.Azure.Management.ManagedServices\tests\Helpers\ManagedServicesTestUtilities.cs(49,23): error CS0518: Predefined type 'System.Object' is not defined or imported
C:\gh\azure-sdk-for-net\sdk\managedservices\Microsoft.Azure.Management.ManagedServices\tests\Helpers\ManagedServicesTestUtilities.cs(34,23): error CS0518: Predefined type 'System.Object' is not defined or imported
C:\gh\azure-sdk-for-net\sdk\managedservices\Microsoft.Azure.Management.ManagedServices\tests\Helpers\ManagedServicesTestUtilities.cs(40,23): error CS0518: Predefined type 'System.Object' is not defined or imported
C:\gh\azure-sdk-for-net\sdk\managedservices\Microsoft.Azure.Management.ManagedServices\tests\AssemblyInfo.cs(5,12): error CS0246: The type or namespace name 'AssemblyTitleAttribute' could not be found (are you missing a using directive or an assembly reference?)
C:\gh\azure-sdk-for-net\sdk\managedservices\Microsoft.Azure.Management.ManagedServices\tests\AssemblyInfo.cs(5,12): error CS0246: The type or namespace name 'AssemblyTitle' could not be found (are you missing a using directive or an assembly reference?)
C:\gh\azure-sdk-for-net\sdk\managedservices\Microsoft.Azure.Management.ManagedServices\tests\AssemblyInfo.cs(6,12): error CS0246: The type or namespace name 'AssemblyDescriptionAttribute' could not be found (are you missing a using directive or an assembly reference?)
C:\gh\azure-sdk-for-net\sdk\managedservices\Microsoft.Azure.Management.ManagedServices\tests\AssemblyInfo.cs(6,12): error CS0246: The type or namespace name 'AssemblyDescription' could not be found (are you missing a using directive or an assembly reference?)
C:\gh\azure-sdk-for-net\sdk\managedservices\Microsoft.Azure.Management.ManagedServices\tests\AssemblyInfo.cs(8,12): error CS0246: The type or namespace name 'AssemblyVersionAttribute' could not be found (are you missing a using directive or an assembly reference?)
C:\gh\azure-sdk-for-net\sdk\managedservices\Microsoft.Azure.Management.ManagedServices\tests\AssemblyInfo.cs(8,12): error CS0246: The type or namespace name 'AssemblyVersion' could not be found (are you missing a using directive or an assembly reference?)
C:\gh\azure-sdk-for-net\sdk\managedservices\Microsoft.Azure.Management.ManagedServices\tests\AssemblyInfo.cs(9,12): error CS0246: The type or namespace name 'AssemblyFileVersionAttribute' could not be found (are you missing a using directive or an assembly reference?)
C:\gh\azure-sdk-for-net\sdk\managedservices\Microsoft.Azure.Management.ManagedServices\tests\AssemblyInfo.cs(9,12): error CS0246: The type or namespace name 'AssemblyFileVersion' could not be found (are you missing a using directive or an assembly reference?)
C:\gh\azure-sdk-for-net\sdk\managedservices\Microsoft.Azure.Management.ManagedServices\tests\AssemblyInfo.cs(10,12): error CS0246: The type or namespace name 'AssemblyConfigurationAttribute' could not be found (are you missing a using directive or an assembly reference?)
C:\gh\azure-sdk-for-net\sdk\managedservices\Microsoft.Azure.Management.ManagedServices\tests\AssemblyInfo.cs(10,12): error CS0246: The type or namespace name 'AssemblyConfiguration' could not be found (are you missing a using directive or an assembly reference?)
C:\gh\azure-sdk-for-net\sdk\managedservices\Microsoft.Azure.Management.ManagedServices\tests\AssemblyInfo.cs(11,12): error CS0246: The type or namespace name 'AssemblyCompanyAttribute' could not be found (are you missing a using directive or an assembly reference?)
C:\gh\azure-sdk-for-net\sdk\managedservices\Microsoft.Azure.Management.ManagedServices\tests\AssemblyInfo.cs(11,12): error CS0246: The type or namespace name 'AssemblyCompany' could not be found (are you missing a using directive or an assembly reference?)
C:\gh\azure-sdk-for-net\sdk\managedservices\Microsoft.Azure.Management.ManagedServices\tests\AssemblyInfo.cs(12,12): error CS0246: The type or namespace name 'AssemblyCopyrightAttribute' could not be found (are you missing a using directive or an assembly reference?)
C:\gh\azure-sdk-for-net\sdk\managedservices\Microsoft.Azure.Management.ManagedServices\tests\AssemblyInfo.cs(12,12): error CS0246: The type or namespace name 'AssemblyCopyright' could not be found (are you missing a using directive or an assembly reference?)
C:\gh\azure-sdk-for-net\sdk\managedservices\Microsoft.Azure.Management.ManagedServices\tests\AssemblyInfo.cs(13,12): error CS0246: The type or namespace name 'AssemblyTrademarkAttribute' could not be found (are you missing a using directive or an assembly reference?)
C:\gh\azure-sdk-for-net\sdk\managedservices\Microsoft.Azure.Management.ManagedServices\tests\AssemblyInfo.cs(13,12): error CS0246: The type or namespace name 'AssemblyTrademark' could not be found (are you missing a using directive or an assembly reference?)
C:\gh\azure-sdk-for-net\sdk\managedservices\Microsoft.Azure.Management.ManagedServices\tests\AssemblyInfo.cs(14,12): error CS0246: The type or namespace name 'AssemblyCultureAttribute' could not be found (are you missing a using directive or an assembly reference?)
C:\gh\azure-sdk-for-net\sdk\managedservices\Microsoft.Azure.Management.ManagedServices\tests\AssemblyInfo.cs(14,12): error CS0246: The type or namespace name 'AssemblyCulture' could not be found (are you missing a using directive or an assembly reference?)
C:\gh\azure-sdk-for-net\eng\mgmt\DisableTestRunParallel.cs(7,12): error CS0246: The type or namespace name 'CollectionBehaviorAttribute' could not be found (are you missing a using directive or an assembly reference?)
C:\gh\azure-sdk-for-net\eng\mgmt\DisableTestRunParallel.cs(7,12): error CS0246: The type or namespace name 'CollectionBehavior' could not be found (are you missing a using directive or an assembly reference?)
C:\gh\azure-sdk-for-net\artifacts\obj\Microsoft.Azure.Management.ManagedServices.Tests\Debug\netcoreapp2.0\.NETCoreApp,Version=v2.0.AssemblyAttributes.cs(4,20): error CS0400: The type or namespace name 'System' could not be found in the global namespace (are you missing an assembly reference?)
C:\gh\azure-sdk-for-net\artifacts\obj\Microsoft.Azure.Management.ManagedServices.Tests\Debug\netcoreapp2.0\Microsoft.Azure.Management.ManagedServices.Tests.AssemblyInfo.cs(14,12): error CS0246: The type or namespace name 'System' could not be found (are you missing a using directive or an assembly reference?)
C:\gh\azure-sdk-for-net\artifacts\obj\Microsoft.Azure.Management.ManagedServices.Tests\Debug\netcoreapp2.0\Microsoft.Azure.Management.ManagedServices.Tests.AssemblyInfo.cs(16,12): error CS0246: The type or namespace name 'System' could not be found (are you missing a using directive or an assembly reference?)
C:\gh\azure-sdk-for-net\artifacts\obj\Microsoft.Azure.Management.ManagedServices.Tests\Debug\netcoreapp2.0\Microsoft.Azure.Management.ManagedServices.Tests.AssemblyInfo.cs(17,12): error CS0246: The type or namespace name 'System' could not be found (are you missing a using directive or an assembly reference?)
C:\gh\azure-sdk-for-net\sdk\managedservices\Microsoft.Azure.Management.ManagedServices\tests\AssemblyInfo.cs(5,26): error CS0518: Predefined type 'System.String' is not defined or imported
C:\gh\azure-sdk-for-net\sdk\managedservices\Microsoft.Azure.Management.ManagedServices\tests\AssemblyInfo.cs(6,32): error CS0518: Predefined type 'System.String' is not defined or imported
C:\gh\azure-sdk-for-net\sdk\managedservices\Microsoft.Azure.Management.ManagedServices\tests\AssemblyInfo.cs(8,28): error CS0518: Predefined type 'System.String' is not defined or imported
C:\gh\azure-sdk-for-net\sdk\managedservices\Microsoft.Azure.Management.ManagedServices\tests\AssemblyInfo.cs(9,32): error CS0518: Predefined type 'System.String' is not defined or imported
C:\gh\azure-sdk-for-net\sdk\managedservices\Microsoft.Azure.Management.ManagedServices\tests\AssemblyInfo.cs(10,34): error CS0518: Predefined type 'System.String' is not defined or imported
C:\gh\azure-sdk-for-net\sdk\managedservices\Microsoft.Azure.Management.ManagedServices\tests\AssemblyInfo.cs(11,28): error CS0518: Predefined type 'System.String' is not defined or imported
C:\gh\azure-sdk-for-net\sdk\managedservices\Microsoft.Azure.Management.ManagedServices\tests\AssemblyInfo.cs(12,30): error CS0518: Predefined type 'System.String' is not defined or imported
C:\gh\azure-sdk-for-net\sdk\managedservices\Microsoft.Azure.Management.ManagedServices\tests\AssemblyInfo.cs(13,30): error CS0518: Predefined type 'System.String' is not defined or imported
C:\gh\azure-sdk-for-net\sdk\managedservices\Microsoft.Azure.Management.ManagedServices\tests\AssemblyInfo.cs(14,28): error CS0518: Predefined type 'System.String' is not defined or imported
C:\gh\azure-sdk-for-net\eng\mgmt\DisableTestRunParallel.cs(7,31): error CS0246: The type or namespace name 'DisableTestParallelization' could not be found (are you missing a using directive or an assembly reference?)
C:\gh\azure-sdk-for-net\eng\mgmt\DisableTestRunParallel.cs(7,60): error CS0518: Predefined type 'System.Boolean' is not defined or imported
C:\gh\azure-sdk-for-net\eng\mgmt\DisableTestRunParallel.cs(7,66): error CS0246: The type or namespace name 'MaxParallelThreads' could not be found (are you missing a using directive or an assembly reference?)
C:\gh\azure-sdk-for-net\eng\mgmt\DisableTestRunParallel.cs(7,87): error CS0518: Predefined type 'System.Int32' is not defined or imported
C:\gh\azure-sdk-for-net\artifacts\obj\Microsoft.Azure.Management.ManagedServices.Tests\Debug\netcoreapp2.0\.NETCoreApp,Version=v2.0.AssemblyAttributes.cs(4,71): error CS0518: Predefined type 'System.String' is not defined or imported
C:\gh\azure-sdk-for-net\artifacts\obj\Microsoft.Azure.Management.ManagedServices.Tests\Debug\netcoreapp2.0\.NETCoreApp,Version=v2.0.AssemblyAttributes.cs(4,99): error CS0246: The type or namespace name 'FrameworkDisplayName' could not be found (are you missing a using directive or an assembly reference?)
C:\gh\azure-sdk-for-net\artifacts\obj\Microsoft.Azure.Management.ManagedServices.Tests\Debug\netcoreapp2.0\.NETCoreApp,Version=v2.0.AssemblyAttributes.cs(4,122): error CS0518: Predefined type 'System.String' is not defined or imported
C:\gh\azure-sdk-for-net\artifacts\obj\Microsoft.Azure.Management.ManagedServices.Tests\Debug\netcoreapp2.0\Microsoft.Azure.Management.ManagedServices.Tests.AssemblyInfo.cs(14,56): error CS0518: Predefined type 'System.String' is not defined or imported
C:\gh\azure-sdk-for-net\artifacts\obj\Microsoft.Azure.Management.ManagedServices.Tests\Debug\netcoreapp2.0\Microsoft.Azure.Management.ManagedServices.Tests.AssemblyInfo.cs(14,70): error CS0518: Predefined type 'System.String' is not defined or imported
C:\gh\azure-sdk-for-net\artifacts\obj\Microsoft.Azure.Management.ManagedServices.Tests\Debug\netcoreapp2.0\Microsoft.Azure.Management.ManagedServices.Tests.AssemblyInfo.cs(15,5): error CS0518: Predefined type 'System.String' is not defined or imported
C:\gh\azure-sdk-for-net\artifacts\obj\Microsoft.Azure.Management.ManagedServices.Tests\Debug\netcoreapp2.0\Microsoft.Azure.Management.ManagedServices.Tests.AssemblyInfo.cs(16,68): error CS0518: Predefined type 'System.String' is not defined or imported
C:\gh\azure-sdk-for-net\artifacts\obj\Microsoft.Azure.Management.ManagedServices.Tests\Debug\netcoreapp2.0\Microsoft.Azure.Management.ManagedServices.Tests.AssemblyInfo.cs(17,56): error CS0518: Predefined type 'System.String' is not defined or imported
C:\gh\azure-sdk-for-net\artifacts\obj\Microsoft.Azure.Management.ManagedServices.Tests\Debug\netcoreapp2.0\Microsoft.Azure.Management.ManagedServices.Tests.AssemblyInfo.cs(17,73): error CS0518: Predefined type 'System.String' is not defined or imported
C:\gh\azure-sdk-for-net\sdk\managedservices\Microsoft.Azure.Management.ManagedServices\tests\AssemblyInfo.cs(1,7): error CS0246: The type or namespace name 'System' could not be found (are you missing a using directive or an assembly reference?)
C:\gh\azure-sdk-for-net\sdk\managedservices\Microsoft.Azure.Management.ManagedServices\tests\AssemblyInfo.cs(2,7): error CS0246: The type or namespace name 'System' could not be found (are you missing a using directive or an assembly reference?)
C:\gh\azure-sdk-for-net\sdk\managedservices\Microsoft.Azure.Management.ManagedServices\tests\AssemblyInfo.cs(3,7): error CS0246: The type or namespace name 'System' could not be found (are you missing a using directive or an assembly reference?)
C:\gh\azure-sdk-for-net\sdk\managedservices\Microsoft.Azure.Management.ManagedServices\tests\Helpers\ManagedServicesTestUtilities.cs(8,17): error CS0234: The type or namespace name 'Rest' does not exist in the namespace 'Microsoft' (are you missing an assembly reference?)
C:\gh\azure-sdk-for-net\sdk\managedservices\Microsoft.Azure.Management.ManagedServices\tests\Helpers\ManagedServicesTestUtilities.cs(9,7): error CS0246: The type or namespace name 'System' could not be found (are you missing a using directive or an assembly reference?)
C:\gh\azure-sdk-for-net\sdk\managedservices\Microsoft.Azure.Management.ManagedServices\tests\Helpers\ManagedServicesTestUtilities.cs(10,7): error CS0246: The type or namespace name 'System' could not be found (are you missing a using directive or an assembly reference?)
C:\gh\azure-sdk-for-net\sdk\managedservices\Microsoft.Azure.Management.ManagedServices\tests\Helpers\ManagedServicesTestUtilities.cs(11,7): error CS0246: The type or namespace name 'System' could not be found (are you missing a using directive or an assembly reference?)
C:\gh\azure-sdk-for-net\sdk\managedservices\Microsoft.Azure.Management.ManagedServices\tests\ScenarioTests\RegistrationAssignmentTests.cs(4,7): error CS0246: The type or namespace name 'System' could not be found (are you missing a using directive or an assembly reference?)
C:\gh\azure-sdk-for-net\sdk\managedservices\Microsoft.Azure.Management.ManagedServices\tests\ScenarioTests\RegistrationAssignmentTests.cs(8,17): error CS0234: The type or namespace name 'Rest' does not exist in the namespace 'Microsoft' (are you missing an assembly reference?)
C:\gh\azure-sdk-for-net\sdk\managedservices\Microsoft.Azure.Management.ManagedServices\tests\ScenarioTests\RegistrationAssignmentTests.cs(9,7): error CS0246: The type or namespace name 'Xunit' could not be found (are you missing a using directive or an assembly reference?)
C:\gh\azure-sdk-for-net\sdk\managedservices\Microsoft.Azure.Management.ManagedServices\tests\ScenarioTests\RegistrationDefintionTests.cs(5,34): error CS0234: The type or namespace name 'Resources' does not exist in the namespace 'Microsoft.Azure.Management' (are you missing an assembly reference?)
C:\gh\azure-sdk-for-net\sdk\managedservices\Microsoft.Azure.Management.ManagedServices\tests\ScenarioTests\RegistrationDefintionTests.cs(6,17): error CS0234: The type or namespace name 'Rest' does not exist in the namespace 'Microsoft' (are you missing an assembly reference?)
C:\gh\azure-sdk-for-net\sdk\managedservices\Microsoft.Azure.Management.ManagedServices\tests\ScenarioTests\RegistrationDefintionTests.cs(9,7): error CS0246: The type or namespace name 'Xunit' could not be found (are you missing a using directive or an assembly reference?)
C:\gh\azure-sdk-for-net\sdk\managedservices\Microsoft.Azure.Management.ManagedServices\tests\ScenarioTests\RegistrationDefintionTests.cs(10,7): error CS0246: The type or namespace name 'System' could not be found (are you missing a using directive or an assembly reference?)
C:\gh\azure-sdk-for-net\eng\mgmt\DisableTestRunParallel.cs(4,7): error CS0246: The type or namespace name 'System' could not be found (are you missing a using directive or an assembly reference?)
C:\gh\azure-sdk-for-net\eng\mgmt\DisableTestRunParallel.cs(5,7): error CS0246: The type or namespace name 'Xunit' could not be found (are you missing a using directive or an assembly reference?)
C:\gh\azure-sdk-for-net\artifacts\obj\Microsoft.Azure.Management.ManagedServices.Tests\Debug\netcoreapp2.0\.NETCoreApp,Version=v2.0.AssemblyAttributes.cs(2,7): error CS0246: The type or namespace name 'System' could not be found (are you missing a using directive or an assembly reference?)
C:\gh\azure-sdk-for-net\artifacts\obj\Microsoft.Azure.Management.ManagedServices.Tests\Debug\netcoreapp2.0\.NETCoreApp,Version=v2.0.AssemblyAttributes.cs(3,7): error CS0246: The type or namespace name 'System' could not be found (are you missing a using directive or an assembly reference?)
C:\gh\azure-sdk-for-net\artifacts\obj\Microsoft.Azure.Management.ManagedServices.Tests\Debug\netcoreapp2.0\Microsoft.Azure.Management.ManagedServices.Tests.AssemblyInfo.cs(11,7): error CS0246: The type or namespace name 'System' could not be found (are you missing a using directive or an assembly reference?)
C:\gh\azure-sdk-for-net\artifacts\obj\Microsoft.Azure.Management.ManagedServices.Tests\Debug\netcoreapp2.0\Microsoft.Azure.Management.ManagedServices.Tests.AssemblyInfo.cs(12,7): error CS0246: The type or namespace name 'System' could not be found (are you missing a using directive or an assembly reference?)
C:\gh\azure-sdk-for-net\sdk\managedservices\Microsoft.Azure.Management.ManagedServices\tests\Helpers\ManagedServicesTestBase.cs(6,11): error CS0246: The type or namespace name 'System' could not be found (are you missing a using directive or an assembly reference?)
C:\gh\azure-sdk-for-net\sdk\managedservices\Microsoft.Azure.Management.ManagedServices\tests\Helpers\ManagedServicesTestBase.cs(8,21): error CS0234: The type or namespace name 'Rest' does not exist in the namespace 'Microsoft' (are you missing an assembly reference?)
C:\gh\azure-sdk-for-net\sdk\managedservices\Microsoft.Azure.Management.ManagedServices\tests\Helpers\ManagedServicesTestUtilities.cs(16,25): error CS0518: Predefined type 'System.Object' is not defined or imported
C:\gh\azure-sdk-for-net\sdk\managedservices\Microsoft.Azure.Management.ManagedServices\tests\Helpers\ManagedServicesTestBase.cs(12,67): error CS0518: Predefined type 'System.Void' is not defined or imported
C:\gh\azure-sdk-for-net\sdk\managedservices\Microsoft.Azure.Management.ManagedServices\tests\Helpers\ManagedServicesTestBase.cs(12,16): error CS0518: Predefined type 'System.Object' is not defined or imported
C:\gh\azure-sdk-for-net\sdk\managedservices\Microsoft.Azure.Management.ManagedServices\tests\Helpers\ManagedServicesTestUtilities.cs(19,56): error CS0518: Predefined type 'System.String' is not defined or imported
C:\gh\azure-sdk-for-net\sdk\managedservices\Microsoft.Azure.Management.ManagedServices\tests\Helpers\ManagedServicesTestUtilities.cs(20,44): error CS0518: Predefined type 'System.String' is not defined or imported
C:\gh\azure-sdk-for-net\sdk\managedservices\Microsoft.Azure.Management.ManagedServices\tests\Helpers\ManagedServicesTestUtilities.cs(21,34): error CS0518: Predefined type 'System.String' is not defined or imported
C:\gh\azure-sdk-for-net\sdk\managedservices\Microsoft.Azure.Management.ManagedServices\tests\Helpers\ManagedServicesTestUtilities.cs(22,30): error CS0518: Predefined type 'System.String' is not defined or imported
C:\gh\azure-sdk-for-net\sdk\managedservices\Microsoft.Azure.Management.ManagedServices\tests\Helpers\ManagedServicesTestUtilities.cs(23,25): error CS0518: Predefined type 'System.String' is not defined or imported
C:\gh\azure-sdk-for-net\sdk\managedservices\Microsoft.Azure.Management.ManagedServices\tests\Helpers\ManagedServicesTestUtilities.cs(23,39): error CS0518: Predefined type 'System.String' is not defined or imported
C:\gh\azure-sdk-for-net\sdk\managedservices\Microsoft.Azure.Management.ManagedServices\tests\Helpers\ManagedServicesTestUtilities.cs(24,28): error CS0518: Predefined type 'System.String' is not defined or imported
C:\gh\azure-sdk-for-net\sdk\managedservices\Microsoft.Azure.Management.ManagedServices\tests\Helpers\ManagedServicesTestUtilities.cs(25,29): error CS0518: Predefined type 'System.String' is not defined or imported
C:\gh\azure-sdk-for-net\sdk\managedservices\Microsoft.Azure.Management.ManagedServices\tests\Helpers\ManagedServicesTestUtilities.cs(26,27): error CS0518: Predefined type 'System.String' is not defined or imported
C:\gh\azure-sdk-for-net\sdk\managedservices\Microsoft.Azure.Management.ManagedServices\tests\Helpers\ManagedServicesTestUtilities.cs(27,27): error CS0518: Predefined type 'System.String' is not defined or imported
C:\gh\azure-sdk-for-net\sdk\managedservices\Microsoft.Azure.Management.ManagedServices\tests\Helpers\ManagedServicesTestUtilities.cs(28,40): error CS0518: Predefined type 'System.String' is not defined or imported
C:\gh\azure-sdk-for-net\sdk\managedservices\Microsoft.Azure.Management.ManagedServices\tests\Helpers\ManagedServicesTestUtilities.cs(29,31): error CS0518: Predefined type 'System.String' is not defined or imported
C:\gh\azure-sdk-for-net\sdk\managedservices\Microsoft.Azure.Management.ManagedServices\tests\Helpers\ManagedServicesTestUtilities.cs(30,36): error CS0518: Predefined type 'System.String' is not defined or imported
C:\gh\azure-sdk-for-net\sdk\managedservices\Microsoft.Azure.Management.ManagedServices\tests\Helpers\ManagedServicesTestUtilities.cs(31,46): error CS0518: Predefined type 'System.String' is not defined or imported
C:\gh\azure-sdk-for-net\sdk\managedservices\Microsoft.Azure.Management.ManagedServices\tests\Helpers\ManagedServicesTestUtilities.cs(32,37): error CS0518: Predefined type 'System.String' is not defined or imported
C:\gh\azure-sdk-for-net\sdk\managedservices\Microsoft.Azure.Management.ManagedServices\tests\Helpers\ManagedServicesTestBase.cs(16,67): error CS0518: Predefined type 'System.Object' is not defined or imported
C:\gh\azure-sdk-for-net\sdk\managedservices\Microsoft.Azure.Management.ManagedServices\tests\Helpers\ManagedServicesTestUtilities.cs(36,24): error CS0518: Predefined type 'System.Object' is not defined or imported
C:\gh\azure-sdk-for-net\sdk\managedservices\Microsoft.Azure.Management.ManagedServices\tests\Helpers\ManagedServicesTestUtilities.cs(37,29): error CS0518: Predefined type 'System.Object' is not defined or imported
C:\gh\azure-sdk-for-net\sdk\managedservices\Microsoft.Azure.Management.ManagedServices\tests\Helpers\ManagedServicesTestUtilities.cs(37,58): error CS0518: Predefined type 'System.Object' is not defined or imported
C:\gh\azure-sdk-for-net\sdk\managedservices\Microsoft.Azure.Management.ManagedServices\tests\Helpers\ManagedServicesTestUtilities.cs(36,24): error CS0518: Predefined type 'System.Void' is not defined or imported
C:\gh\azure-sdk-for-net\sdk\managedservices\Microsoft.Azure.Management.ManagedServices\tests\Helpers\ManagedServicesTestUtilities.cs(42,24): error CS0518: Predefined type 'System.Object' is not defined or imported
C:\gh\azure-sdk-for-net\sdk\managedservices\Microsoft.Azure.Management.ManagedServices\tests\Helpers\ManagedServicesTestUtilities.cs(44,33): error CS0518: Predefined type 'System.Object' is not defined or imported
C:\gh\azure-sdk-for-net\sdk\managedservices\Microsoft.Azure.Management.ManagedServices\tests\Helpers\ManagedServicesTestUtilities.cs(44,62): error CS0518: Predefined type 'System.Object' is not defined or imported
C:\gh\azure-sdk-for-net\sdk\managedservices\Microsoft.Azure.Management.ManagedServices\tests\Helpers\ManagedServicesTestUtilities.cs(42,24): error CS0518: Predefined type 'System.Void' is not defined or imported
C:\gh\azure-sdk-for-net\sdk\managedservices\Microsoft.Azure.Management.ManagedServices\tests\Helpers\ManagedServicesTestUtilities.cs(51,24): error CS0518: Predefined type 'System.Object' is not defined or imported
C:\gh\azure-sdk-for-net\sdk\managedservices\Microsoft.Azure.Management.ManagedServices\tests\Helpers\ManagedServicesTestUtilities.cs(51,24): error CS0518: Predefined type 'System.Void' is not defined or imported
C:\gh\azure-sdk-for-net\sdk\managedservices\Microsoft.Azure.Management.ManagedServices\tests\Helpers\ManagedServicesTestUtilities.cs(60,24): error CS0518: Predefined type 'System.Object' is not defined or imported
C:\gh\azure-sdk-for-net\sdk\managedservices\Microsoft.Azure.Management.ManagedServices\tests\Helpers\ManagedServicesTestUtilities.cs(62,21): error CS0518: Predefined type 'System.Object' is not defined or imported
C:\gh\azure-sdk-for-net\sdk\managedservices\Microsoft.Azure.Management.ManagedServices\tests\Helpers\ManagedServicesTestUtilities.cs(62,21): error CS0518: Predefined type 'System.Void' is not defined or imported
C:\gh\azure-sdk-for-net\sdk\managedservices\Microsoft.Azure.Management.ManagedServices\tests\Helpers\ManagedServicesTestUtilities.cs(60,20): error CS0518: Predefined type 'System.Int32' is not defined or imported
C:\gh\azure-sdk-for-net\sdk\managedservices\Microsoft.Azure.Management.ManagedServices\tests\Helpers\ManagedServicesTestUtilities.cs(70,24): error CS0518: Predefined type 'System.Object' is not defined or imported
C:\gh\azure-sdk-for-net\sdk\managedservices\Microsoft.Azure.Management.ManagedServices\tests\Helpers\ManagedServicesTestUtilities.cs(70,24): error CS0518: Predefined type 'System.Void' is not defined or imported
C:\gh\azure-sdk-for-net\sdk\managedservices\Microsoft.Azure.Management.ManagedServices\tests\Helpers\ManagedServicesTestUtilities.cs(72,17): error CS0518: Predefined type 'System.Void' is not defined or imported
C:\gh\azure-sdk-for-net\sdk\managedservices\Microsoft.Azure.Management.ManagedServices\tests\Helpers\ManagedServicesTestUtilities.cs(72,30): error CS0518: Predefined type 'System.Object' is not defined or imported
C:\gh\azure-sdk-for-net\sdk\managedservices\Microsoft.Azure.Management.ManagedServices\tests\Helpers\ManagedServicesTestUtilities.cs(72,59): error CS0518: Predefined type 'System.Object' is not defined or imported
C:\gh\azure-sdk-for-net\sdk\managedservices\Microsoft.Azure.Management.ManagedServices\tests\Helpers\ManagedServicesTestUtilities.cs(78,24): error CS0518: Predefined type 'System.Object' is not defined or imported
C:\gh\azure-sdk-for-net\sdk\managedservices\Microsoft.Azure.Management.ManagedServices\tests\Helpers\ManagedServicesTestUtilities.cs(78,24): error CS0518: Predefined type 'System.Void' is not defined or imported
C:\gh\azure-sdk-for-net\sdk\managedservices\Microsoft.Azure.Management.ManagedServices\tests\Helpers\ManagedServicesTestUtilities.cs(80,17): error CS0518: Predefined type 'System.String' is not defined or imported
C:\gh\azure-sdk-for-net\sdk\managedservices\Microsoft.Azure.Management.ManagedServices\tests\Helpers\ManagedServicesTestUtilities.cs(80,44): error CS0518: Predefined type 'System.String' is not defined or imported
C:\gh\azure-sdk-for-net\sdk\managedservices\Microsoft.Azure.Management.ManagedServices\tests\Helpers\ManagedServicesTestUtilities.cs(80,58): error CS0518: Predefined type 'System.String' is not defined or imported
C:\gh\azure-sdk-for-net\sdk\managedservices\Microsoft.Azure.Management.ManagedServices\tests\Helpers\ManagedServicesTestUtilities.cs(80,129): error CS0518: Predefined type 'System.Object' is not defined or imported
C:\gh\azure-sdk-for-net\sdk\managedservices\Microsoft.Azure.Management.ManagedServices\tests\Helpers\ManagedServicesTestUtilities.cs(80,165): error CS0518: Predefined type 'System.Object' is not defined or imported
C:\gh\azure-sdk-for-net\sdk\managedservices\Microsoft.Azure.Management.ManagedServices\tests\ScenarioTests\RegistrationDefintionTests.cs(19,13): error CS0518: Predefined type 'System.IDisposable' is not defined or imported
C:\gh\azure-sdk-for-net\sdk\managedservices\Microsoft.Azure.Management.ManagedServices\tests\ScenarioTests\RegistrationDefintionTests.cs(19,34): error CS0518: Predefined type 'System.Object' is not defined or imported
C:\gh\azure-sdk-for-net\sdk\managedservices\Microsoft.Azure.Management.ManagedServices\tests\ScenarioTests\RegistrationDefintionTests.cs(19,34): error CS0103: The name 'MockContext' does not exist in the current context
C:\gh\azure-sdk-for-net\sdk\managedservices\Microsoft.Azure.Management.ManagedServices\tests\ScenarioTests\RegistrationDefintionTests.cs(19,57): error CS0518: Predefined type 'System.Object' is not defined or imported
C:\gh\azure-sdk-for-net\sdk\managedservices\Microsoft.Azure.Management.ManagedServices\tests\ScenarioTests\RegistrationDefintionTests.cs(19,57): error CS1061: 'RegistrationDefintionTests' does not contain a definition for 'GetType' and no accessible extension method 'GetType' accepting a first argument of type 'RegistrationDefintionTests' could be found (are you missing a using directive or an assembly reference?)
C:\gh\azure-sdk-for-net\sdk\managedservices\Microsoft.Azure.Management.ManagedServices\tests\ScenarioTests\RegistrationDefintionTests.cs(21,17): error CS0518: Predefined type 'System.IDisposable' is not defined or imported
C:\gh\azure-sdk-for-net\sdk\managedservices\Microsoft.Azure.Management.ManagedServices\tests\ScenarioTests\RegistrationDefintionTests.cs(21,46): error CS0518: Predefined type 'System.Object' is not defined or imported
C:\gh\azure-sdk-for-net\sdk\managedservices\Microsoft.Azure.Management.ManagedServices\tests\ScenarioTests\RegistrationDefintionTests.cs(21,24): error CS1674: 'ManagedServicesTestBase': type used in a using statement must be implicitly convertible to 'System.IDisposable'.
C:\gh\azure-sdk-for-net\sdk\managedservices\Microsoft.Azure.Management.ManagedServices\tests\ScenarioTests\RegistrationDefintionTests.cs(23,50): error CS0518: Predefined type 'System.Object' is not defined or imported
C:\gh\azure-sdk-for-net\sdk\managedservices\Microsoft.Azure.Management.ManagedServices\tests\ScenarioTests\RegistrationDefintionTests.cs(23,79): error CS0518: Predefined type 'System.Object' is not defined or imported
C:\gh\azure-sdk-for-net\sdk\managedservices\Microsoft.Azure.Management.ManagedServices\tests\ScenarioTests\RegistrationDefintionTests.cs(28,55): error CS0518: Predefined type 'System.Object' is not defined or imported
C:\gh\azure-sdk-for-net\sdk\managedservices\Microsoft.Azure.Management.ManagedServices\tests\ScenarioTests\RegistrationDefintionTests.cs(29,36): error CS0518: Predefined type 'System.Object' is not defined or imported
C:\gh\azure-sdk-for-net\sdk\managedservices\Microsoft.Azure.Management.ManagedServices\tests\ScenarioTests\RegistrationDefintionTests.cs(26,64): error CS0246: The type or namespace name 'Task<>' could not be found (are you missing a using directive or an assembly reference?)
C:\gh\azure-sdk-for-net\sdk\managedservices\Microsoft.Azure.Management.ManagedServices\tests\ScenarioTests\RegistrationDefintionTests.cs(32,21): error CS0518: Predefined type 'System.Object' is not defined or imported
C:\gh\azure-sdk-for-net\sdk\managedservices\Microsoft.Azure.Management.ManagedServices\tests\ScenarioTests\RegistrationDefintionTests.cs(32,21): error CS0103: The name 'Assert' does not exist in the current context
C:\gh\azure-sdk-for-net\sdk\managedservices\Microsoft.Azure.Management.ManagedServices\tests\ScenarioTests\RegistrationDefintionTests.cs(33,21): error CS0518: Predefined type 'System.Object' is not defined or imported
C:\gh\azure-sdk-for-net\sdk\managedservices\Microsoft.Azure.Management.ManagedServices\tests\ScenarioTests\RegistrationDefintionTests.cs(33,21): error CS0103: The name 'Assert' does not exist in the current context
C:\gh\azure-sdk-for-net\sdk\managedservices\Microsoft.Azure.Management.ManagedServices\tests\ScenarioTests\RegistrationDefintionTests.cs(33,34): error CS0518: Predefined type 'System.Object' is not defined or imported
C:\gh\azure-sdk-for-net\sdk\managedservices\Microsoft.Azure.Management.ManagedServices\tests\ScenarioTests\RegistrationDefintionTests.cs(33,52): error CS0518: Predefined type 'System.String' is not defined or imported
C:\gh\azure-sdk-for-net\sdk\managedservices\Microsoft.Azure.Management.ManagedServices\tests\ScenarioTests\RegistrationDefintionTests.cs(38,32): error CS0518: Predefined type 'System.Object' is not defined or imported
C:\gh\azure-sdk-for-net\sdk\managedservices\Microsoft.Azure.Management.ManagedServices\tests\ScenarioTests\RegistrationDefintionTests.cs(39,51): error CS0518: Predefined type 'System.Object' is not defined or imported
C:\gh\azure-sdk-for-net\sdk\managedservices\Microsoft.Azure.Management.ManagedServices\tests\ScenarioTests\RegistrationDefintionTests.cs(36,60): error CS0246: The type or namespace name 'Task<>' could not be found (are you missing a using directive or an assembly reference?)
C:\gh\azure-sdk-for-net\sdk\managedservices\Microsoft.Azure.Management.ManagedServices\tests\ScenarioTests\RegistrationDefintionTests.cs(41,21): error CS0518: Predefined type 'System.Object' is not defined or imported
C:\gh\azure-sdk-for-net\sdk\managedservices\Microsoft.Azure.Management.ManagedServices\tests\ScenarioTests\RegistrationDefintionTests.cs(41,21): error CS0103: The name 'Assert' does not exist in the current context
C:\gh\azure-sdk-for-net\sdk\managedservices\Microsoft.Azure.Management.ManagedServices\tests\ScenarioTests\RegistrationDefintionTests.cs(42,21): error CS0518: Predefined type 'System.Object' is not defined or imported
C:\gh\azure-sdk-for-net\sdk\managedservices\Microsoft.Azure.Management.ManagedServices\tests\ScenarioTests\RegistrationDefintionTests.cs(42,21): error CS0103: The name 'Assert' does not exist in the current context
C:\gh\azure-sdk-for-net\sdk\managedservices\Microsoft.Azure.Management.ManagedServices\tests\ScenarioTests\RegistrationDefintionTests.cs(42,34): error CS0518: Predefined type 'System.Object' is not defined or imported
C:\gh\azure-sdk-for-net\sdk\managedservices\Microsoft.Azure.Management.ManagedServices\tests\ScenarioTests\RegistrationDefintionTests.cs(46,43): error CS0518: Predefined type 'System.Object' is not defined or imported
C:\gh\azure-sdk-for-net\sdk\managedservices\Microsoft.Azure.Management.ManagedServices\tests\ScenarioTests\RegistrationDefintionTests.cs(45,66): error CS0246: The type or namespace name 'Task<>' could not be found (are you missing a using directive or an assembly reference?)
C:\gh\azure-sdk-for-net\sdk\managedservices\Microsoft.Azure.Management.ManagedServices\tests\ScenarioTests\RegistrationDefintionTests.cs(48,21): error CS0518: Predefined type 'System.Object' is not defined or imported
C:\gh\azure-sdk-for-net\sdk\managedservices\Microsoft.Azure.Management.ManagedServices\tests\ScenarioTests\RegistrationDefintionTests.cs(48,21): error CS0103: The name 'Assert' does not exist in the current context
C:\gh\azure-sdk-for-net\sdk\managedservices\Microsoft.Azure.Management.ManagedServices\tests\ScenarioTests\RegistrationDefintionTests.cs(48,37): error CS0518: Predefined type 'System.Object' is not defined or imported
C:\gh\azure-sdk-for-net\sdk\managedservices\Microsoft.Azure.Management.ManagedServices\tests\ScenarioTests\RegistrationDefintionTests.cs(53,32): error CS0518: Predefined type 'System.Object' is not defined or imported
C:\gh\azure-sdk-for-net\sdk\managedservices\Microsoft.Azure.Management.ManagedServices\tests\ScenarioTests\RegistrationDefintionTests.cs(54,51): error CS0518: Predefined type 'System.Object' is not defined or imported
C:\gh\azure-sdk-for-net\sdk\managedservices\Microsoft.Azure.Management.ManagedServices\tests\ScenarioTests\RegistrationDefintionTests.cs(51,27): error CS0246: The type or namespace name 'Task' could not be found (are you missing a using directive or an assembly reference?)
C:\gh\azure-sdk-for-net\sdk\managedservices\Microsoft.Azure.Management.ManagedServices\tests\ScenarioTests\RegistrationDefintionTests.cs(58,43): error CS0518: Predefined type 'System.Object' is not defined or imported
C:\gh\azure-sdk-for-net\sdk\managedservices\Microsoft.Azure.Management.ManagedServices\tests\ScenarioTests\RegistrationDefintionTests.cs(57,62): error CS0246: The type or namespace name 'Task<>' could not be found (are you missing a using directive or an assembly reference?)
C:\gh\azure-sdk-for-net\sdk\managedservices\Microsoft.Azure.Management.ManagedServices\tests\ScenarioTests\RegistrationDefintionTests.cs(60,21): error CS0518: Predefined type 'System.Object' is not defined or imported
C:\gh\azure-sdk-for-net\sdk\managedservices\Microsoft.Azure.Management.ManagedServices\tests\ScenarioTests\RegistrationDefintionTests.cs(60,21): error CS0103: The name 'Assert' does not exist in the current context
C:\gh\azure-sdk-for-net\sdk\managedservices\Microsoft.Azure.Management.ManagedServices\tests\ScenarioTests\RegistrationDefintionTests.cs(60,43): error CS0518: Predefined type 'System.Object' is not defined or imported
C:\gh\azure-sdk-for-net\sdk\managedservices\Microsoft.Azure.Management.ManagedServices\tests\ScenarioTests\RegistrationAssignmentTests.cs(18,13): error CS0518: Predefined type 'System.IDisposable' is not defined or imported
C:\gh\azure-sdk-for-net\sdk\managedservices\Microsoft.Azure.Management.ManagedServices\tests\ScenarioTests\RegistrationAssignmentTests.cs(18,34): error CS0518: Predefined type 'System.Object' is not defined or imported
C:\gh\azure-sdk-for-net\sdk\managedservices\Microsoft.Azure.Management.ManagedServices\tests\ScenarioTests\RegistrationAssignmentTests.cs(18,34): error CS0103: The name 'MockContext' does not exist in the current context
C:\gh\azure-sdk-for-net\sdk\managedservices\Microsoft.Azure.Management.ManagedServices\tests\ScenarioTests\RegistrationAssignmentTests.cs(18,57): error CS0518: Predefined type 'System.Object' is not defined or imported
C:\gh\azure-sdk-for-net\sdk\managedservices\Microsoft.Azure.Management.ManagedServices\tests\ScenarioTests\RegistrationAssignmentTests.cs(18,57): error CS1061: 'RegistrationAssignmentTests' does not contain a definition for 'GetType' and no accessible extension method 'GetType' accepting a first argument of type 'RegistrationAssignmentTests' could be found (are you missing a using directive or an assembly reference?)
C:\gh\azure-sdk-for-net\sdk\managedservices\Microsoft.Azure.Management.ManagedServices\tests\ScenarioTests\RegistrationAssignmentTests.cs(20,17): error CS0518: Predefined type 'System.IDisposable' is not defined or imported
C:\gh\azure-sdk-for-net\sdk\managedservices\Microsoft.Azure.Management.ManagedServices\tests\ScenarioTests\RegistrationAssignmentTests.cs(20,46): error CS0518: Predefined type 'System.Object' is not defined or imported
C:\gh\azure-sdk-for-net\sdk\managedservices\Microsoft.Azure.Management.ManagedServices\tests\ScenarioTests\RegistrationAssignmentTests.cs(20,24): error CS1674: 'ManagedServicesTestBase': type used in a using statement must be implicitly convertible to 'System.IDisposable'.
C:\gh\azure-sdk-for-net\sdk\managedservices\Microsoft.Azure.Management.ManagedServices\tests\ScenarioTests\RegistrationAssignmentTests.cs(22,50): error CS0518: Predefined type 'System.Object' is not defined or imported
C:\gh\azure-sdk-for-net\sdk\managedservices\Microsoft.Azure.Management.ManagedServices\tests\ScenarioTests\RegistrationAssignmentTests.cs(22,79): error CS0518: Predefined type 'System.Object' is not defined or imported
C:\gh\azure-sdk-for-net\sdk\managedservices\Microsoft.Azure.Management.ManagedServices\tests\ScenarioTests\RegistrationAssignmentTests.cs(23,50): error CS0518: Predefined type 'System.Object' is not defined or imported
C:\gh\azure-sdk-for-net\sdk\managedservices\Microsoft.Azure.Management.ManagedServices\tests\ScenarioTests\RegistrationAssignmentTests.cs(23,79): error CS0518: Predefined type 'System.Object' is not defined or imported
C:\gh\azure-sdk-for-net\sdk\managedservices\Microsoft.Azure.Management.ManagedServices\tests\ScenarioTests\RegistrationAssignmentTests.cs(28,55): error CS0518: Predefined type 'System.Object' is not defined or imported
C:\gh\azure-sdk-for-net\sdk\managedservices\Microsoft.Azure.Management.ManagedServices\tests\ScenarioTests\RegistrationAssignmentTests.cs(29,36): error CS0518: Predefined type 'System.Object' is not defined or imported
C:\gh\azure-sdk-for-net\sdk\managedservices\Microsoft.Azure.Management.ManagedServices\tests\ScenarioTests\RegistrationAssignmentTests.cs(26,64): error CS0246: The type or namespace name 'Task<>' could not be found (are you missing a using directive or an assembly reference?)
C:\gh\azure-sdk-for-net\sdk\managedservices\Microsoft.Azure.Management.ManagedServices\tests\ScenarioTests\RegistrationAssignmentTests.cs(32,21): error CS0518: Predefined type 'System.Object' is not defined or imported
C:\gh\azure-sdk-for-net\sdk\managedservices\Microsoft.Azure.Management.ManagedServices\tests\ScenarioTests\RegistrationAssignmentTests.cs(32,21): error CS0103: The name 'Assert' does not exist in the current context
C:\gh\azure-sdk-for-net\sdk\managedservices\Microsoft.Azure.Management.ManagedServices\tests\ScenarioTests\RegistrationAssignmentTests.cs(33,21): error CS0518: Predefined type 'System.Object' is not defined or imported
C:\gh\azure-sdk-for-net\sdk\managedservices\Microsoft.Azure.Management.ManagedServices\tests\ScenarioTests\RegistrationAssignmentTests.cs(33,21): error CS0103: The name 'Assert' does not exist in the current context
C:\gh\azure-sdk-for-net\sdk\managedservices\Microsoft.Azure.Management.ManagedServices\tests\ScenarioTests\RegistrationAssignmentTests.cs(33,34): error CS0518: Predefined type 'System.Object' is not defined or imported
C:\gh\azure-sdk-for-net\sdk\managedservices\Microsoft.Azure.Management.ManagedServices\tests\ScenarioTests\RegistrationAssignmentTests.cs(34,21): error CS0518: Predefined type 'System.Object' is not defined or imported
C:\gh\azure-sdk-for-net\sdk\managedservices\Microsoft.Azure.Management.ManagedServices\tests\ScenarioTests\RegistrationAssignmentTests.cs(34,21): error CS0103: The name 'Assert' does not exist in the current context
C:\gh\azure-sdk-for-net\sdk\managedservices\Microsoft.Azure.Management.ManagedServices\tests\ScenarioTests\RegistrationAssignmentTests.cs(34,34): error CS0518: Predefined type 'System.Object' is not defined or imported
C:\gh\azure-sdk-for-net\sdk\managedservices\Microsoft.Azure.Management.ManagedServices\tests\ScenarioTests\RegistrationAssignmentTests.cs(34,52): error CS0518: Predefined type 'System.String' is not defined or imported
C:\gh\azure-sdk-for-net\sdk\managedservices\Microsoft.Azure.Management.ManagedServices\tests\ScenarioTests\RegistrationAssignmentTests.cs(38,32): error CS0518: Predefined type 'System.Object' is not defined or imported
C:\gh\azure-sdk-for-net\sdk\managedservices\Microsoft.Azure.Management.ManagedServices\tests\ScenarioTests\RegistrationAssignmentTests.cs(39,51): error CS0518: Predefined type 'System.Object' is not defined or imported
C:\gh\azure-sdk-for-net\sdk\managedservices\Microsoft.Azure.Management.ManagedServices\tests\ScenarioTests\RegistrationAssignmentTests.cs(36,64): error CS0246: The type or namespace name 'Task<>' could not be found (are you missing a using directive or an assembly reference?)
C:\gh\azure-sdk-for-net\sdk\managedservices\Microsoft.Azure.Management.ManagedServices\tests\ScenarioTests\RegistrationAssignmentTests.cs(42,21): error CS0518: Predefined type 'System.Object' is not defined or imported
C:\gh\azure-sdk-for-net\sdk\managedservices\Microsoft.Azure.Management.ManagedServices\tests\ScenarioTests\RegistrationAssignmentTests.cs(42,21): error CS0103: The name 'Assert' does not exist in the current context
C:\gh\azure-sdk-for-net\sdk\managedservices\Microsoft.Azure.Management.ManagedServices\tests\ScenarioTests\RegistrationAssignmentTests.cs(43,21): error CS0518: Predefined type 'System.Object' is not defined or imported
C:\gh\azure-sdk-for-net\sdk\managedservices\Microsoft.Azure.Management.ManagedServices\tests\ScenarioTests\RegistrationAssignmentTests.cs(43,21): error CS0103: The name 'Assert' does not exist in the current context
C:\gh\azure-sdk-for-net\sdk\managedservices\Microsoft.Azure.Management.ManagedServices\tests\ScenarioTests\RegistrationAssignmentTests.cs(43,34): error CS0518: Predefined type 'System.Object' is not defined or imported
C:\gh\azure-sdk-for-net\sdk\managedservices\Microsoft.Azure.Management.ManagedServices\tests\ScenarioTests\RegistrationAssignmentTests.cs(44,21): error CS0518: Predefined type 'System.Object' is not defined or imported
C:\gh\azure-sdk-for-net\sdk\managedservices\Microsoft.Azure.Management.ManagedServices\tests\ScenarioTests\RegistrationAssignmentTests.cs(44,21): error CS0103: The name 'Assert' does not exist in the current context
C:\gh\azure-sdk-for-net\sdk\managedservices\Microsoft.Azure.Management.ManagedServices\tests\ScenarioTests\RegistrationAssignmentTests.cs(44,34): error CS0518: Predefined type 'System.Object' is not defined or imported
C:\gh\azure-sdk-for-net\sdk\managedservices\Microsoft.Azure.Management.ManagedServices\tests\ScenarioTests\RegistrationAssignmentTests.cs(44,52): error CS0518: Predefined type 'System.String' is not defined or imported
C:\gh\azure-sdk-for-net\sdk\managedservices\Microsoft.Azure.Management.ManagedServices\tests\ScenarioTests\RegistrationAssignmentTests.cs(49,32): error CS0518: Predefined type 'System.Object' is not defined or imported
C:\gh\azure-sdk-for-net\sdk\managedservices\Microsoft.Azure.Management.ManagedServices\tests\ScenarioTests\RegistrationAssignmentTests.cs(50,51): error CS0518: Predefined type 'System.Object' is not defined or imported
C:\gh\azure-sdk-for-net\sdk\managedservices\Microsoft.Azure.Management.ManagedServices\tests\ScenarioTests\RegistrationAssignmentTests.cs(47,60): error CS0246: The type or namespace name 'Task<>' could not be found (are you missing a using directive or an assembly reference?)
C:\gh\azure-sdk-for-net\sdk\managedservices\Microsoft.Azure.Management.ManagedServices\tests\ScenarioTests\RegistrationAssignmentTests.cs(52,21): error CS0518: Predefined type 'System.Object' is not defined or imported
C:\gh\azure-sdk-for-net\sdk\managedservices\Microsoft.Azure.Management.ManagedServices\tests\ScenarioTests\RegistrationAssignmentTests.cs(52,21): error CS0103: The name 'Assert' does not exist in the current context
C:\gh\azure-sdk-for-net\sdk\managedservices\Microsoft.Azure.Management.ManagedServices\tests\ScenarioTests\RegistrationAssignmentTests.cs(53,21): error CS0518: Predefined type 'System.Object' is not defined or imported
C:\gh\azure-sdk-for-net\sdk\managedservices\Microsoft.Azure.Management.ManagedServices\tests\ScenarioTests\RegistrationAssignmentTests.cs(53,21): error CS0103: The name 'Assert' does not exist in the current context
C:\gh\azure-sdk-for-net\sdk\managedservices\Microsoft.Azure.Management.ManagedServices\tests\ScenarioTests\RegistrationAssignmentTests.cs(53,34): error CS0518: Predefined type 'System.Object' is not defined or imported
C:\gh\azure-sdk-for-net\sdk\managedservices\Microsoft.Azure.Management.ManagedServices\tests\ScenarioTests\RegistrationAssignmentTests.cs(58,32): error CS0518: Predefined type 'System.Object' is not defined or imported
C:\gh\azure-sdk-for-net\sdk\managedservices\Microsoft.Azure.Management.ManagedServices\tests\ScenarioTests\RegistrationAssignmentTests.cs(59,55): error CS0518: Predefined type 'System.Boolean' is not defined or imported
C:\gh\azure-sdk-for-net\sdk\managedservices\Microsoft.Azure.Management.ManagedServices\tests\ScenarioTests\RegistrationAssignmentTests.cs(56,65): error CS0246: The type or namespace name 'Task<>' could not be found (are you missing a using directive or an assembly reference?)
C:\gh\azure-sdk-for-net\sdk\managedservices\Microsoft.Azure.Management.ManagedServices\tests\ScenarioTests\RegistrationAssignmentTests.cs(61,21): error CS0518: Predefined type 'System.Object' is not defined or imported
C:\gh\azure-sdk-for-net\sdk\managedservices\Microsoft.Azure.Management.ManagedServices\tests\ScenarioTests\RegistrationAssignmentTests.cs(61,21): error CS0103: The name 'Assert' does not exist in the current context
C:\gh\azure-sdk-for-net\sdk\managedservices\Microsoft.Azure.Management.ManagedServices\tests\ScenarioTests\RegistrationAssignmentTests.cs(61,37): error CS0518: Predefined type 'System.Object' is not defined or imported
C:\gh\azure-sdk-for-net\sdk\managedservices\Microsoft.Azure.Management.ManagedServices\tests\ScenarioTests\RegistrationAssignmentTests.cs(66,32): error CS0518: Predefined type 'System.Object' is not defined or imported
C:\gh\azure-sdk-for-net\sdk\managedservices\Microsoft.Azure.Management.ManagedServices\tests\ScenarioTests\RegistrationAssignmentTests.cs(67,55): error CS0518: Predefined type 'System.Boolean' is not defined or imported
C:\gh\azure-sdk-for-net\sdk\managedservices\Microsoft.Azure.Management.ManagedServices\tests\ScenarioTests\RegistrationAssignmentTests.cs(64,61): error CS0246: The type or namespace name 'Task<>' could not be found (are you missing a using directive or an assembly reference?)
C:\gh\azure-sdk-for-net\sdk\managedservices\Microsoft.Azure.Management.ManagedServices\tests\ScenarioTests\RegistrationAssignmentTests.cs(69,21): error CS0518: Predefined type 'System.Object' is not defined or imported
C:\gh\azure-sdk-for-net\sdk\managedservices\Microsoft.Azure.Management.ManagedServices\tests\ScenarioTests\RegistrationAssignmentTests.cs(69,21): error CS0103: The name 'Assert' does not exist in the current context
C:\gh\azure-sdk-for-net\sdk\managedservices\Microsoft.Azure.Management.ManagedServices\tests\ScenarioTests\RegistrationAssignmentTests.cs(74,32): error CS0518: Predefined type 'System.Object' is not defined or imported
C:\gh\azure-sdk-for-net\sdk\managedservices\Microsoft.Azure.Management.ManagedServices\tests\ScenarioTests\RegistrationAssignmentTests.cs(75,51): error CS0518: Predefined type 'System.Object' is not defined or imported
C:\gh\azure-sdk-for-net\sdk\managedservices\Microsoft.Azure.Management.ManagedServices\tests\ScenarioTests\RegistrationAssignmentTests.cs(72,27): error CS0246: The type or namespace name 'Task' could not be found (are you missing a using directive or an assembly reference?)
C:\gh\azure-sdk-for-net\sdk\managedservices\Microsoft.Azure.Management.ManagedServices\tests\ScenarioTests\RegistrationAssignmentTests.cs(77,21): error CS0518: Predefined type 'System.Object' is not defined or imported
C:\gh\azure-sdk-for-net\sdk\managedservices\Microsoft.Azure.Management.ManagedServices\tests\ScenarioTests\RegistrationAssignmentTests.cs(77,21): error CS0103: The name 'Assert' does not exist in the current context
C:\gh\azure-sdk-for-net\sdk\managedservices\Microsoft.Azure.Management.ManagedServices\tests\ScenarioTests\RegistrationAssignmentTests.cs(82,32): error CS0518: Predefined type 'System.Object' is not defined or imported
C:\gh\azure-sdk-for-net\sdk\managedservices\Microsoft.Azure.Management.ManagedServices\tests\ScenarioTests\RegistrationAssignmentTests.cs(80,61): error CS0246: The type or namespace name 'Task<>' could not be found (are you missing a using directive or an assembly reference?)
C:\gh\azure-sdk-for-net\sdk\managedservices\Microsoft.Azure.Management.ManagedServices\tests\ScenarioTests\RegistrationAssignmentTests.cs(84,21): error CS0518: Predefined type 'System.Object' is not defined or imported
C:\gh\azure-sdk-for-net\sdk\managedservices\Microsoft.Azure.Management.ManagedServices\tests\ScenarioTests\RegistrationAssignmentTests.cs(84,21): error CS0103: The name 'Assert' does not exist in the current context
C:\gh\azure-sdk-for-net\sdk\managedservices\Microsoft.Azure.Management.ManagedServices\tests\ScenarioTests\RegistrationAssignmentTests.cs(84,43): error CS0518: Predefined type 'System.Object' is not defined or imported
C:\gh\azure-sdk-for-net\artifacts\obj\Microsoft.Azure.Management.ManagedServices.Tests\Debug\netcoreapp2.0\Microsoft.Azure.Management.ManagedServices.Tests.AssemblyInfo.cs(12,1): hidden CS8019: Unnecessary using directive.
C:\gh\azure-sdk-for-net\sdk\managedservices\Microsoft.Azure.Management.ManagedServices\tests\ScenarioTests\RegistrationAssignmentTests.cs(4,1): hidden CS8019: Unnecessary using directive.
C:\gh\azure-sdk-for-net\sdk\managedservices\Microsoft.Azure.Management.ManagedServices\tests\AssemblyInfo.cs(2,1): hidden CS8019: Unnecessary using directive.
C:\gh\azure-sdk-for-net\sdk\managedservices\Microsoft.Azure.Management.ManagedServices\tests\ScenarioTests\RegistrationAssignmentTests.cs(8,1): hidden CS8019: Unnecessary using directive.
C:\gh\azure-sdk-for-net\sdk\managedservices\Microsoft.Azure.Management.ManagedServices\tests\Helpers\ManagedServicesTestBase.cs(8,5): hidden CS8019: Unnecessary using directive.
C:\gh\azure-sdk-for-net\sdk\managedservices\Microsoft.Azure.Management.ManagedServices\tests\Helpers\ManagedServicesTestUtilities.cs(11,1): hidden CS8019: Unnecessary using directive.
C:\gh\azure-sdk-for-net\sdk\managedservices\Microsoft.Azure.Management.ManagedServices\tests\Helpers\ManagedServicesTestUtilities.cs(8,1): hidden CS8019: Unnecessary using directive.
C:\gh\azure-sdk-for-net\sdk\managedservices\Microsoft.Azure.Management.ManagedServices\tests\ScenarioTests\RegistrationDefintionTests.cs(9,1): hidden CS8019: Unnecessary using directive.
C:\gh\azure-sdk-for-net\sdk\managedservices\Microsoft.Azure.Management.ManagedServices\tests\Helpers\ManagedServicesTestUtilities.cs(6,1): hidden CS8019: Unnecessary using directive.
C:\gh\azure-sdk-for-net\sdk\managedservices\Microsoft.Azure.Management.ManagedServices\tests\ScenarioTests\RegistrationDefintionTests.cs(6,1): hidden CS8019: Unnecessary using directive.
C:\gh\azure-sdk-for-net\sdk\managedservices\Microsoft.Azure.Management.ManagedServices\tests\AssemblyInfo.cs(1,1): hidden CS8019: Unnecessary using directive.
C:\gh\azure-sdk-for-net\sdk\managedservices\Microsoft.Azure.Management.ManagedServices\tests\AssemblyInfo.cs(3,1): hidden CS8019: Unnecessary using directive.
C:\gh\azure-sdk-for-net\sdk\managedservices\Microsoft.Azure.Management.ManagedServices\tests\ScenarioTests\RegistrationAssignmentTests.cs(9,1): hidden CS8019: Unnecessary using directive.
C:\gh\azure-sdk-for-net\eng\mgmt\DisableTestRunParallel.cs(5,1): hidden CS8019: Unnecessary using directive.
C:\gh\azure-sdk-for-net\eng\mgmt\DisableTestRunParallel.cs(4,1): hidden CS8019: Unnecessary using directive.
C:\gh\azure-sdk-for-net\sdk\managedservices\Microsoft.Azure.Management.ManagedServices\tests\Helpers\ManagedServicesTestBase.cs(6,5): hidden CS8019: Unnecessary using directive.
C:\gh\azure-sdk-for-net\sdk\managedservices\Microsoft.Azure.Management.ManagedServices\tests\Helpers\ManagedServicesTestUtilities.cs(9,1): hidden CS8019: Unnecessary using directive.
C:\gh\azure-sdk-for-net\artifacts\obj\Microsoft.Azure.Management.ManagedServices.Tests\Debug\netcoreapp2.0\.NETCoreApp,Version=v2.0.AssemblyAttributes.cs(2,1): hidden CS8019: Unnecessary using directive.
C:\gh\azure-sdk-for-net\sdk\managedservices\Microsoft.Azure.Management.ManagedServices\tests\ScenarioTests\RegistrationDefintionTests.cs(10,1): hidden CS8019: Unnecessary using directive.
C:\gh\azure-sdk-for-net\sdk\managedservices\Microsoft.Azure.Management.ManagedServices\tests\Helpers\ManagedServicesTestUtilities.cs(10,1): hidden CS8019: Unnecessary using directive.
C:\gh\azure-sdk-for-net\artifacts\obj\Microsoft.Azure.Management.ManagedServices.Tests\Debug\netcoreapp2.0\.NETCoreApp,Version=v2.0.AssemblyAttributes.cs(3,1): hidden CS8019: Unnecessary using directive.
C:\gh\azure-sdk-for-net\artifacts\obj\Microsoft.Azure.Management.ManagedServices.Tests\Debug\netcoreapp2.0\Microsoft.Azure.Management.ManagedServices.Tests.AssemblyInfo.cs(11,1): hidden CS8019: Unnecessary using directive.
C:\gh\azure-sdk-for-net\sdk\managedservices\Microsoft.Azure.Management.ManagedServices\tests\ScenarioTests\RegistrationDefintionTests.cs(5,1): hidden CS8019: Unnecessary using directive.
C:\gh\azure-sdk-for-net\sdk\managedservices\Microsoft.Azure.Management.ManagedServices\tests\Helpers\ManagedServicesTestUtilities.cs(5,1): hidden CS8019: Unnecessary using directive.
