C:\gh\azure-sdk-for-net\sdk\core\Azure.Core\perf\InProcTestServer.cs(16,37): error CS0246: The type or namespace name 'IStartup' could not be found (are you missing a using directive or an assembly reference?)
C:\gh\azure-sdk-for-net\sdk\core\Azure.Core\perf\InProcTestServer.cs(38,26): error CS0246: The type or namespace name 'IStartup' could not be found (are you missing a using directive or an assembly reference?)
C:\gh\azure-sdk-for-net\sdk\core\Azure.Core\perf\InProcTestServer.cs(43,14): error CS0246: The type or namespace name 'IStartup' could not be found (are you missing a using directive or an assembly reference?)
C:\gh\azure-sdk-for-net\sdk\core\Azure.Core\perf\InProcTestServer.cs(26,33): error CS0246: The type or namespace name 'RequestDelegate' could not be found (are you missing a using directive or an assembly reference?)
C:\gh\azure-sdk-for-net\sdk\core\Azure.Core\perf\DownloadHttpClientTest.cs(15,24): error CS0246: The type or namespace name 'HttpClient' could not be found (are you missing a using directive or an assembly reference?)
C:\gh\azure-sdk-for-net\sdk\core\Azure.Core\perf\InProcTestServer.cs(22,26): error CS0246: The type or namespace name 'IWebHost' could not be found (are you missing a using directive or an assembly reference?)
C:\gh\azure-sdk-for-net\sdk\core\Azure.Core\perf\InProcTestServer.cs(43,33): error CS0246: The type or namespace name 'IApplicationBuilder' could not be found (are you missing a using directive or an assembly reference?)
C:\gh\azure-sdk-for-net\sdk\core\Azure.Core\perf\InProcTestServer.cs(43,14): error CS0538: 'IStartup' in explicit interface declaration is not an interface
C:\gh\azure-sdk-for-net\sdk\core\Azure.Core\perf\InProcTestServer.cs(21,26): error CS0246: The type or namespace name 'RequestDelegate' could not be found (are you missing a using directive or an assembly reference?)
C:\gh\azure-sdk-for-net\sdk\core\Azure.Core\perf\InProcTestServer.cs(38,53): error CS0246: The type or namespace name 'IServiceCollection' could not be found (are you missing a using directive or an assembly reference?)
C:\gh\azure-sdk-for-net\sdk\core\Azure.Core\perf\InProcTestServer.cs(38,26): error CS0538: 'IStartup' in explicit interface declaration is not an interface
C:\gh\azure-sdk-for-net\sdk\core\Azure.Core\perf\DownloadHttpClientTest.cs(6,18): error CS0234: The type or namespace name 'Http' does not exist in the namespace 'System.Net' (are you missing an assembly reference?)
C:\gh\azure-sdk-for-net\sdk\core\Azure.Core\perf\DownloadTestOptions.cs(5,7): error CS0246: The type or namespace name 'CommandLine' could not be found (are you missing a using directive or an assembly reference?)
C:\gh\azure-sdk-for-net\sdk\core\Azure.Core\perf\InProcTestServer.cs(8,17): error CS0234: The type or namespace name 'AspNetCore' does not exist in the namespace 'Microsoft' (are you missing an assembly reference?)
C:\gh\azure-sdk-for-net\sdk\core\Azure.Core\perf\InProcTestServer.cs(9,17): error CS0234: The type or namespace name 'AspNetCore' does not exist in the namespace 'Microsoft' (are you missing an assembly reference?)
C:\gh\azure-sdk-for-net\sdk\core\Azure.Core\perf\InProcTestServer.cs(10,17): error CS0234: The type or namespace name 'AspNetCore' does not exist in the namespace 'Microsoft' (are you missing an assembly reference?)
C:\gh\azure-sdk-for-net\sdk\core\Azure.Core\perf\InProcTestServer.cs(11,17): error CS0234: The type or namespace name 'AspNetCore' does not exist in the namespace 'Microsoft' (are you missing an assembly reference?)
C:\gh\azure-sdk-for-net\sdk\core\Azure.Core\perf\InProcTestServer.cs(12,17): error CS0234: The type or namespace name 'Extensions' does not exist in the namespace 'Microsoft' (are you missing an assembly reference?)
C:\gh\azure-sdk-for-net\sdk\core\Azure.Core\perf\DownloadTestOptions.cs(11,10): error CS0246: The type or namespace name 'OptionAttribute' could not be found (are you missing a using directive or an assembly reference?)
C:\gh\azure-sdk-for-net\sdk\core\Azure.Core\perf\DownloadTestOptions.cs(11,10): error CS0246: The type or namespace name 'Option' could not be found (are you missing a using directive or an assembly reference?)
C:\gh\azure-sdk-for-net\sdk\core\Azure.Core\perf\DownloadTestOptions.cs(11,27): error CS0246: The type or namespace name 'Default' could not be found (are you missing a using directive or an assembly reference?)
C:\gh\azure-sdk-for-net\sdk\core\Azure.Core\perf\DownloadTestOptions.cs(11,44): error CS0246: The type or namespace name 'HelpText' could not be found (are you missing a using directive or an assembly reference?)
C:\gh\azure-sdk-for-net\sdk\core\Azure.Core\perf\InProcTestServer.cs(24,64): error CS0246: The type or namespace name 'IServerAddressesFeature' could not be found (are you missing a using directive or an assembly reference?)
C:\gh\azure-sdk-for-net\sdk\core\Azure.Core\perf\DownloadHttpClientTest.cs(21,29): error CS0246: The type or namespace name 'HttpClient' could not be found (are you missing a using directive or an assembly reference?)
C:\gh\azure-sdk-for-net\sdk\core\Azure.Core\perf\DownloadHttpClientTest.cs(36,91): error CS0103: The name 'HttpCompletionOption' does not exist in the current context
C:\gh\azure-sdk-for-net\sdk\core\Azure.Core\perf\DownloadHttpClientTest.cs(36,134): error CS0103: The name 'HttpCompletionOption' does not exist in the current context
C:\gh\azure-sdk-for-net\sdk\core\Azure.Core\perf\InProcTestServer.cs(29,25): error CS0246: The type or namespace name 'WebHostBuilder' could not be found (are you missing a using directive or an assembly reference?)
C:\gh\azure-sdk-for-net\sdk\core\Azure.Core\perf\InProcTestServer.cs(32,29): error CS0103: The name 'WebHostDefaults' does not exist in the current context
C:\gh\azure-sdk-for-net\sdk\core\Azure.Core\perf\DownloadTest.cs(41,19): error CS0012: The type 'ValueTask' is defined in an assembly that is not referenced. You must add a reference to assembly 'System.Threading.Tasks.Extensions, Version=4.2.0.0, Culture=neutral, PublicKeyToken=cc7b13ffcd2ddd51'.
C:\gh\azure-sdk-for-net\sdk\core\Azure.Core\perf\InProcTestServer.cs(12,1): hidden CS8019: Unnecessary using directive.
C:\gh\azure-sdk-for-net\sdk\core\Azure.Core\perf\InProcTestServer.cs(8,1): hidden CS8019: Unnecessary using directive.
C:\gh\azure-sdk-for-net\sdk\core\Azure.Core\perf\DownloadHttpClientTest.cs(4,1): hidden CS8019: Unnecessary using directive.
C:\gh\azure-sdk-for-net\sdk\core\Azure.Core\perf\InProcTestServer.cs(11,1): hidden CS8019: Unnecessary using directive.
C:\gh\azure-sdk-for-net\artifacts\obj\Azure.Core.Perf\Debug\net461\.NETFramework,Version=v4.6.1.AssemblyAttributes.cs(2,1): hidden CS8019: Unnecessary using directive.
C:\gh\azure-sdk-for-net\sdk\core\Azure.Core\perf\DownloadHttpClientTest.cs(6,1): hidden CS8019: Unnecessary using directive.
C:\gh\azure-sdk-for-net\sdk\core\Azure.Core\perf\InProcTestServer.cs(9,1): hidden CS8019: Unnecessary using directive.
C:\gh\azure-sdk-for-net\artifacts\obj\Azure.Core.Perf\Debug\net461\Azure.Core.Perf.AssemblyInfo.cs(11,1): hidden CS8019: Unnecessary using directive.
C:\gh\azure-sdk-for-net\artifacts\obj\Azure.Core.Perf\Debug\net461\.NETFramework,Version=v4.6.1.AssemblyAttributes.cs(3,1): hidden CS8019: Unnecessary using directive.
C:\gh\azure-sdk-for-net\sdk\core\Azure.Core\perf\InProcTestServer.cs(10,1): hidden CS8019: Unnecessary using directive.
C:\gh\azure-sdk-for-net\artifacts\obj\Azure.Core.Perf\Debug\net461\Azure.Core.Perf.AssemblyInfo.cs(12,1): hidden CS8019: Unnecessary using directive.
C:\gh\azure-sdk-for-net\sdk\core\Azure.Core\perf\DownloadTestOptions.cs(5,1): hidden CS8019: Unnecessary using directive.
