C:\gh\azure-sdk-for-net\sdk\support\Microsoft.Azure.Management.Support\tests\ScenarioTests\CommunicationTests.cs(140,65): error CS0518: Predefined type 'System.Object' is not defined or imported
C:\gh\azure-sdk-for-net\sdk\support\Microsoft.Azure.Management.Support\tests\ScenarioTests\CommunicationTests.cs(140,96): error CS0518: Predefined type 'System.String' is not defined or imported
C:\gh\azure-sdk-for-net\sdk\support\Microsoft.Azure.Management.Support\tests\ScenarioTests\CommunicationTests.cs(140,115): error CS0518: Predefined type 'System.String' is not defined or imported
C:\gh\azure-sdk-for-net\sdk\support\Microsoft.Azure.Management.Support\tests\ScenarioTests\CommunicationTests.cs(140,131): error CS0518: Predefined type 'System.String' is not defined or imported
C:\gh\azure-sdk-for-net\sdk\support\Microsoft.Azure.Management.Support\tests\ScenarioTests\CommunicationTests.cs(140,24): error CS0518: Predefined type 'System.Object' is not defined or imported
C:\gh\azure-sdk-for-net\sdk\support\Microsoft.Azure.Management.Support\tests\ScenarioTests\CheckNameAvailabilityTests.cs(49,16): error CS0518: Predefined type 'System.Void' is not defined or imported
C:\gh\azure-sdk-for-net\sdk\support\Microsoft.Azure.Management.Support\tests\ScenarioTests\SupportTicketTests.cs(251,16): error CS0518: Predefined type 'System.Void' is not defined or imported
C:\gh\azure-sdk-for-net\sdk\support\Microsoft.Azure.Management.Support\tests\ScenarioTests\CheckNameAvailabilityTests.cs(31,16): error CS0518: Predefined type 'System.Void' is not defined or imported
C:\gh\azure-sdk-for-net\sdk\support\Microsoft.Azure.Management.Support\tests\ScenarioTests\CheckNameAvailabilityTests.cs(13,16): error CS0518: Predefined type 'System.Void' is not defined or imported
C:\gh\azure-sdk-for-net\sdk\support\Microsoft.Azure.Management.Support\tests\ScenarioTests\CommunicationTests.cs(103,16): error CS0518: Predefined type 'System.Void' is not defined or imported
C:\gh\azure-sdk-for-net\sdk\support\Microsoft.Azure.Management.Support\tests\ScenarioTests\SupportTicketTests.cs(228,16): error CS0518: Predefined type 'System.Void' is not defined or imported
C:\gh\azure-sdk-for-net\sdk\support\Microsoft.Azure.Management.Support\tests\ScenarioTests\CheckNameAvailabilityTests.cs(10,18): error CS0518: Predefined type 'System.Object' is not defined or imported
C:\gh\azure-sdk-for-net\sdk\support\Microsoft.Azure.Management.Support\tests\ScenarioTests\SupportTicketTests.cs(197,16): error CS0518: Predefined type 'System.Void' is not defined or imported
C:\gh\azure-sdk-for-net\sdk\support\Microsoft.Azure.Management.Support\tests\ScenarioTests\SupportTicketTests.cs(174,16): error CS0518: Predefined type 'System.Void' is not defined or imported
C:\gh\azure-sdk-for-net\sdk\support\Microsoft.Azure.Management.Support\tests\ScenarioTests\SupportTicketTests.cs(139,16): error CS0518: Predefined type 'System.Void' is not defined or imported
C:\gh\azure-sdk-for-net\sdk\support\Microsoft.Azure.Management.Support\tests\Helpers\RecordedDelegatingHandler.cs(12,46): error CS0246: The type or namespace name 'DelegatingHandler' could not be found (are you missing a using directive or an assembly reference?)
C:\gh\azure-sdk-for-net\sdk\support\Microsoft.Azure.Management.Support\tests\Helpers\Util.cs(11,13): error CS0518: Predefined type 'System.String' is not defined or imported
C:\gh\azure-sdk-for-net\sdk\support\Microsoft.Azure.Management.Support\tests\Helpers\Util.cs(12,13): error CS0518: Predefined type 'System.String' is not defined or imported
C:\gh\azure-sdk-for-net\sdk\support\Microsoft.Azure.Management.Support\tests\Helpers\Util.cs(13,13): error CS0518: Predefined type 'System.String' is not defined or imported
C:\gh\azure-sdk-for-net\sdk\support\Microsoft.Azure.Management.Support\tests\Helpers\Util.cs(14,13): error CS0518: Predefined type 'System.String' is not defined or imported
C:\gh\azure-sdk-for-net\sdk\support\Microsoft.Azure.Management.Support\tests\Helpers\Util.cs(15,13): error CS0518: Predefined type 'System.String' is not defined or imported
C:\gh\azure-sdk-for-net\sdk\support\Microsoft.Azure.Management.Support\tests\Helpers\Util.cs(16,13): error CS0518: Predefined type 'System.String' is not defined or imported
C:\gh\azure-sdk-for-net\sdk\support\Microsoft.Azure.Management.Support\tests\Helpers\Util.cs(17,13): error CS0518: Predefined type 'System.String' is not defined or imported
C:\gh\azure-sdk-for-net\sdk\support\Microsoft.Azure.Management.Support\tests\Helpers\Util.cs(18,13): error CS0518: Predefined type 'System.String' is not defined or imported
C:\gh\azure-sdk-for-net\sdk\support\Microsoft.Azure.Management.Support\tests\Helpers\Util.cs(19,13): error CS0518: Predefined type 'System.String' is not defined or imported
C:\gh\azure-sdk-for-net\sdk\support\Microsoft.Azure.Management.Support\tests\Helpers\Util.cs(20,13): error CS0518: Predefined type 'System.String' is not defined or imported
C:\gh\azure-sdk-for-net\sdk\support\Microsoft.Azure.Management.Support\tests\Helpers\Util.cs(21,13): error CS0518: Predefined type 'System.String' is not defined or imported
C:\gh\azure-sdk-for-net\sdk\support\Microsoft.Azure.Management.Support\tests\Helpers\Util.cs(22,13): error CS0518: Predefined type 'System.String' is not defined or imported
C:\gh\azure-sdk-for-net\sdk\support\Microsoft.Azure.Management.Support\tests\Helpers\Util.cs(23,13): error CS0518: Predefined type 'System.String' is not defined or imported
C:\gh\azure-sdk-for-net\sdk\support\Microsoft.Azure.Management.Support\tests\Helpers\Util.cs(24,13): error CS0518: Predefined type 'System.Object' is not defined or imported
C:\gh\azure-sdk-for-net\sdk\support\Microsoft.Azure.Management.Support\tests\Helpers\Util.cs(24,13): error CS0246: The type or namespace name 'List<>' could not be found (are you missing a using directive or an assembly reference?)
C:\gh\azure-sdk-for-net\sdk\support\Microsoft.Azure.Management.Support\tests\Helpers\Util.cs(24,18): error CS0518: Predefined type 'System.String' is not defined or imported
C:\gh\azure-sdk-for-net\sdk\support\Microsoft.Azure.Management.Support\tests\Helpers\Util.cs(10,23): error CS0518: Predefined type 'System.Object' is not defined or imported
C:\gh\azure-sdk-for-net\sdk\support\Microsoft.Azure.Management.Support\tests\Helpers\RecordedDelegatingHandler.cs(47,70): error CS0518: Predefined type 'System.Object' is not defined or imported
C:\gh\azure-sdk-for-net\sdk\support\Microsoft.Azure.Management.Support\tests\Helpers\RecordedDelegatingHandler.cs(47,70): error CS0246: The type or namespace name 'HttpRequestMessage' could not be found (are you missing a using directive or an assembly reference?)
C:\gh\azure-sdk-for-net\sdk\support\Microsoft.Azure.Management.Support\tests\Helpers\RecordedDelegatingHandler.cs(47,98): error CS0518: Predefined type 'System.Object' is not defined or imported
C:\gh\azure-sdk-for-net\sdk\support\Microsoft.Azure.Management.Support\tests\Helpers\RecordedDelegatingHandler.cs(47,98): error CS0246: The type or namespace name 'System' could not be found (are you missing a using directive or an assembly reference?)
C:\gh\azure-sdk-for-net\sdk\support\Microsoft.Azure.Management.Support\tests\Helpers\RecordedDelegatingHandler.cs(47,34): error CS0518: Predefined type 'System.Object' is not defined or imported
C:\gh\azure-sdk-for-net\sdk\support\Microsoft.Azure.Management.Support\tests\Helpers\RecordedDelegatingHandler.cs(47,34): error CS0246: The type or namespace name 'Task<>' could not be found (are you missing a using directive or an assembly reference?)
C:\gh\azure-sdk-for-net\sdk\support\Microsoft.Azure.Management.Support\tests\Helpers\RecordedDelegatingHandler.cs(47,39): error CS0518: Predefined type 'System.Object' is not defined or imported
C:\gh\azure-sdk-for-net\sdk\support\Microsoft.Azure.Management.Support\tests\Helpers\RecordedDelegatingHandler.cs(47,39): error CS0246: The type or namespace name 'HttpResponseMessage' could not be found (are you missing a using directive or an assembly reference?)
C:\gh\azure-sdk-for-net\sdk\support\Microsoft.Azure.Management.Support\tests\ScenarioTests\OperationsTests.cs(13,16): error CS0518: Predefined type 'System.Void' is not defined or imported
C:\gh\azure-sdk-for-net\sdk\support\Microsoft.Azure.Management.Support\tests\Helpers\RecordedDelegatingHandler.cs(45,17): error CS0518: Predefined type 'System.Int32' is not defined or imported
C:\gh\azure-sdk-for-net\sdk\support\Microsoft.Azure.Management.Support\tests\Helpers\RecordedDelegatingHandler.cs(14,17): error CS0518: Predefined type 'System.Object' is not defined or imported
C:\gh\azure-sdk-for-net\sdk\support\Microsoft.Azure.Management.Support\tests\Helpers\RecordedDelegatingHandler.cs(14,17): error CS0246: The type or namespace name 'HttpResponseMessage' could not be found (are you missing a using directive or an assembly reference?)
C:\gh\azure-sdk-for-net\sdk\support\Microsoft.Azure.Management.Support\tests\ScenarioTests\ServiceTests.cs(27,16): error CS0518: Predefined type 'System.Void' is not defined or imported
C:\gh\azure-sdk-for-net\sdk\support\Microsoft.Azure.Management.Support\tests\ScenarioTests\ProblemClassificationTests.cs(27,16): error CS0518: Predefined type 'System.Void' is not defined or imported
C:\gh\azure-sdk-for-net\sdk\support\Microsoft.Azure.Management.Support\tests\Helpers\RecordedDelegatingHandler.cs(22,42): error CS0518: Predefined type 'System.Object' is not defined or imported
C:\gh\azure-sdk-for-net\sdk\support\Microsoft.Azure.Management.Support\tests\Helpers\RecordedDelegatingHandler.cs(22,42): error CS0246: The type or namespace name 'HttpResponseMessage' could not be found (are you missing a using directive or an assembly reference?)
C:\gh\azure-sdk-for-net\sdk\support\Microsoft.Azure.Management.Support\tests\Helpers\RecordedDelegatingHandler.cs(22,9): error CS0518: Predefined type 'System.Void' is not defined or imported
C:\gh\azure-sdk-for-net\sdk\support\Microsoft.Azure.Management.Support\tests\ScenarioTests\ServiceTests.cs(14,16): error CS0518: Predefined type 'System.Void' is not defined or imported
C:\gh\azure-sdk-for-net\sdk\support\Microsoft.Azure.Management.Support\tests\ScenarioTests\OperationsTests.cs(10,18): error CS0518: Predefined type 'System.Object' is not defined or imported
C:\gh\azure-sdk-for-net\sdk\support\Microsoft.Azure.Management.Support\tests\ScenarioTests\ProblemClassificationTests.cs(13,16): error CS0518: Predefined type 'System.Void' is not defined or imported
C:\gh\azure-sdk-for-net\sdk\support\Microsoft.Azure.Management.Support\tests\ScenarioTests\CommunicationTests.cs(51,16): error CS0518: Predefined type 'System.Void' is not defined or imported
C:\gh\azure-sdk-for-net\sdk\support\Microsoft.Azure.Management.Support\tests\ScenarioTests\ServiceTests.cs(11,18): error CS0518: Predefined type 'System.Object' is not defined or imported
C:\gh\azure-sdk-for-net\sdk\support\Microsoft.Azure.Management.Support\tests\Helpers\RecordedDelegatingHandler.cs(16,9): error CS0518: Predefined type 'System.Void' is not defined or imported
C:\gh\azure-sdk-for-net\sdk\support\Microsoft.Azure.Management.Support\tests\ScenarioTests\ProblemClassificationTests.cs(10,18): error CS0518: Predefined type 'System.Object' is not defined or imported
C:\gh\azure-sdk-for-net\sdk\support\Microsoft.Azure.Management.Support\tests\ScenarioTests\SupportTicketTests.cs(104,16): error CS0518: Predefined type 'System.Void' is not defined or imported
C:\gh\azure-sdk-for-net\sdk\support\Microsoft.Azure.Management.Support\tests\ScenarioTests\SupportTicketTests.cs(49,16): error CS0518: Predefined type 'System.Void' is not defined or imported
C:\gh\azure-sdk-for-net\sdk\support\Microsoft.Azure.Management.Support\tests\ScenarioTests\CommunicationTests.cs(16,16): error CS0518: Predefined type 'System.Void' is not defined or imported
C:\gh\azure-sdk-for-net\sdk\support\Microsoft.Azure.Management.Support\tests\ScenarioTests\CommunicationTests.cs(13,18): error CS0518: Predefined type 'System.Object' is not defined or imported
C:\gh\azure-sdk-for-net\sdk\support\Microsoft.Azure.Management.Support\tests\ScenarioTests\SupportTicketTests.cs(17,16): error CS0518: Predefined type 'System.Void' is not defined or imported
C:\gh\azure-sdk-for-net\sdk\support\Microsoft.Azure.Management.Support\tests\ScenarioTests\SupportTicketTests.cs(14,18): error CS0518: Predefined type 'System.Object' is not defined or imported
C:\gh\azure-sdk-for-net\sdk\support\Microsoft.Azure.Management.Support\tests\Properties\AssemblyInfo.cs(12,12): error CS0246: The type or namespace name 'AssemblyTitleAttribute' could not be found (are you missing a using directive or an assembly reference?)
C:\gh\azure-sdk-for-net\sdk\support\Microsoft.Azure.Management.Support\tests\Properties\AssemblyInfo.cs(12,12): error CS0246: The type or namespace name 'AssemblyTitle' could not be found (are you missing a using directive or an assembly reference?)
C:\gh\azure-sdk-for-net\sdk\support\Microsoft.Azure.Management.Support\tests\Properties\AssemblyInfo.cs(13,12): error CS0246: The type or namespace name 'AssemblyDescriptionAttribute' could not be found (are you missing a using directive or an assembly reference?)
C:\gh\azure-sdk-for-net\sdk\support\Microsoft.Azure.Management.Support\tests\Properties\AssemblyInfo.cs(13,12): error CS0246: The type or namespace name 'AssemblyDescription' could not be found (are you missing a using directive or an assembly reference?)
C:\gh\azure-sdk-for-net\sdk\support\Microsoft.Azure.Management.Support\tests\Properties\AssemblyInfo.cs(14,12): error CS0246: The type or namespace name 'AssemblyConfigurationAttribute' could not be found (are you missing a using directive or an assembly reference?)
C:\gh\azure-sdk-for-net\sdk\support\Microsoft.Azure.Management.Support\tests\Properties\AssemblyInfo.cs(14,12): error CS0246: The type or namespace name 'AssemblyConfiguration' could not be found (are you missing a using directive or an assembly reference?)
C:\gh\azure-sdk-for-net\sdk\support\Microsoft.Azure.Management.Support\tests\Properties\AssemblyInfo.cs(15,12): error CS0246: The type or namespace name 'AssemblyCompanyAttribute' could not be found (are you missing a using directive or an assembly reference?)
C:\gh\azure-sdk-for-net\sdk\support\Microsoft.Azure.Management.Support\tests\Properties\AssemblyInfo.cs(15,12): error CS0246: The type or namespace name 'AssemblyCompany' could not be found (are you missing a using directive or an assembly reference?)
C:\gh\azure-sdk-for-net\sdk\support\Microsoft.Azure.Management.Support\tests\Properties\AssemblyInfo.cs(16,12): error CS0246: The type or namespace name 'AssemblyProductAttribute' could not be found (are you missing a using directive or an assembly reference?)
C:\gh\azure-sdk-for-net\sdk\support\Microsoft.Azure.Management.Support\tests\Properties\AssemblyInfo.cs(16,12): error CS0246: The type or namespace name 'AssemblyProduct' could not be found (are you missing a using directive or an assembly reference?)
C:\gh\azure-sdk-for-net\sdk\support\Microsoft.Azure.Management.Support\tests\Properties\AssemblyInfo.cs(17,12): error CS0246: The type or namespace name 'AssemblyCopyrightAttribute' could not be found (are you missing a using directive or an assembly reference?)
C:\gh\azure-sdk-for-net\sdk\support\Microsoft.Azure.Management.Support\tests\Properties\AssemblyInfo.cs(17,12): error CS0246: The type or namespace name 'AssemblyCopyright' could not be found (are you missing a using directive or an assembly reference?)
C:\gh\azure-sdk-for-net\sdk\support\Microsoft.Azure.Management.Support\tests\Properties\AssemblyInfo.cs(18,12): error CS0246: The type or namespace name 'AssemblyTrademarkAttribute' could not be found (are you missing a using directive or an assembly reference?)
C:\gh\azure-sdk-for-net\sdk\support\Microsoft.Azure.Management.Support\tests\Properties\AssemblyInfo.cs(18,12): error CS0246: The type or namespace name 'AssemblyTrademark' could not be found (are you missing a using directive or an assembly reference?)
C:\gh\azure-sdk-for-net\sdk\support\Microsoft.Azure.Management.Support\tests\Properties\AssemblyInfo.cs(19,12): error CS0246: The type or namespace name 'AssemblyCultureAttribute' could not be found (are you missing a using directive or an assembly reference?)
C:\gh\azure-sdk-for-net\sdk\support\Microsoft.Azure.Management.Support\tests\Properties\AssemblyInfo.cs(19,12): error CS0246: The type or namespace name 'AssemblyCulture' could not be found (are you missing a using directive or an assembly reference?)
C:\gh\azure-sdk-for-net\sdk\support\Microsoft.Azure.Management.Support\tests\Properties\AssemblyInfo.cs(24,12): error CS0246: The type or namespace name 'ComVisibleAttribute' could not be found (are you missing a using directive or an assembly reference?)
C:\gh\azure-sdk-for-net\sdk\support\Microsoft.Azure.Management.Support\tests\Properties\AssemblyInfo.cs(24,12): error CS0246: The type or namespace name 'ComVisible' could not be found (are you missing a using directive or an assembly reference?)
C:\gh\azure-sdk-for-net\sdk\support\Microsoft.Azure.Management.Support\tests\Properties\AssemblyInfo.cs(27,12): error CS0246: The type or namespace name 'GuidAttribute' could not be found (are you missing a using directive or an assembly reference?)
C:\gh\azure-sdk-for-net\sdk\support\Microsoft.Azure.Management.Support\tests\Properties\AssemblyInfo.cs(27,12): error CS0246: The type or namespace name 'Guid' could not be found (are you missing a using directive or an assembly reference?)
C:\gh\azure-sdk-for-net\sdk\support\Microsoft.Azure.Management.Support\tests\Properties\AssemblyInfo.cs(28,12): error CS0246: The type or namespace name 'AssemblyVersionAttribute' could not be found (are you missing a using directive or an assembly reference?)
C:\gh\azure-sdk-for-net\sdk\support\Microsoft.Azure.Management.Support\tests\Properties\AssemblyInfo.cs(28,12): error CS0246: The type or namespace name 'AssemblyVersion' could not be found (are you missing a using directive or an assembly reference?)
C:\gh\azure-sdk-for-net\sdk\support\Microsoft.Azure.Management.Support\tests\Properties\AssemblyInfo.cs(29,12): error CS0246: The type or namespace name 'AssemblyFileVersionAttribute' could not be found (are you missing a using directive or an assembly reference?)
C:\gh\azure-sdk-for-net\sdk\support\Microsoft.Azure.Management.Support\tests\Properties\AssemblyInfo.cs(29,12): error CS0246: The type or namespace name 'AssemblyFileVersion' could not be found (are you missing a using directive or an assembly reference?)
C:\gh\azure-sdk-for-net\eng\mgmt\DisableTestRunParallel.cs(7,12): error CS0246: The type or namespace name 'CollectionBehaviorAttribute' could not be found (are you missing a using directive or an assembly reference?)
C:\gh\azure-sdk-for-net\eng\mgmt\DisableTestRunParallel.cs(7,12): error CS0246: The type or namespace name 'CollectionBehavior' could not be found (are you missing a using directive or an assembly reference?)
C:\gh\azure-sdk-for-net\artifacts\obj\Microsoft.Azure.Management.Support.Tests\Debug\netcoreapp2.0\.NETCoreApp,Version=v2.0.AssemblyAttributes.cs(4,20): error CS0400: The type or namespace name 'System' could not be found in the global namespace (are you missing an assembly reference?)
C:\gh\azure-sdk-for-net\artifacts\obj\Microsoft.Azure.Management.Support.Tests\Debug\netcoreapp2.0\Microsoft.Azure.Management.Support.Tests.AssemblyInfo.cs(14,12): error CS0246: The type or namespace name 'System' could not be found (are you missing a using directive or an assembly reference?)
C:\gh\azure-sdk-for-net\artifacts\obj\Microsoft.Azure.Management.Support.Tests\Debug\netcoreapp2.0\Microsoft.Azure.Management.Support.Tests.AssemblyInfo.cs(15,12): error CS0246: The type or namespace name 'System' could not be found (are you missing a using directive or an assembly reference?)
C:\gh\azure-sdk-for-net\artifacts\obj\Microsoft.Azure.Management.Support.Tests\Debug\netcoreapp2.0\Microsoft.Azure.Management.Support.Tests.AssemblyInfo.cs(16,12): error CS0246: The type or namespace name 'System' could not be found (are you missing a using directive or an assembly reference?)
C:\gh\azure-sdk-for-net\sdk\support\Microsoft.Azure.Management.Support\tests\Properties\AssemblyInfo.cs(12,26): error CS0518: Predefined type 'System.String' is not defined or imported
C:\gh\azure-sdk-for-net\sdk\support\Microsoft.Azure.Management.Support\tests\Properties\AssemblyInfo.cs(13,32): error CS0518: Predefined type 'System.String' is not defined or imported
C:\gh\azure-sdk-for-net\sdk\support\Microsoft.Azure.Management.Support\tests\Properties\AssemblyInfo.cs(14,34): error CS0518: Predefined type 'System.String' is not defined or imported
C:\gh\azure-sdk-for-net\sdk\support\Microsoft.Azure.Management.Support\tests\Properties\AssemblyInfo.cs(15,28): error CS0518: Predefined type 'System.String' is not defined or imported
C:\gh\azure-sdk-for-net\sdk\support\Microsoft.Azure.Management.Support\tests\Properties\AssemblyInfo.cs(16,28): error CS0518: Predefined type 'System.String' is not defined or imported
C:\gh\azure-sdk-for-net\sdk\support\Microsoft.Azure.Management.Support\tests\Properties\AssemblyInfo.cs(17,30): error CS0518: Predefined type 'System.String' is not defined or imported
C:\gh\azure-sdk-for-net\sdk\support\Microsoft.Azure.Management.Support\tests\Properties\AssemblyInfo.cs(18,30): error CS0518: Predefined type 'System.String' is not defined or imported
C:\gh\azure-sdk-for-net\sdk\support\Microsoft.Azure.Management.Support\tests\Properties\AssemblyInfo.cs(19,28): error CS0518: Predefined type 'System.String' is not defined or imported
C:\gh\azure-sdk-for-net\sdk\support\Microsoft.Azure.Management.Support\tests\Properties\AssemblyInfo.cs(24,23): error CS0518: Predefined type 'System.Boolean' is not defined or imported
C:\gh\azure-sdk-for-net\sdk\support\Microsoft.Azure.Management.Support\tests\Properties\AssemblyInfo.cs(27,17): error CS0518: Predefined type 'System.String' is not defined or imported
C:\gh\azure-sdk-for-net\sdk\support\Microsoft.Azure.Management.Support\tests\Properties\AssemblyInfo.cs(28,28): error CS0518: Predefined type 'System.String' is not defined or imported
C:\gh\azure-sdk-for-net\sdk\support\Microsoft.Azure.Management.Support\tests\Properties\AssemblyInfo.cs(29,32): error CS0518: Predefined type 'System.String' is not defined or imported
C:\gh\azure-sdk-for-net\eng\mgmt\DisableTestRunParallel.cs(7,31): error CS0246: The type or namespace name 'DisableTestParallelization' could not be found (are you missing a using directive or an assembly reference?)
C:\gh\azure-sdk-for-net\eng\mgmt\DisableTestRunParallel.cs(7,60): error CS0518: Predefined type 'System.Boolean' is not defined or imported
C:\gh\azure-sdk-for-net\eng\mgmt\DisableTestRunParallel.cs(7,66): error CS0246: The type or namespace name 'MaxParallelThreads' could not be found (are you missing a using directive or an assembly reference?)
C:\gh\azure-sdk-for-net\eng\mgmt\DisableTestRunParallel.cs(7,87): error CS0518: Predefined type 'System.Int32' is not defined or imported
C:\gh\azure-sdk-for-net\artifacts\obj\Microsoft.Azure.Management.Support.Tests\Debug\netcoreapp2.0\.NETCoreApp,Version=v2.0.AssemblyAttributes.cs(4,71): error CS0518: Predefined type 'System.String' is not defined or imported
C:\gh\azure-sdk-for-net\artifacts\obj\Microsoft.Azure.Management.Support.Tests\Debug\netcoreapp2.0\.NETCoreApp,Version=v2.0.AssemblyAttributes.cs(4,99): error CS0246: The type or namespace name 'FrameworkDisplayName' could not be found (are you missing a using directive or an assembly reference?)
C:\gh\azure-sdk-for-net\artifacts\obj\Microsoft.Azure.Management.Support.Tests\Debug\netcoreapp2.0\.NETCoreApp,Version=v2.0.AssemblyAttributes.cs(4,122): error CS0518: Predefined type 'System.String' is not defined or imported
C:\gh\azure-sdk-for-net\artifacts\obj\Microsoft.Azure.Management.Support.Tests\Debug\netcoreapp2.0\Microsoft.Azure.Management.Support.Tests.AssemblyInfo.cs(14,56): error CS0518: Predefined type 'System.String' is not defined or imported
C:\gh\azure-sdk-for-net\artifacts\obj\Microsoft.Azure.Management.Support.Tests\Debug\netcoreapp2.0\Microsoft.Azure.Management.Support.Tests.AssemblyInfo.cs(14,70): error CS0518: Predefined type 'System.String' is not defined or imported
C:\gh\azure-sdk-for-net\artifacts\obj\Microsoft.Azure.Management.Support.Tests\Debug\netcoreapp2.0\Microsoft.Azure.Management.Support.Tests.AssemblyInfo.cs(15,68): error CS0518: Predefined type 'System.String' is not defined or imported
C:\gh\azure-sdk-for-net\artifacts\obj\Microsoft.Azure.Management.Support.Tests\Debug\netcoreapp2.0\Microsoft.Azure.Management.Support.Tests.AssemblyInfo.cs(16,56): error CS0518: Predefined type 'System.String' is not defined or imported
C:\gh\azure-sdk-for-net\artifacts\obj\Microsoft.Azure.Management.Support.Tests\Debug\netcoreapp2.0\Microsoft.Azure.Management.Support.Tests.AssemblyInfo.cs(16,73): error CS0518: Predefined type 'System.String' is not defined or imported
C:\gh\azure-sdk-for-net\sdk\support\Microsoft.Azure.Management.Support\tests\Helpers\RecordedDelegatingHandler.cs(4,7): error CS0246: The type or namespace name 'System' could not be found (are you missing a using directive or an assembly reference?)
C:\gh\azure-sdk-for-net\sdk\support\Microsoft.Azure.Management.Support\tests\Helpers\RecordedDelegatingHandler.cs(5,7): error CS0246: The type or namespace name 'System' could not be found (are you missing a using directive or an assembly reference?)
C:\gh\azure-sdk-for-net\sdk\support\Microsoft.Azure.Management.Support\tests\Helpers\RecordedDelegatingHandler.cs(6,7): error CS0246: The type or namespace name 'System' could not be found (are you missing a using directive or an assembly reference?)
C:\gh\azure-sdk-for-net\sdk\support\Microsoft.Azure.Management.Support\tests\Helpers\RecordedDelegatingHandler.cs(7,7): error CS0246: The type or namespace name 'System' could not be found (are you missing a using directive or an assembly reference?)
C:\gh\azure-sdk-for-net\sdk\support\Microsoft.Azure.Management.Support\tests\Helpers\RecordedDelegatingHandler.cs(8,7): error CS0246: The type or namespace name 'System' could not be found (are you missing a using directive or an assembly reference?)
C:\gh\azure-sdk-for-net\sdk\support\Microsoft.Azure.Management.Support\tests\Helpers\Util.cs(4,7): error CS0246: The type or namespace name 'System' could not be found (are you missing a using directive or an assembly reference?)
C:\gh\azure-sdk-for-net\sdk\support\Microsoft.Azure.Management.Support\tests\Properties\AssemblyInfo.cs(4,7): error CS0246: The type or namespace name 'System' could not be found (are you missing a using directive or an assembly reference?)
C:\gh\azure-sdk-for-net\sdk\support\Microsoft.Azure.Management.Support\tests\Properties\AssemblyInfo.cs(5,7): error CS0246: The type or namespace name 'System' could not be found (are you missing a using directive or an assembly reference?)
C:\gh\azure-sdk-for-net\sdk\support\Microsoft.Azure.Management.Support\tests\Properties\AssemblyInfo.cs(6,7): error CS0246: The type or namespace name 'System' could not be found (are you missing a using directive or an assembly reference?)
C:\gh\azure-sdk-for-net\sdk\support\Microsoft.Azure.Management.Support\tests\Properties\AssemblyInfo.cs(7,7): error CS0246: The type or namespace name 'Xunit' could not be found (are you missing a using directive or an assembly reference?)
C:\gh\azure-sdk-for-net\sdk\support\Microsoft.Azure.Management.Support\tests\ScenarioTests\CheckNameAvailabilityTests.cs(4,17): error CS0234: The type or namespace name 'Rest' does not exist in the namespace 'Microsoft' (are you missing an assembly reference?)
C:\gh\azure-sdk-for-net\sdk\support\Microsoft.Azure.Management.Support\tests\ScenarioTests\CheckNameAvailabilityTests.cs(5,7): error CS0246: The type or namespace name 'System' could not be found (are you missing a using directive or an assembly reference?)
C:\gh\azure-sdk-for-net\sdk\support\Microsoft.Azure.Management.Support\tests\ScenarioTests\CheckNameAvailabilityTests.cs(6,7): error CS0246: The type or namespace name 'Xunit' could not be found (are you missing a using directive or an assembly reference?)
C:\gh\azure-sdk-for-net\sdk\support\Microsoft.Azure.Management.Support\tests\ScenarioTests\CommunicationTests.cs(6,17): error CS0234: The type or namespace name 'Rest' does not exist in the namespace 'Microsoft' (are you missing an assembly reference?)
C:\gh\azure-sdk-for-net\sdk\support\Microsoft.Azure.Management.Support\tests\ScenarioTests\CommunicationTests.cs(7,7): error CS0246: The type or namespace name 'System' could not be found (are you missing a using directive or an assembly reference?)
C:\gh\azure-sdk-for-net\sdk\support\Microsoft.Azure.Management.Support\tests\ScenarioTests\CommunicationTests.cs(8,7): error CS0246: The type or namespace name 'System' could not be found (are you missing a using directive or an assembly reference?)
C:\gh\azure-sdk-for-net\sdk\support\Microsoft.Azure.Management.Support\tests\ScenarioTests\CommunicationTests.cs(9,7): error CS0246: The type or namespace name 'Xunit' could not be found (are you missing a using directive or an assembly reference?)
C:\gh\azure-sdk-for-net\sdk\support\Microsoft.Azure.Management.Support\tests\ScenarioTests\OperationsTests.cs(1,17): error CS0234: The type or namespace name 'Rest' does not exist in the namespace 'Microsoft' (are you missing an assembly reference?)
C:\gh\azure-sdk-for-net\sdk\support\Microsoft.Azure.Management.Support\tests\ScenarioTests\OperationsTests.cs(5,7): error CS0246: The type or namespace name 'System' could not be found (are you missing a using directive or an assembly reference?)
C:\gh\azure-sdk-for-net\sdk\support\Microsoft.Azure.Management.Support\tests\ScenarioTests\OperationsTests.cs(6,7): error CS0246: The type or namespace name 'Xunit' could not be found (are you missing a using directive or an assembly reference?)
C:\gh\azure-sdk-for-net\sdk\support\Microsoft.Azure.Management.Support\tests\ScenarioTests\ProblemClassificationTests.cs(4,17): error CS0234: The type or namespace name 'Rest' does not exist in the namespace 'Microsoft' (are you missing an assembly reference?)
C:\gh\azure-sdk-for-net\sdk\support\Microsoft.Azure.Management.Support\tests\ScenarioTests\ProblemClassificationTests.cs(5,7): error CS0246: The type or namespace name 'System' could not be found (are you missing a using directive or an assembly reference?)
C:\gh\azure-sdk-for-net\sdk\support\Microsoft.Azure.Management.Support\tests\ScenarioTests\ProblemClassificationTests.cs(6,7): error CS0246: The type or namespace name 'Xunit' could not be found (are you missing a using directive or an assembly reference?)
C:\gh\azure-sdk-for-net\sdk\support\Microsoft.Azure.Management.Support\tests\ScenarioTests\ServiceTests.cs(4,17): error CS0234: The type or namespace name 'Rest' does not exist in the namespace 'Microsoft' (are you missing an assembly reference?)
C:\gh\azure-sdk-for-net\sdk\support\Microsoft.Azure.Management.Support\tests\ScenarioTests\ServiceTests.cs(5,7): error CS0246: The type or namespace name 'System' could not be found (are you missing a using directive or an assembly reference?)
C:\gh\azure-sdk-for-net\sdk\support\Microsoft.Azure.Management.Support\tests\ScenarioTests\ServiceTests.cs(6,7): error CS0246: The type or namespace name 'System' could not be found (are you missing a using directive or an assembly reference?)
C:\gh\azure-sdk-for-net\sdk\support\Microsoft.Azure.Management.Support\tests\ScenarioTests\ServiceTests.cs(7,7): error CS0246: The type or namespace name 'Xunit' could not be found (are you missing a using directive or an assembly reference?)
C:\gh\azure-sdk-for-net\sdk\support\Microsoft.Azure.Management.Support\tests\ScenarioTests\SupportTicketTests.cs(5,17): error CS0234: The type or namespace name 'Rest' does not exist in the namespace 'Microsoft' (are you missing an assembly reference?)
C:\gh\azure-sdk-for-net\sdk\support\Microsoft.Azure.Management.Support\tests\ScenarioTests\SupportTicketTests.cs(6,17): error CS0234: The type or namespace name 'Rest' does not exist in the namespace 'Microsoft' (are you missing an assembly reference?)
C:\gh\azure-sdk-for-net\sdk\support\Microsoft.Azure.Management.Support\tests\ScenarioTests\SupportTicketTests.cs(7,7): error CS0246: The type or namespace name 'System' could not be found (are you missing a using directive or an assembly reference?)
C:\gh\azure-sdk-for-net\sdk\support\Microsoft.Azure.Management.Support\tests\ScenarioTests\SupportTicketTests.cs(8,7): error CS0246: The type or namespace name 'System' could not be found (are you missing a using directive or an assembly reference?)
C:\gh\azure-sdk-for-net\sdk\support\Microsoft.Azure.Management.Support\tests\ScenarioTests\SupportTicketTests.cs(9,7): error CS0246: The type or namespace name 'System' could not be found (are you missing a using directive or an assembly reference?)
C:\gh\azure-sdk-for-net\sdk\support\Microsoft.Azure.Management.Support\tests\ScenarioTests\SupportTicketTests.cs(10,7): error CS0246: The type or namespace name 'Xunit' could not be found (are you missing a using directive or an assembly reference?)
C:\gh\azure-sdk-for-net\eng\mgmt\DisableTestRunParallel.cs(4,7): error CS0246: The type or namespace name 'System' could not be found (are you missing a using directive or an assembly reference?)
C:\gh\azure-sdk-for-net\eng\mgmt\DisableTestRunParallel.cs(5,7): error CS0246: The type or namespace name 'Xunit' could not be found (are you missing a using directive or an assembly reference?)
C:\gh\azure-sdk-for-net\artifacts\obj\Microsoft.Azure.Management.Support.Tests\Debug\netcoreapp2.0\.NETCoreApp,Version=v2.0.AssemblyAttributes.cs(2,7): error CS0246: The type or namespace name 'System' could not be found (are you missing a using directive or an assembly reference?)
C:\gh\azure-sdk-for-net\artifacts\obj\Microsoft.Azure.Management.Support.Tests\Debug\netcoreapp2.0\.NETCoreApp,Version=v2.0.AssemblyAttributes.cs(3,7): error CS0246: The type or namespace name 'System' could not be found (are you missing a using directive or an assembly reference?)
C:\gh\azure-sdk-for-net\artifacts\obj\Microsoft.Azure.Management.Support.Tests\Debug\netcoreapp2.0\Microsoft.Azure.Management.Support.Tests.AssemblyInfo.cs(11,7): error CS0246: The type or namespace name 'System' could not be found (are you missing a using directive or an assembly reference?)
C:\gh\azure-sdk-for-net\artifacts\obj\Microsoft.Azure.Management.Support.Tests\Debug\netcoreapp2.0\Microsoft.Azure.Management.Support.Tests.AssemblyInfo.cs(12,7): error CS0246: The type or namespace name 'System' could not be found (are you missing a using directive or an assembly reference?)
C:\gh\azure-sdk-for-net\sdk\support\Microsoft.Azure.Management.Support\tests\Helpers\Util.cs(8,18): error CS0518: Predefined type 'System.Object' is not defined or imported
C:\gh\azure-sdk-for-net\sdk\support\Microsoft.Azure.Management.Support\tests\Helpers\Util.cs(13,31): error CS0518: Predefined type 'System.String' is not defined or imported
C:\gh\azure-sdk-for-net\sdk\support\Microsoft.Azure.Management.Support\tests\ScenarioTests\ServiceTests.cs(13,10): error CS0518: Predefined type 'System.Object' is not defined or imported
C:\gh\azure-sdk-for-net\sdk\support\Microsoft.Azure.Management.Support\tests\ScenarioTests\ServiceTests.cs(13,10): error CS0246: The type or namespace name 'FactAttribute' could not be found (are you missing a using directive or an assembly reference?)
C:\gh\azure-sdk-for-net\sdk\support\Microsoft.Azure.Management.Support\tests\ScenarioTests\ServiceTests.cs(13,10): error CS0246: The type or namespace name 'Fact' could not be found (are you missing a using directive or an assembly reference?)
C:\gh\azure-sdk-for-net\sdk\support\Microsoft.Azure.Management.Support\tests\ScenarioTests\OperationsTests.cs(12,10): error CS0518: Predefined type 'System.Object' is not defined or imported
C:\gh\azure-sdk-for-net\sdk\support\Microsoft.Azure.Management.Support\tests\ScenarioTests\ProblemClassificationTests.cs(12,10): error CS0518: Predefined type 'System.Object' is not defined or imported
C:\gh\azure-sdk-for-net\sdk\support\Microsoft.Azure.Management.Support\tests\ScenarioTests\OperationsTests.cs(12,10): error CS0246: The type or namespace name 'FactAttribute' could not be found (are you missing a using directive or an assembly reference?)
C:\gh\azure-sdk-for-net\sdk\support\Microsoft.Azure.Management.Support\tests\ScenarioTests\ProblemClassificationTests.cs(12,10): error CS0246: The type or namespace name 'FactAttribute' could not be found (are you missing a using directive or an assembly reference?)
C:\gh\azure-sdk-for-net\sdk\support\Microsoft.Azure.Management.Support\tests\ScenarioTests\OperationsTests.cs(12,10): error CS0246: The type or namespace name 'Fact' could not be found (are you missing a using directive or an assembly reference?)
C:\gh\azure-sdk-for-net\sdk\support\Microsoft.Azure.Management.Support\tests\ScenarioTests\ProblemClassificationTests.cs(12,10): error CS0246: The type or namespace name 'Fact' could not be found (are you missing a using directive or an assembly reference?)
C:\gh\azure-sdk-for-net\sdk\support\Microsoft.Azure.Management.Support\tests\ScenarioTests\CheckNameAvailabilityTests.cs(12,10): error CS0518: Predefined type 'System.Object' is not defined or imported
C:\gh\azure-sdk-for-net\sdk\support\Microsoft.Azure.Management.Support\tests\ScenarioTests\CheckNameAvailabilityTests.cs(12,10): error CS0246: The type or namespace name 'FactAttribute' could not be found (are you missing a using directive or an assembly reference?)
C:\gh\azure-sdk-for-net\sdk\support\Microsoft.Azure.Management.Support\tests\ScenarioTests\CheckNameAvailabilityTests.cs(12,10): error CS0246: The type or namespace name 'Fact' could not be found (are you missing a using directive or an assembly reference?)
C:\gh\azure-sdk-for-net\sdk\support\Microsoft.Azure.Management.Support\tests\Helpers\Util.cs(14,28): error CS0518: Predefined type 'System.String' is not defined or imported
C:\gh\azure-sdk-for-net\sdk\support\Microsoft.Azure.Management.Support\tests\Helpers\Util.cs(15,34): error CS0518: Predefined type 'System.String' is not defined or imported
C:\gh\azure-sdk-for-net\sdk\support\Microsoft.Azure.Management.Support\tests\Helpers\Util.cs(16,32): error CS0518: Predefined type 'System.String' is not defined or imported
C:\gh\azure-sdk-for-net\sdk\support\Microsoft.Azure.Management.Support\tests\Helpers\Util.cs(17,31): error CS0518: Predefined type 'System.String' is not defined or imported
C:\gh\azure-sdk-for-net\sdk\support\Microsoft.Azure.Management.Support\tests\ScenarioTests\CheckNameAvailabilityTests.cs(30,10): error CS0518: Predefined type 'System.Object' is not defined or imported
C:\gh\azure-sdk-for-net\sdk\support\Microsoft.Azure.Management.Support\tests\Helpers\Util.cs(18,45): error CS0518: Predefined type 'System.String' is not defined or imported
C:\gh\azure-sdk-for-net\sdk\support\Microsoft.Azure.Management.Support\tests\ScenarioTests\CheckNameAvailabilityTests.cs(30,10): error CS0246: The type or namespace name 'FactAttribute' could not be found (are you missing a using directive or an assembly reference?)
C:\gh\azure-sdk-for-net\sdk\support\Microsoft.Azure.Management.Support\tests\ScenarioTests\CheckNameAvailabilityTests.cs(30,10): error CS0246: The type or namespace name 'Fact' could not be found (are you missing a using directive or an assembly reference?)
C:\gh\azure-sdk-for-net\sdk\support\Microsoft.Azure.Management.Support\tests\ScenarioTests\ServiceTests.cs(26,10): error CS0518: Predefined type 'System.Object' is not defined or imported
C:\gh\azure-sdk-for-net\sdk\support\Microsoft.Azure.Management.Support\tests\ScenarioTests\ServiceTests.cs(26,10): error CS0246: The type or namespace name 'FactAttribute' could not be found (are you missing a using directive or an assembly reference?)
C:\gh\azure-sdk-for-net\sdk\support\Microsoft.Azure.Management.Support\tests\ScenarioTests\ServiceTests.cs(26,10): error CS0246: The type or namespace name 'Fact' could not be found (are you missing a using directive or an assembly reference?)
C:\gh\azure-sdk-for-net\sdk\support\Microsoft.Azure.Management.Support\tests\ScenarioTests\CommunicationTests.cs(15,10): error CS0518: Predefined type 'System.Object' is not defined or imported
C:\gh\azure-sdk-for-net\sdk\support\Microsoft.Azure.Management.Support\tests\ScenarioTests\CommunicationTests.cs(15,10): error CS0246: The type or namespace name 'FactAttribute' could not be found (are you missing a using directive or an assembly reference?)
C:\gh\azure-sdk-for-net\sdk\support\Microsoft.Azure.Management.Support\tests\ScenarioTests\CommunicationTests.cs(15,10): error CS0246: The type or namespace name 'Fact' could not be found (are you missing a using directive or an assembly reference?)
C:\gh\azure-sdk-for-net\sdk\support\Microsoft.Azure.Management.Support\tests\Helpers\Util.cs(19,30): error CS0518: Predefined type 'System.String' is not defined or imported
C:\gh\azure-sdk-for-net\sdk\support\Microsoft.Azure.Management.Support\tests\ScenarioTests\ProblemClassificationTests.cs(26,10): error CS0518: Predefined type 'System.Object' is not defined or imported
C:\gh\azure-sdk-for-net\sdk\support\Microsoft.Azure.Management.Support\tests\ScenarioTests\ProblemClassificationTests.cs(26,10): error CS0246: The type or namespace name 'FactAttribute' could not be found (are you missing a using directive or an assembly reference?)
C:\gh\azure-sdk-for-net\sdk\support\Microsoft.Azure.Management.Support\tests\ScenarioTests\ProblemClassificationTests.cs(26,10): error CS0246: The type or namespace name 'Fact' could not be found (are you missing a using directive or an assembly reference?)
C:\gh\azure-sdk-for-net\sdk\support\Microsoft.Azure.Management.Support\tests\Helpers\Util.cs(20,47): error CS0518: Predefined type 'System.String' is not defined or imported
C:\gh\azure-sdk-for-net\sdk\support\Microsoft.Azure.Management.Support\tests\Helpers\Util.cs(21,40): error CS0518: Predefined type 'System.String' is not defined or imported
C:\gh\azure-sdk-for-net\sdk\support\Microsoft.Azure.Management.Support\tests\ScenarioTests\CheckNameAvailabilityTests.cs(48,10): error CS0518: Predefined type 'System.Object' is not defined or imported
C:\gh\azure-sdk-for-net\sdk\support\Microsoft.Azure.Management.Support\tests\ScenarioTests\CheckNameAvailabilityTests.cs(48,10): error CS0246: The type or namespace name 'FactAttribute' could not be found (are you missing a using directive or an assembly reference?)
C:\gh\azure-sdk-for-net\sdk\support\Microsoft.Azure.Management.Support\tests\ScenarioTests\CheckNameAvailabilityTests.cs(48,10): error CS0246: The type or namespace name 'Fact' could not be found (are you missing a using directive or an assembly reference?)
C:\gh\azure-sdk-for-net\sdk\support\Microsoft.Azure.Management.Support\tests\Helpers\Util.cs(22,42): error CS0518: Predefined type 'System.String' is not defined or imported
C:\gh\azure-sdk-for-net\sdk\support\Microsoft.Azure.Management.Support\tests\ScenarioTests\CommunicationTests.cs(50,10): error CS0518: Predefined type 'System.Object' is not defined or imported
C:\gh\azure-sdk-for-net\sdk\support\Microsoft.Azure.Management.Support\tests\ScenarioTests\CommunicationTests.cs(50,10): error CS0246: The type or namespace name 'FactAttribute' could not be found (are you missing a using directive or an assembly reference?)
C:\gh\azure-sdk-for-net\sdk\support\Microsoft.Azure.Management.Support\tests\ScenarioTests\CommunicationTests.cs(50,10): error CS0246: The type or namespace name 'Fact' could not be found (are you missing a using directive or an assembly reference?)
C:\gh\azure-sdk-for-net\sdk\support\Microsoft.Azure.Management.Support\tests\ScenarioTests\SupportTicketTests.cs(16,10): error CS0518: Predefined type 'System.Object' is not defined or imported
C:\gh\azure-sdk-for-net\sdk\support\Microsoft.Azure.Management.Support\tests\ScenarioTests\SupportTicketTests.cs(16,10): error CS0246: The type or namespace name 'FactAttribute' could not be found (are you missing a using directive or an assembly reference?)
C:\gh\azure-sdk-for-net\sdk\support\Microsoft.Azure.Management.Support\tests\ScenarioTests\SupportTicketTests.cs(16,10): error CS0246: The type or namespace name 'Fact' could not be found (are you missing a using directive or an assembly reference?)
C:\gh\azure-sdk-for-net\sdk\support\Microsoft.Azure.Management.Support\tests\ScenarioTests\SupportTicketTests.cs(48,10): error CS0518: Predefined type 'System.Object' is not defined or imported
C:\gh\azure-sdk-for-net\sdk\support\Microsoft.Azure.Management.Support\tests\ScenarioTests\SupportTicketTests.cs(48,10): error CS0246: The type or namespace name 'FactAttribute' could not be found (are you missing a using directive or an assembly reference?)
C:\gh\azure-sdk-for-net\sdk\support\Microsoft.Azure.Management.Support\tests\ScenarioTests\SupportTicketTests.cs(48,10): error CS0246: The type or namespace name 'Fact' could not be found (are you missing a using directive or an assembly reference?)
C:\gh\azure-sdk-for-net\sdk\support\Microsoft.Azure.Management.Support\tests\ScenarioTests\CommunicationTests.cs(102,10): error CS0518: Predefined type 'System.Object' is not defined or imported
C:\gh\azure-sdk-for-net\sdk\support\Microsoft.Azure.Management.Support\tests\ScenarioTests\CommunicationTests.cs(102,10): error CS0246: The type or namespace name 'FactAttribute' could not be found (are you missing a using directive or an assembly reference?)
C:\gh\azure-sdk-for-net\sdk\support\Microsoft.Azure.Management.Support\tests\ScenarioTests\CommunicationTests.cs(102,10): error CS0246: The type or namespace name 'Fact' could not be found (are you missing a using directive or an assembly reference?)
C:\gh\azure-sdk-for-net\sdk\support\Microsoft.Azure.Management.Support\tests\Helpers\RecordedDelegatingHandler.cs(29,57): error CS0518: Predefined type 'System.Void' is not defined or imported
C:\gh\azure-sdk-for-net\sdk\support\Microsoft.Azure.Management.Support\tests\ScenarioTests\SupportTicketTests.cs(103,10): error CS0518: Predefined type 'System.Object' is not defined or imported
C:\gh\azure-sdk-for-net\sdk\support\Microsoft.Azure.Management.Support\tests\ScenarioTests\SupportTicketTests.cs(103,10): error CS0246: The type or namespace name 'FactAttribute' could not be found (are you missing a using directive or an assembly reference?)
C:\gh\azure-sdk-for-net\sdk\support\Microsoft.Azure.Management.Support\tests\ScenarioTests\SupportTicketTests.cs(103,10): error CS0246: The type or namespace name 'Fact' could not be found (are you missing a using directive or an assembly reference?)
C:\gh\azure-sdk-for-net\sdk\support\Microsoft.Azure.Management.Support\tests\ScenarioTests\SupportTicketTests.cs(138,10): error CS0518: Predefined type 'System.Object' is not defined or imported
C:\gh\azure-sdk-for-net\sdk\support\Microsoft.Azure.Management.Support\tests\ScenarioTests\SupportTicketTests.cs(138,10): error CS0246: The type or namespace name 'FactAttribute' could not be found (are you missing a using directive or an assembly reference?)
C:\gh\azure-sdk-for-net\sdk\support\Microsoft.Azure.Management.Support\tests\ScenarioTests\SupportTicketTests.cs(138,10): error CS0246: The type or namespace name 'Fact' could not be found (are you missing a using directive or an assembly reference?)
C:\gh\azure-sdk-for-net\sdk\support\Microsoft.Azure.Management.Support\tests\Helpers\RecordedDelegatingHandler.cs(31,67): error CS0518: Predefined type 'System.Void' is not defined or imported
C:\gh\azure-sdk-for-net\sdk\support\Microsoft.Azure.Management.Support\tests\ScenarioTests\SupportTicketTests.cs(173,10): error CS0518: Predefined type 'System.Object' is not defined or imported
C:\gh\azure-sdk-for-net\sdk\support\Microsoft.Azure.Management.Support\tests\ScenarioTests\SupportTicketTests.cs(173,10): error CS0246: The type or namespace name 'FactAttribute' could not be found (are you missing a using directive or an assembly reference?)
C:\gh\azure-sdk-for-net\sdk\support\Microsoft.Azure.Management.Support\tests\ScenarioTests\SupportTicketTests.cs(173,10): error CS0246: The type or namespace name 'Fact' could not be found (are you missing a using directive or an assembly reference?)
C:\gh\azure-sdk-for-net\sdk\support\Microsoft.Azure.Management.Support\tests\ScenarioTests\SupportTicketTests.cs(196,10): error CS0518: Predefined type 'System.Object' is not defined or imported
C:\gh\azure-sdk-for-net\sdk\support\Microsoft.Azure.Management.Support\tests\ScenarioTests\SupportTicketTests.cs(196,10): error CS0246: The type or namespace name 'FactAttribute' could not be found (are you missing a using directive or an assembly reference?)
C:\gh\azure-sdk-for-net\sdk\support\Microsoft.Azure.Management.Support\tests\ScenarioTests\SupportTicketTests.cs(196,10): error CS0246: The type or namespace name 'Fact' could not be found (are you missing a using directive or an assembly reference?)
C:\gh\azure-sdk-for-net\sdk\support\Microsoft.Azure.Management.Support\tests\ScenarioTests\SupportTicketTests.cs(227,10): error CS0518: Predefined type 'System.Object' is not defined or imported
C:\gh\azure-sdk-for-net\sdk\support\Microsoft.Azure.Management.Support\tests\ScenarioTests\SupportTicketTests.cs(227,10): error CS0246: The type or namespace name 'FactAttribute' could not be found (are you missing a using directive or an assembly reference?)
C:\gh\azure-sdk-for-net\sdk\support\Microsoft.Azure.Management.Support\tests\ScenarioTests\SupportTicketTests.cs(227,10): error CS0246: The type or namespace name 'Fact' could not be found (are you missing a using directive or an assembly reference?)
C:\gh\azure-sdk-for-net\sdk\support\Microsoft.Azure.Management.Support\tests\Helpers\RecordedDelegatingHandler.cs(33,38): error CS0518: Predefined type 'System.Void' is not defined or imported
C:\gh\azure-sdk-for-net\sdk\support\Microsoft.Azure.Management.Support\tests\ScenarioTests\SupportTicketTests.cs(250,10): error CS0518: Predefined type 'System.Object' is not defined or imported
C:\gh\azure-sdk-for-net\sdk\support\Microsoft.Azure.Management.Support\tests\ScenarioTests\SupportTicketTests.cs(250,10): error CS0246: The type or namespace name 'FactAttribute' could not be found (are you missing a using directive or an assembly reference?)
C:\gh\azure-sdk-for-net\sdk\support\Microsoft.Azure.Management.Support\tests\ScenarioTests\SupportTicketTests.cs(250,10): error CS0246: The type or namespace name 'Fact' could not be found (are you missing a using directive or an assembly reference?)
C:\gh\azure-sdk-for-net\sdk\support\Microsoft.Azure.Management.Support\tests\Helpers\RecordedDelegatingHandler.cs(35,57): error CS0518: Predefined type 'System.Void' is not defined or imported
C:\gh\azure-sdk-for-net\sdk\support\Microsoft.Azure.Management.Support\tests\Helpers\RecordedDelegatingHandler.cs(37,57): error CS0518: Predefined type 'System.Void' is not defined or imported
C:\gh\azure-sdk-for-net\sdk\support\Microsoft.Azure.Management.Support\tests\Helpers\RecordedDelegatingHandler.cs(39,41): error CS0518: Predefined type 'System.Void' is not defined or imported
C:\gh\azure-sdk-for-net\sdk\support\Microsoft.Azure.Management.Support\tests\Helpers\RecordedDelegatingHandler.cs(41,31): error CS0518: Predefined type 'System.Void' is not defined or imported
C:\gh\azure-sdk-for-net\sdk\support\Microsoft.Azure.Management.Support\tests\Helpers\RecordedDelegatingHandler.cs(43,42): error CS0518: Predefined type 'System.Void' is not defined or imported
C:\gh\azure-sdk-for-net\sdk\support\Microsoft.Azure.Management.Support\tests\Helpers\RecordedDelegatingHandler.cs(29,16): error CS0518: Predefined type 'System.Object' is not defined or imported
C:\gh\azure-sdk-for-net\sdk\support\Microsoft.Azure.Management.Support\tests\Helpers\RecordedDelegatingHandler.cs(29,16): error CS0246: The type or namespace name 'HttpStatusCode' could not be found (are you missing a using directive or an assembly reference?)
C:\gh\azure-sdk-for-net\sdk\support\Microsoft.Azure.Management.Support\tests\Helpers\RecordedDelegatingHandler.cs(31,16): error CS0518: Predefined type 'System.Object' is not defined or imported
C:\gh\azure-sdk-for-net\sdk\support\Microsoft.Azure.Management.Support\tests\Helpers\RecordedDelegatingHandler.cs(31,16): error CS0246: The type or namespace name 'HttpStatusCode' could not be found (are you missing a using directive or an assembly reference?)
C:\gh\azure-sdk-for-net\sdk\support\Microsoft.Azure.Management.Support\tests\Helpers\RecordedDelegatingHandler.cs(33,16): error CS0518: Predefined type 'System.String' is not defined or imported
C:\gh\azure-sdk-for-net\sdk\support\Microsoft.Azure.Management.Support\tests\Helpers\RecordedDelegatingHandler.cs(35,16): error CS0518: Predefined type 'System.Object' is not defined or imported
C:\gh\azure-sdk-for-net\sdk\support\Microsoft.Azure.Management.Support\tests\Helpers\RecordedDelegatingHandler.cs(35,16): error CS0246: The type or namespace name 'HttpRequestHeaders' could not be found (are you missing a using directive or an assembly reference?)
C:\gh\azure-sdk-for-net\sdk\support\Microsoft.Azure.Management.Support\tests\Helpers\RecordedDelegatingHandler.cs(37,16): error CS0518: Predefined type 'System.Object' is not defined or imported
C:\gh\azure-sdk-for-net\sdk\support\Microsoft.Azure.Management.Support\tests\Helpers\RecordedDelegatingHandler.cs(37,16): error CS0246: The type or namespace name 'HttpContentHeaders' could not be found (are you missing a using directive or an assembly reference?)
C:\gh\azure-sdk-for-net\sdk\support\Microsoft.Azure.Management.Support\tests\Helpers\RecordedDelegatingHandler.cs(39,16): error CS0518: Predefined type 'System.Object' is not defined or imported
C:\gh\azure-sdk-for-net\sdk\support\Microsoft.Azure.Management.Support\tests\Helpers\RecordedDelegatingHandler.cs(39,16): error CS0246: The type or namespace name 'HttpMethod' could not be found (are you missing a using directive or an assembly reference?)
C:\gh\azure-sdk-for-net\sdk\support\Microsoft.Azure.Management.Support\tests\Helpers\RecordedDelegatingHandler.cs(41,16): error CS0518: Predefined type 'System.Object' is not defined or imported
C:\gh\azure-sdk-for-net\sdk\support\Microsoft.Azure.Management.Support\tests\Helpers\RecordedDelegatingHandler.cs(41,16): error CS0246: The type or namespace name 'Uri' could not be found (are you missing a using directive or an assembly reference?)
C:\gh\azure-sdk-for-net\sdk\support\Microsoft.Azure.Management.Support\tests\Helpers\RecordedDelegatingHandler.cs(43,16): error CS0518: Predefined type 'System.Boolean' is not defined or imported
C:\gh\azure-sdk-for-net\sdk\support\Microsoft.Azure.Management.Support\tests\Helpers\RecordedDelegatingHandler.cs(18,34): error CS0518: Predefined type 'System.Object' is not defined or imported
C:\gh\azure-sdk-for-net\sdk\support\Microsoft.Azure.Management.Support\tests\Helpers\RecordedDelegatingHandler.cs(18,34): error CS0103: The name 'HttpStatusCode' does not exist in the current context
C:\gh\azure-sdk-for-net\sdk\support\Microsoft.Azure.Management.Support\tests\ScenarioTests\OperationsTests.cs(15,13): error CS0518: Predefined type 'System.IDisposable' is not defined or imported
C:\gh\azure-sdk-for-net\sdk\support\Microsoft.Azure.Management.Support\tests\ScenarioTests\OperationsTests.cs(15,34): error CS0518: Predefined type 'System.Object' is not defined or imported
C:\gh\azure-sdk-for-net\sdk\support\Microsoft.Azure.Management.Support\tests\ScenarioTests\OperationsTests.cs(15,34): error CS0103: The name 'MockContext' does not exist in the current context
C:\gh\azure-sdk-for-net\sdk\support\Microsoft.Azure.Management.Support\tests\ScenarioTests\OperationsTests.cs(15,57): error CS0518: Predefined type 'System.Object' is not defined or imported
C:\gh\azure-sdk-for-net\sdk\support\Microsoft.Azure.Management.Support\tests\ScenarioTests\OperationsTests.cs(15,57): error CS1061: 'OperationsTests' does not contain a definition for 'GetType' and no accessible extension method 'GetType' accepting a first argument of type 'OperationsTests' could be found (are you missing a using directive or an assembly reference?)
C:\gh\azure-sdk-for-net\sdk\support\Microsoft.Azure.Management.Support\tests\ScenarioTests\OperationsTests.cs(17,17): error CS0518: Predefined type 'System.IDisposable' is not defined or imported
C:\gh\azure-sdk-for-net\sdk\support\Microsoft.Azure.Management.Support\tests\ScenarioTests\OperationsTests.cs(17,62): error CS0518: Predefined type 'System.Object' is not defined or imported
C:\gh\azure-sdk-for-net\sdk\support\Microsoft.Azure.Management.Support\tests\ScenarioTests\OperationsTests.cs(20,21): error CS0518: Predefined type 'System.Object' is not defined or imported
C:\gh\azure-sdk-for-net\sdk\support\Microsoft.Azure.Management.Support\tests\ScenarioTests\OperationsTests.cs(20,21): error CS0103: The name 'Assert' does not exist in the current context
C:\gh\azure-sdk-for-net\sdk\support\Microsoft.Azure.Management.Support\tests\ScenarioTests\OperationsTests.cs(20,54): error CS0518: Predefined type 'System.Int32' is not defined or imported
C:\gh\azure-sdk-for-net\sdk\support\Microsoft.Azure.Management.Support\tests\ScenarioTests\OperationsTests.cs(20,33): error CS0518: Predefined type 'System.Boolean' is not defined or imported
C:\gh\azure-sdk-for-net\sdk\support\Microsoft.Azure.Management.Support\tests\ScenarioTests\OperationsTests.cs(10,18): error CS1729: 'object' does not contain a constructor that takes 0 arguments
C:\gh\azure-sdk-for-net\sdk\support\Microsoft.Azure.Management.Support\tests\Helpers\RecordedDelegatingHandler.cs(24,34): error CS0518: Predefined type 'System.Object' is not defined or imported
C:\gh\azure-sdk-for-net\sdk\support\Microsoft.Azure.Management.Support\tests\Helpers\RecordedDelegatingHandler.cs(24,34): error CS0103: The name 'HttpStatusCode' does not exist in the current context
C:\gh\azure-sdk-for-net\sdk\support\Microsoft.Azure.Management.Support\tests\ScenarioTests\ServiceTests.cs(16,13): error CS0518: Predefined type 'System.IDisposable' is not defined or imported
C:\gh\azure-sdk-for-net\sdk\support\Microsoft.Azure.Management.Support\tests\ScenarioTests\ServiceTests.cs(16,34): error CS0518: Predefined type 'System.Object' is not defined or imported
C:\gh\azure-sdk-for-net\sdk\support\Microsoft.Azure.Management.Support\tests\ScenarioTests\ServiceTests.cs(16,34): error CS0103: The name 'MockContext' does not exist in the current context
C:\gh\azure-sdk-for-net\sdk\support\Microsoft.Azure.Management.Support\tests\ScenarioTests\ServiceTests.cs(16,57): error CS0518: Predefined type 'System.Object' is not defined or imported
C:\gh\azure-sdk-for-net\sdk\support\Microsoft.Azure.Management.Support\tests\ScenarioTests\ServiceTests.cs(16,57): error CS1061: 'ServiceTests' does not contain a definition for 'GetType' and no accessible extension method 'GetType' accepting a first argument of type 'ServiceTests' could be found (are you missing a using directive or an assembly reference?)
C:\gh\azure-sdk-for-net\sdk\support\Microsoft.Azure.Management.Support\tests\ScenarioTests\ServiceTests.cs(18,17): error CS0518: Predefined type 'System.IDisposable' is not defined or imported
C:\gh\azure-sdk-for-net\sdk\support\Microsoft.Azure.Management.Support\tests\ScenarioTests\ServiceTests.cs(18,62): error CS0518: Predefined type 'System.Object' is not defined or imported
C:\gh\azure-sdk-for-net\sdk\support\Microsoft.Azure.Management.Support\tests\ScenarioTests\ServiceTests.cs(21,21): error CS0518: Predefined type 'System.Object' is not defined or imported
C:\gh\azure-sdk-for-net\sdk\support\Microsoft.Azure.Management.Support\tests\ScenarioTests\ServiceTests.cs(21,21): error CS0103: The name 'Assert' does not exist in the current context
C:\gh\azure-sdk-for-net\sdk\support\Microsoft.Azure.Management.Support\tests\ScenarioTests\ServiceTests.cs(21,55): error CS0518: Predefined type 'System.Int32' is not defined or imported
C:\gh\azure-sdk-for-net\sdk\support\Microsoft.Azure.Management.Support\tests\ScenarioTests\ServiceTests.cs(21,33): error CS0518: Predefined type 'System.Boolean' is not defined or imported
C:\gh\azure-sdk-for-net\sdk\support\Microsoft.Azure.Management.Support\tests\ScenarioTests\ProblemClassificationTests.cs(15,13): error CS0518: Predefined type 'System.IDisposable' is not defined or imported
C:\gh\azure-sdk-for-net\sdk\support\Microsoft.Azure.Management.Support\tests\ScenarioTests\ProblemClassificationTests.cs(15,34): error CS0518: Predefined type 'System.Object' is not defined or imported
C:\gh\azure-sdk-for-net\sdk\support\Microsoft.Azure.Management.Support\tests\ScenarioTests\ProblemClassificationTests.cs(15,34): error CS0103: The name 'MockContext' does not exist in the current context
C:\gh\azure-sdk-for-net\sdk\support\Microsoft.Azure.Management.Support\tests\ScenarioTests\ProblemClassificationTests.cs(15,57): error CS0518: Predefined type 'System.Object' is not defined or imported
C:\gh\azure-sdk-for-net\sdk\support\Microsoft.Azure.Management.Support\tests\ScenarioTests\ProblemClassificationTests.cs(15,57): error CS1061: 'ProblemClassificationTests' does not contain a definition for 'GetType' and no accessible extension method 'GetType' accepting a first argument of type 'ProblemClassificationTests' could be found (are you missing a using directive or an assembly reference?)
C:\gh\azure-sdk-for-net\sdk\support\Microsoft.Azure.Management.Support\tests\ScenarioTests\ProblemClassificationTests.cs(17,17): error CS0518: Predefined type 'System.IDisposable' is not defined or imported
C:\gh\azure-sdk-for-net\sdk\support\Microsoft.Azure.Management.Support\tests\ScenarioTests\ProblemClassificationTests.cs(17,62): error CS0518: Predefined type 'System.Object' is not defined or imported
C:\gh\azure-sdk-for-net\sdk\support\Microsoft.Azure.Management.Support\tests\ScenarioTests\ProblemClassificationTests.cs(21,21): error CS0518: Predefined type 'System.Object' is not defined or imported
C:\gh\azure-sdk-for-net\sdk\support\Microsoft.Azure.Management.Support\tests\ScenarioTests\ProblemClassificationTests.cs(21,21): error CS0103: The name 'Assert' does not exist in the current context
C:\gh\azure-sdk-for-net\sdk\support\Microsoft.Azure.Management.Support\tests\ScenarioTests\ProblemClassificationTests.cs(21,69): error CS0518: Predefined type 'System.Int32' is not defined or imported
C:\gh\azure-sdk-for-net\sdk\support\Microsoft.Azure.Management.Support\tests\ScenarioTests\ProblemClassificationTests.cs(21,33): error CS0518: Predefined type 'System.Boolean' is not defined or imported
C:\gh\azure-sdk-for-net\sdk\support\Microsoft.Azure.Management.Support\tests\ScenarioTests\CheckNameAvailabilityTests.cs(15,13): error CS0518: Predefined type 'System.IDisposable' is not defined or imported
C:\gh\azure-sdk-for-net\sdk\support\Microsoft.Azure.Management.Support\tests\ScenarioTests\CheckNameAvailabilityTests.cs(15,34): error CS0518: Predefined type 'System.Object' is not defined or imported
C:\gh\azure-sdk-for-net\sdk\support\Microsoft.Azure.Management.Support\tests\ScenarioTests\CheckNameAvailabilityTests.cs(15,34): error CS0103: The name 'MockContext' does not exist in the current context
C:\gh\azure-sdk-for-net\sdk\support\Microsoft.Azure.Management.Support\tests\ScenarioTests\CheckNameAvailabilityTests.cs(15,57): error CS0518: Predefined type 'System.Object' is not defined or imported
C:\gh\azure-sdk-for-net\sdk\support\Microsoft.Azure.Management.Support\tests\ScenarioTests\CheckNameAvailabilityTests.cs(15,57): error CS1061: 'CheckNameAvailabilityTests' does not contain a definition for 'GetType' and no accessible extension method 'GetType' accepting a first argument of type 'CheckNameAvailabilityTests' could be found (are you missing a using directive or an assembly reference?)
C:\gh\azure-sdk-for-net\sdk\support\Microsoft.Azure.Management.Support\tests\ScenarioTests\CheckNameAvailabilityTests.cs(17,17): error CS0518: Predefined type 'System.IDisposable' is not defined or imported
C:\gh\azure-sdk-for-net\sdk\support\Microsoft.Azure.Management.Support\tests\ScenarioTests\CheckNameAvailabilityTests.cs(17,62): error CS0518: Predefined type 'System.Object' is not defined or imported
C:\gh\azure-sdk-for-net\sdk\support\Microsoft.Azure.Management.Support\tests\ScenarioTests\CheckNameAvailabilityTests.cs(19,46): error CS0518: Predefined type 'System.Object' is not defined or imported
C:\gh\azure-sdk-for-net\sdk\support\Microsoft.Azure.Management.Support\tests\ScenarioTests\CheckNameAvailabilityTests.cs(19,46): error CS0518: Predefined type 'System.Void' is not defined or imported
C:\gh\azure-sdk-for-net\sdk\support\Microsoft.Azure.Management.Support\tests\ScenarioTests\CheckNameAvailabilityTests.cs(21,25): error CS0518: Predefined type 'System.String' is not defined or imported
C:\gh\azure-sdk-for-net\sdk\support\Microsoft.Azure.Management.Support\tests\ScenarioTests\CheckNameAvailabilityTests.cs(21,32): error CS0518: Predefined type 'System.Object' is not defined or imported
C:\gh\azure-sdk-for-net\sdk\support\Microsoft.Azure.Management.Support\tests\ScenarioTests\CheckNameAvailabilityTests.cs(21,32): error CS0103: The name 'TestUtilities' does not exist in the current context
C:\gh\azure-sdk-for-net\sdk\support\Microsoft.Azure.Management.Support\tests\ScenarioTests\CheckNameAvailabilityTests.cs(21,59): error CS0518: Predefined type 'System.String' is not defined or imported
C:\gh\azure-sdk-for-net\sdk\support\Microsoft.Azure.Management.Support\tests\ScenarioTests\CheckNameAvailabilityTests.cs(25,21): error CS0518: Predefined type 'System.Object' is not defined or imported
C:\gh\azure-sdk-for-net\sdk\support\Microsoft.Azure.Management.Support\tests\ScenarioTests\CheckNameAvailabilityTests.cs(25,21): error CS0103: The name 'Assert' does not exist in the current context
C:\gh\azure-sdk-for-net\sdk\support\Microsoft.Azure.Management.Support\tests\ScenarioTests\CheckNameAvailabilityTests.cs(25,49): error CS0012: The type 'Nullable<>' is defined in an assembly that is not referenced. You must add a reference to assembly 'mscorlib, Version=4.0.0.0, Culture=neutral, PublicKeyToken=b77a5c561934e089'.
C:\gh\azure-sdk-for-net\sdk\support\Microsoft.Azure.Management.Support\tests\Helpers\RecordedDelegatingHandler.cs(51,17): error CS0518: Predefined type 'System.Boolean' is not defined or imported
C:\gh\azure-sdk-for-net\sdk\support\Microsoft.Azure.Management.Support\tests\Helpers\RecordedDelegatingHandler.cs(51,17): error CS0518: Predefined type 'System.Boolean' is not defined or imported
C:\gh\azure-sdk-for-net\sdk\support\Microsoft.Azure.Management.Support\tests\Helpers\RecordedDelegatingHandler.cs(53,27): error CS0518: Predefined type 'System.String' is not defined or imported
C:\gh\azure-sdk-for-net\sdk\support\Microsoft.Azure.Management.Support\tests\Helpers\RecordedDelegatingHandler.cs(60,17): error CS0518: Predefined type 'System.Boolean' is not defined or imported
C:\gh\azure-sdk-for-net\sdk\support\Microsoft.Azure.Management.Support\tests\Helpers\RecordedDelegatingHandler.cs(60,17): error CS0518: Predefined type 'System.Boolean' is not defined or imported
C:\gh\azure-sdk-for-net\sdk\support\Microsoft.Azure.Management.Support\tests\Helpers\RecordedDelegatingHandler.cs(68,17): error CS0518: Predefined type 'System.Boolean' is not defined or imported
C:\gh\azure-sdk-for-net\sdk\support\Microsoft.Azure.Management.Support\tests\Helpers\RecordedDelegatingHandler.cs(74,21): error CS0518: Predefined type 'System.Boolean' is not defined or imported
C:\gh\azure-sdk-for-net\sdk\support\Microsoft.Azure.Management.Support\tests\Helpers\RecordedDelegatingHandler.cs(74,53): error CS0518: Predefined type 'System.Int32' is not defined or imported
C:\gh\azure-sdk-for-net\sdk\support\Microsoft.Azure.Management.Support\tests\Helpers\RecordedDelegatingHandler.cs(74,42): error CS0518: Predefined type 'System.Boolean' is not defined or imported
C:\gh\azure-sdk-for-net\sdk\support\Microsoft.Azure.Management.Support\tests\Helpers\RecordedDelegatingHandler.cs(74,21): error CS0518: Predefined type 'System.Boolean' is not defined or imported
C:\gh\azure-sdk-for-net\sdk\support\Microsoft.Azure.Management.Support\tests\Helpers\RecordedDelegatingHandler.cs(81,35): error CS0518: Predefined type 'System.Int32' is not defined or imported
C:\gh\azure-sdk-for-net\sdk\support\Microsoft.Azure.Management.Support\tests\Helpers\RecordedDelegatingHandler.cs(81,25): error CS0518: Predefined type 'System.Boolean' is not defined or imported
C:\gh\azure-sdk-for-net\sdk\support\Microsoft.Azure.Management.Support\tests\Helpers\RecordedDelegatingHandler.cs(81,25): error CS0518: Predefined type 'System.Boolean' is not defined or imported
C:\gh\azure-sdk-for-net\sdk\support\Microsoft.Azure.Management.Support\tests\Helpers\RecordedDelegatingHandler.cs(83,21): error CS0518: Predefined type 'System.Object' is not defined or imported
C:\gh\azure-sdk-for-net\sdk\support\Microsoft.Azure.Management.Support\tests\Helpers\RecordedDelegatingHandler.cs(83,21): error CS0246: The type or namespace name 'HttpResponseMessage' could not be found (are you missing a using directive or an assembly reference?)
C:\gh\azure-sdk-for-net\sdk\support\Microsoft.Azure.Management.Support\tests\Helpers\RecordedDelegatingHandler.cs(83,56): error CS0518: Predefined type 'System.Object' is not defined or imported
C:\gh\azure-sdk-for-net\sdk\support\Microsoft.Azure.Management.Support\tests\Helpers\RecordedDelegatingHandler.cs(83,56): error CS0246: The type or namespace name 'HttpResponseMessage' could not be found (are you missing a using directive or an assembly reference?)
C:\gh\azure-sdk-for-net\sdk\support\Microsoft.Azure.Management.Support\tests\Helpers\RecordedDelegatingHandler.cs(84,44): error CS0518: Predefined type 'System.Object' is not defined or imported
C:\gh\azure-sdk-for-net\sdk\support\Microsoft.Azure.Management.Support\tests\Helpers\RecordedDelegatingHandler.cs(84,44): error CS0246: The type or namespace name 'StringContent' could not be found (are you missing a using directive or an assembly reference?)
C:\gh\azure-sdk-for-net\sdk\support\Microsoft.Azure.Management.Support\tests\Helpers\RecordedDelegatingHandler.cs(84,58): error CS0518: Predefined type 'System.String' is not defined or imported
C:\gh\azure-sdk-for-net\sdk\support\Microsoft.Azure.Management.Support\tests\ScenarioTests\ServiceTests.cs(29,13): error CS0518: Predefined type 'System.IDisposable' is not defined or imported
C:\gh\azure-sdk-for-net\sdk\support\Microsoft.Azure.Management.Support\tests\ScenarioTests\ServiceTests.cs(29,34): error CS0518: Predefined type 'System.Object' is not defined or imported
C:\gh\azure-sdk-for-net\sdk\support\Microsoft.Azure.Management.Support\tests\ScenarioTests\ServiceTests.cs(29,34): error CS0103: The name 'MockContext' does not exist in the current context
C:\gh\azure-sdk-for-net\sdk\support\Microsoft.Azure.Management.Support\tests\ScenarioTests\ServiceTests.cs(29,57): error CS0518: Predefined type 'System.Object' is not defined or imported
C:\gh\azure-sdk-for-net\sdk\support\Microsoft.Azure.Management.Support\tests\ScenarioTests\ServiceTests.cs(29,57): error CS1061: 'ServiceTests' does not contain a definition for 'GetType' and no accessible extension method 'GetType' accepting a first argument of type 'ServiceTests' could be found (are you missing a using directive or an assembly reference?)
C:\gh\azure-sdk-for-net\sdk\support\Microsoft.Azure.Management.Support\tests\ScenarioTests\ServiceTests.cs(31,17): error CS0518: Predefined type 'System.IDisposable' is not defined or imported
C:\gh\azure-sdk-for-net\sdk\support\Microsoft.Azure.Management.Support\tests\ScenarioTests\ServiceTests.cs(31,62): error CS0518: Predefined type 'System.Object' is not defined or imported
C:\gh\azure-sdk-for-net\sdk\support\Microsoft.Azure.Management.Support\tests\ScenarioTests\ServiceTests.cs(35,21): error CS0518: Predefined type 'System.Object' is not defined or imported
C:\gh\azure-sdk-for-net\sdk\support\Microsoft.Azure.Management.Support\tests\ScenarioTests\ServiceTests.cs(35,21): error CS0103: The name 'Assert' does not exist in the current context
C:\gh\azure-sdk-for-net\sdk\support\Microsoft.Azure.Management.Support\tests\ScenarioTests\ServiceTests.cs(35,34): error CS0518: Predefined type 'System.String' is not defined or imported
C:\gh\azure-sdk-for-net\sdk\support\Microsoft.Azure.Management.Support\tests\ScenarioTests\ServiceTests.cs(36,21): error CS0518: Predefined type 'System.Object' is not defined or imported
C:\gh\azure-sdk-for-net\sdk\support\Microsoft.Azure.Management.Support\tests\ScenarioTests\ServiceTests.cs(36,21): error CS0103: The name 'Assert' does not exist in the current context
C:\gh\azure-sdk-for-net\sdk\support\Microsoft.Azure.Management.Support\tests\ScenarioTests\ServiceTests.cs(36,34): error CS0518: Predefined type 'System.String' is not defined or imported
C:\gh\azure-sdk-for-net\sdk\support\Microsoft.Azure.Management.Support\tests\ScenarioTests\ServiceTests.cs(36,90): error CS0518: Predefined type 'System.Boolean' is not defined or imported
C:\gh\azure-sdk-for-net\sdk\support\Microsoft.Azure.Management.Support\tests\ScenarioTests\ServiceTests.cs(37,21): error CS0518: Predefined type 'System.Object' is not defined or imported
C:\gh\azure-sdk-for-net\sdk\support\Microsoft.Azure.Management.Support\tests\ScenarioTests\ServiceTests.cs(37,21): error CS0103: The name 'Assert' does not exist in the current context
C:\gh\azure-sdk-for-net\sdk\support\Microsoft.Azure.Management.Support\tests\ScenarioTests\ServiceTests.cs(37,34): error CS0518: Predefined type 'System.String' is not defined or imported
C:\gh\azure-sdk-for-net\sdk\support\Microsoft.Azure.Management.Support\tests\ScenarioTests\ServiceTests.cs(38,21): error CS0518: Predefined type 'System.Object' is not defined or imported
C:\gh\azure-sdk-for-net\sdk\support\Microsoft.Azure.Management.Support\tests\ScenarioTests\ServiceTests.cs(38,21): error CS0103: The name 'Assert' does not exist in the current context
C:\gh\azure-sdk-for-net\sdk\support\Microsoft.Azure.Management.Support\tests\ScenarioTests\ServiceTests.cs(38,34): error CS0518: Predefined type 'System.String' is not defined or imported
C:\gh\azure-sdk-for-net\sdk\support\Microsoft.Azure.Management.Support\tests\ScenarioTests\ServiceTests.cs(11,18): error CS1729: 'object' does not contain a constructor that takes 0 arguments
C:\gh\azure-sdk-for-net\sdk\support\Microsoft.Azure.Management.Support\tests\ScenarioTests\SupportTicketTests.cs(19,13): error CS0518: Predefined type 'System.IDisposable' is not defined or imported
C:\gh\azure-sdk-for-net\sdk\support\Microsoft.Azure.Management.Support\tests\ScenarioTests\SupportTicketTests.cs(19,34): error CS0518: Predefined type 'System.Object' is not defined or imported
C:\gh\azure-sdk-for-net\sdk\support\Microsoft.Azure.Management.Support\tests\ScenarioTests\SupportTicketTests.cs(19,34): error CS0103: The name 'MockContext' does not exist in the current context
C:\gh\azure-sdk-for-net\sdk\support\Microsoft.Azure.Management.Support\tests\ScenarioTests\SupportTicketTests.cs(19,57): error CS0518: Predefined type 'System.Object' is not defined or imported
C:\gh\azure-sdk-for-net\sdk\support\Microsoft.Azure.Management.Support\tests\ScenarioTests\SupportTicketTests.cs(19,57): error CS1061: 'SupportTicketTests' does not contain a definition for 'GetType' and no accessible extension method 'GetType' accepting a first argument of type 'SupportTicketTests' could be found (are you missing a using directive or an assembly reference?)
C:\gh\azure-sdk-for-net\sdk\support\Microsoft.Azure.Management.Support\tests\ScenarioTests\SupportTicketTests.cs(21,17): error CS0518: Predefined type 'System.IDisposable' is not defined or imported
C:\gh\azure-sdk-for-net\sdk\support\Microsoft.Azure.Management.Support\tests\ScenarioTests\SupportTicketTests.cs(21,62): error CS0518: Predefined type 'System.Object' is not defined or imported
C:\gh\azure-sdk-for-net\sdk\support\Microsoft.Azure.Management.Support\tests\ScenarioTests\SupportTicketTests.cs(26,25): error CS0518: Predefined type 'System.Boolean' is not defined or imported
C:\gh\azure-sdk-for-net\sdk\support\Microsoft.Azure.Management.Support\tests\ScenarioTests\SupportTicketTests.cs(26,25): error CS0518: Predefined type 'System.Boolean' is not defined or imported
C:\gh\azure-sdk-for-net\sdk\support\Microsoft.Azure.Management.Support\tests\ScenarioTests\SupportTicketTests.cs(33,53): error CS0518: Predefined type 'System.Object' is not defined or imported
C:\gh\azure-sdk-for-net\sdk\support\Microsoft.Azure.Management.Support\tests\ScenarioTests\SupportTicketTests.cs(33,58): error CS0518: Predefined type 'System.Object' is not defined or imported
C:\gh\azure-sdk-for-net\sdk\support\Microsoft.Azure.Management.Support\tests\ScenarioTests\SupportTicketTests.cs(35,38): error CS0518: Predefined type 'System.Object' is not defined or imported
C:\gh\azure-sdk-for-net\sdk\support\Microsoft.Azure.Management.Support\tests\ScenarioTests\SupportTicketTests.cs(35,38): error CS0103: The name 'TestUtilities' does not exist in the current context
C:\gh\azure-sdk-for-net\sdk\support\Microsoft.Azure.Management.Support\tests\ScenarioTests\SupportTicketTests.cs(35,65): error CS0518: Predefined type 'System.String' is not defined or imported
C:\gh\azure-sdk-for-net\sdk\support\Microsoft.Azure.Management.Support\tests\ScenarioTests\SupportTicketTests.cs(36,21): error CS0518: Predefined type 'System.Object' is not defined or imported
C:\gh\azure-sdk-for-net\sdk\support\Microsoft.Azure.Management.Support\tests\ScenarioTests\SupportTicketTests.cs(36,21): error CS0103: The name 'Console' does not exist in the current context
C:\gh\azure-sdk-for-net\sdk\support\Microsoft.Azure.Management.Support\tests\ScenarioTests\SupportTicketTests.cs(36,39): error CS0518: Predefined type 'System.String' is not defined or imported
C:\gh\azure-sdk-for-net\sdk\support\Microsoft.Azure.Management.Support\tests\ScenarioTests\SupportTicketTests.cs(36,39): error CS0518: Predefined type 'System.Object' is not defined or imported
C:\gh\azure-sdk-for-net\sdk\support\Microsoft.Azure.Management.Support\tests\ScenarioTests\SupportTicketTests.cs(36,39): error CS0518: Predefined type 'System.Int32' is not defined or imported
C:\gh\azure-sdk-for-net\sdk\support\Microsoft.Azure.Management.Support\tests\ScenarioTests\SupportTicketTests.cs(39,21): error CS0518: Predefined type 'System.Object' is not defined or imported
C:\gh\azure-sdk-for-net\sdk\support\Microsoft.Azure.Management.Support\tests\ScenarioTests\SupportTicketTests.cs(39,21): error CS0103: The name 'Console' does not exist in the current context
C:\gh\azure-sdk-for-net\sdk\support\Microsoft.Azure.Management.Support\tests\ScenarioTests\SupportTicketTests.cs(39,39): error CS0518: Predefined type 'System.String' is not defined or imported
C:\gh\azure-sdk-for-net\sdk\support\Microsoft.Azure.Management.Support\tests\ScenarioTests\SupportTicketTests.cs(39,39): error CS0518: Predefined type 'System.Object' is not defined or imported
C:\gh\azure-sdk-for-net\sdk\support\Microsoft.Azure.Management.Support\tests\ScenarioTests\SupportTicketTests.cs(39,39): error CS0518: Predefined type 'System.Int32' is not defined or imported
C:\gh\azure-sdk-for-net\sdk\support\Microsoft.Azure.Management.Support\tests\ScenarioTests\SupportTicketTests.cs(41,21): error CS0518: Predefined type 'System.Object' is not defined or imported
C:\gh\azure-sdk-for-net\sdk\support\Microsoft.Azure.Management.Support\tests\ScenarioTests\SupportTicketTests.cs(41,21): error CS0103: The name 'Assert' does not exist in the current context
C:\gh\azure-sdk-for-net\sdk\support\Microsoft.Azure.Management.Support\tests\ScenarioTests\SupportTicketTests.cs(41,34): error CS0518: Predefined type 'System.String' is not defined or imported
C:\gh\azure-sdk-for-net\sdk\support\Microsoft.Azure.Management.Support\tests\ScenarioTests\SupportTicketTests.cs(42,21): error CS0518: Predefined type 'System.Object' is not defined or imported
C:\gh\azure-sdk-for-net\sdk\support\Microsoft.Azure.Management.Support\tests\ScenarioTests\SupportTicketTests.cs(42,21): error CS0103: The name 'Assert' does not exist in the current context
C:\gh\azure-sdk-for-net\sdk\support\Microsoft.Azure.Management.Support\tests\ScenarioTests\SupportTicketTests.cs(42,34): error CS0518: Predefined type 'System.String' is not defined or imported
C:\gh\azure-sdk-for-net\sdk\support\Microsoft.Azure.Management.Support\tests\ScenarioTests\SupportTicketTests.cs(42,109): error CS0518: Predefined type 'System.Boolean' is not defined or imported
C:\gh\azure-sdk-for-net\sdk\support\Microsoft.Azure.Management.Support\tests\ScenarioTests\SupportTicketTests.cs(43,21): error CS0518: Predefined type 'System.Object' is not defined or imported
C:\gh\azure-sdk-for-net\sdk\support\Microsoft.Azure.Management.Support\tests\ScenarioTests\SupportTicketTests.cs(43,21): error CS0103: The name 'Assert' does not exist in the current context
C:\gh\azure-sdk-for-net\sdk\support\Microsoft.Azure.Management.Support\tests\ScenarioTests\SupportTicketTests.cs(43,34): error CS0518: Predefined type 'System.String' is not defined or imported
C:\gh\azure-sdk-for-net\sdk\support\Microsoft.Azure.Management.Support\tests\ScenarioTests\CheckNameAvailabilityTests.cs(33,13): error CS0518: Predefined type 'System.IDisposable' is not defined or imported
C:\gh\azure-sdk-for-net\sdk\support\Microsoft.Azure.Management.Support\tests\ScenarioTests\CheckNameAvailabilityTests.cs(33,34): error CS0518: Predefined type 'System.Object' is not defined or imported
C:\gh\azure-sdk-for-net\sdk\support\Microsoft.Azure.Management.Support\tests\ScenarioTests\CheckNameAvailabilityTests.cs(33,34): error CS0103: The name 'MockContext' does not exist in the current context
C:\gh\azure-sdk-for-net\sdk\support\Microsoft.Azure.Management.Support\tests\ScenarioTests\CheckNameAvailabilityTests.cs(33,57): error CS0518: Predefined type 'System.Object' is not defined or imported
C:\gh\azure-sdk-for-net\sdk\support\Microsoft.Azure.Management.Support\tests\ScenarioTests\CheckNameAvailabilityTests.cs(33,57): error CS1061: 'CheckNameAvailabilityTests' does not contain a definition for 'GetType' and no accessible extension method 'GetType' accepting a first argument of type 'CheckNameAvailabilityTests' could be found (are you missing a using directive or an assembly reference?)
C:\gh\azure-sdk-for-net\sdk\support\Microsoft.Azure.Management.Support\tests\ScenarioTests\CheckNameAvailabilityTests.cs(35,17): error CS0518: Predefined type 'System.IDisposable' is not defined or imported
C:\gh\azure-sdk-for-net\sdk\support\Microsoft.Azure.Management.Support\tests\ScenarioTests\CheckNameAvailabilityTests.cs(35,62): error CS0518: Predefined type 'System.Object' is not defined or imported
C:\gh\azure-sdk-for-net\sdk\support\Microsoft.Azure.Management.Support\tests\ScenarioTests\CheckNameAvailabilityTests.cs(37,46): error CS0518: Predefined type 'System.Object' is not defined or imported
C:\gh\azure-sdk-for-net\sdk\support\Microsoft.Azure.Management.Support\tests\ScenarioTests\CheckNameAvailabilityTests.cs(37,46): error CS0518: Predefined type 'System.Void' is not defined or imported
C:\gh\azure-sdk-for-net\sdk\support\Microsoft.Azure.Management.Support\tests\ScenarioTests\CheckNameAvailabilityTests.cs(39,25): error CS0518: Predefined type 'System.String' is not defined or imported
C:\gh\azure-sdk-for-net\sdk\support\Microsoft.Azure.Management.Support\tests\ScenarioTests\CheckNameAvailabilityTests.cs(39,32): error CS0518: Predefined type 'System.String' is not defined or imported
C:\gh\azure-sdk-for-net\sdk\support\Microsoft.Azure.Management.Support\tests\ScenarioTests\CheckNameAvailabilityTests.cs(43,21): error CS0518: Predefined type 'System.Object' is not defined or imported
C:\gh\azure-sdk-for-net\sdk\support\Microsoft.Azure.Management.Support\tests\ScenarioTests\CheckNameAvailabilityTests.cs(43,21): error CS0103: The name 'Assert' does not exist in the current context
C:\gh\azure-sdk-for-net\sdk\support\Microsoft.Azure.Management.Support\tests\ScenarioTests\CheckNameAvailabilityTests.cs(43,50): error CS0012: The type 'Nullable<>' is defined in an assembly that is not referenced. You must add a reference to assembly 'mscorlib, Version=4.0.0.0, Culture=neutral, PublicKeyToken=b77a5c561934e089'.
C:\gh\azure-sdk-for-net\sdk\support\Microsoft.Azure.Management.Support\tests\Helpers\Util.cs(24,66): error CS0518: Predefined type 'System.Object' is not defined or imported
C:\gh\azure-sdk-for-net\sdk\support\Microsoft.Azure.Management.Support\tests\Helpers\Util.cs(24,66): error CS0518: Predefined type 'System.Void' is not defined or imported
C:\gh\azure-sdk-for-net\sdk\support\Microsoft.Azure.Management.Support\tests\Helpers\Util.cs(26,17): error CS0518: Predefined type 'System.String' is not defined or imported
C:\gh\azure-sdk-for-net\sdk\support\Microsoft.Azure.Management.Support\tests\Helpers\Util.cs(27,17): error CS0518: Predefined type 'System.String' is not defined or imported
C:\gh\azure-sdk-for-net\sdk\support\Microsoft.Azure.Management.Support\tests\Helpers\Util.cs(28,17): error CS0518: Predefined type 'System.String' is not defined or imported
C:\gh\azure-sdk-for-net\sdk\support\Microsoft.Azure.Management.Support\tests\Helpers\Util.cs(29,17): error CS0518: Predefined type 'System.String' is not defined or imported
C:\gh\azure-sdk-for-net\sdk\support\Microsoft.Azure.Management.Support\tests\Helpers\Util.cs(30,17): error CS0518: Predefined type 'System.String' is not defined or imported
C:\gh\azure-sdk-for-net\sdk\support\Microsoft.Azure.Management.Support\tests\Helpers\Util.cs(31,17): error CS0518: Predefined type 'System.Void' is not defined or imported
C:\gh\azure-sdk-for-net\sdk\support\Microsoft.Azure.Management.Support\tests\Helpers\Util.cs(31,38): error CS0518: Predefined type 'System.Object' is not defined or imported
C:\gh\azure-sdk-for-net\sdk\support\Microsoft.Azure.Management.Support\tests\Helpers\Util.cs(31,38): error CS0518: Predefined type 'System.Void' is not defined or imported
C:\gh\azure-sdk-for-net\sdk\support\Microsoft.Azure.Management.Support\tests\Helpers\Util.cs(33,21): error CS0518: Predefined type 'System.String' is not defined or imported
C:\gh\azure-sdk-for-net\sdk\support\Microsoft.Azure.Management.Support\tests\Helpers\Util.cs(34,21): error CS0518: Predefined type 'System.String' is not defined or imported
C:\gh\azure-sdk-for-net\sdk\support\Microsoft.Azure.Management.Support\tests\Helpers\Util.cs(35,21): error CS0518: Predefined type 'System.String' is not defined or imported
C:\gh\azure-sdk-for-net\sdk\support\Microsoft.Azure.Management.Support\tests\Helpers\Util.cs(35,46): error CS0518: Predefined type 'System.String' is not defined or imported
C:\gh\azure-sdk-for-net\sdk\support\Microsoft.Azure.Management.Support\tests\Helpers\Util.cs(36,21): error CS0518: Predefined type 'System.String' is not defined or imported
C:\gh\azure-sdk-for-net\sdk\support\Microsoft.Azure.Management.Support\tests\Helpers\Util.cs(37,21): error CS0518: Predefined type 'System.String' is not defined or imported
C:\gh\azure-sdk-for-net\sdk\support\Microsoft.Azure.Management.Support\tests\Helpers\Util.cs(38,21): error CS0518: Predefined type 'System.String' is not defined or imported
C:\gh\azure-sdk-for-net\sdk\support\Microsoft.Azure.Management.Support\tests\Helpers\Util.cs(39,21): error CS0518: Predefined type 'System.String' is not defined or imported
C:\gh\azure-sdk-for-net\sdk\support\Microsoft.Azure.Management.Support\tests\Helpers\Util.cs(40,21): error CS0518: Predefined type 'System.String' is not defined or imported
C:\gh\azure-sdk-for-net\sdk\support\Microsoft.Azure.Management.Support\tests\Helpers\Util.cs(41,21): error CS0012: The type 'IList<>' is defined in an assembly that is not referenced. You must add a reference to assembly 'mscorlib, Version=4.0.0.0, Culture=neutral, PublicKeyToken=b77a5c561934e089'.
C:\gh\azure-sdk-for-net\sdk\support\Microsoft.Azure.Management.Support\tests\Helpers\Util.cs(8,18): error CS1729: 'object' does not contain a constructor that takes 0 arguments
C:\gh\azure-sdk-for-net\sdk\support\Microsoft.Azure.Management.Support\tests\ScenarioTests\ProblemClassificationTests.cs(29,13): error CS0518: Predefined type 'System.IDisposable' is not defined or imported
C:\gh\azure-sdk-for-net\sdk\support\Microsoft.Azure.Management.Support\tests\ScenarioTests\ProblemClassificationTests.cs(29,34): error CS0518: Predefined type 'System.Object' is not defined or imported
C:\gh\azure-sdk-for-net\sdk\support\Microsoft.Azure.Management.Support\tests\ScenarioTests\ProblemClassificationTests.cs(29,34): error CS0103: The name 'MockContext' does not exist in the current context
C:\gh\azure-sdk-for-net\sdk\support\Microsoft.Azure.Management.Support\tests\ScenarioTests\ProblemClassificationTests.cs(29,57): error CS0518: Predefined type 'System.Object' is not defined or imported
C:\gh\azure-sdk-for-net\sdk\support\Microsoft.Azure.Management.Support\tests\ScenarioTests\ProblemClassificationTests.cs(29,57): error CS1061: 'ProblemClassificationTests' does not contain a definition for 'GetType' and no accessible extension method 'GetType' accepting a first argument of type 'ProblemClassificationTests' could be found (are you missing a using directive or an assembly reference?)
C:\gh\azure-sdk-for-net\sdk\support\Microsoft.Azure.Management.Support\tests\ScenarioTests\ProblemClassificationTests.cs(31,17): error CS0518: Predefined type 'System.IDisposable' is not defined or imported
C:\gh\azure-sdk-for-net\sdk\support\Microsoft.Azure.Management.Support\tests\ScenarioTests\ProblemClassificationTests.cs(31,62): error CS0518: Predefined type 'System.Object' is not defined or imported
C:\gh\azure-sdk-for-net\sdk\support\Microsoft.Azure.Management.Support\tests\ScenarioTests\ProblemClassificationTests.cs(37,21): error CS0518: Predefined type 'System.Object' is not defined or imported
C:\gh\azure-sdk-for-net\sdk\support\Microsoft.Azure.Management.Support\tests\ScenarioTests\ProblemClassificationTests.cs(37,21): error CS0103: The name 'Assert' does not exist in the current context
C:\gh\azure-sdk-for-net\sdk\support\Microsoft.Azure.Management.Support\tests\ScenarioTests\ProblemClassificationTests.cs(37,34): error CS0518: Predefined type 'System.String' is not defined or imported
C:\gh\azure-sdk-for-net\sdk\support\Microsoft.Azure.Management.Support\tests\ScenarioTests\ProblemClassificationTests.cs(38,21): error CS0518: Predefined type 'System.Object' is not defined or imported
C:\gh\azure-sdk-for-net\sdk\support\Microsoft.Azure.Management.Support\tests\ScenarioTests\ProblemClassificationTests.cs(38,21): error CS0103: The name 'Assert' does not exist in the current context
C:\gh\azure-sdk-for-net\sdk\support\Microsoft.Azure.Management.Support\tests\ScenarioTests\ProblemClassificationTests.cs(38,34): error CS0518: Predefined type 'System.String' is not defined or imported
C:\gh\azure-sdk-for-net\sdk\support\Microsoft.Azure.Management.Support\tests\ScenarioTests\ProblemClassificationTests.cs(38,118): error CS0518: Predefined type 'System.Boolean' is not defined or imported
C:\gh\azure-sdk-for-net\sdk\support\Microsoft.Azure.Management.Support\tests\ScenarioTests\ProblemClassificationTests.cs(39,21): error CS0518: Predefined type 'System.Object' is not defined or imported
C:\gh\azure-sdk-for-net\sdk\support\Microsoft.Azure.Management.Support\tests\ScenarioTests\ProblemClassificationTests.cs(39,21): error CS0103: The name 'Assert' does not exist in the current context
C:\gh\azure-sdk-for-net\sdk\support\Microsoft.Azure.Management.Support\tests\ScenarioTests\ProblemClassificationTests.cs(39,34): error CS0518: Predefined type 'System.String' is not defined or imported
C:\gh\azure-sdk-for-net\sdk\support\Microsoft.Azure.Management.Support\tests\ScenarioTests\ProblemClassificationTests.cs(40,21): error CS0518: Predefined type 'System.Object' is not defined or imported
C:\gh\azure-sdk-for-net\sdk\support\Microsoft.Azure.Management.Support\tests\ScenarioTests\ProblemClassificationTests.cs(40,21): error CS0103: The name 'Assert' does not exist in the current context
C:\gh\azure-sdk-for-net\sdk\support\Microsoft.Azure.Management.Support\tests\ScenarioTests\ProblemClassificationTests.cs(40,34): error CS0518: Predefined type 'System.String' is not defined or imported
C:\gh\azure-sdk-for-net\sdk\support\Microsoft.Azure.Management.Support\tests\ScenarioTests\ProblemClassificationTests.cs(10,18): error CS1729: 'object' does not contain a constructor that takes 0 arguments
C:\gh\azure-sdk-for-net\sdk\support\Microsoft.Azure.Management.Support\tests\ScenarioTests\CommunicationTests.cs(18,13): error CS0518: Predefined type 'System.IDisposable' is not defined or imported
C:\gh\azure-sdk-for-net\sdk\support\Microsoft.Azure.Management.Support\tests\ScenarioTests\CommunicationTests.cs(18,34): error CS0518: Predefined type 'System.Object' is not defined or imported
C:\gh\azure-sdk-for-net\sdk\support\Microsoft.Azure.Management.Support\tests\ScenarioTests\CommunicationTests.cs(18,34): error CS0103: The name 'MockContext' does not exist in the current context
C:\gh\azure-sdk-for-net\sdk\support\Microsoft.Azure.Management.Support\tests\ScenarioTests\CommunicationTests.cs(18,57): error CS0518: Predefined type 'System.Object' is not defined or imported
C:\gh\azure-sdk-for-net\sdk\support\Microsoft.Azure.Management.Support\tests\ScenarioTests\CommunicationTests.cs(18,57): error CS1061: 'CommunicationTests' does not contain a definition for 'GetType' and no accessible extension method 'GetType' accepting a first argument of type 'CommunicationTests' could be found (are you missing a using directive or an assembly reference?)
C:\gh\azure-sdk-for-net\sdk\support\Microsoft.Azure.Management.Support\tests\ScenarioTests\CommunicationTests.cs(20,17): error CS0518: Predefined type 'System.IDisposable' is not defined or imported
C:\gh\azure-sdk-for-net\sdk\support\Microsoft.Azure.Management.Support\tests\ScenarioTests\CommunicationTests.cs(20,62): error CS0518: Predefined type 'System.Object' is not defined or imported
C:\gh\azure-sdk-for-net\sdk\support\Microsoft.Azure.Management.Support\tests\ScenarioTests\CommunicationTests.cs(25,25): error CS0518: Predefined type 'System.Boolean' is not defined or imported
C:\gh\azure-sdk-for-net\sdk\support\Microsoft.Azure.Management.Support\tests\ScenarioTests\CommunicationTests.cs(25,25): error CS0518: Predefined type 'System.Boolean' is not defined or imported
C:\gh\azure-sdk-for-net\sdk\support\Microsoft.Azure.Management.Support\tests\ScenarioTests\CommunicationTests.cs(32,53): error CS0518: Predefined type 'System.Object' is not defined or imported
C:\gh\azure-sdk-for-net\sdk\support\Microsoft.Azure.Management.Support\tests\ScenarioTests\CommunicationTests.cs(32,58): error CS0518: Predefined type 'System.Object' is not defined or imported
C:\gh\azure-sdk-for-net\sdk\support\Microsoft.Azure.Management.Support\tests\ScenarioTests\CommunicationTests.cs(34,38): error CS0518: Predefined type 'System.Object' is not defined or imported
C:\gh\azure-sdk-for-net\sdk\support\Microsoft.Azure.Management.Support\tests\ScenarioTests\CommunicationTests.cs(34,38): error CS0103: The name 'TestUtilities' does not exist in the current context
C:\gh\azure-sdk-for-net\sdk\support\Microsoft.Azure.Management.Support\tests\ScenarioTests\CommunicationTests.cs(34,65): error CS0518: Predefined type 'System.String' is not defined or imported
C:\gh\azure-sdk-for-net\sdk\support\Microsoft.Azure.Management.Support\tests\ScenarioTests\CommunicationTests.cs(35,21): error CS0518: Predefined type 'System.Object' is not defined or imported
C:\gh\azure-sdk-for-net\sdk\support\Microsoft.Azure.Management.Support\tests\ScenarioTests\CommunicationTests.cs(35,21): error CS0103: The name 'Console' does not exist in the current context
C:\gh\azure-sdk-for-net\sdk\support\Microsoft.Azure.Management.Support\tests\ScenarioTests\CommunicationTests.cs(35,39): error CS0518: Predefined type 'System.String' is not defined or imported
C:\gh\azure-sdk-for-net\sdk\support\Microsoft.Azure.Management.Support\tests\ScenarioTests\CommunicationTests.cs(35,39): error CS0518: Predefined type 'System.Object' is not defined or imported
C:\gh\azure-sdk-for-net\sdk\support\Microsoft.Azure.Management.Support\tests\ScenarioTests\CommunicationTests.cs(35,39): error CS0518: Predefined type 'System.Int32' is not defined or imported
C:\gh\azure-sdk-for-net\sdk\support\Microsoft.Azure.Management.Support\tests\ScenarioTests\CommunicationTests.cs(39,21): error CS0518: Predefined type 'System.Object' is not defined or imported
C:\gh\azure-sdk-for-net\sdk\support\Microsoft.Azure.Management.Support\tests\ScenarioTests\CommunicationTests.cs(39,21): error CS0103: The name 'Console' does not exist in the current context
C:\gh\azure-sdk-for-net\sdk\support\Microsoft.Azure.Management.Support\tests\ScenarioTests\CommunicationTests.cs(39,39): error CS0518: Predefined type 'System.String' is not defined or imported
C:\gh\azure-sdk-for-net\sdk\support\Microsoft.Azure.Management.Support\tests\ScenarioTests\CommunicationTests.cs(39,39): error CS0518: Predefined type 'System.Object' is not defined or imported
C:\gh\azure-sdk-for-net\sdk\support\Microsoft.Azure.Management.Support\tests\ScenarioTests\CommunicationTests.cs(39,39): error CS0518: Predefined type 'System.Int32' is not defined or imported
C:\gh\azure-sdk-for-net\sdk\support\Microsoft.Azure.Management.Support\tests\ScenarioTests\CommunicationTests.cs(41,48): error CS0518: Predefined type 'System.Object' is not defined or imported
C:\gh\azure-sdk-for-net\sdk\support\Microsoft.Azure.Management.Support\tests\ScenarioTests\CommunicationTests.cs(41,88): error CS0518: Predefined type 'System.String' is not defined or imported
C:\gh\azure-sdk-for-net\sdk\support\Microsoft.Azure.Management.Support\tests\ScenarioTests\CommunicationTests.cs(41,104): error CS0518: Predefined type 'System.String' is not defined or imported
C:\gh\azure-sdk-for-net\sdk\support\Microsoft.Azure.Management.Support\tests\ScenarioTests\CommunicationTests.cs(43,21): error CS0518: Predefined type 'System.Object' is not defined or imported
C:\gh\azure-sdk-for-net\sdk\support\Microsoft.Azure.Management.Support\tests\ScenarioTests\CommunicationTests.cs(43,21): error CS0103: The name 'Assert' does not exist in the current context
C:\gh\azure-sdk-for-net\sdk\support\Microsoft.Azure.Management.Support\tests\ScenarioTests\CommunicationTests.cs(43,34): error CS0518: Predefined type 'System.String' is not defined or imported
C:\gh\azure-sdk-for-net\sdk\support\Microsoft.Azure.Management.Support\tests\ScenarioTests\CommunicationTests.cs(43,81): error CS0518: Predefined type 'System.String' is not defined or imported
C:\gh\azure-sdk-for-net\sdk\support\Microsoft.Azure.Management.Support\tests\ScenarioTests\CommunicationTests.cs(44,21): error CS0518: Predefined type 'System.Object' is not defined or imported
C:\gh\azure-sdk-for-net\sdk\support\Microsoft.Azure.Management.Support\tests\ScenarioTests\CommunicationTests.cs(44,21): error CS0103: The name 'Assert' does not exist in the current context
C:\gh\azure-sdk-for-net\sdk\support\Microsoft.Azure.Management.Support\tests\ScenarioTests\CommunicationTests.cs(44,34): error CS0518: Predefined type 'System.String' is not defined or imported
C:\gh\azure-sdk-for-net\sdk\support\Microsoft.Azure.Management.Support\tests\ScenarioTests\CommunicationTests.cs(44,91): error CS0518: Predefined type 'System.String' is not defined or imported
C:\gh\azure-sdk-for-net\sdk\support\Microsoft.Azure.Management.Support\tests\ScenarioTests\CommunicationTests.cs(44,109): error CS0518: Predefined type 'System.Boolean' is not defined or imported
C:\gh\azure-sdk-for-net\sdk\support\Microsoft.Azure.Management.Support\tests\ScenarioTests\CommunicationTests.cs(45,21): error CS0518: Predefined type 'System.Object' is not defined or imported
C:\gh\azure-sdk-for-net\sdk\support\Microsoft.Azure.Management.Support\tests\ScenarioTests\CommunicationTests.cs(45,21): error CS0103: The name 'Assert' does not exist in the current context
C:\gh\azure-sdk-for-net\sdk\support\Microsoft.Azure.Management.Support\tests\ScenarioTests\CommunicationTests.cs(45,34): error CS0518: Predefined type 'System.String' is not defined or imported
C:\gh\azure-sdk-for-net\sdk\support\Microsoft.Azure.Management.Support\tests\ScenarioTests\CommunicationTests.cs(45,81): error CS0518: Predefined type 'System.String' is not defined or imported
C:\gh\azure-sdk-for-net\sdk\support\Microsoft.Azure.Management.Support\tests\ScenarioTests\CheckNameAvailabilityTests.cs(51,13): error CS0518: Predefined type 'System.IDisposable' is not defined or imported
C:\gh\azure-sdk-for-net\sdk\support\Microsoft.Azure.Management.Support\tests\ScenarioTests\CheckNameAvailabilityTests.cs(51,34): error CS0518: Predefined type 'System.Object' is not defined or imported
C:\gh\azure-sdk-for-net\sdk\support\Microsoft.Azure.Management.Support\tests\ScenarioTests\CheckNameAvailabilityTests.cs(51,34): error CS0103: The name 'MockContext' does not exist in the current context
C:\gh\azure-sdk-for-net\sdk\support\Microsoft.Azure.Management.Support\tests\ScenarioTests\CheckNameAvailabilityTests.cs(51,57): error CS0518: Predefined type 'System.Object' is not defined or imported
C:\gh\azure-sdk-for-net\sdk\support\Microsoft.Azure.Management.Support\tests\ScenarioTests\CheckNameAvailabilityTests.cs(51,57): error CS1061: 'CheckNameAvailabilityTests' does not contain a definition for 'GetType' and no accessible extension method 'GetType' accepting a first argument of type 'CheckNameAvailabilityTests' could be found (are you missing a using directive or an assembly reference?)
C:\gh\azure-sdk-for-net\sdk\support\Microsoft.Azure.Management.Support\tests\ScenarioTests\CheckNameAvailabilityTests.cs(53,17): error CS0518: Predefined type 'System.IDisposable' is not defined or imported
C:\gh\azure-sdk-for-net\sdk\support\Microsoft.Azure.Management.Support\tests\ScenarioTests\CheckNameAvailabilityTests.cs(53,62): error CS0518: Predefined type 'System.Object' is not defined or imported
C:\gh\azure-sdk-for-net\sdk\support\Microsoft.Azure.Management.Support\tests\ScenarioTests\CheckNameAvailabilityTests.cs(55,46): error CS0518: Predefined type 'System.Object' is not defined or imported
C:\gh\azure-sdk-for-net\sdk\support\Microsoft.Azure.Management.Support\tests\ScenarioTests\CheckNameAvailabilityTests.cs(55,46): error CS0518: Predefined type 'System.Void' is not defined or imported
C:\gh\azure-sdk-for-net\sdk\support\Microsoft.Azure.Management.Support\tests\ScenarioTests\CheckNameAvailabilityTests.cs(57,25): error CS0518: Predefined type 'System.String' is not defined or imported
C:\gh\azure-sdk-for-net\sdk\support\Microsoft.Azure.Management.Support\tests\ScenarioTests\CheckNameAvailabilityTests.cs(57,32): error CS0518: Predefined type 'System.Object' is not defined or imported
C:\gh\azure-sdk-for-net\sdk\support\Microsoft.Azure.Management.Support\tests\ScenarioTests\CheckNameAvailabilityTests.cs(57,32): error CS0103: The name 'TestUtilities' does not exist in the current context
C:\gh\azure-sdk-for-net\sdk\support\Microsoft.Azure.Management.Support\tests\ScenarioTests\CheckNameAvailabilityTests.cs(57,59): error CS0518: Predefined type 'System.String' is not defined or imported
C:\gh\azure-sdk-for-net\sdk\support\Microsoft.Azure.Management.Support\tests\ScenarioTests\CheckNameAvailabilityTests.cs(60,87): error CS0518: Predefined type 'System.String' is not defined or imported
C:\gh\azure-sdk-for-net\sdk\support\Microsoft.Azure.Management.Support\tests\ScenarioTests\CheckNameAvailabilityTests.cs(61,21): error CS0518: Predefined type 'System.Object' is not defined or imported
C:\gh\azure-sdk-for-net\sdk\support\Microsoft.Azure.Management.Support\tests\ScenarioTests\CheckNameAvailabilityTests.cs(61,21): error CS0103: The name 'Assert' does not exist in the current context
C:\gh\azure-sdk-for-net\sdk\support\Microsoft.Azure.Management.Support\tests\ScenarioTests\CheckNameAvailabilityTests.cs(61,49): error CS0012: The type 'Nullable<>' is defined in an assembly that is not referenced. You must add a reference to assembly 'mscorlib, Version=4.0.0.0, Culture=neutral, PublicKeyToken=b77a5c561934e089'.
C:\gh\azure-sdk-for-net\sdk\support\Microsoft.Azure.Management.Support\tests\ScenarioTests\CheckNameAvailabilityTests.cs(10,18): error CS1729: 'object' does not contain a constructor that takes 0 arguments
C:\gh\azure-sdk-for-net\sdk\support\Microsoft.Azure.Management.Support\tests\ScenarioTests\SupportTicketTests.cs(51,13): error CS0518: Predefined type 'System.IDisposable' is not defined or imported
C:\gh\azure-sdk-for-net\sdk\support\Microsoft.Azure.Management.Support\tests\ScenarioTests\SupportTicketTests.cs(51,34): error CS0518: Predefined type 'System.Object' is not defined or imported
C:\gh\azure-sdk-for-net\sdk\support\Microsoft.Azure.Management.Support\tests\ScenarioTests\SupportTicketTests.cs(51,34): error CS0103: The name 'MockContext' does not exist in the current context
C:\gh\azure-sdk-for-net\sdk\support\Microsoft.Azure.Management.Support\tests\ScenarioTests\SupportTicketTests.cs(51,57): error CS0518: Predefined type 'System.Object' is not defined or imported
C:\gh\azure-sdk-for-net\sdk\support\Microsoft.Azure.Management.Support\tests\ScenarioTests\SupportTicketTests.cs(51,57): error CS1061: 'SupportTicketTests' does not contain a definition for 'GetType' and no accessible extension method 'GetType' accepting a first argument of type 'SupportTicketTests' could be found (are you missing a using directive or an assembly reference?)
C:\gh\azure-sdk-for-net\sdk\support\Microsoft.Azure.Management.Support\tests\ScenarioTests\SupportTicketTests.cs(53,17): error CS0518: Predefined type 'System.IDisposable' is not defined or imported
C:\gh\azure-sdk-for-net\sdk\support\Microsoft.Azure.Management.Support\tests\ScenarioTests\SupportTicketTests.cs(53,62): error CS0518: Predefined type 'System.Object' is not defined or imported
C:\gh\azure-sdk-for-net\sdk\support\Microsoft.Azure.Management.Support\tests\ScenarioTests\SupportTicketTests.cs(58,25): error CS0518: Predefined type 'System.Boolean' is not defined or imported
C:\gh\azure-sdk-for-net\sdk\support\Microsoft.Azure.Management.Support\tests\ScenarioTests\SupportTicketTests.cs(58,25): error CS0518: Predefined type 'System.Boolean' is not defined or imported
C:\gh\azure-sdk-for-net\sdk\support\Microsoft.Azure.Management.Support\tests\ScenarioTests\SupportTicketTests.cs(64,53): error CS0518: Predefined type 'System.Object' is not defined or imported
C:\gh\azure-sdk-for-net\sdk\support\Microsoft.Azure.Management.Support\tests\ScenarioTests\SupportTicketTests.cs(64,58): error CS0518: Predefined type 'System.Object' is not defined or imported
C:\gh\azure-sdk-for-net\sdk\support\Microsoft.Azure.Management.Support\tests\ScenarioTests\SupportTicketTests.cs(66,38): error CS0518: Predefined type 'System.Object' is not defined or imported
C:\gh\azure-sdk-for-net\sdk\support\Microsoft.Azure.Management.Support\tests\ScenarioTests\SupportTicketTests.cs(66,38): error CS0103: The name 'TestUtilities' does not exist in the current context
C:\gh\azure-sdk-for-net\sdk\support\Microsoft.Azure.Management.Support\tests\ScenarioTests\SupportTicketTests.cs(66,65): error CS0518: Predefined type 'System.String' is not defined or imported
C:\gh\azure-sdk-for-net\sdk\support\Microsoft.Azure.Management.Support\tests\ScenarioTests\SupportTicketTests.cs(67,21): error CS0518: Predefined type 'System.Object' is not defined or imported
C:\gh\azure-sdk-for-net\sdk\support\Microsoft.Azure.Management.Support\tests\ScenarioTests\SupportTicketTests.cs(67,21): error CS0103: The name 'Console' does not exist in the current context
C:\gh\azure-sdk-for-net\sdk\support\Microsoft.Azure.Management.Support\tests\ScenarioTests\SupportTicketTests.cs(67,39): error CS0518: Predefined type 'System.String' is not defined or imported
C:\gh\azure-sdk-for-net\sdk\support\Microsoft.Azure.Management.Support\tests\ScenarioTests\SupportTicketTests.cs(67,39): error CS0518: Predefined type 'System.Object' is not defined or imported
C:\gh\azure-sdk-for-net\sdk\support\Microsoft.Azure.Management.Support\tests\ScenarioTests\SupportTicketTests.cs(67,39): error CS0518: Predefined type 'System.Int32' is not defined or imported
C:\gh\azure-sdk-for-net\sdk\support\Microsoft.Azure.Management.Support\tests\ScenarioTests\SupportTicketTests.cs(70,21): error CS0518: Predefined type 'System.Object' is not defined or imported
C:\gh\azure-sdk-for-net\sdk\support\Microsoft.Azure.Management.Support\tests\ScenarioTests\SupportTicketTests.cs(70,21): error CS0103: The name 'Console' does not exist in the current context
C:\gh\azure-sdk-for-net\sdk\support\Microsoft.Azure.Management.Support\tests\ScenarioTests\SupportTicketTests.cs(70,39): error CS0518: Predefined type 'System.String' is not defined or imported
C:\gh\azure-sdk-for-net\sdk\support\Microsoft.Azure.Management.Support\tests\ScenarioTests\SupportTicketTests.cs(70,39): error CS0518: Predefined type 'System.Object' is not defined or imported
C:\gh\azure-sdk-for-net\sdk\support\Microsoft.Azure.Management.Support\tests\ScenarioTests\SupportTicketTests.cs(70,39): error CS0518: Predefined type 'System.Int32' is not defined or imported
C:\gh\azure-sdk-for-net\sdk\support\Microsoft.Azure.Management.Support\tests\ScenarioTests\SupportTicketTests.cs(72,61): error CS0518: Predefined type 'System.Object' is not defined or imported
C:\gh\azure-sdk-for-net\sdk\support\Microsoft.Azure.Management.Support\tests\ScenarioTests\SupportTicketTests.cs(72,61): error CS0518: Predefined type 'System.Void' is not defined or imported
C:\gh\azure-sdk-for-net\sdk\support\Microsoft.Azure.Management.Support\tests\ScenarioTests\SupportTicketTests.cs(74,25): error CS0518: Predefined type 'System.Void' is not defined or imported
C:\gh\azure-sdk-for-net\sdk\support\Microsoft.Azure.Management.Support\tests\ScenarioTests\SupportTicketTests.cs(74,46): error CS0518: Predefined type 'System.Object' is not defined or imported
C:\gh\azure-sdk-for-net\sdk\support\Microsoft.Azure.Management.Support\tests\ScenarioTests\SupportTicketTests.cs(74,46): error CS0518: Predefined type 'System.Void' is not defined or imported
C:\gh\azure-sdk-for-net\sdk\support\Microsoft.Azure.Management.Support\tests\ScenarioTests\SupportTicketTests.cs(76,29): error CS0518: Predefined type 'System.String' is not defined or imported
C:\gh\azure-sdk-for-net\sdk\support\Microsoft.Azure.Management.Support\tests\ScenarioTests\SupportTicketTests.cs(76,41): error CS0518: Predefined type 'System.String' is not defined or imported
C:\gh\azure-sdk-for-net\sdk\support\Microsoft.Azure.Management.Support\tests\ScenarioTests\SupportTicketTests.cs(77,29): error CS0518: Predefined type 'System.String' is not defined or imported
C:\gh\azure-sdk-for-net\sdk\support\Microsoft.Azure.Management.Support\tests\ScenarioTests\SupportTicketTests.cs(77,40): error CS0518: Predefined type 'System.String' is not defined or imported
C:\gh\azure-sdk-for-net\sdk\support\Microsoft.Azure.Management.Support\tests\ScenarioTests\SupportTicketTests.cs(78,29): error CS0518: Predefined type 'System.String' is not defined or imported
C:\gh\azure-sdk-for-net\sdk\support\Microsoft.Azure.Management.Support\tests\ScenarioTests\SupportTicketTests.cs(78,51): error CS0518: Predefined type 'System.String' is not defined or imported
C:\gh\azure-sdk-for-net\sdk\support\Microsoft.Azure.Management.Support\tests\ScenarioTests\SupportTicketTests.cs(79,29): error CS0518: Predefined type 'System.String' is not defined or imported
C:\gh\azure-sdk-for-net\sdk\support\Microsoft.Azure.Management.Support\tests\ScenarioTests\SupportTicketTests.cs(79,43): error CS0518: Predefined type 'System.String' is not defined or imported
C:\gh\azure-sdk-for-net\sdk\support\Microsoft.Azure.Management.Support\tests\ScenarioTests\SupportTicketTests.cs(80,29): error CS0012: The type 'IList<>' is defined in an assembly that is not referenced. You must add a reference to assembly 'mscorlib, Version=4.0.0.0, Culture=neutral, PublicKeyToken=b77a5c561934e089'.
C:\gh\azure-sdk-for-net\sdk\support\Microsoft.Azure.Management.Support\tests\ScenarioTests\SupportTicketTests.cs(80,60): error CS0518: Predefined type 'System.Object' is not defined or imported
C:\gh\azure-sdk-for-net\sdk\support\Microsoft.Azure.Management.Support\tests\ScenarioTests\SupportTicketTests.cs(80,60): error CS0246: The type or namespace name 'List<>' could not be found (are you missing a using directive or an assembly reference?)
C:\gh\azure-sdk-for-net\sdk\support\Microsoft.Azure.Management.Support\tests\ScenarioTests\SupportTicketTests.cs(80,65): error CS0518: Predefined type 'System.String' is not defined or imported
C:\gh\azure-sdk-for-net\sdk\support\Microsoft.Azure.Management.Support\tests\ScenarioTests\SupportTicketTests.cs(82,33): error CS0518: Predefined type 'System.String' is not defined or imported
C:\gh\azure-sdk-for-net\sdk\support\Microsoft.Azure.Management.Support\tests\ScenarioTests\SupportTicketTests.cs(84,29): error CS0518: Predefined type 'System.String' is not defined or imported
C:\gh\azure-sdk-for-net\sdk\support\Microsoft.Azure.Management.Support\tests\ScenarioTests\SupportTicketTests.cs(84,39): error CS0518: Predefined type 'System.String' is not defined or imported
C:\gh\azure-sdk-for-net\sdk\support\Microsoft.Azure.Management.Support\tests\ScenarioTests\SupportTicketTests.cs(85,29): error CS0518: Predefined type 'System.String' is not defined or imported
C:\gh\azure-sdk-for-net\sdk\support\Microsoft.Azure.Management.Support\tests\ScenarioTests\SupportTicketTests.cs(85,56): error CS0518: Predefined type 'System.String' is not defined or imported
C:\gh\azure-sdk-for-net\sdk\support\Microsoft.Azure.Management.Support\tests\ScenarioTests\SupportTicketTests.cs(86,29): error CS0518: Predefined type 'System.String' is not defined or imported
C:\gh\azure-sdk-for-net\sdk\support\Microsoft.Azure.Management.Support\tests\ScenarioTests\SupportTicketTests.cs(86,49): error CS0518: Predefined type 'System.String' is not defined or imported
C:\gh\azure-sdk-for-net\sdk\support\Microsoft.Azure.Management.Support\tests\ScenarioTests\SupportTicketTests.cs(91,21): error CS0518: Predefined type 'System.Object' is not defined or imported
C:\gh\azure-sdk-for-net\sdk\support\Microsoft.Azure.Management.Support\tests\ScenarioTests\SupportTicketTests.cs(91,21): error CS0103: The name 'Assert' does not exist in the current context
C:\gh\azure-sdk-for-net\sdk\support\Microsoft.Azure.Management.Support\tests\ScenarioTests\SupportTicketTests.cs(91,34): error CS0518: Predefined type 'System.String' is not defined or imported
C:\gh\azure-sdk-for-net\sdk\support\Microsoft.Azure.Management.Support\tests\ScenarioTests\SupportTicketTests.cs(91,115): error CS0518: Predefined type 'System.Boolean' is not defined or imported
C:\gh\azure-sdk-for-net\sdk\support\Microsoft.Azure.Management.Support\tests\ScenarioTests\SupportTicketTests.cs(92,21): error CS0518: Predefined type 'System.Object' is not defined or imported
C:\gh\azure-sdk-for-net\sdk\support\Microsoft.Azure.Management.Support\tests\ScenarioTests\SupportTicketTests.cs(92,21): error CS0103: The name 'Assert' does not exist in the current context
C:\gh\azure-sdk-for-net\sdk\support\Microsoft.Azure.Management.Support\tests\ScenarioTests\SupportTicketTests.cs(92,34): error CS0518: Predefined type 'System.String' is not defined or imported
C:\gh\azure-sdk-for-net\sdk\support\Microsoft.Azure.Management.Support\tests\ScenarioTests\SupportTicketTests.cs(92,113): error CS0518: Predefined type 'System.Boolean' is not defined or imported
C:\gh\azure-sdk-for-net\sdk\support\Microsoft.Azure.Management.Support\tests\ScenarioTests\SupportTicketTests.cs(93,21): error CS0518: Predefined type 'System.Object' is not defined or imported
C:\gh\azure-sdk-for-net\sdk\support\Microsoft.Azure.Management.Support\tests\ScenarioTests\SupportTicketTests.cs(93,21): error CS0103: The name 'Assert' does not exist in the current context
C:\gh\azure-sdk-for-net\sdk\support\Microsoft.Azure.Management.Support\tests\ScenarioTests\SupportTicketTests.cs(93,34): error CS0518: Predefined type 'System.String' is not defined or imported
C:\gh\azure-sdk-for-net\sdk\support\Microsoft.Azure.Management.Support\tests\ScenarioTests\SupportTicketTests.cs(93,98): error CS0518: Predefined type 'System.Boolean' is not defined or imported
C:\gh\azure-sdk-for-net\sdk\support\Microsoft.Azure.Management.Support\tests\ScenarioTests\SupportTicketTests.cs(94,21): error CS0518: Predefined type 'System.Object' is not defined or imported
C:\gh\azure-sdk-for-net\sdk\support\Microsoft.Azure.Management.Support\tests\ScenarioTests\SupportTicketTests.cs(94,21): error CS0103: The name 'Assert' does not exist in the current context
C:\gh\azure-sdk-for-net\sdk\support\Microsoft.Azure.Management.Support\tests\ScenarioTests\SupportTicketTests.cs(94,34): error CS0518: Predefined type 'System.String' is not defined or imported
C:\gh\azure-sdk-for-net\sdk\support\Microsoft.Azure.Management.Support\tests\ScenarioTests\SupportTicketTests.cs(94,130): error CS0518: Predefined type 'System.Boolean' is not defined or imported
C:\gh\azure-sdk-for-net\sdk\support\Microsoft.Azure.Management.Support\tests\ScenarioTests\SupportTicketTests.cs(95,21): error CS0518: Predefined type 'System.Object' is not defined or imported
C:\gh\azure-sdk-for-net\sdk\support\Microsoft.Azure.Management.Support\tests\ScenarioTests\SupportTicketTests.cs(95,21): error CS0103: The name 'Assert' does not exist in the current context
C:\gh\azure-sdk-for-net\sdk\support\Microsoft.Azure.Management.Support\tests\ScenarioTests\SupportTicketTests.cs(95,34): error CS0518: Predefined type 'System.String' is not defined or imported
C:\gh\azure-sdk-for-net\sdk\support\Microsoft.Azure.Management.Support\tests\ScenarioTests\SupportTicketTests.cs(95,117): error CS0518: Predefined type 'System.Boolean' is not defined or imported
C:\gh\azure-sdk-for-net\sdk\support\Microsoft.Azure.Management.Support\tests\ScenarioTests\SupportTicketTests.cs(96,21): error CS0518: Predefined type 'System.Object' is not defined or imported
C:\gh\azure-sdk-for-net\sdk\support\Microsoft.Azure.Management.Support\tests\ScenarioTests\SupportTicketTests.cs(96,21): error CS0103: The name 'Assert' does not exist in the current context
C:\gh\azure-sdk-for-net\sdk\support\Microsoft.Azure.Management.Support\tests\ScenarioTests\SupportTicketTests.cs(96,34): error CS0518: Predefined type 'System.String' is not defined or imported
C:\gh\azure-sdk-for-net\sdk\support\Microsoft.Azure.Management.Support\tests\ScenarioTests\SupportTicketTests.cs(96,127): error CS0518: Predefined type 'System.Boolean' is not defined or imported
C:\gh\azure-sdk-for-net\sdk\support\Microsoft.Azure.Management.Support\tests\ScenarioTests\SupportTicketTests.cs(97,21): error CS0518: Predefined type 'System.Object' is not defined or imported
C:\gh\azure-sdk-for-net\sdk\support\Microsoft.Azure.Management.Support\tests\ScenarioTests\SupportTicketTests.cs(97,21): error CS0103: The name 'Assert' does not exist in the current context
C:\gh\azure-sdk-for-net\sdk\support\Microsoft.Azure.Management.Support\tests\ScenarioTests\SupportTicketTests.cs(97,34): error CS0518: Predefined type 'System.String' is not defined or imported
C:\gh\azure-sdk-for-net\sdk\support\Microsoft.Azure.Management.Support\tests\ScenarioTests\SupportTicketTests.cs(97,115): error CS0518: Predefined type 'System.Int32' is not defined or imported
C:\gh\azure-sdk-for-net\sdk\support\Microsoft.Azure.Management.Support\tests\ScenarioTests\SupportTicketTests.cs(97,131): error CS0518: Predefined type 'System.Boolean' is not defined or imported
C:\gh\azure-sdk-for-net\sdk\support\Microsoft.Azure.Management.Support\tests\ScenarioTests\SupportTicketTests.cs(98,21): error CS0518: Predefined type 'System.Object' is not defined or imported
C:\gh\azure-sdk-for-net\sdk\support\Microsoft.Azure.Management.Support\tests\ScenarioTests\SupportTicketTests.cs(98,21): error CS0103: The name 'Assert' does not exist in the current context
C:\gh\azure-sdk-for-net\sdk\support\Microsoft.Azure.Management.Support\tests\ScenarioTests\SupportTicketTests.cs(98,34): error CS0518: Predefined type 'System.String' is not defined or imported
C:\gh\azure-sdk-for-net\sdk\support\Microsoft.Azure.Management.Support\tests\ScenarioTests\SupportTicketTests.cs(98,109): error CS0518: Predefined type 'System.Boolean' is not defined or imported
C:\gh\azure-sdk-for-net\sdk\support\Microsoft.Azure.Management.Support\tests\ScenarioTests\CommunicationTests.cs(53,13): error CS0518: Predefined type 'System.IDisposable' is not defined or imported
C:\gh\azure-sdk-for-net\sdk\support\Microsoft.Azure.Management.Support\tests\ScenarioTests\CommunicationTests.cs(53,34): error CS0518: Predefined type 'System.Object' is not defined or imported
C:\gh\azure-sdk-for-net\sdk\support\Microsoft.Azure.Management.Support\tests\ScenarioTests\CommunicationTests.cs(53,34): error CS0103: The name 'MockContext' does not exist in the current context
C:\gh\azure-sdk-for-net\sdk\support\Microsoft.Azure.Management.Support\tests\ScenarioTests\CommunicationTests.cs(53,57): error CS0518: Predefined type 'System.Object' is not defined or imported
C:\gh\azure-sdk-for-net\sdk\support\Microsoft.Azure.Management.Support\tests\ScenarioTests\CommunicationTests.cs(53,57): error CS1061: 'CommunicationTests' does not contain a definition for 'GetType' and no accessible extension method 'GetType' accepting a first argument of type 'CommunicationTests' could be found (are you missing a using directive or an assembly reference?)
C:\gh\azure-sdk-for-net\sdk\support\Microsoft.Azure.Management.Support\tests\ScenarioTests\CommunicationTests.cs(55,17): error CS0518: Predefined type 'System.IDisposable' is not defined or imported
C:\gh\azure-sdk-for-net\sdk\support\Microsoft.Azure.Management.Support\tests\ScenarioTests\CommunicationTests.cs(55,62): error CS0518: Predefined type 'System.Object' is not defined or imported
C:\gh\azure-sdk-for-net\sdk\support\Microsoft.Azure.Management.Support\tests\ScenarioTests\CommunicationTests.cs(60,25): error CS0518: Predefined type 'System.Boolean' is not defined or imported
C:\gh\azure-sdk-for-net\sdk\support\Microsoft.Azure.Management.Support\tests\ScenarioTests\CommunicationTests.cs(60,25): error CS0518: Predefined type 'System.Boolean' is not defined or imported
C:\gh\azure-sdk-for-net\sdk\support\Microsoft.Azure.Management.Support\tests\ScenarioTests\CommunicationTests.cs(67,53): error CS0518: Predefined type 'System.Object' is not defined or imported
C:\gh\azure-sdk-for-net\sdk\support\Microsoft.Azure.Management.Support\tests\ScenarioTests\CommunicationTests.cs(67,58): error CS0518: Predefined type 'System.Object' is not defined or imported
C:\gh\azure-sdk-for-net\sdk\support\Microsoft.Azure.Management.Support\tests\ScenarioTests\CommunicationTests.cs(69,38): error CS0518: Predefined type 'System.Object' is not defined or imported
C:\gh\azure-sdk-for-net\sdk\support\Microsoft.Azure.Management.Support\tests\ScenarioTests\CommunicationTests.cs(69,38): error CS0103: The name 'TestUtilities' does not exist in the current context
C:\gh\azure-sdk-for-net\sdk\support\Microsoft.Azure.Management.Support\tests\ScenarioTests\CommunicationTests.cs(69,65): error CS0518: Predefined type 'System.String' is not defined or imported
C:\gh\azure-sdk-for-net\sdk\support\Microsoft.Azure.Management.Support\tests\ScenarioTests\CommunicationTests.cs(70,21): error CS0518: Predefined type 'System.Object' is not defined or imported
C:\gh\azure-sdk-for-net\sdk\support\Microsoft.Azure.Management.Support\tests\ScenarioTests\CommunicationTests.cs(70,21): error CS0103: The name 'Console' does not exist in the current context
C:\gh\azure-sdk-for-net\sdk\support\Microsoft.Azure.Management.Support\tests\ScenarioTests\CommunicationTests.cs(70,39): error CS0518: Predefined type 'System.String' is not defined or imported
C:\gh\azure-sdk-for-net\sdk\support\Microsoft.Azure.Management.Support\tests\ScenarioTests\CommunicationTests.cs(70,39): error CS0518: Predefined type 'System.Object' is not defined or imported
C:\gh\azure-sdk-for-net\sdk\support\Microsoft.Azure.Management.Support\tests\ScenarioTests\CommunicationTests.cs(70,39): error CS0518: Predefined type 'System.Int32' is not defined or imported
C:\gh\azure-sdk-for-net\sdk\support\Microsoft.Azure.Management.Support\tests\ScenarioTests\CommunicationTests.cs(74,21): error CS0518: Predefined type 'System.Object' is not defined or imported
C:\gh\azure-sdk-for-net\sdk\support\Microsoft.Azure.Management.Support\tests\ScenarioTests\CommunicationTests.cs(74,21): error CS0103: The name 'Console' does not exist in the current context
C:\gh\azure-sdk-for-net\sdk\support\Microsoft.Azure.Management.Support\tests\ScenarioTests\CommunicationTests.cs(74,39): error CS0518: Predefined type 'System.String' is not defined or imported
C:\gh\azure-sdk-for-net\sdk\support\Microsoft.Azure.Management.Support\tests\ScenarioTests\CommunicationTests.cs(74,39): error CS0518: Predefined type 'System.Object' is not defined or imported
C:\gh\azure-sdk-for-net\sdk\support\Microsoft.Azure.Management.Support\tests\ScenarioTests\CommunicationTests.cs(74,39): error CS0518: Predefined type 'System.Int32' is not defined or imported
C:\gh\azure-sdk-for-net\sdk\support\Microsoft.Azure.Management.Support\tests\ScenarioTests\CommunicationTests.cs(76,49): error CS0518: Predefined type 'System.Object' is not defined or imported
C:\gh\azure-sdk-for-net\sdk\support\Microsoft.Azure.Management.Support\tests\ScenarioTests\CommunicationTests.cs(76,89): error CS0518: Predefined type 'System.String' is not defined or imported
C:\gh\azure-sdk-for-net\sdk\support\Microsoft.Azure.Management.Support\tests\ScenarioTests\CommunicationTests.cs(76,107): error CS0518: Predefined type 'System.String' is not defined or imported
C:\gh\azure-sdk-for-net\sdk\support\Microsoft.Azure.Management.Support\tests\ScenarioTests\CommunicationTests.cs(77,49): error CS0518: Predefined type 'System.Object' is not defined or imported
C:\gh\azure-sdk-for-net\sdk\support\Microsoft.Azure.Management.Support\tests\ScenarioTests\CommunicationTests.cs(77,89): error CS0518: Predefined type 'System.String' is not defined or imported
C:\gh\azure-sdk-for-net\sdk\support\Microsoft.Azure.Management.Support\tests\ScenarioTests\CommunicationTests.cs(77,107): error CS0518: Predefined type 'System.String' is not defined or imported
C:\gh\azure-sdk-for-net\sdk\support\Microsoft.Azure.Management.Support\tests\ScenarioTests\CommunicationTests.cs(83,25): error CS0518: Predefined type 'System.Object' is not defined or imported
C:\gh\azure-sdk-for-net\sdk\support\Microsoft.Azure.Management.Support\tests\ScenarioTests\CommunicationTests.cs(83,25): error CS0103: The name 'Assert' does not exist in the current context
C:\gh\azure-sdk-for-net\sdk\support\Microsoft.Azure.Management.Support\tests\ScenarioTests\CommunicationTests.cs(83,38): error CS0518: Predefined type 'System.String' is not defined or imported
C:\gh\azure-sdk-for-net\sdk\support\Microsoft.Azure.Management.Support\tests\ScenarioTests\CommunicationTests.cs(84,25): error CS0518: Predefined type 'System.Object' is not defined or imported
C:\gh\azure-sdk-for-net\sdk\support\Microsoft.Azure.Management.Support\tests\ScenarioTests\CommunicationTests.cs(84,25): error CS0103: The name 'Assert' does not exist in the current context
C:\gh\azure-sdk-for-net\sdk\support\Microsoft.Azure.Management.Support\tests\ScenarioTests\CommunicationTests.cs(84,38): error CS0518: Predefined type 'System.String' is not defined or imported
C:\gh\azure-sdk-for-net\sdk\support\Microsoft.Azure.Management.Support\tests\ScenarioTests\CommunicationTests.cs(84,106): error CS0518: Predefined type 'System.Boolean' is not defined or imported
C:\gh\azure-sdk-for-net\sdk\support\Microsoft.Azure.Management.Support\tests\ScenarioTests\CommunicationTests.cs(85,25): error CS0518: Predefined type 'System.Object' is not defined or imported
C:\gh\azure-sdk-for-net\sdk\support\Microsoft.Azure.Management.Support\tests\ScenarioTests\CommunicationTests.cs(85,25): error CS0103: The name 'Assert' does not exist in the current context
C:\gh\azure-sdk-for-net\sdk\support\Microsoft.Azure.Management.Support\tests\ScenarioTests\CommunicationTests.cs(85,38): error CS0518: Predefined type 'System.String' is not defined or imported
C:\gh\azure-sdk-for-net\sdk\support\Microsoft.Azure.Management.Support\tests\ScenarioTests\CommunicationTests.cs(88,77): error CS0518: Predefined type 'System.Int32' is not defined or imported
C:\gh\azure-sdk-for-net\sdk\support\Microsoft.Azure.Management.Support\tests\ScenarioTests\CommunicationTests.cs(89,21): error CS0518: Predefined type 'System.Object' is not defined or imported
C:\gh\azure-sdk-for-net\sdk\support\Microsoft.Azure.Management.Support\tests\ScenarioTests\CommunicationTests.cs(89,21): error CS0103: The name 'Assert' does not exist in the current context
C:\gh\azure-sdk-for-net\sdk\support\Microsoft.Azure.Management.Support\tests\ScenarioTests\CommunicationTests.cs(90,21): error CS0518: Predefined type 'System.Object' is not defined or imported
C:\gh\azure-sdk-for-net\sdk\support\Microsoft.Azure.Management.Support\tests\ScenarioTests\CommunicationTests.cs(90,21): error CS0103: The name 'Assert' does not exist in the current context
C:\gh\azure-sdk-for-net\sdk\support\Microsoft.Azure.Management.Support\tests\ScenarioTests\CommunicationTests.cs(94,25): error CS0518: Predefined type 'System.Object' is not defined or imported
C:\gh\azure-sdk-for-net\sdk\support\Microsoft.Azure.Management.Support\tests\ScenarioTests\CommunicationTests.cs(94,25): error CS0103: The name 'Assert' does not exist in the current context
C:\gh\azure-sdk-for-net\sdk\support\Microsoft.Azure.Management.Support\tests\ScenarioTests\CommunicationTests.cs(94,38): error CS0518: Predefined type 'System.String' is not defined or imported
C:\gh\azure-sdk-for-net\sdk\support\Microsoft.Azure.Management.Support\tests\ScenarioTests\CommunicationTests.cs(95,25): error CS0518: Predefined type 'System.Object' is not defined or imported
C:\gh\azure-sdk-for-net\sdk\support\Microsoft.Azure.Management.Support\tests\ScenarioTests\CommunicationTests.cs(95,25): error CS0103: The name 'Assert' does not exist in the current context
C:\gh\azure-sdk-for-net\sdk\support\Microsoft.Azure.Management.Support\tests\ScenarioTests\CommunicationTests.cs(95,38): error CS0518: Predefined type 'System.String' is not defined or imported
C:\gh\azure-sdk-for-net\sdk\support\Microsoft.Azure.Management.Support\tests\ScenarioTests\CommunicationTests.cs(95,106): error CS0518: Predefined type 'System.Boolean' is not defined or imported
C:\gh\azure-sdk-for-net\sdk\support\Microsoft.Azure.Management.Support\tests\ScenarioTests\CommunicationTests.cs(96,25): error CS0518: Predefined type 'System.Object' is not defined or imported
C:\gh\azure-sdk-for-net\sdk\support\Microsoft.Azure.Management.Support\tests\ScenarioTests\CommunicationTests.cs(96,25): error CS0103: The name 'Assert' does not exist in the current context
C:\gh\azure-sdk-for-net\sdk\support\Microsoft.Azure.Management.Support\tests\ScenarioTests\CommunicationTests.cs(96,38): error CS0518: Predefined type 'System.String' is not defined or imported
C:\gh\azure-sdk-for-net\sdk\support\Microsoft.Azure.Management.Support\tests\ScenarioTests\SupportTicketTests.cs(106,13): error CS0518: Predefined type 'System.IDisposable' is not defined or imported
C:\gh\azure-sdk-for-net\sdk\support\Microsoft.Azure.Management.Support\tests\ScenarioTests\SupportTicketTests.cs(106,34): error CS0518: Predefined type 'System.Object' is not defined or imported
C:\gh\azure-sdk-for-net\sdk\support\Microsoft.Azure.Management.Support\tests\ScenarioTests\SupportTicketTests.cs(106,34): error CS0103: The name 'MockContext' does not exist in the current context
C:\gh\azure-sdk-for-net\sdk\support\Microsoft.Azure.Management.Support\tests\ScenarioTests\SupportTicketTests.cs(106,57): error CS0518: Predefined type 'System.Object' is not defined or imported
C:\gh\azure-sdk-for-net\sdk\support\Microsoft.Azure.Management.Support\tests\ScenarioTests\SupportTicketTests.cs(106,57): error CS1061: 'SupportTicketTests' does not contain a definition for 'GetType' and no accessible extension method 'GetType' accepting a first argument of type 'SupportTicketTests' could be found (are you missing a using directive or an assembly reference?)
C:\gh\azure-sdk-for-net\sdk\support\Microsoft.Azure.Management.Support\tests\ScenarioTests\SupportTicketTests.cs(108,17): error CS0518: Predefined type 'System.IDisposable' is not defined or imported
C:\gh\azure-sdk-for-net\sdk\support\Microsoft.Azure.Management.Support\tests\ScenarioTests\SupportTicketTests.cs(108,62): error CS0518: Predefined type 'System.Object' is not defined or imported
C:\gh\azure-sdk-for-net\sdk\support\Microsoft.Azure.Management.Support\tests\ScenarioTests\SupportTicketTests.cs(113,25): error CS0518: Predefined type 'System.Boolean' is not defined or imported
C:\gh\azure-sdk-for-net\sdk\support\Microsoft.Azure.Management.Support\tests\ScenarioTests\SupportTicketTests.cs(113,25): error CS0518: Predefined type 'System.Boolean' is not defined or imported
C:\gh\azure-sdk-for-net\sdk\support\Microsoft.Azure.Management.Support\tests\ScenarioTests\SupportTicketTests.cs(119,53): error CS0518: Predefined type 'System.Object' is not defined or imported
C:\gh\azure-sdk-for-net\sdk\support\Microsoft.Azure.Management.Support\tests\ScenarioTests\SupportTicketTests.cs(119,58): error CS0518: Predefined type 'System.Object' is not defined or imported
C:\gh\azure-sdk-for-net\sdk\support\Microsoft.Azure.Management.Support\tests\ScenarioTests\SupportTicketTests.cs(121,38): error CS0518: Predefined type 'System.Object' is not defined or imported
C:\gh\azure-sdk-for-net\sdk\support\Microsoft.Azure.Management.Support\tests\ScenarioTests\SupportTicketTests.cs(121,38): error CS0103: The name 'TestUtilities' does not exist in the current context
C:\gh\azure-sdk-for-net\sdk\support\Microsoft.Azure.Management.Support\tests\ScenarioTests\SupportTicketTests.cs(121,65): error CS0518: Predefined type 'System.String' is not defined or imported
C:\gh\azure-sdk-for-net\sdk\support\Microsoft.Azure.Management.Support\tests\ScenarioTests\SupportTicketTests.cs(122,21): error CS0518: Predefined type 'System.Object' is not defined or imported
C:\gh\azure-sdk-for-net\sdk\support\Microsoft.Azure.Management.Support\tests\ScenarioTests\SupportTicketTests.cs(122,21): error CS0103: The name 'Console' does not exist in the current context
C:\gh\azure-sdk-for-net\sdk\support\Microsoft.Azure.Management.Support\tests\ScenarioTests\SupportTicketTests.cs(122,39): error CS0518: Predefined type 'System.String' is not defined or imported
C:\gh\azure-sdk-for-net\sdk\support\Microsoft.Azure.Management.Support\tests\ScenarioTests\SupportTicketTests.cs(122,39): error CS0518: Predefined type 'System.Object' is not defined or imported
C:\gh\azure-sdk-for-net\sdk\support\Microsoft.Azure.Management.Support\tests\ScenarioTests\SupportTicketTests.cs(122,39): error CS0518: Predefined type 'System.Int32' is not defined or imported
C:\gh\azure-sdk-for-net\sdk\support\Microsoft.Azure.Management.Support\tests\ScenarioTests\SupportTicketTests.cs(125,21): error CS0518: Predefined type 'System.Object' is not defined or imported
C:\gh\azure-sdk-for-net\sdk\support\Microsoft.Azure.Management.Support\tests\ScenarioTests\SupportTicketTests.cs(125,21): error CS0103: The name 'Console' does not exist in the current context
C:\gh\azure-sdk-for-net\sdk\support\Microsoft.Azure.Management.Support\tests\ScenarioTests\SupportTicketTests.cs(125,39): error CS0518: Predefined type 'System.String' is not defined or imported
C:\gh\azure-sdk-for-net\sdk\support\Microsoft.Azure.Management.Support\tests\ScenarioTests\SupportTicketTests.cs(125,39): error CS0518: Predefined type 'System.Object' is not defined or imported
C:\gh\azure-sdk-for-net\sdk\support\Microsoft.Azure.Management.Support\tests\ScenarioTests\SupportTicketTests.cs(125,39): error CS0518: Predefined type 'System.Int32' is not defined or imported
C:\gh\azure-sdk-for-net\sdk\support\Microsoft.Azure.Management.Support\tests\ScenarioTests\SupportTicketTests.cs(127,61): error CS0518: Predefined type 'System.Object' is not defined or imported
C:\gh\azure-sdk-for-net\sdk\support\Microsoft.Azure.Management.Support\tests\ScenarioTests\SupportTicketTests.cs(127,61): error CS0518: Predefined type 'System.Void' is not defined or imported
C:\gh\azure-sdk-for-net\sdk\support\Microsoft.Azure.Management.Support\tests\ScenarioTests\SupportTicketTests.cs(129,25): error CS0518: Predefined type 'System.String' is not defined or imported
C:\gh\azure-sdk-for-net\sdk\support\Microsoft.Azure.Management.Support\tests\ScenarioTests\SupportTicketTests.cs(129,36): error CS0518: Predefined type 'System.String' is not defined or imported
C:\gh\azure-sdk-for-net\sdk\support\Microsoft.Azure.Management.Support\tests\ScenarioTests\SupportTicketTests.cs(133,21): error CS0518: Predefined type 'System.Object' is not defined or imported
C:\gh\azure-sdk-for-net\sdk\support\Microsoft.Azure.Management.Support\tests\ScenarioTests\SupportTicketTests.cs(133,21): error CS0103: The name 'Assert' does not exist in the current context
C:\gh\azure-sdk-for-net\sdk\support\Microsoft.Azure.Management.Support\tests\ScenarioTests\SupportTicketTests.cs(133,34): error CS0518: Predefined type 'System.String' is not defined or imported
C:\gh\azure-sdk-for-net\sdk\support\Microsoft.Azure.Management.Support\tests\ScenarioTests\SupportTicketTests.cs(133,89): error CS0518: Predefined type 'System.Boolean' is not defined or imported
C:\gh\azure-sdk-for-net\sdk\support\Microsoft.Azure.Management.Support\tests\ScenarioTests\CommunicationTests.cs(105,13): error CS0518: Predefined type 'System.IDisposable' is not defined or imported
C:\gh\azure-sdk-for-net\sdk\support\Microsoft.Azure.Management.Support\tests\ScenarioTests\CommunicationTests.cs(105,34): error CS0518: Predefined type 'System.Object' is not defined or imported
C:\gh\azure-sdk-for-net\sdk\support\Microsoft.Azure.Management.Support\tests\ScenarioTests\CommunicationTests.cs(105,34): error CS0103: The name 'MockContext' does not exist in the current context
C:\gh\azure-sdk-for-net\sdk\support\Microsoft.Azure.Management.Support\tests\ScenarioTests\CommunicationTests.cs(105,57): error CS0518: Predefined type 'System.Object' is not defined or imported
C:\gh\azure-sdk-for-net\sdk\support\Microsoft.Azure.Management.Support\tests\ScenarioTests\CommunicationTests.cs(105,57): error CS1061: 'CommunicationTests' does not contain a definition for 'GetType' and no accessible extension method 'GetType' accepting a first argument of type 'CommunicationTests' could be found (are you missing a using directive or an assembly reference?)
C:\gh\azure-sdk-for-net\sdk\support\Microsoft.Azure.Management.Support\tests\ScenarioTests\CommunicationTests.cs(107,17): error CS0518: Predefined type 'System.IDisposable' is not defined or imported
C:\gh\azure-sdk-for-net\sdk\support\Microsoft.Azure.Management.Support\tests\ScenarioTests\CommunicationTests.cs(107,62): error CS0518: Predefined type 'System.Object' is not defined or imported
C:\gh\azure-sdk-for-net\sdk\support\Microsoft.Azure.Management.Support\tests\ScenarioTests\CommunicationTests.cs(112,25): error CS0518: Predefined type 'System.Boolean' is not defined or imported
C:\gh\azure-sdk-for-net\sdk\support\Microsoft.Azure.Management.Support\tests\ScenarioTests\CommunicationTests.cs(112,25): error CS0518: Predefined type 'System.Boolean' is not defined or imported
C:\gh\azure-sdk-for-net\sdk\support\Microsoft.Azure.Management.Support\tests\ScenarioTests\CommunicationTests.cs(119,53): error CS0518: Predefined type 'System.Object' is not defined or imported
C:\gh\azure-sdk-for-net\sdk\support\Microsoft.Azure.Management.Support\tests\ScenarioTests\CommunicationTests.cs(119,58): error CS0518: Predefined type 'System.Object' is not defined or imported
C:\gh\azure-sdk-for-net\sdk\support\Microsoft.Azure.Management.Support\tests\ScenarioTests\CommunicationTests.cs(121,38): error CS0518: Predefined type 'System.Object' is not defined or imported
C:\gh\azure-sdk-for-net\sdk\support\Microsoft.Azure.Management.Support\tests\ScenarioTests\CommunicationTests.cs(121,38): error CS0103: The name 'TestUtilities' does not exist in the current context
C:\gh\azure-sdk-for-net\sdk\support\Microsoft.Azure.Management.Support\tests\ScenarioTests\CommunicationTests.cs(121,65): error CS0518: Predefined type 'System.String' is not defined or imported
C:\gh\azure-sdk-for-net\sdk\support\Microsoft.Azure.Management.Support\tests\ScenarioTests\CommunicationTests.cs(122,21): error CS0518: Predefined type 'System.Object' is not defined or imported
C:\gh\azure-sdk-for-net\sdk\support\Microsoft.Azure.Management.Support\tests\ScenarioTests\CommunicationTests.cs(122,21): error CS0103: The name 'Console' does not exist in the current context
C:\gh\azure-sdk-for-net\sdk\support\Microsoft.Azure.Management.Support\tests\ScenarioTests\CommunicationTests.cs(122,39): error CS0518: Predefined type 'System.String' is not defined or imported
C:\gh\azure-sdk-for-net\sdk\support\Microsoft.Azure.Management.Support\tests\ScenarioTests\CommunicationTests.cs(122,39): error CS0518: Predefined type 'System.Object' is not defined or imported
C:\gh\azure-sdk-for-net\sdk\support\Microsoft.Azure.Management.Support\tests\ScenarioTests\CommunicationTests.cs(122,39): error CS0518: Predefined type 'System.Int32' is not defined or imported
C:\gh\azure-sdk-for-net\sdk\support\Microsoft.Azure.Management.Support\tests\ScenarioTests\CommunicationTests.cs(126,21): error CS0518: Predefined type 'System.Object' is not defined or imported
C:\gh\azure-sdk-for-net\sdk\support\Microsoft.Azure.Management.Support\tests\ScenarioTests\CommunicationTests.cs(126,21): error CS0103: The name 'Console' does not exist in the current context
C:\gh\azure-sdk-for-net\sdk\support\Microsoft.Azure.Management.Support\tests\ScenarioTests\CommunicationTests.cs(126,39): error CS0518: Predefined type 'System.String' is not defined or imported
C:\gh\azure-sdk-for-net\sdk\support\Microsoft.Azure.Management.Support\tests\ScenarioTests\CommunicationTests.cs(126,39): error CS0518: Predefined type 'System.Object' is not defined or imported
C:\gh\azure-sdk-for-net\sdk\support\Microsoft.Azure.Management.Support\tests\ScenarioTests\CommunicationTests.cs(126,39): error CS0518: Predefined type 'System.Int32' is not defined or imported
C:\gh\azure-sdk-for-net\sdk\support\Microsoft.Azure.Management.Support\tests\ScenarioTests\CommunicationTests.cs(127,21): error CS0518: Predefined type 'System.Object' is not defined or imported
C:\gh\azure-sdk-for-net\sdk\support\Microsoft.Azure.Management.Support\tests\ScenarioTests\CommunicationTests.cs(127,21): error CS0103: The name 'Console' does not exist in the current context
C:\gh\azure-sdk-for-net\sdk\support\Microsoft.Azure.Management.Support\tests\ScenarioTests\CommunicationTests.cs(127,39): error CS0518: Predefined type 'System.String' is not defined or imported
C:\gh\azure-sdk-for-net\sdk\support\Microsoft.Azure.Management.Support\tests\ScenarioTests\CommunicationTests.cs(127,39): error CS0518: Predefined type 'System.Object' is not defined or imported
C:\gh\azure-sdk-for-net\sdk\support\Microsoft.Azure.Management.Support\tests\ScenarioTests\CommunicationTests.cs(127,39): error CS0518: Predefined type 'System.Int32' is not defined or imported
C:\gh\azure-sdk-for-net\sdk\support\Microsoft.Azure.Management.Support\tests\ScenarioTests\CommunicationTests.cs(129,48): error CS0518: Predefined type 'System.Object' is not defined or imported
C:\gh\azure-sdk-for-net\sdk\support\Microsoft.Azure.Management.Support\tests\ScenarioTests\CommunicationTests.cs(129,88): error CS0518: Predefined type 'System.String' is not defined or imported
C:\gh\azure-sdk-for-net\sdk\support\Microsoft.Azure.Management.Support\tests\ScenarioTests\CommunicationTests.cs(129,104): error CS0518: Predefined type 'System.String' is not defined or imported
C:\gh\azure-sdk-for-net\sdk\support\Microsoft.Azure.Management.Support\tests\ScenarioTests\CommunicationTests.cs(131,103): error CS0518: Predefined type 'System.String' is not defined or imported
C:\gh\azure-sdk-for-net\sdk\support\Microsoft.Azure.Management.Support\tests\ScenarioTests\CommunicationTests.cs(133,21): error CS0518: Predefined type 'System.Object' is not defined or imported
C:\gh\azure-sdk-for-net\sdk\support\Microsoft.Azure.Management.Support\tests\ScenarioTests\CommunicationTests.cs(133,21): error CS0103: The name 'Assert' does not exist in the current context
C:\gh\azure-sdk-for-net\sdk\support\Microsoft.Azure.Management.Support\tests\ScenarioTests\CommunicationTests.cs(133,34): error CS0518: Predefined type 'System.String' is not defined or imported
C:\gh\azure-sdk-for-net\sdk\support\Microsoft.Azure.Management.Support\tests\ScenarioTests\CommunicationTests.cs(133,81): error CS0518: Predefined type 'System.String' is not defined or imported
C:\gh\azure-sdk-for-net\sdk\support\Microsoft.Azure.Management.Support\tests\ScenarioTests\CommunicationTests.cs(134,21): error CS0518: Predefined type 'System.Object' is not defined or imported
C:\gh\azure-sdk-for-net\sdk\support\Microsoft.Azure.Management.Support\tests\ScenarioTests\CommunicationTests.cs(134,21): error CS0103: The name 'Assert' does not exist in the current context
C:\gh\azure-sdk-for-net\sdk\support\Microsoft.Azure.Management.Support\tests\ScenarioTests\CommunicationTests.cs(134,34): error CS0518: Predefined type 'System.String' is not defined or imported
C:\gh\azure-sdk-for-net\sdk\support\Microsoft.Azure.Management.Support\tests\ScenarioTests\CommunicationTests.cs(134,91): error CS0518: Predefined type 'System.String' is not defined or imported
C:\gh\azure-sdk-for-net\sdk\support\Microsoft.Azure.Management.Support\tests\ScenarioTests\CommunicationTests.cs(134,109): error CS0518: Predefined type 'System.Boolean' is not defined or imported
C:\gh\azure-sdk-for-net\sdk\support\Microsoft.Azure.Management.Support\tests\ScenarioTests\CommunicationTests.cs(135,21): error CS0518: Predefined type 'System.Object' is not defined or imported
C:\gh\azure-sdk-for-net\sdk\support\Microsoft.Azure.Management.Support\tests\ScenarioTests\CommunicationTests.cs(135,21): error CS0103: The name 'Assert' does not exist in the current context
C:\gh\azure-sdk-for-net\sdk\support\Microsoft.Azure.Management.Support\tests\ScenarioTests\CommunicationTests.cs(135,34): error CS0518: Predefined type 'System.String' is not defined or imported
C:\gh\azure-sdk-for-net\sdk\support\Microsoft.Azure.Management.Support\tests\ScenarioTests\CommunicationTests.cs(135,81): error CS0518: Predefined type 'System.String' is not defined or imported
C:\gh\azure-sdk-for-net\sdk\support\Microsoft.Azure.Management.Support\tests\ScenarioTests\SupportTicketTests.cs(141,13): error CS0518: Predefined type 'System.IDisposable' is not defined or imported
C:\gh\azure-sdk-for-net\sdk\support\Microsoft.Azure.Management.Support\tests\ScenarioTests\SupportTicketTests.cs(141,34): error CS0518: Predefined type 'System.Object' is not defined or imported
C:\gh\azure-sdk-for-net\sdk\support\Microsoft.Azure.Management.Support\tests\ScenarioTests\SupportTicketTests.cs(141,34): error CS0103: The name 'MockContext' does not exist in the current context
C:\gh\azure-sdk-for-net\sdk\support\Microsoft.Azure.Management.Support\tests\ScenarioTests\SupportTicketTests.cs(141,57): error CS0518: Predefined type 'System.Object' is not defined or imported
C:\gh\azure-sdk-for-net\sdk\support\Microsoft.Azure.Management.Support\tests\ScenarioTests\SupportTicketTests.cs(141,57): error CS1061: 'SupportTicketTests' does not contain a definition for 'GetType' and no accessible extension method 'GetType' accepting a first argument of type 'SupportTicketTests' could be found (are you missing a using directive or an assembly reference?)
C:\gh\azure-sdk-for-net\sdk\support\Microsoft.Azure.Management.Support\tests\ScenarioTests\SupportTicketTests.cs(143,17): error CS0518: Predefined type 'System.IDisposable' is not defined or imported
C:\gh\azure-sdk-for-net\sdk\support\Microsoft.Azure.Management.Support\tests\ScenarioTests\SupportTicketTests.cs(143,62): error CS0518: Predefined type 'System.Object' is not defined or imported
C:\gh\azure-sdk-for-net\sdk\support\Microsoft.Azure.Management.Support\tests\ScenarioTests\SupportTicketTests.cs(148,25): error CS0518: Predefined type 'System.Boolean' is not defined or imported
C:\gh\azure-sdk-for-net\sdk\support\Microsoft.Azure.Management.Support\tests\ScenarioTests\SupportTicketTests.cs(148,25): error CS0518: Predefined type 'System.Boolean' is not defined or imported
C:\gh\azure-sdk-for-net\sdk\support\Microsoft.Azure.Management.Support\tests\ScenarioTests\SupportTicketTests.cs(154,53): error CS0518: Predefined type 'System.Object' is not defined or imported
C:\gh\azure-sdk-for-net\sdk\support\Microsoft.Azure.Management.Support\tests\ScenarioTests\SupportTicketTests.cs(154,58): error CS0518: Predefined type 'System.Object' is not defined or imported
C:\gh\azure-sdk-for-net\sdk\support\Microsoft.Azure.Management.Support\tests\ScenarioTests\SupportTicketTests.cs(156,38): error CS0518: Predefined type 'System.Object' is not defined or imported
C:\gh\azure-sdk-for-net\sdk\support\Microsoft.Azure.Management.Support\tests\ScenarioTests\SupportTicketTests.cs(156,38): error CS0103: The name 'TestUtilities' does not exist in the current context
C:\gh\azure-sdk-for-net\sdk\support\Microsoft.Azure.Management.Support\tests\ScenarioTests\SupportTicketTests.cs(156,65): error CS0518: Predefined type 'System.String' is not defined or imported
C:\gh\azure-sdk-for-net\sdk\support\Microsoft.Azure.Management.Support\tests\ScenarioTests\SupportTicketTests.cs(157,21): error CS0518: Predefined type 'System.Object' is not defined or imported
C:\gh\azure-sdk-for-net\sdk\support\Microsoft.Azure.Management.Support\tests\ScenarioTests\SupportTicketTests.cs(157,21): error CS0103: The name 'Console' does not exist in the current context
C:\gh\azure-sdk-for-net\sdk\support\Microsoft.Azure.Management.Support\tests\ScenarioTests\SupportTicketTests.cs(157,39): error CS0518: Predefined type 'System.String' is not defined or imported
C:\gh\azure-sdk-for-net\sdk\support\Microsoft.Azure.Management.Support\tests\ScenarioTests\SupportTicketTests.cs(157,39): error CS0518: Predefined type 'System.Object' is not defined or imported
C:\gh\azure-sdk-for-net\sdk\support\Microsoft.Azure.Management.Support\tests\ScenarioTests\SupportTicketTests.cs(157,39): error CS0518: Predefined type 'System.Int32' is not defined or imported
C:\gh\azure-sdk-for-net\sdk\support\Microsoft.Azure.Management.Support\tests\ScenarioTests\SupportTicketTests.cs(160,21): error CS0518: Predefined type 'System.Object' is not defined or imported
C:\gh\azure-sdk-for-net\sdk\support\Microsoft.Azure.Management.Support\tests\ScenarioTests\SupportTicketTests.cs(160,21): error CS0103: The name 'Console' does not exist in the current context
C:\gh\azure-sdk-for-net\sdk\support\Microsoft.Azure.Management.Support\tests\ScenarioTests\SupportTicketTests.cs(160,39): error CS0518: Predefined type 'System.String' is not defined or imported
C:\gh\azure-sdk-for-net\sdk\support\Microsoft.Azure.Management.Support\tests\ScenarioTests\SupportTicketTests.cs(160,39): error CS0518: Predefined type 'System.Object' is not defined or imported
C:\gh\azure-sdk-for-net\sdk\support\Microsoft.Azure.Management.Support\tests\ScenarioTests\SupportTicketTests.cs(160,39): error CS0518: Predefined type 'System.Int32' is not defined or imported
C:\gh\azure-sdk-for-net\sdk\support\Microsoft.Azure.Management.Support\tests\ScenarioTests\SupportTicketTests.cs(162,61): error CS0518: Predefined type 'System.Object' is not defined or imported
C:\gh\azure-sdk-for-net\sdk\support\Microsoft.Azure.Management.Support\tests\ScenarioTests\SupportTicketTests.cs(162,61): error CS0518: Predefined type 'System.Void' is not defined or imported
C:\gh\azure-sdk-for-net\sdk\support\Microsoft.Azure.Management.Support\tests\ScenarioTests\SupportTicketTests.cs(164,25): error CS0518: Predefined type 'System.String' is not defined or imported
C:\gh\azure-sdk-for-net\sdk\support\Microsoft.Azure.Management.Support\tests\ScenarioTests\SupportTicketTests.cs(164,34): error CS0518: Predefined type 'System.String' is not defined or imported
C:\gh\azure-sdk-for-net\sdk\support\Microsoft.Azure.Management.Support\tests\ScenarioTests\SupportTicketTests.cs(168,21): error CS0518: Predefined type 'System.Object' is not defined or imported
C:\gh\azure-sdk-for-net\sdk\support\Microsoft.Azure.Management.Support\tests\ScenarioTests\SupportTicketTests.cs(168,21): error CS0103: The name 'Assert' does not exist in the current context
C:\gh\azure-sdk-for-net\sdk\support\Microsoft.Azure.Management.Support\tests\ScenarioTests\SupportTicketTests.cs(168,34): error CS0518: Predefined type 'System.String' is not defined or imported
C:\gh\azure-sdk-for-net\sdk\support\Microsoft.Azure.Management.Support\tests\ScenarioTests\SupportTicketTests.cs(168,85): error CS0518: Predefined type 'System.Boolean' is not defined or imported
C:\gh\azure-sdk-for-net\sdk\support\Microsoft.Azure.Management.Support\tests\ScenarioTests\SupportTicketTests.cs(176,13): error CS0518: Predefined type 'System.IDisposable' is not defined or imported
C:\gh\azure-sdk-for-net\sdk\support\Microsoft.Azure.Management.Support\tests\ScenarioTests\SupportTicketTests.cs(176,34): error CS0518: Predefined type 'System.Object' is not defined or imported
C:\gh\azure-sdk-for-net\sdk\support\Microsoft.Azure.Management.Support\tests\ScenarioTests\SupportTicketTests.cs(176,34): error CS0103: The name 'MockContext' does not exist in the current context
C:\gh\azure-sdk-for-net\sdk\support\Microsoft.Azure.Management.Support\tests\ScenarioTests\SupportTicketTests.cs(176,57): error CS0518: Predefined type 'System.Object' is not defined or imported
C:\gh\azure-sdk-for-net\sdk\support\Microsoft.Azure.Management.Support\tests\ScenarioTests\SupportTicketTests.cs(176,57): error CS1061: 'SupportTicketTests' does not contain a definition for 'GetType' and no accessible extension method 'GetType' accepting a first argument of type 'SupportTicketTests' could be found (are you missing a using directive or an assembly reference?)
C:\gh\azure-sdk-for-net\sdk\support\Microsoft.Azure.Management.Support\tests\ScenarioTests\SupportTicketTests.cs(178,17): error CS0518: Predefined type 'System.Object' is not defined or imported
C:\gh\azure-sdk-for-net\sdk\support\Microsoft.Azure.Management.Support\tests\ScenarioTests\SupportTicketTests.cs(178,17): error CS0246: The type or namespace name 'IPage<>' could not be found (are you missing a using directive or an assembly reference?)
C:\gh\azure-sdk-for-net\sdk\support\Microsoft.Azure.Management.Support\tests\ScenarioTests\SupportTicketTests.cs(178,23): error CS0518: Predefined type 'System.Object' is not defined or imported
C:\gh\azure-sdk-for-net\sdk\support\Microsoft.Azure.Management.Support\tests\ScenarioTests\SupportTicketTests.cs(179,17): error CS0518: Predefined type 'System.IDisposable' is not defined or imported
C:\gh\azure-sdk-for-net\sdk\support\Microsoft.Azure.Management.Support\tests\ScenarioTests\SupportTicketTests.cs(179,62): error CS0518: Predefined type 'System.Object' is not defined or imported
C:\gh\azure-sdk-for-net\sdk\support\Microsoft.Azure.Management.Support\tests\ScenarioTests\SupportTicketTests.cs(182,21): error CS0518: Predefined type 'System.Object' is not defined or imported
C:\gh\azure-sdk-for-net\sdk\support\Microsoft.Azure.Management.Support\tests\ScenarioTests\SupportTicketTests.cs(182,21): error CS0103: The name 'Assert' does not exist in the current context
C:\gh\azure-sdk-for-net\sdk\support\Microsoft.Azure.Management.Support\tests\ScenarioTests\SupportTicketTests.cs(182,61): error CS0518: Predefined type 'System.Int32' is not defined or imported
C:\gh\azure-sdk-for-net\sdk\support\Microsoft.Azure.Management.Support\tests\ScenarioTests\SupportTicketTests.cs(182,33): error CS0518: Predefined type 'System.Boolean' is not defined or imported
C:\gh\azure-sdk-for-net\sdk\support\Microsoft.Azure.Management.Support\tests\ScenarioTests\SupportTicketTests.cs(185,22): error CS0518: Predefined type 'System.String' is not defined or imported
C:\gh\azure-sdk-for-net\sdk\support\Microsoft.Azure.Management.Support\tests\ScenarioTests\SupportTicketTests.cs(185,21): error CS0518: Predefined type 'System.Boolean' is not defined or imported
C:\gh\azure-sdk-for-net\sdk\support\Microsoft.Azure.Management.Support\tests\ScenarioTests\SupportTicketTests.cs(187,21): error CS0518: Predefined type 'System.IDisposable' is not defined or imported
C:\gh\azure-sdk-for-net\sdk\support\Microsoft.Azure.Management.Support\tests\ScenarioTests\SupportTicketTests.cs(187,66): error CS0518: Predefined type 'System.Object' is not defined or imported
C:\gh\azure-sdk-for-net\sdk\support\Microsoft.Azure.Management.Support\tests\ScenarioTests\SupportTicketTests.cs(190,25): error CS0518: Predefined type 'System.Object' is not defined or imported
C:\gh\azure-sdk-for-net\sdk\support\Microsoft.Azure.Management.Support\tests\ScenarioTests\SupportTicketTests.cs(190,25): error CS0103: The name 'Assert' does not exist in the current context
C:\gh\azure-sdk-for-net\sdk\support\Microsoft.Azure.Management.Support\tests\ScenarioTests\SupportTicketTests.cs(190,65): error CS0518: Predefined type 'System.Int32' is not defined or imported
C:\gh\azure-sdk-for-net\sdk\support\Microsoft.Azure.Management.Support\tests\ScenarioTests\SupportTicketTests.cs(190,37): error CS0518: Predefined type 'System.Boolean' is not defined or imported
C:\gh\azure-sdk-for-net\sdk\support\Microsoft.Azure.Management.Support\tests\ScenarioTests\CommunicationTests.cs(142,53): error CS0518: Predefined type 'System.Object' is not defined or imported
C:\gh\azure-sdk-for-net\sdk\support\Microsoft.Azure.Management.Support\tests\ScenarioTests\CommunicationTests.cs(142,53): error CS0518: Predefined type 'System.Void' is not defined or imported
C:\gh\azure-sdk-for-net\sdk\support\Microsoft.Azure.Management.Support\tests\ScenarioTests\CommunicationTests.cs(144,17): error CS0518: Predefined type 'System.String' is not defined or imported
C:\gh\azure-sdk-for-net\sdk\support\Microsoft.Azure.Management.Support\tests\ScenarioTests\CommunicationTests.cs(145,17): error CS0518: Predefined type 'System.String' is not defined or imported
C:\gh\azure-sdk-for-net\sdk\support\Microsoft.Azure.Management.Support\tests\ScenarioTests\CommunicationTests.cs(146,17): error CS0518: Predefined type 'System.String' is not defined or imported
C:\gh\azure-sdk-for-net\sdk\support\Microsoft.Azure.Management.Support\tests\ScenarioTests\CommunicationTests.cs(146,26): error CS0518: Predefined type 'System.String' is not defined or imported
C:\gh\azure-sdk-for-net\sdk\support\Microsoft.Azure.Management.Support\tests\ScenarioTests\CommunicationTests.cs(149,37): error CS0518: Predefined type 'System.Object' is not defined or imported
C:\gh\azure-sdk-for-net\sdk\support\Microsoft.Azure.Management.Support\tests\ScenarioTests\CommunicationTests.cs(149,37): error CS0103: The name 'TestUtilities' does not exist in the current context
C:\gh\azure-sdk-for-net\sdk\support\Microsoft.Azure.Management.Support\tests\ScenarioTests\CommunicationTests.cs(149,64): error CS0518: Predefined type 'System.String' is not defined or imported
C:\gh\azure-sdk-for-net\sdk\support\Microsoft.Azure.Management.Support\tests\ScenarioTests\CommunicationTests.cs(150,13): error CS0518: Predefined type 'System.Object' is not defined or imported
C:\gh\azure-sdk-for-net\sdk\support\Microsoft.Azure.Management.Support\tests\ScenarioTests\CommunicationTests.cs(150,13): error CS0103: The name 'Console' does not exist in the current context
C:\gh\azure-sdk-for-net\sdk\support\Microsoft.Azure.Management.Support\tests\ScenarioTests\CommunicationTests.cs(150,31): error CS0518: Predefined type 'System.String' is not defined or imported
C:\gh\azure-sdk-for-net\sdk\support\Microsoft.Azure.Management.Support\tests\ScenarioTests\CommunicationTests.cs(150,31): error CS0518: Predefined type 'System.Object' is not defined or imported
C:\gh\azure-sdk-for-net\sdk\support\Microsoft.Azure.Management.Support\tests\ScenarioTests\CommunicationTests.cs(150,31): error CS0518: Predefined type 'System.Int32' is not defined or imported
C:\gh\azure-sdk-for-net\sdk\support\Microsoft.Azure.Management.Support\tests\ScenarioTests\CommunicationTests.cs(152,40): error CS0518: Predefined type 'System.String' is not defined or imported
C:\gh\azure-sdk-for-net\sdk\support\Microsoft.Azure.Management.Support\tests\ScenarioTests\CommunicationTests.cs(13,18): error CS1729: 'object' does not contain a constructor that takes 0 arguments
C:\gh\azure-sdk-for-net\sdk\support\Microsoft.Azure.Management.Support\tests\ScenarioTests\SupportTicketTests.cs(199,13): error CS0518: Predefined type 'System.IDisposable' is not defined or imported
C:\gh\azure-sdk-for-net\sdk\support\Microsoft.Azure.Management.Support\tests\ScenarioTests\SupportTicketTests.cs(199,34): error CS0518: Predefined type 'System.Object' is not defined or imported
C:\gh\azure-sdk-for-net\sdk\support\Microsoft.Azure.Management.Support\tests\ScenarioTests\SupportTicketTests.cs(199,34): error CS0103: The name 'MockContext' does not exist in the current context
C:\gh\azure-sdk-for-net\sdk\support\Microsoft.Azure.Management.Support\tests\ScenarioTests\SupportTicketTests.cs(199,57): error CS0518: Predefined type 'System.Object' is not defined or imported
C:\gh\azure-sdk-for-net\sdk\support\Microsoft.Azure.Management.Support\tests\ScenarioTests\SupportTicketTests.cs(199,57): error CS1061: 'SupportTicketTests' does not contain a definition for 'GetType' and no accessible extension method 'GetType' accepting a first argument of type 'SupportTicketTests' could be found (are you missing a using directive or an assembly reference?)
C:\gh\azure-sdk-for-net\sdk\support\Microsoft.Azure.Management.Support\tests\ScenarioTests\SupportTicketTests.cs(201,17): error CS0518: Predefined type 'System.Object' is not defined or imported
C:\gh\azure-sdk-for-net\sdk\support\Microsoft.Azure.Management.Support\tests\ScenarioTests\SupportTicketTests.cs(201,17): error CS0246: The type or namespace name 'IPage<>' could not be found (are you missing a using directive or an assembly reference?)
C:\gh\azure-sdk-for-net\sdk\support\Microsoft.Azure.Management.Support\tests\ScenarioTests\SupportTicketTests.cs(201,23): error CS0518: Predefined type 'System.Object' is not defined or imported
C:\gh\azure-sdk-for-net\sdk\support\Microsoft.Azure.Management.Support\tests\ScenarioTests\SupportTicketTests.cs(202,17): error CS0518: Predefined type 'System.IDisposable' is not defined or imported
C:\gh\azure-sdk-for-net\sdk\support\Microsoft.Azure.Management.Support\tests\ScenarioTests\SupportTicketTests.cs(202,62): error CS0518: Predefined type 'System.Object' is not defined or imported
C:\gh\azure-sdk-for-net\sdk\support\Microsoft.Azure.Management.Support\tests\ScenarioTests\SupportTicketTests.cs(204,76): error CS0518: Predefined type 'System.String' is not defined or imported
C:\gh\azure-sdk-for-net\sdk\support\Microsoft.Azure.Management.Support\tests\ScenarioTests\SupportTicketTests.cs(208,25): error CS0518: Predefined type 'System.Object' is not defined or imported
C:\gh\azure-sdk-for-net\sdk\support\Microsoft.Azure.Management.Support\tests\ScenarioTests\SupportTicketTests.cs(208,25): error CS0103: The name 'Assert' does not exist in the current context
C:\gh\azure-sdk-for-net\sdk\support\Microsoft.Azure.Management.Support\tests\ScenarioTests\SupportTicketTests.cs(208,38): error CS0518: Predefined type 'System.String' is not defined or imported
C:\gh\azure-sdk-for-net\sdk\support\Microsoft.Azure.Management.Support\tests\ScenarioTests\SupportTicketTests.cs(208,82): error CS0518: Predefined type 'System.Boolean' is not defined or imported
C:\gh\azure-sdk-for-net\sdk\support\Microsoft.Azure.Management.Support\tests\ScenarioTests\SupportTicketTests.cs(212,22): error CS0518: Predefined type 'System.String' is not defined or imported
C:\gh\azure-sdk-for-net\sdk\support\Microsoft.Azure.Management.Support\tests\ScenarioTests\SupportTicketTests.cs(212,21): error CS0518: Predefined type 'System.Boolean' is not defined or imported
C:\gh\azure-sdk-for-net\sdk\support\Microsoft.Azure.Management.Support\tests\ScenarioTests\SupportTicketTests.cs(214,21): error CS0518: Predefined type 'System.IDisposable' is not defined or imported
C:\gh\azure-sdk-for-net\sdk\support\Microsoft.Azure.Management.Support\tests\ScenarioTests\SupportTicketTests.cs(214,66): error CS0518: Predefined type 'System.Object' is not defined or imported
C:\gh\azure-sdk-for-net\sdk\support\Microsoft.Azure.Management.Support\tests\ScenarioTests\SupportTicketTests.cs(220,29): error CS0518: Predefined type 'System.Object' is not defined or imported
C:\gh\azure-sdk-for-net\sdk\support\Microsoft.Azure.Management.Support\tests\ScenarioTests\SupportTicketTests.cs(220,29): error CS0103: The name 'Assert' does not exist in the current context
C:\gh\azure-sdk-for-net\sdk\support\Microsoft.Azure.Management.Support\tests\ScenarioTests\SupportTicketTests.cs(220,42): error CS0518: Predefined type 'System.String' is not defined or imported
C:\gh\azure-sdk-for-net\sdk\support\Microsoft.Azure.Management.Support\tests\ScenarioTests\SupportTicketTests.cs(220,86): error CS0518: Predefined type 'System.Boolean' is not defined or imported
C:\gh\azure-sdk-for-net\sdk\support\Microsoft.Azure.Management.Support\tests\ScenarioTests\SupportTicketTests.cs(230,13): error CS0518: Predefined type 'System.IDisposable' is not defined or imported
C:\gh\azure-sdk-for-net\sdk\support\Microsoft.Azure.Management.Support\tests\ScenarioTests\SupportTicketTests.cs(230,34): error CS0518: Predefined type 'System.Object' is not defined or imported
C:\gh\azure-sdk-for-net\sdk\support\Microsoft.Azure.Management.Support\tests\ScenarioTests\SupportTicketTests.cs(230,34): error CS0103: The name 'MockContext' does not exist in the current context
C:\gh\azure-sdk-for-net\sdk\support\Microsoft.Azure.Management.Support\tests\ScenarioTests\SupportTicketTests.cs(230,57): error CS0518: Predefined type 'System.Object' is not defined or imported
C:\gh\azure-sdk-for-net\sdk\support\Microsoft.Azure.Management.Support\tests\ScenarioTests\SupportTicketTests.cs(230,57): error CS1061: 'SupportTicketTests' does not contain a definition for 'GetType' and no accessible extension method 'GetType' accepting a first argument of type 'SupportTicketTests' could be found (are you missing a using directive or an assembly reference?)
C:\gh\azure-sdk-for-net\sdk\support\Microsoft.Azure.Management.Support\tests\ScenarioTests\SupportTicketTests.cs(232,17): error CS0518: Predefined type 'System.Object' is not defined or imported
C:\gh\azure-sdk-for-net\sdk\support\Microsoft.Azure.Management.Support\tests\ScenarioTests\SupportTicketTests.cs(232,17): error CS0246: The type or namespace name 'IPage<>' could not be found (are you missing a using directive or an assembly reference?)
C:\gh\azure-sdk-for-net\sdk\support\Microsoft.Azure.Management.Support\tests\ScenarioTests\SupportTicketTests.cs(232,23): error CS0518: Predefined type 'System.Object' is not defined or imported
C:\gh\azure-sdk-for-net\sdk\support\Microsoft.Azure.Management.Support\tests\ScenarioTests\SupportTicketTests.cs(233,17): error CS0518: Predefined type 'System.IDisposable' is not defined or imported
C:\gh\azure-sdk-for-net\sdk\support\Microsoft.Azure.Management.Support\tests\ScenarioTests\SupportTicketTests.cs(233,62): error CS0518: Predefined type 'System.Object' is not defined or imported
C:\gh\azure-sdk-for-net\sdk\support\Microsoft.Azure.Management.Support\tests\ScenarioTests\SupportTicketTests.cs(235,73): error CS0518: Predefined type 'System.Int32' is not defined or imported
C:\gh\azure-sdk-for-net\sdk\support\Microsoft.Azure.Management.Support\tests\ScenarioTests\SupportTicketTests.cs(236,21): error CS0518: Predefined type 'System.Object' is not defined or imported
C:\gh\azure-sdk-for-net\sdk\support\Microsoft.Azure.Management.Support\tests\ScenarioTests\SupportTicketTests.cs(236,21): error CS0103: The name 'Assert' does not exist in the current context
C:\gh\azure-sdk-for-net\sdk\support\Microsoft.Azure.Management.Support\tests\ScenarioTests\SupportTicketTests.cs(236,62): error CS0518: Predefined type 'System.Int32' is not defined or imported
C:\gh\azure-sdk-for-net\sdk\support\Microsoft.Azure.Management.Support\tests\ScenarioTests\SupportTicketTests.cs(236,33): error CS0518: Predefined type 'System.Boolean' is not defined or imported
C:\gh\azure-sdk-for-net\sdk\support\Microsoft.Azure.Management.Support\tests\ScenarioTests\SupportTicketTests.cs(239,22): error CS0518: Predefined type 'System.String' is not defined or imported
C:\gh\azure-sdk-for-net\sdk\support\Microsoft.Azure.Management.Support\tests\ScenarioTests\SupportTicketTests.cs(239,21): error CS0518: Predefined type 'System.Boolean' is not defined or imported
C:\gh\azure-sdk-for-net\sdk\support\Microsoft.Azure.Management.Support\tests\ScenarioTests\SupportTicketTests.cs(241,21): error CS0518: Predefined type 'System.IDisposable' is not defined or imported
C:\gh\azure-sdk-for-net\sdk\support\Microsoft.Azure.Management.Support\tests\ScenarioTests\SupportTicketTests.cs(241,66): error CS0518: Predefined type 'System.Object' is not defined or imported
C:\gh\azure-sdk-for-net\sdk\support\Microsoft.Azure.Management.Support\tests\ScenarioTests\SupportTicketTests.cs(244,25): error CS0518: Predefined type 'System.Object' is not defined or imported
C:\gh\azure-sdk-for-net\sdk\support\Microsoft.Azure.Management.Support\tests\ScenarioTests\SupportTicketTests.cs(244,25): error CS0103: The name 'Assert' does not exist in the current context
C:\gh\azure-sdk-for-net\sdk\support\Microsoft.Azure.Management.Support\tests\ScenarioTests\SupportTicketTests.cs(244,66): error CS0518: Predefined type 'System.Int32' is not defined or imported
C:\gh\azure-sdk-for-net\sdk\support\Microsoft.Azure.Management.Support\tests\ScenarioTests\SupportTicketTests.cs(244,37): error CS0518: Predefined type 'System.Boolean' is not defined or imported
C:\gh\azure-sdk-for-net\sdk\support\Microsoft.Azure.Management.Support\tests\ScenarioTests\SupportTicketTests.cs(253,13): error CS0518: Predefined type 'System.IDisposable' is not defined or imported
C:\gh\azure-sdk-for-net\sdk\support\Microsoft.Azure.Management.Support\tests\ScenarioTests\SupportTicketTests.cs(253,34): error CS0518: Predefined type 'System.Object' is not defined or imported
C:\gh\azure-sdk-for-net\sdk\support\Microsoft.Azure.Management.Support\tests\ScenarioTests\SupportTicketTests.cs(253,34): error CS0103: The name 'MockContext' does not exist in the current context
C:\gh\azure-sdk-for-net\sdk\support\Microsoft.Azure.Management.Support\tests\ScenarioTests\SupportTicketTests.cs(253,57): error CS0518: Predefined type 'System.Object' is not defined or imported
C:\gh\azure-sdk-for-net\sdk\support\Microsoft.Azure.Management.Support\tests\ScenarioTests\SupportTicketTests.cs(253,57): error CS1061: 'SupportTicketTests' does not contain a definition for 'GetType' and no accessible extension method 'GetType' accepting a first argument of type 'SupportTicketTests' could be found (are you missing a using directive or an assembly reference?)
C:\gh\azure-sdk-for-net\sdk\support\Microsoft.Azure.Management.Support\tests\ScenarioTests\SupportTicketTests.cs(255,17): error CS0518: Predefined type 'System.Object' is not defined or imported
C:\gh\azure-sdk-for-net\sdk\support\Microsoft.Azure.Management.Support\tests\ScenarioTests\SupportTicketTests.cs(255,17): error CS0246: The type or namespace name 'IPage<>' could not be found (are you missing a using directive or an assembly reference?)
C:\gh\azure-sdk-for-net\sdk\support\Microsoft.Azure.Management.Support\tests\ScenarioTests\SupportTicketTests.cs(255,23): error CS0518: Predefined type 'System.Object' is not defined or imported
C:\gh\azure-sdk-for-net\sdk\support\Microsoft.Azure.Management.Support\tests\ScenarioTests\SupportTicketTests.cs(256,17): error CS0518: Predefined type 'System.IDisposable' is not defined or imported
C:\gh\azure-sdk-for-net\sdk\support\Microsoft.Azure.Management.Support\tests\ScenarioTests\SupportTicketTests.cs(256,62): error CS0518: Predefined type 'System.Object' is not defined or imported
C:\gh\azure-sdk-for-net\sdk\support\Microsoft.Azure.Management.Support\tests\ScenarioTests\SupportTicketTests.cs(260,21): error CS0518: Predefined type 'System.Object' is not defined or imported
C:\gh\azure-sdk-for-net\sdk\support\Microsoft.Azure.Management.Support\tests\ScenarioTests\SupportTicketTests.cs(260,21): error CS0103: The name 'Assert' does not exist in the current context
C:\gh\azure-sdk-for-net\sdk\support\Microsoft.Azure.Management.Support\tests\ScenarioTests\SupportTicketTests.cs(260,34): error CS0518: Predefined type 'System.String' is not defined or imported
C:\gh\azure-sdk-for-net\sdk\support\Microsoft.Azure.Management.Support\tests\ScenarioTests\SupportTicketTests.cs(261,21): error CS0518: Predefined type 'System.Object' is not defined or imported
C:\gh\azure-sdk-for-net\sdk\support\Microsoft.Azure.Management.Support\tests\ScenarioTests\SupportTicketTests.cs(261,21): error CS0103: The name 'Assert' does not exist in the current context
C:\gh\azure-sdk-for-net\sdk\support\Microsoft.Azure.Management.Support\tests\ScenarioTests\SupportTicketTests.cs(261,34): error CS0518: Predefined type 'System.String' is not defined or imported
C:\gh\azure-sdk-for-net\sdk\support\Microsoft.Azure.Management.Support\tests\ScenarioTests\SupportTicketTests.cs(261,102): error CS0518: Predefined type 'System.Boolean' is not defined or imported
C:\gh\azure-sdk-for-net\sdk\support\Microsoft.Azure.Management.Support\tests\ScenarioTests\SupportTicketTests.cs(262,21): error CS0518: Predefined type 'System.Object' is not defined or imported
C:\gh\azure-sdk-for-net\sdk\support\Microsoft.Azure.Management.Support\tests\ScenarioTests\SupportTicketTests.cs(262,21): error CS0103: The name 'Assert' does not exist in the current context
C:\gh\azure-sdk-for-net\sdk\support\Microsoft.Azure.Management.Support\tests\ScenarioTests\SupportTicketTests.cs(262,34): error CS0518: Predefined type 'System.String' is not defined or imported
C:\gh\azure-sdk-for-net\sdk\support\Microsoft.Azure.Management.Support\tests\ScenarioTests\SupportTicketTests.cs(14,18): error CS1729: 'object' does not contain a constructor that takes 0 arguments
C:\gh\azure-sdk-for-net\sdk\support\Microsoft.Azure.Management.Support\tests\ScenarioTests\CheckNameAvailabilityTests.cs(5,1): hidden CS8019: Unnecessary using directive.
C:\gh\azure-sdk-for-net\sdk\support\Microsoft.Azure.Management.Support\tests\ScenarioTests\ServiceTests.cs(6,1): hidden CS8019: Unnecessary using directive.
C:\gh\azure-sdk-for-net\sdk\support\Microsoft.Azure.Management.Support\tests\ScenarioTests\CommunicationTests.cs(8,1): hidden CS8019: Unnecessary using directive.
C:\gh\azure-sdk-for-net\sdk\support\Microsoft.Azure.Management.Support\tests\Helpers\RecordedDelegatingHandler.cs(6,1): hidden CS8019: Unnecessary using directive.
C:\gh\azure-sdk-for-net\sdk\support\Microsoft.Azure.Management.Support\tests\ScenarioTests\CheckNameAvailabilityTests.cs(6,1): hidden CS8019: Unnecessary using directive.
C:\gh\azure-sdk-for-net\sdk\support\Microsoft.Azure.Management.Support\tests\ScenarioTests\OperationsTests.cs(6,1): hidden CS8019: Unnecessary using directive.
C:\gh\azure-sdk-for-net\sdk\support\Microsoft.Azure.Management.Support\tests\Helpers\RecordedDelegatingHandler.cs(4,1): hidden CS8019: Unnecessary using directive.
C:\gh\azure-sdk-for-net\eng\mgmt\DisableTestRunParallel.cs(5,1): hidden CS8019: Unnecessary using directive.
C:\gh\azure-sdk-for-net\sdk\support\Microsoft.Azure.Management.Support\tests\Helpers\RecordedDelegatingHandler.cs(7,1): hidden CS8019: Unnecessary using directive.
C:\gh\azure-sdk-for-net\sdk\support\Microsoft.Azure.Management.Support\tests\ScenarioTests\SupportTicketTests.cs(6,1): hidden CS8019: Unnecessary using directive.
C:\gh\azure-sdk-for-net\sdk\support\Microsoft.Azure.Management.Support\tests\ScenarioTests\SupportTicketTests.cs(7,1): hidden CS8019: Unnecessary using directive.
C:\gh\azure-sdk-for-net\eng\mgmt\DisableTestRunParallel.cs(4,1): hidden CS8019: Unnecessary using directive.
C:\gh\azure-sdk-for-net\sdk\support\Microsoft.Azure.Management.Support\tests\Properties\AssemblyInfo.cs(5,1): hidden CS8019: Unnecessary using directive.
C:\gh\azure-sdk-for-net\sdk\support\Microsoft.Azure.Management.Support\tests\Properties\AssemblyInfo.cs(4,1): hidden CS8019: Unnecessary using directive.
C:\gh\azure-sdk-for-net\sdk\support\Microsoft.Azure.Management.Support\tests\ScenarioTests\SupportTicketTests.cs(9,1): hidden CS8019: Unnecessary using directive.
C:\gh\azure-sdk-for-net\sdk\support\Microsoft.Azure.Management.Support\tests\ScenarioTests\ProblemClassificationTests.cs(6,1): hidden CS8019: Unnecessary using directive.
C:\gh\azure-sdk-for-net\sdk\support\Microsoft.Azure.Management.Support\tests\ScenarioTests\OperationsTests.cs(5,1): hidden CS8019: Unnecessary using directive.
C:\gh\azure-sdk-for-net\sdk\support\Microsoft.Azure.Management.Support\tests\ScenarioTests\ProblemClassificationTests.cs(4,1): hidden CS8019: Unnecessary using directive.
C:\gh\azure-sdk-for-net\artifacts\obj\Microsoft.Azure.Management.Support.Tests\Debug\netcoreapp2.0\.NETCoreApp,Version=v2.0.AssemblyAttributes.cs(2,1): hidden CS8019: Unnecessary using directive.
C:\gh\azure-sdk-for-net\sdk\support\Microsoft.Azure.Management.Support\tests\Helpers\RecordedDelegatingHandler.cs(5,1): hidden CS8019: Unnecessary using directive.
C:\gh\azure-sdk-for-net\sdk\support\Microsoft.Azure.Management.Support\tests\Properties\AssemblyInfo.cs(6,1): hidden CS8019: Unnecessary using directive.
C:\gh\azure-sdk-for-net\sdk\support\Microsoft.Azure.Management.Support\tests\Helpers\RecordedDelegatingHandler.cs(8,1): hidden CS8019: Unnecessary using directive.
C:\gh\azure-sdk-for-net\artifacts\obj\Microsoft.Azure.Management.Support.Tests\Debug\netcoreapp2.0\Microsoft.Azure.Management.Support.Tests.AssemblyInfo.cs(11,1): hidden CS8019: Unnecessary using directive.
C:\gh\azure-sdk-for-net\sdk\support\Microsoft.Azure.Management.Support\tests\Helpers\Util.cs(4,1): hidden CS8019: Unnecessary using directive.
C:\gh\azure-sdk-for-net\sdk\support\Microsoft.Azure.Management.Support\tests\ScenarioTests\SupportTicketTests.cs(5,1): hidden CS8019: Unnecessary using directive.
C:\gh\azure-sdk-for-net\sdk\support\Microsoft.Azure.Management.Support\tests\ScenarioTests\SupportTicketTests.cs(8,1): hidden CS8019: Unnecessary using directive.
C:\gh\azure-sdk-for-net\artifacts\obj\Microsoft.Azure.Management.Support.Tests\Debug\netcoreapp2.0\.NETCoreApp,Version=v2.0.AssemblyAttributes.cs(3,1): hidden CS8019: Unnecessary using directive.
C:\gh\azure-sdk-for-net\sdk\support\Microsoft.Azure.Management.Support\tests\ScenarioTests\ServiceTests.cs(7,1): hidden CS8019: Unnecessary using directive.
C:\gh\azure-sdk-for-net\sdk\support\Microsoft.Azure.Management.Support\tests\ScenarioTests\CommunicationTests.cs(6,1): hidden CS8019: Unnecessary using directive.
C:\gh\azure-sdk-for-net\sdk\support\Microsoft.Azure.Management.Support\tests\ScenarioTests\CommunicationTests.cs(7,1): hidden CS8019: Unnecessary using directive.
C:\gh\azure-sdk-for-net\sdk\support\Microsoft.Azure.Management.Support\tests\ScenarioTests\CommunicationTests.cs(9,1): hidden CS8019: Unnecessary using directive.
C:\gh\azure-sdk-for-net\sdk\support\Microsoft.Azure.Management.Support\tests\ScenarioTests\ServiceTests.cs(4,1): hidden CS8019: Unnecessary using directive.
C:\gh\azure-sdk-for-net\sdk\support\Microsoft.Azure.Management.Support\tests\ScenarioTests\ProblemClassificationTests.cs(5,1): hidden CS8019: Unnecessary using directive.
C:\gh\azure-sdk-for-net\sdk\support\Microsoft.Azure.Management.Support\tests\ScenarioTests\CheckNameAvailabilityTests.cs(4,1): hidden CS8019: Unnecessary using directive.
C:\gh\azure-sdk-for-net\sdk\support\Microsoft.Azure.Management.Support\tests\Properties\AssemblyInfo.cs(7,1): hidden CS8019: Unnecessary using directive.
C:\gh\azure-sdk-for-net\sdk\support\Microsoft.Azure.Management.Support\tests\ScenarioTests\OperationsTests.cs(1,1): hidden CS8019: Unnecessary using directive.
C:\gh\azure-sdk-for-net\artifacts\obj\Microsoft.Azure.Management.Support.Tests\Debug\netcoreapp2.0\Microsoft.Azure.Management.Support.Tests.AssemblyInfo.cs(12,1): hidden CS8019: Unnecessary using directive.
C:\gh\azure-sdk-for-net\sdk\support\Microsoft.Azure.Management.Support\tests\ScenarioTests\ServiceTests.cs(5,1): hidden CS8019: Unnecessary using directive.
C:\gh\azure-sdk-for-net\sdk\support\Microsoft.Azure.Management.Support\tests\ScenarioTests\SupportTicketTests.cs(10,1): hidden CS8019: Unnecessary using directive.
