C:\gh\azure-sdk-for-net\sdk\containerinstance\Microsoft.Azure.Management.ContainerInstance\tests\Tests\ContainerInstanceTests.cs(16,43): error CS0246: The type or namespace name 'TestBase' could not be found (are you missing a using directive or an assembly reference?)
C:\gh\azure-sdk-for-net\sdk\containerinstance\Microsoft.Azure.Management.ContainerInstance\tests\Helpers\RecordedDelegatingHandler.cs(16,9): error CS0518: Predefined type 'System.Void' is not defined or imported
C:\gh\azure-sdk-for-net\sdk\containerinstance\Microsoft.Azure.Management.ContainerInstance\tests\Helpers\RecordedDelegatingHandler.cs(12,46): error CS0246: The type or namespace name 'DelegatingHandler' could not be found (are you missing a using directive or an assembly reference?)
C:\gh\azure-sdk-for-net\sdk\containerinstance\Microsoft.Azure.Management.ContainerInstance\tests\Helpers\RecordedDelegatingHandler.cs(22,42): error CS0518: Predefined type 'System.Object' is not defined or imported
C:\gh\azure-sdk-for-net\sdk\containerinstance\Microsoft.Azure.Management.ContainerInstance\tests\Helpers\RecordedDelegatingHandler.cs(22,42): error CS0246: The type or namespace name 'HttpResponseMessage' could not be found (are you missing a using directive or an assembly reference?)
C:\gh\azure-sdk-for-net\sdk\containerinstance\Microsoft.Azure.Management.ContainerInstance\tests\Helpers\RecordedDelegatingHandler.cs(22,9): error CS0518: Predefined type 'System.Void' is not defined or imported
C:\gh\azure-sdk-for-net\sdk\containerinstance\Microsoft.Azure.Management.ContainerInstance\tests\Helpers\RecordedDelegatingHandler.cs(47,70): error CS0518: Predefined type 'System.Object' is not defined or imported
C:\gh\azure-sdk-for-net\sdk\containerinstance\Microsoft.Azure.Management.ContainerInstance\tests\Helpers\RecordedDelegatingHandler.cs(47,70): error CS0246: The type or namespace name 'HttpRequestMessage' could not be found (are you missing a using directive or an assembly reference?)
C:\gh\azure-sdk-for-net\sdk\containerinstance\Microsoft.Azure.Management.ContainerInstance\tests\Helpers\RecordedDelegatingHandler.cs(47,98): error CS0518: Predefined type 'System.Object' is not defined or imported
C:\gh\azure-sdk-for-net\sdk\containerinstance\Microsoft.Azure.Management.ContainerInstance\tests\Helpers\RecordedDelegatingHandler.cs(47,98): error CS0246: The type or namespace name 'System' could not be found (are you missing a using directive or an assembly reference?)
C:\gh\azure-sdk-for-net\sdk\containerinstance\Microsoft.Azure.Management.ContainerInstance\tests\Helpers\RecordedDelegatingHandler.cs(47,34): error CS0518: Predefined type 'System.Object' is not defined or imported
C:\gh\azure-sdk-for-net\sdk\containerinstance\Microsoft.Azure.Management.ContainerInstance\tests\Helpers\RecordedDelegatingHandler.cs(47,34): error CS0246: The type or namespace name 'Task<>' could not be found (are you missing a using directive or an assembly reference?)
C:\gh\azure-sdk-for-net\sdk\containerinstance\Microsoft.Azure.Management.ContainerInstance\tests\Helpers\RecordedDelegatingHandler.cs(47,39): error CS0518: Predefined type 'System.Object' is not defined or imported
C:\gh\azure-sdk-for-net\sdk\containerinstance\Microsoft.Azure.Management.ContainerInstance\tests\Helpers\RecordedDelegatingHandler.cs(47,39): error CS0246: The type or namespace name 'HttpResponseMessage' could not be found (are you missing a using directive or an assembly reference?)
C:\gh\azure-sdk-for-net\sdk\containerinstance\Microsoft.Azure.Management.ContainerInstance\tests\Helpers\ContainerInstanceTestUtilities.cs(103,59): error CS0518: Predefined type 'System.Object' is not defined or imported
C:\gh\azure-sdk-for-net\sdk\containerinstance\Microsoft.Azure.Management.ContainerInstance\tests\Helpers\ContainerInstanceTestUtilities.cs(103,84): error CS0518: Predefined type 'System.Object' is not defined or imported
C:\gh\azure-sdk-for-net\sdk\containerinstance\Microsoft.Azure.Management.ContainerInstance\tests\Helpers\ContainerInstanceTestUtilities.cs(103,23): error CS0518: Predefined type 'System.Void' is not defined or imported
C:\gh\azure-sdk-for-net\sdk\containerinstance\Microsoft.Azure.Management.ContainerInstance\tests\Helpers\RecordedDelegatingHandler.cs(45,17): error CS0518: Predefined type 'System.Int32' is not defined or imported
C:\gh\azure-sdk-for-net\sdk\containerinstance\Microsoft.Azure.Management.ContainerInstance\tests\Helpers\ContainerInstanceTestUtilities.cs(23,94): error CS0518: Predefined type 'System.Object' is not defined or imported
C:\gh\azure-sdk-for-net\sdk\containerinstance\Microsoft.Azure.Management.ContainerInstance\tests\Helpers\ContainerInstanceTestUtilities.cs(23,94): error CS0246: The type or namespace name 'MockContext' could not be found (are you missing a using directive or an assembly reference?)
C:\gh\azure-sdk-for-net\sdk\containerinstance\Microsoft.Azure.Management.ContainerInstance\tests\Helpers\ContainerInstanceTestUtilities.cs(23,115): error CS0518: Predefined type 'System.Object' is not defined or imported
C:\gh\azure-sdk-for-net\sdk\containerinstance\Microsoft.Azure.Management.ContainerInstance\tests\Helpers\ContainerInstanceTestUtilities.cs(23,23): error CS0518: Predefined type 'System.Object' is not defined or imported
C:\gh\azure-sdk-for-net\sdk\containerinstance\Microsoft.Azure.Management.ContainerInstance\tests\Helpers\RecordedDelegatingHandler.cs(14,17): error CS0518: Predefined type 'System.Object' is not defined or imported
C:\gh\azure-sdk-for-net\sdk\containerinstance\Microsoft.Azure.Management.ContainerInstance\tests\Helpers\RecordedDelegatingHandler.cs(14,17): error CS0246: The type or namespace name 'HttpResponseMessage' could not be found (are you missing a using directive or an assembly reference?)
C:\gh\azure-sdk-for-net\sdk\containerinstance\Microsoft.Azure.Management.ContainerInstance\tests\Helpers\ContainerInstanceTestUtilities.cs(16,76): error CS0518: Predefined type 'System.Object' is not defined or imported
C:\gh\azure-sdk-for-net\sdk\containerinstance\Microsoft.Azure.Management.ContainerInstance\tests\Helpers\ContainerInstanceTestUtilities.cs(16,76): error CS0246: The type or namespace name 'MockContext' could not be found (are you missing a using directive or an assembly reference?)
C:\gh\azure-sdk-for-net\sdk\containerinstance\Microsoft.Azure.Management.ContainerInstance\tests\Helpers\ContainerInstanceTestUtilities.cs(16,97): error CS0518: Predefined type 'System.Object' is not defined or imported
C:\gh\azure-sdk-for-net\sdk\containerinstance\Microsoft.Azure.Management.ContainerInstance\tests\Helpers\ContainerInstanceTestUtilities.cs(16,23): error CS0518: Predefined type 'System.Object' is not defined or imported
C:\gh\azure-sdk-for-net\sdk\containerinstance\Microsoft.Azure.Management.ContainerInstance\tests\Helpers\ContainerInstanceTestUtilities.cs(16,23): error CS0246: The type or namespace name 'ResourceManagementClient' could not be found (are you missing a using directive or an assembly reference?)
C:\gh\azure-sdk-for-net\sdk\containerinstance\Microsoft.Azure.Management.ContainerInstance\tests\Helpers\ContainerInstanceTestUtilities.cs(30,57): error CS0518: Predefined type 'System.Object' is not defined or imported
C:\gh\azure-sdk-for-net\sdk\containerinstance\Microsoft.Azure.Management.ContainerInstance\tests\Helpers\ContainerInstanceTestUtilities.cs(30,57): error CS0246: The type or namespace name 'ResourceManagementClient' could not be found (are you missing a using directive or an assembly reference?)
C:\gh\azure-sdk-for-net\sdk\containerinstance\Microsoft.Azure.Management.ContainerInstance\tests\Helpers\ContainerInstanceTestUtilities.cs(30,23): error CS0518: Predefined type 'System.Object' is not defined or imported
C:\gh\azure-sdk-for-net\sdk\containerinstance\Microsoft.Azure.Management.ContainerInstance\tests\Helpers\ContainerInstanceTestUtilities.cs(30,23): error CS0246: The type or namespace name 'ResourceGroup' could not be found (are you missing a using directive or an assembly reference?)
C:\gh\azure-sdk-for-net\sdk\containerinstance\Microsoft.Azure.Management.ContainerInstance\tests\Tests\ContainerInstanceTests.cs(138,16): error CS0518: Predefined type 'System.Void' is not defined or imported
C:\gh\azure-sdk-for-net\sdk\containerinstance\Microsoft.Azure.Management.ContainerInstance\tests\Helpers\ContainerInstanceTestUtilities.cs(40,63): error CS0518: Predefined type 'System.String' is not defined or imported
C:\gh\azure-sdk-for-net\sdk\containerinstance\Microsoft.Azure.Management.ContainerInstance\tests\Helpers\ContainerInstanceTestUtilities.cs(40,90): error CS0518: Predefined type 'System.Boolean' is not defined or imported
C:\gh\azure-sdk-for-net\sdk\containerinstance\Microsoft.Azure.Management.ContainerInstance\tests\Helpers\ContainerInstanceTestUtilities.cs(40,23): error CS0518: Predefined type 'System.Object' is not defined or imported
C:\gh\azure-sdk-for-net\sdk\containerinstance\Microsoft.Azure.Management.ContainerInstance\tests\Tests\ContainerInstanceTests.cs(104,16): error CS0518: Predefined type 'System.Void' is not defined or imported
C:\gh\azure-sdk-for-net\sdk\containerinstance\Microsoft.Azure.Management.ContainerInstance\tests\Tests\ContainerInstanceTests.cs(76,16): error CS0518: Predefined type 'System.Void' is not defined or imported
C:\gh\azure-sdk-for-net\sdk\containerinstance\Microsoft.Azure.Management.ContainerInstance\tests\Tests\ContainerInstanceTests.cs(47,16): error CS0518: Predefined type 'System.Void' is not defined or imported
C:\gh\azure-sdk-for-net\sdk\containerinstance\Microsoft.Azure.Management.ContainerInstance\tests\Tests\ContainerInstanceTests.cs(22,16): error CS0518: Predefined type 'System.Void' is not defined or imported
C:\gh\azure-sdk-for-net\sdk\containerinstance\Microsoft.Azure.Management.ContainerInstance\tests\Properties\AssemblyInfo.cs(12,12): error CS0246: The type or namespace name 'AssemblyTitleAttribute' could not be found (are you missing a using directive or an assembly reference?)
C:\gh\azure-sdk-for-net\sdk\containerinstance\Microsoft.Azure.Management.ContainerInstance\tests\Properties\AssemblyInfo.cs(12,12): error CS0246: The type or namespace name 'AssemblyTitle' could not be found (are you missing a using directive or an assembly reference?)
C:\gh\azure-sdk-for-net\sdk\containerinstance\Microsoft.Azure.Management.ContainerInstance\tests\Properties\AssemblyInfo.cs(13,12): error CS0246: The type or namespace name 'AssemblyDescriptionAttribute' could not be found (are you missing a using directive or an assembly reference?)
C:\gh\azure-sdk-for-net\sdk\containerinstance\Microsoft.Azure.Management.ContainerInstance\tests\Properties\AssemblyInfo.cs(13,12): error CS0246: The type or namespace name 'AssemblyDescription' could not be found (are you missing a using directive or an assembly reference?)
C:\gh\azure-sdk-for-net\sdk\containerinstance\Microsoft.Azure.Management.ContainerInstance\tests\Properties\AssemblyInfo.cs(14,12): error CS0246: The type or namespace name 'AssemblyConfigurationAttribute' could not be found (are you missing a using directive or an assembly reference?)
C:\gh\azure-sdk-for-net\sdk\containerinstance\Microsoft.Azure.Management.ContainerInstance\tests\Properties\AssemblyInfo.cs(14,12): error CS0246: The type or namespace name 'AssemblyConfiguration' could not be found (are you missing a using directive or an assembly reference?)
C:\gh\azure-sdk-for-net\sdk\containerinstance\Microsoft.Azure.Management.ContainerInstance\tests\Properties\AssemblyInfo.cs(15,12): error CS0246: The type or namespace name 'AssemblyCompanyAttribute' could not be found (are you missing a using directive or an assembly reference?)
C:\gh\azure-sdk-for-net\sdk\containerinstance\Microsoft.Azure.Management.ContainerInstance\tests\Properties\AssemblyInfo.cs(15,12): error CS0246: The type or namespace name 'AssemblyCompany' could not be found (are you missing a using directive or an assembly reference?)
C:\gh\azure-sdk-for-net\sdk\containerinstance\Microsoft.Azure.Management.ContainerInstance\tests\Properties\AssemblyInfo.cs(16,12): error CS0246: The type or namespace name 'AssemblyProductAttribute' could not be found (are you missing a using directive or an assembly reference?)
C:\gh\azure-sdk-for-net\sdk\containerinstance\Microsoft.Azure.Management.ContainerInstance\tests\Properties\AssemblyInfo.cs(16,12): error CS0246: The type or namespace name 'AssemblyProduct' could not be found (are you missing a using directive or an assembly reference?)
C:\gh\azure-sdk-for-net\sdk\containerinstance\Microsoft.Azure.Management.ContainerInstance\tests\Properties\AssemblyInfo.cs(17,12): error CS0246: The type or namespace name 'AssemblyCopyrightAttribute' could not be found (are you missing a using directive or an assembly reference?)
C:\gh\azure-sdk-for-net\sdk\containerinstance\Microsoft.Azure.Management.ContainerInstance\tests\Properties\AssemblyInfo.cs(17,12): error CS0246: The type or namespace name 'AssemblyCopyright' could not be found (are you missing a using directive or an assembly reference?)
C:\gh\azure-sdk-for-net\sdk\containerinstance\Microsoft.Azure.Management.ContainerInstance\tests\Properties\AssemblyInfo.cs(18,12): error CS0246: The type or namespace name 'AssemblyTrademarkAttribute' could not be found (are you missing a using directive or an assembly reference?)
C:\gh\azure-sdk-for-net\sdk\containerinstance\Microsoft.Azure.Management.ContainerInstance\tests\Properties\AssemblyInfo.cs(18,12): error CS0246: The type or namespace name 'AssemblyTrademark' could not be found (are you missing a using directive or an assembly reference?)
C:\gh\azure-sdk-for-net\sdk\containerinstance\Microsoft.Azure.Management.ContainerInstance\tests\Properties\AssemblyInfo.cs(19,12): error CS0246: The type or namespace name 'AssemblyCultureAttribute' could not be found (are you missing a using directive or an assembly reference?)
C:\gh\azure-sdk-for-net\sdk\containerinstance\Microsoft.Azure.Management.ContainerInstance\tests\Properties\AssemblyInfo.cs(19,12): error CS0246: The type or namespace name 'AssemblyCulture' could not be found (are you missing a using directive or an assembly reference?)
C:\gh\azure-sdk-for-net\sdk\containerinstance\Microsoft.Azure.Management.ContainerInstance\tests\Properties\AssemblyInfo.cs(22,12): error CS0246: The type or namespace name 'GuidAttribute' could not be found (are you missing a using directive or an assembly reference?)
C:\gh\azure-sdk-for-net\sdk\containerinstance\Microsoft.Azure.Management.ContainerInstance\tests\Properties\AssemblyInfo.cs(22,12): error CS0246: The type or namespace name 'Guid' could not be found (are you missing a using directive or an assembly reference?)
C:\gh\azure-sdk-for-net\sdk\containerinstance\Microsoft.Azure.Management.ContainerInstance\tests\Properties\AssemblyInfo.cs(23,12): error CS0246: The type or namespace name 'AssemblyVersionAttribute' could not be found (are you missing a using directive or an assembly reference?)
C:\gh\azure-sdk-for-net\sdk\containerinstance\Microsoft.Azure.Management.ContainerInstance\tests\Properties\AssemblyInfo.cs(23,12): error CS0246: The type or namespace name 'AssemblyVersion' could not be found (are you missing a using directive or an assembly reference?)
C:\gh\azure-sdk-for-net\sdk\containerinstance\Microsoft.Azure.Management.ContainerInstance\tests\Properties\AssemblyInfo.cs(24,12): error CS0246: The type or namespace name 'AssemblyFileVersionAttribute' could not be found (are you missing a using directive or an assembly reference?)
C:\gh\azure-sdk-for-net\sdk\containerinstance\Microsoft.Azure.Management.ContainerInstance\tests\Properties\AssemblyInfo.cs(24,12): error CS0246: The type or namespace name 'AssemblyFileVersion' could not be found (are you missing a using directive or an assembly reference?)
C:\gh\azure-sdk-for-net\eng\mgmt\DisableTestRunParallel.cs(7,12): error CS0246: The type or namespace name 'CollectionBehaviorAttribute' could not be found (are you missing a using directive or an assembly reference?)
C:\gh\azure-sdk-for-net\eng\mgmt\DisableTestRunParallel.cs(7,12): error CS0246: The type or namespace name 'CollectionBehavior' could not be found (are you missing a using directive or an assembly reference?)
C:\gh\azure-sdk-for-net\artifacts\obj\Microsoft.Azure.Management.ContainerInstance.Tests\Debug\netcoreapp2.0\.NETCoreApp,Version=v2.0.AssemblyAttributes.cs(4,20): error CS0400: The type or namespace name 'System' could not be found in the global namespace (are you missing an assembly reference?)
C:\gh\azure-sdk-for-net\artifacts\obj\Microsoft.Azure.Management.ContainerInstance.Tests\Debug\netcoreapp2.0\Microsoft.Azure.Management.ContainerInstance.Tests.AssemblyInfo.cs(14,12): error CS0246: The type or namespace name 'System' could not be found (are you missing a using directive or an assembly reference?)
C:\gh\azure-sdk-for-net\artifacts\obj\Microsoft.Azure.Management.ContainerInstance.Tests\Debug\netcoreapp2.0\Microsoft.Azure.Management.ContainerInstance.Tests.AssemblyInfo.cs(16,12): error CS0246: The type or namespace name 'System' could not be found (are you missing a using directive or an assembly reference?)
C:\gh\azure-sdk-for-net\artifacts\obj\Microsoft.Azure.Management.ContainerInstance.Tests\Debug\netcoreapp2.0\Microsoft.Azure.Management.ContainerInstance.Tests.AssemblyInfo.cs(17,12): error CS0246: The type or namespace name 'System' could not be found (are you missing a using directive or an assembly reference?)
C:\gh\azure-sdk-for-net\sdk\containerinstance\Microsoft.Azure.Management.ContainerInstance\tests\Properties\AssemblyInfo.cs(12,26): error CS0518: Predefined type 'System.String' is not defined or imported
C:\gh\azure-sdk-for-net\sdk\containerinstance\Microsoft.Azure.Management.ContainerInstance\tests\Properties\AssemblyInfo.cs(13,32): error CS0518: Predefined type 'System.String' is not defined or imported
C:\gh\azure-sdk-for-net\sdk\containerinstance\Microsoft.Azure.Management.ContainerInstance\tests\Properties\AssemblyInfo.cs(14,34): error CS0518: Predefined type 'System.String' is not defined or imported
C:\gh\azure-sdk-for-net\sdk\containerinstance\Microsoft.Azure.Management.ContainerInstance\tests\Properties\AssemblyInfo.cs(15,28): error CS0518: Predefined type 'System.String' is not defined or imported
C:\gh\azure-sdk-for-net\sdk\containerinstance\Microsoft.Azure.Management.ContainerInstance\tests\Properties\AssemblyInfo.cs(16,28): error CS0518: Predefined type 'System.String' is not defined or imported
C:\gh\azure-sdk-for-net\sdk\containerinstance\Microsoft.Azure.Management.ContainerInstance\tests\Properties\AssemblyInfo.cs(17,30): error CS0518: Predefined type 'System.String' is not defined or imported
C:\gh\azure-sdk-for-net\sdk\containerinstance\Microsoft.Azure.Management.ContainerInstance\tests\Properties\AssemblyInfo.cs(18,30): error CS0518: Predefined type 'System.String' is not defined or imported
C:\gh\azure-sdk-for-net\sdk\containerinstance\Microsoft.Azure.Management.ContainerInstance\tests\Properties\AssemblyInfo.cs(19,28): error CS0518: Predefined type 'System.String' is not defined or imported
C:\gh\azure-sdk-for-net\sdk\containerinstance\Microsoft.Azure.Management.ContainerInstance\tests\Properties\AssemblyInfo.cs(22,17): error CS0518: Predefined type 'System.String' is not defined or imported
C:\gh\azure-sdk-for-net\sdk\containerinstance\Microsoft.Azure.Management.ContainerInstance\tests\Properties\AssemblyInfo.cs(23,28): error CS0518: Predefined type 'System.String' is not defined or imported
C:\gh\azure-sdk-for-net\sdk\containerinstance\Microsoft.Azure.Management.ContainerInstance\tests\Properties\AssemblyInfo.cs(24,32): error CS0518: Predefined type 'System.String' is not defined or imported
C:\gh\azure-sdk-for-net\eng\mgmt\DisableTestRunParallel.cs(7,31): error CS0246: The type or namespace name 'DisableTestParallelization' could not be found (are you missing a using directive or an assembly reference?)
C:\gh\azure-sdk-for-net\eng\mgmt\DisableTestRunParallel.cs(7,60): error CS0518: Predefined type 'System.Boolean' is not defined or imported
C:\gh\azure-sdk-for-net\eng\mgmt\DisableTestRunParallel.cs(7,66): error CS0246: The type or namespace name 'MaxParallelThreads' could not be found (are you missing a using directive or an assembly reference?)
C:\gh\azure-sdk-for-net\eng\mgmt\DisableTestRunParallel.cs(7,87): error CS0518: Predefined type 'System.Int32' is not defined or imported
C:\gh\azure-sdk-for-net\artifacts\obj\Microsoft.Azure.Management.ContainerInstance.Tests\Debug\netcoreapp2.0\.NETCoreApp,Version=v2.0.AssemblyAttributes.cs(4,71): error CS0518: Predefined type 'System.String' is not defined or imported
C:\gh\azure-sdk-for-net\artifacts\obj\Microsoft.Azure.Management.ContainerInstance.Tests\Debug\netcoreapp2.0\.NETCoreApp,Version=v2.0.AssemblyAttributes.cs(4,99): error CS0246: The type or namespace name 'FrameworkDisplayName' could not be found (are you missing a using directive or an assembly reference?)
C:\gh\azure-sdk-for-net\artifacts\obj\Microsoft.Azure.Management.ContainerInstance.Tests\Debug\netcoreapp2.0\.NETCoreApp,Version=v2.0.AssemblyAttributes.cs(4,122): error CS0518: Predefined type 'System.String' is not defined or imported
C:\gh\azure-sdk-for-net\artifacts\obj\Microsoft.Azure.Management.ContainerInstance.Tests\Debug\netcoreapp2.0\Microsoft.Azure.Management.ContainerInstance.Tests.AssemblyInfo.cs(14,56): error CS0518: Predefined type 'System.String' is not defined or imported
C:\gh\azure-sdk-for-net\artifacts\obj\Microsoft.Azure.Management.ContainerInstance.Tests\Debug\netcoreapp2.0\Microsoft.Azure.Management.ContainerInstance.Tests.AssemblyInfo.cs(14,70): error CS0518: Predefined type 'System.String' is not defined or imported
C:\gh\azure-sdk-for-net\artifacts\obj\Microsoft.Azure.Management.ContainerInstance.Tests\Debug\netcoreapp2.0\Microsoft.Azure.Management.ContainerInstance.Tests.AssemblyInfo.cs(15,5): error CS0518: Predefined type 'System.String' is not defined or imported
C:\gh\azure-sdk-for-net\artifacts\obj\Microsoft.Azure.Management.ContainerInstance.Tests\Debug\netcoreapp2.0\Microsoft.Azure.Management.ContainerInstance.Tests.AssemblyInfo.cs(16,68): error CS0518: Predefined type 'System.String' is not defined or imported
C:\gh\azure-sdk-for-net\artifacts\obj\Microsoft.Azure.Management.ContainerInstance.Tests\Debug\netcoreapp2.0\Microsoft.Azure.Management.ContainerInstance.Tests.AssemblyInfo.cs(17,56): error CS0518: Predefined type 'System.String' is not defined or imported
C:\gh\azure-sdk-for-net\artifacts\obj\Microsoft.Azure.Management.ContainerInstance.Tests\Debug\netcoreapp2.0\Microsoft.Azure.Management.ContainerInstance.Tests.AssemblyInfo.cs(17,73): error CS0518: Predefined type 'System.String' is not defined or imported
C:\gh\azure-sdk-for-net\sdk\containerinstance\Microsoft.Azure.Management.ContainerInstance\tests\Helpers\ContainerInstanceTestUtilities.cs(4,7): error CS0246: The type or namespace name 'System' could not be found (are you missing a using directive or an assembly reference?)
C:\gh\azure-sdk-for-net\sdk\containerinstance\Microsoft.Azure.Management.ContainerInstance\tests\Helpers\ContainerInstanceTestUtilities.cs(7,34): error CS0234: The type or namespace name 'Resources' does not exist in the namespace 'Microsoft.Azure.Management' (are you missing an assembly reference?)
C:\gh\azure-sdk-for-net\sdk\containerinstance\Microsoft.Azure.Management.ContainerInstance\tests\Helpers\ContainerInstanceTestUtilities.cs(8,34): error CS0234: The type or namespace name 'Resources' does not exist in the namespace 'Microsoft.Azure.Management' (are you missing an assembly reference?)
C:\gh\azure-sdk-for-net\sdk\containerinstance\Microsoft.Azure.Management.ContainerInstance\tests\Helpers\ContainerInstanceTestUtilities.cs(9,17): error CS0234: The type or namespace name 'Rest' does not exist in the namespace 'Microsoft' (are you missing an assembly reference?)
C:\gh\azure-sdk-for-net\sdk\containerinstance\Microsoft.Azure.Management.ContainerInstance\tests\Helpers\ContainerInstanceTestUtilities.cs(10,7): error CS0246: The type or namespace name 'Xunit' could not be found (are you missing a using directive or an assembly reference?)
C:\gh\azure-sdk-for-net\sdk\containerinstance\Microsoft.Azure.Management.ContainerInstance\tests\Helpers\RecordedDelegatingHandler.cs(4,7): error CS0246: The type or namespace name 'System' could not be found (are you missing a using directive or an assembly reference?)
C:\gh\azure-sdk-for-net\sdk\containerinstance\Microsoft.Azure.Management.ContainerInstance\tests\Helpers\RecordedDelegatingHandler.cs(5,7): error CS0246: The type or namespace name 'System' could not be found (are you missing a using directive or an assembly reference?)
C:\gh\azure-sdk-for-net\sdk\containerinstance\Microsoft.Azure.Management.ContainerInstance\tests\Helpers\RecordedDelegatingHandler.cs(6,7): error CS0246: The type or namespace name 'System' could not be found (are you missing a using directive or an assembly reference?)
C:\gh\azure-sdk-for-net\sdk\containerinstance\Microsoft.Azure.Management.ContainerInstance\tests\Helpers\RecordedDelegatingHandler.cs(7,7): error CS0246: The type or namespace name 'System' could not be found (are you missing a using directive or an assembly reference?)
C:\gh\azure-sdk-for-net\sdk\containerinstance\Microsoft.Azure.Management.ContainerInstance\tests\Helpers\RecordedDelegatingHandler.cs(8,7): error CS0246: The type or namespace name 'System' could not be found (are you missing a using directive or an assembly reference?)
C:\gh\azure-sdk-for-net\sdk\containerinstance\Microsoft.Azure.Management.ContainerInstance\tests\Properties\AssemblyInfo.cs(4,7): error CS0246: The type or namespace name 'System' could not be found (are you missing a using directive or an assembly reference?)
C:\gh\azure-sdk-for-net\sdk\containerinstance\Microsoft.Azure.Management.ContainerInstance\tests\Properties\AssemblyInfo.cs(5,7): error CS0246: The type or namespace name 'System' could not be found (are you missing a using directive or an assembly reference?)
C:\gh\azure-sdk-for-net\sdk\containerinstance\Microsoft.Azure.Management.ContainerInstance\tests\Properties\AssemblyInfo.cs(6,7): error CS0246: The type or namespace name 'System' could not be found (are you missing a using directive or an assembly reference?)
C:\gh\azure-sdk-for-net\sdk\containerinstance\Microsoft.Azure.Management.ContainerInstance\tests\Properties\AssemblyInfo.cs(7,7): error CS0246: The type or namespace name 'Xunit' could not be found (are you missing a using directive or an assembly reference?)
C:\gh\azure-sdk-for-net\sdk\containerinstance\Microsoft.Azure.Management.ContainerInstance\tests\Tests\ContainerInstanceTests.cs(4,7): error CS0246: The type or namespace name 'System' could not be found (are you missing a using directive or an assembly reference?)
C:\gh\azure-sdk-for-net\sdk\containerinstance\Microsoft.Azure.Management.ContainerInstance\tests\Tests\ContainerInstanceTests.cs(5,7): error CS0246: The type or namespace name 'System' could not be found (are you missing a using directive or an assembly reference?)
C:\gh\azure-sdk-for-net\sdk\containerinstance\Microsoft.Azure.Management.ContainerInstance\tests\Tests\ContainerInstanceTests.cs(7,34): error CS0234: The type or namespace name 'Resources' does not exist in the namespace 'Microsoft.Azure.Management' (are you missing an assembly reference?)
C:\gh\azure-sdk-for-net\sdk\containerinstance\Microsoft.Azure.Management.ContainerInstance\tests\Tests\ContainerInstanceTests.cs(8,17): error CS0234: The type or namespace name 'Rest' does not exist in the namespace 'Microsoft' (are you missing an assembly reference?)
C:\gh\azure-sdk-for-net\sdk\containerinstance\Microsoft.Azure.Management.ContainerInstance\tests\Tests\ContainerInstanceTests.cs(9,7): error CS0246: The type or namespace name 'Xunit' could not be found (are you missing a using directive or an assembly reference?)
C:\gh\azure-sdk-for-net\eng\mgmt\DisableTestRunParallel.cs(4,7): error CS0246: The type or namespace name 'System' could not be found (are you missing a using directive or an assembly reference?)
C:\gh\azure-sdk-for-net\eng\mgmt\DisableTestRunParallel.cs(5,7): error CS0246: The type or namespace name 'Xunit' could not be found (are you missing a using directive or an assembly reference?)
C:\gh\azure-sdk-for-net\artifacts\obj\Microsoft.Azure.Management.ContainerInstance.Tests\Debug\netcoreapp2.0\.NETCoreApp,Version=v2.0.AssemblyAttributes.cs(2,7): error CS0246: The type or namespace name 'System' could not be found (are you missing a using directive or an assembly reference?)
C:\gh\azure-sdk-for-net\artifacts\obj\Microsoft.Azure.Management.ContainerInstance.Tests\Debug\netcoreapp2.0\.NETCoreApp,Version=v2.0.AssemblyAttributes.cs(3,7): error CS0246: The type or namespace name 'System' could not be found (are you missing a using directive or an assembly reference?)
C:\gh\azure-sdk-for-net\artifacts\obj\Microsoft.Azure.Management.ContainerInstance.Tests\Debug\netcoreapp2.0\Microsoft.Azure.Management.ContainerInstance.Tests.AssemblyInfo.cs(11,7): error CS0246: The type or namespace name 'System' could not be found (are you missing a using directive or an assembly reference?)
C:\gh\azure-sdk-for-net\artifacts\obj\Microsoft.Azure.Management.ContainerInstance.Tests\Debug\netcoreapp2.0\Microsoft.Azure.Management.ContainerInstance.Tests.AssemblyInfo.cs(12,7): error CS0246: The type or namespace name 'System' could not be found (are you missing a using directive or an assembly reference?)
C:\gh\azure-sdk-for-net\sdk\containerinstance\Microsoft.Azure.Management.ContainerInstance\tests\Helpers\ContainerInstanceTestUtilities.cs(14,18): error CS0518: Predefined type 'System.Object' is not defined or imported
C:\gh\azure-sdk-for-net\sdk\containerinstance\Microsoft.Azure.Management.ContainerInstance\tests\Helpers\ContainerInstanceTestUtilities.cs(40,110): error CS0518: Predefined type 'System.Boolean' is not defined or imported
C:\gh\azure-sdk-for-net\sdk\containerinstance\Microsoft.Azure.Management.ContainerInstance\tests\Tests\ContainerInstanceTests.cs(21,10): error CS0518: Predefined type 'System.Object' is not defined or imported
C:\gh\azure-sdk-for-net\sdk\containerinstance\Microsoft.Azure.Management.ContainerInstance\tests\Tests\ContainerInstanceTests.cs(21,10): error CS0246: The type or namespace name 'FactAttribute' could not be found (are you missing a using directive or an assembly reference?)
C:\gh\azure-sdk-for-net\sdk\containerinstance\Microsoft.Azure.Management.ContainerInstance\tests\Tests\ContainerInstanceTests.cs(21,10): error CS0246: The type or namespace name 'Fact' could not be found (are you missing a using directive or an assembly reference?)
C:\gh\azure-sdk-for-net\sdk\containerinstance\Microsoft.Azure.Management.ContainerInstance\tests\Tests\ContainerInstanceTests.cs(46,10): error CS0518: Predefined type 'System.Object' is not defined or imported
C:\gh\azure-sdk-for-net\sdk\containerinstance\Microsoft.Azure.Management.ContainerInstance\tests\Tests\ContainerInstanceTests.cs(46,10): error CS0246: The type or namespace name 'FactAttribute' could not be found (are you missing a using directive or an assembly reference?)
C:\gh\azure-sdk-for-net\sdk\containerinstance\Microsoft.Azure.Management.ContainerInstance\tests\Tests\ContainerInstanceTests.cs(46,10): error CS0246: The type or namespace name 'Fact' could not be found (are you missing a using directive or an assembly reference?)
C:\gh\azure-sdk-for-net\sdk\containerinstance\Microsoft.Azure.Management.ContainerInstance\tests\Tests\ContainerInstanceTests.cs(75,10): error CS0518: Predefined type 'System.Object' is not defined or imported
C:\gh\azure-sdk-for-net\sdk\containerinstance\Microsoft.Azure.Management.ContainerInstance\tests\Tests\ContainerInstanceTests.cs(75,10): error CS0246: The type or namespace name 'FactAttribute' could not be found (are you missing a using directive or an assembly reference?)
C:\gh\azure-sdk-for-net\sdk\containerinstance\Microsoft.Azure.Management.ContainerInstance\tests\Tests\ContainerInstanceTests.cs(75,10): error CS0246: The type or namespace name 'Fact' could not be found (are you missing a using directive or an assembly reference?)
C:\gh\azure-sdk-for-net\sdk\containerinstance\Microsoft.Azure.Management.ContainerInstance\tests\Tests\ContainerInstanceTests.cs(103,10): error CS0518: Predefined type 'System.Object' is not defined or imported
C:\gh\azure-sdk-for-net\sdk\containerinstance\Microsoft.Azure.Management.ContainerInstance\tests\Tests\ContainerInstanceTests.cs(103,10): error CS0246: The type or namespace name 'FactAttribute' could not be found (are you missing a using directive or an assembly reference?)
C:\gh\azure-sdk-for-net\sdk\containerinstance\Microsoft.Azure.Management.ContainerInstance\tests\Tests\ContainerInstanceTests.cs(103,10): error CS0246: The type or namespace name 'Fact' could not be found (are you missing a using directive or an assembly reference?)
C:\gh\azure-sdk-for-net\sdk\containerinstance\Microsoft.Azure.Management.ContainerInstance\tests\Tests\ContainerInstanceTests.cs(137,10): error CS0518: Predefined type 'System.Object' is not defined or imported
C:\gh\azure-sdk-for-net\sdk\containerinstance\Microsoft.Azure.Management.ContainerInstance\tests\Tests\ContainerInstanceTests.cs(137,10): error CS0246: The type or namespace name 'FactAttribute' could not be found (are you missing a using directive or an assembly reference?)
C:\gh\azure-sdk-for-net\sdk\containerinstance\Microsoft.Azure.Management.ContainerInstance\tests\Tests\ContainerInstanceTests.cs(137,10): error CS0246: The type or namespace name 'Fact' could not be found (are you missing a using directive or an assembly reference?)
C:\gh\azure-sdk-for-net\sdk\containerinstance\Microsoft.Azure.Management.ContainerInstance\tests\Helpers\RecordedDelegatingHandler.cs(29,57): error CS0518: Predefined type 'System.Void' is not defined or imported
C:\gh\azure-sdk-for-net\sdk\containerinstance\Microsoft.Azure.Management.ContainerInstance\tests\Helpers\RecordedDelegatingHandler.cs(31,67): error CS0518: Predefined type 'System.Void' is not defined or imported
C:\gh\azure-sdk-for-net\sdk\containerinstance\Microsoft.Azure.Management.ContainerInstance\tests\Helpers\RecordedDelegatingHandler.cs(33,38): error CS0518: Predefined type 'System.Void' is not defined or imported
C:\gh\azure-sdk-for-net\sdk\containerinstance\Microsoft.Azure.Management.ContainerInstance\tests\Helpers\RecordedDelegatingHandler.cs(35,57): error CS0518: Predefined type 'System.Void' is not defined or imported
C:\gh\azure-sdk-for-net\sdk\containerinstance\Microsoft.Azure.Management.ContainerInstance\tests\Helpers\RecordedDelegatingHandler.cs(37,57): error CS0518: Predefined type 'System.Void' is not defined or imported
C:\gh\azure-sdk-for-net\sdk\containerinstance\Microsoft.Azure.Management.ContainerInstance\tests\Helpers\RecordedDelegatingHandler.cs(39,41): error CS0518: Predefined type 'System.Void' is not defined or imported
C:\gh\azure-sdk-for-net\sdk\containerinstance\Microsoft.Azure.Management.ContainerInstance\tests\Helpers\RecordedDelegatingHandler.cs(41,31): error CS0518: Predefined type 'System.Void' is not defined or imported
C:\gh\azure-sdk-for-net\sdk\containerinstance\Microsoft.Azure.Management.ContainerInstance\tests\Helpers\RecordedDelegatingHandler.cs(43,42): error CS0518: Predefined type 'System.Void' is not defined or imported
C:\gh\azure-sdk-for-net\sdk\containerinstance\Microsoft.Azure.Management.ContainerInstance\tests\Helpers\RecordedDelegatingHandler.cs(29,16): error CS0518: Predefined type 'System.Object' is not defined or imported
C:\gh\azure-sdk-for-net\sdk\containerinstance\Microsoft.Azure.Management.ContainerInstance\tests\Helpers\RecordedDelegatingHandler.cs(29,16): error CS0246: The type or namespace name 'HttpStatusCode' could not be found (are you missing a using directive or an assembly reference?)
C:\gh\azure-sdk-for-net\sdk\containerinstance\Microsoft.Azure.Management.ContainerInstance\tests\Helpers\RecordedDelegatingHandler.cs(31,16): error CS0518: Predefined type 'System.Object' is not defined or imported
C:\gh\azure-sdk-for-net\sdk\containerinstance\Microsoft.Azure.Management.ContainerInstance\tests\Helpers\RecordedDelegatingHandler.cs(31,16): error CS0246: The type or namespace name 'HttpStatusCode' could not be found (are you missing a using directive or an assembly reference?)
C:\gh\azure-sdk-for-net\sdk\containerinstance\Microsoft.Azure.Management.ContainerInstance\tests\Helpers\RecordedDelegatingHandler.cs(33,16): error CS0518: Predefined type 'System.String' is not defined or imported
C:\gh\azure-sdk-for-net\sdk\containerinstance\Microsoft.Azure.Management.ContainerInstance\tests\Helpers\RecordedDelegatingHandler.cs(35,16): error CS0518: Predefined type 'System.Object' is not defined or imported
C:\gh\azure-sdk-for-net\sdk\containerinstance\Microsoft.Azure.Management.ContainerInstance\tests\Helpers\RecordedDelegatingHandler.cs(35,16): error CS0246: The type or namespace name 'HttpRequestHeaders' could not be found (are you missing a using directive or an assembly reference?)
C:\gh\azure-sdk-for-net\sdk\containerinstance\Microsoft.Azure.Management.ContainerInstance\tests\Helpers\RecordedDelegatingHandler.cs(37,16): error CS0518: Predefined type 'System.Object' is not defined or imported
C:\gh\azure-sdk-for-net\sdk\containerinstance\Microsoft.Azure.Management.ContainerInstance\tests\Helpers\RecordedDelegatingHandler.cs(37,16): error CS0246: The type or namespace name 'HttpContentHeaders' could not be found (are you missing a using directive or an assembly reference?)
C:\gh\azure-sdk-for-net\sdk\containerinstance\Microsoft.Azure.Management.ContainerInstance\tests\Helpers\RecordedDelegatingHandler.cs(39,16): error CS0518: Predefined type 'System.Object' is not defined or imported
C:\gh\azure-sdk-for-net\sdk\containerinstance\Microsoft.Azure.Management.ContainerInstance\tests\Helpers\RecordedDelegatingHandler.cs(39,16): error CS0246: The type or namespace name 'HttpMethod' could not be found (are you missing a using directive or an assembly reference?)
C:\gh\azure-sdk-for-net\sdk\containerinstance\Microsoft.Azure.Management.ContainerInstance\tests\Helpers\RecordedDelegatingHandler.cs(41,16): error CS0518: Predefined type 'System.Object' is not defined or imported
C:\gh\azure-sdk-for-net\sdk\containerinstance\Microsoft.Azure.Management.ContainerInstance\tests\Helpers\RecordedDelegatingHandler.cs(41,16): error CS0246: The type or namespace name 'Uri' could not be found (are you missing a using directive or an assembly reference?)
C:\gh\azure-sdk-for-net\sdk\containerinstance\Microsoft.Azure.Management.ContainerInstance\tests\Helpers\RecordedDelegatingHandler.cs(43,16): error CS0518: Predefined type 'System.Boolean' is not defined or imported
C:\gh\azure-sdk-for-net\sdk\containerinstance\Microsoft.Azure.Management.ContainerInstance\tests\Helpers\RecordedDelegatingHandler.cs(18,34): error CS0518: Predefined type 'System.Object' is not defined or imported
C:\gh\azure-sdk-for-net\sdk\containerinstance\Microsoft.Azure.Management.ContainerInstance\tests\Helpers\RecordedDelegatingHandler.cs(18,34): error CS0103: The name 'HttpStatusCode' does not exist in the current context
C:\gh\azure-sdk-for-net\sdk\containerinstance\Microsoft.Azure.Management.ContainerInstance\tests\Helpers\ContainerInstanceTestUtilities.cs(18,37): error CS0518: Predefined type 'System.Boolean' is not defined or imported
C:\gh\azure-sdk-for-net\sdk\containerinstance\Microsoft.Azure.Management.ContainerInstance\tests\Helpers\ContainerInstanceTestUtilities.cs(19,51): error CS0518: Predefined type 'System.Object' is not defined or imported
C:\gh\azure-sdk-for-net\sdk\containerinstance\Microsoft.Azure.Management.ContainerInstance\tests\Helpers\ContainerInstanceTestUtilities.cs(19,51): error CS0246: The type or namespace name 'ResourceManagementClient' could not be found (are you missing a using directive or an assembly reference?)
C:\gh\azure-sdk-for-net\sdk\containerinstance\Microsoft.Azure.Management.ContainerInstance\tests\Helpers\RecordedDelegatingHandler.cs(24,34): error CS0518: Predefined type 'System.Object' is not defined or imported
C:\gh\azure-sdk-for-net\sdk\containerinstance\Microsoft.Azure.Management.ContainerInstance\tests\Helpers\RecordedDelegatingHandler.cs(24,34): error CS0103: The name 'HttpStatusCode' does not exist in the current context
C:\gh\azure-sdk-for-net\sdk\containerinstance\Microsoft.Azure.Management.ContainerInstance\tests\Helpers\ContainerInstanceTestUtilities.cs(25,37): error CS0518: Predefined type 'System.Boolean' is not defined or imported
C:\gh\azure-sdk-for-net\sdk\containerinstance\Microsoft.Azure.Management.ContainerInstance\tests\Helpers\ContainerInstanceTestUtilities.cs(26,51): error CS0518: Predefined type 'System.Object' is not defined or imported
C:\gh\azure-sdk-for-net\sdk\containerinstance\Microsoft.Azure.Management.ContainerInstance\tests\Helpers\ContainerInstanceTestUtilities.cs(32,37): error CS0518: Predefined type 'System.Object' is not defined or imported
C:\gh\azure-sdk-for-net\sdk\containerinstance\Microsoft.Azure.Management.ContainerInstance\tests\Helpers\ContainerInstanceTestUtilities.cs(32,37): error CS0103: The name 'TestUtilities' does not exist in the current context
C:\gh\azure-sdk-for-net\sdk\containerinstance\Microsoft.Azure.Management.ContainerInstance\tests\Helpers\ContainerInstanceTestUtilities.cs(32,64): error CS0518: Predefined type 'System.String' is not defined or imported
C:\gh\azure-sdk-for-net\sdk\containerinstance\Microsoft.Azure.Management.ContainerInstance\tests\Helpers\ContainerInstanceTestUtilities.cs(34,80): error CS0518: Predefined type 'System.Object' is not defined or imported
C:\gh\azure-sdk-for-net\sdk\containerinstance\Microsoft.Azure.Management.ContainerInstance\tests\Helpers\ContainerInstanceTestUtilities.cs(34,80): error CS0246: The type or namespace name 'ResourceGroup' could not be found (are you missing a using directive or an assembly reference?)
C:\gh\azure-sdk-for-net\sdk\containerinstance\Microsoft.Azure.Management.ContainerInstance\tests\Helpers\ContainerInstanceTestUtilities.cs(36,28): error CS0518: Predefined type 'System.String' is not defined or imported
C:\gh\azure-sdk-for-net\sdk\containerinstance\Microsoft.Azure.Management.ContainerInstance\tests\Tests\ContainerInstanceTests.cs(24,31): error CS0518: Predefined type 'System.Object' is not defined or imported
C:\gh\azure-sdk-for-net\sdk\containerinstance\Microsoft.Azure.Management.ContainerInstance\tests\Tests\ContainerInstanceTests.cs(24,80): error CS0518: Predefined type 'System.Object' is not defined or imported
C:\gh\azure-sdk-for-net\sdk\containerinstance\Microsoft.Azure.Management.ContainerInstance\tests\Tests\ContainerInstanceTests.cs(24,80): error CS0103: The name 'HttpStatusCode' does not exist in the current context
C:\gh\azure-sdk-for-net\sdk\containerinstance\Microsoft.Azure.Management.ContainerInstance\tests\Tests\ContainerInstanceTests.cs(26,13): error CS0518: Predefined type 'System.IDisposable' is not defined or imported
C:\gh\azure-sdk-for-net\sdk\containerinstance\Microsoft.Azure.Management.ContainerInstance\tests\Tests\ContainerInstanceTests.cs(26,20): error CS0518: Predefined type 'System.Object' is not defined or imported
C:\gh\azure-sdk-for-net\sdk\containerinstance\Microsoft.Azure.Management.ContainerInstance\tests\Tests\ContainerInstanceTests.cs(26,20): error CS0246: The type or namespace name 'MockContext' could not be found (are you missing a using directive or an assembly reference?)
C:\gh\azure-sdk-for-net\sdk\containerinstance\Microsoft.Azure.Management.ContainerInstance\tests\Tests\ContainerInstanceTests.cs(26,42): error CS0518: Predefined type 'System.Object' is not defined or imported
C:\gh\azure-sdk-for-net\sdk\containerinstance\Microsoft.Azure.Management.ContainerInstance\tests\Tests\ContainerInstanceTests.cs(26,42): error CS0103: The name 'MockContext' does not exist in the current context
C:\gh\azure-sdk-for-net\sdk\containerinstance\Microsoft.Azure.Management.ContainerInstance\tests\Tests\ContainerInstanceTests.cs(26,65): error CS0518: Predefined type 'System.Object' is not defined or imported
C:\gh\azure-sdk-for-net\sdk\containerinstance\Microsoft.Azure.Management.ContainerInstance\tests\Tests\ContainerInstanceTests.cs(26,65): error CS1061: 'ContainerInstanceTests' does not contain a definition for 'GetType' and no accessible extension method 'GetType' accepting a first argument of type 'ContainerInstanceTests' could be found (are you missing a using directive or an assembly reference?)
C:\gh\azure-sdk-for-net\sdk\containerinstance\Microsoft.Azure.Management.ContainerInstance\tests\Tests\ContainerInstanceTests.cs(28,38): error CS0518: Predefined type 'System.Object' is not defined or imported
C:\gh\azure-sdk-for-net\sdk\containerinstance\Microsoft.Azure.Management.ContainerInstance\tests\Tests\ContainerInstanceTests.cs(28,69): error CS0518: Predefined type 'System.Object' is not defined or imported
C:\gh\azure-sdk-for-net\sdk\containerinstance\Microsoft.Azure.Management.ContainerInstance\tests\Tests\ContainerInstanceTests.cs(29,47): error CS0518: Predefined type 'System.Object' is not defined or imported
C:\gh\azure-sdk-for-net\sdk\containerinstance\Microsoft.Azure.Management.ContainerInstance\tests\Tests\ContainerInstanceTests.cs(29,78): error CS0518: Predefined type 'System.Object' is not defined or imported
C:\gh\azure-sdk-for-net\sdk\containerinstance\Microsoft.Azure.Management.ContainerInstance\tests\Tests\ContainerInstanceTests.cs(31,37): error CS0518: Predefined type 'System.Object' is not defined or imported
C:\gh\azure-sdk-for-net\sdk\containerinstance\Microsoft.Azure.Management.ContainerInstance\tests\Tests\ContainerInstanceTests.cs(31,68): error CS0518: Predefined type 'System.Object' is not defined or imported
C:\gh\azure-sdk-for-net\sdk\containerinstance\Microsoft.Azure.Management.ContainerInstance\tests\Tests\ContainerInstanceTests.cs(34,42): error CS0518: Predefined type 'System.Object' is not defined or imported
C:\gh\azure-sdk-for-net\sdk\containerinstance\Microsoft.Azure.Management.ContainerInstance\tests\Tests\ContainerInstanceTests.cs(34,42): error CS0103: The name 'TestUtilities' does not exist in the current context
C:\gh\azure-sdk-for-net\sdk\containerinstance\Microsoft.Azure.Management.ContainerInstance\tests\Tests\ContainerInstanceTests.cs(34,69): error CS0518: Predefined type 'System.String' is not defined or imported
C:\gh\azure-sdk-for-net\sdk\containerinstance\Microsoft.Azure.Management.ContainerInstance\tests\Tests\ContainerInstanceTests.cs(35,38): error CS0518: Predefined type 'System.Object' is not defined or imported
C:\gh\azure-sdk-for-net\sdk\containerinstance\Microsoft.Azure.Management.ContainerInstance\tests\Tests\ContainerInstanceTests.cs(35,69): error CS0518: Predefined type 'System.Object' is not defined or imported
C:\gh\azure-sdk-for-net\sdk\containerinstance\Microsoft.Azure.Management.ContainerInstance\tests\Tests\ContainerInstanceTests.cs(38,45): error CS0518: Predefined type 'System.String' is not defined or imported
C:\gh\azure-sdk-for-net\sdk\containerinstance\Microsoft.Azure.Management.ContainerInstance\tests\Tests\ContainerInstanceTests.cs(39,17): error CS0518: Predefined type 'System.Object' is not defined or imported
C:\gh\azure-sdk-for-net\sdk\containerinstance\Microsoft.Azure.Management.ContainerInstance\tests\Tests\ContainerInstanceTests.cs(39,48): error CS0518: Predefined type 'System.Object' is not defined or imported
C:\gh\azure-sdk-for-net\sdk\containerinstance\Microsoft.Azure.Management.ContainerInstance\tests\Helpers\RecordedDelegatingHandler.cs(51,17): error CS0518: Predefined type 'System.Boolean' is not defined or imported
C:\gh\azure-sdk-for-net\sdk\containerinstance\Microsoft.Azure.Management.ContainerInstance\tests\Helpers\RecordedDelegatingHandler.cs(51,17): error CS0518: Predefined type 'System.Boolean' is not defined or imported
C:\gh\azure-sdk-for-net\sdk\containerinstance\Microsoft.Azure.Management.ContainerInstance\tests\Helpers\RecordedDelegatingHandler.cs(53,27): error CS0518: Predefined type 'System.String' is not defined or imported
C:\gh\azure-sdk-for-net\sdk\containerinstance\Microsoft.Azure.Management.ContainerInstance\tests\Helpers\RecordedDelegatingHandler.cs(60,17): error CS0518: Predefined type 'System.Boolean' is not defined or imported
C:\gh\azure-sdk-for-net\sdk\containerinstance\Microsoft.Azure.Management.ContainerInstance\tests\Helpers\RecordedDelegatingHandler.cs(60,17): error CS0518: Predefined type 'System.Boolean' is not defined or imported
C:\gh\azure-sdk-for-net\sdk\containerinstance\Microsoft.Azure.Management.ContainerInstance\tests\Helpers\RecordedDelegatingHandler.cs(68,17): error CS0518: Predefined type 'System.Boolean' is not defined or imported
C:\gh\azure-sdk-for-net\sdk\containerinstance\Microsoft.Azure.Management.ContainerInstance\tests\Helpers\RecordedDelegatingHandler.cs(74,21): error CS0518: Predefined type 'System.Boolean' is not defined or imported
C:\gh\azure-sdk-for-net\sdk\containerinstance\Microsoft.Azure.Management.ContainerInstance\tests\Helpers\RecordedDelegatingHandler.cs(74,53): error CS0518: Predefined type 'System.Int32' is not defined or imported
C:\gh\azure-sdk-for-net\sdk\containerinstance\Microsoft.Azure.Management.ContainerInstance\tests\Helpers\RecordedDelegatingHandler.cs(74,42): error CS0518: Predefined type 'System.Boolean' is not defined or imported
C:\gh\azure-sdk-for-net\sdk\containerinstance\Microsoft.Azure.Management.ContainerInstance\tests\Helpers\RecordedDelegatingHandler.cs(74,21): error CS0518: Predefined type 'System.Boolean' is not defined or imported
C:\gh\azure-sdk-for-net\sdk\containerinstance\Microsoft.Azure.Management.ContainerInstance\tests\Helpers\RecordedDelegatingHandler.cs(81,35): error CS0518: Predefined type 'System.Int32' is not defined or imported
C:\gh\azure-sdk-for-net\sdk\containerinstance\Microsoft.Azure.Management.ContainerInstance\tests\Helpers\RecordedDelegatingHandler.cs(81,25): error CS0518: Predefined type 'System.Boolean' is not defined or imported
C:\gh\azure-sdk-for-net\sdk\containerinstance\Microsoft.Azure.Management.ContainerInstance\tests\Helpers\RecordedDelegatingHandler.cs(81,25): error CS0518: Predefined type 'System.Boolean' is not defined or imported
C:\gh\azure-sdk-for-net\sdk\containerinstance\Microsoft.Azure.Management.ContainerInstance\tests\Helpers\RecordedDelegatingHandler.cs(83,21): error CS0518: Predefined type 'System.Object' is not defined or imported
C:\gh\azure-sdk-for-net\sdk\containerinstance\Microsoft.Azure.Management.ContainerInstance\tests\Helpers\RecordedDelegatingHandler.cs(83,21): error CS0246: The type or namespace name 'HttpResponseMessage' could not be found (are you missing a using directive or an assembly reference?)
C:\gh\azure-sdk-for-net\sdk\containerinstance\Microsoft.Azure.Management.ContainerInstance\tests\Helpers\RecordedDelegatingHandler.cs(83,56): error CS0518: Predefined type 'System.Object' is not defined or imported
C:\gh\azure-sdk-for-net\sdk\containerinstance\Microsoft.Azure.Management.ContainerInstance\tests\Helpers\RecordedDelegatingHandler.cs(83,56): error CS0246: The type or namespace name 'HttpResponseMessage' could not be found (are you missing a using directive or an assembly reference?)
C:\gh\azure-sdk-for-net\sdk\containerinstance\Microsoft.Azure.Management.ContainerInstance\tests\Helpers\RecordedDelegatingHandler.cs(84,44): error CS0518: Predefined type 'System.Object' is not defined or imported
C:\gh\azure-sdk-for-net\sdk\containerinstance\Microsoft.Azure.Management.ContainerInstance\tests\Helpers\RecordedDelegatingHandler.cs(84,44): error CS0246: The type or namespace name 'StringContent' could not be found (are you missing a using directive or an assembly reference?)
C:\gh\azure-sdk-for-net\sdk\containerinstance\Microsoft.Azure.Management.ContainerInstance\tests\Helpers\RecordedDelegatingHandler.cs(84,58): error CS0518: Predefined type 'System.String' is not defined or imported
C:\gh\azure-sdk-for-net\sdk\containerinstance\Microsoft.Azure.Management.ContainerInstance\tests\Tests\ContainerInstanceTests.cs(49,31): error CS0518: Predefined type 'System.Object' is not defined or imported
C:\gh\azure-sdk-for-net\sdk\containerinstance\Microsoft.Azure.Management.ContainerInstance\tests\Tests\ContainerInstanceTests.cs(49,80): error CS0518: Predefined type 'System.Object' is not defined or imported
C:\gh\azure-sdk-for-net\sdk\containerinstance\Microsoft.Azure.Management.ContainerInstance\tests\Tests\ContainerInstanceTests.cs(49,80): error CS0103: The name 'HttpStatusCode' does not exist in the current context
C:\gh\azure-sdk-for-net\sdk\containerinstance\Microsoft.Azure.Management.ContainerInstance\tests\Tests\ContainerInstanceTests.cs(51,13): error CS0518: Predefined type 'System.IDisposable' is not defined or imported
C:\gh\azure-sdk-for-net\sdk\containerinstance\Microsoft.Azure.Management.ContainerInstance\tests\Tests\ContainerInstanceTests.cs(51,20): error CS0518: Predefined type 'System.Object' is not defined or imported
C:\gh\azure-sdk-for-net\sdk\containerinstance\Microsoft.Azure.Management.ContainerInstance\tests\Tests\ContainerInstanceTests.cs(51,20): error CS0246: The type or namespace name 'MockContext' could not be found (are you missing a using directive or an assembly reference?)
C:\gh\azure-sdk-for-net\sdk\containerinstance\Microsoft.Azure.Management.ContainerInstance\tests\Tests\ContainerInstanceTests.cs(51,42): error CS0518: Predefined type 'System.Object' is not defined or imported
C:\gh\azure-sdk-for-net\sdk\containerinstance\Microsoft.Azure.Management.ContainerInstance\tests\Tests\ContainerInstanceTests.cs(51,42): error CS0103: The name 'MockContext' does not exist in the current context
C:\gh\azure-sdk-for-net\sdk\containerinstance\Microsoft.Azure.Management.ContainerInstance\tests\Tests\ContainerInstanceTests.cs(51,65): error CS0518: Predefined type 'System.Object' is not defined or imported
C:\gh\azure-sdk-for-net\sdk\containerinstance\Microsoft.Azure.Management.ContainerInstance\tests\Tests\ContainerInstanceTests.cs(51,65): error CS1061: 'ContainerInstanceTests' does not contain a definition for 'GetType' and no accessible extension method 'GetType' accepting a first argument of type 'ContainerInstanceTests' could be found (are you missing a using directive or an assembly reference?)
C:\gh\azure-sdk-for-net\sdk\containerinstance\Microsoft.Azure.Management.ContainerInstance\tests\Tests\ContainerInstanceTests.cs(53,38): error CS0518: Predefined type 'System.Object' is not defined or imported
C:\gh\azure-sdk-for-net\sdk\containerinstance\Microsoft.Azure.Management.ContainerInstance\tests\Tests\ContainerInstanceTests.cs(53,69): error CS0518: Predefined type 'System.Object' is not defined or imported
C:\gh\azure-sdk-for-net\sdk\containerinstance\Microsoft.Azure.Management.ContainerInstance\tests\Tests\ContainerInstanceTests.cs(54,47): error CS0518: Predefined type 'System.Object' is not defined or imported
C:\gh\azure-sdk-for-net\sdk\containerinstance\Microsoft.Azure.Management.ContainerInstance\tests\Tests\ContainerInstanceTests.cs(54,78): error CS0518: Predefined type 'System.Object' is not defined or imported
C:\gh\azure-sdk-for-net\sdk\containerinstance\Microsoft.Azure.Management.ContainerInstance\tests\Tests\ContainerInstanceTests.cs(56,37): error CS0518: Predefined type 'System.Object' is not defined or imported
C:\gh\azure-sdk-for-net\sdk\containerinstance\Microsoft.Azure.Management.ContainerInstance\tests\Tests\ContainerInstanceTests.cs(56,68): error CS0518: Predefined type 'System.Object' is not defined or imported
C:\gh\azure-sdk-for-net\sdk\containerinstance\Microsoft.Azure.Management.ContainerInstance\tests\Tests\ContainerInstanceTests.cs(59,42): error CS0518: Predefined type 'System.Object' is not defined or imported
C:\gh\azure-sdk-for-net\sdk\containerinstance\Microsoft.Azure.Management.ContainerInstance\tests\Tests\ContainerInstanceTests.cs(59,42): error CS0103: The name 'TestUtilities' does not exist in the current context
C:\gh\azure-sdk-for-net\sdk\containerinstance\Microsoft.Azure.Management.ContainerInstance\tests\Tests\ContainerInstanceTests.cs(59,69): error CS0518: Predefined type 'System.String' is not defined or imported
C:\gh\azure-sdk-for-net\sdk\containerinstance\Microsoft.Azure.Management.ContainerInstance\tests\Tests\ContainerInstanceTests.cs(60,38): error CS0518: Predefined type 'System.Object' is not defined or imported
C:\gh\azure-sdk-for-net\sdk\containerinstance\Microsoft.Azure.Management.ContainerInstance\tests\Tests\ContainerInstanceTests.cs(60,69): error CS0518: Predefined type 'System.Object' is not defined or imported
C:\gh\azure-sdk-for-net\sdk\containerinstance\Microsoft.Azure.Management.ContainerInstance\tests\Tests\ContainerInstanceTests.cs(63,45): error CS0518: Predefined type 'System.String' is not defined or imported
C:\gh\azure-sdk-for-net\sdk\containerinstance\Microsoft.Azure.Management.ContainerInstance\tests\Tests\ContainerInstanceTests.cs(64,17): error CS0518: Predefined type 'System.Object' is not defined or imported
C:\gh\azure-sdk-for-net\sdk\containerinstance\Microsoft.Azure.Management.ContainerInstance\tests\Tests\ContainerInstanceTests.cs(64,48): error CS0518: Predefined type 'System.Object' is not defined or imported
C:\gh\azure-sdk-for-net\sdk\containerinstance\Microsoft.Azure.Management.ContainerInstance\tests\Tests\ContainerInstanceTests.cs(67,47): error CS0518: Predefined type 'System.String' is not defined or imported
C:\gh\azure-sdk-for-net\sdk\containerinstance\Microsoft.Azure.Management.ContainerInstance\tests\Tests\ContainerInstanceTests.cs(68,17): error CS0518: Predefined type 'System.Object' is not defined or imported
C:\gh\azure-sdk-for-net\sdk\containerinstance\Microsoft.Azure.Management.ContainerInstance\tests\Tests\ContainerInstanceTests.cs(68,48): error CS0518: Predefined type 'System.Object' is not defined or imported
C:\gh\azure-sdk-for-net\sdk\containerinstance\Microsoft.Azure.Management.ContainerInstance\tests\Tests\ContainerInstanceTests.cs(78,31): error CS0518: Predefined type 'System.Object' is not defined or imported
C:\gh\azure-sdk-for-net\sdk\containerinstance\Microsoft.Azure.Management.ContainerInstance\tests\Tests\ContainerInstanceTests.cs(78,80): error CS0518: Predefined type 'System.Object' is not defined or imported
C:\gh\azure-sdk-for-net\sdk\containerinstance\Microsoft.Azure.Management.ContainerInstance\tests\Tests\ContainerInstanceTests.cs(78,80): error CS0103: The name 'HttpStatusCode' does not exist in the current context
C:\gh\azure-sdk-for-net\sdk\containerinstance\Microsoft.Azure.Management.ContainerInstance\tests\Tests\ContainerInstanceTests.cs(80,13): error CS0518: Predefined type 'System.IDisposable' is not defined or imported
C:\gh\azure-sdk-for-net\sdk\containerinstance\Microsoft.Azure.Management.ContainerInstance\tests\Tests\ContainerInstanceTests.cs(80,20): error CS0518: Predefined type 'System.Object' is not defined or imported
C:\gh\azure-sdk-for-net\sdk\containerinstance\Microsoft.Azure.Management.ContainerInstance\tests\Tests\ContainerInstanceTests.cs(80,20): error CS0246: The type or namespace name 'MockContext' could not be found (are you missing a using directive or an assembly reference?)
C:\gh\azure-sdk-for-net\sdk\containerinstance\Microsoft.Azure.Management.ContainerInstance\tests\Tests\ContainerInstanceTests.cs(80,42): error CS0518: Predefined type 'System.Object' is not defined or imported
C:\gh\azure-sdk-for-net\sdk\containerinstance\Microsoft.Azure.Management.ContainerInstance\tests\Tests\ContainerInstanceTests.cs(80,42): error CS0103: The name 'MockContext' does not exist in the current context
C:\gh\azure-sdk-for-net\sdk\containerinstance\Microsoft.Azure.Management.ContainerInstance\tests\Tests\ContainerInstanceTests.cs(80,65): error CS0518: Predefined type 'System.Object' is not defined or imported
C:\gh\azure-sdk-for-net\sdk\containerinstance\Microsoft.Azure.Management.ContainerInstance\tests\Tests\ContainerInstanceTests.cs(80,65): error CS1061: 'ContainerInstanceTests' does not contain a definition for 'GetType' and no accessible extension method 'GetType' accepting a first argument of type 'ContainerInstanceTests' could be found (are you missing a using directive or an assembly reference?)
C:\gh\azure-sdk-for-net\sdk\containerinstance\Microsoft.Azure.Management.ContainerInstance\tests\Tests\ContainerInstanceTests.cs(82,38): error CS0518: Predefined type 'System.Object' is not defined or imported
C:\gh\azure-sdk-for-net\sdk\containerinstance\Microsoft.Azure.Management.ContainerInstance\tests\Tests\ContainerInstanceTests.cs(82,69): error CS0518: Predefined type 'System.Object' is not defined or imported
C:\gh\azure-sdk-for-net\sdk\containerinstance\Microsoft.Azure.Management.ContainerInstance\tests\Tests\ContainerInstanceTests.cs(83,47): error CS0518: Predefined type 'System.Object' is not defined or imported
C:\gh\azure-sdk-for-net\sdk\containerinstance\Microsoft.Azure.Management.ContainerInstance\tests\Tests\ContainerInstanceTests.cs(83,78): error CS0518: Predefined type 'System.Object' is not defined or imported
C:\gh\azure-sdk-for-net\sdk\containerinstance\Microsoft.Azure.Management.ContainerInstance\tests\Tests\ContainerInstanceTests.cs(85,37): error CS0518: Predefined type 'System.Object' is not defined or imported
C:\gh\azure-sdk-for-net\sdk\containerinstance\Microsoft.Azure.Management.ContainerInstance\tests\Tests\ContainerInstanceTests.cs(85,68): error CS0518: Predefined type 'System.Object' is not defined or imported
C:\gh\azure-sdk-for-net\sdk\containerinstance\Microsoft.Azure.Management.ContainerInstance\tests\Tests\ContainerInstanceTests.cs(88,42): error CS0518: Predefined type 'System.Object' is not defined or imported
C:\gh\azure-sdk-for-net\sdk\containerinstance\Microsoft.Azure.Management.ContainerInstance\tests\Tests\ContainerInstanceTests.cs(88,42): error CS0103: The name 'TestUtilities' does not exist in the current context
C:\gh\azure-sdk-for-net\sdk\containerinstance\Microsoft.Azure.Management.ContainerInstance\tests\Tests\ContainerInstanceTests.cs(88,69): error CS0518: Predefined type 'System.String' is not defined or imported
C:\gh\azure-sdk-for-net\sdk\containerinstance\Microsoft.Azure.Management.ContainerInstance\tests\Tests\ContainerInstanceTests.cs(89,38): error CS0518: Predefined type 'System.Object' is not defined or imported
C:\gh\azure-sdk-for-net\sdk\containerinstance\Microsoft.Azure.Management.ContainerInstance\tests\Tests\ContainerInstanceTests.cs(89,69): error CS0518: Predefined type 'System.Object' is not defined or imported
C:\gh\azure-sdk-for-net\sdk\containerinstance\Microsoft.Azure.Management.ContainerInstance\tests\Tests\ContainerInstanceTests.cs(92,45): error CS0518: Predefined type 'System.String' is not defined or imported
C:\gh\azure-sdk-for-net\sdk\containerinstance\Microsoft.Azure.Management.ContainerInstance\tests\Tests\ContainerInstanceTests.cs(93,17): error CS0518: Predefined type 'System.Object' is not defined or imported
C:\gh\azure-sdk-for-net\sdk\containerinstance\Microsoft.Azure.Management.ContainerInstance\tests\Tests\ContainerInstanceTests.cs(93,48): error CS0518: Predefined type 'System.Object' is not defined or imported
C:\gh\azure-sdk-for-net\sdk\containerinstance\Microsoft.Azure.Management.ContainerInstance\tests\Tests\ContainerInstanceTests.cs(96,45): error CS0518: Predefined type 'System.String' is not defined or imported
C:\gh\azure-sdk-for-net\sdk\containerinstance\Microsoft.Azure.Management.ContainerInstance\tests\Helpers\ContainerInstanceTestUtilities.cs(42,34): error CS0518: Predefined type 'System.Object' is not defined or imported
C:\gh\azure-sdk-for-net\sdk\containerinstance\Microsoft.Azure.Management.ContainerInstance\tests\Helpers\ContainerInstanceTestUtilities.cs(44,21): error CS0518: Predefined type 'System.Object' is not defined or imported
C:\gh\azure-sdk-for-net\sdk\containerinstance\Microsoft.Azure.Management.ContainerInstance\tests\Helpers\ContainerInstanceTestUtilities.cs(46,28): error CS0518: Predefined type 'System.String' is not defined or imported
C:\gh\azure-sdk-for-net\sdk\containerinstance\Microsoft.Azure.Management.ContainerInstance\tests\Helpers\ContainerInstanceTestUtilities.cs(47,32): error CS0518: Predefined type 'System.Object' is not defined or imported
C:\gh\azure-sdk-for-net\sdk\containerinstance\Microsoft.Azure.Management.ContainerInstance\tests\Helpers\ContainerInstanceTestUtilities.cs(47,32): error CS0246: The type or namespace name 'List<>' could not be found (are you missing a using directive or an assembly reference?)
C:\gh\azure-sdk-for-net\sdk\containerinstance\Microsoft.Azure.Management.ContainerInstance\tests\Helpers\ContainerInstanceTestUtilities.cs(47,37): error CS0518: Predefined type 'System.Object' is not defined or imported
C:\gh\azure-sdk-for-net\sdk\containerinstance\Microsoft.Azure.Management.ContainerInstance\tests\Helpers\ContainerInstanceTestUtilities.cs(47,60): error CS0518: Predefined type 'System.Object' is not defined or imported
C:\gh\azure-sdk-for-net\sdk\containerinstance\Microsoft.Azure.Management.ContainerInstance\tests\Helpers\ContainerInstanceTestUtilities.cs(47,74): error CS0518: Predefined type 'System.Int32' is not defined or imported
C:\gh\azure-sdk-for-net\sdk\containerinstance\Microsoft.Azure.Management.ContainerInstance\tests\Helpers\ContainerInstanceTestUtilities.cs(47,60): error CS0518: Predefined type 'System.Void' is not defined or imported
C:\gh\azure-sdk-for-net\sdk\containerinstance\Microsoft.Azure.Management.ContainerInstance\tests\Helpers\ContainerInstanceTestUtilities.cs(48,34): error CS0518: Predefined type 'System.Object' is not defined or imported
C:\gh\azure-sdk-for-net\sdk\containerinstance\Microsoft.Azure.Management.ContainerInstance\tests\Helpers\ContainerInstanceTestUtilities.cs(48,34): error CS0246: The type or namespace name 'List<>' could not be found (are you missing a using directive or an assembly reference?)
C:\gh\azure-sdk-for-net\sdk\containerinstance\Microsoft.Azure.Management.ContainerInstance\tests\Helpers\ContainerInstanceTestUtilities.cs(48,39): error CS0518: Predefined type 'System.String' is not defined or imported
C:\gh\azure-sdk-for-net\sdk\containerinstance\Microsoft.Azure.Management.ContainerInstance\tests\Helpers\ContainerInstanceTestUtilities.cs(48,51): error CS0518: Predefined type 'System.String' is not defined or imported
C:\gh\azure-sdk-for-net\sdk\containerinstance\Microsoft.Azure.Management.ContainerInstance\tests\Helpers\ContainerInstanceTestUtilities.cs(48,62): error CS0518: Predefined type 'System.String' is not defined or imported
C:\gh\azure-sdk-for-net\sdk\containerinstance\Microsoft.Azure.Management.ContainerInstance\tests\Helpers\ContainerInstanceTestUtilities.cs(48,68): error CS0518: Predefined type 'System.String' is not defined or imported
C:\gh\azure-sdk-for-net\sdk\containerinstance\Microsoft.Azure.Management.ContainerInstance\tests\Helpers\ContainerInstanceTestUtilities.cs(49,47): error CS0518: Predefined type 'System.Object' is not defined or imported
C:\gh\azure-sdk-for-net\sdk\containerinstance\Microsoft.Azure.Management.ContainerInstance\tests\Helpers\ContainerInstanceTestUtilities.cs(49,47): error CS0246: The type or namespace name 'List<>' could not be found (are you missing a using directive or an assembly reference?)
C:\gh\azure-sdk-for-net\sdk\containerinstance\Microsoft.Azure.Management.ContainerInstance\tests\Helpers\ContainerInstanceTestUtilities.cs(49,52): error CS0518: Predefined type 'System.Object' is not defined or imported
C:\gh\azure-sdk-for-net\sdk\containerinstance\Microsoft.Azure.Management.ContainerInstance\tests\Helpers\ContainerInstanceTestUtilities.cs(51,29): error CS0518: Predefined type 'System.Object' is not defined or imported
C:\gh\azure-sdk-for-net\sdk\containerinstance\Microsoft.Azure.Management.ContainerInstance\tests\Helpers\ContainerInstanceTestUtilities.cs(51,55): error CS0518: Predefined type 'System.String' is not defined or imported
C:\gh\azure-sdk-for-net\sdk\containerinstance\Microsoft.Azure.Management.ContainerInstance\tests\Helpers\ContainerInstanceTestUtilities.cs(51,81): error CS0518: Predefined type 'System.String' is not defined or imported
C:\gh\azure-sdk-for-net\sdk\containerinstance\Microsoft.Azure.Management.ContainerInstance\tests\Helpers\ContainerInstanceTestUtilities.cs(51,29): error CS0518: Predefined type 'System.Void' is not defined or imported
C:\gh\azure-sdk-for-net\sdk\containerinstance\Microsoft.Azure.Management.ContainerInstance\tests\Helpers\ContainerInstanceTestUtilities.cs(53,40): error CS0518: Predefined type 'System.Object' is not defined or imported
C:\gh\azure-sdk-for-net\sdk\containerinstance\Microsoft.Azure.Management.ContainerInstance\tests\Helpers\ContainerInstanceTestUtilities.cs(54,35): error CS0518: Predefined type 'System.Object' is not defined or imported
C:\gh\azure-sdk-for-net\sdk\containerinstance\Microsoft.Azure.Management.ContainerInstance\tests\Helpers\ContainerInstanceTestUtilities.cs(54,62): error CS0518: Predefined type 'System.Object' is not defined or imported
C:\gh\azure-sdk-for-net\sdk\containerinstance\Microsoft.Azure.Management.ContainerInstance\tests\Helpers\ContainerInstanceTestUtilities.cs(54,62): error CS0246: The type or namespace name 'List<>' could not be found (are you missing a using directive or an assembly reference?)
C:\gh\azure-sdk-for-net\sdk\containerinstance\Microsoft.Azure.Management.ContainerInstance\tests\Helpers\ContainerInstanceTestUtilities.cs(54,67): error CS0518: Predefined type 'System.String' is not defined or imported
C:\gh\azure-sdk-for-net\sdk\containerinstance\Microsoft.Azure.Management.ContainerInstance\tests\Helpers\ContainerInstanceTestUtilities.cs(54,76): error CS0518: Predefined type 'System.String' is not defined or imported
C:\gh\azure-sdk-for-net\sdk\containerinstance\Microsoft.Azure.Management.ContainerInstance\tests\Helpers\ContainerInstanceTestUtilities.cs(54,35): error CS0518: Predefined type 'System.Void' is not defined or imported
C:\gh\azure-sdk-for-net\sdk\containerinstance\Microsoft.Azure.Management.ContainerInstance\tests\Helpers\ContainerInstanceTestUtilities.cs(55,40): error CS0518: Predefined type 'System.Int32' is not defined or imported
C:\gh\azure-sdk-for-net\sdk\containerinstance\Microsoft.Azure.Management.ContainerInstance\tests\Helpers\ContainerInstanceTestUtilities.cs(53,40): error CS0518: Predefined type 'System.Void' is not defined or imported
C:\gh\azure-sdk-for-net\sdk\containerinstance\Microsoft.Azure.Management.ContainerInstance\tests\Helpers\ContainerInstanceTestUtilities.cs(56,36): error CS0518: Predefined type 'System.Object' is not defined or imported
C:\gh\azure-sdk-for-net\sdk\containerinstance\Microsoft.Azure.Management.ContainerInstance\tests\Helpers\ContainerInstanceTestUtilities.cs(56,71): error CS0518: Predefined type 'System.Object' is not defined or imported
C:\gh\azure-sdk-for-net\sdk\containerinstance\Microsoft.Azure.Management.ContainerInstance\tests\Helpers\ContainerInstanceTestUtilities.cs(56,100): error CS0518: Predefined type 'System.Double' is not defined or imported
C:\gh\azure-sdk-for-net\sdk\containerinstance\Microsoft.Azure.Management.ContainerInstance\tests\Helpers\ContainerInstanceTestUtilities.cs(56,110): error CS0518: Predefined type 'System.Double' is not defined or imported
C:\gh\azure-sdk-for-net\sdk\containerinstance\Microsoft.Azure.Management.ContainerInstance\tests\Helpers\ContainerInstanceTestUtilities.cs(56,71): error CS0518: Predefined type 'System.Void' is not defined or imported
C:\gh\azure-sdk-for-net\sdk\containerinstance\Microsoft.Azure.Management.ContainerInstance\tests\Helpers\ContainerInstanceTestUtilities.cs(56,36): error CS0518: Predefined type 'System.Void' is not defined or imported
C:\gh\azure-sdk-for-net\sdk\containerinstance\Microsoft.Azure.Management.ContainerInstance\tests\Helpers\ContainerInstanceTestUtilities.cs(44,21): error CS0518: Predefined type 'System.Void' is not defined or imported
C:\gh\azure-sdk-for-net\sdk\containerinstance\Microsoft.Azure.Management.ContainerInstance\tests\Helpers\ContainerInstanceTestUtilities.cs(42,30): error CS0518: Predefined type 'System.Int32' is not defined or imported
C:\gh\azure-sdk-for-net\sdk\containerinstance\Microsoft.Azure.Management.ContainerInstance\tests\Helpers\ContainerInstanceTestUtilities.cs(59,38): error CS0518: Predefined type 'System.Object' is not defined or imported
C:\gh\azure-sdk-for-net\sdk\containerinstance\Microsoft.Azure.Management.ContainerInstance\tests\Helpers\ContainerInstanceTestUtilities.cs(61,21): error CS0518: Predefined type 'System.Object' is not defined or imported
C:\gh\azure-sdk-for-net\sdk\containerinstance\Microsoft.Azure.Management.ContainerInstance\tests\Helpers\ContainerInstanceTestUtilities.cs(62,27): error CS0518: Predefined type 'System.String' is not defined or imported
C:\gh\azure-sdk-for-net\sdk\containerinstance\Microsoft.Azure.Management.ContainerInstance\tests\Helpers\ContainerInstanceTestUtilities.cs(62,27): error CS0518: Predefined type 'System.Object' is not defined or imported
C:\gh\azure-sdk-for-net\sdk\containerinstance\Microsoft.Azure.Management.ContainerInstance\tests\Helpers\ContainerInstanceTestUtilities.cs(62,27): error CS0518: Predefined type 'System.Int32' is not defined or imported
C:\gh\azure-sdk-for-net\sdk\containerinstance\Microsoft.Azure.Management.ContainerInstance\tests\Helpers\ContainerInstanceTestUtilities.cs(63,28): error CS0518: Predefined type 'System.String' is not defined or imported
C:\gh\azure-sdk-for-net\sdk\containerinstance\Microsoft.Azure.Management.ContainerInstance\tests\Helpers\ContainerInstanceTestUtilities.cs(64,34): error CS0518: Predefined type 'System.Object' is not defined or imported
C:\gh\azure-sdk-for-net\sdk\containerinstance\Microsoft.Azure.Management.ContainerInstance\tests\Helpers\ContainerInstanceTestUtilities.cs(64,34): error CS0246: The type or namespace name 'List<>' could not be found (are you missing a using directive or an assembly reference?)
C:\gh\azure-sdk-for-net\sdk\containerinstance\Microsoft.Azure.Management.ContainerInstance\tests\Helpers\ContainerInstanceTestUtilities.cs(64,39): error CS0518: Predefined type 'System.String' is not defined or imported
C:\gh\azure-sdk-for-net\sdk\containerinstance\Microsoft.Azure.Management.ContainerInstance\tests\Helpers\ContainerInstanceTestUtilities.cs(64,51): error CS0518: Predefined type 'System.String' is not defined or imported
C:\gh\azure-sdk-for-net\sdk\containerinstance\Microsoft.Azure.Management.ContainerInstance\tests\Helpers\ContainerInstanceTestUtilities.cs(64,62): error CS0518: Predefined type 'System.String' is not defined or imported
C:\gh\azure-sdk-for-net\sdk\containerinstance\Microsoft.Azure.Management.ContainerInstance\tests\Helpers\ContainerInstanceTestUtilities.cs(64,68): error CS0518: Predefined type 'System.String' is not defined or imported
C:\gh\azure-sdk-for-net\sdk\containerinstance\Microsoft.Azure.Management.ContainerInstance\tests\Helpers\ContainerInstanceTestUtilities.cs(65,47): error CS0518: Predefined type 'System.Object' is not defined or imported
C:\gh\azure-sdk-for-net\sdk\containerinstance\Microsoft.Azure.Management.ContainerInstance\tests\Helpers\ContainerInstanceTestUtilities.cs(65,47): error CS0246: The type or namespace name 'List<>' could not be found (are you missing a using directive or an assembly reference?)
C:\gh\azure-sdk-for-net\sdk\containerinstance\Microsoft.Azure.Management.ContainerInstance\tests\Helpers\ContainerInstanceTestUtilities.cs(65,52): error CS0518: Predefined type 'System.Object' is not defined or imported
C:\gh\azure-sdk-for-net\sdk\containerinstance\Microsoft.Azure.Management.ContainerInstance\tests\Helpers\ContainerInstanceTestUtilities.cs(67,29): error CS0518: Predefined type 'System.Object' is not defined or imported
C:\gh\azure-sdk-for-net\sdk\containerinstance\Microsoft.Azure.Management.ContainerInstance\tests\Helpers\ContainerInstanceTestUtilities.cs(67,55): error CS0518: Predefined type 'System.String' is not defined or imported
C:\gh\azure-sdk-for-net\sdk\containerinstance\Microsoft.Azure.Management.ContainerInstance\tests\Helpers\ContainerInstanceTestUtilities.cs(67,81): error CS0518: Predefined type 'System.String' is not defined or imported
C:\gh\azure-sdk-for-net\sdk\containerinstance\Microsoft.Azure.Management.ContainerInstance\tests\Helpers\ContainerInstanceTestUtilities.cs(67,29): error CS0518: Predefined type 'System.Void' is not defined or imported
C:\gh\azure-sdk-for-net\sdk\containerinstance\Microsoft.Azure.Management.ContainerInstance\tests\Helpers\ContainerInstanceTestUtilities.cs(61,21): error CS0518: Predefined type 'System.Void' is not defined or imported
C:\gh\azure-sdk-for-net\sdk\containerinstance\Microsoft.Azure.Management.ContainerInstance\tests\Helpers\ContainerInstanceTestUtilities.cs(59,34): error CS0518: Predefined type 'System.Int32' is not defined or imported
C:\gh\azure-sdk-for-net\sdk\containerinstance\Microsoft.Azure.Management.ContainerInstance\tests\Helpers\ContainerInstanceTestUtilities.cs(71,33): error CS0518: Predefined type 'System.Object' is not defined or imported
C:\gh\azure-sdk-for-net\sdk\containerinstance\Microsoft.Azure.Management.ContainerInstance\tests\Helpers\ContainerInstanceTestUtilities.cs(72,28): error CS0518: Predefined type 'System.Object' is not defined or imported
C:\gh\azure-sdk-for-net\sdk\containerinstance\Microsoft.Azure.Management.ContainerInstance\tests\Helpers\ContainerInstanceTestUtilities.cs(72,28): error CS0246: The type or namespace name 'List<>' could not be found (are you missing a using directive or an assembly reference?)
C:\gh\azure-sdk-for-net\sdk\containerinstance\Microsoft.Azure.Management.ContainerInstance\tests\Helpers\ContainerInstanceTestUtilities.cs(72,33): error CS0518: Predefined type 'System.Object' is not defined or imported
C:\gh\azure-sdk-for-net\sdk\containerinstance\Microsoft.Azure.Management.ContainerInstance\tests\Helpers\ContainerInstanceTestUtilities.cs(72,47): error CS0518: Predefined type 'System.Object' is not defined or imported
C:\gh\azure-sdk-for-net\sdk\containerinstance\Microsoft.Azure.Management.ContainerInstance\tests\Helpers\ContainerInstanceTestUtilities.cs(72,52): error CS0518: Predefined type 'System.Int32' is not defined or imported
C:\gh\azure-sdk-for-net\sdk\containerinstance\Microsoft.Azure.Management.ContainerInstance\tests\Helpers\ContainerInstanceTestUtilities.cs(72,56): error CS0518: Predefined type 'System.String' is not defined or imported
C:\gh\azure-sdk-for-net\sdk\containerinstance\Microsoft.Azure.Management.ContainerInstance\tests\Helpers\ContainerInstanceTestUtilities.cs(72,47): error CS0518: Predefined type 'System.Void' is not defined or imported
C:\gh\azure-sdk-for-net\sdk\containerinstance\Microsoft.Azure.Management.ContainerInstance\tests\Helpers\ContainerInstanceTestUtilities.cs(74,23): error CS0518: Predefined type 'System.Object' is not defined or imported
C:\gh\azure-sdk-for-net\sdk\containerinstance\Microsoft.Azure.Management.ContainerInstance\tests\Helpers\ContainerInstanceTestUtilities.cs(74,51): error CS0518: Predefined type 'System.String' is not defined or imported
C:\gh\azure-sdk-for-net\sdk\containerinstance\Microsoft.Azure.Management.ContainerInstance\tests\Helpers\ContainerInstanceTestUtilities.cs(71,33): error CS0518: Predefined type 'System.Void' is not defined or imported
C:\gh\azure-sdk-for-net\sdk\containerinstance\Microsoft.Azure.Management.ContainerInstance\tests\Helpers\ContainerInstanceTestUtilities.cs(76,36): error CS0518: Predefined type 'System.Object' is not defined or imported
C:\gh\azure-sdk-for-net\sdk\containerinstance\Microsoft.Azure.Management.ContainerInstance\tests\Helpers\ContainerInstanceTestUtilities.cs(77,30): error CS0518: Predefined type 'System.String' is not defined or imported
C:\gh\azure-sdk-for-net\sdk\containerinstance\Microsoft.Azure.Management.ContainerInstance\tests\Helpers\ContainerInstanceTestUtilities.cs(78,31): error CS0518: Predefined type 'System.String' is not defined or imported
C:\gh\azure-sdk-for-net\sdk\containerinstance\Microsoft.Azure.Management.ContainerInstance\tests\Helpers\ContainerInstanceTestUtilities.cs(76,36): error CS0518: Predefined type 'System.Void' is not defined or imported
C:\gh\azure-sdk-for-net\sdk\containerinstance\Microsoft.Azure.Management.ContainerInstance\tests\Helpers\ContainerInstanceTestUtilities.cs(80,35): error CS0518: Predefined type 'System.Object' is not defined or imported
C:\gh\azure-sdk-for-net\sdk\containerinstance\Microsoft.Azure.Management.ContainerInstance\tests\Helpers\ContainerInstanceTestUtilities.cs(80,64): error CS0518: Predefined type 'System.Object' is not defined or imported
C:\gh\azure-sdk-for-net\sdk\containerinstance\Microsoft.Azure.Management.ContainerInstance\tests\Helpers\ContainerInstanceTestUtilities.cs(80,35): error CS0518: Predefined type 'System.Void' is not defined or imported
C:\gh\azure-sdk-for-net\sdk\containerinstance\Microsoft.Azure.Management.ContainerInstance\tests\Helpers\ContainerInstanceTestUtilities.cs(82,35): error CS0518: Predefined type 'System.Boolean' is not defined or imported
C:\gh\azure-sdk-for-net\sdk\containerinstance\Microsoft.Azure.Management.ContainerInstance\tests\Helpers\ContainerInstanceTestUtilities.cs(82,61): error CS0518: Predefined type 'System.Object' is not defined or imported
C:\gh\azure-sdk-for-net\sdk\containerinstance\Microsoft.Azure.Management.ContainerInstance\tests\Helpers\ContainerInstanceTestUtilities.cs(83,31): error CS0518: Predefined type 'System.String' is not defined or imported
C:\gh\azure-sdk-for-net\sdk\containerinstance\Microsoft.Azure.Management.ContainerInstance\tests\Helpers\ContainerInstanceTestUtilities.cs(84,26): error CS0518: Predefined type 'System.String' is not defined or imported
C:\gh\azure-sdk-for-net\sdk\containerinstance\Microsoft.Azure.Management.ContainerInstance\tests\Helpers\ContainerInstanceTestUtilities.cs(85,29): error CS0518: Predefined type 'System.String' is not defined or imported
C:\gh\azure-sdk-for-net\sdk\containerinstance\Microsoft.Azure.Management.ContainerInstance\tests\Helpers\ContainerInstanceTestUtilities.cs(82,61): error CS0518: Predefined type 'System.Void' is not defined or imported
C:\gh\azure-sdk-for-net\sdk\containerinstance\Microsoft.Azure.Management.ContainerInstance\tests\Helpers\ContainerInstanceTestUtilities.cs(87,38): error CS0518: Predefined type 'System.Object' is not defined or imported
C:\gh\azure-sdk-for-net\sdk\containerinstance\Microsoft.Azure.Management.ContainerInstance\tests\Helpers\ContainerInstanceTestUtilities.cs(89,27): error CS0518: Predefined type 'System.String' is not defined or imported
C:\gh\azure-sdk-for-net\sdk\containerinstance\Microsoft.Azure.Management.ContainerInstance\tests\Helpers\ContainerInstanceTestUtilities.cs(90,25): error CS0518: Predefined type 'System.Object' is not defined or imported
C:\gh\azure-sdk-for-net\sdk\containerinstance\Microsoft.Azure.Management.ContainerInstance\tests\Helpers\ContainerInstanceTestUtilities.cs(90,46): error CS0518: Predefined type 'System.String' is not defined or imported
C:\gh\azure-sdk-for-net\sdk\containerinstance\Microsoft.Azure.Management.ContainerInstance\tests\Helpers\ContainerInstanceTestUtilities.cs(92,32): error CS0518: Predefined type 'System.String' is not defined or imported
C:\gh\azure-sdk-for-net\sdk\containerinstance\Microsoft.Azure.Management.ContainerInstance\tests\Helpers\ContainerInstanceTestUtilities.cs(95,34): error CS0518: Predefined type 'System.Object' is not defined or imported
C:\gh\azure-sdk-for-net\sdk\containerinstance\Microsoft.Azure.Management.ContainerInstance\tests\Helpers\ContainerInstanceTestUtilities.cs(95,34): error CS0518: Predefined type 'System.Void' is not defined or imported
C:\gh\azure-sdk-for-net\sdk\containerinstance\Microsoft.Azure.Management.ContainerInstance\tests\Helpers\ContainerInstanceTestUtilities.cs(96,22): error CS0518: Predefined type 'System.String' is not defined or imported
C:\gh\azure-sdk-for-net\sdk\containerinstance\Microsoft.Azure.Management.ContainerInstance\tests\Helpers\ContainerInstanceTestUtilities.cs(87,38): error CS0518: Predefined type 'System.Void' is not defined or imported
C:\gh\azure-sdk-for-net\sdk\containerinstance\Microsoft.Azure.Management.ContainerInstance\tests\Tests\ContainerInstanceTests.cs(106,31): error CS0518: Predefined type 'System.Object' is not defined or imported
C:\gh\azure-sdk-for-net\sdk\containerinstance\Microsoft.Azure.Management.ContainerInstance\tests\Tests\ContainerInstanceTests.cs(106,80): error CS0518: Predefined type 'System.Object' is not defined or imported
C:\gh\azure-sdk-for-net\sdk\containerinstance\Microsoft.Azure.Management.ContainerInstance\tests\Tests\ContainerInstanceTests.cs(106,80): error CS0103: The name 'HttpStatusCode' does not exist in the current context
C:\gh\azure-sdk-for-net\sdk\containerinstance\Microsoft.Azure.Management.ContainerInstance\tests\Tests\ContainerInstanceTests.cs(108,13): error CS0518: Predefined type 'System.IDisposable' is not defined or imported
C:\gh\azure-sdk-for-net\sdk\containerinstance\Microsoft.Azure.Management.ContainerInstance\tests\Tests\ContainerInstanceTests.cs(108,20): error CS0518: Predefined type 'System.Object' is not defined or imported
C:\gh\azure-sdk-for-net\sdk\containerinstance\Microsoft.Azure.Management.ContainerInstance\tests\Tests\ContainerInstanceTests.cs(108,20): error CS0246: The type or namespace name 'MockContext' could not be found (are you missing a using directive or an assembly reference?)
C:\gh\azure-sdk-for-net\sdk\containerinstance\Microsoft.Azure.Management.ContainerInstance\tests\Tests\ContainerInstanceTests.cs(108,42): error CS0518: Predefined type 'System.Object' is not defined or imported
C:\gh\azure-sdk-for-net\sdk\containerinstance\Microsoft.Azure.Management.ContainerInstance\tests\Tests\ContainerInstanceTests.cs(108,42): error CS0103: The name 'MockContext' does not exist in the current context
C:\gh\azure-sdk-for-net\sdk\containerinstance\Microsoft.Azure.Management.ContainerInstance\tests\Tests\ContainerInstanceTests.cs(108,65): error CS0518: Predefined type 'System.Object' is not defined or imported
C:\gh\azure-sdk-for-net\sdk\containerinstance\Microsoft.Azure.Management.ContainerInstance\tests\Tests\ContainerInstanceTests.cs(108,65): error CS1061: 'ContainerInstanceTests' does not contain a definition for 'GetType' and no accessible extension method 'GetType' accepting a first argument of type 'ContainerInstanceTests' could be found (are you missing a using directive or an assembly reference?)
C:\gh\azure-sdk-for-net\sdk\containerinstance\Microsoft.Azure.Management.ContainerInstance\tests\Tests\ContainerInstanceTests.cs(110,38): error CS0518: Predefined type 'System.Object' is not defined or imported
C:\gh\azure-sdk-for-net\sdk\containerinstance\Microsoft.Azure.Management.ContainerInstance\tests\Tests\ContainerInstanceTests.cs(110,69): error CS0518: Predefined type 'System.Object' is not defined or imported
C:\gh\azure-sdk-for-net\sdk\containerinstance\Microsoft.Azure.Management.ContainerInstance\tests\Tests\ContainerInstanceTests.cs(111,47): error CS0518: Predefined type 'System.Object' is not defined or imported
C:\gh\azure-sdk-for-net\sdk\containerinstance\Microsoft.Azure.Management.ContainerInstance\tests\Tests\ContainerInstanceTests.cs(111,78): error CS0518: Predefined type 'System.Object' is not defined or imported
C:\gh\azure-sdk-for-net\sdk\containerinstance\Microsoft.Azure.Management.ContainerInstance\tests\Tests\ContainerInstanceTests.cs(114,38): error CS0518: Predefined type 'System.Object' is not defined or imported
C:\gh\azure-sdk-for-net\sdk\containerinstance\Microsoft.Azure.Management.ContainerInstance\tests\Tests\ContainerInstanceTests.cs(114,69): error CS0518: Predefined type 'System.Object' is not defined or imported
C:\gh\azure-sdk-for-net\sdk\containerinstance\Microsoft.Azure.Management.ContainerInstance\tests\Tests\ContainerInstanceTests.cs(115,43): error CS0518: Predefined type 'System.Object' is not defined or imported
C:\gh\azure-sdk-for-net\sdk\containerinstance\Microsoft.Azure.Management.ContainerInstance\tests\Tests\ContainerInstanceTests.cs(115,43): error CS0103: The name 'TestUtilities' does not exist in the current context
C:\gh\azure-sdk-for-net\sdk\containerinstance\Microsoft.Azure.Management.ContainerInstance\tests\Tests\ContainerInstanceTests.cs(115,70): error CS0518: Predefined type 'System.String' is not defined or imported
C:\gh\azure-sdk-for-net\sdk\containerinstance\Microsoft.Azure.Management.ContainerInstance\tests\Tests\ContainerInstanceTests.cs(116,39): error CS0518: Predefined type 'System.Object' is not defined or imported
C:\gh\azure-sdk-for-net\sdk\containerinstance\Microsoft.Azure.Management.ContainerInstance\tests\Tests\ContainerInstanceTests.cs(116,70): error CS0518: Predefined type 'System.Object' is not defined or imported
C:\gh\azure-sdk-for-net\sdk\containerinstance\Microsoft.Azure.Management.ContainerInstance\tests\Tests\ContainerInstanceTests.cs(116,130): error CS0518: Predefined type 'System.Boolean' is not defined or imported
C:\gh\azure-sdk-for-net\sdk\containerinstance\Microsoft.Azure.Management.ContainerInstance\tests\Tests\ContainerInstanceTests.cs(117,17): error CS0518: Predefined type 'System.String' is not defined or imported
C:\gh\azure-sdk-for-net\sdk\containerinstance\Microsoft.Azure.Management.ContainerInstance\tests\Tests\ContainerInstanceTests.cs(119,38): error CS0518: Predefined type 'System.Object' is not defined or imported
C:\gh\azure-sdk-for-net\sdk\containerinstance\Microsoft.Azure.Management.ContainerInstance\tests\Tests\ContainerInstanceTests.cs(119,69): error CS0518: Predefined type 'System.Object' is not defined or imported
C:\gh\azure-sdk-for-net\sdk\containerinstance\Microsoft.Azure.Management.ContainerInstance\tests\Tests\ContainerInstanceTests.cs(120,43): error CS0518: Predefined type 'System.Object' is not defined or imported
C:\gh\azure-sdk-for-net\sdk\containerinstance\Microsoft.Azure.Management.ContainerInstance\tests\Tests\ContainerInstanceTests.cs(120,43): error CS0103: The name 'TestUtilities' does not exist in the current context
C:\gh\azure-sdk-for-net\sdk\containerinstance\Microsoft.Azure.Management.ContainerInstance\tests\Tests\ContainerInstanceTests.cs(120,70): error CS0518: Predefined type 'System.String' is not defined or imported
C:\gh\azure-sdk-for-net\sdk\containerinstance\Microsoft.Azure.Management.ContainerInstance\tests\Tests\ContainerInstanceTests.cs(121,39): error CS0518: Predefined type 'System.Object' is not defined or imported
C:\gh\azure-sdk-for-net\sdk\containerinstance\Microsoft.Azure.Management.ContainerInstance\tests\Tests\ContainerInstanceTests.cs(121,70): error CS0518: Predefined type 'System.Object' is not defined or imported
C:\gh\azure-sdk-for-net\sdk\containerinstance\Microsoft.Azure.Management.ContainerInstance\tests\Tests\ContainerInstanceTests.cs(121,130): error CS0518: Predefined type 'System.Boolean' is not defined or imported
C:\gh\azure-sdk-for-net\sdk\containerinstance\Microsoft.Azure.Management.ContainerInstance\tests\Tests\ContainerInstanceTests.cs(122,17): error CS0518: Predefined type 'System.String' is not defined or imported
C:\gh\azure-sdk-for-net\sdk\containerinstance\Microsoft.Azure.Management.ContainerInstance\tests\Tests\ContainerInstanceTests.cs(125,48): error CS0246: The type or namespace name 'IPage<>' could not be found (are you missing a using directive or an assembly reference?)
C:\gh\azure-sdk-for-net\sdk\containerinstance\Microsoft.Azure.Management.ContainerInstance\tests\Tests\ContainerInstanceTests.cs(126,17): error CS0518: Predefined type 'System.Object' is not defined or imported
C:\gh\azure-sdk-for-net\sdk\containerinstance\Microsoft.Azure.Management.ContainerInstance\tests\Tests\ContainerInstanceTests.cs(126,17): error CS0103: The name 'Assert' does not exist in the current context
C:\gh\azure-sdk-for-net\sdk\containerinstance\Microsoft.Azure.Management.ContainerInstance\tests\Tests\ContainerInstanceTests.cs(126,65): error CS0518: Predefined type 'System.Int32' is not defined or imported
C:\gh\azure-sdk-for-net\sdk\containerinstance\Microsoft.Azure.Management.ContainerInstance\tests\Tests\ContainerInstanceTests.cs(126,29): error CS0518: Predefined type 'System.Boolean' is not defined or imported
C:\gh\azure-sdk-for-net\sdk\containerinstance\Microsoft.Azure.Management.ContainerInstance\tests\Tests\ContainerInstanceTests.cs(128,17): error CS0518: Predefined type 'System.Object' is not defined or imported
C:\gh\azure-sdk-for-net\sdk\containerinstance\Microsoft.Azure.Management.ContainerInstance\tests\Tests\ContainerInstanceTests.cs(128,48): error CS0518: Predefined type 'System.Object' is not defined or imported
C:\gh\azure-sdk-for-net\sdk\containerinstance\Microsoft.Azure.Management.ContainerInstance\tests\Tests\ContainerInstanceTests.cs(130,17): error CS0518: Predefined type 'System.Object' is not defined or imported
C:\gh\azure-sdk-for-net\sdk\containerinstance\Microsoft.Azure.Management.ContainerInstance\tests\Tests\ContainerInstanceTests.cs(130,48): error CS0518: Predefined type 'System.Object' is not defined or imported
C:\gh\azure-sdk-for-net\sdk\containerinstance\Microsoft.Azure.Management.ContainerInstance\tests\Tests\ContainerInstanceTests.cs(140,31): error CS0518: Predefined type 'System.Object' is not defined or imported
C:\gh\azure-sdk-for-net\sdk\containerinstance\Microsoft.Azure.Management.ContainerInstance\tests\Tests\ContainerInstanceTests.cs(140,80): error CS0518: Predefined type 'System.Object' is not defined or imported
C:\gh\azure-sdk-for-net\sdk\containerinstance\Microsoft.Azure.Management.ContainerInstance\tests\Tests\ContainerInstanceTests.cs(140,80): error CS0103: The name 'HttpStatusCode' does not exist in the current context
C:\gh\azure-sdk-for-net\sdk\containerinstance\Microsoft.Azure.Management.ContainerInstance\tests\Tests\ContainerInstanceTests.cs(142,13): error CS0518: Predefined type 'System.IDisposable' is not defined or imported
C:\gh\azure-sdk-for-net\sdk\containerinstance\Microsoft.Azure.Management.ContainerInstance\tests\Tests\ContainerInstanceTests.cs(142,20): error CS0518: Predefined type 'System.Object' is not defined or imported
C:\gh\azure-sdk-for-net\sdk\containerinstance\Microsoft.Azure.Management.ContainerInstance\tests\Tests\ContainerInstanceTests.cs(142,20): error CS0246: The type or namespace name 'MockContext' could not be found (are you missing a using directive or an assembly reference?)
C:\gh\azure-sdk-for-net\sdk\containerinstance\Microsoft.Azure.Management.ContainerInstance\tests\Tests\ContainerInstanceTests.cs(142,42): error CS0518: Predefined type 'System.Object' is not defined or imported
C:\gh\azure-sdk-for-net\sdk\containerinstance\Microsoft.Azure.Management.ContainerInstance\tests\Tests\ContainerInstanceTests.cs(142,42): error CS0103: The name 'MockContext' does not exist in the current context
C:\gh\azure-sdk-for-net\sdk\containerinstance\Microsoft.Azure.Management.ContainerInstance\tests\Tests\ContainerInstanceTests.cs(142,65): error CS0518: Predefined type 'System.Object' is not defined or imported
C:\gh\azure-sdk-for-net\sdk\containerinstance\Microsoft.Azure.Management.ContainerInstance\tests\Tests\ContainerInstanceTests.cs(142,65): error CS1061: 'ContainerInstanceTests' does not contain a definition for 'GetType' and no accessible extension method 'GetType' accepting a first argument of type 'ContainerInstanceTests' could be found (are you missing a using directive or an assembly reference?)
C:\gh\azure-sdk-for-net\sdk\containerinstance\Microsoft.Azure.Management.ContainerInstance\tests\Tests\ContainerInstanceTests.cs(144,38): error CS0518: Predefined type 'System.Object' is not defined or imported
C:\gh\azure-sdk-for-net\sdk\containerinstance\Microsoft.Azure.Management.ContainerInstance\tests\Tests\ContainerInstanceTests.cs(144,69): error CS0518: Predefined type 'System.Object' is not defined or imported
C:\gh\azure-sdk-for-net\sdk\containerinstance\Microsoft.Azure.Management.ContainerInstance\tests\Tests\ContainerInstanceTests.cs(145,47): error CS0518: Predefined type 'System.Object' is not defined or imported
C:\gh\azure-sdk-for-net\sdk\containerinstance\Microsoft.Azure.Management.ContainerInstance\tests\Tests\ContainerInstanceTests.cs(145,78): error CS0518: Predefined type 'System.Object' is not defined or imported
C:\gh\azure-sdk-for-net\sdk\containerinstance\Microsoft.Azure.Management.ContainerInstance\tests\Tests\ContainerInstanceTests.cs(148,38): error CS0518: Predefined type 'System.Object' is not defined or imported
C:\gh\azure-sdk-for-net\sdk\containerinstance\Microsoft.Azure.Management.ContainerInstance\tests\Tests\ContainerInstanceTests.cs(148,69): error CS0518: Predefined type 'System.Object' is not defined or imported
C:\gh\azure-sdk-for-net\sdk\containerinstance\Microsoft.Azure.Management.ContainerInstance\tests\Tests\ContainerInstanceTests.cs(149,43): error CS0518: Predefined type 'System.Object' is not defined or imported
C:\gh\azure-sdk-for-net\sdk\containerinstance\Microsoft.Azure.Management.ContainerInstance\tests\Tests\ContainerInstanceTests.cs(149,43): error CS0103: The name 'TestUtilities' does not exist in the current context
C:\gh\azure-sdk-for-net\sdk\containerinstance\Microsoft.Azure.Management.ContainerInstance\tests\Tests\ContainerInstanceTests.cs(149,70): error CS0518: Predefined type 'System.String' is not defined or imported
C:\gh\azure-sdk-for-net\sdk\containerinstance\Microsoft.Azure.Management.ContainerInstance\tests\Tests\ContainerInstanceTests.cs(150,39): error CS0518: Predefined type 'System.Object' is not defined or imported
C:\gh\azure-sdk-for-net\sdk\containerinstance\Microsoft.Azure.Management.ContainerInstance\tests\Tests\ContainerInstanceTests.cs(150,70): error CS0518: Predefined type 'System.Object' is not defined or imported
C:\gh\azure-sdk-for-net\sdk\containerinstance\Microsoft.Azure.Management.ContainerInstance\tests\Tests\ContainerInstanceTests.cs(150,130): error CS0518: Predefined type 'System.Boolean' is not defined or imported
C:\gh\azure-sdk-for-net\sdk\containerinstance\Microsoft.Azure.Management.ContainerInstance\tests\Tests\ContainerInstanceTests.cs(151,17): error CS0518: Predefined type 'System.String' is not defined or imported
C:\gh\azure-sdk-for-net\sdk\containerinstance\Microsoft.Azure.Management.ContainerInstance\tests\Tests\ContainerInstanceTests.cs(153,38): error CS0518: Predefined type 'System.Object' is not defined or imported
C:\gh\azure-sdk-for-net\sdk\containerinstance\Microsoft.Azure.Management.ContainerInstance\tests\Tests\ContainerInstanceTests.cs(153,69): error CS0518: Predefined type 'System.Object' is not defined or imported
C:\gh\azure-sdk-for-net\sdk\containerinstance\Microsoft.Azure.Management.ContainerInstance\tests\Tests\ContainerInstanceTests.cs(154,43): error CS0518: Predefined type 'System.Object' is not defined or imported
C:\gh\azure-sdk-for-net\sdk\containerinstance\Microsoft.Azure.Management.ContainerInstance\tests\Tests\ContainerInstanceTests.cs(154,43): error CS0103: The name 'TestUtilities' does not exist in the current context
C:\gh\azure-sdk-for-net\sdk\containerinstance\Microsoft.Azure.Management.ContainerInstance\tests\Tests\ContainerInstanceTests.cs(154,70): error CS0518: Predefined type 'System.String' is not defined or imported
C:\gh\azure-sdk-for-net\sdk\containerinstance\Microsoft.Azure.Management.ContainerInstance\tests\Tests\ContainerInstanceTests.cs(155,39): error CS0518: Predefined type 'System.Object' is not defined or imported
C:\gh\azure-sdk-for-net\sdk\containerinstance\Microsoft.Azure.Management.ContainerInstance\tests\Tests\ContainerInstanceTests.cs(155,70): error CS0518: Predefined type 'System.Object' is not defined or imported
C:\gh\azure-sdk-for-net\sdk\containerinstance\Microsoft.Azure.Management.ContainerInstance\tests\Tests\ContainerInstanceTests.cs(155,130): error CS0518: Predefined type 'System.Boolean' is not defined or imported
C:\gh\azure-sdk-for-net\sdk\containerinstance\Microsoft.Azure.Management.ContainerInstance\tests\Tests\ContainerInstanceTests.cs(156,17): error CS0518: Predefined type 'System.String' is not defined or imported
C:\gh\azure-sdk-for-net\sdk\containerinstance\Microsoft.Azure.Management.ContainerInstance\tests\Tests\ContainerInstanceTests.cs(159,48): error CS0246: The type or namespace name 'IPage<>' could not be found (are you missing a using directive or an assembly reference?)
C:\gh\azure-sdk-for-net\sdk\containerinstance\Microsoft.Azure.Management.ContainerInstance\tests\Tests\ContainerInstanceTests.cs(160,17): error CS0518: Predefined type 'System.Object' is not defined or imported
C:\gh\azure-sdk-for-net\sdk\containerinstance\Microsoft.Azure.Management.ContainerInstance\tests\Tests\ContainerInstanceTests.cs(160,17): error CS0103: The name 'Assert' does not exist in the current context
C:\gh\azure-sdk-for-net\sdk\containerinstance\Microsoft.Azure.Management.ContainerInstance\tests\Tests\ContainerInstanceTests.cs(160,65): error CS0518: Predefined type 'System.Int32' is not defined or imported
C:\gh\azure-sdk-for-net\sdk\containerinstance\Microsoft.Azure.Management.ContainerInstance\tests\Tests\ContainerInstanceTests.cs(160,29): error CS0518: Predefined type 'System.Boolean' is not defined or imported
C:\gh\azure-sdk-for-net\sdk\containerinstance\Microsoft.Azure.Management.ContainerInstance\tests\Tests\ContainerInstanceTests.cs(162,17): error CS0518: Predefined type 'System.Object' is not defined or imported
C:\gh\azure-sdk-for-net\sdk\containerinstance\Microsoft.Azure.Management.ContainerInstance\tests\Tests\ContainerInstanceTests.cs(162,48): error CS0518: Predefined type 'System.Object' is not defined or imported
C:\gh\azure-sdk-for-net\sdk\containerinstance\Microsoft.Azure.Management.ContainerInstance\tests\Tests\ContainerInstanceTests.cs(164,17): error CS0518: Predefined type 'System.Object' is not defined or imported
C:\gh\azure-sdk-for-net\sdk\containerinstance\Microsoft.Azure.Management.ContainerInstance\tests\Tests\ContainerInstanceTests.cs(164,17): error CS0103: The name 'Assert' does not exist in the current context
C:\gh\azure-sdk-for-net\sdk\containerinstance\Microsoft.Azure.Management.ContainerInstance\tests\Helpers\ContainerInstanceTestUtilities.cs(105,13): error CS0518: Predefined type 'System.Object' is not defined or imported
C:\gh\azure-sdk-for-net\sdk\containerinstance\Microsoft.Azure.Management.ContainerInstance\tests\Helpers\ContainerInstanceTestUtilities.cs(105,13): error CS0103: The name 'Assert' does not exist in the current context
C:\gh\azure-sdk-for-net\sdk\containerinstance\Microsoft.Azure.Management.ContainerInstance\tests\Helpers\ContainerInstanceTestUtilities.cs(106,13): error CS0518: Predefined type 'System.Object' is not defined or imported
C:\gh\azure-sdk-for-net\sdk\containerinstance\Microsoft.Azure.Management.ContainerInstance\tests\Helpers\ContainerInstanceTestUtilities.cs(106,13): error CS0103: The name 'Assert' does not exist in the current context
C:\gh\azure-sdk-for-net\sdk\containerinstance\Microsoft.Azure.Management.ContainerInstance\tests\Helpers\ContainerInstanceTestUtilities.cs(106,35): error CS0518: Predefined type 'System.String' is not defined or imported
C:\gh\azure-sdk-for-net\sdk\containerinstance\Microsoft.Azure.Management.ContainerInstance\tests\Helpers\ContainerInstanceTestUtilities.cs(106,48): error CS0518: Predefined type 'System.String' is not defined or imported
C:\gh\azure-sdk-for-net\sdk\containerinstance\Microsoft.Azure.Management.ContainerInstance\tests\Helpers\ContainerInstanceTestUtilities.cs(107,13): error CS0518: Predefined type 'System.Object' is not defined or imported
C:\gh\azure-sdk-for-net\sdk\containerinstance\Microsoft.Azure.Management.ContainerInstance\tests\Helpers\ContainerInstanceTestUtilities.cs(107,13): error CS0103: The name 'Assert' does not exist in the current context
C:\gh\azure-sdk-for-net\sdk\containerinstance\Microsoft.Azure.Management.ContainerInstance\tests\Helpers\ContainerInstanceTestUtilities.cs(107,35): error CS0518: Predefined type 'System.String' is not defined or imported
C:\gh\azure-sdk-for-net\sdk\containerinstance\Microsoft.Azure.Management.ContainerInstance\tests\Helpers\ContainerInstanceTestUtilities.cs(107,52): error CS0518: Predefined type 'System.String' is not defined or imported
C:\gh\azure-sdk-for-net\sdk\containerinstance\Microsoft.Azure.Management.ContainerInstance\tests\Helpers\ContainerInstanceTestUtilities.cs(108,13): error CS0518: Predefined type 'System.Object' is not defined or imported
C:\gh\azure-sdk-for-net\sdk\containerinstance\Microsoft.Azure.Management.ContainerInstance\tests\Helpers\ContainerInstanceTestUtilities.cs(108,13): error CS0103: The name 'Assert' does not exist in the current context
C:\gh\azure-sdk-for-net\sdk\containerinstance\Microsoft.Azure.Management.ContainerInstance\tests\Helpers\ContainerInstanceTestUtilities.cs(108,35): error CS0518: Predefined type 'System.String' is not defined or imported
C:\gh\azure-sdk-for-net\sdk\containerinstance\Microsoft.Azure.Management.ContainerInstance\tests\Helpers\ContainerInstanceTestUtilities.cs(108,50): error CS0518: Predefined type 'System.String' is not defined or imported
C:\gh\azure-sdk-for-net\sdk\containerinstance\Microsoft.Azure.Management.ContainerInstance\tests\Helpers\ContainerInstanceTestUtilities.cs(109,13): error CS0518: Predefined type 'System.Object' is not defined or imported
C:\gh\azure-sdk-for-net\sdk\containerinstance\Microsoft.Azure.Management.ContainerInstance\tests\Helpers\ContainerInstanceTestUtilities.cs(109,13): error CS0103: The name 'Assert' does not exist in the current context
C:\gh\azure-sdk-for-net\sdk\containerinstance\Microsoft.Azure.Management.ContainerInstance\tests\Helpers\ContainerInstanceTestUtilities.cs(109,35): error CS0518: Predefined type 'System.String' is not defined or imported
C:\gh\azure-sdk-for-net\sdk\containerinstance\Microsoft.Azure.Management.ContainerInstance\tests\Helpers\ContainerInstanceTestUtilities.cs(109,57): error CS0518: Predefined type 'System.String' is not defined or imported
C:\gh\azure-sdk-for-net\sdk\containerinstance\Microsoft.Azure.Management.ContainerInstance\tests\Helpers\ContainerInstanceTestUtilities.cs(110,13): error CS0518: Predefined type 'System.Object' is not defined or imported
C:\gh\azure-sdk-for-net\sdk\containerinstance\Microsoft.Azure.Management.ContainerInstance\tests\Helpers\ContainerInstanceTestUtilities.cs(110,13): error CS0103: The name 'Assert' does not exist in the current context
C:\gh\azure-sdk-for-net\sdk\containerinstance\Microsoft.Azure.Management.ContainerInstance\tests\Helpers\ContainerInstanceTestUtilities.cs(110,44): error CS0012: The type 'Nullable<>' is defined in an assembly that is not referenced. You must add a reference to assembly 'mscorlib, Version=4.0.0.0, Culture=neutral, PublicKeyToken=b77a5c561934e089'.
C:\gh\azure-sdk-for-net\sdk\containerinstance\Microsoft.Azure.Management.ContainerInstance\tests\Helpers\ContainerInstanceTestUtilities.cs(110,66): error CS0012: The type 'Nullable<>' is defined in an assembly that is not referenced. You must add a reference to assembly 'mscorlib, Version=4.0.0.0, Culture=neutral, PublicKeyToken=b77a5c561934e089'.
C:\gh\azure-sdk-for-net\sdk\containerinstance\Microsoft.Azure.Management.ContainerInstance\tests\Helpers\ContainerInstanceTestUtilities.cs(111,13): error CS0518: Predefined type 'System.Object' is not defined or imported
C:\gh\azure-sdk-for-net\sdk\containerinstance\Microsoft.Azure.Management.ContainerInstance\tests\Helpers\ContainerInstanceTestUtilities.cs(111,13): error CS0103: The name 'Assert' does not exist in the current context
C:\gh\azure-sdk-for-net\sdk\containerinstance\Microsoft.Azure.Management.ContainerInstance\tests\Helpers\ContainerInstanceTestUtilities.cs(111,35): error CS0518: Predefined type 'System.String' is not defined or imported
C:\gh\azure-sdk-for-net\sdk\containerinstance\Microsoft.Azure.Management.ContainerInstance\tests\Helpers\ContainerInstanceTestUtilities.cs(111,47): error CS0518: Predefined type 'System.String' is not defined or imported
C:\gh\azure-sdk-for-net\sdk\containerinstance\Microsoft.Azure.Management.ContainerInstance\tests\Helpers\ContainerInstanceTestUtilities.cs(112,13): error CS0518: Predefined type 'System.Object' is not defined or imported
C:\gh\azure-sdk-for-net\sdk\containerinstance\Microsoft.Azure.Management.ContainerInstance\tests\Helpers\ContainerInstanceTestUtilities.cs(112,13): error CS0103: The name 'Assert' does not exist in the current context
C:\gh\azure-sdk-for-net\sdk\containerinstance\Microsoft.Azure.Management.ContainerInstance\tests\Helpers\ContainerInstanceTestUtilities.cs(112,60): error CS0518: Predefined type 'System.String' is not defined or imported
C:\gh\azure-sdk-for-net\sdk\containerinstance\Microsoft.Azure.Management.ContainerInstance\tests\Helpers\ContainerInstanceTestUtilities.cs(112,105): error CS0518: Predefined type 'System.String' is not defined or imported
C:\gh\azure-sdk-for-net\sdk\containerinstance\Microsoft.Azure.Management.ContainerInstance\tests\Helpers\ContainerInstanceTestUtilities.cs(113,13): error CS0518: Predefined type 'System.Object' is not defined or imported
C:\gh\azure-sdk-for-net\sdk\containerinstance\Microsoft.Azure.Management.ContainerInstance\tests\Helpers\ContainerInstanceTestUtilities.cs(113,13): error CS0103: The name 'Assert' does not exist in the current context
C:\gh\azure-sdk-for-net\sdk\containerinstance\Microsoft.Azure.Management.ContainerInstance\tests\Helpers\ContainerInstanceTestUtilities.cs(113,35): error CS0012: The type 'IList<>' is defined in an assembly that is not referenced. You must add a reference to assembly 'mscorlib, Version=4.0.0.0, Culture=neutral, PublicKeyToken=b77a5c561934e089'.
C:\gh\azure-sdk-for-net\sdk\containerinstance\Microsoft.Azure.Management.ContainerInstance\tests\Helpers\ContainerInstanceTestUtilities.cs(114,13): error CS0518: Predefined type 'System.Object' is not defined or imported
C:\gh\azure-sdk-for-net\sdk\containerinstance\Microsoft.Azure.Management.ContainerInstance\tests\Helpers\ContainerInstanceTestUtilities.cs(114,13): error CS0103: The name 'Assert' does not exist in the current context
C:\gh\azure-sdk-for-net\sdk\containerinstance\Microsoft.Azure.Management.ContainerInstance\tests\Helpers\ContainerInstanceTestUtilities.cs(114,26): error CS0518: Predefined type 'System.Int32' is not defined or imported
C:\gh\azure-sdk-for-net\sdk\containerinstance\Microsoft.Azure.Management.ContainerInstance\tests\Helpers\ContainerInstanceTestUtilities.cs(114,36): error CS0012: The type 'IList<>' is defined in an assembly that is not referenced. You must add a reference to assembly 'mscorlib, Version=4.0.0.0, Culture=neutral, PublicKeyToken=b77a5c561934e089'.
C:\gh\azure-sdk-for-net\sdk\containerinstance\Microsoft.Azure.Management.ContainerInstance\tests\Helpers\ContainerInstanceTestUtilities.cs(115,13): error CS0518: Predefined type 'System.Object' is not defined or imported
C:\gh\azure-sdk-for-net\sdk\containerinstance\Microsoft.Azure.Management.ContainerInstance\tests\Helpers\ContainerInstanceTestUtilities.cs(115,13): error CS0103: The name 'Assert' does not exist in the current context
C:\gh\azure-sdk-for-net\sdk\containerinstance\Microsoft.Azure.Management.ContainerInstance\tests\Helpers\ContainerInstanceTestUtilities.cs(116,13): error CS0518: Predefined type 'System.Object' is not defined or imported
C:\gh\azure-sdk-for-net\sdk\containerinstance\Microsoft.Azure.Management.ContainerInstance\tests\Helpers\ContainerInstanceTestUtilities.cs(116,13): error CS0103: The name 'Assert' does not exist in the current context
C:\gh\azure-sdk-for-net\sdk\containerinstance\Microsoft.Azure.Management.ContainerInstance\tests\Helpers\ContainerInstanceTestUtilities.cs(116,45): error CS0518: Predefined type 'System.String' is not defined or imported
C:\gh\azure-sdk-for-net\sdk\containerinstance\Microsoft.Azure.Management.ContainerInstance\tests\Helpers\ContainerInstanceTestUtilities.cs(117,13): error CS0518: Predefined type 'System.Object' is not defined or imported
C:\gh\azure-sdk-for-net\sdk\containerinstance\Microsoft.Azure.Management.ContainerInstance\tests\Helpers\ContainerInstanceTestUtilities.cs(117,13): error CS0103: The name 'Assert' does not exist in the current context
C:\gh\azure-sdk-for-net\sdk\containerinstance\Microsoft.Azure.Management.ContainerInstance\tests\Helpers\ContainerInstanceTestUtilities.cs(117,57): error CS0518: Predefined type 'System.String' is not defined or imported
C:\gh\azure-sdk-for-net\sdk\containerinstance\Microsoft.Azure.Management.ContainerInstance\tests\Helpers\ContainerInstanceTestUtilities.cs(117,95): error CS0518: Predefined type 'System.String' is not defined or imported
C:\gh\azure-sdk-for-net\sdk\containerinstance\Microsoft.Azure.Management.ContainerInstance\tests\Helpers\ContainerInstanceTestUtilities.cs(118,13): error CS0518: Predefined type 'System.Object' is not defined or imported
C:\gh\azure-sdk-for-net\sdk\containerinstance\Microsoft.Azure.Management.ContainerInstance\tests\Helpers\ContainerInstanceTestUtilities.cs(118,13): error CS0103: The name 'Assert' does not exist in the current context
C:\gh\azure-sdk-for-net\sdk\containerinstance\Microsoft.Azure.Management.ContainerInstance\tests\Helpers\ContainerInstanceTestUtilities.cs(118,57): error CS0518: Predefined type 'System.String' is not defined or imported
C:\gh\azure-sdk-for-net\sdk\containerinstance\Microsoft.Azure.Management.ContainerInstance\tests\Helpers\ContainerInstanceTestUtilities.cs(118,98): error CS0518: Predefined type 'System.String' is not defined or imported
C:\gh\azure-sdk-for-net\sdk\containerinstance\Microsoft.Azure.Management.ContainerInstance\tests\Helpers\ContainerInstanceTestUtilities.cs(119,13): error CS0518: Predefined type 'System.Object' is not defined or imported
C:\gh\azure-sdk-for-net\sdk\containerinstance\Microsoft.Azure.Management.ContainerInstance\tests\Helpers\ContainerInstanceTestUtilities.cs(119,13): error CS0103: The name 'Assert' does not exist in the current context
C:\gh\azure-sdk-for-net\sdk\containerinstance\Microsoft.Azure.Management.ContainerInstance\tests\Helpers\ContainerInstanceTestUtilities.cs(119,57): error CS0518: Predefined type 'System.String' is not defined or imported
C:\gh\azure-sdk-for-net\sdk\containerinstance\Microsoft.Azure.Management.ContainerInstance\tests\Helpers\ContainerInstanceTestUtilities.cs(119,100): error CS0518: Predefined type 'System.String' is not defined or imported
C:\gh\azure-sdk-for-net\sdk\containerinstance\Microsoft.Azure.Management.ContainerInstance\tests\Helpers\ContainerInstanceTestUtilities.cs(120,13): error CS0518: Predefined type 'System.Object' is not defined or imported
C:\gh\azure-sdk-for-net\sdk\containerinstance\Microsoft.Azure.Management.ContainerInstance\tests\Helpers\ContainerInstanceTestUtilities.cs(120,13): error CS0103: The name 'Assert' does not exist in the current context
C:\gh\azure-sdk-for-net\sdk\containerinstance\Microsoft.Azure.Management.ContainerInstance\tests\Helpers\ContainerInstanceTestUtilities.cs(120,45): error CS0518: Predefined type 'System.String' is not defined or imported
C:\gh\azure-sdk-for-net\sdk\containerinstance\Microsoft.Azure.Management.ContainerInstance\tests\Helpers\ContainerInstanceTestUtilities.cs(120,76): error CS0518: Predefined type 'System.String' is not defined or imported
C:\gh\azure-sdk-for-net\sdk\containerinstance\Microsoft.Azure.Management.ContainerInstance\tests\Helpers\ContainerInstanceTestUtilities.cs(121,13): error CS0518: Predefined type 'System.Object' is not defined or imported
C:\gh\azure-sdk-for-net\sdk\containerinstance\Microsoft.Azure.Management.ContainerInstance\tests\Helpers\ContainerInstanceTestUtilities.cs(121,13): error CS0103: The name 'Assert' does not exist in the current context
C:\gh\azure-sdk-for-net\sdk\containerinstance\Microsoft.Azure.Management.ContainerInstance\tests\Helpers\ContainerInstanceTestUtilities.cs(121,35): error CS0012: The type 'IList<>' is defined in an assembly that is not referenced. You must add a reference to assembly 'mscorlib, Version=4.0.0.0, Culture=neutral, PublicKeyToken=b77a5c561934e089'.
C:\gh\azure-sdk-for-net\sdk\containerinstance\Microsoft.Azure.Management.ContainerInstance\tests\Helpers\ContainerInstanceTestUtilities.cs(121,46): error CS0518: Predefined type 'System.Int32' is not defined or imported
C:\gh\azure-sdk-for-net\sdk\containerinstance\Microsoft.Azure.Management.ContainerInstance\tests\Helpers\ContainerInstanceTestUtilities.cs(121,62): error CS0012: The type 'IList<>' is defined in an assembly that is not referenced. You must add a reference to assembly 'mscorlib, Version=4.0.0.0, Culture=neutral, PublicKeyToken=b77a5c561934e089'.
C:\gh\azure-sdk-for-net\sdk\containerinstance\Microsoft.Azure.Management.ContainerInstance\tests\Helpers\ContainerInstanceTestUtilities.cs(121,73): error CS0518: Predefined type 'System.Int32' is not defined or imported
C:\gh\azure-sdk-for-net\sdk\containerinstance\Microsoft.Azure.Management.ContainerInstance\tests\Helpers\ContainerInstanceTestUtilities.cs(122,13): error CS0518: Predefined type 'System.Object' is not defined or imported
C:\gh\azure-sdk-for-net\sdk\containerinstance\Microsoft.Azure.Management.ContainerInstance\tests\Helpers\ContainerInstanceTestUtilities.cs(122,13): error CS0103: The name 'Assert' does not exist in the current context
C:\gh\azure-sdk-for-net\sdk\containerinstance\Microsoft.Azure.Management.ContainerInstance\tests\Helpers\ContainerInstanceTestUtilities.cs(122,35): error CS0012: The type 'IList<>' is defined in an assembly that is not referenced. You must add a reference to assembly 'mscorlib, Version=4.0.0.0, Culture=neutral, PublicKeyToken=b77a5c561934e089'.
C:\gh\azure-sdk-for-net\sdk\containerinstance\Microsoft.Azure.Management.ContainerInstance\tests\Helpers\ContainerInstanceTestUtilities.cs(122,46): error CS0518: Predefined type 'System.Int32' is not defined or imported
C:\gh\azure-sdk-for-net\sdk\containerinstance\Microsoft.Azure.Management.ContainerInstance\tests\Helpers\ContainerInstanceTestUtilities.cs(122,63): error CS0012: The type 'IList<>' is defined in an assembly that is not referenced. You must add a reference to assembly 'mscorlib, Version=4.0.0.0, Culture=neutral, PublicKeyToken=b77a5c561934e089'.
C:\gh\azure-sdk-for-net\sdk\containerinstance\Microsoft.Azure.Management.ContainerInstance\tests\Helpers\ContainerInstanceTestUtilities.cs(122,74): error CS0518: Predefined type 'System.Int32' is not defined or imported
C:\gh\azure-sdk-for-net\sdk\containerinstance\Microsoft.Azure.Management.ContainerInstance\tests\Helpers\ContainerInstanceTestUtilities.cs(123,13): error CS0518: Predefined type 'System.Object' is not defined or imported
C:\gh\azure-sdk-for-net\sdk\containerinstance\Microsoft.Azure.Management.ContainerInstance\tests\Helpers\ContainerInstanceTestUtilities.cs(123,13): error CS0103: The name 'Assert' does not exist in the current context
C:\gh\azure-sdk-for-net\sdk\containerinstance\Microsoft.Azure.Management.ContainerInstance\tests\Helpers\ContainerInstanceTestUtilities.cs(123,35): error CS0012: The type 'IList<>' is defined in an assembly that is not referenced. You must add a reference to assembly 'mscorlib, Version=4.0.0.0, Culture=neutral, PublicKeyToken=b77a5c561934e089'.
C:\gh\azure-sdk-for-net\sdk\containerinstance\Microsoft.Azure.Management.ContainerInstance\tests\Helpers\ContainerInstanceTestUtilities.cs(123,46): error CS0518: Predefined type 'System.Int32' is not defined or imported
C:\gh\azure-sdk-for-net\sdk\containerinstance\Microsoft.Azure.Management.ContainerInstance\tests\Helpers\ContainerInstanceTestUtilities.cs(123,85): error CS0012: The type 'IList<>' is defined in an assembly that is not referenced. You must add a reference to assembly 'mscorlib, Version=4.0.0.0, Culture=neutral, PublicKeyToken=b77a5c561934e089'.
C:\gh\azure-sdk-for-net\sdk\containerinstance\Microsoft.Azure.Management.ContainerInstance\tests\Helpers\ContainerInstanceTestUtilities.cs(123,96): error CS0518: Predefined type 'System.Int32' is not defined or imported
C:\gh\azure-sdk-for-net\sdk\containerinstance\Microsoft.Azure.Management.ContainerInstance\tests\Helpers\ContainerInstanceTestUtilities.cs(124,13): error CS0518: Predefined type 'System.Object' is not defined or imported
C:\gh\azure-sdk-for-net\sdk\containerinstance\Microsoft.Azure.Management.ContainerInstance\tests\Helpers\ContainerInstanceTestUtilities.cs(124,13): error CS0103: The name 'Assert' does not exist in the current context
C:\gh\azure-sdk-for-net\sdk\containerinstance\Microsoft.Azure.Management.ContainerInstance\tests\Helpers\ContainerInstanceTestUtilities.cs(124,35): error CS0012: The type 'IList<>' is defined in an assembly that is not referenced. You must add a reference to assembly 'mscorlib, Version=4.0.0.0, Culture=neutral, PublicKeyToken=b77a5c561934e089'.
C:\gh\azure-sdk-for-net\sdk\containerinstance\Microsoft.Azure.Management.ContainerInstance\tests\Helpers\ContainerInstanceTestUtilities.cs(124,46): error CS0518: Predefined type 'System.Int32' is not defined or imported
C:\gh\azure-sdk-for-net\sdk\containerinstance\Microsoft.Azure.Management.ContainerInstance\tests\Helpers\ContainerInstanceTestUtilities.cs(124,70): error CS0518: Predefined type 'System.Int32' is not defined or imported
C:\gh\azure-sdk-for-net\sdk\containerinstance\Microsoft.Azure.Management.ContainerInstance\tests\Helpers\ContainerInstanceTestUtilities.cs(124,86): error CS0012: The type 'IList<>' is defined in an assembly that is not referenced. You must add a reference to assembly 'mscorlib, Version=4.0.0.0, Culture=neutral, PublicKeyToken=b77a5c561934e089'.
C:\gh\azure-sdk-for-net\sdk\containerinstance\Microsoft.Azure.Management.ContainerInstance\tests\Helpers\ContainerInstanceTestUtilities.cs(124,97): error CS0518: Predefined type 'System.Int32' is not defined or imported
C:\gh\azure-sdk-for-net\sdk\containerinstance\Microsoft.Azure.Management.ContainerInstance\tests\Helpers\ContainerInstanceTestUtilities.cs(124,121): error CS0518: Predefined type 'System.Int32' is not defined or imported
C:\gh\azure-sdk-for-net\sdk\containerinstance\Microsoft.Azure.Management.ContainerInstance\tests\Helpers\ContainerInstanceTestUtilities.cs(125,13): error CS0518: Predefined type 'System.Object' is not defined or imported
C:\gh\azure-sdk-for-net\sdk\containerinstance\Microsoft.Azure.Management.ContainerInstance\tests\Helpers\ContainerInstanceTestUtilities.cs(125,13): error CS0103: The name 'Assert' does not exist in the current context
C:\gh\azure-sdk-for-net\sdk\containerinstance\Microsoft.Azure.Management.ContainerInstance\tests\Helpers\ContainerInstanceTestUtilities.cs(125,35): error CS0012: The type 'IList<>' is defined in an assembly that is not referenced. You must add a reference to assembly 'mscorlib, Version=4.0.0.0, Culture=neutral, PublicKeyToken=b77a5c561934e089'.
C:\gh\azure-sdk-for-net\sdk\containerinstance\Microsoft.Azure.Management.ContainerInstance\tests\Helpers\ContainerInstanceTestUtilities.cs(125,46): error CS0518: Predefined type 'System.Int32' is not defined or imported
C:\gh\azure-sdk-for-net\sdk\containerinstance\Microsoft.Azure.Management.ContainerInstance\tests\Helpers\ContainerInstanceTestUtilities.cs(125,80): error CS0012: The type 'IList<>' is defined in an assembly that is not referenced. You must add a reference to assembly 'mscorlib, Version=4.0.0.0, Culture=neutral, PublicKeyToken=b77a5c561934e089'.
C:\gh\azure-sdk-for-net\sdk\containerinstance\Microsoft.Azure.Management.ContainerInstance\tests\Helpers\ContainerInstanceTestUtilities.cs(125,91): error CS0518: Predefined type 'System.Int32' is not defined or imported
C:\gh\azure-sdk-for-net\sdk\containerinstance\Microsoft.Azure.Management.ContainerInstance\tests\Helpers\ContainerInstanceTestUtilities.cs(126,13): error CS0518: Predefined type 'System.Object' is not defined or imported
C:\gh\azure-sdk-for-net\sdk\containerinstance\Microsoft.Azure.Management.ContainerInstance\tests\Helpers\ContainerInstanceTestUtilities.cs(126,13): error CS0103: The name 'Assert' does not exist in the current context
C:\gh\azure-sdk-for-net\sdk\containerinstance\Microsoft.Azure.Management.ContainerInstance\tests\Helpers\ContainerInstanceTestUtilities.cs(126,35): error CS0012: The type 'IList<>' is defined in an assembly that is not referenced. You must add a reference to assembly 'mscorlib, Version=4.0.0.0, Culture=neutral, PublicKeyToken=b77a5c561934e089'.
C:\gh\azure-sdk-for-net\sdk\containerinstance\Microsoft.Azure.Management.ContainerInstance\tests\Helpers\ContainerInstanceTestUtilities.cs(126,46): error CS0518: Predefined type 'System.Int32' is not defined or imported
C:\gh\azure-sdk-for-net\sdk\containerinstance\Microsoft.Azure.Management.ContainerInstance\tests\Helpers\ContainerInstanceTestUtilities.cs(126,87): error CS0012: The type 'IList<>' is defined in an assembly that is not referenced. You must add a reference to assembly 'mscorlib, Version=4.0.0.0, Culture=neutral, PublicKeyToken=b77a5c561934e089'.
C:\gh\azure-sdk-for-net\sdk\containerinstance\Microsoft.Azure.Management.ContainerInstance\tests\Helpers\ContainerInstanceTestUtilities.cs(126,98): error CS0518: Predefined type 'System.Int32' is not defined or imported
C:\gh\azure-sdk-for-net\sdk\containerinstance\Microsoft.Azure.Management.ContainerInstance\tests\Helpers\ContainerInstanceTestUtilities.cs(127,13): error CS0518: Predefined type 'System.Object' is not defined or imported
C:\gh\azure-sdk-for-net\sdk\containerinstance\Microsoft.Azure.Management.ContainerInstance\tests\Helpers\ContainerInstanceTestUtilities.cs(127,13): error CS0103: The name 'Assert' does not exist in the current context
C:\gh\azure-sdk-for-net\sdk\containerinstance\Microsoft.Azure.Management.ContainerInstance\tests\Helpers\ContainerInstanceTestUtilities.cs(127,35): error CS0012: The type 'IList<>' is defined in an assembly that is not referenced. You must add a reference to assembly 'mscorlib, Version=4.0.0.0, Culture=neutral, PublicKeyToken=b77a5c561934e089'.
C:\gh\azure-sdk-for-net\sdk\containerinstance\Microsoft.Azure.Management.ContainerInstance\tests\Helpers\ContainerInstanceTestUtilities.cs(127,50): error CS0518: Predefined type 'System.Int32' is not defined or imported
C:\gh\azure-sdk-for-net\sdk\containerinstance\Microsoft.Azure.Management.ContainerInstance\tests\Helpers\ContainerInstanceTestUtilities.cs(127,66): error CS0012: The type 'IList<>' is defined in an assembly that is not referenced. You must add a reference to assembly 'mscorlib, Version=4.0.0.0, Culture=neutral, PublicKeyToken=b77a5c561934e089'.
C:\gh\azure-sdk-for-net\sdk\containerinstance\Microsoft.Azure.Management.ContainerInstance\tests\Helpers\ContainerInstanceTestUtilities.cs(127,81): error CS0518: Predefined type 'System.Int32' is not defined or imported
C:\gh\azure-sdk-for-net\sdk\containerinstance\Microsoft.Azure.Management.ContainerInstance\tests\Helpers\ContainerInstanceTestUtilities.cs(128,13): error CS0518: Predefined type 'System.Object' is not defined or imported
C:\gh\azure-sdk-for-net\sdk\containerinstance\Microsoft.Azure.Management.ContainerInstance\tests\Helpers\ContainerInstanceTestUtilities.cs(128,13): error CS0103: The name 'Assert' does not exist in the current context
C:\gh\azure-sdk-for-net\sdk\containerinstance\Microsoft.Azure.Management.ContainerInstance\tests\Helpers\ContainerInstanceTestUtilities.cs(128,35): error CS0012: The type 'IList<>' is defined in an assembly that is not referenced. You must add a reference to assembly 'mscorlib, Version=4.0.0.0, Culture=neutral, PublicKeyToken=b77a5c561934e089'.
C:\gh\azure-sdk-for-net\sdk\containerinstance\Microsoft.Azure.Management.ContainerInstance\tests\Helpers\ContainerInstanceTestUtilities.cs(128,50): error CS0518: Predefined type 'System.Int32' is not defined or imported
C:\gh\azure-sdk-for-net\sdk\containerinstance\Microsoft.Azure.Management.ContainerInstance\tests\Helpers\ContainerInstanceTestUtilities.cs(128,67): error CS0012: The type 'IList<>' is defined in an assembly that is not referenced. You must add a reference to assembly 'mscorlib, Version=4.0.0.0, Culture=neutral, PublicKeyToken=b77a5c561934e089'.
C:\gh\azure-sdk-for-net\sdk\containerinstance\Microsoft.Azure.Management.ContainerInstance\tests\Helpers\ContainerInstanceTestUtilities.cs(128,82): error CS0518: Predefined type 'System.Int32' is not defined or imported
C:\gh\azure-sdk-for-net\sdk\containerinstance\Microsoft.Azure.Management.ContainerInstance\tests\Helpers\ContainerInstanceTestUtilities.cs(14,18): error CS1729: 'object' does not contain a constructor that takes 0 arguments
C:\gh\azure-sdk-for-net\sdk\containerinstance\Microsoft.Azure.Management.ContainerInstance\tests\Tests\ContainerInstanceTests.cs(8,1): hidden CS8019: Unnecessary using directive.
C:\gh\azure-sdk-for-net\sdk\containerinstance\Microsoft.Azure.Management.ContainerInstance\tests\Helpers\RecordedDelegatingHandler.cs(5,1): hidden CS8019: Unnecessary using directive.
C:\gh\azure-sdk-for-net\sdk\containerinstance\Microsoft.Azure.Management.ContainerInstance\tests\Helpers\RecordedDelegatingHandler.cs(8,1): hidden CS8019: Unnecessary using directive.
C:\gh\azure-sdk-for-net\sdk\containerinstance\Microsoft.Azure.Management.ContainerInstance\tests\Properties\AssemblyInfo.cs(6,1): hidden CS8019: Unnecessary using directive.
C:\gh\azure-sdk-for-net\sdk\containerinstance\Microsoft.Azure.Management.ContainerInstance\tests\Tests\ContainerInstanceTests.cs(5,1): hidden CS8019: Unnecessary using directive.
C:\gh\azure-sdk-for-net\eng\mgmt\DisableTestRunParallel.cs(5,1): hidden CS8019: Unnecessary using directive.
C:\gh\azure-sdk-for-net\eng\mgmt\DisableTestRunParallel.cs(4,1): hidden CS8019: Unnecessary using directive.
C:\gh\azure-sdk-for-net\artifacts\obj\Microsoft.Azure.Management.ContainerInstance.Tests\Debug\netcoreapp2.0\Microsoft.Azure.Management.ContainerInstance.Tests.AssemblyInfo.cs(12,1): hidden CS8019: Unnecessary using directive.
C:\gh\azure-sdk-for-net\sdk\containerinstance\Microsoft.Azure.Management.ContainerInstance\tests\Tests\ContainerInstanceTests.cs(9,1): hidden CS8019: Unnecessary using directive.
C:\gh\azure-sdk-for-net\sdk\containerinstance\Microsoft.Azure.Management.ContainerInstance\tests\Properties\AssemblyInfo.cs(7,1): hidden CS8019: Unnecessary using directive.
C:\gh\azure-sdk-for-net\sdk\containerinstance\Microsoft.Azure.Management.ContainerInstance\tests\Helpers\ContainerInstanceTestUtilities.cs(7,1): hidden CS8019: Unnecessary using directive.
C:\gh\azure-sdk-for-net\sdk\containerinstance\Microsoft.Azure.Management.ContainerInstance\tests\Tests\ContainerInstanceTests.cs(7,1): hidden CS8019: Unnecessary using directive.
C:\gh\azure-sdk-for-net\sdk\containerinstance\Microsoft.Azure.Management.ContainerInstance\tests\Tests\ContainerInstanceTests.cs(4,1): hidden CS8019: Unnecessary using directive.
C:\gh\azure-sdk-for-net\sdk\containerinstance\Microsoft.Azure.Management.ContainerInstance\tests\Helpers\RecordedDelegatingHandler.cs(6,1): hidden CS8019: Unnecessary using directive.
C:\gh\azure-sdk-for-net\sdk\containerinstance\Microsoft.Azure.Management.ContainerInstance\tests\Helpers\RecordedDelegatingHandler.cs(4,1): hidden CS8019: Unnecessary using directive.
C:\gh\azure-sdk-for-net\artifacts\obj\Microsoft.Azure.Management.ContainerInstance.Tests\Debug\netcoreapp2.0\.NETCoreApp,Version=v2.0.AssemblyAttributes.cs(2,1): hidden CS8019: Unnecessary using directive.
C:\gh\azure-sdk-for-net\sdk\containerinstance\Microsoft.Azure.Management.ContainerInstance\tests\Helpers\ContainerInstanceTestUtilities.cs(9,1): hidden CS8019: Unnecessary using directive.
C:\gh\azure-sdk-for-net\sdk\containerinstance\Microsoft.Azure.Management.ContainerInstance\tests\Helpers\RecordedDelegatingHandler.cs(7,1): hidden CS8019: Unnecessary using directive.
C:\gh\azure-sdk-for-net\artifacts\obj\Microsoft.Azure.Management.ContainerInstance.Tests\Debug\netcoreapp2.0\.NETCoreApp,Version=v2.0.AssemblyAttributes.cs(3,1): hidden CS8019: Unnecessary using directive.
C:\gh\azure-sdk-for-net\sdk\containerinstance\Microsoft.Azure.Management.ContainerInstance\tests\Properties\AssemblyInfo.cs(5,1): hidden CS8019: Unnecessary using directive.
C:\gh\azure-sdk-for-net\sdk\containerinstance\Microsoft.Azure.Management.ContainerInstance\tests\Properties\AssemblyInfo.cs(4,1): hidden CS8019: Unnecessary using directive.
C:\gh\azure-sdk-for-net\artifacts\obj\Microsoft.Azure.Management.ContainerInstance.Tests\Debug\netcoreapp2.0\Microsoft.Azure.Management.ContainerInstance.Tests.AssemblyInfo.cs(11,1): hidden CS8019: Unnecessary using directive.
C:\gh\azure-sdk-for-net\sdk\containerinstance\Microsoft.Azure.Management.ContainerInstance\tests\Helpers\ContainerInstanceTestUtilities.cs(10,1): hidden CS8019: Unnecessary using directive.
C:\gh\azure-sdk-for-net\sdk\containerinstance\Microsoft.Azure.Management.ContainerInstance\tests\Helpers\ContainerInstanceTestUtilities.cs(4,1): hidden CS8019: Unnecessary using directive.
C:\gh\azure-sdk-for-net\sdk\containerinstance\Microsoft.Azure.Management.ContainerInstance\tests\Helpers\ContainerInstanceTestUtilities.cs(8,1): hidden CS8019: Unnecessary using directive.
