C:\gh\azure-sdk-for-net\sdk\extensions\Microsoft.Azure.WebJobs.Extensions.Clients\tests\shared\TestLogger.cs(11,31): error CS0246: The type or namespace name 'ILogger' could not be found (are you missing a using directive or an assembly reference?)
C:\gh\azure-sdk-for-net\sdk\extensions\Microsoft.Azure.WebJobs.Extensions.Clients\tests\shared\TestConfigurationBuilderExtensions.cs(17,66): error CS0246: The type or namespace name 'IConfigurationBuilder' could not be found (are you missing a using directive or an assembly reference?)
C:\gh\azure-sdk-for-net\sdk\extensions\Microsoft.Azure.WebJobs.Extensions.Clients\tests\shared\TestConfigurationBuilderExtensions.cs(17,23): error CS0246: The type or namespace name 'IConfigurationBuilder' could not be found (are you missing a using directive or an assembly reference?)
C:\gh\azure-sdk-for-net\sdk\extensions\Microsoft.Azure.WebJobs.Extensions.Clients\tests\shared\FakeTypeLocatorOfT.cs(10,39): error CS0246: The type or namespace name 'ITypeLocator' could not be found (are you missing a using directive or an assembly reference?)
C:\gh\azure-sdk-for-net\sdk\extensions\Microsoft.Azure.WebJobs.Extensions.Clients\tests\shared\TestLogger.cs(53,41): error CS0122: 'LogLevel' is inaccessible due to its protection level
C:\gh\azure-sdk-for-net\sdk\extensions\Microsoft.Azure.WebJobs.Extensions.Clients\tests\shared\TestLogger.cs(53,60): error CS0246: The type or namespace name 'EventId' could not be found (are you missing a using directive or an assembly reference?)
C:\gh\azure-sdk-for-net\sdk\extensions\Microsoft.Azure.WebJobs.Extensions.Clients\tests\shared\FakeTypeLocator.cs(9,36): error CS0246: The type or namespace name 'ITypeLocator' could not be found (are you missing a using directive or an assembly reference?)
C:\gh\azure-sdk-for-net\sdk\extensions\Microsoft.Azure.WebJobs.Extensions.Clients\tests\shared\JobHost.cs(14,38): error CS0305: Using the generic type 'JobHost<TProgram>' requires 1 type arguments
C:\gh\azure-sdk-for-net\sdk\extensions\Microsoft.Azure.WebJobs.Extensions.Clients\tests\AzureClientAttributeFunctionalTests.cs(58,63): error CS0246: The type or namespace name 'SecretClient' could not be found (are you missing a using directive or an assembly reference?)
C:\gh\azure-sdk-for-net\sdk\extensions\Microsoft.Azure.WebJobs.Extensions.Clients\tests\shared\FakeActivator.cs(9,34): error CS0246: The type or namespace name 'IJobActivator' could not be found (are you missing a using directive or an assembly reference?)
C:\gh\azure-sdk-for-net\sdk\extensions\Microsoft.Azure.WebJobs.Extensions.Clients\tests\shared\TestLogger.cs(32,31): error CS0122: 'LogLevel' is inaccessible due to its protection level
C:\gh\azure-sdk-for-net\sdk\extensions\Microsoft.Azure.WebJobs.Extensions.Clients\tests\shared\TestHelpers.cs(236,52): error CS0305: Using the generic type 'JobHost<TProgram>' requires 1 type arguments
C:\gh\azure-sdk-for-net\sdk\extensions\Microsoft.Azure.WebJobs.Extensions.Clients\tests\shared\TestHelpers.cs(241,52): error CS0305: Using the generic type 'JobHost<TProgram>' requires 1 type arguments
C:\gh\azure-sdk-for-net\sdk\extensions\Microsoft.Azure.WebJobs.Extensions.Clients\tests\shared\TestHelpers.cs(159,76): error CS0246: The type or namespace name 'IHostBuilder' could not be found (are you missing a using directive or an assembly reference?)
C:\gh\azure-sdk-for-net\sdk\extensions\Microsoft.Azure.WebJobs.Extensions.Clients\tests\shared\TestHelpers.cs(160,38): error CS0246: The type or namespace name 'IWebJobsBuilder' could not be found (are you missing a using directive or an assembly reference?)
C:\gh\azure-sdk-for-net\sdk\extensions\Microsoft.Azure.WebJobs.Extensions.Clients\tests\shared\TestHelpers.cs(159,23): error CS0246: The type or namespace name 'IHostBuilder' could not be found (are you missing a using directive or an assembly reference?)
C:\gh\azure-sdk-for-net\sdk\extensions\Microsoft.Azure.WebJobs.Extensions.Clients\tests\shared\TestHelpers.cs(312,23): error CS0246: The type or namespace name 'IConfiguration' could not be found (are you missing a using directive or an assembly reference?)
C:\gh\azure-sdk-for-net\sdk\extensions\Microsoft.Azure.WebJobs.Extensions.Clients\tests\shared\TestExceptionHandlerFactory.cs(13,48): error CS0246: The type or namespace name 'IWebJobsExceptionHandlerFactory' could not be found (are you missing a using directive or an assembly reference?)
C:\gh\azure-sdk-for-net\sdk\extensions\Microsoft.Azure.WebJobs.Extensions.Clients\tests\shared\TestExceptionHandlerFactory.cs(19,45): error CS0246: The type or namespace name 'IWebJobsExceptionHandler' could not be found (are you missing a using directive or an assembly reference?)
C:\gh\azure-sdk-for-net\sdk\extensions\Microsoft.Azure.WebJobs.Extensions.Clients\tests\shared\TestHelpers.cs(171,76): error CS0246: The type or namespace name 'IHostBuilder' could not be found (are you missing a using directive or an assembly reference?)
C:\gh\azure-sdk-for-net\sdk\extensions\Microsoft.Azure.WebJobs.Extensions.Clients\tests\shared\TestHelpers.cs(171,23): error CS0246: The type or namespace name 'IHostBuilder' could not be found (are you missing a using directive or an assembly reference?)
C:\gh\azure-sdk-for-net\sdk\extensions\Microsoft.Azure.WebJobs.Extensions.Clients\tests\shared\TestHelpers.cs(180,76): error CS0246: The type or namespace name 'IHostBuilder' could not be found (are you missing a using directive or an assembly reference?)
C:\gh\azure-sdk-for-net\sdk\extensions\Microsoft.Azure.WebJobs.Extensions.Clients\tests\shared\TestHelpers.cs(180,105): error CS0246: The type or namespace name 'IWebJobsBuilder' could not be found (are you missing a using directive or an assembly reference?)
C:\gh\azure-sdk-for-net\sdk\extensions\Microsoft.Azure.WebJobs.Extensions.Clients\tests\shared\TestHelpers.cs(181,13): error CS0246: The type or namespace name 'INameResolver' could not be found (are you missing a using directive or an assembly reference?)
C:\gh\azure-sdk-for-net\sdk\extensions\Microsoft.Azure.WebJobs.Extensions.Clients\tests\shared\TestHelpers.cs(181,48): error CS0246: The type or namespace name 'IJobActivator' could not be found (are you missing a using directive or an assembly reference?)
C:\gh\azure-sdk-for-net\sdk\extensions\Microsoft.Azure.WebJobs.Extensions.Clients\tests\shared\TestHelpers.cs(180,23): error CS0246: The type or namespace name 'IHostBuilder' could not be found (are you missing a using directive or an assembly reference?)
C:\gh\azure-sdk-for-net\sdk\extensions\Microsoft.Azure.WebJobs.Extensions.Clients\tests\shared\TestExceptionHandlerFactory.cs(17,48): error CS0246: The type or namespace name 'IHost' could not be found (are you missing a using directive or an assembly reference?)
C:\gh\azure-sdk-for-net\sdk\extensions\Microsoft.Azure.WebJobs.Extensions.Clients\tests\shared\TestExceptionHandlerFactory.cs(17,16): error CS0246: The type or namespace name 'IWebJobsExceptionHandler' could not be found (are you missing a using directive or an assembly reference?)
C:\gh\azure-sdk-for-net\sdk\extensions\Microsoft.Azure.WebJobs.Extensions.Clients\tests\shared\FakeNameResolver.cs(9,37): error CS0246: The type or namespace name 'INameResolver' could not be found (are you missing a using directive or an assembly reference?)
C:\gh\azure-sdk-for-net\sdk\extensions\Microsoft.Azure.WebJobs.Extensions.Clients\tests\shared\TestHelpers.cs(231,67): error CS0246: The type or namespace name 'IHost' could not be found (are you missing a using directive or an assembly reference?)
C:\gh\azure-sdk-for-net\sdk\extensions\Microsoft.Azure.WebJobs.Extensions.Clients\tests\shared\JobHost.cs(16,26): error CS0246: The type or namespace name 'IJobActivator' could not be found (are you missing a using directive or an assembly reference?)
C:\gh\azure-sdk-for-net\sdk\extensions\Microsoft.Azure.WebJobs.Extensions.Clients\tests\AzureClientAttributeTests.cs(99,10): error CS0246: The type or namespace name 'TestAttribute' could not be found (are you missing a using directive or an assembly reference?)
C:\gh\azure-sdk-for-net\sdk\extensions\Microsoft.Azure.WebJobs.Extensions.Clients\tests\AzureClientAttributeTests.cs(99,10): error CS0246: The type or namespace name 'Test' could not be found (are you missing a using directive or an assembly reference?)
C:\gh\azure-sdk-for-net\sdk\extensions\Microsoft.Azure.WebJobs.Extensions.Clients\tests\shared\JobHost.cs(19,13): error CS0246: The type or namespace name 'IOptions<>' could not be found (are you missing a using directive or an assembly reference?)
C:\gh\azure-sdk-for-net\sdk\extensions\Microsoft.Azure.WebJobs.Extensions.Clients\tests\shared\JobHost.cs(19,22): error CS0246: The type or namespace name 'JobHostOptions' could not be found (are you missing a using directive or an assembly reference?)
C:\gh\azure-sdk-for-net\sdk\extensions\Microsoft.Azure.WebJobs.Extensions.Clients\tests\shared\JobHost.cs(20,13): error CS0246: The type or namespace name 'IJobHostContextFactory' could not be found (are you missing a using directive or an assembly reference?)
C:\gh\azure-sdk-for-net\sdk\extensions\Microsoft.Azure.WebJobs.Extensions.Clients\tests\shared\JobHost.cs(21,13): error CS0246: The type or namespace name 'IJobActivator' could not be found (are you missing a using directive or an assembly reference?)
C:\gh\azure-sdk-for-net\sdk\extensions\Microsoft.Azure.WebJobs.Extensions.Clients\tests\AzureClientAttributeFunctionalTests.cs(31,10): error CS0012: The type 'TestAttribute' is defined in an assembly that is not referenced. You must add a reference to assembly 'nunit.framework, Version=3.12.0.0, Culture=neutral, PublicKeyToken=2638cd05610744eb'.
C:\gh\azure-sdk-for-net\sdk\extensions\Microsoft.Azure.WebJobs.Extensions.Clients\tests\shared\TestExceptionHandlerFactory.cs(21,36): error CS0305: Using the generic type 'JobHost<TProgram>' requires 1 type arguments
C:\gh\azure-sdk-for-net\sdk\extensions\Microsoft.Azure.WebJobs.Extensions.Clients\tests\AzureClientAttributeTests.cs(68,10): error CS0246: The type or namespace name 'TestCaseAttribute' could not be found (are you missing a using directive or an assembly reference?)
C:\gh\azure-sdk-for-net\sdk\extensions\Microsoft.Azure.WebJobs.Extensions.Clients\tests\AzureClientAttributeTests.cs(68,10): error CS0246: The type or namespace name 'TestCase' could not be found (are you missing a using directive or an assembly reference?)
C:\gh\azure-sdk-for-net\sdk\extensions\Microsoft.Azure.WebJobs.Extensions.Clients\tests\AzureClientAttributeTests.cs(69,10): error CS0246: The type or namespace name 'TestCaseAttribute' could not be found (are you missing a using directive or an assembly reference?)
C:\gh\azure-sdk-for-net\sdk\extensions\Microsoft.Azure.WebJobs.Extensions.Clients\tests\AzureClientAttributeTests.cs(69,10): error CS0246: The type or namespace name 'TestCase' could not be found (are you missing a using directive or an assembly reference?)
C:\gh\azure-sdk-for-net\sdk\extensions\Microsoft.Azure.WebJobs.Extensions.Clients\tests\AzureClientAttributeTests.cs(70,10): error CS0246: The type or namespace name 'TestCaseAttribute' could not be found (are you missing a using directive or an assembly reference?)
C:\gh\azure-sdk-for-net\sdk\extensions\Microsoft.Azure.WebJobs.Extensions.Clients\tests\AzureClientAttributeTests.cs(70,10): error CS0246: The type or namespace name 'TestCase' could not be found (are you missing a using directive or an assembly reference?)
C:\gh\azure-sdk-for-net\sdk\extensions\Microsoft.Azure.WebJobs.Extensions.Clients\tests\shared\TestLoggerProvider.cs(11,39): error CS0246: The type or namespace name 'ILoggerProvider' could not be found (are you missing a using directive or an assembly reference?)
C:\gh\azure-sdk-for-net\sdk\extensions\Microsoft.Azure.WebJobs.Extensions.Clients\tests\AzureClientAttributeTests.cs(46,10): error CS0246: The type or namespace name 'TestCaseAttribute' could not be found (are you missing a using directive or an assembly reference?)
C:\gh\azure-sdk-for-net\sdk\extensions\Microsoft.Azure.WebJobs.Extensions.Clients\tests\AzureClientAttributeTests.cs(46,10): error CS0246: The type or namespace name 'TestCase' could not be found (are you missing a using directive or an assembly reference?)
C:\gh\azure-sdk-for-net\sdk\extensions\Microsoft.Azure.WebJobs.Extensions.Clients\tests\AzureClientAttributeTests.cs(47,10): error CS0246: The type or namespace name 'TestCaseAttribute' could not be found (are you missing a using directive or an assembly reference?)
C:\gh\azure-sdk-for-net\sdk\extensions\Microsoft.Azure.WebJobs.Extensions.Clients\tests\AzureClientAttributeTests.cs(47,10): error CS0246: The type or namespace name 'TestCase' could not be found (are you missing a using directive or an assembly reference?)
C:\gh\azure-sdk-for-net\sdk\extensions\Microsoft.Azure.WebJobs.Extensions.Clients\tests\AzureClientAttributeTests.cs(48,10): error CS0246: The type or namespace name 'TestCaseAttribute' could not be found (are you missing a using directive or an assembly reference?)
C:\gh\azure-sdk-for-net\sdk\extensions\Microsoft.Azure.WebJobs.Extensions.Clients\tests\AzureClientAttributeTests.cs(48,10): error CS0246: The type or namespace name 'TestCase' could not be found (are you missing a using directive or an assembly reference?)
C:\gh\azure-sdk-for-net\sdk\extensions\Microsoft.Azure.WebJobs.Extensions.Clients\tests\shared\TestLoggerProvider.cs(25,16): error CS0246: The type or namespace name 'ILogger' could not be found (are you missing a using directive or an assembly reference?)
C:\gh\azure-sdk-for-net\sdk\extensions\Microsoft.Azure.WebJobs.Extensions.Clients\tests\shared\TestHelpers.cs(252,76): error CS0246: The type or namespace name 'IHost' could not be found (are you missing a using directive or an assembly reference?)
C:\gh\azure-sdk-for-net\sdk\extensions\Microsoft.Azure.WebJobs.Extensions.Clients\tests\shared\TestHelpers.cs(252,23): error CS0246: The type or namespace name 'IJobHostMetadataProvider' could not be found (are you missing a using directive or an assembly reference?)
C:\gh\azure-sdk-for-net\sdk\extensions\Microsoft.Azure.WebJobs.Extensions.Clients\tests\shared\TestHelpers.cs(246,58): error CS0246: The type or namespace name 'IHost' could not be found (are you missing a using directive or an assembly reference?)
C:\gh\azure-sdk-for-net\sdk\extensions\Microsoft.Azure.WebJobs.Extensions.Clients\tests\shared\TestLoggerProvider.cs(13,26): error CS0246: The type or namespace name 'LoggerFilterOptions' could not be found (are you missing a using directive or an assembly reference?)
C:\gh\azure-sdk-for-net\sdk\extensions\Microsoft.Azure.WebJobs.Extensions.Clients\tests\shared\TestHelpers.cs(226,47): error CS0246: The type or namespace name 'IHost' could not be found (are you missing a using directive or an assembly reference?)
C:\gh\azure-sdk-for-net\sdk\extensions\Microsoft.Azure.WebJobs.Extensions.Clients\tests\shared\TestHelpers.cs(226,23): error CS0305: Using the generic type 'JobHost<TProgram>' requires 1 type arguments
C:\gh\azure-sdk-for-net\sdk\extensions\Microsoft.Azure.WebJobs.Extensions.Clients\tests\AzureClientAttributeTests.cs(15,10): error CS0246: The type or namespace name 'TestCaseAttribute' could not be found (are you missing a using directive or an assembly reference?)
C:\gh\azure-sdk-for-net\sdk\extensions\Microsoft.Azure.WebJobs.Extensions.Clients\tests\AzureClientAttributeTests.cs(15,10): error CS0246: The type or namespace name 'TestCase' could not be found (are you missing a using directive or an assembly reference?)
C:\gh\azure-sdk-for-net\sdk\extensions\Microsoft.Azure.WebJobs.Extensions.Clients\tests\AzureClientAttributeTests.cs(16,10): error CS0246: The type or namespace name 'TestCaseAttribute' could not be found (are you missing a using directive or an assembly reference?)
C:\gh\azure-sdk-for-net\sdk\extensions\Microsoft.Azure.WebJobs.Extensions.Clients\tests\AzureClientAttributeTests.cs(16,10): error CS0246: The type or namespace name 'TestCase' could not be found (are you missing a using directive or an assembly reference?)
C:\gh\azure-sdk-for-net\sdk\extensions\Microsoft.Azure.WebJobs.Extensions.Clients\tests\AzureClientAttributeTests.cs(17,10): error CS0246: The type or namespace name 'TestCaseAttribute' could not be found (are you missing a using directive or an assembly reference?)
C:\gh\azure-sdk-for-net\sdk\extensions\Microsoft.Azure.WebJobs.Extensions.Clients\tests\AzureClientAttributeTests.cs(17,10): error CS0246: The type or namespace name 'TestCase' could not be found (are you missing a using directive or an assembly reference?)
C:\gh\azure-sdk-for-net\sdk\extensions\Microsoft.Azure.WebJobs.Extensions.Clients\tests\shared\TestHelpers.cs(221,64): error CS0246: The type or namespace name 'IHost' could not be found (are you missing a using directive or an assembly reference?)
C:\gh\azure-sdk-for-net\sdk\extensions\Microsoft.Azure.WebJobs.Extensions.Clients\tests\shared\TestHelpers.cs(216,69): error CS0246: The type or namespace name 'IHost' could not be found (are you missing a using directive or an assembly reference?)
C:\gh\azure-sdk-for-net\sdk\extensions\Microsoft.Azure.WebJobs.Extensions.Clients\tests\shared\TestHelpers.cs(208,62): error CS0246: The type or namespace name 'IHostBuilder' could not be found (are you missing a using directive or an assembly reference?)
C:\gh\azure-sdk-for-net\sdk\extensions\Microsoft.Azure.WebJobs.Extensions.Clients\tests\shared\TestHelpers.cs(208,23): error CS0246: The type or namespace name 'IHostBuilder' could not be found (are you missing a using directive or an assembly reference?)
C:\gh\azure-sdk-for-net\sdk\extensions\Microsoft.Azure.WebJobs.Extensions.Clients\tests\shared\TestHelpers.cs(200,61): error CS0246: The type or namespace name 'IHostBuilder' could not be found (are you missing a using directive or an assembly reference?)
C:\gh\azure-sdk-for-net\sdk\extensions\Microsoft.Azure.WebJobs.Extensions.Clients\tests\shared\TestHelpers.cs(200,23): error CS0246: The type or namespace name 'IHostBuilder' could not be found (are you missing a using directive or an assembly reference?)
C:\gh\azure-sdk-for-net\sdk\extensions\Microsoft.Azure.WebJobs.Extensions.Clients\tests\shared\TestHelpers.cs(141,66): error CS0246: The type or namespace name 'IHostBuilder' could not be found (are you missing a using directive or an assembly reference?)
C:\gh\azure-sdk-for-net\sdk\extensions\Microsoft.Azure.WebJobs.Extensions.Clients\tests\shared\TestHelpers.cs(141,23): error CS0246: The type or namespace name 'IHostBuilder' could not be found (are you missing a using directive or an assembly reference?)
C:\gh\azure-sdk-for-net\sdk\extensions\Microsoft.Azure.WebJobs.Extensions.Clients\tests\shared\TestHelpers.cs(146,66): error CS0246: The type or namespace name 'IHostBuilder' could not be found (are you missing a using directive or an assembly reference?)
C:\gh\azure-sdk-for-net\sdk\extensions\Microsoft.Azure.WebJobs.Extensions.Clients\tests\shared\TestHelpers.cs(146,95): error CS0246: The type or namespace name 'IWebJobsBuilder' could not be found (are you missing a using directive or an assembly reference?)
C:\gh\azure-sdk-for-net\sdk\extensions\Microsoft.Azure.WebJobs.Extensions.Clients\tests\shared\TestHelpers.cs(146,23): error CS0246: The type or namespace name 'IHostBuilder' could not be found (are you missing a using directive or an assembly reference?)
C:\gh\azure-sdk-for-net\sdk\extensions\Microsoft.Azure.WebJobs.Extensions.Clients\tests\shared\TestHelpers.cs(42,70): error CS0246: The type or namespace name 'IWebJobsBuilder' could not be found (are you missing a using directive or an assembly reference?)
C:\gh\azure-sdk-for-net\sdk\extensions\Microsoft.Azure.WebJobs.Extensions.Clients\tests\shared\TestHelpers.cs(25,72): error CS0246: The type or namespace name 'IServiceCollection' could not be found (are you missing a using directive or an assembly reference?)
C:\gh\azure-sdk-for-net\sdk\extensions\Microsoft.Azure.WebJobs.Extensions.Clients\tests\shared\TestHelpers.cs(25,23): error CS0246: The type or namespace name 'IServiceCollection' could not be found (are you missing a using directive or an assembly reference?)
C:\gh\azure-sdk-for-net\sdk\extensions\Microsoft.Azure.WebJobs.Extensions.Clients\tests\AzureClientAttributeFunctionalTests.cs(8,13): error CS0234: The type or namespace name 'Security' does not exist in the namespace 'Azure' (are you missing an assembly reference?)
C:\gh\azure-sdk-for-net\sdk\extensions\Microsoft.Azure.WebJobs.Extensions.Clients\tests\AzureClientAttributeFunctionalTests.cs(12,28): error CS0234: The type or namespace name 'Configuration' does not exist in the namespace 'Microsoft.Extensions' (are you missing an assembly reference?)
C:\gh\azure-sdk-for-net\sdk\extensions\Microsoft.Azure.WebJobs.Extensions.Clients\tests\AzureClientAttributeTests.cs(7,28): error CS0234: The type or namespace name 'Configuration' does not exist in the namespace 'Microsoft.Extensions' (are you missing an assembly reference?)
C:\gh\azure-sdk-for-net\sdk\extensions\Microsoft.Azure.WebJobs.Extensions.Clients\tests\AzureClientAttributeTests.cs(9,7): error CS0246: The type or namespace name 'NUnit' could not be found (are you missing a using directive or an assembly reference?)
C:\gh\azure-sdk-for-net\sdk\extensions\Microsoft.Azure.WebJobs.Extensions.Clients\tests\shared\JobHost.cs(6,36): error CS0234: The type or namespace name 'Executors' does not exist in the namespace 'Microsoft.Azure.WebJobs.Host' (are you missing an assembly reference?)
C:\gh\azure-sdk-for-net\sdk\extensions\Microsoft.Azure.WebJobs.Extensions.Clients\tests\shared\JobHost.cs(7,36): error CS0234: The type or namespace name 'Indexers' does not exist in the namespace 'Microsoft.Azure.WebJobs.Host' (are you missing an assembly reference?)
C:\gh\azure-sdk-for-net\sdk\extensions\Microsoft.Azure.WebJobs.Extensions.Clients\tests\shared\JobHost.cs(8,28): error CS0234: The type or namespace name 'Options' does not exist in the namespace 'Microsoft.Extensions' (are you missing an assembly reference?)
C:\gh\azure-sdk-for-net\sdk\extensions\Microsoft.Azure.WebJobs.Extensions.Clients\tests\shared\JobHost.cs(9,7): error CS0246: The type or namespace name 'NUnit' could not be found (are you missing a using directive or an assembly reference?)
C:\gh\azure-sdk-for-net\sdk\extensions\Microsoft.Azure.WebJobs.Extensions.Clients\tests\shared\JobHost.cs(10,7): error CS0246: The type or namespace name 'NUnit' could not be found (are you missing a using directive or an assembly reference?)
C:\gh\azure-sdk-for-net\sdk\extensions\Microsoft.Azure.WebJobs.Extensions.Clients\tests\shared\LogMessage.cs(7,28): error CS0234: The type or namespace name 'Logging' does not exist in the namespace 'Microsoft.Extensions' (are you missing an assembly reference?)
C:\gh\azure-sdk-for-net\sdk\extensions\Microsoft.Azure.WebJobs.Extensions.Clients\tests\shared\TestConfigurationBuilderExtensions.cs(6,28): error CS0234: The type or namespace name 'Configuration' does not exist in the namespace 'Microsoft.Extensions' (are you missing an assembly reference?)
C:\gh\azure-sdk-for-net\sdk\extensions\Microsoft.Azure.WebJobs.Extensions.Clients\tests\shared\TestExceptionHandlerFactory.cs(7,36): error CS0234: The type or namespace name 'Timers' does not exist in the namespace 'Microsoft.Azure.WebJobs.Host' (are you missing an assembly reference?)
C:\gh\azure-sdk-for-net\sdk\extensions\Microsoft.Azure.WebJobs.Extensions.Clients\tests\shared\TestExceptionHandlerFactory.cs(9,7): error CS0246: The type or namespace name 'NUnit' could not be found (are you missing a using directive or an assembly reference?)
C:\gh\azure-sdk-for-net\sdk\extensions\Microsoft.Azure.WebJobs.Extensions.Clients\tests\shared\TestHelpers.cs(11,36): error CS0234: The type or namespace name 'Config' does not exist in the namespace 'Microsoft.Azure.WebJobs.Host' (are you missing an assembly reference?)
C:\gh\azure-sdk-for-net\sdk\extensions\Microsoft.Azure.WebJobs.Extensions.Clients\tests\shared\TestHelpers.cs(12,36): error CS0234: The type or namespace name 'Indexers' does not exist in the namespace 'Microsoft.Azure.WebJobs.Host' (are you missing an assembly reference?)
C:\gh\azure-sdk-for-net\sdk\extensions\Microsoft.Azure.WebJobs.Extensions.Clients\tests\shared\TestHelpers.cs(13,36): error CS0234: The type or namespace name 'Timers' does not exist in the namespace 'Microsoft.Azure.WebJobs.Host' (are you missing an assembly reference?)
C:\gh\azure-sdk-for-net\sdk\extensions\Microsoft.Azure.WebJobs.Extensions.Clients\tests\shared\TestHelpers.cs(14,28): error CS0234: The type or namespace name 'Configuration' does not exist in the namespace 'Microsoft.Extensions' (are you missing an assembly reference?)
C:\gh\azure-sdk-for-net\sdk\extensions\Microsoft.Azure.WebJobs.Extensions.Clients\tests\shared\TestHelpers.cs(15,28): error CS0234: The type or namespace name 'DependencyInjection' does not exist in the namespace 'Microsoft.Extensions' (are you missing an assembly reference?)
C:\gh\azure-sdk-for-net\sdk\extensions\Microsoft.Azure.WebJobs.Extensions.Clients\tests\shared\TestHelpers.cs(17,28): error CS0234: The type or namespace name 'Logging' does not exist in the namespace 'Microsoft.Extensions' (are you missing an assembly reference?)
C:\gh\azure-sdk-for-net\sdk\extensions\Microsoft.Azure.WebJobs.Extensions.Clients\tests\shared\TestHelpers.cs(18,28): error CS0234: The type or namespace name 'Options' does not exist in the namespace 'Microsoft.Extensions' (are you missing an assembly reference?)
C:\gh\azure-sdk-for-net\sdk\extensions\Microsoft.Azure.WebJobs.Extensions.Clients\tests\shared\TestHelpers.cs(19,7): error CS0246: The type or namespace name 'NUnit' could not be found (are you missing a using directive or an assembly reference?)
C:\gh\azure-sdk-for-net\sdk\extensions\Microsoft.Azure.WebJobs.Extensions.Clients\tests\shared\TestLogger.cs(7,28): error CS0234: The type or namespace name 'Logging' does not exist in the namespace 'Microsoft.Extensions' (are you missing an assembly reference?)
C:\gh\azure-sdk-for-net\sdk\extensions\Microsoft.Azure.WebJobs.Extensions.Clients\tests\shared\TestLoggerProvider.cs(7,28): error CS0234: The type or namespace name 'Logging' does not exist in the namespace 'Microsoft.Extensions' (are you missing an assembly reference?)
C:\gh\azure-sdk-for-net\sdk\extensions\Microsoft.Azure.WebJobs.Extensions.Clients\tests\WebJobsConfigurationTests.cs(6,28): error CS0234: The type or namespace name 'Configuration' does not exist in the namespace 'Microsoft.Extensions' (are you missing an assembly reference?)
C:\gh\azure-sdk-for-net\sdk\extensions\Microsoft.Azure.WebJobs.Extensions.Clients\tests\WebJobsConfigurationTests.cs(8,7): error CS0246: The type or namespace name 'NUnit' could not be found (are you missing a using directive or an assembly reference?)
C:\gh\azure-sdk-for-net\sdk\extensions\Microsoft.Azure.WebJobs.Extensions.Clients\tests\TestClientOptions.cs(8,37): error CS0246: The type or namespace name 'ClientOptions' could not be found (are you missing a using directive or an assembly reference?)
C:\gh\azure-sdk-for-net\sdk\extensions\Microsoft.Azure.WebJobs.Extensions.Clients\tests\shared\TestLogger.cs(79,32): error CS0115: 'TestLogger.ToString()': no suitable method found to override
C:\gh\azure-sdk-for-net\sdk\extensions\Microsoft.Azure.WebJobs.Extensions.Clients\tests\AzureClientAttributeTests.cs(39,30): error CS0246: The type or namespace name 'Attribute' could not be found (are you missing a using directive or an assembly reference?)
C:\gh\azure-sdk-for-net\sdk\extensions\Microsoft.Azure.WebJobs.Extensions.Clients\tests\AzureClientAttributeTests.cs(39,30): error CS0518: Predefined type 'System.Void' is not defined or imported
C:\gh\azure-sdk-for-net\sdk\extensions\Microsoft.Azure.WebJobs.Extensions.Clients\tests\AzureClientAttributeTests.cs(92,30): error CS0246: The type or namespace name 'Attribute' could not be found (are you missing a using directive or an assembly reference?)
C:\gh\azure-sdk-for-net\sdk\extensions\Microsoft.Azure.WebJobs.Extensions.Clients\tests\AzureClientAttributeTests.cs(92,30): error CS0518: Predefined type 'System.Void' is not defined or imported
C:\gh\azure-sdk-for-net\sdk\extensions\Microsoft.Azure.WebJobs.Extensions.Clients\tests\shared\LogMessage.cs(13,16): error CS0122: 'LogLevel' is inaccessible due to its protection level
C:\gh\azure-sdk-for-net\sdk\extensions\Microsoft.Azure.WebJobs.Extensions.Clients\tests\shared\LogMessage.cs(15,16): error CS0246: The type or namespace name 'EventId' could not be found (are you missing a using directive or an assembly reference?)
C:\gh\azure-sdk-for-net\sdk\extensions\Microsoft.Azure.WebJobs.Extensions.Clients\tests\AzureClientAttributeFunctionalTests.cs(58,36): error CS0246: The type or namespace name 'Attribute' could not be found (are you missing a using directive or an assembly reference?)
C:\gh\azure-sdk-for-net\sdk\extensions\Microsoft.Azure.WebJobs.Extensions.Clients\tests\AzureClientAttributeFunctionalTests.cs(58,36): error CS0518: Predefined type 'System.Void' is not defined or imported
C:\gh\azure-sdk-for-net\sdk\extensions\Microsoft.Azure.WebJobs.Extensions.Clients\tests\AzureClientAttributeTests.cs(122,30): error CS0246: The type or namespace name 'Attribute' could not be found (are you missing a using directive or an assembly reference?)
C:\gh\azure-sdk-for-net\sdk\extensions\Microsoft.Azure.WebJobs.Extensions.Clients\tests\AzureClientAttributeTests.cs(122,30): error CS0518: Predefined type 'System.Void' is not defined or imported
C:\gh\azure-sdk-for-net\sdk\extensions\Microsoft.Azure.WebJobs.Extensions.Clients\tests\WebJobsConfigurationTests.cs(14,10): error CS0246: The type or namespace name 'TestCaseAttribute' could not be found (are you missing a using directive or an assembly reference?)
C:\gh\azure-sdk-for-net\sdk\extensions\Microsoft.Azure.WebJobs.Extensions.Clients\tests\WebJobsConfigurationTests.cs(14,10): error CS0246: The type or namespace name 'TestCase' could not be found (are you missing a using directive or an assembly reference?)
C:\gh\azure-sdk-for-net\sdk\extensions\Microsoft.Azure.WebJobs.Extensions.Clients\tests\WebJobsConfigurationTests.cs(15,10): error CS0246: The type or namespace name 'TestCaseAttribute' could not be found (are you missing a using directive or an assembly reference?)
C:\gh\azure-sdk-for-net\sdk\extensions\Microsoft.Azure.WebJobs.Extensions.Clients\tests\WebJobsConfigurationTests.cs(15,10): error CS0246: The type or namespace name 'TestCase' could not be found (are you missing a using directive or an assembly reference?)
C:\gh\azure-sdk-for-net\sdk\extensions\Microsoft.Azure.WebJobs.Extensions.Clients\tests\WebJobsConfigurationTests.cs(16,10): error CS0246: The type or namespace name 'TestCaseAttribute' could not be found (are you missing a using directive or an assembly reference?)
C:\gh\azure-sdk-for-net\sdk\extensions\Microsoft.Azure.WebJobs.Extensions.Clients\tests\WebJobsConfigurationTests.cs(16,10): error CS0246: The type or namespace name 'TestCase' could not be found (are you missing a using directive or an assembly reference?)
C:\gh\azure-sdk-for-net\sdk\extensions\Microsoft.Azure.WebJobs.Extensions.Clients\tests\WebJobsConfigurationTests.cs(28,10): error CS0246: The type or namespace name 'TestCaseAttribute' could not be found (are you missing a using directive or an assembly reference?)
C:\gh\azure-sdk-for-net\sdk\extensions\Microsoft.Azure.WebJobs.Extensions.Clients\tests\WebJobsConfigurationTests.cs(28,10): error CS0246: The type or namespace name 'TestCase' could not be found (are you missing a using directive or an assembly reference?)
C:\gh\azure-sdk-for-net\sdk\extensions\Microsoft.Azure.WebJobs.Extensions.Clients\tests\WebJobsConfigurationTests.cs(29,10): error CS0246: The type or namespace name 'TestCaseAttribute' could not be found (are you missing a using directive or an assembly reference?)
C:\gh\azure-sdk-for-net\sdk\extensions\Microsoft.Azure.WebJobs.Extensions.Clients\tests\WebJobsConfigurationTests.cs(29,10): error CS0246: The type or namespace name 'TestCase' could not be found (are you missing a using directive or an assembly reference?)
C:\gh\azure-sdk-for-net\sdk\extensions\Microsoft.Azure.WebJobs.Extensions.Clients\tests\WebJobsConfigurationTests.cs(30,10): error CS0246: The type or namespace name 'TestCaseAttribute' could not be found (are you missing a using directive or an assembly reference?)
C:\gh\azure-sdk-for-net\sdk\extensions\Microsoft.Azure.WebJobs.Extensions.Clients\tests\WebJobsConfigurationTests.cs(30,10): error CS0246: The type or namespace name 'TestCase' could not be found (are you missing a using directive or an assembly reference?)
C:\gh\azure-sdk-for-net\sdk\extensions\Microsoft.Azure.WebJobs.Extensions.Clients\tests\shared\TestLoggerProvider.cs(19,27): error CS0246: The type or namespace name 'LoggerFilterOptions' could not be found (are you missing a using directive or an assembly reference?)
C:\gh\azure-sdk-for-net\sdk\extensions\Microsoft.Azure.WebJobs.Extensions.Clients\tests\shared\JobHost.cs(22,15): error CS7036: There is no argument given that corresponds to the required formal parameter 'jobActivator' of 'JobHost<TProgram>.JobHost(IOptions<JobHostOptions>, IJobHostContextFactory, IJobActivator)'
C:\gh\azure-sdk-for-net\sdk\extensions\Microsoft.Azure.WebJobs.Extensions.Clients\tests\WebJobsConfigurationTests.cs(19,31): error CS0246: The type or namespace name 'ConfigurationBuilder' could not be found (are you missing a using directive or an assembly reference?)
C:\gh\azure-sdk-for-net\sdk\extensions\Microsoft.Azure.WebJobs.Extensions.Clients\tests\WebJobsConfigurationTests.cs(25,13): error CS0103: The name 'Assert' does not exist in the current context
C:\gh\azure-sdk-for-net\sdk\extensions\Microsoft.Azure.WebJobs.Extensions.Clients\tests\shared\TestExceptionHandlerFactory.cs(27,17): error CS0103: The name 'Assert' does not exist in the current context
C:\gh\azure-sdk-for-net\sdk\extensions\Microsoft.Azure.WebJobs.Extensions.Clients\tests\shared\TestExceptionHandlerFactory.cs(33,17): error CS0103: The name 'Assert' does not exist in the current context
C:\gh\azure-sdk-for-net\sdk\extensions\Microsoft.Azure.WebJobs.Extensions.Clients\tests\shared\JobHost.cs(51,20): error CS1674: 'JobHost<TProgram>': type used in a using statement must be implicitly convertible to 'System.IDisposable'.
C:\gh\azure-sdk-for-net\sdk\extensions\Microsoft.Azure.WebJobs.Extensions.Clients\tests\shared\JobHost.cs(53,28): error CS1061: 'JobHost<TProgram>' does not contain a definition for 'StartAsync' and no accessible extension method 'StartAsync' accepting a first argument of type 'JobHost<TProgram>' could be found (are you missing a using directive or an assembly reference?)
C:\gh\azure-sdk-for-net\sdk\extensions\Microsoft.Azure.WebJobs.Extensions.Clients\tests\WebJobsConfigurationTests.cs(33,31): error CS0246: The type or namespace name 'ConfigurationBuilder' could not be found (are you missing a using directive or an assembly reference?)
C:\gh\azure-sdk-for-net\sdk\extensions\Microsoft.Azure.WebJobs.Extensions.Clients\tests\WebJobsConfigurationTests.cs(41,13): error CS0103: The name 'Assert' does not exist in the current context
C:\gh\azure-sdk-for-net\sdk\extensions\Microsoft.Azure.WebJobs.Extensions.Clients\tests\WebJobsConfigurationTests.cs(42,13): error CS0103: The name 'Assert' does not exist in the current context
C:\gh\azure-sdk-for-net\sdk\extensions\Microsoft.Azure.WebJobs.Extensions.Clients\tests\AzureClientAttributeTests.cs(20,28): error CS0246: The type or namespace name 'HostBuilder' could not be found (are you missing a using directive or an assembly reference?)
C:\gh\azure-sdk-for-net\sdk\extensions\Microsoft.Azure.WebJobs.Extensions.Clients\tests\AzureClientAttributeTests.cs(30,21): error CS0246: The type or namespace name 'IWebJobsBuilder' could not be found (are you missing a using directive or an assembly reference?)
C:\gh\azure-sdk-for-net\sdk\extensions\Microsoft.Azure.WebJobs.Extensions.Clients\tests\shared\JobHost.cs(68,20): error CS0246: The type or namespace name 'FunctionIndexingException' could not be found (are you missing a using directive or an assembly reference?)
C:\gh\azure-sdk-for-net\sdk\extensions\Microsoft.Azure.WebJobs.Extensions.Clients\tests\shared\JobHost.cs(71,17): error CS0103: The name 'Assert' does not exist in the current context
C:\gh\azure-sdk-for-net\sdk\extensions\Microsoft.Azure.WebJobs.Extensions.Clients\tests\shared\JobHost.cs(72,17): error CS0103: The name 'Assert' does not exist in the current context
C:\gh\azure-sdk-for-net\sdk\extensions\Microsoft.Azure.WebJobs.Extensions.Clients\tests\shared\JobHost.cs(75,13): error CS0103: The name 'Assert' does not exist in the current context
C:\gh\azure-sdk-for-net\sdk\extensions\Microsoft.Azure.WebJobs.Extensions.Clients\tests\AzureClientAttributeTests.cs(41,17): error CS0103: The name 'Assert' does not exist in the current context
C:\gh\azure-sdk-for-net\sdk\extensions\Microsoft.Azure.WebJobs.Extensions.Clients\tests\AzureClientAttributeTests.cs(42,17): error CS0103: The name 'Assert' does not exist in the current context
C:\gh\azure-sdk-for-net\sdk\extensions\Microsoft.Azure.WebJobs.Extensions.Clients\tests\shared\TestHelpers.cs(44,13): error CS0246: The type or namespace name 'IHost' could not be found (are you missing a using directive or an assembly reference?)
C:\gh\azure-sdk-for-net\sdk\extensions\Microsoft.Azure.WebJobs.Extensions.Clients\tests\shared\TestHelpers.cs(44,30): error CS0246: The type or namespace name 'HostBuilder' could not be found (are you missing a using directive or an assembly reference?)
C:\gh\azure-sdk-for-net\sdk\extensions\Microsoft.Azure.WebJobs.Extensions.Clients\tests\shared\TestHelpers.cs(55,65): error CS0246: The type or namespace name 'IOptions<>' could not be found (are you missing a using directive or an assembly reference?)
C:\gh\azure-sdk-for-net\sdk\extensions\Microsoft.Azure.WebJobs.Extensions.Clients\tests\AzureClientAttributeTests.cs(51,28): error CS0246: The type or namespace name 'HostBuilder' could not be found (are you missing a using directive or an assembly reference?)
C:\gh\azure-sdk-for-net\sdk\extensions\Microsoft.Azure.WebJobs.Extensions.Clients\tests\AzureClientAttributeTests.cs(61,21): error CS0246: The type or namespace name 'IWebJobsBuilder' could not be found (are you missing a using directive or an assembly reference?)
C:\gh\azure-sdk-for-net\sdk\extensions\Microsoft.Azure.WebJobs.Extensions.Clients\tests\AzureClientAttributeTests.cs(73,28): error CS0246: The type or namespace name 'HostBuilder' could not be found (are you missing a using directive or an assembly reference?)
C:\gh\azure-sdk-for-net\sdk\extensions\Microsoft.Azure.WebJobs.Extensions.Clients\tests\AzureClientAttributeTests.cs(83,21): error CS0246: The type or namespace name 'IWebJobsBuilder' could not be found (are you missing a using directive or an assembly reference?)
C:\gh\azure-sdk-for-net\sdk\extensions\Microsoft.Azure.WebJobs.Extensions.Clients\tests\AzureClientAttributeTests.cs(94,17): error CS0103: The name 'Assert' does not exist in the current context
C:\gh\azure-sdk-for-net\sdk\extensions\Microsoft.Azure.WebJobs.Extensions.Clients\tests\AzureClientAttributeTests.cs(95,17): error CS0103: The name 'Assert' does not exist in the current context
C:\gh\azure-sdk-for-net\sdk\extensions\Microsoft.Azure.WebJobs.Extensions.Clients\tests\AzureClientAttributeFunctionalTests.cs(36,28): error CS0246: The type or namespace name 'HostBuilder' could not be found (are you missing a using directive or an assembly reference?)
C:\gh\azure-sdk-for-net\sdk\extensions\Microsoft.Azure.WebJobs.Extensions.Clients\tests\AzureClientAttributeFunctionalTests.cs(49,21): error CS0246: The type or namespace name 'IWebJobsBuilder' could not be found (are you missing a using directive or an assembly reference?)
C:\gh\azure-sdk-for-net\sdk\extensions\Microsoft.Azure.WebJobs.Extensions.Clients\tests\shared\TestHelpers.cs(133,20): error CS0246: The type or namespace name 'FunctionIndexingException' could not be found (are you missing a using directive or an assembly reference?)
C:\gh\azure-sdk-for-net\sdk\extensions\Microsoft.Azure.WebJobs.Extensions.Clients\tests\shared\TestHelpers.cs(135,17): error CS0122: 'Assert' is inaccessible due to its protection level
C:\gh\azure-sdk-for-net\sdk\extensions\Microsoft.Azure.WebJobs.Extensions.Clients\tests\shared\TestHelpers.cs(136,17): error CS0103: The name 'StringAssert' does not exist in the current context
C:\gh\azure-sdk-for-net\sdk\extensions\Microsoft.Azure.WebJobs.Extensions.Clients\tests\shared\TestHelpers.cs(139,13): error CS0122: 'Assert' is inaccessible due to its protection level
C:\gh\azure-sdk-for-net\sdk\extensions\Microsoft.Azure.WebJobs.Extensions.Clients\tests\AzureClientAttributeTests.cs(102,28): error CS0246: The type or namespace name 'HostBuilder' could not be found (are you missing a using directive or an assembly reference?)
C:\gh\azure-sdk-for-net\sdk\extensions\Microsoft.Azure.WebJobs.Extensions.Clients\tests\AzureClientAttributeTests.cs(113,21): error CS0246: The type or namespace name 'IWebJobsBuilder' could not be found (are you missing a using directive or an assembly reference?)
C:\gh\azure-sdk-for-net\sdk\extensions\Microsoft.Azure.WebJobs.Extensions.Clients\tests\AzureClientAttributeTests.cs(124,17): error CS0103: The name 'Assert' does not exist in the current context
C:\gh\azure-sdk-for-net\sdk\extensions\Microsoft.Azure.WebJobs.Extensions.Clients\tests\AzureClientAttributeTests.cs(125,17): error CS0103: The name 'Assert' does not exist in the current context
C:\gh\azure-sdk-for-net\sdk\extensions\Microsoft.Azure.WebJobs.Extensions.Clients\tests\shared\TestHelpers.cs(218,46): error CS0246: The type or namespace name 'ILoggerProvider' could not be found (are you missing a using directive or an assembly reference?)
C:\gh\azure-sdk-for-net\sdk\extensions\Microsoft.Azure.WebJobs.Extensions.Clients\tests\shared\TestHelpers.cs(223,46): error CS0246: The type or namespace name 'IExtensionConfigProvider' could not be found (are you missing a using directive or an assembly reference?)
C:\gh\azure-sdk-for-net\sdk\extensions\Microsoft.Azure.WebJobs.Extensions.Clients\tests\shared\TestHelpers.cs(228,45): error CS0246: The type or namespace name 'IJobHost' could not be found (are you missing a using directive or an assembly reference?)
C:\gh\azure-sdk-for-net\sdk\extensions\Microsoft.Azure.WebJobs.Extensions.Clients\tests\shared\TestHelpers.cs(228,60): error CS0305: Using the generic type 'JobHost<TProgram>' requires 1 type arguments
C:\gh\azure-sdk-for-net\sdk\extensions\Microsoft.Azure.WebJobs.Extensions.Clients\tests\shared\TestHelpers.cs(233,45): error CS0246: The type or namespace name 'IJobHost' could not be found (are you missing a using directive or an assembly reference?)
C:\gh\azure-sdk-for-net\sdk\extensions\Microsoft.Azure.WebJobs.Extensions.Clients\tests\shared\TestHelpers.cs(248,45): error CS0246: The type or namespace name 'IOptions<>' could not be found (are you missing a using directive or an assembly reference?)
C:\gh\azure-sdk-for-net\sdk\extensions\Microsoft.Azure.WebJobs.Extensions.Clients\tests\shared\TestHelpers.cs(254,45): error CS0246: The type or namespace name 'IJobHostMetadataProvider' could not be found (are you missing a using directive or an assembly reference?)
C:\gh\azure-sdk-for-net\sdk\extensions\Microsoft.Azure.WebJobs.Extensions.Clients\tests\shared\TestHelpers.cs(286,17): error CS0122: 'Assert' is inaccessible due to its protection level
C:\gh\azure-sdk-for-net\sdk\extensions\Microsoft.Azure.WebJobs.Extensions.Clients\tests\shared\TestHelpers.cs(297,17): error CS0122: 'Assert' is inaccessible due to its protection level
C:\gh\azure-sdk-for-net\sdk\extensions\Microsoft.Azure.WebJobs.Extensions.Clients\tests\shared\TestHelpers.cs(314,24): error CS0246: The type or namespace name 'ConfigurationBuilder' could not be found (are you missing a using directive or an assembly reference?)
C:\gh\azure-sdk-for-net\sdk\extensions\Microsoft.Azure.WebJobs.Extensions.Clients\tests\shared\TestHelpers.cs(17,1): hidden CS8019: Unnecessary using directive.
C:\gh\azure-sdk-for-net\sdk\extensions\Microsoft.Azure.WebJobs.Extensions.Clients\tests\shared\TestHelpers.cs(18,1): hidden CS8019: Unnecessary using directive.
C:\gh\azure-sdk-for-net\sdk\extensions\Microsoft.Azure.WebJobs.Extensions.Clients\tests\AzureClientAttributeFunctionalTests.cs(6,1): hidden CS8019: Unnecessary using directive.
C:\gh\azure-sdk-for-net\sdk\extensions\Microsoft.Azure.WebJobs.Extensions.Clients\tests\shared\TestConfigurationBuilderExtensions.cs(6,1): hidden CS8019: Unnecessary using directive.
C:\gh\azure-sdk-for-net\sdk\extensions\Microsoft.Azure.WebJobs.Extensions.Clients\tests\shared\TestLoggerProvider.cs(7,1): hidden CS8019: Unnecessary using directive.
C:\gh\azure-sdk-for-net\sdk\extensions\Microsoft.Azure.WebJobs.Extensions.Clients\tests\shared\JobHost.cs(9,1): hidden CS8019: Unnecessary using directive.
C:\gh\azure-sdk-for-net\sdk\extensions\Microsoft.Azure.WebJobs.Extensions.Clients\tests\shared\TestHelpers.cs(16,1): hidden CS8019: Unnecessary using directive.
C:\gh\azure-sdk-for-net\sdk\extensions\Microsoft.Azure.WebJobs.Extensions.Clients\tests\shared\TestLogger.cs(7,1): hidden CS8019: Unnecessary using directive.
C:\gh\azure-sdk-for-net\sdk\extensions\Microsoft.Azure.WebJobs.Extensions.Clients\tests\shared\TestHelpers.cs(13,1): hidden CS8019: Unnecessary using directive.
C:\gh\azure-sdk-for-net\sdk\extensions\Microsoft.Azure.WebJobs.Extensions.Clients\tests\AzureClientAttributeFunctionalTests.cs(10,1): hidden CS8019: Unnecessary using directive.
C:\gh\azure-sdk-for-net\artifacts\obj\Microsoft.Azure.WebJobs.Extensions.Clients.Tests\Debug\net461\Microsoft.Azure.WebJobs.Extensions.Clients.Tests.AssemblyInfo.cs(12,1): hidden CS8019: Unnecessary using directive.
C:\gh\azure-sdk-for-net\sdk\extensions\Microsoft.Azure.WebJobs.Extensions.Clients\tests\shared\JobHost.cs(8,1): hidden CS8019: Unnecessary using directive.
C:\gh\azure-sdk-for-net\sdk\extensions\Microsoft.Azure.WebJobs.Extensions.Clients\tests\AzureClientAttributeTests.cs(7,1): hidden CS8019: Unnecessary using directive.
C:\gh\azure-sdk-for-net\sdk\extensions\Microsoft.Azure.WebJobs.Extensions.Clients\tests\shared\TestHelpers.cs(14,1): hidden CS8019: Unnecessary using directive.
C:\gh\azure-sdk-for-net\sdk\extensions\Microsoft.Azure.WebJobs.Extensions.Clients\tests\TestClientOptions.cs(4,1): hidden CS8019: Unnecessary using directive.
C:\gh\azure-sdk-for-net\sdk\extensions\Microsoft.Azure.WebJobs.Extensions.Clients\tests\shared\JobHost.cs(6,1): hidden CS8019: Unnecessary using directive.
C:\gh\azure-sdk-for-net\sdk\extensions\Microsoft.Azure.WebJobs.Extensions.Clients\tests\shared\LogMessage.cs(7,1): hidden CS8019: Unnecessary using directive.
C:\gh\azure-sdk-for-net\sdk\extensions\Microsoft.Azure.WebJobs.Extensions.Clients\tests\AzureClientAttributeTests.cs(9,1): hidden CS8019: Unnecessary using directive.
C:\gh\azure-sdk-for-net\sdk\extensions\Microsoft.Azure.WebJobs.Extensions.Clients\tests\WebJobsConfigurationTests.cs(6,1): hidden CS8019: Unnecessary using directive.
C:\gh\azure-sdk-for-net\sdk\extensions\Microsoft.Azure.WebJobs.Extensions.Clients\tests\shared\TestHelpers.cs(11,1): hidden CS8019: Unnecessary using directive.
C:\gh\azure-sdk-for-net\sdk\extensions\Microsoft.Azure.WebJobs.Extensions.Clients\tests\shared\TestExceptionHandlerFactory.cs(7,1): hidden CS8019: Unnecessary using directive.
C:\gh\azure-sdk-for-net\artifacts\obj\Microsoft.Azure.WebJobs.Extensions.Clients.Tests\Debug\net461\Microsoft.Azure.WebJobs.Extensions.Clients.Tests.AssemblyInfo.cs(11,1): hidden CS8019: Unnecessary using directive.
C:\gh\azure-sdk-for-net\sdk\extensions\Microsoft.Azure.WebJobs.Extensions.Clients\tests\AzureClientAttributeFunctionalTests.cs(12,1): hidden CS8019: Unnecessary using directive.
C:\gh\azure-sdk-for-net\sdk\extensions\Microsoft.Azure.WebJobs.Extensions.Clients\tests\shared\TestHelpers.cs(15,1): hidden CS8019: Unnecessary using directive.
C:\gh\azure-sdk-for-net\artifacts\obj\Microsoft.Azure.WebJobs.Extensions.Clients.Tests\Debug\net461\.NETFramework,Version=v4.6.1.AssemblyAttributes.cs(3,1): hidden CS8019: Unnecessary using directive.
C:\gh\azure-sdk-for-net\sdk\extensions\Microsoft.Azure.WebJobs.Extensions.Clients\tests\shared\TestExceptionHandlerFactory.cs(9,1): hidden CS8019: Unnecessary using directive.
C:\gh\azure-sdk-for-net\sdk\extensions\Microsoft.Azure.WebJobs.Extensions.Clients\tests\WebJobsConfigurationTests.cs(8,1): hidden CS8019: Unnecessary using directive.
C:\gh\azure-sdk-for-net\sdk\extensions\Microsoft.Azure.WebJobs.Extensions.Clients\tests\AzureClientAttributeFunctionalTests.cs(8,1): hidden CS8019: Unnecessary using directive.
C:\gh\azure-sdk-for-net\sdk\extensions\Microsoft.Azure.WebJobs.Extensions.Clients\tests\shared\TestHelpers.cs(12,1): hidden CS8019: Unnecessary using directive.
C:\gh\azure-sdk-for-net\sdk\extensions\Microsoft.Azure.WebJobs.Extensions.Clients\tests\shared\TestExceptionHandlerFactory.cs(8,1): hidden CS8019: Unnecessary using directive.
C:\gh\azure-sdk-for-net\artifacts\obj\Microsoft.Azure.WebJobs.Extensions.Clients.Tests\Debug\net461\.NETFramework,Version=v4.6.1.AssemblyAttributes.cs(2,1): hidden CS8019: Unnecessary using directive.
C:\gh\azure-sdk-for-net\sdk\extensions\Microsoft.Azure.WebJobs.Extensions.Clients\tests\WebJobsConfigurationTests.cs(7,1): hidden CS8019: Unnecessary using directive.
C:\gh\azure-sdk-for-net\sdk\extensions\Microsoft.Azure.WebJobs.Extensions.Clients\tests\shared\JobHost.cs(7,1): hidden CS8019: Unnecessary using directive.
C:\gh\azure-sdk-for-net\sdk\extensions\Microsoft.Azure.WebJobs.Extensions.Clients\tests\shared\JobHost.cs(10,1): hidden CS8019: Unnecessary using directive.
C:\gh\azure-sdk-for-net\sdk\extensions\Microsoft.Azure.WebJobs.Extensions.Clients\tests\shared\TestHelpers.cs(19,1): hidden CS8019: Unnecessary using directive.
