C:\gh\azure-sdk-for-net\sdk\extensions\Microsoft.Azure.WebJobs.Extensions.Clients\tests\shared\FakeNameResolver.cs(9,37): error CS0246: The type or namespace name 'INameResolver' could not be found (are you missing a using directive or an assembly reference?)
C:\gh\azure-sdk-for-net\sdk\extensions\Microsoft.Azure.WebJobs.Extensions.Clients\tests\shared\FakeTypeLocator.cs(9,36): error CS0246: The type or namespace name 'ITypeLocator' could not be found (are you missing a using directive or an assembly reference?)
C:\gh\azure-sdk-for-net\sdk\eventgrid\Microsoft.Azure.WebJobs.Extensions.EventGrid\tests\TestExtensionConfig.cs(10,40): error CS0246: The type or namespace name 'IExtensionConfigProvider' could not be found (are you missing a using directive or an assembly reference?)
C:\gh\azure-sdk-for-net\sdk\eventgrid\Microsoft.Azure.WebJobs.Extensions.EventGrid\tests\TestExtensionConfig.cs(12,32): error CS0246: The type or namespace name 'ExtensionConfigContext' could not be found (are you missing a using directive or an assembly reference?)
C:\gh\azure-sdk-for-net\sdk\eventgrid\Microsoft.Azure.WebJobs.Extensions.EventGrid\tests\Samples\EventGridTriggerFunction.cs(16,13): error CS0246: The type or namespace name 'ILogger' could not be found (are you missing a using directive or an assembly reference?)
C:\gh\azure-sdk-for-net\sdk\eventgrid\Microsoft.Azure.WebJobs.Extensions.EventGrid\tests\Samples\EventGridTriggerFunction.cs(17,32): error CS0246: The type or namespace name 'EventGridEvent' could not be found (are you missing a using directive or an assembly reference?)
C:\gh\azure-sdk-for-net\sdk\eventgrid\Microsoft.Azure.WebJobs.Extensions.EventGrid\tests\JobhostEndToEnd.cs(427,124): error CS0246: The type or namespace name 'JObject' could not be found (are you missing a using directive or an assembly reference?)
C:\gh\azure-sdk-for-net\sdk\extensions\Microsoft.Azure.WebJobs.Extensions.Clients\tests\shared\FakeActivator.cs(9,34): error CS0246: The type or namespace name 'IJobActivator' could not be found (are you missing a using directive or an assembly reference?)
C:\gh\azure-sdk-for-net\sdk\eventgrid\Microsoft.Azure.WebJobs.Extensions.EventGrid\tests\TestHelpers.cs(52,47): error CS0246: The type or namespace name 'IHost' could not be found (are you missing a using directive or an assembly reference?)
C:\gh\azure-sdk-for-net\sdk\eventgrid\Microsoft.Azure.WebJobs.Extensions.EventGrid\tests\TestHelpers.cs(52,23): error CS0305: Using the generic type 'JobHost<TProgram>' requires 1 type arguments
C:\gh\azure-sdk-for-net\sdk\eventgrid\Microsoft.Azure.WebJobs.Extensions.EventGrid\tests\Samples\EventGridBindingFunction.cs(17,10): error CS0246: The type or namespace name 'FunctionNameAttribute' could not be found (are you missing a using directive or an assembly reference?)
C:\gh\azure-sdk-for-net\sdk\eventgrid\Microsoft.Azure.WebJobs.Extensions.EventGrid\tests\Samples\EventGridBindingFunction.cs(17,10): error CS0246: The type or namespace name 'FunctionName' could not be found (are you missing a using directive or an assembly reference?)
C:\gh\azure-sdk-for-net\sdk\eventgrid\Microsoft.Azure.WebJobs.Extensions.EventGrid\tests\Samples\EventGridBindingFunction.cs(19,86): error CS0246: The type or namespace name 'HttpRequest' could not be found (are you missing a using directive or an assembly reference?)
C:\gh\azure-sdk-for-net\sdk\eventgrid\Microsoft.Azure.WebJobs.Extensions.EventGrid\tests\Samples\EventGridBindingFunction.cs(20,99): error CS0246: The type or namespace name 'IAsyncCollector<>' could not be found (are you missing a using directive or an assembly reference?)
C:\gh\azure-sdk-for-net\sdk\eventgrid\Microsoft.Azure.WebJobs.Extensions.EventGrid\tests\Samples\EventGridBindingFunction.cs(20,115): error CS0246: The type or namespace name 'EventGridEvent' could not be found (are you missing a using directive or an assembly reference?)
C:\gh\azure-sdk-for-net\sdk\eventgrid\Microsoft.Azure.WebJobs.Extensions.EventGrid\tests\Samples\EventGridBindingFunction.cs(18,34): error CS0246: The type or namespace name 'IActionResult' could not be found (are you missing a using directive or an assembly reference?)
C:\gh\azure-sdk-for-net\sdk\eventgrid\Microsoft.Azure.WebJobs.Extensions.EventGrid\tests\TestListener.cs(171,48): error CS0246: The type or namespace name 'JObject' could not be found (are you missing a using directive or an assembly reference?)
C:\gh\azure-sdk-for-net\sdk\eventgrid\Microsoft.Azure.WebJobs.Extensions.EventGrid\tests\TestHelpers.cs(18,40): error CS0122: 'EventGridExtensionConfigProvider' is inaccessible due to its protection level
C:\gh\azure-sdk-for-net\sdk\eventgrid\Microsoft.Azure.WebJobs.Extensions.EventGrid\tests\TestHelpers.cs(18,23): error CS0246: The type or namespace name 'IHost' could not be found (are you missing a using directive or an assembly reference?)
C:\gh\azure-sdk-for-net\sdk\eventgrid\Microsoft.Azure.WebJobs.Extensions.EventGrid\tests\UnitTests.cs(23,10): error CS0246: The type or namespace name 'TestAttribute' could not be found (are you missing a using directive or an assembly reference?)
C:\gh\azure-sdk-for-net\sdk\eventgrid\Microsoft.Azure.WebJobs.Extensions.EventGrid\tests\UnitTests.cs(23,10): error CS0246: The type or namespace name 'Test' could not be found (are you missing a using directive or an assembly reference?)
C:\gh\azure-sdk-for-net\sdk\extensions\Microsoft.Azure.WebJobs.Extensions.Clients\tests\shared\FakeTypeLocatorOfT.cs(10,39): error CS0246: The type or namespace name 'ITypeLocator' could not be found (are you missing a using directive or an assembly reference?)
C:\gh\azure-sdk-for-net\sdk\eventgrid\Microsoft.Azure.WebJobs.Extensions.EventGrid\tests\TestListener.cs(157,36): error CS0246: The type or namespace name 'JObject' could not be found (are you missing a using directive or an assembly reference?)
C:\gh\azure-sdk-for-net\sdk\extensions\Microsoft.Azure.WebJobs.Extensions.Clients\tests\shared\TestLoggerProvider.cs(11,39): error CS0246: The type or namespace name 'ILoggerProvider' could not be found (are you missing a using directive or an assembly reference?)
C:\gh\azure-sdk-for-net\sdk\eventgrid\Microsoft.Azure.WebJobs.Extensions.EventGrid\tests\TestListener.cs(135,89): error CS0246: The type or namespace name 'JObject' could not be found (are you missing a using directive or an assembly reference?)
C:\gh\azure-sdk-for-net\sdk\eventgrid\Microsoft.Azure.WebJobs.Extensions.EventGrid\tests\TestListener.cs(127,80): error CS0246: The type or namespace name 'JObject' could not be found (are you missing a using directive or an assembly reference?)
C:\gh\azure-sdk-for-net\sdk\eventgrid\Microsoft.Azure.WebJobs.Extensions.EventGrid\tests\JobhostEndToEnd.cs(395,132): error CS0246: The type or namespace name 'IAsyncCollector<>' could not be found (are you missing a using directive or an assembly reference?)
C:\gh\azure-sdk-for-net\sdk\eventgrid\Microsoft.Azure.WebJobs.Extensions.EventGrid\tests\JobhostEndToEnd.cs(395,148): error CS0246: The type or namespace name 'EventGridEvent' could not be found (are you missing a using directive or an assembly reference?)
C:\gh\azure-sdk-for-net\sdk\eventgrid\Microsoft.Azure.WebJobs.Extensions.EventGrid\tests\TestListener.cs(104,10): error CS0246: The type or namespace name 'TestAttribute' could not be found (are you missing a using directive or an assembly reference?)
C:\gh\azure-sdk-for-net\sdk\eventgrid\Microsoft.Azure.WebJobs.Extensions.EventGrid\tests\TestListener.cs(104,10): error CS0246: The type or namespace name 'Test' could not be found (are you missing a using directive or an assembly reference?)
C:\gh\azure-sdk-for-net\sdk\eventgrid\Microsoft.Azure.WebJobs.Extensions.EventGrid\tests\JobhostEndToEnd.cs(387,121): error CS0246: The type or namespace name 'ICollector<>' could not be found (are you missing a using directive or an assembly reference?)
C:\gh\azure-sdk-for-net\sdk\eventgrid\Microsoft.Azure.WebJobs.Extensions.EventGrid\tests\JobhostEndToEnd.cs(387,132): error CS0246: The type or namespace name 'EventGridEvent' could not be found (are you missing a using directive or an assembly reference?)
C:\gh\azure-sdk-for-net\sdk\extensions\Microsoft.Azure.WebJobs.Extensions.Clients\tests\shared\JobHost.cs(14,38): error CS0305: Using the generic type 'JobHost<TProgram>' requires 1 type arguments
C:\gh\azure-sdk-for-net\sdk\eventgrid\Microsoft.Azure.WebJobs.Extensions.EventGrid\tests\UnitTests.cs(19,34): error CS0246: The type or namespace name 'JObject' could not be found (are you missing a using directive or an assembly reference?)
C:\gh\azure-sdk-for-net\sdk\eventgrid\Microsoft.Azure.WebJobs.Extensions.EventGrid\tests\TestListener.cs(88,10): error CS0246: The type or namespace name 'TestAttribute' could not be found (are you missing a using directive or an assembly reference?)
C:\gh\azure-sdk-for-net\sdk\eventgrid\Microsoft.Azure.WebJobs.Extensions.EventGrid\tests\TestListener.cs(88,10): error CS0246: The type or namespace name 'Test' could not be found (are you missing a using directive or an assembly reference?)
C:\gh\azure-sdk-for-net\sdk\extensions\Microsoft.Azure.WebJobs.Extensions.Clients\tests\shared\TestConfigurationBuilderExtensions.cs(17,66): error CS0246: The type or namespace name 'IConfigurationBuilder' could not be found (are you missing a using directive or an assembly reference?)
C:\gh\azure-sdk-for-net\sdk\extensions\Microsoft.Azure.WebJobs.Extensions.Clients\tests\shared\TestConfigurationBuilderExtensions.cs(17,23): error CS0246: The type or namespace name 'IConfigurationBuilder' could not be found (are you missing a using directive or an assembly reference?)
C:\gh\azure-sdk-for-net\sdk\extensions\Microsoft.Azure.WebJobs.Extensions.Clients\tests\shared\TestLogger.cs(11,31): error CS0246: The type or namespace name 'ILogger' could not be found (are you missing a using directive or an assembly reference?)
C:\gh\azure-sdk-for-net\sdk\extensions\Microsoft.Azure.WebJobs.Extensions.Clients\tests\shared\TestExceptionHandlerFactory.cs(13,48): error CS0246: The type or namespace name 'IWebJobsExceptionHandlerFactory' could not be found (are you missing a using directive or an assembly reference?)
C:\gh\azure-sdk-for-net\sdk\eventgrid\Microsoft.Azure.WebJobs.Extensions.EventGrid\tests\JobhostEndToEnd.cs(378,121): error CS0246: The type or namespace name 'EventGridEvent' could not be found (are you missing a using directive or an assembly reference?)
C:\gh\azure-sdk-for-net\sdk\extensions\Microsoft.Azure.WebJobs.Extensions.Clients\tests\shared\TestExceptionHandlerFactory.cs(19,45): error CS0246: The type or namespace name 'IWebJobsExceptionHandler' could not be found (are you missing a using directive or an assembly reference?)
C:\gh\azure-sdk-for-net\sdk\extensions\Microsoft.Azure.WebJobs.Extensions.Clients\tests\shared\TestLogger.cs(53,41): error CS0122: 'LogLevel' is inaccessible due to its protection level
C:\gh\azure-sdk-for-net\sdk\extensions\Microsoft.Azure.WebJobs.Extensions.Clients\tests\shared\TestLogger.cs(53,60): error CS0246: The type or namespace name 'EventId' could not be found (are you missing a using directive or an assembly reference?)
C:\gh\azure-sdk-for-net\sdk\extensions\Microsoft.Azure.WebJobs.Extensions.Clients\tests\shared\TestHelpers.cs(236,52): error CS0305: Using the generic type 'JobHost<TProgram>' requires 1 type arguments
C:\gh\azure-sdk-for-net\sdk\extensions\Microsoft.Azure.WebJobs.Extensions.Clients\tests\shared\TestHelpers.cs(241,52): error CS0305: Using the generic type 'JobHost<TProgram>' requires 1 type arguments
C:\gh\azure-sdk-for-net\sdk\extensions\Microsoft.Azure.WebJobs.Extensions.Clients\tests\shared\TestHelpers.cs(312,23): error CS0246: The type or namespace name 'IConfiguration' could not be found (are you missing a using directive or an assembly reference?)
C:\gh\azure-sdk-for-net\sdk\extensions\Microsoft.Azure.WebJobs.Extensions.Clients\tests\shared\TestExceptionHandlerFactory.cs(17,48): error CS0246: The type or namespace name 'IHost' could not be found (are you missing a using directive or an assembly reference?)
C:\gh\azure-sdk-for-net\sdk\extensions\Microsoft.Azure.WebJobs.Extensions.Clients\tests\shared\TestExceptionHandlerFactory.cs(17,16): error CS0246: The type or namespace name 'IWebJobsExceptionHandler' could not be found (are you missing a using directive or an assembly reference?)
C:\gh\azure-sdk-for-net\sdk\extensions\Microsoft.Azure.WebJobs.Extensions.Clients\tests\shared\TestLogger.cs(32,31): error CS0122: 'LogLevel' is inaccessible due to its protection level
C:\gh\azure-sdk-for-net\sdk\extensions\Microsoft.Azure.WebJobs.Extensions.Clients\tests\shared\JobHost.cs(16,26): error CS0246: The type or namespace name 'IJobActivator' could not be found (are you missing a using directive or an assembly reference?)
C:\gh\azure-sdk-for-net\sdk\eventgrid\Microsoft.Azure.WebJobs.Extensions.EventGrid\tests\TestListener.cs(70,10): error CS0246: The type or namespace name 'TestAttribute' could not be found (are you missing a using directive or an assembly reference?)
C:\gh\azure-sdk-for-net\sdk\eventgrid\Microsoft.Azure.WebJobs.Extensions.EventGrid\tests\TestListener.cs(70,10): error CS0246: The type or namespace name 'Test' could not be found (are you missing a using directive or an assembly reference?)
C:\gh\azure-sdk-for-net\sdk\extensions\Microsoft.Azure.WebJobs.Extensions.Clients\tests\shared\TestLoggerProvider.cs(25,16): error CS0246: The type or namespace name 'ILogger' could not be found (are you missing a using directive or an assembly reference?)
C:\gh\azure-sdk-for-net\sdk\eventgrid\Microsoft.Azure.WebJobs.Extensions.EventGrid\tests\JobhostEndToEnd.cs(373,20): error CS0246: The type or namespace name 'EventGridEvent' could not be found (are you missing a using directive or an assembly reference?)
C:\gh\azure-sdk-for-net\sdk\extensions\Microsoft.Azure.WebJobs.Extensions.Clients\tests\shared\JobHost.cs(19,13): error CS0246: The type or namespace name 'IOptions<>' could not be found (are you missing a using directive or an assembly reference?)
C:\gh\azure-sdk-for-net\sdk\extensions\Microsoft.Azure.WebJobs.Extensions.Clients\tests\shared\JobHost.cs(19,22): error CS0246: The type or namespace name 'JobHostOptions' could not be found (are you missing a using directive or an assembly reference?)
C:\gh\azure-sdk-for-net\sdk\extensions\Microsoft.Azure.WebJobs.Extensions.Clients\tests\shared\JobHost.cs(20,13): error CS0246: The type or namespace name 'IJobHostContextFactory' could not be found (are you missing a using directive or an assembly reference?)
C:\gh\azure-sdk-for-net\sdk\extensions\Microsoft.Azure.WebJobs.Extensions.Clients\tests\shared\JobHost.cs(21,13): error CS0246: The type or namespace name 'IJobActivator' could not be found (are you missing a using directive or an assembly reference?)
C:\gh\azure-sdk-for-net\sdk\extensions\Microsoft.Azure.WebJobs.Extensions.Clients\tests\shared\TestLoggerProvider.cs(13,26): error CS0246: The type or namespace name 'LoggerFilterOptions' could not be found (are you missing a using directive or an assembly reference?)
C:\gh\azure-sdk-for-net\sdk\extensions\Microsoft.Azure.WebJobs.Extensions.Clients\tests\shared\TestExceptionHandlerFactory.cs(21,36): error CS0305: Using the generic type 'JobHost<TProgram>' requires 1 type arguments
C:\gh\azure-sdk-for-net\sdk\eventgrid\Microsoft.Azure.WebJobs.Extensions.EventGrid\tests\JobhostEndToEnd.cs(367,122): error CS0246: The type or namespace name 'EventGridEvent' could not be found (are you missing a using directive or an assembly reference?)
C:\gh\azure-sdk-for-net\sdk\eventgrid\Microsoft.Azure.WebJobs.Extensions.EventGrid\tests\TestListener.cs(47,10): error CS0246: The type or namespace name 'TestAttribute' could not be found (are you missing a using directive or an assembly reference?)
C:\gh\azure-sdk-for-net\sdk\eventgrid\Microsoft.Azure.WebJobs.Extensions.EventGrid\tests\TestListener.cs(47,10): error CS0246: The type or namespace name 'Test' could not be found (are you missing a using directive or an assembly reference?)
C:\gh\azure-sdk-for-net\sdk\eventgrid\Microsoft.Azure.WebJobs.Extensions.EventGrid\tests\JobhostEndToEnd.cs(359,68): error CS0246: The type or namespace name 'JObject' could not be found (are you missing a using directive or an assembly reference?)
C:\gh\azure-sdk-for-net\sdk\eventgrid\Microsoft.Azure.WebJobs.Extensions.EventGrid\tests\JobhostEndToEnd.cs(346,66): error CS0246: The type or namespace name 'JObject' could not be found (are you missing a using directive or an assembly reference?)
C:\gh\azure-sdk-for-net\sdk\eventgrid\Microsoft.Azure.WebJobs.Extensions.EventGrid\tests\TestListener.cs(31,10): error CS0246: The type or namespace name 'TestAttribute' could not be found (are you missing a using directive or an assembly reference?)
C:\gh\azure-sdk-for-net\sdk\eventgrid\Microsoft.Azure.WebJobs.Extensions.EventGrid\tests\TestListener.cs(31,10): error CS0246: The type or namespace name 'Test' could not be found (are you missing a using directive or an assembly reference?)
C:\gh\azure-sdk-for-net\sdk\eventgrid\Microsoft.Azure.WebJobs.Extensions.EventGrid\tests\JobhostEndToEnd.cs(341,67): error CS0246: The type or namespace name 'JObject' could not be found (are you missing a using directive or an assembly reference?)
C:\gh\azure-sdk-for-net\sdk\eventgrid\Microsoft.Azure.WebJobs.Extensions.EventGrid\tests\JobhostEndToEnd.cs(332,36): error CS0246: The type or namespace name 'JObject' could not be found (are you missing a using directive or an assembly reference?)
C:\gh\azure-sdk-for-net\sdk\eventgrid\Microsoft.Azure.WebJobs.Extensions.EventGrid\tests\JobhostEndToEnd.cs(325,36): error CS0246: The type or namespace name 'JObject' could not be found (are you missing a using directive or an assembly reference?)
C:\gh\azure-sdk-for-net\sdk\eventgrid\Microsoft.Azure.WebJobs.Extensions.EventGrid\tests\JobhostEndToEnd.cs(317,36): error CS0246: The type or namespace name 'JObject' could not be found (are you missing a using directive or an assembly reference?)
C:\gh\azure-sdk-for-net\sdk\eventgrid\Microsoft.Azure.WebJobs.Extensions.EventGrid\tests\JobhostEndToEnd.cs(310,36): error CS0246: The type or namespace name 'JObject' could not be found (are you missing a using directive or an assembly reference?)
C:\gh\azure-sdk-for-net\sdk\eventgrid\Microsoft.Azure.WebJobs.Extensions.EventGrid\tests\JobhostEndToEnd.cs(303,36): error CS0246: The type or namespace name 'JObject' could not be found (are you missing a using directive or an assembly reference?)
C:\gh\azure-sdk-for-net\sdk\extensions\Microsoft.Azure.WebJobs.Extensions.Clients\tests\shared\TestHelpers.cs(252,76): error CS0246: The type or namespace name 'IHost' could not be found (are you missing a using directive or an assembly reference?)
C:\gh\azure-sdk-for-net\sdk\extensions\Microsoft.Azure.WebJobs.Extensions.Clients\tests\shared\TestHelpers.cs(252,23): error CS0246: The type or namespace name 'IJobHostMetadataProvider' could not be found (are you missing a using directive or an assembly reference?)
C:\gh\azure-sdk-for-net\sdk\extensions\Microsoft.Azure.WebJobs.Extensions.Clients\tests\shared\TestHelpers.cs(246,58): error CS0246: The type or namespace name 'IHost' could not be found (are you missing a using directive or an assembly reference?)
C:\gh\azure-sdk-for-net\sdk\eventgrid\Microsoft.Azure.WebJobs.Extensions.EventGrid\tests\JobhostEndToEnd.cs(258,76): error CS0246: The type or namespace name 'EventGridEvent' could not be found (are you missing a using directive or an assembly reference?)
C:\gh\azure-sdk-for-net\sdk\eventgrid\Microsoft.Azure.WebJobs.Extensions.EventGrid\tests\JobhostEndToEnd.cs(253,72): error CS0246: The type or namespace name 'EventGridEvent' could not be found (are you missing a using directive or an assembly reference?)
C:\gh\azure-sdk-for-net\sdk\eventgrid\Microsoft.Azure.WebJobs.Extensions.EventGrid\tests\JobhostEndToEnd.cs(248,83): error CS0246: The type or namespace name 'JObject' could not be found (are you missing a using directive or an assembly reference?)
C:\gh\azure-sdk-for-net\sdk\extensions\Microsoft.Azure.WebJobs.Extensions.Clients\tests\shared\TestHelpers.cs(231,67): error CS0246: The type or namespace name 'IHost' could not be found (are you missing a using directive or an assembly reference?)
C:\gh\azure-sdk-for-net\sdk\eventgrid\Microsoft.Azure.WebJobs.Extensions.EventGrid\tests\JobhostEndToEnd.cs(243,74): error CS0246: The type or namespace name 'JObject' could not be found (are you missing a using directive or an assembly reference?)
C:\gh\azure-sdk-for-net\sdk\extensions\Microsoft.Azure.WebJobs.Extensions.Clients\tests\shared\TestHelpers.cs(226,47): error CS0246: The type or namespace name 'IHost' could not be found (are you missing a using directive or an assembly reference?)
C:\gh\azure-sdk-for-net\sdk\extensions\Microsoft.Azure.WebJobs.Extensions.Clients\tests\shared\TestHelpers.cs(226,23): error CS0305: Using the generic type 'JobHost<TProgram>' requires 1 type arguments
C:\gh\azure-sdk-for-net\sdk\extensions\Microsoft.Azure.WebJobs.Extensions.Clients\tests\shared\TestHelpers.cs(221,64): error CS0246: The type or namespace name 'IHost' could not be found (are you missing a using directive or an assembly reference?)
C:\gh\azure-sdk-for-net\sdk\extensions\Microsoft.Azure.WebJobs.Extensions.Clients\tests\shared\TestHelpers.cs(216,69): error CS0246: The type or namespace name 'IHost' could not be found (are you missing a using directive or an assembly reference?)
C:\gh\azure-sdk-for-net\sdk\eventgrid\Microsoft.Azure.WebJobs.Extensions.EventGrid\tests\JobhostEndToEnd.cs(177,10): error CS0246: The type or namespace name 'TheoryAttribute' could not be found (are you missing a using directive or an assembly reference?)
C:\gh\azure-sdk-for-net\sdk\eventgrid\Microsoft.Azure.WebJobs.Extensions.EventGrid\tests\JobhostEndToEnd.cs(177,10): error CS0246: The type or namespace name 'Theory' could not be found (are you missing a using directive or an assembly reference?)
C:\gh\azure-sdk-for-net\sdk\eventgrid\Microsoft.Azure.WebJobs.Extensions.EventGrid\tests\JobhostEndToEnd.cs(178,10): error CS0246: The type or namespace name 'TestCaseAttribute' could not be found (are you missing a using directive or an assembly reference?)
C:\gh\azure-sdk-for-net\sdk\eventgrid\Microsoft.Azure.WebJobs.Extensions.EventGrid\tests\JobhostEndToEnd.cs(178,10): error CS0246: The type or namespace name 'TestCase' could not be found (are you missing a using directive or an assembly reference?)
C:\gh\azure-sdk-for-net\sdk\eventgrid\Microsoft.Azure.WebJobs.Extensions.EventGrid\tests\JobhostEndToEnd.cs(179,10): error CS0246: The type or namespace name 'TestCaseAttribute' could not be found (are you missing a using directive or an assembly reference?)
C:\gh\azure-sdk-for-net\sdk\eventgrid\Microsoft.Azure.WebJobs.Extensions.EventGrid\tests\JobhostEndToEnd.cs(179,10): error CS0246: The type or namespace name 'TestCase' could not be found (are you missing a using directive or an assembly reference?)
C:\gh\azure-sdk-for-net\sdk\eventgrid\Microsoft.Azure.WebJobs.Extensions.EventGrid\tests\JobhostEndToEnd.cs(181,10): error CS0246: The type or namespace name 'TestCaseAttribute' could not be found (are you missing a using directive or an assembly reference?)
C:\gh\azure-sdk-for-net\sdk\eventgrid\Microsoft.Azure.WebJobs.Extensions.EventGrid\tests\JobhostEndToEnd.cs(181,10): error CS0246: The type or namespace name 'TestCase' could not be found (are you missing a using directive or an assembly reference?)
C:\gh\azure-sdk-for-net\sdk\eventgrid\Microsoft.Azure.WebJobs.Extensions.EventGrid\tests\JobhostEndToEnd.cs(182,10): error CS0246: The type or namespace name 'TestCaseAttribute' could not be found (are you missing a using directive or an assembly reference?)
C:\gh\azure-sdk-for-net\sdk\eventgrid\Microsoft.Azure.WebJobs.Extensions.EventGrid\tests\JobhostEndToEnd.cs(182,10): error CS0246: The type or namespace name 'TestCase' could not be found (are you missing a using directive or an assembly reference?)
C:\gh\azure-sdk-for-net\sdk\eventgrid\Microsoft.Azure.WebJobs.Extensions.EventGrid\tests\JobhostEndToEnd.cs(183,10): error CS0246: The type or namespace name 'TestCaseAttribute' could not be found (are you missing a using directive or an assembly reference?)
C:\gh\azure-sdk-for-net\sdk\eventgrid\Microsoft.Azure.WebJobs.Extensions.EventGrid\tests\JobhostEndToEnd.cs(183,10): error CS0246: The type or namespace name 'TestCase' could not be found (are you missing a using directive or an assembly reference?)
C:\gh\azure-sdk-for-net\sdk\eventgrid\Microsoft.Azure.WebJobs.Extensions.EventGrid\tests\JobhostEndToEnd.cs(184,10): error CS0246: The type or namespace name 'TestCaseAttribute' could not be found (are you missing a using directive or an assembly reference?)
C:\gh\azure-sdk-for-net\sdk\eventgrid\Microsoft.Azure.WebJobs.Extensions.EventGrid\tests\JobhostEndToEnd.cs(184,10): error CS0246: The type or namespace name 'TestCase' could not be found (are you missing a using directive or an assembly reference?)
C:\gh\azure-sdk-for-net\sdk\eventgrid\Microsoft.Azure.WebJobs.Extensions.EventGrid\tests\JobhostEndToEnd.cs(185,10): error CS0246: The type or namespace name 'TestCaseAttribute' could not be found (are you missing a using directive or an assembly reference?)
C:\gh\azure-sdk-for-net\sdk\eventgrid\Microsoft.Azure.WebJobs.Extensions.EventGrid\tests\JobhostEndToEnd.cs(185,10): error CS0246: The type or namespace name 'TestCase' could not be found (are you missing a using directive or an assembly reference?)
C:\gh\azure-sdk-for-net\sdk\extensions\Microsoft.Azure.WebJobs.Extensions.Clients\tests\shared\TestHelpers.cs(208,62): error CS0246: The type or namespace name 'IHostBuilder' could not be found (are you missing a using directive or an assembly reference?)
C:\gh\azure-sdk-for-net\sdk\extensions\Microsoft.Azure.WebJobs.Extensions.Clients\tests\shared\TestHelpers.cs(208,23): error CS0246: The type or namespace name 'IHostBuilder' could not be found (are you missing a using directive or an assembly reference?)
C:\gh\azure-sdk-for-net\sdk\extensions\Microsoft.Azure.WebJobs.Extensions.Clients\tests\shared\TestHelpers.cs(200,61): error CS0246: The type or namespace name 'IHostBuilder' could not be found (are you missing a using directive or an assembly reference?)
C:\gh\azure-sdk-for-net\sdk\extensions\Microsoft.Azure.WebJobs.Extensions.Clients\tests\shared\TestHelpers.cs(200,23): error CS0246: The type or namespace name 'IHostBuilder' could not be found (are you missing a using directive or an assembly reference?)
C:\gh\azure-sdk-for-net\sdk\extensions\Microsoft.Azure.WebJobs.Extensions.Clients\tests\shared\TestHelpers.cs(180,76): error CS0246: The type or namespace name 'IHostBuilder' could not be found (are you missing a using directive or an assembly reference?)
C:\gh\azure-sdk-for-net\sdk\extensions\Microsoft.Azure.WebJobs.Extensions.Clients\tests\shared\TestHelpers.cs(180,105): error CS0246: The type or namespace name 'IWebJobsBuilder' could not be found (are you missing a using directive or an assembly reference?)
C:\gh\azure-sdk-for-net\sdk\extensions\Microsoft.Azure.WebJobs.Extensions.Clients\tests\shared\TestHelpers.cs(181,13): error CS0246: The type or namespace name 'INameResolver' could not be found (are you missing a using directive or an assembly reference?)
C:\gh\azure-sdk-for-net\sdk\extensions\Microsoft.Azure.WebJobs.Extensions.Clients\tests\shared\TestHelpers.cs(181,48): error CS0246: The type or namespace name 'IJobActivator' could not be found (are you missing a using directive or an assembly reference?)
C:\gh\azure-sdk-for-net\sdk\extensions\Microsoft.Azure.WebJobs.Extensions.Clients\tests\shared\TestHelpers.cs(180,23): error CS0246: The type or namespace name 'IHostBuilder' could not be found (are you missing a using directive or an assembly reference?)
C:\gh\azure-sdk-for-net\sdk\extensions\Microsoft.Azure.WebJobs.Extensions.Clients\tests\shared\TestHelpers.cs(141,66): error CS0246: The type or namespace name 'IHostBuilder' could not be found (are you missing a using directive or an assembly reference?)
C:\gh\azure-sdk-for-net\sdk\extensions\Microsoft.Azure.WebJobs.Extensions.Clients\tests\shared\TestHelpers.cs(141,23): error CS0246: The type or namespace name 'IHostBuilder' could not be found (are you missing a using directive or an assembly reference?)
C:\gh\azure-sdk-for-net\sdk\extensions\Microsoft.Azure.WebJobs.Extensions.Clients\tests\shared\TestHelpers.cs(146,66): error CS0246: The type or namespace name 'IHostBuilder' could not be found (are you missing a using directive or an assembly reference?)
C:\gh\azure-sdk-for-net\sdk\extensions\Microsoft.Azure.WebJobs.Extensions.Clients\tests\shared\TestHelpers.cs(146,95): error CS0246: The type or namespace name 'IWebJobsBuilder' could not be found (are you missing a using directive or an assembly reference?)
C:\gh\azure-sdk-for-net\sdk\extensions\Microsoft.Azure.WebJobs.Extensions.Clients\tests\shared\TestHelpers.cs(146,23): error CS0246: The type or namespace name 'IHostBuilder' could not be found (are you missing a using directive or an assembly reference?)
C:\gh\azure-sdk-for-net\sdk\extensions\Microsoft.Azure.WebJobs.Extensions.Clients\tests\shared\TestHelpers.cs(159,76): error CS0246: The type or namespace name 'IHostBuilder' could not be found (are you missing a using directive or an assembly reference?)
C:\gh\azure-sdk-for-net\sdk\extensions\Microsoft.Azure.WebJobs.Extensions.Clients\tests\shared\TestHelpers.cs(160,38): error CS0246: The type or namespace name 'IWebJobsBuilder' could not be found (are you missing a using directive or an assembly reference?)
C:\gh\azure-sdk-for-net\sdk\extensions\Microsoft.Azure.WebJobs.Extensions.Clients\tests\shared\TestHelpers.cs(159,23): error CS0246: The type or namespace name 'IHostBuilder' could not be found (are you missing a using directive or an assembly reference?)
C:\gh\azure-sdk-for-net\sdk\extensions\Microsoft.Azure.WebJobs.Extensions.Clients\tests\shared\TestHelpers.cs(171,76): error CS0246: The type or namespace name 'IHostBuilder' could not be found (are you missing a using directive or an assembly reference?)
C:\gh\azure-sdk-for-net\sdk\extensions\Microsoft.Azure.WebJobs.Extensions.Clients\tests\shared\TestHelpers.cs(171,23): error CS0246: The type or namespace name 'IHostBuilder' could not be found (are you missing a using directive or an assembly reference?)
C:\gh\azure-sdk-for-net\sdk\eventgrid\Microsoft.Azure.WebJobs.Extensions.EventGrid\tests\JobhostEndToEnd.cs(130,10): error CS0246: The type or namespace name 'TheoryAttribute' could not be found (are you missing a using directive or an assembly reference?)
C:\gh\azure-sdk-for-net\sdk\eventgrid\Microsoft.Azure.WebJobs.Extensions.EventGrid\tests\JobhostEndToEnd.cs(130,10): error CS0246: The type or namespace name 'Theory' could not be found (are you missing a using directive or an assembly reference?)
C:\gh\azure-sdk-for-net\sdk\eventgrid\Microsoft.Azure.WebJobs.Extensions.EventGrid\tests\JobhostEndToEnd.cs(131,10): error CS0246: The type or namespace name 'TestCaseAttribute' could not be found (are you missing a using directive or an assembly reference?)
C:\gh\azure-sdk-for-net\sdk\eventgrid\Microsoft.Azure.WebJobs.Extensions.EventGrid\tests\JobhostEndToEnd.cs(131,10): error CS0246: The type or namespace name 'TestCase' could not be found (are you missing a using directive or an assembly reference?)
C:\gh\azure-sdk-for-net\sdk\eventgrid\Microsoft.Azure.WebJobs.Extensions.EventGrid\tests\JobhostEndToEnd.cs(132,10): error CS0246: The type or namespace name 'TestCaseAttribute' could not be found (are you missing a using directive or an assembly reference?)
C:\gh\azure-sdk-for-net\sdk\eventgrid\Microsoft.Azure.WebJobs.Extensions.EventGrid\tests\JobhostEndToEnd.cs(132,10): error CS0246: The type or namespace name 'TestCase' could not be found (are you missing a using directive or an assembly reference?)
C:\gh\azure-sdk-for-net\sdk\extensions\Microsoft.Azure.WebJobs.Extensions.Clients\tests\shared\TestHelpers.cs(42,70): error CS0246: The type or namespace name 'IWebJobsBuilder' could not be found (are you missing a using directive or an assembly reference?)
C:\gh\azure-sdk-for-net\sdk\extensions\Microsoft.Azure.WebJobs.Extensions.Clients\tests\shared\TestHelpers.cs(25,72): error CS0246: The type or namespace name 'IServiceCollection' could not be found (are you missing a using directive or an assembly reference?)
C:\gh\azure-sdk-for-net\sdk\extensions\Microsoft.Azure.WebJobs.Extensions.Clients\tests\shared\TestHelpers.cs(25,23): error CS0246: The type or namespace name 'IServiceCollection' could not be found (are you missing a using directive or an assembly reference?)
C:\gh\azure-sdk-for-net\sdk\eventgrid\Microsoft.Azure.WebJobs.Extensions.EventGrid\tests\JobhostEndToEnd.cs(111,10): error CS0246: The type or namespace name 'TheoryAttribute' could not be found (are you missing a using directive or an assembly reference?)
C:\gh\azure-sdk-for-net\sdk\eventgrid\Microsoft.Azure.WebJobs.Extensions.EventGrid\tests\JobhostEndToEnd.cs(111,10): error CS0246: The type or namespace name 'Theory' could not be found (are you missing a using directive or an assembly reference?)
C:\gh\azure-sdk-for-net\sdk\eventgrid\Microsoft.Azure.WebJobs.Extensions.EventGrid\tests\JobhostEndToEnd.cs(112,10): error CS0246: The type or namespace name 'TestCaseAttribute' could not be found (are you missing a using directive or an assembly reference?)
C:\gh\azure-sdk-for-net\sdk\eventgrid\Microsoft.Azure.WebJobs.Extensions.EventGrid\tests\JobhostEndToEnd.cs(112,10): error CS0246: The type or namespace name 'TestCase' could not be found (are you missing a using directive or an assembly reference?)
C:\gh\azure-sdk-for-net\sdk\eventgrid\Microsoft.Azure.WebJobs.Extensions.EventGrid\tests\JobhostEndToEnd.cs(113,10): error CS0246: The type or namespace name 'TestCaseAttribute' could not be found (are you missing a using directive or an assembly reference?)
C:\gh\azure-sdk-for-net\sdk\eventgrid\Microsoft.Azure.WebJobs.Extensions.EventGrid\tests\JobhostEndToEnd.cs(113,10): error CS0246: The type or namespace name 'TestCase' could not be found (are you missing a using directive or an assembly reference?)
C:\gh\azure-sdk-for-net\sdk\eventgrid\Microsoft.Azure.WebJobs.Extensions.EventGrid\tests\JobhostEndToEnd.cs(114,10): error CS0246: The type or namespace name 'TestCaseAttribute' could not be found (are you missing a using directive or an assembly reference?)
C:\gh\azure-sdk-for-net\sdk\eventgrid\Microsoft.Azure.WebJobs.Extensions.EventGrid\tests\JobhostEndToEnd.cs(114,10): error CS0246: The type or namespace name 'TestCase' could not be found (are you missing a using directive or an assembly reference?)
C:\gh\azure-sdk-for-net\sdk\eventgrid\Microsoft.Azure.WebJobs.Extensions.EventGrid\tests\JobhostEndToEnd.cs(115,10): error CS0246: The type or namespace name 'TestCaseAttribute' could not be found (are you missing a using directive or an assembly reference?)
C:\gh\azure-sdk-for-net\sdk\eventgrid\Microsoft.Azure.WebJobs.Extensions.EventGrid\tests\JobhostEndToEnd.cs(115,10): error CS0246: The type or namespace name 'TestCase' could not be found (are you missing a using directive or an assembly reference?)
C:\gh\azure-sdk-for-net\sdk\eventgrid\Microsoft.Azure.WebJobs.Extensions.EventGrid\tests\JobhostEndToEnd.cs(116,10): error CS0246: The type or namespace name 'TestCaseAttribute' could not be found (are you missing a using directive or an assembly reference?)
C:\gh\azure-sdk-for-net\sdk\eventgrid\Microsoft.Azure.WebJobs.Extensions.EventGrid\tests\JobhostEndToEnd.cs(116,10): error CS0246: The type or namespace name 'TestCase' could not be found (are you missing a using directive or an assembly reference?)
C:\gh\azure-sdk-for-net\sdk\eventgrid\Microsoft.Azure.WebJobs.Extensions.EventGrid\tests\JobhostEndToEnd.cs(91,10): error CS0246: The type or namespace name 'TheoryAttribute' could not be found (are you missing a using directive or an assembly reference?)
C:\gh\azure-sdk-for-net\sdk\eventgrid\Microsoft.Azure.WebJobs.Extensions.EventGrid\tests\JobhostEndToEnd.cs(91,10): error CS0246: The type or namespace name 'Theory' could not be found (are you missing a using directive or an assembly reference?)
C:\gh\azure-sdk-for-net\sdk\eventgrid\Microsoft.Azure.WebJobs.Extensions.EventGrid\tests\JobhostEndToEnd.cs(92,10): error CS0246: The type or namespace name 'TestCaseAttribute' could not be found (are you missing a using directive or an assembly reference?)
C:\gh\azure-sdk-for-net\sdk\eventgrid\Microsoft.Azure.WebJobs.Extensions.EventGrid\tests\JobhostEndToEnd.cs(92,10): error CS0246: The type or namespace name 'TestCase' could not be found (are you missing a using directive or an assembly reference?)
C:\gh\azure-sdk-for-net\sdk\eventgrid\Microsoft.Azure.WebJobs.Extensions.EventGrid\tests\JobhostEndToEnd.cs(93,10): error CS0246: The type or namespace name 'TestCaseAttribute' could not be found (are you missing a using directive or an assembly reference?)
C:\gh\azure-sdk-for-net\sdk\eventgrid\Microsoft.Azure.WebJobs.Extensions.EventGrid\tests\JobhostEndToEnd.cs(93,10): error CS0246: The type or namespace name 'TestCase' could not be found (are you missing a using directive or an assembly reference?)
C:\gh\azure-sdk-for-net\sdk\eventgrid\Microsoft.Azure.WebJobs.Extensions.EventGrid\tests\JobhostEndToEnd.cs(49,10): error CS0246: The type or namespace name 'TheoryAttribute' could not be found (are you missing a using directive or an assembly reference?)
C:\gh\azure-sdk-for-net\sdk\eventgrid\Microsoft.Azure.WebJobs.Extensions.EventGrid\tests\JobhostEndToEnd.cs(49,10): error CS0246: The type or namespace name 'Theory' could not be found (are you missing a using directive or an assembly reference?)
C:\gh\azure-sdk-for-net\sdk\eventgrid\Microsoft.Azure.WebJobs.Extensions.EventGrid\tests\JobhostEndToEnd.cs(50,10): error CS0246: The type or namespace name 'TestCaseAttribute' could not be found (are you missing a using directive or an assembly reference?)
C:\gh\azure-sdk-for-net\sdk\eventgrid\Microsoft.Azure.WebJobs.Extensions.EventGrid\tests\JobhostEndToEnd.cs(50,10): error CS0246: The type or namespace name 'TestCase' could not be found (are you missing a using directive or an assembly reference?)
C:\gh\azure-sdk-for-net\sdk\eventgrid\Microsoft.Azure.WebJobs.Extensions.EventGrid\tests\JobhostEndToEnd.cs(51,10): error CS0246: The type or namespace name 'TestCaseAttribute' could not be found (are you missing a using directive or an assembly reference?)
C:\gh\azure-sdk-for-net\sdk\eventgrid\Microsoft.Azure.WebJobs.Extensions.EventGrid\tests\JobhostEndToEnd.cs(51,10): error CS0246: The type or namespace name 'TestCase' could not be found (are you missing a using directive or an assembly reference?)
C:\gh\azure-sdk-for-net\sdk\eventgrid\Microsoft.Azure.WebJobs.Extensions.EventGrid\tests\JobhostEndToEnd.cs(52,10): error CS0246: The type or namespace name 'TestCaseAttribute' could not be found (are you missing a using directive or an assembly reference?)
C:\gh\azure-sdk-for-net\sdk\eventgrid\Microsoft.Azure.WebJobs.Extensions.EventGrid\tests\JobhostEndToEnd.cs(52,10): error CS0246: The type or namespace name 'TestCase' could not be found (are you missing a using directive or an assembly reference?)
C:\gh\azure-sdk-for-net\sdk\eventgrid\Microsoft.Azure.WebJobs.Extensions.EventGrid\tests\JobhostEndToEnd.cs(53,10): error CS0246: The type or namespace name 'TestCaseAttribute' could not be found (are you missing a using directive or an assembly reference?)
C:\gh\azure-sdk-for-net\sdk\eventgrid\Microsoft.Azure.WebJobs.Extensions.EventGrid\tests\JobhostEndToEnd.cs(53,10): error CS0246: The type or namespace name 'TestCase' could not be found (are you missing a using directive or an assembly reference?)
C:\gh\azure-sdk-for-net\sdk\eventgrid\Microsoft.Azure.WebJobs.Extensions.EventGrid\tests\JobhostEndToEnd.cs(28,10): error CS0246: The type or namespace name 'TheoryAttribute' could not be found (are you missing a using directive or an assembly reference?)
C:\gh\azure-sdk-for-net\sdk\eventgrid\Microsoft.Azure.WebJobs.Extensions.EventGrid\tests\JobhostEndToEnd.cs(28,10): error CS0246: The type or namespace name 'Theory' could not be found (are you missing a using directive or an assembly reference?)
C:\gh\azure-sdk-for-net\sdk\eventgrid\Microsoft.Azure.WebJobs.Extensions.EventGrid\tests\JobhostEndToEnd.cs(29,10): error CS0246: The type or namespace name 'TestCaseAttribute' could not be found (are you missing a using directive or an assembly reference?)
C:\gh\azure-sdk-for-net\sdk\eventgrid\Microsoft.Azure.WebJobs.Extensions.EventGrid\tests\JobhostEndToEnd.cs(29,10): error CS0246: The type or namespace name 'TestCase' could not be found (are you missing a using directive or an assembly reference?)
C:\gh\azure-sdk-for-net\sdk\eventgrid\Microsoft.Azure.WebJobs.Extensions.EventGrid\tests\JobhostEndToEnd.cs(30,10): error CS0246: The type or namespace name 'TestCaseAttribute' could not be found (are you missing a using directive or an assembly reference?)
C:\gh\azure-sdk-for-net\sdk\eventgrid\Microsoft.Azure.WebJobs.Extensions.EventGrid\tests\JobhostEndToEnd.cs(30,10): error CS0246: The type or namespace name 'TestCase' could not be found (are you missing a using directive or an assembly reference?)
C:\gh\azure-sdk-for-net\sdk\eventgrid\Microsoft.Azure.WebJobs.Extensions.EventGrid\tests\JobhostEndToEnd.cs(31,10): error CS0246: The type or namespace name 'TestCaseAttribute' could not be found (are you missing a using directive or an assembly reference?)
C:\gh\azure-sdk-for-net\sdk\eventgrid\Microsoft.Azure.WebJobs.Extensions.EventGrid\tests\JobhostEndToEnd.cs(31,10): error CS0246: The type or namespace name 'TestCase' could not be found (are you missing a using directive or an assembly reference?)
C:\gh\azure-sdk-for-net\sdk\eventgrid\Microsoft.Azure.WebJobs.Extensions.EventGrid\tests\JobhostEndToEnd.cs(32,10): error CS0246: The type or namespace name 'TestCaseAttribute' could not be found (are you missing a using directive or an assembly reference?)
C:\gh\azure-sdk-for-net\sdk\eventgrid\Microsoft.Azure.WebJobs.Extensions.EventGrid\tests\JobhostEndToEnd.cs(32,10): error CS0246: The type or namespace name 'TestCase' could not be found (are you missing a using directive or an assembly reference?)
C:\gh\azure-sdk-for-net\sdk\eventgrid\Microsoft.Azure.WebJobs.Extensions.EventGrid\tests\BindingDataAttribute.cs(4,31): error CS0234: The type or namespace name 'Description' does not exist in the namespace 'Microsoft.Azure.WebJobs' (are you missing an assembly reference?)
C:\gh\azure-sdk-for-net\sdk\eventgrid\Microsoft.Azure.WebJobs.Extensions.EventGrid\tests\JobhostEndToEnd.cs(11,13): error CS0234: The type or namespace name 'Messaging' does not exist in the namespace 'Azure' (are you missing an assembly reference?)
C:\gh\azure-sdk-for-net\sdk\eventgrid\Microsoft.Azure.WebJobs.Extensions.EventGrid\tests\JobhostEndToEnd.cs(14,36): error CS0234: The type or namespace name 'Indexers' does not exist in the namespace 'Microsoft.Azure.WebJobs.Host' (are you missing an assembly reference?)
C:\gh\azure-sdk-for-net\sdk\eventgrid\Microsoft.Azure.WebJobs.Extensions.EventGrid\tests\JobhostEndToEnd.cs(16,17): error CS0234: The type or namespace name 'Extensions' does not exist in the namespace 'Microsoft' (are you missing an assembly reference?)
C:\gh\azure-sdk-for-net\sdk\eventgrid\Microsoft.Azure.WebJobs.Extensions.EventGrid\tests\JobhostEndToEnd.cs(17,17): error CS0234: The type or namespace name 'Extensions' does not exist in the namespace 'Microsoft' (are you missing an assembly reference?)
C:\gh\azure-sdk-for-net\sdk\eventgrid\Microsoft.Azure.WebJobs.Extensions.EventGrid\tests\JobhostEndToEnd.cs(18,7): error CS0246: The type or namespace name 'Moq' could not be found (are you missing a using directive or an assembly reference?)
C:\gh\azure-sdk-for-net\sdk\eventgrid\Microsoft.Azure.WebJobs.Extensions.EventGrid\tests\JobhostEndToEnd.cs(19,7): error CS0246: The type or namespace name 'Newtonsoft' could not be found (are you missing a using directive or an assembly reference?)
C:\gh\azure-sdk-for-net\sdk\eventgrid\Microsoft.Azure.WebJobs.Extensions.EventGrid\tests\JobhostEndToEnd.cs(20,7): error CS0246: The type or namespace name 'NUnit' could not be found (are you missing a using directive or an assembly reference?)
C:\gh\azure-sdk-for-net\sdk\eventgrid\Microsoft.Azure.WebJobs.Extensions.EventGrid\tests\Samples\EventGridBindingFunction.cs(5,13): error CS0234: The type or namespace name 'Messaging' does not exist in the namespace 'Azure' (are you missing an assembly reference?)
C:\gh\azure-sdk-for-net\sdk\eventgrid\Microsoft.Azure.WebJobs.Extensions.EventGrid\tests\Samples\EventGridBindingFunction.cs(6,17): error CS0234: The type or namespace name 'AspNetCore' does not exist in the namespace 'Microsoft' (are you missing an assembly reference?)
C:\gh\azure-sdk-for-net\sdk\eventgrid\Microsoft.Azure.WebJobs.Extensions.EventGrid\tests\Samples\EventGridBindingFunction.cs(7,17): error CS0234: The type or namespace name 'AspNetCore' does not exist in the namespace 'Microsoft' (are you missing an assembly reference?)
C:\gh\azure-sdk-for-net\sdk\eventgrid\Microsoft.Azure.WebJobs.Extensions.EventGrid\tests\Samples\EventGridBindingFunction.cs(9,42): error CS0234: The type or namespace name 'Http' does not exist in the namespace 'Microsoft.Azure.WebJobs.Extensions' (are you missing an assembly reference?)
C:\gh\azure-sdk-for-net\sdk\eventgrid\Microsoft.Azure.WebJobs.Extensions.EventGrid\tests\Samples\EventGridTriggerFunction.cs(6,13): error CS0234: The type or namespace name 'Messaging' does not exist in the namespace 'Azure' (are you missing an assembly reference?)
C:\gh\azure-sdk-for-net\sdk\eventgrid\Microsoft.Azure.WebJobs.Extensions.EventGrid\tests\Samples\EventGridTriggerFunction.cs(7,17): error CS0234: The type or namespace name 'Extensions' does not exist in the namespace 'Microsoft' (are you missing an assembly reference?)
C:\gh\azure-sdk-for-net\sdk\eventgrid\Microsoft.Azure.WebJobs.Extensions.EventGrid\tests\TestExtensionConfig.cs(4,31): error CS0234: The type or namespace name 'Description' does not exist in the namespace 'Microsoft.Azure.WebJobs' (are you missing an assembly reference?)
C:\gh\azure-sdk-for-net\sdk\eventgrid\Microsoft.Azure.WebJobs.Extensions.EventGrid\tests\TestExtensionConfig.cs(5,36): error CS0234: The type or namespace name 'Config' does not exist in the namespace 'Microsoft.Azure.WebJobs.Host' (are you missing an assembly reference?)
C:\gh\azure-sdk-for-net\sdk\eventgrid\Microsoft.Azure.WebJobs.Extensions.EventGrid\tests\TestHelpers.cs(6,17): error CS0234: The type or namespace name 'Extensions' does not exist in the namespace 'Microsoft' (are you missing an assembly reference?)
C:\gh\azure-sdk-for-net\sdk\eventgrid\Microsoft.Azure.WebJobs.Extensions.EventGrid\tests\TestHelpers.cs(7,17): error CS0234: The type or namespace name 'Extensions' does not exist in the namespace 'Microsoft' (are you missing an assembly reference?)
C:\gh\azure-sdk-for-net\sdk\eventgrid\Microsoft.Azure.WebJobs.Extensions.EventGrid\tests\TestHelpers.cs(8,17): error CS0234: The type or namespace name 'Extensions' does not exist in the namespace 'Microsoft' (are you missing an assembly reference?)
C:\gh\azure-sdk-for-net\sdk\eventgrid\Microsoft.Azure.WebJobs.Extensions.EventGrid\tests\TestHelpers.cs(9,36): error CS0234: The type or namespace name 'Config' does not exist in the namespace 'Microsoft.Azure.WebJobs.Host' (are you missing an assembly reference?)
C:\gh\azure-sdk-for-net\sdk\eventgrid\Microsoft.Azure.WebJobs.Extensions.EventGrid\tests\TestHelpers.cs(10,17): error CS0234: The type or namespace name 'Extensions' does not exist in the namespace 'Microsoft' (are you missing an assembly reference?)
C:\gh\azure-sdk-for-net\sdk\eventgrid\Microsoft.Azure.WebJobs.Extensions.EventGrid\tests\TestListener.cs(12,7): error CS0246: The type or namespace name 'Newtonsoft' could not be found (are you missing a using directive or an assembly reference?)
C:\gh\azure-sdk-for-net\sdk\eventgrid\Microsoft.Azure.WebJobs.Extensions.EventGrid\tests\TestListener.cs(13,17): error CS0234: The type or namespace name 'Extensions' does not exist in the namespace 'Microsoft' (are you missing an assembly reference?)
C:\gh\azure-sdk-for-net\sdk\eventgrid\Microsoft.Azure.WebJobs.Extensions.EventGrid\tests\TestListener.cs(14,7): error CS0246: The type or namespace name 'NUnit' could not be found (are you missing a using directive or an assembly reference?)
C:\gh\azure-sdk-for-net\sdk\eventgrid\Microsoft.Azure.WebJobs.Extensions.EventGrid\tests\TestListener.cs(15,17): error CS0234: The type or namespace name 'Extensions' does not exist in the namespace 'Microsoft' (are you missing an assembly reference?)
C:\gh\azure-sdk-for-net\sdk\eventgrid\Microsoft.Azure.WebJobs.Extensions.EventGrid\tests\UnitTests.cs(10,36): error CS0234: The type or namespace name 'Triggers' does not exist in the namespace 'Microsoft.Azure.WebJobs.Host' (are you missing an assembly reference?)
C:\gh\azure-sdk-for-net\sdk\eventgrid\Microsoft.Azure.WebJobs.Extensions.EventGrid\tests\UnitTests.cs(11,7): error CS0246: The type or namespace name 'Newtonsoft' could not be found (are you missing a using directive or an assembly reference?)
C:\gh\azure-sdk-for-net\sdk\eventgrid\Microsoft.Azure.WebJobs.Extensions.EventGrid\tests\UnitTests.cs(12,7): error CS0246: The type or namespace name 'NUnit' could not be found (are you missing a using directive or an assembly reference?)
C:\gh\azure-sdk-for-net\sdk\eventgrid\Microsoft.Azure.WebJobs.Extensions.EventGrid\tests\UnitTests.cs(13,59): error CS0122: 'EventGridTriggerAttributeBindingProvider' is inaccessible due to its protection level
C:\gh\azure-sdk-for-net\sdk\extensions\Microsoft.Azure.WebJobs.Extensions.Clients\tests\shared\JobHost.cs(6,36): error CS0234: The type or namespace name 'Executors' does not exist in the namespace 'Microsoft.Azure.WebJobs.Host' (are you missing an assembly reference?)
C:\gh\azure-sdk-for-net\sdk\extensions\Microsoft.Azure.WebJobs.Extensions.Clients\tests\shared\JobHost.cs(7,36): error CS0234: The type or namespace name 'Indexers' does not exist in the namespace 'Microsoft.Azure.WebJobs.Host' (are you missing an assembly reference?)
C:\gh\azure-sdk-for-net\sdk\extensions\Microsoft.Azure.WebJobs.Extensions.Clients\tests\shared\JobHost.cs(8,17): error CS0234: The type or namespace name 'Extensions' does not exist in the namespace 'Microsoft' (are you missing an assembly reference?)
C:\gh\azure-sdk-for-net\sdk\extensions\Microsoft.Azure.WebJobs.Extensions.Clients\tests\shared\JobHost.cs(9,7): error CS0246: The type or namespace name 'NUnit' could not be found (are you missing a using directive or an assembly reference?)
C:\gh\azure-sdk-for-net\sdk\extensions\Microsoft.Azure.WebJobs.Extensions.Clients\tests\shared\JobHost.cs(10,7): error CS0246: The type or namespace name 'NUnit' could not be found (are you missing a using directive or an assembly reference?)
C:\gh\azure-sdk-for-net\sdk\extensions\Microsoft.Azure.WebJobs.Extensions.Clients\tests\shared\LogMessage.cs(7,17): error CS0234: The type or namespace name 'Extensions' does not exist in the namespace 'Microsoft' (are you missing an assembly reference?)
C:\gh\azure-sdk-for-net\sdk\extensions\Microsoft.Azure.WebJobs.Extensions.Clients\tests\shared\TestConfigurationBuilderExtensions.cs(6,17): error CS0234: The type or namespace name 'Extensions' does not exist in the namespace 'Microsoft' (are you missing an assembly reference?)
C:\gh\azure-sdk-for-net\sdk\extensions\Microsoft.Azure.WebJobs.Extensions.Clients\tests\shared\TestExceptionHandlerFactory.cs(7,36): error CS0234: The type or namespace name 'Timers' does not exist in the namespace 'Microsoft.Azure.WebJobs.Host' (are you missing an assembly reference?)
C:\gh\azure-sdk-for-net\sdk\extensions\Microsoft.Azure.WebJobs.Extensions.Clients\tests\shared\TestExceptionHandlerFactory.cs(8,17): error CS0234: The type or namespace name 'Extensions' does not exist in the namespace 'Microsoft' (are you missing an assembly reference?)
C:\gh\azure-sdk-for-net\sdk\extensions\Microsoft.Azure.WebJobs.Extensions.Clients\tests\shared\TestExceptionHandlerFactory.cs(9,7): error CS0246: The type or namespace name 'NUnit' could not be found (are you missing a using directive or an assembly reference?)
C:\gh\azure-sdk-for-net\sdk\extensions\Microsoft.Azure.WebJobs.Extensions.Clients\tests\shared\TestHelpers.cs(11,36): error CS0234: The type or namespace name 'Config' does not exist in the namespace 'Microsoft.Azure.WebJobs.Host' (are you missing an assembly reference?)
C:\gh\azure-sdk-for-net\sdk\extensions\Microsoft.Azure.WebJobs.Extensions.Clients\tests\shared\TestHelpers.cs(12,36): error CS0234: The type or namespace name 'Indexers' does not exist in the namespace 'Microsoft.Azure.WebJobs.Host' (are you missing an assembly reference?)
C:\gh\azure-sdk-for-net\sdk\extensions\Microsoft.Azure.WebJobs.Extensions.Clients\tests\shared\TestHelpers.cs(13,36): error CS0234: The type or namespace name 'Timers' does not exist in the namespace 'Microsoft.Azure.WebJobs.Host' (are you missing an assembly reference?)
C:\gh\azure-sdk-for-net\sdk\extensions\Microsoft.Azure.WebJobs.Extensions.Clients\tests\shared\TestHelpers.cs(14,17): error CS0234: The type or namespace name 'Extensions' does not exist in the namespace 'Microsoft' (are you missing an assembly reference?)
C:\gh\azure-sdk-for-net\sdk\extensions\Microsoft.Azure.WebJobs.Extensions.Clients\tests\shared\TestHelpers.cs(15,17): error CS0234: The type or namespace name 'Extensions' does not exist in the namespace 'Microsoft' (are you missing an assembly reference?)
C:\gh\azure-sdk-for-net\sdk\extensions\Microsoft.Azure.WebJobs.Extensions.Clients\tests\shared\TestHelpers.cs(16,17): error CS0234: The type or namespace name 'Extensions' does not exist in the namespace 'Microsoft' (are you missing an assembly reference?)
C:\gh\azure-sdk-for-net\sdk\extensions\Microsoft.Azure.WebJobs.Extensions.Clients\tests\shared\TestHelpers.cs(17,17): error CS0234: The type or namespace name 'Extensions' does not exist in the namespace 'Microsoft' (are you missing an assembly reference?)
C:\gh\azure-sdk-for-net\sdk\extensions\Microsoft.Azure.WebJobs.Extensions.Clients\tests\shared\TestHelpers.cs(18,17): error CS0234: The type or namespace name 'Extensions' does not exist in the namespace 'Microsoft' (are you missing an assembly reference?)
C:\gh\azure-sdk-for-net\sdk\extensions\Microsoft.Azure.WebJobs.Extensions.Clients\tests\shared\TestHelpers.cs(19,7): error CS0246: The type or namespace name 'NUnit' could not be found (are you missing a using directive or an assembly reference?)
C:\gh\azure-sdk-for-net\sdk\extensions\Microsoft.Azure.WebJobs.Extensions.Clients\tests\shared\TestLogger.cs(7,17): error CS0234: The type or namespace name 'Extensions' does not exist in the namespace 'Microsoft' (are you missing an assembly reference?)
C:\gh\azure-sdk-for-net\sdk\extensions\Microsoft.Azure.WebJobs.Extensions.Clients\tests\shared\TestLoggerProvider.cs(7,17): error CS0234: The type or namespace name 'Extensions' does not exist in the namespace 'Microsoft' (are you missing an assembly reference?)
C:\gh\azure-sdk-for-net\sdk\eventgrid\Microsoft.Azure.WebJobs.Extensions.EventGrid\tests\BindingDataAttribute.cs(9,6): error CS0246: The type or namespace name 'BindingAttribute' could not be found (are you missing a using directive or an assembly reference?)
C:\gh\azure-sdk-for-net\sdk\eventgrid\Microsoft.Azure.WebJobs.Extensions.EventGrid\tests\BindingDataAttribute.cs(9,6): error CS0246: The type or namespace name 'Binding' could not be found (are you missing a using directive or an assembly reference?)
C:\gh\azure-sdk-for-net\sdk\extensions\Microsoft.Azure.WebJobs.Extensions.Clients\tests\shared\TestLogger.cs(79,32): error CS0115: 'TestLogger.ToString()': no suitable method found to override
C:\gh\azure-sdk-for-net\sdk\eventgrid\Microsoft.Azure.WebJobs.Extensions.EventGrid\tests\Samples\EventGridTriggerFunction.cs(14,10): error CS0246: The type or namespace name 'FunctionNameAttribute' could not be found (are you missing a using directive or an assembly reference?)
C:\gh\azure-sdk-for-net\sdk\eventgrid\Microsoft.Azure.WebJobs.Extensions.EventGrid\tests\Samples\EventGridTriggerFunction.cs(14,10): error CS0246: The type or namespace name 'FunctionName' could not be found (are you missing a using directive or an assembly reference?)
C:\gh\azure-sdk-for-net\sdk\eventgrid\Microsoft.Azure.WebJobs.Extensions.EventGrid\tests\Samples\EventGridTriggerFunction.cs(17,14): error CS0246: The type or namespace name 'Attribute' could not be found (are you missing a using directive or an assembly reference?)
C:\gh\azure-sdk-for-net\sdk\eventgrid\Microsoft.Azure.WebJobs.Extensions.EventGrid\tests\Samples\EventGridTriggerFunction.cs(17,14): error CS0518: Predefined type 'System.Void' is not defined or imported
C:\gh\azure-sdk-for-net\sdk\eventgrid\Microsoft.Azure.WebJobs.Extensions.EventGrid\tests\Samples\EventGridBindingFunction.cs(19,14): error CS0246: The type or namespace name 'HttpTriggerAttribute' could not be found (are you missing a using directive or an assembly reference?)
C:\gh\azure-sdk-for-net\sdk\eventgrid\Microsoft.Azure.WebJobs.Extensions.EventGrid\tests\Samples\EventGridBindingFunction.cs(19,14): error CS0246: The type or namespace name 'HttpTrigger' could not be found (are you missing a using directive or an assembly reference?)
C:\gh\azure-sdk-for-net\sdk\eventgrid\Microsoft.Azure.WebJobs.Extensions.EventGrid\tests\Samples\EventGridBindingFunction.cs(19,26): error CS0103: The name 'AuthorizationLevel' does not exist in the current context
C:\gh\azure-sdk-for-net\sdk\eventgrid\Microsoft.Azure.WebJobs.Extensions.EventGrid\tests\Samples\EventGridBindingFunction.cs(19,71): error CS0246: The type or namespace name 'Route' could not be found (are you missing a using directive or an assembly reference?)
C:\gh\azure-sdk-for-net\sdk\extensions\Microsoft.Azure.WebJobs.Extensions.Clients\tests\shared\LogMessage.cs(13,16): error CS0122: 'LogLevel' is inaccessible due to its protection level
C:\gh\azure-sdk-for-net\sdk\extensions\Microsoft.Azure.WebJobs.Extensions.Clients\tests\shared\LogMessage.cs(15,16): error CS0246: The type or namespace name 'EventId' could not be found (are you missing a using directive or an assembly reference?)
C:\gh\azure-sdk-for-net\sdk\eventgrid\Microsoft.Azure.WebJobs.Extensions.EventGrid\tests\BindingDataAttribute.cs(17,10): error CS0246: The type or namespace name 'AutoResolveAttribute' could not be found (are you missing a using directive or an assembly reference?)
C:\gh\azure-sdk-for-net\sdk\eventgrid\Microsoft.Azure.WebJobs.Extensions.EventGrid\tests\BindingDataAttribute.cs(17,10): error CS0246: The type or namespace name 'AutoResolve' could not be found (are you missing a using directive or an assembly reference?)
C:\gh\azure-sdk-for-net\sdk\eventgrid\Microsoft.Azure.WebJobs.Extensions.EventGrid\tests\TestListener.cs(24,10): error CS0246: The type or namespace name 'SetUpAttribute' could not be found (are you missing a using directive or an assembly reference?)
C:\gh\azure-sdk-for-net\sdk\eventgrid\Microsoft.Azure.WebJobs.Extensions.EventGrid\tests\TestListener.cs(24,10): error CS0246: The type or namespace name 'SetUp' could not be found (are you missing a using directive or an assembly reference?)
C:\gh\azure-sdk-for-net\sdk\eventgrid\Microsoft.Azure.WebJobs.Extensions.EventGrid\tests\Samples\EventGridBindingFunction.cs(20,14): error CS0246: The type or namespace name 'Attribute' could not be found (are you missing a using directive or an assembly reference?)
C:\gh\azure-sdk-for-net\sdk\eventgrid\Microsoft.Azure.WebJobs.Extensions.EventGrid\tests\Samples\EventGridBindingFunction.cs(20,24): error CS0518: Predefined type 'System.String' is not defined or imported
C:\gh\azure-sdk-for-net\sdk\eventgrid\Microsoft.Azure.WebJobs.Extensions.EventGrid\tests\Samples\EventGridBindingFunction.cs(20,64): error CS0518: Predefined type 'System.String' is not defined or imported
C:\gh\azure-sdk-for-net\sdk\eventgrid\Microsoft.Azure.WebJobs.Extensions.EventGrid\tests\Samples\EventGridBindingFunction.cs(20,14): error CS0518: Predefined type 'System.Void' is not defined or imported
C:\gh\azure-sdk-for-net\sdk\eventgrid\Microsoft.Azure.WebJobs.Extensions.EventGrid\tests\JobhostEndToEnd.cs(71,10): error CS0246: The type or namespace name 'TestAttribute' could not be found (are you missing a using directive or an assembly reference?)
C:\gh\azure-sdk-for-net\sdk\eventgrid\Microsoft.Azure.WebJobs.Extensions.EventGrid\tests\JobhostEndToEnd.cs(71,10): error CS0246: The type or namespace name 'Test' could not be found (are you missing a using directive or an assembly reference?)
C:\gh\azure-sdk-for-net\sdk\eventgrid\Microsoft.Azure.WebJobs.Extensions.EventGrid\tests\JobhostEndToEnd.cs(146,10): error CS0246: The type or namespace name 'TestAttribute' could not be found (are you missing a using directive or an assembly reference?)
C:\gh\azure-sdk-for-net\sdk\eventgrid\Microsoft.Azure.WebJobs.Extensions.EventGrid\tests\JobhostEndToEnd.cs(146,10): error CS0246: The type or namespace name 'Test' could not be found (are you missing a using directive or an assembly reference?)
C:\gh\azure-sdk-for-net\sdk\eventgrid\Microsoft.Azure.WebJobs.Extensions.EventGrid\tests\JobhostEndToEnd.cs(233,55): error CS0246: The type or namespace name 'Attribute' could not be found (are you missing a using directive or an assembly reference?)
C:\gh\azure-sdk-for-net\sdk\eventgrid\Microsoft.Azure.WebJobs.Extensions.EventGrid\tests\JobhostEndToEnd.cs(233,55): error CS0518: Predefined type 'System.Void' is not defined or imported
C:\gh\azure-sdk-for-net\sdk\eventgrid\Microsoft.Azure.WebJobs.Extensions.EventGrid\tests\JobhostEndToEnd.cs(238,64): error CS0246: The type or namespace name 'Attribute' could not be found (are you missing a using directive or an assembly reference?)
C:\gh\azure-sdk-for-net\sdk\eventgrid\Microsoft.Azure.WebJobs.Extensions.EventGrid\tests\JobhostEndToEnd.cs(238,64): error CS0518: Predefined type 'System.Void' is not defined or imported
C:\gh\azure-sdk-for-net\sdk\eventgrid\Microsoft.Azure.WebJobs.Extensions.EventGrid\tests\JobhostEndToEnd.cs(243,56): error CS0246: The type or namespace name 'Attribute' could not be found (are you missing a using directive or an assembly reference?)
C:\gh\azure-sdk-for-net\sdk\eventgrid\Microsoft.Azure.WebJobs.Extensions.EventGrid\tests\JobhostEndToEnd.cs(243,56): error CS0518: Predefined type 'System.Void' is not defined or imported
C:\gh\azure-sdk-for-net\sdk\eventgrid\Microsoft.Azure.WebJobs.Extensions.EventGrid\tests\JobhostEndToEnd.cs(248,65): error CS0246: The type or namespace name 'Attribute' could not be found (are you missing a using directive or an assembly reference?)
C:\gh\azure-sdk-for-net\sdk\eventgrid\Microsoft.Azure.WebJobs.Extensions.EventGrid\tests\JobhostEndToEnd.cs(248,65): error CS0518: Predefined type 'System.Void' is not defined or imported
C:\gh\azure-sdk-for-net\sdk\eventgrid\Microsoft.Azure.WebJobs.Extensions.EventGrid\tests\JobhostEndToEnd.cs(253,54): error CS0246: The type or namespace name 'Attribute' could not be found (are you missing a using directive or an assembly reference?)
C:\gh\azure-sdk-for-net\sdk\eventgrid\Microsoft.Azure.WebJobs.Extensions.EventGrid\tests\JobhostEndToEnd.cs(253,54): error CS0518: Predefined type 'System.Void' is not defined or imported
C:\gh\azure-sdk-for-net\sdk\eventgrid\Microsoft.Azure.WebJobs.Extensions.EventGrid\tests\JobhostEndToEnd.cs(258,58): error CS0246: The type or namespace name 'Attribute' could not be found (are you missing a using directive or an assembly reference?)
C:\gh\azure-sdk-for-net\sdk\eventgrid\Microsoft.Azure.WebJobs.Extensions.EventGrid\tests\JobhostEndToEnd.cs(258,58): error CS0518: Predefined type 'System.Void' is not defined or imported
C:\gh\azure-sdk-for-net\sdk\eventgrid\Microsoft.Azure.WebJobs.Extensions.EventGrid\tests\JobhostEndToEnd.cs(263,48): error CS0246: The type or namespace name 'Attribute' could not be found (are you missing a using directive or an assembly reference?)
C:\gh\azure-sdk-for-net\sdk\eventgrid\Microsoft.Azure.WebJobs.Extensions.EventGrid\tests\JobhostEndToEnd.cs(263,48): error CS0518: Predefined type 'System.Void' is not defined or imported
C:\gh\azure-sdk-for-net\sdk\eventgrid\Microsoft.Azure.WebJobs.Extensions.EventGrid\tests\JobhostEndToEnd.cs(268,60): error CS0246: The type or namespace name 'Attribute' could not be found (are you missing a using directive or an assembly reference?)
C:\gh\azure-sdk-for-net\sdk\eventgrid\Microsoft.Azure.WebJobs.Extensions.EventGrid\tests\JobhostEndToEnd.cs(268,60): error CS0518: Predefined type 'System.Void' is not defined or imported
C:\gh\azure-sdk-for-net\sdk\eventgrid\Microsoft.Azure.WebJobs.Extensions.EventGrid\tests\TestListener.cs(155,14): error CS0246: The type or namespace name 'FunctionNameAttribute' could not be found (are you missing a using directive or an assembly reference?)
C:\gh\azure-sdk-for-net\sdk\eventgrid\Microsoft.Azure.WebJobs.Extensions.EventGrid\tests\TestListener.cs(155,14): error CS0246: The type or namespace name 'FunctionName' could not be found (are you missing a using directive or an assembly reference?)
C:\gh\azure-sdk-for-net\sdk\eventgrid\Microsoft.Azure.WebJobs.Extensions.EventGrid\tests\JobhostEndToEnd.cs(273,64): error CS0246: The type or namespace name 'Attribute' could not be found (are you missing a using directive or an assembly reference?)
C:\gh\azure-sdk-for-net\sdk\eventgrid\Microsoft.Azure.WebJobs.Extensions.EventGrid\tests\JobhostEndToEnd.cs(273,64): error CS0518: Predefined type 'System.Void' is not defined or imported
C:\gh\azure-sdk-for-net\sdk\eventgrid\Microsoft.Azure.WebJobs.Extensions.EventGrid\tests\TestListener.cs(157,18): error CS0246: The type or namespace name 'Attribute' could not be found (are you missing a using directive or an assembly reference?)
C:\gh\azure-sdk-for-net\sdk\eventgrid\Microsoft.Azure.WebJobs.Extensions.EventGrid\tests\TestListener.cs(157,18): error CS0518: Predefined type 'System.Void' is not defined or imported
C:\gh\azure-sdk-for-net\sdk\eventgrid\Microsoft.Azure.WebJobs.Extensions.EventGrid\tests\JobhostEndToEnd.cs(281,51): error CS0246: The type or namespace name 'Attribute' could not be found (are you missing a using directive or an assembly reference?)
C:\gh\azure-sdk-for-net\sdk\eventgrid\Microsoft.Azure.WebJobs.Extensions.EventGrid\tests\JobhostEndToEnd.cs(281,51): error CS0518: Predefined type 'System.Void' is not defined or imported
C:\gh\azure-sdk-for-net\sdk\eventgrid\Microsoft.Azure.WebJobs.Extensions.EventGrid\tests\JobhostEndToEnd.cs(303,18): error CS0246: The type or namespace name 'Attribute' could not be found (are you missing a using directive or an assembly reference?)
C:\gh\azure-sdk-for-net\sdk\eventgrid\Microsoft.Azure.WebJobs.Extensions.EventGrid\tests\JobhostEndToEnd.cs(303,18): error CS0518: Predefined type 'System.Void' is not defined or imported
C:\gh\azure-sdk-for-net\sdk\eventgrid\Microsoft.Azure.WebJobs.Extensions.EventGrid\tests\JobhostEndToEnd.cs(310,18): error CS0246: The type or namespace name 'Attribute' could not be found (are you missing a using directive or an assembly reference?)
C:\gh\azure-sdk-for-net\sdk\eventgrid\Microsoft.Azure.WebJobs.Extensions.EventGrid\tests\JobhostEndToEnd.cs(310,18): error CS0518: Predefined type 'System.Void' is not defined or imported
C:\gh\azure-sdk-for-net\sdk\eventgrid\Microsoft.Azure.WebJobs.Extensions.EventGrid\tests\JobhostEndToEnd.cs(317,18): error CS0246: The type or namespace name 'Attribute' could not be found (are you missing a using directive or an assembly reference?)
C:\gh\azure-sdk-for-net\sdk\eventgrid\Microsoft.Azure.WebJobs.Extensions.EventGrid\tests\JobhostEndToEnd.cs(317,18): error CS0518: Predefined type 'System.Void' is not defined or imported
C:\gh\azure-sdk-for-net\sdk\eventgrid\Microsoft.Azure.WebJobs.Extensions.EventGrid\tests\JobhostEndToEnd.cs(325,18): error CS0246: The type or namespace name 'Attribute' could not be found (are you missing a using directive or an assembly reference?)
C:\gh\azure-sdk-for-net\sdk\eventgrid\Microsoft.Azure.WebJobs.Extensions.EventGrid\tests\JobhostEndToEnd.cs(325,18): error CS0518: Predefined type 'System.Void' is not defined or imported
C:\gh\azure-sdk-for-net\sdk\eventgrid\Microsoft.Azure.WebJobs.Extensions.EventGrid\tests\JobhostEndToEnd.cs(332,18): error CS0246: The type or namespace name 'Attribute' could not be found (are you missing a using directive or an assembly reference?)
C:\gh\azure-sdk-for-net\sdk\eventgrid\Microsoft.Azure.WebJobs.Extensions.EventGrid\tests\JobhostEndToEnd.cs(332,18): error CS0518: Predefined type 'System.Void' is not defined or imported
C:\gh\azure-sdk-for-net\sdk\eventgrid\Microsoft.Azure.WebJobs.Extensions.EventGrid\tests\TestListener.cs(170,14): error CS0246: The type or namespace name 'FunctionNameAttribute' could not be found (are you missing a using directive or an assembly reference?)
C:\gh\azure-sdk-for-net\sdk\eventgrid\Microsoft.Azure.WebJobs.Extensions.EventGrid\tests\TestListener.cs(170,14): error CS0246: The type or namespace name 'FunctionName' could not be found (are you missing a using directive or an assembly reference?)
C:\gh\azure-sdk-for-net\sdk\eventgrid\Microsoft.Azure.WebJobs.Extensions.EventGrid\tests\JobhostEndToEnd.cs(341,49): error CS0246: The type or namespace name 'Attribute' could not be found (are you missing a using directive or an assembly reference?)
C:\gh\azure-sdk-for-net\sdk\eventgrid\Microsoft.Azure.WebJobs.Extensions.EventGrid\tests\JobhostEndToEnd.cs(341,49): error CS0518: Predefined type 'System.Void' is not defined or imported
C:\gh\azure-sdk-for-net\sdk\eventgrid\Microsoft.Azure.WebJobs.Extensions.EventGrid\tests\JobhostEndToEnd.cs(346,48): error CS0246: The type or namespace name 'Attribute' could not be found (are you missing a using directive or an assembly reference?)
C:\gh\azure-sdk-for-net\sdk\eventgrid\Microsoft.Azure.WebJobs.Extensions.EventGrid\tests\JobhostEndToEnd.cs(346,48): error CS0518: Predefined type 'System.Void' is not defined or imported
C:\gh\azure-sdk-for-net\sdk\eventgrid\Microsoft.Azure.WebJobs.Extensions.EventGrid\tests\TestListener.cs(171,30): error CS0246: The type or namespace name 'Attribute' could not be found (are you missing a using directive or an assembly reference?)
C:\gh\azure-sdk-for-net\sdk\eventgrid\Microsoft.Azure.WebJobs.Extensions.EventGrid\tests\TestListener.cs(171,30): error CS0518: Predefined type 'System.Void' is not defined or imported
C:\gh\azure-sdk-for-net\sdk\eventgrid\Microsoft.Azure.WebJobs.Extensions.EventGrid\tests\JobhostEndToEnd.cs(354,49): error CS0246: The type or namespace name 'Attribute' could not be found (are you missing a using directive or an assembly reference?)
C:\gh\azure-sdk-for-net\sdk\eventgrid\Microsoft.Azure.WebJobs.Extensions.EventGrid\tests\JobhostEndToEnd.cs(354,49): error CS0518: Predefined type 'System.Void' is not defined or imported
C:\gh\azure-sdk-for-net\sdk\eventgrid\Microsoft.Azure.WebJobs.Extensions.EventGrid\tests\JobhostEndToEnd.cs(359,50): error CS0246: The type or namespace name 'Attribute' could not be found (are you missing a using directive or an assembly reference?)
C:\gh\azure-sdk-for-net\sdk\eventgrid\Microsoft.Azure.WebJobs.Extensions.EventGrid\tests\JobhostEndToEnd.cs(359,50): error CS0518: Predefined type 'System.Void' is not defined or imported
C:\gh\azure-sdk-for-net\sdk\eventgrid\Microsoft.Azure.WebJobs.Extensions.EventGrid\tests\JobhostEndToEnd.cs(367,38): error CS0616: 'Microsoft.Azure.WebJobs.Extensions.EventGrid' is not an attribute class
C:\gh\azure-sdk-for-net\sdk\eventgrid\Microsoft.Azure.WebJobs.Extensions.EventGrid\tests\JobhostEndToEnd.cs(367,48): error CS0246: The type or namespace name 'TopicEndpointUri' could not be found (are you missing a using directive or an assembly reference?)
C:\gh\azure-sdk-for-net\sdk\eventgrid\Microsoft.Azure.WebJobs.Extensions.EventGrid\tests\JobhostEndToEnd.cs(367,83): error CS0246: The type or namespace name 'TopicKeySetting' could not be found (are you missing a using directive or an assembly reference?)
C:\gh\azure-sdk-for-net\sdk\eventgrid\Microsoft.Azure.WebJobs.Extensions.EventGrid\tests\JobhostEndToEnd.cs(372,22): error CS0616: 'Microsoft.Azure.WebJobs.Extensions.EventGrid' is not an attribute class
C:\gh\azure-sdk-for-net\sdk\eventgrid\Microsoft.Azure.WebJobs.Extensions.EventGrid\tests\JobhostEndToEnd.cs(372,32): error CS0246: The type or namespace name 'TopicEndpointUri' could not be found (are you missing a using directive or an assembly reference?)
C:\gh\azure-sdk-for-net\sdk\eventgrid\Microsoft.Azure.WebJobs.Extensions.EventGrid\tests\JobhostEndToEnd.cs(372,67): error CS0246: The type or namespace name 'TopicKeySetting' could not be found (are you missing a using directive or an assembly reference?)
C:\gh\azure-sdk-for-net\sdk\eventgrid\Microsoft.Azure.WebJobs.Extensions.EventGrid\tests\JobhostEndToEnd.cs(378,37): error CS0616: 'Microsoft.Azure.WebJobs.Extensions.EventGrid' is not an attribute class
C:\gh\azure-sdk-for-net\sdk\eventgrid\Microsoft.Azure.WebJobs.Extensions.EventGrid\tests\JobhostEndToEnd.cs(378,47): error CS0246: The type or namespace name 'TopicEndpointUri' could not be found (are you missing a using directive or an assembly reference?)
C:\gh\azure-sdk-for-net\sdk\eventgrid\Microsoft.Azure.WebJobs.Extensions.EventGrid\tests\JobhostEndToEnd.cs(378,82): error CS0246: The type or namespace name 'TopicKeySetting' could not be found (are you missing a using directive or an assembly reference?)
C:\gh\azure-sdk-for-net\sdk\eventgrid\Microsoft.Azure.WebJobs.Extensions.EventGrid\tests\JobhostEndToEnd.cs(387,41): error CS0616: 'Microsoft.Azure.WebJobs.Extensions.EventGrid' is not an attribute class
C:\gh\azure-sdk-for-net\sdk\eventgrid\Microsoft.Azure.WebJobs.Extensions.EventGrid\tests\JobhostEndToEnd.cs(387,51): error CS0246: The type or namespace name 'TopicEndpointUri' could not be found (are you missing a using directive or an assembly reference?)
C:\gh\azure-sdk-for-net\sdk\eventgrid\Microsoft.Azure.WebJobs.Extensions.EventGrid\tests\JobhostEndToEnd.cs(387,86): error CS0246: The type or namespace name 'TopicKeySetting' could not be found (are you missing a using directive or an assembly reference?)
C:\gh\azure-sdk-for-net\sdk\eventgrid\Microsoft.Azure.WebJobs.Extensions.EventGrid\tests\JobhostEndToEnd.cs(395,52): error CS0616: 'Microsoft.Azure.WebJobs.Extensions.EventGrid' is not an attribute class
C:\gh\azure-sdk-for-net\sdk\eventgrid\Microsoft.Azure.WebJobs.Extensions.EventGrid\tests\JobhostEndToEnd.cs(395,62): error CS0246: The type or namespace name 'TopicEndpointUri' could not be found (are you missing a using directive or an assembly reference?)
C:\gh\azure-sdk-for-net\sdk\eventgrid\Microsoft.Azure.WebJobs.Extensions.EventGrid\tests\JobhostEndToEnd.cs(395,97): error CS0246: The type or namespace name 'TopicKeySetting' could not be found (are you missing a using directive or an assembly reference?)
C:\gh\azure-sdk-for-net\sdk\eventgrid\Microsoft.Azure.WebJobs.Extensions.EventGrid\tests\JobhostEndToEnd.cs(410,39): error CS0616: 'Microsoft.Azure.WebJobs.Extensions.EventGrid' is not an attribute class
C:\gh\azure-sdk-for-net\sdk\eventgrid\Microsoft.Azure.WebJobs.Extensions.EventGrid\tests\JobhostEndToEnd.cs(410,49): error CS0246: The type or namespace name 'TopicEndpointUri' could not be found (are you missing a using directive or an assembly reference?)
C:\gh\azure-sdk-for-net\sdk\eventgrid\Microsoft.Azure.WebJobs.Extensions.EventGrid\tests\JobhostEndToEnd.cs(410,84): error CS0246: The type or namespace name 'TopicKeySetting' could not be found (are you missing a using directive or an assembly reference?)
C:\gh\azure-sdk-for-net\sdk\eventgrid\Microsoft.Azure.WebJobs.Extensions.EventGrid\tests\JobhostEndToEnd.cs(427,40): error CS0616: 'Microsoft.Azure.WebJobs.Extensions.EventGrid' is not an attribute class
C:\gh\azure-sdk-for-net\sdk\eventgrid\Microsoft.Azure.WebJobs.Extensions.EventGrid\tests\JobhostEndToEnd.cs(427,50): error CS0246: The type or namespace name 'TopicEndpointUri' could not be found (are you missing a using directive or an assembly reference?)
C:\gh\azure-sdk-for-net\sdk\eventgrid\Microsoft.Azure.WebJobs.Extensions.EventGrid\tests\JobhostEndToEnd.cs(427,85): error CS0246: The type or namespace name 'TopicKeySetting' could not be found (are you missing a using directive or an assembly reference?)
C:\gh\azure-sdk-for-net\sdk\extensions\Microsoft.Azure.WebJobs.Extensions.Clients\tests\shared\TestLoggerProvider.cs(19,27): error CS0246: The type or namespace name 'LoggerFilterOptions' could not be found (are you missing a using directive or an assembly reference?)
C:\gh\azure-sdk-for-net\sdk\eventgrid\Microsoft.Azure.WebJobs.Extensions.EventGrid\tests\Samples\EventGridBindingFunction.cs(22,13): error CS0246: The type or namespace name 'EventGridEvent' could not be found (are you missing a using directive or an assembly reference?)
C:\gh\azure-sdk-for-net\sdk\eventgrid\Microsoft.Azure.WebJobs.Extensions.EventGrid\tests\Samples\EventGridBindingFunction.cs(22,36): error CS0246: The type or namespace name 'EventGridEvent' could not be found (are you missing a using directive or an assembly reference?)
C:\gh\azure-sdk-for-net\sdk\eventgrid\Microsoft.Azure.WebJobs.Extensions.EventGrid\tests\Samples\EventGridBindingFunction.cs(24,24): error CS0246: The type or namespace name 'OkResult' could not be found (are you missing a using directive or an assembly reference?)
C:\gh\azure-sdk-for-net\sdk\eventgrid\Microsoft.Azure.WebJobs.Extensions.EventGrid\tests\TestListener.cs(34,27): error CS0122: 'EventGridExtensionConfigProvider' is inaccessible due to its protection level
C:\gh\azure-sdk-for-net\sdk\eventgrid\Microsoft.Azure.WebJobs.Extensions.EventGrid\tests\TestListener.cs(34,64): error CS0122: 'HttpRequestProcessor' is inaccessible due to its protection level
C:\gh\azure-sdk-for-net\sdk\eventgrid\Microsoft.Azure.WebJobs.Extensions.EventGrid\tests\TestListener.cs(34,85): error CS0103: The name 'NullLoggerFactory' does not exist in the current context
C:\gh\azure-sdk-for-net\sdk\eventgrid\Microsoft.Azure.WebJobs.Extensions.EventGrid\tests\TestListener.cs(34,125): error CS0122: 'HttpRequestProcessor' is inaccessible due to its protection level
C:\gh\azure-sdk-for-net\sdk\eventgrid\Microsoft.Azure.WebJobs.Extensions.EventGrid\tests\TestListener.cs(34,64): error CS0518: Predefined type 'System.Void' is not defined or imported
C:\gh\azure-sdk-for-net\sdk\eventgrid\Microsoft.Azure.WebJobs.Extensions.EventGrid\tests\TestListener.cs(34,151): error CS0103: The name 'NullLoggerFactory' does not exist in the current context
C:\gh\azure-sdk-for-net\sdk\eventgrid\Microsoft.Azure.WebJobs.Extensions.EventGrid\tests\TestListener.cs(34,27): error CS0518: Predefined type 'System.Void' is not defined or imported
C:\gh\azure-sdk-for-net\sdk\eventgrid\Microsoft.Azure.WebJobs.Extensions.EventGrid\tests\TestListener.cs(39,38): error CS0246: The type or namespace name 'IExtensionConfigProvider' could not be found (are you missing a using directive or an assembly reference?)
C:\gh\azure-sdk-for-net\sdk\eventgrid\Microsoft.Azure.WebJobs.Extensions.EventGrid\tests\TestListener.cs(39,38): error CS0122: 'EventGridExtensionConfigProvider.ConvertAsync(HttpRequestMessage, CancellationToken)' is inaccessible due to its protection level
C:\gh\azure-sdk-for-net\sdk\eventgrid\Microsoft.Azure.WebJobs.Extensions.EventGrid\tests\TestListener.cs(41,13): error CS0103: The name 'Assert' does not exist in the current context
C:\gh\azure-sdk-for-net\sdk\eventgrid\Microsoft.Azure.WebJobs.Extensions.EventGrid\tests\JobhostEndToEnd.cs(35,13): error CS0246: The type or namespace name 'JObject' could not be found (are you missing a using directive or an assembly reference?)
C:\gh\azure-sdk-for-net\sdk\eventgrid\Microsoft.Azure.WebJobs.Extensions.EventGrid\tests\JobhostEndToEnd.cs(35,27): error CS0103: The name 'JObject' does not exist in the current context
C:\gh\azure-sdk-for-net\sdk\eventgrid\Microsoft.Azure.WebJobs.Extensions.EventGrid\tests\JobhostEndToEnd.cs(45,13): error CS0103: The name 'Assert' does not exist in the current context
C:\gh\azure-sdk-for-net\sdk\eventgrid\Microsoft.Azure.WebJobs.Extensions.EventGrid\tests\TestListener.cs(50,27): error CS0122: 'EventGridExtensionConfigProvider' is inaccessible due to its protection level
C:\gh\azure-sdk-for-net\sdk\eventgrid\Microsoft.Azure.WebJobs.Extensions.EventGrid\tests\TestListener.cs(50,64): error CS0122: 'HttpRequestProcessor' is inaccessible due to its protection level
C:\gh\azure-sdk-for-net\sdk\eventgrid\Microsoft.Azure.WebJobs.Extensions.EventGrid\tests\TestListener.cs(50,85): error CS0103: The name 'NullLoggerFactory' does not exist in the current context
C:\gh\azure-sdk-for-net\sdk\eventgrid\Microsoft.Azure.WebJobs.Extensions.EventGrid\tests\TestListener.cs(50,125): error CS0122: 'HttpRequestProcessor' is inaccessible due to its protection level
C:\gh\azure-sdk-for-net\sdk\eventgrid\Microsoft.Azure.WebJobs.Extensions.EventGrid\tests\TestListener.cs(50,64): error CS0518: Predefined type 'System.Void' is not defined or imported
C:\gh\azure-sdk-for-net\sdk\eventgrid\Microsoft.Azure.WebJobs.Extensions.EventGrid\tests\TestListener.cs(50,151): error CS0103: The name 'NullLoggerFactory' does not exist in the current context
C:\gh\azure-sdk-for-net\sdk\eventgrid\Microsoft.Azure.WebJobs.Extensions.EventGrid\tests\TestListener.cs(50,27): error CS0518: Predefined type 'System.Void' is not defined or imported
C:\gh\azure-sdk-for-net\sdk\eventgrid\Microsoft.Azure.WebJobs.Extensions.EventGrid\tests\TestListener.cs(55,17): error CS0103: The name 'JObject' does not exist in the current context
C:\gh\azure-sdk-for-net\sdk\eventgrid\Microsoft.Azure.WebJobs.Extensions.EventGrid\tests\TestListener.cs(56,17): error CS0103: The name 'JObject' does not exist in the current context
C:\gh\azure-sdk-for-net\sdk\eventgrid\Microsoft.Azure.WebJobs.Extensions.EventGrid\tests\TestListener.cs(57,38): error CS0246: The type or namespace name 'IExtensionConfigProvider' could not be found (are you missing a using directive or an assembly reference?)
C:\gh\azure-sdk-for-net\sdk\eventgrid\Microsoft.Azure.WebJobs.Extensions.EventGrid\tests\TestListener.cs(57,38): error CS0122: 'EventGridExtensionConfigProvider.ConvertAsync(HttpRequestMessage, CancellationToken)' is inaccessible due to its protection level
C:\gh\azure-sdk-for-net\sdk\eventgrid\Microsoft.Azure.WebJobs.Extensions.EventGrid\tests\TestListener.cs(63,13): error CS0103: The name 'Assert' does not exist in the current context
C:\gh\azure-sdk-for-net\sdk\eventgrid\Microsoft.Azure.WebJobs.Extensions.EventGrid\tests\TestListener.cs(64,13): error CS0103: The name 'Assert' does not exist in the current context
C:\gh\azure-sdk-for-net\sdk\eventgrid\Microsoft.Azure.WebJobs.Extensions.EventGrid\tests\TestListener.cs(67,13): error CS0103: The name 'Assert' does not exist in the current context
C:\gh\azure-sdk-for-net\sdk\eventgrid\Microsoft.Azure.WebJobs.Extensions.EventGrid\tests\JobhostEndToEnd.cs(56,13): error CS0246: The type or namespace name 'JArray' could not be found (are you missing a using directive or an assembly reference?)
C:\gh\azure-sdk-for-net\sdk\eventgrid\Microsoft.Azure.WebJobs.Extensions.EventGrid\tests\JobhostEndToEnd.cs(56,29): error CS0103: The name 'JArray' does not exist in the current context
C:\gh\azure-sdk-for-net\sdk\eventgrid\Microsoft.Azure.WebJobs.Extensions.EventGrid\tests\JobhostEndToEnd.cs(59,39): error CS0246: The type or namespace name 'JArray' could not be found (are you missing a using directive or an assembly reference?)
C:\gh\azure-sdk-for-net\sdk\eventgrid\Microsoft.Azure.WebJobs.Extensions.EventGrid\tests\JobhostEndToEnd.cs(67,13): error CS0103: The name 'Assert' does not exist in the current context
C:\gh\azure-sdk-for-net\sdk\eventgrid\Microsoft.Azure.WebJobs.Extensions.EventGrid\tests\TestHelpers.cs(20,31): error CS0246: The type or namespace name 'HostBuilder' could not be found (are you missing a using directive or an assembly reference?)
C:\gh\azure-sdk-for-net\sdk\eventgrid\Microsoft.Azure.WebJobs.Extensions.EventGrid\tests\TestHelpers.cs(54,45): error CS0246: The type or namespace name 'IJobHost' could not be found (are you missing a using directive or an assembly reference?)
C:\gh\azure-sdk-for-net\sdk\eventgrid\Microsoft.Azure.WebJobs.Extensions.EventGrid\tests\TestHelpers.cs(54,60): error CS0305: Using the generic type 'JobHost<TProgram>' requires 1 type arguments
C:\gh\azure-sdk-for-net\sdk\eventgrid\Microsoft.Azure.WebJobs.Extensions.EventGrid\tests\TestListener.cs(74,27): error CS0122: 'EventGridExtensionConfigProvider' is inaccessible due to its protection level
C:\gh\azure-sdk-for-net\sdk\eventgrid\Microsoft.Azure.WebJobs.Extensions.EventGrid\tests\TestListener.cs(74,64): error CS0122: 'HttpRequestProcessor' is inaccessible due to its protection level
C:\gh\azure-sdk-for-net\sdk\eventgrid\Microsoft.Azure.WebJobs.Extensions.EventGrid\tests\TestListener.cs(74,85): error CS0103: The name 'NullLoggerFactory' does not exist in the current context
C:\gh\azure-sdk-for-net\sdk\eventgrid\Microsoft.Azure.WebJobs.Extensions.EventGrid\tests\TestListener.cs(74,125): error CS0122: 'HttpRequestProcessor' is inaccessible due to its protection level
C:\gh\azure-sdk-for-net\sdk\eventgrid\Microsoft.Azure.WebJobs.Extensions.EventGrid\tests\TestListener.cs(74,64): error CS0518: Predefined type 'System.Void' is not defined or imported
C:\gh\azure-sdk-for-net\sdk\eventgrid\Microsoft.Azure.WebJobs.Extensions.EventGrid\tests\TestListener.cs(74,151): error CS0103: The name 'NullLoggerFactory' does not exist in the current context
C:\gh\azure-sdk-for-net\sdk\eventgrid\Microsoft.Azure.WebJobs.Extensions.EventGrid\tests\TestListener.cs(74,27): error CS0518: Predefined type 'System.Void' is not defined or imported
C:\gh\azure-sdk-for-net\sdk\eventgrid\Microsoft.Azure.WebJobs.Extensions.EventGrid\tests\TestListener.cs(79,17): error CS0103: The name 'JObject' does not exist in the current context
C:\gh\azure-sdk-for-net\sdk\eventgrid\Microsoft.Azure.WebJobs.Extensions.EventGrid\tests\TestListener.cs(80,38): error CS0246: The type or namespace name 'IExtensionConfigProvider' could not be found (are you missing a using directive or an assembly reference?)
C:\gh\azure-sdk-for-net\sdk\eventgrid\Microsoft.Azure.WebJobs.Extensions.EventGrid\tests\TestListener.cs(80,38): error CS0122: 'EventGridExtensionConfigProvider.ConvertAsync(HttpRequestMessage, CancellationToken)' is inaccessible due to its protection level
C:\gh\azure-sdk-for-net\sdk\eventgrid\Microsoft.Azure.WebJobs.Extensions.EventGrid\tests\TestListener.cs(84,13): error CS0103: The name 'Assert' does not exist in the current context
C:\gh\azure-sdk-for-net\sdk\eventgrid\Microsoft.Azure.WebJobs.Extensions.EventGrid\tests\TestListener.cs(85,13): error CS0103: The name 'Assert' does not exist in the current context
C:\gh\azure-sdk-for-net\sdk\eventgrid\Microsoft.Azure.WebJobs.Extensions.EventGrid\tests\UnitTests.cs(29,13): error CS0246: The type or namespace name 'ITriggerBinding' could not be found (are you missing a using directive or an assembly reference?)
C:\gh\azure-sdk-for-net\sdk\eventgrid\Microsoft.Azure.WebJobs.Extensions.EventGrid\tests\UnitTests.cs(29,43): error CS0246: The type or namespace name 'EventGridTriggerBinding' could not be found (are you missing a using directive or an assembly reference?)
C:\gh\azure-sdk-for-net\sdk\eventgrid\Microsoft.Azure.WebJobs.Extensions.EventGrid\tests\UnitTests.cs(30,13): error CS0246: The type or namespace name 'JObject' could not be found (are you missing a using directive or an assembly reference?)
C:\gh\azure-sdk-for-net\sdk\eventgrid\Microsoft.Azure.WebJobs.Extensions.EventGrid\tests\UnitTests.cs(30,27): error CS0103: The name 'JObject' does not exist in the current context
C:\gh\azure-sdk-for-net\sdk\eventgrid\Microsoft.Azure.WebJobs.Extensions.EventGrid\tests\UnitTests.cs(31,13): error CS0246: The type or namespace name 'JObject' could not be found (are you missing a using directive or an assembly reference?)
C:\gh\azure-sdk-for-net\sdk\eventgrid\Microsoft.Azure.WebJobs.Extensions.EventGrid\tests\UnitTests.cs(31,29): error CS0246: The type or namespace name 'JObject' could not be found (are you missing a using directive or an assembly reference?)
C:\gh\azure-sdk-for-net\sdk\eventgrid\Microsoft.Azure.WebJobs.Extensions.EventGrid\tests\UnitTests.cs(34,13): error CS0246: The type or namespace name 'ITriggerBinding' could not be found (are you missing a using directive or an assembly reference?)
C:\gh\azure-sdk-for-net\sdk\eventgrid\Microsoft.Azure.WebJobs.Extensions.EventGrid\tests\UnitTests.cs(34,48): error CS0246: The type or namespace name 'EventGridTriggerBinding' could not be found (are you missing a using directive or an assembly reference?)
C:\gh\azure-sdk-for-net\sdk\eventgrid\Microsoft.Azure.WebJobs.Extensions.EventGrid\tests\UnitTests.cs(35,13): error CS0246: The type or namespace name 'JArray' could not be found (are you missing a using directive or an assembly reference?)
C:\gh\azure-sdk-for-net\sdk\eventgrid\Microsoft.Azure.WebJobs.Extensions.EventGrid\tests\UnitTests.cs(35,29): error CS0103: The name 'JArray' does not exist in the current context
C:\gh\azure-sdk-for-net\sdk\eventgrid\Microsoft.Azure.WebJobs.Extensions.EventGrid\tests\UnitTests.cs(36,25): error CS0246: The type or namespace name 'JToken' could not be found (are you missing a using directive or an assembly reference?)
C:\gh\azure-sdk-for-net\sdk\eventgrid\Microsoft.Azure.WebJobs.Extensions.EventGrid\tests\UnitTests.cs(39,13): error CS0246: The type or namespace name 'ITriggerData' could not be found (are you missing a using directive or an assembly reference?)
C:\gh\azure-sdk-for-net\sdk\eventgrid\Microsoft.Azure.WebJobs.Extensions.EventGrid\tests\UnitTests.cs(40,13): error CS0103: The name 'Assert' does not exist in the current context
C:\gh\azure-sdk-for-net\sdk\eventgrid\Microsoft.Azure.WebJobs.Extensions.EventGrid\tests\UnitTests.cs(43,13): error CS0246: The type or namespace name 'ITriggerData' could not be found (are you missing a using directive or an assembly reference?)
C:\gh\azure-sdk-for-net\sdk\eventgrid\Microsoft.Azure.WebJobs.Extensions.EventGrid\tests\UnitTests.cs(44,13): error CS0103: The name 'Assert' does not exist in the current context
C:\gh\azure-sdk-for-net\sdk\eventgrid\Microsoft.Azure.WebJobs.Extensions.EventGrid\tests\UnitTests.cs(47,13): error CS0246: The type or namespace name 'ITriggerData' could not be found (are you missing a using directive or an assembly reference?)
C:\gh\azure-sdk-for-net\sdk\eventgrid\Microsoft.Azure.WebJobs.Extensions.EventGrid\tests\UnitTests.cs(48,13): error CS0103: The name 'Assert' does not exist in the current context
C:\gh\azure-sdk-for-net\sdk\eventgrid\Microsoft.Azure.WebJobs.Extensions.EventGrid\tests\UnitTests.cs(51,47): error CS0103: The name 'Assert' does not exist in the current context
C:\gh\azure-sdk-for-net\sdk\eventgrid\Microsoft.Azure.WebJobs.Extensions.EventGrid\tests\UnitTests.cs(52,13): error CS0103: The name 'Assert' does not exist in the current context
C:\gh\azure-sdk-for-net\sdk\eventgrid\Microsoft.Azure.WebJobs.Extensions.EventGrid\tests\UnitTests.cs(52,85): error CS0246: The type or namespace name 'JObject' could not be found (are you missing a using directive or an assembly reference?)
C:\gh\azure-sdk-for-net\sdk\eventgrid\Microsoft.Azure.WebJobs.Extensions.EventGrid\tests\UnitTests.cs(56,58): error CS0103: The name 'Assert' does not exist in the current context
C:\gh\azure-sdk-for-net\sdk\eventgrid\Microsoft.Azure.WebJobs.Extensions.EventGrid\tests\UnitTests.cs(57,13): error CS0103: The name 'Assert' does not exist in the current context
C:\gh\azure-sdk-for-net\sdk\eventgrid\Microsoft.Azure.WebJobs.Extensions.EventGrid\tests\TestListener.cs(91,27): error CS0122: 'EventGridExtensionConfigProvider' is inaccessible due to its protection level
C:\gh\azure-sdk-for-net\sdk\eventgrid\Microsoft.Azure.WebJobs.Extensions.EventGrid\tests\TestListener.cs(91,64): error CS0122: 'HttpRequestProcessor' is inaccessible due to its protection level
C:\gh\azure-sdk-for-net\sdk\eventgrid\Microsoft.Azure.WebJobs.Extensions.EventGrid\tests\TestListener.cs(91,85): error CS0103: The name 'NullLoggerFactory' does not exist in the current context
C:\gh\azure-sdk-for-net\sdk\eventgrid\Microsoft.Azure.WebJobs.Extensions.EventGrid\tests\TestListener.cs(91,125): error CS0122: 'HttpRequestProcessor' is inaccessible due to its protection level
C:\gh\azure-sdk-for-net\sdk\eventgrid\Microsoft.Azure.WebJobs.Extensions.EventGrid\tests\TestListener.cs(91,64): error CS0518: Predefined type 'System.Void' is not defined or imported
C:\gh\azure-sdk-for-net\sdk\eventgrid\Microsoft.Azure.WebJobs.Extensions.EventGrid\tests\TestListener.cs(91,151): error CS0103: The name 'NullLoggerFactory' does not exist in the current context
C:\gh\azure-sdk-for-net\sdk\eventgrid\Microsoft.Azure.WebJobs.Extensions.EventGrid\tests\TestListener.cs(91,27): error CS0518: Predefined type 'System.Void' is not defined or imported
C:\gh\azure-sdk-for-net\sdk\eventgrid\Microsoft.Azure.WebJobs.Extensions.EventGrid\tests\TestListener.cs(95,13): error CS0246: The type or namespace name 'JObject' could not be found (are you missing a using directive or an assembly reference?)
C:\gh\azure-sdk-for-net\sdk\eventgrid\Microsoft.Azure.WebJobs.Extensions.EventGrid\tests\TestListener.cs(95,36): error CS0103: The name 'JObject' does not exist in the current context
C:\gh\azure-sdk-for-net\sdk\eventgrid\Microsoft.Azure.WebJobs.Extensions.EventGrid\tests\TestListener.cs(97,38): error CS0246: The type or namespace name 'IExtensionConfigProvider' could not be found (are you missing a using directive or an assembly reference?)
C:\gh\azure-sdk-for-net\sdk\eventgrid\Microsoft.Azure.WebJobs.Extensions.EventGrid\tests\TestListener.cs(97,38): error CS0122: 'EventGridExtensionConfigProvider.ConvertAsync(HttpRequestMessage, CancellationToken)' is inaccessible due to its protection level
C:\gh\azure-sdk-for-net\sdk\eventgrid\Microsoft.Azure.WebJobs.Extensions.EventGrid\tests\TestListener.cs(100,13): error CS0103: The name 'Assert' does not exist in the current context
C:\gh\azure-sdk-for-net\sdk\eventgrid\Microsoft.Azure.WebJobs.Extensions.EventGrid\tests\TestListener.cs(101,13): error CS0103: The name 'Assert' does not exist in the current context
C:\gh\azure-sdk-for-net\sdk\eventgrid\Microsoft.Azure.WebJobs.Extensions.EventGrid\tests\JobhostEndToEnd.cs(74,13): error CS0246: The type or namespace name 'JObject' could not be found (are you missing a using directive or an assembly reference?)
C:\gh\azure-sdk-for-net\sdk\eventgrid\Microsoft.Azure.WebJobs.Extensions.EventGrid\tests\JobhostEndToEnd.cs(74,27): error CS0103: The name 'JObject' does not exist in the current context
C:\gh\azure-sdk-for-net\sdk\eventgrid\Microsoft.Azure.WebJobs.Extensions.EventGrid\tests\JobhostEndToEnd.cs(82,39): error CS0103: The name 'Assert' does not exist in the current context
C:\gh\azure-sdk-for-net\sdk\eventgrid\Microsoft.Azure.WebJobs.Extensions.EventGrid\tests\JobhostEndToEnd.cs(82,58): error CS0246: The type or namespace name 'FunctionInvocationException' could not be found (are you missing a using directive or an assembly reference?)
C:\gh\azure-sdk-for-net\sdk\eventgrid\Microsoft.Azure.WebJobs.Extensions.EventGrid\tests\JobhostEndToEnd.cs(83,13): error CS0103: The name 'Assert' does not exist in the current context
C:\gh\azure-sdk-for-net\sdk\eventgrid\Microsoft.Azure.WebJobs.Extensions.EventGrid\tests\JobhostEndToEnd.cs(87,34): error CS0103: The name 'Assert' does not exist in the current context
C:\gh\azure-sdk-for-net\sdk\eventgrid\Microsoft.Azure.WebJobs.Extensions.EventGrid\tests\JobhostEndToEnd.cs(87,53): error CS0246: The type or namespace name 'FunctionIndexingException' could not be found (are you missing a using directive or an assembly reference?)
C:\gh\azure-sdk-for-net\sdk\eventgrid\Microsoft.Azure.WebJobs.Extensions.EventGrid\tests\JobhostEndToEnd.cs(88,13): error CS0103: The name 'Assert' does not exist in the current context
C:\gh\azure-sdk-for-net\sdk\eventgrid\Microsoft.Azure.WebJobs.Extensions.EventGrid\tests\TestListener.cs(107,27): error CS0122: 'EventGridExtensionConfigProvider' is inaccessible due to its protection level
C:\gh\azure-sdk-for-net\sdk\eventgrid\Microsoft.Azure.WebJobs.Extensions.EventGrid\tests\TestListener.cs(107,64): error CS0122: 'HttpRequestProcessor' is inaccessible due to its protection level
C:\gh\azure-sdk-for-net\sdk\eventgrid\Microsoft.Azure.WebJobs.Extensions.EventGrid\tests\TestListener.cs(107,85): error CS0103: The name 'NullLoggerFactory' does not exist in the current context
C:\gh\azure-sdk-for-net\sdk\eventgrid\Microsoft.Azure.WebJobs.Extensions.EventGrid\tests\TestListener.cs(107,125): error CS0122: 'HttpRequestProcessor' is inaccessible due to its protection level
C:\gh\azure-sdk-for-net\sdk\eventgrid\Microsoft.Azure.WebJobs.Extensions.EventGrid\tests\TestListener.cs(107,64): error CS0518: Predefined type 'System.Void' is not defined or imported
C:\gh\azure-sdk-for-net\sdk\eventgrid\Microsoft.Azure.WebJobs.Extensions.EventGrid\tests\TestListener.cs(107,151): error CS0103: The name 'NullLoggerFactory' does not exist in the current context
C:\gh\azure-sdk-for-net\sdk\eventgrid\Microsoft.Azure.WebJobs.Extensions.EventGrid\tests\TestListener.cs(107,27): error CS0518: Predefined type 'System.Void' is not defined or imported
C:\gh\azure-sdk-for-net\sdk\eventgrid\Microsoft.Azure.WebJobs.Extensions.EventGrid\tests\TestListener.cs(111,13): error CS0246: The type or namespace name 'JObject' could not be found (are you missing a using directive or an assembly reference?)
C:\gh\azure-sdk-for-net\sdk\eventgrid\Microsoft.Azure.WebJobs.Extensions.EventGrid\tests\TestListener.cs(111,36): error CS0103: The name 'JObject' does not exist in the current context
C:\gh\azure-sdk-for-net\sdk\eventgrid\Microsoft.Azure.WebJobs.Extensions.EventGrid\tests\TestListener.cs(113,38): error CS0246: The type or namespace name 'IExtensionConfigProvider' could not be found (are you missing a using directive or an assembly reference?)
C:\gh\azure-sdk-for-net\sdk\eventgrid\Microsoft.Azure.WebJobs.Extensions.EventGrid\tests\TestListener.cs(113,38): error CS0122: 'EventGridExtensionConfigProvider.ConvertAsync(HttpRequestMessage, CancellationToken)' is inaccessible due to its protection level
C:\gh\azure-sdk-for-net\sdk\eventgrid\Microsoft.Azure.WebJobs.Extensions.EventGrid\tests\TestListener.cs(116,13): error CS0103: The name 'Assert' does not exist in the current context
C:\gh\azure-sdk-for-net\sdk\eventgrid\Microsoft.Azure.WebJobs.Extensions.EventGrid\tests\TestListener.cs(117,13): error CS0103: The name 'Assert' does not exist in the current context
C:\gh\azure-sdk-for-net\sdk\eventgrid\Microsoft.Azure.WebJobs.Extensions.EventGrid\tests\JobhostEndToEnd.cs(96,13): error CS0246: The type or namespace name 'JObject' could not be found (are you missing a using directive or an assembly reference?)
C:\gh\azure-sdk-for-net\sdk\eventgrid\Microsoft.Azure.WebJobs.Extensions.EventGrid\tests\JobhostEndToEnd.cs(96,27): error CS0103: The name 'JObject' does not exist in the current context
C:\gh\azure-sdk-for-net\sdk\eventgrid\Microsoft.Azure.WebJobs.Extensions.EventGrid\tests\JobhostEndToEnd.cs(107,13): error CS0103: The name 'Assert' does not exist in the current context
C:\gh\azure-sdk-for-net\sdk\eventgrid\Microsoft.Azure.WebJobs.Extensions.EventGrid\tests\JobhostEndToEnd.cs(122,28): error CS0103: The name 'JToken' does not exist in the current context
C:\gh\azure-sdk-for-net\sdk\eventgrid\Microsoft.Azure.WebJobs.Extensions.EventGrid\tests\JobhostEndToEnd.cs(126,13): error CS0103: The name 'Assert' does not exist in the current context
C:\gh\azure-sdk-for-net\sdk\eventgrid\Microsoft.Azure.WebJobs.Extensions.EventGrid\tests\TestListener.cs(139,36): error CS0246: The type or namespace name 'JArray' could not be found (are you missing a using directive or an assembly reference?)
C:\gh\azure-sdk-for-net\sdk\eventgrid\Microsoft.Azure.WebJobs.Extensions.EventGrid\tests\JobhostEndToEnd.cs(138,28): error CS0103: The name 'JToken' does not exist in the current context
C:\gh\azure-sdk-for-net\sdk\eventgrid\Microsoft.Azure.WebJobs.Extensions.EventGrid\tests\JobhostEndToEnd.cs(142,13): error CS0103: The name 'Assert' does not exist in the current context
C:\gh\azure-sdk-for-net\sdk\eventgrid\Microsoft.Azure.WebJobs.Extensions.EventGrid\tests\JobhostEndToEnd.cs(152,34): error CS0103: The name 'Assert' does not exist in the current context
C:\gh\azure-sdk-for-net\sdk\eventgrid\Microsoft.Azure.WebJobs.Extensions.EventGrid\tests\JobhostEndToEnd.cs(152,53): error CS0246: The type or namespace name 'FunctionIndexingException' could not be found (are you missing a using directive or an assembly reference?)
C:\gh\azure-sdk-for-net\sdk\eventgrid\Microsoft.Azure.WebJobs.Extensions.EventGrid\tests\JobhostEndToEnd.cs(153,13): error CS0103: The name 'Assert' does not exist in the current context
C:\gh\azure-sdk-for-net\sdk\eventgrid\Microsoft.Azure.WebJobs.Extensions.EventGrid\tests\JobhostEndToEnd.cs(153,129): error CS0518: Predefined type 'System.String' is not defined or imported
C:\gh\azure-sdk-for-net\sdk\eventgrid\Microsoft.Azure.WebJobs.Extensions.EventGrid\tests\JobhostEndToEnd.cs(162,30): error CS0103: The name 'Assert' does not exist in the current context
C:\gh\azure-sdk-for-net\sdk\eventgrid\Microsoft.Azure.WebJobs.Extensions.EventGrid\tests\JobhostEndToEnd.cs(162,49): error CS0246: The type or namespace name 'FunctionIndexingException' could not be found (are you missing a using directive or an assembly reference?)
C:\gh\azure-sdk-for-net\sdk\eventgrid\Microsoft.Azure.WebJobs.Extensions.EventGrid\tests\JobhostEndToEnd.cs(163,13): error CS0103: The name 'Assert' does not exist in the current context
C:\gh\azure-sdk-for-net\sdk\eventgrid\Microsoft.Azure.WebJobs.Extensions.EventGrid\tests\JobhostEndToEnd.cs(163,63): error CS0518: Predefined type 'System.String' is not defined or imported
C:\gh\azure-sdk-for-net\sdk\eventgrid\Microsoft.Azure.WebJobs.Extensions.EventGrid\tests\JobhostEndToEnd.cs(173,30): error CS0103: The name 'Assert' does not exist in the current context
C:\gh\azure-sdk-for-net\sdk\eventgrid\Microsoft.Azure.WebJobs.Extensions.EventGrid\tests\JobhostEndToEnd.cs(173,49): error CS0246: The type or namespace name 'FunctionIndexingException' could not be found (are you missing a using directive or an assembly reference?)
C:\gh\azure-sdk-for-net\sdk\eventgrid\Microsoft.Azure.WebJobs.Extensions.EventGrid\tests\JobhostEndToEnd.cs(174,13): error CS0103: The name 'Assert' does not exist in the current context
C:\gh\azure-sdk-for-net\sdk\eventgrid\Microsoft.Azure.WebJobs.Extensions.EventGrid\tests\JobhostEndToEnd.cs(174,63): error CS0518: Predefined type 'System.String' is not defined or imported
C:\gh\azure-sdk-for-net\sdk\eventgrid\Microsoft.Azure.WebJobs.Extensions.EventGrid\tests\JobhostEndToEnd.cs(188,18): error CS0246: The type or namespace name 'EventGridEvent' could not be found (are you missing a using directive or an assembly reference?)
C:\gh\azure-sdk-for-net\sdk\eventgrid\Microsoft.Azure.WebJobs.Extensions.EventGrid\tests\JobhostEndToEnd.cs(188,52): error CS0246: The type or namespace name 'EventGridEvent' could not be found (are you missing a using directive or an assembly reference?)
C:\gh\azure-sdk-for-net\sdk\eventgrid\Microsoft.Azure.WebJobs.Extensions.EventGrid\tests\JobhostEndToEnd.cs(190,38): error CS0246: The type or namespace name 'IAsyncCollector<>' could not be found (are you missing a using directive or an assembly reference?)
C:\gh\azure-sdk-for-net\sdk\eventgrid\Microsoft.Azure.WebJobs.Extensions.EventGrid\tests\JobhostEndToEnd.cs(190,54): error CS0246: The type or namespace name 'EventGridEvent' could not be found (are you missing a using directive or an assembly reference?)
C:\gh\azure-sdk-for-net\sdk\eventgrid\Microsoft.Azure.WebJobs.Extensions.EventGrid\tests\JobhostEndToEnd.cs(192,38): error CS0246: The type or namespace name 'Mock<>' could not be found (are you missing a using directive or an assembly reference?)
C:\gh\azure-sdk-for-net\sdk\eventgrid\Microsoft.Azure.WebJobs.Extensions.EventGrid\tests\JobhostEndToEnd.cs(192,43): error CS0246: The type or namespace name 'EventGridPublisherClient' could not be found (are you missing a using directive or an assembly reference?)
C:\gh\azure-sdk-for-net\sdk\eventgrid\Microsoft.Azure.WebJobs.Extensions.EventGrid\tests\JobhostEndToEnd.cs(194,45): error CS0246: The type or namespace name 'EventGridEvent' could not be found (are you missing a using directive or an assembly reference?)
C:\gh\azure-sdk-for-net\sdk\eventgrid\Microsoft.Azure.WebJobs.Extensions.EventGrid\tests\JobhostEndToEnd.cs(203,28): error CS0122: 'EventGridAsyncCollector' is inaccessible due to its protection level
C:\gh\azure-sdk-for-net\sdk\eventgrid\Microsoft.Azure.WebJobs.Extensions.EventGrid\tests\JobhostEndToEnd.cs(203,28): error CS0518: Predefined type 'System.Void' is not defined or imported
C:\gh\azure-sdk-for-net\sdk\eventgrid\Microsoft.Azure.WebJobs.Extensions.EventGrid\tests\JobhostEndToEnd.cs(206,13): error CS0246: The type or namespace name 'ILoggerFactory' could not be found (are you missing a using directive or an assembly reference?)
C:\gh\azure-sdk-for-net\sdk\eventgrid\Microsoft.Azure.WebJobs.Extensions.EventGrid\tests\JobhostEndToEnd.cs(206,48): error CS0246: The type or namespace name 'LoggerFactory' could not be found (are you missing a using directive or an assembly reference?)
C:\gh\azure-sdk-for-net\sdk\eventgrid\Microsoft.Azure.WebJobs.Extensions.EventGrid\tests\JobhostEndToEnd.cs(209,39): error CS0122: 'EventGridExtensionConfigProvider' is inaccessible due to its protection level
C:\gh\azure-sdk-for-net\sdk\eventgrid\Microsoft.Azure.WebJobs.Extensions.EventGrid\tests\JobhostEndToEnd.cs(209,93): error CS0122: 'HttpRequestProcessor' is inaccessible due to its protection level
C:\gh\azure-sdk-for-net\sdk\eventgrid\Microsoft.Azure.WebJobs.Extensions.EventGrid\tests\JobhostEndToEnd.cs(209,114): error CS0103: The name 'NullLoggerFactory' does not exist in the current context
C:\gh\azure-sdk-for-net\sdk\eventgrid\Microsoft.Azure.WebJobs.Extensions.EventGrid\tests\JobhostEndToEnd.cs(209,154): error CS0122: 'HttpRequestProcessor' is inaccessible due to its protection level
C:\gh\azure-sdk-for-net\sdk\eventgrid\Microsoft.Azure.WebJobs.Extensions.EventGrid\tests\JobhostEndToEnd.cs(209,93): error CS0518: Predefined type 'System.Void' is not defined or imported
C:\gh\azure-sdk-for-net\sdk\eventgrid\Microsoft.Azure.WebJobs.Extensions.EventGrid\tests\JobhostEndToEnd.cs(209,39): error CS0518: Predefined type 'System.Void' is not defined or imported
C:\gh\azure-sdk-for-net\sdk\eventgrid\Microsoft.Azure.WebJobs.Extensions.EventGrid\tests\JobhostEndToEnd.cs(222,22): error CS0246: The type or namespace name 'EventGridEvent' could not be found (are you missing a using directive or an assembly reference?)
C:\gh\azure-sdk-for-net\sdk\eventgrid\Microsoft.Azure.WebJobs.Extensions.EventGrid\tests\JobhostEndToEnd.cs(224,17): error CS0103: The name 'Assert' does not exist in the current context
C:\gh\azure-sdk-for-net\sdk\eventgrid\Microsoft.Azure.WebJobs.Extensions.EventGrid\tests\JobhostEndToEnd.cs(226,13): error CS0103: The name 'Assert' does not exist in the current context
C:\gh\azure-sdk-for-net\sdk\eventgrid\Microsoft.Azure.WebJobs.Extensions.EventGrid\tests\JobhostEndToEnd.cs(356,40): error CS0103: The name 'JObject' does not exist in the current context
C:\gh\azure-sdk-for-net\sdk\eventgrid\Microsoft.Azure.WebJobs.Extensions.EventGrid\tests\JobhostEndToEnd.cs(235,40): error CS0103: The name 'JObject' does not exist in the current context
C:\gh\azure-sdk-for-net\sdk\eventgrid\Microsoft.Azure.WebJobs.Extensions.EventGrid\tests\JobhostEndToEnd.cs(369,30): error CS0246: The type or namespace name 'EventGridEvent' could not be found (are you missing a using directive or an assembly reference?)
C:\gh\azure-sdk-for-net\sdk\eventgrid\Microsoft.Azure.WebJobs.Extensions.EventGrid\tests\JobhostEndToEnd.cs(375,28): error CS0246: The type or namespace name 'EventGridEvent' could not be found (are you missing a using directive or an assembly reference?)
C:\gh\azure-sdk-for-net\sdk\eventgrid\Microsoft.Azure.WebJobs.Extensions.EventGrid\tests\JobhostEndToEnd.cs(240,77): error CS0103: The name 'JObject' does not exist in the current context
C:\gh\azure-sdk-for-net\sdk\eventgrid\Microsoft.Azure.WebJobs.Extensions.EventGrid\tests\JobhostEndToEnd.cs(327,17): error CS0246: The type or namespace name 'JArray' could not be found (are you missing a using directive or an assembly reference?)
C:\gh\azure-sdk-for-net\sdk\eventgrid\Microsoft.Azure.WebJobs.Extensions.EventGrid\tests\JobhostEndToEnd.cs(327,32): error CS0246: The type or namespace name 'JArray' could not be found (are you missing a using directive or an assembly reference?)
C:\gh\azure-sdk-for-net\sdk\eventgrid\Microsoft.Azure.WebJobs.Extensions.EventGrid\tests\JobhostEndToEnd.cs(380,29): error CS0246: The type or namespace name 'EventGridEvent' could not be found (are you missing a using directive or an assembly reference?)
C:\gh\azure-sdk-for-net\sdk\eventgrid\Microsoft.Azure.WebJobs.Extensions.EventGrid\tests\JobhostEndToEnd.cs(383,36): error CS0246: The type or namespace name 'EventGridEvent' could not be found (are you missing a using directive or an assembly reference?)
C:\gh\azure-sdk-for-net\sdk\eventgrid\Microsoft.Azure.WebJobs.Extensions.EventGrid\tests\JobhostEndToEnd.cs(391,39): error CS0246: The type or namespace name 'EventGridEvent' could not be found (are you missing a using directive or an assembly reference?)
C:\gh\azure-sdk-for-net\sdk\eventgrid\Microsoft.Azure.WebJobs.Extensions.EventGrid\tests\JobhostEndToEnd.cs(399,55): error CS0246: The type or namespace name 'EventGridEvent' could not be found (are you missing a using directive or an assembly reference?)
C:\gh\azure-sdk-for-net\sdk\eventgrid\Microsoft.Azure.WebJobs.Extensions.EventGrid\tests\JobhostEndToEnd.cs(429,32): error CS0246: The type or namespace name 'JObject' could not be found (are you missing a using directive or an assembly reference?)
C:\gh\azure-sdk-for-net\sdk\eventgrid\Microsoft.Azure.WebJobs.Extensions.EventGrid\tests\JobhostEndToEnd.cs(432,39): error CS0246: The type or namespace name 'JObject' could not be found (are you missing a using directive or an assembly reference?)
C:\gh\azure-sdk-for-net\sdk\eventgrid\Microsoft.Azure.WebJobs.Extensions.EventGrid\tests\JobhostEndToEnd.cs(433,29): error CS0246: The type or namespace name 'JProperty' could not be found (are you missing a using directive or an assembly reference?)
C:\gh\azure-sdk-for-net\sdk\eventgrid\Microsoft.Azure.WebJobs.Extensions.EventGrid\tests\JobhostEndToEnd.cs(434,29): error CS0246: The type or namespace name 'JProperty' could not be found (are you missing a using directive or an assembly reference?)
C:\gh\azure-sdk-for-net\sdk\eventgrid\Microsoft.Azure.WebJobs.Extensions.EventGrid\tests\JobhostEndToEnd.cs(435,29): error CS0246: The type or namespace name 'JProperty' could not be found (are you missing a using directive or an assembly reference?)
C:\gh\azure-sdk-for-net\sdk\eventgrid\Microsoft.Azure.WebJobs.Extensions.EventGrid\tests\JobhostEndToEnd.cs(436,29): error CS0246: The type or namespace name 'JProperty' could not be found (are you missing a using directive or an assembly reference?)
C:\gh\azure-sdk-for-net\sdk\eventgrid\Microsoft.Azure.WebJobs.Extensions.EventGrid\tests\JobhostEndToEnd.cs(437,29): error CS0246: The type or namespace name 'JProperty' could not be found (are you missing a using directive or an assembly reference?)
C:\gh\azure-sdk-for-net\sdk\extensions\Microsoft.Azure.WebJobs.Extensions.Clients\tests\shared\JobHost.cs(22,15): error CS7036: There is no argument given that corresponds to the required formal parameter 'jobActivator' of 'JobHost<TProgram>.JobHost(IOptions<JobHostOptions>, IJobHostContextFactory, IJobActivator)'
C:\gh\azure-sdk-for-net\sdk\extensions\Microsoft.Azure.WebJobs.Extensions.Clients\tests\shared\TestExceptionHandlerFactory.cs(27,17): error CS0103: The name 'Assert' does not exist in the current context
C:\gh\azure-sdk-for-net\sdk\extensions\Microsoft.Azure.WebJobs.Extensions.Clients\tests\shared\TestExceptionHandlerFactory.cs(33,17): error CS0103: The name 'Assert' does not exist in the current context
C:\gh\azure-sdk-for-net\sdk\extensions\Microsoft.Azure.WebJobs.Extensions.Clients\tests\shared\JobHost.cs(51,20): error CS1674: 'JobHost<TProgram>': type used in a using statement must be implicitly convertible to 'System.IDisposable'.
C:\gh\azure-sdk-for-net\sdk\extensions\Microsoft.Azure.WebJobs.Extensions.Clients\tests\shared\JobHost.cs(53,28): error CS1061: 'JobHost<TProgram>' does not contain a definition for 'StartAsync' and no accessible extension method 'StartAsync' accepting a first argument of type 'JobHost<TProgram>' could be found (are you missing a using directive or an assembly reference?)
C:\gh\azure-sdk-for-net\sdk\extensions\Microsoft.Azure.WebJobs.Extensions.Clients\tests\shared\JobHost.cs(68,20): error CS0246: The type or namespace name 'FunctionIndexingException' could not be found (are you missing a using directive or an assembly reference?)
C:\gh\azure-sdk-for-net\sdk\extensions\Microsoft.Azure.WebJobs.Extensions.Clients\tests\shared\JobHost.cs(71,17): error CS0103: The name 'Assert' does not exist in the current context
C:\gh\azure-sdk-for-net\sdk\extensions\Microsoft.Azure.WebJobs.Extensions.Clients\tests\shared\JobHost.cs(72,17): error CS0103: The name 'Assert' does not exist in the current context
C:\gh\azure-sdk-for-net\sdk\extensions\Microsoft.Azure.WebJobs.Extensions.Clients\tests\shared\JobHost.cs(75,13): error CS0103: The name 'Assert' does not exist in the current context
C:\gh\azure-sdk-for-net\sdk\extensions\Microsoft.Azure.WebJobs.Extensions.Clients\tests\shared\TestHelpers.cs(44,13): error CS0246: The type or namespace name 'IHost' could not be found (are you missing a using directive or an assembly reference?)
C:\gh\azure-sdk-for-net\sdk\extensions\Microsoft.Azure.WebJobs.Extensions.Clients\tests\shared\TestHelpers.cs(44,30): error CS0246: The type or namespace name 'HostBuilder' could not be found (are you missing a using directive or an assembly reference?)
C:\gh\azure-sdk-for-net\sdk\extensions\Microsoft.Azure.WebJobs.Extensions.Clients\tests\shared\TestHelpers.cs(55,65): error CS0246: The type or namespace name 'IOptions<>' could not be found (are you missing a using directive or an assembly reference?)
C:\gh\azure-sdk-for-net\sdk\extensions\Microsoft.Azure.WebJobs.Extensions.Clients\tests\shared\TestHelpers.cs(133,20): error CS0246: The type or namespace name 'FunctionIndexingException' could not be found (are you missing a using directive or an assembly reference?)
C:\gh\azure-sdk-for-net\sdk\extensions\Microsoft.Azure.WebJobs.Extensions.Clients\tests\shared\TestHelpers.cs(135,17): error CS0122: 'Assert' is inaccessible due to its protection level
C:\gh\azure-sdk-for-net\sdk\extensions\Microsoft.Azure.WebJobs.Extensions.Clients\tests\shared\TestHelpers.cs(136,17): error CS0103: The name 'StringAssert' does not exist in the current context
C:\gh\azure-sdk-for-net\sdk\extensions\Microsoft.Azure.WebJobs.Extensions.Clients\tests\shared\TestHelpers.cs(139,13): error CS0122: 'Assert' is inaccessible due to its protection level
C:\gh\azure-sdk-for-net\sdk\extensions\Microsoft.Azure.WebJobs.Extensions.Clients\tests\shared\TestHelpers.cs(218,46): error CS0246: The type or namespace name 'ILoggerProvider' could not be found (are you missing a using directive or an assembly reference?)
C:\gh\azure-sdk-for-net\sdk\extensions\Microsoft.Azure.WebJobs.Extensions.Clients\tests\shared\TestHelpers.cs(223,46): error CS0246: The type or namespace name 'IExtensionConfigProvider' could not be found (are you missing a using directive or an assembly reference?)
C:\gh\azure-sdk-for-net\sdk\extensions\Microsoft.Azure.WebJobs.Extensions.Clients\tests\shared\TestHelpers.cs(228,45): error CS0246: The type or namespace name 'IJobHost' could not be found (are you missing a using directive or an assembly reference?)
C:\gh\azure-sdk-for-net\sdk\extensions\Microsoft.Azure.WebJobs.Extensions.Clients\tests\shared\TestHelpers.cs(228,60): error CS0305: Using the generic type 'JobHost<TProgram>' requires 1 type arguments
C:\gh\azure-sdk-for-net\sdk\extensions\Microsoft.Azure.WebJobs.Extensions.Clients\tests\shared\TestHelpers.cs(233,45): error CS0246: The type or namespace name 'IJobHost' could not be found (are you missing a using directive or an assembly reference?)
C:\gh\azure-sdk-for-net\sdk\extensions\Microsoft.Azure.WebJobs.Extensions.Clients\tests\shared\TestHelpers.cs(248,45): error CS0246: The type or namespace name 'IOptions<>' could not be found (are you missing a using directive or an assembly reference?)
C:\gh\azure-sdk-for-net\sdk\extensions\Microsoft.Azure.WebJobs.Extensions.Clients\tests\shared\TestHelpers.cs(254,45): error CS0246: The type or namespace name 'IJobHostMetadataProvider' could not be found (are you missing a using directive or an assembly reference?)
C:\gh\azure-sdk-for-net\sdk\extensions\Microsoft.Azure.WebJobs.Extensions.Clients\tests\shared\TestHelpers.cs(286,17): error CS0122: 'Assert' is inaccessible due to its protection level
C:\gh\azure-sdk-for-net\sdk\extensions\Microsoft.Azure.WebJobs.Extensions.Clients\tests\shared\TestHelpers.cs(297,17): error CS0122: 'Assert' is inaccessible due to its protection level
C:\gh\azure-sdk-for-net\sdk\extensions\Microsoft.Azure.WebJobs.Extensions.Clients\tests\shared\TestHelpers.cs(314,24): error CS0246: The type or namespace name 'ConfigurationBuilder' could not be found (are you missing a using directive or an assembly reference?)
C:\gh\azure-sdk-for-net\sdk\extensions\Microsoft.Azure.WebJobs.Extensions.Clients\tests\shared\TestConfigurationBuilderExtensions.cs(6,1): hidden CS8019: Unnecessary using directive.
C:\gh\azure-sdk-for-net\sdk\eventgrid\Microsoft.Azure.WebJobs.Extensions.EventGrid\tests\UnitTests.cs(13,1): hidden CS8019: Unnecessary using directive.
C:\gh\azure-sdk-for-net\sdk\eventgrid\Microsoft.Azure.WebJobs.Extensions.EventGrid\tests\TestExtensionConfig.cs(6,1): hidden CS8019: Unnecessary using directive.
C:\gh\azure-sdk-for-net\sdk\eventgrid\Microsoft.Azure.WebJobs.Extensions.EventGrid\tests\TestListener.cs(12,1): hidden CS8019: Unnecessary using directive.
C:\gh\azure-sdk-for-net\sdk\extensions\Microsoft.Azure.WebJobs.Extensions.Clients\tests\shared\JobHost.cs(6,1): hidden CS8019: Unnecessary using directive.
C:\gh\azure-sdk-for-net\sdk\extensions\Microsoft.Azure.WebJobs.Extensions.Clients\tests\shared\LogMessage.cs(7,1): hidden CS8019: Unnecessary using directive.
C:\gh\azure-sdk-for-net\sdk\extensions\Microsoft.Azure.WebJobs.Extensions.Clients\tests\shared\TestHelpers.cs(18,1): hidden CS8019: Unnecessary using directive.
C:\gh\azure-sdk-for-net\sdk\extensions\Microsoft.Azure.WebJobs.Extensions.Clients\tests\shared\TestHelpers.cs(17,1): hidden CS8019: Unnecessary using directive.
C:\gh\azure-sdk-for-net\sdk\eventgrid\Microsoft.Azure.WebJobs.Extensions.EventGrid\tests\TestHelpers.cs(7,1): hidden CS8019: Unnecessary using directive.
C:\gh\azure-sdk-for-net\sdk\eventgrid\Microsoft.Azure.WebJobs.Extensions.EventGrid\tests\TestListener.cs(14,1): hidden CS8019: Unnecessary using directive.
C:\gh\azure-sdk-for-net\sdk\eventgrid\Microsoft.Azure.WebJobs.Extensions.EventGrid\tests\Samples\EventGridBindingFunction.cs(7,1): hidden CS8019: Unnecessary using directive.
C:\gh\azure-sdk-for-net\sdk\eventgrid\Microsoft.Azure.WebJobs.Extensions.EventGrid\tests\JobhostEndToEnd.cs(19,1): hidden CS8019: Unnecessary using directive.
C:\gh\azure-sdk-for-net\artifacts\obj\Microsoft.Azure.WebJobs.Extensions.EventGrid.Tests\Debug\net461\.NETFramework,Version=v4.6.1.AssemblyAttributes.cs(3,1): hidden CS8019: Unnecessary using directive.
C:\gh\azure-sdk-for-net\sdk\extensions\Microsoft.Azure.WebJobs.Extensions.Clients\tests\shared\TestExceptionHandlerFactory.cs(7,1): hidden CS8019: Unnecessary using directive.
C:\gh\azure-sdk-for-net\sdk\eventgrid\Microsoft.Azure.WebJobs.Extensions.EventGrid\tests\JobhostEndToEnd.cs(11,1): hidden CS8019: Unnecessary using directive.
C:\gh\azure-sdk-for-net\sdk\eventgrid\Microsoft.Azure.WebJobs.Extensions.EventGrid\tests\JobhostEndToEnd.cs(14,1): hidden CS8019: Unnecessary using directive.
C:\gh\azure-sdk-for-net\sdk\extensions\Microsoft.Azure.WebJobs.Extensions.Clients\tests\shared\TestHelpers.cs(16,1): hidden CS8019: Unnecessary using directive.
C:\gh\azure-sdk-for-net\sdk\eventgrid\Microsoft.Azure.WebJobs.Extensions.EventGrid\tests\TestHelpers.cs(6,1): hidden CS8019: Unnecessary using directive.
C:\gh\azure-sdk-for-net\sdk\extensions\Microsoft.Azure.WebJobs.Extensions.Clients\tests\shared\TestHelpers.cs(13,1): hidden CS8019: Unnecessary using directive.
C:\gh\azure-sdk-for-net\sdk\extensions\Microsoft.Azure.WebJobs.Extensions.Clients\tests\shared\TestExceptionHandlerFactory.cs(9,1): hidden CS8019: Unnecessary using directive.
C:\gh\azure-sdk-for-net\sdk\eventgrid\Microsoft.Azure.WebJobs.Extensions.EventGrid\tests\JobhostEndToEnd.cs(13,1): hidden CS8019: Unnecessary using directive.
C:\gh\azure-sdk-for-net\artifacts\obj\Microsoft.Azure.WebJobs.Extensions.EventGrid.Tests\Debug\net461\.NETFramework,Version=v4.6.1.AssemblyAttributes.cs(2,1): hidden CS8019: Unnecessary using directive.
C:\gh\azure-sdk-for-net\sdk\eventgrid\Microsoft.Azure.WebJobs.Extensions.EventGrid\tests\TestListener.cs(15,1): hidden CS8019: Unnecessary using directive.
C:\gh\azure-sdk-for-net\sdk\eventgrid\Microsoft.Azure.WebJobs.Extensions.EventGrid\tests\Samples\EventGridBindingFunction.cs(6,1): hidden CS8019: Unnecessary using directive.
C:\gh\azure-sdk-for-net\sdk\eventgrid\Microsoft.Azure.WebJobs.Extensions.EventGrid\tests\UnitTests.cs(11,1): hidden CS8019: Unnecessary using directive.
C:\gh\azure-sdk-for-net\sdk\extensions\Microsoft.Azure.WebJobs.Extensions.Clients\tests\shared\TestExceptionHandlerFactory.cs(8,1): hidden CS8019: Unnecessary using directive.
C:\gh\azure-sdk-for-net\sdk\eventgrid\Microsoft.Azure.WebJobs.Extensions.EventGrid\tests\BindingDataAttribute.cs(4,1): hidden CS8019: Unnecessary using directive.
C:\gh\azure-sdk-for-net\sdk\eventgrid\Microsoft.Azure.WebJobs.Extensions.EventGrid\tests\Samples\EventGridBindingFunction.cs(9,1): hidden CS8019: Unnecessary using directive.
C:\gh\azure-sdk-for-net\sdk\eventgrid\Microsoft.Azure.WebJobs.Extensions.EventGrid\tests\Samples\EventGridTriggerFunction.cs(4,1): hidden CS8019: Unnecessary using directive.
C:\gh\azure-sdk-for-net\sdk\eventgrid\Microsoft.Azure.WebJobs.Extensions.EventGrid\tests\TestExtensionConfig.cs(4,1): hidden CS8019: Unnecessary using directive.
C:\gh\azure-sdk-for-net\sdk\extensions\Microsoft.Azure.WebJobs.Extensions.Clients\tests\shared\JobHost.cs(7,1): hidden CS8019: Unnecessary using directive.
C:\gh\azure-sdk-for-net\sdk\extensions\Microsoft.Azure.WebJobs.Extensions.Clients\tests\shared\JobHost.cs(10,1): hidden CS8019: Unnecessary using directive.
C:\gh\azure-sdk-for-net\sdk\extensions\Microsoft.Azure.WebJobs.Extensions.Clients\tests\shared\TestLoggerProvider.cs(7,1): hidden CS8019: Unnecessary using directive.
C:\gh\azure-sdk-for-net\sdk\eventgrid\Microsoft.Azure.WebJobs.Extensions.EventGrid\tests\JobhostEndToEnd.cs(18,1): hidden CS8019: Unnecessary using directive.
C:\gh\azure-sdk-for-net\sdk\extensions\Microsoft.Azure.WebJobs.Extensions.Clients\tests\shared\TestHelpers.cs(14,1): hidden CS8019: Unnecessary using directive.
C:\gh\azure-sdk-for-net\artifacts\obj\Microsoft.Azure.WebJobs.Extensions.EventGrid.Tests\Debug\net461\Microsoft.Azure.WebJobs.Extensions.EventGrid.Tests.AssemblyInfo.cs(12,1): hidden CS8019: Unnecessary using directive.
C:\gh\azure-sdk-for-net\sdk\eventgrid\Microsoft.Azure.WebJobs.Extensions.EventGrid\tests\TestHelpers.cs(9,1): hidden CS8019: Unnecessary using directive.
C:\gh\azure-sdk-for-net\sdk\eventgrid\Microsoft.Azure.WebJobs.Extensions.EventGrid\tests\JobhostEndToEnd.cs(20,1): hidden CS8019: Unnecessary using directive.
C:\gh\azure-sdk-for-net\sdk\eventgrid\Microsoft.Azure.WebJobs.Extensions.EventGrid\tests\TestListener.cs(11,1): hidden CS8019: Unnecessary using directive.
C:\gh\azure-sdk-for-net\sdk\extensions\Microsoft.Azure.WebJobs.Extensions.Clients\tests\shared\TestHelpers.cs(11,1): hidden CS8019: Unnecessary using directive.
C:\gh\azure-sdk-for-net\sdk\eventgrid\Microsoft.Azure.WebJobs.Extensions.EventGrid\tests\TestListener.cs(13,1): hidden CS8019: Unnecessary using directive.
C:\gh\azure-sdk-for-net\sdk\eventgrid\Microsoft.Azure.WebJobs.Extensions.EventGrid\tests\Samples\EventGridBindingFunction.cs(5,1): hidden CS8019: Unnecessary using directive.
C:\gh\azure-sdk-for-net\sdk\eventgrid\Microsoft.Azure.WebJobs.Extensions.EventGrid\tests\Samples\EventGridTriggerFunction.cs(7,1): hidden CS8019: Unnecessary using directive.
C:\gh\azure-sdk-for-net\sdk\extensions\Microsoft.Azure.WebJobs.Extensions.Clients\tests\shared\TestHelpers.cs(15,1): hidden CS8019: Unnecessary using directive.
C:\gh\azure-sdk-for-net\sdk\eventgrid\Microsoft.Azure.WebJobs.Extensions.EventGrid\tests\TestExtensionConfig.cs(5,1): hidden CS8019: Unnecessary using directive.
C:\gh\azure-sdk-for-net\sdk\extensions\Microsoft.Azure.WebJobs.Extensions.Clients\tests\shared\JobHost.cs(9,1): hidden CS8019: Unnecessary using directive.
C:\gh\azure-sdk-for-net\sdk\extensions\Microsoft.Azure.WebJobs.Extensions.Clients\tests\shared\TestLogger.cs(7,1): hidden CS8019: Unnecessary using directive.
C:\gh\azure-sdk-for-net\sdk\eventgrid\Microsoft.Azure.WebJobs.Extensions.EventGrid\tests\TestHelpers.cs(10,1): hidden CS8019: Unnecessary using directive.
C:\gh\azure-sdk-for-net\sdk\eventgrid\Microsoft.Azure.WebJobs.Extensions.EventGrid\tests\JobhostEndToEnd.cs(9,1): hidden CS8019: Unnecessary using directive.
C:\gh\azure-sdk-for-net\sdk\eventgrid\Microsoft.Azure.WebJobs.Extensions.EventGrid\tests\TestHelpers.cs(5,1): hidden CS8019: Unnecessary using directive.
C:\gh\azure-sdk-for-net\sdk\eventgrid\Microsoft.Azure.WebJobs.Extensions.EventGrid\tests\UnitTests.cs(12,1): hidden CS8019: Unnecessary using directive.
C:\gh\azure-sdk-for-net\artifacts\obj\Microsoft.Azure.WebJobs.Extensions.EventGrid.Tests\Debug\net461\Microsoft.Azure.WebJobs.Extensions.EventGrid.Tests.AssemblyInfo.cs(11,1): hidden CS8019: Unnecessary using directive.
C:\gh\azure-sdk-for-net\sdk\extensions\Microsoft.Azure.WebJobs.Extensions.Clients\tests\shared\TestHelpers.cs(12,1): hidden CS8019: Unnecessary using directive.
C:\gh\azure-sdk-for-net\sdk\extensions\Microsoft.Azure.WebJobs.Extensions.Clients\tests\shared\JobHost.cs(8,1): hidden CS8019: Unnecessary using directive.
C:\gh\azure-sdk-for-net\sdk\eventgrid\Microsoft.Azure.WebJobs.Extensions.EventGrid\tests\Samples\EventGridBindingFunction.cs(8,1): hidden CS8019: Unnecessary using directive.
C:\gh\azure-sdk-for-net\sdk\eventgrid\Microsoft.Azure.WebJobs.Extensions.EventGrid\tests\Samples\EventGridTriggerFunction.cs(6,1): hidden CS8019: Unnecessary using directive.
C:\gh\azure-sdk-for-net\sdk\eventgrid\Microsoft.Azure.WebJobs.Extensions.EventGrid\tests\UnitTests.cs(10,1): hidden CS8019: Unnecessary using directive.
C:\gh\azure-sdk-for-net\sdk\extensions\Microsoft.Azure.WebJobs.Extensions.Clients\tests\shared\TestHelpers.cs(19,1): hidden CS8019: Unnecessary using directive.
C:\gh\azure-sdk-for-net\sdk\eventgrid\Microsoft.Azure.WebJobs.Extensions.EventGrid\tests\JobhostEndToEnd.cs(17,1): hidden CS8019: Unnecessary using directive.
C:\gh\azure-sdk-for-net\sdk\eventgrid\Microsoft.Azure.WebJobs.Extensions.EventGrid\tests\TestHelpers.cs(8,1): hidden CS8019: Unnecessary using directive.
C:\gh\azure-sdk-for-net\sdk\eventgrid\Microsoft.Azure.WebJobs.Extensions.EventGrid\tests\JobhostEndToEnd.cs(16,1): hidden CS8019: Unnecessary using directive.
