C:\gh\azure-sdk-for-net\sdk\mgmtcommon\Auth\Az.Auth\Az.Auth.Tests\FullDesktop.Tests\UserLoginTests.cs(7,7): error CS0246: The type or namespace name 'Xunit' could not be found (are you missing a using directive or an assembly reference?)
C:\gh\azure-sdk-for-net\sdk\mgmtcommon\Auth\Az.Auth\Az.Auth.Tests\FullDesktop.Tests\ExceptionsTests.cs(6,21): error CS0234: The type or namespace name 'IdentityModel' does not exist in the namespace 'Microsoft' (are you missing an assembly reference?)
C:\gh\azure-sdk-for-net\sdk\mgmtcommon\Auth\Az.Auth\Az.Auth.Tests\FullDesktop.Tests\ExceptionsTests.cs(13,11): error CS0246: The type or namespace name 'Xunit' could not be found (are you missing a using directive or an assembly reference?)
C:\gh\azure-sdk-for-net\sdk\mgmtcommon\Auth\Az.Auth\Az.Auth.Tests\FullDesktop.Tests\UserLoginTests.cs(18,10): error CS0246: The type or namespace name 'FactAttribute' could not be found (are you missing a using directive or an assembly reference?)
C:\gh\azure-sdk-for-net\sdk\mgmtcommon\Auth\Az.Auth\Az.Auth.Tests\FullDesktop.Tests\UserLoginTests.cs(18,10): error CS0246: The type or namespace name 'Fact' could not be found (are you missing a using directive or an assembly reference?)
C:\gh\azure-sdk-for-net\sdk\mgmtcommon\Auth\Az.Auth\Az.Auth.Tests\FullDesktop.Tests\ExceptionsTests.cs(17,10): error CS0246: The type or namespace name 'FactAttribute' could not be found (are you missing a using directive or an assembly reference?)
C:\gh\azure-sdk-for-net\sdk\mgmtcommon\Auth\Az.Auth\Az.Auth.Tests\FullDesktop.Tests\ExceptionsTests.cs(17,10): error CS0246: The type or namespace name 'Fact' could not be found (are you missing a using directive or an assembly reference?)
C:\gh\azure-sdk-for-net\sdk\mgmtcommon\Auth\Az.Auth\Az.Auth.Tests\FullDesktop.Tests\ExceptionsTests.cs(35,10): error CS0246: The type or namespace name 'FactAttribute' could not be found (are you missing a using directive or an assembly reference?)
C:\gh\azure-sdk-for-net\sdk\mgmtcommon\Auth\Az.Auth\Az.Auth.Tests\FullDesktop.Tests\ExceptionsTests.cs(35,10): error CS0246: The type or namespace name 'Fact' could not be found (are you missing a using directive or an assembly reference?)
C:\gh\azure-sdk-for-net\sdk\mgmtcommon\Auth\Az.Auth\Az.Auth.Tests\FullDesktop.Tests\ExceptionsTests.cs(24,54): error CS0246: The type or namespace name 'ITokenProvider' could not be found (are you missing a using directive or an assembly reference?)
C:\gh\azure-sdk-for-net\sdk\mgmtcommon\Auth\Az.Auth\Az.Auth.Tests\FullDesktop.Tests\ExceptionsTests.cs(24,29): error CS0246: The type or namespace name 'ServiceClientCredentials' could not be found (are you missing a using directive or an assembly reference?)
C:\gh\azure-sdk-for-net\sdk\mgmtcommon\Auth\Az.Auth\Az.Auth.Tests\FullDesktop.Tests\ExceptionsTests.cs(26,19): error CS0122: 'AdalException' is inaccessible due to its protection level
C:\gh\azure-sdk-for-net\sdk\mgmtcommon\Auth\Az.Auth\Az.Auth.Tests\FullDesktop.Tests\ExceptionsTests.cs(31,13): error CS0103: The name 'Assert' does not exist in the current context
C:\gh\azure-sdk-for-net\sdk\mgmtcommon\Auth\Az.Auth\Az.Auth.Tests\FullDesktop.Tests\ExceptionsTests.cs(32,13): error CS0103: The name 'Assert' does not exist in the current context
C:\gh\azure-sdk-for-net\sdk\mgmtcommon\Auth\Az.Auth\Az.Auth.Tests\FullDesktop.Tests\ExceptionsTests.cs(32,54): error CS0246: The type or namespace name 'RestException' could not be found (are you missing a using directive or an assembly reference?)
C:\gh\azure-sdk-for-net\sdk\mgmtcommon\Auth\Az.Auth\Az.Auth.Tests\FullDesktop.Tests\ExceptionsTests.cs(32,54): error CS1061: 'AuthenticationException' does not contain a definition for 'Message' and no accessible extension method 'Message' accepting a first argument of type 'AuthenticationException' could be found (are you missing a using directive or an assembly reference?)
C:\gh\azure-sdk-for-net\sdk\mgmtcommon\Auth\Az.Auth\Az.Auth.Tests\FullDesktop.Tests\ExceptionsTests.cs(42,17): error CS0246: The type or namespace name 'ClientCredential' could not be found (are you missing a using directive or an assembly reference?)
C:\gh\azure-sdk-for-net\sdk\mgmtcommon\Auth\Az.Auth\Az.Auth.Tests\FullDesktop.Tests\ExceptionsTests.cs(42,43): error CS0246: The type or namespace name 'ClientCredential' could not be found (are you missing a using directive or an assembly reference?)
C:\gh\azure-sdk-for-net\sdk\mgmtcommon\Auth\Az.Auth\Az.Auth.Tests\FullDesktop.Tests\ExceptionsTests.cs(50,54): error CS0246: The type or namespace name 'ITokenProvider' could not be found (are you missing a using directive or an assembly reference?)
C:\gh\azure-sdk-for-net\sdk\mgmtcommon\Auth\Az.Auth\Az.Auth.Tests\FullDesktop.Tests\ExceptionsTests.cs(50,29): error CS0246: The type or namespace name 'ServiceClientCredentials' could not be found (are you missing a using directive or an assembly reference?)
C:\gh\azure-sdk-for-net\sdk\mgmtcommon\Auth\Az.Auth\Az.Auth.Tests\FullDesktop.Tests\ExceptionsTests.cs(52,20): error CS0122: 'AdalException' is inaccessible due to its protection level
C:\gh\azure-sdk-for-net\sdk\mgmtcommon\Auth\Az.Auth\Az.Auth.Tests\FullDesktop.Tests\ExceptionsTests.cs(57,13): error CS0103: The name 'Assert' does not exist in the current context
C:\gh\azure-sdk-for-net\sdk\mgmtcommon\Auth\Az.Auth\Az.Auth.Tests\FullDesktop.Tests\ExceptionsTests.cs(58,13): error CS0103: The name 'Assert' does not exist in the current context
C:\gh\azure-sdk-for-net\sdk\mgmtcommon\Auth\Az.Auth\Az.Auth.Tests\FullDesktop.Tests\ExceptionsTests.cs(58,54): error CS0246: The type or namespace name 'RestException' could not be found (are you missing a using directive or an assembly reference?)
C:\gh\azure-sdk-for-net\sdk\mgmtcommon\Auth\Az.Auth\Az.Auth.Tests\FullDesktop.Tests\ExceptionsTests.cs(58,54): error CS1061: 'AuthenticationException' does not contain a definition for 'Message' and no accessible extension method 'Message' accepting a first argument of type 'AuthenticationException' could be found (are you missing a using directive or an assembly reference?)
C:\gh\azure-sdk-for-net\sdk\mgmtcommon\Auth\Az.Auth\Az.Auth.Tests\FullDesktop.Tests\ExceptionsTests.cs(52,34): warning CS0168: The variable 'adalEx' is declared but never used
C:\gh\azure-sdk-for-net\sdk\mgmtcommon\Auth\Az.Auth\Az.Auth.Tests\FullDesktop.Tests\UserLoginTests.cs(43,13): error CS0103: The name 'Assert' does not exist in the current context
C:\gh\azure-sdk-for-net\sdk\mgmtcommon\Auth\Az.Auth\Az.Auth.Tests\FullDesktop.Tests\UserLoginTests.cs(44,13): error CS0103: The name 'Assert' does not exist in the current context
C:\gh\azure-sdk-for-net\sdk\mgmtcommon\Auth\Az.Auth\Az.Auth.Tests\FullDesktop.Tests\UserLoginTests.cs(45,13): error CS0103: The name 'Assert' does not exist in the current context
C:\gh\azure-sdk-for-net\sdk\mgmtcommon\Auth\Az.Auth\Az.Auth.Tests\FullDesktop.Tests\UserLoginTests.cs(46,13): error CS0103: The name 'Assert' does not exist in the current context
C:\gh\azure-sdk-for-net\sdk\mgmtcommon\Auth\Az.Auth\Az.Auth.Tests\FullDesktop.Tests\AuthFullDesktopTestBase.cs(14,24): warning CS0169: The field 'AuthFullDesktopTestBase._literalCnnString' is never used
C:\gh\azure-sdk-for-net\sdk\mgmtcommon\Auth\Az.Auth\Az.Auth.Tests\FullDesktop.Tests\AuthFullDesktopTestBase.cs(13,22): warning CS0414: The field 'AuthFullDesktopTestBase.IsLiteralDirty' is assigned but its value is never used
C:\gh\azure-sdk-for-net\sdk\mgmtcommon\Auth\Az.Auth\Az.Auth.Tests\FullDesktop.Tests\ExceptionsTests.cs(12,5): hidden CS8019: Unnecessary using directive.
C:\gh\azure-sdk-for-net\sdk\mgmtcommon\Auth\Az.Auth\Az.Auth.Tests\FullDesktop.Tests\ExceptionsTests.cs(13,5): hidden CS8019: Unnecessary using directive.
C:\gh\azure-sdk-for-net\sdk\mgmtcommon\Auth\Az.Auth\Az.Auth.Tests\FullDesktop.Tests\UserLoginTests.cs(6,1): hidden CS8019: Unnecessary using directive.
C:\gh\azure-sdk-for-net\artifacts\obj\Az.Auth.FullDesktop.Test\Debug\net461\.NETFramework,Version=v4.6.1.AssemblyAttributes.cs(2,1): hidden CS8019: Unnecessary using directive.
C:\gh\azure-sdk-for-net\sdk\mgmtcommon\Auth\Az.Auth\Az.Auth.Tests\FullDesktop.Tests\UserLoginTests.cs(2,1): hidden CS8019: Unnecessary using directive.
C:\gh\azure-sdk-for-net\sdk\mgmtcommon\Auth\Az.Auth\Az.Auth.Tests\FullDesktop.Tests\UserLoginTests.cs(7,1): hidden CS8019: Unnecessary using directive.
C:\gh\azure-sdk-for-net\artifacts\obj\Az.Auth.FullDesktop.Test\Debug\net461\.NETFramework,Version=v4.6.1.AssemblyAttributes.cs(3,1): hidden CS8019: Unnecessary using directive.
C:\gh\azure-sdk-for-net\artifacts\obj\Az.Auth.FullDesktop.Test\Debug\net461\Az.Auth.FullDesktop.Test.AssemblyInfo.cs(11,1): hidden CS8019: Unnecessary using directive.
C:\gh\azure-sdk-for-net\sdk\mgmtcommon\Auth\Az.Auth\Az.Auth.Tests\FullDesktop.Tests\ExceptionsTests.cs(9,5): hidden CS8019: Unnecessary using directive.
C:\gh\azure-sdk-for-net\sdk\mgmtcommon\Auth\Az.Auth\Az.Auth.Tests\FullDesktop.Tests\Properties\AssemblyInfo.cs(2,1): hidden CS8019: Unnecessary using directive.
C:\gh\azure-sdk-for-net\sdk\mgmtcommon\Auth\Az.Auth\Az.Auth.Tests\FullDesktop.Tests\UserLoginTests.cs(5,1): hidden CS8019: Unnecessary using directive.
C:\gh\azure-sdk-for-net\sdk\mgmtcommon\Auth\Az.Auth\Az.Auth.Tests\FullDesktop.Tests\ExceptionsTests.cs(10,5): hidden CS8019: Unnecessary using directive.
C:\gh\azure-sdk-for-net\sdk\mgmtcommon\Auth\Az.Auth\Az.Auth.Tests\FullDesktop.Tests\ExceptionsTests.cs(6,5): hidden CS8019: Unnecessary using directive.
C:\gh\azure-sdk-for-net\artifacts\obj\Az.Auth.FullDesktop.Test\Debug\net461\Az.Auth.FullDesktop.Test.AssemblyInfo.cs(12,1): hidden CS8019: Unnecessary using directive.
C:\gh\azure-sdk-for-net\sdk\mgmtcommon\Auth\Az.Auth\Az.Auth.Tests\FullDesktop.Tests\ExceptionsTests.cs(11,5): hidden CS8019: Unnecessary using directive.
