C:\gh\azure-sdk-for-net\sdk\securityinsights\Microsoft.Azure.Management.SecurityInsights\tests\AlertRules\AlertRulesTests.cs(104,45): error CS0246: The type or namespace name 'IPage<>' could not be found (are you missing a using directive or an assembly reference?)
C:\gh\azure-sdk-for-net\sdk\securityinsights\Microsoft.Azure.Management.SecurityInsights\tests\AlertRules\ActionsTests.cs(145,38): error CS0246: The type or namespace name 'IPage<>' could not be found (are you missing a using directive or an assembly reference?)
C:\gh\azure-sdk-for-net\sdk\securityinsights\Microsoft.Azure.Management.SecurityInsights\tests\AutomationRules\AutomationRules.cs(159,46): error CS0246: The type or namespace name 'IPage<>' could not be found (are you missing a using directive or an assembly reference?)
C:\gh\azure-sdk-for-net\sdk\securityinsights\Microsoft.Azure.Management.SecurityInsights\tests\DataConnectors\DataConnectorsTests.cs(132,45): error CS0246: The type or namespace name 'IPage<>' could not be found (are you missing a using directive or an assembly reference?)
C:\gh\azure-sdk-for-net\sdk\securityinsights\Microsoft.Azure.Management.SecurityInsights\tests\Bookmarks\BookmarkRelationsTests.cs(184,48): error CS0246: The type or namespace name 'IPage<>' could not be found (are you missing a using directive or an assembly reference?)
C:\gh\azure-sdk-for-net\sdk\securityinsights\Microsoft.Azure.Management.SecurityInsights\tests\AlertRules\AlertRuleTemplates.cs(57,49): error CS0246: The type or namespace name 'IPage<>' could not be found (are you missing a using directive or an assembly reference?)
C:\gh\azure-sdk-for-net\sdk\securityinsights\Microsoft.Azure.Management.SecurityInsights\tests\EntityQueries\EntityQueriesTests.cs(188,44): error CS0246: The type or namespace name 'IPage<>' could not be found (are you missing a using directive or an assembly reference?)
C:\gh\azure-sdk-for-net\sdk\securityinsights\Microsoft.Azure.Management.SecurityInsights\tests\EntityQueries\EntityQueryTemplatesTests.cs(57,51): error CS0246: The type or namespace name 'IPage<>' could not be found (are you missing a using directive or an assembly reference?)
C:\gh\azure-sdk-for-net\sdk\securityinsights\Microsoft.Azure.Management.SecurityInsights\tests\Bookmarks\BookmarksTests.cs(109,40): error CS0246: The type or namespace name 'IPage<>' could not be found (are you missing a using directive or an assembly reference?)
C:\gh\azure-sdk-for-net\sdk\securityinsights\Microsoft.Azure.Management.SecurityInsights\tests\Incidents\IncidentCommentsTests.cs(102,47): error CS0246: The type or namespace name 'IPage<>' could not be found (are you missing a using directive or an assembly reference?)
C:\gh\azure-sdk-for-net\sdk\securityinsights\Microsoft.Azure.Management.SecurityInsights\tests\Incidents\IncidentRelationsTests.cs(184,48): error CS0246: The type or namespace name 'IPage<>' could not be found (are you missing a using directive or an assembly reference?)
C:\gh\azure-sdk-for-net\sdk\securityinsights\Microsoft.Azure.Management.SecurityInsights\tests\Metadata\MetadataTests.cs(104,40): error CS0246: The type or namespace name 'IPage<>' could not be found (are you missing a using directive or an assembly reference?)
C:\gh\azure-sdk-for-net\sdk\securityinsights\Microsoft.Azure.Management.SecurityInsights\tests\Incidents\IncidentsTests.cs(183,40): error CS0246: The type or namespace name 'IPage<>' could not be found (are you missing a using directive or an assembly reference?)
C:\gh\azure-sdk-for-net\sdk\securityinsights\Microsoft.Azure.Management.SecurityInsights\tests\OfficeConsents\OfficeConsentsTests.cs(71,45): error CS0246: The type or namespace name 'IPage<>' could not be found (are you missing a using directive or an assembly reference?)
C:\gh\azure-sdk-for-net\sdk\securityinsights\Microsoft.Azure.Management.SecurityInsights\tests\Operations\OperationsTests.cs(43,41): error CS0246: The type or namespace name 'IPage<>' could not be found (are you missing a using directive or an assembly reference?)
C:\gh\azure-sdk-for-net\sdk\securityinsights\Microsoft.Azure.Management.SecurityInsights\tests\SourceControls\SourceControlsTests.cs(132,45): error CS0246: The type or namespace name 'IPage<>' could not be found (are you missing a using directive or an assembly reference?)
C:\gh\azure-sdk-for-net\sdk\securityinsights\Microsoft.Azure.Management.SecurityInsights\tests\SourceControls\RepositoriesTests.cs(45,43): error CS0246: The type or namespace name 'IPage<>' could not be found (are you missing a using directive or an assembly reference?)
C:\gh\azure-sdk-for-net\sdk\securityinsights\Microsoft.Azure.Management.SecurityInsights\tests\ThreatIntelligence\ThreatIntelligenceTests.cs(246,50): error CS0246: The type or namespace name 'IPage<>' could not be found (are you missing a using directive or an assembly reference?)
C:\gh\azure-sdk-for-net\sdk\securityinsights\Microsoft.Azure.Management.SecurityInsights\tests\Watchlists\WatchlistItemsTests.cs(153,49): error CS0246: The type or namespace name 'IPage<>' could not be found (are you missing a using directive or an assembly reference?)
C:\gh\azure-sdk-for-net\sdk\securityinsights\Microsoft.Azure.Management.SecurityInsights\tests\Watchlists\WatchlistsTests.cs(119,45): error CS0246: The type or namespace name 'IPage<>' could not be found (are you missing a using directive or an assembly reference?)
C:\gh\azure-sdk-for-net\eng\mgmt\DisableTestRunParallel.cs(7,12): error CS0246: The type or namespace name 'CollectionBehaviorAttribute' could not be found (are you missing a using directive or an assembly reference?)
C:\gh\azure-sdk-for-net\eng\mgmt\DisableTestRunParallel.cs(7,12): error CS0246: The type or namespace name 'CollectionBehavior' could not be found (are you missing a using directive or an assembly reference?)
C:\gh\azure-sdk-for-net\eng\mgmt\DisableTestRunParallel.cs(7,31): error CS0246: The type or namespace name 'DisableTestParallelization' could not be found (are you missing a using directive or an assembly reference?)
C:\gh\azure-sdk-for-net\eng\mgmt\DisableTestRunParallel.cs(7,66): error CS0246: The type or namespace name 'MaxParallelThreads' could not be found (are you missing a using directive or an assembly reference?)
C:\gh\azure-sdk-for-net\sdk\securityinsights\Microsoft.Azure.Management.SecurityInsights\tests\AlertRules\ActionsTests.cs(9,22): error CS0234: The type or namespace name 'Azure' does not exist in the namespace 'Microsoft.Rest' (are you missing an assembly reference?)
C:\gh\azure-sdk-for-net\sdk\securityinsights\Microsoft.Azure.Management.SecurityInsights\tests\AlertRules\ActionsTests.cs(11,7): error CS0246: The type or namespace name 'Xunit' could not be found (are you missing a using directive or an assembly reference?)
C:\gh\azure-sdk-for-net\sdk\securityinsights\Microsoft.Azure.Management.SecurityInsights\tests\AlertRules\AlertRulesTests.cs(12,22): error CS0234: The type or namespace name 'Azure' does not exist in the namespace 'Microsoft.Rest' (are you missing an assembly reference?)
C:\gh\azure-sdk-for-net\sdk\securityinsights\Microsoft.Azure.Management.SecurityInsights\tests\AlertRules\AlertRulesTests.cs(14,7): error CS0246: The type or namespace name 'Xunit' could not be found (are you missing a using directive or an assembly reference?)
C:\gh\azure-sdk-for-net\sdk\securityinsights\Microsoft.Azure.Management.SecurityInsights\tests\AlertRules\AlertRuleTemplates.cs(13,22): error CS0234: The type or namespace name 'Azure' does not exist in the namespace 'Microsoft.Rest' (are you missing an assembly reference?)
C:\gh\azure-sdk-for-net\sdk\securityinsights\Microsoft.Azure.Management.SecurityInsights\tests\AlertRules\AlertRuleTemplates.cs(15,7): error CS0246: The type or namespace name 'Xunit' could not be found (are you missing a using directive or an assembly reference?)
C:\gh\azure-sdk-for-net\sdk\securityinsights\Microsoft.Azure.Management.SecurityInsights\tests\AutomationRules\AutomationRules.cs(12,22): error CS0234: The type or namespace name 'Azure' does not exist in the namespace 'Microsoft.Rest' (are you missing an assembly reference?)
C:\gh\azure-sdk-for-net\sdk\securityinsights\Microsoft.Azure.Management.SecurityInsights\tests\AutomationRules\AutomationRules.cs(14,7): error CS0246: The type or namespace name 'Xunit' could not be found (are you missing a using directive or an assembly reference?)
C:\gh\azure-sdk-for-net\sdk\securityinsights\Microsoft.Azure.Management.SecurityInsights\tests\Bookmarks\BookmarkRelationsTests.cs(15,22): error CS0234: The type or namespace name 'Azure' does not exist in the namespace 'Microsoft.Rest' (are you missing an assembly reference?)
C:\gh\azure-sdk-for-net\sdk\securityinsights\Microsoft.Azure.Management.SecurityInsights\tests\Bookmarks\BookmarkRelationsTests.cs(17,7): error CS0246: The type or namespace name 'Xunit' could not be found (are you missing a using directive or an assembly reference?)
C:\gh\azure-sdk-for-net\sdk\securityinsights\Microsoft.Azure.Management.SecurityInsights\tests\Bookmarks\BookmarksTests.cs(15,22): error CS0234: The type or namespace name 'Azure' does not exist in the namespace 'Microsoft.Rest' (are you missing an assembly reference?)
C:\gh\azure-sdk-for-net\sdk\securityinsights\Microsoft.Azure.Management.SecurityInsights\tests\Bookmarks\BookmarksTests.cs(17,7): error CS0246: The type or namespace name 'Xunit' could not be found (are you missing a using directive or an assembly reference?)
C:\gh\azure-sdk-for-net\sdk\securityinsights\Microsoft.Azure.Management.SecurityInsights\tests\DataConnectors\DataConnectorsTests.cs(14,22): error CS0234: The type or namespace name 'Azure' does not exist in the namespace 'Microsoft.Rest' (are you missing an assembly reference?)
C:\gh\azure-sdk-for-net\sdk\securityinsights\Microsoft.Azure.Management.SecurityInsights\tests\DataConnectors\DataConnectorsTests.cs(16,7): error CS0246: The type or namespace name 'Xunit' could not be found (are you missing a using directive or an assembly reference?)
C:\gh\azure-sdk-for-net\sdk\securityinsights\Microsoft.Azure.Management.SecurityInsights\tests\Enrichment\EnrichmentTest.cs(15,22): error CS0234: The type or namespace name 'Azure' does not exist in the namespace 'Microsoft.Rest' (are you missing an assembly reference?)
C:\gh\azure-sdk-for-net\sdk\securityinsights\Microsoft.Azure.Management.SecurityInsights\tests\Enrichment\EnrichmentTest.cs(17,7): error CS0246: The type or namespace name 'Xunit' could not be found (are you missing a using directive or an assembly reference?)
C:\gh\azure-sdk-for-net\sdk\securityinsights\Microsoft.Azure.Management.SecurityInsights\tests\Entities\EntitiesTests.cs(12,22): error CS0234: The type or namespace name 'Azure' does not exist in the namespace 'Microsoft.Rest' (are you missing an assembly reference?)
C:\gh\azure-sdk-for-net\sdk\securityinsights\Microsoft.Azure.Management.SecurityInsights\tests\Entities\EntitiesTests.cs(14,7): error CS0246: The type or namespace name 'Xunit' could not be found (are you missing a using directive or an assembly reference?)
C:\gh\azure-sdk-for-net\sdk\securityinsights\Microsoft.Azure.Management.SecurityInsights\tests\EntityQueries\EntityQueriesTests.cs(16,22): error CS0234: The type or namespace name 'Azure' does not exist in the namespace 'Microsoft.Rest' (are you missing an assembly reference?)
C:\gh\azure-sdk-for-net\sdk\securityinsights\Microsoft.Azure.Management.SecurityInsights\tests\EntityQueries\EntityQueriesTests.cs(18,7): error CS0246: The type or namespace name 'Xunit' could not be found (are you missing a using directive or an assembly reference?)
C:\gh\azure-sdk-for-net\sdk\securityinsights\Microsoft.Azure.Management.SecurityInsights\tests\EntityQueries\EntityQueryTemplatesTests.cs(14,22): error CS0234: The type or namespace name 'Azure' does not exist in the namespace 'Microsoft.Rest' (are you missing an assembly reference?)
C:\gh\azure-sdk-for-net\sdk\securityinsights\Microsoft.Azure.Management.SecurityInsights\tests\EntityQueries\EntityQueryTemplatesTests.cs(16,7): error CS0246: The type or namespace name 'Xunit' could not be found (are you missing a using directive or an assembly reference?)
C:\gh\azure-sdk-for-net\sdk\securityinsights\Microsoft.Azure.Management.SecurityInsights\tests\Helpers\TestHelper.cs(5,22): error CS0234: The type or namespace name 'Azure' does not exist in the namespace 'Microsoft.Rest' (are you missing an assembly reference?)
C:\gh\azure-sdk-for-net\sdk\securityinsights\Microsoft.Azure.Management.SecurityInsights\tests\Helpers\TestHelper.cs(7,7): error CS0246: The type or namespace name 'Xunit' could not be found (are you missing a using directive or an assembly reference?)
C:\gh\azure-sdk-for-net\sdk\securityinsights\Microsoft.Azure.Management.SecurityInsights\tests\Incidents\IncidentCommentsTests.cs(14,22): error CS0234: The type or namespace name 'Azure' does not exist in the namespace 'Microsoft.Rest' (are you missing an assembly reference?)
C:\gh\azure-sdk-for-net\sdk\securityinsights\Microsoft.Azure.Management.SecurityInsights\tests\Incidents\IncidentCommentsTests.cs(16,7): error CS0246: The type or namespace name 'Xunit' could not be found (are you missing a using directive or an assembly reference?)
C:\gh\azure-sdk-for-net\sdk\securityinsights\Microsoft.Azure.Management.SecurityInsights\tests\Incidents\IncidentRelationsTests.cs(15,22): error CS0234: The type or namespace name 'Azure' does not exist in the namespace 'Microsoft.Rest' (are you missing an assembly reference?)
C:\gh\azure-sdk-for-net\sdk\securityinsights\Microsoft.Azure.Management.SecurityInsights\tests\Incidents\IncidentRelationsTests.cs(17,7): error CS0246: The type or namespace name 'Xunit' could not be found (are you missing a using directive or an assembly reference?)
C:\gh\azure-sdk-for-net\sdk\securityinsights\Microsoft.Azure.Management.SecurityInsights\tests\Incidents\IncidentsTests.cs(14,22): error CS0234: The type or namespace name 'Azure' does not exist in the namespace 'Microsoft.Rest' (are you missing an assembly reference?)
C:\gh\azure-sdk-for-net\sdk\securityinsights\Microsoft.Azure.Management.SecurityInsights\tests\Incidents\IncidentsTests.cs(16,7): error CS0246: The type or namespace name 'Xunit' could not be found (are you missing a using directive or an assembly reference?)
C:\gh\azure-sdk-for-net\sdk\securityinsights\Microsoft.Azure.Management.SecurityInsights\tests\Metadata\MetadataTests.cs(12,22): error CS0234: The type or namespace name 'Azure' does not exist in the namespace 'Microsoft.Rest' (are you missing an assembly reference?)
C:\gh\azure-sdk-for-net\sdk\securityinsights\Microsoft.Azure.Management.SecurityInsights\tests\Metadata\MetadataTests.cs(14,7): error CS0246: The type or namespace name 'Xunit' could not be found (are you missing a using directive or an assembly reference?)
C:\gh\azure-sdk-for-net\sdk\securityinsights\Microsoft.Azure.Management.SecurityInsights\tests\OfficeConsents\OfficeConsentsTests.cs(13,22): error CS0234: The type or namespace name 'Azure' does not exist in the namespace 'Microsoft.Rest' (are you missing an assembly reference?)
C:\gh\azure-sdk-for-net\sdk\securityinsights\Microsoft.Azure.Management.SecurityInsights\tests\OfficeConsents\OfficeConsentsTests.cs(15,7): error CS0246: The type or namespace name 'Xunit' could not be found (are you missing a using directive or an assembly reference?)
C:\gh\azure-sdk-for-net\sdk\securityinsights\Microsoft.Azure.Management.SecurityInsights\tests\OnboardingStates\OnboardingStatesTests.cs(15,22): error CS0234: The type or namespace name 'Azure' does not exist in the namespace 'Microsoft.Rest' (are you missing an assembly reference?)
C:\gh\azure-sdk-for-net\sdk\securityinsights\Microsoft.Azure.Management.SecurityInsights\tests\OnboardingStates\OnboardingStatesTests.cs(17,7): error CS0246: The type or namespace name 'Xunit' could not be found (are you missing a using directive or an assembly reference?)
C:\gh\azure-sdk-for-net\sdk\securityinsights\Microsoft.Azure.Management.SecurityInsights\tests\Operations\OperationsTests.cs(14,22): error CS0234: The type or namespace name 'Azure' does not exist in the namespace 'Microsoft.Rest' (are you missing an assembly reference?)
C:\gh\azure-sdk-for-net\sdk\securityinsights\Microsoft.Azure.Management.SecurityInsights\tests\Operations\OperationsTests.cs(16,7): error CS0246: The type or namespace name 'Xunit' could not be found (are you missing a using directive or an assembly reference?)
C:\gh\azure-sdk-for-net\sdk\securityinsights\Microsoft.Azure.Management.SecurityInsights\tests\Settings\SettingsTests.cs(15,22): error CS0234: The type or namespace name 'Azure' does not exist in the namespace 'Microsoft.Rest' (are you missing an assembly reference?)
C:\gh\azure-sdk-for-net\sdk\securityinsights\Microsoft.Azure.Management.SecurityInsights\tests\Settings\SettingsTests.cs(17,7): error CS0246: The type or namespace name 'Xunit' could not be found (are you missing a using directive or an assembly reference?)
C:\gh\azure-sdk-for-net\sdk\securityinsights\Microsoft.Azure.Management.SecurityInsights\tests\SourceControls\RepositoriesTests.cs(15,22): error CS0234: The type or namespace name 'Azure' does not exist in the namespace 'Microsoft.Rest' (are you missing an assembly reference?)
C:\gh\azure-sdk-for-net\sdk\securityinsights\Microsoft.Azure.Management.SecurityInsights\tests\SourceControls\RepositoriesTests.cs(17,7): error CS0246: The type or namespace name 'Xunit' could not be found (are you missing a using directive or an assembly reference?)
C:\gh\azure-sdk-for-net\sdk\securityinsights\Microsoft.Azure.Management.SecurityInsights\tests\SourceControls\SourceControlsTests.cs(15,22): error CS0234: The type or namespace name 'Azure' does not exist in the namespace 'Microsoft.Rest' (are you missing an assembly reference?)
C:\gh\azure-sdk-for-net\sdk\securityinsights\Microsoft.Azure.Management.SecurityInsights\tests\SourceControls\SourceControlsTests.cs(17,7): error CS0246: The type or namespace name 'Xunit' could not be found (are you missing a using directive or an assembly reference?)
C:\gh\azure-sdk-for-net\sdk\securityinsights\Microsoft.Azure.Management.SecurityInsights\tests\ThreatIntelligence\ThreatIntelligenceTests.cs(15,22): error CS0234: The type or namespace name 'Azure' does not exist in the namespace 'Microsoft.Rest' (are you missing an assembly reference?)
C:\gh\azure-sdk-for-net\sdk\securityinsights\Microsoft.Azure.Management.SecurityInsights\tests\ThreatIntelligence\ThreatIntelligenceTests.cs(17,7): error CS0246: The type or namespace name 'Xunit' could not be found (are you missing a using directive or an assembly reference?)
C:\gh\azure-sdk-for-net\sdk\securityinsights\Microsoft.Azure.Management.SecurityInsights\tests\Watchlists\WatchlistItemsTests.cs(12,22): error CS0234: The type or namespace name 'Azure' does not exist in the namespace 'Microsoft.Rest' (are you missing an assembly reference?)
C:\gh\azure-sdk-for-net\sdk\securityinsights\Microsoft.Azure.Management.SecurityInsights\tests\Watchlists\WatchlistItemsTests.cs(14,7): error CS0246: The type or namespace name 'Xunit' could not be found (are you missing a using directive or an assembly reference?)
C:\gh\azure-sdk-for-net\sdk\securityinsights\Microsoft.Azure.Management.SecurityInsights\tests\Watchlists\WatchlistsTests.cs(12,22): error CS0234: The type or namespace name 'Azure' does not exist in the namespace 'Microsoft.Rest' (are you missing an assembly reference?)
C:\gh\azure-sdk-for-net\sdk\securityinsights\Microsoft.Azure.Management.SecurityInsights\tests\Watchlists\WatchlistsTests.cs(14,7): error CS0246: The type or namespace name 'Xunit' could not be found (are you missing a using directive or an assembly reference?)
C:\gh\azure-sdk-for-net\eng\mgmt\DisableTestRunParallel.cs(5,7): error CS0246: The type or namespace name 'Xunit' could not be found (are you missing a using directive or an assembly reference?)
C:\gh\azure-sdk-for-net\sdk\securityinsights\Microsoft.Azure.Management.SecurityInsights\tests\AlertRules\ActionsTests.cs(26,10): error CS0246: The type or namespace name 'FactAttribute' could not be found (are you missing a using directive or an assembly reference?)
C:\gh\azure-sdk-for-net\sdk\securityinsights\Microsoft.Azure.Management.SecurityInsights\tests\Bookmarks\BookmarkRelationsTests.cs(29,10): error CS0246: The type or namespace name 'FactAttribute' could not be found (are you missing a using directive or an assembly reference?)
C:\gh\azure-sdk-for-net\sdk\securityinsights\Microsoft.Azure.Management.SecurityInsights\tests\AlertRules\ActionsTests.cs(26,10): error CS0246: The type or namespace name 'Fact' could not be found (are you missing a using directive or an assembly reference?)
C:\gh\azure-sdk-for-net\sdk\securityinsights\Microsoft.Azure.Management.SecurityInsights\tests\Bookmarks\BookmarkRelationsTests.cs(29,10): error CS0246: The type or namespace name 'Fact' could not be found (are you missing a using directive or an assembly reference?)
C:\gh\azure-sdk-for-net\sdk\securityinsights\Microsoft.Azure.Management.SecurityInsights\tests\AlertRules\AlertRuleTemplates.cs(27,10): error CS0246: The type or namespace name 'FactAttribute' could not be found (are you missing a using directive or an assembly reference?)
C:\gh\azure-sdk-for-net\sdk\securityinsights\Microsoft.Azure.Management.SecurityInsights\tests\AlertRules\AlertRuleTemplates.cs(27,10): error CS0246: The type or namespace name 'Fact' could not be found (are you missing a using directive or an assembly reference?)
C:\gh\azure-sdk-for-net\sdk\securityinsights\Microsoft.Azure.Management.SecurityInsights\tests\AlertRules\ActionsTests.cs(54,10): error CS0246: The type or namespace name 'FactAttribute' could not be found (are you missing a using directive or an assembly reference?)
C:\gh\azure-sdk-for-net\sdk\securityinsights\Microsoft.Azure.Management.SecurityInsights\tests\AlertRules\ActionsTests.cs(54,10): error CS0246: The type or namespace name 'Fact' could not be found (are you missing a using directive or an assembly reference?)
C:\gh\azure-sdk-for-net\sdk\securityinsights\Microsoft.Azure.Management.SecurityInsights\tests\Bookmarks\BookmarkRelationsTests.cs(68,10): error CS0246: The type or namespace name 'FactAttribute' could not be found (are you missing a using directive or an assembly reference?)
C:\gh\azure-sdk-for-net\sdk\securityinsights\Microsoft.Azure.Management.SecurityInsights\tests\Bookmarks\BookmarkRelationsTests.cs(68,10): error CS0246: The type or namespace name 'Fact' could not be found (are you missing a using directive or an assembly reference?)
C:\gh\azure-sdk-for-net\sdk\securityinsights\Microsoft.Azure.Management.SecurityInsights\tests\AlertRules\ActionsTests.cs(82,10): error CS0246: The type or namespace name 'FactAttribute' could not be found (are you missing a using directive or an assembly reference?)
C:\gh\azure-sdk-for-net\sdk\securityinsights\Microsoft.Azure.Management.SecurityInsights\tests\AlertRules\ActionsTests.cs(82,10): error CS0246: The type or namespace name 'Fact' could not be found (are you missing a using directive or an assembly reference?)
C:\gh\azure-sdk-for-net\sdk\securityinsights\Microsoft.Azure.Management.SecurityInsights\tests\EntityQueries\EntityQueryTemplatesTests.cs(28,10): error CS0246: The type or namespace name 'FactAttribute' could not be found (are you missing a using directive or an assembly reference?)
C:\gh\azure-sdk-for-net\sdk\securityinsights\Microsoft.Azure.Management.SecurityInsights\tests\EntityQueries\EntityQueryTemplatesTests.cs(28,10): error CS0246: The type or namespace name 'Fact' could not be found (are you missing a using directive or an assembly reference?)
C:\gh\azure-sdk-for-net\sdk\securityinsights\Microsoft.Azure.Management.SecurityInsights\tests\EntityQueries\EntityQueriesTests.cs(30,10): error CS0246: The type or namespace name 'FactAttribute' could not be found (are you missing a using directive or an assembly reference?)
C:\gh\azure-sdk-for-net\sdk\securityinsights\Microsoft.Azure.Management.SecurityInsights\tests\EntityQueries\EntityQueriesTests.cs(30,10): error CS0246: The type or namespace name 'Fact' could not be found (are you missing a using directive or an assembly reference?)
C:\gh\azure-sdk-for-net\sdk\securityinsights\Microsoft.Azure.Management.SecurityInsights\tests\AlertRules\AlertRuleTemplates.cs(39,10): error CS0246: The type or namespace name 'FactAttribute' could not be found (are you missing a using directive or an assembly reference?)
C:\gh\azure-sdk-for-net\sdk\securityinsights\Microsoft.Azure.Management.SecurityInsights\tests\AlertRules\AlertRuleTemplates.cs(39,10): error CS0246: The type or namespace name 'Fact' could not be found (are you missing a using directive or an assembly reference?)
C:\gh\azure-sdk-for-net\sdk\securityinsights\Microsoft.Azure.Management.SecurityInsights\tests\Incidents\IncidentCommentsTests.cs(28,10): error CS0246: The type or namespace name 'FactAttribute' could not be found (are you missing a using directive or an assembly reference?)
C:\gh\azure-sdk-for-net\sdk\securityinsights\Microsoft.Azure.Management.SecurityInsights\tests\Incidents\IncidentCommentsTests.cs(28,10): error CS0246: The type or namespace name 'Fact' could not be found (are you missing a using directive or an assembly reference?)
C:\gh\azure-sdk-for-net\sdk\securityinsights\Microsoft.Azure.Management.SecurityInsights\tests\AlertRules\ActionsTests.cs(111,10): error CS0246: The type or namespace name 'FactAttribute' could not be found (are you missing a using directive or an assembly reference?)
C:\gh\azure-sdk-for-net\sdk\securityinsights\Microsoft.Azure.Management.SecurityInsights\tests\AlertRules\ActionsTests.cs(111,10): error CS0246: The type or namespace name 'Fact' could not be found (are you missing a using directive or an assembly reference?)
C:\gh\azure-sdk-for-net\sdk\securityinsights\Microsoft.Azure.Management.SecurityInsights\tests\Bookmarks\BookmarkRelationsTests.cs(106,10): error CS0246: The type or namespace name 'FactAttribute' could not be found (are you missing a using directive or an assembly reference?)
C:\gh\azure-sdk-for-net\sdk\securityinsights\Microsoft.Azure.Management.SecurityInsights\tests\Bookmarks\BookmarkRelationsTests.cs(106,10): error CS0246: The type or namespace name 'Fact' could not be found (are you missing a using directive or an assembly reference?)
C:\gh\azure-sdk-for-net\sdk\securityinsights\Microsoft.Azure.Management.SecurityInsights\tests\EntityQueries\EntityQueryTemplatesTests.cs(40,10): error CS0246: The type or namespace name 'FactAttribute' could not be found (are you missing a using directive or an assembly reference?)
C:\gh\azure-sdk-for-net\sdk\securityinsights\Microsoft.Azure.Management.SecurityInsights\tests\EntityQueries\EntityQueryTemplatesTests.cs(40,10): error CS0246: The type or namespace name 'Fact' could not be found (are you missing a using directive or an assembly reference?)
C:\gh\azure-sdk-for-net\sdk\securityinsights\Microsoft.Azure.Management.SecurityInsights\tests\EntityQueries\EntityQueriesTests.cs(70,10): error CS0246: The type or namespace name 'FactAttribute' could not be found (are you missing a using directive or an assembly reference?)
C:\gh\azure-sdk-for-net\sdk\securityinsights\Microsoft.Azure.Management.SecurityInsights\tests\EntityQueries\EntityQueriesTests.cs(70,10): error CS0246: The type or namespace name 'Fact' could not be found (are you missing a using directive or an assembly reference?)
C:\gh\azure-sdk-for-net\sdk\securityinsights\Microsoft.Azure.Management.SecurityInsights\tests\AutomationRules\AutomationRules.cs(26,10): error CS0246: The type or namespace name 'FactAttribute' could not be found (are you missing a using directive or an assembly reference?)
C:\gh\azure-sdk-for-net\sdk\securityinsights\Microsoft.Azure.Management.SecurityInsights\tests\AutomationRules\AutomationRules.cs(26,10): error CS0246: The type or namespace name 'Fact' could not be found (are you missing a using directive or an assembly reference?)
C:\gh\azure-sdk-for-net\sdk\securityinsights\Microsoft.Azure.Management.SecurityInsights\tests\AlertRules\AlertRulesTests.cs(27,10): error CS0246: The type or namespace name 'FactAttribute' could not be found (are you missing a using directive or an assembly reference?)
C:\gh\azure-sdk-for-net\sdk\securityinsights\Microsoft.Azure.Management.SecurityInsights\tests\AlertRules\AlertRulesTests.cs(27,10): error CS0246: The type or namespace name 'Fact' could not be found (are you missing a using directive or an assembly reference?)
C:\gh\azure-sdk-for-net\sdk\securityinsights\Microsoft.Azure.Management.SecurityInsights\tests\Incidents\IncidentCommentsTests.cs(51,10): error CS0246: The type or namespace name 'FactAttribute' could not be found (are you missing a using directive or an assembly reference?)
C:\gh\azure-sdk-for-net\sdk\securityinsights\Microsoft.Azure.Management.SecurityInsights\tests\Incidents\IncidentCommentsTests.cs(51,10): error CS0246: The type or namespace name 'Fact' could not be found (are you missing a using directive or an assembly reference?)
C:\gh\azure-sdk-for-net\sdk\securityinsights\Microsoft.Azure.Management.SecurityInsights\tests\Bookmarks\BookmarkRelationsTests.cs(145,10): error CS0246: The type or namespace name 'FactAttribute' could not be found (are you missing a using directive or an assembly reference?)
C:\gh\azure-sdk-for-net\sdk\securityinsights\Microsoft.Azure.Management.SecurityInsights\tests\Bookmarks\BookmarkRelationsTests.cs(145,10): error CS0246: The type or namespace name 'Fact' could not be found (are you missing a using directive or an assembly reference?)
C:\gh\azure-sdk-for-net\sdk\securityinsights\Microsoft.Azure.Management.SecurityInsights\tests\SourceControls\RepositoriesTests.cs(29,10): error CS0246: The type or namespace name 'FactAttribute' could not be found (are you missing a using directive or an assembly reference?)
C:\gh\azure-sdk-for-net\sdk\securityinsights\Microsoft.Azure.Management.SecurityInsights\tests\SourceControls\RepositoriesTests.cs(29,10): error CS0246: The type or namespace name 'Fact' could not be found (are you missing a using directive or an assembly reference?)
C:\gh\azure-sdk-for-net\sdk\securityinsights\Microsoft.Azure.Management.SecurityInsights\tests\Operations\OperationsTests.cs(28,10): error CS0246: The type or namespace name 'FactAttribute' could not be found (are you missing a using directive or an assembly reference?)
C:\gh\azure-sdk-for-net\sdk\securityinsights\Microsoft.Azure.Management.SecurityInsights\tests\Operations\OperationsTests.cs(28,10): error CS0246: The type or namespace name 'Fact' could not be found (are you missing a using directive or an assembly reference?)
C:\gh\azure-sdk-for-net\sdk\securityinsights\Microsoft.Azure.Management.SecurityInsights\tests\EntityQueries\EntityQueriesTests.cs(108,10): error CS0246: The type or namespace name 'FactAttribute' could not be found (are you missing a using directive or an assembly reference?)
C:\gh\azure-sdk-for-net\sdk\securityinsights\Microsoft.Azure.Management.SecurityInsights\tests\EntityQueries\EntityQueriesTests.cs(108,10): error CS0246: The type or namespace name 'Fact' could not be found (are you missing a using directive or an assembly reference?)
C:\gh\azure-sdk-for-net\sdk\securityinsights\Microsoft.Azure.Management.SecurityInsights\tests\AlertRules\AlertRulesTests.cs(39,10): error CS0246: The type or namespace name 'FactAttribute' could not be found (are you missing a using directive or an assembly reference?)
C:\gh\azure-sdk-for-net\sdk\securityinsights\Microsoft.Azure.Management.SecurityInsights\tests\AlertRules\AlertRulesTests.cs(39,10): error CS0246: The type or namespace name 'Fact' could not be found (are you missing a using directive or an assembly reference?)
C:\gh\azure-sdk-for-net\sdk\securityinsights\Microsoft.Azure.Management.SecurityInsights\tests\ThreatIntelligence\ThreatIntelligenceTests.cs(29,10): error CS0246: The type or namespace name 'FactAttribute' could not be found (are you missing a using directive or an assembly reference?)
C:\gh\azure-sdk-for-net\sdk\securityinsights\Microsoft.Azure.Management.SecurityInsights\tests\ThreatIntelligence\ThreatIntelligenceTests.cs(29,10): error CS0246: The type or namespace name 'Fact' could not be found (are you missing a using directive or an assembly reference?)
C:\gh\azure-sdk-for-net\sdk\securityinsights\Microsoft.Azure.Management.SecurityInsights\tests\AutomationRules\AutomationRules.cs(38,10): error CS0246: The type or namespace name 'FactAttribute' could not be found (are you missing a using directive or an assembly reference?)
C:\gh\azure-sdk-for-net\sdk\securityinsights\Microsoft.Azure.Management.SecurityInsights\tests\AutomationRules\AutomationRules.cs(38,10): error CS0246: The type or namespace name 'Fact' could not be found (are you missing a using directive or an assembly reference?)
C:\gh\azure-sdk-for-net\sdk\securityinsights\Microsoft.Azure.Management.SecurityInsights\tests\Incidents\IncidentCommentsTests.cs(74,10): error CS0246: The type or namespace name 'FactAttribute' could not be found (are you missing a using directive or an assembly reference?)
C:\gh\azure-sdk-for-net\sdk\securityinsights\Microsoft.Azure.Management.SecurityInsights\tests\Incidents\IncidentCommentsTests.cs(74,10): error CS0246: The type or namespace name 'Fact' could not be found (are you missing a using directive or an assembly reference?)
C:\gh\azure-sdk-for-net\sdk\securityinsights\Microsoft.Azure.Management.SecurityInsights\tests\Bookmarks\BookmarksTests.cs(29,10): error CS0246: The type or namespace name 'FactAttribute' could not be found (are you missing a using directive or an assembly reference?)
C:\gh\azure-sdk-for-net\sdk\securityinsights\Microsoft.Azure.Management.SecurityInsights\tests\Bookmarks\BookmarksTests.cs(29,10): error CS0246: The type or namespace name 'Fact' could not be found (are you missing a using directive or an assembly reference?)
C:\gh\azure-sdk-for-net\sdk\securityinsights\Microsoft.Azure.Management.SecurityInsights\tests\SourceControls\SourceControlsTests.cs(29,10): error CS0246: The type or namespace name 'FactAttribute' could not be found (are you missing a using directive or an assembly reference?)
C:\gh\azure-sdk-for-net\sdk\securityinsights\Microsoft.Azure.Management.SecurityInsights\tests\SourceControls\SourceControlsTests.cs(29,10): error CS0246: The type or namespace name 'Fact' could not be found (are you missing a using directive or an assembly reference?)
C:\gh\azure-sdk-for-net\sdk\securityinsights\Microsoft.Azure.Management.SecurityInsights\tests\Settings\SettingsTests.cs(29,10): error CS0246: The type or namespace name 'FactAttribute' could not be found (are you missing a using directive or an assembly reference?)
C:\gh\azure-sdk-for-net\sdk\securityinsights\Microsoft.Azure.Management.SecurityInsights\tests\Settings\SettingsTests.cs(29,10): error CS0246: The type or namespace name 'Fact' could not be found (are you missing a using directive or an assembly reference?)
C:\gh\azure-sdk-for-net\sdk\securityinsights\Microsoft.Azure.Management.SecurityInsights\tests\Incidents\IncidentRelationsTests.cs(29,10): error CS0246: The type or namespace name 'FactAttribute' could not be found (are you missing a using directive or an assembly reference?)
C:\gh\azure-sdk-for-net\sdk\securityinsights\Microsoft.Azure.Management.SecurityInsights\tests\Incidents\IncidentRelationsTests.cs(29,10): error CS0246: The type or namespace name 'Fact' could not be found (are you missing a using directive or an assembly reference?)
C:\gh\azure-sdk-for-net\sdk\securityinsights\Microsoft.Azure.Management.SecurityInsights\tests\AlertRules\AlertRulesTests.cs(60,10): error CS0246: The type or namespace name 'FactAttribute' could not be found (are you missing a using directive or an assembly reference?)
C:\gh\azure-sdk-for-net\sdk\securityinsights\Microsoft.Azure.Management.SecurityInsights\tests\AlertRules\AlertRulesTests.cs(60,10): error CS0246: The type or namespace name 'Fact' could not be found (are you missing a using directive or an assembly reference?)
C:\gh\azure-sdk-for-net\sdk\securityinsights\Microsoft.Azure.Management.SecurityInsights\tests\EntityQueries\EntityQueriesTests.cs(147,10): error CS0246: The type or namespace name 'FactAttribute' could not be found (are you missing a using directive or an assembly reference?)
C:\gh\azure-sdk-for-net\sdk\securityinsights\Microsoft.Azure.Management.SecurityInsights\tests\EntityQueries\EntityQueriesTests.cs(147,10): error CS0246: The type or namespace name 'Fact' could not be found (are you missing a using directive or an assembly reference?)
C:\gh\azure-sdk-for-net\sdk\securityinsights\Microsoft.Azure.Management.SecurityInsights\tests\ThreatIntelligence\ThreatIntelligenceTests.cs(40,10): error CS0246: The type or namespace name 'FactAttribute' could not be found (are you missing a using directive or an assembly reference?)
C:\gh\azure-sdk-for-net\sdk\securityinsights\Microsoft.Azure.Management.SecurityInsights\tests\ThreatIntelligence\ThreatIntelligenceTests.cs(40,10): error CS0246: The type or namespace name 'Fact' could not be found (are you missing a using directive or an assembly reference?)
C:\gh\azure-sdk-for-net\sdk\securityinsights\Microsoft.Azure.Management.SecurityInsights\tests\AutomationRules\AutomationRules.cs(77,10): error CS0246: The type or namespace name 'FactAttribute' could not be found (are you missing a using directive or an assembly reference?)
C:\gh\azure-sdk-for-net\sdk\securityinsights\Microsoft.Azure.Management.SecurityInsights\tests\AutomationRules\AutomationRules.cs(77,10): error CS0246: The type or namespace name 'Fact' could not be found (are you missing a using directive or an assembly reference?)
C:\gh\azure-sdk-for-net\sdk\securityinsights\Microsoft.Azure.Management.SecurityInsights\tests\Metadata\MetadataTests.cs(26,10): error CS0246: The type or namespace name 'FactAttribute' could not be found (are you missing a using directive or an assembly reference?)
C:\gh\azure-sdk-for-net\sdk\securityinsights\Microsoft.Azure.Management.SecurityInsights\tests\Metadata\MetadataTests.cs(26,10): error CS0246: The type or namespace name 'Fact' could not be found (are you missing a using directive or an assembly reference?)
C:\gh\azure-sdk-for-net\sdk\securityinsights\Microsoft.Azure.Management.SecurityInsights\tests\AlertRules\AlertRulesTests.cs(81,14): error CS0246: The type or namespace name 'FactAttribute' could not be found (are you missing a using directive or an assembly reference?)
C:\gh\azure-sdk-for-net\sdk\securityinsights\Microsoft.Azure.Management.SecurityInsights\tests\AlertRules\AlertRulesTests.cs(81,14): error CS0246: The type or namespace name 'Fact' could not be found (are you missing a using directive or an assembly reference?)
C:\gh\azure-sdk-for-net\sdk\securityinsights\Microsoft.Azure.Management.SecurityInsights\tests\Bookmarks\BookmarksTests.cs(40,10): error CS0246: The type or namespace name 'FactAttribute' could not be found (are you missing a using directive or an assembly reference?)
C:\gh\azure-sdk-for-net\sdk\securityinsights\Microsoft.Azure.Management.SecurityInsights\tests\Bookmarks\BookmarksTests.cs(40,10): error CS0246: The type or namespace name 'Fact' could not be found (are you missing a using directive or an assembly reference?)
C:\gh\azure-sdk-for-net\sdk\securityinsights\Microsoft.Azure.Management.SecurityInsights\tests\SourceControls\SourceControlsTests.cs(40,10): error CS0246: The type or namespace name 'FactAttribute' could not be found (are you missing a using directive or an assembly reference?)
C:\gh\azure-sdk-for-net\sdk\securityinsights\Microsoft.Azure.Management.SecurityInsights\tests\SourceControls\SourceControlsTests.cs(40,10): error CS0246: The type or namespace name 'Fact' could not be found (are you missing a using directive or an assembly reference?)
C:\gh\azure-sdk-for-net\sdk\securityinsights\Microsoft.Azure.Management.SecurityInsights\tests\Settings\SettingsTests.cs(40,10): error CS0246: The type or namespace name 'FactAttribute' could not be found (are you missing a using directive or an assembly reference?)
C:\gh\azure-sdk-for-net\sdk\securityinsights\Microsoft.Azure.Management.SecurityInsights\tests\Settings\SettingsTests.cs(40,10): error CS0246: The type or namespace name 'Fact' could not be found (are you missing a using directive or an assembly reference?)
C:\gh\azure-sdk-for-net\sdk\securityinsights\Microsoft.Azure.Management.SecurityInsights\tests\Incidents\IncidentRelationsTests.cs(68,10): error CS0246: The type or namespace name 'FactAttribute' could not be found (are you missing a using directive or an assembly reference?)
C:\gh\azure-sdk-for-net\sdk\securityinsights\Microsoft.Azure.Management.SecurityInsights\tests\Incidents\IncidentRelationsTests.cs(68,10): error CS0246: The type or namespace name 'Fact' could not be found (are you missing a using directive or an assembly reference?)
C:\gh\azure-sdk-for-net\sdk\securityinsights\Microsoft.Azure.Management.SecurityInsights\tests\ThreatIntelligence\ThreatIntelligenceTests.cs(66,10): error CS0246: The type or namespace name 'FactAttribute' could not be found (are you missing a using directive or an assembly reference?)
C:\gh\azure-sdk-for-net\sdk\securityinsights\Microsoft.Azure.Management.SecurityInsights\tests\ThreatIntelligence\ThreatIntelligenceTests.cs(66,10): error CS0246: The type or namespace name 'Fact' could not be found (are you missing a using directive or an assembly reference?)
C:\gh\azure-sdk-for-net\sdk\securityinsights\Microsoft.Azure.Management.SecurityInsights\tests\OnboardingStates\OnboardingStatesTests.cs(29,10): error CS0246: The type or namespace name 'FactAttribute' could not be found (are you missing a using directive or an assembly reference?)
C:\gh\azure-sdk-for-net\sdk\securityinsights\Microsoft.Azure.Management.SecurityInsights\tests\OnboardingStates\OnboardingStatesTests.cs(29,10): error CS0246: The type or namespace name 'Fact' could not be found (are you missing a using directive or an assembly reference?)
C:\gh\azure-sdk-for-net\sdk\securityinsights\Microsoft.Azure.Management.SecurityInsights\tests\Metadata\MetadataTests.cs(38,10): error CS0246: The type or namespace name 'FactAttribute' could not be found (are you missing a using directive or an assembly reference?)
C:\gh\azure-sdk-for-net\sdk\securityinsights\Microsoft.Azure.Management.SecurityInsights\tests\Metadata\MetadataTests.cs(38,10): error CS0246: The type or namespace name 'Fact' could not be found (are you missing a using directive or an assembly reference?)
C:\gh\azure-sdk-for-net\sdk\securityinsights\Microsoft.Azure.Management.SecurityInsights\tests\AutomationRules\AutomationRules.cs(118,10): error CS0246: The type or namespace name 'FactAttribute' could not be found (are you missing a using directive or an assembly reference?)
C:\gh\azure-sdk-for-net\sdk\securityinsights\Microsoft.Azure.Management.SecurityInsights\tests\AutomationRules\AutomationRules.cs(118,10): error CS0246: The type or namespace name 'Fact' could not be found (are you missing a using directive or an assembly reference?)
C:\gh\azure-sdk-for-net\sdk\securityinsights\Microsoft.Azure.Management.SecurityInsights\tests\Bookmarks\BookmarksTests.cs(63,10): error CS0246: The type or namespace name 'FactAttribute' could not be found (are you missing a using directive or an assembly reference?)
C:\gh\azure-sdk-for-net\sdk\securityinsights\Microsoft.Azure.Management.SecurityInsights\tests\Bookmarks\BookmarksTests.cs(63,10): error CS0246: The type or namespace name 'Fact' could not be found (are you missing a using directive or an assembly reference?)
C:\gh\azure-sdk-for-net\sdk\securityinsights\Microsoft.Azure.Management.SecurityInsights\tests\SourceControls\SourceControlsTests.cs(70,10): error CS0246: The type or namespace name 'FactAttribute' could not be found (are you missing a using directive or an assembly reference?)
C:\gh\azure-sdk-for-net\sdk\securityinsights\Microsoft.Azure.Management.SecurityInsights\tests\SourceControls\SourceControlsTests.cs(70,10): error CS0246: The type or namespace name 'Fact' could not be found (are you missing a using directive or an assembly reference?)
C:\gh\azure-sdk-for-net\sdk\securityinsights\Microsoft.Azure.Management.SecurityInsights\tests\Enrichment\EnrichmentTest.cs(32,10): error CS0246: The type or namespace name 'FactAttribute' could not be found (are you missing a using directive or an assembly reference?)
C:\gh\azure-sdk-for-net\sdk\securityinsights\Microsoft.Azure.Management.SecurityInsights\tests\Enrichment\EnrichmentTest.cs(32,10): error CS0246: The type or namespace name 'Fact' could not be found (are you missing a using directive or an assembly reference?)
C:\gh\azure-sdk-for-net\sdk\securityinsights\Microsoft.Azure.Management.SecurityInsights\tests\Incidents\IncidentRelationsTests.cs(106,10): error CS0246: The type or namespace name 'FactAttribute' could not be found (are you missing a using directive or an assembly reference?)
C:\gh\azure-sdk-for-net\sdk\securityinsights\Microsoft.Azure.Management.SecurityInsights\tests\Incidents\IncidentRelationsTests.cs(106,10): error CS0246: The type or namespace name 'Fact' could not be found (are you missing a using directive or an assembly reference?)
C:\gh\azure-sdk-for-net\sdk\securityinsights\Microsoft.Azure.Management.SecurityInsights\tests\Metadata\MetadataTests.cs(60,10): error CS0246: The type or namespace name 'FactAttribute' could not be found (are you missing a using directive or an assembly reference?)
C:\gh\azure-sdk-for-net\sdk\securityinsights\Microsoft.Azure.Management.SecurityInsights\tests\Metadata\MetadataTests.cs(60,10): error CS0246: The type or namespace name 'Fact' could not be found (are you missing a using directive or an assembly reference?)
C:\gh\azure-sdk-for-net\sdk\securityinsights\Microsoft.Azure.Management.SecurityInsights\tests\OnboardingStates\OnboardingStatesTests.cs(40,10): error CS0246: The type or namespace name 'FactAttribute' could not be found (are you missing a using directive or an assembly reference?)
C:\gh\azure-sdk-for-net\sdk\securityinsights\Microsoft.Azure.Management.SecurityInsights\tests\OnboardingStates\OnboardingStatesTests.cs(40,10): error CS0246: The type or namespace name 'Fact' could not be found (are you missing a using directive or an assembly reference?)
C:\gh\azure-sdk-for-net\sdk\securityinsights\Microsoft.Azure.Management.SecurityInsights\tests\Metadata\MetadataTests.cs(81,10): error CS0246: The type or namespace name 'FactAttribute' could not be found (are you missing a using directive or an assembly reference?)
C:\gh\azure-sdk-for-net\sdk\securityinsights\Microsoft.Azure.Management.SecurityInsights\tests\Metadata\MetadataTests.cs(81,10): error CS0246: The type or namespace name 'Fact' could not be found (are you missing a using directive or an assembly reference?)
C:\gh\azure-sdk-for-net\sdk\securityinsights\Microsoft.Azure.Management.SecurityInsights\tests\Incidents\IncidentRelationsTests.cs(145,10): error CS0246: The type or namespace name 'FactAttribute' could not be found (are you missing a using directive or an assembly reference?)
C:\gh\azure-sdk-for-net\sdk\securityinsights\Microsoft.Azure.Management.SecurityInsights\tests\Incidents\IncidentRelationsTests.cs(145,10): error CS0246: The type or namespace name 'Fact' could not be found (are you missing a using directive or an assembly reference?)
C:\gh\azure-sdk-for-net\sdk\securityinsights\Microsoft.Azure.Management.SecurityInsights\tests\Enrichment\EnrichmentTest.cs(43,10): error CS0246: The type or namespace name 'FactAttribute' could not be found (are you missing a using directive or an assembly reference?)
C:\gh\azure-sdk-for-net\sdk\securityinsights\Microsoft.Azure.Management.SecurityInsights\tests\Enrichment\EnrichmentTest.cs(43,10): error CS0246: The type or namespace name 'Fact' could not be found (are you missing a using directive or an assembly reference?)
C:\gh\azure-sdk-for-net\sdk\securityinsights\Microsoft.Azure.Management.SecurityInsights\tests\SourceControls\SourceControlsTests.cs(100,10): error CS0246: The type or namespace name 'FactAttribute' could not be found (are you missing a using directive or an assembly reference?)
C:\gh\azure-sdk-for-net\sdk\securityinsights\Microsoft.Azure.Management.SecurityInsights\tests\SourceControls\SourceControlsTests.cs(100,10): error CS0246: The type or namespace name 'Fact' could not be found (are you missing a using directive or an assembly reference?)
C:\gh\azure-sdk-for-net\sdk\securityinsights\Microsoft.Azure.Management.SecurityInsights\tests\OnboardingStates\OnboardingStatesTests.cs(55,10): error CS0246: The type or namespace name 'FactAttribute' could not be found (are you missing a using directive or an assembly reference?)
C:\gh\azure-sdk-for-net\sdk\securityinsights\Microsoft.Azure.Management.SecurityInsights\tests\OnboardingStates\OnboardingStatesTests.cs(55,10): error CS0246: The type or namespace name 'Fact' could not be found (are you missing a using directive or an assembly reference?)
C:\gh\azure-sdk-for-net\sdk\securityinsights\Microsoft.Azure.Management.SecurityInsights\tests\Watchlists\WatchlistsTests.cs(26,10): error CS0246: The type or namespace name 'FactAttribute' could not be found (are you missing a using directive or an assembly reference?)
C:\gh\azure-sdk-for-net\sdk\securityinsights\Microsoft.Azure.Management.SecurityInsights\tests\Watchlists\WatchlistsTests.cs(26,10): error CS0246: The type or namespace name 'Fact' could not be found (are you missing a using directive or an assembly reference?)
C:\gh\azure-sdk-for-net\sdk\securityinsights\Microsoft.Azure.Management.SecurityInsights\tests\Watchlists\WatchlistItemsTests.cs(26,10): error CS0246: The type or namespace name 'FactAttribute' could not be found (are you missing a using directive or an assembly reference?)
C:\gh\azure-sdk-for-net\sdk\securityinsights\Microsoft.Azure.Management.SecurityInsights\tests\Watchlists\WatchlistItemsTests.cs(26,10): error CS0246: The type or namespace name 'Fact' could not be found (are you missing a using directive or an assembly reference?)
C:\gh\azure-sdk-for-net\sdk\securityinsights\Microsoft.Azure.Management.SecurityInsights\tests\Incidents\IncidentsTests.cs(28,10): error CS0246: The type or namespace name 'FactAttribute' could not be found (are you missing a using directive or an assembly reference?)
C:\gh\azure-sdk-for-net\sdk\securityinsights\Microsoft.Azure.Management.SecurityInsights\tests\Incidents\IncidentsTests.cs(28,10): error CS0246: The type or namespace name 'Fact' could not be found (are you missing a using directive or an assembly reference?)
C:\gh\azure-sdk-for-net\sdk\securityinsights\Microsoft.Azure.Management.SecurityInsights\tests\OfficeConsents\OfficeConsentsTests.cs(27,10): error CS0246: The type or namespace name 'FactAttribute' could not be found (are you missing a using directive or an assembly reference?)
C:\gh\azure-sdk-for-net\sdk\securityinsights\Microsoft.Azure.Management.SecurityInsights\tests\OfficeConsents\OfficeConsentsTests.cs(27,10): error CS0246: The type or namespace name 'Fact' could not be found (are you missing a using directive or an assembly reference?)
C:\gh\azure-sdk-for-net\sdk\securityinsights\Microsoft.Azure.Management.SecurityInsights\tests\Bookmarks\BookmarksTests.cs(85,10): error CS0246: The type or namespace name 'FactAttribute' could not be found (are you missing a using directive or an assembly reference?)
C:\gh\azure-sdk-for-net\sdk\securityinsights\Microsoft.Azure.Management.SecurityInsights\tests\Bookmarks\BookmarksTests.cs(85,10): error CS0246: The type or namespace name 'Fact' could not be found (are you missing a using directive or an assembly reference?)
C:\gh\azure-sdk-for-net\sdk\securityinsights\Microsoft.Azure.Management.SecurityInsights\tests\Watchlists\WatchlistsTests.cs(51,10): error CS0246: The type or namespace name 'FactAttribute' could not be found (are you missing a using directive or an assembly reference?)
C:\gh\azure-sdk-for-net\sdk\securityinsights\Microsoft.Azure.Management.SecurityInsights\tests\Watchlists\WatchlistsTests.cs(51,10): error CS0246: The type or namespace name 'Fact' could not be found (are you missing a using directive or an assembly reference?)
C:\gh\azure-sdk-for-net\sdk\securityinsights\Microsoft.Azure.Management.SecurityInsights\tests\Watchlists\WatchlistItemsTests.cs(58,10): error CS0246: The type or namespace name 'FactAttribute' could not be found (are you missing a using directive or an assembly reference?)
C:\gh\azure-sdk-for-net\sdk\securityinsights\Microsoft.Azure.Management.SecurityInsights\tests\Watchlists\WatchlistItemsTests.cs(58,10): error CS0246: The type or namespace name 'Fact' could not be found (are you missing a using directive or an assembly reference?)
C:\gh\azure-sdk-for-net\sdk\securityinsights\Microsoft.Azure.Management.SecurityInsights\tests\Incidents\IncidentsTests.cs(51,10): error CS0246: The type or namespace name 'FactAttribute' could not be found (are you missing a using directive or an assembly reference?)
C:\gh\azure-sdk-for-net\sdk\securityinsights\Microsoft.Azure.Management.SecurityInsights\tests\Incidents\IncidentsTests.cs(51,10): error CS0246: The type or namespace name 'Fact' could not be found (are you missing a using directive or an assembly reference?)
C:\gh\azure-sdk-for-net\sdk\securityinsights\Microsoft.Azure.Management.SecurityInsights\tests\OfficeConsents\OfficeConsentsTests.cs(39,10): error CS0246: The type or namespace name 'FactAttribute' could not be found (are you missing a using directive or an assembly reference?)
C:\gh\azure-sdk-for-net\sdk\securityinsights\Microsoft.Azure.Management.SecurityInsights\tests\OfficeConsents\OfficeConsentsTests.cs(39,10): error CS0246: The type or namespace name 'Fact' could not be found (are you missing a using directive or an assembly reference?)
C:\gh\azure-sdk-for-net\sdk\securityinsights\Microsoft.Azure.Management.SecurityInsights\tests\ThreatIntelligence\ThreatIntelligenceTests.cs(97,10): error CS0246: The type or namespace name 'FactAttribute' could not be found (are you missing a using directive or an assembly reference?)
C:\gh\azure-sdk-for-net\sdk\securityinsights\Microsoft.Azure.Management.SecurityInsights\tests\ThreatIntelligence\ThreatIntelligenceTests.cs(97,10): error CS0246: The type or namespace name 'Fact' could not be found (are you missing a using directive or an assembly reference?)
C:\gh\azure-sdk-for-net\sdk\securityinsights\Microsoft.Azure.Management.SecurityInsights\tests\Settings\SettingsTests.cs(62,10): error CS0246: The type or namespace name 'FactAttribute' could not be found (are you missing a using directive or an assembly reference?)
C:\gh\azure-sdk-for-net\sdk\securityinsights\Microsoft.Azure.Management.SecurityInsights\tests\Settings\SettingsTests.cs(62,10): error CS0246: The type or namespace name 'Fact' could not be found (are you missing a using directive or an assembly reference?)
C:\gh\azure-sdk-for-net\sdk\securityinsights\Microsoft.Azure.Management.SecurityInsights\tests\Watchlists\WatchlistsTests.cs(73,10): error CS0246: The type or namespace name 'FactAttribute' could not be found (are you missing a using directive or an assembly reference?)
C:\gh\azure-sdk-for-net\sdk\securityinsights\Microsoft.Azure.Management.SecurityInsights\tests\Watchlists\WatchlistsTests.cs(73,10): error CS0246: The type or namespace name 'Fact' could not be found (are you missing a using directive or an assembly reference?)
C:\gh\azure-sdk-for-net\sdk\securityinsights\Microsoft.Azure.Management.SecurityInsights\tests\Watchlists\WatchlistItemsTests.cs(89,10): error CS0246: The type or namespace name 'FactAttribute' could not be found (are you missing a using directive or an assembly reference?)
C:\gh\azure-sdk-for-net\sdk\securityinsights\Microsoft.Azure.Management.SecurityInsights\tests\Watchlists\WatchlistItemsTests.cs(89,10): error CS0246: The type or namespace name 'Fact' could not be found (are you missing a using directive or an assembly reference?)
C:\gh\azure-sdk-for-net\sdk\securityinsights\Microsoft.Azure.Management.SecurityInsights\tests\OfficeConsents\OfficeConsentsTests.cs(53,10): error CS0246: The type or namespace name 'FactAttribute' could not be found (are you missing a using directive or an assembly reference?)
C:\gh\azure-sdk-for-net\sdk\securityinsights\Microsoft.Azure.Management.SecurityInsights\tests\OfficeConsents\OfficeConsentsTests.cs(53,10): error CS0246: The type or namespace name 'Fact' could not be found (are you missing a using directive or an assembly reference?)
C:\gh\azure-sdk-for-net\sdk\securityinsights\Microsoft.Azure.Management.SecurityInsights\tests\ThreatIntelligence\ThreatIntelligenceTests.cs(121,10): error CS0246: The type or namespace name 'FactAttribute' could not be found (are you missing a using directive or an assembly reference?)
C:\gh\azure-sdk-for-net\sdk\securityinsights\Microsoft.Azure.Management.SecurityInsights\tests\ThreatIntelligence\ThreatIntelligenceTests.cs(121,10): error CS0246: The type or namespace name 'Fact' could not be found (are you missing a using directive or an assembly reference?)
C:\gh\azure-sdk-for-net\sdk\securityinsights\Microsoft.Azure.Management.SecurityInsights\tests\Settings\SettingsTests.cs(85,10): error CS0246: The type or namespace name 'FactAttribute' could not be found (are you missing a using directive or an assembly reference?)
C:\gh\azure-sdk-for-net\sdk\securityinsights\Microsoft.Azure.Management.SecurityInsights\tests\Settings\SettingsTests.cs(85,10): error CS0246: The type or namespace name 'Fact' could not be found (are you missing a using directive or an assembly reference?)
C:\gh\azure-sdk-for-net\sdk\securityinsights\Microsoft.Azure.Management.SecurityInsights\tests\Watchlists\WatchlistsTests.cs(95,14): error CS0246: The type or namespace name 'FactAttribute' could not be found (are you missing a using directive or an assembly reference?)
C:\gh\azure-sdk-for-net\sdk\securityinsights\Microsoft.Azure.Management.SecurityInsights\tests\Watchlists\WatchlistsTests.cs(95,14): error CS0246: The type or namespace name 'Fact' could not be found (are you missing a using directive or an assembly reference?)
C:\gh\azure-sdk-for-net\sdk\securityinsights\Microsoft.Azure.Management.SecurityInsights\tests\Watchlists\WatchlistItemsTests.cs(120,14): error CS0246: The type or namespace name 'FactAttribute' could not be found (are you missing a using directive or an assembly reference?)
C:\gh\azure-sdk-for-net\sdk\securityinsights\Microsoft.Azure.Management.SecurityInsights\tests\Watchlists\WatchlistItemsTests.cs(120,14): error CS0246: The type or namespace name 'Fact' could not be found (are you missing a using directive or an assembly reference?)
C:\gh\azure-sdk-for-net\sdk\securityinsights\Microsoft.Azure.Management.SecurityInsights\tests\Incidents\IncidentsTests.cs(72,10): error CS0246: The type or namespace name 'FactAttribute' could not be found (are you missing a using directive or an assembly reference?)
C:\gh\azure-sdk-for-net\sdk\securityinsights\Microsoft.Azure.Management.SecurityInsights\tests\Incidents\IncidentsTests.cs(72,10): error CS0246: The type or namespace name 'Fact' could not be found (are you missing a using directive or an assembly reference?)
C:\gh\azure-sdk-for-net\sdk\securityinsights\Microsoft.Azure.Management.SecurityInsights\tests\ThreatIntelligence\ThreatIntelligenceTests.cs(152,10): error CS0246: The type or namespace name 'FactAttribute' could not be found (are you missing a using directive or an assembly reference?)
C:\gh\azure-sdk-for-net\sdk\securityinsights\Microsoft.Azure.Management.SecurityInsights\tests\ThreatIntelligence\ThreatIntelligenceTests.cs(152,10): error CS0246: The type or namespace name 'Fact' could not be found (are you missing a using directive or an assembly reference?)
C:\gh\azure-sdk-for-net\sdk\securityinsights\Microsoft.Azure.Management.SecurityInsights\tests\Incidents\IncidentsTests.cs(94,10): error CS0246: The type or namespace name 'FactAttribute' could not be found (are you missing a using directive or an assembly reference?)
C:\gh\azure-sdk-for-net\sdk\securityinsights\Microsoft.Azure.Management.SecurityInsights\tests\Incidents\IncidentsTests.cs(94,10): error CS0246: The type or namespace name 'Fact' could not be found (are you missing a using directive or an assembly reference?)
C:\gh\azure-sdk-for-net\sdk\securityinsights\Microsoft.Azure.Management.SecurityInsights\tests\ThreatIntelligence\ThreatIntelligenceTests.cs(178,10): error CS0246: The type or namespace name 'FactAttribute' could not be found (are you missing a using directive or an assembly reference?)
C:\gh\azure-sdk-for-net\sdk\securityinsights\Microsoft.Azure.Management.SecurityInsights\tests\ThreatIntelligence\ThreatIntelligenceTests.cs(178,10): error CS0246: The type or namespace name 'Fact' could not be found (are you missing a using directive or an assembly reference?)
C:\gh\azure-sdk-for-net\sdk\securityinsights\Microsoft.Azure.Management.SecurityInsights\tests\Incidents\IncidentsTests.cs(113,10): error CS0246: The type or namespace name 'FactAttribute' could not be found (are you missing a using directive or an assembly reference?)
C:\gh\azure-sdk-for-net\sdk\securityinsights\Microsoft.Azure.Management.SecurityInsights\tests\Incidents\IncidentsTests.cs(113,10): error CS0246: The type or namespace name 'Fact' could not be found (are you missing a using directive or an assembly reference?)
C:\gh\azure-sdk-for-net\sdk\securityinsights\Microsoft.Azure.Management.SecurityInsights\tests\ThreatIntelligence\ThreatIntelligenceTests.cs(210,10): error CS0246: The type or namespace name 'FactAttribute' could not be found (are you missing a using directive or an assembly reference?)
C:\gh\azure-sdk-for-net\sdk\securityinsights\Microsoft.Azure.Management.SecurityInsights\tests\ThreatIntelligence\ThreatIntelligenceTests.cs(210,10): error CS0246: The type or namespace name 'Fact' could not be found (are you missing a using directive or an assembly reference?)
C:\gh\azure-sdk-for-net\sdk\securityinsights\Microsoft.Azure.Management.SecurityInsights\tests\Incidents\IncidentsTests.cs(135,10): error CS0246: The type or namespace name 'FactAttribute' could not be found (are you missing a using directive or an assembly reference?)
C:\gh\azure-sdk-for-net\sdk\securityinsights\Microsoft.Azure.Management.SecurityInsights\tests\Incidents\IncidentsTests.cs(135,10): error CS0246: The type or namespace name 'Fact' could not be found (are you missing a using directive or an assembly reference?)
C:\gh\azure-sdk-for-net\sdk\securityinsights\Microsoft.Azure.Management.SecurityInsights\tests\Incidents\IncidentsTests.cs(157,10): error CS0246: The type or namespace name 'FactAttribute' could not be found (are you missing a using directive or an assembly reference?)
C:\gh\azure-sdk-for-net\sdk\securityinsights\Microsoft.Azure.Management.SecurityInsights\tests\Incidents\IncidentsTests.cs(157,10): error CS0246: The type or namespace name 'Fact' could not be found (are you missing a using directive or an assembly reference?)
C:\gh\azure-sdk-for-net\sdk\securityinsights\Microsoft.Azure.Management.SecurityInsights\tests\DataConnectors\DataConnectorsTests.cs(28,10): error CS0246: The type or namespace name 'FactAttribute' could not be found (are you missing a using directive or an assembly reference?)
C:\gh\azure-sdk-for-net\sdk\securityinsights\Microsoft.Azure.Management.SecurityInsights\tests\DataConnectors\DataConnectorsTests.cs(28,10): error CS0246: The type or namespace name 'Fact' could not be found (are you missing a using directive or an assembly reference?)
C:\gh\azure-sdk-for-net\sdk\securityinsights\Microsoft.Azure.Management.SecurityInsights\tests\DataConnectors\DataConnectorsTests.cs(50,10): error CS0246: The type or namespace name 'FactAttribute' could not be found (are you missing a using directive or an assembly reference?)
C:\gh\azure-sdk-for-net\sdk\securityinsights\Microsoft.Azure.Management.SecurityInsights\tests\DataConnectors\DataConnectorsTests.cs(50,10): error CS0246: The type or namespace name 'Fact' could not be found (are you missing a using directive or an assembly reference?)
C:\gh\azure-sdk-for-net\sdk\securityinsights\Microsoft.Azure.Management.SecurityInsights\tests\DataConnectors\DataConnectorsTests.cs(71,10): error CS0246: The type or namespace name 'FactAttribute' could not be found (are you missing a using directive or an assembly reference?)
C:\gh\azure-sdk-for-net\sdk\securityinsights\Microsoft.Azure.Management.SecurityInsights\tests\DataConnectors\DataConnectorsTests.cs(71,10): error CS0246: The type or namespace name 'Fact' could not be found (are you missing a using directive or an assembly reference?)
C:\gh\azure-sdk-for-net\sdk\securityinsights\Microsoft.Azure.Management.SecurityInsights\tests\DataConnectors\DataConnectorsTests.cs(93,10): error CS0246: The type or namespace name 'FactAttribute' could not be found (are you missing a using directive or an assembly reference?)
C:\gh\azure-sdk-for-net\sdk\securityinsights\Microsoft.Azure.Management.SecurityInsights\tests\DataConnectors\DataConnectorsTests.cs(93,10): error CS0246: The type or namespace name 'Fact' could not be found (are you missing a using directive or an assembly reference?)
C:\gh\azure-sdk-for-net\sdk\securityinsights\Microsoft.Azure.Management.SecurityInsights\tests\DataConnectors\DataConnectorsTests.cs(112,10): error CS0246: The type or namespace name 'FactAttribute' could not be found (are you missing a using directive or an assembly reference?)
C:\gh\azure-sdk-for-net\sdk\securityinsights\Microsoft.Azure.Management.SecurityInsights\tests\DataConnectors\DataConnectorsTests.cs(112,10): error CS0246: The type or namespace name 'Fact' could not be found (are you missing a using directive or an assembly reference?)
C:\gh\azure-sdk-for-net\sdk\securityinsights\Microsoft.Azure.Management.SecurityInsights\tests\AlertRules\AlertRulesTests.cs(34,34): error CS0012: The type 'IPage<>' is defined in an assembly that is not referenced. You must add a reference to assembly 'Microsoft.Rest.ClientRuntime.Azure, Version=3.0.0.0, Culture=neutral, PublicKeyToken=31bf3856ad364e35'.
C:\gh\azure-sdk-for-net\sdk\securityinsights\Microsoft.Azure.Management.SecurityInsights\tests\AlertRules\ActionsTests.cs(48,31): error CS0012: The type 'IPage<>' is defined in an assembly that is not referenced. You must add a reference to assembly 'Microsoft.Rest.ClientRuntime.Azure, Version=3.0.0.0, Culture=neutral, PublicKeyToken=31bf3856ad364e35'.
C:\gh\azure-sdk-for-net\sdk\securityinsights\Microsoft.Azure.Management.SecurityInsights\tests\AutomationRules\AutomationRules.cs(33,39): error CS0012: The type 'IPage<>' is defined in an assembly that is not referenced. You must add a reference to assembly 'Microsoft.Rest.ClientRuntime.Azure, Version=3.0.0.0, Culture=neutral, PublicKeyToken=31bf3856ad364e35'.
C:\gh\azure-sdk-for-net\sdk\securityinsights\Microsoft.Azure.Management.SecurityInsights\tests\AlertRules\AlertRuleTemplates.cs(34,42): error CS0012: The type 'IPage<>' is defined in an assembly that is not referenced. You must add a reference to assembly 'Microsoft.Rest.ClientRuntime.Azure, Version=3.0.0.0, Culture=neutral, PublicKeyToken=31bf3856ad364e35'.
C:\gh\azure-sdk-for-net\sdk\securityinsights\Microsoft.Azure.Management.SecurityInsights\tests\Bookmarks\BookmarksTests.cs(35,33): error CS0012: The type 'IPage<>' is defined in an assembly that is not referenced. You must add a reference to assembly 'Microsoft.Rest.ClientRuntime.Azure, Version=3.0.0.0, Culture=neutral, PublicKeyToken=31bf3856ad364e35'.
C:\gh\azure-sdk-for-net\sdk\securityinsights\Microsoft.Azure.Management.SecurityInsights\tests\DataConnectors\DataConnectorsTests.cs(44,38): error CS0012: The type 'IPage<>' is defined in an assembly that is not referenced. You must add a reference to assembly 'Microsoft.Rest.ClientRuntime.Azure, Version=3.0.0.0, Culture=neutral, PublicKeyToken=31bf3856ad364e35'.
C:\gh\azure-sdk-for-net\sdk\securityinsights\Microsoft.Azure.Management.SecurityInsights\tests\AlertRules\AlertRuleTemplates.cs(46,42): error CS0012: The type 'IPage<>' is defined in an assembly that is not referenced. You must add a reference to assembly 'Microsoft.Rest.ClientRuntime.Azure, Version=3.0.0.0, Culture=neutral, PublicKeyToken=31bf3856ad364e35'.
C:\gh\azure-sdk-for-net\sdk\securityinsights\Microsoft.Azure.Management.SecurityInsights\tests\AlertRules\AlertRuleTemplates.cs(59,13): error CS0103: The name 'Assert' does not exist in the current context
C:\gh\azure-sdk-for-net\sdk\securityinsights\Microsoft.Azure.Management.SecurityInsights\tests\AlertRules\AlertRuleTemplates.cs(66,13): error CS0103: The name 'Assert' does not exist in the current context
C:\gh\azure-sdk-for-net\sdk\securityinsights\Microsoft.Azure.Management.SecurityInsights\tests\AlertRules\AlertRulesTests.cs(106,17): error CS0103: The name 'Assert' does not exist in the current context
C:\gh\azure-sdk-for-net\sdk\securityinsights\Microsoft.Azure.Management.SecurityInsights\tests\AlertRules\AlertRulesTests.cs(113,17): error CS0103: The name 'Assert' does not exist in the current context
C:\gh\azure-sdk-for-net\sdk\securityinsights\Microsoft.Azure.Management.SecurityInsights\tests\Enrichment\EnrichmentTest.cs(60,13): error CS0103: The name 'Assert' does not exist in the current context
C:\gh\azure-sdk-for-net\sdk\securityinsights\Microsoft.Azure.Management.SecurityInsights\tests\Enrichment\EnrichmentTest.cs(65,13): error CS0103: The name 'Assert' does not exist in the current context
C:\gh\azure-sdk-for-net\sdk\securityinsights\Microsoft.Azure.Management.SecurityInsights\tests\Bookmarks\BookmarksTests.cs(111,13): error CS0103: The name 'Assert' does not exist in the current context
C:\gh\azure-sdk-for-net\sdk\securityinsights\Microsoft.Azure.Management.SecurityInsights\tests\Bookmarks\BookmarksTests.cs(118,13): error CS0103: The name 'Assert' does not exist in the current context
C:\gh\azure-sdk-for-net\sdk\securityinsights\Microsoft.Azure.Management.SecurityInsights\tests\EntityQueries\EntityQueryTemplatesTests.cs(35,44): error CS0012: The type 'IPage<>' is defined in an assembly that is not referenced. You must add a reference to assembly 'Microsoft.Rest.ClientRuntime.Azure, Version=3.0.0.0, Culture=neutral, PublicKeyToken=31bf3856ad364e35'.
C:\gh\azure-sdk-for-net\sdk\securityinsights\Microsoft.Azure.Management.SecurityInsights\tests\Bookmarks\BookmarksTests.cs(123,13): error CS0103: The name 'Assert' does not exist in the current context
C:\gh\azure-sdk-for-net\sdk\securityinsights\Microsoft.Azure.Management.SecurityInsights\tests\AutomationRules\AutomationRules.cs(161,13): error CS0103: The name 'Assert' does not exist in the current context
C:\gh\azure-sdk-for-net\sdk\securityinsights\Microsoft.Azure.Management.SecurityInsights\tests\AutomationRules\AutomationRules.cs(168,13): error CS0103: The name 'Assert' does not exist in the current context
C:\gh\azure-sdk-for-net\sdk\securityinsights\Microsoft.Azure.Management.SecurityInsights\tests\EntityQueries\EntityQueriesTests.cs(64,37): error CS0012: The type 'IPage<>' is defined in an assembly that is not referenced. You must add a reference to assembly 'Microsoft.Rest.ClientRuntime.Azure, Version=3.0.0.0, Culture=neutral, PublicKeyToken=31bf3856ad364e35'.
C:\gh\azure-sdk-for-net\sdk\securityinsights\Microsoft.Azure.Management.SecurityInsights\tests\Incidents\IncidentsTests.cs(45,33): error CS0012: The type 'IPage<>' is defined in an assembly that is not referenced. You must add a reference to assembly 'Microsoft.Rest.ClientRuntime.Azure, Version=3.0.0.0, Culture=neutral, PublicKeyToken=31bf3856ad364e35'.
C:\gh\azure-sdk-for-net\sdk\securityinsights\Microsoft.Azure.Management.SecurityInsights\tests\Incidents\IncidentCommentsTests.cs(45,40): error CS0012: The type 'IPage<>' is defined in an assembly that is not referenced. You must add a reference to assembly 'Microsoft.Rest.ClientRuntime.Azure, Version=3.0.0.0, Culture=neutral, PublicKeyToken=31bf3856ad364e35'.
C:\gh\azure-sdk-for-net\sdk\securityinsights\Microsoft.Azure.Management.SecurityInsights\tests\OfficeConsents\OfficeConsentsTests.cs(34,38): error CS0012: The type 'IPage<>' is defined in an assembly that is not referenced. You must add a reference to assembly 'Microsoft.Rest.ClientRuntime.Azure, Version=3.0.0.0, Culture=neutral, PublicKeyToken=31bf3856ad364e35'.
C:\gh\azure-sdk-for-net\sdk\securityinsights\Microsoft.Azure.Management.SecurityInsights\tests\OfficeConsents\OfficeConsentsTests.cs(46,38): error CS0012: The type 'IPage<>' is defined in an assembly that is not referenced. You must add a reference to assembly 'Microsoft.Rest.ClientRuntime.Azure, Version=3.0.0.0, Culture=neutral, PublicKeyToken=31bf3856ad364e35'.
C:\gh\azure-sdk-for-net\sdk\securityinsights\Microsoft.Azure.Management.SecurityInsights\tests\Incidents\IncidentRelationsTests.cs(59,41): error CS0012: The type 'IPage<>' is defined in an assembly that is not referenced. You must add a reference to assembly 'Microsoft.Rest.ClientRuntime.Azure, Version=3.0.0.0, Culture=neutral, PublicKeyToken=31bf3856ad364e35'.
C:\gh\azure-sdk-for-net\sdk\securityinsights\Microsoft.Azure.Management.SecurityInsights\tests\OfficeConsents\OfficeConsentsTests.cs(60,38): error CS0012: The type 'IPage<>' is defined in an assembly that is not referenced. You must add a reference to assembly 'Microsoft.Rest.ClientRuntime.Azure, Version=3.0.0.0, Culture=neutral, PublicKeyToken=31bf3856ad364e35'.
C:\gh\azure-sdk-for-net\sdk\securityinsights\Microsoft.Azure.Management.SecurityInsights\tests\OfficeConsents\OfficeConsentsTests.cs(73,13): error CS0103: The name 'Assert' does not exist in the current context
C:\gh\azure-sdk-for-net\sdk\securityinsights\Microsoft.Azure.Management.SecurityInsights\tests\OfficeConsents\OfficeConsentsTests.cs(80,13): error CS0103: The name 'Assert' does not exist in the current context
C:\gh\azure-sdk-for-net\sdk\securityinsights\Microsoft.Azure.Management.SecurityInsights\tests\Incidents\IncidentCommentsTests.cs(104,13): error CS0103: The name 'Assert' does not exist in the current context
C:\gh\azure-sdk-for-net\sdk\securityinsights\Microsoft.Azure.Management.SecurityInsights\tests\Metadata\MetadataTests.cs(33,33): error CS0012: The type 'IPage<>' is defined in an assembly that is not referenced. You must add a reference to assembly 'Microsoft.Rest.ClientRuntime.Azure, Version=3.0.0.0, Culture=neutral, PublicKeyToken=31bf3856ad364e35'.
C:\gh\azure-sdk-for-net\sdk\securityinsights\Microsoft.Azure.Management.SecurityInsights\tests\Incidents\IncidentCommentsTests.cs(111,13): error CS0103: The name 'Assert' does not exist in the current context
C:\gh\azure-sdk-for-net\sdk\securityinsights\Microsoft.Azure.Management.SecurityInsights\tests\Operations\OperationsTests.cs(34,34): error CS0012: The type 'IPage<>' is defined in an assembly that is not referenced. You must add a reference to assembly 'Microsoft.Rest.ClientRuntime.Azure, Version=3.0.0.0, Culture=neutral, PublicKeyToken=31bf3856ad364e35'.
C:\gh\azure-sdk-for-net\sdk\securityinsights\Microsoft.Azure.Management.SecurityInsights\tests\EntityQueries\EntityQueriesTests.cs(190,13): error CS0103: The name 'Assert' does not exist in the current context
C:\gh\azure-sdk-for-net\sdk\securityinsights\Microsoft.Azure.Management.SecurityInsights\tests\EntityQueries\EntityQueriesTests.cs(197,13): error CS0103: The name 'Assert' does not exist in the current context
C:\gh\azure-sdk-for-net\sdk\securityinsights\Microsoft.Azure.Management.SecurityInsights\tests\Operations\OperationsTests.cs(45,13): error CS0103: The name 'Assert' does not exist in the current context
C:\gh\azure-sdk-for-net\sdk\securityinsights\Microsoft.Azure.Management.SecurityInsights\tests\Operations\OperationsTests.cs(52,13): error CS0103: The name 'Assert' does not exist in the current context
C:\gh\azure-sdk-for-net\sdk\securityinsights\Microsoft.Azure.Management.SecurityInsights\tests\Settings\SettingsTests.cs(35,32): error CS0012: The type 'IPage<>' is defined in an assembly that is not referenced. You must add a reference to assembly 'Microsoft.Rest.ClientRuntime.Azure, Version=3.0.0.0, Culture=neutral, PublicKeyToken=31bf3856ad364e35'.
C:\gh\azure-sdk-for-net\sdk\securityinsights\Microsoft.Azure.Management.SecurityInsights\tests\SourceControls\RepositoriesTests.cs(47,13): error CS0103: The name 'Assert' does not exist in the current context
C:\gh\azure-sdk-for-net\sdk\securityinsights\Microsoft.Azure.Management.SecurityInsights\tests\SourceControls\RepositoriesTests.cs(54,13): error CS0103: The name 'Assert' does not exist in the current context
C:\gh\azure-sdk-for-net\sdk\securityinsights\Microsoft.Azure.Management.SecurityInsights\tests\Incidents\IncidentsTests.cs(185,13): error CS0103: The name 'Assert' does not exist in the current context
C:\gh\azure-sdk-for-net\sdk\securityinsights\Microsoft.Azure.Management.SecurityInsights\tests\DataConnectors\DataConnectorsTests.cs(134,13): error CS0103: The name 'Assert' does not exist in the current context
C:\gh\azure-sdk-for-net\sdk\securityinsights\Microsoft.Azure.Management.SecurityInsights\tests\Incidents\IncidentsTests.cs(192,13): error CS0103: The name 'Assert' does not exist in the current context
C:\gh\azure-sdk-for-net\sdk\securityinsights\Microsoft.Azure.Management.SecurityInsights\tests\DataConnectors\DataConnectorsTests.cs(141,13): error CS0103: The name 'Assert' does not exist in the current context
C:\gh\azure-sdk-for-net\sdk\securityinsights\Microsoft.Azure.Management.SecurityInsights\tests\Incidents\IncidentsTests.cs(197,13): error CS0103: The name 'Assert' does not exist in the current context
C:\gh\azure-sdk-for-net\sdk\securityinsights\Microsoft.Azure.Management.SecurityInsights\tests\DataConnectors\DataConnectorsTests.cs(146,13): error CS0103: The name 'Assert' does not exist in the current context
C:\gh\azure-sdk-for-net\sdk\securityinsights\Microsoft.Azure.Management.SecurityInsights\tests\SourceControls\SourceControlsTests.cs(35,38): error CS0012: The type 'IPage<>' is defined in an assembly that is not referenced. You must add a reference to assembly 'Microsoft.Rest.ClientRuntime.Azure, Version=3.0.0.0, Culture=neutral, PublicKeyToken=31bf3856ad364e35'.
C:\gh\azure-sdk-for-net\sdk\securityinsights\Microsoft.Azure.Management.SecurityInsights\tests\Incidents\IncidentsTests.cs(202,13): error CS0103: The name 'Assert' does not exist in the current context
C:\gh\azure-sdk-for-net\sdk\securityinsights\Microsoft.Azure.Management.SecurityInsights\tests\Incidents\IncidentsTests.cs(207,13): error CS0103: The name 'Assert' does not exist in the current context
C:\gh\azure-sdk-for-net\sdk\securityinsights\Microsoft.Azure.Management.SecurityInsights\tests\Incidents\IncidentsTests.cs(212,13): error CS0103: The name 'Assert' does not exist in the current context
C:\gh\azure-sdk-for-net\sdk\securityinsights\Microsoft.Azure.Management.SecurityInsights\tests\AlertRules\ActionsTests.cs(147,13): error CS0103: The name 'Assert' does not exist in the current context
C:\gh\azure-sdk-for-net\sdk\securityinsights\Microsoft.Azure.Management.SecurityInsights\tests\AlertRules\ActionsTests.cs(154,13): error CS0103: The name 'Assert' does not exist in the current context
C:\gh\azure-sdk-for-net\sdk\securityinsights\Microsoft.Azure.Management.SecurityInsights\tests\ThreatIntelligence\ThreatIntelligenceTests.cs(35,43): error CS0012: The type 'IPage<>' is defined in an assembly that is not referenced. You must add a reference to assembly 'Microsoft.Rest.ClientRuntime.Azure, Version=3.0.0.0, Culture=neutral, PublicKeyToken=31bf3856ad364e35'.
C:\gh\azure-sdk-for-net\sdk\securityinsights\Microsoft.Azure.Management.SecurityInsights\tests\Incidents\IncidentRelationsTests.cs(186,13): error CS0103: The name 'Assert' does not exist in the current context
C:\gh\azure-sdk-for-net\sdk\securityinsights\Microsoft.Azure.Management.SecurityInsights\tests\Incidents\IncidentRelationsTests.cs(193,13): error CS0103: The name 'Assert' does not exist in the current context
C:\gh\azure-sdk-for-net\sdk\securityinsights\Microsoft.Azure.Management.SecurityInsights\tests\SourceControls\SourceControlsTests.cs(63,38): error CS0012: The type 'IPage<>' is defined in an assembly that is not referenced. You must add a reference to assembly 'Microsoft.Rest.ClientRuntime.Azure, Version=3.0.0.0, Culture=neutral, PublicKeyToken=31bf3856ad364e35'.
C:\gh\azure-sdk-for-net\sdk\securityinsights\Microsoft.Azure.Management.SecurityInsights\tests\Settings\SettingsTests.cs(111,13): error CS0103: The name 'Assert' does not exist in the current context
C:\gh\azure-sdk-for-net\sdk\securityinsights\Microsoft.Azure.Management.SecurityInsights\tests\Settings\SettingsTests.cs(118,13): error CS0103: The name 'Assert' does not exist in the current context
C:\gh\azure-sdk-for-net\sdk\securityinsights\Microsoft.Azure.Management.SecurityInsights\tests\Watchlists\WatchlistItemsTests.cs(52,38): error CS0012: The type 'IPage<>' is defined in an assembly that is not referenced. You must add a reference to assembly 'Microsoft.Rest.ClientRuntime.Azure, Version=3.0.0.0, Culture=neutral, PublicKeyToken=31bf3856ad364e35'.
C:\gh\azure-sdk-for-net\sdk\securityinsights\Microsoft.Azure.Management.SecurityInsights\tests\SourceControls\SourceControlsTests.cs(91,38): error CS0012: The type 'IPage<>' is defined in an assembly that is not referenced. You must add a reference to assembly 'Microsoft.Rest.ClientRuntime.Azure, Version=3.0.0.0, Culture=neutral, PublicKeyToken=31bf3856ad364e35'.
C:\gh\azure-sdk-for-net\sdk\securityinsights\Microsoft.Azure.Management.SecurityInsights\tests\Metadata\MetadataTests.cs(106,13): error CS0103: The name 'Assert' does not exist in the current context
C:\gh\azure-sdk-for-net\sdk\securityinsights\Microsoft.Azure.Management.SecurityInsights\tests\Metadata\MetadataTests.cs(113,13): error CS0103: The name 'Assert' does not exist in the current context
C:\gh\azure-sdk-for-net\sdk\securityinsights\Microsoft.Azure.Management.SecurityInsights\tests\OnboardingStates\OnboardingStatesTests.cs(35,40): error CS0012: The type 'IPage<>' is defined in an assembly that is not referenced. You must add a reference to assembly 'Microsoft.Rest.ClientRuntime.Azure, Version=3.0.0.0, Culture=neutral, PublicKeyToken=31bf3856ad364e35'.
C:\gh\azure-sdk-for-net\sdk\securityinsights\Microsoft.Azure.Management.SecurityInsights\tests\Bookmarks\BookmarkRelationsTests.cs(186,13): error CS0103: The name 'Assert' does not exist in the current context
C:\gh\azure-sdk-for-net\sdk\securityinsights\Microsoft.Azure.Management.SecurityInsights\tests\Bookmarks\BookmarkRelationsTests.cs(193,13): error CS0103: The name 'Assert' does not exist in the current context
C:\gh\azure-sdk-for-net\sdk\securityinsights\Microsoft.Azure.Management.SecurityInsights\tests\SourceControls\SourceControlsTests.cs(122,38): error CS0012: The type 'IPage<>' is defined in an assembly that is not referenced. You must add a reference to assembly 'Microsoft.Rest.ClientRuntime.Azure, Version=3.0.0.0, Culture=neutral, PublicKeyToken=31bf3856ad364e35'.
C:\gh\azure-sdk-for-net\sdk\securityinsights\Microsoft.Azure.Management.SecurityInsights\tests\SourceControls\SourceControlsTests.cs(134,13): error CS0103: The name 'Assert' does not exist in the current context
C:\gh\azure-sdk-for-net\sdk\securityinsights\Microsoft.Azure.Management.SecurityInsights\tests\SourceControls\SourceControlsTests.cs(141,13): error CS0103: The name 'Assert' does not exist in the current context
C:\gh\azure-sdk-for-net\sdk\securityinsights\Microsoft.Azure.Management.SecurityInsights\tests\EntityQueries\EntityQueryTemplatesTests.cs(47,44): error CS0012: The type 'IPage<>' is defined in an assembly that is not referenced. You must add a reference to assembly 'Microsoft.Rest.ClientRuntime.Azure, Version=3.0.0.0, Culture=neutral, PublicKeyToken=31bf3856ad364e35'.
C:\gh\azure-sdk-for-net\sdk\securityinsights\Microsoft.Azure.Management.SecurityInsights\tests\EntityQueries\EntityQueryTemplatesTests.cs(59,13): error CS0103: The name 'Assert' does not exist in the current context
C:\gh\azure-sdk-for-net\sdk\securityinsights\Microsoft.Azure.Management.SecurityInsights\tests\EntityQueries\EntityQueryTemplatesTests.cs(66,13): error CS0103: The name 'Assert' does not exist in the current context
C:\gh\azure-sdk-for-net\sdk\securityinsights\Microsoft.Azure.Management.SecurityInsights\tests\Watchlists\WatchlistsTests.cs(44,34): error CS0012: The type 'IPage<>' is defined in an assembly that is not referenced. You must add a reference to assembly 'Microsoft.Rest.ClientRuntime.Azure, Version=3.0.0.0, Culture=neutral, PublicKeyToken=31bf3856ad364e35'.
C:\gh\azure-sdk-for-net\sdk\securityinsights\Microsoft.Azure.Management.SecurityInsights\tests\OnboardingStates\OnboardingStatesTests.cs(77,13): error CS0103: The name 'Assert' does not exist in the current context
C:\gh\azure-sdk-for-net\sdk\securityinsights\Microsoft.Azure.Management.SecurityInsights\tests\ThreatIntelligence\ThreatIntelligenceTests.cs(146,43): error CS0012: The type 'IPage<>' is defined in an assembly that is not referenced. You must add a reference to assembly 'Microsoft.Rest.ClientRuntime.Azure, Version=3.0.0.0, Culture=neutral, PublicKeyToken=31bf3856ad364e35'.
C:\gh\azure-sdk-for-net\sdk\securityinsights\Microsoft.Azure.Management.SecurityInsights\tests\OnboardingStates\OnboardingStatesTests.cs(84,13): error CS0103: The name 'Assert' does not exist in the current context
C:\gh\azure-sdk-for-net\sdk\securityinsights\Microsoft.Azure.Management.SecurityInsights\tests\ThreatIntelligence\ThreatIntelligenceTests.cs(172,49): error CS0012: The type 'IPage<>' is defined in an assembly that is not referenced. You must add a reference to assembly 'Microsoft.Rest.ClientRuntime.Azure, Version=3.0.0.0, Culture=neutral, PublicKeyToken=31bf3856ad364e35'.
C:\gh\azure-sdk-for-net\sdk\securityinsights\Microsoft.Azure.Management.SecurityInsights\tests\Watchlists\WatchlistItemsTests.cs(155,17): error CS0103: The name 'Assert' does not exist in the current context
C:\gh\azure-sdk-for-net\sdk\securityinsights\Microsoft.Azure.Management.SecurityInsights\tests\Watchlists\WatchlistItemsTests.cs(162,17): error CS0103: The name 'Assert' does not exist in the current context
C:\gh\azure-sdk-for-net\sdk\securityinsights\Microsoft.Azure.Management.SecurityInsights\tests\ThreatIntelligence\ThreatIntelligenceTests.cs(248,13): error CS0103: The name 'Assert' does not exist in the current context
C:\gh\azure-sdk-for-net\sdk\securityinsights\Microsoft.Azure.Management.SecurityInsights\tests\ThreatIntelligence\ThreatIntelligenceTests.cs(255,13): error CS0103: The name 'Assert' does not exist in the current context
C:\gh\azure-sdk-for-net\sdk\securityinsights\Microsoft.Azure.Management.SecurityInsights\tests\ThreatIntelligence\ThreatIntelligenceTests.cs(260,13): error CS0103: The name 'Assert' does not exist in the current context
C:\gh\azure-sdk-for-net\sdk\securityinsights\Microsoft.Azure.Management.SecurityInsights\tests\ThreatIntelligence\ThreatIntelligenceTests.cs(267,13): error CS0103: The name 'Assert' does not exist in the current context
C:\gh\azure-sdk-for-net\sdk\securityinsights\Microsoft.Azure.Management.SecurityInsights\tests\Watchlists\WatchlistsTests.cs(121,17): error CS0103: The name 'Assert' does not exist in the current context
C:\gh\azure-sdk-for-net\sdk\securityinsights\Microsoft.Azure.Management.SecurityInsights\tests\Watchlists\WatchlistsTests.cs(128,17): error CS0103: The name 'Assert' does not exist in the current context
C:\gh\azure-sdk-for-net\eng\mgmt\DisableTestRunParallel.cs(4,1): hidden CS8019: Unnecessary using directive.
C:\gh\azure-sdk-for-net\sdk\securityinsights\Microsoft.Azure.Management.SecurityInsights\tests\SourceControls\SourceControlsTests.cs(9,1): hidden CS8019: Unnecessary using directive.
C:\gh\azure-sdk-for-net\sdk\securityinsights\Microsoft.Azure.Management.SecurityInsights\tests\AlertRules\AlertRuleTemplates.cs(7,1): hidden CS8019: Unnecessary using directive.
C:\gh\azure-sdk-for-net\sdk\securityinsights\Microsoft.Azure.Management.SecurityInsights\tests\Enrichment\EnrichmentTest.cs(8,1): hidden CS8019: Unnecessary using directive.
C:\gh\azure-sdk-for-net\sdk\securityinsights\Microsoft.Azure.Management.SecurityInsights\tests\Enrichment\EnrichmentTest.cs(15,1): hidden CS8019: Unnecessary using directive.
C:\gh\azure-sdk-for-net\sdk\securityinsights\Microsoft.Azure.Management.SecurityInsights\tests\Entities\EntitiesTests.cs(2,1): hidden CS8019: Unnecessary using directive.
C:\gh\azure-sdk-for-net\sdk\securityinsights\Microsoft.Azure.Management.SecurityInsights\tests\Incidents\IncidentCommentsTests.cs(7,1): hidden CS8019: Unnecessary using directive.
C:\gh\azure-sdk-for-net\sdk\securityinsights\Microsoft.Azure.Management.SecurityInsights\tests\Incidents\IncidentCommentsTests.cs(14,1): hidden CS8019: Unnecessary using directive.
C:\gh\azure-sdk-for-net\sdk\securityinsights\Microsoft.Azure.Management.SecurityInsights\tests\Entities\EntitiesTests.cs(9,1): hidden CS8019: Unnecessary using directive.
C:\gh\azure-sdk-for-net\sdk\securityinsights\Microsoft.Azure.Management.SecurityInsights\tests\OnboardingStates\OnboardingStatesTests.cs(4,1): hidden CS8019: Unnecessary using directive.
C:\gh\azure-sdk-for-net\sdk\securityinsights\Microsoft.Azure.Management.SecurityInsights\tests\EntityQueries\EntityQueriesTests.cs(7,1): hidden CS8019: Unnecessary using directive.
C:\gh\azure-sdk-for-net\sdk\securityinsights\Microsoft.Azure.Management.SecurityInsights\tests\OnboardingStates\OnboardingStatesTests.cs(6,1): hidden CS8019: Unnecessary using directive.
C:\gh\azure-sdk-for-net\sdk\securityinsights\Microsoft.Azure.Management.SecurityInsights\tests\Helpers\TestHelper.cs(3,1): hidden CS8019: Unnecessary using directive.
C:\gh\azure-sdk-for-net\sdk\securityinsights\Microsoft.Azure.Management.SecurityInsights\tests\Incidents\IncidentsTests.cs(8,1): hidden CS8019: Unnecessary using directive.
C:\gh\azure-sdk-for-net\sdk\securityinsights\Microsoft.Azure.Management.SecurityInsights\tests\EntityQueries\EntityQueriesTests.cs(8,1): hidden CS8019: Unnecessary using directive.
C:\gh\azure-sdk-for-net\sdk\securityinsights\Microsoft.Azure.Management.SecurityInsights\tests\OnboardingStates\OnboardingStatesTests.cs(7,1): hidden CS8019: Unnecessary using directive.
C:\gh\azure-sdk-for-net\sdk\securityinsights\Microsoft.Azure.Management.SecurityInsights\tests\OfficeConsents\OfficeConsentsTests.cs(5,1): hidden CS8019: Unnecessary using directive.
C:\gh\azure-sdk-for-net\sdk\securityinsights\Microsoft.Azure.Management.SecurityInsights\tests\Bookmarks\BookmarkRelationsTests.cs(11,1): hidden CS8019: Unnecessary using directive.
C:\gh\azure-sdk-for-net\sdk\securityinsights\Microsoft.Azure.Management.SecurityInsights\tests\Incidents\IncidentRelationsTests.cs(6,1): hidden CS8019: Unnecessary using directive.
C:\gh\azure-sdk-for-net\sdk\securityinsights\Microsoft.Azure.Management.SecurityInsights\tests\SourceControls\SourceControlsTests.cs(8,1): hidden CS8019: Unnecessary using directive.
C:\gh\azure-sdk-for-net\sdk\securityinsights\Microsoft.Azure.Management.SecurityInsights\tests\Incidents\IncidentRelationsTests.cs(7,1): hidden CS8019: Unnecessary using directive.
C:\gh\azure-sdk-for-net\sdk\securityinsights\Microsoft.Azure.Management.SecurityInsights\tests\SourceControls\SourceControlsTests.cs(15,1): hidden CS8019: Unnecessary using directive.
C:\gh\azure-sdk-for-net\sdk\securityinsights\Microsoft.Azure.Management.SecurityInsights\tests\Enrichment\EnrichmentTest.cs(10,1): hidden CS8019: Unnecessary using directive.
C:\gh\azure-sdk-for-net\sdk\securityinsights\Microsoft.Azure.Management.SecurityInsights\tests\AlertRules\AlertRulesTests.cs(14,1): hidden CS8019: Unnecessary using directive.
C:\gh\azure-sdk-for-net\sdk\securityinsights\Microsoft.Azure.Management.SecurityInsights\tests\SourceControls\RepositoriesTests.cs(9,1): hidden CS8019: Unnecessary using directive.
C:\gh\azure-sdk-for-net\sdk\securityinsights\Microsoft.Azure.Management.SecurityInsights\tests\EntityQueries\EntityQueryTemplatesTests.cs(6,1): hidden CS8019: Unnecessary using directive.
C:\gh\azure-sdk-for-net\sdk\securityinsights\Microsoft.Azure.Management.SecurityInsights\tests\Bookmarks\BookmarksTests.cs(9,1): hidden CS8019: Unnecessary using directive.
C:\gh\azure-sdk-for-net\sdk\securityinsights\Microsoft.Azure.Management.SecurityInsights\tests\Incidents\IncidentCommentsTests.cs(9,1): hidden CS8019: Unnecessary using directive.
C:\gh\azure-sdk-for-net\sdk\securityinsights\Microsoft.Azure.Management.SecurityInsights\tests\AutomationRules\AutomationRules.cs(14,1): hidden CS8019: Unnecessary using directive.
C:\gh\azure-sdk-for-net\sdk\securityinsights\Microsoft.Azure.Management.SecurityInsights\tests\Settings\SettingsTests.cs(4,1): hidden CS8019: Unnecessary using directive.
C:\gh\azure-sdk-for-net\sdk\securityinsights\Microsoft.Azure.Management.SecurityInsights\tests\AlertRules\AlertRuleTemplates.cs(15,1): hidden CS8019: Unnecessary using directive.
C:\gh\azure-sdk-for-net\sdk\securityinsights\Microsoft.Azure.Management.SecurityInsights\tests\Settings\SettingsTests.cs(6,1): hidden CS8019: Unnecessary using directive.
C:\gh\azure-sdk-for-net\sdk\securityinsights\Microsoft.Azure.Management.SecurityInsights\tests\Settings\SettingsTests.cs(7,1): hidden CS8019: Unnecessary using directive.
C:\gh\azure-sdk-for-net\sdk\securityinsights\Microsoft.Azure.Management.SecurityInsights\tests\DataConnectors\DataConnectorsTests.cs(16,1): hidden CS8019: Unnecessary using directive.
C:\gh\azure-sdk-for-net\sdk\securityinsights\Microsoft.Azure.Management.SecurityInsights\tests\OfficeConsents\OfficeConsentsTests.cs(13,1): hidden CS8019: Unnecessary using directive.
C:\gh\azure-sdk-for-net\sdk\securityinsights\Microsoft.Azure.Management.SecurityInsights\tests\Incidents\IncidentsTests.cs(7,1): hidden CS8019: Unnecessary using directive.
C:\gh\azure-sdk-for-net\sdk\securityinsights\Microsoft.Azure.Management.SecurityInsights\tests\Incidents\IncidentsTests.cs(14,1): hidden CS8019: Unnecessary using directive.
C:\gh\azure-sdk-for-net\artifacts\obj\Microsoft.Azure.Management.SecurityInsights.Tests\Debug\netcoreapp3.1\Microsoft.Azure.Management.SecurityInsights.Tests.AssemblyInfo.cs(12,1): hidden CS8019: Unnecessary using directive.
C:\gh\azure-sdk-for-net\sdk\securityinsights\Microsoft.Azure.Management.SecurityInsights\tests\SourceControls\SourceControlsTests.cs(10,1): hidden CS8019: Unnecessary using directive.
C:\gh\azure-sdk-for-net\sdk\securityinsights\Microsoft.Azure.Management.SecurityInsights\tests\Bookmarks\BookmarkRelationsTests.cs(17,1): hidden CS8019: Unnecessary using directive.
C:\gh\azure-sdk-for-net\sdk\securityinsights\Microsoft.Azure.Management.SecurityInsights\tests\SourceControls\RepositoriesTests.cs(8,1): hidden CS8019: Unnecessary using directive.
C:\gh\azure-sdk-for-net\sdk\securityinsights\Microsoft.Azure.Management.SecurityInsights\tests\Helpers\TestHelper.cs(5,1): hidden CS8019: Unnecessary using directive.
C:\gh\azure-sdk-for-net\sdk\securityinsights\Microsoft.Azure.Management.SecurityInsights\tests\Entities\EntitiesTests.cs(3,1): hidden CS8019: Unnecessary using directive.
C:\gh\azure-sdk-for-net\sdk\securityinsights\Microsoft.Azure.Management.SecurityInsights\tests\SourceControls\RepositoriesTests.cs(15,1): hidden CS8019: Unnecessary using directive.
C:\gh\azure-sdk-for-net\sdk\securityinsights\Microsoft.Azure.Management.SecurityInsights\tests\Bookmarks\BookmarksTests.cs(8,1): hidden CS8019: Unnecessary using directive.
C:\gh\azure-sdk-for-net\sdk\securityinsights\Microsoft.Azure.Management.SecurityInsights\tests\Entities\EntitiesTests.cs(4,1): hidden CS8019: Unnecessary using directive.
C:\gh\azure-sdk-for-net\sdk\securityinsights\Microsoft.Azure.Management.SecurityInsights\tests\Bookmarks\BookmarksTests.cs(15,1): hidden CS8019: Unnecessary using directive.
C:\gh\azure-sdk-for-net\sdk\securityinsights\Microsoft.Azure.Management.SecurityInsights\tests\Enrichment\EnrichmentTest.cs(11,1): hidden CS8019: Unnecessary using directive.
C:\gh\azure-sdk-for-net\sdk\securityinsights\Microsoft.Azure.Management.SecurityInsights\tests\AlertRules\ActionsTests.cs(4,1): hidden CS8019: Unnecessary using directive.
C:\gh\azure-sdk-for-net\sdk\securityinsights\Microsoft.Azure.Management.SecurityInsights\tests\AlertRules\ActionsTests.cs(11,1): hidden CS8019: Unnecessary using directive.
C:\gh\azure-sdk-for-net\sdk\securityinsights\Microsoft.Azure.Management.SecurityInsights\tests\OnboardingStates\OnboardingStatesTests.cs(9,1): hidden CS8019: Unnecessary using directive.
C:\gh\azure-sdk-for-net\sdk\securityinsights\Microsoft.Azure.Management.SecurityInsights\tests\Entities\EntitiesTests.cs(11,1): hidden CS8019: Unnecessary using directive.
C:\gh\azure-sdk-for-net\sdk\securityinsights\Microsoft.Azure.Management.SecurityInsights\tests\OfficeConsents\OfficeConsentsTests.cs(4,1): hidden CS8019: Unnecessary using directive.
C:\gh\azure-sdk-for-net\sdk\securityinsights\Microsoft.Azure.Management.SecurityInsights\tests\Incidents\IncidentsTests.cs(9,1): hidden CS8019: Unnecessary using directive.
C:\gh\azure-sdk-for-net\sdk\securityinsights\Microsoft.Azure.Management.SecurityInsights\tests\ThreatIntelligence\ThreatIntelligenceTests.cs(6,1): hidden CS8019: Unnecessary using directive.
C:\gh\azure-sdk-for-net\sdk\securityinsights\Microsoft.Azure.Management.SecurityInsights\tests\Incidents\IncidentRelationsTests.cs(9,1): hidden CS8019: Unnecessary using directive.
C:\gh\azure-sdk-for-net\sdk\securityinsights\Microsoft.Azure.Management.SecurityInsights\tests\ThreatIntelligence\ThreatIntelligenceTests.cs(7,1): hidden CS8019: Unnecessary using directive.
C:\gh\azure-sdk-for-net\sdk\securityinsights\Microsoft.Azure.Management.SecurityInsights\tests\OfficeConsents\OfficeConsentsTests.cs(7,1): hidden CS8019: Unnecessary using directive.
C:\gh\azure-sdk-for-net\sdk\securityinsights\Microsoft.Azure.Management.SecurityInsights\tests\Operations\OperationsTests.cs(5,1): hidden CS8019: Unnecessary using directive.
C:\gh\azure-sdk-for-net\sdk\securityinsights\Microsoft.Azure.Management.SecurityInsights\tests\EntityQueries\EntityQueryTemplatesTests.cs(8,1): hidden CS8019: Unnecessary using directive.
C:\gh\azure-sdk-for-net\sdk\securityinsights\Microsoft.Azure.Management.SecurityInsights\tests\Operations\OperationsTests.cs(6,1): hidden CS8019: Unnecessary using directive.
C:\gh\azure-sdk-for-net\sdk\securityinsights\Microsoft.Azure.Management.SecurityInsights\tests\EntityQueries\EntityQueryTemplatesTests.cs(4,1): hidden CS8019: Unnecessary using directive.
C:\gh\azure-sdk-for-net\sdk\securityinsights\Microsoft.Azure.Management.SecurityInsights\tests\Watchlists\WatchlistItemsTests.cs(12,1): hidden CS8019: Unnecessary using directive.
C:\gh\azure-sdk-for-net\sdk\securityinsights\Microsoft.Azure.Management.SecurityInsights\tests\SourceControls\RepositoriesTests.cs(10,1): hidden CS8019: Unnecessary using directive.
C:\gh\azure-sdk-for-net\sdk\securityinsights\Microsoft.Azure.Management.SecurityInsights\tests\Bookmarks\BookmarksTests.cs(10,1): hidden CS8019: Unnecessary using directive.
C:\gh\azure-sdk-for-net\sdk\securityinsights\Microsoft.Azure.Management.SecurityInsights\tests\Watchlists\WatchlistItemsTests.cs(7,1): hidden CS8019: Unnecessary using directive.
C:\gh\azure-sdk-for-net\sdk\securityinsights\Microsoft.Azure.Management.SecurityInsights\tests\Settings\SettingsTests.cs(9,1): hidden CS8019: Unnecessary using directive.
C:\gh\azure-sdk-for-net\sdk\securityinsights\Microsoft.Azure.Management.SecurityInsights\tests\EntityQueries\EntityQueriesTests.cs(9,1): hidden CS8019: Unnecessary using directive.
C:\gh\azure-sdk-for-net\sdk\securityinsights\Microsoft.Azure.Management.SecurityInsights\tests\Enrichment\EnrichmentTest.cs(17,1): hidden CS8019: Unnecessary using directive.
C:\gh\azure-sdk-for-net\sdk\securityinsights\Microsoft.Azure.Management.SecurityInsights\tests\OnboardingStates\OnboardingStatesTests.cs(8,1): hidden CS8019: Unnecessary using directive.
C:\gh\azure-sdk-for-net\sdk\securityinsights\Microsoft.Azure.Management.SecurityInsights\tests\EntityQueries\EntityQueriesTests.cs(16,1): hidden CS8019: Unnecessary using directive.
C:\gh\azure-sdk-for-net\sdk\securityinsights\Microsoft.Azure.Management.SecurityInsights\tests\OnboardingStates\OnboardingStatesTests.cs(15,1): hidden CS8019: Unnecessary using directive.
C:\gh\azure-sdk-for-net\sdk\securityinsights\Microsoft.Azure.Management.SecurityInsights\tests\Incidents\IncidentCommentsTests.cs(16,1): hidden CS8019: Unnecessary using directive.
C:\gh\azure-sdk-for-net\sdk\securityinsights\Microsoft.Azure.Management.SecurityInsights\tests\Incidents\IncidentRelationsTests.cs(8,1): hidden CS8019: Unnecessary using directive.
C:\gh\azure-sdk-for-net\artifacts\obj\Microsoft.Azure.Management.SecurityInsights.Tests\Debug\netcoreapp3.1\Microsoft.Azure.Management.SecurityInsights.Tests.AssemblyInfo.cs(11,1): hidden CS8019: Unnecessary using directive.
C:\gh\azure-sdk-for-net\sdk\securityinsights\Microsoft.Azure.Management.SecurityInsights\tests\Incidents\IncidentRelationsTests.cs(15,1): hidden CS8019: Unnecessary using directive.
C:\gh\azure-sdk-for-net\sdk\securityinsights\Microsoft.Azure.Management.SecurityInsights\tests\EntityQueries\EntityQueryTemplatesTests.cs(7,1): hidden CS8019: Unnecessary using directive.
C:\gh\azure-sdk-for-net\sdk\securityinsights\Microsoft.Azure.Management.SecurityInsights\tests\EntityQueries\EntityQueryTemplatesTests.cs(14,1): hidden CS8019: Unnecessary using directive.
C:\gh\azure-sdk-for-net\sdk\securityinsights\Microsoft.Azure.Management.SecurityInsights\tests\Entities\EntitiesTests.cs(6,1): hidden CS8019: Unnecessary using directive.
C:\gh\azure-sdk-for-net\sdk\securityinsights\Microsoft.Azure.Management.SecurityInsights\tests\Metadata\MetadataTests.cs(5,1): hidden CS8019: Unnecessary using directive.
C:\gh\azure-sdk-for-net\sdk\securityinsights\Microsoft.Azure.Management.SecurityInsights\tests\Settings\SettingsTests.cs(8,1): hidden CS8019: Unnecessary using directive.
C:\gh\azure-sdk-for-net\sdk\securityinsights\Microsoft.Azure.Management.SecurityInsights\tests\Settings\SettingsTests.cs(15,1): hidden CS8019: Unnecessary using directive.
C:\gh\azure-sdk-for-net\sdk\securityinsights\Microsoft.Azure.Management.SecurityInsights\tests\Watchlists\WatchlistItemsTests.cs(6,1): hidden CS8019: Unnecessary using directive.
C:\gh\azure-sdk-for-net\sdk\securityinsights\Microsoft.Azure.Management.SecurityInsights\tests\SourceControls\SourceControlsTests.cs(17,1): hidden CS8019: Unnecessary using directive.
C:\gh\azure-sdk-for-net\sdk\securityinsights\Microsoft.Azure.Management.SecurityInsights\tests\SourceControls\RepositoriesTests.cs(11,1): hidden CS8019: Unnecessary using directive.
C:\gh\azure-sdk-for-net\sdk\securityinsights\Microsoft.Azure.Management.SecurityInsights\tests\EntityQueries\EntityQueriesTests.cs(11,1): hidden CS8019: Unnecessary using directive.
C:\gh\azure-sdk-for-net\sdk\securityinsights\Microsoft.Azure.Management.SecurityInsights\tests\OnboardingStates\OnboardingStatesTests.cs(10,1): hidden CS8019: Unnecessary using directive.
C:\gh\azure-sdk-for-net\sdk\securityinsights\Microsoft.Azure.Management.SecurityInsights\tests\ThreatIntelligence\ThreatIntelligenceTests.cs(9,1): hidden CS8019: Unnecessary using directive.
C:\gh\azure-sdk-for-net\sdk\securityinsights\Microsoft.Azure.Management.SecurityInsights\tests\Watchlists\WatchlistsTests.cs(5,1): hidden CS8019: Unnecessary using directive.
C:\gh\azure-sdk-for-net\sdk\securityinsights\Microsoft.Azure.Management.SecurityInsights\tests\Enrichment\EnrichmentTest.cs(5,1): hidden CS8019: Unnecessary using directive.
C:\gh\azure-sdk-for-net\sdk\securityinsights\Microsoft.Azure.Management.SecurityInsights\tests\Operations\OperationsTests.cs(8,1): hidden CS8019: Unnecessary using directive.
C:\gh\azure-sdk-for-net\sdk\securityinsights\Microsoft.Azure.Management.SecurityInsights\tests\Incidents\IncidentRelationsTests.cs(10,1): hidden CS8019: Unnecessary using directive.
C:\gh\azure-sdk-for-net\sdk\securityinsights\Microsoft.Azure.Management.SecurityInsights\tests\Operations\OperationsTests.cs(4,1): hidden CS8019: Unnecessary using directive.
C:\gh\azure-sdk-for-net\sdk\securityinsights\Microsoft.Azure.Management.SecurityInsights\tests\DataConnectors\DataConnectorsTests.cs(5,1): hidden CS8019: Unnecessary using directive.
C:\gh\azure-sdk-for-net\sdk\securityinsights\Microsoft.Azure.Management.SecurityInsights\tests\DataConnectors\DataConnectorsTests.cs(6,1): hidden CS8019: Unnecessary using directive.
C:\gh\azure-sdk-for-net\sdk\securityinsights\Microsoft.Azure.Management.SecurityInsights\tests\EntityQueries\EntityQueryTemplatesTests.cs(9,1): hidden CS8019: Unnecessary using directive.
C:\gh\azure-sdk-for-net\sdk\securityinsights\Microsoft.Azure.Management.SecurityInsights\tests\Metadata\MetadataTests.cs(12,1): hidden CS8019: Unnecessary using directive.
C:\gh\azure-sdk-for-net\sdk\securityinsights\Microsoft.Azure.Management.SecurityInsights\tests\OfficeConsents\OfficeConsentsTests.cs(15,1): hidden CS8019: Unnecessary using directive.
C:\gh\azure-sdk-for-net\sdk\securityinsights\Microsoft.Azure.Management.SecurityInsights\tests\Entities\EntitiesTests.cs(5,1): hidden CS8019: Unnecessary using directive.
C:\gh\azure-sdk-for-net\sdk\securityinsights\Microsoft.Azure.Management.SecurityInsights\tests\Entities\EntitiesTests.cs(12,1): hidden CS8019: Unnecessary using directive.
C:\gh\azure-sdk-for-net\sdk\securityinsights\Microsoft.Azure.Management.SecurityInsights\tests\Incidents\IncidentsTests.cs(16,1): hidden CS8019: Unnecessary using directive.
C:\gh\azure-sdk-for-net\artifacts\obj\Microsoft.Azure.Management.SecurityInsights.Tests\Debug\netcoreapp3.1\.NETCoreApp,Version=v3.1.AssemblyAttributes.cs(2,1): hidden CS8019: Unnecessary using directive.
C:\gh\azure-sdk-for-net\sdk\securityinsights\Microsoft.Azure.Management.SecurityInsights\tests\Metadata\MetadataTests.cs(7,1): hidden CS8019: Unnecessary using directive.
C:\gh\azure-sdk-for-net\sdk\securityinsights\Microsoft.Azure.Management.SecurityInsights\tests\Bookmarks\BookmarkRelationsTests.cs(6,1): hidden CS8019: Unnecessary using directive.
C:\gh\azure-sdk-for-net\sdk\securityinsights\Microsoft.Azure.Management.SecurityInsights\tests\Settings\SettingsTests.cs(10,1): hidden CS8019: Unnecessary using directive.
C:\gh\azure-sdk-for-net\sdk\securityinsights\Microsoft.Azure.Management.SecurityInsights\tests\Bookmarks\BookmarkRelationsTests.cs(7,1): hidden CS8019: Unnecessary using directive.
C:\gh\azure-sdk-for-net\sdk\securityinsights\Microsoft.Azure.Management.SecurityInsights\tests\Watchlists\WatchlistsTests.cs(12,1): hidden CS8019: Unnecessary using directive.
C:\gh\azure-sdk-for-net\sdk\securityinsights\Microsoft.Azure.Management.SecurityInsights\tests\ThreatIntelligence\ThreatIntelligenceTests.cs(8,1): hidden CS8019: Unnecessary using directive.
C:\gh\azure-sdk-for-net\sdk\securityinsights\Microsoft.Azure.Management.SecurityInsights\tests\Helpers\TestHelper.cs(7,1): hidden CS8019: Unnecessary using directive.
C:\gh\azure-sdk-for-net\sdk\securityinsights\Microsoft.Azure.Management.SecurityInsights\tests\Watchlists\WatchlistsTests.cs(7,1): hidden CS8019: Unnecessary using directive.
C:\gh\azure-sdk-for-net\sdk\securityinsights\Microsoft.Azure.Management.SecurityInsights\tests\ThreatIntelligence\ThreatIntelligenceTests.cs(15,1): hidden CS8019: Unnecessary using directive.
C:\gh\azure-sdk-for-net\sdk\securityinsights\Microsoft.Azure.Management.SecurityInsights\tests\SourceControls\RepositoriesTests.cs(17,1): hidden CS8019: Unnecessary using directive.
C:\gh\azure-sdk-for-net\sdk\securityinsights\Microsoft.Azure.Management.SecurityInsights\tests\Bookmarks\BookmarksTests.cs(17,1): hidden CS8019: Unnecessary using directive.
C:\gh\azure-sdk-for-net\sdk\securityinsights\Microsoft.Azure.Management.SecurityInsights\tests\OfficeConsents\OfficeConsentsTests.cs(8,1): hidden CS8019: Unnecessary using directive.
C:\gh\azure-sdk-for-net\sdk\securityinsights\Microsoft.Azure.Management.SecurityInsights\tests\OnboardingStates\OnboardingStatesTests.cs(11,1): hidden CS8019: Unnecessary using directive.
C:\gh\azure-sdk-for-net\sdk\securityinsights\Microsoft.Azure.Management.SecurityInsights\tests\Operations\OperationsTests.cs(7,1): hidden CS8019: Unnecessary using directive.
C:\gh\azure-sdk-for-net\sdk\securityinsights\Microsoft.Azure.Management.SecurityInsights\tests\Operations\OperationsTests.cs(14,1): hidden CS8019: Unnecessary using directive.
C:\gh\azure-sdk-for-net\sdk\securityinsights\Microsoft.Azure.Management.SecurityInsights\tests\Entities\EntitiesTests.cs(7,1): hidden CS8019: Unnecessary using directive.
C:\gh\azure-sdk-for-net\sdk\securityinsights\Microsoft.Azure.Management.SecurityInsights\tests\Metadata\MetadataTests.cs(6,1): hidden CS8019: Unnecessary using directive.
C:\gh\azure-sdk-for-net\sdk\securityinsights\Microsoft.Azure.Management.SecurityInsights\tests\Helpers\TestHelper.cs(8,1): hidden CS8019: Unnecessary using directive.
C:\gh\azure-sdk-for-net\sdk\securityinsights\Microsoft.Azure.Management.SecurityInsights\tests\AlertRules\AlertRulesTests.cs(5,1): hidden CS8019: Unnecessary using directive.
C:\gh\azure-sdk-for-net\sdk\securityinsights\Microsoft.Azure.Management.SecurityInsights\tests\Watchlists\WatchlistItemsTests.cs(14,1): hidden CS8019: Unnecessary using directive.
C:\gh\azure-sdk-for-net\sdk\securityinsights\Microsoft.Azure.Management.SecurityInsights\tests\ThreatIntelligence\ThreatIntelligenceTests.cs(10,1): hidden CS8019: Unnecessary using directive.
C:\gh\azure-sdk-for-net\sdk\securityinsights\Microsoft.Azure.Management.SecurityInsights\tests\Enrichment\EnrichmentTest.cs(4,1): hidden CS8019: Unnecessary using directive.
C:\gh\azure-sdk-for-net\sdk\securityinsights\Microsoft.Azure.Management.SecurityInsights\tests\Settings\SettingsTests.cs(11,1): hidden CS8019: Unnecessary using directive.
C:\gh\azure-sdk-for-net\sdk\securityinsights\Microsoft.Azure.Management.SecurityInsights\tests\Watchlists\WatchlistsTests.cs(6,1): hidden CS8019: Unnecessary using directive.
C:\gh\azure-sdk-for-net\sdk\securityinsights\Microsoft.Azure.Management.SecurityInsights\tests\Enrichment\EnrichmentTest.cs(6,1): hidden CS8019: Unnecessary using directive.
C:\gh\azure-sdk-for-net\sdk\securityinsights\Microsoft.Azure.Management.SecurityInsights\tests\Operations\OperationsTests.cs(9,1): hidden CS8019: Unnecessary using directive.
C:\gh\azure-sdk-for-net\sdk\securityinsights\Microsoft.Azure.Management.SecurityInsights\tests\AlertRules\AlertRuleTemplates.cs(6,1): hidden CS8019: Unnecessary using directive.
C:\gh\azure-sdk-for-net\sdk\securityinsights\Microsoft.Azure.Management.SecurityInsights\tests\SourceControls\RepositoriesTests.cs(5,1): hidden CS8019: Unnecessary using directive.
C:\gh\azure-sdk-for-net\sdk\securityinsights\Microsoft.Azure.Management.SecurityInsights\tests\Enrichment\EnrichmentTest.cs(7,1): hidden CS8019: Unnecessary using directive.
C:\gh\azure-sdk-for-net\sdk\securityinsights\Microsoft.Azure.Management.SecurityInsights\tests\Incidents\IncidentCommentsTests.cs(5,1): hidden CS8019: Unnecessary using directive.
C:\gh\azure-sdk-for-net\sdk\securityinsights\Microsoft.Azure.Management.SecurityInsights\tests\EntityQueries\EntityQueriesTests.cs(18,1): hidden CS8019: Unnecessary using directive.
C:\gh\azure-sdk-for-net\sdk\securityinsights\Microsoft.Azure.Management.SecurityInsights\tests\OnboardingStates\OnboardingStatesTests.cs(17,1): hidden CS8019: Unnecessary using directive.
C:\gh\azure-sdk-for-net\sdk\securityinsights\Microsoft.Azure.Management.SecurityInsights\tests\Incidents\IncidentCommentsTests.cs(6,1): hidden CS8019: Unnecessary using directive.
C:\gh\azure-sdk-for-net\sdk\securityinsights\Microsoft.Azure.Management.SecurityInsights\tests\Bookmarks\BookmarkRelationsTests.cs(9,1): hidden CS8019: Unnecessary using directive.
C:\gh\azure-sdk-for-net\artifacts\obj\Microsoft.Azure.Management.SecurityInsights.Tests\Debug\netcoreapp3.1\.NETCoreApp,Version=v3.1.AssemblyAttributes.cs(3,1): hidden CS8019: Unnecessary using directive.
C:\gh\azure-sdk-for-net\sdk\securityinsights\Microsoft.Azure.Management.SecurityInsights\tests\Enrichment\EnrichmentTest.cs(14,1): hidden CS8019: Unnecessary using directive.
C:\gh\azure-sdk-for-net\sdk\securityinsights\Microsoft.Azure.Management.SecurityInsights\tests\Incidents\IncidentRelationsTests.cs(17,1): hidden CS8019: Unnecessary using directive.
C:\gh\azure-sdk-for-net\sdk\securityinsights\Microsoft.Azure.Management.SecurityInsights\tests\AlertRules\AlertRulesTests.cs(12,1): hidden CS8019: Unnecessary using directive.
C:\gh\azure-sdk-for-net\sdk\securityinsights\Microsoft.Azure.Management.SecurityInsights\tests\Entities\EntitiesTests.cs(8,1): hidden CS8019: Unnecessary using directive.
C:\gh\azure-sdk-for-net\sdk\securityinsights\Microsoft.Azure.Management.SecurityInsights\tests\AutomationRules\AutomationRules.cs(12,1): hidden CS8019: Unnecessary using directive.
C:\gh\azure-sdk-for-net\sdk\securityinsights\Microsoft.Azure.Management.SecurityInsights\tests\EntityQueries\EntityQueryTemplatesTests.cs(16,1): hidden CS8019: Unnecessary using directive.
C:\gh\azure-sdk-for-net\sdk\securityinsights\Microsoft.Azure.Management.SecurityInsights\tests\AlertRules\AlertRulesTests.cs(7,1): hidden CS8019: Unnecessary using directive.
C:\gh\azure-sdk-for-net\sdk\securityinsights\Microsoft.Azure.Management.SecurityInsights\tests\AutomationRules\AutomationRules.cs(7,1): hidden CS8019: Unnecessary using directive.
C:\gh\azure-sdk-for-net\sdk\securityinsights\Microsoft.Azure.Management.SecurityInsights\tests\AlertRules\AlertRuleTemplates.cs(13,1): hidden CS8019: Unnecessary using directive.
C:\gh\azure-sdk-for-net\sdk\securityinsights\Microsoft.Azure.Management.SecurityInsights\tests\EntityQueries\EntityQueriesTests.cs(5,1): hidden CS8019: Unnecessary using directive.
C:\gh\azure-sdk-for-net\sdk\securityinsights\Microsoft.Azure.Management.SecurityInsights\tests\SourceControls\SourceControlsTests.cs(6,1): hidden CS8019: Unnecessary using directive.
C:\gh\azure-sdk-for-net\sdk\securityinsights\Microsoft.Azure.Management.SecurityInsights\tests\DataConnectors\DataConnectorsTests.cs(7,1): hidden CS8019: Unnecessary using directive.
C:\gh\azure-sdk-for-net\sdk\securityinsights\Microsoft.Azure.Management.SecurityInsights\tests\Entities\EntitiesTests.cs(1,1): hidden CS8019: Unnecessary using directive.
C:\gh\azure-sdk-for-net\sdk\securityinsights\Microsoft.Azure.Management.SecurityInsights\tests\Helpers\TestHelper.cs(2,1): hidden CS8019: Unnecessary using directive.
C:\gh\azure-sdk-for-net\sdk\securityinsights\Microsoft.Azure.Management.SecurityInsights\tests\DataConnectors\DataConnectorsTests.cs(14,1): hidden CS8019: Unnecessary using directive.
C:\gh\azure-sdk-for-net\sdk\securityinsights\Microsoft.Azure.Management.SecurityInsights\tests\SourceControls\SourceControlsTests.cs(7,1): hidden CS8019: Unnecessary using directive.
C:\gh\azure-sdk-for-net\sdk\securityinsights\Microsoft.Azure.Management.SecurityInsights\tests\Settings\SettingsTests.cs(17,1): hidden CS8019: Unnecessary using directive.
C:\gh\azure-sdk-for-net\sdk\securityinsights\Microsoft.Azure.Management.SecurityInsights\tests\Bookmarks\BookmarkRelationsTests.cs(8,1): hidden CS8019: Unnecessary using directive.
C:\gh\azure-sdk-for-net\sdk\securityinsights\Microsoft.Azure.Management.SecurityInsights\tests\OnboardingStates\OnboardingStatesTests.cs(5,1): hidden CS8019: Unnecessary using directive.
C:\gh\azure-sdk-for-net\sdk\securityinsights\Microsoft.Azure.Management.SecurityInsights\tests\Bookmarks\BookmarkRelationsTests.cs(15,1): hidden CS8019: Unnecessary using directive.
C:\gh\azure-sdk-for-net\sdk\securityinsights\Microsoft.Azure.Management.SecurityInsights\tests\Metadata\MetadataTests.cs(14,1): hidden CS8019: Unnecessary using directive.
C:\gh\azure-sdk-for-net\sdk\securityinsights\Microsoft.Azure.Management.SecurityInsights\tests\Incidents\IncidentsTests.cs(5,1): hidden CS8019: Unnecessary using directive.
C:\gh\azure-sdk-for-net\sdk\securityinsights\Microsoft.Azure.Management.SecurityInsights\tests\Incidents\IncidentsTests.cs(6,1): hidden CS8019: Unnecessary using directive.
C:\gh\azure-sdk-for-net\sdk\securityinsights\Microsoft.Azure.Management.SecurityInsights\tests\Entities\EntitiesTests.cs(14,1): hidden CS8019: Unnecessary using directive.
C:\gh\azure-sdk-for-net\sdk\securityinsights\Microsoft.Azure.Management.SecurityInsights\tests\AlertRules\AlertRulesTests.cs(6,1): hidden CS8019: Unnecessary using directive.
C:\gh\azure-sdk-for-net\sdk\securityinsights\Microsoft.Azure.Management.SecurityInsights\tests\AlertRules\AlertRuleTemplates.cs(8,1): hidden CS8019: Unnecessary using directive.
C:\gh\azure-sdk-for-net\sdk\securityinsights\Microsoft.Azure.Management.SecurityInsights\tests\Enrichment\EnrichmentTest.cs(9,1): hidden CS8019: Unnecessary using directive.
C:\gh\azure-sdk-for-net\eng\mgmt\DisableTestRunParallel.cs(5,1): hidden CS8019: Unnecessary using directive.
C:\gh\azure-sdk-for-net\sdk\securityinsights\Microsoft.Azure.Management.SecurityInsights\tests\AlertRules\ActionsTests.cs(9,1): hidden CS8019: Unnecessary using directive.
C:\gh\azure-sdk-for-net\sdk\securityinsights\Microsoft.Azure.Management.SecurityInsights\tests\AlertRules\AlertRuleTemplates.cs(4,1): hidden CS8019: Unnecessary using directive.
C:\gh\azure-sdk-for-net\sdk\securityinsights\Microsoft.Azure.Management.SecurityInsights\tests\AutomationRules\AutomationRules.cs(6,1): hidden CS8019: Unnecessary using directive.
C:\gh\azure-sdk-for-net\sdk\securityinsights\Microsoft.Azure.Management.SecurityInsights\tests\DataConnectors\DataConnectorsTests.cs(9,1): hidden CS8019: Unnecessary using directive.
C:\gh\azure-sdk-for-net\sdk\securityinsights\Microsoft.Azure.Management.SecurityInsights\tests\SourceControls\RepositoriesTests.cs(4,1): hidden CS8019: Unnecessary using directive.
C:\gh\azure-sdk-for-net\sdk\securityinsights\Microsoft.Azure.Management.SecurityInsights\tests\Incidents\IncidentCommentsTests.cs(8,1): hidden CS8019: Unnecessary using directive.
C:\gh\azure-sdk-for-net\sdk\securityinsights\Microsoft.Azure.Management.SecurityInsights\tests\Watchlists\WatchlistsTests.cs(14,1): hidden CS8019: Unnecessary using directive.
C:\gh\azure-sdk-for-net\sdk\securityinsights\Microsoft.Azure.Management.SecurityInsights\tests\Entities\EntitiesTests.cs(10,1): hidden CS8019: Unnecessary using directive.
C:\gh\azure-sdk-for-net\sdk\securityinsights\Microsoft.Azure.Management.SecurityInsights\tests\SourceControls\RepositoriesTests.cs(6,1): hidden CS8019: Unnecessary using directive.
C:\gh\azure-sdk-for-net\sdk\securityinsights\Microsoft.Azure.Management.SecurityInsights\tests\SourceControls\RepositoriesTests.cs(7,1): hidden CS8019: Unnecessary using directive.
C:\gh\azure-sdk-for-net\sdk\securityinsights\Microsoft.Azure.Management.SecurityInsights\tests\Bookmarks\BookmarksTests.cs(6,1): hidden CS8019: Unnecessary using directive.
C:\gh\azure-sdk-for-net\sdk\securityinsights\Microsoft.Azure.Management.SecurityInsights\tests\ThreatIntelligence\ThreatIntelligenceTests.cs(17,1): hidden CS8019: Unnecessary using directive.
C:\gh\azure-sdk-for-net\sdk\securityinsights\Microsoft.Azure.Management.SecurityInsights\tests\Bookmarks\BookmarksTests.cs(7,1): hidden CS8019: Unnecessary using directive.
C:\gh\azure-sdk-for-net\sdk\securityinsights\Microsoft.Azure.Management.SecurityInsights\tests\Bookmarks\BookmarkRelationsTests.cs(10,1): hidden CS8019: Unnecessary using directive.
C:\gh\azure-sdk-for-net\sdk\securityinsights\Microsoft.Azure.Management.SecurityInsights\tests\Operations\OperationsTests.cs(16,1): hidden CS8019: Unnecessary using directive.
