C:\gh\azure-sdk-for-net\sdk\core\Microsoft.Azure.Core.Spatial\tests\Samples\Readme.cs(6,19): error CS0234: The type or namespace name 'Json' does not exist in the namespace 'System.Text' (are you missing an assembly reference?)
C:\gh\azure-sdk-for-net\sdk\core\Microsoft.Azure.Core.Spatial\tests\Samples\Readme.cs(10,13): error CS0234: The type or namespace name 'Search' does not exist in the namespace 'Azure' (are you missing an assembly reference?)
C:\gh\azure-sdk-for-net\sdk\core\Microsoft.Azure.Core.Spatial\tests\Samples\Readme.cs(11,13): error CS0234: The type or namespace name 'Search' does not exist in the namespace 'Azure' (are you missing an assembly reference?)
C:\gh\azure-sdk-for-net\sdk\core\Microsoft.Azure.Core.Spatial\tests\Samples\Readme.cs(12,13): error CS0234: The type or namespace name 'Search' does not exist in the namespace 'Azure' (are you missing an assembly reference?)
C:\gh\azure-sdk-for-net\sdk\core\Microsoft.Azure.Core.Spatial\tests\Samples\Readme.cs(13,13): error CS0234: The type or namespace name 'Search' does not exist in the namespace 'Azure' (are you missing an assembly reference?)
C:\gh\azure-sdk-for-net\sdk\core\Microsoft.Azure.Core.Spatial\tests\Samples\Readme.cs(14,17): error CS0234: The type or namespace name 'Spatial' does not exist in the namespace 'Microsoft' (are you missing an assembly reference?)
C:\gh\azure-sdk-for-net\sdk\core\Microsoft.Azure.Core.Spatial\tests\Samples\Readme.cs(15,7): error CS0246: The type or namespace name 'NUnit' could not be found (are you missing a using directive or an assembly reference?)
C:\gh\azure-sdk-for-net\sdk\core\Microsoft.Azure.Core.Spatial\tests\Serialization\MicrosoftSpatialGeoJsonConverterTests.cs(5,19): error CS0234: The type or namespace name 'Json' does not exist in the namespace 'System.Text' (are you missing an assembly reference?)
C:\gh\azure-sdk-for-net\sdk\core\Microsoft.Azure.Core.Spatial\tests\Serialization\MicrosoftSpatialGeoJsonConverterTests.cs(7,17): error CS0234: The type or namespace name 'Spatial' does not exist in the namespace 'Microsoft' (are you missing an assembly reference?)
C:\gh\azure-sdk-for-net\sdk\core\Microsoft.Azure.Core.Spatial\tests\Serialization\MicrosoftSpatialGeoJsonConverterTests.cs(8,7): error CS0246: The type or namespace name 'NUnit' could not be found (are you missing a using directive or an assembly reference?)
C:\gh\azure-sdk-for-net\sdk\core\Microsoft.Azure.Core.Spatial\tests\Serialization\MicrosoftSpatialGeoJsonConverterTests.cs(14,10): error CS0246: The type or namespace name 'TestAttribute' could not be found (are you missing a using directive or an assembly reference?)
C:\gh\azure-sdk-for-net\sdk\core\Microsoft.Azure.Core.Spatial\tests\Serialization\MicrosoftSpatialGeoJsonConverterTests.cs(14,10): error CS0246: The type or namespace name 'Test' could not be found (are you missing a using directive or an assembly reference?)
C:\gh\azure-sdk-for-net\sdk\core\Microsoft.Azure.Core.Spatial\tests\Serialization\MicrosoftSpatialGeoJsonConverterTests.cs(21,10): error CS0246: The type or namespace name 'TestAttribute' could not be found (are you missing a using directive or an assembly reference?)
C:\gh\azure-sdk-for-net\sdk\core\Microsoft.Azure.Core.Spatial\tests\Serialization\MicrosoftSpatialGeoJsonConverterTests.cs(21,10): error CS0246: The type or namespace name 'Test' could not be found (are you missing a using directive or an assembly reference?)
C:\gh\azure-sdk-for-net\sdk\core\Microsoft.Azure.Core.Spatial\tests\Samples\Readme.cs(21,10): error CS0246: The type or namespace name 'TestAttribute' could not be found (are you missing a using directive or an assembly reference?)
C:\gh\azure-sdk-for-net\sdk\core\Microsoft.Azure.Core.Spatial\tests\Samples\Readme.cs(21,10): error CS0246: The type or namespace name 'Test' could not be found (are you missing a using directive or an assembly reference?)
C:\gh\azure-sdk-for-net\sdk\core\Microsoft.Azure.Core.Spatial\tests\Serialization\MicrosoftSpatialGeoJsonConverterTests.cs(38,10): error CS0246: The type or namespace name 'TestAttribute' could not be found (are you missing a using directive or an assembly reference?)
C:\gh\azure-sdk-for-net\sdk\core\Microsoft.Azure.Core.Spatial\tests\Serialization\MicrosoftSpatialGeoJsonConverterTests.cs(38,10): error CS0246: The type or namespace name 'Test' could not be found (are you missing a using directive or an assembly reference?)
C:\gh\azure-sdk-for-net\sdk\core\Microsoft.Azure.Core.Spatial\tests\Serialization\MicrosoftSpatialGeoJsonConverterTests.cs(58,10): error CS0246: The type or namespace name 'TestAttribute' could not be found (are you missing a using directive or an assembly reference?)
C:\gh\azure-sdk-for-net\sdk\core\Microsoft.Azure.Core.Spatial\tests\Serialization\MicrosoftSpatialGeoJsonConverterTests.cs(58,10): error CS0246: The type or namespace name 'Test' could not be found (are you missing a using directive or an assembly reference?)
C:\gh\azure-sdk-for-net\sdk\core\Microsoft.Azure.Core.Spatial\tests\Serialization\MicrosoftSpatialGeoJsonConverterTests.cs(75,10): error CS0246: The type or namespace name 'TestCaseSourceAttribute' could not be found (are you missing a using directive or an assembly reference?)
C:\gh\azure-sdk-for-net\sdk\core\Microsoft.Azure.Core.Spatial\tests\Serialization\MicrosoftSpatialGeoJsonConverterTests.cs(75,10): error CS0246: The type or namespace name 'TestCaseSource' could not be found (are you missing a using directive or an assembly reference?)
C:\gh\azure-sdk-for-net\sdk\core\Microsoft.Azure.Core.Spatial\tests\Serialization\MicrosoftSpatialGeoJsonConverterTests.cs(90,36): error CS0246: The type or namespace name 'TestCaseData' could not be found (are you missing a using directive or an assembly reference?)
C:\gh\azure-sdk-for-net\sdk\core\Microsoft.Azure.Core.Spatial\tests\Serialization\MicrosoftSpatialGeoJsonConverterTests.cs(104,10): error CS0246: The type or namespace name 'TestAttribute' could not be found (are you missing a using directive or an assembly reference?)
C:\gh\azure-sdk-for-net\sdk\core\Microsoft.Azure.Core.Spatial\tests\Samples\Readme.cs(88,14): error CS0246: The type or namespace name 'SimpleFieldAttribute' could not be found (are you missing a using directive or an assembly reference?)
C:\gh\azure-sdk-for-net\sdk\core\Microsoft.Azure.Core.Spatial\tests\Serialization\MicrosoftSpatialGeoJsonConverterTests.cs(104,10): error CS0246: The type or namespace name 'Test' could not be found (are you missing a using directive or an assembly reference?)
C:\gh\azure-sdk-for-net\sdk\core\Microsoft.Azure.Core.Spatial\tests\Samples\Readme.cs(88,14): error CS0246: The type or namespace name 'SimpleField' could not be found (are you missing a using directive or an assembly reference?)
C:\gh\azure-sdk-for-net\sdk\core\Microsoft.Azure.Core.Spatial\tests\Samples\Readme.cs(88,26): error CS0246: The type or namespace name 'IsKey' could not be found (are you missing a using directive or an assembly reference?)
C:\gh\azure-sdk-for-net\sdk\core\Microsoft.Azure.Core.Spatial\tests\Serialization\MicrosoftSpatialGeoJsonConverterTests.cs(123,10): error CS0246: The type or namespace name 'TestAttribute' could not be found (are you missing a using directive or an assembly reference?)
C:\gh\azure-sdk-for-net\sdk\core\Microsoft.Azure.Core.Spatial\tests\Serialization\MicrosoftSpatialGeoJsonConverterTests.cs(123,10): error CS0246: The type or namespace name 'Test' could not be found (are you missing a using directive or an assembly reference?)
C:\gh\azure-sdk-for-net\sdk\core\Microsoft.Azure.Core.Spatial\tests\Samples\Readme.cs(91,14): error CS0246: The type or namespace name 'SearchableFieldAttribute' could not be found (are you missing a using directive or an assembly reference?)
C:\gh\azure-sdk-for-net\sdk\core\Microsoft.Azure.Core.Spatial\tests\Samples\Readme.cs(91,14): error CS0246: The type or namespace name 'SearchableField' could not be found (are you missing a using directive or an assembly reference?)
C:\gh\azure-sdk-for-net\sdk\core\Microsoft.Azure.Core.Spatial\tests\Samples\Readme.cs(91,30): error CS0246: The type or namespace name 'IsSortable' could not be found (are you missing a using directive or an assembly reference?)
C:\gh\azure-sdk-for-net\sdk\core\Microsoft.Azure.Core.Spatial\tests\Samples\Readme.cs(91,49): error CS0246: The type or namespace name 'AnalyzerName' could not be found (are you missing a using directive or an assembly reference?)
C:\gh\azure-sdk-for-net\sdk\core\Microsoft.Azure.Core.Spatial\tests\Samples\Readme.cs(91,64): error CS0103: The name 'LexicalAnalyzerName' does not exist in the current context
C:\gh\azure-sdk-for-net\sdk\core\Microsoft.Azure.Core.Spatial\tests\Samples\Readme.cs(94,14): error CS0246: The type or namespace name 'SimpleFieldAttribute' could not be found (are you missing a using directive or an assembly reference?)
C:\gh\azure-sdk-for-net\sdk\core\Microsoft.Azure.Core.Spatial\tests\Samples\Readme.cs(94,14): error CS0246: The type or namespace name 'SimpleField' could not be found (are you missing a using directive or an assembly reference?)
C:\gh\azure-sdk-for-net\sdk\core\Microsoft.Azure.Core.Spatial\tests\Samples\Readme.cs(94,26): error CS0246: The type or namespace name 'IsFacetable' could not be found (are you missing a using directive or an assembly reference?)
C:\gh\azure-sdk-for-net\sdk\core\Microsoft.Azure.Core.Spatial\tests\Samples\Readme.cs(94,46): error CS0246: The type or namespace name 'IsFilterable' could not be found (are you missing a using directive or an assembly reference?)
C:\gh\azure-sdk-for-net\sdk\core\Microsoft.Azure.Core.Spatial\tests\Samples\Readme.cs(95,20): error CS0246: The type or namespace name 'GeographyPoint' could not be found (are you missing a using directive or an assembly reference?)
C:\gh\azure-sdk-for-net\sdk\core\Microsoft.Azure.Core.Spatial\tests\Serialization\MicrosoftSpatialGeoJsonConverterTests.cs(18,13): error CS0103: The name 'Assert' does not exist in the current context
C:\gh\azure-sdk-for-net\sdk\core\Microsoft.Azure.Core.Spatial\tests\Serialization\MicrosoftSpatialGeoJsonConverterTests.cs(18,37): error CS0012: The type 'JsonConverter<>' is defined in an assembly that is not referenced. You must add a reference to assembly 'System.Text.Json, Version=4.0.0.0, Culture=neutral, PublicKeyToken=cc7b13ffcd2ddd51'.
C:\gh\azure-sdk-for-net\sdk\core\Microsoft.Azure.Core.Spatial\tests\Serialization\MicrosoftSpatialGeoJsonConverterTests.cs(18,55): error CS0246: The type or namespace name 'GeographyPoint' could not be found (are you missing a using directive or an assembly reference?)
C:\gh\azure-sdk-for-net\sdk\core\Microsoft.Azure.Core.Spatial\tests\Serialization\MicrosoftSpatialGeoJsonConverterTests.cs(24,13): error CS0246: The type or namespace name 'JsonSerializerOptions' could not be found (are you missing a using directive or an assembly reference?)
C:\gh\azure-sdk-for-net\sdk\core\Microsoft.Azure.Core.Spatial\tests\Serialization\MicrosoftSpatialGeoJsonConverterTests.cs(24,49): error CS0246: The type or namespace name 'JsonSerializerOptions' could not be found (are you missing a using directive or an assembly reference?)
C:\gh\azure-sdk-for-net\sdk\core\Microsoft.Azure.Core.Spatial\tests\Serialization\MicrosoftSpatialGeoJsonConverterTests.cs(32,13): error CS0246: The type or namespace name 'GeographyPoint' could not be found (are you missing a using directive or an assembly reference?)
C:\gh\azure-sdk-for-net\sdk\core\Microsoft.Azure.Core.Spatial\tests\Serialization\MicrosoftSpatialGeoJsonConverterTests.cs(32,36): error CS0103: The name 'JsonSerializer' does not exist in the current context
C:\gh\azure-sdk-for-net\sdk\core\Microsoft.Azure.Core.Spatial\tests\Serialization\MicrosoftSpatialGeoJsonConverterTests.cs(32,63): error CS0246: The type or namespace name 'GeographyPoint' could not be found (are you missing a using directive or an assembly reference?)
C:\gh\azure-sdk-for-net\sdk\core\Microsoft.Azure.Core.Spatial\tests\Serialization\MicrosoftSpatialGeoJsonConverterTests.cs(34,13): error CS0103: The name 'Assert' does not exist in the current context
C:\gh\azure-sdk-for-net\sdk\core\Microsoft.Azure.Core.Spatial\tests\Serialization\MicrosoftSpatialGeoJsonConverterTests.cs(35,13): error CS0103: The name 'Assert' does not exist in the current context
C:\gh\azure-sdk-for-net\sdk\core\Microsoft.Azure.Core.Spatial\tests\Serialization\MicrosoftSpatialGeoJsonConverterTests.cs(41,13): error CS0246: The type or namespace name 'JsonSerializerOptions' could not be found (are you missing a using directive or an assembly reference?)
C:\gh\azure-sdk-for-net\sdk\core\Microsoft.Azure.Core.Spatial\tests\Serialization\MicrosoftSpatialGeoJsonConverterTests.cs(41,49): error CS0246: The type or namespace name 'JsonSerializerOptions' could not be found (are you missing a using directive or an assembly reference?)
C:\gh\azure-sdk-for-net\sdk\core\Microsoft.Azure.Core.Spatial\tests\Serialization\MicrosoftSpatialGeoJsonConverterTests.cs(49,13): error CS0246: The type or namespace name 'GeographyPoint' could not be found (are you missing a using directive or an assembly reference?)
C:\gh\azure-sdk-for-net\sdk\core\Microsoft.Azure.Core.Spatial\tests\Serialization\MicrosoftSpatialGeoJsonConverterTests.cs(49,36): error CS0103: The name 'JsonSerializer' does not exist in the current context
C:\gh\azure-sdk-for-net\sdk\core\Microsoft.Azure.Core.Spatial\tests\Serialization\MicrosoftSpatialGeoJsonConverterTests.cs(49,63): error CS0246: The type or namespace name 'GeographyPoint' could not be found (are you missing a using directive or an assembly reference?)
C:\gh\azure-sdk-for-net\sdk\core\Microsoft.Azure.Core.Spatial\tests\Serialization\MicrosoftSpatialGeoJsonConverterTests.cs(51,13): error CS0103: The name 'Assert' does not exist in the current context
C:\gh\azure-sdk-for-net\sdk\core\Microsoft.Azure.Core.Spatial\tests\Serialization\MicrosoftSpatialGeoJsonConverterTests.cs(52,13): error CS0103: The name 'Assert' does not exist in the current context
C:\gh\azure-sdk-for-net\sdk\core\Microsoft.Azure.Core.Spatial\tests\Serialization\MicrosoftSpatialGeoJsonConverterTests.cs(55,13): error CS0103: The name 'Assert' does not exist in the current context
C:\gh\azure-sdk-for-net\sdk\core\Microsoft.Azure.Core.Spatial\tests\Serialization\MicrosoftSpatialGeoJsonConverterTests.cs(61,13): error CS0246: The type or namespace name 'JsonSerializerOptions' could not be found (are you missing a using directive or an assembly reference?)
C:\gh\azure-sdk-for-net\sdk\core\Microsoft.Azure.Core.Spatial\tests\Serialization\MicrosoftSpatialGeoJsonConverterTests.cs(61,49): error CS0246: The type or namespace name 'JsonSerializerOptions' could not be found (are you missing a using directive or an assembly reference?)
C:\gh\azure-sdk-for-net\sdk\core\Microsoft.Azure.Core.Spatial\tests\Serialization\MicrosoftSpatialGeoJsonConverterTests.cs(69,13): error CS0246: The type or namespace name 'GeographyPoint' could not be found (are you missing a using directive or an assembly reference?)
C:\gh\azure-sdk-for-net\sdk\core\Microsoft.Azure.Core.Spatial\tests\Serialization\MicrosoftSpatialGeoJsonConverterTests.cs(69,36): error CS0103: The name 'JsonSerializer' does not exist in the current context
C:\gh\azure-sdk-for-net\sdk\core\Microsoft.Azure.Core.Spatial\tests\Serialization\MicrosoftSpatialGeoJsonConverterTests.cs(69,63): error CS0246: The type or namespace name 'GeographyPoint' could not be found (are you missing a using directive or an assembly reference?)
C:\gh\azure-sdk-for-net\sdk\core\Microsoft.Azure.Core.Spatial\tests\Serialization\MicrosoftSpatialGeoJsonConverterTests.cs(71,13): error CS0103: The name 'Assert' does not exist in the current context
C:\gh\azure-sdk-for-net\sdk\core\Microsoft.Azure.Core.Spatial\tests\Serialization\MicrosoftSpatialGeoJsonConverterTests.cs(72,13): error CS0103: The name 'Assert' does not exist in the current context
C:\gh\azure-sdk-for-net\sdk\core\Microsoft.Azure.Core.Spatial\tests\Serialization\MicrosoftSpatialGeoJsonConverterTests.cs(78,13): error CS0246: The type or namespace name 'JsonSerializerOptions' could not be found (are you missing a using directive or an assembly reference?)
C:\gh\azure-sdk-for-net\sdk\core\Microsoft.Azure.Core.Spatial\tests\Serialization\MicrosoftSpatialGeoJsonConverterTests.cs(78,49): error CS0246: The type or namespace name 'JsonSerializerOptions' could not be found (are you missing a using directive or an assembly reference?)
C:\gh\azure-sdk-for-net\sdk\core\Microsoft.Azure.Core.Spatial\tests\Serialization\MicrosoftSpatialGeoJsonConverterTests.cs(86,13): error CS0246: The type or namespace name 'JsonException' could not be found (are you missing a using directive or an assembly reference?)
C:\gh\azure-sdk-for-net\sdk\core\Microsoft.Azure.Core.Spatial\tests\Serialization\MicrosoftSpatialGeoJsonConverterTests.cs(86,47): error CS0103: The name 'Assert' does not exist in the current context
C:\gh\azure-sdk-for-net\sdk\core\Microsoft.Azure.Core.Spatial\tests\Serialization\MicrosoftSpatialGeoJsonConverterTests.cs(86,61): error CS0246: The type or namespace name 'JsonException' could not be found (are you missing a using directive or an assembly reference?)
C:\gh\azure-sdk-for-net\sdk\core\Microsoft.Azure.Core.Spatial\tests\Serialization\MicrosoftSpatialGeoJsonConverterTests.cs(87,13): error CS0103: The name 'Assert' does not exist in the current context
C:\gh\azure-sdk-for-net\sdk\core\Microsoft.Azure.Core.Spatial\tests\Serialization\MicrosoftSpatialGeoJsonConverterTests.cs(92,17): error CS0246: The type or namespace name 'TestCaseData' could not be found (are you missing a using directive or an assembly reference?)
C:\gh\azure-sdk-for-net\sdk\core\Microsoft.Azure.Core.Spatial\tests\Serialization\MicrosoftSpatialGeoJsonConverterTests.cs(92,88): error CS0103: The name 'JsonTokenType' does not exist in the current context
C:\gh\azure-sdk-for-net\sdk\core\Microsoft.Azure.Core.Spatial\tests\Serialization\MicrosoftSpatialGeoJsonConverterTests.cs(93,17): error CS0246: The type or namespace name 'TestCaseData' could not be found (are you missing a using directive or an assembly reference?)
C:\gh\azure-sdk-for-net\sdk\core\Microsoft.Azure.Core.Spatial\tests\Serialization\MicrosoftSpatialGeoJsonConverterTests.cs(93,66): error CS0103: The name 'GeographyPoint' does not exist in the current context
C:\gh\azure-sdk-for-net\sdk\core\Microsoft.Azure.Core.Spatial\tests\Serialization\MicrosoftSpatialGeoJsonConverterTests.cs(94,17): error CS0246: The type or namespace name 'TestCaseData' could not be found (are you missing a using directive or an assembly reference?)
C:\gh\azure-sdk-for-net\sdk\core\Microsoft.Azure.Core.Spatial\tests\Serialization\MicrosoftSpatialGeoJsonConverterTests.cs(94,84): error CS0103: The name 'GeographyPoint' does not exist in the current context
C:\gh\azure-sdk-for-net\sdk\core\Microsoft.Azure.Core.Spatial\tests\Serialization\MicrosoftSpatialGeoJsonConverterTests.cs(95,17): error CS0246: The type or namespace name 'TestCaseData' could not be found (are you missing a using directive or an assembly reference?)
C:\gh\azure-sdk-for-net\sdk\core\Microsoft.Azure.Core.Spatial\tests\Serialization\MicrosoftSpatialGeoJsonConverterTests.cs(95,86): error CS0103: The name 'GeographyPoint' does not exist in the current context
C:\gh\azure-sdk-for-net\sdk\core\Microsoft.Azure.Core.Spatial\tests\Serialization\MicrosoftSpatialGeoJsonConverterTests.cs(96,17): error CS0246: The type or namespace name 'TestCaseData' could not be found (are you missing a using directive or an assembly reference?)
C:\gh\azure-sdk-for-net\sdk\core\Microsoft.Azure.Core.Spatial\tests\Serialization\MicrosoftSpatialGeoJsonConverterTests.cs(96,84): error CS0103: The name 'GeographyPoint' does not exist in the current context
C:\gh\azure-sdk-for-net\sdk\core\Microsoft.Azure.Core.Spatial\tests\Serialization\MicrosoftSpatialGeoJsonConverterTests.cs(97,17): error CS0246: The type or namespace name 'TestCaseData' could not be found (are you missing a using directive or an assembly reference?)
C:\gh\azure-sdk-for-net\sdk\core\Microsoft.Azure.Core.Spatial\tests\Serialization\MicrosoftSpatialGeoJsonConverterTests.cs(97,133): error CS0103: The name 'GeographyPoint' does not exist in the current context
C:\gh\azure-sdk-for-net\sdk\core\Microsoft.Azure.Core.Spatial\tests\Serialization\MicrosoftSpatialGeoJsonConverterTests.cs(98,17): error CS0246: The type or namespace name 'TestCaseData' could not be found (are you missing a using directive or an assembly reference?)
C:\gh\azure-sdk-for-net\sdk\core\Microsoft.Azure.Core.Spatial\tests\Serialization\MicrosoftSpatialGeoJsonConverterTests.cs(98,134): error CS0103: The name 'JsonTokenType' does not exist in the current context
C:\gh\azure-sdk-for-net\sdk\core\Microsoft.Azure.Core.Spatial\tests\Serialization\MicrosoftSpatialGeoJsonConverterTests.cs(99,17): error CS0246: The type or namespace name 'TestCaseData' could not be found (are you missing a using directive or an assembly reference?)
C:\gh\azure-sdk-for-net\sdk\core\Microsoft.Azure.Core.Spatial\tests\Serialization\MicrosoftSpatialGeoJsonConverterTests.cs(99,125): error CS0103: The name 'JsonTokenType' does not exist in the current context
C:\gh\azure-sdk-for-net\sdk\core\Microsoft.Azure.Core.Spatial\tests\Serialization\MicrosoftSpatialGeoJsonConverterTests.cs(100,17): error CS0246: The type or namespace name 'TestCaseData' could not be found (are you missing a using directive or an assembly reference?)
C:\gh\azure-sdk-for-net\sdk\core\Microsoft.Azure.Core.Spatial\tests\Serialization\MicrosoftSpatialGeoJsonConverterTests.cs(100,132): error CS0103: The name 'JsonTokenType' does not exist in the current context
C:\gh\azure-sdk-for-net\sdk\core\Microsoft.Azure.Core.Spatial\tests\Serialization\MicrosoftSpatialGeoJsonConverterTests.cs(101,17): error CS0246: The type or namespace name 'TestCaseData' could not be found (are you missing a using directive or an assembly reference?)
C:\gh\azure-sdk-for-net\sdk\core\Microsoft.Azure.Core.Spatial\tests\Serialization\MicrosoftSpatialGeoJsonConverterTests.cs(101,136): error CS0103: The name 'JsonTokenType' does not exist in the current context
C:\gh\azure-sdk-for-net\sdk\core\Microsoft.Azure.Core.Spatial\tests\Serialization\MicrosoftSpatialGeoJsonConverterTests.cs(107,13): error CS0246: The type or namespace name 'GeographyPoint' could not be found (are you missing a using directive or an assembly reference?)
C:\gh\azure-sdk-for-net\sdk\core\Microsoft.Azure.Core.Spatial\tests\Serialization\MicrosoftSpatialGeoJsonConverterTests.cs(107,36): error CS0103: The name 'GeographyPoint' does not exist in the current context
C:\gh\azure-sdk-for-net\sdk\core\Microsoft.Azure.Core.Spatial\tests\Serialization\MicrosoftSpatialGeoJsonConverterTests.cs(109,13): error CS0246: The type or namespace name 'JsonSerializerOptions' could not be found (are you missing a using directive or an assembly reference?)
C:\gh\azure-sdk-for-net\sdk\core\Microsoft.Azure.Core.Spatial\tests\Serialization\MicrosoftSpatialGeoJsonConverterTests.cs(109,49): error CS0246: The type or namespace name 'JsonSerializerOptions' could not be found (are you missing a using directive or an assembly reference?)
C:\gh\azure-sdk-for-net\sdk\core\Microsoft.Azure.Core.Spatial\tests\Serialization\MicrosoftSpatialGeoJsonConverterTests.cs(117,27): error CS0103: The name 'JsonSerializer' does not exist in the current context
C:\gh\azure-sdk-for-net\sdk\core\Microsoft.Azure.Core.Spatial\tests\Serialization\MicrosoftSpatialGeoJsonConverterTests.cs(120,13): error CS0103: The name 'StringAssert' does not exist in the current context
C:\gh\azure-sdk-for-net\sdk\core\Microsoft.Azure.Core.Spatial\tests\Samples\Readme.cs(25,22): error CS0012: The type 'Response' is defined in an assembly that is not referenced. You must add a reference to assembly 'Azure.Core, Version=1.4.1.0, Culture=neutral, PublicKeyToken=92742159e12e44c8'.
C:\gh\azure-sdk-for-net\sdk\core\Microsoft.Azure.Core.Spatial\tests\Samples\Readme.cs(48,13): error CS0246: The type or namespace name 'AzureKeyCredential' could not be found (are you missing a using directive or an assembly reference?)
C:\gh\azure-sdk-for-net\sdk\core\Microsoft.Azure.Core.Spatial\tests\Samples\Readme.cs(48,49): error CS0246: The type or namespace name 'AzureKeyCredential' could not be found (are you missing a using directive or an assembly reference?)
C:\gh\azure-sdk-for-net\sdk\core\Microsoft.Azure.Core.Spatial\tests\Samples\Readme.cs(51,13): error CS0246: The type or namespace name 'JsonSerializerOptions' could not be found (are you missing a using directive or an assembly reference?)
C:\gh\azure-sdk-for-net\sdk\core\Microsoft.Azure.Core.Spatial\tests\Samples\Readme.cs(51,59): error CS0246: The type or namespace name 'JsonSerializerOptions' could not be found (are you missing a using directive or an assembly reference?)
C:\gh\azure-sdk-for-net\sdk\core\Microsoft.Azure.Core.Spatial\tests\Samples\Readme.cs(57,40): error CS0103: The name 'JsonNamingPolicy' does not exist in the current context
C:\gh\azure-sdk-for-net\sdk\core\Microsoft.Azure.Core.Spatial\tests\Samples\Readme.cs(60,13): error CS0246: The type or namespace name 'SearchClientOptions' could not be found (are you missing a using directive or an assembly reference?)
C:\gh\azure-sdk-for-net\sdk\core\Microsoft.Azure.Core.Spatial\tests\Samples\Readme.cs(60,53): error CS0246: The type or namespace name 'SearchClientOptions' could not be found (are you missing a using directive or an assembly reference?)
C:\gh\azure-sdk-for-net\sdk\core\Microsoft.Azure.Core.Spatial\tests\Samples\Readme.cs(62,40): error CS0012: The type 'Response' is defined in an assembly that is not referenced. You must add a reference to assembly 'Azure.Core, Version=1.4.1.0, Culture=neutral, PublicKeyToken=92742159e12e44c8'.
C:\gh\azure-sdk-for-net\sdk\core\Microsoft.Azure.Core.Spatial\tests\Samples\Readme.cs(63,34): error CS0246: The type or namespace name 'JsonObjectSerializer' could not be found (are you missing a using directive or an assembly reference?)
C:\gh\azure-sdk-for-net\sdk\core\Microsoft.Azure.Core.Spatial\tests\Samples\Readme.cs(66,13): error CS0246: The type or namespace name 'SearchClient' could not be found (are you missing a using directive or an assembly reference?)
C:\gh\azure-sdk-for-net\sdk\core\Microsoft.Azure.Core.Spatial\tests\Samples\Readme.cs(66,39): error CS0246: The type or namespace name 'SearchClient' could not be found (are you missing a using directive or an assembly reference?)
C:\gh\azure-sdk-for-net\sdk\core\Microsoft.Azure.Core.Spatial\tests\Samples\Readme.cs(67,13): error CS0246: The type or namespace name 'Response<>' could not be found (are you missing a using directive or an assembly reference?)
C:\gh\azure-sdk-for-net\sdk\core\Microsoft.Azure.Core.Spatial\tests\Samples\Readme.cs(67,22): error CS0246: The type or namespace name 'SearchResults<>' could not be found (are you missing a using directive or an assembly reference?)
C:\gh\azure-sdk-for-net\sdk\core\Microsoft.Azure.Core.Spatial\tests\Samples\Readme.cs(69,22): error CS0246: The type or namespace name 'SearchResult<>' could not be found (are you missing a using directive or an assembly reference?)
C:\gh\azure-sdk-for-net\sdk\core\Microsoft.Azure.Core.Spatial\tests\Samples\Readme.cs(80,13): error CS0103: The name 'Assert' does not exist in the current context
C:\gh\azure-sdk-for-net\sdk\core\Microsoft.Azure.Core.Spatial\tests\Samples\Readme.cs(81,13): error CS0103: The name 'Assert' does not exist in the current context
C:\gh\azure-sdk-for-net\sdk\core\Microsoft.Azure.Core.Spatial\tests\Samples\Readme.cs(82,13): error CS0103: The name 'Assert' does not exist in the current context
C:\gh\azure-sdk-for-net\sdk\core\Microsoft.Azure.Core.Spatial\tests\Serialization\MicrosoftSpatialGeoJsonConverterTests.cs(132,13): error CS0246: The type or namespace name 'JsonSerializerOptions' could not be found (are you missing a using directive or an assembly reference?)
C:\gh\azure-sdk-for-net\sdk\core\Microsoft.Azure.Core.Spatial\tests\Serialization\MicrosoftSpatialGeoJsonConverterTests.cs(132,49): error CS0246: The type or namespace name 'JsonSerializerOptions' could not be found (are you missing a using directive or an assembly reference?)
C:\gh\azure-sdk-for-net\sdk\core\Microsoft.Azure.Core.Spatial\tests\Serialization\MicrosoftSpatialGeoJsonConverterTests.cs(140,13): error CS0246: The type or namespace name 'JsonException' could not be found (are you missing a using directive or an assembly reference?)
C:\gh\azure-sdk-for-net\sdk\core\Microsoft.Azure.Core.Spatial\tests\Serialization\MicrosoftSpatialGeoJsonConverterTests.cs(140,47): error CS0103: The name 'Assert' does not exist in the current context
C:\gh\azure-sdk-for-net\sdk\core\Microsoft.Azure.Core.Spatial\tests\Serialization\MicrosoftSpatialGeoJsonConverterTests.cs(140,61): error CS0246: The type or namespace name 'JsonException' could not be found (are you missing a using directive or an assembly reference?)
C:\gh\azure-sdk-for-net\sdk\core\Microsoft.Azure.Core.Spatial\tests\Serialization\MicrosoftSpatialGeoJsonConverterTests.cs(141,13): error CS0103: The name 'Assert' does not exist in the current context
C:\gh\azure-sdk-for-net\sdk\core\Microsoft.Azure.Core.Spatial\tests\Serialization\MicrosoftSpatialGeoJsonConverterTests.cs(142,13): error CS0103: The name 'Assert' does not exist in the current context
C:\gh\azure-sdk-for-net\sdk\core\Microsoft.Azure.Core.Spatial\tests\Serialization\MicrosoftSpatialGeoJsonConverterTests.cs(143,13): error CS0103: The name 'Assert' does not exist in the current context
C:\gh\azure-sdk-for-net\sdk\core\Microsoft.Azure.Core.Spatial\tests\Samples\Readme.cs(6,1): hidden CS8019: Unnecessary using directive.
C:\gh\azure-sdk-for-net\sdk\core\Microsoft.Azure.Core.Spatial\tests\Samples\Readme.cs(10,1): hidden CS8019: Unnecessary using directive.
C:\gh\azure-sdk-for-net\artifacts\obj\Microsoft.Azure.Core.Spatial.Tests\Debug\net461\Microsoft.Azure.Core.Spatial.Tests.AssemblyInfo.cs(11,1): hidden CS8019: Unnecessary using directive.
C:\gh\azure-sdk-for-net\sdk\core\Microsoft.Azure.Core.Spatial\tests\Serialization\MicrosoftSpatialGeoJsonConverterTests.cs(7,1): hidden CS8019: Unnecessary using directive.
C:\gh\azure-sdk-for-net\sdk\core\Microsoft.Azure.Core.Spatial\tests\Samples\Readme.cs(13,1): hidden CS8019: Unnecessary using directive.
C:\gh\azure-sdk-for-net\artifacts\obj\Microsoft.Azure.Core.Spatial.Tests\Debug\net461\Microsoft.Azure.Core.Spatial.Tests.AssemblyInfo.cs(12,1): hidden CS8019: Unnecessary using directive.
C:\gh\azure-sdk-for-net\sdk\core\Microsoft.Azure.Core.Spatial\tests\Samples\Readme.cs(14,1): hidden CS8019: Unnecessary using directive.
C:\gh\azure-sdk-for-net\artifacts\obj\Microsoft.Azure.Core.Spatial.Tests\Debug\net461\.NETFramework,Version=v4.6.1.AssemblyAttributes.cs(2,1): hidden CS8019: Unnecessary using directive.
C:\gh\azure-sdk-for-net\sdk\core\Microsoft.Azure.Core.Spatial\tests\Serialization\MicrosoftSpatialGeoJsonConverterTests.cs(8,1): hidden CS8019: Unnecessary using directive.
C:\gh\azure-sdk-for-net\sdk\core\Microsoft.Azure.Core.Spatial\tests\Samples\Readme.cs(12,1): hidden CS8019: Unnecessary using directive.
C:\gh\azure-sdk-for-net\sdk\core\Microsoft.Azure.Core.Spatial\tests\Samples\Readme.cs(11,1): hidden CS8019: Unnecessary using directive.
C:\gh\azure-sdk-for-net\sdk\core\Microsoft.Azure.Core.Spatial\tests\Samples\Readme.cs(7,1): hidden CS8019: Unnecessary using directive.
C:\gh\azure-sdk-for-net\sdk\core\Microsoft.Azure.Core.Spatial\tests\Serialization\MicrosoftSpatialGeoJsonConverterTests.cs(5,1): hidden CS8019: Unnecessary using directive.
C:\gh\azure-sdk-for-net\sdk\core\Microsoft.Azure.Core.Spatial\tests\Samples\Readme.cs(15,1): hidden CS8019: Unnecessary using directive.
C:\gh\azure-sdk-for-net\artifacts\obj\Microsoft.Azure.Core.Spatial.Tests\Debug\net461\.NETFramework,Version=v4.6.1.AssemblyAttributes.cs(3,1): hidden CS8019: Unnecessary using directive.
