C:\gh\azure-sdk-for-net\common\Stress\Azure.Sample.Stress\SendReceiveTest.cs(15,17): error CS0246: The type or namespace name 'Channel<>' could not be found (are you missing a using directive or an assembly reference?)
C:\gh\azure-sdk-for-net\common\Stress\Azure.Sample.Stress\DelayTest.cs(5,7): error CS0246: The type or namespace name 'CommandLine' could not be found (are you missing a using directive or an assembly reference?)
C:\gh\azure-sdk-for-net\common\Stress\Azure.Sample.Stress\SendReceiveTest.cs(5,7): error CS0246: The type or namespace name 'CommandLine' could not be found (are you missing a using directive or an assembly reference?)
C:\gh\azure-sdk-for-net\common\Stress\Azure.Sample.Stress\SendReceiveTest.cs(8,24): error CS0234: The type or namespace name 'Channels' does not exist in the namespace 'System.Threading' (are you missing an assembly reference?)
C:\gh\azure-sdk-for-net\common\Stress\Azure.Sample.Stress\SendReceiveTest.cs(115,14): error CS0246: The type or namespace name 'OptionAttribute' could not be found (are you missing a using directive or an assembly reference?)
C:\gh\azure-sdk-for-net\common\Stress\Azure.Sample.Stress\SendReceiveTest.cs(115,14): error CS0246: The type or namespace name 'Option' could not be found (are you missing a using directive or an assembly reference?)
C:\gh\azure-sdk-for-net\common\Stress\Azure.Sample.Stress\SendReceiveTest.cs(115,39): error CS0246: The type or namespace name 'Default' could not be found (are you missing a using directive or an assembly reference?)
C:\gh\azure-sdk-for-net\common\Stress\Azure.Sample.Stress\SendReceiveTest.cs(115,53): error CS0246: The type or namespace name 'HelpText' could not be found (are you missing a using directive or an assembly reference?)
C:\gh\azure-sdk-for-net\common\Stress\Azure.Sample.Stress\SendReceiveTest.cs(118,14): error CS0246: The type or namespace name 'OptionAttribute' could not be found (are you missing a using directive or an assembly reference?)
C:\gh\azure-sdk-for-net\common\Stress\Azure.Sample.Stress\SendReceiveTest.cs(118,14): error CS0246: The type or namespace name 'Option' could not be found (are you missing a using directive or an assembly reference?)
C:\gh\azure-sdk-for-net\common\Stress\Azure.Sample.Stress\SendReceiveTest.cs(118,42): error CS0246: The type or namespace name 'Default' could not be found (are you missing a using directive or an assembly reference?)
C:\gh\azure-sdk-for-net\common\Stress\Azure.Sample.Stress\SendReceiveTest.cs(118,57): error CS0246: The type or namespace name 'HelpText' could not be found (are you missing a using directive or an assembly reference?)
C:\gh\azure-sdk-for-net\common\Stress\Azure.Sample.Stress\SendReceiveTest.cs(121,14): error CS0246: The type or namespace name 'OptionAttribute' could not be found (are you missing a using directive or an assembly reference?)
C:\gh\azure-sdk-for-net\common\Stress\Azure.Sample.Stress\SendReceiveTest.cs(121,14): error CS0246: The type or namespace name 'Option' could not be found (are you missing a using directive or an assembly reference?)
C:\gh\azure-sdk-for-net\common\Stress\Azure.Sample.Stress\SendReceiveTest.cs(121,34): error CS0246: The type or namespace name 'Default' could not be found (are you missing a using directive or an assembly reference?)
C:\gh\azure-sdk-for-net\common\Stress\Azure.Sample.Stress\SendReceiveTest.cs(121,47): error CS0246: The type or namespace name 'HelpText' could not be found (are you missing a using directive or an assembly reference?)
C:\gh\azure-sdk-for-net\common\Stress\Azure.Sample.Stress\DelayTest.cs(31,14): error CS0246: The type or namespace name 'OptionAttribute' could not be found (are you missing a using directive or an assembly reference?)
C:\gh\azure-sdk-for-net\common\Stress\Azure.Sample.Stress\DelayTest.cs(31,14): error CS0246: The type or namespace name 'Option' could not be found (are you missing a using directive or an assembly reference?)
C:\gh\azure-sdk-for-net\common\Stress\Azure.Sample.Stress\DelayTest.cs(31,39): error CS0246: The type or namespace name 'Default' could not be found (are you missing a using directive or an assembly reference?)
C:\gh\azure-sdk-for-net\common\Stress\Azure.Sample.Stress\DelayTest.cs(31,55): error CS0246: The type or namespace name 'HelpText' could not be found (are you missing a using directive or an assembly reference?)
C:\gh\azure-sdk-for-net\common\Stress\Azure.Sample.Stress\SendReceiveTest.cs(124,14): error CS0246: The type or namespace name 'OptionAttribute' could not be found (are you missing a using directive or an assembly reference?)
C:\gh\azure-sdk-for-net\common\Stress\Azure.Sample.Stress\SendReceiveTest.cs(124,14): error CS0246: The type or namespace name 'Option' could not be found (are you missing a using directive or an assembly reference?)
C:\gh\azure-sdk-for-net\common\Stress\Azure.Sample.Stress\SendReceiveTest.cs(124,42): error CS0246: The type or namespace name 'Default' could not be found (are you missing a using directive or an assembly reference?)
C:\gh\azure-sdk-for-net\common\Stress\Azure.Sample.Stress\SendReceiveTest.cs(124,57): error CS0246: The type or namespace name 'HelpText' could not be found (are you missing a using directive or an assembly reference?)
C:\gh\azure-sdk-for-net\common\Stress\Azure.Sample.Stress\SendReceiveTest.cs(127,14): error CS0246: The type or namespace name 'OptionAttribute' could not be found (are you missing a using directive or an assembly reference?)
C:\gh\azure-sdk-for-net\common\Stress\Azure.Sample.Stress\SendReceiveTest.cs(127,14): error CS0246: The type or namespace name 'Option' could not be found (are you missing a using directive or an assembly reference?)
C:\gh\azure-sdk-for-net\common\Stress\Azure.Sample.Stress\SendReceiveTest.cs(127,45): error CS0246: The type or namespace name 'Default' could not be found (are you missing a using directive or an assembly reference?)
C:\gh\azure-sdk-for-net\common\Stress\Azure.Sample.Stress\SendReceiveTest.cs(127,60): error CS0246: The type or namespace name 'HelpText' could not be found (are you missing a using directive or an assembly reference?)
C:\gh\azure-sdk-for-net\common\Stress\Azure.Sample.Stress\SendReceiveTest.cs(15,41): error CS0103: The name 'Channel' does not exist in the current context
C:\gh\azure-sdk-for-net\common\Stress\Azure.Sample.Stress\SendReceiveTest.cs(5,1): hidden CS8019: Unnecessary using directive.
C:\gh\azure-sdk-for-net\artifacts\obj\Azure.Sample.Stress\Debug\net461\.NETFramework,Version=v4.6.1.AssemblyAttributes.cs(3,1): hidden CS8019: Unnecessary using directive.
C:\gh\azure-sdk-for-net\artifacts\obj\Azure.Sample.Stress\Debug\net461\Azure.Sample.Stress.AssemblyInfo.cs(11,1): hidden CS8019: Unnecessary using directive.
C:\gh\azure-sdk-for-net\common\Stress\Azure.Sample.Stress\SendReceiveTest.cs(8,1): hidden CS8019: Unnecessary using directive.
C:\gh\azure-sdk-for-net\common\Stress\Azure.Sample.Stress\DelayTest.cs(5,1): hidden CS8019: Unnecessary using directive.
C:\gh\azure-sdk-for-net\artifacts\obj\Azure.Sample.Stress\Debug\net461\Azure.Sample.Stress.AssemblyInfo.cs(12,1): hidden CS8019: Unnecessary using directive.
C:\gh\azure-sdk-for-net\artifacts\obj\Azure.Sample.Stress\Debug\net461\.NETFramework,Version=v4.6.1.AssemblyAttributes.cs(2,1): hidden CS8019: Unnecessary using directive.
