C:\gh\azure-sdk-for-net\common\Stress\Azure.Test.Stress\IStressTest.cs(10,51): error CS0246: The type or namespace name 'IAsyncDisposable' could not be found (are you missing a using directive or an assembly reference?)
C:\gh\azure-sdk-for-net\common\Stress\Azure.Test.Stress\StressMetrics.cs(218,55): error CS8137: Cannot define a class or member that utilizes tuples because the compiler required type 'System.Runtime.CompilerServices.TupleElementNamesAttribute' cannot be found. Are you missing a reference?
C:\gh\azure-sdk-for-net\common\Stress\Azure.Test.Stress\StressMetrics.cs(218,55): error CS8179: Predefined type 'System.ValueTuple`2' is not defined or imported
C:\gh\azure-sdk-for-net\common\Stress\Azure.Test.Stress\StressTest.cs(56,24): error CS0246: The type or namespace name 'ValueTask' could not be found (are you missing a using directive or an assembly reference?)
C:\gh\azure-sdk-for-net\common\Stress\Azure.Test.Stress\StressTest.cs(44,22): error CS0246: The type or namespace name 'ValueTask' could not be found (are you missing a using directive or an assembly reference?)
C:\gh\azure-sdk-for-net\common\PerfStressShared\PerfStressUtilities.cs(18,38): error CS0246: The type or namespace name 'Parser' could not be found (are you missing a using directive or an assembly reference?)
C:\gh\azure-sdk-for-net\common\Stress\Azure.Test.Stress\StressMetrics.cs(44,17): error CS0246: The type or namespace name 'AzureEventSourceListener' could not be found (are you missing a using directive or an assembly reference?)
C:\gh\azure-sdk-for-net\common\Stress\Azure.Test.Stress\StressMetrics.cs(4,13): error CS0234: The type or namespace name 'Core' does not exist in the namespace 'Azure' (are you missing an assembly reference?)
C:\gh\azure-sdk-for-net\common\Stress\Azure.Test.Stress\StressOptions.cs(4,7): error CS0246: The type or namespace name 'CommandLine' could not be found (are you missing a using directive or an assembly reference?)
C:\gh\azure-sdk-for-net\common\Stress\Azure.Test.Stress\StressProgram.cs(5,7): error CS0246: The type or namespace name 'CommandLine' could not be found (are you missing a using directive or an assembly reference?)
C:\gh\azure-sdk-for-net\common\Stress\Azure.Test.Stress\StressProgram.cs(12,19): error CS0234: The type or namespace name 'Json' does not exist in the namespace 'System.Text' (are you missing an assembly reference?)
C:\gh\azure-sdk-for-net\common\PerfStressShared\PerfStressUtilities.cs(4,7): error CS0246: The type or namespace name 'CommandLine' could not be found (are you missing a using directive or an assembly reference?)
C:\gh\azure-sdk-for-net\common\PerfStressShared\PerfStressUtilities.cs(24,25): error CS0246: The type or namespace name 'Parser' could not be found (are you missing a using directive or an assembly reference?)
C:\gh\azure-sdk-for-net\common\Stress\Azure.Test.Stress\StressOptions.cs(11,10): error CS0246: The type or namespace name 'OptionAttribute' could not be found (are you missing a using directive or an assembly reference?)
C:\gh\azure-sdk-for-net\common\Stress\Azure.Test.Stress\StressOptions.cs(11,10): error CS0246: The type or namespace name 'Option' could not be found (are you missing a using directive or an assembly reference?)
C:\gh\azure-sdk-for-net\common\Stress\Azure.Test.Stress\StressOptions.cs(11,34): error CS0246: The type or namespace name 'Default' could not be found (are you missing a using directive or an assembly reference?)
C:\gh\azure-sdk-for-net\common\Stress\Azure.Test.Stress\StressOptions.cs(11,48): error CS0246: The type or namespace name 'HelpText' could not be found (are you missing a using directive or an assembly reference?)
C:\gh\azure-sdk-for-net\common\Stress\Azure.Test.Stress\StressOptions.cs(14,10): error CS0246: The type or namespace name 'OptionAttribute' could not be found (are you missing a using directive or an assembly reference?)
C:\gh\azure-sdk-for-net\common\Stress\Azure.Test.Stress\StressOptions.cs(14,10): error CS0246: The type or namespace name 'Option' could not be found (are you missing a using directive or an assembly reference?)
C:\gh\azure-sdk-for-net\common\Stress\Azure.Test.Stress\StressOptions.cs(14,32): error CS0246: The type or namespace name 'Default' could not be found (are you missing a using directive or an assembly reference?)
C:\gh\azure-sdk-for-net\common\Stress\Azure.Test.Stress\StressOptions.cs(14,60): error CS0246: The type or namespace name 'HelpText' could not be found (are you missing a using directive or an assembly reference?)
C:\gh\azure-sdk-for-net\common\Stress\Azure.Test.Stress\StressOptions.cs(17,10): error CS0246: The type or namespace name 'OptionAttribute' could not be found (are you missing a using directive or an assembly reference?)
C:\gh\azure-sdk-for-net\common\Stress\Azure.Test.Stress\StressOptions.cs(17,10): error CS0246: The type or namespace name 'Option' could not be found (are you missing a using directive or an assembly reference?)
C:\gh\azure-sdk-for-net\common\Stress\Azure.Test.Stress\StressOptions.cs(17,32): error CS0246: The type or namespace name 'HelpText' could not be found (are you missing a using directive or an assembly reference?)
C:\gh\azure-sdk-for-net\common\Stress\Azure.Test.Stress\StressOptions.cs(20,10): error CS0246: The type or namespace name 'OptionAttribute' could not be found (are you missing a using directive or an assembly reference?)
C:\gh\azure-sdk-for-net\common\Stress\Azure.Test.Stress\StressOptions.cs(20,10): error CS0246: The type or namespace name 'Option' could not be found (are you missing a using directive or an assembly reference?)
C:\gh\azure-sdk-for-net\common\Stress\Azure.Test.Stress\StressOptions.cs(20,36): error CS0246: The type or namespace name 'HelpText' could not be found (are you missing a using directive or an assembly reference?)
C:\gh\azure-sdk-for-net\common\Stress\Azure.Test.Stress\StressMetrics.cs(45,32): error CS8137: Cannot define a class or member that utilizes tuples because the compiler required type 'System.Runtime.CompilerServices.TupleElementNamesAttribute' cannot be found. Are you missing a reference?
C:\gh\azure-sdk-for-net\common\Stress\Azure.Test.Stress\StressMetrics.cs(45,32): error CS8179: Predefined type 'System.ValueTuple`2' is not defined or imported
C:\gh\azure-sdk-for-net\common\Stress\Azure.Test.Stress\StressOptions.cs(23,10): error CS0246: The type or namespace name 'OptionAttribute' could not be found (are you missing a using directive or an assembly reference?)
C:\gh\azure-sdk-for-net\common\Stress\Azure.Test.Stress\StressOptions.cs(23,10): error CS0246: The type or namespace name 'Option' could not be found (are you missing a using directive or an assembly reference?)
C:\gh\azure-sdk-for-net\common\Stress\Azure.Test.Stress\StressOptions.cs(23,33): error CS0246: The type or namespace name 'HelpText' could not be found (are you missing a using directive or an assembly reference?)
C:\gh\azure-sdk-for-net\common\Stress\Azure.Test.Stress\StressOptions.cs(26,10): error CS0246: The type or namespace name 'OptionAttribute' could not be found (are you missing a using directive or an assembly reference?)
C:\gh\azure-sdk-for-net\common\Stress\Azure.Test.Stress\StressOptions.cs(26,10): error CS0246: The type or namespace name 'Option' could not be found (are you missing a using directive or an assembly reference?)
C:\gh\azure-sdk-for-net\common\Stress\Azure.Test.Stress\StressOptions.cs(26,31): error CS0246: The type or namespace name 'HelpText' could not be found (are you missing a using directive or an assembly reference?)
C:\gh\azure-sdk-for-net\common\Stress\Azure.Test.Stress\StressOptions.cs(29,10): error CS0246: The type or namespace name 'OptionAttribute' could not be found (are you missing a using directive or an assembly reference?)
C:\gh\azure-sdk-for-net\common\Stress\Azure.Test.Stress\StressOptions.cs(29,10): error CS0246: The type or namespace name 'Option' could not be found (are you missing a using directive or an assembly reference?)
C:\gh\azure-sdk-for-net\common\Stress\Azure.Test.Stress\StressOptions.cs(29,36): error CS0246: The type or namespace name 'Default' could not be found (are you missing a using directive or an assembly reference?)
C:\gh\azure-sdk-for-net\common\Stress\Azure.Test.Stress\StressOptions.cs(29,49): error CS0246: The type or namespace name 'HelpText' could not be found (are you missing a using directive or an assembly reference?)
C:\gh\azure-sdk-for-net\common\Stress\Azure.Test.Stress\StressMetrics.cs(46,35): error CS8137: Cannot define a class or member that utilizes tuples because the compiler required type 'System.Runtime.CompilerServices.TupleElementNamesAttribute' cannot be found. Are you missing a reference?
C:\gh\azure-sdk-for-net\common\Stress\Azure.Test.Stress\StressMetrics.cs(46,35): error CS8179: Predefined type 'System.ValueTuple`2' is not defined or imported
C:\gh\azure-sdk-for-net\common\Stress\Azure.Test.Stress\StressMetrics.cs(46,19): error CS8179: Predefined type 'System.ValueTuple`2' is not defined or imported
C:\gh\azure-sdk-for-net\common\PerfStressShared\PerfStressUtilities.cs(18,65): error CS0246: The type or namespace name 'Parser' could not be found (are you missing a using directive or an assembly reference?)
C:\gh\azure-sdk-for-net\common\PerfStressShared\PerfStressUtilities.cs(18,83): error CS0246: The type or namespace name 'Parser' could not be found (are you missing a using directive or an assembly reference?)
C:\gh\azure-sdk-for-net\common\Stress\Azure.Test.Stress\StressTest.cs(44,32): error CS0161: 'StressTest<TOptions, TMetrics>.DisposeAsync()': not all code paths return a value
C:\gh\azure-sdk-for-net\common\Stress\Azure.Test.Stress\StressMetrics.cs(57,20): error CS8179: Predefined type 'System.ValueTuple`2' is not defined or imported
C:\gh\azure-sdk-for-net\common\Stress\Azure.Test.Stress\StressMetrics.cs(57,28): error CS8179: Predefined type 'System.ValueTuple`2' is not defined or imported
C:\gh\azure-sdk-for-net\common\Stress\Azure.Test.Stress\StressMetrics.cs(62,34): error CS0246: The type or namespace name 'AzureEventSourceListener' could not be found (are you missing a using directive or an assembly reference?)
C:\gh\azure-sdk-for-net\common\PerfStressShared\PerfStressUtilities.cs(55,39): error CS0246: The type or namespace name 'VerbAttribute' could not be found (are you missing a using directive or an assembly reference?)
C:\gh\azure-sdk-for-net\common\Stress\Azure.Test.Stress\StressProgram.cs(88,28): error CS1061: 'IStressTest' does not contain a definition for 'DisposeAsync' and no accessible extension method 'DisposeAsync' accepting a first argument of type 'IStressTest' could be found (are you missing a using directive or an assembly reference?)
C:\gh\azure-sdk-for-net\common\Stress\Azure.Test.Stress\StressProgram.cs(124,27): error CS0103: The name 'JsonSerializer' does not exist in the current context
C:\gh\azure-sdk-for-net\common\Stress\Azure.Test.Stress\StressProgram.cs(124,84): error CS0246: The type or namespace name 'JsonSerializerOptions' could not be found (are you missing a using directive or an assembly reference?)
C:\gh\azure-sdk-for-net\common\Stress\Azure.Test.Stress\StressProgram.cs(171,31): error CS8179: Predefined type 'System.ValueTuple`2' is not defined or imported
C:\gh\azure-sdk-for-net\common\Stress\Azure.Test.Stress\StressProgram.cs(171,31): error CS8179: Predefined type 'System.ValueTuple`2' is not defined or imported
C:\gh\azure-sdk-for-net\common\Stress\Azure.Test.Stress\StressProgram.cs(171,31): error CS8179: Predefined type 'System.ValueTuple`2' is not defined or imported
C:\gh\azure-sdk-for-net\common\Stress\Azure.Test.Stress\StressMetrics.cs(144,33): error CS8137: Cannot define a class or member that utilizes tuples because the compiler required type 'System.Runtime.CompilerServices.TupleElementNamesAttribute' cannot be found. Are you missing a reference?
C:\gh\azure-sdk-for-net\common\Stress\Azure.Test.Stress\StressMetrics.cs(144,33): error CS8179: Predefined type 'System.ValueTuple`2' is not defined or imported
C:\gh\azure-sdk-for-net\common\Stress\Azure.Test.Stress\StressMetrics.cs(144,28): error CS8179: Predefined type 'System.ValueTuple`2' is not defined or imported
C:\gh\azure-sdk-for-net\common\Stress\Azure.Test.Stress\StressMetrics.cs(147,18): error CS8179: Predefined type 'System.ValueTuple`2' is not defined or imported
C:\gh\azure-sdk-for-net\common\Stress\Azure.Test.Stress\StressMetrics.cs(147,22): error CS8179: Predefined type 'System.ValueTuple`2' is not defined or imported
C:\gh\azure-sdk-for-net\common\Stress\Azure.Test.Stress\StressMetrics.cs(148,18): error CS8179: Predefined type 'System.ValueTuple`2' is not defined or imported
C:\gh\azure-sdk-for-net\common\Stress\Azure.Test.Stress\StressMetrics.cs(148,22): error CS8179: Predefined type 'System.ValueTuple`2' is not defined or imported
C:\gh\azure-sdk-for-net\common\Stress\Azure.Test.Stress\StressMetrics.cs(149,18): error CS8179: Predefined type 'System.ValueTuple`2' is not defined or imported
C:\gh\azure-sdk-for-net\common\Stress\Azure.Test.Stress\StressMetrics.cs(149,22): error CS8179: Predefined type 'System.ValueTuple`2' is not defined or imported
C:\gh\azure-sdk-for-net\common\Stress\Azure.Test.Stress\StressMetrics.cs(152,18): error CS8179: Predefined type 'System.ValueTuple`2' is not defined or imported
C:\gh\azure-sdk-for-net\common\Stress\Azure.Test.Stress\StressMetrics.cs(152,22): error CS8179: Predefined type 'System.ValueTuple`2' is not defined or imported
C:\gh\azure-sdk-for-net\common\Stress\Azure.Test.Stress\StressMetrics.cs(155,18): error CS8179: Predefined type 'System.ValueTuple`2' is not defined or imported
C:\gh\azure-sdk-for-net\common\Stress\Azure.Test.Stress\StressMetrics.cs(155,22): error CS8179: Predefined type 'System.ValueTuple`2' is not defined or imported
C:\gh\azure-sdk-for-net\common\Stress\Azure.Test.Stress\StressMetrics.cs(156,18): error CS8179: Predefined type 'System.ValueTuple`2' is not defined or imported
C:\gh\azure-sdk-for-net\common\Stress\Azure.Test.Stress\StressMetrics.cs(156,22): error CS8179: Predefined type 'System.ValueTuple`2' is not defined or imported
C:\gh\azure-sdk-for-net\common\Stress\Azure.Test.Stress\StressMetrics.cs(157,18): error CS8179: Predefined type 'System.ValueTuple`2' is not defined or imported
C:\gh\azure-sdk-for-net\common\Stress\Azure.Test.Stress\StressMetrics.cs(157,22): error CS8179: Predefined type 'System.ValueTuple`2' is not defined or imported
C:\gh\azure-sdk-for-net\common\Stress\Azure.Test.Stress\StressMetrics.cs(158,18): error CS8179: Predefined type 'System.ValueTuple`2' is not defined or imported
C:\gh\azure-sdk-for-net\common\Stress\Azure.Test.Stress\StressMetrics.cs(158,22): error CS8179: Predefined type 'System.ValueTuple`2' is not defined or imported
C:\gh\azure-sdk-for-net\common\Stress\Azure.Test.Stress\StressMetrics.cs(159,18): error CS8179: Predefined type 'System.ValueTuple`2' is not defined or imported
C:\gh\azure-sdk-for-net\common\Stress\Azure.Test.Stress\StressMetrics.cs(159,22): error CS8179: Predefined type 'System.ValueTuple`2' is not defined or imported
C:\gh\azure-sdk-for-net\common\Stress\Azure.Test.Stress\StressMetrics.cs(160,18): error CS8179: Predefined type 'System.ValueTuple`2' is not defined or imported
C:\gh\azure-sdk-for-net\common\Stress\Azure.Test.Stress\StressMetrics.cs(160,22): error CS8179: Predefined type 'System.ValueTuple`2' is not defined or imported
C:\gh\azure-sdk-for-net\common\Stress\Azure.Test.Stress\StressMetrics.cs(163,18): error CS8179: Predefined type 'System.ValueTuple`2' is not defined or imported
C:\gh\azure-sdk-for-net\common\Stress\Azure.Test.Stress\StressMetrics.cs(163,22): error CS8179: Predefined type 'System.ValueTuple`2' is not defined or imported
C:\gh\azure-sdk-for-net\common\Stress\Azure.Test.Stress\StressMetrics.cs(166,22): error CS8179: Predefined type 'System.ValueTuple`2' is not defined or imported
C:\gh\azure-sdk-for-net\common\Stress\Azure.Test.Stress\StressMetrics.cs(166,26): error CS8179: Predefined type 'System.ValueTuple`2' is not defined or imported
C:\gh\azure-sdk-for-net\common\Stress\Azure.Test.Stress\StressMetrics.cs(170,18): error CS8179: Predefined type 'System.ValueTuple`2' is not defined or imported
C:\gh\azure-sdk-for-net\common\Stress\Azure.Test.Stress\StressMetrics.cs(170,46): error CS8179: Predefined type 'System.ValueTuple`2' is not defined or imported
C:\gh\azure-sdk-for-net\common\Stress\Azure.Test.Stress\StressMetrics.cs(170,39): error CS8179: Predefined type 'System.ValueTuple`2' is not defined or imported
C:\gh\azure-sdk-for-net\common\Stress\Azure.Test.Stress\StressMetrics.cs(170,22): error CS8179: Predefined type 'System.ValueTuple`2' is not defined or imported
C:\gh\azure-sdk-for-net\common\Stress\Azure.Test.Stress\StressMetrics.cs(171,31): error CS8179: Predefined type 'System.ValueTuple`2' is not defined or imported
C:\gh\azure-sdk-for-net\common\Stress\Azure.Test.Stress\StressMetrics.cs(171,126): error CS8179: Predefined type 'System.ValueTuple`2' is not defined or imported
C:\gh\azure-sdk-for-net\common\Stress\Azure.Test.Stress\StressMetrics.cs(171,124): error CS8179: Predefined type 'System.ValueTuple`2' is not defined or imported
C:\gh\azure-sdk-for-net\common\Stress\Azure.Test.Stress\StressMetrics.cs(173,22): error CS8179: Predefined type 'System.ValueTuple`2' is not defined or imported
C:\gh\azure-sdk-for-net\common\Stress\Azure.Test.Stress\StressMetrics.cs(173,26): error CS8179: Predefined type 'System.ValueTuple`2' is not defined or imported
C:\gh\azure-sdk-for-net\common\Stress\Azure.Test.Stress\StressMetrics.cs(185,30): error CS8179: Predefined type 'System.ValueTuple`2' is not defined or imported
C:\gh\azure-sdk-for-net\common\Stress\Azure.Test.Stress\StressMetrics.cs(185,34): error CS8179: Predefined type 'System.ValueTuple`2' is not defined or imported
C:\gh\azure-sdk-for-net\common\Stress\Azure.Test.Stress\StressMetrics.cs(188,30): error CS8179: Predefined type 'System.ValueTuple`2' is not defined or imported
C:\gh\azure-sdk-for-net\common\Stress\Azure.Test.Stress\StressMetrics.cs(188,34): error CS8179: Predefined type 'System.ValueTuple`2' is not defined or imported
C:\gh\azure-sdk-for-net\common\Stress\Azure.Test.Stress\StressMetrics.cs(222,36): error CS8179: Predefined type 'System.ValueTuple`2' is not defined or imported
C:\gh\azure-sdk-for-net\common\Stress\Azure.Test.Stress\StressMetrics.cs(225,33): error CS8179: Predefined type 'System.ValueTuple`2' is not defined or imported
C:\gh\azure-sdk-for-net\common\Stress\Azure.Test.Stress\StressMetrics.cs(225,33): error CS8179: Predefined type 'System.ValueTuple`2' is not defined or imported
C:\gh\azure-sdk-for-net\common\Stress\Azure.Test.Stress\StressMetrics.cs(225,33): error CS8179: Predefined type 'System.ValueTuple`2' is not defined or imported
C:\gh\azure-sdk-for-net\common\Stress\Azure.Test.Stress\StressProgram.cs(12,1): hidden CS8019: Unnecessary using directive.
C:\gh\azure-sdk-for-net\artifacts\obj\Azure.Test.Stress\Debug\net461\.NETFramework,Version=v4.6.1.AssemblyAttributes.cs(2,1): hidden CS8019: Unnecessary using directive.
C:\gh\azure-sdk-for-net\artifacts\obj\Azure.Test.Stress\Debug\net461\Azure.Test.Stress.AssemblyInfo.cs(11,1): hidden CS8019: Unnecessary using directive.
C:\gh\azure-sdk-for-net\artifacts\obj\Azure.Test.Stress\Debug\net461\.NETFramework,Version=v4.6.1.AssemblyAttributes.cs(3,1): hidden CS8019: Unnecessary using directive.
C:\gh\azure-sdk-for-net\common\PerfStressShared\PerfStressUtilities.cs(4,1): hidden CS8019: Unnecessary using directive.
C:\gh\azure-sdk-for-net\artifacts\obj\Azure.Test.Stress\Debug\net461\Azure.Test.Stress.AssemblyInfo.cs(12,1): hidden CS8019: Unnecessary using directive.
C:\gh\azure-sdk-for-net\common\Stress\Azure.Test.Stress\StressOptions.cs(4,1): hidden CS8019: Unnecessary using directive.
C:\gh\azure-sdk-for-net\common\Stress\Azure.Test.Stress\StressMetrics.cs(4,1): hidden CS8019: Unnecessary using directive.
C:\gh\azure-sdk-for-net\common\Stress\Azure.Test.Stress\StressProgram.cs(5,1): hidden CS8019: Unnecessary using directive.
