C:\gh\azure-sdk-for-net\eng\mgmt\DisableTestRunParallel.cs(7,12): error CS0246: The type or namespace name 'CollectionBehaviorAttribute' could not be found (are you missing a using directive or an assembly reference?)
C:\gh\azure-sdk-for-net\eng\mgmt\DisableTestRunParallel.cs(7,12): error CS0246: The type or namespace name 'CollectionBehavior' could not be found (are you missing a using directive or an assembly reference?)
C:\gh\azure-sdk-for-net\eng\mgmt\DisableTestRunParallel.cs(7,31): error CS0246: The type or namespace name 'DisableTestParallelization' could not be found (are you missing a using directive or an assembly reference?)
C:\gh\azure-sdk-for-net\eng\mgmt\DisableTestRunParallel.cs(7,66): error CS0246: The type or namespace name 'MaxParallelThreads' could not be found (are you missing a using directive or an assembly reference?)
C:\gh\azure-sdk-for-net\sdk\reservations\Microsoft.Azure.Management.Reservations\tests\ScenarioTests\NonReservationObjectTests.cs(7,34): error CS0234: The type or namespace name 'Resources' does not exist in the namespace 'Microsoft.Azure.Management' (are you missing an assembly reference?)
C:\gh\azure-sdk-for-net\sdk\reservations\Microsoft.Azure.Management.Reservations\tests\ScenarioTests\NonReservationObjectTests.cs(15,7): error CS0246: The type or namespace name 'Xunit' could not be found (are you missing a using directive or an assembly reference?)
C:\gh\azure-sdk-for-net\sdk\reservations\Microsoft.Azure.Management.Reservations\tests\ScenarioTests\ReservationOrderTests.cs(6,34): error CS0234: The type or namespace name 'Resources' does not exist in the namespace 'Microsoft.Azure.Management' (are you missing an assembly reference?)
C:\gh\azure-sdk-for-net\sdk\reservations\Microsoft.Azure.Management.Reservations\tests\ScenarioTests\ReservationOrderTests.cs(10,7): error CS0246: The type or namespace name 'Xunit' could not be found (are you missing a using directive or an assembly reference?)
C:\gh\azure-sdk-for-net\sdk\reservations\Microsoft.Azure.Management.Reservations\tests\ScenarioTests\ReservationsTestBase.cs(16,7): error CS0246: The type or namespace name 'Xunit' could not be found (are you missing a using directive or an assembly reference?)
C:\gh\azure-sdk-for-net\sdk\reservations\Microsoft.Azure.Management.Reservations\tests\ScenarioTests\ReservationTests.cs(10,34): error CS0234: The type or namespace name 'Resources' does not exist in the namespace 'Microsoft.Azure.Management' (are you missing an assembly reference?)
C:\gh\azure-sdk-for-net\sdk\reservations\Microsoft.Azure.Management.Reservations\tests\ScenarioTests\ReservationTests.cs(14,7): error CS0246: The type or namespace name 'Xunit' could not be found (are you missing a using directive or an assembly reference?)
C:\gh\azure-sdk-for-net\eng\mgmt\DisableTestRunParallel.cs(5,7): error CS0246: The type or namespace name 'Xunit' could not be found (are you missing a using directive or an assembly reference?)
C:\gh\azure-sdk-for-net\sdk\reservations\Microsoft.Azure.Management.Reservations\tests\ScenarioTests\QuotaTests.cs(15,38): error CS0234: The type or namespace name 'Resources' does not exist in the namespace 'Microsoft.Azure.Management' (are you missing an assembly reference?)
C:\gh\azure-sdk-for-net\sdk\reservations\Microsoft.Azure.Management.Reservations\tests\ScenarioTests\QuotaTests.cs(19,11): error CS0246: The type or namespace name 'Xunit' could not be found (are you missing a using directive or an assembly reference?)
C:\gh\azure-sdk-for-net\sdk\reservations\Microsoft.Azure.Management.Reservations\tests\ScenarioTests\QuotaTests.cs(20,26): error CS0234: The type or namespace name 'Azure' does not exist in the namespace 'Microsoft.Rest' (are you missing an assembly reference?)
C:\gh\azure-sdk-for-net\sdk\reservations\Microsoft.Azure.Management.Reservations\tests\ScenarioTests\ReservationOrderTests.cs(16,10): error CS0246: The type or namespace name 'FactAttribute' could not be found (are you missing a using directive or an assembly reference?)
C:\gh\azure-sdk-for-net\sdk\reservations\Microsoft.Azure.Management.Reservations\tests\ScenarioTests\ReservationOrderTests.cs(16,10): error CS0246: The type or namespace name 'Fact' could not be found (are you missing a using directive or an assembly reference?)
C:\gh\azure-sdk-for-net\sdk\reservations\Microsoft.Azure.Management.Reservations\tests\ScenarioTests\ReservationTests.cs(21,10): error CS0246: The type or namespace name 'FactAttribute' could not be found (are you missing a using directive or an assembly reference?)
C:\gh\azure-sdk-for-net\sdk\reservations\Microsoft.Azure.Management.Reservations\tests\ScenarioTests\ReservationTests.cs(21,10): error CS0246: The type or namespace name 'Fact' could not be found (are you missing a using directive or an assembly reference?)
C:\gh\azure-sdk-for-net\sdk\reservations\Microsoft.Azure.Management.Reservations\tests\ScenarioTests\QuotaTests.cs(45,10): error CS0246: The type or namespace name 'FactAttribute' could not be found (are you missing a using directive or an assembly reference?)
C:\gh\azure-sdk-for-net\sdk\reservations\Microsoft.Azure.Management.Reservations\tests\ScenarioTests\QuotaTests.cs(45,10): error CS0246: The type or namespace name 'Fact' could not be found (are you missing a using directive or an assembly reference?)
C:\gh\azure-sdk-for-net\sdk\reservations\Microsoft.Azure.Management.Reservations\tests\ScenarioTests\NonReservationObjectTests.cs(23,10): error CS0246: The type or namespace name 'FactAttribute' could not be found (are you missing a using directive or an assembly reference?)
C:\gh\azure-sdk-for-net\sdk\reservations\Microsoft.Azure.Management.Reservations\tests\ScenarioTests\NonReservationObjectTests.cs(23,10): error CS0246: The type or namespace name 'Fact' could not be found (are you missing a using directive or an assembly reference?)
C:\gh\azure-sdk-for-net\sdk\reservations\Microsoft.Azure.Management.Reservations\tests\ScenarioTests\QuotaTests.cs(65,10): error CS0246: The type or namespace name 'FactAttribute' could not be found (are you missing a using directive or an assembly reference?)
C:\gh\azure-sdk-for-net\sdk\reservations\Microsoft.Azure.Management.Reservations\tests\ScenarioTests\QuotaTests.cs(65,10): error CS0246: The type or namespace name 'Fact' could not be found (are you missing a using directive or an assembly reference?)
C:\gh\azure-sdk-for-net\sdk\reservations\Microsoft.Azure.Management.Reservations\tests\ScenarioTests\QuotaTests.cs(85,10): error CS0246: The type or namespace name 'FactAttribute' could not be found (are you missing a using directive or an assembly reference?)
C:\gh\azure-sdk-for-net\sdk\reservations\Microsoft.Azure.Management.Reservations\tests\ScenarioTests\QuotaTests.cs(85,10): error CS0246: The type or namespace name 'Fact' could not be found (are you missing a using directive or an assembly reference?)
C:\gh\azure-sdk-for-net\sdk\reservations\Microsoft.Azure.Management.Reservations\tests\ScenarioTests\QuotaTests.cs(104,10): error CS0246: The type or namespace name 'FactAttribute' could not be found (are you missing a using directive or an assembly reference?)
C:\gh\azure-sdk-for-net\sdk\reservations\Microsoft.Azure.Management.Reservations\tests\ScenarioTests\QuotaTests.cs(104,10): error CS0246: The type or namespace name 'Fact' could not be found (are you missing a using directive or an assembly reference?)
C:\gh\azure-sdk-for-net\sdk\reservations\Microsoft.Azure.Management.Reservations\tests\ScenarioTests\QuotaTests.cs(125,10): error CS0246: The type or namespace name 'FactAttribute' could not be found (are you missing a using directive or an assembly reference?)
C:\gh\azure-sdk-for-net\sdk\reservations\Microsoft.Azure.Management.Reservations\tests\ScenarioTests\QuotaTests.cs(125,10): error CS0246: The type or namespace name 'Fact' could not be found (are you missing a using directive or an assembly reference?)
C:\gh\azure-sdk-for-net\sdk\reservations\Microsoft.Azure.Management.Reservations\tests\ScenarioTests\QuotaTests.cs(149,10): error CS0246: The type or namespace name 'FactAttribute' could not be found (are you missing a using directive or an assembly reference?)
C:\gh\azure-sdk-for-net\sdk\reservations\Microsoft.Azure.Management.Reservations\tests\ScenarioTests\QuotaTests.cs(149,10): error CS0246: The type or namespace name 'Fact' could not be found (are you missing a using directive or an assembly reference?)
C:\gh\azure-sdk-for-net\sdk\reservations\Microsoft.Azure.Management.Reservations\tests\ScenarioTests\NonReservationObjectTests.cs(104,10): error CS0246: The type or namespace name 'FactAttribute' could not be found (are you missing a using directive or an assembly reference?)
C:\gh\azure-sdk-for-net\sdk\reservations\Microsoft.Azure.Management.Reservations\tests\ScenarioTests\NonReservationObjectTests.cs(104,10): error CS0246: The type or namespace name 'Fact' could not be found (are you missing a using directive or an assembly reference?)
C:\gh\azure-sdk-for-net\sdk\reservations\Microsoft.Azure.Management.Reservations\tests\ScenarioTests\QuotaTests.cs(218,10): error CS0246: The type or namespace name 'FactAttribute' could not be found (are you missing a using directive or an assembly reference?)
C:\gh\azure-sdk-for-net\sdk\reservations\Microsoft.Azure.Management.Reservations\tests\ScenarioTests\QuotaTests.cs(218,10): error CS0246: The type or namespace name 'Fact' could not be found (are you missing a using directive or an assembly reference?)
C:\gh\azure-sdk-for-net\sdk\reservations\Microsoft.Azure.Management.Reservations\tests\ScenarioTests\NonReservationObjectTests.cs(124,10): error CS0246: The type or namespace name 'FactAttribute' could not be found (are you missing a using directive or an assembly reference?)
C:\gh\azure-sdk-for-net\sdk\reservations\Microsoft.Azure.Management.Reservations\tests\ScenarioTests\NonReservationObjectTests.cs(124,10): error CS0246: The type or namespace name 'Fact' could not be found (are you missing a using directive or an assembly reference?)
C:\gh\azure-sdk-for-net\sdk\reservations\Microsoft.Azure.Management.Reservations\tests\ScenarioTests\QuotaTests.cs(249,10): error CS0246: The type or namespace name 'FactAttribute' could not be found (are you missing a using directive or an assembly reference?)
C:\gh\azure-sdk-for-net\sdk\reservations\Microsoft.Azure.Management.Reservations\tests\ScenarioTests\QuotaTests.cs(249,10): error CS0246: The type or namespace name 'Fact' could not be found (are you missing a using directive or an assembly reference?)
C:\gh\azure-sdk-for-net\sdk\reservations\Microsoft.Azure.Management.Reservations\tests\ScenarioTests\QuotaTests.cs(280,10): error CS0246: The type or namespace name 'FactAttribute' could not be found (are you missing a using directive or an assembly reference?)
C:\gh\azure-sdk-for-net\sdk\reservations\Microsoft.Azure.Management.Reservations\tests\ScenarioTests\QuotaTests.cs(280,10): error CS0246: The type or namespace name 'Fact' could not be found (are you missing a using directive or an assembly reference?)
C:\gh\azure-sdk-for-net\sdk\reservations\Microsoft.Azure.Management.Reservations\tests\ScenarioTests\QuotaTests.cs(310,10): error CS0246: The type or namespace name 'FactAttribute' could not be found (are you missing a using directive or an assembly reference?)
C:\gh\azure-sdk-for-net\sdk\reservations\Microsoft.Azure.Management.Reservations\tests\ScenarioTests\QuotaTests.cs(310,10): error CS0246: The type or namespace name 'Fact' could not be found (are you missing a using directive or an assembly reference?)
C:\gh\azure-sdk-for-net\sdk\reservations\Microsoft.Azure.Management.Reservations\tests\ScenarioTests\QuotaTests.cs(346,10): error CS0246: The type or namespace name 'FactAttribute' could not be found (are you missing a using directive or an assembly reference?)
C:\gh\azure-sdk-for-net\sdk\reservations\Microsoft.Azure.Management.Reservations\tests\ScenarioTests\QuotaTests.cs(346,10): error CS0246: The type or namespace name 'Fact' could not be found (are you missing a using directive or an assembly reference?)
C:\gh\azure-sdk-for-net\sdk\reservations\Microsoft.Azure.Management.Reservations\tests\ScenarioTests\QuotaTests.cs(55,30): error CS0012: The type 'IPage<>' is defined in an assembly that is not referenced. You must add a reference to assembly 'Microsoft.Rest.ClientRuntime.Azure, Version=3.0.0.0, Culture=neutral, PublicKeyToken=31bf3856ad364e35'.
C:\gh\azure-sdk-for-net\sdk\reservations\Microsoft.Azure.Management.Reservations\tests\ScenarioTests\QuotaTests.cs(57,17): error CS0103: The name 'Assert' does not exist in the current context
C:\gh\azure-sdk-for-net\sdk\reservations\Microsoft.Azure.Management.Reservations\tests\ScenarioTests\QuotaTests.cs(75,30): error CS0012: The type 'IPage<>' is defined in an assembly that is not referenced. You must add a reference to assembly 'Microsoft.Rest.ClientRuntime.Azure, Version=3.0.0.0, Culture=neutral, PublicKeyToken=31bf3856ad364e35'.
C:\gh\azure-sdk-for-net\sdk\reservations\Microsoft.Azure.Management.Reservations\tests\ScenarioTests\QuotaTests.cs(77,17): error CS0103: The name 'Assert' does not exist in the current context
C:\gh\azure-sdk-for-net\sdk\reservations\Microsoft.Azure.Management.Reservations\tests\ScenarioTests\QuotaTests.cs(97,17): error CS0103: The name 'Assert' does not exist in the current context
C:\gh\azure-sdk-for-net\sdk\reservations\Microsoft.Azure.Management.Reservations\tests\ScenarioTests\QuotaTests.cs(114,37): error CS0012: The type 'IPage<>' is defined in an assembly that is not referenced. You must add a reference to assembly 'Microsoft.Rest.ClientRuntime.Azure, Version=3.0.0.0, Culture=neutral, PublicKeyToken=31bf3856ad364e35'.
C:\gh\azure-sdk-for-net\sdk\reservations\Microsoft.Azure.Management.Reservations\tests\ScenarioTests\QuotaTests.cs(116,17): error CS0103: The name 'Assert' does not exist in the current context
C:\gh\azure-sdk-for-net\sdk\reservations\Microsoft.Azure.Management.Reservations\tests\ScenarioTests\QuotaTests.cs(136,37): error CS0012: The type 'IPage<>' is defined in an assembly that is not referenced. You must add a reference to assembly 'Microsoft.Rest.ClientRuntime.Azure, Version=3.0.0.0, Culture=neutral, PublicKeyToken=31bf3856ad364e35'.
C:\gh\azure-sdk-for-net\sdk\reservations\Microsoft.Azure.Management.Reservations\tests\ScenarioTests\QuotaTests.cs(138,17): error CS0103: The name 'Assert' does not exist in the current context
C:\gh\azure-sdk-for-net\sdk\reservations\Microsoft.Azure.Management.Reservations\tests\ScenarioTests\QuotaTests.cs(140,17): error CS0103: The name 'Assert' does not exist in the current context
C:\gh\azure-sdk-for-net\sdk\reservations\Microsoft.Azure.Management.Reservations\tests\ScenarioTests\ReservationsTestBase.cs(26,13): error CS0103: The name 'Assert' does not exist in the current context
C:\gh\azure-sdk-for-net\sdk\reservations\Microsoft.Azure.Management.Reservations\tests\ScenarioTests\ReservationsTestBase.cs(27,13): error CS0103: The name 'Assert' does not exist in the current context
C:\gh\azure-sdk-for-net\sdk\reservations\Microsoft.Azure.Management.Reservations\tests\ScenarioTests\ReservationsTestBase.cs(28,13): error CS0103: The name 'Assert' does not exist in the current context
C:\gh\azure-sdk-for-net\sdk\reservations\Microsoft.Azure.Management.Reservations\tests\ScenarioTests\ReservationsTestBase.cs(29,13): error CS0103: The name 'Assert' does not exist in the current context
C:\gh\azure-sdk-for-net\sdk\reservations\Microsoft.Azure.Management.Reservations\tests\ScenarioTests\ReservationsTestBase.cs(30,13): error CS0103: The name 'Assert' does not exist in the current context
C:\gh\azure-sdk-for-net\sdk\reservations\Microsoft.Azure.Management.Reservations\tests\ScenarioTests\ReservationsTestBase.cs(35,13): error CS0103: The name 'Assert' does not exist in the current context
C:\gh\azure-sdk-for-net\sdk\reservations\Microsoft.Azure.Management.Reservations\tests\ScenarioTests\ReservationsTestBase.cs(36,13): error CS0103: The name 'Assert' does not exist in the current context
C:\gh\azure-sdk-for-net\sdk\reservations\Microsoft.Azure.Management.Reservations\tests\ScenarioTests\ReservationsTestBase.cs(37,13): error CS0103: The name 'Assert' does not exist in the current context
C:\gh\azure-sdk-for-net\sdk\reservations\Microsoft.Azure.Management.Reservations\tests\ScenarioTests\ReservationsTestBase.cs(38,13): error CS0103: The name 'Assert' does not exist in the current context
C:\gh\azure-sdk-for-net\sdk\reservations\Microsoft.Azure.Management.Reservations\tests\ScenarioTests\ReservationsTestBase.cs(39,13): error CS0103: The name 'Assert' does not exist in the current context
C:\gh\azure-sdk-for-net\sdk\reservations\Microsoft.Azure.Management.Reservations\tests\ScenarioTests\ReservationsTestBase.cs(40,13): error CS0103: The name 'Assert' does not exist in the current context
C:\gh\azure-sdk-for-net\sdk\reservations\Microsoft.Azure.Management.Reservations\tests\ScenarioTests\ReservationsTestBase.cs(41,13): error CS0103: The name 'Assert' does not exist in the current context
C:\gh\azure-sdk-for-net\sdk\reservations\Microsoft.Azure.Management.Reservations\tests\ScenarioTests\ReservationsTestBase.cs(42,13): error CS0103: The name 'Assert' does not exist in the current context
C:\gh\azure-sdk-for-net\sdk\reservations\Microsoft.Azure.Management.Reservations\tests\ScenarioTests\ReservationsTestBase.cs(43,13): error CS0103: The name 'Assert' does not exist in the current context
C:\gh\azure-sdk-for-net\sdk\reservations\Microsoft.Azure.Management.Reservations\tests\ScenarioTests\ReservationsTestBase.cs(44,13): error CS0103: The name 'Assert' does not exist in the current context
C:\gh\azure-sdk-for-net\sdk\reservations\Microsoft.Azure.Management.Reservations\tests\ScenarioTests\ReservationsTestBase.cs(45,13): error CS0103: The name 'Assert' does not exist in the current context
C:\gh\azure-sdk-for-net\sdk\reservations\Microsoft.Azure.Management.Reservations\tests\ScenarioTests\QuotaTests.cs(161,17): error CS0103: The name 'Assert' does not exist in the current context
C:\gh\azure-sdk-for-net\sdk\reservations\Microsoft.Azure.Management.Reservations\tests\ScenarioTests\ReservationOrderTests.cs(43,44): error CS0012: The type 'IPage<>' is defined in an assembly that is not referenced. You must add a reference to assembly 'Microsoft.Rest.ClientRuntime.Azure, Version=3.0.0.0, Culture=neutral, PublicKeyToken=31bf3856ad364e35'.
C:\gh\azure-sdk-for-net\sdk\reservations\Microsoft.Azure.Management.Reservations\tests\ScenarioTests\QuotaTests.cs(242,20): error CS0246: The type or namespace name 'CloudException' could not be found (are you missing a using directive or an assembly reference?)
C:\gh\azure-sdk-for-net\sdk\reservations\Microsoft.Azure.Management.Reservations\tests\ScenarioTests\QuotaTests.cs(245,17): error CS0103: The name 'Assert' does not exist in the current context
C:\gh\azure-sdk-for-net\sdk\reservations\Microsoft.Azure.Management.Reservations\tests\ScenarioTests\NonReservationObjectTests.cs(30,50): error CS0012: The type 'ServiceClient<>' is defined in an assembly that is not referenced. You must add a reference to assembly 'Microsoft.Rest.ClientRuntime, Version=2.0.0.0, Culture=neutral, PublicKeyToken=31bf3856ad364e35'.
C:\gh\azure-sdk-for-net\sdk\reservations\Microsoft.Azure.Management.Reservations\tests\ScenarioTests\NonReservationObjectTests.cs(30,31): error CS0012: The type 'ServiceClient<>' is defined in an assembly that is not referenced. You must add a reference to assembly 'Microsoft.Rest.ClientRuntime, Version=2.0.0.0, Culture=neutral, PublicKeyToken=31bf3856ad364e35'.
C:\gh\azure-sdk-for-net\sdk\reservations\Microsoft.Azure.Management.Reservations\tests\ScenarioTests\NonReservationObjectTests.cs(30,31): error CS0012: The type 'IAzureClient' is defined in an assembly that is not referenced. You must add a reference to assembly 'Microsoft.Rest.ClientRuntime.Azure, Version=3.0.0.0, Culture=neutral, PublicKeyToken=31bf3856ad364e35'.
C:\gh\azure-sdk-for-net\sdk\reservations\Microsoft.Azure.Management.Reservations\tests\ScenarioTests\NonReservationObjectTests.cs(31,17): error CS0103: The name 'Assert' does not exist in the current context
C:\gh\azure-sdk-for-net\sdk\reservations\Microsoft.Azure.Management.Reservations\tests\ScenarioTests\NonReservationObjectTests.cs(39,46): error CS0012: The type 'ServiceClient<>' is defined in an assembly that is not referenced. You must add a reference to assembly 'Microsoft.Rest.ClientRuntime, Version=2.0.0.0, Culture=neutral, PublicKeyToken=31bf3856ad364e35'.
C:\gh\azure-sdk-for-net\sdk\reservations\Microsoft.Azure.Management.Reservations\tests\ScenarioTests\NonReservationObjectTests.cs(39,27): error CS0012: The type 'ServiceClient<>' is defined in an assembly that is not referenced. You must add a reference to assembly 'Microsoft.Rest.ClientRuntime, Version=2.0.0.0, Culture=neutral, PublicKeyToken=31bf3856ad364e35'.
C:\gh\azure-sdk-for-net\sdk\reservations\Microsoft.Azure.Management.Reservations\tests\ScenarioTests\NonReservationObjectTests.cs(39,27): error CS0012: The type 'IAzureClient' is defined in an assembly that is not referenced. You must add a reference to assembly 'Microsoft.Rest.ClientRuntime.Azure, Version=3.0.0.0, Culture=neutral, PublicKeyToken=31bf3856ad364e35'.
C:\gh\azure-sdk-for-net\sdk\reservations\Microsoft.Azure.Management.Reservations\tests\ScenarioTests\NonReservationObjectTests.cs(40,17): error CS0103: The name 'Assert' does not exist in the current context
C:\gh\azure-sdk-for-net\sdk\reservations\Microsoft.Azure.Management.Reservations\tests\ScenarioTests\NonReservationObjectTests.cs(48,46): error CS0012: The type 'ServiceClient<>' is defined in an assembly that is not referenced. You must add a reference to assembly 'Microsoft.Rest.ClientRuntime, Version=2.0.0.0, Culture=neutral, PublicKeyToken=31bf3856ad364e35'.
C:\gh\azure-sdk-for-net\sdk\reservations\Microsoft.Azure.Management.Reservations\tests\ScenarioTests\NonReservationObjectTests.cs(48,27): error CS0012: The type 'ServiceClient<>' is defined in an assembly that is not referenced. You must add a reference to assembly 'Microsoft.Rest.ClientRuntime, Version=2.0.0.0, Culture=neutral, PublicKeyToken=31bf3856ad364e35'.
C:\gh\azure-sdk-for-net\sdk\reservations\Microsoft.Azure.Management.Reservations\tests\ScenarioTests\NonReservationObjectTests.cs(48,27): error CS0012: The type 'IAzureClient' is defined in an assembly that is not referenced. You must add a reference to assembly 'Microsoft.Rest.ClientRuntime.Azure, Version=3.0.0.0, Culture=neutral, PublicKeyToken=31bf3856ad364e35'.
C:\gh\azure-sdk-for-net\sdk\reservations\Microsoft.Azure.Management.Reservations\tests\ScenarioTests\NonReservationObjectTests.cs(49,17): error CS0103: The name 'Assert' does not exist in the current context
C:\gh\azure-sdk-for-net\sdk\reservations\Microsoft.Azure.Management.Reservations\tests\ScenarioTests\NonReservationObjectTests.cs(57,46): error CS0012: The type 'ServiceClient<>' is defined in an assembly that is not referenced. You must add a reference to assembly 'Microsoft.Rest.ClientRuntime, Version=2.0.0.0, Culture=neutral, PublicKeyToken=31bf3856ad364e35'.
C:\gh\azure-sdk-for-net\sdk\reservations\Microsoft.Azure.Management.Reservations\tests\ScenarioTests\NonReservationObjectTests.cs(57,27): error CS0012: The type 'ServiceClient<>' is defined in an assembly that is not referenced. You must add a reference to assembly 'Microsoft.Rest.ClientRuntime, Version=2.0.0.0, Culture=neutral, PublicKeyToken=31bf3856ad364e35'.
C:\gh\azure-sdk-for-net\sdk\reservations\Microsoft.Azure.Management.Reservations\tests\ScenarioTests\NonReservationObjectTests.cs(57,27): error CS0012: The type 'IAzureClient' is defined in an assembly that is not referenced. You must add a reference to assembly 'Microsoft.Rest.ClientRuntime.Azure, Version=3.0.0.0, Culture=neutral, PublicKeyToken=31bf3856ad364e35'.
C:\gh\azure-sdk-for-net\sdk\reservations\Microsoft.Azure.Management.Reservations\tests\ScenarioTests\NonReservationObjectTests.cs(58,17): error CS0103: The name 'Assert' does not exist in the current context
C:\gh\azure-sdk-for-net\sdk\reservations\Microsoft.Azure.Management.Reservations\tests\ScenarioTests\NonReservationObjectTests.cs(66,46): error CS0012: The type 'ServiceClient<>' is defined in an assembly that is not referenced. You must add a reference to assembly 'Microsoft.Rest.ClientRuntime, Version=2.0.0.0, Culture=neutral, PublicKeyToken=31bf3856ad364e35'.
C:\gh\azure-sdk-for-net\sdk\reservations\Microsoft.Azure.Management.Reservations\tests\ScenarioTests\NonReservationObjectTests.cs(66,27): error CS0012: The type 'ServiceClient<>' is defined in an assembly that is not referenced. You must add a reference to assembly 'Microsoft.Rest.ClientRuntime, Version=2.0.0.0, Culture=neutral, PublicKeyToken=31bf3856ad364e35'.
C:\gh\azure-sdk-for-net\sdk\reservations\Microsoft.Azure.Management.Reservations\tests\ScenarioTests\NonReservationObjectTests.cs(66,27): error CS0012: The type 'IAzureClient' is defined in an assembly that is not referenced. You must add a reference to assembly 'Microsoft.Rest.ClientRuntime.Azure, Version=3.0.0.0, Culture=neutral, PublicKeyToken=31bf3856ad364e35'.
C:\gh\azure-sdk-for-net\sdk\reservations\Microsoft.Azure.Management.Reservations\tests\ScenarioTests\NonReservationObjectTests.cs(67,17): error CS0103: The name 'Assert' does not exist in the current context
C:\gh\azure-sdk-for-net\sdk\reservations\Microsoft.Azure.Management.Reservations\tests\ScenarioTests\NonReservationObjectTests.cs(75,46): error CS0012: The type 'ServiceClient<>' is defined in an assembly that is not referenced. You must add a reference to assembly 'Microsoft.Rest.ClientRuntime, Version=2.0.0.0, Culture=neutral, PublicKeyToken=31bf3856ad364e35'.
C:\gh\azure-sdk-for-net\sdk\reservations\Microsoft.Azure.Management.Reservations\tests\ScenarioTests\NonReservationObjectTests.cs(75,27): error CS0012: The type 'ServiceClient<>' is defined in an assembly that is not referenced. You must add a reference to assembly 'Microsoft.Rest.ClientRuntime, Version=2.0.0.0, Culture=neutral, PublicKeyToken=31bf3856ad364e35'.
C:\gh\azure-sdk-for-net\sdk\reservations\Microsoft.Azure.Management.Reservations\tests\ScenarioTests\NonReservationObjectTests.cs(75,27): error CS0012: The type 'IAzureClient' is defined in an assembly that is not referenced. You must add a reference to assembly 'Microsoft.Rest.ClientRuntime.Azure, Version=3.0.0.0, Culture=neutral, PublicKeyToken=31bf3856ad364e35'.
C:\gh\azure-sdk-for-net\sdk\reservations\Microsoft.Azure.Management.Reservations\tests\ScenarioTests\NonReservationObjectTests.cs(76,17): error CS0103: The name 'Assert' does not exist in the current context
C:\gh\azure-sdk-for-net\sdk\reservations\Microsoft.Azure.Management.Reservations\tests\ScenarioTests\NonReservationObjectTests.cs(84,46): error CS0012: The type 'ServiceClient<>' is defined in an assembly that is not referenced. You must add a reference to assembly 'Microsoft.Rest.ClientRuntime, Version=2.0.0.0, Culture=neutral, PublicKeyToken=31bf3856ad364e35'.
C:\gh\azure-sdk-for-net\sdk\reservations\Microsoft.Azure.Management.Reservations\tests\ScenarioTests\NonReservationObjectTests.cs(84,27): error CS0012: The type 'ServiceClient<>' is defined in an assembly that is not referenced. You must add a reference to assembly 'Microsoft.Rest.ClientRuntime, Version=2.0.0.0, Culture=neutral, PublicKeyToken=31bf3856ad364e35'.
C:\gh\azure-sdk-for-net\sdk\reservations\Microsoft.Azure.Management.Reservations\tests\ScenarioTests\NonReservationObjectTests.cs(84,27): error CS0012: The type 'IAzureClient' is defined in an assembly that is not referenced. You must add a reference to assembly 'Microsoft.Rest.ClientRuntime.Azure, Version=3.0.0.0, Culture=neutral, PublicKeyToken=31bf3856ad364e35'.
C:\gh\azure-sdk-for-net\sdk\reservations\Microsoft.Azure.Management.Reservations\tests\ScenarioTests\NonReservationObjectTests.cs(85,17): error CS0103: The name 'Assert' does not exist in the current context
C:\gh\azure-sdk-for-net\sdk\reservations\Microsoft.Azure.Management.Reservations\tests\ScenarioTests\NonReservationObjectTests.cs(93,46): error CS0012: The type 'ServiceClient<>' is defined in an assembly that is not referenced. You must add a reference to assembly 'Microsoft.Rest.ClientRuntime, Version=2.0.0.0, Culture=neutral, PublicKeyToken=31bf3856ad364e35'.
C:\gh\azure-sdk-for-net\sdk\reservations\Microsoft.Azure.Management.Reservations\tests\ScenarioTests\NonReservationObjectTests.cs(93,27): error CS0012: The type 'ServiceClient<>' is defined in an assembly that is not referenced. You must add a reference to assembly 'Microsoft.Rest.ClientRuntime, Version=2.0.0.0, Culture=neutral, PublicKeyToken=31bf3856ad364e35'.
C:\gh\azure-sdk-for-net\sdk\reservations\Microsoft.Azure.Management.Reservations\tests\ScenarioTests\NonReservationObjectTests.cs(93,27): error CS0012: The type 'IAzureClient' is defined in an assembly that is not referenced. You must add a reference to assembly 'Microsoft.Rest.ClientRuntime.Azure, Version=3.0.0.0, Culture=neutral, PublicKeyToken=31bf3856ad364e35'.
C:\gh\azure-sdk-for-net\sdk\reservations\Microsoft.Azure.Management.Reservations\tests\ScenarioTests\NonReservationObjectTests.cs(94,17): error CS0103: The name 'Assert' does not exist in the current context
C:\gh\azure-sdk-for-net\sdk\reservations\Microsoft.Azure.Management.Reservations\tests\ScenarioTests\QuotaTests.cs(273,20): error CS0246: The type or namespace name 'CloudException' could not be found (are you missing a using directive or an assembly reference?)
C:\gh\azure-sdk-for-net\sdk\reservations\Microsoft.Azure.Management.Reservations\tests\ScenarioTests\QuotaTests.cs(276,17): error CS0103: The name 'Assert' does not exist in the current context
C:\gh\azure-sdk-for-net\sdk\reservations\Microsoft.Azure.Management.Reservations\tests\ScenarioTests\NonReservationObjectTests.cs(111,62): error CS0012: The type 'ServiceClient<>' is defined in an assembly that is not referenced. You must add a reference to assembly 'Microsoft.Rest.ClientRuntime, Version=2.0.0.0, Culture=neutral, PublicKeyToken=31bf3856ad364e35'.
C:\gh\azure-sdk-for-net\sdk\reservations\Microsoft.Azure.Management.Reservations\tests\ScenarioTests\NonReservationObjectTests.cs(111,43): error CS0012: The type 'ServiceClient<>' is defined in an assembly that is not referenced. You must add a reference to assembly 'Microsoft.Rest.ClientRuntime, Version=2.0.0.0, Culture=neutral, PublicKeyToken=31bf3856ad364e35'.
C:\gh\azure-sdk-for-net\sdk\reservations\Microsoft.Azure.Management.Reservations\tests\ScenarioTests\NonReservationObjectTests.cs(111,43): error CS0012: The type 'IAzureClient' is defined in an assembly that is not referenced. You must add a reference to assembly 'Microsoft.Rest.ClientRuntime.Azure, Version=3.0.0.0, Culture=neutral, PublicKeyToken=31bf3856ad364e35'.
C:\gh\azure-sdk-for-net\sdk\reservations\Microsoft.Azure.Management.Reservations\tests\ScenarioTests\NonReservationObjectTests.cs(112,17): error CS0103: The name 'Assert' does not exist in the current context
C:\gh\azure-sdk-for-net\sdk\reservations\Microsoft.Azure.Management.Reservations\tests\ScenarioTests\NonReservationObjectTests.cs(113,17): error CS0103: The name 'Assert' does not exist in the current context
C:\gh\azure-sdk-for-net\sdk\reservations\Microsoft.Azure.Management.Reservations\tests\ScenarioTests\NonReservationObjectTests.cs(114,17): error CS0103: The name 'Assert' does not exist in the current context
C:\gh\azure-sdk-for-net\sdk\reservations\Microsoft.Azure.Management.Reservations\tests\ScenarioTests\NonReservationObjectTests.cs(116,17): error CS0103: The name 'Assert' does not exist in the current context
C:\gh\azure-sdk-for-net\sdk\reservations\Microsoft.Azure.Management.Reservations\tests\ScenarioTests\QuotaTests.cs(304,20): error CS0246: The type or namespace name 'CloudException' could not be found (are you missing a using directive or an assembly reference?)
C:\gh\azure-sdk-for-net\sdk\reservations\Microsoft.Azure.Management.Reservations\tests\ScenarioTests\QuotaTests.cs(306,17): error CS0103: The name 'Assert' does not exist in the current context
C:\gh\azure-sdk-for-net\sdk\reservations\Microsoft.Azure.Management.Reservations\tests\ScenarioTests\NonReservationObjectTests.cs(131,34): error CS0012: The type 'IPage<>' is defined in an assembly that is not referenced. You must add a reference to assembly 'Microsoft.Rest.ClientRuntime.Azure, Version=3.0.0.0, Culture=neutral, PublicKeyToken=31bf3856ad364e35'.
C:\gh\azure-sdk-for-net\sdk\reservations\Microsoft.Azure.Management.Reservations\tests\ScenarioTests\NonReservationObjectTests.cs(132,17): error CS0103: The name 'Assert' does not exist in the current context
C:\gh\azure-sdk-for-net\sdk\reservations\Microsoft.Azure.Management.Reservations\tests\ScenarioTests\NonReservationObjectTests.cs(133,17): error CS0103: The name 'Assert' does not exist in the current context
C:\gh\azure-sdk-for-net\sdk\reservations\Microsoft.Azure.Management.Reservations\tests\ScenarioTests\NonReservationObjectTests.cs(140,21): error CS0103: The name 'Assert' does not exist in the current context
C:\gh\azure-sdk-for-net\sdk\reservations\Microsoft.Azure.Management.Reservations\tests\ScenarioTests\NonReservationObjectTests.cs(141,21): error CS0103: The name 'Assert' does not exist in the current context
C:\gh\azure-sdk-for-net\sdk\reservations\Microsoft.Azure.Management.Reservations\tests\ScenarioTests\NonReservationObjectTests.cs(142,21): error CS0103: The name 'Assert' does not exist in the current context
C:\gh\azure-sdk-for-net\sdk\reservations\Microsoft.Azure.Management.Reservations\tests\ScenarioTests\NonReservationObjectTests.cs(143,21): error CS0103: The name 'Assert' does not exist in the current context
C:\gh\azure-sdk-for-net\sdk\reservations\Microsoft.Azure.Management.Reservations\tests\ScenarioTests\NonReservationObjectTests.cs(144,21): error CS0103: The name 'Assert' does not exist in the current context
C:\gh\azure-sdk-for-net\sdk\reservations\Microsoft.Azure.Management.Reservations\tests\ScenarioTests\NonReservationObjectTests.cs(152,17): error CS0103: The name 'Assert' does not exist in the current context
C:\gh\azure-sdk-for-net\sdk\reservations\Microsoft.Azure.Management.Reservations\tests\ScenarioTests\ReservationsTestBase.cs(98,17): error CS0103: The name 'Assert' does not exist in the current context
C:\gh\azure-sdk-for-net\sdk\reservations\Microsoft.Azure.Management.Reservations\tests\ScenarioTests\QuotaTests.cs(335,20): error CS0246: The type or namespace name 'CloudException' could not be found (are you missing a using directive or an assembly reference?)
C:\gh\azure-sdk-for-net\sdk\reservations\Microsoft.Azure.Management.Reservations\tests\ScenarioTests\ReservationTests.cs(49,36): error CS0012: The type 'IPage<>' is defined in an assembly that is not referenced. You must add a reference to assembly 'Microsoft.Rest.ClientRuntime.Azure, Version=3.0.0.0, Culture=neutral, PublicKeyToken=31bf3856ad364e35'.
C:\gh\azure-sdk-for-net\sdk\reservations\Microsoft.Azure.Management.Reservations\tests\ScenarioTests\ReservationTests.cs(61,17): error CS0103: The name 'Assert' does not exist in the current context
C:\gh\azure-sdk-for-net\sdk\reservations\Microsoft.Azure.Management.Reservations\tests\ScenarioTests\QuotaTests.cs(337,17): error CS0103: The name 'Assert' does not exist in the current context
C:\gh\azure-sdk-for-net\sdk\reservations\Microsoft.Azure.Management.Reservations\tests\ScenarioTests\ReservationTests.cs(71,17): error CS0103: The name 'Assert' does not exist in the current context
C:\gh\azure-sdk-for-net\sdk\reservations\Microsoft.Azure.Management.Reservations\tests\ScenarioTests\QuotaTests.cs(338,17): error CS0103: The name 'Assert' does not exist in the current context
C:\gh\azure-sdk-for-net\sdk\reservations\Microsoft.Azure.Management.Reservations\tests\ScenarioTests\ReservationTests.cs(72,17): error CS0103: The name 'Assert' does not exist in the current context
C:\gh\azure-sdk-for-net\sdk\reservations\Microsoft.Azure.Management.Reservations\tests\ScenarioTests\QuotaTests.cs(340,20): error CS0155: The type caught or thrown must be derived from System.Exception
C:\gh\azure-sdk-for-net\sdk\reservations\Microsoft.Azure.Management.Reservations\tests\ScenarioTests\ReservationTests.cs(118,17): error CS0103: The name 'Assert' does not exist in the current context
C:\gh\azure-sdk-for-net\sdk\reservations\Microsoft.Azure.Management.Reservations\tests\ScenarioTests\QuotaTests.cs(340,20): error CS0012: The type 'RestException' is defined in an assembly that is not referenced. You must add a reference to assembly 'Microsoft.Rest.ClientRuntime, Version=2.0.0.0, Culture=neutral, PublicKeyToken=31bf3856ad364e35'.
C:\gh\azure-sdk-for-net\sdk\reservations\Microsoft.Azure.Management.Reservations\tests\ScenarioTests\QuotaTests.cs(342,17): error CS0103: The name 'Assert' does not exist in the current context
C:\gh\azure-sdk-for-net\sdk\reservations\Microsoft.Azure.Management.Reservations\tests\ScenarioTests\QuotaTests.cs(342,32): error CS0012: The type 'HttpResponseMessageWrapper' is defined in an assembly that is not referenced. You must add a reference to assembly 'Microsoft.Rest.ClientRuntime, Version=2.0.0.0, Culture=neutral, PublicKeyToken=31bf3856ad364e35'.
C:\gh\azure-sdk-for-net\sdk\reservations\Microsoft.Azure.Management.Reservations\tests\ScenarioTests\QuotaTests.cs(371,20): error CS0246: The type or namespace name 'CloudException' could not be found (are you missing a using directive or an assembly reference?)
C:\gh\azure-sdk-for-net\sdk\reservations\Microsoft.Azure.Management.Reservations\tests\ScenarioTests\QuotaTests.cs(373,17): error CS0103: The name 'Assert' does not exist in the current context
C:\gh\azure-sdk-for-net\sdk\reservations\Microsoft.Azure.Management.Reservations\tests\ScenarioTests\QuotaTests.cs(374,17): error CS0103: The name 'Assert' does not exist in the current context
C:\gh\azure-sdk-for-net\sdk\reservations\Microsoft.Azure.Management.Reservations\tests\ScenarioTests\QuotaTests.cs(376,20): error CS0155: The type caught or thrown must be derived from System.Exception
C:\gh\azure-sdk-for-net\sdk\reservations\Microsoft.Azure.Management.Reservations\tests\ScenarioTests\QuotaTests.cs(376,20): error CS0012: The type 'RestException' is defined in an assembly that is not referenced. You must add a reference to assembly 'Microsoft.Rest.ClientRuntime, Version=2.0.0.0, Culture=neutral, PublicKeyToken=31bf3856ad364e35'.
C:\gh\azure-sdk-for-net\sdk\reservations\Microsoft.Azure.Management.Reservations\tests\ScenarioTests\QuotaTests.cs(378,17): error CS0103: The name 'Assert' does not exist in the current context
C:\gh\azure-sdk-for-net\sdk\reservations\Microsoft.Azure.Management.Reservations\tests\ScenarioTests\QuotaTests.cs(378,32): error CS0012: The type 'HttpResponseMessageWrapper' is defined in an assembly that is not referenced. You must add a reference to assembly 'Microsoft.Rest.ClientRuntime, Version=2.0.0.0, Culture=neutral, PublicKeyToken=31bf3856ad364e35'.
C:\gh\azure-sdk-for-net\sdk\reservations\Microsoft.Azure.Management.Reservations\tests\ScenarioTests\ReservationTests.cs(154,36): error CS0012: The type 'IPage<>' is defined in an assembly that is not referenced. You must add a reference to assembly 'Microsoft.Rest.ClientRuntime.Azure, Version=3.0.0.0, Culture=neutral, PublicKeyToken=31bf3856ad364e35'.
C:\gh\azure-sdk-for-net\sdk\reservations\Microsoft.Azure.Management.Reservations\tests\ScenarioTests\ReservationTests.cs(166,17): error CS0103: The name 'Assert' does not exist in the current context
C:\gh\azure-sdk-for-net\sdk\reservations\Microsoft.Azure.Management.Reservations\tests\ScenarioTests\ReservationTests.cs(181,36): error CS0012: The type 'IPage<>' is defined in an assembly that is not referenced. You must add a reference to assembly 'Microsoft.Rest.ClientRuntime.Azure, Version=3.0.0.0, Culture=neutral, PublicKeyToken=31bf3856ad364e35'.
C:\gh\azure-sdk-for-net\sdk\reservations\Microsoft.Azure.Management.Reservations\tests\ScenarioTests\ReservationTests.cs(193,17): error CS0103: The name 'Assert' does not exist in the current context
C:\gh\azure-sdk-for-net\sdk\reservations\Microsoft.Azure.Management.Reservations\tests\ScenarioTests\ReservationTests.cs(208,36): error CS0012: The type 'IPage<>' is defined in an assembly that is not referenced. You must add a reference to assembly 'Microsoft.Rest.ClientRuntime.Azure, Version=3.0.0.0, Culture=neutral, PublicKeyToken=31bf3856ad364e35'.
C:\gh\azure-sdk-for-net\sdk\reservations\Microsoft.Azure.Management.Reservations\tests\ScenarioTests\ReservationTests.cs(220,17): error CS0103: The name 'Assert' does not exist in the current context
C:\gh\azure-sdk-for-net\sdk\reservations\Microsoft.Azure.Management.Reservations\tests\ScenarioTests\ReservationTests.cs(226,17): error CS0103: The name 'Assert' does not exist in the current context
C:\gh\azure-sdk-for-net\sdk\reservations\Microsoft.Azure.Management.Reservations\tests\ScenarioTests\ReservationTests.cs(236,36): error CS0012: The type 'IPage<>' is defined in an assembly that is not referenced. You must add a reference to assembly 'Microsoft.Rest.ClientRuntime.Azure, Version=3.0.0.0, Culture=neutral, PublicKeyToken=31bf3856ad364e35'.
C:\gh\azure-sdk-for-net\sdk\reservations\Microsoft.Azure.Management.Reservations\tests\ScenarioTests\ReservationTests.cs(248,17): error CS0103: The name 'Assert' does not exist in the current context
C:\gh\azure-sdk-for-net\sdk\reservations\Microsoft.Azure.Management.Reservations\tests\ScenarioTests\ReservationTests.cs(254,17): error CS0103: The name 'Assert' does not exist in the current context
C:\gh\azure-sdk-for-net\sdk\reservations\Microsoft.Azure.Management.Reservations\tests\ScenarioTests\ReservationTests.cs(264,36): error CS0012: The type 'IPage<>' is defined in an assembly that is not referenced. You must add a reference to assembly 'Microsoft.Rest.ClientRuntime.Azure, Version=3.0.0.0, Culture=neutral, PublicKeyToken=31bf3856ad364e35'.
C:\gh\azure-sdk-for-net\sdk\reservations\Microsoft.Azure.Management.Reservations\tests\ScenarioTests\ReservationTests.cs(276,17): error CS0103: The name 'Assert' does not exist in the current context
C:\gh\azure-sdk-for-net\sdk\reservations\Microsoft.Azure.Management.Reservations\tests\ScenarioTests\ReservationTests.cs(287,17): error CS0103: The name 'Assert' does not exist in the current context
C:\gh\azure-sdk-for-net\sdk\reservations\Microsoft.Azure.Management.Reservations\tests\ScenarioTests\ReservationTests.cs(288,17): error CS0103: The name 'Assert' does not exist in the current context
C:\gh\azure-sdk-for-net\sdk\reservations\Microsoft.Azure.Management.Reservations\tests\ScenarioTests\ReservationTests.cs(298,39): error CS0012: The type 'IPage<>' is defined in an assembly that is not referenced. You must add a reference to assembly 'Microsoft.Rest.ClientRuntime.Azure, Version=3.0.0.0, Culture=neutral, PublicKeyToken=31bf3856ad364e35'.
C:\gh\azure-sdk-for-net\sdk\reservations\Microsoft.Azure.Management.Reservations\tests\ScenarioTests\ReservationTests.cs(299,17): error CS0103: The name 'Assert' does not exist in the current context
C:\gh\azure-sdk-for-net\sdk\reservations\Microsoft.Azure.Management.Reservations\tests\ScenarioTests\ReservationTests.cs(300,17): error CS0103: The name 'Assert' does not exist in the current context
C:\gh\azure-sdk-for-net\sdk\reservations\Microsoft.Azure.Management.Reservations\tests\ScenarioTests\ReservationTests.cs(315,33): error CS0012: The type 'IPage<>' is defined in an assembly that is not referenced. You must add a reference to assembly 'Microsoft.Rest.ClientRuntime.Azure, Version=3.0.0.0, Culture=neutral, PublicKeyToken=31bf3856ad364e35'.
C:\gh\azure-sdk-for-net\sdk\reservations\Microsoft.Azure.Management.Reservations\tests\ScenarioTests\ReservationTests.cs(316,17): error CS0103: The name 'Assert' does not exist in the current context
C:\gh\azure-sdk-for-net\sdk\reservations\Microsoft.Azure.Management.Reservations\tests\ScenarioTests\ReservationTests.cs(317,17): error CS0103: The name 'Assert' does not exist in the current context
C:\gh\azure-sdk-for-net\sdk\reservations\Microsoft.Azure.Management.Reservations\tests\ScenarioTests\ReservationOrderTests.cs(10,1): hidden CS8019: Unnecessary using directive.
C:\gh\azure-sdk-for-net\sdk\reservations\Microsoft.Azure.Management.Reservations\tests\ScenarioTests\NonReservationObjectTests.cs(11,1): hidden CS8019: Unnecessary using directive.
C:\gh\azure-sdk-for-net\sdk\reservations\Microsoft.Azure.Management.Reservations\tests\ScenarioTests\NonReservationObjectTests.cs(16,1): hidden CS8019: Unnecessary using directive.
C:\gh\azure-sdk-for-net\sdk\reservations\Microsoft.Azure.Management.Reservations\tests\ScenarioTests\QuotaTests.cs(20,5): hidden CS8019: Unnecessary using directive.
C:\gh\azure-sdk-for-net\sdk\reservations\Microsoft.Azure.Management.Reservations\tests\ScenarioTests\QuotaTests.cs(19,5): hidden CS8019: Unnecessary using directive.
C:\gh\azure-sdk-for-net\sdk\reservations\Microsoft.Azure.Management.Reservations\tests\ScenarioTests\ReservationsTestBase.cs(16,1): hidden CS8019: Unnecessary using directive.
C:\gh\azure-sdk-for-net\eng\mgmt\DisableTestRunParallel.cs(5,1): hidden CS8019: Unnecessary using directive.
C:\gh\azure-sdk-for-net\sdk\reservations\Microsoft.Azure.Management.Reservations\tests\Helpers\ReservationsManagementTestUtilities.cs(9,1): hidden CS8019: Unnecessary using directive.
C:\gh\azure-sdk-for-net\sdk\reservations\Microsoft.Azure.Management.Reservations\tests\ScenarioTests\NonReservationObjectTests.cs(15,1): hidden CS8019: Unnecessary using directive.
C:\gh\azure-sdk-for-net\sdk\reservations\Microsoft.Azure.Management.Reservations\tests\ScenarioTests\ReservationTests.cs(10,1): hidden CS8019: Unnecessary using directive.
C:\gh\azure-sdk-for-net\sdk\reservations\Microsoft.Azure.Management.Reservations\tests\Helpers\ReservationsManagementTestUtilities.cs(5,1): hidden CS8019: Unnecessary using directive.
C:\gh\azure-sdk-for-net\sdk\reservations\Microsoft.Azure.Management.Reservations\tests\ScenarioTests\ReservationTests.cs(14,1): hidden CS8019: Unnecessary using directive.
C:\gh\azure-sdk-for-net\sdk\reservations\Microsoft.Azure.Management.Reservations\tests\Helpers\ReservationsManagementTestUtilities.cs(7,1): hidden CS8019: Unnecessary using directive.
C:\gh\azure-sdk-for-net\artifacts\obj\Microsoft.Azure.Management.Reservations.Tests\Debug\netcoreapp3.1\Microsoft.Azure.Management.Reservations.Tests.AssemblyInfo.cs(12,1): hidden CS8019: Unnecessary using directive.
C:\gh\azure-sdk-for-net\artifacts\obj\Microsoft.Azure.Management.Reservations.Tests\Debug\netcoreapp3.1\.NETCoreApp,Version=v3.1.AssemblyAttributes.cs(3,1): hidden CS8019: Unnecessary using directive.
C:\gh\azure-sdk-for-net\sdk\reservations\Microsoft.Azure.Management.Reservations\tests\ScenarioTests\QuotaTests.cs(10,5): hidden CS8019: Unnecessary using directive.
C:\gh\azure-sdk-for-net\sdk\reservations\Microsoft.Azure.Management.Reservations\tests\ScenarioTests\ReservationOrderTests.cs(6,1): hidden CS8019: Unnecessary using directive.
C:\gh\azure-sdk-for-net\artifacts\obj\Microsoft.Azure.Management.Reservations.Tests\Debug\netcoreapp3.1\.NETCoreApp,Version=v3.1.AssemblyAttributes.cs(2,1): hidden CS8019: Unnecessary using directive.
C:\gh\azure-sdk-for-net\sdk\reservations\Microsoft.Azure.Management.Reservations\tests\ScenarioTests\NonReservationObjectTests.cs(7,1): hidden CS8019: Unnecessary using directive.
C:\gh\azure-sdk-for-net\artifacts\obj\Microsoft.Azure.Management.Reservations.Tests\Debug\netcoreapp3.1\Microsoft.Azure.Management.Reservations.Tests.AssemblyInfo.cs(11,1): hidden CS8019: Unnecessary using directive.
C:\gh\azure-sdk-for-net\sdk\reservations\Microsoft.Azure.Management.Reservations\tests\ScenarioTests\NonReservationObjectTests.cs(14,1): hidden CS8019: Unnecessary using directive.
C:\gh\azure-sdk-for-net\eng\mgmt\DisableTestRunParallel.cs(4,1): hidden CS8019: Unnecessary using directive.
C:\gh\azure-sdk-for-net\sdk\reservations\Microsoft.Azure.Management.Reservations\tests\ScenarioTests\QuotaTests.cs(15,5): hidden CS8019: Unnecessary using directive.
