C:\gh\azure-sdk-for-net\sdk\batch\Microsoft.Azure.Batch.Conventions.Files\tests\IntegrationTests\Infrastructure\LiveTestAttribute.cs(11,49): error CS0246: The type or namespace name 'ITraitAttribute' could not be found (are you missing a using directive or an assembly reference?)
C:\gh\azure-sdk-for-net\sdk\batch\Microsoft.Azure.Batch.Conventions.Files\tests\IntegrationTests\Utilities\FakeBatchServiceClient.cs(29,50): error CS0246: The type or namespace name 'BatchServiceClient' could not be found (are you missing a using directive or an assembly reference?)
C:\gh\azure-sdk-for-net\sdk\batch\Microsoft.Azure.Batch.Conventions.Files\tests\IntegrationTests\CloudTaskExtensionsTests.cs(27,62): error CS0246: The type or namespace name 'IClassFixture<>' could not be found (are you missing a using directive or an assembly reference?)
C:\gh\azure-sdk-for-net\sdk\batch\Microsoft.Azure.Batch.Conventions.Files\tests\IntegrationTests\CloudJobExtensionsTests.cs(87,78): error CS0246: The type or namespace name 'IClassFixture<>' could not be found (are you missing a using directive or an assembly reference?)
C:\gh\azure-sdk-for-net\sdk\batch\Microsoft.Azure.Batch.Conventions.Files\tests\IntegrationTests\Utilities\FakeBatchServiceClient.cs(56,39): error CS0246: The type or namespace name 'DelegatingHandler' could not be found (are you missing a using directive or an assembly reference?)
C:\gh\azure-sdk-for-net\sdk\batch\Microsoft.Azure.Batch.Conventions.Files\tests\IntegrationTests\TaskOutputStorageTests.cs(32,60): error CS0246: The type or namespace name 'IClassFixture<>' could not be found (are you missing a using directive or an assembly reference?)
C:\gh\azure-sdk-for-net\sdk\batch\Microsoft.Azure.Batch.Conventions.Files\tests\IntegrationTests\JobOutputStorageTests.cs(30,59): error CS0246: The type or namespace name 'IClassFixture<>' could not be found (are you missing a using directive or an assembly reference?)
C:\gh\azure-sdk-for-net\sdk\batch\Microsoft.Azure.Batch.Conventions.Files\tests\IntegrationTests\JobIdFixture.cs(29,42): error CS0246: The type or namespace name 'IAsyncLifetime' could not be found (are you missing a using directive or an assembly reference?)
C:\gh\azure-sdk-for-net\sdk\batch\Microsoft.Azure.Batch.Conventions.Files\tests\IntegrationTests\StorageConfiguration.cs(31,56): error CS0246: The type or namespace name 'ITestOutputHelper' could not be found (are you missing a using directive or an assembly reference?)
C:\gh\azure-sdk-for-net\sdk\batch\Microsoft.Azure.Batch.Conventions.Files\tests\IntegrationTests\StorageConfiguration.cs(31,25): error CS0246: The type or namespace name 'CloudStorageAccount' could not be found (are you missing a using directive or an assembly reference?)
C:\gh\azure-sdk-for-net\sdk\batch\Microsoft.Azure.Batch.Conventions.Files\tests\IntegrationTests\Utilities\FakeBatchServiceClient.cs(65,68): error CS0246: The type or namespace name 'HttpRequestMessage' could not be found (are you missing a using directive or an assembly reference?)
C:\gh\azure-sdk-for-net\sdk\batch\Microsoft.Azure.Batch.Conventions.Files\tests\IntegrationTests\Utilities\FakeBatchServiceClient.cs(65,37): error CS0246: The type or namespace name 'HttpResponseMessage' could not be found (are you missing a using directive or an assembly reference?)
C:\gh\azure-sdk-for-net\sdk\batch\Microsoft.Azure.Batch.Conventions.Files\tests\IntegrationTests\JobIdFixture.cs(101,40): error CS0246: The type or namespace name 'ITestCaseFinished' could not be found (are you missing a using directive or an assembly reference?)
C:\gh\azure-sdk-for-net\sdk\batch\Microsoft.Azure.Batch.Conventions.Files\tests\IntegrationTests\Xunit\XunitInfrastructure.cs(149,42): error CS0246: The type or namespace name 'XunitTestFramework' could not be found (are you missing a using directive or an assembly reference?)
C:\gh\azure-sdk-for-net\sdk\batch\Microsoft.Azure.Batch.Conventions.Files\tests\IntegrationTests\Utilities\FakeBatchServiceClient.cs(58,35): error CS0246: The type or namespace name 'HttpRequestMessage' could not be found (are you missing a using directive or an assembly reference?)
C:\gh\azure-sdk-for-net\sdk\batch\Microsoft.Azure.Batch.Conventions.Files\tests\IntegrationTests\Utilities\FakeBatchServiceClient.cs(58,55): error CS0246: The type or namespace name 'HttpResponseMessage' could not be found (are you missing a using directive or an assembly reference?)
C:\gh\azure-sdk-for-net\sdk\batch\Microsoft.Azure.Batch.Conventions.Files\tests\IntegrationTests\Utilities\FakeBatchServiceClient.cs(31,44): error CS0246: The type or namespace name 'HttpRequestMessage' could not be found (are you missing a using directive or an assembly reference?)
C:\gh\azure-sdk-for-net\sdk\batch\Microsoft.Azure.Batch.Conventions.Files\tests\IntegrationTests\Utilities\FakeBatchServiceClient.cs(31,64): error CS0246: The type or namespace name 'HttpResponseMessage' could not be found (are you missing a using directive or an assembly reference?)
C:\gh\azure-sdk-for-net\sdk\batch\Microsoft.Azure.Batch.Conventions.Files\tests\IntegrationTests\Xunit\XunitInfrastructure.cs(155,28): error CS0246: The type or namespace name 'ITestFrameworkExecutor' could not be found (are you missing a using directive or an assembly reference?)
C:\gh\azure-sdk-for-net\sdk\batch\Microsoft.Azure.Batch.Conventions.Files\tests\IntegrationTests\Xunit\XunitInfrastructure.cs(32,55): error CS0246: The type or namespace name 'XunitTestFrameworkExecutor' could not be found (are you missing a using directive or an assembly reference?)
C:\gh\azure-sdk-for-net\sdk\batch\Microsoft.Azure.Batch.Conventions.Files\tests\IntegrationTests\Xunit\XunitInfrastructure.cs(34,78): error CS0246: The type or namespace name 'ISourceInformationProvider' could not be found (are you missing a using directive or an assembly reference?)
C:\gh\azure-sdk-for-net\sdk\batch\Microsoft.Azure.Batch.Conventions.Files\tests\IntegrationTests\Xunit\XunitInfrastructure.cs(34,132): error CS0246: The type or namespace name 'IMessageSink' could not be found (are you missing a using directive or an assembly reference?)
C:\gh\azure-sdk-for-net\sdk\batch\Microsoft.Azure.Batch.Conventions.Files\tests\IntegrationTests\IntegrationTest.cs(28,12): error CS0246: The type or namespace name 'TestFrameworkAttribute' could not be found (are you missing a using directive or an assembly reference?)
C:\gh\azure-sdk-for-net\sdk\batch\Microsoft.Azure.Batch.Conventions.Files\tests\IntegrationTests\IntegrationTest.cs(28,12): error CS0246: The type or namespace name 'TestFramework' could not be found (are you missing a using directive or an assembly reference?)
C:\gh\azure-sdk-for-net\eng\mgmt\DisableTestRunParallel.cs(7,12): error CS0246: The type or namespace name 'CollectionBehaviorAttribute' could not be found (are you missing a using directive or an assembly reference?)
C:\gh\azure-sdk-for-net\eng\mgmt\DisableTestRunParallel.cs(7,12): error CS0246: The type or namespace name 'CollectionBehavior' could not be found (are you missing a using directive or an assembly reference?)
C:\gh\azure-sdk-for-net\eng\mgmt\DisableTestRunParallel.cs(7,31): error CS0246: The type or namespace name 'DisableTestParallelization' could not be found (are you missing a using directive or an assembly reference?)
C:\gh\azure-sdk-for-net\eng\mgmt\DisableTestRunParallel.cs(7,66): error CS0246: The type or namespace name 'MaxParallelThreads' could not be found (are you missing a using directive or an assembly reference?)
C:\gh\azure-sdk-for-net\sdk\batch\Microsoft.Azure.Batch.Conventions.Files\tests\IntegrationTests\Utilities\FakeBatchServiceClient.cs(60,39): error CS0246: The type or namespace name 'HttpRequestMessage' could not be found (are you missing a using directive or an assembly reference?)
C:\gh\azure-sdk-for-net\sdk\batch\Microsoft.Azure.Batch.Conventions.Files\tests\IntegrationTests\Utilities\FakeBatchServiceClient.cs(60,59): error CS0246: The type or namespace name 'HttpResponseMessage' could not be found (are you missing a using directive or an assembly reference?)
C:\gh\azure-sdk-for-net\sdk\batch\Microsoft.Azure.Batch.Conventions.Files\tests\IntegrationTests\Xunit\XunitInfrastructure.cs(151,38): error CS0246: The type or namespace name 'IMessageSink' could not be found (are you missing a using directive or an assembly reference?)
C:\gh\azure-sdk-for-net\sdk\batch\Microsoft.Azure.Batch.Conventions.Files\tests\IntegrationTests\Xunit\XunitInfrastructure.cs(118,33): error CS0246: The type or namespace name 'IMessageBus' could not be found (are you missing a using directive or an assembly reference?)
C:\gh\azure-sdk-for-net\sdk\batch\Microsoft.Azure.Batch.Conventions.Files\tests\IntegrationTests\Xunit\XunitInfrastructure.cs(138,34): error CS0246: The type or namespace name 'IMessageSinkMessage' could not be found (are you missing a using directive or an assembly reference?)
C:\gh\azure-sdk-for-net\sdk\batch\Microsoft.Azure.Batch.Conventions.Files\tests\IntegrationTests\Xunit\XunitInfrastructure.cs(120,26): error CS0246: The type or namespace name 'IMessageBus' could not be found (are you missing a using directive or an assembly reference?)
C:\gh\azure-sdk-for-net\sdk\batch\Microsoft.Azure.Batch.Conventions.Files\tests\IntegrationTests\Utilities\FakeBatchServiceClient.cs(47,23): error CS0246: The type or namespace name 'HttpResponseMessage' could not be found (are you missing a using directive or an assembly reference?)
C:\gh\azure-sdk-for-net\sdk\batch\Microsoft.Azure.Batch.Conventions.Files\tests\IntegrationTests\Infrastructure\LiveTestAttribute.cs(9,6): error CS0246: The type or namespace name 'TraitDiscovererAttribute' could not be found (are you missing a using directive or an assembly reference?)
C:\gh\azure-sdk-for-net\sdk\batch\Microsoft.Azure.Batch.Conventions.Files\tests\IntegrationTests\Infrastructure\LiveTestAttribute.cs(9,6): error CS0246: The type or namespace name 'TraitDiscoverer' could not be found (are you missing a using directive or an assembly reference?)
C:\gh\azure-sdk-for-net\sdk\batch\Microsoft.Azure.Batch.Conventions.Files\tests\IntegrationTests\JobOutputStorageTests.cs(155,10): error CS0246: The type or namespace name 'FactAttribute' could not be found (are you missing a using directive or an assembly reference?)
C:\gh\azure-sdk-for-net\sdk\batch\Microsoft.Azure.Batch.Conventions.Files\tests\IntegrationTests\JobOutputStorageTests.cs(155,10): error CS0246: The type or namespace name 'Fact' could not be found (are you missing a using directive or an assembly reference?)
C:\gh\azure-sdk-for-net\sdk\batch\Microsoft.Azure.Batch.Conventions.Files\tests\IntegrationTests\TaskOutputStorageTests.cs(276,10): error CS0246: The type or namespace name 'FactAttribute' could not be found (are you missing a using directive or an assembly reference?)
C:\gh\azure-sdk-for-net\sdk\batch\Microsoft.Azure.Batch.Conventions.Files\tests\IntegrationTests\TaskOutputStorageTests.cs(276,10): error CS0246: The type or namespace name 'Fact' could not be found (are you missing a using directive or an assembly reference?)
C:\gh\azure-sdk-for-net\sdk\batch\Microsoft.Azure.Batch.Conventions.Files\tests\IntegrationTests\CloudTaskExtensionsTests.cs(44,10): error CS0246: The type or namespace name 'FactAttribute' could not be found (are you missing a using directive or an assembly reference?)
C:\gh\azure-sdk-for-net\sdk\batch\Microsoft.Azure.Batch.Conventions.Files\tests\IntegrationTests\CloudTaskExtensionsTests.cs(44,10): error CS0246: The type or namespace name 'Fact' could not be found (are you missing a using directive or an assembly reference?)
C:\gh\azure-sdk-for-net\sdk\batch\Microsoft.Azure.Batch.Conventions.Files\tests\IntegrationTests\CloudJobExtensionsTests.cs(105,10): error CS0246: The type or namespace name 'FactAttribute' could not be found (are you missing a using directive or an assembly reference?)
C:\gh\azure-sdk-for-net\sdk\batch\Microsoft.Azure.Batch.Conventions.Files\tests\IntegrationTests\CloudJobExtensionsTests.cs(105,10): error CS0246: The type or namespace name 'Fact' could not be found (are you missing a using directive or an assembly reference?)
C:\gh\azure-sdk-for-net\sdk\batch\Microsoft.Azure.Batch.Conventions.Files\tests\IntegrationTests\Xunit\XunitInfrastructure.cs(122,29): error CS0246: The type or namespace name 'IMessageBus' could not be found (are you missing a using directive or an assembly reference?)
C:\gh\azure-sdk-for-net\sdk\batch\Microsoft.Azure.Batch.Conventions.Files\tests\IntegrationTests\Xunit\XunitInfrastructure.cs(78,49): error CS0246: The type or namespace name 'XunitTestClassRunner' could not be found (are you missing a using directive or an assembly reference?)
C:\gh\azure-sdk-for-net\sdk\batch\Microsoft.Azure.Batch.Conventions.Files\tests\IntegrationTests\IntegrationTest.cs(36,59): error CS0246: The type or namespace name 'ITestOutputHelper' could not be found (are you missing a using directive or an assembly reference?)
C:\gh\azure-sdk-for-net\sdk\batch\Microsoft.Azure.Batch.Conventions.Files\tests\IntegrationTests\CloudJobExtensionsTests.cs(91,88): error CS0246: The type or namespace name 'ITestOutputHelper' could not be found (are you missing a using directive or an assembly reference?)
C:\gh\azure-sdk-for-net\sdk\batch\Microsoft.Azure.Batch.Conventions.Files\tests\IntegrationTests\CloudTaskExtensionsTests.cs(32,72): error CS0246: The type or namespace name 'ITestOutputHelper' could not be found (are you missing a using directive or an assembly reference?)
C:\gh\azure-sdk-for-net\sdk\batch\Microsoft.Azure.Batch.Conventions.Files\tests\IntegrationTests\Xunit\XunitInfrastructure.cs(95,32): error CS0246: The type or namespace name 'IMessageSinkMessage' could not be found (are you missing a using directive or an assembly reference?)
C:\gh\azure-sdk-for-net\sdk\batch\Microsoft.Azure.Batch.Conventions.Files\tests\IntegrationTests\Xunit\XunitInfrastructure.cs(163,33): error CS0246: The type or namespace name 'ITestCaseFinished' could not be found (are you missing a using directive or an assembly reference?)
C:\gh\azure-sdk-for-net\sdk\batch\Microsoft.Azure.Batch.Conventions.Files\tests\IntegrationTests\CloudJobExtensionsTests.cs(28,61): error CS0246: The type or namespace name 'IClassFixture<>' could not be found (are you missing a using directive or an assembly reference?)
C:\gh\azure-sdk-for-net\sdk\batch\Microsoft.Azure.Batch.Conventions.Files\tests\IntegrationTests\TaskOutputStorageTests.cs(263,10): error CS0246: The type or namespace name 'FactAttribute' could not be found (are you missing a using directive or an assembly reference?)
C:\gh\azure-sdk-for-net\sdk\batch\Microsoft.Azure.Batch.Conventions.Files\tests\IntegrationTests\TaskOutputStorageTests.cs(263,10): error CS0246: The type or namespace name 'Fact' could not be found (are you missing a using directive or an assembly reference?)
C:\gh\azure-sdk-for-net\sdk\batch\Microsoft.Azure.Batch.Conventions.Files\tests\IntegrationTests\Xunit\XunitInfrastructure.cs(90,61): error CS0246: The type or namespace name 'IMessageBus' could not be found (are you missing a using directive or an assembly reference?)
C:\gh\azure-sdk-for-net\sdk\batch\Microsoft.Azure.Batch.Conventions.Files\tests\IntegrationTests\Xunit\XunitInfrastructure.cs(90,24): error CS0246: The type or namespace name 'IMessageBus' could not be found (are you missing a using directive or an assembly reference?)
C:\gh\azure-sdk-for-net\sdk\batch\Microsoft.Azure.Batch.Conventions.Files\tests\IntegrationTests\JobOutputStorageTests.cs(142,10): error CS0246: The type or namespace name 'FactAttribute' could not be found (are you missing a using directive or an assembly reference?)
C:\gh\azure-sdk-for-net\sdk\batch\Microsoft.Azure.Batch.Conventions.Files\tests\IntegrationTests\JobOutputStorageTests.cs(142,10): error CS0246: The type or namespace name 'Fact' could not be found (are you missing a using directive or an assembly reference?)
C:\gh\azure-sdk-for-net\sdk\batch\Microsoft.Azure.Batch.Conventions.Files\tests\IntegrationTests\Xunit\XunitInfrastructure.cs(83,45): error CS0246: The type or namespace name 'ITestClass' could not be found (are you missing a using directive or an assembly reference?)
C:\gh\azure-sdk-for-net\sdk\batch\Microsoft.Azure.Batch.Conventions.Files\tests\IntegrationTests\Xunit\XunitInfrastructure.cs(83,67): error CS0246: The type or namespace name 'IReflectionTypeInfo' could not be found (are you missing a using directive or an assembly reference?)
C:\gh\azure-sdk-for-net\sdk\batch\Microsoft.Azure.Batch.Conventions.Files\tests\IntegrationTests\Xunit\XunitInfrastructure.cs(83,107): error CS0246: The type or namespace name 'IXunitTestCase' could not be found (are you missing a using directive or an assembly reference?)
C:\gh\azure-sdk-for-net\sdk\batch\Microsoft.Azure.Batch.Conventions.Files\tests\IntegrationTests\Xunit\XunitInfrastructure.cs(83,134): error CS0246: The type or namespace name 'IMessageSink' could not be found (are you missing a using directive or an assembly reference?)
C:\gh\azure-sdk-for-net\sdk\batch\Microsoft.Azure.Batch.Conventions.Files\tests\IntegrationTests\Xunit\XunitInfrastructure.cs(83,170): error CS0246: The type or namespace name 'IMessageBus' could not be found (are you missing a using directive or an assembly reference?)
C:\gh\azure-sdk-for-net\sdk\batch\Microsoft.Azure.Batch.Conventions.Files\tests\IntegrationTests\Xunit\XunitInfrastructure.cs(83,194): error CS0246: The type or namespace name 'ITestCaseOrderer' could not be found (are you missing a using directive or an assembly reference?)
C:\gh\azure-sdk-for-net\sdk\batch\Microsoft.Azure.Batch.Conventions.Files\tests\IntegrationTests\Xunit\XunitInfrastructure.cs(83,228): error CS0246: The type or namespace name 'ExceptionAggregator' could not be found (are you missing a using directive or an assembly reference?)
C:\gh\azure-sdk-for-net\sdk\batch\Microsoft.Azure.Batch.Conventions.Files\tests\IntegrationTests\CloudJobExtensionsTests.cs(60,10): error CS0246: The type or namespace name 'FactAttribute' could not be found (are you missing a using directive or an assembly reference?)
C:\gh\azure-sdk-for-net\sdk\batch\Microsoft.Azure.Batch.Conventions.Files\tests\IntegrationTests\CloudJobExtensionsTests.cs(60,10): error CS0246: The type or namespace name 'Fact' could not be found (are you missing a using directive or an assembly reference?)
C:\gh\azure-sdk-for-net\sdk\batch\Microsoft.Azure.Batch.Conventions.Files\tests\IntegrationTests\Xunit\XunitInfrastructure.cs(62,54): error CS0246: The type or namespace name 'XunitTestCollectionRunner' could not be found (are you missing a using directive or an assembly reference?)
C:\gh\azure-sdk-for-net\sdk\batch\Microsoft.Azure.Batch.Conventions.Files\tests\IntegrationTests\Xunit\XunitInfrastructure.cs(72,63): error CS0246: The type or namespace name 'ITestClass' could not be found (are you missing a using directive or an assembly reference?)
C:\gh\azure-sdk-for-net\sdk\batch\Microsoft.Azure.Batch.Conventions.Files\tests\IntegrationTests\Xunit\XunitInfrastructure.cs(72,85): error CS0246: The type or namespace name 'IReflectionTypeInfo' could not be found (are you missing a using directive or an assembly reference?)
C:\gh\azure-sdk-for-net\sdk\batch\Microsoft.Azure.Batch.Conventions.Files\tests\IntegrationTests\Xunit\XunitInfrastructure.cs(72,125): error CS0246: The type or namespace name 'IXunitTestCase' could not be found (are you missing a using directive or an assembly reference?)
C:\gh\azure-sdk-for-net\sdk\batch\Microsoft.Azure.Batch.Conventions.Files\tests\IntegrationTests\Xunit\XunitInfrastructure.cs(72,33): error CS0246: The type or namespace name 'RunSummary' could not be found (are you missing a using directive or an assembly reference?)
C:\gh\azure-sdk-for-net\sdk\batch\Microsoft.Azure.Batch.Conventions.Files\tests\IntegrationTests\Xunit\XunitInfrastructure.cs(64,26): error CS0246: The type or namespace name 'IMessageSink' could not be found (are you missing a using directive or an assembly reference?)
C:\gh\azure-sdk-for-net\sdk\batch\Microsoft.Azure.Batch.Conventions.Files\tests\IntegrationTests\TaskOutputStorageTests.cs(220,10): error CS0246: The type or namespace name 'FactAttribute' could not be found (are you missing a using directive or an assembly reference?)
C:\gh\azure-sdk-for-net\sdk\batch\Microsoft.Azure.Batch.Conventions.Files\tests\IntegrationTests\TaskOutputStorageTests.cs(220,10): error CS0246: The type or namespace name 'Fact' could not be found (are you missing a using directive or an assembly reference?)
C:\gh\azure-sdk-for-net\sdk\batch\Microsoft.Azure.Batch.Conventions.Files\tests\IntegrationTests\JobOutputStorageTests.cs(127,10): error CS0246: The type or namespace name 'FactAttribute' could not be found (are you missing a using directive or an assembly reference?)
C:\gh\azure-sdk-for-net\sdk\batch\Microsoft.Azure.Batch.Conventions.Files\tests\IntegrationTests\JobOutputStorageTests.cs(127,10): error CS0246: The type or namespace name 'Fact' could not be found (are you missing a using directive or an assembly reference?)
C:\gh\azure-sdk-for-net\sdk\batch\Microsoft.Azure.Batch.Conventions.Files\tests\IntegrationTests\Xunit\XunitInfrastructure.cs(66,50): error CS0246: The type or namespace name 'ITestCollection' could not be found (are you missing a using directive or an assembly reference?)
C:\gh\azure-sdk-for-net\sdk\batch\Microsoft.Azure.Batch.Conventions.Files\tests\IntegrationTests\Xunit\XunitInfrastructure.cs(66,94): error CS0246: The type or namespace name 'IXunitTestCase' could not be found (are you missing a using directive or an assembly reference?)
C:\gh\azure-sdk-for-net\sdk\batch\Microsoft.Azure.Batch.Conventions.Files\tests\IntegrationTests\Xunit\XunitInfrastructure.cs(66,121): error CS0246: The type or namespace name 'IMessageSink' could not be found (are you missing a using directive or an assembly reference?)
C:\gh\azure-sdk-for-net\sdk\batch\Microsoft.Azure.Batch.Conventions.Files\tests\IntegrationTests\Xunit\XunitInfrastructure.cs(66,157): error CS0246: The type or namespace name 'IMessageBus' could not be found (are you missing a using directive or an assembly reference?)
C:\gh\azure-sdk-for-net\sdk\batch\Microsoft.Azure.Batch.Conventions.Files\tests\IntegrationTests\Xunit\XunitInfrastructure.cs(66,181): error CS0246: The type or namespace name 'ITestCaseOrderer' could not be found (are you missing a using directive or an assembly reference?)
C:\gh\azure-sdk-for-net\sdk\batch\Microsoft.Azure.Batch.Conventions.Files\tests\IntegrationTests\Xunit\XunitInfrastructure.cs(66,215): error CS0246: The type or namespace name 'ExceptionAggregator' could not be found (are you missing a using directive or an assembly reference?)
C:\gh\azure-sdk-for-net\sdk\batch\Microsoft.Azure.Batch.Conventions.Files\tests\IntegrationTests\Xunit\XunitInfrastructure.cs(50,52): error CS0246: The type or namespace name 'XunitTestAssemblyRunner' could not be found (are you missing a using directive or an assembly reference?)
C:\gh\azure-sdk-for-net\sdk\batch\Microsoft.Azure.Batch.Conventions.Files\tests\IntegrationTests\Xunit\XunitInfrastructure.cs(56,68): error CS0246: The type or namespace name 'IMessageBus' could not be found (are you missing a using directive or an assembly reference?)
C:\gh\azure-sdk-for-net\sdk\batch\Microsoft.Azure.Batch.Conventions.Files\tests\IntegrationTests\Xunit\XunitInfrastructure.cs(56,92): error CS0246: The type or namespace name 'ITestCollection' could not be found (are you missing a using directive or an assembly reference?)
C:\gh\azure-sdk-for-net\sdk\batch\Microsoft.Azure.Batch.Conventions.Files\tests\IntegrationTests\Xunit\XunitInfrastructure.cs(56,136): error CS0246: The type or namespace name 'IXunitTestCase' could not be found (are you missing a using directive or an assembly reference?)
C:\gh\azure-sdk-for-net\sdk\batch\Microsoft.Azure.Batch.Conventions.Files\tests\IntegrationTests\Xunit\XunitInfrastructure.cs(56,33): error CS0246: The type or namespace name 'RunSummary' could not be found (are you missing a using directive or an assembly reference?)
C:\gh\azure-sdk-for-net\sdk\batch\Microsoft.Azure.Batch.Conventions.Files\tests\IntegrationTests\CloudJobExtensionsTests.cs(44,10): error CS0246: The type or namespace name 'FactAttribute' could not be found (are you missing a using directive or an assembly reference?)
C:\gh\azure-sdk-for-net\sdk\batch\Microsoft.Azure.Batch.Conventions.Files\tests\IntegrationTests\CloudJobExtensionsTests.cs(44,10): error CS0246: The type or namespace name 'Fact' could not be found (are you missing a using directive or an assembly reference?)
C:\gh\azure-sdk-for-net\sdk\batch\Microsoft.Azure.Batch.Conventions.Files\tests\IntegrationTests\JobOutputStorageTests.cs(112,10): error CS0246: The type or namespace name 'FactAttribute' could not be found (are you missing a using directive or an assembly reference?)
C:\gh\azure-sdk-for-net\sdk\batch\Microsoft.Azure.Batch.Conventions.Files\tests\IntegrationTests\JobOutputStorageTests.cs(112,10): error CS0246: The type or namespace name 'Fact' could not be found (are you missing a using directive or an assembly reference?)
C:\gh\azure-sdk-for-net\sdk\batch\Microsoft.Azure.Batch.Conventions.Files\tests\IntegrationTests\Xunit\XunitInfrastructure.cs(52,48): error CS0246: The type or namespace name 'ITestAssembly' could not be found (are you missing a using directive or an assembly reference?)
C:\gh\azure-sdk-for-net\sdk\batch\Microsoft.Azure.Batch.Conventions.Files\tests\IntegrationTests\Xunit\XunitInfrastructure.cs(52,88): error CS0246: The type or namespace name 'IXunitTestCase' could not be found (are you missing a using directive or an assembly reference?)
C:\gh\azure-sdk-for-net\sdk\batch\Microsoft.Azure.Batch.Conventions.Files\tests\IntegrationTests\Xunit\XunitInfrastructure.cs(52,115): error CS0246: The type or namespace name 'IMessageSink' could not be found (are you missing a using directive or an assembly reference?)
C:\gh\azure-sdk-for-net\sdk\batch\Microsoft.Azure.Batch.Conventions.Files\tests\IntegrationTests\Xunit\XunitInfrastructure.cs(52,151): error CS0246: The type or namespace name 'IMessageSink' could not be found (are you missing a using directive or an assembly reference?)
C:\gh\azure-sdk-for-net\sdk\batch\Microsoft.Azure.Batch.Conventions.Files\tests\IntegrationTests\Xunit\XunitInfrastructure.cs(52,186): error CS0246: The type or namespace name 'ITestFrameworkExecutionOptions' could not be found (are you missing a using directive or an assembly reference?)
C:\gh\azure-sdk-for-net\sdk\batch\Microsoft.Azure.Batch.Conventions.Files\tests\IntegrationTests\Xunit\XunitInfrastructure.cs(39,64): error CS0246: The type or namespace name 'IXunitTestCase' could not be found (are you missing a using directive or an assembly reference?)
C:\gh\azure-sdk-for-net\sdk\batch\Microsoft.Azure.Batch.Conventions.Files\tests\IntegrationTests\Xunit\XunitInfrastructure.cs(39,91): error CS0246: The type or namespace name 'IMessageSink' could not be found (are you missing a using directive or an assembly reference?)
C:\gh\azure-sdk-for-net\sdk\batch\Microsoft.Azure.Batch.Conventions.Files\tests\IntegrationTests\Xunit\XunitInfrastructure.cs(39,126): error CS0246: The type or namespace name 'ITestFrameworkExecutionOptions' could not be found (are you missing a using directive or an assembly reference?)
C:\gh\azure-sdk-for-net\sdk\batch\Microsoft.Azure.Batch.Conventions.Files\tests\IntegrationTests\CloudJobExtensionsTests.cs(32,71): error CS0246: The type or namespace name 'ITestOutputHelper' could not be found (are you missing a using directive or an assembly reference?)
C:\gh\azure-sdk-for-net\sdk\batch\Microsoft.Azure.Batch.Conventions.Files\tests\IntegrationTests\JobOutputStorageTests.cs(100,10): error CS0246: The type or namespace name 'FactAttribute' could not be found (are you missing a using directive or an assembly reference?)
C:\gh\azure-sdk-for-net\sdk\batch\Microsoft.Azure.Batch.Conventions.Files\tests\IntegrationTests\JobOutputStorageTests.cs(100,10): error CS0246: The type or namespace name 'Fact' could not be found (are you missing a using directive or an assembly reference?)
C:\gh\azure-sdk-for-net\sdk\batch\Microsoft.Azure.Batch.Conventions.Files\tests\IntegrationTests\TaskOutputStorageTests.cs(188,10): error CS0246: The type or namespace name 'FactAttribute' could not be found (are you missing a using directive or an assembly reference?)
C:\gh\azure-sdk-for-net\sdk\batch\Microsoft.Azure.Batch.Conventions.Files\tests\IntegrationTests\TaskOutputStorageTests.cs(188,10): error CS0246: The type or namespace name 'Fact' could not be found (are you missing a using directive or an assembly reference?)
C:\gh\azure-sdk-for-net\sdk\batch\Microsoft.Azure.Batch.Conventions.Files\tests\IntegrationTests\JobOutputStorageTests.cs(88,10): error CS0246: The type or namespace name 'FactAttribute' could not be found (are you missing a using directive or an assembly reference?)
C:\gh\azure-sdk-for-net\sdk\batch\Microsoft.Azure.Batch.Conventions.Files\tests\IntegrationTests\JobOutputStorageTests.cs(88,10): error CS0246: The type or namespace name 'Fact' could not be found (are you missing a using directive or an assembly reference?)
C:\gh\azure-sdk-for-net\sdk\batch\Microsoft.Azure.Batch.Conventions.Files\tests\IntegrationTests\JobOutputStorageTests.cs(76,10): error CS0246: The type or namespace name 'FactAttribute' could not be found (are you missing a using directive or an assembly reference?)
C:\gh\azure-sdk-for-net\sdk\batch\Microsoft.Azure.Batch.Conventions.Files\tests\IntegrationTests\JobOutputStorageTests.cs(76,10): error CS0246: The type or namespace name 'Fact' could not be found (are you missing a using directive or an assembly reference?)
C:\gh\azure-sdk-for-net\sdk\batch\Microsoft.Azure.Batch.Conventions.Files\tests\IntegrationTests\TaskOutputStorageTests.cs(176,10): error CS0246: The type or namespace name 'FactAttribute' could not be found (are you missing a using directive or an assembly reference?)
C:\gh\azure-sdk-for-net\sdk\batch\Microsoft.Azure.Batch.Conventions.Files\tests\IntegrationTests\TaskOutputStorageTests.cs(176,10): error CS0246: The type or namespace name 'Fact' could not be found (are you missing a using directive or an assembly reference?)
C:\gh\azure-sdk-for-net\sdk\batch\Microsoft.Azure.Batch.Conventions.Files\tests\IntegrationTests\JobOutputStorageTests.cs(58,10): error CS0246: The type or namespace name 'FactAttribute' could not be found (are you missing a using directive or an assembly reference?)
C:\gh\azure-sdk-for-net\sdk\batch\Microsoft.Azure.Batch.Conventions.Files\tests\IntegrationTests\JobOutputStorageTests.cs(58,10): error CS0246: The type or namespace name 'Fact' could not be found (are you missing a using directive or an assembly reference?)
C:\gh\azure-sdk-for-net\sdk\batch\Microsoft.Azure.Batch.Conventions.Files\tests\IntegrationTests\TaskOutputStorageTests.cs(161,10): error CS0246: The type or namespace name 'FactAttribute' could not be found (are you missing a using directive or an assembly reference?)
C:\gh\azure-sdk-for-net\sdk\batch\Microsoft.Azure.Batch.Conventions.Files\tests\IntegrationTests\TaskOutputStorageTests.cs(161,10): error CS0246: The type or namespace name 'Fact' could not be found (are you missing a using directive or an assembly reference?)
C:\gh\azure-sdk-for-net\sdk\batch\Microsoft.Azure.Batch.Conventions.Files\tests\IntegrationTests\JobOutputStorageTests.cs(46,10): error CS0246: The type or namespace name 'FactAttribute' could not be found (are you missing a using directive or an assembly reference?)
C:\gh\azure-sdk-for-net\sdk\batch\Microsoft.Azure.Batch.Conventions.Files\tests\IntegrationTests\JobOutputStorageTests.cs(46,10): error CS0246: The type or namespace name 'Fact' could not be found (are you missing a using directive or an assembly reference?)
C:\gh\azure-sdk-for-net\sdk\batch\Microsoft.Azure.Batch.Conventions.Files\tests\IntegrationTests\JobOutputStorageTests.cs(34,69): error CS0246: The type or namespace name 'ITestOutputHelper' could not be found (are you missing a using directive or an assembly reference?)
C:\gh\azure-sdk-for-net\sdk\batch\Microsoft.Azure.Batch.Conventions.Files\tests\IntegrationTests\TaskOutputStorageTests.cs(145,10): error CS0246: The type or namespace name 'FactAttribute' could not be found (are you missing a using directive or an assembly reference?)
C:\gh\azure-sdk-for-net\sdk\batch\Microsoft.Azure.Batch.Conventions.Files\tests\IntegrationTests\TaskOutputStorageTests.cs(145,10): error CS0246: The type or namespace name 'Fact' could not be found (are you missing a using directive or an assembly reference?)
C:\gh\azure-sdk-for-net\sdk\batch\Microsoft.Azure.Batch.Conventions.Files\tests\IntegrationTests\TaskOutputStorageTests.cs(130,10): error CS0246: The type or namespace name 'FactAttribute' could not be found (are you missing a using directive or an assembly reference?)
C:\gh\azure-sdk-for-net\sdk\batch\Microsoft.Azure.Batch.Conventions.Files\tests\IntegrationTests\TaskOutputStorageTests.cs(130,10): error CS0246: The type or namespace name 'Fact' could not be found (are you missing a using directive or an assembly reference?)
C:\gh\azure-sdk-for-net\sdk\batch\Microsoft.Azure.Batch.Conventions.Files\tests\IntegrationTests\TaskOutputStorageTests.cs(115,10): error CS0246: The type or namespace name 'FactAttribute' could not be found (are you missing a using directive or an assembly reference?)
C:\gh\azure-sdk-for-net\sdk\batch\Microsoft.Azure.Batch.Conventions.Files\tests\IntegrationTests\TaskOutputStorageTests.cs(115,10): error CS0246: The type or namespace name 'Fact' could not be found (are you missing a using directive or an assembly reference?)
C:\gh\azure-sdk-for-net\sdk\batch\Microsoft.Azure.Batch.Conventions.Files\tests\IntegrationTests\TaskOutputStorageTests.cs(103,10): error CS0246: The type or namespace name 'FactAttribute' could not be found (are you missing a using directive or an assembly reference?)
C:\gh\azure-sdk-for-net\sdk\batch\Microsoft.Azure.Batch.Conventions.Files\tests\IntegrationTests\TaskOutputStorageTests.cs(103,10): error CS0246: The type or namespace name 'Fact' could not be found (are you missing a using directive or an assembly reference?)
C:\gh\azure-sdk-for-net\sdk\batch\Microsoft.Azure.Batch.Conventions.Files\tests\IntegrationTests\TaskOutputStorageTests.cs(91,10): error CS0246: The type or namespace name 'FactAttribute' could not be found (are you missing a using directive or an assembly reference?)
C:\gh\azure-sdk-for-net\sdk\batch\Microsoft.Azure.Batch.Conventions.Files\tests\IntegrationTests\TaskOutputStorageTests.cs(91,10): error CS0246: The type or namespace name 'Fact' could not be found (are you missing a using directive or an assembly reference?)
C:\gh\azure-sdk-for-net\sdk\batch\Microsoft.Azure.Batch.Conventions.Files\tests\IntegrationTests\TaskOutputStorageTests.cs(79,10): error CS0246: The type or namespace name 'FactAttribute' could not be found (are you missing a using directive or an assembly reference?)
C:\gh\azure-sdk-for-net\sdk\batch\Microsoft.Azure.Batch.Conventions.Files\tests\IntegrationTests\TaskOutputStorageTests.cs(79,10): error CS0246: The type or namespace name 'Fact' could not be found (are you missing a using directive or an assembly reference?)
C:\gh\azure-sdk-for-net\sdk\batch\Microsoft.Azure.Batch.Conventions.Files\tests\IntegrationTests\TaskOutputStorageTests.cs(61,10): error CS0246: The type or namespace name 'FactAttribute' could not be found (are you missing a using directive or an assembly reference?)
C:\gh\azure-sdk-for-net\sdk\batch\Microsoft.Azure.Batch.Conventions.Files\tests\IntegrationTests\TaskOutputStorageTests.cs(61,10): error CS0246: The type or namespace name 'Fact' could not be found (are you missing a using directive or an assembly reference?)
C:\gh\azure-sdk-for-net\sdk\batch\Microsoft.Azure.Batch.Conventions.Files\tests\IntegrationTests\TaskOutputStorageTests.cs(49,10): error CS0246: The type or namespace name 'FactAttribute' could not be found (are you missing a using directive or an assembly reference?)
C:\gh\azure-sdk-for-net\sdk\batch\Microsoft.Azure.Batch.Conventions.Files\tests\IntegrationTests\TaskOutputStorageTests.cs(49,10): error CS0246: The type or namespace name 'Fact' could not be found (are you missing a using directive or an assembly reference?)
C:\gh\azure-sdk-for-net\sdk\batch\Microsoft.Azure.Batch.Conventions.Files\tests\IntegrationTests\TaskOutputStorageTests.cs(37,70): error CS0246: The type or namespace name 'ITestOutputHelper' could not be found (are you missing a using directive or an assembly reference?)
C:\gh\azure-sdk-for-net\sdk\batch\Microsoft.Azure.Batch.Conventions.Files\tests\IntegrationTests\CloudJobExtensionsTests.cs(23,7): error CS0246: The type or namespace name 'Xunit' could not be found (are you missing a using directive or an assembly reference?)
C:\gh\azure-sdk-for-net\sdk\batch\Microsoft.Azure.Batch.Conventions.Files\tests\IntegrationTests\CloudJobExtensionsTests.cs(24,7): error CS0246: The type or namespace name 'Xunit' could not be found (are you missing a using directive or an assembly reference?)
C:\gh\azure-sdk-for-net\sdk\batch\Microsoft.Azure.Batch.Conventions.Files\tests\IntegrationTests\CloudTaskExtensionsTests.cs(22,7): error CS0246: The type or namespace name 'Xunit' could not be found (are you missing a using directive or an assembly reference?)
C:\gh\azure-sdk-for-net\sdk\batch\Microsoft.Azure.Batch.Conventions.Files\tests\IntegrationTests\CloudTaskExtensionsTests.cs(23,7): error CS0246: The type or namespace name 'Xunit' could not be found (are you missing a using directive or an assembly reference?)
C:\gh\azure-sdk-for-net\sdk\batch\Microsoft.Azure.Batch.Conventions.Files\tests\IntegrationTests\IntegrationTest.cs(17,17): error CS0234: The type or namespace name 'WindowsAzure' does not exist in the namespace 'Microsoft' (are you missing an assembly reference?)
C:\gh\azure-sdk-for-net\sdk\batch\Microsoft.Azure.Batch.Conventions.Files\tests\IntegrationTests\IntegrationTest.cs(25,7): error CS0246: The type or namespace name 'Xunit' could not be found (are you missing a using directive or an assembly reference?)
C:\gh\azure-sdk-for-net\sdk\batch\Microsoft.Azure.Batch.Conventions.Files\tests\IntegrationTests\IntegrationTest.cs(26,7): error CS0246: The type or namespace name 'Xunit' could not be found (are you missing a using directive or an assembly reference?)
C:\gh\azure-sdk-for-net\sdk\batch\Microsoft.Azure.Batch.Conventions.Files\tests\IntegrationTests\JobIdFixture.cs(24,7): error CS0246: The type or namespace name 'Xunit' could not be found (are you missing a using directive or an assembly reference?)
C:\gh\azure-sdk-for-net\sdk\batch\Microsoft.Azure.Batch.Conventions.Files\tests\IntegrationTests\JobIdFixture.cs(25,7): error CS0246: The type or namespace name 'Xunit' could not be found (are you missing a using directive or an assembly reference?)
C:\gh\azure-sdk-for-net\sdk\batch\Microsoft.Azure.Batch.Conventions.Files\tests\IntegrationTests\JobOutputStorageTests.cs(21,7): error CS0246: The type or namespace name 'Xunit' could not be found (are you missing a using directive or an assembly reference?)
C:\gh\azure-sdk-for-net\sdk\batch\Microsoft.Azure.Batch.Conventions.Files\tests\IntegrationTests\JobOutputStorageTests.cs(22,7): error CS0246: The type or namespace name 'Xunit' could not be found (are you missing a using directive or an assembly reference?)
C:\gh\azure-sdk-for-net\sdk\batch\Microsoft.Azure.Batch.Conventions.Files\tests\IntegrationTests\JobOutputStorageTests.cs(25,17): error CS0234: The type or namespace name 'WindowsAzure' does not exist in the namespace 'Microsoft' (are you missing an assembly reference?)
C:\gh\azure-sdk-for-net\sdk\batch\Microsoft.Azure.Batch.Conventions.Files\tests\IntegrationTests\StorageConfiguration.cs(15,18): error CS0234: The type or namespace name 'WindowsAzure' does not exist in the namespace 'Microsoft' (are you missing an assembly reference?)
C:\gh\azure-sdk-for-net\sdk\batch\Microsoft.Azure.Batch.Conventions.Files\tests\IntegrationTests\StorageConfiguration.cs(16,17): error CS0234: The type or namespace name 'WindowsAzure' does not exist in the namespace 'Microsoft' (are you missing an assembly reference?)
C:\gh\azure-sdk-for-net\sdk\batch\Microsoft.Azure.Batch.Conventions.Files\tests\IntegrationTests\StorageConfiguration.cs(22,7): error CS0246: The type or namespace name 'Xunit' could not be found (are you missing a using directive or an assembly reference?)
C:\gh\azure-sdk-for-net\sdk\batch\Microsoft.Azure.Batch.Conventions.Files\tests\IntegrationTests\TaskOutputStorageTests.cs(22,7): error CS0246: The type or namespace name 'Xunit' could not be found (are you missing a using directive or an assembly reference?)
C:\gh\azure-sdk-for-net\sdk\batch\Microsoft.Azure.Batch.Conventions.Files\tests\IntegrationTests\TaskOutputStorageTests.cs(23,7): error CS0246: The type or namespace name 'Xunit' could not be found (are you missing a using directive or an assembly reference?)
C:\gh\azure-sdk-for-net\sdk\batch\Microsoft.Azure.Batch.Conventions.Files\tests\IntegrationTests\TaskOutputStorageTests.cs(26,17): error CS0234: The type or namespace name 'WindowsAzure' does not exist in the namespace 'Microsoft' (are you missing an assembly reference?)
C:\gh\azure-sdk-for-net\sdk\batch\Microsoft.Azure.Batch.Conventions.Files\tests\IntegrationTests\TaskOutputStorageTests.cs(27,17): error CS0234: The type or namespace name 'WindowsAzure' does not exist in the namespace 'Microsoft' (are you missing an assembly reference?)
C:\gh\azure-sdk-for-net\sdk\batch\Microsoft.Azure.Batch.Conventions.Files\tests\IntegrationTests\Utilities\BlobUtils.cs(15,18): error CS0234: The type or namespace name 'WindowsAzure' does not exist in the namespace 'Microsoft' (are you missing an assembly reference?)
C:\gh\azure-sdk-for-net\sdk\batch\Microsoft.Azure.Batch.Conventions.Files\tests\IntegrationTests\Utilities\FakeBatchServiceClient.cs(15,30): error CS0234: The type or namespace name 'Protocol' does not exist in the namespace 'Microsoft.Azure.Batch' (are you missing an assembly reference?)
C:\gh\azure-sdk-for-net\sdk\batch\Microsoft.Azure.Batch.Conventions.Files\tests\IntegrationTests\Utilities\FakeBatchServiceClient.cs(19,18): error CS0234: The type or namespace name 'Http' does not exist in the namespace 'System.Net' (are you missing an assembly reference?)
C:\gh\azure-sdk-for-net\sdk\batch\Microsoft.Azure.Batch.Conventions.Files\tests\IntegrationTests\Utilities\FakeBatchServiceClient.cs(25,7): error CS0246: The type or namespace name 'Newtonsoft' could not be found (are you missing a using directive or an assembly reference?)
C:\gh\azure-sdk-for-net\sdk\batch\Microsoft.Azure.Batch.Conventions.Files\tests\IntegrationTests\Xunit\XunitInfrastructure.cs(23,7): error CS0246: The type or namespace name 'Xunit' could not be found (are you missing a using directive or an assembly reference?)
C:\gh\azure-sdk-for-net\sdk\batch\Microsoft.Azure.Batch.Conventions.Files\tests\IntegrationTests\Xunit\XunitInfrastructure.cs(24,7): error CS0246: The type or namespace name 'Xunit' could not be found (are you missing a using directive or an assembly reference?)
C:\gh\azure-sdk-for-net\eng\mgmt\DisableTestRunParallel.cs(5,7): error CS0246: The type or namespace name 'Xunit' could not be found (are you missing a using directive or an assembly reference?)
C:\gh\azure-sdk-for-net\sdk\batch\Microsoft.Azure.Batch.Conventions.Files\tests\IntegrationTests\Infrastructure\LiveTestAttribute.cs(7,11): error CS0246: The type or namespace name 'Xunit' could not be found (are you missing a using directive or an assembly reference?)
C:\gh\azure-sdk-for-net\sdk\batch\Microsoft.Azure.Batch.Conventions.Files\tests\IntegrationTests\Xunit\XunitInfrastructure.cs(155,51): error CS0115: 'ExtendedTestFramework.CreateExecutor(AssemblyName)': no suitable method found to override
C:\gh\azure-sdk-for-net\sdk\batch\Microsoft.Azure.Batch.Conventions.Files\tests\IntegrationTests\Xunit\XunitInfrastructure.cs(104,37): error CS0115: 'ExtendedXunitTestClassRunner.CreateTestClassConstructorArguments()': no suitable method found to override
C:\gh\azure-sdk-for-net\sdk\batch\Microsoft.Azure.Batch.Conventions.Files\tests\IntegrationTests\IntegrationTest.cs(44,19): error CS0246: The type or namespace name 'ITestOutputHelper' could not be found (are you missing a using directive or an assembly reference?)
C:\gh\azure-sdk-for-net\sdk\batch\Microsoft.Azure.Batch.Conventions.Files\tests\IntegrationTests\IntegrationTest.cs(46,19): error CS0246: The type or namespace name 'CloudStorageAccount' could not be found (are you missing a using directive or an assembly reference?)
C:\gh\azure-sdk-for-net\sdk\batch\Microsoft.Azure.Batch.Conventions.Files\tests\IntegrationTests\Xunit\XunitInfrastructure.cs(127,23): error CS0246: The type or namespace name 'IMessageSinkMessage' could not be found (are you missing a using directive or an assembly reference?)
C:\gh\azure-sdk-for-net\sdk\batch\Microsoft.Azure.Batch.Conventions.Files\tests\IntegrationTests\Xunit\XunitInfrastructure.cs(151,66): error CS1729: 'XunitTestFramework' does not contain a constructor that takes 1 arguments
C:\gh\azure-sdk-for-net\sdk\batch\Microsoft.Azure.Batch.Conventions.Files\tests\IntegrationTests\Xunit\XunitInfrastructure.cs(157,73): error CS0103: The name 'SourceInformationProvider' does not exist in the current context
C:\gh\azure-sdk-for-net\sdk\batch\Microsoft.Azure.Batch.Conventions.Files\tests\IntegrationTests\Xunit\XunitInfrastructure.cs(157,100): error CS0103: The name 'DiagnosticMessageSink' does not exist in the current context
C:\gh\azure-sdk-for-net\sdk\batch\Microsoft.Azure.Batch.Conventions.Files\tests\IntegrationTests\Utilities\FakeBatchServiceClient.cs(32,15): error CS1729: 'BatchServiceClient' does not contain a constructor that takes 1 arguments
C:\gh\azure-sdk-for-net\sdk\batch\Microsoft.Azure.Batch.Conventions.Files\tests\IntegrationTests\Utilities\FakeBatchServiceClient.cs(34,18): error CS1061: 'FakeBatchServiceClient' does not contain a definition for 'BatchUrl' and no accessible extension method 'BatchUrl' accepting a first argument of type 'FakeBatchServiceClient' could be found (are you missing a using directive or an assembly reference?)
C:\gh\azure-sdk-for-net\sdk\batch\Microsoft.Azure.Batch.Conventions.Files\tests\IntegrationTests\CloudJobExtensionsTests.cs(108,38): error CS0103: The name 'BatchClient' does not exist in the current context
C:\gh\azure-sdk-for-net\sdk\batch\Microsoft.Azure.Batch.Conventions.Files\tests\IntegrationTests\CloudJobExtensionsTests.cs(118,17): error CS0103: The name 'Assert' does not exist in the current context
C:\gh\azure-sdk-for-net\sdk\batch\Microsoft.Azure.Batch.Conventions.Files\tests\IntegrationTests\CloudJobExtensionsTests.cs(120,23): error CS0246: The type or namespace name 'CloudJob' could not be found (are you missing a using directive or an assembly reference?)
C:\gh\azure-sdk-for-net\sdk\batch\Microsoft.Azure.Batch.Conventions.Files\tests\IntegrationTests\CloudJobExtensionsTests.cs(124,17): error CS0103: The name 'Assert' does not exist in the current context
C:\gh\azure-sdk-for-net\sdk\batch\Microsoft.Azure.Batch.Conventions.Files\tests\IntegrationTests\Xunit\XunitInfrastructure.cs(35,15): error CS1729: 'XunitTestFrameworkExecutor' does not contain a constructor that takes 3 arguments
C:\gh\azure-sdk-for-net\sdk\batch\Microsoft.Azure.Batch.Conventions.Files\tests\IntegrationTests\Xunit\XunitInfrastructure.cs(52,237): error CS1729: 'XunitTestAssemblyRunner' does not contain a constructor that takes 5 arguments
C:\gh\azure-sdk-for-net\sdk\batch\Microsoft.Azure.Batch.Conventions.Files\tests\IntegrationTests\Utilities\FakeBatchServiceClient.cs(49,24): error CS0246: The type or namespace name 'HttpResponseMessage' could not be found (are you missing a using directive or an assembly reference?)
C:\gh\azure-sdk-for-net\sdk\batch\Microsoft.Azure.Batch.Conventions.Files\tests\IntegrationTests\Utilities\FakeBatchServiceClient.cs(52,31): error CS0246: The type or namespace name 'StringContent' could not be found (are you missing a using directive or an assembly reference?)
C:\gh\azure-sdk-for-net\sdk\batch\Microsoft.Azure.Batch.Conventions.Files\tests\IntegrationTests\Utilities\FakeBatchServiceClient.cs(52,45): error CS0103: The name 'JsonConvert' does not exist in the current context
C:\gh\azure-sdk-for-net\sdk\batch\Microsoft.Azure.Batch.Conventions.Files\tests\IntegrationTests\JobOutputStorageTests.cs(49,40): error CS0246: The type or namespace name 'CloudStorageAccount' could not be found (are you missing a using directive or an assembly reference?)
C:\gh\azure-sdk-for-net\sdk\batch\Microsoft.Azure.Batch.Conventions.Files\tests\IntegrationTests\JobOutputStorageTests.cs(49,40): error CS0246: The type or namespace name 'IRetryPolicy' could not be found (are you missing a using directive or an assembly reference?)
C:\gh\azure-sdk-for-net\sdk\batch\Microsoft.Azure.Batch.Conventions.Files\tests\IntegrationTests\JobOutputStorageTests.cs(49,40): error CS0246: The type or namespace name 'CloudBlobContainer' could not be found (are you missing a using directive or an assembly reference?)
C:\gh\azure-sdk-for-net\sdk\batch\Microsoft.Azure.Batch.Conventions.Files\tests\IntegrationTests\JobOutputStorageTests.cs(53,13): error CS0103: The name 'Assert' does not exist in the current context
C:\gh\azure-sdk-for-net\sdk\batch\Microsoft.Azure.Batch.Conventions.Files\tests\IntegrationTests\JobOutputStorageTests.cs(54,13): error CS0103: The name 'Assert' does not exist in the current context
C:\gh\azure-sdk-for-net\sdk\batch\Microsoft.Azure.Batch.Conventions.Files\tests\IntegrationTests\Xunit\XunitInfrastructure.cs(42,74): error CS0103: The name 'TestAssembly' does not exist in the current context
C:\gh\azure-sdk-for-net\sdk\batch\Microsoft.Azure.Batch.Conventions.Files\tests\IntegrationTests\Xunit\XunitInfrastructure.cs(42,99): error CS0103: The name 'DiagnosticMessageSink' does not exist in the current context
C:\gh\azure-sdk-for-net\sdk\batch\Microsoft.Azure.Batch.Conventions.Files\tests\IntegrationTests\Xunit\XunitInfrastructure.cs(42,17): error CS1674: 'ExtendedXunitTestAssemblyRunner': type used in a using statement must be implicitly convertible to 'System.IDisposable'.
C:\gh\azure-sdk-for-net\sdk\batch\Microsoft.Azure.Batch.Conventions.Files\tests\IntegrationTests\Xunit\XunitInfrastructure.cs(45,38): error CS1061: 'ExtendedXunitTestAssemblyRunner' does not contain a definition for 'RunAsync' and no accessible extension method 'RunAsync' accepting a first argument of type 'ExtendedXunitTestAssemblyRunner' could be found (are you missing a using directive or an assembly reference?)
C:\gh\azure-sdk-for-net\sdk\batch\Microsoft.Azure.Batch.Conventions.Files\tests\IntegrationTests\Xunit\XunitInfrastructure.cs(58,85): error CS0103: The name 'DiagnosticMessageSink' does not exist in the current context
C:\gh\azure-sdk-for-net\sdk\batch\Microsoft.Azure.Batch.Conventions.Files\tests\IntegrationTests\Xunit\XunitInfrastructure.cs(58,120): error CS0103: The name 'TestCaseOrderer' does not exist in the current context
C:\gh\azure-sdk-for-net\sdk\batch\Microsoft.Azure.Batch.Conventions.Files\tests\IntegrationTests\Xunit\XunitInfrastructure.cs(58,141): error CS0246: The type or namespace name 'ExceptionAggregator' could not be found (are you missing a using directive or an assembly reference?)
C:\gh\azure-sdk-for-net\sdk\batch\Microsoft.Azure.Batch.Conventions.Files\tests\IntegrationTests\Xunit\XunitInfrastructure.cs(58,161): error CS0103: The name 'Aggregator' does not exist in the current context
C:\gh\azure-sdk-for-net\sdk\batch\Microsoft.Azure.Batch.Conventions.Files\tests\IntegrationTests\Xunit\XunitInfrastructure.cs(84,15): error CS1729: 'XunitTestClassRunner' does not contain a constructor that takes 9 arguments
C:\gh\azure-sdk-for-net\sdk\batch\Microsoft.Azure.Batch.Conventions.Files\tests\IntegrationTests\Xunit\XunitInfrastructure.cs(86,48): error CS1061: 'ExtendedXunitTestClassRunner' does not contain a definition for 'MessageBus' and no accessible extension method 'MessageBus' accepting a first argument of type 'ExtendedXunitTestClassRunner' could be found (are you missing a using directive or an assembly reference?)
C:\gh\azure-sdk-for-net\sdk\batch\Microsoft.Azure.Batch.Conventions.Files\tests\IntegrationTests\Xunit\XunitInfrastructure.cs(67,15): error CS1729: 'XunitTestCollectionRunner' does not contain a constructor that takes 7 arguments
C:\gh\azure-sdk-for-net\sdk\batch\Microsoft.Azure.Batch.Conventions.Files\tests\IntegrationTests\StorageConfiguration.cs(57,39): error CS0246: The type or namespace name 'StorageCredentials' could not be found (are you missing a using directive or an assembly reference?)
C:\gh\azure-sdk-for-net\sdk\batch\Microsoft.Azure.Batch.Conventions.Files\tests\IntegrationTests\StorageConfiguration.cs(58,35): error CS0246: The type or namespace name 'CloudStorageAccount' could not be found (are you missing a using directive or an assembly reference?)
C:\gh\azure-sdk-for-net\sdk\batch\Microsoft.Azure.Batch.Conventions.Files\tests\IntegrationTests\Xunit\XunitInfrastructure.cs(74,111): error CS0103: The name 'MessageBus' does not exist in the current context
C:\gh\azure-sdk-for-net\sdk\batch\Microsoft.Azure.Batch.Conventions.Files\tests\IntegrationTests\Xunit\XunitInfrastructure.cs(74,123): error CS0103: The name 'TestCaseOrderer' does not exist in the current context
C:\gh\azure-sdk-for-net\sdk\batch\Microsoft.Azure.Batch.Conventions.Files\tests\IntegrationTests\Xunit\XunitInfrastructure.cs(74,144): error CS0246: The type or namespace name 'ExceptionAggregator' could not be found (are you missing a using directive or an assembly reference?)
C:\gh\azure-sdk-for-net\sdk\batch\Microsoft.Azure.Batch.Conventions.Files\tests\IntegrationTests\Xunit\XunitInfrastructure.cs(74,164): error CS0103: The name 'Aggregator' does not exist in the current context
C:\gh\azure-sdk-for-net\sdk\batch\Microsoft.Azure.Batch.Conventions.Files\tests\IntegrationTests\Xunit\XunitInfrastructure.cs(74,177): error CS0119: 'CancellationTokenSource' is a type, which is not valid in the given context
C:\gh\azure-sdk-for-net\sdk\batch\Microsoft.Azure.Batch.Conventions.Files\tests\IntegrationTests\Xunit\XunitInfrastructure.cs(74,202): error CS0103: The name 'CollectionFixtureMappings' does not exist in the current context
C:\gh\azure-sdk-for-net\sdk\batch\Microsoft.Azure.Batch.Conventions.Files\tests\IntegrationTests\Xunit\XunitInfrastructure.cs(97,50): error CS0246: The type or namespace name 'ITestCaseFinished' could not be found (are you missing a using directive or an assembly reference?)
C:\gh\azure-sdk-for-net\sdk\batch\Microsoft.Azure.Batch.Conventions.Files\tests\IntegrationTests\CloudTaskExtensionsTests.cs(47,42): error CS0234: The type or namespace name 'Protocol' does not exist in the namespace 'Microsoft.Azure.Batch' (are you missing an assembly reference?)
C:\gh\azure-sdk-for-net\sdk\batch\Microsoft.Azure.Batch.Conventions.Files\tests\IntegrationTests\CloudTaskExtensionsTests.cs(53,38): error CS0103: The name 'BatchClient' does not exist in the current context
C:\gh\azure-sdk-for-net\sdk\batch\Microsoft.Azure.Batch.Conventions.Files\tests\IntegrationTests\CloudTaskExtensionsTests.cs(57,23): error CS0246: The type or namespace name 'CloudJob' could not be found (are you missing a using directive or an assembly reference?)
C:\gh\azure-sdk-for-net\sdk\batch\Microsoft.Azure.Batch.Conventions.Files\tests\IntegrationTests\CloudTaskExtensionsTests.cs(57,23): error CS0246: The type or namespace name 'CloudTask' could not be found (are you missing a using directive or an assembly reference?)
C:\gh\azure-sdk-for-net\sdk\batch\Microsoft.Azure.Batch.Conventions.Files\tests\IntegrationTests\CloudTaskExtensionsTests.cs(59,29): error CS0246: The type or namespace name 'CloudJob' could not be found (are you missing a using directive or an assembly reference?)
C:\gh\azure-sdk-for-net\sdk\batch\Microsoft.Azure.Batch.Conventions.Files\tests\IntegrationTests\CloudTaskExtensionsTests.cs(59,29): error CS0246: The type or namespace name 'CloudTask' could not be found (are you missing a using directive or an assembly reference?)
C:\gh\azure-sdk-for-net\sdk\batch\Microsoft.Azure.Batch.Conventions.Files\tests\IntegrationTests\CloudTaskExtensionsTests.cs(60,17): error CS0103: The name 'Assert' does not exist in the current context
C:\gh\azure-sdk-for-net\sdk\batch\Microsoft.Azure.Batch.Conventions.Files\tests\IntegrationTests\CloudTaskExtensionsTests.cs(61,17): error CS0103: The name 'Assert' does not exist in the current context
C:\gh\azure-sdk-for-net\sdk\batch\Microsoft.Azure.Batch.Conventions.Files\tests\IntegrationTests\CloudTaskExtensionsTests.cs(62,17): error CS0103: The name 'Assert' does not exist in the current context
C:\gh\azure-sdk-for-net\sdk\batch\Microsoft.Azure.Batch.Conventions.Files\tests\IntegrationTests\CloudJobExtensionsTests.cs(47,38): error CS0103: The name 'BatchClient' does not exist in the current context
C:\gh\azure-sdk-for-net\sdk\batch\Microsoft.Azure.Batch.Conventions.Files\tests\IntegrationTests\CloudJobExtensionsTests.cs(51,23): error CS0246: The type or namespace name 'CloudJob' could not be found (are you missing a using directive or an assembly reference?)
C:\gh\azure-sdk-for-net\sdk\batch\Microsoft.Azure.Batch.Conventions.Files\tests\IntegrationTests\CloudJobExtensionsTests.cs(51,23): error CS0246: The type or namespace name 'CloudTask' could not be found (are you missing a using directive or an assembly reference?)
C:\gh\azure-sdk-for-net\sdk\batch\Microsoft.Azure.Batch.Conventions.Files\tests\IntegrationTests\CloudJobExtensionsTests.cs(53,29): error CS0246: The type or namespace name 'CloudJob' could not be found (are you missing a using directive or an assembly reference?)
C:\gh\azure-sdk-for-net\sdk\batch\Microsoft.Azure.Batch.Conventions.Files\tests\IntegrationTests\CloudJobExtensionsTests.cs(53,29): error CS0246: The type or namespace name 'CloudTask' could not be found (are you missing a using directive or an assembly reference?)
C:\gh\azure-sdk-for-net\sdk\batch\Microsoft.Azure.Batch.Conventions.Files\tests\IntegrationTests\CloudJobExtensionsTests.cs(54,17): error CS0103: The name 'Assert' does not exist in the current context
C:\gh\azure-sdk-for-net\sdk\batch\Microsoft.Azure.Batch.Conventions.Files\tests\IntegrationTests\CloudJobExtensionsTests.cs(55,17): error CS0103: The name 'Assert' does not exist in the current context
C:\gh\azure-sdk-for-net\sdk\batch\Microsoft.Azure.Batch.Conventions.Files\tests\IntegrationTests\TaskOutputStorageTests.cs(52,41): error CS0246: The type or namespace name 'CloudStorageAccount' could not be found (are you missing a using directive or an assembly reference?)
C:\gh\azure-sdk-for-net\sdk\batch\Microsoft.Azure.Batch.Conventions.Files\tests\IntegrationTests\TaskOutputStorageTests.cs(52,41): error CS0246: The type or namespace name 'IRetryPolicy' could not be found (are you missing a using directive or an assembly reference?)
C:\gh\azure-sdk-for-net\sdk\batch\Microsoft.Azure.Batch.Conventions.Files\tests\IntegrationTests\TaskOutputStorageTests.cs(52,41): error CS0246: The type or namespace name 'CloudBlobContainer' could not be found (are you missing a using directive or an assembly reference?)
C:\gh\azure-sdk-for-net\sdk\batch\Microsoft.Azure.Batch.Conventions.Files\tests\IntegrationTests\TaskOutputStorageTests.cs(56,13): error CS0103: The name 'Assert' does not exist in the current context
C:\gh\azure-sdk-for-net\sdk\batch\Microsoft.Azure.Batch.Conventions.Files\tests\IntegrationTests\TaskOutputStorageTests.cs(57,13): error CS0103: The name 'Assert' does not exist in the current context
C:\gh\azure-sdk-for-net\sdk\batch\Microsoft.Azure.Batch.Conventions.Files\tests\IntegrationTests\JobOutputStorageTests.cs(65,13): error CS0103: The name 'Assert' does not exist in the current context
C:\gh\azure-sdk-for-net\sdk\batch\Microsoft.Azure.Batch.Conventions.Files\tests\IntegrationTests\JobOutputStorageTests.cs(67,40): error CS0246: The type or namespace name 'CloudStorageAccount' could not be found (are you missing a using directive or an assembly reference?)
C:\gh\azure-sdk-for-net\sdk\batch\Microsoft.Azure.Batch.Conventions.Files\tests\IntegrationTests\JobOutputStorageTests.cs(67,40): error CS0246: The type or namespace name 'IRetryPolicy' could not be found (are you missing a using directive or an assembly reference?)
C:\gh\azure-sdk-for-net\sdk\batch\Microsoft.Azure.Batch.Conventions.Files\tests\IntegrationTests\JobOutputStorageTests.cs(67,40): error CS0246: The type or namespace name 'CloudBlobContainer' could not be found (are you missing a using directive or an assembly reference?)
C:\gh\azure-sdk-for-net\sdk\batch\Microsoft.Azure.Batch.Conventions.Files\tests\IntegrationTests\JobOutputStorageTests.cs(71,13): error CS0103: The name 'Assert' does not exist in the current context
C:\gh\azure-sdk-for-net\sdk\batch\Microsoft.Azure.Batch.Conventions.Files\tests\IntegrationTests\JobOutputStorageTests.cs(72,13): error CS0103: The name 'Assert' does not exist in the current context
C:\gh\azure-sdk-for-net\sdk\batch\Microsoft.Azure.Batch.Conventions.Files\tests\IntegrationTests\CloudJobExtensionsTests.cs(63,38): error CS0103: The name 'BatchClient' does not exist in the current context
C:\gh\azure-sdk-for-net\sdk\batch\Microsoft.Azure.Batch.Conventions.Files\tests\IntegrationTests\CloudJobExtensionsTests.cs(67,27): error CS0246: The type or namespace name 'CloudJob' could not be found (are you missing a using directive or an assembly reference?)
C:\gh\azure-sdk-for-net\sdk\batch\Microsoft.Azure.Batch.Conventions.Files\tests\IntegrationTests\CloudJobExtensionsTests.cs(78,51): error CS0246: The type or namespace name 'CloudJob' could not be found (are you missing a using directive or an assembly reference?)
C:\gh\azure-sdk-for-net\sdk\batch\Microsoft.Azure.Batch.Conventions.Files\tests\IntegrationTests\CloudJobExtensionsTests.cs(78,51): error CS0246: The type or namespace name 'CloudTask' could not be found (are you missing a using directive or an assembly reference?)
C:\gh\azure-sdk-for-net\sdk\batch\Microsoft.Azure.Batch.Conventions.Files\tests\IntegrationTests\CloudJobExtensionsTests.cs(81,17): error CS0103: The name 'Assert' does not exist in the current context
C:\gh\azure-sdk-for-net\sdk\batch\Microsoft.Azure.Batch.Conventions.Files\tests\IntegrationTests\CloudJobExtensionsTests.cs(82,17): error CS0103: The name 'Assert' does not exist in the current context
C:\gh\azure-sdk-for-net\sdk\batch\Microsoft.Azure.Batch.Conventions.Files\tests\IntegrationTests\JobOutputStorageTests.cs(79,40): error CS0246: The type or namespace name 'CloudStorageAccount' could not be found (are you missing a using directive or an assembly reference?)
C:\gh\azure-sdk-for-net\sdk\batch\Microsoft.Azure.Batch.Conventions.Files\tests\IntegrationTests\JobOutputStorageTests.cs(79,40): error CS0246: The type or namespace name 'IRetryPolicy' could not be found (are you missing a using directive or an assembly reference?)
C:\gh\azure-sdk-for-net\sdk\batch\Microsoft.Azure.Batch.Conventions.Files\tests\IntegrationTests\JobOutputStorageTests.cs(79,40): error CS0246: The type or namespace name 'CloudBlobContainer' could not be found (are you missing a using directive or an assembly reference?)
C:\gh\azure-sdk-for-net\sdk\batch\Microsoft.Azure.Batch.Conventions.Files\tests\IntegrationTests\JobOutputStorageTests.cs(83,13): error CS0103: The name 'Assert' does not exist in the current context
C:\gh\azure-sdk-for-net\sdk\batch\Microsoft.Azure.Batch.Conventions.Files\tests\IntegrationTests\JobOutputStorageTests.cs(84,13): error CS0103: The name 'Assert' does not exist in the current context
C:\gh\azure-sdk-for-net\sdk\batch\Microsoft.Azure.Batch.Conventions.Files\tests\IntegrationTests\TaskOutputStorageTests.cs(68,13): error CS0103: The name 'Assert' does not exist in the current context
C:\gh\azure-sdk-for-net\sdk\batch\Microsoft.Azure.Batch.Conventions.Files\tests\IntegrationTests\TaskOutputStorageTests.cs(70,41): error CS0246: The type or namespace name 'CloudStorageAccount' could not be found (are you missing a using directive or an assembly reference?)
C:\gh\azure-sdk-for-net\sdk\batch\Microsoft.Azure.Batch.Conventions.Files\tests\IntegrationTests\TaskOutputStorageTests.cs(70,41): error CS0246: The type or namespace name 'IRetryPolicy' could not be found (are you missing a using directive or an assembly reference?)
C:\gh\azure-sdk-for-net\sdk\batch\Microsoft.Azure.Batch.Conventions.Files\tests\IntegrationTests\TaskOutputStorageTests.cs(70,41): error CS0246: The type or namespace name 'CloudBlobContainer' could not be found (are you missing a using directive or an assembly reference?)
C:\gh\azure-sdk-for-net\sdk\batch\Microsoft.Azure.Batch.Conventions.Files\tests\IntegrationTests\TaskOutputStorageTests.cs(74,13): error CS0103: The name 'Assert' does not exist in the current context
C:\gh\azure-sdk-for-net\sdk\batch\Microsoft.Azure.Batch.Conventions.Files\tests\IntegrationTests\TaskOutputStorageTests.cs(75,13): error CS0103: The name 'Assert' does not exist in the current context
C:\gh\azure-sdk-for-net\sdk\batch\Microsoft.Azure.Batch.Conventions.Files\tests\IntegrationTests\JobOutputStorageTests.cs(91,40): error CS0246: The type or namespace name 'CloudStorageAccount' could not be found (are you missing a using directive or an assembly reference?)
C:\gh\azure-sdk-for-net\sdk\batch\Microsoft.Azure.Batch.Conventions.Files\tests\IntegrationTests\JobOutputStorageTests.cs(91,40): error CS0246: The type or namespace name 'IRetryPolicy' could not be found (are you missing a using directive or an assembly reference?)
C:\gh\azure-sdk-for-net\sdk\batch\Microsoft.Azure.Batch.Conventions.Files\tests\IntegrationTests\JobOutputStorageTests.cs(91,40): error CS0246: The type or namespace name 'CloudBlobContainer' could not be found (are you missing a using directive or an assembly reference?)
C:\gh\azure-sdk-for-net\sdk\batch\Microsoft.Azure.Batch.Conventions.Files\tests\IntegrationTests\JobOutputStorageTests.cs(95,13): error CS0103: The name 'Assert' does not exist in the current context
C:\gh\azure-sdk-for-net\sdk\batch\Microsoft.Azure.Batch.Conventions.Files\tests\IntegrationTests\JobOutputStorageTests.cs(96,13): error CS0103: The name 'Assert' does not exist in the current context
C:\gh\azure-sdk-for-net\sdk\batch\Microsoft.Azure.Batch.Conventions.Files\tests\IntegrationTests\JobOutputStorageTests.cs(103,40): error CS0246: The type or namespace name 'CloudStorageAccount' could not be found (are you missing a using directive or an assembly reference?)
C:\gh\azure-sdk-for-net\sdk\batch\Microsoft.Azure.Batch.Conventions.Files\tests\IntegrationTests\JobOutputStorageTests.cs(103,40): error CS0246: The type or namespace name 'IRetryPolicy' could not be found (are you missing a using directive or an assembly reference?)
C:\gh\azure-sdk-for-net\sdk\batch\Microsoft.Azure.Batch.Conventions.Files\tests\IntegrationTests\JobOutputStorageTests.cs(103,40): error CS0246: The type or namespace name 'CloudBlobContainer' could not be found (are you missing a using directive or an assembly reference?)
C:\gh\azure-sdk-for-net\sdk\batch\Microsoft.Azure.Batch.Conventions.Files\tests\IntegrationTests\JobOutputStorageTests.cs(107,13): error CS0103: The name 'Assert' does not exist in the current context
C:\gh\azure-sdk-for-net\sdk\batch\Microsoft.Azure.Batch.Conventions.Files\tests\IntegrationTests\JobOutputStorageTests.cs(108,13): error CS0103: The name 'Assert' does not exist in the current context
C:\gh\azure-sdk-for-net\sdk\batch\Microsoft.Azure.Batch.Conventions.Files\tests\IntegrationTests\TaskOutputStorageTests.cs(82,41): error CS0246: The type or namespace name 'CloudStorageAccount' could not be found (are you missing a using directive or an assembly reference?)
C:\gh\azure-sdk-for-net\sdk\batch\Microsoft.Azure.Batch.Conventions.Files\tests\IntegrationTests\TaskOutputStorageTests.cs(82,41): error CS0246: The type or namespace name 'IRetryPolicy' could not be found (are you missing a using directive or an assembly reference?)
C:\gh\azure-sdk-for-net\sdk\batch\Microsoft.Azure.Batch.Conventions.Files\tests\IntegrationTests\TaskOutputStorageTests.cs(82,41): error CS0246: The type or namespace name 'CloudBlobContainer' could not be found (are you missing a using directive or an assembly reference?)
C:\gh\azure-sdk-for-net\sdk\batch\Microsoft.Azure.Batch.Conventions.Files\tests\IntegrationTests\TaskOutputStorageTests.cs(86,13): error CS0103: The name 'Assert' does not exist in the current context
C:\gh\azure-sdk-for-net\sdk\batch\Microsoft.Azure.Batch.Conventions.Files\tests\IntegrationTests\TaskOutputStorageTests.cs(87,13): error CS0103: The name 'Assert' does not exist in the current context
C:\gh\azure-sdk-for-net\sdk\batch\Microsoft.Azure.Batch.Conventions.Files\tests\IntegrationTests\JobOutputStorageTests.cs(115,40): error CS0246: The type or namespace name 'CloudStorageAccount' could not be found (are you missing a using directive or an assembly reference?)
C:\gh\azure-sdk-for-net\sdk\batch\Microsoft.Azure.Batch.Conventions.Files\tests\IntegrationTests\JobOutputStorageTests.cs(115,40): error CS0246: The type or namespace name 'IRetryPolicy' could not be found (are you missing a using directive or an assembly reference?)
C:\gh\azure-sdk-for-net\sdk\batch\Microsoft.Azure.Batch.Conventions.Files\tests\IntegrationTests\JobOutputStorageTests.cs(115,40): error CS0246: The type or namespace name 'CloudBlobContainer' could not be found (are you missing a using directive or an assembly reference?)
C:\gh\azure-sdk-for-net\sdk\batch\Microsoft.Azure.Batch.Conventions.Files\tests\IntegrationTests\JobOutputStorageTests.cs(123,13): error CS0103: The name 'Assert' does not exist in the current context
C:\gh\azure-sdk-for-net\sdk\batch\Microsoft.Azure.Batch.Conventions.Files\tests\IntegrationTests\JobOutputStorageTests.cs(130,40): error CS0246: The type or namespace name 'CloudStorageAccount' could not be found (are you missing a using directive or an assembly reference?)
C:\gh\azure-sdk-for-net\sdk\batch\Microsoft.Azure.Batch.Conventions.Files\tests\IntegrationTests\JobOutputStorageTests.cs(130,40): error CS0246: The type or namespace name 'IRetryPolicy' could not be found (are you missing a using directive or an assembly reference?)
C:\gh\azure-sdk-for-net\sdk\batch\Microsoft.Azure.Batch.Conventions.Files\tests\IntegrationTests\JobOutputStorageTests.cs(130,40): error CS0246: The type or namespace name 'CloudBlobContainer' could not be found (are you missing a using directive or an assembly reference?)
C:\gh\azure-sdk-for-net\sdk\batch\Microsoft.Azure.Batch.Conventions.Files\tests\IntegrationTests\JobOutputStorageTests.cs(138,13): error CS0103: The name 'Assert' does not exist in the current context
C:\gh\azure-sdk-for-net\sdk\batch\Microsoft.Azure.Batch.Conventions.Files\tests\IntegrationTests\TaskOutputStorageTests.cs(94,41): error CS0246: The type or namespace name 'CloudStorageAccount' could not be found (are you missing a using directive or an assembly reference?)
C:\gh\azure-sdk-for-net\sdk\batch\Microsoft.Azure.Batch.Conventions.Files\tests\IntegrationTests\TaskOutputStorageTests.cs(94,41): error CS0246: The type or namespace name 'IRetryPolicy' could not be found (are you missing a using directive or an assembly reference?)
C:\gh\azure-sdk-for-net\sdk\batch\Microsoft.Azure.Batch.Conventions.Files\tests\IntegrationTests\TaskOutputStorageTests.cs(94,41): error CS0246: The type or namespace name 'CloudBlobContainer' could not be found (are you missing a using directive or an assembly reference?)
C:\gh\azure-sdk-for-net\sdk\batch\Microsoft.Azure.Batch.Conventions.Files\tests\IntegrationTests\TaskOutputStorageTests.cs(98,13): error CS0103: The name 'Assert' does not exist in the current context
C:\gh\azure-sdk-for-net\sdk\batch\Microsoft.Azure.Batch.Conventions.Files\tests\IntegrationTests\TaskOutputStorageTests.cs(99,13): error CS0103: The name 'Assert' does not exist in the current context
C:\gh\azure-sdk-for-net\sdk\batch\Microsoft.Azure.Batch.Conventions.Files\tests\IntegrationTests\JobOutputStorageTests.cs(145,85): error CS0246: The type or namespace name 'LinearRetry' could not be found (are you missing a using directive or an assembly reference?)
C:\gh\azure-sdk-for-net\sdk\batch\Microsoft.Azure.Batch.Conventions.Files\tests\IntegrationTests\JobOutputStorageTests.cs(145,40): error CS0246: The type or namespace name 'CloudStorageAccount' could not be found (are you missing a using directive or an assembly reference?)
C:\gh\azure-sdk-for-net\sdk\batch\Microsoft.Azure.Batch.Conventions.Files\tests\IntegrationTests\JobOutputStorageTests.cs(149,31): error CS0246: The type or namespace name 'ICloudBlob' could not be found (are you missing a using directive or an assembly reference?)
C:\gh\azure-sdk-for-net\sdk\batch\Microsoft.Azure.Batch.Conventions.Files\tests\IntegrationTests\JobOutputStorageTests.cs(151,13): error CS0103: The name 'Assert' does not exist in the current context
C:\gh\azure-sdk-for-net\sdk\batch\Microsoft.Azure.Batch.Conventions.Files\tests\IntegrationTests\JobOutputStorageTests.cs(151,27): error CS0246: The type or namespace name 'LinearRetry' could not be found (are you missing a using directive or an assembly reference?)
C:\gh\azure-sdk-for-net\sdk\batch\Microsoft.Azure.Batch.Conventions.Files\tests\IntegrationTests\JobOutputStorageTests.cs(158,38): error CS0103: The name 'BatchClient' does not exist in the current context
C:\gh\azure-sdk-for-net\sdk\batch\Microsoft.Azure.Batch.Conventions.Files\tests\IntegrationTests\JobOutputStorageTests.cs(161,33): error CS0246: The type or namespace name 'CloudJob' could not be found (are you missing a using directive or an assembly reference?)
C:\gh\azure-sdk-for-net\sdk\batch\Microsoft.Azure.Batch.Conventions.Files\tests\IntegrationTests\JobOutputStorageTests.cs(163,85): error CS0246: The type or namespace name 'LinearRetry' could not be found (are you missing a using directive or an assembly reference?)
C:\gh\azure-sdk-for-net\sdk\batch\Microsoft.Azure.Batch.Conventions.Files\tests\IntegrationTests\JobOutputStorageTests.cs(163,44): error CS0246: The type or namespace name 'CloudStorageAccount' could not be found (are you missing a using directive or an assembly reference?)
C:\gh\azure-sdk-for-net\sdk\batch\Microsoft.Azure.Batch.Conventions.Files\tests\IntegrationTests\JobOutputStorageTests.cs(163,44): error CS0246: The type or namespace name 'IRetryPolicy' could not be found (are you missing a using directive or an assembly reference?)
C:\gh\azure-sdk-for-net\sdk\batch\Microsoft.Azure.Batch.Conventions.Files\tests\IntegrationTests\JobOutputStorageTests.cs(163,44): error CS0246: The type or namespace name 'CloudBlobContainer' could not be found (are you missing a using directive or an assembly reference?)
C:\gh\azure-sdk-for-net\sdk\batch\Microsoft.Azure.Batch.Conventions.Files\tests\IntegrationTests\JobOutputStorageTests.cs(167,35): error CS0246: The type or namespace name 'ICloudBlob' could not be found (are you missing a using directive or an assembly reference?)
C:\gh\azure-sdk-for-net\sdk\batch\Microsoft.Azure.Batch.Conventions.Files\tests\IntegrationTests\JobOutputStorageTests.cs(169,17): error CS0103: The name 'Assert' does not exist in the current context
C:\gh\azure-sdk-for-net\sdk\batch\Microsoft.Azure.Batch.Conventions.Files\tests\IntegrationTests\JobOutputStorageTests.cs(169,31): error CS0246: The type or namespace name 'LinearRetry' could not be found (are you missing a using directive or an assembly reference?)
C:\gh\azure-sdk-for-net\sdk\batch\Microsoft.Azure.Batch.Conventions.Files\tests\IntegrationTests\TaskOutputStorageTests.cs(106,41): error CS0246: The type or namespace name 'CloudStorageAccount' could not be found (are you missing a using directive or an assembly reference?)
C:\gh\azure-sdk-for-net\sdk\batch\Microsoft.Azure.Batch.Conventions.Files\tests\IntegrationTests\TaskOutputStorageTests.cs(106,41): error CS0246: The type or namespace name 'IRetryPolicy' could not be found (are you missing a using directive or an assembly reference?)
C:\gh\azure-sdk-for-net\sdk\batch\Microsoft.Azure.Batch.Conventions.Files\tests\IntegrationTests\TaskOutputStorageTests.cs(106,41): error CS0246: The type or namespace name 'CloudBlobContainer' could not be found (are you missing a using directive or an assembly reference?)
C:\gh\azure-sdk-for-net\sdk\batch\Microsoft.Azure.Batch.Conventions.Files\tests\IntegrationTests\TaskOutputStorageTests.cs(110,13): error CS0103: The name 'Assert' does not exist in the current context
C:\gh\azure-sdk-for-net\sdk\batch\Microsoft.Azure.Batch.Conventions.Files\tests\IntegrationTests\TaskOutputStorageTests.cs(111,13): error CS0103: The name 'Assert' does not exist in the current context
C:\gh\azure-sdk-for-net\sdk\batch\Microsoft.Azure.Batch.Conventions.Files\tests\IntegrationTests\TaskOutputStorageTests.cs(118,41): error CS0246: The type or namespace name 'CloudStorageAccount' could not be found (are you missing a using directive or an assembly reference?)
C:\gh\azure-sdk-for-net\sdk\batch\Microsoft.Azure.Batch.Conventions.Files\tests\IntegrationTests\TaskOutputStorageTests.cs(118,41): error CS0246: The type or namespace name 'IRetryPolicy' could not be found (are you missing a using directive or an assembly reference?)
C:\gh\azure-sdk-for-net\sdk\batch\Microsoft.Azure.Batch.Conventions.Files\tests\IntegrationTests\TaskOutputStorageTests.cs(118,41): error CS0246: The type or namespace name 'CloudBlobContainer' could not be found (are you missing a using directive or an assembly reference?)
C:\gh\azure-sdk-for-net\sdk\batch\Microsoft.Azure.Batch.Conventions.Files\tests\IntegrationTests\TaskOutputStorageTests.cs(126,13): error CS0103: The name 'Assert' does not exist in the current context
C:\gh\azure-sdk-for-net\sdk\batch\Microsoft.Azure.Batch.Conventions.Files\tests\IntegrationTests\TaskOutputStorageTests.cs(133,41): error CS0246: The type or namespace name 'CloudStorageAccount' could not be found (are you missing a using directive or an assembly reference?)
C:\gh\azure-sdk-for-net\sdk\batch\Microsoft.Azure.Batch.Conventions.Files\tests\IntegrationTests\TaskOutputStorageTests.cs(133,41): error CS0246: The type or namespace name 'IRetryPolicy' could not be found (are you missing a using directive or an assembly reference?)
C:\gh\azure-sdk-for-net\sdk\batch\Microsoft.Azure.Batch.Conventions.Files\tests\IntegrationTests\TaskOutputStorageTests.cs(133,41): error CS0246: The type or namespace name 'CloudBlobContainer' could not be found (are you missing a using directive or an assembly reference?)
C:\gh\azure-sdk-for-net\sdk\batch\Microsoft.Azure.Batch.Conventions.Files\tests\IntegrationTests\TaskOutputStorageTests.cs(141,13): error CS0103: The name 'Assert' does not exist in the current context
C:\gh\azure-sdk-for-net\sdk\batch\Microsoft.Azure.Batch.Conventions.Files\tests\IntegrationTests\TaskOutputStorageTests.cs(150,41): error CS0246: The type or namespace name 'CloudStorageAccount' could not be found (are you missing a using directive or an assembly reference?)
C:\gh\azure-sdk-for-net\sdk\batch\Microsoft.Azure.Batch.Conventions.Files\tests\IntegrationTests\TaskOutputStorageTests.cs(150,41): error CS0246: The type or namespace name 'IRetryPolicy' could not be found (are you missing a using directive or an assembly reference?)
C:\gh\azure-sdk-for-net\sdk\batch\Microsoft.Azure.Batch.Conventions.Files\tests\IntegrationTests\TaskOutputStorageTests.cs(150,41): error CS0246: The type or namespace name 'CloudBlobContainer' could not be found (are you missing a using directive or an assembly reference?)
C:\gh\azure-sdk-for-net\sdk\batch\Microsoft.Azure.Batch.Conventions.Files\tests\IntegrationTests\TaskOutputStorageTests.cs(157,13): error CS0103: The name 'Assert' does not exist in the current context
C:\gh\azure-sdk-for-net\sdk\batch\Microsoft.Azure.Batch.Conventions.Files\tests\IntegrationTests\TaskOutputStorageTests.cs(164,41): error CS0246: The type or namespace name 'CloudStorageAccount' could not be found (are you missing a using directive or an assembly reference?)
C:\gh\azure-sdk-for-net\sdk\batch\Microsoft.Azure.Batch.Conventions.Files\tests\IntegrationTests\TaskOutputStorageTests.cs(164,41): error CS0246: The type or namespace name 'IRetryPolicy' could not be found (are you missing a using directive or an assembly reference?)
C:\gh\azure-sdk-for-net\sdk\batch\Microsoft.Azure.Batch.Conventions.Files\tests\IntegrationTests\TaskOutputStorageTests.cs(164,41): error CS0246: The type or namespace name 'CloudBlobContainer' could not be found (are you missing a using directive or an assembly reference?)
C:\gh\azure-sdk-for-net\sdk\batch\Microsoft.Azure.Batch.Conventions.Files\tests\IntegrationTests\TaskOutputStorageTests.cs(172,13): error CS0103: The name 'Assert' does not exist in the current context
C:\gh\azure-sdk-for-net\sdk\batch\Microsoft.Azure.Batch.Conventions.Files\tests\IntegrationTests\TaskOutputStorageTests.cs(179,41): error CS0246: The type or namespace name 'CloudStorageAccount' could not be found (are you missing a using directive or an assembly reference?)
C:\gh\azure-sdk-for-net\sdk\batch\Microsoft.Azure.Batch.Conventions.Files\tests\IntegrationTests\TaskOutputStorageTests.cs(179,41): error CS0246: The type or namespace name 'IRetryPolicy' could not be found (are you missing a using directive or an assembly reference?)
C:\gh\azure-sdk-for-net\sdk\batch\Microsoft.Azure.Batch.Conventions.Files\tests\IntegrationTests\TaskOutputStorageTests.cs(179,41): error CS0246: The type or namespace name 'CloudBlobContainer' could not be found (are you missing a using directive or an assembly reference?)
C:\gh\azure-sdk-for-net\sdk\batch\Microsoft.Azure.Batch.Conventions.Files\tests\IntegrationTests\TaskOutputStorageTests.cs(180,28): error CS0103: The name 'Assert' does not exist in the current context
C:\gh\azure-sdk-for-net\sdk\batch\Microsoft.Azure.Batch.Conventions.Files\tests\IntegrationTests\TaskOutputStorageTests.cs(180,47): error CS0246: The type or namespace name 'StorageException' could not be found (are you missing a using directive or an assembly reference?)
C:\gh\azure-sdk-for-net\sdk\batch\Microsoft.Azure.Batch.Conventions.Files\tests\IntegrationTests\TaskOutputStorageTests.cs(184,13): error CS0103: The name 'Assert' does not exist in the current context
C:\gh\azure-sdk-for-net\sdk\batch\Microsoft.Azure.Batch.Conventions.Files\tests\IntegrationTests\TaskOutputStorageTests.cs(195,45): error CS0246: The type or namespace name 'CloudStorageAccount' could not be found (are you missing a using directive or an assembly reference?)
C:\gh\azure-sdk-for-net\sdk\batch\Microsoft.Azure.Batch.Conventions.Files\tests\IntegrationTests\TaskOutputStorageTests.cs(195,45): error CS0246: The type or namespace name 'IRetryPolicy' could not be found (are you missing a using directive or an assembly reference?)
C:\gh\azure-sdk-for-net\sdk\batch\Microsoft.Azure.Batch.Conventions.Files\tests\IntegrationTests\TaskOutputStorageTests.cs(195,45): error CS0246: The type or namespace name 'CloudBlobContainer' could not be found (are you missing a using directive or an assembly reference?)
C:\gh\azure-sdk-for-net\sdk\batch\Microsoft.Azure.Batch.Conventions.Files\tests\IntegrationTests\TaskOutputStorageTests.cs(211,17): error CS0103: The name 'Assert' does not exist in the current context
C:\gh\azure-sdk-for-net\sdk\batch\Microsoft.Azure.Batch.Conventions.Files\tests\IntegrationTests\TaskOutputStorageTests.cs(227,45): error CS0246: The type or namespace name 'CloudStorageAccount' could not be found (are you missing a using directive or an assembly reference?)
C:\gh\azure-sdk-for-net\sdk\batch\Microsoft.Azure.Batch.Conventions.Files\tests\IntegrationTests\TaskOutputStorageTests.cs(227,45): error CS0246: The type or namespace name 'IRetryPolicy' could not be found (are you missing a using directive or an assembly reference?)
C:\gh\azure-sdk-for-net\sdk\batch\Microsoft.Azure.Batch.Conventions.Files\tests\IntegrationTests\TaskOutputStorageTests.cs(227,45): error CS0246: The type or namespace name 'CloudBlobContainer' could not be found (are you missing a using directive or an assembly reference?)
C:\gh\azure-sdk-for-net\sdk\batch\Microsoft.Azure.Batch.Conventions.Files\tests\IntegrationTests\TaskOutputStorageTests.cs(254,17): error CS0103: The name 'Assert' does not exist in the current context
C:\gh\azure-sdk-for-net\sdk\batch\Microsoft.Azure.Batch.Conventions.Files\tests\IntegrationTests\TaskOutputStorageTests.cs(266,96): error CS0246: The type or namespace name 'LinearRetry' could not be found (are you missing a using directive or an assembly reference?)
C:\gh\azure-sdk-for-net\sdk\batch\Microsoft.Azure.Batch.Conventions.Files\tests\IntegrationTests\TaskOutputStorageTests.cs(266,41): error CS0246: The type or namespace name 'CloudStorageAccount' could not be found (are you missing a using directive or an assembly reference?)
C:\gh\azure-sdk-for-net\sdk\batch\Microsoft.Azure.Batch.Conventions.Files\tests\IntegrationTests\TaskOutputStorageTests.cs(270,31): error CS0246: The type or namespace name 'ICloudBlob' could not be found (are you missing a using directive or an assembly reference?)
C:\gh\azure-sdk-for-net\sdk\batch\Microsoft.Azure.Batch.Conventions.Files\tests\IntegrationTests\TaskOutputStorageTests.cs(272,13): error CS0103: The name 'Assert' does not exist in the current context
C:\gh\azure-sdk-for-net\sdk\batch\Microsoft.Azure.Batch.Conventions.Files\tests\IntegrationTests\TaskOutputStorageTests.cs(272,27): error CS0246: The type or namespace name 'LinearRetry' could not be found (are you missing a using directive or an assembly reference?)
C:\gh\azure-sdk-for-net\sdk\batch\Microsoft.Azure.Batch.Conventions.Files\tests\IntegrationTests\TaskOutputStorageTests.cs(279,38): error CS0103: The name 'BatchClient' does not exist in the current context
C:\gh\azure-sdk-for-net\sdk\batch\Microsoft.Azure.Batch.Conventions.Files\tests\IntegrationTests\TaskOutputStorageTests.cs(282,33): error CS0246: The type or namespace name 'CloudJob' could not be found (are you missing a using directive or an assembly reference?)
C:\gh\azure-sdk-for-net\sdk\batch\Microsoft.Azure.Batch.Conventions.Files\tests\IntegrationTests\TaskOutputStorageTests.cs(284,96): error CS0246: The type or namespace name 'LinearRetry' could not be found (are you missing a using directive or an assembly reference?)
C:\gh\azure-sdk-for-net\sdk\batch\Microsoft.Azure.Batch.Conventions.Files\tests\IntegrationTests\TaskOutputStorageTests.cs(284,45): error CS0246: The type or namespace name 'CloudStorageAccount' could not be found (are you missing a using directive or an assembly reference?)
C:\gh\azure-sdk-for-net\sdk\batch\Microsoft.Azure.Batch.Conventions.Files\tests\IntegrationTests\TaskOutputStorageTests.cs(284,45): error CS0246: The type or namespace name 'IRetryPolicy' could not be found (are you missing a using directive or an assembly reference?)
C:\gh\azure-sdk-for-net\sdk\batch\Microsoft.Azure.Batch.Conventions.Files\tests\IntegrationTests\TaskOutputStorageTests.cs(284,45): error CS0246: The type or namespace name 'CloudBlobContainer' could not be found (are you missing a using directive or an assembly reference?)
C:\gh\azure-sdk-for-net\sdk\batch\Microsoft.Azure.Batch.Conventions.Files\tests\IntegrationTests\TaskOutputStorageTests.cs(288,35): error CS0246: The type or namespace name 'ICloudBlob' could not be found (are you missing a using directive or an assembly reference?)
C:\gh\azure-sdk-for-net\sdk\batch\Microsoft.Azure.Batch.Conventions.Files\tests\IntegrationTests\TaskOutputStorageTests.cs(290,17): error CS0103: The name 'Assert' does not exist in the current context
C:\gh\azure-sdk-for-net\sdk\batch\Microsoft.Azure.Batch.Conventions.Files\tests\IntegrationTests\TaskOutputStorageTests.cs(290,31): error CS0246: The type or namespace name 'LinearRetry' could not be found (are you missing a using directive or an assembly reference?)
C:\gh\azure-sdk-for-net\sdk\batch\Microsoft.Azure.Batch.Conventions.Files\tests\IntegrationTests\IntegrationTest.cs(26,1): hidden CS8019: Unnecessary using directive.
C:\gh\azure-sdk-for-net\sdk\batch\Microsoft.Azure.Batch.Conventions.Files\tests\IntegrationTests\JobOutputStorageTests.cs(25,1): hidden CS8019: Unnecessary using directive.
C:\gh\azure-sdk-for-net\eng\mgmt\DisableTestRunParallel.cs(5,1): hidden CS8019: Unnecessary using directive.
C:\gh\azure-sdk-for-net\sdk\batch\Microsoft.Azure.Batch.Conventions.Files\tests\IntegrationTests\StorageConfiguration.cs(20,1): hidden CS8019: Unnecessary using directive.
C:\gh\azure-sdk-for-net\sdk\batch\Microsoft.Azure.Batch.Conventions.Files\tests\IntegrationTests\TaskOutputStorageTests.cs(25,1): hidden CS8019: Unnecessary using directive.
C:\gh\azure-sdk-for-net\sdk\batch\Microsoft.Azure.Batch.Conventions.Files\tests\IntegrationTests\StorageConfiguration.cs(21,1): hidden CS8019: Unnecessary using directive.
C:\gh\azure-sdk-for-net\sdk\batch\Microsoft.Azure.Batch.Conventions.Files\tests\IntegrationTests\Xunit\XunitInfrastructure.cs(24,1): hidden CS8019: Unnecessary using directive.
C:\gh\azure-sdk-for-net\sdk\batch\Microsoft.Azure.Batch.Conventions.Files\tests\IntegrationTests\Utilities\FakeBatchServiceClient.cs(17,1): hidden CS8019: Unnecessary using directive.
C:\gh\azure-sdk-for-net\sdk\batch\Microsoft.Azure.Batch.Conventions.Files\tests\IntegrationTests\JobOutputStorageTests.cs(22,1): hidden CS8019: Unnecessary using directive.
C:\gh\azure-sdk-for-net\sdk\batch\Microsoft.Azure.Batch.Conventions.Files\tests\IntegrationTests\JobOutputStorageTests.cs(16,1): hidden CS8019: Unnecessary using directive.
C:\gh\azure-sdk-for-net\sdk\batch\Microsoft.Azure.Batch.Conventions.Files\tests\IntegrationTests\JobIdFixture.cs(21,1): hidden CS8019: Unnecessary using directive.
C:\gh\azure-sdk-for-net\sdk\batch\Microsoft.Azure.Batch.Conventions.Files\tests\IntegrationTests\JobIdFixture.cs(22,1): hidden CS8019: Unnecessary using directive.
C:\gh\azure-sdk-for-net\sdk\batch\Microsoft.Azure.Batch.Conventions.Files\tests\IntegrationTests\Utilities\FakeBatchServiceClient.cs(20,1): hidden CS8019: Unnecessary using directive.
C:\gh\azure-sdk-for-net\sdk\batch\Microsoft.Azure.Batch.Conventions.Files\tests\IntegrationTests\StorageConfiguration.cs(16,1): hidden CS8019: Unnecessary using directive.
C:\gh\azure-sdk-for-net\sdk\batch\Microsoft.Azure.Batch.Conventions.Files\tests\IntegrationTests\CloudJobExtensionsTests.cs(21,1): hidden CS8019: Unnecessary using directive.
C:\gh\azure-sdk-for-net\sdk\batch\Microsoft.Azure.Batch.Conventions.Files\tests\IntegrationTests\CloudTaskExtensionsTests.cs(20,1): hidden CS8019: Unnecessary using directive.
C:\gh\azure-sdk-for-net\sdk\batch\Microsoft.Azure.Batch.Conventions.Files\tests\IntegrationTests\StorageConfiguration.cs(15,2): hidden CS8019: Unnecessary using directive.
C:\gh\azure-sdk-for-net\sdk\batch\Microsoft.Azure.Batch.Conventions.Files\tests\IntegrationTests\IntegrationTest.cs(20,1): hidden CS8019: Unnecessary using directive.
C:\gh\azure-sdk-for-net\artifacts\obj\Microsoft.Azure.Batch.Conventions.Files.Integration.Tests\Debug\net461\Microsoft.Azure.Batch.Conventions.Files.Integration.Tests.AssemblyInfo.cs(12,1): hidden CS8019: Unnecessary using directive.
C:\gh\azure-sdk-for-net\sdk\batch\Microsoft.Azure.Batch.Conventions.Files\tests\IntegrationTests\Utilities\FakeBatchServiceClient.cs(15,2): hidden CS8019: Unnecessary using directive.
C:\gh\azure-sdk-for-net\sdk\batch\Microsoft.Azure.Batch.Conventions.Files\tests\IntegrationTests\CloudJobExtensionsTests.cs(19,1): hidden CS8019: Unnecessary using directive.
C:\gh\azure-sdk-for-net\sdk\batch\Microsoft.Azure.Batch.Conventions.Files\tests\IntegrationTests\JobOutputStorageTests.cs(21,1): hidden CS8019: Unnecessary using directive.
C:\gh\azure-sdk-for-net\sdk\batch\Microsoft.Azure.Batch.Conventions.Files\tests\IntegrationTests\IntegrationTest.cs(25,1): hidden CS8019: Unnecessary using directive.
C:\gh\azure-sdk-for-net\sdk\batch\Microsoft.Azure.Batch.Conventions.Files\tests\IntegrationTests\TaskOutputStorageTests.cs(23,1): hidden CS8019: Unnecessary using directive.
C:\gh\azure-sdk-for-net\sdk\batch\Microsoft.Azure.Batch.Conventions.Files\tests\IntegrationTests\CloudTaskExtensionsTests.cs(18,1): hidden CS8019: Unnecessary using directive.
C:\gh\azure-sdk-for-net\sdk\batch\Microsoft.Azure.Batch.Conventions.Files\tests\IntegrationTests\TaskOutputStorageTests.cs(17,1): hidden CS8019: Unnecessary using directive.
C:\gh\azure-sdk-for-net\sdk\batch\Microsoft.Azure.Batch.Conventions.Files\tests\IntegrationTests\JobOutputStorageTests.cs(24,1): hidden CS8019: Unnecessary using directive.
C:\gh\azure-sdk-for-net\sdk\batch\Microsoft.Azure.Batch.Conventions.Files\tests\IntegrationTests\IntegrationTest.cs(19,1): hidden CS8019: Unnecessary using directive.
C:\gh\azure-sdk-for-net\sdk\batch\Microsoft.Azure.Batch.Conventions.Files\tests\IntegrationTests\JobIdFixture.cs(25,1): hidden CS8019: Unnecessary using directive.
C:\gh\azure-sdk-for-net\sdk\batch\Microsoft.Azure.Batch.Conventions.Files\tests\IntegrationTests\Utilities\BlobUtils.cs(18,1): hidden CS8019: Unnecessary using directive.
C:\gh\azure-sdk-for-net\sdk\batch\Microsoft.Azure.Batch.Conventions.Files\tests\IntegrationTests\Utilities\FakeBatchServiceClient.cs(25,1): hidden CS8019: Unnecessary using directive.
C:\gh\azure-sdk-for-net\sdk\batch\Microsoft.Azure.Batch.Conventions.Files\tests\IntegrationTests\Utilities\BlobUtils.cs(19,1): hidden CS8019: Unnecessary using directive.
C:\gh\azure-sdk-for-net\sdk\batch\Microsoft.Azure.Batch.Conventions.Files\tests\IntegrationTests\CloudJobExtensionsTests.cs(24,1): hidden CS8019: Unnecessary using directive.
C:\gh\azure-sdk-for-net\sdk\batch\Microsoft.Azure.Batch.Conventions.Files\tests\IntegrationTests\CloudTaskExtensionsTests.cs(23,1): hidden CS8019: Unnecessary using directive.
C:\gh\azure-sdk-for-net\artifacts\obj\Microsoft.Azure.Batch.Conventions.Files.Integration.Tests\Debug\net461\Microsoft.Azure.Batch.Conventions.Files.Integration.Tests.AssemblyInfo.cs(11,1): hidden CS8019: Unnecessary using directive.
C:\gh\azure-sdk-for-net\artifacts\obj\Microsoft.Azure.Batch.Conventions.Files.Integration.Tests\Debug\net461\.NETFramework,Version=v4.6.1.AssemblyAttributes.cs(3,1): hidden CS8019: Unnecessary using directive.
C:\gh\azure-sdk-for-net\sdk\batch\Microsoft.Azure.Batch.Conventions.Files\tests\IntegrationTests\IntegrationTest.cs(22,1): hidden CS8019: Unnecessary using directive.
C:\gh\azure-sdk-for-net\sdk\batch\Microsoft.Azure.Batch.Conventions.Files\tests\IntegrationTests\Utilities\BlobUtils.cs(17,1): hidden CS8019: Unnecessary using directive.
C:\gh\azure-sdk-for-net\sdk\batch\Microsoft.Azure.Batch.Conventions.Files\tests\IntegrationTests\IntegrationTest.cs(23,1): hidden CS8019: Unnecessary using directive.
C:\gh\azure-sdk-for-net\sdk\batch\Microsoft.Azure.Batch.Conventions.Files\tests\IntegrationTests\StorageConfiguration.cs(22,1): hidden CS8019: Unnecessary using directive.
C:\gh\azure-sdk-for-net\sdk\batch\Microsoft.Azure.Batch.Conventions.Files\tests\IntegrationTests\CloudTaskExtensionsTests.cs(17,1): hidden CS8019: Unnecessary using directive.
C:\gh\azure-sdk-for-net\sdk\batch\Microsoft.Azure.Batch.Conventions.Files\tests\IntegrationTests\IntegrationTest.cs(17,1): hidden CS8019: Unnecessary using directive.
C:\gh\azure-sdk-for-net\sdk\batch\Microsoft.Azure.Batch.Conventions.Files\tests\IntegrationTests\Utilities\RandomChars.cs(18,1): hidden CS8019: Unnecessary using directive.
C:\gh\azure-sdk-for-net\sdk\batch\Microsoft.Azure.Batch.Conventions.Files\tests\IntegrationTests\Utilities\BlobUtils.cs(15,2): hidden CS8019: Unnecessary using directive.
C:\gh\azure-sdk-for-net\sdk\batch\Microsoft.Azure.Batch.Conventions.Files\tests\IntegrationTests\Utilities\RandomChars.cs(19,1): hidden CS8019: Unnecessary using directive.
C:\gh\azure-sdk-for-net\sdk\batch\Microsoft.Azure.Batch.Conventions.Files\tests\IntegrationTests\JobIdFixture.cs(24,1): hidden CS8019: Unnecessary using directive.
C:\gh\azure-sdk-for-net\sdk\batch\Microsoft.Azure.Batch.Conventions.Files\tests\IntegrationTests\Xunit\XunitInfrastructure.cs(23,1): hidden CS8019: Unnecessary using directive.
C:\gh\azure-sdk-for-net\sdk\batch\Microsoft.Azure.Batch.Conventions.Files\tests\IntegrationTests\IntegrationTest.cs(16,1): hidden CS8019: Unnecessary using directive.
C:\gh\azure-sdk-for-net\sdk\batch\Microsoft.Azure.Batch.Conventions.Files\tests\IntegrationTests\TaskOutputStorageTests.cs(27,1): hidden CS8019: Unnecessary using directive.
C:\gh\azure-sdk-for-net\sdk\batch\Microsoft.Azure.Batch.Conventions.Files\tests\IntegrationTests\IntegrationTest.cs(18,1): hidden CS8019: Unnecessary using directive.
C:\gh\azure-sdk-for-net\sdk\batch\Microsoft.Azure.Batch.Conventions.Files\tests\IntegrationTests\JobOutputStorageTests.cs(19,1): hidden CS8019: Unnecessary using directive.
C:\gh\azure-sdk-for-net\eng\mgmt\DisableTestRunParallel.cs(4,1): hidden CS8019: Unnecessary using directive.
C:\gh\azure-sdk-for-net\sdk\batch\Microsoft.Azure.Batch.Conventions.Files\tests\IntegrationTests\TaskOutputStorageTests.cs(22,1): hidden CS8019: Unnecessary using directive.
C:\gh\azure-sdk-for-net\sdk\batch\Microsoft.Azure.Batch.Conventions.Files\tests\IntegrationTests\IntegrationTest.cs(24,1): hidden CS8019: Unnecessary using directive.
C:\gh\azure-sdk-for-net\sdk\batch\Microsoft.Azure.Batch.Conventions.Files\tests\IntegrationTests\Xunit\XunitInfrastructure.cs(20,1): hidden CS8019: Unnecessary using directive.
C:\gh\azure-sdk-for-net\artifacts\obj\Microsoft.Azure.Batch.Conventions.Files.Integration.Tests\Debug\net461\.NETFramework,Version=v4.6.1.AssemblyAttributes.cs(2,1): hidden CS8019: Unnecessary using directive.
C:\gh\azure-sdk-for-net\sdk\batch\Microsoft.Azure.Batch.Conventions.Files\tests\IntegrationTests\TaskOutputStorageTests.cs(26,1): hidden CS8019: Unnecessary using directive.
C:\gh\azure-sdk-for-net\sdk\batch\Microsoft.Azure.Batch.Conventions.Files\tests\IntegrationTests\CloudTaskExtensionsTests.cs(22,1): hidden CS8019: Unnecessary using directive.
C:\gh\azure-sdk-for-net\sdk\batch\Microsoft.Azure.Batch.Conventions.Files\tests\IntegrationTests\JobIdFixture.cs(19,1): hidden CS8019: Unnecessary using directive.
C:\gh\azure-sdk-for-net\sdk\batch\Microsoft.Azure.Batch.Conventions.Files\tests\IntegrationTests\Xunit\XunitInfrastructure.cs(17,1): hidden CS8019: Unnecessary using directive.
C:\gh\azure-sdk-for-net\sdk\batch\Microsoft.Azure.Batch.Conventions.Files\tests\IntegrationTests\TaskOutputStorageTests.cs(24,1): hidden CS8019: Unnecessary using directive.
C:\gh\azure-sdk-for-net\sdk\batch\Microsoft.Azure.Batch.Conventions.Files\tests\IntegrationTests\IntegrationTest.cs(15,2): hidden CS8019: Unnecessary using directive.
C:\gh\azure-sdk-for-net\sdk\batch\Microsoft.Azure.Batch.Conventions.Files\tests\IntegrationTests\CloudJobExtensionsTests.cs(23,1): hidden CS8019: Unnecessary using directive.
C:\gh\azure-sdk-for-net\sdk\batch\Microsoft.Azure.Batch.Conventions.Files\tests\IntegrationTests\Utilities\FakeBatchServiceClient.cs(18,1): hidden CS8019: Unnecessary using directive.
C:\gh\azure-sdk-for-net\sdk\batch\Microsoft.Azure.Batch.Conventions.Files\tests\IntegrationTests\Utilities\FakeBatchServiceClient.cs(19,1): hidden CS8019: Unnecessary using directive.
C:\gh\azure-sdk-for-net\sdk\batch\Microsoft.Azure.Batch.Conventions.Files\tests\IntegrationTests\Infrastructure\LiveTestAttribute.cs(7,5): hidden CS8019: Unnecessary using directive.
