C:\gh\azure-sdk-for-net\sdk\cognitiveservices\Language.LUIS.Authoring\tests\BaseTest.cs(13,23): error CS0246: The type or namespace name 'HttpRecorderMode' could not be found (are you missing a using directive or an assembly reference?)
C:\gh\azure-sdk-for-net\sdk\cognitiveservices\Language.LUIS.Authoring\tests\BaseTest.cs(13,23): error CS0246: The type or namespace name 'HttpRecorderMode' could not be found (are you missing a using directive or an assembly reference?)
C:\gh\azure-sdk-for-net\sdk\cognitiveservices\Language.LUIS.Authoring\tests\BaseTest.cs(13,23): error CS0246: The type or namespace name 'HttpRecorderMode' could not be found (are you missing a using directive or an assembly reference?)
C:\gh\azure-sdk-for-net\sdk\cognitiveservices\Language.LUIS.Authoring\tests\BaseTest.cs(13,23): error CS0246: The type or namespace name 'HttpRecorderMode' could not be found (are you missing a using directive or an assembly reference?)
C:\gh\azure-sdk-for-net\sdk\cognitiveservices\Language.LUIS.Authoring\tests\BaseTest.cs(13,23): error CS0246: The type or namespace name 'HttpRecorderMode' could not be found (are you missing a using directive or an assembly reference?)
C:\gh\azure-sdk-for-net\sdk\cognitiveservices\Language.LUIS.Authoring\tests\BaseTest.cs(13,23): error CS0246: The type or namespace name 'HttpRecorderMode' could not be found (are you missing a using directive or an assembly reference?)
C:\gh\azure-sdk-for-net\sdk\cognitiveservices\Language.LUIS.Authoring\tests\BaseTest.cs(13,23): error CS0246: The type or namespace name 'HttpRecorderMode' could not be found (are you missing a using directive or an assembly reference?)
C:\gh\azure-sdk-for-net\sdk\cognitiveservices\Language.LUIS.Authoring\tests\BaseTest.cs(13,23): error CS0246: The type or namespace name 'HttpRecorderMode' could not be found (are you missing a using directive or an assembly reference?)
C:\gh\azure-sdk-for-net\sdk\cognitiveservices\Language.LUIS.Authoring\tests\Luis\ModelPrebuiltDomainTests.cs(9,6): error CS0246: The type or namespace name 'CollectionAttribute' could not be found (are you missing a using directive or an assembly reference?)
C:\gh\azure-sdk-for-net\sdk\cognitiveservices\Language.LUIS.Authoring\tests\Luis\FeaturesPhraseListsTests.cs(7,6): error CS0246: The type or namespace name 'CollectionAttribute' could not be found (are you missing a using directive or an assembly reference?)
C:\gh\azure-sdk-for-net\sdk\cognitiveservices\Language.LUIS.Authoring\tests\Luis\ModelPrebuiltDomainTests.cs(9,6): error CS0246: The type or namespace name 'Collection' could not be found (are you missing a using directive or an assembly reference?)
C:\gh\azure-sdk-for-net\sdk\cognitiveservices\Language.LUIS.Authoring\tests\Luis\FeaturesPhraseListsTests.cs(7,6): error CS0246: The type or namespace name 'Collection' could not be found (are you missing a using directive or an assembly reference?)
C:\gh\azure-sdk-for-net\sdk\cognitiveservices\Language.LUIS.Authoring\tests\Luis\ModelEntitiesTests.cs(8,6): error CS0246: The type or namespace name 'CollectionAttribute' could not be found (are you missing a using directive or an assembly reference?)
C:\gh\azure-sdk-for-net\sdk\cognitiveservices\Language.LUIS.Authoring\tests\Luis\ModelEntitiesTests.cs(8,6): error CS0246: The type or namespace name 'Collection' could not be found (are you missing a using directive or an assembly reference?)
C:\gh\azure-sdk-for-net\sdk\cognitiveservices\Language.LUIS.Authoring\tests\Luis\ExamplesTests.cs(10,6): error CS0246: The type or namespace name 'CollectionAttribute' could not be found (are you missing a using directive or an assembly reference?)
C:\gh\azure-sdk-for-net\sdk\cognitiveservices\Language.LUIS.Authoring\tests\Luis\ExamplesTests.cs(10,6): error CS0246: The type or namespace name 'Collection' could not be found (are you missing a using directive or an assembly reference?)
C:\gh\azure-sdk-for-net\sdk\cognitiveservices\Language.LUIS.Authoring\tests\Luis\ModelPatternAnyTests.cs(11,6): error CS0246: The type or namespace name 'CollectionAttribute' could not be found (are you missing a using directive or an assembly reference?)
C:\gh\azure-sdk-for-net\sdk\cognitiveservices\Language.LUIS.Authoring\tests\Luis\ModelPatternAnyTests.cs(11,6): error CS0246: The type or namespace name 'Collection' could not be found (are you missing a using directive or an assembly reference?)
C:\gh\azure-sdk-for-net\sdk\cognitiveservices\Language.LUIS.Authoring\tests\Luis\EntityRolesTests.cs(12,6): error CS0246: The type or namespace name 'CollectionAttribute' could not be found (are you missing a using directive or an assembly reference?)
C:\gh\azure-sdk-for-net\sdk\cognitiveservices\Language.LUIS.Authoring\tests\Luis\EntityRolesTests.cs(12,6): error CS0246: The type or namespace name 'Collection' could not be found (are you missing a using directive or an assembly reference?)
C:\gh\azure-sdk-for-net\sdk\cognitiveservices\Language.LUIS.Authoring\tests\Luis\FeaturesTests.cs(9,6): error CS0246: The type or namespace name 'CollectionAttribute' could not be found (are you missing a using directive or an assembly reference?)
C:\gh\azure-sdk-for-net\sdk\cognitiveservices\Language.LUIS.Authoring\tests\Luis\FeaturesTests.cs(9,6): error CS0246: The type or namespace name 'Collection' could not be found (are you missing a using directive or an assembly reference?)
C:\gh\azure-sdk-for-net\sdk\cognitiveservices\Language.LUIS.Authoring\tests\Luis\ImportExportTests.cs(10,6): error CS0246: The type or namespace name 'CollectionAttribute' could not be found (are you missing a using directive or an assembly reference?)
C:\gh\azure-sdk-for-net\sdk\cognitiveservices\Language.LUIS.Authoring\tests\Luis\ImportExportTests.cs(10,6): error CS0246: The type or namespace name 'Collection' could not be found (are you missing a using directive or an assembly reference?)
C:\gh\azure-sdk-for-net\sdk\cognitiveservices\Language.LUIS.Authoring\tests\Luis\AppsTests.cs(11,6): error CS0246: The type or namespace name 'CollectionAttribute' could not be found (are you missing a using directive or an assembly reference?)
C:\gh\azure-sdk-for-net\sdk\cognitiveservices\Language.LUIS.Authoring\tests\Luis\AppsTests.cs(11,6): error CS0246: The type or namespace name 'Collection' could not be found (are you missing a using directive or an assembly reference?)
C:\gh\azure-sdk-for-net\sdk\cognitiveservices\Language.LUIS.Authoring\tests\Luis\ModelIntentsTests.cs(9,6): error CS0246: The type or namespace name 'CollectionAttribute' could not be found (are you missing a using directive or an assembly reference?)
C:\gh\azure-sdk-for-net\sdk\cognitiveservices\Language.LUIS.Authoring\tests\Luis\ModelIntentsTests.cs(9,6): error CS0246: The type or namespace name 'Collection' could not be found (are you missing a using directive or an assembly reference?)
C:\gh\azure-sdk-for-net\sdk\cognitiveservices\Language.LUIS.Authoring\tests\BaseTest.cs(25,48): error CS0246: The type or namespace name 'DelegatingHandler' could not be found (are you missing a using directive or an assembly reference?)
C:\gh\azure-sdk-for-net\sdk\cognitiveservices\Language.LUIS.Authoring\tests\BaseTest.cs(13,47): error CS0103: The name 'HttpRecorderMode' does not exist in the current context
C:\gh\azure-sdk-for-net\sdk\cognitiveservices\Language.LUIS.Authoring\tests\Luis\ModelClosedListsTests.cs(10,6): error CS0246: The type or namespace name 'CollectionAttribute' could not be found (are you missing a using directive or an assembly reference?)
C:\gh\azure-sdk-for-net\sdk\cognitiveservices\Language.LUIS.Authoring\tests\Luis\ModelClosedListsTests.cs(10,6): error CS0246: The type or namespace name 'Collection' could not be found (are you missing a using directive or an assembly reference?)
C:\gh\azure-sdk-for-net\sdk\cognitiveservices\Language.LUIS.Authoring\tests\Luis\ModelprebuiltsTests.cs(8,6): error CS0246: The type or namespace name 'CollectionAttribute' could not be found (are you missing a using directive or an assembly reference?)
C:\gh\azure-sdk-for-net\sdk\cognitiveservices\Language.LUIS.Authoring\tests\Luis\ModelprebuiltsTests.cs(8,6): error CS0246: The type or namespace name 'Collection' could not be found (are you missing a using directive or an assembly reference?)
C:\gh\azure-sdk-for-net\sdk\cognitiveservices\Language.LUIS.Authoring\tests\Luis\ModelRegexEntitiesTests.cs(8,6): error CS0246: The type or namespace name 'CollectionAttribute' could not be found (are you missing a using directive or an assembly reference?)
C:\gh\azure-sdk-for-net\sdk\cognitiveservices\Language.LUIS.Authoring\tests\Luis\ModelRegexEntitiesTests.cs(8,6): error CS0246: The type or namespace name 'Collection' could not be found (are you missing a using directive or an assembly reference?)
C:\gh\azure-sdk-for-net\sdk\cognitiveservices\Language.LUIS.Authoring\tests\Luis\ModelTests.cs(10,6): error CS0246: The type or namespace name 'CollectionAttribute' could not be found (are you missing a using directive or an assembly reference?)
C:\gh\azure-sdk-for-net\sdk\cognitiveservices\Language.LUIS.Authoring\tests\Luis\ModelTests.cs(10,6): error CS0246: The type or namespace name 'Collection' could not be found (are you missing a using directive or an assembly reference?)
C:\gh\azure-sdk-for-net\sdk\cognitiveservices\Language.LUIS.Authoring\tests\Luis\PatternsTests.cs(10,6): error CS0246: The type or namespace name 'CollectionAttribute' could not be found (are you missing a using directive or an assembly reference?)
C:\gh\azure-sdk-for-net\sdk\cognitiveservices\Language.LUIS.Authoring\tests\Luis\PatternsTests.cs(10,6): error CS0246: The type or namespace name 'Collection' could not be found (are you missing a using directive or an assembly reference?)
C:\gh\azure-sdk-for-net\sdk\cognitiveservices\Language.LUIS.Authoring\tests\Luis\TrainTests.cs(8,6): error CS0246: The type or namespace name 'CollectionAttribute' could not be found (are you missing a using directive or an assembly reference?)
C:\gh\azure-sdk-for-net\sdk\cognitiveservices\Language.LUIS.Authoring\tests\Luis\TrainTests.cs(8,6): error CS0246: The type or namespace name 'Collection' could not be found (are you missing a using directive or an assembly reference?)
C:\gh\azure-sdk-for-net\sdk\cognitiveservices\Language.LUIS.Authoring\tests\Luis\VersionsTests.cs(9,6): error CS0246: The type or namespace name 'CollectionAttribute' could not be found (are you missing a using directive or an assembly reference?)
C:\gh\azure-sdk-for-net\sdk\cognitiveservices\Language.LUIS.Authoring\tests\Luis\VersionsTests.cs(9,6): error CS0246: The type or namespace name 'Collection' could not be found (are you missing a using directive or an assembly reference?)
C:\gh\azure-sdk-for-net\eng\mgmt\DisableTestRunParallel.cs(7,12): error CS0246: The type or namespace name 'CollectionBehaviorAttribute' could not be found (are you missing a using directive or an assembly reference?)
C:\gh\azure-sdk-for-net\eng\mgmt\DisableTestRunParallel.cs(7,12): error CS0246: The type or namespace name 'CollectionBehavior' could not be found (are you missing a using directive or an assembly reference?)
C:\gh\azure-sdk-for-net\eng\mgmt\DisableTestRunParallel.cs(7,31): error CS0246: The type or namespace name 'DisableTestParallelization' could not be found (are you missing a using directive or an assembly reference?)
C:\gh\azure-sdk-for-net\eng\mgmt\DisableTestRunParallel.cs(7,66): error CS0246: The type or namespace name 'MaxParallelThreads' could not be found (are you missing a using directive or an assembly reference?)
C:\gh\azure-sdk-for-net\eng\mgmt\DisableTestRunParallel.cs(5,7): error CS0246: The type or namespace name 'Xunit' could not be found (are you missing a using directive or an assembly reference?)
C:\gh\azure-sdk-for-net\sdk\cognitiveservices\Language.LUIS.Authoring\tests\BaseTest.cs(4,22): error CS0234: The type or namespace name 'Http' does not exist in the namespace 'System.Net' (are you missing an assembly reference?)
C:\gh\azure-sdk-for-net\sdk\cognitiveservices\Language.LUIS.Authoring\tests\BaseTest.cs(8,27): error CS0234: The type or namespace name 'Test' does not exist in the namespace 'Microsoft.Azure' (are you missing an assembly reference?)
C:\gh\azure-sdk-for-net\sdk\cognitiveservices\Language.LUIS.Authoring\tests\BaseTest.cs(9,21): error CS0234: The type or namespace name 'Rest' does not exist in the namespace 'Microsoft' (are you missing an assembly reference?)
C:\gh\azure-sdk-for-net\sdk\cognitiveservices\Language.LUIS.Authoring\tests\Luis\AppsTests.cs(8,11): error CS0246: The type or namespace name 'Xunit' could not be found (are you missing a using directive or an assembly reference?)
C:\gh\azure-sdk-for-net\sdk\cognitiveservices\Language.LUIS.Authoring\tests\Luis\EntityRolesTests.cs(10,11): error CS0246: The type or namespace name 'Xunit' could not be found (are you missing a using directive or an assembly reference?)
C:\gh\azure-sdk-for-net\sdk\cognitiveservices\Language.LUIS.Authoring\tests\Luis\ExamplesTests.cs(8,11): error CS0246: The type or namespace name 'Xunit' could not be found (are you missing a using directive or an assembly reference?)
C:\gh\azure-sdk-for-net\sdk\cognitiveservices\Language.LUIS.Authoring\tests\Luis\FeaturesPhraseListsTests.cs(5,11): error CS0246: The type or namespace name 'Xunit' could not be found (are you missing a using directive or an assembly reference?)
C:\gh\azure-sdk-for-net\sdk\cognitiveservices\Language.LUIS.Authoring\tests\Luis\FeaturesTests.cs(5,11): error CS0246: The type or namespace name 'Newtonsoft' could not be found (are you missing a using directive or an assembly reference?)
C:\gh\azure-sdk-for-net\sdk\cognitiveservices\Language.LUIS.Authoring\tests\Luis\FeaturesTests.cs(7,11): error CS0246: The type or namespace name 'Xunit' could not be found (are you missing a using directive or an assembly reference?)
C:\gh\azure-sdk-for-net\sdk\cognitiveservices\Language.LUIS.Authoring\tests\Luis\ImportExportTests.cs(7,11): error CS0246: The type or namespace name 'Newtonsoft' could not be found (are you missing a using directive or an assembly reference?)
C:\gh\azure-sdk-for-net\sdk\cognitiveservices\Language.LUIS.Authoring\tests\Luis\ImportExportTests.cs(8,11): error CS0246: The type or namespace name 'Xunit' could not be found (are you missing a using directive or an assembly reference?)
C:\gh\azure-sdk-for-net\sdk\cognitiveservices\Language.LUIS.Authoring\tests\Luis\ModelClosedListsTests.cs(8,11): error CS0246: The type or namespace name 'Xunit' could not be found (are you missing a using directive or an assembly reference?)
C:\gh\azure-sdk-for-net\sdk\cognitiveservices\Language.LUIS.Authoring\tests\Luis\ModelEntitiesTests.cs(6,11): error CS0246: The type or namespace name 'Xunit' could not be found (are you missing a using directive or an assembly reference?)
C:\gh\azure-sdk-for-net\sdk\cognitiveservices\Language.LUIS.Authoring\tests\Luis\ModelIntentsTests.cs(7,11): error CS0246: The type or namespace name 'Xunit' could not be found (are you missing a using directive or an assembly reference?)
C:\gh\azure-sdk-for-net\sdk\cognitiveservices\Language.LUIS.Authoring\tests\Luis\ModelPatternAnyTests.cs(9,11): error CS0246: The type or namespace name 'Xunit' could not be found (are you missing a using directive or an assembly reference?)
C:\gh\azure-sdk-for-net\sdk\cognitiveservices\Language.LUIS.Authoring\tests\Luis\ModelPrebuiltDomainTests.cs(7,11): error CS0246: The type or namespace name 'Xunit' could not be found (are you missing a using directive or an assembly reference?)
C:\gh\azure-sdk-for-net\sdk\cognitiveservices\Language.LUIS.Authoring\tests\Luis\ModelprebuiltsTests.cs(6,11): error CS0246: The type or namespace name 'Xunit' could not be found (are you missing a using directive or an assembly reference?)
C:\gh\azure-sdk-for-net\sdk\cognitiveservices\Language.LUIS.Authoring\tests\Luis\ModelRegexEntitiesTests.cs(6,11): error CS0246: The type or namespace name 'Xunit' could not be found (are you missing a using directive or an assembly reference?)
C:\gh\azure-sdk-for-net\sdk\cognitiveservices\Language.LUIS.Authoring\tests\Luis\ModelTests.cs(8,11): error CS0246: The type or namespace name 'Xunit' could not be found (are you missing a using directive or an assembly reference?)
C:\gh\azure-sdk-for-net\sdk\cognitiveservices\Language.LUIS.Authoring\tests\Luis\PatternsTests.cs(8,11): error CS0246: The type or namespace name 'Xunit' could not be found (are you missing a using directive or an assembly reference?)
C:\gh\azure-sdk-for-net\sdk\cognitiveservices\Language.LUIS.Authoring\tests\Luis\TrainTests.cs(6,11): error CS0246: The type or namespace name 'Xunit' could not be found (are you missing a using directive or an assembly reference?)
C:\gh\azure-sdk-for-net\sdk\cognitiveservices\Language.LUIS.Authoring\tests\Luis\VersionsTests.cs(7,11): error CS0246: The type or namespace name 'Xunit' could not be found (are you missing a using directive or an assembly reference?)
C:\gh\azure-sdk-for-net\sdk\cognitiveservices\Language.LUIS.Authoring\tests\Luis\FeaturesPhraseListsTests.cs(12,10): error CS0246: The type or namespace name 'FactAttribute' could not be found (are you missing a using directive or an assembly reference?)
C:\gh\azure-sdk-for-net\sdk\cognitiveservices\Language.LUIS.Authoring\tests\Luis\FeaturesPhraseListsTests.cs(12,10): error CS0246: The type or namespace name 'Fact' could not be found (are you missing a using directive or an assembly reference?)
C:\gh\azure-sdk-for-net\sdk\cognitiveservices\Language.LUIS.Authoring\tests\Luis\ModelEntitiesTests.cs(13,10): error CS0246: The type or namespace name 'FactAttribute' could not be found (are you missing a using directive or an assembly reference?)
C:\gh\azure-sdk-for-net\sdk\cognitiveservices\Language.LUIS.Authoring\tests\Luis\ModelEntitiesTests.cs(13,10): error CS0246: The type or namespace name 'Fact' could not be found (are you missing a using directive or an assembly reference?)
C:\gh\azure-sdk-for-net\sdk\cognitiveservices\Language.LUIS.Authoring\tests\Luis\ExamplesTests.cs(15,10): error CS0246: The type or namespace name 'FactAttribute' could not be found (are you missing a using directive or an assembly reference?)
C:\gh\azure-sdk-for-net\sdk\cognitiveservices\Language.LUIS.Authoring\tests\Luis\ExamplesTests.cs(15,10): error CS0246: The type or namespace name 'Fact' could not be found (are you missing a using directive or an assembly reference?)
C:\gh\azure-sdk-for-net\sdk\cognitiveservices\Language.LUIS.Authoring\tests\Luis\ModelClosedListsTests.cs(15,10): error CS0246: The type or namespace name 'FactAttribute' could not be found (are you missing a using directive or an assembly reference?)
C:\gh\azure-sdk-for-net\sdk\cognitiveservices\Language.LUIS.Authoring\tests\Luis\ModelClosedListsTests.cs(15,10): error CS0246: The type or namespace name 'Fact' could not be found (are you missing a using directive or an assembly reference?)
C:\gh\azure-sdk-for-net\sdk\cognitiveservices\Language.LUIS.Authoring\tests\Luis\ImportExportTests.cs(15,10): error CS0246: The type or namespace name 'FactAttribute' could not be found (are you missing a using directive or an assembly reference?)
C:\gh\azure-sdk-for-net\sdk\cognitiveservices\Language.LUIS.Authoring\tests\Luis\ImportExportTests.cs(15,10): error CS0246: The type or namespace name 'Fact' could not be found (are you missing a using directive or an assembly reference?)
C:\gh\azure-sdk-for-net\sdk\cognitiveservices\Language.LUIS.Authoring\tests\Luis\ModelIntentsTests.cs(14,10): error CS0246: The type or namespace name 'FactAttribute' could not be found (are you missing a using directive or an assembly reference?)
C:\gh\azure-sdk-for-net\sdk\cognitiveservices\Language.LUIS.Authoring\tests\Luis\ModelIntentsTests.cs(14,10): error CS0246: The type or namespace name 'Fact' could not be found (are you missing a using directive or an assembly reference?)
C:\gh\azure-sdk-for-net\sdk\cognitiveservices\Language.LUIS.Authoring\tests\Luis\ModelprebuiltsTests.cs(11,10): error CS0246: The type or namespace name 'FactAttribute' could not be found (are you missing a using directive or an assembly reference?)
C:\gh\azure-sdk-for-net\sdk\cognitiveservices\Language.LUIS.Authoring\tests\Luis\ModelprebuiltsTests.cs(11,10): error CS0246: The type or namespace name 'Fact' could not be found (are you missing a using directive or an assembly reference?)
C:\gh\azure-sdk-for-net\sdk\cognitiveservices\Language.LUIS.Authoring\tests\Luis\FeaturesTests.cs(12,10): error CS0246: The type or namespace name 'FactAttribute' could not be found (are you missing a using directive or an assembly reference?)
C:\gh\azure-sdk-for-net\sdk\cognitiveservices\Language.LUIS.Authoring\tests\Luis\FeaturesTests.cs(12,10): error CS0246: The type or namespace name 'Fact' could not be found (are you missing a using directive or an assembly reference?)
C:\gh\azure-sdk-for-net\sdk\cognitiveservices\Language.LUIS.Authoring\tests\Luis\FeaturesTests.cs(12,15): error CS0246: The type or namespace name 'Skip' could not be found (are you missing a using directive or an assembly reference?)
C:\gh\azure-sdk-for-net\sdk\cognitiveservices\Language.LUIS.Authoring\tests\Luis\ModelPrebuiltDomainTests.cs(12,10): error CS0246: The type or namespace name 'FactAttribute' could not be found (are you missing a using directive or an assembly reference?)
C:\gh\azure-sdk-for-net\sdk\cognitiveservices\Language.LUIS.Authoring\tests\Luis\ModelPrebuiltDomainTests.cs(12,10): error CS0246: The type or namespace name 'Fact' could not be found (are you missing a using directive or an assembly reference?)
C:\gh\azure-sdk-for-net\sdk\cognitiveservices\Language.LUIS.Authoring\tests\Luis\ModelRegexEntitiesTests.cs(13,10): error CS0246: The type or namespace name 'FactAttribute' could not be found (are you missing a using directive or an assembly reference?)
C:\gh\azure-sdk-for-net\sdk\cognitiveservices\Language.LUIS.Authoring\tests\Luis\ModelRegexEntitiesTests.cs(13,10): error CS0246: The type or namespace name 'Fact' could not be found (are you missing a using directive or an assembly reference?)
C:\gh\azure-sdk-for-net\sdk\cognitiveservices\Language.LUIS.Authoring\tests\Luis\FeaturesPhraseListsTests.cs(33,10): error CS0246: The type or namespace name 'FactAttribute' could not be found (are you missing a using directive or an assembly reference?)
C:\gh\azure-sdk-for-net\sdk\cognitiveservices\Language.LUIS.Authoring\tests\Luis\FeaturesPhraseListsTests.cs(33,10): error CS0246: The type or namespace name 'Fact' could not be found (are you missing a using directive or an assembly reference?)
C:\gh\azure-sdk-for-net\sdk\cognitiveservices\Language.LUIS.Authoring\tests\Luis\ModelEntitiesTests.cs(32,10): error CS0246: The type or namespace name 'FactAttribute' could not be found (are you missing a using directive or an assembly reference?)
C:\gh\azure-sdk-for-net\sdk\cognitiveservices\Language.LUIS.Authoring\tests\Luis\ModelEntitiesTests.cs(32,10): error CS0246: The type or namespace name 'Fact' could not be found (are you missing a using directive or an assembly reference?)
C:\gh\azure-sdk-for-net\sdk\cognitiveservices\Language.LUIS.Authoring\tests\Luis\ModelPatternAnyTests.cs(16,10): error CS0246: The type or namespace name 'FactAttribute' could not be found (are you missing a using directive or an assembly reference?)
C:\gh\azure-sdk-for-net\sdk\cognitiveservices\Language.LUIS.Authoring\tests\Luis\ModelPatternAnyTests.cs(16,10): error CS0246: The type or namespace name 'Fact' could not be found (are you missing a using directive or an assembly reference?)
C:\gh\azure-sdk-for-net\sdk\cognitiveservices\Language.LUIS.Authoring\tests\Luis\ExamplesTests.cs(26,10): error CS0246: The type or namespace name 'FactAttribute' could not be found (are you missing a using directive or an assembly reference?)
C:\gh\azure-sdk-for-net\sdk\cognitiveservices\Language.LUIS.Authoring\tests\Luis\ExamplesTests.cs(26,10): error CS0246: The type or namespace name 'Fact' could not be found (are you missing a using directive or an assembly reference?)
C:\gh\azure-sdk-for-net\sdk\cognitiveservices\Language.LUIS.Authoring\tests\Luis\ModelClosedListsTests.cs(28,10): error CS0246: The type or namespace name 'FactAttribute' could not be found (are you missing a using directive or an assembly reference?)
C:\gh\azure-sdk-for-net\sdk\cognitiveservices\Language.LUIS.Authoring\tests\Luis\ModelClosedListsTests.cs(28,10): error CS0246: The type or namespace name 'Fact' could not be found (are you missing a using directive or an assembly reference?)
C:\gh\azure-sdk-for-net\sdk\cognitiveservices\Language.LUIS.Authoring\tests\Luis\ModelprebuiltsTests.cs(23,10): error CS0246: The type or namespace name 'FactAttribute' could not be found (are you missing a using directive or an assembly reference?)
C:\gh\azure-sdk-for-net\sdk\cognitiveservices\Language.LUIS.Authoring\tests\Luis\ModelprebuiltsTests.cs(23,10): error CS0246: The type or namespace name 'Fact' could not be found (are you missing a using directive or an assembly reference?)
C:\gh\azure-sdk-for-net\sdk\cognitiveservices\Language.LUIS.Authoring\tests\Luis\ModelIntentsTests.cs(25,10): error CS0246: The type or namespace name 'FactAttribute' could not be found (are you missing a using directive or an assembly reference?)
C:\gh\azure-sdk-for-net\sdk\cognitiveservices\Language.LUIS.Authoring\tests\Luis\ModelIntentsTests.cs(25,10): error CS0246: The type or namespace name 'Fact' could not be found (are you missing a using directive or an assembly reference?)
C:\gh\azure-sdk-for-net\sdk\cognitiveservices\Language.LUIS.Authoring\tests\Luis\FeaturesPhraseListsTests.cs(52,10): error CS0246: The type or namespace name 'FactAttribute' could not be found (are you missing a using directive or an assembly reference?)
C:\gh\azure-sdk-for-net\sdk\cognitiveservices\Language.LUIS.Authoring\tests\Luis\FeaturesPhraseListsTests.cs(52,10): error CS0246: The type or namespace name 'Fact' could not be found (are you missing a using directive or an assembly reference?)
C:\gh\azure-sdk-for-net\sdk\cognitiveservices\Language.LUIS.Authoring\tests\Luis\FeaturesTests.cs(31,10): error CS0246: The type or namespace name 'FactAttribute' could not be found (are you missing a using directive or an assembly reference?)
C:\gh\azure-sdk-for-net\sdk\cognitiveservices\Language.LUIS.Authoring\tests\Luis\FeaturesTests.cs(31,10): error CS0246: The type or namespace name 'Fact' could not be found (are you missing a using directive or an assembly reference?)
C:\gh\azure-sdk-for-net\sdk\cognitiveservices\Language.LUIS.Authoring\tests\Luis\ModelPrebuiltDomainTests.cs(44,10): error CS0246: The type or namespace name 'FactAttribute' could not be found (are you missing a using directive or an assembly reference?)
C:\gh\azure-sdk-for-net\sdk\cognitiveservices\Language.LUIS.Authoring\tests\Luis\ModelRegexEntitiesTests.cs(26,10): error CS0246: The type or namespace name 'FactAttribute' could not be found (are you missing a using directive or an assembly reference?)
C:\gh\azure-sdk-for-net\sdk\cognitiveservices\Language.LUIS.Authoring\tests\Luis\ModelPrebuiltDomainTests.cs(44,10): error CS0246: The type or namespace name 'Fact' could not be found (are you missing a using directive or an assembly reference?)
C:\gh\azure-sdk-for-net\sdk\cognitiveservices\Language.LUIS.Authoring\tests\Luis\ModelRegexEntitiesTests.cs(26,10): error CS0246: The type or namespace name 'Fact' could not be found (are you missing a using directive or an assembly reference?)
C:\gh\azure-sdk-for-net\sdk\cognitiveservices\Language.LUIS.Authoring\tests\Luis\ImportExportTests.cs(38,10): error CS0246: The type or namespace name 'FactAttribute' could not be found (are you missing a using directive or an assembly reference?)
C:\gh\azure-sdk-for-net\sdk\cognitiveservices\Language.LUIS.Authoring\tests\Luis\ImportExportTests.cs(38,10): error CS0246: The type or namespace name 'Fact' could not be found (are you missing a using directive or an assembly reference?)
C:\gh\azure-sdk-for-net\sdk\cognitiveservices\Language.LUIS.Authoring\tests\Luis\ModelTests.cs(13,10): error CS0246: The type or namespace name 'FactAttribute' could not be found (are you missing a using directive or an assembly reference?)
C:\gh\azure-sdk-for-net\sdk\cognitiveservices\Language.LUIS.Authoring\tests\Luis\ModelTests.cs(13,10): error CS0246: The type or namespace name 'Fact' could not be found (are you missing a using directive or an assembly reference?)
C:\gh\azure-sdk-for-net\sdk\cognitiveservices\Language.LUIS.Authoring\tests\Luis\ModelEntitiesTests.cs(52,10): error CS0246: The type or namespace name 'FactAttribute' could not be found (are you missing a using directive or an assembly reference?)
C:\gh\azure-sdk-for-net\sdk\cognitiveservices\Language.LUIS.Authoring\tests\Luis\ModelEntitiesTests.cs(52,10): error CS0246: The type or namespace name 'Fact' could not be found (are you missing a using directive or an assembly reference?)
C:\gh\azure-sdk-for-net\sdk\cognitiveservices\Language.LUIS.Authoring\tests\Luis\ModelprebuiltsTests.cs(42,10): error CS0246: The type or namespace name 'FactAttribute' could not be found (are you missing a using directive or an assembly reference?)
C:\gh\azure-sdk-for-net\sdk\cognitiveservices\Language.LUIS.Authoring\tests\Luis\ModelprebuiltsTests.cs(42,10): error CS0246: The type or namespace name 'Fact' could not be found (are you missing a using directive or an assembly reference?)
C:\gh\azure-sdk-for-net\sdk\cognitiveservices\Language.LUIS.Authoring\tests\Luis\ExamplesTests.cs(48,10): error CS0246: The type or namespace name 'FactAttribute' could not be found (are you missing a using directive or an assembly reference?)
C:\gh\azure-sdk-for-net\sdk\cognitiveservices\Language.LUIS.Authoring\tests\Luis\ExamplesTests.cs(48,10): error CS0246: The type or namespace name 'Fact' could not be found (are you missing a using directive or an assembly reference?)
C:\gh\azure-sdk-for-net\sdk\cognitiveservices\Language.LUIS.Authoring\tests\Luis\ModelPatternAnyTests.cs(38,10): error CS0246: The type or namespace name 'FactAttribute' could not be found (are you missing a using directive or an assembly reference?)
C:\gh\azure-sdk-for-net\sdk\cognitiveservices\Language.LUIS.Authoring\tests\Luis\ModelPatternAnyTests.cs(38,10): error CS0246: The type or namespace name 'Fact' could not be found (are you missing a using directive or an assembly reference?)
C:\gh\azure-sdk-for-net\sdk\cognitiveservices\Language.LUIS.Authoring\tests\Luis\ModelClosedListsTests.cs(40,10): error CS0246: The type or namespace name 'FactAttribute' could not be found (are you missing a using directive or an assembly reference?)
C:\gh\azure-sdk-for-net\sdk\cognitiveservices\Language.LUIS.Authoring\tests\Luis\ModelClosedListsTests.cs(40,10): error CS0246: The type or namespace name 'Fact' could not be found (are you missing a using directive or an assembly reference?)
C:\gh\azure-sdk-for-net\sdk\cognitiveservices\Language.LUIS.Authoring\tests\Luis\FeaturesTests.cs(59,10): error CS0246: The type or namespace name 'FactAttribute' could not be found (are you missing a using directive or an assembly reference?)
C:\gh\azure-sdk-for-net\sdk\cognitiveservices\Language.LUIS.Authoring\tests\Luis\FeaturesTests.cs(59,10): error CS0246: The type or namespace name 'Fact' could not be found (are you missing a using directive or an assembly reference?)
C:\gh\azure-sdk-for-net\sdk\cognitiveservices\Language.LUIS.Authoring\tests\Luis\ModelRegexEntitiesTests.cs(38,10): error CS0246: The type or namespace name 'FactAttribute' could not be found (are you missing a using directive or an assembly reference?)
C:\gh\azure-sdk-for-net\sdk\cognitiveservices\Language.LUIS.Authoring\tests\Luis\ModelRegexEntitiesTests.cs(38,10): error CS0246: The type or namespace name 'Fact' could not be found (are you missing a using directive or an assembly reference?)
C:\gh\azure-sdk-for-net\sdk\cognitiveservices\Language.LUIS.Authoring\tests\Luis\ModelIntentsTests.cs(44,10): error CS0246: The type or namespace name 'FactAttribute' could not be found (are you missing a using directive or an assembly reference?)
C:\gh\azure-sdk-for-net\sdk\cognitiveservices\Language.LUIS.Authoring\tests\Luis\ModelIntentsTests.cs(44,10): error CS0246: The type or namespace name 'Fact' could not be found (are you missing a using directive or an assembly reference?)
C:\gh\azure-sdk-for-net\sdk\cognitiveservices\Language.LUIS.Authoring\tests\Luis\ModelPrebuiltDomainTests.cs(79,10): error CS0246: The type or namespace name 'FactAttribute' could not be found (are you missing a using directive or an assembly reference?)
C:\gh\azure-sdk-for-net\sdk\cognitiveservices\Language.LUIS.Authoring\tests\Luis\ModelPrebuiltDomainTests.cs(79,10): error CS0246: The type or namespace name 'Fact' could not be found (are you missing a using directive or an assembly reference?)
C:\gh\azure-sdk-for-net\sdk\cognitiveservices\Language.LUIS.Authoring\tests\Luis\ModelEntitiesTests.cs(72,10): error CS0246: The type or namespace name 'FactAttribute' could not be found (are you missing a using directive or an assembly reference?)
C:\gh\azure-sdk-for-net\sdk\cognitiveservices\Language.LUIS.Authoring\tests\Luis\ModelEntitiesTests.cs(72,10): error CS0246: The type or namespace name 'Fact' could not be found (are you missing a using directive or an assembly reference?)
C:\gh\azure-sdk-for-net\sdk\cognitiveservices\Language.LUIS.Authoring\tests\Luis\ImportExportTests.cs(66,10): error CS0246: The type or namespace name 'FactAttribute' could not be found (are you missing a using directive or an assembly reference?)
C:\gh\azure-sdk-for-net\sdk\cognitiveservices\Language.LUIS.Authoring\tests\Luis\ImportExportTests.cs(66,10): error CS0246: The type or namespace name 'Fact' could not be found (are you missing a using directive or an assembly reference?)
C:\gh\azure-sdk-for-net\sdk\cognitiveservices\Language.LUIS.Authoring\tests\Luis\ModelTests.cs(29,10): error CS0246: The type or namespace name 'FactAttribute' could not be found (are you missing a using directive or an assembly reference?)
C:\gh\azure-sdk-for-net\sdk\cognitiveservices\Language.LUIS.Authoring\tests\Luis\ModelTests.cs(29,10): error CS0246: The type or namespace name 'Fact' could not be found (are you missing a using directive or an assembly reference?)
C:\gh\azure-sdk-for-net\sdk\cognitiveservices\Language.LUIS.Authoring\tests\Luis\FeaturesPhraseListsTests.cs(73,10): error CS0246: The type or namespace name 'FactAttribute' could not be found (are you missing a using directive or an assembly reference?)
C:\gh\azure-sdk-for-net\sdk\cognitiveservices\Language.LUIS.Authoring\tests\Luis\FeaturesPhraseListsTests.cs(73,10): error CS0246: The type or namespace name 'Fact' could not be found (are you missing a using directive or an assembly reference?)
C:\gh\azure-sdk-for-net\sdk\cognitiveservices\Language.LUIS.Authoring\tests\Luis\ModelprebuiltsTests.cs(63,10): error CS0246: The type or namespace name 'FactAttribute' could not be found (are you missing a using directive or an assembly reference?)
C:\gh\azure-sdk-for-net\sdk\cognitiveservices\Language.LUIS.Authoring\tests\Luis\FeaturesPhraseListsTests.cs(73,16): error CS0246: The type or namespace name 'Skip' could not be found (are you missing a using directive or an assembly reference?)
C:\gh\azure-sdk-for-net\sdk\cognitiveservices\Language.LUIS.Authoring\tests\Luis\ModelprebuiltsTests.cs(63,10): error CS0246: The type or namespace name 'Fact' could not be found (are you missing a using directive or an assembly reference?)
C:\gh\azure-sdk-for-net\sdk\cognitiveservices\Language.LUIS.Authoring\tests\Luis\ExamplesTests.cs(95,10): error CS0246: The type or namespace name 'FactAttribute' could not be found (are you missing a using directive or an assembly reference?)
C:\gh\azure-sdk-for-net\sdk\cognitiveservices\Language.LUIS.Authoring\tests\Luis\ExamplesTests.cs(95,10): error CS0246: The type or namespace name 'Fact' could not be found (are you missing a using directive or an assembly reference?)
C:\gh\azure-sdk-for-net\sdk\cognitiveservices\Language.LUIS.Authoring\tests\Luis\ModelRegexEntitiesTests.cs(53,10): error CS0246: The type or namespace name 'FactAttribute' could not be found (are you missing a using directive or an assembly reference?)
C:\gh\azure-sdk-for-net\sdk\cognitiveservices\Language.LUIS.Authoring\tests\Luis\ModelRegexEntitiesTests.cs(53,10): error CS0246: The type or namespace name 'Fact' could not be found (are you missing a using directive or an assembly reference?)
C:\gh\azure-sdk-for-net\sdk\cognitiveservices\Language.LUIS.Authoring\tests\Luis\FeaturesTests.cs(86,10): error CS0246: The type or namespace name 'FactAttribute' could not be found (are you missing a using directive or an assembly reference?)
C:\gh\azure-sdk-for-net\sdk\cognitiveservices\Language.LUIS.Authoring\tests\Luis\FeaturesTests.cs(86,10): error CS0246: The type or namespace name 'Fact' could not be found (are you missing a using directive or an assembly reference?)
C:\gh\azure-sdk-for-net\sdk\cognitiveservices\Language.LUIS.Authoring\tests\Luis\ModelIntentsTests.cs(62,10): error CS0246: The type or namespace name 'FactAttribute' could not be found (are you missing a using directive or an assembly reference?)
C:\gh\azure-sdk-for-net\sdk\cognitiveservices\Language.LUIS.Authoring\tests\Luis\ModelIntentsTests.cs(62,10): error CS0246: The type or namespace name 'Fact' could not be found (are you missing a using directive or an assembly reference?)
C:\gh\azure-sdk-for-net\sdk\cognitiveservices\Language.LUIS.Authoring\tests\Luis\ModelEntitiesTests.cs(90,10): error CS0246: The type or namespace name 'FactAttribute' could not be found (are you missing a using directive or an assembly reference?)
C:\gh\azure-sdk-for-net\sdk\cognitiveservices\Language.LUIS.Authoring\tests\Luis\ModelEntitiesTests.cs(90,10): error CS0246: The type or namespace name 'Fact' could not be found (are you missing a using directive or an assembly reference?)
C:\gh\azure-sdk-for-net\sdk\cognitiveservices\Language.LUIS.Authoring\tests\Luis\ModelPatternAnyTests.cs(60,10): error CS0246: The type or namespace name 'FactAttribute' could not be found (are you missing a using directive or an assembly reference?)
C:\gh\azure-sdk-for-net\sdk\cognitiveservices\Language.LUIS.Authoring\tests\Luis\ModelPrebuiltDomainTests.cs(108,10): error CS0246: The type or namespace name 'FactAttribute' could not be found (are you missing a using directive or an assembly reference?)
C:\gh\azure-sdk-for-net\sdk\cognitiveservices\Language.LUIS.Authoring\tests\Luis\ModelPatternAnyTests.cs(60,10): error CS0246: The type or namespace name 'Fact' could not be found (are you missing a using directive or an assembly reference?)
C:\gh\azure-sdk-for-net\sdk\cognitiveservices\Language.LUIS.Authoring\tests\Luis\ModelPrebuiltDomainTests.cs(108,10): error CS0246: The type or namespace name 'Fact' could not be found (are you missing a using directive or an assembly reference?)
C:\gh\azure-sdk-for-net\sdk\cognitiveservices\Language.LUIS.Authoring\tests\Luis\ModelprebuiltsTests.cs(81,10): error CS0246: The type or namespace name 'FactAttribute' could not be found (are you missing a using directive or an assembly reference?)
C:\gh\azure-sdk-for-net\sdk\cognitiveservices\Language.LUIS.Authoring\tests\Luis\ModelprebuiltsTests.cs(81,10): error CS0246: The type or namespace name 'Fact' could not be found (are you missing a using directive or an assembly reference?)
C:\gh\azure-sdk-for-net\sdk\cognitiveservices\Language.LUIS.Authoring\tests\Luis\ModelClosedListsTests.cs(55,10): error CS0246: The type or namespace name 'FactAttribute' could not be found (are you missing a using directive or an assembly reference?)
C:\gh\azure-sdk-for-net\sdk\cognitiveservices\Language.LUIS.Authoring\tests\Luis\ModelClosedListsTests.cs(55,10): error CS0246: The type or namespace name 'Fact' could not be found (are you missing a using directive or an assembly reference?)
C:\gh\azure-sdk-for-net\sdk\cognitiveservices\Language.LUIS.Authoring\tests\Luis\ImportExportTests.cs(92,10): error CS0246: The type or namespace name 'FactAttribute' could not be found (are you missing a using directive or an assembly reference?)
C:\gh\azure-sdk-for-net\sdk\cognitiveservices\Language.LUIS.Authoring\tests\Luis\ImportExportTests.cs(92,10): error CS0246: The type or namespace name 'Fact' could not be found (are you missing a using directive or an assembly reference?)
C:\gh\azure-sdk-for-net\sdk\cognitiveservices\Language.LUIS.Authoring\tests\Luis\FeaturesPhraseListsTests.cs(101,10): error CS0246: The type or namespace name 'FactAttribute' could not be found (are you missing a using directive or an assembly reference?)
C:\gh\azure-sdk-for-net\sdk\cognitiveservices\Language.LUIS.Authoring\tests\Luis\FeaturesPhraseListsTests.cs(101,10): error CS0246: The type or namespace name 'Fact' could not be found (are you missing a using directive or an assembly reference?)
C:\gh\azure-sdk-for-net\sdk\cognitiveservices\Language.LUIS.Authoring\tests\Luis\ModelTests.cs(45,10): error CS0246: The type or namespace name 'FactAttribute' could not be found (are you missing a using directive or an assembly reference?)
C:\gh\azure-sdk-for-net\sdk\cognitiveservices\Language.LUIS.Authoring\tests\Luis\ModelTests.cs(45,10): error CS0246: The type or namespace name 'Fact' could not be found (are you missing a using directive or an assembly reference?)
C:\gh\azure-sdk-for-net\sdk\cognitiveservices\Language.LUIS.Authoring\tests\Luis\ModelRegexEntitiesTests.cs(75,10): error CS0246: The type or namespace name 'FactAttribute' could not be found (are you missing a using directive or an assembly reference?)
C:\gh\azure-sdk-for-net\sdk\cognitiveservices\Language.LUIS.Authoring\tests\Luis\ModelRegexEntitiesTests.cs(75,10): error CS0246: The type or namespace name 'Fact' could not be found (are you missing a using directive or an assembly reference?)
C:\gh\azure-sdk-for-net\sdk\cognitiveservices\Language.LUIS.Authoring\tests\Luis\FeaturesTests.cs(112,10): error CS0246: The type or namespace name 'FactAttribute' could not be found (are you missing a using directive or an assembly reference?)
C:\gh\azure-sdk-for-net\sdk\cognitiveservices\Language.LUIS.Authoring\tests\Luis\FeaturesTests.cs(112,10): error CS0246: The type or namespace name 'Fact' could not be found (are you missing a using directive or an assembly reference?)
C:\gh\azure-sdk-for-net\sdk\cognitiveservices\Language.LUIS.Authoring\tests\Luis\ModelPrebuiltDomainTests.cs(129,10): error CS0246: The type or namespace name 'FactAttribute' could not be found (are you missing a using directive or an assembly reference?)
C:\gh\azure-sdk-for-net\sdk\cognitiveservices\Language.LUIS.Authoring\tests\Luis\ModelPrebuiltDomainTests.cs(129,10): error CS0246: The type or namespace name 'Fact' could not be found (are you missing a using directive or an assembly reference?)
C:\gh\azure-sdk-for-net\sdk\cognitiveservices\Language.LUIS.Authoring\tests\Luis\ModelPatternAnyTests.cs(82,10): error CS0246: The type or namespace name 'FactAttribute' could not be found (are you missing a using directive or an assembly reference?)
C:\gh\azure-sdk-for-net\sdk\cognitiveservices\Language.LUIS.Authoring\tests\Luis\ModelPatternAnyTests.cs(82,10): error CS0246: The type or namespace name 'Fact' could not be found (are you missing a using directive or an assembly reference?)
C:\gh\azure-sdk-for-net\sdk\cognitiveservices\Language.LUIS.Authoring\tests\Luis\ModelIntentsTests.cs(88,10): error CS0246: The type or namespace name 'FactAttribute' could not be found (are you missing a using directive or an assembly reference?)
C:\gh\azure-sdk-for-net\sdk\cognitiveservices\Language.LUIS.Authoring\tests\Luis\ModelIntentsTests.cs(88,10): error CS0246: The type or namespace name 'Fact' could not be found (are you missing a using directive or an assembly reference?)
C:\gh\azure-sdk-for-net\sdk\cognitiveservices\Language.LUIS.Authoring\tests\Luis\FeaturesPhraseListsTests.cs(127,10): error CS0246: The type or namespace name 'FactAttribute' could not be found (are you missing a using directive or an assembly reference?)
C:\gh\azure-sdk-for-net\sdk\cognitiveservices\Language.LUIS.Authoring\tests\Luis\FeaturesPhraseListsTests.cs(127,10): error CS0246: The type or namespace name 'Fact' could not be found (are you missing a using directive or an assembly reference?)
C:\gh\azure-sdk-for-net\sdk\cognitiveservices\Language.LUIS.Authoring\tests\Luis\ImportExportTests.cs(119,9): error CS0246: The type or namespace name 'FactAttribute' could not be found (are you missing a using directive or an assembly reference?)
C:\gh\azure-sdk-for-net\sdk\cognitiveservices\Language.LUIS.Authoring\tests\Luis\ImportExportTests.cs(119,9): error CS0246: The type or namespace name 'Fact' could not be found (are you missing a using directive or an assembly reference?)
C:\gh\azure-sdk-for-net\sdk\cognitiveservices\Language.LUIS.Authoring\tests\Luis\ModelClosedListsTests.cs(85,10): error CS0246: The type or namespace name 'FactAttribute' could not be found (are you missing a using directive or an assembly reference?)
C:\gh\azure-sdk-for-net\sdk\cognitiveservices\Language.LUIS.Authoring\tests\Luis\ModelClosedListsTests.cs(85,10): error CS0246: The type or namespace name 'Fact' could not be found (are you missing a using directive or an assembly reference?)
C:\gh\azure-sdk-for-net\sdk\cognitiveservices\Language.LUIS.Authoring\tests\Luis\ExamplesTests.cs(172,10): error CS0246: The type or namespace name 'FactAttribute' could not be found (are you missing a using directive or an assembly reference?)
C:\gh\azure-sdk-for-net\sdk\cognitiveservices\Language.LUIS.Authoring\tests\Luis\ExamplesTests.cs(172,10): error CS0246: The type or namespace name 'Fact' could not be found (are you missing a using directive or an assembly reference?)
C:\gh\azure-sdk-for-net\sdk\cognitiveservices\Language.LUIS.Authoring\tests\Luis\ModelTests.cs(66,10): error CS0246: The type or namespace name 'FactAttribute' could not be found (are you missing a using directive or an assembly reference?)
C:\gh\azure-sdk-for-net\sdk\cognitiveservices\Language.LUIS.Authoring\tests\Luis\ModelTests.cs(66,10): error CS0246: The type or namespace name 'Fact' could not be found (are you missing a using directive or an assembly reference?)
C:\gh\azure-sdk-for-net\sdk\cognitiveservices\Language.LUIS.Authoring\tests\Luis\TrainTests.cs(11,10): error CS0246: The type or namespace name 'FactAttribute' could not be found (are you missing a using directive or an assembly reference?)
C:\gh\azure-sdk-for-net\sdk\cognitiveservices\Language.LUIS.Authoring\tests\Luis\TrainTests.cs(11,10): error CS0246: The type or namespace name 'Fact' could not be found (are you missing a using directive or an assembly reference?)
C:\gh\azure-sdk-for-net\sdk\cognitiveservices\Language.LUIS.Authoring\tests\Luis\PatternsTests.cs(13,10): error CS0246: The type or namespace name 'FactAttribute' could not be found (are you missing a using directive or an assembly reference?)
C:\gh\azure-sdk-for-net\sdk\cognitiveservices\Language.LUIS.Authoring\tests\Luis\PatternsTests.cs(13,10): error CS0246: The type or namespace name 'Fact' could not be found (are you missing a using directive or an assembly reference?)
C:\gh\azure-sdk-for-net\sdk\cognitiveservices\Language.LUIS.Authoring\tests\Luis\FeaturesTests.cs(138,10): error CS0246: The type or namespace name 'FactAttribute' could not be found (are you missing a using directive or an assembly reference?)
C:\gh\azure-sdk-for-net\sdk\cognitiveservices\Language.LUIS.Authoring\tests\Luis\FeaturesTests.cs(138,10): error CS0246: The type or namespace name 'Fact' could not be found (are you missing a using directive or an assembly reference?)
C:\gh\azure-sdk-for-net\sdk\cognitiveservices\Language.LUIS.Authoring\tests\Luis\ModelPrebuiltDomainTests.cs(158,10): error CS0246: The type or namespace name 'FactAttribute' could not be found (are you missing a using directive or an assembly reference?)
C:\gh\azure-sdk-for-net\sdk\cognitiveservices\Language.LUIS.Authoring\tests\Luis\ModelPrebuiltDomainTests.cs(158,10): error CS0246: The type or namespace name 'Fact' could not be found (are you missing a using directive or an assembly reference?)
C:\gh\azure-sdk-for-net\sdk\cognitiveservices\Language.LUIS.Authoring\tests\Luis\ImportExportTests.cs(145,10): error CS0246: The type or namespace name 'FactAttribute' could not be found (are you missing a using directive or an assembly reference?)
C:\gh\azure-sdk-for-net\sdk\cognitiveservices\Language.LUIS.Authoring\tests\Luis\ImportExportTests.cs(145,10): error CS0246: The type or namespace name 'Fact' could not be found (are you missing a using directive or an assembly reference?)
C:\gh\azure-sdk-for-net\sdk\cognitiveservices\Language.LUIS.Authoring\tests\Luis\TrainTests.cs(47,10): error CS0246: The type or namespace name 'FactAttribute' could not be found (are you missing a using directive or an assembly reference?)
C:\gh\azure-sdk-for-net\sdk\cognitiveservices\Language.LUIS.Authoring\tests\Luis\TrainTests.cs(47,10): error CS0246: The type or namespace name 'Fact' could not be found (are you missing a using directive or an assembly reference?)
C:\gh\azure-sdk-for-net\sdk\cognitiveservices\Language.LUIS.Authoring\tests\Luis\ModelPatternAnyTests.cs(110,10): error CS0246: The type or namespace name 'FactAttribute' could not be found (are you missing a using directive or an assembly reference?)
C:\gh\azure-sdk-for-net\sdk\cognitiveservices\Language.LUIS.Authoring\tests\Luis\ModelPatternAnyTests.cs(110,10): error CS0246: The type or namespace name 'Fact' could not be found (are you missing a using directive or an assembly reference?)
C:\gh\azure-sdk-for-net\sdk\cognitiveservices\Language.LUIS.Authoring\tests\Luis\ExamplesTests.cs(237,10): error CS0246: The type or namespace name 'FactAttribute' could not be found (are you missing a using directive or an assembly reference?)
C:\gh\azure-sdk-for-net\sdk\cognitiveservices\Language.LUIS.Authoring\tests\Luis\ExamplesTests.cs(237,10): error CS0246: The type or namespace name 'Fact' could not be found (are you missing a using directive or an assembly reference?)
C:\gh\azure-sdk-for-net\sdk\cognitiveservices\Language.LUIS.Authoring\tests\Luis\ModelClosedListsTests.cs(99,10): error CS0246: The type or namespace name 'FactAttribute' could not be found (are you missing a using directive or an assembly reference?)
C:\gh\azure-sdk-for-net\sdk\cognitiveservices\Language.LUIS.Authoring\tests\Luis\ModelClosedListsTests.cs(99,10): error CS0246: The type or namespace name 'Fact' could not be found (are you missing a using directive or an assembly reference?)
C:\gh\azure-sdk-for-net\sdk\cognitiveservices\Language.LUIS.Authoring\tests\Luis\VersionsTests.cs(12,10): error CS0246: The type or namespace name 'FactAttribute' could not be found (are you missing a using directive or an assembly reference?)
C:\gh\azure-sdk-for-net\sdk\cognitiveservices\Language.LUIS.Authoring\tests\Luis\VersionsTests.cs(12,10): error CS0246: The type or namespace name 'Fact' could not be found (are you missing a using directive or an assembly reference?)
C:\gh\azure-sdk-for-net\sdk\cognitiveservices\Language.LUIS.Authoring\tests\Luis\ModelPrebuiltDomainTests.cs(179,10): error CS0246: The type or namespace name 'FactAttribute' could not be found (are you missing a using directive or an assembly reference?)
C:\gh\azure-sdk-for-net\sdk\cognitiveservices\Language.LUIS.Authoring\tests\Luis\ModelPrebuiltDomainTests.cs(179,10): error CS0246: The type or namespace name 'Fact' could not be found (are you missing a using directive or an assembly reference?)
C:\gh\azure-sdk-for-net\sdk\cognitiveservices\Language.LUIS.Authoring\tests\Luis\PatternsTests.cs(40,10): error CS0246: The type or namespace name 'FactAttribute' could not be found (are you missing a using directive or an assembly reference?)
C:\gh\azure-sdk-for-net\sdk\cognitiveservices\Language.LUIS.Authoring\tests\Luis\PatternsTests.cs(40,10): error CS0246: The type or namespace name 'Fact' could not be found (are you missing a using directive or an assembly reference?)
C:\gh\azure-sdk-for-net\sdk\cognitiveservices\Language.LUIS.Authoring\tests\Luis\FeaturesTests.cs(171,10): error CS0246: The type or namespace name 'FactAttribute' could not be found (are you missing a using directive or an assembly reference?)
C:\gh\azure-sdk-for-net\sdk\cognitiveservices\Language.LUIS.Authoring\tests\Luis\FeaturesTests.cs(171,10): error CS0246: The type or namespace name 'Fact' could not be found (are you missing a using directive or an assembly reference?)
C:\gh\azure-sdk-for-net\sdk\cognitiveservices\Language.LUIS.Authoring\tests\Luis\ImportExportTests.cs(163,10): error CS0246: The type or namespace name 'FactAttribute' could not be found (are you missing a using directive or an assembly reference?)
C:\gh\azure-sdk-for-net\sdk\cognitiveservices\Language.LUIS.Authoring\tests\Luis\ImportExportTests.cs(163,10): error CS0246: The type or namespace name 'Fact' could not be found (are you missing a using directive or an assembly reference?)
C:\gh\azure-sdk-for-net\sdk\cognitiveservices\Language.LUIS.Authoring\tests\Luis\ModelTests.cs(102,10): error CS0246: The type or namespace name 'FactAttribute' could not be found (are you missing a using directive or an assembly reference?)
C:\gh\azure-sdk-for-net\sdk\cognitiveservices\Language.LUIS.Authoring\tests\Luis\EntityRolesTests.cs(15,10): error CS0246: The type or namespace name 'FactAttribute' could not be found (are you missing a using directive or an assembly reference?)
C:\gh\azure-sdk-for-net\sdk\cognitiveservices\Language.LUIS.Authoring\tests\Luis\ModelTests.cs(102,10): error CS0246: The type or namespace name 'Fact' could not be found (are you missing a using directive or an assembly reference?)
C:\gh\azure-sdk-for-net\sdk\cognitiveservices\Language.LUIS.Authoring\tests\Luis\EntityRolesTests.cs(15,10): error CS0246: The type or namespace name 'Fact' could not be found (are you missing a using directive or an assembly reference?)
C:\gh\azure-sdk-for-net\sdk\cognitiveservices\Language.LUIS.Authoring\tests\Luis\ExamplesTests.cs(302,10): error CS0246: The type or namespace name 'FactAttribute' could not be found (are you missing a using directive or an assembly reference?)
C:\gh\azure-sdk-for-net\sdk\cognitiveservices\Language.LUIS.Authoring\tests\Luis\ExamplesTests.cs(302,10): error CS0246: The type or namespace name 'Fact' could not be found (are you missing a using directive or an assembly reference?)
C:\gh\azure-sdk-for-net\sdk\cognitiveservices\Language.LUIS.Authoring\tests\Luis\VersionsTests.cs(27,10): error CS0246: The type or namespace name 'FactAttribute' could not be found (are you missing a using directive or an assembly reference?)
C:\gh\azure-sdk-for-net\sdk\cognitiveservices\Language.LUIS.Authoring\tests\Luis\VersionsTests.cs(27,10): error CS0246: The type or namespace name 'Fact' could not be found (are you missing a using directive or an assembly reference?)
C:\gh\azure-sdk-for-net\sdk\cognitiveservices\Language.LUIS.Authoring\tests\Luis\ModelClosedListsTests.cs(132,10): error CS0246: The type or namespace name 'FactAttribute' could not be found (are you missing a using directive or an assembly reference?)
C:\gh\azure-sdk-for-net\sdk\cognitiveservices\Language.LUIS.Authoring\tests\Luis\ModelClosedListsTests.cs(132,10): error CS0246: The type or namespace name 'Fact' could not be found (are you missing a using directive or an assembly reference?)
C:\gh\azure-sdk-for-net\sdk\cognitiveservices\Language.LUIS.Authoring\tests\Luis\ImportExportTests.cs(179,10): error CS0246: The type or namespace name 'FactAttribute' could not be found (are you missing a using directive or an assembly reference?)
C:\gh\azure-sdk-for-net\sdk\cognitiveservices\Language.LUIS.Authoring\tests\Luis\ImportExportTests.cs(179,10): error CS0246: The type or namespace name 'Fact' could not be found (are you missing a using directive or an assembly reference?)
C:\gh\azure-sdk-for-net\sdk\cognitiveservices\Language.LUIS.Authoring\tests\Luis\FeaturesTests.cs(203,10): error CS0246: The type or namespace name 'FactAttribute' could not be found (are you missing a using directive or an assembly reference?)
C:\gh\azure-sdk-for-net\sdk\cognitiveservices\Language.LUIS.Authoring\tests\Luis\FeaturesTests.cs(203,10): error CS0246: The type or namespace name 'Fact' could not be found (are you missing a using directive or an assembly reference?)
C:\gh\azure-sdk-for-net\sdk\cognitiveservices\Language.LUIS.Authoring\tests\Luis\ModelPatternAnyTests.cs(129,10): error CS0246: The type or namespace name 'FactAttribute' could not be found (are you missing a using directive or an assembly reference?)
C:\gh\azure-sdk-for-net\sdk\cognitiveservices\Language.LUIS.Authoring\tests\Luis\ModelPatternAnyTests.cs(129,10): error CS0246: The type or namespace name 'Fact' could not be found (are you missing a using directive or an assembly reference?)
C:\gh\azure-sdk-for-net\sdk\cognitiveservices\Language.LUIS.Authoring\tests\Luis\PatternsTests.cs(75,10): error CS0246: The type or namespace name 'FactAttribute' could not be found (are you missing a using directive or an assembly reference?)
C:\gh\azure-sdk-for-net\sdk\cognitiveservices\Language.LUIS.Authoring\tests\Luis\PatternsTests.cs(75,10): error CS0246: The type or namespace name 'Fact' could not be found (are you missing a using directive or an assembly reference?)
C:\gh\azure-sdk-for-net\sdk\cognitiveservices\Language.LUIS.Authoring\tests\Luis\EntityRolesTests.cs(35,10): error CS0246: The type or namespace name 'FactAttribute' could not be found (are you missing a using directive or an assembly reference?)
C:\gh\azure-sdk-for-net\sdk\cognitiveservices\Language.LUIS.Authoring\tests\Luis\EntityRolesTests.cs(35,10): error CS0246: The type or namespace name 'Fact' could not be found (are you missing a using directive or an assembly reference?)
C:\gh\azure-sdk-for-net\sdk\cognitiveservices\Language.LUIS.Authoring\tests\Luis\AppsTests.cs(14,10): error CS0246: The type or namespace name 'FactAttribute' could not be found (are you missing a using directive or an assembly reference?)
C:\gh\azure-sdk-for-net\sdk\cognitiveservices\Language.LUIS.Authoring\tests\Luis\AppsTests.cs(14,10): error CS0246: The type or namespace name 'Fact' could not be found (are you missing a using directive or an assembly reference?)
C:\gh\azure-sdk-for-net\sdk\cognitiveservices\Language.LUIS.Authoring\tests\Luis\VersionsTests.cs(42,10): error CS0246: The type or namespace name 'FactAttribute' could not be found (are you missing a using directive or an assembly reference?)
C:\gh\azure-sdk-for-net\sdk\cognitiveservices\Language.LUIS.Authoring\tests\Luis\VersionsTests.cs(42,10): error CS0246: The type or namespace name 'Fact' could not be found (are you missing a using directive or an assembly reference?)
C:\gh\azure-sdk-for-net\sdk\cognitiveservices\Language.LUIS.Authoring\tests\Luis\ImportExportTests.cs(194,10): error CS0246: The type or namespace name 'FactAttribute' could not be found (are you missing a using directive or an assembly reference?)
C:\gh\azure-sdk-for-net\sdk\cognitiveservices\Language.LUIS.Authoring\tests\Luis\ImportExportTests.cs(194,10): error CS0246: The type or namespace name 'Fact' could not be found (are you missing a using directive or an assembly reference?)
C:\gh\azure-sdk-for-net\sdk\cognitiveservices\Language.LUIS.Authoring\tests\Luis\FeaturesTests.cs(231,10): error CS0246: The type or namespace name 'FactAttribute' could not be found (are you missing a using directive or an assembly reference?)
C:\gh\azure-sdk-for-net\sdk\cognitiveservices\Language.LUIS.Authoring\tests\Luis\FeaturesTests.cs(231,10): error CS0246: The type or namespace name 'Fact' could not be found (are you missing a using directive or an assembly reference?)
C:\gh\azure-sdk-for-net\sdk\cognitiveservices\Language.LUIS.Authoring\tests\Luis\ModelClosedListsTests.cs(153,10): error CS0246: The type or namespace name 'FactAttribute' could not be found (are you missing a using directive or an assembly reference?)
C:\gh\azure-sdk-for-net\sdk\cognitiveservices\Language.LUIS.Authoring\tests\Luis\ModelClosedListsTests.cs(153,10): error CS0246: The type or namespace name 'Fact' could not be found (are you missing a using directive or an assembly reference?)
C:\gh\azure-sdk-for-net\sdk\cognitiveservices\Language.LUIS.Authoring\tests\Luis\ModelTests.cs(118,10): error CS0246: The type or namespace name 'FactAttribute' could not be found (are you missing a using directive or an assembly reference?)
C:\gh\azure-sdk-for-net\sdk\cognitiveservices\Language.LUIS.Authoring\tests\Luis\ModelTests.cs(118,10): error CS0246: The type or namespace name 'Fact' could not be found (are you missing a using directive or an assembly reference?)
C:\gh\azure-sdk-for-net\sdk\cognitiveservices\Language.LUIS.Authoring\tests\Luis\ModelPatternAnyTests.cs(150,10): error CS0246: The type or namespace name 'FactAttribute' could not be found (are you missing a using directive or an assembly reference?)
C:\gh\azure-sdk-for-net\sdk\cognitiveservices\Language.LUIS.Authoring\tests\Luis\ModelPatternAnyTests.cs(150,10): error CS0246: The type or namespace name 'Fact' could not be found (are you missing a using directive or an assembly reference?)
C:\gh\azure-sdk-for-net\sdk\cognitiveservices\Language.LUIS.Authoring\tests\Luis\EntityRolesTests.cs(52,10): error CS0246: The type or namespace name 'FactAttribute' could not be found (are you missing a using directive or an assembly reference?)
C:\gh\azure-sdk-for-net\sdk\cognitiveservices\Language.LUIS.Authoring\tests\Luis\EntityRolesTests.cs(52,10): error CS0246: The type or namespace name 'Fact' could not be found (are you missing a using directive or an assembly reference?)
C:\gh\azure-sdk-for-net\sdk\cognitiveservices\Language.LUIS.Authoring\tests\Luis\FeaturesTests.cs(264,10): error CS0246: The type or namespace name 'FactAttribute' could not be found (are you missing a using directive or an assembly reference?)
C:\gh\azure-sdk-for-net\sdk\cognitiveservices\Language.LUIS.Authoring\tests\Luis\FeaturesTests.cs(264,10): error CS0246: The type or namespace name 'Fact' could not be found (are you missing a using directive or an assembly reference?)
C:\gh\azure-sdk-for-net\sdk\cognitiveservices\Language.LUIS.Authoring\tests\Luis\AppsTests.cs(40,10): error CS0246: The type or namespace name 'FactAttribute' could not be found (are you missing a using directive or an assembly reference?)
C:\gh\azure-sdk-for-net\sdk\cognitiveservices\Language.LUIS.Authoring\tests\Luis\VersionsTests.cs(67,10): error CS0246: The type or namespace name 'FactAttribute' could not be found (are you missing a using directive or an assembly reference?)
C:\gh\azure-sdk-for-net\sdk\cognitiveservices\Language.LUIS.Authoring\tests\Luis\VersionsTests.cs(67,10): error CS0246: The type or namespace name 'Fact' could not be found (are you missing a using directive or an assembly reference?)
C:\gh\azure-sdk-for-net\sdk\cognitiveservices\Language.LUIS.Authoring\tests\Luis\AppsTests.cs(40,10): error CS0246: The type or namespace name 'Fact' could not be found (are you missing a using directive or an assembly reference?)
C:\gh\azure-sdk-for-net\sdk\cognitiveservices\Language.LUIS.Authoring\tests\Luis\PatternsTests.cs(106,10): error CS0246: The type or namespace name 'FactAttribute' could not be found (are you missing a using directive or an assembly reference?)
C:\gh\azure-sdk-for-net\sdk\cognitiveservices\Language.LUIS.Authoring\tests\Luis\PatternsTests.cs(106,10): error CS0246: The type or namespace name 'Fact' could not be found (are you missing a using directive or an assembly reference?)
C:\gh\azure-sdk-for-net\sdk\cognitiveservices\Language.LUIS.Authoring\tests\Luis\ModelClosedListsTests.cs(171,10): error CS0246: The type or namespace name 'FactAttribute' could not be found (are you missing a using directive or an assembly reference?)
C:\gh\azure-sdk-for-net\sdk\cognitiveservices\Language.LUIS.Authoring\tests\Luis\ModelClosedListsTests.cs(171,10): error CS0246: The type or namespace name 'Fact' could not be found (are you missing a using directive or an assembly reference?)
C:\gh\azure-sdk-for-net\sdk\cognitiveservices\Language.LUIS.Authoring\tests\Luis\ModelTests.cs(140,10): error CS0246: The type or namespace name 'FactAttribute' could not be found (are you missing a using directive or an assembly reference?)
C:\gh\azure-sdk-for-net\sdk\cognitiveservices\Language.LUIS.Authoring\tests\Luis\ModelTests.cs(140,10): error CS0246: The type or namespace name 'Fact' could not be found (are you missing a using directive or an assembly reference?)
C:\gh\azure-sdk-for-net\sdk\cognitiveservices\Language.LUIS.Authoring\tests\Luis\ModelPatternAnyTests.cs(175,10): error CS0246: The type or namespace name 'FactAttribute' could not be found (are you missing a using directive or an assembly reference?)
C:\gh\azure-sdk-for-net\sdk\cognitiveservices\Language.LUIS.Authoring\tests\Luis\ModelPatternAnyTests.cs(175,10): error CS0246: The type or namespace name 'Fact' could not be found (are you missing a using directive or an assembly reference?)
C:\gh\azure-sdk-for-net\sdk\cognitiveservices\Language.LUIS.Authoring\tests\Luis\VersionsTests.cs(93,10): error CS0246: The type or namespace name 'FactAttribute' could not be found (are you missing a using directive or an assembly reference?)
C:\gh\azure-sdk-for-net\sdk\cognitiveservices\Language.LUIS.Authoring\tests\Luis\VersionsTests.cs(93,10): error CS0246: The type or namespace name 'Fact' could not be found (are you missing a using directive or an assembly reference?)
C:\gh\azure-sdk-for-net\sdk\cognitiveservices\Language.LUIS.Authoring\tests\Luis\EntityRolesTests.cs(76,10): error CS0246: The type or namespace name 'FactAttribute' could not be found (are you missing a using directive or an assembly reference?)
C:\gh\azure-sdk-for-net\sdk\cognitiveservices\Language.LUIS.Authoring\tests\Luis\EntityRolesTests.cs(76,10): error CS0246: The type or namespace name 'Fact' could not be found (are you missing a using directive or an assembly reference?)
C:\gh\azure-sdk-for-net\sdk\cognitiveservices\Language.LUIS.Authoring\tests\Luis\AppsTests.cs(68,10): error CS0246: The type or namespace name 'FactAttribute' could not be found (are you missing a using directive or an assembly reference?)
C:\gh\azure-sdk-for-net\sdk\cognitiveservices\Language.LUIS.Authoring\tests\Luis\AppsTests.cs(68,10): error CS0246: The type or namespace name 'Fact' could not be found (are you missing a using directive or an assembly reference?)
C:\gh\azure-sdk-for-net\sdk\cognitiveservices\Language.LUIS.Authoring\tests\Luis\PatternsTests.cs(138,10): error CS0246: The type or namespace name 'FactAttribute' could not be found (are you missing a using directive or an assembly reference?)
C:\gh\azure-sdk-for-net\sdk\cognitiveservices\Language.LUIS.Authoring\tests\Luis\PatternsTests.cs(138,10): error CS0246: The type or namespace name 'Fact' could not be found (are you missing a using directive or an assembly reference?)
C:\gh\azure-sdk-for-net\sdk\cognitiveservices\Language.LUIS.Authoring\tests\Luis\VersionsTests.cs(117,10): error CS0246: The type or namespace name 'FactAttribute' could not be found (are you missing a using directive or an assembly reference?)
C:\gh\azure-sdk-for-net\sdk\cognitiveservices\Language.LUIS.Authoring\tests\Luis\VersionsTests.cs(117,10): error CS0246: The type or namespace name 'Fact' could not be found (are you missing a using directive or an assembly reference?)
C:\gh\azure-sdk-for-net\sdk\cognitiveservices\Language.LUIS.Authoring\tests\Luis\AppsTests.cs(95,10): error CS0246: The type or namespace name 'FactAttribute' could not be found (are you missing a using directive or an assembly reference?)
C:\gh\azure-sdk-for-net\sdk\cognitiveservices\Language.LUIS.Authoring\tests\Luis\AppsTests.cs(95,10): error CS0246: The type or namespace name 'Fact' could not be found (are you missing a using directive or an assembly reference?)
C:\gh\azure-sdk-for-net\sdk\cognitiveservices\Language.LUIS.Authoring\tests\Luis\EntityRolesTests.cs(97,10): error CS0246: The type or namespace name 'FactAttribute' could not be found (are you missing a using directive or an assembly reference?)
C:\gh\azure-sdk-for-net\sdk\cognitiveservices\Language.LUIS.Authoring\tests\Luis\EntityRolesTests.cs(97,10): error CS0246: The type or namespace name 'Fact' could not be found (are you missing a using directive or an assembly reference?)
C:\gh\azure-sdk-for-net\sdk\cognitiveservices\Language.LUIS.Authoring\tests\Luis\ModelTests.cs(164,10): error CS0246: The type or namespace name 'FactAttribute' could not be found (are you missing a using directive or an assembly reference?)
C:\gh\azure-sdk-for-net\sdk\cognitiveservices\Language.LUIS.Authoring\tests\Luis\ModelTests.cs(164,10): error CS0246: The type or namespace name 'Fact' could not be found (are you missing a using directive or an assembly reference?)
C:\gh\azure-sdk-for-net\sdk\cognitiveservices\Language.LUIS.Authoring\tests\Luis\ModelPatternAnyTests.cs(200,10): error CS0246: The type or namespace name 'FactAttribute' could not be found (are you missing a using directive or an assembly reference?)
C:\gh\azure-sdk-for-net\sdk\cognitiveservices\Language.LUIS.Authoring\tests\Luis\ModelPatternAnyTests.cs(200,10): error CS0246: The type or namespace name 'Fact' could not be found (are you missing a using directive or an assembly reference?)
C:\gh\azure-sdk-for-net\sdk\cognitiveservices\Language.LUIS.Authoring\tests\Luis\PatternsTests.cs(176,10): error CS0246: The type or namespace name 'FactAttribute' could not be found (are you missing a using directive or an assembly reference?)
C:\gh\azure-sdk-for-net\sdk\cognitiveservices\Language.LUIS.Authoring\tests\Luis\PatternsTests.cs(176,10): error CS0246: The type or namespace name 'Fact' could not be found (are you missing a using directive or an assembly reference?)
C:\gh\azure-sdk-for-net\sdk\cognitiveservices\Language.LUIS.Authoring\tests\Luis\VersionsTests.cs(134,10): error CS0246: The type or namespace name 'FactAttribute' could not be found (are you missing a using directive or an assembly reference?)
C:\gh\azure-sdk-for-net\sdk\cognitiveservices\Language.LUIS.Authoring\tests\Luis\VersionsTests.cs(134,10): error CS0246: The type or namespace name 'Fact' could not be found (are you missing a using directive or an assembly reference?)
C:\gh\azure-sdk-for-net\sdk\cognitiveservices\Language.LUIS.Authoring\tests\Luis\EntityRolesTests.cs(118,10): error CS0246: The type or namespace name 'FactAttribute' could not be found (are you missing a using directive or an assembly reference?)
C:\gh\azure-sdk-for-net\sdk\cognitiveservices\Language.LUIS.Authoring\tests\Luis\EntityRolesTests.cs(118,10): error CS0246: The type or namespace name 'Fact' could not be found (are you missing a using directive or an assembly reference?)
C:\gh\azure-sdk-for-net\sdk\cognitiveservices\Language.LUIS.Authoring\tests\Luis\ModelTests.cs(189,10): error CS0246: The type or namespace name 'FactAttribute' could not be found (are you missing a using directive or an assembly reference?)
C:\gh\azure-sdk-for-net\sdk\cognitiveservices\Language.LUIS.Authoring\tests\Luis\ModelTests.cs(189,10): error CS0246: The type or namespace name 'Fact' could not be found (are you missing a using directive or an assembly reference?)
C:\gh\azure-sdk-for-net\sdk\cognitiveservices\Language.LUIS.Authoring\tests\Luis\AppsTests.cs(126,10): error CS0246: The type or namespace name 'FactAttribute' could not be found (are you missing a using directive or an assembly reference?)
C:\gh\azure-sdk-for-net\sdk\cognitiveservices\Language.LUIS.Authoring\tests\Luis\AppsTests.cs(126,10): error CS0246: The type or namespace name 'Fact' could not be found (are you missing a using directive or an assembly reference?)
C:\gh\azure-sdk-for-net\sdk\cognitiveservices\Language.LUIS.Authoring\tests\Luis\EntityRolesTests.cs(140,10): error CS0246: The type or namespace name 'FactAttribute' could not be found (are you missing a using directive or an assembly reference?)
C:\gh\azure-sdk-for-net\sdk\cognitiveservices\Language.LUIS.Authoring\tests\Luis\EntityRolesTests.cs(140,10): error CS0246: The type or namespace name 'Fact' could not be found (are you missing a using directive or an assembly reference?)
C:\gh\azure-sdk-for-net\sdk\cognitiveservices\Language.LUIS.Authoring\tests\Luis\VersionsTests.cs(147,10): error CS0246: The type or namespace name 'FactAttribute' could not be found (are you missing a using directive or an assembly reference?)
C:\gh\azure-sdk-for-net\sdk\cognitiveservices\Language.LUIS.Authoring\tests\Luis\VersionsTests.cs(147,10): error CS0246: The type or namespace name 'Fact' could not be found (are you missing a using directive or an assembly reference?)
C:\gh\azure-sdk-for-net\sdk\cognitiveservices\Language.LUIS.Authoring\tests\Luis\ModelTests.cs(217,10): error CS0246: The type or namespace name 'FactAttribute' could not be found (are you missing a using directive or an assembly reference?)
C:\gh\azure-sdk-for-net\sdk\cognitiveservices\Language.LUIS.Authoring\tests\Luis\ModelTests.cs(217,10): error CS0246: The type or namespace name 'Fact' could not be found (are you missing a using directive or an assembly reference?)
C:\gh\azure-sdk-for-net\sdk\cognitiveservices\Language.LUIS.Authoring\tests\Luis\AppsTests.cs(149,10): error CS0246: The type or namespace name 'FactAttribute' could not be found (are you missing a using directive or an assembly reference?)
C:\gh\azure-sdk-for-net\sdk\cognitiveservices\Language.LUIS.Authoring\tests\Luis\AppsTests.cs(149,10): error CS0246: The type or namespace name 'Fact' could not be found (are you missing a using directive or an assembly reference?)
C:\gh\azure-sdk-for-net\sdk\cognitiveservices\Language.LUIS.Authoring\tests\Luis\PatternsTests.cs(215,10): error CS0246: The type or namespace name 'FactAttribute' could not be found (are you missing a using directive or an assembly reference?)
C:\gh\azure-sdk-for-net\sdk\cognitiveservices\Language.LUIS.Authoring\tests\Luis\PatternsTests.cs(215,10): error CS0246: The type or namespace name 'Fact' could not be found (are you missing a using directive or an assembly reference?)
C:\gh\azure-sdk-for-net\sdk\cognitiveservices\Language.LUIS.Authoring\tests\Luis\EntityRolesTests.cs(160,10): error CS0246: The type or namespace name 'FactAttribute' could not be found (are you missing a using directive or an assembly reference?)
C:\gh\azure-sdk-for-net\sdk\cognitiveservices\Language.LUIS.Authoring\tests\Luis\EntityRolesTests.cs(160,10): error CS0246: The type or namespace name 'Fact' could not be found (are you missing a using directive or an assembly reference?)
C:\gh\azure-sdk-for-net\sdk\cognitiveservices\Language.LUIS.Authoring\tests\Luis\ModelTests.cs(246,10): error CS0246: The type or namespace name 'FactAttribute' could not be found (are you missing a using directive or an assembly reference?)
C:\gh\azure-sdk-for-net\sdk\cognitiveservices\Language.LUIS.Authoring\tests\Luis\ModelTests.cs(246,10): error CS0246: The type or namespace name 'Fact' could not be found (are you missing a using directive or an assembly reference?)
C:\gh\azure-sdk-for-net\sdk\cognitiveservices\Language.LUIS.Authoring\tests\Luis\VersionsTests.cs(162,10): error CS0246: The type or namespace name 'FactAttribute' could not be found (are you missing a using directive or an assembly reference?)
C:\gh\azure-sdk-for-net\sdk\cognitiveservices\Language.LUIS.Authoring\tests\Luis\VersionsTests.cs(162,10): error CS0246: The type or namespace name 'Fact' could not be found (are you missing a using directive or an assembly reference?)
C:\gh\azure-sdk-for-net\sdk\cognitiveservices\Language.LUIS.Authoring\tests\Luis\ModelPatternAnyTests.cs(230,10): error CS0246: The type or namespace name 'FactAttribute' could not be found (are you missing a using directive or an assembly reference?)
C:\gh\azure-sdk-for-net\sdk\cognitiveservices\Language.LUIS.Authoring\tests\Luis\ModelPatternAnyTests.cs(230,10): error CS0246: The type or namespace name 'Fact' could not be found (are you missing a using directive or an assembly reference?)
C:\gh\azure-sdk-for-net\sdk\cognitiveservices\Language.LUIS.Authoring\tests\Luis\PatternsTests.cs(239,10): error CS0246: The type or namespace name 'FactAttribute' could not be found (are you missing a using directive or an assembly reference?)
C:\gh\azure-sdk-for-net\sdk\cognitiveservices\Language.LUIS.Authoring\tests\Luis\PatternsTests.cs(239,10): error CS0246: The type or namespace name 'Fact' could not be found (are you missing a using directive or an assembly reference?)
C:\gh\azure-sdk-for-net\sdk\cognitiveservices\Language.LUIS.Authoring\tests\Luis\EntityRolesTests.cs(177,10): error CS0246: The type or namespace name 'FactAttribute' could not be found (are you missing a using directive or an assembly reference?)
C:\gh\azure-sdk-for-net\sdk\cognitiveservices\Language.LUIS.Authoring\tests\Luis\AppsTests.cs(176,10): error CS0246: The type or namespace name 'FactAttribute' could not be found (are you missing a using directive or an assembly reference?)
C:\gh\azure-sdk-for-net\sdk\cognitiveservices\Language.LUIS.Authoring\tests\Luis\AppsTests.cs(176,10): error CS0246: The type or namespace name 'Fact' could not be found (are you missing a using directive or an assembly reference?)
C:\gh\azure-sdk-for-net\sdk\cognitiveservices\Language.LUIS.Authoring\tests\Luis\EntityRolesTests.cs(177,10): error CS0246: The type or namespace name 'Fact' could not be found (are you missing a using directive or an assembly reference?)
C:\gh\azure-sdk-for-net\sdk\cognitiveservices\Language.LUIS.Authoring\tests\Luis\EntityRolesTests.cs(201,10): error CS0246: The type or namespace name 'FactAttribute' could not be found (are you missing a using directive or an assembly reference?)
C:\gh\azure-sdk-for-net\sdk\cognitiveservices\Language.LUIS.Authoring\tests\Luis\AppsTests.cs(193,10): error CS0246: The type or namespace name 'FactAttribute' could not be found (are you missing a using directive or an assembly reference?)
C:\gh\azure-sdk-for-net\sdk\cognitiveservices\Language.LUIS.Authoring\tests\Luis\EntityRolesTests.cs(201,10): error CS0246: The type or namespace name 'Fact' could not be found (are you missing a using directive or an assembly reference?)
C:\gh\azure-sdk-for-net\sdk\cognitiveservices\Language.LUIS.Authoring\tests\Luis\AppsTests.cs(193,10): error CS0246: The type or namespace name 'Fact' could not be found (are you missing a using directive or an assembly reference?)
C:\gh\azure-sdk-for-net\sdk\cognitiveservices\Language.LUIS.Authoring\tests\Luis\EntityRolesTests.cs(222,10): error CS0246: The type or namespace name 'FactAttribute' could not be found (are you missing a using directive or an assembly reference?)
C:\gh\azure-sdk-for-net\sdk\cognitiveservices\Language.LUIS.Authoring\tests\Luis\AppsTests.cs(219,10): error CS0246: The type or namespace name 'FactAttribute' could not be found (are you missing a using directive or an assembly reference?)
C:\gh\azure-sdk-for-net\sdk\cognitiveservices\Language.LUIS.Authoring\tests\Luis\EntityRolesTests.cs(222,10): error CS0246: The type or namespace name 'Fact' could not be found (are you missing a using directive or an assembly reference?)
C:\gh\azure-sdk-for-net\sdk\cognitiveservices\Language.LUIS.Authoring\tests\Luis\AppsTests.cs(219,10): error CS0246: The type or namespace name 'Fact' could not be found (are you missing a using directive or an assembly reference?)
C:\gh\azure-sdk-for-net\sdk\cognitiveservices\Language.LUIS.Authoring\tests\Luis\AppsTests.cs(244,10): error CS0246: The type or namespace name 'FactAttribute' could not be found (are you missing a using directive or an assembly reference?)
C:\gh\azure-sdk-for-net\sdk\cognitiveservices\Language.LUIS.Authoring\tests\Luis\AppsTests.cs(244,10): error CS0246: The type or namespace name 'Fact' could not be found (are you missing a using directive or an assembly reference?)
C:\gh\azure-sdk-for-net\sdk\cognitiveservices\Language.LUIS.Authoring\tests\Luis\EntityRolesTests.cs(243,10): error CS0246: The type or namespace name 'FactAttribute' could not be found (are you missing a using directive or an assembly reference?)
C:\gh\azure-sdk-for-net\sdk\cognitiveservices\Language.LUIS.Authoring\tests\Luis\EntityRolesTests.cs(243,10): error CS0246: The type or namespace name 'Fact' could not be found (are you missing a using directive or an assembly reference?)
C:\gh\azure-sdk-for-net\sdk\cognitiveservices\Language.LUIS.Authoring\tests\Luis\VersionsTests.cs(182,10): error CS0246: The type or namespace name 'FactAttribute' could not be found (are you missing a using directive or an assembly reference?)
C:\gh\azure-sdk-for-net\sdk\cognitiveservices\Language.LUIS.Authoring\tests\Luis\VersionsTests.cs(182,10): error CS0246: The type or namespace name 'Fact' could not be found (are you missing a using directive or an assembly reference?)
C:\gh\azure-sdk-for-net\sdk\cognitiveservices\Language.LUIS.Authoring\tests\Luis\EntityRolesTests.cs(265,10): error CS0246: The type or namespace name 'FactAttribute' could not be found (are you missing a using directive or an assembly reference?)
C:\gh\azure-sdk-for-net\sdk\cognitiveservices\Language.LUIS.Authoring\tests\Luis\EntityRolesTests.cs(265,10): error CS0246: The type or namespace name 'Fact' could not be found (are you missing a using directive or an assembly reference?)
C:\gh\azure-sdk-for-net\sdk\cognitiveservices\Language.LUIS.Authoring\tests\Luis\AppsTests.cs(273,10): error CS0246: The type or namespace name 'FactAttribute' could not be found (are you missing a using directive or an assembly reference?)
C:\gh\azure-sdk-for-net\sdk\cognitiveservices\Language.LUIS.Authoring\tests\Luis\AppsTests.cs(273,10): error CS0246: The type or namespace name 'Fact' could not be found (are you missing a using directive or an assembly reference?)
C:\gh\azure-sdk-for-net\sdk\cognitiveservices\Language.LUIS.Authoring\tests\Luis\AppsTests.cs(300,10): error CS0246: The type or namespace name 'FactAttribute' could not be found (are you missing a using directive or an assembly reference?)
C:\gh\azure-sdk-for-net\sdk\cognitiveservices\Language.LUIS.Authoring\tests\Luis\EntityRolesTests.cs(285,10): error CS0246: The type or namespace name 'FactAttribute' could not be found (are you missing a using directive or an assembly reference?)
C:\gh\azure-sdk-for-net\sdk\cognitiveservices\Language.LUIS.Authoring\tests\Luis\AppsTests.cs(300,10): error CS0246: The type or namespace name 'Fact' could not be found (are you missing a using directive or an assembly reference?)
C:\gh\azure-sdk-for-net\sdk\cognitiveservices\Language.LUIS.Authoring\tests\Luis\EntityRolesTests.cs(285,10): error CS0246: The type or namespace name 'Fact' could not be found (are you missing a using directive or an assembly reference?)
C:\gh\azure-sdk-for-net\sdk\cognitiveservices\Language.LUIS.Authoring\tests\Luis\VersionsTests.cs(198,10): error CS0246: The type or namespace name 'FactAttribute' could not be found (are you missing a using directive or an assembly reference?)
C:\gh\azure-sdk-for-net\sdk\cognitiveservices\Language.LUIS.Authoring\tests\Luis\VersionsTests.cs(198,10): error CS0246: The type or namespace name 'Fact' could not be found (are you missing a using directive or an assembly reference?)
C:\gh\azure-sdk-for-net\sdk\cognitiveservices\Language.LUIS.Authoring\tests\Luis\AppsTests.cs(333,10): error CS0246: The type or namespace name 'FactAttribute' could not be found (are you missing a using directive or an assembly reference?)
C:\gh\azure-sdk-for-net\sdk\cognitiveservices\Language.LUIS.Authoring\tests\Luis\AppsTests.cs(333,10): error CS0246: The type or namespace name 'Fact' could not be found (are you missing a using directive or an assembly reference?)
C:\gh\azure-sdk-for-net\sdk\cognitiveservices\Language.LUIS.Authoring\tests\Luis\EntityRolesTests.cs(302,10): error CS0246: The type or namespace name 'FactAttribute' could not be found (are you missing a using directive or an assembly reference?)
C:\gh\azure-sdk-for-net\sdk\cognitiveservices\Language.LUIS.Authoring\tests\Luis\EntityRolesTests.cs(302,10): error CS0246: The type or namespace name 'Fact' could not be found (are you missing a using directive or an assembly reference?)
C:\gh\azure-sdk-for-net\sdk\cognitiveservices\Language.LUIS.Authoring\tests\Luis\AppsTests.cs(346,10): error CS0246: The type or namespace name 'FactAttribute' could not be found (are you missing a using directive or an assembly reference?)
C:\gh\azure-sdk-for-net\sdk\cognitiveservices\Language.LUIS.Authoring\tests\Luis\AppsTests.cs(346,10): error CS0246: The type or namespace name 'Fact' could not be found (are you missing a using directive or an assembly reference?)
C:\gh\azure-sdk-for-net\sdk\cognitiveservices\Language.LUIS.Authoring\tests\Luis\EntityRolesTests.cs(326,10): error CS0246: The type or namespace name 'FactAttribute' could not be found (are you missing a using directive or an assembly reference?)
C:\gh\azure-sdk-for-net\sdk\cognitiveservices\Language.LUIS.Authoring\tests\Luis\EntityRolesTests.cs(326,10): error CS0246: The type or namespace name 'Fact' could not be found (are you missing a using directive or an assembly reference?)
C:\gh\azure-sdk-for-net\sdk\cognitiveservices\Language.LUIS.Authoring\tests\Luis\AppsTests.cs(360,10): error CS0246: The type or namespace name 'FactAttribute' could not be found (are you missing a using directive or an assembly reference?)
C:\gh\azure-sdk-for-net\sdk\cognitiveservices\Language.LUIS.Authoring\tests\Luis\AppsTests.cs(360,10): error CS0246: The type or namespace name 'Fact' could not be found (are you missing a using directive or an assembly reference?)
C:\gh\azure-sdk-for-net\sdk\cognitiveservices\Language.LUIS.Authoring\tests\Luis\EntityRolesTests.cs(347,10): error CS0246: The type or namespace name 'FactAttribute' could not be found (are you missing a using directive or an assembly reference?)
C:\gh\azure-sdk-for-net\sdk\cognitiveservices\Language.LUIS.Authoring\tests\Luis\EntityRolesTests.cs(347,10): error CS0246: The type or namespace name 'Fact' could not be found (are you missing a using directive or an assembly reference?)
C:\gh\azure-sdk-for-net\sdk\cognitiveservices\Language.LUIS.Authoring\tests\Luis\EntityRolesTests.cs(368,10): error CS0246: The type or namespace name 'FactAttribute' could not be found (are you missing a using directive or an assembly reference?)
C:\gh\azure-sdk-for-net\sdk\cognitiveservices\Language.LUIS.Authoring\tests\Luis\EntityRolesTests.cs(368,10): error CS0246: The type or namespace name 'Fact' could not be found (are you missing a using directive or an assembly reference?)
C:\gh\azure-sdk-for-net\sdk\cognitiveservices\Language.LUIS.Authoring\tests\Luis\AppsTests.cs(373,10): error CS0246: The type or namespace name 'FactAttribute' could not be found (are you missing a using directive or an assembly reference?)
C:\gh\azure-sdk-for-net\sdk\cognitiveservices\Language.LUIS.Authoring\tests\Luis\AppsTests.cs(373,10): error CS0246: The type or namespace name 'Fact' could not be found (are you missing a using directive or an assembly reference?)
C:\gh\azure-sdk-for-net\sdk\cognitiveservices\Language.LUIS.Authoring\tests\Luis\EntityRolesTests.cs(390,10): error CS0246: The type or namespace name 'FactAttribute' could not be found (are you missing a using directive or an assembly reference?)
C:\gh\azure-sdk-for-net\sdk\cognitiveservices\Language.LUIS.Authoring\tests\Luis\EntityRolesTests.cs(390,10): error CS0246: The type or namespace name 'Fact' could not be found (are you missing a using directive or an assembly reference?)
C:\gh\azure-sdk-for-net\sdk\cognitiveservices\Language.LUIS.Authoring\tests\Luis\AppsTests.cs(389,10): error CS0246: The type or namespace name 'FactAttribute' could not be found (are you missing a using directive or an assembly reference?)
C:\gh\azure-sdk-for-net\sdk\cognitiveservices\Language.LUIS.Authoring\tests\Luis\AppsTests.cs(389,10): error CS0246: The type or namespace name 'Fact' could not be found (are you missing a using directive or an assembly reference?)
C:\gh\azure-sdk-for-net\sdk\cognitiveservices\Language.LUIS.Authoring\tests\Luis\EntityRolesTests.cs(414,10): error CS0246: The type or namespace name 'FactAttribute' could not be found (are you missing a using directive or an assembly reference?)
C:\gh\azure-sdk-for-net\sdk\cognitiveservices\Language.LUIS.Authoring\tests\Luis\AppsTests.cs(408,10): error CS0246: The type or namespace name 'FactAttribute' could not be found (are you missing a using directive or an assembly reference?)
C:\gh\azure-sdk-for-net\sdk\cognitiveservices\Language.LUIS.Authoring\tests\Luis\EntityRolesTests.cs(414,10): error CS0246: The type or namespace name 'Fact' could not be found (are you missing a using directive or an assembly reference?)
C:\gh\azure-sdk-for-net\sdk\cognitiveservices\Language.LUIS.Authoring\tests\Luis\AppsTests.cs(408,10): error CS0246: The type or namespace name 'Fact' could not be found (are you missing a using directive or an assembly reference?)
C:\gh\azure-sdk-for-net\sdk\cognitiveservices\Language.LUIS.Authoring\tests\Luis\EntityRolesTests.cs(435,10): error CS0246: The type or namespace name 'FactAttribute' could not be found (are you missing a using directive or an assembly reference?)
C:\gh\azure-sdk-for-net\sdk\cognitiveservices\Language.LUIS.Authoring\tests\Luis\EntityRolesTests.cs(435,10): error CS0246: The type or namespace name 'Fact' could not be found (are you missing a using directive or an assembly reference?)
C:\gh\azure-sdk-for-net\sdk\cognitiveservices\Language.LUIS.Authoring\tests\Luis\EntityRolesTests.cs(463,10): error CS0246: The type or namespace name 'FactAttribute' could not be found (are you missing a using directive or an assembly reference?)
C:\gh\azure-sdk-for-net\sdk\cognitiveservices\Language.LUIS.Authoring\tests\Luis\EntityRolesTests.cs(463,10): error CS0246: The type or namespace name 'Fact' could not be found (are you missing a using directive or an assembly reference?)
C:\gh\azure-sdk-for-net\sdk\cognitiveservices\Language.LUIS.Authoring\tests\Luis\EntityRolesTests.cs(488,10): error CS0246: The type or namespace name 'FactAttribute' could not be found (are you missing a using directive or an assembly reference?)
C:\gh\azure-sdk-for-net\sdk\cognitiveservices\Language.LUIS.Authoring\tests\Luis\EntityRolesTests.cs(488,10): error CS0246: The type or namespace name 'Fact' could not be found (are you missing a using directive or an assembly reference?)
C:\gh\azure-sdk-for-net\sdk\cognitiveservices\Language.LUIS.Authoring\tests\Luis\EntityRolesTests.cs(513,10): error CS0246: The type or namespace name 'FactAttribute' could not be found (are you missing a using directive or an assembly reference?)
C:\gh\azure-sdk-for-net\sdk\cognitiveservices\Language.LUIS.Authoring\tests\Luis\EntityRolesTests.cs(513,10): error CS0246: The type or namespace name 'Fact' could not be found (are you missing a using directive or an assembly reference?)
C:\gh\azure-sdk-for-net\sdk\cognitiveservices\Language.LUIS.Authoring\tests\Luis\EntityRolesTests.cs(539,10): error CS0246: The type or namespace name 'FactAttribute' could not be found (are you missing a using directive or an assembly reference?)
C:\gh\azure-sdk-for-net\sdk\cognitiveservices\Language.LUIS.Authoring\tests\Luis\EntityRolesTests.cs(539,10): error CS0246: The type or namespace name 'Fact' could not be found (are you missing a using directive or an assembly reference?)
C:\gh\azure-sdk-for-net\sdk\cognitiveservices\Language.LUIS.Authoring\tests\Luis\EntityRolesTests.cs(560,10): error CS0246: The type or namespace name 'FactAttribute' could not be found (are you missing a using directive or an assembly reference?)
C:\gh\azure-sdk-for-net\sdk\cognitiveservices\Language.LUIS.Authoring\tests\Luis\EntityRolesTests.cs(560,10): error CS0246: The type or namespace name 'Fact' could not be found (are you missing a using directive or an assembly reference?)
C:\gh\azure-sdk-for-net\sdk\cognitiveservices\Language.LUIS.Authoring\tests\Luis\EntityRolesTests.cs(578,10): error CS0246: The type or namespace name 'FactAttribute' could not be found (are you missing a using directive or an assembly reference?)
C:\gh\azure-sdk-for-net\sdk\cognitiveservices\Language.LUIS.Authoring\tests\Luis\EntityRolesTests.cs(578,10): error CS0246: The type or namespace name 'Fact' could not be found (are you missing a using directive or an assembly reference?)
C:\gh\azure-sdk-for-net\sdk\cognitiveservices\Language.LUIS.Authoring\tests\Luis\EntityRolesTests.cs(603,10): error CS0246: The type or namespace name 'FactAttribute' could not be found (are you missing a using directive or an assembly reference?)
C:\gh\azure-sdk-for-net\sdk\cognitiveservices\Language.LUIS.Authoring\tests\Luis\EntityRolesTests.cs(603,10): error CS0246: The type or namespace name 'Fact' could not be found (are you missing a using directive or an assembly reference?)
C:\gh\azure-sdk-for-net\sdk\cognitiveservices\Language.LUIS.Authoring\tests\Luis\EntityRolesTests.cs(625,10): error CS0246: The type or namespace name 'FactAttribute' could not be found (are you missing a using directive or an assembly reference?)
C:\gh\azure-sdk-for-net\sdk\cognitiveservices\Language.LUIS.Authoring\tests\Luis\EntityRolesTests.cs(625,10): error CS0246: The type or namespace name 'Fact' could not be found (are you missing a using directive or an assembly reference?)
C:\gh\azure-sdk-for-net\sdk\cognitiveservices\Language.LUIS.Authoring\tests\Luis\EntityRolesTests.cs(647,10): error CS0246: The type or namespace name 'FactAttribute' could not be found (are you missing a using directive or an assembly reference?)
C:\gh\azure-sdk-for-net\sdk\cognitiveservices\Language.LUIS.Authoring\tests\Luis\EntityRolesTests.cs(647,10): error CS0246: The type or namespace name 'Fact' could not be found (are you missing a using directive or an assembly reference?)
C:\gh\azure-sdk-for-net\sdk\cognitiveservices\Language.LUIS.Authoring\tests\Luis\ExamplesTests.cs(22,17): error CS0103: The name 'Assert' does not exist in the current context
C:\gh\azure-sdk-for-net\sdk\cognitiveservices\Language.LUIS.Authoring\tests\BaseTest.cs(27,30): error CS0246: The type or namespace name 'ServiceClientCredentials' could not be found (are you missing a using directive or an assembly reference?)
C:\gh\azure-sdk-for-net\sdk\cognitiveservices\Language.LUIS.Authoring\tests\BaseTest.cs(27,30): error CS0012: The type 'HttpClientHandler' is defined in an assembly that is not referenced. You must add a reference to assembly 'System.Net.Http, Version=4.0.0.0, Culture=neutral, PublicKeyToken=b03f5f7f11d50a3a'.
C:\gh\azure-sdk-for-net\sdk\cognitiveservices\Language.LUIS.Authoring\tests\BaseTest.cs(29,13): error CS0246: The type or namespace name 'ServiceClient<>' could not be found (are you missing a using directive or an assembly reference?)
C:\gh\azure-sdk-for-net\sdk\cognitiveservices\Language.LUIS.Authoring\tests\Luis\ModelIntentsTests.cs(21,17): error CS0103: The name 'Assert' does not exist in the current context
C:\gh\azure-sdk-for-net\sdk\cognitiveservices\Language.LUIS.Authoring\tests\Luis\VersionsTests.cs(19,17): error CS0103: The name 'Assert' does not exist in the current context
C:\gh\azure-sdk-for-net\sdk\cognitiveservices\Language.LUIS.Authoring\tests\Luis\VersionsTests.cs(22,21): error CS0103: The name 'Assert' does not exist in the current context
C:\gh\azure-sdk-for-net\sdk\cognitiveservices\Language.LUIS.Authoring\tests\Luis\ModelClosedListsTests.cs(24,17): error CS0103: The name 'Assert' does not exist in the current context
C:\gh\azure-sdk-for-net\sdk\cognitiveservices\Language.LUIS.Authoring\tests\Luis\ImportExportTests.cs(33,17): error CS0103: The name 'Assert' does not exist in the current context
C:\gh\azure-sdk-for-net\sdk\cognitiveservices\Language.LUIS.Authoring\tests\Luis\ImportExportTests.cs(34,17): error CS0103: The name 'Assert' does not exist in the current context
C:\gh\azure-sdk-for-net\sdk\cognitiveservices\Language.LUIS.Authoring\tests\BaseTest.cs(35,20): error CS0246: The type or namespace name 'MockContext' could not be found (are you missing a using directive or an assembly reference?)
C:\gh\azure-sdk-for-net\sdk\cognitiveservices\Language.LUIS.Authoring\tests\BaseTest.cs(35,42): error CS0103: The name 'MockContext' does not exist in the current context
C:\gh\azure-sdk-for-net\sdk\cognitiveservices\Language.LUIS.Authoring\tests\BaseTest.cs(37,17): error CS0103: The name 'HttpMockServer' does not exist in the current context
C:\gh\azure-sdk-for-net\sdk\cognitiveservices\Language.LUIS.Authoring\tests\BaseTest.cs(38,57): error CS0103: The name 'HttpMockServer' does not exist in the current context
C:\gh\azure-sdk-for-net\sdk\cognitiveservices\Language.LUIS.Authoring\tests\Luis\FeaturesPhraseListsTests.cs(27,17): error CS0103: The name 'Assert' does not exist in the current context
C:\gh\azure-sdk-for-net\sdk\cognitiveservices\Language.LUIS.Authoring\tests\Luis\FeaturesPhraseListsTests.cs(28,17): error CS0103: The name 'Assert' does not exist in the current context
C:\gh\azure-sdk-for-net\sdk\cognitiveservices\Language.LUIS.Authoring\tests\Luis\FeaturesPhraseListsTests.cs(29,17): error CS0103: The name 'Assert' does not exist in the current context
C:\gh\azure-sdk-for-net\sdk\cognitiveservices\Language.LUIS.Authoring\tests\Luis\FeaturesTests.cs(16,23): error CS0103: The name 'JsonConvert' does not exist in the current context
C:\gh\azure-sdk-for-net\sdk\cognitiveservices\Language.LUIS.Authoring\tests\Luis\FeaturesTests.cs(27,17): error CS0103: The name 'Assert' does not exist in the current context
C:\gh\azure-sdk-for-net\sdk\cognitiveservices\Language.LUIS.Authoring\tests\Luis\AppsTests.cs(32,17): error CS0103: The name 'Assert' does not exist in the current context
C:\gh\azure-sdk-for-net\sdk\cognitiveservices\Language.LUIS.Authoring\tests\Luis\AppsTests.cs(33,17): error CS0103: The name 'Assert' does not exist in the current context
C:\gh\azure-sdk-for-net\sdk\cognitiveservices\Language.LUIS.Authoring\tests\Luis\ModelEntitiesTests.cs(25,17): error CS0103: The name 'Assert' does not exist in the current context
C:\gh\azure-sdk-for-net\sdk\cognitiveservices\Language.LUIS.Authoring\tests\Luis\ModelEntitiesTests.cs(26,17): error CS0103: The name 'Assert' does not exist in the current context
C:\gh\azure-sdk-for-net\sdk\cognitiveservices\Language.LUIS.Authoring\tests\Luis\ExamplesTests.cs(44,17): error CS0103: The name 'Assert' does not exist in the current context
C:\gh\azure-sdk-for-net\sdk\cognitiveservices\Language.LUIS.Authoring\tests\Luis\EntityRolesTests.cs(31,17): error CS0103: The name 'Assert' does not exist in the current context
C:\gh\azure-sdk-for-net\sdk\cognitiveservices\Language.LUIS.Authoring\tests\Luis\ModelClosedListsTests.cs(36,17): error CS0103: The name 'Assert' does not exist in the current context
C:\gh\azure-sdk-for-net\sdk\cognitiveservices\Language.LUIS.Authoring\tests\Luis\VersionsTests.cs(36,21): error CS0103: The name 'Assert' does not exist in the current context
C:\gh\azure-sdk-for-net\sdk\cognitiveservices\Language.LUIS.Authoring\tests\Luis\VersionsTests.cs(37,21): error CS0103: The name 'Assert' does not exist in the current context
C:\gh\azure-sdk-for-net\sdk\cognitiveservices\Language.LUIS.Authoring\tests\Luis\FeaturesPhraseListsTests.cs(48,17): error CS0103: The name 'Assert' does not exist in the current context
C:\gh\azure-sdk-for-net\sdk\cognitiveservices\Language.LUIS.Authoring\tests\Luis\ImportExportTests.cs(62,17): error CS0103: The name 'Assert' does not exist in the current context
C:\gh\azure-sdk-for-net\sdk\cognitiveservices\Language.LUIS.Authoring\tests\Luis\ModelIntentsTests.cs(39,17): error CS0103: The name 'Assert' does not exist in the current context
C:\gh\azure-sdk-for-net\sdk\cognitiveservices\Language.LUIS.Authoring\tests\Luis\ModelIntentsTests.cs(40,17): error CS0103: The name 'Assert' does not exist in the current context
C:\gh\azure-sdk-for-net\sdk\cognitiveservices\Language.LUIS.Authoring\tests\Luis\AppsTests.cs(56,17): error CS0103: The name 'Assert' does not exist in the current context
C:\gh\azure-sdk-for-net\sdk\cognitiveservices\Language.LUIS.Authoring\tests\Luis\AppsTests.cs(57,17): error CS0103: The name 'Assert' does not exist in the current context
C:\gh\azure-sdk-for-net\sdk\cognitiveservices\Language.LUIS.Authoring\tests\Luis\AppsTests.cs(58,17): error CS0103: The name 'Assert' does not exist in the current context
C:\gh\azure-sdk-for-net\sdk\cognitiveservices\Language.LUIS.Authoring\tests\Luis\AppsTests.cs(59,17): error CS0103: The name 'Assert' does not exist in the current context
C:\gh\azure-sdk-for-net\sdk\cognitiveservices\Language.LUIS.Authoring\tests\Luis\AppsTests.cs(60,17): error CS0103: The name 'Assert' does not exist in the current context
C:\gh\azure-sdk-for-net\sdk\cognitiveservices\Language.LUIS.Authoring\tests\Luis\AppsTests.cs(61,17): error CS0103: The name 'Assert' does not exist in the current context
C:\gh\azure-sdk-for-net\sdk\cognitiveservices\Language.LUIS.Authoring\tests\Luis\ModelClosedListsTests.cs(50,17): error CS0103: The name 'Assert' does not exist in the current context
C:\gh\azure-sdk-for-net\sdk\cognitiveservices\Language.LUIS.Authoring\tests\Luis\ModelClosedListsTests.cs(51,17): error CS0103: The name 'Assert' does not exist in the current context
C:\gh\azure-sdk-for-net\sdk\cognitiveservices\Language.LUIS.Authoring\tests\Luis\ModelEntitiesTests.cs(46,17): error CS0103: The name 'Assert' does not exist in the current context
C:\gh\azure-sdk-for-net\sdk\cognitiveservices\Language.LUIS.Authoring\tests\Luis\ModelEntitiesTests.cs(47,17): error CS0103: The name 'Assert' does not exist in the current context
C:\gh\azure-sdk-for-net\sdk\cognitiveservices\Language.LUIS.Authoring\tests\Luis\ModelEntitiesTests.cs(48,17): error CS0103: The name 'Assert' does not exist in the current context
C:\gh\azure-sdk-for-net\sdk\cognitiveservices\Language.LUIS.Authoring\tests\Luis\ModelIntentsTests.cs(57,17): error CS0103: The name 'Assert' does not exist in the current context
C:\gh\azure-sdk-for-net\sdk\cognitiveservices\Language.LUIS.Authoring\tests\Luis\ModelIntentsTests.cs(58,17): error CS0103: The name 'Assert' does not exist in the current context
C:\gh\azure-sdk-for-net\sdk\cognitiveservices\Language.LUIS.Authoring\tests\Luis\ExamplesTests.cs(91,17): error CS0103: The name 'Assert' does not exist in the current context
C:\gh\azure-sdk-for-net\sdk\cognitiveservices\Language.LUIS.Authoring\tests\Luis\FeaturesPhraseListsTests.cs(67,17): error CS0103: The name 'Assert' does not exist in the current context
C:\gh\azure-sdk-for-net\sdk\cognitiveservices\Language.LUIS.Authoring\tests\Luis\FeaturesPhraseListsTests.cs(68,17): error CS0103: The name 'Assert' does not exist in the current context
C:\gh\azure-sdk-for-net\sdk\cognitiveservices\Language.LUIS.Authoring\tests\Luis\FeaturesPhraseListsTests.cs(69,17): error CS0103: The name 'Assert' does not exist in the current context
C:\gh\azure-sdk-for-net\sdk\cognitiveservices\Language.LUIS.Authoring\tests\Luis\AppsTests.cs(84,17): error CS0103: The name 'Assert' does not exist in the current context
C:\gh\azure-sdk-for-net\sdk\cognitiveservices\Language.LUIS.Authoring\tests\Luis\AppsTests.cs(85,17): error CS0103: The name 'Assert' does not exist in the current context
C:\gh\azure-sdk-for-net\sdk\cognitiveservices\Language.LUIS.Authoring\tests\Luis\AppsTests.cs(86,17): error CS0103: The name 'Assert' does not exist in the current context
C:\gh\azure-sdk-for-net\sdk\cognitiveservices\Language.LUIS.Authoring\tests\Luis\AppsTests.cs(87,17): error CS0103: The name 'Assert' does not exist in the current context
C:\gh\azure-sdk-for-net\sdk\cognitiveservices\Language.LUIS.Authoring\tests\Luis\AppsTests.cs(88,17): error CS0103: The name 'Assert' does not exist in the current context
C:\gh\azure-sdk-for-net\sdk\cognitiveservices\Language.LUIS.Authoring\tests\Luis\ModelPatternAnyTests.cs(30,17): error CS0103: The name 'Assert' does not exist in the current context
C:\gh\azure-sdk-for-net\sdk\cognitiveservices\Language.LUIS.Authoring\tests\Luis\ModelPatternAnyTests.cs(31,17): error CS0103: The name 'Assert' does not exist in the current context
C:\gh\azure-sdk-for-net\sdk\cognitiveservices\Language.LUIS.Authoring\tests\Luis\ModelPatternAnyTests.cs(32,17): error CS0103: The name 'Assert' does not exist in the current context
C:\gh\azure-sdk-for-net\sdk\cognitiveservices\Language.LUIS.Authoring\tests\Luis\VersionsTests.cs(57,17): error CS0103: The name 'Assert' does not exist in the current context
C:\gh\azure-sdk-for-net\sdk\cognitiveservices\Language.LUIS.Authoring\tests\Luis\VersionsTests.cs(58,17): error CS0103: The name 'Assert' does not exist in the current context
C:\gh\azure-sdk-for-net\sdk\cognitiveservices\Language.LUIS.Authoring\tests\Luis\ModelEntitiesTests.cs(66,17): error CS0103: The name 'Assert' does not exist in the current context
C:\gh\azure-sdk-for-net\sdk\cognitiveservices\Language.LUIS.Authoring\tests\Luis\ModelEntitiesTests.cs(67,17): error CS0103: The name 'Assert' does not exist in the current context
C:\gh\azure-sdk-for-net\sdk\cognitiveservices\Language.LUIS.Authoring\tests\Luis\ModelEntitiesTests.cs(68,17): error CS0103: The name 'Assert' does not exist in the current context
C:\gh\azure-sdk-for-net\sdk\cognitiveservices\Language.LUIS.Authoring\tests\Luis\ImportExportTests.cs(70,23): error CS0103: The name 'JsonConvert' does not exist in the current context
C:\gh\azure-sdk-for-net\sdk\cognitiveservices\Language.LUIS.Authoring\tests\Luis\ImportExportTests.cs(87,17): error CS0103: The name 'Assert' does not exist in the current context
C:\gh\azure-sdk-for-net\sdk\cognitiveservices\Language.LUIS.Authoring\tests\Luis\ModelIntentsTests.cs(82,17): error CS0103: The name 'Assert' does not exist in the current context
C:\gh\azure-sdk-for-net\sdk\cognitiveservices\Language.LUIS.Authoring\tests\Luis\ModelIntentsTests.cs(83,17): error CS0103: The name 'Assert' does not exist in the current context
C:\gh\azure-sdk-for-net\sdk\cognitiveservices\Language.LUIS.Authoring\tests\Luis\ModelIntentsTests.cs(84,17): error CS0103: The name 'Assert' does not exist in the current context
C:\gh\azure-sdk-for-net\sdk\cognitiveservices\Language.LUIS.Authoring\tests\Luis\AppsTests.cs(118,17): error CS0103: The name 'Assert' does not exist in the current context
C:\gh\azure-sdk-for-net\sdk\cognitiveservices\Language.LUIS.Authoring\tests\Luis\AppsTests.cs(119,17): error CS0103: The name 'Assert' does not exist in the current context
C:\gh\azure-sdk-for-net\sdk\cognitiveservices\Language.LUIS.Authoring\tests\Luis\ModelEntitiesTests.cs(86,17): error CS0103: The name 'Assert' does not exist in the current context
C:\gh\azure-sdk-for-net\sdk\cognitiveservices\Language.LUIS.Authoring\tests\Luis\FeaturesPhraseListsTests.cs(95,17): error CS0103: The name 'Assert' does not exist in the current context
C:\gh\azure-sdk-for-net\sdk\cognitiveservices\Language.LUIS.Authoring\tests\Luis\FeaturesPhraseListsTests.cs(96,17): error CS0103: The name 'Assert' does not exist in the current context
C:\gh\azure-sdk-for-net\sdk\cognitiveservices\Language.LUIS.Authoring\tests\Luis\FeaturesPhraseListsTests.cs(97,17): error CS0103: The name 'Assert' does not exist in the current context
C:\gh\azure-sdk-for-net\sdk\cognitiveservices\Language.LUIS.Authoring\tests\Luis\ModelClosedListsTests.cs(79,17): error CS0103: The name 'Assert' does not exist in the current context
C:\gh\azure-sdk-for-net\sdk\cognitiveservices\Language.LUIS.Authoring\tests\Luis\ModelClosedListsTests.cs(80,17): error CS0103: The name 'Assert' does not exist in the current context
C:\gh\azure-sdk-for-net\sdk\cognitiveservices\Language.LUIS.Authoring\tests\Luis\ModelClosedListsTests.cs(81,17): error CS0103: The name 'Assert' does not exist in the current context
C:\gh\azure-sdk-for-net\sdk\cognitiveservices\Language.LUIS.Authoring\tests\Luis\ImportExportTests.cs(96,23): error CS0103: The name 'JsonConvert' does not exist in the current context
C:\gh\azure-sdk-for-net\sdk\cognitiveservices\Language.LUIS.Authoring\tests\Luis\ImportExportTests.cs(114,17): error CS0103: The name 'Assert' does not exist in the current context
C:\gh\azure-sdk-for-net\sdk\cognitiveservices\Language.LUIS.Authoring\tests\Luis\ImportExportTests.cs(115,17): error CS0103: The name 'Assert' does not exist in the current context
C:\gh\azure-sdk-for-net\sdk\cognitiveservices\Language.LUIS.Authoring\tests\Luis\ExamplesTests.cs(164,17): error CS0103: The name 'Assert' does not exist in the current context
C:\gh\azure-sdk-for-net\sdk\cognitiveservices\Language.LUIS.Authoring\tests\Luis\ExamplesTests.cs(168,17): error CS0103: The name 'Assert' does not exist in the current context
C:\gh\azure-sdk-for-net\sdk\cognitiveservices\Language.LUIS.Authoring\tests\Luis\AppsTests.cs(145,17): error CS0103: The name 'Assert' does not exist in the current context
C:\gh\azure-sdk-for-net\sdk\cognitiveservices\Language.LUIS.Authoring\tests\Luis\ModelClosedListsTests.cs(95,17): error CS0103: The name 'Assert' does not exist in the current context
C:\gh\azure-sdk-for-net\sdk\cognitiveservices\Language.LUIS.Authoring\tests\Luis\ModelIntentsTests.cs(102,17): error CS0103: The name 'Assert' does not exist in the current context
C:\gh\azure-sdk-for-net\sdk\cognitiveservices\Language.LUIS.Authoring\tests\Luis\ModelIntentsTests.cs(103,17): error CS0103: The name 'Assert' does not exist in the current context
C:\gh\azure-sdk-for-net\sdk\cognitiveservices\Language.LUIS.Authoring\tests\Luis\EntityRolesTests.cs(48,17): error CS0103: The name 'Assert' does not exist in the current context
C:\gh\azure-sdk-for-net\sdk\cognitiveservices\Language.LUIS.Authoring\tests\Luis\ModelPatternAnyTests.cs(51,17): error CS0103: The name 'Assert' does not exist in the current context
C:\gh\azure-sdk-for-net\sdk\cognitiveservices\Language.LUIS.Authoring\tests\Luis\ModelPatternAnyTests.cs(52,17): error CS0103: The name 'Assert' does not exist in the current context
C:\gh\azure-sdk-for-net\sdk\cognitiveservices\Language.LUIS.Authoring\tests\Luis\ModelPatternAnyTests.cs(53,17): error CS0103: The name 'Assert' does not exist in the current context
C:\gh\azure-sdk-for-net\sdk\cognitiveservices\Language.LUIS.Authoring\tests\Luis\ModelPatternAnyTests.cs(54,17): error CS0103: The name 'Assert' does not exist in the current context
C:\gh\azure-sdk-for-net\sdk\cognitiveservices\Language.LUIS.Authoring\tests\Luis\VersionsTests.cs(83,17): error CS0103: The name 'Assert' does not exist in the current context
C:\gh\azure-sdk-for-net\sdk\cognitiveservices\Language.LUIS.Authoring\tests\Luis\VersionsTests.cs(89,17): error CS0103: The name 'Assert' does not exist in the current context
C:\gh\azure-sdk-for-net\sdk\cognitiveservices\Language.LUIS.Authoring\tests\Luis\FeaturesPhraseListsTests.cs(121,17): error CS0103: The name 'Assert' does not exist in the current context
C:\gh\azure-sdk-for-net\sdk\cognitiveservices\Language.LUIS.Authoring\tests\Luis\ModelEntitiesTests.cs(105,17): error CS0103: The name 'Assert' does not exist in the current context
C:\gh\azure-sdk-for-net\sdk\cognitiveservices\Language.LUIS.Authoring\tests\Luis\ImportExportTests.cs(140,17): error CS0103: The name 'Assert' does not exist in the current context
C:\gh\azure-sdk-for-net\sdk\cognitiveservices\Language.LUIS.Authoring\tests\Luis\ModelprebuiltsTests.cs(19,17): error CS0103: The name 'Assert' does not exist in the current context
C:\gh\azure-sdk-for-net\sdk\cognitiveservices\Language.LUIS.Authoring\tests\Luis\ModelPatternAnyTests.cs(73,17): error CS0103: The name 'Assert' does not exist in the current context
C:\gh\azure-sdk-for-net\sdk\cognitiveservices\Language.LUIS.Authoring\tests\Luis\ModelPatternAnyTests.cs(74,17): error CS0103: The name 'Assert' does not exist in the current context
C:\gh\azure-sdk-for-net\sdk\cognitiveservices\Language.LUIS.Authoring\tests\Luis\ModelPatternAnyTests.cs(75,17): error CS0103: The name 'Assert' does not exist in the current context
C:\gh\azure-sdk-for-net\sdk\cognitiveservices\Language.LUIS.Authoring\tests\Luis\ModelPatternAnyTests.cs(76,17): error CS0103: The name 'Assert' does not exist in the current context
C:\gh\azure-sdk-for-net\sdk\cognitiveservices\Language.LUIS.Authoring\tests\Luis\FeaturesPhraseListsTests.cs(144,17): error CS0103: The name 'Assert' does not exist in the current context
C:\gh\azure-sdk-for-net\sdk\cognitiveservices\Language.LUIS.Authoring\tests\Luis\ImportExportTests.cs(149,23): error CS0103: The name 'JsonConvert' does not exist in the current context
C:\gh\azure-sdk-for-net\sdk\cognitiveservices\Language.LUIS.Authoring\tests\Luis\ImportExportTests.cs(158,17): error CS0103: The name 'Assert' does not exist in the current context
C:\gh\azure-sdk-for-net\sdk\cognitiveservices\Language.LUIS.Authoring\tests\Luis\EntityRolesTests.cs(72,17): error CS0103: The name 'Assert' does not exist in the current context
C:\gh\azure-sdk-for-net\sdk\cognitiveservices\Language.LUIS.Authoring\tests\Luis\VersionsTests.cs(105,17): error CS0103: The name 'Assert' does not exist in the current context
C:\gh\azure-sdk-for-net\sdk\cognitiveservices\Language.LUIS.Authoring\tests\Luis\VersionsTests.cs(111,17): error CS0103: The name 'Assert' does not exist in the current context
C:\gh\azure-sdk-for-net\sdk\cognitiveservices\Language.LUIS.Authoring\tests\Luis\ModelprebuiltsTests.cs(37,17): error CS0103: The name 'Assert' does not exist in the current context
C:\gh\azure-sdk-for-net\sdk\cognitiveservices\Language.LUIS.Authoring\tests\Luis\ModelprebuiltsTests.cs(38,17): error CS0103: The name 'Assert' does not exist in the current context
C:\gh\azure-sdk-for-net\sdk\cognitiveservices\Language.LUIS.Authoring\tests\Luis\AppsTests.cs(166,17): error CS0103: The name 'Assert' does not exist in the current context
C:\gh\azure-sdk-for-net\sdk\cognitiveservices\Language.LUIS.Authoring\tests\Luis\AppsTests.cs(167,17): error CS0103: The name 'Assert' does not exist in the current context
C:\gh\azure-sdk-for-net\sdk\cognitiveservices\Language.LUIS.Authoring\tests\Luis\AppsTests.cs(168,17): error CS0103: The name 'Assert' does not exist in the current context
C:\gh\azure-sdk-for-net\sdk\cognitiveservices\Language.LUIS.Authoring\tests\Luis\AppsTests.cs(169,17): error CS0103: The name 'Assert' does not exist in the current context
C:\gh\azure-sdk-for-net\sdk\cognitiveservices\Language.LUIS.Authoring\tests\Luis\ModelPrebuiltDomainTests.cs(39,21): error CS0103: The name 'Assert' does not exist in the current context
C:\gh\azure-sdk-for-net\sdk\cognitiveservices\Language.LUIS.Authoring\tests\Luis\ModelRegexEntitiesTests.cs(22,17): error CS0103: The name 'Assert' does not exist in the current context
C:\gh\azure-sdk-for-net\sdk\cognitiveservices\Language.LUIS.Authoring\tests\Luis\ImportExportTests.cs(167,23): error CS0103: The name 'JsonConvert' does not exist in the current context
C:\gh\azure-sdk-for-net\sdk\cognitiveservices\Language.LUIS.Authoring\tests\Luis\ImportExportTests.cs(175,17): error CS0103: The name 'Assert' does not exist in the current context
C:\gh\azure-sdk-for-net\sdk\cognitiveservices\Language.LUIS.Authoring\tests\Luis\ModelPatternAnyTests.cs(101,17): error CS0103: The name 'Assert' does not exist in the current context
C:\gh\azure-sdk-for-net\sdk\cognitiveservices\Language.LUIS.Authoring\tests\Luis\ModelPatternAnyTests.cs(102,17): error CS0103: The name 'Assert' does not exist in the current context
C:\gh\azure-sdk-for-net\sdk\cognitiveservices\Language.LUIS.Authoring\tests\Luis\ModelPatternAnyTests.cs(103,17): error CS0103: The name 'Assert' does not exist in the current context
C:\gh\azure-sdk-for-net\sdk\cognitiveservices\Language.LUIS.Authoring\tests\Luis\ModelPatternAnyTests.cs(104,17): error CS0103: The name 'Assert' does not exist in the current context
C:\gh\azure-sdk-for-net\sdk\cognitiveservices\Language.LUIS.Authoring\tests\Luis\ExamplesTests.cs(231,17): error CS0103: The name 'Assert' does not exist in the current context
C:\gh\azure-sdk-for-net\sdk\cognitiveservices\Language.LUIS.Authoring\tests\Luis\ExamplesTests.cs(232,17): error CS0103: The name 'Assert' does not exist in the current context
C:\gh\azure-sdk-for-net\sdk\cognitiveservices\Language.LUIS.Authoring\tests\Luis\ExamplesTests.cs(233,17): error CS0103: The name 'Assert' does not exist in the current context
C:\gh\azure-sdk-for-net\sdk\cognitiveservices\Language.LUIS.Authoring\tests\Luis\ModelRegexEntitiesTests.cs(34,17): error CS0103: The name 'Assert' does not exist in the current context
C:\gh\azure-sdk-for-net\sdk\cognitiveservices\Language.LUIS.Authoring\tests\Luis\VersionsTests.cs(127,39): error CS0103: The name 'Assert' does not exist in the current context
C:\gh\azure-sdk-for-net\sdk\cognitiveservices\Language.LUIS.Authoring\tests\Luis\VersionsTests.cs(130,17): error CS0103: The name 'Assert' does not exist in the current context
C:\gh\azure-sdk-for-net\sdk\cognitiveservices\Language.LUIS.Authoring\tests\Luis\EntityRolesTests.cs(93,17): error CS0103: The name 'Assert' does not exist in the current context
C:\gh\azure-sdk-for-net\sdk\cognitiveservices\Language.LUIS.Authoring\tests\Luis\AppsTests.cs(187,17): error CS0103: The name 'Assert' does not exist in the current context
C:\gh\azure-sdk-for-net\sdk\cognitiveservices\Language.LUIS.Authoring\tests\Luis\AppsTests.cs(188,17): error CS0103: The name 'Assert' does not exist in the current context
C:\gh\azure-sdk-for-net\sdk\cognitiveservices\Language.LUIS.Authoring\tests\Luis\AppsTests.cs(189,17): error CS0103: The name 'Assert' does not exist in the current context
C:\gh\azure-sdk-for-net\sdk\cognitiveservices\Language.LUIS.Authoring\tests\Luis\ImportExportTests.cs(190,17): error CS0103: The name 'Assert' does not exist in the current context
C:\gh\azure-sdk-for-net\sdk\cognitiveservices\Language.LUIS.Authoring\tests\Luis\ModelprebuiltsTests.cs(59,17): error CS0103: The name 'Assert' does not exist in the current context
C:\gh\azure-sdk-for-net\sdk\cognitiveservices\Language.LUIS.Authoring\tests\Luis\ModelPatternAnyTests.cs(125,17): error CS0103: The name 'Assert' does not exist in the current context
C:\gh\azure-sdk-for-net\sdk\cognitiveservices\Language.LUIS.Authoring\tests\Luis\ModelRegexEntitiesTests.cs(48,17): error CS0103: The name 'Assert' does not exist in the current context
C:\gh\azure-sdk-for-net\sdk\cognitiveservices\Language.LUIS.Authoring\tests\Luis\ModelRegexEntitiesTests.cs(49,17): error CS0103: The name 'Assert' does not exist in the current context
C:\gh\azure-sdk-for-net\sdk\cognitiveservices\Language.LUIS.Authoring\tests\Luis\VersionsTests.cs(140,39): error CS0103: The name 'Assert' does not exist in the current context
C:\gh\azure-sdk-for-net\sdk\cognitiveservices\Language.LUIS.Authoring\tests\Luis\VersionsTests.cs(143,17): error CS0103: The name 'Assert' does not exist in the current context
C:\gh\azure-sdk-for-net\sdk\cognitiveservices\Language.LUIS.Authoring\tests\Luis\ModelClosedListsTests.cs(126,17): error CS0103: The name 'Assert' does not exist in the current context
C:\gh\azure-sdk-for-net\sdk\cognitiveservices\Language.LUIS.Authoring\tests\Luis\ModelClosedListsTests.cs(127,17): error CS0103: The name 'Assert' does not exist in the current context
C:\gh\azure-sdk-for-net\sdk\cognitiveservices\Language.LUIS.Authoring\tests\Luis\ModelClosedListsTests.cs(128,17): error CS0103: The name 'Assert' does not exist in the current context
C:\gh\azure-sdk-for-net\sdk\cognitiveservices\Language.LUIS.Authoring\tests\Luis\AppsTests.cs(212,17): error CS0103: The name 'Assert' does not exist in the current context
C:\gh\azure-sdk-for-net\sdk\cognitiveservices\Language.LUIS.Authoring\tests\Luis\ImportExportTests.cs(198,23): error CS0103: The name 'JsonConvert' does not exist in the current context
C:\gh\azure-sdk-for-net\sdk\cognitiveservices\Language.LUIS.Authoring\tests\Luis\ImportExportTests.cs(206,17): error CS0103: The name 'Assert' does not exist in the current context
C:\gh\azure-sdk-for-net\sdk\cognitiveservices\Language.LUIS.Authoring\tests\Luis\ModelPrebuiltDomainTests.cs(67,17): error CS0103: The name 'Assert' does not exist in the current context
C:\gh\azure-sdk-for-net\sdk\cognitiveservices\Language.LUIS.Authoring\tests\Luis\ModelPrebuiltDomainTests.cs(75,17): error CS0103: The name 'Assert' does not exist in the current context
C:\gh\azure-sdk-for-net\sdk\cognitiveservices\Language.LUIS.Authoring\tests\Luis\EntityRolesTests.cs(114,17): error CS0103: The name 'Assert' does not exist in the current context
C:\gh\azure-sdk-for-net\sdk\cognitiveservices\Language.LUIS.Authoring\tests\Luis\ModelprebuiltsTests.cs(77,17): error CS0103: The name 'Assert' does not exist in the current context
C:\gh\azure-sdk-for-net\sdk\cognitiveservices\Language.LUIS.Authoring\tests\Luis\ModelRegexEntitiesTests.cs(70,17): error CS0103: The name 'Assert' does not exist in the current context
C:\gh\azure-sdk-for-net\sdk\cognitiveservices\Language.LUIS.Authoring\tests\Luis\ModelRegexEntitiesTests.cs(71,17): error CS0103: The name 'Assert' does not exist in the current context
C:\gh\azure-sdk-for-net\sdk\cognitiveservices\Language.LUIS.Authoring\tests\Luis\VersionsTests.cs(155,38): error CS0103: The name 'Assert' does not exist in the current context
C:\gh\azure-sdk-for-net\sdk\cognitiveservices\Language.LUIS.Authoring\tests\Luis\VersionsTests.cs(158,17): error CS0103: The name 'Assert' does not exist in the current context
C:\gh\azure-sdk-for-net\sdk\cognitiveservices\Language.LUIS.Authoring\tests\Luis\AppsTests.cs(236,17): error CS0103: The name 'Assert' does not exist in the current context
C:\gh\azure-sdk-for-net\sdk\cognitiveservices\Language.LUIS.Authoring\tests\Luis\AppsTests.cs(237,17): error CS0103: The name 'Assert' does not exist in the current context
C:\gh\azure-sdk-for-net\sdk\cognitiveservices\Language.LUIS.Authoring\tests\Luis\ModelPatternAnyTests.cs(142,17): error CS0103: The name 'Assert' does not exist in the current context
C:\gh\azure-sdk-for-net\sdk\cognitiveservices\Language.LUIS.Authoring\tests\Luis\ModelPatternAnyTests.cs(143,17): error CS0103: The name 'Assert' does not exist in the current context
C:\gh\azure-sdk-for-net\sdk\cognitiveservices\Language.LUIS.Authoring\tests\Luis\ModelPatternAnyTests.cs(144,17): error CS0103: The name 'Assert' does not exist in the current context
C:\gh\azure-sdk-for-net\sdk\cognitiveservices\Language.LUIS.Authoring\tests\Luis\ModelTests.cs(24,21): error CS0103: The name 'Assert' does not exist in the current context
C:\gh\azure-sdk-for-net\sdk\cognitiveservices\Language.LUIS.Authoring\tests\Luis\FeaturesTests.cs(195,17): error CS0103: The name 'Assert' does not exist in the current context
C:\gh\azure-sdk-for-net\sdk\cognitiveservices\Language.LUIS.Authoring\tests\Luis\ModelRegexEntitiesTests.cs(85,17): error CS0103: The name 'Assert' does not exist in the current context
C:\gh\azure-sdk-for-net\sdk\cognitiveservices\Language.LUIS.Authoring\tests\Luis\ModelprebuiltsTests.cs(95,17): error CS0103: The name 'Assert' does not exist in the current context
C:\gh\azure-sdk-for-net\sdk\cognitiveservices\Language.LUIS.Authoring\tests\Luis\EntityRolesTests.cs(136,17): error CS0103: The name 'Assert' does not exist in the current context
C:\gh\azure-sdk-for-net\sdk\cognitiveservices\Language.LUIS.Authoring\tests\Luis\AppsTests.cs(266,17): error CS0103: The name 'Assert' does not exist in the current context
C:\gh\azure-sdk-for-net\sdk\cognitiveservices\Language.LUIS.Authoring\tests\Luis\ExamplesTests.cs(296,17): error CS0103: The name 'Assert' does not exist in the current context
C:\gh\azure-sdk-for-net\sdk\cognitiveservices\Language.LUIS.Authoring\tests\Luis\ExamplesTests.cs(297,17): error CS0103: The name 'Assert' does not exist in the current context
C:\gh\azure-sdk-for-net\sdk\cognitiveservices\Language.LUIS.Authoring\tests\Luis\ExamplesTests.cs(298,17): error CS0103: The name 'Assert' does not exist in the current context
C:\gh\azure-sdk-for-net\sdk\cognitiveservices\Language.LUIS.Authoring\tests\Luis\VersionsTests.cs(175,38): error CS0103: The name 'Assert' does not exist in the current context
C:\gh\azure-sdk-for-net\sdk\cognitiveservices\Language.LUIS.Authoring\tests\Luis\VersionsTests.cs(178,17): error CS0103: The name 'Assert' does not exist in the current context
C:\gh\azure-sdk-for-net\sdk\cognitiveservices\Language.LUIS.Authoring\tests\Luis\ModelClosedListsTests.cs(148,17): error CS0103: The name 'Assert' does not exist in the current context
C:\gh\azure-sdk-for-net\sdk\cognitiveservices\Language.LUIS.Authoring\tests\Luis\ModelClosedListsTests.cs(149,17): error CS0103: The name 'Assert' does not exist in the current context
C:\gh\azure-sdk-for-net\sdk\cognitiveservices\Language.LUIS.Authoring\tests\Luis\ModelPrebuiltDomainTests.cs(104,17): error CS0103: The name 'Assert' does not exist in the current context
C:\gh\azure-sdk-for-net\sdk\cognitiveservices\Language.LUIS.Authoring\tests\Luis\ModelPatternAnyTests.cs(168,17): error CS0103: The name 'Assert' does not exist in the current context
C:\gh\azure-sdk-for-net\sdk\cognitiveservices\Language.LUIS.Authoring\tests\Luis\ModelPatternAnyTests.cs(169,17): error CS0103: The name 'Assert' does not exist in the current context
C:\gh\azure-sdk-for-net\sdk\cognitiveservices\Language.LUIS.Authoring\tests\Luis\EntityRolesTests.cs(156,17): error CS0103: The name 'Assert' does not exist in the current context
C:\gh\azure-sdk-for-net\sdk\cognitiveservices\Language.LUIS.Authoring\tests\Luis\AppsTests.cs(290,17): error CS0103: The name 'Assert' does not exist in the current context
C:\gh\azure-sdk-for-net\sdk\cognitiveservices\Language.LUIS.Authoring\tests\Luis\AppsTests.cs(291,17): error CS0103: The name 'Assert' does not exist in the current context
C:\gh\azure-sdk-for-net\sdk\cognitiveservices\Language.LUIS.Authoring\tests\Luis\AppsTests.cs(292,17): error CS0103: The name 'Assert' does not exist in the current context
C:\gh\azure-sdk-for-net\sdk\cognitiveservices\Language.LUIS.Authoring\tests\Luis\AppsTests.cs(293,17): error CS0103: The name 'Assert' does not exist in the current context
C:\gh\azure-sdk-for-net\sdk\cognitiveservices\Language.LUIS.Authoring\tests\Luis\PatternsTests.cs(32,17): error CS0103: The name 'Assert' does not exist in the current context
C:\gh\azure-sdk-for-net\sdk\cognitiveservices\Language.LUIS.Authoring\tests\Luis\PatternsTests.cs(33,17): error CS0103: The name 'Assert' does not exist in the current context
C:\gh\azure-sdk-for-net\sdk\cognitiveservices\Language.LUIS.Authoring\tests\Luis\PatternsTests.cs(34,17): error CS0103: The name 'Assert' does not exist in the current context
C:\gh\azure-sdk-for-net\sdk\cognitiveservices\Language.LUIS.Authoring\tests\Luis\PatternsTests.cs(35,17): error CS0103: The name 'Assert' does not exist in the current context
C:\gh\azure-sdk-for-net\sdk\cognitiveservices\Language.LUIS.Authoring\tests\Luis\PatternsTests.cs(36,17): error CS0103: The name 'Assert' does not exist in the current context
C:\gh\azure-sdk-for-net\sdk\cognitiveservices\Language.LUIS.Authoring\tests\Luis\ExamplesTests.cs(331,17): error CS0103: The name 'Assert' does not exist in the current context
C:\gh\azure-sdk-for-net\sdk\cognitiveservices\Language.LUIS.Authoring\tests\Luis\TrainTests.cs(33,29): error CS0103: The name 'Assert' does not exist in the current context
C:\gh\azure-sdk-for-net\sdk\cognitiveservices\Language.LUIS.Authoring\tests\Luis\TrainTests.cs(38,29): error CS0103: The name 'Assert' does not exist in the current context
C:\gh\azure-sdk-for-net\sdk\cognitiveservices\Language.LUIS.Authoring\tests\Luis\ModelPatternAnyTests.cs(193,17): error CS0103: The name 'Assert' does not exist in the current context
C:\gh\azure-sdk-for-net\sdk\cognitiveservices\Language.LUIS.Authoring\tests\Luis\ModelPatternAnyTests.cs(194,17): error CS0103: The name 'Assert' does not exist in the current context
C:\gh\azure-sdk-for-net\sdk\cognitiveservices\Language.LUIS.Authoring\tests\Luis\ModelClosedListsTests.cs(166,17): error CS0103: The name 'Assert' does not exist in the current context
C:\gh\azure-sdk-for-net\sdk\cognitiveservices\Language.LUIS.Authoring\tests\Luis\ModelClosedListsTests.cs(167,17): error CS0103: The name 'Assert' does not exist in the current context
C:\gh\azure-sdk-for-net\sdk\cognitiveservices\Language.LUIS.Authoring\tests\Luis\ModelPrebuiltDomainTests.cs(125,17): error CS0103: The name 'Assert' does not exist in the current context
C:\gh\azure-sdk-for-net\sdk\cognitiveservices\Language.LUIS.Authoring\tests\Luis\EntityRolesTests.cs(173,17): error CS0103: The name 'Assert' does not exist in the current context
C:\gh\azure-sdk-for-net\sdk\cognitiveservices\Language.LUIS.Authoring\tests\Luis\AppsTests.cs(324,17): error CS0103: The name 'Assert' does not exist in the current context
C:\gh\azure-sdk-for-net\sdk\cognitiveservices\Language.LUIS.Authoring\tests\Luis\AppsTests.cs(325,17): error CS0103: The name 'Assert' does not exist in the current context
C:\gh\azure-sdk-for-net\sdk\cognitiveservices\Language.LUIS.Authoring\tests\Luis\AppsTests.cs(326,17): error CS0103: The name 'Assert' does not exist in the current context
C:\gh\azure-sdk-for-net\sdk\cognitiveservices\Language.LUIS.Authoring\tests\Luis\VersionsTests.cs(191,38): error CS0103: The name 'Assert' does not exist in the current context
C:\gh\azure-sdk-for-net\sdk\cognitiveservices\Language.LUIS.Authoring\tests\Luis\VersionsTests.cs(194,17): error CS0103: The name 'Assert' does not exist in the current context
C:\gh\azure-sdk-for-net\sdk\cognitiveservices\Language.LUIS.Authoring\tests\Luis\AppsTests.cs(341,21): error CS0103: The name 'Assert' does not exist in the current context
C:\gh\azure-sdk-for-net\sdk\cognitiveservices\Language.LUIS.Authoring\tests\Luis\PatternsTests.cs(65,17): error CS0103: The name 'Assert' does not exist in the current context
C:\gh\azure-sdk-for-net\sdk\cognitiveservices\Language.LUIS.Authoring\tests\Luis\PatternsTests.cs(68,21): error CS0103: The name 'Assert' does not exist in the current context
C:\gh\azure-sdk-for-net\sdk\cognitiveservices\Language.LUIS.Authoring\tests\Luis\PatternsTests.cs(69,21): error CS0103: The name 'Assert' does not exist in the current context
C:\gh\azure-sdk-for-net\sdk\cognitiveservices\Language.LUIS.Authoring\tests\Luis\PatternsTests.cs(70,21): error CS0103: The name 'Assert' does not exist in the current context
C:\gh\azure-sdk-for-net\sdk\cognitiveservices\Language.LUIS.Authoring\tests\Luis\ModelPatternAnyTests.cs(223,17): error CS0103: The name 'Assert' does not exist in the current context
C:\gh\azure-sdk-for-net\sdk\cognitiveservices\Language.LUIS.Authoring\tests\Luis\ModelPatternAnyTests.cs(224,17): error CS0103: The name 'Assert' does not exist in the current context
C:\gh\azure-sdk-for-net\sdk\cognitiveservices\Language.LUIS.Authoring\tests\Luis\TrainTests.cs(66,17): error CS0103: The name 'Assert' does not exist in the current context
C:\gh\azure-sdk-for-net\sdk\cognitiveservices\Language.LUIS.Authoring\tests\Luis\AppsTests.cs(355,21): error CS0103: The name 'Assert' does not exist in the current context
C:\gh\azure-sdk-for-net\sdk\cognitiveservices\Language.LUIS.Authoring\tests\Luis\FeaturesTests.cs(288,17): error CS0103: The name 'Assert' does not exist in the current context
C:\gh\azure-sdk-for-net\sdk\cognitiveservices\Language.LUIS.Authoring\tests\Luis\VersionsTests.cs(211,17): error CS0103: The name 'Assert' does not exist in the current context
C:\gh\azure-sdk-for-net\sdk\cognitiveservices\Language.LUIS.Authoring\tests\Luis\VersionsTests.cs(213,38): error CS0103: The name 'Assert' does not exist in the current context
C:\gh\azure-sdk-for-net\sdk\cognitiveservices\Language.LUIS.Authoring\tests\Luis\VersionsTests.cs(216,17): error CS0103: The name 'Assert' does not exist in the current context
C:\gh\azure-sdk-for-net\sdk\cognitiveservices\Language.LUIS.Authoring\tests\Luis\ModelPrebuiltDomainTests.cs(154,17): error CS0103: The name 'Assert' does not exist in the current context
C:\gh\azure-sdk-for-net\sdk\cognitiveservices\Language.LUIS.Authoring\tests\Luis\AppsTests.cs(368,21): error CS0103: The name 'Assert' does not exist in the current context
C:\gh\azure-sdk-for-net\sdk\cognitiveservices\Language.LUIS.Authoring\tests\Luis\EntityRolesTests.cs(197,17): error CS0103: The name 'Assert' does not exist in the current context
C:\gh\azure-sdk-for-net\sdk\cognitiveservices\Language.LUIS.Authoring\tests\Luis\ModelPatternAnyTests.cs(249,17): error CS0103: The name 'Assert' does not exist in the current context
C:\gh\azure-sdk-for-net\sdk\cognitiveservices\Language.LUIS.Authoring\tests\Luis\ModelPatternAnyTests.cs(250,17): error CS0103: The name 'Assert' does not exist in the current context
C:\gh\azure-sdk-for-net\sdk\cognitiveservices\Language.LUIS.Authoring\tests\Luis\AppsTests.cs(381,21): error CS0103: The name 'Assert' does not exist in the current context
C:\gh\azure-sdk-for-net\sdk\cognitiveservices\Language.LUIS.Authoring\tests\Luis\AppsTests.cs(382,21): error CS0103: The name 'Assert' does not exist in the current context
C:\gh\azure-sdk-for-net\sdk\cognitiveservices\Language.LUIS.Authoring\tests\Luis\AppsTests.cs(383,21): error CS0103: The name 'Assert' does not exist in the current context
C:\gh\azure-sdk-for-net\sdk\cognitiveservices\Language.LUIS.Authoring\tests\Luis\AppsTests.cs(384,21): error CS0103: The name 'Assert' does not exist in the current context
C:\gh\azure-sdk-for-net\sdk\cognitiveservices\Language.LUIS.Authoring\tests\Luis\PatternsTests.cs(97,17): error CS0103: The name 'Assert' does not exist in the current context
C:\gh\azure-sdk-for-net\sdk\cognitiveservices\Language.LUIS.Authoring\tests\Luis\PatternsTests.cs(98,17): error CS0103: The name 'Assert' does not exist in the current context
C:\gh\azure-sdk-for-net\sdk\cognitiveservices\Language.LUIS.Authoring\tests\Luis\PatternsTests.cs(99,17): error CS0103: The name 'Assert' does not exist in the current context
C:\gh\azure-sdk-for-net\sdk\cognitiveservices\Language.LUIS.Authoring\tests\Luis\PatternsTests.cs(100,17): error CS0103: The name 'Assert' does not exist in the current context
C:\gh\azure-sdk-for-net\sdk\cognitiveservices\Language.LUIS.Authoring\tests\Luis\PatternsTests.cs(101,17): error CS0103: The name 'Assert' does not exist in the current context
C:\gh\azure-sdk-for-net\sdk\cognitiveservices\Language.LUIS.Authoring\tests\Luis\PatternsTests.cs(102,17): error CS0103: The name 'Assert' does not exist in the current context
C:\gh\azure-sdk-for-net\sdk\cognitiveservices\Language.LUIS.Authoring\tests\Luis\EntityRolesTests.cs(218,17): error CS0103: The name 'Assert' does not exist in the current context
C:\gh\azure-sdk-for-net\sdk\cognitiveservices\Language.LUIS.Authoring\tests\Luis\ModelClosedListsTests.cs(188,17): error CS0103: The name 'Assert' does not exist in the current context
C:\gh\azure-sdk-for-net\sdk\cognitiveservices\Language.LUIS.Authoring\tests\Luis\ModelClosedListsTests.cs(189,17): error CS0103: The name 'Assert' does not exist in the current context
C:\gh\azure-sdk-for-net\sdk\cognitiveservices\Language.LUIS.Authoring\tests\Luis\ModelClosedListsTests.cs(190,17): error CS0103: The name 'Assert' does not exist in the current context
C:\gh\azure-sdk-for-net\sdk\cognitiveservices\Language.LUIS.Authoring\tests\Luis\ModelPrebuiltDomainTests.cs(175,17): error CS0103: The name 'Assert' does not exist in the current context
C:\gh\azure-sdk-for-net\sdk\cognitiveservices\Language.LUIS.Authoring\tests\Luis\AppsTests.cs(399,21): error CS0103: The name 'Assert' does not exist in the current context
C:\gh\azure-sdk-for-net\sdk\cognitiveservices\Language.LUIS.Authoring\tests\Luis\AppsTests.cs(403,21): error CS0103: The name 'Assert' does not exist in the current context
C:\gh\azure-sdk-for-net\sdk\cognitiveservices\Language.LUIS.Authoring\tests\Luis\ModelTests.cs(157,17): error CS0103: The name 'Assert' does not exist in the current context
C:\gh\azure-sdk-for-net\sdk\cognitiveservices\Language.LUIS.Authoring\tests\Luis\ModelTests.cs(158,17): error CS0103: The name 'Assert' does not exist in the current context
C:\gh\azure-sdk-for-net\sdk\cognitiveservices\Language.LUIS.Authoring\tests\Luis\EntityRolesTests.cs(239,17): error CS0103: The name 'Assert' does not exist in the current context
C:\gh\azure-sdk-for-net\sdk\cognitiveservices\Language.LUIS.Authoring\tests\Luis\AppsTests.cs(425,17): error CS0103: The name 'Assert' does not exist in the current context
C:\gh\azure-sdk-for-net\sdk\cognitiveservices\Language.LUIS.Authoring\tests\Luis\EntityRolesTests.cs(261,17): error CS0103: The name 'Assert' does not exist in the current context
C:\gh\azure-sdk-for-net\sdk\cognitiveservices\Language.LUIS.Authoring\tests\Luis\PatternsTests.cs(129,17): error CS0103: The name 'Assert' does not exist in the current context
C:\gh\azure-sdk-for-net\sdk\cognitiveservices\Language.LUIS.Authoring\tests\Luis\PatternsTests.cs(130,17): error CS0103: The name 'Assert' does not exist in the current context
C:\gh\azure-sdk-for-net\sdk\cognitiveservices\Language.LUIS.Authoring\tests\Luis\PatternsTests.cs(131,17): error CS0103: The name 'Assert' does not exist in the current context
C:\gh\azure-sdk-for-net\sdk\cognitiveservices\Language.LUIS.Authoring\tests\Luis\PatternsTests.cs(132,17): error CS0103: The name 'Assert' does not exist in the current context
C:\gh\azure-sdk-for-net\sdk\cognitiveservices\Language.LUIS.Authoring\tests\Luis\PatternsTests.cs(133,17): error CS0103: The name 'Assert' does not exist in the current context
C:\gh\azure-sdk-for-net\sdk\cognitiveservices\Language.LUIS.Authoring\tests\Luis\PatternsTests.cs(134,17): error CS0103: The name 'Assert' does not exist in the current context
C:\gh\azure-sdk-for-net\sdk\cognitiveservices\Language.LUIS.Authoring\tests\Luis\ModelPrebuiltDomainTests.cs(206,17): error CS0103: The name 'Assert' does not exist in the current context
C:\gh\azure-sdk-for-net\sdk\cognitiveservices\Language.LUIS.Authoring\tests\Luis\ModelTests.cs(182,17): error CS0103: The name 'Assert' does not exist in the current context
C:\gh\azure-sdk-for-net\sdk\cognitiveservices\Language.LUIS.Authoring\tests\Luis\ModelTests.cs(183,17): error CS0103: The name 'Assert' does not exist in the current context
C:\gh\azure-sdk-for-net\sdk\cognitiveservices\Language.LUIS.Authoring\tests\Luis\EntityRolesTests.cs(281,17): error CS0103: The name 'Assert' does not exist in the current context
C:\gh\azure-sdk-for-net\sdk\cognitiveservices\Language.LUIS.Authoring\tests\Luis\EntityRolesTests.cs(281,45): error CS0103: The name 'Assert' does not exist in the current context
C:\gh\azure-sdk-for-net\sdk\cognitiveservices\Language.LUIS.Authoring\tests\Luis\ModelTests.cs(210,17): error CS0103: The name 'Assert' does not exist in the current context
C:\gh\azure-sdk-for-net\sdk\cognitiveservices\Language.LUIS.Authoring\tests\Luis\ModelTests.cs(211,17): error CS0103: The name 'Assert' does not exist in the current context
C:\gh\azure-sdk-for-net\sdk\cognitiveservices\Language.LUIS.Authoring\tests\Luis\PatternsTests.cs(165,17): error CS0103: The name 'Assert' does not exist in the current context
C:\gh\azure-sdk-for-net\sdk\cognitiveservices\Language.LUIS.Authoring\tests\Luis\PatternsTests.cs(166,17): error CS0103: The name 'Assert' does not exist in the current context
C:\gh\azure-sdk-for-net\sdk\cognitiveservices\Language.LUIS.Authoring\tests\Luis\PatternsTests.cs(169,21): error CS0103: The name 'Assert' does not exist in the current context
C:\gh\azure-sdk-for-net\sdk\cognitiveservices\Language.LUIS.Authoring\tests\Luis\PatternsTests.cs(170,21): error CS0103: The name 'Assert' does not exist in the current context
C:\gh\azure-sdk-for-net\sdk\cognitiveservices\Language.LUIS.Authoring\tests\Luis\PatternsTests.cs(171,21): error CS0103: The name 'Assert' does not exist in the current context
C:\gh\azure-sdk-for-net\sdk\cognitiveservices\Language.LUIS.Authoring\tests\Luis\EntityRolesTests.cs(298,17): error CS0103: The name 'Assert' does not exist in the current context
C:\gh\azure-sdk-for-net\sdk\cognitiveservices\Language.LUIS.Authoring\tests\Luis\EntityRolesTests.cs(298,45): error CS0103: The name 'Assert' does not exist in the current context
C:\gh\azure-sdk-for-net\sdk\cognitiveservices\Language.LUIS.Authoring\tests\Luis\ModelTests.cs(240,17): error CS0103: The name 'Assert' does not exist in the current context
C:\gh\azure-sdk-for-net\sdk\cognitiveservices\Language.LUIS.Authoring\tests\Luis\EntityRolesTests.cs(322,17): error CS0103: The name 'Assert' does not exist in the current context
C:\gh\azure-sdk-for-net\sdk\cognitiveservices\Language.LUIS.Authoring\tests\Luis\EntityRolesTests.cs(322,45): error CS0103: The name 'Assert' does not exist in the current context
C:\gh\azure-sdk-for-net\sdk\cognitiveservices\Language.LUIS.Authoring\tests\Luis\PatternsTests.cs(203,17): error CS0103: The name 'Assert' does not exist in the current context
C:\gh\azure-sdk-for-net\sdk\cognitiveservices\Language.LUIS.Authoring\tests\Luis\PatternsTests.cs(204,17): error CS0103: The name 'Assert' does not exist in the current context
C:\gh\azure-sdk-for-net\sdk\cognitiveservices\Language.LUIS.Authoring\tests\Luis\PatternsTests.cs(207,21): error CS0103: The name 'Assert' does not exist in the current context
C:\gh\azure-sdk-for-net\sdk\cognitiveservices\Language.LUIS.Authoring\tests\Luis\PatternsTests.cs(208,21): error CS0103: The name 'Assert' does not exist in the current context
C:\gh\azure-sdk-for-net\sdk\cognitiveservices\Language.LUIS.Authoring\tests\Luis\PatternsTests.cs(209,21): error CS0103: The name 'Assert' does not exist in the current context
C:\gh\azure-sdk-for-net\sdk\cognitiveservices\Language.LUIS.Authoring\tests\Luis\PatternsTests.cs(210,21): error CS0103: The name 'Assert' does not exist in the current context
C:\gh\azure-sdk-for-net\sdk\cognitiveservices\Language.LUIS.Authoring\tests\Luis\EntityRolesTests.cs(343,17): error CS0103: The name 'Assert' does not exist in the current context
C:\gh\azure-sdk-for-net\sdk\cognitiveservices\Language.LUIS.Authoring\tests\Luis\EntityRolesTests.cs(343,45): error CS0103: The name 'Assert' does not exist in the current context
C:\gh\azure-sdk-for-net\sdk\cognitiveservices\Language.LUIS.Authoring\tests\Luis\ModelTests.cs(279,17): error CS0103: The name 'Assert' does not exist in the current context
C:\gh\azure-sdk-for-net\sdk\cognitiveservices\Language.LUIS.Authoring\tests\Luis\PatternsTests.cs(235,17): error CS0103: The name 'Assert' does not exist in the current context
C:\gh\azure-sdk-for-net\sdk\cognitiveservices\Language.LUIS.Authoring\tests\Luis\EntityRolesTests.cs(364,17): error CS0103: The name 'Assert' does not exist in the current context
C:\gh\azure-sdk-for-net\sdk\cognitiveservices\Language.LUIS.Authoring\tests\Luis\EntityRolesTests.cs(364,45): error CS0103: The name 'Assert' does not exist in the current context
C:\gh\azure-sdk-for-net\sdk\cognitiveservices\Language.LUIS.Authoring\tests\Luis\EntityRolesTests.cs(386,17): error CS0103: The name 'Assert' does not exist in the current context
C:\gh\azure-sdk-for-net\sdk\cognitiveservices\Language.LUIS.Authoring\tests\Luis\EntityRolesTests.cs(386,45): error CS0103: The name 'Assert' does not exist in the current context
C:\gh\azure-sdk-for-net\sdk\cognitiveservices\Language.LUIS.Authoring\tests\Luis\PatternsTests.cs(265,17): error CS0103: The name 'Assert' does not exist in the current context
C:\gh\azure-sdk-for-net\sdk\cognitiveservices\Language.LUIS.Authoring\tests\Luis\EntityRolesTests.cs(410,17): error CS0103: The name 'Assert' does not exist in the current context
C:\gh\azure-sdk-for-net\sdk\cognitiveservices\Language.LUIS.Authoring\tests\Luis\EntityRolesTests.cs(431,17): error CS0103: The name 'Assert' does not exist in the current context
C:\gh\azure-sdk-for-net\sdk\cognitiveservices\Language.LUIS.Authoring\tests\Luis\EntityRolesTests.cs(459,17): error CS0103: The name 'Assert' does not exist in the current context
C:\gh\azure-sdk-for-net\sdk\cognitiveservices\Language.LUIS.Authoring\tests\Luis\EntityRolesTests.cs(484,17): error CS0103: The name 'Assert' does not exist in the current context
C:\gh\azure-sdk-for-net\sdk\cognitiveservices\Language.LUIS.Authoring\tests\Luis\EntityRolesTests.cs(509,17): error CS0103: The name 'Assert' does not exist in the current context
C:\gh\azure-sdk-for-net\sdk\cognitiveservices\Language.LUIS.Authoring\tests\Luis\EntityRolesTests.cs(535,17): error CS0103: The name 'Assert' does not exist in the current context
C:\gh\azure-sdk-for-net\sdk\cognitiveservices\Language.LUIS.Authoring\tests\Luis\EntityRolesTests.cs(556,17): error CS0103: The name 'Assert' does not exist in the current context
C:\gh\azure-sdk-for-net\sdk\cognitiveservices\Language.LUIS.Authoring\tests\Luis\EntityRolesTests.cs(574,17): error CS0103: The name 'Assert' does not exist in the current context
C:\gh\azure-sdk-for-net\sdk\cognitiveservices\Language.LUIS.Authoring\tests\Luis\EntityRolesTests.cs(599,17): error CS0103: The name 'Assert' does not exist in the current context
C:\gh\azure-sdk-for-net\sdk\cognitiveservices\Language.LUIS.Authoring\tests\Luis\EntityRolesTests.cs(621,17): error CS0103: The name 'Assert' does not exist in the current context
C:\gh\azure-sdk-for-net\sdk\cognitiveservices\Language.LUIS.Authoring\tests\Luis\EntityRolesTests.cs(643,17): error CS0103: The name 'Assert' does not exist in the current context
C:\gh\azure-sdk-for-net\sdk\cognitiveservices\Language.LUIS.Authoring\tests\Luis\EntityRolesTests.cs(666,17): error CS0103: The name 'Assert' does not exist in the current context
C:\gh\azure-sdk-for-net\sdk\cognitiveservices\Language.LUIS.Authoring\tests\Luis\TrainTests.cs(6,5): hidden CS8019: Unnecessary using directive.
C:\gh\azure-sdk-for-net\sdk\cognitiveservices\Language.LUIS.Authoring\tests\Luis\ImportExportTests.cs(8,5): hidden CS8019: Unnecessary using directive.
C:\gh\azure-sdk-for-net\artifacts\obj\Microsoft.Azure.CognitiveServices.Language.LUIS.Authoring.Tests\Debug\net461\Microsoft.Azure.CognitiveServices.Language.LUIS.Authoring.Tests.AssemblyInfo.cs(11,1): hidden CS8019: Unnecessary using directive.
C:\gh\azure-sdk-for-net\sdk\cognitiveservices\Language.LUIS.Authoring\tests\Luis\FeaturesPhraseListsTests.cs(5,5): hidden CS8019: Unnecessary using directive.
C:\gh\azure-sdk-for-net\sdk\cognitiveservices\Language.LUIS.Authoring\tests\Luis\EntityRolesTests.cs(10,5): hidden CS8019: Unnecessary using directive.
C:\gh\azure-sdk-for-net\sdk\cognitiveservices\Language.LUIS.Authoring\tests\Luis\ModelPatternAnyTests.cs(9,5): hidden CS8019: Unnecessary using directive.
C:\gh\azure-sdk-for-net\eng\mgmt\DisableTestRunParallel.cs(5,1): hidden CS8019: Unnecessary using directive.
C:\gh\azure-sdk-for-net\sdk\cognitiveservices\Language.LUIS.Authoring\tests\Luis\ModelPatternAnyTests.cs(3,5): hidden CS8019: Unnecessary using directive.
C:\gh\azure-sdk-for-net\sdk\cognitiveservices\Language.LUIS.Authoring\tests\Luis\FeaturesTests.cs(5,5): hidden CS8019: Unnecessary using directive.
C:\gh\azure-sdk-for-net\sdk\cognitiveservices\Language.LUIS.Authoring\tests\Luis\PatternsTests.cs(8,5): hidden CS8019: Unnecessary using directive.
C:\gh\azure-sdk-for-net\sdk\cognitiveservices\Language.LUIS.Authoring\tests\Luis\ModelTests.cs(8,5): hidden CS8019: Unnecessary using directive.
C:\gh\azure-sdk-for-net\artifacts\obj\Microsoft.Azure.CognitiveServices.Language.LUIS.Authoring.Tests\Debug\net461\.NETFramework,Version=v4.6.1.AssemblyAttributes.cs(3,1): hidden CS8019: Unnecessary using directive.
C:\gh\azure-sdk-for-net\sdk\cognitiveservices\Language.LUIS.Authoring\tests\BaseTest.cs(9,5): hidden CS8019: Unnecessary using directive.
C:\gh\azure-sdk-for-net\sdk\cognitiveservices\Language.LUIS.Authoring\tests\Luis\ModelPatternAnyTests.cs(6,5): hidden CS8019: Unnecessary using directive.
C:\gh\azure-sdk-for-net\sdk\cognitiveservices\Language.LUIS.Authoring\tests\Luis\ModelPrebuiltDomainTests.cs(5,5): hidden CS8019: Unnecessary using directive.
C:\gh\azure-sdk-for-net\sdk\cognitiveservices\Language.LUIS.Authoring\tests\Luis\ModelprebuiltsTests.cs(6,5): hidden CS8019: Unnecessary using directive.
C:\gh\azure-sdk-for-net\sdk\cognitiveservices\Language.LUIS.Authoring\tests\Luis\ModelClosedListsTests.cs(8,5): hidden CS8019: Unnecessary using directive.
C:\gh\azure-sdk-for-net\artifacts\obj\Microsoft.Azure.CognitiveServices.Language.LUIS.Authoring.Tests\Debug\net461\.NETFramework,Version=v4.6.1.AssemblyAttributes.cs(2,1): hidden CS8019: Unnecessary using directive.
C:\gh\azure-sdk-for-net\sdk\cognitiveservices\Language.LUIS.Authoring\tests\Luis\ModelTests.cs(5,5): hidden CS8019: Unnecessary using directive.
C:\gh\azure-sdk-for-net\sdk\cognitiveservices\Language.LUIS.Authoring\tests\Luis\ModelTests.cs(3,5): hidden CS8019: Unnecessary using directive.
C:\gh\azure-sdk-for-net\sdk\cognitiveservices\Language.LUIS.Authoring\tests\Luis\ImportExportTests.cs(7,5): hidden CS8019: Unnecessary using directive.
C:\gh\azure-sdk-for-net\sdk\cognitiveservices\Language.LUIS.Authoring\tests\Luis\ModelPrebuiltDomainTests.cs(7,5): hidden CS8019: Unnecessary using directive.
C:\gh\azure-sdk-for-net\sdk\cognitiveservices\Language.LUIS.Authoring\tests\Luis\ModelEntitiesTests.cs(6,5): hidden CS8019: Unnecessary using directive.
C:\gh\azure-sdk-for-net\sdk\cognitiveservices\Language.LUIS.Authoring\tests\Luis\ModelRegexEntitiesTests.cs(6,5): hidden CS8019: Unnecessary using directive.
C:\gh\azure-sdk-for-net\sdk\cognitiveservices\Language.LUIS.Authoring\tests\Luis\EntityRolesTests.cs(6,5): hidden CS8019: Unnecessary using directive.
C:\gh\azure-sdk-for-net\sdk\cognitiveservices\Language.LUIS.Authoring\tests\Luis\ModelprebuiltsTests.cs(3,5): hidden CS8019: Unnecessary using directive.
C:\gh\azure-sdk-for-net\artifacts\obj\Microsoft.Azure.CognitiveServices.Language.LUIS.Authoring.Tests\Debug\net461\Microsoft.Azure.CognitiveServices.Language.LUIS.Authoring.Tests.AssemblyInfo.cs(12,1): hidden CS8019: Unnecessary using directive.
C:\gh\azure-sdk-for-net\sdk\cognitiveservices\Language.LUIS.Authoring\tests\Luis\ExamplesTests.cs(8,5): hidden CS8019: Unnecessary using directive.
C:\gh\azure-sdk-for-net\sdk\cognitiveservices\Language.LUIS.Authoring\tests\Luis\FeaturesTests.cs(7,5): hidden CS8019: Unnecessary using directive.
C:\gh\azure-sdk-for-net\eng\mgmt\DisableTestRunParallel.cs(4,1): hidden CS8019: Unnecessary using directive.
C:\gh\azure-sdk-for-net\sdk\cognitiveservices\Language.LUIS.Authoring\tests\Luis\EntityRolesTests.cs(9,5): hidden CS8019: Unnecessary using directive.
C:\gh\azure-sdk-for-net\sdk\cognitiveservices\Language.LUIS.Authoring\tests\BaseTest.cs(4,5): hidden CS8019: Unnecessary using directive.
C:\gh\azure-sdk-for-net\sdk\cognitiveservices\Language.LUIS.Authoring\tests\Luis\ModelIntentsTests.cs(7,5): hidden CS8019: Unnecessary using directive.
C:\gh\azure-sdk-for-net\sdk\cognitiveservices\Language.LUIS.Authoring\tests\BaseTest.cs(8,5): hidden CS8019: Unnecessary using directive.
C:\gh\azure-sdk-for-net\sdk\cognitiveservices\Language.LUIS.Authoring\tests\Luis\VersionsTests.cs(7,5): hidden CS8019: Unnecessary using directive.
C:\gh\azure-sdk-for-net\sdk\cognitiveservices\Language.LUIS.Authoring\tests\Luis\AppsTests.cs(8,5): hidden CS8019: Unnecessary using directive.
