C:\gh\azure-sdk-for-net\sdk\servermanagement\Microsoft.Azure.Management.ServerManagement\tests\ServerManagementTestBase.cs(19,45): error CS0246: The type or namespace name 'TestBase' could not be found (are you missing a using directive or an assembly reference?)
C:\gh\azure-sdk-for-net\sdk\servermanagement\Microsoft.Azure.Management.ServerManagement\tests\Extensions.cs(75,68): error CS0518: Predefined type 'System.String' is not defined or imported
C:\gh\azure-sdk-for-net\sdk\servermanagement\Microsoft.Azure.Management.ServerManagement\tests\Extensions.cs(75,85): error CS0518: Predefined type 'System.String' is not defined or imported
C:\gh\azure-sdk-for-net\sdk\servermanagement\Microsoft.Azure.Management.ServerManagement\tests\Extensions.cs(75,25): error CS0518: Predefined type 'System.Void' is not defined or imported
C:\gh\azure-sdk-for-net\sdk\servermanagement\Microsoft.Azure.Management.ServerManagement\tests\ServerManagementTestBase.cs(275,75): error CS0518: Predefined type 'System.Object' is not defined or imported
C:\gh\azure-sdk-for-net\sdk\servermanagement\Microsoft.Azure.Management.ServerManagement\tests\ServerManagementTestBase.cs(275,75): error CS0246: The type or namespace name 'MockContext' could not be found (are you missing a using directive or an assembly reference?)
C:\gh\azure-sdk-for-net\sdk\servermanagement\Microsoft.Azure.Management.ServerManagement\tests\ServerManagementTestBase.cs(275,26): error CS0518: Predefined type 'System.Object' is not defined or imported
C:\gh\azure-sdk-for-net\sdk\servermanagement\Microsoft.Azure.Management.ServerManagement\tests\Extensions.cs(70,53): error CS0518: Predefined type 'System.Object' is not defined or imported
C:\gh\azure-sdk-for-net\sdk\servermanagement\Microsoft.Azure.Management.ServerManagement\tests\Extensions.cs(70,53): error CS0246: The type or namespace name 'IEnumerable<>' could not be found (are you missing a using directive or an assembly reference?)
C:\gh\azure-sdk-for-net\sdk\servermanagement\Microsoft.Azure.Management.ServerManagement\tests\Extensions.cs(70,65): error CS0518: Predefined type 'System.Object' is not defined or imported
C:\gh\azure-sdk-for-net\sdk\servermanagement\Microsoft.Azure.Management.ServerManagement\tests\Extensions.cs(70,65): error CS0246: The type or namespace name 'Task' could not be found (are you missing a using directive or an assembly reference?)
C:\gh\azure-sdk-for-net\sdk\servermanagement\Microsoft.Azure.Management.ServerManagement\tests\Extensions.cs(70,25): error CS0518: Predefined type 'System.Object' is not defined or imported
C:\gh\azure-sdk-for-net\sdk\servermanagement\Microsoft.Azure.Management.ServerManagement\tests\Extensions.cs(70,25): error CS0246: The type or namespace name 'TaskAwaiter' could not be found (are you missing a using directive or an assembly reference?)
C:\gh\azure-sdk-for-net\sdk\servermanagement\Microsoft.Azure.Management.ServerManagement\tests\Extensions.cs(70,48): error CS1110: Cannot define a new extension method because the compiler required type 'System.Runtime.CompilerServices.ExtensionAttribute' cannot be found. Are you missing a reference to System.Core.dll?
C:\gh\azure-sdk-for-net\sdk\servermanagement\Microsoft.Azure.Management.ServerManagement\tests\ServerManagementTestBase.cs(323,48): error CS0518: Predefined type 'System.Object' is not defined or imported
C:\gh\azure-sdk-for-net\sdk\servermanagement\Microsoft.Azure.Management.ServerManagement\tests\ServerManagementTestBase.cs(323,25): error CS0518: Predefined type 'System.Object' is not defined or imported
C:\gh\azure-sdk-for-net\sdk\servermanagement\Microsoft.Azure.Management.ServerManagement\tests\ServerManagementTestBase.cs(323,25): error CS0246: The type or namespace name 'Task' could not be found (are you missing a using directive or an assembly reference?)
C:\gh\azure-sdk-for-net\sdk\servermanagement\Microsoft.Azure.Management.ServerManagement\tests\ServerManagementTestBase.cs(293,44): error CS0518: Predefined type 'System.Object' is not defined or imported
C:\gh\azure-sdk-for-net\sdk\servermanagement\Microsoft.Azure.Management.ServerManagement\tests\ServerManagementTestBase.cs(293,75): error CS0518: Predefined type 'System.String' is not defined or imported
C:\gh\azure-sdk-for-net\sdk\servermanagement\Microsoft.Azure.Management.ServerManagement\tests\ServerManagementTestBase.cs(293,25): error CS0518: Predefined type 'System.Object' is not defined or imported
C:\gh\azure-sdk-for-net\sdk\servermanagement\Microsoft.Azure.Management.ServerManagement\tests\ServerManagementTestBase.cs(293,25): error CS0246: The type or namespace name 'Task' could not be found (are you missing a using directive or an assembly reference?)
C:\gh\azure-sdk-for-net\sdk\servermanagement\Microsoft.Azure.Management.ServerManagement\tests\ServerManagementTestBase.cs(311,45): error CS0518: Predefined type 'System.Object' is not defined or imported
C:\gh\azure-sdk-for-net\sdk\servermanagement\Microsoft.Azure.Management.ServerManagement\tests\ServerManagementTestBase.cs(311,25): error CS0518: Predefined type 'System.Object' is not defined or imported
C:\gh\azure-sdk-for-net\sdk\servermanagement\Microsoft.Azure.Management.ServerManagement\tests\ServerManagementTestBase.cs(311,25): error CS0246: The type or namespace name 'Task' could not be found (are you missing a using directive or an assembly reference?)
C:\gh\azure-sdk-for-net\sdk\servermanagement\Microsoft.Azure.Management.ServerManagement\tests\ServerManagementTestBase.cs(338,25): error CS0518: Predefined type 'System.Object' is not defined or imported
C:\gh\azure-sdk-for-net\sdk\servermanagement\Microsoft.Azure.Management.ServerManagement\tests\ServerManagementTestBase.cs(338,25): error CS0246: The type or namespace name 'Task' could not be found (are you missing a using directive or an assembly reference?)
C:\gh\azure-sdk-for-net\sdk\servermanagement\Microsoft.Azure.Management.ServerManagement\tests\Extensions.cs(55,49): error CS0518: Predefined type 'System.Object' is not defined or imported
C:\gh\azure-sdk-for-net\sdk\servermanagement\Microsoft.Azure.Management.ServerManagement\tests\Extensions.cs(55,25): error CS0518: Predefined type 'System.String' is not defined or imported
C:\gh\azure-sdk-for-net\sdk\servermanagement\Microsoft.Azure.Management.ServerManagement\tests\Extensions.cs(55,44): error CS1110: Cannot define a new extension method because the compiler required type 'System.Runtime.CompilerServices.ExtensionAttribute' cannot be found. Are you missing a reference to System.Core.dll?
C:\gh\azure-sdk-for-net\sdk\servermanagement\Microsoft.Azure.Management.ServerManagement\tests\ServerManagementTestBase.cs(22,24): error CS0518: Predefined type 'System.Boolean' is not defined or imported
C:\gh\azure-sdk-for-net\sdk\servermanagement\Microsoft.Azure.Management.ServerManagement\tests\Extensions.cs(41,44): error CS0518: Predefined type 'System.Object' is not defined or imported
C:\gh\azure-sdk-for-net\sdk\servermanagement\Microsoft.Azure.Management.ServerManagement\tests\Extensions.cs(41,25): error CS0518: Predefined type 'System.String' is not defined or imported
C:\gh\azure-sdk-for-net\sdk\servermanagement\Microsoft.Azure.Management.ServerManagement\tests\Extensions.cs(41,39): error CS1110: Cannot define a new extension method because the compiler required type 'System.Runtime.CompilerServices.ExtensionAttribute' cannot be found. Are you missing a reference to System.Core.dll?
C:\gh\azure-sdk-for-net\sdk\servermanagement\Microsoft.Azure.Management.ServerManagement\tests\Extensions.cs(27,61): error CS0518: Predefined type 'System.Object' is not defined or imported
C:\gh\azure-sdk-for-net\sdk\servermanagement\Microsoft.Azure.Management.ServerManagement\tests\Extensions.cs(27,61): error CS0246: The type or namespace name 'IEnumerable<>' could not be found (are you missing a using directive or an assembly reference?)
C:\gh\azure-sdk-for-net\sdk\servermanagement\Microsoft.Azure.Management.ServerManagement\tests\Extensions.cs(27,25): error CS0518: Predefined type 'System.Object' is not defined or imported
C:\gh\azure-sdk-for-net\sdk\servermanagement\Microsoft.Azure.Management.ServerManagement\tests\Extensions.cs(27,25): error CS0246: The type or namespace name 'IEnumerable<>' could not be found (are you missing a using directive or an assembly reference?)
C:\gh\azure-sdk-for-net\sdk\servermanagement\Microsoft.Azure.Management.ServerManagement\tests\Extensions.cs(27,56): error CS1110: Cannot define a new extension method because the compiler required type 'System.Runtime.CompilerServices.ExtensionAttribute' cannot be found. Are you missing a reference to System.Core.dll?
C:\gh\azure-sdk-for-net\sdk\servermanagement\Microsoft.Azure.Management.ServerManagement\tests\ServerManagementTestBase.cs(21,26): error CS0518: Predefined type 'System.String' is not defined or imported
C:\gh\azure-sdk-for-net\sdk\servermanagement\Microsoft.Azure.Management.ServerManagement\tests\Extensions.cs(17,47): error CS0518: Predefined type 'System.String' is not defined or imported
C:\gh\azure-sdk-for-net\sdk\servermanagement\Microsoft.Azure.Management.ServerManagement\tests\Extensions.cs(17,58): error CS0518: Predefined type 'System.String' is not defined or imported
C:\gh\azure-sdk-for-net\sdk\servermanagement\Microsoft.Azure.Management.ServerManagement\tests\Extensions.cs(17,25): error CS0518: Predefined type 'System.Boolean' is not defined or imported
C:\gh\azure-sdk-for-net\sdk\servermanagement\Microsoft.Azure.Management.ServerManagement\tests\Extensions.cs(17,42): error CS1110: Cannot define a new extension method because the compiler required type 'System.Runtime.CompilerServices.ExtensionAttribute' cannot be found. Are you missing a reference to System.Core.dll?
C:\gh\azure-sdk-for-net\sdk\servermanagement\Microsoft.Azure.Management.ServerManagement\tests\OperationsTest.cs(149,71): error CS0518: Predefined type 'System.Object' is not defined or imported
C:\gh\azure-sdk-for-net\sdk\servermanagement\Microsoft.Azure.Management.ServerManagement\tests\OperationsTest.cs(149,102): error CS0518: Predefined type 'System.String' is not defined or imported
C:\gh\azure-sdk-for-net\sdk\servermanagement\Microsoft.Azure.Management.ServerManagement\tests\OperationsTest.cs(149,23): error CS0518: Predefined type 'System.Object' is not defined or imported
C:\gh\azure-sdk-for-net\sdk\servermanagement\Microsoft.Azure.Management.ServerManagement\tests\OperationsTest.cs(149,23): error CS0246: The type or namespace name 'Task<>' could not be found (are you missing a using directive or an assembly reference?)
C:\gh\azure-sdk-for-net\sdk\servermanagement\Microsoft.Azure.Management.ServerManagement\tests\OperationsTest.cs(149,28): error CS0518: Predefined type 'System.Object' is not defined or imported
C:\gh\azure-sdk-for-net\sdk\servermanagement\Microsoft.Azure.Management.ServerManagement\tests\ServerManagementTestBase.cs(280,35): error CS0518: Predefined type 'System.Object' is not defined or imported
C:\gh\azure-sdk-for-net\sdk\servermanagement\Microsoft.Azure.Management.ServerManagement\tests\ServerManagementTestBase.cs(280,66): error CS0518: Predefined type 'System.String' is not defined or imported
C:\gh\azure-sdk-for-net\sdk\servermanagement\Microsoft.Azure.Management.ServerManagement\tests\ServerManagementTestBase.cs(280,19): error CS0518: Predefined type 'System.Object' is not defined or imported
C:\gh\azure-sdk-for-net\sdk\servermanagement\Microsoft.Azure.Management.ServerManagement\tests\ServerManagementTestBase.cs(280,19): error CS0246: The type or namespace name 'Task' could not be found (are you missing a using directive or an assembly reference?)
C:\gh\azure-sdk-for-net\sdk\servermanagement\Microsoft.Azure.Management.ServerManagement\tests\ServerManagementTestBase.cs(234,18): error CS0518: Predefined type 'System.Void' is not defined or imported
C:\gh\azure-sdk-for-net\sdk\servermanagement\Microsoft.Azure.Management.ServerManagement\tests\OperationsTest.cs(511,10): error CS0518: Predefined type 'System.Object' is not defined or imported
C:\gh\azure-sdk-for-net\sdk\servermanagement\Microsoft.Azure.Management.ServerManagement\tests\OperationsTest.cs(511,10): error CS0246: The type or namespace name 'FactAttribute' could not be found (are you missing a using directive or an assembly reference?)
C:\gh\azure-sdk-for-net\sdk\servermanagement\Microsoft.Azure.Management.ServerManagement\tests\OperationsTest.cs(511,10): error CS0246: The type or namespace name 'Fact' could not be found (are you missing a using directive or an assembly reference?)
C:\gh\azure-sdk-for-net\sdk\servermanagement\Microsoft.Azure.Management.ServerManagement\tests\OperationsTest.cs(512,22): error CS0518: Predefined type 'System.Object' is not defined or imported
C:\gh\azure-sdk-for-net\sdk\servermanagement\Microsoft.Azure.Management.ServerManagement\tests\OperationsTest.cs(512,22): error CS0246: The type or namespace name 'Task' could not be found (are you missing a using directive or an assembly reference?)
C:\gh\azure-sdk-for-net\sdk\servermanagement\Microsoft.Azure.Management.ServerManagement\tests\ServerManagementTestBase.cs(263,31): error CS0518: Predefined type 'System.String' is not defined or imported
C:\gh\azure-sdk-for-net\sdk\servermanagement\Microsoft.Azure.Management.ServerManagement\tests\ServerManagementTestBase.cs(263,16): error CS0518: Predefined type 'System.Void' is not defined or imported
C:\gh\azure-sdk-for-net\sdk\servermanagement\Microsoft.Azure.Management.ServerManagement\tests\OperationsTest.cs(134,60): error CS0518: Predefined type 'System.Object' is not defined or imported
C:\gh\azure-sdk-for-net\sdk\servermanagement\Microsoft.Azure.Management.ServerManagement\tests\OperationsTest.cs(134,91): error CS0518: Predefined type 'System.Object' is not defined or imported
C:\gh\azure-sdk-for-net\sdk\servermanagement\Microsoft.Azure.Management.ServerManagement\tests\OperationsTest.cs(134,116): error CS0518: Predefined type 'System.String' is not defined or imported
C:\gh\azure-sdk-for-net\sdk\servermanagement\Microsoft.Azure.Management.ServerManagement\tests\OperationsTest.cs(134,133): error CS0518: Predefined type 'System.String' is not defined or imported
C:\gh\azure-sdk-for-net\sdk\servermanagement\Microsoft.Azure.Management.ServerManagement\tests\OperationsTest.cs(134,30): error CS0518: Predefined type 'System.Object' is not defined or imported
C:\gh\azure-sdk-for-net\sdk\servermanagement\Microsoft.Azure.Management.ServerManagement\tests\OperationsTest.cs(134,30): error CS0246: The type or namespace name 'Task<>' could not be found (are you missing a using directive or an assembly reference?)
C:\gh\azure-sdk-for-net\sdk\servermanagement\Microsoft.Azure.Management.ServerManagement\tests\OperationsTest.cs(134,35): error CS0518: Predefined type 'System.Object' is not defined or imported
C:\gh\azure-sdk-for-net\sdk\servermanagement\Microsoft.Azure.Management.ServerManagement\tests\ServerManagementTestBase.cs(30,26): error CS0518: Predefined type 'System.Object' is not defined or imported
C:\gh\azure-sdk-for-net\sdk\servermanagement\Microsoft.Azure.Management.ServerManagement\tests\ServerManagementTestBase.cs(30,26): error CS0246: The type or namespace name 'ITestOutputHelper' could not be found (are you missing a using directive or an assembly reference?)
C:\gh\azure-sdk-for-net\sdk\servermanagement\Microsoft.Azure.Management.ServerManagement\tests\ServerManagementTestBase.cs(208,18): error CS0518: Predefined type 'System.Void' is not defined or imported
C:\gh\azure-sdk-for-net\sdk\servermanagement\Microsoft.Azure.Management.ServerManagement\tests\ServerManagementTestBase.cs(29,24): error CS0518: Predefined type 'System.String' is not defined or imported
C:\gh\azure-sdk-for-net\sdk\servermanagement\Microsoft.Azure.Management.ServerManagement\tests\OperationsTest.cs(423,10): error CS0518: Predefined type 'System.Object' is not defined or imported
C:\gh\azure-sdk-for-net\sdk\servermanagement\Microsoft.Azure.Management.ServerManagement\tests\OperationsTest.cs(423,10): error CS0246: The type or namespace name 'FactAttribute' could not be found (are you missing a using directive or an assembly reference?)
C:\gh\azure-sdk-for-net\sdk\servermanagement\Microsoft.Azure.Management.ServerManagement\tests\OperationsTest.cs(423,10): error CS0246: The type or namespace name 'Fact' could not be found (are you missing a using directive or an assembly reference?)
C:\gh\azure-sdk-for-net\sdk\servermanagement\Microsoft.Azure.Management.ServerManagement\tests\OperationsTest.cs(424,22): error CS0518: Predefined type 'System.Object' is not defined or imported
C:\gh\azure-sdk-for-net\sdk\servermanagement\Microsoft.Azure.Management.ServerManagement\tests\OperationsTest.cs(424,22): error CS0246: The type or namespace name 'Task' could not be found (are you missing a using directive or an assembly reference?)
C:\gh\azure-sdk-for-net\sdk\servermanagement\Microsoft.Azure.Management.ServerManagement\tests\ServerManagementTestBase.cs(28,24): error CS0518: Predefined type 'System.String' is not defined or imported
C:\gh\azure-sdk-for-net\sdk\servermanagement\Microsoft.Azure.Management.ServerManagement\tests\ServerManagementTestBase.cs(27,24): error CS0518: Predefined type 'System.String' is not defined or imported
C:\gh\azure-sdk-for-net\sdk\servermanagement\Microsoft.Azure.Management.ServerManagement\tests\ServerManagementTestBase.cs(26,24): error CS0518: Predefined type 'System.String' is not defined or imported
C:\gh\azure-sdk-for-net\sdk\servermanagement\Microsoft.Azure.Management.ServerManagement\tests\ServerManagementTestBase.cs(25,24): error CS0518: Predefined type 'System.String' is not defined or imported
C:\gh\azure-sdk-for-net\sdk\servermanagement\Microsoft.Azure.Management.ServerManagement\tests\ServerManagementTestBase.cs(24,24): error CS0518: Predefined type 'System.String' is not defined or imported
C:\gh\azure-sdk-for-net\sdk\servermanagement\Microsoft.Azure.Management.ServerManagement\tests\ServerManagementTestBase.cs(23,24): error CS0518: Predefined type 'System.String' is not defined or imported
C:\gh\azure-sdk-for-net\sdk\servermanagement\Microsoft.Azure.Management.ServerManagement\tests\ServerManagementTestBase.cs(33,41): error CS0518: Predefined type 'System.Object' is not defined or imported
C:\gh\azure-sdk-for-net\sdk\servermanagement\Microsoft.Azure.Management.ServerManagement\tests\ServerManagementTestBase.cs(33,41): error CS0246: The type or namespace name 'ITestOutputHelper' could not be found (are you missing a using directive or an assembly reference?)
C:\gh\azure-sdk-for-net\sdk\servermanagement\Microsoft.Azure.Management.ServerManagement\tests\ServerManagementTestBase.cs(33,9): error CS0518: Predefined type 'System.Void' is not defined or imported
C:\gh\azure-sdk-for-net\sdk\servermanagement\Microsoft.Azure.Management.ServerManagement\tests\OperationsTest.cs(54,53): error CS0518: Predefined type 'System.Object' is not defined or imported
C:\gh\azure-sdk-for-net\sdk\servermanagement\Microsoft.Azure.Management.ServerManagement\tests\OperationsTest.cs(54,84): error CS0518: Predefined type 'System.Object' is not defined or imported
C:\gh\azure-sdk-for-net\sdk\servermanagement\Microsoft.Azure.Management.ServerManagement\tests\OperationsTest.cs(55,13): error CS0518: Predefined type 'System.Object' is not defined or imported
C:\gh\azure-sdk-for-net\sdk\servermanagement\Microsoft.Azure.Management.ServerManagement\tests\OperationsTest.cs(56,13): error CS0518: Predefined type 'System.Object' is not defined or imported
C:\gh\azure-sdk-for-net\sdk\servermanagement\Microsoft.Azure.Management.ServerManagement\tests\OperationsTest.cs(54,23): error CS0518: Predefined type 'System.Object' is not defined or imported
C:\gh\azure-sdk-for-net\sdk\servermanagement\Microsoft.Azure.Management.ServerManagement\tests\OperationsTest.cs(54,23): error CS0246: The type or namespace name 'Task' could not be found (are you missing a using directive or an assembly reference?)
C:\gh\azure-sdk-for-net\sdk\servermanagement\Microsoft.Azure.Management.ServerManagement\tests\OperationsTest.cs(100,51): error CS0518: Predefined type 'System.Object' is not defined or imported
C:\gh\azure-sdk-for-net\sdk\servermanagement\Microsoft.Azure.Management.ServerManagement\tests\OperationsTest.cs(100,82): error CS0518: Predefined type 'System.Object' is not defined or imported
C:\gh\azure-sdk-for-net\sdk\servermanagement\Microsoft.Azure.Management.ServerManagement\tests\OperationsTest.cs(101,13): error CS0518: Predefined type 'System.Object' is not defined or imported
C:\gh\azure-sdk-for-net\sdk\servermanagement\Microsoft.Azure.Management.ServerManagement\tests\OperationsTest.cs(100,23): error CS0518: Predefined type 'System.Object' is not defined or imported
C:\gh\azure-sdk-for-net\sdk\servermanagement\Microsoft.Azure.Management.ServerManagement\tests\OperationsTest.cs(100,23): error CS0246: The type or namespace name 'Task' could not be found (are you missing a using directive or an assembly reference?)
C:\gh\azure-sdk-for-net\sdk\servermanagement\Microsoft.Azure.Management.ServerManagement\tests\OperationsTest.cs(190,52): error CS0518: Predefined type 'System.Object' is not defined or imported
C:\gh\azure-sdk-for-net\sdk\servermanagement\Microsoft.Azure.Management.ServerManagement\tests\OperationsTest.cs(190,83): error CS0518: Predefined type 'System.Object' is not defined or imported
C:\gh\azure-sdk-for-net\sdk\servermanagement\Microsoft.Azure.Management.ServerManagement\tests\OperationsTest.cs(191,13): error CS0518: Predefined type 'System.Object' is not defined or imported
C:\gh\azure-sdk-for-net\sdk\servermanagement\Microsoft.Azure.Management.ServerManagement\tests\OperationsTest.cs(192,13): error CS0518: Predefined type 'System.Object' is not defined or imported
C:\gh\azure-sdk-for-net\sdk\servermanagement\Microsoft.Azure.Management.ServerManagement\tests\OperationsTest.cs(190,23): error CS0518: Predefined type 'System.Object' is not defined or imported
C:\gh\azure-sdk-for-net\sdk\servermanagement\Microsoft.Azure.Management.ServerManagement\tests\OperationsTest.cs(190,23): error CS0246: The type or namespace name 'Task' could not be found (are you missing a using directive or an assembly reference?)
C:\gh\azure-sdk-for-net\sdk\servermanagement\Microsoft.Azure.Management.ServerManagement\tests\OperationsTest.cs(27,49): error CS0518: Predefined type 'System.Object' is not defined or imported
C:\gh\azure-sdk-for-net\sdk\servermanagement\Microsoft.Azure.Management.ServerManagement\tests\OperationsTest.cs(27,80): error CS0518: Predefined type 'System.Object' is not defined or imported
C:\gh\azure-sdk-for-net\sdk\servermanagement\Microsoft.Azure.Management.ServerManagement\tests\OperationsTest.cs(28,13): error CS0518: Predefined type 'System.Object' is not defined or imported
C:\gh\azure-sdk-for-net\sdk\servermanagement\Microsoft.Azure.Management.ServerManagement\tests\OperationsTest.cs(29,13): error CS0518: Predefined type 'System.Object' is not defined or imported
C:\gh\azure-sdk-for-net\sdk\servermanagement\Microsoft.Azure.Management.ServerManagement\tests\OperationsTest.cs(27,23): error CS0518: Predefined type 'System.Object' is not defined or imported
C:\gh\azure-sdk-for-net\sdk\servermanagement\Microsoft.Azure.Management.ServerManagement\tests\OperationsTest.cs(27,23): error CS0246: The type or namespace name 'Task' could not be found (are you missing a using directive or an assembly reference?)
C:\gh\azure-sdk-for-net\sdk\servermanagement\Microsoft.Azure.Management.ServerManagement\tests\OperationsTest.cs(309,10): error CS0518: Predefined type 'System.Object' is not defined or imported
C:\gh\azure-sdk-for-net\sdk\servermanagement\Microsoft.Azure.Management.ServerManagement\tests\OperationsTest.cs(309,10): error CS0246: The type or namespace name 'FactAttribute' could not be found (are you missing a using directive or an assembly reference?)
C:\gh\azure-sdk-for-net\sdk\servermanagement\Microsoft.Azure.Management.ServerManagement\tests\OperationsTest.cs(309,10): error CS0246: The type or namespace name 'Fact' could not be found (are you missing a using directive or an assembly reference?)
C:\gh\azure-sdk-for-net\sdk\servermanagement\Microsoft.Azure.Management.ServerManagement\tests\OperationsTest.cs(310,22): error CS0518: Predefined type 'System.Object' is not defined or imported
C:\gh\azure-sdk-for-net\sdk\servermanagement\Microsoft.Azure.Management.ServerManagement\tests\OperationsTest.cs(310,22): error CS0246: The type or namespace name 'Task' could not be found (are you missing a using directive or an assembly reference?)
C:\gh\azure-sdk-for-net\sdk\servermanagement\Microsoft.Azure.Management.ServerManagement\tests\OperationsTest.cs(116,73): error CS0518: Predefined type 'System.Object' is not defined or imported
C:\gh\azure-sdk-for-net\sdk\servermanagement\Microsoft.Azure.Management.ServerManagement\tests\OperationsTest.cs(116,23): error CS0518: Predefined type 'System.Object' is not defined or imported
C:\gh\azure-sdk-for-net\sdk\servermanagement\Microsoft.Azure.Management.ServerManagement\tests\OperationsTest.cs(116,23): error CS0246: The type or namespace name 'Task<>' could not be found (are you missing a using directive or an assembly reference?)
C:\gh\azure-sdk-for-net\sdk\servermanagement\Microsoft.Azure.Management.ServerManagement\tests\OperationsTest.cs(116,28): error CS0518: Predefined type 'System.Object' is not defined or imported
C:\gh\azure-sdk-for-net\sdk\servermanagement\Microsoft.Azure.Management.ServerManagement\tests\OperationsTest.cs(116,28): error CS0246: The type or namespace name 'IPage<>' could not be found (are you missing a using directive or an assembly reference?)
C:\gh\azure-sdk-for-net\sdk\servermanagement\Microsoft.Azure.Management.ServerManagement\tests\OperationsTest.cs(116,34): error CS0518: Predefined type 'System.Object' is not defined or imported
C:\gh\azure-sdk-for-net\sdk\servermanagement\Microsoft.Azure.Management.ServerManagement\tests\OperationsTest.cs(234,10): error CS0518: Predefined type 'System.Object' is not defined or imported
C:\gh\azure-sdk-for-net\sdk\servermanagement\Microsoft.Azure.Management.ServerManagement\tests\OperationsTest.cs(234,10): error CS0246: The type or namespace name 'FactAttribute' could not be found (are you missing a using directive or an assembly reference?)
C:\gh\azure-sdk-for-net\sdk\servermanagement\Microsoft.Azure.Management.ServerManagement\tests\OperationsTest.cs(234,10): error CS0246: The type or namespace name 'Fact' could not be found (are you missing a using directive or an assembly reference?)
C:\gh\azure-sdk-for-net\sdk\servermanagement\Microsoft.Azure.Management.ServerManagement\tests\OperationsTest.cs(235,22): error CS0518: Predefined type 'System.Object' is not defined or imported
C:\gh\azure-sdk-for-net\sdk\servermanagement\Microsoft.Azure.Management.ServerManagement\tests\OperationsTest.cs(235,22): error CS0246: The type or namespace name 'Task' could not be found (are you missing a using directive or an assembly reference?)
C:\gh\azure-sdk-for-net\sdk\servermanagement\Microsoft.Azure.Management.ServerManagement\tests\OperationsTest.cs(211,10): error CS0518: Predefined type 'System.Object' is not defined or imported
C:\gh\azure-sdk-for-net\sdk\servermanagement\Microsoft.Azure.Management.ServerManagement\tests\OperationsTest.cs(211,10): error CS0246: The type or namespace name 'FactAttribute' could not be found (are you missing a using directive or an assembly reference?)
C:\gh\azure-sdk-for-net\sdk\servermanagement\Microsoft.Azure.Management.ServerManagement\tests\OperationsTest.cs(211,10): error CS0246: The type or namespace name 'Fact' could not be found (are you missing a using directive or an assembly reference?)
C:\gh\azure-sdk-for-net\sdk\servermanagement\Microsoft.Azure.Management.ServerManagement\tests\OperationsTest.cs(212,22): error CS0518: Predefined type 'System.Object' is not defined or imported
C:\gh\azure-sdk-for-net\sdk\servermanagement\Microsoft.Azure.Management.ServerManagement\tests\OperationsTest.cs(212,22): error CS0246: The type or namespace name 'Task' could not be found (are you missing a using directive or an assembly reference?)
C:\gh\azure-sdk-for-net\sdk\servermanagement\Microsoft.Azure.Management.ServerManagement\tests\OperationsTest.cs(23,31): error CS0518: Predefined type 'System.Object' is not defined or imported
C:\gh\azure-sdk-for-net\sdk\servermanagement\Microsoft.Azure.Management.ServerManagement\tests\OperationsTest.cs(23,31): error CS0246: The type or namespace name 'ITestOutputHelper' could not be found (are you missing a using directive or an assembly reference?)
C:\gh\azure-sdk-for-net\sdk\servermanagement\Microsoft.Azure.Management.ServerManagement\tests\OperationsTest.cs(23,9): error CS0518: Predefined type 'System.Void' is not defined or imported
C:\gh\azure-sdk-for-net\sdk\servermanagement\Microsoft.Azure.Management.ServerManagement\tests\Properties\AssemblyInfo.cs(12,12): error CS0246: The type or namespace name 'AssemblyTitleAttribute' could not be found (are you missing a using directive or an assembly reference?)
C:\gh\azure-sdk-for-net\sdk\servermanagement\Microsoft.Azure.Management.ServerManagement\tests\Properties\AssemblyInfo.cs(12,12): error CS0246: The type or namespace name 'AssemblyTitle' could not be found (are you missing a using directive or an assembly reference?)
C:\gh\azure-sdk-for-net\sdk\servermanagement\Microsoft.Azure.Management.ServerManagement\tests\Properties\AssemblyInfo.cs(13,12): error CS0246: The type or namespace name 'AssemblyDescriptionAttribute' could not be found (are you missing a using directive or an assembly reference?)
C:\gh\azure-sdk-for-net\sdk\servermanagement\Microsoft.Azure.Management.ServerManagement\tests\Properties\AssemblyInfo.cs(13,12): error CS0246: The type or namespace name 'AssemblyDescription' could not be found (are you missing a using directive or an assembly reference?)
C:\gh\azure-sdk-for-net\sdk\servermanagement\Microsoft.Azure.Management.ServerManagement\tests\Properties\AssemblyInfo.cs(14,12): error CS0246: The type or namespace name 'AssemblyConfigurationAttribute' could not be found (are you missing a using directive or an assembly reference?)
C:\gh\azure-sdk-for-net\sdk\servermanagement\Microsoft.Azure.Management.ServerManagement\tests\Properties\AssemblyInfo.cs(14,12): error CS0246: The type or namespace name 'AssemblyConfiguration' could not be found (are you missing a using directive or an assembly reference?)
C:\gh\azure-sdk-for-net\sdk\servermanagement\Microsoft.Azure.Management.ServerManagement\tests\Properties\AssemblyInfo.cs(15,12): error CS0246: The type or namespace name 'AssemblyCompanyAttribute' could not be found (are you missing a using directive or an assembly reference?)
C:\gh\azure-sdk-for-net\sdk\servermanagement\Microsoft.Azure.Management.ServerManagement\tests\Properties\AssemblyInfo.cs(15,12): error CS0246: The type or namespace name 'AssemblyCompany' could not be found (are you missing a using directive or an assembly reference?)
C:\gh\azure-sdk-for-net\sdk\servermanagement\Microsoft.Azure.Management.ServerManagement\tests\Properties\AssemblyInfo.cs(16,12): error CS0246: The type or namespace name 'AssemblyProductAttribute' could not be found (are you missing a using directive or an assembly reference?)
C:\gh\azure-sdk-for-net\sdk\servermanagement\Microsoft.Azure.Management.ServerManagement\tests\Properties\AssemblyInfo.cs(16,12): error CS0246: The type or namespace name 'AssemblyProduct' could not be found (are you missing a using directive or an assembly reference?)
C:\gh\azure-sdk-for-net\sdk\servermanagement\Microsoft.Azure.Management.ServerManagement\tests\Properties\AssemblyInfo.cs(17,12): error CS0246: The type or namespace name 'AssemblyCopyrightAttribute' could not be found (are you missing a using directive or an assembly reference?)
C:\gh\azure-sdk-for-net\sdk\servermanagement\Microsoft.Azure.Management.ServerManagement\tests\Properties\AssemblyInfo.cs(17,12): error CS0246: The type or namespace name 'AssemblyCopyright' could not be found (are you missing a using directive or an assembly reference?)
C:\gh\azure-sdk-for-net\sdk\servermanagement\Microsoft.Azure.Management.ServerManagement\tests\Properties\AssemblyInfo.cs(18,12): error CS0246: The type or namespace name 'AssemblyTrademarkAttribute' could not be found (are you missing a using directive or an assembly reference?)
C:\gh\azure-sdk-for-net\sdk\servermanagement\Microsoft.Azure.Management.ServerManagement\tests\Properties\AssemblyInfo.cs(18,12): error CS0246: The type or namespace name 'AssemblyTrademark' could not be found (are you missing a using directive or an assembly reference?)
C:\gh\azure-sdk-for-net\sdk\servermanagement\Microsoft.Azure.Management.ServerManagement\tests\Properties\AssemblyInfo.cs(19,12): error CS0246: The type or namespace name 'AssemblyCultureAttribute' could not be found (are you missing a using directive or an assembly reference?)
C:\gh\azure-sdk-for-net\sdk\servermanagement\Microsoft.Azure.Management.ServerManagement\tests\Properties\AssemblyInfo.cs(19,12): error CS0246: The type or namespace name 'AssemblyCulture' could not be found (are you missing a using directive or an assembly reference?)
C:\gh\azure-sdk-for-net\sdk\servermanagement\Microsoft.Azure.Management.ServerManagement\tests\Properties\AssemblyInfo.cs(24,12): error CS0246: The type or namespace name 'ComVisibleAttribute' could not be found (are you missing a using directive or an assembly reference?)
C:\gh\azure-sdk-for-net\sdk\servermanagement\Microsoft.Azure.Management.ServerManagement\tests\Properties\AssemblyInfo.cs(24,12): error CS0246: The type or namespace name 'ComVisible' could not be found (are you missing a using directive or an assembly reference?)
C:\gh\azure-sdk-for-net\sdk\servermanagement\Microsoft.Azure.Management.ServerManagement\tests\Properties\AssemblyInfo.cs(27,12): error CS0246: The type or namespace name 'GuidAttribute' could not be found (are you missing a using directive or an assembly reference?)
C:\gh\azure-sdk-for-net\sdk\servermanagement\Microsoft.Azure.Management.ServerManagement\tests\Properties\AssemblyInfo.cs(27,12): error CS0246: The type or namespace name 'Guid' could not be found (are you missing a using directive or an assembly reference?)
C:\gh\azure-sdk-for-net\sdk\servermanagement\Microsoft.Azure.Management.ServerManagement\tests\Properties\AssemblyInfo.cs(39,12): error CS0246: The type or namespace name 'AssemblyVersionAttribute' could not be found (are you missing a using directive or an assembly reference?)
C:\gh\azure-sdk-for-net\sdk\servermanagement\Microsoft.Azure.Management.ServerManagement\tests\Properties\AssemblyInfo.cs(39,12): error CS0246: The type or namespace name 'AssemblyVersion' could not be found (are you missing a using directive or an assembly reference?)
C:\gh\azure-sdk-for-net\sdk\servermanagement\Microsoft.Azure.Management.ServerManagement\tests\Properties\AssemblyInfo.cs(40,12): error CS0246: The type or namespace name 'AssemblyFileVersionAttribute' could not be found (are you missing a using directive or an assembly reference?)
C:\gh\azure-sdk-for-net\sdk\servermanagement\Microsoft.Azure.Management.ServerManagement\tests\Properties\AssemblyInfo.cs(40,12): error CS0246: The type or namespace name 'AssemblyFileVersion' could not be found (are you missing a using directive or an assembly reference?)
C:\gh\azure-sdk-for-net\eng\mgmt\DisableTestRunParallel.cs(7,12): error CS0246: The type or namespace name 'CollectionBehaviorAttribute' could not be found (are you missing a using directive or an assembly reference?)
C:\gh\azure-sdk-for-net\eng\mgmt\DisableTestRunParallel.cs(7,12): error CS0246: The type or namespace name 'CollectionBehavior' could not be found (are you missing a using directive or an assembly reference?)
C:\gh\azure-sdk-for-net\artifacts\obj\Microsoft.Azure.Management.ServerManagement.Tests\Debug\netcoreapp2.0\.NETCoreApp,Version=v2.0.AssemblyAttributes.cs(4,20): error CS0400: The type or namespace name 'System' could not be found in the global namespace (are you missing an assembly reference?)
C:\gh\azure-sdk-for-net\artifacts\obj\Microsoft.Azure.Management.ServerManagement.Tests\Debug\netcoreapp2.0\Microsoft.Azure.Management.ServerManagement.Tests.AssemblyInfo.cs(14,12): error CS0246: The type or namespace name 'System' could not be found (are you missing a using directive or an assembly reference?)
C:\gh\azure-sdk-for-net\artifacts\obj\Microsoft.Azure.Management.ServerManagement.Tests\Debug\netcoreapp2.0\Microsoft.Azure.Management.ServerManagement.Tests.AssemblyInfo.cs(16,12): error CS0246: The type or namespace name 'System' could not be found (are you missing a using directive or an assembly reference?)
C:\gh\azure-sdk-for-net\artifacts\obj\Microsoft.Azure.Management.ServerManagement.Tests\Debug\netcoreapp2.0\Microsoft.Azure.Management.ServerManagement.Tests.AssemblyInfo.cs(17,12): error CS0246: The type or namespace name 'System' could not be found (are you missing a using directive or an assembly reference?)
C:\gh\azure-sdk-for-net\sdk\servermanagement\Microsoft.Azure.Management.ServerManagement\tests\Properties\AssemblyInfo.cs(12,26): error CS0518: Predefined type 'System.String' is not defined or imported
C:\gh\azure-sdk-for-net\sdk\servermanagement\Microsoft.Azure.Management.ServerManagement\tests\Properties\AssemblyInfo.cs(13,32): error CS0518: Predefined type 'System.String' is not defined or imported
C:\gh\azure-sdk-for-net\sdk\servermanagement\Microsoft.Azure.Management.ServerManagement\tests\Properties\AssemblyInfo.cs(14,34): error CS0518: Predefined type 'System.String' is not defined or imported
C:\gh\azure-sdk-for-net\sdk\servermanagement\Microsoft.Azure.Management.ServerManagement\tests\Properties\AssemblyInfo.cs(15,28): error CS0518: Predefined type 'System.String' is not defined or imported
C:\gh\azure-sdk-for-net\sdk\servermanagement\Microsoft.Azure.Management.ServerManagement\tests\Properties\AssemblyInfo.cs(16,28): error CS0518: Predefined type 'System.String' is not defined or imported
C:\gh\azure-sdk-for-net\sdk\servermanagement\Microsoft.Azure.Management.ServerManagement\tests\Properties\AssemblyInfo.cs(17,30): error CS0518: Predefined type 'System.String' is not defined or imported
C:\gh\azure-sdk-for-net\sdk\servermanagement\Microsoft.Azure.Management.ServerManagement\tests\Properties\AssemblyInfo.cs(18,30): error CS0518: Predefined type 'System.String' is not defined or imported
C:\gh\azure-sdk-for-net\sdk\servermanagement\Microsoft.Azure.Management.ServerManagement\tests\Properties\AssemblyInfo.cs(19,28): error CS0518: Predefined type 'System.String' is not defined or imported
C:\gh\azure-sdk-for-net\sdk\servermanagement\Microsoft.Azure.Management.ServerManagement\tests\Properties\AssemblyInfo.cs(24,23): error CS0518: Predefined type 'System.Boolean' is not defined or imported
C:\gh\azure-sdk-for-net\sdk\servermanagement\Microsoft.Azure.Management.ServerManagement\tests\Properties\AssemblyInfo.cs(27,17): error CS0518: Predefined type 'System.String' is not defined or imported
C:\gh\azure-sdk-for-net\sdk\servermanagement\Microsoft.Azure.Management.ServerManagement\tests\Properties\AssemblyInfo.cs(39,28): error CS0518: Predefined type 'System.String' is not defined or imported
C:\gh\azure-sdk-for-net\sdk\servermanagement\Microsoft.Azure.Management.ServerManagement\tests\Properties\AssemblyInfo.cs(40,32): error CS0518: Predefined type 'System.String' is not defined or imported
C:\gh\azure-sdk-for-net\eng\mgmt\DisableTestRunParallel.cs(7,31): error CS0246: The type or namespace name 'DisableTestParallelization' could not be found (are you missing a using directive or an assembly reference?)
C:\gh\azure-sdk-for-net\eng\mgmt\DisableTestRunParallel.cs(7,60): error CS0518: Predefined type 'System.Boolean' is not defined or imported
C:\gh\azure-sdk-for-net\eng\mgmt\DisableTestRunParallel.cs(7,66): error CS0246: The type or namespace name 'MaxParallelThreads' could not be found (are you missing a using directive or an assembly reference?)
C:\gh\azure-sdk-for-net\eng\mgmt\DisableTestRunParallel.cs(7,87): error CS0518: Predefined type 'System.Int32' is not defined or imported
C:\gh\azure-sdk-for-net\artifacts\obj\Microsoft.Azure.Management.ServerManagement.Tests\Debug\netcoreapp2.0\.NETCoreApp,Version=v2.0.AssemblyAttributes.cs(4,71): error CS0518: Predefined type 'System.String' is not defined or imported
C:\gh\azure-sdk-for-net\artifacts\obj\Microsoft.Azure.Management.ServerManagement.Tests\Debug\netcoreapp2.0\.NETCoreApp,Version=v2.0.AssemblyAttributes.cs(4,99): error CS0246: The type or namespace name 'FrameworkDisplayName' could not be found (are you missing a using directive or an assembly reference?)
C:\gh\azure-sdk-for-net\artifacts\obj\Microsoft.Azure.Management.ServerManagement.Tests\Debug\netcoreapp2.0\.NETCoreApp,Version=v2.0.AssemblyAttributes.cs(4,122): error CS0518: Predefined type 'System.String' is not defined or imported
C:\gh\azure-sdk-for-net\artifacts\obj\Microsoft.Azure.Management.ServerManagement.Tests\Debug\netcoreapp2.0\Microsoft.Azure.Management.ServerManagement.Tests.AssemblyInfo.cs(14,56): error CS0518: Predefined type 'System.String' is not defined or imported
C:\gh\azure-sdk-for-net\artifacts\obj\Microsoft.Azure.Management.ServerManagement.Tests\Debug\netcoreapp2.0\Microsoft.Azure.Management.ServerManagement.Tests.AssemblyInfo.cs(14,70): error CS0518: Predefined type 'System.String' is not defined or imported
C:\gh\azure-sdk-for-net\artifacts\obj\Microsoft.Azure.Management.ServerManagement.Tests\Debug\netcoreapp2.0\Microsoft.Azure.Management.ServerManagement.Tests.AssemblyInfo.cs(15,5): error CS0518: Predefined type 'System.String' is not defined or imported
C:\gh\azure-sdk-for-net\artifacts\obj\Microsoft.Azure.Management.ServerManagement.Tests\Debug\netcoreapp2.0\Microsoft.Azure.Management.ServerManagement.Tests.AssemblyInfo.cs(16,68): error CS0518: Predefined type 'System.String' is not defined or imported
C:\gh\azure-sdk-for-net\artifacts\obj\Microsoft.Azure.Management.ServerManagement.Tests\Debug\netcoreapp2.0\Microsoft.Azure.Management.ServerManagement.Tests.AssemblyInfo.cs(17,56): error CS0518: Predefined type 'System.String' is not defined or imported
C:\gh\azure-sdk-for-net\artifacts\obj\Microsoft.Azure.Management.ServerManagement.Tests\Debug\netcoreapp2.0\Microsoft.Azure.Management.ServerManagement.Tests.AssemblyInfo.cs(17,73): error CS0518: Predefined type 'System.String' is not defined or imported
C:\gh\azure-sdk-for-net\sdk\servermanagement\Microsoft.Azure.Management.ServerManagement\tests\Extensions.cs(5,7): error CS0246: The type or namespace name 'System' could not be found (are you missing a using directive or an assembly reference?)
C:\gh\azure-sdk-for-net\sdk\servermanagement\Microsoft.Azure.Management.ServerManagement\tests\Extensions.cs(6,7): error CS0246: The type or namespace name 'System' could not be found (are you missing a using directive or an assembly reference?)
C:\gh\azure-sdk-for-net\sdk\servermanagement\Microsoft.Azure.Management.ServerManagement\tests\Extensions.cs(7,7): error CS0246: The type or namespace name 'System' could not be found (are you missing a using directive or an assembly reference?)
C:\gh\azure-sdk-for-net\sdk\servermanagement\Microsoft.Azure.Management.ServerManagement\tests\Extensions.cs(8,7): error CS0246: The type or namespace name 'System' could not be found (are you missing a using directive or an assembly reference?)
C:\gh\azure-sdk-for-net\sdk\servermanagement\Microsoft.Azure.Management.ServerManagement\tests\Extensions.cs(9,7): error CS0246: The type or namespace name 'Newtonsoft' could not be found (are you missing a using directive or an assembly reference?)
C:\gh\azure-sdk-for-net\sdk\servermanagement\Microsoft.Azure.Management.ServerManagement\tests\Extensions.cs(10,7): error CS0246: The type or namespace name 'Newtonsoft' could not be found (are you missing a using directive or an assembly reference?)
C:\gh\azure-sdk-for-net\sdk\servermanagement\Microsoft.Azure.Management.ServerManagement\tests\Extensions.cs(11,7): error CS0246: The type or namespace name 'Newtonsoft' could not be found (are you missing a using directive or an assembly reference?)
C:\gh\azure-sdk-for-net\sdk\servermanagement\Microsoft.Azure.Management.ServerManagement\tests\OperationsTest.cs(5,7): error CS0246: The type or namespace name 'System' could not be found (are you missing a using directive or an assembly reference?)
C:\gh\azure-sdk-for-net\sdk\servermanagement\Microsoft.Azure.Management.ServerManagement\tests\OperationsTest.cs(6,7): error CS0246: The type or namespace name 'System' could not be found (are you missing a using directive or an assembly reference?)
C:\gh\azure-sdk-for-net\sdk\servermanagement\Microsoft.Azure.Management.ServerManagement\tests\OperationsTest.cs(7,7): error CS0246: The type or namespace name 'System' could not be found (are you missing a using directive or an assembly reference?)
C:\gh\azure-sdk-for-net\sdk\servermanagement\Microsoft.Azure.Management.ServerManagement\tests\OperationsTest.cs(8,7): error CS0246: The type or namespace name 'System' could not be found (are you missing a using directive or an assembly reference?)
C:\gh\azure-sdk-for-net\sdk\servermanagement\Microsoft.Azure.Management.ServerManagement\tests\OperationsTest.cs(9,7): error CS0246: The type or namespace name 'System' could not be found (are you missing a using directive or an assembly reference?)
C:\gh\azure-sdk-for-net\sdk\servermanagement\Microsoft.Azure.Management.ServerManagement\tests\OperationsTest.cs(10,7): error CS0246: The type or namespace name 'System' could not be found (are you missing a using directive or an assembly reference?)
C:\gh\azure-sdk-for-net\sdk\servermanagement\Microsoft.Azure.Management.ServerManagement\tests\OperationsTest.cs(13,17): error CS0234: The type or namespace name 'Rest' does not exist in the namespace 'Microsoft' (are you missing an assembly reference?)
C:\gh\azure-sdk-for-net\sdk\servermanagement\Microsoft.Azure.Management.ServerManagement\tests\OperationsTest.cs(14,17): error CS0234: The type or namespace name 'Rest' does not exist in the namespace 'Microsoft' (are you missing an assembly reference?)
C:\gh\azure-sdk-for-net\sdk\servermanagement\Microsoft.Azure.Management.ServerManagement\tests\OperationsTest.cs(15,17): error CS0234: The type or namespace name 'Rest' does not exist in the namespace 'Microsoft' (are you missing an assembly reference?)
C:\gh\azure-sdk-for-net\sdk\servermanagement\Microsoft.Azure.Management.ServerManagement\tests\OperationsTest.cs(16,7): error CS0246: The type or namespace name 'Xunit' could not be found (are you missing a using directive or an assembly reference?)
C:\gh\azure-sdk-for-net\sdk\servermanagement\Microsoft.Azure.Management.ServerManagement\tests\OperationsTest.cs(17,7): error CS0246: The type or namespace name 'Xunit' could not be found (are you missing a using directive or an assembly reference?)
C:\gh\azure-sdk-for-net\sdk\servermanagement\Microsoft.Azure.Management.ServerManagement\tests\Properties\AssemblyInfo.cs(5,7): error CS0246: The type or namespace name 'System' could not be found (are you missing a using directive or an assembly reference?)
C:\gh\azure-sdk-for-net\sdk\servermanagement\Microsoft.Azure.Management.ServerManagement\tests\Properties\AssemblyInfo.cs(6,7): error CS0246: The type or namespace name 'System' could not be found (are you missing a using directive or an assembly reference?)
C:\gh\azure-sdk-for-net\sdk\servermanagement\Microsoft.Azure.Management.ServerManagement\tests\Properties\AssemblyInfo.cs(7,7): error CS0246: The type or namespace name 'System' could not be found (are you missing a using directive or an assembly reference?)
C:\gh\azure-sdk-for-net\sdk\servermanagement\Microsoft.Azure.Management.ServerManagement\tests\ServerManagementTestBase.cs(5,7): error CS0246: The type or namespace name 'System' could not be found (are you missing a using directive or an assembly reference?)
C:\gh\azure-sdk-for-net\sdk\servermanagement\Microsoft.Azure.Management.ServerManagement\tests\ServerManagementTestBase.cs(6,7): error CS0246: The type or namespace name 'System' could not be found (are you missing a using directive or an assembly reference?)
C:\gh\azure-sdk-for-net\sdk\servermanagement\Microsoft.Azure.Management.ServerManagement\tests\ServerManagementTestBase.cs(7,7): error CS0246: The type or namespace name 'System' could not be found (are you missing a using directive or an assembly reference?)
C:\gh\azure-sdk-for-net\sdk\servermanagement\Microsoft.Azure.Management.ServerManagement\tests\ServerManagementTestBase.cs(8,7): error CS0246: The type or namespace name 'System' could not be found (are you missing a using directive or an assembly reference?)
C:\gh\azure-sdk-for-net\sdk\servermanagement\Microsoft.Azure.Management.ServerManagement\tests\ServerManagementTestBase.cs(9,7): error CS0246: The type or namespace name 'System' could not be found (are you missing a using directive or an assembly reference?)
C:\gh\azure-sdk-for-net\sdk\servermanagement\Microsoft.Azure.Management.ServerManagement\tests\ServerManagementTestBase.cs(10,7): error CS0246: The type or namespace name 'System' could not be found (are you missing a using directive or an assembly reference?)
C:\gh\azure-sdk-for-net\sdk\servermanagement\Microsoft.Azure.Management.ServerManagement\tests\ServerManagementTestBase.cs(12,23): error CS0234: The type or namespace name 'Test' does not exist in the namespace 'Microsoft.Azure' (are you missing an assembly reference?)
C:\gh\azure-sdk-for-net\sdk\servermanagement\Microsoft.Azure.Management.ServerManagement\tests\ServerManagementTestBase.cs(13,17): error CS0234: The type or namespace name 'Rest' does not exist in the namespace 'Microsoft' (are you missing an assembly reference?)
C:\gh\azure-sdk-for-net\sdk\servermanagement\Microsoft.Azure.Management.ServerManagement\tests\ServerManagementTestBase.cs(14,7): error CS0246: The type or namespace name 'Xunit' could not be found (are you missing a using directive or an assembly reference?)
C:\gh\azure-sdk-for-net\sdk\servermanagement\Microsoft.Azure.Management.ServerManagement\tests\ServerManagementTestBase.cs(15,7): error CS0246: The type or namespace name 'Xunit' could not be found (are you missing a using directive or an assembly reference?)
C:\gh\azure-sdk-for-net\eng\mgmt\DisableTestRunParallel.cs(4,7): error CS0246: The type or namespace name 'System' could not be found (are you missing a using directive or an assembly reference?)
C:\gh\azure-sdk-for-net\eng\mgmt\DisableTestRunParallel.cs(5,7): error CS0246: The type or namespace name 'Xunit' could not be found (are you missing a using directive or an assembly reference?)
C:\gh\azure-sdk-for-net\artifacts\obj\Microsoft.Azure.Management.ServerManagement.Tests\Debug\netcoreapp2.0\.NETCoreApp,Version=v2.0.AssemblyAttributes.cs(2,7): error CS0246: The type or namespace name 'System' could not be found (are you missing a using directive or an assembly reference?)
C:\gh\azure-sdk-for-net\artifacts\obj\Microsoft.Azure.Management.ServerManagement.Tests\Debug\netcoreapp2.0\.NETCoreApp,Version=v2.0.AssemblyAttributes.cs(3,7): error CS0246: The type or namespace name 'System' could not be found (are you missing a using directive or an assembly reference?)
C:\gh\azure-sdk-for-net\artifacts\obj\Microsoft.Azure.Management.ServerManagement.Tests\Debug\netcoreapp2.0\Microsoft.Azure.Management.ServerManagement.Tests.AssemblyInfo.cs(11,7): error CS0246: The type or namespace name 'System' could not be found (are you missing a using directive or an assembly reference?)
C:\gh\azure-sdk-for-net\artifacts\obj\Microsoft.Azure.Management.ServerManagement.Tests\Debug\netcoreapp2.0\Microsoft.Azure.Management.ServerManagement.Tests.AssemblyInfo.cs(12,7): error CS0246: The type or namespace name 'System' could not be found (are you missing a using directive or an assembly reference?)
C:\gh\azure-sdk-for-net\sdk\servermanagement\Microsoft.Azure.Management.ServerManagement\tests\Extensions.cs(15,27): error CS0518: Predefined type 'System.Object' is not defined or imported
C:\gh\azure-sdk-for-net\sdk\servermanagement\Microsoft.Azure.Management.ServerManagement\tests\ServerManagementTestBase.cs(60,26): error CS0518: Predefined type 'System.Boolean' is not defined or imported
C:\gh\azure-sdk-for-net\sdk\servermanagement\Microsoft.Azure.Management.ServerManagement\tests\ServerManagementTestBase.cs(65,25): error CS0518: Predefined type 'System.Boolean' is not defined or imported
C:\gh\azure-sdk-for-net\sdk\servermanagement\Microsoft.Azure.Management.ServerManagement\tests\ServerManagementTestBase.cs(74,26): error CS0518: Predefined type 'System.Boolean' is not defined or imported
C:\gh\azure-sdk-for-net\sdk\servermanagement\Microsoft.Azure.Management.ServerManagement\tests\ServerManagementTestBase.cs(85,26): error CS0518: Predefined type 'System.String' is not defined or imported
C:\gh\azure-sdk-for-net\sdk\servermanagement\Microsoft.Azure.Management.ServerManagement\tests\ServerManagementTestBase.cs(99,26): error CS0518: Predefined type 'System.String' is not defined or imported
C:\gh\azure-sdk-for-net\sdk\servermanagement\Microsoft.Azure.Management.ServerManagement\tests\ServerManagementTestBase.cs(113,26): error CS0518: Predefined type 'System.String' is not defined or imported
C:\gh\azure-sdk-for-net\sdk\servermanagement\Microsoft.Azure.Management.ServerManagement\tests\ServerManagementTestBase.cs(127,26): error CS0518: Predefined type 'System.String' is not defined or imported
C:\gh\azure-sdk-for-net\sdk\servermanagement\Microsoft.Azure.Management.ServerManagement\tests\ServerManagementTestBase.cs(143,26): error CS0518: Predefined type 'System.String' is not defined or imported
C:\gh\azure-sdk-for-net\sdk\servermanagement\Microsoft.Azure.Management.ServerManagement\tests\ServerManagementTestBase.cs(160,26): error CS0518: Predefined type 'System.String' is not defined or imported
C:\gh\azure-sdk-for-net\sdk\servermanagement\Microsoft.Azure.Management.ServerManagement\tests\ServerManagementTestBase.cs(172,26): error CS0518: Predefined type 'System.String' is not defined or imported
C:\gh\azure-sdk-for-net\sdk\servermanagement\Microsoft.Azure.Management.ServerManagement\tests\ServerManagementTestBase.cs(184,26): error CS0518: Predefined type 'System.String' is not defined or imported
C:\gh\azure-sdk-for-net\sdk\servermanagement\Microsoft.Azure.Management.ServerManagement\tests\ServerManagementTestBase.cs(193,26): error CS0518: Predefined type 'System.Boolean' is not defined or imported
C:\gh\azure-sdk-for-net\sdk\servermanagement\Microsoft.Azure.Management.ServerManagement\tests\ServerManagementTestBase.cs(21,49): error CS0518: Predefined type 'System.String' is not defined or imported
C:\gh\azure-sdk-for-net\sdk\servermanagement\Microsoft.Azure.Management.ServerManagement\tests\Extensions.cs(19,17): error CS0518: Predefined type 'System.String' is not defined or imported
C:\gh\azure-sdk-for-net\sdk\servermanagement\Microsoft.Azure.Management.ServerManagement\tests\Extensions.cs(19,45): error CS0518: Predefined type 'System.String' is not defined or imported
C:\gh\azure-sdk-for-net\sdk\servermanagement\Microsoft.Azure.Management.ServerManagement\tests\Extensions.cs(19,17): error CS0518: Predefined type 'System.Boolean' is not defined or imported
C:\gh\azure-sdk-for-net\sdk\servermanagement\Microsoft.Azure.Management.ServerManagement\tests\Extensions.cs(21,24): error CS0518: Predefined type 'System.Boolean' is not defined or imported
C:\gh\azure-sdk-for-net\sdk\servermanagement\Microsoft.Azure.Management.ServerManagement\tests\Extensions.cs(24,48): error CS0518: Predefined type 'System.String' is not defined or imported
C:\gh\azure-sdk-for-net\sdk\servermanagement\Microsoft.Azure.Management.ServerManagement\tests\Extensions.cs(24,53): error CS0518: Predefined type 'System.Object' is not defined or imported
C:\gh\azure-sdk-for-net\sdk\servermanagement\Microsoft.Azure.Management.ServerManagement\tests\Extensions.cs(24,53): error CS0103: The name 'StringComparison' does not exist in the current context
C:\gh\azure-sdk-for-net\sdk\servermanagement\Microsoft.Azure.Management.ServerManagement\tests\Extensions.cs(24,81): error CS0518: Predefined type 'System.Int32' is not defined or imported
C:\gh\azure-sdk-for-net\sdk\servermanagement\Microsoft.Azure.Management.ServerManagement\tests\Extensions.cs(24,20): error CS0518: Predefined type 'System.Boolean' is not defined or imported
C:\gh\azure-sdk-for-net\sdk\servermanagement\Microsoft.Azure.Management.ServerManagement\tests\Extensions.cs(29,17): error CS0518: Predefined type 'System.Boolean' is not defined or imported
C:\gh\azure-sdk-for-net\sdk\servermanagement\Microsoft.Azure.Management.ServerManagement\tests\Extensions.cs(29,17): error CS0518: Predefined type 'System.Boolean' is not defined or imported
C:\gh\azure-sdk-for-net\sdk\servermanagement\Microsoft.Azure.Management.ServerManagement\tests\Extensions.cs(33,25): error CS0518: Predefined type 'System.Boolean' is not defined or imported
C:\gh\azure-sdk-for-net\sdk\servermanagement\Microsoft.Azure.Management.ServerManagement\tests\Extensions.cs(33,25): error CS0518: Predefined type 'System.Boolean' is not defined or imported
C:\gh\azure-sdk-for-net\sdk\servermanagement\Microsoft.Azure.Management.ServerManagement\tests\ServerManagementTestBase.cs(46,13): error CS0518: Predefined type 'System.Object' is not defined or imported
C:\gh\azure-sdk-for-net\sdk\servermanagement\Microsoft.Azure.Management.ServerManagement\tests\ServerManagementTestBase.cs(46,13): error CS0103: The name 'HttpMockServer' does not exist in the current context
C:\gh\azure-sdk-for-net\sdk\servermanagement\Microsoft.Azure.Management.ServerManagement\tests\ServerManagementTestBase.cs(46,35): error CS0518: Predefined type 'System.String' is not defined or imported
C:\gh\azure-sdk-for-net\sdk\servermanagement\Microsoft.Azure.Management.ServerManagement\tests\ServerManagementTestBase.cs(46,51): error CS0518: Predefined type 'System.Object' is not defined or imported
C:\gh\azure-sdk-for-net\sdk\servermanagement\Microsoft.Azure.Management.ServerManagement\tests\ServerManagementTestBase.cs(46,51): error CS0103: The name 'Environment' does not exist in the current context
C:\gh\azure-sdk-for-net\sdk\servermanagement\Microsoft.Azure.Management.ServerManagement\tests\ServerManagementTestBase.cs(46,86): error CS0518: Predefined type 'System.String' is not defined or imported
C:\gh\azure-sdk-for-net\sdk\servermanagement\Microsoft.Azure.Management.ServerManagement\tests\ServerManagementTestBase.cs(47,17): error CS0518: Predefined type 'System.Object' is not defined or imported
C:\gh\azure-sdk-for-net\sdk\servermanagement\Microsoft.Azure.Management.ServerManagement\tests\ServerManagementTestBase.cs(47,17): error CS0103: The name 'StringComparison' does not exist in the current context
C:\gh\azure-sdk-for-net\sdk\servermanagement\Microsoft.Azure.Management.ServerManagement\tests\ServerManagementTestBase.cs(46,35): error CS0518: Predefined type 'System.Boolean' is not defined or imported
C:\gh\azure-sdk-for-net\sdk\servermanagement\Microsoft.Azure.Management.ServerManagement\tests\ServerManagementTestBase.cs(48,19): error CS0518: Predefined type 'System.Object' is not defined or imported
C:\gh\azure-sdk-for-net\sdk\servermanagement\Microsoft.Azure.Management.ServerManagement\tests\ServerManagementTestBase.cs(48,19): error CS0103: The name 'HttpRecorderMode' does not exist in the current context
C:\gh\azure-sdk-for-net\sdk\servermanagement\Microsoft.Azure.Management.ServerManagement\tests\ServerManagementTestBase.cs(49,19): error CS0518: Predefined type 'System.Object' is not defined or imported
C:\gh\azure-sdk-for-net\sdk\servermanagement\Microsoft.Azure.Management.ServerManagement\tests\ServerManagementTestBase.cs(49,19): error CS0103: The name 'HttpRecorderMode' does not exist in the current context
C:\gh\azure-sdk-for-net\sdk\servermanagement\Microsoft.Azure.Management.ServerManagement\tests\ServerManagementTestBase.cs(52,17): error CS0518: Predefined type 'System.Boolean' is not defined or imported
C:\gh\azure-sdk-for-net\sdk\servermanagement\Microsoft.Azure.Management.ServerManagement\tests\ServerManagementTestBase.cs(54,17): error CS0518: Predefined type 'System.Object' is not defined or imported
C:\gh\azure-sdk-for-net\sdk\servermanagement\Microsoft.Azure.Management.ServerManagement\tests\ServerManagementTestBase.cs(62,26): error CS0518: Predefined type 'System.Object' is not defined or imported
C:\gh\azure-sdk-for-net\sdk\servermanagement\Microsoft.Azure.Management.ServerManagement\tests\ServerManagementTestBase.cs(62,26): error CS0103: The name 'HttpMockServer' does not exist in the current context
C:\gh\azure-sdk-for-net\sdk\servermanagement\Microsoft.Azure.Management.ServerManagement\tests\ServerManagementTestBase.cs(62,49): error CS0518: Predefined type 'System.Object' is not defined or imported
C:\gh\azure-sdk-for-net\sdk\servermanagement\Microsoft.Azure.Management.ServerManagement\tests\ServerManagementTestBase.cs(62,49): error CS0103: The name 'HttpRecorderMode' does not exist in the current context
C:\gh\azure-sdk-for-net\sdk\servermanagement\Microsoft.Azure.Management.ServerManagement\tests\ServerManagementTestBase.cs(62,26): error CS0518: Predefined type 'System.Boolean' is not defined or imported
C:\gh\azure-sdk-for-net\sdk\servermanagement\Microsoft.Azure.Management.ServerManagement\tests\ServerManagementTestBase.cs(69,24): error CS0518: Predefined type 'System.String' is not defined or imported
C:\gh\azure-sdk-for-net\sdk\servermanagement\Microsoft.Azure.Management.ServerManagement\tests\ServerManagementTestBase.cs(69,38): error CS0518: Predefined type 'System.Object' is not defined or imported
C:\gh\azure-sdk-for-net\sdk\servermanagement\Microsoft.Azure.Management.ServerManagement\tests\ServerManagementTestBase.cs(69,38): error CS0103: The name 'Environment' does not exist in the current context
C:\gh\azure-sdk-for-net\sdk\servermanagement\Microsoft.Azure.Management.ServerManagement\tests\ServerManagementTestBase.cs(69,73): error CS0518: Predefined type 'System.String' is not defined or imported
C:\gh\azure-sdk-for-net\sdk\servermanagement\Microsoft.Azure.Management.ServerManagement\tests\ServerManagementTestBase.cs(70,21): error CS0518: Predefined type 'System.Object' is not defined or imported
C:\gh\azure-sdk-for-net\sdk\servermanagement\Microsoft.Azure.Management.ServerManagement\tests\ServerManagementTestBase.cs(70,21): error CS0103: The name 'StringComparison' does not exist in the current context
C:\gh\azure-sdk-for-net\sdk\servermanagement\Microsoft.Azure.Management.ServerManagement\tests\Extensions.cs(43,20): error CS0518: Predefined type 'System.Object' is not defined or imported
C:\gh\azure-sdk-for-net\sdk\servermanagement\Microsoft.Azure.Management.ServerManagement\tests\Extensions.cs(43,20): error CS0103: The name 'JsonConvert' does not exist in the current context
C:\gh\azure-sdk-for-net\sdk\servermanagement\Microsoft.Azure.Management.ServerManagement\tests\Extensions.cs(45,17): error CS0518: Predefined type 'System.Object' is not defined or imported
C:\gh\azure-sdk-for-net\sdk\servermanagement\Microsoft.Azure.Management.ServerManagement\tests\Extensions.cs(45,17): error CS0103: The name 'Formatting' does not exist in the current context
C:\gh\azure-sdk-for-net\sdk\servermanagement\Microsoft.Azure.Management.ServerManagement\tests\Extensions.cs(46,21): error CS0518: Predefined type 'System.Object' is not defined or imported
C:\gh\azure-sdk-for-net\sdk\servermanagement\Microsoft.Azure.Management.ServerManagement\tests\Extensions.cs(46,21): error CS0246: The type or namespace name 'JsonSerializerSettings' could not be found (are you missing a using directive or an assembly reference?)
C:\gh\azure-sdk-for-net\sdk\servermanagement\Microsoft.Azure.Management.ServerManagement\tests\Extensions.cs(48,38): error CS0518: Predefined type 'System.Object' is not defined or imported
C:\gh\azure-sdk-for-net\sdk\servermanagement\Microsoft.Azure.Management.ServerManagement\tests\Extensions.cs(48,38): error CS0246: The type or namespace name 'JsonConverter' could not be found (are you missing a using directive or an assembly reference?)
C:\gh\azure-sdk-for-net\sdk\servermanagement\Microsoft.Azure.Management.ServerManagement\tests\Extensions.cs(48,60): error CS0518: Predefined type 'System.Object' is not defined or imported
C:\gh\azure-sdk-for-net\sdk\servermanagement\Microsoft.Azure.Management.ServerManagement\tests\Extensions.cs(48,60): error CS0246: The type or namespace name 'StringEnumConverter' could not be found (are you missing a using directive or an assembly reference?)
C:\gh\azure-sdk-for-net\sdk\servermanagement\Microsoft.Azure.Management.ServerManagement\tests\Extensions.cs(48,34): error CS0518: Predefined type 'System.Int32' is not defined or imported
C:\gh\azure-sdk-for-net\sdk\servermanagement\Microsoft.Azure.Management.ServerManagement\tests\Extensions.cs(49,44): error CS0518: Predefined type 'System.Object' is not defined or imported
C:\gh\azure-sdk-for-net\sdk\servermanagement\Microsoft.Azure.Management.ServerManagement\tests\Extensions.cs(49,44): error CS0246: The type or namespace name 'CamelCasePropertyNamesContractResolver' could not be found (are you missing a using directive or an assembly reference?)
C:\gh\azure-sdk-for-net\sdk\servermanagement\Microsoft.Azure.Management.ServerManagement\tests\Extensions.cs(50,41): error CS0518: Predefined type 'System.Object' is not defined or imported
C:\gh\azure-sdk-for-net\sdk\servermanagement\Microsoft.Azure.Management.ServerManagement\tests\Extensions.cs(50,41): error CS0103: The name 'NullValueHandling' does not exist in the current context
C:\gh\azure-sdk-for-net\sdk\servermanagement\Microsoft.Azure.Management.ServerManagement\tests\Extensions.cs(51,46): error CS0518: Predefined type 'System.Object' is not defined or imported
C:\gh\azure-sdk-for-net\sdk\servermanagement\Microsoft.Azure.Management.ServerManagement\tests\Extensions.cs(51,46): error CS0103: The name 'ObjectCreationHandling' does not exist in the current context
C:\gh\azure-sdk-for-net\sdk\servermanagement\Microsoft.Azure.Management.ServerManagement\tests\ServerManagementTestBase.cs(91,28): error CS0518: Predefined type 'System.Object' is not defined or imported
C:\gh\azure-sdk-for-net\sdk\servermanagement\Microsoft.Azure.Management.ServerManagement\tests\ServerManagementTestBase.cs(91,28): error CS0103: The name 'HttpMockServer' does not exist in the current context
C:\gh\azure-sdk-for-net\sdk\servermanagement\Microsoft.Azure.Management.ServerManagement\tests\ServerManagementTestBase.cs(91,55): error CS0518: Predefined type 'System.String' is not defined or imported
C:\gh\azure-sdk-for-net\sdk\servermanagement\Microsoft.Azure.Management.ServerManagement\tests\ServerManagementTestBase.cs(92,32): error CS0518: Predefined type 'System.Object' is not defined or imported
C:\gh\azure-sdk-for-net\sdk\servermanagement\Microsoft.Azure.Management.ServerManagement\tests\ServerManagementTestBase.cs(92,32): error CS0103: The name 'Environment' does not exist in the current context
C:\gh\azure-sdk-for-net\sdk\servermanagement\Microsoft.Azure.Management.ServerManagement\tests\ServerManagementTestBase.cs(92,67): error CS0518: Predefined type 'System.String' is not defined or imported
C:\gh\azure-sdk-for-net\sdk\servermanagement\Microsoft.Azure.Management.ServerManagement\tests\ServerManagementTestBase.cs(92,87): error CS0518: Predefined type 'System.String' is not defined or imported
C:\gh\azure-sdk-for-net\sdk\servermanagement\Microsoft.Azure.Management.ServerManagement\tests\Extensions.cs(57,20): error CS0518: Predefined type 'System.Object' is not defined or imported
C:\gh\azure-sdk-for-net\sdk\servermanagement\Microsoft.Azure.Management.ServerManagement\tests\Extensions.cs(57,20): error CS0103: The name 'JsonConvert' does not exist in the current context
C:\gh\azure-sdk-for-net\sdk\servermanagement\Microsoft.Azure.Management.ServerManagement\tests\Extensions.cs(59,17): error CS0518: Predefined type 'System.Object' is not defined or imported
C:\gh\azure-sdk-for-net\sdk\servermanagement\Microsoft.Azure.Management.ServerManagement\tests\Extensions.cs(59,17): error CS0103: The name 'Formatting' does not exist in the current context
C:\gh\azure-sdk-for-net\sdk\servermanagement\Microsoft.Azure.Management.ServerManagement\tests\Extensions.cs(60,21): error CS0518: Predefined type 'System.Object' is not defined or imported
C:\gh\azure-sdk-for-net\sdk\servermanagement\Microsoft.Azure.Management.ServerManagement\tests\Extensions.cs(60,21): error CS0246: The type or namespace name 'JsonSerializerSettings' could not be found (are you missing a using directive or an assembly reference?)
C:\gh\azure-sdk-for-net\sdk\servermanagement\Microsoft.Azure.Management.ServerManagement\tests\Extensions.cs(62,38): error CS0518: Predefined type 'System.Object' is not defined or imported
C:\gh\azure-sdk-for-net\sdk\servermanagement\Microsoft.Azure.Management.ServerManagement\tests\Extensions.cs(62,38): error CS0246: The type or namespace name 'JsonConverter' could not be found (are you missing a using directive or an assembly reference?)
C:\gh\azure-sdk-for-net\sdk\servermanagement\Microsoft.Azure.Management.ServerManagement\tests\Extensions.cs(62,60): error CS0518: Predefined type 'System.Object' is not defined or imported
C:\gh\azure-sdk-for-net\sdk\servermanagement\Microsoft.Azure.Management.ServerManagement\tests\Extensions.cs(62,60): error CS0246: The type or namespace name 'StringEnumConverter' could not be found (are you missing a using directive or an assembly reference?)
C:\gh\azure-sdk-for-net\sdk\servermanagement\Microsoft.Azure.Management.ServerManagement\tests\Extensions.cs(62,34): error CS0518: Predefined type 'System.Int32' is not defined or imported
C:\gh\azure-sdk-for-net\sdk\servermanagement\Microsoft.Azure.Management.ServerManagement\tests\Extensions.cs(63,44): error CS0518: Predefined type 'System.Object' is not defined or imported
C:\gh\azure-sdk-for-net\sdk\servermanagement\Microsoft.Azure.Management.ServerManagement\tests\Extensions.cs(63,44): error CS0246: The type or namespace name 'CamelCasePropertyNamesContractResolver' could not be found (are you missing a using directive or an assembly reference?)
C:\gh\azure-sdk-for-net\sdk\servermanagement\Microsoft.Azure.Management.ServerManagement\tests\Extensions.cs(64,41): error CS0518: Predefined type 'System.Object' is not defined or imported
C:\gh\azure-sdk-for-net\sdk\servermanagement\Microsoft.Azure.Management.ServerManagement\tests\Extensions.cs(64,41): error CS0103: The name 'NullValueHandling' does not exist in the current context
C:\gh\azure-sdk-for-net\sdk\servermanagement\Microsoft.Azure.Management.ServerManagement\tests\Extensions.cs(65,46): error CS0518: Predefined type 'System.Object' is not defined or imported
C:\gh\azure-sdk-for-net\sdk\servermanagement\Microsoft.Azure.Management.ServerManagement\tests\Extensions.cs(65,46): error CS0103: The name 'ObjectCreationHandling' does not exist in the current context
C:\gh\azure-sdk-for-net\sdk\servermanagement\Microsoft.Azure.Management.ServerManagement\tests\ServerManagementTestBase.cs(105,28): error CS0518: Predefined type 'System.Object' is not defined or imported
C:\gh\azure-sdk-for-net\sdk\servermanagement\Microsoft.Azure.Management.ServerManagement\tests\ServerManagementTestBase.cs(105,28): error CS0103: The name 'HttpMockServer' does not exist in the current context
C:\gh\azure-sdk-for-net\sdk\servermanagement\Microsoft.Azure.Management.ServerManagement\tests\ServerManagementTestBase.cs(105,55): error CS0518: Predefined type 'System.String' is not defined or imported
C:\gh\azure-sdk-for-net\sdk\servermanagement\Microsoft.Azure.Management.ServerManagement\tests\ServerManagementTestBase.cs(106,32): error CS0518: Predefined type 'System.Object' is not defined or imported
C:\gh\azure-sdk-for-net\sdk\servermanagement\Microsoft.Azure.Management.ServerManagement\tests\ServerManagementTestBase.cs(106,32): error CS0103: The name 'Environment' does not exist in the current context
C:\gh\azure-sdk-for-net\sdk\servermanagement\Microsoft.Azure.Management.ServerManagement\tests\ServerManagementTestBase.cs(106,67): error CS0518: Predefined type 'System.String' is not defined or imported
C:\gh\azure-sdk-for-net\sdk\servermanagement\Microsoft.Azure.Management.ServerManagement\tests\ServerManagementTestBase.cs(106,91): error CS0518: Predefined type 'System.String' is not defined or imported
C:\gh\azure-sdk-for-net\sdk\servermanagement\Microsoft.Azure.Management.ServerManagement\tests\Extensions.cs(72,20): error CS0518: Predefined type 'System.Object' is not defined or imported
C:\gh\azure-sdk-for-net\sdk\servermanagement\Microsoft.Azure.Management.ServerManagement\tests\Extensions.cs(72,20): error CS0103: The name 'Task' does not exist in the current context
C:\gh\azure-sdk-for-net\sdk\servermanagement\Microsoft.Azure.Management.ServerManagement\tests\ServerManagementTestBase.cs(119,28): error CS0518: Predefined type 'System.Object' is not defined or imported
C:\gh\azure-sdk-for-net\sdk\servermanagement\Microsoft.Azure.Management.ServerManagement\tests\ServerManagementTestBase.cs(119,28): error CS0103: The name 'HttpMockServer' does not exist in the current context
C:\gh\azure-sdk-for-net\sdk\servermanagement\Microsoft.Azure.Management.ServerManagement\tests\ServerManagementTestBase.cs(119,55): error CS0518: Predefined type 'System.String' is not defined or imported
C:\gh\azure-sdk-for-net\sdk\servermanagement\Microsoft.Azure.Management.ServerManagement\tests\ServerManagementTestBase.cs(120,32): error CS0518: Predefined type 'System.Object' is not defined or imported
C:\gh\azure-sdk-for-net\sdk\servermanagement\Microsoft.Azure.Management.ServerManagement\tests\ServerManagementTestBase.cs(120,32): error CS0103: The name 'Environment' does not exist in the current context
C:\gh\azure-sdk-for-net\sdk\servermanagement\Microsoft.Azure.Management.ServerManagement\tests\ServerManagementTestBase.cs(120,67): error CS0518: Predefined type 'System.String' is not defined or imported
C:\gh\azure-sdk-for-net\sdk\servermanagement\Microsoft.Azure.Management.ServerManagement\tests\ServerManagementTestBase.cs(120,91): error CS0518: Predefined type 'System.String' is not defined or imported
C:\gh\azure-sdk-for-net\sdk\servermanagement\Microsoft.Azure.Management.ServerManagement\tests\Extensions.cs(77,17): error CS0518: Predefined type 'System.Object' is not defined or imported
C:\gh\azure-sdk-for-net\sdk\servermanagement\Microsoft.Azure.Management.ServerManagement\tests\Extensions.cs(77,17): error CS0103: The name 'Environment' does not exist in the current context
C:\gh\azure-sdk-for-net\sdk\servermanagement\Microsoft.Azure.Management.ServerManagement\tests\Extensions.cs(77,17): error CS0518: Predefined type 'System.Boolean' is not defined or imported
C:\gh\azure-sdk-for-net\sdk\servermanagement\Microsoft.Azure.Management.ServerManagement\tests\Extensions.cs(77,17): error CS0518: Predefined type 'System.Boolean' is not defined or imported
C:\gh\azure-sdk-for-net\sdk\servermanagement\Microsoft.Azure.Management.ServerManagement\tests\Extensions.cs(79,17): error CS0518: Predefined type 'System.Object' is not defined or imported
C:\gh\azure-sdk-for-net\sdk\servermanagement\Microsoft.Azure.Management.ServerManagement\tests\Extensions.cs(79,17): error CS0103: The name 'Environment' does not exist in the current context
C:\gh\azure-sdk-for-net\sdk\servermanagement\Microsoft.Azure.Management.ServerManagement\tests\ServerManagementTestBase.cs(133,28): error CS0518: Predefined type 'System.Object' is not defined or imported
C:\gh\azure-sdk-for-net\sdk\servermanagement\Microsoft.Azure.Management.ServerManagement\tests\ServerManagementTestBase.cs(133,28): error CS0103: The name 'HttpMockServer' does not exist in the current context
C:\gh\azure-sdk-for-net\sdk\servermanagement\Microsoft.Azure.Management.ServerManagement\tests\ServerManagementTestBase.cs(133,55): error CS0518: Predefined type 'System.String' is not defined or imported
C:\gh\azure-sdk-for-net\sdk\servermanagement\Microsoft.Azure.Management.ServerManagement\tests\ServerManagementTestBase.cs(134,32): error CS0518: Predefined type 'System.Object' is not defined or imported
C:\gh\azure-sdk-for-net\sdk\servermanagement\Microsoft.Azure.Management.ServerManagement\tests\ServerManagementTestBase.cs(134,32): error CS0103: The name 'Environment' does not exist in the current context
C:\gh\azure-sdk-for-net\sdk\servermanagement\Microsoft.Azure.Management.ServerManagement\tests\ServerManagementTestBase.cs(134,67): error CS0518: Predefined type 'System.String' is not defined or imported
C:\gh\azure-sdk-for-net\sdk\servermanagement\Microsoft.Azure.Management.ServerManagement\tests\ServerManagementTestBase.cs(135,32): error CS0518: Predefined type 'System.String' is not defined or imported
C:\gh\azure-sdk-for-net\sdk\servermanagement\Microsoft.Azure.Management.ServerManagement\tests\ServerManagementTestBase.cs(135,54): error CS0518: Predefined type 'System.Object' is not defined or imported
C:\gh\azure-sdk-for-net\sdk\servermanagement\Microsoft.Azure.Management.ServerManagement\tests\ServerManagementTestBase.cs(135,54): error CS0246: The type or namespace name 'Random' could not be found (are you missing a using directive or an assembly reference?)
C:\gh\azure-sdk-for-net\sdk\servermanagement\Microsoft.Azure.Management.ServerManagement\tests\ServerManagementTestBase.cs(135,68): error CS0518: Predefined type 'System.Int32' is not defined or imported
C:\gh\azure-sdk-for-net\sdk\servermanagement\Microsoft.Azure.Management.ServerManagement\tests\ServerManagementTestBase.cs(135,71): error CS0518: Predefined type 'System.Int32' is not defined or imported
C:\gh\azure-sdk-for-net\sdk\servermanagement\Microsoft.Azure.Management.ServerManagement\tests\ServerManagementTestBase.cs(151,28): error CS0518: Predefined type 'System.Object' is not defined or imported
C:\gh\azure-sdk-for-net\sdk\servermanagement\Microsoft.Azure.Management.ServerManagement\tests\ServerManagementTestBase.cs(151,28): error CS0103: The name 'HttpMockServer' does not exist in the current context
C:\gh\azure-sdk-for-net\sdk\servermanagement\Microsoft.Azure.Management.ServerManagement\tests\ServerManagementTestBase.cs(151,55): error CS0518: Predefined type 'System.String' is not defined or imported
C:\gh\azure-sdk-for-net\sdk\servermanagement\Microsoft.Azure.Management.ServerManagement\tests\ServerManagementTestBase.cs(152,32): error CS0518: Predefined type 'System.Object' is not defined or imported
C:\gh\azure-sdk-for-net\sdk\servermanagement\Microsoft.Azure.Management.ServerManagement\tests\ServerManagementTestBase.cs(152,32): error CS0103: The name 'Environment' does not exist in the current context
C:\gh\azure-sdk-for-net\sdk\servermanagement\Microsoft.Azure.Management.ServerManagement\tests\ServerManagementTestBase.cs(152,67): error CS0518: Predefined type 'System.String' is not defined or imported
C:\gh\azure-sdk-for-net\sdk\servermanagement\Microsoft.Azure.Management.ServerManagement\tests\ServerManagementTestBase.cs(153,32): error CS0518: Predefined type 'System.String' is not defined or imported
C:\gh\azure-sdk-for-net\sdk\servermanagement\Microsoft.Azure.Management.ServerManagement\tests\ServerManagementTestBase.cs(165,38): error CS0518: Predefined type 'System.Object' is not defined or imported
C:\gh\azure-sdk-for-net\sdk\servermanagement\Microsoft.Azure.Management.ServerManagement\tests\ServerManagementTestBase.cs(165,38): error CS0103: The name 'HttpMockServer' does not exist in the current context
C:\gh\azure-sdk-for-net\sdk\servermanagement\Microsoft.Azure.Management.ServerManagement\tests\ServerManagementTestBase.cs(165,65): error CS0518: Predefined type 'System.String' is not defined or imported
C:\gh\azure-sdk-for-net\sdk\servermanagement\Microsoft.Azure.Management.ServerManagement\tests\ServerManagementTestBase.cs(165,83): error CS0518: Predefined type 'System.Object' is not defined or imported
C:\gh\azure-sdk-for-net\sdk\servermanagement\Microsoft.Azure.Management.ServerManagement\tests\ServerManagementTestBase.cs(165,83): error CS0103: The name 'Guid' does not exist in the current context
C:\gh\azure-sdk-for-net\sdk\servermanagement\Microsoft.Azure.Management.ServerManagement\tests\OperationsTest.cs(35,30): error CS0518: Predefined type 'System.String' is not defined or imported
C:\gh\azure-sdk-for-net\sdk\servermanagement\Microsoft.Azure.Management.ServerManagement\tests\OperationsTest.cs(36,33): error CS0518: Predefined type 'System.String' is not defined or imported
C:\gh\azure-sdk-for-net\sdk\servermanagement\Microsoft.Azure.Management.ServerManagement\tests\OperationsTest.cs(37,28): error CS0518: Predefined type 'System.String' is not defined or imported
C:\gh\azure-sdk-for-net\sdk\servermanagement\Microsoft.Azure.Management.ServerManagement\tests\OperationsTest.cs(38,25): error CS0518: Predefined type 'System.String' is not defined or imported
C:\gh\azure-sdk-for-net\sdk\servermanagement\Microsoft.Azure.Management.ServerManagement\tests\OperationsTest.cs(34,21): error CS0012: The type 'Task<>' is defined in an assembly that is not referenced. You must add a reference to assembly 'mscorlib, Version=4.0.0.0, Culture=neutral, PublicKeyToken=b77a5c561934e089'.
C:\gh\azure-sdk-for-net\sdk\servermanagement\Microsoft.Azure.Management.ServerManagement\tests\OperationsTest.cs(39,13): error CS0518: Predefined type 'System.Object' is not defined or imported
C:\gh\azure-sdk-for-net\sdk\servermanagement\Microsoft.Azure.Management.ServerManagement\tests\OperationsTest.cs(39,13): error CS0103: The name 'Assert' does not exist in the current context
C:\gh\azure-sdk-for-net\sdk\servermanagement\Microsoft.Azure.Management.ServerManagement\tests\OperationsTest.cs(42,13): error CS0518: Predefined type 'System.Object' is not defined or imported
C:\gh\azure-sdk-for-net\sdk\servermanagement\Microsoft.Azure.Management.ServerManagement\tests\OperationsTest.cs(42,13): error CS0103: The name 'Assert' does not exist in the current context
C:\gh\azure-sdk-for-net\sdk\servermanagement\Microsoft.Azure.Management.ServerManagement\tests\OperationsTest.cs(45,25): error CS0518: Predefined type 'System.Boolean' is not defined or imported
C:\gh\azure-sdk-for-net\sdk\servermanagement\Microsoft.Azure.Management.ServerManagement\tests\OperationsTest.cs(48,25): error CS0518: Predefined type 'System.Boolean' is not defined or imported
C:\gh\azure-sdk-for-net\sdk\servermanagement\Microsoft.Azure.Management.ServerManagement\tests\OperationsTest.cs(49,17): error CS0518: Predefined type 'System.Object' is not defined or imported
C:\gh\azure-sdk-for-net\sdk\servermanagement\Microsoft.Azure.Management.ServerManagement\tests\OperationsTest.cs(49,27): error CS0518: Predefined type 'System.String' is not defined or imported
C:\gh\azure-sdk-for-net\sdk\servermanagement\Microsoft.Azure.Management.ServerManagement\tests\OperationsTest.cs(49,41): error CS0518: Predefined type 'System.String' is not defined or imported
C:\gh\azure-sdk-for-net\sdk\servermanagement\Microsoft.Azure.Management.ServerManagement\tests\OperationsTest.cs(51,13): error CS0518: Predefined type 'System.Object' is not defined or imported
C:\gh\azure-sdk-for-net\sdk\servermanagement\Microsoft.Azure.Management.ServerManagement\tests\OperationsTest.cs(51,13): error CS0103: The name 'Assert' does not exist in the current context
C:\gh\azure-sdk-for-net\sdk\servermanagement\Microsoft.Azure.Management.ServerManagement\tests\OperationsTest.cs(27,28): error CS0161: 'OperationsTest.RunPowerShellCommand(ServerManagementClient, NodeResource, SessionResource, PowerShellSessionResource)': not all code paths return a value
C:\gh\azure-sdk-for-net\sdk\servermanagement\Microsoft.Azure.Management.ServerManagement\tests\ServerManagementTestBase.cs(177,41): error CS0518: Predefined type 'System.Object' is not defined or imported
C:\gh\azure-sdk-for-net\sdk\servermanagement\Microsoft.Azure.Management.ServerManagement\tests\ServerManagementTestBase.cs(177,41): error CS0103: The name 'HttpMockServer' does not exist in the current context
C:\gh\azure-sdk-for-net\sdk\servermanagement\Microsoft.Azure.Management.ServerManagement\tests\ServerManagementTestBase.cs(177,68): error CS0518: Predefined type 'System.String' is not defined or imported
C:\gh\azure-sdk-for-net\sdk\servermanagement\Microsoft.Azure.Management.ServerManagement\tests\ServerManagementTestBase.cs(177,88): error CS0518: Predefined type 'System.Object' is not defined or imported
C:\gh\azure-sdk-for-net\sdk\servermanagement\Microsoft.Azure.Management.ServerManagement\tests\ServerManagementTestBase.cs(177,88): error CS0103: The name 'Guid' does not exist in the current context
C:\gh\azure-sdk-for-net\sdk\servermanagement\Microsoft.Azure.Management.ServerManagement\tests\ServerManagementTestBase.cs(187,26): error CS0518: Predefined type 'System.Object' is not defined or imported
C:\gh\azure-sdk-for-net\sdk\servermanagement\Microsoft.Azure.Management.ServerManagement\tests\ServerManagementTestBase.cs(187,26): error CS0103: The name 'Environment' does not exist in the current context
C:\gh\azure-sdk-for-net\sdk\servermanagement\Microsoft.Azure.Management.ServerManagement\tests\ServerManagementTestBase.cs(187,61): error CS0518: Predefined type 'System.String' is not defined or imported
C:\gh\azure-sdk-for-net\sdk\servermanagement\Microsoft.Azure.Management.ServerManagement\tests\ServerManagementTestBase.cs(187,85): error CS0518: Predefined type 'System.String' is not defined or imported
C:\gh\azure-sdk-for-net\sdk\servermanagement\Microsoft.Azure.Management.ServerManagement\tests\ServerManagementTestBase.cs(199,32): error CS0518: Predefined type 'System.Object' is not defined or imported
C:\gh\azure-sdk-for-net\sdk\servermanagement\Microsoft.Azure.Management.ServerManagement\tests\ServerManagementTestBase.cs(199,32): error CS0246: The type or namespace name 'WindowsPrincipal' could not be found (are you missing a using directive or an assembly reference?)
C:\gh\azure-sdk-for-net\sdk\servermanagement\Microsoft.Azure.Management.ServerManagement\tests\ServerManagementTestBase.cs(199,49): error CS0518: Predefined type 'System.Object' is not defined or imported
C:\gh\azure-sdk-for-net\sdk\servermanagement\Microsoft.Azure.Management.ServerManagement\tests\ServerManagementTestBase.cs(199,49): error CS0103: The name 'WindowsIdentity' does not exist in the current context
C:\gh\azure-sdk-for-net\sdk\servermanagement\Microsoft.Azure.Management.ServerManagement\tests\ServerManagementTestBase.cs(199,88): error CS0518: Predefined type 'System.Object' is not defined or imported
C:\gh\azure-sdk-for-net\sdk\servermanagement\Microsoft.Azure.Management.ServerManagement\tests\ServerManagementTestBase.cs(199,88): error CS0103: The name 'WindowsBuiltInRole' does not exist in the current context
C:\gh\azure-sdk-for-net\sdk\servermanagement\Microsoft.Azure.Management.ServerManagement\tests\ServerManagementTestBase.cs(204,24): error CS0518: Predefined type 'System.Boolean' is not defined or imported
C:\gh\azure-sdk-for-net\sdk\servermanagement\Microsoft.Azure.Management.ServerManagement\tests\ServerManagementTestBase.cs(210,17): error CS0518: Predefined type 'System.Boolean' is not defined or imported
C:\gh\azure-sdk-for-net\sdk\servermanagement\Microsoft.Azure.Management.ServerManagement\tests\ServerManagementTestBase.cs(212,30): error CS0518: Predefined type 'System.Object' is not defined or imported
C:\gh\azure-sdk-for-net\sdk\servermanagement\Microsoft.Azure.Management.ServerManagement\tests\ServerManagementTestBase.cs(212,30): error CS0246: The type or namespace name 'ServiceController' could not be found (are you missing a using directive or an assembly reference?)
C:\gh\azure-sdk-for-net\sdk\servermanagement\Microsoft.Azure.Management.ServerManagement\tests\ServerManagementTestBase.cs(212,48): error CS0518: Predefined type 'System.String' is not defined or imported
C:\gh\azure-sdk-for-net\sdk\servermanagement\Microsoft.Azure.Management.ServerManagement\tests\ServerManagementTestBase.cs(213,37): error CS0518: Predefined type 'System.Object' is not defined or imported
C:\gh\azure-sdk-for-net\sdk\servermanagement\Microsoft.Azure.Management.ServerManagement\tests\ServerManagementTestBase.cs(213,37): error CS0103: The name 'ServiceControllerStatus' does not exist in the current context
C:\gh\azure-sdk-for-net\sdk\servermanagement\Microsoft.Azure.Management.ServerManagement\tests\ServerManagementTestBase.cs(213,24): error CS0518: Predefined type 'System.Boolean' is not defined or imported
C:\gh\azure-sdk-for-net\sdk\servermanagement\Microsoft.Azure.Management.ServerManagement\tests\ServerManagementTestBase.cs(213,24): error CS0518: Predefined type 'System.Boolean' is not defined or imported
C:\gh\azure-sdk-for-net\sdk\servermanagement\Microsoft.Azure.Management.ServerManagement\tests\ServerManagementTestBase.cs(215,21): error CS0518: Predefined type 'System.Object' is not defined or imported
C:\gh\azure-sdk-for-net\sdk\servermanagement\Microsoft.Azure.Management.ServerManagement\tests\ServerManagementTestBase.cs(215,21): error CS0103: The name 'Task' does not exist in the current context
C:\gh\azure-sdk-for-net\sdk\servermanagement\Microsoft.Azure.Management.ServerManagement\tests\ServerManagementTestBase.cs(215,32): error CS0518: Predefined type 'System.Int32' is not defined or imported
C:\gh\azure-sdk-for-net\sdk\servermanagement\Microsoft.Azure.Management.ServerManagement\tests\ServerManagementTestBase.cs(220,26): error CS0518: Predefined type 'System.Object' is not defined or imported
C:\gh\azure-sdk-for-net\sdk\servermanagement\Microsoft.Azure.Management.ServerManagement\tests\ServerManagementTestBase.cs(220,26): error CS0103: The name 'ServiceControllerStatus' does not exist in the current context
C:\gh\azure-sdk-for-net\sdk\servermanagement\Microsoft.Azure.Management.ServerManagement\tests\ServerManagementTestBase.cs(221,25): error CS0518: Predefined type 'System.Object' is not defined or imported
C:\gh\azure-sdk-for-net\sdk\servermanagement\Microsoft.Azure.Management.ServerManagement\tests\ServerManagementTestBase.cs(221,35): error CS0518: Predefined type 'System.String' is not defined or imported
C:\gh\azure-sdk-for-net\sdk\servermanagement\Microsoft.Azure.Management.ServerManagement\tests\ServerManagementTestBase.cs(225,25): error CS0518: Predefined type 'System.Object' is not defined or imported
C:\gh\azure-sdk-for-net\sdk\servermanagement\Microsoft.Azure.Management.ServerManagement\tests\ServerManagementTestBase.cs(225,35): error CS0518: Predefined type 'System.String' is not defined or imported
C:\gh\azure-sdk-for-net\sdk\servermanagement\Microsoft.Azure.Management.ServerManagement\tests\ServerManagementTestBase.cs(225,49): error CS0518: Predefined type 'System.String' is not defined or imported
C:\gh\azure-sdk-for-net\sdk\servermanagement\Microsoft.Azure.Management.ServerManagement\tests\ServerManagementTestBase.cs(230,17): error CS0518: Predefined type 'System.Object' is not defined or imported
C:\gh\azure-sdk-for-net\sdk\servermanagement\Microsoft.Azure.Management.ServerManagement\tests\ServerManagementTestBase.cs(230,17): error CS0103: The name 'Task' does not exist in the current context
C:\gh\azure-sdk-for-net\sdk\servermanagement\Microsoft.Azure.Management.ServerManagement\tests\ServerManagementTestBase.cs(230,28): error CS0518: Predefined type 'System.Int32' is not defined or imported
C:\gh\azure-sdk-for-net\sdk\servermanagement\Microsoft.Azure.Management.ServerManagement\tests\ServerManagementTestBase.cs(230,31): error CS0518: Predefined type 'System.Int32' is not defined or imported
C:\gh\azure-sdk-for-net\sdk\servermanagement\Microsoft.Azure.Management.ServerManagement\tests\ServerManagementTestBase.cs(236,17): error CS0518: Predefined type 'System.Boolean' is not defined or imported
C:\gh\azure-sdk-for-net\sdk\servermanagement\Microsoft.Azure.Management.ServerManagement\tests\ServerManagementTestBase.cs(238,30): error CS0518: Predefined type 'System.Object' is not defined or imported
C:\gh\azure-sdk-for-net\sdk\servermanagement\Microsoft.Azure.Management.ServerManagement\tests\ServerManagementTestBase.cs(238,30): error CS0246: The type or namespace name 'ServiceController' could not be found (are you missing a using directive or an assembly reference?)
C:\gh\azure-sdk-for-net\sdk\servermanagement\Microsoft.Azure.Management.ServerManagement\tests\ServerManagementTestBase.cs(238,48): error CS0518: Predefined type 'System.String' is not defined or imported
C:\gh\azure-sdk-for-net\sdk\servermanagement\Microsoft.Azure.Management.ServerManagement\tests\ServerManagementTestBase.cs(239,37): error CS0518: Predefined type 'System.Object' is not defined or imported
C:\gh\azure-sdk-for-net\sdk\servermanagement\Microsoft.Azure.Management.ServerManagement\tests\ServerManagementTestBase.cs(239,37): error CS0103: The name 'ServiceControllerStatus' does not exist in the current context
C:\gh\azure-sdk-for-net\sdk\servermanagement\Microsoft.Azure.Management.ServerManagement\tests\ServerManagementTestBase.cs(239,24): error CS0518: Predefined type 'System.Boolean' is not defined or imported
C:\gh\azure-sdk-for-net\sdk\servermanagement\Microsoft.Azure.Management.ServerManagement\tests\ServerManagementTestBase.cs(240,37): error CS0518: Predefined type 'System.Object' is not defined or imported
C:\gh\azure-sdk-for-net\sdk\servermanagement\Microsoft.Azure.Management.ServerManagement\tests\ServerManagementTestBase.cs(240,37): error CS0103: The name 'ServiceControllerStatus' does not exist in the current context
C:\gh\azure-sdk-for-net\sdk\servermanagement\Microsoft.Azure.Management.ServerManagement\tests\ServerManagementTestBase.cs(240,24): error CS0518: Predefined type 'System.Boolean' is not defined or imported
C:\gh\azure-sdk-for-net\sdk\servermanagement\Microsoft.Azure.Management.ServerManagement\tests\ServerManagementTestBase.cs(239,24): error CS0518: Predefined type 'System.Boolean' is not defined or imported
C:\gh\azure-sdk-for-net\sdk\servermanagement\Microsoft.Azure.Management.ServerManagement\tests\ServerManagementTestBase.cs(242,21): error CS0518: Predefined type 'System.Object' is not defined or imported
C:\gh\azure-sdk-for-net\sdk\servermanagement\Microsoft.Azure.Management.ServerManagement\tests\ServerManagementTestBase.cs(242,21): error CS0103: The name 'Task' does not exist in the current context
C:\gh\azure-sdk-for-net\sdk\servermanagement\Microsoft.Azure.Management.ServerManagement\tests\ServerManagementTestBase.cs(242,32): error CS0518: Predefined type 'System.Int32' is not defined or imported
C:\gh\azure-sdk-for-net\sdk\servermanagement\Microsoft.Azure.Management.ServerManagement\tests\ServerManagementTestBase.cs(245,34): error CS0518: Predefined type 'System.Object' is not defined or imported
C:\gh\azure-sdk-for-net\sdk\servermanagement\Microsoft.Azure.Management.ServerManagement\tests\ServerManagementTestBase.cs(245,34): error CS0103: The name 'ServiceControllerStatus' does not exist in the current context
C:\gh\azure-sdk-for-net\sdk\servermanagement\Microsoft.Azure.Management.ServerManagement\tests\ServerManagementTestBase.cs(245,21): error CS0518: Predefined type 'System.Boolean' is not defined or imported
C:\gh\azure-sdk-for-net\sdk\servermanagement\Microsoft.Azure.Management.ServerManagement\tests\ServerManagementTestBase.cs(245,21): error CS0518: Predefined type 'System.Boolean' is not defined or imported
C:\gh\azure-sdk-for-net\sdk\servermanagement\Microsoft.Azure.Management.ServerManagement\tests\ServerManagementTestBase.cs(247,21): error CS0518: Predefined type 'System.Object' is not defined or imported
C:\gh\azure-sdk-for-net\sdk\servermanagement\Microsoft.Azure.Management.ServerManagement\tests\ServerManagementTestBase.cs(247,31): error CS0518: Predefined type 'System.String' is not defined or imported
C:\gh\azure-sdk-for-net\sdk\servermanagement\Microsoft.Azure.Management.ServerManagement\tests\ServerManagementTestBase.cs(251,17): error CS0518: Predefined type 'System.Object' is not defined or imported
C:\gh\azure-sdk-for-net\sdk\servermanagement\Microsoft.Azure.Management.ServerManagement\tests\ServerManagementTestBase.cs(251,27): error CS0518: Predefined type 'System.String' is not defined or imported
C:\gh\azure-sdk-for-net\sdk\servermanagement\Microsoft.Azure.Management.ServerManagement\tests\ServerManagementTestBase.cs(251,41): error CS0518: Predefined type 'System.String' is not defined or imported
C:\gh\azure-sdk-for-net\sdk\servermanagement\Microsoft.Azure.Management.ServerManagement\tests\ServerManagementTestBase.cs(254,37): error CS0518: Predefined type 'System.Object' is not defined or imported
C:\gh\azure-sdk-for-net\sdk\servermanagement\Microsoft.Azure.Management.ServerManagement\tests\ServerManagementTestBase.cs(254,37): error CS0103: The name 'ServiceControllerStatus' does not exist in the current context
C:\gh\azure-sdk-for-net\sdk\servermanagement\Microsoft.Azure.Management.ServerManagement\tests\ServerManagementTestBase.cs(254,24): error CS0518: Predefined type 'System.Boolean' is not defined or imported
C:\gh\azure-sdk-for-net\sdk\servermanagement\Microsoft.Azure.Management.ServerManagement\tests\ServerManagementTestBase.cs(255,37): error CS0518: Predefined type 'System.Object' is not defined or imported
C:\gh\azure-sdk-for-net\sdk\servermanagement\Microsoft.Azure.Management.ServerManagement\tests\ServerManagementTestBase.cs(255,37): error CS0103: The name 'ServiceControllerStatus' does not exist in the current context
C:\gh\azure-sdk-for-net\sdk\servermanagement\Microsoft.Azure.Management.ServerManagement\tests\ServerManagementTestBase.cs(255,24): error CS0518: Predefined type 'System.Boolean' is not defined or imported
C:\gh\azure-sdk-for-net\sdk\servermanagement\Microsoft.Azure.Management.ServerManagement\tests\ServerManagementTestBase.cs(254,24): error CS0518: Predefined type 'System.Boolean' is not defined or imported
C:\gh\azure-sdk-for-net\sdk\servermanagement\Microsoft.Azure.Management.ServerManagement\tests\ServerManagementTestBase.cs(257,21): error CS0518: Predefined type 'System.Object' is not defined or imported
C:\gh\azure-sdk-for-net\sdk\servermanagement\Microsoft.Azure.Management.ServerManagement\tests\ServerManagementTestBase.cs(257,21): error CS0103: The name 'Task' does not exist in the current context
C:\gh\azure-sdk-for-net\sdk\servermanagement\Microsoft.Azure.Management.ServerManagement\tests\ServerManagementTestBase.cs(257,32): error CS0518: Predefined type 'System.Int32' is not defined or imported
C:\gh\azure-sdk-for-net\sdk\servermanagement\Microsoft.Azure.Management.ServerManagement\tests\ServerManagementTestBase.cs(265,17): error CS0518: Predefined type 'System.Boolean' is not defined or imported
C:\gh\azure-sdk-for-net\sdk\servermanagement\Microsoft.Azure.Management.ServerManagement\tests\ServerManagementTestBase.cs(265,17): error CS0518: Predefined type 'System.Boolean' is not defined or imported
C:\gh\azure-sdk-for-net\sdk\servermanagement\Microsoft.Azure.Management.ServerManagement\tests\ServerManagementTestBase.cs(267,17): error CS0518: Predefined type 'System.Object' is not defined or imported
C:\gh\azure-sdk-for-net\sdk\servermanagement\Microsoft.Azure.Management.ServerManagement\tests\ServerManagementTestBase.cs(267,17): error CS0103: The name 'Console' does not exist in the current context
C:\gh\azure-sdk-for-net\sdk\servermanagement\Microsoft.Azure.Management.ServerManagement\tests\ServerManagementTestBase.cs(277,45): error CS0518: Predefined type 'System.Object' is not defined or imported
C:\gh\azure-sdk-for-net\sdk\servermanagement\Microsoft.Azure.Management.ServerManagement\tests\ServerManagementTestBase.cs(284,17): error CS0518: Predefined type 'System.Object' is not defined or imported
C:\gh\azure-sdk-for-net\sdk\servermanagement\Microsoft.Azure.Management.ServerManagement\tests\ServerManagementTestBase.cs(284,27): error CS0518: Predefined type 'System.String' is not defined or imported
C:\gh\azure-sdk-for-net\sdk\servermanagement\Microsoft.Azure.Management.ServerManagement\tests\ServerManagementTestBase.cs(284,41): error CS0518: Predefined type 'System.String' is not defined or imported
C:\gh\azure-sdk-for-net\sdk\servermanagement\Microsoft.Azure.Management.ServerManagement\tests\ServerManagementTestBase.cs(285,24): error CS0012: The type 'Task' is defined in an assembly that is not referenced. You must add a reference to assembly 'mscorlib, Version=4.0.0.0, Culture=neutral, PublicKeyToken=b77a5c561934e089'.
C:\gh\azure-sdk-for-net\sdk\servermanagement\Microsoft.Azure.Management.ServerManagement\tests\ServerManagementTestBase.cs(290,20): error CS0518: Predefined type 'System.Object' is not defined or imported
C:\gh\azure-sdk-for-net\sdk\servermanagement\Microsoft.Azure.Management.ServerManagement\tests\ServerManagementTestBase.cs(290,20): error CS0103: The name 'Task' does not exist in the current context
C:\gh\azure-sdk-for-net\sdk\servermanagement\Microsoft.Azure.Management.ServerManagement\tests\ServerManagementTestBase.cs(290,36): error CS0518: Predefined type 'System.Boolean' is not defined or imported
C:\gh\azure-sdk-for-net\sdk\servermanagement\Microsoft.Azure.Management.ServerManagement\tests\OperationsTest.cs(60,22): error CS0518: Predefined type 'System.String' is not defined or imported
C:\gh\azure-sdk-for-net\sdk\servermanagement\Microsoft.Azure.Management.ServerManagement\tests\OperationsTest.cs(61,25): error CS0518: Predefined type 'System.String' is not defined or imported
C:\gh\azure-sdk-for-net\sdk\servermanagement\Microsoft.Azure.Management.ServerManagement\tests\OperationsTest.cs(62,20): error CS0518: Predefined type 'System.String' is not defined or imported
C:\gh\azure-sdk-for-net\sdk\servermanagement\Microsoft.Azure.Management.ServerManagement\tests\OperationsTest.cs(63,17): error CS0518: Predefined type 'System.String' is not defined or imported
C:\gh\azure-sdk-for-net\sdk\servermanagement\Microsoft.Azure.Management.ServerManagement\tests\OperationsTest.cs(59,32): error CS0012: The type 'Task<>' is defined in an assembly that is not referenced. You must add a reference to assembly 'mscorlib, Version=4.0.0.0, Culture=neutral, PublicKeyToken=b77a5c561934e089'.
C:\gh\azure-sdk-for-net\sdk\servermanagement\Microsoft.Azure.Management.ServerManagement\tests\OperationsTest.cs(64,13): error CS0518: Predefined type 'System.Object' is not defined or imported
C:\gh\azure-sdk-for-net\sdk\servermanagement\Microsoft.Azure.Management.ServerManagement\tests\OperationsTest.cs(64,13): error CS0103: The name 'Assert' does not exist in the current context
C:\gh\azure-sdk-for-net\sdk\servermanagement\Microsoft.Azure.Management.ServerManagement\tests\OperationsTest.cs(68,13): error CS0518: Predefined type 'System.Object' is not defined or imported
C:\gh\azure-sdk-for-net\sdk\servermanagement\Microsoft.Azure.Management.ServerManagement\tests\OperationsTest.cs(68,13): error CS0103: The name 'Assert' does not exist in the current context
C:\gh\azure-sdk-for-net\sdk\servermanagement\Microsoft.Azure.Management.ServerManagement\tests\OperationsTest.cs(71,25): error CS0518: Predefined type 'System.Boolean' is not defined or imported
C:\gh\azure-sdk-for-net\sdk\servermanagement\Microsoft.Azure.Management.ServerManagement\tests\OperationsTest.cs(74,25): error CS0518: Predefined type 'System.Boolean' is not defined or imported
C:\gh\azure-sdk-for-net\sdk\servermanagement\Microsoft.Azure.Management.ServerManagement\tests\OperationsTest.cs(75,17): error CS0518: Predefined type 'System.Object' is not defined or imported
C:\gh\azure-sdk-for-net\sdk\servermanagement\Microsoft.Azure.Management.ServerManagement\tests\OperationsTest.cs(75,27): error CS0518: Predefined type 'System.String' is not defined or imported
C:\gh\azure-sdk-for-net\sdk\servermanagement\Microsoft.Azure.Management.ServerManagement\tests\OperationsTest.cs(75,41): error CS0518: Predefined type 'System.String' is not defined or imported
C:\gh\azure-sdk-for-net\sdk\servermanagement\Microsoft.Azure.Management.ServerManagement\tests\OperationsTest.cs(77,13): error CS0518: Predefined type 'System.Object' is not defined or imported
C:\gh\azure-sdk-for-net\sdk\servermanagement\Microsoft.Azure.Management.ServerManagement\tests\OperationsTest.cs(77,13): error CS0103: The name 'Assert' does not exist in the current context
C:\gh\azure-sdk-for-net\sdk\servermanagement\Microsoft.Azure.Management.ServerManagement\tests\OperationsTest.cs(79,13): error CS0518: Predefined type 'System.Object' is not defined or imported
C:\gh\azure-sdk-for-net\sdk\servermanagement\Microsoft.Azure.Management.ServerManagement\tests\OperationsTest.cs(80,21): error CS0518: Predefined type 'System.Boolean' is not defined or imported
C:\gh\azure-sdk-for-net\sdk\servermanagement\Microsoft.Azure.Management.ServerManagement\tests\OperationsTest.cs(95,29): error CS0012: The type 'Nullable<>' is defined in an assembly that is not referenced. You must add a reference to assembly 'mscorlib, Version=4.0.0.0, Culture=neutral, PublicKeyToken=b77a5c561934e089'.
C:\gh\azure-sdk-for-net\sdk\servermanagement\Microsoft.Azure.Management.ServerManagement\tests\OperationsTest.cs(95,42): error CS0518: Predefined type 'System.Boolean' is not defined or imported
C:\gh\azure-sdk-for-net\sdk\servermanagement\Microsoft.Azure.Management.ServerManagement\tests\OperationsTest.cs(95,22): error CS0518: Predefined type 'System.Boolean' is not defined or imported
C:\gh\azure-sdk-for-net\sdk\servermanagement\Microsoft.Azure.Management.ServerManagement\tests\OperationsTest.cs(85,26): error CS0518: Predefined type 'System.String' is not defined or imported
C:\gh\azure-sdk-for-net\sdk\servermanagement\Microsoft.Azure.Management.ServerManagement\tests\OperationsTest.cs(86,29): error CS0518: Predefined type 'System.String' is not defined or imported
C:\gh\azure-sdk-for-net\sdk\servermanagement\Microsoft.Azure.Management.ServerManagement\tests\OperationsTest.cs(87,24): error CS0518: Predefined type 'System.String' is not defined or imported
C:\gh\azure-sdk-for-net\sdk\servermanagement\Microsoft.Azure.Management.ServerManagement\tests\OperationsTest.cs(88,21): error CS0518: Predefined type 'System.Object' is not defined or imported
C:\gh\azure-sdk-for-net\sdk\servermanagement\Microsoft.Azure.Management.ServerManagement\tests\OperationsTest.cs(84,30): error CS0012: The type 'Task<>' is defined in an assembly that is not referenced. You must add a reference to assembly 'mscorlib, Version=4.0.0.0, Culture=neutral, PublicKeyToken=b77a5c561934e089'.
C:\gh\azure-sdk-for-net\sdk\servermanagement\Microsoft.Azure.Management.ServerManagement\tests\OperationsTest.cs(90,40): error CS0012: The type 'IList<>' is defined in an assembly that is not referenced. You must add a reference to assembly 'mscorlib, Version=4.0.0.0, Culture=neutral, PublicKeyToken=b77a5c561934e089'.
C:\gh\azure-sdk-for-net\sdk\servermanagement\Microsoft.Azure.Management.ServerManagement\tests\OperationsTest.cs(92,29): error CS0518: Predefined type 'System.Boolean' is not defined or imported
C:\gh\azure-sdk-for-net\sdk\servermanagement\Microsoft.Azure.Management.ServerManagement\tests\OperationsTest.cs(93,21): error CS0518: Predefined type 'System.Object' is not defined or imported
C:\gh\azure-sdk-for-net\sdk\servermanagement\Microsoft.Azure.Management.ServerManagement\tests\OperationsTest.cs(93,31): error CS0518: Predefined type 'System.String' is not defined or imported
C:\gh\azure-sdk-for-net\sdk\servermanagement\Microsoft.Azure.Management.ServerManagement\tests\OperationsTest.cs(93,45): error CS0518: Predefined type 'System.String' is not defined or imported
C:\gh\azure-sdk-for-net\sdk\servermanagement\Microsoft.Azure.Management.ServerManagement\tests\OperationsTest.cs(96,13): error CS0518: Predefined type 'System.Object' is not defined or imported
C:\gh\azure-sdk-for-net\sdk\servermanagement\Microsoft.Azure.Management.ServerManagement\tests\OperationsTest.cs(96,13): error CS0103: The name 'Assert' does not exist in the current context
C:\gh\azure-sdk-for-net\sdk\servermanagement\Microsoft.Azure.Management.ServerManagement\tests\OperationsTest.cs(97,13): error CS0518: Predefined type 'System.Object' is not defined or imported
C:\gh\azure-sdk-for-net\sdk\servermanagement\Microsoft.Azure.Management.ServerManagement\tests\OperationsTest.cs(97,13): error CS0103: The name 'Assert' does not exist in the current context
C:\gh\azure-sdk-for-net\sdk\servermanagement\Microsoft.Azure.Management.ServerManagement\tests\OperationsTest.cs(97,30): error CS0012: The type 'Nullable<>' is defined in an assembly that is not referenced. You must add a reference to assembly 'mscorlib, Version=4.0.0.0, Culture=neutral, PublicKeyToken=b77a5c561934e089'.
C:\gh\azure-sdk-for-net\sdk\servermanagement\Microsoft.Azure.Management.ServerManagement\tests\OperationsTest.cs(54,28): error CS0161: 'OperationsTest.RunLongPowerShellCommand(ServerManagementClient, NodeResource, SessionResource, PowerShellSessionResource)': not all code paths return a value
C:\gh\azure-sdk-for-net\sdk\servermanagement\Microsoft.Azure.Management.ServerManagement\tests\ServerManagementTestBase.cs(297,17): error CS0518: Predefined type 'System.Object' is not defined or imported
C:\gh\azure-sdk-for-net\sdk\servermanagement\Microsoft.Azure.Management.ServerManagement\tests\ServerManagementTestBase.cs(297,27): error CS0518: Predefined type 'System.String' is not defined or imported
C:\gh\azure-sdk-for-net\sdk\servermanagement\Microsoft.Azure.Management.ServerManagement\tests\ServerManagementTestBase.cs(297,41): error CS0518: Predefined type 'System.String' is not defined or imported
C:\gh\azure-sdk-for-net\sdk\servermanagement\Microsoft.Azure.Management.ServerManagement\tests\ServerManagementTestBase.cs(299,23): error CS0234: The type or namespace name 'Rest' does not exist in the namespace 'Microsoft' (are you missing an assembly reference?)
C:\gh\azure-sdk-for-net\sdk\servermanagement\Microsoft.Azure.Management.ServerManagement\tests\ServerManagementTestBase.cs(304,23): error CS0012: The type 'Task' is defined in an assembly that is not referenced. You must add a reference to assembly 'mscorlib, Version=4.0.0.0, Culture=neutral, PublicKeyToken=b77a5c561934e089'.
C:\gh\azure-sdk-for-net\sdk\servermanagement\Microsoft.Azure.Management.ServerManagement\tests\ServerManagementTestBase.cs(293,30): error CS0161: 'ServerManagementTestBase.RemoveGateway(ServerManagementClient, string)': not all code paths return a value
C:\gh\azure-sdk-for-net\sdk\servermanagement\Microsoft.Azure.Management.ServerManagement\tests\OperationsTest.cs(103,13): error CS0518: Predefined type 'System.Boolean' is not defined or imported
C:\gh\azure-sdk-for-net\sdk\servermanagement\Microsoft.Azure.Management.ServerManagement\tests\OperationsTest.cs(105,89): error CS0518: Predefined type 'System.String' is not defined or imported
C:\gh\azure-sdk-for-net\sdk\servermanagement\Microsoft.Azure.Management.ServerManagement\tests\OperationsTest.cs(105,103): error CS0518: Predefined type 'System.String' is not defined or imported
C:\gh\azure-sdk-for-net\sdk\servermanagement\Microsoft.Azure.Management.ServerManagement\tests\OperationsTest.cs(105,34): error CS0012: The type 'Task<>' is defined in an assembly that is not referenced. You must add a reference to assembly 'mscorlib, Version=4.0.0.0, Culture=neutral, PublicKeyToken=b77a5c561934e089'.
C:\gh\azure-sdk-for-net\sdk\servermanagement\Microsoft.Azure.Management.ServerManagement\tests\OperationsTest.cs(106,13): error CS0518: Predefined type 'System.Object' is not defined or imported
C:\gh\azure-sdk-for-net\sdk\servermanagement\Microsoft.Azure.Management.ServerManagement\tests\OperationsTest.cs(106,13): error CS0103: The name 'Assert' does not exist in the current context
C:\gh\azure-sdk-for-net\sdk\servermanagement\Microsoft.Azure.Management.ServerManagement\tests\OperationsTest.cs(107,21): error CS0518: Predefined type 'System.Boolean' is not defined or imported
C:\gh\azure-sdk-for-net\sdk\servermanagement\Microsoft.Azure.Management.ServerManagement\tests\OperationsTest.cs(110,25): error CS0518: Predefined type 'System.Boolean' is not defined or imported
C:\gh\azure-sdk-for-net\sdk\servermanagement\Microsoft.Azure.Management.ServerManagement\tests\OperationsTest.cs(111,17): error CS0518: Predefined type 'System.Object' is not defined or imported
C:\gh\azure-sdk-for-net\sdk\servermanagement\Microsoft.Azure.Management.ServerManagement\tests\OperationsTest.cs(111,27): error CS0518: Predefined type 'System.String' is not defined or imported
C:\gh\azure-sdk-for-net\sdk\servermanagement\Microsoft.Azure.Management.ServerManagement\tests\OperationsTest.cs(111,41): error CS0518: Predefined type 'System.String' is not defined or imported
C:\gh\azure-sdk-for-net\sdk\servermanagement\Microsoft.Azure.Management.ServerManagement\tests\OperationsTest.cs(113,13): error CS0518: Predefined type 'System.Object' is not defined or imported
C:\gh\azure-sdk-for-net\sdk\servermanagement\Microsoft.Azure.Management.ServerManagement\tests\OperationsTest.cs(113,13): error CS0103: The name 'Assert' does not exist in the current context
C:\gh\azure-sdk-for-net\sdk\servermanagement\Microsoft.Azure.Management.ServerManagement\tests\OperationsTest.cs(100,28): error CS0161: 'OperationsTest.ListPowerShellSessions(ServerManagementClient, NodeResource, SessionResource)': not all code paths return a value
C:\gh\azure-sdk-for-net\sdk\servermanagement\Microsoft.Azure.Management.ServerManagement\tests\ServerManagementTestBase.cs(313,25): error CS0234: The type or namespace name 'Rest' does not exist in the namespace 'Microsoft' (are you missing an assembly reference?)
C:\gh\azure-sdk-for-net\sdk\servermanagement\Microsoft.Azure.Management.ServerManagement\tests\ServerManagementTestBase.cs(314,17): error CS0518: Predefined type 'System.Boolean' is not defined or imported
C:\gh\azure-sdk-for-net\sdk\servermanagement\Microsoft.Azure.Management.ServerManagement\tests\ServerManagementTestBase.cs(314,17): error CS0518: Predefined type 'System.Boolean' is not defined or imported
C:\gh\azure-sdk-for-net\sdk\servermanagement\Microsoft.Azure.Management.ServerManagement\tests\ServerManagementTestBase.cs(318,27): error CS0518: Predefined type 'System.Object' is not defined or imported
C:\gh\azure-sdk-for-net\sdk\servermanagement\Microsoft.Azure.Management.ServerManagement\tests\ServerManagementTestBase.cs(311,30): error CS0161: 'ServerManagementTestBase.RemoveAllNodes(ServerManagementClient)': not all code paths return a value
C:\gh\azure-sdk-for-net\sdk\servermanagement\Microsoft.Azure.Management.ServerManagement\tests\OperationsTest.cs(119,31): error CS0012: The type 'Task<>' is defined in an assembly that is not referenced. You must add a reference to assembly 'mscorlib, Version=4.0.0.0, Culture=neutral, PublicKeyToken=b77a5c561934e089'.
C:\gh\azure-sdk-for-net\sdk\servermanagement\Microsoft.Azure.Management.ServerManagement\tests\OperationsTest.cs(120,13): error CS0518: Predefined type 'System.Object' is not defined or imported
C:\gh\azure-sdk-for-net\sdk\servermanagement\Microsoft.Azure.Management.ServerManagement\tests\OperationsTest.cs(120,13): error CS0103: The name 'Assert' does not exist in the current context
C:\gh\azure-sdk-for-net\sdk\servermanagement\Microsoft.Azure.Management.ServerManagement\tests\OperationsTest.cs(122,25): error CS0518: Predefined type 'System.Boolean' is not defined or imported
C:\gh\azure-sdk-for-net\sdk\servermanagement\Microsoft.Azure.Management.ServerManagement\tests\OperationsTest.cs(125,25): error CS0518: Predefined type 'System.Boolean' is not defined or imported
C:\gh\azure-sdk-for-net\sdk\servermanagement\Microsoft.Azure.Management.ServerManagement\tests\OperationsTest.cs(126,17): error CS0518: Predefined type 'System.Object' is not defined or imported
C:\gh\azure-sdk-for-net\sdk\servermanagement\Microsoft.Azure.Management.ServerManagement\tests\OperationsTest.cs(126,27): error CS0518: Predefined type 'System.String' is not defined or imported
C:\gh\azure-sdk-for-net\sdk\servermanagement\Microsoft.Azure.Management.ServerManagement\tests\OperationsTest.cs(126,41): error CS0518: Predefined type 'System.String' is not defined or imported
C:\gh\azure-sdk-for-net\sdk\servermanagement\Microsoft.Azure.Management.ServerManagement\tests\OperationsTest.cs(130,13): error CS0518: Predefined type 'System.Object' is not defined or imported
C:\gh\azure-sdk-for-net\sdk\servermanagement\Microsoft.Azure.Management.ServerManagement\tests\OperationsTest.cs(130,13): error CS0103: The name 'Assert' does not exist in the current context
C:\gh\azure-sdk-for-net\sdk\servermanagement\Microsoft.Azure.Management.ServerManagement\tests\OperationsTest.cs(130,32): error CS0518: Predefined type 'System.String' is not defined or imported
C:\gh\azure-sdk-for-net\sdk\servermanagement\Microsoft.Azure.Management.ServerManagement\tests\ServerManagementTestBase.cs(325,28): error CS0234: The type or namespace name 'Rest' does not exist in the namespace 'Microsoft' (are you missing an assembly reference?)
C:\gh\azure-sdk-for-net\sdk\servermanagement\Microsoft.Azure.Management.ServerManagement\tests\ServerManagementTestBase.cs(326,17): error CS0518: Predefined type 'System.Boolean' is not defined or imported
C:\gh\azure-sdk-for-net\sdk\servermanagement\Microsoft.Azure.Management.ServerManagement\tests\ServerManagementTestBase.cs(326,17): error CS0518: Predefined type 'System.Boolean' is not defined or imported
C:\gh\azure-sdk-for-net\sdk\servermanagement\Microsoft.Azure.Management.ServerManagement\tests\ServerManagementTestBase.cs(330,25): error CS0518: Predefined type 'System.Boolean' is not defined or imported
C:\gh\azure-sdk-for-net\sdk\servermanagement\Microsoft.Azure.Management.ServerManagement\tests\ServerManagementTestBase.cs(330,25): error CS0518: Predefined type 'System.Boolean' is not defined or imported
C:\gh\azure-sdk-for-net\sdk\servermanagement\Microsoft.Azure.Management.ServerManagement\tests\ServerManagementTestBase.cs(332,31): error CS0518: Predefined type 'System.Object' is not defined or imported
C:\gh\azure-sdk-for-net\sdk\servermanagement\Microsoft.Azure.Management.ServerManagement\tests\ServerManagementTestBase.cs(323,30): error CS0161: 'ServerManagementTestBase.RemoveAllGateways(ServerManagementClient)': not all code paths return a value
C:\gh\azure-sdk-for-net\sdk\servermanagement\Microsoft.Azure.Management.ServerManagement\tests\OperationsTest.cs(140,36): error CS0518: Predefined type 'System.String' is not defined or imported
C:\gh\azure-sdk-for-net\sdk\servermanagement\Microsoft.Azure.Management.ServerManagement\tests\OperationsTest.cs(136,30): error CS0012: The type 'Task<>' is defined in an assembly that is not referenced. You must add a reference to assembly 'mscorlib, Version=4.0.0.0, Culture=neutral, PublicKeyToken=b77a5c561934e089'.
C:\gh\azure-sdk-for-net\sdk\servermanagement\Microsoft.Azure.Management.ServerManagement\tests\OperationsTest.cs(145,13): error CS0518: Predefined type 'System.Object' is not defined or imported
C:\gh\azure-sdk-for-net\sdk\servermanagement\Microsoft.Azure.Management.ServerManagement\tests\OperationsTest.cs(145,13): error CS0103: The name 'Assert' does not exist in the current context
C:\gh\azure-sdk-for-net\sdk\servermanagement\Microsoft.Azure.Management.ServerManagement\tests\ServerManagementTestBase.cs(340,17): error CS0518: Predefined type 'System.Boolean' is not defined or imported
C:\gh\azure-sdk-for-net\sdk\servermanagement\Microsoft.Azure.Management.ServerManagement\tests\ServerManagementTestBase.cs(343,17): error CS0518: Predefined type 'System.Object' is not defined or imported
C:\gh\azure-sdk-for-net\sdk\servermanagement\Microsoft.Azure.Management.ServerManagement\tests\ServerManagementTestBase.cs(343,17): error CS0103: The name 'Assert' does not exist in the current context
C:\gh\azure-sdk-for-net\sdk\servermanagement\Microsoft.Azure.Management.ServerManagement\tests\ServerManagementTestBase.cs(343,38): error CS0518: Predefined type 'System.String' is not defined or imported
C:\gh\azure-sdk-for-net\sdk\servermanagement\Microsoft.Azure.Management.ServerManagement\tests\ServerManagementTestBase.cs(348,21): error CS0518: Predefined type 'System.IDisposable' is not defined or imported
C:\gh\azure-sdk-for-net\sdk\servermanagement\Microsoft.Azure.Management.ServerManagement\tests\ServerManagementTestBase.cs(348,41): error CS0518: Predefined type 'System.Object' is not defined or imported
C:\gh\azure-sdk-for-net\sdk\servermanagement\Microsoft.Azure.Management.ServerManagement\tests\ServerManagementTestBase.cs(348,41): error CS0246: The type or namespace name 'ServiceController' could not be found (are you missing a using directive or an assembly reference?)
C:\gh\azure-sdk-for-net\sdk\servermanagement\Microsoft.Azure.Management.ServerManagement\tests\ServerManagementTestBase.cs(348,59): error CS0518: Predefined type 'System.String' is not defined or imported
C:\gh\azure-sdk-for-net\sdk\servermanagement\Microsoft.Azure.Management.ServerManagement\tests\ServerManagementTestBase.cs(354,31): error CS0518: Predefined type 'System.Object' is not defined or imported
C:\gh\azure-sdk-for-net\sdk\servermanagement\Microsoft.Azure.Management.ServerManagement\tests\ServerManagementTestBase.cs(354,31): error CS0246: The type or namespace name 'Exception' could not be found (are you missing a using directive or an assembly reference?)
C:\gh\azure-sdk-for-net\sdk\servermanagement\Microsoft.Azure.Management.ServerManagement\tests\ServerManagementTestBase.cs(354,41): error CS0518: Predefined type 'System.String' is not defined or imported
C:\gh\azure-sdk-for-net\sdk\servermanagement\Microsoft.Azure.Management.ServerManagement\tests\ServerManagementTestBase.cs(357,21): error CS0518: Predefined type 'System.Boolean' is not defined or imported
C:\gh\azure-sdk-for-net\sdk\servermanagement\Microsoft.Azure.Management.ServerManagement\tests\ServerManagementTestBase.cs(359,29): error CS0518: Predefined type 'System.Boolean' is not defined or imported
C:\gh\azure-sdk-for-net\sdk\servermanagement\Microsoft.Azure.Management.ServerManagement\tests\ServerManagementTestBase.cs(360,21): error CS0518: Predefined type 'System.IDisposable' is not defined or imported
C:\gh\azure-sdk-for-net\sdk\servermanagement\Microsoft.Azure.Management.ServerManagement\tests\ServerManagementTestBase.cs(360,42): error CS0518: Predefined type 'System.Object' is not defined or imported
C:\gh\azure-sdk-for-net\sdk\servermanagement\Microsoft.Azure.Management.ServerManagement\tests\ServerManagementTestBase.cs(360,42): error CS0103: The name 'MockContext' does not exist in the current context
C:\gh\azure-sdk-for-net\sdk\servermanagement\Microsoft.Azure.Management.ServerManagement\tests\ServerManagementTestBase.cs(360,60): error CS0518: Predefined type 'System.String' is not defined or imported
C:\gh\azure-sdk-for-net\sdk\servermanagement\Microsoft.Azure.Management.ServerManagement\tests\ServerManagementTestBase.cs(362,38): error CS0518: Predefined type 'System.Object' is not defined or imported
C:\gh\azure-sdk-for-net\sdk\servermanagement\Microsoft.Azure.Management.ServerManagement\tests\ServerManagementTestBase.cs(363,31): error CS0518: Predefined type 'System.Object' is not defined or imported
C:\gh\azure-sdk-for-net\sdk\servermanagement\Microsoft.Azure.Management.ServerManagement\tests\ServerManagementTestBase.cs(364,31): error CS0518: Predefined type 'System.Object' is not defined or imported
C:\gh\azure-sdk-for-net\sdk\servermanagement\Microsoft.Azure.Management.ServerManagement\tests\ServerManagementTestBase.cs(338,30): error CS0161: 'ServerManagementTestBase.EnsurePrerequisites()': not all code paths return a value
C:\gh\azure-sdk-for-net\sdk\servermanagement\Microsoft.Azure.Management.ServerManagement\tests\OperationsTest.cs(151,13): error CS0518: Predefined type 'System.Object' is not defined or imported
C:\gh\azure-sdk-for-net\sdk\servermanagement\Microsoft.Azure.Management.ServerManagement\tests\OperationsTest.cs(156,30): error CS0518: Predefined type 'System.Object' is not defined or imported
C:\gh\azure-sdk-for-net\sdk\servermanagement\Microsoft.Azure.Management.ServerManagement\tests\OperationsTest.cs(153,29): error CS0012: The type 'Task<>' is defined in an assembly that is not referenced. You must add a reference to assembly 'mscorlib, Version=4.0.0.0, Culture=neutral, PublicKeyToken=b77a5c561934e089'.
C:\gh\azure-sdk-for-net\sdk\servermanagement\Microsoft.Azure.Management.ServerManagement\tests\OperationsTest.cs(159,13): error CS0518: Predefined type 'System.Object' is not defined or imported
C:\gh\azure-sdk-for-net\sdk\servermanagement\Microsoft.Azure.Management.ServerManagement\tests\OperationsTest.cs(159,13): error CS0103: The name 'Assert' does not exist in the current context
C:\gh\azure-sdk-for-net\sdk\servermanagement\Microsoft.Azure.Management.ServerManagement\tests\OperationsTest.cs(161,13): error CS0518: Predefined type 'System.Object' is not defined or imported
C:\gh\azure-sdk-for-net\sdk\servermanagement\Microsoft.Azure.Management.ServerManagement\tests\OperationsTest.cs(161,23): error CS0518: Predefined type 'System.String' is not defined or imported
C:\gh\azure-sdk-for-net\sdk\servermanagement\Microsoft.Azure.Management.ServerManagement\tests\OperationsTest.cs(161,37): error CS0518: Predefined type 'System.String' is not defined or imported
C:\gh\azure-sdk-for-net\sdk\servermanagement\Microsoft.Azure.Management.ServerManagement\tests\OperationsTest.cs(161,69): error CS0518: Predefined type 'System.String' is not defined or imported
C:\gh\azure-sdk-for-net\sdk\servermanagement\Microsoft.Azure.Management.ServerManagement\tests\OperationsTest.cs(163,33): error CS0012: The type 'Task<>' is defined in an assembly that is not referenced. You must add a reference to assembly 'mscorlib, Version=4.0.0.0, Culture=neutral, PublicKeyToken=b77a5c561934e089'.
C:\gh\azure-sdk-for-net\sdk\servermanagement\Microsoft.Azure.Management.ServerManagement\tests\OperationsTest.cs(165,17): error CS0518: Predefined type 'System.Boolean' is not defined or imported
C:\gh\azure-sdk-for-net\sdk\servermanagement\Microsoft.Azure.Management.ServerManagement\tests\OperationsTest.cs(168,17): error CS0518: Predefined type 'System.Object' is not defined or imported
C:\gh\azure-sdk-for-net\sdk\servermanagement\Microsoft.Azure.Management.ServerManagement\tests\OperationsTest.cs(171,17): error CS0518: Predefined type 'System.Object' is not defined or imported
C:\gh\azure-sdk-for-net\sdk\servermanagement\Microsoft.Azure.Management.ServerManagement\tests\OperationsTest.cs(171,27): error CS0518: Predefined type 'System.String' is not defined or imported
C:\gh\azure-sdk-for-net\sdk\servermanagement\Microsoft.Azure.Management.ServerManagement\tests\OperationsTest.cs(171,41): error CS0518: Predefined type 'System.String' is not defined or imported
C:\gh\azure-sdk-for-net\sdk\servermanagement\Microsoft.Azure.Management.ServerManagement\tests\OperationsTest.cs(172,33): error CS0518: Predefined type 'System.Object' is not defined or imported
C:\gh\azure-sdk-for-net\sdk\servermanagement\Microsoft.Azure.Management.ServerManagement\tests\OperationsTest.cs(172,33): error CS0103: The name 'ProtectedData' does not exist in the current context
C:\gh\azure-sdk-for-net\sdk\servermanagement\Microsoft.Azure.Management.ServerManagement\tests\OperationsTest.cs(172,55): error CS0518: Predefined type 'System.Object' is not defined or imported
C:\gh\azure-sdk-for-net\sdk\servermanagement\Microsoft.Azure.Management.ServerManagement\tests\OperationsTest.cs(172,55): error CS0103: The name 'Encoding' does not exist in the current context
C:\gh\azure-sdk-for-net\sdk\servermanagement\Microsoft.Azure.Management.ServerManagement\tests\OperationsTest.cs(174,21): error CS0518: Predefined type 'System.Object' is not defined or imported
C:\gh\azure-sdk-for-net\sdk\servermanagement\Microsoft.Azure.Management.ServerManagement\tests\OperationsTest.cs(174,21): error CS0103: The name 'DataProtectionScope' does not exist in the current context
C:\gh\azure-sdk-for-net\sdk\servermanagement\Microsoft.Azure.Management.ServerManagement\tests\OperationsTest.cs(175,28): error CS0518: Predefined type 'System.Object' is not defined or imported
C:\gh\azure-sdk-for-net\sdk\servermanagement\Microsoft.Azure.Management.ServerManagement\tests\OperationsTest.cs(175,28): error CS0103: The name 'Environment' does not exist in the current context
C:\gh\azure-sdk-for-net\sdk\servermanagement\Microsoft.Azure.Management.ServerManagement\tests\OperationsTest.cs(175,67): error CS0518: Predefined type 'System.String' is not defined or imported
C:\gh\azure-sdk-for-net\sdk\servermanagement\Microsoft.Azure.Management.ServerManagement\tests\OperationsTest.cs(175,87): error CS0518: Predefined type 'System.String' is not defined or imported
C:\gh\azure-sdk-for-net\sdk\servermanagement\Microsoft.Azure.Management.ServerManagement\tests\OperationsTest.cs(176,17): error CS0518: Predefined type 'System.Object' is not defined or imported
C:\gh\azure-sdk-for-net\sdk\servermanagement\Microsoft.Azure.Management.ServerManagement\tests\OperationsTest.cs(176,17): error CS0103: The name 'Directory' does not exist in the current context
C:\gh\azure-sdk-for-net\sdk\servermanagement\Microsoft.Azure.Management.ServerManagement\tests\OperationsTest.cs(177,17): error CS0518: Predefined type 'System.Object' is not defined or imported
C:\gh\azure-sdk-for-net\sdk\servermanagement\Microsoft.Azure.Management.ServerManagement\tests\OperationsTest.cs(177,17): error CS0103: The name 'File' does not exist in the current context
C:\gh\azure-sdk-for-net\sdk\servermanagement\Microsoft.Azure.Management.ServerManagement\tests\OperationsTest.cs(177,43): error CS0518: Predefined type 'System.String' is not defined or imported
C:\gh\azure-sdk-for-net\sdk\servermanagement\Microsoft.Azure.Management.ServerManagement\tests\OperationsTest.cs(180,17): error CS0518: Predefined type 'System.Object' is not defined or imported
C:\gh\azure-sdk-for-net\sdk\servermanagement\Microsoft.Azure.Management.ServerManagement\tests\OperationsTest.cs(183,17): error CS0518: Predefined type 'System.Object' is not defined or imported
C:\gh\azure-sdk-for-net\sdk\servermanagement\Microsoft.Azure.Management.ServerManagement\tests\OperationsTest.cs(183,17): error CS0103: The name 'Task' does not exist in the current context
C:\gh\azure-sdk-for-net\sdk\servermanagement\Microsoft.Azure.Management.ServerManagement\tests\OperationsTest.cs(183,28): error CS0518: Predefined type 'System.Int32' is not defined or imported
C:\gh\azure-sdk-for-net\sdk\servermanagement\Microsoft.Azure.Management.ServerManagement\tests\OperationsTest.cs(183,34): error CS0518: Predefined type 'System.Int32' is not defined or imported
C:\gh\azure-sdk-for-net\sdk\servermanagement\Microsoft.Azure.Management.ServerManagement\tests\OperationsTest.cs(185,13): error CS0518: Predefined type 'System.Object' is not defined or imported
C:\gh\azure-sdk-for-net\sdk\servermanagement\Microsoft.Azure.Management.ServerManagement\tests\OperationsTest.cs(185,13): error CS0103: The name 'Assert' does not exist in the current context
C:\gh\azure-sdk-for-net\sdk\servermanagement\Microsoft.Azure.Management.ServerManagement\tests\OperationsTest.cs(194,13): error CS0518: Predefined type 'System.Boolean' is not defined or imported
C:\gh\azure-sdk-for-net\sdk\servermanagement\Microsoft.Azure.Management.ServerManagement\tests\OperationsTest.cs(197,22): error CS0518: Predefined type 'System.String' is not defined or imported
C:\gh\azure-sdk-for-net\sdk\servermanagement\Microsoft.Azure.Management.ServerManagement\tests\OperationsTest.cs(198,25): error CS0518: Predefined type 'System.String' is not defined or imported
C:\gh\azure-sdk-for-net\sdk\servermanagement\Microsoft.Azure.Management.ServerManagement\tests\OperationsTest.cs(199,20): error CS0518: Predefined type 'System.String' is not defined or imported
C:\gh\azure-sdk-for-net\sdk\servermanagement\Microsoft.Azure.Management.ServerManagement\tests\OperationsTest.cs(200,17): error CS0518: Predefined type 'System.String' is not defined or imported
C:\gh\azure-sdk-for-net\sdk\servermanagement\Microsoft.Azure.Management.ServerManagement\tests\OperationsTest.cs(196,33): error CS0012: The type 'Task<>' is defined in an assembly that is not referenced. You must add a reference to assembly 'mscorlib, Version=4.0.0.0, Culture=neutral, PublicKeyToken=b77a5c561934e089'.
C:\gh\azure-sdk-for-net\sdk\servermanagement\Microsoft.Azure.Management.ServerManagement\tests\OperationsTest.cs(201,13): error CS0518: Predefined type 'System.Object' is not defined or imported
C:\gh\azure-sdk-for-net\sdk\servermanagement\Microsoft.Azure.Management.ServerManagement\tests\OperationsTest.cs(201,13): error CS0103: The name 'Assert' does not exist in the current context
C:\gh\azure-sdk-for-net\sdk\servermanagement\Microsoft.Azure.Management.ServerManagement\tests\OperationsTest.cs(202,21): error CS0518: Predefined type 'System.Boolean' is not defined or imported
C:\gh\azure-sdk-for-net\sdk\servermanagement\Microsoft.Azure.Management.ServerManagement\tests\OperationsTest.cs(205,25): error CS0518: Predefined type 'System.Boolean' is not defined or imported
C:\gh\azure-sdk-for-net\sdk\servermanagement\Microsoft.Azure.Management.ServerManagement\tests\OperationsTest.cs(206,17): error CS0518: Predefined type 'System.Object' is not defined or imported
C:\gh\azure-sdk-for-net\sdk\servermanagement\Microsoft.Azure.Management.ServerManagement\tests\OperationsTest.cs(206,27): error CS0518: Predefined type 'System.String' is not defined or imported
C:\gh\azure-sdk-for-net\sdk\servermanagement\Microsoft.Azure.Management.ServerManagement\tests\OperationsTest.cs(206,41): error CS0518: Predefined type 'System.String' is not defined or imported
C:\gh\azure-sdk-for-net\sdk\servermanagement\Microsoft.Azure.Management.ServerManagement\tests\OperationsTest.cs(208,13): error CS0518: Predefined type 'System.Object' is not defined or imported
C:\gh\azure-sdk-for-net\sdk\servermanagement\Microsoft.Azure.Management.ServerManagement\tests\OperationsTest.cs(208,13): error CS0103: The name 'Assert' does not exist in the current context
C:\gh\azure-sdk-for-net\sdk\servermanagement\Microsoft.Azure.Management.ServerManagement\tests\OperationsTest.cs(190,28): error CS0161: 'OperationsTest.GetTabCompletionResults(ServerManagementClient, NodeResource, SessionResource, PowerShellSessionResource)': not all code paths return a value
C:\gh\azure-sdk-for-net\sdk\servermanagement\Microsoft.Azure.Management.ServerManagement\tests\OperationsTest.cs(215,19): error CS0518: Predefined type 'System.Object' is not defined or imported
C:\gh\azure-sdk-for-net\sdk\servermanagement\Microsoft.Azure.Management.ServerManagement\tests\OperationsTest.cs(217,13): error CS0518: Predefined type 'System.IDisposable' is not defined or imported
C:\gh\azure-sdk-for-net\sdk\servermanagement\Microsoft.Azure.Management.ServerManagement\tests\OperationsTest.cs(217,34): error CS0518: Predefined type 'System.Object' is not defined or imported
C:\gh\azure-sdk-for-net\sdk\servermanagement\Microsoft.Azure.Management.ServerManagement\tests\OperationsTest.cs(217,34): error CS0103: The name 'MockContext' does not exist in the current context
C:\gh\azure-sdk-for-net\sdk\servermanagement\Microsoft.Azure.Management.ServerManagement\tests\OperationsTest.cs(217,52): error CS0518: Predefined type 'System.String' is not defined or imported
C:\gh\azure-sdk-for-net\sdk\servermanagement\Microsoft.Azure.Management.ServerManagement\tests\OperationsTest.cs(219,30): error CS0518: Predefined type 'System.Object' is not defined or imported
C:\gh\azure-sdk-for-net\sdk\servermanagement\Microsoft.Azure.Management.ServerManagement\tests\OperationsTest.cs(222,23): error CS0518: Predefined type 'System.Object' is not defined or imported
C:\gh\azure-sdk-for-net\sdk\servermanagement\Microsoft.Azure.Management.ServerManagement\tests\OperationsTest.cs(222,23): error CS0103: The name 'Assert' does not exist in the current context
C:\gh\azure-sdk-for-net\sdk\servermanagement\Microsoft.Azure.Management.ServerManagement\tests\OperationsTest.cs(222,42): error CS0518: Predefined type 'System.Object' is not defined or imported
C:\gh\azure-sdk-for-net\sdk\servermanagement\Microsoft.Azure.Management.ServerManagement\tests\OperationsTest.cs(222,42): error CS0246: The type or namespace name 'ValidationException' could not be found (are you missing a using directive or an assembly reference?)
C:\gh\azure-sdk-for-net\sdk\servermanagement\Microsoft.Azure.Management.ServerManagement\tests\OperationsTest.cs(225,23): error CS0518: Predefined type 'System.Object' is not defined or imported
C:\gh\azure-sdk-for-net\sdk\servermanagement\Microsoft.Azure.Management.ServerManagement\tests\OperationsTest.cs(225,23): error CS0103: The name 'Assert' does not exist in the current context
C:\gh\azure-sdk-for-net\sdk\servermanagement\Microsoft.Azure.Management.ServerManagement\tests\OperationsTest.cs(225,42): error CS0518: Predefined type 'System.Object' is not defined or imported
C:\gh\azure-sdk-for-net\sdk\servermanagement\Microsoft.Azure.Management.ServerManagement\tests\OperationsTest.cs(229,23): error CS0518: Predefined type 'System.Object' is not defined or imported
C:\gh\azure-sdk-for-net\sdk\servermanagement\Microsoft.Azure.Management.ServerManagement\tests\OperationsTest.cs(229,23): error CS0103: The name 'Assert' does not exist in the current context
C:\gh\azure-sdk-for-net\sdk\servermanagement\Microsoft.Azure.Management.ServerManagement\tests\OperationsTest.cs(229,42): error CS0518: Predefined type 'System.Object' is not defined or imported
C:\gh\azure-sdk-for-net\sdk\servermanagement\Microsoft.Azure.Management.ServerManagement\tests\OperationsTest.cs(212,27): error CS0161: 'OperationsTest.CreateGatewayFailTest()': not all code paths return a value
C:\gh\azure-sdk-for-net\sdk\servermanagement\Microsoft.Azure.Management.ServerManagement\tests\OperationsTest.cs(238,19): error CS0518: Predefined type 'System.Object' is not defined or imported
C:\gh\azure-sdk-for-net\sdk\servermanagement\Microsoft.Azure.Management.ServerManagement\tests\OperationsTest.cs(240,13): error CS0518: Predefined type 'System.IDisposable' is not defined or imported
C:\gh\azure-sdk-for-net\sdk\servermanagement\Microsoft.Azure.Management.ServerManagement\tests\OperationsTest.cs(240,34): error CS0518: Predefined type 'System.Object' is not defined or imported
C:\gh\azure-sdk-for-net\sdk\servermanagement\Microsoft.Azure.Management.ServerManagement\tests\OperationsTest.cs(240,34): error CS0103: The name 'MockContext' does not exist in the current context
C:\gh\azure-sdk-for-net\sdk\servermanagement\Microsoft.Azure.Management.ServerManagement\tests\OperationsTest.cs(240,52): error CS0518: Predefined type 'System.String' is not defined or imported
C:\gh\azure-sdk-for-net\sdk\servermanagement\Microsoft.Azure.Management.ServerManagement\tests\OperationsTest.cs(242,30): error CS0518: Predefined type 'System.Object' is not defined or imported
C:\gh\azure-sdk-for-net\sdk\servermanagement\Microsoft.Azure.Management.ServerManagement\tests\OperationsTest.cs(250,38): error CS0518: Predefined type 'System.Object' is not defined or imported
C:\gh\azure-sdk-for-net\sdk\servermanagement\Microsoft.Azure.Management.ServerManagement\tests\OperationsTest.cs(247,41): error CS0012: The type 'Task<>' is defined in an assembly that is not referenced. You must add a reference to assembly 'mscorlib, Version=4.0.0.0, Culture=neutral, PublicKeyToken=b77a5c561934e089'.
C:\gh\azure-sdk-for-net\sdk\servermanagement\Microsoft.Azure.Management.ServerManagement\tests\OperationsTest.cs(253,21): error CS0518: Predefined type 'System.Object' is not defined or imported
C:\gh\azure-sdk-for-net\sdk\servermanagement\Microsoft.Azure.Management.ServerManagement\tests\OperationsTest.cs(253,21): error CS0103: The name 'Assert' does not exist in the current context
C:\gh\azure-sdk-for-net\sdk\servermanagement\Microsoft.Azure.Management.ServerManagement\tests\OperationsTest.cs(254,21): error CS0518: Predefined type 'System.Object' is not defined or imported
C:\gh\azure-sdk-for-net\sdk\servermanagement\Microsoft.Azure.Management.ServerManagement\tests\OperationsTest.cs(254,21): error CS0103: The name 'Assert' does not exist in the current context
C:\gh\azure-sdk-for-net\sdk\servermanagement\Microsoft.Azure.Management.ServerManagement\tests\OperationsTest.cs(255,21): error CS0518: Predefined type 'System.Object' is not defined or imported
C:\gh\azure-sdk-for-net\sdk\servermanagement\Microsoft.Azure.Management.ServerManagement\tests\OperationsTest.cs(255,21): error CS0103: The name 'Assert' does not exist in the current context
C:\gh\azure-sdk-for-net\sdk\servermanagement\Microsoft.Azure.Management.ServerManagement\tests\OperationsTest.cs(255,34): error CS0518: Predefined type 'System.String' is not defined or imported
C:\gh\azure-sdk-for-net\sdk\servermanagement\Microsoft.Azure.Management.ServerManagement\tests\OperationsTest.cs(256,21): error CS0518: Predefined type 'System.Object' is not defined or imported
C:\gh\azure-sdk-for-net\sdk\servermanagement\Microsoft.Azure.Management.ServerManagement\tests\OperationsTest.cs(256,21): error CS0103: The name 'Assert' does not exist in the current context
C:\gh\azure-sdk-for-net\sdk\servermanagement\Microsoft.Azure.Management.ServerManagement\tests\OperationsTest.cs(257,21): error CS0518: Predefined type 'System.Object' is not defined or imported
C:\gh\azure-sdk-for-net\sdk\servermanagement\Microsoft.Azure.Management.ServerManagement\tests\OperationsTest.cs(257,21): error CS0103: The name 'Assert' does not exist in the current context
C:\gh\azure-sdk-for-net\sdk\servermanagement\Microsoft.Azure.Management.ServerManagement\tests\OperationsTest.cs(257,34): error CS0518: Predefined type 'System.Object' is not defined or imported
C:\gh\azure-sdk-for-net\sdk\servermanagement\Microsoft.Azure.Management.ServerManagement\tests\OperationsTest.cs(258,21): error CS0518: Predefined type 'System.Object' is not defined or imported
C:\gh\azure-sdk-for-net\sdk\servermanagement\Microsoft.Azure.Management.ServerManagement\tests\OperationsTest.cs(261,37): error CS0012: The type 'Task<>' is defined in an assembly that is not referenced. You must add a reference to assembly 'mscorlib, Version=4.0.0.0, Culture=neutral, PublicKeyToken=b77a5c561934e089'.
C:\gh\azure-sdk-for-net\sdk\servermanagement\Microsoft.Azure.Management.ServerManagement\tests\OperationsTest.cs(262,21): error CS0518: Predefined type 'System.Object' is not defined or imported
C:\gh\azure-sdk-for-net\sdk\servermanagement\Microsoft.Azure.Management.ServerManagement\tests\OperationsTest.cs(262,21): error CS0103: The name 'Assert' does not exist in the current context
C:\gh\azure-sdk-for-net\sdk\servermanagement\Microsoft.Azure.Management.ServerManagement\tests\OperationsTest.cs(263,21): error CS0518: Predefined type 'System.Object' is not defined or imported
C:\gh\azure-sdk-for-net\sdk\servermanagement\Microsoft.Azure.Management.ServerManagement\tests\OperationsTest.cs(263,21): error CS0103: The name 'Assert' does not exist in the current context
C:\gh\azure-sdk-for-net\sdk\servermanagement\Microsoft.Azure.Management.ServerManagement\tests\OperationsTest.cs(264,21): error CS0518: Predefined type 'System.Object' is not defined or imported
C:\gh\azure-sdk-for-net\sdk\servermanagement\Microsoft.Azure.Management.ServerManagement\tests\OperationsTest.cs(264,21): error CS0103: The name 'Assert' does not exist in the current context
C:\gh\azure-sdk-for-net\sdk\servermanagement\Microsoft.Azure.Management.ServerManagement\tests\OperationsTest.cs(264,34): error CS0518: Predefined type 'System.String' is not defined or imported
C:\gh\azure-sdk-for-net\sdk\servermanagement\Microsoft.Azure.Management.ServerManagement\tests\OperationsTest.cs(265,21): error CS0518: Predefined type 'System.Object' is not defined or imported
C:\gh\azure-sdk-for-net\sdk\servermanagement\Microsoft.Azure.Management.ServerManagement\tests\OperationsTest.cs(265,21): error CS0103: The name 'Assert' does not exist in the current context
C:\gh\azure-sdk-for-net\sdk\servermanagement\Microsoft.Azure.Management.ServerManagement\tests\OperationsTest.cs(266,21): error CS0518: Predefined type 'System.Object' is not defined or imported
C:\gh\azure-sdk-for-net\sdk\servermanagement\Microsoft.Azure.Management.ServerManagement\tests\OperationsTest.cs(266,21): error CS0103: The name 'Assert' does not exist in the current context
C:\gh\azure-sdk-for-net\sdk\servermanagement\Microsoft.Azure.Management.ServerManagement\tests\OperationsTest.cs(266,34): error CS0518: Predefined type 'System.Object' is not defined or imported
C:\gh\azure-sdk-for-net\sdk\servermanagement\Microsoft.Azure.Management.ServerManagement\tests\OperationsTest.cs(267,21): error CS0518: Predefined type 'System.Object' is not defined or imported
C:\gh\azure-sdk-for-net\sdk\servermanagement\Microsoft.Azure.Management.ServerManagement\tests\OperationsTest.cs(273,38): error CS0518: Predefined type 'System.Object' is not defined or imported
C:\gh\azure-sdk-for-net\sdk\servermanagement\Microsoft.Azure.Management.ServerManagement\tests\OperationsTest.cs(270,37): error CS0012: The type 'Task<>' is defined in an assembly that is not referenced. You must add a reference to assembly 'mscorlib, Version=4.0.0.0, Culture=neutral, PublicKeyToken=b77a5c561934e089'.
C:\gh\azure-sdk-for-net\sdk\servermanagement\Microsoft.Azure.Management.ServerManagement\tests\OperationsTest.cs(274,21): error CS0518: Predefined type 'System.Object' is not defined or imported
C:\gh\azure-sdk-for-net\sdk\servermanagement\Microsoft.Azure.Management.ServerManagement\tests\OperationsTest.cs(274,21): error CS0103: The name 'Assert' does not exist in the current context
C:\gh\azure-sdk-for-net\sdk\servermanagement\Microsoft.Azure.Management.ServerManagement\tests\OperationsTest.cs(274,34): error CS0518: Predefined type 'System.Object' is not defined or imported
C:\gh\azure-sdk-for-net\sdk\servermanagement\Microsoft.Azure.Management.ServerManagement\tests\OperationsTest.cs(277,88): error CS0518: Predefined type 'System.Object' is not defined or imported
C:\gh\azure-sdk-for-net\sdk\servermanagement\Microsoft.Azure.Management.ServerManagement\tests\OperationsTest.cs(277,37): error CS0012: The type 'Task<>' is defined in an assembly that is not referenced. You must add a reference to assembly 'mscorlib, Version=4.0.0.0, Culture=neutral, PublicKeyToken=b77a5c561934e089'.
C:\gh\azure-sdk-for-net\sdk\servermanagement\Microsoft.Azure.Management.ServerManagement\tests\OperationsTest.cs(278,21): error CS0518: Predefined type 'System.Object' is not defined or imported
C:\gh\azure-sdk-for-net\sdk\servermanagement\Microsoft.Azure.Management.ServerManagement\tests\OperationsTest.cs(278,21): error CS0103: The name 'Assert' does not exist in the current context
C:\gh\azure-sdk-for-net\sdk\servermanagement\Microsoft.Azure.Management.ServerManagement\tests\OperationsTest.cs(281,21): error CS0518: Predefined type 'System.Object' is not defined or imported
C:\gh\azure-sdk-for-net\sdk\servermanagement\Microsoft.Azure.Management.ServerManagement\tests\OperationsTest.cs(281,21): error CS0103: The name 'Assert' does not exist in the current context
C:\gh\azure-sdk-for-net\sdk\servermanagement\Microsoft.Azure.Management.ServerManagement\tests\OperationsTest.cs(282,21): error CS0518: Predefined type 'System.Object' is not defined or imported
C:\gh\azure-sdk-for-net\sdk\servermanagement\Microsoft.Azure.Management.ServerManagement\tests\OperationsTest.cs(282,21): error CS0103: The name 'Assert' does not exist in the current context
C:\gh\azure-sdk-for-net\sdk\servermanagement\Microsoft.Azure.Management.ServerManagement\tests\OperationsTest.cs(283,21): error CS0518: Predefined type 'System.Object' is not defined or imported
C:\gh\azure-sdk-for-net\sdk\servermanagement\Microsoft.Azure.Management.ServerManagement\tests\OperationsTest.cs(286,42): error CS0012: The type 'Task<>' is defined in an assembly that is not referenced. You must add a reference to assembly 'mscorlib, Version=4.0.0.0, Culture=neutral, PublicKeyToken=b77a5c561934e089'.
C:\gh\azure-sdk-for-net\sdk\servermanagement\Microsoft.Azure.Management.ServerManagement\tests\OperationsTest.cs(287,21): error CS0518: Predefined type 'System.Object' is not defined or imported
C:\gh\azure-sdk-for-net\sdk\servermanagement\Microsoft.Azure.Management.ServerManagement\tests\OperationsTest.cs(287,21): error CS0103: The name 'Assert' does not exist in the current context
C:\gh\azure-sdk-for-net\sdk\servermanagement\Microsoft.Azure.Management.ServerManagement\tests\OperationsTest.cs(289,33): error CS0518: Predefined type 'System.Boolean' is not defined or imported
C:\gh\azure-sdk-for-net\sdk\servermanagement\Microsoft.Azure.Management.ServerManagement\tests\OperationsTest.cs(292,33): error CS0518: Predefined type 'System.Boolean' is not defined or imported
C:\gh\azure-sdk-for-net\sdk\servermanagement\Microsoft.Azure.Management.ServerManagement\tests\OperationsTest.cs(293,25): error CS0518: Predefined type 'System.Object' is not defined or imported
C:\gh\azure-sdk-for-net\sdk\servermanagement\Microsoft.Azure.Management.ServerManagement\tests\OperationsTest.cs(293,35): error CS0518: Predefined type 'System.String' is not defined or imported
C:\gh\azure-sdk-for-net\sdk\servermanagement\Microsoft.Azure.Management.ServerManagement\tests\OperationsTest.cs(293,49): error CS0518: Predefined type 'System.String' is not defined or imported
C:\gh\azure-sdk-for-net\sdk\servermanagement\Microsoft.Azure.Management.ServerManagement\tests\OperationsTest.cs(296,21): error CS0518: Predefined type 'System.Object' is not defined or imported
C:\gh\azure-sdk-for-net\sdk\servermanagement\Microsoft.Azure.Management.ServerManagement\tests\OperationsTest.cs(296,21): error CS0103: The name 'Assert' does not exist in the current context
C:\gh\azure-sdk-for-net\sdk\servermanagement\Microsoft.Azure.Management.ServerManagement\tests\OperationsTest.cs(296,40): error CS0518: Predefined type 'System.String' is not defined or imported
C:\gh\azure-sdk-for-net\sdk\servermanagement\Microsoft.Azure.Management.ServerManagement\tests\OperationsTest.cs(301,21): error CS0518: Predefined type 'System.Object' is not defined or imported
C:\gh\azure-sdk-for-net\sdk\servermanagement\Microsoft.Azure.Management.ServerManagement\tests\OperationsTest.cs(305,23): error CS0518: Predefined type 'System.Object' is not defined or imported
C:\gh\azure-sdk-for-net\sdk\servermanagement\Microsoft.Azure.Management.ServerManagement\tests\OperationsTest.cs(305,23): error CS0103: The name 'Assert' does not exist in the current context
C:\gh\azure-sdk-for-net\sdk\servermanagement\Microsoft.Azure.Management.ServerManagement\tests\OperationsTest.cs(305,42): error CS0518: Predefined type 'System.Object' is not defined or imported
C:\gh\azure-sdk-for-net\sdk\servermanagement\Microsoft.Azure.Management.ServerManagement\tests\OperationsTest.cs(235,27): error CS0161: 'OperationsTest.GatewayTest()': not all code paths return a value
C:\gh\azure-sdk-for-net\sdk\servermanagement\Microsoft.Azure.Management.ServerManagement\tests\OperationsTest.cs(313,19): error CS0518: Predefined type 'System.Object' is not defined or imported
C:\gh\azure-sdk-for-net\sdk\servermanagement\Microsoft.Azure.Management.ServerManagement\tests\OperationsTest.cs(315,13): error CS0518: Predefined type 'System.IDisposable' is not defined or imported
C:\gh\azure-sdk-for-net\sdk\servermanagement\Microsoft.Azure.Management.ServerManagement\tests\OperationsTest.cs(315,34): error CS0518: Predefined type 'System.Object' is not defined or imported
C:\gh\azure-sdk-for-net\sdk\servermanagement\Microsoft.Azure.Management.ServerManagement\tests\OperationsTest.cs(315,34): error CS0103: The name 'MockContext' does not exist in the current context
C:\gh\azure-sdk-for-net\sdk\servermanagement\Microsoft.Azure.Management.ServerManagement\tests\OperationsTest.cs(315,52): error CS0518: Predefined type 'System.String' is not defined or imported
C:\gh\azure-sdk-for-net\sdk\servermanagement\Microsoft.Azure.Management.ServerManagement\tests\OperationsTest.cs(317,30): error CS0518: Predefined type 'System.Object' is not defined or imported
C:\gh\azure-sdk-for-net\sdk\servermanagement\Microsoft.Azure.Management.ServerManagement\tests\OperationsTest.cs(318,17): error CS0518: Predefined type 'System.Object' is not defined or imported
C:\gh\azure-sdk-for-net\sdk\servermanagement\Microsoft.Azure.Management.ServerManagement\tests\OperationsTest.cs(320,21): error CS0518: Predefined type 'System.Boolean' is not defined or imported
C:\gh\azure-sdk-for-net\sdk\servermanagement\Microsoft.Azure.Management.ServerManagement\tests\OperationsTest.cs(324,41): error CS0012: The type 'Task<>' is defined in an assembly that is not referenced. You must add a reference to assembly 'mscorlib, Version=4.0.0.0, Culture=neutral, PublicKeyToken=b77a5c561934e089'.
C:\gh\azure-sdk-for-net\sdk\servermanagement\Microsoft.Azure.Management.ServerManagement\tests\OperationsTest.cs(327,25): error CS0518: Predefined type 'System.Object' is not defined or imported
C:\gh\azure-sdk-for-net\sdk\servermanagement\Microsoft.Azure.Management.ServerManagement\tests\OperationsTest.cs(336,25): error CS0234: The type or namespace name 'Rest' does not exist in the namespace 'Microsoft' (are you missing an assembly reference?)
C:\gh\azure-sdk-for-net\sdk\servermanagement\Microsoft.Azure.Management.ServerManagement\tests\OperationsTest.cs(336,25): error CS0518: Predefined type 'System.Boolean' is not defined or imported
C:\gh\azure-sdk-for-net\sdk\servermanagement\Microsoft.Azure.Management.ServerManagement\tests\OperationsTest.cs(339,31): error CS0518: Predefined type 'System.Object' is not defined or imported
C:\gh\azure-sdk-for-net\sdk\servermanagement\Microsoft.Azure.Management.ServerManagement\tests\OperationsTest.cs(342,92): error CS0518: Predefined type 'System.Object' is not defined or imported
C:\gh\azure-sdk-for-net\sdk\servermanagement\Microsoft.Azure.Management.ServerManagement\tests\OperationsTest.cs(342,41): error CS0012: The type 'Task<>' is defined in an assembly that is not referenced. You must add a reference to assembly 'mscorlib, Version=4.0.0.0, Culture=neutral, PublicKeyToken=b77a5c561934e089'.
C:\gh\azure-sdk-for-net\sdk\servermanagement\Microsoft.Azure.Management.ServerManagement\tests\OperationsTest.cs(345,21): error CS0518: Predefined type 'System.Object' is not defined or imported
C:\gh\azure-sdk-for-net\sdk\servermanagement\Microsoft.Azure.Management.ServerManagement\tests\OperationsTest.cs(345,31): error CS0518: Predefined type 'System.String' is not defined or imported
C:\gh\azure-sdk-for-net\sdk\servermanagement\Microsoft.Azure.Management.ServerManagement\tests\OperationsTest.cs(346,38): error CS0518: Predefined type 'System.Object' is not defined or imported
C:\gh\azure-sdk-for-net\sdk\servermanagement\Microsoft.Azure.Management.ServerManagement\tests\OperationsTest.cs(346,66): error CS0518: Predefined type 'System.String' is not defined or imported
C:\gh\azure-sdk-for-net\sdk\servermanagement\Microsoft.Azure.Management.ServerManagement\tests\OperationsTest.cs(346,80): error CS0518: Predefined type 'System.String' is not defined or imported
C:\gh\azure-sdk-for-net\sdk\servermanagement\Microsoft.Azure.Management.ServerManagement\tests\OperationsTest.cs(347,21): error CS0518: Predefined type 'System.Object' is not defined or imported
C:\gh\azure-sdk-for-net\sdk\servermanagement\Microsoft.Azure.Management.ServerManagement\tests\OperationsTest.cs(347,21): error CS0103: The name 'Assert' does not exist in the current context
C:\gh\azure-sdk-for-net\sdk\servermanagement\Microsoft.Azure.Management.ServerManagement\tests\OperationsTest.cs(350,21): error CS0518: Predefined type 'System.Object' is not defined or imported
C:\gh\azure-sdk-for-net\sdk\servermanagement\Microsoft.Azure.Management.ServerManagement\tests\OperationsTest.cs(350,31): error CS0518: Predefined type 'System.String' is not defined or imported
C:\gh\azure-sdk-for-net\sdk\servermanagement\Microsoft.Azure.Management.ServerManagement\tests\OperationsTest.cs(351,34): error CS0012: The type 'Task<>' is defined in an assembly that is not referenced. You must add a reference to assembly 'mscorlib, Version=4.0.0.0, Culture=neutral, PublicKeyToken=b77a5c561934e089'.
C:\gh\azure-sdk-for-net\sdk\servermanagement\Microsoft.Azure.Management.ServerManagement\tests\OperationsTest.cs(352,21): error CS0518: Predefined type 'System.Object' is not defined or imported
C:\gh\azure-sdk-for-net\sdk\servermanagement\Microsoft.Azure.Management.ServerManagement\tests\OperationsTest.cs(352,21): error CS0103: The name 'Assert' does not exist in the current context
C:\gh\azure-sdk-for-net\sdk\servermanagement\Microsoft.Azure.Management.ServerManagement\tests\OperationsTest.cs(354,21): error CS0518: Predefined type 'System.Object' is not defined or imported
C:\gh\azure-sdk-for-net\sdk\servermanagement\Microsoft.Azure.Management.ServerManagement\tests\OperationsTest.cs(354,21): error CS0103: The name 'Assert' does not exist in the current context
C:\gh\azure-sdk-for-net\sdk\servermanagement\Microsoft.Azure.Management.ServerManagement\tests\OperationsTest.cs(355,21): error CS0518: Predefined type 'System.Object' is not defined or imported
C:\gh\azure-sdk-for-net\sdk\servermanagement\Microsoft.Azure.Management.ServerManagement\tests\OperationsTest.cs(355,21): error CS0103: The name 'Assert' does not exist in the current context
C:\gh\azure-sdk-for-net\sdk\servermanagement\Microsoft.Azure.Management.ServerManagement\tests\OperationsTest.cs(358,21): error CS0518: Predefined type 'System.Object' is not defined or imported
C:\gh\azure-sdk-for-net\sdk\servermanagement\Microsoft.Azure.Management.ServerManagement\tests\OperationsTest.cs(358,31): error CS0518: Predefined type 'System.String' is not defined or imported
C:\gh\azure-sdk-for-net\sdk\servermanagement\Microsoft.Azure.Management.ServerManagement\tests\OperationsTest.cs(359,39): error CS0518: Predefined type 'System.Object' is not defined or imported
C:\gh\azure-sdk-for-net\sdk\servermanagement\Microsoft.Azure.Management.ServerManagement\tests\OperationsTest.cs(362,35): error CS0012: The type 'Task<>' is defined in an assembly that is not referenced. You must add a reference to assembly 'mscorlib, Version=4.0.0.0, Culture=neutral, PublicKeyToken=b77a5c561934e089'.
C:\gh\azure-sdk-for-net\sdk\servermanagement\Microsoft.Azure.Management.ServerManagement\tests\OperationsTest.cs(363,21): error CS0518: Predefined type 'System.Object' is not defined or imported
C:\gh\azure-sdk-for-net\sdk\servermanagement\Microsoft.Azure.Management.ServerManagement\tests\OperationsTest.cs(363,21): error CS0103: The name 'Assert' does not exist in the current context
C:\gh\azure-sdk-for-net\sdk\servermanagement\Microsoft.Azure.Management.ServerManagement\tests\OperationsTest.cs(365,21): error CS0518: Predefined type 'System.Object' is not defined or imported
C:\gh\azure-sdk-for-net\sdk\servermanagement\Microsoft.Azure.Management.ServerManagement\tests\OperationsTest.cs(365,31): error CS0518: Predefined type 'System.String' is not defined or imported
C:\gh\azure-sdk-for-net\sdk\servermanagement\Microsoft.Azure.Management.ServerManagement\tests\OperationsTest.cs(367,41): error CS0012: The type 'Task<>' is defined in an assembly that is not referenced. You must add a reference to assembly 'mscorlib, Version=4.0.0.0, Culture=neutral, PublicKeyToken=b77a5c561934e089'.
C:\gh\azure-sdk-for-net\sdk\servermanagement\Microsoft.Azure.Management.ServerManagement\tests\OperationsTest.cs(373,21): error CS0518: Predefined type 'System.Object' is not defined or imported
C:\gh\azure-sdk-for-net\sdk\servermanagement\Microsoft.Azure.Management.ServerManagement\tests\OperationsTest.cs(373,21): error CS0103: The name 'Assert' does not exist in the current context
C:\gh\azure-sdk-for-net\sdk\servermanagement\Microsoft.Azure.Management.ServerManagement\tests\OperationsTest.cs(374,21): error CS0518: Predefined type 'System.Object' is not defined or imported
C:\gh\azure-sdk-for-net\sdk\servermanagement\Microsoft.Azure.Management.ServerManagement\tests\OperationsTest.cs(374,21): error CS0103: The name 'Assert' does not exist in the current context
C:\gh\azure-sdk-for-net\sdk\servermanagement\Microsoft.Azure.Management.ServerManagement\tests\OperationsTest.cs(377,21): error CS0518: Predefined type 'System.Object' is not defined or imported
C:\gh\azure-sdk-for-net\sdk\servermanagement\Microsoft.Azure.Management.ServerManagement\tests\OperationsTest.cs(377,31): error CS0518: Predefined type 'System.String' is not defined or imported
C:\gh\azure-sdk-for-net\sdk\servermanagement\Microsoft.Azure.Management.ServerManagement\tests\OperationsTest.cs(378,37): error CS0012: The type 'Task<>' is defined in an assembly that is not referenced. You must add a reference to assembly 'mscorlib, Version=4.0.0.0, Culture=neutral, PublicKeyToken=b77a5c561934e089'.
C:\gh\azure-sdk-for-net\sdk\servermanagement\Microsoft.Azure.Management.ServerManagement\tests\OperationsTest.cs(379,21): error CS0518: Predefined type 'System.Object' is not defined or imported
C:\gh\azure-sdk-for-net\sdk\servermanagement\Microsoft.Azure.Management.ServerManagement\tests\OperationsTest.cs(379,21): error CS0103: The name 'Assert' does not exist in the current context
C:\gh\azure-sdk-for-net\sdk\servermanagement\Microsoft.Azure.Management.ServerManagement\tests\OperationsTest.cs(380,21): error CS0518: Predefined type 'System.Object' is not defined or imported
C:\gh\azure-sdk-for-net\sdk\servermanagement\Microsoft.Azure.Management.ServerManagement\tests\OperationsTest.cs(380,31): error CS0518: Predefined type 'System.String' is not defined or imported
C:\gh\azure-sdk-for-net\sdk\servermanagement\Microsoft.Azure.Management.ServerManagement\tests\OperationsTest.cs(380,45): error CS0518: Predefined type 'System.String' is not defined or imported
C:\gh\azure-sdk-for-net\sdk\servermanagement\Microsoft.Azure.Management.ServerManagement\tests\OperationsTest.cs(383,21): error CS0518: Predefined type 'System.Object' is not defined or imported
C:\gh\azure-sdk-for-net\sdk\servermanagement\Microsoft.Azure.Management.ServerManagement\tests\OperationsTest.cs(383,31): error CS0518: Predefined type 'System.String' is not defined or imported
C:\gh\azure-sdk-for-net\sdk\servermanagement\Microsoft.Azure.Management.ServerManagement\tests\OperationsTest.cs(387,25): error CS0518: Predefined type 'System.String' is not defined or imported
C:\gh\azure-sdk-for-net\sdk\servermanagement\Microsoft.Azure.Management.ServerManagement\tests\OperationsTest.cs(384,36): error CS0012: The type 'Task<>' is defined in an assembly that is not referenced. You must add a reference to assembly 'mscorlib, Version=4.0.0.0, Culture=neutral, PublicKeyToken=b77a5c561934e089'.
C:\gh\azure-sdk-for-net\sdk\servermanagement\Microsoft.Azure.Management.ServerManagement\tests\OperationsTest.cs(388,21): error CS0518: Predefined type 'System.Object' is not defined or imported
C:\gh\azure-sdk-for-net\sdk\servermanagement\Microsoft.Azure.Management.ServerManagement\tests\OperationsTest.cs(388,21): error CS0103: The name 'Assert' does not exist in the current context
C:\gh\azure-sdk-for-net\sdk\servermanagement\Microsoft.Azure.Management.ServerManagement\tests\OperationsTest.cs(391,21): error CS0518: Predefined type 'System.Object' is not defined or imported
C:\gh\azure-sdk-for-net\sdk\servermanagement\Microsoft.Azure.Management.ServerManagement\tests\OperationsTest.cs(391,31): error CS0518: Predefined type 'System.String' is not defined or imported
C:\gh\azure-sdk-for-net\sdk\servermanagement\Microsoft.Azure.Management.ServerManagement\tests\OperationsTest.cs(392,27): error CS0518: Predefined type 'System.Object' is not defined or imported
C:\gh\azure-sdk-for-net\sdk\servermanagement\Microsoft.Azure.Management.ServerManagement\tests\OperationsTest.cs(395,21): error CS0518: Predefined type 'System.Object' is not defined or imported
C:\gh\azure-sdk-for-net\sdk\servermanagement\Microsoft.Azure.Management.ServerManagement\tests\OperationsTest.cs(395,31): error CS0518: Predefined type 'System.String' is not defined or imported
C:\gh\azure-sdk-for-net\sdk\servermanagement\Microsoft.Azure.Management.ServerManagement\tests\OperationsTest.cs(396,27): error CS0518: Predefined type 'System.Object' is not defined or imported
C:\gh\azure-sdk-for-net\sdk\servermanagement\Microsoft.Azure.Management.ServerManagement\tests\OperationsTest.cs(399,21): error CS0518: Predefined type 'System.Object' is not defined or imported
C:\gh\azure-sdk-for-net\sdk\servermanagement\Microsoft.Azure.Management.ServerManagement\tests\OperationsTest.cs(399,31): error CS0518: Predefined type 'System.String' is not defined or imported
C:\gh\azure-sdk-for-net\sdk\servermanagement\Microsoft.Azure.Management.ServerManagement\tests\OperationsTest.cs(400,27): error CS0518: Predefined type 'System.Object' is not defined or imported
C:\gh\azure-sdk-for-net\sdk\servermanagement\Microsoft.Azure.Management.ServerManagement\tests\OperationsTest.cs(402,21): error CS0518: Predefined type 'System.Object' is not defined or imported
C:\gh\azure-sdk-for-net\sdk\servermanagement\Microsoft.Azure.Management.ServerManagement\tests\OperationsTest.cs(402,31): error CS0518: Predefined type 'System.String' is not defined or imported
C:\gh\azure-sdk-for-net\sdk\servermanagement\Microsoft.Azure.Management.ServerManagement\tests\OperationsTest.cs(403,27): error CS0518: Predefined type 'System.Object' is not defined or imported
C:\gh\azure-sdk-for-net\sdk\servermanagement\Microsoft.Azure.Management.ServerManagement\tests\OperationsTest.cs(406,21): error CS0518: Predefined type 'System.Object' is not defined or imported
C:\gh\azure-sdk-for-net\sdk\servermanagement\Microsoft.Azure.Management.ServerManagement\tests\OperationsTest.cs(406,31): error CS0518: Predefined type 'System.String' is not defined or imported
C:\gh\azure-sdk-for-net\sdk\servermanagement\Microsoft.Azure.Management.ServerManagement\tests\OperationsTest.cs(407,27): error CS0012: The type 'Task' is defined in an assembly that is not referenced. You must add a reference to assembly 'mscorlib, Version=4.0.0.0, Culture=neutral, PublicKeyToken=b77a5c561934e089'.
C:\gh\azure-sdk-for-net\sdk\servermanagement\Microsoft.Azure.Management.ServerManagement\tests\OperationsTest.cs(412,25): error CS0518: Predefined type 'System.Boolean' is not defined or imported
C:\gh\azure-sdk-for-net\sdk\servermanagement\Microsoft.Azure.Management.ServerManagement\tests\OperationsTest.cs(414,25): error CS0518: Predefined type 'System.Object' is not defined or imported
C:\gh\azure-sdk-for-net\sdk\servermanagement\Microsoft.Azure.Management.ServerManagement\tests\OperationsTest.cs(418,21): error CS0518: Predefined type 'System.Object' is not defined or imported
C:\gh\azure-sdk-for-net\sdk\servermanagement\Microsoft.Azure.Management.ServerManagement\tests\OperationsTest.cs(310,27): error CS0161: 'OperationsTest.NodeTest()': not all code paths return a value
C:\gh\azure-sdk-for-net\sdk\servermanagement\Microsoft.Azure.Management.ServerManagement\tests\OperationsTest.cs(427,19): error CS0518: Predefined type 'System.Object' is not defined or imported
C:\gh\azure-sdk-for-net\sdk\servermanagement\Microsoft.Azure.Management.ServerManagement\tests\OperationsTest.cs(429,13): error CS0518: Predefined type 'System.IDisposable' is not defined or imported
C:\gh\azure-sdk-for-net\sdk\servermanagement\Microsoft.Azure.Management.ServerManagement\tests\OperationsTest.cs(429,34): error CS0518: Predefined type 'System.Object' is not defined or imported
C:\gh\azure-sdk-for-net\sdk\servermanagement\Microsoft.Azure.Management.ServerManagement\tests\OperationsTest.cs(429,34): error CS0103: The name 'MockContext' does not exist in the current context
C:\gh\azure-sdk-for-net\sdk\servermanagement\Microsoft.Azure.Management.ServerManagement\tests\OperationsTest.cs(429,52): error CS0518: Predefined type 'System.String' is not defined or imported
C:\gh\azure-sdk-for-net\sdk\servermanagement\Microsoft.Azure.Management.ServerManagement\tests\OperationsTest.cs(431,30): error CS0518: Predefined type 'System.Object' is not defined or imported
C:\gh\azure-sdk-for-net\sdk\servermanagement\Microsoft.Azure.Management.ServerManagement\tests\OperationsTest.cs(432,17): error CS0518: Predefined type 'System.Object' is not defined or imported
C:\gh\azure-sdk-for-net\sdk\servermanagement\Microsoft.Azure.Management.ServerManagement\tests\OperationsTest.cs(434,21): error CS0518: Predefined type 'System.Boolean' is not defined or imported
C:\gh\azure-sdk-for-net\sdk\servermanagement\Microsoft.Azure.Management.ServerManagement\tests\OperationsTest.cs(438,92): error CS0518: Predefined type 'System.Object' is not defined or imported
C:\gh\azure-sdk-for-net\sdk\servermanagement\Microsoft.Azure.Management.ServerManagement\tests\OperationsTest.cs(438,41): error CS0012: The type 'Task<>' is defined in an assembly that is not referenced. You must add a reference to assembly 'mscorlib, Version=4.0.0.0, Culture=neutral, PublicKeyToken=b77a5c561934e089'.
C:\gh\azure-sdk-for-net\sdk\servermanagement\Microsoft.Azure.Management.ServerManagement\tests\OperationsTest.cs(441,25): error CS0518: Predefined type 'System.Object' is not defined or imported
C:\gh\azure-sdk-for-net\sdk\servermanagement\Microsoft.Azure.Management.ServerManagement\tests\OperationsTest.cs(451,25): error CS0234: The type or namespace name 'Rest' does not exist in the namespace 'Microsoft' (are you missing an assembly reference?)
C:\gh\azure-sdk-for-net\sdk\servermanagement\Microsoft.Azure.Management.ServerManagement\tests\OperationsTest.cs(451,25): error CS0518: Predefined type 'System.Boolean' is not defined or imported
C:\gh\azure-sdk-for-net\sdk\servermanagement\Microsoft.Azure.Management.ServerManagement\tests\OperationsTest.cs(454,31): error CS0518: Predefined type 'System.Object' is not defined or imported
C:\gh\azure-sdk-for-net\sdk\servermanagement\Microsoft.Azure.Management.ServerManagement\tests\OperationsTest.cs(457,92): error CS0518: Predefined type 'System.Object' is not defined or imported
C:\gh\azure-sdk-for-net\sdk\servermanagement\Microsoft.Azure.Management.ServerManagement\tests\OperationsTest.cs(457,41): error CS0012: The type 'Task<>' is defined in an assembly that is not referenced. You must add a reference to assembly 'mscorlib, Version=4.0.0.0, Culture=neutral, PublicKeyToken=b77a5c561934e089'.
C:\gh\azure-sdk-for-net\sdk\servermanagement\Microsoft.Azure.Management.ServerManagement\tests\OperationsTest.cs(460,21): error CS0518: Predefined type 'System.Object' is not defined or imported
C:\gh\azure-sdk-for-net\sdk\servermanagement\Microsoft.Azure.Management.ServerManagement\tests\OperationsTest.cs(460,31): error CS0518: Predefined type 'System.String' is not defined or imported
C:\gh\azure-sdk-for-net\sdk\servermanagement\Microsoft.Azure.Management.ServerManagement\tests\OperationsTest.cs(461,38): error CS0518: Predefined type 'System.Object' is not defined or imported
C:\gh\azure-sdk-for-net\sdk\servermanagement\Microsoft.Azure.Management.ServerManagement\tests\OperationsTest.cs(461,66): error CS0518: Predefined type 'System.String' is not defined or imported
C:\gh\azure-sdk-for-net\sdk\servermanagement\Microsoft.Azure.Management.ServerManagement\tests\OperationsTest.cs(461,80): error CS0518: Predefined type 'System.Object' is not defined or imported
C:\gh\azure-sdk-for-net\sdk\servermanagement\Microsoft.Azure.Management.ServerManagement\tests\OperationsTest.cs(461,80): error CS0103: The name 'String' does not exist in the current context
C:\gh\azure-sdk-for-net\sdk\servermanagement\Microsoft.Azure.Management.ServerManagement\tests\OperationsTest.cs(462,21): error CS0518: Predefined type 'System.Object' is not defined or imported
C:\gh\azure-sdk-for-net\sdk\servermanagement\Microsoft.Azure.Management.ServerManagement\tests\OperationsTest.cs(462,21): error CS0103: The name 'Assert' does not exist in the current context
C:\gh\azure-sdk-for-net\sdk\servermanagement\Microsoft.Azure.Management.ServerManagement\tests\OperationsTest.cs(465,21): error CS0518: Predefined type 'System.Object' is not defined or imported
C:\gh\azure-sdk-for-net\sdk\servermanagement\Microsoft.Azure.Management.ServerManagement\tests\OperationsTest.cs(465,31): error CS0518: Predefined type 'System.String' is not defined or imported
C:\gh\azure-sdk-for-net\sdk\servermanagement\Microsoft.Azure.Management.ServerManagement\tests\OperationsTest.cs(466,34): error CS0012: The type 'Task<>' is defined in an assembly that is not referenced. You must add a reference to assembly 'mscorlib, Version=4.0.0.0, Culture=neutral, PublicKeyToken=b77a5c561934e089'.
C:\gh\azure-sdk-for-net\sdk\servermanagement\Microsoft.Azure.Management.ServerManagement\tests\OperationsTest.cs(467,21): error CS0518: Predefined type 'System.Object' is not defined or imported
C:\gh\azure-sdk-for-net\sdk\servermanagement\Microsoft.Azure.Management.ServerManagement\tests\OperationsTest.cs(467,21): error CS0103: The name 'Assert' does not exist in the current context
C:\gh\azure-sdk-for-net\sdk\servermanagement\Microsoft.Azure.Management.ServerManagement\tests\OperationsTest.cs(469,21): error CS0518: Predefined type 'System.Object' is not defined or imported
C:\gh\azure-sdk-for-net\sdk\servermanagement\Microsoft.Azure.Management.ServerManagement\tests\OperationsTest.cs(469,21): error CS0103: The name 'Assert' does not exist in the current context
C:\gh\azure-sdk-for-net\sdk\servermanagement\Microsoft.Azure.Management.ServerManagement\tests\OperationsTest.cs(470,21): error CS0518: Predefined type 'System.Object' is not defined or imported
C:\gh\azure-sdk-for-net\sdk\servermanagement\Microsoft.Azure.Management.ServerManagement\tests\OperationsTest.cs(470,21): error CS0103: The name 'Assert' does not exist in the current context
C:\gh\azure-sdk-for-net\sdk\servermanagement\Microsoft.Azure.Management.ServerManagement\tests\OperationsTest.cs(473,21): error CS0518: Predefined type 'System.Object' is not defined or imported
C:\gh\azure-sdk-for-net\sdk\servermanagement\Microsoft.Azure.Management.ServerManagement\tests\OperationsTest.cs(473,31): error CS0518: Predefined type 'System.String' is not defined or imported
C:\gh\azure-sdk-for-net\sdk\servermanagement\Microsoft.Azure.Management.ServerManagement\tests\OperationsTest.cs(475,37): error CS0518: Predefined type 'System.Object' is not defined or imported
C:\gh\azure-sdk-for-net\sdk\servermanagement\Microsoft.Azure.Management.ServerManagement\tests\OperationsTest.cs(475,45): error CS0518: Predefined type 'System.Object' is not defined or imported
C:\gh\azure-sdk-for-net\sdk\servermanagement\Microsoft.Azure.Management.ServerManagement\tests\OperationsTest.cs(475,81): error CS0012: The type 'IList<>' is defined in an assembly that is not referenced. You must add a reference to assembly 'mscorlib, Version=4.0.0.0, Culture=neutral, PublicKeyToken=b77a5c561934e089'.
C:\gh\azure-sdk-for-net\sdk\servermanagement\Microsoft.Azure.Management.ServerManagement\tests\OperationsTest.cs(475,91): error CS0518: Predefined type 'System.Int32' is not defined or imported
C:\gh\azure-sdk-for-net\sdk\servermanagement\Microsoft.Azure.Management.ServerManagement\tests\OperationsTest.cs(475,37): error CS0518: Predefined type 'System.String' is not defined or imported
C:\gh\azure-sdk-for-net\sdk\servermanagement\Microsoft.Azure.Management.ServerManagement\tests\OperationsTest.cs(476,37): error CS0518: Predefined type 'System.Object' is not defined or imported
C:\gh\azure-sdk-for-net\sdk\servermanagement\Microsoft.Azure.Management.ServerManagement\tests\OperationsTest.cs(476,45): error CS0518: Predefined type 'System.Object' is not defined or imported
C:\gh\azure-sdk-for-net\sdk\servermanagement\Microsoft.Azure.Management.ServerManagement\tests\OperationsTest.cs(476,81): error CS0012: The type 'IList<>' is defined in an assembly that is not referenced. You must add a reference to assembly 'mscorlib, Version=4.0.0.0, Culture=neutral, PublicKeyToken=b77a5c561934e089'.
C:\gh\azure-sdk-for-net\sdk\servermanagement\Microsoft.Azure.Management.ServerManagement\tests\OperationsTest.cs(476,91): error CS0518: Predefined type 'System.Int32' is not defined or imported
C:\gh\azure-sdk-for-net\sdk\servermanagement\Microsoft.Azure.Management.ServerManagement\tests\OperationsTest.cs(476,37): error CS0518: Predefined type 'System.String' is not defined or imported
C:\gh\azure-sdk-for-net\sdk\servermanagement\Microsoft.Azure.Management.ServerManagement\tests\OperationsTest.cs(478,128): error CS0518: Predefined type 'System.Object' is not defined or imported
C:\gh\azure-sdk-for-net\sdk\servermanagement\Microsoft.Azure.Management.ServerManagement\tests\OperationsTest.cs(478,153): error CS0518: Predefined type 'System.Object' is not defined or imported
C:\gh\azure-sdk-for-net\sdk\servermanagement\Microsoft.Azure.Management.ServerManagement\tests\OperationsTest.cs(478,41): error CS0012: The type 'Task<>' is defined in an assembly that is not referenced. You must add a reference to assembly 'mscorlib, Version=4.0.0.0, Culture=neutral, PublicKeyToken=b77a5c561934e089'.
C:\gh\azure-sdk-for-net\sdk\servermanagement\Microsoft.Azure.Management.ServerManagement\tests\OperationsTest.cs(479,21): error CS0518: Predefined type 'System.Object' is not defined or imported
C:\gh\azure-sdk-for-net\sdk\servermanagement\Microsoft.Azure.Management.ServerManagement\tests\OperationsTest.cs(479,21): error CS0103: The name 'Assert' does not exist in the current context
C:\gh\azure-sdk-for-net\sdk\servermanagement\Microsoft.Azure.Management.ServerManagement\tests\OperationsTest.cs(480,21): error CS0518: Predefined type 'System.Object' is not defined or imported
C:\gh\azure-sdk-for-net\sdk\servermanagement\Microsoft.Azure.Management.ServerManagement\tests\OperationsTest.cs(480,21): error CS0103: The name 'Assert' does not exist in the current context
C:\gh\azure-sdk-for-net\sdk\servermanagement\Microsoft.Azure.Management.ServerManagement\tests\OperationsTest.cs(483,21): error CS0518: Predefined type 'System.Object' is not defined or imported
C:\gh\azure-sdk-for-net\sdk\servermanagement\Microsoft.Azure.Management.ServerManagement\tests\OperationsTest.cs(483,31): error CS0518: Predefined type 'System.String' is not defined or imported
C:\gh\azure-sdk-for-net\sdk\servermanagement\Microsoft.Azure.Management.ServerManagement\tests\OperationsTest.cs(484,37): error CS0012: The type 'Task<>' is defined in an assembly that is not referenced. You must add a reference to assembly 'mscorlib, Version=4.0.0.0, Culture=neutral, PublicKeyToken=b77a5c561934e089'.
C:\gh\azure-sdk-for-net\sdk\servermanagement\Microsoft.Azure.Management.ServerManagement\tests\OperationsTest.cs(485,21): error CS0518: Predefined type 'System.Object' is not defined or imported
C:\gh\azure-sdk-for-net\sdk\servermanagement\Microsoft.Azure.Management.ServerManagement\tests\OperationsTest.cs(485,21): error CS0103: The name 'Assert' does not exist in the current context
C:\gh\azure-sdk-for-net\sdk\servermanagement\Microsoft.Azure.Management.ServerManagement\tests\OperationsTest.cs(486,21): error CS0518: Predefined type 'System.Object' is not defined or imported
C:\gh\azure-sdk-for-net\sdk\servermanagement\Microsoft.Azure.Management.ServerManagement\tests\OperationsTest.cs(486,31): error CS0518: Predefined type 'System.String' is not defined or imported
C:\gh\azure-sdk-for-net\sdk\servermanagement\Microsoft.Azure.Management.ServerManagement\tests\OperationsTest.cs(486,45): error CS0518: Predefined type 'System.String' is not defined or imported
C:\gh\azure-sdk-for-net\sdk\servermanagement\Microsoft.Azure.Management.ServerManagement\tests\OperationsTest.cs(489,21): error CS0518: Predefined type 'System.Object' is not defined or imported
C:\gh\azure-sdk-for-net\sdk\servermanagement\Microsoft.Azure.Management.ServerManagement\tests\OperationsTest.cs(489,31): error CS0518: Predefined type 'System.String' is not defined or imported
C:\gh\azure-sdk-for-net\sdk\servermanagement\Microsoft.Azure.Management.ServerManagement\tests\OperationsTest.cs(490,27): error CS0012: The type 'Task' is defined in an assembly that is not referenced. You must add a reference to assembly 'mscorlib, Version=4.0.0.0, Culture=neutral, PublicKeyToken=b77a5c561934e089'.
C:\gh\azure-sdk-for-net\sdk\servermanagement\Microsoft.Azure.Management.ServerManagement\tests\OperationsTest.cs(496,25): error CS0518: Predefined type 'System.Boolean' is not defined or imported
C:\gh\azure-sdk-for-net\sdk\servermanagement\Microsoft.Azure.Management.ServerManagement\tests\OperationsTest.cs(498,25): error CS0518: Predefined type 'System.Object' is not defined or imported
C:\gh\azure-sdk-for-net\sdk\servermanagement\Microsoft.Azure.Management.ServerManagement\tests\OperationsTest.cs(502,21): error CS0518: Predefined type 'System.Object' is not defined or imported
C:\gh\azure-sdk-for-net\sdk\servermanagement\Microsoft.Azure.Management.ServerManagement\tests\OperationsTest.cs(424,27): error CS0161: 'OperationsTest.CreateSession()': not all code paths return a value
C:\gh\azure-sdk-for-net\sdk\servermanagement\Microsoft.Azure.Management.ServerManagement\tests\OperationsTest.cs(515,19): error CS0518: Predefined type 'System.Object' is not defined or imported
C:\gh\azure-sdk-for-net\sdk\servermanagement\Microsoft.Azure.Management.ServerManagement\tests\OperationsTest.cs(517,13): error CS0518: Predefined type 'System.IDisposable' is not defined or imported
C:\gh\azure-sdk-for-net\sdk\servermanagement\Microsoft.Azure.Management.ServerManagement\tests\OperationsTest.cs(517,34): error CS0518: Predefined type 'System.Object' is not defined or imported
C:\gh\azure-sdk-for-net\sdk\servermanagement\Microsoft.Azure.Management.ServerManagement\tests\OperationsTest.cs(517,34): error CS0103: The name 'MockContext' does not exist in the current context
C:\gh\azure-sdk-for-net\sdk\servermanagement\Microsoft.Azure.Management.ServerManagement\tests\OperationsTest.cs(517,52): error CS0518: Predefined type 'System.String' is not defined or imported
C:\gh\azure-sdk-for-net\sdk\servermanagement\Microsoft.Azure.Management.ServerManagement\tests\OperationsTest.cs(519,30): error CS0518: Predefined type 'System.Object' is not defined or imported
C:\gh\azure-sdk-for-net\sdk\servermanagement\Microsoft.Azure.Management.ServerManagement\tests\OperationsTest.cs(520,17): error CS0518: Predefined type 'System.Object' is not defined or imported
C:\gh\azure-sdk-for-net\sdk\servermanagement\Microsoft.Azure.Management.ServerManagement\tests\OperationsTest.cs(522,21): error CS0518: Predefined type 'System.Boolean' is not defined or imported
C:\gh\azure-sdk-for-net\sdk\servermanagement\Microsoft.Azure.Management.ServerManagement\tests\OperationsTest.cs(526,92): error CS0518: Predefined type 'System.Object' is not defined or imported
C:\gh\azure-sdk-for-net\sdk\servermanagement\Microsoft.Azure.Management.ServerManagement\tests\OperationsTest.cs(526,41): error CS0012: The type 'Task<>' is defined in an assembly that is not referenced. You must add a reference to assembly 'mscorlib, Version=4.0.0.0, Culture=neutral, PublicKeyToken=b77a5c561934e089'.
C:\gh\azure-sdk-for-net\sdk\servermanagement\Microsoft.Azure.Management.ServerManagement\tests\OperationsTest.cs(529,25): error CS0518: Predefined type 'System.Object' is not defined or imported
C:\gh\azure-sdk-for-net\sdk\servermanagement\Microsoft.Azure.Management.ServerManagement\tests\OperationsTest.cs(539,25): error CS0234: The type or namespace name 'Rest' does not exist in the namespace 'Microsoft' (are you missing an assembly reference?)
C:\gh\azure-sdk-for-net\sdk\servermanagement\Microsoft.Azure.Management.ServerManagement\tests\OperationsTest.cs(539,25): error CS0518: Predefined type 'System.Boolean' is not defined or imported
C:\gh\azure-sdk-for-net\sdk\servermanagement\Microsoft.Azure.Management.ServerManagement\tests\OperationsTest.cs(542,31): error CS0518: Predefined type 'System.Object' is not defined or imported
C:\gh\azure-sdk-for-net\sdk\servermanagement\Microsoft.Azure.Management.ServerManagement\tests\OperationsTest.cs(545,92): error CS0518: Predefined type 'System.Object' is not defined or imported
C:\gh\azure-sdk-for-net\sdk\servermanagement\Microsoft.Azure.Management.ServerManagement\tests\OperationsTest.cs(545,41): error CS0012: The type 'Task<>' is defined in an assembly that is not referenced. You must add a reference to assembly 'mscorlib, Version=4.0.0.0, Culture=neutral, PublicKeyToken=b77a5c561934e089'.
C:\gh\azure-sdk-for-net\sdk\servermanagement\Microsoft.Azure.Management.ServerManagement\tests\OperationsTest.cs(548,21): error CS0518: Predefined type 'System.Object' is not defined or imported
C:\gh\azure-sdk-for-net\sdk\servermanagement\Microsoft.Azure.Management.ServerManagement\tests\OperationsTest.cs(548,21): error CS0103: The name 'Assert' does not exist in the current context
C:\gh\azure-sdk-for-net\sdk\servermanagement\Microsoft.Azure.Management.ServerManagement\tests\OperationsTest.cs(549,21): error CS0518: Predefined type 'System.Object' is not defined or imported
C:\gh\azure-sdk-for-net\sdk\servermanagement\Microsoft.Azure.Management.ServerManagement\tests\OperationsTest.cs(549,21): error CS0103: The name 'Assert' does not exist in the current context
C:\gh\azure-sdk-for-net\sdk\servermanagement\Microsoft.Azure.Management.ServerManagement\tests\OperationsTest.cs(549,34): error CS0518: Predefined type 'System.String' is not defined or imported
C:\gh\azure-sdk-for-net\sdk\servermanagement\Microsoft.Azure.Management.ServerManagement\tests\OperationsTest.cs(549,63): error CS0518: Predefined type 'System.String' is not defined or imported
C:\gh\azure-sdk-for-net\sdk\servermanagement\Microsoft.Azure.Management.ServerManagement\tests\OperationsTest.cs(550,21): error CS0518: Predefined type 'System.Object' is not defined or imported
C:\gh\azure-sdk-for-net\sdk\servermanagement\Microsoft.Azure.Management.ServerManagement\tests\OperationsTest.cs(550,21): error CS0103: The name 'Assert' does not exist in the current context
C:\gh\azure-sdk-for-net\sdk\servermanagement\Microsoft.Azure.Management.ServerManagement\tests\OperationsTest.cs(550,34): error CS0518: Predefined type 'System.String' is not defined or imported
C:\gh\azure-sdk-for-net\sdk\servermanagement\Microsoft.Azure.Management.ServerManagement\tests\OperationsTest.cs(550,63): error CS0518: Predefined type 'System.String' is not defined or imported
C:\gh\azure-sdk-for-net\sdk\servermanagement\Microsoft.Azure.Management.ServerManagement\tests\OperationsTest.cs(552,21): error CS0518: Predefined type 'System.Object' is not defined or imported
C:\gh\azure-sdk-for-net\sdk\servermanagement\Microsoft.Azure.Management.ServerManagement\tests\OperationsTest.cs(552,21): error CS0103: The name 'Assert' does not exist in the current context
C:\gh\azure-sdk-for-net\sdk\servermanagement\Microsoft.Azure.Management.ServerManagement\tests\OperationsTest.cs(552,33): error CS0518: Predefined type 'System.Object' is not defined or imported
C:\gh\azure-sdk-for-net\sdk\servermanagement\Microsoft.Azure.Management.ServerManagement\tests\OperationsTest.cs(552,33): error CS0103: The name 'Uri' does not exist in the current context
C:\gh\azure-sdk-for-net\sdk\servermanagement\Microsoft.Azure.Management.ServerManagement\tests\OperationsTest.cs(552,67): error CS0518: Predefined type 'System.String' is not defined or imported
C:\gh\azure-sdk-for-net\sdk\servermanagement\Microsoft.Azure.Management.ServerManagement\tests\OperationsTest.cs(552,86): error CS0518: Predefined type 'System.Object' is not defined or imported
C:\gh\azure-sdk-for-net\sdk\servermanagement\Microsoft.Azure.Management.ServerManagement\tests\OperationsTest.cs(552,86): error CS0103: The name 'UriKind' does not exist in the current context
C:\gh\azure-sdk-for-net\sdk\servermanagement\Microsoft.Azure.Management.ServerManagement\tests\OperationsTest.cs(557,25): error CS0518: Predefined type 'System.Boolean' is not defined or imported
C:\gh\azure-sdk-for-net\sdk\servermanagement\Microsoft.Azure.Management.ServerManagement\tests\OperationsTest.cs(559,25): error CS0518: Predefined type 'System.Object' is not defined or imported
C:\gh\azure-sdk-for-net\sdk\servermanagement\Microsoft.Azure.Management.ServerManagement\tests\OperationsTest.cs(512,27): error CS0161: 'OperationsTest.GatewayExpandOptions()': not all code paths return a value
C:\gh\azure-sdk-for-net\sdk\servermanagement\Microsoft.Azure.Management.ServerManagement\tests\OperationsTest.cs(16,1): hidden CS8019: Unnecessary using directive.
C:\gh\azure-sdk-for-net\sdk\servermanagement\Microsoft.Azure.Management.ServerManagement\tests\ServerManagementTestBase.cs(7,1): hidden CS8019: Unnecessary using directive.
C:\gh\azure-sdk-for-net\sdk\servermanagement\Microsoft.Azure.Management.ServerManagement\tests\OperationsTest.cs(13,1): hidden CS8019: Unnecessary using directive.
C:\gh\azure-sdk-for-net\sdk\servermanagement\Microsoft.Azure.Management.ServerManagement\tests\ServerManagementTestBase.cs(12,1): hidden CS8019: Unnecessary using directive.
C:\gh\azure-sdk-for-net\sdk\servermanagement\Microsoft.Azure.Management.ServerManagement\tests\ServerManagementTestBase.cs(10,1): hidden CS8019: Unnecessary using directive.
C:\gh\azure-sdk-for-net\sdk\servermanagement\Microsoft.Azure.Management.ServerManagement\tests\Properties\AssemblyInfo.cs(5,1): hidden CS8019: Unnecessary using directive.
C:\gh\azure-sdk-for-net\sdk\servermanagement\Microsoft.Azure.Management.ServerManagement\tests\ServerManagementTestBase.cs(5,1): hidden CS8019: Unnecessary using directive.
C:\gh\azure-sdk-for-net\sdk\servermanagement\Microsoft.Azure.Management.ServerManagement\tests\Properties\AssemblyInfo.cs(7,1): hidden CS8019: Unnecessary using directive.
C:\gh\azure-sdk-for-net\sdk\servermanagement\Microsoft.Azure.Management.ServerManagement\tests\Extensions.cs(5,1): hidden CS8019: Unnecessary using directive.
C:\gh\azure-sdk-for-net\sdk\servermanagement\Microsoft.Azure.Management.ServerManagement\tests\ServerManagementTestBase.cs(14,1): hidden CS8019: Unnecessary using directive.
C:\gh\azure-sdk-for-net\sdk\servermanagement\Microsoft.Azure.Management.ServerManagement\tests\OperationsTest.cs(10,1): hidden CS8019: Unnecessary using directive.
C:\gh\azure-sdk-for-net\artifacts\obj\Microsoft.Azure.Management.ServerManagement.Tests\Debug\netcoreapp2.0\Microsoft.Azure.Management.ServerManagement.Tests.AssemblyInfo.cs(11,1): hidden CS8019: Unnecessary using directive.
C:\gh\azure-sdk-for-net\sdk\servermanagement\Microsoft.Azure.Management.ServerManagement\tests\Extensions.cs(6,1): hidden CS8019: Unnecessary using directive.
C:\gh\azure-sdk-for-net\sdk\servermanagement\Microsoft.Azure.Management.ServerManagement\tests\ServerManagementTestBase.cs(6,1): hidden CS8019: Unnecessary using directive.
C:\gh\azure-sdk-for-net\sdk\servermanagement\Microsoft.Azure.Management.ServerManagement\tests\Extensions.cs(8,1): hidden CS8019: Unnecessary using directive.
C:\gh\azure-sdk-for-net\sdk\servermanagement\Microsoft.Azure.Management.ServerManagement\tests\OperationsTest.cs(7,1): hidden CS8019: Unnecessary using directive.
C:\gh\azure-sdk-for-net\sdk\servermanagement\Microsoft.Azure.Management.ServerManagement\tests\OperationsTest.cs(17,1): hidden CS8019: Unnecessary using directive.
C:\gh\azure-sdk-for-net\sdk\servermanagement\Microsoft.Azure.Management.ServerManagement\tests\OperationsTest.cs(14,1): hidden CS8019: Unnecessary using directive.
C:\gh\azure-sdk-for-net\sdk\servermanagement\Microsoft.Azure.Management.ServerManagement\tests\Extensions.cs(11,1): hidden CS8019: Unnecessary using directive.
C:\gh\azure-sdk-for-net\sdk\servermanagement\Microsoft.Azure.Management.ServerManagement\tests\OperationsTest.cs(5,1): hidden CS8019: Unnecessary using directive.
C:\gh\azure-sdk-for-net\sdk\servermanagement\Microsoft.Azure.Management.ServerManagement\tests\ServerManagementTestBase.cs(15,1): hidden CS8019: Unnecessary using directive.
C:\gh\azure-sdk-for-net\sdk\servermanagement\Microsoft.Azure.Management.ServerManagement\tests\OperationsTest.cs(6,1): hidden CS8019: Unnecessary using directive.
C:\gh\azure-sdk-for-net\sdk\servermanagement\Microsoft.Azure.Management.ServerManagement\tests\Extensions.cs(9,1): hidden CS8019: Unnecessary using directive.
C:\gh\azure-sdk-for-net\eng\mgmt\DisableTestRunParallel.cs(5,1): hidden CS8019: Unnecessary using directive.
C:\gh\azure-sdk-for-net\sdk\servermanagement\Microsoft.Azure.Management.ServerManagement\tests\OperationsTest.cs(9,1): hidden CS8019: Unnecessary using directive.
C:\gh\azure-sdk-for-net\eng\mgmt\DisableTestRunParallel.cs(4,1): hidden CS8019: Unnecessary using directive.
C:\gh\azure-sdk-for-net\artifacts\obj\Microsoft.Azure.Management.ServerManagement.Tests\Debug\netcoreapp2.0\Microsoft.Azure.Management.ServerManagement.Tests.AssemblyInfo.cs(12,1): hidden CS8019: Unnecessary using directive.
C:\gh\azure-sdk-for-net\sdk\servermanagement\Microsoft.Azure.Management.ServerManagement\tests\ServerManagementTestBase.cs(9,1): hidden CS8019: Unnecessary using directive.
C:\gh\azure-sdk-for-net\artifacts\obj\Microsoft.Azure.Management.ServerManagement.Tests\Debug\netcoreapp2.0\.NETCoreApp,Version=v2.0.AssemblyAttributes.cs(2,1): hidden CS8019: Unnecessary using directive.
C:\gh\azure-sdk-for-net\sdk\servermanagement\Microsoft.Azure.Management.ServerManagement\tests\Extensions.cs(10,1): hidden CS8019: Unnecessary using directive.
C:\gh\azure-sdk-for-net\sdk\servermanagement\Microsoft.Azure.Management.ServerManagement\tests\ServerManagementTestBase.cs(8,1): hidden CS8019: Unnecessary using directive.
C:\gh\azure-sdk-for-net\artifacts\obj\Microsoft.Azure.Management.ServerManagement.Tests\Debug\netcoreapp2.0\.NETCoreApp,Version=v2.0.AssemblyAttributes.cs(3,1): hidden CS8019: Unnecessary using directive.
C:\gh\azure-sdk-for-net\sdk\servermanagement\Microsoft.Azure.Management.ServerManagement\tests\OperationsTest.cs(15,1): hidden CS8019: Unnecessary using directive.
C:\gh\azure-sdk-for-net\sdk\servermanagement\Microsoft.Azure.Management.ServerManagement\tests\Properties\AssemblyInfo.cs(6,1): hidden CS8019: Unnecessary using directive.
C:\gh\azure-sdk-for-net\sdk\servermanagement\Microsoft.Azure.Management.ServerManagement\tests\OperationsTest.cs(8,1): hidden CS8019: Unnecessary using directive.
C:\gh\azure-sdk-for-net\sdk\servermanagement\Microsoft.Azure.Management.ServerManagement\tests\ServerManagementTestBase.cs(13,1): hidden CS8019: Unnecessary using directive.
C:\gh\azure-sdk-for-net\sdk\servermanagement\Microsoft.Azure.Management.ServerManagement\tests\Extensions.cs(7,1): hidden CS8019: Unnecessary using directive.
