C:\gh\azure-sdk-for-net\sdk\storage\Microsoft.Azure.WebJobs.Extensions.Storage.Common\tests\AzuriteFixture.cs(188,16): error CS0246: The type or namespace name 'TokenCredential' could not be found (are you missing a using directive or an assembly reference?)
C:\gh\azure-sdk-for-net\sdk\storage\Microsoft.Azure.WebJobs.Extensions.Storage.Common\tests\AzuriteFixture.cs(179,16): error CS0246: The type or namespace name 'HttpClientTransport' could not be found (are you missing a using directive or an assembly reference?)
C:\gh\azure-sdk-for-net\sdk\storage\Microsoft.Azure.WebJobs.Extensions.Storage.Common\tests\TestHelpers.cs(174,67): error CS0246: The type or namespace name 'IHost' could not be found (are you missing a using directive or an assembly reference?)
C:\gh\azure-sdk-for-net\sdk\storage\Microsoft.Azure.WebJobs.Extensions.Storage.Common\tests\TestJobHost.cs(14,38): error CS0305: Using the generic type 'JobHost<TProgram>' requires 1 type arguments
C:\gh\azure-sdk-for-net\sdk\storage\Microsoft.Azure.WebJobs.Extensions.Storage.Common\tests\FunctionalTest.cs(21,20): error CS0246: The type or namespace name 'IWebJobsBuilder' could not be found (are you missing a using directive or an assembly reference?)
C:\gh\azure-sdk-for-net\sdk\storage\Microsoft.Azure.WebJobs.Extensions.Storage.Common\tests\TestHelpers.cs(179,52): error CS0305: Using the generic type 'JobHost<TProgram>' requires 1 type arguments
C:\gh\azure-sdk-for-net\sdk\storage\Microsoft.Azure.WebJobs.Extensions.Storage.Common\tests\TestHelpers.cs(184,52): error CS0305: Using the generic type 'JobHost<TProgram>' requires 1 type arguments
C:\gh\azure-sdk-for-net\sdk\storage\Microsoft.Azure.WebJobs.Extensions.Storage.Common\tests\FunctionalTest.cs(75,57): error CS0246: The type or namespace name 'IWebJobsBuilder' could not be found (are you missing a using directive or an assembly reference?)
C:\gh\azure-sdk-for-net\sdk\storage\Microsoft.Azure.WebJobs.Extensions.Storage.Common\tests\TestHelpers.cs(106,66): error CS0246: The type or namespace name 'IHostBuilder' could not be found (are you missing a using directive or an assembly reference?)
C:\gh\azure-sdk-for-net\sdk\storage\Microsoft.Azure.WebJobs.Extensions.Storage.Common\tests\TestHelpers.cs(106,95): error CS0246: The type or namespace name 'IWebJobsBuilder' could not be found (are you missing a using directive or an assembly reference?)
C:\gh\azure-sdk-for-net\sdk\storage\Microsoft.Azure.WebJobs.Extensions.Storage.Common\tests\TestHelpers.cs(106,23): error CS0246: The type or namespace name 'IHostBuilder' could not be found (are you missing a using directive or an assembly reference?)
C:\gh\azure-sdk-for-net\sdk\storage\Microsoft.Azure.WebJobs.Extensions.Storage.Common\tests\TestHelpers.cs(124,76): error CS0246: The type or namespace name 'IHostBuilder' could not be found (are you missing a using directive or an assembly reference?)
C:\gh\azure-sdk-for-net\sdk\storage\Microsoft.Azure.WebJobs.Extensions.Storage.Common\tests\TestHelpers.cs(125,38): error CS0246: The type or namespace name 'IWebJobsBuilder' could not be found (are you missing a using directive or an assembly reference?)
C:\gh\azure-sdk-for-net\sdk\storage\Microsoft.Azure.WebJobs.Extensions.Storage.Common\tests\TestHelpers.cs(124,23): error CS0246: The type or namespace name 'IHostBuilder' could not be found (are you missing a using directive or an assembly reference?)
C:\gh\azure-sdk-for-net\sdk\storage\Microsoft.Azure.WebJobs.Extensions.Storage.Common\tests\TestHelpers.cs(136,76): error CS0246: The type or namespace name 'IHostBuilder' could not be found (are you missing a using directive or an assembly reference?)
C:\gh\azure-sdk-for-net\sdk\storage\Microsoft.Azure.WebJobs.Extensions.Storage.Common\tests\TestHelpers.cs(136,105): error CS0246: The type or namespace name 'IWebJobsBuilder' could not be found (are you missing a using directive or an assembly reference?)
C:\gh\azure-sdk-for-net\sdk\storage\Microsoft.Azure.WebJobs.Extensions.Storage.Common\tests\TestHelpers.cs(137,13): error CS0246: The type or namespace name 'INameResolver' could not be found (are you missing a using directive or an assembly reference?)
C:\gh\azure-sdk-for-net\sdk\storage\Microsoft.Azure.WebJobs.Extensions.Storage.Common\tests\TestHelpers.cs(137,48): error CS0246: The type or namespace name 'IJobActivator' could not be found (are you missing a using directive or an assembly reference?)
C:\gh\azure-sdk-for-net\sdk\storage\Microsoft.Azure.WebJobs.Extensions.Storage.Common\tests\TestHelpers.cs(136,23): error CS0246: The type or namespace name 'IHostBuilder' could not be found (are you missing a using directive or an assembly reference?)
C:\gh\azure-sdk-for-net\sdk\storage\Microsoft.Azure.WebJobs.Extensions.Storage.Common\tests\Fakes\FakeActivator.cs(10,34): error CS0246: The type or namespace name 'IJobActivator' could not be found (are you missing a using directive or an assembly reference?)
C:\gh\azure-sdk-for-net\sdk\storage\Microsoft.Azure.WebJobs.Extensions.Storage.Common\tests\TestHelpers.cs(169,47): error CS0246: The type or namespace name 'IHost' could not be found (are you missing a using directive or an assembly reference?)
C:\gh\azure-sdk-for-net\sdk\storage\Microsoft.Azure.WebJobs.Extensions.Storage.Common\tests\TestHelpers.cs(169,23): error CS0305: Using the generic type 'JobHost<TProgram>' requires 1 type arguments
C:\gh\azure-sdk-for-net\sdk\storage\Microsoft.Azure.WebJobs.Extensions.Storage.Common\tests\FunctionalTest.cs(101,69): error CS0246: The type or namespace name 'IWebJobsBuilder' could not be found (are you missing a using directive or an assembly reference?)
C:\gh\azure-sdk-for-net\sdk\storage\Microsoft.Azure.WebJobs.Extensions.Storage.Common\tests\FunctionalTest.cs(139,69): error CS0246: The type or namespace name 'IWebJobsBuilder' could not be found (are you missing a using directive or an assembly reference?)
C:\gh\azure-sdk-for-net\sdk\storage\Microsoft.Azure.WebJobs.Extensions.Storage.Common\tests\FunctionalTest.cs(121,51): error CS0246: The type or namespace name 'IWebJobsBuilder' could not be found (are you missing a using directive or an assembly reference?)
C:\gh\azure-sdk-for-net\sdk\storage\Microsoft.Azure.WebJobs.Extensions.Storage.Common\tests\TestLoggerProvider.cs(11,39): error CS0246: The type or namespace name 'ILoggerProvider' could not be found (are you missing a using directive or an assembly reference?)
C:\gh\azure-sdk-for-net\sdk\storage\Microsoft.Azure.WebJobs.Extensions.Storage.Common\tests\TestHelpers.cs(32,70): error CS0246: The type or namespace name 'IWebJobsBuilder' could not be found (are you missing a using directive or an assembly reference?)
C:\gh\azure-sdk-for-net\sdk\storage\Microsoft.Azure.WebJobs.Extensions.Storage.Common\tests\TestAsyncPageable.cs(9,41): error CS0246: The type or namespace name 'AsyncPageable<>' could not be found (are you missing a using directive or an assembly reference?)
C:\gh\azure-sdk-for-net\sdk\storage\Microsoft.Azure.WebJobs.Extensions.Storage.Common\tests\TestAsyncPageable.cs(13,34): error CS0246: The type or namespace name 'Pageable<>' could not be found (are you missing a using directive or an assembly reference?)
C:\gh\azure-sdk-for-net\sdk\storage\Microsoft.Azure.WebJobs.Extensions.Storage.Common\tests\TestExceptionHandler.cs(13,41): error CS0246: The type or namespace name 'IWebJobsExceptionHandler' could not be found (are you missing a using directive or an assembly reference?)
C:\gh\azure-sdk-for-net\sdk\storage\Microsoft.Azure.WebJobs.Extensions.Storage.Common\tests\Fakes\FakeNameResolver.cs(9,37): error CS0246: The type or namespace name 'INameResolver' could not be found (are you missing a using directive or an assembly reference?)
C:\gh\azure-sdk-for-net\sdk\storage\Microsoft.Azure.WebJobs.Extensions.Storage.Common\tests\Fakes\FakeTypeLocator.cs(9,36): error CS0246: The type or namespace name 'ITypeLocator' could not be found (are you missing a using directive or an assembly reference?)
C:\gh\azure-sdk-for-net\sdk\storage\Microsoft.Azure.WebJobs.Extensions.Storage.Common\tests\RandomNameResolver.cs(9,39): error CS0246: The type or namespace name 'INameResolver' could not be found (are you missing a using directive or an assembly reference?)
C:\gh\azure-sdk-for-net\sdk\storage\Microsoft.Azure.WebJobs.Extensions.Storage.Common\tests\ExpectManualCompletionLogger.cs(73,66): error CS0246: The type or namespace name 'ILoggerProvider' could not be found (are you missing a using directive or an assembly reference?)
C:\gh\azure-sdk-for-net\sdk\storage\Microsoft.Azure.WebJobs.Extensions.Storage.Common\tests\ExpectManualCompletionLogger.cs(91,16): error CS0246: The type or namespace name 'ILogger' could not be found (are you missing a using directive or an assembly reference?)
C:\gh\azure-sdk-for-net\sdk\storage\Microsoft.Azure.WebJobs.Extensions.Storage.Common\tests\ExpectManualCompletionLogger.cs(12,58): error CS0246: The type or namespace name 'ILogger' could not be found (are you missing a using directive or an assembly reference?)
C:\gh\azure-sdk-for-net\sdk\storage\Microsoft.Azure.WebJobs.Extensions.Storage.Common\tests\TestAsyncPageable.cs(24,31): error CS0246: The type or namespace name 'IAsyncEnumerable<>' could not be found (are you missing a using directive or an assembly reference?)
C:\gh\azure-sdk-for-net\sdk\storage\Microsoft.Azure.WebJobs.Extensions.Storage.Common\tests\TestAsyncPageable.cs(24,48): error CS0246: The type or namespace name 'Page<>' could not be found (are you missing a using directive or an assembly reference?)
C:\gh\azure-sdk-for-net\sdk\storage\Microsoft.Azure.WebJobs.Extensions.Storage.Common\tests\TestAsyncPageable.cs(11,26): error CS0246: The type or namespace name 'Pageable<>' could not be found (are you missing a using directive or an assembly reference?)
C:\gh\azure-sdk-for-net\sdk\storage\Microsoft.Azure.WebJobs.Extensions.Storage.Common\tests\TestPageable.cs(11,36): error CS0246: The type or namespace name 'Pageable<>' could not be found (are you missing a using directive or an assembly reference?)
C:\gh\azure-sdk-for-net\sdk\storage\Microsoft.Azure.WebJobs.Extensions.Storage.Common\tests\ExpectManualCompletionLogger.cs(43,33): error CS0122: 'LogLevel' is inaccessible due to its protection level
C:\gh\azure-sdk-for-net\sdk\storage\Microsoft.Azure.WebJobs.Extensions.Storage.Common\tests\ExpectManualCompletionLogger.cs(43,52): error CS0246: The type or namespace name 'EventId' could not be found (are you missing a using directive or an assembly reference?)
C:\gh\azure-sdk-for-net\sdk\storage\Microsoft.Azure.WebJobs.Extensions.Storage.Common\tests\FunctionalTest.cs(86,84): error CS0246: The type or namespace name 'IWebJobsBuilder' could not be found (are you missing a using directive or an assembly reference?)
C:\gh\azure-sdk-for-net\sdk\storage\Microsoft.Azure.WebJobs.Extensions.Storage.Common\tests\AzuriteFixture.cs(211,47): error CS0246: The type or namespace name 'TokenCredential' could not be found (are you missing a using directive or an assembly reference?)
C:\gh\azure-sdk-for-net\sdk\storage\Microsoft.Azure.WebJobs.Extensions.Storage.Common\tests\AzuriteFixture.cs(218,50): error CS0246: The type or namespace name 'TokenRequestContext' could not be found (are you missing a using directive or an assembly reference?)
C:\gh\azure-sdk-for-net\sdk\storage\Microsoft.Azure.WebJobs.Extensions.Storage.Common\tests\AzuriteFixture.cs(218,29): error CS0246: The type or namespace name 'AccessToken' could not be found (are you missing a using directive or an assembly reference?)
C:\gh\azure-sdk-for-net\sdk\storage\Microsoft.Azure.WebJobs.Extensions.Storage.Common\tests\TestExceptionHandler.cs(28,48): error CS0246: The type or namespace name 'IWebJobsExceptionHandlerFactory' could not be found (are you missing a using directive or an assembly reference?)
C:\gh\azure-sdk-for-net\sdk\storage\Microsoft.Azure.WebJobs.Extensions.Storage.Common\tests\TestExceptionHandler.cs(32,48): error CS0246: The type or namespace name 'IHost' could not be found (are you missing a using directive or an assembly reference?)
C:\gh\azure-sdk-for-net\sdk\storage\Microsoft.Azure.WebJobs.Extensions.Storage.Common\tests\TestExceptionHandler.cs(32,16): error CS0246: The type or namespace name 'IWebJobsExceptionHandler' could not be found (are you missing a using directive or an assembly reference?)
C:\gh\azure-sdk-for-net\sdk\storage\Microsoft.Azure.WebJobs.Extensions.Storage.Common\tests\ExpectManualCompletionLogger.cs(38,31): error CS0122: 'LogLevel' is inaccessible due to its protection level
C:\gh\azure-sdk-for-net\sdk\storage\Microsoft.Azure.WebJobs.Extensions.Storage.Common\tests\TestConfigurationBuilderExtensions.cs(17,66): error CS0246: The type or namespace name 'IConfigurationBuilder' could not be found (are you missing a using directive or an assembly reference?)
C:\gh\azure-sdk-for-net\sdk\storage\Microsoft.Azure.WebJobs.Extensions.Storage.Common\tests\TestConfigurationBuilderExtensions.cs(17,23): error CS0246: The type or namespace name 'IConfigurationBuilder' could not be found (are you missing a using directive or an assembly reference?)
C:\gh\azure-sdk-for-net\sdk\storage\Microsoft.Azure.WebJobs.Extensions.Storage.Common\tests\TestLogger.cs(11,31): error CS0246: The type or namespace name 'ILogger' could not be found (are you missing a using directive or an assembly reference?)
C:\gh\azure-sdk-for-net\sdk\storage\Microsoft.Azure.WebJobs.Extensions.Storage.Common\tests\TestLogger.cs(53,41): error CS0122: 'LogLevel' is inaccessible due to its protection level
C:\gh\azure-sdk-for-net\sdk\storage\Microsoft.Azure.WebJobs.Extensions.Storage.Common\tests\TestLogger.cs(53,60): error CS0246: The type or namespace name 'EventId' could not be found (are you missing a using directive or an assembly reference?)
C:\gh\azure-sdk-for-net\sdk\storage\Microsoft.Azure.WebJobs.Extensions.Storage.Common\tests\AzuriteFixture.cs(213,66): error CS0246: The type or namespace name 'TokenRequestContext' could not be found (are you missing a using directive or an assembly reference?)
C:\gh\azure-sdk-for-net\sdk\storage\Microsoft.Azure.WebJobs.Extensions.Storage.Common\tests\AzuriteFixture.cs(213,29): error CS0246: The type or namespace name 'ValueTask<>' could not be found (are you missing a using directive or an assembly reference?)
C:\gh\azure-sdk-for-net\sdk\storage\Microsoft.Azure.WebJobs.Extensions.Storage.Common\tests\AzuriteFixture.cs(213,39): error CS0246: The type or namespace name 'AccessToken' could not be found (are you missing a using directive or an assembly reference?)
C:\gh\azure-sdk-for-net\sdk\storage\Microsoft.Azure.WebJobs.Extensions.Storage.Common\tests\TestLogger.cs(32,31): error CS0122: 'LogLevel' is inaccessible due to its protection level
C:\gh\azure-sdk-for-net\sdk\storage\Microsoft.Azure.WebJobs.Extensions.Storage.Common\tests\TestJobHost.cs(16,26): error CS0246: The type or namespace name 'IJobActivator' could not be found (are you missing a using directive or an assembly reference?)
C:\gh\azure-sdk-for-net\sdk\storage\Microsoft.Azure.WebJobs.Extensions.Storage.Common\tests\TestJobHost.cs(19,13): error CS0246: The type or namespace name 'IOptions<>' could not be found (are you missing a using directive or an assembly reference?)
C:\gh\azure-sdk-for-net\sdk\storage\Microsoft.Azure.WebJobs.Extensions.Storage.Common\tests\TestJobHost.cs(19,22): error CS0246: The type or namespace name 'JobHostOptions' could not be found (are you missing a using directive or an assembly reference?)
C:\gh\azure-sdk-for-net\sdk\storage\Microsoft.Azure.WebJobs.Extensions.Storage.Common\tests\TestJobHost.cs(20,13): error CS0246: The type or namespace name 'IJobHostContextFactory' could not be found (are you missing a using directive or an assembly reference?)
C:\gh\azure-sdk-for-net\sdk\storage\Microsoft.Azure.WebJobs.Extensions.Storage.Common\tests\TestJobHost.cs(21,13): error CS0246: The type or namespace name 'IJobActivator' could not be found (are you missing a using directive or an assembly reference?)
C:\gh\azure-sdk-for-net\sdk\storage\Microsoft.Azure.WebJobs.Extensions.Storage.Common\tests\TestLoggerProvider.cs(25,16): error CS0246: The type or namespace name 'ILogger' could not be found (are you missing a using directive or an assembly reference?)
C:\gh\azure-sdk-for-net\sdk\storage\Microsoft.Azure.WebJobs.Extensions.Storage.Common\tests\TestLoggerProvider.cs(13,26): error CS0246: The type or namespace name 'LoggerFilterOptions' could not be found (are you missing a using directive or an assembly reference?)
C:\gh\azure-sdk-for-net\sdk\storage\Microsoft.Azure.WebJobs.Extensions.Storage.Common\tests\TestPageable.cs(20,37): error CS0246: The type or namespace name 'Page<>' could not be found (are you missing a using directive or an assembly reference?)
C:\gh\azure-sdk-for-net\sdk\storage\Microsoft.Azure.WebJobs.Extensions.Storage.Common\tests\TestHelpers.cs(189,58): error CS0246: The type or namespace name 'IHost' could not be found (are you missing a using directive or an assembly reference?)
C:\gh\azure-sdk-for-net\sdk\storage\Microsoft.Azure.WebJobs.Extensions.Storage.Common\tests\TestHelpers.cs(164,69): error CS0246: The type or namespace name 'IHost' could not be found (are you missing a using directive or an assembly reference?)
C:\gh\azure-sdk-for-net\sdk\storage\Microsoft.Azure.WebJobs.Extensions.Storage.Common\tests\TestHelpers.cs(156,61): error CS0246: The type or namespace name 'IHostBuilder' could not be found (are you missing a using directive or an assembly reference?)
C:\gh\azure-sdk-for-net\sdk\storage\Microsoft.Azure.WebJobs.Extensions.Storage.Common\tests\TestHelpers.cs(156,23): error CS0246: The type or namespace name 'IHostBuilder' could not be found (are you missing a using directive or an assembly reference?)
C:\gh\azure-sdk-for-net\sdk\storage\Microsoft.Azure.WebJobs.Extensions.Storage.Common\tests\ExceptionAssert.cs(5,7): error CS0246: The type or namespace name 'NUnit' could not be found (are you missing a using directive or an assembly reference?)
C:\gh\azure-sdk-for-net\sdk\storage\Microsoft.Azure.WebJobs.Extensions.Storage.Common\tests\ExpectManualCompletionLogger.cs(7,31): error CS0234: The type or namespace name 'Logging' does not exist in the namespace 'Microsoft.Azure.WebJobs' (are you missing an assembly reference?)
C:\gh\azure-sdk-for-net\sdk\storage\Microsoft.Azure.WebJobs.Extensions.Storage.Common\tests\ExpectManualCompletionLogger.cs(8,28): error CS0234: The type or namespace name 'Logging' does not exist in the namespace 'Microsoft.Extensions' (are you missing an assembly reference?)
C:\gh\azure-sdk-for-net\sdk\storage\Microsoft.Azure.WebJobs.Extensions.Storage.Common\tests\Fakes\FakeActivator.cs(6,31): error CS0234: The type or namespace name 'Host' does not exist in the namespace 'Microsoft.Azure.WebJobs' (are you missing an assembly reference?)
C:\gh\azure-sdk-for-net\sdk\storage\Microsoft.Azure.WebJobs.Extensions.Storage.Common\tests\FunctionalTest.cs(8,28): error CS0234: The type or namespace name 'Configuration' does not exist in the namespace 'Microsoft.Extensions' (are you missing an assembly reference?)
C:\gh\azure-sdk-for-net\sdk\storage\Microsoft.Azure.WebJobs.Extensions.Storage.Common\tests\FunctionalTest.cs(9,28): error CS0234: The type or namespace name 'Hosting' does not exist in the namespace 'Microsoft.Extensions' (are you missing an assembly reference?)
C:\gh\azure-sdk-for-net\sdk\storage\Microsoft.Azure.WebJobs.Extensions.Storage.Common\tests\FunctionalTest.cs(10,28): error CS0234: The type or namespace name 'Logging' does not exist in the namespace 'Microsoft.Extensions' (are you missing an assembly reference?)
C:\gh\azure-sdk-for-net\sdk\storage\Microsoft.Azure.WebJobs.Extensions.Storage.Common\tests\FunctionalTest.cs(11,7): error CS0246: The type or namespace name 'NUnit' could not be found (are you missing a using directive or an assembly reference?)
C:\gh\azure-sdk-for-net\sdk\storage\Microsoft.Azure.WebJobs.Extensions.Storage.Common\tests\LogMessage.cs(8,28): error CS0234: The type or namespace name 'Logging' does not exist in the namespace 'Microsoft.Extensions' (are you missing an assembly reference?)
C:\gh\azure-sdk-for-net\sdk\storage\Microsoft.Azure.WebJobs.Extensions.Storage.Common\tests\TestConfigurationBuilderExtensions.cs(6,28): error CS0234: The type or namespace name 'Configuration' does not exist in the namespace 'Microsoft.Extensions' (are you missing an assembly reference?)
C:\gh\azure-sdk-for-net\sdk\storage\Microsoft.Azure.WebJobs.Extensions.Storage.Common\tests\TestExceptionHandler.cs(7,31): error CS0234: The type or namespace name 'Host' does not exist in the namespace 'Microsoft.Azure.WebJobs' (are you missing an assembly reference?)
C:\gh\azure-sdk-for-net\sdk\storage\Microsoft.Azure.WebJobs.Extensions.Storage.Common\tests\TestExceptionHandler.cs(8,28): error CS0234: The type or namespace name 'Hosting' does not exist in the namespace 'Microsoft.Extensions' (are you missing an assembly reference?)
C:\gh\azure-sdk-for-net\sdk\storage\Microsoft.Azure.WebJobs.Extensions.Storage.Common\tests\TestExceptionHandler.cs(9,7): error CS0246: The type or namespace name 'NUnit' could not be found (are you missing a using directive or an assembly reference?)
C:\gh\azure-sdk-for-net\sdk\storage\Microsoft.Azure.WebJobs.Extensions.Storage.Common\tests\TestHelpers.cs(11,31): error CS0234: The type or namespace name 'Host' does not exist in the namespace 'Microsoft.Azure.WebJobs' (are you missing an assembly reference?)
C:\gh\azure-sdk-for-net\sdk\storage\Microsoft.Azure.WebJobs.Extensions.Storage.Common\tests\TestHelpers.cs(12,31): error CS0234: The type or namespace name 'Host' does not exist in the namespace 'Microsoft.Azure.WebJobs' (are you missing an assembly reference?)
C:\gh\azure-sdk-for-net\sdk\storage\Microsoft.Azure.WebJobs.Extensions.Storage.Common\tests\TestHelpers.cs(13,31): error CS0234: The type or namespace name 'Host' does not exist in the namespace 'Microsoft.Azure.WebJobs' (are you missing an assembly reference?)
C:\gh\azure-sdk-for-net\sdk\storage\Microsoft.Azure.WebJobs.Extensions.Storage.Common\tests\TestHelpers.cs(14,28): error CS0234: The type or namespace name 'Configuration' does not exist in the namespace 'Microsoft.Extensions' (are you missing an assembly reference?)
C:\gh\azure-sdk-for-net\sdk\storage\Microsoft.Azure.WebJobs.Extensions.Storage.Common\tests\TestHelpers.cs(15,28): error CS0234: The type or namespace name 'DependencyInjection' does not exist in the namespace 'Microsoft.Extensions' (are you missing an assembly reference?)
C:\gh\azure-sdk-for-net\sdk\storage\Microsoft.Azure.WebJobs.Extensions.Storage.Common\tests\TestHelpers.cs(16,28): error CS0234: The type or namespace name 'Hosting' does not exist in the namespace 'Microsoft.Extensions' (are you missing an assembly reference?)
C:\gh\azure-sdk-for-net\sdk\storage\Microsoft.Azure.WebJobs.Extensions.Storage.Common\tests\TestHelpers.cs(17,28): error CS0234: The type or namespace name 'Logging' does not exist in the namespace 'Microsoft.Extensions' (are you missing an assembly reference?)
C:\gh\azure-sdk-for-net\sdk\storage\Microsoft.Azure.WebJobs.Extensions.Storage.Common\tests\TestHelpers.cs(18,28): error CS0234: The type or namespace name 'Options' does not exist in the namespace 'Microsoft.Extensions' (are you missing an assembly reference?)
C:\gh\azure-sdk-for-net\sdk\storage\Microsoft.Azure.WebJobs.Extensions.Storage.Common\tests\TestHelpers.cs(19,7): error CS0246: The type or namespace name 'NUnit' could not be found (are you missing a using directive or an assembly reference?)
C:\gh\azure-sdk-for-net\sdk\storage\Microsoft.Azure.WebJobs.Extensions.Storage.Common\tests\TestJobHost.cs(6,31): error CS0234: The type or namespace name 'Host' does not exist in the namespace 'Microsoft.Azure.WebJobs' (are you missing an assembly reference?)
C:\gh\azure-sdk-for-net\sdk\storage\Microsoft.Azure.WebJobs.Extensions.Storage.Common\tests\TestJobHost.cs(7,31): error CS0234: The type or namespace name 'Host' does not exist in the namespace 'Microsoft.Azure.WebJobs' (are you missing an assembly reference?)
C:\gh\azure-sdk-for-net\sdk\storage\Microsoft.Azure.WebJobs.Extensions.Storage.Common\tests\TestJobHost.cs(8,31): error CS0234: The type or namespace name 'Host' does not exist in the namespace 'Microsoft.Azure.WebJobs' (are you missing an assembly reference?)
C:\gh\azure-sdk-for-net\sdk\storage\Microsoft.Azure.WebJobs.Extensions.Storage.Common\tests\TestJobHost.cs(9,28): error CS0234: The type or namespace name 'Options' does not exist in the namespace 'Microsoft.Extensions' (are you missing an assembly reference?)
C:\gh\azure-sdk-for-net\sdk\storage\Microsoft.Azure.WebJobs.Extensions.Storage.Common\tests\TestJobHost.cs(10,7): error CS0246: The type or namespace name 'NUnit' could not be found (are you missing a using directive or an assembly reference?)
C:\gh\azure-sdk-for-net\sdk\storage\Microsoft.Azure.WebJobs.Extensions.Storage.Common\tests\TestLogger.cs(7,28): error CS0234: The type or namespace name 'Logging' does not exist in the namespace 'Microsoft.Extensions' (are you missing an assembly reference?)
C:\gh\azure-sdk-for-net\sdk\storage\Microsoft.Azure.WebJobs.Extensions.Storage.Common\tests\TestLoggerProvider.cs(7,28): error CS0234: The type or namespace name 'Logging' does not exist in the namespace 'Microsoft.Extensions' (are you missing an assembly reference?)
C:\gh\azure-sdk-for-net\sdk\storage\Microsoft.Azure.WebJobs.Extensions.Storage.Common\tests\TestAsyncPageable.cs(24,57): error CS0115: 'TestAsyncPageable<T>.AsPages(string, int?)': no suitable method found to override
C:\gh\azure-sdk-for-net\sdk\storage\Microsoft.Azure.WebJobs.Extensions.Storage.Common\tests\TestPageable.cs(20,46): error CS0115: 'TestPageable<T>.AsPages(string, int?)': no suitable method found to override
C:\gh\azure-sdk-for-net\sdk\storage\Microsoft.Azure.WebJobs.Extensions.Storage.Common\tests\TestLogger.cs(79,32): error CS0115: 'TestLogger.ToString()': no suitable method found to override
C:\gh\azure-sdk-for-net\sdk\storage\Microsoft.Azure.WebJobs.Extensions.Storage.Common\tests\LogMessage.cs(14,16): error CS0122: 'LogLevel' is inaccessible due to its protection level
C:\gh\azure-sdk-for-net\sdk\storage\Microsoft.Azure.WebJobs.Extensions.Storage.Common\tests\LogMessage.cs(16,16): error CS0246: The type or namespace name 'EventId' could not be found (are you missing a using directive or an assembly reference?)
C:\gh\azure-sdk-for-net\sdk\storage\Microsoft.Azure.WebJobs.Extensions.Storage.Common\tests\ExceptionAssert.cs(13,47): error CS0103: The name 'Assert' does not exist in the current context
C:\gh\azure-sdk-for-net\sdk\storage\Microsoft.Azure.WebJobs.Extensions.Storage.Common\tests\ExceptionAssert.cs(14,13): error CS0103: The name 'Assert' does not exist in the current context
C:\gh\azure-sdk-for-net\sdk\storage\Microsoft.Azure.WebJobs.Extensions.Storage.Common\tests\ExceptionAssert.cs(19,51): error CS0103: The name 'Assert' does not exist in the current context
C:\gh\azure-sdk-for-net\sdk\storage\Microsoft.Azure.WebJobs.Extensions.Storage.Common\tests\ExceptionAssert.cs(20,13): error CS0103: The name 'Assert' does not exist in the current context
C:\gh\azure-sdk-for-net\sdk\storage\Microsoft.Azure.WebJobs.Extensions.Storage.Common\tests\TestExceptionHandler.cs(17,13): error CS0103: The name 'Assert' does not exist in the current context
C:\gh\azure-sdk-for-net\sdk\storage\Microsoft.Azure.WebJobs.Extensions.Storage.Common\tests\TestAsyncPageable.cs(27,22): error CS0246: The type or namespace name 'Page<>' could not be found (are you missing a using directive or an assembly reference?)
C:\gh\azure-sdk-for-net\sdk\storage\Microsoft.Azure.WebJobs.Extensions.Storage.Common\tests\ExpectManualCompletionLogger.cs(45,34): error CS0103: The name 'LogCategories' does not exist in the current context
C:\gh\azure-sdk-for-net\sdk\storage\Microsoft.Azure.WebJobs.Extensions.Storage.Common\tests\ExpectManualCompletionLogger.cs(50,52): error CS0103: The name 'LogConstants' does not exist in the current context
C:\gh\azure-sdk-for-net\sdk\storage\Microsoft.Azure.WebJobs.Extensions.Storage.Common\tests\ExpectManualCompletionLogger.cs(51,51): error CS0103: The name 'LogConstants' does not exist in the current context
C:\gh\azure-sdk-for-net\sdk\storage\Microsoft.Azure.WebJobs.Extensions.Storage.Common\tests\TestExceptionHandler.cs(23,13): error CS0103: The name 'Assert' does not exist in the current context
C:\gh\azure-sdk-for-net\sdk\storage\Microsoft.Azure.WebJobs.Extensions.Storage.Common\tests\TestJobHost.cs(22,15): error CS7036: There is no argument given that corresponds to the required formal parameter 'jobActivator' of 'JobHost<TProgram>.JobHost(IOptions<JobHostOptions>, IJobHostContextFactory, IJobActivator)'
C:\gh\azure-sdk-for-net\sdk\storage\Microsoft.Azure.WebJobs.Extensions.Storage.Common\tests\TestExtensions.cs(18,19): error CS0012: The type 'Response<>' is defined in an assembly that is not referenced. You must add a reference to assembly 'Azure.Core, Version=1.6.0.0, Culture=neutral, PublicKeyToken=92742159e12e44c8'.
C:\gh\azure-sdk-for-net\sdk\storage\Microsoft.Azure.WebJobs.Extensions.Storage.Common\tests\TestExtensions.cs(18,93): error CS0012: The type 'Response<>' is defined in an assembly that is not referenced. You must add a reference to assembly 'Azure.Core, Version=1.6.0.0, Culture=neutral, PublicKeyToken=92742159e12e44c8'.
C:\gh\azure-sdk-for-net\sdk\storage\Microsoft.Azure.WebJobs.Extensions.Storage.Common\tests\TestExtensions.cs(18,19): error CS0012: The type 'Response<>' is defined in an assembly that is not referenced. You must add a reference to assembly 'Azure.Core, Version=1.6.0.0, Culture=neutral, PublicKeyToken=92742159e12e44c8'.
C:\gh\azure-sdk-for-net\sdk\storage\Microsoft.Azure.WebJobs.Extensions.Storage.Common\tests\TestLoggerProvider.cs(19,27): error CS0246: The type or namespace name 'LoggerFilterOptions' could not be found (are you missing a using directive or an assembly reference?)
C:\gh\azure-sdk-for-net\sdk\storage\Microsoft.Azure.WebJobs.Extensions.Storage.Common\tests\TestExtensions.cs(24,19): error CS0012: The type 'Response<>' is defined in an assembly that is not referenced. You must add a reference to assembly 'Azure.Core, Version=1.6.0.0, Culture=neutral, PublicKeyToken=92742159e12e44c8'.
C:\gh\azure-sdk-for-net\sdk\storage\Microsoft.Azure.WebJobs.Extensions.Storage.Common\tests\TestExtensions.cs(25,19): error CS0012: The type 'Response<>' is defined in an assembly that is not referenced. You must add a reference to assembly 'Azure.Core, Version=1.6.0.0, Culture=neutral, PublicKeyToken=92742159e12e44c8'.
C:\gh\azure-sdk-for-net\sdk\storage\Microsoft.Azure.WebJobs.Extensions.Storage.Common\tests\TestExtensions.cs(25,99): error CS0012: The type 'Response<>' is defined in an assembly that is not referenced. You must add a reference to assembly 'Azure.Core, Version=1.6.0.0, Culture=neutral, PublicKeyToken=92742159e12e44c8'.
C:\gh\azure-sdk-for-net\sdk\storage\Microsoft.Azure.WebJobs.Extensions.Storage.Common\tests\TestExtensions.cs(25,19): error CS0012: The type 'Response<>' is defined in an assembly that is not referenced. You must add a reference to assembly 'Azure.Core, Version=1.6.0.0, Culture=neutral, PublicKeyToken=92742159e12e44c8'.
C:\gh\azure-sdk-for-net\sdk\storage\Microsoft.Azure.WebJobs.Extensions.Storage.Common\tests\TestExtensions.cs(30,19): error CS0012: The type 'Response<>' is defined in an assembly that is not referenced. You must add a reference to assembly 'Azure.Core, Version=1.6.0.0, Culture=neutral, PublicKeyToken=92742159e12e44c8'.
C:\gh\azure-sdk-for-net\sdk\storage\Microsoft.Azure.WebJobs.Extensions.Storage.Common\tests\TestExtensions.cs(31,19): error CS0012: The type 'Response<>' is defined in an assembly that is not referenced. You must add a reference to assembly 'Azure.Core, Version=1.6.0.0, Culture=neutral, PublicKeyToken=92742159e12e44c8'.
C:\gh\azure-sdk-for-net\sdk\storage\Microsoft.Azure.WebJobs.Extensions.Storage.Common\tests\FunctionalTest.cs(31,28): error CS0246: The type or namespace name 'HostBuilder' could not be found (are you missing a using directive or an assembly reference?)
C:\gh\azure-sdk-for-net\sdk\storage\Microsoft.Azure.WebJobs.Extensions.Storage.Common\tests\FunctionalTest.cs(39,24): error CS0305: Using the generic type 'JobHost<TProgram>' requires 1 type arguments
C:\gh\azure-sdk-for-net\sdk\storage\Microsoft.Azure.WebJobs.Extensions.Storage.Common\tests\TestJobHost.cs(51,20): error CS1674: 'JobHost<TProgram>': type used in a using statement must be implicitly convertible to 'System.IDisposable'.
C:\gh\azure-sdk-for-net\sdk\storage\Microsoft.Azure.WebJobs.Extensions.Storage.Common\tests\TestJobHost.cs(55,32): error CS1061: 'JobHost<TProgram>' does not contain a definition for 'StartAsync' and no accessible extension method 'StartAsync' accepting a first argument of type 'JobHost<TProgram>' could be found (are you missing a using directive or an assembly reference?)
C:\gh\azure-sdk-for-net\sdk\storage\Microsoft.Azure.WebJobs.Extensions.Storage.Common\tests\TestJobHost.cs(61,32): error CS1061: 'JobHost<TProgram>' does not contain a definition for 'StopAsync' and no accessible extension method 'StopAsync' accepting a first argument of type 'JobHost<TProgram>' could be found (are you missing a using directive or an assembly reference?)
C:\gh\azure-sdk-for-net\sdk\storage\Microsoft.Azure.WebJobs.Extensions.Storage.Common\tests\TestExtensions.cs(36,61): error CS0012: The type 'Response<>' is defined in an assembly that is not referenced. You must add a reference to assembly 'Azure.Core, Version=1.6.0.0, Culture=neutral, PublicKeyToken=92742159e12e44c8'.
C:\gh\azure-sdk-for-net\sdk\storage\Microsoft.Azure.WebJobs.Extensions.Storage.Common\tests\TestExtensions.cs(36,105): error CS0012: The type 'Response<>' is defined in an assembly that is not referenced. You must add a reference to assembly 'Azure.Core, Version=1.6.0.0, Culture=neutral, PublicKeyToken=92742159e12e44c8'.
C:\gh\azure-sdk-for-net\sdk\storage\Microsoft.Azure.WebJobs.Extensions.Storage.Common\tests\TestExtensions.cs(36,61): error CS0012: The type 'Response<>' is defined in an assembly that is not referenced. You must add a reference to assembly 'Azure.Core, Version=1.6.0.0, Culture=neutral, PublicKeyToken=92742159e12e44c8'.
C:\gh\azure-sdk-for-net\sdk\storage\Microsoft.Azure.WebJobs.Extensions.Storage.Common\tests\TestHelpers.cs(34,13): error CS0246: The type or namespace name 'IHost' could not be found (are you missing a using directive or an assembly reference?)
C:\gh\azure-sdk-for-net\sdk\storage\Microsoft.Azure.WebJobs.Extensions.Storage.Common\tests\TestHelpers.cs(34,30): error CS0246: The type or namespace name 'HostBuilder' could not be found (are you missing a using directive or an assembly reference?)
C:\gh\azure-sdk-for-net\sdk\storage\Microsoft.Azure.WebJobs.Extensions.Storage.Common\tests\TestHelpers.cs(45,65): error CS0246: The type or namespace name 'IOptions<>' could not be found (are you missing a using directive or an assembly reference?)
C:\gh\azure-sdk-for-net\sdk\storage\Microsoft.Azure.WebJobs.Extensions.Storage.Common\tests\TestJobHost.cs(75,20): error CS0246: The type or namespace name 'FunctionIndexingException' could not be found (are you missing a using directive or an assembly reference?)
C:\gh\azure-sdk-for-net\sdk\storage\Microsoft.Azure.WebJobs.Extensions.Storage.Common\tests\TestJobHost.cs(78,17): error CS0103: The name 'Assert' does not exist in the current context
C:\gh\azure-sdk-for-net\sdk\storage\Microsoft.Azure.WebJobs.Extensions.Storage.Common\tests\TestJobHost.cs(79,17): error CS0103: The name 'StringAssert' does not exist in the current context
C:\gh\azure-sdk-for-net\sdk\storage\Microsoft.Azure.WebJobs.Extensions.Storage.Common\tests\TestJobHost.cs(82,13): error CS0103: The name 'Assert' does not exist in the current context
C:\gh\azure-sdk-for-net\sdk\storage\Microsoft.Azure.WebJobs.Extensions.Storage.Common\tests\FunctionalTest.cs(96,13): error CS0103: The name 'Assert' does not exist in the current context
C:\gh\azure-sdk-for-net\sdk\storage\Microsoft.Azure.WebJobs.Extensions.Storage.Common\tests\TestPageable.cs(26,30): error CS0103: The name 'Page' does not exist in the current context
C:\gh\azure-sdk-for-net\sdk\storage\Microsoft.Azure.WebJobs.Extensions.Storage.Common\tests\TestPageable.cs(45,30): error CS0103: The name 'Page' does not exist in the current context
C:\gh\azure-sdk-for-net\sdk\storage\Microsoft.Azure.WebJobs.Extensions.Storage.Common\tests\FunctionalTest.cs(103,28): error CS0246: The type or namespace name 'HostBuilder' could not be found (are you missing a using directive or an assembly reference?)
C:\gh\azure-sdk-for-net\sdk\storage\Microsoft.Azure.WebJobs.Extensions.Storage.Common\tests\FunctionalTest.cs(117,13): error CS0103: The name 'Assert' does not exist in the current context
C:\gh\azure-sdk-for-net\sdk\storage\Microsoft.Azure.WebJobs.Extensions.Storage.Common\tests\TestHelpers.cs(97,20): error CS0246: The type or namespace name 'FunctionIndexingException' could not be found (are you missing a using directive or an assembly reference?)
C:\gh\azure-sdk-for-net\sdk\storage\Microsoft.Azure.WebJobs.Extensions.Storage.Common\tests\TestHelpers.cs(99,17): error CS0122: 'Assert' is inaccessible due to its protection level
C:\gh\azure-sdk-for-net\sdk\storage\Microsoft.Azure.WebJobs.Extensions.Storage.Common\tests\TestHelpers.cs(100,17): error CS0103: The name 'StringAssert' does not exist in the current context
C:\gh\azure-sdk-for-net\sdk\storage\Microsoft.Azure.WebJobs.Extensions.Storage.Common\tests\TestHelpers.cs(103,13): error CS0122: 'Assert' is inaccessible due to its protection level
C:\gh\azure-sdk-for-net\sdk\storage\Microsoft.Azure.WebJobs.Extensions.Storage.Common\tests\AzuriteFixture.cs(161,17): error CS0012: The type 'ClientOptions' is defined in an assembly that is not referenced. You must add a reference to assembly 'Azure.Core, Version=1.6.0.0, Culture=neutral, PublicKeyToken=92742159e12e44c8'.
C:\gh\azure-sdk-for-net\sdk\storage\Microsoft.Azure.WebJobs.Extensions.Storage.Common\tests\AzuriteFixture.cs(161,17): error CS0117: 'BlobClientOptions' does not contain a definition for 'Transport'
C:\gh\azure-sdk-for-net\sdk\storage\Microsoft.Azure.WebJobs.Extensions.Storage.Common\tests\AzuriteFixture.cs(159,24): error CS0012: The type 'StorageSharedKeyCredential' is defined in an assembly that is not referenced. You must add a reference to assembly 'Azure.Storage.Common, Version=12.8.0.0, Culture=neutral, PublicKeyToken=92742159e12e44c8'.
C:\gh\azure-sdk-for-net\sdk\storage\Microsoft.Azure.WebJobs.Extensions.Storage.Common\tests\AzuriteFixture.cs(159,24): error CS0246: The type or namespace name 'AzureSasCredential' could not be found (are you missing a using directive or an assembly reference?)
C:\gh\azure-sdk-for-net\sdk\storage\Microsoft.Azure.WebJobs.Extensions.Storage.Common\tests\AzuriteFixture.cs(159,24): error CS0012: The type 'TokenCredential' is defined in an assembly that is not referenced. You must add a reference to assembly 'Azure.Core, Version=1.6.0.0, Culture=neutral, PublicKeyToken=92742159e12e44c8'.
C:\gh\azure-sdk-for-net\sdk\storage\Microsoft.Azure.WebJobs.Extensions.Storage.Common\tests\FunctionalTest.cs(123,28): error CS0246: The type or namespace name 'HostBuilder' could not be found (are you missing a using directive or an assembly reference?)
C:\gh\azure-sdk-for-net\sdk\storage\Microsoft.Azure.WebJobs.Extensions.Storage.Common\tests\AzuriteFixture.cs(167,17): error CS0012: The type 'ClientOptions' is defined in an assembly that is not referenced. You must add a reference to assembly 'Azure.Core, Version=1.6.0.0, Culture=neutral, PublicKeyToken=92742159e12e44c8'.
C:\gh\azure-sdk-for-net\sdk\storage\Microsoft.Azure.WebJobs.Extensions.Storage.Common\tests\AzuriteFixture.cs(175,32): error CS0012: The type 'ClientOptions' is defined in an assembly that is not referenced. You must add a reference to assembly 'Azure.Core, Version=1.6.0.0, Culture=neutral, PublicKeyToken=92742159e12e44c8'.
C:\gh\azure-sdk-for-net\sdk\storage\Microsoft.Azure.WebJobs.Extensions.Storage.Common\tests\AzuriteFixture.cs(175,32): error CS1061: 'QueueClientOptions' does not contain a definition for 'Transport' and no accessible extension method 'Transport' accepting a first argument of type 'QueueClientOptions' could be found (are you missing a using directive or an assembly reference?)
C:\gh\azure-sdk-for-net\sdk\storage\Microsoft.Azure.WebJobs.Extensions.Storage.Common\tests\AzuriteFixture.cs(176,24): error CS0012: The type 'StorageSharedKeyCredential' is defined in an assembly that is not referenced. You must add a reference to assembly 'Azure.Storage.Common, Version=12.8.0.0, Culture=neutral, PublicKeyToken=92742159e12e44c8'.
C:\gh\azure-sdk-for-net\sdk\storage\Microsoft.Azure.WebJobs.Extensions.Storage.Common\tests\AzuriteFixture.cs(176,24): error CS0246: The type or namespace name 'AzureSasCredential' could not be found (are you missing a using directive or an assembly reference?)
C:\gh\azure-sdk-for-net\sdk\storage\Microsoft.Azure.WebJobs.Extensions.Storage.Common\tests\AzuriteFixture.cs(176,24): error CS0012: The type 'TokenCredential' is defined in an assembly that is not referenced. You must add a reference to assembly 'Azure.Core, Version=1.6.0.0, Culture=neutral, PublicKeyToken=92742159e12e44c8'.
C:\gh\azure-sdk-for-net\sdk\storage\Microsoft.Azure.WebJobs.Extensions.Storage.Common\tests\AzuriteFixture.cs(181,33): error CS0246: The type or namespace name 'HttpClientTransport' could not be found (are you missing a using directive or an assembly reference?)
C:\gh\azure-sdk-for-net\sdk\storage\Microsoft.Azure.WebJobs.Extensions.Storage.Common\tests\FunctionalTest.cs(144,28): error CS0246: The type or namespace name 'HostBuilder' could not be found (are you missing a using directive or an assembly reference?)
C:\gh\azure-sdk-for-net\sdk\storage\Microsoft.Azure.WebJobs.Extensions.Storage.Common\tests\AzuriteFixture.cs(215,28): error CS0246: The type or namespace name 'ValueTask<>' could not be found (are you missing a using directive or an assembly reference?)
C:\gh\azure-sdk-for-net\sdk\storage\Microsoft.Azure.WebJobs.Extensions.Storage.Common\tests\AzuriteFixture.cs(215,38): error CS0246: The type or namespace name 'AccessToken' could not be found (are you missing a using directive or an assembly reference?)
C:\gh\azure-sdk-for-net\sdk\storage\Microsoft.Azure.WebJobs.Extensions.Storage.Common\tests\AzuriteFixture.cs(229,28): error CS0246: The type or namespace name 'AccessToken' could not be found (are you missing a using directive or an assembly reference?)
C:\gh\azure-sdk-for-net\sdk\storage\Microsoft.Azure.WebJobs.Extensions.Storage.Common\tests\TestHelpers.cs(166,46): error CS0246: The type or namespace name 'ILoggerProvider' could not be found (are you missing a using directive or an assembly reference?)
C:\gh\azure-sdk-for-net\sdk\storage\Microsoft.Azure.WebJobs.Extensions.Storage.Common\tests\TestHelpers.cs(171,45): error CS0246: The type or namespace name 'IJobHost' could not be found (are you missing a using directive or an assembly reference?)
C:\gh\azure-sdk-for-net\sdk\storage\Microsoft.Azure.WebJobs.Extensions.Storage.Common\tests\TestHelpers.cs(171,60): error CS0305: Using the generic type 'JobHost<TProgram>' requires 1 type arguments
C:\gh\azure-sdk-for-net\sdk\storage\Microsoft.Azure.WebJobs.Extensions.Storage.Common\tests\TestHelpers.cs(176,45): error CS0246: The type or namespace name 'IJobHost' could not be found (are you missing a using directive or an assembly reference?)
C:\gh\azure-sdk-for-net\sdk\storage\Microsoft.Azure.WebJobs.Extensions.Storage.Common\tests\TestHelpers.cs(191,45): error CS0246: The type or namespace name 'IOptions<>' could not be found (are you missing a using directive or an assembly reference?)
C:\gh\azure-sdk-for-net\sdk\storage\Microsoft.Azure.WebJobs.Extensions.Storage.Common\tests\TestHelpers.cs(222,17): error CS0122: 'Assert' is inaccessible due to its protection level
C:\gh\azure-sdk-for-net\sdk\storage\Microsoft.Azure.WebJobs.Extensions.Storage.Common\tests\TestHelpers.cs(233,17): error CS0122: 'Assert' is inaccessible due to its protection level
C:\gh\azure-sdk-for-net\sdk\storage\Microsoft.Azure.WebJobs.Extensions.Storage.Common\tests\TestHelpers.cs(12,1): hidden CS8019: Unnecessary using directive.
C:\gh\azure-sdk-for-net\sdk\storage\Microsoft.Azure.WebJobs.Extensions.Storage.Common\tests\FunctionalTest.cs(8,1): hidden CS8019: Unnecessary using directive.
C:\gh\azure-sdk-for-net\sdk\storage\Microsoft.Azure.WebJobs.Extensions.Storage.Common\tests\TestExceptionHandler.cs(7,1): hidden CS8019: Unnecessary using directive.
C:\gh\azure-sdk-for-net\sdk\storage\Microsoft.Azure.WebJobs.Extensions.Storage.Common\tests\FunctionalTest.cs(11,1): hidden CS8019: Unnecessary using directive.
C:\gh\azure-sdk-for-net\artifacts\obj\Microsoft.Azure.WebJobs.Extensions.Storage.Common.Tests\Debug\net461\.NETFramework,Version=v4.6.1.AssemblyAttributes.cs(2,1): hidden CS8019: Unnecessary using directive.
C:\gh\azure-sdk-for-net\sdk\storage\Microsoft.Azure.WebJobs.Extensions.Storage.Common\tests\TestJobHost.cs(10,1): hidden CS8019: Unnecessary using directive.
C:\gh\azure-sdk-for-net\sdk\storage\Microsoft.Azure.WebJobs.Extensions.Storage.Common\tests\TestHelpers.cs(19,1): hidden CS8019: Unnecessary using directive.
C:\gh\azure-sdk-for-net\sdk\storage\Microsoft.Azure.WebJobs.Extensions.Storage.Common\tests\TestHelpers.cs(18,1): hidden CS8019: Unnecessary using directive.
C:\gh\azure-sdk-for-net\sdk\storage\Microsoft.Azure.WebJobs.Extensions.Storage.Common\tests\TestLoggerProvider.cs(7,1): hidden CS8019: Unnecessary using directive.
C:\gh\azure-sdk-for-net\sdk\storage\Microsoft.Azure.WebJobs.Extensions.Storage.Common\tests\TestHelpers.cs(11,1): hidden CS8019: Unnecessary using directive.
C:\gh\azure-sdk-for-net\sdk\storage\Microsoft.Azure.WebJobs.Extensions.Storage.Common\tests\TestExceptionHandler.cs(9,1): hidden CS8019: Unnecessary using directive.
C:\gh\azure-sdk-for-net\sdk\storage\Microsoft.Azure.WebJobs.Extensions.Storage.Common\tests\FunctionalTest.cs(10,1): hidden CS8019: Unnecessary using directive.
C:\gh\azure-sdk-for-net\artifacts\obj\Microsoft.Azure.WebJobs.Extensions.Storage.Common.Tests\Debug\net461\Microsoft.Azure.WebJobs.Extensions.Storage.Common.Tests.AssemblyInfo.cs(11,1): hidden CS8019: Unnecessary using directive.
C:\gh\azure-sdk-for-net\sdk\storage\Microsoft.Azure.WebJobs.Extensions.Storage.Common\tests\TestJobHost.cs(9,1): hidden CS8019: Unnecessary using directive.
C:\gh\azure-sdk-for-net\sdk\storage\Microsoft.Azure.WebJobs.Extensions.Storage.Common\tests\TestHelpers.cs(17,1): hidden CS8019: Unnecessary using directive.
C:\gh\azure-sdk-for-net\sdk\storage\Microsoft.Azure.WebJobs.Extensions.Storage.Common\tests\Fakes\FakeActivator.cs(6,1): hidden CS8019: Unnecessary using directive.
C:\gh\azure-sdk-for-net\sdk\storage\Microsoft.Azure.WebJobs.Extensions.Storage.Common\tests\ExpectManualCompletionLogger.cs(7,1): hidden CS8019: Unnecessary using directive.
C:\gh\azure-sdk-for-net\sdk\storage\Microsoft.Azure.WebJobs.Extensions.Storage.Common\tests\ExpectManualCompletionLogger.cs(8,1): hidden CS8019: Unnecessary using directive.
C:\gh\azure-sdk-for-net\sdk\storage\Microsoft.Azure.WebJobs.Extensions.Storage.Common\tests\TestExceptionHandler.cs(8,1): hidden CS8019: Unnecessary using directive.
C:\gh\azure-sdk-for-net\sdk\storage\Microsoft.Azure.WebJobs.Extensions.Storage.Common\tests\FunctionalTest.cs(9,1): hidden CS8019: Unnecessary using directive.
C:\gh\azure-sdk-for-net\sdk\storage\Microsoft.Azure.WebJobs.Extensions.Storage.Common\tests\ExceptionAssert.cs(5,1): hidden CS8019: Unnecessary using directive.
C:\gh\azure-sdk-for-net\sdk\storage\Microsoft.Azure.WebJobs.Extensions.Storage.Common\tests\AzuriteFixture.cs(13,1): hidden CS8019: Unnecessary using directive.
C:\gh\azure-sdk-for-net\sdk\storage\Microsoft.Azure.WebJobs.Extensions.Storage.Common\tests\TestHelpers.cs(16,1): hidden CS8019: Unnecessary using directive.
C:\gh\azure-sdk-for-net\sdk\storage\Microsoft.Azure.WebJobs.Extensions.Storage.Common\tests\TestHelpers.cs(13,1): hidden CS8019: Unnecessary using directive.
C:\gh\azure-sdk-for-net\sdk\storage\Microsoft.Azure.WebJobs.Extensions.Storage.Common\tests\TestJobHost.cs(7,1): hidden CS8019: Unnecessary using directive.
C:\gh\azure-sdk-for-net\sdk\storage\Microsoft.Azure.WebJobs.Extensions.Storage.Common\tests\TestPageable.cs(7,1): hidden CS8019: Unnecessary using directive.
C:\gh\azure-sdk-for-net\sdk\storage\Microsoft.Azure.WebJobs.Extensions.Storage.Common\tests\TestConfigurationBuilderExtensions.cs(6,1): hidden CS8019: Unnecessary using directive.
C:\gh\azure-sdk-for-net\sdk\storage\Microsoft.Azure.WebJobs.Extensions.Storage.Common\tests\TestJobHost.cs(6,1): hidden CS8019: Unnecessary using directive.
C:\gh\azure-sdk-for-net\sdk\storage\Microsoft.Azure.WebJobs.Extensions.Storage.Common\tests\TestHelpers.cs(14,1): hidden CS8019: Unnecessary using directive.
C:\gh\azure-sdk-for-net\sdk\storage\Microsoft.Azure.WebJobs.Extensions.Storage.Common\tests\TestLogger.cs(7,1): hidden CS8019: Unnecessary using directive.
C:\gh\azure-sdk-for-net\sdk\storage\Microsoft.Azure.WebJobs.Extensions.Storage.Common\tests\TestHelpers.cs(15,1): hidden CS8019: Unnecessary using directive.
C:\gh\azure-sdk-for-net\sdk\storage\Microsoft.Azure.WebJobs.Extensions.Storage.Common\tests\TestAsyncPageable.cs(5,1): hidden CS8019: Unnecessary using directive.
C:\gh\azure-sdk-for-net\artifacts\obj\Microsoft.Azure.WebJobs.Extensions.Storage.Common.Tests\Debug\net461\.NETFramework,Version=v4.6.1.AssemblyAttributes.cs(3,1): hidden CS8019: Unnecessary using directive.
C:\gh\azure-sdk-for-net\sdk\storage\Microsoft.Azure.WebJobs.Extensions.Storage.Common\tests\LogMessage.cs(8,1): hidden CS8019: Unnecessary using directive.
C:\gh\azure-sdk-for-net\sdk\storage\Microsoft.Azure.WebJobs.Extensions.Storage.Common\tests\AzuriteFixture.cs(15,1): hidden CS8019: Unnecessary using directive.
C:\gh\azure-sdk-for-net\artifacts\obj\Microsoft.Azure.WebJobs.Extensions.Storage.Common.Tests\Debug\net461\Microsoft.Azure.WebJobs.Extensions.Storage.Common.Tests.AssemblyInfo.cs(12,1): hidden CS8019: Unnecessary using directive.
C:\gh\azure-sdk-for-net\sdk\storage\Microsoft.Azure.WebJobs.Extensions.Storage.Common\tests\TestJobHost.cs(8,1): hidden CS8019: Unnecessary using directive.
C:\gh\azure-sdk-for-net\sdk\storage\Microsoft.Azure.WebJobs.Extensions.Storage.Common\tests\AzuriteFixture.cs(14,1): hidden CS8019: Unnecessary using directive.
