C:\gh\azure-sdk-for-net\sdk\azurestack\Microsoft.AzureStack.Management.Commerce.Admin\tests\src\Helpers\RecordedDelegatingHandler.cs(16,46): error CS0246: The type or namespace name 'DelegatingHandler' could not be found (are you missing a using directive or an assembly reference?)
C:\gh\azure-sdk-for-net\sdk\azurestack\Microsoft.AzureStack.Management.Commerce.Admin\tests\src\Helpers\RecordedDelegatingHandler.cs(57,70): error CS0518: Predefined type 'System.Object' is not defined or imported
C:\gh\azure-sdk-for-net\sdk\azurestack\Microsoft.AzureStack.Management.Commerce.Admin\tests\src\Helpers\RecordedDelegatingHandler.cs(57,70): error CS0246: The type or namespace name 'HttpRequestMessage' could not be found (are you missing a using directive or an assembly reference?)
C:\gh\azure-sdk-for-net\sdk\azurestack\Microsoft.AzureStack.Management.Commerce.Admin\tests\src\Helpers\RecordedDelegatingHandler.cs(57,98): error CS0518: Predefined type 'System.Object' is not defined or imported
C:\gh\azure-sdk-for-net\sdk\azurestack\Microsoft.AzureStack.Management.Commerce.Admin\tests\src\Helpers\RecordedDelegatingHandler.cs(57,98): error CS0246: The type or namespace name 'System' could not be found (are you missing a using directive or an assembly reference?)
C:\gh\azure-sdk-for-net\sdk\azurestack\Microsoft.AzureStack.Management.Commerce.Admin\tests\src\Helpers\RecordedDelegatingHandler.cs(57,34): error CS0518: Predefined type 'System.Object' is not defined or imported
C:\gh\azure-sdk-for-net\sdk\azurestack\Microsoft.AzureStack.Management.Commerce.Admin\tests\src\Helpers\RecordedDelegatingHandler.cs(57,34): error CS0246: The type or namespace name 'Task<>' could not be found (are you missing a using directive or an assembly reference?)
C:\gh\azure-sdk-for-net\sdk\azurestack\Microsoft.AzureStack.Management.Commerce.Admin\tests\src\Helpers\RecordedDelegatingHandler.cs(57,39): error CS0518: Predefined type 'System.Object' is not defined or imported
C:\gh\azure-sdk-for-net\sdk\azurestack\Microsoft.AzureStack.Management.Commerce.Admin\tests\src\Helpers\RecordedDelegatingHandler.cs(57,39): error CS0246: The type or namespace name 'HttpResponseMessage' could not be found (are you missing a using directive or an assembly reference?)
C:\gh\azure-sdk-for-net\sdk\azurestack\Microsoft.AzureStack.Management.Commerce.Admin\tests\src\Helpers\Common.cs(271,47): error CS0518: Predefined type 'System.Object' is not defined or imported
C:\gh\azure-sdk-for-net\sdk\azurestack\Microsoft.AzureStack.Management.Commerce.Admin\tests\src\Helpers\Common.cs(271,47): error CS0246: The type or namespace name 'IPage<>' could not be found (are you missing a using directive or an assembly reference?)
C:\gh\azure-sdk-for-net\sdk\azurestack\Microsoft.AzureStack.Management.Commerce.Admin\tests\src\Helpers\Common.cs(271,63): error CS0518: Predefined type 'System.Object' is not defined or imported
C:\gh\azure-sdk-for-net\sdk\azurestack\Microsoft.AzureStack.Management.Commerce.Admin\tests\src\Helpers\Common.cs(271,63): error CS0246: The type or namespace name 'Func<,>' could not be found (are you missing a using directive or an assembly reference?)
C:\gh\azure-sdk-for-net\sdk\azurestack\Microsoft.AzureStack.Management.Commerce.Admin\tests\src\Helpers\Common.cs(271,68): error CS0518: Predefined type 'System.String' is not defined or imported
C:\gh\azure-sdk-for-net\sdk\azurestack\Microsoft.AzureStack.Management.Commerce.Admin\tests\src\Helpers\Common.cs(271,76): error CS0518: Predefined type 'System.Object' is not defined or imported
C:\gh\azure-sdk-for-net\sdk\azurestack\Microsoft.AzureStack.Management.Commerce.Admin\tests\src\Helpers\Common.cs(271,76): error CS0246: The type or namespace name 'IPage<>' could not be found (are you missing a using directive or an assembly reference?)
C:\gh\azure-sdk-for-net\sdk\azurestack\Microsoft.AzureStack.Management.Commerce.Admin\tests\src\Helpers\Common.cs(271,19): error CS0518: Predefined type 'System.Object' is not defined or imported
C:\gh\azure-sdk-for-net\sdk\azurestack\Microsoft.AzureStack.Management.Commerce.Admin\tests\src\Helpers\Common.cs(271,19): error CS0246: The type or namespace name 'IList<>' could not be found (are you missing a using directive or an assembly reference?)
C:\gh\azure-sdk-for-net\sdk\azurestack\Microsoft.AzureStack.Management.Commerce.Admin\tests\src\Helpers\Common.cs(271,42): error CS1110: Cannot define a new extension method because the compiler required type 'System.Runtime.CompilerServices.ExtensionAttribute' cannot be found. Are you missing a reference to System.Core.dll?
C:\gh\azure-sdk-for-net\sdk\azurestack\Microsoft.AzureStack.Management.Commerce.Admin\tests\src\Helpers\RecordedDelegatingHandler.cs(55,17): error CS0518: Predefined type 'System.Int32' is not defined or imported
C:\gh\azure-sdk-for-net\sdk\azurestack\Microsoft.AzureStack.Management.Commerce.Admin\tests\src\Helpers\RecordedDelegatingHandler.cs(19,17): error CS0518: Predefined type 'System.Object' is not defined or imported
C:\gh\azure-sdk-for-net\sdk\azurestack\Microsoft.AzureStack.Management.Commerce.Admin\tests\src\Helpers\RecordedDelegatingHandler.cs(19,17): error CS0246: The type or namespace name 'HttpResponseMessage' could not be found (are you missing a using directive or an assembly reference?)
C:\gh\azure-sdk-for-net\sdk\azurestack\Microsoft.AzureStack.Management.Commerce.Admin\tests\src\Helpers\AzureStackTestBase.cs(81,38): error CS0518: Predefined type 'System.Object' is not defined or imported
C:\gh\azure-sdk-for-net\sdk\azurestack\Microsoft.AzureStack.Management.Commerce.Admin\tests\src\Helpers\AzureStackTestBase.cs(81,38): error CS0246: The type or namespace name 'Action' could not be found (are you missing a using directive or an assembly reference?)
C:\gh\azure-sdk-for-net\sdk\azurestack\Microsoft.AzureStack.Management.Commerce.Admin\tests\src\Helpers\AzureStackTestBase.cs(81,16): error CS0518: Predefined type 'System.Void' is not defined or imported
C:\gh\azure-sdk-for-net\sdk\azurestack\Microsoft.AzureStack.Management.Commerce.Admin\tests\src\Helpers\Common.cs(23,22): error CS0518: Predefined type 'System.String' is not defined or imported
C:\gh\azure-sdk-for-net\sdk\azurestack\Microsoft.AzureStack.Management.Commerce.Admin\tests\src\SupportedOperationsTest.cs(34,16): error CS0518: Predefined type 'System.Void' is not defined or imported
C:\gh\azure-sdk-for-net\sdk\azurestack\Microsoft.AzureStack.Management.Commerce.Admin\tests\src\SubscriberUsageAggregateTests.cs(41,16): error CS0518: Predefined type 'System.Void' is not defined or imported
C:\gh\azure-sdk-for-net\sdk\azurestack\Microsoft.AzureStack.Management.Commerce.Admin\tests\src\Helpers\Common.cs(24,22): error CS0518: Predefined type 'System.Int32' is not defined or imported
C:\gh\azure-sdk-for-net\sdk\azurestack\Microsoft.AzureStack.Management.Commerce.Admin\tests\src\Helpers\AzureStackTestBase.cs(28,28): error CS0518: Predefined type 'System.Void' is not defined or imported
C:\gh\azure-sdk-for-net\sdk\azurestack\Microsoft.AzureStack.Management.Commerce.Admin\tests\src\Helpers\Common.cs(27,22): error CS0518: Predefined type 'System.Int32' is not defined or imported
C:\gh\azure-sdk-for-net\sdk\azurestack\Microsoft.AzureStack.Management.Commerce.Admin\tests\src\Helpers\Common.cs(28,22): error CS0518: Predefined type 'System.Int32' is not defined or imported
C:\gh\azure-sdk-for-net\sdk\azurestack\Microsoft.AzureStack.Management.Commerce.Admin\tests\src\Helpers\Common.cs(29,22): error CS0518: Predefined type 'System.Int32' is not defined or imported
C:\gh\azure-sdk-for-net\sdk\azurestack\Microsoft.AzureStack.Management.Commerce.Admin\tests\src\Helpers\AzureStackTestBase.cs(16,27): error CS0518: Predefined type 'System.Object' is not defined or imported
C:\gh\azure-sdk-for-net\sdk\azurestack\Microsoft.AzureStack.Management.Commerce.Admin\tests\src\Helpers\Common.cs(30,22): error CS0518: Predefined type 'System.Int32' is not defined or imported
C:\gh\azure-sdk-for-net\sdk\azurestack\Microsoft.AzureStack.Management.Commerce.Admin\tests\src\UpdateEncryptionTests.cs(16,16): error CS0518: Predefined type 'System.Void' is not defined or imported
C:\gh\azure-sdk-for-net\sdk\azurestack\Microsoft.AzureStack.Management.Commerce.Admin\tests\src\Helpers\AzureStackTestBase.cs(44,32): error CS0518: Predefined type 'System.Object' is not defined or imported
C:\gh\azure-sdk-for-net\sdk\azurestack\Microsoft.AzureStack.Management.Commerce.Admin\tests\src\Helpers\AzureStackTestBase.cs(44,32): error CS0246: The type or namespace name 'Action<>' could not be found (are you missing a using directive or an assembly reference?)
C:\gh\azure-sdk-for-net\sdk\azurestack\Microsoft.AzureStack.Management.Commerce.Admin\tests\src\Helpers\AzureStackTestBase.cs(45,13): error CS0518: Predefined type 'System.Object' is not defined or imported
C:\gh\azure-sdk-for-net\sdk\azurestack\Microsoft.AzureStack.Management.Commerce.Admin\tests\src\Helpers\AzureStackTestBase.cs(45,13): error CS0246: The type or namespace name 'Action' could not be found (are you missing a using directive or an assembly reference?)
C:\gh\azure-sdk-for-net\sdk\azurestack\Microsoft.AzureStack.Management.Commerce.Admin\tests\src\Helpers\AzureStackTestBase.cs(46,13): error CS0518: Predefined type 'System.Object' is not defined or imported
C:\gh\azure-sdk-for-net\sdk\azurestack\Microsoft.AzureStack.Management.Commerce.Admin\tests\src\Helpers\AzureStackTestBase.cs(46,13): error CS0246: The type or namespace name 'Action' could not be found (are you missing a using directive or an assembly reference?)
C:\gh\azure-sdk-for-net\sdk\azurestack\Microsoft.AzureStack.Management.Commerce.Admin\tests\src\Helpers\AzureStackTestBase.cs(47,13): error CS0518: Predefined type 'System.Object' is not defined or imported
C:\gh\azure-sdk-for-net\sdk\azurestack\Microsoft.AzureStack.Management.Commerce.Admin\tests\src\Helpers\AzureStackTestBase.cs(47,13): error CS0246: The type or namespace name 'HttpStatusCode' could not be found (are you missing a using directive or an assembly reference?)
C:\gh\azure-sdk-for-net\sdk\azurestack\Microsoft.AzureStack.Management.Commerce.Admin\tests\src\Helpers\AzureStackTestBase.cs(49,13): error CS0518: Predefined type 'System.String' is not defined or imported
C:\gh\azure-sdk-for-net\sdk\azurestack\Microsoft.AzureStack.Management.Commerce.Admin\tests\src\Helpers\AzureStackTestBase.cs(44,19): error CS0518: Predefined type 'System.Void' is not defined or imported
C:\gh\azure-sdk-for-net\sdk\azurestack\Microsoft.AzureStack.Management.Commerce.Admin\tests\src\Helpers\Common.cs(119,44): error CS0518: Predefined type 'System.Object' is not defined or imported
C:\gh\azure-sdk-for-net\sdk\azurestack\Microsoft.AzureStack.Management.Commerce.Admin\tests\src\Helpers\Common.cs(119,44): error CS0246: The type or namespace name 'IPage<>' could not be found (are you missing a using directive or an assembly reference?)
C:\gh\azure-sdk-for-net\sdk\azurestack\Microsoft.AzureStack.Management.Commerce.Admin\tests\src\Helpers\Common.cs(119,60): error CS0518: Predefined type 'System.Object' is not defined or imported
C:\gh\azure-sdk-for-net\sdk\azurestack\Microsoft.AzureStack.Management.Commerce.Admin\tests\src\Helpers\Common.cs(119,60): error CS0246: The type or namespace name 'Func<,>' could not be found (are you missing a using directive or an assembly reference?)
C:\gh\azure-sdk-for-net\sdk\azurestack\Microsoft.AzureStack.Management.Commerce.Admin\tests\src\Helpers\Common.cs(119,65): error CS0518: Predefined type 'System.String' is not defined or imported
C:\gh\azure-sdk-for-net\sdk\azurestack\Microsoft.AzureStack.Management.Commerce.Admin\tests\src\Helpers\Common.cs(119,73): error CS0518: Predefined type 'System.Object' is not defined or imported
C:\gh\azure-sdk-for-net\sdk\azurestack\Microsoft.AzureStack.Management.Commerce.Admin\tests\src\Helpers\Common.cs(119,73): error CS0246: The type or namespace name 'IPage<>' could not be found (are you missing a using directive or an assembly reference?)
C:\gh\azure-sdk-for-net\sdk\azurestack\Microsoft.AzureStack.Management.Commerce.Admin\tests\src\Helpers\Common.cs(119,92): error CS0518: Predefined type 'System.Object' is not defined or imported
C:\gh\azure-sdk-for-net\sdk\azurestack\Microsoft.AzureStack.Management.Commerce.Admin\tests\src\Helpers\Common.cs(119,92): error CS0246: The type or namespace name 'Action<>' could not be found (are you missing a using directive or an assembly reference?)
C:\gh\azure-sdk-for-net\sdk\azurestack\Microsoft.AzureStack.Management.Commerce.Admin\tests\src\Helpers\Common.cs(119,23): error CS0518: Predefined type 'System.Void' is not defined or imported
C:\gh\azure-sdk-for-net\sdk\azurestack\Microsoft.AzureStack.Management.Commerce.Admin\tests\src\Helpers\CommerceTestBase.cs(19,48): error CS0518: Predefined type 'System.Object' is not defined or imported
C:\gh\azure-sdk-for-net\sdk\azurestack\Microsoft.AzureStack.Management.Commerce.Admin\tests\src\Helpers\CommerceTestBase.cs(19,28): error CS0518: Predefined type 'System.Void' is not defined or imported
C:\gh\azure-sdk-for-net\sdk\azurestack\Microsoft.AzureStack.Management.Commerce.Admin\tests\src\Helpers\Common.cs(210,45): error CS0518: Predefined type 'System.Object' is not defined or imported
C:\gh\azure-sdk-for-net\sdk\azurestack\Microsoft.AzureStack.Management.Commerce.Admin\tests\src\Helpers\Common.cs(210,45): error CS0246: The type or namespace name 'DateTimeOffset' could not be found (are you missing a using directive or an assembly reference?)
C:\gh\azure-sdk-for-net\sdk\azurestack\Microsoft.AzureStack.Management.Commerce.Admin\tests\src\Helpers\Common.cs(210,76): error CS0518: Predefined type 'System.Object' is not defined or imported
C:\gh\azure-sdk-for-net\sdk\azurestack\Microsoft.AzureStack.Management.Commerce.Admin\tests\src\Helpers\Common.cs(210,76): error CS0246: The type or namespace name 'TimeSpan' could not be found (are you missing a using directive or an assembly reference?)
C:\gh\azure-sdk-for-net\sdk\azurestack\Microsoft.AzureStack.Management.Commerce.Admin\tests\src\Helpers\Common.cs(210,19): error CS0518: Predefined type 'System.Object' is not defined or imported
C:\gh\azure-sdk-for-net\sdk\azurestack\Microsoft.AzureStack.Management.Commerce.Admin\tests\src\Helpers\Common.cs(210,19): error CS0246: The type or namespace name 'DateTimeOffset' could not be found (are you missing a using directive or an assembly reference?)
C:\gh\azure-sdk-for-net\sdk\azurestack\Microsoft.AzureStack.Management.Commerce.Admin\tests\src\Helpers\Common.cs(210,40): error CS1110: Cannot define a new extension method because the compiler required type 'System.Runtime.CompilerServices.ExtensionAttribute' cannot be found. Are you missing a reference to System.Core.dll?
C:\gh\azure-sdk-for-net\sdk\azurestack\Microsoft.AzureStack.Management.Commerce.Admin\tests\src\Helpers\Common.cs(218,39): error CS0518: Predefined type 'System.Object' is not defined or imported
C:\gh\azure-sdk-for-net\sdk\azurestack\Microsoft.AzureStack.Management.Commerce.Admin\tests\src\Helpers\Common.cs(218,39): error CS0246: The type or namespace name 'DateTime' could not be found (are you missing a using directive or an assembly reference?)
C:\gh\azure-sdk-for-net\sdk\azurestack\Microsoft.AzureStack.Management.Commerce.Admin\tests\src\Helpers\Common.cs(218,19): error CS0518: Predefined type 'System.Object' is not defined or imported
C:\gh\azure-sdk-for-net\sdk\azurestack\Microsoft.AzureStack.Management.Commerce.Admin\tests\src\Helpers\Common.cs(218,19): error CS0246: The type or namespace name 'DateTime' could not be found (are you missing a using directive or an assembly reference?)
C:\gh\azure-sdk-for-net\sdk\azurestack\Microsoft.AzureStack.Management.Commerce.Admin\tests\src\Helpers\Common.cs(218,34): error CS1110: Cannot define a new extension method because the compiler required type 'System.Runtime.CompilerServices.ExtensionAttribute' cannot be found. Are you missing a reference to System.Core.dll?
C:\gh\azure-sdk-for-net\sdk\azurestack\Microsoft.AzureStack.Management.Commerce.Admin\tests\src\Helpers\Common.cs(227,39): error CS0518: Predefined type 'System.Object' is not defined or imported
C:\gh\azure-sdk-for-net\sdk\azurestack\Microsoft.AzureStack.Management.Commerce.Admin\tests\src\Helpers\Common.cs(227,39): error CS0246: The type or namespace name 'DateTime' could not be found (are you missing a using directive or an assembly reference?)
C:\gh\azure-sdk-for-net\sdk\azurestack\Microsoft.AzureStack.Management.Commerce.Admin\tests\src\Helpers\Common.cs(227,58): error CS0518: Predefined type 'System.Object' is not defined or imported
C:\gh\azure-sdk-for-net\sdk\azurestack\Microsoft.AzureStack.Management.Commerce.Admin\tests\src\Helpers\Common.cs(227,58): error CS0246: The type or namespace name 'TimeSpan' could not be found (are you missing a using directive or an assembly reference?)
C:\gh\azure-sdk-for-net\sdk\azurestack\Microsoft.AzureStack.Management.Commerce.Admin\tests\src\Helpers\Common.cs(227,19): error CS0518: Predefined type 'System.Object' is not defined or imported
C:\gh\azure-sdk-for-net\sdk\azurestack\Microsoft.AzureStack.Management.Commerce.Admin\tests\src\Helpers\Common.cs(227,19): error CS0246: The type or namespace name 'DateTime' could not be found (are you missing a using directive or an assembly reference?)
C:\gh\azure-sdk-for-net\sdk\azurestack\Microsoft.AzureStack.Management.Commerce.Admin\tests\src\Helpers\Common.cs(227,34): error CS1110: Cannot define a new extension method because the compiler required type 'System.Runtime.CompilerServices.ExtensionAttribute' cannot be found. Are you missing a reference to System.Core.dll?
C:\gh\azure-sdk-for-net\sdk\azurestack\Microsoft.AzureStack.Management.Commerce.Admin\tests\src\SubscriberUsageAggregateTests.cs(30,42): error CS0518: Predefined type 'System.Object' is not defined or imported
C:\gh\azure-sdk-for-net\sdk\azurestack\Microsoft.AzureStack.Management.Commerce.Admin\tests\src\SubscriberUsageAggregateTests.cs(30,42): error CS0246: The type or namespace name 'DateTime' could not be found (are you missing a using directive or an assembly reference?)
C:\gh\azure-sdk-for-net\sdk\azurestack\Microsoft.AzureStack.Management.Commerce.Admin\tests\src\SubscriberUsageAggregateTests.cs(30,57): error CS0518: Predefined type 'System.String' is not defined or imported
C:\gh\azure-sdk-for-net\sdk\azurestack\Microsoft.AzureStack.Management.Commerce.Admin\tests\src\SubscriberUsageAggregateTests.cs(30,17): error CS0518: Predefined type 'System.Void' is not defined or imported
C:\gh\azure-sdk-for-net\sdk\azurestack\Microsoft.AzureStack.Management.Commerce.Admin\tests\src\Helpers\RecordedDelegatingHandler.cs(24,9): error CS0518: Predefined type 'System.Void' is not defined or imported
C:\gh\azure-sdk-for-net\sdk\azurestack\Microsoft.AzureStack.Management.Commerce.Admin\tests\src\Helpers\RecordedDelegatingHandler.cs(33,42): error CS0518: Predefined type 'System.Object' is not defined or imported
C:\gh\azure-sdk-for-net\sdk\azurestack\Microsoft.AzureStack.Management.Commerce.Admin\tests\src\Helpers\RecordedDelegatingHandler.cs(33,42): error CS0246: The type or namespace name 'HttpResponseMessage' could not be found (are you missing a using directive or an assembly reference?)
C:\gh\azure-sdk-for-net\sdk\azurestack\Microsoft.AzureStack.Management.Commerce.Admin\tests\src\Helpers\RecordedDelegatingHandler.cs(33,9): error CS0518: Predefined type 'System.Void' is not defined or imported
C:\gh\azure-sdk-for-net\sdk\azurestack\Microsoft.AzureStack.Management.Commerce.Admin\tests\src\Helpers\Common.cs(238,40): error CS0518: Predefined type 'System.Object' is not defined or imported
C:\gh\azure-sdk-for-net\sdk\azurestack\Microsoft.AzureStack.Management.Commerce.Admin\tests\src\Helpers\Common.cs(238,40): error CS0246: The type or namespace name 'IEnumerable<>' could not be found (are you missing a using directive or an assembly reference?)
C:\gh\azure-sdk-for-net\sdk\azurestack\Microsoft.AzureStack.Management.Commerce.Admin\tests\src\Helpers\Common.cs(238,61): error CS0518: Predefined type 'System.Object' is not defined or imported
C:\gh\azure-sdk-for-net\sdk\azurestack\Microsoft.AzureStack.Management.Commerce.Admin\tests\src\Helpers\Common.cs(238,61): error CS0246: The type or namespace name 'Action<>' could not be found (are you missing a using directive or an assembly reference?)
C:\gh\azure-sdk-for-net\sdk\azurestack\Microsoft.AzureStack.Management.Commerce.Admin\tests\src\Helpers\Common.cs(238,19): error CS0518: Predefined type 'System.Void' is not defined or imported
C:\gh\azure-sdk-for-net\sdk\azurestack\Microsoft.AzureStack.Management.Commerce.Admin\tests\src\Helpers\Common.cs(238,35): error CS1110: Cannot define a new extension method because the compiler required type 'System.Runtime.CompilerServices.ExtensionAttribute' cannot be found. Are you missing a reference to System.Core.dll?
C:\gh\azure-sdk-for-net\sdk\azurestack\Microsoft.AzureStack.Management.Commerce.Admin\tests\src\Helpers\Common.cs(251,38): error CS0518: Predefined type 'System.Object' is not defined or imported
C:\gh\azure-sdk-for-net\sdk\azurestack\Microsoft.AzureStack.Management.Commerce.Admin\tests\src\Helpers\Common.cs(251,38): error CS0246: The type or namespace name 'IPage<>' could not be found (are you missing a using directive or an assembly reference?)
C:\gh\azure-sdk-for-net\sdk\azurestack\Microsoft.AzureStack.Management.Commerce.Admin\tests\src\Helpers\Common.cs(251,33): error CS1110: Cannot define a new extension method because the compiler required type 'System.Runtime.CompilerServices.ExtensionAttribute' cannot be found. Are you missing a reference to System.Core.dll?
C:\gh\azure-sdk-for-net\sdk\azurestack\Microsoft.AzureStack.Management.Commerce.Admin\tests\src\SupportedOperationsTest.cs(26,40): error CS0518: Predefined type 'System.Object' is not defined or imported
C:\gh\azure-sdk-for-net\sdk\azurestack\Microsoft.AzureStack.Management.Commerce.Admin\tests\src\SupportedOperationsTest.cs(26,17): error CS0518: Predefined type 'System.Void' is not defined or imported
C:\gh\azure-sdk-for-net\sdk\azurestack\Microsoft.AzureStack.Management.Commerce.Admin\tests\src\SupportedOperationsTest.cs(18,38): error CS0518: Predefined type 'System.Object' is not defined or imported
C:\gh\azure-sdk-for-net\sdk\azurestack\Microsoft.AzureStack.Management.Commerce.Admin\tests\src\SupportedOperationsTest.cs(18,17): error CS0518: Predefined type 'System.Void' is not defined or imported
C:\gh\azure-sdk-for-net\sdk\azurestack\Microsoft.AzureStack.Management.Commerce.Admin\tests\src\Helpers\Common.cs(202,21): error CS0518: Predefined type 'System.Object' is not defined or imported
C:\gh\azure-sdk-for-net\sdk\azurestack\Microsoft.AzureStack.Management.Commerce.Admin\tests\src\Helpers\CommerceTestBase.cs(14,9): error CS0518: Predefined type 'System.Void' is not defined or imported
C:\gh\azure-sdk-for-net\sdk\azurestack\Microsoft.AzureStack.Management.Commerce.Admin\tests\src\Helpers\Common.cs(190,56): error CS0518: Predefined type 'System.Object' is not defined or imported
C:\gh\azure-sdk-for-net\sdk\azurestack\Microsoft.AzureStack.Management.Commerce.Admin\tests\src\Helpers\Common.cs(190,56): error CS0246: The type or namespace name 'IEnumerable<>' could not be found (are you missing a using directive or an assembly reference?)
C:\gh\azure-sdk-for-net\sdk\azurestack\Microsoft.AzureStack.Management.Commerce.Admin\tests\src\Helpers\Common.cs(190,77): error CS0518: Predefined type 'System.Object' is not defined or imported
C:\gh\azure-sdk-for-net\sdk\azurestack\Microsoft.AzureStack.Management.Commerce.Admin\tests\src\Helpers\Common.cs(190,77): error CS0246: The type or namespace name 'System' could not be found (are you missing a using directive or an assembly reference?)
C:\gh\azure-sdk-for-net\sdk\azurestack\Microsoft.AzureStack.Management.Commerce.Admin\tests\src\Helpers\Common.cs(190,102): error CS0518: Predefined type 'System.Object' is not defined or imported
C:\gh\azure-sdk-for-net\sdk\azurestack\Microsoft.AzureStack.Management.Commerce.Admin\tests\src\Helpers\Common.cs(190,102): error CS0246: The type or namespace name 'Func<,>' could not be found (are you missing a using directive or an assembly reference?)
C:\gh\azure-sdk-for-net\sdk\azurestack\Microsoft.AzureStack.Management.Commerce.Admin\tests\src\Helpers\Common.cs(190,110): error CS0518: Predefined type 'System.String' is not defined or imported
C:\gh\azure-sdk-for-net\sdk\azurestack\Microsoft.AzureStack.Management.Commerce.Admin\tests\src\Helpers\Common.cs(190,23): error CS0518: Predefined type 'System.Void' is not defined or imported
C:\gh\azure-sdk-for-net\sdk\azurestack\Microsoft.AzureStack.Management.Commerce.Admin\tests\src\SubscriberUsageAggregateTests.cs(16,45): error CS0518: Predefined type 'System.Object' is not defined or imported
C:\gh\azure-sdk-for-net\sdk\azurestack\Microsoft.AzureStack.Management.Commerce.Admin\tests\src\SubscriberUsageAggregateTests.cs(16,17): error CS0518: Predefined type 'System.Void' is not defined or imported
C:\gh\azure-sdk-for-net\sdk\azurestack\Microsoft.AzureStack.Management.Commerce.Admin\tests\src\Helpers\Common.cs(172,51): error CS0518: Predefined type 'System.Object' is not defined or imported
C:\gh\azure-sdk-for-net\sdk\azurestack\Microsoft.AzureStack.Management.Commerce.Admin\tests\src\Helpers\Common.cs(172,51): error CS0246: The type or namespace name 'IPage<>' could not be found (are you missing a using directive or an assembly reference?)
C:\gh\azure-sdk-for-net\sdk\azurestack\Microsoft.AzureStack.Management.Commerce.Admin\tests\src\Helpers\Common.cs(172,67): error CS0518: Predefined type 'System.Object' is not defined or imported
C:\gh\azure-sdk-for-net\sdk\azurestack\Microsoft.AzureStack.Management.Commerce.Admin\tests\src\Helpers\Common.cs(172,67): error CS0246: The type or namespace name 'Func<,>' could not be found (are you missing a using directive or an assembly reference?)
C:\gh\azure-sdk-for-net\sdk\azurestack\Microsoft.AzureStack.Management.Commerce.Admin\tests\src\Helpers\Common.cs(172,72): error CS0518: Predefined type 'System.String' is not defined or imported
C:\gh\azure-sdk-for-net\sdk\azurestack\Microsoft.AzureStack.Management.Commerce.Admin\tests\src\Helpers\Common.cs(172,80): error CS0518: Predefined type 'System.Object' is not defined or imported
C:\gh\azure-sdk-for-net\sdk\azurestack\Microsoft.AzureStack.Management.Commerce.Admin\tests\src\Helpers\Common.cs(172,80): error CS0246: The type or namespace name 'IPage<>' could not be found (are you missing a using directive or an assembly reference?)
C:\gh\azure-sdk-for-net\sdk\azurestack\Microsoft.AzureStack.Management.Commerce.Admin\tests\src\Helpers\Common.cs(172,99): error CS0518: Predefined type 'System.Object' is not defined or imported
C:\gh\azure-sdk-for-net\sdk\azurestack\Microsoft.AzureStack.Management.Commerce.Admin\tests\src\Helpers\Common.cs(172,99): error CS0246: The type or namespace name 'System' could not be found (are you missing a using directive or an assembly reference?)
C:\gh\azure-sdk-for-net\sdk\azurestack\Microsoft.AzureStack.Management.Commerce.Admin\tests\src\Helpers\Common.cs(172,124): error CS0518: Predefined type 'System.Object' is not defined or imported
C:\gh\azure-sdk-for-net\sdk\azurestack\Microsoft.AzureStack.Management.Commerce.Admin\tests\src\Helpers\Common.cs(172,124): error CS0246: The type or namespace name 'Func<,>' could not be found (are you missing a using directive or an assembly reference?)
C:\gh\azure-sdk-for-net\sdk\azurestack\Microsoft.AzureStack.Management.Commerce.Admin\tests\src\Helpers\Common.cs(172,132): error CS0518: Predefined type 'System.String' is not defined or imported
C:\gh\azure-sdk-for-net\sdk\azurestack\Microsoft.AzureStack.Management.Commerce.Admin\tests\src\Helpers\Common.cs(172,23): error CS0518: Predefined type 'System.Void' is not defined or imported
C:\gh\azure-sdk-for-net\sdk\azurestack\Microsoft.AzureStack.Management.Commerce.Admin\tests\src\Helpers\Common.cs(157,54): error CS0518: Predefined type 'System.Object' is not defined or imported
C:\gh\azure-sdk-for-net\sdk\azurestack\Microsoft.AzureStack.Management.Commerce.Admin\tests\src\Helpers\Common.cs(157,54): error CS0246: The type or namespace name 'IEnumerable<>' could not be found (are you missing a using directive or an assembly reference?)
C:\gh\azure-sdk-for-net\sdk\azurestack\Microsoft.AzureStack.Management.Commerce.Admin\tests\src\Helpers\Common.cs(157,75): error CS0518: Predefined type 'System.Object' is not defined or imported
C:\gh\azure-sdk-for-net\sdk\azurestack\Microsoft.AzureStack.Management.Commerce.Admin\tests\src\Helpers\Common.cs(157,75): error CS0246: The type or namespace name 'System' could not be found (are you missing a using directive or an assembly reference?)
C:\gh\azure-sdk-for-net\sdk\azurestack\Microsoft.AzureStack.Management.Commerce.Admin\tests\src\Helpers\Common.cs(157,99): error CS0518: Predefined type 'System.Object' is not defined or imported
C:\gh\azure-sdk-for-net\sdk\azurestack\Microsoft.AzureStack.Management.Commerce.Admin\tests\src\Helpers\Common.cs(157,99): error CS0246: The type or namespace name 'Func<,>' could not be found (are you missing a using directive or an assembly reference?)
C:\gh\azure-sdk-for-net\sdk\azurestack\Microsoft.AzureStack.Management.Commerce.Admin\tests\src\Helpers\Common.cs(157,107): error CS0518: Predefined type 'System.String' is not defined or imported
C:\gh\azure-sdk-for-net\sdk\azurestack\Microsoft.AzureStack.Management.Commerce.Admin\tests\src\Helpers\Common.cs(157,23): error CS0518: Predefined type 'System.Void' is not defined or imported
C:\gh\azure-sdk-for-net\sdk\azurestack\Microsoft.AzureStack.Management.Commerce.Admin\tests\src\Helpers\Common.cs(143,49): error CS0518: Predefined type 'System.Object' is not defined or imported
C:\gh\azure-sdk-for-net\sdk\azurestack\Microsoft.AzureStack.Management.Commerce.Admin\tests\src\Helpers\Common.cs(143,49): error CS0246: The type or namespace name 'IPage<>' could not be found (are you missing a using directive or an assembly reference?)
C:\gh\azure-sdk-for-net\sdk\azurestack\Microsoft.AzureStack.Management.Commerce.Admin\tests\src\Helpers\Common.cs(143,65): error CS0518: Predefined type 'System.Object' is not defined or imported
C:\gh\azure-sdk-for-net\sdk\azurestack\Microsoft.AzureStack.Management.Commerce.Admin\tests\src\Helpers\Common.cs(143,65): error CS0246: The type or namespace name 'Func<,>' could not be found (are you missing a using directive or an assembly reference?)
C:\gh\azure-sdk-for-net\sdk\azurestack\Microsoft.AzureStack.Management.Commerce.Admin\tests\src\Helpers\Common.cs(143,70): error CS0518: Predefined type 'System.String' is not defined or imported
C:\gh\azure-sdk-for-net\sdk\azurestack\Microsoft.AzureStack.Management.Commerce.Admin\tests\src\Helpers\Common.cs(143,78): error CS0518: Predefined type 'System.Object' is not defined or imported
C:\gh\azure-sdk-for-net\sdk\azurestack\Microsoft.AzureStack.Management.Commerce.Admin\tests\src\Helpers\Common.cs(143,78): error CS0246: The type or namespace name 'IPage<>' could not be found (are you missing a using directive or an assembly reference?)
C:\gh\azure-sdk-for-net\sdk\azurestack\Microsoft.AzureStack.Management.Commerce.Admin\tests\src\Helpers\Common.cs(143,97): error CS0518: Predefined type 'System.Object' is not defined or imported
C:\gh\azure-sdk-for-net\sdk\azurestack\Microsoft.AzureStack.Management.Commerce.Admin\tests\src\Helpers\Common.cs(143,97): error CS0246: The type or namespace name 'System' could not be found (are you missing a using directive or an assembly reference?)
C:\gh\azure-sdk-for-net\sdk\azurestack\Microsoft.AzureStack.Management.Commerce.Admin\tests\src\Helpers\Common.cs(143,121): error CS0518: Predefined type 'System.Object' is not defined or imported
C:\gh\azure-sdk-for-net\sdk\azurestack\Microsoft.AzureStack.Management.Commerce.Admin\tests\src\Helpers\Common.cs(143,121): error CS0246: The type or namespace name 'Func<,>' could not be found (are you missing a using directive or an assembly reference?)
C:\gh\azure-sdk-for-net\sdk\azurestack\Microsoft.AzureStack.Management.Commerce.Admin\tests\src\Helpers\Common.cs(143,129): error CS0518: Predefined type 'System.String' is not defined or imported
C:\gh\azure-sdk-for-net\sdk\azurestack\Microsoft.AzureStack.Management.Commerce.Admin\tests\src\Helpers\Common.cs(143,23): error CS0518: Predefined type 'System.Void' is not defined or imported
C:\gh\azure-sdk-for-net\sdk\azurestack\Microsoft.AzureStack.Management.Commerce.Admin\tests\src\Helpers\Common.cs(107,51): error CS0518: Predefined type 'System.Object' is not defined or imported
C:\gh\azure-sdk-for-net\sdk\azurestack\Microsoft.AzureStack.Management.Commerce.Admin\tests\src\Helpers\Common.cs(107,51): error CS0246: The type or namespace name 'Action' could not be found (are you missing a using directive or an assembly reference?)
C:\gh\azure-sdk-for-net\sdk\azurestack\Microsoft.AzureStack.Management.Commerce.Admin\tests\src\Helpers\Common.cs(107,63): error CS0518: Predefined type 'System.UInt32' is not defined or imported
C:\gh\azure-sdk-for-net\sdk\azurestack\Microsoft.AzureStack.Management.Commerce.Admin\tests\src\Helpers\Common.cs(107,82): error CS0518: Predefined type 'System.Int32' is not defined or imported
C:\gh\azure-sdk-for-net\sdk\azurestack\Microsoft.AzureStack.Management.Commerce.Admin\tests\src\Helpers\Common.cs(107,23): error CS0518: Predefined type 'System.Boolean' is not defined or imported
C:\gh\azure-sdk-for-net\sdk\azurestack\Microsoft.AzureStack.Management.Commerce.Admin\tests\src\Helpers\Common.cs(87,43): error CS0518: Predefined type 'System.Object' is not defined or imported
C:\gh\azure-sdk-for-net\sdk\azurestack\Microsoft.AzureStack.Management.Commerce.Admin\tests\src\Helpers\Common.cs(87,43): error CS0246: The type or namespace name 'Func<>' could not be found (are you missing a using directive or an assembly reference?)
C:\gh\azure-sdk-for-net\sdk\azurestack\Microsoft.AzureStack.Management.Commerce.Admin\tests\src\Helpers\Common.cs(87,48): error CS0518: Predefined type 'System.Boolean' is not defined or imported
C:\gh\azure-sdk-for-net\sdk\azurestack\Microsoft.AzureStack.Management.Commerce.Admin\tests\src\Helpers\Common.cs(87,60): error CS0518: Predefined type 'System.UInt32' is not defined or imported
C:\gh\azure-sdk-for-net\sdk\azurestack\Microsoft.AzureStack.Management.Commerce.Admin\tests\src\Helpers\Common.cs(87,79): error CS0518: Predefined type 'System.Int32' is not defined or imported
C:\gh\azure-sdk-for-net\sdk\azurestack\Microsoft.AzureStack.Management.Commerce.Admin\tests\src\Helpers\Common.cs(87,23): error CS0518: Predefined type 'System.Boolean' is not defined or imported
C:\gh\azure-sdk-for-net\sdk\azurestack\Microsoft.AzureStack.Management.Commerce.Admin\tests\src\Helpers\Common.cs(27,41): error CS0518: Predefined type 'System.Int32' is not defined or imported
C:\gh\azure-sdk-for-net\sdk\azurestack\Microsoft.AzureStack.Management.Commerce.Admin\tests\src\Helpers\Common.cs(64,49): error CS0518: Predefined type 'System.String' is not defined or imported
C:\gh\azure-sdk-for-net\sdk\azurestack\Microsoft.AzureStack.Management.Commerce.Admin\tests\src\Helpers\Common.cs(64,81): error CS0518: Predefined type 'System.Boolean' is not defined or imported
C:\gh\azure-sdk-for-net\sdk\azurestack\Microsoft.AzureStack.Management.Commerce.Admin\tests\src\Helpers\Common.cs(64,23): error CS0518: Predefined type 'System.String' is not defined or imported
C:\gh\azure-sdk-for-net\sdk\azurestack\Microsoft.AzureStack.Management.Commerce.Admin\tests\src\Helpers\Common.cs(23,67): error CS0518: Predefined type 'System.String' is not defined or imported
C:\gh\azure-sdk-for-net\sdk\azurestack\Microsoft.AzureStack.Management.Commerce.Admin\tests\src\Helpers\Common.cs(24,50): error CS0518: Predefined type 'System.Int32' is not defined or imported
C:\gh\azure-sdk-for-net\sdk\azurestack\Microsoft.AzureStack.Management.Commerce.Admin\tests\src\Helpers\Common.cs(52,45): error CS0518: Predefined type 'System.Object' is not defined or imported
C:\gh\azure-sdk-for-net\sdk\azurestack\Microsoft.AzureStack.Management.Commerce.Admin\tests\src\Helpers\Common.cs(52,45): error CS0246: The type or namespace name 'HttpClient' could not be found (are you missing a using directive or an assembly reference?)
C:\gh\azure-sdk-for-net\sdk\azurestack\Microsoft.AzureStack.Management.Commerce.Admin\tests\src\Helpers\Common.cs(52,64): error CS0518: Predefined type 'System.Object' is not defined or imported
C:\gh\azure-sdk-for-net\sdk\azurestack\Microsoft.AzureStack.Management.Commerce.Admin\tests\src\Helpers\Common.cs(52,64): error CS0246: The type or namespace name 'ServiceClientCredentials' could not be found (are you missing a using directive or an assembly reference?)
C:\gh\azure-sdk-for-net\sdk\azurestack\Microsoft.AzureStack.Management.Commerce.Admin\tests\src\Helpers\Common.cs(52,96): error CS0518: Predefined type 'System.Object' is not defined or imported
C:\gh\azure-sdk-for-net\sdk\azurestack\Microsoft.AzureStack.Management.Commerce.Admin\tests\src\Helpers\Common.cs(52,96): error CS0246: The type or namespace name 'Uri' could not be found (are you missing a using directive or an assembly reference?)
C:\gh\azure-sdk-for-net\sdk\azurestack\Microsoft.AzureStack.Management.Commerce.Admin\tests\src\Helpers\Common.cs(52,23): error CS0518: Predefined type 'System.String' is not defined or imported
C:\gh\azure-sdk-for-net\sdk\azurestack\Microsoft.AzureStack.Management.Commerce.Admin\tests\src\Helpers\Common.cs(40,45): error CS0518: Predefined type 'System.Object' is not defined or imported
C:\gh\azure-sdk-for-net\sdk\azurestack\Microsoft.AzureStack.Management.Commerce.Admin\tests\src\Helpers\Common.cs(40,45): error CS0246: The type or namespace name 'HttpClient' could not be found (are you missing a using directive or an assembly reference?)
C:\gh\azure-sdk-for-net\sdk\azurestack\Microsoft.AzureStack.Management.Commerce.Admin\tests\src\Helpers\Common.cs(40,64): error CS0518: Predefined type 'System.Object' is not defined or imported
C:\gh\azure-sdk-for-net\sdk\azurestack\Microsoft.AzureStack.Management.Commerce.Admin\tests\src\Helpers\Common.cs(40,64): error CS0246: The type or namespace name 'ServiceClientCredentials' could not be found (are you missing a using directive or an assembly reference?)
C:\gh\azure-sdk-for-net\sdk\azurestack\Microsoft.AzureStack.Management.Commerce.Admin\tests\src\Helpers\Common.cs(40,96): error CS0518: Predefined type 'System.String' is not defined or imported
C:\gh\azure-sdk-for-net\sdk\azurestack\Microsoft.AzureStack.Management.Commerce.Admin\tests\src\Helpers\Common.cs(40,23): error CS0518: Predefined type 'System.String' is not defined or imported
C:\gh\azure-sdk-for-net\sdk\azurestack\Microsoft.AzureStack.Management.Commerce.Admin\tests\src\Helpers\Common.cs(20,18): error CS0518: Predefined type 'System.Object' is not defined or imported
C:\gh\azure-sdk-for-net\sdk\azurestack\Microsoft.AzureStack.Management.Commerce.Admin\tests\src\Helpers\Common.cs(28,36): error CS0518: Predefined type 'System.Int32' is not defined or imported
C:\gh\azure-sdk-for-net\sdk\azurestack\Microsoft.AzureStack.Management.Commerce.Admin\tests\src\Helpers\Common.cs(29,36): error CS0518: Predefined type 'System.Int32' is not defined or imported
C:\gh\azure-sdk-for-net\sdk\azurestack\Microsoft.AzureStack.Management.Commerce.Admin\tests\Properties\AssemblyInfo.cs(5,12): error CS0246: The type or namespace name 'AssemblyTitleAttribute' could not be found (are you missing a using directive or an assembly reference?)
C:\gh\azure-sdk-for-net\sdk\azurestack\Microsoft.AzureStack.Management.Commerce.Admin\tests\Properties\AssemblyInfo.cs(5,12): error CS0246: The type or namespace name 'AssemblyTitle' could not be found (are you missing a using directive or an assembly reference?)
C:\gh\azure-sdk-for-net\sdk\azurestack\Microsoft.AzureStack.Management.Commerce.Admin\tests\Properties\AssemblyInfo.cs(6,12): error CS0246: The type or namespace name 'AssemblyDescriptionAttribute' could not be found (are you missing a using directive or an assembly reference?)
C:\gh\azure-sdk-for-net\sdk\azurestack\Microsoft.AzureStack.Management.Commerce.Admin\tests\Properties\AssemblyInfo.cs(6,12): error CS0246: The type or namespace name 'AssemblyDescription' could not be found (are you missing a using directive or an assembly reference?)
C:\gh\azure-sdk-for-net\sdk\azurestack\Microsoft.AzureStack.Management.Commerce.Admin\tests\Properties\AssemblyInfo.cs(7,12): error CS0246: The type or namespace name 'AssemblyConfigurationAttribute' could not be found (are you missing a using directive or an assembly reference?)
C:\gh\azure-sdk-for-net\sdk\azurestack\Microsoft.AzureStack.Management.Commerce.Admin\tests\Properties\AssemblyInfo.cs(7,12): error CS0246: The type or namespace name 'AssemblyConfiguration' could not be found (are you missing a using directive or an assembly reference?)
C:\gh\azure-sdk-for-net\sdk\azurestack\Microsoft.AzureStack.Management.Commerce.Admin\tests\Properties\AssemblyInfo.cs(8,12): error CS0246: The type or namespace name 'AssemblyCompanyAttribute' could not be found (are you missing a using directive or an assembly reference?)
C:\gh\azure-sdk-for-net\sdk\azurestack\Microsoft.AzureStack.Management.Commerce.Admin\tests\Properties\AssemblyInfo.cs(8,12): error CS0246: The type or namespace name 'AssemblyCompany' could not be found (are you missing a using directive or an assembly reference?)
C:\gh\azure-sdk-for-net\sdk\azurestack\Microsoft.AzureStack.Management.Commerce.Admin\tests\Properties\AssemblyInfo.cs(9,12): error CS0246: The type or namespace name 'AssemblyProductAttribute' could not be found (are you missing a using directive or an assembly reference?)
C:\gh\azure-sdk-for-net\sdk\azurestack\Microsoft.AzureStack.Management.Commerce.Admin\tests\Properties\AssemblyInfo.cs(9,12): error CS0246: The type or namespace name 'AssemblyProduct' could not be found (are you missing a using directive or an assembly reference?)
C:\gh\azure-sdk-for-net\sdk\azurestack\Microsoft.AzureStack.Management.Commerce.Admin\tests\Properties\AssemblyInfo.cs(10,12): error CS0246: The type or namespace name 'AssemblyCopyrightAttribute' could not be found (are you missing a using directive or an assembly reference?)
C:\gh\azure-sdk-for-net\sdk\azurestack\Microsoft.AzureStack.Management.Commerce.Admin\tests\Properties\AssemblyInfo.cs(10,12): error CS0246: The type or namespace name 'AssemblyCopyright' could not be found (are you missing a using directive or an assembly reference?)
C:\gh\azure-sdk-for-net\sdk\azurestack\Microsoft.AzureStack.Management.Commerce.Admin\tests\Properties\AssemblyInfo.cs(11,12): error CS0246: The type or namespace name 'AssemblyTrademarkAttribute' could not be found (are you missing a using directive or an assembly reference?)
C:\gh\azure-sdk-for-net\sdk\azurestack\Microsoft.AzureStack.Management.Commerce.Admin\tests\Properties\AssemblyInfo.cs(11,12): error CS0246: The type or namespace name 'AssemblyTrademark' could not be found (are you missing a using directive or an assembly reference?)
C:\gh\azure-sdk-for-net\sdk\azurestack\Microsoft.AzureStack.Management.Commerce.Admin\tests\Properties\AssemblyInfo.cs(12,12): error CS0246: The type or namespace name 'AssemblyCultureAttribute' could not be found (are you missing a using directive or an assembly reference?)
C:\gh\azure-sdk-for-net\sdk\azurestack\Microsoft.AzureStack.Management.Commerce.Admin\tests\Properties\AssemblyInfo.cs(12,12): error CS0246: The type or namespace name 'AssemblyCulture' could not be found (are you missing a using directive or an assembly reference?)
C:\gh\azure-sdk-for-net\sdk\azurestack\Microsoft.AzureStack.Management.Commerce.Admin\tests\Properties\AssemblyInfo.cs(14,12): error CS0246: The type or namespace name 'ComVisibleAttribute' could not be found (are you missing a using directive or an assembly reference?)
C:\gh\azure-sdk-for-net\sdk\azurestack\Microsoft.AzureStack.Management.Commerce.Admin\tests\Properties\AssemblyInfo.cs(14,12): error CS0246: The type or namespace name 'ComVisible' could not be found (are you missing a using directive or an assembly reference?)
C:\gh\azure-sdk-for-net\sdk\azurestack\Microsoft.AzureStack.Management.Commerce.Admin\tests\Properties\AssemblyInfo.cs(16,12): error CS0246: The type or namespace name 'GuidAttribute' could not be found (are you missing a using directive or an assembly reference?)
C:\gh\azure-sdk-for-net\sdk\azurestack\Microsoft.AzureStack.Management.Commerce.Admin\tests\Properties\AssemblyInfo.cs(16,12): error CS0246: The type or namespace name 'Guid' could not be found (are you missing a using directive or an assembly reference?)
C:\gh\azure-sdk-for-net\sdk\azurestack\Microsoft.AzureStack.Management.Commerce.Admin\tests\Properties\AssemblyInfo.cs(18,12): error CS0246: The type or namespace name 'AssemblyVersionAttribute' could not be found (are you missing a using directive or an assembly reference?)
C:\gh\azure-sdk-for-net\sdk\azurestack\Microsoft.AzureStack.Management.Commerce.Admin\tests\Properties\AssemblyInfo.cs(18,12): error CS0246: The type or namespace name 'AssemblyVersion' could not be found (are you missing a using directive or an assembly reference?)
C:\gh\azure-sdk-for-net\sdk\azurestack\Microsoft.AzureStack.Management.Commerce.Admin\tests\Properties\AssemblyInfo.cs(19,12): error CS0246: The type or namespace name 'AssemblyFileVersionAttribute' could not be found (are you missing a using directive or an assembly reference?)
C:\gh\azure-sdk-for-net\sdk\azurestack\Microsoft.AzureStack.Management.Commerce.Admin\tests\Properties\AssemblyInfo.cs(19,12): error CS0246: The type or namespace name 'AssemblyFileVersion' could not be found (are you missing a using directive or an assembly reference?)
C:\gh\azure-sdk-for-net\eng\mgmt\DisableTestRunParallel.cs(7,12): error CS0246: The type or namespace name 'CollectionBehaviorAttribute' could not be found (are you missing a using directive or an assembly reference?)
C:\gh\azure-sdk-for-net\eng\mgmt\DisableTestRunParallel.cs(7,12): error CS0246: The type or namespace name 'CollectionBehavior' could not be found (are you missing a using directive or an assembly reference?)
C:\gh\azure-sdk-for-net\artifacts\obj\Microsoft.AzureStack.Management.Commerce.Tests\Debug\netcoreapp2.0\.NETCoreApp,Version=v2.0.AssemblyAttributes.cs(4,20): error CS0400: The type or namespace name 'System' could not be found in the global namespace (are you missing an assembly reference?)
C:\gh\azure-sdk-for-net\artifacts\obj\Microsoft.AzureStack.Management.Commerce.Tests\Debug\netcoreapp2.0\Microsoft.AzureStack.Management.Commerce.Tests.AssemblyInfo.cs(14,12): error CS0246: The type or namespace name 'System' could not be found (are you missing a using directive or an assembly reference?)
C:\gh\azure-sdk-for-net\artifacts\obj\Microsoft.AzureStack.Management.Commerce.Tests\Debug\netcoreapp2.0\Microsoft.AzureStack.Management.Commerce.Tests.AssemblyInfo.cs(16,12): error CS0246: The type or namespace name 'System' could not be found (are you missing a using directive or an assembly reference?)
C:\gh\azure-sdk-for-net\artifacts\obj\Microsoft.AzureStack.Management.Commerce.Tests\Debug\netcoreapp2.0\Microsoft.AzureStack.Management.Commerce.Tests.AssemblyInfo.cs(17,12): error CS0246: The type or namespace name 'System' could not be found (are you missing a using directive or an assembly reference?)
C:\gh\azure-sdk-for-net\sdk\azurestack\Microsoft.AzureStack.Management.Commerce.Admin\tests\Properties\AssemblyInfo.cs(5,26): error CS0518: Predefined type 'System.String' is not defined or imported
C:\gh\azure-sdk-for-net\sdk\azurestack\Microsoft.AzureStack.Management.Commerce.Admin\tests\Properties\AssemblyInfo.cs(6,32): error CS0518: Predefined type 'System.String' is not defined or imported
C:\gh\azure-sdk-for-net\sdk\azurestack\Microsoft.AzureStack.Management.Commerce.Admin\tests\Properties\AssemblyInfo.cs(7,34): error CS0518: Predefined type 'System.String' is not defined or imported
C:\gh\azure-sdk-for-net\sdk\azurestack\Microsoft.AzureStack.Management.Commerce.Admin\tests\Properties\AssemblyInfo.cs(8,28): error CS0518: Predefined type 'System.String' is not defined or imported
C:\gh\azure-sdk-for-net\sdk\azurestack\Microsoft.AzureStack.Management.Commerce.Admin\tests\Properties\AssemblyInfo.cs(9,28): error CS0518: Predefined type 'System.String' is not defined or imported
C:\gh\azure-sdk-for-net\sdk\azurestack\Microsoft.AzureStack.Management.Commerce.Admin\tests\Properties\AssemblyInfo.cs(10,30): error CS0518: Predefined type 'System.String' is not defined or imported
C:\gh\azure-sdk-for-net\sdk\azurestack\Microsoft.AzureStack.Management.Commerce.Admin\tests\Properties\AssemblyInfo.cs(11,30): error CS0518: Predefined type 'System.String' is not defined or imported
C:\gh\azure-sdk-for-net\sdk\azurestack\Microsoft.AzureStack.Management.Commerce.Admin\tests\Properties\AssemblyInfo.cs(12,28): error CS0518: Predefined type 'System.String' is not defined or imported
C:\gh\azure-sdk-for-net\sdk\azurestack\Microsoft.AzureStack.Management.Commerce.Admin\tests\Properties\AssemblyInfo.cs(14,23): error CS0518: Predefined type 'System.Boolean' is not defined or imported
C:\gh\azure-sdk-for-net\sdk\azurestack\Microsoft.AzureStack.Management.Commerce.Admin\tests\Properties\AssemblyInfo.cs(16,17): error CS0518: Predefined type 'System.String' is not defined or imported
C:\gh\azure-sdk-for-net\sdk\azurestack\Microsoft.AzureStack.Management.Commerce.Admin\tests\Properties\AssemblyInfo.cs(18,28): error CS0518: Predefined type 'System.String' is not defined or imported
C:\gh\azure-sdk-for-net\sdk\azurestack\Microsoft.AzureStack.Management.Commerce.Admin\tests\Properties\AssemblyInfo.cs(19,32): error CS0518: Predefined type 'System.String' is not defined or imported
C:\gh\azure-sdk-for-net\eng\mgmt\DisableTestRunParallel.cs(7,31): error CS0246: The type or namespace name 'DisableTestParallelization' could not be found (are you missing a using directive or an assembly reference?)
C:\gh\azure-sdk-for-net\eng\mgmt\DisableTestRunParallel.cs(7,60): error CS0518: Predefined type 'System.Boolean' is not defined or imported
C:\gh\azure-sdk-for-net\eng\mgmt\DisableTestRunParallel.cs(7,66): error CS0246: The type or namespace name 'MaxParallelThreads' could not be found (are you missing a using directive or an assembly reference?)
C:\gh\azure-sdk-for-net\eng\mgmt\DisableTestRunParallel.cs(7,87): error CS0518: Predefined type 'System.Int32' is not defined or imported
C:\gh\azure-sdk-for-net\artifacts\obj\Microsoft.AzureStack.Management.Commerce.Tests\Debug\netcoreapp2.0\.NETCoreApp,Version=v2.0.AssemblyAttributes.cs(4,71): error CS0518: Predefined type 'System.String' is not defined or imported
C:\gh\azure-sdk-for-net\artifacts\obj\Microsoft.AzureStack.Management.Commerce.Tests\Debug\netcoreapp2.0\.NETCoreApp,Version=v2.0.AssemblyAttributes.cs(4,99): error CS0246: The type or namespace name 'FrameworkDisplayName' could not be found (are you missing a using directive or an assembly reference?)
C:\gh\azure-sdk-for-net\artifacts\obj\Microsoft.AzureStack.Management.Commerce.Tests\Debug\netcoreapp2.0\.NETCoreApp,Version=v2.0.AssemblyAttributes.cs(4,122): error CS0518: Predefined type 'System.String' is not defined or imported
C:\gh\azure-sdk-for-net\artifacts\obj\Microsoft.AzureStack.Management.Commerce.Tests\Debug\netcoreapp2.0\Microsoft.AzureStack.Management.Commerce.Tests.AssemblyInfo.cs(14,56): error CS0518: Predefined type 'System.String' is not defined or imported
C:\gh\azure-sdk-for-net\artifacts\obj\Microsoft.AzureStack.Management.Commerce.Tests\Debug\netcoreapp2.0\Microsoft.AzureStack.Management.Commerce.Tests.AssemblyInfo.cs(14,70): error CS0518: Predefined type 'System.String' is not defined or imported
C:\gh\azure-sdk-for-net\artifacts\obj\Microsoft.AzureStack.Management.Commerce.Tests\Debug\netcoreapp2.0\Microsoft.AzureStack.Management.Commerce.Tests.AssemblyInfo.cs(15,5): error CS0518: Predefined type 'System.String' is not defined or imported
C:\gh\azure-sdk-for-net\artifacts\obj\Microsoft.AzureStack.Management.Commerce.Tests\Debug\netcoreapp2.0\Microsoft.AzureStack.Management.Commerce.Tests.AssemblyInfo.cs(16,68): error CS0518: Predefined type 'System.String' is not defined or imported
C:\gh\azure-sdk-for-net\artifacts\obj\Microsoft.AzureStack.Management.Commerce.Tests\Debug\netcoreapp2.0\Microsoft.AzureStack.Management.Commerce.Tests.AssemblyInfo.cs(17,56): error CS0518: Predefined type 'System.String' is not defined or imported
C:\gh\azure-sdk-for-net\artifacts\obj\Microsoft.AzureStack.Management.Commerce.Tests\Debug\netcoreapp2.0\Microsoft.AzureStack.Management.Commerce.Tests.AssemblyInfo.cs(17,73): error CS0518: Predefined type 'System.String' is not defined or imported
C:\gh\azure-sdk-for-net\sdk\azurestack\Microsoft.AzureStack.Management.Commerce.Admin\tests\Properties\AssemblyInfo.cs(1,7): error CS0246: The type or namespace name 'System' could not be found (are you missing a using directive or an assembly reference?)
C:\gh\azure-sdk-for-net\sdk\azurestack\Microsoft.AzureStack.Management.Commerce.Admin\tests\Properties\AssemblyInfo.cs(2,7): error CS0246: The type or namespace name 'System' could not be found (are you missing a using directive or an assembly reference?)
C:\gh\azure-sdk-for-net\sdk\azurestack\Microsoft.AzureStack.Management.Commerce.Admin\tests\Properties\AssemblyInfo.cs(3,7): error CS0246: The type or namespace name 'System' could not be found (are you missing a using directive or an assembly reference?)
C:\gh\azure-sdk-for-net\sdk\azurestack\Microsoft.AzureStack.Management.Commerce.Admin\tests\src\Helpers\AzureStackTestBase.cs(5,7): error CS0246: The type or namespace name 'System' could not be found (are you missing a using directive or an assembly reference?)
C:\gh\azure-sdk-for-net\sdk\azurestack\Microsoft.AzureStack.Management.Commerce.Admin\tests\src\Helpers\AzureStackTestBase.cs(6,7): error CS0246: The type or namespace name 'System' could not be found (are you missing a using directive or an assembly reference?)
C:\gh\azure-sdk-for-net\sdk\azurestack\Microsoft.AzureStack.Management.Commerce.Admin\tests\src\Helpers\AzureStackTestBase.cs(8,17): error CS0234: The type or namespace name 'Rest' does not exist in the namespace 'Microsoft' (are you missing an assembly reference?)
C:\gh\azure-sdk-for-net\sdk\azurestack\Microsoft.AzureStack.Management.Commerce.Admin\tests\src\Helpers\CommerceTestBase.cs(7,7): error CS0246: The type or namespace name 'Xunit' could not be found (are you missing a using directive or an assembly reference?)
C:\gh\azure-sdk-for-net\sdk\azurestack\Microsoft.AzureStack.Management.Commerce.Admin\tests\src\Helpers\Common.cs(5,17): error CS0234: The type or namespace name 'Rest' does not exist in the namespace 'Microsoft' (are you missing an assembly reference?)
C:\gh\azure-sdk-for-net\sdk\azurestack\Microsoft.AzureStack.Management.Commerce.Admin\tests\src\Helpers\Common.cs(6,17): error CS0234: The type or namespace name 'Rest' does not exist in the namespace 'Microsoft' (are you missing an assembly reference?)
C:\gh\azure-sdk-for-net\sdk\azurestack\Microsoft.AzureStack.Management.Commerce.Admin\tests\src\Helpers\Common.cs(7,7): error CS0246: The type or namespace name 'System' could not be found (are you missing a using directive or an assembly reference?)
C:\gh\azure-sdk-for-net\sdk\azurestack\Microsoft.AzureStack.Management.Commerce.Admin\tests\src\Helpers\Common.cs(8,7): error CS0246: The type or namespace name 'System' could not be found (are you missing a using directive or an assembly reference?)
C:\gh\azure-sdk-for-net\sdk\azurestack\Microsoft.AzureStack.Management.Commerce.Admin\tests\src\Helpers\Common.cs(9,7): error CS0246: The type or namespace name 'System' could not be found (are you missing a using directive or an assembly reference?)
C:\gh\azure-sdk-for-net\sdk\azurestack\Microsoft.AzureStack.Management.Commerce.Admin\tests\src\Helpers\Common.cs(10,7): error CS0246: The type or namespace name 'System' could not be found (are you missing a using directive or an assembly reference?)
C:\gh\azure-sdk-for-net\sdk\azurestack\Microsoft.AzureStack.Management.Commerce.Admin\tests\src\Helpers\Common.cs(11,7): error CS0246: The type or namespace name 'System' could not be found (are you missing a using directive or an assembly reference?)
C:\gh\azure-sdk-for-net\sdk\azurestack\Microsoft.AzureStack.Management.Commerce.Admin\tests\src\Helpers\Common.cs(12,7): error CS0246: The type or namespace name 'System' could not be found (are you missing a using directive or an assembly reference?)
C:\gh\azure-sdk-for-net\sdk\azurestack\Microsoft.AzureStack.Management.Commerce.Admin\tests\src\Helpers\RecordedDelegatingHandler.cs(4,7): error CS0246: The type or namespace name 'System' could not be found (are you missing a using directive or an assembly reference?)
C:\gh\azure-sdk-for-net\sdk\azurestack\Microsoft.AzureStack.Management.Commerce.Admin\tests\src\Helpers\RecordedDelegatingHandler.cs(5,7): error CS0246: The type or namespace name 'System' could not be found (are you missing a using directive or an assembly reference?)
C:\gh\azure-sdk-for-net\sdk\azurestack\Microsoft.AzureStack.Management.Commerce.Admin\tests\src\Helpers\RecordedDelegatingHandler.cs(6,7): error CS0246: The type or namespace name 'System' could not be found (are you missing a using directive or an assembly reference?)
C:\gh\azure-sdk-for-net\sdk\azurestack\Microsoft.AzureStack.Management.Commerce.Admin\tests\src\Helpers\RecordedDelegatingHandler.cs(7,7): error CS0246: The type or namespace name 'System' could not be found (are you missing a using directive or an assembly reference?)
C:\gh\azure-sdk-for-net\sdk\azurestack\Microsoft.AzureStack.Management.Commerce.Admin\tests\src\Helpers\RecordedDelegatingHandler.cs(8,7): error CS0246: The type or namespace name 'System' could not be found (are you missing a using directive or an assembly reference?)
C:\gh\azure-sdk-for-net\sdk\azurestack\Microsoft.AzureStack.Management.Commerce.Admin\tests\src\SubscriberUsageAggregateTests.cs(8,7): error CS0246: The type or namespace name 'System' could not be found (are you missing a using directive or an assembly reference?)
C:\gh\azure-sdk-for-net\sdk\azurestack\Microsoft.AzureStack.Management.Commerce.Admin\tests\src\SubscriberUsageAggregateTests.cs(9,7): error CS0246: The type or namespace name 'Xunit' could not be found (are you missing a using directive or an assembly reference?)
C:\gh\azure-sdk-for-net\sdk\azurestack\Microsoft.AzureStack.Management.Commerce.Admin\tests\src\UpdateEncryptionTests.cs(8,7): error CS0246: The type or namespace name 'System' could not be found (are you missing a using directive or an assembly reference?)
C:\gh\azure-sdk-for-net\sdk\azurestack\Microsoft.AzureStack.Management.Commerce.Admin\tests\src\UpdateEncryptionTests.cs(9,7): error CS0246: The type or namespace name 'Xunit' could not be found (are you missing a using directive or an assembly reference?)
C:\gh\azure-sdk-for-net\eng\mgmt\DisableTestRunParallel.cs(4,7): error CS0246: The type or namespace name 'System' could not be found (are you missing a using directive or an assembly reference?)
C:\gh\azure-sdk-for-net\eng\mgmt\DisableTestRunParallel.cs(5,7): error CS0246: The type or namespace name 'Xunit' could not be found (are you missing a using directive or an assembly reference?)
C:\gh\azure-sdk-for-net\artifacts\obj\Microsoft.AzureStack.Management.Commerce.Tests\Debug\netcoreapp2.0\.NETCoreApp,Version=v2.0.AssemblyAttributes.cs(2,7): error CS0246: The type or namespace name 'System' could not be found (are you missing a using directive or an assembly reference?)
C:\gh\azure-sdk-for-net\artifacts\obj\Microsoft.AzureStack.Management.Commerce.Tests\Debug\netcoreapp2.0\.NETCoreApp,Version=v2.0.AssemblyAttributes.cs(3,7): error CS0246: The type or namespace name 'System' could not be found (are you missing a using directive or an assembly reference?)
C:\gh\azure-sdk-for-net\artifacts\obj\Microsoft.AzureStack.Management.Commerce.Tests\Debug\netcoreapp2.0\Microsoft.AzureStack.Management.Commerce.Tests.AssemblyInfo.cs(11,7): error CS0246: The type or namespace name 'System' could not be found (are you missing a using directive or an assembly reference?)
C:\gh\azure-sdk-for-net\artifacts\obj\Microsoft.AzureStack.Management.Commerce.Tests\Debug\netcoreapp2.0\Microsoft.AzureStack.Management.Commerce.Tests.AssemblyInfo.cs(12,7): error CS0246: The type or namespace name 'System' could not be found (are you missing a using directive or an assembly reference?)
C:\gh\azure-sdk-for-net\sdk\azurestack\Microsoft.AzureStack.Management.Commerce.Admin\tests\src\SupportedOperationsTest.cs(12,7): error CS0246: The type or namespace name 'System' could not be found (are you missing a using directive or an assembly reference?)
C:\gh\azure-sdk-for-net\sdk\azurestack\Microsoft.AzureStack.Management.Commerce.Admin\tests\src\SupportedOperationsTest.cs(13,7): error CS0246: The type or namespace name 'Xunit' could not be found (are you missing a using directive or an assembly reference?)
C:\gh\azure-sdk-for-net\sdk\azurestack\Microsoft.AzureStack.Management.Commerce.Admin\tests\src\Helpers\AzureStackTestBase.cs(33,19): error CS0518: Predefined type 'System.String' is not defined or imported
C:\gh\azure-sdk-for-net\sdk\azurestack\Microsoft.AzureStack.Management.Commerce.Admin\tests\src\Helpers\Common.cs(238,88): error CS0518: Predefined type 'System.Object' is not defined or imported
C:\gh\azure-sdk-for-net\sdk\azurestack\Microsoft.AzureStack.Management.Commerce.Admin\tests\src\Helpers\Common.cs(238,88): error CS0246: The type or namespace name 'Action<>' could not be found (are you missing a using directive or an assembly reference?)
C:\gh\azure-sdk-for-net\sdk\azurestack\Microsoft.AzureStack.Management.Commerce.Admin\tests\src\SupportedOperationsTest.cs(33,10): error CS0518: Predefined type 'System.Object' is not defined or imported
C:\gh\azure-sdk-for-net\sdk\azurestack\Microsoft.AzureStack.Management.Commerce.Admin\tests\src\SubscriberUsageAggregateTests.cs(40,10): error CS0518: Predefined type 'System.Object' is not defined or imported
C:\gh\azure-sdk-for-net\sdk\azurestack\Microsoft.AzureStack.Management.Commerce.Admin\tests\src\SupportedOperationsTest.cs(33,10): error CS0246: The type or namespace name 'FactAttribute' could not be found (are you missing a using directive or an assembly reference?)
C:\gh\azure-sdk-for-net\sdk\azurestack\Microsoft.AzureStack.Management.Commerce.Admin\tests\src\SubscriberUsageAggregateTests.cs(40,10): error CS0246: The type or namespace name 'FactAttribute' could not be found (are you missing a using directive or an assembly reference?)
C:\gh\azure-sdk-for-net\sdk\azurestack\Microsoft.AzureStack.Management.Commerce.Admin\tests\src\SupportedOperationsTest.cs(33,10): error CS0246: The type or namespace name 'Fact' could not be found (are you missing a using directive or an assembly reference?)
C:\gh\azure-sdk-for-net\sdk\azurestack\Microsoft.AzureStack.Management.Commerce.Admin\tests\src\SubscriberUsageAggregateTests.cs(40,10): error CS0246: The type or namespace name 'Fact' could not be found (are you missing a using directive or an assembly reference?)
C:\gh\azure-sdk-for-net\sdk\azurestack\Microsoft.AzureStack.Management.Commerce.Admin\tests\src\Helpers\AzureStackTestBase.cs(47,37): error CS0518: Predefined type 'System.Object' is not defined or imported
C:\gh\azure-sdk-for-net\sdk\azurestack\Microsoft.AzureStack.Management.Commerce.Admin\tests\src\Helpers\AzureStackTestBase.cs(47,37): error CS0103: The name 'HttpStatusCode' does not exist in the current context
C:\gh\azure-sdk-for-net\sdk\azurestack\Microsoft.AzureStack.Management.Commerce.Admin\tests\src\UpdateEncryptionTests.cs(15,10): error CS0518: Predefined type 'System.Object' is not defined or imported
C:\gh\azure-sdk-for-net\sdk\azurestack\Microsoft.AzureStack.Management.Commerce.Admin\tests\src\UpdateEncryptionTests.cs(15,10): error CS0246: The type or namespace name 'FactAttribute' could not be found (are you missing a using directive or an assembly reference?)
C:\gh\azure-sdk-for-net\sdk\azurestack\Microsoft.AzureStack.Management.Commerce.Admin\tests\src\UpdateEncryptionTests.cs(15,10): error CS0246: The type or namespace name 'Fact' could not be found (are you missing a using directive or an assembly reference?)
C:\gh\azure-sdk-for-net\sdk\azurestack\Microsoft.AzureStack.Management.Commerce.Admin\tests\src\Helpers\AzureStackTestBase.cs(48,14): error CS0518: Predefined type 'System.Object' is not defined or imported
C:\gh\azure-sdk-for-net\sdk\azurestack\Microsoft.AzureStack.Management.Commerce.Admin\tests\src\Helpers\AzureStackTestBase.cs(48,14): error CS0246: The type or namespace name 'System' could not be found (are you missing a using directive or an assembly reference?)
C:\gh\azure-sdk-for-net\sdk\azurestack\Microsoft.AzureStack.Management.Commerce.Admin\tests\src\Helpers\AzureStackTestBase.cs(49,32): error CS0518: Predefined type 'System.String' is not defined or imported
C:\gh\azure-sdk-for-net\sdk\azurestack\Microsoft.AzureStack.Management.Commerce.Admin\tests\src\Helpers\Common.cs(30,34): error CS0518: Predefined type 'System.Int32' is not defined or imported
C:\gh\azure-sdk-for-net\sdk\azurestack\Microsoft.AzureStack.Management.Commerce.Admin\tests\src\Helpers\Common.cs(64,65): error CS0518: Predefined type 'System.String' is not defined or imported
C:\gh\azure-sdk-for-net\sdk\azurestack\Microsoft.AzureStack.Management.Commerce.Admin\tests\src\Helpers\Common.cs(64,96): error CS0518: Predefined type 'System.Boolean' is not defined or imported
C:\gh\azure-sdk-for-net\sdk\azurestack\Microsoft.AzureStack.Management.Commerce.Admin\tests\src\Helpers\RecordedDelegatingHandler.cs(39,57): error CS0518: Predefined type 'System.Void' is not defined or imported
C:\gh\azure-sdk-for-net\sdk\azurestack\Microsoft.AzureStack.Management.Commerce.Admin\tests\src\Helpers\Common.cs(87,75): error CS0518: Predefined type 'System.Int32' is not defined or imported
C:\gh\azure-sdk-for-net\sdk\azurestack\Microsoft.AzureStack.Management.Commerce.Admin\tests\src\Helpers\Common.cs(87,91): error CS0518: Predefined type 'System.Int32' is not defined or imported
C:\gh\azure-sdk-for-net\sdk\azurestack\Microsoft.AzureStack.Management.Commerce.Admin\tests\src\Helpers\Common.cs(87,97): error CS0518: Predefined type 'System.Object' is not defined or imported
C:\gh\azure-sdk-for-net\sdk\azurestack\Microsoft.AzureStack.Management.Commerce.Admin\tests\src\Helpers\Common.cs(107,78): error CS0518: Predefined type 'System.Int32' is not defined or imported
C:\gh\azure-sdk-for-net\sdk\azurestack\Microsoft.AzureStack.Management.Commerce.Admin\tests\src\Helpers\Common.cs(107,94): error CS0518: Predefined type 'System.Int32' is not defined or imported
C:\gh\azure-sdk-for-net\sdk\azurestack\Microsoft.AzureStack.Management.Commerce.Admin\tests\src\Helpers\Common.cs(107,100): error CS0518: Predefined type 'System.Object' is not defined or imported
C:\gh\azure-sdk-for-net\sdk\azurestack\Microsoft.AzureStack.Management.Commerce.Admin\tests\src\Helpers\RecordedDelegatingHandler.cs(41,67): error CS0518: Predefined type 'System.Void' is not defined or imported
C:\gh\azure-sdk-for-net\sdk\azurestack\Microsoft.AzureStack.Management.Commerce.Admin\tests\src\Helpers\Common.cs(119,119): error CS0518: Predefined type 'System.Object' is not defined or imported
C:\gh\azure-sdk-for-net\sdk\azurestack\Microsoft.AzureStack.Management.Commerce.Admin\tests\src\Helpers\Common.cs(119,119): error CS0246: The type or namespace name 'Action<>' could not be found (are you missing a using directive or an assembly reference?)
C:\gh\azure-sdk-for-net\sdk\azurestack\Microsoft.AzureStack.Management.Commerce.Admin\tests\src\Helpers\RecordedDelegatingHandler.cs(43,38): error CS0518: Predefined type 'System.Void' is not defined or imported
C:\gh\azure-sdk-for-net\sdk\azurestack\Microsoft.AzureStack.Management.Commerce.Admin\tests\src\Helpers\RecordedDelegatingHandler.cs(45,57): error CS0518: Predefined type 'System.Void' is not defined or imported
C:\gh\azure-sdk-for-net\sdk\azurestack\Microsoft.AzureStack.Management.Commerce.Admin\tests\src\Helpers\RecordedDelegatingHandler.cs(47,57): error CS0518: Predefined type 'System.Void' is not defined or imported
C:\gh\azure-sdk-for-net\sdk\azurestack\Microsoft.AzureStack.Management.Commerce.Admin\tests\src\Helpers\RecordedDelegatingHandler.cs(49,41): error CS0518: Predefined type 'System.Void' is not defined or imported
C:\gh\azure-sdk-for-net\sdk\azurestack\Microsoft.AzureStack.Management.Commerce.Admin\tests\src\Helpers\RecordedDelegatingHandler.cs(51,31): error CS0518: Predefined type 'System.Void' is not defined or imported
C:\gh\azure-sdk-for-net\sdk\azurestack\Microsoft.AzureStack.Management.Commerce.Admin\tests\src\Helpers\RecordedDelegatingHandler.cs(53,42): error CS0518: Predefined type 'System.Void' is not defined or imported
C:\gh\azure-sdk-for-net\sdk\azurestack\Microsoft.AzureStack.Management.Commerce.Admin\tests\src\Helpers\RecordedDelegatingHandler.cs(39,16): error CS0518: Predefined type 'System.Object' is not defined or imported
C:\gh\azure-sdk-for-net\sdk\azurestack\Microsoft.AzureStack.Management.Commerce.Admin\tests\src\Helpers\RecordedDelegatingHandler.cs(39,16): error CS0246: The type or namespace name 'HttpStatusCode' could not be found (are you missing a using directive or an assembly reference?)
C:\gh\azure-sdk-for-net\sdk\azurestack\Microsoft.AzureStack.Management.Commerce.Admin\tests\src\Helpers\RecordedDelegatingHandler.cs(41,16): error CS0518: Predefined type 'System.Object' is not defined or imported
C:\gh\azure-sdk-for-net\sdk\azurestack\Microsoft.AzureStack.Management.Commerce.Admin\tests\src\Helpers\RecordedDelegatingHandler.cs(41,16): error CS0246: The type or namespace name 'HttpStatusCode' could not be found (are you missing a using directive or an assembly reference?)
C:\gh\azure-sdk-for-net\sdk\azurestack\Microsoft.AzureStack.Management.Commerce.Admin\tests\src\Helpers\RecordedDelegatingHandler.cs(43,16): error CS0518: Predefined type 'System.String' is not defined or imported
C:\gh\azure-sdk-for-net\sdk\azurestack\Microsoft.AzureStack.Management.Commerce.Admin\tests\src\Helpers\RecordedDelegatingHandler.cs(45,16): error CS0518: Predefined type 'System.Object' is not defined or imported
C:\gh\azure-sdk-for-net\sdk\azurestack\Microsoft.AzureStack.Management.Commerce.Admin\tests\src\Helpers\RecordedDelegatingHandler.cs(45,16): error CS0246: The type or namespace name 'HttpRequestHeaders' could not be found (are you missing a using directive or an assembly reference?)
C:\gh\azure-sdk-for-net\sdk\azurestack\Microsoft.AzureStack.Management.Commerce.Admin\tests\src\Helpers\RecordedDelegatingHandler.cs(47,16): error CS0518: Predefined type 'System.Object' is not defined or imported
C:\gh\azure-sdk-for-net\sdk\azurestack\Microsoft.AzureStack.Management.Commerce.Admin\tests\src\Helpers\RecordedDelegatingHandler.cs(47,16): error CS0246: The type or namespace name 'HttpContentHeaders' could not be found (are you missing a using directive or an assembly reference?)
C:\gh\azure-sdk-for-net\sdk\azurestack\Microsoft.AzureStack.Management.Commerce.Admin\tests\src\Helpers\RecordedDelegatingHandler.cs(49,16): error CS0518: Predefined type 'System.Object' is not defined or imported
C:\gh\azure-sdk-for-net\sdk\azurestack\Microsoft.AzureStack.Management.Commerce.Admin\tests\src\Helpers\RecordedDelegatingHandler.cs(49,16): error CS0246: The type or namespace name 'HttpMethod' could not be found (are you missing a using directive or an assembly reference?)
C:\gh\azure-sdk-for-net\sdk\azurestack\Microsoft.AzureStack.Management.Commerce.Admin\tests\src\Helpers\RecordedDelegatingHandler.cs(51,16): error CS0518: Predefined type 'System.Object' is not defined or imported
C:\gh\azure-sdk-for-net\sdk\azurestack\Microsoft.AzureStack.Management.Commerce.Admin\tests\src\Helpers\RecordedDelegatingHandler.cs(51,16): error CS0246: The type or namespace name 'Uri' could not be found (are you missing a using directive or an assembly reference?)
C:\gh\azure-sdk-for-net\sdk\azurestack\Microsoft.AzureStack.Management.Commerce.Admin\tests\src\Helpers\RecordedDelegatingHandler.cs(53,16): error CS0518: Predefined type 'System.Boolean' is not defined or imported
C:\gh\azure-sdk-for-net\sdk\azurestack\Microsoft.AzureStack.Management.Commerce.Admin\tests\src\Helpers\AzureStackTestBase.cs(33,37): error CS0518: Predefined type 'System.String' is not defined or imported
C:\gh\azure-sdk-for-net\sdk\azurestack\Microsoft.AzureStack.Management.Commerce.Admin\tests\src\Helpers\CommerceTestBase.cs(14,16): error CS0518: Predefined type 'System.Void' is not defined or imported
C:\gh\azure-sdk-for-net\sdk\azurestack\Microsoft.AzureStack.Management.Commerce.Admin\tests\src\Helpers\Common.cs(41,20): error CS0518: Predefined type 'System.Object' is not defined or imported
C:\gh\azure-sdk-for-net\sdk\azurestack\Microsoft.AzureStack.Management.Commerce.Admin\tests\src\Helpers\Common.cs(41,54): error CS0518: Predefined type 'System.Object' is not defined or imported
C:\gh\azure-sdk-for-net\sdk\azurestack\Microsoft.AzureStack.Management.Commerce.Admin\tests\src\Helpers\Common.cs(41,54): error CS0246: The type or namespace name 'Uri' could not be found (are you missing a using directive or an assembly reference?)
C:\gh\azure-sdk-for-net\sdk\azurestack\Microsoft.AzureStack.Management.Commerce.Admin\tests\src\Helpers\Common.cs(211,20): error CS0518: Predefined type 'System.Object' is not defined or imported
C:\gh\azure-sdk-for-net\sdk\azurestack\Microsoft.AzureStack.Management.Commerce.Admin\tests\src\Helpers\Common.cs(211,20): error CS0246: The type or namespace name 'DateTimeOffset' could not be found (are you missing a using directive or an assembly reference?)
C:\gh\azure-sdk-for-net\sdk\azurestack\Microsoft.AzureStack.Management.Commerce.Admin\tests\src\Helpers\Common.cs(211,105): error CS0518: Predefined type 'System.Object' is not defined or imported
C:\gh\azure-sdk-for-net\sdk\azurestack\Microsoft.AzureStack.Management.Commerce.Admin\tests\src\Helpers\Common.cs(211,105): error CS0103: The name 'TimeSpan' does not exist in the current context
C:\gh\azure-sdk-for-net\sdk\azurestack\Microsoft.AzureStack.Management.Commerce.Admin\tests\src\Helpers\CommerceTestBase.cs(22,13): error CS0518: Predefined type 'System.Object' is not defined or imported
C:\gh\azure-sdk-for-net\sdk\azurestack\Microsoft.AzureStack.Management.Commerce.Admin\tests\src\Helpers\CommerceTestBase.cs(22,13): error CS0103: The name 'Assert' does not exist in the current context
C:\gh\azure-sdk-for-net\sdk\azurestack\Microsoft.AzureStack.Management.Commerce.Admin\tests\src\Helpers\CommerceTestBase.cs(25,13): error CS0518: Predefined type 'System.Object' is not defined or imported
C:\gh\azure-sdk-for-net\sdk\azurestack\Microsoft.AzureStack.Management.Commerce.Admin\tests\src\Helpers\CommerceTestBase.cs(25,13): error CS0103: The name 'Assert' does not exist in the current context
C:\gh\azure-sdk-for-net\sdk\azurestack\Microsoft.AzureStack.Management.Commerce.Admin\tests\src\Helpers\CommerceTestBase.cs(26,13): error CS0518: Predefined type 'System.Object' is not defined or imported
C:\gh\azure-sdk-for-net\sdk\azurestack\Microsoft.AzureStack.Management.Commerce.Admin\tests\src\Helpers\CommerceTestBase.cs(26,13): error CS0103: The name 'Assert' does not exist in the current context
C:\gh\azure-sdk-for-net\sdk\azurestack\Microsoft.AzureStack.Management.Commerce.Admin\tests\src\Helpers\CommerceTestBase.cs(26,35): error CS0518: Predefined type 'System.String' is not defined or imported
C:\gh\azure-sdk-for-net\sdk\azurestack\Microsoft.AzureStack.Management.Commerce.Admin\tests\src\Helpers\RecordedDelegatingHandler.cs(25,34): error CS0518: Predefined type 'System.Object' is not defined or imported
C:\gh\azure-sdk-for-net\sdk\azurestack\Microsoft.AzureStack.Management.Commerce.Admin\tests\src\Helpers\RecordedDelegatingHandler.cs(25,34): error CS0103: The name 'HttpStatusCode' does not exist in the current context
C:\gh\azure-sdk-for-net\sdk\azurestack\Microsoft.AzureStack.Management.Commerce.Admin\tests\src\UpdateEncryptionTests.cs(17,13): error CS0518: Predefined type 'System.Object' is not defined or imported
C:\gh\azure-sdk-for-net\sdk\azurestack\Microsoft.AzureStack.Management.Commerce.Admin\tests\src\Helpers\Common.cs(219,31): error CS0518: Predefined type 'System.Object' is not defined or imported
C:\gh\azure-sdk-for-net\sdk\azurestack\Microsoft.AzureStack.Management.Commerce.Admin\tests\src\Helpers\Common.cs(219,31): error CS0103: The name 'TimeSpan' does not exist in the current context
C:\gh\azure-sdk-for-net\sdk\azurestack\Microsoft.AzureStack.Management.Commerce.Admin\tests\src\Helpers\Common.cs(219,49): error CS0518: Predefined type 'System.Int32' is not defined or imported
C:\gh\azure-sdk-for-net\sdk\azurestack\Microsoft.AzureStack.Management.Commerce.Admin\tests\src\Helpers\Common.cs(53,31): error CS0518: Predefined type 'System.Object' is not defined or imported
C:\gh\azure-sdk-for-net\sdk\azurestack\Microsoft.AzureStack.Management.Commerce.Admin\tests\src\Helpers\Common.cs(53,31): error CS0246: The type or namespace name 'HttpRequestMessage' could not be found (are you missing a using directive or an assembly reference?)
C:\gh\azure-sdk-for-net\sdk\azurestack\Microsoft.AzureStack.Management.Commerce.Admin\tests\src\Helpers\Common.cs(53,50): error CS0518: Predefined type 'System.Object' is not defined or imported
C:\gh\azure-sdk-for-net\sdk\azurestack\Microsoft.AzureStack.Management.Commerce.Admin\tests\src\Helpers\Common.cs(53,50): error CS0103: The name 'HttpMethod' does not exist in the current context
C:\gh\azure-sdk-for-net\sdk\azurestack\Microsoft.AzureStack.Management.Commerce.Admin\tests\src\Helpers\Common.cs(54,52): error CS0518: Predefined type 'System.Object' is not defined or imported
C:\gh\azure-sdk-for-net\sdk\azurestack\Microsoft.AzureStack.Management.Commerce.Admin\tests\src\Helpers\Common.cs(54,52): error CS0103: The name 'System' does not exist in the current context
C:\gh\azure-sdk-for-net\sdk\azurestack\Microsoft.AzureStack.Management.Commerce.Admin\tests\src\Helpers\RecordedDelegatingHandler.cs(34,34): error CS0518: Predefined type 'System.Object' is not defined or imported
C:\gh\azure-sdk-for-net\sdk\azurestack\Microsoft.AzureStack.Management.Commerce.Admin\tests\src\Helpers\RecordedDelegatingHandler.cs(34,34): error CS0103: The name 'HttpStatusCode' does not exist in the current context
C:\gh\azure-sdk-for-net\sdk\azurestack\Microsoft.AzureStack.Management.Commerce.Admin\tests\src\Helpers\Common.cs(228,20): error CS0518: Predefined type 'System.Object' is not defined or imported
C:\gh\azure-sdk-for-net\sdk\azurestack\Microsoft.AzureStack.Management.Commerce.Admin\tests\src\Helpers\Common.cs(228,20): error CS0246: The type or namespace name 'DateTimeOffset' could not be found (are you missing a using directive or an assembly reference?)
C:\gh\azure-sdk-for-net\sdk\azurestack\Microsoft.AzureStack.Management.Commerce.Admin\tests\src\Helpers\Common.cs(253,13): error CS0518: Predefined type 'System.Boolean' is not defined or imported
C:\gh\azure-sdk-for-net\sdk\azurestack\Microsoft.AzureStack.Management.Commerce.Admin\tests\src\Helpers\Common.cs(253,13): error CS0518: Predefined type 'System.Boolean' is not defined or imported
C:\gh\azure-sdk-for-net\sdk\azurestack\Microsoft.AzureStack.Management.Commerce.Admin\tests\src\Helpers\AzureStackTestBase.cs(51,13): error CS0518: Predefined type 'System.Object' is not defined or imported
C:\gh\azure-sdk-for-net\sdk\azurestack\Microsoft.AzureStack.Management.Commerce.Admin\tests\src\Helpers\AzureStackTestBase.cs(51,13): error CS0246: The type or namespace name 'Exception' could not be found (are you missing a using directive or an assembly reference?)
C:\gh\azure-sdk-for-net\sdk\azurestack\Microsoft.AzureStack.Management.Commerce.Admin\tests\src\Helpers\AzureStackTestBase.cs(55,35): error CS0518: Predefined type 'System.Object' is not defined or imported
C:\gh\azure-sdk-for-net\sdk\azurestack\Microsoft.AzureStack.Management.Commerce.Admin\tests\src\Helpers\AzureStackTestBase.cs(56,41): error CS0518: Predefined type 'System.Boolean' is not defined or imported
C:\gh\azure-sdk-for-net\sdk\azurestack\Microsoft.AzureStack.Management.Commerce.Admin\tests\src\Helpers\AzureStackTestBase.cs(58,17): error CS0518: Predefined type 'System.IDisposable' is not defined or imported
C:\gh\azure-sdk-for-net\sdk\azurestack\Microsoft.AzureStack.Management.Commerce.Admin\tests\src\Helpers\AzureStackTestBase.cs(58,24): error CS0518: Predefined type 'System.Object' is not defined or imported
C:\gh\azure-sdk-for-net\sdk\azurestack\Microsoft.AzureStack.Management.Commerce.Admin\tests\src\Helpers\AzureStackTestBase.cs(58,24): error CS0246: The type or namespace name 'MockContext' could not be found (are you missing a using directive or an assembly reference?)
C:\gh\azure-sdk-for-net\sdk\azurestack\Microsoft.AzureStack.Management.Commerce.Admin\tests\src\Helpers\AzureStackTestBase.cs(58,46): error CS0518: Predefined type 'System.Object' is not defined or imported
C:\gh\azure-sdk-for-net\sdk\azurestack\Microsoft.AzureStack.Management.Commerce.Admin\tests\src\Helpers\AzureStackTestBase.cs(58,46): error CS0103: The name 'MockContext' does not exist in the current context
C:\gh\azure-sdk-for-net\sdk\azurestack\Microsoft.AzureStack.Management.Commerce.Admin\tests\src\Helpers\AzureStackTestBase.cs(58,64): error CS0518: Predefined type 'System.Type' is not defined or imported
C:\gh\azure-sdk-for-net\sdk\azurestack\Microsoft.AzureStack.Management.Commerce.Admin\tests\src\Helpers\AzureStackTestBase.cs(61,21): error CS0518: Predefined type 'System.Object' is not defined or imported
C:\gh\azure-sdk-for-net\sdk\azurestack\Microsoft.AzureStack.Management.Commerce.Admin\tests\src\Helpers\AzureStackTestBase.cs(61,21): error CS0518: Predefined type 'System.Object' is not defined or imported
C:\gh\azure-sdk-for-net\sdk\azurestack\Microsoft.AzureStack.Management.Commerce.Admin\tests\src\Helpers\AzureStackTestBase.cs(68,20): error CS0518: Predefined type 'System.Object' is not defined or imported
C:\gh\azure-sdk-for-net\sdk\azurestack\Microsoft.AzureStack.Management.Commerce.Admin\tests\src\Helpers\AzureStackTestBase.cs(68,20): error CS0246: The type or namespace name 'Exception' could not be found (are you missing a using directive or an assembly reference?)
C:\gh\azure-sdk-for-net\sdk\azurestack\Microsoft.AzureStack.Management.Commerce.Admin\tests\src\Helpers\AzureStackTestBase.cs(74,21): error CS0518: Predefined type 'System.Boolean' is not defined or imported
C:\gh\azure-sdk-for-net\sdk\azurestack\Microsoft.AzureStack.Management.Commerce.Admin\tests\src\Helpers\AzureStackTestBase.cs(74,21): error CS0518: Predefined type 'System.Boolean' is not defined or imported
C:\gh\azure-sdk-for-net\sdk\azurestack\Microsoft.AzureStack.Management.Commerce.Admin\tests\src\Helpers\AzureStackTestBase.cs(76,31): error CS0518: Predefined type 'System.Object' is not defined or imported
C:\gh\azure-sdk-for-net\sdk\azurestack\Microsoft.AzureStack.Management.Commerce.Admin\tests\src\Helpers\AzureStackTestBase.cs(76,31): error CS0246: The type or namespace name 'Exception' could not be found (are you missing a using directive or an assembly reference?)
C:\gh\azure-sdk-for-net\sdk\azurestack\Microsoft.AzureStack.Management.Commerce.Admin\tests\src\Helpers\AzureStackTestBase.cs(76,41): error CS0518: Predefined type 'System.String' is not defined or imported
C:\gh\azure-sdk-for-net\sdk\azurestack\Microsoft.AzureStack.Management.Commerce.Admin\tests\src\Helpers\Common.cs(65,13): error CS0518: Predefined type 'System.Object' is not defined or imported
C:\gh\azure-sdk-for-net\sdk\azurestack\Microsoft.AzureStack.Management.Commerce.Admin\tests\src\Helpers\Common.cs(65,13): error CS0246: The type or namespace name 'StringBuilder' could not be found (are you missing a using directive or an assembly reference?)
C:\gh\azure-sdk-for-net\sdk\azurestack\Microsoft.AzureStack.Management.Commerce.Admin\tests\src\Helpers\Common.cs(65,36): error CS0518: Predefined type 'System.Object' is not defined or imported
C:\gh\azure-sdk-for-net\sdk\azurestack\Microsoft.AzureStack.Management.Commerce.Admin\tests\src\Helpers\Common.cs(65,36): error CS0246: The type or namespace name 'StringBuilder' could not be found (are you missing a using directive or an assembly reference?)
C:\gh\azure-sdk-for-net\sdk\azurestack\Microsoft.AzureStack.Management.Commerce.Admin\tests\src\Helpers\Common.cs(66,17): error CS0518: Predefined type 'System.Boolean' is not defined or imported
C:\gh\azure-sdk-for-net\sdk\azurestack\Microsoft.AzureStack.Management.Commerce.Admin\tests\src\Helpers\Common.cs(68,27): error CS0518: Predefined type 'System.Object' is not defined or imported
C:\gh\azure-sdk-for-net\sdk\azurestack\Microsoft.AzureStack.Management.Commerce.Admin\tests\src\Helpers\Common.cs(68,27): error CS0103: The name 'Guid' does not exist in the current context
C:\gh\azure-sdk-for-net\sdk\azurestack\Microsoft.AzureStack.Management.Commerce.Admin\tests\src\Helpers\Common.cs(72,17): error CS0518: Predefined type 'System.Object' is not defined or imported
C:\gh\azure-sdk-for-net\sdk\azurestack\Microsoft.AzureStack.Management.Commerce.Admin\tests\src\Helpers\Common.cs(72,17): error CS0246: The type or namespace name 'Random' could not be found (are you missing a using directive or an assembly reference?)
C:\gh\azure-sdk-for-net\sdk\azurestack\Microsoft.AzureStack.Management.Commerce.Admin\tests\src\Helpers\Common.cs(72,35): error CS0518: Predefined type 'System.Object' is not defined or imported
C:\gh\azure-sdk-for-net\sdk\azurestack\Microsoft.AzureStack.Management.Commerce.Admin\tests\src\Helpers\Common.cs(72,35): error CS0246: The type or namespace name 'Random' could not be found (are you missing a using directive or an assembly reference?)
C:\gh\azure-sdk-for-net\sdk\azurestack\Microsoft.AzureStack.Management.Commerce.Admin\tests\src\Helpers\Common.cs(73,22): error CS0518: Predefined type 'System.Int32' is not defined or imported
C:\gh\azure-sdk-for-net\sdk\azurestack\Microsoft.AzureStack.Management.Commerce.Admin\tests\src\Helpers\Common.cs(73,30): error CS0518: Predefined type 'System.Int32' is not defined or imported
C:\gh\azure-sdk-for-net\sdk\azurestack\Microsoft.AzureStack.Management.Commerce.Admin\tests\src\Helpers\Common.cs(73,33): error CS0518: Predefined type 'System.Boolean' is not defined or imported
C:\gh\azure-sdk-for-net\sdk\azurestack\Microsoft.AzureStack.Management.Commerce.Admin\tests\src\Helpers\Common.cs(73,33): error CS0518: Predefined type 'System.Boolean' is not defined or imported
C:\gh\azure-sdk-for-net\sdk\azurestack\Microsoft.AzureStack.Management.Commerce.Admin\tests\src\Helpers\AzureStackTestBase.cs(83,20): error CS0518: Predefined type 'System.Object' is not defined or imported
C:\gh\azure-sdk-for-net\sdk\azurestack\Microsoft.AzureStack.Management.Commerce.Admin\tests\src\Helpers\AzureStackTestBase.cs(83,20): error CS0246: The type or namespace name 'Exception' could not be found (are you missing a using directive or an assembly reference?)
C:\gh\azure-sdk-for-net\sdk\azurestack\Microsoft.AzureStack.Management.Commerce.Admin\tests\src\Helpers\AzureStackTestBase.cs(16,27): error CS1729: 'object' does not contain a constructor that takes 0 arguments
C:\gh\azure-sdk-for-net\sdk\azurestack\Microsoft.AzureStack.Management.Commerce.Admin\tests\src\Helpers\Common.cs(272,9): error CS0518: Predefined type 'System.Object' is not defined or imported
C:\gh\azure-sdk-for-net\sdk\azurestack\Microsoft.AzureStack.Management.Commerce.Admin\tests\src\Helpers\Common.cs(272,9): error CS0246: The type or namespace name 'List<>' could not be found (are you missing a using directive or an assembly reference?)
C:\gh\azure-sdk-for-net\sdk\azurestack\Microsoft.AzureStack.Management.Commerce.Admin\tests\src\Helpers\Common.cs(272,30): error CS0518: Predefined type 'System.Object' is not defined or imported
C:\gh\azure-sdk-for-net\sdk\azurestack\Microsoft.AzureStack.Management.Commerce.Admin\tests\src\Helpers\Common.cs(272,30): error CS0246: The type or namespace name 'List<>' could not be found (are you missing a using directive or an assembly reference?)
C:\gh\azure-sdk-for-net\sdk\azurestack\Microsoft.AzureStack.Management.Commerce.Admin\tests\src\Helpers\Common.cs(273,9): error CS0518: Predefined type 'System.Object' is not defined or imported
C:\gh\azure-sdk-for-net\sdk\azurestack\Microsoft.AzureStack.Management.Commerce.Admin\tests\src\Helpers\Common.cs(273,31): error CS0518: Predefined type 'System.Object' is not defined or imported
C:\gh\azure-sdk-for-net\sdk\azurestack\Microsoft.AzureStack.Management.Commerce.Admin\tests\src\Helpers\Common.cs(88,30): error CS0518: Predefined type 'System.Int32' is not defined or imported
C:\gh\azure-sdk-for-net\sdk\azurestack\Microsoft.AzureStack.Management.Commerce.Admin\tests\src\Helpers\Common.cs(88,20): error CS0518: Predefined type 'System.Boolean' is not defined or imported
C:\gh\azure-sdk-for-net\sdk\azurestack\Microsoft.AzureStack.Management.Commerce.Admin\tests\src\Helpers\Common.cs(88,20): error CS0518: Predefined type 'System.Boolean' is not defined or imported
C:\gh\azure-sdk-for-net\sdk\azurestack\Microsoft.AzureStack.Management.Commerce.Admin\tests\src\Helpers\Common.cs(90,21): error CS0518: Predefined type 'System.Boolean' is not defined or imported
C:\gh\azure-sdk-for-net\sdk\azurestack\Microsoft.AzureStack.Management.Commerce.Admin\tests\src\Helpers\Common.cs(95,17): error CS0518: Predefined type 'System.Object' is not defined or imported
C:\gh\azure-sdk-for-net\sdk\azurestack\Microsoft.AzureStack.Management.Commerce.Admin\tests\src\Helpers\Common.cs(95,17): error CS0103: The name 'System' does not exist in the current context
C:\gh\azure-sdk-for-net\sdk\azurestack\Microsoft.AzureStack.Management.Commerce.Admin\tests\src\Helpers\Common.cs(97,31): error CS0518: Predefined type 'System.Int32' is not defined or imported
C:\gh\azure-sdk-for-net\sdk\azurestack\Microsoft.AzureStack.Management.Commerce.Admin\tests\src\Helpers\Common.cs(97,20): error CS0518: Predefined type 'System.Boolean' is not defined or imported
C:\gh\azure-sdk-for-net\sdk\azurestack\Microsoft.AzureStack.Management.Commerce.Admin\tests\src\SupportedOperationsTest.cs(19,13): error CS0518: Predefined type 'System.Object' is not defined or imported
C:\gh\azure-sdk-for-net\sdk\azurestack\Microsoft.AzureStack.Management.Commerce.Admin\tests\src\SupportedOperationsTest.cs(19,13): error CS0103: The name 'Assert' does not exist in the current context
C:\gh\azure-sdk-for-net\sdk\azurestack\Microsoft.AzureStack.Management.Commerce.Admin\tests\src\SupportedOperationsTest.cs(20,13): error CS0518: Predefined type 'System.Object' is not defined or imported
C:\gh\azure-sdk-for-net\sdk\azurestack\Microsoft.AzureStack.Management.Commerce.Admin\tests\src\SupportedOperationsTest.cs(20,13): error CS0103: The name 'Assert' does not exist in the current context
C:\gh\azure-sdk-for-net\sdk\azurestack\Microsoft.AzureStack.Management.Commerce.Admin\tests\src\SupportedOperationsTest.cs(20,36): error CS0518: Predefined type 'System.String' is not defined or imported
C:\gh\azure-sdk-for-net\sdk\azurestack\Microsoft.AzureStack.Management.Commerce.Admin\tests\src\SupportedOperationsTest.cs(21,13): error CS0518: Predefined type 'System.Object' is not defined or imported
C:\gh\azure-sdk-for-net\sdk\azurestack\Microsoft.AzureStack.Management.Commerce.Admin\tests\src\SupportedOperationsTest.cs(21,13): error CS0103: The name 'Assert' does not exist in the current context
C:\gh\azure-sdk-for-net\sdk\azurestack\Microsoft.AzureStack.Management.Commerce.Admin\tests\src\SupportedOperationsTest.cs(21,36): error CS0518: Predefined type 'System.String' is not defined or imported
C:\gh\azure-sdk-for-net\sdk\azurestack\Microsoft.AzureStack.Management.Commerce.Admin\tests\src\SupportedOperationsTest.cs(22,13): error CS0518: Predefined type 'System.Object' is not defined or imported
C:\gh\azure-sdk-for-net\sdk\azurestack\Microsoft.AzureStack.Management.Commerce.Admin\tests\src\SupportedOperationsTest.cs(22,13): error CS0103: The name 'Assert' does not exist in the current context
C:\gh\azure-sdk-for-net\sdk\azurestack\Microsoft.AzureStack.Management.Commerce.Admin\tests\src\SupportedOperationsTest.cs(22,36): error CS0518: Predefined type 'System.String' is not defined or imported
C:\gh\azure-sdk-for-net\sdk\azurestack\Microsoft.AzureStack.Management.Commerce.Admin\tests\src\SupportedOperationsTest.cs(23,13): error CS0518: Predefined type 'System.Object' is not defined or imported
C:\gh\azure-sdk-for-net\sdk\azurestack\Microsoft.AzureStack.Management.Commerce.Admin\tests\src\SupportedOperationsTest.cs(23,13): error CS0103: The name 'Assert' does not exist in the current context
C:\gh\azure-sdk-for-net\sdk\azurestack\Microsoft.AzureStack.Management.Commerce.Admin\tests\src\SupportedOperationsTest.cs(23,36): error CS0518: Predefined type 'System.String' is not defined or imported
C:\gh\azure-sdk-for-net\sdk\azurestack\Microsoft.AzureStack.Management.Commerce.Admin\tests\src\Helpers\Common.cs(108,13): error CS0518: Predefined type 'System.Object' is not defined or imported
C:\gh\azure-sdk-for-net\sdk\azurestack\Microsoft.AzureStack.Management.Commerce.Admin\tests\src\Helpers\Common.cs(108,13): error CS0246: The type or namespace name 'Func<>' could not be found (are you missing a using directive or an assembly reference?)
C:\gh\azure-sdk-for-net\sdk\azurestack\Microsoft.AzureStack.Management.Commerce.Admin\tests\src\Helpers\Common.cs(108,18): error CS0518: Predefined type 'System.Boolean' is not defined or imported
C:\gh\azure-sdk-for-net\sdk\azurestack\Microsoft.AzureStack.Management.Commerce.Admin\tests\src\Helpers\Common.cs(109,20): error CS0518: Predefined type 'System.Object' is not defined or imported
C:\gh\azure-sdk-for-net\sdk\azurestack\Microsoft.AzureStack.Management.Commerce.Admin\tests\src\SupportedOperationsTest.cs(27,13): error CS0518: Predefined type 'System.Object' is not defined or imported
C:\gh\azure-sdk-for-net\sdk\azurestack\Microsoft.AzureStack.Management.Commerce.Admin\tests\src\SupportedOperationsTest.cs(27,13): error CS0103: The name 'Assert' does not exist in the current context
C:\gh\azure-sdk-for-net\sdk\azurestack\Microsoft.AzureStack.Management.Commerce.Admin\tests\src\SupportedOperationsTest.cs(28,13): error CS0518: Predefined type 'System.Object' is not defined or imported
C:\gh\azure-sdk-for-net\sdk\azurestack\Microsoft.AzureStack.Management.Commerce.Admin\tests\src\SupportedOperationsTest.cs(28,13): error CS0103: The name 'Assert' does not exist in the current context
C:\gh\azure-sdk-for-net\sdk\azurestack\Microsoft.AzureStack.Management.Commerce.Admin\tests\src\SupportedOperationsTest.cs(28,31): error CS0518: Predefined type 'System.String' is not defined or imported
C:\gh\azure-sdk-for-net\sdk\azurestack\Microsoft.AzureStack.Management.Commerce.Admin\tests\src\SupportedOperationsTest.cs(29,13): error CS0518: Predefined type 'System.Object' is not defined or imported
C:\gh\azure-sdk-for-net\sdk\azurestack\Microsoft.AzureStack.Management.Commerce.Admin\tests\src\Helpers\RecordedDelegatingHandler.cs(60,17): error CS0518: Predefined type 'System.Boolean' is not defined or imported
C:\gh\azure-sdk-for-net\sdk\azurestack\Microsoft.AzureStack.Management.Commerce.Admin\tests\src\Helpers\RecordedDelegatingHandler.cs(60,17): error CS0518: Predefined type 'System.Boolean' is not defined or imported
C:\gh\azure-sdk-for-net\sdk\azurestack\Microsoft.AzureStack.Management.Commerce.Admin\tests\src\Helpers\RecordedDelegatingHandler.cs(62,27): error CS0518: Predefined type 'System.String' is not defined or imported
C:\gh\azure-sdk-for-net\sdk\azurestack\Microsoft.AzureStack.Management.Commerce.Admin\tests\src\Helpers\RecordedDelegatingHandler.cs(69,17): error CS0518: Predefined type 'System.Boolean' is not defined or imported
C:\gh\azure-sdk-for-net\sdk\azurestack\Microsoft.AzureStack.Management.Commerce.Admin\tests\src\Helpers\RecordedDelegatingHandler.cs(69,17): error CS0518: Predefined type 'System.Boolean' is not defined or imported
C:\gh\azure-sdk-for-net\sdk\azurestack\Microsoft.AzureStack.Management.Commerce.Admin\tests\src\Helpers\RecordedDelegatingHandler.cs(77,17): error CS0518: Predefined type 'System.Boolean' is not defined or imported
C:\gh\azure-sdk-for-net\sdk\azurestack\Microsoft.AzureStack.Management.Commerce.Admin\tests\src\Helpers\RecordedDelegatingHandler.cs(83,21): error CS0518: Predefined type 'System.Boolean' is not defined or imported
C:\gh\azure-sdk-for-net\sdk\azurestack\Microsoft.AzureStack.Management.Commerce.Admin\tests\src\Helpers\RecordedDelegatingHandler.cs(83,53): error CS0518: Predefined type 'System.Int32' is not defined or imported
C:\gh\azure-sdk-for-net\sdk\azurestack\Microsoft.AzureStack.Management.Commerce.Admin\tests\src\Helpers\RecordedDelegatingHandler.cs(83,42): error CS0518: Predefined type 'System.Boolean' is not defined or imported
C:\gh\azure-sdk-for-net\sdk\azurestack\Microsoft.AzureStack.Management.Commerce.Admin\tests\src\Helpers\RecordedDelegatingHandler.cs(83,21): error CS0518: Predefined type 'System.Boolean' is not defined or imported
C:\gh\azure-sdk-for-net\sdk\azurestack\Microsoft.AzureStack.Management.Commerce.Admin\tests\src\Helpers\RecordedDelegatingHandler.cs(90,35): error CS0518: Predefined type 'System.Int32' is not defined or imported
C:\gh\azure-sdk-for-net\sdk\azurestack\Microsoft.AzureStack.Management.Commerce.Admin\tests\src\Helpers\RecordedDelegatingHandler.cs(90,25): error CS0518: Predefined type 'System.Boolean' is not defined or imported
C:\gh\azure-sdk-for-net\sdk\azurestack\Microsoft.AzureStack.Management.Commerce.Admin\tests\src\Helpers\RecordedDelegatingHandler.cs(90,25): error CS0518: Predefined type 'System.Boolean' is not defined or imported
C:\gh\azure-sdk-for-net\sdk\azurestack\Microsoft.AzureStack.Management.Commerce.Admin\tests\src\Helpers\RecordedDelegatingHandler.cs(92,21): error CS0518: Predefined type 'System.Object' is not defined or imported
C:\gh\azure-sdk-for-net\sdk\azurestack\Microsoft.AzureStack.Management.Commerce.Admin\tests\src\Helpers\RecordedDelegatingHandler.cs(92,21): error CS0246: The type or namespace name 'HttpResponseMessage' could not be found (are you missing a using directive or an assembly reference?)
C:\gh\azure-sdk-for-net\sdk\azurestack\Microsoft.AzureStack.Management.Commerce.Admin\tests\src\Helpers\RecordedDelegatingHandler.cs(92,56): error CS0518: Predefined type 'System.Object' is not defined or imported
C:\gh\azure-sdk-for-net\sdk\azurestack\Microsoft.AzureStack.Management.Commerce.Admin\tests\src\Helpers\RecordedDelegatingHandler.cs(92,56): error CS0246: The type or namespace name 'HttpResponseMessage' could not be found (are you missing a using directive or an assembly reference?)
C:\gh\azure-sdk-for-net\sdk\azurestack\Microsoft.AzureStack.Management.Commerce.Admin\tests\src\Helpers\RecordedDelegatingHandler.cs(93,44): error CS0518: Predefined type 'System.Object' is not defined or imported
C:\gh\azure-sdk-for-net\sdk\azurestack\Microsoft.AzureStack.Management.Commerce.Admin\tests\src\Helpers\RecordedDelegatingHandler.cs(93,44): error CS0246: The type or namespace name 'StringContent' could not be found (are you missing a using directive or an assembly reference?)
C:\gh\azure-sdk-for-net\sdk\azurestack\Microsoft.AzureStack.Management.Commerce.Admin\tests\src\Helpers\RecordedDelegatingHandler.cs(93,58): error CS0518: Predefined type 'System.String' is not defined or imported
C:\gh\azure-sdk-for-net\sdk\azurestack\Microsoft.AzureStack.Management.Commerce.Admin\tests\src\Helpers\Common.cs(125,21): error CS0518: Predefined type 'System.String' is not defined or imported
C:\gh\azure-sdk-for-net\sdk\azurestack\Microsoft.AzureStack.Management.Commerce.Admin\tests\src\Helpers\Common.cs(125,21): error CS0518: Predefined type 'System.Boolean' is not defined or imported
C:\gh\azure-sdk-for-net\sdk\azurestack\Microsoft.AzureStack.Management.Commerce.Admin\tests\src\SubscriberUsageAggregateTests.cs(18,13): error CS0518: Predefined type 'System.Object' is not defined or imported
C:\gh\azure-sdk-for-net\sdk\azurestack\Microsoft.AzureStack.Management.Commerce.Admin\tests\src\SubscriberUsageAggregateTests.cs(18,13): error CS0103: The name 'Assert' does not exist in the current context
C:\gh\azure-sdk-for-net\sdk\azurestack\Microsoft.AzureStack.Management.Commerce.Admin\tests\src\SubscriberUsageAggregateTests.cs(19,13): error CS0518: Predefined type 'System.Object' is not defined or imported
C:\gh\azure-sdk-for-net\sdk\azurestack\Microsoft.AzureStack.Management.Commerce.Admin\tests\src\SubscriberUsageAggregateTests.cs(19,13): error CS0103: The name 'Assert' does not exist in the current context
C:\gh\azure-sdk-for-net\sdk\azurestack\Microsoft.AzureStack.Management.Commerce.Admin\tests\src\SubscriberUsageAggregateTests.cs(19,31): error CS0518: Predefined type 'System.String' is not defined or imported
C:\gh\azure-sdk-for-net\sdk\azurestack\Microsoft.AzureStack.Management.Commerce.Admin\tests\src\SubscriberUsageAggregateTests.cs(20,13): error CS0518: Predefined type 'System.Object' is not defined or imported
C:\gh\azure-sdk-for-net\sdk\azurestack\Microsoft.AzureStack.Management.Commerce.Admin\tests\src\SubscriberUsageAggregateTests.cs(20,13): error CS0103: The name 'Assert' does not exist in the current context
C:\gh\azure-sdk-for-net\sdk\azurestack\Microsoft.AzureStack.Management.Commerce.Admin\tests\src\SubscriberUsageAggregateTests.cs(20,31): error CS0518: Predefined type 'System.String' is not defined or imported
C:\gh\azure-sdk-for-net\sdk\azurestack\Microsoft.AzureStack.Management.Commerce.Admin\tests\src\SubscriberUsageAggregateTests.cs(21,13): error CS0518: Predefined type 'System.Object' is not defined or imported
C:\gh\azure-sdk-for-net\sdk\azurestack\Microsoft.AzureStack.Management.Commerce.Admin\tests\src\SubscriberUsageAggregateTests.cs(21,13): error CS0103: The name 'Assert' does not exist in the current context
C:\gh\azure-sdk-for-net\sdk\azurestack\Microsoft.AzureStack.Management.Commerce.Admin\tests\src\SubscriberUsageAggregateTests.cs(21,31): error CS0518: Predefined type 'System.String' is not defined or imported
C:\gh\azure-sdk-for-net\sdk\azurestack\Microsoft.AzureStack.Management.Commerce.Admin\tests\src\SubscriberUsageAggregateTests.cs(22,13): error CS0518: Predefined type 'System.Object' is not defined or imported
C:\gh\azure-sdk-for-net\sdk\azurestack\Microsoft.AzureStack.Management.Commerce.Admin\tests\src\SubscriberUsageAggregateTests.cs(22,13): error CS0103: The name 'Assert' does not exist in the current context
C:\gh\azure-sdk-for-net\sdk\azurestack\Microsoft.AzureStack.Management.Commerce.Admin\tests\src\SubscriberUsageAggregateTests.cs(22,31): error CS0518: Predefined type 'System.String' is not defined or imported
C:\gh\azure-sdk-for-net\sdk\azurestack\Microsoft.AzureStack.Management.Commerce.Admin\tests\src\SubscriberUsageAggregateTests.cs(23,13): error CS0518: Predefined type 'System.Object' is not defined or imported
C:\gh\azure-sdk-for-net\sdk\azurestack\Microsoft.AzureStack.Management.Commerce.Admin\tests\src\SubscriberUsageAggregateTests.cs(23,13): error CS0103: The name 'Assert' does not exist in the current context
C:\gh\azure-sdk-for-net\sdk\azurestack\Microsoft.AzureStack.Management.Commerce.Admin\tests\src\SubscriberUsageAggregateTests.cs(23,31): error CS0518: Predefined type 'System.String' is not defined or imported
C:\gh\azure-sdk-for-net\sdk\azurestack\Microsoft.AzureStack.Management.Commerce.Admin\tests\src\SubscriberUsageAggregateTests.cs(24,13): error CS0518: Predefined type 'System.Object' is not defined or imported
C:\gh\azure-sdk-for-net\sdk\azurestack\Microsoft.AzureStack.Management.Commerce.Admin\tests\src\SubscriberUsageAggregateTests.cs(24,13): error CS0103: The name 'Assert' does not exist in the current context
C:\gh\azure-sdk-for-net\sdk\azurestack\Microsoft.AzureStack.Management.Commerce.Admin\tests\src\SubscriberUsageAggregateTests.cs(24,31): error CS0518: Predefined type 'System.String' is not defined or imported
C:\gh\azure-sdk-for-net\sdk\azurestack\Microsoft.AzureStack.Management.Commerce.Admin\tests\src\SubscriberUsageAggregateTests.cs(25,13): error CS0518: Predefined type 'System.Object' is not defined or imported
C:\gh\azure-sdk-for-net\sdk\azurestack\Microsoft.AzureStack.Management.Commerce.Admin\tests\src\SubscriberUsageAggregateTests.cs(25,13): error CS0103: The name 'Assert' does not exist in the current context
C:\gh\azure-sdk-for-net\sdk\azurestack\Microsoft.AzureStack.Management.Commerce.Admin\tests\src\SubscriberUsageAggregateTests.cs(25,31): error CS0518: Predefined type 'System.String' is not defined or imported
C:\gh\azure-sdk-for-net\sdk\azurestack\Microsoft.AzureStack.Management.Commerce.Admin\tests\src\SubscriberUsageAggregateTests.cs(26,13): error CS0518: Predefined type 'System.Object' is not defined or imported
C:\gh\azure-sdk-for-net\sdk\azurestack\Microsoft.AzureStack.Management.Commerce.Admin\tests\src\SubscriberUsageAggregateTests.cs(26,13): error CS0103: The name 'Assert' does not exist in the current context
C:\gh\azure-sdk-for-net\sdk\azurestack\Microsoft.AzureStack.Management.Commerce.Admin\tests\src\SubscriberUsageAggregateTests.cs(26,31): error CS0012: The type 'Nullable<>' is defined in an assembly that is not referenced. You must add a reference to assembly 'mscorlib, Version=4.0.0.0, Culture=neutral, PublicKeyToken=b77a5c561934e089'.
C:\gh\azure-sdk-for-net\sdk\azurestack\Microsoft.AzureStack.Management.Commerce.Admin\tests\src\SubscriberUsageAggregateTests.cs(27,13): error CS0518: Predefined type 'System.Object' is not defined or imported
C:\gh\azure-sdk-for-net\sdk\azurestack\Microsoft.AzureStack.Management.Commerce.Admin\tests\src\SubscriberUsageAggregateTests.cs(27,13): error CS0103: The name 'Assert' does not exist in the current context
C:\gh\azure-sdk-for-net\sdk\azurestack\Microsoft.AzureStack.Management.Commerce.Admin\tests\src\SubscriberUsageAggregateTests.cs(27,31): error CS0012: The type 'Nullable<>' is defined in an assembly that is not referenced. You must add a reference to assembly 'mscorlib, Version=4.0.0.0, Culture=neutral, PublicKeyToken=b77a5c561934e089'.
C:\gh\azure-sdk-for-net\sdk\azurestack\Microsoft.AzureStack.Management.Commerce.Admin\tests\src\Helpers\Common.cs(144,13): error CS0518: Predefined type 'System.IDisposable' is not defined or imported
C:\gh\azure-sdk-for-net\sdk\azurestack\Microsoft.AzureStack.Management.Commerce.Admin\tests\src\Helpers\Common.cs(144,20): error CS0518: Predefined type 'System.Object' is not defined or imported
C:\gh\azure-sdk-for-net\sdk\azurestack\Microsoft.AzureStack.Management.Commerce.Admin\tests\src\Helpers\Common.cs(144,20): error CS0246: The type or namespace name 'System' could not be found (are you missing a using directive or an assembly reference?)
C:\gh\azure-sdk-for-net\sdk\azurestack\Microsoft.AzureStack.Management.Commerce.Admin\tests\src\Helpers\Common.cs(144,50): error CS0518: Predefined type 'System.Object' is not defined or imported
C:\gh\azure-sdk-for-net\sdk\azurestack\Microsoft.AzureStack.Management.Commerce.Admin\tests\src\Helpers\Common.cs(144,50): error CS0103: The name 'System' does not exist in the current context
C:\gh\azure-sdk-for-net\sdk\azurestack\Microsoft.AzureStack.Management.Commerce.Admin\tests\src\Helpers\Common.cs(146,17): error CS0518: Predefined type 'System.Object' is not defined or imported
C:\gh\azure-sdk-for-net\sdk\azurestack\Microsoft.AzureStack.Management.Commerce.Admin\tests\src\SupportedOperationsTest.cs(35,13): error CS0518: Predefined type 'System.Object' is not defined or imported
C:\gh\azure-sdk-for-net\sdk\azurestack\Microsoft.AzureStack.Management.Commerce.Admin\tests\src\Helpers\Common.cs(158,13): error CS0518: Predefined type 'System.IDisposable' is not defined or imported
C:\gh\azure-sdk-for-net\sdk\azurestack\Microsoft.AzureStack.Management.Commerce.Admin\tests\src\Helpers\Common.cs(158,20): error CS0518: Predefined type 'System.Object' is not defined or imported
C:\gh\azure-sdk-for-net\sdk\azurestack\Microsoft.AzureStack.Management.Commerce.Admin\tests\src\Helpers\Common.cs(158,20): error CS0246: The type or namespace name 'System' could not be found (are you missing a using directive or an assembly reference?)
C:\gh\azure-sdk-for-net\sdk\azurestack\Microsoft.AzureStack.Management.Commerce.Admin\tests\src\Helpers\Common.cs(158,50): error CS0518: Predefined type 'System.Object' is not defined or imported
C:\gh\azure-sdk-for-net\sdk\azurestack\Microsoft.AzureStack.Management.Commerce.Admin\tests\src\Helpers\Common.cs(158,50): error CS0103: The name 'System' does not exist in the current context
C:\gh\azure-sdk-for-net\sdk\azurestack\Microsoft.AzureStack.Management.Commerce.Admin\tests\src\Helpers\Common.cs(160,17): error CS0518: Predefined type 'System.Object' is not defined or imported
C:\gh\azure-sdk-for-net\sdk\azurestack\Microsoft.AzureStack.Management.Commerce.Admin\tests\src\SubscriberUsageAggregateTests.cs(32,19): error CS0518: Predefined type 'System.String' is not defined or imported
C:\gh\azure-sdk-for-net\sdk\azurestack\Microsoft.AzureStack.Management.Commerce.Admin\tests\src\SubscriberUsageAggregateTests.cs(32,19): error CS0518: Predefined type 'System.Object' is not defined or imported
C:\gh\azure-sdk-for-net\sdk\azurestack\Microsoft.AzureStack.Management.Commerce.Admin\tests\src\SubscriberUsageAggregateTests.cs(32,19): error CS0518: Predefined type 'System.Int32' is not defined or imported
C:\gh\azure-sdk-for-net\sdk\azurestack\Microsoft.AzureStack.Management.Commerce.Admin\tests\src\SubscriberUsageAggregateTests.cs(32,34): error CS0518: Predefined type 'System.String' is not defined or imported
C:\gh\azure-sdk-for-net\sdk\azurestack\Microsoft.AzureStack.Management.Commerce.Admin\tests\src\SubscriberUsageAggregateTests.cs(33,13): error CS0518: Predefined type 'System.Object' is not defined or imported
C:\gh\azure-sdk-for-net\sdk\azurestack\Microsoft.AzureStack.Management.Commerce.Admin\tests\src\SubscriberUsageAggregateTests.cs(33,13): error CS0103: The name 'Assert' does not exist in the current context
C:\gh\azure-sdk-for-net\sdk\azurestack\Microsoft.AzureStack.Management.Commerce.Admin\tests\src\SubscriberUsageAggregateTests.cs(33,26): error CS0518: Predefined type 'System.Int32' is not defined or imported
C:\gh\azure-sdk-for-net\sdk\azurestack\Microsoft.AzureStack.Management.Commerce.Admin\tests\src\SubscriberUsageAggregateTests.cs(34,13): error CS0518: Predefined type 'System.Object' is not defined or imported
C:\gh\azure-sdk-for-net\sdk\azurestack\Microsoft.AzureStack.Management.Commerce.Admin\tests\src\SubscriberUsageAggregateTests.cs(34,13): error CS0103: The name 'Assert' does not exist in the current context
C:\gh\azure-sdk-for-net\sdk\azurestack\Microsoft.AzureStack.Management.Commerce.Admin\tests\src\SubscriberUsageAggregateTests.cs(34,26): error CS0518: Predefined type 'System.Int32' is not defined or imported
C:\gh\azure-sdk-for-net\sdk\azurestack\Microsoft.AzureStack.Management.Commerce.Admin\tests\src\SubscriberUsageAggregateTests.cs(35,13): error CS0518: Predefined type 'System.Object' is not defined or imported
C:\gh\azure-sdk-for-net\sdk\azurestack\Microsoft.AzureStack.Management.Commerce.Admin\tests\src\SubscriberUsageAggregateTests.cs(35,13): error CS0103: The name 'Assert' does not exist in the current context
C:\gh\azure-sdk-for-net\sdk\azurestack\Microsoft.AzureStack.Management.Commerce.Admin\tests\src\SubscriberUsageAggregateTests.cs(35,26): error CS0518: Predefined type 'System.Int32' is not defined or imported
C:\gh\azure-sdk-for-net\sdk\azurestack\Microsoft.AzureStack.Management.Commerce.Admin\tests\src\SubscriberUsageAggregateTests.cs(36,13): error CS0518: Predefined type 'System.Object' is not defined or imported
C:\gh\azure-sdk-for-net\sdk\azurestack\Microsoft.AzureStack.Management.Commerce.Admin\tests\src\SubscriberUsageAggregateTests.cs(36,13): error CS0103: The name 'Assert' does not exist in the current context
C:\gh\azure-sdk-for-net\sdk\azurestack\Microsoft.AzureStack.Management.Commerce.Admin\tests\src\SubscriberUsageAggregateTests.cs(36,26): error CS0518: Predefined type 'System.Int32' is not defined or imported
C:\gh\azure-sdk-for-net\sdk\azurestack\Microsoft.AzureStack.Management.Commerce.Admin\tests\src\Helpers\Common.cs(174,13): error CS0518: Predefined type 'System.Object' is not defined or imported
C:\gh\azure-sdk-for-net\sdk\azurestack\Microsoft.AzureStack.Management.Commerce.Admin\tests\src\Helpers\Common.cs(174,13): error CS0246: The type or namespace name 'StringBuilder' could not be found (are you missing a using directive or an assembly reference?)
C:\gh\azure-sdk-for-net\sdk\azurestack\Microsoft.AzureStack.Management.Commerce.Admin\tests\src\Helpers\Common.cs(174,36): error CS0518: Predefined type 'System.Object' is not defined or imported
C:\gh\azure-sdk-for-net\sdk\azurestack\Microsoft.AzureStack.Management.Commerce.Admin\tests\src\Helpers\Common.cs(174,36): error CS0246: The type or namespace name 'StringBuilder' could not be found (are you missing a using directive or an assembly reference?)
C:\gh\azure-sdk-for-net\sdk\azurestack\Microsoft.AzureStack.Management.Commerce.Admin\tests\src\Helpers\Common.cs(175,13): error CS0518: Predefined type 'System.Object' is not defined or imported
C:\gh\azure-sdk-for-net\sdk\azurestack\Microsoft.AzureStack.Management.Commerce.Admin\tests\src\Helpers\Common.cs(175,13): error CS0246: The type or namespace name 'Action<>' could not be found (are you missing a using directive or an assembly reference?)
C:\gh\azure-sdk-for-net\sdk\azurestack\Microsoft.AzureStack.Management.Commerce.Admin\tests\src\Helpers\Common.cs(176,13): error CS0518: Predefined type 'System.Object' is not defined or imported
C:\gh\azure-sdk-for-net\sdk\azurestack\Microsoft.AzureStack.Management.Commerce.Admin\tests\src\Helpers\Common.cs(178,25): error CS0518: Predefined type 'System.Object' is not defined or imported
C:\gh\azure-sdk-for-net\sdk\azurestack\Microsoft.AzureStack.Management.Commerce.Admin\tests\src\Helpers\Common.cs(178,25): error CS0103: The name 'Encoding' does not exist in the current context
C:\gh\azure-sdk-for-net\sdk\azurestack\Microsoft.AzureStack.Management.Commerce.Admin\tests\src\Helpers\Common.cs(179,33): error CS0518: Predefined type 'System.Int32' is not defined or imported
C:\gh\azure-sdk-for-net\sdk\azurestack\Microsoft.AzureStack.Management.Commerce.Admin\tests\src\Helpers\Common.cs(192,13): error CS0518: Predefined type 'System.Object' is not defined or imported
C:\gh\azure-sdk-for-net\sdk\azurestack\Microsoft.AzureStack.Management.Commerce.Admin\tests\src\Helpers\Common.cs(192,13): error CS0246: The type or namespace name 'StringBuilder' could not be found (are you missing a using directive or an assembly reference?)
C:\gh\azure-sdk-for-net\sdk\azurestack\Microsoft.AzureStack.Management.Commerce.Admin\tests\src\Helpers\Common.cs(192,36): error CS0518: Predefined type 'System.Object' is not defined or imported
C:\gh\azure-sdk-for-net\sdk\azurestack\Microsoft.AzureStack.Management.Commerce.Admin\tests\src\Helpers\Common.cs(192,36): error CS0246: The type or namespace name 'StringBuilder' could not be found (are you missing a using directive or an assembly reference?)
C:\gh\azure-sdk-for-net\sdk\azurestack\Microsoft.AzureStack.Management.Commerce.Admin\tests\src\Helpers\Common.cs(193,13): error CS0518: Predefined type 'System.Object' is not defined or imported
C:\gh\azure-sdk-for-net\sdk\azurestack\Microsoft.AzureStack.Management.Commerce.Admin\tests\src\Helpers\Common.cs(193,13): error CS0246: The type or namespace name 'Action<>' could not be found (are you missing a using directive or an assembly reference?)
C:\gh\azure-sdk-for-net\sdk\azurestack\Microsoft.AzureStack.Management.Commerce.Admin\tests\src\Helpers\Common.cs(195,25): error CS0518: Predefined type 'System.Object' is not defined or imported
C:\gh\azure-sdk-for-net\sdk\azurestack\Microsoft.AzureStack.Management.Commerce.Admin\tests\src\Helpers\Common.cs(195,25): error CS0103: The name 'Encoding' does not exist in the current context
C:\gh\azure-sdk-for-net\sdk\azurestack\Microsoft.AzureStack.Management.Commerce.Admin\tests\src\Helpers\Common.cs(196,33): error CS0518: Predefined type 'System.Int32' is not defined or imported
C:\gh\azure-sdk-for-net\sdk\azurestack\Microsoft.AzureStack.Management.Commerce.Admin\tests\src\Helpers\Common.cs(20,18): error CS1729: 'object' does not contain a constructor that takes 0 arguments
C:\gh\azure-sdk-for-net\sdk\azurestack\Microsoft.AzureStack.Management.Commerce.Admin\tests\src\SubscriberUsageAggregateTests.cs(43,13): error CS0518: Predefined type 'System.Object' is not defined or imported
C:\gh\azure-sdk-for-net\sdk\azurestack\Microsoft.AzureStack.Management.Commerce.Admin\tests\src\Helpers\RecordedDelegatingHandler.cs(8,1): hidden CS8019: Unnecessary using directive.
C:\gh\azure-sdk-for-net\sdk\azurestack\Microsoft.AzureStack.Management.Commerce.Admin\tests\src\Helpers\Common.cs(6,1): hidden CS8019: Unnecessary using directive.
C:\gh\azure-sdk-for-net\artifacts\obj\Microsoft.AzureStack.Management.Commerce.Tests\Debug\netcoreapp2.0\Microsoft.AzureStack.Management.Commerce.Tests.AssemblyInfo.cs(12,1): hidden CS8019: Unnecessary using directive.
C:\gh\azure-sdk-for-net\sdk\azurestack\Microsoft.AzureStack.Management.Commerce.Admin\tests\src\SubscriberUsageAggregateTests.cs(9,1): hidden CS8019: Unnecessary using directive.
C:\gh\azure-sdk-for-net\sdk\azurestack\Microsoft.AzureStack.Management.Commerce.Admin\tests\src\Helpers\Common.cs(12,1): hidden CS8019: Unnecessary using directive.
C:\gh\azure-sdk-for-net\sdk\azurestack\Microsoft.AzureStack.Management.Commerce.Admin\tests\src\Helpers\CommerceTestBase.cs(7,1): hidden CS8019: Unnecessary using directive.
C:\gh\azure-sdk-for-net\sdk\azurestack\Microsoft.AzureStack.Management.Commerce.Admin\tests\src\UpdateEncryptionTests.cs(7,1): hidden CS8019: Unnecessary using directive.
C:\gh\azure-sdk-for-net\sdk\azurestack\Microsoft.AzureStack.Management.Commerce.Admin\tests\src\Helpers\Common.cs(10,1): hidden CS8019: Unnecessary using directive.
C:\gh\azure-sdk-for-net\sdk\azurestack\Microsoft.AzureStack.Management.Commerce.Admin\tests\src\Helpers\AzureStackTestBase.cs(8,1): hidden CS8019: Unnecessary using directive.
C:\gh\azure-sdk-for-net\artifacts\obj\Microsoft.AzureStack.Management.Commerce.Tests\Debug\netcoreapp2.0\.NETCoreApp,Version=v2.0.AssemblyAttributes.cs(2,1): hidden CS8019: Unnecessary using directive.
C:\gh\azure-sdk-for-net\sdk\azurestack\Microsoft.AzureStack.Management.Commerce.Admin\tests\Properties\AssemblyInfo.cs(2,1): hidden CS8019: Unnecessary using directive.
C:\gh\azure-sdk-for-net\sdk\azurestack\Microsoft.AzureStack.Management.Commerce.Admin\tests\src\Helpers\RecordedDelegatingHandler.cs(6,1): hidden CS8019: Unnecessary using directive.
C:\gh\azure-sdk-for-net\sdk\azurestack\Microsoft.AzureStack.Management.Commerce.Admin\tests\src\Helpers\Common.cs(9,1): hidden CS8019: Unnecessary using directive.
C:\gh\azure-sdk-for-net\artifacts\obj\Microsoft.AzureStack.Management.Commerce.Tests\Debug\netcoreapp2.0\.NETCoreApp,Version=v2.0.AssemblyAttributes.cs(3,1): hidden CS8019: Unnecessary using directive.
C:\gh\azure-sdk-for-net\sdk\azurestack\Microsoft.AzureStack.Management.Commerce.Admin\tests\src\Helpers\RecordedDelegatingHandler.cs(4,1): hidden CS8019: Unnecessary using directive.
C:\gh\azure-sdk-for-net\artifacts\obj\Microsoft.AzureStack.Management.Commerce.Tests\Debug\netcoreapp2.0\Microsoft.AzureStack.Management.Commerce.Tests.AssemblyInfo.cs(11,1): hidden CS8019: Unnecessary using directive.
C:\gh\azure-sdk-for-net\sdk\azurestack\Microsoft.AzureStack.Management.Commerce.Admin\tests\src\Helpers\RecordedDelegatingHandler.cs(7,1): hidden CS8019: Unnecessary using directive.
C:\gh\azure-sdk-for-net\sdk\azurestack\Microsoft.AzureStack.Management.Commerce.Admin\tests\src\Helpers\Common.cs(7,1): hidden CS8019: Unnecessary using directive.
C:\gh\azure-sdk-for-net\sdk\azurestack\Microsoft.AzureStack.Management.Commerce.Admin\tests\src\SupportedOperationsTest.cs(12,1): hidden CS8019: Unnecessary using directive.
C:\gh\azure-sdk-for-net\sdk\azurestack\Microsoft.AzureStack.Management.Commerce.Admin\tests\src\UpdateEncryptionTests.cs(8,1): hidden CS8019: Unnecessary using directive.
C:\gh\azure-sdk-for-net\eng\mgmt\DisableTestRunParallel.cs(5,1): hidden CS8019: Unnecessary using directive.
C:\gh\azure-sdk-for-net\eng\mgmt\DisableTestRunParallel.cs(4,1): hidden CS8019: Unnecessary using directive.
C:\gh\azure-sdk-for-net\sdk\azurestack\Microsoft.AzureStack.Management.Commerce.Admin\tests\src\SupportedOperationsTest.cs(13,1): hidden CS8019: Unnecessary using directive.
C:\gh\azure-sdk-for-net\sdk\azurestack\Microsoft.AzureStack.Management.Commerce.Admin\tests\src\Helpers\Common.cs(8,1): hidden CS8019: Unnecessary using directive.
C:\gh\azure-sdk-for-net\sdk\azurestack\Microsoft.AzureStack.Management.Commerce.Admin\tests\src\UpdateEncryptionTests.cs(9,1): hidden CS8019: Unnecessary using directive.
C:\gh\azure-sdk-for-net\sdk\azurestack\Microsoft.AzureStack.Management.Commerce.Admin\tests\src\Helpers\AzureStackTestBase.cs(5,1): hidden CS8019: Unnecessary using directive.
C:\gh\azure-sdk-for-net\sdk\azurestack\Microsoft.AzureStack.Management.Commerce.Admin\tests\Properties\AssemblyInfo.cs(1,1): hidden CS8019: Unnecessary using directive.
C:\gh\azure-sdk-for-net\sdk\azurestack\Microsoft.AzureStack.Management.Commerce.Admin\tests\Properties\AssemblyInfo.cs(3,1): hidden CS8019: Unnecessary using directive.
C:\gh\azure-sdk-for-net\sdk\azurestack\Microsoft.AzureStack.Management.Commerce.Admin\tests\src\Helpers\AzureStackTestBase.cs(6,1): hidden CS8019: Unnecessary using directive.
C:\gh\azure-sdk-for-net\sdk\azurestack\Microsoft.AzureStack.Management.Commerce.Admin\tests\src\SubscriberUsageAggregateTests.cs(8,1): hidden CS8019: Unnecessary using directive.
C:\gh\azure-sdk-for-net\sdk\azurestack\Microsoft.AzureStack.Management.Commerce.Admin\tests\src\Helpers\Common.cs(11,1): hidden CS8019: Unnecessary using directive.
C:\gh\azure-sdk-for-net\sdk\azurestack\Microsoft.AzureStack.Management.Commerce.Admin\tests\src\Helpers\Common.cs(5,1): hidden CS8019: Unnecessary using directive.
C:\gh\azure-sdk-for-net\sdk\azurestack\Microsoft.AzureStack.Management.Commerce.Admin\tests\src\Helpers\RecordedDelegatingHandler.cs(5,1): hidden CS8019: Unnecessary using directive.
