C:\gh\azure-sdk-for-net\sdk\automanage\Microsoft.Azure.Management.Automanage\tests\ScenarioTests\TestBase.cs(128,40): error CS0518: Predefined type 'System.Object' is not defined or imported
C:\gh\azure-sdk-for-net\sdk\automanage\Microsoft.Azure.Management.Automanage\tests\ScenarioTests\TestBase.cs(128,40): error CS0246: The type or namespace name 'IDictionary<,>' could not be found (are you missing a using directive or an assembly reference?)
C:\gh\azure-sdk-for-net\sdk\automanage\Microsoft.Azure.Management.Automanage\tests\ScenarioTests\TestBase.cs(128,52): error CS0518: Predefined type 'System.String' is not defined or imported
C:\gh\azure-sdk-for-net\sdk\automanage\Microsoft.Azure.Management.Automanage\tests\ScenarioTests\TestBase.cs(128,60): error CS0518: Predefined type 'System.String' is not defined or imported
C:\gh\azure-sdk-for-net\sdk\automanage\Microsoft.Azure.Management.Automanage\tests\ScenarioTests\TestBase.cs(128,73): error CS0518: Predefined type 'System.Object' is not defined or imported
C:\gh\azure-sdk-for-net\sdk\automanage\Microsoft.Azure.Management.Automanage\tests\ScenarioTests\TestBase.cs(128,73): error CS0246: The type or namespace name 'IDictionary<,>' could not be found (are you missing a using directive or an assembly reference?)
C:\gh\azure-sdk-for-net\sdk\automanage\Microsoft.Azure.Management.Automanage\tests\ScenarioTests\TestBase.cs(128,85): error CS0518: Predefined type 'System.String' is not defined or imported
C:\gh\azure-sdk-for-net\sdk\automanage\Microsoft.Azure.Management.Automanage\tests\ScenarioTests\TestBase.cs(128,93): error CS0518: Predefined type 'System.String' is not defined or imported
C:\gh\azure-sdk-for-net\sdk\automanage\Microsoft.Azure.Management.Automanage\tests\ScenarioTests\TestBase.cs(128,26): error CS0518: Predefined type 'System.Void' is not defined or imported
C:\gh\azure-sdk-for-net\sdk\automanage\Microsoft.Azure.Management.Automanage\tests\ScenarioTests\OperationsTests.cs(47,51): error CS0518: Predefined type 'System.Object' is not defined or imported
C:\gh\azure-sdk-for-net\sdk\automanage\Microsoft.Azure.Management.Automanage\tests\ScenarioTests\OperationsTests.cs(47,51): error CS0246: The type or namespace name 'IEnumerable<>' could not be found (are you missing a using directive or an assembly reference?)
C:\gh\azure-sdk-for-net\sdk\automanage\Microsoft.Azure.Management.Automanage\tests\ScenarioTests\OperationsTests.cs(47,63): error CS0518: Predefined type 'System.Object' is not defined or imported
C:\gh\azure-sdk-for-net\sdk\automanage\Microsoft.Azure.Management.Automanage\tests\ScenarioTests\OperationsTests.cs(47,24): error CS0518: Predefined type 'System.Void' is not defined or imported
C:\gh\azure-sdk-for-net\sdk\automanage\Microsoft.Azure.Management.Automanage\tests\ScenarioTests\AccountsTests.cs(20,17): error CS0518: Predefined type 'System.Object' is not defined or imported
C:\gh\azure-sdk-for-net\sdk\automanage\Microsoft.Azure.Management.Automanage\tests\ScenarioTests\TestBase.cs(31,60): error CS0518: Predefined type 'System.Object' is not defined or imported
C:\gh\azure-sdk-for-net\sdk\automanage\Microsoft.Azure.Management.Automanage\tests\ScenarioTests\TestBase.cs(31,60): error CS0246: The type or namespace name 'MockContext' could not be found (are you missing a using directive or an assembly reference?)
C:\gh\azure-sdk-for-net\sdk\automanage\Microsoft.Azure.Management.Automanage\tests\ScenarioTests\TestBase.cs(31,81): error CS0518: Predefined type 'System.Object' is not defined or imported
C:\gh\azure-sdk-for-net\sdk\automanage\Microsoft.Azure.Management.Automanage\tests\ScenarioTests\TestBase.cs(31,19): error CS0518: Predefined type 'System.Object' is not defined or imported
C:\gh\azure-sdk-for-net\sdk\automanage\Microsoft.Azure.Management.Automanage\tests\Helpers\RecordedDelegatingHandler.cs(15,46): error CS0246: The type or namespace name 'DelegatingHandler' could not be found (are you missing a using directive or an assembly reference?)
C:\gh\azure-sdk-for-net\sdk\automanage\Microsoft.Azure.Management.Automanage\tests\ScenarioTests\TestBase.cs(117,40): error CS0518: Predefined type 'System.Object' is not defined or imported
C:\gh\azure-sdk-for-net\sdk\automanage\Microsoft.Azure.Management.Automanage\tests\ScenarioTests\TestBase.cs(117,40): error CS0246: The type or namespace name 'IList<>' could not be found (are you missing a using directive or an assembly reference?)
C:\gh\azure-sdk-for-net\sdk\automanage\Microsoft.Azure.Management.Automanage\tests\ScenarioTests\TestBase.cs(117,46): error CS0518: Predefined type 'System.Int32' is not defined or imported
C:\gh\azure-sdk-for-net\sdk\automanage\Microsoft.Azure.Management.Automanage\tests\ScenarioTests\TestBase.cs(117,56): error CS0518: Predefined type 'System.Object' is not defined or imported
C:\gh\azure-sdk-for-net\sdk\automanage\Microsoft.Azure.Management.Automanage\tests\ScenarioTests\TestBase.cs(117,56): error CS0246: The type or namespace name 'IList<>' could not be found (are you missing a using directive or an assembly reference?)
C:\gh\azure-sdk-for-net\sdk\automanage\Microsoft.Azure.Management.Automanage\tests\ScenarioTests\TestBase.cs(117,62): error CS0518: Predefined type 'System.Int32' is not defined or imported
C:\gh\azure-sdk-for-net\sdk\automanage\Microsoft.Azure.Management.Automanage\tests\ScenarioTests\TestBase.cs(117,26): error CS0518: Predefined type 'System.Void' is not defined or imported
C:\gh\azure-sdk-for-net\sdk\automanage\Microsoft.Azure.Management.Automanage\tests\Helpers\RecordedDelegatingHandler.cs(50,70): error CS0518: Predefined type 'System.Object' is not defined or imported
C:\gh\azure-sdk-for-net\sdk\automanage\Microsoft.Azure.Management.Automanage\tests\Helpers\RecordedDelegatingHandler.cs(50,70): error CS0246: The type or namespace name 'HttpRequestMessage' could not be found (are you missing a using directive or an assembly reference?)
C:\gh\azure-sdk-for-net\sdk\automanage\Microsoft.Azure.Management.Automanage\tests\Helpers\RecordedDelegatingHandler.cs(50,98): error CS0518: Predefined type 'System.Object' is not defined or imported
C:\gh\azure-sdk-for-net\sdk\automanage\Microsoft.Azure.Management.Automanage\tests\Helpers\RecordedDelegatingHandler.cs(50,98): error CS0246: The type or namespace name 'System' could not be found (are you missing a using directive or an assembly reference?)
C:\gh\azure-sdk-for-net\sdk\automanage\Microsoft.Azure.Management.Automanage\tests\Helpers\RecordedDelegatingHandler.cs(50,34): error CS0518: Predefined type 'System.Object' is not defined or imported
C:\gh\azure-sdk-for-net\sdk\automanage\Microsoft.Azure.Management.Automanage\tests\Helpers\RecordedDelegatingHandler.cs(50,34): error CS0246: The type or namespace name 'Task<>' could not be found (are you missing a using directive or an assembly reference?)
C:\gh\azure-sdk-for-net\sdk\automanage\Microsoft.Azure.Management.Automanage\tests\Helpers\RecordedDelegatingHandler.cs(50,39): error CS0518: Predefined type 'System.Object' is not defined or imported
C:\gh\azure-sdk-for-net\sdk\automanage\Microsoft.Azure.Management.Automanage\tests\Helpers\RecordedDelegatingHandler.cs(50,39): error CS0246: The type or namespace name 'HttpResponseMessage' could not be found (are you missing a using directive or an assembly reference?)
C:\gh\azure-sdk-for-net\sdk\automanage\Microsoft.Azure.Management.Automanage\tests\ScenarioTests\TestBase.cs(106,40): error CS0518: Predefined type 'System.Object' is not defined or imported
C:\gh\azure-sdk-for-net\sdk\automanage\Microsoft.Azure.Management.Automanage\tests\ScenarioTests\TestBase.cs(106,40): error CS0246: The type or namespace name 'IList<>' could not be found (are you missing a using directive or an assembly reference?)
C:\gh\azure-sdk-for-net\sdk\automanage\Microsoft.Azure.Management.Automanage\tests\ScenarioTests\TestBase.cs(106,46): error CS0518: Predefined type 'System.String' is not defined or imported
C:\gh\azure-sdk-for-net\sdk\automanage\Microsoft.Azure.Management.Automanage\tests\ScenarioTests\TestBase.cs(106,59): error CS0518: Predefined type 'System.Object' is not defined or imported
C:\gh\azure-sdk-for-net\sdk\automanage\Microsoft.Azure.Management.Automanage\tests\ScenarioTests\TestBase.cs(106,59): error CS0246: The type or namespace name 'IList<>' could not be found (are you missing a using directive or an assembly reference?)
C:\gh\azure-sdk-for-net\sdk\automanage\Microsoft.Azure.Management.Automanage\tests\ScenarioTests\TestBase.cs(106,65): error CS0518: Predefined type 'System.String' is not defined or imported
C:\gh\azure-sdk-for-net\sdk\automanage\Microsoft.Azure.Management.Automanage\tests\ScenarioTests\TestBase.cs(106,26): error CS0518: Predefined type 'System.Void' is not defined or imported
C:\gh\azure-sdk-for-net\sdk\automanage\Microsoft.Azure.Management.Automanage\tests\ScenarioTests\ConfigurationProfilesAssignmentsTests.cs(20,17): error CS0518: Predefined type 'System.String' is not defined or imported
C:\gh\azure-sdk-for-net\sdk\automanage\Microsoft.Azure.Management.Automanage\tests\ScenarioTests\ConfigurationProfilesAssignmentsTests.cs(21,17): error CS0518: Predefined type 'System.String' is not defined or imported
C:\gh\azure-sdk-for-net\sdk\automanage\Microsoft.Azure.Management.Automanage\tests\ScenarioTests\TestBase.cs(83,61): error CS0518: Predefined type 'System.String' is not defined or imported
C:\gh\azure-sdk-for-net\sdk\automanage\Microsoft.Azure.Management.Automanage\tests\ScenarioTests\TestBase.cs(83,87): error CS0518: Predefined type 'System.String' is not defined or imported
C:\gh\azure-sdk-for-net\sdk\automanage\Microsoft.Azure.Management.Automanage\tests\ScenarioTests\TestBase.cs(83,19): error CS0518: Predefined type 'System.Boolean' is not defined or imported
C:\gh\azure-sdk-for-net\sdk\automanage\Microsoft.Azure.Management.Automanage\tests\ScenarioTests\AccountsTests.cs(44,16): error CS0518: Predefined type 'System.Void' is not defined or imported
C:\gh\azure-sdk-for-net\sdk\automanage\Microsoft.Azure.Management.Automanage\tests\Helpers\RecordedDelegatingHandler.cs(48,17): error CS0518: Predefined type 'System.Int32' is not defined or imported
C:\gh\azure-sdk-for-net\sdk\automanage\Microsoft.Azure.Management.Automanage\tests\ScenarioTests\ConfigurationProfilePreferencesTests.cs(54,17): error CS0518: Predefined type 'System.Object' is not defined or imported
C:\gh\azure-sdk-for-net\sdk\automanage\Microsoft.Azure.Management.Automanage\tests\Helpers\RecordedDelegatingHandler.cs(17,17): error CS0518: Predefined type 'System.Object' is not defined or imported
C:\gh\azure-sdk-for-net\sdk\automanage\Microsoft.Azure.Management.Automanage\tests\Helpers\RecordedDelegatingHandler.cs(17,17): error CS0246: The type or namespace name 'HttpResponseMessage' could not be found (are you missing a using directive or an assembly reference?)
C:\gh\azure-sdk-for-net\sdk\automanage\Microsoft.Azure.Management.Automanage\tests\ScenarioTests\ConfigurationProfilesAssignmentsTests.cs(63,17): error CS0518: Predefined type 'System.Object' is not defined or imported
C:\gh\azure-sdk-for-net\sdk\automanage\Microsoft.Azure.Management.Automanage\tests\ScenarioTests\OperationsTests.cs(20,17): error CS0518: Predefined type 'System.Object' is not defined or imported
C:\gh\azure-sdk-for-net\sdk\automanage\Microsoft.Azure.Management.Automanage\tests\ScenarioTests\ConfigurationProfilesAssignmentsTests.cs(18,17): error CS0518: Predefined type 'System.Object' is not defined or imported
C:\gh\azure-sdk-for-net\sdk\automanage\Microsoft.Azure.Management.Automanage\tests\ScenarioTests\ConfigurationProfilePreferencesTests.cs(18,17): error CS0518: Predefined type 'System.Object' is not defined or imported
C:\gh\azure-sdk-for-net\sdk\automanage\Microsoft.Azure.Management.Automanage\tests\ScenarioTests\ConfigurationProfilesAssignmentsTests.cs(19,17): error CS0518: Predefined type 'System.String' is not defined or imported
C:\gh\azure-sdk-for-net\sdk\automanage\Microsoft.Azure.Management.Automanage\tests\ScenarioTests\TestBase.cs(63,50): error CS0518: Predefined type 'System.Object' is not defined or imported
C:\gh\azure-sdk-for-net\sdk\automanage\Microsoft.Azure.Management.Automanage\tests\ScenarioTests\TestBase.cs(63,50): error CS0246: The type or namespace name 'TestEnvironment' could not be found (are you missing a using directive or an assembly reference?)
C:\gh\azure-sdk-for-net\sdk\automanage\Microsoft.Azure.Management.Automanage\tests\ScenarioTests\TestBase.cs(63,71): error CS0518: Predefined type 'System.Object' is not defined or imported
C:\gh\azure-sdk-for-net\sdk\automanage\Microsoft.Azure.Management.Automanage\tests\ScenarioTests\TestBase.cs(63,71): error CS0246: The type or namespace name 'MockContext' could not be found (are you missing a using directive or an assembly reference?)
C:\gh\azure-sdk-for-net\sdk\automanage\Microsoft.Azure.Management.Automanage\tests\ScenarioTests\TestBase.cs(63,92): error CS0518: Predefined type 'System.Object' is not defined or imported
C:\gh\azure-sdk-for-net\sdk\automanage\Microsoft.Azure.Management.Automanage\tests\ScenarioTests\TestBase.cs(63,17): error CS0518: Predefined type 'System.Void' is not defined or imported
C:\gh\azure-sdk-for-net\sdk\automanage\Microsoft.Azure.Management.Automanage\tests\Helpers\RecordedDelegatingHandler.cs(25,42): error CS0518: Predefined type 'System.Object' is not defined or imported
C:\gh\azure-sdk-for-net\sdk\automanage\Microsoft.Azure.Management.Automanage\tests\Helpers\RecordedDelegatingHandler.cs(25,42): error CS0246: The type or namespace name 'HttpResponseMessage' could not be found (are you missing a using directive or an assembly reference?)
C:\gh\azure-sdk-for-net\sdk\automanage\Microsoft.Azure.Management.Automanage\tests\Helpers\RecordedDelegatingHandler.cs(25,9): error CS0518: Predefined type 'System.Void' is not defined or imported
C:\gh\azure-sdk-for-net\sdk\automanage\Microsoft.Azure.Management.Automanage\tests\Helpers\RecordedDelegatingHandler.cs(19,9): error CS0518: Predefined type 'System.Void' is not defined or imported
C:\gh\azure-sdk-for-net\sdk\automanage\Microsoft.Azure.Management.Automanage\tests\ScenarioTests\OperationsTests.cs(30,16): error CS0518: Predefined type 'System.Void' is not defined or imported
C:\gh\azure-sdk-for-net\sdk\automanage\Microsoft.Azure.Management.Automanage\tests\ScenarioTests\ConfigurationProfilesAssignmentsTests.cs(44,16): error CS0518: Predefined type 'System.Void' is not defined or imported
C:\gh\azure-sdk-for-net\sdk\automanage\Microsoft.Azure.Management.Automanage\tests\ScenarioTests\AccountsTests.cs(30,16): error CS0518: Predefined type 'System.Void' is not defined or imported
C:\gh\azure-sdk-for-net\sdk\automanage\Microsoft.Azure.Management.Automanage\tests\ScenarioTests\ConfigurationProfilePreferencesTests.cs(43,16): error CS0518: Predefined type 'System.Void' is not defined or imported
C:\gh\azure-sdk-for-net\sdk\automanage\Microsoft.Azure.Management.Automanage\tests\ScenarioTests\ConfigurationProfilesAssignmentsTests.cs(30,16): error CS0518: Predefined type 'System.Void' is not defined or imported
C:\gh\azure-sdk-for-net\sdk\automanage\Microsoft.Azure.Management.Automanage\tests\ScenarioTests\ConfigurationProfilePreferencesTests.cs(30,16): error CS0518: Predefined type 'System.Void' is not defined or imported
C:\gh\azure-sdk-for-net\sdk\automanage\Microsoft.Azure.Management.Automanage\tests\ScenarioTests\TestBase.cs(18,18): error CS0518: Predefined type 'System.Object' is not defined or imported
C:\gh\azure-sdk-for-net\sdk\automanage\Microsoft.Azure.Management.Automanage\tests\ScenarioTests\OperationsTests.cs(22,9): error CS0518: Predefined type 'System.Void' is not defined or imported
C:\gh\azure-sdk-for-net\sdk\automanage\Microsoft.Azure.Management.Automanage\tests\ScenarioTests\TestBase.cs(24,9): error CS0518: Predefined type 'System.Void' is not defined or imported
C:\gh\azure-sdk-for-net\sdk\automanage\Microsoft.Azure.Management.Automanage\tests\ScenarioTests\AccountsTests.cs(22,9): error CS0518: Predefined type 'System.Void' is not defined or imported
C:\gh\azure-sdk-for-net\sdk\automanage\Microsoft.Azure.Management.Automanage\tests\ScenarioTests\ConfigurationProfilesAssignmentsTests.cs(22,9): error CS0518: Predefined type 'System.Void' is not defined or imported
C:\gh\azure-sdk-for-net\sdk\automanage\Microsoft.Azure.Management.Automanage\tests\ScenarioTests\ConfigurationProfilePreferencesTests.cs(22,9): error CS0518: Predefined type 'System.Void' is not defined or imported
C:\gh\azure-sdk-for-net\eng\mgmt\DisableTestRunParallel.cs(7,12): error CS0246: The type or namespace name 'CollectionBehaviorAttribute' could not be found (are you missing a using directive or an assembly reference?)
C:\gh\azure-sdk-for-net\eng\mgmt\DisableTestRunParallel.cs(7,12): error CS0246: The type or namespace name 'CollectionBehavior' could not be found (are you missing a using directive or an assembly reference?)
C:\gh\azure-sdk-for-net\artifacts\obj\Microsoft.Azure.Management.Automanage.Tests\Debug\netcoreapp2.0\.NETCoreApp,Version=v2.0.AssemblyAttributes.cs(4,20): error CS0400: The type or namespace name 'System' could not be found in the global namespace (are you missing an assembly reference?)
C:\gh\azure-sdk-for-net\artifacts\obj\Microsoft.Azure.Management.Automanage.Tests\Debug\netcoreapp2.0\Microsoft.Azure.Management.Automanage.Tests.AssemblyInfo.cs(14,12): error CS0246: The type or namespace name 'System' could not be found (are you missing a using directive or an assembly reference?)
C:\gh\azure-sdk-for-net\artifacts\obj\Microsoft.Azure.Management.Automanage.Tests\Debug\netcoreapp2.0\Microsoft.Azure.Management.Automanage.Tests.AssemblyInfo.cs(16,12): error CS0246: The type or namespace name 'System' could not be found (are you missing a using directive or an assembly reference?)
C:\gh\azure-sdk-for-net\artifacts\obj\Microsoft.Azure.Management.Automanage.Tests\Debug\netcoreapp2.0\Microsoft.Azure.Management.Automanage.Tests.AssemblyInfo.cs(17,12): error CS0246: The type or namespace name 'System' could not be found (are you missing a using directive or an assembly reference?)
C:\gh\azure-sdk-for-net\eng\mgmt\DisableTestRunParallel.cs(7,31): error CS0246: The type or namespace name 'DisableTestParallelization' could not be found (are you missing a using directive or an assembly reference?)
C:\gh\azure-sdk-for-net\eng\mgmt\DisableTestRunParallel.cs(7,60): error CS0518: Predefined type 'System.Boolean' is not defined or imported
C:\gh\azure-sdk-for-net\eng\mgmt\DisableTestRunParallel.cs(7,66): error CS0246: The type or namespace name 'MaxParallelThreads' could not be found (are you missing a using directive or an assembly reference?)
C:\gh\azure-sdk-for-net\eng\mgmt\DisableTestRunParallel.cs(7,87): error CS0518: Predefined type 'System.Int32' is not defined or imported
C:\gh\azure-sdk-for-net\artifacts\obj\Microsoft.Azure.Management.Automanage.Tests\Debug\netcoreapp2.0\.NETCoreApp,Version=v2.0.AssemblyAttributes.cs(4,71): error CS0518: Predefined type 'System.String' is not defined or imported
C:\gh\azure-sdk-for-net\artifacts\obj\Microsoft.Azure.Management.Automanage.Tests\Debug\netcoreapp2.0\.NETCoreApp,Version=v2.0.AssemblyAttributes.cs(4,99): error CS0246: The type or namespace name 'FrameworkDisplayName' could not be found (are you missing a using directive or an assembly reference?)
C:\gh\azure-sdk-for-net\artifacts\obj\Microsoft.Azure.Management.Automanage.Tests\Debug\netcoreapp2.0\.NETCoreApp,Version=v2.0.AssemblyAttributes.cs(4,122): error CS0518: Predefined type 'System.String' is not defined or imported
C:\gh\azure-sdk-for-net\artifacts\obj\Microsoft.Azure.Management.Automanage.Tests\Debug\netcoreapp2.0\Microsoft.Azure.Management.Automanage.Tests.AssemblyInfo.cs(14,56): error CS0518: Predefined type 'System.String' is not defined or imported
C:\gh\azure-sdk-for-net\artifacts\obj\Microsoft.Azure.Management.Automanage.Tests\Debug\netcoreapp2.0\Microsoft.Azure.Management.Automanage.Tests.AssemblyInfo.cs(14,70): error CS0518: Predefined type 'System.String' is not defined or imported
C:\gh\azure-sdk-for-net\artifacts\obj\Microsoft.Azure.Management.Automanage.Tests\Debug\netcoreapp2.0\Microsoft.Azure.Management.Automanage.Tests.AssemblyInfo.cs(15,5): error CS0518: Predefined type 'System.String' is not defined or imported
C:\gh\azure-sdk-for-net\artifacts\obj\Microsoft.Azure.Management.Automanage.Tests\Debug\netcoreapp2.0\Microsoft.Azure.Management.Automanage.Tests.AssemblyInfo.cs(16,68): error CS0518: Predefined type 'System.String' is not defined or imported
C:\gh\azure-sdk-for-net\artifacts\obj\Microsoft.Azure.Management.Automanage.Tests\Debug\netcoreapp2.0\Microsoft.Azure.Management.Automanage.Tests.AssemblyInfo.cs(17,56): error CS0518: Predefined type 'System.String' is not defined or imported
C:\gh\azure-sdk-for-net\artifacts\obj\Microsoft.Azure.Management.Automanage.Tests\Debug\netcoreapp2.0\Microsoft.Azure.Management.Automanage.Tests.AssemblyInfo.cs(17,73): error CS0518: Predefined type 'System.String' is not defined or imported
C:\gh\azure-sdk-for-net\sdk\automanage\Microsoft.Azure.Management.Automanage\tests\Helpers\RecordedDelegatingHandler.cs(4,7): error CS0246: The type or namespace name 'System' could not be found (are you missing a using directive or an assembly reference?)
C:\gh\azure-sdk-for-net\sdk\automanage\Microsoft.Azure.Management.Automanage\tests\Helpers\RecordedDelegatingHandler.cs(5,7): error CS0246: The type or namespace name 'System' could not be found (are you missing a using directive or an assembly reference?)
C:\gh\azure-sdk-for-net\sdk\automanage\Microsoft.Azure.Management.Automanage\tests\Helpers\RecordedDelegatingHandler.cs(6,7): error CS0246: The type or namespace name 'System' could not be found (are you missing a using directive or an assembly reference?)
C:\gh\azure-sdk-for-net\sdk\automanage\Microsoft.Azure.Management.Automanage\tests\Helpers\RecordedDelegatingHandler.cs(7,7): error CS0246: The type or namespace name 'System' could not be found (are you missing a using directive or an assembly reference?)
C:\gh\azure-sdk-for-net\sdk\automanage\Microsoft.Azure.Management.Automanage\tests\Helpers\RecordedDelegatingHandler.cs(8,7): error CS0246: The type or namespace name 'System' could not be found (are you missing a using directive or an assembly reference?)
C:\gh\azure-sdk-for-net\sdk\automanage\Microsoft.Azure.Management.Automanage\tests\Helpers\RecordedDelegatingHandler.cs(9,7): error CS0246: The type or namespace name 'System' could not be found (are you missing a using directive or an assembly reference?)
C:\gh\azure-sdk-for-net\sdk\automanage\Microsoft.Azure.Management.Automanage\tests\Helpers\RecordedDelegatingHandler.cs(10,7): error CS0246: The type or namespace name 'System' could not be found (are you missing a using directive or an assembly reference?)
C:\gh\azure-sdk-for-net\sdk\automanage\Microsoft.Azure.Management.Automanage\tests\ScenarioTests\TestBase.cs(4,7): error CS0246: The type or namespace name 'System' could not be found (are you missing a using directive or an assembly reference?)
C:\gh\azure-sdk-for-net\sdk\automanage\Microsoft.Azure.Management.Automanage\tests\ScenarioTests\TestBase.cs(5,7): error CS0246: The type or namespace name 'System' could not be found (are you missing a using directive or an assembly reference?)
C:\gh\azure-sdk-for-net\sdk\automanage\Microsoft.Azure.Management.Automanage\tests\ScenarioTests\TestBase.cs(8,7): error CS0246: The type or namespace name 'Xunit' could not be found (are you missing a using directive or an assembly reference?)
C:\gh\azure-sdk-for-net\sdk\automanage\Microsoft.Azure.Management.Automanage\tests\ScenarioTests\TestBase.cs(9,17): error CS0234: The type or namespace name 'Rest' does not exist in the namespace 'Microsoft' (are you missing an assembly reference?)
C:\gh\azure-sdk-for-net\sdk\automanage\Microsoft.Azure.Management.Automanage\tests\ScenarioTests\TestBase.cs(10,23): error CS0234: The type or namespace name 'Test' does not exist in the namespace 'Microsoft.Azure' (are you missing an assembly reference?)
C:\gh\azure-sdk-for-net\sdk\automanage\Microsoft.Azure.Management.Automanage\tests\ScenarioTests\TestBase.cs(11,7): error CS0246: The type or namespace name 'System' could not be found (are you missing a using directive or an assembly reference?)
C:\gh\azure-sdk-for-net\sdk\automanage\Microsoft.Azure.Management.Automanage\tests\ScenarioTests\TestBase.cs(12,34): error CS0234: The type or namespace name 'ResourceManager' does not exist in the namespace 'Microsoft.Azure.Management' (are you missing an assembly reference?)
C:\gh\azure-sdk-for-net\sdk\automanage\Microsoft.Azure.Management.Automanage\tests\ScenarioTests\TestBase.cs(13,34): error CS0234: The type or namespace name 'ResourceManager' does not exist in the namespace 'Microsoft.Azure.Management' (are you missing an assembly reference?)
C:\gh\azure-sdk-for-net\eng\mgmt\DisableTestRunParallel.cs(4,7): error CS0246: The type or namespace name 'System' could not be found (are you missing a using directive or an assembly reference?)
C:\gh\azure-sdk-for-net\eng\mgmt\DisableTestRunParallel.cs(5,7): error CS0246: The type or namespace name 'Xunit' could not be found (are you missing a using directive or an assembly reference?)
C:\gh\azure-sdk-for-net\artifacts\obj\Microsoft.Azure.Management.Automanage.Tests\Debug\netcoreapp2.0\.NETCoreApp,Version=v2.0.AssemblyAttributes.cs(2,7): error CS0246: The type or namespace name 'System' could not be found (are you missing a using directive or an assembly reference?)
C:\gh\azure-sdk-for-net\artifacts\obj\Microsoft.Azure.Management.Automanage.Tests\Debug\netcoreapp2.0\.NETCoreApp,Version=v2.0.AssemblyAttributes.cs(3,7): error CS0246: The type or namespace name 'System' could not be found (are you missing a using directive or an assembly reference?)
C:\gh\azure-sdk-for-net\artifacts\obj\Microsoft.Azure.Management.Automanage.Tests\Debug\netcoreapp2.0\Microsoft.Azure.Management.Automanage.Tests.AssemblyInfo.cs(11,7): error CS0246: The type or namespace name 'System' could not be found (are you missing a using directive or an assembly reference?)
C:\gh\azure-sdk-for-net\artifacts\obj\Microsoft.Azure.Management.Automanage.Tests\Debug\netcoreapp2.0\Microsoft.Azure.Management.Automanage.Tests.AssemblyInfo.cs(12,7): error CS0246: The type or namespace name 'System' could not be found (are you missing a using directive or an assembly reference?)
C:\gh\azure-sdk-for-net\sdk\automanage\Microsoft.Azure.Management.Automanage\tests\ScenarioTests\AccountsTests.cs(6,11): error CS0246: The type or namespace name 'System' could not be found (are you missing a using directive or an assembly reference?)
C:\gh\azure-sdk-for-net\sdk\automanage\Microsoft.Azure.Management.Automanage\tests\ScenarioTests\AccountsTests.cs(7,11): error CS0246: The type or namespace name 'System' could not be found (are you missing a using directive or an assembly reference?)
C:\gh\azure-sdk-for-net\sdk\automanage\Microsoft.Azure.Management.Automanage\tests\ScenarioTests\AccountsTests.cs(8,11): error CS0246: The type or namespace name 'System' could not be found (are you missing a using directive or an assembly reference?)
C:\gh\azure-sdk-for-net\sdk\automanage\Microsoft.Azure.Management.Automanage\tests\ScenarioTests\AccountsTests.cs(9,11): error CS0246: The type or namespace name 'System' could not be found (are you missing a using directive or an assembly reference?)
C:\gh\azure-sdk-for-net\sdk\automanage\Microsoft.Azure.Management.Automanage\tests\ScenarioTests\AccountsTests.cs(13,21): error CS0234: The type or namespace name 'Rest' does not exist in the namespace 'Microsoft' (are you missing an assembly reference?)
C:\gh\azure-sdk-for-net\sdk\automanage\Microsoft.Azure.Management.Automanage\tests\ScenarioTests\AccountsTests.cs(14,21): error CS0234: The type or namespace name 'Rest' does not exist in the namespace 'Microsoft' (are you missing an assembly reference?)
C:\gh\azure-sdk-for-net\sdk\automanage\Microsoft.Azure.Management.Automanage\tests\ScenarioTests\AccountsTests.cs(15,11): error CS0246: The type or namespace name 'Xunit' could not be found (are you missing a using directive or an assembly reference?)
C:\gh\azure-sdk-for-net\sdk\automanage\Microsoft.Azure.Management.Automanage\tests\ScenarioTests\AccountsTests.cs(16,11): error CS0246: The type or namespace name 'Xunit' could not be found (are you missing a using directive or an assembly reference?)
C:\gh\azure-sdk-for-net\sdk\automanage\Microsoft.Azure.Management.Automanage\tests\ScenarioTests\ConfigurationProfilePreferencesTests.cs(6,11): error CS0246: The type or namespace name 'System' could not be found (are you missing a using directive or an assembly reference?)
C:\gh\azure-sdk-for-net\sdk\automanage\Microsoft.Azure.Management.Automanage\tests\ScenarioTests\ConfigurationProfilePreferencesTests.cs(7,11): error CS0246: The type or namespace name 'System' could not be found (are you missing a using directive or an assembly reference?)
C:\gh\azure-sdk-for-net\sdk\automanage\Microsoft.Azure.Management.Automanage\tests\ScenarioTests\ConfigurationProfilePreferencesTests.cs(8,11): error CS0246: The type or namespace name 'System' could not be found (are you missing a using directive or an assembly reference?)
C:\gh\azure-sdk-for-net\sdk\automanage\Microsoft.Azure.Management.Automanage\tests\ScenarioTests\ConfigurationProfilePreferencesTests.cs(12,21): error CS0234: The type or namespace name 'Rest' does not exist in the namespace 'Microsoft' (are you missing an assembly reference?)
C:\gh\azure-sdk-for-net\sdk\automanage\Microsoft.Azure.Management.Automanage\tests\ScenarioTests\ConfigurationProfilePreferencesTests.cs(13,11): error CS0246: The type or namespace name 'Xunit' could not be found (are you missing a using directive or an assembly reference?)
C:\gh\azure-sdk-for-net\sdk\automanage\Microsoft.Azure.Management.Automanage\tests\ScenarioTests\ConfigurationProfilePreferencesTests.cs(14,11): error CS0246: The type or namespace name 'Xunit' could not be found (are you missing a using directive or an assembly reference?)
C:\gh\azure-sdk-for-net\sdk\automanage\Microsoft.Azure.Management.Automanage\tests\Helpers\RecordedDelegatingHandler.cs(32,57): error CS0518: Predefined type 'System.Void' is not defined or imported
C:\gh\azure-sdk-for-net\sdk\automanage\Microsoft.Azure.Management.Automanage\tests\ScenarioTests\ConfigurationProfilesAssignmentsTests.cs(6,11): error CS0246: The type or namespace name 'System' could not be found (are you missing a using directive or an assembly reference?)
C:\gh\azure-sdk-for-net\sdk\automanage\Microsoft.Azure.Management.Automanage\tests\ScenarioTests\ConfigurationProfilesAssignmentsTests.cs(7,11): error CS0246: The type or namespace name 'System' could not be found (are you missing a using directive or an assembly reference?)
C:\gh\azure-sdk-for-net\sdk\automanage\Microsoft.Azure.Management.Automanage\tests\ScenarioTests\ConfigurationProfilesAssignmentsTests.cs(8,11): error CS0246: The type or namespace name 'System' could not be found (are you missing a using directive or an assembly reference?)
C:\gh\azure-sdk-for-net\sdk\automanage\Microsoft.Azure.Management.Automanage\tests\ScenarioTests\ConfigurationProfilesAssignmentsTests.cs(12,21): error CS0234: The type or namespace name 'Rest' does not exist in the namespace 'Microsoft' (are you missing an assembly reference?)
C:\gh\azure-sdk-for-net\sdk\automanage\Microsoft.Azure.Management.Automanage\tests\ScenarioTests\ConfigurationProfilesAssignmentsTests.cs(13,11): error CS0246: The type or namespace name 'Xunit' could not be found (are you missing a using directive or an assembly reference?)
C:\gh\azure-sdk-for-net\sdk\automanage\Microsoft.Azure.Management.Automanage\tests\ScenarioTests\ConfigurationProfilesAssignmentsTests.cs(14,11): error CS0246: The type or namespace name 'Xunit' could not be found (are you missing a using directive or an assembly reference?)
C:\gh\azure-sdk-for-net\sdk\automanage\Microsoft.Azure.Management.Automanage\tests\ScenarioTests\OperationsTests.cs(6,11): error CS0246: The type or namespace name 'System' could not be found (are you missing a using directive or an assembly reference?)
C:\gh\azure-sdk-for-net\sdk\automanage\Microsoft.Azure.Management.Automanage\tests\ScenarioTests\OperationsTests.cs(7,11): error CS0246: The type or namespace name 'System' could not be found (are you missing a using directive or an assembly reference?)
C:\gh\azure-sdk-for-net\sdk\automanage\Microsoft.Azure.Management.Automanage\tests\ScenarioTests\OperationsTests.cs(8,11): error CS0246: The type or namespace name 'System' could not be found (are you missing a using directive or an assembly reference?)
C:\gh\azure-sdk-for-net\sdk\automanage\Microsoft.Azure.Management.Automanage\tests\ScenarioTests\OperationsTests.cs(9,11): error CS0246: The type or namespace name 'System' could not be found (are you missing a using directive or an assembly reference?)
C:\gh\azure-sdk-for-net\sdk\automanage\Microsoft.Azure.Management.Automanage\tests\ScenarioTests\OperationsTests.cs(13,21): error CS0234: The type or namespace name 'Rest' does not exist in the namespace 'Microsoft' (are you missing an assembly reference?)
C:\gh\azure-sdk-for-net\sdk\automanage\Microsoft.Azure.Management.Automanage\tests\ScenarioTests\OperationsTests.cs(14,21): error CS0234: The type or namespace name 'Rest' does not exist in the namespace 'Microsoft' (are you missing an assembly reference?)
C:\gh\azure-sdk-for-net\sdk\automanage\Microsoft.Azure.Management.Automanage\tests\ScenarioTests\OperationsTests.cs(15,11): error CS0246: The type or namespace name 'Xunit' could not be found (are you missing a using directive or an assembly reference?)
C:\gh\azure-sdk-for-net\sdk\automanage\Microsoft.Azure.Management.Automanage\tests\ScenarioTests\OperationsTests.cs(16,11): error CS0246: The type or namespace name 'Xunit' could not be found (are you missing a using directive or an assembly reference?)
C:\gh\azure-sdk-for-net\sdk\automanage\Microsoft.Azure.Management.Automanage\tests\Helpers\RecordedDelegatingHandler.cs(34,67): error CS0518: Predefined type 'System.Void' is not defined or imported
C:\gh\azure-sdk-for-net\sdk\automanage\Microsoft.Azure.Management.Automanage\tests\ScenarioTests\ConfigurationProfilePreferencesTests.cs(19,17): error CS0518: Predefined type 'System.String' is not defined or imported
C:\gh\azure-sdk-for-net\sdk\automanage\Microsoft.Azure.Management.Automanage\tests\ScenarioTests\ConfigurationProfilePreferencesTests.cs(20,17): error CS0518: Predefined type 'System.String' is not defined or imported
C:\gh\azure-sdk-for-net\sdk\automanage\Microsoft.Azure.Management.Automanage\tests\ScenarioTests\ConfigurationProfilePreferencesTests.cs(21,17): error CS0518: Predefined type 'System.String' is not defined or imported
C:\gh\azure-sdk-for-net\sdk\automanage\Microsoft.Azure.Management.Automanage\tests\Helpers\RecordedDelegatingHandler.cs(36,38): error CS0518: Predefined type 'System.Void' is not defined or imported
C:\gh\azure-sdk-for-net\sdk\automanage\Microsoft.Azure.Management.Automanage\tests\ScenarioTests\TestBase.cs(20,43): error CS0518: Predefined type 'System.Void' is not defined or imported
C:\gh\azure-sdk-for-net\sdk\automanage\Microsoft.Azure.Management.Automanage\tests\ScenarioTests\AccountsTests.cs(28,10): error CS0518: Predefined type 'System.Object' is not defined or imported
C:\gh\azure-sdk-for-net\sdk\automanage\Microsoft.Azure.Management.Automanage\tests\ScenarioTests\AccountsTests.cs(28,10): error CS0246: The type or namespace name 'FactAttribute' could not be found (are you missing a using directive or an assembly reference?)
C:\gh\azure-sdk-for-net\sdk\automanage\Microsoft.Azure.Management.Automanage\tests\ScenarioTests\AccountsTests.cs(28,10): error CS0246: The type or namespace name 'Fact' could not be found (are you missing a using directive or an assembly reference?)
C:\gh\azure-sdk-for-net\sdk\automanage\Microsoft.Azure.Management.Automanage\tests\ScenarioTests\AccountsTests.cs(29,10): error CS0518: Predefined type 'System.Object' is not defined or imported
C:\gh\azure-sdk-for-net\sdk\automanage\Microsoft.Azure.Management.Automanage\tests\ScenarioTests\AccountsTests.cs(29,10): error CS0246: The type or namespace name 'TraitAttribute' could not be found (are you missing a using directive or an assembly reference?)
C:\gh\azure-sdk-for-net\sdk\automanage\Microsoft.Azure.Management.Automanage\tests\ScenarioTests\AccountsTests.cs(29,10): error CS0246: The type or namespace name 'Trait' could not be found (are you missing a using directive or an assembly reference?)
C:\gh\azure-sdk-for-net\sdk\automanage\Microsoft.Azure.Management.Automanage\tests\ScenarioTests\AccountsTests.cs(29,16): error CS0518: Predefined type 'System.String' is not defined or imported
C:\gh\azure-sdk-for-net\sdk\automanage\Microsoft.Azure.Management.Automanage\tests\ScenarioTests\AccountsTests.cs(29,28): error CS0518: Predefined type 'System.String' is not defined or imported
C:\gh\azure-sdk-for-net\sdk\automanage\Microsoft.Azure.Management.Automanage\tests\ScenarioTests\TestBase.cs(22,76): error CS0518: Predefined type 'System.Void' is not defined or imported
C:\gh\azure-sdk-for-net\sdk\automanage\Microsoft.Azure.Management.Automanage\tests\Helpers\RecordedDelegatingHandler.cs(38,57): error CS0518: Predefined type 'System.Void' is not defined or imported
C:\gh\azure-sdk-for-net\sdk\automanage\Microsoft.Azure.Management.Automanage\tests\ScenarioTests\ConfigurationProfilePreferencesTests.cs(28,10): error CS0518: Predefined type 'System.Object' is not defined or imported
C:\gh\azure-sdk-for-net\sdk\automanage\Microsoft.Azure.Management.Automanage\tests\ScenarioTests\ConfigurationProfilePreferencesTests.cs(28,10): error CS0246: The type or namespace name 'FactAttribute' could not be found (are you missing a using directive or an assembly reference?)
C:\gh\azure-sdk-for-net\sdk\automanage\Microsoft.Azure.Management.Automanage\tests\ScenarioTests\ConfigurationProfilePreferencesTests.cs(28,10): error CS0246: The type or namespace name 'Fact' could not be found (are you missing a using directive or an assembly reference?)
C:\gh\azure-sdk-for-net\sdk\automanage\Microsoft.Azure.Management.Automanage\tests\ScenarioTests\ConfigurationProfilePreferencesTests.cs(29,10): error CS0518: Predefined type 'System.Object' is not defined or imported
C:\gh\azure-sdk-for-net\sdk\automanage\Microsoft.Azure.Management.Automanage\tests\ScenarioTests\ConfigurationProfilePreferencesTests.cs(29,10): error CS0246: The type or namespace name 'TraitAttribute' could not be found (are you missing a using directive or an assembly reference?)
C:\gh\azure-sdk-for-net\sdk\automanage\Microsoft.Azure.Management.Automanage\tests\ScenarioTests\ConfigurationProfilePreferencesTests.cs(29,10): error CS0246: The type or namespace name 'Trait' could not be found (are you missing a using directive or an assembly reference?)
C:\gh\azure-sdk-for-net\sdk\automanage\Microsoft.Azure.Management.Automanage\tests\ScenarioTests\ConfigurationProfilePreferencesTests.cs(29,16): error CS0518: Predefined type 'System.String' is not defined or imported
C:\gh\azure-sdk-for-net\sdk\automanage\Microsoft.Azure.Management.Automanage\tests\ScenarioTests\ConfigurationProfilePreferencesTests.cs(29,28): error CS0518: Predefined type 'System.String' is not defined or imported
C:\gh\azure-sdk-for-net\sdk\automanage\Microsoft.Azure.Management.Automanage\tests\ScenarioTests\AccountsTests.cs(42,10): error CS0518: Predefined type 'System.Object' is not defined or imported
C:\gh\azure-sdk-for-net\sdk\automanage\Microsoft.Azure.Management.Automanage\tests\ScenarioTests\AccountsTests.cs(42,10): error CS0246: The type or namespace name 'FactAttribute' could not be found (are you missing a using directive or an assembly reference?)
C:\gh\azure-sdk-for-net\sdk\automanage\Microsoft.Azure.Management.Automanage\tests\ScenarioTests\AccountsTests.cs(42,10): error CS0246: The type or namespace name 'Fact' could not be found (are you missing a using directive or an assembly reference?)
C:\gh\azure-sdk-for-net\sdk\automanage\Microsoft.Azure.Management.Automanage\tests\ScenarioTests\AccountsTests.cs(43,10): error CS0518: Predefined type 'System.Object' is not defined or imported
C:\gh\azure-sdk-for-net\sdk\automanage\Microsoft.Azure.Management.Automanage\tests\ScenarioTests\AccountsTests.cs(43,10): error CS0246: The type or namespace name 'TraitAttribute' could not be found (are you missing a using directive or an assembly reference?)
C:\gh\azure-sdk-for-net\sdk\automanage\Microsoft.Azure.Management.Automanage\tests\ScenarioTests\AccountsTests.cs(43,10): error CS0246: The type or namespace name 'Trait' could not be found (are you missing a using directive or an assembly reference?)
C:\gh\azure-sdk-for-net\sdk\automanage\Microsoft.Azure.Management.Automanage\tests\ScenarioTests\AccountsTests.cs(43,16): error CS0518: Predefined type 'System.String' is not defined or imported
C:\gh\azure-sdk-for-net\sdk\automanage\Microsoft.Azure.Management.Automanage\tests\ScenarioTests\AccountsTests.cs(43,28): error CS0518: Predefined type 'System.String' is not defined or imported
C:\gh\azure-sdk-for-net\sdk\automanage\Microsoft.Azure.Management.Automanage\tests\ScenarioTests\ConfigurationProfilePreferencesTests.cs(41,10): error CS0518: Predefined type 'System.Object' is not defined or imported
C:\gh\azure-sdk-for-net\sdk\automanage\Microsoft.Azure.Management.Automanage\tests\ScenarioTests\ConfigurationProfilePreferencesTests.cs(41,10): error CS0246: The type or namespace name 'FactAttribute' could not be found (are you missing a using directive or an assembly reference?)
C:\gh\azure-sdk-for-net\sdk\automanage\Microsoft.Azure.Management.Automanage\tests\ScenarioTests\ConfigurationProfilePreferencesTests.cs(41,10): error CS0246: The type or namespace name 'Fact' could not be found (are you missing a using directive or an assembly reference?)
C:\gh\azure-sdk-for-net\sdk\automanage\Microsoft.Azure.Management.Automanage\tests\ScenarioTests\ConfigurationProfilePreferencesTests.cs(42,10): error CS0518: Predefined type 'System.Object' is not defined or imported
C:\gh\azure-sdk-for-net\sdk\automanage\Microsoft.Azure.Management.Automanage\tests\ScenarioTests\ConfigurationProfilePreferencesTests.cs(42,10): error CS0246: The type or namespace name 'TraitAttribute' could not be found (are you missing a using directive or an assembly reference?)
C:\gh\azure-sdk-for-net\sdk\automanage\Microsoft.Azure.Management.Automanage\tests\ScenarioTests\ConfigurationProfilePreferencesTests.cs(42,10): error CS0246: The type or namespace name 'Trait' could not be found (are you missing a using directive or an assembly reference?)
C:\gh\azure-sdk-for-net\sdk\automanage\Microsoft.Azure.Management.Automanage\tests\ScenarioTests\ConfigurationProfilePreferencesTests.cs(42,16): error CS0518: Predefined type 'System.String' is not defined or imported
C:\gh\azure-sdk-for-net\sdk\automanage\Microsoft.Azure.Management.Automanage\tests\ScenarioTests\ConfigurationProfilePreferencesTests.cs(42,28): error CS0518: Predefined type 'System.String' is not defined or imported
C:\gh\azure-sdk-for-net\sdk\automanage\Microsoft.Azure.Management.Automanage\tests\ScenarioTests\ConfigurationProfilesAssignmentsTests.cs(28,10): error CS0518: Predefined type 'System.Object' is not defined or imported
C:\gh\azure-sdk-for-net\sdk\automanage\Microsoft.Azure.Management.Automanage\tests\ScenarioTests\ConfigurationProfilesAssignmentsTests.cs(28,10): error CS0246: The type or namespace name 'FactAttribute' could not be found (are you missing a using directive or an assembly reference?)
C:\gh\azure-sdk-for-net\sdk\automanage\Microsoft.Azure.Management.Automanage\tests\ScenarioTests\ConfigurationProfilesAssignmentsTests.cs(28,10): error CS0246: The type or namespace name 'Fact' could not be found (are you missing a using directive or an assembly reference?)
C:\gh\azure-sdk-for-net\sdk\automanage\Microsoft.Azure.Management.Automanage\tests\ScenarioTests\ConfigurationProfilesAssignmentsTests.cs(29,10): error CS0518: Predefined type 'System.Object' is not defined or imported
C:\gh\azure-sdk-for-net\sdk\automanage\Microsoft.Azure.Management.Automanage\tests\ScenarioTests\ConfigurationProfilesAssignmentsTests.cs(29,10): error CS0246: The type or namespace name 'TraitAttribute' could not be found (are you missing a using directive or an assembly reference?)
C:\gh\azure-sdk-for-net\sdk\automanage\Microsoft.Azure.Management.Automanage\tests\ScenarioTests\ConfigurationProfilesAssignmentsTests.cs(29,10): error CS0246: The type or namespace name 'Trait' could not be found (are you missing a using directive or an assembly reference?)
C:\gh\azure-sdk-for-net\sdk\automanage\Microsoft.Azure.Management.Automanage\tests\ScenarioTests\ConfigurationProfilesAssignmentsTests.cs(29,16): error CS0518: Predefined type 'System.String' is not defined or imported
C:\gh\azure-sdk-for-net\sdk\automanage\Microsoft.Azure.Management.Automanage\tests\ScenarioTests\ConfigurationProfilesAssignmentsTests.cs(29,28): error CS0518: Predefined type 'System.String' is not defined or imported
C:\gh\azure-sdk-for-net\sdk\automanage\Microsoft.Azure.Management.Automanage\tests\Helpers\RecordedDelegatingHandler.cs(40,57): error CS0518: Predefined type 'System.Void' is not defined or imported
C:\gh\azure-sdk-for-net\sdk\automanage\Microsoft.Azure.Management.Automanage\tests\ScenarioTests\OperationsTests.cs(28,10): error CS0518: Predefined type 'System.Object' is not defined or imported
C:\gh\azure-sdk-for-net\sdk\automanage\Microsoft.Azure.Management.Automanage\tests\ScenarioTests\OperationsTests.cs(28,10): error CS0246: The type or namespace name 'FactAttribute' could not be found (are you missing a using directive or an assembly reference?)
C:\gh\azure-sdk-for-net\sdk\automanage\Microsoft.Azure.Management.Automanage\tests\ScenarioTests\OperationsTests.cs(28,10): error CS0246: The type or namespace name 'Fact' could not be found (are you missing a using directive or an assembly reference?)
C:\gh\azure-sdk-for-net\sdk\automanage\Microsoft.Azure.Management.Automanage\tests\ScenarioTests\OperationsTests.cs(29,10): error CS0518: Predefined type 'System.Object' is not defined or imported
C:\gh\azure-sdk-for-net\sdk\automanage\Microsoft.Azure.Management.Automanage\tests\ScenarioTests\OperationsTests.cs(29,10): error CS0246: The type or namespace name 'TraitAttribute' could not be found (are you missing a using directive or an assembly reference?)
C:\gh\azure-sdk-for-net\sdk\automanage\Microsoft.Azure.Management.Automanage\tests\ScenarioTests\OperationsTests.cs(29,10): error CS0246: The type or namespace name 'Trait' could not be found (are you missing a using directive or an assembly reference?)
C:\gh\azure-sdk-for-net\sdk\automanage\Microsoft.Azure.Management.Automanage\tests\ScenarioTests\OperationsTests.cs(29,16): error CS0518: Predefined type 'System.String' is not defined or imported
C:\gh\azure-sdk-for-net\sdk\automanage\Microsoft.Azure.Management.Automanage\tests\ScenarioTests\OperationsTests.cs(29,28): error CS0518: Predefined type 'System.String' is not defined or imported
C:\gh\azure-sdk-for-net\sdk\automanage\Microsoft.Azure.Management.Automanage\tests\ScenarioTests\TestBase.cs(20,19): error CS0518: Predefined type 'System.Boolean' is not defined or imported
C:\gh\azure-sdk-for-net\sdk\automanage\Microsoft.Azure.Management.Automanage\tests\ScenarioTests\TestBase.cs(22,19): error CS0518: Predefined type 'System.Object' is not defined or imported
C:\gh\azure-sdk-for-net\sdk\automanage\Microsoft.Azure.Management.Automanage\tests\ScenarioTests\TestBase.cs(22,19): error CS0246: The type or namespace name 'ResourceManagementClient' could not be found (are you missing a using directive or an assembly reference?)
C:\gh\azure-sdk-for-net\sdk\automanage\Microsoft.Azure.Management.Automanage\tests\ScenarioTests\ConfigurationProfilesAssignmentsTests.cs(42,10): error CS0518: Predefined type 'System.Object' is not defined or imported
C:\gh\azure-sdk-for-net\sdk\automanage\Microsoft.Azure.Management.Automanage\tests\ScenarioTests\ConfigurationProfilesAssignmentsTests.cs(42,10): error CS0246: The type or namespace name 'FactAttribute' could not be found (are you missing a using directive or an assembly reference?)
C:\gh\azure-sdk-for-net\sdk\automanage\Microsoft.Azure.Management.Automanage\tests\ScenarioTests\ConfigurationProfilesAssignmentsTests.cs(42,10): error CS0246: The type or namespace name 'Fact' could not be found (are you missing a using directive or an assembly reference?)
C:\gh\azure-sdk-for-net\sdk\automanage\Microsoft.Azure.Management.Automanage\tests\Helpers\RecordedDelegatingHandler.cs(42,41): error CS0518: Predefined type 'System.Void' is not defined or imported
C:\gh\azure-sdk-for-net\sdk\automanage\Microsoft.Azure.Management.Automanage\tests\Helpers\RecordedDelegatingHandler.cs(44,31): error CS0518: Predefined type 'System.Void' is not defined or imported
C:\gh\azure-sdk-for-net\sdk\automanage\Microsoft.Azure.Management.Automanage\tests\Helpers\RecordedDelegatingHandler.cs(46,42): error CS0518: Predefined type 'System.Void' is not defined or imported
C:\gh\azure-sdk-for-net\sdk\automanage\Microsoft.Azure.Management.Automanage\tests\Helpers\RecordedDelegatingHandler.cs(32,16): error CS0518: Predefined type 'System.Object' is not defined or imported
C:\gh\azure-sdk-for-net\sdk\automanage\Microsoft.Azure.Management.Automanage\tests\Helpers\RecordedDelegatingHandler.cs(32,16): error CS0246: The type or namespace name 'HttpStatusCode' could not be found (are you missing a using directive or an assembly reference?)
C:\gh\azure-sdk-for-net\sdk\automanage\Microsoft.Azure.Management.Automanage\tests\Helpers\RecordedDelegatingHandler.cs(34,16): error CS0518: Predefined type 'System.Object' is not defined or imported
C:\gh\azure-sdk-for-net\sdk\automanage\Microsoft.Azure.Management.Automanage\tests\Helpers\RecordedDelegatingHandler.cs(34,16): error CS0246: The type or namespace name 'HttpStatusCode' could not be found (are you missing a using directive or an assembly reference?)
C:\gh\azure-sdk-for-net\sdk\automanage\Microsoft.Azure.Management.Automanage\tests\Helpers\RecordedDelegatingHandler.cs(36,16): error CS0518: Predefined type 'System.String' is not defined or imported
C:\gh\azure-sdk-for-net\sdk\automanage\Microsoft.Azure.Management.Automanage\tests\Helpers\RecordedDelegatingHandler.cs(38,16): error CS0518: Predefined type 'System.Object' is not defined or imported
C:\gh\azure-sdk-for-net\sdk\automanage\Microsoft.Azure.Management.Automanage\tests\Helpers\RecordedDelegatingHandler.cs(38,16): error CS0246: The type or namespace name 'HttpRequestHeaders' could not be found (are you missing a using directive or an assembly reference?)
C:\gh\azure-sdk-for-net\sdk\automanage\Microsoft.Azure.Management.Automanage\tests\Helpers\RecordedDelegatingHandler.cs(40,16): error CS0518: Predefined type 'System.Object' is not defined or imported
C:\gh\azure-sdk-for-net\sdk\automanage\Microsoft.Azure.Management.Automanage\tests\Helpers\RecordedDelegatingHandler.cs(40,16): error CS0246: The type or namespace name 'HttpContentHeaders' could not be found (are you missing a using directive or an assembly reference?)
C:\gh\azure-sdk-for-net\sdk\automanage\Microsoft.Azure.Management.Automanage\tests\Helpers\RecordedDelegatingHandler.cs(42,16): error CS0518: Predefined type 'System.Object' is not defined or imported
C:\gh\azure-sdk-for-net\sdk\automanage\Microsoft.Azure.Management.Automanage\tests\Helpers\RecordedDelegatingHandler.cs(42,16): error CS0246: The type or namespace name 'HttpMethod' could not be found (are you missing a using directive or an assembly reference?)
C:\gh\azure-sdk-for-net\sdk\automanage\Microsoft.Azure.Management.Automanage\tests\Helpers\RecordedDelegatingHandler.cs(44,16): error CS0518: Predefined type 'System.Object' is not defined or imported
C:\gh\azure-sdk-for-net\sdk\automanage\Microsoft.Azure.Management.Automanage\tests\Helpers\RecordedDelegatingHandler.cs(44,16): error CS0246: The type or namespace name 'Uri' could not be found (are you missing a using directive or an assembly reference?)
C:\gh\azure-sdk-for-net\sdk\automanage\Microsoft.Azure.Management.Automanage\tests\Helpers\RecordedDelegatingHandler.cs(46,16): error CS0518: Predefined type 'System.Boolean' is not defined or imported
C:\gh\azure-sdk-for-net\sdk\automanage\Microsoft.Azure.Management.Automanage\tests\ScenarioTests\ConfigurationProfilePreferencesTests.cs(19,33): error CS0518: Predefined type 'System.String' is not defined or imported
C:\gh\azure-sdk-for-net\sdk\automanage\Microsoft.Azure.Management.Automanage\tests\ScenarioTests\ConfigurationProfilePreferencesTests.cs(20,31): error CS0518: Predefined type 'System.String' is not defined or imported
C:\gh\azure-sdk-for-net\sdk\automanage\Microsoft.Azure.Management.Automanage\tests\ScenarioTests\ConfigurationProfilePreferencesTests.cs(21,46): error CS0518: Predefined type 'System.String' is not defined or imported
C:\gh\azure-sdk-for-net\sdk\automanage\Microsoft.Azure.Management.Automanage\tests\ScenarioTests\ConfigurationProfilesAssignmentsTests.cs(19,33): error CS0518: Predefined type 'System.String' is not defined or imported
C:\gh\azure-sdk-for-net\sdk\automanage\Microsoft.Azure.Management.Automanage\tests\ScenarioTests\ConfigurationProfilesAssignmentsTests.cs(20,31): error CS0518: Predefined type 'System.String' is not defined or imported
C:\gh\azure-sdk-for-net\sdk\automanage\Microsoft.Azure.Management.Automanage\tests\ScenarioTests\ConfigurationProfilesAssignmentsTests.cs(21,46): error CS0518: Predefined type 'System.String' is not defined or imported
C:\gh\azure-sdk-for-net\sdk\automanage\Microsoft.Azure.Management.Automanage\tests\Helpers\RecordedDelegatingHandler.cs(21,34): error CS0518: Predefined type 'System.Object' is not defined or imported
C:\gh\azure-sdk-for-net\sdk\automanage\Microsoft.Azure.Management.Automanage\tests\Helpers\RecordedDelegatingHandler.cs(21,34): error CS0103: The name 'HttpStatusCode' does not exist in the current context
C:\gh\azure-sdk-for-net\sdk\automanage\Microsoft.Azure.Management.Automanage\tests\ScenarioTests\OperationsTests.cs(25,27): error CS0518: Predefined type 'System.Object' is not defined or imported
C:\gh\azure-sdk-for-net\sdk\automanage\Microsoft.Azure.Management.Automanage\tests\ScenarioTests\OperationsTests.cs(25,86): error CS0518: Predefined type 'System.Object' is not defined or imported
C:\gh\azure-sdk-for-net\sdk\automanage\Microsoft.Azure.Management.Automanage\tests\ScenarioTests\OperationsTests.cs(25,86): error CS0103: The name 'HttpStatusCode' does not exist in the current context
C:\gh\azure-sdk-for-net\sdk\automanage\Microsoft.Azure.Management.Automanage\tests\ScenarioTests\AccountsTests.cs(25,27): error CS0518: Predefined type 'System.Object' is not defined or imported
C:\gh\azure-sdk-for-net\sdk\automanage\Microsoft.Azure.Management.Automanage\tests\ScenarioTests\AccountsTests.cs(25,86): error CS0518: Predefined type 'System.Object' is not defined or imported
C:\gh\azure-sdk-for-net\sdk\automanage\Microsoft.Azure.Management.Automanage\tests\ScenarioTests\AccountsTests.cs(25,86): error CS0103: The name 'HttpStatusCode' does not exist in the current context
C:\gh\azure-sdk-for-net\sdk\automanage\Microsoft.Azure.Management.Automanage\tests\ScenarioTests\ConfigurationProfilePreferencesTests.cs(25,27): error CS0518: Predefined type 'System.Object' is not defined or imported
C:\gh\azure-sdk-for-net\sdk\automanage\Microsoft.Azure.Management.Automanage\tests\ScenarioTests\ConfigurationProfilePreferencesTests.cs(25,86): error CS0518: Predefined type 'System.Object' is not defined or imported
C:\gh\azure-sdk-for-net\sdk\automanage\Microsoft.Azure.Management.Automanage\tests\ScenarioTests\ConfigurationProfilePreferencesTests.cs(25,86): error CS0103: The name 'HttpStatusCode' does not exist in the current context
C:\gh\azure-sdk-for-net\sdk\automanage\Microsoft.Azure.Management.Automanage\tests\ScenarioTests\ConfigurationProfilesAssignmentsTests.cs(25,27): error CS0518: Predefined type 'System.Object' is not defined or imported
C:\gh\azure-sdk-for-net\sdk\automanage\Microsoft.Azure.Management.Automanage\tests\ScenarioTests\ConfigurationProfilesAssignmentsTests.cs(25,86): error CS0518: Predefined type 'System.Object' is not defined or imported
C:\gh\azure-sdk-for-net\sdk\automanage\Microsoft.Azure.Management.Automanage\tests\ScenarioTests\ConfigurationProfilesAssignmentsTests.cs(25,86): error CS0103: The name 'HttpStatusCode' does not exist in the current context
C:\gh\azure-sdk-for-net\sdk\automanage\Microsoft.Azure.Management.Automanage\tests\ScenarioTests\TestBase.cs(27,13): error CS0518: Predefined type 'System.Object' is not defined or imported
C:\gh\azure-sdk-for-net\sdk\automanage\Microsoft.Azure.Management.Automanage\tests\ScenarioTests\TestBase.cs(27,13): error CS0103: The name 'HttpMockServer' does not exist in the current context
C:\gh\azure-sdk-for-net\sdk\automanage\Microsoft.Azure.Management.Automanage\tests\ScenarioTests\TestBase.cs(27,47): error CS0518: Predefined type 'System.Object' is not defined or imported
C:\gh\azure-sdk-for-net\sdk\automanage\Microsoft.Azure.Management.Automanage\tests\ScenarioTests\TestBase.cs(27,47): error CS0103: The name 'Path' does not exist in the current context
C:\gh\azure-sdk-for-net\sdk\automanage\Microsoft.Azure.Management.Automanage\tests\ScenarioTests\TestBase.cs(27,60): error CS0518: Predefined type 'System.Object' is not defined or imported
C:\gh\azure-sdk-for-net\sdk\automanage\Microsoft.Azure.Management.Automanage\tests\ScenarioTests\TestBase.cs(27,60): error CS0103: The name 'AppDomain' does not exist in the current context
C:\gh\azure-sdk-for-net\sdk\automanage\Microsoft.Azure.Management.Automanage\tests\ScenarioTests\TestBase.cs(27,99): error CS0518: Predefined type 'System.String' is not defined or imported
C:\gh\azure-sdk-for-net\sdk\automanage\Microsoft.Azure.Management.Automanage\tests\ScenarioTests\TestBase.cs(28,32): error CS0518: Predefined type 'System.Boolean' is not defined or imported
C:\gh\azure-sdk-for-net\sdk\automanage\Microsoft.Azure.Management.Automanage\tests\ScenarioTests\TestBase.cs(24,16): error CS1729: 'object' does not contain a constructor that takes 0 arguments
C:\gh\azure-sdk-for-net\sdk\automanage\Microsoft.Azure.Management.Automanage\tests\Helpers\RecordedDelegatingHandler.cs(27,34): error CS0518: Predefined type 'System.Object' is not defined or imported
C:\gh\azure-sdk-for-net\sdk\automanage\Microsoft.Azure.Management.Automanage\tests\Helpers\RecordedDelegatingHandler.cs(27,34): error CS0103: The name 'HttpStatusCode' does not exist in the current context
C:\gh\azure-sdk-for-net\sdk\automanage\Microsoft.Azure.Management.Automanage\tests\ScenarioTests\ConfigurationProfilePreferencesTests.cs(32,33): error CS0518: Predefined type 'System.Object' is not defined or imported
C:\gh\azure-sdk-for-net\sdk\automanage\Microsoft.Azure.Management.Automanage\tests\ScenarioTests\ConfigurationProfilePreferencesTests.cs(32,33): error CS1061: 'ConfigurationProfilePreferencesTests' does not contain a definition for 'GetType' and no accessible extension method 'GetType' accepting a first argument of type 'ConfigurationProfilePreferencesTests' could be found (are you missing a using directive or an assembly reference?)
C:\gh\azure-sdk-for-net\sdk\automanage\Microsoft.Azure.Management.Automanage\tests\ScenarioTests\ConfigurationProfilePreferencesTests.cs(33,13): error CS0518: Predefined type 'System.IDisposable' is not defined or imported
C:\gh\azure-sdk-for-net\sdk\automanage\Microsoft.Azure.Management.Automanage\tests\ScenarioTests\ConfigurationProfilePreferencesTests.cs(33,20): error CS0518: Predefined type 'System.Object' is not defined or imported
C:\gh\azure-sdk-for-net\sdk\automanage\Microsoft.Azure.Management.Automanage\tests\ScenarioTests\ConfigurationProfilePreferencesTests.cs(33,20): error CS0246: The type or namespace name 'MockContext' could not be found (are you missing a using directive or an assembly reference?)
C:\gh\azure-sdk-for-net\sdk\automanage\Microsoft.Azure.Management.Automanage\tests\ScenarioTests\ConfigurationProfilePreferencesTests.cs(33,42): error CS0518: Predefined type 'System.Object' is not defined or imported
C:\gh\azure-sdk-for-net\sdk\automanage\Microsoft.Azure.Management.Automanage\tests\ScenarioTests\ConfigurationProfilePreferencesTests.cs(33,42): error CS0103: The name 'MockContext' does not exist in the current context
C:\gh\azure-sdk-for-net\sdk\automanage\Microsoft.Azure.Management.Automanage\tests\ScenarioTests\ConfigurationProfilePreferencesTests.cs(35,40): error CS0518: Predefined type 'System.Object' is not defined or imported
C:\gh\azure-sdk-for-net\sdk\automanage\Microsoft.Azure.Management.Automanage\tests\ScenarioTests\ConfigurationProfilePreferencesTests.cs(36,99): error CS0518: Predefined type 'System.String' is not defined or imported
C:\gh\azure-sdk-for-net\sdk\automanage\Microsoft.Azure.Management.Automanage\tests\ScenarioTests\ConfigurationProfilePreferencesTests.cs(36,30): error CS0246: The type or namespace name 'IEnumerable<>' could not be found (are you missing a using directive or an assembly reference?)
C:\gh\azure-sdk-for-net\sdk\automanage\Microsoft.Azure.Management.Automanage\tests\ScenarioTests\ConfigurationProfilePreferencesTests.cs(37,17): error CS0518: Predefined type 'System.Object' is not defined or imported
C:\gh\azure-sdk-for-net\sdk\automanage\Microsoft.Azure.Management.Automanage\tests\ScenarioTests\ConfigurationProfilePreferencesTests.cs(37,17): error CS0103: The name 'Assert' does not exist in the current context
C:\gh\azure-sdk-for-net\sdk\automanage\Microsoft.Azure.Management.Automanage\tests\ScenarioTests\ConfigurationProfilesAssignmentsTests.cs(32,33): error CS0518: Predefined type 'System.Object' is not defined or imported
C:\gh\azure-sdk-for-net\sdk\automanage\Microsoft.Azure.Management.Automanage\tests\ScenarioTests\ConfigurationProfilesAssignmentsTests.cs(32,33): error CS1061: 'ConfigurationProfilesAssignmentsTests' does not contain a definition for 'GetType' and no accessible extension method 'GetType' accepting a first argument of type 'ConfigurationProfilesAssignmentsTests' could be found (are you missing a using directive or an assembly reference?)
C:\gh\azure-sdk-for-net\sdk\automanage\Microsoft.Azure.Management.Automanage\tests\ScenarioTests\ConfigurationProfilesAssignmentsTests.cs(33,13): error CS0518: Predefined type 'System.IDisposable' is not defined or imported
C:\gh\azure-sdk-for-net\sdk\automanage\Microsoft.Azure.Management.Automanage\tests\ScenarioTests\ConfigurationProfilesAssignmentsTests.cs(33,20): error CS0518: Predefined type 'System.Object' is not defined or imported
C:\gh\azure-sdk-for-net\sdk\automanage\Microsoft.Azure.Management.Automanage\tests\ScenarioTests\ConfigurationProfilesAssignmentsTests.cs(33,20): error CS0246: The type or namespace name 'MockContext' could not be found (are you missing a using directive or an assembly reference?)
C:\gh\azure-sdk-for-net\sdk\automanage\Microsoft.Azure.Management.Automanage\tests\ScenarioTests\ConfigurationProfilesAssignmentsTests.cs(33,42): error CS0518: Predefined type 'System.Object' is not defined or imported
C:\gh\azure-sdk-for-net\sdk\automanage\Microsoft.Azure.Management.Automanage\tests\ScenarioTests\ConfigurationProfilesAssignmentsTests.cs(33,42): error CS0103: The name 'MockContext' does not exist in the current context
C:\gh\azure-sdk-for-net\sdk\automanage\Microsoft.Azure.Management.Automanage\tests\ScenarioTests\ConfigurationProfilesAssignmentsTests.cs(35,40): error CS0518: Predefined type 'System.Object' is not defined or imported
C:\gh\azure-sdk-for-net\sdk\automanage\Microsoft.Azure.Management.Automanage\tests\ScenarioTests\ConfigurationProfilesAssignmentsTests.cs(37,84): error CS0518: Predefined type 'System.String' is not defined or imported
C:\gh\azure-sdk-for-net\sdk\automanage\Microsoft.Azure.Management.Automanage\tests\ScenarioTests\ConfigurationProfilesAssignmentsTests.cs(37,30): error CS0246: The type or namespace name 'IEnumerable<>' could not be found (are you missing a using directive or an assembly reference?)
C:\gh\azure-sdk-for-net\sdk\automanage\Microsoft.Azure.Management.Automanage\tests\ScenarioTests\ConfigurationProfilesAssignmentsTests.cs(38,17): error CS0518: Predefined type 'System.Object' is not defined or imported
C:\gh\azure-sdk-for-net\sdk\automanage\Microsoft.Azure.Management.Automanage\tests\ScenarioTests\ConfigurationProfilesAssignmentsTests.cs(38,17): error CS0103: The name 'Assert' does not exist in the current context
C:\gh\azure-sdk-for-net\sdk\automanage\Microsoft.Azure.Management.Automanage\tests\ScenarioTests\OperationsTests.cs(32,33): error CS0518: Predefined type 'System.Object' is not defined or imported
C:\gh\azure-sdk-for-net\sdk\automanage\Microsoft.Azure.Management.Automanage\tests\ScenarioTests\OperationsTests.cs(32,33): error CS1061: 'OperationsTests' does not contain a definition for 'GetType' and no accessible extension method 'GetType' accepting a first argument of type 'OperationsTests' could be found (are you missing a using directive or an assembly reference?)
C:\gh\azure-sdk-for-net\sdk\automanage\Microsoft.Azure.Management.Automanage\tests\ScenarioTests\OperationsTests.cs(33,13): error CS0518: Predefined type 'System.IDisposable' is not defined or imported
C:\gh\azure-sdk-for-net\sdk\automanage\Microsoft.Azure.Management.Automanage\tests\ScenarioTests\OperationsTests.cs(33,20): error CS0518: Predefined type 'System.Object' is not defined or imported
C:\gh\azure-sdk-for-net\sdk\automanage\Microsoft.Azure.Management.Automanage\tests\ScenarioTests\OperationsTests.cs(33,20): error CS0246: The type or namespace name 'MockContext' could not be found (are you missing a using directive or an assembly reference?)
C:\gh\azure-sdk-for-net\sdk\automanage\Microsoft.Azure.Management.Automanage\tests\ScenarioTests\OperationsTests.cs(33,42): error CS0518: Predefined type 'System.Object' is not defined or imported
C:\gh\azure-sdk-for-net\sdk\automanage\Microsoft.Azure.Management.Automanage\tests\ScenarioTests\OperationsTests.cs(33,42): error CS0103: The name 'MockContext' does not exist in the current context
C:\gh\azure-sdk-for-net\sdk\automanage\Microsoft.Azure.Management.Automanage\tests\ScenarioTests\OperationsTests.cs(35,40): error CS0518: Predefined type 'System.Object' is not defined or imported
C:\gh\azure-sdk-for-net\sdk\automanage\Microsoft.Azure.Management.Automanage\tests\ScenarioTests\OperationsTests.cs(37,30): error CS0246: The type or namespace name 'IEnumerable<>' could not be found (are you missing a using directive or an assembly reference?)
C:\gh\azure-sdk-for-net\sdk\automanage\Microsoft.Azure.Management.Automanage\tests\ScenarioTests\OperationsTests.cs(39,17): error CS0518: Predefined type 'System.Object' is not defined or imported
C:\gh\azure-sdk-for-net\sdk\automanage\Microsoft.Azure.Management.Automanage\tests\ScenarioTests\OperationsTests.cs(39,17): error CS0103: The name 'Assert' does not exist in the current context
C:\gh\azure-sdk-for-net\sdk\automanage\Microsoft.Azure.Management.Automanage\tests\ScenarioTests\OperationsTests.cs(40,21): error CS0518: Predefined type 'System.Boolean' is not defined or imported
C:\gh\azure-sdk-for-net\sdk\automanage\Microsoft.Azure.Management.Automanage\tests\ScenarioTests\OperationsTests.cs(42,21): error CS0518: Predefined type 'System.Object' is not defined or imported
C:\gh\azure-sdk-for-net\sdk\automanage\Microsoft.Azure.Management.Automanage\tests\ScenarioTests\AccountsTests.cs(32,33): error CS0518: Predefined type 'System.Object' is not defined or imported
C:\gh\azure-sdk-for-net\sdk\automanage\Microsoft.Azure.Management.Automanage\tests\ScenarioTests\AccountsTests.cs(32,33): error CS1061: 'AccountsTests' does not contain a definition for 'GetType' and no accessible extension method 'GetType' accepting a first argument of type 'AccountsTests' could be found (are you missing a using directive or an assembly reference?)
C:\gh\azure-sdk-for-net\sdk\automanage\Microsoft.Azure.Management.Automanage\tests\ScenarioTests\AccountsTests.cs(33,13): error CS0518: Predefined type 'System.IDisposable' is not defined or imported
C:\gh\azure-sdk-for-net\sdk\automanage\Microsoft.Azure.Management.Automanage\tests\ScenarioTests\AccountsTests.cs(33,20): error CS0518: Predefined type 'System.Object' is not defined or imported
C:\gh\azure-sdk-for-net\sdk\automanage\Microsoft.Azure.Management.Automanage\tests\ScenarioTests\AccountsTests.cs(33,20): error CS0246: The type or namespace name 'MockContext' could not be found (are you missing a using directive or an assembly reference?)
C:\gh\azure-sdk-for-net\sdk\automanage\Microsoft.Azure.Management.Automanage\tests\ScenarioTests\AccountsTests.cs(33,42): error CS0518: Predefined type 'System.Object' is not defined or imported
C:\gh\azure-sdk-for-net\sdk\automanage\Microsoft.Azure.Management.Automanage\tests\ScenarioTests\AccountsTests.cs(33,42): error CS0103: The name 'MockContext' does not exist in the current context
C:\gh\azure-sdk-for-net\sdk\automanage\Microsoft.Azure.Management.Automanage\tests\ScenarioTests\AccountsTests.cs(35,40): error CS0518: Predefined type 'System.Object' is not defined or imported
C:\gh\azure-sdk-for-net\sdk\automanage\Microsoft.Azure.Management.Automanage\tests\ScenarioTests\AccountsTests.cs(36,71): error CS0518: Predefined type 'System.String' is not defined or imported
C:\gh\azure-sdk-for-net\sdk\automanage\Microsoft.Azure.Management.Automanage\tests\ScenarioTests\AccountsTests.cs(36,25): error CS0246: The type or namespace name 'IEnumerable<>' could not be found (are you missing a using directive or an assembly reference?)
C:\gh\azure-sdk-for-net\sdk\automanage\Microsoft.Azure.Management.Automanage\tests\ScenarioTests\AccountsTests.cs(37,60): error CS0518: Predefined type 'System.String' is not defined or imported
C:\gh\azure-sdk-for-net\sdk\automanage\Microsoft.Azure.Management.Automanage\tests\ScenarioTests\AccountsTests.cs(37,83): error CS0518: Predefined type 'System.String' is not defined or imported
C:\gh\azure-sdk-for-net\sdk\automanage\Microsoft.Azure.Management.Automanage\tests\ScenarioTests\AccountsTests.cs(37,30): error CS0518: Predefined type 'System.String' is not defined or imported
C:\gh\azure-sdk-for-net\sdk\automanage\Microsoft.Azure.Management.Automanage\tests\ScenarioTests\AccountsTests.cs(38,17): error CS0518: Predefined type 'System.Object' is not defined or imported
C:\gh\azure-sdk-for-net\sdk\automanage\Microsoft.Azure.Management.Automanage\tests\ScenarioTests\AccountsTests.cs(38,17): error CS0103: The name 'Assert' does not exist in the current context
C:\gh\azure-sdk-for-net\sdk\automanage\Microsoft.Azure.Management.Automanage\tests\Helpers\RecordedDelegatingHandler.cs(54,17): error CS0518: Predefined type 'System.Boolean' is not defined or imported
C:\gh\azure-sdk-for-net\sdk\automanage\Microsoft.Azure.Management.Automanage\tests\Helpers\RecordedDelegatingHandler.cs(54,17): error CS0518: Predefined type 'System.Boolean' is not defined or imported
C:\gh\azure-sdk-for-net\sdk\automanage\Microsoft.Azure.Management.Automanage\tests\Helpers\RecordedDelegatingHandler.cs(56,27): error CS0518: Predefined type 'System.String' is not defined or imported
C:\gh\azure-sdk-for-net\sdk\automanage\Microsoft.Azure.Management.Automanage\tests\Helpers\RecordedDelegatingHandler.cs(63,17): error CS0518: Predefined type 'System.Boolean' is not defined or imported
C:\gh\azure-sdk-for-net\sdk\automanage\Microsoft.Azure.Management.Automanage\tests\Helpers\RecordedDelegatingHandler.cs(63,17): error CS0518: Predefined type 'System.Boolean' is not defined or imported
C:\gh\azure-sdk-for-net\sdk\automanage\Microsoft.Azure.Management.Automanage\tests\Helpers\RecordedDelegatingHandler.cs(71,17): error CS0518: Predefined type 'System.Boolean' is not defined or imported
C:\gh\azure-sdk-for-net\sdk\automanage\Microsoft.Azure.Management.Automanage\tests\Helpers\RecordedDelegatingHandler.cs(78,21): error CS0518: Predefined type 'System.Boolean' is not defined or imported
C:\gh\azure-sdk-for-net\sdk\automanage\Microsoft.Azure.Management.Automanage\tests\Helpers\RecordedDelegatingHandler.cs(78,53): error CS0518: Predefined type 'System.Int32' is not defined or imported
C:\gh\azure-sdk-for-net\sdk\automanage\Microsoft.Azure.Management.Automanage\tests\Helpers\RecordedDelegatingHandler.cs(78,42): error CS0518: Predefined type 'System.Boolean' is not defined or imported
C:\gh\azure-sdk-for-net\sdk\automanage\Microsoft.Azure.Management.Automanage\tests\Helpers\RecordedDelegatingHandler.cs(78,21): error CS0518: Predefined type 'System.Boolean' is not defined or imported
C:\gh\azure-sdk-for-net\sdk\automanage\Microsoft.Azure.Management.Automanage\tests\Helpers\RecordedDelegatingHandler.cs(85,35): error CS0518: Predefined type 'System.Int32' is not defined or imported
C:\gh\azure-sdk-for-net\sdk\automanage\Microsoft.Azure.Management.Automanage\tests\Helpers\RecordedDelegatingHandler.cs(85,25): error CS0518: Predefined type 'System.Boolean' is not defined or imported
C:\gh\azure-sdk-for-net\sdk\automanage\Microsoft.Azure.Management.Automanage\tests\Helpers\RecordedDelegatingHandler.cs(85,25): error CS0518: Predefined type 'System.Boolean' is not defined or imported
C:\gh\azure-sdk-for-net\sdk\automanage\Microsoft.Azure.Management.Automanage\tests\Helpers\RecordedDelegatingHandler.cs(87,21): error CS0518: Predefined type 'System.Object' is not defined or imported
C:\gh\azure-sdk-for-net\sdk\automanage\Microsoft.Azure.Management.Automanage\tests\Helpers\RecordedDelegatingHandler.cs(87,21): error CS0246: The type or namespace name 'HttpResponseMessage' could not be found (are you missing a using directive or an assembly reference?)
C:\gh\azure-sdk-for-net\sdk\automanage\Microsoft.Azure.Management.Automanage\tests\Helpers\RecordedDelegatingHandler.cs(87,56): error CS0518: Predefined type 'System.Object' is not defined or imported
C:\gh\azure-sdk-for-net\sdk\automanage\Microsoft.Azure.Management.Automanage\tests\Helpers\RecordedDelegatingHandler.cs(87,56): error CS0246: The type or namespace name 'HttpResponseMessage' could not be found (are you missing a using directive or an assembly reference?)
C:\gh\azure-sdk-for-net\sdk\automanage\Microsoft.Azure.Management.Automanage\tests\Helpers\RecordedDelegatingHandler.cs(88,44): error CS0518: Predefined type 'System.Object' is not defined or imported
C:\gh\azure-sdk-for-net\sdk\automanage\Microsoft.Azure.Management.Automanage\tests\Helpers\RecordedDelegatingHandler.cs(88,44): error CS0246: The type or namespace name 'StringContent' could not be found (are you missing a using directive or an assembly reference?)
C:\gh\azure-sdk-for-net\sdk\automanage\Microsoft.Azure.Management.Automanage\tests\Helpers\RecordedDelegatingHandler.cs(88,58): error CS0518: Predefined type 'System.String' is not defined or imported
C:\gh\azure-sdk-for-net\sdk\automanage\Microsoft.Azure.Management.Automanage\tests\ScenarioTests\ConfigurationProfilePreferencesTests.cs(45,33): error CS0518: Predefined type 'System.Object' is not defined or imported
C:\gh\azure-sdk-for-net\sdk\automanage\Microsoft.Azure.Management.Automanage\tests\ScenarioTests\ConfigurationProfilePreferencesTests.cs(45,33): error CS1061: 'ConfigurationProfilePreferencesTests' does not contain a definition for 'GetType' and no accessible extension method 'GetType' accepting a first argument of type 'ConfigurationProfilePreferencesTests' could be found (are you missing a using directive or an assembly reference?)
C:\gh\azure-sdk-for-net\sdk\automanage\Microsoft.Azure.Management.Automanage\tests\ScenarioTests\ConfigurationProfilePreferencesTests.cs(46,13): error CS0518: Predefined type 'System.IDisposable' is not defined or imported
C:\gh\azure-sdk-for-net\sdk\automanage\Microsoft.Azure.Management.Automanage\tests\ScenarioTests\ConfigurationProfilePreferencesTests.cs(46,20): error CS0518: Predefined type 'System.Object' is not defined or imported
C:\gh\azure-sdk-for-net\sdk\automanage\Microsoft.Azure.Management.Automanage\tests\ScenarioTests\ConfigurationProfilePreferencesTests.cs(46,20): error CS0246: The type or namespace name 'MockContext' could not be found (are you missing a using directive or an assembly reference?)
C:\gh\azure-sdk-for-net\sdk\automanage\Microsoft.Azure.Management.Automanage\tests\ScenarioTests\ConfigurationProfilePreferencesTests.cs(46,42): error CS0518: Predefined type 'System.Object' is not defined or imported
C:\gh\azure-sdk-for-net\sdk\automanage\Microsoft.Azure.Management.Automanage\tests\ScenarioTests\ConfigurationProfilePreferencesTests.cs(46,42): error CS0103: The name 'MockContext' does not exist in the current context
C:\gh\azure-sdk-for-net\sdk\automanage\Microsoft.Azure.Management.Automanage\tests\ScenarioTests\ConfigurationProfilePreferencesTests.cs(48,40): error CS0518: Predefined type 'System.Object' is not defined or imported
C:\gh\azure-sdk-for-net\sdk\automanage\Microsoft.Azure.Management.Automanage\tests\ScenarioTests\ConfigurationProfilePreferencesTests.cs(49,83): error CS0518: Predefined type 'System.String' is not defined or imported
C:\gh\azure-sdk-for-net\sdk\automanage\Microsoft.Azure.Management.Automanage\tests\ScenarioTests\ConfigurationProfilePreferencesTests.cs(49,103): error CS0518: Predefined type 'System.String' is not defined or imported
C:\gh\azure-sdk-for-net\sdk\automanage\Microsoft.Azure.Management.Automanage\tests\ScenarioTests\ConfigurationProfilePreferencesTests.cs(49,30): error CS0518: Predefined type 'System.String' is not defined or imported
C:\gh\azure-sdk-for-net\sdk\automanage\Microsoft.Azure.Management.Automanage\tests\ScenarioTests\ConfigurationProfilePreferencesTests.cs(50,17): error CS0518: Predefined type 'System.Object' is not defined or imported
C:\gh\azure-sdk-for-net\sdk\automanage\Microsoft.Azure.Management.Automanage\tests\ScenarioTests\ConfigurationProfilePreferencesTests.cs(50,17): error CS0103: The name 'Assert' does not exist in the current context
C:\gh\azure-sdk-for-net\sdk\automanage\Microsoft.Azure.Management.Automanage\tests\ScenarioTests\TestBase.cs(33,17): error CS0518: Predefined type 'System.Boolean' is not defined or imported
C:\gh\azure-sdk-for-net\sdk\automanage\Microsoft.Azure.Management.Automanage\tests\ScenarioTests\TestBase.cs(35,41): error CS0518: Predefined type 'System.Boolean' is not defined or imported
C:\gh\azure-sdk-for-net\sdk\automanage\Microsoft.Azure.Management.Automanage\tests\ScenarioTests\TestBase.cs(38,13): error CS0518: Predefined type 'System.Object' is not defined or imported
C:\gh\azure-sdk-for-net\sdk\automanage\Microsoft.Azure.Management.Automanage\tests\ScenarioTests\TestBase.cs(39,13): error CS0518: Predefined type 'System.String' is not defined or imported
C:\gh\azure-sdk-for-net\sdk\automanage\Microsoft.Azure.Management.Automanage\tests\ScenarioTests\TestBase.cs(39,31): error CS0518: Predefined type 'System.Object' is not defined or imported
C:\gh\azure-sdk-for-net\sdk\automanage\Microsoft.Azure.Management.Automanage\tests\ScenarioTests\TestBase.cs(39,31): error CS0103: The name 'Environment' does not exist in the current context
C:\gh\azure-sdk-for-net\sdk\automanage\Microsoft.Azure.Management.Automanage\tests\ScenarioTests\TestBase.cs(39,66): error CS0518: Predefined type 'System.String' is not defined or imported
C:\gh\azure-sdk-for-net\sdk\automanage\Microsoft.Azure.Management.Automanage\tests\ScenarioTests\TestBase.cs(39,85): error CS0518: Predefined type 'System.Object' is not defined or imported
C:\gh\azure-sdk-for-net\sdk\automanage\Microsoft.Azure.Management.Automanage\tests\ScenarioTests\TestBase.cs(39,85): error CS0103: The name 'EnvironmentVariableTarget' does not exist in the current context
C:\gh\azure-sdk-for-net\sdk\automanage\Microsoft.Azure.Management.Automanage\tests\ScenarioTests\TestBase.cs(40,17): error CS0518: Predefined type 'System.String' is not defined or imported
C:\gh\azure-sdk-for-net\sdk\automanage\Microsoft.Azure.Management.Automanage\tests\ScenarioTests\TestBase.cs(40,41): error CS0518: Predefined type 'System.String' is not defined or imported
C:\gh\azure-sdk-for-net\sdk\automanage\Microsoft.Azure.Management.Automanage\tests\ScenarioTests\TestBase.cs(40,51): error CS0518: Predefined type 'System.Object' is not defined or imported
C:\gh\azure-sdk-for-net\sdk\automanage\Microsoft.Azure.Management.Automanage\tests\ScenarioTests\TestBase.cs(40,51): error CS0103: The name 'StringComparison' does not exist in the current context
C:\gh\azure-sdk-for-net\sdk\automanage\Microsoft.Azure.Management.Automanage\tests\ScenarioTests\TestBase.cs(40,17): error CS0518: Predefined type 'System.Boolean' is not defined or imported
C:\gh\azure-sdk-for-net\sdk\automanage\Microsoft.Azure.Management.Automanage\tests\ScenarioTests\TestBase.cs(42,36): error CS0518: Predefined type 'System.Boolean' is not defined or imported
C:\gh\azure-sdk-for-net\sdk\automanage\Microsoft.Azure.Management.Automanage\tests\ScenarioTests\TestBase.cs(43,17): error CS0518: Predefined type 'System.String' is not defined or imported
C:\gh\azure-sdk-for-net\sdk\automanage\Microsoft.Azure.Management.Automanage\tests\ScenarioTests\TestBase.cs(43,43): error CS0518: Predefined type 'System.Object' is not defined or imported
C:\gh\azure-sdk-for-net\sdk\automanage\Microsoft.Azure.Management.Automanage\tests\ScenarioTests\TestBase.cs(43,43): error CS0103: The name 'Environment' does not exist in the current context
C:\gh\azure-sdk-for-net\sdk\automanage\Microsoft.Azure.Management.Automanage\tests\ScenarioTests\TestBase.cs(43,78): error CS0518: Predefined type 'System.String' is not defined or imported
C:\gh\azure-sdk-for-net\sdk\automanage\Microsoft.Azure.Management.Automanage\tests\ScenarioTests\TestBase.cs(43,111): error CS0518: Predefined type 'System.Object' is not defined or imported
C:\gh\azure-sdk-for-net\sdk\automanage\Microsoft.Azure.Management.Automanage\tests\ScenarioTests\TestBase.cs(43,111): error CS0103: The name 'EnvironmentVariableTarget' does not exist in the current context
C:\gh\azure-sdk-for-net\sdk\automanage\Microsoft.Azure.Management.Automanage\tests\ScenarioTests\TestBase.cs(45,17): error CS0518: Predefined type 'System.Object' is not defined or imported
C:\gh\azure-sdk-for-net\sdk\automanage\Microsoft.Azure.Management.Automanage\tests\ScenarioTests\TestBase.cs(45,17): error CS0246: The type or namespace name 'TestEnvironment' could not be found (are you missing a using directive or an assembly reference?)
C:\gh\azure-sdk-for-net\sdk\automanage\Microsoft.Azure.Management.Automanage\tests\ScenarioTests\TestBase.cs(45,43): error CS0518: Predefined type 'System.Object' is not defined or imported
C:\gh\azure-sdk-for-net\sdk\automanage\Microsoft.Azure.Management.Automanage\tests\ScenarioTests\TestBase.cs(45,43): error CS0246: The type or namespace name 'TestEnvironment' could not be found (are you missing a using directive or an assembly reference?)
C:\gh\azure-sdk-for-net\sdk\automanage\Microsoft.Azure.Management.Automanage\tests\ScenarioTests\TestBase.cs(46,51): error CS0518: Predefined type 'System.Object' is not defined or imported
C:\gh\azure-sdk-for-net\sdk\automanage\Microsoft.Azure.Management.Automanage\tests\ScenarioTests\TestBase.cs(48,46): error CS0518: Predefined type 'System.Object' is not defined or imported
C:\gh\azure-sdk-for-net\sdk\automanage\Microsoft.Azure.Management.Automanage\tests\ScenarioTests\TestBase.cs(48,105): error CS0518: Predefined type 'System.Object' is not defined or imported
C:\gh\azure-sdk-for-net\sdk\automanage\Microsoft.Azure.Management.Automanage\tests\ScenarioTests\TestBase.cs(48,105): error CS0103: The name 'System' does not exist in the current context
C:\gh\azure-sdk-for-net\sdk\automanage\Microsoft.Azure.Management.Automanage\tests\ScenarioTests\TestBase.cs(50,22): error CS0518: Predefined type 'System.Object' is not defined or imported
C:\gh\azure-sdk-for-net\sdk\automanage\Microsoft.Azure.Management.Automanage\tests\ScenarioTests\TestBase.cs(54,51): error CS0518: Predefined type 'System.Object' is not defined or imported
C:\gh\azure-sdk-for-net\sdk\automanage\Microsoft.Azure.Management.Automanage\tests\ScenarioTests\TestBase.cs(55,46): error CS0518: Predefined type 'System.Object' is not defined or imported
C:\gh\azure-sdk-for-net\sdk\automanage\Microsoft.Azure.Management.Automanage\tests\ScenarioTests\TestBase.cs(55,105): error CS0518: Predefined type 'System.Object' is not defined or imported
C:\gh\azure-sdk-for-net\sdk\automanage\Microsoft.Azure.Management.Automanage\tests\ScenarioTests\TestBase.cs(55,105): error CS0103: The name 'System' does not exist in the current context
C:\gh\azure-sdk-for-net\sdk\automanage\Microsoft.Azure.Management.Automanage\tests\ScenarioTests\TestBase.cs(57,22): error CS0518: Predefined type 'System.Object' is not defined or imported
C:\gh\azure-sdk-for-net\sdk\automanage\Microsoft.Azure.Management.Automanage\tests\ScenarioTests\AccountsTests.cs(46,33): error CS0518: Predefined type 'System.Object' is not defined or imported
C:\gh\azure-sdk-for-net\sdk\automanage\Microsoft.Azure.Management.Automanage\tests\ScenarioTests\AccountsTests.cs(46,33): error CS1061: 'AccountsTests' does not contain a definition for 'GetType' and no accessible extension method 'GetType' accepting a first argument of type 'AccountsTests' could be found (are you missing a using directive or an assembly reference?)
C:\gh\azure-sdk-for-net\sdk\automanage\Microsoft.Azure.Management.Automanage\tests\ScenarioTests\AccountsTests.cs(47,13): error CS0518: Predefined type 'System.IDisposable' is not defined or imported
C:\gh\azure-sdk-for-net\sdk\automanage\Microsoft.Azure.Management.Automanage\tests\ScenarioTests\AccountsTests.cs(47,20): error CS0518: Predefined type 'System.Object' is not defined or imported
C:\gh\azure-sdk-for-net\sdk\automanage\Microsoft.Azure.Management.Automanage\tests\ScenarioTests\AccountsTests.cs(47,20): error CS0246: The type or namespace name 'MockContext' could not be found (are you missing a using directive or an assembly reference?)
C:\gh\azure-sdk-for-net\sdk\automanage\Microsoft.Azure.Management.Automanage\tests\ScenarioTests\AccountsTests.cs(47,42): error CS0518: Predefined type 'System.Object' is not defined or imported
C:\gh\azure-sdk-for-net\sdk\automanage\Microsoft.Azure.Management.Automanage\tests\ScenarioTests\AccountsTests.cs(47,42): error CS0103: The name 'MockContext' does not exist in the current context
C:\gh\azure-sdk-for-net\sdk\automanage\Microsoft.Azure.Management.Automanage\tests\ScenarioTests\AccountsTests.cs(49,40): error CS0518: Predefined type 'System.Object' is not defined or imported
C:\gh\azure-sdk-for-net\sdk\automanage\Microsoft.Azure.Management.Automanage\tests\ScenarioTests\AccountsTests.cs(50,74): error CS0518: Predefined type 'System.String' is not defined or imported
C:\gh\azure-sdk-for-net\sdk\automanage\Microsoft.Azure.Management.Automanage\tests\ScenarioTests\AccountsTests.cs(50,28): error CS0246: The type or namespace name 'IEnumerable<>' could not be found (are you missing a using directive or an assembly reference?)
C:\gh\azure-sdk-for-net\sdk\automanage\Microsoft.Azure.Management.Automanage\tests\ScenarioTests\AccountsTests.cs(51,17): error CS0518: Predefined type 'System.Object' is not defined or imported
C:\gh\azure-sdk-for-net\sdk\automanage\Microsoft.Azure.Management.Automanage\tests\ScenarioTests\AccountsTests.cs(51,17): error CS0103: The name 'Assert' does not exist in the current context
C:\gh\azure-sdk-for-net\sdk\automanage\Microsoft.Azure.Management.Automanage\tests\ScenarioTests\ConfigurationProfilesAssignmentsTests.cs(46,33): error CS0518: Predefined type 'System.Object' is not defined or imported
C:\gh\azure-sdk-for-net\sdk\automanage\Microsoft.Azure.Management.Automanage\tests\ScenarioTests\ConfigurationProfilesAssignmentsTests.cs(46,33): error CS1061: 'ConfigurationProfilesAssignmentsTests' does not contain a definition for 'GetType' and no accessible extension method 'GetType' accepting a first argument of type 'ConfigurationProfilesAssignmentsTests' could be found (are you missing a using directive or an assembly reference?)
C:\gh\azure-sdk-for-net\sdk\automanage\Microsoft.Azure.Management.Automanage\tests\ScenarioTests\ConfigurationProfilesAssignmentsTests.cs(47,13): error CS0518: Predefined type 'System.IDisposable' is not defined or imported
C:\gh\azure-sdk-for-net\sdk\automanage\Microsoft.Azure.Management.Automanage\tests\ScenarioTests\ConfigurationProfilesAssignmentsTests.cs(47,20): error CS0518: Predefined type 'System.Object' is not defined or imported
C:\gh\azure-sdk-for-net\sdk\automanage\Microsoft.Azure.Management.Automanage\tests\ScenarioTests\ConfigurationProfilesAssignmentsTests.cs(47,20): error CS0246: The type or namespace name 'MockContext' could not be found (are you missing a using directive or an assembly reference?)
C:\gh\azure-sdk-for-net\sdk\automanage\Microsoft.Azure.Management.Automanage\tests\ScenarioTests\ConfigurationProfilesAssignmentsTests.cs(47,42): error CS0518: Predefined type 'System.Object' is not defined or imported
C:\gh\azure-sdk-for-net\sdk\automanage\Microsoft.Azure.Management.Automanage\tests\ScenarioTests\ConfigurationProfilesAssignmentsTests.cs(47,42): error CS0103: The name 'MockContext' does not exist in the current context
C:\gh\azure-sdk-for-net\sdk\automanage\Microsoft.Azure.Management.Automanage\tests\ScenarioTests\ConfigurationProfilesAssignmentsTests.cs(49,40): error CS0518: Predefined type 'System.Object' is not defined or imported
C:\gh\azure-sdk-for-net\sdk\automanage\Microsoft.Azure.Management.Automanage\tests\ScenarioTests\ConfigurationProfilesAssignmentsTests.cs(52,39): error CS0518: Predefined type 'System.Object' is not defined or imported
C:\gh\azure-sdk-for-net\sdk\automanage\Microsoft.Azure.Management.Automanage\tests\ScenarioTests\ConfigurationProfilesAssignmentsTests.cs(54,73): error CS0518: Predefined type 'System.String' is not defined or imported
C:\gh\azure-sdk-for-net\sdk\automanage\Microsoft.Azure.Management.Automanage\tests\ScenarioTests\ConfigurationProfilesAssignmentsTests.cs(56,40): error CS0518: Predefined type 'System.String' is not defined or imported
C:\gh\azure-sdk-for-net\sdk\automanage\Microsoft.Azure.Management.Automanage\tests\ScenarioTests\ConfigurationProfilesAssignmentsTests.cs(53,30): error CS0246: The type or namespace name 'Task<>' could not be found (are you missing a using directive or an assembly reference?)
C:\gh\azure-sdk-for-net\sdk\automanage\Microsoft.Azure.Management.Automanage\tests\ScenarioTests\ConfigurationProfilesAssignmentsTests.cs(59,17): error CS0518: Predefined type 'System.Object' is not defined or imported
C:\gh\azure-sdk-for-net\sdk\automanage\Microsoft.Azure.Management.Automanage\tests\ScenarioTests\ConfigurationProfilesAssignmentsTests.cs(59,17): error CS0103: The name 'Assert' does not exist in the current context
C:\gh\azure-sdk-for-net\sdk\automanage\Microsoft.Azure.Management.Automanage\tests\ScenarioTests\OperationsTests.cs(49,13): error CS0518: Predefined type 'System.Object' is not defined or imported
C:\gh\azure-sdk-for-net\sdk\automanage\Microsoft.Azure.Management.Automanage\tests\ScenarioTests\OperationsTests.cs(49,13): error CS0246: The type or namespace name 'List<>' could not be found (are you missing a using directive or an assembly reference?)
C:\gh\azure-sdk-for-net\sdk\automanage\Microsoft.Azure.Management.Automanage\tests\ScenarioTests\OperationsTests.cs(49,18): error CS0518: Predefined type 'System.Object' is not defined or imported
C:\gh\azure-sdk-for-net\sdk\automanage\Microsoft.Azure.Management.Automanage\tests\ScenarioTests\OperationsTests.cs(49,18): error CS0246: The type or namespace name 'String' could not be found (are you missing a using directive or an assembly reference?)
C:\gh\azure-sdk-for-net\sdk\automanage\Microsoft.Azure.Management.Automanage\tests\ScenarioTests\OperationsTests.cs(49,52): error CS0518: Predefined type 'System.Object' is not defined or imported
C:\gh\azure-sdk-for-net\sdk\automanage\Microsoft.Azure.Management.Automanage\tests\ScenarioTests\OperationsTests.cs(49,52): error CS0246: The type or namespace name 'List<>' could not be found (are you missing a using directive or an assembly reference?)
C:\gh\azure-sdk-for-net\sdk\automanage\Microsoft.Azure.Management.Automanage\tests\ScenarioTests\OperationsTests.cs(49,57): error CS0518: Predefined type 'System.Object' is not defined or imported
C:\gh\azure-sdk-for-net\sdk\automanage\Microsoft.Azure.Management.Automanage\tests\ScenarioTests\OperationsTests.cs(49,57): error CS0246: The type or namespace name 'String' could not be found (are you missing a using directive or an assembly reference?)
C:\gh\azure-sdk-for-net\sdk\automanage\Microsoft.Azure.Management.Automanage\tests\ScenarioTests\OperationsTests.cs(51,17): error CS0518: Predefined type 'System.String' is not defined or imported
C:\gh\azure-sdk-for-net\sdk\automanage\Microsoft.Azure.Management.Automanage\tests\ScenarioTests\OperationsTests.cs(52,17): error CS0518: Predefined type 'System.String' is not defined or imported
C:\gh\azure-sdk-for-net\sdk\automanage\Microsoft.Azure.Management.Automanage\tests\ScenarioTests\OperationsTests.cs(53,17): error CS0518: Predefined type 'System.String' is not defined or imported
C:\gh\azure-sdk-for-net\sdk\automanage\Microsoft.Azure.Management.Automanage\tests\ScenarioTests\OperationsTests.cs(54,17): error CS0518: Predefined type 'System.String' is not defined or imported
C:\gh\azure-sdk-for-net\sdk\automanage\Microsoft.Azure.Management.Automanage\tests\ScenarioTests\OperationsTests.cs(55,17): error CS0518: Predefined type 'System.String' is not defined or imported
C:\gh\azure-sdk-for-net\sdk\automanage\Microsoft.Azure.Management.Automanage\tests\ScenarioTests\OperationsTests.cs(56,17): error CS0518: Predefined type 'System.String' is not defined or imported
C:\gh\azure-sdk-for-net\sdk\automanage\Microsoft.Azure.Management.Automanage\tests\ScenarioTests\OperationsTests.cs(57,17): error CS0518: Predefined type 'System.String' is not defined or imported
C:\gh\azure-sdk-for-net\sdk\automanage\Microsoft.Azure.Management.Automanage\tests\ScenarioTests\OperationsTests.cs(61,13): error CS0518: Predefined type 'System.String' is not defined or imported
C:\gh\azure-sdk-for-net\sdk\automanage\Microsoft.Azure.Management.Automanage\tests\ScenarioTests\OperationsTests.cs(61,39): error CS0518: Predefined type 'System.String' is not defined or imported
C:\gh\azure-sdk-for-net\sdk\automanage\Microsoft.Azure.Management.Automanage\tests\ScenarioTests\OperationsTests.cs(64,20): error CS0518: Predefined type 'System.Boolean' is not defined or imported
C:\gh\azure-sdk-for-net\sdk\automanage\Microsoft.Azure.Management.Automanage\tests\ScenarioTests\OperationsTests.cs(66,17): error CS0518: Predefined type 'System.Object' is not defined or imported
C:\gh\azure-sdk-for-net\sdk\automanage\Microsoft.Azure.Management.Automanage\tests\ScenarioTests\OperationsTests.cs(67,17): error CS0518: Predefined type 'System.Object' is not defined or imported
C:\gh\azure-sdk-for-net\sdk\automanage\Microsoft.Azure.Management.Automanage\tests\ScenarioTests\OperationsTests.cs(67,17): error CS0103: The name 'Assert' does not exist in the current context
C:\gh\azure-sdk-for-net\sdk\automanage\Microsoft.Azure.Management.Automanage\tests\ScenarioTests\OperationsTests.cs(67,41): error CS0518: Predefined type 'System.String' is not defined or imported
C:\gh\azure-sdk-for-net\sdk\automanage\Microsoft.Azure.Management.Automanage\tests\ScenarioTests\OperationsTests.cs(68,17): error CS0518: Predefined type 'System.Object' is not defined or imported
C:\gh\azure-sdk-for-net\sdk\automanage\Microsoft.Azure.Management.Automanage\tests\ScenarioTests\OperationsTests.cs(68,17): error CS0103: The name 'Assert' does not exist in the current context
C:\gh\azure-sdk-for-net\sdk\automanage\Microsoft.Azure.Management.Automanage\tests\ScenarioTests\OperationsTests.cs(68,64): error CS0518: Predefined type 'System.String' is not defined or imported
C:\gh\azure-sdk-for-net\sdk\automanage\Microsoft.Azure.Management.Automanage\tests\ScenarioTests\TestBase.cs(65,17): error CS0518: Predefined type 'System.Boolean' is not defined or imported
C:\gh\azure-sdk-for-net\sdk\automanage\Microsoft.Azure.Management.Automanage\tests\ScenarioTests\TestBase.cs(67,41): error CS0518: Predefined type 'System.Boolean' is not defined or imported
C:\gh\azure-sdk-for-net\sdk\automanage\Microsoft.Azure.Management.Automanage\tests\ScenarioTests\TestBase.cs(70,17): error CS0518: Predefined type 'System.Boolean' is not defined or imported
C:\gh\azure-sdk-for-net\sdk\automanage\Microsoft.Azure.Management.Automanage\tests\ScenarioTests\TestBase.cs(70,17): error CS0518: Predefined type 'System.Boolean' is not defined or imported
C:\gh\azure-sdk-for-net\sdk\automanage\Microsoft.Azure.Management.Automanage\tests\ScenarioTests\TestBase.cs(72,74): error CS0518: Predefined type 'System.Object' is not defined or imported
C:\gh\azure-sdk-for-net\sdk\automanage\Microsoft.Azure.Management.Automanage\tests\ScenarioTests\TestBase.cs(72,74): error CS0246: The type or namespace name 'ResourceManagementClient' could not be found (are you missing a using directive or an assembly reference?)
C:\gh\azure-sdk-for-net\sdk\automanage\Microsoft.Azure.Management.Automanage\tests\ScenarioTests\TestBase.cs(74,46): error CS0518: Predefined type 'System.Object' is not defined or imported
C:\gh\azure-sdk-for-net\sdk\automanage\Microsoft.Azure.Management.Automanage\tests\ScenarioTests\TestBase.cs(74,105): error CS0518: Predefined type 'System.Object' is not defined or imported
C:\gh\azure-sdk-for-net\sdk\automanage\Microsoft.Azure.Management.Automanage\tests\ScenarioTests\TestBase.cs(74,105): error CS0103: The name 'System' does not exist in the current context
C:\gh\azure-sdk-for-net\sdk\automanage\Microsoft.Azure.Management.Automanage\tests\ScenarioTests\TestBase.cs(78,74): error CS0518: Predefined type 'System.Object' is not defined or imported
C:\gh\azure-sdk-for-net\sdk\automanage\Microsoft.Azure.Management.Automanage\tests\ScenarioTests\TestBase.cs(78,74): error CS0246: The type or namespace name 'ResourceManagementClient' could not be found (are you missing a using directive or an assembly reference?)
C:\gh\azure-sdk-for-net\sdk\automanage\Microsoft.Azure.Management.Automanage\tests\ScenarioTests\TestBase.cs(79,46): error CS0518: Predefined type 'System.Object' is not defined or imported
C:\gh\azure-sdk-for-net\sdk\automanage\Microsoft.Azure.Management.Automanage\tests\ScenarioTests\TestBase.cs(79,105): error CS0518: Predefined type 'System.Object' is not defined or imported
C:\gh\azure-sdk-for-net\sdk\automanage\Microsoft.Azure.Management.Automanage\tests\ScenarioTests\TestBase.cs(79,105): error CS0103: The name 'System' does not exist in the current context
C:\gh\azure-sdk-for-net\sdk\automanage\Microsoft.Azure.Management.Automanage\tests\ScenarioTests\ConfigurationProfilePreferencesTests.cs(56,46): error CS0518: Predefined type 'System.Object' is not defined or imported
C:\gh\azure-sdk-for-net\sdk\automanage\Microsoft.Azure.Management.Automanage\tests\ScenarioTests\ConfigurationProfilePreferencesTests.cs(57,43): error CS0518: Predefined type 'System.String' is not defined or imported
C:\gh\azure-sdk-for-net\sdk\automanage\Microsoft.Azure.Management.Automanage\tests\ScenarioTests\ConfigurationProfilePreferencesTests.cs(58,37): error CS0518: Predefined type 'System.String' is not defined or imported
C:\gh\azure-sdk-for-net\sdk\automanage\Microsoft.Azure.Management.Automanage\tests\ScenarioTests\ConfigurationProfilePreferencesTests.cs(58,49): error CS0518: Predefined type 'System.String' is not defined or imported
C:\gh\azure-sdk-for-net\sdk\automanage\Microsoft.Azure.Management.Automanage\tests\ScenarioTests\ConfigurationProfilePreferencesTests.cs(58,29): error CS0518: Predefined type 'System.Int32' is not defined or imported
C:\gh\azure-sdk-for-net\sdk\automanage\Microsoft.Azure.Management.Automanage\tests\ScenarioTests\ConfigurationProfilePreferencesTests.cs(59,27): error CS0518: Predefined type 'System.String' is not defined or imported
C:\gh\azure-sdk-for-net\sdk\automanage\Microsoft.Azure.Management.Automanage\tests\ScenarioTests\ConfigurationProfilePreferencesTests.cs(60,26): error CS0518: Predefined type 'System.String' is not defined or imported
C:\gh\azure-sdk-for-net\sdk\automanage\Microsoft.Azure.Management.Automanage\tests\ScenarioTests\ConfigurationProfilePreferencesTests.cs(61,36): error CS0518: Predefined type 'System.String' is not defined or imported
C:\gh\azure-sdk-for-net\sdk\automanage\Microsoft.Azure.Management.Automanage\tests\ScenarioTests\ConfigurationProfilePreferencesTests.cs(56,46): error CS0518: Predefined type 'System.Void' is not defined or imported
C:\gh\azure-sdk-for-net\sdk\automanage\Microsoft.Azure.Management.Automanage\tests\ScenarioTests\ConfigurationProfilePreferencesTests.cs(62,37): error CS0518: Predefined type 'System.Object' is not defined or imported
C:\gh\azure-sdk-for-net\sdk\automanage\Microsoft.Azure.Management.Automanage\tests\ScenarioTests\ConfigurationProfilePreferencesTests.cs(62,76): error CS0518: Predefined type 'System.String' is not defined or imported
C:\gh\azure-sdk-for-net\sdk\automanage\Microsoft.Azure.Management.Automanage\tests\ScenarioTests\ConfigurationProfilePreferencesTests.cs(62,101): error CS0518: Predefined type 'System.Int32' is not defined or imported
C:\gh\azure-sdk-for-net\sdk\automanage\Microsoft.Azure.Management.Automanage\tests\ScenarioTests\ConfigurationProfilePreferencesTests.cs(62,37): error CS0518: Predefined type 'System.Void' is not defined or imported
C:\gh\azure-sdk-for-net\sdk\automanage\Microsoft.Azure.Management.Automanage\tests\ScenarioTests\ConfigurationProfilePreferencesTests.cs(64,44): error CS0518: Predefined type 'System.Object' is not defined or imported
C:\gh\azure-sdk-for-net\sdk\automanage\Microsoft.Azure.Management.Automanage\tests\ScenarioTests\ConfigurationProfilePreferencesTests.cs(64,44): error CS0518: Predefined type 'System.Void' is not defined or imported
C:\gh\azure-sdk-for-net\sdk\automanage\Microsoft.Azure.Management.Automanage\tests\ScenarioTests\ConfigurationProfilePreferencesTests.cs(67,38): error CS0518: Predefined type 'System.Object' is not defined or imported
C:\gh\azure-sdk-for-net\sdk\automanage\Microsoft.Azure.Management.Automanage\tests\ScenarioTests\ConfigurationProfilePreferencesTests.cs(69,23): error CS0518: Predefined type 'System.String' is not defined or imported
C:\gh\azure-sdk-for-net\sdk\automanage\Microsoft.Azure.Management.Automanage\tests\ScenarioTests\ConfigurationProfilePreferencesTests.cs(70,27): error CS0518: Predefined type 'System.String' is not defined or imported
C:\gh\azure-sdk-for-net\sdk\automanage\Microsoft.Azure.Management.Automanage\tests\ScenarioTests\ConfigurationProfilePreferencesTests.cs(67,38): error CS0518: Predefined type 'System.Void' is not defined or imported
C:\gh\azure-sdk-for-net\sdk\automanage\Microsoft.Azure.Management.Automanage\tests\ScenarioTests\ConfigurationProfilesAssignmentsTests.cs(65,44): error CS0518: Predefined type 'System.Object' is not defined or imported
C:\gh\azure-sdk-for-net\sdk\automanage\Microsoft.Azure.Management.Automanage\tests\ScenarioTests\ConfigurationProfilesAssignmentsTests.cs(66,39): error CS0518: Predefined type 'System.String' is not defined or imported
C:\gh\azure-sdk-for-net\sdk\automanage\Microsoft.Azure.Management.Automanage\tests\ScenarioTests\ConfigurationProfilesAssignmentsTests.cs(65,44): error CS0518: Predefined type 'System.Void' is not defined or imported
C:\gh\azure-sdk-for-net\sdk\automanage\Microsoft.Azure.Management.Automanage\tests\ScenarioTests\ConfigurationProfilesAssignmentsTests.cs(73,38): error CS0518: Predefined type 'System.Object' is not defined or imported
C:\gh\azure-sdk-for-net\sdk\automanage\Microsoft.Azure.Management.Automanage\tests\ScenarioTests\ConfigurationProfilesAssignmentsTests.cs(75,23): error CS0518: Predefined type 'System.String' is not defined or imported
C:\gh\azure-sdk-for-net\sdk\automanage\Microsoft.Azure.Management.Automanage\tests\ScenarioTests\ConfigurationProfilesAssignmentsTests.cs(76,27): error CS0518: Predefined type 'System.String' is not defined or imported
C:\gh\azure-sdk-for-net\sdk\automanage\Microsoft.Azure.Management.Automanage\tests\ScenarioTests\ConfigurationProfilesAssignmentsTests.cs(73,38): error CS0518: Predefined type 'System.Void' is not defined or imported
C:\gh\azure-sdk-for-net\sdk\automanage\Microsoft.Azure.Management.Automanage\tests\ScenarioTests\TestBase.cs(85,17): error CS0518: Predefined type 'System.Boolean' is not defined or imported
C:\gh\azure-sdk-for-net\sdk\automanage\Microsoft.Azure.Management.Automanage\tests\ScenarioTests\TestBase.cs(85,17): error CS0518: Predefined type 'System.Boolean' is not defined or imported
C:\gh\azure-sdk-for-net\sdk\automanage\Microsoft.Azure.Management.Automanage\tests\ScenarioTests\TestBase.cs(87,27): error CS0518: Predefined type 'System.Object' is not defined or imported
C:\gh\azure-sdk-for-net\sdk\automanage\Microsoft.Azure.Management.Automanage\tests\ScenarioTests\TestBase.cs(87,27): error CS0246: The type or namespace name 'NullReferenceException' could not be found (are you missing a using directive or an assembly reference?)
C:\gh\azure-sdk-for-net\sdk\automanage\Microsoft.Azure.Management.Automanage\tests\ScenarioTests\TestBase.cs(87,50): error CS0518: Predefined type 'System.String' is not defined or imported
C:\gh\azure-sdk-for-net\sdk\automanage\Microsoft.Azure.Management.Automanage\tests\ScenarioTests\TestBase.cs(90,17): error CS0518: Predefined type 'System.Boolean' is not defined or imported
C:\gh\azure-sdk-for-net\sdk\automanage\Microsoft.Azure.Management.Automanage\tests\ScenarioTests\TestBase.cs(92,24): error CS0518: Predefined type 'System.Boolean' is not defined or imported
C:\gh\azure-sdk-for-net\sdk\automanage\Microsoft.Azure.Management.Automanage\tests\ScenarioTests\TestBase.cs(95,13): error CS0518: Predefined type 'System.Object' is not defined or imported
C:\gh\azure-sdk-for-net\sdk\automanage\Microsoft.Azure.Management.Automanage\tests\ScenarioTests\TestBase.cs(95,13): error CS0246: The type or namespace name 'ResourceGroup' could not be found (are you missing a using directive or an assembly reference?)
C:\gh\azure-sdk-for-net\sdk\automanage\Microsoft.Azure.Management.Automanage\tests\ScenarioTests\TestBase.cs(95,47): error CS0518: Predefined type 'System.Object' is not defined or imported
C:\gh\azure-sdk-for-net\sdk\automanage\Microsoft.Azure.Management.Automanage\tests\ScenarioTests\TestBase.cs(95,47): error CS0246: The type or namespace name 'ResourceGroup' could not be found (are you missing a using directive or an assembly reference?)
C:\gh\azure-sdk-for-net\sdk\automanage\Microsoft.Azure.Management.Automanage\tests\ScenarioTests\TestBase.cs(103,20): error CS0518: Predefined type 'System.Boolean' is not defined or imported
C:\gh\azure-sdk-for-net\sdk\automanage\Microsoft.Azure.Management.Automanage\tests\ScenarioTests\TestBase.cs(108,17): error CS0518: Predefined type 'System.Boolean' is not defined or imported
C:\gh\azure-sdk-for-net\sdk\automanage\Microsoft.Azure.Management.Automanage\tests\ScenarioTests\TestBase.cs(108,17): error CS0518: Predefined type 'System.Boolean' is not defined or imported
C:\gh\azure-sdk-for-net\sdk\automanage\Microsoft.Azure.Management.Automanage\tests\ScenarioTests\TestBase.cs(110,22): error CS0518: Predefined type 'System.Int32' is not defined or imported
C:\gh\azure-sdk-for-net\sdk\automanage\Microsoft.Azure.Management.Automanage\tests\ScenarioTests\TestBase.cs(110,30): error CS0518: Predefined type 'System.Int32' is not defined or imported
C:\gh\azure-sdk-for-net\sdk\automanage\Microsoft.Azure.Management.Automanage\tests\ScenarioTests\TestBase.cs(110,33): error CS0518: Predefined type 'System.Boolean' is not defined or imported
C:\gh\azure-sdk-for-net\sdk\automanage\Microsoft.Azure.Management.Automanage\tests\ScenarioTests\TestBase.cs(110,33): error CS0518: Predefined type 'System.Boolean' is not defined or imported
C:\gh\azure-sdk-for-net\sdk\automanage\Microsoft.Azure.Management.Automanage\tests\ScenarioTests\TestBase.cs(112,21): error CS0518: Predefined type 'System.Object' is not defined or imported
C:\gh\azure-sdk-for-net\sdk\automanage\Microsoft.Azure.Management.Automanage\tests\ScenarioTests\TestBase.cs(112,21): error CS0103: The name 'Assert' does not exist in the current context
C:\gh\azure-sdk-for-net\sdk\automanage\Microsoft.Azure.Management.Automanage\tests\ScenarioTests\TestBase.cs(119,17): error CS0518: Predefined type 'System.Boolean' is not defined or imported
C:\gh\azure-sdk-for-net\sdk\automanage\Microsoft.Azure.Management.Automanage\tests\ScenarioTests\TestBase.cs(119,17): error CS0518: Predefined type 'System.Boolean' is not defined or imported
C:\gh\azure-sdk-for-net\sdk\automanage\Microsoft.Azure.Management.Automanage\tests\ScenarioTests\TestBase.cs(121,22): error CS0518: Predefined type 'System.Int32' is not defined or imported
C:\gh\azure-sdk-for-net\sdk\automanage\Microsoft.Azure.Management.Automanage\tests\ScenarioTests\TestBase.cs(121,30): error CS0518: Predefined type 'System.Int32' is not defined or imported
C:\gh\azure-sdk-for-net\sdk\automanage\Microsoft.Azure.Management.Automanage\tests\ScenarioTests\TestBase.cs(121,33): error CS0518: Predefined type 'System.Boolean' is not defined or imported
C:\gh\azure-sdk-for-net\sdk\automanage\Microsoft.Azure.Management.Automanage\tests\ScenarioTests\TestBase.cs(121,33): error CS0518: Predefined type 'System.Boolean' is not defined or imported
C:\gh\azure-sdk-for-net\sdk\automanage\Microsoft.Azure.Management.Automanage\tests\ScenarioTests\TestBase.cs(123,21): error CS0518: Predefined type 'System.Object' is not defined or imported
C:\gh\azure-sdk-for-net\sdk\automanage\Microsoft.Azure.Management.Automanage\tests\ScenarioTests\TestBase.cs(123,21): error CS0103: The name 'Assert' does not exist in the current context
C:\gh\azure-sdk-for-net\sdk\automanage\Microsoft.Azure.Management.Automanage\tests\ScenarioTests\TestBase.cs(130,17): error CS0518: Predefined type 'System.Boolean' is not defined or imported
C:\gh\azure-sdk-for-net\sdk\automanage\Microsoft.Azure.Management.Automanage\tests\ScenarioTests\TestBase.cs(130,17): error CS0518: Predefined type 'System.Boolean' is not defined or imported
C:\gh\azure-sdk-for-net\sdk\automanage\Microsoft.Azure.Management.Automanage\tests\ScenarioTests\TestBase.cs(132,17): error CS0518: Predefined type 'System.Object' is not defined or imported
C:\gh\azure-sdk-for-net\sdk\automanage\Microsoft.Azure.Management.Automanage\tests\ScenarioTests\TestBase.cs(132,17): error CS0103: The name 'Assert' does not exist in the current context
C:\gh\azure-sdk-for-net\sdk\automanage\Microsoft.Azure.Management.Automanage\tests\ScenarioTests\TestBase.cs(133,17): error CS0518: Predefined type 'System.Object' is not defined or imported
C:\gh\azure-sdk-for-net\sdk\automanage\Microsoft.Azure.Management.Automanage\tests\ScenarioTests\TestBase.cs(133,17): error CS0103: The name 'Assert' does not exist in the current context
C:\gh\azure-sdk-for-net\sdk\automanage\Microsoft.Azure.Management.Automanage\tests\ScenarioTests\TestBase.cs(136,21): error CS0518: Predefined type 'System.Object' is not defined or imported
C:\gh\azure-sdk-for-net\sdk\automanage\Microsoft.Azure.Management.Automanage\tests\ScenarioTests\TestBase.cs(136,21): error CS0103: The name 'Assert' does not exist in the current context
C:\gh\azure-sdk-for-net\sdk\automanage\Microsoft.Azure.Management.Automanage\tests\Helpers\RecordedDelegatingHandler.cs(10,1): hidden CS8019: Unnecessary using directive.
C:\gh\azure-sdk-for-net\sdk\automanage\Microsoft.Azure.Management.Automanage\tests\ScenarioTests\OperationsTests.cs(14,5): hidden CS8019: Unnecessary using directive.
C:\gh\azure-sdk-for-net\sdk\automanage\Microsoft.Azure.Management.Automanage\tests\ScenarioTests\OperationsTests.cs(6,5): hidden CS8019: Unnecessary using directive.
C:\gh\azure-sdk-for-net\sdk\automanage\Microsoft.Azure.Management.Automanage\tests\ScenarioTests\TestBase.cs(7,1): hidden CS8019: Unnecessary using directive.
C:\gh\azure-sdk-for-net\sdk\automanage\Microsoft.Azure.Management.Automanage\tests\ScenarioTests\OperationsTests.cs(16,5): hidden CS8019: Unnecessary using directive.
C:\gh\azure-sdk-for-net\sdk\automanage\Microsoft.Azure.Management.Automanage\tests\ScenarioTests\TestBase.cs(13,1): hidden CS8019: Unnecessary using directive.
C:\gh\azure-sdk-for-net\sdk\automanage\Microsoft.Azure.Management.Automanage\tests\ScenarioTests\OperationsTests.cs(15,5): hidden CS8019: Unnecessary using directive.
C:\gh\azure-sdk-for-net\sdk\automanage\Microsoft.Azure.Management.Automanage\tests\ScenarioTests\OperationsTests.cs(9,5): hidden CS8019: Unnecessary using directive.
C:\gh\azure-sdk-for-net\sdk\automanage\Microsoft.Azure.Management.Automanage\tests\ScenarioTests\TestBase.cs(4,1): hidden CS8019: Unnecessary using directive.
C:\gh\azure-sdk-for-net\sdk\automanage\Microsoft.Azure.Management.Automanage\tests\Helpers\RecordedDelegatingHandler.cs(6,1): hidden CS8019: Unnecessary using directive.
C:\gh\azure-sdk-for-net\sdk\automanage\Microsoft.Azure.Management.Automanage\tests\ScenarioTests\ConfigurationProfilePreferencesTests.cs(8,5): hidden CS8019: Unnecessary using directive.
C:\gh\azure-sdk-for-net\sdk\automanage\Microsoft.Azure.Management.Automanage\tests\Helpers\RecordedDelegatingHandler.cs(7,1): hidden CS8019: Unnecessary using directive.
C:\gh\azure-sdk-for-net\sdk\automanage\Microsoft.Azure.Management.Automanage\tests\Helpers\RecordedDelegatingHandler.cs(8,1): hidden CS8019: Unnecessary using directive.
C:\gh\azure-sdk-for-net\artifacts\obj\Microsoft.Azure.Management.Automanage.Tests\Debug\netcoreapp2.0\Microsoft.Azure.Management.Automanage.Tests.AssemblyInfo.cs(12,1): hidden CS8019: Unnecessary using directive.
C:\gh\azure-sdk-for-net\sdk\automanage\Microsoft.Azure.Management.Automanage\tests\ScenarioTests\AccountsTests.cs(7,5): hidden CS8019: Unnecessary using directive.
C:\gh\azure-sdk-for-net\eng\mgmt\DisableTestRunParallel.cs(4,1): hidden CS8019: Unnecessary using directive.
C:\gh\azure-sdk-for-net\sdk\automanage\Microsoft.Azure.Management.Automanage\tests\Helpers\RecordedDelegatingHandler.cs(5,1): hidden CS8019: Unnecessary using directive.
C:\gh\azure-sdk-for-net\sdk\automanage\Microsoft.Azure.Management.Automanage\tests\ScenarioTests\TestBase.cs(10,1): hidden CS8019: Unnecessary using directive.
C:\gh\azure-sdk-for-net\sdk\automanage\Microsoft.Azure.Management.Automanage\tests\ScenarioTests\AccountsTests.cs(8,5): hidden CS8019: Unnecessary using directive.
C:\gh\azure-sdk-for-net\sdk\automanage\Microsoft.Azure.Management.Automanage\tests\ScenarioTests\OperationsTests.cs(13,5): hidden CS8019: Unnecessary using directive.
C:\gh\azure-sdk-for-net\sdk\automanage\Microsoft.Azure.Management.Automanage\tests\ScenarioTests\AccountsTests.cs(14,5): hidden CS8019: Unnecessary using directive.
C:\gh\azure-sdk-for-net\sdk\automanage\Microsoft.Azure.Management.Automanage\tests\ScenarioTests\AccountsTests.cs(6,5): hidden CS8019: Unnecessary using directive.
C:\gh\azure-sdk-for-net\sdk\automanage\Microsoft.Azure.Management.Automanage\tests\ScenarioTests\ConfigurationProfilePreferencesTests.cs(12,5): hidden CS8019: Unnecessary using directive.
C:\gh\azure-sdk-for-net\sdk\automanage\Microsoft.Azure.Management.Automanage\tests\ScenarioTests\ConfigurationProfilesAssignmentsTests.cs(8,5): hidden CS8019: Unnecessary using directive.
C:\gh\azure-sdk-for-net\sdk\automanage\Microsoft.Azure.Management.Automanage\tests\ScenarioTests\AccountsTests.cs(16,5): hidden CS8019: Unnecessary using directive.
C:\gh\azure-sdk-for-net\sdk\automanage\Microsoft.Azure.Management.Automanage\tests\Helpers\RecordedDelegatingHandler.cs(9,1): hidden CS8019: Unnecessary using directive.
C:\gh\azure-sdk-for-net\sdk\automanage\Microsoft.Azure.Management.Automanage\tests\ScenarioTests\TestBase.cs(9,1): hidden CS8019: Unnecessary using directive.
C:\gh\azure-sdk-for-net\sdk\automanage\Microsoft.Azure.Management.Automanage\tests\ScenarioTests\AccountsTests.cs(15,5): hidden CS8019: Unnecessary using directive.
C:\gh\azure-sdk-for-net\sdk\automanage\Microsoft.Azure.Management.Automanage\tests\ScenarioTests\TestBase.cs(12,1): hidden CS8019: Unnecessary using directive.
C:\gh\azure-sdk-for-net\sdk\automanage\Microsoft.Azure.Management.Automanage\tests\ScenarioTests\AccountsTests.cs(9,5): hidden CS8019: Unnecessary using directive.
C:\gh\azure-sdk-for-net\sdk\automanage\Microsoft.Azure.Management.Automanage\tests\ScenarioTests\TestBase.cs(11,1): hidden CS8019: Unnecessary using directive.
C:\gh\azure-sdk-for-net\artifacts\obj\Microsoft.Azure.Management.Automanage.Tests\Debug\netcoreapp2.0\Microsoft.Azure.Management.Automanage.Tests.AssemblyInfo.cs(11,1): hidden CS8019: Unnecessary using directive.
C:\gh\azure-sdk-for-net\sdk\automanage\Microsoft.Azure.Management.Automanage\tests\ScenarioTests\ConfigurationProfilePreferencesTests.cs(6,5): hidden CS8019: Unnecessary using directive.
C:\gh\azure-sdk-for-net\eng\mgmt\DisableTestRunParallel.cs(5,1): hidden CS8019: Unnecessary using directive.
C:\gh\azure-sdk-for-net\sdk\automanage\Microsoft.Azure.Management.Automanage\tests\Helpers\RecordedDelegatingHandler.cs(11,1): hidden CS8019: Unnecessary using directive.
C:\gh\azure-sdk-for-net\sdk\automanage\Microsoft.Azure.Management.Automanage\tests\ScenarioTests\ConfigurationProfilesAssignmentsTests.cs(12,5): hidden CS8019: Unnecessary using directive.
C:\gh\azure-sdk-for-net\sdk\automanage\Microsoft.Azure.Management.Automanage\tests\Helpers\RecordedDelegatingHandler.cs(4,1): hidden CS8019: Unnecessary using directive.
C:\gh\azure-sdk-for-net\artifacts\obj\Microsoft.Azure.Management.Automanage.Tests\Debug\netcoreapp2.0\.NETCoreApp,Version=v2.0.AssemblyAttributes.cs(3,1): hidden CS8019: Unnecessary using directive.
C:\gh\azure-sdk-for-net\sdk\automanage\Microsoft.Azure.Management.Automanage\tests\ScenarioTests\ConfigurationProfilePreferencesTests.cs(14,5): hidden CS8019: Unnecessary using directive.
C:\gh\azure-sdk-for-net\sdk\automanage\Microsoft.Azure.Management.Automanage\tests\ScenarioTests\AccountsTests.cs(12,5): hidden CS8019: Unnecessary using directive.
C:\gh\azure-sdk-for-net\sdk\automanage\Microsoft.Azure.Management.Automanage\tests\ScenarioTests\AccountsTests.cs(13,5): hidden CS8019: Unnecessary using directive.
C:\gh\azure-sdk-for-net\sdk\automanage\Microsoft.Azure.Management.Automanage\tests\ScenarioTests\ConfigurationProfilePreferencesTests.cs(13,5): hidden CS8019: Unnecessary using directive.
C:\gh\azure-sdk-for-net\sdk\automanage\Microsoft.Azure.Management.Automanage\tests\ScenarioTests\TestBase.cs(8,1): hidden CS8019: Unnecessary using directive.
C:\gh\azure-sdk-for-net\sdk\automanage\Microsoft.Azure.Management.Automanage\tests\ScenarioTests\ConfigurationProfilePreferencesTests.cs(7,5): hidden CS8019: Unnecessary using directive.
C:\gh\azure-sdk-for-net\sdk\automanage\Microsoft.Azure.Management.Automanage\tests\ScenarioTests\TestBase.cs(5,1): hidden CS8019: Unnecessary using directive.
C:\gh\azure-sdk-for-net\sdk\automanage\Microsoft.Azure.Management.Automanage\tests\ScenarioTests\ConfigurationProfilesAssignmentsTests.cs(6,5): hidden CS8019: Unnecessary using directive.
C:\gh\azure-sdk-for-net\artifacts\obj\Microsoft.Azure.Management.Automanage.Tests\Debug\netcoreapp2.0\.NETCoreApp,Version=v2.0.AssemblyAttributes.cs(2,1): hidden CS8019: Unnecessary using directive.
C:\gh\azure-sdk-for-net\sdk\automanage\Microsoft.Azure.Management.Automanage\tests\ScenarioTests\ConfigurationProfilesAssignmentsTests.cs(14,5): hidden CS8019: Unnecessary using directive.
C:\gh\azure-sdk-for-net\sdk\automanage\Microsoft.Azure.Management.Automanage\tests\ScenarioTests\OperationsTests.cs(7,5): hidden CS8019: Unnecessary using directive.
C:\gh\azure-sdk-for-net\sdk\automanage\Microsoft.Azure.Management.Automanage\tests\ScenarioTests\ConfigurationProfilesAssignmentsTests.cs(13,5): hidden CS8019: Unnecessary using directive.
C:\gh\azure-sdk-for-net\sdk\automanage\Microsoft.Azure.Management.Automanage\tests\ScenarioTests\ConfigurationProfilesAssignmentsTests.cs(7,5): hidden CS8019: Unnecessary using directive.
C:\gh\azure-sdk-for-net\sdk\automanage\Microsoft.Azure.Management.Automanage\tests\ScenarioTests\OperationsTests.cs(8,5): hidden CS8019: Unnecessary using directive.
