C:\gh\azure-sdk-for-net\sdk\cognitiveservices\Language.LUIS.Runtime\tests\BaseTest.cs(14,23): error CS0246: The type or namespace name 'HttpRecorderMode' could not be found (are you missing a using directive or an assembly reference?)
C:\gh\azure-sdk-for-net\sdk\cognitiveservices\Language.LUIS.Runtime\tests\BaseTest.cs(14,23): error CS0246: The type or namespace name 'HttpRecorderMode' could not be found (are you missing a using directive or an assembly reference?)
C:\gh\azure-sdk-for-net\sdk\cognitiveservices\Language.LUIS.Runtime\tests\BaseTest.cs(21,46): error CS0246: The type or namespace name 'DelegatingHandler' could not be found (are you missing a using directive or an assembly reference?)
C:\gh\azure-sdk-for-net\sdk\cognitiveservices\Language.LUIS.Runtime\tests\BaseTest.cs(14,47): error CS0103: The name 'HttpRecorderMode' does not exist in the current context
C:\gh\azure-sdk-for-net\eng\mgmt\DisableTestRunParallel.cs(7,12): error CS0246: The type or namespace name 'CollectionBehaviorAttribute' could not be found (are you missing a using directive or an assembly reference?)
C:\gh\azure-sdk-for-net\eng\mgmt\DisableTestRunParallel.cs(7,12): error CS0246: The type or namespace name 'CollectionBehavior' could not be found (are you missing a using directive or an assembly reference?)
C:\gh\azure-sdk-for-net\eng\mgmt\DisableTestRunParallel.cs(7,31): error CS0246: The type or namespace name 'DisableTestParallelization' could not be found (are you missing a using directive or an assembly reference?)
C:\gh\azure-sdk-for-net\eng\mgmt\DisableTestRunParallel.cs(7,66): error CS0246: The type or namespace name 'MaxParallelThreads' could not be found (are you missing a using directive or an assembly reference?)
C:\gh\azure-sdk-for-net\eng\mgmt\DisableTestRunParallel.cs(5,7): error CS0246: The type or namespace name 'Xunit' could not be found (are you missing a using directive or an assembly reference?)
C:\gh\azure-sdk-for-net\sdk\cognitiveservices\Language.LUIS.Runtime\tests\BaseTest.cs(4,22): error CS0234: The type or namespace name 'Http' does not exist in the namespace 'System.Net' (are you missing an assembly reference?)
C:\gh\azure-sdk-for-net\sdk\cognitiveservices\Language.LUIS.Runtime\tests\BaseTest.cs(9,27): error CS0234: The type or namespace name 'Test' does not exist in the namespace 'Microsoft.Azure' (are you missing an assembly reference?)
C:\gh\azure-sdk-for-net\sdk\cognitiveservices\Language.LUIS.Runtime\tests\BaseTest.cs(10,21): error CS0234: The type or namespace name 'Rest' does not exist in the namespace 'Microsoft' (are you missing an assembly reference?)
C:\gh\azure-sdk-for-net\sdk\cognitiveservices\Language.LUIS.Runtime\tests\Luis\PredictionTests.cs(7,21): error CS0234: The type or namespace name 'Rest' does not exist in the namespace 'Microsoft' (are you missing an assembly reference?)
C:\gh\azure-sdk-for-net\sdk\cognitiveservices\Language.LUIS.Runtime\tests\Luis\PredictionTests.cs(8,11): error CS0246: The type or namespace name 'Newtonsoft' could not be found (are you missing a using directive or an assembly reference?)
C:\gh\azure-sdk-for-net\sdk\cognitiveservices\Language.LUIS.Runtime\tests\Luis\PredictionTests.cs(9,11): error CS0246: The type or namespace name 'Xunit' could not be found (are you missing a using directive or an assembly reference?)
C:\gh\azure-sdk-for-net\sdk\cognitiveservices\Language.LUIS.Runtime\tests\Luis\PredictionTests.cs(13,10): error CS0246: The type or namespace name 'FactAttribute' could not be found (are you missing a using directive or an assembly reference?)
C:\gh\azure-sdk-for-net\sdk\cognitiveservices\Language.LUIS.Runtime\tests\Luis\PredictionTests.cs(13,10): error CS0246: The type or namespace name 'Fact' could not be found (are you missing a using directive or an assembly reference?)
C:\gh\azure-sdk-for-net\sdk\cognitiveservices\Language.LUIS.Runtime\tests\Luis\PredictionTests.cs(108,10): error CS0246: The type or namespace name 'FactAttribute' could not be found (are you missing a using directive or an assembly reference?)
C:\gh\azure-sdk-for-net\sdk\cognitiveservices\Language.LUIS.Runtime\tests\Luis\PredictionTests.cs(108,10): error CS0246: The type or namespace name 'Fact' could not be found (are you missing a using directive or an assembly reference?)
C:\gh\azure-sdk-for-net\sdk\cognitiveservices\Language.LUIS.Runtime\tests\Luis\PredictionTests.cs(203,10): error CS0246: The type or namespace name 'FactAttribute' could not be found (are you missing a using directive or an assembly reference?)
C:\gh\azure-sdk-for-net\sdk\cognitiveservices\Language.LUIS.Runtime\tests\Luis\PredictionTests.cs(203,10): error CS0246: The type or namespace name 'Fact' could not be found (are you missing a using directive or an assembly reference?)
C:\gh\azure-sdk-for-net\sdk\cognitiveservices\Language.LUIS.Runtime\tests\Luis\PredictionTests.cs(223,10): error CS0246: The type or namespace name 'FactAttribute' could not be found (are you missing a using directive or an assembly reference?)
C:\gh\azure-sdk-for-net\sdk\cognitiveservices\Language.LUIS.Runtime\tests\Luis\PredictionTests.cs(223,10): error CS0246: The type or namespace name 'Fact' could not be found (are you missing a using directive or an assembly reference?)
C:\gh\azure-sdk-for-net\sdk\cognitiveservices\Language.LUIS.Runtime\tests\BaseTest.cs(23,30): error CS0246: The type or namespace name 'ServiceClientCredentials' could not be found (are you missing a using directive or an assembly reference?)
C:\gh\azure-sdk-for-net\sdk\cognitiveservices\Language.LUIS.Runtime\tests\BaseTest.cs(23,30): error CS0012: The type 'HttpClientHandler' is defined in an assembly that is not referenced. You must add a reference to assembly 'System.Net.Http, Version=4.0.0.0, Culture=neutral, PublicKeyToken=b03f5f7f11d50a3a'.
C:\gh\azure-sdk-for-net\sdk\cognitiveservices\Language.LUIS.Runtime\tests\BaseTest.cs(25,13): error CS0246: The type or namespace name 'ServiceClient<>' could not be found (are you missing a using directive or an assembly reference?)
C:\gh\azure-sdk-for-net\sdk\cognitiveservices\Language.LUIS.Runtime\tests\BaseTest.cs(30,20): error CS0246: The type or namespace name 'MockContext' could not be found (are you missing a using directive or an assembly reference?)
C:\gh\azure-sdk-for-net\sdk\cognitiveservices\Language.LUIS.Runtime\tests\BaseTest.cs(30,42): error CS0103: The name 'MockContext' does not exist in the current context
C:\gh\azure-sdk-for-net\sdk\cognitiveservices\Language.LUIS.Runtime\tests\BaseTest.cs(32,17): error CS0103: The name 'HttpMockServer' does not exist in the current context
C:\gh\azure-sdk-for-net\sdk\cognitiveservices\Language.LUIS.Runtime\tests\BaseTest.cs(33,55): error CS0103: The name 'HttpMockServer' does not exist in the current context
C:\gh\azure-sdk-for-net\sdk\cognitiveservices\Language.LUIS.Runtime\tests\Luis\PredictionTests.cs(27,42): error CS0103: The name 'JObject' does not exist in the current context
C:\gh\azure-sdk-for-net\sdk\cognitiveservices\Language.LUIS.Runtime\tests\Luis\PredictionTests.cs(73,17): error CS0103: The name 'Assert' does not exist in the current context
C:\gh\azure-sdk-for-net\sdk\cognitiveservices\Language.LUIS.Runtime\tests\Luis\PredictionTests.cs(74,17): error CS0103: The name 'Assert' does not exist in the current context
C:\gh\azure-sdk-for-net\sdk\cognitiveservices\Language.LUIS.Runtime\tests\Luis\PredictionTests.cs(75,17): error CS0103: The name 'Assert' does not exist in the current context
C:\gh\azure-sdk-for-net\sdk\cognitiveservices\Language.LUIS.Runtime\tests\Luis\PredictionTests.cs(76,17): error CS0103: The name 'Assert' does not exist in the current context
C:\gh\azure-sdk-for-net\sdk\cognitiveservices\Language.LUIS.Runtime\tests\Luis\PredictionTests.cs(77,17): error CS0103: The name 'Assert' does not exist in the current context
C:\gh\azure-sdk-for-net\sdk\cognitiveservices\Language.LUIS.Runtime\tests\Luis\PredictionTests.cs(78,17): error CS0103: The name 'Assert' does not exist in the current context
C:\gh\azure-sdk-for-net\sdk\cognitiveservices\Language.LUIS.Runtime\tests\Luis\PredictionTests.cs(79,17): error CS0103: The name 'Assert' does not exist in the current context
C:\gh\azure-sdk-for-net\sdk\cognitiveservices\Language.LUIS.Runtime\tests\Luis\PredictionTests.cs(80,17): error CS0103: The name 'Assert' does not exist in the current context
C:\gh\azure-sdk-for-net\sdk\cognitiveservices\Language.LUIS.Runtime\tests\Luis\PredictionTests.cs(83,74): error CS0246: The type or namespace name 'JArray' could not be found (are you missing a using directive or an assembly reference?)
C:\gh\azure-sdk-for-net\sdk\cognitiveservices\Language.LUIS.Runtime\tests\Luis\PredictionTests.cs(84,17): error CS0103: The name 'Assert' does not exist in the current context
C:\gh\azure-sdk-for-net\sdk\cognitiveservices\Language.LUIS.Runtime\tests\Luis\PredictionTests.cs(84,29): error CS0103: The name 'JToken' does not exist in the current context
C:\gh\azure-sdk-for-net\sdk\cognitiveservices\Language.LUIS.Runtime\tests\Luis\PredictionTests.cs(87,17): error CS0103: The name 'Assert' does not exist in the current context
C:\gh\azure-sdk-for-net\sdk\cognitiveservices\Language.LUIS.Runtime\tests\Luis\PredictionTests.cs(89,17): error CS0103: The name 'Assert' does not exist in the current context
C:\gh\azure-sdk-for-net\sdk\cognitiveservices\Language.LUIS.Runtime\tests\Luis\PredictionTests.cs(90,17): error CS0103: The name 'Assert' does not exist in the current context
C:\gh\azure-sdk-for-net\sdk\cognitiveservices\Language.LUIS.Runtime\tests\Luis\PredictionTests.cs(94,17): error CS0103: The name 'Assert' does not exist in the current context
C:\gh\azure-sdk-for-net\sdk\cognitiveservices\Language.LUIS.Runtime\tests\Luis\PredictionTests.cs(95,17): error CS0103: The name 'Assert' does not exist in the current context
C:\gh\azure-sdk-for-net\sdk\cognitiveservices\Language.LUIS.Runtime\tests\Luis\PredictionTests.cs(96,17): error CS0103: The name 'Assert' does not exist in the current context
C:\gh\azure-sdk-for-net\sdk\cognitiveservices\Language.LUIS.Runtime\tests\Luis\PredictionTests.cs(97,17): error CS0103: The name 'Assert' does not exist in the current context
C:\gh\azure-sdk-for-net\sdk\cognitiveservices\Language.LUIS.Runtime\tests\Luis\PredictionTests.cs(98,17): error CS0103: The name 'Assert' does not exist in the current context
C:\gh\azure-sdk-for-net\sdk\cognitiveservices\Language.LUIS.Runtime\tests\Luis\PredictionTests.cs(101,17): error CS0103: The name 'Assert' does not exist in the current context
C:\gh\azure-sdk-for-net\sdk\cognitiveservices\Language.LUIS.Runtime\tests\Luis\PredictionTests.cs(103,17): error CS0103: The name 'Assert' does not exist in the current context
C:\gh\azure-sdk-for-net\sdk\cognitiveservices\Language.LUIS.Runtime\tests\Luis\PredictionTests.cs(104,17): error CS0103: The name 'Assert' does not exist in the current context
C:\gh\azure-sdk-for-net\sdk\cognitiveservices\Language.LUIS.Runtime\tests\Luis\PredictionTests.cs(122,42): error CS0103: The name 'JObject' does not exist in the current context
C:\gh\azure-sdk-for-net\sdk\cognitiveservices\Language.LUIS.Runtime\tests\Luis\PredictionTests.cs(168,17): error CS0103: The name 'Assert' does not exist in the current context
C:\gh\azure-sdk-for-net\sdk\cognitiveservices\Language.LUIS.Runtime\tests\Luis\PredictionTests.cs(169,17): error CS0103: The name 'Assert' does not exist in the current context
C:\gh\azure-sdk-for-net\sdk\cognitiveservices\Language.LUIS.Runtime\tests\Luis\PredictionTests.cs(170,17): error CS0103: The name 'Assert' does not exist in the current context
C:\gh\azure-sdk-for-net\sdk\cognitiveservices\Language.LUIS.Runtime\tests\Luis\PredictionTests.cs(171,17): error CS0103: The name 'Assert' does not exist in the current context
C:\gh\azure-sdk-for-net\sdk\cognitiveservices\Language.LUIS.Runtime\tests\Luis\PredictionTests.cs(172,17): error CS0103: The name 'Assert' does not exist in the current context
C:\gh\azure-sdk-for-net\sdk\cognitiveservices\Language.LUIS.Runtime\tests\Luis\PredictionTests.cs(173,17): error CS0103: The name 'Assert' does not exist in the current context
C:\gh\azure-sdk-for-net\sdk\cognitiveservices\Language.LUIS.Runtime\tests\Luis\PredictionTests.cs(174,17): error CS0103: The name 'Assert' does not exist in the current context
C:\gh\azure-sdk-for-net\sdk\cognitiveservices\Language.LUIS.Runtime\tests\Luis\PredictionTests.cs(175,17): error CS0103: The name 'Assert' does not exist in the current context
C:\gh\azure-sdk-for-net\sdk\cognitiveservices\Language.LUIS.Runtime\tests\Luis\PredictionTests.cs(178,74): error CS0246: The type or namespace name 'JArray' could not be found (are you missing a using directive or an assembly reference?)
C:\gh\azure-sdk-for-net\sdk\cognitiveservices\Language.LUIS.Runtime\tests\Luis\PredictionTests.cs(179,17): error CS0103: The name 'Assert' does not exist in the current context
C:\gh\azure-sdk-for-net\sdk\cognitiveservices\Language.LUIS.Runtime\tests\Luis\PredictionTests.cs(179,29): error CS0103: The name 'JToken' does not exist in the current context
C:\gh\azure-sdk-for-net\sdk\cognitiveservices\Language.LUIS.Runtime\tests\Luis\PredictionTests.cs(182,17): error CS0103: The name 'Assert' does not exist in the current context
C:\gh\azure-sdk-for-net\sdk\cognitiveservices\Language.LUIS.Runtime\tests\Luis\PredictionTests.cs(184,17): error CS0103: The name 'Assert' does not exist in the current context
C:\gh\azure-sdk-for-net\sdk\cognitiveservices\Language.LUIS.Runtime\tests\Luis\PredictionTests.cs(185,17): error CS0103: The name 'Assert' does not exist in the current context
C:\gh\azure-sdk-for-net\sdk\cognitiveservices\Language.LUIS.Runtime\tests\Luis\PredictionTests.cs(189,17): error CS0103: The name 'Assert' does not exist in the current context
C:\gh\azure-sdk-for-net\sdk\cognitiveservices\Language.LUIS.Runtime\tests\Luis\PredictionTests.cs(190,17): error CS0103: The name 'Assert' does not exist in the current context
C:\gh\azure-sdk-for-net\sdk\cognitiveservices\Language.LUIS.Runtime\tests\Luis\PredictionTests.cs(191,17): error CS0103: The name 'Assert' does not exist in the current context
C:\gh\azure-sdk-for-net\sdk\cognitiveservices\Language.LUIS.Runtime\tests\Luis\PredictionTests.cs(192,17): error CS0103: The name 'Assert' does not exist in the current context
C:\gh\azure-sdk-for-net\sdk\cognitiveservices\Language.LUIS.Runtime\tests\Luis\PredictionTests.cs(193,17): error CS0103: The name 'Assert' does not exist in the current context
C:\gh\azure-sdk-for-net\sdk\cognitiveservices\Language.LUIS.Runtime\tests\Luis\PredictionTests.cs(196,17): error CS0103: The name 'Assert' does not exist in the current context
C:\gh\azure-sdk-for-net\sdk\cognitiveservices\Language.LUIS.Runtime\tests\Luis\PredictionTests.cs(198,17): error CS0103: The name 'Assert' does not exist in the current context
C:\gh\azure-sdk-for-net\sdk\cognitiveservices\Language.LUIS.Runtime\tests\Luis\PredictionTests.cs(199,17): error CS0103: The name 'Assert' does not exist in the current context
C:\gh\azure-sdk-for-net\sdk\cognitiveservices\Language.LUIS.Runtime\tests\Luis\PredictionTests.cs(208,32): error CS0103: The name 'Assert' does not exist in the current context
C:\gh\azure-sdk-for-net\sdk\cognitiveservices\Language.LUIS.Runtime\tests\Luis\PredictionTests.cs(219,17): error CS0103: The name 'Assert' does not exist in the current context
C:\gh\azure-sdk-for-net\sdk\cognitiveservices\Language.LUIS.Runtime\tests\Luis\PredictionTests.cs(228,32): error CS0103: The name 'Assert' does not exist in the current context
C:\gh\azure-sdk-for-net\sdk\cognitiveservices\Language.LUIS.Runtime\tests\Luis\PredictionTests.cs(228,51): error CS0246: The type or namespace name 'ValidationException' could not be found (are you missing a using directive or an assembly reference?)
C:\gh\azure-sdk-for-net\sdk\cognitiveservices\Language.LUIS.Runtime\tests\Luis\PredictionTests.cs(233,17): error CS0103: The name 'Assert' does not exist in the current context
C:\gh\azure-sdk-for-net\sdk\cognitiveservices\Language.LUIS.Runtime\tests\BaseTest.cs(8,5): hidden CS8019: Unnecessary using directive.
C:\gh\azure-sdk-for-net\artifacts\obj\Microsoft.Azure.CognitiveServices.Language.LUIS.Runtime.Tests\Debug\net461\.NETFramework,Version=v4.6.1.AssemblyAttributes.cs(2,1): hidden CS8019: Unnecessary using directive.
C:\gh\azure-sdk-for-net\eng\mgmt\DisableTestRunParallel.cs(5,1): hidden CS8019: Unnecessary using directive.
C:\gh\azure-sdk-for-net\sdk\cognitiveservices\Language.LUIS.Runtime\tests\BaseTest.cs(10,5): hidden CS8019: Unnecessary using directive.
C:\gh\azure-sdk-for-net\artifacts\obj\Microsoft.Azure.CognitiveServices.Language.LUIS.Runtime.Tests\Debug\net461\Microsoft.Azure.CognitiveServices.Language.LUIS.Runtime.Tests.AssemblyInfo.cs(11,1): hidden CS8019: Unnecessary using directive.
C:\gh\azure-sdk-for-net\artifacts\obj\Microsoft.Azure.CognitiveServices.Language.LUIS.Runtime.Tests\Debug\net461\.NETFramework,Version=v4.6.1.AssemblyAttributes.cs(3,1): hidden CS8019: Unnecessary using directive.
C:\gh\azure-sdk-for-net\sdk\cognitiveservices\Language.LUIS.Runtime\tests\BaseTest.cs(9,5): hidden CS8019: Unnecessary using directive.
C:\gh\azure-sdk-for-net\sdk\cognitiveservices\Language.LUIS.Runtime\tests\Luis\PredictionTests.cs(7,5): hidden CS8019: Unnecessary using directive.
C:\gh\azure-sdk-for-net\artifacts\obj\Microsoft.Azure.CognitiveServices.Language.LUIS.Runtime.Tests\Debug\net461\Microsoft.Azure.CognitiveServices.Language.LUIS.Runtime.Tests.AssemblyInfo.cs(12,1): hidden CS8019: Unnecessary using directive.
C:\gh\azure-sdk-for-net\sdk\cognitiveservices\Language.LUIS.Runtime\tests\BaseTest.cs(4,5): hidden CS8019: Unnecessary using directive.
C:\gh\azure-sdk-for-net\sdk\cognitiveservices\Language.LUIS.Runtime\tests\Luis\PredictionTests.cs(8,5): hidden CS8019: Unnecessary using directive.
C:\gh\azure-sdk-for-net\sdk\cognitiveservices\Language.LUIS.Runtime\tests\Luis\PredictionTests.cs(9,5): hidden CS8019: Unnecessary using directive.
C:\gh\azure-sdk-for-net\eng\mgmt\DisableTestRunParallel.cs(4,1): hidden CS8019: Unnecessary using directive.
