C:\gh\azure-sdk-for-net\sdk\mgmtcommon\Test\ClientRuntime.Tracing.Tests\EtwTracingInterceptorTest.cs(18,26): error CS0246: The type or namespace name 'TraceEventSession' could not be found (are you missing a using directive or an assembly reference?)
C:\gh\azure-sdk-for-net\eng\mgmt\DisableTestRunParallel.cs(7,12): error CS0246: The type or namespace name 'CollectionBehaviorAttribute' could not be found (are you missing a using directive or an assembly reference?)
C:\gh\azure-sdk-for-net\eng\mgmt\DisableTestRunParallel.cs(7,12): error CS0246: The type or namespace name 'CollectionBehavior' could not be found (are you missing a using directive or an assembly reference?)
C:\gh\azure-sdk-for-net\eng\mgmt\DisableTestRunParallel.cs(7,31): error CS0246: The type or namespace name 'DisableTestParallelization' could not be found (are you missing a using directive or an assembly reference?)
C:\gh\azure-sdk-for-net\eng\mgmt\DisableTestRunParallel.cs(7,66): error CS0246: The type or namespace name 'MaxParallelThreads' could not be found (are you missing a using directive or an assembly reference?)
C:\gh\azure-sdk-for-net\sdk\mgmtcommon\Test\ClientRuntime.Tracing.Tests\EtwTracingInterceptorTest.cs(8,17): error CS0234: The type or namespace name 'Diagnostics' does not exist in the namespace 'Microsoft' (are you missing an assembly reference?)
C:\gh\azure-sdk-for-net\sdk\mgmtcommon\Test\ClientRuntime.Tracing.Tests\EtwTracingInterceptorTest.cs(9,17): error CS0234: The type or namespace name 'Diagnostics' does not exist in the namespace 'Microsoft' (are you missing an assembly reference?)
C:\gh\azure-sdk-for-net\sdk\mgmtcommon\Test\ClientRuntime.Tracing.Tests\EtwTracingInterceptorTest.cs(11,7): error CS0246: The type or namespace name 'Xunit' could not be found (are you missing a using directive or an assembly reference?)
C:\gh\azure-sdk-for-net\sdk\mgmtcommon\Test\ClientRuntime.Tracing.Tests\Log4NetTracingInterceptorTest.cs(10,7): error CS0246: The type or namespace name 'Xunit' could not be found (are you missing a using directive or an assembly reference?)
C:\gh\azure-sdk-for-net\eng\mgmt\DisableTestRunParallel.cs(5,7): error CS0246: The type or namespace name 'Xunit' could not be found (are you missing a using directive or an assembly reference?)
C:\gh\azure-sdk-for-net\sdk\mgmtcommon\Test\ClientRuntime.Tracing.Tests\Log4NetTracingInterceptorTest.cs(18,10): error CS0246: The type or namespace name 'FactAttribute' could not be found (are you missing a using directive or an assembly reference?)
C:\gh\azure-sdk-for-net\sdk\mgmtcommon\Test\ClientRuntime.Tracing.Tests\Log4NetTracingInterceptorTest.cs(18,10): error CS0246: The type or namespace name 'Fact' could not be found (are you missing a using directive or an assembly reference?)
C:\gh\azure-sdk-for-net\sdk\mgmtcommon\Test\ClientRuntime.Tracing.Tests\Log4NetTracingInterceptorTest.cs(27,10): error CS0246: The type or namespace name 'FactAttribute' could not be found (are you missing a using directive or an assembly reference?)
C:\gh\azure-sdk-for-net\sdk\mgmtcommon\Test\ClientRuntime.Tracing.Tests\Log4NetTracingInterceptorTest.cs(27,10): error CS0246: The type or namespace name 'Fact' could not be found (are you missing a using directive or an assembly reference?)
C:\gh\azure-sdk-for-net\sdk\mgmtcommon\Test\ClientRuntime.Tracing.Tests\Log4NetTracingInterceptorTest.cs(37,10): error CS0246: The type or namespace name 'FactAttribute' could not be found (are you missing a using directive or an assembly reference?)
C:\gh\azure-sdk-for-net\sdk\mgmtcommon\Test\ClientRuntime.Tracing.Tests\Log4NetTracingInterceptorTest.cs(37,10): error CS0246: The type or namespace name 'Fact' could not be found (are you missing a using directive or an assembly reference?)
C:\gh\azure-sdk-for-net\sdk\mgmtcommon\Test\ClientRuntime.Tracing.Tests\EtwTracingInterceptorTest.cs(33,10): error CS0246: The type or namespace name 'TheoryAttribute' could not be found (are you missing a using directive or an assembly reference?)
C:\gh\azure-sdk-for-net\sdk\mgmtcommon\Test\ClientRuntime.Tracing.Tests\EtwTracingInterceptorTest.cs(33,10): error CS0246: The type or namespace name 'Theory' could not be found (are you missing a using directive or an assembly reference?)
C:\gh\azure-sdk-for-net\sdk\mgmtcommon\Test\ClientRuntime.Tracing.Tests\EtwTracingInterceptorTest.cs(34,10): error CS0246: The type or namespace name 'InlineDataAttribute' could not be found (are you missing a using directive or an assembly reference?)
C:\gh\azure-sdk-for-net\sdk\mgmtcommon\Test\ClientRuntime.Tracing.Tests\EtwTracingInterceptorTest.cs(34,10): error CS0246: The type or namespace name 'InlineData' could not be found (are you missing a using directive or an assembly reference?)
C:\gh\azure-sdk-for-net\sdk\mgmtcommon\Test\ClientRuntime.Tracing.Tests\EtwTracingInterceptorTest.cs(35,10): error CS0246: The type or namespace name 'InlineDataAttribute' could not be found (are you missing a using directive or an assembly reference?)
C:\gh\azure-sdk-for-net\sdk\mgmtcommon\Test\ClientRuntime.Tracing.Tests\EtwTracingInterceptorTest.cs(35,10): error CS0246: The type or namespace name 'InlineData' could not be found (are you missing a using directive or an assembly reference?)
C:\gh\azure-sdk-for-net\sdk\mgmtcommon\Test\ClientRuntime.Tracing.Tests\EtwTracingInterceptorTest.cs(36,10): error CS0246: The type or namespace name 'InlineDataAttribute' could not be found (are you missing a using directive or an assembly reference?)
C:\gh\azure-sdk-for-net\sdk\mgmtcommon\Test\ClientRuntime.Tracing.Tests\EtwTracingInterceptorTest.cs(36,10): error CS0246: The type or namespace name 'InlineData' could not be found (are you missing a using directive or an assembly reference?)
C:\gh\azure-sdk-for-net\sdk\mgmtcommon\Test\ClientRuntime.Tracing.Tests\Log4NetTracingInterceptorTest.cs(53,10): error CS0246: The type or namespace name 'FactAttribute' could not be found (are you missing a using directive or an assembly reference?)
C:\gh\azure-sdk-for-net\sdk\mgmtcommon\Test\ClientRuntime.Tracing.Tests\Log4NetTracingInterceptorTest.cs(53,10): error CS0246: The type or namespace name 'Fact' could not be found (are you missing a using directive or an assembly reference?)
C:\gh\azure-sdk-for-net\sdk\mgmtcommon\Test\ClientRuntime.Tracing.Tests\Log4NetTracingInterceptorTest.cs(66,10): error CS0246: The type or namespace name 'FactAttribute' could not be found (are you missing a using directive or an assembly reference?)
C:\gh\azure-sdk-for-net\sdk\mgmtcommon\Test\ClientRuntime.Tracing.Tests\Log4NetTracingInterceptorTest.cs(66,10): error CS0246: The type or namespace name 'Fact' could not be found (are you missing a using directive or an assembly reference?)
C:\gh\azure-sdk-for-net\sdk\mgmtcommon\Test\ClientRuntime.Tracing.Tests\Log4NetTracingInterceptorTest.cs(79,10): error CS0246: The type or namespace name 'FactAttribute' could not be found (are you missing a using directive or an assembly reference?)
C:\gh\azure-sdk-for-net\sdk\mgmtcommon\Test\ClientRuntime.Tracing.Tests\Log4NetTracingInterceptorTest.cs(79,10): error CS0246: The type or namespace name 'Fact' could not be found (are you missing a using directive or an assembly reference?)
C:\gh\azure-sdk-for-net\sdk\mgmtcommon\Test\ClientRuntime.Tracing.Tests\Log4NetTracingInterceptorTest.cs(91,10): error CS0246: The type or namespace name 'FactAttribute' could not be found (are you missing a using directive or an assembly reference?)
C:\gh\azure-sdk-for-net\sdk\mgmtcommon\Test\ClientRuntime.Tracing.Tests\Log4NetTracingInterceptorTest.cs(91,10): error CS0246: The type or namespace name 'Fact' could not be found (are you missing a using directive or an assembly reference?)
C:\gh\azure-sdk-for-net\sdk\mgmtcommon\Test\ClientRuntime.Tracing.Tests\EtwTracingInterceptorTest.cs(53,10): error CS0246: The type or namespace name 'TheoryAttribute' could not be found (are you missing a using directive or an assembly reference?)
C:\gh\azure-sdk-for-net\sdk\mgmtcommon\Test\ClientRuntime.Tracing.Tests\EtwTracingInterceptorTest.cs(53,10): error CS0246: The type or namespace name 'Theory' could not be found (are you missing a using directive or an assembly reference?)
C:\gh\azure-sdk-for-net\sdk\mgmtcommon\Test\ClientRuntime.Tracing.Tests\EtwTracingInterceptorTest.cs(54,10): error CS0246: The type or namespace name 'InlineDataAttribute' could not be found (are you missing a using directive or an assembly reference?)
C:\gh\azure-sdk-for-net\sdk\mgmtcommon\Test\ClientRuntime.Tracing.Tests\EtwTracingInterceptorTest.cs(54,10): error CS0246: The type or namespace name 'InlineData' could not be found (are you missing a using directive or an assembly reference?)
C:\gh\azure-sdk-for-net\sdk\mgmtcommon\Test\ClientRuntime.Tracing.Tests\EtwTracingInterceptorTest.cs(55,10): error CS0246: The type or namespace name 'InlineDataAttribute' could not be found (are you missing a using directive or an assembly reference?)
C:\gh\azure-sdk-for-net\sdk\mgmtcommon\Test\ClientRuntime.Tracing.Tests\EtwTracingInterceptorTest.cs(55,10): error CS0246: The type or namespace name 'InlineData' could not be found (are you missing a using directive or an assembly reference?)
C:\gh\azure-sdk-for-net\sdk\mgmtcommon\Test\ClientRuntime.Tracing.Tests\EtwTracingInterceptorTest.cs(56,10): error CS0246: The type or namespace name 'InlineDataAttribute' could not be found (are you missing a using directive or an assembly reference?)
C:\gh\azure-sdk-for-net\sdk\mgmtcommon\Test\ClientRuntime.Tracing.Tests\EtwTracingInterceptorTest.cs(56,10): error CS0246: The type or namespace name 'InlineData' could not be found (are you missing a using directive or an assembly reference?)
C:\gh\azure-sdk-for-net\sdk\mgmtcommon\Test\ClientRuntime.Tracing.Tests\Log4NetTracingInterceptorTest.cs(104,10): error CS0246: The type or namespace name 'FactAttribute' could not be found (are you missing a using directive or an assembly reference?)
C:\gh\azure-sdk-for-net\sdk\mgmtcommon\Test\ClientRuntime.Tracing.Tests\Log4NetTracingInterceptorTest.cs(104,10): error CS0246: The type or namespace name 'Fact' could not be found (are you missing a using directive or an assembly reference?)
C:\gh\azure-sdk-for-net\sdk\mgmtcommon\Test\ClientRuntime.Tracing.Tests\EtwTracingInterceptorTest.cs(77,10): error CS0246: The type or namespace name 'FactAttribute' could not be found (are you missing a using directive or an assembly reference?)
C:\gh\azure-sdk-for-net\sdk\mgmtcommon\Test\ClientRuntime.Tracing.Tests\EtwTracingInterceptorTest.cs(77,10): error CS0246: The type or namespace name 'Fact' could not be found (are you missing a using directive or an assembly reference?)
C:\gh\azure-sdk-for-net\sdk\mgmtcommon\Test\ClientRuntime.Tracing.Tests\Log4NetTracingInterceptorTest.cs(113,10): error CS0246: The type or namespace name 'FactAttribute' could not be found (are you missing a using directive or an assembly reference?)
C:\gh\azure-sdk-for-net\sdk\mgmtcommon\Test\ClientRuntime.Tracing.Tests\Log4NetTracingInterceptorTest.cs(113,10): error CS0246: The type or namespace name 'Fact' could not be found (are you missing a using directive or an assembly reference?)
C:\gh\azure-sdk-for-net\sdk\mgmtcommon\Test\ClientRuntime.Tracing.Tests\EtwTracingInterceptorTest.cs(101,10): error CS0246: The type or namespace name 'FactAttribute' could not be found (are you missing a using directive or an assembly reference?)
C:\gh\azure-sdk-for-net\sdk\mgmtcommon\Test\ClientRuntime.Tracing.Tests\EtwTracingInterceptorTest.cs(101,10): error CS0246: The type or namespace name 'Fact' could not be found (are you missing a using directive or an assembly reference?)
C:\gh\azure-sdk-for-net\sdk\mgmtcommon\Test\ClientRuntime.Tracing.Tests\EtwTracingInterceptorTest.cs(125,10): error CS0246: The type or namespace name 'FactAttribute' could not be found (are you missing a using directive or an assembly reference?)
C:\gh\azure-sdk-for-net\sdk\mgmtcommon\Test\ClientRuntime.Tracing.Tests\Log4NetTracingInterceptorTest.cs(123,10): error CS0246: The type or namespace name 'FactAttribute' could not be found (are you missing a using directive or an assembly reference?)
C:\gh\azure-sdk-for-net\sdk\mgmtcommon\Test\ClientRuntime.Tracing.Tests\EtwTracingInterceptorTest.cs(125,10): error CS0246: The type or namespace name 'Fact' could not be found (are you missing a using directive or an assembly reference?)
C:\gh\azure-sdk-for-net\sdk\mgmtcommon\Test\ClientRuntime.Tracing.Tests\Log4NetTracingInterceptorTest.cs(123,10): error CS0246: The type or namespace name 'Fact' could not be found (are you missing a using directive or an assembly reference?)
C:\gh\azure-sdk-for-net\sdk\mgmtcommon\Test\ClientRuntime.Tracing.Tests\EtwTracingInterceptorTest.cs(145,10): error CS0246: The type or namespace name 'FactAttribute' could not be found (are you missing a using directive or an assembly reference?)
C:\gh\azure-sdk-for-net\sdk\mgmtcommon\Test\ClientRuntime.Tracing.Tests\EtwTracingInterceptorTest.cs(145,10): error CS0246: The type or namespace name 'Fact' could not be found (are you missing a using directive or an assembly reference?)
C:\gh\azure-sdk-for-net\sdk\mgmtcommon\Test\ClientRuntime.Tracing.Tests\Log4NetTracingInterceptorTest.cs(139,10): error CS0246: The type or namespace name 'FactAttribute' could not be found (are you missing a using directive or an assembly reference?)
C:\gh\azure-sdk-for-net\sdk\mgmtcommon\Test\ClientRuntime.Tracing.Tests\Log4NetTracingInterceptorTest.cs(139,10): error CS0246: The type or namespace name 'Fact' could not be found (are you missing a using directive or an assembly reference?)
C:\gh\azure-sdk-for-net\sdk\mgmtcommon\Test\ClientRuntime.Tracing.Tests\EtwTracingInterceptorTest.cs(161,10): error CS0246: The type or namespace name 'FactAttribute' could not be found (are you missing a using directive or an assembly reference?)
C:\gh\azure-sdk-for-net\sdk\mgmtcommon\Test\ClientRuntime.Tracing.Tests\EtwTracingInterceptorTest.cs(161,10): error CS0246: The type or namespace name 'Fact' could not be found (are you missing a using directive or an assembly reference?)
C:\gh\azure-sdk-for-net\sdk\mgmtcommon\Test\ClientRuntime.Tracing.Tests\Log4NetTracingInterceptorTest.cs(150,10): error CS0246: The type or namespace name 'FactAttribute' could not be found (are you missing a using directive or an assembly reference?)
C:\gh\azure-sdk-for-net\sdk\mgmtcommon\Test\ClientRuntime.Tracing.Tests\Log4NetTracingInterceptorTest.cs(150,10): error CS0246: The type or namespace name 'Fact' could not be found (are you missing a using directive or an assembly reference?)
C:\gh\azure-sdk-for-net\sdk\mgmtcommon\Test\ClientRuntime.Tracing.Tests\EtwTracingInterceptorTest.cs(182,10): error CS0246: The type or namespace name 'FactAttribute' could not be found (are you missing a using directive or an assembly reference?)
C:\gh\azure-sdk-for-net\sdk\mgmtcommon\Test\ClientRuntime.Tracing.Tests\EtwTracingInterceptorTest.cs(182,10): error CS0246: The type or namespace name 'Fact' could not be found (are you missing a using directive or an assembly reference?)
C:\gh\azure-sdk-for-net\sdk\mgmtcommon\Test\ClientRuntime.Tracing.Tests\Log4NetTracingInterceptorTest.cs(161,10): error CS0246: The type or namespace name 'FactAttribute' could not be found (are you missing a using directive or an assembly reference?)
C:\gh\azure-sdk-for-net\sdk\mgmtcommon\Test\ClientRuntime.Tracing.Tests\Log4NetTracingInterceptorTest.cs(161,10): error CS0246: The type or namespace name 'Fact' could not be found (are you missing a using directive or an assembly reference?)
C:\gh\azure-sdk-for-net\sdk\mgmtcommon\Test\ClientRuntime.Tracing.Tests\EtwTracingInterceptorTest.cs(198,10): error CS0246: The type or namespace name 'FactAttribute' could not be found (are you missing a using directive or an assembly reference?)
C:\gh\azure-sdk-for-net\sdk\mgmtcommon\Test\ClientRuntime.Tracing.Tests\EtwTracingInterceptorTest.cs(198,10): error CS0246: The type or namespace name 'Fact' could not be found (are you missing a using directive or an assembly reference?)
C:\gh\azure-sdk-for-net\sdk\mgmtcommon\Test\ClientRuntime.Tracing.Tests\Log4NetTracingInterceptorTest.cs(172,10): error CS0246: The type or namespace name 'FactAttribute' could not be found (are you missing a using directive or an assembly reference?)
C:\gh\azure-sdk-for-net\sdk\mgmtcommon\Test\ClientRuntime.Tracing.Tests\Log4NetTracingInterceptorTest.cs(172,10): error CS0246: The type or namespace name 'Fact' could not be found (are you missing a using directive or an assembly reference?)
C:\gh\azure-sdk-for-net\sdk\mgmtcommon\Test\ClientRuntime.Tracing.Tests\EtwTracingInterceptorTest.cs(214,10): error CS0246: The type or namespace name 'FactAttribute' could not be found (are you missing a using directive or an assembly reference?)
C:\gh\azure-sdk-for-net\sdk\mgmtcommon\Test\ClientRuntime.Tracing.Tests\EtwTracingInterceptorTest.cs(214,10): error CS0246: The type or namespace name 'Fact' could not be found (are you missing a using directive or an assembly reference?)
C:\gh\azure-sdk-for-net\sdk\mgmtcommon\Test\ClientRuntime.Tracing.Tests\EtwTracingInterceptorTest.cs(22,33): error CS0246: The type or namespace name 'TraceEventSession' could not be found (are you missing a using directive or an assembly reference?)
C:\gh\azure-sdk-for-net\sdk\mgmtcommon\Test\ClientRuntime.Tracing.Tests\EtwTracingInterceptorTest.cs(23,35): error CS0103: The name 'TraceEventProviders' does not exist in the current context
C:\gh\azure-sdk-for-net\sdk\mgmtcommon\Test\ClientRuntime.Tracing.Tests\Log4NetTracingInterceptorTest.cs(30,52): error CS0012: The type 'ILog' is defined in an assembly that is not referenced. You must add a reference to assembly 'log4net, Version=2.0.9.0, Culture=neutral, PublicKeyToken=669e0ddf0bb1aa2a'.
C:\gh\azure-sdk-for-net\sdk\mgmtcommon\Test\ClientRuntime.Tracing.Tests\Log4NetTracingInterceptorTest.cs(34,13): error CS0103: The name 'Assert' does not exist in the current context
C:\gh\azure-sdk-for-net\sdk\mgmtcommon\Test\ClientRuntime.Tracing.Tests\Log4NetTracingInterceptorTest.cs(40,52): error CS0012: The type 'ILog' is defined in an assembly that is not referenced. You must add a reference to assembly 'log4net, Version=2.0.9.0, Culture=neutral, PublicKeyToken=669e0ddf0bb1aa2a'.
C:\gh\azure-sdk-for-net\sdk\mgmtcommon\Test\ClientRuntime.Tracing.Tests\Log4NetTracingInterceptorTest.cs(50,13): error CS0103: The name 'Assert' does not exist in the current context
C:\gh\azure-sdk-for-net\sdk\mgmtcommon\Test\ClientRuntime.Tracing.Tests\EtwTracingInterceptorTest.cs(49,21): error CS0103: The name 'Assert' does not exist in the current context
C:\gh\azure-sdk-for-net\sdk\mgmtcommon\Test\ClientRuntime.Tracing.Tests\Log4NetTracingInterceptorTest.cs(56,52): error CS0012: The type 'ILog' is defined in an assembly that is not referenced. You must add a reference to assembly 'log4net, Version=2.0.9.0, Culture=neutral, PublicKeyToken=669e0ddf0bb1aa2a'.
C:\gh\azure-sdk-for-net\sdk\mgmtcommon\Test\ClientRuntime.Tracing.Tests\Log4NetTracingInterceptorTest.cs(60,25): error CS1061: 'HttpRequestMessage' does not contain a definition for 'AsFormattedString' and no accessible extension method 'AsFormattedString' accepting a first argument of type 'HttpRequestMessage' could be found (are you missing a using directive or an assembly reference?)
C:\gh\azure-sdk-for-net\sdk\mgmtcommon\Test\ClientRuntime.Tracing.Tests\Log4NetTracingInterceptorTest.cs(63,13): error CS0103: The name 'Assert' does not exist in the current context
C:\gh\azure-sdk-for-net\sdk\mgmtcommon\Test\ClientRuntime.Tracing.Tests\EtwTracingInterceptorTest.cs(71,21): error CS0103: The name 'Assert' does not exist in the current context
C:\gh\azure-sdk-for-net\sdk\mgmtcommon\Test\ClientRuntime.Tracing.Tests\EtwTracingInterceptorTest.cs(72,21): error CS0103: The name 'Assert' does not exist in the current context
C:\gh\azure-sdk-for-net\sdk\mgmtcommon\Test\ClientRuntime.Tracing.Tests\EtwTracingInterceptorTest.cs(73,21): error CS0103: The name 'Assert' does not exist in the current context
C:\gh\azure-sdk-for-net\sdk\mgmtcommon\Test\ClientRuntime.Tracing.Tests\Log4NetTracingInterceptorTest.cs(69,52): error CS0012: The type 'ILog' is defined in an assembly that is not referenced. You must add a reference to assembly 'log4net, Version=2.0.9.0, Culture=neutral, PublicKeyToken=669e0ddf0bb1aa2a'.
C:\gh\azure-sdk-for-net\sdk\mgmtcommon\Test\ClientRuntime.Tracing.Tests\Log4NetTracingInterceptorTest.cs(73,26): error CS1061: 'HttpResponseMessage' does not contain a definition for 'AsFormattedString' and no accessible extension method 'AsFormattedString' accepting a first argument of type 'HttpResponseMessage' could be found (are you missing a using directive or an assembly reference?)
C:\gh\azure-sdk-for-net\sdk\mgmtcommon\Test\ClientRuntime.Tracing.Tests\Log4NetTracingInterceptorTest.cs(76,13): error CS0103: The name 'Assert' does not exist in the current context
C:\gh\azure-sdk-for-net\sdk\mgmtcommon\Test\ClientRuntime.Tracing.Tests\Log4NetTracingInterceptorTest.cs(82,52): error CS0012: The type 'ILog' is defined in an assembly that is not referenced. You must add a reference to assembly 'log4net, Version=2.0.9.0, Culture=neutral, PublicKeyToken=669e0ddf0bb1aa2a'.
C:\gh\azure-sdk-for-net\sdk\mgmtcommon\Test\ClientRuntime.Tracing.Tests\Log4NetTracingInterceptorTest.cs(84,33): error CS0246: The type or namespace name 'HttpOperationException' could not be found (are you missing a using directive or an assembly reference?)
C:\gh\azure-sdk-for-net\sdk\mgmtcommon\Test\ClientRuntime.Tracing.Tests\Log4NetTracingInterceptorTest.cs(88,13): error CS0103: The name 'Assert' does not exist in the current context
C:\gh\azure-sdk-for-net\sdk\mgmtcommon\Test\ClientRuntime.Tracing.Tests\EtwTracingInterceptorTest.cs(94,21): error CS0103: The name 'Assert' does not exist in the current context
C:\gh\azure-sdk-for-net\sdk\mgmtcommon\Test\ClientRuntime.Tracing.Tests\EtwTracingInterceptorTest.cs(95,21): error CS0103: The name 'Assert' does not exist in the current context
C:\gh\azure-sdk-for-net\sdk\mgmtcommon\Test\ClientRuntime.Tracing.Tests\EtwTracingInterceptorTest.cs(96,21): error CS0103: The name 'Assert' does not exist in the current context
C:\gh\azure-sdk-for-net\sdk\mgmtcommon\Test\ClientRuntime.Tracing.Tests\EtwTracingInterceptorTest.cs(97,21): error CS0103: The name 'Assert' does not exist in the current context
C:\gh\azure-sdk-for-net\sdk\mgmtcommon\Test\ClientRuntime.Tracing.Tests\Log4NetTracingInterceptorTest.cs(94,52): error CS0012: The type 'ILog' is defined in an assembly that is not referenced. You must add a reference to assembly 'log4net, Version=2.0.9.0, Culture=neutral, PublicKeyToken=669e0ddf0bb1aa2a'.
C:\gh\azure-sdk-for-net\sdk\mgmtcommon\Test\ClientRuntime.Tracing.Tests\Log4NetTracingInterceptorTest.cs(101,13): error CS0103: The name 'Assert' does not exist in the current context
C:\gh\azure-sdk-for-net\sdk\mgmtcommon\Test\ClientRuntime.Tracing.Tests\Log4NetTracingInterceptorTest.cs(107,52): error CS0012: The type 'ILog' is defined in an assembly that is not referenced. You must add a reference to assembly 'log4net, Version=2.0.9.0, Culture=neutral, PublicKeyToken=669e0ddf0bb1aa2a'.
C:\gh\azure-sdk-for-net\sdk\mgmtcommon\Test\ClientRuntime.Tracing.Tests\Log4NetTracingInterceptorTest.cs(110,13): error CS0103: The name 'Assert' does not exist in the current context
C:\gh\azure-sdk-for-net\sdk\mgmtcommon\Test\ClientRuntime.Tracing.Tests\Log4NetTracingInterceptorTest.cs(116,52): error CS0012: The type 'ILog' is defined in an assembly that is not referenced. You must add a reference to assembly 'log4net, Version=2.0.9.0, Culture=neutral, PublicKeyToken=669e0ddf0bb1aa2a'.
C:\gh\azure-sdk-for-net\sdk\mgmtcommon\Test\ClientRuntime.Tracing.Tests\Log4NetTracingInterceptorTest.cs(120,13): error CS0103: The name 'Assert' does not exist in the current context
C:\gh\azure-sdk-for-net\sdk\mgmtcommon\Test\ClientRuntime.Tracing.Tests\Log4NetTracingInterceptorTest.cs(126,52): error CS0012: The type 'ILog' is defined in an assembly that is not referenced. You must add a reference to assembly 'log4net, Version=2.0.9.0, Culture=neutral, PublicKeyToken=669e0ddf0bb1aa2a'.
C:\gh\azure-sdk-for-net\sdk\mgmtcommon\Test\ClientRuntime.Tracing.Tests\Log4NetTracingInterceptorTest.cs(136,13): error CS0103: The name 'Assert' does not exist in the current context
C:\gh\azure-sdk-for-net\sdk\mgmtcommon\Test\ClientRuntime.Tracing.Tests\Log4NetTracingInterceptorTest.cs(142,52): error CS0012: The type 'ILog' is defined in an assembly that is not referenced. You must add a reference to assembly 'log4net, Version=2.0.9.0, Culture=neutral, PublicKeyToken=669e0ddf0bb1aa2a'.
C:\gh\azure-sdk-for-net\sdk\mgmtcommon\Test\ClientRuntime.Tracing.Tests\Log4NetTracingInterceptorTest.cs(147,13): error CS0103: The name 'Assert' does not exist in the current context
C:\gh\azure-sdk-for-net\sdk\mgmtcommon\Test\ClientRuntime.Tracing.Tests\Log4NetTracingInterceptorTest.cs(153,52): error CS0012: The type 'ILog' is defined in an assembly that is not referenced. You must add a reference to assembly 'log4net, Version=2.0.9.0, Culture=neutral, PublicKeyToken=669e0ddf0bb1aa2a'.
C:\gh\azure-sdk-for-net\sdk\mgmtcommon\Test\ClientRuntime.Tracing.Tests\Log4NetTracingInterceptorTest.cs(158,13): error CS0103: The name 'Assert' does not exist in the current context
C:\gh\azure-sdk-for-net\sdk\mgmtcommon\Test\ClientRuntime.Tracing.Tests\EtwTracingInterceptorTest.cs(118,21): error CS0103: The name 'Assert' does not exist in the current context
C:\gh\azure-sdk-for-net\sdk\mgmtcommon\Test\ClientRuntime.Tracing.Tests\EtwTracingInterceptorTest.cs(119,21): error CS0103: The name 'Assert' does not exist in the current context
C:\gh\azure-sdk-for-net\sdk\mgmtcommon\Test\ClientRuntime.Tracing.Tests\EtwTracingInterceptorTest.cs(120,21): error CS0103: The name 'Assert' does not exist in the current context
C:\gh\azure-sdk-for-net\sdk\mgmtcommon\Test\ClientRuntime.Tracing.Tests\EtwTracingInterceptorTest.cs(121,21): error CS0103: The name 'Assert' does not exist in the current context
C:\gh\azure-sdk-for-net\sdk\mgmtcommon\Test\ClientRuntime.Tracing.Tests\Log4NetTracingInterceptorTest.cs(164,52): error CS0012: The type 'ILog' is defined in an assembly that is not referenced. You must add a reference to assembly 'log4net, Version=2.0.9.0, Culture=neutral, PublicKeyToken=669e0ddf0bb1aa2a'.
C:\gh\azure-sdk-for-net\sdk\mgmtcommon\Test\ClientRuntime.Tracing.Tests\Log4NetTracingInterceptorTest.cs(169,13): error CS0103: The name 'Assert' does not exist in the current context
C:\gh\azure-sdk-for-net\sdk\mgmtcommon\Test\ClientRuntime.Tracing.Tests\Log4NetTracingInterceptorTest.cs(175,52): error CS0012: The type 'ILog' is defined in an assembly that is not referenced. You must add a reference to assembly 'log4net, Version=2.0.9.0, Culture=neutral, PublicKeyToken=669e0ddf0bb1aa2a'.
C:\gh\azure-sdk-for-net\sdk\mgmtcommon\Test\ClientRuntime.Tracing.Tests\Log4NetTracingInterceptorTest.cs(182,13): error CS0103: The name 'Assert' does not exist in the current context
C:\gh\azure-sdk-for-net\sdk\mgmtcommon\Test\ClientRuntime.Tracing.Tests\EtwTracingInterceptorTest.cs(139,21): error CS0103: The name 'Assert' does not exist in the current context
C:\gh\azure-sdk-for-net\sdk\mgmtcommon\Test\ClientRuntime.Tracing.Tests\EtwTracingInterceptorTest.cs(140,21): error CS0103: The name 'Assert' does not exist in the current context
C:\gh\azure-sdk-for-net\sdk\mgmtcommon\Test\ClientRuntime.Tracing.Tests\EtwTracingInterceptorTest.cs(141,21): error CS0103: The name 'Assert' does not exist in the current context
C:\gh\azure-sdk-for-net\sdk\mgmtcommon\Test\ClientRuntime.Tracing.Tests\EtwTracingInterceptorTest.cs(156,21): error CS0103: The name 'Assert' does not exist in the current context
C:\gh\azure-sdk-for-net\sdk\mgmtcommon\Test\ClientRuntime.Tracing.Tests\EtwTracingInterceptorTest.cs(157,21): error CS0103: The name 'Assert' does not exist in the current context
C:\gh\azure-sdk-for-net\sdk\mgmtcommon\Test\ClientRuntime.Tracing.Tests\EtwTracingInterceptorTest.cs(176,25): error CS0103: The name 'Assert' does not exist in the current context
C:\gh\azure-sdk-for-net\sdk\mgmtcommon\Test\ClientRuntime.Tracing.Tests\EtwTracingInterceptorTest.cs(177,25): error CS0103: The name 'Assert' does not exist in the current context
C:\gh\azure-sdk-for-net\sdk\mgmtcommon\Test\ClientRuntime.Tracing.Tests\EtwTracingInterceptorTest.cs(193,21): error CS0103: The name 'Assert' does not exist in the current context
C:\gh\azure-sdk-for-net\sdk\mgmtcommon\Test\ClientRuntime.Tracing.Tests\EtwTracingInterceptorTest.cs(194,21): error CS0103: The name 'Assert' does not exist in the current context
C:\gh\azure-sdk-for-net\sdk\mgmtcommon\Test\ClientRuntime.Tracing.Tests\EtwTracingInterceptorTest.cs(209,21): error CS0103: The name 'Assert' does not exist in the current context
C:\gh\azure-sdk-for-net\sdk\mgmtcommon\Test\ClientRuntime.Tracing.Tests\EtwTracingInterceptorTest.cs(210,21): error CS0103: The name 'Assert' does not exist in the current context
C:\gh\azure-sdk-for-net\sdk\mgmtcommon\Test\ClientRuntime.Tracing.Tests\EtwTracingInterceptorTest.cs(225,21): error CS0103: The name 'Assert' does not exist in the current context
C:\gh\azure-sdk-for-net\sdk\mgmtcommon\Test\ClientRuntime.Tracing.Tests\EtwTracingInterceptorTest.cs(226,21): error CS0103: The name 'Assert' does not exist in the current context
C:\gh\azure-sdk-for-net\sdk\mgmtcommon\Test\ClientRuntime.Tracing.Tests\EtwTracingInterceptorTest.cs(234,20): error CS0246: The type or namespace name 'TraceEvent' could not be found (are you missing a using directive or an assembly reference?)
C:\gh\azure-sdk-for-net\sdk\mgmtcommon\Test\ClientRuntime.Tracing.Tests\EtwTracingInterceptorTest.cs(234,57): error CS0246: The type or namespace name 'TraceEvent' could not be found (are you missing a using directive or an assembly reference?)
C:\gh\azure-sdk-for-net\eng\mgmt\DisableTestRunParallel.cs(5,1): hidden CS8019: Unnecessary using directive.
C:\gh\azure-sdk-for-net\artifacts\obj\Microsoft.Rest.ClientRuntime.Tracing.Tests\Debug\net452\Microsoft.Rest.ClientRuntime.Tracing.Tests.AssemblyInfo.cs(11,1): hidden CS8019: Unnecessary using directive.
C:\gh\azure-sdk-for-net\artifacts\obj\Microsoft.Rest.ClientRuntime.Tracing.Tests\Debug\net452\.NETFramework,Version=v4.5.2.AssemblyAttributes.cs(2,1): hidden CS8019: Unnecessary using directive.
C:\gh\azure-sdk-for-net\sdk\mgmtcommon\Test\ClientRuntime.Tracing.Tests\EtwTracingInterceptorTest.cs(11,1): hidden CS8019: Unnecessary using directive.
C:\gh\azure-sdk-for-net\sdk\mgmtcommon\Test\ClientRuntime.Tracing.Tests\Log4NetTracingInterceptorTest.cs(10,1): hidden CS8019: Unnecessary using directive.
C:\gh\azure-sdk-for-net\sdk\mgmtcommon\Test\ClientRuntime.Tracing.Tests\Log4NetTracingInterceptorTest.cs(4,1): hidden CS8019: Unnecessary using directive.
C:\gh\azure-sdk-for-net\artifacts\obj\Microsoft.Rest.ClientRuntime.Tracing.Tests\Debug\net452\Microsoft.Rest.ClientRuntime.Tracing.Tests.AssemblyInfo.cs(12,1): hidden CS8019: Unnecessary using directive.
C:\gh\azure-sdk-for-net\artifacts\obj\Microsoft.Rest.ClientRuntime.Tracing.Tests\Debug\net452\.NETFramework,Version=v4.5.2.AssemblyAttributes.cs(3,1): hidden CS8019: Unnecessary using directive.
C:\gh\azure-sdk-for-net\sdk\mgmtcommon\Test\ClientRuntime.Tracing.Tests\EtwTracingInterceptorTest.cs(8,1): hidden CS8019: Unnecessary using directive.
C:\gh\azure-sdk-for-net\eng\mgmt\DisableTestRunParallel.cs(4,1): hidden CS8019: Unnecessary using directive.
C:\gh\azure-sdk-for-net\sdk\mgmtcommon\Test\ClientRuntime.Tracing.Tests\EtwTracingInterceptorTest.cs(9,1): hidden CS8019: Unnecessary using directive.
