C:\gh\azure-sdk-for-net\sdk\mgmtcommon\TestFramework\TestFramework.Tests\TestEnvironment\TestEnvironmentTests.cs(91,40): error CS0518: Predefined type 'System.String' is not defined or imported
C:\gh\azure-sdk-for-net\sdk\mgmtcommon\TestFramework\TestFramework.Tests\TestEnvironment\TestEnvironmentTests.cs(91,16): error CS0518: Predefined type 'System.Void' is not defined or imported
C:\gh\azure-sdk-for-net\sdk\mgmtcommon\TestFramework\TestFramework.Tests\Client\ISimpleClient.cs(8,46): error CS0246: The type or namespace name 'IDisposable' could not be found (are you missing a using directive or an assembly reference?)
C:\gh\azure-sdk-for-net\sdk\mgmtcommon\TestFramework\TestFramework.Tests\Authentication\Subscription.cs(16,43): error CS0246: The type or namespace name 'IDisposable' could not be found (are you missing a using directive or an assembly reference?)
C:\gh\azure-sdk-for-net\sdk\mgmtcommon\TestFramework\TestFramework.Tests\Client\SimpleClient.cs(10,41): error CS0246: The type or namespace name 'ServiceClient<>' could not be found (are you missing a using directive or an assembly reference?)
C:\gh\azure-sdk-for-net\sdk\mgmtcommon\TestFramework\TestFramework.Tests\Authentication\Subscription.cs(21,17): error CS0518: Predefined type 'System.String' is not defined or imported
C:\gh\azure-sdk-for-net\sdk\mgmtcommon\TestFramework\TestFramework.Tests\TestEnvironment\ConnectionStringParseTests.cs(151,17): error CS0518: Predefined type 'System.String' is not defined or imported
C:\gh\azure-sdk-for-net\sdk\mgmtcommon\TestFramework\TestFramework.Tests\Authentication\Subscription.cs(20,17): error CS0518: Predefined type 'System.String' is not defined or imported
C:\gh\azure-sdk-for-net\sdk\mgmtcommon\TestFramework\TestFramework.Tests\Authentication\Subscription.cs(19,17): error CS0518: Predefined type 'System.String' is not defined or imported
C:\gh\azure-sdk-for-net\sdk\mgmtcommon\TestFramework\TestFramework.Tests\Authentication\Subscription.cs(18,17): error CS0518: Predefined type 'System.String' is not defined or imported
C:\gh\azure-sdk-for-net\sdk\mgmtcommon\TestFramework\TestFramework.Tests\Authentication\Subscription.cs(153,44): error CS0518: Predefined type 'System.Object' is not defined or imported
C:\gh\azure-sdk-for-net\sdk\mgmtcommon\TestFramework\TestFramework.Tests\Authentication\Subscription.cs(153,44): error CS0246: The type or namespace name 'DelegatingHandler' could not be found (are you missing a using directive or an assembly reference?)
C:\gh\azure-sdk-for-net\sdk\mgmtcommon\TestFramework\TestFramework.Tests\Authentication\Subscription.cs(153,23): error CS0518: Predefined type 'System.Int32' is not defined or imported
C:\gh\azure-sdk-for-net\sdk\mgmtcommon\TestFramework\TestFramework.Tests\Authentication\Subscription.cs(15,6): error CS0518: Predefined type 'System.Object' is not defined or imported
C:\gh\azure-sdk-for-net\sdk\mgmtcommon\TestFramework\TestFramework.Tests\Authentication\Subscription.cs(15,6): error CS0246: The type or namespace name 'CollectionAttribute' could not be found (are you missing a using directive or an assembly reference?)
C:\gh\azure-sdk-for-net\sdk\mgmtcommon\TestFramework\TestFramework.Tests\Authentication\Subscription.cs(15,6): error CS0246: The type or namespace name 'Collection' could not be found (are you missing a using directive or an assembly reference?)
C:\gh\azure-sdk-for-net\sdk\mgmtcommon\TestFramework\TestFramework.Tests\Authentication\Subscription.cs(15,17): error CS0518: Predefined type 'System.String' is not defined or imported
C:\gh\azure-sdk-for-net\sdk\mgmtcommon\TestFramework\TestFramework.Tests\Client\SimpleClient.cs(58,16): error CS0518: Predefined type 'System.Object' is not defined or imported
C:\gh\azure-sdk-for-net\sdk\mgmtcommon\TestFramework\TestFramework.Tests\Client\SimpleClient.cs(58,16): error CS0246: The type or namespace name 'HttpResponseMessage' could not be found (are you missing a using directive or an assembly reference?)
C:\gh\azure-sdk-for-net\sdk\mgmtcommon\TestFramework\TestFramework.Tests\TestEnvironment\ConnectionStringParseTests.cs(17,9): error CS0518: Predefined type 'System.Object' is not defined or imported
C:\gh\azure-sdk-for-net\sdk\mgmtcommon\TestFramework\TestFramework.Tests\Client\MockHandler.cs(8,40): error CS0246: The type or namespace name 'DelegatingHandler' could not be found (are you missing a using directive or an assembly reference?)
C:\gh\azure-sdk-for-net\sdk\mgmtcommon\TestFramework\TestFramework.Tests\Authentication\Subscription.cs(138,16): error CS0518: Predefined type 'System.Void' is not defined or imported
C:\gh\azure-sdk-for-net\sdk\mgmtcommon\TestFramework\TestFramework.Tests\TestEnvironment\TestEnvironmentTests.cs(74,50): error CS0518: Predefined type 'System.String' is not defined or imported
C:\gh\azure-sdk-for-net\sdk\mgmtcommon\TestFramework\TestFramework.Tests\TestEnvironment\TestEnvironmentTests.cs(74,16): error CS0518: Predefined type 'System.Void' is not defined or imported
C:\gh\azure-sdk-for-net\sdk\mgmtcommon\TestFramework\TestFramework.Tests\Client\SimpleClient.cs(33,29): error CS0518: Predefined type 'System.Object' is not defined or imported
C:\gh\azure-sdk-for-net\sdk\mgmtcommon\TestFramework\TestFramework.Tests\Client\SimpleClient.cs(33,29): error CS0246: The type or namespace name 'ServiceClientCredentials' could not be found (are you missing a using directive or an assembly reference?)
C:\gh\azure-sdk-for-net\sdk\mgmtcommon\TestFramework\TestFramework.Tests\Client\SimpleClient.cs(33,74): error CS0518: Predefined type 'System.Object' is not defined or imported
C:\gh\azure-sdk-for-net\sdk\mgmtcommon\TestFramework\TestFramework.Tests\Client\SimpleClient.cs(33,74): error CS0246: The type or namespace name 'DelegatingHandler' could not be found (are you missing a using directive or an assembly reference?)
C:\gh\azure-sdk-for-net\sdk\mgmtcommon\TestFramework\TestFramework.Tests\Client\SimpleClient.cs(33,67): error CS0656: Missing compiler required member 'System.ParamArrayAttribute..ctor'
C:\gh\azure-sdk-for-net\sdk\mgmtcommon\TestFramework\TestFramework.Tests\Client\SimpleClient.cs(33,9): error CS0518: Predefined type 'System.Void' is not defined or imported
C:\gh\azure-sdk-for-net\sdk\mgmtcommon\TestFramework\TestFramework.Tests\Client\SimpleClient.cs(12,36): error CS0518: Predefined type 'System.Object' is not defined or imported
C:\gh\azure-sdk-for-net\sdk\mgmtcommon\TestFramework\TestFramework.Tests\Client\SimpleClient.cs(12,36): error CS0246: The type or namespace name 'DelegatingHandler' could not be found (are you missing a using directive or an assembly reference?)
C:\gh\azure-sdk-for-net\sdk\mgmtcommon\TestFramework\TestFramework.Tests\Client\SimpleClient.cs(12,29): error CS0656: Missing compiler required member 'System.ParamArrayAttribute..ctor'
C:\gh\azure-sdk-for-net\sdk\mgmtcommon\TestFramework\TestFramework.Tests\Client\SimpleClient.cs(12,9): error CS0518: Predefined type 'System.Void' is not defined or imported
C:\gh\azure-sdk-for-net\sdk\mgmtcommon\TestFramework\TestFramework.Tests\Client\SimpleClient.cs(17,29): error CS0518: Predefined type 'System.Object' is not defined or imported
C:\gh\azure-sdk-for-net\sdk\mgmtcommon\TestFramework\TestFramework.Tests\Client\SimpleClient.cs(17,29): error CS0246: The type or namespace name 'Uri' could not be found (are you missing a using directive or an assembly reference?)
C:\gh\azure-sdk-for-net\sdk\mgmtcommon\TestFramework\TestFramework.Tests\Client\SimpleClient.cs(17,42): error CS0518: Predefined type 'System.Object' is not defined or imported
C:\gh\azure-sdk-for-net\sdk\mgmtcommon\TestFramework\TestFramework.Tests\Client\SimpleClient.cs(17,42): error CS0246: The type or namespace name 'ServiceClientCredentials' could not be found (are you missing a using directive or an assembly reference?)
C:\gh\azure-sdk-for-net\sdk\mgmtcommon\TestFramework\TestFramework.Tests\Client\SimpleClient.cs(17,87): error CS0518: Predefined type 'System.Object' is not defined or imported
C:\gh\azure-sdk-for-net\sdk\mgmtcommon\TestFramework\TestFramework.Tests\Client\SimpleClient.cs(17,87): error CS0246: The type or namespace name 'DelegatingHandler' could not be found (are you missing a using directive or an assembly reference?)
C:\gh\azure-sdk-for-net\sdk\mgmtcommon\TestFramework\TestFramework.Tests\Client\SimpleClient.cs(17,80): error CS0656: Missing compiler required member 'System.ParamArrayAttribute..ctor'
C:\gh\azure-sdk-for-net\sdk\mgmtcommon\TestFramework\TestFramework.Tests\Client\SimpleClient.cs(17,9): error CS0518: Predefined type 'System.Void' is not defined or imported
C:\gh\azure-sdk-for-net\sdk\mgmtcommon\TestFramework\TestFramework.Tests\TestEnvironment\TestEnvironmentTests.cs(45,16): error CS0518: Predefined type 'System.Void' is not defined or imported
C:\gh\azure-sdk-for-net\sdk\mgmtcommon\TestFramework\TestFramework.Tests\TestEnvironment\ConnectionStringParseTests.cs(87,16): error CS0518: Predefined type 'System.Void' is not defined or imported
C:\gh\azure-sdk-for-net\sdk\mgmtcommon\TestFramework\TestFramework.Tests\Authentication\Subscription.cs(125,16): error CS0518: Predefined type 'System.Void' is not defined or imported
C:\gh\azure-sdk-for-net\sdk\mgmtcommon\TestFramework\TestFramework.Tests\TestEnvironment\TestEnvironmentTests.cs(34,16): error CS0518: Predefined type 'System.Void' is not defined or imported
C:\gh\azure-sdk-for-net\sdk\mgmtcommon\TestFramework\TestFramework.Tests\Client\ISimpleClient.cs(20,38): error CS0518: Predefined type 'System.Void' is not defined or imported
C:\gh\azure-sdk-for-net\sdk\mgmtcommon\TestFramework\TestFramework.Tests\Client\SimpleClient.cs(54,45): error CS0518: Predefined type 'System.Void' is not defined or imported
C:\gh\azure-sdk-for-net\sdk\mgmtcommon\TestFramework\TestFramework.Tests\Client\ISimpleClient.cs(32,54): error CS0518: Predefined type 'System.Void' is not defined or imported
C:\gh\azure-sdk-for-net\sdk\mgmtcommon\TestFramework\TestFramework.Tests\Client\SimpleClient.cs(56,61): error CS0518: Predefined type 'System.Void' is not defined or imported
C:\gh\azure-sdk-for-net\sdk\mgmtcommon\TestFramework\TestFramework.Tests\TestEnvironment\TestEnvironmentTests.cs(22,16): error CS0518: Predefined type 'System.Void' is not defined or imported
C:\gh\azure-sdk-for-net\sdk\mgmtcommon\TestFramework\TestFramework.Tests\TestEnvironment\TestEnvironmentTests.cs(14,16): error CS0518: Predefined type 'System.Void' is not defined or imported
C:\gh\azure-sdk-for-net\sdk\mgmtcommon\TestFramework\TestFramework.Tests\Authentication\Subscription.cs(111,16): error CS0518: Predefined type 'System.Void' is not defined or imported
C:\gh\azure-sdk-for-net\sdk\mgmtcommon\TestFramework\TestFramework.Tests\TestEnvironment\TestEnvironmentTests.cs(11,18): error CS0518: Predefined type 'System.Object' is not defined or imported
C:\gh\azure-sdk-for-net\sdk\mgmtcommon\TestFramework\TestFramework.Tests\Authentication\Subscription.cs(98,16): error CS0518: Predefined type 'System.Void' is not defined or imported
C:\gh\azure-sdk-for-net\sdk\mgmtcommon\TestFramework\TestFramework.Tests\TestEnvironment\ConnectionStringParseTests.cs(48,16): error CS0518: Predefined type 'System.Void' is not defined or imported
C:\gh\azure-sdk-for-net\sdk\mgmtcommon\TestFramework\TestFramework.Tests\Authentication\Subscription.cs(84,16): error CS0518: Predefined type 'System.Void' is not defined or imported
C:\gh\azure-sdk-for-net\sdk\mgmtcommon\TestFramework\TestFramework.Tests\Authentication\Subscription.cs(72,16): error CS0518: Predefined type 'System.Void' is not defined or imported
C:\gh\azure-sdk-for-net\sdk\mgmtcommon\TestFramework\TestFramework.Tests\TestEnvironment\ConnectionStringParseTests.cs(24,16): error CS0518: Predefined type 'System.Void' is not defined or imported
C:\gh\azure-sdk-for-net\sdk\mgmtcommon\TestFramework\TestFramework.Tests\Authentication\Subscription.cs(59,16): error CS0518: Predefined type 'System.Void' is not defined or imported
C:\gh\azure-sdk-for-net\sdk\mgmtcommon\TestFramework\TestFramework.Tests\Authentication\Subscription.cs(39,30): error CS0518: Predefined type 'System.String' is not defined or imported
C:\gh\azure-sdk-for-net\sdk\mgmtcommon\TestFramework\TestFramework.Tests\Authentication\Subscription.cs(39,43): error CS0518: Predefined type 'System.String' is not defined or imported
C:\gh\azure-sdk-for-net\sdk\mgmtcommon\TestFramework\TestFramework.Tests\Authentication\Subscription.cs(39,16): error CS0518: Predefined type 'System.Void' is not defined or imported
C:\gh\azure-sdk-for-net\sdk\mgmtcommon\TestFramework\TestFramework.Tests\TestEnvironment\ConnectionStringParseTests.cs(15,18): error CS0518: Predefined type 'System.Object' is not defined or imported
C:\gh\azure-sdk-for-net\sdk\mgmtcommon\TestFramework\TestFramework.Tests\TestEnvironment\ConnectionStringParseTests.cs(18,9): error CS0518: Predefined type 'System.Void' is not defined or imported
C:\gh\azure-sdk-for-net\sdk\mgmtcommon\TestFramework\TestFramework.Tests\TestEnvironment\ConnectionStringParseTests.cs(39,16): error CS0518: Predefined type 'System.Void' is not defined or imported
C:\gh\azure-sdk-for-net\sdk\mgmtcommon\TestFramework\TestFramework.Tests\TestEnvironment\ConnectionStringParseTests.cs(61,16): error CS0518: Predefined type 'System.Void' is not defined or imported
C:\gh\azure-sdk-for-net\sdk\mgmtcommon\TestFramework\TestFramework.Tests\TestEnvironment\ConnectionStringParseTests.cs(69,16): error CS0518: Predefined type 'System.Void' is not defined or imported
C:\gh\azure-sdk-for-net\sdk\mgmtcommon\TestFramework\TestFramework.Tests\TestEnvironment\ConnectionStringParseTests.cs(78,16): error CS0518: Predefined type 'System.Void' is not defined or imported
C:\gh\azure-sdk-for-net\sdk\mgmtcommon\TestFramework\TestFramework.Tests\Authentication\Subscription.cs(16,33): error CS0518: Predefined type 'System.Object' is not defined or imported
C:\gh\azure-sdk-for-net\sdk\mgmtcommon\TestFramework\TestFramework.Tests\TestEnvironment\ConnectionStringParseTests.cs(102,16): error CS0518: Predefined type 'System.Void' is not defined or imported
C:\gh\azure-sdk-for-net\sdk\mgmtcommon\TestFramework\TestFramework.Tests\Authentication\Subscription.cs(23,9): error CS0518: Predefined type 'System.Void' is not defined or imported
C:\gh\azure-sdk-for-net\sdk\mgmtcommon\TestFramework\TestFramework.Tests\TestEnvironment\ConnectionStringParseTests.cs(114,16): error CS0518: Predefined type 'System.Void' is not defined or imported
C:\gh\azure-sdk-for-net\sdk\mgmtcommon\TestFramework\TestFramework.Tests\TestEnvironment\ConnectionStringParseTests.cs(129,16): error CS0518: Predefined type 'System.Void' is not defined or imported
C:\gh\azure-sdk-for-net\sdk\mgmtcommon\TestFramework\TestFramework.Tests\Authentication\Subscription.cs(169,16): error CS0518: Predefined type 'System.Void' is not defined or imported
C:\gh\azure-sdk-for-net\sdk\mgmtcommon\TestFramework\TestFramework.Tests\Properties\AssemblyInfo.cs(9,12): error CS0246: The type or namespace name 'GuidAttribute' could not be found (are you missing a using directive or an assembly reference?)
C:\gh\azure-sdk-for-net\sdk\mgmtcommon\TestFramework\TestFramework.Tests\Properties\AssemblyInfo.cs(9,12): error CS0246: The type or namespace name 'Guid' could not be found (are you missing a using directive or an assembly reference?)
C:\gh\azure-sdk-for-net\eng\mgmt\DisableTestRunParallel.cs(7,12): error CS0246: The type or namespace name 'CollectionBehaviorAttribute' could not be found (are you missing a using directive or an assembly reference?)
C:\gh\azure-sdk-for-net\eng\mgmt\DisableTestRunParallel.cs(7,12): error CS0246: The type or namespace name 'CollectionBehavior' could not be found (are you missing a using directive or an assembly reference?)
C:\gh\azure-sdk-for-net\artifacts\obj\TestFramework.Tests\Debug\netcoreapp2.0\.NETCoreApp,Version=v2.0.AssemblyAttributes.cs(4,20): error CS0400: The type or namespace name 'System' could not be found in the global namespace (are you missing an assembly reference?)
C:\gh\azure-sdk-for-net\artifacts\obj\TestFramework.Tests\Debug\netcoreapp2.0\TestFramework.Tests.AssemblyInfo.cs(14,12): error CS0246: The type or namespace name 'System' could not be found (are you missing a using directive or an assembly reference?)
C:\gh\azure-sdk-for-net\artifacts\obj\TestFramework.Tests\Debug\netcoreapp2.0\TestFramework.Tests.AssemblyInfo.cs(15,12): error CS0246: The type or namespace name 'System' could not be found (are you missing a using directive or an assembly reference?)
C:\gh\azure-sdk-for-net\artifacts\obj\TestFramework.Tests\Debug\netcoreapp2.0\TestFramework.Tests.AssemblyInfo.cs(16,12): error CS0246: The type or namespace name 'System' could not be found (are you missing a using directive or an assembly reference?)
C:\gh\azure-sdk-for-net\sdk\mgmtcommon\TestFramework\TestFramework.Tests\Properties\AssemblyInfo.cs(9,17): error CS0518: Predefined type 'System.String' is not defined or imported
C:\gh\azure-sdk-for-net\eng\mgmt\DisableTestRunParallel.cs(7,31): error CS0246: The type or namespace name 'DisableTestParallelization' could not be found (are you missing a using directive or an assembly reference?)
C:\gh\azure-sdk-for-net\eng\mgmt\DisableTestRunParallel.cs(7,60): error CS0518: Predefined type 'System.Boolean' is not defined or imported
C:\gh\azure-sdk-for-net\eng\mgmt\DisableTestRunParallel.cs(7,66): error CS0246: The type or namespace name 'MaxParallelThreads' could not be found (are you missing a using directive or an assembly reference?)
C:\gh\azure-sdk-for-net\eng\mgmt\DisableTestRunParallel.cs(7,87): error CS0518: Predefined type 'System.Int32' is not defined or imported
C:\gh\azure-sdk-for-net\artifacts\obj\TestFramework.Tests\Debug\netcoreapp2.0\.NETCoreApp,Version=v2.0.AssemblyAttributes.cs(4,71): error CS0518: Predefined type 'System.String' is not defined or imported
C:\gh\azure-sdk-for-net\artifacts\obj\TestFramework.Tests\Debug\netcoreapp2.0\.NETCoreApp,Version=v2.0.AssemblyAttributes.cs(4,99): error CS0246: The type or namespace name 'FrameworkDisplayName' could not be found (are you missing a using directive or an assembly reference?)
C:\gh\azure-sdk-for-net\artifacts\obj\TestFramework.Tests\Debug\netcoreapp2.0\.NETCoreApp,Version=v2.0.AssemblyAttributes.cs(4,122): error CS0518: Predefined type 'System.String' is not defined or imported
C:\gh\azure-sdk-for-net\artifacts\obj\TestFramework.Tests\Debug\netcoreapp2.0\TestFramework.Tests.AssemblyInfo.cs(14,56): error CS0518: Predefined type 'System.String' is not defined or imported
C:\gh\azure-sdk-for-net\artifacts\obj\TestFramework.Tests\Debug\netcoreapp2.0\TestFramework.Tests.AssemblyInfo.cs(14,70): error CS0518: Predefined type 'System.String' is not defined or imported
C:\gh\azure-sdk-for-net\artifacts\obj\TestFramework.Tests\Debug\netcoreapp2.0\TestFramework.Tests.AssemblyInfo.cs(15,68): error CS0518: Predefined type 'System.String' is not defined or imported
C:\gh\azure-sdk-for-net\artifacts\obj\TestFramework.Tests\Debug\netcoreapp2.0\TestFramework.Tests.AssemblyInfo.cs(16,56): error CS0518: Predefined type 'System.String' is not defined or imported
C:\gh\azure-sdk-for-net\artifacts\obj\TestFramework.Tests\Debug\netcoreapp2.0\TestFramework.Tests.AssemblyInfo.cs(16,73): error CS0518: Predefined type 'System.String' is not defined or imported
C:\gh\azure-sdk-for-net\sdk\mgmtcommon\TestFramework\TestFramework.Tests\Authentication\Subscription.cs(6,7): error CS0246: The type or namespace name 'System' could not be found (are you missing a using directive or an assembly reference?)
C:\gh\azure-sdk-for-net\sdk\mgmtcommon\TestFramework\TestFramework.Tests\Authentication\Subscription.cs(7,7): error CS0246: The type or namespace name 'System' could not be found (are you missing a using directive or an assembly reference?)
C:\gh\azure-sdk-for-net\sdk\mgmtcommon\TestFramework\TestFramework.Tests\Authentication\Subscription.cs(8,7): error CS0246: The type or namespace name 'System' could not be found (are you missing a using directive or an assembly reference?)
C:\gh\azure-sdk-for-net\sdk\mgmtcommon\TestFramework\TestFramework.Tests\Authentication\Subscription.cs(9,7): error CS0246: The type or namespace name 'System' could not be found (are you missing a using directive or an assembly reference?)
C:\gh\azure-sdk-for-net\sdk\mgmtcommon\TestFramework\TestFramework.Tests\Authentication\Subscription.cs(10,7): error CS0246: The type or namespace name 'System' could not be found (are you missing a using directive or an assembly reference?)
C:\gh\azure-sdk-for-net\sdk\mgmtcommon\TestFramework\TestFramework.Tests\Authentication\Subscription.cs(11,7): error CS0246: The type or namespace name 'Xunit' could not be found (are you missing a using directive or an assembly reference?)
C:\gh\azure-sdk-for-net\sdk\mgmtcommon\TestFramework\TestFramework.Tests\Client\ISimpleClient.cs(4,7): error CS0246: The type or namespace name 'System' could not be found (are you missing a using directive or an assembly reference?)
C:\gh\azure-sdk-for-net\sdk\mgmtcommon\TestFramework\TestFramework.Tests\Client\MockHandler.cs(4,7): error CS0246: The type or namespace name 'System' could not be found (are you missing a using directive or an assembly reference?)
C:\gh\azure-sdk-for-net\sdk\mgmtcommon\TestFramework\TestFramework.Tests\Client\SimpleClient.cs(4,7): error CS0246: The type or namespace name 'System' could not be found (are you missing a using directive or an assembly reference?)
C:\gh\azure-sdk-for-net\sdk\mgmtcommon\TestFramework\TestFramework.Tests\Client\SimpleClient.cs(5,7): error CS0246: The type or namespace name 'System' could not be found (are you missing a using directive or an assembly reference?)
C:\gh\azure-sdk-for-net\sdk\mgmtcommon\TestFramework\TestFramework.Tests\Client\SimpleClient.cs(6,7): error CS0246: The type or namespace name 'System' could not be found (are you missing a using directive or an assembly reference?)
C:\gh\azure-sdk-for-net\sdk\mgmtcommon\TestFramework\TestFramework.Tests\Properties\AssemblyInfo.cs(4,7): error CS0246: The type or namespace name 'System' could not be found (are you missing a using directive or an assembly reference?)
C:\gh\azure-sdk-for-net\sdk\mgmtcommon\TestFramework\TestFramework.Tests\Properties\AssemblyInfo.cs(5,7): error CS0246: The type or namespace name 'System' could not be found (are you missing a using directive or an assembly reference?)
C:\gh\azure-sdk-for-net\sdk\mgmtcommon\TestFramework\TestFramework.Tests\Properties\AssemblyInfo.cs(6,7): error CS0246: The type or namespace name 'System' could not be found (are you missing a using directive or an assembly reference?)
C:\gh\azure-sdk-for-net\sdk\mgmtcommon\TestFramework\TestFramework.Tests\Properties\AssemblyInfo.cs(7,7): error CS0246: The type or namespace name 'Xunit' could not be found (are you missing a using directive or an assembly reference?)
C:\gh\azure-sdk-for-net\eng\mgmt\DisableTestRunParallel.cs(4,7): error CS0246: The type or namespace name 'System' could not be found (are you missing a using directive or an assembly reference?)
C:\gh\azure-sdk-for-net\eng\mgmt\DisableTestRunParallel.cs(5,7): error CS0246: The type or namespace name 'Xunit' could not be found (are you missing a using directive or an assembly reference?)
C:\gh\azure-sdk-for-net\artifacts\obj\TestFramework.Tests\Debug\netcoreapp2.0\.NETCoreApp,Version=v2.0.AssemblyAttributes.cs(2,7): error CS0246: The type or namespace name 'System' could not be found (are you missing a using directive or an assembly reference?)
C:\gh\azure-sdk-for-net\artifacts\obj\TestFramework.Tests\Debug\netcoreapp2.0\.NETCoreApp,Version=v2.0.AssemblyAttributes.cs(3,7): error CS0246: The type or namespace name 'System' could not be found (are you missing a using directive or an assembly reference?)
C:\gh\azure-sdk-for-net\artifacts\obj\TestFramework.Tests\Debug\netcoreapp2.0\TestFramework.Tests.AssemblyInfo.cs(11,7): error CS0246: The type or namespace name 'System' could not be found (are you missing a using directive or an assembly reference?)
C:\gh\azure-sdk-for-net\artifacts\obj\TestFramework.Tests\Debug\netcoreapp2.0\TestFramework.Tests.AssemblyInfo.cs(12,7): error CS0246: The type or namespace name 'System' could not be found (are you missing a using directive or an assembly reference?)
C:\gh\azure-sdk-for-net\sdk\mgmtcommon\TestFramework\TestFramework.Tests\Client\SimpleClient.cs(50,35): error CS0518: Predefined type 'System.Void' is not defined or imported
C:\gh\azure-sdk-for-net\sdk\mgmtcommon\TestFramework\TestFramework.Tests\Client\SimpleClient.cs(52,60): error CS0518: Predefined type 'System.Void' is not defined or imported
C:\gh\azure-sdk-for-net\sdk\mgmtcommon\TestFramework\TestFramework.Tests\TestEnvironment\ConnectionStringParseTests.cs(7,11): error CS0246: The type or namespace name 'System' could not be found (are you missing a using directive or an assembly reference?)
C:\gh\azure-sdk-for-net\sdk\mgmtcommon\TestFramework\TestFramework.Tests\TestEnvironment\ConnectionStringParseTests.cs(8,11): error CS0246: The type or namespace name 'System' could not be found (are you missing a using directive or an assembly reference?)
C:\gh\azure-sdk-for-net\sdk\mgmtcommon\TestFramework\TestFramework.Tests\TestEnvironment\ConnectionStringParseTests.cs(9,11): error CS0246: The type or namespace name 'System' could not be found (are you missing a using directive or an assembly reference?)
C:\gh\azure-sdk-for-net\sdk\mgmtcommon\TestFramework\TestFramework.Tests\TestEnvironment\ConnectionStringParseTests.cs(10,11): error CS0246: The type or namespace name 'Xunit' could not be found (are you missing a using directive or an assembly reference?)
C:\gh\azure-sdk-for-net\sdk\mgmtcommon\TestFramework\TestFramework.Tests\TestEnvironment\TestEnvironmentTests.cs(6,11): error CS0246: The type or namespace name 'Xunit' could not be found (are you missing a using directive or an assembly reference?)
C:\gh\azure-sdk-for-net\sdk\mgmtcommon\TestFramework\TestFramework.Tests\TestEnvironment\TestEnvironmentTests.cs(8,11): error CS0246: The type or namespace name 'System' could not be found (are you missing a using directive or an assembly reference?)
C:\gh\azure-sdk-for-net\sdk\mgmtcommon\TestFramework\TestFramework.Tests\Client\ISimpleClient.cs(13,9): error CS0518: Predefined type 'System.String' is not defined or imported
C:\gh\azure-sdk-for-net\sdk\mgmtcommon\TestFramework\TestFramework.Tests\Client\ISimpleClient.cs(18,9): error CS0246: The type or namespace name 'Uri' could not be found (are you missing a using directive or an assembly reference?)
C:\gh\azure-sdk-for-net\sdk\mgmtcommon\TestFramework\TestFramework.Tests\Client\ISimpleClient.cs(20,9): error CS0518: Predefined type 'System.String' is not defined or imported
C:\gh\azure-sdk-for-net\sdk\mgmtcommon\TestFramework\TestFramework.Tests\Client\ISimpleClient.cs(27,9): error CS0246: The type or namespace name 'ServiceClientCredentials' could not be found (are you missing a using directive or an assembly reference?)
C:\gh\azure-sdk-for-net\sdk\mgmtcommon\TestFramework\TestFramework.Tests\Client\ISimpleClient.cs(32,9): error CS0518: Predefined type 'System.Int32' is not defined or imported
C:\gh\azure-sdk-for-net\sdk\mgmtcommon\TestFramework\TestFramework.Tests\Client\ISimpleClient.cs(32,9): error CS0518: Predefined type 'System.Nullable`1' is not defined or imported
C:\gh\azure-sdk-for-net\sdk\mgmtcommon\TestFramework\TestFramework.Tests\Client\SimpleClient.cs(45,16): error CS0518: Predefined type 'System.String' is not defined or imported
C:\gh\azure-sdk-for-net\sdk\mgmtcommon\TestFramework\TestFramework.Tests\Client\SimpleClient.cs(50,16): error CS0518: Predefined type 'System.Object' is not defined or imported
C:\gh\azure-sdk-for-net\sdk\mgmtcommon\TestFramework\TestFramework.Tests\Client\SimpleClient.cs(50,16): error CS0246: The type or namespace name 'Uri' could not be found (are you missing a using directive or an assembly reference?)
C:\gh\azure-sdk-for-net\sdk\mgmtcommon\TestFramework\TestFramework.Tests\Client\SimpleClient.cs(52,16): error CS0518: Predefined type 'System.Object' is not defined or imported
C:\gh\azure-sdk-for-net\sdk\mgmtcommon\TestFramework\TestFramework.Tests\Client\SimpleClient.cs(52,16): error CS0246: The type or namespace name 'ServiceClientCredentials' could not be found (are you missing a using directive or an assembly reference?)
C:\gh\azure-sdk-for-net\sdk\mgmtcommon\TestFramework\TestFramework.Tests\Client\SimpleClient.cs(54,16): error CS0518: Predefined type 'System.String' is not defined or imported
C:\gh\azure-sdk-for-net\sdk\mgmtcommon\TestFramework\TestFramework.Tests\Client\SimpleClient.cs(56,16): error CS0518: Predefined type 'System.Int32' is not defined or imported
C:\gh\azure-sdk-for-net\sdk\mgmtcommon\TestFramework\TestFramework.Tests\Client\SimpleClient.cs(56,16): error CS0518: Predefined type 'System.Nullable`1' is not defined or imported
C:\gh\azure-sdk-for-net\sdk\mgmtcommon\TestFramework\TestFramework.Tests\TestEnvironment\TestEnvironmentTests.cs(13,10): error CS0518: Predefined type 'System.Object' is not defined or imported
C:\gh\azure-sdk-for-net\sdk\mgmtcommon\TestFramework\TestFramework.Tests\TestEnvironment\TestEnvironmentTests.cs(13,10): error CS0246: The type or namespace name 'FactAttribute' could not be found (are you missing a using directive or an assembly reference?)
C:\gh\azure-sdk-for-net\sdk\mgmtcommon\TestFramework\TestFramework.Tests\TestEnvironment\TestEnvironmentTests.cs(13,10): error CS0246: The type or namespace name 'Fact' could not be found (are you missing a using directive or an assembly reference?)
C:\gh\azure-sdk-for-net\sdk\mgmtcommon\TestFramework\TestFramework.Tests\Client\SimpleClient.cs(82,16): error CS0518: Predefined type 'System.Object' is not defined or imported
C:\gh\azure-sdk-for-net\sdk\mgmtcommon\TestFramework\TestFramework.Tests\Client\SimpleClient.cs(82,16): error CS0246: The type or namespace name 'Newtonsoft' could not be found (are you missing a using directive or an assembly reference?)
C:\gh\azure-sdk-for-net\sdk\mgmtcommon\TestFramework\TestFramework.Tests\Client\SimpleClient.cs(87,16): error CS0518: Predefined type 'System.Object' is not defined or imported
C:\gh\azure-sdk-for-net\sdk\mgmtcommon\TestFramework\TestFramework.Tests\Client\SimpleClient.cs(87,16): error CS0246: The type or namespace name 'Newtonsoft' could not be found (are you missing a using directive or an assembly reference?)
C:\gh\azure-sdk-for-net\sdk\mgmtcommon\TestFramework\TestFramework.Tests\TestEnvironment\ConnectionStringParseTests.cs(23,10): error CS0518: Predefined type 'System.Object' is not defined or imported
C:\gh\azure-sdk-for-net\sdk\mgmtcommon\TestFramework\TestFramework.Tests\TestEnvironment\ConnectionStringParseTests.cs(23,10): error CS0246: The type or namespace name 'FactAttribute' could not be found (are you missing a using directive or an assembly reference?)
C:\gh\azure-sdk-for-net\sdk\mgmtcommon\TestFramework\TestFramework.Tests\TestEnvironment\ConnectionStringParseTests.cs(23,10): error CS0246: The type or namespace name 'Fact' could not be found (are you missing a using directive or an assembly reference?)
C:\gh\azure-sdk-for-net\sdk\mgmtcommon\TestFramework\TestFramework.Tests\TestEnvironment\ConnectionStringParseTests.cs(38,10): error CS0518: Predefined type 'System.Object' is not defined or imported
C:\gh\azure-sdk-for-net\sdk\mgmtcommon\TestFramework\TestFramework.Tests\TestEnvironment\ConnectionStringParseTests.cs(38,10): error CS0246: The type or namespace name 'FactAttribute' could not be found (are you missing a using directive or an assembly reference?)
C:\gh\azure-sdk-for-net\sdk\mgmtcommon\TestFramework\TestFramework.Tests\TestEnvironment\ConnectionStringParseTests.cs(38,10): error CS0246: The type or namespace name 'Fact' could not be found (are you missing a using directive or an assembly reference?)
C:\gh\azure-sdk-for-net\sdk\mgmtcommon\TestFramework\TestFramework.Tests\TestEnvironment\TestEnvironmentTests.cs(20,10): error CS0518: Predefined type 'System.Object' is not defined or imported
C:\gh\azure-sdk-for-net\sdk\mgmtcommon\TestFramework\TestFramework.Tests\TestEnvironment\TestEnvironmentTests.cs(20,10): error CS0246: The type or namespace name 'FactAttribute' could not be found (are you missing a using directive or an assembly reference?)
C:\gh\azure-sdk-for-net\sdk\mgmtcommon\TestFramework\TestFramework.Tests\TestEnvironment\TestEnvironmentTests.cs(20,10): error CS0246: The type or namespace name 'Fact' could not be found (are you missing a using directive or an assembly reference?)
C:\gh\azure-sdk-for-net\sdk\mgmtcommon\TestFramework\TestFramework.Tests\TestEnvironment\TestEnvironmentTests.cs(20,15): error CS0246: The type or namespace name 'Skip' could not be found (are you missing a using directive or an assembly reference?)
C:\gh\azure-sdk-for-net\sdk\mgmtcommon\TestFramework\TestFramework.Tests\TestEnvironment\TestEnvironmentTests.cs(20,21): error CS0518: Predefined type 'System.String' is not defined or imported
C:\gh\azure-sdk-for-net\sdk\mgmtcommon\TestFramework\TestFramework.Tests\TestEnvironment\ConnectionStringParseTests.cs(47,10): error CS0518: Predefined type 'System.Object' is not defined or imported
C:\gh\azure-sdk-for-net\sdk\mgmtcommon\TestFramework\TestFramework.Tests\TestEnvironment\ConnectionStringParseTests.cs(47,10): error CS0246: The type or namespace name 'FactAttribute' could not be found (are you missing a using directive or an assembly reference?)
C:\gh\azure-sdk-for-net\sdk\mgmtcommon\TestFramework\TestFramework.Tests\TestEnvironment\ConnectionStringParseTests.cs(47,10): error CS0246: The type or namespace name 'Fact' could not be found (are you missing a using directive or an assembly reference?)
C:\gh\azure-sdk-for-net\sdk\mgmtcommon\TestFramework\TestFramework.Tests\Authentication\Subscription.cs(35,10): error CS0518: Predefined type 'System.Object' is not defined or imported
C:\gh\azure-sdk-for-net\sdk\mgmtcommon\TestFramework\TestFramework.Tests\Authentication\Subscription.cs(35,10): error CS0246: The type or namespace name 'TheoryAttribute' could not be found (are you missing a using directive or an assembly reference?)
C:\gh\azure-sdk-for-net\sdk\mgmtcommon\TestFramework\TestFramework.Tests\Authentication\Subscription.cs(35,10): error CS0246: The type or namespace name 'Theory' could not be found (are you missing a using directive or an assembly reference?)
C:\gh\azure-sdk-for-net\sdk\mgmtcommon\TestFramework\TestFramework.Tests\Authentication\Subscription.cs(36,10): error CS0518: Predefined type 'System.Object' is not defined or imported
C:\gh\azure-sdk-for-net\sdk\mgmtcommon\TestFramework\TestFramework.Tests\Authentication\Subscription.cs(36,10): error CS0246: The type or namespace name 'InlineDataAttribute' could not be found (are you missing a using directive or an assembly reference?)
C:\gh\azure-sdk-for-net\sdk\mgmtcommon\TestFramework\TestFramework.Tests\Authentication\Subscription.cs(36,10): error CS0246: The type or namespace name 'InlineData' could not be found (are you missing a using directive or an assembly reference?)
C:\gh\azure-sdk-for-net\sdk\mgmtcommon\TestFramework\TestFramework.Tests\Authentication\Subscription.cs(37,10): error CS0518: Predefined type 'System.Object' is not defined or imported
C:\gh\azure-sdk-for-net\sdk\mgmtcommon\TestFramework\TestFramework.Tests\Authentication\Subscription.cs(37,10): error CS0246: The type or namespace name 'InlineDataAttribute' could not be found (are you missing a using directive or an assembly reference?)
C:\gh\azure-sdk-for-net\sdk\mgmtcommon\TestFramework\TestFramework.Tests\Authentication\Subscription.cs(37,10): error CS0246: The type or namespace name 'InlineData' could not be found (are you missing a using directive or an assembly reference?)
C:\gh\azure-sdk-for-net\sdk\mgmtcommon\TestFramework\TestFramework.Tests\Authentication\Subscription.cs(38,10): error CS0518: Predefined type 'System.Object' is not defined or imported
C:\gh\azure-sdk-for-net\sdk\mgmtcommon\TestFramework\TestFramework.Tests\Authentication\Subscription.cs(38,10): error CS0246: The type or namespace name 'InlineDataAttribute' could not be found (are you missing a using directive or an assembly reference?)
C:\gh\azure-sdk-for-net\sdk\mgmtcommon\TestFramework\TestFramework.Tests\Authentication\Subscription.cs(38,10): error CS0246: The type or namespace name 'InlineData' could not be found (are you missing a using directive or an assembly reference?)
C:\gh\azure-sdk-for-net\sdk\mgmtcommon\TestFramework\TestFramework.Tests\Authentication\Subscription.cs(36,21): error CS0518: Predefined type 'System.String' is not defined or imported
C:\gh\azure-sdk-for-net\sdk\mgmtcommon\TestFramework\TestFramework.Tests\Authentication\Subscription.cs(36,33): error CS0518: Predefined type 'System.String' is not defined or imported
C:\gh\azure-sdk-for-net\sdk\mgmtcommon\TestFramework\TestFramework.Tests\Authentication\Subscription.cs(37,21): error CS0518: Predefined type 'System.String' is not defined or imported
C:\gh\azure-sdk-for-net\sdk\mgmtcommon\TestFramework\TestFramework.Tests\Authentication\Subscription.cs(37,33): error CS0518: Predefined type 'System.String' is not defined or imported
C:\gh\azure-sdk-for-net\sdk\mgmtcommon\TestFramework\TestFramework.Tests\Authentication\Subscription.cs(38,21): error CS0518: Predefined type 'System.String' is not defined or imported
C:\gh\azure-sdk-for-net\sdk\mgmtcommon\TestFramework\TestFramework.Tests\Authentication\Subscription.cs(38,33): error CS0518: Predefined type 'System.String' is not defined or imported
C:\gh\azure-sdk-for-net\sdk\mgmtcommon\TestFramework\TestFramework.Tests\TestEnvironment\ConnectionStringParseTests.cs(60,10): error CS0518: Predefined type 'System.Object' is not defined or imported
C:\gh\azure-sdk-for-net\sdk\mgmtcommon\TestFramework\TestFramework.Tests\TestEnvironment\ConnectionStringParseTests.cs(60,10): error CS0246: The type or namespace name 'FactAttribute' could not be found (are you missing a using directive or an assembly reference?)
C:\gh\azure-sdk-for-net\sdk\mgmtcommon\TestFramework\TestFramework.Tests\TestEnvironment\ConnectionStringParseTests.cs(60,10): error CS0246: The type or namespace name 'Fact' could not be found (are you missing a using directive or an assembly reference?)
C:\gh\azure-sdk-for-net\sdk\mgmtcommon\TestFramework\TestFramework.Tests\TestEnvironment\ConnectionStringParseTests.cs(68,10): error CS0518: Predefined type 'System.Object' is not defined or imported
C:\gh\azure-sdk-for-net\sdk\mgmtcommon\TestFramework\TestFramework.Tests\TestEnvironment\ConnectionStringParseTests.cs(68,10): error CS0246: The type or namespace name 'FactAttribute' could not be found (are you missing a using directive or an assembly reference?)
C:\gh\azure-sdk-for-net\sdk\mgmtcommon\TestFramework\TestFramework.Tests\TestEnvironment\ConnectionStringParseTests.cs(68,10): error CS0246: The type or namespace name 'Fact' could not be found (are you missing a using directive or an assembly reference?)
C:\gh\azure-sdk-for-net\sdk\mgmtcommon\TestFramework\TestFramework.Tests\TestEnvironment\ConnectionStringParseTests.cs(77,10): error CS0518: Predefined type 'System.Object' is not defined or imported
C:\gh\azure-sdk-for-net\sdk\mgmtcommon\TestFramework\TestFramework.Tests\TestEnvironment\ConnectionStringParseTests.cs(77,10): error CS0246: The type or namespace name 'FactAttribute' could not be found (are you missing a using directive or an assembly reference?)
C:\gh\azure-sdk-for-net\sdk\mgmtcommon\TestFramework\TestFramework.Tests\TestEnvironment\ConnectionStringParseTests.cs(77,10): error CS0246: The type or namespace name 'Fact' could not be found (are you missing a using directive or an assembly reference?)
C:\gh\azure-sdk-for-net\sdk\mgmtcommon\TestFramework\TestFramework.Tests\TestEnvironment\TestEnvironmentTests.cs(32,10): error CS0518: Predefined type 'System.Object' is not defined or imported
C:\gh\azure-sdk-for-net\sdk\mgmtcommon\TestFramework\TestFramework.Tests\TestEnvironment\TestEnvironmentTests.cs(32,10): error CS0246: The type or namespace name 'FactAttribute' could not be found (are you missing a using directive or an assembly reference?)
C:\gh\azure-sdk-for-net\sdk\mgmtcommon\TestFramework\TestFramework.Tests\TestEnvironment\TestEnvironmentTests.cs(32,10): error CS0246: The type or namespace name 'Fact' could not be found (are you missing a using directive or an assembly reference?)
C:\gh\azure-sdk-for-net\sdk\mgmtcommon\TestFramework\TestFramework.Tests\TestEnvironment\TestEnvironmentTests.cs(32,15): error CS0246: The type or namespace name 'Skip' could not be found (are you missing a using directive or an assembly reference?)
C:\gh\azure-sdk-for-net\sdk\mgmtcommon\TestFramework\TestFramework.Tests\TestEnvironment\TestEnvironmentTests.cs(32,22): error CS0518: Predefined type 'System.String' is not defined or imported
C:\gh\azure-sdk-for-net\sdk\mgmtcommon\TestFramework\TestFramework.Tests\Authentication\Subscription.cs(58,10): error CS0518: Predefined type 'System.Object' is not defined or imported
C:\gh\azure-sdk-for-net\sdk\mgmtcommon\TestFramework\TestFramework.Tests\Authentication\Subscription.cs(58,10): error CS0246: The type or namespace name 'FactAttribute' could not be found (are you missing a using directive or an assembly reference?)
C:\gh\azure-sdk-for-net\sdk\mgmtcommon\TestFramework\TestFramework.Tests\Authentication\Subscription.cs(58,10): error CS0246: The type or namespace name 'Fact' could not be found (are you missing a using directive or an assembly reference?)
C:\gh\azure-sdk-for-net\sdk\mgmtcommon\TestFramework\TestFramework.Tests\TestEnvironment\ConnectionStringParseTests.cs(86,10): error CS0518: Predefined type 'System.Object' is not defined or imported
C:\gh\azure-sdk-for-net\sdk\mgmtcommon\TestFramework\TestFramework.Tests\TestEnvironment\ConnectionStringParseTests.cs(86,10): error CS0246: The type or namespace name 'FactAttribute' could not be found (are you missing a using directive or an assembly reference?)
C:\gh\azure-sdk-for-net\sdk\mgmtcommon\TestFramework\TestFramework.Tests\TestEnvironment\ConnectionStringParseTests.cs(86,10): error CS0246: The type or namespace name 'Fact' could not be found (are you missing a using directive or an assembly reference?)
C:\gh\azure-sdk-for-net\sdk\mgmtcommon\TestFramework\TestFramework.Tests\TestEnvironment\ConnectionStringParseTests.cs(101,10): error CS0518: Predefined type 'System.Object' is not defined or imported
C:\gh\azure-sdk-for-net\sdk\mgmtcommon\TestFramework\TestFramework.Tests\TestEnvironment\ConnectionStringParseTests.cs(101,10): error CS0246: The type or namespace name 'FactAttribute' could not be found (are you missing a using directive or an assembly reference?)
C:\gh\azure-sdk-for-net\sdk\mgmtcommon\TestFramework\TestFramework.Tests\TestEnvironment\ConnectionStringParseTests.cs(101,10): error CS0246: The type or namespace name 'Fact' could not be found (are you missing a using directive or an assembly reference?)
C:\gh\azure-sdk-for-net\sdk\mgmtcommon\TestFramework\TestFramework.Tests\TestEnvironment\TestEnvironmentTests.cs(44,10): error CS0518: Predefined type 'System.Object' is not defined or imported
C:\gh\azure-sdk-for-net\sdk\mgmtcommon\TestFramework\TestFramework.Tests\TestEnvironment\TestEnvironmentTests.cs(44,10): error CS0246: The type or namespace name 'FactAttribute' could not be found (are you missing a using directive or an assembly reference?)
C:\gh\azure-sdk-for-net\sdk\mgmtcommon\TestFramework\TestFramework.Tests\TestEnvironment\TestEnvironmentTests.cs(44,10): error CS0246: The type or namespace name 'Fact' could not be found (are you missing a using directive or an assembly reference?)
C:\gh\azure-sdk-for-net\sdk\mgmtcommon\TestFramework\TestFramework.Tests\TestEnvironment\ConnectionStringParseTests.cs(113,10): error CS0518: Predefined type 'System.Object' is not defined or imported
C:\gh\azure-sdk-for-net\sdk\mgmtcommon\TestFramework\TestFramework.Tests\TestEnvironment\ConnectionStringParseTests.cs(113,10): error CS0246: The type or namespace name 'FactAttribute' could not be found (are you missing a using directive or an assembly reference?)
C:\gh\azure-sdk-for-net\sdk\mgmtcommon\TestFramework\TestFramework.Tests\TestEnvironment\ConnectionStringParseTests.cs(113,10): error CS0246: The type or namespace name 'Fact' could not be found (are you missing a using directive or an assembly reference?)
C:\gh\azure-sdk-for-net\sdk\mgmtcommon\TestFramework\TestFramework.Tests\TestEnvironment\ConnectionStringParseTests.cs(128,10): error CS0518: Predefined type 'System.Object' is not defined or imported
C:\gh\azure-sdk-for-net\sdk\mgmtcommon\TestFramework\TestFramework.Tests\TestEnvironment\ConnectionStringParseTests.cs(128,10): error CS0246: The type or namespace name 'FactAttribute' could not be found (are you missing a using directive or an assembly reference?)
C:\gh\azure-sdk-for-net\sdk\mgmtcommon\TestFramework\TestFramework.Tests\TestEnvironment\ConnectionStringParseTests.cs(128,10): error CS0246: The type or namespace name 'Fact' could not be found (are you missing a using directive or an assembly reference?)
C:\gh\azure-sdk-for-net\sdk\mgmtcommon\TestFramework\TestFramework.Tests\Authentication\Subscription.cs(71,10): error CS0518: Predefined type 'System.Object' is not defined or imported
C:\gh\azure-sdk-for-net\sdk\mgmtcommon\TestFramework\TestFramework.Tests\Authentication\Subscription.cs(71,10): error CS0246: The type or namespace name 'FactAttribute' could not be found (are you missing a using directive or an assembly reference?)
C:\gh\azure-sdk-for-net\sdk\mgmtcommon\TestFramework\TestFramework.Tests\Authentication\Subscription.cs(71,10): error CS0246: The type or namespace name 'Fact' could not be found (are you missing a using directive or an assembly reference?)
C:\gh\azure-sdk-for-net\sdk\mgmtcommon\TestFramework\TestFramework.Tests\TestEnvironment\TestEnvironmentTests.cs(66,10): error CS0518: Predefined type 'System.Object' is not defined or imported
C:\gh\azure-sdk-for-net\sdk\mgmtcommon\TestFramework\TestFramework.Tests\TestEnvironment\TestEnvironmentTests.cs(66,10): error CS0246: The type or namespace name 'TheoryAttribute' could not be found (are you missing a using directive or an assembly reference?)
C:\gh\azure-sdk-for-net\sdk\mgmtcommon\TestFramework\TestFramework.Tests\TestEnvironment\TestEnvironmentTests.cs(66,10): error CS0246: The type or namespace name 'Theory' could not be found (are you missing a using directive or an assembly reference?)
C:\gh\azure-sdk-for-net\sdk\mgmtcommon\TestFramework\TestFramework.Tests\TestEnvironment\TestEnvironmentTests.cs(67,10): error CS0518: Predefined type 'System.Object' is not defined or imported
C:\gh\azure-sdk-for-net\sdk\mgmtcommon\TestFramework\TestFramework.Tests\TestEnvironment\TestEnvironmentTests.cs(67,10): error CS0246: The type or namespace name 'InlineDataAttribute' could not be found (are you missing a using directive or an assembly reference?)
C:\gh\azure-sdk-for-net\sdk\mgmtcommon\TestFramework\TestFramework.Tests\TestEnvironment\TestEnvironmentTests.cs(67,10): error CS0246: The type or namespace name 'InlineData' could not be found (are you missing a using directive or an assembly reference?)
C:\gh\azure-sdk-for-net\sdk\mgmtcommon\TestFramework\TestFramework.Tests\TestEnvironment\TestEnvironmentTests.cs(67,21): error CS0518: Predefined type 'System.String' is not defined or imported
C:\gh\azure-sdk-for-net\sdk\mgmtcommon\TestFramework\TestFramework.Tests\TestEnvironment\TestEnvironmentTests.cs(68,17): error CS0518: Predefined type 'System.String' is not defined or imported
C:\gh\azure-sdk-for-net\sdk\mgmtcommon\TestFramework\TestFramework.Tests\TestEnvironment\TestEnvironmentTests.cs(69,17): error CS0518: Predefined type 'System.String' is not defined or imported
C:\gh\azure-sdk-for-net\sdk\mgmtcommon\TestFramework\TestFramework.Tests\TestEnvironment\TestEnvironmentTests.cs(70,17): error CS0518: Predefined type 'System.String' is not defined or imported
C:\gh\azure-sdk-for-net\sdk\mgmtcommon\TestFramework\TestFramework.Tests\TestEnvironment\TestEnvironmentTests.cs(71,17): error CS0518: Predefined type 'System.String' is not defined or imported
C:\gh\azure-sdk-for-net\sdk\mgmtcommon\TestFramework\TestFramework.Tests\TestEnvironment\TestEnvironmentTests.cs(72,17): error CS0518: Predefined type 'System.String' is not defined or imported
C:\gh\azure-sdk-for-net\sdk\mgmtcommon\TestFramework\TestFramework.Tests\Authentication\Subscription.cs(83,10): error CS0518: Predefined type 'System.Object' is not defined or imported
C:\gh\azure-sdk-for-net\sdk\mgmtcommon\TestFramework\TestFramework.Tests\Authentication\Subscription.cs(83,10): error CS0246: The type or namespace name 'FactAttribute' could not be found (are you missing a using directive or an assembly reference?)
C:\gh\azure-sdk-for-net\sdk\mgmtcommon\TestFramework\TestFramework.Tests\Authentication\Subscription.cs(83,10): error CS0246: The type or namespace name 'Fact' could not be found (are you missing a using directive or an assembly reference?)
C:\gh\azure-sdk-for-net\sdk\mgmtcommon\TestFramework\TestFramework.Tests\Authentication\Subscription.cs(97,10): error CS0518: Predefined type 'System.Object' is not defined or imported
C:\gh\azure-sdk-for-net\sdk\mgmtcommon\TestFramework\TestFramework.Tests\Authentication\Subscription.cs(97,10): error CS0246: The type or namespace name 'FactAttribute' could not be found (are you missing a using directive or an assembly reference?)
C:\gh\azure-sdk-for-net\sdk\mgmtcommon\TestFramework\TestFramework.Tests\Authentication\Subscription.cs(97,10): error CS0246: The type or namespace name 'Fact' could not be found (are you missing a using directive or an assembly reference?)
C:\gh\azure-sdk-for-net\sdk\mgmtcommon\TestFramework\TestFramework.Tests\TestEnvironment\TestEnvironmentTests.cs(88,10): error CS0518: Predefined type 'System.Object' is not defined or imported
C:\gh\azure-sdk-for-net\sdk\mgmtcommon\TestFramework\TestFramework.Tests\TestEnvironment\TestEnvironmentTests.cs(88,10): error CS0246: The type or namespace name 'TheoryAttribute' could not be found (are you missing a using directive or an assembly reference?)
C:\gh\azure-sdk-for-net\sdk\mgmtcommon\TestFramework\TestFramework.Tests\TestEnvironment\TestEnvironmentTests.cs(88,10): error CS0246: The type or namespace name 'Theory' could not be found (are you missing a using directive or an assembly reference?)
C:\gh\azure-sdk-for-net\sdk\mgmtcommon\TestFramework\TestFramework.Tests\TestEnvironment\TestEnvironmentTests.cs(89,10): error CS0518: Predefined type 'System.Object' is not defined or imported
C:\gh\azure-sdk-for-net\sdk\mgmtcommon\TestFramework\TestFramework.Tests\TestEnvironment\TestEnvironmentTests.cs(89,10): error CS0246: The type or namespace name 'InlineDataAttribute' could not be found (are you missing a using directive or an assembly reference?)
C:\gh\azure-sdk-for-net\sdk\mgmtcommon\TestFramework\TestFramework.Tests\TestEnvironment\TestEnvironmentTests.cs(89,10): error CS0246: The type or namespace name 'InlineData' could not be found (are you missing a using directive or an assembly reference?)
C:\gh\azure-sdk-for-net\sdk\mgmtcommon\TestFramework\TestFramework.Tests\TestEnvironment\TestEnvironmentTests.cs(88,17): error CS0246: The type or namespace name 'Skip' could not be found (are you missing a using directive or an assembly reference?)
C:\gh\azure-sdk-for-net\sdk\mgmtcommon\TestFramework\TestFramework.Tests\TestEnvironment\TestEnvironmentTests.cs(88,24): error CS0518: Predefined type 'System.String' is not defined or imported
C:\gh\azure-sdk-for-net\sdk\mgmtcommon\TestFramework\TestFramework.Tests\TestEnvironment\TestEnvironmentTests.cs(89,21): error CS0518: Predefined type 'System.String' is not defined or imported
C:\gh\azure-sdk-for-net\sdk\mgmtcommon\TestFramework\TestFramework.Tests\Authentication\Subscription.cs(110,10): error CS0518: Predefined type 'System.Object' is not defined or imported
C:\gh\azure-sdk-for-net\sdk\mgmtcommon\TestFramework\TestFramework.Tests\Authentication\Subscription.cs(110,10): error CS0246: The type or namespace name 'FactAttribute' could not be found (are you missing a using directive or an assembly reference?)
C:\gh\azure-sdk-for-net\sdk\mgmtcommon\TestFramework\TestFramework.Tests\Authentication\Subscription.cs(110,10): error CS0246: The type or namespace name 'Fact' could not be found (are you missing a using directive or an assembly reference?)
C:\gh\azure-sdk-for-net\sdk\mgmtcommon\TestFramework\TestFramework.Tests\Authentication\Subscription.cs(124,10): error CS0518: Predefined type 'System.Object' is not defined or imported
C:\gh\azure-sdk-for-net\sdk\mgmtcommon\TestFramework\TestFramework.Tests\Authentication\Subscription.cs(124,10): error CS0246: The type or namespace name 'FactAttribute' could not be found (are you missing a using directive or an assembly reference?)
C:\gh\azure-sdk-for-net\sdk\mgmtcommon\TestFramework\TestFramework.Tests\Authentication\Subscription.cs(124,10): error CS0246: The type or namespace name 'Fact' could not be found (are you missing a using directive or an assembly reference?)
C:\gh\azure-sdk-for-net\sdk\mgmtcommon\TestFramework\TestFramework.Tests\Authentication\Subscription.cs(137,10): error CS0518: Predefined type 'System.Object' is not defined or imported
C:\gh\azure-sdk-for-net\sdk\mgmtcommon\TestFramework\TestFramework.Tests\Authentication\Subscription.cs(137,10): error CS0246: The type or namespace name 'FactAttribute' could not be found (are you missing a using directive or an assembly reference?)
C:\gh\azure-sdk-for-net\sdk\mgmtcommon\TestFramework\TestFramework.Tests\Authentication\Subscription.cs(137,10): error CS0246: The type or namespace name 'Fact' could not be found (are you missing a using directive or an assembly reference?)
C:\gh\azure-sdk-for-net\sdk\mgmtcommon\TestFramework\TestFramework.Tests\Client\SimpleClient.cs(12,68): error CS1729: 'ServiceClient<SimpleClient>' does not contain a constructor that takes 1 arguments
C:\gh\azure-sdk-for-net\sdk\mgmtcommon\TestFramework\TestFramework.Tests\TestEnvironment\ConnectionStringParseTests.cs(20,27): error CS0518: Predefined type 'System.Object' is not defined or imported
C:\gh\azure-sdk-for-net\sdk\mgmtcommon\TestFramework\TestFramework.Tests\TestEnvironment\ConnectionStringParseTests.cs(18,16): error CS1729: 'object' does not contain a constructor that takes 0 arguments
C:\gh\azure-sdk-for-net\sdk\mgmtcommon\TestFramework\TestFramework.Tests\TestEnvironment\TestEnvironmentTests.cs(16,13): error CS0518: Predefined type 'System.Object' is not defined or imported
C:\gh\azure-sdk-for-net\sdk\mgmtcommon\TestFramework\TestFramework.Tests\TestEnvironment\TestEnvironmentTests.cs(16,39): error CS0518: Predefined type 'System.Object' is not defined or imported
C:\gh\azure-sdk-for-net\sdk\mgmtcommon\TestFramework\TestFramework.Tests\TestEnvironment\TestEnvironmentTests.cs(17,13): error CS0518: Predefined type 'System.Object' is not defined or imported
C:\gh\azure-sdk-for-net\sdk\mgmtcommon\TestFramework\TestFramework.Tests\TestEnvironment\TestEnvironmentTests.cs(17,13): error CS0103: The name 'Assert' does not exist in the current context
C:\gh\azure-sdk-for-net\sdk\mgmtcommon\TestFramework\TestFramework.Tests\TestEnvironment\TestEnvironmentTests.cs(17,26): error CS0518: Predefined type 'System.Int32' is not defined or imported
C:\gh\azure-sdk-for-net\sdk\mgmtcommon\TestFramework\TestFramework.Tests\TestEnvironment\TestEnvironmentTests.cs(17,31): error CS0518: Predefined type 'System.Int32' is not defined or imported
C:\gh\azure-sdk-for-net\sdk\mgmtcommon\TestFramework\TestFramework.Tests\Client\SimpleClient.cs(18,15): error CS0518: Predefined type 'System.Array' is not defined or imported
C:\gh\azure-sdk-for-net\sdk\mgmtcommon\TestFramework\TestFramework.Tests\Client\SimpleClient.cs(20,17): error CS0518: Predefined type 'System.Boolean' is not defined or imported
C:\gh\azure-sdk-for-net\sdk\mgmtcommon\TestFramework\TestFramework.Tests\Client\SimpleClient.cs(20,17): error CS0518: Predefined type 'System.Boolean' is not defined or imported
C:\gh\azure-sdk-for-net\sdk\mgmtcommon\TestFramework\TestFramework.Tests\Client\SimpleClient.cs(22,27): error CS0518: Predefined type 'System.Object' is not defined or imported
C:\gh\azure-sdk-for-net\sdk\mgmtcommon\TestFramework\TestFramework.Tests\Client\SimpleClient.cs(22,27): error CS0246: The type or namespace name 'ArgumentNullException' could not be found (are you missing a using directive or an assembly reference?)
C:\gh\azure-sdk-for-net\sdk\mgmtcommon\TestFramework\TestFramework.Tests\Client\SimpleClient.cs(22,49): error CS0518: Predefined type 'System.String' is not defined or imported
C:\gh\azure-sdk-for-net\sdk\mgmtcommon\TestFramework\TestFramework.Tests\Client\SimpleClient.cs(24,17): error CS0518: Predefined type 'System.Boolean' is not defined or imported
C:\gh\azure-sdk-for-net\sdk\mgmtcommon\TestFramework\TestFramework.Tests\Client\SimpleClient.cs(24,17): error CS0518: Predefined type 'System.Boolean' is not defined or imported
C:\gh\azure-sdk-for-net\sdk\mgmtcommon\TestFramework\TestFramework.Tests\Client\SimpleClient.cs(26,27): error CS0518: Predefined type 'System.Object' is not defined or imported
C:\gh\azure-sdk-for-net\sdk\mgmtcommon\TestFramework\TestFramework.Tests\Client\SimpleClient.cs(26,27): error CS0246: The type or namespace name 'ArgumentNullException' could not be found (are you missing a using directive or an assembly reference?)
C:\gh\azure-sdk-for-net\sdk\mgmtcommon\TestFramework\TestFramework.Tests\Client\SimpleClient.cs(26,49): error CS0518: Predefined type 'System.String' is not defined or imported
C:\gh\azure-sdk-for-net\sdk\mgmtcommon\TestFramework\TestFramework.Tests\Authentication\Subscription.cs(25,38): error CS0518: Predefined type 'System.Object' is not defined or imported
C:\gh\azure-sdk-for-net\sdk\mgmtcommon\TestFramework\TestFramework.Tests\Authentication\Subscription.cs(25,38): error CS0103: The name 'Environment' does not exist in the current context
C:\gh\azure-sdk-for-net\sdk\mgmtcommon\TestFramework\TestFramework.Tests\Authentication\Subscription.cs(25,73): error CS0518: Predefined type 'System.String' is not defined or imported
C:\gh\azure-sdk-for-net\sdk\mgmtcommon\TestFramework\TestFramework.Tests\Authentication\Subscription.cs(26,31): error CS0518: Predefined type 'System.Object' is not defined or imported
C:\gh\azure-sdk-for-net\sdk\mgmtcommon\TestFramework\TestFramework.Tests\Authentication\Subscription.cs(26,31): error CS0103: The name 'Environment' does not exist in the current context
C:\gh\azure-sdk-for-net\sdk\mgmtcommon\TestFramework\TestFramework.Tests\Authentication\Subscription.cs(26,66): error CS0518: Predefined type 'System.String' is not defined or imported
C:\gh\azure-sdk-for-net\sdk\mgmtcommon\TestFramework\TestFramework.Tests\Authentication\Subscription.cs(27,41): error CS0518: Predefined type 'System.Object' is not defined or imported
C:\gh\azure-sdk-for-net\sdk\mgmtcommon\TestFramework\TestFramework.Tests\Authentication\Subscription.cs(27,41): error CS0103: The name 'Environment' does not exist in the current context
C:\gh\azure-sdk-for-net\sdk\mgmtcommon\TestFramework\TestFramework.Tests\Authentication\Subscription.cs(27,76): error CS0518: Predefined type 'System.String' is not defined or imported
C:\gh\azure-sdk-for-net\sdk\mgmtcommon\TestFramework\TestFramework.Tests\Authentication\Subscription.cs(28,45): error CS0518: Predefined type 'System.Object' is not defined or imported
C:\gh\azure-sdk-for-net\sdk\mgmtcommon\TestFramework\TestFramework.Tests\Authentication\Subscription.cs(28,45): error CS0103: The name 'Environment' does not exist in the current context
C:\gh\azure-sdk-for-net\sdk\mgmtcommon\TestFramework\TestFramework.Tests\Authentication\Subscription.cs(28,80): error CS0518: Predefined type 'System.String' is not defined or imported
C:\gh\azure-sdk-for-net\sdk\mgmtcommon\TestFramework\TestFramework.Tests\Authentication\Subscription.cs(29,17): error CS0518: Predefined type 'System.Object' is not defined or imported
C:\gh\azure-sdk-for-net\sdk\mgmtcommon\TestFramework\TestFramework.Tests\Authentication\Subscription.cs(29,17): error CS0518: Predefined type 'System.Object' is not defined or imported
C:\gh\azure-sdk-for-net\sdk\mgmtcommon\TestFramework\TestFramework.Tests\Authentication\Subscription.cs(29,17): error CS0518: Predefined type 'System.Boolean' is not defined or imported
C:\gh\azure-sdk-for-net\sdk\mgmtcommon\TestFramework\TestFramework.Tests\Authentication\Subscription.cs(31,17): error CS0518: Predefined type 'System.Object' is not defined or imported
C:\gh\azure-sdk-for-net\sdk\mgmtcommon\TestFramework\TestFramework.Tests\Authentication\Subscription.cs(31,32): error CS0518: Predefined type 'System.Void' is not defined or imported
C:\gh\azure-sdk-for-net\sdk\mgmtcommon\TestFramework\TestFramework.Tests\Authentication\Subscription.cs(31,60): error CS0518: Predefined type 'System.Object' is not defined or imported
C:\gh\azure-sdk-for-net\sdk\mgmtcommon\TestFramework\TestFramework.Tests\Authentication\Subscription.cs(31,60): error CS0518: Predefined type 'System.Void' is not defined or imported
C:\gh\azure-sdk-for-net\sdk\mgmtcommon\TestFramework\TestFramework.Tests\Authentication\Subscription.cs(23,16): error CS0518: Predefined type 'System.Void' is not defined or imported
C:\gh\azure-sdk-for-net\sdk\mgmtcommon\TestFramework\TestFramework.Tests\TestEnvironment\ConnectionStringParseTests.cs(27,13): error CS0518: Predefined type 'System.String' is not defined or imported
C:\gh\azure-sdk-for-net\sdk\mgmtcommon\TestFramework\TestFramework.Tests\TestEnvironment\ConnectionStringParseTests.cs(27,31): error CS0518: Predefined type 'System.Object' is not defined or imported
C:\gh\azure-sdk-for-net\sdk\mgmtcommon\TestFramework\TestFramework.Tests\TestEnvironment\ConnectionStringParseTests.cs(28,13): error CS0518: Predefined type 'System.Object' is not defined or imported
C:\gh\azure-sdk-for-net\sdk\mgmtcommon\TestFramework\TestFramework.Tests\TestEnvironment\ConnectionStringParseTests.cs(28,39): error CS0518: Predefined type 'System.Object' is not defined or imported
C:\gh\azure-sdk-for-net\sdk\mgmtcommon\TestFramework\TestFramework.Tests\TestEnvironment\ConnectionStringParseTests.cs(29,16): error CS0518: Predefined type 'System.Object' is not defined or imported
C:\gh\azure-sdk-for-net\sdk\mgmtcommon\TestFramework\TestFramework.Tests\TestEnvironment\ConnectionStringParseTests.cs(30,21): error CS0518: Predefined type 'System.Object' is not defined or imported
C:\gh\azure-sdk-for-net\sdk\mgmtcommon\TestFramework\TestFramework.Tests\TestEnvironment\ConnectionStringParseTests.cs(30,21): error CS0246: The type or namespace name 'KeyValuePair<,>' could not be found (are you missing a using directive or an assembly reference?)
C:\gh\azure-sdk-for-net\sdk\mgmtcommon\TestFramework\TestFramework.Tests\TestEnvironment\ConnectionStringParseTests.cs(30,34): error CS0518: Predefined type 'System.String' is not defined or imported
C:\gh\azure-sdk-for-net\sdk\mgmtcommon\TestFramework\TestFramework.Tests\TestEnvironment\ConnectionStringParseTests.cs(30,42): error CS0518: Predefined type 'System.String' is not defined or imported
C:\gh\azure-sdk-for-net\sdk\mgmtcommon\TestFramework\TestFramework.Tests\TestEnvironment\ConnectionStringParseTests.cs(32,17): error CS0518: Predefined type 'System.Object' is not defined or imported
C:\gh\azure-sdk-for-net\sdk\mgmtcommon\TestFramework\TestFramework.Tests\TestEnvironment\ConnectionStringParseTests.cs(32,17): error CS0103: The name 'Assert' does not exist in the current context
C:\gh\azure-sdk-for-net\sdk\mgmtcommon\TestFramework\TestFramework.Tests\TestEnvironment\ConnectionStringParseTests.cs(35,13): error CS0518: Predefined type 'System.Object' is not defined or imported
C:\gh\azure-sdk-for-net\sdk\mgmtcommon\TestFramework\TestFramework.Tests\TestEnvironment\ConnectionStringParseTests.cs(35,13): error CS0103: The name 'Assert' does not exist in the current context
C:\gh\azure-sdk-for-net\sdk\mgmtcommon\TestFramework\TestFramework.Tests\TestEnvironment\ConnectionStringParseTests.cs(35,25): error CS0518: Predefined type 'System.String' is not defined or imported
C:\gh\azure-sdk-for-net\sdk\mgmtcommon\TestFramework\TestFramework.Tests\TestEnvironment\ConnectionStringParseTests.cs(42,13): error CS0518: Predefined type 'System.String' is not defined or imported
C:\gh\azure-sdk-for-net\sdk\mgmtcommon\TestFramework\TestFramework.Tests\TestEnvironment\ConnectionStringParseTests.cs(42,31): error CS0518: Predefined type 'System.String' is not defined or imported
C:\gh\azure-sdk-for-net\sdk\mgmtcommon\TestFramework\TestFramework.Tests\TestEnvironment\ConnectionStringParseTests.cs(43,21): error CS0518: Predefined type 'System.Object' is not defined or imported
C:\gh\azure-sdk-for-net\sdk\mgmtcommon\TestFramework\TestFramework.Tests\TestEnvironment\ConnectionStringParseTests.cs(44,13): error CS0518: Predefined type 'System.Object' is not defined or imported
C:\gh\azure-sdk-for-net\sdk\mgmtcommon\TestFramework\TestFramework.Tests\TestEnvironment\ConnectionStringParseTests.cs(44,13): error CS0103: The name 'Assert' does not exist in the current context
C:\gh\azure-sdk-for-net\sdk\mgmtcommon\TestFramework\TestFramework.Tests\TestEnvironment\ConnectionStringParseTests.cs(44,26): error CS0518: Predefined type 'System.String' is not defined or imported
C:\gh\azure-sdk-for-net\sdk\mgmtcommon\TestFramework\TestFramework.Tests\Client\SimpleClient.cs(34,15): error CS0518: Predefined type 'System.Array' is not defined or imported
C:\gh\azure-sdk-for-net\sdk\mgmtcommon\TestFramework\TestFramework.Tests\Client\SimpleClient.cs(36,17): error CS0518: Predefined type 'System.Boolean' is not defined or imported
C:\gh\azure-sdk-for-net\sdk\mgmtcommon\TestFramework\TestFramework.Tests\Client\SimpleClient.cs(36,17): error CS0518: Predefined type 'System.Boolean' is not defined or imported
C:\gh\azure-sdk-for-net\sdk\mgmtcommon\TestFramework\TestFramework.Tests\Client\SimpleClient.cs(38,27): error CS0518: Predefined type 'System.Object' is not defined or imported
C:\gh\azure-sdk-for-net\sdk\mgmtcommon\TestFramework\TestFramework.Tests\Client\SimpleClient.cs(38,27): error CS0246: The type or namespace name 'ArgumentNullException' could not be found (are you missing a using directive or an assembly reference?)
C:\gh\azure-sdk-for-net\sdk\mgmtcommon\TestFramework\TestFramework.Tests\Client\SimpleClient.cs(38,49): error CS0518: Predefined type 'System.String' is not defined or imported
C:\gh\azure-sdk-for-net\sdk\mgmtcommon\TestFramework\TestFramework.Tests\Client\SimpleClient.cs(40,32): error CS0518: Predefined type 'System.Object' is not defined or imported
C:\gh\azure-sdk-for-net\sdk\mgmtcommon\TestFramework\TestFramework.Tests\Client\SimpleClient.cs(40,63): error CS0518: Predefined type 'System.Object' is not defined or imported
C:\gh\azure-sdk-for-net\sdk\mgmtcommon\TestFramework\TestFramework.Tests\TestEnvironment\TestEnvironmentTests.cs(24,13): error CS0518: Predefined type 'System.Object' is not defined or imported
C:\gh\azure-sdk-for-net\sdk\mgmtcommon\TestFramework\TestFramework.Tests\TestEnvironment\TestEnvironmentTests.cs(24,13): error CS0103: The name 'Environment' does not exist in the current context
C:\gh\azure-sdk-for-net\sdk\mgmtcommon\TestFramework\TestFramework.Tests\TestEnvironment\TestEnvironmentTests.cs(24,48): error CS0518: Predefined type 'System.String' is not defined or imported
C:\gh\azure-sdk-for-net\sdk\mgmtcommon\TestFramework\TestFramework.Tests\TestEnvironment\TestEnvironmentTests.cs(24,81): error CS0518: Predefined type 'System.String' is not defined or imported
C:\gh\azure-sdk-for-net\sdk\mgmtcommon\TestFramework\TestFramework.Tests\TestEnvironment\TestEnvironmentTests.cs(25,13): error CS0518: Predefined type 'System.Object' is not defined or imported
C:\gh\azure-sdk-for-net\sdk\mgmtcommon\TestFramework\TestFramework.Tests\TestEnvironment\TestEnvironmentTests.cs(25,28): error CS0518: Predefined type 'System.Void' is not defined or imported
C:\gh\azure-sdk-for-net\sdk\mgmtcommon\TestFramework\TestFramework.Tests\TestEnvironment\TestEnvironmentTests.cs(25,35): error CS0518: Predefined type 'System.Object' is not defined or imported
C:\gh\azure-sdk-for-net\sdk\mgmtcommon\TestFramework\TestFramework.Tests\TestEnvironment\TestEnvironmentTests.cs(26,13): error CS0518: Predefined type 'System.Object' is not defined or imported
C:\gh\azure-sdk-for-net\sdk\mgmtcommon\TestFramework\TestFramework.Tests\TestEnvironment\TestEnvironmentTests.cs(26,35): error CS0518: Predefined type 'System.Object' is not defined or imported
C:\gh\azure-sdk-for-net\sdk\mgmtcommon\TestFramework\TestFramework.Tests\TestEnvironment\TestEnvironmentTests.cs(26,58): error CS0518: Predefined type 'System.Object' is not defined or imported
C:\gh\azure-sdk-for-net\sdk\mgmtcommon\TestFramework\TestFramework.Tests\TestEnvironment\TestEnvironmentTests.cs(27,13): error CS0518: Predefined type 'System.String' is not defined or imported
C:\gh\azure-sdk-for-net\sdk\mgmtcommon\TestFramework\TestFramework.Tests\TestEnvironment\TestEnvironmentTests.cs(27,66): error CS0518: Predefined type 'System.Object' is not defined or imported
C:\gh\azure-sdk-for-net\sdk\mgmtcommon\TestFramework\TestFramework.Tests\TestEnvironment\TestEnvironmentTests.cs(28,13): error CS0518: Predefined type 'System.Object' is not defined or imported
C:\gh\azure-sdk-for-net\sdk\mgmtcommon\TestFramework\TestFramework.Tests\TestEnvironment\TestEnvironmentTests.cs(28,13): error CS0103: The name 'Assert' does not exist in the current context
C:\gh\azure-sdk-for-net\sdk\mgmtcommon\TestFramework\TestFramework.Tests\TestEnvironment\TestEnvironmentTests.cs(28,26): error CS0518: Predefined type 'System.String' is not defined or imported
C:\gh\azure-sdk-for-net\sdk\mgmtcommon\TestFramework\TestFramework.Tests\TestEnvironment\TestEnvironmentTests.cs(29,13): error CS0518: Predefined type 'System.Object' is not defined or imported
C:\gh\azure-sdk-for-net\sdk\mgmtcommon\TestFramework\TestFramework.Tests\TestEnvironment\TestEnvironmentTests.cs(29,13): error CS0103: The name 'Assert' does not exist in the current context
C:\gh\azure-sdk-for-net\sdk\mgmtcommon\TestFramework\TestFramework.Tests\TestEnvironment\TestEnvironmentTests.cs(29,26): error CS0518: Predefined type 'System.String' is not defined or imported
C:\gh\azure-sdk-for-net\sdk\mgmtcommon\TestFramework\TestFramework.Tests\TestEnvironment\TestEnvironmentTests.cs(29,34): error CS0518: Predefined type 'System.String' is not defined or imported
C:\gh\azure-sdk-for-net\sdk\mgmtcommon\TestFramework\TestFramework.Tests\Client\SimpleClient.cs(47,29): error CS0518: Predefined type 'System.Object' is not defined or imported
C:\gh\azure-sdk-for-net\sdk\mgmtcommon\TestFramework\TestFramework.Tests\Client\SimpleClient.cs(47,29): error CS0246: The type or namespace name 'NotImplementedException' could not be found (are you missing a using directive or an assembly reference?)
C:\gh\azure-sdk-for-net\sdk\mgmtcommon\TestFramework\TestFramework.Tests\TestEnvironment\ConnectionStringParseTests.cs(50,13): error CS0518: Predefined type 'System.String' is not defined or imported
C:\gh\azure-sdk-for-net\sdk\mgmtcommon\TestFramework\TestFramework.Tests\TestEnvironment\ConnectionStringParseTests.cs(50,31): error CS0518: Predefined type 'System.Object' is not defined or imported
C:\gh\azure-sdk-for-net\sdk\mgmtcommon\TestFramework\TestFramework.Tests\TestEnvironment\ConnectionStringParseTests.cs(51,13): error CS0518: Predefined type 'System.Object' is not defined or imported
C:\gh\azure-sdk-for-net\sdk\mgmtcommon\TestFramework\TestFramework.Tests\TestEnvironment\ConnectionStringParseTests.cs(51,39): error CS0518: Predefined type 'System.Object' is not defined or imported
C:\gh\azure-sdk-for-net\sdk\mgmtcommon\TestFramework\TestFramework.Tests\TestEnvironment\ConnectionStringParseTests.cs(52,16): error CS0518: Predefined type 'System.Object' is not defined or imported
C:\gh\azure-sdk-for-net\sdk\mgmtcommon\TestFramework\TestFramework.Tests\TestEnvironment\ConnectionStringParseTests.cs(53,13): error CS0518: Predefined type 'System.Object' is not defined or imported
C:\gh\azure-sdk-for-net\sdk\mgmtcommon\TestFramework\TestFramework.Tests\TestEnvironment\ConnectionStringParseTests.cs(53,13): error CS0103: The name 'Assert' does not exist in the current context
C:\gh\azure-sdk-for-net\sdk\mgmtcommon\TestFramework\TestFramework.Tests\TestEnvironment\ConnectionStringParseTests.cs(53,38): error CS0518: Predefined type 'System.Boolean' is not defined or imported
C:\gh\azure-sdk-for-net\sdk\mgmtcommon\TestFramework\TestFramework.Tests\TestEnvironment\ConnectionStringParseTests.cs(53,29): error CS0518: Predefined type 'System.Object' is not defined or imported
C:\gh\azure-sdk-for-net\sdk\mgmtcommon\TestFramework\TestFramework.Tests\TestEnvironment\ConnectionStringParseTests.cs(53,44): error CS0518: Predefined type 'System.Object' is not defined or imported
C:\gh\azure-sdk-for-net\sdk\mgmtcommon\TestFramework\TestFramework.Tests\TestEnvironment\ConnectionStringParseTests.cs(55,30): error CS0518: Predefined type 'System.Object' is not defined or imported
C:\gh\azure-sdk-for-net\sdk\mgmtcommon\TestFramework\TestFramework.Tests\TestEnvironment\ConnectionStringParseTests.cs(55,78): error CS0518: Predefined type 'System.String' is not defined or imported
C:\gh\azure-sdk-for-net\sdk\mgmtcommon\TestFramework\TestFramework.Tests\TestEnvironment\ConnectionStringParseTests.cs(56,13): error CS0518: Predefined type 'System.Object' is not defined or imported
C:\gh\azure-sdk-for-net\sdk\mgmtcommon\TestFramework\TestFramework.Tests\TestEnvironment\ConnectionStringParseTests.cs(56,13): error CS0103: The name 'Assert' does not exist in the current context
C:\gh\azure-sdk-for-net\sdk\mgmtcommon\TestFramework\TestFramework.Tests\TestEnvironment\ConnectionStringParseTests.cs(56,37): error CS0518: Predefined type 'System.Boolean' is not defined or imported
C:\gh\azure-sdk-for-net\sdk\mgmtcommon\TestFramework\TestFramework.Tests\TestEnvironment\ConnectionStringParseTests.cs(56,28): error CS0518: Predefined type 'System.Object' is not defined or imported
C:\gh\azure-sdk-for-net\sdk\mgmtcommon\TestFramework\TestFramework.Tests\TestEnvironment\ConnectionStringParseTests.cs(56,43): error CS0518: Predefined type 'System.Object' is not defined or imported
C:\gh\azure-sdk-for-net\sdk\mgmtcommon\TestFramework\TestFramework.Tests\TestEnvironment\ConnectionStringParseTests.cs(64,21): error CS0518: Predefined type 'System.Object' is not defined or imported
C:\gh\azure-sdk-for-net\sdk\mgmtcommon\TestFramework\TestFramework.Tests\TestEnvironment\ConnectionStringParseTests.cs(65,13): error CS0518: Predefined type 'System.Object' is not defined or imported
C:\gh\azure-sdk-for-net\sdk\mgmtcommon\TestFramework\TestFramework.Tests\TestEnvironment\ConnectionStringParseTests.cs(65,13): error CS0103: The name 'Assert' does not exist in the current context
C:\gh\azure-sdk-for-net\sdk\mgmtcommon\TestFramework\TestFramework.Tests\TestEnvironment\ConnectionStringParseTests.cs(65,26): error CS0518: Predefined type 'System.String' is not defined or imported
C:\gh\azure-sdk-for-net\sdk\mgmtcommon\TestFramework\TestFramework.Tests\TestEnvironment\TestEnvironmentTests.cs(36,13): error CS0518: Predefined type 'System.Object' is not defined or imported
C:\gh\azure-sdk-for-net\sdk\mgmtcommon\TestFramework\TestFramework.Tests\TestEnvironment\TestEnvironmentTests.cs(36,13): error CS0103: The name 'Environment' does not exist in the current context
C:\gh\azure-sdk-for-net\sdk\mgmtcommon\TestFramework\TestFramework.Tests\TestEnvironment\TestEnvironmentTests.cs(36,48): error CS0518: Predefined type 'System.String' is not defined or imported
C:\gh\azure-sdk-for-net\sdk\mgmtcommon\TestFramework\TestFramework.Tests\TestEnvironment\TestEnvironmentTests.cs(36,81): error CS0518: Predefined type 'System.String' is not defined or imported
C:\gh\azure-sdk-for-net\sdk\mgmtcommon\TestFramework\TestFramework.Tests\TestEnvironment\TestEnvironmentTests.cs(37,13): error CS0518: Predefined type 'System.Object' is not defined or imported
C:\gh\azure-sdk-for-net\sdk\mgmtcommon\TestFramework\TestFramework.Tests\TestEnvironment\TestEnvironmentTests.cs(37,28): error CS0518: Predefined type 'System.Void' is not defined or imported
C:\gh\azure-sdk-for-net\sdk\mgmtcommon\TestFramework\TestFramework.Tests\TestEnvironment\TestEnvironmentTests.cs(37,35): error CS0518: Predefined type 'System.Object' is not defined or imported
C:\gh\azure-sdk-for-net\sdk\mgmtcommon\TestFramework\TestFramework.Tests\TestEnvironment\TestEnvironmentTests.cs(38,13): error CS0518: Predefined type 'System.Object' is not defined or imported
C:\gh\azure-sdk-for-net\sdk\mgmtcommon\TestFramework\TestFramework.Tests\TestEnvironment\TestEnvironmentTests.cs(38,35): error CS0518: Predefined type 'System.Object' is not defined or imported
C:\gh\azure-sdk-for-net\sdk\mgmtcommon\TestFramework\TestFramework.Tests\TestEnvironment\TestEnvironmentTests.cs(38,58): error CS0518: Predefined type 'System.Object' is not defined or imported
C:\gh\azure-sdk-for-net\sdk\mgmtcommon\TestFramework\TestFramework.Tests\TestEnvironment\TestEnvironmentTests.cs(39,13): error CS0518: Predefined type 'System.String' is not defined or imported
C:\gh\azure-sdk-for-net\sdk\mgmtcommon\TestFramework\TestFramework.Tests\TestEnvironment\TestEnvironmentTests.cs(39,66): error CS0518: Predefined type 'System.Object' is not defined or imported
C:\gh\azure-sdk-for-net\sdk\mgmtcommon\TestFramework\TestFramework.Tests\TestEnvironment\TestEnvironmentTests.cs(40,13): error CS0518: Predefined type 'System.Object' is not defined or imported
C:\gh\azure-sdk-for-net\sdk\mgmtcommon\TestFramework\TestFramework.Tests\TestEnvironment\TestEnvironmentTests.cs(40,13): error CS0103: The name 'Assert' does not exist in the current context
C:\gh\azure-sdk-for-net\sdk\mgmtcommon\TestFramework\TestFramework.Tests\TestEnvironment\TestEnvironmentTests.cs(40,26): error CS0518: Predefined type 'System.String' is not defined or imported
C:\gh\azure-sdk-for-net\sdk\mgmtcommon\TestFramework\TestFramework.Tests\TestEnvironment\TestEnvironmentTests.cs(41,13): error CS0518: Predefined type 'System.Object' is not defined or imported
C:\gh\azure-sdk-for-net\sdk\mgmtcommon\TestFramework\TestFramework.Tests\TestEnvironment\TestEnvironmentTests.cs(41,13): error CS0103: The name 'Assert' does not exist in the current context
C:\gh\azure-sdk-for-net\sdk\mgmtcommon\TestFramework\TestFramework.Tests\TestEnvironment\TestEnvironmentTests.cs(41,26): error CS0518: Predefined type 'System.String' is not defined or imported
C:\gh\azure-sdk-for-net\sdk\mgmtcommon\TestFramework\TestFramework.Tests\TestEnvironment\TestEnvironmentTests.cs(41,34): error CS0518: Predefined type 'System.String' is not defined or imported
C:\gh\azure-sdk-for-net\sdk\mgmtcommon\TestFramework\TestFramework.Tests\TestEnvironment\ConnectionStringParseTests.cs(72,13): error CS0518: Predefined type 'System.String' is not defined or imported
C:\gh\azure-sdk-for-net\sdk\mgmtcommon\TestFramework\TestFramework.Tests\TestEnvironment\ConnectionStringParseTests.cs(72,38): error CS0518: Predefined type 'System.String' is not defined or imported
C:\gh\azure-sdk-for-net\sdk\mgmtcommon\TestFramework\TestFramework.Tests\TestEnvironment\ConnectionStringParseTests.cs(73,21): error CS0518: Predefined type 'System.Object' is not defined or imported
C:\gh\azure-sdk-for-net\sdk\mgmtcommon\TestFramework\TestFramework.Tests\TestEnvironment\ConnectionStringParseTests.cs(74,13): error CS0518: Predefined type 'System.Object' is not defined or imported
C:\gh\azure-sdk-for-net\sdk\mgmtcommon\TestFramework\TestFramework.Tests\TestEnvironment\ConnectionStringParseTests.cs(74,13): error CS0103: The name 'Assert' does not exist in the current context
C:\gh\azure-sdk-for-net\sdk\mgmtcommon\TestFramework\TestFramework.Tests\TestEnvironment\ConnectionStringParseTests.cs(74,25): error CS0518: Predefined type 'System.String' is not defined or imported
C:\gh\azure-sdk-for-net\sdk\mgmtcommon\TestFramework\TestFramework.Tests\TestEnvironment\ConnectionStringParseTests.cs(81,13): error CS0518: Predefined type 'System.String' is not defined or imported
C:\gh\azure-sdk-for-net\sdk\mgmtcommon\TestFramework\TestFramework.Tests\TestEnvironment\ConnectionStringParseTests.cs(81,35): error CS0518: Predefined type 'System.String' is not defined or imported
C:\gh\azure-sdk-for-net\sdk\mgmtcommon\TestFramework\TestFramework.Tests\TestEnvironment\ConnectionStringParseTests.cs(82,21): error CS0518: Predefined type 'System.Object' is not defined or imported
C:\gh\azure-sdk-for-net\sdk\mgmtcommon\TestFramework\TestFramework.Tests\TestEnvironment\ConnectionStringParseTests.cs(83,13): error CS0518: Predefined type 'System.Object' is not defined or imported
C:\gh\azure-sdk-for-net\sdk\mgmtcommon\TestFramework\TestFramework.Tests\TestEnvironment\ConnectionStringParseTests.cs(83,13): error CS0103: The name 'Assert' does not exist in the current context
C:\gh\azure-sdk-for-net\sdk\mgmtcommon\TestFramework\TestFramework.Tests\TestEnvironment\ConnectionStringParseTests.cs(83,26): error CS0518: Predefined type 'System.String' is not defined or imported
C:\gh\azure-sdk-for-net\sdk\mgmtcommon\TestFramework\TestFramework.Tests\Authentication\Subscription.cs(41,13): error CS0518: Predefined type 'System.Object' is not defined or imported
C:\gh\azure-sdk-for-net\sdk\mgmtcommon\TestFramework\TestFramework.Tests\Authentication\Subscription.cs(41,13): error CS0103: The name 'Environment' does not exist in the current context
C:\gh\azure-sdk-for-net\sdk\mgmtcommon\TestFramework\TestFramework.Tests\Authentication\Subscription.cs(41,48): error CS0518: Predefined type 'System.String' is not defined or imported
C:\gh\azure-sdk-for-net\sdk\mgmtcommon\TestFramework\TestFramework.Tests\Authentication\Subscription.cs(41,74): error CS0518: Predefined type 'System.String' is not defined or imported
C:\gh\azure-sdk-for-net\sdk\mgmtcommon\TestFramework\TestFramework.Tests\Authentication\Subscription.cs(42,13): error CS0518: Predefined type 'System.Object' is not defined or imported
C:\gh\azure-sdk-for-net\sdk\mgmtcommon\TestFramework\TestFramework.Tests\Authentication\Subscription.cs(42,13): error CS0103: The name 'Environment' does not exist in the current context
C:\gh\azure-sdk-for-net\sdk\mgmtcommon\TestFramework\TestFramework.Tests\Authentication\Subscription.cs(42,48): error CS0518: Predefined type 'System.String' is not defined or imported
C:\gh\azure-sdk-for-net\sdk\mgmtcommon\TestFramework\TestFramework.Tests\Authentication\Subscription.cs(43,13): error CS0518: Predefined type 'System.Object' is not defined or imported
C:\gh\azure-sdk-for-net\sdk\mgmtcommon\TestFramework\TestFramework.Tests\Authentication\Subscription.cs(43,13): error CS0103: The name 'Environment' does not exist in the current context
C:\gh\azure-sdk-for-net\sdk\mgmtcommon\TestFramework\TestFramework.Tests\Authentication\Subscription.cs(43,48): error CS0518: Predefined type 'System.String' is not defined or imported
C:\gh\azure-sdk-for-net\sdk\mgmtcommon\TestFramework\TestFramework.Tests\Authentication\Subscription.cs(44,13): error CS0518: Predefined type 'System.Object' is not defined or imported
C:\gh\azure-sdk-for-net\sdk\mgmtcommon\TestFramework\TestFramework.Tests\Authentication\Subscription.cs(44,28): error CS0518: Predefined type 'System.String' is not defined or imported
C:\gh\azure-sdk-for-net\sdk\mgmtcommon\TestFramework\TestFramework.Tests\Authentication\Subscription.cs(44,47): error CS0518: Predefined type 'System.String' is not defined or imported
C:\gh\azure-sdk-for-net\sdk\mgmtcommon\TestFramework\TestFramework.Tests\Authentication\Subscription.cs(45,13): error CS0518: Predefined type 'System.IDisposable' is not defined or imported
C:\gh\azure-sdk-for-net\sdk\mgmtcommon\TestFramework\TestFramework.Tests\Authentication\Subscription.cs(45,20): error CS0518: Predefined type 'System.Object' is not defined or imported
C:\gh\azure-sdk-for-net\sdk\mgmtcommon\TestFramework\TestFramework.Tests\Authentication\Subscription.cs(45,42): error CS0518: Predefined type 'System.Object' is not defined or imported
C:\gh\azure-sdk-for-net\sdk\mgmtcommon\TestFramework\TestFramework.Tests\Authentication\Subscription.cs(45,54): error CS0518: Predefined type 'System.Object' is not defined or imported
C:\gh\azure-sdk-for-net\sdk\mgmtcommon\TestFramework\TestFramework.Tests\Authentication\Subscription.cs(45,65): error CS0518: Predefined type 'System.Object' is not defined or imported
C:\gh\azure-sdk-for-net\sdk\mgmtcommon\TestFramework\TestFramework.Tests\Authentication\Subscription.cs(45,65): error CS1061: 'Subscription' does not contain a definition for 'GetType' and no accessible extension method 'GetType' accepting a first argument of type 'Subscription' could be found (are you missing a using directive or an assembly reference?)
C:\gh\azure-sdk-for-net\sdk\mgmtcommon\TestFramework\TestFramework.Tests\Authentication\Subscription.cs(45,20): error CS1674: 'MockContext': type used in a using statement must be implicitly convertible to 'System.IDisposable'.
C:\gh\azure-sdk-for-net\sdk\mgmtcommon\TestFramework\TestFramework.Tests\Authentication\Subscription.cs(47,31): error CS0518: Predefined type 'System.Object' is not defined or imported
C:\gh\azure-sdk-for-net\sdk\mgmtcommon\TestFramework\TestFramework.Tests\Authentication\Subscription.cs(47,54): error CS0518: Predefined type 'System.Object' is not defined or imported
C:\gh\azure-sdk-for-net\sdk\mgmtcommon\TestFramework\TestFramework.Tests\Authentication\Subscription.cs(48,55): error CS0518: Predefined type 'System.Object' is not defined or imported
C:\gh\azure-sdk-for-net\sdk\mgmtcommon\TestFramework\TestFramework.Tests\Authentication\Subscription.cs(48,38): error CS0518: Predefined type 'System.Object' is not defined or imported
C:\gh\azure-sdk-for-net\sdk\mgmtcommon\TestFramework\TestFramework.Tests\Authentication\Subscription.cs(48,30): error CS0518: Predefined type 'System.Object' is not defined or imported
C:\gh\azure-sdk-for-net\sdk\mgmtcommon\TestFramework\TestFramework.Tests\Authentication\Subscription.cs(49,65): error CS0518: Predefined type 'System.Object' is not defined or imported
C:\gh\azure-sdk-for-net\sdk\mgmtcommon\TestFramework\TestFramework.Tests\Authentication\Subscription.cs(49,43): error CS0518: Predefined type 'System.Object' is not defined or imported
C:\gh\azure-sdk-for-net\sdk\mgmtcommon\TestFramework\TestFramework.Tests\Authentication\Subscription.cs(49,35): error CS0518: Predefined type 'System.Object' is not defined or imported
C:\gh\azure-sdk-for-net\sdk\mgmtcommon\TestFramework\TestFramework.Tests\Authentication\Subscription.cs(50,39): error CS0518: Predefined type 'System.Object' is not defined or imported
C:\gh\azure-sdk-for-net\sdk\mgmtcommon\TestFramework\TestFramework.Tests\Authentication\Subscription.cs(51,17): error CS0518: Predefined type 'System.Object' is not defined or imported
C:\gh\azure-sdk-for-net\sdk\mgmtcommon\TestFramework\TestFramework.Tests\Authentication\Subscription.cs(51,17): error CS0103: The name 'Assert' does not exist in the current context
C:\gh\azure-sdk-for-net\sdk\mgmtcommon\TestFramework\TestFramework.Tests\Authentication\Subscription.cs(51,30): error CS0518: Predefined type 'System.Object' is not defined or imported
C:\gh\azure-sdk-for-net\sdk\mgmtcommon\TestFramework\TestFramework.Tests\Authentication\Subscription.cs(51,30): error CS0103: The name 'HttpStatusCode' does not exist in the current context
C:\gh\azure-sdk-for-net\sdk\mgmtcommon\TestFramework\TestFramework.Tests\Authentication\Subscription.cs(53,17): error CS0518: Predefined type 'System.Object' is not defined or imported
C:\gh\azure-sdk-for-net\sdk\mgmtcommon\TestFramework\TestFramework.Tests\Authentication\Subscription.cs(53,17): error CS0103: The name 'Assert' does not exist in the current context
C:\gh\azure-sdk-for-net\sdk\mgmtcommon\TestFramework\TestFramework.Tests\Authentication\Subscription.cs(54,17): error CS0518: Predefined type 'System.Object' is not defined or imported
C:\gh\azure-sdk-for-net\sdk\mgmtcommon\TestFramework\TestFramework.Tests\Authentication\Subscription.cs(54,17): error CS0103: The name 'Assert' does not exist in the current context
C:\gh\azure-sdk-for-net\sdk\mgmtcommon\TestFramework\TestFramework.Tests\Client\SimpleClient.cs(62,13): error CS0518: Predefined type 'System.String' is not defined or imported
C:\gh\azure-sdk-for-net\sdk\mgmtcommon\TestFramework\TestFramework.Tests\Client\SimpleClient.cs(62,53): error CS0518: Predefined type 'System.String' is not defined or imported
C:\gh\azure-sdk-for-net\sdk\mgmtcommon\TestFramework\TestFramework.Tests\Client\SimpleClient.cs(62,94): error CS0518: Predefined type 'System.String' is not defined or imported
C:\gh\azure-sdk-for-net\sdk\mgmtcommon\TestFramework\TestFramework.Tests\Client\SimpleClient.cs(65,13): error CS0518: Predefined type 'System.Object' is not defined or imported
C:\gh\azure-sdk-for-net\sdk\mgmtcommon\TestFramework\TestFramework.Tests\Client\SimpleClient.cs(65,13): error CS0246: The type or namespace name 'HttpRequestMessage' could not be found (are you missing a using directive or an assembly reference?)
C:\gh\azure-sdk-for-net\sdk\mgmtcommon\TestFramework\TestFramework.Tests\Client\SimpleClient.cs(67,31): error CS0518: Predefined type 'System.Object' is not defined or imported
C:\gh\azure-sdk-for-net\sdk\mgmtcommon\TestFramework\TestFramework.Tests\Client\SimpleClient.cs(67,31): error CS0246: The type or namespace name 'HttpRequestMessage' could not be found (are you missing a using directive or an assembly reference?)
C:\gh\azure-sdk-for-net\sdk\mgmtcommon\TestFramework\TestFramework.Tests\Client\SimpleClient.cs(68,34): error CS0518: Predefined type 'System.Object' is not defined or imported
C:\gh\azure-sdk-for-net\sdk\mgmtcommon\TestFramework\TestFramework.Tests\Client\SimpleClient.cs(68,34): error CS0103: The name 'HttpMethod' does not exist in the current context
C:\gh\azure-sdk-for-net\sdk\mgmtcommon\TestFramework\TestFramework.Tests\Client\SimpleClient.cs(69,42): error CS0518: Predefined type 'System.Object' is not defined or imported
C:\gh\azure-sdk-for-net\sdk\mgmtcommon\TestFramework\TestFramework.Tests\Client\SimpleClient.cs(69,42): error CS0246: The type or namespace name 'Uri' could not be found (are you missing a using directive or an assembly reference?)
C:\gh\azure-sdk-for-net\sdk\mgmtcommon\TestFramework\TestFramework.Tests\Client\SimpleClient.cs(75,41): error CS0518: Predefined type 'System.Object' is not defined or imported
C:\gh\azure-sdk-for-net\sdk\mgmtcommon\TestFramework\TestFramework.Tests\Client\SimpleClient.cs(75,41): error CS0246: The type or namespace name 'CancellationToken' could not be found (are you missing a using directive or an assembly reference?)
C:\gh\azure-sdk-for-net\sdk\mgmtcommon\TestFramework\TestFramework.Tests\Client\SimpleClient.cs(77,101): error CS0518: Predefined type 'System.Boolean' is not defined or imported
C:\gh\azure-sdk-for-net\sdk\mgmtcommon\TestFramework\TestFramework.Tests\Client\SimpleClient.cs(78,25): error CS0518: Predefined type 'System.Object' is not defined or imported
C:\gh\azure-sdk-for-net\sdk\mgmtcommon\TestFramework\TestFramework.Tests\Client\SimpleClient.cs(78,25): error CS1061: 'SimpleClient' does not contain a definition for 'HttpClient' and no accessible extension method 'HttpClient' accepting a first argument of type 'SimpleClient' could be found (are you missing a using directive or an assembly reference?)
C:\gh\azure-sdk-for-net\sdk\mgmtcommon\TestFramework\TestFramework.Tests\Client\SimpleClient.cs(84,29): error CS0518: Predefined type 'System.Object' is not defined or imported
C:\gh\azure-sdk-for-net\sdk\mgmtcommon\TestFramework\TestFramework.Tests\Client\SimpleClient.cs(84,29): error CS0246: The type or namespace name 'NotImplementedException' could not be found (are you missing a using directive or an assembly reference?)
C:\gh\azure-sdk-for-net\sdk\mgmtcommon\TestFramework\TestFramework.Tests\TestEnvironment\TestEnvironmentTests.cs(47,13): error CS0518: Predefined type 'System.String' is not defined or imported
C:\gh\azure-sdk-for-net\sdk\mgmtcommon\TestFramework\TestFramework.Tests\TestEnvironment\TestEnvironmentTests.cs(47,29): error CS0518: Predefined type 'System.String' is not defined or imported
C:\gh\azure-sdk-for-net\sdk\mgmtcommon\TestFramework\TestFramework.Tests\TestEnvironment\TestEnvironmentTests.cs(48,17): error CS0518: Predefined type 'System.String' is not defined or imported
C:\gh\azure-sdk-for-net\sdk\mgmtcommon\TestFramework\TestFramework.Tests\TestEnvironment\TestEnvironmentTests.cs(49,17): error CS0518: Predefined type 'System.String' is not defined or imported
C:\gh\azure-sdk-for-net\sdk\mgmtcommon\TestFramework\TestFramework.Tests\TestEnvironment\TestEnvironmentTests.cs(50,17): error CS0518: Predefined type 'System.String' is not defined or imported
C:\gh\azure-sdk-for-net\sdk\mgmtcommon\TestFramework\TestFramework.Tests\TestEnvironment\TestEnvironmentTests.cs(51,17): error CS0518: Predefined type 'System.String' is not defined or imported
C:\gh\azure-sdk-for-net\sdk\mgmtcommon\TestFramework\TestFramework.Tests\TestEnvironment\TestEnvironmentTests.cs(52,17): error CS0518: Predefined type 'System.String' is not defined or imported
C:\gh\azure-sdk-for-net\sdk\mgmtcommon\TestFramework\TestFramework.Tests\TestEnvironment\TestEnvironmentTests.cs(54,13): error CS0518: Predefined type 'System.Object' is not defined or imported
C:\gh\azure-sdk-for-net\sdk\mgmtcommon\TestFramework\TestFramework.Tests\TestEnvironment\TestEnvironmentTests.cs(54,13): error CS0103: The name 'Environment' does not exist in the current context
C:\gh\azure-sdk-for-net\sdk\mgmtcommon\TestFramework\TestFramework.Tests\TestEnvironment\TestEnvironmentTests.cs(54,48): error CS0518: Predefined type 'System.String' is not defined or imported
C:\gh\azure-sdk-for-net\sdk\mgmtcommon\TestFramework\TestFramework.Tests\TestEnvironment\TestEnvironmentTests.cs(55,13): error CS0518: Predefined type 'System.Object' is not defined or imported
C:\gh\azure-sdk-for-net\sdk\mgmtcommon\TestFramework\TestFramework.Tests\TestEnvironment\TestEnvironmentTests.cs(55,28): error CS0518: Predefined type 'System.Void' is not defined or imported
C:\gh\azure-sdk-for-net\sdk\mgmtcommon\TestFramework\TestFramework.Tests\TestEnvironment\TestEnvironmentTests.cs(55,35): error CS0518: Predefined type 'System.Object' is not defined or imported
C:\gh\azure-sdk-for-net\sdk\mgmtcommon\TestFramework\TestFramework.Tests\TestEnvironment\TestEnvironmentTests.cs(56,13): error CS0518: Predefined type 'System.Object' is not defined or imported
C:\gh\azure-sdk-for-net\sdk\mgmtcommon\TestFramework\TestFramework.Tests\TestEnvironment\TestEnvironmentTests.cs(56,35): error CS0518: Predefined type 'System.Object' is not defined or imported
C:\gh\azure-sdk-for-net\sdk\mgmtcommon\TestFramework\TestFramework.Tests\TestEnvironment\TestEnvironmentTests.cs(56,58): error CS0518: Predefined type 'System.Object' is not defined or imported
C:\gh\azure-sdk-for-net\sdk\mgmtcommon\TestFramework\TestFramework.Tests\TestEnvironment\TestEnvironmentTests.cs(57,13): error CS0518: Predefined type 'System.String' is not defined or imported
C:\gh\azure-sdk-for-net\sdk\mgmtcommon\TestFramework\TestFramework.Tests\TestEnvironment\TestEnvironmentTests.cs(57,67): error CS0518: Predefined type 'System.Object' is not defined or imported
C:\gh\azure-sdk-for-net\sdk\mgmtcommon\TestFramework\TestFramework.Tests\TestEnvironment\TestEnvironmentTests.cs(58,13): error CS0518: Predefined type 'System.String' is not defined or imported
C:\gh\azure-sdk-for-net\sdk\mgmtcommon\TestFramework\TestFramework.Tests\TestEnvironment\TestEnvironmentTests.cs(58,67): error CS0518: Predefined type 'System.Object' is not defined or imported
C:\gh\azure-sdk-for-net\sdk\mgmtcommon\TestFramework\TestFramework.Tests\TestEnvironment\TestEnvironmentTests.cs(59,13): error CS0518: Predefined type 'System.String' is not defined or imported
C:\gh\azure-sdk-for-net\sdk\mgmtcommon\TestFramework\TestFramework.Tests\TestEnvironment\TestEnvironmentTests.cs(59,66): error CS0518: Predefined type 'System.Object' is not defined or imported
C:\gh\azure-sdk-for-net\sdk\mgmtcommon\TestFramework\TestFramework.Tests\TestEnvironment\TestEnvironmentTests.cs(61,13): error CS0518: Predefined type 'System.Object' is not defined or imported
C:\gh\azure-sdk-for-net\sdk\mgmtcommon\TestFramework\TestFramework.Tests\TestEnvironment\TestEnvironmentTests.cs(61,13): error CS0103: The name 'Assert' does not exist in the current context
C:\gh\azure-sdk-for-net\sdk\mgmtcommon\TestFramework\TestFramework.Tests\TestEnvironment\TestEnvironmentTests.cs(61,26): error CS0518: Predefined type 'System.String' is not defined or imported
C:\gh\azure-sdk-for-net\sdk\mgmtcommon\TestFramework\TestFramework.Tests\TestEnvironment\TestEnvironmentTests.cs(61,34): error CS0518: Predefined type 'System.String' is not defined or imported
C:\gh\azure-sdk-for-net\sdk\mgmtcommon\TestFramework\TestFramework.Tests\TestEnvironment\TestEnvironmentTests.cs(62,13): error CS0518: Predefined type 'System.Object' is not defined or imported
C:\gh\azure-sdk-for-net\sdk\mgmtcommon\TestFramework\TestFramework.Tests\TestEnvironment\TestEnvironmentTests.cs(62,13): error CS0103: The name 'Assert' does not exist in the current context
C:\gh\azure-sdk-for-net\sdk\mgmtcommon\TestFramework\TestFramework.Tests\TestEnvironment\TestEnvironmentTests.cs(62,26): error CS0518: Predefined type 'System.String' is not defined or imported
C:\gh\azure-sdk-for-net\sdk\mgmtcommon\TestFramework\TestFramework.Tests\TestEnvironment\TestEnvironmentTests.cs(62,34): error CS0518: Predefined type 'System.String' is not defined or imported
C:\gh\azure-sdk-for-net\sdk\mgmtcommon\TestFramework\TestFramework.Tests\TestEnvironment\TestEnvironmentTests.cs(63,13): error CS0518: Predefined type 'System.Object' is not defined or imported
C:\gh\azure-sdk-for-net\sdk\mgmtcommon\TestFramework\TestFramework.Tests\TestEnvironment\TestEnvironmentTests.cs(63,13): error CS0103: The name 'Assert' does not exist in the current context
C:\gh\azure-sdk-for-net\sdk\mgmtcommon\TestFramework\TestFramework.Tests\TestEnvironment\TestEnvironmentTests.cs(63,26): error CS0518: Predefined type 'System.String' is not defined or imported
C:\gh\azure-sdk-for-net\sdk\mgmtcommon\TestFramework\TestFramework.Tests\TestEnvironment\TestEnvironmentTests.cs(63,34): error CS0518: Predefined type 'System.String' is not defined or imported
C:\gh\azure-sdk-for-net\sdk\mgmtcommon\TestFramework\TestFramework.Tests\TestEnvironment\ConnectionStringParseTests.cs(90,13): error CS0518: Predefined type 'System.String' is not defined or imported
C:\gh\azure-sdk-for-net\sdk\mgmtcommon\TestFramework\TestFramework.Tests\TestEnvironment\ConnectionStringParseTests.cs(90,42): error CS0518: Predefined type 'System.String' is not defined or imported
C:\gh\azure-sdk-for-net\sdk\mgmtcommon\TestFramework\TestFramework.Tests\TestEnvironment\ConnectionStringParseTests.cs(91,13): error CS0518: Predefined type 'System.Object' is not defined or imported
C:\gh\azure-sdk-for-net\sdk\mgmtcommon\TestFramework\TestFramework.Tests\TestEnvironment\ConnectionStringParseTests.cs(91,39): error CS0518: Predefined type 'System.Object' is not defined or imported
C:\gh\azure-sdk-for-net\sdk\mgmtcommon\TestFramework\TestFramework.Tests\TestEnvironment\ConnectionStringParseTests.cs(92,13): error CS0518: Predefined type 'System.Object' is not defined or imported
C:\gh\azure-sdk-for-net\sdk\mgmtcommon\TestFramework\TestFramework.Tests\TestEnvironment\ConnectionStringParseTests.cs(92,13): error CS0103: The name 'Assert' does not exist in the current context
C:\gh\azure-sdk-for-net\sdk\mgmtcommon\TestFramework\TestFramework.Tests\TestEnvironment\ConnectionStringParseTests.cs(92,26): error CS0518: Predefined type 'System.String' is not defined or imported
C:\gh\azure-sdk-for-net\sdk\mgmtcommon\TestFramework\TestFramework.Tests\TestEnvironment\ConnectionStringParseTests.cs(95,13): error CS0518: Predefined type 'System.Object' is not defined or imported
C:\gh\azure-sdk-for-net\sdk\mgmtcommon\TestFramework\TestFramework.Tests\TestEnvironment\ConnectionStringParseTests.cs(95,13): error CS0103: The name 'Assert' does not exist in the current context
C:\gh\azure-sdk-for-net\sdk\mgmtcommon\TestFramework\TestFramework.Tests\TestEnvironment\ConnectionStringParseTests.cs(95,29): error CS0518: Predefined type 'System.String' is not defined or imported
C:\gh\azure-sdk-for-net\sdk\mgmtcommon\TestFramework\TestFramework.Tests\TestEnvironment\ConnectionStringParseTests.cs(95,60): error CS0518: Predefined type 'System.String' is not defined or imported
C:\gh\azure-sdk-for-net\sdk\mgmtcommon\TestFramework\TestFramework.Tests\TestEnvironment\ConnectionStringParseTests.cs(96,13): error CS0518: Predefined type 'System.Object' is not defined or imported
C:\gh\azure-sdk-for-net\sdk\mgmtcommon\TestFramework\TestFramework.Tests\TestEnvironment\ConnectionStringParseTests.cs(96,13): error CS0103: The name 'Assert' does not exist in the current context
C:\gh\azure-sdk-for-net\sdk\mgmtcommon\TestFramework\TestFramework.Tests\TestEnvironment\ConnectionStringParseTests.cs(96,29): error CS0518: Predefined type 'System.String' is not defined or imported
C:\gh\azure-sdk-for-net\sdk\mgmtcommon\TestFramework\TestFramework.Tests\TestEnvironment\ConnectionStringParseTests.cs(96,60): error CS0518: Predefined type 'System.String' is not defined or imported
C:\gh\azure-sdk-for-net\sdk\mgmtcommon\TestFramework\TestFramework.Tests\TestEnvironment\ConnectionStringParseTests.cs(97,13): error CS0518: Predefined type 'System.Object' is not defined or imported
C:\gh\azure-sdk-for-net\sdk\mgmtcommon\TestFramework\TestFramework.Tests\TestEnvironment\ConnectionStringParseTests.cs(97,13): error CS0103: The name 'Assert' does not exist in the current context
C:\gh\azure-sdk-for-net\sdk\mgmtcommon\TestFramework\TestFramework.Tests\TestEnvironment\ConnectionStringParseTests.cs(97,29): error CS0518: Predefined type 'System.String' is not defined or imported
C:\gh\azure-sdk-for-net\sdk\mgmtcommon\TestFramework\TestFramework.Tests\TestEnvironment\ConnectionStringParseTests.cs(97,60): error CS0518: Predefined type 'System.String' is not defined or imported
C:\gh\azure-sdk-for-net\sdk\mgmtcommon\TestFramework\TestFramework.Tests\TestEnvironment\ConnectionStringParseTests.cs(98,13): error CS0518: Predefined type 'System.Object' is not defined or imported
C:\gh\azure-sdk-for-net\sdk\mgmtcommon\TestFramework\TestFramework.Tests\TestEnvironment\ConnectionStringParseTests.cs(98,13): error CS0103: The name 'Assert' does not exist in the current context
C:\gh\azure-sdk-for-net\sdk\mgmtcommon\TestFramework\TestFramework.Tests\TestEnvironment\ConnectionStringParseTests.cs(98,29): error CS0518: Predefined type 'System.String' is not defined or imported
C:\gh\azure-sdk-for-net\sdk\mgmtcommon\TestFramework\TestFramework.Tests\TestEnvironment\ConnectionStringParseTests.cs(98,60): error CS0518: Predefined type 'System.String' is not defined or imported
C:\gh\azure-sdk-for-net\sdk\mgmtcommon\TestFramework\TestFramework.Tests\Client\SimpleClient.cs(89,29): error CS0518: Predefined type 'System.Object' is not defined or imported
C:\gh\azure-sdk-for-net\sdk\mgmtcommon\TestFramework\TestFramework.Tests\Client\SimpleClient.cs(89,29): error CS0246: The type or namespace name 'NotImplementedException' could not be found (are you missing a using directive or an assembly reference?)
C:\gh\azure-sdk-for-net\sdk\mgmtcommon\TestFramework\TestFramework.Tests\Authentication\Subscription.cs(61,13): error CS0518: Predefined type 'System.Object' is not defined or imported
C:\gh\azure-sdk-for-net\sdk\mgmtcommon\TestFramework\TestFramework.Tests\Authentication\Subscription.cs(61,28): error CS0518: Predefined type 'System.Void' is not defined or imported
C:\gh\azure-sdk-for-net\sdk\mgmtcommon\TestFramework\TestFramework.Tests\Authentication\Subscription.cs(61,35): error CS0518: Predefined type 'System.Object' is not defined or imported
C:\gh\azure-sdk-for-net\sdk\mgmtcommon\TestFramework\TestFramework.Tests\Authentication\Subscription.cs(62,13): error CS0518: Predefined type 'System.Object' is not defined or imported
C:\gh\azure-sdk-for-net\sdk\mgmtcommon\TestFramework\TestFramework.Tests\Authentication\Subscription.cs(62,13): error CS0103: The name 'Environment' does not exist in the current context
C:\gh\azure-sdk-for-net\sdk\mgmtcommon\TestFramework\TestFramework.Tests\Authentication\Subscription.cs(62,48): error CS0518: Predefined type 'System.String' is not defined or imported
C:\gh\azure-sdk-for-net\sdk\mgmtcommon\TestFramework\TestFramework.Tests\Authentication\Subscription.cs(62,74): error CS0518: Predefined type 'System.String' is not defined or imported
C:\gh\azure-sdk-for-net\sdk\mgmtcommon\TestFramework\TestFramework.Tests\Authentication\Subscription.cs(63,13): error CS0518: Predefined type 'System.Object' is not defined or imported
C:\gh\azure-sdk-for-net\sdk\mgmtcommon\TestFramework\TestFramework.Tests\Authentication\Subscription.cs(63,13): error CS0103: The name 'Environment' does not exist in the current context
C:\gh\azure-sdk-for-net\sdk\mgmtcommon\TestFramework\TestFramework.Tests\Authentication\Subscription.cs(63,48): error CS0518: Predefined type 'System.String' is not defined or imported
C:\gh\azure-sdk-for-net\sdk\mgmtcommon\TestFramework\TestFramework.Tests\Authentication\Subscription.cs(63,77): error CS0518: Predefined type 'System.String' is not defined or imported
C:\gh\azure-sdk-for-net\sdk\mgmtcommon\TestFramework\TestFramework.Tests\Authentication\Subscription.cs(64,13): error CS0518: Predefined type 'System.Object' is not defined or imported
C:\gh\azure-sdk-for-net\sdk\mgmtcommon\TestFramework\TestFramework.Tests\Authentication\Subscription.cs(64,13): error CS0103: The name 'Environment' does not exist in the current context
C:\gh\azure-sdk-for-net\sdk\mgmtcommon\TestFramework\TestFramework.Tests\Authentication\Subscription.cs(64,48): error CS0518: Predefined type 'System.String' is not defined or imported
C:\gh\azure-sdk-for-net\sdk\mgmtcommon\TestFramework\TestFramework.Tests\Authentication\Subscription.cs(64,81): error CS0518: Predefined type 'System.String' is not defined or imported
C:\gh\azure-sdk-for-net\sdk\mgmtcommon\TestFramework\TestFramework.Tests\Authentication\Subscription.cs(65,13): error CS0518: Predefined type 'System.Object' is not defined or imported
C:\gh\azure-sdk-for-net\sdk\mgmtcommon\TestFramework\TestFramework.Tests\Authentication\Subscription.cs(65,43): error CS0518: Predefined type 'System.Object' is not defined or imported
C:\gh\azure-sdk-for-net\sdk\mgmtcommon\TestFramework\TestFramework.Tests\Authentication\Subscription.cs(66,31): error CS0518: Predefined type 'System.Object' is not defined or imported
C:\gh\azure-sdk-for-net\sdk\mgmtcommon\TestFramework\TestFramework.Tests\Authentication\Subscription.cs(66,54): error CS0518: Predefined type 'System.Object' is not defined or imported
C:\gh\azure-sdk-for-net\sdk\mgmtcommon\TestFramework\TestFramework.Tests\Authentication\Subscription.cs(67,13): error CS0518: Predefined type 'System.Object' is not defined or imported
C:\gh\azure-sdk-for-net\sdk\mgmtcommon\TestFramework\TestFramework.Tests\Authentication\Subscription.cs(67,13): error CS0103: The name 'Assert' does not exist in the current context
C:\gh\azure-sdk-for-net\sdk\mgmtcommon\TestFramework\TestFramework.Tests\Authentication\Subscription.cs(67,26): error CS0518: Predefined type 'System.String' is not defined or imported
C:\gh\azure-sdk-for-net\sdk\mgmtcommon\TestFramework\TestFramework.Tests\Authentication\Subscription.cs(68,13): error CS0518: Predefined type 'System.Object' is not defined or imported
C:\gh\azure-sdk-for-net\sdk\mgmtcommon\TestFramework\TestFramework.Tests\Authentication\Subscription.cs(68,13): error CS0103: The name 'Assert' does not exist in the current context
C:\gh\azure-sdk-for-net\sdk\mgmtcommon\TestFramework\TestFramework.Tests\Authentication\Subscription.cs(68,47): error CS0518: Predefined type 'System.Object' is not defined or imported
C:\gh\azure-sdk-for-net\sdk\mgmtcommon\TestFramework\TestFramework.Tests\TestEnvironment\ConnectionStringParseTests.cs(105,13): error CS0518: Predefined type 'System.String' is not defined or imported
C:\gh\azure-sdk-for-net\sdk\mgmtcommon\TestFramework\TestFramework.Tests\TestEnvironment\ConnectionStringParseTests.cs(105,39): error CS0518: Predefined type 'System.String' is not defined or imported
C:\gh\azure-sdk-for-net\sdk\mgmtcommon\TestFramework\TestFramework.Tests\TestEnvironment\ConnectionStringParseTests.cs(106,21): error CS0518: Predefined type 'System.Object' is not defined or imported
C:\gh\azure-sdk-for-net\sdk\mgmtcommon\TestFramework\TestFramework.Tests\TestEnvironment\ConnectionStringParseTests.cs(107,13): error CS0518: Predefined type 'System.Object' is not defined or imported
C:\gh\azure-sdk-for-net\sdk\mgmtcommon\TestFramework\TestFramework.Tests\TestEnvironment\ConnectionStringParseTests.cs(107,13): error CS0103: The name 'Assert' does not exist in the current context
C:\gh\azure-sdk-for-net\sdk\mgmtcommon\TestFramework\TestFramework.Tests\TestEnvironment\ConnectionStringParseTests.cs(107,26): error CS0518: Predefined type 'System.String' is not defined or imported
C:\gh\azure-sdk-for-net\sdk\mgmtcommon\TestFramework\TestFramework.Tests\TestEnvironment\ConnectionStringParseTests.cs(109,13): error CS0518: Predefined type 'System.Object' is not defined or imported
C:\gh\azure-sdk-for-net\sdk\mgmtcommon\TestFramework\TestFramework.Tests\TestEnvironment\ConnectionStringParseTests.cs(109,13): error CS0103: The name 'Assert' does not exist in the current context
C:\gh\azure-sdk-for-net\sdk\mgmtcommon\TestFramework\TestFramework.Tests\TestEnvironment\ConnectionStringParseTests.cs(109,29): error CS0518: Predefined type 'System.String' is not defined or imported
C:\gh\azure-sdk-for-net\sdk\mgmtcommon\TestFramework\TestFramework.Tests\TestEnvironment\ConnectionStringParseTests.cs(109,65): error CS0518: Predefined type 'System.String' is not defined or imported
C:\gh\azure-sdk-for-net\sdk\mgmtcommon\TestFramework\TestFramework.Tests\TestEnvironment\ConnectionStringParseTests.cs(110,13): error CS0518: Predefined type 'System.Object' is not defined or imported
C:\gh\azure-sdk-for-net\sdk\mgmtcommon\TestFramework\TestFramework.Tests\TestEnvironment\ConnectionStringParseTests.cs(110,13): error CS0103: The name 'Assert' does not exist in the current context
C:\gh\azure-sdk-for-net\sdk\mgmtcommon\TestFramework\TestFramework.Tests\TestEnvironment\ConnectionStringParseTests.cs(110,29): error CS0518: Predefined type 'System.String' is not defined or imported
C:\gh\azure-sdk-for-net\sdk\mgmtcommon\TestFramework\TestFramework.Tests\TestEnvironment\ConnectionStringParseTests.cs(110,65): error CS0518: Predefined type 'System.String' is not defined or imported
C:\gh\azure-sdk-for-net\sdk\mgmtcommon\TestFramework\TestFramework.Tests\Authentication\Subscription.cs(74,13): error CS0518: Predefined type 'System.Object' is not defined or imported
C:\gh\azure-sdk-for-net\sdk\mgmtcommon\TestFramework\TestFramework.Tests\Authentication\Subscription.cs(74,13): error CS0103: The name 'Environment' does not exist in the current context
C:\gh\azure-sdk-for-net\sdk\mgmtcommon\TestFramework\TestFramework.Tests\Authentication\Subscription.cs(74,48): error CS0518: Predefined type 'System.String' is not defined or imported
C:\gh\azure-sdk-for-net\sdk\mgmtcommon\TestFramework\TestFramework.Tests\Authentication\Subscription.cs(74,74): error CS0518: Predefined type 'System.String' is not defined or imported
C:\gh\azure-sdk-for-net\sdk\mgmtcommon\TestFramework\TestFramework.Tests\Authentication\Subscription.cs(75,13): error CS0518: Predefined type 'System.Object' is not defined or imported
C:\gh\azure-sdk-for-net\sdk\mgmtcommon\TestFramework\TestFramework.Tests\Authentication\Subscription.cs(75,13): error CS0103: The name 'Environment' does not exist in the current context
C:\gh\azure-sdk-for-net\sdk\mgmtcommon\TestFramework\TestFramework.Tests\Authentication\Subscription.cs(75,48): error CS0518: Predefined type 'System.String' is not defined or imported
C:\gh\azure-sdk-for-net\sdk\mgmtcommon\TestFramework\TestFramework.Tests\Authentication\Subscription.cs(75,77): error CS0518: Predefined type 'System.String' is not defined or imported
C:\gh\azure-sdk-for-net\sdk\mgmtcommon\TestFramework\TestFramework.Tests\Authentication\Subscription.cs(76,13): error CS0518: Predefined type 'System.Object' is not defined or imported
C:\gh\azure-sdk-for-net\sdk\mgmtcommon\TestFramework\TestFramework.Tests\Authentication\Subscription.cs(76,13): error CS0103: The name 'Environment' does not exist in the current context
C:\gh\azure-sdk-for-net\sdk\mgmtcommon\TestFramework\TestFramework.Tests\Authentication\Subscription.cs(76,48): error CS0518: Predefined type 'System.String' is not defined or imported
C:\gh\azure-sdk-for-net\sdk\mgmtcommon\TestFramework\TestFramework.Tests\Authentication\Subscription.cs(76,81): error CS0518: Predefined type 'System.String' is not defined or imported
C:\gh\azure-sdk-for-net\sdk\mgmtcommon\TestFramework\TestFramework.Tests\Authentication\Subscription.cs(77,13): error CS0518: Predefined type 'System.Object' is not defined or imported
C:\gh\azure-sdk-for-net\sdk\mgmtcommon\TestFramework\TestFramework.Tests\Authentication\Subscription.cs(77,28): error CS0246: The type or namespace name 'DelegatingHandler' could not be found (are you missing a using directive or an assembly reference?)
C:\gh\azure-sdk-for-net\sdk\mgmtcommon\TestFramework\TestFramework.Tests\Authentication\Subscription.cs(77,28): error CS0518: Predefined type 'System.Object' is not defined or imported
C:\gh\azure-sdk-for-net\sdk\mgmtcommon\TestFramework\TestFramework.Tests\Authentication\Subscription.cs(77,39): error CS0518: Predefined type 'System.String' is not defined or imported
C:\gh\azure-sdk-for-net\sdk\mgmtcommon\TestFramework\TestFramework.Tests\Authentication\Subscription.cs(77,124): error CS0518: Predefined type 'System.String' is not defined or imported
C:\gh\azure-sdk-for-net\sdk\mgmtcommon\TestFramework\TestFramework.Tests\Authentication\Subscription.cs(77,13): error CS0518: Predefined type 'System.Void' is not defined or imported
C:\gh\azure-sdk-for-net\sdk\mgmtcommon\TestFramework\TestFramework.Tests\Authentication\Subscription.cs(78,13): error CS0518: Predefined type 'System.Object' is not defined or imported
C:\gh\azure-sdk-for-net\sdk\mgmtcommon\TestFramework\TestFramework.Tests\Authentication\Subscription.cs(78,28): error CS0518: Predefined type 'System.Void' is not defined or imported
C:\gh\azure-sdk-for-net\sdk\mgmtcommon\TestFramework\TestFramework.Tests\Authentication\Subscription.cs(78,35): error CS0518: Predefined type 'System.Object' is not defined or imported
C:\gh\azure-sdk-for-net\sdk\mgmtcommon\TestFramework\TestFramework.Tests\Authentication\Subscription.cs(79,31): error CS0518: Predefined type 'System.Object' is not defined or imported
C:\gh\azure-sdk-for-net\sdk\mgmtcommon\TestFramework\TestFramework.Tests\Authentication\Subscription.cs(79,54): error CS0518: Predefined type 'System.Object' is not defined or imported
C:\gh\azure-sdk-for-net\sdk\mgmtcommon\TestFramework\TestFramework.Tests\Authentication\Subscription.cs(80,13): error CS0518: Predefined type 'System.Object' is not defined or imported
C:\gh\azure-sdk-for-net\sdk\mgmtcommon\TestFramework\TestFramework.Tests\Authentication\Subscription.cs(80,13): error CS0103: The name 'Assert' does not exist in the current context
C:\gh\azure-sdk-for-net\sdk\mgmtcommon\TestFramework\TestFramework.Tests\Authentication\Subscription.cs(80,26): error CS0518: Predefined type 'System.String' is not defined or imported
C:\gh\azure-sdk-for-net\sdk\mgmtcommon\TestFramework\TestFramework.Tests\TestEnvironment\ConnectionStringParseTests.cs(117,13): error CS0518: Predefined type 'System.String' is not defined or imported
C:\gh\azure-sdk-for-net\sdk\mgmtcommon\TestFramework\TestFramework.Tests\TestEnvironment\ConnectionStringParseTests.cs(117,39): error CS0518: Predefined type 'System.String' is not defined or imported
C:\gh\azure-sdk-for-net\sdk\mgmtcommon\TestFramework\TestFramework.Tests\TestEnvironment\ConnectionStringParseTests.cs(118,21): error CS0518: Predefined type 'System.Object' is not defined or imported
C:\gh\azure-sdk-for-net\sdk\mgmtcommon\TestFramework\TestFramework.Tests\TestEnvironment\ConnectionStringParseTests.cs(119,13): error CS0518: Predefined type 'System.Object' is not defined or imported
C:\gh\azure-sdk-for-net\sdk\mgmtcommon\TestFramework\TestFramework.Tests\TestEnvironment\ConnectionStringParseTests.cs(119,13): error CS0103: The name 'Assert' does not exist in the current context
C:\gh\azure-sdk-for-net\sdk\mgmtcommon\TestFramework\TestFramework.Tests\TestEnvironment\ConnectionStringParseTests.cs(119,26): error CS0518: Predefined type 'System.String' is not defined or imported
C:\gh\azure-sdk-for-net\sdk\mgmtcommon\TestFramework\TestFramework.Tests\TestEnvironment\ConnectionStringParseTests.cs(122,13): error CS0518: Predefined type 'System.Object' is not defined or imported
C:\gh\azure-sdk-for-net\sdk\mgmtcommon\TestFramework\TestFramework.Tests\TestEnvironment\ConnectionStringParseTests.cs(122,13): error CS0103: The name 'Assert' does not exist in the current context
C:\gh\azure-sdk-for-net\sdk\mgmtcommon\TestFramework\TestFramework.Tests\TestEnvironment\ConnectionStringParseTests.cs(122,29): error CS0518: Predefined type 'System.String' is not defined or imported
C:\gh\azure-sdk-for-net\sdk\mgmtcommon\TestFramework\TestFramework.Tests\TestEnvironment\ConnectionStringParseTests.cs(122,65): error CS0518: Predefined type 'System.String' is not defined or imported
C:\gh\azure-sdk-for-net\sdk\mgmtcommon\TestFramework\TestFramework.Tests\TestEnvironment\ConnectionStringParseTests.cs(125,13): error CS0518: Predefined type 'System.Object' is not defined or imported
C:\gh\azure-sdk-for-net\sdk\mgmtcommon\TestFramework\TestFramework.Tests\TestEnvironment\ConnectionStringParseTests.cs(125,13): error CS0103: The name 'Assert' does not exist in the current context
C:\gh\azure-sdk-for-net\sdk\mgmtcommon\TestFramework\TestFramework.Tests\TestEnvironment\ConnectionStringParseTests.cs(125,26): error CS0518: Predefined type 'System.String' is not defined or imported
C:\gh\azure-sdk-for-net\sdk\mgmtcommon\TestFramework\TestFramework.Tests\TestEnvironment\ConnectionStringParseTests.cs(125,62): error CS0518: Predefined type 'System.String' is not defined or imported
C:\gh\azure-sdk-for-net\sdk\mgmtcommon\TestFramework\TestFramework.Tests\TestEnvironment\TestEnvironmentTests.cs(76,13): error CS0518: Predefined type 'System.Object' is not defined or imported
C:\gh\azure-sdk-for-net\sdk\mgmtcommon\TestFramework\TestFramework.Tests\TestEnvironment\TestEnvironmentTests.cs(76,13): error CS0103: The name 'Environment' does not exist in the current context
C:\gh\azure-sdk-for-net\sdk\mgmtcommon\TestFramework\TestFramework.Tests\TestEnvironment\TestEnvironmentTests.cs(76,48): error CS0518: Predefined type 'System.String' is not defined or imported
C:\gh\azure-sdk-for-net\sdk\mgmtcommon\TestFramework\TestFramework.Tests\TestEnvironment\TestEnvironmentTests.cs(77,13): error CS0518: Predefined type 'System.Object' is not defined or imported
C:\gh\azure-sdk-for-net\sdk\mgmtcommon\TestFramework\TestFramework.Tests\TestEnvironment\TestEnvironmentTests.cs(77,28): error CS0518: Predefined type 'System.Void' is not defined or imported
C:\gh\azure-sdk-for-net\sdk\mgmtcommon\TestFramework\TestFramework.Tests\TestEnvironment\TestEnvironmentTests.cs(77,35): error CS0518: Predefined type 'System.Object' is not defined or imported
C:\gh\azure-sdk-for-net\sdk\mgmtcommon\TestFramework\TestFramework.Tests\TestEnvironment\TestEnvironmentTests.cs(78,13): error CS0518: Predefined type 'System.Object' is not defined or imported
C:\gh\azure-sdk-for-net\sdk\mgmtcommon\TestFramework\TestFramework.Tests\TestEnvironment\TestEnvironmentTests.cs(78,35): error CS0518: Predefined type 'System.Object' is not defined or imported
C:\gh\azure-sdk-for-net\sdk\mgmtcommon\TestFramework\TestFramework.Tests\TestEnvironment\TestEnvironmentTests.cs(78,58): error CS0518: Predefined type 'System.Object' is not defined or imported
C:\gh\azure-sdk-for-net\sdk\mgmtcommon\TestFramework\TestFramework.Tests\TestEnvironment\TestEnvironmentTests.cs(79,13): error CS0518: Predefined type 'System.String' is not defined or imported
C:\gh\azure-sdk-for-net\sdk\mgmtcommon\TestFramework\TestFramework.Tests\TestEnvironment\TestEnvironmentTests.cs(80,13): error CS0518: Predefined type 'System.String' is not defined or imported
C:\gh\azure-sdk-for-net\sdk\mgmtcommon\TestFramework\TestFramework.Tests\TestEnvironment\TestEnvironmentTests.cs(81,13): error CS0518: Predefined type 'System.String' is not defined or imported
C:\gh\azure-sdk-for-net\sdk\mgmtcommon\TestFramework\TestFramework.Tests\TestEnvironment\TestEnvironmentTests.cs(83,13): error CS0518: Predefined type 'System.Object' is not defined or imported
C:\gh\azure-sdk-for-net\sdk\mgmtcommon\TestFramework\TestFramework.Tests\TestEnvironment\TestEnvironmentTests.cs(83,13): error CS0103: The name 'Assert' does not exist in the current context
C:\gh\azure-sdk-for-net\sdk\mgmtcommon\TestFramework\TestFramework.Tests\TestEnvironment\TestEnvironmentTests.cs(83,26): error CS0518: Predefined type 'System.String' is not defined or imported
C:\gh\azure-sdk-for-net\sdk\mgmtcommon\TestFramework\TestFramework.Tests\TestEnvironment\TestEnvironmentTests.cs(83,34): error CS0518: Predefined type 'System.String' is not defined or imported
C:\gh\azure-sdk-for-net\sdk\mgmtcommon\TestFramework\TestFramework.Tests\TestEnvironment\TestEnvironmentTests.cs(84,13): error CS0518: Predefined type 'System.Object' is not defined or imported
C:\gh\azure-sdk-for-net\sdk\mgmtcommon\TestFramework\TestFramework.Tests\TestEnvironment\TestEnvironmentTests.cs(84,13): error CS0103: The name 'Assert' does not exist in the current context
C:\gh\azure-sdk-for-net\sdk\mgmtcommon\TestFramework\TestFramework.Tests\TestEnvironment\TestEnvironmentTests.cs(84,26): error CS0518: Predefined type 'System.String' is not defined or imported
C:\gh\azure-sdk-for-net\sdk\mgmtcommon\TestFramework\TestFramework.Tests\TestEnvironment\TestEnvironmentTests.cs(84,34): error CS0518: Predefined type 'System.String' is not defined or imported
C:\gh\azure-sdk-for-net\sdk\mgmtcommon\TestFramework\TestFramework.Tests\TestEnvironment\TestEnvironmentTests.cs(85,13): error CS0518: Predefined type 'System.Object' is not defined or imported
C:\gh\azure-sdk-for-net\sdk\mgmtcommon\TestFramework\TestFramework.Tests\TestEnvironment\TestEnvironmentTests.cs(85,13): error CS0103: The name 'Assert' does not exist in the current context
C:\gh\azure-sdk-for-net\sdk\mgmtcommon\TestFramework\TestFramework.Tests\TestEnvironment\TestEnvironmentTests.cs(85,26): error CS0518: Predefined type 'System.String' is not defined or imported
C:\gh\azure-sdk-for-net\sdk\mgmtcommon\TestFramework\TestFramework.Tests\TestEnvironment\TestEnvironmentTests.cs(85,34): error CS0518: Predefined type 'System.String' is not defined or imported
C:\gh\azure-sdk-for-net\sdk\mgmtcommon\TestFramework\TestFramework.Tests\TestEnvironment\ConnectionStringParseTests.cs(135,13): error CS0518: Predefined type 'System.String' is not defined or imported
C:\gh\azure-sdk-for-net\sdk\mgmtcommon\TestFramework\TestFramework.Tests\TestEnvironment\ConnectionStringParseTests.cs(135,39): error CS0518: Predefined type 'System.String' is not defined or imported
C:\gh\azure-sdk-for-net\sdk\mgmtcommon\TestFramework\TestFramework.Tests\TestEnvironment\ConnectionStringParseTests.cs(136,21): error CS0518: Predefined type 'System.Object' is not defined or imported
C:\gh\azure-sdk-for-net\sdk\mgmtcommon\TestFramework\TestFramework.Tests\TestEnvironment\ConnectionStringParseTests.cs(137,13): error CS0518: Predefined type 'System.Object' is not defined or imported
C:\gh\azure-sdk-for-net\sdk\mgmtcommon\TestFramework\TestFramework.Tests\TestEnvironment\ConnectionStringParseTests.cs(137,13): error CS0103: The name 'Assert' does not exist in the current context
C:\gh\azure-sdk-for-net\sdk\mgmtcommon\TestFramework\TestFramework.Tests\TestEnvironment\ConnectionStringParseTests.cs(137,26): error CS0518: Predefined type 'System.String' is not defined or imported
C:\gh\azure-sdk-for-net\sdk\mgmtcommon\TestFramework\TestFramework.Tests\TestEnvironment\ConnectionStringParseTests.cs(140,13): error CS0518: Predefined type 'System.Object' is not defined or imported
C:\gh\azure-sdk-for-net\sdk\mgmtcommon\TestFramework\TestFramework.Tests\TestEnvironment\ConnectionStringParseTests.cs(140,13): error CS0103: The name 'Assert' does not exist in the current context
C:\gh\azure-sdk-for-net\sdk\mgmtcommon\TestFramework\TestFramework.Tests\TestEnvironment\ConnectionStringParseTests.cs(140,29): error CS0518: Predefined type 'System.String' is not defined or imported
C:\gh\azure-sdk-for-net\sdk\mgmtcommon\TestFramework\TestFramework.Tests\TestEnvironment\ConnectionStringParseTests.cs(140,65): error CS0518: Predefined type 'System.String' is not defined or imported
C:\gh\azure-sdk-for-net\sdk\mgmtcommon\TestFramework\TestFramework.Tests\TestEnvironment\ConnectionStringParseTests.cs(143,13): error CS0518: Predefined type 'System.Object' is not defined or imported
C:\gh\azure-sdk-for-net\sdk\mgmtcommon\TestFramework\TestFramework.Tests\TestEnvironment\ConnectionStringParseTests.cs(143,13): error CS0103: The name 'Assert' does not exist in the current context
C:\gh\azure-sdk-for-net\sdk\mgmtcommon\TestFramework\TestFramework.Tests\TestEnvironment\ConnectionStringParseTests.cs(143,29): error CS0518: Predefined type 'System.String' is not defined or imported
C:\gh\azure-sdk-for-net\sdk\mgmtcommon\TestFramework\TestFramework.Tests\TestEnvironment\ConnectionStringParseTests.cs(143,62): error CS0518: Predefined type 'System.String' is not defined or imported
C:\gh\azure-sdk-for-net\sdk\mgmtcommon\TestFramework\TestFramework.Tests\TestEnvironment\ConnectionStringParseTests.cs(146,13): error CS0518: Predefined type 'System.Object' is not defined or imported
C:\gh\azure-sdk-for-net\sdk\mgmtcommon\TestFramework\TestFramework.Tests\TestEnvironment\ConnectionStringParseTests.cs(146,13): error CS0103: The name 'Assert' does not exist in the current context
C:\gh\azure-sdk-for-net\sdk\mgmtcommon\TestFramework\TestFramework.Tests\TestEnvironment\ConnectionStringParseTests.cs(146,26): error CS0518: Predefined type 'System.String' is not defined or imported
C:\gh\azure-sdk-for-net\sdk\mgmtcommon\TestFramework\TestFramework.Tests\TestEnvironment\ConnectionStringParseTests.cs(146,60): error CS0518: Predefined type 'System.String' is not defined or imported
C:\gh\azure-sdk-for-net\sdk\mgmtcommon\TestFramework\TestFramework.Tests\TestEnvironment\ConnectionStringParseTests.cs(148,13): error CS0518: Predefined type 'System.Object' is not defined or imported
C:\gh\azure-sdk-for-net\sdk\mgmtcommon\TestFramework\TestFramework.Tests\TestEnvironment\ConnectionStringParseTests.cs(148,13): error CS0103: The name 'Assert' does not exist in the current context
C:\gh\azure-sdk-for-net\sdk\mgmtcommon\TestFramework\TestFramework.Tests\TestEnvironment\ConnectionStringParseTests.cs(148,26): error CS0518: Predefined type 'System.String' is not defined or imported
C:\gh\azure-sdk-for-net\sdk\mgmtcommon\TestFramework\TestFramework.Tests\TestEnvironment\ConnectionStringParseTests.cs(148,63): error CS0518: Predefined type 'System.String' is not defined or imported
C:\gh\azure-sdk-for-net\sdk\mgmtcommon\TestFramework\TestFramework.Tests\Authentication\Subscription.cs(86,13): error CS0518: Predefined type 'System.Object' is not defined or imported
C:\gh\azure-sdk-for-net\sdk\mgmtcommon\TestFramework\TestFramework.Tests\Authentication\Subscription.cs(86,28): error CS0518: Predefined type 'System.Void' is not defined or imported
C:\gh\azure-sdk-for-net\sdk\mgmtcommon\TestFramework\TestFramework.Tests\Authentication\Subscription.cs(86,35): error CS0518: Predefined type 'System.Object' is not defined or imported
C:\gh\azure-sdk-for-net\sdk\mgmtcommon\TestFramework\TestFramework.Tests\Authentication\Subscription.cs(87,13): error CS0518: Predefined type 'System.Object' is not defined or imported
C:\gh\azure-sdk-for-net\sdk\mgmtcommon\TestFramework\TestFramework.Tests\Authentication\Subscription.cs(87,13): error CS0103: The name 'Environment' does not exist in the current context
C:\gh\azure-sdk-for-net\sdk\mgmtcommon\TestFramework\TestFramework.Tests\Authentication\Subscription.cs(87,48): error CS0518: Predefined type 'System.String' is not defined or imported
C:\gh\azure-sdk-for-net\sdk\mgmtcommon\TestFramework\TestFramework.Tests\Authentication\Subscription.cs(87,74): error CS0518: Predefined type 'System.String' is not defined or imported
C:\gh\azure-sdk-for-net\sdk\mgmtcommon\TestFramework\TestFramework.Tests\Authentication\Subscription.cs(88,13): error CS0518: Predefined type 'System.Object' is not defined or imported
C:\gh\azure-sdk-for-net\sdk\mgmtcommon\TestFramework\TestFramework.Tests\Authentication\Subscription.cs(88,13): error CS0103: The name 'Environment' does not exist in the current context
C:\gh\azure-sdk-for-net\sdk\mgmtcommon\TestFramework\TestFramework.Tests\Authentication\Subscription.cs(88,48): error CS0518: Predefined type 'System.String' is not defined or imported
C:\gh\azure-sdk-for-net\sdk\mgmtcommon\TestFramework\TestFramework.Tests\Authentication\Subscription.cs(88,77): error CS0518: Predefined type 'System.String' is not defined or imported
C:\gh\azure-sdk-for-net\sdk\mgmtcommon\TestFramework\TestFramework.Tests\Authentication\Subscription.cs(89,13): error CS0518: Predefined type 'System.Object' is not defined or imported
C:\gh\azure-sdk-for-net\sdk\mgmtcommon\TestFramework\TestFramework.Tests\Authentication\Subscription.cs(89,13): error CS0103: The name 'Environment' does not exist in the current context
C:\gh\azure-sdk-for-net\sdk\mgmtcommon\TestFramework\TestFramework.Tests\Authentication\Subscription.cs(89,48): error CS0518: Predefined type 'System.String' is not defined or imported
C:\gh\azure-sdk-for-net\sdk\mgmtcommon\TestFramework\TestFramework.Tests\Authentication\Subscription.cs(89,81): error CS0518: Predefined type 'System.String' is not defined or imported
C:\gh\azure-sdk-for-net\sdk\mgmtcommon\TestFramework\TestFramework.Tests\Authentication\Subscription.cs(90,13): error CS0518: Predefined type 'System.Object' is not defined or imported
C:\gh\azure-sdk-for-net\sdk\mgmtcommon\TestFramework\TestFramework.Tests\Authentication\Subscription.cs(90,43): error CS0518: Predefined type 'System.Object' is not defined or imported
C:\gh\azure-sdk-for-net\sdk\mgmtcommon\TestFramework\TestFramework.Tests\Authentication\Subscription.cs(91,31): error CS0518: Predefined type 'System.Object' is not defined or imported
C:\gh\azure-sdk-for-net\sdk\mgmtcommon\TestFramework\TestFramework.Tests\Authentication\Subscription.cs(91,54): error CS0518: Predefined type 'System.Object' is not defined or imported
C:\gh\azure-sdk-for-net\sdk\mgmtcommon\TestFramework\TestFramework.Tests\Authentication\Subscription.cs(92,13): error CS0518: Predefined type 'System.Object' is not defined or imported
C:\gh\azure-sdk-for-net\sdk\mgmtcommon\TestFramework\TestFramework.Tests\Authentication\Subscription.cs(92,13): error CS0103: The name 'Assert' does not exist in the current context
C:\gh\azure-sdk-for-net\sdk\mgmtcommon\TestFramework\TestFramework.Tests\Authentication\Subscription.cs(92,26): error CS0518: Predefined type 'System.String' is not defined or imported
C:\gh\azure-sdk-for-net\sdk\mgmtcommon\TestFramework\TestFramework.Tests\Authentication\Subscription.cs(93,13): error CS0518: Predefined type 'System.Object' is not defined or imported
C:\gh\azure-sdk-for-net\sdk\mgmtcommon\TestFramework\TestFramework.Tests\Authentication\Subscription.cs(93,13): error CS0103: The name 'Assert' does not exist in the current context
C:\gh\azure-sdk-for-net\sdk\mgmtcommon\TestFramework\TestFramework.Tests\Authentication\Subscription.cs(93,47): error CS0518: Predefined type 'System.Object' is not defined or imported
C:\gh\azure-sdk-for-net\sdk\mgmtcommon\TestFramework\TestFramework.Tests\Authentication\Subscription.cs(94,13): error CS0518: Predefined type 'System.Object' is not defined or imported
C:\gh\azure-sdk-for-net\sdk\mgmtcommon\TestFramework\TestFramework.Tests\Authentication\Subscription.cs(94,13): error CS0103: The name 'Assert' does not exist in the current context
C:\gh\azure-sdk-for-net\sdk\mgmtcommon\TestFramework\TestFramework.Tests\Authentication\Subscription.cs(94,26): error CS0518: Predefined type 'System.String' is not defined or imported
C:\gh\azure-sdk-for-net\sdk\mgmtcommon\TestFramework\TestFramework.Tests\TestEnvironment\TestEnvironmentTests.cs(97,13): error CS0518: Predefined type 'System.Object' is not defined or imported
C:\gh\azure-sdk-for-net\sdk\mgmtcommon\TestFramework\TestFramework.Tests\TestEnvironment\TestEnvironmentTests.cs(97,13): error CS0103: The name 'Environment' does not exist in the current context
C:\gh\azure-sdk-for-net\sdk\mgmtcommon\TestFramework\TestFramework.Tests\TestEnvironment\TestEnvironmentTests.cs(97,48): error CS0518: Predefined type 'System.String' is not defined or imported
C:\gh\azure-sdk-for-net\sdk\mgmtcommon\TestFramework\TestFramework.Tests\TestEnvironment\TestEnvironmentTests.cs(98,13): error CS0518: Predefined type 'System.Object' is not defined or imported
C:\gh\azure-sdk-for-net\sdk\mgmtcommon\TestFramework\TestFramework.Tests\TestEnvironment\TestEnvironmentTests.cs(98,28): error CS0518: Predefined type 'System.Void' is not defined or imported
C:\gh\azure-sdk-for-net\sdk\mgmtcommon\TestFramework\TestFramework.Tests\TestEnvironment\TestEnvironmentTests.cs(98,35): error CS0518: Predefined type 'System.Object' is not defined or imported
C:\gh\azure-sdk-for-net\sdk\mgmtcommon\TestFramework\TestFramework.Tests\TestEnvironment\TestEnvironmentTests.cs(99,13): error CS0518: Predefined type 'System.Object' is not defined or imported
C:\gh\azure-sdk-for-net\sdk\mgmtcommon\TestFramework\TestFramework.Tests\TestEnvironment\TestEnvironmentTests.cs(99,35): error CS0518: Predefined type 'System.Object' is not defined or imported
C:\gh\azure-sdk-for-net\sdk\mgmtcommon\TestFramework\TestFramework.Tests\TestEnvironment\TestEnvironmentTests.cs(99,58): error CS0518: Predefined type 'System.Object' is not defined or imported
C:\gh\azure-sdk-for-net\sdk\mgmtcommon\TestFramework\TestFramework.Tests\TestEnvironment\TestEnvironmentTests.cs(100,13): error CS0518: Predefined type 'System.String' is not defined or imported
C:\gh\azure-sdk-for-net\sdk\mgmtcommon\TestFramework\TestFramework.Tests\TestEnvironment\TestEnvironmentTests.cs(100,72): error CS0518: Predefined type 'System.Object' is not defined or imported
C:\gh\azure-sdk-for-net\sdk\mgmtcommon\TestFramework\TestFramework.Tests\TestEnvironment\TestEnvironmentTests.cs(101,13): error CS0518: Predefined type 'System.Object' is not defined or imported
C:\gh\azure-sdk-for-net\sdk\mgmtcommon\TestFramework\TestFramework.Tests\TestEnvironment\TestEnvironmentTests.cs(101,13): error CS0103: The name 'Assert' does not exist in the current context
C:\gh\azure-sdk-for-net\sdk\mgmtcommon\TestFramework\TestFramework.Tests\TestEnvironment\TestEnvironmentTests.cs(101,26): error CS0518: Predefined type 'System.String' is not defined or imported
C:\gh\azure-sdk-for-net\sdk\mgmtcommon\TestFramework\TestFramework.Tests\TestEnvironment\TestEnvironmentTests.cs(11,18): error CS1729: 'object' does not contain a constructor that takes 0 arguments
C:\gh\azure-sdk-for-net\sdk\mgmtcommon\TestFramework\TestFramework.Tests\TestEnvironment\ConnectionStringParseTests.cs(153,13): error CS0518: Predefined type 'System.String' is not defined or imported
C:\gh\azure-sdk-for-net\sdk\mgmtcommon\TestFramework\TestFramework.Tests\TestEnvironment\ConnectionStringParseTests.cs(153,32): error CS0518: Predefined type 'System.String' is not defined or imported
C:\gh\azure-sdk-for-net\sdk\mgmtcommon\TestFramework\TestFramework.Tests\TestEnvironment\ConnectionStringParseTests.cs(154,13): error CS0518: Predefined type 'System.String' is not defined or imported
C:\gh\azure-sdk-for-net\sdk\mgmtcommon\TestFramework\TestFramework.Tests\TestEnvironment\ConnectionStringParseTests.cs(154,37): error CS0518: Predefined type 'System.String' is not defined or imported
C:\gh\azure-sdk-for-net\sdk\mgmtcommon\TestFramework\TestFramework.Tests\TestEnvironment\ConnectionStringParseTests.cs(155,13): error CS0518: Predefined type 'System.String' is not defined or imported
C:\gh\azure-sdk-for-net\sdk\mgmtcommon\TestFramework\TestFramework.Tests\TestEnvironment\ConnectionStringParseTests.cs(155,41): error CS0518: Predefined type 'System.String' is not defined or imported
C:\gh\azure-sdk-for-net\sdk\mgmtcommon\TestFramework\TestFramework.Tests\TestEnvironment\ConnectionStringParseTests.cs(157,13): error CS0518: Predefined type 'System.Object' is not defined or imported
C:\gh\azure-sdk-for-net\sdk\mgmtcommon\TestFramework\TestFramework.Tests\TestEnvironment\ConnectionStringParseTests.cs(157,43): error CS0518: Predefined type 'System.Object' is not defined or imported
C:\gh\azure-sdk-for-net\sdk\mgmtcommon\TestFramework\TestFramework.Tests\TestEnvironment\ConnectionStringParseTests.cs(157,60): error CS0518: Predefined type 'System.String' is not defined or imported
C:\gh\azure-sdk-for-net\sdk\mgmtcommon\TestFramework\TestFramework.Tests\TestEnvironment\ConnectionStringParseTests.cs(158,13): error CS0518: Predefined type 'System.Object' is not defined or imported
C:\gh\azure-sdk-for-net\sdk\mgmtcommon\TestFramework\TestFramework.Tests\TestEnvironment\ConnectionStringParseTests.cs(158,13): error CS0246: The type or namespace name 'StringBuilder' could not be found (are you missing a using directive or an assembly reference?)
C:\gh\azure-sdk-for-net\sdk\mgmtcommon\TestFramework\TestFramework.Tests\TestEnvironment\ConnectionStringParseTests.cs(158,36): error CS0518: Predefined type 'System.Object' is not defined or imported
C:\gh\azure-sdk-for-net\sdk\mgmtcommon\TestFramework\TestFramework.Tests\TestEnvironment\ConnectionStringParseTests.cs(158,36): error CS0246: The type or namespace name 'StringBuilder' could not be found (are you missing a using directive or an assembly reference?)
C:\gh\azure-sdk-for-net\sdk\mgmtcommon\TestFramework\TestFramework.Tests\TestEnvironment\ConnectionStringParseTests.cs(159,21): error CS0518: Predefined type 'System.Object' is not defined or imported
C:\gh\azure-sdk-for-net\sdk\mgmtcommon\TestFramework\TestFramework.Tests\TestEnvironment\ConnectionStringParseTests.cs(159,21): error CS0246: The type or namespace name 'KeyValuePair<,>' could not be found (are you missing a using directive or an assembly reference?)
C:\gh\azure-sdk-for-net\sdk\mgmtcommon\TestFramework\TestFramework.Tests\TestEnvironment\ConnectionStringParseTests.cs(159,34): error CS0518: Predefined type 'System.String' is not defined or imported
C:\gh\azure-sdk-for-net\sdk\mgmtcommon\TestFramework\TestFramework.Tests\TestEnvironment\ConnectionStringParseTests.cs(159,42): error CS0518: Predefined type 'System.String' is not defined or imported
C:\gh\azure-sdk-for-net\sdk\mgmtcommon\TestFramework\TestFramework.Tests\TestEnvironment\ConnectionStringParseTests.cs(161,47): error CS0518: Predefined type 'System.String' is not defined or imported
C:\gh\azure-sdk-for-net\sdk\mgmtcommon\TestFramework\TestFramework.Tests\TestEnvironment\ConnectionStringParseTests.cs(161,21): error CS0518: Predefined type 'System.Boolean' is not defined or imported
C:\gh\azure-sdk-for-net\sdk\mgmtcommon\TestFramework\TestFramework.Tests\TestEnvironment\ConnectionStringParseTests.cs(163,37): error CS0518: Predefined type 'System.String' is not defined or imported
C:\gh\azure-sdk-for-net\sdk\mgmtcommon\TestFramework\TestFramework.Tests\TestEnvironment\ConnectionStringParseTests.cs(165,52): error CS0518: Predefined type 'System.String' is not defined or imported
C:\gh\azure-sdk-for-net\sdk\mgmtcommon\TestFramework\TestFramework.Tests\TestEnvironment\ConnectionStringParseTests.cs(165,26): error CS0518: Predefined type 'System.Boolean' is not defined or imported
C:\gh\azure-sdk-for-net\sdk\mgmtcommon\TestFramework\TestFramework.Tests\TestEnvironment\ConnectionStringParseTests.cs(167,37): error CS0518: Predefined type 'System.String' is not defined or imported
C:\gh\azure-sdk-for-net\sdk\mgmtcommon\TestFramework\TestFramework.Tests\TestEnvironment\ConnectionStringParseTests.cs(171,37): error CS0518: Predefined type 'System.String' is not defined or imported
C:\gh\azure-sdk-for-net\sdk\mgmtcommon\TestFramework\TestFramework.Tests\Authentication\Subscription.cs(100,13): error CS0518: Predefined type 'System.Object' is not defined or imported
C:\gh\azure-sdk-for-net\sdk\mgmtcommon\TestFramework\TestFramework.Tests\Authentication\Subscription.cs(100,13): error CS0103: The name 'Environment' does not exist in the current context
C:\gh\azure-sdk-for-net\sdk\mgmtcommon\TestFramework\TestFramework.Tests\Authentication\Subscription.cs(100,48): error CS0518: Predefined type 'System.String' is not defined or imported
C:\gh\azure-sdk-for-net\sdk\mgmtcommon\TestFramework\TestFramework.Tests\Authentication\Subscription.cs(100,67): error CS0518: Predefined type 'System.String' is not defined or imported
C:\gh\azure-sdk-for-net\sdk\mgmtcommon\TestFramework\TestFramework.Tests\Authentication\Subscription.cs(101,13): error CS0518: Predefined type 'System.Object' is not defined or imported
C:\gh\azure-sdk-for-net\sdk\mgmtcommon\TestFramework\TestFramework.Tests\Authentication\Subscription.cs(101,13): error CS0103: The name 'Environment' does not exist in the current context
C:\gh\azure-sdk-for-net\sdk\mgmtcommon\TestFramework\TestFramework.Tests\Authentication\Subscription.cs(101,48): error CS0518: Predefined type 'System.String' is not defined or imported
C:\gh\azure-sdk-for-net\sdk\mgmtcommon\TestFramework\TestFramework.Tests\Authentication\Subscription.cs(101,74): error CS0518: Predefined type 'System.String' is not defined or imported
C:\gh\azure-sdk-for-net\sdk\mgmtcommon\TestFramework\TestFramework.Tests\Authentication\Subscription.cs(102,13): error CS0518: Predefined type 'System.Object' is not defined or imported
C:\gh\azure-sdk-for-net\sdk\mgmtcommon\TestFramework\TestFramework.Tests\Authentication\Subscription.cs(102,13): error CS0103: The name 'Environment' does not exist in the current context
C:\gh\azure-sdk-for-net\sdk\mgmtcommon\TestFramework\TestFramework.Tests\Authentication\Subscription.cs(102,48): error CS0518: Predefined type 'System.String' is not defined or imported
C:\gh\azure-sdk-for-net\sdk\mgmtcommon\TestFramework\TestFramework.Tests\Authentication\Subscription.cs(102,77): error CS0518: Predefined type 'System.String' is not defined or imported
C:\gh\azure-sdk-for-net\sdk\mgmtcommon\TestFramework\TestFramework.Tests\Authentication\Subscription.cs(103,13): error CS0518: Predefined type 'System.Object' is not defined or imported
C:\gh\azure-sdk-for-net\sdk\mgmtcommon\TestFramework\TestFramework.Tests\Authentication\Subscription.cs(103,13): error CS0103: The name 'Environment' does not exist in the current context
C:\gh\azure-sdk-for-net\sdk\mgmtcommon\TestFramework\TestFramework.Tests\Authentication\Subscription.cs(103,48): error CS0518: Predefined type 'System.String' is not defined or imported
C:\gh\azure-sdk-for-net\sdk\mgmtcommon\TestFramework\TestFramework.Tests\Authentication\Subscription.cs(103,81): error CS0518: Predefined type 'System.String' is not defined or imported
C:\gh\azure-sdk-for-net\sdk\mgmtcommon\TestFramework\TestFramework.Tests\Authentication\Subscription.cs(104,13): error CS0518: Predefined type 'System.Object' is not defined or imported
C:\gh\azure-sdk-for-net\sdk\mgmtcommon\TestFramework\TestFramework.Tests\Authentication\Subscription.cs(104,28): error CS0246: The type or namespace name 'DelegatingHandler' could not be found (are you missing a using directive or an assembly reference?)
C:\gh\azure-sdk-for-net\sdk\mgmtcommon\TestFramework\TestFramework.Tests\Authentication\Subscription.cs(104,28): error CS0518: Predefined type 'System.Object' is not defined or imported
C:\gh\azure-sdk-for-net\sdk\mgmtcommon\TestFramework\TestFramework.Tests\Authentication\Subscription.cs(104,39): error CS0518: Predefined type 'System.String' is not defined or imported
C:\gh\azure-sdk-for-net\sdk\mgmtcommon\TestFramework\TestFramework.Tests\Authentication\Subscription.cs(104,124): error CS0518: Predefined type 'System.String' is not defined or imported
C:\gh\azure-sdk-for-net\sdk\mgmtcommon\TestFramework\TestFramework.Tests\Authentication\Subscription.cs(104,13): error CS0518: Predefined type 'System.Void' is not defined or imported
C:\gh\azure-sdk-for-net\sdk\mgmtcommon\TestFramework\TestFramework.Tests\Authentication\Subscription.cs(105,26): error CS0518: Predefined type 'System.Object' is not defined or imported
C:\gh\azure-sdk-for-net\sdk\mgmtcommon\TestFramework\TestFramework.Tests\Authentication\Subscription.cs(105,38): error CS0518: Predefined type 'System.Object' is not defined or imported
C:\gh\azure-sdk-for-net\sdk\mgmtcommon\TestFramework\TestFramework.Tests\Authentication\Subscription.cs(105,50): error CS0518: Predefined type 'System.Object' is not defined or imported
C:\gh\azure-sdk-for-net\sdk\mgmtcommon\TestFramework\TestFramework.Tests\Authentication\Subscription.cs(105,50): error CS1061: 'Subscription' does not contain a definition for 'GetType' and no accessible extension method 'GetType' accepting a first argument of type 'Subscription' could be found (are you missing a using directive or an assembly reference?)
C:\gh\azure-sdk-for-net\sdk\mgmtcommon\TestFramework\TestFramework.Tests\Authentication\Subscription.cs(105,71): error CS0518: Predefined type 'System.String' is not defined or imported
C:\gh\azure-sdk-for-net\sdk\mgmtcommon\TestFramework\TestFramework.Tests\Authentication\Subscription.cs(105,105): error CS0518: Predefined type 'System.Object' is not defined or imported
C:\gh\azure-sdk-for-net\sdk\mgmtcommon\TestFramework\TestFramework.Tests\Authentication\Subscription.cs(105,88): error CS0518: Predefined type 'System.Object' is not defined or imported
C:\gh\azure-sdk-for-net\sdk\mgmtcommon\TestFramework\TestFramework.Tests\Authentication\Subscription.cs(106,13): error CS0518: Predefined type 'System.Object' is not defined or imported
C:\gh\azure-sdk-for-net\sdk\mgmtcommon\TestFramework\TestFramework.Tests\Authentication\Subscription.cs(106,13): error CS0103: The name 'Assert' does not exist in the current context
C:\gh\azure-sdk-for-net\sdk\mgmtcommon\TestFramework\TestFramework.Tests\Authentication\Subscription.cs(106,26): error CS0518: Predefined type 'System.Int32' is not defined or imported
C:\gh\azure-sdk-for-net\sdk\mgmtcommon\TestFramework\TestFramework.Tests\Authentication\Subscription.cs(106,36): error CS0518: Predefined type 'System.Object' is not defined or imported
C:\gh\azure-sdk-for-net\sdk\mgmtcommon\TestFramework\TestFramework.Tests\Authentication\Subscription.cs(106,36): error CS1061: 'SimpleClient' does not contain a definition for 'HttpMessageHandlers' and no accessible extension method 'HttpMessageHandlers' accepting a first argument of type 'SimpleClient' could be found (are you missing a using directive or an assembly reference?)
C:\gh\azure-sdk-for-net\sdk\mgmtcommon\TestFramework\TestFramework.Tests\Authentication\Subscription.cs(107,13): error CS0518: Predefined type 'System.Object' is not defined or imported
C:\gh\azure-sdk-for-net\sdk\mgmtcommon\TestFramework\TestFramework.Tests\Authentication\Subscription.cs(107,13): error CS0103: The name 'Assert' does not exist in the current context
C:\gh\azure-sdk-for-net\sdk\mgmtcommon\TestFramework\TestFramework.Tests\Authentication\Subscription.cs(107,25): error CS0518: Predefined type 'System.Boolean' is not defined or imported
C:\gh\azure-sdk-for-net\sdk\mgmtcommon\TestFramework\TestFramework.Tests\Authentication\Subscription.cs(107,32): error CS0518: Predefined type 'System.Object' is not defined or imported
C:\gh\azure-sdk-for-net\sdk\mgmtcommon\TestFramework\TestFramework.Tests\Authentication\Subscription.cs(107,32): error CS1061: 'SimpleClient' does not contain a definition for 'HttpMessageHandlers' and no accessible extension method 'HttpMessageHandlers' accepting a first argument of type 'SimpleClient' could be found (are you missing a using directive or an assembly reference?)
C:\gh\azure-sdk-for-net\sdk\mgmtcommon\TestFramework\TestFramework.Tests\Authentication\Subscription.cs(107,63): error CS0518: Predefined type 'System.Object' is not defined or imported
C:\gh\azure-sdk-for-net\sdk\mgmtcommon\TestFramework\TestFramework.Tests\Authentication\Subscription.cs(113,13): error CS0518: Predefined type 'System.Object' is not defined or imported
C:\gh\azure-sdk-for-net\sdk\mgmtcommon\TestFramework\TestFramework.Tests\Authentication\Subscription.cs(113,13): error CS0103: The name 'Environment' does not exist in the current context
C:\gh\azure-sdk-for-net\sdk\mgmtcommon\TestFramework\TestFramework.Tests\Authentication\Subscription.cs(113,48): error CS0518: Predefined type 'System.String' is not defined or imported
C:\gh\azure-sdk-for-net\sdk\mgmtcommon\TestFramework\TestFramework.Tests\Authentication\Subscription.cs(113,67): error CS0518: Predefined type 'System.String' is not defined or imported
C:\gh\azure-sdk-for-net\sdk\mgmtcommon\TestFramework\TestFramework.Tests\Authentication\Subscription.cs(114,13): error CS0518: Predefined type 'System.Object' is not defined or imported
C:\gh\azure-sdk-for-net\sdk\mgmtcommon\TestFramework\TestFramework.Tests\Authentication\Subscription.cs(114,13): error CS0103: The name 'Environment' does not exist in the current context
C:\gh\azure-sdk-for-net\sdk\mgmtcommon\TestFramework\TestFramework.Tests\Authentication\Subscription.cs(114,48): error CS0518: Predefined type 'System.String' is not defined or imported
C:\gh\azure-sdk-for-net\sdk\mgmtcommon\TestFramework\TestFramework.Tests\Authentication\Subscription.cs(114,74): error CS0518: Predefined type 'System.String' is not defined or imported
C:\gh\azure-sdk-for-net\sdk\mgmtcommon\TestFramework\TestFramework.Tests\Authentication\Subscription.cs(115,13): error CS0518: Predefined type 'System.Object' is not defined or imported
C:\gh\azure-sdk-for-net\sdk\mgmtcommon\TestFramework\TestFramework.Tests\Authentication\Subscription.cs(115,13): error CS0103: The name 'Environment' does not exist in the current context
C:\gh\azure-sdk-for-net\sdk\mgmtcommon\TestFramework\TestFramework.Tests\Authentication\Subscription.cs(115,48): error CS0518: Predefined type 'System.String' is not defined or imported
C:\gh\azure-sdk-for-net\sdk\mgmtcommon\TestFramework\TestFramework.Tests\Authentication\Subscription.cs(115,77): error CS0518: Predefined type 'System.String' is not defined or imported
C:\gh\azure-sdk-for-net\sdk\mgmtcommon\TestFramework\TestFramework.Tests\Authentication\Subscription.cs(116,13): error CS0518: Predefined type 'System.Object' is not defined or imported
C:\gh\azure-sdk-for-net\sdk\mgmtcommon\TestFramework\TestFramework.Tests\Authentication\Subscription.cs(116,13): error CS0103: The name 'Environment' does not exist in the current context
C:\gh\azure-sdk-for-net\sdk\mgmtcommon\TestFramework\TestFramework.Tests\Authentication\Subscription.cs(116,48): error CS0518: Predefined type 'System.String' is not defined or imported
C:\gh\azure-sdk-for-net\sdk\mgmtcommon\TestFramework\TestFramework.Tests\Authentication\Subscription.cs(116,81): error CS0518: Predefined type 'System.String' is not defined or imported
C:\gh\azure-sdk-for-net\sdk\mgmtcommon\TestFramework\TestFramework.Tests\Authentication\Subscription.cs(117,13): error CS0518: Predefined type 'System.Object' is not defined or imported
C:\gh\azure-sdk-for-net\sdk\mgmtcommon\TestFramework\TestFramework.Tests\Authentication\Subscription.cs(117,28): error CS0518: Predefined type 'System.String' is not defined or imported
C:\gh\azure-sdk-for-net\sdk\mgmtcommon\TestFramework\TestFramework.Tests\Authentication\Subscription.cs(117,47): error CS0518: Predefined type 'System.String' is not defined or imported
C:\gh\azure-sdk-for-net\sdk\mgmtcommon\TestFramework\TestFramework.Tests\Authentication\Subscription.cs(118,13): error CS0518: Predefined type 'System.Object' is not defined or imported
C:\gh\azure-sdk-for-net\sdk\mgmtcommon\TestFramework\TestFramework.Tests\Authentication\Subscription.cs(118,28): error CS0246: The type or namespace name 'DelegatingHandler' could not be found (are you missing a using directive or an assembly reference?)
C:\gh\azure-sdk-for-net\sdk\mgmtcommon\TestFramework\TestFramework.Tests\Authentication\Subscription.cs(118,28): error CS0518: Predefined type 'System.Object' is not defined or imported
C:\gh\azure-sdk-for-net\sdk\mgmtcommon\TestFramework\TestFramework.Tests\Authentication\Subscription.cs(118,39): error CS0518: Predefined type 'System.String' is not defined or imported
C:\gh\azure-sdk-for-net\sdk\mgmtcommon\TestFramework\TestFramework.Tests\Authentication\Subscription.cs(118,124): error CS0518: Predefined type 'System.String' is not defined or imported
C:\gh\azure-sdk-for-net\sdk\mgmtcommon\TestFramework\TestFramework.Tests\Authentication\Subscription.cs(118,13): error CS0518: Predefined type 'System.Void' is not defined or imported
C:\gh\azure-sdk-for-net\sdk\mgmtcommon\TestFramework\TestFramework.Tests\Authentication\Subscription.cs(119,26): error CS0518: Predefined type 'System.Object' is not defined or imported
C:\gh\azure-sdk-for-net\sdk\mgmtcommon\TestFramework\TestFramework.Tests\Authentication\Subscription.cs(119,38): error CS0518: Predefined type 'System.Object' is not defined or imported
C:\gh\azure-sdk-for-net\sdk\mgmtcommon\TestFramework\TestFramework.Tests\Authentication\Subscription.cs(119,50): error CS0518: Predefined type 'System.Object' is not defined or imported
C:\gh\azure-sdk-for-net\sdk\mgmtcommon\TestFramework\TestFramework.Tests\Authentication\Subscription.cs(119,50): error CS1061: 'Subscription' does not contain a definition for 'GetType' and no accessible extension method 'GetType' accepting a first argument of type 'Subscription' could be found (are you missing a using directive or an assembly reference?)
C:\gh\azure-sdk-for-net\sdk\mgmtcommon\TestFramework\TestFramework.Tests\Authentication\Subscription.cs(119,71): error CS0518: Predefined type 'System.String' is not defined or imported
C:\gh\azure-sdk-for-net\sdk\mgmtcommon\TestFramework\TestFramework.Tests\Authentication\Subscription.cs(119,105): error CS0518: Predefined type 'System.Object' is not defined or imported
C:\gh\azure-sdk-for-net\sdk\mgmtcommon\TestFramework\TestFramework.Tests\Authentication\Subscription.cs(119,88): error CS0518: Predefined type 'System.Object' is not defined or imported
C:\gh\azure-sdk-for-net\sdk\mgmtcommon\TestFramework\TestFramework.Tests\Authentication\Subscription.cs(119,133): error CS0518: Predefined type 'System.Object' is not defined or imported
C:\gh\azure-sdk-for-net\sdk\mgmtcommon\TestFramework\TestFramework.Tests\Authentication\Subscription.cs(119,133): error CS0518: Predefined type 'System.Void' is not defined or imported
C:\gh\azure-sdk-for-net\sdk\mgmtcommon\TestFramework\TestFramework.Tests\Authentication\Subscription.cs(120,13): error CS0518: Predefined type 'System.Object' is not defined or imported
C:\gh\azure-sdk-for-net\sdk\mgmtcommon\TestFramework\TestFramework.Tests\Authentication\Subscription.cs(120,13): error CS0103: The name 'Assert' does not exist in the current context
C:\gh\azure-sdk-for-net\sdk\mgmtcommon\TestFramework\TestFramework.Tests\Authentication\Subscription.cs(120,26): error CS0518: Predefined type 'System.Int32' is not defined or imported
C:\gh\azure-sdk-for-net\sdk\mgmtcommon\TestFramework\TestFramework.Tests\Authentication\Subscription.cs(120,36): error CS0518: Predefined type 'System.Object' is not defined or imported
C:\gh\azure-sdk-for-net\sdk\mgmtcommon\TestFramework\TestFramework.Tests\Authentication\Subscription.cs(120,36): error CS1061: 'SimpleClient' does not contain a definition for 'HttpMessageHandlers' and no accessible extension method 'HttpMessageHandlers' accepting a first argument of type 'SimpleClient' could be found (are you missing a using directive or an assembly reference?)
C:\gh\azure-sdk-for-net\sdk\mgmtcommon\TestFramework\TestFramework.Tests\Authentication\Subscription.cs(121,13): error CS0518: Predefined type 'System.Object' is not defined or imported
C:\gh\azure-sdk-for-net\sdk\mgmtcommon\TestFramework\TestFramework.Tests\Authentication\Subscription.cs(121,13): error CS0103: The name 'Assert' does not exist in the current context
C:\gh\azure-sdk-for-net\sdk\mgmtcommon\TestFramework\TestFramework.Tests\Authentication\Subscription.cs(121,25): error CS0518: Predefined type 'System.Boolean' is not defined or imported
C:\gh\azure-sdk-for-net\sdk\mgmtcommon\TestFramework\TestFramework.Tests\Authentication\Subscription.cs(121,32): error CS0518: Predefined type 'System.Object' is not defined or imported
C:\gh\azure-sdk-for-net\sdk\mgmtcommon\TestFramework\TestFramework.Tests\Authentication\Subscription.cs(121,32): error CS1061: 'SimpleClient' does not contain a definition for 'HttpMessageHandlers' and no accessible extension method 'HttpMessageHandlers' accepting a first argument of type 'SimpleClient' could be found (are you missing a using directive or an assembly reference?)
C:\gh\azure-sdk-for-net\sdk\mgmtcommon\TestFramework\TestFramework.Tests\Authentication\Subscription.cs(121,63): error CS0518: Predefined type 'System.Object' is not defined or imported
C:\gh\azure-sdk-for-net\sdk\mgmtcommon\TestFramework\TestFramework.Tests\Authentication\Subscription.cs(127,13): error CS0518: Predefined type 'System.Object' is not defined or imported
C:\gh\azure-sdk-for-net\sdk\mgmtcommon\TestFramework\TestFramework.Tests\Authentication\Subscription.cs(127,13): error CS0103: The name 'Environment' does not exist in the current context
C:\gh\azure-sdk-for-net\sdk\mgmtcommon\TestFramework\TestFramework.Tests\Authentication\Subscription.cs(127,48): error CS0518: Predefined type 'System.String' is not defined or imported
C:\gh\azure-sdk-for-net\sdk\mgmtcommon\TestFramework\TestFramework.Tests\Authentication\Subscription.cs(127,74): error CS0518: Predefined type 'System.String' is not defined or imported
C:\gh\azure-sdk-for-net\sdk\mgmtcommon\TestFramework\TestFramework.Tests\Authentication\Subscription.cs(128,13): error CS0518: Predefined type 'System.Object' is not defined or imported
C:\gh\azure-sdk-for-net\sdk\mgmtcommon\TestFramework\TestFramework.Tests\Authentication\Subscription.cs(128,13): error CS0103: The name 'Environment' does not exist in the current context
C:\gh\azure-sdk-for-net\sdk\mgmtcommon\TestFramework\TestFramework.Tests\Authentication\Subscription.cs(128,48): error CS0518: Predefined type 'System.String' is not defined or imported
C:\gh\azure-sdk-for-net\sdk\mgmtcommon\TestFramework\TestFramework.Tests\Authentication\Subscription.cs(128,77): error CS0518: Predefined type 'System.String' is not defined or imported
C:\gh\azure-sdk-for-net\sdk\mgmtcommon\TestFramework\TestFramework.Tests\Authentication\Subscription.cs(129,13): error CS0518: Predefined type 'System.Object' is not defined or imported
C:\gh\azure-sdk-for-net\sdk\mgmtcommon\TestFramework\TestFramework.Tests\Authentication\Subscription.cs(129,13): error CS0103: The name 'Environment' does not exist in the current context
C:\gh\azure-sdk-for-net\sdk\mgmtcommon\TestFramework\TestFramework.Tests\Authentication\Subscription.cs(129,48): error CS0518: Predefined type 'System.String' is not defined or imported
C:\gh\azure-sdk-for-net\sdk\mgmtcommon\TestFramework\TestFramework.Tests\Authentication\Subscription.cs(129,67): error CS0518: Predefined type 'System.String' is not defined or imported
C:\gh\azure-sdk-for-net\sdk\mgmtcommon\TestFramework\TestFramework.Tests\Authentication\Subscription.cs(130,13): error CS0518: Predefined type 'System.Object' is not defined or imported
C:\gh\azure-sdk-for-net\sdk\mgmtcommon\TestFramework\TestFramework.Tests\Authentication\Subscription.cs(130,13): error CS0103: The name 'Environment' does not exist in the current context
C:\gh\azure-sdk-for-net\sdk\mgmtcommon\TestFramework\TestFramework.Tests\Authentication\Subscription.cs(130,48): error CS0518: Predefined type 'System.String' is not defined or imported
C:\gh\azure-sdk-for-net\sdk\mgmtcommon\TestFramework\TestFramework.Tests\Authentication\Subscription.cs(130,81): error CS0518: Predefined type 'System.String' is not defined or imported
C:\gh\azure-sdk-for-net\sdk\mgmtcommon\TestFramework\TestFramework.Tests\Authentication\Subscription.cs(131,13): error CS0518: Predefined type 'System.Object' is not defined or imported
C:\gh\azure-sdk-for-net\sdk\mgmtcommon\TestFramework\TestFramework.Tests\Authentication\Subscription.cs(131,28): error CS0246: The type or namespace name 'DelegatingHandler' could not be found (are you missing a using directive or an assembly reference?)
C:\gh\azure-sdk-for-net\sdk\mgmtcommon\TestFramework\TestFramework.Tests\Authentication\Subscription.cs(131,28): error CS0518: Predefined type 'System.Object' is not defined or imported
C:\gh\azure-sdk-for-net\sdk\mgmtcommon\TestFramework\TestFramework.Tests\Authentication\Subscription.cs(131,39): error CS0518: Predefined type 'System.String' is not defined or imported
C:\gh\azure-sdk-for-net\sdk\mgmtcommon\TestFramework\TestFramework.Tests\Authentication\Subscription.cs(131,124): error CS0518: Predefined type 'System.String' is not defined or imported
C:\gh\azure-sdk-for-net\sdk\mgmtcommon\TestFramework\TestFramework.Tests\Authentication\Subscription.cs(131,13): error CS0518: Predefined type 'System.Void' is not defined or imported
C:\gh\azure-sdk-for-net\sdk\mgmtcommon\TestFramework\TestFramework.Tests\Authentication\Subscription.cs(132,26): error CS0518: Predefined type 'System.Object' is not defined or imported
C:\gh\azure-sdk-for-net\sdk\mgmtcommon\TestFramework\TestFramework.Tests\Authentication\Subscription.cs(132,38): error CS0518: Predefined type 'System.Object' is not defined or imported
C:\gh\azure-sdk-for-net\sdk\mgmtcommon\TestFramework\TestFramework.Tests\Authentication\Subscription.cs(132,50): error CS0518: Predefined type 'System.Object' is not defined or imported
C:\gh\azure-sdk-for-net\sdk\mgmtcommon\TestFramework\TestFramework.Tests\Authentication\Subscription.cs(132,50): error CS1061: 'Subscription' does not contain a definition for 'GetType' and no accessible extension method 'GetType' accepting a first argument of type 'Subscription' could be found (are you missing a using directive or an assembly reference?)
C:\gh\azure-sdk-for-net\sdk\mgmtcommon\TestFramework\TestFramework.Tests\Authentication\Subscription.cs(132,71): error CS0518: Predefined type 'System.String' is not defined or imported
C:\gh\azure-sdk-for-net\sdk\mgmtcommon\TestFramework\TestFramework.Tests\Authentication\Subscription.cs(132,117): error CS0518: Predefined type 'System.Object' is not defined or imported
C:\gh\azure-sdk-for-net\sdk\mgmtcommon\TestFramework\TestFramework.Tests\Authentication\Subscription.cs(132,100): error CS0518: Predefined type 'System.Object' is not defined or imported
C:\gh\azure-sdk-for-net\sdk\mgmtcommon\TestFramework\TestFramework.Tests\Authentication\Subscription.cs(132,145): error CS0518: Predefined type 'System.Object' is not defined or imported
C:\gh\azure-sdk-for-net\sdk\mgmtcommon\TestFramework\TestFramework.Tests\Authentication\Subscription.cs(132,145): error CS0518: Predefined type 'System.Void' is not defined or imported
C:\gh\azure-sdk-for-net\sdk\mgmtcommon\TestFramework\TestFramework.Tests\Authentication\Subscription.cs(133,13): error CS0518: Predefined type 'System.Object' is not defined or imported
C:\gh\azure-sdk-for-net\sdk\mgmtcommon\TestFramework\TestFramework.Tests\Authentication\Subscription.cs(133,13): error CS0103: The name 'Assert' does not exist in the current context
C:\gh\azure-sdk-for-net\sdk\mgmtcommon\TestFramework\TestFramework.Tests\Authentication\Subscription.cs(133,26): error CS0518: Predefined type 'System.Int32' is not defined or imported
C:\gh\azure-sdk-for-net\sdk\mgmtcommon\TestFramework\TestFramework.Tests\Authentication\Subscription.cs(133,36): error CS0518: Predefined type 'System.Object' is not defined or imported
C:\gh\azure-sdk-for-net\sdk\mgmtcommon\TestFramework\TestFramework.Tests\Authentication\Subscription.cs(133,36): error CS1061: 'SimpleClient' does not contain a definition for 'HttpMessageHandlers' and no accessible extension method 'HttpMessageHandlers' accepting a first argument of type 'SimpleClient' could be found (are you missing a using directive or an assembly reference?)
C:\gh\azure-sdk-for-net\sdk\mgmtcommon\TestFramework\TestFramework.Tests\Authentication\Subscription.cs(134,13): error CS0518: Predefined type 'System.Object' is not defined or imported
C:\gh\azure-sdk-for-net\sdk\mgmtcommon\TestFramework\TestFramework.Tests\Authentication\Subscription.cs(134,13): error CS0103: The name 'Assert' does not exist in the current context
C:\gh\azure-sdk-for-net\sdk\mgmtcommon\TestFramework\TestFramework.Tests\Authentication\Subscription.cs(134,25): error CS0518: Predefined type 'System.Boolean' is not defined or imported
C:\gh\azure-sdk-for-net\sdk\mgmtcommon\TestFramework\TestFramework.Tests\Authentication\Subscription.cs(134,32): error CS0518: Predefined type 'System.Object' is not defined or imported
C:\gh\azure-sdk-for-net\sdk\mgmtcommon\TestFramework\TestFramework.Tests\Authentication\Subscription.cs(134,32): error CS1061: 'SimpleClient' does not contain a definition for 'HttpMessageHandlers' and no accessible extension method 'HttpMessageHandlers' accepting a first argument of type 'SimpleClient' could be found (are you missing a using directive or an assembly reference?)
C:\gh\azure-sdk-for-net\sdk\mgmtcommon\TestFramework\TestFramework.Tests\Authentication\Subscription.cs(134,63): error CS0518: Predefined type 'System.Object' is not defined or imported
C:\gh\azure-sdk-for-net\sdk\mgmtcommon\TestFramework\TestFramework.Tests\Authentication\Subscription.cs(140,13): error CS0518: Predefined type 'System.Object' is not defined or imported
C:\gh\azure-sdk-for-net\sdk\mgmtcommon\TestFramework\TestFramework.Tests\Authentication\Subscription.cs(140,13): error CS0103: The name 'Environment' does not exist in the current context
C:\gh\azure-sdk-for-net\sdk\mgmtcommon\TestFramework\TestFramework.Tests\Authentication\Subscription.cs(140,48): error CS0518: Predefined type 'System.String' is not defined or imported
C:\gh\azure-sdk-for-net\sdk\mgmtcommon\TestFramework\TestFramework.Tests\Authentication\Subscription.cs(140,67): error CS0518: Predefined type 'System.String' is not defined or imported
C:\gh\azure-sdk-for-net\sdk\mgmtcommon\TestFramework\TestFramework.Tests\Authentication\Subscription.cs(141,13): error CS0518: Predefined type 'System.Object' is not defined or imported
C:\gh\azure-sdk-for-net\sdk\mgmtcommon\TestFramework\TestFramework.Tests\Authentication\Subscription.cs(141,13): error CS0103: The name 'Environment' does not exist in the current context
C:\gh\azure-sdk-for-net\sdk\mgmtcommon\TestFramework\TestFramework.Tests\Authentication\Subscription.cs(141,48): error CS0518: Predefined type 'System.String' is not defined or imported
C:\gh\azure-sdk-for-net\sdk\mgmtcommon\TestFramework\TestFramework.Tests\Authentication\Subscription.cs(141,74): error CS0518: Predefined type 'System.String' is not defined or imported
C:\gh\azure-sdk-for-net\sdk\mgmtcommon\TestFramework\TestFramework.Tests\Authentication\Subscription.cs(142,13): error CS0518: Predefined type 'System.Object' is not defined or imported
C:\gh\azure-sdk-for-net\sdk\mgmtcommon\TestFramework\TestFramework.Tests\Authentication\Subscription.cs(142,13): error CS0103: The name 'Environment' does not exist in the current context
C:\gh\azure-sdk-for-net\sdk\mgmtcommon\TestFramework\TestFramework.Tests\Authentication\Subscription.cs(142,48): error CS0518: Predefined type 'System.String' is not defined or imported
C:\gh\azure-sdk-for-net\sdk\mgmtcommon\TestFramework\TestFramework.Tests\Authentication\Subscription.cs(142,77): error CS0518: Predefined type 'System.String' is not defined or imported
C:\gh\azure-sdk-for-net\sdk\mgmtcommon\TestFramework\TestFramework.Tests\Authentication\Subscription.cs(143,13): error CS0518: Predefined type 'System.Object' is not defined or imported
C:\gh\azure-sdk-for-net\sdk\mgmtcommon\TestFramework\TestFramework.Tests\Authentication\Subscription.cs(143,13): error CS0103: The name 'Environment' does not exist in the current context
C:\gh\azure-sdk-for-net\sdk\mgmtcommon\TestFramework\TestFramework.Tests\Authentication\Subscription.cs(143,48): error CS0518: Predefined type 'System.String' is not defined or imported
C:\gh\azure-sdk-for-net\sdk\mgmtcommon\TestFramework\TestFramework.Tests\Authentication\Subscription.cs(143,81): error CS0518: Predefined type 'System.String' is not defined or imported
C:\gh\azure-sdk-for-net\sdk\mgmtcommon\TestFramework\TestFramework.Tests\Authentication\Subscription.cs(144,13): error CS0518: Predefined type 'System.Object' is not defined or imported
C:\gh\azure-sdk-for-net\sdk\mgmtcommon\TestFramework\TestFramework.Tests\Authentication\Subscription.cs(144,28): error CS0518: Predefined type 'System.String' is not defined or imported
C:\gh\azure-sdk-for-net\sdk\mgmtcommon\TestFramework\TestFramework.Tests\Authentication\Subscription.cs(144,47): error CS0518: Predefined type 'System.String' is not defined or imported
C:\gh\azure-sdk-for-net\sdk\mgmtcommon\TestFramework\TestFramework.Tests\Authentication\Subscription.cs(145,13): error CS0518: Predefined type 'System.Object' is not defined or imported
C:\gh\azure-sdk-for-net\sdk\mgmtcommon\TestFramework\TestFramework.Tests\Authentication\Subscription.cs(145,28): error CS0246: The type or namespace name 'DelegatingHandler' could not be found (are you missing a using directive or an assembly reference?)
C:\gh\azure-sdk-for-net\sdk\mgmtcommon\TestFramework\TestFramework.Tests\Authentication\Subscription.cs(145,28): error CS0518: Predefined type 'System.Object' is not defined or imported
C:\gh\azure-sdk-for-net\sdk\mgmtcommon\TestFramework\TestFramework.Tests\Authentication\Subscription.cs(145,39): error CS0518: Predefined type 'System.String' is not defined or imported
C:\gh\azure-sdk-for-net\sdk\mgmtcommon\TestFramework\TestFramework.Tests\Authentication\Subscription.cs(145,124): error CS0518: Predefined type 'System.String' is not defined or imported
C:\gh\azure-sdk-for-net\sdk\mgmtcommon\TestFramework\TestFramework.Tests\Authentication\Subscription.cs(145,13): error CS0518: Predefined type 'System.Void' is not defined or imported
C:\gh\azure-sdk-for-net\sdk\mgmtcommon\TestFramework\TestFramework.Tests\Authentication\Subscription.cs(146,31): error CS0518: Predefined type 'System.Object' is not defined or imported
C:\gh\azure-sdk-for-net\sdk\mgmtcommon\TestFramework\TestFramework.Tests\Authentication\Subscription.cs(146,31): error CS0518: Predefined type 'System.Void' is not defined or imported
C:\gh\azure-sdk-for-net\sdk\mgmtcommon\TestFramework\TestFramework.Tests\Authentication\Subscription.cs(147,27): error CS0518: Predefined type 'System.Object' is not defined or imported
C:\gh\azure-sdk-for-net\sdk\mgmtcommon\TestFramework\TestFramework.Tests\Authentication\Subscription.cs(147,39): error CS0518: Predefined type 'System.Object' is not defined or imported
C:\gh\azure-sdk-for-net\sdk\mgmtcommon\TestFramework\TestFramework.Tests\Authentication\Subscription.cs(147,50): error CS0518: Predefined type 'System.Object' is not defined or imported
C:\gh\azure-sdk-for-net\sdk\mgmtcommon\TestFramework\TestFramework.Tests\Authentication\Subscription.cs(147,50): error CS1061: 'Subscription' does not contain a definition for 'GetType' and no accessible extension method 'GetType' accepting a first argument of type 'Subscription' could be found (are you missing a using directive or an assembly reference?)
C:\gh\azure-sdk-for-net\sdk\mgmtcommon\TestFramework\TestFramework.Tests\Authentication\Subscription.cs(147,70): error CS0518: Predefined type 'System.String' is not defined or imported
C:\gh\azure-sdk-for-net\sdk\mgmtcommon\TestFramework\TestFramework.Tests\Authentication\Subscription.cs(147,104): error CS0518: Predefined type 'System.Object' is not defined or imported
C:\gh\azure-sdk-for-net\sdk\mgmtcommon\TestFramework\TestFramework.Tests\Authentication\Subscription.cs(147,87): error CS0518: Predefined type 'System.Object' is not defined or imported
C:\gh\azure-sdk-for-net\sdk\mgmtcommon\TestFramework\TestFramework.Tests\Authentication\Subscription.cs(147,128): error CS1503: Argument 1: cannot convert from 'Microsoft.Rest.ClientRuntime.Azure.TestFramework.Test.Client.MockHandler' to 'DelegatingHandler'
C:\gh\azure-sdk-for-net\sdk\mgmtcommon\TestFramework\TestFramework.Tests\Authentication\Subscription.cs(148,13): error CS0518: Predefined type 'System.Object' is not defined or imported
C:\gh\azure-sdk-for-net\sdk\mgmtcommon\TestFramework\TestFramework.Tests\Authentication\Subscription.cs(148,13): error CS0103: The name 'Assert' does not exist in the current context
C:\gh\azure-sdk-for-net\sdk\mgmtcommon\TestFramework\TestFramework.Tests\Authentication\Subscription.cs(148,26): error CS0518: Predefined type 'System.Int32' is not defined or imported
C:\gh\azure-sdk-for-net\sdk\mgmtcommon\TestFramework\TestFramework.Tests\Authentication\Subscription.cs(148,29): error CS0518: Predefined type 'System.Object' is not defined or imported
C:\gh\azure-sdk-for-net\sdk\mgmtcommon\TestFramework\TestFramework.Tests\Authentication\Subscription.cs(148,46): error CS1503: Argument 1: cannot convert from 'Microsoft.Rest.ClientRuntime.Azure.TestFramework.Test.Client.MockHandler' to 'DelegatingHandler'
C:\gh\azure-sdk-for-net\sdk\mgmtcommon\TestFramework\TestFramework.Tests\Authentication\Subscription.cs(149,27): error CS0518: Predefined type 'System.Object' is not defined or imported
C:\gh\azure-sdk-for-net\sdk\mgmtcommon\TestFramework\TestFramework.Tests\Authentication\Subscription.cs(149,39): error CS0518: Predefined type 'System.Object' is not defined or imported
C:\gh\azure-sdk-for-net\sdk\mgmtcommon\TestFramework\TestFramework.Tests\Authentication\Subscription.cs(149,50): error CS0518: Predefined type 'System.Object' is not defined or imported
C:\gh\azure-sdk-for-net\sdk\mgmtcommon\TestFramework\TestFramework.Tests\Authentication\Subscription.cs(149,50): error CS1061: 'Subscription' does not contain a definition for 'GetType' and no accessible extension method 'GetType' accepting a first argument of type 'Subscription' could be found (are you missing a using directive or an assembly reference?)
C:\gh\azure-sdk-for-net\sdk\mgmtcommon\TestFramework\TestFramework.Tests\Authentication\Subscription.cs(149,70): error CS0518: Predefined type 'System.String' is not defined or imported
C:\gh\azure-sdk-for-net\sdk\mgmtcommon\TestFramework\TestFramework.Tests\Authentication\Subscription.cs(149,104): error CS0518: Predefined type 'System.Object' is not defined or imported
C:\gh\azure-sdk-for-net\sdk\mgmtcommon\TestFramework\TestFramework.Tests\Authentication\Subscription.cs(149,87): error CS0518: Predefined type 'System.Object' is not defined or imported
C:\gh\azure-sdk-for-net\sdk\mgmtcommon\TestFramework\TestFramework.Tests\Authentication\Subscription.cs(149,128): error CS1503: Argument 1: cannot convert from 'Microsoft.Rest.ClientRuntime.Azure.TestFramework.Test.Client.MockHandler' to 'DelegatingHandler'
C:\gh\azure-sdk-for-net\sdk\mgmtcommon\TestFramework\TestFramework.Tests\Authentication\Subscription.cs(150,13): error CS0518: Predefined type 'System.Object' is not defined or imported
C:\gh\azure-sdk-for-net\sdk\mgmtcommon\TestFramework\TestFramework.Tests\Authentication\Subscription.cs(150,13): error CS0103: The name 'Assert' does not exist in the current context
C:\gh\azure-sdk-for-net\sdk\mgmtcommon\TestFramework\TestFramework.Tests\Authentication\Subscription.cs(150,26): error CS0518: Predefined type 'System.Int32' is not defined or imported
C:\gh\azure-sdk-for-net\sdk\mgmtcommon\TestFramework\TestFramework.Tests\Authentication\Subscription.cs(150,29): error CS0518: Predefined type 'System.Object' is not defined or imported
C:\gh\azure-sdk-for-net\sdk\mgmtcommon\TestFramework\TestFramework.Tests\Authentication\Subscription.cs(150,46): error CS1503: Argument 1: cannot convert from 'Microsoft.Rest.ClientRuntime.Azure.TestFramework.Test.Client.MockHandler' to 'DelegatingHandler'
C:\gh\azure-sdk-for-net\sdk\mgmtcommon\TestFramework\TestFramework.Tests\Authentication\Subscription.cs(155,26): error CS0518: Predefined type 'System.Int32' is not defined or imported
C:\gh\azure-sdk-for-net\sdk\mgmtcommon\TestFramework\TestFramework.Tests\Authentication\Subscription.cs(156,17): error CS0518: Predefined type 'System.Boolean' is not defined or imported
C:\gh\azure-sdk-for-net\sdk\mgmtcommon\TestFramework\TestFramework.Tests\Authentication\Subscription.cs(156,28): error CS0518: Predefined type 'System.Object' is not defined or imported
C:\gh\azure-sdk-for-net\sdk\mgmtcommon\TestFramework\TestFramework.Tests\Authentication\Subscription.cs(156,17): error CS0518: Predefined type 'System.Boolean' is not defined or imported
C:\gh\azure-sdk-for-net\sdk\mgmtcommon\TestFramework\TestFramework.Tests\Authentication\Subscription.cs(161,17): error CS0518: Predefined type 'System.Boolean' is not defined or imported
C:\gh\azure-sdk-for-net\sdk\mgmtcommon\TestFramework\TestFramework.Tests\Authentication\Subscription.cs(161,49): error CS0518: Predefined type 'System.Boolean' is not defined or imported
C:\gh\azure-sdk-for-net\sdk\mgmtcommon\TestFramework\TestFramework.Tests\Authentication\Subscription.cs(161,73): error CS0518: Predefined type 'System.Object' is not defined or imported
C:\gh\azure-sdk-for-net\sdk\mgmtcommon\TestFramework\TestFramework.Tests\Authentication\Subscription.cs(161,73): error CS0246: The type or namespace name 'DelegatingHandler' could not be found (are you missing a using directive or an assembly reference?)
C:\gh\azure-sdk-for-net\sdk\mgmtcommon\TestFramework\TestFramework.Tests\Authentication\Subscription.cs(161,17): error CS0518: Predefined type 'System.Boolean' is not defined or imported
C:\gh\azure-sdk-for-net\sdk\mgmtcommon\TestFramework\TestFramework.Tests\Authentication\Subscription.cs(163,27): error CS0518: Predefined type 'System.Object' is not defined or imported
C:\gh\azure-sdk-for-net\sdk\mgmtcommon\TestFramework\TestFramework.Tests\Authentication\Subscription.cs(163,68): error CS0518: Predefined type 'System.Object' is not defined or imported
C:\gh\azure-sdk-for-net\sdk\mgmtcommon\TestFramework\TestFramework.Tests\Authentication\Subscription.cs(163,68): error CS0246: The type or namespace name 'DelegatingHandler' could not be found (are you missing a using directive or an assembly reference?)
C:\gh\azure-sdk-for-net\sdk\mgmtcommon\TestFramework\TestFramework.Tests\Authentication\Subscription.cs(171,13): error CS0518: Predefined type 'System.Object' is not defined or imported
C:\gh\azure-sdk-for-net\sdk\mgmtcommon\TestFramework\TestFramework.Tests\Authentication\Subscription.cs(171,13): error CS0103: The name 'Environment' does not exist in the current context
C:\gh\azure-sdk-for-net\sdk\mgmtcommon\TestFramework\TestFramework.Tests\Authentication\Subscription.cs(171,48): error CS0518: Predefined type 'System.String' is not defined or imported
C:\gh\azure-sdk-for-net\sdk\mgmtcommon\TestFramework\TestFramework.Tests\Authentication\Subscription.cs(172,13): error CS0518: Predefined type 'System.Object' is not defined or imported
C:\gh\azure-sdk-for-net\sdk\mgmtcommon\TestFramework\TestFramework.Tests\Authentication\Subscription.cs(172,13): error CS0103: The name 'Environment' does not exist in the current context
C:\gh\azure-sdk-for-net\sdk\mgmtcommon\TestFramework\TestFramework.Tests\Authentication\Subscription.cs(172,48): error CS0518: Predefined type 'System.String' is not defined or imported
C:\gh\azure-sdk-for-net\sdk\mgmtcommon\TestFramework\TestFramework.Tests\Authentication\Subscription.cs(173,13): error CS0518: Predefined type 'System.Object' is not defined or imported
C:\gh\azure-sdk-for-net\sdk\mgmtcommon\TestFramework\TestFramework.Tests\Authentication\Subscription.cs(173,13): error CS0103: The name 'Environment' does not exist in the current context
C:\gh\azure-sdk-for-net\sdk\mgmtcommon\TestFramework\TestFramework.Tests\Authentication\Subscription.cs(173,48): error CS0518: Predefined type 'System.String' is not defined or imported
C:\gh\azure-sdk-for-net\sdk\mgmtcommon\TestFramework\TestFramework.Tests\Authentication\Subscription.cs(174,13): error CS0518: Predefined type 'System.Object' is not defined or imported
C:\gh\azure-sdk-for-net\sdk\mgmtcommon\TestFramework\TestFramework.Tests\Authentication\Subscription.cs(174,13): error CS0103: The name 'Environment' does not exist in the current context
C:\gh\azure-sdk-for-net\sdk\mgmtcommon\TestFramework\TestFramework.Tests\Authentication\Subscription.cs(174,48): error CS0518: Predefined type 'System.String' is not defined or imported
C:\gh\azure-sdk-for-net\artifacts\obj\TestFramework.Tests\Debug\netcoreapp2.0\.NETCoreApp,Version=v2.0.AssemblyAttributes.cs(2,1): hidden CS8019: Unnecessary using directive.
C:\gh\azure-sdk-for-net\sdk\mgmtcommon\TestFramework\TestFramework.Tests\Authentication\Subscription.cs(8,1): hidden CS8019: Unnecessary using directive.
C:\gh\azure-sdk-for-net\sdk\mgmtcommon\TestFramework\TestFramework.Tests\TestEnvironment\TestEnvironmentTests.cs(6,5): hidden CS8019: Unnecessary using directive.
C:\gh\azure-sdk-for-net\sdk\mgmtcommon\TestFramework\TestFramework.Tests\TestEnvironment\ConnectionStringParseTests.cs(9,5): hidden CS8019: Unnecessary using directive.
C:\gh\azure-sdk-for-net\sdk\mgmtcommon\TestFramework\TestFramework.Tests\TestEnvironment\ConnectionStringParseTests.cs(7,5): hidden CS8019: Unnecessary using directive.
C:\gh\azure-sdk-for-net\artifacts\obj\TestFramework.Tests\Debug\netcoreapp2.0\.NETCoreApp,Version=v2.0.AssemblyAttributes.cs(3,1): hidden CS8019: Unnecessary using directive.
C:\gh\azure-sdk-for-net\sdk\mgmtcommon\TestFramework\TestFramework.Tests\Authentication\Subscription.cs(6,1): hidden CS8019: Unnecessary using directive.
C:\gh\azure-sdk-for-net\sdk\mgmtcommon\TestFramework\TestFramework.Tests\Client\SimpleClient.cs(5,1): hidden CS8019: Unnecessary using directive.
C:\gh\azure-sdk-for-net\sdk\mgmtcommon\TestFramework\TestFramework.Tests\TestEnvironment\ConnectionStringParseTests.cs(10,5): hidden CS8019: Unnecessary using directive.
C:\gh\azure-sdk-for-net\sdk\mgmtcommon\TestFramework\TestFramework.Tests\Client\ISimpleClient.cs(4,1): hidden CS8019: Unnecessary using directive.
C:\gh\azure-sdk-for-net\sdk\mgmtcommon\TestFramework\TestFramework.Tests\Authentication\Subscription.cs(7,1): hidden CS8019: Unnecessary using directive.
C:\gh\azure-sdk-for-net\artifacts\obj\TestFramework.Tests\Debug\netcoreapp2.0\TestFramework.Tests.AssemblyInfo.cs(12,1): hidden CS8019: Unnecessary using directive.
C:\gh\azure-sdk-for-net\sdk\mgmtcommon\TestFramework\TestFramework.Tests\Client\SimpleClient.cs(6,1): hidden CS8019: Unnecessary using directive.
C:\gh\azure-sdk-for-net\sdk\mgmtcommon\TestFramework\TestFramework.Tests\TestEnvironment\ConnectionStringParseTests.cs(8,5): hidden CS8019: Unnecessary using directive.
C:\gh\azure-sdk-for-net\sdk\mgmtcommon\TestFramework\TestFramework.Tests\Properties\AssemblyInfo.cs(5,1): hidden CS8019: Unnecessary using directive.
C:\gh\azure-sdk-for-net\sdk\mgmtcommon\TestFramework\TestFramework.Tests\Properties\AssemblyInfo.cs(4,1): hidden CS8019: Unnecessary using directive.
C:\gh\azure-sdk-for-net\sdk\mgmtcommon\TestFramework\TestFramework.Tests\Authentication\Subscription.cs(10,1): hidden CS8019: Unnecessary using directive.
C:\gh\azure-sdk-for-net\sdk\mgmtcommon\TestFramework\TestFramework.Tests\TestEnvironment\TestEnvironmentTests.cs(8,5): hidden CS8019: Unnecessary using directive.
C:\gh\azure-sdk-for-net\sdk\mgmtcommon\TestFramework\TestFramework.Tests\Authentication\Subscription.cs(11,1): hidden CS8019: Unnecessary using directive.
C:\gh\azure-sdk-for-net\sdk\mgmtcommon\TestFramework\TestFramework.Tests\Authentication\Subscription.cs(9,1): hidden CS8019: Unnecessary using directive.
C:\gh\azure-sdk-for-net\sdk\mgmtcommon\TestFramework\TestFramework.Tests\Properties\AssemblyInfo.cs(6,1): hidden CS8019: Unnecessary using directive.
C:\gh\azure-sdk-for-net\sdk\mgmtcommon\TestFramework\TestFramework.Tests\Client\MockHandler.cs(4,1): hidden CS8019: Unnecessary using directive.
C:\gh\azure-sdk-for-net\sdk\mgmtcommon\TestFramework\TestFramework.Tests\Client\SimpleClient.cs(4,1): hidden CS8019: Unnecessary using directive.
C:\gh\azure-sdk-for-net\sdk\mgmtcommon\TestFramework\TestFramework.Tests\Properties\AssemblyInfo.cs(7,1): hidden CS8019: Unnecessary using directive.
C:\gh\azure-sdk-for-net\eng\mgmt\DisableTestRunParallel.cs(5,1): hidden CS8019: Unnecessary using directive.
C:\gh\azure-sdk-for-net\artifacts\obj\TestFramework.Tests\Debug\netcoreapp2.0\TestFramework.Tests.AssemblyInfo.cs(11,1): hidden CS8019: Unnecessary using directive.
C:\gh\azure-sdk-for-net\eng\mgmt\DisableTestRunParallel.cs(4,1): hidden CS8019: Unnecessary using directive.
