C:\gh\azure-sdk-for-net\sdk\cognitiveservices\Language.TextAnalytics\tests\ApiKeyServiceClientCredentials.cs(12,51): error CS0246: The type or namespace name 'ServiceClientCredentials' could not be found (are you missing a using directive or an assembly reference?)
C:\gh\azure-sdk-for-net\sdk\cognitiveservices\Language.TextAnalytics\tests\ApiKeyServiceClientCredentials.cs(33,54): error CS0246: The type or namespace name 'HttpRequestMessage' could not be found (are you missing a using directive or an assembly reference?)
C:\gh\azure-sdk-for-net\sdk\cognitiveservices\Language.TextAnalytics\tests\BaseTests.cs(14,50): error CS0246: The type or namespace name 'DelegatingHandler' could not be found (are you missing a using directive or an assembly reference?)
C:\gh\azure-sdk-for-net\sdk\cognitiveservices\Language.TextAnalytics\tests\TextAnalytics\SentimentTests.cs(39,10): error CS0246: The type or namespace name 'FactAttribute' could not be found (are you missing a using directive or an assembly reference?)
C:\gh\azure-sdk-for-net\sdk\cognitiveservices\Language.TextAnalytics\tests\TextAnalytics\SentimentTests.cs(39,10): error CS0246: The type or namespace name 'Fact' could not be found (are you missing a using directive or an assembly reference?)
C:\gh\azure-sdk-for-net\sdk\cognitiveservices\Language.TextAnalytics\tests\TextAnalytics\KeyPhrasesTests.cs(39,10): error CS0246: The type or namespace name 'FactAttribute' could not be found (are you missing a using directive or an assembly reference?)
C:\gh\azure-sdk-for-net\sdk\cognitiveservices\Language.TextAnalytics\tests\TextAnalytics\KeyPhrasesTests.cs(39,10): error CS0246: The type or namespace name 'Fact' could not be found (are you missing a using directive or an assembly reference?)
C:\gh\azure-sdk-for-net\sdk\cognitiveservices\Language.TextAnalytics\tests\TextAnalytics\DetectLanguageTests.cs(37,10): error CS0246: The type or namespace name 'FactAttribute' could not be found (are you missing a using directive or an assembly reference?)
C:\gh\azure-sdk-for-net\sdk\cognitiveservices\Language.TextAnalytics\tests\TextAnalytics\DetectLanguageTests.cs(37,10): error CS0246: The type or namespace name 'Fact' could not be found (are you missing a using directive or an assembly reference?)
C:\gh\azure-sdk-for-net\sdk\cognitiveservices\Language.TextAnalytics\tests\TextAnalytics\EntitiesTests.cs(41,10): error CS0246: The type or namespace name 'FactAttribute' could not be found (are you missing a using directive or an assembly reference?)
C:\gh\azure-sdk-for-net\sdk\cognitiveservices\Language.TextAnalytics\tests\TextAnalytics\EntitiesTests.cs(41,10): error CS0246: The type or namespace name 'Fact' could not be found (are you missing a using directive or an assembly reference?)
C:\gh\azure-sdk-for-net\sdk\cognitiveservices\Language.TextAnalytics\tests\TextAnalytics\SentimentTests.cs(16,10): error CS0246: The type or namespace name 'FactAttribute' could not be found (are you missing a using directive or an assembly reference?)
C:\gh\azure-sdk-for-net\sdk\cognitiveservices\Language.TextAnalytics\tests\TextAnalytics\SentimentTests.cs(16,10): error CS0246: The type or namespace name 'Fact' could not be found (are you missing a using directive or an assembly reference?)
C:\gh\azure-sdk-for-net\sdk\cognitiveservices\Language.TextAnalytics\tests\TextAnalytics\KeyPhrasesTests.cs(16,10): error CS0246: The type or namespace name 'FactAttribute' could not be found (are you missing a using directive or an assembly reference?)
C:\gh\azure-sdk-for-net\sdk\cognitiveservices\Language.TextAnalytics\tests\TextAnalytics\KeyPhrasesTests.cs(16,10): error CS0246: The type or namespace name 'Fact' could not be found (are you missing a using directive or an assembly reference?)
C:\gh\azure-sdk-for-net\sdk\cognitiveservices\Language.TextAnalytics\tests\TextAnalytics\DetectLanguageTests.cs(16,10): error CS0246: The type or namespace name 'FactAttribute' could not be found (are you missing a using directive or an assembly reference?)
C:\gh\azure-sdk-for-net\sdk\cognitiveservices\Language.TextAnalytics\tests\TextAnalytics\DetectLanguageTests.cs(16,10): error CS0246: The type or namespace name 'Fact' could not be found (are you missing a using directive or an assembly reference?)
C:\gh\azure-sdk-for-net\sdk\cognitiveservices\Language.TextAnalytics\tests\TextAnalytics\EntitiesTests.cs(13,10): error CS0246: The type or namespace name 'FactAttribute' could not be found (are you missing a using directive or an assembly reference?)
C:\gh\azure-sdk-for-net\sdk\cognitiveservices\Language.TextAnalytics\tests\TextAnalytics\EntitiesTests.cs(13,10): error CS0246: The type or namespace name 'Fact' could not be found (are you missing a using directive or an assembly reference?)
C:\gh\azure-sdk-for-net\eng\mgmt\DisableTestRunParallel.cs(7,12): error CS0246: The type or namespace name 'CollectionBehaviorAttribute' could not be found (are you missing a using directive or an assembly reference?)
C:\gh\azure-sdk-for-net\eng\mgmt\DisableTestRunParallel.cs(7,12): error CS0246: The type or namespace name 'CollectionBehavior' could not be found (are you missing a using directive or an assembly reference?)
C:\gh\azure-sdk-for-net\eng\mgmt\DisableTestRunParallel.cs(7,31): error CS0246: The type or namespace name 'DisableTestParallelization' could not be found (are you missing a using directive or an assembly reference?)
C:\gh\azure-sdk-for-net\eng\mgmt\DisableTestRunParallel.cs(7,66): error CS0246: The type or namespace name 'MaxParallelThreads' could not be found (are you missing a using directive or an assembly reference?)
C:\gh\azure-sdk-for-net\sdk\cognitiveservices\Language.TextAnalytics\tests\BaseTests.cs(3,18): error CS0234: The type or namespace name 'Http' does not exist in the namespace 'System.Net' (are you missing an assembly reference?)
C:\gh\azure-sdk-for-net\sdk\cognitiveservices\Language.TextAnalytics\tests\TextAnalytics\DetectLanguageTests.cs(4,23): error CS0234: The type or namespace name 'Test' does not exist in the namespace 'Microsoft.Azure' (are you missing an assembly reference?)
C:\gh\azure-sdk-for-net\sdk\cognitiveservices\Language.TextAnalytics\tests\TextAnalytics\DetectLanguageTests.cs(5,17): error CS0234: The type or namespace name 'Rest' does not exist in the namespace 'Microsoft' (are you missing an assembly reference?)
C:\gh\azure-sdk-for-net\sdk\cognitiveservices\Language.TextAnalytics\tests\TextAnalytics\DetectLanguageTests.cs(10,7): error CS0246: The type or namespace name 'Xunit' could not be found (are you missing a using directive or an assembly reference?)
C:\gh\azure-sdk-for-net\sdk\cognitiveservices\Language.TextAnalytics\tests\TextAnalytics\EntitiesTests.cs(3,23): error CS0234: The type or namespace name 'Test' does not exist in the namespace 'Microsoft.Azure' (are you missing an assembly reference?)
C:\gh\azure-sdk-for-net\sdk\cognitiveservices\Language.TextAnalytics\tests\TextAnalytics\EntitiesTests.cs(4,17): error CS0234: The type or namespace name 'Rest' does not exist in the namespace 'Microsoft' (are you missing an assembly reference?)
C:\gh\azure-sdk-for-net\sdk\cognitiveservices\Language.TextAnalytics\tests\TextAnalytics\EntitiesTests.cs(7,7): error CS0246: The type or namespace name 'Xunit' could not be found (are you missing a using directive or an assembly reference?)
C:\gh\azure-sdk-for-net\sdk\cognitiveservices\Language.TextAnalytics\tests\TextAnalytics\KeyPhrasesTests.cs(4,23): error CS0234: The type or namespace name 'Test' does not exist in the namespace 'Microsoft.Azure' (are you missing an assembly reference?)
C:\gh\azure-sdk-for-net\sdk\cognitiveservices\Language.TextAnalytics\tests\TextAnalytics\KeyPhrasesTests.cs(5,17): error CS0234: The type or namespace name 'Rest' does not exist in the namespace 'Microsoft' (are you missing an assembly reference?)
C:\gh\azure-sdk-for-net\sdk\cognitiveservices\Language.TextAnalytics\tests\TextAnalytics\KeyPhrasesTests.cs(10,7): error CS0246: The type or namespace name 'Xunit' could not be found (are you missing a using directive or an assembly reference?)
C:\gh\azure-sdk-for-net\sdk\cognitiveservices\Language.TextAnalytics\tests\TextAnalytics\SentimentTests.cs(4,23): error CS0234: The type or namespace name 'Test' does not exist in the namespace 'Microsoft.Azure' (are you missing an assembly reference?)
C:\gh\azure-sdk-for-net\sdk\cognitiveservices\Language.TextAnalytics\tests\TextAnalytics\SentimentTests.cs(5,17): error CS0234: The type or namespace name 'Rest' does not exist in the namespace 'Microsoft' (are you missing an assembly reference?)
C:\gh\azure-sdk-for-net\sdk\cognitiveservices\Language.TextAnalytics\tests\TextAnalytics\SentimentTests.cs(10,7): error CS0246: The type or namespace name 'Xunit' could not be found (are you missing a using directive or an assembly reference?)
C:\gh\azure-sdk-for-net\eng\mgmt\DisableTestRunParallel.cs(5,7): error CS0246: The type or namespace name 'Xunit' could not be found (are you missing a using directive or an assembly reference?)
C:\gh\azure-sdk-for-net\sdk\cognitiveservices\Language.TextAnalytics\tests\ApiKeyServiceClientCredentials.cs(4,22): error CS0234: The type or namespace name 'Http' does not exist in the namespace 'System.Net' (are you missing an assembly reference?)
C:\gh\azure-sdk-for-net\sdk\cognitiveservices\Language.TextAnalytics\tests\ApiKeyServiceClientCredentials.cs(7,21): error CS0234: The type or namespace name 'Rest' does not exist in the namespace 'Microsoft' (are you missing an assembly reference?)
C:\gh\azure-sdk-for-net\sdk\cognitiveservices\Language.TextAnalytics\tests\TextAnalytics\SentimentTests.cs(52,10): error CS0246: The type or namespace name 'FactAttribute' could not be found (are you missing a using directive or an assembly reference?)
C:\gh\azure-sdk-for-net\sdk\cognitiveservices\Language.TextAnalytics\tests\TextAnalytics\SentimentTests.cs(52,10): error CS0246: The type or namespace name 'Fact' could not be found (are you missing a using directive or an assembly reference?)
C:\gh\azure-sdk-for-net\sdk\cognitiveservices\Language.TextAnalytics\tests\TextAnalytics\DetectLanguageTests.cs(54,10): error CS0246: The type or namespace name 'FactAttribute' could not be found (are you missing a using directive or an assembly reference?)
C:\gh\azure-sdk-for-net\sdk\cognitiveservices\Language.TextAnalytics\tests\TextAnalytics\DetectLanguageTests.cs(54,10): error CS0246: The type or namespace name 'Fact' could not be found (are you missing a using directive or an assembly reference?)
C:\gh\azure-sdk-for-net\sdk\cognitiveservices\Language.TextAnalytics\tests\TextAnalytics\EntitiesTests.cs(59,10): error CS0246: The type or namespace name 'FactAttribute' could not be found (are you missing a using directive or an assembly reference?)
C:\gh\azure-sdk-for-net\sdk\cognitiveservices\Language.TextAnalytics\tests\TextAnalytics\EntitiesTests.cs(59,10): error CS0246: The type or namespace name 'Fact' could not be found (are you missing a using directive or an assembly reference?)
C:\gh\azure-sdk-for-net\sdk\cognitiveservices\Language.TextAnalytics\tests\TextAnalytics\KeyPhrasesTests.cs(52,10): error CS0246: The type or namespace name 'FactAttribute' could not be found (are you missing a using directive or an assembly reference?)
C:\gh\azure-sdk-for-net\sdk\cognitiveservices\Language.TextAnalytics\tests\TextAnalytics\KeyPhrasesTests.cs(52,10): error CS0246: The type or namespace name 'Fact' could not be found (are you missing a using directive or an assembly reference?)
C:\gh\azure-sdk-for-net\sdk\cognitiveservices\Language.TextAnalytics\tests\TextAnalytics\SentimentTests.cs(75,10): error CS0246: The type or namespace name 'FactAttribute' could not be found (are you missing a using directive or an assembly reference?)
C:\gh\azure-sdk-for-net\sdk\cognitiveservices\Language.TextAnalytics\tests\TextAnalytics\SentimentTests.cs(75,10): error CS0246: The type or namespace name 'Fact' could not be found (are you missing a using directive or an assembly reference?)
C:\gh\azure-sdk-for-net\sdk\cognitiveservices\Language.TextAnalytics\tests\TextAnalytics\DetectLanguageTests.cs(75,10): error CS0246: The type or namespace name 'FactAttribute' could not be found (are you missing a using directive or an assembly reference?)
C:\gh\azure-sdk-for-net\sdk\cognitiveservices\Language.TextAnalytics\tests\TextAnalytics\DetectLanguageTests.cs(75,10): error CS0246: The type or namespace name 'Fact' could not be found (are you missing a using directive or an assembly reference?)
C:\gh\azure-sdk-for-net\sdk\cognitiveservices\Language.TextAnalytics\tests\TextAnalytics\EntitiesTests.cs(87,10): error CS0246: The type or namespace name 'FactAttribute' could not be found (are you missing a using directive or an assembly reference?)
C:\gh\azure-sdk-for-net\sdk\cognitiveservices\Language.TextAnalytics\tests\TextAnalytics\EntitiesTests.cs(87,10): error CS0246: The type or namespace name 'Fact' could not be found (are you missing a using directive or an assembly reference?)
C:\gh\azure-sdk-for-net\sdk\cognitiveservices\Language.TextAnalytics\tests\TextAnalytics\KeyPhrasesTests.cs(75,10): error CS0246: The type or namespace name 'FactAttribute' could not be found (are you missing a using directive or an assembly reference?)
C:\gh\azure-sdk-for-net\sdk\cognitiveservices\Language.TextAnalytics\tests\TextAnalytics\KeyPhrasesTests.cs(75,10): error CS0246: The type or namespace name 'Fact' could not be found (are you missing a using directive or an assembly reference?)
C:\gh\azure-sdk-for-net\sdk\cognitiveservices\Language.TextAnalytics\tests\BaseTests.cs(16,24): error CS0246: The type or namespace name 'ServiceClientCredentials' could not be found (are you missing a using directive or an assembly reference?)
C:\gh\azure-sdk-for-net\sdk\cognitiveservices\Language.TextAnalytics\tests\BaseTests.cs(16,24): error CS0012: The type 'HttpClientHandler' is defined in an assembly that is not referenced. You must add a reference to assembly 'System.Net.Http, Version=4.0.0.0, Culture=neutral, PublicKeyToken=b03f5f7f11d50a3a'.
C:\gh\azure-sdk-for-net\sdk\cognitiveservices\Language.TextAnalytics\tests\TextAnalytics\SentimentTests.cs(19,20): error CS0246: The type or namespace name 'MockContext' could not be found (are you missing a using directive or an assembly reference?)
C:\gh\azure-sdk-for-net\sdk\cognitiveservices\Language.TextAnalytics\tests\TextAnalytics\SentimentTests.cs(19,42): error CS0103: The name 'MockContext' does not exist in the current context
C:\gh\azure-sdk-for-net\sdk\cognitiveservices\Language.TextAnalytics\tests\TextAnalytics\SentimentTests.cs(21,17): error CS0103: The name 'HttpMockServer' does not exist in the current context
C:\gh\azure-sdk-for-net\sdk\cognitiveservices\Language.TextAnalytics\tests\TextAnalytics\SentimentTests.cs(22,57): error CS0103: The name 'HttpMockServer' does not exist in the current context
C:\gh\azure-sdk-for-net\sdk\cognitiveservices\Language.TextAnalytics\tests\TextAnalytics\SentimentTests.cs(35,17): error CS0103: The name 'Assert' does not exist in the current context
C:\gh\azure-sdk-for-net\sdk\cognitiveservices\Language.TextAnalytics\tests\TextAnalytics\DetectLanguageTests.cs(19,20): error CS0246: The type or namespace name 'MockContext' could not be found (are you missing a using directive or an assembly reference?)
C:\gh\azure-sdk-for-net\sdk\cognitiveservices\Language.TextAnalytics\tests\TextAnalytics\DetectLanguageTests.cs(19,42): error CS0103: The name 'MockContext' does not exist in the current context
C:\gh\azure-sdk-for-net\sdk\cognitiveservices\Language.TextAnalytics\tests\TextAnalytics\DetectLanguageTests.cs(21,17): error CS0103: The name 'HttpMockServer' does not exist in the current context
C:\gh\azure-sdk-for-net\sdk\cognitiveservices\Language.TextAnalytics\tests\TextAnalytics\DetectLanguageTests.cs(22,57): error CS0103: The name 'HttpMockServer' does not exist in the current context
C:\gh\azure-sdk-for-net\sdk\cognitiveservices\Language.TextAnalytics\tests\TextAnalytics\DetectLanguageTests.cs(30,17): error CS0103: The name 'Assert' does not exist in the current context
C:\gh\azure-sdk-for-net\sdk\cognitiveservices\Language.TextAnalytics\tests\TextAnalytics\DetectLanguageTests.cs(31,17): error CS0103: The name 'Assert' does not exist in the current context
C:\gh\azure-sdk-for-net\sdk\cognitiveservices\Language.TextAnalytics\tests\TextAnalytics\DetectLanguageTests.cs(32,17): error CS0103: The name 'Assert' does not exist in the current context
C:\gh\azure-sdk-for-net\sdk\cognitiveservices\Language.TextAnalytics\tests\TextAnalytics\KeyPhrasesTests.cs(19,20): error CS0246: The type or namespace name 'MockContext' could not be found (are you missing a using directive or an assembly reference?)
C:\gh\azure-sdk-for-net\sdk\cognitiveservices\Language.TextAnalytics\tests\TextAnalytics\KeyPhrasesTests.cs(19,42): error CS0103: The name 'MockContext' does not exist in the current context
C:\gh\azure-sdk-for-net\sdk\cognitiveservices\Language.TextAnalytics\tests\TextAnalytics\KeyPhrasesTests.cs(21,17): error CS0103: The name 'HttpMockServer' does not exist in the current context
C:\gh\azure-sdk-for-net\sdk\cognitiveservices\Language.TextAnalytics\tests\TextAnalytics\KeyPhrasesTests.cs(22,57): error CS0103: The name 'HttpMockServer' does not exist in the current context
C:\gh\azure-sdk-for-net\sdk\cognitiveservices\Language.TextAnalytics\tests\TextAnalytics\KeyPhrasesTests.cs(35,17): error CS0103: The name 'Assert' does not exist in the current context
C:\gh\azure-sdk-for-net\sdk\cognitiveservices\Language.TextAnalytics\tests\TextAnalytics\SentimentTests.cs(42,20): error CS0246: The type or namespace name 'MockContext' could not be found (are you missing a using directive or an assembly reference?)
C:\gh\azure-sdk-for-net\sdk\cognitiveservices\Language.TextAnalytics\tests\TextAnalytics\SentimentTests.cs(42,42): error CS0103: The name 'MockContext' does not exist in the current context
C:\gh\azure-sdk-for-net\sdk\cognitiveservices\Language.TextAnalytics\tests\TextAnalytics\SentimentTests.cs(44,17): error CS0103: The name 'HttpMockServer' does not exist in the current context
C:\gh\azure-sdk-for-net\sdk\cognitiveservices\Language.TextAnalytics\tests\TextAnalytics\SentimentTests.cs(45,57): error CS0103: The name 'HttpMockServer' does not exist in the current context
C:\gh\azure-sdk-for-net\sdk\cognitiveservices\Language.TextAnalytics\tests\TextAnalytics\SentimentTests.cs(48,17): error CS0103: The name 'Assert' does not exist in the current context
C:\gh\azure-sdk-for-net\sdk\cognitiveservices\Language.TextAnalytics\tests\TextAnalytics\EntitiesTests.cs(16,20): error CS0246: The type or namespace name 'MockContext' could not be found (are you missing a using directive or an assembly reference?)
C:\gh\azure-sdk-for-net\sdk\cognitiveservices\Language.TextAnalytics\tests\TextAnalytics\EntitiesTests.cs(16,42): error CS0103: The name 'MockContext' does not exist in the current context
C:\gh\azure-sdk-for-net\sdk\cognitiveservices\Language.TextAnalytics\tests\TextAnalytics\EntitiesTests.cs(18,17): error CS0103: The name 'HttpMockServer' does not exist in the current context
C:\gh\azure-sdk-for-net\sdk\cognitiveservices\Language.TextAnalytics\tests\TextAnalytics\EntitiesTests.cs(19,57): error CS0103: The name 'HttpMockServer' does not exist in the current context
C:\gh\azure-sdk-for-net\sdk\cognitiveservices\Language.TextAnalytics\tests\TextAnalytics\EntitiesTests.cs(32,17): error CS0103: The name 'Assert' does not exist in the current context
C:\gh\azure-sdk-for-net\sdk\cognitiveservices\Language.TextAnalytics\tests\TextAnalytics\EntitiesTests.cs(33,17): error CS0103: The name 'Assert' does not exist in the current context
C:\gh\azure-sdk-for-net\sdk\cognitiveservices\Language.TextAnalytics\tests\TextAnalytics\EntitiesTests.cs(34,17): error CS0103: The name 'Assert' does not exist in the current context
C:\gh\azure-sdk-for-net\sdk\cognitiveservices\Language.TextAnalytics\tests\TextAnalytics\EntitiesTests.cs(35,17): error CS0103: The name 'Assert' does not exist in the current context
C:\gh\azure-sdk-for-net\sdk\cognitiveservices\Language.TextAnalytics\tests\TextAnalytics\EntitiesTests.cs(36,17): error CS0103: The name 'Assert' does not exist in the current context
C:\gh\azure-sdk-for-net\sdk\cognitiveservices\Language.TextAnalytics\tests\TextAnalytics\KeyPhrasesTests.cs(42,20): error CS0246: The type or namespace name 'MockContext' could not be found (are you missing a using directive or an assembly reference?)
C:\gh\azure-sdk-for-net\sdk\cognitiveservices\Language.TextAnalytics\tests\TextAnalytics\KeyPhrasesTests.cs(42,42): error CS0103: The name 'MockContext' does not exist in the current context
C:\gh\azure-sdk-for-net\sdk\cognitiveservices\Language.TextAnalytics\tests\TextAnalytics\KeyPhrasesTests.cs(44,17): error CS0103: The name 'HttpMockServer' does not exist in the current context
C:\gh\azure-sdk-for-net\sdk\cognitiveservices\Language.TextAnalytics\tests\TextAnalytics\KeyPhrasesTests.cs(45,57): error CS0103: The name 'HttpMockServer' does not exist in the current context
C:\gh\azure-sdk-for-net\sdk\cognitiveservices\Language.TextAnalytics\tests\TextAnalytics\KeyPhrasesTests.cs(48,17): error CS0103: The name 'Assert' does not exist in the current context
C:\gh\azure-sdk-for-net\sdk\cognitiveservices\Language.TextAnalytics\tests\TextAnalytics\SentimentTests.cs(55,20): error CS0246: The type or namespace name 'MockContext' could not be found (are you missing a using directive or an assembly reference?)
C:\gh\azure-sdk-for-net\sdk\cognitiveservices\Language.TextAnalytics\tests\TextAnalytics\SentimentTests.cs(55,42): error CS0103: The name 'MockContext' does not exist in the current context
C:\gh\azure-sdk-for-net\sdk\cognitiveservices\Language.TextAnalytics\tests\TextAnalytics\SentimentTests.cs(57,17): error CS0103: The name 'HttpMockServer' does not exist in the current context
C:\gh\azure-sdk-for-net\sdk\cognitiveservices\Language.TextAnalytics\tests\TextAnalytics\SentimentTests.cs(58,57): error CS0103: The name 'HttpMockServer' does not exist in the current context
C:\gh\azure-sdk-for-net\sdk\cognitiveservices\Language.TextAnalytics\tests\TextAnalytics\SentimentTests.cs(71,17): error CS0103: The name 'Assert' does not exist in the current context
C:\gh\azure-sdk-for-net\sdk\cognitiveservices\Language.TextAnalytics\tests\TextAnalytics\DetectLanguageTests.cs(40,20): error CS0246: The type or namespace name 'MockContext' could not be found (are you missing a using directive or an assembly reference?)
C:\gh\azure-sdk-for-net\sdk\cognitiveservices\Language.TextAnalytics\tests\TextAnalytics\DetectLanguageTests.cs(40,42): error CS0103: The name 'MockContext' does not exist in the current context
C:\gh\azure-sdk-for-net\sdk\cognitiveservices\Language.TextAnalytics\tests\TextAnalytics\DetectLanguageTests.cs(42,17): error CS0103: The name 'HttpMockServer' does not exist in the current context
C:\gh\azure-sdk-for-net\sdk\cognitiveservices\Language.TextAnalytics\tests\TextAnalytics\DetectLanguageTests.cs(43,57): error CS0103: The name 'HttpMockServer' does not exist in the current context
C:\gh\azure-sdk-for-net\sdk\cognitiveservices\Language.TextAnalytics\tests\TextAnalytics\DetectLanguageTests.cs(47,17): error CS0103: The name 'Assert' does not exist in the current context
C:\gh\azure-sdk-for-net\sdk\cognitiveservices\Language.TextAnalytics\tests\TextAnalytics\DetectLanguageTests.cs(48,17): error CS0103: The name 'Assert' does not exist in the current context
C:\gh\azure-sdk-for-net\sdk\cognitiveservices\Language.TextAnalytics\tests\TextAnalytics\DetectLanguageTests.cs(49,17): error CS0103: The name 'Assert' does not exist in the current context
C:\gh\azure-sdk-for-net\sdk\cognitiveservices\Language.TextAnalytics\tests\TextAnalytics\SentimentTests.cs(78,20): error CS0246: The type or namespace name 'MockContext' could not be found (are you missing a using directive or an assembly reference?)
C:\gh\azure-sdk-for-net\sdk\cognitiveservices\Language.TextAnalytics\tests\TextAnalytics\SentimentTests.cs(78,42): error CS0103: The name 'MockContext' does not exist in the current context
C:\gh\azure-sdk-for-net\sdk\cognitiveservices\Language.TextAnalytics\tests\TextAnalytics\SentimentTests.cs(80,17): error CS0103: The name 'HttpMockServer' does not exist in the current context
C:\gh\azure-sdk-for-net\sdk\cognitiveservices\Language.TextAnalytics\tests\TextAnalytics\SentimentTests.cs(81,57): error CS0103: The name 'HttpMockServer' does not exist in the current context
C:\gh\azure-sdk-for-net\sdk\cognitiveservices\Language.TextAnalytics\tests\TextAnalytics\SentimentTests.cs(84,17): error CS0103: The name 'Assert' does not exist in the current context
C:\gh\azure-sdk-for-net\sdk\cognitiveservices\Language.TextAnalytics\tests\TextAnalytics\EntitiesTests.cs(44,20): error CS0246: The type or namespace name 'MockContext' could not be found (are you missing a using directive or an assembly reference?)
C:\gh\azure-sdk-for-net\sdk\cognitiveservices\Language.TextAnalytics\tests\TextAnalytics\EntitiesTests.cs(44,42): error CS0103: The name 'MockContext' does not exist in the current context
C:\gh\azure-sdk-for-net\sdk\cognitiveservices\Language.TextAnalytics\tests\TextAnalytics\EntitiesTests.cs(46,17): error CS0103: The name 'HttpMockServer' does not exist in the current context
C:\gh\azure-sdk-for-net\sdk\cognitiveservices\Language.TextAnalytics\tests\TextAnalytics\EntitiesTests.cs(47,57): error CS0103: The name 'HttpMockServer' does not exist in the current context
C:\gh\azure-sdk-for-net\sdk\cognitiveservices\Language.TextAnalytics\tests\TextAnalytics\EntitiesTests.cs(50,17): error CS0103: The name 'Assert' does not exist in the current context
C:\gh\azure-sdk-for-net\sdk\cognitiveservices\Language.TextAnalytics\tests\TextAnalytics\EntitiesTests.cs(51,17): error CS0103: The name 'Assert' does not exist in the current context
C:\gh\azure-sdk-for-net\sdk\cognitiveservices\Language.TextAnalytics\tests\TextAnalytics\EntitiesTests.cs(52,17): error CS0103: The name 'Assert' does not exist in the current context
C:\gh\azure-sdk-for-net\sdk\cognitiveservices\Language.TextAnalytics\tests\TextAnalytics\EntitiesTests.cs(53,17): error CS0103: The name 'Assert' does not exist in the current context
C:\gh\azure-sdk-for-net\sdk\cognitiveservices\Language.TextAnalytics\tests\TextAnalytics\EntitiesTests.cs(54,17): error CS0103: The name 'Assert' does not exist in the current context
C:\gh\azure-sdk-for-net\sdk\cognitiveservices\Language.TextAnalytics\tests\TextAnalytics\KeyPhrasesTests.cs(55,20): error CS0246: The type or namespace name 'MockContext' could not be found (are you missing a using directive or an assembly reference?)
C:\gh\azure-sdk-for-net\sdk\cognitiveservices\Language.TextAnalytics\tests\TextAnalytics\KeyPhrasesTests.cs(55,42): error CS0103: The name 'MockContext' does not exist in the current context
C:\gh\azure-sdk-for-net\sdk\cognitiveservices\Language.TextAnalytics\tests\TextAnalytics\KeyPhrasesTests.cs(57,17): error CS0103: The name 'HttpMockServer' does not exist in the current context
C:\gh\azure-sdk-for-net\sdk\cognitiveservices\Language.TextAnalytics\tests\TextAnalytics\KeyPhrasesTests.cs(58,57): error CS0103: The name 'HttpMockServer' does not exist in the current context
C:\gh\azure-sdk-for-net\sdk\cognitiveservices\Language.TextAnalytics\tests\TextAnalytics\KeyPhrasesTests.cs(71,17): error CS0103: The name 'Assert' does not exist in the current context
C:\gh\azure-sdk-for-net\sdk\cognitiveservices\Language.TextAnalytics\tests\TextAnalytics\DetectLanguageTests.cs(57,20): error CS0246: The type or namespace name 'MockContext' could not be found (are you missing a using directive or an assembly reference?)
C:\gh\azure-sdk-for-net\sdk\cognitiveservices\Language.TextAnalytics\tests\TextAnalytics\DetectLanguageTests.cs(57,42): error CS0103: The name 'MockContext' does not exist in the current context
C:\gh\azure-sdk-for-net\sdk\cognitiveservices\Language.TextAnalytics\tests\TextAnalytics\DetectLanguageTests.cs(59,17): error CS0103: The name 'HttpMockServer' does not exist in the current context
C:\gh\azure-sdk-for-net\sdk\cognitiveservices\Language.TextAnalytics\tests\TextAnalytics\DetectLanguageTests.cs(60,57): error CS0103: The name 'HttpMockServer' does not exist in the current context
C:\gh\azure-sdk-for-net\sdk\cognitiveservices\Language.TextAnalytics\tests\TextAnalytics\DetectLanguageTests.cs(68,17): error CS0103: The name 'Assert' does not exist in the current context
C:\gh\azure-sdk-for-net\sdk\cognitiveservices\Language.TextAnalytics\tests\TextAnalytics\DetectLanguageTests.cs(69,17): error CS0103: The name 'Assert' does not exist in the current context
C:\gh\azure-sdk-for-net\sdk\cognitiveservices\Language.TextAnalytics\tests\TextAnalytics\DetectLanguageTests.cs(70,17): error CS0103: The name 'Assert' does not exist in the current context
C:\gh\azure-sdk-for-net\sdk\cognitiveservices\Language.TextAnalytics\tests\TextAnalytics\KeyPhrasesTests.cs(78,20): error CS0246: The type or namespace name 'MockContext' could not be found (are you missing a using directive or an assembly reference?)
C:\gh\azure-sdk-for-net\sdk\cognitiveservices\Language.TextAnalytics\tests\TextAnalytics\KeyPhrasesTests.cs(78,42): error CS0103: The name 'MockContext' does not exist in the current context
C:\gh\azure-sdk-for-net\sdk\cognitiveservices\Language.TextAnalytics\tests\TextAnalytics\KeyPhrasesTests.cs(80,17): error CS0103: The name 'HttpMockServer' does not exist in the current context
C:\gh\azure-sdk-for-net\sdk\cognitiveservices\Language.TextAnalytics\tests\TextAnalytics\KeyPhrasesTests.cs(81,57): error CS0103: The name 'HttpMockServer' does not exist in the current context
C:\gh\azure-sdk-for-net\sdk\cognitiveservices\Language.TextAnalytics\tests\TextAnalytics\KeyPhrasesTests.cs(84,17): error CS0103: The name 'Assert' does not exist in the current context
C:\gh\azure-sdk-for-net\sdk\cognitiveservices\Language.TextAnalytics\tests\TextAnalytics\EntitiesTests.cs(62,20): error CS0246: The type or namespace name 'MockContext' could not be found (are you missing a using directive or an assembly reference?)
C:\gh\azure-sdk-for-net\sdk\cognitiveservices\Language.TextAnalytics\tests\TextAnalytics\EntitiesTests.cs(62,42): error CS0103: The name 'MockContext' does not exist in the current context
C:\gh\azure-sdk-for-net\sdk\cognitiveservices\Language.TextAnalytics\tests\TextAnalytics\EntitiesTests.cs(64,17): error CS0103: The name 'HttpMockServer' does not exist in the current context
C:\gh\azure-sdk-for-net\sdk\cognitiveservices\Language.TextAnalytics\tests\TextAnalytics\EntitiesTests.cs(65,57): error CS0103: The name 'HttpMockServer' does not exist in the current context
C:\gh\azure-sdk-for-net\sdk\cognitiveservices\Language.TextAnalytics\tests\TextAnalytics\EntitiesTests.cs(78,17): error CS0103: The name 'Assert' does not exist in the current context
C:\gh\azure-sdk-for-net\sdk\cognitiveservices\Language.TextAnalytics\tests\TextAnalytics\EntitiesTests.cs(79,17): error CS0103: The name 'Assert' does not exist in the current context
C:\gh\azure-sdk-for-net\sdk\cognitiveservices\Language.TextAnalytics\tests\TextAnalytics\EntitiesTests.cs(80,17): error CS0103: The name 'Assert' does not exist in the current context
C:\gh\azure-sdk-for-net\sdk\cognitiveservices\Language.TextAnalytics\tests\TextAnalytics\EntitiesTests.cs(81,17): error CS0103: The name 'Assert' does not exist in the current context
C:\gh\azure-sdk-for-net\sdk\cognitiveservices\Language.TextAnalytics\tests\TextAnalytics\EntitiesTests.cs(82,17): error CS0103: The name 'Assert' does not exist in the current context
C:\gh\azure-sdk-for-net\sdk\cognitiveservices\Language.TextAnalytics\tests\TextAnalytics\DetectLanguageTests.cs(78,20): error CS0246: The type or namespace name 'MockContext' could not be found (are you missing a using directive or an assembly reference?)
C:\gh\azure-sdk-for-net\sdk\cognitiveservices\Language.TextAnalytics\tests\TextAnalytics\DetectLanguageTests.cs(78,42): error CS0103: The name 'MockContext' does not exist in the current context
C:\gh\azure-sdk-for-net\sdk\cognitiveservices\Language.TextAnalytics\tests\TextAnalytics\DetectLanguageTests.cs(80,17): error CS0103: The name 'HttpMockServer' does not exist in the current context
C:\gh\azure-sdk-for-net\sdk\cognitiveservices\Language.TextAnalytics\tests\TextAnalytics\DetectLanguageTests.cs(81,57): error CS0103: The name 'HttpMockServer' does not exist in the current context
C:\gh\azure-sdk-for-net\sdk\cognitiveservices\Language.TextAnalytics\tests\TextAnalytics\DetectLanguageTests.cs(85,17): error CS0103: The name 'Assert' does not exist in the current context
C:\gh\azure-sdk-for-net\sdk\cognitiveservices\Language.TextAnalytics\tests\TextAnalytics\DetectLanguageTests.cs(86,17): error CS0103: The name 'Assert' does not exist in the current context
C:\gh\azure-sdk-for-net\sdk\cognitiveservices\Language.TextAnalytics\tests\TextAnalytics\DetectLanguageTests.cs(87,17): error CS0103: The name 'Assert' does not exist in the current context
C:\gh\azure-sdk-for-net\sdk\cognitiveservices\Language.TextAnalytics\tests\TextAnalytics\EntitiesTests.cs(90,20): error CS0246: The type or namespace name 'MockContext' could not be found (are you missing a using directive or an assembly reference?)
C:\gh\azure-sdk-for-net\sdk\cognitiveservices\Language.TextAnalytics\tests\TextAnalytics\EntitiesTests.cs(90,42): error CS0103: The name 'MockContext' does not exist in the current context
C:\gh\azure-sdk-for-net\sdk\cognitiveservices\Language.TextAnalytics\tests\TextAnalytics\EntitiesTests.cs(92,17): error CS0103: The name 'HttpMockServer' does not exist in the current context
C:\gh\azure-sdk-for-net\sdk\cognitiveservices\Language.TextAnalytics\tests\TextAnalytics\EntitiesTests.cs(93,57): error CS0103: The name 'HttpMockServer' does not exist in the current context
C:\gh\azure-sdk-for-net\sdk\cognitiveservices\Language.TextAnalytics\tests\TextAnalytics\EntitiesTests.cs(96,17): error CS0103: The name 'Assert' does not exist in the current context
C:\gh\azure-sdk-for-net\sdk\cognitiveservices\Language.TextAnalytics\tests\TextAnalytics\EntitiesTests.cs(97,17): error CS0103: The name 'Assert' does not exist in the current context
C:\gh\azure-sdk-for-net\sdk\cognitiveservices\Language.TextAnalytics\tests\TextAnalytics\EntitiesTests.cs(98,17): error CS0103: The name 'Assert' does not exist in the current context
C:\gh\azure-sdk-for-net\sdk\cognitiveservices\Language.TextAnalytics\tests\TextAnalytics\EntitiesTests.cs(99,17): error CS0103: The name 'Assert' does not exist in the current context
C:\gh\azure-sdk-for-net\sdk\cognitiveservices\Language.TextAnalytics\tests\TextAnalytics\EntitiesTests.cs(100,17): error CS0103: The name 'Assert' does not exist in the current context
C:\gh\azure-sdk-for-net\eng\mgmt\DisableTestRunParallel.cs(5,1): hidden CS8019: Unnecessary using directive.
C:\gh\azure-sdk-for-net\sdk\cognitiveservices\Language.TextAnalytics\tests\TextAnalytics\KeyPhrasesTests.cs(10,1): hidden CS8019: Unnecessary using directive.
C:\gh\azure-sdk-for-net\eng\mgmt\DisableTestRunParallel.cs(4,1): hidden CS8019: Unnecessary using directive.
C:\gh\azure-sdk-for-net\sdk\cognitiveservices\Language.TextAnalytics\tests\TextAnalytics\KeyPhrasesTests.cs(5,1): hidden CS8019: Unnecessary using directive.
C:\gh\azure-sdk-for-net\sdk\cognitiveservices\Language.TextAnalytics\tests\TextAnalytics\KeyPhrasesTests.cs(4,1): hidden CS8019: Unnecessary using directive.
C:\gh\azure-sdk-for-net\artifacts\obj\Microsoft.Azure.CognitiveServices.Language.TextAnalytics.Tests\Debug\net461\Microsoft.Azure.CognitiveServices.Language.TextAnalytics.Tests.AssemblyInfo.cs(11,1): hidden CS8019: Unnecessary using directive.
C:\gh\azure-sdk-for-net\sdk\cognitiveservices\Language.TextAnalytics\tests\TextAnalytics\SentimentTests.cs(10,1): hidden CS8019: Unnecessary using directive.
C:\gh\azure-sdk-for-net\sdk\cognitiveservices\Language.TextAnalytics\tests\ApiKeyServiceClientCredentials.cs(7,5): hidden CS8019: Unnecessary using directive.
C:\gh\azure-sdk-for-net\sdk\cognitiveservices\Language.TextAnalytics\tests\ApiKeyServiceClientCredentials.cs(4,5): hidden CS8019: Unnecessary using directive.
C:\gh\azure-sdk-for-net\sdk\cognitiveservices\Language.TextAnalytics\tests\TextAnalytics\DetectLanguageTests.cs(10,1): hidden CS8019: Unnecessary using directive.
C:\gh\azure-sdk-for-net\sdk\cognitiveservices\Language.TextAnalytics\tests\BaseTests.cs(2,1): hidden CS8019: Unnecessary using directive.
C:\gh\azure-sdk-for-net\sdk\cognitiveservices\Language.TextAnalytics\tests\TextAnalytics\EntitiesTests.cs(4,1): hidden CS8019: Unnecessary using directive.
C:\gh\azure-sdk-for-net\sdk\cognitiveservices\Language.TextAnalytics\tests\TextAnalytics\EntitiesTests.cs(3,1): hidden CS8019: Unnecessary using directive.
C:\gh\azure-sdk-for-net\sdk\cognitiveservices\Language.TextAnalytics\tests\TextAnalytics\SentimentTests.cs(5,1): hidden CS8019: Unnecessary using directive.
C:\gh\azure-sdk-for-net\sdk\cognitiveservices\Language.TextAnalytics\tests\TextAnalytics\DetectLanguageTests.cs(5,1): hidden CS8019: Unnecessary using directive.
C:\gh\azure-sdk-for-net\artifacts\obj\Microsoft.Azure.CognitiveServices.Language.TextAnalytics.Tests\Debug\net461\Microsoft.Azure.CognitiveServices.Language.TextAnalytics.Tests.AssemblyInfo.cs(12,1): hidden CS8019: Unnecessary using directive.
C:\gh\azure-sdk-for-net\artifacts\obj\Microsoft.Azure.CognitiveServices.Language.TextAnalytics.Tests\Debug\net461\.NETFramework,Version=v4.6.1.AssemblyAttributes.cs(2,1): hidden CS8019: Unnecessary using directive.
C:\gh\azure-sdk-for-net\sdk\cognitiveservices\Language.TextAnalytics\tests\TextAnalytics\SentimentTests.cs(4,1): hidden CS8019: Unnecessary using directive.
C:\gh\azure-sdk-for-net\sdk\cognitiveservices\Language.TextAnalytics\tests\TextAnalytics\EntitiesTests.cs(7,1): hidden CS8019: Unnecessary using directive.
C:\gh\azure-sdk-for-net\sdk\cognitiveservices\Language.TextAnalytics\tests\TextAnalytics\DetectLanguageTests.cs(4,1): hidden CS8019: Unnecessary using directive.
C:\gh\azure-sdk-for-net\artifacts\obj\Microsoft.Azure.CognitiveServices.Language.TextAnalytics.Tests\Debug\net461\.NETFramework,Version=v4.6.1.AssemblyAttributes.cs(3,1): hidden CS8019: Unnecessary using directive.
C:\gh\azure-sdk-for-net\sdk\cognitiveservices\Language.TextAnalytics\tests\BaseTests.cs(3,1): hidden CS8019: Unnecessary using directive.
