C:\gh\azure-sdk-for-net\sdk\eventhub\Azure.Messaging.EventHubs\tests\Amqp\AmqpConsumerTests.cs(829,42): error CS0115: 'AmqpConsumerTests.MockAmqpConsumer.GetTerminalException(ReceivingAmqpLink)': no suitable method found to override
C:\gh\azure-sdk-for-net\sdk\eventhub\Azure.Messaging.EventHubs\tests\Connection\EventHubConnectionTests.cs(1066,47): error CS0115: 'EventHubConnectionTests.ObservableTransportClientMock.CreateConsumer(string, string, EventPosition, EventHubsRetryPolicy, bool, bool, long?, uint?, long?)': no suitable method found to override
C:\gh\azure-sdk-for-net\sdk\eventhub\Azure.Messaging.EventHubs\tests\Connection\EventHubConnectionTests.cs(1034,23): error CS0534: 'EventHubConnectionTests.ObservableTransportClientMock' does not implement inherited abstract member 'TransportClient.CreateConsumer(string, string, EventPosition, EventHubsRetryPolicy, bool, long?, uint?, long?)'
C:\gh\azure-sdk-for-net\sdk\eventhub\Azure.Messaging.EventHubs\tests\Consumer\EventHubConsumerClientTests.cs(2559,49): error CS0115: 'EventHubConsumerClientTests.MockConnection.CreateTransportConsumer(string, string, EventPosition, EventHubsRetryPolicy, bool, bool, long?, uint?, long?)': no suitable method found to override
C:\gh\azure-sdk-for-net\sdk\eventhub\Azure.Messaging.EventHubs\tests\Amqp\AmqpExceptionExtensionsTests.cs(261,41): error CS1061: 'Exception' does not contain a definition for 'IsConsumerPartitionStolenException' and no accessible extension method 'IsConsumerPartitionStolenException' accepting a first argument of type 'Exception' could be found (are you missing a using directive or an assembly reference?)
C:\gh\azure-sdk-for-net\sdk\eventhub\Azure.Messaging.EventHubs\tests\Amqp\AmqpExceptionExtensionsTests.cs(273,42): error CS1061: 'Exception' does not contain a definition for 'IsConsumerPartitionStolenException' and no accessible extension method 'IsConsumerPartitionStolenException' accepting a first argument of type 'Exception' could be found (are you missing a using directive or an assembly reference?)
C:\gh\azure-sdk-for-net\sdk\eventhub\Azure.Messaging.EventHubs\tests\Amqp\AmqpExceptionExtensionsTests.cs(284,43): error CS1061: 'Exception' does not contain a definition for 'IsConsumerPartitionStolenException' and no accessible extension method 'IsConsumerPartitionStolenException' accepting a first argument of type 'Exception' could be found (are you missing a using directive or an assembly reference?)
C:\gh\azure-sdk-for-net\sdk\eventhub\Azure.Messaging.EventHubs\tests\Amqp\AmqpConsumerTests.cs(62,35): error CS1729: 'AmqpConsumer' does not contain a constructor that takes 12 arguments
C:\gh\azure-sdk-for-net\sdk\eventhub\Azure.Messaging.EventHubs\tests\Amqp\AmqpConsumerTests.cs(74,35): error CS1729: 'AmqpConsumer' does not contain a constructor that takes 12 arguments
C:\gh\azure-sdk-for-net\sdk\eventhub\Azure.Messaging.EventHubs\tests\Amqp\AmqpConsumerTests.cs(86,35): error CS1729: 'AmqpConsumer' does not contain a constructor that takes 12 arguments
C:\gh\azure-sdk-for-net\sdk\eventhub\Azure.Messaging.EventHubs\tests\Amqp\AmqpConsumerTests.cs(96,35): error CS1729: 'AmqpConsumer' does not contain a constructor that takes 12 arguments
C:\gh\azure-sdk-for-net\sdk\eventhub\Azure.Messaging.EventHubs\tests\Amqp\AmqpConsumerTests.cs(106,35): error CS1729: 'AmqpConsumer' does not contain a constructor that takes 12 arguments
C:\gh\azure-sdk-for-net\sdk\eventhub\Azure.Messaging.EventHubs\tests\Amqp\AmqpConsumerTests.cs(116,35): error CS1729: 'AmqpConsumer' does not contain a constructor that takes 12 arguments
C:\gh\azure-sdk-for-net\sdk\eventhub\Azure.Messaging.EventHubs\tests\Amqp\AmqpConsumerTests.cs(127,32): error CS1729: 'AmqpConsumer' does not contain a constructor that takes 12 arguments
C:\gh\azure-sdk-for-net\sdk\eventhub\Azure.Messaging.EventHubs\tests\Amqp\AmqpConsumerTests.cs(142,32): error CS1729: 'AmqpConsumer' does not contain a constructor that takes 12 arguments
C:\gh\azure-sdk-for-net\sdk\eventhub\Azure.Messaging.EventHubs\tests\Amqp\AmqpConsumerTests.cs(173,32): error CS1729: 'AmqpConsumer' does not contain a constructor that takes 12 arguments
error CS1705: Assembly 'Azure.Core.TestFramework' with identity 'Azure.Core.TestFramework, Version=1.0.0.0, Culture=neutral, PublicKeyToken=6a281e58f0dfecb7' uses 'Azure.Core, Version=1.15.0.0, Culture=neutral, PublicKeyToken=92742159e12e44c8' which has a higher version than referenced assembly 'Azure.Core' with identity 'Azure.Core, Version=1.14.0.0, Culture=neutral, PublicKeyToken=92742159e12e44c8'
C:\gh\azure-sdk-for-net\sdk\eventhub\Azure.Messaging.EventHubs\tests\Amqp\AmqpConsumerTests.cs(198,32): error CS1729: 'AmqpConsumer' does not contain a constructor that takes 12 arguments
C:\gh\azure-sdk-for-net\sdk\eventhub\Azure.Messaging.EventHubs\tests\Amqp\AmqpConsumerTests.cs(245,32): error CS1729: 'AmqpConsumer' does not contain a constructor that takes 12 arguments
C:\gh\azure-sdk-for-net\sdk\eventhub\Azure.Messaging.EventHubs\tests\Amqp\AmqpConsumerTests.cs(304,32): error CS1729: 'AmqpConsumer' does not contain a constructor that takes 12 arguments
C:\gh\azure-sdk-for-net\sdk\eventhub\Azure.Messaging.EventHubs\tests\Amqp\AmqpConsumerTests.cs(364,32): error CS1729: 'AmqpConsumer' does not contain a constructor that takes 12 arguments
error CS1705: Assembly 'Azure.Core.TestFramework' with identity 'Azure.Core.TestFramework, Version=1.0.0.0, Culture=neutral, PublicKeyToken=6a281e58f0dfecb7' uses 'Azure.Core, Version=1.15.0.0, Culture=neutral, PublicKeyToken=92742159e12e44c8' which has a higher version than referenced assembly 'Azure.Core' with identity 'Azure.Core, Version=1.14.0.0, Culture=neutral, PublicKeyToken=92742159e12e44c8'
C:\gh\azure-sdk-for-net\sdk\eventhub\Azure.Messaging.EventHubs\tests\Amqp\AmqpConsumerTests.cs(422,32): error CS1729: 'AmqpConsumer' does not contain a constructor that takes 12 arguments
C:\gh\azure-sdk-for-net\sdk\eventhub\Azure.Messaging.EventHubs\tests\Connection\EventHubConnectionTests.cs(760,156): error CS1503: Argument 6: cannot convert from 'bool' to 'long?'
C:\gh\azure-sdk-for-net\sdk\eventhub\Azure.Messaging.EventHubs\tests\Connection\EventHubConnectionTests.cs(760,205): error CS1503: Argument 7: cannot convert from 'long' to 'uint?'
error CS1705: Assembly 'Azure.Core.TestFramework' with identity 'Azure.Core.TestFramework, Version=1.0.0.0, Culture=neutral, PublicKeyToken=6a281e58f0dfecb7' uses 'Azure.Core, Version=1.15.0.0, Culture=neutral, PublicKeyToken=92742159e12e44c8' which has a higher version than referenced assembly 'Azure.Core' with identity 'Azure.Core, Version=1.14.0.0, Culture=neutral, PublicKeyToken=92742159e12e44c8'
error CS1705: Assembly 'Azure.Core.TestFramework' with identity 'Azure.Core.TestFramework, Version=1.0.0.0, Culture=neutral, PublicKeyToken=6a281e58f0dfecb7' uses 'Azure.Core, Version=1.15.0.0, Culture=neutral, PublicKeyToken=92742159e12e44c8' which has a higher version than referenced assembly 'Azure.Core' with identity 'Azure.Core, Version=1.14.0.0, Culture=neutral, PublicKeyToken=92742159e12e44c8'
C:\gh\azure-sdk-for-net\sdk\eventhub\Azure.Messaging.EventHubs\tests\Amqp\AmqpConsumerTests.cs(480,32): error CS1729: 'AmqpConsumer' does not contain a constructor that takes 12 arguments
C:\gh\azure-sdk-for-net\sdk\eventhub\Azure.Messaging.EventHubs\tests\Amqp\AmqpConsumerTests.cs(518,32): error CS1729: 'AmqpConsumer' does not contain a constructor that takes 12 arguments
C:\gh\azure-sdk-for-net\sdk\eventhub\Azure.Messaging.EventHubs\tests\Amqp\AmqpConsumerTests.cs(542,32): error CS1729: 'AmqpConsumer' does not contain a constructor that takes 12 arguments
C:\gh\azure-sdk-for-net\sdk\eventhub\Azure.Messaging.EventHubs\tests\Amqp\AmqpConsumerTests.cs(811,79): error CS1729: 'AmqpConsumer' does not contain a constructor that takes 12 arguments
C:\gh\azure-sdk-for-net\sdk\eventhub\Azure.Messaging.EventHubs\tests\Amqp\AmqpConsumerTests.cs(825,114): error CS0103: The name 'CreateConsumerLinkAsync' does not exist in the current context
C:\gh\azure-sdk-for-net\sdk\eventhub\Azure.Messaging.EventHubs\tests\Amqp\AmqpConsumerTests.cs(827,76): error CS0103: The name 'CloseConsumerLink' does not exist in the current context
C:\gh\azure-sdk-for-net\sdk\eventhub\Azure.Messaging.EventHubs\tests\Amqp\AmqpClientTests.cs(735,38): error CS1501: No overload for method 'CreateConsumer' takes 9 arguments
error CS1705: Assembly 'Azure.Core.TestFramework' with identity 'Azure.Core.TestFramework, Version=1.0.0.0, Culture=neutral, PublicKeyToken=6a281e58f0dfecb7' uses 'Azure.Core, Version=1.15.0.0, Culture=neutral, PublicKeyToken=92742159e12e44c8' which has a higher version than referenced assembly 'Azure.Core' with identity 'Azure.Core, Version=1.14.0.0, Culture=neutral, PublicKeyToken=92742159e12e44c8'
C:\gh\azure-sdk-for-net\sdk\eventhub\Azure.Messaging.EventHubs\tests\Consumer\EventHubConsumerClientTests.cs(635,37): error CS1501: No overload for method 'CreateTransportConsumer' takes 9 arguments
C:\gh\azure-sdk-for-net\sdk\eventhub\Azure.Messaging.EventHubs\tests\Consumer\EventHubConsumerClientTests.cs(642,38): error CS1501: No overload for method 'CreateTransportConsumer' takes 9 arguments
error CS1705: Assembly 'Azure.Core.TestFramework' with identity 'Azure.Core.TestFramework, Version=1.0.0.0, Culture=neutral, PublicKeyToken=6a281e58f0dfecb7' uses 'Azure.Core, Version=1.15.0.0, Culture=neutral, PublicKeyToken=92742159e12e44c8' which has a higher version than referenced assembly 'Azure.Core' with identity 'Azure.Core, Version=1.14.0.0, Culture=neutral, PublicKeyToken=92742159e12e44c8'
error CS1705: Assembly 'Azure.Core.TestFramework' with identity 'Azure.Core.TestFramework, Version=1.0.0.0, Culture=neutral, PublicKeyToken=6a281e58f0dfecb7' uses 'Azure.Core, Version=1.15.0.0, Culture=neutral, PublicKeyToken=92742159e12e44c8' which has a higher version than referenced assembly 'Azure.Core' with identity 'Azure.Core, Version=1.14.0.0, Culture=neutral, PublicKeyToken=92742159e12e44c8'
error CS1705: Assembly 'Azure.Core.TestFramework' with identity 'Azure.Core.TestFramework, Version=1.0.0.0, Culture=neutral, PublicKeyToken=6a281e58f0dfecb7' uses 'Azure.Core, Version=1.15.0.0, Culture=neutral, PublicKeyToken=92742159e12e44c8' which has a higher version than referenced assembly 'Azure.Core' with identity 'Azure.Core, Version=1.14.0.0, Culture=neutral, PublicKeyToken=92742159e12e44c8'
error CS1705: Assembly 'Azure.Core.TestFramework' with identity 'Azure.Core.TestFramework, Version=1.0.0.0, Culture=neutral, PublicKeyToken=6a281e58f0dfecb7' uses 'Azure.Core, Version=1.15.0.0, Culture=neutral, PublicKeyToken=92742159e12e44c8' which has a higher version than referenced assembly 'Azure.Core' with identity 'Azure.Core, Version=1.14.0.0, Culture=neutral, PublicKeyToken=92742159e12e44c8'
C:\gh\azure-sdk-for-net\sdk\eventhub\Azure.Messaging.EventHubs\tests\Primitives\PartitionReceiverTests.cs(761,50): error CS1501: No overload for method 'CreateTransportConsumer' takes 9 arguments
error CS1705: Assembly 'Azure.Core.TestFramework' with identity 'Azure.Core.TestFramework, Version=1.0.0.0, Culture=neutral, PublicKeyToken=6a281e58f0dfecb7' uses 'Azure.Core, Version=1.15.0.0, Culture=neutral, PublicKeyToken=92742159e12e44c8' which has a higher version than referenced assembly 'Azure.Core' with identity 'Azure.Core, Version=1.14.0.0, Culture=neutral, PublicKeyToken=92742159e12e44c8'
C:\gh\azure-sdk-for-net\sdk\eventhub\Azure.Messaging.EventHubs\tests\Primitives\PartitionReceiverTests.cs(796,49): error CS1501: No overload for method 'CreateTransportConsumer' takes 9 arguments
C:\gh\azure-sdk-for-net\sdk\eventhub\Azure.Messaging.EventHubs\tests\Primitives\PartitionReceiverTests.cs(831,49): error CS1501: No overload for method 'CreateTransportConsumer' takes 9 arguments
C:\gh\azure-sdk-for-net\sdk\eventhub\Azure.Messaging.EventHubs\tests\Primitives\PartitionReceiverTests.cs(1049,49): error CS1501: No overload for method 'CreateTransportConsumer' takes 9 arguments
error CS1705: Assembly 'Azure.Core.TestFramework' with identity 'Azure.Core.TestFramework, Version=1.0.0.0, Culture=neutral, PublicKeyToken=6a281e58f0dfecb7' uses 'Azure.Core, Version=1.15.0.0, Culture=neutral, PublicKeyToken=92742159e12e44c8' which has a higher version than referenced assembly 'Azure.Core' with identity 'Azure.Core, Version=1.14.0.0, Culture=neutral, PublicKeyToken=92742159e12e44c8'
C:\gh\azure-sdk-for-net\sdk\eventhub\Azure.Messaging.EventHubs\tests\Primitives\PartitionReceiverTests.cs(1096,49): error CS1501: No overload for method 'CreateTransportConsumer' takes 9 arguments
C:\gh\azure-sdk-for-net\sdk\eventhub\Azure.Messaging.EventHubs\tests\Primitives\PartitionReceiverTests.cs(1142,49): error CS1501: No overload for method 'CreateTransportConsumer' takes 9 arguments
C:\gh\azure-sdk-for-net\sdk\eventhub\Azure.Messaging.EventHubs\tests\Primitives\PartitionReceiverTests.cs(1210,49): error CS1501: No overload for method 'CreateTransportConsumer' takes 9 arguments
C:\gh\azure-sdk-for-net\sdk\eventhub\Azure.Messaging.EventHubs\tests\Primitives\PartitionReceiverTests.cs(1256,49): error CS1501: No overload for method 'CreateTransportConsumer' takes 9 arguments
C:\gh\azure-sdk-for-net\sdk\eventhub\Azure.Messaging.EventHubs\tests\Consumer\EventHubConsumerClientTests.cs(1371,37): error CS1501: No overload for method 'CreateTransportConsumer' takes 9 arguments
C:\gh\azure-sdk-for-net\sdk\eventhub\Azure.Messaging.EventHubs\tests\Consumer\EventHubConsumerClientTests.cs(1378,38): error CS1501: No overload for method 'CreateTransportConsumer' takes 9 arguments
C:\gh\azure-sdk-for-net\sdk\eventhub\Azure.Messaging.EventHubs\tests\Primitives\PartitionReceiverTests.cs(1354,49): error CS1501: No overload for method 'CreateTransportConsumer' takes 9 arguments
C:\gh\azure-sdk-for-net\sdk\eventhub\Azure.Messaging.EventHubs\tests\Primitives\PartitionReceiverTests.cs(1413,49): error CS1501: No overload for method 'CreateTransportConsumer' takes 9 arguments
C:\gh\azure-sdk-for-net\sdk\eventhub\Azure.Messaging.EventHubs\tests\Primitives\EventProcessorTests.PartitionProcessing.cs(423,49): error CS1501: No overload for method 'CreateTransportConsumer' takes 9 arguments
C:\gh\azure-sdk-for-net\sdk\eventhub\Azure.Messaging.EventHubs\tests\Primitives\EventProcessorTests.PartitionProcessing.cs(432,50): error CS1501: No overload for method 'CreateTransportConsumer' takes 9 arguments
C:\gh\azure-sdk-for-net\sdk\eventhub\Azure.Messaging.EventHubs\tests\Primitives\EventProcessorTests.PartitionProcessing.cs(572,35): error CS1061: 'EventHubsEventSource' does not contain a definition for 'EventProcessorPartitionProcessingStopConsumerClose' and no accessible extension method 'EventProcessorPartitionProcessingStopConsumerClose' accepting a first argument of type 'EventHubsEventSource' could be found (are you missing a using directive or an assembly reference?)
C:\gh\azure-sdk-for-net\sdk\eventhub\Azure.Messaging.EventHubs\tests\Primitives\EventProcessorTests.PartitionProcessing.cs(682,35): error CS1061: 'EventHubsEventSource' does not contain a definition for 'EventProcessorPartitionProcessingStopConsumerClose' and no accessible extension method 'EventProcessorPartitionProcessingStopConsumerClose' accepting a first argument of type 'EventHubsEventSource' could be found (are you missing a using directive or an assembly reference?)
C:\gh\azure-sdk-for-net\sdk\eventhub\Azure.Messaging.EventHubs\tests\Primitives\EventProcessorTests.PartitionProcessing.cs(1430,33): error CS1061: 'PartitionLoadBalancer' does not contain a definition for 'ReportPartitionStolen' and no accessible extension method 'ReportPartitionStolen' accepting a first argument of type 'PartitionLoadBalancer' could be found (are you missing a using directive or an assembly reference?)
C:\gh\azure-sdk-for-net\sdk\eventhub\Azure.Messaging.EventHubs\tests\Primitives\EventProcessorTests.PartitionProcessing.cs(1448,34): error CS1061: 'PartitionLoadBalancer' does not contain a definition for 'ReportPartitionStolen' and no accessible extension method 'ReportPartitionStolen' accepting a first argument of type 'PartitionLoadBalancer' could be found (are you missing a using directive or an assembly reference?)
C:\gh\azure-sdk-for-net\artifacts\obj\Azure.Messaging.EventHubs.Tests\Debug\net461\.NETFramework,Version=v4.6.1.AssemblyAttributes.cs(2,1): hidden CS8019: Unnecessary using directive.
C:\gh\azure-sdk-for-net\artifacts\obj\Azure.Messaging.EventHubs.Tests\Debug\net461\.NETFramework,Version=v4.6.1.AssemblyAttributes.cs(3,1): hidden CS8019: Unnecessary using directive.
C:\gh\azure-sdk-for-net\artifacts\obj\Azure.Messaging.EventHubs.Tests\Debug\net461\Azure.Messaging.EventHubs.Tests.AssemblyInfo.cs(11,1): hidden CS8019: Unnecessary using directive.
C:\gh\azure-sdk-for-net\sdk\eventhub\Azure.Messaging.EventHubs\tests\Snippets\Sample05_ReadingEventsLiveTests.cs(9,1): hidden CS8019: Unnecessary using directive.
C:\gh\azure-sdk-for-net\artifacts\obj\Azure.Messaging.EventHubs.Tests\Debug\net461\Azure.Messaging.EventHubs.Tests.AssemblyInfo.cs(12,1): hidden CS8019: Unnecessary using directive.
