C:\gh\azure-sdk-for-net\sdk\communication\Azure.Communication.NetworkTraversal\tests\samples\Sample1_CommunicationRelayClient.cs(120,10): error CS0246: The type or namespace name 'TestAttribute' could not be found (are you missing a using directive or an assembly reference?)
C:\gh\azure-sdk-for-net\sdk\communication\Azure.Communication.NetworkTraversal\tests\samples\Sample1_CommunicationRelayClient.cs(120,10): error CS0246: The type or namespace name 'Test' could not be found (are you missing a using directive or an assembly reference?)
C:\gh\azure-sdk-for-net\sdk\communication\Azure.Communication.NetworkTraversal\tests\CommunicationRelayClient\CommunicationRelayClientLiveTests.cs(29,10): error CS0246: The type or namespace name 'TestAttribute' could not be found (are you missing a using directive or an assembly reference?)
C:\gh\azure-sdk-for-net\sdk\communication\Azure.Communication.NetworkTraversal\tests\CommunicationRelayClient\CommunicationRelayClientLiveTests.cs(29,10): error CS0246: The type or namespace name 'Test' could not be found (are you missing a using directive or an assembly reference?)
C:\gh\azure-sdk-for-net\sdk\communication\Azure.Communication.NetworkTraversal\tests\CommunicationRelayClient\CommunicationRelayClientLiveTests.cs(30,10): error CS0246: The type or namespace name 'TestCaseAttribute' could not be found (are you missing a using directive or an assembly reference?)
C:\gh\azure-sdk-for-net\sdk\communication\Azure.Communication.NetworkTraversal\tests\CommunicationRelayClient\CommunicationRelayClientLiveTests.cs(30,10): error CS0246: The type or namespace name 'TestCase' could not be found (are you missing a using directive or an assembly reference?)
C:\gh\azure-sdk-for-net\sdk\communication\Azure.Communication.NetworkTraversal\tests\CommunicationRelayClient\CommunicationRelayClientLiveTests.cs(31,10): error CS0246: The type or namespace name 'TestCaseAttribute' could not be found (are you missing a using directive or an assembly reference?)
C:\gh\azure-sdk-for-net\sdk\communication\Azure.Communication.NetworkTraversal\tests\CommunicationRelayClient\CommunicationRelayClientLiveTests.cs(31,10): error CS0246: The type or namespace name 'TestCase' could not be found (are you missing a using directive or an assembly reference?)
C:\gh\azure-sdk-for-net\sdk\communication\Azure.Communication.NetworkTraversal\tests\CommunicationRelayClient\CommunicationRelayClientLiveTests.cs(32,10): error CS0246: The type or namespace name 'TestCaseAttribute' could not be found (are you missing a using directive or an assembly reference?)
C:\gh\azure-sdk-for-net\sdk\communication\Azure.Communication.NetworkTraversal\tests\CommunicationRelayClient\CommunicationRelayClientLiveTests.cs(32,10): error CS0246: The type or namespace name 'TestCase' could not be found (are you missing a using directive or an assembly reference?)
C:\gh\azure-sdk-for-net\sdk\communication\Azure.Communication.NetworkTraversal\tests\CommunicationRelayClient\CommunicationRelayClientLiveTests.cs(30,48): error CS0246: The type or namespace name 'TestName' could not be found (are you missing a using directive or an assembly reference?)
C:\gh\azure-sdk-for-net\sdk\communication\Azure.Communication.NetworkTraversal\tests\CommunicationRelayClient\CommunicationRelayClientLiveTests.cs(31,45): error CS0246: The type or namespace name 'TestName' could not be found (are you missing a using directive or an assembly reference?)
C:\gh\azure-sdk-for-net\sdk\communication\Azure.Communication.NetworkTraversal\tests\CommunicationRelayClient\CommunicationRelayClientLiveTests.cs(32,47): error CS0246: The type or namespace name 'TestName' could not be found (are you missing a using directive or an assembly reference?)
C:\gh\azure-sdk-for-net\sdk\communication\Azure.Communication.NetworkTraversal\tests\samples\Sample1_CommunicationRelayClient.cs(95,10): error CS0246: The type or namespace name 'TestAttribute' could not be found (are you missing a using directive or an assembly reference?)
C:\gh\azure-sdk-for-net\sdk\communication\Azure.Communication.NetworkTraversal\tests\samples\Sample1_CommunicationRelayClient.cs(95,10): error CS0246: The type or namespace name 'Test' could not be found (are you missing a using directive or an assembly reference?)
C:\gh\azure-sdk-for-net\sdk\communication\Azure.Communication.NetworkTraversal\tests\samples\Sample1_CommunicationRelayClient.cs(61,10): error CS0246: The type or namespace name 'TestAttribute' could not be found (are you missing a using directive or an assembly reference?)
C:\gh\azure-sdk-for-net\sdk\communication\Azure.Communication.NetworkTraversal\tests\samples\Sample1_CommunicationRelayClient.cs(61,10): error CS0246: The type or namespace name 'Test' could not be found (are you missing a using directive or an assembly reference?)
C:\gh\azure-sdk-for-net\sdk\communication\Azure.Communication.NetworkTraversal\tests\samples\Sample1_CommunicationRelayClient.cs(62,10): error CS0012: The type 'NUnitAttribute' is defined in an assembly that is not referenced. You must add a reference to assembly 'nunit.framework, Version=3.13.2.0, Culture=neutral, PublicKeyToken=2638cd05610744eb'.
C:\gh\azure-sdk-for-net\sdk\communication\Azure.Communication.NetworkTraversal\tests\samples\Sample1_CommunicationRelayClient.cs(27,10): error CS0246: The type or namespace name 'TestAttribute' could not be found (are you missing a using directive or an assembly reference?)
C:\gh\azure-sdk-for-net\sdk\communication\Azure.Communication.NetworkTraversal\tests\samples\Sample1_CommunicationRelayClient.cs(27,10): error CS0246: The type or namespace name 'Test' could not be found (are you missing a using directive or an assembly reference?)
C:\gh\azure-sdk-for-net\sdk\communication\Azure.Communication.NetworkTraversal\tests\samples\Sample1_CommunicationRelayClient.cs(28,10): error CS0012: The type 'NUnitAttribute' is defined in an assembly that is not referenced. You must add a reference to assembly 'nunit.framework, Version=3.13.2.0, Culture=neutral, PublicKeyToken=2638cd05610744eb'.
C:\gh\azure-sdk-for-net\sdk\communication\Azure.Communication.NetworkTraversal\tests\CommunicationRelayClient\CommunicationRelayClientLiveTests.cs(8,7): error CS0246: The type or namespace name 'NUnit' could not be found (are you missing a using directive or an assembly reference?)
C:\gh\azure-sdk-for-net\sdk\communication\Azure.Communication.NetworkTraversal\tests\Infrastructure\CommunicationRelayClientLiveTestBase.cs(9,13): error CS0234: The type or namespace name 'Identity' does not exist in the namespace 'Azure' (are you missing an assembly reference?)
C:\gh\azure-sdk-for-net\sdk\communication\Azure.Communication.NetworkTraversal\tests\samples\Sample1_CommunicationRelayClient.cs(11,13): error CS0234: The type or namespace name 'Identity' does not exist in the namespace 'Azure' (are you missing an assembly reference?)
C:\gh\azure-sdk-for-net\sdk\communication\Azure.Communication.NetworkTraversal\tests\samples\Sample1_CommunicationRelayClient.cs(12,7): error CS0246: The type or namespace name 'NUnit' could not be found (are you missing a using directive or an assembly reference?)
C:\gh\azure-sdk-for-net\sdk\communication\Azure.Communication.NetworkTraversal\tests\Infrastructure\CommunicationRelayClientRecordedTestSanitizer.cs(9,16): error CS0012: The type 'JToken' is defined in an assembly that is not referenced. You must add a reference to assembly 'Newtonsoft.Json, Version=10.0.0.0, Culture=neutral, PublicKeyToken=30ad4fe6b2a6aeed'.
C:\gh\azure-sdk-for-net\sdk\communication\Azure.Communication.NetworkTraversal\tests\Infrastructure\CommunicationRelayClientLiveTestBase.cs(25,21): error CS0012: The type 'AzureKeyCredential' is defined in an assembly that is not referenced. You must add a reference to assembly 'Azure.Core, Version=1.15.0.0, Culture=neutral, PublicKeyToken=92742159e12e44c8'.
C:\gh\azure-sdk-for-net\sdk\communication\Azure.Communication.NetworkTraversal\tests\Infrastructure\CommunicationRelayClientLiveTestBase.cs(25,21): error CS0012: The type 'TokenCredential' is defined in an assembly that is not referenced. You must add a reference to assembly 'Azure.Core, Version=1.15.0.0, Culture=neutral, PublicKeyToken=92742159e12e44c8'.
C:\gh\azure-sdk-for-net\sdk\communication\Azure.Communication.NetworkTraversal\tests\Infrastructure\CommunicationRelayClientLiveTestBase.cs(33,25): error CS0246: The type or namespace name 'AzureKeyCredential' could not be found (are you missing a using directive or an assembly reference?)
C:\gh\azure-sdk-for-net\sdk\communication\Azure.Communication.NetworkTraversal\tests\Infrastructure\CommunicationRelayClientLiveTestBase.cs(31,21): error CS0012: The type 'AzureKeyCredential' is defined in an assembly that is not referenced. You must add a reference to assembly 'Azure.Core, Version=1.15.0.0, Culture=neutral, PublicKeyToken=92742159e12e44c8'.
C:\gh\azure-sdk-for-net\sdk\communication\Azure.Communication.NetworkTraversal\tests\Infrastructure\CommunicationRelayClientLiveTestBase.cs(31,21): error CS0012: The type 'TokenCredential' is defined in an assembly that is not referenced. You must add a reference to assembly 'Azure.Core, Version=1.15.0.0, Culture=neutral, PublicKeyToken=92742159e12e44c8'.
C:\gh\azure-sdk-for-net\sdk\communication\Azure.Communication.NetworkTraversal\tests\Infrastructure\CommunicationRelayClientLiveTestBase.cs(31,21): error CS0012: The type 'HttpPipeline' is defined in an assembly that is not referenced. You must add a reference to assembly 'Azure.Core, Version=1.15.0.0, Culture=neutral, PublicKeyToken=92742159e12e44c8'.
C:\gh\azure-sdk-for-net\sdk\communication\Azure.Communication.NetworkTraversal\tests\CommunicationRelayClient\CommunicationRelayClientLiveTests.cs(45,13): error CS0246: The type or namespace name 'Response<>' could not be found (are you missing a using directive or an assembly reference?)
C:\gh\azure-sdk-for-net\sdk\communication\Azure.Communication.NetworkTraversal\tests\CommunicationRelayClient\CommunicationRelayClientLiveTests.cs(45,72): error CS0012: The type 'Response<>' is defined in an assembly that is not referenced. You must add a reference to assembly 'Azure.Core, Version=1.14.0.0, Culture=neutral, PublicKeyToken=92742159e12e44c8'.
C:\gh\azure-sdk-for-net\sdk\communication\Azure.Communication.NetworkTraversal\tests\CommunicationRelayClient\CommunicationRelayClientLiveTests.cs(46,13): error CS0246: The type or namespace name 'Response<>' could not be found (are you missing a using directive or an assembly reference?)
C:\gh\azure-sdk-for-net\sdk\communication\Azure.Communication.NetworkTraversal\tests\CommunicationRelayClient\CommunicationRelayClientLiveTests.cs(46,87): error CS0012: The type 'Response<>' is defined in an assembly that is not referenced. You must add a reference to assembly 'Azure.Core, Version=1.15.0.0, Culture=neutral, PublicKeyToken=92742159e12e44c8'.
C:\gh\azure-sdk-for-net\sdk\communication\Azure.Communication.NetworkTraversal\tests\CommunicationRelayClient\CommunicationRelayClientLiveTests.cs(48,13): error CS0103: The name 'Assert' does not exist in the current context
C:\gh\azure-sdk-for-net\sdk\communication\Azure.Communication.NetworkTraversal\tests\CommunicationRelayClient\CommunicationRelayClientLiveTests.cs(49,13): error CS0103: The name 'Assert' does not exist in the current context
C:\gh\azure-sdk-for-net\sdk\communication\Azure.Communication.NetworkTraversal\tests\CommunicationRelayClient\CommunicationRelayClientLiveTests.cs(50,13): error CS0103: The name 'Assert' does not exist in the current context
C:\gh\azure-sdk-for-net\sdk\communication\Azure.Communication.NetworkTraversal\tests\CommunicationRelayClient\CommunicationRelayClientLiveTests.cs(55,21): error CS0103: The name 'Assert' does not exist in the current context
C:\gh\azure-sdk-for-net\sdk\communication\Azure.Communication.NetworkTraversal\tests\CommunicationRelayClient\CommunicationRelayClientLiveTests.cs(57,17): error CS0103: The name 'Assert' does not exist in the current context
C:\gh\azure-sdk-for-net\sdk\communication\Azure.Communication.NetworkTraversal\tests\CommunicationRelayClient\CommunicationRelayClientLiveTests.cs(58,17): error CS0103: The name 'Assert' does not exist in the current context
C:\gh\azure-sdk-for-net\sdk\communication\Azure.Communication.NetworkTraversal\tests\Infrastructure\CommunicationRelayClientLiveTestBase.cs(40,86): error CS0246: The type or namespace name 'DefaultAzureCredential' could not be found (are you missing a using directive or an assembly reference?)
C:\gh\azure-sdk-for-net\sdk\communication\Azure.Communication.NetworkTraversal\tests\Infrastructure\CommunicationRelayClientLiveTestBase.cs(38,21): error CS0012: The type 'AzureKeyCredential' is defined in an assembly that is not referenced. You must add a reference to assembly 'Azure.Core, Version=1.15.0.0, Culture=neutral, PublicKeyToken=92742159e12e44c8'.
C:\gh\azure-sdk-for-net\sdk\communication\Azure.Communication.NetworkTraversal\tests\Infrastructure\CommunicationRelayClientLiveTestBase.cs(38,21): error CS0012: The type 'TokenCredential' is defined in an assembly that is not referenced. You must add a reference to assembly 'Azure.Core, Version=1.15.0.0, Culture=neutral, PublicKeyToken=92742159e12e44c8'.
C:\gh\azure-sdk-for-net\sdk\communication\Azure.Communication.NetworkTraversal\tests\Infrastructure\CommunicationRelayClientLiveTestBase.cs(38,21): error CS0012: The type 'HttpPipeline' is defined in an assembly that is not referenced. You must add a reference to assembly 'Azure.Core, Version=1.15.0.0, Culture=neutral, PublicKeyToken=92742159e12e44c8'.
C:\gh\azure-sdk-for-net\sdk\communication\Azure.Communication.NetworkTraversal\tests\samples\Sample1_CommunicationRelayClient.cs(34,13): error CS0246: The type or namespace name 'Response<>' could not be found (are you missing a using directive or an assembly reference?)
C:\gh\azure-sdk-for-net\sdk\communication\Azure.Communication.NetworkTraversal\tests\samples\Sample1_CommunicationRelayClient.cs(34,68): error CS0012: The type 'Response<>' is defined in an assembly that is not referenced. You must add a reference to assembly 'Azure.Core, Version=1.14.0.0, Culture=neutral, PublicKeyToken=92742159e12e44c8'.
C:\gh\azure-sdk-for-net\sdk\communication\Azure.Communication.NetworkTraversal\tests\samples\Sample1_CommunicationRelayClient.cs(45,13): error CS0246: The type or namespace name 'Response<>' could not be found (are you missing a using directive or an assembly reference?)
C:\gh\azure-sdk-for-net\sdk\communication\Azure.Communication.NetworkTraversal\tests\samples\Sample1_CommunicationRelayClient.cs(45,81): error CS0012: The type 'Response<>' is defined in an assembly that is not referenced. You must add a reference to assembly 'Azure.Core, Version=1.15.0.0, Culture=neutral, PublicKeyToken=92742159e12e44c8'.
C:\gh\azure-sdk-for-net\sdk\communication\Azure.Communication.NetworkTraversal\tests\Infrastructure\CommunicationRelayClientLiveTestBase.cs(52,21): error CS0311: The type 'Azure.Communication.Identity.CommunicationIdentityClientOptions' cannot be used as type parameter 'T' in the generic type or method 'RecordedTestBase.InstrumentClientOptions<T>(T)'. There is no implicit reference conversion from 'Azure.Communication.Identity.CommunicationIdentityClientOptions' to 'Azure.Core.ClientOptions'.
C:\gh\azure-sdk-for-net\sdk\communication\Azure.Communication.NetworkTraversal\tests\Infrastructure\CommunicationRelayClientLiveTestBase.cs(52,21): error CS0012: The type 'ClientOptions' is defined in an assembly that is not referenced. You must add a reference to assembly 'Azure.Core, Version=1.15.0.0, Culture=neutral, PublicKeyToken=92742159e12e44c8'.
C:\gh\azure-sdk-for-net\sdk\communication\Azure.Communication.NetworkTraversal\tests\Infrastructure\CommunicationRelayClientLiveTestBase.cs(50,21): error CS0012: The type 'AzureKeyCredential' is defined in an assembly that is not referenced. You must add a reference to assembly 'Azure.Core, Version=1.14.0.0, Culture=neutral, PublicKeyToken=92742159e12e44c8'.
C:\gh\azure-sdk-for-net\sdk\communication\Azure.Communication.NetworkTraversal\tests\Infrastructure\CommunicationRelayClientLiveTestBase.cs(50,21): error CS0012: The type 'TokenCredential' is defined in an assembly that is not referenced. You must add a reference to assembly 'Azure.Core, Version=1.14.0.0, Culture=neutral, PublicKeyToken=92742159e12e44c8'.
C:\gh\azure-sdk-for-net\sdk\communication\Azure.Communication.NetworkTraversal\tests\Infrastructure\CommunicationRelayClientLiveTestBase.cs(57,50): error CS0012: The type 'ClientOptions' is defined in an assembly that is not referenced. You must add a reference to assembly 'Azure.Core, Version=1.15.0.0, Culture=neutral, PublicKeyToken=92742159e12e44c8'.
C:\gh\azure-sdk-for-net\sdk\communication\Azure.Communication.NetworkTraversal\tests\Infrastructure\CommunicationRelayClientLiveTestBase.cs(57,50): error CS1061: 'CommunicationRelayClientOptions' does not contain a definition for 'Diagnostics' and no accessible extension method 'Diagnostics' accepting a first argument of type 'CommunicationRelayClientOptions' could be found (are you missing a using directive or an assembly reference?)
C:\gh\azure-sdk-for-net\sdk\communication\Azure.Communication.NetworkTraversal\tests\Infrastructure\CommunicationRelayClientLiveTestBase.cs(58,20): error CS0311: The type 'Azure.Communication.NetworkTraversal.CommunicationRelayClientOptions' cannot be used as type parameter 'T' in the generic type or method 'RecordedTestBase.InstrumentClientOptions<T>(T)'. There is no implicit reference conversion from 'Azure.Communication.NetworkTraversal.CommunicationRelayClientOptions' to 'Azure.Core.ClientOptions'.
C:\gh\azure-sdk-for-net\sdk\communication\Azure.Communication.NetworkTraversal\tests\Infrastructure\CommunicationRelayClientLiveTestBase.cs(58,20): error CS0012: The type 'ClientOptions' is defined in an assembly that is not referenced. You must add a reference to assembly 'Azure.Core, Version=1.15.0.0, Culture=neutral, PublicKeyToken=92742159e12e44c8'.
C:\gh\azure-sdk-for-net\sdk\communication\Azure.Communication.NetworkTraversal\tests\samples\Sample1_CommunicationRelayClient.cs(68,13): error CS0246: The type or namespace name 'Response<>' could not be found (are you missing a using directive or an assembly reference?)
C:\gh\azure-sdk-for-net\sdk\communication\Azure.Communication.NetworkTraversal\tests\samples\Sample1_CommunicationRelayClient.cs(68,62): error CS0012: The type 'Response<>' is defined in an assembly that is not referenced. You must add a reference to assembly 'Azure.Core, Version=1.14.0.0, Culture=neutral, PublicKeyToken=92742159e12e44c8'.
C:\gh\azure-sdk-for-net\sdk\communication\Azure.Communication.NetworkTraversal\tests\samples\Sample1_CommunicationRelayClient.cs(79,13): error CS0246: The type or namespace name 'Response<>' could not be found (are you missing a using directive or an assembly reference?)
C:\gh\azure-sdk-for-net\sdk\communication\Azure.Communication.NetworkTraversal\tests\samples\Sample1_CommunicationRelayClient.cs(79,75): error CS0012: The type 'Response<>' is defined in an assembly that is not referenced. You must add a reference to assembly 'Azure.Core, Version=1.15.0.0, Culture=neutral, PublicKeyToken=92742159e12e44c8'.
C:\gh\azure-sdk-for-net\sdk\communication\Azure.Communication.NetworkTraversal\tests\samples\Sample1_CommunicationRelayClient.cs(101,13): error CS0246: The type or namespace name 'TokenCredential' could not be found (are you missing a using directive or an assembly reference?)
C:\gh\azure-sdk-for-net\sdk\communication\Azure.Communication.NetworkTraversal\tests\samples\Sample1_CommunicationRelayClient.cs(101,51): error CS0246: The type or namespace name 'DefaultAzureCredential' could not be found (are you missing a using directive or an assembly reference?)
C:\gh\azure-sdk-for-net\sdk\communication\Azure.Communication.NetworkTraversal\tests\samples\Sample1_CommunicationRelayClient.cs(102,30): error CS0012: The type 'AzureKeyCredential' is defined in an assembly that is not referenced. You must add a reference to assembly 'Azure.Core, Version=1.15.0.0, Culture=neutral, PublicKeyToken=92742159e12e44c8'.
C:\gh\azure-sdk-for-net\sdk\communication\Azure.Communication.NetworkTraversal\tests\samples\Sample1_CommunicationRelayClient.cs(102,30): error CS0012: The type 'TokenCredential' is defined in an assembly that is not referenced. You must add a reference to assembly 'Azure.Core, Version=1.15.0.0, Culture=neutral, PublicKeyToken=92742159e12e44c8'.
C:\gh\azure-sdk-for-net\sdk\communication\Azure.Communication.NetworkTraversal\tests\samples\Sample1_CommunicationRelayClient.cs(102,55): error CS1503: Argument 1: cannot convert from 'System.Uri' to 'string'
C:\gh\azure-sdk-for-net\sdk\communication\Azure.Communication.NetworkTraversal\tests\samples\Sample1_CommunicationRelayClient.cs(106,13): error CS0246: The type or namespace name 'Response<>' could not be found (are you missing a using directive or an assembly reference?)
C:\gh\azure-sdk-for-net\sdk\communication\Azure.Communication.NetworkTraversal\tests\samples\Sample1_CommunicationRelayClient.cs(106,68): error CS0012: The type 'Response<>' is defined in an assembly that is not referenced. You must add a reference to assembly 'Azure.Core, Version=1.14.0.0, Culture=neutral, PublicKeyToken=92742159e12e44c8'.
C:\gh\azure-sdk-for-net\sdk\communication\Azure.Communication.NetworkTraversal\tests\samples\Sample1_CommunicationRelayClient.cs(112,17): error CS0246: The type or namespace name 'Response<>' could not be found (are you missing a using directive or an assembly reference?)
C:\gh\azure-sdk-for-net\sdk\communication\Azure.Communication.NetworkTraversal\tests\samples\Sample1_CommunicationRelayClient.cs(112,94): error CS0012: The type 'Response<>' is defined in an assembly that is not referenced. You must add a reference to assembly 'Azure.Core, Version=1.15.0.0, Culture=neutral, PublicKeyToken=92742159e12e44c8'.
C:\gh\azure-sdk-for-net\sdk\communication\Azure.Communication.NetworkTraversal\tests\samples\Sample1_CommunicationRelayClient.cs(116,17): error CS0103: The name 'Assert' does not exist in the current context
C:\gh\azure-sdk-for-net\sdk\communication\Azure.Communication.NetworkTraversal\tests\samples\Sample1_CommunicationRelayClient.cs(128,69): error CS0246: The type or namespace name 'AzureKeyCredential' could not be found (are you missing a using directive or an assembly reference?)
C:\gh\azure-sdk-for-net\sdk\communication\Azure.Communication.NetworkTraversal\tests\samples\Sample1_CommunicationRelayClient.cs(128,30): error CS0012: The type 'AzureKeyCredential' is defined in an assembly that is not referenced. You must add a reference to assembly 'Azure.Core, Version=1.15.0.0, Culture=neutral, PublicKeyToken=92742159e12e44c8'.
C:\gh\azure-sdk-for-net\sdk\communication\Azure.Communication.NetworkTraversal\tests\samples\Sample1_CommunicationRelayClient.cs(128,30): error CS0012: The type 'TokenCredential' is defined in an assembly that is not referenced. You must add a reference to assembly 'Azure.Core, Version=1.15.0.0, Culture=neutral, PublicKeyToken=92742159e12e44c8'.
C:\gh\azure-sdk-for-net\sdk\communication\Azure.Communication.NetworkTraversal\tests\samples\Sample1_CommunicationRelayClient.cs(128,55): error CS1503: Argument 1: cannot convert from 'System.Uri' to 'string'
C:\gh\azure-sdk-for-net\sdk\communication\Azure.Communication.NetworkTraversal\tests\samples\Sample1_CommunicationRelayClient.cs(132,13): error CS0246: The type or namespace name 'Response<>' could not be found (are you missing a using directive or an assembly reference?)
C:\gh\azure-sdk-for-net\sdk\communication\Azure.Communication.NetworkTraversal\tests\samples\Sample1_CommunicationRelayClient.cs(132,68): error CS0012: The type 'Response<>' is defined in an assembly that is not referenced. You must add a reference to assembly 'Azure.Core, Version=1.14.0.0, Culture=neutral, PublicKeyToken=92742159e12e44c8'.
C:\gh\azure-sdk-for-net\sdk\communication\Azure.Communication.NetworkTraversal\tests\samples\Sample1_CommunicationRelayClient.cs(138,17): error CS0246: The type or namespace name 'Response<>' could not be found (are you missing a using directive or an assembly reference?)
C:\gh\azure-sdk-for-net\sdk\communication\Azure.Communication.NetworkTraversal\tests\samples\Sample1_CommunicationRelayClient.cs(138,94): error CS0012: The type 'Response<>' is defined in an assembly that is not referenced. You must add a reference to assembly 'Azure.Core, Version=1.15.0.0, Culture=neutral, PublicKeyToken=92742159e12e44c8'.
C:\gh\azure-sdk-for-net\sdk\communication\Azure.Communication.NetworkTraversal\tests\samples\Sample1_CommunicationRelayClient.cs(142,17): error CS0103: The name 'Assert' does not exist in the current context
C:\gh\azure-sdk-for-net\sdk\communication\Azure.Communication.NetworkTraversal\tests\samples\Sample1_CommunicationRelayClient.cs(11,1): hidden CS8019: Unnecessary using directive.
C:\gh\azure-sdk-for-net\sdk\communication\Azure.Communication.NetworkTraversal\tests\samples\Sample1_CommunicationRelayClient.cs(7,1): hidden CS8019: Unnecessary using directive.
C:\gh\azure-sdk-for-net\artifacts\obj\Azure.Communication.NetworkTraversal.Tests\Debug\net461\Azure.Communication.NetworkTraversal.Tests.AssemblyInfo.cs(11,1): hidden CS8019: Unnecessary using directive.
C:\gh\azure-sdk-for-net\sdk\communication\Azure.Communication.NetworkTraversal\tests\CommunicationRelayClient\CommunicationRelayClientLiveTests.cs(8,1): hidden CS8019: Unnecessary using directive.
C:\gh\azure-sdk-for-net\sdk\communication\Azure.Communication.NetworkTraversal\tests\Infrastructure\CommunicationRelayClientLiveTestBase.cs(9,1): hidden CS8019: Unnecessary using directive.
C:\gh\azure-sdk-for-net\artifacts\obj\Azure.Communication.NetworkTraversal.Tests\Debug\net461\.NETFramework,Version=v4.6.1.AssemblyAttributes.cs(2,1): hidden CS8019: Unnecessary using directive.
C:\gh\azure-sdk-for-net\sdk\communication\Azure.Communication.NetworkTraversal\tests\samples\Sample1_CommunicationRelayClient.cs(9,1): hidden CS8019: Unnecessary using directive.
C:\gh\azure-sdk-for-net\artifacts\obj\Azure.Communication.NetworkTraversal.Tests\Debug\net461\Azure.Communication.NetworkTraversal.Tests.AssemblyInfo.cs(12,1): hidden CS8019: Unnecessary using directive.
C:\gh\azure-sdk-for-net\artifacts\obj\Azure.Communication.NetworkTraversal.Tests\Debug\net461\.NETFramework,Version=v4.6.1.AssemblyAttributes.cs(3,1): hidden CS8019: Unnecessary using directive.
C:\gh\azure-sdk-for-net\sdk\communication\Azure.Communication.NetworkTraversal\tests\Infrastructure\CommunicationRelayClientLiveTestBase.cs(4,1): hidden CS8019: Unnecessary using directive.
C:\gh\azure-sdk-for-net\sdk\communication\Azure.Communication.NetworkTraversal\tests\samples\Sample1_CommunicationRelayClient.cs(12,1): hidden CS8019: Unnecessary using directive.
