C:\gh\azure-sdk-for-net\sdk\communication\Shared\src\CommunicationBearerTokenCredential.cs(11,57): error CS0246: The type or namespace name 'TokenCredential' could not be found (are you missing a using directive or an assembly reference?)
C:\gh\azure-sdk-for-net\sdk\communication\Shared\src\CommunicationBearerTokenCredential.cs(18,62): error CS0246: The type or namespace name 'TokenRequestContext' could not be found (are you missing a using directive or an assembly reference?)
C:\gh\azure-sdk-for-net\sdk\communication\Shared\src\CommunicationBearerTokenCredential.cs(18,25): error CS0246: The type or namespace name 'ValueTask<>' could not be found (are you missing a using directive or an assembly reference?)
C:\gh\azure-sdk-for-net\sdk\communication\Shared\src\CommunicationBearerTokenCredential.cs(18,35): error CS0246: The type or namespace name 'AccessToken' could not be found (are you missing a using directive or an assembly reference?)
C:\gh\azure-sdk-for-net\sdk\communication\Shared\src\HMACAuthenticationPolicy.cs(15,47): error CS0246: The type or namespace name 'HttpPipelinePolicy' could not be found (are you missing a using directive or an assembly reference?)
C:\gh\azure-sdk-for-net\sdk\communication\Azure.Communication.Common\tests\Pipeline\CommunicationBearerTokenCredentialTests.cs(127,10): error CS0246: The type or namespace name 'TestAttribute' could not be found (are you missing a using directive or an assembly reference?)
C:\gh\azure-sdk-for-net\sdk\communication\Azure.Communication.Common\tests\Pipeline\CommunicationBearerTokenCredentialTests.cs(127,10): error CS0246: The type or namespace name 'Test' could not be found (are you missing a using directive or an assembly reference?)
C:\gh\azure-sdk-for-net\sdk\communication\Azure.Communication.Common\tests\Pipeline\CommunicationBearerTokenCredentialTests.cs(128,10): error CS0246: The type or namespace name 'TestCaseAttribute' could not be found (are you missing a using directive or an assembly reference?)
C:\gh\azure-sdk-for-net\sdk\communication\Azure.Communication.Common\tests\Pipeline\CommunicationBearerTokenCredentialTests.cs(128,10): error CS0246: The type or namespace name 'TestCase' could not be found (are you missing a using directive or an assembly reference?)
C:\gh\azure-sdk-for-net\sdk\communication\Azure.Communication.Common\tests\Pipeline\CommunicationBearerTokenCredentialTests.cs(129,10): error CS0246: The type or namespace name 'TestCaseAttribute' could not be found (are you missing a using directive or an assembly reference?)
C:\gh\azure-sdk-for-net\sdk\communication\Azure.Communication.Common\tests\Pipeline\CommunicationBearerTokenCredentialTests.cs(129,10): error CS0246: The type or namespace name 'TestCase' could not be found (are you missing a using directive or an assembly reference?)
C:\gh\azure-sdk-for-net\sdk\communication\Azure.Communication.Common\tests\Pipeline\HMACAuthenticationPolicyTests.cs(16,10): error CS0246: The type or namespace name 'TestAttribute' could not be found (are you missing a using directive or an assembly reference?)
C:\gh\azure-sdk-for-net\sdk\communication\Azure.Communication.Common\tests\Pipeline\HMACAuthenticationPolicyTests.cs(16,10): error CS0246: The type or namespace name 'Test' could not be found (are you missing a using directive or an assembly reference?)
C:\gh\azure-sdk-for-net\sdk\communication\Shared\src\CommunicationBearerTokenCredential.cs(17,46): error CS0246: The type or namespace name 'TokenRequestContext' could not be found (are you missing a using directive or an assembly reference?)
C:\gh\azure-sdk-for-net\sdk\communication\Shared\src\CommunicationBearerTokenCredential.cs(17,25): error CS0246: The type or namespace name 'AccessToken' could not be found (are you missing a using directive or an assembly reference?)
C:\gh\azure-sdk-for-net\sdk\communication\Azure.Communication.Common\tests\Pipeline\CommunicationBearerTokenCredentialTests.cs(20,16): error CS0246: The type or namespace name 'TokenRequestContext' could not be found (are you missing a using directive or an assembly reference?)
C:\gh\azure-sdk-for-net\sdk\communication\Azure.Communication.Common\tests\Identity\CommunicationTokenCredentialTest.cs(326,10): error CS0246: The type or namespace name 'TestAttribute' could not be found (are you missing a using directive or an assembly reference?)
C:\gh\azure-sdk-for-net\sdk\communication\Azure.Communication.Common\tests\Identity\CommunicationTokenCredentialTest.cs(326,10): error CS0246: The type or namespace name 'Test' could not be found (are you missing a using directive or an assembly reference?)
C:\gh\azure-sdk-for-net\sdk\communication\Azure.Communication.Common\tests\Identity\CommunicationTokenCredentialTest.cs(327,10): error CS0246: The type or namespace name 'TestCaseAttribute' could not be found (are you missing a using directive or an assembly reference?)
C:\gh\azure-sdk-for-net\sdk\communication\Azure.Communication.Common\tests\Identity\CommunicationTokenCredentialTest.cs(327,10): error CS0246: The type or namespace name 'TestCase' could not be found (are you missing a using directive or an assembly reference?)
C:\gh\azure-sdk-for-net\sdk\communication\Azure.Communication.Common\tests\Identity\CommunicationTokenCredentialTest.cs(328,10): error CS0246: The type or namespace name 'TestCaseAttribute' could not be found (are you missing a using directive or an assembly reference?)
C:\gh\azure-sdk-for-net\sdk\communication\Azure.Communication.Common\tests\Identity\CommunicationTokenCredentialTest.cs(328,10): error CS0246: The type or namespace name 'TestCase' could not be found (are you missing a using directive or an assembly reference?)
C:\gh\azure-sdk-for-net\sdk\communication\Azure.Communication.Common\tests\Identity\CommunicationTokenCredentialTest.cs(24,37): error CS0246: The type or namespace name 'ValueTask<>' could not be found (are you missing a using directive or an assembly reference?)
C:\gh\azure-sdk-for-net\sdk\communication\Azure.Communication.Common\tests\Identity\CommunicationTokenCredentialTest.cs(20,24): error CS0122: 'AutoRefreshTokenCredential' is inaccessible due to its protection level
C:\gh\azure-sdk-for-net\sdk\communication\Shared\src\HMACAuthenticationPolicy.cs(75,47): error CS0246: The type or namespace name 'RequestMethod' could not be found (are you missing a using directive or an assembly reference?)
C:\gh\azure-sdk-for-net\sdk\communication\Azure.Communication.Common\tests\Pipeline\PolicyTestBase.cs(14,62): error CS0246: The type or namespace name 'HttpPipelineTransport' could not be found (are you missing a using directive or an assembly reference?)
C:\gh\azure-sdk-for-net\sdk\communication\Azure.Communication.Common\tests\Pipeline\PolicyTestBase.cs(14,95): error CS0246: The type or namespace name 'HttpPipelinePolicy' could not be found (are you missing a using directive or an assembly reference?)
C:\gh\azure-sdk-for-net\sdk\communication\Azure.Communication.Common\tests\Pipeline\PolicyTestBase.cs(14,122): error CS0246: The type or namespace name 'ResponseClassifier' could not be found (are you missing a using directive or an assembly reference?)
C:\gh\azure-sdk-for-net\sdk\communication\Azure.Communication.Common\tests\Pipeline\PolicyTestBase.cs(14,37): error CS0246: The type or namespace name 'Response' could not be found (are you missing a using directive or an assembly reference?)
C:\gh\azure-sdk-for-net\sdk\communication\Shared\src\HMACAuthenticationPolicy.cs(65,33): error CS0246: The type or namespace name 'HttpMessage' could not be found (are you missing a using directive or an assembly reference?)
C:\gh\azure-sdk-for-net\sdk\communication\Azure.Communication.Common\tests\Pipeline\CommunicationBearerTokenCredentialTests.cs(100,10): error CS0246: The type or namespace name 'TestAttribute' could not be found (are you missing a using directive or an assembly reference?)
C:\gh\azure-sdk-for-net\sdk\communication\Azure.Communication.Common\tests\Pipeline\CommunicationBearerTokenCredentialTests.cs(100,10): error CS0246: The type or namespace name 'Test' could not be found (are you missing a using directive or an assembly reference?)
C:\gh\azure-sdk-for-net\sdk\communication\Azure.Communication.Common\tests\Pipeline\CommunicationBearerTokenCredentialTests.cs(101,10): error CS0246: The type or namespace name 'TestCaseAttribute' could not be found (are you missing a using directive or an assembly reference?)
C:\gh\azure-sdk-for-net\sdk\communication\Azure.Communication.Common\tests\Pipeline\CommunicationBearerTokenCredentialTests.cs(101,10): error CS0246: The type or namespace name 'TestCase' could not be found (are you missing a using directive or an assembly reference?)
C:\gh\azure-sdk-for-net\sdk\communication\Azure.Communication.Common\tests\Pipeline\CommunicationBearerTokenCredentialTests.cs(102,10): error CS0246: The type or namespace name 'TestCaseAttribute' could not be found (are you missing a using directive or an assembly reference?)
C:\gh\azure-sdk-for-net\sdk\communication\Azure.Communication.Common\tests\Pipeline\CommunicationBearerTokenCredentialTests.cs(102,10): error CS0246: The type or namespace name 'TestCase' could not be found (are you missing a using directive or an assembly reference?)
C:\gh\azure-sdk-for-net\sdk\communication\Shared\src\HMACAuthenticationPolicy.cs(51,71): error CS0246: The type or namespace name 'HttpMessage' could not be found (are you missing a using directive or an assembly reference?)
C:\gh\azure-sdk-for-net\sdk\communication\Shared\src\HMACAuthenticationPolicy.cs(51,30): error CS0246: The type or namespace name 'ValueTask<>' could not be found (are you missing a using directive or an assembly reference?)
C:\gh\azure-sdk-for-net\sdk\communication\Azure.Communication.Common\tests\Pipeline\CommunicationBearerTokenCredentialTests.cs(90,10): error CS0246: The type or namespace name 'TestAttribute' could not be found (are you missing a using directive or an assembly reference?)
C:\gh\azure-sdk-for-net\sdk\communication\Azure.Communication.Common\tests\Pipeline\CommunicationBearerTokenCredentialTests.cs(90,10): error CS0246: The type or namespace name 'Test' could not be found (are you missing a using directive or an assembly reference?)
C:\gh\azure-sdk-for-net\sdk\communication\Azure.Communication.Common\tests\Identity\CommunicationTokenCredentialTest.cs(303,10): error CS0246: The type or namespace name 'TestAttribute' could not be found (are you missing a using directive or an assembly reference?)
C:\gh\azure-sdk-for-net\sdk\communication\Azure.Communication.Common\tests\Identity\CommunicationTokenCredentialTest.cs(303,10): error CS0246: The type or namespace name 'Test' could not be found (are you missing a using directive or an assembly reference?)
C:\gh\azure-sdk-for-net\sdk\communication\Shared\src\HMACAuthenticationPolicy.cs(38,49): error CS0246: The type or namespace name 'HttpMessage' could not be found (are you missing a using directive or an assembly reference?)
C:\gh\azure-sdk-for-net\sdk\communication\Azure.Communication.Common\tests\Pipeline\CommunicationBearerTokenCredentialTests.cs(80,10): error CS0246: The type or namespace name 'TestAttribute' could not be found (are you missing a using directive or an assembly reference?)
C:\gh\azure-sdk-for-net\sdk\communication\Azure.Communication.Common\tests\Pipeline\CommunicationBearerTokenCredentialTests.cs(80,10): error CS0246: The type or namespace name 'Test' could not be found (are you missing a using directive or an assembly reference?)
C:\gh\azure-sdk-for-net\sdk\communication\Azure.Communication.Common\tests\Pipeline\CommunicationBearerTokenCredentialTests.cs(67,10): error CS0246: The type or namespace name 'TestAttribute' could not be found (are you missing a using directive or an assembly reference?)
C:\gh\azure-sdk-for-net\sdk\communication\Azure.Communication.Common\tests\Pipeline\CommunicationBearerTokenCredentialTests.cs(67,10): error CS0246: The type or namespace name 'Test' could not be found (are you missing a using directive or an assembly reference?)
C:\gh\azure-sdk-for-net\sdk\communication\Shared\src\HMACAuthenticationPolicy.cs(31,54): error CS0246: The type or namespace name 'HttpMessage' could not be found (are you missing a using directive or an assembly reference?)
C:\gh\azure-sdk-for-net\sdk\communication\Shared\src\HMACAuthenticationPolicy.cs(31,75): error CS0246: The type or namespace name 'ReadOnlyMemory<>' could not be found (are you missing a using directive or an assembly reference?)
C:\gh\azure-sdk-for-net\sdk\communication\Shared\src\HMACAuthenticationPolicy.cs(31,90): error CS0246: The type or namespace name 'HttpPipelinePolicy' could not be found (are you missing a using directive or an assembly reference?)
C:\gh\azure-sdk-for-net\sdk\communication\Shared\src\HMACAuthenticationPolicy.cs(31,31): error CS0246: The type or namespace name 'ValueTask' could not be found (are you missing a using directive or an assembly reference?)
C:\gh\azure-sdk-for-net\sdk\communication\Azure.Communication.Common\tests\Identity\CommunicationTokenCredentialTest.cs(285,10): error CS0246: The type or namespace name 'TestAttribute' could not be found (are you missing a using directive or an assembly reference?)
C:\gh\azure-sdk-for-net\sdk\communication\Azure.Communication.Common\tests\Identity\CommunicationTokenCredentialTest.cs(285,10): error CS0246: The type or namespace name 'Test' could not be found (are you missing a using directive or an assembly reference?)
C:\gh\azure-sdk-for-net\sdk\communication\Azure.Communication.Common\tests\Pipeline\CommunicationBearerTokenCredentialTests.cs(51,10): error CS0246: The type or namespace name 'TestAttribute' could not be found (are you missing a using directive or an assembly reference?)
C:\gh\azure-sdk-for-net\sdk\communication\Azure.Communication.Common\tests\Pipeline\CommunicationBearerTokenCredentialTests.cs(51,10): error CS0246: The type or namespace name 'Test' could not be found (are you missing a using directive or an assembly reference?)
C:\gh\azure-sdk-for-net\sdk\communication\Azure.Communication.Common\tests\Pipeline\CommunicationBearerTokenCredentialTests.cs(18,24): error CS0246: The type or namespace name 'ValueTask<>' could not be found (are you missing a using directive or an assembly reference?)
C:\gh\azure-sdk-for-net\sdk\communication\Shared\src\HMACAuthenticationPolicy.cs(24,38): error CS0246: The type or namespace name 'HttpMessage' could not be found (are you missing a using directive or an assembly reference?)
C:\gh\azure-sdk-for-net\sdk\communication\Shared\src\HMACAuthenticationPolicy.cs(24,59): error CS0246: The type or namespace name 'ReadOnlyMemory<>' could not be found (are you missing a using directive or an assembly reference?)
C:\gh\azure-sdk-for-net\sdk\communication\Shared\src\HMACAuthenticationPolicy.cs(24,74): error CS0246: The type or namespace name 'HttpPipelinePolicy' could not be found (are you missing a using directive or an assembly reference?)
C:\gh\azure-sdk-for-net\sdk\communication\Azure.Communication.Common\tests\Pipeline\CommunicationBearerTokenCredentialTests.cs(37,10): error CS0246: The type or namespace name 'TestAttribute' could not be found (are you missing a using directive or an assembly reference?)
C:\gh\azure-sdk-for-net\sdk\communication\Azure.Communication.Common\tests\Pipeline\CommunicationBearerTokenCredentialTests.cs(37,10): error CS0246: The type or namespace name 'Test' could not be found (are you missing a using directive or an assembly reference?)
C:\gh\azure-sdk-for-net\sdk\communication\Azure.Communication.Common\tests\Identity\CommunicationTokenCredentialTest.cs(246,10): error CS0246: The type or namespace name 'TestAttribute' could not be found (are you missing a using directive or an assembly reference?)
C:\gh\azure-sdk-for-net\sdk\communication\Azure.Communication.Common\tests\Identity\CommunicationTokenCredentialTest.cs(246,10): error CS0246: The type or namespace name 'Test' could not be found (are you missing a using directive or an assembly reference?)
C:\gh\azure-sdk-for-net\sdk\communication\Azure.Communication.Common\tests\Identity\CommunicationTokenCredentialTest.cs(247,10): error CS0246: The type or namespace name 'TestCaseAttribute' could not be found (are you missing a using directive or an assembly reference?)
C:\gh\azure-sdk-for-net\sdk\communication\Azure.Communication.Common\tests\Identity\CommunicationTokenCredentialTest.cs(247,10): error CS0246: The type or namespace name 'TestCase' could not be found (are you missing a using directive or an assembly reference?)
C:\gh\azure-sdk-for-net\sdk\communication\Azure.Communication.Common\tests\Identity\CommunicationTokenCredentialTest.cs(248,10): error CS0246: The type or namespace name 'TestCaseAttribute' could not be found (are you missing a using directive or an assembly reference?)
C:\gh\azure-sdk-for-net\sdk\communication\Azure.Communication.Common\tests\Identity\CommunicationTokenCredentialTest.cs(248,10): error CS0246: The type or namespace name 'TestCase' could not be found (are you missing a using directive or an assembly reference?)
C:\gh\azure-sdk-for-net\sdk\communication\Azure.Communication.Common\tests\Pipeline\CommunicationBearerTokenCredentialTests.cs(26,10): error CS0246: The type or namespace name 'TestAttribute' could not be found (are you missing a using directive or an assembly reference?)
C:\gh\azure-sdk-for-net\sdk\communication\Azure.Communication.Common\tests\Pipeline\CommunicationBearerTokenCredentialTests.cs(26,10): error CS0246: The type or namespace name 'Test' could not be found (are you missing a using directive or an assembly reference?)
C:\gh\azure-sdk-for-net\sdk\communication\Azure.Communication.Common\tests\Identity\CommunicationTokenCredentialTest.cs(230,10): error CS0246: The type or namespace name 'TestAttribute' could not be found (are you missing a using directive or an assembly reference?)
C:\gh\azure-sdk-for-net\sdk\communication\Azure.Communication.Common\tests\Identity\CommunicationTokenCredentialTest.cs(230,10): error CS0246: The type or namespace name 'Test' could not be found (are you missing a using directive or an assembly reference?)
C:\gh\azure-sdk-for-net\sdk\communication\Azure.Communication.Common\tests\Identity\CommunicationTokenCredentialTest.cs(215,10): error CS0246: The type or namespace name 'TestAttribute' could not be found (are you missing a using directive or an assembly reference?)
C:\gh\azure-sdk-for-net\sdk\communication\Azure.Communication.Common\tests\Identity\CommunicationTokenCredentialTest.cs(215,10): error CS0246: The type or namespace name 'Test' could not be found (are you missing a using directive or an assembly reference?)
C:\gh\azure-sdk-for-net\sdk\communication\Azure.Communication.Common\tests\Identity\CommunicationTokenCredentialTest.cs(216,10): error CS0246: The type or namespace name 'TestCaseAttribute' could not be found (are you missing a using directive or an assembly reference?)
C:\gh\azure-sdk-for-net\sdk\communication\Azure.Communication.Common\tests\Identity\CommunicationTokenCredentialTest.cs(216,10): error CS0246: The type or namespace name 'TestCase' could not be found (are you missing a using directive or an assembly reference?)
C:\gh\azure-sdk-for-net\sdk\communication\Azure.Communication.Common\tests\Identity\CommunicationTokenCredentialTest.cs(217,10): error CS0246: The type or namespace name 'TestCaseAttribute' could not be found (are you missing a using directive or an assembly reference?)
C:\gh\azure-sdk-for-net\sdk\communication\Azure.Communication.Common\tests\Identity\CommunicationTokenCredentialTest.cs(217,10): error CS0246: The type or namespace name 'TestCase' could not be found (are you missing a using directive or an assembly reference?)
C:\gh\azure-sdk-for-net\sdk\communication\Azure.Communication.Common\tests\Identity\CommunicationTokenCredentialTest.cs(193,10): error CS0246: The type or namespace name 'TestAttribute' could not be found (are you missing a using directive or an assembly reference?)
C:\gh\azure-sdk-for-net\sdk\communication\Azure.Communication.Common\tests\Identity\CommunicationTokenCredentialTest.cs(193,10): error CS0246: The type or namespace name 'Test' could not be found (are you missing a using directive or an assembly reference?)
C:\gh\azure-sdk-for-net\sdk\communication\Azure.Communication.Common\tests\Identity\CommunicationTokenCredentialTest.cs(194,10): error CS0246: The type or namespace name 'TestCaseAttribute' could not be found (are you missing a using directive or an assembly reference?)
C:\gh\azure-sdk-for-net\sdk\communication\Azure.Communication.Common\tests\Identity\CommunicationTokenCredentialTest.cs(194,10): error CS0246: The type or namespace name 'TestCase' could not be found (are you missing a using directive or an assembly reference?)
C:\gh\azure-sdk-for-net\sdk\communication\Azure.Communication.Common\tests\Identity\CommunicationTokenCredentialTest.cs(195,10): error CS0246: The type or namespace name 'TestCaseAttribute' could not be found (are you missing a using directive or an assembly reference?)
C:\gh\azure-sdk-for-net\sdk\communication\Azure.Communication.Common\tests\Identity\CommunicationTokenCredentialTest.cs(195,10): error CS0246: The type or namespace name 'TestCase' could not be found (are you missing a using directive or an assembly reference?)
C:\gh\azure-sdk-for-net\sdk\communication\Azure.Communication.Common\tests\Identity\CommunicationTokenCredentialTest.cs(196,10): error CS0246: The type or namespace name 'TestCaseAttribute' could not be found (are you missing a using directive or an assembly reference?)
C:\gh\azure-sdk-for-net\sdk\communication\Azure.Communication.Common\tests\Identity\CommunicationTokenCredentialTest.cs(196,10): error CS0246: The type or namespace name 'TestCase' could not be found (are you missing a using directive or an assembly reference?)
C:\gh\azure-sdk-for-net\sdk\communication\Azure.Communication.Common\tests\Identity\CommunicationTokenCredentialTest.cs(197,10): error CS0246: The type or namespace name 'TestCaseAttribute' could not be found (are you missing a using directive or an assembly reference?)
C:\gh\azure-sdk-for-net\sdk\communication\Azure.Communication.Common\tests\Identity\CommunicationTokenCredentialTest.cs(197,10): error CS0246: The type or namespace name 'TestCase' could not be found (are you missing a using directive or an assembly reference?)
C:\gh\azure-sdk-for-net\sdk\communication\Azure.Communication.Common\tests\Identity\CommunicationTokenCredentialTest.cs(170,10): error CS0246: The type or namespace name 'TestAttribute' could not be found (are you missing a using directive or an assembly reference?)
C:\gh\azure-sdk-for-net\sdk\communication\Azure.Communication.Common\tests\Identity\CommunicationTokenCredentialTest.cs(170,10): error CS0246: The type or namespace name 'Test' could not be found (are you missing a using directive or an assembly reference?)
C:\gh\azure-sdk-for-net\sdk\communication\Azure.Communication.Common\tests\Identity\CommunicationTokenCredentialTest.cs(171,10): error CS0246: The type or namespace name 'TestCaseAttribute' could not be found (are you missing a using directive or an assembly reference?)
C:\gh\azure-sdk-for-net\sdk\communication\Azure.Communication.Common\tests\Identity\CommunicationTokenCredentialTest.cs(171,10): error CS0246: The type or namespace name 'TestCase' could not be found (are you missing a using directive or an assembly reference?)
C:\gh\azure-sdk-for-net\sdk\communication\Azure.Communication.Common\tests\Identity\CommunicationTokenCredentialTest.cs(172,10): error CS0246: The type or namespace name 'TestCaseAttribute' could not be found (are you missing a using directive or an assembly reference?)
C:\gh\azure-sdk-for-net\sdk\communication\Azure.Communication.Common\tests\Identity\CommunicationTokenCredentialTest.cs(172,10): error CS0246: The type or namespace name 'TestCase' could not be found (are you missing a using directive or an assembly reference?)
C:\gh\azure-sdk-for-net\sdk\communication\Azure.Communication.Common\tests\Identity\CommunicationTokenCredentialTest.cs(146,10): error CS0246: The type or namespace name 'TestAttribute' could not be found (are you missing a using directive or an assembly reference?)
C:\gh\azure-sdk-for-net\sdk\communication\Azure.Communication.Common\tests\Identity\CommunicationTokenCredentialTest.cs(146,10): error CS0246: The type or namespace name 'Test' could not be found (are you missing a using directive or an assembly reference?)
C:\gh\azure-sdk-for-net\sdk\communication\Azure.Communication.Common\tests\Identity\CommunicationTokenCredentialTest.cs(118,10): error CS0246: The type or namespace name 'TestAttribute' could not be found (are you missing a using directive or an assembly reference?)
C:\gh\azure-sdk-for-net\sdk\communication\Azure.Communication.Common\tests\Identity\CommunicationTokenCredentialTest.cs(118,10): error CS0246: The type or namespace name 'Test' could not be found (are you missing a using directive or an assembly reference?)
C:\gh\azure-sdk-for-net\sdk\communication\Azure.Communication.Common\tests\Identity\CommunicationTokenCredentialTest.cs(119,10): error CS0246: The type or namespace name 'TestCaseAttribute' could not be found (are you missing a using directive or an assembly reference?)
C:\gh\azure-sdk-for-net\sdk\communication\Azure.Communication.Common\tests\Identity\CommunicationTokenCredentialTest.cs(119,10): error CS0246: The type or namespace name 'TestCase' could not be found (are you missing a using directive or an assembly reference?)
C:\gh\azure-sdk-for-net\sdk\communication\Azure.Communication.Common\tests\Identity\CommunicationTokenCredentialTest.cs(120,10): error CS0246: The type or namespace name 'TestCaseAttribute' could not be found (are you missing a using directive or an assembly reference?)
C:\gh\azure-sdk-for-net\sdk\communication\Azure.Communication.Common\tests\Identity\CommunicationTokenCredentialTest.cs(120,10): error CS0246: The type or namespace name 'TestCase' could not be found (are you missing a using directive or an assembly reference?)
C:\gh\azure-sdk-for-net\sdk\communication\Azure.Communication.Common\tests\Identity\CommunicationTokenCredentialTest.cs(121,10): error CS0246: The type or namespace name 'TestCaseAttribute' could not be found (are you missing a using directive or an assembly reference?)
C:\gh\azure-sdk-for-net\sdk\communication\Azure.Communication.Common\tests\Identity\CommunicationTokenCredentialTest.cs(121,10): error CS0246: The type or namespace name 'TestCase' could not be found (are you missing a using directive or an assembly reference?)
C:\gh\azure-sdk-for-net\sdk\communication\Azure.Communication.Common\tests\Identity\CommunicationTokenCredentialTest.cs(122,10): error CS0246: The type or namespace name 'TestCaseAttribute' could not be found (are you missing a using directive or an assembly reference?)
C:\gh\azure-sdk-for-net\sdk\communication\Azure.Communication.Common\tests\Identity\CommunicationTokenCredentialTest.cs(122,10): error CS0246: The type or namespace name 'TestCase' could not be found (are you missing a using directive or an assembly reference?)
C:\gh\azure-sdk-for-net\sdk\communication\Azure.Communication.Common\tests\Identity\CommunicationTokenCredentialTest.cs(107,10): error CS0246: The type or namespace name 'TestAttribute' could not be found (are you missing a using directive or an assembly reference?)
C:\gh\azure-sdk-for-net\sdk\communication\Azure.Communication.Common\tests\Identity\CommunicationTokenCredentialTest.cs(107,10): error CS0246: The type or namespace name 'Test' could not be found (are you missing a using directive or an assembly reference?)
C:\gh\azure-sdk-for-net\sdk\communication\Azure.Communication.Common\tests\Identity\CommunicationTokenCredentialTest.cs(108,10): error CS0246: The type or namespace name 'TestCaseAttribute' could not be found (are you missing a using directive or an assembly reference?)
C:\gh\azure-sdk-for-net\sdk\communication\Azure.Communication.Common\tests\Identity\CommunicationTokenCredentialTest.cs(108,10): error CS0246: The type or namespace name 'TestCase' could not be found (are you missing a using directive or an assembly reference?)
C:\gh\azure-sdk-for-net\sdk\communication\Azure.Communication.Common\tests\Identity\CommunicationTokenCredentialTest.cs(109,10): error CS0246: The type or namespace name 'TestCaseAttribute' could not be found (are you missing a using directive or an assembly reference?)
C:\gh\azure-sdk-for-net\sdk\communication\Azure.Communication.Common\tests\Identity\CommunicationTokenCredentialTest.cs(109,10): error CS0246: The type or namespace name 'TestCase' could not be found (are you missing a using directive or an assembly reference?)
C:\gh\azure-sdk-for-net\sdk\communication\Azure.Communication.Common\tests\Identity\CommunicationTokenCredentialTest.cs(103,10): error CS0246: The type or namespace name 'TestAttribute' could not be found (are you missing a using directive or an assembly reference?)
C:\gh\azure-sdk-for-net\sdk\communication\Azure.Communication.Common\tests\Identity\CommunicationTokenCredentialTest.cs(103,10): error CS0246: The type or namespace name 'Test' could not be found (are you missing a using directive or an assembly reference?)
C:\gh\azure-sdk-for-net\sdk\communication\Azure.Communication.Common\tests\Identity\CommunicationTokenCredentialTest.cs(96,10): error CS0246: The type or namespace name 'TestAttribute' could not be found (are you missing a using directive or an assembly reference?)
C:\gh\azure-sdk-for-net\sdk\communication\Azure.Communication.Common\tests\Identity\CommunicationTokenCredentialTest.cs(96,10): error CS0246: The type or namespace name 'Test' could not be found (are you missing a using directive or an assembly reference?)
C:\gh\azure-sdk-for-net\sdk\communication\Azure.Communication.Common\tests\Identity\CommunicationTokenCredentialTest.cs(97,10): error CS0246: The type or namespace name 'TestCaseAttribute' could not be found (are you missing a using directive or an assembly reference?)
C:\gh\azure-sdk-for-net\sdk\communication\Azure.Communication.Common\tests\Identity\CommunicationTokenCredentialTest.cs(97,10): error CS0246: The type or namespace name 'TestCase' could not be found (are you missing a using directive or an assembly reference?)
C:\gh\azure-sdk-for-net\sdk\communication\Azure.Communication.Common\tests\Identity\CommunicationTokenCredentialTest.cs(98,10): error CS0246: The type or namespace name 'TestCaseAttribute' could not be found (are you missing a using directive or an assembly reference?)
C:\gh\azure-sdk-for-net\sdk\communication\Azure.Communication.Common\tests\Identity\CommunicationTokenCredentialTest.cs(98,10): error CS0246: The type or namespace name 'TestCase' could not be found (are you missing a using directive or an assembly reference?)
C:\gh\azure-sdk-for-net\sdk\communication\Azure.Communication.Common\tests\Identity\CommunicationTokenCredentialTest.cs(99,10): error CS0246: The type or namespace name 'TestCaseAttribute' could not be found (are you missing a using directive or an assembly reference?)
C:\gh\azure-sdk-for-net\sdk\communication\Azure.Communication.Common\tests\Identity\CommunicationTokenCredentialTest.cs(99,10): error CS0246: The type or namespace name 'TestCase' could not be found (are you missing a using directive or an assembly reference?)
C:\gh\azure-sdk-for-net\sdk\communication\Azure.Communication.Common\tests\Identity\CommunicationTokenCredentialTest.cs(85,10): error CS0246: The type or namespace name 'TestAttribute' could not be found (are you missing a using directive or an assembly reference?)
C:\gh\azure-sdk-for-net\sdk\communication\Azure.Communication.Common\tests\Identity\CommunicationTokenCredentialTest.cs(85,10): error CS0246: The type or namespace name 'Test' could not be found (are you missing a using directive or an assembly reference?)
C:\gh\azure-sdk-for-net\sdk\communication\Azure.Communication.Common\tests\Identity\CommunicationTokenCredentialTest.cs(86,10): error CS0246: The type or namespace name 'TestCaseAttribute' could not be found (are you missing a using directive or an assembly reference?)
C:\gh\azure-sdk-for-net\sdk\communication\Azure.Communication.Common\tests\Identity\CommunicationTokenCredentialTest.cs(86,10): error CS0246: The type or namespace name 'TestCase' could not be found (are you missing a using directive or an assembly reference?)
C:\gh\azure-sdk-for-net\sdk\communication\Azure.Communication.Common\tests\Identity\CommunicationTokenCredentialTest.cs(82,24): error CS0246: The type or namespace name 'ValueTask<>' could not be found (are you missing a using directive or an assembly reference?)
C:\gh\azure-sdk-for-net\sdk\communication\Azure.Communication.Common\tests\Identity\CommunicationTokenCredentialTest.cs(62,10): error CS0246: The type or namespace name 'TestAttribute' could not be found (are you missing a using directive or an assembly reference?)
C:\gh\azure-sdk-for-net\sdk\communication\Azure.Communication.Common\tests\Identity\CommunicationTokenCredentialTest.cs(62,10): error CS0246: The type or namespace name 'Test' could not be found (are you missing a using directive or an assembly reference?)
C:\gh\azure-sdk-for-net\sdk\communication\Azure.Communication.Common\tests\Identity\CommunicationTokenCredentialTest.cs(47,10): error CS0246: The type or namespace name 'TestAttribute' could not be found (are you missing a using directive or an assembly reference?)
C:\gh\azure-sdk-for-net\sdk\communication\Azure.Communication.Common\tests\Identity\CommunicationTokenCredentialTest.cs(47,10): error CS0246: The type or namespace name 'Test' could not be found (are you missing a using directive or an assembly reference?)
C:\gh\azure-sdk-for-net\sdk\communication\Azure.Communication.Common\tests\Identity\CommunicationTokenCredentialTest.cs(36,10): error CS0246: The type or namespace name 'TestAttribute' could not be found (are you missing a using directive or an assembly reference?)
C:\gh\azure-sdk-for-net\sdk\communication\Azure.Communication.Common\tests\Identity\CommunicationTokenCredentialTest.cs(36,10): error CS0246: The type or namespace name 'Test' could not be found (are you missing a using directive or an assembly reference?)
C:\gh\azure-sdk-for-net\sdk\communication\Azure.Communication.Common\tests\Identity\CommunicationTokenCredentialTest.cs(10,7): error CS0246: The type or namespace name 'NUnit' could not be found (are you missing a using directive or an assembly reference?)
C:\gh\azure-sdk-for-net\sdk\communication\Azure.Communication.Common\tests\Identity\TestClock.cs(7,46): error CS0122: 'ThreadSafeRefreshableAccessTokenCache' is inaccessible due to its protection level
C:\gh\azure-sdk-for-net\sdk\communication\Azure.Communication.Common\tests\Identity\TestClock.cs(7,84): error CS0246: The type or namespace name 'IDisposable' could not be found (are you missing a using directive or an assembly reference?)
C:\gh\azure-sdk-for-net\sdk\communication\Azure.Communication.Common\tests\Pipeline\CommunicationBearerTokenCredentialTests.cs(8,7): error CS0246: The type or namespace name 'NUnit' could not be found (are you missing a using directive or an assembly reference?)
C:\gh\azure-sdk-for-net\sdk\communication\Azure.Communication.Common\tests\Pipeline\HMACAuthenticationPolicyTests.cs(7,7): error CS0246: The type or namespace name 'NUnit' could not be found (are you missing a using directive or an assembly reference?)
C:\gh\azure-sdk-for-net\sdk\communication\Azure.Communication.Common\tests\Pipeline\HMACAuthenticationPolicyTests.cs(8,7): error CS0246: The type or namespace name 'NUnit' could not be found (are you missing a using directive or an assembly reference?)
C:\gh\azure-sdk-for-net\sdk\communication\Azure.Communication.Common\tests\Pipeline\PolicyTestBase.cs(8,7): error CS0246: The type or namespace name 'NUnit' could not be found (are you missing a using directive or an assembly reference?)
C:\gh\azure-sdk-for-net\sdk\communication\Shared\src\CommunicationBearerTokenCredential.cs(17,134): error CS0246: The type or namespace name 'IDisposable' could not be found (are you missing a using directive or an assembly reference?)
C:\gh\azure-sdk-for-net\sdk\communication\Shared\src\CommunicationBearerTokenCredential.cs(17,122): error CS0246: The type or namespace name 'AccessToken' could not be found (are you missing a using directive or an assembly reference?)
C:\gh\azure-sdk-for-net\sdk\communication\Azure.Communication.Common\tests\Pipeline\CommunicationBearerTokenCredentialTests.cs(18,136): error CS0246: The type or namespace name 'ValueTask<>' could not be found (are you missing a using directive or an assembly reference?)
C:\gh\azure-sdk-for-net\sdk\communication\Shared\src\CommunicationBearerTokenCredential.cs(18,150): error CS0246: The type or namespace name 'IDisposable' could not be found (are you missing a using directive or an assembly reference?)
C:\gh\azure-sdk-for-net\sdk\communication\Shared\src\CommunicationBearerTokenCredential.cs(18,138): error CS0246: The type or namespace name 'ValueTask<>' could not be found (are you missing a using directive or an assembly reference?)
C:\gh\azure-sdk-for-net\sdk\communication\Azure.Communication.Common\tests\Pipeline\CommunicationBearerTokenCredentialTests.cs(23,24): error CS0246: The type or namespace name 'TokenRequestContext' could not be found (are you missing a using directive or an assembly reference?)
C:\gh\azure-sdk-for-net\sdk\communication\Shared\src\HMACAuthenticationPolicy.cs(28,13): error CS0103: The name 'ProcessNext' does not exist in the current context
C:\gh\azure-sdk-for-net\sdk\communication\Azure.Communication.Common\tests\Pipeline\CommunicationBearerTokenCredentialTests.cs(31,45): error CS0518: Predefined type 'System.Void' is not defined or imported
C:\gh\azure-sdk-for-net\sdk\communication\Azure.Communication.Common\tests\Pipeline\CommunicationBearerTokenCredentialTests.cs(31,13): error CS0246: The type or namespace name 'IDisposable' could not be found (are you missing a using directive or an assembly reference?)
C:\gh\azure-sdk-for-net\sdk\communication\Azure.Communication.Common\tests\Pipeline\CommunicationBearerTokenCredentialTests.cs(31,13): error CS1674: 'CommunicationTokenCredential': type used in a using statement must be implicitly convertible to 'System.IDisposable'.
C:\gh\azure-sdk-for-net\sdk\communication\Azure.Communication.Common\tests\Pipeline\PolicyTestBase.cs(16,13): error CS0103: The name 'Assert' does not exist in the current context
C:\gh\azure-sdk-for-net\sdk\communication\Azure.Communication.Common\tests\Pipeline\PolicyTestBase.cs(16,33): error CS0246: The type or namespace name 'HttpPipelinePolicy' could not be found (are you missing a using directive or an assembly reference?)
C:\gh\azure-sdk-for-net\sdk\communication\Azure.Communication.Common\tests\Pipeline\PolicyTestBase.cs(18,20): error CS0246: The type or namespace name 'Request' could not be found (are you missing a using directive or an assembly reference?)
C:\gh\azure-sdk-for-net\sdk\communication\Azure.Communication.Common\tests\Pipeline\PolicyTestBase.cs(20,34): error CS0103: The name 'RequestMethod' does not exist in the current context
C:\gh\azure-sdk-for-net\sdk\communication\Azure.Communication.Common\tests\Pipeline\PolicyTestBase.cs(22,36): error CS0246: The type or namespace name 'HttpPipeline' could not be found (are you missing a using directive or an assembly reference?)
C:\gh\azure-sdk-for-net\sdk\communication\Shared\src\HMACAuthenticationPolicy.cs(35,19): error CS0103: The name 'ProcessNextAsync' does not exist in the current context
C:\gh\azure-sdk-for-net\sdk\communication\Shared\src\HMACAuthenticationPolicy.cs(31,41): error CS0161: 'HMACAuthenticationPolicy.ProcessAsync(HttpMessage, ReadOnlyMemory<HttpPipelinePolicy>)': not all code paths return a value
C:\gh\azure-sdk-for-net\sdk\communication\Azure.Communication.Common\tests\Pipeline\HMACAuthenticationPolicyTests.cs(21,33): error CS0012: The type 'Response' is defined in an assembly that is not referenced. You must add a reference to assembly 'Azure.Core, Version=1.4.1.0, Culture=neutral, PublicKeyToken=92742159e12e44c8'.
C:\gh\azure-sdk-for-net\sdk\communication\Azure.Communication.Common\tests\Pipeline\HMACAuthenticationPolicyTests.cs(22,19): error CS0012: The type 'HttpPipelineTransport' is defined in an assembly that is not referenced. You must add a reference to assembly 'Azure.Core, Version=1.4.1.0, Culture=neutral, PublicKeyToken=92742159e12e44c8'.
C:\gh\azure-sdk-for-net\sdk\communication\Azure.Communication.Common\tests\Pipeline\HMACAuthenticationPolicyTests.cs(22,34): error CS1503: Argument 1: cannot convert from 'Azure.Core.TestFramework.MockTransport' to 'HttpPipelineTransport'
C:\gh\azure-sdk-for-net\sdk\communication\Azure.Communication.Common\tests\Pipeline\HMACAuthenticationPolicyTests.cs(22,45): error CS1503: Argument 2: cannot convert from 'Azure.Communication.Pipeline.HMACAuthenticationPolicy' to 'HttpPipelinePolicy'
C:\gh\azure-sdk-for-net\sdk\communication\Azure.Communication.Common\tests\Pipeline\HMACAuthenticationPolicyTests.cs(23,51): error CS0012: The type 'Request' is defined in an assembly that is not referenced. You must add a reference to assembly 'Azure.Core, Version=1.4.1.0, Culture=neutral, PublicKeyToken=92742159e12e44c8'.
C:\gh\azure-sdk-for-net\sdk\communication\Azure.Communication.Common\tests\Pipeline\HMACAuthenticationPolicyTests.cs(23,51): error CS1061: 'MockRequest' does not contain a definition for 'Headers' and no accessible extension method 'Headers' accepting a first argument of type 'MockRequest' could be found (are you missing a using directive or an assembly reference?)
C:\gh\azure-sdk-for-net\sdk\communication\Azure.Communication.Common\tests\Pipeline\HMACAuthenticationPolicyTests.cs(25,13): error CS0103: The name 'Assert' does not exist in the current context
C:\gh\azure-sdk-for-net\sdk\communication\Azure.Communication.Common\tests\Pipeline\HMACAuthenticationPolicyTests.cs(26,13): error CS0103: The name 'Assert' does not exist in the current context
C:\gh\azure-sdk-for-net\sdk\communication\Azure.Communication.Common\tests\Pipeline\HMACAuthenticationPolicyTests.cs(28,13): error CS0103: The name 'Assert' does not exist in the current context
C:\gh\azure-sdk-for-net\sdk\communication\Azure.Communication.Common\tests\Pipeline\HMACAuthenticationPolicyTests.cs(29,13): error CS0103: The name 'Assert' does not exist in the current context
C:\gh\azure-sdk-for-net\sdk\communication\Azure.Communication.Common\tests\Pipeline\HMACAuthenticationPolicyTests.cs(32,13): error CS0103: The name 'Assert' does not exist in the current context
C:\gh\azure-sdk-for-net\sdk\communication\Azure.Communication.Common\tests\Pipeline\HMACAuthenticationPolicyTests.cs(33,13): error CS0103: The name 'Assert' does not exist in the current context
C:\gh\azure-sdk-for-net\sdk\communication\Azure.Communication.Common\tests\Pipeline\HMACAuthenticationPolicyTests.cs(34,13): error CS0103: The name 'Assert' does not exist in the current context
C:\gh\azure-sdk-for-net\sdk\communication\Azure.Communication.Common\tests\Pipeline\CommunicationBearerTokenCredentialTests.cs(41,21): error CS0518: Predefined type 'System.Void' is not defined or imported
C:\gh\azure-sdk-for-net\sdk\communication\Azure.Communication.Common\tests\Pipeline\CommunicationBearerTokenCredentialTests.cs(40,39): error CS0518: Predefined type 'System.Void' is not defined or imported
C:\gh\azure-sdk-for-net\sdk\communication\Azure.Communication.Common\tests\Identity\CommunicationTokenCredentialTest.cs(27,24): error CS0122: 'AutoRefreshTokenCredential' is inaccessible due to its protection level
C:\gh\azure-sdk-for-net\sdk\communication\Azure.Communication.Common\tests\Identity\CommunicationTokenCredentialTest.cs(29,17): error CS0019: Operator '??' cannot be applied to operands of type 'Func<CancellationToken, ValueTask<string>>' and 'lambda expression'
C:\gh\azure-sdk-for-net\sdk\communication\Azure.Communication.Common\tests\Identity\CommunicationTokenCredentialTest.cs(27,24): error CS0518: Predefined type 'System.Void' is not defined or imported
C:\gh\azure-sdk-for-net\sdk\communication\Azure.Communication.Common\tests\Identity\CommunicationTokenCredentialTest.cs(42,45): error CS0518: Predefined type 'System.Void' is not defined or imported
C:\gh\azure-sdk-for-net\sdk\communication\Azure.Communication.Common\tests\Identity\CommunicationTokenCredentialTest.cs(42,13): error CS0246: The type or namespace name 'IDisposable' could not be found (are you missing a using directive or an assembly reference?)
C:\gh\azure-sdk-for-net\sdk\communication\Azure.Communication.Common\tests\Identity\CommunicationTokenCredentialTest.cs(42,13): error CS1674: 'CommunicationTokenCredential': type used in a using statement must be implicitly convertible to 'System.IDisposable'.
C:\gh\azure-sdk-for-net\sdk\communication\Azure.Communication.Common\tests\Identity\CommunicationTokenCredentialTest.cs(44,35): error CS0246: The type or namespace name 'IDisposable' could not be found (are you missing a using directive or an assembly reference?)
C:\gh\azure-sdk-for-net\sdk\communication\Azure.Communication.Common\tests\Identity\CommunicationTokenCredentialTest.cs(44,19): error CS0246: The type or namespace name 'ValueTask<>' could not be found (are you missing a using directive or an assembly reference?)
C:\gh\azure-sdk-for-net\sdk\communication\Azure.Communication.Common\tests\Pipeline\CommunicationBearerTokenCredentialTests.cs(56,21): error CS0518: Predefined type 'System.Void' is not defined or imported
C:\gh\azure-sdk-for-net\sdk\communication\Azure.Communication.Common\tests\Pipeline\CommunicationBearerTokenCredentialTests.cs(55,39): error CS0518: Predefined type 'System.Void' is not defined or imported
C:\gh\azure-sdk-for-net\sdk\communication\Azure.Communication.Common\tests\Identity\CommunicationTokenCredentialTest.cs(52,21): error CS0518: Predefined type 'System.Void' is not defined or imported
C:\gh\azure-sdk-for-net\sdk\communication\Azure.Communication.Common\tests\Identity\CommunicationTokenCredentialTest.cs(51,45): error CS0518: Predefined type 'System.Void' is not defined or imported
C:\gh\azure-sdk-for-net\sdk\communication\Azure.Communication.Common\tests\Identity\CommunicationTokenCredentialTest.cs(51,13): error CS0246: The type or namespace name 'IDisposable' could not be found (are you missing a using directive or an assembly reference?)
C:\gh\azure-sdk-for-net\sdk\communication\Azure.Communication.Common\tests\Identity\CommunicationTokenCredentialTest.cs(51,13): error CS1674: 'CommunicationTokenCredential': type used in a using statement must be implicitly convertible to 'System.IDisposable'.
C:\gh\azure-sdk-for-net\sdk\communication\Azure.Communication.Common\tests\Identity\CommunicationTokenCredentialTest.cs(59,35): error CS0246: The type or namespace name 'IDisposable' could not be found (are you missing a using directive or an assembly reference?)
C:\gh\azure-sdk-for-net\sdk\communication\Azure.Communication.Common\tests\Identity\CommunicationTokenCredentialTest.cs(59,19): error CS0246: The type or namespace name 'ValueTask<>' could not be found (are you missing a using directive or an assembly reference?)
C:\gh\azure-sdk-for-net\sdk\communication\Azure.Communication.Common\tests\Pipeline\CommunicationBearerTokenCredentialTests.cs(71,39): error CS0518: Predefined type 'System.Void' is not defined or imported
C:\gh\azure-sdk-for-net\sdk\communication\Azure.Communication.Common\tests\Pipeline\CommunicationBearerTokenCredentialTests.cs(76,13): error CS0103: The name 'Assert' does not exist in the current context
C:\gh\azure-sdk-for-net\sdk\communication\Azure.Communication.Common\tests\Pipeline\CommunicationBearerTokenCredentialTests.cs(77,13): error CS0103: The name 'Assert' does not exist in the current context
C:\gh\azure-sdk-for-net\sdk\communication\Azure.Communication.Common\tests\Pipeline\CommunicationBearerTokenCredentialTests.cs(83,39): error CS0518: Predefined type 'System.Void' is not defined or imported
C:\gh\azure-sdk-for-net\sdk\communication\Azure.Communication.Common\tests\Pipeline\CommunicationBearerTokenCredentialTests.cs(87,13): error CS0103: The name 'Assert' does not exist in the current context
C:\gh\azure-sdk-for-net\sdk\communication\Shared\src\HMACAuthenticationPolicy.cs(71,46): error CS0103: The name 'HttpHeader' does not exist in the current context
C:\gh\azure-sdk-for-net\sdk\communication\Shared\src\HMACAuthenticationPolicy.cs(72,46): error CS0103: The name 'HttpHeader' does not exist in the current context
C:\gh\azure-sdk-for-net\sdk\communication\Azure.Communication.Common\tests\Pipeline\CommunicationBearerTokenCredentialTests.cs(93,39): error CS0518: Predefined type 'System.Void' is not defined or imported
C:\gh\azure-sdk-for-net\sdk\communication\Azure.Communication.Common\tests\Pipeline\CommunicationBearerTokenCredentialTests.cs(97,13): error CS0103: The name 'Assert' does not exist in the current context
C:\gh\azure-sdk-for-net\sdk\communication\Azure.Communication.Common\tests\Identity\CommunicationTokenCredentialTest.cs(69,21): error CS0518: Predefined type 'System.Void' is not defined or imported
C:\gh\azure-sdk-for-net\sdk\communication\Azure.Communication.Common\tests\Identity\CommunicationTokenCredentialTest.cs(68,45): error CS0518: Predefined type 'System.Void' is not defined or imported
C:\gh\azure-sdk-for-net\sdk\communication\Azure.Communication.Common\tests\Identity\CommunicationTokenCredentialTest.cs(68,13): error CS0246: The type or namespace name 'IDisposable' could not be found (are you missing a using directive or an assembly reference?)
C:\gh\azure-sdk-for-net\sdk\communication\Azure.Communication.Common\tests\Identity\CommunicationTokenCredentialTest.cs(68,13): error CS1674: 'CommunicationTokenCredential': type used in a using statement must be implicitly convertible to 'System.IDisposable'.
C:\gh\azure-sdk-for-net\sdk\communication\Azure.Communication.Common\tests\Identity\CommunicationTokenCredentialTest.cs(76,35): error CS0246: The type or namespace name 'IDisposable' could not be found (are you missing a using directive or an assembly reference?)
C:\gh\azure-sdk-for-net\sdk\communication\Azure.Communication.Common\tests\Identity\CommunicationTokenCredentialTest.cs(76,19): error CS0246: The type or namespace name 'ValueTask<>' could not be found (are you missing a using directive or an assembly reference?)
C:\gh\azure-sdk-for-net\sdk\communication\Azure.Communication.Common\tests\CommunicationRecordedTestSanitizer.cs(33,37): error CS0103: The name 'HttpHeader' does not exist in the current context
C:\gh\azure-sdk-for-net\sdk\communication\Azure.Communication.Common\tests\CommunicationRecordedTestSanitizer.cs(35,25): error CS0103: The name 'HttpHeader' does not exist in the current context
C:\gh\azure-sdk-for-net\sdk\communication\Azure.Communication.Common\tests\Identity\CommunicationTokenCredentialTest.cs(82,136): error CS0246: The type or namespace name 'ValueTask<>' could not be found (are you missing a using directive or an assembly reference?)
C:\gh\azure-sdk-for-net\sdk\communication\Azure.Communication.Common\tests\Pipeline\CommunicationBearerTokenCredentialTests.cs(109,21): error CS0518: Predefined type 'System.Void' is not defined or imported
C:\gh\azure-sdk-for-net\sdk\communication\Azure.Communication.Common\tests\Pipeline\CommunicationBearerTokenCredentialTests.cs(108,39): error CS0518: Predefined type 'System.Void' is not defined or imported
C:\gh\azure-sdk-for-net\sdk\communication\Azure.Communication.Common\tests\Pipeline\CommunicationBearerTokenCredentialTests.cs(118,13): error CS0103: The name 'Assert' does not exist in the current context
C:\gh\azure-sdk-for-net\sdk\communication\Azure.Communication.Common\tests\Identity\CommunicationTokenCredentialTest.cs(89,45): error CS0518: Predefined type 'System.Void' is not defined or imported
C:\gh\azure-sdk-for-net\sdk\communication\Azure.Communication.Common\tests\Identity\CommunicationTokenCredentialTest.cs(89,13): error CS0246: The type or namespace name 'IDisposable' could not be found (are you missing a using directive or an assembly reference?)
C:\gh\azure-sdk-for-net\sdk\communication\Azure.Communication.Common\tests\Identity\CommunicationTokenCredentialTest.cs(89,13): error CS1674: 'CommunicationTokenCredential': type used in a using statement must be implicitly convertible to 'System.IDisposable'.
C:\gh\azure-sdk-for-net\sdk\communication\Azure.Communication.Common\tests\Identity\CommunicationTokenCredentialTest.cs(90,13): error CS0246: The type or namespace name 'AccessToken' could not be found (are you missing a using directive or an assembly reference?)
C:\gh\azure-sdk-for-net\sdk\communication\Azure.Communication.Common\tests\Identity\CommunicationTokenCredentialTest.cs(90,61): error CS0246: The type or namespace name 'IDisposable' could not be found (are you missing a using directive or an assembly reference?)
C:\gh\azure-sdk-for-net\sdk\communication\Azure.Communication.Common\tests\Identity\CommunicationTokenCredentialTest.cs(90,45): error CS0246: The type or namespace name 'ValueTask<>' could not be found (are you missing a using directive or an assembly reference?)
C:\gh\azure-sdk-for-net\sdk\communication\Azure.Communication.Common\tests\Identity\CommunicationTokenCredentialTest.cs(92,13): error CS0103: The name 'Assert' does not exist in the current context
C:\gh\azure-sdk-for-net\sdk\communication\Azure.Communication.Common\tests\Identity\CommunicationTokenCredentialTest.cs(93,13): error CS0103: The name 'Assert' does not exist in the current context
C:\gh\azure-sdk-for-net\sdk\communication\Azure.Communication.Common\tests\Identity\CommunicationTokenCredentialTest.cs(101,16): error CS0103: The name 'Assert' does not exist in the current context
C:\gh\azure-sdk-for-net\sdk\communication\Azure.Communication.Common\tests\Identity\CommunicationTokenCredentialTest.cs(105,16): error CS0103: The name 'Assert' does not exist in the current context
C:\gh\azure-sdk-for-net\sdk\communication\Azure.Communication.Common\tests\Identity\CommunicationTokenCredentialTest.cs(112,45): error CS0518: Predefined type 'System.Void' is not defined or imported
C:\gh\azure-sdk-for-net\sdk\communication\Azure.Communication.Common\tests\Identity\CommunicationTokenCredentialTest.cs(112,13): error CS0246: The type or namespace name 'IDisposable' could not be found (are you missing a using directive or an assembly reference?)
C:\gh\azure-sdk-for-net\sdk\communication\Azure.Communication.Common\tests\Identity\CommunicationTokenCredentialTest.cs(112,13): error CS1674: 'CommunicationTokenCredential': type used in a using statement must be implicitly convertible to 'System.IDisposable'.
C:\gh\azure-sdk-for-net\sdk\communication\Azure.Communication.Common\tests\Identity\CommunicationTokenCredentialTest.cs(114,55): error CS0246: The type or namespace name 'IDisposable' could not be found (are you missing a using directive or an assembly reference?)
C:\gh\azure-sdk-for-net\sdk\communication\Azure.Communication.Common\tests\Identity\CommunicationTokenCredentialTest.cs(114,39): error CS0246: The type or namespace name 'ValueTask<>' could not be found (are you missing a using directive or an assembly reference?)
C:\gh\azure-sdk-for-net\sdk\communication\Azure.Communication.Common\tests\Identity\CommunicationTokenCredentialTest.cs(114,89): error CS0246: The type or namespace name 'IDisposable' could not be found (are you missing a using directive or an assembly reference?)
C:\gh\azure-sdk-for-net\sdk\communication\Azure.Communication.Common\tests\Identity\CommunicationTokenCredentialTest.cs(114,73): error CS0246: The type or namespace name 'AccessToken' could not be found (are you missing a using directive or an assembly reference?)
C:\gh\azure-sdk-for-net\sdk\communication\Azure.Communication.Common\tests\Identity\CommunicationTokenCredentialTest.cs(115,13): error CS0103: The name 'Assert' does not exist in the current context
C:\gh\azure-sdk-for-net\sdk\communication\Azure.Communication.Common\tests\Pipeline\CommunicationBearerTokenCredentialTests.cs(136,21): error CS0518: Predefined type 'System.Void' is not defined or imported
C:\gh\azure-sdk-for-net\sdk\communication\Azure.Communication.Common\tests\Pipeline\CommunicationBearerTokenCredentialTests.cs(135,39): error CS0518: Predefined type 'System.Void' is not defined or imported
C:\gh\azure-sdk-for-net\sdk\communication\Azure.Communication.Common\tests\Pipeline\CommunicationBearerTokenCredentialTests.cs(145,13): error CS0103: The name 'Assert' does not exist in the current context
C:\gh\azure-sdk-for-net\sdk\communication\Azure.Communication.Common\tests\Identity\CommunicationTokenCredentialTest.cs(129,21): error CS0518: Predefined type 'System.Void' is not defined or imported
C:\gh\azure-sdk-for-net\sdk\communication\Azure.Communication.Common\tests\Identity\CommunicationTokenCredentialTest.cs(128,45): error CS0518: Predefined type 'System.Void' is not defined or imported
C:\gh\azure-sdk-for-net\sdk\communication\Azure.Communication.Common\tests\Identity\CommunicationTokenCredentialTest.cs(128,13): error CS0246: The type or namespace name 'IDisposable' could not be found (are you missing a using directive or an assembly reference?)
C:\gh\azure-sdk-for-net\sdk\communication\Azure.Communication.Common\tests\Identity\CommunicationTokenCredentialTest.cs(128,13): error CS1674: 'CommunicationTokenCredential': type used in a using statement must be implicitly convertible to 'System.IDisposable'.
C:\gh\azure-sdk-for-net\sdk\communication\Azure.Communication.Common\tests\Identity\CommunicationTokenCredentialTest.cs(136,55): error CS0246: The type or namespace name 'IDisposable' could not be found (are you missing a using directive or an assembly reference?)
C:\gh\azure-sdk-for-net\sdk\communication\Azure.Communication.Common\tests\Identity\CommunicationTokenCredentialTest.cs(136,39): error CS0246: The type or namespace name 'ValueTask<>' could not be found (are you missing a using directive or an assembly reference?)
C:\gh\azure-sdk-for-net\sdk\communication\Azure.Communication.Common\tests\Identity\CommunicationTokenCredentialTest.cs(136,106): error CS0246: The type or namespace name 'IDisposable' could not be found (are you missing a using directive or an assembly reference?)
C:\gh\azure-sdk-for-net\sdk\communication\Azure.Communication.Common\tests\Identity\CommunicationTokenCredentialTest.cs(136,90): error CS0246: The type or namespace name 'AccessToken' could not be found (are you missing a using directive or an assembly reference?)
C:\gh\azure-sdk-for-net\sdk\communication\Azure.Communication.Common\tests\Identity\CommunicationTokenCredentialTest.cs(137,13): error CS0103: The name 'Assert' does not exist in the current context
C:\gh\azure-sdk-for-net\sdk\communication\Azure.Communication.Common\tests\Identity\CommunicationTokenCredentialTest.cs(159,13): error CS0103: The name 'Assert' does not exist in the current context
C:\gh\azure-sdk-for-net\sdk\communication\Azure.Communication.Common\tests\Identity\CommunicationTokenCredentialTest.cs(161,13): error CS0103: The name 'Assert' does not exist in the current context
C:\gh\azure-sdk-for-net\sdk\communication\Azure.Communication.Common\tests\Identity\CommunicationTokenCredentialTest.cs(180,26): error CS0246: The type or namespace name 'ValueTask<>' could not be found (are you missing a using directive or an assembly reference?)
C:\gh\azure-sdk-for-net\sdk\communication\Azure.Communication.Common\tests\Identity\CommunicationTokenCredentialTest.cs(183,13): error CS0103: The name 'Assert' does not exist in the current context
C:\gh\azure-sdk-for-net\sdk\communication\Azure.Communication.Common\tests\Identity\CommunicationTokenCredentialTest.cs(185,13): error CS0246: The type or namespace name 'AccessToken' could not be found (are you missing a using directive or an assembly reference?)
C:\gh\azure-sdk-for-net\sdk\communication\Azure.Communication.Common\tests\Identity\CommunicationTokenCredentialTest.cs(186,41): error CS0122: 'AutoRefreshTokenCredential.GetTokenAsync(CancellationToken)' is inaccessible due to its protection level
C:\gh\azure-sdk-for-net\sdk\communication\Azure.Communication.Common\tests\Identity\CommunicationTokenCredentialTest.cs(187,35): error CS0122: 'AutoRefreshTokenCredential.GetToken(CancellationToken)' is inaccessible due to its protection level
C:\gh\azure-sdk-for-net\sdk\communication\Azure.Communication.Common\tests\Identity\CommunicationTokenCredentialTest.cs(189,13): error CS0103: The name 'Assert' does not exist in the current context
C:\gh\azure-sdk-for-net\sdk\communication\Azure.Communication.Common\tests\Identity\CommunicationTokenCredentialTest.cs(190,13): error CS0103: The name 'Assert' does not exist in the current context
C:\gh\azure-sdk-for-net\sdk\communication\Azure.Communication.Common\tests\Identity\CommunicationTokenCredentialTest.cs(201,21): error CS0518: Predefined type 'System.Void' is not defined or imported
C:\gh\azure-sdk-for-net\sdk\communication\Azure.Communication.Common\tests\Identity\CommunicationTokenCredentialTest.cs(200,45): error CS0518: Predefined type 'System.Void' is not defined or imported
C:\gh\azure-sdk-for-net\sdk\communication\Azure.Communication.Common\tests\Identity\CommunicationTokenCredentialTest.cs(200,13): error CS0246: The type or namespace name 'IDisposable' could not be found (are you missing a using directive or an assembly reference?)
C:\gh\azure-sdk-for-net\sdk\communication\Azure.Communication.Common\tests\Identity\CommunicationTokenCredentialTest.cs(200,13): error CS1674: 'CommunicationTokenCredential': type used in a using statement must be implicitly convertible to 'System.IDisposable'.
C:\gh\azure-sdk-for-net\sdk\communication\Azure.Communication.Common\tests\Identity\CommunicationTokenCredentialTest.cs(207,29): error CS0246: The type or namespace name 'IDisposable' could not be found (are you missing a using directive or an assembly reference?)
C:\gh\azure-sdk-for-net\sdk\communication\Azure.Communication.Common\tests\Identity\CommunicationTokenCredentialTest.cs(207,13): error CS0518: Predefined type 'System.Void' is not defined or imported
C:\gh\azure-sdk-for-net\sdk\communication\Azure.Communication.Common\tests\Identity\CommunicationTokenCredentialTest.cs(210,17): error CS0103: The name 'Assert' does not exist in the current context
C:\gh\azure-sdk-for-net\sdk\communication\Azure.Communication.Common\tests\Identity\CommunicationTokenCredentialTest.cs(212,17): error CS0103: The name 'Assert' does not exist in the current context
C:\gh\azure-sdk-for-net\sdk\communication\Azure.Communication.Common\tests\Identity\CommunicationTokenCredentialTest.cs(220,45): error CS0518: Predefined type 'System.Void' is not defined or imported
C:\gh\azure-sdk-for-net\sdk\communication\Azure.Communication.Common\tests\Identity\CommunicationTokenCredentialTest.cs(220,13): error CS0246: The type or namespace name 'IDisposable' could not be found (are you missing a using directive or an assembly reference?)
C:\gh\azure-sdk-for-net\sdk\communication\Azure.Communication.Common\tests\Identity\CommunicationTokenCredentialTest.cs(220,13): error CS1674: 'CommunicationTokenCredential': type used in a using statement must be implicitly convertible to 'System.IDisposable'.
C:\gh\azure-sdk-for-net\sdk\communication\Azure.Communication.Common\tests\Identity\CommunicationTokenCredentialTest.cs(222,29): error CS0246: The type or namespace name 'IDisposable' could not be found (are you missing a using directive or an assembly reference?)
C:\gh\azure-sdk-for-net\sdk\communication\Azure.Communication.Common\tests\Identity\CommunicationTokenCredentialTest.cs(222,13): error CS0518: Predefined type 'System.Void' is not defined or imported
C:\gh\azure-sdk-for-net\sdk\communication\Azure.Communication.Common\tests\Identity\CommunicationTokenCredentialTest.cs(225,17): error CS0103: The name 'Assert' does not exist in the current context
C:\gh\azure-sdk-for-net\sdk\communication\Azure.Communication.Common\tests\Identity\CommunicationTokenCredentialTest.cs(227,17): error CS0103: The name 'Assert' does not exist in the current context
C:\gh\azure-sdk-for-net\sdk\communication\Azure.Communication.Common\tests\Identity\CommunicationTokenCredentialTest.cs(238,26): error CS0246: The type or namespace name 'ValueTask<>' could not be found (are you missing a using directive or an assembly reference?)
C:\gh\azure-sdk-for-net\sdk\communication\Azure.Communication.Common\tests\Identity\CommunicationTokenCredentialTest.cs(240,13): error CS0103: The name 'Assert' does not exist in the current context
C:\gh\azure-sdk-for-net\sdk\communication\Azure.Communication.Common\tests\Identity\CommunicationTokenCredentialTest.cs(241,29): error CS0122: 'AutoRefreshTokenCredential.Dispose()' is inaccessible due to its protection level
C:\gh\azure-sdk-for-net\sdk\communication\Azure.Communication.Common\tests\Identity\CommunicationTokenCredentialTest.cs(243,13): error CS0103: The name 'Assert' does not exist in the current context
C:\gh\azure-sdk-for-net\sdk\communication\Azure.Communication.Common\tests\Identity\CommunicationTokenCredentialTest.cs(252,19): error CS0122: 'ThreadSafeRefreshableAccessTokenCache' is inaccessible due to its protection level
C:\gh\azure-sdk-for-net\sdk\communication\Azure.Communication.Common\tests\Identity\CommunicationTokenCredentialTest.cs(252,57): error CS0246: The type or namespace name 'IDisposable' could not be found (are you missing a using directive or an assembly reference?)
C:\gh\azure-sdk-for-net\sdk\communication\Azure.Communication.Common\tests\Identity\CommunicationTokenCredentialTest.cs(253,19): error CS0122: 'ThreadSafeRefreshableAccessTokenCache' is inaccessible due to its protection level
C:\gh\azure-sdk-for-net\sdk\communication\Azure.Communication.Common\tests\Identity\CommunicationTokenCredentialTest.cs(253,57): error CS0246: The type or namespace name 'IDisposable' could not be found (are you missing a using directive or an assembly reference?)
C:\gh\azure-sdk-for-net\sdk\communication\Azure.Communication.Common\tests\Identity\CommunicationTokenCredentialTest.cs(267,41): error CS0122: 'AutoRefreshTokenCredential.GetToken(CancellationToken)' is inaccessible due to its protection level
C:\gh\azure-sdk-for-net\sdk\communication\Azure.Communication.Common\tests\Identity\CommunicationTokenCredentialTest.cs(269,72): error CS0122: 'ThreadSafeRefreshableAccessTokenCache' is inaccessible due to its protection level
C:\gh\azure-sdk-for-net\sdk\communication\Azure.Communication.Common\tests\Identity\CommunicationTokenCredentialTest.cs(269,110): error CS0246: The type or namespace name 'IDisposable' could not be found (are you missing a using directive or an assembly reference?)
C:\gh\azure-sdk-for-net\sdk\communication\Azure.Communication.Common\tests\Identity\CommunicationTokenCredentialTest.cs(271,13): error CS0103: The name 'Assert' does not exist in the current context
C:\gh\azure-sdk-for-net\sdk\communication\Azure.Communication.Common\tests\Identity\CommunicationTokenCredentialTest.cs(273,53): error CS0122: 'AutoRefreshTokenCredential.GetToken(CancellationToken)' is inaccessible due to its protection level
C:\gh\azure-sdk-for-net\sdk\communication\Azure.Communication.Common\tests\Identity\CommunicationTokenCredentialTest.cs(275,13): error CS0103: The name 'Assert' does not exist in the current context
C:\gh\azure-sdk-for-net\sdk\communication\Azure.Communication.Common\tests\Identity\CommunicationTokenCredentialTest.cs(276,13): error CS0103: The name 'Assert' does not exist in the current context
C:\gh\azure-sdk-for-net\sdk\communication\Azure.Communication.Common\tests\Identity\CommunicationTokenCredentialTest.cs(291,21): error CS0518: Predefined type 'System.Void' is not defined or imported
C:\gh\azure-sdk-for-net\sdk\communication\Azure.Communication.Common\tests\Identity\CommunicationTokenCredentialTest.cs(290,45): error CS0518: Predefined type 'System.Void' is not defined or imported
C:\gh\azure-sdk-for-net\sdk\communication\Azure.Communication.Common\tests\Identity\CommunicationTokenCredentialTest.cs(290,13): error CS0246: The type or namespace name 'IDisposable' could not be found (are you missing a using directive or an assembly reference?)
C:\gh\azure-sdk-for-net\sdk\communication\Azure.Communication.Common\tests\Identity\CommunicationTokenCredentialTest.cs(290,13): error CS1674: 'CommunicationTokenCredential': type used in a using statement must be implicitly convertible to 'System.IDisposable'.
C:\gh\azure-sdk-for-net\sdk\communication\Azure.Communication.Common\tests\Identity\CommunicationTokenCredentialTest.cs(298,13): error CS0103: The name 'Assert' does not exist in the current context
C:\gh\azure-sdk-for-net\sdk\communication\Azure.Communication.Common\tests\Identity\CommunicationTokenCredentialTest.cs(316,13): error CS0103: The name 'Assert' does not exist in the current context
C:\gh\azure-sdk-for-net\sdk\communication\Azure.Communication.Common\tests\Identity\CommunicationTokenCredentialTest.cs(319,54): error CS0122: 'ThreadSafeRefreshableAccessTokenCache' is inaccessible due to its protection level
C:\gh\azure-sdk-for-net\sdk\communication\Azure.Communication.Common\tests\Identity\CommunicationTokenCredentialTest.cs(319,92): error CS0246: The type or namespace name 'IDisposable' could not be found (are you missing a using directive or an assembly reference?)
C:\gh\azure-sdk-for-net\sdk\communication\Azure.Communication.Common\tests\Identity\CommunicationTokenCredentialTest.cs(321,13): error CS0103: The name 'Assert' does not exist in the current context
C:\gh\azure-sdk-for-net\sdk\communication\Azure.Communication.Common\tests\Identity\CommunicationTokenCredentialTest.cs(323,13): error CS0103: The name 'Assert' does not exist in the current context
C:\gh\azure-sdk-for-net\sdk\communication\Azure.Communication.Common\tests\Identity\CommunicationTokenCredentialTest.cs(343,54): error CS0122: 'ThreadSafeRefreshableAccessTokenCache' is inaccessible due to its protection level
C:\gh\azure-sdk-for-net\sdk\communication\Azure.Communication.Common\tests\Identity\CommunicationTokenCredentialTest.cs(343,92): error CS0246: The type or namespace name 'IDisposable' could not be found (are you missing a using directive or an assembly reference?)
C:\gh\azure-sdk-for-net\sdk\communication\Azure.Communication.Common\tests\Identity\CommunicationTokenCredentialTest.cs(348,43): error CS0122: 'AutoRefreshTokenCredential.GetTokenAsync(CancellationToken)' is inaccessible due to its protection level
C:\gh\azure-sdk-for-net\sdk\communication\Azure.Communication.Common\tests\Identity\CommunicationTokenCredentialTest.cs(350,37): error CS0122: 'AutoRefreshTokenCredential.GetToken(CancellationToken)' is inaccessible due to its protection level
C:\gh\azure-sdk-for-net\sdk\communication\Azure.Communication.Common\tests\Identity\CommunicationTokenCredentialTest.cs(353,13): error CS0103: The name 'Assert' does not exist in the current context
C:\gh\azure-sdk-for-net\sdk\communication\Azure.Communication.Common\tests\CommunicationRecordedTestSanitizer.cs(5,1): hidden CS8019: Unnecessary using directive.
C:\gh\azure-sdk-for-net\sdk\communication\Shared\src\CommunicationBearerTokenCredential.cs(7,1): hidden CS8019: Unnecessary using directive.
C:\gh\azure-sdk-for-net\sdk\communication\Shared\src\HMACAuthenticationPolicy.cs(11,1): hidden CS8019: Unnecessary using directive.
C:\gh\azure-sdk-for-net\sdk\communication\Shared\src\HMACAuthenticationPolicy.cs(4,1): hidden CS8019: Unnecessary using directive.
C:\gh\azure-sdk-for-net\sdk\communication\Azure.Communication.Common\tests\Identity\CommunicationTokenCredentialTest.cs(10,1): hidden CS8019: Unnecessary using directive.
C:\gh\azure-sdk-for-net\sdk\communication\Azure.Communication.Common\tests\Pipeline\CommunicationBearerTokenCredentialTests.cs(7,1): hidden CS8019: Unnecessary using directive.
C:\gh\azure-sdk-for-net\artifacts\obj\Azure.Communication.Common.Tests\Debug\net461\Azure.Communication.Common.Tests.AssemblyInfo.cs(11,1): hidden CS8019: Unnecessary using directive.
C:\gh\azure-sdk-for-net\sdk\communication\Shared\src\CommunicationBearerTokenCredential.cs(5,1): hidden CS8019: Unnecessary using directive.
C:\gh\azure-sdk-for-net\sdk\communication\Azure.Communication.Common\tests\Identity\CommunicationTokenCredentialTest.cs(9,1): hidden CS8019: Unnecessary using directive.
C:\gh\azure-sdk-for-net\sdk\communication\Azure.Communication.Common\tests\Pipeline\PolicyTestBase.cs(6,1): hidden CS8019: Unnecessary using directive.
C:\gh\azure-sdk-for-net\sdk\communication\Azure.Communication.Common\tests\Pipeline\HMACAuthenticationPolicyTests.cs(7,1): hidden CS8019: Unnecessary using directive.
C:\gh\azure-sdk-for-net\artifacts\obj\Azure.Communication.Common.Tests\Debug\net461\.NETFramework,Version=v4.6.1.AssemblyAttributes.cs(2,1): hidden CS8019: Unnecessary using directive.
C:\gh\azure-sdk-for-net\artifacts\obj\Azure.Communication.Common.Tests\Debug\net461\Azure.Communication.Common.Tests.AssemblyInfo.cs(12,1): hidden CS8019: Unnecessary using directive.
C:\gh\azure-sdk-for-net\sdk\communication\Azure.Communication.Common\tests\Pipeline\CommunicationBearerTokenCredentialTests.cs(6,1): hidden CS8019: Unnecessary using directive.
C:\gh\azure-sdk-for-net\sdk\communication\Azure.Communication.Common\tests\Pipeline\HMACAuthenticationPolicyTests.cs(8,1): hidden CS8019: Unnecessary using directive.
C:\gh\azure-sdk-for-net\artifacts\obj\Azure.Communication.Common.Tests\Debug\net461\.NETFramework,Version=v4.6.1.AssemblyAttributes.cs(3,1): hidden CS8019: Unnecessary using directive.
C:\gh\azure-sdk-for-net\sdk\communication\Shared\src\CommunicationBearerTokenCredential.cs(4,1): hidden CS8019: Unnecessary using directive.
C:\gh\azure-sdk-for-net\sdk\communication\Shared\src\HMACAuthenticationPolicy.cs(5,1): hidden CS8019: Unnecessary using directive.
C:\gh\azure-sdk-for-net\sdk\communication\Azure.Communication.Common\tests\Pipeline\CommunicationBearerTokenCredentialTests.cs(8,1): hidden CS8019: Unnecessary using directive.
C:\gh\azure-sdk-for-net\sdk\communication\Azure.Communication.Common\tests\Pipeline\HMACAuthenticationPolicyTests.cs(5,1): hidden CS8019: Unnecessary using directive.
C:\gh\azure-sdk-for-net\sdk\communication\Azure.Communication.Common\tests\Pipeline\PolicyTestBase.cs(8,1): hidden CS8019: Unnecessary using directive.
C:\gh\azure-sdk-for-net\sdk\communication\Azure.Communication.Common\tests\Pipeline\PolicyTestBase.cs(7,1): hidden CS8019: Unnecessary using directive.
