C:\gh\azure-sdk-for-net\sdk\maps\Microsoft.Azure.Management.Maps\tests\Helpers\MapsManagementTestUtilities.cs(31,22): error CS0518: Predefined type 'System.String' is not defined or imported
C:\gh\azure-sdk-for-net\sdk\maps\Microsoft.Azure.Management.Maps\tests\Helpers\MapsManagementTestUtilities.cs(32,22): error CS0518: Predefined type 'System.String' is not defined or imported
C:\gh\azure-sdk-for-net\sdk\maps\Microsoft.Azure.Management.Maps\tests\Helpers\RecordedDelegatingHandler.cs(12,46): error CS0246: The type or namespace name 'DelegatingHandler' could not be found (are you missing a using directive or an assembly reference?)
C:\gh\azure-sdk-for-net\sdk\maps\Microsoft.Azure.Management.Maps\tests\Helpers\RecordedDelegatingHandler.cs(16,9): error CS0518: Predefined type 'System.Void' is not defined or imported
C:\gh\azure-sdk-for-net\sdk\maps\Microsoft.Azure.Management.Maps\tests\Helpers\RecordedDelegatingHandler.cs(22,42): error CS0518: Predefined type 'System.Object' is not defined or imported
C:\gh\azure-sdk-for-net\sdk\maps\Microsoft.Azure.Management.Maps\tests\Helpers\RecordedDelegatingHandler.cs(22,42): error CS0246: The type or namespace name 'HttpResponseMessage' could not be found (are you missing a using directive or an assembly reference?)
C:\gh\azure-sdk-for-net\sdk\maps\Microsoft.Azure.Management.Maps\tests\Helpers\RecordedDelegatingHandler.cs(22,9): error CS0518: Predefined type 'System.Void' is not defined or imported
C:\gh\azure-sdk-for-net\sdk\maps\Microsoft.Azure.Management.Maps\tests\Helpers\MapsManagementTestUtilities.cs(21,33): error CS0518: Predefined type 'System.Object' is not defined or imported
C:\gh\azure-sdk-for-net\sdk\maps\Microsoft.Azure.Management.Maps\tests\Helpers\MapsManagementTestUtilities.cs(21,33): error CS0246: The type or namespace name 'HttpClientHandler' could not be found (are you missing a using directive or an assembly reference?)
C:\gh\azure-sdk-for-net\sdk\maps\Microsoft.Azure.Management.Maps\tests\Helpers\RecordedDelegatingHandler.cs(47,70): error CS0518: Predefined type 'System.Object' is not defined or imported
C:\gh\azure-sdk-for-net\sdk\maps\Microsoft.Azure.Management.Maps\tests\Helpers\RecordedDelegatingHandler.cs(47,70): error CS0246: The type or namespace name 'HttpRequestMessage' could not be found (are you missing a using directive or an assembly reference?)
C:\gh\azure-sdk-for-net\sdk\maps\Microsoft.Azure.Management.Maps\tests\Helpers\RecordedDelegatingHandler.cs(47,98): error CS0518: Predefined type 'System.Object' is not defined or imported
C:\gh\azure-sdk-for-net\sdk\maps\Microsoft.Azure.Management.Maps\tests\Helpers\RecordedDelegatingHandler.cs(47,98): error CS0246: The type or namespace name 'System' could not be found (are you missing a using directive or an assembly reference?)
C:\gh\azure-sdk-for-net\sdk\maps\Microsoft.Azure.Management.Maps\tests\Helpers\RecordedDelegatingHandler.cs(47,34): error CS0518: Predefined type 'System.Object' is not defined or imported
C:\gh\azure-sdk-for-net\sdk\maps\Microsoft.Azure.Management.Maps\tests\Helpers\RecordedDelegatingHandler.cs(47,34): error CS0246: The type or namespace name 'Task<>' could not be found (are you missing a using directive or an assembly reference?)
C:\gh\azure-sdk-for-net\sdk\maps\Microsoft.Azure.Management.Maps\tests\Helpers\RecordedDelegatingHandler.cs(47,39): error CS0518: Predefined type 'System.Object' is not defined or imported
C:\gh\azure-sdk-for-net\sdk\maps\Microsoft.Azure.Management.Maps\tests\Helpers\RecordedDelegatingHandler.cs(47,39): error CS0246: The type or namespace name 'HttpResponseMessage' could not be found (are you missing a using directive or an assembly reference?)
C:\gh\azure-sdk-for-net\sdk\maps\Microsoft.Azure.Management.Maps\tests\Helpers\MapsManagementTestUtilities.cs(140,24): error CS0518: Predefined type 'System.Object' is not defined or imported
C:\gh\azure-sdk-for-net\sdk\maps\Microsoft.Azure.Management.Maps\tests\Helpers\MapsManagementTestUtilities.cs(140,24): error CS0246: The type or namespace name 'HttpClientHandler' could not be found (are you missing a using directive or an assembly reference?)
C:\gh\azure-sdk-for-net\sdk\maps\Microsoft.Azure.Management.Maps\tests\Helpers\MapsManagementTestUtilities.cs(50,68): error CS0518: Predefined type 'System.Object' is not defined or imported
C:\gh\azure-sdk-for-net\sdk\maps\Microsoft.Azure.Management.Maps\tests\Helpers\MapsManagementTestUtilities.cs(50,68): error CS0246: The type or namespace name 'MockContext' could not be found (are you missing a using directive or an assembly reference?)
C:\gh\azure-sdk-for-net\sdk\maps\Microsoft.Azure.Management.Maps\tests\Helpers\MapsManagementTestUtilities.cs(50,89): error CS0518: Predefined type 'System.Object' is not defined or imported
C:\gh\azure-sdk-for-net\sdk\maps\Microsoft.Azure.Management.Maps\tests\Helpers\MapsManagementTestUtilities.cs(50,23): error CS0518: Predefined type 'System.Object' is not defined or imported
C:\gh\azure-sdk-for-net\sdk\maps\Microsoft.Azure.Management.Maps\tests\Helpers\MapsManagementTestUtilities.cs(112,52): error CS0518: Predefined type 'System.Object' is not defined or imported
C:\gh\azure-sdk-for-net\sdk\maps\Microsoft.Azure.Management.Maps\tests\Helpers\MapsManagementTestUtilities.cs(112,73): error CS0518: Predefined type 'System.Boolean' is not defined or imported
C:\gh\azure-sdk-for-net\sdk\maps\Microsoft.Azure.Management.Maps\tests\Helpers\MapsManagementTestUtilities.cs(112,91): error CS0518: Predefined type 'System.String' is not defined or imported
C:\gh\azure-sdk-for-net\sdk\maps\Microsoft.Azure.Management.Maps\tests\Helpers\MapsManagementTestUtilities.cs(112,124): error CS0518: Predefined type 'System.String' is not defined or imported
C:\gh\azure-sdk-for-net\sdk\maps\Microsoft.Azure.Management.Maps\tests\Helpers\MapsManagementTestUtilities.cs(112,23): error CS0518: Predefined type 'System.Void' is not defined or imported
C:\gh\azure-sdk-for-net\sdk\maps\Microsoft.Azure.Management.Maps\tests\Helpers\RecordedDelegatingHandler.cs(45,17): error CS0518: Predefined type 'System.Int32' is not defined or imported
C:\gh\azure-sdk-for-net\sdk\maps\Microsoft.Azure.Management.Maps\tests\Helpers\MapsManagementTestUtilities.cs(36,76): error CS0518: Predefined type 'System.Object' is not defined or imported
C:\gh\azure-sdk-for-net\sdk\maps\Microsoft.Azure.Management.Maps\tests\Helpers\MapsManagementTestUtilities.cs(36,76): error CS0246: The type or namespace name 'MockContext' could not be found (are you missing a using directive or an assembly reference?)
C:\gh\azure-sdk-for-net\sdk\maps\Microsoft.Azure.Management.Maps\tests\Helpers\MapsManagementTestUtilities.cs(36,97): error CS0518: Predefined type 'System.Object' is not defined or imported
C:\gh\azure-sdk-for-net\sdk\maps\Microsoft.Azure.Management.Maps\tests\Helpers\MapsManagementTestUtilities.cs(36,23): error CS0518: Predefined type 'System.Object' is not defined or imported
C:\gh\azure-sdk-for-net\sdk\maps\Microsoft.Azure.Management.Maps\tests\Helpers\MapsManagementTestUtilities.cs(36,23): error CS0246: The type or namespace name 'ResourceManagementClient' could not be found (are you missing a using directive or an assembly reference?)
C:\gh\azure-sdk-for-net\sdk\maps\Microsoft.Azure.Management.Maps\tests\Helpers\RecordedDelegatingHandler.cs(14,17): error CS0518: Predefined type 'System.Object' is not defined or imported
C:\gh\azure-sdk-for-net\sdk\maps\Microsoft.Azure.Management.Maps\tests\Helpers\RecordedDelegatingHandler.cs(14,17): error CS0246: The type or namespace name 'HttpResponseMessage' could not be found (are you missing a using directive or an assembly reference?)
C:\gh\azure-sdk-for-net\sdk\maps\Microsoft.Azure.Management.Maps\tests\Helpers\MapsManagementTestUtilities.cs(84,50): error CS0518: Predefined type 'System.Object' is not defined or imported
C:\gh\azure-sdk-for-net\sdk\maps\Microsoft.Azure.Management.Maps\tests\Helpers\MapsManagementTestUtilities.cs(84,50): error CS0246: The type or namespace name 'ResourceManagementClient' could not be found (are you missing a using directive or an assembly reference?)
C:\gh\azure-sdk-for-net\sdk\maps\Microsoft.Azure.Management.Maps\tests\Helpers\MapsManagementTestUtilities.cs(84,23): error CS0518: Predefined type 'System.String' is not defined or imported
C:\gh\azure-sdk-for-net\sdk\maps\Microsoft.Azure.Management.Maps\tests\Helpers\MapsManagementTestUtilities.cs(102,55): error CS0518: Predefined type 'System.Object' is not defined or imported
C:\gh\azure-sdk-for-net\sdk\maps\Microsoft.Azure.Management.Maps\tests\Helpers\MapsManagementTestUtilities.cs(102,98): error CS0518: Predefined type 'System.String' is not defined or imported
C:\gh\azure-sdk-for-net\sdk\maps\Microsoft.Azure.Management.Maps\tests\Helpers\MapsManagementTestUtilities.cs(102,23): error CS0518: Predefined type 'System.String' is not defined or imported
C:\gh\azure-sdk-for-net\sdk\maps\Microsoft.Azure.Management.Maps\tests\Helpers\MapsManagementTestUtilities.cs(31,46): error CS0518: Predefined type 'System.String' is not defined or imported
C:\gh\azure-sdk-for-net\sdk\maps\Microsoft.Azure.Management.Maps\tests\Tests\MapsAccountTests.cs(217,16): error CS0518: Predefined type 'System.Void' is not defined or imported
C:\gh\azure-sdk-for-net\sdk\maps\Microsoft.Azure.Management.Maps\tests\Helpers\MapsManagementTestUtilities.cs(30,23): error CS0518: Predefined type 'System.String' is not defined or imported
C:\gh\azure-sdk-for-net\sdk\maps\Microsoft.Azure.Management.Maps\tests\Helpers\MapsManagementTestUtilities.cs(69,23): error CS0518: Predefined type 'System.Object' is not defined or imported
C:\gh\azure-sdk-for-net\sdk\maps\Microsoft.Azure.Management.Maps\tests\Helpers\MapsManagementTestUtilities.cs(112,142): error CS0518: Predefined type 'System.String' is not defined or imported
C:\gh\azure-sdk-for-net\sdk\maps\Microsoft.Azure.Management.Maps\tests\Helpers\MapsManagementTestUtilities.cs(29,23): error CS0518: Predefined type 'System.String' is not defined or imported
C:\gh\azure-sdk-for-net\sdk\maps\Microsoft.Azure.Management.Maps\tests\Helpers\MapsManagementTestUtilities.cs(26,33): error CS0518: Predefined type 'System.Boolean' is not defined or imported
C:\gh\azure-sdk-for-net\sdk\maps\Microsoft.Azure.Management.Maps\tests\Tests\MapsAccountTests.cs(189,16): error CS0518: Predefined type 'System.Void' is not defined or imported
C:\gh\azure-sdk-for-net\sdk\maps\Microsoft.Azure.Management.Maps\tests\Helpers\MapsManagementTestUtilities.cs(33,23): error CS0518: Predefined type 'System.Object' is not defined or imported
C:\gh\azure-sdk-for-net\sdk\maps\Microsoft.Azure.Management.Maps\tests\Helpers\MapsManagementTestUtilities.cs(33,23): error CS0246: The type or namespace name 'Dictionary<,>' could not be found (are you missing a using directive or an assembly reference?)
C:\gh\azure-sdk-for-net\sdk\maps\Microsoft.Azure.Management.Maps\tests\Helpers\MapsManagementTestUtilities.cs(33,34): error CS0518: Predefined type 'System.String' is not defined or imported
C:\gh\azure-sdk-for-net\sdk\maps\Microsoft.Azure.Management.Maps\tests\Helpers\MapsManagementTestUtilities.cs(33,42): error CS0518: Predefined type 'System.String' is not defined or imported
C:\gh\azure-sdk-for-net\sdk\maps\Microsoft.Azure.Management.Maps\tests\Tests\MapsAccountTests.cs(157,16): error CS0518: Predefined type 'System.Void' is not defined or imported
C:\gh\azure-sdk-for-net\sdk\maps\Microsoft.Azure.Management.Maps\tests\Helpers\MapsManagementTestUtilities.cs(23,33): error CS0518: Predefined type 'System.String' is not defined or imported
C:\gh\azure-sdk-for-net\sdk\maps\Microsoft.Azure.Management.Maps\tests\Helpers\MapsManagementTestUtilities.cs(24,33): error CS0518: Predefined type 'System.Object' is not defined or imported
C:\gh\azure-sdk-for-net\sdk\maps\Microsoft.Azure.Management.Maps\tests\Helpers\MapsManagementTestUtilities.cs(24,33): error CS0246: The type or namespace name 'Uri' could not be found (are you missing a using directive or an assembly reference?)
C:\gh\azure-sdk-for-net\sdk\maps\Microsoft.Azure.Management.Maps\tests\Tests\MapsAccountTests.cs(129,16): error CS0518: Predefined type 'System.Void' is not defined or imported
C:\gh\azure-sdk-for-net\sdk\maps\Microsoft.Azure.Management.Maps\tests\Tests\MapsAccountTests.cs(98,16): error CS0518: Predefined type 'System.Void' is not defined or imported
C:\gh\azure-sdk-for-net\sdk\maps\Microsoft.Azure.Management.Maps\tests\Helpers\MapsManagementTestUtilities.cs(32,41): error CS0518: Predefined type 'System.String' is not defined or imported
C:\gh\azure-sdk-for-net\sdk\maps\Microsoft.Azure.Management.Maps\tests\Tests\MapsAccountTests.cs(59,16): error CS0518: Predefined type 'System.Void' is not defined or imported
C:\gh\azure-sdk-for-net\sdk\maps\Microsoft.Azure.Management.Maps\tests\Tests\MapsAccountTests.cs(29,16): error CS0518: Predefined type 'System.Void' is not defined or imported
C:\gh\azure-sdk-for-net\sdk\maps\Microsoft.Azure.Management.Maps\tests\Tests\MapsAccountTests.cs(26,18): error CS0518: Predefined type 'System.Object' is not defined or imported
C:\gh\azure-sdk-for-net\sdk\maps\Microsoft.Azure.Management.Maps\tests\Properties\AssemblyInfo.cs(12,12): error CS0246: The type or namespace name 'AssemblyTitleAttribute' could not be found (are you missing a using directive or an assembly reference?)
C:\gh\azure-sdk-for-net\sdk\maps\Microsoft.Azure.Management.Maps\tests\Properties\AssemblyInfo.cs(12,12): error CS0246: The type or namespace name 'AssemblyTitle' could not be found (are you missing a using directive or an assembly reference?)
C:\gh\azure-sdk-for-net\sdk\maps\Microsoft.Azure.Management.Maps\tests\Properties\AssemblyInfo.cs(13,12): error CS0246: The type or namespace name 'AssemblyDescriptionAttribute' could not be found (are you missing a using directive or an assembly reference?)
C:\gh\azure-sdk-for-net\sdk\maps\Microsoft.Azure.Management.Maps\tests\Properties\AssemblyInfo.cs(13,12): error CS0246: The type or namespace name 'AssemblyDescription' could not be found (are you missing a using directive or an assembly reference?)
C:\gh\azure-sdk-for-net\sdk\maps\Microsoft.Azure.Management.Maps\tests\Properties\AssemblyInfo.cs(14,12): error CS0246: The type or namespace name 'AssemblyConfigurationAttribute' could not be found (are you missing a using directive or an assembly reference?)
C:\gh\azure-sdk-for-net\sdk\maps\Microsoft.Azure.Management.Maps\tests\Properties\AssemblyInfo.cs(14,12): error CS0246: The type or namespace name 'AssemblyConfiguration' could not be found (are you missing a using directive or an assembly reference?)
C:\gh\azure-sdk-for-net\sdk\maps\Microsoft.Azure.Management.Maps\tests\Properties\AssemblyInfo.cs(15,12): error CS0246: The type or namespace name 'AssemblyCompanyAttribute' could not be found (are you missing a using directive or an assembly reference?)
C:\gh\azure-sdk-for-net\sdk\maps\Microsoft.Azure.Management.Maps\tests\Properties\AssemblyInfo.cs(15,12): error CS0246: The type or namespace name 'AssemblyCompany' could not be found (are you missing a using directive or an assembly reference?)
C:\gh\azure-sdk-for-net\sdk\maps\Microsoft.Azure.Management.Maps\tests\Properties\AssemblyInfo.cs(16,12): error CS0246: The type or namespace name 'AssemblyProductAttribute' could not be found (are you missing a using directive or an assembly reference?)
C:\gh\azure-sdk-for-net\sdk\maps\Microsoft.Azure.Management.Maps\tests\Properties\AssemblyInfo.cs(16,12): error CS0246: The type or namespace name 'AssemblyProduct' could not be found (are you missing a using directive or an assembly reference?)
C:\gh\azure-sdk-for-net\sdk\maps\Microsoft.Azure.Management.Maps\tests\Properties\AssemblyInfo.cs(17,12): error CS0246: The type or namespace name 'AssemblyCopyrightAttribute' could not be found (are you missing a using directive or an assembly reference?)
C:\gh\azure-sdk-for-net\sdk\maps\Microsoft.Azure.Management.Maps\tests\Properties\AssemblyInfo.cs(17,12): error CS0246: The type or namespace name 'AssemblyCopyright' could not be found (are you missing a using directive or an assembly reference?)
C:\gh\azure-sdk-for-net\sdk\maps\Microsoft.Azure.Management.Maps\tests\Properties\AssemblyInfo.cs(18,12): error CS0246: The type or namespace name 'AssemblyTrademarkAttribute' could not be found (are you missing a using directive or an assembly reference?)
C:\gh\azure-sdk-for-net\sdk\maps\Microsoft.Azure.Management.Maps\tests\Properties\AssemblyInfo.cs(18,12): error CS0246: The type or namespace name 'AssemblyTrademark' could not be found (are you missing a using directive or an assembly reference?)
C:\gh\azure-sdk-for-net\sdk\maps\Microsoft.Azure.Management.Maps\tests\Properties\AssemblyInfo.cs(19,12): error CS0246: The type or namespace name 'AssemblyCultureAttribute' could not be found (are you missing a using directive or an assembly reference?)
C:\gh\azure-sdk-for-net\sdk\maps\Microsoft.Azure.Management.Maps\tests\Properties\AssemblyInfo.cs(19,12): error CS0246: The type or namespace name 'AssemblyCulture' could not be found (are you missing a using directive or an assembly reference?)
C:\gh\azure-sdk-for-net\sdk\maps\Microsoft.Azure.Management.Maps\tests\Properties\AssemblyInfo.cs(24,12): error CS0246: The type or namespace name 'ComVisibleAttribute' could not be found (are you missing a using directive or an assembly reference?)
C:\gh\azure-sdk-for-net\sdk\maps\Microsoft.Azure.Management.Maps\tests\Properties\AssemblyInfo.cs(24,12): error CS0246: The type or namespace name 'ComVisible' could not be found (are you missing a using directive or an assembly reference?)
C:\gh\azure-sdk-for-net\sdk\maps\Microsoft.Azure.Management.Maps\tests\Properties\AssemblyInfo.cs(27,12): error CS0246: The type or namespace name 'GuidAttribute' could not be found (are you missing a using directive or an assembly reference?)
C:\gh\azure-sdk-for-net\sdk\maps\Microsoft.Azure.Management.Maps\tests\Properties\AssemblyInfo.cs(27,12): error CS0246: The type or namespace name 'Guid' could not be found (are you missing a using directive or an assembly reference?)
C:\gh\azure-sdk-for-net\sdk\maps\Microsoft.Azure.Management.Maps\tests\Properties\AssemblyInfo.cs(39,12): error CS0246: The type or namespace name 'AssemblyVersionAttribute' could not be found (are you missing a using directive or an assembly reference?)
C:\gh\azure-sdk-for-net\sdk\maps\Microsoft.Azure.Management.Maps\tests\Properties\AssemblyInfo.cs(39,12): error CS0246: The type or namespace name 'AssemblyVersion' could not be found (are you missing a using directive or an assembly reference?)
C:\gh\azure-sdk-for-net\sdk\maps\Microsoft.Azure.Management.Maps\tests\Properties\AssemblyInfo.cs(40,12): error CS0246: The type or namespace name 'AssemblyFileVersionAttribute' could not be found (are you missing a using directive or an assembly reference?)
C:\gh\azure-sdk-for-net\sdk\maps\Microsoft.Azure.Management.Maps\tests\Properties\AssemblyInfo.cs(40,12): error CS0246: The type or namespace name 'AssemblyFileVersion' could not be found (are you missing a using directive or an assembly reference?)
C:\gh\azure-sdk-for-net\eng\mgmt\DisableTestRunParallel.cs(7,12): error CS0246: The type or namespace name 'CollectionBehaviorAttribute' could not be found (are you missing a using directive or an assembly reference?)
C:\gh\azure-sdk-for-net\eng\mgmt\DisableTestRunParallel.cs(7,12): error CS0246: The type or namespace name 'CollectionBehavior' could not be found (are you missing a using directive or an assembly reference?)
C:\gh\azure-sdk-for-net\artifacts\obj\Microsoft.Azure.Management.Maps.Tests\Debug\netcoreapp2.0\.NETCoreApp,Version=v2.0.AssemblyAttributes.cs(4,20): error CS0400: The type or namespace name 'System' could not be found in the global namespace (are you missing an assembly reference?)
C:\gh\azure-sdk-for-net\artifacts\obj\Microsoft.Azure.Management.Maps.Tests\Debug\netcoreapp2.0\Microsoft.Azure.Management.Maps.Tests.AssemblyInfo.cs(14,12): error CS0246: The type or namespace name 'System' could not be found (are you missing a using directive or an assembly reference?)
C:\gh\azure-sdk-for-net\artifacts\obj\Microsoft.Azure.Management.Maps.Tests\Debug\netcoreapp2.0\Microsoft.Azure.Management.Maps.Tests.AssemblyInfo.cs(15,12): error CS0246: The type or namespace name 'System' could not be found (are you missing a using directive or an assembly reference?)
C:\gh\azure-sdk-for-net\artifacts\obj\Microsoft.Azure.Management.Maps.Tests\Debug\netcoreapp2.0\Microsoft.Azure.Management.Maps.Tests.AssemblyInfo.cs(16,12): error CS0246: The type or namespace name 'System' could not be found (are you missing a using directive or an assembly reference?)
C:\gh\azure-sdk-for-net\sdk\maps\Microsoft.Azure.Management.Maps\tests\Properties\AssemblyInfo.cs(12,26): error CS0518: Predefined type 'System.String' is not defined or imported
C:\gh\azure-sdk-for-net\sdk\maps\Microsoft.Azure.Management.Maps\tests\Properties\AssemblyInfo.cs(13,32): error CS0518: Predefined type 'System.String' is not defined or imported
C:\gh\azure-sdk-for-net\sdk\maps\Microsoft.Azure.Management.Maps\tests\Properties\AssemblyInfo.cs(14,34): error CS0518: Predefined type 'System.String' is not defined or imported
C:\gh\azure-sdk-for-net\sdk\maps\Microsoft.Azure.Management.Maps\tests\Properties\AssemblyInfo.cs(15,28): error CS0518: Predefined type 'System.String' is not defined or imported
C:\gh\azure-sdk-for-net\sdk\maps\Microsoft.Azure.Management.Maps\tests\Properties\AssemblyInfo.cs(16,28): error CS0518: Predefined type 'System.String' is not defined or imported
C:\gh\azure-sdk-for-net\sdk\maps\Microsoft.Azure.Management.Maps\tests\Properties\AssemblyInfo.cs(17,30): error CS0518: Predefined type 'System.String' is not defined or imported
C:\gh\azure-sdk-for-net\sdk\maps\Microsoft.Azure.Management.Maps\tests\Properties\AssemblyInfo.cs(18,30): error CS0518: Predefined type 'System.String' is not defined or imported
C:\gh\azure-sdk-for-net\sdk\maps\Microsoft.Azure.Management.Maps\tests\Properties\AssemblyInfo.cs(19,28): error CS0518: Predefined type 'System.String' is not defined or imported
C:\gh\azure-sdk-for-net\sdk\maps\Microsoft.Azure.Management.Maps\tests\Properties\AssemblyInfo.cs(24,23): error CS0518: Predefined type 'System.Boolean' is not defined or imported
C:\gh\azure-sdk-for-net\sdk\maps\Microsoft.Azure.Management.Maps\tests\Properties\AssemblyInfo.cs(27,17): error CS0518: Predefined type 'System.String' is not defined or imported
C:\gh\azure-sdk-for-net\sdk\maps\Microsoft.Azure.Management.Maps\tests\Properties\AssemblyInfo.cs(39,28): error CS0518: Predefined type 'System.String' is not defined or imported
C:\gh\azure-sdk-for-net\sdk\maps\Microsoft.Azure.Management.Maps\tests\Properties\AssemblyInfo.cs(40,32): error CS0518: Predefined type 'System.String' is not defined or imported
C:\gh\azure-sdk-for-net\eng\mgmt\DisableTestRunParallel.cs(7,31): error CS0246: The type or namespace name 'DisableTestParallelization' could not be found (are you missing a using directive or an assembly reference?)
C:\gh\azure-sdk-for-net\eng\mgmt\DisableTestRunParallel.cs(7,60): error CS0518: Predefined type 'System.Boolean' is not defined or imported
C:\gh\azure-sdk-for-net\eng\mgmt\DisableTestRunParallel.cs(7,66): error CS0246: The type or namespace name 'MaxParallelThreads' could not be found (are you missing a using directive or an assembly reference?)
C:\gh\azure-sdk-for-net\eng\mgmt\DisableTestRunParallel.cs(7,87): error CS0518: Predefined type 'System.Int32' is not defined or imported
C:\gh\azure-sdk-for-net\artifacts\obj\Microsoft.Azure.Management.Maps.Tests\Debug\netcoreapp2.0\.NETCoreApp,Version=v2.0.AssemblyAttributes.cs(4,71): error CS0518: Predefined type 'System.String' is not defined or imported
C:\gh\azure-sdk-for-net\artifacts\obj\Microsoft.Azure.Management.Maps.Tests\Debug\netcoreapp2.0\.NETCoreApp,Version=v2.0.AssemblyAttributes.cs(4,99): error CS0246: The type or namespace name 'FrameworkDisplayName' could not be found (are you missing a using directive or an assembly reference?)
C:\gh\azure-sdk-for-net\artifacts\obj\Microsoft.Azure.Management.Maps.Tests\Debug\netcoreapp2.0\.NETCoreApp,Version=v2.0.AssemblyAttributes.cs(4,122): error CS0518: Predefined type 'System.String' is not defined or imported
C:\gh\azure-sdk-for-net\artifacts\obj\Microsoft.Azure.Management.Maps.Tests\Debug\netcoreapp2.0\Microsoft.Azure.Management.Maps.Tests.AssemblyInfo.cs(14,56): error CS0518: Predefined type 'System.String' is not defined or imported
C:\gh\azure-sdk-for-net\artifacts\obj\Microsoft.Azure.Management.Maps.Tests\Debug\netcoreapp2.0\Microsoft.Azure.Management.Maps.Tests.AssemblyInfo.cs(14,70): error CS0518: Predefined type 'System.String' is not defined or imported
C:\gh\azure-sdk-for-net\artifacts\obj\Microsoft.Azure.Management.Maps.Tests\Debug\netcoreapp2.0\Microsoft.Azure.Management.Maps.Tests.AssemblyInfo.cs(15,68): error CS0518: Predefined type 'System.String' is not defined or imported
C:\gh\azure-sdk-for-net\artifacts\obj\Microsoft.Azure.Management.Maps.Tests\Debug\netcoreapp2.0\Microsoft.Azure.Management.Maps.Tests.AssemblyInfo.cs(16,56): error CS0518: Predefined type 'System.String' is not defined or imported
C:\gh\azure-sdk-for-net\artifacts\obj\Microsoft.Azure.Management.Maps.Tests\Debug\netcoreapp2.0\Microsoft.Azure.Management.Maps.Tests.AssemblyInfo.cs(16,73): error CS0518: Predefined type 'System.String' is not defined or imported
C:\gh\azure-sdk-for-net\sdk\maps\Microsoft.Azure.Management.Maps\tests\Properties\AssemblyInfo.cs(4,7): error CS0246: The type or namespace name 'System' could not be found (are you missing a using directive or an assembly reference?)
C:\gh\azure-sdk-for-net\sdk\maps\Microsoft.Azure.Management.Maps\tests\Properties\AssemblyInfo.cs(5,7): error CS0246: The type or namespace name 'System' could not be found (are you missing a using directive or an assembly reference?)
C:\gh\azure-sdk-for-net\sdk\maps\Microsoft.Azure.Management.Maps\tests\Properties\AssemblyInfo.cs(6,7): error CS0246: The type or namespace name 'System' could not be found (are you missing a using directive or an assembly reference?)
C:\gh\azure-sdk-for-net\sdk\maps\Microsoft.Azure.Management.Maps\tests\Properties\AssemblyInfo.cs(7,7): error CS0246: The type or namespace name 'Xunit' could not be found (are you missing a using directive or an assembly reference?)
C:\gh\azure-sdk-for-net\sdk\maps\Microsoft.Azure.Management.Maps\tests\Tests\MapsAccountTests.cs(7,34): error CS0234: The type or namespace name 'Resources' does not exist in the namespace 'Microsoft.Azure.Management' (are you missing an assembly reference?)
C:\gh\azure-sdk-for-net\sdk\maps\Microsoft.Azure.Management.Maps\tests\Tests\MapsAccountTests.cs(8,17): error CS0234: The type or namespace name 'Rest' does not exist in the namespace 'Microsoft' (are you missing an assembly reference?)
C:\gh\azure-sdk-for-net\sdk\maps\Microsoft.Azure.Management.Maps\tests\Tests\MapsAccountTests.cs(10,7): error CS0246: The type or namespace name 'System' could not be found (are you missing a using directive or an assembly reference?)
C:\gh\azure-sdk-for-net\sdk\maps\Microsoft.Azure.Management.Maps\tests\Tests\MapsAccountTests.cs(11,7): error CS0246: The type or namespace name 'System' could not be found (are you missing a using directive or an assembly reference?)
C:\gh\azure-sdk-for-net\sdk\maps\Microsoft.Azure.Management.Maps\tests\Tests\MapsAccountTests.cs(12,7): error CS0246: The type or namespace name 'System' could not be found (are you missing a using directive or an assembly reference?)
C:\gh\azure-sdk-for-net\sdk\maps\Microsoft.Azure.Management.Maps\tests\Tests\MapsAccountTests.cs(13,7): error CS0246: The type or namespace name 'System' could not be found (are you missing a using directive or an assembly reference?)
C:\gh\azure-sdk-for-net\sdk\maps\Microsoft.Azure.Management.Maps\tests\Tests\MapsAccountTests.cs(14,7): error CS0246: The type or namespace name 'Xunit' could not be found (are you missing a using directive or an assembly reference?)
C:\gh\azure-sdk-for-net\eng\mgmt\DisableTestRunParallel.cs(4,7): error CS0246: The type or namespace name 'System' could not be found (are you missing a using directive or an assembly reference?)
C:\gh\azure-sdk-for-net\eng\mgmt\DisableTestRunParallel.cs(5,7): error CS0246: The type or namespace name 'Xunit' could not be found (are you missing a using directive or an assembly reference?)
C:\gh\azure-sdk-for-net\artifacts\obj\Microsoft.Azure.Management.Maps.Tests\Debug\netcoreapp2.0\.NETCoreApp,Version=v2.0.AssemblyAttributes.cs(2,7): error CS0246: The type or namespace name 'System' could not be found (are you missing a using directive or an assembly reference?)
C:\gh\azure-sdk-for-net\artifacts\obj\Microsoft.Azure.Management.Maps.Tests\Debug\netcoreapp2.0\.NETCoreApp,Version=v2.0.AssemblyAttributes.cs(3,7): error CS0246: The type or namespace name 'System' could not be found (are you missing a using directive or an assembly reference?)
C:\gh\azure-sdk-for-net\artifacts\obj\Microsoft.Azure.Management.Maps.Tests\Debug\netcoreapp2.0\Microsoft.Azure.Management.Maps.Tests.AssemblyInfo.cs(11,7): error CS0246: The type or namespace name 'System' could not be found (are you missing a using directive or an assembly reference?)
C:\gh\azure-sdk-for-net\artifacts\obj\Microsoft.Azure.Management.Maps.Tests\Debug\netcoreapp2.0\Microsoft.Azure.Management.Maps.Tests.AssemblyInfo.cs(12,7): error CS0246: The type or namespace name 'System' could not be found (are you missing a using directive or an assembly reference?)
C:\gh\azure-sdk-for-net\sdk\maps\Microsoft.Azure.Management.Maps\tests\Tests\MapsAccountTests.cs(18,11): error CS0246: The type or namespace name 'System' could not be found (are you missing a using directive or an assembly reference?)
C:\gh\azure-sdk-for-net\sdk\maps\Microsoft.Azure.Management.Maps\tests\Helpers\MapsManagementTestUtilities.cs(6,11): error CS0246: The type or namespace name 'System' could not be found (are you missing a using directive or an assembly reference?)
C:\gh\azure-sdk-for-net\sdk\maps\Microsoft.Azure.Management.Maps\tests\Helpers\MapsManagementTestUtilities.cs(7,11): error CS0246: The type or namespace name 'System' could not be found (are you missing a using directive or an assembly reference?)
C:\gh\azure-sdk-for-net\sdk\maps\Microsoft.Azure.Management.Maps\tests\Helpers\MapsManagementTestUtilities.cs(8,11): error CS0246: The type or namespace name 'System' could not be found (are you missing a using directive or an assembly reference?)
C:\gh\azure-sdk-for-net\sdk\maps\Microsoft.Azure.Management.Maps\tests\Helpers\MapsManagementTestUtilities.cs(12,38): error CS0234: The type or namespace name 'ResourceManager' does not exist in the namespace 'Microsoft.Azure.Management' (are you missing an assembly reference?)
C:\gh\azure-sdk-for-net\sdk\maps\Microsoft.Azure.Management.Maps\tests\Helpers\MapsManagementTestUtilities.cs(13,38): error CS0234: The type or namespace name 'ResourceManager' does not exist in the namespace 'Microsoft.Azure.Management' (are you missing an assembly reference?)
C:\gh\azure-sdk-for-net\sdk\maps\Microsoft.Azure.Management.Maps\tests\Helpers\MapsManagementTestUtilities.cs(14,21): error CS0234: The type or namespace name 'Rest' does not exist in the namespace 'Microsoft' (are you missing an assembly reference?)
C:\gh\azure-sdk-for-net\sdk\maps\Microsoft.Azure.Management.Maps\tests\Helpers\MapsManagementTestUtilities.cs(15,21): error CS0234: The type or namespace name 'Rest' does not exist in the namespace 'Microsoft' (are you missing an assembly reference?)
C:\gh\azure-sdk-for-net\sdk\maps\Microsoft.Azure.Management.Maps\tests\Helpers\MapsManagementTestUtilities.cs(17,11): error CS0246: The type or namespace name 'Xunit' could not be found (are you missing a using directive or an assembly reference?)
C:\gh\azure-sdk-for-net\sdk\maps\Microsoft.Azure.Management.Maps\tests\Tests\MapsAccountTests.cs(28,10): error CS0518: Predefined type 'System.Object' is not defined or imported
C:\gh\azure-sdk-for-net\sdk\maps\Microsoft.Azure.Management.Maps\tests\Tests\MapsAccountTests.cs(28,10): error CS0246: The type or namespace name 'FactAttribute' could not be found (are you missing a using directive or an assembly reference?)
C:\gh\azure-sdk-for-net\sdk\maps\Microsoft.Azure.Management.Maps\tests\Tests\MapsAccountTests.cs(28,10): error CS0246: The type or namespace name 'Fact' could not be found (are you missing a using directive or an assembly reference?)
C:\gh\azure-sdk-for-net\sdk\maps\Microsoft.Azure.Management.Maps\tests\Helpers\RecordedDelegatingHandler.cs(6,11): error CS0246: The type or namespace name 'System' could not be found (are you missing a using directive or an assembly reference?)
C:\gh\azure-sdk-for-net\sdk\maps\Microsoft.Azure.Management.Maps\tests\Helpers\RecordedDelegatingHandler.cs(7,11): error CS0246: The type or namespace name 'System' could not be found (are you missing a using directive or an assembly reference?)
C:\gh\azure-sdk-for-net\sdk\maps\Microsoft.Azure.Management.Maps\tests\Helpers\RecordedDelegatingHandler.cs(8,11): error CS0246: The type or namespace name 'System' could not be found (are you missing a using directive or an assembly reference?)
C:\gh\azure-sdk-for-net\sdk\maps\Microsoft.Azure.Management.Maps\tests\Helpers\RecordedDelegatingHandler.cs(9,11): error CS0246: The type or namespace name 'System' could not be found (are you missing a using directive or an assembly reference?)
C:\gh\azure-sdk-for-net\sdk\maps\Microsoft.Azure.Management.Maps\tests\Helpers\RecordedDelegatingHandler.cs(10,11): error CS0246: The type or namespace name 'System' could not be found (are you missing a using directive or an assembly reference?)
C:\gh\azure-sdk-for-net\sdk\maps\Microsoft.Azure.Management.Maps\tests\Tests\MapsAccountTests.cs(58,10): error CS0518: Predefined type 'System.Object' is not defined or imported
C:\gh\azure-sdk-for-net\sdk\maps\Microsoft.Azure.Management.Maps\tests\Tests\MapsAccountTests.cs(58,10): error CS0246: The type or namespace name 'FactAttribute' could not be found (are you missing a using directive or an assembly reference?)
C:\gh\azure-sdk-for-net\sdk\maps\Microsoft.Azure.Management.Maps\tests\Tests\MapsAccountTests.cs(58,10): error CS0246: The type or namespace name 'Fact' could not be found (are you missing a using directive or an assembly reference?)
C:\gh\azure-sdk-for-net\sdk\maps\Microsoft.Azure.Management.Maps\tests\Helpers\MapsManagementTestUtilities.cs(19,25): error CS0518: Predefined type 'System.Object' is not defined or imported
C:\gh\azure-sdk-for-net\sdk\maps\Microsoft.Azure.Management.Maps\tests\Tests\MapsAccountTests.cs(97,10): error CS0518: Predefined type 'System.Object' is not defined or imported
C:\gh\azure-sdk-for-net\sdk\maps\Microsoft.Azure.Management.Maps\tests\Tests\MapsAccountTests.cs(97,10): error CS0246: The type or namespace name 'FactAttribute' could not be found (are you missing a using directive or an assembly reference?)
C:\gh\azure-sdk-for-net\sdk\maps\Microsoft.Azure.Management.Maps\tests\Tests\MapsAccountTests.cs(97,10): error CS0246: The type or namespace name 'Fact' could not be found (are you missing a using directive or an assembly reference?)
C:\gh\azure-sdk-for-net\sdk\maps\Microsoft.Azure.Management.Maps\tests\Tests\MapsAccountTests.cs(128,10): error CS0518: Predefined type 'System.Object' is not defined or imported
C:\gh\azure-sdk-for-net\sdk\maps\Microsoft.Azure.Management.Maps\tests\Tests\MapsAccountTests.cs(128,10): error CS0246: The type or namespace name 'FactAttribute' could not be found (are you missing a using directive or an assembly reference?)
C:\gh\azure-sdk-for-net\sdk\maps\Microsoft.Azure.Management.Maps\tests\Tests\MapsAccountTests.cs(128,10): error CS0246: The type or namespace name 'Fact' could not be found (are you missing a using directive or an assembly reference?)
C:\gh\azure-sdk-for-net\sdk\maps\Microsoft.Azure.Management.Maps\tests\Tests\MapsAccountTests.cs(156,10): error CS0518: Predefined type 'System.Object' is not defined or imported
C:\gh\azure-sdk-for-net\sdk\maps\Microsoft.Azure.Management.Maps\tests\Tests\MapsAccountTests.cs(156,10): error CS0246: The type or namespace name 'FactAttribute' could not be found (are you missing a using directive or an assembly reference?)
C:\gh\azure-sdk-for-net\sdk\maps\Microsoft.Azure.Management.Maps\tests\Tests\MapsAccountTests.cs(156,10): error CS0246: The type or namespace name 'Fact' could not be found (are you missing a using directive or an assembly reference?)
C:\gh\azure-sdk-for-net\sdk\maps\Microsoft.Azure.Management.Maps\tests\Tests\MapsAccountTests.cs(188,10): error CS0518: Predefined type 'System.Object' is not defined or imported
C:\gh\azure-sdk-for-net\sdk\maps\Microsoft.Azure.Management.Maps\tests\Tests\MapsAccountTests.cs(188,10): error CS0246: The type or namespace name 'FactAttribute' could not be found (are you missing a using directive or an assembly reference?)
C:\gh\azure-sdk-for-net\sdk\maps\Microsoft.Azure.Management.Maps\tests\Tests\MapsAccountTests.cs(188,10): error CS0246: The type or namespace name 'Fact' could not be found (are you missing a using directive or an assembly reference?)
C:\gh\azure-sdk-for-net\sdk\maps\Microsoft.Azure.Management.Maps\tests\Tests\MapsAccountTests.cs(216,10): error CS0518: Predefined type 'System.Object' is not defined or imported
C:\gh\azure-sdk-for-net\sdk\maps\Microsoft.Azure.Management.Maps\tests\Tests\MapsAccountTests.cs(216,10): error CS0246: The type or namespace name 'FactAttribute' could not be found (are you missing a using directive or an assembly reference?)
C:\gh\azure-sdk-for-net\sdk\maps\Microsoft.Azure.Management.Maps\tests\Tests\MapsAccountTests.cs(216,10): error CS0246: The type or namespace name 'Fact' could not be found (are you missing a using directive or an assembly reference?)
C:\gh\azure-sdk-for-net\sdk\maps\Microsoft.Azure.Management.Maps\tests\Helpers\RecordedDelegatingHandler.cs(29,57): error CS0518: Predefined type 'System.Void' is not defined or imported
C:\gh\azure-sdk-for-net\sdk\maps\Microsoft.Azure.Management.Maps\tests\Helpers\RecordedDelegatingHandler.cs(31,67): error CS0518: Predefined type 'System.Void' is not defined or imported
C:\gh\azure-sdk-for-net\sdk\maps\Microsoft.Azure.Management.Maps\tests\Helpers\RecordedDelegatingHandler.cs(33,38): error CS0518: Predefined type 'System.Void' is not defined or imported
C:\gh\azure-sdk-for-net\sdk\maps\Microsoft.Azure.Management.Maps\tests\Helpers\RecordedDelegatingHandler.cs(35,57): error CS0518: Predefined type 'System.Void' is not defined or imported
C:\gh\azure-sdk-for-net\sdk\maps\Microsoft.Azure.Management.Maps\tests\Helpers\RecordedDelegatingHandler.cs(37,57): error CS0518: Predefined type 'System.Void' is not defined or imported
C:\gh\azure-sdk-for-net\sdk\maps\Microsoft.Azure.Management.Maps\tests\Helpers\RecordedDelegatingHandler.cs(39,41): error CS0518: Predefined type 'System.Void' is not defined or imported
C:\gh\azure-sdk-for-net\sdk\maps\Microsoft.Azure.Management.Maps\tests\Helpers\RecordedDelegatingHandler.cs(41,31): error CS0518: Predefined type 'System.Void' is not defined or imported
C:\gh\azure-sdk-for-net\sdk\maps\Microsoft.Azure.Management.Maps\tests\Helpers\RecordedDelegatingHandler.cs(43,42): error CS0518: Predefined type 'System.Void' is not defined or imported
C:\gh\azure-sdk-for-net\sdk\maps\Microsoft.Azure.Management.Maps\tests\Helpers\RecordedDelegatingHandler.cs(29,16): error CS0518: Predefined type 'System.Object' is not defined or imported
C:\gh\azure-sdk-for-net\sdk\maps\Microsoft.Azure.Management.Maps\tests\Helpers\RecordedDelegatingHandler.cs(29,16): error CS0246: The type or namespace name 'HttpStatusCode' could not be found (are you missing a using directive or an assembly reference?)
C:\gh\azure-sdk-for-net\sdk\maps\Microsoft.Azure.Management.Maps\tests\Helpers\RecordedDelegatingHandler.cs(31,16): error CS0518: Predefined type 'System.Object' is not defined or imported
C:\gh\azure-sdk-for-net\sdk\maps\Microsoft.Azure.Management.Maps\tests\Helpers\RecordedDelegatingHandler.cs(31,16): error CS0246: The type or namespace name 'HttpStatusCode' could not be found (are you missing a using directive or an assembly reference?)
C:\gh\azure-sdk-for-net\sdk\maps\Microsoft.Azure.Management.Maps\tests\Helpers\RecordedDelegatingHandler.cs(33,16): error CS0518: Predefined type 'System.String' is not defined or imported
C:\gh\azure-sdk-for-net\sdk\maps\Microsoft.Azure.Management.Maps\tests\Helpers\RecordedDelegatingHandler.cs(35,16): error CS0518: Predefined type 'System.Object' is not defined or imported
C:\gh\azure-sdk-for-net\sdk\maps\Microsoft.Azure.Management.Maps\tests\Helpers\RecordedDelegatingHandler.cs(35,16): error CS0246: The type or namespace name 'HttpRequestHeaders' could not be found (are you missing a using directive or an assembly reference?)
C:\gh\azure-sdk-for-net\sdk\maps\Microsoft.Azure.Management.Maps\tests\Helpers\RecordedDelegatingHandler.cs(37,16): error CS0518: Predefined type 'System.Object' is not defined or imported
C:\gh\azure-sdk-for-net\sdk\maps\Microsoft.Azure.Management.Maps\tests\Helpers\RecordedDelegatingHandler.cs(37,16): error CS0246: The type or namespace name 'HttpContentHeaders' could not be found (are you missing a using directive or an assembly reference?)
C:\gh\azure-sdk-for-net\sdk\maps\Microsoft.Azure.Management.Maps\tests\Helpers\RecordedDelegatingHandler.cs(39,16): error CS0518: Predefined type 'System.Object' is not defined or imported
C:\gh\azure-sdk-for-net\sdk\maps\Microsoft.Azure.Management.Maps\tests\Helpers\RecordedDelegatingHandler.cs(39,16): error CS0246: The type or namespace name 'HttpMethod' could not be found (are you missing a using directive or an assembly reference?)
C:\gh\azure-sdk-for-net\sdk\maps\Microsoft.Azure.Management.Maps\tests\Helpers\RecordedDelegatingHandler.cs(41,16): error CS0518: Predefined type 'System.Object' is not defined or imported
C:\gh\azure-sdk-for-net\sdk\maps\Microsoft.Azure.Management.Maps\tests\Helpers\RecordedDelegatingHandler.cs(41,16): error CS0246: The type or namespace name 'Uri' could not be found (are you missing a using directive or an assembly reference?)
C:\gh\azure-sdk-for-net\sdk\maps\Microsoft.Azure.Management.Maps\tests\Helpers\RecordedDelegatingHandler.cs(43,16): error CS0518: Predefined type 'System.Boolean' is not defined or imported
C:\gh\azure-sdk-for-net\sdk\maps\Microsoft.Azure.Management.Maps\tests\Helpers\MapsManagementTestUtilities.cs(26,53): error CS0518: Predefined type 'System.Boolean' is not defined or imported
C:\gh\azure-sdk-for-net\sdk\maps\Microsoft.Azure.Management.Maps\tests\Helpers\MapsManagementTestUtilities.cs(29,61): error CS0518: Predefined type 'System.Boolean' is not defined or imported
C:\gh\azure-sdk-for-net\sdk\maps\Microsoft.Azure.Management.Maps\tests\Helpers\MapsManagementTestUtilities.cs(29,83): error CS0518: Predefined type 'System.String' is not defined or imported
C:\gh\azure-sdk-for-net\sdk\maps\Microsoft.Azure.Management.Maps\tests\Helpers\MapsManagementTestUtilities.cs(30,48): error CS0518: Predefined type 'System.Boolean' is not defined or imported
C:\gh\azure-sdk-for-net\sdk\maps\Microsoft.Azure.Management.Maps\tests\Helpers\MapsManagementTestUtilities.cs(30,70): error CS0518: Predefined type 'System.String' is not defined or imported
C:\gh\azure-sdk-for-net\sdk\maps\Microsoft.Azure.Management.Maps\tests\Helpers\MapsManagementTestUtilities.cs(34,19): error CS0518: Predefined type 'System.Object' is not defined or imported
C:\gh\azure-sdk-for-net\sdk\maps\Microsoft.Azure.Management.Maps\tests\Helpers\MapsManagementTestUtilities.cs(34,19): error CS0246: The type or namespace name 'Dictionary<,>' could not be found (are you missing a using directive or an assembly reference?)
C:\gh\azure-sdk-for-net\sdk\maps\Microsoft.Azure.Management.Maps\tests\Helpers\MapsManagementTestUtilities.cs(34,30): error CS0518: Predefined type 'System.String' is not defined or imported
C:\gh\azure-sdk-for-net\sdk\maps\Microsoft.Azure.Management.Maps\tests\Helpers\MapsManagementTestUtilities.cs(34,38): error CS0518: Predefined type 'System.String' is not defined or imported
C:\gh\azure-sdk-for-net\sdk\maps\Microsoft.Azure.Management.Maps\tests\Helpers\MapsManagementTestUtilities.cs(34,50): error CS0518: Predefined type 'System.String' is not defined or imported
C:\gh\azure-sdk-for-net\sdk\maps\Microsoft.Azure.Management.Maps\tests\Helpers\MapsManagementTestUtilities.cs(34,58): error CS0518: Predefined type 'System.String' is not defined or imported
C:\gh\azure-sdk-for-net\sdk\maps\Microsoft.Azure.Management.Maps\tests\Helpers\MapsManagementTestUtilities.cs(34,72): error CS0518: Predefined type 'System.String' is not defined or imported
C:\gh\azure-sdk-for-net\sdk\maps\Microsoft.Azure.Management.Maps\tests\Helpers\MapsManagementTestUtilities.cs(34,80): error CS0518: Predefined type 'System.String' is not defined or imported
C:\gh\azure-sdk-for-net\sdk\maps\Microsoft.Azure.Management.Maps\tests\Helpers\RecordedDelegatingHandler.cs(18,39): error CS0518: Predefined type 'System.Object' is not defined or imported
C:\gh\azure-sdk-for-net\sdk\maps\Microsoft.Azure.Management.Maps\tests\Helpers\RecordedDelegatingHandler.cs(18,39): error CS0103: The name 'HttpStatusCode' does not exist in the current context
C:\gh\azure-sdk-for-net\sdk\maps\Microsoft.Azure.Management.Maps\tests\Helpers\RecordedDelegatingHandler.cs(24,39): error CS0518: Predefined type 'System.Object' is not defined or imported
C:\gh\azure-sdk-for-net\sdk\maps\Microsoft.Azure.Management.Maps\tests\Helpers\RecordedDelegatingHandler.cs(24,39): error CS0103: The name 'HttpStatusCode' does not exist in the current context
C:\gh\azure-sdk-for-net\sdk\maps\Microsoft.Azure.Management.Maps\tests\Helpers\MapsManagementTestUtilities.cs(38,17): error CS0518: Predefined type 'System.Boolean' is not defined or imported
C:\gh\azure-sdk-for-net\sdk\maps\Microsoft.Azure.Management.Maps\tests\Helpers\MapsManagementTestUtilities.cs(44,41): error CS0518: Predefined type 'System.Boolean' is not defined or imported
C:\gh\azure-sdk-for-net\sdk\maps\Microsoft.Azure.Management.Maps\tests\Helpers\MapsManagementTestUtilities.cs(45,17): error CS0518: Predefined type 'System.Object' is not defined or imported
C:\gh\azure-sdk-for-net\sdk\maps\Microsoft.Azure.Management.Maps\tests\Helpers\MapsManagementTestUtilities.cs(45,17): error CS0246: The type or namespace name 'ResourceManagementClient' could not be found (are you missing a using directive or an assembly reference?)
C:\gh\azure-sdk-for-net\sdk\maps\Microsoft.Azure.Management.Maps\tests\Helpers\MapsManagementTestUtilities.cs(45,85): error CS0518: Predefined type 'System.Object' is not defined or imported
C:\gh\azure-sdk-for-net\sdk\maps\Microsoft.Azure.Management.Maps\tests\Helpers\MapsManagementTestUtilities.cs(45,85): error CS0246: The type or namespace name 'ResourceManagementClient' could not be found (are you missing a using directive or an assembly reference?)
C:\gh\azure-sdk-for-net\sdk\maps\Microsoft.Azure.Management.Maps\tests\Helpers\MapsManagementTestUtilities.cs(52,13): error CS0518: Predefined type 'System.Object' is not defined or imported
C:\gh\azure-sdk-for-net\sdk\maps\Microsoft.Azure.Management.Maps\tests\Helpers\MapsManagementTestUtilities.cs(53,17): error CS0518: Predefined type 'System.Boolean' is not defined or imported
C:\gh\azure-sdk-for-net\sdk\maps\Microsoft.Azure.Management.Maps\tests\Helpers\MapsManagementTestUtilities.cs(55,34): error CS0518: Predefined type 'System.Object' is not defined or imported
C:\gh\azure-sdk-for-net\sdk\maps\Microsoft.Azure.Management.Maps\tests\Helpers\MapsManagementTestUtilities.cs(55,59): error CS0518: Predefined type 'System.Object' is not defined or imported
C:\gh\azure-sdk-for-net\sdk\maps\Microsoft.Azure.Management.Maps\tests\Helpers\MapsManagementTestUtilities.cs(55,59): error CS0246: The type or namespace name 'TokenCredentials' could not be found (are you missing a using directive or an assembly reference?)
C:\gh\azure-sdk-for-net\sdk\maps\Microsoft.Azure.Management.Maps\tests\Helpers\MapsManagementTestUtilities.cs(55,76): error CS0518: Predefined type 'System.String' is not defined or imported
C:\gh\azure-sdk-for-net\sdk\maps\Microsoft.Azure.Management.Maps\tests\Helpers\MapsManagementTestUtilities.cs(55,84): error CS0518: Predefined type 'System.Object' is not defined or imported
C:\gh\azure-sdk-for-net\sdk\maps\Microsoft.Azure.Management.Maps\tests\Helpers\MapsManagementTestUtilities.cs(55,34): error CS0518: Predefined type 'System.Object' is not defined or imported
C:\gh\azure-sdk-for-net\sdk\maps\Microsoft.Azure.Management.Maps\tests\Helpers\MapsManagementTestUtilities.cs(55,34): error CS0518: Predefined type 'System.Void' is not defined or imported
C:\gh\azure-sdk-for-net\sdk\maps\Microsoft.Azure.Management.Maps\tests\Helpers\MapsManagementTestUtilities.cs(57,21): error CS0518: Predefined type 'System.String' is not defined or imported
C:\gh\azure-sdk-for-net\sdk\maps\Microsoft.Azure.Management.Maps\tests\Helpers\MapsManagementTestUtilities.cs(58,21): error CS0246: The type or namespace name 'System' could not be found (are you missing a using directive or an assembly reference?)
C:\gh\azure-sdk-for-net\sdk\maps\Microsoft.Azure.Management.Maps\tests\Helpers\MapsManagementTestUtilities.cs(63,41): error CS0518: Predefined type 'System.Boolean' is not defined or imported
C:\gh\azure-sdk-for-net\sdk\maps\Microsoft.Azure.Management.Maps\tests\Helpers\MapsManagementTestUtilities.cs(64,55): error CS0518: Predefined type 'System.Object' is not defined or imported
C:\gh\azure-sdk-for-net\sdk\maps\Microsoft.Azure.Management.Maps\tests\Helpers\RecordedDelegatingHandler.cs(52,17): error CS0518: Predefined type 'System.Boolean' is not defined or imported
C:\gh\azure-sdk-for-net\sdk\maps\Microsoft.Azure.Management.Maps\tests\Helpers\RecordedDelegatingHandler.cs(52,17): error CS0518: Predefined type 'System.Boolean' is not defined or imported
C:\gh\azure-sdk-for-net\sdk\maps\Microsoft.Azure.Management.Maps\tests\Helpers\RecordedDelegatingHandler.cs(54,32): error CS0518: Predefined type 'System.String' is not defined or imported
C:\gh\azure-sdk-for-net\sdk\maps\Microsoft.Azure.Management.Maps\tests\Helpers\RecordedDelegatingHandler.cs(61,17): error CS0518: Predefined type 'System.Boolean' is not defined or imported
C:\gh\azure-sdk-for-net\sdk\maps\Microsoft.Azure.Management.Maps\tests\Helpers\RecordedDelegatingHandler.cs(61,17): error CS0518: Predefined type 'System.Boolean' is not defined or imported
C:\gh\azure-sdk-for-net\sdk\maps\Microsoft.Azure.Management.Maps\tests\Helpers\RecordedDelegatingHandler.cs(69,17): error CS0518: Predefined type 'System.Boolean' is not defined or imported
C:\gh\azure-sdk-for-net\sdk\maps\Microsoft.Azure.Management.Maps\tests\Helpers\RecordedDelegatingHandler.cs(75,21): error CS0518: Predefined type 'System.Boolean' is not defined or imported
C:\gh\azure-sdk-for-net\sdk\maps\Microsoft.Azure.Management.Maps\tests\Helpers\RecordedDelegatingHandler.cs(75,63): error CS0518: Predefined type 'System.Int32' is not defined or imported
C:\gh\azure-sdk-for-net\sdk\maps\Microsoft.Azure.Management.Maps\tests\Helpers\RecordedDelegatingHandler.cs(75,47): error CS0518: Predefined type 'System.Boolean' is not defined or imported
C:\gh\azure-sdk-for-net\sdk\maps\Microsoft.Azure.Management.Maps\tests\Helpers\RecordedDelegatingHandler.cs(75,21): error CS0518: Predefined type 'System.Boolean' is not defined or imported
C:\gh\azure-sdk-for-net\sdk\maps\Microsoft.Azure.Management.Maps\tests\Helpers\RecordedDelegatingHandler.cs(82,40): error CS0518: Predefined type 'System.Int32' is not defined or imported
C:\gh\azure-sdk-for-net\sdk\maps\Microsoft.Azure.Management.Maps\tests\Helpers\RecordedDelegatingHandler.cs(82,25): error CS0518: Predefined type 'System.Boolean' is not defined or imported
C:\gh\azure-sdk-for-net\sdk\maps\Microsoft.Azure.Management.Maps\tests\Helpers\RecordedDelegatingHandler.cs(82,25): error CS0518: Predefined type 'System.Boolean' is not defined or imported
C:\gh\azure-sdk-for-net\sdk\maps\Microsoft.Azure.Management.Maps\tests\Helpers\RecordedDelegatingHandler.cs(87,40): error CS0518: Predefined type 'System.Object' is not defined or imported
C:\gh\azure-sdk-for-net\sdk\maps\Microsoft.Azure.Management.Maps\tests\Helpers\RecordedDelegatingHandler.cs(87,40): error CS0246: The type or namespace name 'HttpResponseMessage' could not be found (are you missing a using directive or an assembly reference?)
C:\gh\azure-sdk-for-net\sdk\maps\Microsoft.Azure.Management.Maps\tests\Helpers\RecordedDelegatingHandler.cs(87,88): error CS0518: Predefined type 'System.Object' is not defined or imported
C:\gh\azure-sdk-for-net\sdk\maps\Microsoft.Azure.Management.Maps\tests\Helpers\RecordedDelegatingHandler.cs(87,88): error CS0246: The type or namespace name 'StringContent' could not be found (are you missing a using directive or an assembly reference?)
C:\gh\azure-sdk-for-net\sdk\maps\Microsoft.Azure.Management.Maps\tests\Helpers\RecordedDelegatingHandler.cs(87,102): error CS0518: Predefined type 'System.String' is not defined or imported
C:\gh\azure-sdk-for-net\sdk\maps\Microsoft.Azure.Management.Maps\tests\Tests\MapsAccountTests.cs(31,31): error CS0518: Predefined type 'System.Object' is not defined or imported
C:\gh\azure-sdk-for-net\sdk\maps\Microsoft.Azure.Management.Maps\tests\Tests\MapsAccountTests.cs(31,80): error CS0518: Predefined type 'System.Object' is not defined or imported
C:\gh\azure-sdk-for-net\sdk\maps\Microsoft.Azure.Management.Maps\tests\Tests\MapsAccountTests.cs(31,80): error CS0103: The name 'HttpStatusCode' does not exist in the current context
C:\gh\azure-sdk-for-net\sdk\maps\Microsoft.Azure.Management.Maps\tests\Tests\MapsAccountTests.cs(33,13): error CS0518: Predefined type 'System.IDisposable' is not defined or imported
C:\gh\azure-sdk-for-net\sdk\maps\Microsoft.Azure.Management.Maps\tests\Tests\MapsAccountTests.cs(33,34): error CS0518: Predefined type 'System.Object' is not defined or imported
C:\gh\azure-sdk-for-net\sdk\maps\Microsoft.Azure.Management.Maps\tests\Tests\MapsAccountTests.cs(33,34): error CS0103: The name 'MockContext' does not exist in the current context
C:\gh\azure-sdk-for-net\sdk\maps\Microsoft.Azure.Management.Maps\tests\Tests\MapsAccountTests.cs(33,57): error CS0518: Predefined type 'System.Object' is not defined or imported
C:\gh\azure-sdk-for-net\sdk\maps\Microsoft.Azure.Management.Maps\tests\Tests\MapsAccountTests.cs(33,57): error CS1061: 'MapsServicesAccountTests' does not contain a definition for 'GetType' and no accessible extension method 'GetType' accepting a first argument of type 'MapsServicesAccountTests' could be found (are you missing a using directive or an assembly reference?)
C:\gh\azure-sdk-for-net\sdk\maps\Microsoft.Azure.Management.Maps\tests\Tests\MapsAccountTests.cs(35,39): error CS0518: Predefined type 'System.Object' is not defined or imported
C:\gh\azure-sdk-for-net\sdk\maps\Microsoft.Azure.Management.Maps\tests\Tests\MapsAccountTests.cs(35,67): error CS0518: Predefined type 'System.Object' is not defined or imported
C:\gh\azure-sdk-for-net\sdk\maps\Microsoft.Azure.Management.Maps\tests\Tests\MapsAccountTests.cs(36,44): error CS0518: Predefined type 'System.Object' is not defined or imported
C:\gh\azure-sdk-for-net\sdk\maps\Microsoft.Azure.Management.Maps\tests\Tests\MapsAccountTests.cs(36,72): error CS0518: Predefined type 'System.Object' is not defined or imported
C:\gh\azure-sdk-for-net\sdk\maps\Microsoft.Azure.Management.Maps\tests\Tests\MapsAccountTests.cs(39,30): error CS0518: Predefined type 'System.Object' is not defined or imported
C:\gh\azure-sdk-for-net\sdk\maps\Microsoft.Azure.Management.Maps\tests\Tests\MapsAccountTests.cs(39,58): error CS0518: Predefined type 'System.Object' is not defined or imported
C:\gh\azure-sdk-for-net\sdk\maps\Microsoft.Azure.Management.Maps\tests\Tests\MapsAccountTests.cs(42,17): error CS0518: Predefined type 'System.String' is not defined or imported
C:\gh\azure-sdk-for-net\sdk\maps\Microsoft.Azure.Management.Maps\tests\Tests\MapsAccountTests.cs(42,38): error CS0518: Predefined type 'System.Object' is not defined or imported
C:\gh\azure-sdk-for-net\sdk\maps\Microsoft.Azure.Management.Maps\tests\Tests\MapsAccountTests.cs(42,38): error CS0103: The name 'TestUtilities' does not exist in the current context
C:\gh\azure-sdk-for-net\sdk\maps\Microsoft.Azure.Management.Maps\tests\Tests\MapsAccountTests.cs(42,65): error CS0518: Predefined type 'System.String' is not defined or imported
C:\gh\azure-sdk-for-net\sdk\maps\Microsoft.Azure.Management.Maps\tests\Tests\MapsAccountTests.cs(43,34): error CS0518: Predefined type 'System.Object' is not defined or imported
C:\gh\azure-sdk-for-net\sdk\maps\Microsoft.Azure.Management.Maps\tests\Tests\MapsAccountTests.cs(43,62): error CS0518: Predefined type 'System.Object' is not defined or imported
C:\gh\azure-sdk-for-net\sdk\maps\Microsoft.Azure.Management.Maps\tests\Tests\MapsAccountTests.cs(46,34): error CS0518: Predefined type 'System.String' is not defined or imported
C:\gh\azure-sdk-for-net\sdk\maps\Microsoft.Azure.Management.Maps\tests\Tests\MapsAccountTests.cs(47,17): error CS0518: Predefined type 'System.Object' is not defined or imported
C:\gh\azure-sdk-for-net\sdk\maps\Microsoft.Azure.Management.Maps\tests\Tests\MapsAccountTests.cs(47,45): error CS0518: Predefined type 'System.Object' is not defined or imported
C:\gh\azure-sdk-for-net\sdk\maps\Microsoft.Azure.Management.Maps\tests\Tests\MapsAccountTests.cs(47,81): error CS0518: Predefined type 'System.Boolean' is not defined or imported
C:\gh\azure-sdk-for-net\sdk\maps\Microsoft.Azure.Management.Maps\tests\Tests\MapsAccountTests.cs(50,31): error CS0518: Predefined type 'System.String' is not defined or imported
C:\gh\azure-sdk-for-net\sdk\maps\Microsoft.Azure.Management.Maps\tests\Tests\MapsAccountTests.cs(51,17): error CS0518: Predefined type 'System.Object' is not defined or imported
C:\gh\azure-sdk-for-net\sdk\maps\Microsoft.Azure.Management.Maps\tests\Tests\MapsAccountTests.cs(51,45): error CS0518: Predefined type 'System.Object' is not defined or imported
C:\gh\azure-sdk-for-net\sdk\maps\Microsoft.Azure.Management.Maps\tests\Tests\MapsAccountTests.cs(51,78): error CS0518: Predefined type 'System.Boolean' is not defined or imported
C:\gh\azure-sdk-for-net\sdk\maps\Microsoft.Azure.Management.Maps\tests\Tests\MapsAccountTests.cs(54,17): error CS0518: Predefined type 'System.Void' is not defined or imported
C:\gh\azure-sdk-for-net\sdk\maps\Microsoft.Azure.Management.Maps\tests\Helpers\MapsManagementTestUtilities.cs(71,31): error CS0518: Predefined type 'System.Object' is not defined or imported
C:\gh\azure-sdk-for-net\sdk\maps\Microsoft.Azure.Management.Maps\tests\Helpers\MapsManagementTestUtilities.cs(71,31): error CS0518: Predefined type 'System.Void' is not defined or imported
C:\gh\azure-sdk-for-net\sdk\maps\Microsoft.Azure.Management.Maps\tests\Helpers\MapsManagementTestUtilities.cs(73,17): error CS0518: Predefined type 'System.String' is not defined or imported
C:\gh\azure-sdk-for-net\sdk\maps\Microsoft.Azure.Management.Maps\tests\Helpers\MapsManagementTestUtilities.cs(74,17): error CS0246: The type or namespace name 'IDictionary<,>' could not be found (are you missing a using directive or an assembly reference?)
C:\gh\azure-sdk-for-net\sdk\maps\Microsoft.Azure.Management.Maps\tests\Helpers\MapsManagementTestUtilities.cs(75,17): error CS0518: Predefined type 'System.Void' is not defined or imported
C:\gh\azure-sdk-for-net\sdk\maps\Microsoft.Azure.Management.Maps\tests\Helpers\MapsManagementTestUtilities.cs(75,27): error CS0518: Predefined type 'System.Object' is not defined or imported
C:\gh\azure-sdk-for-net\sdk\maps\Microsoft.Azure.Management.Maps\tests\Helpers\MapsManagementTestUtilities.cs(75,27): error CS0518: Predefined type 'System.Void' is not defined or imported
C:\gh\azure-sdk-for-net\sdk\maps\Microsoft.Azure.Management.Maps\tests\Helpers\MapsManagementTestUtilities.cs(77,21): error CS0518: Predefined type 'System.String' is not defined or imported
C:\gh\azure-sdk-for-net\sdk\maps\Microsoft.Azure.Management.Maps\tests\Helpers\MapsManagementTestUtilities.cs(86,19): error CS0518: Predefined type 'System.String' is not defined or imported
C:\gh\azure-sdk-for-net\sdk\maps\Microsoft.Azure.Management.Maps\tests\Helpers\MapsManagementTestUtilities.cs(86,39): error CS0518: Predefined type 'System.String' is not defined or imported
C:\gh\azure-sdk-for-net\sdk\maps\Microsoft.Azure.Management.Maps\tests\Helpers\MapsManagementTestUtilities.cs(87,26): error CS0518: Predefined type 'System.Object' is not defined or imported
C:\gh\azure-sdk-for-net\sdk\maps\Microsoft.Azure.Management.Maps\tests\Helpers\MapsManagementTestUtilities.cs(87,26): error CS0103: The name 'TestUtilities' does not exist in the current context
C:\gh\azure-sdk-for-net\sdk\maps\Microsoft.Azure.Management.Maps\tests\Helpers\MapsManagementTestUtilities.cs(89,17): error CS0518: Predefined type 'System.Boolean' is not defined or imported
C:\gh\azure-sdk-for-net\sdk\maps\Microsoft.Azure.Management.Maps\tests\Helpers\MapsManagementTestUtilities.cs(93,25): error CS0518: Predefined type 'System.Object' is not defined or imported
C:\gh\azure-sdk-for-net\sdk\maps\Microsoft.Azure.Management.Maps\tests\Helpers\MapsManagementTestUtilities.cs(93,25): error CS0246: The type or namespace name 'ResourceGroup' could not be found (are you missing a using directive or an assembly reference?)
C:\gh\azure-sdk-for-net\sdk\maps\Microsoft.Azure.Management.Maps\tests\Helpers\MapsManagementTestUtilities.cs(104,31): error CS0518: Predefined type 'System.Object' is not defined or imported
C:\gh\azure-sdk-for-net\sdk\maps\Microsoft.Azure.Management.Maps\tests\Helpers\MapsManagementTestUtilities.cs(104,31): error CS0103: The name 'TestUtilities' does not exist in the current context
C:\gh\azure-sdk-for-net\sdk\maps\Microsoft.Azure.Management.Maps\tests\Helpers\MapsManagementTestUtilities.cs(104,58): error CS0518: Predefined type 'System.String' is not defined or imported
C:\gh\azure-sdk-for-net\sdk\maps\Microsoft.Azure.Management.Maps\tests\Helpers\MapsManagementTestUtilities.cs(105,30): error CS0518: Predefined type 'System.Object' is not defined or imported
C:\gh\azure-sdk-for-net\sdk\maps\Microsoft.Azure.Management.Maps\tests\Helpers\MapsManagementTestUtilities.cs(106,30): error CS0518: Predefined type 'System.String' is not defined or imported
C:\gh\azure-sdk-for-net\sdk\maps\Microsoft.Azure.Management.Maps\tests\Helpers\MapsManagementTestUtilities.cs(107,13): error CS0518: Predefined type 'System.Object' is not defined or imported
C:\gh\azure-sdk-for-net\sdk\maps\Microsoft.Azure.Management.Maps\tests\Helpers\MapsManagementTestUtilities.cs(107,49): error CS0518: Predefined type 'System.Boolean' is not defined or imported
C:\gh\azure-sdk-for-net\sdk\maps\Microsoft.Azure.Management.Maps\tests\Tests\MapsAccountTests.cs(61,31): error CS0518: Predefined type 'System.Object' is not defined or imported
C:\gh\azure-sdk-for-net\sdk\maps\Microsoft.Azure.Management.Maps\tests\Tests\MapsAccountTests.cs(61,80): error CS0518: Predefined type 'System.Object' is not defined or imported
C:\gh\azure-sdk-for-net\sdk\maps\Microsoft.Azure.Management.Maps\tests\Tests\MapsAccountTests.cs(61,80): error CS0103: The name 'HttpStatusCode' does not exist in the current context
C:\gh\azure-sdk-for-net\sdk\maps\Microsoft.Azure.Management.Maps\tests\Tests\MapsAccountTests.cs(63,13): error CS0518: Predefined type 'System.IDisposable' is not defined or imported
C:\gh\azure-sdk-for-net\sdk\maps\Microsoft.Azure.Management.Maps\tests\Tests\MapsAccountTests.cs(63,34): error CS0518: Predefined type 'System.Object' is not defined or imported
C:\gh\azure-sdk-for-net\sdk\maps\Microsoft.Azure.Management.Maps\tests\Tests\MapsAccountTests.cs(63,34): error CS0103: The name 'MockContext' does not exist in the current context
C:\gh\azure-sdk-for-net\sdk\maps\Microsoft.Azure.Management.Maps\tests\Tests\MapsAccountTests.cs(63,57): error CS0518: Predefined type 'System.Object' is not defined or imported
C:\gh\azure-sdk-for-net\sdk\maps\Microsoft.Azure.Management.Maps\tests\Tests\MapsAccountTests.cs(63,57): error CS1061: 'MapsServicesAccountTests' does not contain a definition for 'GetType' and no accessible extension method 'GetType' accepting a first argument of type 'MapsServicesAccountTests' could be found (are you missing a using directive or an assembly reference?)
C:\gh\azure-sdk-for-net\sdk\maps\Microsoft.Azure.Management.Maps\tests\Tests\MapsAccountTests.cs(65,39): error CS0518: Predefined type 'System.Object' is not defined or imported
C:\gh\azure-sdk-for-net\sdk\maps\Microsoft.Azure.Management.Maps\tests\Tests\MapsAccountTests.cs(65,67): error CS0518: Predefined type 'System.Object' is not defined or imported
C:\gh\azure-sdk-for-net\sdk\maps\Microsoft.Azure.Management.Maps\tests\Tests\MapsAccountTests.cs(66,44): error CS0518: Predefined type 'System.Object' is not defined or imported
C:\gh\azure-sdk-for-net\sdk\maps\Microsoft.Azure.Management.Maps\tests\Tests\MapsAccountTests.cs(66,72): error CS0518: Predefined type 'System.Object' is not defined or imported
C:\gh\azure-sdk-for-net\sdk\maps\Microsoft.Azure.Management.Maps\tests\Tests\MapsAccountTests.cs(69,30): error CS0518: Predefined type 'System.Object' is not defined or imported
C:\gh\azure-sdk-for-net\sdk\maps\Microsoft.Azure.Management.Maps\tests\Tests\MapsAccountTests.cs(69,58): error CS0518: Predefined type 'System.Object' is not defined or imported
C:\gh\azure-sdk-for-net\sdk\maps\Microsoft.Azure.Management.Maps\tests\Tests\MapsAccountTests.cs(72,17): error CS0518: Predefined type 'System.String' is not defined or imported
C:\gh\azure-sdk-for-net\sdk\maps\Microsoft.Azure.Management.Maps\tests\Tests\MapsAccountTests.cs(72,38): error CS0518: Predefined type 'System.Object' is not defined or imported
C:\gh\azure-sdk-for-net\sdk\maps\Microsoft.Azure.Management.Maps\tests\Tests\MapsAccountTests.cs(72,38): error CS0103: The name 'TestUtilities' does not exist in the current context
C:\gh\azure-sdk-for-net\sdk\maps\Microsoft.Azure.Management.Maps\tests\Tests\MapsAccountTests.cs(72,65): error CS0518: Predefined type 'System.String' is not defined or imported
C:\gh\azure-sdk-for-net\sdk\maps\Microsoft.Azure.Management.Maps\tests\Tests\MapsAccountTests.cs(73,34): error CS0518: Predefined type 'System.Object' is not defined or imported
C:\gh\azure-sdk-for-net\sdk\maps\Microsoft.Azure.Management.Maps\tests\Tests\MapsAccountTests.cs(73,62): error CS0518: Predefined type 'System.Object' is not defined or imported
C:\gh\azure-sdk-for-net\sdk\maps\Microsoft.Azure.Management.Maps\tests\Tests\MapsAccountTests.cs(76,34): error CS0518: Predefined type 'System.String' is not defined or imported
C:\gh\azure-sdk-for-net\sdk\maps\Microsoft.Azure.Management.Maps\tests\Tests\MapsAccountTests.cs(77,17): error CS0518: Predefined type 'System.Object' is not defined or imported
C:\gh\azure-sdk-for-net\sdk\maps\Microsoft.Azure.Management.Maps\tests\Tests\MapsAccountTests.cs(77,45): error CS0518: Predefined type 'System.Object' is not defined or imported
C:\gh\azure-sdk-for-net\sdk\maps\Microsoft.Azure.Management.Maps\tests\Tests\MapsAccountTests.cs(77,81): error CS0518: Predefined type 'System.Boolean' is not defined or imported
C:\gh\azure-sdk-for-net\sdk\maps\Microsoft.Azure.Management.Maps\tests\Tests\MapsAccountTests.cs(80,37): error CS0518: Predefined type 'System.Object' is not defined or imported
C:\gh\azure-sdk-for-net\sdk\maps\Microsoft.Azure.Management.Maps\tests\Tests\MapsAccountTests.cs(80,65): error CS0518: Predefined type 'System.Object' is not defined or imported
C:\gh\azure-sdk-for-net\sdk\maps\Microsoft.Azure.Management.Maps\tests\Tests\MapsAccountTests.cs(81,31): error CS0246: The type or namespace name 'IDictionary<,>' could not be found (are you missing a using directive or an assembly reference?)
C:\gh\azure-sdk-for-net\sdk\maps\Microsoft.Azure.Management.Maps\tests\Tests\MapsAccountTests.cs(81,42): error CS0518: Predefined type 'System.Object' is not defined or imported
C:\gh\azure-sdk-for-net\sdk\maps\Microsoft.Azure.Management.Maps\tests\Tests\MapsAccountTests.cs(81,42): error CS0246: The type or namespace name 'Dictionary<,>' could not be found (are you missing a using directive or an assembly reference?)
C:\gh\azure-sdk-for-net\sdk\maps\Microsoft.Azure.Management.Maps\tests\Tests\MapsAccountTests.cs(81,53): error CS0518: Predefined type 'System.String' is not defined or imported
C:\gh\azure-sdk-for-net\sdk\maps\Microsoft.Azure.Management.Maps\tests\Tests\MapsAccountTests.cs(81,61): error CS0518: Predefined type 'System.String' is not defined or imported
C:\gh\azure-sdk-for-net\sdk\maps\Microsoft.Azure.Management.Maps\tests\Tests\MapsAccountTests.cs(83,44): error CS0518: Predefined type 'System.String' is not defined or imported
C:\gh\azure-sdk-for-net\sdk\maps\Microsoft.Azure.Management.Maps\tests\Tests\MapsAccountTests.cs(83,52): error CS0518: Predefined type 'System.String' is not defined or imported
C:\gh\azure-sdk-for-net\sdk\maps\Microsoft.Azure.Management.Maps\tests\Tests\MapsAccountTests.cs(84,44): error CS0518: Predefined type 'System.String' is not defined or imported
C:\gh\azure-sdk-for-net\sdk\maps\Microsoft.Azure.Management.Maps\tests\Tests\MapsAccountTests.cs(84,52): error CS0518: Predefined type 'System.String' is not defined or imported
C:\gh\azure-sdk-for-net\sdk\maps\Microsoft.Azure.Management.Maps\tests\Tests\MapsAccountTests.cs(86,35): error CS0518: Predefined type 'System.String' is not defined or imported
C:\gh\azure-sdk-for-net\sdk\maps\Microsoft.Azure.Management.Maps\tests\Tests\MapsAccountTests.cs(86,42): error CS0518: Predefined type 'System.Object' is not defined or imported
C:\gh\azure-sdk-for-net\sdk\maps\Microsoft.Azure.Management.Maps\tests\Tests\MapsAccountTests.cs(87,38): error CS0518: Predefined type 'System.String' is not defined or imported
C:\gh\azure-sdk-for-net\sdk\maps\Microsoft.Azure.Management.Maps\tests\Tests\MapsAccountTests.cs(88,17): error CS0518: Predefined type 'System.Object' is not defined or imported
C:\gh\azure-sdk-for-net\sdk\maps\Microsoft.Azure.Management.Maps\tests\Tests\MapsAccountTests.cs(88,45): error CS0518: Predefined type 'System.Object' is not defined or imported
C:\gh\azure-sdk-for-net\sdk\maps\Microsoft.Azure.Management.Maps\tests\Tests\MapsAccountTests.cs(88,85): error CS0518: Predefined type 'System.Boolean' is not defined or imported
C:\gh\azure-sdk-for-net\sdk\maps\Microsoft.Azure.Management.Maps\tests\Tests\MapsAccountTests.cs(88,101): error CS0518: Predefined type 'System.Object' is not defined or imported
C:\gh\azure-sdk-for-net\sdk\maps\Microsoft.Azure.Management.Maps\tests\Tests\MapsAccountTests.cs(89,17): error CS0518: Predefined type 'System.Object' is not defined or imported
C:\gh\azure-sdk-for-net\sdk\maps\Microsoft.Azure.Management.Maps\tests\Tests\MapsAccountTests.cs(89,17): error CS0103: The name 'Assert' does not exist in the current context
C:\gh\azure-sdk-for-net\sdk\maps\Microsoft.Azure.Management.Maps\tests\Tests\MapsAccountTests.cs(89,47): error CS0246: The type or namespace name 'IDictionary<,>' could not be found (are you missing a using directive or an assembly reference?)
C:\gh\azure-sdk-for-net\sdk\maps\Microsoft.Azure.Management.Maps\tests\Tests\MapsAccountTests.cs(90,17): error CS0518: Predefined type 'System.Object' is not defined or imported
C:\gh\azure-sdk-for-net\sdk\maps\Microsoft.Azure.Management.Maps\tests\Tests\MapsAccountTests.cs(90,17): error CS0103: The name 'Assert' does not exist in the current context
C:\gh\azure-sdk-for-net\sdk\maps\Microsoft.Azure.Management.Maps\tests\Tests\MapsAccountTests.cs(90,30): error CS0518: Predefined type 'System.Int32' is not defined or imported
C:\gh\azure-sdk-for-net\sdk\maps\Microsoft.Azure.Management.Maps\tests\Tests\MapsAccountTests.cs(90,48): error CS0246: The type or namespace name 'IDictionary<,>' could not be found (are you missing a using directive or an assembly reference?)
C:\gh\azure-sdk-for-net\sdk\maps\Microsoft.Azure.Management.Maps\tests\Tests\MapsAccountTests.cs(91,17): error CS0518: Predefined type 'System.Object' is not defined or imported
C:\gh\azure-sdk-for-net\sdk\maps\Microsoft.Azure.Management.Maps\tests\Tests\MapsAccountTests.cs(91,17): error CS0103: The name 'Assert' does not exist in the current context
C:\gh\azure-sdk-for-net\sdk\maps\Microsoft.Azure.Management.Maps\tests\Tests\MapsAccountTests.cs(91,30): error CS0518: Predefined type 'System.String' is not defined or imported
C:\gh\azure-sdk-for-net\sdk\maps\Microsoft.Azure.Management.Maps\tests\Tests\MapsAccountTests.cs(91,55): error CS0246: The type or namespace name 'IDictionary<,>' could not be found (are you missing a using directive or an assembly reference?)
C:\gh\azure-sdk-for-net\sdk\maps\Microsoft.Azure.Management.Maps\tests\Tests\MapsAccountTests.cs(91,60): error CS0518: Predefined type 'System.String' is not defined or imported
C:\gh\azure-sdk-for-net\sdk\maps\Microsoft.Azure.Management.Maps\tests\Tests\MapsAccountTests.cs(92,17): error CS0518: Predefined type 'System.Object' is not defined or imported
C:\gh\azure-sdk-for-net\sdk\maps\Microsoft.Azure.Management.Maps\tests\Tests\MapsAccountTests.cs(92,17): error CS0103: The name 'Assert' does not exist in the current context
C:\gh\azure-sdk-for-net\sdk\maps\Microsoft.Azure.Management.Maps\tests\Tests\MapsAccountTests.cs(92,30): error CS0518: Predefined type 'System.String' is not defined or imported
C:\gh\azure-sdk-for-net\sdk\maps\Microsoft.Azure.Management.Maps\tests\Tests\MapsAccountTests.cs(92,55): error CS0246: The type or namespace name 'IDictionary<,>' could not be found (are you missing a using directive or an assembly reference?)
C:\gh\azure-sdk-for-net\sdk\maps\Microsoft.Azure.Management.Maps\tests\Tests\MapsAccountTests.cs(92,60): error CS0518: Predefined type 'System.String' is not defined or imported
C:\gh\azure-sdk-for-net\sdk\maps\Microsoft.Azure.Management.Maps\tests\Helpers\MapsManagementTestUtilities.cs(114,13): error CS0518: Predefined type 'System.Object' is not defined or imported
C:\gh\azure-sdk-for-net\sdk\maps\Microsoft.Azure.Management.Maps\tests\Helpers\MapsManagementTestUtilities.cs(114,13): error CS0103: The name 'Assert' does not exist in the current context
C:\gh\azure-sdk-for-net\sdk\maps\Microsoft.Azure.Management.Maps\tests\Helpers\MapsManagementTestUtilities.cs(115,13): error CS0518: Predefined type 'System.Object' is not defined or imported
C:\gh\azure-sdk-for-net\sdk\maps\Microsoft.Azure.Management.Maps\tests\Helpers\MapsManagementTestUtilities.cs(115,13): error CS0103: The name 'Assert' does not exist in the current context
C:\gh\azure-sdk-for-net\sdk\maps\Microsoft.Azure.Management.Maps\tests\Helpers\MapsManagementTestUtilities.cs(115,36): error CS0518: Predefined type 'System.String' is not defined or imported
C:\gh\azure-sdk-for-net\sdk\maps\Microsoft.Azure.Management.Maps\tests\Helpers\MapsManagementTestUtilities.cs(116,13): error CS0518: Predefined type 'System.Object' is not defined or imported
C:\gh\azure-sdk-for-net\sdk\maps\Microsoft.Azure.Management.Maps\tests\Helpers\MapsManagementTestUtilities.cs(116,13): error CS0103: The name 'Assert' does not exist in the current context
C:\gh\azure-sdk-for-net\sdk\maps\Microsoft.Azure.Management.Maps\tests\Helpers\MapsManagementTestUtilities.cs(116,36): error CS0518: Predefined type 'System.String' is not defined or imported
C:\gh\azure-sdk-for-net\sdk\maps\Microsoft.Azure.Management.Maps\tests\Helpers\MapsManagementTestUtilities.cs(117,13): error CS0518: Predefined type 'System.Object' is not defined or imported
C:\gh\azure-sdk-for-net\sdk\maps\Microsoft.Azure.Management.Maps\tests\Helpers\MapsManagementTestUtilities.cs(117,13): error CS0103: The name 'Assert' does not exist in the current context
C:\gh\azure-sdk-for-net\sdk\maps\Microsoft.Azure.Management.Maps\tests\Helpers\MapsManagementTestUtilities.cs(117,36): error CS0518: Predefined type 'System.String' is not defined or imported
C:\gh\azure-sdk-for-net\sdk\maps\Microsoft.Azure.Management.Maps\tests\Helpers\MapsManagementTestUtilities.cs(119,13): error CS0518: Predefined type 'System.Object' is not defined or imported
C:\gh\azure-sdk-for-net\sdk\maps\Microsoft.Azure.Management.Maps\tests\Helpers\MapsManagementTestUtilities.cs(119,13): error CS0103: The name 'Assert' does not exist in the current context
C:\gh\azure-sdk-for-net\sdk\maps\Microsoft.Azure.Management.Maps\tests\Helpers\MapsManagementTestUtilities.cs(120,13): error CS0518: Predefined type 'System.Object' is not defined or imported
C:\gh\azure-sdk-for-net\sdk\maps\Microsoft.Azure.Management.Maps\tests\Helpers\MapsManagementTestUtilities.cs(120,13): error CS0103: The name 'Assert' does not exist in the current context
C:\gh\azure-sdk-for-net\sdk\maps\Microsoft.Azure.Management.Maps\tests\Helpers\MapsManagementTestUtilities.cs(120,40): error CS0518: Predefined type 'System.String' is not defined or imported
C:\gh\azure-sdk-for-net\sdk\maps\Microsoft.Azure.Management.Maps\tests\Helpers\MapsManagementTestUtilities.cs(122,17): error CS0518: Predefined type 'System.Boolean' is not defined or imported
C:\gh\azure-sdk-for-net\sdk\maps\Microsoft.Azure.Management.Maps\tests\Helpers\MapsManagementTestUtilities.cs(124,17): error CS0518: Predefined type 'System.Object' is not defined or imported
C:\gh\azure-sdk-for-net\sdk\maps\Microsoft.Azure.Management.Maps\tests\Helpers\MapsManagementTestUtilities.cs(124,17): error CS0103: The name 'Assert' does not exist in the current context
C:\gh\azure-sdk-for-net\sdk\maps\Microsoft.Azure.Management.Maps\tests\Helpers\MapsManagementTestUtilities.cs(124,30): error CS0518: Predefined type 'System.Object' is not defined or imported
C:\gh\azure-sdk-for-net\sdk\maps\Microsoft.Azure.Management.Maps\tests\Helpers\MapsManagementTestUtilities.cs(124,83): error CS0518: Predefined type 'System.String' is not defined or imported
C:\gh\azure-sdk-for-net\sdk\maps\Microsoft.Azure.Management.Maps\tests\Helpers\MapsManagementTestUtilities.cs(124,105): error CS0518: Predefined type 'System.Boolean' is not defined or imported
C:\gh\azure-sdk-for-net\sdk\maps\Microsoft.Azure.Management.Maps\tests\Helpers\MapsManagementTestUtilities.cs(125,17): error CS0518: Predefined type 'System.Object' is not defined or imported
C:\gh\azure-sdk-for-net\sdk\maps\Microsoft.Azure.Management.Maps\tests\Helpers\MapsManagementTestUtilities.cs(125,17): error CS0103: The name 'Assert' does not exist in the current context
C:\gh\azure-sdk-for-net\sdk\maps\Microsoft.Azure.Management.Maps\tests\Helpers\MapsManagementTestUtilities.cs(125,30): error CS0518: Predefined type 'System.Object' is not defined or imported
C:\gh\azure-sdk-for-net\sdk\maps\Microsoft.Azure.Management.Maps\tests\Helpers\MapsManagementTestUtilities.cs(125,86): error CS0518: Predefined type 'System.String' is not defined or imported
C:\gh\azure-sdk-for-net\sdk\maps\Microsoft.Azure.Management.Maps\tests\Helpers\MapsManagementTestUtilities.cs(125,104): error CS0518: Predefined type 'System.Boolean' is not defined or imported
C:\gh\azure-sdk-for-net\sdk\maps\Microsoft.Azure.Management.Maps\tests\Helpers\MapsManagementTestUtilities.cs(127,17): error CS0518: Predefined type 'System.Object' is not defined or imported
C:\gh\azure-sdk-for-net\sdk\maps\Microsoft.Azure.Management.Maps\tests\Helpers\MapsManagementTestUtilities.cs(127,17): error CS0103: The name 'Assert' does not exist in the current context
C:\gh\azure-sdk-for-net\sdk\maps\Microsoft.Azure.Management.Maps\tests\Helpers\MapsManagementTestUtilities.cs(127,40): error CS0246: The type or namespace name 'IDictionary<,>' could not be found (are you missing a using directive or an assembly reference?)
C:\gh\azure-sdk-for-net\sdk\maps\Microsoft.Azure.Management.Maps\tests\Helpers\MapsManagementTestUtilities.cs(128,17): error CS0518: Predefined type 'System.Object' is not defined or imported
C:\gh\azure-sdk-for-net\sdk\maps\Microsoft.Azure.Management.Maps\tests\Helpers\MapsManagementTestUtilities.cs(128,17): error CS0103: The name 'Assert' does not exist in the current context
C:\gh\azure-sdk-for-net\sdk\maps\Microsoft.Azure.Management.Maps\tests\Helpers\MapsManagementTestUtilities.cs(128,51): error CS0518: Predefined type 'System.String' is not defined or imported
C:\gh\azure-sdk-for-net\sdk\maps\Microsoft.Azure.Management.Maps\tests\Helpers\MapsManagementTestUtilities.cs(129,17): error CS0518: Predefined type 'System.Object' is not defined or imported
C:\gh\azure-sdk-for-net\sdk\maps\Microsoft.Azure.Management.Maps\tests\Helpers\MapsManagementTestUtilities.cs(129,17): error CS0103: The name 'Assert' does not exist in the current context
C:\gh\azure-sdk-for-net\sdk\maps\Microsoft.Azure.Management.Maps\tests\Helpers\MapsManagementTestUtilities.cs(129,30): error CS0518: Predefined type 'System.Int32' is not defined or imported
C:\gh\azure-sdk-for-net\sdk\maps\Microsoft.Azure.Management.Maps\tests\Helpers\MapsManagementTestUtilities.cs(129,41): error CS0246: The type or namespace name 'IDictionary<,>' could not be found (are you missing a using directive or an assembly reference?)
C:\gh\azure-sdk-for-net\sdk\maps\Microsoft.Azure.Management.Maps\tests\Helpers\MapsManagementTestUtilities.cs(130,17): error CS0518: Predefined type 'System.Object' is not defined or imported
C:\gh\azure-sdk-for-net\sdk\maps\Microsoft.Azure.Management.Maps\tests\Helpers\MapsManagementTestUtilities.cs(130,17): error CS0103: The name 'Assert' does not exist in the current context
C:\gh\azure-sdk-for-net\sdk\maps\Microsoft.Azure.Management.Maps\tests\Helpers\MapsManagementTestUtilities.cs(130,30): error CS0518: Predefined type 'System.String' is not defined or imported
C:\gh\azure-sdk-for-net\sdk\maps\Microsoft.Azure.Management.Maps\tests\Helpers\MapsManagementTestUtilities.cs(130,48): error CS0246: The type or namespace name 'IDictionary<,>' could not be found (are you missing a using directive or an assembly reference?)
C:\gh\azure-sdk-for-net\sdk\maps\Microsoft.Azure.Management.Maps\tests\Helpers\MapsManagementTestUtilities.cs(130,53): error CS0518: Predefined type 'System.String' is not defined or imported
C:\gh\azure-sdk-for-net\sdk\maps\Microsoft.Azure.Management.Maps\tests\Helpers\MapsManagementTestUtilities.cs(131,17): error CS0518: Predefined type 'System.Object' is not defined or imported
C:\gh\azure-sdk-for-net\sdk\maps\Microsoft.Azure.Management.Maps\tests\Helpers\MapsManagementTestUtilities.cs(131,17): error CS0103: The name 'Assert' does not exist in the current context
C:\gh\azure-sdk-for-net\sdk\maps\Microsoft.Azure.Management.Maps\tests\Helpers\MapsManagementTestUtilities.cs(131,30): error CS0518: Predefined type 'System.String' is not defined or imported
C:\gh\azure-sdk-for-net\sdk\maps\Microsoft.Azure.Management.Maps\tests\Helpers\MapsManagementTestUtilities.cs(131,48): error CS0246: The type or namespace name 'IDictionary<,>' could not be found (are you missing a using directive or an assembly reference?)
C:\gh\azure-sdk-for-net\sdk\maps\Microsoft.Azure.Management.Maps\tests\Helpers\MapsManagementTestUtilities.cs(131,53): error CS0518: Predefined type 'System.String' is not defined or imported
C:\gh\azure-sdk-for-net\sdk\maps\Microsoft.Azure.Management.Maps\tests\Helpers\MapsManagementTestUtilities.cs(135,17): error CS0518: Predefined type 'System.Object' is not defined or imported
C:\gh\azure-sdk-for-net\sdk\maps\Microsoft.Azure.Management.Maps\tests\Helpers\MapsManagementTestUtilities.cs(135,17): error CS0103: The name 'Assert' does not exist in the current context
C:\gh\azure-sdk-for-net\sdk\maps\Microsoft.Azure.Management.Maps\tests\Helpers\MapsManagementTestUtilities.cs(135,51): error CS0518: Predefined type 'System.String' is not defined or imported
C:\gh\azure-sdk-for-net\sdk\maps\Microsoft.Azure.Management.Maps\tests\Helpers\MapsManagementTestUtilities.cs(135,69): error CS0518: Predefined type 'System.Boolean' is not defined or imported
C:\gh\azure-sdk-for-net\sdk\maps\Microsoft.Azure.Management.Maps\tests\Helpers\MapsManagementTestUtilities.cs(136,17): error CS0518: Predefined type 'System.Object' is not defined or imported
C:\gh\azure-sdk-for-net\sdk\maps\Microsoft.Azure.Management.Maps\tests\Helpers\MapsManagementTestUtilities.cs(136,17): error CS0103: The name 'Assert' does not exist in the current context
C:\gh\azure-sdk-for-net\sdk\maps\Microsoft.Azure.Management.Maps\tests\Helpers\MapsManagementTestUtilities.cs(136,48): error CS0518: Predefined type 'System.String' is not defined or imported
C:\gh\azure-sdk-for-net\sdk\maps\Microsoft.Azure.Management.Maps\tests\Helpers\MapsManagementTestUtilities.cs(136,70): error CS0518: Predefined type 'System.Boolean' is not defined or imported
C:\gh\azure-sdk-for-net\sdk\maps\Microsoft.Azure.Management.Maps\tests\Tests\MapsAccountTests.cs(100,31): error CS0518: Predefined type 'System.Object' is not defined or imported
C:\gh\azure-sdk-for-net\sdk\maps\Microsoft.Azure.Management.Maps\tests\Tests\MapsAccountTests.cs(100,80): error CS0518: Predefined type 'System.Object' is not defined or imported
C:\gh\azure-sdk-for-net\sdk\maps\Microsoft.Azure.Management.Maps\tests\Tests\MapsAccountTests.cs(100,80): error CS0103: The name 'HttpStatusCode' does not exist in the current context
C:\gh\azure-sdk-for-net\sdk\maps\Microsoft.Azure.Management.Maps\tests\Tests\MapsAccountTests.cs(102,13): error CS0518: Predefined type 'System.IDisposable' is not defined or imported
C:\gh\azure-sdk-for-net\sdk\maps\Microsoft.Azure.Management.Maps\tests\Tests\MapsAccountTests.cs(102,34): error CS0518: Predefined type 'System.Object' is not defined or imported
C:\gh\azure-sdk-for-net\sdk\maps\Microsoft.Azure.Management.Maps\tests\Tests\MapsAccountTests.cs(102,34): error CS0103: The name 'MockContext' does not exist in the current context
C:\gh\azure-sdk-for-net\sdk\maps\Microsoft.Azure.Management.Maps\tests\Tests\MapsAccountTests.cs(102,57): error CS0518: Predefined type 'System.Object' is not defined or imported
C:\gh\azure-sdk-for-net\sdk\maps\Microsoft.Azure.Management.Maps\tests\Tests\MapsAccountTests.cs(102,57): error CS1061: 'MapsServicesAccountTests' does not contain a definition for 'GetType' and no accessible extension method 'GetType' accepting a first argument of type 'MapsServicesAccountTests' could be found (are you missing a using directive or an assembly reference?)
C:\gh\azure-sdk-for-net\sdk\maps\Microsoft.Azure.Management.Maps\tests\Tests\MapsAccountTests.cs(104,39): error CS0518: Predefined type 'System.Object' is not defined or imported
C:\gh\azure-sdk-for-net\sdk\maps\Microsoft.Azure.Management.Maps\tests\Tests\MapsAccountTests.cs(104,67): error CS0518: Predefined type 'System.Object' is not defined or imported
C:\gh\azure-sdk-for-net\sdk\maps\Microsoft.Azure.Management.Maps\tests\Tests\MapsAccountTests.cs(105,44): error CS0518: Predefined type 'System.Object' is not defined or imported
C:\gh\azure-sdk-for-net\sdk\maps\Microsoft.Azure.Management.Maps\tests\Tests\MapsAccountTests.cs(105,72): error CS0518: Predefined type 'System.Object' is not defined or imported
C:\gh\azure-sdk-for-net\sdk\maps\Microsoft.Azure.Management.Maps\tests\Tests\MapsAccountTests.cs(108,30): error CS0518: Predefined type 'System.Object' is not defined or imported
C:\gh\azure-sdk-for-net\sdk\maps\Microsoft.Azure.Management.Maps\tests\Tests\MapsAccountTests.cs(108,58): error CS0518: Predefined type 'System.Object' is not defined or imported
C:\gh\azure-sdk-for-net\sdk\maps\Microsoft.Azure.Management.Maps\tests\Tests\MapsAccountTests.cs(111,62): error CS0518: Predefined type 'System.String' is not defined or imported
C:\gh\azure-sdk-for-net\sdk\maps\Microsoft.Azure.Management.Maps\tests\Tests\MapsAccountTests.cs(111,17): error CS0518: Predefined type 'System.Void' is not defined or imported
C:\gh\azure-sdk-for-net\sdk\maps\Microsoft.Azure.Management.Maps\tests\Tests\MapsAccountTests.cs(114,35): error CS0518: Predefined type 'System.Object' is not defined or imported
C:\gh\azure-sdk-for-net\sdk\maps\Microsoft.Azure.Management.Maps\tests\Tests\MapsAccountTests.cs(114,35): error CS0103: The name 'TestUtilities' does not exist in the current context
C:\gh\azure-sdk-for-net\sdk\maps\Microsoft.Azure.Management.Maps\tests\Tests\MapsAccountTests.cs(114,62): error CS0518: Predefined type 'System.String' is not defined or imported
C:\gh\azure-sdk-for-net\sdk\maps\Microsoft.Azure.Management.Maps\tests\Tests\MapsAccountTests.cs(115,34): error CS0518: Predefined type 'System.Object' is not defined or imported
C:\gh\azure-sdk-for-net\sdk\maps\Microsoft.Azure.Management.Maps\tests\Tests\MapsAccountTests.cs(115,62): error CS0518: Predefined type 'System.Object' is not defined or imported
C:\gh\azure-sdk-for-net\sdk\maps\Microsoft.Azure.Management.Maps\tests\Tests\MapsAccountTests.cs(118,34): error CS0518: Predefined type 'System.String' is not defined or imported
C:\gh\azure-sdk-for-net\sdk\maps\Microsoft.Azure.Management.Maps\tests\Tests\MapsAccountTests.cs(121,17): error CS0518: Predefined type 'System.Void' is not defined or imported
C:\gh\azure-sdk-for-net\sdk\maps\Microsoft.Azure.Management.Maps\tests\Tests\MapsAccountTests.cs(124,17): error CS0518: Predefined type 'System.Void' is not defined or imported
C:\gh\azure-sdk-for-net\sdk\maps\Microsoft.Azure.Management.Maps\tests\Tests\MapsAccountTests.cs(131,31): error CS0518: Predefined type 'System.Object' is not defined or imported
C:\gh\azure-sdk-for-net\sdk\maps\Microsoft.Azure.Management.Maps\tests\Tests\MapsAccountTests.cs(131,80): error CS0518: Predefined type 'System.Object' is not defined or imported
C:\gh\azure-sdk-for-net\sdk\maps\Microsoft.Azure.Management.Maps\tests\Tests\MapsAccountTests.cs(131,80): error CS0103: The name 'HttpStatusCode' does not exist in the current context
C:\gh\azure-sdk-for-net\sdk\maps\Microsoft.Azure.Management.Maps\tests\Tests\MapsAccountTests.cs(133,13): error CS0518: Predefined type 'System.IDisposable' is not defined or imported
C:\gh\azure-sdk-for-net\sdk\maps\Microsoft.Azure.Management.Maps\tests\Tests\MapsAccountTests.cs(133,34): error CS0518: Predefined type 'System.Object' is not defined or imported
C:\gh\azure-sdk-for-net\sdk\maps\Microsoft.Azure.Management.Maps\tests\Tests\MapsAccountTests.cs(133,34): error CS0103: The name 'MockContext' does not exist in the current context
C:\gh\azure-sdk-for-net\sdk\maps\Microsoft.Azure.Management.Maps\tests\Tests\MapsAccountTests.cs(133,57): error CS0518: Predefined type 'System.Object' is not defined or imported
C:\gh\azure-sdk-for-net\sdk\maps\Microsoft.Azure.Management.Maps\tests\Tests\MapsAccountTests.cs(133,57): error CS1061: 'MapsServicesAccountTests' does not contain a definition for 'GetType' and no accessible extension method 'GetType' accepting a first argument of type 'MapsServicesAccountTests' could be found (are you missing a using directive or an assembly reference?)
C:\gh\azure-sdk-for-net\sdk\maps\Microsoft.Azure.Management.Maps\tests\Tests\MapsAccountTests.cs(135,39): error CS0518: Predefined type 'System.Object' is not defined or imported
C:\gh\azure-sdk-for-net\sdk\maps\Microsoft.Azure.Management.Maps\tests\Tests\MapsAccountTests.cs(135,67): error CS0518: Predefined type 'System.Object' is not defined or imported
C:\gh\azure-sdk-for-net\sdk\maps\Microsoft.Azure.Management.Maps\tests\Tests\MapsAccountTests.cs(136,44): error CS0518: Predefined type 'System.Object' is not defined or imported
C:\gh\azure-sdk-for-net\sdk\maps\Microsoft.Azure.Management.Maps\tests\Tests\MapsAccountTests.cs(136,72): error CS0518: Predefined type 'System.Object' is not defined or imported
C:\gh\azure-sdk-for-net\sdk\maps\Microsoft.Azure.Management.Maps\tests\Tests\MapsAccountTests.cs(139,30): error CS0518: Predefined type 'System.Object' is not defined or imported
C:\gh\azure-sdk-for-net\sdk\maps\Microsoft.Azure.Management.Maps\tests\Tests\MapsAccountTests.cs(139,58): error CS0518: Predefined type 'System.Object' is not defined or imported
C:\gh\azure-sdk-for-net\sdk\maps\Microsoft.Azure.Management.Maps\tests\Tests\MapsAccountTests.cs(141,32): error CS0246: The type or namespace name 'IEnumerable<>' could not be found (are you missing a using directive or an assembly reference?)
C:\gh\azure-sdk-for-net\sdk\maps\Microsoft.Azure.Management.Maps\tests\Tests\MapsAccountTests.cs(142,17): error CS0518: Predefined type 'System.Object' is not defined or imported
C:\gh\azure-sdk-for-net\sdk\maps\Microsoft.Azure.Management.Maps\tests\Tests\MapsAccountTests.cs(142,17): error CS0103: The name 'Assert' does not exist in the current context
C:\gh\azure-sdk-for-net\sdk\maps\Microsoft.Azure.Management.Maps\tests\Tests\MapsAccountTests.cs(145,36): error CS0518: Predefined type 'System.Object' is not defined or imported
C:\gh\azure-sdk-for-net\sdk\maps\Microsoft.Azure.Management.Maps\tests\Tests\MapsAccountTests.cs(145,64): error CS0518: Predefined type 'System.Object' is not defined or imported
C:\gh\azure-sdk-for-net\sdk\maps\Microsoft.Azure.Management.Maps\tests\Tests\MapsAccountTests.cs(146,36): error CS0518: Predefined type 'System.Object' is not defined or imported
C:\gh\azure-sdk-for-net\sdk\maps\Microsoft.Azure.Management.Maps\tests\Tests\MapsAccountTests.cs(146,64): error CS0518: Predefined type 'System.Object' is not defined or imported
C:\gh\azure-sdk-for-net\sdk\maps\Microsoft.Azure.Management.Maps\tests\Tests\MapsAccountTests.cs(148,28): error CS0246: The type or namespace name 'IEnumerable<>' could not be found (are you missing a using directive or an assembly reference?)
C:\gh\azure-sdk-for-net\sdk\maps\Microsoft.Azure.Management.Maps\tests\Tests\MapsAccountTests.cs(149,17): error CS0518: Predefined type 'System.Object' is not defined or imported
C:\gh\azure-sdk-for-net\sdk\maps\Microsoft.Azure.Management.Maps\tests\Tests\MapsAccountTests.cs(149,17): error CS0103: The name 'Assert' does not exist in the current context
C:\gh\azure-sdk-for-net\sdk\maps\Microsoft.Azure.Management.Maps\tests\Tests\MapsAccountTests.cs(149,30): error CS0518: Predefined type 'System.Int32' is not defined or imported
C:\gh\azure-sdk-for-net\sdk\maps\Microsoft.Azure.Management.Maps\tests\Tests\MapsAccountTests.cs(151,17): error CS0518: Predefined type 'System.Object' is not defined or imported
C:\gh\azure-sdk-for-net\sdk\maps\Microsoft.Azure.Management.Maps\tests\Tests\MapsAccountTests.cs(151,45): error CS0518: Predefined type 'System.Object' is not defined or imported
C:\gh\azure-sdk-for-net\sdk\maps\Microsoft.Azure.Management.Maps\tests\Tests\MapsAccountTests.cs(151,87): error CS0518: Predefined type 'System.Boolean' is not defined or imported
C:\gh\azure-sdk-for-net\sdk\maps\Microsoft.Azure.Management.Maps\tests\Tests\MapsAccountTests.cs(152,17): error CS0518: Predefined type 'System.Object' is not defined or imported
C:\gh\azure-sdk-for-net\sdk\maps\Microsoft.Azure.Management.Maps\tests\Tests\MapsAccountTests.cs(152,45): error CS0518: Predefined type 'System.Object' is not defined or imported
C:\gh\azure-sdk-for-net\sdk\maps\Microsoft.Azure.Management.Maps\tests\Tests\MapsAccountTests.cs(152,83): error CS0518: Predefined type 'System.Int32' is not defined or imported
C:\gh\azure-sdk-for-net\sdk\maps\Microsoft.Azure.Management.Maps\tests\Tests\MapsAccountTests.cs(152,95): error CS0518: Predefined type 'System.Boolean' is not defined or imported
C:\gh\azure-sdk-for-net\sdk\maps\Microsoft.Azure.Management.Maps\tests\Tests\MapsAccountTests.cs(159,31): error CS0518: Predefined type 'System.Object' is not defined or imported
C:\gh\azure-sdk-for-net\sdk\maps\Microsoft.Azure.Management.Maps\tests\Tests\MapsAccountTests.cs(159,80): error CS0518: Predefined type 'System.Object' is not defined or imported
C:\gh\azure-sdk-for-net\sdk\maps\Microsoft.Azure.Management.Maps\tests\Tests\MapsAccountTests.cs(159,80): error CS0103: The name 'HttpStatusCode' does not exist in the current context
C:\gh\azure-sdk-for-net\sdk\maps\Microsoft.Azure.Management.Maps\tests\Tests\MapsAccountTests.cs(161,13): error CS0518: Predefined type 'System.IDisposable' is not defined or imported
C:\gh\azure-sdk-for-net\sdk\maps\Microsoft.Azure.Management.Maps\tests\Tests\MapsAccountTests.cs(161,34): error CS0518: Predefined type 'System.Object' is not defined or imported
C:\gh\azure-sdk-for-net\sdk\maps\Microsoft.Azure.Management.Maps\tests\Tests\MapsAccountTests.cs(161,34): error CS0103: The name 'MockContext' does not exist in the current context
C:\gh\azure-sdk-for-net\sdk\maps\Microsoft.Azure.Management.Maps\tests\Tests\MapsAccountTests.cs(161,57): error CS0518: Predefined type 'System.Object' is not defined or imported
C:\gh\azure-sdk-for-net\sdk\maps\Microsoft.Azure.Management.Maps\tests\Tests\MapsAccountTests.cs(161,57): error CS1061: 'MapsServicesAccountTests' does not contain a definition for 'GetType' and no accessible extension method 'GetType' accepting a first argument of type 'MapsServicesAccountTests' could be found (are you missing a using directive or an assembly reference?)
C:\gh\azure-sdk-for-net\sdk\maps\Microsoft.Azure.Management.Maps\tests\Tests\MapsAccountTests.cs(163,39): error CS0518: Predefined type 'System.Object' is not defined or imported
C:\gh\azure-sdk-for-net\sdk\maps\Microsoft.Azure.Management.Maps\tests\Tests\MapsAccountTests.cs(163,67): error CS0518: Predefined type 'System.Object' is not defined or imported
C:\gh\azure-sdk-for-net\sdk\maps\Microsoft.Azure.Management.Maps\tests\Tests\MapsAccountTests.cs(164,44): error CS0518: Predefined type 'System.Object' is not defined or imported
C:\gh\azure-sdk-for-net\sdk\maps\Microsoft.Azure.Management.Maps\tests\Tests\MapsAccountTests.cs(164,72): error CS0518: Predefined type 'System.Object' is not defined or imported
C:\gh\azure-sdk-for-net\sdk\maps\Microsoft.Azure.Management.Maps\tests\Tests\MapsAccountTests.cs(167,31): error CS0518: Predefined type 'System.Object' is not defined or imported
C:\gh\azure-sdk-for-net\sdk\maps\Microsoft.Azure.Management.Maps\tests\Tests\MapsAccountTests.cs(167,59): error CS0518: Predefined type 'System.Object' is not defined or imported
C:\gh\azure-sdk-for-net\sdk\maps\Microsoft.Azure.Management.Maps\tests\Tests\MapsAccountTests.cs(168,36): error CS0518: Predefined type 'System.Object' is not defined or imported
C:\gh\azure-sdk-for-net\sdk\maps\Microsoft.Azure.Management.Maps\tests\Tests\MapsAccountTests.cs(168,64): error CS0518: Predefined type 'System.Object' is not defined or imported
C:\gh\azure-sdk-for-net\sdk\maps\Microsoft.Azure.Management.Maps\tests\Tests\MapsAccountTests.cs(171,31): error CS0518: Predefined type 'System.Object' is not defined or imported
C:\gh\azure-sdk-for-net\sdk\maps\Microsoft.Azure.Management.Maps\tests\Tests\MapsAccountTests.cs(171,59): error CS0518: Predefined type 'System.Object' is not defined or imported
C:\gh\azure-sdk-for-net\sdk\maps\Microsoft.Azure.Management.Maps\tests\Tests\MapsAccountTests.cs(172,36): error CS0518: Predefined type 'System.Object' is not defined or imported
C:\gh\azure-sdk-for-net\sdk\maps\Microsoft.Azure.Management.Maps\tests\Tests\MapsAccountTests.cs(172,64): error CS0518: Predefined type 'System.Object' is not defined or imported
C:\gh\azure-sdk-for-net\sdk\maps\Microsoft.Azure.Management.Maps\tests\Tests\MapsAccountTests.cs(174,32): error CS0246: The type or namespace name 'IEnumerable<>' could not be found (are you missing a using directive or an assembly reference?)
C:\gh\azure-sdk-for-net\sdk\maps\Microsoft.Azure.Management.Maps\tests\Tests\MapsAccountTests.cs(176,17): error CS0518: Predefined type 'System.Object' is not defined or imported
C:\gh\azure-sdk-for-net\sdk\maps\Microsoft.Azure.Management.Maps\tests\Tests\MapsAccountTests.cs(176,17): error CS0103: The name 'Assert' does not exist in the current context
C:\gh\azure-sdk-for-net\sdk\maps\Microsoft.Azure.Management.Maps\tests\Tests\MapsAccountTests.cs(176,49): error CS0518: Predefined type 'System.Int32' is not defined or imported
C:\gh\azure-sdk-for-net\sdk\maps\Microsoft.Azure.Management.Maps\tests\Tests\MapsAccountTests.cs(176,29): error CS0518: Predefined type 'System.Boolean' is not defined or imported
C:\gh\azure-sdk-for-net\sdk\maps\Microsoft.Azure.Management.Maps\tests\Tests\MapsAccountTests.cs(180,17): error CS0518: Predefined type 'System.Object' is not defined or imported
C:\gh\azure-sdk-for-net\sdk\maps\Microsoft.Azure.Management.Maps\tests\Tests\MapsAccountTests.cs(180,45): error CS0518: Predefined type 'System.Object' is not defined or imported
C:\gh\azure-sdk-for-net\sdk\maps\Microsoft.Azure.Management.Maps\tests\Tests\MapsAccountTests.cs(180,79): error CS0518: Predefined type 'System.Boolean' is not defined or imported
C:\gh\azure-sdk-for-net\sdk\maps\Microsoft.Azure.Management.Maps\tests\Tests\MapsAccountTests.cs(184,17): error CS0518: Predefined type 'System.Object' is not defined or imported
C:\gh\azure-sdk-for-net\sdk\maps\Microsoft.Azure.Management.Maps\tests\Tests\MapsAccountTests.cs(184,45): error CS0518: Predefined type 'System.Object' is not defined or imported
C:\gh\azure-sdk-for-net\sdk\maps\Microsoft.Azure.Management.Maps\tests\Tests\MapsAccountTests.cs(184,79): error CS0518: Predefined type 'System.Boolean' is not defined or imported
C:\gh\azure-sdk-for-net\sdk\maps\Microsoft.Azure.Management.Maps\tests\Tests\MapsAccountTests.cs(191,31): error CS0518: Predefined type 'System.Object' is not defined or imported
C:\gh\azure-sdk-for-net\sdk\maps\Microsoft.Azure.Management.Maps\tests\Tests\MapsAccountTests.cs(191,80): error CS0518: Predefined type 'System.Object' is not defined or imported
C:\gh\azure-sdk-for-net\sdk\maps\Microsoft.Azure.Management.Maps\tests\Tests\MapsAccountTests.cs(191,80): error CS0103: The name 'HttpStatusCode' does not exist in the current context
C:\gh\azure-sdk-for-net\sdk\maps\Microsoft.Azure.Management.Maps\tests\Tests\MapsAccountTests.cs(193,13): error CS0518: Predefined type 'System.IDisposable' is not defined or imported
C:\gh\azure-sdk-for-net\sdk\maps\Microsoft.Azure.Management.Maps\tests\Tests\MapsAccountTests.cs(193,34): error CS0518: Predefined type 'System.Object' is not defined or imported
C:\gh\azure-sdk-for-net\sdk\maps\Microsoft.Azure.Management.Maps\tests\Tests\MapsAccountTests.cs(193,34): error CS0103: The name 'MockContext' does not exist in the current context
C:\gh\azure-sdk-for-net\sdk\maps\Microsoft.Azure.Management.Maps\tests\Tests\MapsAccountTests.cs(193,57): error CS0518: Predefined type 'System.Object' is not defined or imported
C:\gh\azure-sdk-for-net\sdk\maps\Microsoft.Azure.Management.Maps\tests\Tests\MapsAccountTests.cs(193,57): error CS1061: 'MapsServicesAccountTests' does not contain a definition for 'GetType' and no accessible extension method 'GetType' accepting a first argument of type 'MapsServicesAccountTests' could be found (are you missing a using directive or an assembly reference?)
C:\gh\azure-sdk-for-net\sdk\maps\Microsoft.Azure.Management.Maps\tests\Tests\MapsAccountTests.cs(195,39): error CS0518: Predefined type 'System.Object' is not defined or imported
C:\gh\azure-sdk-for-net\sdk\maps\Microsoft.Azure.Management.Maps\tests\Tests\MapsAccountTests.cs(195,67): error CS0518: Predefined type 'System.Object' is not defined or imported
C:\gh\azure-sdk-for-net\sdk\maps\Microsoft.Azure.Management.Maps\tests\Tests\MapsAccountTests.cs(196,44): error CS0518: Predefined type 'System.Object' is not defined or imported
C:\gh\azure-sdk-for-net\sdk\maps\Microsoft.Azure.Management.Maps\tests\Tests\MapsAccountTests.cs(196,72): error CS0518: Predefined type 'System.Object' is not defined or imported
C:\gh\azure-sdk-for-net\sdk\maps\Microsoft.Azure.Management.Maps\tests\Tests\MapsAccountTests.cs(199,30): error CS0518: Predefined type 'System.Object' is not defined or imported
C:\gh\azure-sdk-for-net\sdk\maps\Microsoft.Azure.Management.Maps\tests\Tests\MapsAccountTests.cs(199,58): error CS0518: Predefined type 'System.Object' is not defined or imported
C:\gh\azure-sdk-for-net\sdk\maps\Microsoft.Azure.Management.Maps\tests\Tests\MapsAccountTests.cs(202,35): error CS0518: Predefined type 'System.Object' is not defined or imported
C:\gh\azure-sdk-for-net\sdk\maps\Microsoft.Azure.Management.Maps\tests\Tests\MapsAccountTests.cs(202,63): error CS0518: Predefined type 'System.Object' is not defined or imported
C:\gh\azure-sdk-for-net\sdk\maps\Microsoft.Azure.Management.Maps\tests\Tests\MapsAccountTests.cs(205,28): error CS0518: Predefined type 'System.String' is not defined or imported
C:\gh\azure-sdk-for-net\sdk\maps\Microsoft.Azure.Management.Maps\tests\Tests\MapsAccountTests.cs(206,17): error CS0518: Predefined type 'System.Object' is not defined or imported
C:\gh\azure-sdk-for-net\sdk\maps\Microsoft.Azure.Management.Maps\tests\Tests\MapsAccountTests.cs(206,17): error CS0103: The name 'Assert' does not exist in the current context
C:\gh\azure-sdk-for-net\sdk\maps\Microsoft.Azure.Management.Maps\tests\Tests\MapsAccountTests.cs(209,17): error CS0518: Predefined type 'System.Object' is not defined or imported
C:\gh\azure-sdk-for-net\sdk\maps\Microsoft.Azure.Management.Maps\tests\Tests\MapsAccountTests.cs(209,17): error CS0103: The name 'Assert' does not exist in the current context
C:\gh\azure-sdk-for-net\sdk\maps\Microsoft.Azure.Management.Maps\tests\Tests\MapsAccountTests.cs(209,37): error CS0518: Predefined type 'System.String' is not defined or imported
C:\gh\azure-sdk-for-net\sdk\maps\Microsoft.Azure.Management.Maps\tests\Tests\MapsAccountTests.cs(212,17): error CS0518: Predefined type 'System.Object' is not defined or imported
C:\gh\azure-sdk-for-net\sdk\maps\Microsoft.Azure.Management.Maps\tests\Tests\MapsAccountTests.cs(212,17): error CS0103: The name 'Assert' does not exist in the current context
C:\gh\azure-sdk-for-net\sdk\maps\Microsoft.Azure.Management.Maps\tests\Tests\MapsAccountTests.cs(212,37): error CS0518: Predefined type 'System.String' is not defined or imported
C:\gh\azure-sdk-for-net\sdk\maps\Microsoft.Azure.Management.Maps\tests\Tests\MapsAccountTests.cs(219,31): error CS0518: Predefined type 'System.Object' is not defined or imported
C:\gh\azure-sdk-for-net\sdk\maps\Microsoft.Azure.Management.Maps\tests\Tests\MapsAccountTests.cs(219,80): error CS0518: Predefined type 'System.Object' is not defined or imported
C:\gh\azure-sdk-for-net\sdk\maps\Microsoft.Azure.Management.Maps\tests\Tests\MapsAccountTests.cs(219,80): error CS0103: The name 'HttpStatusCode' does not exist in the current context
C:\gh\azure-sdk-for-net\sdk\maps\Microsoft.Azure.Management.Maps\tests\Tests\MapsAccountTests.cs(221,13): error CS0518: Predefined type 'System.IDisposable' is not defined or imported
C:\gh\azure-sdk-for-net\sdk\maps\Microsoft.Azure.Management.Maps\tests\Tests\MapsAccountTests.cs(221,34): error CS0518: Predefined type 'System.Object' is not defined or imported
C:\gh\azure-sdk-for-net\sdk\maps\Microsoft.Azure.Management.Maps\tests\Tests\MapsAccountTests.cs(221,34): error CS0103: The name 'MockContext' does not exist in the current context
C:\gh\azure-sdk-for-net\sdk\maps\Microsoft.Azure.Management.Maps\tests\Tests\MapsAccountTests.cs(221,57): error CS0518: Predefined type 'System.Object' is not defined or imported
C:\gh\azure-sdk-for-net\sdk\maps\Microsoft.Azure.Management.Maps\tests\Tests\MapsAccountTests.cs(221,57): error CS1061: 'MapsServicesAccountTests' does not contain a definition for 'GetType' and no accessible extension method 'GetType' accepting a first argument of type 'MapsServicesAccountTests' could be found (are you missing a using directive or an assembly reference?)
C:\gh\azure-sdk-for-net\sdk\maps\Microsoft.Azure.Management.Maps\tests\Tests\MapsAccountTests.cs(223,39): error CS0518: Predefined type 'System.Object' is not defined or imported
C:\gh\azure-sdk-for-net\sdk\maps\Microsoft.Azure.Management.Maps\tests\Tests\MapsAccountTests.cs(223,67): error CS0518: Predefined type 'System.Object' is not defined or imported
C:\gh\azure-sdk-for-net\sdk\maps\Microsoft.Azure.Management.Maps\tests\Tests\MapsAccountTests.cs(224,44): error CS0518: Predefined type 'System.Object' is not defined or imported
C:\gh\azure-sdk-for-net\sdk\maps\Microsoft.Azure.Management.Maps\tests\Tests\MapsAccountTests.cs(224,72): error CS0518: Predefined type 'System.Object' is not defined or imported
C:\gh\azure-sdk-for-net\sdk\maps\Microsoft.Azure.Management.Maps\tests\Tests\MapsAccountTests.cs(227,30): error CS0518: Predefined type 'System.Object' is not defined or imported
C:\gh\azure-sdk-for-net\sdk\maps\Microsoft.Azure.Management.Maps\tests\Tests\MapsAccountTests.cs(227,58): error CS0518: Predefined type 'System.Object' is not defined or imported
C:\gh\azure-sdk-for-net\sdk\maps\Microsoft.Azure.Management.Maps\tests\Tests\MapsAccountTests.cs(230,35): error CS0518: Predefined type 'System.Object' is not defined or imported
C:\gh\azure-sdk-for-net\sdk\maps\Microsoft.Azure.Management.Maps\tests\Tests\MapsAccountTests.cs(230,63): error CS0518: Predefined type 'System.Object' is not defined or imported
C:\gh\azure-sdk-for-net\sdk\maps\Microsoft.Azure.Management.Maps\tests\Tests\MapsAccountTests.cs(233,28): error CS0518: Predefined type 'System.String' is not defined or imported
C:\gh\azure-sdk-for-net\sdk\maps\Microsoft.Azure.Management.Maps\tests\Tests\MapsAccountTests.cs(234,17): error CS0518: Predefined type 'System.Object' is not defined or imported
C:\gh\azure-sdk-for-net\sdk\maps\Microsoft.Azure.Management.Maps\tests\Tests\MapsAccountTests.cs(234,17): error CS0103: The name 'Assert' does not exist in the current context
C:\gh\azure-sdk-for-net\sdk\maps\Microsoft.Azure.Management.Maps\tests\Tests\MapsAccountTests.cs(235,33): error CS0518: Predefined type 'System.String' is not defined or imported
C:\gh\azure-sdk-for-net\sdk\maps\Microsoft.Azure.Management.Maps\tests\Tests\MapsAccountTests.cs(236,17): error CS0518: Predefined type 'System.Object' is not defined or imported
C:\gh\azure-sdk-for-net\sdk\maps\Microsoft.Azure.Management.Maps\tests\Tests\MapsAccountTests.cs(236,17): error CS0103: The name 'Assert' does not exist in the current context
C:\gh\azure-sdk-for-net\sdk\maps\Microsoft.Azure.Management.Maps\tests\Tests\MapsAccountTests.cs(239,103): error CS0518: Predefined type 'System.Object' is not defined or imported
C:\gh\azure-sdk-for-net\sdk\maps\Microsoft.Azure.Management.Maps\tests\Tests\MapsAccountTests.cs(239,124): error CS0518: Predefined type 'System.String' is not defined or imported
C:\gh\azure-sdk-for-net\sdk\maps\Microsoft.Azure.Management.Maps\tests\Tests\MapsAccountTests.cs(239,103): error CS0518: Predefined type 'System.Void' is not defined or imported
C:\gh\azure-sdk-for-net\sdk\maps\Microsoft.Azure.Management.Maps\tests\Tests\MapsAccountTests.cs(239,33): error CS0518: Predefined type 'System.String' is not defined or imported
C:\gh\azure-sdk-for-net\sdk\maps\Microsoft.Azure.Management.Maps\tests\Tests\MapsAccountTests.cs(240,43): error CS0518: Predefined type 'System.String' is not defined or imported
C:\gh\azure-sdk-for-net\sdk\maps\Microsoft.Azure.Management.Maps\tests\Tests\MapsAccountTests.cs(241,17): error CS0518: Predefined type 'System.Object' is not defined or imported
C:\gh\azure-sdk-for-net\sdk\maps\Microsoft.Azure.Management.Maps\tests\Tests\MapsAccountTests.cs(241,17): error CS0103: The name 'Assert' does not exist in the current context
C:\gh\azure-sdk-for-net\sdk\maps\Microsoft.Azure.Management.Maps\tests\Tests\MapsAccountTests.cs(244,17): error CS0518: Predefined type 'System.Object' is not defined or imported
C:\gh\azure-sdk-for-net\sdk\maps\Microsoft.Azure.Management.Maps\tests\Tests\MapsAccountTests.cs(244,17): error CS0103: The name 'Assert' does not exist in the current context
C:\gh\azure-sdk-for-net\sdk\maps\Microsoft.Azure.Management.Maps\tests\Tests\MapsAccountTests.cs(26,18): error CS1729: 'object' does not contain a constructor that takes 0 arguments
C:\gh\azure-sdk-for-net\sdk\maps\Microsoft.Azure.Management.Maps\tests\Properties\AssemblyInfo.cs(6,1): hidden CS8019: Unnecessary using directive.
C:\gh\azure-sdk-for-net\sdk\maps\Microsoft.Azure.Management.Maps\tests\Tests\MapsAccountTests.cs(7,1): hidden CS8019: Unnecessary using directive.
C:\gh\azure-sdk-for-net\sdk\maps\Microsoft.Azure.Management.Maps\tests\Helpers\RecordedDelegatingHandler.cs(10,5): hidden CS8019: Unnecessary using directive.
C:\gh\azure-sdk-for-net\sdk\maps\Microsoft.Azure.Management.Maps\tests\Helpers\MapsManagementTestUtilities.cs(7,5): hidden CS8019: Unnecessary using directive.
C:\gh\azure-sdk-for-net\sdk\maps\Microsoft.Azure.Management.Maps\tests\Helpers\MapsManagementTestUtilities.cs(15,5): hidden CS8019: Unnecessary using directive.
C:\gh\azure-sdk-for-net\sdk\maps\Microsoft.Azure.Management.Maps\tests\Properties\AssemblyInfo.cs(7,1): hidden CS8019: Unnecessary using directive.
C:\gh\azure-sdk-for-net\sdk\maps\Microsoft.Azure.Management.Maps\tests\Helpers\MapsManagementTestUtilities.cs(6,5): hidden CS8019: Unnecessary using directive.
C:\gh\azure-sdk-for-net\artifacts\obj\Microsoft.Azure.Management.Maps.Tests\Debug\netcoreapp2.0\Microsoft.Azure.Management.Maps.Tests.AssemblyInfo.cs(12,1): hidden CS8019: Unnecessary using directive.
C:\gh\azure-sdk-for-net\sdk\maps\Microsoft.Azure.Management.Maps\tests\Tests\MapsAccountTests.cs(18,5): hidden CS8019: Unnecessary using directive.
C:\gh\azure-sdk-for-net\sdk\maps\Microsoft.Azure.Management.Maps\tests\Helpers\MapsManagementTestUtilities.cs(8,5): hidden CS8019: Unnecessary using directive.
C:\gh\azure-sdk-for-net\sdk\maps\Microsoft.Azure.Management.Maps\tests\Helpers\MapsManagementTestUtilities.cs(14,5): hidden CS8019: Unnecessary using directive.
C:\gh\azure-sdk-for-net\sdk\maps\Microsoft.Azure.Management.Maps\tests\Tests\MapsAccountTests.cs(10,1): hidden CS8019: Unnecessary using directive.
C:\gh\azure-sdk-for-net\sdk\maps\Microsoft.Azure.Management.Maps\tests\Helpers\MapsManagementTestUtilities.cs(12,5): hidden CS8019: Unnecessary using directive.
C:\gh\azure-sdk-for-net\sdk\maps\Microsoft.Azure.Management.Maps\tests\Helpers\RecordedDelegatingHandler.cs(9,5): hidden CS8019: Unnecessary using directive.
C:\gh\azure-sdk-for-net\sdk\maps\Microsoft.Azure.Management.Maps\tests\Helpers\MapsManagementTestUtilities.cs(17,5): hidden CS8019: Unnecessary using directive.
C:\gh\azure-sdk-for-net\sdk\maps\Microsoft.Azure.Management.Maps\tests\Tests\MapsAccountTests.cs(12,1): hidden CS8019: Unnecessary using directive.
C:\gh\azure-sdk-for-net\sdk\maps\Microsoft.Azure.Management.Maps\tests\Tests\MapsAccountTests.cs(11,1): hidden CS8019: Unnecessary using directive.
C:\gh\azure-sdk-for-net\sdk\maps\Microsoft.Azure.Management.Maps\tests\Helpers\RecordedDelegatingHandler.cs(7,5): hidden CS8019: Unnecessary using directive.
C:\gh\azure-sdk-for-net\sdk\maps\Microsoft.Azure.Management.Maps\tests\Tests\MapsAccountTests.cs(8,1): hidden CS8019: Unnecessary using directive.
C:\gh\azure-sdk-for-net\sdk\maps\Microsoft.Azure.Management.Maps\tests\Properties\AssemblyInfo.cs(5,1): hidden CS8019: Unnecessary using directive.
C:\gh\azure-sdk-for-net\sdk\maps\Microsoft.Azure.Management.Maps\tests\Helpers\RecordedDelegatingHandler.cs(6,5): hidden CS8019: Unnecessary using directive.
C:\gh\azure-sdk-for-net\sdk\maps\Microsoft.Azure.Management.Maps\tests\Properties\AssemblyInfo.cs(4,1): hidden CS8019: Unnecessary using directive.
C:\gh\azure-sdk-for-net\sdk\maps\Microsoft.Azure.Management.Maps\tests\Tests\MapsAccountTests.cs(14,1): hidden CS8019: Unnecessary using directive.
C:\gh\azure-sdk-for-net\artifacts\obj\Microsoft.Azure.Management.Maps.Tests\Debug\netcoreapp2.0\.NETCoreApp,Version=v2.0.AssemblyAttributes.cs(2,1): hidden CS8019: Unnecessary using directive.
C:\gh\azure-sdk-for-net\eng\mgmt\DisableTestRunParallel.cs(5,1): hidden CS8019: Unnecessary using directive.
C:\gh\azure-sdk-for-net\sdk\maps\Microsoft.Azure.Management.Maps\tests\Helpers\MapsManagementTestUtilities.cs(13,5): hidden CS8019: Unnecessary using directive.
C:\gh\azure-sdk-for-net\eng\mgmt\DisableTestRunParallel.cs(4,1): hidden CS8019: Unnecessary using directive.
C:\gh\azure-sdk-for-net\artifacts\obj\Microsoft.Azure.Management.Maps.Tests\Debug\netcoreapp2.0\.NETCoreApp,Version=v2.0.AssemblyAttributes.cs(3,1): hidden CS8019: Unnecessary using directive.
C:\gh\azure-sdk-for-net\sdk\maps\Microsoft.Azure.Management.Maps\tests\Helpers\RecordedDelegatingHandler.cs(8,5): hidden CS8019: Unnecessary using directive.
C:\gh\azure-sdk-for-net\artifacts\obj\Microsoft.Azure.Management.Maps.Tests\Debug\netcoreapp2.0\Microsoft.Azure.Management.Maps.Tests.AssemblyInfo.cs(11,1): hidden CS8019: Unnecessary using directive.
C:\gh\azure-sdk-for-net\sdk\maps\Microsoft.Azure.Management.Maps\tests\Tests\MapsAccountTests.cs(13,1): hidden CS8019: Unnecessary using directive.
