C:\gh\azure-sdk-for-net\eng\mgmt\DisableTestRunParallel.cs(7,12): error CS0246: The type or namespace name 'CollectionBehaviorAttribute' could not be found (are you missing a using directive or an assembly reference?)
C:\gh\azure-sdk-for-net\eng\mgmt\DisableTestRunParallel.cs(7,12): error CS0246: The type or namespace name 'CollectionBehavior' could not be found (are you missing a using directive or an assembly reference?)
C:\gh\azure-sdk-for-net\eng\mgmt\DisableTestRunParallel.cs(7,31): error CS0246: The type or namespace name 'DisableTestParallelization' could not be found (are you missing a using directive or an assembly reference?)
C:\gh\azure-sdk-for-net\eng\mgmt\DisableTestRunParallel.cs(7,66): error CS0246: The type or namespace name 'MaxParallelThreads' could not be found (are you missing a using directive or an assembly reference?)
C:\gh\azure-sdk-for-net\sdk\managementgroups\Microsoft.Azure.Management.ManagementGroups\tests\ScenarioTests\ManagementGroups.ScenarioTests.cs(7,7): error CS0246: The type or namespace name 'Newtonsoft' could not be found (are you missing a using directive or an assembly reference?)
C:\gh\azure-sdk-for-net\sdk\managementgroups\Microsoft.Azure.Management.ManagementGroups\tests\ScenarioTests\ManagementGroups.ScenarioTests.cs(8,7): error CS0246: The type or namespace name 'Newtonsoft' could not be found (are you missing a using directive or an assembly reference?)
C:\gh\azure-sdk-for-net\sdk\managementgroups\Microsoft.Azure.Management.ManagementGroups\tests\ScenarioTests\ManagementGroups.ScenarioTests.cs(10,7): error CS0246: The type or namespace name 'Xunit' could not be found (are you missing a using directive or an assembly reference?)
C:\gh\azure-sdk-for-net\eng\mgmt\DisableTestRunParallel.cs(5,7): error CS0246: The type or namespace name 'Xunit' could not be found (are you missing a using directive or an assembly reference?)
C:\gh\azure-sdk-for-net\sdk\managementgroups\Microsoft.Azure.Management.ManagementGroups\tests\ScenarioTests\ManagementGroups.ScenarioTests.cs(16,10): error CS0246: The type or namespace name 'FactAttribute' could not be found (are you missing a using directive or an assembly reference?)
C:\gh\azure-sdk-for-net\sdk\managementgroups\Microsoft.Azure.Management.ManagementGroups\tests\ScenarioTests\ManagementGroups.ScenarioTests.cs(16,10): error CS0246: The type or namespace name 'Fact' could not be found (are you missing a using directive or an assembly reference?)
C:\gh\azure-sdk-for-net\sdk\managementgroups\Microsoft.Azure.Management.ManagementGroups\tests\ScenarioTests\ManagementGroups.ScenarioTests.cs(37,10): error CS0246: The type or namespace name 'FactAttribute' could not be found (are you missing a using directive or an assembly reference?)
C:\gh\azure-sdk-for-net\sdk\managementgroups\Microsoft.Azure.Management.ManagementGroups\tests\ScenarioTests\ManagementGroups.ScenarioTests.cs(37,10): error CS0246: The type or namespace name 'Fact' could not be found (are you missing a using directive or an assembly reference?)
C:\gh\azure-sdk-for-net\sdk\managementgroups\Microsoft.Azure.Management.ManagementGroups\tests\ScenarioTests\ManagementGroups.ScenarioTests.cs(61,10): error CS0246: The type or namespace name 'FactAttribute' could not be found (are you missing a using directive or an assembly reference?)
C:\gh\azure-sdk-for-net\sdk\managementgroups\Microsoft.Azure.Management.ManagementGroups\tests\ScenarioTests\ManagementGroups.ScenarioTests.cs(61,10): error CS0246: The type or namespace name 'Fact' could not be found (are you missing a using directive or an assembly reference?)
C:\gh\azure-sdk-for-net\sdk\managementgroups\Microsoft.Azure.Management.ManagementGroups\tests\ScenarioTests\ManagementGroups.ScenarioTests.cs(93,10): error CS0246: The type or namespace name 'FactAttribute' could not be found (are you missing a using directive or an assembly reference?)
C:\gh\azure-sdk-for-net\sdk\managementgroups\Microsoft.Azure.Management.ManagementGroups\tests\ScenarioTests\ManagementGroups.ScenarioTests.cs(93,10): error CS0246: The type or namespace name 'Fact' could not be found (are you missing a using directive or an assembly reference?)
C:\gh\azure-sdk-for-net\sdk\managementgroups\Microsoft.Azure.Management.ManagementGroups\tests\ScenarioTests\ManagementGroups.ScenarioTests.cs(126,10): error CS0246: The type or namespace name 'FactAttribute' could not be found (are you missing a using directive or an assembly reference?)
C:\gh\azure-sdk-for-net\sdk\managementgroups\Microsoft.Azure.Management.ManagementGroups\tests\ScenarioTests\ManagementGroups.ScenarioTests.cs(126,10): error CS0246: The type or namespace name 'Fact' could not be found (are you missing a using directive or an assembly reference?)
C:\gh\azure-sdk-for-net\sdk\managementgroups\Microsoft.Azure.Management.ManagementGroups\tests\ScenarioTests\ManagementGroups.ScenarioTests.cs(126,15): error CS0246: The type or namespace name 'Skip' could not be found (are you missing a using directive or an assembly reference?)
C:\gh\azure-sdk-for-net\sdk\managementgroups\Microsoft.Azure.Management.ManagementGroups\tests\ScenarioTests\ManagementGroups.ScenarioTests.cs(152,10): error CS0246: The type or namespace name 'FactAttribute' could not be found (are you missing a using directive or an assembly reference?)
C:\gh\azure-sdk-for-net\sdk\managementgroups\Microsoft.Azure.Management.ManagementGroups\tests\ScenarioTests\ManagementGroups.ScenarioTests.cs(152,10): error CS0246: The type or namespace name 'Fact' could not be found (are you missing a using directive or an assembly reference?)
C:\gh\azure-sdk-for-net\sdk\managementgroups\Microsoft.Azure.Management.ManagementGroups\tests\ScenarioTests\ManagementGroups.ScenarioTests.cs(188,10): error CS0246: The type or namespace name 'FactAttribute' could not be found (are you missing a using directive or an assembly reference?)
C:\gh\azure-sdk-for-net\sdk\managementgroups\Microsoft.Azure.Management.ManagementGroups\tests\ScenarioTests\ManagementGroups.ScenarioTests.cs(188,10): error CS0246: The type or namespace name 'Fact' could not be found (are you missing a using directive or an assembly reference?)
C:\gh\azure-sdk-for-net\sdk\managementgroups\Microsoft.Azure.Management.ManagementGroups\tests\ScenarioTests\ManagementGroups.ScenarioTests.cs(203,10): error CS0246: The type or namespace name 'FactAttribute' could not be found (are you missing a using directive or an assembly reference?)
C:\gh\azure-sdk-for-net\sdk\managementgroups\Microsoft.Azure.Management.ManagementGroups\tests\ScenarioTests\ManagementGroups.ScenarioTests.cs(203,10): error CS0246: The type or namespace name 'Fact' could not be found (are you missing a using directive or an assembly reference?)
C:\gh\azure-sdk-for-net\sdk\managementgroups\Microsoft.Azure.Management.ManagementGroups\tests\ScenarioTests\ManagementGroups.ScenarioTests.cs(219,10): error CS0246: The type or namespace name 'FactAttribute' could not be found (are you missing a using directive or an assembly reference?)
C:\gh\azure-sdk-for-net\sdk\managementgroups\Microsoft.Azure.Management.ManagementGroups\tests\ScenarioTests\ManagementGroups.ScenarioTests.cs(219,10): error CS0246: The type or namespace name 'Fact' could not be found (are you missing a using directive or an assembly reference?)
C:\gh\azure-sdk-for-net\sdk\managementgroups\Microsoft.Azure.Management.ManagementGroups\tests\ScenarioTests\ManagementGroups.ScenarioTests.cs(233,10): error CS0246: The type or namespace name 'FactAttribute' could not be found (are you missing a using directive or an assembly reference?)
C:\gh\azure-sdk-for-net\sdk\managementgroups\Microsoft.Azure.Management.ManagementGroups\tests\ScenarioTests\ManagementGroups.ScenarioTests.cs(233,10): error CS0246: The type or namespace name 'Fact' could not be found (are you missing a using directive or an assembly reference?)
C:\gh\azure-sdk-for-net\sdk\managementgroups\Microsoft.Azure.Management.ManagementGroups\tests\ScenarioTests\ManagementGroups.ScenarioTests.cs(250,10): error CS0246: The type or namespace name 'FactAttribute' could not be found (are you missing a using directive or an assembly reference?)
C:\gh\azure-sdk-for-net\sdk\managementgroups\Microsoft.Azure.Management.ManagementGroups\tests\ScenarioTests\ManagementGroups.ScenarioTests.cs(250,10): error CS0246: The type or namespace name 'Fact' could not be found (are you missing a using directive or an assembly reference?)
C:\gh\azure-sdk-for-net\sdk\managementgroups\Microsoft.Azure.Management.ManagementGroups\tests\ScenarioTests\ManagementGroups.ScenarioTests.cs(267,10): error CS0246: The type or namespace name 'FactAttribute' could not be found (are you missing a using directive or an assembly reference?)
C:\gh\azure-sdk-for-net\sdk\managementgroups\Microsoft.Azure.Management.ManagementGroups\tests\ScenarioTests\ManagementGroups.ScenarioTests.cs(267,10): error CS0246: The type or namespace name 'Fact' could not be found (are you missing a using directive or an assembly reference?)
C:\gh\azure-sdk-for-net\sdk\managementgroups\Microsoft.Azure.Management.ManagementGroups\tests\ScenarioTests\ManagementGroups.ScenarioTests.cs(282,10): error CS0246: The type or namespace name 'FactAttribute' could not be found (are you missing a using directive or an assembly reference?)
C:\gh\azure-sdk-for-net\sdk\managementgroups\Microsoft.Azure.Management.ManagementGroups\tests\ScenarioTests\ManagementGroups.ScenarioTests.cs(282,10): error CS0246: The type or namespace name 'Fact' could not be found (are you missing a using directive or an assembly reference?)
C:\gh\azure-sdk-for-net\sdk\managementgroups\Microsoft.Azure.Management.ManagementGroups\tests\ScenarioTests\ManagementGroups.ScenarioTests.cs(24,40): error CS0012: The type 'IPage<>' is defined in an assembly that is not referenced. You must add a reference to assembly 'Microsoft.Rest.ClientRuntime.Azure, Version=3.0.0.0, Culture=neutral, PublicKeyToken=31bf3856ad364e35'.
C:\gh\azure-sdk-for-net\sdk\managementgroups\Microsoft.Azure.Management.ManagementGroups\tests\ScenarioTests\ManagementGroups.ScenarioTests.cs(26,17): error CS0103: The name 'Assert' does not exist in the current context
C:\gh\azure-sdk-for-net\sdk\managementgroups\Microsoft.Azure.Management.ManagementGroups\tests\ScenarioTests\ManagementGroups.ScenarioTests.cs(27,17): error CS0103: The name 'Assert' does not exist in the current context
C:\gh\azure-sdk-for-net\sdk\managementgroups\Microsoft.Azure.Management.ManagementGroups\tests\ScenarioTests\ManagementGroups.ScenarioTests.cs(29,17): error CS0103: The name 'Assert' does not exist in the current context
C:\gh\azure-sdk-for-net\sdk\managementgroups\Microsoft.Azure.Management.ManagementGroups\tests\ScenarioTests\ManagementGroups.ScenarioTests.cs(30,17): error CS0103: The name 'Assert' does not exist in the current context
C:\gh\azure-sdk-for-net\sdk\managementgroups\Microsoft.Azure.Management.ManagementGroups\tests\ScenarioTests\ManagementGroups.ScenarioTests.cs(31,17): error CS0103: The name 'Assert' does not exist in the current context
C:\gh\azure-sdk-for-net\sdk\managementgroups\Microsoft.Azure.Management.ManagementGroups\tests\ScenarioTests\ManagementGroups.ScenarioTests.cs(32,17): error CS0103: The name 'Assert' does not exist in the current context
C:\gh\azure-sdk-for-net\sdk\managementgroups\Microsoft.Azure.Management.ManagementGroups\tests\ScenarioTests\ManagementGroups.ScenarioTests.cs(33,17): error CS0103: The name 'Assert' does not exist in the current context
C:\gh\azure-sdk-for-net\sdk\managementgroups\Microsoft.Azure.Management.ManagementGroups\tests\ScenarioTests\ManagementGroups.ScenarioTests.cs(49,17): error CS0103: The name 'Assert' does not exist in the current context
C:\gh\azure-sdk-for-net\sdk\managementgroups\Microsoft.Azure.Management.ManagementGroups\tests\ScenarioTests\ManagementGroups.ScenarioTests.cs(50,17): error CS0103: The name 'Assert' does not exist in the current context
C:\gh\azure-sdk-for-net\sdk\managementgroups\Microsoft.Azure.Management.ManagementGroups\tests\ScenarioTests\ManagementGroups.ScenarioTests.cs(51,17): error CS0103: The name 'Assert' does not exist in the current context
C:\gh\azure-sdk-for-net\sdk\managementgroups\Microsoft.Azure.Management.ManagementGroups\tests\ScenarioTests\ManagementGroups.ScenarioTests.cs(52,17): error CS0103: The name 'Assert' does not exist in the current context
C:\gh\azure-sdk-for-net\sdk\managementgroups\Microsoft.Azure.Management.ManagementGroups\tests\ScenarioTests\ManagementGroups.ScenarioTests.cs(53,17): error CS0103: The name 'Assert' does not exist in the current context
C:\gh\azure-sdk-for-net\sdk\managementgroups\Microsoft.Azure.Management.ManagementGroups\tests\ScenarioTests\ManagementGroups.ScenarioTests.cs(55,17): error CS0103: The name 'Assert' does not exist in the current context
C:\gh\azure-sdk-for-net\sdk\managementgroups\Microsoft.Azure.Management.ManagementGroups\tests\ScenarioTests\ManagementGroups.ScenarioTests.cs(56,17): error CS0103: The name 'Assert' does not exist in the current context
C:\gh\azure-sdk-for-net\sdk\managementgroups\Microsoft.Azure.Management.ManagementGroups\tests\ScenarioTests\ManagementGroups.ScenarioTests.cs(57,17): error CS0103: The name 'Assert' does not exist in the current context
C:\gh\azure-sdk-for-net\sdk\managementgroups\Microsoft.Azure.Management.ManagementGroups\tests\ScenarioTests\ManagementGroups.ScenarioTests.cs(73,17): error CS0103: The name 'Assert' does not exist in the current context
C:\gh\azure-sdk-for-net\sdk\managementgroups\Microsoft.Azure.Management.ManagementGroups\tests\ScenarioTests\ManagementGroups.ScenarioTests.cs(74,17): error CS0103: The name 'Assert' does not exist in the current context
C:\gh\azure-sdk-for-net\sdk\managementgroups\Microsoft.Azure.Management.ManagementGroups\tests\ScenarioTests\ManagementGroups.ScenarioTests.cs(75,17): error CS0103: The name 'Assert' does not exist in the current context
C:\gh\azure-sdk-for-net\sdk\managementgroups\Microsoft.Azure.Management.ManagementGroups\tests\ScenarioTests\ManagementGroups.ScenarioTests.cs(76,17): error CS0103: The name 'Assert' does not exist in the current context
C:\gh\azure-sdk-for-net\sdk\managementgroups\Microsoft.Azure.Management.ManagementGroups\tests\ScenarioTests\ManagementGroups.ScenarioTests.cs(77,17): error CS0103: The name 'Assert' does not exist in the current context
C:\gh\azure-sdk-for-net\sdk\managementgroups\Microsoft.Azure.Management.ManagementGroups\tests\ScenarioTests\ManagementGroups.ScenarioTests.cs(79,17): error CS0103: The name 'Assert' does not exist in the current context
C:\gh\azure-sdk-for-net\sdk\managementgroups\Microsoft.Azure.Management.ManagementGroups\tests\ScenarioTests\ManagementGroups.ScenarioTests.cs(80,17): error CS0103: The name 'Assert' does not exist in the current context
C:\gh\azure-sdk-for-net\sdk\managementgroups\Microsoft.Azure.Management.ManagementGroups\tests\ScenarioTests\ManagementGroups.ScenarioTests.cs(81,17): error CS0103: The name 'Assert' does not exist in the current context
C:\gh\azure-sdk-for-net\sdk\managementgroups\Microsoft.Azure.Management.ManagementGroups\tests\ScenarioTests\ManagementGroups.ScenarioTests.cs(83,17): error CS0103: The name 'Assert' does not exist in the current context
C:\gh\azure-sdk-for-net\sdk\managementgroups\Microsoft.Azure.Management.ManagementGroups\tests\ScenarioTests\ManagementGroups.ScenarioTests.cs(84,17): error CS0103: The name 'Assert' does not exist in the current context
C:\gh\azure-sdk-for-net\sdk\managementgroups\Microsoft.Azure.Management.ManagementGroups\tests\ScenarioTests\ManagementGroups.ScenarioTests.cs(86,17): error CS0103: The name 'Assert' does not exist in the current context
C:\gh\azure-sdk-for-net\sdk\managementgroups\Microsoft.Azure.Management.ManagementGroups\tests\ScenarioTests\ManagementGroups.ScenarioTests.cs(87,17): error CS0103: The name 'Assert' does not exist in the current context
C:\gh\azure-sdk-for-net\sdk\managementgroups\Microsoft.Azure.Management.ManagementGroups\tests\ScenarioTests\ManagementGroups.ScenarioTests.cs(88,17): error CS0103: The name 'Assert' does not exist in the current context
C:\gh\azure-sdk-for-net\sdk\managementgroups\Microsoft.Azure.Management.ManagementGroups\tests\ScenarioTests\ManagementGroups.ScenarioTests.cs(89,17): error CS0103: The name 'Assert' does not exist in the current context
C:\gh\azure-sdk-for-net\sdk\managementgroups\Microsoft.Azure.Management.ManagementGroups\tests\ScenarioTests\ManagementGroups.ScenarioTests.cs(105,17): error CS0103: The name 'Assert' does not exist in the current context
C:\gh\azure-sdk-for-net\sdk\managementgroups\Microsoft.Azure.Management.ManagementGroups\tests\ScenarioTests\ManagementGroups.ScenarioTests.cs(106,17): error CS0103: The name 'Assert' does not exist in the current context
C:\gh\azure-sdk-for-net\sdk\managementgroups\Microsoft.Azure.Management.ManagementGroups\tests\ScenarioTests\ManagementGroups.ScenarioTests.cs(107,17): error CS0103: The name 'Assert' does not exist in the current context
C:\gh\azure-sdk-for-net\sdk\managementgroups\Microsoft.Azure.Management.ManagementGroups\tests\ScenarioTests\ManagementGroups.ScenarioTests.cs(108,17): error CS0103: The name 'Assert' does not exist in the current context
C:\gh\azure-sdk-for-net\sdk\managementgroups\Microsoft.Azure.Management.ManagementGroups\tests\ScenarioTests\ManagementGroups.ScenarioTests.cs(109,17): error CS0103: The name 'Assert' does not exist in the current context
C:\gh\azure-sdk-for-net\sdk\managementgroups\Microsoft.Azure.Management.ManagementGroups\tests\ScenarioTests\ManagementGroups.ScenarioTests.cs(111,17): error CS0103: The name 'Assert' does not exist in the current context
C:\gh\azure-sdk-for-net\sdk\managementgroups\Microsoft.Azure.Management.ManagementGroups\tests\ScenarioTests\ManagementGroups.ScenarioTests.cs(112,17): error CS0103: The name 'Assert' does not exist in the current context
C:\gh\azure-sdk-for-net\sdk\managementgroups\Microsoft.Azure.Management.ManagementGroups\tests\ScenarioTests\ManagementGroups.ScenarioTests.cs(114,17): error CS0103: The name 'Assert' does not exist in the current context
C:\gh\azure-sdk-for-net\sdk\managementgroups\Microsoft.Azure.Management.ManagementGroups\tests\ScenarioTests\ManagementGroups.ScenarioTests.cs(115,17): error CS0103: The name 'Assert' does not exist in the current context
C:\gh\azure-sdk-for-net\sdk\managementgroups\Microsoft.Azure.Management.ManagementGroups\tests\ScenarioTests\ManagementGroups.ScenarioTests.cs(116,17): error CS0103: The name 'Assert' does not exist in the current context
C:\gh\azure-sdk-for-net\sdk\managementgroups\Microsoft.Azure.Management.ManagementGroups\tests\ScenarioTests\ManagementGroups.ScenarioTests.cs(117,17): error CS0103: The name 'Assert' does not exist in the current context
C:\gh\azure-sdk-for-net\sdk\managementgroups\Microsoft.Azure.Management.ManagementGroups\tests\ScenarioTests\ManagementGroups.ScenarioTests.cs(119,17): error CS0103: The name 'Assert' does not exist in the current context
C:\gh\azure-sdk-for-net\sdk\managementgroups\Microsoft.Azure.Management.ManagementGroups\tests\ScenarioTests\ManagementGroups.ScenarioTests.cs(120,17): error CS0103: The name 'Assert' does not exist in the current context
C:\gh\azure-sdk-for-net\sdk\managementgroups\Microsoft.Azure.Management.ManagementGroups\tests\ScenarioTests\ManagementGroups.ScenarioTests.cs(121,17): error CS0103: The name 'Assert' does not exist in the current context
C:\gh\azure-sdk-for-net\sdk\managementgroups\Microsoft.Azure.Management.ManagementGroups\tests\ScenarioTests\ManagementGroups.ScenarioTests.cs(122,17): error CS0103: The name 'Assert' does not exist in the current context
C:\gh\azure-sdk-for-net\sdk\managementgroups\Microsoft.Azure.Management.ManagementGroups\tests\ScenarioTests\ManagementGroups.ScenarioTests.cs(136,32): error CS0012: The type 'IPage<>' is defined in an assembly that is not referenced. You must add a reference to assembly 'Microsoft.Rest.ClientRuntime.Azure, Version=3.0.0.0, Culture=neutral, PublicKeyToken=31bf3856ad364e35'.
C:\gh\azure-sdk-for-net\sdk\managementgroups\Microsoft.Azure.Management.ManagementGroups\tests\ScenarioTests\ManagementGroups.ScenarioTests.cs(138,17): error CS0103: The name 'Assert' does not exist in the current context
C:\gh\azure-sdk-for-net\sdk\managementgroups\Microsoft.Azure.Management.ManagementGroups\tests\ScenarioTests\ManagementGroups.ScenarioTests.cs(139,17): error CS0103: The name 'Assert' does not exist in the current context
C:\gh\azure-sdk-for-net\sdk\managementgroups\Microsoft.Azure.Management.ManagementGroups\tests\ScenarioTests\ManagementGroups.ScenarioTests.cs(140,17): error CS0103: The name 'Assert' does not exist in the current context
C:\gh\azure-sdk-for-net\sdk\managementgroups\Microsoft.Azure.Management.ManagementGroups\tests\ScenarioTests\ManagementGroups.ScenarioTests.cs(141,17): error CS0103: The name 'Assert' does not exist in the current context
C:\gh\azure-sdk-for-net\sdk\managementgroups\Microsoft.Azure.Management.ManagementGroups\tests\ScenarioTests\ManagementGroups.ScenarioTests.cs(142,17): error CS0103: The name 'Assert' does not exist in the current context
C:\gh\azure-sdk-for-net\sdk\managementgroups\Microsoft.Azure.Management.ManagementGroups\tests\ScenarioTests\ManagementGroups.ScenarioTests.cs(144,17): error CS0103: The name 'Assert' does not exist in the current context
C:\gh\azure-sdk-for-net\sdk\managementgroups\Microsoft.Azure.Management.ManagementGroups\tests\ScenarioTests\ManagementGroups.ScenarioTests.cs(145,17): error CS0103: The name 'Assert' does not exist in the current context
C:\gh\azure-sdk-for-net\sdk\managementgroups\Microsoft.Azure.Management.ManagementGroups\tests\ScenarioTests\ManagementGroups.ScenarioTests.cs(146,17): error CS0103: The name 'Assert' does not exist in the current context
C:\gh\azure-sdk-for-net\sdk\managementgroups\Microsoft.Azure.Management.ManagementGroups\tests\ScenarioTests\ManagementGroups.ScenarioTests.cs(147,17): error CS0103: The name 'Assert' does not exist in the current context
C:\gh\azure-sdk-for-net\sdk\managementgroups\Microsoft.Azure.Management.ManagementGroups\tests\ScenarioTests\ManagementGroups.ScenarioTests.cs(148,17): error CS0103: The name 'Assert' does not exist in the current context
C:\gh\azure-sdk-for-net\sdk\managementgroups\Microsoft.Azure.Management.ManagementGroups\tests\ScenarioTests\ManagementGroups.ScenarioTests.cs(162,41): error CS0246: The type or namespace name 'JObject' could not be found (are you missing a using directive or an assembly reference?)
C:\gh\azure-sdk-for-net\sdk\managementgroups\Microsoft.Azure.Management.ManagementGroups\tests\ScenarioTests\ManagementGroups.ScenarioTests.cs(174,82): error CS0103: The name 'JsonSerializer' does not exist in the current context
C:\gh\azure-sdk-for-net\sdk\managementgroups\Microsoft.Azure.Management.ManagementGroups\tests\ScenarioTests\ManagementGroups.ScenarioTests.cs(174,127): error CS0012: The type 'JsonSerializerSettings' is defined in an assembly that is not referenced. You must add a reference to assembly 'Newtonsoft.Json, Version=10.0.0.0, Culture=neutral, PublicKeyToken=30ad4fe6b2a6aeed'.
C:\gh\azure-sdk-for-net\sdk\managementgroups\Microsoft.Azure.Management.ManagementGroups\tests\ScenarioTests\ManagementGroups.ScenarioTests.cs(176,17): error CS0103: The name 'Assert' does not exist in the current context
C:\gh\azure-sdk-for-net\sdk\managementgroups\Microsoft.Azure.Management.ManagementGroups\tests\ScenarioTests\ManagementGroups.ScenarioTests.cs(177,17): error CS0103: The name 'Assert' does not exist in the current context
C:\gh\azure-sdk-for-net\sdk\managementgroups\Microsoft.Azure.Management.ManagementGroups\tests\ScenarioTests\ManagementGroups.ScenarioTests.cs(178,17): error CS0103: The name 'Assert' does not exist in the current context
C:\gh\azure-sdk-for-net\sdk\managementgroups\Microsoft.Azure.Management.ManagementGroups\tests\ScenarioTests\ManagementGroups.ScenarioTests.cs(179,17): error CS0103: The name 'Assert' does not exist in the current context
C:\gh\azure-sdk-for-net\sdk\managementgroups\Microsoft.Azure.Management.ManagementGroups\tests\ScenarioTests\ManagementGroups.ScenarioTests.cs(180,17): error CS0103: The name 'Assert' does not exist in the current context
C:\gh\azure-sdk-for-net\sdk\managementgroups\Microsoft.Azure.Management.ManagementGroups\tests\ScenarioTests\ManagementGroups.ScenarioTests.cs(182,17): error CS0103: The name 'Assert' does not exist in the current context
C:\gh\azure-sdk-for-net\sdk\managementgroups\Microsoft.Azure.Management.ManagementGroups\tests\ScenarioTests\ManagementGroups.ScenarioTests.cs(183,17): error CS0103: The name 'Assert' does not exist in the current context
C:\gh\azure-sdk-for-net\sdk\managementgroups\Microsoft.Azure.Management.ManagementGroups\tests\ScenarioTests\ManagementGroups.ScenarioTests.cs(184,17): error CS0103: The name 'Assert' does not exist in the current context
C:\gh\azure-sdk-for-net\sdk\managementgroups\Microsoft.Azure.Management.ManagementGroups\tests\ScenarioTests\ManagementGroups.ScenarioTests.cs(244,44): error CS0012: The type 'ServiceClient<>' is defined in an assembly that is not referenced. You must add a reference to assembly 'Microsoft.Rest.ClientRuntime, Version=2.0.0.0, Culture=neutral, PublicKeyToken=31bf3856ad364e35'.
C:\gh\azure-sdk-for-net\sdk\managementgroups\Microsoft.Azure.Management.ManagementGroups\tests\ScenarioTests\ManagementGroups.ScenarioTests.cs(244,21): error CS0012: The type 'ServiceClient<>' is defined in an assembly that is not referenced. You must add a reference to assembly 'Microsoft.Rest.ClientRuntime, Version=2.0.0.0, Culture=neutral, PublicKeyToken=31bf3856ad364e35'.
C:\gh\azure-sdk-for-net\sdk\managementgroups\Microsoft.Azure.Management.ManagementGroups\tests\ScenarioTests\ManagementGroups.ScenarioTests.cs(244,21): error CS0012: The type 'IAzureClient' is defined in an assembly that is not referenced. You must add a reference to assembly 'Microsoft.Rest.ClientRuntime.Azure, Version=3.0.0.0, Culture=neutral, PublicKeyToken=31bf3856ad364e35'.
C:\gh\azure-sdk-for-net\sdk\managementgroups\Microsoft.Azure.Management.ManagementGroups\tests\ScenarioTests\ManagementGroups.ScenarioTests.cs(246,17): error CS0103: The name 'Assert' does not exist in the current context
C:\gh\azure-sdk-for-net\sdk\managementgroups\Microsoft.Azure.Management.ManagementGroups\tests\ScenarioTests\ManagementGroups.ScenarioTests.cs(261,44): error CS0012: The type 'ServiceClient<>' is defined in an assembly that is not referenced. You must add a reference to assembly 'Microsoft.Rest.ClientRuntime, Version=2.0.0.0, Culture=neutral, PublicKeyToken=31bf3856ad364e35'.
C:\gh\azure-sdk-for-net\sdk\managementgroups\Microsoft.Azure.Management.ManagementGroups\tests\ScenarioTests\ManagementGroups.ScenarioTests.cs(261,21): error CS0012: The type 'ServiceClient<>' is defined in an assembly that is not referenced. You must add a reference to assembly 'Microsoft.Rest.ClientRuntime, Version=2.0.0.0, Culture=neutral, PublicKeyToken=31bf3856ad364e35'.
C:\gh\azure-sdk-for-net\sdk\managementgroups\Microsoft.Azure.Management.ManagementGroups\tests\ScenarioTests\ManagementGroups.ScenarioTests.cs(261,21): error CS0012: The type 'IAzureClient' is defined in an assembly that is not referenced. You must add a reference to assembly 'Microsoft.Rest.ClientRuntime.Azure, Version=3.0.0.0, Culture=neutral, PublicKeyToken=31bf3856ad364e35'.
C:\gh\azure-sdk-for-net\sdk\managementgroups\Microsoft.Azure.Management.ManagementGroups\tests\ScenarioTests\ManagementGroups.ScenarioTests.cs(263,17): error CS0103: The name 'Assert' does not exist in the current context
C:\gh\azure-sdk-for-net\sdk\managementgroups\Microsoft.Azure.Management.ManagementGroups\tests\ScenarioTests\ManagementGroups.ScenarioTests.cs(276,44): error CS0012: The type 'ServiceClient<>' is defined in an assembly that is not referenced. You must add a reference to assembly 'Microsoft.Rest.ClientRuntime, Version=2.0.0.0, Culture=neutral, PublicKeyToken=31bf3856ad364e35'.
C:\gh\azure-sdk-for-net\sdk\managementgroups\Microsoft.Azure.Management.ManagementGroups\tests\ScenarioTests\ManagementGroups.ScenarioTests.cs(276,21): error CS0012: The type 'ServiceClient<>' is defined in an assembly that is not referenced. You must add a reference to assembly 'Microsoft.Rest.ClientRuntime, Version=2.0.0.0, Culture=neutral, PublicKeyToken=31bf3856ad364e35'.
C:\gh\azure-sdk-for-net\sdk\managementgroups\Microsoft.Azure.Management.ManagementGroups\tests\ScenarioTests\ManagementGroups.ScenarioTests.cs(276,21): error CS0012: The type 'IAzureClient' is defined in an assembly that is not referenced. You must add a reference to assembly 'Microsoft.Rest.ClientRuntime.Azure, Version=3.0.0.0, Culture=neutral, PublicKeyToken=31bf3856ad364e35'.
C:\gh\azure-sdk-for-net\sdk\managementgroups\Microsoft.Azure.Management.ManagementGroups\tests\ScenarioTests\ManagementGroups.ScenarioTests.cs(278,17): error CS0103: The name 'Assert' does not exist in the current context
C:\gh\azure-sdk-for-net\sdk\managementgroups\Microsoft.Azure.Management.ManagementGroups\tests\ScenarioTests\ManagementGroups.ScenarioTests.cs(291,44): error CS0012: The type 'ServiceClient<>' is defined in an assembly that is not referenced. You must add a reference to assembly 'Microsoft.Rest.ClientRuntime, Version=2.0.0.0, Culture=neutral, PublicKeyToken=31bf3856ad364e35'.
C:\gh\azure-sdk-for-net\sdk\managementgroups\Microsoft.Azure.Management.ManagementGroups\tests\ScenarioTests\ManagementGroups.ScenarioTests.cs(291,21): error CS0012: The type 'ServiceClient<>' is defined in an assembly that is not referenced. You must add a reference to assembly 'Microsoft.Rest.ClientRuntime, Version=2.0.0.0, Culture=neutral, PublicKeyToken=31bf3856ad364e35'.
C:\gh\azure-sdk-for-net\sdk\managementgroups\Microsoft.Azure.Management.ManagementGroups\tests\ScenarioTests\ManagementGroups.ScenarioTests.cs(291,21): error CS0012: The type 'IAzureClient' is defined in an assembly that is not referenced. You must add a reference to assembly 'Microsoft.Rest.ClientRuntime.Azure, Version=3.0.0.0, Culture=neutral, PublicKeyToken=31bf3856ad364e35'.
C:\gh\azure-sdk-for-net\sdk\managementgroups\Microsoft.Azure.Management.ManagementGroups\tests\ScenarioTests\ManagementGroups.ScenarioTests.cs(293,17): error CS0103: The name 'Assert' does not exist in the current context
C:\gh\azure-sdk-for-net\artifacts\obj\Microsoft.Azure.Management.ManagementGroups.Tests\Debug\netcoreapp3.1\.NETCoreApp,Version=v3.1.AssemblyAttributes.cs(2,1): hidden CS8019: Unnecessary using directive.
C:\gh\azure-sdk-for-net\artifacts\obj\Microsoft.Azure.Management.ManagementGroups.Tests\Debug\netcoreapp3.1\Microsoft.Azure.Management.ManagementGroups.Tests.AssemblyInfo.cs(12,1): hidden CS8019: Unnecessary using directive.
C:\gh\azure-sdk-for-net\sdk\managementgroups\Microsoft.Azure.Management.ManagementGroups\tests\ScenarioTests\ManagementGroups.ScenarioTests.cs(10,1): hidden CS8019: Unnecessary using directive.
C:\gh\azure-sdk-for-net\sdk\managementgroups\Microsoft.Azure.Management.ManagementGroups\tests\ScenarioTests\ManagementGroups.ScenarioTests.cs(7,1): hidden CS8019: Unnecessary using directive.
C:\gh\azure-sdk-for-net\artifacts\obj\Microsoft.Azure.Management.ManagementGroups.Tests\Debug\netcoreapp3.1\.NETCoreApp,Version=v3.1.AssemblyAttributes.cs(3,1): hidden CS8019: Unnecessary using directive.
C:\gh\azure-sdk-for-net\eng\mgmt\DisableTestRunParallel.cs(4,1): hidden CS8019: Unnecessary using directive.
C:\gh\azure-sdk-for-net\eng\mgmt\DisableTestRunParallel.cs(5,1): hidden CS8019: Unnecessary using directive.
C:\gh\azure-sdk-for-net\sdk\managementgroups\Microsoft.Azure.Management.ManagementGroups\tests\ScenarioTests\ManagementGroups.ScenarioTests.cs(2,1): hidden CS8019: Unnecessary using directive.
C:\gh\azure-sdk-for-net\artifacts\obj\Microsoft.Azure.Management.ManagementGroups.Tests\Debug\netcoreapp3.1\Microsoft.Azure.Management.ManagementGroups.Tests.AssemblyInfo.cs(11,1): hidden CS8019: Unnecessary using directive.
C:\gh\azure-sdk-for-net\sdk\managementgroups\Microsoft.Azure.Management.ManagementGroups\tests\ScenarioTests\ManagementGroups.ScenarioTests.cs(8,1): hidden CS8019: Unnecessary using directive.
